"An instance of Program Data Updater (PDU) ran with the following information: StartTime: ?2014?-?07?-?19T07:30:28.689049800Z, StopTime: ?2014?-?07?-?19T07:31:57.281605400Z, ExitCode: 521, Number of new programs: 1, Number of removed programs: 1, Number of updated programs: 0, Number of installed programs: 37, Number of new orphan files: 70, Number of new add-ons: 0, Number of removed add-ons: 0, Number of updated add-ons: 1, Number of installed add-ons: 75, Number of new installations: 0","800","0",,"4","0","0","576460752303423488","335","Microsoft-Windows-Application-Experience","eef54e71-0661-422d-9a98-82fd4940b820","Microsoft-Windows-Application-Experience/Program-Inventory","680","1212","rjaf-PC4429","S-1-5-18","7/19/2014 12:31:57 AM",,,"c:\users\mac_1\desktop\winevt\logs\microsoft-windows-application-experience%4program-inventory.evtx","System.UInt32[]","System.Diagnostics.Eventing.Reader.EventBookmark","Information","Info",,"System.Collections.ObjectModel.ReadOnlyCollection`1[System.String]","System.Collections.Generic.List`1[System.Diagnostics.Eventing.Reader.EventProperty]"
,"907","0",,"4","0","0","576460752303423488","334","Microsoft-Windows-Application-Experience","eef54e71-0661-422d-9a98-82fd4940b820","Microsoft-Windows-Application-Experience/Program-Inventory","680","1212","rjaf-PC4429","S-1-5-18","7/19/2014 12:31:36 AM",,,"c:\users\mac_1\desktop\winevt\logs\microsoft-windows-application-experience%4program-inventory.evtx","System.UInt32[]","System.Diagnostics.Eventing.Reader.EventBookmark","Information","Info",,"System.Collections.ObjectModel.ReadOnlyCollection`1[System.String]","System.Collections.Generic.List`1[System.Diagnostics.Eventing.Reader.EventProperty]"
,"903","0",,"4","0","0","576460752303423488","333","Microsoft-Windows-Application-Experience","eef54e71-0661-422d-9a98-82fd4940b820","Microsoft-Windows-Application-Experience/Program-Inventory","680","1212","rjaf-PC4429","S-1-5-18","7/19/2014 12:31:36 AM",,,"c:\users\mac_1\desktop\winevt\logs\microsoft-windows-application-experience%4program-inventory.evtx","System.UInt32[]","System.Diagnostics.Eventing.Reader.EventBookmark","Information","Info",,"System.Collections.ObjectModel.ReadOnlyCollection`1[System.String]","System.Collections.Generic.List`1[System.Diagnostics.Eventing.Reader.EventProperty]"
,"901","0",,"4","0","0","576460752303423488","332","Microsoft-Windows-Application-Experience","eef54e71-0661-422d-9a98-82fd4940b820","Microsoft-Windows-Application-Experience/Program-Inventory","680","1212","rjaf-PC4429","S-1-5-18","7/19/2014 12:31:36 AM",,,"c:\users\mac_1\desktop\winevt\logs\microsoft-windows-application-experience%4program-inventory.evtx","System.UInt32[]","System.Diagnostics.Eventing.Reader.EventBookmark","Information","Info",,"System.Collections.ObjectModel.ReadOnlyCollection`1[System.String]","System.Collections.Generic.List`1[System.Diagnostics.Eventing.Reader.EventProperty]"
"An instance of Program Data Updater (PDU) ran with the following information: StartTime: ?2014?-?07?-?19T07:15:55.727116500Z, StopTime: ?2014?-?07?-?19T07:16:03.901530900Z, ExitCode: 521, Number of new programs: 0, Number of removed programs: 0, Number of updated programs: 0, Number of installed programs: 0, Number of new orphan files: 0, Number of new add-ons: 0, Number of removed add-ons: 0, Number of updated add-ons: 0, Number of installed add-ons: 0, Number of new installations: 0","800","0",,"4","0","0","576460752303423488","331","Microsoft-Windows-Application-Experience","eef54e71-0661-422d-9a98-82fd4940b820","Microsoft-Windows-Application-Experience/Program-Inventory","3412","2472","rjaf-PC4429","S-1-5-18","7/19/2014 12:16:03 AM",,,"c:\users\mac_1\desktop\winevt\logs\microsoft-windows-application-experience%4program-inventory.evtx","System.UInt32[]","System.Diagnostics.Eventing.Reader.EventBookmark","Information","Info",,"System.Collections.ObjectModel.ReadOnlyCollection`1[System.String]","System.Collections.Generic.List`1[System.Diagnostics.Eventing.Reader.EventProperty]"
"An instance of Program Data Updater (PDU) ran with the following information: StartTime: ?2014?-?07?-?14T23:39:21.085129600Z, StopTime: ?2014?-?07?-?14T23:40:28.898448700Z, ExitCode: 228, Number of new programs: 0, Number of removed programs: 0, Number of updated programs: 0, Number of installed programs: 37, Number of new orphan files: 0, Number of new add-ons: 0, Number of removed add-ons: 0, Number of updated add-ons: 0, Number of installed add-ons: 75, Number of new installations: 0","800","0",,"4","0","0","576460752303423488","330","Microsoft-Windows-Application-Experience","eef54e71-0661-422d-9a98-82fd4940b820","Microsoft-Windows-Application-Experience/Program-Inventory","3788","3784","rjaf-PC4429","S-1-5-18","7/14/2014 4:40:28 PM",,,"c:\users\mac_1\desktop\winevt\logs\microsoft-windows-application-experience%4program-inventory.evtx","System.UInt32[]","System.Diagnostics.Eventing.Reader.EventBookmark","Information","Info",,"System.Collections.ObjectModel.ReadOnlyCollection`1[System.String]","System.Collections.Generic.List`1[System.Diagnostics.Eventing.Reader.EventProperty]"
"An instance of Program Data Updater (PDU) ran with the following information: StartTime: ?2014?-?07?-?13T22:35:34.663860300Z, StopTime: ?2014?-?07?-?13T22:36:17.938336300Z, ExitCode: 228, Number of new programs: 0, Number of removed programs: 0, Number of updated programs: 0, Number of installed programs: 37, Number of new orphan files: 0, Number of new add-ons: 0, Number of removed add-ons: 0, Number of updated add-ons: 0, Number of installed add-ons: 75, Number of new installations: 0","800","0",,"4","0","0","576460752303423488","329","Microsoft-Windows-Application-Experience","eef54e71-0661-422d-9a98-82fd4940b820","Microsoft-Windows-Application-Experience/Program-Inventory","3592","3164","rjaf-PC4429","S-1-5-18","7/13/2014 3:36:17 PM",,,"c:\users\mac_1\desktop\winevt\logs\microsoft-windows-application-experience%4program-inventory.evtx","System.UInt32[]","System.Diagnostics.Eventing.Reader.EventBookmark","Information","Info",,"System.Collections.ObjectModel.ReadOnlyCollection`1[System.String]","System.Collections.Generic.List`1[System.Diagnostics.Eventing.Reader.EventProperty]"
"An instance of Program Data Updater (PDU) ran with the following information: StartTime: ?2014?-?07?-?09T06:51:07.710660400Z, StopTime: ?2014?-?07?-?09T06:52:22.840392400Z, ExitCode: 228, Number of new programs: 0, Number of removed programs: 0, Number of updated programs: 0, Number of installed programs: 37, Number of new orphan files: 0, Number of new add-ons: 0, Number of removed add-ons: 0, Number of updated add-ons: 0, Number of installed add-ons: 75, Number of new installations: 0","800","0",,"4","0","0","576460752303423488","328","Microsoft-Windows-Application-Experience","eef54e71-0661-422d-9a98-82fd4940b820","Microsoft-Windows-Application-Experience/Program-Inventory","4068","1936","rjaf-PC4429","S-1-5-18","7/8/2014 11:52:22 PM",,,"c:\users\mac_1\desktop\winevt\logs\microsoft-windows-application-experience%4program-inventory.evtx","System.UInt32[]","System.Diagnostics.Eventing.Reader.EventBookmark","Information","Info",,"System.Collections.ObjectModel.ReadOnlyCollection`1[System.String]","System.Collections.Generic.List`1[System.Diagnostics.Eventing.Reader.EventProperty]"
"An instance of Program Data Updater (PDU) ran with the following information: StartTime: ?2014?-?07?-?07T21:30:11.464079500Z, StopTime: ?2014?-?07?-?07T21:31:41.413837500Z, ExitCode: 228, Number of new programs: 0, Number of removed programs: 0, Number of updated programs: 0, Number of installed programs: 37, Number of new orphan files: 0, Number of new add-ons: 0, Number of removed add-ons: 0, Number of updated add-ons: 0, Number of installed add-ons: 75, Number of new installations: 0","800","0",,"4","0","0","576460752303423488","327","Microsoft-Windows-Application-Experience","eef54e71-0661-422d-9a98-82fd4940b820","Microsoft-Windows-Application-Experience/Program-Inventory","2944","2948","rjaf-PC4429","S-1-5-18","7/7/2014 2:31:41 PM",,,"c:\users\mac_1\desktop\winevt\logs\microsoft-windows-application-experience%4program-inventory.evtx","System.UInt32[]","System.Diagnostics.Eventing.Reader.EventBookmark","Information","Info",,"System.Collections.ObjectModel.ReadOnlyCollection`1[System.String]","System.Collections.Generic.List`1[System.Diagnostics.Eventing.Reader.EventProperty]"
"An instance of Program Data Updater (PDU) ran with the following information: StartTime: ?2014?-?07?-?06T09:46:07.981586600Z, StopTime: ?2014?-?07?-?06T09:46:26.779619600Z, ExitCode: 228, Number of new programs: 0, Number of removed programs: 0, Number of updated programs: 0, Number of installed programs: 37, Number of new orphan files: 0, Number of new add-ons: 0, Number of removed add-ons: 0, Number of updated add-ons: 0, Number of installed add-ons: 75, Number of new installations: 0","800","0",,"4","0","0","576460752303423488","326","Microsoft-Windows-Application-Experience","eef54e71-0661-422d-9a98-82fd4940b820","Microsoft-Windows-Application-Experience/Program-Inventory","5076","10676","rjaf-PC4429","S-1-5-18","7/6/2014 2:46:26 AM",,,"c:\users\mac_1\desktop\winevt\logs\microsoft-windows-application-experience%4program-inventory.evtx","System.UInt32[]","System.Diagnostics.Eventing.Reader.EventBookmark","Information","Info",,"System.Collections.ObjectModel.ReadOnlyCollection`1[System.String]","System.Collections.Generic.List`1[System.Diagnostics.Eventing.Reader.EventProperty]"
"An instance of Program Data Updater (PDU) ran with the following information: StartTime: ?2014?-?07?-?06T08:04:53.747110700Z, StopTime: ?2014?-?07?-?06T08:05:35.586384200Z, ExitCode: 228, Number of new programs: 0, Number of removed programs: 0, Number of updated programs: 0, Number of installed programs: 37, Number of new orphan files: 1, Number of new add-ons: 0, Number of removed add-ons: 0, Number of updated add-ons: 0, Number of installed add-ons: 75, Number of new installations: 0","800","0",,"4","0","0","576460752303423488","325","Microsoft-Windows-Application-Experience","eef54e71-0661-422d-9a98-82fd4940b820","Microsoft-Windows-Application-Experience/Program-Inventory","7300","6884","rjaf-PC4429","S-1-5-18","7/6/2014 1:05:35 AM",,,"c:\users\mac_1\desktop\winevt\logs\microsoft-windows-application-experience%4program-inventory.evtx","System.UInt32[]","System.Diagnostics.Eventing.Reader.EventBookmark","Information","Info",,"System.Collections.ObjectModel.ReadOnlyCollection`1[System.String]","System.Collections.Generic.List`1[System.Diagnostics.Eventing.Reader.EventProperty]"
"An instance of Program Data Updater (PDU) ran with the following information: StartTime: ?2014?-?07?-?03T21:30:58.946911600Z, StopTime: ?2014?-?07?-?06T07:47:16.286011900Z, ExitCode: 400, Number of new programs: 0, Number of removed programs: 0, Number of updated programs: 0, Number of installed programs: 0, Number of new orphan files: 0, Number of new add-ons: 0, Number of removed add-ons: 0, Number of updated add-ons: 0, Number of installed add-ons: 0, Number of new installations: 0","800","0",,"4","0","0","576460752303423488","324","Microsoft-Windows-Application-Experience","eef54e71-0661-422d-9a98-82fd4940b820","Microsoft-Windows-Application-Experience/Program-Inventory","11732","12136","rjaf-PC4429","S-1-5-18","7/6/2014 12:47:16 AM",,,"c:\users\mac_1\desktop\winevt\logs\microsoft-windows-application-experience%4program-inventory.evtx","System.UInt32[]","System.Diagnostics.Eventing.Reader.EventBookmark","Information","Info",,"System.Collections.ObjectModel.ReadOnlyCollection`1[System.String]","System.Collections.Generic.List`1[System.Diagnostics.Eventing.Reader.EventProperty]"
"An instance of Program Data Updater (PDU) ran with the following information: StartTime: ?2014?-?07?-?02T21:50:23.589092900Z, StopTime: ?2014?-?07?-?02T21:51:43.305232900Z, ExitCode: 228, Number of new programs: 0, Number of removed programs: 0, Number of updated programs: 0, Number of installed programs: 37, Number of new orphan files: 0, Number of new add-ons: 0, Number of removed add-ons: 0, Number of updated add-ons: 0, Number of installed add-ons: 75, Number of new installations: 0","800","0",,"4","0","0","576460752303423488","323","Microsoft-Windows-Application-Experience","eef54e71-0661-422d-9a98-82fd4940b820","Microsoft-Windows-Application-Experience/Program-Inventory","2500","1484","rjaf-PC4429","S-1-5-18","7/2/2014 2:51:43 PM",,,"c:\users\mac_1\desktop\winevt\logs\microsoft-windows-application-experience%4program-inventory.evtx","System.UInt32[]","System.Diagnostics.Eventing.Reader.EventBookmark","Information","Info",,"System.Collections.ObjectModel.ReadOnlyCollection`1[System.String]","System.Collections.Generic.List`1[System.Diagnostics.Eventing.Reader.EventProperty]"
"An instance of Program Data Updater (PDU) ran with the following information: StartTime: ?2014?-?07?-?02T09:46:24.813434900Z, StopTime: ?2014?-?07?-?02T09:47:21.472734400Z, ExitCode: 228, Number of new programs: 0, Number of removed programs: 0, Number of updated programs: 0, Number of installed programs: 37, Number of new orphan files: 1, Number of new add-ons: 0, Number of removed add-ons: 0, Number of updated add-ons: 0, Number of installed add-ons: 75, Number of new installations: 0","800","0",,"4","0","0","576460752303423488","322","Microsoft-Windows-Application-Experience","eef54e71-0661-422d-9a98-82fd4940b820","Microsoft-Windows-Application-Experience/Program-Inventory","3884","2564","rjaf-PC4429","S-1-5-18","7/2/2014 2:47:21 AM",,,"c:\users\mac_1\desktop\winevt\logs\microsoft-windows-application-experience%4program-inventory.evtx","System.UInt32[]","System.Diagnostics.Eventing.Reader.EventBookmark","Information","Info",,"System.Collections.ObjectModel.ReadOnlyCollection`1[System.String]","System.Collections.Generic.List`1[System.Diagnostics.Eventing.Reader.EventProperty]"
"An instance of Program Data Updater (PDU) ran with the following information: StartTime: ?2014?-?06?-?30T21:35:32.785801000Z, StopTime: ?2014?-?06?-?30T21:37:00.473555000Z, ExitCode: 228, Number of new programs: 0, Number of removed programs: 0, Number of updated programs: 0, Number of installed programs: 37, Number of new orphan files: 0, Number of new add-ons: 0, Number of removed add-ons: 0, Number of updated add-ons: 0, Number of installed add-ons: 75, Number of new installations: 0","800","0",,"4","0","0","576460752303423488","321","Microsoft-Windows-Application-Experience","eef54e71-0661-422d-9a98-82fd4940b820","Microsoft-Windows-Application-Experience/Program-Inventory","3872","2036","rjaf-PC4429","S-1-5-18","6/30/2014 2:37:00 PM",,,"c:\users\mac_1\desktop\winevt\logs\microsoft-windows-application-experience%4program-inventory.evtx","System.UInt32[]","System.Diagnostics.Eventing.Reader.EventBookmark","Information","Info",,"System.Collections.ObjectModel.ReadOnlyCollection`1[System.String]","System.Collections.Generic.List`1[System.Diagnostics.Eventing.Reader.EventProperty]"
"An instance of Program Data Updater (PDU) ran with the following information: StartTime: ?2014?-?06?-?30T07:20:12.175464800Z, StopTime: ?2014?-?06?-?30T07:21:36.072412100Z, ExitCode: 228, Number of new programs: 0, Number of removed programs: 0, Number of updated programs: 0, Number of installed programs: 37, Number of new orphan files: 0, Number of new add-ons: 0, Number of removed add-ons: 0, Number of updated add-ons: 0, Number of installed add-ons: 75, Number of new installations: 0","800","0",,"4","0","0","576460752303423488","320","Microsoft-Windows-Application-Experience","eef54e71-0661-422d-9a98-82fd4940b820","Microsoft-Windows-Application-Experience/Program-Inventory","2008","3456","rjaf-PC4429","S-1-5-18","6/30/2014 12:21:36 AM",,,"c:\users\mac_1\desktop\winevt\logs\microsoft-windows-application-experience%4program-inventory.evtx","System.UInt32[]","System.Diagnostics.Eventing.Reader.EventBookmark","Information","Info",,"System.Collections.ObjectModel.ReadOnlyCollection`1[System.String]","System.Collections.Generic.List`1[System.Diagnostics.Eventing.Reader.EventProperty]"
"An instance of Program Data Updater (PDU) ran with the following information: StartTime: ?2014?-?06?-?29T07:38:19.800215400Z, StopTime: ?2014?-?06?-?29T07:39:02.341490100Z, ExitCode: 228, Number of new programs: 0, Number of removed programs: 0, Number of updated programs: 0, Number of installed programs: 37, Number of new orphan files: 0, Number of new add-ons: 0, Number of removed add-ons: 0, Number of updated add-ons: 0, Number of installed add-ons: 75, Number of new installations: 0","800","0",,"4","0","0","576460752303423488","319","Microsoft-Windows-Application-Experience","eef54e71-0661-422d-9a98-82fd4940b820","Microsoft-Windows-Application-Experience/Program-Inventory","5020","4612","rjaf-PC4429","S-1-5-18","6/29/2014 12:39:02 AM",,,"c:\users\mac_1\desktop\winevt\logs\microsoft-windows-application-experience%4program-inventory.evtx","System.UInt32[]","System.Diagnostics.Eventing.Reader.EventBookmark","Information","Info",,"System.Collections.ObjectModel.ReadOnlyCollection`1[System.String]","System.Collections.Generic.List`1[System.Diagnostics.Eventing.Reader.EventProperty]"
"An instance of Program Data Updater (PDU) ran with the following information: StartTime: ?2014?-?06?-?28T11:48:38.111650300Z, StopTime: ?2014?-?06?-?28T11:49:48.920174700Z, ExitCode: 228, Number of new programs: 0, Number of removed programs: 0, Number of updated programs: 0, Number of installed programs: 37, Number of new orphan files: 1, Number of new add-ons: 0, Number of removed add-ons: 0, Number of updated add-ons: 0, Number of installed add-ons: 75, Number of new installations: 0","800","0",,"4","0","0","576460752303423488","318","Microsoft-Windows-Application-Experience","eef54e71-0661-422d-9a98-82fd4940b820","Microsoft-Windows-Application-Experience/Program-Inventory","2204","3572","rjaf-PC4429","S-1-5-18","6/28/2014 4:49:48 AM",,,"c:\users\mac_1\desktop\winevt\logs\microsoft-windows-application-experience%4program-inventory.evtx","System.UInt32[]","System.Diagnostics.Eventing.Reader.EventBookmark","Information","Info",,"System.Collections.ObjectModel.ReadOnlyCollection`1[System.String]","System.Collections.Generic.List`1[System.Diagnostics.Eventing.Reader.EventProperty]"
"An instance of Program Data Updater (PDU) ran with the following information: StartTime: ?2014?-?06?-?26T05:46:03.887179200Z, StopTime: ?2014?-?06?-?26T05:47:35.023391800Z, ExitCode: 228, Number of new programs: 0, Number of removed programs: 0, Number of updated programs: 0, Number of installed programs: 37, Number of new orphan files: 0, Number of new add-ons: 0, Number of removed add-ons: 0, Number of updated add-ons: 0, Number of installed add-ons: 75, Number of new installations: 0","800","0",,"4","0","0","576460752303423488","317","Microsoft-Windows-Application-Experience","eef54e71-0661-422d-9a98-82fd4940b820","Microsoft-Windows-Application-Experience/Program-Inventory","2776","2540","rjaf-PC4429","S-1-5-18","6/25/2014 10:47:35 PM",,,"c:\users\mac_1\desktop\winevt\logs\microsoft-windows-application-experience%4program-inventory.evtx","System.UInt32[]","System.Diagnostics.Eventing.Reader.EventBookmark","Information","Info",,"System.Collections.ObjectModel.ReadOnlyCollection`1[System.String]","System.Collections.Generic.List`1[System.Diagnostics.Eventing.Reader.EventProperty]"
"An instance of Program Data Updater (PDU) ran with the following information: StartTime: ?2014?-?06?-?25T10:02:46.085786000Z, StopTime: ?2014?-?06?-?25T10:04:09.031131600Z, ExitCode: 228, Number of new programs: 0, Number of removed programs: 0, Number of updated programs: 0, Number of installed programs: 37, Number of new orphan files: 1, Number of new add-ons: 0, Number of removed add-ons: 0, Number of updated add-ons: 2, Number of installed add-ons: 75, Number of new installations: 0","800","0",,"4","0","0","576460752303423488","316","Microsoft-Windows-Application-Experience","eef54e71-0661-422d-9a98-82fd4940b820","Microsoft-Windows-Application-Experience/Program-Inventory","3188","3000","rjaf-PC4429","S-1-5-18","6/25/2014 3:04:09 AM",,,"c:\users\mac_1\desktop\winevt\logs\microsoft-windows-application-experience%4program-inventory.evtx","System.UInt32[]","System.Diagnostics.Eventing.Reader.EventBookmark","Information","Info",,"System.Collections.ObjectModel.ReadOnlyCollection`1[System.String]","System.Collections.Generic.List`1[System.Diagnostics.Eventing.Reader.EventProperty]"
,"901","0",,"4","0","0","576460752303423488","315","Microsoft-Windows-Application-Experience","eef54e71-0661-422d-9a98-82fd4940b820","Microsoft-Windows-Application-Experience/Program-Inventory","3188","3000","rjaf-PC4429","S-1-5-18","6/25/2014 3:04:07 AM",,,"c:\users\mac_1\desktop\winevt\logs\microsoft-windows-application-experience%4program-inventory.evtx","System.UInt32[]","System.Diagnostics.Eventing.Reader.EventBookmark","Information","Info",,"System.Collections.ObjectModel.ReadOnlyCollection`1[System.String]","System.Collections.Generic.List`1[System.Diagnostics.Eventing.Reader.EventProperty]"
,"901","0",,"4","0","0","576460752303423488","314","Microsoft-Windows-Application-Experience","eef54e71-0661-422d-9a98-82fd4940b820","Microsoft-Windows-Application-Experience/Program-Inventory","3188","3000","rjaf-PC4429","S-1-5-18","6/25/2014 3:04:07 AM",,,"c:\users\mac_1\desktop\winevt\logs\microsoft-windows-application-experience%4program-inventory.evtx","System.UInt32[]","System.Diagnostics.Eventing.Reader.EventBookmark","Information","Info",,"System.Collections.ObjectModel.ReadOnlyCollection`1[System.String]","System.Collections.Generic.List`1[System.Diagnostics.Eventing.Reader.EventProperty]"
"An instance of Program Data Updater (PDU) ran with the following information: StartTime: ?2014?-?06?-?24T10:49:29.010204500Z, StopTime: ?2014?-?06?-?24T10:50:44.327136800Z, ExitCode: 228, Number of new programs: 0, Number of removed programs: 0, Number of updated programs: 0, Number of installed programs: 37, Number of new orphan files: 1, Number of new add-ons: 0, Number of removed add-ons: 0, Number of updated add-ons: 0, Number of installed add-ons: 75, Number of new installations: 0","800","0",,"4","0","0","576460752303423488","313","Microsoft-Windows-Application-Experience","eef54e71-0661-422d-9a98-82fd4940b820","Microsoft-Windows-Application-Experience/Program-Inventory","2416","1236","rjaf-PC4429","S-1-5-18","6/24/2014 3:50:44 AM",,,"c:\users\mac_1\desktop\winevt\logs\microsoft-windows-application-experience%4program-inventory.evtx","System.UInt32[]","System.Diagnostics.Eventing.Reader.EventBookmark","Information","Info",,"System.Collections.ObjectModel.ReadOnlyCollection`1[System.String]","System.Collections.Generic.List`1[System.Diagnostics.Eventing.Reader.EventProperty]"
"An instance of Program Data Updater (PDU) ran with the following information: StartTime: ?2014?-?06?-?23T13:30:58.199606200Z, StopTime: ?2014?-?06?-?23T13:32:20.146550100Z, ExitCode: 228, Number of new programs: 1, Number of removed programs: 1, Number of updated programs: 0, Number of installed programs: 37, Number of new orphan files: 4, Number of new add-ons: 0, Number of removed add-ons: 0, Number of updated add-ons: 1, Number of installed add-ons: 75, Number of new installations: 0","800","0",,"4","0","0","576460752303423488","312","Microsoft-Windows-Application-Experience","eef54e71-0661-422d-9a98-82fd4940b820","Microsoft-Windows-Application-Experience/Program-Inventory","1136","852","rjaf-PC4429","S-1-5-18","6/23/2014 6:32:20 AM",,,"c:\users\mac_1\desktop\winevt\logs\microsoft-windows-application-experience%4program-inventory.evtx","System.UInt32[]","System.Diagnostics.Eventing.Reader.EventBookmark","Information","Info",,"System.Collections.ObjectModel.ReadOnlyCollection`1[System.String]","System.Collections.Generic.List`1[System.Diagnostics.Eventing.Reader.EventProperty]"
,"907","0",,"4","0","0","576460752303423488","311","Microsoft-Windows-Application-Experience","eef54e71-0661-422d-9a98-82fd4940b820","Microsoft-Windows-Application-Experience/Program-Inventory","1136","852","rjaf-PC4429","S-1-5-18","6/23/2014 6:32:17 AM",,,"c:\users\mac_1\desktop\winevt\logs\microsoft-windows-application-experience%4program-inventory.evtx","System.UInt32[]","System.Diagnostics.Eventing.Reader.EventBookmark","Information","Info",,"System.Collections.ObjectModel.ReadOnlyCollection`1[System.String]","System.Collections.Generic.List`1[System.Diagnostics.Eventing.Reader.EventProperty]"
,"903","0",,"4","0","0","576460752303423488","310","Microsoft-Windows-Application-Experience","eef54e71-0661-422d-9a98-82fd4940b820","Microsoft-Windows-Application-Experience/Program-Inventory","1136","852","rjaf-PC4429","S-1-5-18","6/23/2014 6:32:17 AM",,,"c:\users\mac_1\desktop\winevt\logs\microsoft-windows-application-experience%4program-inventory.evtx","System.UInt32[]","System.Diagnostics.Eventing.Reader.EventBookmark","Information","Info",,"System.Collections.ObjectModel.ReadOnlyCollection`1[System.String]","System.Collections.Generic.List`1[System.Diagnostics.Eventing.Reader.EventProperty]"
,"901","0",,"4","0","0","576460752303423488","309","Microsoft-Windows-Application-Experience","eef54e71-0661-422d-9a98-82fd4940b820","Microsoft-Windows-Application-Experience/Program-Inventory","1136","852","rjaf-PC4429","S-1-5-18","6/23/2014 6:32:17 AM",,,"c:\users\mac_1\desktop\winevt\logs\microsoft-windows-application-experience%4program-inventory.evtx","System.UInt32[]","System.Diagnostics.Eventing.Reader.EventBookmark","Information","Info",,"System.Collections.ObjectModel.ReadOnlyCollection`1[System.String]","System.Collections.Generic.List`1[System.Diagnostics.Eventing.Reader.EventProperty]"
"An instance of Program Data Updater (PDU) ran with the following information: StartTime: ?2014?-?06?-?22T08:43:04.699810900Z, StopTime: ?2014?-?06?-?22T08:44:08.503922900Z, ExitCode: 228, Number of new programs: 0, Number of removed programs: 0, Number of updated programs: 0, Number of installed programs: 37, Number of new orphan files: 71, Number of new add-ons: 0, Number of removed add-ons: 0, Number of updated add-ons: 0, Number of installed add-ons: 75, Number of new installations: 0","800","0",,"4","0","0","576460752303423488","308","Microsoft-Windows-Application-Experience","eef54e71-0661-422d-9a98-82fd4940b820","Microsoft-Windows-Application-Experience/Program-Inventory","2684","2532","rjaf-PC4429","S-1-5-18","6/22/2014 1:44:08 AM",,,"c:\users\mac_1\desktop\winevt\logs\microsoft-windows-application-experience%4program-inventory.evtx","System.UInt32[]","System.Diagnostics.Eventing.Reader.EventBookmark","Information","Info",,"System.Collections.ObjectModel.ReadOnlyCollection`1[System.String]","System.Collections.Generic.List`1[System.Diagnostics.Eventing.Reader.EventProperty]"
"An instance of Program Data Updater (PDU) ran with the following information: StartTime: ?2014?-?06?-?19T06:24:19.676219000Z, StopTime: ?2014?-?06?-?19T06:24:58.816687800Z, ExitCode: 228, Number of new programs: 0, Number of removed programs: 0, Number of updated programs: 0, Number of installed programs: 37, Number of new orphan files: 0, Number of new add-ons: 0, Number of removed add-ons: 0, Number of updated add-ons: 0, Number of installed add-ons: 75, Number of new installations: 0","800","0",,"4","0","0","576460752303423488","307","Microsoft-Windows-Application-Experience","eef54e71-0661-422d-9a98-82fd4940b820","Microsoft-Windows-Application-Experience/Program-Inventory","2708","3408","rjaf-PC4429","S-1-5-18","6/18/2014 11:24:58 PM",,,"c:\users\mac_1\desktop\winevt\logs\microsoft-windows-application-experience%4program-inventory.evtx","System.UInt32[]","System.Diagnostics.Eventing.Reader.EventBookmark","Information","Info",,"System.Collections.ObjectModel.ReadOnlyCollection`1[System.String]","System.Collections.Generic.List`1[System.Diagnostics.Eventing.Reader.EventProperty]"
"An instance of Program Data Updater (PDU) ran with the following information: StartTime: ?2014?-?06?-?18T08:28:43.293055700Z, StopTime: ?2014?-?06?-?18T08:30:16.690419800Z, ExitCode: 228, Number of new programs: 0, Number of removed programs: 0, Number of updated programs: 0, Number of installed programs: 37, Number of new orphan files: 0, Number of new add-ons: 0, Number of removed add-ons: 0, Number of updated add-ons: 0, Number of installed add-ons: 75, Number of new installations: 0","800","0",,"4","0","0","576460752303423488","306","Microsoft-Windows-Application-Experience","eef54e71-0661-422d-9a98-82fd4940b820","Microsoft-Windows-Application-Experience/Program-Inventory","1132","3892","rjaf-PC4429","S-1-5-18","6/18/2014 1:30:16 AM",,,"c:\users\mac_1\desktop\winevt\logs\microsoft-windows-application-experience%4program-inventory.evtx","System.UInt32[]","System.Diagnostics.Eventing.Reader.EventBookmark","Information","Info",,"System.Collections.ObjectModel.ReadOnlyCollection`1[System.String]","System.Collections.Generic.List`1[System.Diagnostics.Eventing.Reader.EventProperty]"
"An instance of Program Data Updater (PDU) ran with the following information: StartTime: ?2014?-?06?-?17T07:43:18.220893700Z, StopTime: ?2014?-?06?-?17T07:44:21.800982700Z, ExitCode: 228, Number of new programs: 0, Number of removed programs: 0, Number of updated programs: 0, Number of installed programs: 37, Number of new orphan files: 1, Number of new add-ons: 0, Number of removed add-ons: 0, Number of updated add-ons: 0, Number of installed add-ons: 75, Number of new installations: 0","800","0",,"4","0","0","576460752303423488","305","Microsoft-Windows-Application-Experience","eef54e71-0661-422d-9a98-82fd4940b820","Microsoft-Windows-Application-Experience/Program-Inventory","9500","10380","rjaf-PC4429","S-1-5-18","6/17/2014 12:44:21 AM",,,"c:\users\mac_1\desktop\winevt\logs\microsoft-windows-application-experience%4program-inventory.evtx","System.UInt32[]","System.Diagnostics.Eventing.Reader.EventBookmark","Information","Info",,"System.Collections.ObjectModel.ReadOnlyCollection`1[System.String]","System.Collections.Generic.List`1[System.Diagnostics.Eventing.Reader.EventProperty]"
"An instance of Program Data Updater (PDU) ran with the following information: StartTime: ?2014?-?06?-?16T06:49:59.647746900Z, StopTime: ?2014?-?06?-?16T06:50:46.714439000Z, ExitCode: 228, Number of new programs: 0, Number of removed programs: 0, Number of updated programs: 0, Number of installed programs: 37, Number of new orphan files: 0, Number of new add-ons: 0, Number of removed add-ons: 0, Number of updated add-ons: 0, Number of installed add-ons: 75, Number of new installations: 0","800","0",,"4","0","0","576460752303423488","304","Microsoft-Windows-Application-Experience","eef54e71-0661-422d-9a98-82fd4940b820","Microsoft-Windows-Application-Experience/Program-Inventory","3484","3824","rjaf-PC4429","S-1-5-18","6/15/2014 11:50:46 PM",,,"c:\users\mac_1\desktop\winevt\logs\microsoft-windows-application-experience%4program-inventory.evtx","System.UInt32[]","System.Diagnostics.Eventing.Reader.EventBookmark","Information","Info",,"System.Collections.ObjectModel.ReadOnlyCollection`1[System.String]","System.Collections.Generic.List`1[System.Diagnostics.Eventing.Reader.EventProperty]"
"An instance of Program Data Updater (PDU) ran with the following information: StartTime: ?2014?-?06?-?15T09:47:29.711912000Z, StopTime: ?2014?-?06?-?15T09:48:47.774449100Z, ExitCode: 228, Number of new programs: 0, Number of removed programs: 0, Number of updated programs: 0, Number of installed programs: 37, Number of new orphan files: 0, Number of new add-ons: 0, Number of removed add-ons: 0, Number of updated add-ons: 0, Number of installed add-ons: 75, Number of new installations: 0","800","0",,"4","0","0","576460752303423488","303","Microsoft-Windows-Application-Experience","eef54e71-0661-422d-9a98-82fd4940b820","Microsoft-Windows-Application-Experience/Program-Inventory","2620","512","rjaf-PC4429","S-1-5-18","6/15/2014 2:48:47 AM",,,"c:\users\mac_1\desktop\winevt\logs\microsoft-windows-application-experience%4program-inventory.evtx","System.UInt32[]","System.Diagnostics.Eventing.Reader.EventBookmark","Information","Info",,"System.Collections.ObjectModel.ReadOnlyCollection`1[System.String]","System.Collections.Generic.List`1[System.Diagnostics.Eventing.Reader.EventProperty]"
"An instance of Program Data Updater (PDU) ran with the following information: StartTime: ?2014?-?06?-?14T06:40:23.763667200Z, StopTime: ?2014?-?06?-?14T06:41:17.474561500Z, ExitCode: 228, Number of new programs: 1, Number of removed programs: 1, Number of updated programs: 0, Number of installed programs: 37, Number of new orphan files: 1, Number of new add-ons: 0, Number of removed add-ons: 0, Number of updated add-ons: 0, Number of installed add-ons: 75, Number of new installations: 0","800","0",,"4","0","0","576460752303423488","302","Microsoft-Windows-Application-Experience","eef54e71-0661-422d-9a98-82fd4940b820","Microsoft-Windows-Application-Experience/Program-Inventory","8648","8384","rjaf-PC4429","S-1-5-18","6/13/2014 11:41:17 PM",,,"c:\users\mac_1\desktop\winevt\logs\microsoft-windows-application-experience%4program-inventory.evtx","System.UInt32[]","System.Diagnostics.Eventing.Reader.EventBookmark","Information","Info",,"System.Collections.ObjectModel.ReadOnlyCollection`1[System.String]","System.Collections.Generic.List`1[System.Diagnostics.Eventing.Reader.EventProperty]"
,"907","0",,"4","0","0","576460752303423488","301","Microsoft-Windows-Application-Experience","eef54e71-0661-422d-9a98-82fd4940b820","Microsoft-Windows-Application-Experience/Program-Inventory","8648","8384","rjaf-PC4429","S-1-5-18","6/13/2014 11:41:16 PM",,,"c:\users\mac_1\desktop\winevt\logs\microsoft-windows-application-experience%4program-inventory.evtx","System.UInt32[]","System.Diagnostics.Eventing.Reader.EventBookmark","Information","Info",,"System.Collections.ObjectModel.ReadOnlyCollection`1[System.String]","System.Collections.Generic.List`1[System.Diagnostics.Eventing.Reader.EventProperty]"
,"903","0",,"4","0","0","576460752303423488","300","Microsoft-Windows-Application-Experience","eef54e71-0661-422d-9a98-82fd4940b820","Microsoft-Windows-Application-Experience/Program-Inventory","8648","8384","rjaf-PC4429","S-1-5-18","6/13/2014 11:41:16 PM",,,"c:\users\mac_1\desktop\winevt\logs\microsoft-windows-application-experience%4program-inventory.evtx","System.UInt32[]","System.Diagnostics.Eventing.Reader.EventBookmark","Information","Info",,"System.Collections.ObjectModel.ReadOnlyCollection`1[System.String]","System.Collections.Generic.List`1[System.Diagnostics.Eventing.Reader.EventProperty]"
"An instance of Program Data Updater (PDU) ran with the following information: StartTime: ?2014?-?06?-?12T00:19:47.712464100Z, StopTime: ?2014?-?06?-?12T00:20:33.685744900Z, ExitCode: 228, Number of new programs: 0, Number of removed programs: 0, Number of updated programs: 0, Number of installed programs: 37, Number of new orphan files: 2, Number of new add-ons: 0, Number of removed add-ons: 0, Number of updated add-ons: 0, Number of installed add-ons: 75, Number of new installations: 0","800","0",,"4","0","0","576460752303423488","299","Microsoft-Windows-Application-Experience","eef54e71-0661-422d-9a98-82fd4940b820","Microsoft-Windows-Application-Experience/Program-Inventory","3076","12488","rjaf-PC4429","S-1-5-18","6/11/2014 5:20:33 PM",,,"c:\users\mac_1\desktop\winevt\logs\microsoft-windows-application-experience%4program-inventory.evtx","System.UInt32[]","System.Diagnostics.Eventing.Reader.EventBookmark","Information","Info",,"System.Collections.ObjectModel.ReadOnlyCollection`1[System.String]","System.Collections.Generic.List`1[System.Diagnostics.Eventing.Reader.EventProperty]"
"An instance of Program Data Updater (PDU) ran with the following information: StartTime: ?2014?-?06?-?10T06:17:32.756694100Z, StopTime: ?2014?-?06?-?10T06:18:18.219257900Z, ExitCode: 228, Number of new programs: 0, Number of removed programs: 0, Number of updated programs: 0, Number of installed programs: 37, Number of new orphan files: 1, Number of new add-ons: 0, Number of removed add-ons: 0, Number of updated add-ons: 0, Number of installed add-ons: 75, Number of new installations: 0","800","0",,"4","0","0","576460752303423488","298","Microsoft-Windows-Application-Experience","eef54e71-0661-422d-9a98-82fd4940b820","Microsoft-Windows-Application-Experience/Program-Inventory","4076","884","rjaf-PC4429","S-1-5-18","6/9/2014 11:18:18 PM",,,"c:\users\mac_1\desktop\winevt\logs\microsoft-windows-application-experience%4program-inventory.evtx","System.UInt32[]","System.Diagnostics.Eventing.Reader.EventBookmark","Information","Info",,"System.Collections.ObjectModel.ReadOnlyCollection`1[System.String]","System.Collections.Generic.List`1[System.Diagnostics.Eventing.Reader.EventProperty]"
"An instance of Program Data Updater (PDU) ran with the following information: StartTime: ?2014?-?06?-?09T10:02:29.686738200Z, StopTime: ?2014?-?06?-?09T10:03:47.296874600Z, ExitCode: 228, Number of new programs: 0, Number of removed programs: 0, Number of updated programs: 0, Number of installed programs: 37, Number of new orphan files: 1, Number of new add-ons: 0, Number of removed add-ons: 0, Number of updated add-ons: 0, Number of installed add-ons: 75, Number of new installations: 0","800","0",,"4","0","0","576460752303423488","297","Microsoft-Windows-Application-Experience","eef54e71-0661-422d-9a98-82fd4940b820","Microsoft-Windows-Application-Experience/Program-Inventory","2900","3996","rjaf-PC4429","S-1-5-18","6/9/2014 3:03:47 AM",,,"c:\users\mac_1\desktop\winevt\logs\microsoft-windows-application-experience%4program-inventory.evtx","System.UInt32[]","System.Diagnostics.Eventing.Reader.EventBookmark","Information","Info",,"System.Collections.ObjectModel.ReadOnlyCollection`1[System.String]","System.Collections.Generic.List`1[System.Diagnostics.Eventing.Reader.EventProperty]"
"An instance of Program Data Updater (PDU) ran with the following information: StartTime: ?2014?-?06?-?04T06:26:09.421112300Z, StopTime: ?2014?-?06?-?04T06:27:42.241275300Z, ExitCode: 228, Number of new programs: 0, Number of removed programs: 0, Number of updated programs: 0, Number of installed programs: 37, Number of new orphan files: 1, Number of new add-ons: 0, Number of removed add-ons: 0, Number of updated add-ons: 0, Number of installed add-ons: 75, Number of new installations: 0","800","0",,"4","0","0","576460752303423488","296","Microsoft-Windows-Application-Experience","eef54e71-0661-422d-9a98-82fd4940b820","Microsoft-Windows-Application-Experience/Program-Inventory","1168","3628","rjaf-PC4429","S-1-5-18","6/3/2014 11:27:42 PM",,,"c:\users\mac_1\desktop\winevt\logs\microsoft-windows-application-experience%4program-inventory.evtx","System.UInt32[]","System.Diagnostics.Eventing.Reader.EventBookmark","Information","Info",,"System.Collections.ObjectModel.ReadOnlyCollection`1[System.String]","System.Collections.Generic.List`1[System.Diagnostics.Eventing.Reader.EventProperty]"
"An instance of Program Data Updater (PDU) ran with the following information: StartTime: ?2014?-?06?-?02T22:15:15.493471500Z, StopTime: ?2014?-?06?-?02T22:16:20.155585100Z, ExitCode: 228, Number of new programs: 1, Number of removed programs: 1, Number of updated programs: 0, Number of installed programs: 37, Number of new orphan files: 1, Number of new add-ons: 0, Number of removed add-ons: 0, Number of updated add-ons: 1, Number of installed add-ons: 75, Number of new installations: 0","800","0",,"4","0","0","576460752303423488","295","Microsoft-Windows-Application-Experience","eef54e71-0661-422d-9a98-82fd4940b820","Microsoft-Windows-Application-Experience/Program-Inventory","1908","3424","rjaf-PC4429","S-1-5-18","6/2/2014 3:16:20 PM",,,"c:\users\mac_1\desktop\winevt\logs\microsoft-windows-application-experience%4program-inventory.evtx","System.UInt32[]","System.Diagnostics.Eventing.Reader.EventBookmark","Information","Info",,"System.Collections.ObjectModel.ReadOnlyCollection`1[System.String]","System.Collections.Generic.List`1[System.Diagnostics.Eventing.Reader.EventProperty]"
,"907","0",,"4","0","0","576460752303423488","294","Microsoft-Windows-Application-Experience","eef54e71-0661-422d-9a98-82fd4940b820","Microsoft-Windows-Application-Experience/Program-Inventory","1908","3424","rjaf-PC4429","S-1-5-18","6/2/2014 3:16:19 PM",,,"c:\users\mac_1\desktop\winevt\logs\microsoft-windows-application-experience%4program-inventory.evtx","System.UInt32[]","System.Diagnostics.Eventing.Reader.EventBookmark","Information","Info",,"System.Collections.ObjectModel.ReadOnlyCollection`1[System.String]","System.Collections.Generic.List`1[System.Diagnostics.Eventing.Reader.EventProperty]"
,"903","0",,"4","0","0","576460752303423488","293","Microsoft-Windows-Application-Experience","eef54e71-0661-422d-9a98-82fd4940b820","Microsoft-Windows-Application-Experience/Program-Inventory","1908","3424","rjaf-PC4429","S-1-5-18","6/2/2014 3:16:19 PM",,,"c:\users\mac_1\desktop\winevt\logs\microsoft-windows-application-experience%4program-inventory.evtx","System.UInt32[]","System.Diagnostics.Eventing.Reader.EventBookmark","Information","Info",,"System.Collections.ObjectModel.ReadOnlyCollection`1[System.String]","System.Collections.Generic.List`1[System.Diagnostics.Eventing.Reader.EventProperty]"
,"901","0",,"4","0","0","576460752303423488","292","Microsoft-Windows-Application-Experience","eef54e71-0661-422d-9a98-82fd4940b820","Microsoft-Windows-Application-Experience/Program-Inventory","1908","3424","rjaf-PC4429","S-1-5-18","6/2/2014 3:16:19 PM",,,"c:\users\mac_1\desktop\winevt\logs\microsoft-windows-application-experience%4program-inventory.evtx","System.UInt32[]","System.Diagnostics.Eventing.Reader.EventBookmark","Information","Info",,"System.Collections.ObjectModel.ReadOnlyCollection`1[System.String]","System.Collections.Generic.List`1[System.Diagnostics.Eventing.Reader.EventProperty]"
"An instance of Program Data Updater (PDU) ran with the following information: StartTime: ?2014?-?06?-?01T21:30:57.448440200Z, StopTime: ?2014?-?06?-?01T21:31:50.159455100Z, ExitCode: 228, Number of new programs: 0, Number of removed programs: 0, Number of updated programs: 0, Number of installed programs: 37, Number of new orphan files: 0, Number of new add-ons: 0, Number of removed add-ons: 0, Number of updated add-ons: 0, Number of installed add-ons: 75, Number of new installations: 0","800","0",,"4","0","0","576460752303423488","291","Microsoft-Windows-Application-Experience","eef54e71-0661-422d-9a98-82fd4940b820","Microsoft-Windows-Application-Experience/Program-Inventory","6080","2700","rjaf-PC4429","S-1-5-18","6/1/2014 2:31:50 PM",,,"c:\users\mac_1\desktop\winevt\logs\microsoft-windows-application-experience%4program-inventory.evtx","System.UInt32[]","System.Diagnostics.Eventing.Reader.EventBookmark","Information","Info",,"System.Collections.ObjectModel.ReadOnlyCollection`1[System.String]","System.Collections.Generic.List`1[System.Diagnostics.Eventing.Reader.EventProperty]"
"An instance of Program Data Updater (PDU) ran with the following information: StartTime: ?2014?-?06?-?01T06:50:57.250790500Z, StopTime: ?2014?-?06?-?01T06:52:17.637731700Z, ExitCode: 228, Number of new programs: 0, Number of removed programs: 0, Number of updated programs: 0, Number of installed programs: 37, Number of new orphan files: 1, Number of new add-ons: 0, Number of removed add-ons: 0, Number of updated add-ons: 0, Number of installed add-ons: 75, Number of new installations: 0","800","0",,"4","0","0","576460752303423488","290","Microsoft-Windows-Application-Experience","eef54e71-0661-422d-9a98-82fd4940b820","Microsoft-Windows-Application-Experience/Program-Inventory","3992","2840","rjaf-PC4429","S-1-5-18","5/31/2014 11:52:17 PM",,,"c:\users\mac_1\desktop\winevt\logs\microsoft-windows-application-experience%4program-inventory.evtx","System.UInt32[]","System.Diagnostics.Eventing.Reader.EventBookmark","Information","Info",,"System.Collections.ObjectModel.ReadOnlyCollection`1[System.String]","System.Collections.Generic.List`1[System.Diagnostics.Eventing.Reader.EventProperty]"
"An instance of Program Data Updater (PDU) ran with the following information: StartTime: ?2014?-?05?-?29T08:02:34.357565700Z, StopTime: ?2014?-?05?-?29T08:03:33.695959700Z, ExitCode: 228, Number of new programs: 0, Number of removed programs: 0, Number of updated programs: 0, Number of installed programs: 37, Number of new orphan files: 0, Number of new add-ons: 0, Number of removed add-ons: 0, Number of updated add-ons: 0, Number of installed add-ons: 75, Number of new installations: 0","800","0",,"4","0","0","576460752303423488","289","Microsoft-Windows-Application-Experience","eef54e71-0661-422d-9a98-82fd4940b820","Microsoft-Windows-Application-Experience/Program-Inventory","4576","5996","rjaf-PC4429","S-1-5-18","5/29/2014 1:03:33 AM",,,"c:\users\mac_1\desktop\winevt\logs\microsoft-windows-application-experience%4program-inventory.evtx","System.UInt32[]","System.Diagnostics.Eventing.Reader.EventBookmark","Information","Info",,"System.Collections.ObjectModel.ReadOnlyCollection`1[System.String]","System.Collections.Generic.List`1[System.Diagnostics.Eventing.Reader.EventProperty]"
"An instance of Program Data Updater (PDU) ran with the following information: StartTime: ?2014?-?05?-?27T09:33:04.888532600Z, StopTime: ?2014?-?05?-?27T09:33:54.574619800Z, ExitCode: 228, Number of new programs: 0, Number of removed programs: 0, Number of updated programs: 0, Number of installed programs: 37, Number of new orphan files: 0, Number of new add-ons: 0, Number of removed add-ons: 0, Number of updated add-ons: 0, Number of installed add-ons: 75, Number of new installations: 0","800","0",,"4","0","0","576460752303423488","288","Microsoft-Windows-Application-Experience","eef54e71-0661-422d-9a98-82fd4940b820","Microsoft-Windows-Application-Experience/Program-Inventory","5352","2300","rjaf-PC4429","S-1-5-18","5/27/2014 2:33:54 AM",,,"c:\users\mac_1\desktop\winevt\logs\microsoft-windows-application-experience%4program-inventory.evtx","System.UInt32[]","System.Diagnostics.Eventing.Reader.EventBookmark","Information","Info",,"System.Collections.ObjectModel.ReadOnlyCollection`1[System.String]","System.Collections.Generic.List`1[System.Diagnostics.Eventing.Reader.EventProperty]"
"An instance of Program Data Updater (PDU) ran with the following information: StartTime: ?2014?-?05?-?25T07:13:18.625338900Z, StopTime: ?2014?-?05?-?25T07:14:23.240652400Z, ExitCode: 228, Number of new programs: 0, Number of removed programs: 0, Number of updated programs: 0, Number of installed programs: 37, Number of new orphan files: 0, Number of new add-ons: 0, Number of removed add-ons: 0, Number of updated add-ons: 0, Number of installed add-ons: 75, Number of new installations: 0","800","0",,"4","0","0","576460752303423488","287","Microsoft-Windows-Application-Experience","eef54e71-0661-422d-9a98-82fd4940b820","Microsoft-Windows-Application-Experience/Program-Inventory","3268","1292","rjaf-PC4429","S-1-5-18","5/25/2014 12:14:23 AM",,,"c:\users\mac_1\desktop\winevt\logs\microsoft-windows-application-experience%4program-inventory.evtx","System.UInt32[]","System.Diagnostics.Eventing.Reader.EventBookmark","Information","Info",,"System.Collections.ObjectModel.ReadOnlyCollection`1[System.String]","System.Collections.Generic.List`1[System.Diagnostics.Eventing.Reader.EventProperty]"
