"The UMDF Host ({F88F6EE7-7928-43B5-9B17-AE61C331B9CE}) has been asked to shutdown.","2900","1",,"4","41","1","-9223372036854775808","30557","Microsoft-Windows-DriverFrameworks-UserMode","2e35aaeb-857f-4beb-a418-2e6c0e54d988","Microsoft-Windows-DriverFrameworks-UserMode/Operational","4480","1824","rjaf-PC4429","S-1-5-19","7/9/2015 3:36:58 AM",,,"c:\users\mac_1\desktop\winevt\logs\microsoft-windows-driverframeworks-usermode%4operational.evtx","System.UInt32[]","System.Diagnostics.Eventing.Reader.EventBookmark","Information","Start","Shutdown of a driver host process.","System.Collections.ObjectModel.ReadOnlyCollection`1[System.String]","System.Collections.Generic.List`1[System.Diagnostics.Eventing.Reader.EventProperty]"
"The host process ({F88F6EE7-7928-43B5-9B17-AE61C331B9CE}) is being asked to shutdown.","1006","1",,"4","18","1","-9223372036854775808","30556","Microsoft-Windows-DriverFrameworks-UserMode","2e35aaeb-857f-4beb-a418-2e6c0e54d988","Microsoft-Windows-DriverFrameworks-UserMode/Operational","1204","4448","rjaf-PC4429","S-1-5-18","7/9/2015 3:36:58 AM",,,"c:\users\mac_1\desktop\winevt\logs\microsoft-windows-driverframeworks-usermode%4operational.evtx","System.UInt32[]","System.Diagnostics.Eventing.Reader.EventBookmark","Information","Start","Shutdown of a driver host process.","System.Collections.ObjectModel.ReadOnlyCollection`1[System.String]","System.Collections.Generic.List`1[System.Diagnostics.Eventing.Reader.EventProperty]"
"Forwarded a finished Pnp or Power operation (27, 2) to the lower driver for device WPDBUSENUMROOT\UMB\2&37C186B&0&STORAGE#VOLUME#_??_USBSTOR#DISK&VEN_GENERIC&PROD_FLASH_DISK&REV_8.07#9DB2938F&0# with status 0xC00000BB.","2102","1",,"4","37","2","-9223372036854775808","30555","Microsoft-Windows-DriverFrameworks-UserMode","2e35aaeb-857f-4beb-a418-2e6c0e54d988","Microsoft-Windows-DriverFrameworks-UserMode/Operational","4480","1824","rjaf-PC4429","S-1-5-19","7/9/2015 3:36:58 AM",,,"c:\users\mac_1\desktop\winevt\logs\microsoft-windows-driverframeworks-usermode%4operational.evtx","System.UInt32[]","System.Diagnostics.Eventing.Reader.EventBookmark","Information","Stop","Pnp or Power Management operation to a particular device.","System.Collections.ObjectModel.ReadOnlyCollection`1[System.String]","System.Collections.Generic.List`1[System.Diagnostics.Eventing.Reader.EventProperty]"
"Received a Pnp or Power operation (27, 2) for device WPDBUSENUMROOT\UMB\2&37C186B&0&STORAGE#VOLUME#_??_USBSTOR#DISK&VEN_GENERIC&PROD_FLASH_DISK&REV_8.07#9DB2938F&0#.","2100","1",,"4","37","1","-9223372036854775808","30554","Microsoft-Windows-DriverFrameworks-UserMode","2e35aaeb-857f-4beb-a418-2e6c0e54d988","Microsoft-Windows-DriverFrameworks-UserMode/Operational","4480","1824","rjaf-PC4429","S-1-5-19","7/9/2015 3:36:58 AM",,,"c:\users\mac_1\desktop\winevt\logs\microsoft-windows-driverframeworks-usermode%4operational.evtx","System.UInt32[]","System.Diagnostics.Eventing.Reader.EventBookmark","Information","Start","Pnp or Power Management operation to a particular device.","System.Collections.ObjectModel.ReadOnlyCollection`1[System.String]","System.Collections.Generic.List`1[System.Diagnostics.Eventing.Reader.EventProperty]"
"Forwarded a finished Pnp or Power operation (27, 23) to the lower driver for device WPDBUSENUMROOT\UMB\2&37C186B&0&STORAGE#VOLUME#_??_USBSTOR#DISK&VEN_GENERIC&PROD_FLASH_DISK&REV_8.07#9DB2938F&0# with status 0xC00000BB.","2102","1",,"4","37","2","-9223372036854775808","30553","Microsoft-Windows-DriverFrameworks-UserMode","2e35aaeb-857f-4beb-a418-2e6c0e54d988","Microsoft-Windows-DriverFrameworks-UserMode/Operational","4480","1824","rjaf-PC4429","S-1-5-19","7/9/2015 3:36:58 AM",,,"c:\users\mac_1\desktop\winevt\logs\microsoft-windows-driverframeworks-usermode%4operational.evtx","System.UInt32[]","System.Diagnostics.Eventing.Reader.EventBookmark","Information","Stop","Pnp or Power Management operation to a particular device.","System.Collections.ObjectModel.ReadOnlyCollection`1[System.String]","System.Collections.Generic.List`1[System.Diagnostics.Eventing.Reader.EventProperty]"
"Received a Pnp or Power operation (27, 23) for device WPDBUSENUMROOT\UMB\2&37C186B&0&STORAGE#VOLUME#_??_USBSTOR#DISK&VEN_GENERIC&PROD_FLASH_DISK&REV_8.07#9DB2938F&0#.","2100","1",,"4","37","1","-9223372036854775808","30552","Microsoft-Windows-DriverFrameworks-UserMode","2e35aaeb-857f-4beb-a418-2e6c0e54d988","Microsoft-Windows-DriverFrameworks-UserMode/Operational","4480","1824","rjaf-PC4429","S-1-5-19","7/9/2015 3:36:58 AM",,,"c:\users\mac_1\desktop\winevt\logs\microsoft-windows-driverframeworks-usermode%4operational.evtx","System.UInt32[]","System.Diagnostics.Eventing.Reader.EventBookmark","Information","Start","Pnp or Power Management operation to a particular device.","System.Collections.ObjectModel.ReadOnlyCollection`1[System.String]","System.Collections.Generic.List`1[System.Diagnostics.Eventing.Reader.EventProperty]"
"Completed a Pnp or Power operation (27, 20) for device WPDBUSENUMROOT\UMB\2&37C186B&0&STORAGE#VOLUME#_??_USBSTOR#DISK&VEN_GENERIC&PROD_FLASH_DISK&REV_8.07#9DB2938F&0# with status 0x0.","2101","1",,"4","37","2","-9223372036854775808","30551","Microsoft-Windows-DriverFrameworks-UserMode","2e35aaeb-857f-4beb-a418-2e6c0e54d988","Microsoft-Windows-DriverFrameworks-UserMode/Operational","4480","1824","rjaf-PC4429","S-1-5-19","7/9/2015 3:12:07 AM",,,"c:\users\mac_1\desktop\winevt\logs\microsoft-windows-driverframeworks-usermode%4operational.evtx","System.UInt32[]","System.Diagnostics.Eventing.Reader.EventBookmark","Information","Stop","Pnp or Power Management operation to a particular device.","System.Collections.ObjectModel.ReadOnlyCollection`1[System.String]","System.Collections.Generic.List`1[System.Diagnostics.Eventing.Reader.EventProperty]"
"Received a Pnp or Power operation (27, 20) for device WPDBUSENUMROOT\UMB\2&37C186B&0&STORAGE#VOLUME#_??_USBSTOR#DISK&VEN_GENERIC&PROD_FLASH_DISK&REV_8.07#9DB2938F&0# which was completed by the lower drivers with status 0x0","2106","1",,"4","37","1","-9223372036854775808","30550","Microsoft-Windows-DriverFrameworks-UserMode","2e35aaeb-857f-4beb-a418-2e6c0e54d988","Microsoft-Windows-DriverFrameworks-UserMode/Operational","4480","1824","rjaf-PC4429","S-1-5-19","7/9/2015 3:12:07 AM",,,"c:\users\mac_1\desktop\winevt\logs\microsoft-windows-driverframeworks-usermode%4operational.evtx","System.UInt32[]","System.Diagnostics.Eventing.Reader.EventBookmark","Information","Start","Pnp or Power Management operation to a particular device.","System.Collections.ObjectModel.ReadOnlyCollection`1[System.String]","System.Collections.Generic.List`1[System.Diagnostics.Eventing.Reader.EventProperty]"
"Forwarded a Pnp or Power operation (27, 20) for device WPDBUSENUMROOT\UMB\2&37C186B&0&STORAGE#VOLUME#_??_USBSTOR#DISK&VEN_GENERIC&PROD_FLASH_DISK&REV_8.07#9DB2938F&0# to the lower driver with status 0xC00000BB","2105","1",,"4","37","1","-9223372036854775808","30549","Microsoft-Windows-DriverFrameworks-UserMode","2e35aaeb-857f-4beb-a418-2e6c0e54d988","Microsoft-Windows-DriverFrameworks-UserMode/Operational","4480","1824","rjaf-PC4429","S-1-5-19","7/9/2015 3:12:07 AM",,,"c:\users\mac_1\desktop\winevt\logs\microsoft-windows-driverframeworks-usermode%4operational.evtx","System.UInt32[]","System.Diagnostics.Eventing.Reader.EventBookmark","Information","Start","Pnp or Power Management operation to a particular device.","System.Collections.ObjectModel.ReadOnlyCollection`1[System.String]","System.Collections.Generic.List`1[System.Diagnostics.Eventing.Reader.EventProperty]"
"Received a Pnp or Power operation (27, 20) for device WPDBUSENUMROOT\UMB\2&37C186B&0&STORAGE#VOLUME#_??_USBSTOR#DISK&VEN_GENERIC&PROD_FLASH_DISK&REV_8.07#9DB2938F&0#.","2100","1",,"4","37","1","-9223372036854775808","30548","Microsoft-Windows-DriverFrameworks-UserMode","2e35aaeb-857f-4beb-a418-2e6c0e54d988","Microsoft-Windows-DriverFrameworks-UserMode/Operational","4480","1824","rjaf-PC4429","S-1-5-19","7/9/2015 3:12:07 AM",,,"c:\users\mac_1\desktop\winevt\logs\microsoft-windows-driverframeworks-usermode%4operational.evtx","System.UInt32[]","System.Diagnostics.Eventing.Reader.EventBookmark","Information","Start","Pnp or Power Management operation to a particular device.","System.Collections.ObjectModel.ReadOnlyCollection`1[System.String]","System.Collections.Generic.List`1[System.Diagnostics.Eventing.Reader.EventProperty]"
"Completed a Pnp or Power operation (27, 9) for device WPDBUSENUMROOT\UMB\2&37C186B&0&STORAGE#VOLUME#_??_USBSTOR#DISK&VEN_GENERIC&PROD_FLASH_DISK&REV_8.07#9DB2938F&0# with status 0x0.","2101","1",,"4","37","2","-9223372036854775808","30547","Microsoft-Windows-DriverFrameworks-UserMode","2e35aaeb-857f-4beb-a418-2e6c0e54d988","Microsoft-Windows-DriverFrameworks-UserMode/Operational","4480","4440","rjaf-PC4429","S-1-5-19","7/9/2015 3:12:07 AM",,,"c:\users\mac_1\desktop\winevt\logs\microsoft-windows-driverframeworks-usermode%4operational.evtx","System.UInt32[]","System.Diagnostics.Eventing.Reader.EventBookmark","Information","Stop","Pnp or Power Management operation to a particular device.","System.Collections.ObjectModel.ReadOnlyCollection`1[System.String]","System.Collections.Generic.List`1[System.Diagnostics.Eventing.Reader.EventProperty]"
"Received a Pnp or Power operation (27, 9) for device WPDBUSENUMROOT\UMB\2&37C186B&0&STORAGE#VOLUME#_??_USBSTOR#DISK&VEN_GENERIC&PROD_FLASH_DISK&REV_8.07#9DB2938F&0# which was completed by the lower drivers with status 0x0","2106","1",,"4","37","1","-9223372036854775808","30546","Microsoft-Windows-DriverFrameworks-UserMode","2e35aaeb-857f-4beb-a418-2e6c0e54d988","Microsoft-Windows-DriverFrameworks-UserMode/Operational","4480","4440","rjaf-PC4429","S-1-5-19","7/9/2015 3:12:07 AM",,,"c:\users\mac_1\desktop\winevt\logs\microsoft-windows-driverframeworks-usermode%4operational.evtx","System.UInt32[]","System.Diagnostics.Eventing.Reader.EventBookmark","Information","Start","Pnp or Power Management operation to a particular device.","System.Collections.ObjectModel.ReadOnlyCollection`1[System.String]","System.Collections.Generic.List`1[System.Diagnostics.Eventing.Reader.EventProperty]"
"Forwarded a Pnp or Power operation (27, 9) for device WPDBUSENUMROOT\UMB\2&37C186B&0&STORAGE#VOLUME#_??_USBSTOR#DISK&VEN_GENERIC&PROD_FLASH_DISK&REV_8.07#9DB2938F&0# to the lower driver with status 0xC00000BB","2105","1",,"4","37","1","-9223372036854775808","30545","Microsoft-Windows-DriverFrameworks-UserMode","2e35aaeb-857f-4beb-a418-2e6c0e54d988","Microsoft-Windows-DriverFrameworks-UserMode/Operational","4480","4440","rjaf-PC4429","S-1-5-19","7/9/2015 3:12:07 AM",,,"c:\users\mac_1\desktop\winevt\logs\microsoft-windows-driverframeworks-usermode%4operational.evtx","System.UInt32[]","System.Diagnostics.Eventing.Reader.EventBookmark","Information","Start","Pnp or Power Management operation to a particular device.","System.Collections.ObjectModel.ReadOnlyCollection`1[System.String]","System.Collections.Generic.List`1[System.Diagnostics.Eventing.Reader.EventProperty]"
"Received a Pnp or Power operation (27, 9) for device WPDBUSENUMROOT\UMB\2&37C186B&0&STORAGE#VOLUME#_??_USBSTOR#DISK&VEN_GENERIC&PROD_FLASH_DISK&REV_8.07#9DB2938F&0#.","2100","1",,"4","37","1","-9223372036854775808","30544","Microsoft-Windows-DriverFrameworks-UserMode","2e35aaeb-857f-4beb-a418-2e6c0e54d988","Microsoft-Windows-DriverFrameworks-UserMode/Operational","4480","4440","rjaf-PC4429","S-1-5-19","7/9/2015 3:12:07 AM",,,"c:\users\mac_1\desktop\winevt\logs\microsoft-windows-driverframeworks-usermode%4operational.evtx","System.UInt32[]","System.Diagnostics.Eventing.Reader.EventBookmark","Information","Start","Pnp or Power Management operation to a particular device.","System.Collections.ObjectModel.ReadOnlyCollection`1[System.String]","System.Collections.Generic.List`1[System.Diagnostics.Eventing.Reader.EventProperty]"
"Completed a Pnp or Power operation (27, 0) for device WPDBUSENUMROOT\UMB\2&37C186B&0&STORAGE#VOLUME#_??_USBSTOR#DISK&VEN_GENERIC&PROD_FLASH_DISK&REV_8.07#9DB2938F&0# with status 0x0.","2101","1",,"4","37","2","-9223372036854775808","30543","Microsoft-Windows-DriverFrameworks-UserMode","2e35aaeb-857f-4beb-a418-2e6c0e54d988","Microsoft-Windows-DriverFrameworks-UserMode/Operational","4480","1824","rjaf-PC4429","S-1-5-19","7/9/2015 3:12:07 AM",,,"c:\users\mac_1\desktop\winevt\logs\microsoft-windows-driverframeworks-usermode%4operational.evtx","System.UInt32[]","System.Diagnostics.Eventing.Reader.EventBookmark","Information","Stop","Pnp or Power Management operation to a particular device.","System.Collections.ObjectModel.ReadOnlyCollection`1[System.String]","System.Collections.Generic.List`1[System.Diagnostics.Eventing.Reader.EventProperty]"
"Received a Pnp or Power operation (27, 0) for device WPDBUSENUMROOT\UMB\2&37C186B&0&STORAGE#VOLUME#_??_USBSTOR#DISK&VEN_GENERIC&PROD_FLASH_DISK&REV_8.07#9DB2938F&0# which was completed by the lower drivers with status 0x0","2106","1",,"4","37","1","-9223372036854775808","30542","Microsoft-Windows-DriverFrameworks-UserMode","2e35aaeb-857f-4beb-a418-2e6c0e54d988","Microsoft-Windows-DriverFrameworks-UserMode/Operational","4480","1824","rjaf-PC4429","S-1-5-19","7/9/2015 3:12:07 AM",,,"c:\users\mac_1\desktop\winevt\logs\microsoft-windows-driverframeworks-usermode%4operational.evtx","System.UInt32[]","System.Diagnostics.Eventing.Reader.EventBookmark","Information","Start","Pnp or Power Management operation to a particular device.","System.Collections.ObjectModel.ReadOnlyCollection`1[System.String]","System.Collections.Generic.List`1[System.Diagnostics.Eventing.Reader.EventProperty]"
"Forwarded a Pnp or Power operation (27, 0) for device WPDBUSENUMROOT\UMB\2&37C186B&0&STORAGE#VOLUME#_??_USBSTOR#DISK&VEN_GENERIC&PROD_FLASH_DISK&REV_8.07#9DB2938F&0# to the lower driver with status 0xC00000BB","2105","1",,"4","37","1","-9223372036854775808","30541","Microsoft-Windows-DriverFrameworks-UserMode","2e35aaeb-857f-4beb-a418-2e6c0e54d988","Microsoft-Windows-DriverFrameworks-UserMode/Operational","4480","1824","rjaf-PC4429","S-1-5-19","7/9/2015 3:12:07 AM",,,"c:\users\mac_1\desktop\winevt\logs\microsoft-windows-driverframeworks-usermode%4operational.evtx","System.UInt32[]","System.Diagnostics.Eventing.Reader.EventBookmark","Information","Start","Pnp or Power Management operation to a particular device.","System.Collections.ObjectModel.ReadOnlyCollection`1[System.String]","System.Collections.Generic.List`1[System.Diagnostics.Eventing.Reader.EventProperty]"
"Received a Pnp or Power operation (27, 0) for device WPDBUSENUMROOT\UMB\2&37C186B&0&STORAGE#VOLUME#_??_USBSTOR#DISK&VEN_GENERIC&PROD_FLASH_DISK&REV_8.07#9DB2938F&0#.","2100","1",,"4","37","1","-9223372036854775808","30540","Microsoft-Windows-DriverFrameworks-UserMode","2e35aaeb-857f-4beb-a418-2e6c0e54d988","Microsoft-Windows-DriverFrameworks-UserMode/Operational","4480","1824","rjaf-PC4429","S-1-5-19","7/9/2015 3:12:07 AM",,,"c:\users\mac_1\desktop\winevt\logs\microsoft-windows-driverframeworks-usermode%4operational.evtx","System.UInt32[]","System.Diagnostics.Eventing.Reader.EventBookmark","Information","Start","Pnp or Power Management operation to a particular device.","System.Collections.ObjectModel.ReadOnlyCollection`1[System.String]","System.Collections.Generic.List`1[System.Diagnostics.Eventing.Reader.EventProperty]"
"The UMDF Host successfully loaded the driver at level 0.","2006","1",,"5","33","2","-9223372036854775808","30539","Microsoft-Windows-DriverFrameworks-UserMode","2e35aaeb-857f-4beb-a418-2e6c0e54d988","Microsoft-Windows-DriverFrameworks-UserMode/Operational","4480","1824","rjaf-PC4429","S-1-5-19","7/9/2015 3:12:07 AM",,,"c:\users\mac_1\desktop\winevt\logs\microsoft-windows-driverframeworks-usermode%4operational.evtx","System.UInt32[]","System.Diagnostics.Eventing.Reader.EventBookmark","Verbose","Stop","Loading drivers to control a newly discovered device.","System.Collections.ObjectModel.ReadOnlyCollection`1[System.String]","System.Collections.Generic.List`1[System.Diagnostics.Eventing.Reader.EventProperty]"
"The UMDF Host Process ({F88F6EE7-7928-43B5-9B17-AE61C331B9CE}) has loaded module C:\Windows\WinSxS\x86_microsoft.windows.gdiplus_6595b64144ccf1df_1.1.7600.17007_none_72f44f3186198a88\gdiplus.dll while loading drivers for device WPDBUSENUMROOT\UMB\2&37C186B&0&STORAGE#VOLUME#_??_USBSTOR#DISK&VEN_GENERIC&PROD_FLASH_DISK&REV_8.07#9DB2938F&0#.","2005","1",,"5","33","0","-9223372036854775808","30538","Microsoft-Windows-DriverFrameworks-UserMode","2e35aaeb-857f-4beb-a418-2e6c0e54d988","Microsoft-Windows-DriverFrameworks-UserMode/Operational","4480","1824","rjaf-PC4429","S-1-5-19","7/9/2015 3:12:07 AM",,,"c:\users\mac_1\desktop\winevt\logs\microsoft-windows-driverframeworks-usermode%4operational.evtx","System.UInt32[]","System.Diagnostics.Eventing.Reader.EventBookmark","Verbose","Info","Loading drivers to control a newly discovered device.","System.Collections.ObjectModel.ReadOnlyCollection`1[System.String]","System.Collections.Generic.List`1[System.Diagnostics.Eventing.Reader.EventProperty]"
"The UMDF Host Process ({F88F6EE7-7928-43B5-9B17-AE61C331B9CE}) has loaded module C:\Windows\System32\WMASF.DLL while loading drivers for device WPDBUSENUMROOT\UMB\2&37C186B&0&STORAGE#VOLUME#_??_USBSTOR#DISK&VEN_GENERIC&PROD_FLASH_DISK&REV_8.07#9DB2938F&0#.","2005","1",,"5","33","0","-9223372036854775808","30537","Microsoft-Windows-DriverFrameworks-UserMode","2e35aaeb-857f-4beb-a418-2e6c0e54d988","Microsoft-Windows-DriverFrameworks-UserMode/Operational","4480","1824","rjaf-PC4429","S-1-5-19","7/9/2015 3:12:07 AM",,,"c:\users\mac_1\desktop\winevt\logs\microsoft-windows-driverframeworks-usermode%4operational.evtx","System.UInt32[]","System.Diagnostics.Eventing.Reader.EventBookmark","Verbose","Info","Loading drivers to control a newly discovered device.","System.Collections.ObjectModel.ReadOnlyCollection`1[System.String]","System.Collections.Generic.List`1[System.Diagnostics.Eventing.Reader.EventProperty]"
"The UMDF Host Process ({F88F6EE7-7928-43B5-9B17-AE61C331B9CE}) has loaded module C:\Windows\System32\wmvcore.dll while loading drivers for device WPDBUSENUMROOT\UMB\2&37C186B&0&STORAGE#VOLUME#_??_USBSTOR#DISK&VEN_GENERIC&PROD_FLASH_DISK&REV_8.07#9DB2938F&0#.","2005","1",,"5","33","0","-9223372036854775808","30536","Microsoft-Windows-DriverFrameworks-UserMode","2e35aaeb-857f-4beb-a418-2e6c0e54d988","Microsoft-Windows-DriverFrameworks-UserMode/Operational","4480","1824","rjaf-PC4429","S-1-5-19","7/9/2015 3:12:07 AM",,,"c:\users\mac_1\desktop\winevt\logs\microsoft-windows-driverframeworks-usermode%4operational.evtx","System.UInt32[]","System.Diagnostics.Eventing.Reader.EventBookmark","Verbose","Info","Loading drivers to control a newly discovered device.","System.Collections.ObjectModel.ReadOnlyCollection`1[System.String]","System.Collections.Generic.List`1[System.Diagnostics.Eventing.Reader.EventProperty]"
"The UMDF Host Process ({F88F6EE7-7928-43B5-9B17-AE61C331B9CE}) has loaded module C:\Windows\System32\drivers\UMDF\WpdFs.dll while loading drivers for device WPDBUSENUMROOT\UMB\2&37C186B&0&STORAGE#VOLUME#_??_USBSTOR#DISK&VEN_GENERIC&PROD_FLASH_DISK&REV_8.07#9DB2938F&0#.","2005","1",,"5","33","0","-9223372036854775808","30535","Microsoft-Windows-DriverFrameworks-UserMode","2e35aaeb-857f-4beb-a418-2e6c0e54d988","Microsoft-Windows-DriverFrameworks-UserMode/Operational","4480","1824","rjaf-PC4429","S-1-5-19","7/9/2015 3:12:07 AM",,,"c:\users\mac_1\desktop\winevt\logs\microsoft-windows-driverframeworks-usermode%4operational.evtx","System.UInt32[]","System.Diagnostics.Eventing.Reader.EventBookmark","Verbose","Info","Loading drivers to control a newly discovered device.","System.Collections.ObjectModel.ReadOnlyCollection`1[System.String]","System.Collections.Generic.List`1[System.Diagnostics.Eventing.Reader.EventProperty]"
"The UMDF Host Process ({F88F6EE7-7928-43B5-9B17-AE61C331B9CE}) has loaded module C:\Windows\System32\WUDFx.dll while loading drivers for device WPDBUSENUMROOT\UMB\2&37C186B&0&STORAGE#VOLUME#_??_USBSTOR#DISK&VEN_GENERIC&PROD_FLASH_DISK&REV_8.07#9DB2938F&0#.","2005","1",,"5","33","0","-9223372036854775808","30534","Microsoft-Windows-DriverFrameworks-UserMode","2e35aaeb-857f-4beb-a418-2e6c0e54d988","Microsoft-Windows-DriverFrameworks-UserMode/Operational","4480","1824","rjaf-PC4429","S-1-5-19","7/9/2015 3:12:07 AM",,,"c:\users\mac_1\desktop\winevt\logs\microsoft-windows-driverframeworks-usermode%4operational.evtx","System.UInt32[]","System.Diagnostics.Eventing.Reader.EventBookmark","Verbose","Info","Loading drivers to control a newly discovered device.","System.Collections.ObjectModel.ReadOnlyCollection`1[System.String]","System.Collections.Generic.List`1[System.Diagnostics.Eventing.Reader.EventProperty]"
"The UMDF Host is loading driver WpdFs at level 0 for device WPDBUSENUMROOT\UMB\2&37C186B&0&STORAGE#VOLUME#_??_USBSTOR#DISK&VEN_GENERIC&PROD_FLASH_DISK&REV_8.07#9DB2938F&0#.","2004","1",,"5","33","1","-9223372036854775808","30533","Microsoft-Windows-DriverFrameworks-UserMode","2e35aaeb-857f-4beb-a418-2e6c0e54d988","Microsoft-Windows-DriverFrameworks-UserMode/Operational","4480","1824","rjaf-PC4429","S-1-5-19","7/9/2015 3:12:07 AM",,,"c:\users\mac_1\desktop\winevt\logs\microsoft-windows-driverframeworks-usermode%4operational.evtx","System.UInt32[]","System.Diagnostics.Eventing.Reader.EventBookmark","Verbose","Start","Loading drivers to control a newly discovered device.","System.Collections.ObjectModel.ReadOnlyCollection`1[System.String]","System.Collections.Generic.List`1[System.Diagnostics.Eventing.Reader.EventProperty]"
"The UMDF Host Process ({F88F6EE7-7928-43B5-9B17-AE61C331B9CE}) has successfully loaded drivers for device WPDBUSENUMROOT\UMB\2&37C186B&0&STORAGE#VOLUME#_??_USBSTOR#DISK&VEN_GENERIC&PROD_FLASH_DISK&REV_8.07#9DB2938F&0#.","2010","1",,"4","33","2","-9223372036854775808","30532","Microsoft-Windows-DriverFrameworks-UserMode","2e35aaeb-857f-4beb-a418-2e6c0e54d988","Microsoft-Windows-DriverFrameworks-UserMode/Operational","4480","1824","rjaf-PC4429","S-1-5-19","7/9/2015 3:12:07 AM",,,"c:\users\mac_1\desktop\winevt\logs\microsoft-windows-driverframeworks-usermode%4operational.evtx","System.UInt32[]","System.Diagnostics.Eventing.Reader.EventBookmark","Information","Stop","Loading drivers to control a newly discovered device.","System.Collections.ObjectModel.ReadOnlyCollection`1[System.String]","System.Collections.Generic.List`1[System.Diagnostics.Eventing.Reader.EventProperty]"
"The UMDF Host Process ({F88F6EE7-7928-43B5-9B17-AE61C331B9CE}) has been asked to load drivers for device WPDBUSENUMROOT\UMB\2&37C186B&0&STORAGE#VOLUME#_??_USBSTOR#DISK&VEN_GENERIC&PROD_FLASH_DISK&REV_8.07#9DB2938F&0#.","2003","1",,"4","33","1","-9223372036854775808","30531","Microsoft-Windows-DriverFrameworks-UserMode","2e35aaeb-857f-4beb-a418-2e6c0e54d988","Microsoft-Windows-DriverFrameworks-UserMode/Operational","4480","1824","rjaf-PC4429","S-1-5-19","7/9/2015 3:12:07 AM",,,"c:\users\mac_1\desktop\winevt\logs\microsoft-windows-driverframeworks-usermode%4operational.evtx","System.UInt32[]","System.Diagnostics.Eventing.Reader.EventBookmark","Information","Start","Loading drivers to control a newly discovered device.","System.Collections.ObjectModel.ReadOnlyCollection`1[System.String]","System.Collections.Generic.List`1[System.Diagnostics.Eventing.Reader.EventProperty]"
"The host process ({F88F6EE7-7928-43B5-9B17-AE61C331B9CE}) started successfully.","1004","1",,"4","17","2","-9223372036854775808","30530","Microsoft-Windows-DriverFrameworks-UserMode","2e35aaeb-857f-4beb-a418-2e6c0e54d988","Microsoft-Windows-DriverFrameworks-UserMode/Operational","1204","4448","rjaf-PC4429","S-1-5-18","7/9/2015 3:12:07 AM",,,"c:\users\mac_1\desktop\winevt\logs\microsoft-windows-driverframeworks-usermode%4operational.evtx","System.UInt32[]","System.Diagnostics.Eventing.Reader.EventBookmark","Information","Stop","Creation of a new driver host process.","System.Collections.ObjectModel.ReadOnlyCollection`1[System.String]","System.Collections.Generic.List`1[System.Diagnostics.Eventing.Reader.EventProperty]"
"The UMDF Host Process ({F88F6EE7-7928-43B5-9B17-AE61C331B9CE}) started successfully.","2001","1",,"4","32","2","-9223372036854775808","30529","Microsoft-Windows-DriverFrameworks-UserMode","2e35aaeb-857f-4beb-a418-2e6c0e54d988","Microsoft-Windows-DriverFrameworks-UserMode/Operational","4480","5092","rjaf-PC4429","S-1-5-19","7/9/2015 3:12:07 AM",,,"c:\users\mac_1\desktop\winevt\logs\microsoft-windows-driverframeworks-usermode%4operational.evtx","System.UInt32[]","System.Diagnostics.Eventing.Reader.EventBookmark","Information","Stop","Startup of a new driver host process.","System.Collections.ObjectModel.ReadOnlyCollection`1[System.String]","System.Collections.Generic.List`1[System.Diagnostics.Eventing.Reader.EventProperty]"
"The UMDF Host Process ({F88F6EE7-7928-43B5-9B17-AE61C331B9CE}) is starting up.","2000","1",,"4","32","1","-9223372036854775808","30528","Microsoft-Windows-DriverFrameworks-UserMode","2e35aaeb-857f-4beb-a418-2e6c0e54d988","Microsoft-Windows-DriverFrameworks-UserMode/Operational","4480","5092","rjaf-PC4429","S-1-5-19","7/9/2015 3:12:07 AM",,,"c:\users\mac_1\desktop\winevt\logs\microsoft-windows-driverframeworks-usermode%4operational.evtx","System.UInt32[]","System.Diagnostics.Eventing.Reader.EventBookmark","Information","Start","Startup of a new driver host process.","System.Collections.ObjectModel.ReadOnlyCollection`1[System.String]","System.Collections.Generic.List`1[System.Diagnostics.Eventing.Reader.EventProperty]"
"The Driver Manager service is starting a host process for device WPDBUSENUMROOT.UMB.2&37C186B&0&STORAGE#VOLUME#_??_USBSTOR#DISK&VEN_GENERIC&PROD_FLASH_DISK&REV_8.07#9DB2938F&0#.","1003","1",,"4","17","1","-9223372036854775808","30527","Microsoft-Windows-DriverFrameworks-UserMode","2e35aaeb-857f-4beb-a418-2e6c0e54d988","Microsoft-Windows-DriverFrameworks-UserMode/Operational","1204","4448","rjaf-PC4429","S-1-5-18","7/9/2015 3:12:07 AM",,,"c:\users\mac_1\desktop\winevt\logs\microsoft-windows-driverframeworks-usermode%4operational.evtx","System.UInt32[]","System.Diagnostics.Eventing.Reader.EventBookmark","Information","Start","Creation of a new driver host process.","System.Collections.ObjectModel.ReadOnlyCollection`1[System.String]","System.Collections.Generic.List`1[System.Diagnostics.Eventing.Reader.EventProperty]"
"The Driver Manager service started successfully","1000","1",,"4","16","1","-9223372036854775808","30526","Microsoft-Windows-DriverFrameworks-UserMode","2e35aaeb-857f-4beb-a418-2e6c0e54d988","Microsoft-Windows-DriverFrameworks-UserMode/Operational","1204","1904","rjaf-PC4429","S-1-5-18","7/9/2015 3:12:06 AM",,,"c:\users\mac_1\desktop\winevt\logs\microsoft-windows-driverframeworks-usermode%4operational.evtx","System.UInt32[]","System.Diagnostics.Eventing.Reader.EventBookmark","Information","Start","Startup of the driver manager service.","System.Collections.ObjectModel.ReadOnlyCollection`1[System.String]","System.Collections.Generic.List`1[System.Diagnostics.Eventing.Reader.EventProperty]"
"The host process ({D09019DA-6EFA-4E7E-A516-E27E6608EA2D}) has been shutdown.","1008","1",,"4","18","2","-9223372036854775808","30525","Microsoft-Windows-DriverFrameworks-UserMode","2e35aaeb-857f-4beb-a418-2e6c0e54d988","Microsoft-Windows-DriverFrameworks-UserMode/Operational","1276","2008","rjaf-PC4429","S-1-5-18","6/30/2015 4:04:35 AM",,,"c:\users\mac_1\desktop\winevt\logs\microsoft-windows-driverframeworks-usermode%4operational.evtx","System.UInt32[]","System.Diagnostics.Eventing.Reader.EventBookmark","Information","Stop","Shutdown of a driver host process.","System.Collections.ObjectModel.ReadOnlyCollection`1[System.String]","System.Collections.Generic.List`1[System.Diagnostics.Eventing.Reader.EventProperty]"
"The UMDF Host ({D09019DA-6EFA-4E7E-A516-E27E6608EA2D}) has shutdown.","2901","1",,"4","41","2","-9223372036854775808","30524","Microsoft-Windows-DriverFrameworks-UserMode","2e35aaeb-857f-4beb-a418-2e6c0e54d988","Microsoft-Windows-DriverFrameworks-UserMode/Operational","2820","2616","rjaf-PC4429","S-1-5-19","6/30/2015 4:04:35 AM",,,"c:\users\mac_1\desktop\winevt\logs\microsoft-windows-driverframeworks-usermode%4operational.evtx","System.UInt32[]","System.Diagnostics.Eventing.Reader.EventBookmark","Information","Stop","Shutdown of a driver host process.","System.Collections.ObjectModel.ReadOnlyCollection`1[System.String]","System.Collections.Generic.List`1[System.Diagnostics.Eventing.Reader.EventProperty]"
"The UMDF Host ({D09019DA-6EFA-4E7E-A516-E27E6608EA2D}) has been asked to shutdown.","2900","1",,"4","41","1","-9223372036854775808","30523","Microsoft-Windows-DriverFrameworks-UserMode","2e35aaeb-857f-4beb-a418-2e6c0e54d988","Microsoft-Windows-DriverFrameworks-UserMode/Operational","2820","1724","rjaf-PC4429","S-1-5-19","6/30/2015 4:04:35 AM",,,"c:\users\mac_1\desktop\winevt\logs\microsoft-windows-driverframeworks-usermode%4operational.evtx","System.UInt32[]","System.Diagnostics.Eventing.Reader.EventBookmark","Information","Start","Shutdown of a driver host process.","System.Collections.ObjectModel.ReadOnlyCollection`1[System.String]","System.Collections.Generic.List`1[System.Diagnostics.Eventing.Reader.EventProperty]"
"The host process ({D09019DA-6EFA-4E7E-A516-E27E6608EA2D}) is being asked to shutdown.","1006","1",,"4","18","1","-9223372036854775808","30522","Microsoft-Windows-DriverFrameworks-UserMode","2e35aaeb-857f-4beb-a418-2e6c0e54d988","Microsoft-Windows-DriverFrameworks-UserMode/Operational","1276","2008","rjaf-PC4429","S-1-5-18","6/30/2015 4:04:35 AM",,,"c:\users\mac_1\desktop\winevt\logs\microsoft-windows-driverframeworks-usermode%4operational.evtx","System.UInt32[]","System.Diagnostics.Eventing.Reader.EventBookmark","Information","Start","Shutdown of a driver host process.","System.Collections.ObjectModel.ReadOnlyCollection`1[System.String]","System.Collections.Generic.List`1[System.Diagnostics.Eventing.Reader.EventProperty]"
"Forwarded a finished Pnp or Power operation (27, 2) to the lower driver for device WPDBUSENUMROOT\UMB\2&37C186B&0&STORAGE#VOLUME#_??_USBSTOR#DISK&VEN_KINGSTON&PROD_DT_101_G2&REV_PMAP#001CC0EC346CBB90A71B00A5&0# with status 0xC00000BB.","2102","1",,"4","37","2","-9223372036854775808","30521","Microsoft-Windows-DriverFrameworks-UserMode","2e35aaeb-857f-4beb-a418-2e6c0e54d988","Microsoft-Windows-DriverFrameworks-UserMode/Operational","2820","1724","rjaf-PC4429","S-1-5-19","6/30/2015 4:04:35 AM",,,"c:\users\mac_1\desktop\winevt\logs\microsoft-windows-driverframeworks-usermode%4operational.evtx","System.UInt32[]","System.Diagnostics.Eventing.Reader.EventBookmark","Information","Stop","Pnp or Power Management operation to a particular device.","System.Collections.ObjectModel.ReadOnlyCollection`1[System.String]","System.Collections.Generic.List`1[System.Diagnostics.Eventing.Reader.EventProperty]"
"Received a Pnp or Power operation (27, 2) for device WPDBUSENUMROOT\UMB\2&37C186B&0&STORAGE#VOLUME#_??_USBSTOR#DISK&VEN_KINGSTON&PROD_DT_101_G2&REV_PMAP#001CC0EC346CBB90A71B00A5&0#.","2100","1",,"4","37","1","-9223372036854775808","30520","Microsoft-Windows-DriverFrameworks-UserMode","2e35aaeb-857f-4beb-a418-2e6c0e54d988","Microsoft-Windows-DriverFrameworks-UserMode/Operational","2820","1724","rjaf-PC4429","S-1-5-19","6/30/2015 4:04:35 AM",,,"c:\users\mac_1\desktop\winevt\logs\microsoft-windows-driverframeworks-usermode%4operational.evtx","System.UInt32[]","System.Diagnostics.Eventing.Reader.EventBookmark","Information","Start","Pnp or Power Management operation to a particular device.","System.Collections.ObjectModel.ReadOnlyCollection`1[System.String]","System.Collections.Generic.List`1[System.Diagnostics.Eventing.Reader.EventProperty]"
"Forwarded a finished Pnp or Power operation (27, 23) to the lower driver for device WPDBUSENUMROOT\UMB\2&37C186B&0&STORAGE#VOLUME#_??_USBSTOR#DISK&VEN_KINGSTON&PROD_DT_101_G2&REV_PMAP#001CC0EC346CBB90A71B00A5&0# with status 0xC00000BB.","2102","1",,"4","37","2","-9223372036854775808","30519","Microsoft-Windows-DriverFrameworks-UserMode","2e35aaeb-857f-4beb-a418-2e6c0e54d988","Microsoft-Windows-DriverFrameworks-UserMode/Operational","2820","1724","rjaf-PC4429","S-1-5-19","6/30/2015 4:04:35 AM",,,"c:\users\mac_1\desktop\winevt\logs\microsoft-windows-driverframeworks-usermode%4operational.evtx","System.UInt32[]","System.Diagnostics.Eventing.Reader.EventBookmark","Information","Stop","Pnp or Power Management operation to a particular device.","System.Collections.ObjectModel.ReadOnlyCollection`1[System.String]","System.Collections.Generic.List`1[System.Diagnostics.Eventing.Reader.EventProperty]"
"Received a Pnp or Power operation (27, 23) for device WPDBUSENUMROOT\UMB\2&37C186B&0&STORAGE#VOLUME#_??_USBSTOR#DISK&VEN_KINGSTON&PROD_DT_101_G2&REV_PMAP#001CC0EC346CBB90A71B00A5&0#.","2100","1",,"4","37","1","-9223372036854775808","30518","Microsoft-Windows-DriverFrameworks-UserMode","2e35aaeb-857f-4beb-a418-2e6c0e54d988","Microsoft-Windows-DriverFrameworks-UserMode/Operational","2820","1724","rjaf-PC4429","S-1-5-19","6/30/2015 4:04:35 AM",,,"c:\users\mac_1\desktop\winevt\logs\microsoft-windows-driverframeworks-usermode%4operational.evtx","System.UInt32[]","System.Diagnostics.Eventing.Reader.EventBookmark","Information","Start","Pnp or Power Management operation to a particular device.","System.Collections.ObjectModel.ReadOnlyCollection`1[System.String]","System.Collections.Generic.List`1[System.Diagnostics.Eventing.Reader.EventProperty]"
"Completed a Pnp or Power operation (27, 20) for device WPDBUSENUMROOT\UMB\2&37C186B&0&STORAGE#VOLUME#_??_USBSTOR#DISK&VEN_KINGSTON&PROD_DT_101_G2&REV_PMAP#001CC0EC346CBB90A71B00A5&0# with status 0x0.","2101","1",,"4","37","2","-9223372036854775808","30517","Microsoft-Windows-DriverFrameworks-UserMode","2e35aaeb-857f-4beb-a418-2e6c0e54d988","Microsoft-Windows-DriverFrameworks-UserMode/Operational","2820","1724","rjaf-PC4429","S-1-5-19","6/30/2015 4:02:26 AM",,,"c:\users\mac_1\desktop\winevt\logs\microsoft-windows-driverframeworks-usermode%4operational.evtx","System.UInt32[]","System.Diagnostics.Eventing.Reader.EventBookmark","Information","Stop","Pnp or Power Management operation to a particular device.","System.Collections.ObjectModel.ReadOnlyCollection`1[System.String]","System.Collections.Generic.List`1[System.Diagnostics.Eventing.Reader.EventProperty]"
"Received a Pnp or Power operation (27, 20) for device WPDBUSENUMROOT\UMB\2&37C186B&0&STORAGE#VOLUME#_??_USBSTOR#DISK&VEN_KINGSTON&PROD_DT_101_G2&REV_PMAP#001CC0EC346CBB90A71B00A5&0# which was completed by the lower drivers with status 0x0","2106","1",,"4","37","1","-9223372036854775808","30516","Microsoft-Windows-DriverFrameworks-UserMode","2e35aaeb-857f-4beb-a418-2e6c0e54d988","Microsoft-Windows-DriverFrameworks-UserMode/Operational","2820","1724","rjaf-PC4429","S-1-5-19","6/30/2015 4:02:26 AM",,,"c:\users\mac_1\desktop\winevt\logs\microsoft-windows-driverframeworks-usermode%4operational.evtx","System.UInt32[]","System.Diagnostics.Eventing.Reader.EventBookmark","Information","Start","Pnp or Power Management operation to a particular device.","System.Collections.ObjectModel.ReadOnlyCollection`1[System.String]","System.Collections.Generic.List`1[System.Diagnostics.Eventing.Reader.EventProperty]"
"Forwarded a Pnp or Power operation (27, 20) for device WPDBUSENUMROOT\UMB\2&37C186B&0&STORAGE#VOLUME#_??_USBSTOR#DISK&VEN_KINGSTON&PROD_DT_101_G2&REV_PMAP#001CC0EC346CBB90A71B00A5&0# to the lower driver with status 0xC00000BB","2105","1",,"4","37","1","-9223372036854775808","30515","Microsoft-Windows-DriverFrameworks-UserMode","2e35aaeb-857f-4beb-a418-2e6c0e54d988","Microsoft-Windows-DriverFrameworks-UserMode/Operational","2820","1724","rjaf-PC4429","S-1-5-19","6/30/2015 4:02:26 AM",,,"c:\users\mac_1\desktop\winevt\logs\microsoft-windows-driverframeworks-usermode%4operational.evtx","System.UInt32[]","System.Diagnostics.Eventing.Reader.EventBookmark","Information","Start","Pnp or Power Management operation to a particular device.","System.Collections.ObjectModel.ReadOnlyCollection`1[System.String]","System.Collections.Generic.List`1[System.Diagnostics.Eventing.Reader.EventProperty]"
"Received a Pnp or Power operation (27, 20) for device WPDBUSENUMROOT\UMB\2&37C186B&0&STORAGE#VOLUME#_??_USBSTOR#DISK&VEN_KINGSTON&PROD_DT_101_G2&REV_PMAP#001CC0EC346CBB90A71B00A5&0#.","2100","1",,"4","37","1","-9223372036854775808","30514","Microsoft-Windows-DriverFrameworks-UserMode","2e35aaeb-857f-4beb-a418-2e6c0e54d988","Microsoft-Windows-DriverFrameworks-UserMode/Operational","2820","1724","rjaf-PC4429","S-1-5-19","6/30/2015 4:02:26 AM",,,"c:\users\mac_1\desktop\winevt\logs\microsoft-windows-driverframeworks-usermode%4operational.evtx","System.UInt32[]","System.Diagnostics.Eventing.Reader.EventBookmark","Information","Start","Pnp or Power Management operation to a particular device.","System.Collections.ObjectModel.ReadOnlyCollection`1[System.String]","System.Collections.Generic.List`1[System.Diagnostics.Eventing.Reader.EventProperty]"
"Completed a Pnp or Power operation (27, 9) for device WPDBUSENUMROOT\UMB\2&37C186B&0&STORAGE#VOLUME#_??_USBSTOR#DISK&VEN_KINGSTON&PROD_DT_101_G2&REV_PMAP#001CC0EC346CBB90A71B00A5&0# with status 0x0.","2101","1",,"4","37","2","-9223372036854775808","30513","Microsoft-Windows-DriverFrameworks-UserMode","2e35aaeb-857f-4beb-a418-2e6c0e54d988","Microsoft-Windows-DriverFrameworks-UserMode/Operational","2820","664","rjaf-PC4429","S-1-5-19","6/30/2015 4:02:26 AM",,,"c:\users\mac_1\desktop\winevt\logs\microsoft-windows-driverframeworks-usermode%4operational.evtx","System.UInt32[]","System.Diagnostics.Eventing.Reader.EventBookmark","Information","Stop","Pnp or Power Management operation to a particular device.","System.Collections.ObjectModel.ReadOnlyCollection`1[System.String]","System.Collections.Generic.List`1[System.Diagnostics.Eventing.Reader.EventProperty]"
"Received a Pnp or Power operation (27, 9) for device WPDBUSENUMROOT\UMB\2&37C186B&0&STORAGE#VOLUME#_??_USBSTOR#DISK&VEN_KINGSTON&PROD_DT_101_G2&REV_PMAP#001CC0EC346CBB90A71B00A5&0# which was completed by the lower drivers with status 0x0","2106","1",,"4","37","1","-9223372036854775808","30512","Microsoft-Windows-DriverFrameworks-UserMode","2e35aaeb-857f-4beb-a418-2e6c0e54d988","Microsoft-Windows-DriverFrameworks-UserMode/Operational","2820","664","rjaf-PC4429","S-1-5-19","6/30/2015 4:02:26 AM",,,"c:\users\mac_1\desktop\winevt\logs\microsoft-windows-driverframeworks-usermode%4operational.evtx","System.UInt32[]","System.Diagnostics.Eventing.Reader.EventBookmark","Information","Start","Pnp or Power Management operation to a particular device.","System.Collections.ObjectModel.ReadOnlyCollection`1[System.String]","System.Collections.Generic.List`1[System.Diagnostics.Eventing.Reader.EventProperty]"
"Forwarded a Pnp or Power operation (27, 9) for device WPDBUSENUMROOT\UMB\2&37C186B&0&STORAGE#VOLUME#_??_USBSTOR#DISK&VEN_KINGSTON&PROD_DT_101_G2&REV_PMAP#001CC0EC346CBB90A71B00A5&0# to the lower driver with status 0xC00000BB","2105","1",,"4","37","1","-9223372036854775808","30511","Microsoft-Windows-DriverFrameworks-UserMode","2e35aaeb-857f-4beb-a418-2e6c0e54d988","Microsoft-Windows-DriverFrameworks-UserMode/Operational","2820","664","rjaf-PC4429","S-1-5-19","6/30/2015 4:02:26 AM",,,"c:\users\mac_1\desktop\winevt\logs\microsoft-windows-driverframeworks-usermode%4operational.evtx","System.UInt32[]","System.Diagnostics.Eventing.Reader.EventBookmark","Information","Start","Pnp or Power Management operation to a particular device.","System.Collections.ObjectModel.ReadOnlyCollection`1[System.String]","System.Collections.Generic.List`1[System.Diagnostics.Eventing.Reader.EventProperty]"
"Received a Pnp or Power operation (27, 9) for device WPDBUSENUMROOT\UMB\2&37C186B&0&STORAGE#VOLUME#_??_USBSTOR#DISK&VEN_KINGSTON&PROD_DT_101_G2&REV_PMAP#001CC0EC346CBB90A71B00A5&0#.","2100","1",,"4","37","1","-9223372036854775808","30510","Microsoft-Windows-DriverFrameworks-UserMode","2e35aaeb-857f-4beb-a418-2e6c0e54d988","Microsoft-Windows-DriverFrameworks-UserMode/Operational","2820","664","rjaf-PC4429","S-1-5-19","6/30/2015 4:02:26 AM",,,"c:\users\mac_1\desktop\winevt\logs\microsoft-windows-driverframeworks-usermode%4operational.evtx","System.UInt32[]","System.Diagnostics.Eventing.Reader.EventBookmark","Information","Start","Pnp or Power Management operation to a particular device.","System.Collections.ObjectModel.ReadOnlyCollection`1[System.String]","System.Collections.Generic.List`1[System.Diagnostics.Eventing.Reader.EventProperty]"
"Completed a Pnp or Power operation (27, 0) for device WPDBUSENUMROOT\UMB\2&37C186B&0&STORAGE#VOLUME#_??_USBSTOR#DISK&VEN_KINGSTON&PROD_DT_101_G2&REV_PMAP#001CC0EC346CBB90A71B00A5&0# with status 0x0.","2101","1",,"4","37","2","-9223372036854775808","30509","Microsoft-Windows-DriverFrameworks-UserMode","2e35aaeb-857f-4beb-a418-2e6c0e54d988","Microsoft-Windows-DriverFrameworks-UserMode/Operational","2820","1724","rjaf-PC4429","S-1-5-19","6/30/2015 4:02:26 AM",,,"c:\users\mac_1\desktop\winevt\logs\microsoft-windows-driverframeworks-usermode%4operational.evtx","System.UInt32[]","System.Diagnostics.Eventing.Reader.EventBookmark","Information","Stop","Pnp or Power Management operation to a particular device.","System.Collections.ObjectModel.ReadOnlyCollection`1[System.String]","System.Collections.Generic.List`1[System.Diagnostics.Eventing.Reader.EventProperty]"
"Received a Pnp or Power operation (27, 0) for device WPDBUSENUMROOT\UMB\2&37C186B&0&STORAGE#VOLUME#_??_USBSTOR#DISK&VEN_KINGSTON&PROD_DT_101_G2&REV_PMAP#001CC0EC346CBB90A71B00A5&0# which was completed by the lower drivers with status 0x0","2106","1",,"4","37","1","-9223372036854775808","30508","Microsoft-Windows-DriverFrameworks-UserMode","2e35aaeb-857f-4beb-a418-2e6c0e54d988","Microsoft-Windows-DriverFrameworks-UserMode/Operational","2820","1724","rjaf-PC4429","S-1-5-19","6/30/2015 4:02:26 AM",,,"c:\users\mac_1\desktop\winevt\logs\microsoft-windows-driverframeworks-usermode%4operational.evtx","System.UInt32[]","System.Diagnostics.Eventing.Reader.EventBookmark","Information","Start","Pnp or Power Management operation to a particular device.","System.Collections.ObjectModel.ReadOnlyCollection`1[System.String]","System.Collections.Generic.List`1[System.Diagnostics.Eventing.Reader.EventProperty]"
"Forwarded a Pnp or Power operation (27, 0) for device WPDBUSENUMROOT\UMB\2&37C186B&0&STORAGE#VOLUME#_??_USBSTOR#DISK&VEN_KINGSTON&PROD_DT_101_G2&REV_PMAP#001CC0EC346CBB90A71B00A5&0# to the lower driver with status 0xC00000BB","2105","1",,"4","37","1","-9223372036854775808","30507","Microsoft-Windows-DriverFrameworks-UserMode","2e35aaeb-857f-4beb-a418-2e6c0e54d988","Microsoft-Windows-DriverFrameworks-UserMode/Operational","2820","1724","rjaf-PC4429","S-1-5-19","6/30/2015 4:02:26 AM",,,"c:\users\mac_1\desktop\winevt\logs\microsoft-windows-driverframeworks-usermode%4operational.evtx","System.UInt32[]","System.Diagnostics.Eventing.Reader.EventBookmark","Information","Start","Pnp or Power Management operation to a particular device.","System.Collections.ObjectModel.ReadOnlyCollection`1[System.String]","System.Collections.Generic.List`1[System.Diagnostics.Eventing.Reader.EventProperty]"
"Received a Pnp or Power operation (27, 0) for device WPDBUSENUMROOT\UMB\2&37C186B&0&STORAGE#VOLUME#_??_USBSTOR#DISK&VEN_KINGSTON&PROD_DT_101_G2&REV_PMAP#001CC0EC346CBB90A71B00A5&0#.","2100","1",,"4","37","1","-9223372036854775808","30506","Microsoft-Windows-DriverFrameworks-UserMode","2e35aaeb-857f-4beb-a418-2e6c0e54d988","Microsoft-Windows-DriverFrameworks-UserMode/Operational","2820","1724","rjaf-PC4429","S-1-5-19","6/30/2015 4:02:26 AM",,,"c:\users\mac_1\desktop\winevt\logs\microsoft-windows-driverframeworks-usermode%4operational.evtx","System.UInt32[]","System.Diagnostics.Eventing.Reader.EventBookmark","Information","Start","Pnp or Power Management operation to a particular device.","System.Collections.ObjectModel.ReadOnlyCollection`1[System.String]","System.Collections.Generic.List`1[System.Diagnostics.Eventing.Reader.EventProperty]"
"The UMDF Host successfully loaded the driver at level 0.","2006","1",,"5","33","2","-9223372036854775808","30505","Microsoft-Windows-DriverFrameworks-UserMode","2e35aaeb-857f-4beb-a418-2e6c0e54d988","Microsoft-Windows-DriverFrameworks-UserMode/Operational","2820","1724","rjaf-PC4429","S-1-5-19","6/30/2015 4:02:26 AM",,,"c:\users\mac_1\desktop\winevt\logs\microsoft-windows-driverframeworks-usermode%4operational.evtx","System.UInt32[]","System.Diagnostics.Eventing.Reader.EventBookmark","Verbose","Stop","Loading drivers to control a newly discovered device.","System.Collections.ObjectModel.ReadOnlyCollection`1[System.String]","System.Collections.Generic.List`1[System.Diagnostics.Eventing.Reader.EventProperty]"
"The UMDF Host Process ({D09019DA-6EFA-4E7E-A516-E27E6608EA2D}) has loaded module C:\Windows\WinSxS\x86_microsoft.windows.gdiplus_6595b64144ccf1df_1.1.7600.17007_none_72f44f3186198a88\gdiplus.dll while loading drivers for device WPDBUSENUMROOT\UMB\2&37C186B&0&STORAGE#VOLUME#_??_USBSTOR#DISK&VEN_KINGSTON&PROD_DT_101_G2&REV_PMAP#001CC0EC346CBB90A71B00A5&0#.","2005","1",,"5","33","0","-9223372036854775808","30504","Microsoft-Windows-DriverFrameworks-UserMode","2e35aaeb-857f-4beb-a418-2e6c0e54d988","Microsoft-Windows-DriverFrameworks-UserMode/Operational","2820","1724","rjaf-PC4429","S-1-5-19","6/30/2015 4:02:26 AM",,,"c:\users\mac_1\desktop\winevt\logs\microsoft-windows-driverframeworks-usermode%4operational.evtx","System.UInt32[]","System.Diagnostics.Eventing.Reader.EventBookmark","Verbose","Info","Loading drivers to control a newly discovered device.","System.Collections.ObjectModel.ReadOnlyCollection`1[System.String]","System.Collections.Generic.List`1[System.Diagnostics.Eventing.Reader.EventProperty]"
"The UMDF Host Process ({D09019DA-6EFA-4E7E-A516-E27E6608EA2D}) has loaded module C:\Windows\System32\WMASF.DLL while loading drivers for device WPDBUSENUMROOT\UMB\2&37C186B&0&STORAGE#VOLUME#_??_USBSTOR#DISK&VEN_KINGSTON&PROD_DT_101_G2&REV_PMAP#001CC0EC346CBB90A71B00A5&0#.","2005","1",,"5","33","0","-9223372036854775808","30503","Microsoft-Windows-DriverFrameworks-UserMode","2e35aaeb-857f-4beb-a418-2e6c0e54d988","Microsoft-Windows-DriverFrameworks-UserMode/Operational","2820","1724","rjaf-PC4429","S-1-5-19","6/30/2015 4:02:26 AM",,,"c:\users\mac_1\desktop\winevt\logs\microsoft-windows-driverframeworks-usermode%4operational.evtx","System.UInt32[]","System.Diagnostics.Eventing.Reader.EventBookmark","Verbose","Info","Loading drivers to control a newly discovered device.","System.Collections.ObjectModel.ReadOnlyCollection`1[System.String]","System.Collections.Generic.List`1[System.Diagnostics.Eventing.Reader.EventProperty]"
"The UMDF Host Process ({D09019DA-6EFA-4E7E-A516-E27E6608EA2D}) has loaded module C:\Windows\System32\wmvcore.dll while loading drivers for device WPDBUSENUMROOT\UMB\2&37C186B&0&STORAGE#VOLUME#_??_USBSTOR#DISK&VEN_KINGSTON&PROD_DT_101_G2&REV_PMAP#001CC0EC346CBB90A71B00A5&0#.","2005","1",,"5","33","0","-9223372036854775808","30502","Microsoft-Windows-DriverFrameworks-UserMode","2e35aaeb-857f-4beb-a418-2e6c0e54d988","Microsoft-Windows-DriverFrameworks-UserMode/Operational","2820","1724","rjaf-PC4429","S-1-5-19","6/30/2015 4:02:26 AM",,,"c:\users\mac_1\desktop\winevt\logs\microsoft-windows-driverframeworks-usermode%4operational.evtx","System.UInt32[]","System.Diagnostics.Eventing.Reader.EventBookmark","Verbose","Info","Loading drivers to control a newly discovered device.","System.Collections.ObjectModel.ReadOnlyCollection`1[System.String]","System.Collections.Generic.List`1[System.Diagnostics.Eventing.Reader.EventProperty]"
"The UMDF Host Process ({D09019DA-6EFA-4E7E-A516-E27E6608EA2D}) has loaded module C:\Windows\System32\drivers\UMDF\WpdFs.dll while loading drivers for device WPDBUSENUMROOT\UMB\2&37C186B&0&STORAGE#VOLUME#_??_USBSTOR#DISK&VEN_KINGSTON&PROD_DT_101_G2&REV_PMAP#001CC0EC346CBB90A71B00A5&0#.","2005","1",,"5","33","0","-9223372036854775808","30501","Microsoft-Windows-DriverFrameworks-UserMode","2e35aaeb-857f-4beb-a418-2e6c0e54d988","Microsoft-Windows-DriverFrameworks-UserMode/Operational","2820","1724","rjaf-PC4429","S-1-5-19","6/30/2015 4:02:26 AM",,,"c:\users\mac_1\desktop\winevt\logs\microsoft-windows-driverframeworks-usermode%4operational.evtx","System.UInt32[]","System.Diagnostics.Eventing.Reader.EventBookmark","Verbose","Info","Loading drivers to control a newly discovered device.","System.Collections.ObjectModel.ReadOnlyCollection`1[System.String]","System.Collections.Generic.List`1[System.Diagnostics.Eventing.Reader.EventProperty]"
"The UMDF Host Process ({D09019DA-6EFA-4E7E-A516-E27E6608EA2D}) has loaded module C:\Windows\System32\WUDFx.dll while loading drivers for device WPDBUSENUMROOT\UMB\2&37C186B&0&STORAGE#VOLUME#_??_USBSTOR#DISK&VEN_KINGSTON&PROD_DT_101_G2&REV_PMAP#001CC0EC346CBB90A71B00A5&0#.","2005","1",,"5","33","0","-9223372036854775808","30500","Microsoft-Windows-DriverFrameworks-UserMode","2e35aaeb-857f-4beb-a418-2e6c0e54d988","Microsoft-Windows-DriverFrameworks-UserMode/Operational","2820","1724","rjaf-PC4429","S-1-5-19","6/30/2015 4:02:26 AM",,,"c:\users\mac_1\desktop\winevt\logs\microsoft-windows-driverframeworks-usermode%4operational.evtx","System.UInt32[]","System.Diagnostics.Eventing.Reader.EventBookmark","Verbose","Info","Loading drivers to control a newly discovered device.","System.Collections.ObjectModel.ReadOnlyCollection`1[System.String]","System.Collections.Generic.List`1[System.Diagnostics.Eventing.Reader.EventProperty]"
