"Forwarded a Pnp or Power operation (27, 0) for device WPDBUSENUMROOT\UMB\2&37C186B&0&STORAGE#VOLUME#_??_USBSTOR#DISK&VEN_GENERIC&PROD_FLASH_DISK&REV_8.07#F5176625&0# to the lower driver with status 0xC00000BB","2105","1",,"4","37","1","-9223372036854775808","30440","Microsoft-Windows-DriverFrameworks-UserMode","2e35aaeb-857f-4beb-a418-2e6c0e54d988","Microsoft-Windows-DriverFrameworks-UserMode/Operational","4912","1328","rjaf-PC4429","S-1-5-19","6/29/2015 12:17:35 PM",,,"c:\users\mac_1\desktop\winevt\logs\microsoft-windows-driverframeworks-usermode%4operational.evtx","System.UInt32[]","System.Diagnostics.Eventing.Reader.EventBookmark","Information","Start","Pnp or Power Management operation to a particular device.","System.Collections.ObjectModel.ReadOnlyCollection`1[System.String]","System.Collections.Generic.List`1[System.Diagnostics.Eventing.Reader.EventProperty]"
"Received a Pnp or Power operation (27, 0) for device WPDBUSENUMROOT\UMB\2&37C186B&0&STORAGE#VOLUME#_??_USBSTOR#DISK&VEN_GENERIC&PROD_FLASH_DISK&REV_8.07#F5176625&0#.","2100","1",,"4","37","1","-9223372036854775808","30439","Microsoft-Windows-DriverFrameworks-UserMode","2e35aaeb-857f-4beb-a418-2e6c0e54d988","Microsoft-Windows-DriverFrameworks-UserMode/Operational","4912","1328","rjaf-PC4429","S-1-5-19","6/29/2015 12:17:35 PM",,,"c:\users\mac_1\desktop\winevt\logs\microsoft-windows-driverframeworks-usermode%4operational.evtx","System.UInt32[]","System.Diagnostics.Eventing.Reader.EventBookmark","Information","Start","Pnp or Power Management operation to a particular device.","System.Collections.ObjectModel.ReadOnlyCollection`1[System.String]","System.Collections.Generic.List`1[System.Diagnostics.Eventing.Reader.EventProperty]"
"The UMDF Host successfully loaded the driver at level 0.","2006","1",,"5","33","2","-9223372036854775808","30438","Microsoft-Windows-DriverFrameworks-UserMode","2e35aaeb-857f-4beb-a418-2e6c0e54d988","Microsoft-Windows-DriverFrameworks-UserMode/Operational","4912","1328","rjaf-PC4429","S-1-5-19","6/29/2015 12:17:35 PM",,,"c:\users\mac_1\desktop\winevt\logs\microsoft-windows-driverframeworks-usermode%4operational.evtx","System.UInt32[]","System.Diagnostics.Eventing.Reader.EventBookmark","Verbose","Stop","Loading drivers to control a newly discovered device.","System.Collections.ObjectModel.ReadOnlyCollection`1[System.String]","System.Collections.Generic.List`1[System.Diagnostics.Eventing.Reader.EventProperty]"
"The UMDF Host Process ({3ABC9066-72E0-48B5-971E-7514458DE1D8}) has loaded module C:\Windows\WinSxS\x86_microsoft.windows.gdiplus_6595b64144ccf1df_1.1.7600.17007_none_72f44f3186198a88\gdiplus.dll while loading drivers for device WPDBUSENUMROOT\UMB\2&37C186B&0&STORAGE#VOLUME#_??_USBSTOR#DISK&VEN_GENERIC&PROD_FLASH_DISK&REV_8.07#F5176625&0#.","2005","1",,"5","33","0","-9223372036854775808","30437","Microsoft-Windows-DriverFrameworks-UserMode","2e35aaeb-857f-4beb-a418-2e6c0e54d988","Microsoft-Windows-DriverFrameworks-UserMode/Operational","4912","1328","rjaf-PC4429","S-1-5-19","6/29/2015 12:17:35 PM",,,"c:\users\mac_1\desktop\winevt\logs\microsoft-windows-driverframeworks-usermode%4operational.evtx","System.UInt32[]","System.Diagnostics.Eventing.Reader.EventBookmark","Verbose","Info","Loading drivers to control a newly discovered device.","System.Collections.ObjectModel.ReadOnlyCollection`1[System.String]","System.Collections.Generic.List`1[System.Diagnostics.Eventing.Reader.EventProperty]"
"The UMDF Host Process ({3ABC9066-72E0-48B5-971E-7514458DE1D8}) has loaded module C:\Windows\System32\WMASF.DLL while loading drivers for device WPDBUSENUMROOT\UMB\2&37C186B&0&STORAGE#VOLUME#_??_USBSTOR#DISK&VEN_GENERIC&PROD_FLASH_DISK&REV_8.07#F5176625&0#.","2005","1",,"5","33","0","-9223372036854775808","30436","Microsoft-Windows-DriverFrameworks-UserMode","2e35aaeb-857f-4beb-a418-2e6c0e54d988","Microsoft-Windows-DriverFrameworks-UserMode/Operational","4912","1328","rjaf-PC4429","S-1-5-19","6/29/2015 12:17:35 PM",,,"c:\users\mac_1\desktop\winevt\logs\microsoft-windows-driverframeworks-usermode%4operational.evtx","System.UInt32[]","System.Diagnostics.Eventing.Reader.EventBookmark","Verbose","Info","Loading drivers to control a newly discovered device.","System.Collections.ObjectModel.ReadOnlyCollection`1[System.String]","System.Collections.Generic.List`1[System.Diagnostics.Eventing.Reader.EventProperty]"
"The UMDF Host Process ({3ABC9066-72E0-48B5-971E-7514458DE1D8}) has loaded module C:\Windows\System32\wmvcore.dll while loading drivers for device WPDBUSENUMROOT\UMB\2&37C186B&0&STORAGE#VOLUME#_??_USBSTOR#DISK&VEN_GENERIC&PROD_FLASH_DISK&REV_8.07#F5176625&0#.","2005","1",,"5","33","0","-9223372036854775808","30435","Microsoft-Windows-DriverFrameworks-UserMode","2e35aaeb-857f-4beb-a418-2e6c0e54d988","Microsoft-Windows-DriverFrameworks-UserMode/Operational","4912","1328","rjaf-PC4429","S-1-5-19","6/29/2015 12:17:35 PM",,,"c:\users\mac_1\desktop\winevt\logs\microsoft-windows-driverframeworks-usermode%4operational.evtx","System.UInt32[]","System.Diagnostics.Eventing.Reader.EventBookmark","Verbose","Info","Loading drivers to control a newly discovered device.","System.Collections.ObjectModel.ReadOnlyCollection`1[System.String]","System.Collections.Generic.List`1[System.Diagnostics.Eventing.Reader.EventProperty]"
"The UMDF Host Process ({3ABC9066-72E0-48B5-971E-7514458DE1D8}) has loaded module C:\Windows\System32\drivers\UMDF\WpdFs.dll while loading drivers for device WPDBUSENUMROOT\UMB\2&37C186B&0&STORAGE#VOLUME#_??_USBSTOR#DISK&VEN_GENERIC&PROD_FLASH_DISK&REV_8.07#F5176625&0#.","2005","1",,"5","33","0","-9223372036854775808","30434","Microsoft-Windows-DriverFrameworks-UserMode","2e35aaeb-857f-4beb-a418-2e6c0e54d988","Microsoft-Windows-DriverFrameworks-UserMode/Operational","4912","1328","rjaf-PC4429","S-1-5-19","6/29/2015 12:17:35 PM",,,"c:\users\mac_1\desktop\winevt\logs\microsoft-windows-driverframeworks-usermode%4operational.evtx","System.UInt32[]","System.Diagnostics.Eventing.Reader.EventBookmark","Verbose","Info","Loading drivers to control a newly discovered device.","System.Collections.ObjectModel.ReadOnlyCollection`1[System.String]","System.Collections.Generic.List`1[System.Diagnostics.Eventing.Reader.EventProperty]"
"The UMDF Host Process ({3ABC9066-72E0-48B5-971E-7514458DE1D8}) has loaded module C:\Windows\System32\WUDFx.dll while loading drivers for device WPDBUSENUMROOT\UMB\2&37C186B&0&STORAGE#VOLUME#_??_USBSTOR#DISK&VEN_GENERIC&PROD_FLASH_DISK&REV_8.07#F5176625&0#.","2005","1",,"5","33","0","-9223372036854775808","30433","Microsoft-Windows-DriverFrameworks-UserMode","2e35aaeb-857f-4beb-a418-2e6c0e54d988","Microsoft-Windows-DriverFrameworks-UserMode/Operational","4912","1328","rjaf-PC4429","S-1-5-19","6/29/2015 12:17:35 PM",,,"c:\users\mac_1\desktop\winevt\logs\microsoft-windows-driverframeworks-usermode%4operational.evtx","System.UInt32[]","System.Diagnostics.Eventing.Reader.EventBookmark","Verbose","Info","Loading drivers to control a newly discovered device.","System.Collections.ObjectModel.ReadOnlyCollection`1[System.String]","System.Collections.Generic.List`1[System.Diagnostics.Eventing.Reader.EventProperty]"
"The UMDF Host is loading driver WpdFs at level 0 for device WPDBUSENUMROOT\UMB\2&37C186B&0&STORAGE#VOLUME#_??_USBSTOR#DISK&VEN_GENERIC&PROD_FLASH_DISK&REV_8.07#F5176625&0#.","2004","1",,"5","33","1","-9223372036854775808","30432","Microsoft-Windows-DriverFrameworks-UserMode","2e35aaeb-857f-4beb-a418-2e6c0e54d988","Microsoft-Windows-DriverFrameworks-UserMode/Operational","4912","1328","rjaf-PC4429","S-1-5-19","6/29/2015 12:17:35 PM",,,"c:\users\mac_1\desktop\winevt\logs\microsoft-windows-driverframeworks-usermode%4operational.evtx","System.UInt32[]","System.Diagnostics.Eventing.Reader.EventBookmark","Verbose","Start","Loading drivers to control a newly discovered device.","System.Collections.ObjectModel.ReadOnlyCollection`1[System.String]","System.Collections.Generic.List`1[System.Diagnostics.Eventing.Reader.EventProperty]"
"The UMDF Host Process ({3ABC9066-72E0-48B5-971E-7514458DE1D8}) has successfully loaded drivers for device WPDBUSENUMROOT\UMB\2&37C186B&0&STORAGE#VOLUME#_??_USBSTOR#DISK&VEN_GENERIC&PROD_FLASH_DISK&REV_8.07#F5176625&0#.","2010","1",,"4","33","2","-9223372036854775808","30431","Microsoft-Windows-DriverFrameworks-UserMode","2e35aaeb-857f-4beb-a418-2e6c0e54d988","Microsoft-Windows-DriverFrameworks-UserMode/Operational","4912","1328","rjaf-PC4429","S-1-5-19","6/29/2015 12:17:35 PM",,,"c:\users\mac_1\desktop\winevt\logs\microsoft-windows-driverframeworks-usermode%4operational.evtx","System.UInt32[]","System.Diagnostics.Eventing.Reader.EventBookmark","Information","Stop","Loading drivers to control a newly discovered device.","System.Collections.ObjectModel.ReadOnlyCollection`1[System.String]","System.Collections.Generic.List`1[System.Diagnostics.Eventing.Reader.EventProperty]"
"The UMDF Host Process ({3ABC9066-72E0-48B5-971E-7514458DE1D8}) has been asked to load drivers for device WPDBUSENUMROOT\UMB\2&37C186B&0&STORAGE#VOLUME#_??_USBSTOR#DISK&VEN_GENERIC&PROD_FLASH_DISK&REV_8.07#F5176625&0#.","2003","1",,"4","33","1","-9223372036854775808","30430","Microsoft-Windows-DriverFrameworks-UserMode","2e35aaeb-857f-4beb-a418-2e6c0e54d988","Microsoft-Windows-DriverFrameworks-UserMode/Operational","4912","1328","rjaf-PC4429","S-1-5-19","6/29/2015 12:17:35 PM",,,"c:\users\mac_1\desktop\winevt\logs\microsoft-windows-driverframeworks-usermode%4operational.evtx","System.UInt32[]","System.Diagnostics.Eventing.Reader.EventBookmark","Information","Start","Loading drivers to control a newly discovered device.","System.Collections.ObjectModel.ReadOnlyCollection`1[System.String]","System.Collections.Generic.List`1[System.Diagnostics.Eventing.Reader.EventProperty]"
"The host process ({3ABC9066-72E0-48B5-971E-7514458DE1D8}) started successfully.","1004","1",,"4","17","2","-9223372036854775808","30429","Microsoft-Windows-DriverFrameworks-UserMode","2e35aaeb-857f-4beb-a418-2e6c0e54d988","Microsoft-Windows-DriverFrameworks-UserMode/Operational","1408","1772","rjaf-PC4429","S-1-5-18","6/29/2015 12:17:35 PM",,,"c:\users\mac_1\desktop\winevt\logs\microsoft-windows-driverframeworks-usermode%4operational.evtx","System.UInt32[]","System.Diagnostics.Eventing.Reader.EventBookmark","Information","Stop","Creation of a new driver host process.","System.Collections.ObjectModel.ReadOnlyCollection`1[System.String]","System.Collections.Generic.List`1[System.Diagnostics.Eventing.Reader.EventProperty]"
"The UMDF Host Process ({3ABC9066-72E0-48B5-971E-7514458DE1D8}) started successfully.","2001","1",,"4","32","2","-9223372036854775808","30428","Microsoft-Windows-DriverFrameworks-UserMode","2e35aaeb-857f-4beb-a418-2e6c0e54d988","Microsoft-Windows-DriverFrameworks-UserMode/Operational","4912","3616","rjaf-PC4429","S-1-5-19","6/29/2015 12:17:35 PM",,,"c:\users\mac_1\desktop\winevt\logs\microsoft-windows-driverframeworks-usermode%4operational.evtx","System.UInt32[]","System.Diagnostics.Eventing.Reader.EventBookmark","Information","Stop","Startup of a new driver host process.","System.Collections.ObjectModel.ReadOnlyCollection`1[System.String]","System.Collections.Generic.List`1[System.Diagnostics.Eventing.Reader.EventProperty]"
"The UMDF Host Process ({3ABC9066-72E0-48B5-971E-7514458DE1D8}) is starting up.","2000","1",,"4","32","1","-9223372036854775808","30427","Microsoft-Windows-DriverFrameworks-UserMode","2e35aaeb-857f-4beb-a418-2e6c0e54d988","Microsoft-Windows-DriverFrameworks-UserMode/Operational","4912","3616","rjaf-PC4429","S-1-5-19","6/29/2015 12:17:35 PM",,,"c:\users\mac_1\desktop\winevt\logs\microsoft-windows-driverframeworks-usermode%4operational.evtx","System.UInt32[]","System.Diagnostics.Eventing.Reader.EventBookmark","Information","Start","Startup of a new driver host process.","System.Collections.ObjectModel.ReadOnlyCollection`1[System.String]","System.Collections.Generic.List`1[System.Diagnostics.Eventing.Reader.EventProperty]"
"The Driver Manager service is starting a host process for device WPDBUSENUMROOT.UMB.2&37C186B&0&STORAGE#VOLUME#_??_USBSTOR#DISK&VEN_GENERIC&PROD_FLASH_DISK&REV_8.07#F5176625&0#.","1003","1",,"4","17","1","-9223372036854775808","30426","Microsoft-Windows-DriverFrameworks-UserMode","2e35aaeb-857f-4beb-a418-2e6c0e54d988","Microsoft-Windows-DriverFrameworks-UserMode/Operational","1408","1772","rjaf-PC4429","S-1-5-18","6/29/2015 12:17:35 PM",,,"c:\users\mac_1\desktop\winevt\logs\microsoft-windows-driverframeworks-usermode%4operational.evtx","System.UInt32[]","System.Diagnostics.Eventing.Reader.EventBookmark","Information","Start","Creation of a new driver host process.","System.Collections.ObjectModel.ReadOnlyCollection`1[System.String]","System.Collections.Generic.List`1[System.Diagnostics.Eventing.Reader.EventProperty]"
"The host process ({64A9C5C7-F5FC-438B-B027-EE7284F8CF8D}) has been shutdown.","1008","1",,"4","18","2","-9223372036854775808","30425","Microsoft-Windows-DriverFrameworks-UserMode","2e35aaeb-857f-4beb-a418-2e6c0e54d988","Microsoft-Windows-DriverFrameworks-UserMode/Operational","1408","1772","rjaf-PC4429","S-1-5-18","6/29/2015 12:11:57 AM",,,"c:\users\mac_1\desktop\winevt\logs\microsoft-windows-driverframeworks-usermode%4operational.evtx","System.UInt32[]","System.Diagnostics.Eventing.Reader.EventBookmark","Information","Stop","Shutdown of a driver host process.","System.Collections.ObjectModel.ReadOnlyCollection`1[System.String]","System.Collections.Generic.List`1[System.Diagnostics.Eventing.Reader.EventProperty]"
"The UMDF Host ({64A9C5C7-F5FC-438B-B027-EE7284F8CF8D}) has shutdown.","2901","1",,"4","41","2","-9223372036854775808","30424","Microsoft-Windows-DriverFrameworks-UserMode","2e35aaeb-857f-4beb-a418-2e6c0e54d988","Microsoft-Windows-DriverFrameworks-UserMode/Operational","3956","1764","rjaf-PC4429","S-1-5-19","6/29/2015 12:11:57 AM",,,"c:\users\mac_1\desktop\winevt\logs\microsoft-windows-driverframeworks-usermode%4operational.evtx","System.UInt32[]","System.Diagnostics.Eventing.Reader.EventBookmark","Information","Stop","Shutdown of a driver host process.","System.Collections.ObjectModel.ReadOnlyCollection`1[System.String]","System.Collections.Generic.List`1[System.Diagnostics.Eventing.Reader.EventProperty]"
"The UMDF Host ({64A9C5C7-F5FC-438B-B027-EE7284F8CF8D}) has been asked to shutdown.","2900","1",,"4","41","1","-9223372036854775808","30423","Microsoft-Windows-DriverFrameworks-UserMode","2e35aaeb-857f-4beb-a418-2e6c0e54d988","Microsoft-Windows-DriverFrameworks-UserMode/Operational","3956","336","rjaf-PC4429","S-1-5-19","6/29/2015 12:11:57 AM",,,"c:\users\mac_1\desktop\winevt\logs\microsoft-windows-driverframeworks-usermode%4operational.evtx","System.UInt32[]","System.Diagnostics.Eventing.Reader.EventBookmark","Information","Start","Shutdown of a driver host process.","System.Collections.ObjectModel.ReadOnlyCollection`1[System.String]","System.Collections.Generic.List`1[System.Diagnostics.Eventing.Reader.EventProperty]"
"The host process ({64A9C5C7-F5FC-438B-B027-EE7284F8CF8D}) is being asked to shutdown.","1006","1",,"4","18","1","-9223372036854775808","30422","Microsoft-Windows-DriverFrameworks-UserMode","2e35aaeb-857f-4beb-a418-2e6c0e54d988","Microsoft-Windows-DriverFrameworks-UserMode/Operational","1408","1772","rjaf-PC4429","S-1-5-18","6/29/2015 12:11:57 AM",,,"c:\users\mac_1\desktop\winevt\logs\microsoft-windows-driverframeworks-usermode%4operational.evtx","System.UInt32[]","System.Diagnostics.Eventing.Reader.EventBookmark","Information","Start","Shutdown of a driver host process.","System.Collections.ObjectModel.ReadOnlyCollection`1[System.String]","System.Collections.Generic.List`1[System.Diagnostics.Eventing.Reader.EventProperty]"
"Forwarded a finished Pnp or Power operation (27, 2) to the lower driver for device WPDBUSENUMROOT\UMB\2&37C186B&0&STORAGE#VOLUME#_??_USBSTOR#DISK&VEN_V88&PROD_V88&REV_5.00#27171200F27AB504&0# with status 0xC00000BB.","2102","1",,"4","37","2","-9223372036854775808","30421","Microsoft-Windows-DriverFrameworks-UserMode","2e35aaeb-857f-4beb-a418-2e6c0e54d988","Microsoft-Windows-DriverFrameworks-UserMode/Operational","3956","336","rjaf-PC4429","S-1-5-19","6/29/2015 12:11:57 AM",,,"c:\users\mac_1\desktop\winevt\logs\microsoft-windows-driverframeworks-usermode%4operational.evtx","System.UInt32[]","System.Diagnostics.Eventing.Reader.EventBookmark","Information","Stop","Pnp or Power Management operation to a particular device.","System.Collections.ObjectModel.ReadOnlyCollection`1[System.String]","System.Collections.Generic.List`1[System.Diagnostics.Eventing.Reader.EventProperty]"
"Received a Pnp or Power operation (27, 2) for device WPDBUSENUMROOT\UMB\2&37C186B&0&STORAGE#VOLUME#_??_USBSTOR#DISK&VEN_V88&PROD_V88&REV_5.00#27171200F27AB504&0#.","2100","1",,"4","37","1","-9223372036854775808","30420","Microsoft-Windows-DriverFrameworks-UserMode","2e35aaeb-857f-4beb-a418-2e6c0e54d988","Microsoft-Windows-DriverFrameworks-UserMode/Operational","3956","336","rjaf-PC4429","S-1-5-19","6/29/2015 12:11:57 AM",,,"c:\users\mac_1\desktop\winevt\logs\microsoft-windows-driverframeworks-usermode%4operational.evtx","System.UInt32[]","System.Diagnostics.Eventing.Reader.EventBookmark","Information","Start","Pnp or Power Management operation to a particular device.","System.Collections.ObjectModel.ReadOnlyCollection`1[System.String]","System.Collections.Generic.List`1[System.Diagnostics.Eventing.Reader.EventProperty]"
"Forwarded a finished Pnp or Power operation (27, 23) to the lower driver for device WPDBUSENUMROOT\UMB\2&37C186B&0&STORAGE#VOLUME#_??_USBSTOR#DISK&VEN_V88&PROD_V88&REV_5.00#27171200F27AB504&0# with status 0xC00000BB.","2102","1",,"4","37","2","-9223372036854775808","30419","Microsoft-Windows-DriverFrameworks-UserMode","2e35aaeb-857f-4beb-a418-2e6c0e54d988","Microsoft-Windows-DriverFrameworks-UserMode/Operational","3956","336","rjaf-PC4429","S-1-5-19","6/29/2015 12:11:57 AM",,,"c:\users\mac_1\desktop\winevt\logs\microsoft-windows-driverframeworks-usermode%4operational.evtx","System.UInt32[]","System.Diagnostics.Eventing.Reader.EventBookmark","Information","Stop","Pnp or Power Management operation to a particular device.","System.Collections.ObjectModel.ReadOnlyCollection`1[System.String]","System.Collections.Generic.List`1[System.Diagnostics.Eventing.Reader.EventProperty]"
"Received a Pnp or Power operation (27, 23) for device WPDBUSENUMROOT\UMB\2&37C186B&0&STORAGE#VOLUME#_??_USBSTOR#DISK&VEN_V88&PROD_V88&REV_5.00#27171200F27AB504&0#.","2100","1",,"4","37","1","-9223372036854775808","30418","Microsoft-Windows-DriverFrameworks-UserMode","2e35aaeb-857f-4beb-a418-2e6c0e54d988","Microsoft-Windows-DriverFrameworks-UserMode/Operational","3956","336","rjaf-PC4429","S-1-5-19","6/29/2015 12:11:57 AM",,,"c:\users\mac_1\desktop\winevt\logs\microsoft-windows-driverframeworks-usermode%4operational.evtx","System.UInt32[]","System.Diagnostics.Eventing.Reader.EventBookmark","Information","Start","Pnp or Power Management operation to a particular device.","System.Collections.ObjectModel.ReadOnlyCollection`1[System.String]","System.Collections.Generic.List`1[System.Diagnostics.Eventing.Reader.EventProperty]"
"Completed a Pnp or Power operation (27, 20) for device WPDBUSENUMROOT\UMB\2&37C186B&0&STORAGE#VOLUME#_??_USBSTOR#DISK&VEN_V88&PROD_V88&REV_5.00#27171200F27AB504&0# with status 0x0.","2101","1",,"4","37","2","-9223372036854775808","30417","Microsoft-Windows-DriverFrameworks-UserMode","2e35aaeb-857f-4beb-a418-2e6c0e54d988","Microsoft-Windows-DriverFrameworks-UserMode/Operational","3956","336","rjaf-PC4429","S-1-5-19","6/29/2015 12:06:49 AM",,,"c:\users\mac_1\desktop\winevt\logs\microsoft-windows-driverframeworks-usermode%4operational.evtx","System.UInt32[]","System.Diagnostics.Eventing.Reader.EventBookmark","Information","Stop","Pnp or Power Management operation to a particular device.","System.Collections.ObjectModel.ReadOnlyCollection`1[System.String]","System.Collections.Generic.List`1[System.Diagnostics.Eventing.Reader.EventProperty]"
"Received a Pnp or Power operation (27, 20) for device WPDBUSENUMROOT\UMB\2&37C186B&0&STORAGE#VOLUME#_??_USBSTOR#DISK&VEN_V88&PROD_V88&REV_5.00#27171200F27AB504&0# which was completed by the lower drivers with status 0x0","2106","1",,"4","37","1","-9223372036854775808","30416","Microsoft-Windows-DriverFrameworks-UserMode","2e35aaeb-857f-4beb-a418-2e6c0e54d988","Microsoft-Windows-DriverFrameworks-UserMode/Operational","3956","336","rjaf-PC4429","S-1-5-19","6/29/2015 12:06:49 AM",,,"c:\users\mac_1\desktop\winevt\logs\microsoft-windows-driverframeworks-usermode%4operational.evtx","System.UInt32[]","System.Diagnostics.Eventing.Reader.EventBookmark","Information","Start","Pnp or Power Management operation to a particular device.","System.Collections.ObjectModel.ReadOnlyCollection`1[System.String]","System.Collections.Generic.List`1[System.Diagnostics.Eventing.Reader.EventProperty]"
"Forwarded a Pnp or Power operation (27, 20) for device WPDBUSENUMROOT\UMB\2&37C186B&0&STORAGE#VOLUME#_??_USBSTOR#DISK&VEN_V88&PROD_V88&REV_5.00#27171200F27AB504&0# to the lower driver with status 0xC00000BB","2105","1",,"4","37","1","-9223372036854775808","30415","Microsoft-Windows-DriverFrameworks-UserMode","2e35aaeb-857f-4beb-a418-2e6c0e54d988","Microsoft-Windows-DriverFrameworks-UserMode/Operational","3956","336","rjaf-PC4429","S-1-5-19","6/29/2015 12:06:49 AM",,,"c:\users\mac_1\desktop\winevt\logs\microsoft-windows-driverframeworks-usermode%4operational.evtx","System.UInt32[]","System.Diagnostics.Eventing.Reader.EventBookmark","Information","Start","Pnp or Power Management operation to a particular device.","System.Collections.ObjectModel.ReadOnlyCollection`1[System.String]","System.Collections.Generic.List`1[System.Diagnostics.Eventing.Reader.EventProperty]"
"Received a Pnp or Power operation (27, 20) for device WPDBUSENUMROOT\UMB\2&37C186B&0&STORAGE#VOLUME#_??_USBSTOR#DISK&VEN_V88&PROD_V88&REV_5.00#27171200F27AB504&0#.","2100","1",,"4","37","1","-9223372036854775808","30414","Microsoft-Windows-DriverFrameworks-UserMode","2e35aaeb-857f-4beb-a418-2e6c0e54d988","Microsoft-Windows-DriverFrameworks-UserMode/Operational","3956","336","rjaf-PC4429","S-1-5-19","6/29/2015 12:06:49 AM",,,"c:\users\mac_1\desktop\winevt\logs\microsoft-windows-driverframeworks-usermode%4operational.evtx","System.UInt32[]","System.Diagnostics.Eventing.Reader.EventBookmark","Information","Start","Pnp or Power Management operation to a particular device.","System.Collections.ObjectModel.ReadOnlyCollection`1[System.String]","System.Collections.Generic.List`1[System.Diagnostics.Eventing.Reader.EventProperty]"
"Completed a Pnp or Power operation (27, 9) for device WPDBUSENUMROOT\UMB\2&37C186B&0&STORAGE#VOLUME#_??_USBSTOR#DISK&VEN_V88&PROD_V88&REV_5.00#27171200F27AB504&0# with status 0x0.","2101","1",,"4","37","2","-9223372036854775808","30413","Microsoft-Windows-DriverFrameworks-UserMode","2e35aaeb-857f-4beb-a418-2e6c0e54d988","Microsoft-Windows-DriverFrameworks-UserMode/Operational","3956","6076","rjaf-PC4429","S-1-5-19","6/29/2015 12:06:49 AM",,,"c:\users\mac_1\desktop\winevt\logs\microsoft-windows-driverframeworks-usermode%4operational.evtx","System.UInt32[]","System.Diagnostics.Eventing.Reader.EventBookmark","Information","Stop","Pnp or Power Management operation to a particular device.","System.Collections.ObjectModel.ReadOnlyCollection`1[System.String]","System.Collections.Generic.List`1[System.Diagnostics.Eventing.Reader.EventProperty]"
"Received a Pnp or Power operation (27, 9) for device WPDBUSENUMROOT\UMB\2&37C186B&0&STORAGE#VOLUME#_??_USBSTOR#DISK&VEN_V88&PROD_V88&REV_5.00#27171200F27AB504&0# which was completed by the lower drivers with status 0x0","2106","1",,"4","37","1","-9223372036854775808","30412","Microsoft-Windows-DriverFrameworks-UserMode","2e35aaeb-857f-4beb-a418-2e6c0e54d988","Microsoft-Windows-DriverFrameworks-UserMode/Operational","3956","6076","rjaf-PC4429","S-1-5-19","6/29/2015 12:06:49 AM",,,"c:\users\mac_1\desktop\winevt\logs\microsoft-windows-driverframeworks-usermode%4operational.evtx","System.UInt32[]","System.Diagnostics.Eventing.Reader.EventBookmark","Information","Start","Pnp or Power Management operation to a particular device.","System.Collections.ObjectModel.ReadOnlyCollection`1[System.String]","System.Collections.Generic.List`1[System.Diagnostics.Eventing.Reader.EventProperty]"
"Forwarded a Pnp or Power operation (27, 9) for device WPDBUSENUMROOT\UMB\2&37C186B&0&STORAGE#VOLUME#_??_USBSTOR#DISK&VEN_V88&PROD_V88&REV_5.00#27171200F27AB504&0# to the lower driver with status 0xC00000BB","2105","1",,"4","37","1","-9223372036854775808","30411","Microsoft-Windows-DriverFrameworks-UserMode","2e35aaeb-857f-4beb-a418-2e6c0e54d988","Microsoft-Windows-DriverFrameworks-UserMode/Operational","3956","6076","rjaf-PC4429","S-1-5-19","6/29/2015 12:06:49 AM",,,"c:\users\mac_1\desktop\winevt\logs\microsoft-windows-driverframeworks-usermode%4operational.evtx","System.UInt32[]","System.Diagnostics.Eventing.Reader.EventBookmark","Information","Start","Pnp or Power Management operation to a particular device.","System.Collections.ObjectModel.ReadOnlyCollection`1[System.String]","System.Collections.Generic.List`1[System.Diagnostics.Eventing.Reader.EventProperty]"
"Received a Pnp or Power operation (27, 9) for device WPDBUSENUMROOT\UMB\2&37C186B&0&STORAGE#VOLUME#_??_USBSTOR#DISK&VEN_V88&PROD_V88&REV_5.00#27171200F27AB504&0#.","2100","1",,"4","37","1","-9223372036854775808","30410","Microsoft-Windows-DriverFrameworks-UserMode","2e35aaeb-857f-4beb-a418-2e6c0e54d988","Microsoft-Windows-DriverFrameworks-UserMode/Operational","3956","6076","rjaf-PC4429","S-1-5-19","6/29/2015 12:06:49 AM",,,"c:\users\mac_1\desktop\winevt\logs\microsoft-windows-driverframeworks-usermode%4operational.evtx","System.UInt32[]","System.Diagnostics.Eventing.Reader.EventBookmark","Information","Start","Pnp or Power Management operation to a particular device.","System.Collections.ObjectModel.ReadOnlyCollection`1[System.String]","System.Collections.Generic.List`1[System.Diagnostics.Eventing.Reader.EventProperty]"
"Completed a Pnp or Power operation (27, 0) for device WPDBUSENUMROOT\UMB\2&37C186B&0&STORAGE#VOLUME#_??_USBSTOR#DISK&VEN_V88&PROD_V88&REV_5.00#27171200F27AB504&0# with status 0x0.","2101","1",,"4","37","2","-9223372036854775808","30409","Microsoft-Windows-DriverFrameworks-UserMode","2e35aaeb-857f-4beb-a418-2e6c0e54d988","Microsoft-Windows-DriverFrameworks-UserMode/Operational","3956","336","rjaf-PC4429","S-1-5-19","6/29/2015 12:06:49 AM",,,"c:\users\mac_1\desktop\winevt\logs\microsoft-windows-driverframeworks-usermode%4operational.evtx","System.UInt32[]","System.Diagnostics.Eventing.Reader.EventBookmark","Information","Stop","Pnp or Power Management operation to a particular device.","System.Collections.ObjectModel.ReadOnlyCollection`1[System.String]","System.Collections.Generic.List`1[System.Diagnostics.Eventing.Reader.EventProperty]"
"Received a Pnp or Power operation (27, 0) for device WPDBUSENUMROOT\UMB\2&37C186B&0&STORAGE#VOLUME#_??_USBSTOR#DISK&VEN_V88&PROD_V88&REV_5.00#27171200F27AB504&0# which was completed by the lower drivers with status 0x0","2106","1",,"4","37","1","-9223372036854775808","30408","Microsoft-Windows-DriverFrameworks-UserMode","2e35aaeb-857f-4beb-a418-2e6c0e54d988","Microsoft-Windows-DriverFrameworks-UserMode/Operational","3956","336","rjaf-PC4429","S-1-5-19","6/29/2015 12:06:49 AM",,,"c:\users\mac_1\desktop\winevt\logs\microsoft-windows-driverframeworks-usermode%4operational.evtx","System.UInt32[]","System.Diagnostics.Eventing.Reader.EventBookmark","Information","Start","Pnp or Power Management operation to a particular device.","System.Collections.ObjectModel.ReadOnlyCollection`1[System.String]","System.Collections.Generic.List`1[System.Diagnostics.Eventing.Reader.EventProperty]"
"Forwarded a Pnp or Power operation (27, 0) for device WPDBUSENUMROOT\UMB\2&37C186B&0&STORAGE#VOLUME#_??_USBSTOR#DISK&VEN_V88&PROD_V88&REV_5.00#27171200F27AB504&0# to the lower driver with status 0xC00000BB","2105","1",,"4","37","1","-9223372036854775808","30407","Microsoft-Windows-DriverFrameworks-UserMode","2e35aaeb-857f-4beb-a418-2e6c0e54d988","Microsoft-Windows-DriverFrameworks-UserMode/Operational","3956","336","rjaf-PC4429","S-1-5-19","6/29/2015 12:06:49 AM",,,"c:\users\mac_1\desktop\winevt\logs\microsoft-windows-driverframeworks-usermode%4operational.evtx","System.UInt32[]","System.Diagnostics.Eventing.Reader.EventBookmark","Information","Start","Pnp or Power Management operation to a particular device.","System.Collections.ObjectModel.ReadOnlyCollection`1[System.String]","System.Collections.Generic.List`1[System.Diagnostics.Eventing.Reader.EventProperty]"
"Received a Pnp or Power operation (27, 0) for device WPDBUSENUMROOT\UMB\2&37C186B&0&STORAGE#VOLUME#_??_USBSTOR#DISK&VEN_V88&PROD_V88&REV_5.00#27171200F27AB504&0#.","2100","1",,"4","37","1","-9223372036854775808","30406","Microsoft-Windows-DriverFrameworks-UserMode","2e35aaeb-857f-4beb-a418-2e6c0e54d988","Microsoft-Windows-DriverFrameworks-UserMode/Operational","3956","336","rjaf-PC4429","S-1-5-19","6/29/2015 12:06:49 AM",,,"c:\users\mac_1\desktop\winevt\logs\microsoft-windows-driverframeworks-usermode%4operational.evtx","System.UInt32[]","System.Diagnostics.Eventing.Reader.EventBookmark","Information","Start","Pnp or Power Management operation to a particular device.","System.Collections.ObjectModel.ReadOnlyCollection`1[System.String]","System.Collections.Generic.List`1[System.Diagnostics.Eventing.Reader.EventProperty]"
"The UMDF Host successfully loaded the driver at level 0.","2006","1",,"5","33","2","-9223372036854775808","30405","Microsoft-Windows-DriverFrameworks-UserMode","2e35aaeb-857f-4beb-a418-2e6c0e54d988","Microsoft-Windows-DriverFrameworks-UserMode/Operational","3956","336","rjaf-PC4429","S-1-5-19","6/29/2015 12:06:49 AM",,,"c:\users\mac_1\desktop\winevt\logs\microsoft-windows-driverframeworks-usermode%4operational.evtx","System.UInt32[]","System.Diagnostics.Eventing.Reader.EventBookmark","Verbose","Stop","Loading drivers to control a newly discovered device.","System.Collections.ObjectModel.ReadOnlyCollection`1[System.String]","System.Collections.Generic.List`1[System.Diagnostics.Eventing.Reader.EventProperty]"
"The UMDF Host Process ({64A9C5C7-F5FC-438B-B027-EE7284F8CF8D}) has loaded module C:\Windows\WinSxS\x86_microsoft.windows.gdiplus_6595b64144ccf1df_1.1.7600.17007_none_72f44f3186198a88\gdiplus.dll while loading drivers for device WPDBUSENUMROOT\UMB\2&37C186B&0&STORAGE#VOLUME#_??_USBSTOR#DISK&VEN_V88&PROD_V88&REV_5.00#27171200F27AB504&0#.","2005","1",,"5","33","0","-9223372036854775808","30404","Microsoft-Windows-DriverFrameworks-UserMode","2e35aaeb-857f-4beb-a418-2e6c0e54d988","Microsoft-Windows-DriverFrameworks-UserMode/Operational","3956","336","rjaf-PC4429","S-1-5-19","6/29/2015 12:06:49 AM",,,"c:\users\mac_1\desktop\winevt\logs\microsoft-windows-driverframeworks-usermode%4operational.evtx","System.UInt32[]","System.Diagnostics.Eventing.Reader.EventBookmark","Verbose","Info","Loading drivers to control a newly discovered device.","System.Collections.ObjectModel.ReadOnlyCollection`1[System.String]","System.Collections.Generic.List`1[System.Diagnostics.Eventing.Reader.EventProperty]"
"The UMDF Host Process ({64A9C5C7-F5FC-438B-B027-EE7284F8CF8D}) has loaded module C:\Windows\System32\WMASF.DLL while loading drivers for device WPDBUSENUMROOT\UMB\2&37C186B&0&STORAGE#VOLUME#_??_USBSTOR#DISK&VEN_V88&PROD_V88&REV_5.00#27171200F27AB504&0#.","2005","1",,"5","33","0","-9223372036854775808","30403","Microsoft-Windows-DriverFrameworks-UserMode","2e35aaeb-857f-4beb-a418-2e6c0e54d988","Microsoft-Windows-DriverFrameworks-UserMode/Operational","3956","336","rjaf-PC4429","S-1-5-19","6/29/2015 12:06:49 AM",,,"c:\users\mac_1\desktop\winevt\logs\microsoft-windows-driverframeworks-usermode%4operational.evtx","System.UInt32[]","System.Diagnostics.Eventing.Reader.EventBookmark","Verbose","Info","Loading drivers to control a newly discovered device.","System.Collections.ObjectModel.ReadOnlyCollection`1[System.String]","System.Collections.Generic.List`1[System.Diagnostics.Eventing.Reader.EventProperty]"
"The UMDF Host Process ({64A9C5C7-F5FC-438B-B027-EE7284F8CF8D}) has loaded module C:\Windows\System32\wmvcore.dll while loading drivers for device WPDBUSENUMROOT\UMB\2&37C186B&0&STORAGE#VOLUME#_??_USBSTOR#DISK&VEN_V88&PROD_V88&REV_5.00#27171200F27AB504&0#.","2005","1",,"5","33","0","-9223372036854775808","30402","Microsoft-Windows-DriverFrameworks-UserMode","2e35aaeb-857f-4beb-a418-2e6c0e54d988","Microsoft-Windows-DriverFrameworks-UserMode/Operational","3956","336","rjaf-PC4429","S-1-5-19","6/29/2015 12:06:49 AM",,,"c:\users\mac_1\desktop\winevt\logs\microsoft-windows-driverframeworks-usermode%4operational.evtx","System.UInt32[]","System.Diagnostics.Eventing.Reader.EventBookmark","Verbose","Info","Loading drivers to control a newly discovered device.","System.Collections.ObjectModel.ReadOnlyCollection`1[System.String]","System.Collections.Generic.List`1[System.Diagnostics.Eventing.Reader.EventProperty]"
"The UMDF Host Process ({64A9C5C7-F5FC-438B-B027-EE7284F8CF8D}) has loaded module C:\Windows\System32\drivers\UMDF\WpdFs.dll while loading drivers for device WPDBUSENUMROOT\UMB\2&37C186B&0&STORAGE#VOLUME#_??_USBSTOR#DISK&VEN_V88&PROD_V88&REV_5.00#27171200F27AB504&0#.","2005","1",,"5","33","0","-9223372036854775808","30401","Microsoft-Windows-DriverFrameworks-UserMode","2e35aaeb-857f-4beb-a418-2e6c0e54d988","Microsoft-Windows-DriverFrameworks-UserMode/Operational","3956","336","rjaf-PC4429","S-1-5-19","6/29/2015 12:06:49 AM",,,"c:\users\mac_1\desktop\winevt\logs\microsoft-windows-driverframeworks-usermode%4operational.evtx","System.UInt32[]","System.Diagnostics.Eventing.Reader.EventBookmark","Verbose","Info","Loading drivers to control a newly discovered device.","System.Collections.ObjectModel.ReadOnlyCollection`1[System.String]","System.Collections.Generic.List`1[System.Diagnostics.Eventing.Reader.EventProperty]"
"The UMDF Host Process ({64A9C5C7-F5FC-438B-B027-EE7284F8CF8D}) has loaded module C:\Windows\System32\WUDFx.dll while loading drivers for device WPDBUSENUMROOT\UMB\2&37C186B&0&STORAGE#VOLUME#_??_USBSTOR#DISK&VEN_V88&PROD_V88&REV_5.00#27171200F27AB504&0#.","2005","1",,"5","33","0","-9223372036854775808","30400","Microsoft-Windows-DriverFrameworks-UserMode","2e35aaeb-857f-4beb-a418-2e6c0e54d988","Microsoft-Windows-DriverFrameworks-UserMode/Operational","3956","336","rjaf-PC4429","S-1-5-19","6/29/2015 12:06:49 AM",,,"c:\users\mac_1\desktop\winevt\logs\microsoft-windows-driverframeworks-usermode%4operational.evtx","System.UInt32[]","System.Diagnostics.Eventing.Reader.EventBookmark","Verbose","Info","Loading drivers to control a newly discovered device.","System.Collections.ObjectModel.ReadOnlyCollection`1[System.String]","System.Collections.Generic.List`1[System.Diagnostics.Eventing.Reader.EventProperty]"
"The UMDF Host is loading driver WpdFs at level 0 for device WPDBUSENUMROOT\UMB\2&37C186B&0&STORAGE#VOLUME#_??_USBSTOR#DISK&VEN_V88&PROD_V88&REV_5.00#27171200F27AB504&0#.","2004","1",,"5","33","1","-9223372036854775808","30399","Microsoft-Windows-DriverFrameworks-UserMode","2e35aaeb-857f-4beb-a418-2e6c0e54d988","Microsoft-Windows-DriverFrameworks-UserMode/Operational","3956","336","rjaf-PC4429","S-1-5-19","6/29/2015 12:06:49 AM",,,"c:\users\mac_1\desktop\winevt\logs\microsoft-windows-driverframeworks-usermode%4operational.evtx","System.UInt32[]","System.Diagnostics.Eventing.Reader.EventBookmark","Verbose","Start","Loading drivers to control a newly discovered device.","System.Collections.ObjectModel.ReadOnlyCollection`1[System.String]","System.Collections.Generic.List`1[System.Diagnostics.Eventing.Reader.EventProperty]"
"The UMDF Host Process ({64A9C5C7-F5FC-438B-B027-EE7284F8CF8D}) has successfully loaded drivers for device WPDBUSENUMROOT\UMB\2&37C186B&0&STORAGE#VOLUME#_??_USBSTOR#DISK&VEN_V88&PROD_V88&REV_5.00#27171200F27AB504&0#.","2010","1",,"4","33","2","-9223372036854775808","30398","Microsoft-Windows-DriverFrameworks-UserMode","2e35aaeb-857f-4beb-a418-2e6c0e54d988","Microsoft-Windows-DriverFrameworks-UserMode/Operational","3956","336","rjaf-PC4429","S-1-5-19","6/29/2015 12:06:49 AM",,,"c:\users\mac_1\desktop\winevt\logs\microsoft-windows-driverframeworks-usermode%4operational.evtx","System.UInt32[]","System.Diagnostics.Eventing.Reader.EventBookmark","Information","Stop","Loading drivers to control a newly discovered device.","System.Collections.ObjectModel.ReadOnlyCollection`1[System.String]","System.Collections.Generic.List`1[System.Diagnostics.Eventing.Reader.EventProperty]"
"The UMDF Host Process ({64A9C5C7-F5FC-438B-B027-EE7284F8CF8D}) has been asked to load drivers for device WPDBUSENUMROOT\UMB\2&37C186B&0&STORAGE#VOLUME#_??_USBSTOR#DISK&VEN_V88&PROD_V88&REV_5.00#27171200F27AB504&0#.","2003","1",,"4","33","1","-9223372036854775808","30397","Microsoft-Windows-DriverFrameworks-UserMode","2e35aaeb-857f-4beb-a418-2e6c0e54d988","Microsoft-Windows-DriverFrameworks-UserMode/Operational","3956","336","rjaf-PC4429","S-1-5-19","6/29/2015 12:06:49 AM",,,"c:\users\mac_1\desktop\winevt\logs\microsoft-windows-driverframeworks-usermode%4operational.evtx","System.UInt32[]","System.Diagnostics.Eventing.Reader.EventBookmark","Information","Start","Loading drivers to control a newly discovered device.","System.Collections.ObjectModel.ReadOnlyCollection`1[System.String]","System.Collections.Generic.List`1[System.Diagnostics.Eventing.Reader.EventProperty]"
"The host process ({64A9C5C7-F5FC-438B-B027-EE7284F8CF8D}) started successfully.","1004","1",,"4","17","2","-9223372036854775808","30396","Microsoft-Windows-DriverFrameworks-UserMode","2e35aaeb-857f-4beb-a418-2e6c0e54d988","Microsoft-Windows-DriverFrameworks-UserMode/Operational","1408","1772","rjaf-PC4429","S-1-5-18","6/29/2015 12:06:49 AM",,,"c:\users\mac_1\desktop\winevt\logs\microsoft-windows-driverframeworks-usermode%4operational.evtx","System.UInt32[]","System.Diagnostics.Eventing.Reader.EventBookmark","Information","Stop","Creation of a new driver host process.","System.Collections.ObjectModel.ReadOnlyCollection`1[System.String]","System.Collections.Generic.List`1[System.Diagnostics.Eventing.Reader.EventProperty]"
"The UMDF Host Process ({64A9C5C7-F5FC-438B-B027-EE7284F8CF8D}) started successfully.","2001","1",,"4","32","2","-9223372036854775808","30395","Microsoft-Windows-DriverFrameworks-UserMode","2e35aaeb-857f-4beb-a418-2e6c0e54d988","Microsoft-Windows-DriverFrameworks-UserMode/Operational","3956","1764","rjaf-PC4429","S-1-5-19","6/29/2015 12:06:49 AM",,,"c:\users\mac_1\desktop\winevt\logs\microsoft-windows-driverframeworks-usermode%4operational.evtx","System.UInt32[]","System.Diagnostics.Eventing.Reader.EventBookmark","Information","Stop","Startup of a new driver host process.","System.Collections.ObjectModel.ReadOnlyCollection`1[System.String]","System.Collections.Generic.List`1[System.Diagnostics.Eventing.Reader.EventProperty]"
"The UMDF Host Process ({64A9C5C7-F5FC-438B-B027-EE7284F8CF8D}) is starting up.","2000","1",,"4","32","1","-9223372036854775808","30394","Microsoft-Windows-DriverFrameworks-UserMode","2e35aaeb-857f-4beb-a418-2e6c0e54d988","Microsoft-Windows-DriverFrameworks-UserMode/Operational","3956","1764","rjaf-PC4429","S-1-5-19","6/29/2015 12:06:49 AM",,,"c:\users\mac_1\desktop\winevt\logs\microsoft-windows-driverframeworks-usermode%4operational.evtx","System.UInt32[]","System.Diagnostics.Eventing.Reader.EventBookmark","Information","Start","Startup of a new driver host process.","System.Collections.ObjectModel.ReadOnlyCollection`1[System.String]","System.Collections.Generic.List`1[System.Diagnostics.Eventing.Reader.EventProperty]"
"The Driver Manager service is starting a host process for device WPDBUSENUMROOT.UMB.2&37C186B&0&STORAGE#VOLUME#_??_USBSTOR#DISK&VEN_V88&PROD_V88&REV_5.00#27171200F27AB504&0#.","1003","1",,"4","17","1","-9223372036854775808","30393","Microsoft-Windows-DriverFrameworks-UserMode","2e35aaeb-857f-4beb-a418-2e6c0e54d988","Microsoft-Windows-DriverFrameworks-UserMode/Operational","1408","1772","rjaf-PC4429","S-1-5-18","6/29/2015 12:06:48 AM",,,"c:\users\mac_1\desktop\winevt\logs\microsoft-windows-driverframeworks-usermode%4operational.evtx","System.UInt32[]","System.Diagnostics.Eventing.Reader.EventBookmark","Information","Start","Creation of a new driver host process.","System.Collections.ObjectModel.ReadOnlyCollection`1[System.String]","System.Collections.Generic.List`1[System.Diagnostics.Eventing.Reader.EventProperty]"
"The Driver Manager service started successfully","1000","1",,"4","16","1","-9223372036854775808","30392","Microsoft-Windows-DriverFrameworks-UserMode","2e35aaeb-857f-4beb-a418-2e6c0e54d988","Microsoft-Windows-DriverFrameworks-UserMode/Operational","1408","1360","rjaf-PC4429","S-1-5-18","6/29/2015 12:06:48 AM",,,"c:\users\mac_1\desktop\winevt\logs\microsoft-windows-driverframeworks-usermode%4operational.evtx","System.UInt32[]","System.Diagnostics.Eventing.Reader.EventBookmark","Information","Start","Startup of the driver manager service.","System.Collections.ObjectModel.ReadOnlyCollection`1[System.String]","System.Collections.Generic.List`1[System.Diagnostics.Eventing.Reader.EventProperty]"
"The host process ({8BAE38EE-C391-45CA-B660-71806816A1B7}) has been shutdown.","1008","1",,"4","18","2","-9223372036854775808","30391","Microsoft-Windows-DriverFrameworks-UserMode","2e35aaeb-857f-4beb-a418-2e6c0e54d988","Microsoft-Windows-DriverFrameworks-UserMode/Operational","1244","2276","rjaf-PC4429","S-1-5-18","6/28/2015 2:32:15 AM",,,"c:\users\mac_1\desktop\winevt\logs\microsoft-windows-driverframeworks-usermode%4operational.evtx","System.UInt32[]","System.Diagnostics.Eventing.Reader.EventBookmark","Information","Stop","Shutdown of a driver host process.","System.Collections.ObjectModel.ReadOnlyCollection`1[System.String]","System.Collections.Generic.List`1[System.Diagnostics.Eventing.Reader.EventProperty]"
"The UMDF Host ({8BAE38EE-C391-45CA-B660-71806816A1B7}) has shutdown.","2901","1",,"4","41","2","-9223372036854775808","30390","Microsoft-Windows-DriverFrameworks-UserMode","2e35aaeb-857f-4beb-a418-2e6c0e54d988","Microsoft-Windows-DriverFrameworks-UserMode/Operational","2216","2152","rjaf-PC4429","S-1-5-19","6/28/2015 2:32:15 AM",,,"c:\users\mac_1\desktop\winevt\logs\microsoft-windows-driverframeworks-usermode%4operational.evtx","System.UInt32[]","System.Diagnostics.Eventing.Reader.EventBookmark","Information","Stop","Shutdown of a driver host process.","System.Collections.ObjectModel.ReadOnlyCollection`1[System.String]","System.Collections.Generic.List`1[System.Diagnostics.Eventing.Reader.EventProperty]"
"The UMDF Host ({8BAE38EE-C391-45CA-B660-71806816A1B7}) has been asked to shutdown.","2900","1",,"4","41","1","-9223372036854775808","30389","Microsoft-Windows-DriverFrameworks-UserMode","2e35aaeb-857f-4beb-a418-2e6c0e54d988","Microsoft-Windows-DriverFrameworks-UserMode/Operational","2216","3340","rjaf-PC4429","S-1-5-19","6/28/2015 2:32:15 AM",,,"c:\users\mac_1\desktop\winevt\logs\microsoft-windows-driverframeworks-usermode%4operational.evtx","System.UInt32[]","System.Diagnostics.Eventing.Reader.EventBookmark","Information","Start","Shutdown of a driver host process.","System.Collections.ObjectModel.ReadOnlyCollection`1[System.String]","System.Collections.Generic.List`1[System.Diagnostics.Eventing.Reader.EventProperty]"
"The host process ({8BAE38EE-C391-45CA-B660-71806816A1B7}) is being asked to shutdown.","1006","1",,"4","18","1","-9223372036854775808","30388","Microsoft-Windows-DriverFrameworks-UserMode","2e35aaeb-857f-4beb-a418-2e6c0e54d988","Microsoft-Windows-DriverFrameworks-UserMode/Operational","1244","2276","rjaf-PC4429","S-1-5-18","6/28/2015 2:32:15 AM",,,"c:\users\mac_1\desktop\winevt\logs\microsoft-windows-driverframeworks-usermode%4operational.evtx","System.UInt32[]","System.Diagnostics.Eventing.Reader.EventBookmark","Information","Start","Shutdown of a driver host process.","System.Collections.ObjectModel.ReadOnlyCollection`1[System.String]","System.Collections.Generic.List`1[System.Diagnostics.Eventing.Reader.EventProperty]"
"Forwarded a finished Pnp or Power operation (27, 2) to the lower driver for device WPDBUSENUMROOT\UMB\2&37C186B&0&STORAGE#VOLUME#_??_USBSTOR#DISK&VEN_V88&PROD_V88&REV_5.00#27171200F27AB504&0# with status 0xC00000BB.","2102","1",,"4","37","2","-9223372036854775808","30387","Microsoft-Windows-DriverFrameworks-UserMode","2e35aaeb-857f-4beb-a418-2e6c0e54d988","Microsoft-Windows-DriverFrameworks-UserMode/Operational","2216","3340","rjaf-PC4429","S-1-5-19","6/28/2015 2:32:15 AM",,,"c:\users\mac_1\desktop\winevt\logs\microsoft-windows-driverframeworks-usermode%4operational.evtx","System.UInt32[]","System.Diagnostics.Eventing.Reader.EventBookmark","Information","Stop","Pnp or Power Management operation to a particular device.","System.Collections.ObjectModel.ReadOnlyCollection`1[System.String]","System.Collections.Generic.List`1[System.Diagnostics.Eventing.Reader.EventProperty]"
"Received a Pnp or Power operation (27, 2) for device WPDBUSENUMROOT\UMB\2&37C186B&0&STORAGE#VOLUME#_??_USBSTOR#DISK&VEN_V88&PROD_V88&REV_5.00#27171200F27AB504&0#.","2100","1",,"4","37","1","-9223372036854775808","30386","Microsoft-Windows-DriverFrameworks-UserMode","2e35aaeb-857f-4beb-a418-2e6c0e54d988","Microsoft-Windows-DriverFrameworks-UserMode/Operational","2216","3340","rjaf-PC4429","S-1-5-19","6/28/2015 2:32:15 AM",,,"c:\users\mac_1\desktop\winevt\logs\microsoft-windows-driverframeworks-usermode%4operational.evtx","System.UInt32[]","System.Diagnostics.Eventing.Reader.EventBookmark","Information","Start","Pnp or Power Management operation to a particular device.","System.Collections.ObjectModel.ReadOnlyCollection`1[System.String]","System.Collections.Generic.List`1[System.Diagnostics.Eventing.Reader.EventProperty]"
"Forwarded a finished Pnp or Power operation (27, 23) to the lower driver for device WPDBUSENUMROOT\UMB\2&37C186B&0&STORAGE#VOLUME#_??_USBSTOR#DISK&VEN_V88&PROD_V88&REV_5.00#27171200F27AB504&0# with status 0xC00000BB.","2102","1",,"4","37","2","-9223372036854775808","30385","Microsoft-Windows-DriverFrameworks-UserMode","2e35aaeb-857f-4beb-a418-2e6c0e54d988","Microsoft-Windows-DriverFrameworks-UserMode/Operational","2216","3340","rjaf-PC4429","S-1-5-19","6/28/2015 2:32:15 AM",,,"c:\users\mac_1\desktop\winevt\logs\microsoft-windows-driverframeworks-usermode%4operational.evtx","System.UInt32[]","System.Diagnostics.Eventing.Reader.EventBookmark","Information","Stop","Pnp or Power Management operation to a particular device.","System.Collections.ObjectModel.ReadOnlyCollection`1[System.String]","System.Collections.Generic.List`1[System.Diagnostics.Eventing.Reader.EventProperty]"
"Received a Pnp or Power operation (27, 23) for device WPDBUSENUMROOT\UMB\2&37C186B&0&STORAGE#VOLUME#_??_USBSTOR#DISK&VEN_V88&PROD_V88&REV_5.00#27171200F27AB504&0#.","2100","1",,"4","37","1","-9223372036854775808","30384","Microsoft-Windows-DriverFrameworks-UserMode","2e35aaeb-857f-4beb-a418-2e6c0e54d988","Microsoft-Windows-DriverFrameworks-UserMode/Operational","2216","3340","rjaf-PC4429","S-1-5-19","6/28/2015 2:32:15 AM",,,"c:\users\mac_1\desktop\winevt\logs\microsoft-windows-driverframeworks-usermode%4operational.evtx","System.UInt32[]","System.Diagnostics.Eventing.Reader.EventBookmark","Information","Start","Pnp or Power Management operation to a particular device.","System.Collections.ObjectModel.ReadOnlyCollection`1[System.String]","System.Collections.Generic.List`1[System.Diagnostics.Eventing.Reader.EventProperty]"
"Completed a Pnp or Power operation (27, 20) for device WPDBUSENUMROOT\UMB\2&37C186B&0&STORAGE#VOLUME#_??_USBSTOR#DISK&VEN_V88&PROD_V88&REV_5.00#27171200F27AB504&0# with status 0x0.","2101","1",,"4","37","2","-9223372036854775808","30383","Microsoft-Windows-DriverFrameworks-UserMode","2e35aaeb-857f-4beb-a418-2e6c0e54d988","Microsoft-Windows-DriverFrameworks-UserMode/Operational","2216","3340","rjaf-PC4429","S-1-5-19","6/28/2015 2:31:12 AM",,,"c:\users\mac_1\desktop\winevt\logs\microsoft-windows-driverframeworks-usermode%4operational.evtx","System.UInt32[]","System.Diagnostics.Eventing.Reader.EventBookmark","Information","Stop","Pnp or Power Management operation to a particular device.","System.Collections.ObjectModel.ReadOnlyCollection`1[System.String]","System.Collections.Generic.List`1[System.Diagnostics.Eventing.Reader.EventProperty]"
"Received a Pnp or Power operation (27, 20) for device WPDBUSENUMROOT\UMB\2&37C186B&0&STORAGE#VOLUME#_??_USBSTOR#DISK&VEN_V88&PROD_V88&REV_5.00#27171200F27AB504&0# which was completed by the lower drivers with status 0x0","2106","1",,"4","37","1","-9223372036854775808","30382","Microsoft-Windows-DriverFrameworks-UserMode","2e35aaeb-857f-4beb-a418-2e6c0e54d988","Microsoft-Windows-DriverFrameworks-UserMode/Operational","2216","3340","rjaf-PC4429","S-1-5-19","6/28/2015 2:31:12 AM",,,"c:\users\mac_1\desktop\winevt\logs\microsoft-windows-driverframeworks-usermode%4operational.evtx","System.UInt32[]","System.Diagnostics.Eventing.Reader.EventBookmark","Information","Start","Pnp or Power Management operation to a particular device.","System.Collections.ObjectModel.ReadOnlyCollection`1[System.String]","System.Collections.Generic.List`1[System.Diagnostics.Eventing.Reader.EventProperty]"
