"Boot plan calculation completed in 734 ms.
     Boot Plan Timestamp: ?2014?-?08?-?19T22:08:40.010878200Z
     Reason: Disk defragmentation
     Result: 0x0","1016","1",,"4","1016","0","-9223372036854767616","618","Microsoft-Windows-ReadyBoost","e6307a09-292c-497e-aad6-498f68e2b619","Microsoft-Windows-ReadyBoost/Operational","932","3108","rjaf-PC4429","S-1-5-18","8/19/2014 12:08:40 PM",,,"c:\users\mac_1\desktop\winevt\logs\microsoft-windows-readyboost%4operational.evtx","System.UInt32[]","System.Diagnostics.Eventing.Reader.EventBookmark","Information","Info",,"System.Collections.ObjectModel.ReadOnlyCollection`1[System.String]","System.Collections.Generic.List`1[System.Diagnostics.Eventing.Reader.EventProperty]"
"Boot plan calculation completed in 5740 ms.
     Boot Plan Timestamp: ?2014?-?08?-?19T22:01:40.723332100Z
     Reason: System boot completion
     Result: 0x0","1016","1",,"4","1016","0","-9223372036854767616","617","Microsoft-Windows-ReadyBoost","e6307a09-292c-497e-aad6-498f68e2b619","Microsoft-Windows-ReadyBoost/Operational","932","3932","rjaf-PC4429","S-1-5-18","8/19/2014 12:01:46 PM",,,"c:\users\mac_1\desktop\winevt\logs\microsoft-windows-readyboost%4operational.evtx","System.UInt32[]","System.Diagnostics.Eventing.Reader.EventBookmark","Information","Info",,"System.Collections.ObjectModel.ReadOnlyCollection`1[System.String]","System.Collections.Generic.List`1[System.Diagnostics.Eventing.Reader.EventProperty]"
"Summary of ReadyBoot Performance:
     Io Read Count: 21832
     Io Read Bytes: 502761984
     Cache Hit Count: 14947
     Cache Hit Bytes: 296774656
     Cache Hit Percentage: 0.684637229754489
     Boot Prefetch Time (us): 29467563
     Boot Prefetch Bytes: 278188032
     Boot Prefetch Read Count: 6791
","1015","1",,"4","1016","0","-9223372036854767616","616","Microsoft-Windows-ReadyBoost","e6307a09-292c-497e-aad6-498f68e2b619","Microsoft-Windows-ReadyBoost/Operational","932","3932","rjaf-PC4429","S-1-5-18","8/19/2014 12:01:45 PM",,,"c:\users\mac_1\desktop\winevt\logs\microsoft-windows-readyboost%4operational.evtx","System.UInt32[]","System.Diagnostics.Eventing.Reader.EventBookmark","Information","Info",,"System.Collections.ObjectModel.ReadOnlyCollection`1[System.String]","System.Collections.Generic.List`1[System.Diagnostics.Eventing.Reader.EventProperty]"
"Boot plan calculation completed in 1045 ms.
     Boot Plan Timestamp: ?2014?-?08?-?18T22:09:44.795675600Z
     Reason: Disk defragmentation
     Result: 0x0","1016","1",,"4","1016","0","-9223372036854767616","615","Microsoft-Windows-ReadyBoost","e6307a09-292c-497e-aad6-498f68e2b619","Microsoft-Windows-ReadyBoost/Operational","924","3628","rjaf-PC4429","S-1-5-18","8/18/2014 12:09:45 PM",,,"c:\users\mac_1\desktop\winevt\logs\microsoft-windows-readyboost%4operational.evtx","System.UInt32[]","System.Diagnostics.Eventing.Reader.EventBookmark","Information","Info",,"System.Collections.ObjectModel.ReadOnlyCollection`1[System.String]","System.Collections.Generic.List`1[System.Diagnostics.Eventing.Reader.EventProperty]"
"Boot plan calculation completed in 5788 ms.
     Boot Plan Timestamp: ?2014?-?08?-?17T20:35:55.822583700Z
     Reason: System boot completion
     Result: 0x0","1016","1",,"4","1016","0","-9223372036854767616","614","Microsoft-Windows-ReadyBoost","e6307a09-292c-497e-aad6-498f68e2b619","Microsoft-Windows-ReadyBoost/Operational","924","3976","rjaf-PC4429","S-1-5-18","8/17/2014 10:36:01 AM",,,"c:\users\mac_1\desktop\winevt\logs\microsoft-windows-readyboost%4operational.evtx","System.UInt32[]","System.Diagnostics.Eventing.Reader.EventBookmark","Information","Info",,"System.Collections.ObjectModel.ReadOnlyCollection`1[System.String]","System.Collections.Generic.List`1[System.Diagnostics.Eventing.Reader.EventProperty]"
"Summary of ReadyBoot Performance:
     Io Read Count: 17421
     Io Read Bytes: 472419328
     Cache Hit Count: 13365
     Cache Hit Bytes: 267983872
     Cache Hit Percentage: 0.767177544343034
     Boot Prefetch Time (us): 28844515
     Boot Prefetch Bytes: 298827776
     Boot Prefetch Read Count: 6587
","1015","1",,"4","1016","0","-9223372036854767616","613","Microsoft-Windows-ReadyBoost","e6307a09-292c-497e-aad6-498f68e2b619","Microsoft-Windows-ReadyBoost/Operational","924","3976","rjaf-PC4429","S-1-5-18","8/17/2014 10:36:00 AM",,,"c:\users\mac_1\desktop\winevt\logs\microsoft-windows-readyboost%4operational.evtx","System.UInt32[]","System.Diagnostics.Eventing.Reader.EventBookmark","Information","Info",,"System.Collections.ObjectModel.ReadOnlyCollection`1[System.String]","System.Collections.Generic.List`1[System.Diagnostics.Eventing.Reader.EventProperty]"
"Boot plan calculation completed in 3619 ms.
     Boot Plan Timestamp: ?2014?-?08?-?17T12:17:11.227710100Z
     Reason: System boot completion
     Result: 0x0","1016","1",,"4","1016","0","-9223372036854767616","612","Microsoft-Windows-ReadyBoost","e6307a09-292c-497e-aad6-498f68e2b619","Microsoft-Windows-ReadyBoost/Operational","920","3804","rjaf-PC4429","S-1-5-18","8/17/2014 2:17:14 AM",,,"c:\users\mac_1\desktop\winevt\logs\microsoft-windows-readyboost%4operational.evtx","System.UInt32[]","System.Diagnostics.Eventing.Reader.EventBookmark","Information","Info",,"System.Collections.ObjectModel.ReadOnlyCollection`1[System.String]","System.Collections.Generic.List`1[System.Diagnostics.Eventing.Reader.EventProperty]"
"Summary of ReadyBoot Performance:
     Io Read Count: 18023
     Io Read Bytes: 426173440
     Cache Hit Count: 13370
     Cache Hit Bytes: 267825152
     Cache Hit Percentage: 0.741829884037064
     Boot Prefetch Time (us): 27043548
     Boot Prefetch Bytes: 299237376
     Boot Prefetch Read Count: 6616
","1015","1",,"4","1016","0","-9223372036854767616","611","Microsoft-Windows-ReadyBoost","e6307a09-292c-497e-aad6-498f68e2b619","Microsoft-Windows-ReadyBoost/Operational","920","3804","rjaf-PC4429","S-1-5-18","8/17/2014 2:17:13 AM",,,"c:\users\mac_1\desktop\winevt\logs\microsoft-windows-readyboost%4operational.evtx","System.UInt32[]","System.Diagnostics.Eventing.Reader.EventBookmark","Information","Info",,"System.Collections.ObjectModel.ReadOnlyCollection`1[System.String]","System.Collections.Generic.List`1[System.Diagnostics.Eventing.Reader.EventProperty]"
"Boot plan calculation completed in 3572 ms.
     Boot Plan Timestamp: ?2014?-?08?-?16T21:24:10.366512100Z
     Reason: System boot completion
     Result: 0x0","1016","1",,"4","1016","0","-9223372036854767616","610","Microsoft-Windows-ReadyBoost","e6307a09-292c-497e-aad6-498f68e2b619","Microsoft-Windows-ReadyBoost/Operational","924","1180","rjaf-PC4429","S-1-5-18","8/16/2014 11:24:13 AM",,,"c:\users\mac_1\desktop\winevt\logs\microsoft-windows-readyboost%4operational.evtx","System.UInt32[]","System.Diagnostics.Eventing.Reader.EventBookmark","Information","Info",,"System.Collections.ObjectModel.ReadOnlyCollection`1[System.String]","System.Collections.Generic.List`1[System.Diagnostics.Eventing.Reader.EventProperty]"
"Summary of ReadyBoot Performance:
     Io Read Count: 13670
     Io Read Bytes: 441355264
     Cache Hit Count: 12946
     Cache Hit Bytes: 336477184
     Cache Hit Percentage: 0.947037307973665
     Boot Prefetch Time (us): 31990639
     Boot Prefetch Bytes: 333373440
     Boot Prefetch Read Count: 7551
","1015","1",,"4","1016","0","-9223372036854767616","609","Microsoft-Windows-ReadyBoost","e6307a09-292c-497e-aad6-498f68e2b619","Microsoft-Windows-ReadyBoost/Operational","924","1180","rjaf-PC4429","S-1-5-18","8/16/2014 11:24:12 AM",,,"c:\users\mac_1\desktop\winevt\logs\microsoft-windows-readyboost%4operational.evtx","System.UInt32[]","System.Diagnostics.Eventing.Reader.EventBookmark","Information","Info",,"System.Collections.ObjectModel.ReadOnlyCollection`1[System.String]","System.Collections.Generic.List`1[System.Diagnostics.Eventing.Reader.EventProperty]"
"Boot plan calculation completed in 3978 ms.
     Boot Plan Timestamp: ?2014?-?08?-?16T21:20:03.834513000Z
     Reason: System boot completion
     Result: 0x0","1016","1",,"4","1016","0","-9223372036854767616","608","Microsoft-Windows-ReadyBoost","e6307a09-292c-497e-aad6-498f68e2b619","Microsoft-Windows-ReadyBoost/Operational","944","1184","rjaf-PC4429","S-1-5-18","8/16/2014 11:20:07 AM",,,"c:\users\mac_1\desktop\winevt\logs\microsoft-windows-readyboost%4operational.evtx","System.UInt32[]","System.Diagnostics.Eventing.Reader.EventBookmark","Information","Info",,"System.Collections.ObjectModel.ReadOnlyCollection`1[System.String]","System.Collections.Generic.List`1[System.Diagnostics.Eventing.Reader.EventProperty]"
"Summary of ReadyBoot Performance:
     Io Read Count: 14070
     Io Read Bytes: 442911744
     Cache Hit Count: 11725
     Cache Hit Bytes: 260019200
     Cache Hit Percentage: 0.833333333333333
     Boot Prefetch Time (us): 34073379
     Boot Prefetch Bytes: 320016384
     Boot Prefetch Read Count: 7749
","1015","1",,"4","1016","0","-9223372036854767616","607","Microsoft-Windows-ReadyBoost","e6307a09-292c-497e-aad6-498f68e2b619","Microsoft-Windows-ReadyBoost/Operational","944","1184","rjaf-PC4429","S-1-5-18","8/16/2014 11:20:06 AM",,,"c:\users\mac_1\desktop\winevt\logs\microsoft-windows-readyboost%4operational.evtx","System.UInt32[]","System.Diagnostics.Eventing.Reader.EventBookmark","Information","Info",,"System.Collections.ObjectModel.ReadOnlyCollection`1[System.String]","System.Collections.Generic.List`1[System.Diagnostics.Eventing.Reader.EventProperty]"
"Boot plan calculation completed in 3838 ms.
     Boot Plan Timestamp: ?2014?-?08?-?16T16:09:10.727329800Z
     Reason: System boot completion
     Result: 0x0","1016","1",,"4","1016","0","-9223372036854767616","606","Microsoft-Windows-ReadyBoost","e6307a09-292c-497e-aad6-498f68e2b619","Microsoft-Windows-ReadyBoost/Operational","948","3852","rjaf-PC4429","S-1-5-18","8/16/2014 6:09:14 AM",,,"c:\users\mac_1\desktop\winevt\logs\microsoft-windows-readyboost%4operational.evtx","System.UInt32[]","System.Diagnostics.Eventing.Reader.EventBookmark","Information","Info",,"System.Collections.ObjectModel.ReadOnlyCollection`1[System.String]","System.Collections.Generic.List`1[System.Diagnostics.Eventing.Reader.EventProperty]"
"Summary of ReadyBoot Performance:
     Io Read Count: 17192
     Io Read Bytes: 443186688
     Cache Hit Count: 15304
     Cache Hit Bytes: 300169216
     Cache Hit Percentage: 0.890181479758027
     Boot Prefetch Time (us): 32490639
     Boot Prefetch Bytes: 318083072
     Boot Prefetch Read Count: 7693
","1015","1",,"4","1016","0","-9223372036854767616","605","Microsoft-Windows-ReadyBoost","e6307a09-292c-497e-aad6-498f68e2b619","Microsoft-Windows-ReadyBoost/Operational","948","3852","rjaf-PC4429","S-1-5-18","8/16/2014 6:09:13 AM",,,"c:\users\mac_1\desktop\winevt\logs\microsoft-windows-readyboost%4operational.evtx","System.UInt32[]","System.Diagnostics.Eventing.Reader.EventBookmark","Information","Info",,"System.Collections.ObjectModel.ReadOnlyCollection`1[System.String]","System.Collections.Generic.List`1[System.Diagnostics.Eventing.Reader.EventProperty]"
"Boot plan calculation completed in 1404 ms.
     Boot Plan Timestamp: ?2014?-?08?-?15T20:18:42.043335500Z
     Reason: Disk defragmentation
     Result: 0x0","1016","1",,"4","1016","0","-9223372036854767616","604","Microsoft-Windows-ReadyBoost","e6307a09-292c-497e-aad6-498f68e2b619","Microsoft-Windows-ReadyBoost/Operational","940","3992","rjaf-PC4429","S-1-5-18","8/15/2014 10:18:43 AM",,,"c:\users\mac_1\desktop\winevt\logs\microsoft-windows-readyboost%4operational.evtx","System.UInt32[]","System.Diagnostics.Eventing.Reader.EventBookmark","Information","Info",,"System.Collections.ObjectModel.ReadOnlyCollection`1[System.String]","System.Collections.Generic.List`1[System.Diagnostics.Eventing.Reader.EventProperty]"
"Boot plan calculation completed in 1310 ms.
     Boot Plan Timestamp: ?2014?-?08?-?15T11:59:26.539438200Z
     Reason: Disk defragmentation
     Result: 0x0","1016","1",,"4","1016","0","-9223372036854767616","603","Microsoft-Windows-ReadyBoost","e6307a09-292c-497e-aad6-498f68e2b619","Microsoft-Windows-ReadyBoost/Operational","940","3988","rjaf-PC4429","S-1-5-18","8/15/2014 1:59:27 AM",,,"c:\users\mac_1\desktop\winevt\logs\microsoft-windows-readyboost%4operational.evtx","System.UInt32[]","System.Diagnostics.Eventing.Reader.EventBookmark","Information","Info",,"System.Collections.ObjectModel.ReadOnlyCollection`1[System.String]","System.Collections.Generic.List`1[System.Diagnostics.Eventing.Reader.EventProperty]"
"Boot plan calculation completed in 780 ms.
     Boot Plan Timestamp: ?2014?-?08?-?15T11:01:37.289361100Z
     Reason: Disk defragmentation
     Result: 0x0","1016","1",,"4","1016","0","-9223372036854767616","602","Microsoft-Windows-ReadyBoost","e6307a09-292c-497e-aad6-498f68e2b619","Microsoft-Windows-ReadyBoost/Operational","940","888","rjaf-PC4429","S-1-5-18","8/15/2014 1:01:38 AM",,,"c:\users\mac_1\desktop\winevt\logs\microsoft-windows-readyboost%4operational.evtx","System.UInt32[]","System.Diagnostics.Eventing.Reader.EventBookmark","Information","Info",,"System.Collections.ObjectModel.ReadOnlyCollection`1[System.String]","System.Collections.Generic.List`1[System.Diagnostics.Eventing.Reader.EventProperty]"
"Boot plan calculation completed in 4259 ms.
     Boot Plan Timestamp: ?2014?-?08?-?15T10:11:32.116911700Z
     Reason: System boot completion
     Result: 0x0","1016","1",,"4","1016","0","-9223372036854767616","601","Microsoft-Windows-ReadyBoost","e6307a09-292c-497e-aad6-498f68e2b619","Microsoft-Windows-ReadyBoost/Operational","940","1316","rjaf-PC4429","S-1-5-18","8/15/2014 12:11:36 AM",,,"c:\users\mac_1\desktop\winevt\logs\microsoft-windows-readyboost%4operational.evtx","System.UInt32[]","System.Diagnostics.Eventing.Reader.EventBookmark","Information","Info",,"System.Collections.ObjectModel.ReadOnlyCollection`1[System.String]","System.Collections.Generic.List`1[System.Diagnostics.Eventing.Reader.EventProperty]"
"Summary of ReadyBoot Performance:
     Io Read Count: 13883
     Io Read Bytes: 404591104
     Cache Hit Count: 11723
     Cache Hit Bytes: 255269888
     Cache Hit Percentage: 0.844414031549377
     Boot Prefetch Time (us): 30510508
     Boot Prefetch Bytes: 316981248
     Boot Prefetch Read Count: 7700
","1015","1",,"4","1016","0","-9223372036854767616","600","Microsoft-Windows-ReadyBoost","e6307a09-292c-497e-aad6-498f68e2b619","Microsoft-Windows-ReadyBoost/Operational","940","1316","rjaf-PC4429","S-1-5-18","8/15/2014 12:11:34 AM",,,"c:\users\mac_1\desktop\winevt\logs\microsoft-windows-readyboost%4operational.evtx","System.UInt32[]","System.Diagnostics.Eventing.Reader.EventBookmark","Information","Info",,"System.Collections.ObjectModel.ReadOnlyCollection`1[System.String]","System.Collections.Generic.List`1[System.Diagnostics.Eventing.Reader.EventProperty]"
"Boot plan calculation completed in 983 ms.
     Boot Plan Timestamp: ?2014?-?08?-?14T03:02:39.668794300Z
     Reason: Disk defragmentation
     Result: 0x0","1016","1",,"4","1016","0","-9223372036854767616","599","Microsoft-Windows-ReadyBoost","e6307a09-292c-497e-aad6-498f68e2b619","Microsoft-Windows-ReadyBoost/Operational","920","616","rjaf-PC4429","S-1-5-18","8/13/2014 5:02:40 PM",,,"c:\users\mac_1\desktop\winevt\logs\microsoft-windows-readyboost%4operational.evtx","System.UInt32[]","System.Diagnostics.Eventing.Reader.EventBookmark","Information","Info",,"System.Collections.ObjectModel.ReadOnlyCollection`1[System.String]","System.Collections.Generic.List`1[System.Diagnostics.Eventing.Reader.EventProperty]"
"Boot plan calculation completed in 1045 ms.
     Boot Plan Timestamp: ?2014?-?08?-?13T21:42:51.642960600Z
     Reason: Disk defragmentation
     Result: 0x0","1016","1",,"4","1016","0","-9223372036854767616","598","Microsoft-Windows-ReadyBoost","e6307a09-292c-497e-aad6-498f68e2b619","Microsoft-Windows-ReadyBoost/Operational","920","3480","rjaf-PC4429","S-1-5-18","8/13/2014 11:42:52 AM",,,"c:\users\mac_1\desktop\winevt\logs\microsoft-windows-readyboost%4operational.evtx","System.UInt32[]","System.Diagnostics.Eventing.Reader.EventBookmark","Information","Info",,"System.Collections.ObjectModel.ReadOnlyCollection`1[System.String]","System.Collections.Generic.List`1[System.Diagnostics.Eventing.Reader.EventProperty]"
"Boot plan calculation completed in 905 ms.
     Boot Plan Timestamp: ?2014?-?08?-?13T17:14:43.643318900Z
     Reason: Disk defragmentation
     Result: 0x0","1016","1",,"4","1016","0","-9223372036854767616","597","Microsoft-Windows-ReadyBoost","e6307a09-292c-497e-aad6-498f68e2b619","Microsoft-Windows-ReadyBoost/Operational","920","1216","rjaf-PC4429","S-1-5-18","8/13/2014 7:14:44 AM",,,"c:\users\mac_1\desktop\winevt\logs\microsoft-windows-readyboost%4operational.evtx","System.UInt32[]","System.Diagnostics.Eventing.Reader.EventBookmark","Information","Info",,"System.Collections.ObjectModel.ReadOnlyCollection`1[System.String]","System.Collections.Generic.List`1[System.Diagnostics.Eventing.Reader.EventProperty]"
"Boot plan calculation completed in 999 ms.
     Boot Plan Timestamp: ?2014?-?08?-?13T09:51:39.952532200Z
     Reason: Disk defragmentation
     Result: 0x0","1016","1",,"4","1016","0","-9223372036854767616","596","Microsoft-Windows-ReadyBoost","e6307a09-292c-497e-aad6-498f68e2b619","Microsoft-Windows-ReadyBoost/Operational","920","3704","rjaf-PC4429","S-1-5-18","8/12/2014 11:51:40 PM",,,"c:\users\mac_1\desktop\winevt\logs\microsoft-windows-readyboost%4operational.evtx","System.UInt32[]","System.Diagnostics.Eventing.Reader.EventBookmark","Information","Info",,"System.Collections.ObjectModel.ReadOnlyCollection`1[System.String]","System.Collections.Generic.List`1[System.Diagnostics.Eventing.Reader.EventProperty]"
"Boot plan calculation completed in 4415 ms.
     Boot Plan Timestamp: ?2014?-?08?-?13T09:24:54.834513000Z
     Reason: System boot completion
     Result: 0x0","1016","1",,"4","1016","0","-9223372036854767616","595","Microsoft-Windows-ReadyBoost","e6307a09-292c-497e-aad6-498f68e2b619","Microsoft-Windows-ReadyBoost/Operational","920","360","rjaf-PC4429","S-1-5-18","8/12/2014 11:24:59 PM",,,"c:\users\mac_1\desktop\winevt\logs\microsoft-windows-readyboost%4operational.evtx","System.UInt32[]","System.Diagnostics.Eventing.Reader.EventBookmark","Information","Info",,"System.Collections.ObjectModel.ReadOnlyCollection`1[System.String]","System.Collections.Generic.List`1[System.Diagnostics.Eventing.Reader.EventProperty]"
"Summary of ReadyBoot Performance:
     Io Read Count: 14047
     Io Read Bytes: 405547008
     Cache Hit Count: 11319
     Cache Hit Bytes: 236378624
     Cache Hit Percentage: 0.805794831636648
     Boot Prefetch Time (us): 32043650
     Boot Prefetch Bytes: 319582208
     Boot Prefetch Read Count: 7809
","1015","1",,"4","1016","0","-9223372036854767616","594","Microsoft-Windows-ReadyBoost","e6307a09-292c-497e-aad6-498f68e2b619","Microsoft-Windows-ReadyBoost/Operational","920","360","rjaf-PC4429","S-1-5-18","8/12/2014 11:24:57 PM",,,"c:\users\mac_1\desktop\winevt\logs\microsoft-windows-readyboost%4operational.evtx","System.UInt32[]","System.Diagnostics.Eventing.Reader.EventBookmark","Information","Info",,"System.Collections.ObjectModel.ReadOnlyCollection`1[System.String]","System.Collections.Generic.List`1[System.Diagnostics.Eventing.Reader.EventProperty]"
"Boot plan calculation completed in 1216 ms.
     Boot Plan Timestamp: ?2014?-?08?-?12T19:37:22.044219700Z
     Reason: Disk defragmentation
     Result: 0x0","1016","1",,"4","1016","0","-9223372036854767616","593","Microsoft-Windows-ReadyBoost","e6307a09-292c-497e-aad6-498f68e2b619","Microsoft-Windows-ReadyBoost/Operational","916","8012","rjaf-PC4429","S-1-5-18","8/12/2014 9:37:23 AM",,,"c:\users\mac_1\desktop\winevt\logs\microsoft-windows-readyboost%4operational.evtx","System.UInt32[]","System.Diagnostics.Eventing.Reader.EventBookmark","Information","Info",,"System.Collections.ObjectModel.ReadOnlyCollection`1[System.String]","System.Collections.Generic.List`1[System.Diagnostics.Eventing.Reader.EventProperty]"
"Boot plan calculation completed in 3963 ms.
     Boot Plan Timestamp: ?2014?-?08?-?11T23:04:35.305340900Z
     Reason: System boot completion
     Result: 0x0","1016","1",,"4","1016","0","-9223372036854767616","592","Microsoft-Windows-ReadyBoost","e6307a09-292c-497e-aad6-498f68e2b619","Microsoft-Windows-ReadyBoost/Operational","916","2092","rjaf-PC4429","S-1-5-18","8/11/2014 1:04:39 PM",,,"c:\users\mac_1\desktop\winevt\logs\microsoft-windows-readyboost%4operational.evtx","System.UInt32[]","System.Diagnostics.Eventing.Reader.EventBookmark","Information","Info",,"System.Collections.ObjectModel.ReadOnlyCollection`1[System.String]","System.Collections.Generic.List`1[System.Diagnostics.Eventing.Reader.EventProperty]"
"Summary of ReadyBoot Performance:
     Io Read Count: 17861
     Io Read Bytes: 478504960
     Cache Hit Count: 17044
     Cache Hit Bytes: 338255872
     Cache Hit Percentage: 0.954257880297856
     Boot Prefetch Time (us): 34335610
     Boot Prefetch Bytes: 320978944
     Boot Prefetch Read Count: 7858
","1015","1",,"4","1016","0","-9223372036854767616","591","Microsoft-Windows-ReadyBoost","e6307a09-292c-497e-aad6-498f68e2b619","Microsoft-Windows-ReadyBoost/Operational","916","2092","rjaf-PC4429","S-1-5-18","8/11/2014 1:04:37 PM",,,"c:\users\mac_1\desktop\winevt\logs\microsoft-windows-readyboost%4operational.evtx","System.UInt32[]","System.Diagnostics.Eventing.Reader.EventBookmark","Information","Info",,"System.Collections.ObjectModel.ReadOnlyCollection`1[System.String]","System.Collections.Generic.List`1[System.Diagnostics.Eventing.Reader.EventProperty]"
"Boot plan calculation completed in 4509 ms.
     Boot Plan Timestamp: ?2014?-?08?-?11T10:30:43.718292500Z
     Reason: System boot completion
     Result: 0x0","1016","1",,"4","1016","0","-9223372036854767616","590","Microsoft-Windows-ReadyBoost","e6307a09-292c-497e-aad6-498f68e2b619","Microsoft-Windows-ReadyBoost/Operational","940","3096","rjaf-PC4429","S-1-5-18","8/11/2014 12:30:48 AM",,,"c:\users\mac_1\desktop\winevt\logs\microsoft-windows-readyboost%4operational.evtx","System.UInt32[]","System.Diagnostics.Eventing.Reader.EventBookmark","Information","Info",,"System.Collections.ObjectModel.ReadOnlyCollection`1[System.String]","System.Collections.Generic.List`1[System.Diagnostics.Eventing.Reader.EventProperty]"
"Summary of ReadyBoot Performance:
     Io Read Count: 21662
     Io Read Bytes: 555932672
     Cache Hit Count: 16774
     Cache Hit Bytes: 331875840
     Cache Hit Percentage: 0.77435139876281
     Boot Prefetch Time (us): 32259941
     Boot Prefetch Bytes: 315187200
     Boot Prefetch Read Count: 7718
","1015","1",,"4","1016","0","-9223372036854767616","589","Microsoft-Windows-ReadyBoost","e6307a09-292c-497e-aad6-498f68e2b619","Microsoft-Windows-ReadyBoost/Operational","940","3096","rjaf-PC4429","S-1-5-18","8/11/2014 12:30:46 AM",,,"c:\users\mac_1\desktop\winevt\logs\microsoft-windows-readyboost%4operational.evtx","System.UInt32[]","System.Diagnostics.Eventing.Reader.EventBookmark","Information","Info",,"System.Collections.ObjectModel.ReadOnlyCollection`1[System.String]","System.Collections.Generic.List`1[System.Diagnostics.Eventing.Reader.EventProperty]"
"Boot plan calculation completed in 4430 ms.
     Boot Plan Timestamp: ?2014?-?08?-?09T21:41:08.354177900Z
     Reason: System boot completion
     Result: 0x0","1016","1",,"4","1016","0","-9223372036854767616","588","Microsoft-Windows-ReadyBoost","e6307a09-292c-497e-aad6-498f68e2b619","Microsoft-Windows-ReadyBoost/Operational","948","432","rjaf-PC4429","S-1-5-18","8/9/2014 11:41:12 AM",,,"c:\users\mac_1\desktop\winevt\logs\microsoft-windows-readyboost%4operational.evtx","System.UInt32[]","System.Diagnostics.Eventing.Reader.EventBookmark","Information","Info",,"System.Collections.ObjectModel.ReadOnlyCollection`1[System.String]","System.Collections.Generic.List`1[System.Diagnostics.Eventing.Reader.EventProperty]"
"Summary of ReadyBoot Performance:
     Io Read Count: 18446
     Io Read Bytes: 484717568
     Cache Hit Count: 16631
     Cache Hit Bytes: 330564096
     Cache Hit Percentage: 0.901604683942318
     Boot Prefetch Time (us): 35194599
     Boot Prefetch Bytes: 310009856
     Boot Prefetch Read Count: 7573
","1015","1",,"4","1016","0","-9223372036854767616","587","Microsoft-Windows-ReadyBoost","e6307a09-292c-497e-aad6-498f68e2b619","Microsoft-Windows-ReadyBoost/Operational","948","432","rjaf-PC4429","S-1-5-18","8/9/2014 11:41:11 AM",,,"c:\users\mac_1\desktop\winevt\logs\microsoft-windows-readyboost%4operational.evtx","System.UInt32[]","System.Diagnostics.Eventing.Reader.EventBookmark","Information","Info",,"System.Collections.ObjectModel.ReadOnlyCollection`1[System.String]","System.Collections.Generic.List`1[System.Diagnostics.Eventing.Reader.EventProperty]"
"Boot plan calculation completed in 1513 ms.
     Boot Plan Timestamp: ?2014?-?08?-?09T16:22:15.642181200Z
     Reason: Disk defragmentation
     Result: 0x0","1016","1",,"4","1016","0","-9223372036854767616","586","Microsoft-Windows-ReadyBoost","e6307a09-292c-497e-aad6-498f68e2b619","Microsoft-Windows-ReadyBoost/Operational","924","3640","rjaf-PC4429","S-1-5-18","8/9/2014 6:22:17 AM",,,"c:\users\mac_1\desktop\winevt\logs\microsoft-windows-readyboost%4operational.evtx","System.UInt32[]","System.Diagnostics.Eventing.Reader.EventBookmark","Information","Info",,"System.Collections.ObjectModel.ReadOnlyCollection`1[System.String]","System.Collections.Generic.List`1[System.Diagnostics.Eventing.Reader.EventProperty]"
"Boot plan calculation completed in 4244 ms.
     Boot Plan Timestamp: ?2014?-?08?-?09T14:39:26.758579800Z
     Reason: System boot completion
     Result: 0x0","1016","1",,"4","1016","0","-9223372036854767616","585","Microsoft-Windows-ReadyBoost","e6307a09-292c-497e-aad6-498f68e2b619","Microsoft-Windows-ReadyBoost/Operational","924","4072","rjaf-PC4429","S-1-5-18","8/9/2014 4:39:31 AM",,,"c:\users\mac_1\desktop\winevt\logs\microsoft-windows-readyboost%4operational.evtx","System.UInt32[]","System.Diagnostics.Eventing.Reader.EventBookmark","Information","Info",,"System.Collections.ObjectModel.ReadOnlyCollection`1[System.String]","System.Collections.Generic.List`1[System.Diagnostics.Eventing.Reader.EventProperty]"
"Summary of ReadyBoot Performance:
     Io Read Count: 18502
     Io Read Bytes: 479528960
     Cache Hit Count: 15188
     Cache Hit Bytes: 295354880
     Cache Hit Percentage: 0.820884228732029
     Boot Prefetch Time (us): 32615658
     Boot Prefetch Bytes: 279306240
     Boot Prefetch Read Count: 6847
","1015","1",,"4","1016","0","-9223372036854767616","584","Microsoft-Windows-ReadyBoost","e6307a09-292c-497e-aad6-498f68e2b619","Microsoft-Windows-ReadyBoost/Operational","924","4072","rjaf-PC4429","S-1-5-18","8/9/2014 4:39:29 AM",,,"c:\users\mac_1\desktop\winevt\logs\microsoft-windows-readyboost%4operational.evtx","System.UInt32[]","System.Diagnostics.Eventing.Reader.EventBookmark","Information","Info",,"System.Collections.ObjectModel.ReadOnlyCollection`1[System.String]","System.Collections.Generic.List`1[System.Diagnostics.Eventing.Reader.EventProperty]"
"Boot plan calculation completed in 1825 ms.
     Boot Plan Timestamp: ?2014?-?08?-?08T09:01:01.033353000Z
     Reason: Disk defragmentation
     Result: 0x0","1016","1",,"4","1016","0","-9223372036854767616","583","Microsoft-Windows-ReadyBoost","e6307a09-292c-497e-aad6-498f68e2b619","Microsoft-Windows-ReadyBoost/Operational","932","3272","rjaf-PC4429","S-1-5-18","8/7/2014 11:01:02 PM",,,"c:\users\mac_1\desktop\winevt\logs\microsoft-windows-readyboost%4operational.evtx","System.UInt32[]","System.Diagnostics.Eventing.Reader.EventBookmark","Information","Info",,"System.Collections.ObjectModel.ReadOnlyCollection`1[System.String]","System.Collections.Generic.List`1[System.Diagnostics.Eventing.Reader.EventProperty]"
"Boot plan calculation completed in 1482 ms.
     Boot Plan Timestamp: ?2014?-?08?-?06T21:22:55.061686900Z
     Reason: Disk defragmentation
     Result: 0x0","1016","1",,"4","1016","0","-9223372036854767616","582","Microsoft-Windows-ReadyBoost","e6307a09-292c-497e-aad6-498f68e2b619","Microsoft-Windows-ReadyBoost/Operational","932","3280","rjaf-PC4429","S-1-5-18","8/6/2014 11:22:56 AM",,,"c:\users\mac_1\desktop\winevt\logs\microsoft-windows-readyboost%4operational.evtx","System.UInt32[]","System.Diagnostics.Eventing.Reader.EventBookmark","Information","Info",,"System.Collections.ObjectModel.ReadOnlyCollection`1[System.String]","System.Collections.Generic.List`1[System.Diagnostics.Eventing.Reader.EventProperty]"
"Boot plan calculation completed in 1326 ms.
     Boot Plan Timestamp: ?2014?-?08?-?06T15:10:35.055246000Z
     Reason: Disk defragmentation
     Result: 0x0","1016","1",,"4","1016","0","-9223372036854767616","581","Microsoft-Windows-ReadyBoost","e6307a09-292c-497e-aad6-498f68e2b619","Microsoft-Windows-ReadyBoost/Operational","932","2480","rjaf-PC4429","S-1-5-18","8/6/2014 5:10:36 AM",,,"c:\users\mac_1\desktop\winevt\logs\microsoft-windows-readyboost%4operational.evtx","System.UInt32[]","System.Diagnostics.Eventing.Reader.EventBookmark","Information","Info",,"System.Collections.ObjectModel.ReadOnlyCollection`1[System.String]","System.Collections.Generic.List`1[System.Diagnostics.Eventing.Reader.EventProperty]"
"Boot plan calculation completed in 4009 ms.
     Boot Plan Timestamp: ?2014?-?08?-?06T14:40:43.108890700Z
     Reason: System boot completion
     Result: 0x0","1016","1",,"4","1016","0","-9223372036854767616","580","Microsoft-Windows-ReadyBoost","e6307a09-292c-497e-aad6-498f68e2b619","Microsoft-Windows-ReadyBoost/Operational","932","2248","rjaf-PC4429","S-1-5-18","8/6/2014 4:40:47 AM",,,"c:\users\mac_1\desktop\winevt\logs\microsoft-windows-readyboost%4operational.evtx","System.UInt32[]","System.Diagnostics.Eventing.Reader.EventBookmark","Information","Info",,"System.Collections.ObjectModel.ReadOnlyCollection`1[System.String]","System.Collections.Generic.List`1[System.Diagnostics.Eventing.Reader.EventProperty]"
"Summary of ReadyBoot Performance:
     Io Read Count: 21052
     Io Read Bytes: 531887104
     Cache Hit Count: 15033
     Cache Hit Bytes: 291677696
     Cache Hit Percentage: 0.71408892266768
     Boot Prefetch Time (us): 31212790
     Boot Prefetch Bytes: 282087424
     Boot Prefetch Read Count: 6886
","1015","1",,"4","1016","0","-9223372036854767616","579","Microsoft-Windows-ReadyBoost","e6307a09-292c-497e-aad6-498f68e2b619","Microsoft-Windows-ReadyBoost/Operational","932","2248","rjaf-PC4429","S-1-5-18","8/6/2014 4:40:45 AM",,,"c:\users\mac_1\desktop\winevt\logs\microsoft-windows-readyboost%4operational.evtx","System.UInt32[]","System.Diagnostics.Eventing.Reader.EventBookmark","Information","Info",,"System.Collections.ObjectModel.ReadOnlyCollection`1[System.String]","System.Collections.Generic.List`1[System.Diagnostics.Eventing.Reader.EventProperty]"
"The device (Sony Storage Media) is suitable for a ReadyBoost cache.  The random read speed is 4821 KB/sec.  The random write speed is 2606 KB/sec.","1000","0",,"4","1019","0","-9223372036854759424","578","Microsoft-Windows-ReadyBoost","e6307a09-292c-497e-aad6-498f68e2b619","Microsoft-Windows-ReadyBoost/Operational","924","3868","rjaf-PC4429","S-1-5-18","8/5/2014 5:57:46 AM",,,"c:\users\mac_1\desktop\winevt\logs\microsoft-windows-readyboost%4operational.evtx","System.UInt32[]","System.Diagnostics.Eventing.Reader.EventBookmark","Information","Info",,"System.Collections.ObjectModel.ReadOnlyCollection`1[System.String]","System.Collections.Generic.List`1[System.Diagnostics.Eventing.Reader.EventProperty]"
"Boot plan calculation completed in 4617 ms.
     Boot Plan Timestamp: ?2014?-?08?-?04T10:00:47.113916100Z
     Reason: System boot completion
     Result: 0x0","1016","1",,"4","1016","0","-9223372036854767616","577","Microsoft-Windows-ReadyBoost","e6307a09-292c-497e-aad6-498f68e2b619","Microsoft-Windows-ReadyBoost/Operational","924","3952","rjaf-PC4429","S-1-5-18","8/4/2014 12:00:51 AM",,,"c:\users\mac_1\desktop\winevt\logs\microsoft-windows-readyboost%4operational.evtx","System.UInt32[]","System.Diagnostics.Eventing.Reader.EventBookmark","Information","Info",,"System.Collections.ObjectModel.ReadOnlyCollection`1[System.String]","System.Collections.Generic.List`1[System.Diagnostics.Eventing.Reader.EventProperty]"
"Summary of ReadyBoot Performance:
     Io Read Count: 17487
     Io Read Bytes: 470480384
     Cache Hit Count: 14500
     Cache Hit Bytes: 281979392
     Cache Hit Percentage: 0.829187396351575
     Boot Prefetch Time (us): 26835195
     Boot Prefetch Bytes: 269746176
     Boot Prefetch Read Count: 6597
","1015","1",,"4","1016","0","-9223372036854767616","576","Microsoft-Windows-ReadyBoost","e6307a09-292c-497e-aad6-498f68e2b619","Microsoft-Windows-ReadyBoost/Operational","924","3952","rjaf-PC4429","S-1-5-18","8/4/2014 12:00:50 AM",,,"c:\users\mac_1\desktop\winevt\logs\microsoft-windows-readyboost%4operational.evtx","System.UInt32[]","System.Diagnostics.Eventing.Reader.EventBookmark","Information","Info",,"System.Collections.ObjectModel.ReadOnlyCollection`1[System.String]","System.Collections.Generic.List`1[System.Diagnostics.Eventing.Reader.EventProperty]"
"Boot plan calculation completed in 1076 ms.
     Boot Plan Timestamp: ?2014?-?08?-?03T12:15:51.608352200Z
     Reason: Disk defragmentation
     Result: 0x0","1016","1",,"4","1016","0","-9223372036854767616","575","Microsoft-Windows-ReadyBoost","e6307a09-292c-497e-aad6-498f68e2b619","Microsoft-Windows-ReadyBoost/Operational","936","2592","rjaf-PC4429","S-1-5-18","8/3/2014 2:15:52 AM",,,"c:\users\mac_1\desktop\winevt\logs\microsoft-windows-readyboost%4operational.evtx","System.UInt32[]","System.Diagnostics.Eventing.Reader.EventBookmark","Information","Info",,"System.Collections.ObjectModel.ReadOnlyCollection`1[System.String]","System.Collections.Generic.List`1[System.Diagnostics.Eventing.Reader.EventProperty]"
"Boot plan calculation completed in 1466 ms.
     Boot Plan Timestamp: ?2014?-?08?-?03T11:39:33.643134400Z
     Reason: Disk defragmentation
     Result: 0x0","1016","1",,"4","1016","0","-9223372036854767616","574","Microsoft-Windows-ReadyBoost","e6307a09-292c-497e-aad6-498f68e2b619","Microsoft-Windows-ReadyBoost/Operational","936","1840","rjaf-PC4429","S-1-5-18","8/3/2014 1:39:35 AM",,,"c:\users\mac_1\desktop\winevt\logs\microsoft-windows-readyboost%4operational.evtx","System.UInt32[]","System.Diagnostics.Eventing.Reader.EventBookmark","Information","Info",,"System.Collections.ObjectModel.ReadOnlyCollection`1[System.String]","System.Collections.Generic.List`1[System.Diagnostics.Eventing.Reader.EventProperty]"
"Boot plan calculation completed in 3400 ms.
     Boot Plan Timestamp: ?2014?-?08?-?03T11:33:39.725312800Z
     Reason: System boot completion
     Result: 0x0","1016","1",,"4","1016","0","-9223372036854767616","573","Microsoft-Windows-ReadyBoost","e6307a09-292c-497e-aad6-498f68e2b619","Microsoft-Windows-ReadyBoost/Operational","936","3900","rjaf-PC4429","S-1-5-18","8/3/2014 1:33:43 AM",,,"c:\users\mac_1\desktop\winevt\logs\microsoft-windows-readyboost%4operational.evtx","System.UInt32[]","System.Diagnostics.Eventing.Reader.EventBookmark","Information","Info",,"System.Collections.ObjectModel.ReadOnlyCollection`1[System.String]","System.Collections.Generic.List`1[System.Diagnostics.Eventing.Reader.EventProperty]"
"Summary of ReadyBoot Performance:
     Io Read Count: 19396
     Io Read Bytes: 469267456
     Cache Hit Count: 14459
     Cache Hit Bytes: 281524224
     Cache Hit Percentage: 0.745462982058156
     Boot Prefetch Time (us): 29666442
     Boot Prefetch Bytes: 270061568
     Boot Prefetch Read Count: 6597
","1015","1",,"4","1016","0","-9223372036854767616","572","Microsoft-Windows-ReadyBoost","e6307a09-292c-497e-aad6-498f68e2b619","Microsoft-Windows-ReadyBoost/Operational","936","3900","rjaf-PC4429","S-1-5-18","8/3/2014 1:33:42 AM",,,"c:\users\mac_1\desktop\winevt\logs\microsoft-windows-readyboost%4operational.evtx","System.UInt32[]","System.Diagnostics.Eventing.Reader.EventBookmark","Information","Info",,"System.Collections.ObjectModel.ReadOnlyCollection`1[System.String]","System.Collections.Generic.List`1[System.Diagnostics.Eventing.Reader.EventProperty]"
"Boot plan calculation completed in 3230 ms.
     Boot Plan Timestamp: ?2014?-?07?-?31T22:40:06.368110400Z
     Reason: System boot completion
     Result: 0x0","1016","1",,"4","1016","0","-9223372036854767616","571","Microsoft-Windows-ReadyBoost","e6307a09-292c-497e-aad6-498f68e2b619","Microsoft-Windows-ReadyBoost/Operational","940","3816","rjaf-PC4429","S-1-5-18","7/31/2014 12:40:09 PM",,,"c:\users\mac_1\desktop\winevt\logs\microsoft-windows-readyboost%4operational.evtx","System.UInt32[]","System.Diagnostics.Eventing.Reader.EventBookmark","Information","Info",,"System.Collections.ObjectModel.ReadOnlyCollection`1[System.String]","System.Collections.Generic.List`1[System.Diagnostics.Eventing.Reader.EventProperty]"
"Summary of ReadyBoot Performance:
     Io Read Count: 19031
     Io Read Bytes: 468569600
     Cache Hit Count: 13277
     Cache Hit Bytes: 274717696
     Cache Hit Percentage: 0.697651200672587
     Boot Prefetch Time (us): 27670041
     Boot Prefetch Bytes: 261267456
     Boot Prefetch Read Count: 6284
","1015","1",,"4","1016","0","-9223372036854767616","570","Microsoft-Windows-ReadyBoost","e6307a09-292c-497e-aad6-498f68e2b619","Microsoft-Windows-ReadyBoost/Operational","940","3816","rjaf-PC4429","S-1-5-18","7/31/2014 12:40:08 PM",,,"c:\users\mac_1\desktop\winevt\logs\microsoft-windows-readyboost%4operational.evtx","System.UInt32[]","System.Diagnostics.Eventing.Reader.EventBookmark","Information","Info",,"System.Collections.ObjectModel.ReadOnlyCollection`1[System.String]","System.Collections.Generic.List`1[System.Diagnostics.Eventing.Reader.EventProperty]"
"Boot plan calculation completed in 733 ms.
     Boot Plan Timestamp: ?2014?-?07?-?23T11:26:22.929433800Z
     Reason: Disk defragmentation
     Result: 0x0","1016","1",,"4","1016","0","-9223372036854767616","569","Microsoft-Windows-ReadyBoost","e6307a09-292c-497e-aad6-498f68e2b619","Microsoft-Windows-ReadyBoost/Operational","924","3020","rjaf-PC4429","S-1-5-18","7/23/2014 1:26:23 AM",,,"c:\users\mac_1\desktop\winevt\logs\microsoft-windows-readyboost%4operational.evtx","System.UInt32[]","System.Diagnostics.Eventing.Reader.EventBookmark","Information","Info",,"System.Collections.ObjectModel.ReadOnlyCollection`1[System.String]","System.Collections.Generic.List`1[System.Diagnostics.Eventing.Reader.EventProperty]"
"Boot plan calculation completed in 718 ms.
     Boot Plan Timestamp: ?2014?-?07?-?22T13:52:49.934145100Z
     Reason: Disk defragmentation
     Result: 0x0","1016","1",,"4","1016","0","-9223372036854767616","568","Microsoft-Windows-ReadyBoost","e6307a09-292c-497e-aad6-498f68e2b619","Microsoft-Windows-ReadyBoost/Operational","924","2100","rjaf-PC4429","S-1-5-18","7/22/2014 3:52:50 AM",,,"c:\users\mac_1\desktop\winevt\logs\microsoft-windows-readyboost%4operational.evtx","System.UInt32[]","System.Diagnostics.Eventing.Reader.EventBookmark","Information","Info",,"System.Collections.ObjectModel.ReadOnlyCollection`1[System.String]","System.Collections.Generic.List`1[System.Diagnostics.Eventing.Reader.EventProperty]"
"Boot plan calculation completed in 1124 ms.
     Boot Plan Timestamp: ?2014?-?07?-?22T10:30:48.907796800Z
     Reason: Disk defragmentation
     Result: 0x0","1016","1",,"4","1016","0","-9223372036854767616","567","Microsoft-Windows-ReadyBoost","e6307a09-292c-497e-aad6-498f68e2b619","Microsoft-Windows-ReadyBoost/Operational","924","524","rjaf-PC4429","S-1-5-18","7/22/2014 12:30:50 AM",,,"c:\users\mac_1\desktop\winevt\logs\microsoft-windows-readyboost%4operational.evtx","System.UInt32[]","System.Diagnostics.Eventing.Reader.EventBookmark","Information","Info",,"System.Collections.ObjectModel.ReadOnlyCollection`1[System.String]","System.Collections.Generic.List`1[System.Diagnostics.Eventing.Reader.EventProperty]"
"Boot plan calculation completed in 858 ms.
     Boot Plan Timestamp: ?2014?-?07?-?19T10:31:14.646730500Z
     Reason: Disk defragmentation
     Result: 0x0","1016","1",,"4","1016","0","-9223372036854767616","566","Microsoft-Windows-ReadyBoost","e6307a09-292c-497e-aad6-498f68e2b619","Microsoft-Windows-ReadyBoost/Operational","924","844","rjaf-PC4429","S-1-5-18","7/19/2014 12:31:15 AM",,,"c:\users\mac_1\desktop\winevt\logs\microsoft-windows-readyboost%4operational.evtx","System.UInt32[]","System.Diagnostics.Eventing.Reader.EventBookmark","Information","Info",,"System.Collections.ObjectModel.ReadOnlyCollection`1[System.String]","System.Collections.Generic.List`1[System.Diagnostics.Eventing.Reader.EventProperty]"
"Boot plan calculation completed in 593 ms.
     Boot Plan Timestamp: ?2014?-?07?-?16T12:11:49.660565400Z
     Reason: Disk defragmentation
     Result: 0x0","1016","1",,"4","1016","0","-9223372036854767616","565","Microsoft-Windows-ReadyBoost","e6307a09-292c-497e-aad6-498f68e2b619","Microsoft-Windows-ReadyBoost/Operational","924","116","rjaf-PC4429","S-1-5-18","7/16/2014 2:11:50 AM",,,"c:\users\mac_1\desktop\winevt\logs\microsoft-windows-readyboost%4operational.evtx","System.UInt32[]","System.Diagnostics.Eventing.Reader.EventBookmark","Information","Info",,"System.Collections.ObjectModel.ReadOnlyCollection`1[System.String]","System.Collections.Generic.List`1[System.Diagnostics.Eventing.Reader.EventProperty]"
"Boot plan calculation completed in 1513 ms.
     Boot Plan Timestamp: ?2014?-?07?-?16T10:47:00.896245300Z
     Reason: Disk defragmentation
     Result: 0x0","1016","1",,"4","1016","0","-9223372036854767616","564","Microsoft-Windows-ReadyBoost","e6307a09-292c-497e-aad6-498f68e2b619","Microsoft-Windows-ReadyBoost/Operational","924","3280","rjaf-PC4429","S-1-5-18","7/16/2014 12:47:02 AM",,,"c:\users\mac_1\desktop\winevt\logs\microsoft-windows-readyboost%4operational.evtx","System.UInt32[]","System.Diagnostics.Eventing.Reader.EventBookmark","Information","Info",,"System.Collections.ObjectModel.ReadOnlyCollection`1[System.String]","System.Collections.Generic.List`1[System.Diagnostics.Eventing.Reader.EventProperty]"
"Boot plan calculation completed in 9251 ms.
     Boot Plan Timestamp: ?2014?-?07?-?16T10:42:06.726528600Z
     Reason: System boot completion
     Result: 0x0","1016","1",,"4","1016","0","-9223372036854767616","563","Microsoft-Windows-ReadyBoost","e6307a09-292c-497e-aad6-498f68e2b619","Microsoft-Windows-ReadyBoost/Operational","924","2860","rjaf-PC4429","S-1-5-18","7/16/2014 12:42:15 AM",,,"c:\users\mac_1\desktop\winevt\logs\microsoft-windows-readyboost%4operational.evtx","System.UInt32[]","System.Diagnostics.Eventing.Reader.EventBookmark","Information","Info",,"System.Collections.ObjectModel.ReadOnlyCollection`1[System.String]","System.Collections.Generic.List`1[System.Diagnostics.Eventing.Reader.EventProperty]"
"Summary of ReadyBoot Performance:
     Io Read Count: 16601
     Io Read Bytes: 437339648
     Cache Hit Count: 11947
     Cache Hit Bytes: 251679232
     Cache Hit Percentage: 0.719655442443226
     Boot Prefetch Time (us): 22291264
     Boot Prefetch Bytes: 260878336
     Boot Prefetch Read Count: 6265
","1015","1",,"4","1016","0","-9223372036854767616","562","Microsoft-Windows-ReadyBoost","e6307a09-292c-497e-aad6-498f68e2b619","Microsoft-Windows-ReadyBoost/Operational","924","2860","rjaf-PC4429","S-1-5-18","7/16/2014 12:42:15 AM",,,"c:\users\mac_1\desktop\winevt\logs\microsoft-windows-readyboost%4operational.evtx","System.UInt32[]","System.Diagnostics.Eventing.Reader.EventBookmark","Information","Info",,"System.Collections.ObjectModel.ReadOnlyCollection`1[System.String]","System.Collections.Generic.List`1[System.Diagnostics.Eventing.Reader.EventProperty]"
"Boot plan calculation completed in 609 ms.
     Boot Plan Timestamp: ?2014?-?07?-?15T12:02:16.032718800Z
     Reason: Disk defragmentation
     Result: 0x0","1016","1",,"4","1016","0","-9223372036854767616","561","Microsoft-Windows-ReadyBoost","e6307a09-292c-497e-aad6-498f68e2b619","Microsoft-Windows-ReadyBoost/Operational","928","1444","rjaf-PC4429","S-1-5-18","7/15/2014 2:02:16 AM",,,"c:\users\mac_1\desktop\winevt\logs\microsoft-windows-readyboost%4operational.evtx","System.UInt32[]","System.Diagnostics.Eventing.Reader.EventBookmark","Information","Info",,"System.Collections.ObjectModel.ReadOnlyCollection`1[System.String]","System.Collections.Generic.List`1[System.Diagnostics.Eventing.Reader.EventProperty]"
"Boot plan calculation completed in 5226 ms.
     Boot Plan Timestamp: ?2014?-?07?-?15T10:48:09.120108200Z
     Reason: System boot completion
     Result: 0x0","1016","1",,"4","1016","0","-9223372036854767616","560","Microsoft-Windows-ReadyBoost","e6307a09-292c-497e-aad6-498f68e2b619","Microsoft-Windows-ReadyBoost/Operational","928","3168","rjaf-PC4429","S-1-5-18","7/15/2014 12:48:14 AM",,,"c:\users\mac_1\desktop\winevt\logs\microsoft-windows-readyboost%4operational.evtx","System.UInt32[]","System.Diagnostics.Eventing.Reader.EventBookmark","Information","Info",,"System.Collections.ObjectModel.ReadOnlyCollection`1[System.String]","System.Collections.Generic.List`1[System.Diagnostics.Eventing.Reader.EventProperty]"
"Summary of ReadyBoot Performance:
     Io Read Count: 13959
     Io Read Bytes: 353492992
     Cache Hit Count: 13352
     Cache Hit Bytes: 276753408
     Cache Hit Percentage: 0.956515509706999
     Boot Prefetch Time (us): 23124978
     Boot Prefetch Bytes: 263614464
     Boot Prefetch Read Count: 6305
","1015","1",,"4","1016","0","-9223372036854767616","559","Microsoft-Windows-ReadyBoost","e6307a09-292c-497e-aad6-498f68e2b619","Microsoft-Windows-ReadyBoost/Operational","928","3168","rjaf-PC4429","S-1-5-18","7/15/2014 12:48:13 AM",,,"c:\users\mac_1\desktop\winevt\logs\microsoft-windows-readyboost%4operational.evtx","System.UInt32[]","System.Diagnostics.Eventing.Reader.EventBookmark","Information","Info",,"System.Collections.ObjectModel.ReadOnlyCollection`1[System.String]","System.Collections.Generic.List`1[System.Diagnostics.Eventing.Reader.EventProperty]"
"Boot plan calculation completed in 827 ms.
     Boot Plan Timestamp: ?2014?-?07?-?15T02:23:25.645851500Z
     Reason: Disk defragmentation
     Result: 0x0","1016","1",,"4","1016","0","-9223372036854767616","558","Microsoft-Windows-ReadyBoost","e6307a09-292c-497e-aad6-498f68e2b619","Microsoft-Windows-ReadyBoost/Operational","936","2892","rjaf-PC4429","S-1-5-18","7/14/2014 4:23:26 PM",,,"c:\users\mac_1\desktop\winevt\logs\microsoft-windows-readyboost%4operational.evtx","System.UInt32[]","System.Diagnostics.Eventing.Reader.EventBookmark","Information","Info",,"System.Collections.ObjectModel.ReadOnlyCollection`1[System.String]","System.Collections.Generic.List`1[System.Diagnostics.Eventing.Reader.EventProperty]"
"Boot plan calculation completed in 749 ms.
     Boot Plan Timestamp: ?2014?-?07?-?14T14:16:38.663478100Z
     Reason: Disk defragmentation
     Result: 0x0","1016","1",,"4","1016","0","-9223372036854767616","557","Microsoft-Windows-ReadyBoost","e6307a09-292c-497e-aad6-498f68e2b619","Microsoft-Windows-ReadyBoost/Operational","936","3112","rjaf-PC4429","S-1-5-18","7/14/2014 4:16:39 AM",,,"c:\users\mac_1\desktop\winevt\logs\microsoft-windows-readyboost%4operational.evtx","System.UInt32[]","System.Diagnostics.Eventing.Reader.EventBookmark","Information","Info",,"System.Collections.ObjectModel.ReadOnlyCollection`1[System.String]","System.Collections.Generic.List`1[System.Diagnostics.Eventing.Reader.EventProperty]"
"Boot plan calculation completed in 4930 ms.
     Boot Plan Timestamp: ?2014?-?07?-?14T13:14:19.836111200Z
     Reason: System boot completion
     Result: 0x0","1016","1",,"4","1016","0","-9223372036854767616","556","Microsoft-Windows-ReadyBoost","e6307a09-292c-497e-aad6-498f68e2b619","Microsoft-Windows-ReadyBoost/Operational","936","3388","rjaf-PC4429","S-1-5-18","7/14/2014 3:14:24 AM",,,"c:\users\mac_1\desktop\winevt\logs\microsoft-windows-readyboost%4operational.evtx","System.UInt32[]","System.Diagnostics.Eventing.Reader.EventBookmark","Information","Info",,"System.Collections.ObjectModel.ReadOnlyCollection`1[System.String]","System.Collections.Generic.List`1[System.Diagnostics.Eventing.Reader.EventProperty]"
"Summary of ReadyBoot Performance:
     Io Read Count: 17139
     Io Read Bytes: 436303360
     Cache Hit Count: 13420
     Cache Hit Bytes: 277438464
     Cache Hit Percentage: 0.78300951047319
     Boot Prefetch Time (us): 27270699
     Boot Prefetch Bytes: 265887744
     Boot Prefetch Read Count: 6361
","1015","1",,"4","1016","0","-9223372036854767616","555","Microsoft-Windows-ReadyBoost","e6307a09-292c-497e-aad6-498f68e2b619","Microsoft-Windows-ReadyBoost/Operational","936","3388","rjaf-PC4429","S-1-5-18","7/14/2014 3:14:24 AM",,,"c:\users\mac_1\desktop\winevt\logs\microsoft-windows-readyboost%4operational.evtx","System.UInt32[]","System.Diagnostics.Eventing.Reader.EventBookmark","Information","Info",,"System.Collections.ObjectModel.ReadOnlyCollection`1[System.String]","System.Collections.Generic.List`1[System.Diagnostics.Eventing.Reader.EventProperty]"
