"Possible heap corruption detected (exception code 3221225477). Initiating further diagnostics.","2","0",,"4","0","0","-9222246136947933184","360","Microsoft-Windows-WER-Diag","ad8aa069-a01b-40a0-ba40-948d1d8dedc5","Microsoft-Windows-WER-Diag/Operational","3616","4440","rjaf-PC4429","S-1-5-21-1634558665-2257203147-3060767804-1000","6/9/2015 6:52:13 AM",,,"c:\users\mac_1\desktop\winevt\logs\microsoft-windows-wer-diag%4operational.evtx","System.UInt32[]","System.Diagnostics.Eventing.Reader.EventBookmark","Information","Info",,"System.Collections.ObjectModel.ReadOnlyCollection`1[System.String]","System.Collections.Generic.List`1[System.Diagnostics.Eventing.Reader.EventProperty]"
"Possible heap corruption detected (exception code 3221225477). Initiating further diagnostics.","2","0",,"4","0","0","-9222246136947933184","359","Microsoft-Windows-WER-Diag","ad8aa069-a01b-40a0-ba40-948d1d8dedc5","Microsoft-Windows-WER-Diag/Operational","4300","6048","rjaf-PC4429","S-1-5-21-1634558665-2257203147-3060767804-1000","6/9/2015 6:52:04 AM",,,"c:\users\mac_1\desktop\winevt\logs\microsoft-windows-wer-diag%4operational.evtx","System.UInt32[]","System.Diagnostics.Eventing.Reader.EventBookmark","Information","Info",,"System.Collections.ObjectModel.ReadOnlyCollection`1[System.String]","System.Collections.Generic.List`1[System.Diagnostics.Eventing.Reader.EventProperty]"
"Possible heap corruption detected (exception code 3221225477). Initiating further diagnostics.","2","0",,"4","0","0","-9222246136947933184","358","Microsoft-Windows-WER-Diag","ad8aa069-a01b-40a0-ba40-948d1d8dedc5","Microsoft-Windows-WER-Diag/Operational","5728","212","rjaf-PC4429","S-1-5-21-1634558665-2257203147-3060767804-1000","6/9/2015 6:51:55 AM",,,"c:\users\mac_1\desktop\winevt\logs\microsoft-windows-wer-diag%4operational.evtx","System.UInt32[]","System.Diagnostics.Eventing.Reader.EventBookmark","Information","Info",,"System.Collections.ObjectModel.ReadOnlyCollection`1[System.String]","System.Collections.Generic.List`1[System.Diagnostics.Eventing.Reader.EventProperty]"
"Possible heap corruption detected (exception code 3221225477). Initiating further diagnostics.","2","0",,"4","0","0","-9222246136947933184","357","Microsoft-Windows-WER-Diag","ad8aa069-a01b-40a0-ba40-948d1d8dedc5","Microsoft-Windows-WER-Diag/Operational","2124","5088","rjaf-PC4429","S-1-5-21-1634558665-2257203147-3060767804-1000","6/9/2015 6:51:46 AM",,,"c:\users\mac_1\desktop\winevt\logs\microsoft-windows-wer-diag%4operational.evtx","System.UInt32[]","System.Diagnostics.Eventing.Reader.EventBookmark","Information","Info",,"System.Collections.ObjectModel.ReadOnlyCollection`1[System.String]","System.Collections.Generic.List`1[System.Diagnostics.Eventing.Reader.EventProperty]"
"Possible heap corruption detected (exception code 3221225477). Initiating further diagnostics.","2","0",,"4","0","0","-9222246136947933184","356","Microsoft-Windows-WER-Diag","ad8aa069-a01b-40a0-ba40-948d1d8dedc5","Microsoft-Windows-WER-Diag/Operational","5748","948","rjaf-PC4429","S-1-5-21-1634558665-2257203147-3060767804-1000","6/9/2015 6:51:37 AM",,,"c:\users\mac_1\desktop\winevt\logs\microsoft-windows-wer-diag%4operational.evtx","System.UInt32[]","System.Diagnostics.Eventing.Reader.EventBookmark","Information","Info",,"System.Collections.ObjectModel.ReadOnlyCollection`1[System.String]","System.Collections.Generic.List`1[System.Diagnostics.Eventing.Reader.EventProperty]"
"Possible heap corruption detected (exception code 3221225477). Initiating further diagnostics.","2","0",,"4","0","0","-9222246136947933184","355","Microsoft-Windows-WER-Diag","ad8aa069-a01b-40a0-ba40-948d1d8dedc5","Microsoft-Windows-WER-Diag/Operational","2676","2992","rjaf-PC4429","S-1-5-21-1634558665-2257203147-3060767804-1000","6/9/2015 6:51:28 AM",,,"c:\users\mac_1\desktop\winevt\logs\microsoft-windows-wer-diag%4operational.evtx","System.UInt32[]","System.Diagnostics.Eventing.Reader.EventBookmark","Information","Info",,"System.Collections.ObjectModel.ReadOnlyCollection`1[System.String]","System.Collections.Generic.List`1[System.Diagnostics.Eventing.Reader.EventProperty]"
"Possible heap corruption detected (exception code 3221225477). Initiating further diagnostics.","2","0",,"4","0","0","-9222246136947933184","354","Microsoft-Windows-WER-Diag","ad8aa069-a01b-40a0-ba40-948d1d8dedc5","Microsoft-Windows-WER-Diag/Operational","2632","6060","rjaf-PC4429","S-1-5-21-1634558665-2257203147-3060767804-1000","6/9/2015 6:51:16 AM",,,"c:\users\mac_1\desktop\winevt\logs\microsoft-windows-wer-diag%4operational.evtx","System.UInt32[]","System.Diagnostics.Eventing.Reader.EventBookmark","Information","Info",,"System.Collections.ObjectModel.ReadOnlyCollection`1[System.String]","System.Collections.Generic.List`1[System.Diagnostics.Eventing.Reader.EventProperty]"
"Possible heap corruption detected (exception code 3221225477). Initiating further diagnostics.","2","0",,"4","0","0","-9222246136947933184","353","Microsoft-Windows-WER-Diag","ad8aa069-a01b-40a0-ba40-948d1d8dedc5","Microsoft-Windows-WER-Diag/Operational","3912","4432","rjaf-PC4429","S-1-5-21-1634558665-2257203147-3060767804-1000","6/9/2015 6:51:07 AM",,,"c:\users\mac_1\desktop\winevt\logs\microsoft-windows-wer-diag%4operational.evtx","System.UInt32[]","System.Diagnostics.Eventing.Reader.EventBookmark","Information","Info",,"System.Collections.ObjectModel.ReadOnlyCollection`1[System.String]","System.Collections.Generic.List`1[System.Diagnostics.Eventing.Reader.EventProperty]"
"Possible heap corruption detected (exception code 3221225477). Initiating further diagnostics.","2","0",,"4","0","0","-9222246136947933184","352","Microsoft-Windows-WER-Diag","ad8aa069-a01b-40a0-ba40-948d1d8dedc5","Microsoft-Windows-WER-Diag/Operational","4664","5060","rjaf-PC4429","S-1-5-21-1634558665-2257203147-3060767804-1000","6/9/2015 6:50:58 AM",,,"c:\users\mac_1\desktop\winevt\logs\microsoft-windows-wer-diag%4operational.evtx","System.UInt32[]","System.Diagnostics.Eventing.Reader.EventBookmark","Information","Info",,"System.Collections.ObjectModel.ReadOnlyCollection`1[System.String]","System.Collections.Generic.List`1[System.Diagnostics.Eventing.Reader.EventProperty]"
"Possible heap corruption detected (exception code 3221225477). Initiating further diagnostics.","2","0",,"4","0","0","-9222246136947933184","351","Microsoft-Windows-WER-Diag","ad8aa069-a01b-40a0-ba40-948d1d8dedc5","Microsoft-Windows-WER-Diag/Operational","5556","4016","rjaf-PC4429","S-1-5-21-1634558665-2257203147-3060767804-1000","6/9/2015 6:50:49 AM",,,"c:\users\mac_1\desktop\winevt\logs\microsoft-windows-wer-diag%4operational.evtx","System.UInt32[]","System.Diagnostics.Eventing.Reader.EventBookmark","Information","Info",,"System.Collections.ObjectModel.ReadOnlyCollection`1[System.String]","System.Collections.Generic.List`1[System.Diagnostics.Eventing.Reader.EventProperty]"
"Possible heap corruption detected (exception code 3221225477). Initiating further diagnostics.","2","0",,"4","0","0","-9222246136947933184","350","Microsoft-Windows-WER-Diag","ad8aa069-a01b-40a0-ba40-948d1d8dedc5","Microsoft-Windows-WER-Diag/Operational","4924","5080","rjaf-PC4429","S-1-5-21-1634558665-2257203147-3060767804-1000","6/9/2015 6:50:40 AM",,,"c:\users\mac_1\desktop\winevt\logs\microsoft-windows-wer-diag%4operational.evtx","System.UInt32[]","System.Diagnostics.Eventing.Reader.EventBookmark","Information","Info",,"System.Collections.ObjectModel.ReadOnlyCollection`1[System.String]","System.Collections.Generic.List`1[System.Diagnostics.Eventing.Reader.EventProperty]"
"Possible heap corruption detected (exception code 3221225477). Initiating further diagnostics.","2","0",,"4","0","0","-9222246136947933184","349","Microsoft-Windows-WER-Diag","ad8aa069-a01b-40a0-ba40-948d1d8dedc5","Microsoft-Windows-WER-Diag/Operational","1260","5212","rjaf-PC4429","S-1-5-21-1634558665-2257203147-3060767804-1000","6/9/2015 6:50:31 AM",,,"c:\users\mac_1\desktop\winevt\logs\microsoft-windows-wer-diag%4operational.evtx","System.UInt32[]","System.Diagnostics.Eventing.Reader.EventBookmark","Information","Info",,"System.Collections.ObjectModel.ReadOnlyCollection`1[System.String]","System.Collections.Generic.List`1[System.Diagnostics.Eventing.Reader.EventProperty]"
"Possible heap corruption detected (exception code 3221225477). Initiating further diagnostics.","2","0",,"4","0","0","-9222246136947933184","348","Microsoft-Windows-WER-Diag","ad8aa069-a01b-40a0-ba40-948d1d8dedc5","Microsoft-Windows-WER-Diag/Operational","3704","2396","rjaf-PC4429","S-1-5-21-1634558665-2257203147-3060767804-1000","6/9/2015 6:50:21 AM",,,"c:\users\mac_1\desktop\winevt\logs\microsoft-windows-wer-diag%4operational.evtx","System.UInt32[]","System.Diagnostics.Eventing.Reader.EventBookmark","Information","Info",,"System.Collections.ObjectModel.ReadOnlyCollection`1[System.String]","System.Collections.Generic.List`1[System.Diagnostics.Eventing.Reader.EventProperty]"
"Possible heap corruption detected (exception code 3221225477). Initiating further diagnostics.","2","0",,"4","0","0","-9222246136947933184","347","Microsoft-Windows-WER-Diag","ad8aa069-a01b-40a0-ba40-948d1d8dedc5","Microsoft-Windows-WER-Diag/Operational","3020","5552","rjaf-PC4429","S-1-5-21-1634558665-2257203147-3060767804-1000","6/9/2015 4:49:28 AM",,,"c:\users\mac_1\desktop\winevt\logs\microsoft-windows-wer-diag%4operational.evtx","System.UInt32[]","System.Diagnostics.Eventing.Reader.EventBookmark","Information","Info",,"System.Collections.ObjectModel.ReadOnlyCollection`1[System.String]","System.Collections.Generic.List`1[System.Diagnostics.Eventing.Reader.EventProperty]"
"Possible heap corruption detected (exception code 3221225477). Initiating further diagnostics.","2","0",,"4","0","0","-9222246136947933184","346","Microsoft-Windows-WER-Diag","ad8aa069-a01b-40a0-ba40-948d1d8dedc5","Microsoft-Windows-WER-Diag/Operational","208","4424","rjaf-PC4429","S-1-5-21-1634558665-2257203147-3060767804-1000","6/9/2015 4:49:19 AM",,,"c:\users\mac_1\desktop\winevt\logs\microsoft-windows-wer-diag%4operational.evtx","System.UInt32[]","System.Diagnostics.Eventing.Reader.EventBookmark","Information","Info",,"System.Collections.ObjectModel.ReadOnlyCollection`1[System.String]","System.Collections.Generic.List`1[System.Diagnostics.Eventing.Reader.EventProperty]"
"Possible heap corruption detected (exception code 3221225477). Initiating further diagnostics.","2","0",,"4","0","0","-9222246136947933184","345","Microsoft-Windows-WER-Diag","ad8aa069-a01b-40a0-ba40-948d1d8dedc5","Microsoft-Windows-WER-Diag/Operational","4860","5752","rjaf-PC4429","S-1-5-21-1634558665-2257203147-3060767804-1000","6/9/2015 4:49:10 AM",,,"c:\users\mac_1\desktop\winevt\logs\microsoft-windows-wer-diag%4operational.evtx","System.UInt32[]","System.Diagnostics.Eventing.Reader.EventBookmark","Information","Info",,"System.Collections.ObjectModel.ReadOnlyCollection`1[System.String]","System.Collections.Generic.List`1[System.Diagnostics.Eventing.Reader.EventProperty]"
"Possible heap corruption detected (exception code 3221225477). Initiating further diagnostics.","2","0",,"4","0","0","-9222246136947933184","344","Microsoft-Windows-WER-Diag","ad8aa069-a01b-40a0-ba40-948d1d8dedc5","Microsoft-Windows-WER-Diag/Operational","4508","4876","rjaf-PC4429","S-1-5-21-1634558665-2257203147-3060767804-1000","6/9/2015 4:49:01 AM",,,"c:\users\mac_1\desktop\winevt\logs\microsoft-windows-wer-diag%4operational.evtx","System.UInt32[]","System.Diagnostics.Eventing.Reader.EventBookmark","Information","Info",,"System.Collections.ObjectModel.ReadOnlyCollection`1[System.String]","System.Collections.Generic.List`1[System.Diagnostics.Eventing.Reader.EventProperty]"
"Possible heap corruption detected (exception code 3221225477). Initiating further diagnostics.","2","0",,"4","0","0","-9222246136947933184","343","Microsoft-Windows-WER-Diag","ad8aa069-a01b-40a0-ba40-948d1d8dedc5","Microsoft-Windows-WER-Diag/Operational","4532","3080","rjaf-PC4429","S-1-5-21-1634558665-2257203147-3060767804-1000","6/9/2015 4:48:52 AM",,,"c:\users\mac_1\desktop\winevt\logs\microsoft-windows-wer-diag%4operational.evtx","System.UInt32[]","System.Diagnostics.Eventing.Reader.EventBookmark","Information","Info",,"System.Collections.ObjectModel.ReadOnlyCollection`1[System.String]","System.Collections.Generic.List`1[System.Diagnostics.Eventing.Reader.EventProperty]"
"Possible heap corruption detected (exception code 3221225477). Initiating further diagnostics.","2","0",,"4","0","0","-9222246136947933184","342","Microsoft-Windows-WER-Diag","ad8aa069-a01b-40a0-ba40-948d1d8dedc5","Microsoft-Windows-WER-Diag/Operational","4252","3568","rjaf-PC4429","S-1-5-21-1634558665-2257203147-3060767804-1000","6/9/2015 4:48:43 AM",,,"c:\users\mac_1\desktop\winevt\logs\microsoft-windows-wer-diag%4operational.evtx","System.UInt32[]","System.Diagnostics.Eventing.Reader.EventBookmark","Information","Info",,"System.Collections.ObjectModel.ReadOnlyCollection`1[System.String]","System.Collections.Generic.List`1[System.Diagnostics.Eventing.Reader.EventProperty]"
"Possible heap corruption detected (exception code 3221225477). Initiating further diagnostics.","2","0",,"4","0","0","-9222246136947933184","341","Microsoft-Windows-WER-Diag","ad8aa069-a01b-40a0-ba40-948d1d8dedc5","Microsoft-Windows-WER-Diag/Operational","4796","3216","rjaf-PC4429","S-1-5-21-1634558665-2257203147-3060767804-1000","6/9/2015 4:18:20 AM",,,"c:\users\mac_1\desktop\winevt\logs\microsoft-windows-wer-diag%4operational.evtx","System.UInt32[]","System.Diagnostics.Eventing.Reader.EventBookmark","Information","Info",,"System.Collections.ObjectModel.ReadOnlyCollection`1[System.String]","System.Collections.Generic.List`1[System.Diagnostics.Eventing.Reader.EventProperty]"
"Possible heap corruption detected (exception code 3221225477). Initiating further diagnostics.","2","0",,"4","0","0","-9222246136947933184","340","Microsoft-Windows-WER-Diag","ad8aa069-a01b-40a0-ba40-948d1d8dedc5","Microsoft-Windows-WER-Diag/Operational","6108","4272","rjaf-PC4429","S-1-5-21-1634558665-2257203147-3060767804-1000","6/9/2015 4:18:11 AM",,,"c:\users\mac_1\desktop\winevt\logs\microsoft-windows-wer-diag%4operational.evtx","System.UInt32[]","System.Diagnostics.Eventing.Reader.EventBookmark","Information","Info",,"System.Collections.ObjectModel.ReadOnlyCollection`1[System.String]","System.Collections.Generic.List`1[System.Diagnostics.Eventing.Reader.EventProperty]"
"Possible heap corruption detected (exception code 3221225477). Initiating further diagnostics.","2","0",,"4","0","0","-9222246136947933184","339","Microsoft-Windows-WER-Diag","ad8aa069-a01b-40a0-ba40-948d1d8dedc5","Microsoft-Windows-WER-Diag/Operational","6140","4236","rjaf-PC4429","S-1-5-21-1634558665-2257203147-3060767804-1000","6/9/2015 4:18:02 AM",,,"c:\users\mac_1\desktop\winevt\logs\microsoft-windows-wer-diag%4operational.evtx","System.UInt32[]","System.Diagnostics.Eventing.Reader.EventBookmark","Information","Info",,"System.Collections.ObjectModel.ReadOnlyCollection`1[System.String]","System.Collections.Generic.List`1[System.Diagnostics.Eventing.Reader.EventProperty]"
"Possible heap corruption detected (exception code 3221225477). Initiating further diagnostics.","2","0",,"4","0","0","-9222246136947933184","338","Microsoft-Windows-WER-Diag","ad8aa069-a01b-40a0-ba40-948d1d8dedc5","Microsoft-Windows-WER-Diag/Operational","1988","1112","rjaf-PC4429","S-1-5-21-1634558665-2257203147-3060767804-1000","6/9/2015 4:17:53 AM",,,"c:\users\mac_1\desktop\winevt\logs\microsoft-windows-wer-diag%4operational.evtx","System.UInt32[]","System.Diagnostics.Eventing.Reader.EventBookmark","Information","Info",,"System.Collections.ObjectModel.ReadOnlyCollection`1[System.String]","System.Collections.Generic.List`1[System.Diagnostics.Eventing.Reader.EventProperty]"
"Possible heap corruption detected (exception code 3221225477). Initiating further diagnostics.","2","0",,"4","0","0","-9222246136947933184","337","Microsoft-Windows-WER-Diag","ad8aa069-a01b-40a0-ba40-948d1d8dedc5","Microsoft-Windows-WER-Diag/Operational","5688","5268","rjaf-PC4429","S-1-5-21-1634558665-2257203147-3060767804-1000","6/9/2015 4:17:44 AM",,,"c:\users\mac_1\desktop\winevt\logs\microsoft-windows-wer-diag%4operational.evtx","System.UInt32[]","System.Diagnostics.Eventing.Reader.EventBookmark","Information","Info",,"System.Collections.ObjectModel.ReadOnlyCollection`1[System.String]","System.Collections.Generic.List`1[System.Diagnostics.Eventing.Reader.EventProperty]"
"Possible heap corruption detected (exception code 3221225477). Initiating further diagnostics.","2","0",,"4","0","0","-9222246136947933184","336","Microsoft-Windows-WER-Diag","ad8aa069-a01b-40a0-ba40-948d1d8dedc5","Microsoft-Windows-WER-Diag/Operational","1756","5160","rjaf-PC4429","S-1-5-21-1634558665-2257203147-3060767804-1000","6/9/2015 4:17:35 AM",,,"c:\users\mac_1\desktop\winevt\logs\microsoft-windows-wer-diag%4operational.evtx","System.UInt32[]","System.Diagnostics.Eventing.Reader.EventBookmark","Information","Info",,"System.Collections.ObjectModel.ReadOnlyCollection`1[System.String]","System.Collections.Generic.List`1[System.Diagnostics.Eventing.Reader.EventProperty]"
"Possible heap corruption detected (exception code 3221225477). Initiating further diagnostics.","2","0",,"4","0","0","-9222246136947933184","335","Microsoft-Windows-WER-Diag","ad8aa069-a01b-40a0-ba40-948d1d8dedc5","Microsoft-Windows-WER-Diag/Operational","1236","5100","rjaf-PC4429","S-1-5-21-1634558665-2257203147-3060767804-1000","6/9/2015 4:17:25 AM",,,"c:\users\mac_1\desktop\winevt\logs\microsoft-windows-wer-diag%4operational.evtx","System.UInt32[]","System.Diagnostics.Eventing.Reader.EventBookmark","Information","Info",,"System.Collections.ObjectModel.ReadOnlyCollection`1[System.String]","System.Collections.Generic.List`1[System.Diagnostics.Eventing.Reader.EventProperty]"
"Possible heap corruption detected (exception code 3221225477). Initiating further diagnostics.","2","0",,"4","0","0","-9222246136947933184","334","Microsoft-Windows-WER-Diag","ad8aa069-a01b-40a0-ba40-948d1d8dedc5","Microsoft-Windows-WER-Diag/Operational","2040","4876","rjaf-PC4429","S-1-5-21-1634558665-2257203147-3060767804-1000","6/9/2015 4:17:16 AM",,,"c:\users\mac_1\desktop\winevt\logs\microsoft-windows-wer-diag%4operational.evtx","System.UInt32[]","System.Diagnostics.Eventing.Reader.EventBookmark","Information","Info",,"System.Collections.ObjectModel.ReadOnlyCollection`1[System.String]","System.Collections.Generic.List`1[System.Diagnostics.Eventing.Reader.EventProperty]"
"Possible heap corruption detected (exception code 3221225477). Initiating further diagnostics.","2","0",,"4","0","0","-9222246136947933184","333","Microsoft-Windows-WER-Diag","ad8aa069-a01b-40a0-ba40-948d1d8dedc5","Microsoft-Windows-WER-Diag/Operational","1424","3540","rjaf-PC4429","S-1-5-21-1634558665-2257203147-3060767804-1000","6/9/2015 4:17:07 AM",,,"c:\users\mac_1\desktop\winevt\logs\microsoft-windows-wer-diag%4operational.evtx","System.UInt32[]","System.Diagnostics.Eventing.Reader.EventBookmark","Information","Info",,"System.Collections.ObjectModel.ReadOnlyCollection`1[System.String]","System.Collections.Generic.List`1[System.Diagnostics.Eventing.Reader.EventProperty]"
"Possible heap corruption detected (exception code 3221225477). Initiating further diagnostics.","2","0",,"4","0","0","-9222246136947933184","332","Microsoft-Windows-WER-Diag","ad8aa069-a01b-40a0-ba40-948d1d8dedc5","Microsoft-Windows-WER-Diag/Operational","3776","5592","rjaf-PC4429","S-1-5-21-1634558665-2257203147-3060767804-1000","6/9/2015 4:16:58 AM",,,"c:\users\mac_1\desktop\winevt\logs\microsoft-windows-wer-diag%4operational.evtx","System.UInt32[]","System.Diagnostics.Eventing.Reader.EventBookmark","Information","Info",,"System.Collections.ObjectModel.ReadOnlyCollection`1[System.String]","System.Collections.Generic.List`1[System.Diagnostics.Eventing.Reader.EventProperty]"
"Possible heap corruption detected (exception code 3221225477). Initiating further diagnostics.","2","0",,"4","0","0","-9222246136947933184","331","Microsoft-Windows-WER-Diag","ad8aa069-a01b-40a0-ba40-948d1d8dedc5","Microsoft-Windows-WER-Diag/Operational","4072","4388","rjaf-PC4429","S-1-5-21-1634558665-2257203147-3060767804-1000","6/9/2015 4:16:09 AM",,,"c:\users\mac_1\desktop\winevt\logs\microsoft-windows-wer-diag%4operational.evtx","System.UInt32[]","System.Diagnostics.Eventing.Reader.EventBookmark","Information","Info",,"System.Collections.ObjectModel.ReadOnlyCollection`1[System.String]","System.Collections.Generic.List`1[System.Diagnostics.Eventing.Reader.EventProperty]"
"Possible heap corruption detected (exception code 3221225477). Initiating further diagnostics.","2","0",,"4","0","0","-9222246136947933184","330","Microsoft-Windows-WER-Diag","ad8aa069-a01b-40a0-ba40-948d1d8dedc5","Microsoft-Windows-WER-Diag/Operational","3648","4116","rjaf-PC4429","S-1-5-21-1634558665-2257203147-3060767804-1000","6/9/2015 4:14:46 AM",,,"c:\users\mac_1\desktop\winevt\logs\microsoft-windows-wer-diag%4operational.evtx","System.UInt32[]","System.Diagnostics.Eventing.Reader.EventBookmark","Information","Info",,"System.Collections.ObjectModel.ReadOnlyCollection`1[System.String]","System.Collections.Generic.List`1[System.Diagnostics.Eventing.Reader.EventProperty]"
"Possible heap corruption detected (exception code 3221225477). Initiating further diagnostics.","2","0",,"4","0","0","-9222246136947933184","329","Microsoft-Windows-WER-Diag","ad8aa069-a01b-40a0-ba40-948d1d8dedc5","Microsoft-Windows-WER-Diag/Operational","2272","4264","rjaf-PC4429","S-1-5-21-1634558665-2257203147-3060767804-1000","6/9/2015 4:14:34 AM",,,"c:\users\mac_1\desktop\winevt\logs\microsoft-windows-wer-diag%4operational.evtx","System.UInt32[]","System.Diagnostics.Eventing.Reader.EventBookmark","Information","Info",,"System.Collections.ObjectModel.ReadOnlyCollection`1[System.String]","System.Collections.Generic.List`1[System.Diagnostics.Eventing.Reader.EventProperty]"
"Possible heap corruption detected (exception code 3221225477). Initiating further diagnostics.","2","0",,"4","0","0","-9222246136947933184","328","Microsoft-Windows-WER-Diag","ad8aa069-a01b-40a0-ba40-948d1d8dedc5","Microsoft-Windows-WER-Diag/Operational","2208","5752","rjaf-PC4429","S-1-5-21-1634558665-2257203147-3060767804-1000","6/9/2015 4:14:23 AM",,,"c:\users\mac_1\desktop\winevt\logs\microsoft-windows-wer-diag%4operational.evtx","System.UInt32[]","System.Diagnostics.Eventing.Reader.EventBookmark","Information","Info",,"System.Collections.ObjectModel.ReadOnlyCollection`1[System.String]","System.Collections.Generic.List`1[System.Diagnostics.Eventing.Reader.EventProperty]"
"Possible heap corruption detected (exception code 3221225477). Initiating further diagnostics.","2","0",,"4","0","0","-9222246136947933184","327","Microsoft-Windows-WER-Diag","ad8aa069-a01b-40a0-ba40-948d1d8dedc5","Microsoft-Windows-WER-Diag/Operational","6112","4488","rjaf-PC4429","S-1-5-21-1634558665-2257203147-3060767804-1000","6/9/2015 3:46:48 AM",,,"c:\users\mac_1\desktop\winevt\logs\microsoft-windows-wer-diag%4operational.evtx","System.UInt32[]","System.Diagnostics.Eventing.Reader.EventBookmark","Information","Info",,"System.Collections.ObjectModel.ReadOnlyCollection`1[System.String]","System.Collections.Generic.List`1[System.Diagnostics.Eventing.Reader.EventProperty]"
"Possible heap corruption detected (exception code 3221225477). Initiating further diagnostics.","2","0",,"4","0","0","-9222246136947933184","326","Microsoft-Windows-WER-Diag","ad8aa069-a01b-40a0-ba40-948d1d8dedc5","Microsoft-Windows-WER-Diag/Operational","4776","3644","rjaf-PC4429","S-1-5-21-1634558665-2257203147-3060767804-1000","6/9/2015 3:46:39 AM",,,"c:\users\mac_1\desktop\winevt\logs\microsoft-windows-wer-diag%4operational.evtx","System.UInt32[]","System.Diagnostics.Eventing.Reader.EventBookmark","Information","Info",,"System.Collections.ObjectModel.ReadOnlyCollection`1[System.String]","System.Collections.Generic.List`1[System.Diagnostics.Eventing.Reader.EventProperty]"
"Possible heap corruption detected (exception code 3221225477). Initiating further diagnostics.","2","0",,"4","0","0","-9222246136947933184","325","Microsoft-Windows-WER-Diag","ad8aa069-a01b-40a0-ba40-948d1d8dedc5","Microsoft-Windows-WER-Diag/Operational","5024","5284","rjaf-PC4429","S-1-5-21-1634558665-2257203147-3060767804-1000","6/9/2015 3:46:20 AM",,,"c:\users\mac_1\desktop\winevt\logs\microsoft-windows-wer-diag%4operational.evtx","System.UInt32[]","System.Diagnostics.Eventing.Reader.EventBookmark","Information","Info",,"System.Collections.ObjectModel.ReadOnlyCollection`1[System.String]","System.Collections.Generic.List`1[System.Diagnostics.Eventing.Reader.EventProperty]"
"Possible heap corruption detected (exception code 3221225477). Initiating further diagnostics.","2","0",,"4","0","0","-9222246136947933184","324","Microsoft-Windows-WER-Diag","ad8aa069-a01b-40a0-ba40-948d1d8dedc5","Microsoft-Windows-WER-Diag/Operational","5780","5880","rjaf-PC4429","S-1-5-21-1634558665-2257203147-3060767804-1000","6/9/2015 3:46:11 AM",,,"c:\users\mac_1\desktop\winevt\logs\microsoft-windows-wer-diag%4operational.evtx","System.UInt32[]","System.Diagnostics.Eventing.Reader.EventBookmark","Information","Info",,"System.Collections.ObjectModel.ReadOnlyCollection`1[System.String]","System.Collections.Generic.List`1[System.Diagnostics.Eventing.Reader.EventProperty]"
"Possible heap corruption detected (exception code 3221225477). Initiating further diagnostics.","2","0",,"4","0","0","-9222246136947933184","323","Microsoft-Windows-WER-Diag","ad8aa069-a01b-40a0-ba40-948d1d8dedc5","Microsoft-Windows-WER-Diag/Operational","3604","4160","rjaf-PC4429","S-1-5-21-1634558665-2257203147-3060767804-1000","6/9/2015 3:46:01 AM",,,"c:\users\mac_1\desktop\winevt\logs\microsoft-windows-wer-diag%4operational.evtx","System.UInt32[]","System.Diagnostics.Eventing.Reader.EventBookmark","Information","Info",,"System.Collections.ObjectModel.ReadOnlyCollection`1[System.String]","System.Collections.Generic.List`1[System.Diagnostics.Eventing.Reader.EventProperty]"
"Possible heap corruption detected (exception code 3221225477). Initiating further diagnostics.","2","0",,"4","0","0","-9222246136947933184","322","Microsoft-Windows-WER-Diag","ad8aa069-a01b-40a0-ba40-948d1d8dedc5","Microsoft-Windows-WER-Diag/Operational","2112","5624","rjaf-PC4429","S-1-5-21-1634558665-2257203147-3060767804-1000","6/7/2015 9:52:55 AM",,,"c:\users\mac_1\desktop\winevt\logs\microsoft-windows-wer-diag%4operational.evtx","System.UInt32[]","System.Diagnostics.Eventing.Reader.EventBookmark","Information","Info",,"System.Collections.ObjectModel.ReadOnlyCollection`1[System.String]","System.Collections.Generic.List`1[System.Diagnostics.Eventing.Reader.EventProperty]"
"Possible heap corruption detected (exception code 3221225477). Initiating further diagnostics.","2","0",,"4","0","0","-9222246136947933184","321","Microsoft-Windows-WER-Diag","ad8aa069-a01b-40a0-ba40-948d1d8dedc5","Microsoft-Windows-WER-Diag/Operational","4120","2252","rjaf-PC4429","S-1-5-21-1634558665-2257203147-3060767804-1000","6/7/2015 4:19:53 AM",,,"c:\users\mac_1\desktop\winevt\logs\microsoft-windows-wer-diag%4operational.evtx","System.UInt32[]","System.Diagnostics.Eventing.Reader.EventBookmark","Information","Info",,"System.Collections.ObjectModel.ReadOnlyCollection`1[System.String]","System.Collections.Generic.List`1[System.Diagnostics.Eventing.Reader.EventProperty]"
"Possible heap corruption detected (exception code 3221225477). Initiating further diagnostics.","2","0",,"4","0","0","-9222246136947933184","320","Microsoft-Windows-WER-Diag","ad8aa069-a01b-40a0-ba40-948d1d8dedc5","Microsoft-Windows-WER-Diag/Operational","5160","5340","rjaf-PC4429","S-1-5-21-1634558665-2257203147-3060767804-1000","6/7/2015 4:19:44 AM",,,"c:\users\mac_1\desktop\winevt\logs\microsoft-windows-wer-diag%4operational.evtx","System.UInt32[]","System.Diagnostics.Eventing.Reader.EventBookmark","Information","Info",,"System.Collections.ObjectModel.ReadOnlyCollection`1[System.String]","System.Collections.Generic.List`1[System.Diagnostics.Eventing.Reader.EventProperty]"
"Possible heap corruption detected (exception code 3221225477). Initiating further diagnostics.","2","0",,"4","0","0","-9222246136947933184","319","Microsoft-Windows-WER-Diag","ad8aa069-a01b-40a0-ba40-948d1d8dedc5","Microsoft-Windows-WER-Diag/Operational","5364","608","rjaf-PC4429","S-1-5-21-1634558665-2257203147-3060767804-1000","6/7/2015 3:49:32 AM",,,"c:\users\mac_1\desktop\winevt\logs\microsoft-windows-wer-diag%4operational.evtx","System.UInt32[]","System.Diagnostics.Eventing.Reader.EventBookmark","Information","Info",,"System.Collections.ObjectModel.ReadOnlyCollection`1[System.String]","System.Collections.Generic.List`1[System.Diagnostics.Eventing.Reader.EventProperty]"
"Possible heap corruption detected (exception code 3221225477). Initiating further diagnostics.","2","0",,"4","0","0","-9222246136947933184","318","Microsoft-Windows-WER-Diag","ad8aa069-a01b-40a0-ba40-948d1d8dedc5","Microsoft-Windows-WER-Diag/Operational","3988","5652","rjaf-PC4429","S-1-5-21-1634558665-2257203147-3060767804-1000","6/7/2015 3:49:23 AM",,,"c:\users\mac_1\desktop\winevt\logs\microsoft-windows-wer-diag%4operational.evtx","System.UInt32[]","System.Diagnostics.Eventing.Reader.EventBookmark","Information","Info",,"System.Collections.ObjectModel.ReadOnlyCollection`1[System.String]","System.Collections.Generic.List`1[System.Diagnostics.Eventing.Reader.EventProperty]"
"Possible heap corruption detected (exception code 3221225477). Initiating further diagnostics.","2","0",,"4","0","0","-9222246136947933184","317","Microsoft-Windows-WER-Diag","ad8aa069-a01b-40a0-ba40-948d1d8dedc5","Microsoft-Windows-WER-Diag/Operational","4764","2912","rjaf-PC4429","S-1-5-21-1634558665-2257203147-3060767804-1000","6/7/2015 3:49:15 AM",,,"c:\users\mac_1\desktop\winevt\logs\microsoft-windows-wer-diag%4operational.evtx","System.UInt32[]","System.Diagnostics.Eventing.Reader.EventBookmark","Information","Info",,"System.Collections.ObjectModel.ReadOnlyCollection`1[System.String]","System.Collections.Generic.List`1[System.Diagnostics.Eventing.Reader.EventProperty]"
"Possible heap corruption detected (exception code 3221225477). Initiating further diagnostics.","2","0",,"4","0","0","-9222246136947933184","316","Microsoft-Windows-WER-Diag","ad8aa069-a01b-40a0-ba40-948d1d8dedc5","Microsoft-Windows-WER-Diag/Operational","6080","4668","rjaf-PC4429","S-1-5-21-1634558665-2257203147-3060767804-1000","6/7/2015 3:49:06 AM",,,"c:\users\mac_1\desktop\winevt\logs\microsoft-windows-wer-diag%4operational.evtx","System.UInt32[]","System.Diagnostics.Eventing.Reader.EventBookmark","Information","Info",,"System.Collections.ObjectModel.ReadOnlyCollection`1[System.String]","System.Collections.Generic.List`1[System.Diagnostics.Eventing.Reader.EventProperty]"
"Possible heap corruption detected (exception code 3221225477). Initiating further diagnostics.","2","0",,"4","0","0","-9222246136947933184","315","Microsoft-Windows-WER-Diag","ad8aa069-a01b-40a0-ba40-948d1d8dedc5","Microsoft-Windows-WER-Diag/Operational","5448","5768","rjaf-PC4429","S-1-5-21-1634558665-2257203147-3060767804-1000","6/7/2015 3:48:56 AM",,,"c:\users\mac_1\desktop\winevt\logs\microsoft-windows-wer-diag%4operational.evtx","System.UInt32[]","System.Diagnostics.Eventing.Reader.EventBookmark","Information","Info",,"System.Collections.ObjectModel.ReadOnlyCollection`1[System.String]","System.Collections.Generic.List`1[System.Diagnostics.Eventing.Reader.EventProperty]"
"Possible heap corruption detected (exception code 3221225477). Initiating further diagnostics.","2","0",,"4","0","0","-9222246136947933184","314","Microsoft-Windows-WER-Diag","ad8aa069-a01b-40a0-ba40-948d1d8dedc5","Microsoft-Windows-WER-Diag/Operational","4076","4080","rjaf-PC4429","S-1-5-21-1634558665-2257203147-3060767804-1000","6/6/2015 8:36:27 AM",,,"c:\users\mac_1\desktop\winevt\logs\microsoft-windows-wer-diag%4operational.evtx","System.UInt32[]","System.Diagnostics.Eventing.Reader.EventBookmark","Information","Info",,"System.Collections.ObjectModel.ReadOnlyCollection`1[System.String]","System.Collections.Generic.List`1[System.Diagnostics.Eventing.Reader.EventProperty]"
"Possible heap corruption detected (exception code 3221225477). Initiating further diagnostics.","2","0",,"4","0","0","-9222246136947933184","313","Microsoft-Windows-WER-Diag","ad8aa069-a01b-40a0-ba40-948d1d8dedc5","Microsoft-Windows-WER-Diag/Operational","2184","4896","rjaf-PC4429","S-1-5-21-1634558665-2257203147-3060767804-1000","6/6/2015 4:41:59 AM",,,"c:\users\mac_1\desktop\winevt\logs\microsoft-windows-wer-diag%4operational.evtx","System.UInt32[]","System.Diagnostics.Eventing.Reader.EventBookmark","Information","Info",,"System.Collections.ObjectModel.ReadOnlyCollection`1[System.String]","System.Collections.Generic.List`1[System.Diagnostics.Eventing.Reader.EventProperty]"
"Possible heap corruption detected (exception code 3221225477). Initiating further diagnostics.","2","0",,"4","0","0","-9222246136947933184","312","Microsoft-Windows-WER-Diag","ad8aa069-a01b-40a0-ba40-948d1d8dedc5","Microsoft-Windows-WER-Diag/Operational","3356","4216","rjaf-PC4429","S-1-5-21-1634558665-2257203147-3060767804-1000","6/6/2015 4:19:46 AM",,,"c:\users\mac_1\desktop\winevt\logs\microsoft-windows-wer-diag%4operational.evtx","System.UInt32[]","System.Diagnostics.Eventing.Reader.EventBookmark","Information","Info",,"System.Collections.ObjectModel.ReadOnlyCollection`1[System.String]","System.Collections.Generic.List`1[System.Diagnostics.Eventing.Reader.EventProperty]"
"Possible heap corruption detected (exception code 3221225477). Initiating further diagnostics.","2","0",,"4","0","0","-9222246136947933184","311","Microsoft-Windows-WER-Diag","ad8aa069-a01b-40a0-ba40-948d1d8dedc5","Microsoft-Windows-WER-Diag/Operational","2788","3684","rjaf-PC4429","S-1-5-21-1634558665-2257203147-3060767804-1000","6/6/2015 4:19:45 AM",,,"c:\users\mac_1\desktop\winevt\logs\microsoft-windows-wer-diag%4operational.evtx","System.UInt32[]","System.Diagnostics.Eventing.Reader.EventBookmark","Information","Info",,"System.Collections.ObjectModel.ReadOnlyCollection`1[System.String]","System.Collections.Generic.List`1[System.Diagnostics.Eventing.Reader.EventProperty]"
"Possible heap corruption detected (exception code 3221225477). Initiating further diagnostics.","2","0",,"4","0","0","-9222246136947933184","310","Microsoft-Windows-WER-Diag","ad8aa069-a01b-40a0-ba40-948d1d8dedc5","Microsoft-Windows-WER-Diag/Operational","6032","1916","rjaf-PC4429","S-1-5-21-1634558665-2257203147-3060767804-1000","6/6/2015 4:18:34 AM",,,"c:\users\mac_1\desktop\winevt\logs\microsoft-windows-wer-diag%4operational.evtx","System.UInt32[]","System.Diagnostics.Eventing.Reader.EventBookmark","Information","Info",,"System.Collections.ObjectModel.ReadOnlyCollection`1[System.String]","System.Collections.Generic.List`1[System.Diagnostics.Eventing.Reader.EventProperty]"
"Possible heap corruption detected (exception code 3221225477). Initiating further diagnostics.","2","0",,"4","0","0","-9222246136947933184","309","Microsoft-Windows-WER-Diag","ad8aa069-a01b-40a0-ba40-948d1d8dedc5","Microsoft-Windows-WER-Diag/Operational","1608","4904","rjaf-PC4429","S-1-5-21-1634558665-2257203147-3060767804-1000","6/6/2015 4:16:59 AM",,,"c:\users\mac_1\desktop\winevt\logs\microsoft-windows-wer-diag%4operational.evtx","System.UInt32[]","System.Diagnostics.Eventing.Reader.EventBookmark","Information","Info",,"System.Collections.ObjectModel.ReadOnlyCollection`1[System.String]","System.Collections.Generic.List`1[System.Diagnostics.Eventing.Reader.EventProperty]"
"Possible heap corruption detected (exception code 3221225477). Initiating further diagnostics.","2","0",,"4","0","0","-9222246136947933184","308","Microsoft-Windows-WER-Diag","ad8aa069-a01b-40a0-ba40-948d1d8dedc5","Microsoft-Windows-WER-Diag/Operational","1020","3080","rjaf-PC4429","S-1-5-21-1634558665-2257203147-3060767804-1000","6/6/2015 4:01:28 AM",,,"c:\users\mac_1\desktop\winevt\logs\microsoft-windows-wer-diag%4operational.evtx","System.UInt32[]","System.Diagnostics.Eventing.Reader.EventBookmark","Information","Info",,"System.Collections.ObjectModel.ReadOnlyCollection`1[System.String]","System.Collections.Generic.List`1[System.Diagnostics.Eventing.Reader.EventProperty]"
"Possible heap corruption detected (exception code 3221225477). Initiating further diagnostics.","2","0",,"4","0","0","-9222246136947933184","307","Microsoft-Windows-WER-Diag","ad8aa069-a01b-40a0-ba40-948d1d8dedc5","Microsoft-Windows-WER-Diag/Operational","396","1940","rjaf-PC4429","S-1-5-21-1634558665-2257203147-3060767804-1000","6/6/2015 4:01:14 AM",,,"c:\users\mac_1\desktop\winevt\logs\microsoft-windows-wer-diag%4operational.evtx","System.UInt32[]","System.Diagnostics.Eventing.Reader.EventBookmark","Information","Info",,"System.Collections.ObjectModel.ReadOnlyCollection`1[System.String]","System.Collections.Generic.List`1[System.Diagnostics.Eventing.Reader.EventProperty]"
"Possible heap corruption detected (exception code 3221225477). Initiating further diagnostics.","2","0",,"4","0","0","-9222246136947933184","306","Microsoft-Windows-WER-Diag","ad8aa069-a01b-40a0-ba40-948d1d8dedc5","Microsoft-Windows-WER-Diag/Operational","4064","4068","rjaf-PC4429","S-1-5-21-1634558665-2257203147-3060767804-1000","6/6/2015 3:59:14 AM",,,"c:\users\mac_1\desktop\winevt\logs\microsoft-windows-wer-diag%4operational.evtx","System.UInt32[]","System.Diagnostics.Eventing.Reader.EventBookmark","Information","Info",,"System.Collections.ObjectModel.ReadOnlyCollection`1[System.String]","System.Collections.Generic.List`1[System.Diagnostics.Eventing.Reader.EventProperty]"
"Possible heap corruption detected (exception code 3221225477). Initiating further diagnostics.","2","0",,"4","0","0","-9222246136947933184","305","Microsoft-Windows-WER-Diag","ad8aa069-a01b-40a0-ba40-948d1d8dedc5","Microsoft-Windows-WER-Diag/Operational","1316","4256","rjaf-PC4429","S-1-5-21-1634558665-2257203147-3060767804-1000","6/5/2015 10:16:44 AM",,,"c:\users\mac_1\desktop\winevt\logs\microsoft-windows-wer-diag%4operational.evtx","System.UInt32[]","System.Diagnostics.Eventing.Reader.EventBookmark","Information","Info",,"System.Collections.ObjectModel.ReadOnlyCollection`1[System.String]","System.Collections.Generic.List`1[System.Diagnostics.Eventing.Reader.EventProperty]"
"Possible heap corruption detected (exception code 3221225477). Initiating further diagnostics.","2","0",,"4","0","0","-9222246136947933184","304","Microsoft-Windows-WER-Diag","ad8aa069-a01b-40a0-ba40-948d1d8dedc5","Microsoft-Windows-WER-Diag/Operational","5192","5148","rjaf-PC4429","S-1-5-21-1634558665-2257203147-3060767804-1000","6/5/2015 10:08:06 AM",,,"c:\users\mac_1\desktop\winevt\logs\microsoft-windows-wer-diag%4operational.evtx","System.UInt32[]","System.Diagnostics.Eventing.Reader.EventBookmark","Information","Info",,"System.Collections.ObjectModel.ReadOnlyCollection`1[System.String]","System.Collections.Generic.List`1[System.Diagnostics.Eventing.Reader.EventProperty]"
"Possible heap corruption detected (exception code 3221225477). Initiating further diagnostics.","2","0",,"4","0","0","-9222246136947933184","303","Microsoft-Windows-WER-Diag","ad8aa069-a01b-40a0-ba40-948d1d8dedc5","Microsoft-Windows-WER-Diag/Operational","2704","2800","rjaf-PC4429","S-1-5-21-1634558665-2257203147-3060767804-1000","6/5/2015 10:07:52 AM",,,"c:\users\mac_1\desktop\winevt\logs\microsoft-windows-wer-diag%4operational.evtx","System.UInt32[]","System.Diagnostics.Eventing.Reader.EventBookmark","Information","Info",,"System.Collections.ObjectModel.ReadOnlyCollection`1[System.String]","System.Collections.Generic.List`1[System.Diagnostics.Eventing.Reader.EventProperty]"
"Possible heap corruption detected (exception code 3221225477). Initiating further diagnostics.","2","0",,"4","0","0","-9222246136947933184","302","Microsoft-Windows-WER-Diag","ad8aa069-a01b-40a0-ba40-948d1d8dedc5","Microsoft-Windows-WER-Diag/Operational","5800","5804","rjaf-PC4429","S-1-5-21-1634558665-2257203147-3060767804-1000","6/5/2015 10:07:43 AM",,,"c:\users\mac_1\desktop\winevt\logs\microsoft-windows-wer-diag%4operational.evtx","System.UInt32[]","System.Diagnostics.Eventing.Reader.EventBookmark","Information","Info",,"System.Collections.ObjectModel.ReadOnlyCollection`1[System.String]","System.Collections.Generic.List`1[System.Diagnostics.Eventing.Reader.EventProperty]"
"Possible heap corruption detected (exception code 3221225477). Initiating further diagnostics.","2","0",,"4","0","0","-9222246136947933184","301","Microsoft-Windows-WER-Diag","ad8aa069-a01b-40a0-ba40-948d1d8dedc5","Microsoft-Windows-WER-Diag/Operational","5464","5468","rjaf-PC4429","S-1-5-21-1634558665-2257203147-3060767804-1000","6/5/2015 10:07:38 AM",,,"c:\users\mac_1\desktop\winevt\logs\microsoft-windows-wer-diag%4operational.evtx","System.UInt32[]","System.Diagnostics.Eventing.Reader.EventBookmark","Information","Info",,"System.Collections.ObjectModel.ReadOnlyCollection`1[System.String]","System.Collections.Generic.List`1[System.Diagnostics.Eventing.Reader.EventProperty]"
"Possible heap corruption detected (exception code 3221225477). Initiating further diagnostics.","2","0",,"4","0","0","-9222246136947933184","300","Microsoft-Windows-WER-Diag","ad8aa069-a01b-40a0-ba40-948d1d8dedc5","Microsoft-Windows-WER-Diag/Operational","5124","5128","rjaf-PC4429","S-1-5-21-1634558665-2257203147-3060767804-1000","6/5/2015 10:07:34 AM",,,"c:\users\mac_1\desktop\winevt\logs\microsoft-windows-wer-diag%4operational.evtx","System.UInt32[]","System.Diagnostics.Eventing.Reader.EventBookmark","Information","Info",,"System.Collections.ObjectModel.ReadOnlyCollection`1[System.String]","System.Collections.Generic.List`1[System.Diagnostics.Eventing.Reader.EventProperty]"
"Possible heap corruption detected (exception code 3221225477). Initiating further diagnostics.","2","0",,"4","0","0","-9222246136947933184","299","Microsoft-Windows-WER-Diag","ad8aa069-a01b-40a0-ba40-948d1d8dedc5","Microsoft-Windows-WER-Diag/Operational","4456","4460","rjaf-PC4429","S-1-5-21-1634558665-2257203147-3060767804-1000","6/5/2015 10:07:14 AM",,,"c:\users\mac_1\desktop\winevt\logs\microsoft-windows-wer-diag%4operational.evtx","System.UInt32[]","System.Diagnostics.Eventing.Reader.EventBookmark","Information","Info",,"System.Collections.ObjectModel.ReadOnlyCollection`1[System.String]","System.Collections.Generic.List`1[System.Diagnostics.Eventing.Reader.EventProperty]"
"Possible heap corruption detected (exception code 3221225477). Initiating further diagnostics.","2","0",,"4","0","0","-9222246136947933184","298","Microsoft-Windows-WER-Diag","ad8aa069-a01b-40a0-ba40-948d1d8dedc5","Microsoft-Windows-WER-Diag/Operational","2700","3012","rjaf-PC4429","S-1-5-21-1634558665-2257203147-3060767804-1000","6/5/2015 9:55:19 AM",,,"c:\users\mac_1\desktop\winevt\logs\microsoft-windows-wer-diag%4operational.evtx","System.UInt32[]","System.Diagnostics.Eventing.Reader.EventBookmark","Information","Info",,"System.Collections.ObjectModel.ReadOnlyCollection`1[System.String]","System.Collections.Generic.List`1[System.Diagnostics.Eventing.Reader.EventProperty]"
"Possible heap corruption detected (exception code 3221225477). Initiating further diagnostics.","2","0",,"4","0","0","-9222246136947933184","297","Microsoft-Windows-WER-Diag","ad8aa069-a01b-40a0-ba40-948d1d8dedc5","Microsoft-Windows-WER-Diag/Operational","2960","2952","rjaf-PC4429","S-1-5-21-1634558665-2257203147-3060767804-1000","6/5/2015 9:55:10 AM",,,"c:\users\mac_1\desktop\winevt\logs\microsoft-windows-wer-diag%4operational.evtx","System.UInt32[]","System.Diagnostics.Eventing.Reader.EventBookmark","Information","Info",,"System.Collections.ObjectModel.ReadOnlyCollection`1[System.String]","System.Collections.Generic.List`1[System.Diagnostics.Eventing.Reader.EventProperty]"
"Possible heap corruption detected (exception code 3221225477). Initiating further diagnostics.","2","0",,"4","0","0","-9222246136947933184","296","Microsoft-Windows-WER-Diag","ad8aa069-a01b-40a0-ba40-948d1d8dedc5","Microsoft-Windows-WER-Diag/Operational","3436","3488","rjaf-PC4429","S-1-5-21-1634558665-2257203147-3060767804-1000","6/5/2015 9:55:01 AM",,,"c:\users\mac_1\desktop\winevt\logs\microsoft-windows-wer-diag%4operational.evtx","System.UInt32[]","System.Diagnostics.Eventing.Reader.EventBookmark","Information","Info",,"System.Collections.ObjectModel.ReadOnlyCollection`1[System.String]","System.Collections.Generic.List`1[System.Diagnostics.Eventing.Reader.EventProperty]"
"Possible heap corruption detected (exception code 3221225477). Initiating further diagnostics.","2","0",,"4","0","0","-9222246136947933184","295","Microsoft-Windows-WER-Diag","ad8aa069-a01b-40a0-ba40-948d1d8dedc5","Microsoft-Windows-WER-Diag/Operational","2280","2252","rjaf-PC4429","S-1-5-21-1634558665-2257203147-3060767804-1000","6/5/2015 9:54:52 AM",,,"c:\users\mac_1\desktop\winevt\logs\microsoft-windows-wer-diag%4operational.evtx","System.UInt32[]","System.Diagnostics.Eventing.Reader.EventBookmark","Information","Info",,"System.Collections.ObjectModel.ReadOnlyCollection`1[System.String]","System.Collections.Generic.List`1[System.Diagnostics.Eventing.Reader.EventProperty]"
"Possible heap corruption detected (exception code 3221225477). Initiating further diagnostics.","2","0",,"4","0","0","-9222246136947933184","294","Microsoft-Windows-WER-Diag","ad8aa069-a01b-40a0-ba40-948d1d8dedc5","Microsoft-Windows-WER-Diag/Operational","3356","3372","rjaf-PC4429","S-1-5-21-1634558665-2257203147-3060767804-1000","6/5/2015 9:54:44 AM",,,"c:\users\mac_1\desktop\winevt\logs\microsoft-windows-wer-diag%4operational.evtx","System.UInt32[]","System.Diagnostics.Eventing.Reader.EventBookmark","Information","Info",,"System.Collections.ObjectModel.ReadOnlyCollection`1[System.String]","System.Collections.Generic.List`1[System.Diagnostics.Eventing.Reader.EventProperty]"
"Possible heap corruption detected (exception code 3221225477). Initiating further diagnostics.","2","0",,"4","0","0","-9222246136947933184","293","Microsoft-Windows-WER-Diag","ad8aa069-a01b-40a0-ba40-948d1d8dedc5","Microsoft-Windows-WER-Diag/Operational","2384","2060","rjaf-PC4429","S-1-5-21-1634558665-2257203147-3060767804-1000","6/5/2015 9:54:34 AM",,,"c:\users\mac_1\desktop\winevt\logs\microsoft-windows-wer-diag%4operational.evtx","System.UInt32[]","System.Diagnostics.Eventing.Reader.EventBookmark","Information","Info",,"System.Collections.ObjectModel.ReadOnlyCollection`1[System.String]","System.Collections.Generic.List`1[System.Diagnostics.Eventing.Reader.EventProperty]"
"Possible heap corruption detected (exception code 3221225477). Initiating further diagnostics.","2","0",,"4","0","0","-9222246136947933184","292","Microsoft-Windows-WER-Diag","ad8aa069-a01b-40a0-ba40-948d1d8dedc5","Microsoft-Windows-WER-Diag/Operational","1264","1548","rjaf-PC4429","S-1-5-21-1634558665-2257203147-3060767804-1000","6/5/2015 6:54:05 AM",,,"c:\users\mac_1\desktop\winevt\logs\microsoft-windows-wer-diag%4operational.evtx","System.UInt32[]","System.Diagnostics.Eventing.Reader.EventBookmark","Information","Info",,"System.Collections.ObjectModel.ReadOnlyCollection`1[System.String]","System.Collections.Generic.List`1[System.Diagnostics.Eventing.Reader.EventProperty]"
"Possible heap corruption detected (exception code 3221225477). Initiating further diagnostics.","2","0",,"4","0","0","-9222246136947933184","291","Microsoft-Windows-WER-Diag","ad8aa069-a01b-40a0-ba40-948d1d8dedc5","Microsoft-Windows-WER-Diag/Operational","2520","4800","rjaf-PC4429","S-1-5-21-1634558665-2257203147-3060767804-1000","6/5/2015 6:53:33 AM",,,"c:\users\mac_1\desktop\winevt\logs\microsoft-windows-wer-diag%4operational.evtx","System.UInt32[]","System.Diagnostics.Eventing.Reader.EventBookmark","Information","Info",,"System.Collections.ObjectModel.ReadOnlyCollection`1[System.String]","System.Collections.Generic.List`1[System.Diagnostics.Eventing.Reader.EventProperty]"
"Possible heap corruption detected (exception code 3221225477). Initiating further diagnostics.","2","0",,"4","0","0","-9222246136947933184","290","Microsoft-Windows-WER-Diag","ad8aa069-a01b-40a0-ba40-948d1d8dedc5","Microsoft-Windows-WER-Diag/Operational","2864","4592","rjaf-PC4429","S-1-5-21-1634558665-2257203147-3060767804-1000","6/5/2015 6:51:15 AM",,,"c:\users\mac_1\desktop\winevt\logs\microsoft-windows-wer-diag%4operational.evtx","System.UInt32[]","System.Diagnostics.Eventing.Reader.EventBookmark","Information","Info",,"System.Collections.ObjectModel.ReadOnlyCollection`1[System.String]","System.Collections.Generic.List`1[System.Diagnostics.Eventing.Reader.EventProperty]"
"Possible heap corruption detected (exception code 3221225477). Initiating further diagnostics.","2","0",,"4","0","0","-9222246136947933184","289","Microsoft-Windows-WER-Diag","ad8aa069-a01b-40a0-ba40-948d1d8dedc5","Microsoft-Windows-WER-Diag/Operational","3828","2624","rjaf-PC4429","S-1-5-21-1634558665-2257203147-3060767804-1000","6/5/2015 1:35:41 AM",,,"c:\users\mac_1\desktop\winevt\logs\microsoft-windows-wer-diag%4operational.evtx","System.UInt32[]","System.Diagnostics.Eventing.Reader.EventBookmark","Information","Info",,"System.Collections.ObjectModel.ReadOnlyCollection`1[System.String]","System.Collections.Generic.List`1[System.Diagnostics.Eventing.Reader.EventProperty]"
