"Network Connected
	Name: Identifying...
	Desc: Identifying...
	Type: Unmanaged
	State: Connected
	Category: Public
","10000","0",,"4","0","0","4611721202799476736","10028","Microsoft-Windows-NetworkProfile","fbcfac3f-8459-419f-8e48-1f0b49cdb85e","Microsoft-Windows-NetworkProfile/Operational","1104","396","rjaf-PC4429","S-1-5-19","5/3/2015 11:46:33 PM",,,"c:\users\mac_1\desktop\winevt\logs\microsoft-windows-networkprofile%4operational.evtx","System.UInt32[]","System.Diagnostics.Eventing.Reader.EventBookmark","Information","Info",,"System.Collections.ObjectModel.ReadOnlyCollection`1[System.String]","System.Collections.Generic.List`1[System.Diagnostics.Eventing.Reader.EventProperty]"
"Entered State: Identifying Network Interface Guid: {9819BC20-693D-4F54-9CE8-7BFD5AD735CE}","4001","0",,"4","1","1","4611721202799476736","10027","Microsoft-Windows-NetworkProfile","fbcfac3f-8459-419f-8e48-1f0b49cdb85e","Microsoft-Windows-NetworkProfile/Operational","1104","2116","rjaf-PC4429","S-1-5-19","5/3/2015 11:46:33 PM",,,"c:\users\mac_1\desktop\winevt\logs\microsoft-windows-networkprofile%4operational.evtx","System.UInt32[]","System.Diagnostics.Eventing.Reader.EventBookmark","Information","Start","Wait for Identification","System.Collections.ObjectModel.ReadOnlyCollection`1[System.String]","System.Collections.Generic.List`1[System.Diagnostics.Eventing.Reader.EventProperty]"
"Network Connected
	Name: Network  3
	Desc: Network
	Type: Unmanaged
	State: Connected,IPV4 (Internet)
	Category: Public
","10000","0",,"4","0","0","4611721202799476736","10026","Microsoft-Windows-NetworkProfile","fbcfac3f-8459-419f-8e48-1f0b49cdb85e","Microsoft-Windows-NetworkProfile/Operational","1104","396","rjaf-PC4429","S-1-5-19","5/3/2015 11:46:30 PM",,,"c:\users\mac_1\desktop\winevt\logs\microsoft-windows-networkprofile%4operational.evtx","System.UInt32[]","System.Diagnostics.Eventing.Reader.EventBookmark","Information","Info",,"System.Collections.ObjectModel.ReadOnlyCollection`1[System.String]","System.Collections.Generic.List`1[System.Diagnostics.Eventing.Reader.EventProperty]"
"Transitioning to State: Identified Network Interface Guid: {9819BC20-693D-4F54-9CE8-7BFD5AD735CE}","4002","0",,"4","1","2","4612002677776187392","10025","Microsoft-Windows-NetworkProfile","fbcfac3f-8459-419f-8e48-1f0b49cdb85e","Microsoft-Windows-NetworkProfile/Operational","1104","3608","rjaf-PC4429","S-1-5-19","5/3/2015 11:46:30 PM",,,"c:\users\mac_1\desktop\winevt\logs\microsoft-windows-networkprofile%4operational.evtx","System.UInt32[]","System.Diagnostics.Eventing.Reader.EventBookmark","Information","Stop","Wait for Identification","System.Collections.ObjectModel.ReadOnlyCollection`1[System.String]","System.Collections.Generic.List`1[System.Diagnostics.Eventing.Reader.EventProperty]"
"Network Disconnected
	Name: Network  3
	Desc: Network
	Type: Unmanaged
	State: Disconnected
	Category: Public
","10001","0",,"4","0","0","4611721202799476736","10024","Microsoft-Windows-NetworkProfile","fbcfac3f-8459-419f-8e48-1f0b49cdb85e","Microsoft-Windows-NetworkProfile/Operational","1104","396","rjaf-PC4429","S-1-5-19","5/3/2015 11:46:28 PM",,,"c:\users\mac_1\desktop\winevt\logs\microsoft-windows-networkprofile%4operational.evtx","System.UInt32[]","System.Diagnostics.Eventing.Reader.EventBookmark","Information","Info",,"System.Collections.ObjectModel.ReadOnlyCollection`1[System.String]","System.Collections.Generic.List`1[System.Diagnostics.Eventing.Reader.EventProperty]"
"Network Connected
	Name: Network  3
	Desc: Network
	Type: Unmanaged
	State: Connected,IPV4 (Internet)
	Category: Public
","10000","0",,"4","0","0","4611721202799476736","10023","Microsoft-Windows-NetworkProfile","fbcfac3f-8459-419f-8e48-1f0b49cdb85e","Microsoft-Windows-NetworkProfile/Operational","1104","396","rjaf-PC4429","S-1-5-19","5/3/2015 11:01:58 AM",,,"c:\users\mac_1\desktop\winevt\logs\microsoft-windows-networkprofile%4operational.evtx","System.UInt32[]","System.Diagnostics.Eventing.Reader.EventBookmark","Information","Info",,"System.Collections.ObjectModel.ReadOnlyCollection`1[System.String]","System.Collections.Generic.List`1[System.Diagnostics.Eventing.Reader.EventProperty]"
"Transitioning to State: Identified Network Interface Guid: {9819BC20-693D-4F54-9CE8-7BFD5AD735CE}","4002","0",,"4","1","2","4612002677776187392","10022","Microsoft-Windows-NetworkProfile","fbcfac3f-8459-419f-8e48-1f0b49cdb85e","Microsoft-Windows-NetworkProfile/Operational","1104","1692","rjaf-PC4429","S-1-5-19","5/3/2015 11:01:58 AM",,,"c:\users\mac_1\desktop\winevt\logs\microsoft-windows-networkprofile%4operational.evtx","System.UInt32[]","System.Diagnostics.Eventing.Reader.EventBookmark","Information","Stop","Wait for Identification","System.Collections.ObjectModel.ReadOnlyCollection`1[System.String]","System.Collections.Generic.List`1[System.Diagnostics.Eventing.Reader.EventProperty]"
"Network Connected
	Name: Identifying...
	Desc: Identifying...
	Type: Unmanaged
	State: Connected,IPV4 (Internet)
	Category: Public
","10000","0",,"4","0","0","4611721202799476736","10021","Microsoft-Windows-NetworkProfile","fbcfac3f-8459-419f-8e48-1f0b49cdb85e","Microsoft-Windows-NetworkProfile/Operational","1104","396","rjaf-PC4429","S-1-5-19","5/3/2015 11:01:53 AM",,,"c:\users\mac_1\desktop\winevt\logs\microsoft-windows-networkprofile%4operational.evtx","System.UInt32[]","System.Diagnostics.Eventing.Reader.EventBookmark","Information","Info",,"System.Collections.ObjectModel.ReadOnlyCollection`1[System.String]","System.Collections.Generic.List`1[System.Diagnostics.Eventing.Reader.EventProperty]"
"Entered State: Identifying Network Interface Guid: {9819BC20-693D-4F54-9CE8-7BFD5AD735CE}","4001","0",,"4","1","1","4611721202799476736","10020","Microsoft-Windows-NetworkProfile","fbcfac3f-8459-419f-8e48-1f0b49cdb85e","Microsoft-Windows-NetworkProfile/Operational","1104","3476","rjaf-PC4429","S-1-5-19","5/3/2015 11:01:53 AM",,,"c:\users\mac_1\desktop\winevt\logs\microsoft-windows-networkprofile%4operational.evtx","System.UInt32[]","System.Diagnostics.Eventing.Reader.EventBookmark","Information","Start","Wait for Identification","System.Collections.ObjectModel.ReadOnlyCollection`1[System.String]","System.Collections.Generic.List`1[System.Diagnostics.Eventing.Reader.EventProperty]"
"Network Disconnected
	Name: Network  3
	Desc: Network
	Type: Unmanaged
	State: Disconnected
	Category: Public
","10001","0",,"4","0","0","4611721202799476736","10019","Microsoft-Windows-NetworkProfile","fbcfac3f-8459-419f-8e48-1f0b49cdb85e","Microsoft-Windows-NetworkProfile/Operational","1104","396","rjaf-PC4429","S-1-5-19","5/3/2015 11:01:51 AM",,,"c:\users\mac_1\desktop\winevt\logs\microsoft-windows-networkprofile%4operational.evtx","System.UInt32[]","System.Diagnostics.Eventing.Reader.EventBookmark","Information","Info",,"System.Collections.ObjectModel.ReadOnlyCollection`1[System.String]","System.Collections.Generic.List`1[System.Diagnostics.Eventing.Reader.EventProperty]"
"Network Connected
	Name: Network  3
	Desc: Network
	Type: Unmanaged
	State: Connected,IPV4 (Internet)
	Category: Public
","10000","0",,"4","0","0","4611721202799476736","10018","Microsoft-Windows-NetworkProfile","fbcfac3f-8459-419f-8e48-1f0b49cdb85e","Microsoft-Windows-NetworkProfile/Operational","1104","396","rjaf-PC4429","S-1-5-19","5/3/2015 4:53:40 AM",,,"c:\users\mac_1\desktop\winevt\logs\microsoft-windows-networkprofile%4operational.evtx","System.UInt32[]","System.Diagnostics.Eventing.Reader.EventBookmark","Information","Info",,"System.Collections.ObjectModel.ReadOnlyCollection`1[System.String]","System.Collections.Generic.List`1[System.Diagnostics.Eventing.Reader.EventProperty]"
"Transitioning to State: Identified Network Interface Guid: {9819BC20-693D-4F54-9CE8-7BFD5AD735CE}","4002","0",,"4","1","2","4612002677776187392","10017","Microsoft-Windows-NetworkProfile","fbcfac3f-8459-419f-8e48-1f0b49cdb85e","Microsoft-Windows-NetworkProfile/Operational","1104","3420","rjaf-PC4429","S-1-5-19","5/3/2015 4:53:40 AM",,,"c:\users\mac_1\desktop\winevt\logs\microsoft-windows-networkprofile%4operational.evtx","System.UInt32[]","System.Diagnostics.Eventing.Reader.EventBookmark","Information","Stop","Wait for Identification","System.Collections.ObjectModel.ReadOnlyCollection`1[System.String]","System.Collections.Generic.List`1[System.Diagnostics.Eventing.Reader.EventProperty]"
"Network Connected
	Name: Identifying...
	Desc: Identifying...
	Type: Unmanaged
	State: Connected
	Category: Public
","10000","0",,"4","0","0","4611721202799476736","10016","Microsoft-Windows-NetworkProfile","fbcfac3f-8459-419f-8e48-1f0b49cdb85e","Microsoft-Windows-NetworkProfile/Operational","1104","396","rjaf-PC4429","S-1-5-19","5/3/2015 4:53:36 AM",,,"c:\users\mac_1\desktop\winevt\logs\microsoft-windows-networkprofile%4operational.evtx","System.UInt32[]","System.Diagnostics.Eventing.Reader.EventBookmark","Information","Info",,"System.Collections.ObjectModel.ReadOnlyCollection`1[System.String]","System.Collections.Generic.List`1[System.Diagnostics.Eventing.Reader.EventProperty]"
"Entered State: Identifying Network Interface Guid: {9819BC20-693D-4F54-9CE8-7BFD5AD735CE}","4001","0",,"4","1","1","4611721202799476736","10015","Microsoft-Windows-NetworkProfile","fbcfac3f-8459-419f-8e48-1f0b49cdb85e","Microsoft-Windows-NetworkProfile/Operational","1104","2384","rjaf-PC4429","S-1-5-19","5/3/2015 4:53:36 AM",,,"c:\users\mac_1\desktop\winevt\logs\microsoft-windows-networkprofile%4operational.evtx","System.UInt32[]","System.Diagnostics.Eventing.Reader.EventBookmark","Information","Start","Wait for Identification","System.Collections.ObjectModel.ReadOnlyCollection`1[System.String]","System.Collections.Generic.List`1[System.Diagnostics.Eventing.Reader.EventProperty]"
"Network Disconnected
	Name: Network  3
	Desc: Network
	Type: Unmanaged
	State: Disconnected
	Category: Public
","10001","0",,"4","0","0","4611721202799476736","10014","Microsoft-Windows-NetworkProfile","fbcfac3f-8459-419f-8e48-1f0b49cdb85e","Microsoft-Windows-NetworkProfile/Operational","1104","396","rjaf-PC4429","S-1-5-19","5/3/2015 4:53:33 AM",,,"c:\users\mac_1\desktop\winevt\logs\microsoft-windows-networkprofile%4operational.evtx","System.UInt32[]","System.Diagnostics.Eventing.Reader.EventBookmark","Information","Info",,"System.Collections.ObjectModel.ReadOnlyCollection`1[System.String]","System.Collections.Generic.List`1[System.Diagnostics.Eventing.Reader.EventProperty]"
"Network Connected
	Name: Network  3
	Desc: Network
	Type: Unmanaged
	State: Connected,IPV4 (Internet)
	Category: Public
","10000","0",,"4","0","0","4611721202799476736","10013","Microsoft-Windows-NetworkProfile","fbcfac3f-8459-419f-8e48-1f0b49cdb85e","Microsoft-Windows-NetworkProfile/Operational","1104","396","rjaf-PC4429","S-1-5-19","5/2/2015 11:21:03 PM",,,"c:\users\mac_1\desktop\winevt\logs\microsoft-windows-networkprofile%4operational.evtx","System.UInt32[]","System.Diagnostics.Eventing.Reader.EventBookmark","Information","Info",,"System.Collections.ObjectModel.ReadOnlyCollection`1[System.String]","System.Collections.Generic.List`1[System.Diagnostics.Eventing.Reader.EventProperty]"
"Transitioning to State: Identified Network Interface Guid: {9819BC20-693D-4F54-9CE8-7BFD5AD735CE}","4002","0",,"4","1","2","4612002677776187392","10012","Microsoft-Windows-NetworkProfile","fbcfac3f-8459-419f-8e48-1f0b49cdb85e","Microsoft-Windows-NetworkProfile/Operational","1104","2096","rjaf-PC4429","S-1-5-19","5/2/2015 11:21:03 PM",,,"c:\users\mac_1\desktop\winevt\logs\microsoft-windows-networkprofile%4operational.evtx","System.UInt32[]","System.Diagnostics.Eventing.Reader.EventBookmark","Information","Stop","Wait for Identification","System.Collections.ObjectModel.ReadOnlyCollection`1[System.String]","System.Collections.Generic.List`1[System.Diagnostics.Eventing.Reader.EventProperty]"
"Network Disconnected
	Name: Network  3
	Desc: Network
	Type: Unmanaged
	State: Disconnected
	Category: Public
","10001","0",,"4","0","0","4611721202799476736","10011","Microsoft-Windows-NetworkProfile","fbcfac3f-8459-419f-8e48-1f0b49cdb85e","Microsoft-Windows-NetworkProfile/Operational","1104","396","rjaf-PC4429","S-1-5-19","5/2/2015 11:21:01 PM",,,"c:\users\mac_1\desktop\winevt\logs\microsoft-windows-networkprofile%4operational.evtx","System.UInt32[]","System.Diagnostics.Eventing.Reader.EventBookmark","Information","Info",,"System.Collections.ObjectModel.ReadOnlyCollection`1[System.String]","System.Collections.Generic.List`1[System.Diagnostics.Eventing.Reader.EventProperty]"
"Network Connected
	Name: Network  3
	Desc: Network
	Type: Unmanaged
	State: Connected,IPV4 (Local)
	Category: Public
","10000","0",,"4","0","0","4611721202799476736","10010","Microsoft-Windows-NetworkProfile","fbcfac3f-8459-419f-8e48-1f0b49cdb85e","Microsoft-Windows-NetworkProfile/Operational","1104","396","rjaf-PC4429","S-1-5-19","5/2/2015 5:50:17 AM",,,"c:\users\mac_1\desktop\winevt\logs\microsoft-windows-networkprofile%4operational.evtx","System.UInt32[]","System.Diagnostics.Eventing.Reader.EventBookmark","Information","Info",,"System.Collections.ObjectModel.ReadOnlyCollection`1[System.String]","System.Collections.Generic.List`1[System.Diagnostics.Eventing.Reader.EventProperty]"
"Transitioning to State: Identified Network Interface Guid: {9819BC20-693D-4F54-9CE8-7BFD5AD735CE}","4002","0",,"4","1","2","4612002677776187392","10009","Microsoft-Windows-NetworkProfile","fbcfac3f-8459-419f-8e48-1f0b49cdb85e","Microsoft-Windows-NetworkProfile/Operational","1104","2092","rjaf-PC4429","S-1-5-19","5/2/2015 5:50:17 AM",,,"c:\users\mac_1\desktop\winevt\logs\microsoft-windows-networkprofile%4operational.evtx","System.UInt32[]","System.Diagnostics.Eventing.Reader.EventBookmark","Information","Stop","Wait for Identification","System.Collections.ObjectModel.ReadOnlyCollection`1[System.String]","System.Collections.Generic.List`1[System.Diagnostics.Eventing.Reader.EventProperty]"
"Network Connected
	Name: Identifying...
	Desc: Identifying...
	Type: Unmanaged
	State: Connected
	Category: Public
","10000","0",,"4","0","0","4611721202799476736","10008","Microsoft-Windows-NetworkProfile","fbcfac3f-8459-419f-8e48-1f0b49cdb85e","Microsoft-Windows-NetworkProfile/Operational","1104","396","rjaf-PC4429","S-1-5-19","5/2/2015 5:50:17 AM",,,"c:\users\mac_1\desktop\winevt\logs\microsoft-windows-networkprofile%4operational.evtx","System.UInt32[]","System.Diagnostics.Eventing.Reader.EventBookmark","Information","Info",,"System.Collections.ObjectModel.ReadOnlyCollection`1[System.String]","System.Collections.Generic.List`1[System.Diagnostics.Eventing.Reader.EventProperty]"
"Entered State: Identifying Network Interface Guid: {9819BC20-693D-4F54-9CE8-7BFD5AD735CE}","4001","0",,"4","1","1","4611721202799476736","10007","Microsoft-Windows-NetworkProfile","fbcfac3f-8459-419f-8e48-1f0b49cdb85e","Microsoft-Windows-NetworkProfile/Operational","1104","2940","rjaf-PC4429","S-1-5-19","5/2/2015 5:50:17 AM",,,"c:\users\mac_1\desktop\winevt\logs\microsoft-windows-networkprofile%4operational.evtx","System.UInt32[]","System.Diagnostics.Eventing.Reader.EventBookmark","Information","Start","Wait for Identification","System.Collections.ObjectModel.ReadOnlyCollection`1[System.String]","System.Collections.Generic.List`1[System.Diagnostics.Eventing.Reader.EventProperty]"
"Network Disconnected
	Name: Network  3
	Desc: Network
	Type: Unmanaged
	State: Disconnected
	Category: Public
","10001","0",,"4","0","0","4611721202799476736","10006","Microsoft-Windows-NetworkProfile","fbcfac3f-8459-419f-8e48-1f0b49cdb85e","Microsoft-Windows-NetworkProfile/Operational","1104","396","rjaf-PC4429","S-1-5-19","5/2/2015 5:50:17 AM",,,"c:\users\mac_1\desktop\winevt\logs\microsoft-windows-networkprofile%4operational.evtx","System.UInt32[]","System.Diagnostics.Eventing.Reader.EventBookmark","Information","Info",,"System.Collections.ObjectModel.ReadOnlyCollection`1[System.String]","System.Collections.Generic.List`1[System.Diagnostics.Eventing.Reader.EventProperty]"
"Network Connected
	Name: Network  3
	Desc: Network
	Type: Unmanaged
	State: Connected,IPV4 (Local)
	Category: Public
","10000","0",,"4","0","0","4611721202799476736","10005","Microsoft-Windows-NetworkProfile","fbcfac3f-8459-419f-8e48-1f0b49cdb85e","Microsoft-Windows-NetworkProfile/Operational","1104","396","rjaf-PC4429","S-1-5-19","5/2/2015 5:50:15 AM",,,"c:\users\mac_1\desktop\winevt\logs\microsoft-windows-networkprofile%4operational.evtx","System.UInt32[]","System.Diagnostics.Eventing.Reader.EventBookmark","Information","Info",,"System.Collections.ObjectModel.ReadOnlyCollection`1[System.String]","System.Collections.Generic.List`1[System.Diagnostics.Eventing.Reader.EventProperty]"
"Network Connected
	Name: Identifying...
	Desc: Identifying...
	Type: Unmanaged
	State: Connected,IPV4 (Local)
	Category: Public
","10000","0",,"4","0","0","4611721202799476736","10004","Microsoft-Windows-NetworkProfile","fbcfac3f-8459-419f-8e48-1f0b49cdb85e","Microsoft-Windows-NetworkProfile/Operational","1104","396","rjaf-PC4429","S-1-5-19","5/2/2015 5:50:15 AM",,,"c:\users\mac_1\desktop\winevt\logs\microsoft-windows-networkprofile%4operational.evtx","System.UInt32[]","System.Diagnostics.Eventing.Reader.EventBookmark","Information","Info",,"System.Collections.ObjectModel.ReadOnlyCollection`1[System.String]","System.Collections.Generic.List`1[System.Diagnostics.Eventing.Reader.EventProperty]"
"Transitioning to State: Identified Network Interface Guid: {9819BC20-693D-4F54-9CE8-7BFD5AD735CE}","4002","0",,"4","1","2","4612002677776187392","10003","Microsoft-Windows-NetworkProfile","fbcfac3f-8459-419f-8e48-1f0b49cdb85e","Microsoft-Windows-NetworkProfile/Operational","1104","2092","rjaf-PC4429","S-1-5-19","5/2/2015 5:50:11 AM",,,"c:\users\mac_1\desktop\winevt\logs\microsoft-windows-networkprofile%4operational.evtx","System.UInt32[]","System.Diagnostics.Eventing.Reader.EventBookmark","Information","Stop","Wait for Identification","System.Collections.ObjectModel.ReadOnlyCollection`1[System.String]","System.Collections.Generic.List`1[System.Diagnostics.Eventing.Reader.EventProperty]"
"Entered State: Identifying Network Interface Guid: {9819BC20-693D-4F54-9CE8-7BFD5AD735CE}","4001","0",,"4","1","1","4611721202799476736","10002","Microsoft-Windows-NetworkProfile","fbcfac3f-8459-419f-8e48-1f0b49cdb85e","Microsoft-Windows-NetworkProfile/Operational","1104","1976","rjaf-PC4429","S-1-5-19","5/2/2015 5:50:10 AM",,,"c:\users\mac_1\desktop\winevt\logs\microsoft-windows-networkprofile%4operational.evtx","System.UInt32[]","System.Diagnostics.Eventing.Reader.EventBookmark","Information","Start","Wait for Identification","System.Collections.ObjectModel.ReadOnlyCollection`1[System.String]","System.Collections.Generic.List`1[System.Diagnostics.Eventing.Reader.EventProperty]"
"Network Disconnected
	Name: Network  3
	Desc: Network
	Type: Unmanaged
	State: Disconnected
	Category: Public
","10001","0",,"4","0","0","4611721202799476736","10001","Microsoft-Windows-NetworkProfile","fbcfac3f-8459-419f-8e48-1f0b49cdb85e","Microsoft-Windows-NetworkProfile/Operational","1104","396","rjaf-PC4429","S-1-5-19","5/2/2015 5:50:08 AM",,,"c:\users\mac_1\desktop\winevt\logs\microsoft-windows-networkprofile%4operational.evtx","System.UInt32[]","System.Diagnostics.Eventing.Reader.EventBookmark","Information","Info",,"System.Collections.ObjectModel.ReadOnlyCollection`1[System.String]","System.Collections.Generic.List`1[System.Diagnostics.Eventing.Reader.EventProperty]"
"Network Connected
	Name: Network  3
	Desc: Network
	Type: Unmanaged
	State: Connected,IPV4 (Local)
	Category: Public
","10000","0",,"4","0","0","4611721202799476736","10000","Microsoft-Windows-NetworkProfile","fbcfac3f-8459-419f-8e48-1f0b49cdb85e","Microsoft-Windows-NetworkProfile/Operational","1104","396","rjaf-PC4429","S-1-5-19","5/2/2015 12:28:30 AM",,,"c:\users\mac_1\desktop\winevt\logs\microsoft-windows-networkprofile%4operational.evtx","System.UInt32[]","System.Diagnostics.Eventing.Reader.EventBookmark","Information","Info",,"System.Collections.ObjectModel.ReadOnlyCollection`1[System.String]","System.Collections.Generic.List`1[System.Diagnostics.Eventing.Reader.EventProperty]"
"Transitioning to State: Identified Network Interface Guid: {9819BC20-693D-4F54-9CE8-7BFD5AD735CE}","4002","0",,"4","1","2","4612002677776187392","9999","Microsoft-Windows-NetworkProfile","fbcfac3f-8459-419f-8e48-1f0b49cdb85e","Microsoft-Windows-NetworkProfile/Operational","1104","1752","rjaf-PC4429","S-1-5-19","5/2/2015 12:28:30 AM",,,"c:\users\mac_1\desktop\winevt\logs\microsoft-windows-networkprofile%4operational.evtx","System.UInt32[]","System.Diagnostics.Eventing.Reader.EventBookmark","Information","Stop","Wait for Identification","System.Collections.ObjectModel.ReadOnlyCollection`1[System.String]","System.Collections.Generic.List`1[System.Diagnostics.Eventing.Reader.EventProperty]"
"Network Connected
	Name: Identifying...
	Desc: Identifying...
	Type: Unmanaged
	State: Connected
	Category: Public
","10000","0",,"4","0","0","4611721202799476736","9998","Microsoft-Windows-NetworkProfile","fbcfac3f-8459-419f-8e48-1f0b49cdb85e","Microsoft-Windows-NetworkProfile/Operational","1104","396","rjaf-PC4429","S-1-5-19","5/2/2015 12:28:30 AM",,,"c:\users\mac_1\desktop\winevt\logs\microsoft-windows-networkprofile%4operational.evtx","System.UInt32[]","System.Diagnostics.Eventing.Reader.EventBookmark","Information","Info",,"System.Collections.ObjectModel.ReadOnlyCollection`1[System.String]","System.Collections.Generic.List`1[System.Diagnostics.Eventing.Reader.EventProperty]"
"Entered State: Identifying Network Interface Guid: {9819BC20-693D-4F54-9CE8-7BFD5AD735CE}","4001","0",,"4","1","1","4611721202799476736","9997","Microsoft-Windows-NetworkProfile","fbcfac3f-8459-419f-8e48-1f0b49cdb85e","Microsoft-Windows-NetworkProfile/Operational","1104","296","rjaf-PC4429","S-1-5-19","5/2/2015 12:28:30 AM",,,"c:\users\mac_1\desktop\winevt\logs\microsoft-windows-networkprofile%4operational.evtx","System.UInt32[]","System.Diagnostics.Eventing.Reader.EventBookmark","Information","Start","Wait for Identification","System.Collections.ObjectModel.ReadOnlyCollection`1[System.String]","System.Collections.Generic.List`1[System.Diagnostics.Eventing.Reader.EventProperty]"
"Network Disconnected
	Name: Network  3
	Desc: Network
	Type: Unmanaged
	State: Disconnected
	Category: Public
","10001","0",,"4","0","0","4611721202799476736","9996","Microsoft-Windows-NetworkProfile","fbcfac3f-8459-419f-8e48-1f0b49cdb85e","Microsoft-Windows-NetworkProfile/Operational","1096","1064","rjaf-PC4429","S-1-5-19","5/1/2015 2:15:10 PM",,,"c:\users\mac_1\desktop\winevt\logs\microsoft-windows-networkprofile%4operational.evtx","System.UInt32[]","System.Diagnostics.Eventing.Reader.EventBookmark","Information","Info",,"System.Collections.ObjectModel.ReadOnlyCollection`1[System.String]","System.Collections.Generic.List`1[System.Diagnostics.Eventing.Reader.EventProperty]"
"Network Connected
	Name: Identifying...
	Desc: Identifying...
	Type: Unmanaged
	State: Connected,IPV4 (Internet)
	Category: Public
","10000","0",,"4","0","0","4611721202799476736","9995","Microsoft-Windows-NetworkProfile","fbcfac3f-8459-419f-8e48-1f0b49cdb85e","Microsoft-Windows-NetworkProfile/Operational","1096","1064","rjaf-PC4429","S-1-5-19","5/1/2015 2:15:10 PM",,,"c:\users\mac_1\desktop\winevt\logs\microsoft-windows-networkprofile%4operational.evtx","System.UInt32[]","System.Diagnostics.Eventing.Reader.EventBookmark","Information","Info",,"System.Collections.ObjectModel.ReadOnlyCollection`1[System.String]","System.Collections.Generic.List`1[System.Diagnostics.Eventing.Reader.EventProperty]"
"Entered State: Identifying Network Interface Guid: {9819BC20-693D-4F54-9CE8-7BFD5AD735CE}","4001","0",,"4","1","1","4611721202799476736","9994","Microsoft-Windows-NetworkProfile","fbcfac3f-8459-419f-8e48-1f0b49cdb85e","Microsoft-Windows-NetworkProfile/Operational","1096","2208","rjaf-PC4429","S-1-5-19","5/1/2015 2:15:10 PM",,,"c:\users\mac_1\desktop\winevt\logs\microsoft-windows-networkprofile%4operational.evtx","System.UInt32[]","System.Diagnostics.Eventing.Reader.EventBookmark","Information","Start","Wait for Identification","System.Collections.ObjectModel.ReadOnlyCollection`1[System.String]","System.Collections.Generic.List`1[System.Diagnostics.Eventing.Reader.EventProperty]"
"Network Connected
	Name: Network  3
	Desc: Network
	Type: Unmanaged
	State: Connected,IPV4 (Local)
	Category: Public
","10000","0",,"4","0","0","4611721202799476736","9993","Microsoft-Windows-NetworkProfile","fbcfac3f-8459-419f-8e48-1f0b49cdb85e","Microsoft-Windows-NetworkProfile/Operational","1096","1064","rjaf-PC4429","S-1-5-19","5/1/2015 11:58:08 AM",,,"c:\users\mac_1\desktop\winevt\logs\microsoft-windows-networkprofile%4operational.evtx","System.UInt32[]","System.Diagnostics.Eventing.Reader.EventBookmark","Information","Info",,"System.Collections.ObjectModel.ReadOnlyCollection`1[System.String]","System.Collections.Generic.List`1[System.Diagnostics.Eventing.Reader.EventProperty]"
"Transitioning to State: Identified Network Interface Guid: {9819BC20-693D-4F54-9CE8-7BFD5AD735CE}","4002","0",,"4","1","2","4612002677776187392","9992","Microsoft-Windows-NetworkProfile","fbcfac3f-8459-419f-8e48-1f0b49cdb85e","Microsoft-Windows-NetworkProfile/Operational","1096","1112","rjaf-PC4429","S-1-5-19","5/1/2015 11:58:08 AM",,,"c:\users\mac_1\desktop\winevt\logs\microsoft-windows-networkprofile%4operational.evtx","System.UInt32[]","System.Diagnostics.Eventing.Reader.EventBookmark","Information","Stop","Wait for Identification","System.Collections.ObjectModel.ReadOnlyCollection`1[System.String]","System.Collections.Generic.List`1[System.Diagnostics.Eventing.Reader.EventProperty]"
"Network Connected
	Name: Identifying...
	Desc: Identifying...
	Type: Unmanaged
	State: Connected
	Category: Public
","10000","0",,"4","0","0","4611721202799476736","9991","Microsoft-Windows-NetworkProfile","fbcfac3f-8459-419f-8e48-1f0b49cdb85e","Microsoft-Windows-NetworkProfile/Operational","1096","1064","rjaf-PC4429","S-1-5-19","5/1/2015 11:58:08 AM",,,"c:\users\mac_1\desktop\winevt\logs\microsoft-windows-networkprofile%4operational.evtx","System.UInt32[]","System.Diagnostics.Eventing.Reader.EventBookmark","Information","Info",,"System.Collections.ObjectModel.ReadOnlyCollection`1[System.String]","System.Collections.Generic.List`1[System.Diagnostics.Eventing.Reader.EventProperty]"
"Entered State: Identifying Network Interface Guid: {9819BC20-693D-4F54-9CE8-7BFD5AD735CE}","4001","0",,"4","1","1","4611721202799476736","9990","Microsoft-Windows-NetworkProfile","fbcfac3f-8459-419f-8e48-1f0b49cdb85e","Microsoft-Windows-NetworkProfile/Operational","1096","320","rjaf-PC4429","S-1-5-19","5/1/2015 11:58:08 AM",,,"c:\users\mac_1\desktop\winevt\logs\microsoft-windows-networkprofile%4operational.evtx","System.UInt32[]","System.Diagnostics.Eventing.Reader.EventBookmark","Information","Start","Wait for Identification","System.Collections.ObjectModel.ReadOnlyCollection`1[System.String]","System.Collections.Generic.List`1[System.Diagnostics.Eventing.Reader.EventProperty]"
"Network Connected
	Name: Identifying...
	Desc: Identifying...
	Type: Unmanaged
	State: Connected,IPV4 (Internet)
	Category: Public
","10000","0",,"4","0","0","4611721202799476736","9989","Microsoft-Windows-NetworkProfile","fbcfac3f-8459-419f-8e48-1f0b49cdb85e","Microsoft-Windows-NetworkProfile/Operational","1084","972","rjaf-PC4429","S-1-5-19","5/1/2015 10:02:43 AM",,,"c:\users\mac_1\desktop\winevt\logs\microsoft-windows-networkprofile%4operational.evtx","System.UInt32[]","System.Diagnostics.Eventing.Reader.EventBookmark","Information","Info",,"System.Collections.ObjectModel.ReadOnlyCollection`1[System.String]","System.Collections.Generic.List`1[System.Diagnostics.Eventing.Reader.EventProperty]"
"Entered State: Identifying Network Interface Guid: {9819BC20-693D-4F54-9CE8-7BFD5AD735CE}","4001","0",,"4","1","1","4611721202799476736","9988","Microsoft-Windows-NetworkProfile","fbcfac3f-8459-419f-8e48-1f0b49cdb85e","Microsoft-Windows-NetworkProfile/Operational","1084","1564","rjaf-PC4429","S-1-5-19","5/1/2015 10:02:43 AM",,,"c:\users\mac_1\desktop\winevt\logs\microsoft-windows-networkprofile%4operational.evtx","System.UInt32[]","System.Diagnostics.Eventing.Reader.EventBookmark","Information","Start","Wait for Identification","System.Collections.ObjectModel.ReadOnlyCollection`1[System.String]","System.Collections.Generic.List`1[System.Diagnostics.Eventing.Reader.EventProperty]"
"Network Disconnected
	Name: Network  3
	Desc: Network
	Type: Unmanaged
	State: Disconnected
	Category: Public
","10001","0",,"4","0","0","4611721202799476736","9987","Microsoft-Windows-NetworkProfile","fbcfac3f-8459-419f-8e48-1f0b49cdb85e","Microsoft-Windows-NetworkProfile/Operational","1084","972","rjaf-PC4429","S-1-5-19","5/1/2015 10:02:43 AM",,,"c:\users\mac_1\desktop\winevt\logs\microsoft-windows-networkprofile%4operational.evtx","System.UInt32[]","System.Diagnostics.Eventing.Reader.EventBookmark","Information","Info",,"System.Collections.ObjectModel.ReadOnlyCollection`1[System.String]","System.Collections.Generic.List`1[System.Diagnostics.Eventing.Reader.EventProperty]"
"Network Connected
	Name: Network  3
	Desc: Network
	Type: Unmanaged
	State: Connected,IPV4 (Local)
	Category: Public
","10000","0",,"4","0","0","4611721202799476736","9986","Microsoft-Windows-NetworkProfile","fbcfac3f-8459-419f-8e48-1f0b49cdb85e","Microsoft-Windows-NetworkProfile/Operational","1084","972","rjaf-PC4429","S-1-5-19","5/1/2015 9:08:24 AM",,,"c:\users\mac_1\desktop\winevt\logs\microsoft-windows-networkprofile%4operational.evtx","System.UInt32[]","System.Diagnostics.Eventing.Reader.EventBookmark","Information","Info",,"System.Collections.ObjectModel.ReadOnlyCollection`1[System.String]","System.Collections.Generic.List`1[System.Diagnostics.Eventing.Reader.EventProperty]"
"Transitioning to State: Identified Network Interface Guid: {9819BC20-693D-4F54-9CE8-7BFD5AD735CE}","4002","0",,"4","1","2","4612002677776187392","9985","Microsoft-Windows-NetworkProfile","fbcfac3f-8459-419f-8e48-1f0b49cdb85e","Microsoft-Windows-NetworkProfile/Operational","1084","2288","rjaf-PC4429","S-1-5-19","5/1/2015 9:08:24 AM",,,"c:\users\mac_1\desktop\winevt\logs\microsoft-windows-networkprofile%4operational.evtx","System.UInt32[]","System.Diagnostics.Eventing.Reader.EventBookmark","Information","Stop","Wait for Identification","System.Collections.ObjectModel.ReadOnlyCollection`1[System.String]","System.Collections.Generic.List`1[System.Diagnostics.Eventing.Reader.EventProperty]"
"Network Connected
	Name: Identifying...
	Desc: Identifying...
	Type: Unmanaged
	State: Connected
	Category: Public
","10000","0",,"4","0","0","4611721202799476736","9984","Microsoft-Windows-NetworkProfile","fbcfac3f-8459-419f-8e48-1f0b49cdb85e","Microsoft-Windows-NetworkProfile/Operational","1084","972","rjaf-PC4429","S-1-5-19","5/1/2015 9:08:23 AM",,,"c:\users\mac_1\desktop\winevt\logs\microsoft-windows-networkprofile%4operational.evtx","System.UInt32[]","System.Diagnostics.Eventing.Reader.EventBookmark","Information","Info",,"System.Collections.ObjectModel.ReadOnlyCollection`1[System.String]","System.Collections.Generic.List`1[System.Diagnostics.Eventing.Reader.EventProperty]"
"Entered State: Identifying Network Interface Guid: {9819BC20-693D-4F54-9CE8-7BFD5AD735CE}","4001","0",,"4","1","1","4611721202799476736","9983","Microsoft-Windows-NetworkProfile","fbcfac3f-8459-419f-8e48-1f0b49cdb85e","Microsoft-Windows-NetworkProfile/Operational","1084","552","rjaf-PC4429","S-1-5-19","5/1/2015 9:08:23 AM",,,"c:\users\mac_1\desktop\winevt\logs\microsoft-windows-networkprofile%4operational.evtx","System.UInt32[]","System.Diagnostics.Eventing.Reader.EventBookmark","Information","Start","Wait for Identification","System.Collections.ObjectModel.ReadOnlyCollection`1[System.String]","System.Collections.Generic.List`1[System.Diagnostics.Eventing.Reader.EventProperty]"
"Network Disconnected
	Name: Network  3
	Desc: Network
	Type: Unmanaged
	State: Disconnected
	Category: Public
","10001","0",,"4","0","0","4611721202799476736","9982","Microsoft-Windows-NetworkProfile","fbcfac3f-8459-419f-8e48-1f0b49cdb85e","Microsoft-Windows-NetworkProfile/Operational","1104","2036","rjaf-PC4429","S-1-5-19","5/1/2015 8:43:09 AM",,,"c:\users\mac_1\desktop\winevt\logs\microsoft-windows-networkprofile%4operational.evtx","System.UInt32[]","System.Diagnostics.Eventing.Reader.EventBookmark","Information","Info",,"System.Collections.ObjectModel.ReadOnlyCollection`1[System.String]","System.Collections.Generic.List`1[System.Diagnostics.Eventing.Reader.EventProperty]"
"Network Connected
	Name: Identifying...
	Desc: Identifying...
	Type: Unmanaged
	State: Connected,IPV4 (Internet)
	Category: Public
","10000","0",,"4","0","0","4611721202799476736","9981","Microsoft-Windows-NetworkProfile","fbcfac3f-8459-419f-8e48-1f0b49cdb85e","Microsoft-Windows-NetworkProfile/Operational","1104","2036","rjaf-PC4429","S-1-5-19","5/1/2015 8:43:09 AM",,,"c:\users\mac_1\desktop\winevt\logs\microsoft-windows-networkprofile%4operational.evtx","System.UInt32[]","System.Diagnostics.Eventing.Reader.EventBookmark","Information","Info",,"System.Collections.ObjectModel.ReadOnlyCollection`1[System.String]","System.Collections.Generic.List`1[System.Diagnostics.Eventing.Reader.EventProperty]"
"Entered State: Identifying Network Interface Guid: {9819BC20-693D-4F54-9CE8-7BFD5AD735CE}","4001","0",,"4","1","1","4611721202799476736","9980","Microsoft-Windows-NetworkProfile","fbcfac3f-8459-419f-8e48-1f0b49cdb85e","Microsoft-Windows-NetworkProfile/Operational","1104","2664","rjaf-PC4429","S-1-5-19","5/1/2015 8:43:09 AM",,,"c:\users\mac_1\desktop\winevt\logs\microsoft-windows-networkprofile%4operational.evtx","System.UInt32[]","System.Diagnostics.Eventing.Reader.EventBookmark","Information","Start","Wait for Identification","System.Collections.ObjectModel.ReadOnlyCollection`1[System.String]","System.Collections.Generic.List`1[System.Diagnostics.Eventing.Reader.EventProperty]"
"Network Connected
	Name: Network  3
	Desc: Network
	Type: Unmanaged
	State: Connected,IPV4 (Local)
	Category: Public
","10000","0",,"4","0","0","4611721202799476736","9979","Microsoft-Windows-NetworkProfile","fbcfac3f-8459-419f-8e48-1f0b49cdb85e","Microsoft-Windows-NetworkProfile/Operational","1104","2036","rjaf-PC4429","S-1-5-19","5/1/2015 8:21:08 AM",,,"c:\users\mac_1\desktop\winevt\logs\microsoft-windows-networkprofile%4operational.evtx","System.UInt32[]","System.Diagnostics.Eventing.Reader.EventBookmark","Information","Info",,"System.Collections.ObjectModel.ReadOnlyCollection`1[System.String]","System.Collections.Generic.List`1[System.Diagnostics.Eventing.Reader.EventProperty]"
"Transitioning to State: Identified Network Interface Guid: {9819BC20-693D-4F54-9CE8-7BFD5AD735CE}","4002","0",,"4","1","2","4612002677776187392","9978","Microsoft-Windows-NetworkProfile","fbcfac3f-8459-419f-8e48-1f0b49cdb85e","Microsoft-Windows-NetworkProfile/Operational","1104","2944","rjaf-PC4429","S-1-5-19","5/1/2015 8:21:08 AM",,,"c:\users\mac_1\desktop\winevt\logs\microsoft-windows-networkprofile%4operational.evtx","System.UInt32[]","System.Diagnostics.Eventing.Reader.EventBookmark","Information","Stop","Wait for Identification","System.Collections.ObjectModel.ReadOnlyCollection`1[System.String]","System.Collections.Generic.List`1[System.Diagnostics.Eventing.Reader.EventProperty]"
"Network Connected
	Name: Identifying...
	Desc: Identifying...
	Type: Unmanaged
	State: Connected,IPV4 (Local)
	Category: Public
","10000","0",,"4","0","0","4611721202799476736","9977","Microsoft-Windows-NetworkProfile","fbcfac3f-8459-419f-8e48-1f0b49cdb85e","Microsoft-Windows-NetworkProfile/Operational","1104","2036","rjaf-PC4429","S-1-5-19","5/1/2015 8:21:07 AM",,,"c:\users\mac_1\desktop\winevt\logs\microsoft-windows-networkprofile%4operational.evtx","System.UInt32[]","System.Diagnostics.Eventing.Reader.EventBookmark","Information","Info",,"System.Collections.ObjectModel.ReadOnlyCollection`1[System.String]","System.Collections.Generic.List`1[System.Diagnostics.Eventing.Reader.EventProperty]"
"Entered State: Identifying Network Interface Guid: {9819BC20-693D-4F54-9CE8-7BFD5AD735CE}","4001","0",,"4","1","1","4611721202799476736","9976","Microsoft-Windows-NetworkProfile","fbcfac3f-8459-419f-8e48-1f0b49cdb85e","Microsoft-Windows-NetworkProfile/Operational","1104","3240","rjaf-PC4429","S-1-5-19","5/1/2015 8:21:07 AM",,,"c:\users\mac_1\desktop\winevt\logs\microsoft-windows-networkprofile%4operational.evtx","System.UInt32[]","System.Diagnostics.Eventing.Reader.EventBookmark","Information","Start","Wait for Identification","System.Collections.ObjectModel.ReadOnlyCollection`1[System.String]","System.Collections.Generic.List`1[System.Diagnostics.Eventing.Reader.EventProperty]"
"Network Disconnected
	Name: Network  3
	Desc: Network
	Type: Unmanaged
	State: Disconnected
	Category: Public
","10001","0",,"4","0","0","4611721202799476736","9975","Microsoft-Windows-NetworkProfile","fbcfac3f-8459-419f-8e48-1f0b49cdb85e","Microsoft-Windows-NetworkProfile/Operational","1104","2036","rjaf-PC4429","S-1-5-19","5/1/2015 8:21:05 AM",,,"c:\users\mac_1\desktop\winevt\logs\microsoft-windows-networkprofile%4operational.evtx","System.UInt32[]","System.Diagnostics.Eventing.Reader.EventBookmark","Information","Info",,"System.Collections.ObjectModel.ReadOnlyCollection`1[System.String]","System.Collections.Generic.List`1[System.Diagnostics.Eventing.Reader.EventProperty]"
"Network Connected
	Name: Network  3
	Desc: Network
	Type: Unmanaged
	State: Connected,IPV4 (Local)
	Category: Public
","10000","0",,"4","0","0","4611721202799476736","9974","Microsoft-Windows-NetworkProfile","fbcfac3f-8459-419f-8e48-1f0b49cdb85e","Microsoft-Windows-NetworkProfile/Operational","1104","2036","rjaf-PC4429","S-1-5-19","5/1/2015 1:44:51 AM",,,"c:\users\mac_1\desktop\winevt\logs\microsoft-windows-networkprofile%4operational.evtx","System.UInt32[]","System.Diagnostics.Eventing.Reader.EventBookmark","Information","Info",,"System.Collections.ObjectModel.ReadOnlyCollection`1[System.String]","System.Collections.Generic.List`1[System.Diagnostics.Eventing.Reader.EventProperty]"
"Transitioning to State: Identified Network Interface Guid: {9819BC20-693D-4F54-9CE8-7BFD5AD735CE}","4002","0",,"4","1","2","4612002677776187392","9973","Microsoft-Windows-NetworkProfile","fbcfac3f-8459-419f-8e48-1f0b49cdb85e","Microsoft-Windows-NetworkProfile/Operational","1104","616","rjaf-PC4429","S-1-5-19","5/1/2015 1:44:51 AM",,,"c:\users\mac_1\desktop\winevt\logs\microsoft-windows-networkprofile%4operational.evtx","System.UInt32[]","System.Diagnostics.Eventing.Reader.EventBookmark","Information","Stop","Wait for Identification","System.Collections.ObjectModel.ReadOnlyCollection`1[System.String]","System.Collections.Generic.List`1[System.Diagnostics.Eventing.Reader.EventProperty]"
"Network Connected
	Name: Identifying...
	Desc: Identifying...
	Type: Unmanaged
	State: Connected
	Category: Public
","10000","0",,"4","0","0","4611721202799476736","9972","Microsoft-Windows-NetworkProfile","fbcfac3f-8459-419f-8e48-1f0b49cdb85e","Microsoft-Windows-NetworkProfile/Operational","1104","2036","rjaf-PC4429","S-1-5-19","5/1/2015 1:44:48 AM",,,"c:\users\mac_1\desktop\winevt\logs\microsoft-windows-networkprofile%4operational.evtx","System.UInt32[]","System.Diagnostics.Eventing.Reader.EventBookmark","Information","Info",,"System.Collections.ObjectModel.ReadOnlyCollection`1[System.String]","System.Collections.Generic.List`1[System.Diagnostics.Eventing.Reader.EventProperty]"
"Entered State: Identifying Network Interface Guid: {9819BC20-693D-4F54-9CE8-7BFD5AD735CE}","4001","0",,"4","1","1","4611721202799476736","9971","Microsoft-Windows-NetworkProfile","fbcfac3f-8459-419f-8e48-1f0b49cdb85e","Microsoft-Windows-NetworkProfile/Operational","1104","2024","rjaf-PC4429","S-1-5-19","5/1/2015 1:44:48 AM",,,"c:\users\mac_1\desktop\winevt\logs\microsoft-windows-networkprofile%4operational.evtx","System.UInt32[]","System.Diagnostics.Eventing.Reader.EventBookmark","Information","Start","Wait for Identification","System.Collections.ObjectModel.ReadOnlyCollection`1[System.String]","System.Collections.Generic.List`1[System.Diagnostics.Eventing.Reader.EventProperty]"
"Network Connected
	Name: Network  3
	Desc: Network
	Type: Unmanaged
	State: Connected,IPV4 (Local)
	Category: Public
","10000","0",,"4","0","0","4611721202799476736","9970","Microsoft-Windows-NetworkProfile","fbcfac3f-8459-419f-8e48-1f0b49cdb85e","Microsoft-Windows-NetworkProfile/Operational","1112","452","rjaf-PC4429","S-1-5-19","4/30/2015 10:12:27 PM",,,"c:\users\mac_1\desktop\winevt\logs\microsoft-windows-networkprofile%4operational.evtx","System.UInt32[]","System.Diagnostics.Eventing.Reader.EventBookmark","Information","Info",,"System.Collections.ObjectModel.ReadOnlyCollection`1[System.String]","System.Collections.Generic.List`1[System.Diagnostics.Eventing.Reader.EventProperty]"
"Transitioning to State: Identified Network Interface Guid: {9819BC20-693D-4F54-9CE8-7BFD5AD735CE}","4002","0",,"4","1","2","4612002677776187392","9969","Microsoft-Windows-NetworkProfile","fbcfac3f-8459-419f-8e48-1f0b49cdb85e","Microsoft-Windows-NetworkProfile/Operational","1112","1136","rjaf-PC4429","S-1-5-19","4/30/2015 10:12:27 PM",,,"c:\users\mac_1\desktop\winevt\logs\microsoft-windows-networkprofile%4operational.evtx","System.UInt32[]","System.Diagnostics.Eventing.Reader.EventBookmark","Information","Stop","Wait for Identification","System.Collections.ObjectModel.ReadOnlyCollection`1[System.String]","System.Collections.Generic.List`1[System.Diagnostics.Eventing.Reader.EventProperty]"
"Network Connected
	Name: Identifying...
	Desc: Identifying...
	Type: Unmanaged
	State: Connected
	Category: Public
","10000","0",,"4","0","0","4611721202799476736","9968","Microsoft-Windows-NetworkProfile","fbcfac3f-8459-419f-8e48-1f0b49cdb85e","Microsoft-Windows-NetworkProfile/Operational","1112","452","rjaf-PC4429","S-1-5-19","4/30/2015 10:12:26 PM",,,"c:\users\mac_1\desktop\winevt\logs\microsoft-windows-networkprofile%4operational.evtx","System.UInt32[]","System.Diagnostics.Eventing.Reader.EventBookmark","Information","Info",,"System.Collections.ObjectModel.ReadOnlyCollection`1[System.String]","System.Collections.Generic.List`1[System.Diagnostics.Eventing.Reader.EventProperty]"
"Entered State: Identifying Network Interface Guid: {9819BC20-693D-4F54-9CE8-7BFD5AD735CE}","4001","0",,"4","1","1","4611721202799476736","9967","Microsoft-Windows-NetworkProfile","fbcfac3f-8459-419f-8e48-1f0b49cdb85e","Microsoft-Windows-NetworkProfile/Operational","1112","432","rjaf-PC4429","S-1-5-19","4/30/2015 10:12:26 PM",,,"c:\users\mac_1\desktop\winevt\logs\microsoft-windows-networkprofile%4operational.evtx","System.UInt32[]","System.Diagnostics.Eventing.Reader.EventBookmark","Information","Start","Wait for Identification","System.Collections.ObjectModel.ReadOnlyCollection`1[System.String]","System.Collections.Generic.List`1[System.Diagnostics.Eventing.Reader.EventProperty]"
"Network Disconnected
	Name: Network  3
	Desc: Network
	Type: Unmanaged
	State: Disconnected
	Category: Public
","10001","0",,"4","0","0","4611721202799476736","9966","Microsoft-Windows-NetworkProfile","fbcfac3f-8459-419f-8e48-1f0b49cdb85e","Microsoft-Windows-NetworkProfile/Operational","1108","624","rjaf-PC4429","S-1-5-19","4/30/2015 12:30:38 PM",,,"c:\users\mac_1\desktop\winevt\logs\microsoft-windows-networkprofile%4operational.evtx","System.UInt32[]","System.Diagnostics.Eventing.Reader.EventBookmark","Information","Info",,"System.Collections.ObjectModel.ReadOnlyCollection`1[System.String]","System.Collections.Generic.List`1[System.Diagnostics.Eventing.Reader.EventProperty]"
"Network Connected
	Name: Identifying...
	Desc: Identifying...
	Type: Unmanaged
	State: Connected,IPV4 (Internet)
	Category: Public
","10000","0",,"4","0","0","4611721202799476736","9965","Microsoft-Windows-NetworkProfile","fbcfac3f-8459-419f-8e48-1f0b49cdb85e","Microsoft-Windows-NetworkProfile/Operational","1108","624","rjaf-PC4429","S-1-5-19","4/30/2015 12:30:38 PM",,,"c:\users\mac_1\desktop\winevt\logs\microsoft-windows-networkprofile%4operational.evtx","System.UInt32[]","System.Diagnostics.Eventing.Reader.EventBookmark","Information","Info",,"System.Collections.ObjectModel.ReadOnlyCollection`1[System.String]","System.Collections.Generic.List`1[System.Diagnostics.Eventing.Reader.EventProperty]"
"Entered State: Identifying Network Interface Guid: {9819BC20-693D-4F54-9CE8-7BFD5AD735CE}","4001","0",,"4","1","1","4611721202799476736","9964","Microsoft-Windows-NetworkProfile","fbcfac3f-8459-419f-8e48-1f0b49cdb85e","Microsoft-Windows-NetworkProfile/Operational","1108","2676","rjaf-PC4429","S-1-5-19","4/30/2015 12:30:38 PM",,,"c:\users\mac_1\desktop\winevt\logs\microsoft-windows-networkprofile%4operational.evtx","System.UInt32[]","System.Diagnostics.Eventing.Reader.EventBookmark","Information","Start","Wait for Identification","System.Collections.ObjectModel.ReadOnlyCollection`1[System.String]","System.Collections.Generic.List`1[System.Diagnostics.Eventing.Reader.EventProperty]"
"Network Connected
	Name: Network  3
	Desc: Network
	Type: Unmanaged
	State: Connected,IPV4 (Local)
	Category: Public
","10000","0",,"4","0","0","4611721202799476736","9963","Microsoft-Windows-NetworkProfile","fbcfac3f-8459-419f-8e48-1f0b49cdb85e","Microsoft-Windows-NetworkProfile/Operational","1108","624","rjaf-PC4429","S-1-5-19","4/30/2015 12:16:11 PM",,,"c:\users\mac_1\desktop\winevt\logs\microsoft-windows-networkprofile%4operational.evtx","System.UInt32[]","System.Diagnostics.Eventing.Reader.EventBookmark","Information","Info",,"System.Collections.ObjectModel.ReadOnlyCollection`1[System.String]","System.Collections.Generic.List`1[System.Diagnostics.Eventing.Reader.EventProperty]"
"Transitioning to State: Identified Network Interface Guid: {9819BC20-693D-4F54-9CE8-7BFD5AD735CE}","4002","0",,"4","1","2","4612002677776187392","9962","Microsoft-Windows-NetworkProfile","fbcfac3f-8459-419f-8e48-1f0b49cdb85e","Microsoft-Windows-NetworkProfile/Operational","1108","1996","rjaf-PC4429","S-1-5-19","4/30/2015 12:16:11 PM",,,"c:\users\mac_1\desktop\winevt\logs\microsoft-windows-networkprofile%4operational.evtx","System.UInt32[]","System.Diagnostics.Eventing.Reader.EventBookmark","Information","Stop","Wait for Identification","System.Collections.ObjectModel.ReadOnlyCollection`1[System.String]","System.Collections.Generic.List`1[System.Diagnostics.Eventing.Reader.EventProperty]"
"Network Connected
	Name: Identifying...
	Desc: Identifying...
	Type: Unmanaged
	State: Connected
	Category: Public
","10000","0",,"4","0","0","4611721202799476736","9961","Microsoft-Windows-NetworkProfile","fbcfac3f-8459-419f-8e48-1f0b49cdb85e","Microsoft-Windows-NetworkProfile/Operational","1108","624","rjaf-PC4429","S-1-5-19","4/30/2015 12:16:11 PM",,,"c:\users\mac_1\desktop\winevt\logs\microsoft-windows-networkprofile%4operational.evtx","System.UInt32[]","System.Diagnostics.Eventing.Reader.EventBookmark","Information","Info",,"System.Collections.ObjectModel.ReadOnlyCollection`1[System.String]","System.Collections.Generic.List`1[System.Diagnostics.Eventing.Reader.EventProperty]"
"Entered State: Identifying Network Interface Guid: {9819BC20-693D-4F54-9CE8-7BFD5AD735CE}","4001","0",,"4","1","1","4611721202799476736","9960","Microsoft-Windows-NetworkProfile","fbcfac3f-8459-419f-8e48-1f0b49cdb85e","Microsoft-Windows-NetworkProfile/Operational","1108","436","rjaf-PC4429","S-1-5-19","4/30/2015 12:16:11 PM",,,"c:\users\mac_1\desktop\winevt\logs\microsoft-windows-networkprofile%4operational.evtx","System.UInt32[]","System.Diagnostics.Eventing.Reader.EventBookmark","Information","Start","Wait for Identification","System.Collections.ObjectModel.ReadOnlyCollection`1[System.String]","System.Collections.Generic.List`1[System.Diagnostics.Eventing.Reader.EventProperty]"
"Network Connected
	Name: Identifying...
	Desc: Identifying...
	Type: Unmanaged
	State: Connected,IPV4 (Internet)
	Category: Public
","10000","0",,"4","0","0","4611721202799476736","9959","Microsoft-Windows-NetworkProfile","fbcfac3f-8459-419f-8e48-1f0b49cdb85e","Microsoft-Windows-NetworkProfile/Operational","1100","312","rjaf-PC4429","S-1-5-19","4/30/2015 12:02:50 PM",,,"c:\users\mac_1\desktop\winevt\logs\microsoft-windows-networkprofile%4operational.evtx","System.UInt32[]","System.Diagnostics.Eventing.Reader.EventBookmark","Information","Info",,"System.Collections.ObjectModel.ReadOnlyCollection`1[System.String]","System.Collections.Generic.List`1[System.Diagnostics.Eventing.Reader.EventProperty]"
"Entered State: Identifying Network Interface Guid: {9819BC20-693D-4F54-9CE8-7BFD5AD735CE}","4001","0",,"4","1","1","4611721202799476736","9958","Microsoft-Windows-NetworkProfile","fbcfac3f-8459-419f-8e48-1f0b49cdb85e","Microsoft-Windows-NetworkProfile/Operational","1100","4080","rjaf-PC4429","S-1-5-19","4/30/2015 12:02:50 PM",,,"c:\users\mac_1\desktop\winevt\logs\microsoft-windows-networkprofile%4operational.evtx","System.UInt32[]","System.Diagnostics.Eventing.Reader.EventBookmark","Information","Start","Wait for Identification","System.Collections.ObjectModel.ReadOnlyCollection`1[System.String]","System.Collections.Generic.List`1[System.Diagnostics.Eventing.Reader.EventProperty]"
