"The scripted diagnostic engine started initializing a diagnostic package located at C:\Windows\diagnostics\system\Audio.","101","0",,"4","0","0","4611686052787126272","10","Microsoft-Windows-Diagnosis-Scripted","e1dd7e52-621d-44e3-a1ad-0370c2b25946","Microsoft-Windows-Diagnosis-Scripted/Operational","1852","2292","rjaf-PC4429","S-1-5-21-1634558665-2257203147-3060767804-1000","12/10/2013 6:07:04 AM",,,"c:\users\mac_1\desktop\winevt\logs\microsoft-windows-diagnosis-scripted%4operational.evtx","System.UInt32[]","System.Diagnostics.Eventing.Reader.EventBookmark","Information","Info",,"System.Collections.ObjectModel.ReadOnlyCollection`1[System.String]","System.Collections.Generic.List`1[System.Diagnostics.Eventing.Reader.EventProperty]"
"The scripted diagnostic engine completed verifying the diagnostic package AudioDiagnostic.","108","0",,"4","0","0","4611686052787126272","9","Microsoft-Windows-Diagnosis-Scripted","e1dd7e52-621d-44e3-a1ad-0370c2b25946","Microsoft-Windows-Diagnosis-Scripted/Operational","1852","2292","rjaf-PC4429","S-1-5-21-1634558665-2257203147-3060767804-1000","12/10/2013 6:07:04 AM",,,"c:\users\mac_1\desktop\winevt\logs\microsoft-windows-diagnosis-scripted%4operational.evtx","System.UInt32[]","System.Diagnostics.Eventing.Reader.EventBookmark","Information","Info",,"System.Collections.ObjectModel.ReadOnlyCollection`1[System.String]","System.Collections.Generic.List`1[System.Diagnostics.Eventing.Reader.EventProperty]"
"The scripted diagnostic engine started verifying the diagnostic package AudioDiagnostic.","107","0",,"4","0","0","4611686052787126272","8","Microsoft-Windows-Diagnosis-Scripted","e1dd7e52-621d-44e3-a1ad-0370c2b25946","Microsoft-Windows-Diagnosis-Scripted/Operational","1852","2292","rjaf-PC4429","S-1-5-21-1634558665-2257203147-3060767804-1000","12/10/2013 6:07:03 AM",,,"c:\users\mac_1\desktop\winevt\logs\microsoft-windows-diagnosis-scripted%4operational.evtx","System.UInt32[]","System.Diagnostics.Eventing.Reader.EventBookmark","Information","Info",,"System.Collections.ObjectModel.ReadOnlyCollection`1[System.String]","System.Collections.Generic.List`1[System.Diagnostics.Eventing.Reader.EventProperty]"
"The scripted diagnostic engine completed diagnosing the diagnostic package AudioDiagnostic.","104","0",,"4","0","0","4611686052787126272","7","Microsoft-Windows-Diagnosis-Scripted","e1dd7e52-621d-44e3-a1ad-0370c2b25946","Microsoft-Windows-Diagnosis-Scripted/Operational","1852","2292","rjaf-PC4429","S-1-5-21-1634558665-2257203147-3060767804-1000","12/10/2013 6:07:00 AM",,,"c:\users\mac_1\desktop\winevt\logs\microsoft-windows-diagnosis-scripted%4operational.evtx","System.UInt32[]","System.Diagnostics.Eventing.Reader.EventBookmark","Information","Info",,"System.Collections.ObjectModel.ReadOnlyCollection`1[System.String]","System.Collections.Generic.List`1[System.Diagnostics.Eventing.Reader.EventProperty]"
"Rootcause RC_UnpluggedIn/DefaultInstanceId was detected in package AudioDiagnostic.","401","0",,"4","0","0","4611686052787126272","6","Microsoft-Windows-Diagnosis-Scripted","e1dd7e52-621d-44e3-a1ad-0370c2b25946","Microsoft-Windows-Diagnosis-Scripted/Operational","1852","2292","rjaf-PC4429","S-1-5-21-1634558665-2257203147-3060767804-1000","12/10/2013 6:07:00 AM",,,"c:\users\mac_1\desktop\winevt\logs\microsoft-windows-diagnosis-scripted%4operational.evtx","System.UInt32[]","System.Diagnostics.Eventing.Reader.EventBookmark","Information","Info",,"System.Collections.ObjectModel.ReadOnlyCollection`1[System.String]","System.Collections.Generic.List`1[System.Diagnostics.Eventing.Reader.EventProperty]"
"The scripted diagnostic engine started diagnosing the diagnostic package AudioDiagnostic.","103","0",,"4","0","0","4611686052787126272","5","Microsoft-Windows-Diagnosis-Scripted","e1dd7e52-621d-44e3-a1ad-0370c2b25946","Microsoft-Windows-Diagnosis-Scripted/Operational","1852","2292","rjaf-PC4429","S-1-5-21-1634558665-2257203147-3060767804-1000","12/10/2013 6:05:16 AM",,,"c:\users\mac_1\desktop\winevt\logs\microsoft-windows-diagnosis-scripted%4operational.evtx","System.UInt32[]","System.Diagnostics.Eventing.Reader.EventBookmark","Information","Info",,"System.Collections.ObjectModel.ReadOnlyCollection`1[System.String]","System.Collections.Generic.List`1[System.Diagnostics.Eventing.Reader.EventProperty]"
"The scripted diagnostic engine completed initializing a diagnostic package located at C:\Windows\diagnostics\system\Device.","102","0",,"4","0","0","4611686052787126272","4","Microsoft-Windows-Diagnosis-Scripted","e1dd7e52-621d-44e3-a1ad-0370c2b25946","Microsoft-Windows-Diagnosis-Scripted/Operational","1852","2292","rjaf-PC4429","S-1-5-21-1634558665-2257203147-3060767804-1000","12/10/2013 6:05:16 AM",,,"c:\users\mac_1\desktop\winevt\logs\microsoft-windows-diagnosis-scripted%4operational.evtx","System.UInt32[]","System.Diagnostics.Eventing.Reader.EventBookmark","Information","Info",,"System.Collections.ObjectModel.ReadOnlyCollection`1[System.String]","System.Collections.Generic.List`1[System.Diagnostics.Eventing.Reader.EventProperty]"
"The scripted diagnostic engine started initializing a diagnostic package located at C:\Windows\diagnostics\system\Device.","101","0",,"4","0","0","4611686052787126272","3","Microsoft-Windows-Diagnosis-Scripted","e1dd7e52-621d-44e3-a1ad-0370c2b25946","Microsoft-Windows-Diagnosis-Scripted/Operational","1852","2292","rjaf-PC4429","S-1-5-21-1634558665-2257203147-3060767804-1000","12/10/2013 6:05:15 AM",,,"c:\users\mac_1\desktop\winevt\logs\microsoft-windows-diagnosis-scripted%4operational.evtx","System.UInt32[]","System.Diagnostics.Eventing.Reader.EventBookmark","Information","Info",,"System.Collections.ObjectModel.ReadOnlyCollection`1[System.String]","System.Collections.Generic.List`1[System.Diagnostics.Eventing.Reader.EventProperty]"
"The scripted diagnostic engine completed initializing a diagnostic package located at C:\Windows\diagnostics\system\Audio.","102","0",,"4","0","0","4611686052787126272","2","Microsoft-Windows-Diagnosis-Scripted","e1dd7e52-621d-44e3-a1ad-0370c2b25946","Microsoft-Windows-Diagnosis-Scripted/Operational","1852","2292","rjaf-PC4429","S-1-5-21-1634558665-2257203147-3060767804-1000","12/10/2013 6:05:15 AM",,,"c:\users\mac_1\desktop\winevt\logs\microsoft-windows-diagnosis-scripted%4operational.evtx","System.UInt32[]","System.Diagnostics.Eventing.Reader.EventBookmark","Information","Info",,"System.Collections.ObjectModel.ReadOnlyCollection`1[System.String]","System.Collections.Generic.List`1[System.Diagnostics.Eventing.Reader.EventProperty]"
"The scripted diagnostic engine started initializing a diagnostic package located at C:\Windows\diagnostics\system\Audio.","101","0",,"4","0","0","4611686052787126272","1","Microsoft-Windows-Diagnosis-Scripted","e1dd7e52-621d-44e3-a1ad-0370c2b25946","Microsoft-Windows-Diagnosis-Scripted/Operational","1852","2292","rjaf-PC4429","S-1-5-21-1634558665-2257203147-3060767804-1000","12/10/2013 6:05:15 AM",,,"c:\users\mac_1\desktop\winevt\logs\microsoft-windows-diagnosis-scripted%4operational.evtx","System.UInt32[]","System.Diagnostics.Eventing.Reader.EventBookmark","Information","Info",,"System.Collections.ObjectModel.ReadOnlyCollection`1[System.String]","System.Collections.Generic.List`1[System.Diagnostics.Eventing.Reader.EventProperty]"
