"Device will enter the suspend state if idle for 30 seconds.","1001","0",,"4","16","0","-9223372036854775808","103","Microsoft-Windows-WPD-MTPClassDriver","21b7c16e-c5af-4a69-a74a-7245481c1b97","Microsoft-Windows-WPD-MTPClassDriver/Operational","2472","3636","rjaf-PC4429","S-1-5-19","2/9/2014 11:52:03 AM",,,"c:\users\mac_1\desktop\winevt\logs\microsoft-windows-wpd-mtpclassdriver%4operational.evtx","System.UInt32[]","System.Diagnostics.Eventing.Reader.EventBookmark","Information","Info","Driver Initialization","System.Collections.ObjectModel.ReadOnlyCollection`1[System.String]","System.Collections.Generic.List`1[System.Diagnostics.Eventing.Reader.EventProperty]"
"Device is entering the idle state (Idle state: 4; Return code: 0x0).","1002","0",,"4","32","0","-9223372036854775808","102","Microsoft-Windows-WPD-MTPClassDriver","21b7c16e-c5af-4a69-a74a-7245481c1b97","Microsoft-Windows-WPD-MTPClassDriver/Operational","2812","2776","rjaf-PC4429","S-1-5-19","2/9/2014 10:46:00 AM",,,"c:\users\mac_1\desktop\winevt\logs\microsoft-windows-wpd-mtpclassdriver%4operational.evtx","System.UInt32[]","System.Diagnostics.Eventing.Reader.EventBookmark","Information","Info","Driver Operation","System.Collections.ObjectModel.ReadOnlyCollection`1[System.String]","System.Collections.Generic.List`1[System.Diagnostics.Eventing.Reader.EventProperty]"
"Device is resuming operation from idle state (Idle state: 4; Return code: 0x0).","1003","0",,"4","32","0","-9223372036854775808","101","Microsoft-Windows-WPD-MTPClassDriver","21b7c16e-c5af-4a69-a74a-7245481c1b97","Microsoft-Windows-WPD-MTPClassDriver/Operational","2812","2776","rjaf-PC4429","S-1-5-19","2/9/2014 10:21:27 AM",,,"c:\users\mac_1\desktop\winevt\logs\microsoft-windows-wpd-mtpclassdriver%4operational.evtx","System.UInt32[]","System.Diagnostics.Eventing.Reader.EventBookmark","Information","Info","Driver Operation","System.Collections.ObjectModel.ReadOnlyCollection`1[System.String]","System.Collections.Generic.List`1[System.Diagnostics.Eventing.Reader.EventProperty]"
"MTP Driver started successfully.","1000","0",,"4","16","0","-9223372036854775808","100","Microsoft-Windows-WPD-MTPClassDriver","21b7c16e-c5af-4a69-a74a-7245481c1b97","Microsoft-Windows-WPD-MTPClassDriver/Operational","2812","2776","rjaf-PC4429","S-1-5-19","2/9/2014 10:21:27 AM",,,"c:\users\mac_1\desktop\winevt\logs\microsoft-windows-wpd-mtpclassdriver%4operational.evtx","System.UInt32[]","System.Diagnostics.Eventing.Reader.EventBookmark","Information","Info","Driver Initialization","System.Collections.ObjectModel.ReadOnlyCollection`1[System.String]","System.Collections.Generic.List`1[System.Diagnostics.Eventing.Reader.EventProperty]"
"Device will enter the suspend state if idle for 30 seconds.","1001","0",,"4","16","0","-9223372036854775808","99","Microsoft-Windows-WPD-MTPClassDriver","21b7c16e-c5af-4a69-a74a-7245481c1b97","Microsoft-Windows-WPD-MTPClassDriver/Operational","2812","2776","rjaf-PC4429","S-1-5-19","2/9/2014 10:21:25 AM",,,"c:\users\mac_1\desktop\winevt\logs\microsoft-windows-wpd-mtpclassdriver%4operational.evtx","System.UInt32[]","System.Diagnostics.Eventing.Reader.EventBookmark","Information","Info","Driver Initialization","System.Collections.ObjectModel.ReadOnlyCollection`1[System.String]","System.Collections.Generic.List`1[System.Diagnostics.Eventing.Reader.EventProperty]"
"Driver has failed to start, HRESULT 0x8007001F.","1006","0",,"1","16","0","-9223372036854775808","98","Microsoft-Windows-WPD-MTPClassDriver","21b7c16e-c5af-4a69-a74a-7245481c1b97","Microsoft-Windows-WPD-MTPClassDriver/Operational","1192","3372","rjaf-PC4429","S-1-5-19","2/9/2014 10:21:22 AM",,,"c:\users\mac_1\desktop\winevt\logs\microsoft-windows-wpd-mtpclassdriver%4operational.evtx","System.UInt32[]","System.Diagnostics.Eventing.Reader.EventBookmark","Critical","Info","Driver Initialization","System.Collections.ObjectModel.ReadOnlyCollection`1[System.String]","System.Collections.Generic.List`1[System.Diagnostics.Eventing.Reader.EventProperty]"
"Device will enter the suspend state if idle for 30 seconds.","1001","0",,"4","16","0","-9223372036854775808","97","Microsoft-Windows-WPD-MTPClassDriver","21b7c16e-c5af-4a69-a74a-7245481c1b97","Microsoft-Windows-WPD-MTPClassDriver/Operational","1192","3372","rjaf-PC4429","S-1-5-19","2/9/2014 10:21:20 AM",,,"c:\users\mac_1\desktop\winevt\logs\microsoft-windows-wpd-mtpclassdriver%4operational.evtx","System.UInt32[]","System.Diagnostics.Eventing.Reader.EventBookmark","Information","Info","Driver Initialization","System.Collections.ObjectModel.ReadOnlyCollection`1[System.String]","System.Collections.Generic.List`1[System.Diagnostics.Eventing.Reader.EventProperty]"
"Device is resuming operation from idle state (Idle state: 4; Return code: 0x0).","1003","0",,"4","32","0","-9223372036854775808","96","Microsoft-Windows-WPD-MTPClassDriver","21b7c16e-c5af-4a69-a74a-7245481c1b97","Microsoft-Windows-WPD-MTPClassDriver/Operational","2992","2532","rjaf-PC4429","S-1-5-19","1/31/2014 10:59:54 AM",,,"c:\users\mac_1\desktop\winevt\logs\microsoft-windows-wpd-mtpclassdriver%4operational.evtx","System.UInt32[]","System.Diagnostics.Eventing.Reader.EventBookmark","Information","Info","Driver Operation","System.Collections.ObjectModel.ReadOnlyCollection`1[System.String]","System.Collections.Generic.List`1[System.Diagnostics.Eventing.Reader.EventProperty]"
"MTP Driver started successfully.","1000","0",,"4","16","0","-9223372036854775808","95","Microsoft-Windows-WPD-MTPClassDriver","21b7c16e-c5af-4a69-a74a-7245481c1b97","Microsoft-Windows-WPD-MTPClassDriver/Operational","2992","2532","rjaf-PC4429","S-1-5-19","1/31/2014 10:59:54 AM",,,"c:\users\mac_1\desktop\winevt\logs\microsoft-windows-wpd-mtpclassdriver%4operational.evtx","System.UInt32[]","System.Diagnostics.Eventing.Reader.EventBookmark","Information","Info","Driver Initialization","System.Collections.ObjectModel.ReadOnlyCollection`1[System.String]","System.Collections.Generic.List`1[System.Diagnostics.Eventing.Reader.EventProperty]"
"Device will enter the suspend state if idle for 30 seconds.","1001","0",,"4","16","0","-9223372036854775808","94","Microsoft-Windows-WPD-MTPClassDriver","21b7c16e-c5af-4a69-a74a-7245481c1b97","Microsoft-Windows-WPD-MTPClassDriver/Operational","2992","2532","rjaf-PC4429","S-1-5-19","1/31/2014 10:59:48 AM",,,"c:\users\mac_1\desktop\winevt\logs\microsoft-windows-wpd-mtpclassdriver%4operational.evtx","System.UInt32[]","System.Diagnostics.Eventing.Reader.EventBookmark","Information","Info","Driver Initialization","System.Collections.ObjectModel.ReadOnlyCollection`1[System.String]","System.Collections.Generic.List`1[System.Diagnostics.Eventing.Reader.EventProperty]"
"Device is entering the idle state (Idle state: 4; Return code: 0x0).","1002","0",,"4","32","0","-9223372036854775808","93","Microsoft-Windows-WPD-MTPClassDriver","21b7c16e-c5af-4a69-a74a-7245481c1b97","Microsoft-Windows-WPD-MTPClassDriver/Operational","2352","540","rjaf-PC4429","S-1-5-19","1/30/2014 5:25:27 AM",,,"c:\users\mac_1\desktop\winevt\logs\microsoft-windows-wpd-mtpclassdriver%4operational.evtx","System.UInt32[]","System.Diagnostics.Eventing.Reader.EventBookmark","Information","Info","Driver Operation","System.Collections.ObjectModel.ReadOnlyCollection`1[System.String]","System.Collections.Generic.List`1[System.Diagnostics.Eventing.Reader.EventProperty]"
"Device is resuming operation from idle state (Idle state: 4; Return code: 0x0).","1003","0",,"4","32","0","-9223372036854775808","92","Microsoft-Windows-WPD-MTPClassDriver","21b7c16e-c5af-4a69-a74a-7245481c1b97","Microsoft-Windows-WPD-MTPClassDriver/Operational","2352","540","rjaf-PC4429","S-1-5-19","1/30/2014 5:12:59 AM",,,"c:\users\mac_1\desktop\winevt\logs\microsoft-windows-wpd-mtpclassdriver%4operational.evtx","System.UInt32[]","System.Diagnostics.Eventing.Reader.EventBookmark","Information","Info","Driver Operation","System.Collections.ObjectModel.ReadOnlyCollection`1[System.String]","System.Collections.Generic.List`1[System.Diagnostics.Eventing.Reader.EventProperty]"
"MTP Driver started successfully.","1000","0",,"4","16","0","-9223372036854775808","91","Microsoft-Windows-WPD-MTPClassDriver","21b7c16e-c5af-4a69-a74a-7245481c1b97","Microsoft-Windows-WPD-MTPClassDriver/Operational","2352","540","rjaf-PC4429","S-1-5-19","1/30/2014 5:12:59 AM",,,"c:\users\mac_1\desktop\winevt\logs\microsoft-windows-wpd-mtpclassdriver%4operational.evtx","System.UInt32[]","System.Diagnostics.Eventing.Reader.EventBookmark","Information","Info","Driver Initialization","System.Collections.ObjectModel.ReadOnlyCollection`1[System.String]","System.Collections.Generic.List`1[System.Diagnostics.Eventing.Reader.EventProperty]"
"Device will enter the suspend state if idle for 30 seconds.","1001","0",,"4","16","0","-9223372036854775808","90","Microsoft-Windows-WPD-MTPClassDriver","21b7c16e-c5af-4a69-a74a-7245481c1b97","Microsoft-Windows-WPD-MTPClassDriver/Operational","2352","540","rjaf-PC4429","S-1-5-19","1/30/2014 5:12:59 AM",,,"c:\users\mac_1\desktop\winevt\logs\microsoft-windows-wpd-mtpclassdriver%4operational.evtx","System.UInt32[]","System.Diagnostics.Eventing.Reader.EventBookmark","Information","Info","Driver Initialization","System.Collections.ObjectModel.ReadOnlyCollection`1[System.String]","System.Collections.Generic.List`1[System.Diagnostics.Eventing.Reader.EventProperty]"
"Device is entering the idle state (Idle state: 4; Return code: 0x0).","1002","0",,"4","32","0","-9223372036854775808","89","Microsoft-Windows-WPD-MTPClassDriver","21b7c16e-c5af-4a69-a74a-7245481c1b97","Microsoft-Windows-WPD-MTPClassDriver/Operational","3840","3692","rjaf-PC4429","S-1-5-19","1/28/2014 12:01:52 PM",,,"c:\users\mac_1\desktop\winevt\logs\microsoft-windows-wpd-mtpclassdriver%4operational.evtx","System.UInt32[]","System.Diagnostics.Eventing.Reader.EventBookmark","Information","Info","Driver Operation","System.Collections.ObjectModel.ReadOnlyCollection`1[System.String]","System.Collections.Generic.List`1[System.Diagnostics.Eventing.Reader.EventProperty]"
"Device is resuming operation from idle state (Idle state: 4; Return code: 0x0).","1003","0",,"4","32","0","-9223372036854775808","88","Microsoft-Windows-WPD-MTPClassDriver","21b7c16e-c5af-4a69-a74a-7245481c1b97","Microsoft-Windows-WPD-MTPClassDriver/Operational","3840","3692","rjaf-PC4429","S-1-5-19","1/28/2014 11:38:35 AM",,,"c:\users\mac_1\desktop\winevt\logs\microsoft-windows-wpd-mtpclassdriver%4operational.evtx","System.UInt32[]","System.Diagnostics.Eventing.Reader.EventBookmark","Information","Info","Driver Operation","System.Collections.ObjectModel.ReadOnlyCollection`1[System.String]","System.Collections.Generic.List`1[System.Diagnostics.Eventing.Reader.EventProperty]"
"MTP Driver started successfully.","1000","0",,"4","16","0","-9223372036854775808","87","Microsoft-Windows-WPD-MTPClassDriver","21b7c16e-c5af-4a69-a74a-7245481c1b97","Microsoft-Windows-WPD-MTPClassDriver/Operational","3840","3692","rjaf-PC4429","S-1-5-19","1/28/2014 11:38:35 AM",,,"c:\users\mac_1\desktop\winevt\logs\microsoft-windows-wpd-mtpclassdriver%4operational.evtx","System.UInt32[]","System.Diagnostics.Eventing.Reader.EventBookmark","Information","Info","Driver Initialization","System.Collections.ObjectModel.ReadOnlyCollection`1[System.String]","System.Collections.Generic.List`1[System.Diagnostics.Eventing.Reader.EventProperty]"
"Device will enter the suspend state if idle for 30 seconds.","1001","0",,"4","16","0","-9223372036854775808","86","Microsoft-Windows-WPD-MTPClassDriver","21b7c16e-c5af-4a69-a74a-7245481c1b97","Microsoft-Windows-WPD-MTPClassDriver/Operational","3840","3692","rjaf-PC4429","S-1-5-19","1/28/2014 11:38:34 AM",,,"c:\users\mac_1\desktop\winevt\logs\microsoft-windows-wpd-mtpclassdriver%4operational.evtx","System.UInt32[]","System.Diagnostics.Eventing.Reader.EventBookmark","Information","Info","Driver Initialization","System.Collections.ObjectModel.ReadOnlyCollection`1[System.String]","System.Collections.Generic.List`1[System.Diagnostics.Eventing.Reader.EventProperty]"
"Device is entering the idle state (Idle state: 4; Return code: 0x0).","1002","0",,"4","32","0","-9223372036854775808","85","Microsoft-Windows-WPD-MTPClassDriver","21b7c16e-c5af-4a69-a74a-7245481c1b97","Microsoft-Windows-WPD-MTPClassDriver/Operational","2088","3376","rjaf-PC4429","S-1-5-19","1/28/2014 3:05:43 AM",,,"c:\users\mac_1\desktop\winevt\logs\microsoft-windows-wpd-mtpclassdriver%4operational.evtx","System.UInt32[]","System.Diagnostics.Eventing.Reader.EventBookmark","Information","Info","Driver Operation","System.Collections.ObjectModel.ReadOnlyCollection`1[System.String]","System.Collections.Generic.List`1[System.Diagnostics.Eventing.Reader.EventProperty]"
"Device is resuming operation from idle state (Idle state: 4; Return code: 0x0).","1003","0",,"4","32","0","-9223372036854775808","84","Microsoft-Windows-WPD-MTPClassDriver","21b7c16e-c5af-4a69-a74a-7245481c1b97","Microsoft-Windows-WPD-MTPClassDriver/Operational","2088","3376","rjaf-PC4429","S-1-5-19","1/28/2014 2:54:00 AM",,,"c:\users\mac_1\desktop\winevt\logs\microsoft-windows-wpd-mtpclassdriver%4operational.evtx","System.UInt32[]","System.Diagnostics.Eventing.Reader.EventBookmark","Information","Info","Driver Operation","System.Collections.ObjectModel.ReadOnlyCollection`1[System.String]","System.Collections.Generic.List`1[System.Diagnostics.Eventing.Reader.EventProperty]"
"MTP Driver started successfully.","1000","0",,"4","16","0","-9223372036854775808","83","Microsoft-Windows-WPD-MTPClassDriver","21b7c16e-c5af-4a69-a74a-7245481c1b97","Microsoft-Windows-WPD-MTPClassDriver/Operational","2088","3376","rjaf-PC4429","S-1-5-19","1/28/2014 2:54:00 AM",,,"c:\users\mac_1\desktop\winevt\logs\microsoft-windows-wpd-mtpclassdriver%4operational.evtx","System.UInt32[]","System.Diagnostics.Eventing.Reader.EventBookmark","Information","Info","Driver Initialization","System.Collections.ObjectModel.ReadOnlyCollection`1[System.String]","System.Collections.Generic.List`1[System.Diagnostics.Eventing.Reader.EventProperty]"
"Device will enter the suspend state if idle for 30 seconds.","1001","0",,"4","16","0","-9223372036854775808","82","Microsoft-Windows-WPD-MTPClassDriver","21b7c16e-c5af-4a69-a74a-7245481c1b97","Microsoft-Windows-WPD-MTPClassDriver/Operational","2088","3376","rjaf-PC4429","S-1-5-19","1/28/2014 2:53:59 AM",,,"c:\users\mac_1\desktop\winevt\logs\microsoft-windows-wpd-mtpclassdriver%4operational.evtx","System.UInt32[]","System.Diagnostics.Eventing.Reader.EventBookmark","Information","Info","Driver Initialization","System.Collections.ObjectModel.ReadOnlyCollection`1[System.String]","System.Collections.Generic.List`1[System.Diagnostics.Eventing.Reader.EventProperty]"
"Device is entering the idle state (Idle state: 4; Return code: 0x0).","1002","0",,"4","32","0","-9223372036854775808","81","Microsoft-Windows-WPD-MTPClassDriver","21b7c16e-c5af-4a69-a74a-7245481c1b97","Microsoft-Windows-WPD-MTPClassDriver/Operational","2964","1596","rjaf-PC4429","S-1-5-19","1/27/2014 7:06:16 AM",,,"c:\users\mac_1\desktop\winevt\logs\microsoft-windows-wpd-mtpclassdriver%4operational.evtx","System.UInt32[]","System.Diagnostics.Eventing.Reader.EventBookmark","Information","Info","Driver Operation","System.Collections.ObjectModel.ReadOnlyCollection`1[System.String]","System.Collections.Generic.List`1[System.Diagnostics.Eventing.Reader.EventProperty]"
"Device is resuming operation from idle state (Idle state: 4; Return code: 0x0).","1003","0",,"4","32","0","-9223372036854775808","80","Microsoft-Windows-WPD-MTPClassDriver","21b7c16e-c5af-4a69-a74a-7245481c1b97","Microsoft-Windows-WPD-MTPClassDriver/Operational","2964","1596","rjaf-PC4429","S-1-5-19","1/27/2014 6:33:47 AM",,,"c:\users\mac_1\desktop\winevt\logs\microsoft-windows-wpd-mtpclassdriver%4operational.evtx","System.UInt32[]","System.Diagnostics.Eventing.Reader.EventBookmark","Information","Info","Driver Operation","System.Collections.ObjectModel.ReadOnlyCollection`1[System.String]","System.Collections.Generic.List`1[System.Diagnostics.Eventing.Reader.EventProperty]"
"MTP Driver started successfully.","1000","0",,"4","16","0","-9223372036854775808","79","Microsoft-Windows-WPD-MTPClassDriver","21b7c16e-c5af-4a69-a74a-7245481c1b97","Microsoft-Windows-WPD-MTPClassDriver/Operational","2964","1596","rjaf-PC4429","S-1-5-19","1/27/2014 6:33:47 AM",,,"c:\users\mac_1\desktop\winevt\logs\microsoft-windows-wpd-mtpclassdriver%4operational.evtx","System.UInt32[]","System.Diagnostics.Eventing.Reader.EventBookmark","Information","Info","Driver Initialization","System.Collections.ObjectModel.ReadOnlyCollection`1[System.String]","System.Collections.Generic.List`1[System.Diagnostics.Eventing.Reader.EventProperty]"
"Device will enter the suspend state if idle for 30 seconds.","1001","0",,"4","16","0","-9223372036854775808","78","Microsoft-Windows-WPD-MTPClassDriver","21b7c16e-c5af-4a69-a74a-7245481c1b97","Microsoft-Windows-WPD-MTPClassDriver/Operational","2964","1596","rjaf-PC4429","S-1-5-19","1/27/2014 6:33:45 AM",,,"c:\users\mac_1\desktop\winevt\logs\microsoft-windows-wpd-mtpclassdriver%4operational.evtx","System.UInt32[]","System.Diagnostics.Eventing.Reader.EventBookmark","Information","Info","Driver Initialization","System.Collections.ObjectModel.ReadOnlyCollection`1[System.String]","System.Collections.Generic.List`1[System.Diagnostics.Eventing.Reader.EventProperty]"
"Device is entering the idle state (Idle state: 4; Return code: 0x0).","1002","0",,"4","32","0","-9223372036854775808","77","Microsoft-Windows-WPD-MTPClassDriver","21b7c16e-c5af-4a69-a74a-7245481c1b97","Microsoft-Windows-WPD-MTPClassDriver/Operational","2116","3364","rjaf-PC4429","S-1-5-19","1/26/2014 1:36:04 PM",,,"c:\users\mac_1\desktop\winevt\logs\microsoft-windows-wpd-mtpclassdriver%4operational.evtx","System.UInt32[]","System.Diagnostics.Eventing.Reader.EventBookmark","Information","Info","Driver Operation","System.Collections.ObjectModel.ReadOnlyCollection`1[System.String]","System.Collections.Generic.List`1[System.Diagnostics.Eventing.Reader.EventProperty]"
"Device is resuming operation from idle state (Idle state: 4; Return code: 0x0).","1003","0",,"4","32","0","-9223372036854775808","76","Microsoft-Windows-WPD-MTPClassDriver","21b7c16e-c5af-4a69-a74a-7245481c1b97","Microsoft-Windows-WPD-MTPClassDriver/Operational","2116","3364","rjaf-PC4429","S-1-5-19","1/26/2014 12:46:23 PM",,,"c:\users\mac_1\desktop\winevt\logs\microsoft-windows-wpd-mtpclassdriver%4operational.evtx","System.UInt32[]","System.Diagnostics.Eventing.Reader.EventBookmark","Information","Info","Driver Operation","System.Collections.ObjectModel.ReadOnlyCollection`1[System.String]","System.Collections.Generic.List`1[System.Diagnostics.Eventing.Reader.EventProperty]"
"MTP Driver started successfully.","1000","0",,"4","16","0","-9223372036854775808","75","Microsoft-Windows-WPD-MTPClassDriver","21b7c16e-c5af-4a69-a74a-7245481c1b97","Microsoft-Windows-WPD-MTPClassDriver/Operational","2116","3364","rjaf-PC4429","S-1-5-19","1/26/2014 12:46:23 PM",,,"c:\users\mac_1\desktop\winevt\logs\microsoft-windows-wpd-mtpclassdriver%4operational.evtx","System.UInt32[]","System.Diagnostics.Eventing.Reader.EventBookmark","Information","Info","Driver Initialization","System.Collections.ObjectModel.ReadOnlyCollection`1[System.String]","System.Collections.Generic.List`1[System.Diagnostics.Eventing.Reader.EventProperty]"
"Device will enter the suspend state if idle for 30 seconds.","1001","0",,"4","16","0","-9223372036854775808","74","Microsoft-Windows-WPD-MTPClassDriver","21b7c16e-c5af-4a69-a74a-7245481c1b97","Microsoft-Windows-WPD-MTPClassDriver/Operational","2116","3364","rjaf-PC4429","S-1-5-19","1/26/2014 12:46:15 PM",,,"c:\users\mac_1\desktop\winevt\logs\microsoft-windows-wpd-mtpclassdriver%4operational.evtx","System.UInt32[]","System.Diagnostics.Eventing.Reader.EventBookmark","Information","Info","Driver Initialization","System.Collections.ObjectModel.ReadOnlyCollection`1[System.String]","System.Collections.Generic.List`1[System.Diagnostics.Eventing.Reader.EventProperty]"
"Driver has failed to start, HRESULT 0x8007001F.","1006","0",,"1","16","0","-9223372036854775808","73","Microsoft-Windows-WPD-MTPClassDriver","21b7c16e-c5af-4a69-a74a-7245481c1b97","Microsoft-Windows-WPD-MTPClassDriver/Operational","2220","3840","rjaf-PC4429","S-1-5-19","1/26/2014 12:46:13 PM",,,"c:\users\mac_1\desktop\winevt\logs\microsoft-windows-wpd-mtpclassdriver%4operational.evtx","System.UInt32[]","System.Diagnostics.Eventing.Reader.EventBookmark","Critical","Info","Driver Initialization","System.Collections.ObjectModel.ReadOnlyCollection`1[System.String]","System.Collections.Generic.List`1[System.Diagnostics.Eventing.Reader.EventProperty]"
"Device will enter the suspend state if idle for 30 seconds.","1001","0",,"4","16","0","-9223372036854775808","72","Microsoft-Windows-WPD-MTPClassDriver","21b7c16e-c5af-4a69-a74a-7245481c1b97","Microsoft-Windows-WPD-MTPClassDriver/Operational","2220","3840","rjaf-PC4429","S-1-5-19","1/26/2014 12:46:12 PM",,,"c:\users\mac_1\desktop\winevt\logs\microsoft-windows-wpd-mtpclassdriver%4operational.evtx","System.UInt32[]","System.Diagnostics.Eventing.Reader.EventBookmark","Information","Info","Driver Initialization","System.Collections.ObjectModel.ReadOnlyCollection`1[System.String]","System.Collections.Generic.List`1[System.Diagnostics.Eventing.Reader.EventProperty]"
"Device is entering the idle state (Idle state: 4; Return code: 0x0).","1002","0",,"4","32","0","-9223372036854775808","71","Microsoft-Windows-WPD-MTPClassDriver","21b7c16e-c5af-4a69-a74a-7245481c1b97","Microsoft-Windows-WPD-MTPClassDriver/Operational","3444","1516","rjaf-PC4429","S-1-5-19","1/26/2014 10:20:48 AM",,,"c:\users\mac_1\desktop\winevt\logs\microsoft-windows-wpd-mtpclassdriver%4operational.evtx","System.UInt32[]","System.Diagnostics.Eventing.Reader.EventBookmark","Information","Info","Driver Operation","System.Collections.ObjectModel.ReadOnlyCollection`1[System.String]","System.Collections.Generic.List`1[System.Diagnostics.Eventing.Reader.EventProperty]"
"Device is entering the idle state (Idle state: 4; Return code: 0x0).","1002","0",,"4","32","0","-9223372036854775808","70","Microsoft-Windows-WPD-MTPClassDriver","21b7c16e-c5af-4a69-a74a-7245481c1b97","Microsoft-Windows-WPD-MTPClassDriver/Operational","3200","2324","rjaf-PC4429","S-1-5-19","1/26/2014 8:26:53 AM",,,"c:\users\mac_1\desktop\winevt\logs\microsoft-windows-wpd-mtpclassdriver%4operational.evtx","System.UInt32[]","System.Diagnostics.Eventing.Reader.EventBookmark","Information","Info","Driver Operation","System.Collections.ObjectModel.ReadOnlyCollection`1[System.String]","System.Collections.Generic.List`1[System.Diagnostics.Eventing.Reader.EventProperty]"
"Device is resuming operation from idle state (Idle state: 4; Return code: 0x0).","1003","0",,"4","32","0","-9223372036854775808","69","Microsoft-Windows-WPD-MTPClassDriver","21b7c16e-c5af-4a69-a74a-7245481c1b97","Microsoft-Windows-WPD-MTPClassDriver/Operational","3444","1516","rjaf-PC4429","S-1-5-19","1/26/2014 8:25:52 AM",,,"c:\users\mac_1\desktop\winevt\logs\microsoft-windows-wpd-mtpclassdriver%4operational.evtx","System.UInt32[]","System.Diagnostics.Eventing.Reader.EventBookmark","Information","Info","Driver Operation","System.Collections.ObjectModel.ReadOnlyCollection`1[System.String]","System.Collections.Generic.List`1[System.Diagnostics.Eventing.Reader.EventProperty]"
"MTP Driver started successfully.","1000","0",,"4","16","0","-9223372036854775808","68","Microsoft-Windows-WPD-MTPClassDriver","21b7c16e-c5af-4a69-a74a-7245481c1b97","Microsoft-Windows-WPD-MTPClassDriver/Operational","3444","1516","rjaf-PC4429","S-1-5-19","1/26/2014 8:25:52 AM",,,"c:\users\mac_1\desktop\winevt\logs\microsoft-windows-wpd-mtpclassdriver%4operational.evtx","System.UInt32[]","System.Diagnostics.Eventing.Reader.EventBookmark","Information","Info","Driver Initialization","System.Collections.ObjectModel.ReadOnlyCollection`1[System.String]","System.Collections.Generic.List`1[System.Diagnostics.Eventing.Reader.EventProperty]"
"Device will enter the suspend state if idle for 30 seconds.","1001","0",,"4","16","0","-9223372036854775808","67","Microsoft-Windows-WPD-MTPClassDriver","21b7c16e-c5af-4a69-a74a-7245481c1b97","Microsoft-Windows-WPD-MTPClassDriver/Operational","3444","1516","rjaf-PC4429","S-1-5-19","1/26/2014 8:25:50 AM",,,"c:\users\mac_1\desktop\winevt\logs\microsoft-windows-wpd-mtpclassdriver%4operational.evtx","System.UInt32[]","System.Diagnostics.Eventing.Reader.EventBookmark","Information","Info","Driver Initialization","System.Collections.ObjectModel.ReadOnlyCollection`1[System.String]","System.Collections.Generic.List`1[System.Diagnostics.Eventing.Reader.EventProperty]"
"Device is resuming operation from idle state (Idle state: 4; Return code: 0x0).","1003","0",,"4","32","0","-9223372036854775808","66","Microsoft-Windows-WPD-MTPClassDriver","21b7c16e-c5af-4a69-a74a-7245481c1b97","Microsoft-Windows-WPD-MTPClassDriver/Operational","3200","2324","rjaf-PC4429","S-1-5-19","1/26/2014 8:16:43 AM",,,"c:\users\mac_1\desktop\winevt\logs\microsoft-windows-wpd-mtpclassdriver%4operational.evtx","System.UInt32[]","System.Diagnostics.Eventing.Reader.EventBookmark","Information","Info","Driver Operation","System.Collections.ObjectModel.ReadOnlyCollection`1[System.String]","System.Collections.Generic.List`1[System.Diagnostics.Eventing.Reader.EventProperty]"
"MTP Driver started successfully.","1000","0",,"4","16","0","-9223372036854775808","65","Microsoft-Windows-WPD-MTPClassDriver","21b7c16e-c5af-4a69-a74a-7245481c1b97","Microsoft-Windows-WPD-MTPClassDriver/Operational","3200","2324","rjaf-PC4429","S-1-5-19","1/26/2014 8:16:43 AM",,,"c:\users\mac_1\desktop\winevt\logs\microsoft-windows-wpd-mtpclassdriver%4operational.evtx","System.UInt32[]","System.Diagnostics.Eventing.Reader.EventBookmark","Information","Info","Driver Initialization","System.Collections.ObjectModel.ReadOnlyCollection`1[System.String]","System.Collections.Generic.List`1[System.Diagnostics.Eventing.Reader.EventProperty]"
"Device will enter the suspend state if idle for 30 seconds.","1001","0",,"4","16","0","-9223372036854775808","64","Microsoft-Windows-WPD-MTPClassDriver","21b7c16e-c5af-4a69-a74a-7245481c1b97","Microsoft-Windows-WPD-MTPClassDriver/Operational","3200","2324","rjaf-PC4429","S-1-5-19","1/26/2014 8:16:42 AM",,,"c:\users\mac_1\desktop\winevt\logs\microsoft-windows-wpd-mtpclassdriver%4operational.evtx","System.UInt32[]","System.Diagnostics.Eventing.Reader.EventBookmark","Information","Info","Driver Initialization","System.Collections.ObjectModel.ReadOnlyCollection`1[System.String]","System.Collections.Generic.List`1[System.Diagnostics.Eventing.Reader.EventProperty]"
"Device is entering the idle state (Idle state: 4; Return code: 0x0).","1002","0",,"4","32","0","-9223372036854775808","63","Microsoft-Windows-WPD-MTPClassDriver","21b7c16e-c5af-4a69-a74a-7245481c1b97","Microsoft-Windows-WPD-MTPClassDriver/Operational","2116","3948","rjaf-PC4429","S-1-5-19","1/26/2014 7:45:04 AM",,,"c:\users\mac_1\desktop\winevt\logs\microsoft-windows-wpd-mtpclassdriver%4operational.evtx","System.UInt32[]","System.Diagnostics.Eventing.Reader.EventBookmark","Information","Info","Driver Operation","System.Collections.ObjectModel.ReadOnlyCollection`1[System.String]","System.Collections.Generic.List`1[System.Diagnostics.Eventing.Reader.EventProperty]"
"Device is resuming operation from idle state (Idle state: 4; Return code: 0x0).","1003","0",,"4","32","0","-9223372036854775808","62","Microsoft-Windows-WPD-MTPClassDriver","21b7c16e-c5af-4a69-a74a-7245481c1b97","Microsoft-Windows-WPD-MTPClassDriver/Operational","2116","3948","rjaf-PC4429","S-1-5-19","1/26/2014 7:17:30 AM",,,"c:\users\mac_1\desktop\winevt\logs\microsoft-windows-wpd-mtpclassdriver%4operational.evtx","System.UInt32[]","System.Diagnostics.Eventing.Reader.EventBookmark","Information","Info","Driver Operation","System.Collections.ObjectModel.ReadOnlyCollection`1[System.String]","System.Collections.Generic.List`1[System.Diagnostics.Eventing.Reader.EventProperty]"
"MTP Driver started successfully.","1000","0",,"4","16","0","-9223372036854775808","61","Microsoft-Windows-WPD-MTPClassDriver","21b7c16e-c5af-4a69-a74a-7245481c1b97","Microsoft-Windows-WPD-MTPClassDriver/Operational","2116","3948","rjaf-PC4429","S-1-5-19","1/26/2014 7:17:30 AM",,,"c:\users\mac_1\desktop\winevt\logs\microsoft-windows-wpd-mtpclassdriver%4operational.evtx","System.UInt32[]","System.Diagnostics.Eventing.Reader.EventBookmark","Information","Info","Driver Initialization","System.Collections.ObjectModel.ReadOnlyCollection`1[System.String]","System.Collections.Generic.List`1[System.Diagnostics.Eventing.Reader.EventProperty]"
"Device will enter the suspend state if idle for 30 seconds.","1001","0",,"4","16","0","-9223372036854775808","60","Microsoft-Windows-WPD-MTPClassDriver","21b7c16e-c5af-4a69-a74a-7245481c1b97","Microsoft-Windows-WPD-MTPClassDriver/Operational","2116","3948","rjaf-PC4429","S-1-5-19","1/26/2014 7:17:30 AM",,,"c:\users\mac_1\desktop\winevt\logs\microsoft-windows-wpd-mtpclassdriver%4operational.evtx","System.UInt32[]","System.Diagnostics.Eventing.Reader.EventBookmark","Information","Info","Driver Initialization","System.Collections.ObjectModel.ReadOnlyCollection`1[System.String]","System.Collections.Generic.List`1[System.Diagnostics.Eventing.Reader.EventProperty]"
"Device is entering the idle state (Idle state: 4; Return code: 0x0).","1002","0",,"4","32","0","-9223372036854775808","59","Microsoft-Windows-WPD-MTPClassDriver","21b7c16e-c5af-4a69-a74a-7245481c1b97","Microsoft-Windows-WPD-MTPClassDriver/Operational","3340","4016","rjaf-PC4429","S-1-5-19","1/19/2014 12:37:52 AM",,,"c:\users\mac_1\desktop\winevt\logs\microsoft-windows-wpd-mtpclassdriver%4operational.evtx","System.UInt32[]","System.Diagnostics.Eventing.Reader.EventBookmark","Information","Info","Driver Operation","System.Collections.ObjectModel.ReadOnlyCollection`1[System.String]","System.Collections.Generic.List`1[System.Diagnostics.Eventing.Reader.EventProperty]"
"Device is resuming operation from idle state (Idle state: 4; Return code: 0x0).","1003","0",,"4","32","0","-9223372036854775808","58","Microsoft-Windows-WPD-MTPClassDriver","21b7c16e-c5af-4a69-a74a-7245481c1b97","Microsoft-Windows-WPD-MTPClassDriver/Operational","3340","4016","rjaf-PC4429","S-1-5-19","1/19/2014 12:36:37 AM",,,"c:\users\mac_1\desktop\winevt\logs\microsoft-windows-wpd-mtpclassdriver%4operational.evtx","System.UInt32[]","System.Diagnostics.Eventing.Reader.EventBookmark","Information","Info","Driver Operation","System.Collections.ObjectModel.ReadOnlyCollection`1[System.String]","System.Collections.Generic.List`1[System.Diagnostics.Eventing.Reader.EventProperty]"
"MTP Driver started successfully.","1000","0",,"4","16","0","-9223372036854775808","57","Microsoft-Windows-WPD-MTPClassDriver","21b7c16e-c5af-4a69-a74a-7245481c1b97","Microsoft-Windows-WPD-MTPClassDriver/Operational","3340","4016","rjaf-PC4429","S-1-5-19","1/19/2014 12:36:37 AM",,,"c:\users\mac_1\desktop\winevt\logs\microsoft-windows-wpd-mtpclassdriver%4operational.evtx","System.UInt32[]","System.Diagnostics.Eventing.Reader.EventBookmark","Information","Info","Driver Initialization","System.Collections.ObjectModel.ReadOnlyCollection`1[System.String]","System.Collections.Generic.List`1[System.Diagnostics.Eventing.Reader.EventProperty]"
"Device will enter the suspend state if idle for 30 seconds.","1001","0",,"4","16","0","-9223372036854775808","56","Microsoft-Windows-WPD-MTPClassDriver","21b7c16e-c5af-4a69-a74a-7245481c1b97","Microsoft-Windows-WPD-MTPClassDriver/Operational","3340","4016","rjaf-PC4429","S-1-5-19","1/19/2014 12:36:37 AM",,,"c:\users\mac_1\desktop\winevt\logs\microsoft-windows-wpd-mtpclassdriver%4operational.evtx","System.UInt32[]","System.Diagnostics.Eventing.Reader.EventBookmark","Information","Info","Driver Initialization","System.Collections.ObjectModel.ReadOnlyCollection`1[System.String]","System.Collections.Generic.List`1[System.Diagnostics.Eventing.Reader.EventProperty]"
"Device is entering the idle state (Idle state: 4; Return code: 0x0).","1002","0",,"4","32","0","-9223372036854775808","55","Microsoft-Windows-WPD-MTPClassDriver","21b7c16e-c5af-4a69-a74a-7245481c1b97","Microsoft-Windows-WPD-MTPClassDriver/Operational","2720","3684","rjaf-PC4429","S-1-5-19","1/19/2014 12:21:13 AM",,,"c:\users\mac_1\desktop\winevt\logs\microsoft-windows-wpd-mtpclassdriver%4operational.evtx","System.UInt32[]","System.Diagnostics.Eventing.Reader.EventBookmark","Information","Info","Driver Operation","System.Collections.ObjectModel.ReadOnlyCollection`1[System.String]","System.Collections.Generic.List`1[System.Diagnostics.Eventing.Reader.EventProperty]"
"Device is resuming operation from idle state (Idle state: 4; Return code: 0x0).","1003","0",,"4","32","0","-9223372036854775808","54","Microsoft-Windows-WPD-MTPClassDriver","21b7c16e-c5af-4a69-a74a-7245481c1b97","Microsoft-Windows-WPD-MTPClassDriver/Operational","2720","3684","rjaf-PC4429","S-1-5-19","1/19/2014 12:18:44 AM",,,"c:\users\mac_1\desktop\winevt\logs\microsoft-windows-wpd-mtpclassdriver%4operational.evtx","System.UInt32[]","System.Diagnostics.Eventing.Reader.EventBookmark","Information","Info","Driver Operation","System.Collections.ObjectModel.ReadOnlyCollection`1[System.String]","System.Collections.Generic.List`1[System.Diagnostics.Eventing.Reader.EventProperty]"
"MTP Driver started successfully.","1000","0",,"4","16","0","-9223372036854775808","53","Microsoft-Windows-WPD-MTPClassDriver","21b7c16e-c5af-4a69-a74a-7245481c1b97","Microsoft-Windows-WPD-MTPClassDriver/Operational","2720","3684","rjaf-PC4429","S-1-5-19","1/19/2014 12:18:44 AM",,,"c:\users\mac_1\desktop\winevt\logs\microsoft-windows-wpd-mtpclassdriver%4operational.evtx","System.UInt32[]","System.Diagnostics.Eventing.Reader.EventBookmark","Information","Info","Driver Initialization","System.Collections.ObjectModel.ReadOnlyCollection`1[System.String]","System.Collections.Generic.List`1[System.Diagnostics.Eventing.Reader.EventProperty]"
"Device will enter the suspend state if idle for 30 seconds.","1001","0",,"4","16","0","-9223372036854775808","52","Microsoft-Windows-WPD-MTPClassDriver","21b7c16e-c5af-4a69-a74a-7245481c1b97","Microsoft-Windows-WPD-MTPClassDriver/Operational","2720","3684","rjaf-PC4429","S-1-5-19","1/19/2014 12:18:44 AM",,,"c:\users\mac_1\desktop\winevt\logs\microsoft-windows-wpd-mtpclassdriver%4operational.evtx","System.UInt32[]","System.Diagnostics.Eventing.Reader.EventBookmark","Information","Info","Driver Initialization","System.Collections.ObjectModel.ReadOnlyCollection`1[System.String]","System.Collections.Generic.List`1[System.Diagnostics.Eventing.Reader.EventProperty]"
"Device is entering the idle state (Idle state: 4; Return code: 0x0).","1002","0",,"4","32","0","-9223372036854775808","51","Microsoft-Windows-WPD-MTPClassDriver","21b7c16e-c5af-4a69-a74a-7245481c1b97","Microsoft-Windows-WPD-MTPClassDriver/Operational","3288","3924","rjaf-PC4429","S-1-5-19","1/18/2014 1:19:57 AM",,,"c:\users\mac_1\desktop\winevt\logs\microsoft-windows-wpd-mtpclassdriver%4operational.evtx","System.UInt32[]","System.Diagnostics.Eventing.Reader.EventBookmark","Information","Info","Driver Operation","System.Collections.ObjectModel.ReadOnlyCollection`1[System.String]","System.Collections.Generic.List`1[System.Diagnostics.Eventing.Reader.EventProperty]"
"Device is resuming operation from idle state (Idle state: 4; Return code: 0x0).","1003","0",,"4","32","0","-9223372036854775808","50","Microsoft-Windows-WPD-MTPClassDriver","21b7c16e-c5af-4a69-a74a-7245481c1b97","Microsoft-Windows-WPD-MTPClassDriver/Operational","3288","3924","rjaf-PC4429","S-1-5-19","1/18/2014 1:19:13 AM",,,"c:\users\mac_1\desktop\winevt\logs\microsoft-windows-wpd-mtpclassdriver%4operational.evtx","System.UInt32[]","System.Diagnostics.Eventing.Reader.EventBookmark","Information","Info","Driver Operation","System.Collections.ObjectModel.ReadOnlyCollection`1[System.String]","System.Collections.Generic.List`1[System.Diagnostics.Eventing.Reader.EventProperty]"
"MTP Driver started successfully.","1000","0",,"4","16","0","-9223372036854775808","49","Microsoft-Windows-WPD-MTPClassDriver","21b7c16e-c5af-4a69-a74a-7245481c1b97","Microsoft-Windows-WPD-MTPClassDriver/Operational","3288","3924","rjaf-PC4429","S-1-5-19","1/18/2014 1:19:13 AM",,,"c:\users\mac_1\desktop\winevt\logs\microsoft-windows-wpd-mtpclassdriver%4operational.evtx","System.UInt32[]","System.Diagnostics.Eventing.Reader.EventBookmark","Information","Info","Driver Initialization","System.Collections.ObjectModel.ReadOnlyCollection`1[System.String]","System.Collections.Generic.List`1[System.Diagnostics.Eventing.Reader.EventProperty]"
"Device will enter the suspend state if idle for 30 seconds.","1001","0",,"4","16","0","-9223372036854775808","48","Microsoft-Windows-WPD-MTPClassDriver","21b7c16e-c5af-4a69-a74a-7245481c1b97","Microsoft-Windows-WPD-MTPClassDriver/Operational","3288","3924","rjaf-PC4429","S-1-5-19","1/18/2014 1:19:13 AM",,,"c:\users\mac_1\desktop\winevt\logs\microsoft-windows-wpd-mtpclassdriver%4operational.evtx","System.UInt32[]","System.Diagnostics.Eventing.Reader.EventBookmark","Information","Info","Driver Initialization","System.Collections.ObjectModel.ReadOnlyCollection`1[System.String]","System.Collections.Generic.List`1[System.Diagnostics.Eventing.Reader.EventProperty]"
"Device is entering the idle state (Idle state: 4; Return code: 0x0).","1002","0",,"4","32","0","-9223372036854775808","47","Microsoft-Windows-WPD-MTPClassDriver","21b7c16e-c5af-4a69-a74a-7245481c1b97","Microsoft-Windows-WPD-MTPClassDriver/Operational","2308","364","rjaf-PC4429","S-1-5-19","1/17/2014 10:14:53 AM",,,"c:\users\mac_1\desktop\winevt\logs\microsoft-windows-wpd-mtpclassdriver%4operational.evtx","System.UInt32[]","System.Diagnostics.Eventing.Reader.EventBookmark","Information","Info","Driver Operation","System.Collections.ObjectModel.ReadOnlyCollection`1[System.String]","System.Collections.Generic.List`1[System.Diagnostics.Eventing.Reader.EventProperty]"
"Device is resuming operation from idle state (Idle state: 4; Return code: 0x0).","1003","0",,"4","32","0","-9223372036854775808","46","Microsoft-Windows-WPD-MTPClassDriver","21b7c16e-c5af-4a69-a74a-7245481c1b97","Microsoft-Windows-WPD-MTPClassDriver/Operational","2308","364","rjaf-PC4429","S-1-5-19","1/17/2014 10:10:28 AM",,,"c:\users\mac_1\desktop\winevt\logs\microsoft-windows-wpd-mtpclassdriver%4operational.evtx","System.UInt32[]","System.Diagnostics.Eventing.Reader.EventBookmark","Information","Info","Driver Operation","System.Collections.ObjectModel.ReadOnlyCollection`1[System.String]","System.Collections.Generic.List`1[System.Diagnostics.Eventing.Reader.EventProperty]"
"MTP Driver started successfully.","1000","0",,"4","16","0","-9223372036854775808","45","Microsoft-Windows-WPD-MTPClassDriver","21b7c16e-c5af-4a69-a74a-7245481c1b97","Microsoft-Windows-WPD-MTPClassDriver/Operational","2308","364","rjaf-PC4429","S-1-5-19","1/17/2014 10:10:28 AM",,,"c:\users\mac_1\desktop\winevt\logs\microsoft-windows-wpd-mtpclassdriver%4operational.evtx","System.UInt32[]","System.Diagnostics.Eventing.Reader.EventBookmark","Information","Info","Driver Initialization","System.Collections.ObjectModel.ReadOnlyCollection`1[System.String]","System.Collections.Generic.List`1[System.Diagnostics.Eventing.Reader.EventProperty]"
"Device will enter the suspend state if idle for 30 seconds.","1001","0",,"4","16","0","-9223372036854775808","44","Microsoft-Windows-WPD-MTPClassDriver","21b7c16e-c5af-4a69-a74a-7245481c1b97","Microsoft-Windows-WPD-MTPClassDriver/Operational","2308","364","rjaf-PC4429","S-1-5-19","1/17/2014 10:10:28 AM",,,"c:\users\mac_1\desktop\winevt\logs\microsoft-windows-wpd-mtpclassdriver%4operational.evtx","System.UInt32[]","System.Diagnostics.Eventing.Reader.EventBookmark","Information","Info","Driver Initialization","System.Collections.ObjectModel.ReadOnlyCollection`1[System.String]","System.Collections.Generic.List`1[System.Diagnostics.Eventing.Reader.EventProperty]"
"Device will enter the suspend state if idle for 30 seconds.","1001","0",,"4","16","0","-9223372036854775808","43","Microsoft-Windows-WPD-MTPClassDriver","21b7c16e-c5af-4a69-a74a-7245481c1b97","Microsoft-Windows-WPD-MTPClassDriver/Operational","3660","3732","rjaf-PC4429","S-1-5-19","1/7/2014 1:51:37 AM",,,"c:\users\mac_1\desktop\winevt\logs\microsoft-windows-wpd-mtpclassdriver%4operational.evtx","System.UInt32[]","System.Diagnostics.Eventing.Reader.EventBookmark","Information","Info","Driver Initialization","System.Collections.ObjectModel.ReadOnlyCollection`1[System.String]","System.Collections.Generic.List`1[System.Diagnostics.Eventing.Reader.EventProperty]"
"Device is entering the idle state (Idle state: 4; Return code: 0x0).","1002","0",,"4","32","0","-9223372036854775808","42","Microsoft-Windows-WPD-MTPClassDriver","21b7c16e-c5af-4a69-a74a-7245481c1b97","Microsoft-Windows-WPD-MTPClassDriver/Operational","3880","116","rjaf-PC4429","S-1-5-19","1/7/2014 1:06:52 AM",,,"c:\users\mac_1\desktop\winevt\logs\microsoft-windows-wpd-mtpclassdriver%4operational.evtx","System.UInt32[]","System.Diagnostics.Eventing.Reader.EventBookmark","Information","Info","Driver Operation","System.Collections.ObjectModel.ReadOnlyCollection`1[System.String]","System.Collections.Generic.List`1[System.Diagnostics.Eventing.Reader.EventProperty]"
"Device is resuming operation from idle state (Idle state: 4; Return code: 0x0).","1003","0",,"4","32","0","-9223372036854775808","41","Microsoft-Windows-WPD-MTPClassDriver","21b7c16e-c5af-4a69-a74a-7245481c1b97","Microsoft-Windows-WPD-MTPClassDriver/Operational","3880","116","rjaf-PC4429","S-1-5-19","1/7/2014 12:49:39 AM",,,"c:\users\mac_1\desktop\winevt\logs\microsoft-windows-wpd-mtpclassdriver%4operational.evtx","System.UInt32[]","System.Diagnostics.Eventing.Reader.EventBookmark","Information","Info","Driver Operation","System.Collections.ObjectModel.ReadOnlyCollection`1[System.String]","System.Collections.Generic.List`1[System.Diagnostics.Eventing.Reader.EventProperty]"
"MTP Driver started successfully.","1000","0",,"4","16","0","-9223372036854775808","40","Microsoft-Windows-WPD-MTPClassDriver","21b7c16e-c5af-4a69-a74a-7245481c1b97","Microsoft-Windows-WPD-MTPClassDriver/Operational","3880","116","rjaf-PC4429","S-1-5-19","1/7/2014 12:49:39 AM",,,"c:\users\mac_1\desktop\winevt\logs\microsoft-windows-wpd-mtpclassdriver%4operational.evtx","System.UInt32[]","System.Diagnostics.Eventing.Reader.EventBookmark","Information","Info","Driver Initialization","System.Collections.ObjectModel.ReadOnlyCollection`1[System.String]","System.Collections.Generic.List`1[System.Diagnostics.Eventing.Reader.EventProperty]"
"Device will enter the suspend state if idle for 30 seconds.","1001","0",,"4","16","0","-9223372036854775808","39","Microsoft-Windows-WPD-MTPClassDriver","21b7c16e-c5af-4a69-a74a-7245481c1b97","Microsoft-Windows-WPD-MTPClassDriver/Operational","3880","116","rjaf-PC4429","S-1-5-19","1/7/2014 12:49:39 AM",,,"c:\users\mac_1\desktop\winevt\logs\microsoft-windows-wpd-mtpclassdriver%4operational.evtx","System.UInt32[]","System.Diagnostics.Eventing.Reader.EventBookmark","Information","Info","Driver Initialization","System.Collections.ObjectModel.ReadOnlyCollection`1[System.String]","System.Collections.Generic.List`1[System.Diagnostics.Eventing.Reader.EventProperty]"
"Device is entering the idle state (Idle state: 4; Return code: 0x0).","1002","0",,"4","32","0","-9223372036854775808","38","Microsoft-Windows-WPD-MTPClassDriver","21b7c16e-c5af-4a69-a74a-7245481c1b97","Microsoft-Windows-WPD-MTPClassDriver/Operational","3480","1668","rjaf-PC4429","S-1-5-19","1/6/2014 10:07:05 PM",,,"c:\users\mac_1\desktop\winevt\logs\microsoft-windows-wpd-mtpclassdriver%4operational.evtx","System.UInt32[]","System.Diagnostics.Eventing.Reader.EventBookmark","Information","Info","Driver Operation","System.Collections.ObjectModel.ReadOnlyCollection`1[System.String]","System.Collections.Generic.List`1[System.Diagnostics.Eventing.Reader.EventProperty]"
"Device is resuming operation from idle state (Idle state: 4; Return code: 0x0).","1003","0",,"4","32","0","-9223372036854775808","37","Microsoft-Windows-WPD-MTPClassDriver","21b7c16e-c5af-4a69-a74a-7245481c1b97","Microsoft-Windows-WPD-MTPClassDriver/Operational","3480","1668","rjaf-PC4429","S-1-5-19","1/6/2014 10:02:53 PM",,,"c:\users\mac_1\desktop\winevt\logs\microsoft-windows-wpd-mtpclassdriver%4operational.evtx","System.UInt32[]","System.Diagnostics.Eventing.Reader.EventBookmark","Information","Info","Driver Operation","System.Collections.ObjectModel.ReadOnlyCollection`1[System.String]","System.Collections.Generic.List`1[System.Diagnostics.Eventing.Reader.EventProperty]"
"MTP Driver started successfully.","1000","0",,"4","16","0","-9223372036854775808","36","Microsoft-Windows-WPD-MTPClassDriver","21b7c16e-c5af-4a69-a74a-7245481c1b97","Microsoft-Windows-WPD-MTPClassDriver/Operational","3480","1668","rjaf-PC4429","S-1-5-19","1/6/2014 10:02:53 PM",,,"c:\users\mac_1\desktop\winevt\logs\microsoft-windows-wpd-mtpclassdriver%4operational.evtx","System.UInt32[]","System.Diagnostics.Eventing.Reader.EventBookmark","Information","Info","Driver Initialization","System.Collections.ObjectModel.ReadOnlyCollection`1[System.String]","System.Collections.Generic.List`1[System.Diagnostics.Eventing.Reader.EventProperty]"
"Device will enter the suspend state if idle for 30 seconds.","1001","0",,"4","16","0","-9223372036854775808","35","Microsoft-Windows-WPD-MTPClassDriver","21b7c16e-c5af-4a69-a74a-7245481c1b97","Microsoft-Windows-WPD-MTPClassDriver/Operational","3480","1668","rjaf-PC4429","S-1-5-19","1/6/2014 10:02:53 PM",,,"c:\users\mac_1\desktop\winevt\logs\microsoft-windows-wpd-mtpclassdriver%4operational.evtx","System.UInt32[]","System.Diagnostics.Eventing.Reader.EventBookmark","Information","Info","Driver Initialization","System.Collections.ObjectModel.ReadOnlyCollection`1[System.String]","System.Collections.Generic.List`1[System.Diagnostics.Eventing.Reader.EventProperty]"
"Device is entering the idle state (Idle state: 4; Return code: 0x0).","1002","0",,"4","32","0","-9223372036854775808","34","Microsoft-Windows-WPD-MTPClassDriver","21b7c16e-c5af-4a69-a74a-7245481c1b97","Microsoft-Windows-WPD-MTPClassDriver/Operational","1796","3844","rjaf-PC4429","S-1-5-19","1/6/2014 10:01:45 PM",,,"c:\users\mac_1\desktop\winevt\logs\microsoft-windows-wpd-mtpclassdriver%4operational.evtx","System.UInt32[]","System.Diagnostics.Eventing.Reader.EventBookmark","Information","Info","Driver Operation","System.Collections.ObjectModel.ReadOnlyCollection`1[System.String]","System.Collections.Generic.List`1[System.Diagnostics.Eventing.Reader.EventProperty]"
"Device is resuming operation from idle state (Idle state: 4; Return code: 0x0).","1003","0",,"4","32","0","-9223372036854775808","33","Microsoft-Windows-WPD-MTPClassDriver","21b7c16e-c5af-4a69-a74a-7245481c1b97","Microsoft-Windows-WPD-MTPClassDriver/Operational","1796","3844","rjaf-PC4429","S-1-5-19","1/6/2014 9:46:35 PM",,,"c:\users\mac_1\desktop\winevt\logs\microsoft-windows-wpd-mtpclassdriver%4operational.evtx","System.UInt32[]","System.Diagnostics.Eventing.Reader.EventBookmark","Information","Info","Driver Operation","System.Collections.ObjectModel.ReadOnlyCollection`1[System.String]","System.Collections.Generic.List`1[System.Diagnostics.Eventing.Reader.EventProperty]"
"MTP Driver started successfully.","1000","0",,"4","16","0","-9223372036854775808","32","Microsoft-Windows-WPD-MTPClassDriver","21b7c16e-c5af-4a69-a74a-7245481c1b97","Microsoft-Windows-WPD-MTPClassDriver/Operational","1796","3844","rjaf-PC4429","S-1-5-19","1/6/2014 9:46:35 PM",,,"c:\users\mac_1\desktop\winevt\logs\microsoft-windows-wpd-mtpclassdriver%4operational.evtx","System.UInt32[]","System.Diagnostics.Eventing.Reader.EventBookmark","Information","Info","Driver Initialization","System.Collections.ObjectModel.ReadOnlyCollection`1[System.String]","System.Collections.Generic.List`1[System.Diagnostics.Eventing.Reader.EventProperty]"
"Device will enter the suspend state if idle for 30 seconds.","1001","0",,"4","16","0","-9223372036854775808","31","Microsoft-Windows-WPD-MTPClassDriver","21b7c16e-c5af-4a69-a74a-7245481c1b97","Microsoft-Windows-WPD-MTPClassDriver/Operational","1796","3844","rjaf-PC4429","S-1-5-19","1/6/2014 9:46:35 PM",,,"c:\users\mac_1\desktop\winevt\logs\microsoft-windows-wpd-mtpclassdriver%4operational.evtx","System.UInt32[]","System.Diagnostics.Eventing.Reader.EventBookmark","Information","Info","Driver Initialization","System.Collections.ObjectModel.ReadOnlyCollection`1[System.String]","System.Collections.Generic.List`1[System.Diagnostics.Eventing.Reader.EventProperty]"
"Device is entering the idle state (Idle state: 4; Return code: 0x0).","1002","0",,"4","32","0","-9223372036854775808","30","Microsoft-Windows-WPD-MTPClassDriver","21b7c16e-c5af-4a69-a74a-7245481c1b97","Microsoft-Windows-WPD-MTPClassDriver/Operational","3500","748","rjaf-PC4429","S-1-5-19","1/6/2014 9:46:33 PM",,,"c:\users\mac_1\desktop\winevt\logs\microsoft-windows-wpd-mtpclassdriver%4operational.evtx","System.UInt32[]","System.Diagnostics.Eventing.Reader.EventBookmark","Information","Info","Driver Operation","System.Collections.ObjectModel.ReadOnlyCollection`1[System.String]","System.Collections.Generic.List`1[System.Diagnostics.Eventing.Reader.EventProperty]"
