"Windows has started up: 
     Boot Duration		:	32742ms
     IsDegradation		:	false
     Incident Time (UTC)	:	?2015?-?04?-?22T17:28:58.578000100Z","100","2",,"3","4002","34","-9223372036854710272","2509","Microsoft-Windows-Diagnostics-Performance","cfc18ec0-96b1-4eba-961b-622caee05b0a","Microsoft-Windows-Diagnostics-Performance/Operational","1328","1524","rjaf-PC4429","S-1-5-19","4/22/2015 10:30:49 AM","85f03c9c-f89b-0003-279b-e4d0217dd001",,"c:\users\mac_1\desktop\winevt\logs\microsoft-windows-diagnostics-performance%4operational.evtx","System.UInt32[]","System.Diagnostics.Eventing.Reader.EventBookmark","Warning","Boot Information","Boot Performance Monitoring","System.Collections.ObjectModel.ReadOnlyCollection`1[System.String]","System.Collections.Generic.List`1[System.Diagnostics.Eventing.Reader.EventProperty]"
"Windows has resumed from standby: 
     Standby Duration		:	5822ms
     Standby Incident Time (UTC)	:	?2015?-?04?-?22T05:40:00.888955600Z
     Resume  Duration		:	1234ms
     Resume  Incident Time (UTC)	:	?2015?-?04?-?22T12:06:29.209413300Z
     IsDegradation			:	false","300","1",,"3","4003","36","-9223372036854710272","2508","Microsoft-Windows-Diagnostics-Performance","cfc18ec0-96b1-4eba-961b-622caee05b0a","Microsoft-Windows-Diagnostics-Performance/Operational","1336","1208","rjaf-PC4429","S-1-5-19","4/22/2015 5:06:51 AM","85f03c9c-e89b-0003-6025-1851d47ad001",,"c:\users\mac_1\desktop\winevt\logs\microsoft-windows-diagnostics-performance%4operational.evtx","System.UInt32[]","System.Diagnostics.Eventing.Reader.EventBookmark","Warning","Standby Information","Standby Performance Monitoring","System.Collections.ObjectModel.ReadOnlyCollection`1[System.String]","System.Collections.Generic.List`1[System.Diagnostics.Eventing.Reader.EventProperty]"
"Windows has resumed from standby: 
     Standby Duration		:	8459ms
     Standby Incident Time (UTC)	:	?2015?-?04?-?22T00:31:32.667811100Z
     Resume  Duration		:	1231ms
     Resume  Incident Time (UTC)	:	?2015?-?04?-?22T05:38:02.398703500Z
     IsDegradation			:	false","300","1",,"3","4003","36","-9223372036854710272","2507","Microsoft-Windows-Diagnostics-Performance","cfc18ec0-96b1-4eba-961b-622caee05b0a","Microsoft-Windows-Diagnostics-Performance/Operational","1336","3212","rjaf-PC4429","S-1-5-19","4/21/2015 10:38:22 PM","85f02a9c-e89b-0001-e122-1851d47ad001",,"c:\users\mac_1\desktop\winevt\logs\microsoft-windows-diagnostics-performance%4operational.evtx","System.UInt32[]","System.Diagnostics.Eventing.Reader.EventBookmark","Warning","Standby Information","Standby Performance Monitoring","System.Collections.ObjectModel.ReadOnlyCollection`1[System.String]","System.Collections.Generic.List`1[System.Diagnostics.Eventing.Reader.EventProperty]"
"Windows has resumed from standby: 
     Standby Duration		:	6458ms
     Standby Incident Time (UTC)	:	?2015?-?04?-?21T14:46:19.226246000Z
     Resume  Duration		:	1231ms
     Resume  Incident Time (UTC)	:	?2015?-?04?-?21T17:30:39.804110100Z
     IsDegradation			:	false","300","1",,"3","4003","36","-9223372036854710272","2506","Microsoft-Windows-Diagnostics-Performance","cfc18ec0-96b1-4eba-961b-622caee05b0a","Microsoft-Windows-Diagnostics-Performance/Operational","1336","3220","rjaf-PC4429","S-1-5-19","4/21/2015 10:30:58 AM","85f03c9c-e89b-0003-8d24-1851d47ad001",,"c:\users\mac_1\desktop\winevt\logs\microsoft-windows-diagnostics-performance%4operational.evtx","System.UInt32[]","System.Diagnostics.Eventing.Reader.EventBookmark","Warning","Standby Information","Standby Performance Monitoring","System.Collections.ObjectModel.ReadOnlyCollection`1[System.String]","System.Collections.Generic.List`1[System.Diagnostics.Eventing.Reader.EventProperty]"
"This driver caused a delay during standby while servicing a device:
     Driver File Name		:	\Driver\Disk
     Driver Friendly Name		:	PnP Disk Driver
     Driver Version			:	6.1.7600.16385 (win7_rtm.090713-1255)
     Driver Total Time		:	33ms
     Driver Degradation Time	:	21ms
     Incident Time (UTC)		:	?2015?-?04?-?21T11:58:49.519980600Z
     Device Name			:	SCSI\Disk&Ven_WDC&Prod_WD5000AAKX-22ERM\4&68979c&0&000000
     Device Friendly Name		:	Disk drive
     Device Total Time		:	33ms
     Device Degradation Time	:	0ms","302","1",,"3","4003","35","-9223372036854710272","2505","Microsoft-Windows-Diagnostics-Performance","cfc18ec0-96b1-4eba-961b-622caee05b0a","Microsoft-Windows-Diagnostics-Performance/Operational","1336","3252","rjaf-PC4429","S-1-5-19","4/21/2015 4:59:23 AM","85f02a9c-e89b-0001-bd22-1851d47ad001",,"c:\users\mac_1\desktop\winevt\logs\microsoft-windows-diagnostics-performance%4operational.evtx","System.UInt32[]","System.Diagnostics.Eventing.Reader.EventBookmark","Warning","Standby Degradation","Standby Performance Monitoring","System.Collections.ObjectModel.ReadOnlyCollection`1[System.String]","System.Collections.Generic.List`1[System.Diagnostics.Eventing.Reader.EventProperty]"
"Windows has resumed from standby: 
     Standby Duration		:	6549ms
     Standby Incident Time (UTC)	:	?2015?-?04?-?21T11:58:49.519980600Z
     Resume  Duration		:	1219ms
     Resume  Incident Time (UTC)	:	?2015?-?04?-?21T11:59:06.999382900Z
     IsDegradation			:	false","300","1",,"3","4003","36","-9223372036854710272","2504","Microsoft-Windows-Diagnostics-Performance","cfc18ec0-96b1-4eba-961b-622caee05b0a","Microsoft-Windows-Diagnostics-Performance/Operational","1336","3252","rjaf-PC4429","S-1-5-19","4/21/2015 4:59:23 AM","85f02a9c-e89b-0001-bd22-1851d47ad001",,"c:\users\mac_1\desktop\winevt\logs\microsoft-windows-diagnostics-performance%4operational.evtx","System.UInt32[]","System.Diagnostics.Eventing.Reader.EventBookmark","Warning","Standby Information","Standby Performance Monitoring","System.Collections.ObjectModel.ReadOnlyCollection`1[System.String]","System.Collections.Generic.List`1[System.Diagnostics.Eventing.Reader.EventProperty]"
"Windows has resumed from standby: 
     Standby Duration		:	7714ms
     Standby Incident Time (UTC)	:	?2015?-?04?-?20T22:27:37.574271200Z
     Resume  Duration		:	1248ms
     Resume  Incident Time (UTC)	:	?2015?-?04?-?21T05:48:18.598605700Z
     IsDegradation			:	false","300","1",,"3","4003","36","-9223372036854710272","2503","Microsoft-Windows-Diagnostics-Performance","cfc18ec0-96b1-4eba-961b-622caee05b0a","Microsoft-Windows-Diagnostics-Performance/Operational","1336","324","rjaf-PC4429","S-1-5-19","4/20/2015 10:48:34 PM","85f03364-e89b-0002-c722-1851d47ad001",,"c:\users\mac_1\desktop\winevt\logs\microsoft-windows-diagnostics-performance%4operational.evtx","System.UInt32[]","System.Diagnostics.Eventing.Reader.EventBookmark","Warning","Standby Information","Standby Performance Monitoring","System.Collections.ObjectModel.ReadOnlyCollection`1[System.String]","System.Collections.Generic.List`1[System.Diagnostics.Eventing.Reader.EventProperty]"
"This driver caused a delay during standby while servicing a device:
     Driver File Name		:	\Driver\HidUsb
     Driver Friendly Name		:	USB Miniport Driver for Input Devices
     Driver Version			:	6.1.7600.16385 (win7_rtm.090713-1255)
     Driver Total Time		:	27ms
     Driver Degradation Time	:	12ms
     Incident Time (UTC)		:	?2015?-?04?-?20T13:29:53.981331100Z
     Device Name			:	USB\VID_15D9&PID_0A4F\6&2bf858fa&0&2
     Device Friendly Name		:	USB Input Device
     Device Total Time		:	27ms
     Device Degradation Time	:	0ms","302","1",,"3","4003","35","-9223372036854710272","2502","Microsoft-Windows-Diagnostics-Performance","cfc18ec0-96b1-4eba-961b-622caee05b0a","Microsoft-Windows-Diagnostics-Performance/Operational","1336","2352","rjaf-PC4429","S-1-5-19","4/20/2015 8:44:35 AM","85f03c9c-e89b-0003-ca22-1851d47ad001",,"c:\users\mac_1\desktop\winevt\logs\microsoft-windows-diagnostics-performance%4operational.evtx","System.UInt32[]","System.Diagnostics.Eventing.Reader.EventBookmark","Warning","Standby Degradation","Standby Performance Monitoring","System.Collections.ObjectModel.ReadOnlyCollection`1[System.String]","System.Collections.Generic.List`1[System.Diagnostics.Eventing.Reader.EventProperty]"
"This driver caused a delay during standby while servicing a device:
     Driver File Name		:	\Driver\HidUsb
     Driver Friendly Name		:	USB Miniport Driver for Input Devices
     Driver Version			:	6.1.7600.16385 (win7_rtm.090713-1255)
     Driver Total Time		:	27ms
     Driver Degradation Time	:	12ms
     Incident Time (UTC)		:	?2015?-?04?-?20T13:29:53.981331100Z
     Device Name			:	USB\VID_04F3&PID_0103&MI_00\7&130c8316&0&0000
     Device Friendly Name		:	USB Input Device
     Device Total Time		:	27ms
     Device Degradation Time	:	0ms","302","1",,"3","4003","35","-9223372036854710272","2501","Microsoft-Windows-Diagnostics-Performance","cfc18ec0-96b1-4eba-961b-622caee05b0a","Microsoft-Windows-Diagnostics-Performance/Operational","1336","2352","rjaf-PC4429","S-1-5-19","4/20/2015 8:44:35 AM","85f03c9c-e89b-0003-ca22-1851d47ad001",,"c:\users\mac_1\desktop\winevt\logs\microsoft-windows-diagnostics-performance%4operational.evtx","System.UInt32[]","System.Diagnostics.Eventing.Reader.EventBookmark","Warning","Standby Degradation","Standby Performance Monitoring","System.Collections.ObjectModel.ReadOnlyCollection`1[System.String]","System.Collections.Generic.List`1[System.Diagnostics.Eventing.Reader.EventProperty]"
"This driver caused a delay during standby while servicing a device:
     Driver File Name		:	\Driver\HidUsb
     Driver Friendly Name		:	USB Miniport Driver for Input Devices
     Driver Version			:	6.1.7600.16385 (win7_rtm.090713-1255)
     Driver Total Time		:	27ms
     Driver Degradation Time	:	11ms
     Incident Time (UTC)		:	?2015?-?04?-?20T13:29:53.981331100Z
     Device Name			:	USB\VID_04F3&PID_0103&MI_01\7&130c8316&0&0001
     Device Friendly Name		:	USB Input Device
     Device Total Time		:	27ms
     Device Degradation Time	:	0ms","302","1",,"3","4003","35","-9223372036854710272","2500","Microsoft-Windows-Diagnostics-Performance","cfc18ec0-96b1-4eba-961b-622caee05b0a","Microsoft-Windows-Diagnostics-Performance/Operational","1336","2352","rjaf-PC4429","S-1-5-19","4/20/2015 8:44:35 AM","85f03c9c-e89b-0003-ca22-1851d47ad001",,"c:\users\mac_1\desktop\winevt\logs\microsoft-windows-diagnostics-performance%4operational.evtx","System.UInt32[]","System.Diagnostics.Eventing.Reader.EventBookmark","Warning","Standby Degradation","Standby Performance Monitoring","System.Collections.ObjectModel.ReadOnlyCollection`1[System.String]","System.Collections.Generic.List`1[System.Diagnostics.Eventing.Reader.EventProperty]"
"This driver caused a delay during standby while servicing a device:
     Driver File Name		:	\Driver\HdAudAddService
     Driver Friendly Name		:	High Definition Audio Function Driver
     Driver Version			:	6.1.7600.16385 (win7_rtm.090713-1255)
     Driver Total Time		:	27ms
     Driver Degradation Time	:	9ms
     Incident Time (UTC)		:	?2015?-?04?-?20T13:29:53.981331100Z
     Device Name			:	HDAUDIO\FUNC_01&VEN_10EC&DEV_0662&SUBSYS_8086204E&REV_1001\4&21abbdd3&0&0001
     Device Friendly Name		:	High Definition Audio Device
     Device Total Time		:	27ms
     Device Degradation Time	:	0ms","302","1",,"3","4003","35","-9223372036854710272","2499","Microsoft-Windows-Diagnostics-Performance","cfc18ec0-96b1-4eba-961b-622caee05b0a","Microsoft-Windows-Diagnostics-Performance/Operational","1336","2352","rjaf-PC4429","S-1-5-19","4/20/2015 8:44:35 AM","85f03c9c-e89b-0003-ca22-1851d47ad001",,"c:\users\mac_1\desktop\winevt\logs\microsoft-windows-diagnostics-performance%4operational.evtx","System.UInt32[]","System.Diagnostics.Eventing.Reader.EventBookmark","Warning","Standby Degradation","Standby Performance Monitoring","System.Collections.ObjectModel.ReadOnlyCollection`1[System.String]","System.Collections.Generic.List`1[System.Diagnostics.Eventing.Reader.EventProperty]"
"Windows has resumed from standby: 
     Standby Duration		:	6693ms
     Standby Incident Time (UTC)	:	?2015?-?04?-?20T13:29:53.981331100Z
     Resume  Duration		:	1179ms
     Resume  Incident Time (UTC)	:	?2015?-?04?-?20T15:44:21.723918500Z
     IsDegradation			:	false","300","1",,"3","4003","36","-9223372036854710272","2498","Microsoft-Windows-Diagnostics-Performance","cfc18ec0-96b1-4eba-961b-622caee05b0a","Microsoft-Windows-Diagnostics-Performance/Operational","1336","2352","rjaf-PC4429","S-1-5-19","4/20/2015 8:44:35 AM","85f03c9c-e89b-0003-ca22-1851d47ad001",,"c:\users\mac_1\desktop\winevt\logs\microsoft-windows-diagnostics-performance%4operational.evtx","System.UInt32[]","System.Diagnostics.Eventing.Reader.EventBookmark","Warning","Standby Information","Standby Performance Monitoring","System.Collections.ObjectModel.ReadOnlyCollection`1[System.String]","System.Collections.Generic.List`1[System.Diagnostics.Eventing.Reader.EventProperty]"
"Windows has resumed from standby: 
     Standby Duration		:	6425ms
     Standby Incident Time (UTC)	:	?2015?-?04?-?20T12:22:39.170442700Z
     Resume  Duration		:	1237ms
     Resume  Incident Time (UTC)	:	?2015?-?04?-?20T12:35:51.565443900Z
     IsDegradation			:	false","300","1",,"3","4003","36","-9223372036854710272","2497","Microsoft-Windows-Diagnostics-Performance","cfc18ec0-96b1-4eba-961b-622caee05b0a","Microsoft-Windows-Diagnostics-Performance/Operational","1336","1236","rjaf-PC4429","S-1-5-19","4/20/2015 5:36:03 AM","85f03364-e89b-0002-9c22-1851d47ad001",,"c:\users\mac_1\desktop\winevt\logs\microsoft-windows-diagnostics-performance%4operational.evtx","System.UInt32[]","System.Diagnostics.Eventing.Reader.EventBookmark","Warning","Standby Information","Standby Performance Monitoring","System.Collections.ObjectModel.ReadOnlyCollection`1[System.String]","System.Collections.Generic.List`1[System.Diagnostics.Eventing.Reader.EventProperty]"
"This driver caused a delay during standby while servicing a device:
     Driver File Name		:	\Driver\usbehci
     Driver Friendly Name		:	EHCI eUSB Miniport Driver
     Driver Version			:	6.1.7600.16788 (win7_gdr.110324-1506)
     Driver Total Time		:	185ms
     Driver Degradation Time	:	93ms
     Incident Time (UTC)		:	?2015?-?04?-?20T10:15:39.718727200Z
     Device Name			:	USB\ROOT_HUB20\4&f96d45&0
     Device Friendly Name		:	USB Root Hub
     Device Total Time		:	185ms
     Device Degradation Time	:	93ms","302","1",,"3","4003","35","-9223372036854710272","2496","Microsoft-Windows-Diagnostics-Performance","cfc18ec0-96b1-4eba-961b-622caee05b0a","Microsoft-Windows-Diagnostics-Performance/Operational","1336","1220","rjaf-PC4429","S-1-5-19","4/20/2015 4:38:25 AM","85f02a9c-e89b-0001-8b22-1851d47ad001",,"c:\users\mac_1\desktop\winevt\logs\microsoft-windows-diagnostics-performance%4operational.evtx","System.UInt32[]","System.Diagnostics.Eventing.Reader.EventBookmark","Warning","Standby Degradation","Standby Performance Monitoring","System.Collections.ObjectModel.ReadOnlyCollection`1[System.String]","System.Collections.Generic.List`1[System.Diagnostics.Eventing.Reader.EventProperty]"
"Windows has resumed from standby: 
     Standby Duration		:	8039ms
     Standby Incident Time (UTC)	:	?2015?-?04?-?20T10:15:39.718727200Z
     Resume  Duration		:	1237ms
     Resume  Incident Time (UTC)	:	?2015?-?04?-?20T11:38:13.719152700Z
     IsDegradation			:	false","300","1",,"3","4003","36","-9223372036854710272","2495","Microsoft-Windows-Diagnostics-Performance","cfc18ec0-96b1-4eba-961b-622caee05b0a","Microsoft-Windows-Diagnostics-Performance/Operational","1336","1220","rjaf-PC4429","S-1-5-19","4/20/2015 4:38:25 AM","85f02a9c-e89b-0001-8b22-1851d47ad001",,"c:\users\mac_1\desktop\winevt\logs\microsoft-windows-diagnostics-performance%4operational.evtx","System.UInt32[]","System.Diagnostics.Eventing.Reader.EventBookmark","Warning","Standby Information","Standby Performance Monitoring","System.Collections.ObjectModel.ReadOnlyCollection`1[System.String]","System.Collections.Generic.List`1[System.Diagnostics.Eventing.Reader.EventProperty]"
"This driver responded slower than expected to the resume request while servicing this device: 
     Driver File Name		:	\Driver\pci
     Driver Friendly Name		:	NT Plug and Play PCI Enumerator
     Driver Version			:	6.1.7600.16385 (win7_rtm.090713-1255)
     Driver Total Time		:	21ms
     Driver Degradation Time	:	7ms
     Incident Time (UTC)		:	?2015?-?04?-?20T09:15:33.293492500Z
     Device Name			:	PCI\VEN_8086&DEV_1C3A&SUBSYS_204E8086&REV_04\3&11583659&0&B0
     Device Friendly Name		:	Intel(R) Management Engine Interface 
     Device Total Time		:	21ms
     Device Degradation Time	:	0ms","351","1",,"3","4003","35","-9223372036854710272","2494","Microsoft-Windows-Diagnostics-Performance","cfc18ec0-96b1-4eba-961b-622caee05b0a","Microsoft-Windows-Diagnostics-Performance/Operational","1336","3228","rjaf-PC4429","S-1-5-19","4/20/2015 2:15:45 AM","85f03364-e89b-0002-8e22-1851d47ad001",,"c:\users\mac_1\desktop\winevt\logs\microsoft-windows-diagnostics-performance%4operational.evtx","System.UInt32[]","System.Diagnostics.Eventing.Reader.EventBookmark","Warning","Standby Degradation","Standby Performance Monitoring","System.Collections.ObjectModel.ReadOnlyCollection`1[System.String]","System.Collections.Generic.List`1[System.Diagnostics.Eventing.Reader.EventProperty]"
"This driver caused a delay during standby while servicing a device:
     Driver File Name		:	\Driver\usbehci
     Driver Friendly Name		:	EHCI eUSB Miniport Driver
     Driver Version			:	6.1.7600.16788 (win7_gdr.110324-1506)
     Driver Total Time		:	185ms
     Driver Degradation Time	:	130ms
     Incident Time (UTC)		:	?2015?-?04?-?20T08:38:10.044433100Z
     Device Name			:	USB\ROOT_HUB20\4&f96d45&0
     Device Friendly Name		:	USB Root Hub
     Device Total Time		:	185ms
     Device Degradation Time	:	130ms","302","1",,"3","4003","35","-9223372036854710272","2493","Microsoft-Windows-Diagnostics-Performance","cfc18ec0-96b1-4eba-961b-622caee05b0a","Microsoft-Windows-Diagnostics-Performance/Operational","1336","3228","rjaf-PC4429","S-1-5-19","4/20/2015 2:15:45 AM","85f03364-e89b-0002-8e22-1851d47ad001",,"c:\users\mac_1\desktop\winevt\logs\microsoft-windows-diagnostics-performance%4operational.evtx","System.UInt32[]","System.Diagnostics.Eventing.Reader.EventBookmark","Warning","Standby Degradation","Standby Performance Monitoring","System.Collections.ObjectModel.ReadOnlyCollection`1[System.String]","System.Collections.Generic.List`1[System.Diagnostics.Eventing.Reader.EventProperty]"
"Windows has resumed from standby: 
     Standby Duration		:	6120ms
     Standby Incident Time (UTC)	:	?2015?-?04?-?20T08:38:10.044433100Z
     Resume  Duration		:	1253ms
     Resume  Incident Time (UTC)	:	?2015?-?04?-?20T09:15:33.293492500Z
     IsDegradation			:	false","300","1",,"3","4003","36","-9223372036854710272","2492","Microsoft-Windows-Diagnostics-Performance","cfc18ec0-96b1-4eba-961b-622caee05b0a","Microsoft-Windows-Diagnostics-Performance/Operational","1336","3228","rjaf-PC4429","S-1-5-19","4/20/2015 2:15:45 AM","85f03364-e89b-0002-8e22-1851d47ad001",,"c:\users\mac_1\desktop\winevt\logs\microsoft-windows-diagnostics-performance%4operational.evtx","System.UInt32[]","System.Diagnostics.Eventing.Reader.EventBookmark","Warning","Standby Information","Standby Performance Monitoring","System.Collections.ObjectModel.ReadOnlyCollection`1[System.String]","System.Collections.Generic.List`1[System.Diagnostics.Eventing.Reader.EventProperty]"
"Windows has resumed from standby: 
     Standby Duration		:	6008ms
     Standby Incident Time (UTC)	:	?2015?-?04?-?19T22:00:58.506473500Z
     Resume  Duration		:	1234ms
     Resume  Incident Time (UTC)	:	?2015?-?04?-?20T08:07:18.566818100Z
     IsDegradation			:	false","300","1",,"3","4003","36","-9223372036854710272","2491","Microsoft-Windows-Diagnostics-Performance","cfc18ec0-96b1-4eba-961b-622caee05b0a","Microsoft-Windows-Diagnostics-Performance/Operational","1336","2784","rjaf-PC4429","S-1-5-19","4/20/2015 1:07:30 AM","85f03c9c-e89b-0003-9d22-1851d47ad001",,"c:\users\mac_1\desktop\winevt\logs\microsoft-windows-diagnostics-performance%4operational.evtx","System.UInt32[]","System.Diagnostics.Eventing.Reader.EventBookmark","Warning","Standby Information","Standby Performance Monitoring","System.Collections.ObjectModel.ReadOnlyCollection`1[System.String]","System.Collections.Generic.List`1[System.Diagnostics.Eventing.Reader.EventProperty]"
"Windows has resumed from standby: 
     Standby Duration		:	6483ms
     Standby Incident Time (UTC)	:	?2015?-?04?-?19T20:31:28.795991100Z
     Resume  Duration		:	1243ms
     Resume  Incident Time (UTC)	:	?2015?-?04?-?19T21:07:37.069307800Z
     IsDegradation			:	false","300","1",,"3","4003","36","-9223372036854710272","2490","Microsoft-Windows-Diagnostics-Performance","cfc18ec0-96b1-4eba-961b-622caee05b0a","Microsoft-Windows-Diagnostics-Performance/Operational","1336","2612","rjaf-PC4429","S-1-5-19","4/19/2015 2:07:45 PM","85f03364-e89b-0002-8b22-1851d47ad001",,"c:\users\mac_1\desktop\winevt\logs\microsoft-windows-diagnostics-performance%4operational.evtx","System.UInt32[]","System.Diagnostics.Eventing.Reader.EventBookmark","Warning","Standby Information","Standby Performance Monitoring","System.Collections.ObjectModel.ReadOnlyCollection`1[System.String]","System.Collections.Generic.List`1[System.Diagnostics.Eventing.Reader.EventProperty]"
"Windows has resumed from standby: 
     Standby Duration		:	9772ms
     Standby Incident Time (UTC)	:	?2015?-?04?-?19T19:41:43.970825200Z
     Resume  Duration		:	1255ms
     Resume  Incident Time (UTC)	:	?2015?-?04?-?19T19:58:55.338994800Z
     IsDegradation			:	false","300","1",,"3","4003","36","-9223372036854710272","2489","Microsoft-Windows-Diagnostics-Performance","cfc18ec0-96b1-4eba-961b-622caee05b0a","Microsoft-Windows-Diagnostics-Performance/Operational","1336","1612","rjaf-PC4429","S-1-5-19","4/19/2015 12:59:02 PM","85f03364-e89b-0002-8922-1851d47ad001",,"c:\users\mac_1\desktop\winevt\logs\microsoft-windows-diagnostics-performance%4operational.evtx","System.UInt32[]","System.Diagnostics.Eventing.Reader.EventBookmark","Warning","Standby Information","Standby Performance Monitoring","System.Collections.ObjectModel.ReadOnlyCollection`1[System.String]","System.Collections.Generic.List`1[System.Diagnostics.Eventing.Reader.EventProperty]"
"This application took longer than usual to start up, resulting in a performance degradation in the system startup process: 
     File Name		:	svchost.exe
     Friendly Name		:	Host Process for Windows Services
     Version		:	6.1.7600.16385 (win7_rtm.090713-1255)
     Total Time		:	287ms
     Degradation Time	:	252ms
     Incident Time (UTC)	:	?2015?-?04?-?19T19:09:10.578000100Z","101","1",,"3","4002","33","-9223372036854710272","2488","Microsoft-Windows-Diagnostics-Performance","cfc18ec0-96b1-4eba-961b-622caee05b0a","Microsoft-Windows-Diagnostics-Performance/Operational","1336","1252","rjaf-PC4429","S-1-5-19","4/19/2015 12:11:03 PM","85f03364-e89b-0002-8322-1851d47ad001",,"c:\users\mac_1\desktop\winevt\logs\microsoft-windows-diagnostics-performance%4operational.evtx","System.UInt32[]","System.Diagnostics.Eventing.Reader.EventBookmark","Warning","Boot Degradation","Boot Performance Monitoring","System.Collections.ObjectModel.ReadOnlyCollection`1[System.String]","System.Collections.Generic.List`1[System.Diagnostics.Eventing.Reader.EventProperty]"
"Windows has started up: 
     Boot Duration		:	31322ms
     IsDegradation		:	false
     Incident Time (UTC)	:	?2015?-?04?-?19T19:09:10.578000100Z","100","2",,"3","4002","34","-9223372036854710272","2487","Microsoft-Windows-Diagnostics-Performance","cfc18ec0-96b1-4eba-961b-622caee05b0a","Microsoft-Windows-Diagnostics-Performance/Operational","1336","1252","rjaf-PC4429","S-1-5-19","4/19/2015 12:11:03 PM","85f03364-e89b-0002-8322-1851d47ad001",,"c:\users\mac_1\desktop\winevt\logs\microsoft-windows-diagnostics-performance%4operational.evtx","System.UInt32[]","System.Diagnostics.Eventing.Reader.EventBookmark","Warning","Boot Information","Boot Performance Monitoring","System.Collections.ObjectModel.ReadOnlyCollection`1[System.String]","System.Collections.Generic.List`1[System.Diagnostics.Eventing.Reader.EventProperty]"
"Windows has resumed from standby: 
     Standby Duration		:	6054ms
     Standby Incident Time (UTC)	:	?2015?-?04?-?19T13:17:15.327480900Z
     Resume  Duration		:	1256ms
     Resume  Incident Time (UTC)	:	?2015?-?04?-?19T19:04:18.856574600Z
     IsDegradation			:	false","300","1",,"3","4003","36","-9223372036854710272","2486","Microsoft-Windows-Diagnostics-Performance","cfc18ec0-96b1-4eba-961b-622caee05b0a","Microsoft-Windows-Diagnostics-Performance/Operational","1324","3184","rjaf-PC4429","S-1-5-19","4/19/2015 12:04:28 PM","85f03c9c-389b-0003-10eb-671a877ad001",,"c:\users\mac_1\desktop\winevt\logs\microsoft-windows-diagnostics-performance%4operational.evtx","System.UInt32[]","System.Diagnostics.Eventing.Reader.EventBookmark","Warning","Standby Information","Standby Performance Monitoring","System.Collections.ObjectModel.ReadOnlyCollection`1[System.String]","System.Collections.Generic.List`1[System.Diagnostics.Eventing.Reader.EventProperty]"
"This driver caused a delay during standby while servicing a device:
     Driver File Name		:	\Driver\usbehci
     Driver Friendly Name		:	EHCI eUSB Miniport Driver
     Driver Version			:	6.1.7600.16788 (win7_gdr.110324-1506)
     Driver Total Time		:	311ms
     Driver Degradation Time	:	114ms
     Incident Time (UTC)		:	?2015?-?04?-?19T10:42:00.883812500Z
     Device Name			:	USB\ROOT_HUB20\4&605ea8b&0
     Device Friendly Name		:	USB Root Hub
     Device Total Time		:	311ms
     Device Degradation Time	:	114ms","302","1",,"3","4003","35","-9223372036854710272","2485","Microsoft-Windows-Diagnostics-Performance","cfc18ec0-96b1-4eba-961b-622caee05b0a","Microsoft-Windows-Diagnostics-Performance/Operational","1324","1732","rjaf-PC4429","S-1-5-19","4/19/2015 4:47:58 AM","85f03c9c-389b-0003-0aeb-671a877ad001",,"c:\users\mac_1\desktop\winevt\logs\microsoft-windows-diagnostics-performance%4operational.evtx","System.UInt32[]","System.Diagnostics.Eventing.Reader.EventBookmark","Warning","Standby Degradation","Standby Performance Monitoring","System.Collections.ObjectModel.ReadOnlyCollection`1[System.String]","System.Collections.Generic.List`1[System.Diagnostics.Eventing.Reader.EventProperty]"
"Windows has resumed from standby: 
     Standby Duration		:	9175ms
     Standby Incident Time (UTC)	:	?2015?-?04?-?19T10:42:00.883812500Z
     Resume  Duration		:	1218ms
     Resume  Incident Time (UTC)	:	?2015?-?04?-?19T11:47:50.038939400Z
     IsDegradation			:	false","300","1",,"3","4003","36","-9223372036854710272","2484","Microsoft-Windows-Diagnostics-Performance","cfc18ec0-96b1-4eba-961b-622caee05b0a","Microsoft-Windows-Diagnostics-Performance/Operational","1324","1732","rjaf-PC4429","S-1-5-19","4/19/2015 4:47:58 AM","85f03c9c-389b-0003-0aeb-671a877ad001",,"c:\users\mac_1\desktop\winevt\logs\microsoft-windows-diagnostics-performance%4operational.evtx","System.UInt32[]","System.Diagnostics.Eventing.Reader.EventBookmark","Warning","Standby Information","Standby Performance Monitoring","System.Collections.ObjectModel.ReadOnlyCollection`1[System.String]","System.Collections.Generic.List`1[System.Diagnostics.Eventing.Reader.EventProperty]"
"Windows has shutdown: 
     Shutdown Duration	:	31465ms
     IsDegradation		:	false
     Incident Time (UTC)	:	?2015?-?04?-?17T18:08:40.097829600Z","200","1",,"3","4007","40","-9223372036854710272","2483","Microsoft-Windows-Diagnostics-Performance","cfc18ec0-96b1-4eba-961b-622caee05b0a","Microsoft-Windows-Diagnostics-Performance/Operational","1324","1744","rjaf-PC4429","S-1-5-19","4/19/2015 2:58:28 AM","00000000-bb28-0000-09eb-671a877ad001",,"c:\users\mac_1\desktop\winevt\logs\microsoft-windows-diagnostics-performance%4operational.evtx","System.UInt32[]","System.Diagnostics.Eventing.Reader.EventBookmark","Warning","Shutdown Information","Shutdown Performance Monitoring","System.Collections.ObjectModel.ReadOnlyCollection`1[System.String]","System.Collections.Generic.List`1[System.Diagnostics.Eventing.Reader.EventProperty]"
"This startup service took longer than expected to startup, resulting in a performance degradation in the system start up process: 
     File Name		:	themes
     Friendly Name		:	Windows Shell Theme Service Dll
     Version		:	6.1.7600.16385 (win7_rtm.090713-1255)
     Total Time		:	528ms
     Degradation Time	:	301ms
     Incident Time (UTC)	:	?2015?-?04?-?19T09:56:27.593600100Z","103","1",,"3","4002","33","-9223372036854710272","2482","Microsoft-Windows-Diagnostics-Performance","cfc18ec0-96b1-4eba-961b-622caee05b0a","Microsoft-Windows-Diagnostics-Performance/Operational","1324","120","rjaf-PC4429","S-1-5-19","4/19/2015 2:58:28 AM","85f02a9c-389b-0001-0aeb-671a877ad001",,"c:\users\mac_1\desktop\winevt\logs\microsoft-windows-diagnostics-performance%4operational.evtx","System.UInt32[]","System.Diagnostics.Eventing.Reader.EventBookmark","Warning","Boot Degradation","Boot Performance Monitoring","System.Collections.ObjectModel.ReadOnlyCollection`1[System.String]","System.Collections.Generic.List`1[System.Diagnostics.Eventing.Reader.EventProperty]"
"This startup service took longer than expected to startup, resulting in a performance degradation in the system start up process: 
     File Name		:	profsvc
     Friendly Name		:	ProfSvc
     Version		:	6.1.7600.16385 (win7_rtm.090713-1255)
     Total Time		:	617ms
     Degradation Time	:	333ms
     Incident Time (UTC)	:	?2015?-?04?-?19T09:56:27.593600100Z","103","1",,"3","4002","33","-9223372036854710272","2481","Microsoft-Windows-Diagnostics-Performance","cfc18ec0-96b1-4eba-961b-622caee05b0a","Microsoft-Windows-Diagnostics-Performance/Operational","1324","120","rjaf-PC4429","S-1-5-19","4/19/2015 2:58:28 AM","85f02a9c-389b-0001-0aeb-671a877ad001",,"c:\users\mac_1\desktop\winevt\logs\microsoft-windows-diagnostics-performance%4operational.evtx","System.UInt32[]","System.Diagnostics.Eventing.Reader.EventBookmark","Warning","Boot Degradation","Boot Performance Monitoring","System.Collections.ObjectModel.ReadOnlyCollection`1[System.String]","System.Collections.Generic.List`1[System.Diagnostics.Eventing.Reader.EventProperty]"
"This startup service took longer than expected to startup, resulting in a performance degradation in the system start up process: 
     File Name		:	gpsvc
     Friendly Name		:	Group Policy Client
     Version		:	6.1.7600.16385 (win7_rtm.090713-1255)
     Total Time		:	612ms
     Degradation Time	:	335ms
     Incident Time (UTC)	:	?2015?-?04?-?19T09:56:27.593600100Z","103","1",,"3","4002","33","-9223372036854710272","2480","Microsoft-Windows-Diagnostics-Performance","cfc18ec0-96b1-4eba-961b-622caee05b0a","Microsoft-Windows-Diagnostics-Performance/Operational","1324","120","rjaf-PC4429","S-1-5-19","4/19/2015 2:58:28 AM","85f02a9c-389b-0001-0aeb-671a877ad001",,"c:\users\mac_1\desktop\winevt\logs\microsoft-windows-diagnostics-performance%4operational.evtx","System.UInt32[]","System.Diagnostics.Eventing.Reader.EventBookmark","Warning","Boot Degradation","Boot Performance Monitoring","System.Collections.ObjectModel.ReadOnlyCollection`1[System.String]","System.Collections.Generic.List`1[System.Diagnostics.Eventing.Reader.EventProperty]"
"This startup service took longer than expected to startup, resulting in a performance degradation in the system start up process: 
     File Name		:	cscservice
     Friendly Name		:	CSC Service DLL
     Version		:	6.1.7600.16385 (win7_rtm.090713-1255)
     Total Time		:	1058ms
     Degradation Time	:	340ms
     Incident Time (UTC)	:	?2015?-?04?-?19T09:56:27.593600100Z","103","1",,"3","4002","33","-9223372036854710272","2479","Microsoft-Windows-Diagnostics-Performance","cfc18ec0-96b1-4eba-961b-622caee05b0a","Microsoft-Windows-Diagnostics-Performance/Operational","1324","120","rjaf-PC4429","S-1-5-19","4/19/2015 2:58:28 AM","85f02a9c-389b-0001-0aeb-671a877ad001",,"c:\users\mac_1\desktop\winevt\logs\microsoft-windows-diagnostics-performance%4operational.evtx","System.UInt32[]","System.Diagnostics.Eventing.Reader.EventBookmark","Warning","Boot Degradation","Boot Performance Monitoring","System.Collections.ObjectModel.ReadOnlyCollection`1[System.String]","System.Collections.Generic.List`1[System.Diagnostics.Eventing.Reader.EventProperty]"
"Windows has started up: 
     Boot Duration		:	27658ms
     IsDegradation		:	false
     Incident Time (UTC)	:	?2015?-?04?-?19T09:56:27.593600100Z","100","2",,"3","4002","34","-9223372036854710272","2478","Microsoft-Windows-Diagnostics-Performance","cfc18ec0-96b1-4eba-961b-622caee05b0a","Microsoft-Windows-Diagnostics-Performance/Operational","1324","120","rjaf-PC4429","S-1-5-19","4/19/2015 2:58:28 AM","85f02a9c-389b-0001-0aeb-671a877ad001",,"c:\users\mac_1\desktop\winevt\logs\microsoft-windows-diagnostics-performance%4operational.evtx","System.UInt32[]","System.Diagnostics.Eventing.Reader.EventBookmark","Warning","Boot Information","Boot Performance Monitoring","System.Collections.ObjectModel.ReadOnlyCollection`1[System.String]","System.Collections.Generic.List`1[System.Diagnostics.Eventing.Reader.EventProperty]"
"Windows has started up: 
     Boot Duration		:	33891ms
     IsDegradation		:	false
     Incident Time (UTC)	:	?2015?-?04?-?17T18:05:14.593600100Z","100","2",,"3","4002","34","-9223372036854710272","2477","Microsoft-Windows-Diagnostics-Performance","cfc18ec0-96b1-4eba-961b-622caee05b0a","Microsoft-Windows-Diagnostics-Performance/Operational","1356","2332","rjaf-PC4429","S-1-5-19","4/17/2015 11:07:05 AM","85f03364-189b-0002-8a7c-d50d3979d001",,"c:\users\mac_1\desktop\winevt\logs\microsoft-windows-diagnostics-performance%4operational.evtx","System.UInt32[]","System.Diagnostics.Eventing.Reader.EventBookmark","Warning","Boot Information","Boot Performance Monitoring","System.Collections.ObjectModel.ReadOnlyCollection`1[System.String]","System.Collections.Generic.List`1[System.Diagnostics.Eventing.Reader.EventProperty]"
"This service caused a delay in the system shutdown process: 
     File Name		:	WSearch
     Friendly Name		:	
     Version		:	
     Total Time		:	2168ms
     Degradation Time	:	1218ms
     Incident Time (UTC)	:	?2015?-?04?-?17T16:10:57.766594900Z","203","1",,"3","4007","41","-9223372036854710272","2476","Microsoft-Windows-Diagnostics-Performance","cfc18ec0-96b1-4eba-961b-622caee05b0a","Microsoft-Windows-Diagnostics-Performance/Operational","1356","2148","rjaf-PC4429","S-1-5-19","4/17/2015 11:07:05 AM","85f03c9c-189b-0003-897c-d50d3979d001",,"c:\users\mac_1\desktop\winevt\logs\microsoft-windows-diagnostics-performance%4operational.evtx","System.UInt32[]","System.Diagnostics.Eventing.Reader.EventBookmark","Warning","Shutdown Degradation","Shutdown Performance Monitoring","System.Collections.ObjectModel.ReadOnlyCollection`1[System.String]","System.Collections.Generic.List`1[System.Diagnostics.Eventing.Reader.EventProperty]"
"Windows has shutdown: 
     Shutdown Duration	:	50054ms
     IsDegradation		:	true
     Incident Time (UTC)	:	?2015?-?04?-?17T16:10:57.766594900Z","200","1",,"3","4007","40","-9223372036854710272","2475","Microsoft-Windows-Diagnostics-Performance","cfc18ec0-96b1-4eba-961b-622caee05b0a","Microsoft-Windows-Diagnostics-Performance/Operational","1356","2148","rjaf-PC4429","S-1-5-19","4/17/2015 11:07:05 AM","85f03c9c-189b-0003-897c-d50d3979d001",,"c:\users\mac_1\desktop\winevt\logs\microsoft-windows-diagnostics-performance%4operational.evtx","System.UInt32[]","System.Diagnostics.Eventing.Reader.EventBookmark","Warning","Shutdown Information","Shutdown Performance Monitoring","System.Collections.ObjectModel.ReadOnlyCollection`1[System.String]","System.Collections.Generic.List`1[System.Diagnostics.Eventing.Reader.EventProperty]"
"This driver caused a delay during standby while servicing a device:
     Driver File Name		:	\Driver\usbhub
     Driver Friendly Name		:	Default Hub Driver for USB
     Driver Version			:	6.1.7600.16385 (win7_rtm.090713-1255)
     Driver Total Time		:	31ms
     Driver Degradation Time	:	12ms
     Incident Time (UTC)		:	?2015?-?04?-?16T20:17:22.095328300Z
     Device Name			:	USB\VID_8087&PID_0024\5&31a83182&0&1
     Device Friendly Name		:	Generic USB Hub
     Device Total Time		:	31ms
     Device Degradation Time	:	0ms","302","1",,"3","4003","35","-9223372036854710272","2474","Microsoft-Windows-Diagnostics-Performance","cfc18ec0-96b1-4eba-961b-622caee05b0a","Microsoft-Windows-Diagnostics-Performance/Operational","1328","3100","rjaf-PC4429","S-1-5-19","4/17/2015 8:55:17 AM","85f03364-889b-0002-a4c7-a81c7e78d001",,"c:\users\mac_1\desktop\winevt\logs\microsoft-windows-diagnostics-performance%4operational.evtx","System.UInt32[]","System.Diagnostics.Eventing.Reader.EventBookmark","Warning","Standby Degradation","Standby Performance Monitoring","System.Collections.ObjectModel.ReadOnlyCollection`1[System.String]","System.Collections.Generic.List`1[System.Diagnostics.Eventing.Reader.EventProperty]"
"This driver caused a delay during standby while servicing a device:
     Driver File Name		:	\Driver\usbehci
     Driver Friendly Name		:	EHCI eUSB Miniport Driver
     Driver Version			:	6.1.7600.16788 (win7_gdr.110324-1506)
     Driver Total Time		:	91ms
     Driver Degradation Time	:	32ms
     Incident Time (UTC)		:	?2015?-?04?-?16T20:17:22.095328300Z
     Device Name			:	USB\ROOT_HUB20\4&f96d45&0
     Device Friendly Name		:	USB Root Hub
     Device Total Time		:	91ms
     Device Degradation Time	:	32ms","302","1",,"3","4003","35","-9223372036854710272","2473","Microsoft-Windows-Diagnostics-Performance","cfc18ec0-96b1-4eba-961b-622caee05b0a","Microsoft-Windows-Diagnostics-Performance/Operational","1328","3100","rjaf-PC4429","S-1-5-19","4/17/2015 8:55:17 AM","85f03364-889b-0002-a4c7-a81c7e78d001",,"c:\users\mac_1\desktop\winevt\logs\microsoft-windows-diagnostics-performance%4operational.evtx","System.UInt32[]","System.Diagnostics.Eventing.Reader.EventBookmark","Warning","Standby Degradation","Standby Performance Monitoring","System.Collections.ObjectModel.ReadOnlyCollection`1[System.String]","System.Collections.Generic.List`1[System.Diagnostics.Eventing.Reader.EventProperty]"
"Windows has resumed from standby: 
     Standby Duration		:	8835ms
     Standby Incident Time (UTC)	:	?2015?-?04?-?16T20:17:22.095328300Z
     Resume  Duration		:	1233ms
     Resume  Incident Time (UTC)	:	?2015?-?04?-?17T15:55:03.356498400Z
     IsDegradation			:	false","300","1",,"3","4003","36","-9223372036854710272","2472","Microsoft-Windows-Diagnostics-Performance","cfc18ec0-96b1-4eba-961b-622caee05b0a","Microsoft-Windows-Diagnostics-Performance/Operational","1328","3100","rjaf-PC4429","S-1-5-19","4/17/2015 8:55:17 AM","85f03364-889b-0002-a4c7-a81c7e78d001",,"c:\users\mac_1\desktop\winevt\logs\microsoft-windows-diagnostics-performance%4operational.evtx","System.UInt32[]","System.Diagnostics.Eventing.Reader.EventBookmark","Warning","Standby Information","Standby Performance Monitoring","System.Collections.ObjectModel.ReadOnlyCollection`1[System.String]","System.Collections.Generic.List`1[System.Diagnostics.Eventing.Reader.EventProperty]"
"Windows has resumed from standby: 
     Standby Duration		:	8828ms
     Standby Incident Time (UTC)	:	?2015?-?04?-?16T10:02:28.270287300Z
     Resume  Duration		:	1270ms
     Resume  Incident Time (UTC)	:	?2015?-?04?-?16T15:14:37.289316000Z
     IsDegradation			:	false","300","1",,"3","4003","36","-9223372036854710272","2471","Microsoft-Windows-Diagnostics-Performance","cfc18ec0-96b1-4eba-961b-622caee05b0a","Microsoft-Windows-Diagnostics-Performance/Operational","1316","1628","rjaf-PC4429","S-1-5-19","4/16/2015 8:14:54 AM","85f02a9c-c89b-0001-0c15-cefc5877d001",,"c:\users\mac_1\desktop\winevt\logs\microsoft-windows-diagnostics-performance%4operational.evtx","System.UInt32[]","System.Diagnostics.Eventing.Reader.EventBookmark","Warning","Standby Information","Standby Performance Monitoring","System.Collections.ObjectModel.ReadOnlyCollection`1[System.String]","System.Collections.Generic.List`1[System.Diagnostics.Eventing.Reader.EventProperty]"
"Windows has resumed from standby: 
     Standby Duration		:	11258ms
     Standby Incident Time (UTC)	:	?2015?-?04?-?15T09:36:50.975706100Z
     Resume  Duration		:	1204ms
     Resume  Incident Time (UTC)	:	?2015?-?04?-?16T09:36:29.945494300Z
     IsDegradation			:	false","300","1",,"3","4003","36","-9223372036854710272","2470","Microsoft-Windows-Diagnostics-Performance","cfc18ec0-96b1-4eba-961b-622caee05b0a","Microsoft-Windows-Diagnostics-Performance/Operational","1316","2332","rjaf-PC4429","S-1-5-19","4/16/2015 2:36:45 AM","85f02a9c-c89b-0001-0715-cefc5877d001",,"c:\users\mac_1\desktop\winevt\logs\microsoft-windows-diagnostics-performance%4operational.evtx","System.UInt32[]","System.Diagnostics.Eventing.Reader.EventBookmark","Warning","Standby Information","Standby Performance Monitoring","System.Collections.ObjectModel.ReadOnlyCollection`1[System.String]","System.Collections.Generic.List`1[System.Diagnostics.Eventing.Reader.EventProperty]"
"Windows has started up: 
     Boot Duration		:	28694ms
     IsDegradation		:	false
     Incident Time (UTC)	:	?2015?-?04?-?15T08:48:47.593600100Z","100","2",,"3","4002","34","-9223372036854710272","2469","Microsoft-Windows-Diagnostics-Performance","cfc18ec0-96b1-4eba-961b-622caee05b0a","Microsoft-Windows-Diagnostics-Performance/Operational","1316","676","rjaf-PC4429","S-1-5-19","4/15/2015 1:50:40 AM","85f03364-c89b-0002-0a15-cefc5877d001",,"c:\users\mac_1\desktop\winevt\logs\microsoft-windows-diagnostics-performance%4operational.evtx","System.UInt32[]","System.Diagnostics.Eventing.Reader.EventBookmark","Warning","Boot Information","Boot Performance Monitoring","System.Collections.ObjectModel.ReadOnlyCollection`1[System.String]","System.Collections.Generic.List`1[System.Diagnostics.Eventing.Reader.EventProperty]"
"Windows has resumed from standby: 
     Standby Duration		:	16977ms
     Standby Incident Time (UTC)	:	?2015?-?04?-?14T19:37:59.875561800Z
     Resume  Duration		:	1212ms
     Resume  Incident Time (UTC)	:	?2015?-?04?-?15T05:05:47.609537200Z
     IsDegradation			:	false","300","1",,"3","4003","36","-9223372036854710272","2468","Microsoft-Windows-Diagnostics-Performance","cfc18ec0-96b1-4eba-961b-622caee05b0a","Microsoft-Windows-Diagnostics-Performance/Operational","1348","17568","rjaf-PC4429","S-1-5-19","4/14/2015 10:05:58 PM","85f03c9c-289b-0003-2daf-1447e376d001",,"c:\users\mac_1\desktop\winevt\logs\microsoft-windows-diagnostics-performance%4operational.evtx","System.UInt32[]","System.Diagnostics.Eventing.Reader.EventBookmark","Warning","Standby Information","Standby Performance Monitoring","System.Collections.ObjectModel.ReadOnlyCollection`1[System.String]","System.Collections.Generic.List`1[System.Diagnostics.Eventing.Reader.EventProperty]"
"Windows has started up: 
     Boot Duration		:	34885ms
     IsDegradation		:	false
     Incident Time (UTC)	:	?2015?-?04?-?14T18:46:11.593600100Z","100","2",,"3","4002","34","-9223372036854710272","2467","Microsoft-Windows-Diagnostics-Performance","cfc18ec0-96b1-4eba-961b-622caee05b0a","Microsoft-Windows-Diagnostics-Performance/Operational","1348","1360","rjaf-PC4429","S-1-5-19","4/14/2015 11:48:04 AM","85f03364-289b-0002-04af-1447e376d001",,"c:\users\mac_1\desktop\winevt\logs\microsoft-windows-diagnostics-performance%4operational.evtx","System.UInt32[]","System.Diagnostics.Eventing.Reader.EventBookmark","Warning","Boot Information","Boot Performance Monitoring","System.Collections.ObjectModel.ReadOnlyCollection`1[System.String]","System.Collections.Generic.List`1[System.Diagnostics.Eventing.Reader.EventProperty]"
"This driver caused a delay during standby while servicing a device:
     Driver File Name		:	\Driver\pci
     Driver Friendly Name		:	NT Plug and Play PCI Enumerator
     Driver Version			:	6.1.7600.16385 (win7_rtm.090713-1255)
     Driver Total Time		:	25ms
     Driver Degradation Time	:	6ms
     Incident Time (UTC)		:	?2015?-?04?-?14T13:38:23.832288700Z
     Device Name			:	PCI\VEN_8086&DEV_1C10&SUBSYS_204E8086&REV_B5\3&11583659&0&E0
     Device Friendly Name		:	Intel(R) 6 Series/C200 Series Chipset Family PCI Express Root Port 1 - 1C10
     Device Total Time		:	25ms
     Device Degradation Time	:	0ms","302","1",,"3","4003","35","-9223372036854710272","2466","Microsoft-Windows-Diagnostics-Performance","cfc18ec0-96b1-4eba-961b-622caee05b0a","Microsoft-Windows-Diagnostics-Performance/Operational","1308","2504","rjaf-PC4429","S-1-5-19","4/14/2015 7:15:56 AM","85f03364-b89b-0002-e44c-cb8faf75d001",,"c:\users\mac_1\desktop\winevt\logs\microsoft-windows-diagnostics-performance%4operational.evtx","System.UInt32[]","System.Diagnostics.Eventing.Reader.EventBookmark","Warning","Standby Degradation","Standby Performance Monitoring","System.Collections.ObjectModel.ReadOnlyCollection`1[System.String]","System.Collections.Generic.List`1[System.Diagnostics.Eventing.Reader.EventProperty]"
"This driver caused a delay during standby while servicing a device:
     Driver File Name		:	\Driver\pci
     Driver Friendly Name		:	NT Plug and Play PCI Enumerator
     Driver Version			:	6.1.7600.16385 (win7_rtm.090713-1255)
     Driver Total Time		:	25ms
     Driver Degradation Time	:	6ms
     Incident Time (UTC)		:	?2015?-?04?-?14T13:38:23.832288700Z
     Device Name			:	PCI\VEN_8086&DEV_1C26&SUBSYS_204E8086&REV_05\3&11583659&0&E8
     Device Friendly Name		:	Intel(R) 6 Series/C200 Series Chipset Family USB Enhanced Host Controller - 1C26
     Device Total Time		:	25ms
     Device Degradation Time	:	0ms","302","1",,"3","4003","35","-9223372036854710272","2465","Microsoft-Windows-Diagnostics-Performance","cfc18ec0-96b1-4eba-961b-622caee05b0a","Microsoft-Windows-Diagnostics-Performance/Operational","1308","2504","rjaf-PC4429","S-1-5-19","4/14/2015 7:15:56 AM","85f03364-b89b-0002-e44c-cb8faf75d001",,"c:\users\mac_1\desktop\winevt\logs\microsoft-windows-diagnostics-performance%4operational.evtx","System.UInt32[]","System.Diagnostics.Eventing.Reader.EventBookmark","Warning","Standby Degradation","Standby Performance Monitoring","System.Collections.ObjectModel.ReadOnlyCollection`1[System.String]","System.Collections.Generic.List`1[System.Diagnostics.Eventing.Reader.EventProperty]"
"This driver caused a delay during standby while servicing a device:
     Driver File Name		:	\Driver\pci
     Driver Friendly Name		:	NT Plug and Play PCI Enumerator
     Driver Version			:	6.1.7600.16385 (win7_rtm.090713-1255)
     Driver Total Time		:	25ms
     Driver Degradation Time	:	6ms
     Incident Time (UTC)		:	?2015?-?04?-?14T13:38:23.832288700Z
     Device Name			:	PCI\VEN_8086&DEV_1C14&SUBSYS_204E8086&REV_B5\3&11583659&0&E2
     Device Friendly Name		:	Intel(R) 6 Series/C200 Series Chipset Family PCI Express Root Port 3 - 1C14
     Device Total Time		:	25ms
     Device Degradation Time	:	0ms","302","1",,"3","4003","35","-9223372036854710272","2464","Microsoft-Windows-Diagnostics-Performance","cfc18ec0-96b1-4eba-961b-622caee05b0a","Microsoft-Windows-Diagnostics-Performance/Operational","1308","2504","rjaf-PC4429","S-1-5-19","4/14/2015 7:15:56 AM","85f03364-b89b-0002-e44c-cb8faf75d001",,"c:\users\mac_1\desktop\winevt\logs\microsoft-windows-diagnostics-performance%4operational.evtx","System.UInt32[]","System.Diagnostics.Eventing.Reader.EventBookmark","Warning","Standby Degradation","Standby Performance Monitoring","System.Collections.ObjectModel.ReadOnlyCollection`1[System.String]","System.Collections.Generic.List`1[System.Diagnostics.Eventing.Reader.EventProperty]"
"This driver caused a delay during standby while servicing a device:
     Driver File Name		:	\Driver\pci
     Driver Friendly Name		:	NT Plug and Play PCI Enumerator
     Driver Version			:	6.1.7600.16385 (win7_rtm.090713-1255)
     Driver Total Time		:	25ms
     Driver Degradation Time	:	6ms
     Incident Time (UTC)		:	?2015?-?04?-?14T13:38:23.832288700Z
     Device Name			:	PCI\VEN_8086&DEV_1C3A&SUBSYS_204E8086&REV_04\3&11583659&0&B0
     Device Friendly Name		:	Intel(R) Management Engine Interface 
     Device Total Time		:	25ms
     Device Degradation Time	:	0ms","302","1",,"3","4003","35","-9223372036854710272","2463","Microsoft-Windows-Diagnostics-Performance","cfc18ec0-96b1-4eba-961b-622caee05b0a","Microsoft-Windows-Diagnostics-Performance/Operational","1308","2504","rjaf-PC4429","S-1-5-19","4/14/2015 7:15:56 AM","85f03364-b89b-0002-e44c-cb8faf75d001",,"c:\users\mac_1\desktop\winevt\logs\microsoft-windows-diagnostics-performance%4operational.evtx","System.UInt32[]","System.Diagnostics.Eventing.Reader.EventBookmark","Warning","Standby Degradation","Standby Performance Monitoring","System.Collections.ObjectModel.ReadOnlyCollection`1[System.String]","System.Collections.Generic.List`1[System.Diagnostics.Eventing.Reader.EventProperty]"
"This driver caused a delay during standby while servicing a device:
     Driver File Name		:	\Driver\pci
     Driver Friendly Name		:	NT Plug and Play PCI Enumerator
     Driver Version			:	6.1.7600.16385 (win7_rtm.090713-1255)
     Driver Total Time		:	25ms
     Driver Degradation Time	:	6ms
     Incident Time (UTC)		:	?2015?-?04?-?14T13:38:23.832288700Z
     Device Name			:	PCI\VEN_8086&DEV_1C2D&SUBSYS_204E8086&REV_05\3&11583659&0&D0
     Device Friendly Name		:	Intel(R) 6 Series/C200 Series Chipset Family USB Enhanced Host Controller - 1C2D
     Device Total Time		:	25ms
