"HomeGroup status changed for HomeGroup 4. OldStatus: 132, NewStatus: %3","5013","0",,"4","0","0","-9223372036854775808","770","Microsoft-Windows-HomeGroup-ProviderService","c9bdb4eb-9287-4c8e-8378-6896f0d1c5ef","Microsoft-Windows-HomeGroup Provider Service/Operational","888","4572","rjaf-PC4429","S-1-5-19","1/29/2015 12:32:45 AM",,,"c:\users\mac_1\desktop\winevt\logs\microsoft-windows-homegroup provider service%4operational.evtx","System.UInt32[]","System.Diagnostics.Eventing.Reader.EventBookmark","Information","Info",,"System.Collections.ObjectModel.ReadOnlyCollection`1[System.String]","System.Collections.Generic.List`1[System.Diagnostics.Eventing.Reader.EventProperty]"
"HomeGroup status changed for HomeGroup 132. OldStatus: 4, NewStatus: %3","5013","0",,"4","0","0","-9223372036854775808","769","Microsoft-Windows-HomeGroup-ProviderService","c9bdb4eb-9287-4c8e-8378-6896f0d1c5ef","Microsoft-Windows-HomeGroup Provider Service/Operational","888","5320","rjaf-PC4429","S-1-5-19","1/29/2015 12:11:15 AM",,,"c:\users\mac_1\desktop\winevt\logs\microsoft-windows-homegroup provider service%4operational.evtx","System.UInt32[]","System.Diagnostics.Eventing.Reader.EventBookmark","Information","Info",,"System.Collections.ObjectModel.ReadOnlyCollection`1[System.String]","System.Collections.Generic.List`1[System.Diagnostics.Eventing.Reader.EventProperty]"
"HomeGroup status changed for HomeGroup 4. OldStatus: 132, NewStatus: %3","5013","0",,"4","0","0","-9223372036854775808","768","Microsoft-Windows-HomeGroup-ProviderService","c9bdb4eb-9287-4c8e-8378-6896f0d1c5ef","Microsoft-Windows-HomeGroup Provider Service/Operational","888","1664","rjaf-PC4429","S-1-5-19","1/28/2015 11:39:44 PM",,,"c:\users\mac_1\desktop\winevt\logs\microsoft-windows-homegroup provider service%4operational.evtx","System.UInt32[]","System.Diagnostics.Eventing.Reader.EventBookmark","Information","Info",,"System.Collections.ObjectModel.ReadOnlyCollection`1[System.String]","System.Collections.Generic.List`1[System.Diagnostics.Eventing.Reader.EventProperty]"
"HomeGroup status changed for HomeGroup 132. OldStatus: 4, NewStatus: %3","5013","0",,"4","0","0","-9223372036854775808","767","Microsoft-Windows-HomeGroup-ProviderService","c9bdb4eb-9287-4c8e-8378-6896f0d1c5ef","Microsoft-Windows-HomeGroup Provider Service/Operational","888","1060","rjaf-PC4429","S-1-5-19","1/28/2015 11:39:31 PM",,,"c:\users\mac_1\desktop\winevt\logs\microsoft-windows-homegroup provider service%4operational.evtx","System.UInt32[]","System.Diagnostics.Eventing.Reader.EventBookmark","Information","Info",,"System.Collections.ObjectModel.ReadOnlyCollection`1[System.String]","System.Collections.Generic.List`1[System.Diagnostics.Eventing.Reader.EventProperty]"
"HomeGroup status changed for HomeGroup 4. OldStatus: 132, NewStatus: %3","5013","0",,"4","0","0","-9223372036854775808","766","Microsoft-Windows-HomeGroup-ProviderService","c9bdb4eb-9287-4c8e-8378-6896f0d1c5ef","Microsoft-Windows-HomeGroup Provider Service/Operational","888","1664","rjaf-PC4429","S-1-5-19","1/28/2015 11:39:28 PM",,,"c:\users\mac_1\desktop\winevt\logs\microsoft-windows-homegroup provider service%4operational.evtx","System.UInt32[]","System.Diagnostics.Eventing.Reader.EventBookmark","Information","Info",,"System.Collections.ObjectModel.ReadOnlyCollection`1[System.String]","System.Collections.Generic.List`1[System.Diagnostics.Eventing.Reader.EventProperty]"
"HomeGroup status changed for HomeGroup 132. OldStatus: 4, NewStatus: %3","5013","0",,"4","0","0","-9223372036854775808","765","Microsoft-Windows-HomeGroup-ProviderService","c9bdb4eb-9287-4c8e-8378-6896f0d1c5ef","Microsoft-Windows-HomeGroup Provider Service/Operational","888","2680","rjaf-PC4429","S-1-5-19","1/27/2015 1:10:24 PM",,,"c:\users\mac_1\desktop\winevt\logs\microsoft-windows-homegroup provider service%4operational.evtx","System.UInt32[]","System.Diagnostics.Eventing.Reader.EventBookmark","Information","Info",,"System.Collections.ObjectModel.ReadOnlyCollection`1[System.String]","System.Collections.Generic.List`1[System.Diagnostics.Eventing.Reader.EventProperty]"
"HomeGroup status changed for HomeGroup 4. OldStatus: 132, NewStatus: %3","5013","0",,"4","0","0","-9223372036854775808","764","Microsoft-Windows-HomeGroup-ProviderService","c9bdb4eb-9287-4c8e-8378-6896f0d1c5ef","Microsoft-Windows-HomeGroup Provider Service/Operational","888","2884","rjaf-PC4429","S-1-5-19","1/27/2015 11:31:25 AM",,,"c:\users\mac_1\desktop\winevt\logs\microsoft-windows-homegroup provider service%4operational.evtx","System.UInt32[]","System.Diagnostics.Eventing.Reader.EventBookmark","Information","Info",,"System.Collections.ObjectModel.ReadOnlyCollection`1[System.String]","System.Collections.Generic.List`1[System.Diagnostics.Eventing.Reader.EventProperty]"
"HomeGroup status changed for HomeGroup 132. OldStatus: 4, NewStatus: %3","5013","0",,"4","0","0","-9223372036854775808","763","Microsoft-Windows-HomeGroup-ProviderService","c9bdb4eb-9287-4c8e-8378-6896f0d1c5ef","Microsoft-Windows-HomeGroup Provider Service/Operational","888","3276","rjaf-PC4429","S-1-5-19","1/27/2015 11:31:17 AM",,,"c:\users\mac_1\desktop\winevt\logs\microsoft-windows-homegroup provider service%4operational.evtx","System.UInt32[]","System.Diagnostics.Eventing.Reader.EventBookmark","Information","Info",,"System.Collections.ObjectModel.ReadOnlyCollection`1[System.String]","System.Collections.Generic.List`1[System.Diagnostics.Eventing.Reader.EventProperty]"
"HomeGroup status changed for HomeGroup 4. OldStatus: 132, NewStatus: %3","5013","0",,"4","0","0","-9223372036854775808","762","Microsoft-Windows-HomeGroup-ProviderService","c9bdb4eb-9287-4c8e-8378-6896f0d1c5ef","Microsoft-Windows-HomeGroup Provider Service/Operational","888","116","rjaf-PC4429","S-1-5-19","1/27/2015 4:45:41 AM",,,"c:\users\mac_1\desktop\winevt\logs\microsoft-windows-homegroup provider service%4operational.evtx","System.UInt32[]","System.Diagnostics.Eventing.Reader.EventBookmark","Information","Info",,"System.Collections.ObjectModel.ReadOnlyCollection`1[System.String]","System.Collections.Generic.List`1[System.Diagnostics.Eventing.Reader.EventProperty]"
"HomeGroup status changed for HomeGroup 132. OldStatus: 4, NewStatus: %3","5013","0",,"4","0","0","-9223372036854775808","761","Microsoft-Windows-HomeGroup-ProviderService","c9bdb4eb-9287-4c8e-8378-6896f0d1c5ef","Microsoft-Windows-HomeGroup Provider Service/Operational","888","3872","rjaf-PC4429","S-1-5-19","1/27/2015 4:34:43 AM",,,"c:\users\mac_1\desktop\winevt\logs\microsoft-windows-homegroup provider service%4operational.evtx","System.UInt32[]","System.Diagnostics.Eventing.Reader.EventBookmark","Information","Info",,"System.Collections.ObjectModel.ReadOnlyCollection`1[System.String]","System.Collections.Generic.List`1[System.Diagnostics.Eventing.Reader.EventProperty]"
"HomeGroup status changed for HomeGroup 4. OldStatus: 132, NewStatus: %3","5013","0",,"4","0","0","-9223372036854775808","760","Microsoft-Windows-HomeGroup-ProviderService","c9bdb4eb-9287-4c8e-8378-6896f0d1c5ef","Microsoft-Windows-HomeGroup Provider Service/Operational","888","208","rjaf-PC4429","S-1-5-19","1/27/2015 2:32:57 AM",,,"c:\users\mac_1\desktop\winevt\logs\microsoft-windows-homegroup provider service%4operational.evtx","System.UInt32[]","System.Diagnostics.Eventing.Reader.EventBookmark","Information","Info",,"System.Collections.ObjectModel.ReadOnlyCollection`1[System.String]","System.Collections.Generic.List`1[System.Diagnostics.Eventing.Reader.EventProperty]"
"HomeGroup status changed for HomeGroup 132. OldStatus: 4, NewStatus: %3","5013","0",,"4","0","0","-9223372036854775808","759","Microsoft-Windows-HomeGroup-ProviderService","c9bdb4eb-9287-4c8e-8378-6896f0d1c5ef","Microsoft-Windows-HomeGroup Provider Service/Operational","888","208","rjaf-PC4429","S-1-5-19","1/27/2015 2:32:42 AM",,,"c:\users\mac_1\desktop\winevt\logs\microsoft-windows-homegroup provider service%4operational.evtx","System.UInt32[]","System.Diagnostics.Eventing.Reader.EventBookmark","Information","Info",,"System.Collections.ObjectModel.ReadOnlyCollection`1[System.String]","System.Collections.Generic.List`1[System.Diagnostics.Eventing.Reader.EventProperty]"
"HomeGroup status changed for HomeGroup 4. OldStatus: 132, NewStatus: %3","5013","0",,"4","0","0","-9223372036854775808","758","Microsoft-Windows-HomeGroup-ProviderService","c9bdb4eb-9287-4c8e-8378-6896f0d1c5ef","Microsoft-Windows-HomeGroup Provider Service/Operational","888","188","rjaf-PC4429","S-1-5-19","1/27/2015 1:32:38 AM",,,"c:\users\mac_1\desktop\winevt\logs\microsoft-windows-homegroup provider service%4operational.evtx","System.UInt32[]","System.Diagnostics.Eventing.Reader.EventBookmark","Information","Info",,"System.Collections.ObjectModel.ReadOnlyCollection`1[System.String]","System.Collections.Generic.List`1[System.Diagnostics.Eventing.Reader.EventProperty]"
"HomeGroup status changed for HomeGroup 132. OldStatus: 4, NewStatus: %3","5013","0",,"4","0","0","-9223372036854775808","757","Microsoft-Windows-HomeGroup-ProviderService","c9bdb4eb-9287-4c8e-8378-6896f0d1c5ef","Microsoft-Windows-HomeGroup Provider Service/Operational","888","188","rjaf-PC4429","S-1-5-19","1/27/2015 1:32:36 AM",,,"c:\users\mac_1\desktop\winevt\logs\microsoft-windows-homegroup provider service%4operational.evtx","System.UInt32[]","System.Diagnostics.Eventing.Reader.EventBookmark","Information","Info",,"System.Collections.ObjectModel.ReadOnlyCollection`1[System.String]","System.Collections.Generic.List`1[System.Diagnostics.Eventing.Reader.EventProperty]"
"HomeGroup status changed for HomeGroup 4. OldStatus: 132, NewStatus: %3","5013","0",,"4","0","0","-9223372036854775808","756","Microsoft-Windows-HomeGroup-ProviderService","c9bdb4eb-9287-4c8e-8378-6896f0d1c5ef","Microsoft-Windows-HomeGroup Provider Service/Operational","888","3452","rjaf-PC4429","S-1-5-19","1/27/2015 12:26:40 AM",,,"c:\users\mac_1\desktop\winevt\logs\microsoft-windows-homegroup provider service%4operational.evtx","System.UInt32[]","System.Diagnostics.Eventing.Reader.EventBookmark","Information","Info",,"System.Collections.ObjectModel.ReadOnlyCollection`1[System.String]","System.Collections.Generic.List`1[System.Diagnostics.Eventing.Reader.EventProperty]"
"HomeGroup status changed for HomeGroup 132. OldStatus: 4, NewStatus: %3","5013","0",,"4","0","0","-9223372036854775808","755","Microsoft-Windows-HomeGroup-ProviderService","c9bdb4eb-9287-4c8e-8378-6896f0d1c5ef","Microsoft-Windows-HomeGroup Provider Service/Operational","888","4056","rjaf-PC4429","S-1-5-19","1/26/2015 5:00:12 PM",,,"c:\users\mac_1\desktop\winevt\logs\microsoft-windows-homegroup provider service%4operational.evtx","System.UInt32[]","System.Diagnostics.Eventing.Reader.EventBookmark","Information","Info",,"System.Collections.ObjectModel.ReadOnlyCollection`1[System.String]","System.Collections.Generic.List`1[System.Diagnostics.Eventing.Reader.EventProperty]"
"HomeGroup status changed for HomeGroup 4. OldStatus: 132, NewStatus: %3","5013","0",,"4","0","0","-9223372036854775808","754","Microsoft-Windows-HomeGroup-ProviderService","c9bdb4eb-9287-4c8e-8378-6896f0d1c5ef","Microsoft-Windows-HomeGroup Provider Service/Operational","888","4076","rjaf-PC4429","S-1-5-19","1/26/2015 1:45:04 PM",,,"c:\users\mac_1\desktop\winevt\logs\microsoft-windows-homegroup provider service%4operational.evtx","System.UInt32[]","System.Diagnostics.Eventing.Reader.EventBookmark","Information","Info",,"System.Collections.ObjectModel.ReadOnlyCollection`1[System.String]","System.Collections.Generic.List`1[System.Diagnostics.Eventing.Reader.EventProperty]"
"HomeGroup status changed for HomeGroup 132. OldStatus: 4, NewStatus: %3","5013","0",,"4","0","0","-9223372036854775808","753","Microsoft-Windows-HomeGroup-ProviderService","c9bdb4eb-9287-4c8e-8378-6896f0d1c5ef","Microsoft-Windows-HomeGroup Provider Service/Operational","888","3668","rjaf-PC4429","S-1-5-19","1/26/2015 4:16:26 AM",,,"c:\users\mac_1\desktop\winevt\logs\microsoft-windows-homegroup provider service%4operational.evtx","System.UInt32[]","System.Diagnostics.Eventing.Reader.EventBookmark","Information","Info",,"System.Collections.ObjectModel.ReadOnlyCollection`1[System.String]","System.Collections.Generic.List`1[System.Diagnostics.Eventing.Reader.EventProperty]"
"HomeGroup status changed for HomeGroup 4. OldStatus: 132, NewStatus: %3","5013","0",,"4","0","0","-9223372036854775808","752","Microsoft-Windows-HomeGroup-ProviderService","c9bdb4eb-9287-4c8e-8378-6896f0d1c5ef","Microsoft-Windows-HomeGroup Provider Service/Operational","888","1112","rjaf-PC4429","S-1-5-19","1/26/2015 1:40:42 AM",,,"c:\users\mac_1\desktop\winevt\logs\microsoft-windows-homegroup provider service%4operational.evtx","System.UInt32[]","System.Diagnostics.Eventing.Reader.EventBookmark","Information","Info",,"System.Collections.ObjectModel.ReadOnlyCollection`1[System.String]","System.Collections.Generic.List`1[System.Diagnostics.Eventing.Reader.EventProperty]"
"HomeGroup status changed for HomeGroup 132. OldStatus: 4, NewStatus: %3","5013","0",,"4","0","0","-9223372036854775808","751","Microsoft-Windows-HomeGroup-ProviderService","c9bdb4eb-9287-4c8e-8378-6896f0d1c5ef","Microsoft-Windows-HomeGroup Provider Service/Operational","888","3872","rjaf-PC4429","S-1-5-19","1/26/2015 1:40:26 AM",,,"c:\users\mac_1\desktop\winevt\logs\microsoft-windows-homegroup provider service%4operational.evtx","System.UInt32[]","System.Diagnostics.Eventing.Reader.EventBookmark","Information","Info",,"System.Collections.ObjectModel.ReadOnlyCollection`1[System.String]","System.Collections.Generic.List`1[System.Diagnostics.Eventing.Reader.EventProperty]"
"HomeGroup status changed for HomeGroup 4. OldStatus: 132, NewStatus: %3","5013","0",,"4","0","0","-9223372036854775808","750","Microsoft-Windows-HomeGroup-ProviderService","c9bdb4eb-9287-4c8e-8378-6896f0d1c5ef","Microsoft-Windows-HomeGroup Provider Service/Operational","888","1580","rjaf-PC4429","S-1-5-19","1/26/2015 1:31:00 AM",,,"c:\users\mac_1\desktop\winevt\logs\microsoft-windows-homegroup provider service%4operational.evtx","System.UInt32[]","System.Diagnostics.Eventing.Reader.EventBookmark","Information","Info",,"System.Collections.ObjectModel.ReadOnlyCollection`1[System.String]","System.Collections.Generic.List`1[System.Diagnostics.Eventing.Reader.EventProperty]"
"HomeGroup status changed for HomeGroup 132. OldStatus: 4, NewStatus: %3","5013","0",,"4","0","0","-9223372036854775808","749","Microsoft-Windows-HomeGroup-ProviderService","c9bdb4eb-9287-4c8e-8378-6896f0d1c5ef","Microsoft-Windows-HomeGroup Provider Service/Operational","888","2216","rjaf-PC4429","S-1-5-19","1/26/2015 1:30:58 AM",,,"c:\users\mac_1\desktop\winevt\logs\microsoft-windows-homegroup provider service%4operational.evtx","System.UInt32[]","System.Diagnostics.Eventing.Reader.EventBookmark","Information","Info",,"System.Collections.ObjectModel.ReadOnlyCollection`1[System.String]","System.Collections.Generic.List`1[System.Diagnostics.Eventing.Reader.EventProperty]"
"HomeGroup status changed for HomeGroup 4. OldStatus: 132, NewStatus: %3","5013","0",,"4","0","0","-9223372036854775808","748","Microsoft-Windows-HomeGroup-ProviderService","c9bdb4eb-9287-4c8e-8378-6896f0d1c5ef","Microsoft-Windows-HomeGroup Provider Service/Operational","888","2952","rjaf-PC4429","S-1-5-19","1/25/2015 11:49:53 PM",,,"c:\users\mac_1\desktop\winevt\logs\microsoft-windows-homegroup provider service%4operational.evtx","System.UInt32[]","System.Diagnostics.Eventing.Reader.EventBookmark","Information","Info",,"System.Collections.ObjectModel.ReadOnlyCollection`1[System.String]","System.Collections.Generic.List`1[System.Diagnostics.Eventing.Reader.EventProperty]"
"HomeGroup status changed for HomeGroup 132. OldStatus: 4, NewStatus: %3","5013","0",,"4","0","0","-9223372036854775808","747","Microsoft-Windows-HomeGroup-ProviderService","c9bdb4eb-9287-4c8e-8378-6896f0d1c5ef","Microsoft-Windows-HomeGroup Provider Service/Operational","888","3772","rjaf-PC4429","S-1-5-19","1/25/2015 5:00:17 PM",,,"c:\users\mac_1\desktop\winevt\logs\microsoft-windows-homegroup provider service%4operational.evtx","System.UInt32[]","System.Diagnostics.Eventing.Reader.EventBookmark","Information","Info",,"System.Collections.ObjectModel.ReadOnlyCollection`1[System.String]","System.Collections.Generic.List`1[System.Diagnostics.Eventing.Reader.EventProperty]"
"HomeGroup status changed for HomeGroup 4. OldStatus: 132, NewStatus: %3","5013","0",,"4","0","0","-9223372036854775808","746","Microsoft-Windows-HomeGroup-ProviderService","c9bdb4eb-9287-4c8e-8378-6896f0d1c5ef","Microsoft-Windows-HomeGroup Provider Service/Operational","888","3444","rjaf-PC4429","S-1-5-19","1/25/2015 12:52:40 PM",,,"c:\users\mac_1\desktop\winevt\logs\microsoft-windows-homegroup provider service%4operational.evtx","System.UInt32[]","System.Diagnostics.Eventing.Reader.EventBookmark","Information","Info",,"System.Collections.ObjectModel.ReadOnlyCollection`1[System.String]","System.Collections.Generic.List`1[System.Diagnostics.Eventing.Reader.EventProperty]"
"HomeGroup status changed for HomeGroup 132. OldStatus: 4, NewStatus: %3","5013","0",,"4","0","0","-9223372036854775808","745","Microsoft-Windows-HomeGroup-ProviderService","c9bdb4eb-9287-4c8e-8378-6896f0d1c5ef","Microsoft-Windows-HomeGroup Provider Service/Operational","888","2044","rjaf-PC4429","S-1-5-19","1/25/2015 12:52:38 PM",,,"c:\users\mac_1\desktop\winevt\logs\microsoft-windows-homegroup provider service%4operational.evtx","System.UInt32[]","System.Diagnostics.Eventing.Reader.EventBookmark","Information","Info",,"System.Collections.ObjectModel.ReadOnlyCollection`1[System.String]","System.Collections.Generic.List`1[System.Diagnostics.Eventing.Reader.EventProperty]"
"HomeGroup status changed for HomeGroup 4. OldStatus: 132, NewStatus: %3","5013","0",,"4","0","0","-9223372036854775808","744","Microsoft-Windows-HomeGroup-ProviderService","c9bdb4eb-9287-4c8e-8378-6896f0d1c5ef","Microsoft-Windows-HomeGroup Provider Service/Operational","888","3600","rjaf-PC4429","S-1-5-19","1/25/2015 5:48:39 AM",,,"c:\users\mac_1\desktop\winevt\logs\microsoft-windows-homegroup provider service%4operational.evtx","System.UInt32[]","System.Diagnostics.Eventing.Reader.EventBookmark","Information","Info",,"System.Collections.ObjectModel.ReadOnlyCollection`1[System.String]","System.Collections.Generic.List`1[System.Diagnostics.Eventing.Reader.EventProperty]"
"HomeGroup status changed for HomeGroup 2. OldStatus: 4, NewStatus: %3","5013","0",,"4","0","0","-9223372036854775808","743","Microsoft-Windows-HomeGroup-ProviderService","c9bdb4eb-9287-4c8e-8378-6896f0d1c5ef","Microsoft-Windows-HomeGroup Provider Service/Operational","888","976","rjaf-PC4429","S-1-5-19","1/25/2015 5:32:41 AM",,,"c:\users\mac_1\desktop\winevt\logs\microsoft-windows-homegroup provider service%4operational.evtx","System.UInt32[]","System.Diagnostics.Eventing.Reader.EventBookmark","Information","Info",,"System.Collections.ObjectModel.ReadOnlyCollection`1[System.String]","System.Collections.Generic.List`1[System.Diagnostics.Eventing.Reader.EventProperty]"
"HomeGroup status changed for HomeGroup 0. OldStatus: 2, NewStatus: %3","5013","0",,"4","0","0","-9223372036854775808","742","Microsoft-Windows-HomeGroup-ProviderService","c9bdb4eb-9287-4c8e-8378-6896f0d1c5ef","Microsoft-Windows-HomeGroup Provider Service/Operational","888","976","rjaf-PC4429","S-1-5-19","1/25/2015 5:32:41 AM",,,"c:\users\mac_1\desktop\winevt\logs\microsoft-windows-homegroup provider service%4operational.evtx","System.UInt32[]","System.Diagnostics.Eventing.Reader.EventBookmark","Information","Info",,"System.Collections.ObjectModel.ReadOnlyCollection`1[System.String]","System.Collections.Generic.List`1[System.Diagnostics.Eventing.Reader.EventProperty]"
"HomeGroup status changed for HomeGroup 132. OldStatus: 4, NewStatus: %3","5013","0",,"4","0","0","-9223372036854775808","741","Microsoft-Windows-HomeGroup-ProviderService","c9bdb4eb-9287-4c8e-8378-6896f0d1c5ef","Microsoft-Windows-HomeGroup Provider Service/Operational","896","21120","rjaf-PC4429","S-1-5-19","1/25/2015 1:11:28 AM",,,"c:\users\mac_1\desktop\winevt\logs\microsoft-windows-homegroup provider service%4operational.evtx","System.UInt32[]","System.Diagnostics.Eventing.Reader.EventBookmark","Information","Info",,"System.Collections.ObjectModel.ReadOnlyCollection`1[System.String]","System.Collections.Generic.List`1[System.Diagnostics.Eventing.Reader.EventProperty]"
"HomeGroup status changed for HomeGroup 4. OldStatus: 132, NewStatus: %3","5013","0",,"4","0","0","-9223372036854775808","740","Microsoft-Windows-HomeGroup-ProviderService","c9bdb4eb-9287-4c8e-8378-6896f0d1c5ef","Microsoft-Windows-HomeGroup Provider Service/Operational","896","18768","rjaf-PC4429","S-1-5-19","1/25/2015 12:39:26 AM",,,"c:\users\mac_1\desktop\winevt\logs\microsoft-windows-homegroup provider service%4operational.evtx","System.UInt32[]","System.Diagnostics.Eventing.Reader.EventBookmark","Information","Info",,"System.Collections.ObjectModel.ReadOnlyCollection`1[System.String]","System.Collections.Generic.List`1[System.Diagnostics.Eventing.Reader.EventProperty]"
"HomeGroup status changed for HomeGroup 2. OldStatus: 4, NewStatus: %3","5013","0",,"4","0","0","-9223372036854775808","739","Microsoft-Windows-HomeGroup-ProviderService","c9bdb4eb-9287-4c8e-8378-6896f0d1c5ef","Microsoft-Windows-HomeGroup Provider Service/Operational","896","1224","rjaf-PC4429","S-1-5-19","1/24/2015 6:33:18 AM",,,"c:\users\mac_1\desktop\winevt\logs\microsoft-windows-homegroup provider service%4operational.evtx","System.UInt32[]","System.Diagnostics.Eventing.Reader.EventBookmark","Information","Info",,"System.Collections.ObjectModel.ReadOnlyCollection`1[System.String]","System.Collections.Generic.List`1[System.Diagnostics.Eventing.Reader.EventProperty]"
"HomeGroup status changed for HomeGroup 0. OldStatus: 2, NewStatus: %3","5013","0",,"4","0","0","-9223372036854775808","738","Microsoft-Windows-HomeGroup-ProviderService","c9bdb4eb-9287-4c8e-8378-6896f0d1c5ef","Microsoft-Windows-HomeGroup Provider Service/Operational","896","1224","rjaf-PC4429","S-1-5-19","1/24/2015 6:33:18 AM",,,"c:\users\mac_1\desktop\winevt\logs\microsoft-windows-homegroup provider service%4operational.evtx","System.UInt32[]","System.Diagnostics.Eventing.Reader.EventBookmark","Information","Info",,"System.Collections.ObjectModel.ReadOnlyCollection`1[System.String]","System.Collections.Generic.List`1[System.Diagnostics.Eventing.Reader.EventProperty]"
"HomeGroup status changed for HomeGroup 132. OldStatus: 4, NewStatus: %3","5013","0",,"4","0","0","-9223372036854775808","737","Microsoft-Windows-HomeGroup-ProviderService","c9bdb4eb-9287-4c8e-8378-6896f0d1c5ef","Microsoft-Windows-HomeGroup Provider Service/Operational","896","5708","rjaf-PC4429","S-1-5-19","1/24/2015 12:35:18 AM",,,"c:\users\mac_1\desktop\winevt\logs\microsoft-windows-homegroup provider service%4operational.evtx","System.UInt32[]","System.Diagnostics.Eventing.Reader.EventBookmark","Information","Info",,"System.Collections.ObjectModel.ReadOnlyCollection`1[System.String]","System.Collections.Generic.List`1[System.Diagnostics.Eventing.Reader.EventProperty]"
"HomeGroup status changed for HomeGroup 4. OldStatus: 132, NewStatus: %3","5013","0",,"4","0","0","-9223372036854775808","736","Microsoft-Windows-HomeGroup-ProviderService","c9bdb4eb-9287-4c8e-8378-6896f0d1c5ef","Microsoft-Windows-HomeGroup Provider Service/Operational","896","872","rjaf-PC4429","S-1-5-19","1/24/2015 12:20:23 AM",,,"c:\users\mac_1\desktop\winevt\logs\microsoft-windows-homegroup provider service%4operational.evtx","System.UInt32[]","System.Diagnostics.Eventing.Reader.EventBookmark","Information","Info",,"System.Collections.ObjectModel.ReadOnlyCollection`1[System.String]","System.Collections.Generic.List`1[System.Diagnostics.Eventing.Reader.EventProperty]"
"HomeGroup status changed for HomeGroup 132. OldStatus: 4, NewStatus: %3","5013","0",,"4","0","0","-9223372036854775808","735","Microsoft-Windows-HomeGroup-ProviderService","c9bdb4eb-9287-4c8e-8378-6896f0d1c5ef","Microsoft-Windows-HomeGroup Provider Service/Operational","896","3708","rjaf-PC4429","S-1-5-19","1/24/2015 12:20:14 AM",,,"c:\users\mac_1\desktop\winevt\logs\microsoft-windows-homegroup provider service%4operational.evtx","System.UInt32[]","System.Diagnostics.Eventing.Reader.EventBookmark","Information","Info",,"System.Collections.ObjectModel.ReadOnlyCollection`1[System.String]","System.Collections.Generic.List`1[System.Diagnostics.Eventing.Reader.EventProperty]"
"HomeGroup status changed for HomeGroup 4. OldStatus: 132, NewStatus: %3","5013","0",,"4","0","0","-9223372036854775808","734","Microsoft-Windows-HomeGroup-ProviderService","c9bdb4eb-9287-4c8e-8378-6896f0d1c5ef","Microsoft-Windows-HomeGroup Provider Service/Operational","896","3396","rjaf-PC4429","S-1-5-19","1/23/2015 11:35:50 PM",,,"c:\users\mac_1\desktop\winevt\logs\microsoft-windows-homegroup provider service%4operational.evtx","System.UInt32[]","System.Diagnostics.Eventing.Reader.EventBookmark","Information","Info",,"System.Collections.ObjectModel.ReadOnlyCollection`1[System.String]","System.Collections.Generic.List`1[System.Diagnostics.Eventing.Reader.EventProperty]"
"HomeGroup status changed for HomeGroup 2. OldStatus: 4, NewStatus: %3","5013","0",,"4","0","0","-9223372036854775808","733","Microsoft-Windows-HomeGroup-ProviderService","c9bdb4eb-9287-4c8e-8378-6896f0d1c5ef","Microsoft-Windows-HomeGroup Provider Service/Operational","896","912","rjaf-PC4429","S-1-5-19","1/23/2015 10:40:24 PM",,,"c:\users\mac_1\desktop\winevt\logs\microsoft-windows-homegroup provider service%4operational.evtx","System.UInt32[]","System.Diagnostics.Eventing.Reader.EventBookmark","Information","Info",,"System.Collections.ObjectModel.ReadOnlyCollection`1[System.String]","System.Collections.Generic.List`1[System.Diagnostics.Eventing.Reader.EventProperty]"
"HomeGroup status changed for HomeGroup 0. OldStatus: 2, NewStatus: %3","5013","0",,"4","0","0","-9223372036854775808","732","Microsoft-Windows-HomeGroup-ProviderService","c9bdb4eb-9287-4c8e-8378-6896f0d1c5ef","Microsoft-Windows-HomeGroup Provider Service/Operational","896","912","rjaf-PC4429","S-1-5-19","1/23/2015 10:40:24 PM",,,"c:\users\mac_1\desktop\winevt\logs\microsoft-windows-homegroup provider service%4operational.evtx","System.UInt32[]","System.Diagnostics.Eventing.Reader.EventBookmark","Information","Info",,"System.Collections.ObjectModel.ReadOnlyCollection`1[System.String]","System.Collections.Generic.List`1[System.Diagnostics.Eventing.Reader.EventProperty]"
"HomeGroup status changed for HomeGroup 132. OldStatus: 4, NewStatus: %3","5013","0",,"4","0","0","-9223372036854775808","731","Microsoft-Windows-HomeGroup-ProviderService","c9bdb4eb-9287-4c8e-8378-6896f0d1c5ef","Microsoft-Windows-HomeGroup Provider Service/Operational","884","4092","rjaf-PC4429","S-1-5-19","1/22/2015 2:29:39 AM",,,"c:\users\mac_1\desktop\winevt\logs\microsoft-windows-homegroup provider service%4operational.evtx","System.UInt32[]","System.Diagnostics.Eventing.Reader.EventBookmark","Information","Info",,"System.Collections.ObjectModel.ReadOnlyCollection`1[System.String]","System.Collections.Generic.List`1[System.Diagnostics.Eventing.Reader.EventProperty]"
"HomeGroup status changed for HomeGroup 4. OldStatus: 132, NewStatus: %3","5013","0",,"4","0","0","-9223372036854775808","730","Microsoft-Windows-HomeGroup-ProviderService","c9bdb4eb-9287-4c8e-8378-6896f0d1c5ef","Microsoft-Windows-HomeGroup Provider Service/Operational","884","1288","rjaf-PC4429","S-1-5-19","1/22/2015 2:27:59 AM",,,"c:\users\mac_1\desktop\winevt\logs\microsoft-windows-homegroup provider service%4operational.evtx","System.UInt32[]","System.Diagnostics.Eventing.Reader.EventBookmark","Information","Info",,"System.Collections.ObjectModel.ReadOnlyCollection`1[System.String]","System.Collections.Generic.List`1[System.Diagnostics.Eventing.Reader.EventProperty]"
"HomeGroup status changed for HomeGroup 132. OldStatus: 4, NewStatus: %3","5013","0",,"4","0","0","-9223372036854775808","729","Microsoft-Windows-HomeGroup-ProviderService","c9bdb4eb-9287-4c8e-8378-6896f0d1c5ef","Microsoft-Windows-HomeGroup Provider Service/Operational","884","2580","rjaf-PC4429","S-1-5-19","1/22/2015 2:27:46 AM",,,"c:\users\mac_1\desktop\winevt\logs\microsoft-windows-homegroup provider service%4operational.evtx","System.UInt32[]","System.Diagnostics.Eventing.Reader.EventBookmark","Information","Info",,"System.Collections.ObjectModel.ReadOnlyCollection`1[System.String]","System.Collections.Generic.List`1[System.Diagnostics.Eventing.Reader.EventProperty]"
"HomeGroup status changed for HomeGroup 4. OldStatus: 132, NewStatus: %3","5013","0",,"4","0","0","-9223372036854775808","728","Microsoft-Windows-HomeGroup-ProviderService","c9bdb4eb-9287-4c8e-8378-6896f0d1c5ef","Microsoft-Windows-HomeGroup Provider Service/Operational","884","1124","rjaf-PC4429","S-1-5-19","1/21/2015 11:34:42 PM",,,"c:\users\mac_1\desktop\winevt\logs\microsoft-windows-homegroup provider service%4operational.evtx","System.UInt32[]","System.Diagnostics.Eventing.Reader.EventBookmark","Information","Info",,"System.Collections.ObjectModel.ReadOnlyCollection`1[System.String]","System.Collections.Generic.List`1[System.Diagnostics.Eventing.Reader.EventProperty]"
"HomeGroup status changed for HomeGroup 132. OldStatus: 4, NewStatus: %3","5013","0",,"4","0","0","-9223372036854775808","727","Microsoft-Windows-HomeGroup-ProviderService","c9bdb4eb-9287-4c8e-8378-6896f0d1c5ef","Microsoft-Windows-HomeGroup Provider Service/Operational","884","2864","rjaf-PC4429","S-1-5-19","1/21/2015 11:31:56 PM",,,"c:\users\mac_1\desktop\winevt\logs\microsoft-windows-homegroup provider service%4operational.evtx","System.UInt32[]","System.Diagnostics.Eventing.Reader.EventBookmark","Information","Info",,"System.Collections.ObjectModel.ReadOnlyCollection`1[System.String]","System.Collections.Generic.List`1[System.Diagnostics.Eventing.Reader.EventProperty]"
"HomeGroup status changed for HomeGroup 4. OldStatus: 132, NewStatus: %3","5013","0",,"4","0","0","-9223372036854775808","726","Microsoft-Windows-HomeGroup-ProviderService","c9bdb4eb-9287-4c8e-8378-6896f0d1c5ef","Microsoft-Windows-HomeGroup Provider Service/Operational","884","1292","rjaf-PC4429","S-1-5-19","1/21/2015 10:48:50 AM",,,"c:\users\mac_1\desktop\winevt\logs\microsoft-windows-homegroup provider service%4operational.evtx","System.UInt32[]","System.Diagnostics.Eventing.Reader.EventBookmark","Information","Info",,"System.Collections.ObjectModel.ReadOnlyCollection`1[System.String]","System.Collections.Generic.List`1[System.Diagnostics.Eventing.Reader.EventProperty]"
"HomeGroup status changed for HomeGroup 132. OldStatus: 4, NewStatus: %3","5013","0",,"4","0","0","-9223372036854775808","725","Microsoft-Windows-HomeGroup-ProviderService","c9bdb4eb-9287-4c8e-8378-6896f0d1c5ef","Microsoft-Windows-HomeGroup Provider Service/Operational","884","1292","rjaf-PC4429","S-1-5-19","1/21/2015 10:48:35 AM",,,"c:\users\mac_1\desktop\winevt\logs\microsoft-windows-homegroup provider service%4operational.evtx","System.UInt32[]","System.Diagnostics.Eventing.Reader.EventBookmark","Information","Info",,"System.Collections.ObjectModel.ReadOnlyCollection`1[System.String]","System.Collections.Generic.List`1[System.Diagnostics.Eventing.Reader.EventProperty]"
"HomeGroup status changed for HomeGroup 4. OldStatus: 132, NewStatus: %3","5013","0",,"4","0","0","-9223372036854775808","724","Microsoft-Windows-HomeGroup-ProviderService","c9bdb4eb-9287-4c8e-8378-6896f0d1c5ef","Microsoft-Windows-HomeGroup Provider Service/Operational","884","3532","rjaf-PC4429","S-1-5-19","1/21/2015 4:37:44 AM",,,"c:\users\mac_1\desktop\winevt\logs\microsoft-windows-homegroup provider service%4operational.evtx","System.UInt32[]","System.Diagnostics.Eventing.Reader.EventBookmark","Information","Info",,"System.Collections.ObjectModel.ReadOnlyCollection`1[System.String]","System.Collections.Generic.List`1[System.Diagnostics.Eventing.Reader.EventProperty]"
"HomeGroup status changed for HomeGroup 132. OldStatus: 4, NewStatus: %3","5013","0",,"4","0","0","-9223372036854775808","723","Microsoft-Windows-HomeGroup-ProviderService","c9bdb4eb-9287-4c8e-8378-6896f0d1c5ef","Microsoft-Windows-HomeGroup Provider Service/Operational","884","3532","rjaf-PC4429","S-1-5-19","1/21/2015 4:37:32 AM",,,"c:\users\mac_1\desktop\winevt\logs\microsoft-windows-homegroup provider service%4operational.evtx","System.UInt32[]","System.Diagnostics.Eventing.Reader.EventBookmark","Information","Info",,"System.Collections.ObjectModel.ReadOnlyCollection`1[System.String]","System.Collections.Generic.List`1[System.Diagnostics.Eventing.Reader.EventProperty]"
"HomeGroup status changed for HomeGroup 4. OldStatus: 132, NewStatus: %3","5013","0",,"4","0","0","-9223372036854775808","722","Microsoft-Windows-HomeGroup-ProviderService","c9bdb4eb-9287-4c8e-8378-6896f0d1c5ef","Microsoft-Windows-HomeGroup Provider Service/Operational","884","1984","rjaf-PC4429","S-1-5-19","1/21/2015 2:32:09 AM",,,"c:\users\mac_1\desktop\winevt\logs\microsoft-windows-homegroup provider service%4operational.evtx","System.UInt32[]","System.Diagnostics.Eventing.Reader.EventBookmark","Information","Info",,"System.Collections.ObjectModel.ReadOnlyCollection`1[System.String]","System.Collections.Generic.List`1[System.Diagnostics.Eventing.Reader.EventProperty]"
"HomeGroup status changed for HomeGroup 132. OldStatus: 4, NewStatus: %3","5013","0",,"4","0","0","-9223372036854775808","721","Microsoft-Windows-HomeGroup-ProviderService","c9bdb4eb-9287-4c8e-8378-6896f0d1c5ef","Microsoft-Windows-HomeGroup Provider Service/Operational","884","3332","rjaf-PC4429","S-1-5-19","1/21/2015 2:31:58 AM",,,"c:\users\mac_1\desktop\winevt\logs\microsoft-windows-homegroup provider service%4operational.evtx","System.UInt32[]","System.Diagnostics.Eventing.Reader.EventBookmark","Information","Info",,"System.Collections.ObjectModel.ReadOnlyCollection`1[System.String]","System.Collections.Generic.List`1[System.Diagnostics.Eventing.Reader.EventProperty]"
"HomeGroup status changed for HomeGroup 4. OldStatus: 132, NewStatus: %3","5013","0",,"4","0","0","-9223372036854775808","720","Microsoft-Windows-HomeGroup-ProviderService","c9bdb4eb-9287-4c8e-8378-6896f0d1c5ef","Microsoft-Windows-HomeGroup Provider Service/Operational","884","1168","rjaf-PC4429","S-1-5-19","1/21/2015 12:23:58 AM",,,"c:\users\mac_1\desktop\winevt\logs\microsoft-windows-homegroup provider service%4operational.evtx","System.UInt32[]","System.Diagnostics.Eventing.Reader.EventBookmark","Information","Info",,"System.Collections.ObjectModel.ReadOnlyCollection`1[System.String]","System.Collections.Generic.List`1[System.Diagnostics.Eventing.Reader.EventProperty]"
"HomeGroup status changed for HomeGroup 132. OldStatus: 4, NewStatus: %3","5013","0",,"4","0","0","-9223372036854775808","719","Microsoft-Windows-HomeGroup-ProviderService","c9bdb4eb-9287-4c8e-8378-6896f0d1c5ef","Microsoft-Windows-HomeGroup Provider Service/Operational","884","2064","rjaf-PC4429","S-1-5-19","1/20/2015 12:38:33 AM",,,"c:\users\mac_1\desktop\winevt\logs\microsoft-windows-homegroup provider service%4operational.evtx","System.UInt32[]","System.Diagnostics.Eventing.Reader.EventBookmark","Information","Info",,"System.Collections.ObjectModel.ReadOnlyCollection`1[System.String]","System.Collections.Generic.List`1[System.Diagnostics.Eventing.Reader.EventProperty]"
"HomeGroup status changed for HomeGroup 4. OldStatus: 132, NewStatus: %3","5013","0",,"4","0","0","-9223372036854775808","718","Microsoft-Windows-HomeGroup-ProviderService","c9bdb4eb-9287-4c8e-8378-6896f0d1c5ef","Microsoft-Windows-HomeGroup Provider Service/Operational","884","2372","rjaf-PC4429","S-1-5-19","1/19/2015 10:55:31 PM",,,"c:\users\mac_1\desktop\winevt\logs\microsoft-windows-homegroup provider service%4operational.evtx","System.UInt32[]","System.Diagnostics.Eventing.Reader.EventBookmark","Information","Info",,"System.Collections.ObjectModel.ReadOnlyCollection`1[System.String]","System.Collections.Generic.List`1[System.Diagnostics.Eventing.Reader.EventProperty]"
"HomeGroup status changed for HomeGroup 132. OldStatus: 4, NewStatus: %3","5013","0",,"4","0","0","-9223372036854775808","717","Microsoft-Windows-HomeGroup-ProviderService","c9bdb4eb-9287-4c8e-8378-6896f0d1c5ef","Microsoft-Windows-HomeGroup Provider Service/Operational","884","380","rjaf-PC4429","S-1-5-19","1/19/2015 5:00:12 PM",,,"c:\users\mac_1\desktop\winevt\logs\microsoft-windows-homegroup provider service%4operational.evtx","System.UInt32[]","System.Diagnostics.Eventing.Reader.EventBookmark","Information","Info",,"System.Collections.ObjectModel.ReadOnlyCollection`1[System.String]","System.Collections.Generic.List`1[System.Diagnostics.Eventing.Reader.EventProperty]"
"HomeGroup status changed for HomeGroup 4. OldStatus: 132, NewStatus: %3","5013","0",,"4","0","0","-9223372036854775808","716","Microsoft-Windows-HomeGroup-ProviderService","c9bdb4eb-9287-4c8e-8378-6896f0d1c5ef","Microsoft-Windows-HomeGroup Provider Service/Operational","884","2672","rjaf-PC4429","S-1-5-19","1/19/2015 9:58:25 AM",,,"c:\users\mac_1\desktop\winevt\logs\microsoft-windows-homegroup provider service%4operational.evtx","System.UInt32[]","System.Diagnostics.Eventing.Reader.EventBookmark","Information","Info",,"System.Collections.ObjectModel.ReadOnlyCollection`1[System.String]","System.Collections.Generic.List`1[System.Diagnostics.Eventing.Reader.EventProperty]"
"HomeGroup status changed for HomeGroup 132. OldStatus: 4, NewStatus: %3","5013","0",,"4","0","0","-9223372036854775808","715","Microsoft-Windows-HomeGroup-ProviderService","c9bdb4eb-9287-4c8e-8378-6896f0d1c5ef","Microsoft-Windows-HomeGroup Provider Service/Operational","884","1832","rjaf-PC4429","S-1-5-19","1/19/2015 9:34:43 AM",,,"c:\users\mac_1\desktop\winevt\logs\microsoft-windows-homegroup provider service%4operational.evtx","System.UInt32[]","System.Diagnostics.Eventing.Reader.EventBookmark","Information","Info",,"System.Collections.ObjectModel.ReadOnlyCollection`1[System.String]","System.Collections.Generic.List`1[System.Diagnostics.Eventing.Reader.EventProperty]"
"HomeGroup status changed for HomeGroup 4. OldStatus: 132, NewStatus: %3","5013","0",,"4","0","0","-9223372036854775808","714","Microsoft-Windows-HomeGroup-ProviderService","c9bdb4eb-9287-4c8e-8378-6896f0d1c5ef","Microsoft-Windows-HomeGroup Provider Service/Operational","884","3564","rjaf-PC4429","S-1-5-19","1/19/2015 6:43:50 AM",,,"c:\users\mac_1\desktop\winevt\logs\microsoft-windows-homegroup provider service%4operational.evtx","System.UInt32[]","System.Diagnostics.Eventing.Reader.EventBookmark","Information","Info",,"System.Collections.ObjectModel.ReadOnlyCollection`1[System.String]","System.Collections.Generic.List`1[System.Diagnostics.Eventing.Reader.EventProperty]"
"HomeGroup status changed for HomeGroup 132. OldStatus: 4, NewStatus: %3","5013","0",,"4","0","0","-9223372036854775808","713","Microsoft-Windows-HomeGroup-ProviderService","c9bdb4eb-9287-4c8e-8378-6896f0d1c5ef","Microsoft-Windows-HomeGroup Provider Service/Operational","884","2484","rjaf-PC4429","S-1-5-19","1/19/2015 12:07:31 AM",,,"c:\users\mac_1\desktop\winevt\logs\microsoft-windows-homegroup provider service%4operational.evtx","System.UInt32[]","System.Diagnostics.Eventing.Reader.EventBookmark","Information","Info",,"System.Collections.ObjectModel.ReadOnlyCollection`1[System.String]","System.Collections.Generic.List`1[System.Diagnostics.Eventing.Reader.EventProperty]"
"HomeGroup status changed for HomeGroup 4. OldStatus: 132, NewStatus: %3","5013","0",,"4","0","0","-9223372036854775808","712","Microsoft-Windows-HomeGroup-ProviderService","c9bdb4eb-9287-4c8e-8378-6896f0d1c5ef","Microsoft-Windows-HomeGroup Provider Service/Operational","884","3144","rjaf-PC4429","S-1-5-19","1/18/2015 10:47:13 PM",,,"c:\users\mac_1\desktop\winevt\logs\microsoft-windows-homegroup provider service%4operational.evtx","System.UInt32[]","System.Diagnostics.Eventing.Reader.EventBookmark","Information","Info",,"System.Collections.ObjectModel.ReadOnlyCollection`1[System.String]","System.Collections.Generic.List`1[System.Diagnostics.Eventing.Reader.EventProperty]"
"HomeGroup status changed for HomeGroup 132. OldStatus: 4, NewStatus: %3","5013","0",,"4","0","0","-9223372036854775808","711","Microsoft-Windows-HomeGroup-ProviderService","c9bdb4eb-9287-4c8e-8378-6896f0d1c5ef","Microsoft-Windows-HomeGroup Provider Service/Operational","884","3828","rjaf-PC4429","S-1-5-19","1/18/2015 5:00:12 PM",,,"c:\users\mac_1\desktop\winevt\logs\microsoft-windows-homegroup provider service%4operational.evtx","System.UInt32[]","System.Diagnostics.Eventing.Reader.EventBookmark","Information","Info",,"System.Collections.ObjectModel.ReadOnlyCollection`1[System.String]","System.Collections.Generic.List`1[System.Diagnostics.Eventing.Reader.EventProperty]"
"HomeGroup status changed for HomeGroup 4. OldStatus: 132, NewStatus: %3","5013","0",,"4","0","0","-9223372036854775808","710","Microsoft-Windows-HomeGroup-ProviderService","c9bdb4eb-9287-4c8e-8378-6896f0d1c5ef","Microsoft-Windows-HomeGroup Provider Service/Operational","884","2128","rjaf-PC4429","S-1-5-19","1/18/2015 10:42:48 AM",,,"c:\users\mac_1\desktop\winevt\logs\microsoft-windows-homegroup provider service%4operational.evtx","System.UInt32[]","System.Diagnostics.Eventing.Reader.EventBookmark","Information","Info",,"System.Collections.ObjectModel.ReadOnlyCollection`1[System.String]","System.Collections.Generic.List`1[System.Diagnostics.Eventing.Reader.EventProperty]"
"HomeGroup status changed for HomeGroup 132. OldStatus: 4, NewStatus: %3","5013","0",,"4","0","0","-9223372036854775808","709","Microsoft-Windows-HomeGroup-ProviderService","c9bdb4eb-9287-4c8e-8378-6896f0d1c5ef","Microsoft-Windows-HomeGroup Provider Service/Operational","884","2320","rjaf-PC4429","S-1-5-19","1/18/2015 10:41:57 AM",,,"c:\users\mac_1\desktop\winevt\logs\microsoft-windows-homegroup provider service%4operational.evtx","System.UInt32[]","System.Diagnostics.Eventing.Reader.EventBookmark","Information","Info",,"System.Collections.ObjectModel.ReadOnlyCollection`1[System.String]","System.Collections.Generic.List`1[System.Diagnostics.Eventing.Reader.EventProperty]"
"HomeGroup status changed for HomeGroup 4. OldStatus: 132, NewStatus: %3","5013","0",,"4","0","0","-9223372036854775808","708","Microsoft-Windows-HomeGroup-ProviderService","c9bdb4eb-9287-4c8e-8378-6896f0d1c5ef","Microsoft-Windows-HomeGroup Provider Service/Operational","884","2128","rjaf-PC4429","S-1-5-19","1/18/2015 10:40:16 AM",,,"c:\users\mac_1\desktop\winevt\logs\microsoft-windows-homegroup provider service%4operational.evtx","System.UInt32[]","System.Diagnostics.Eventing.Reader.EventBookmark","Information","Info",,"System.Collections.ObjectModel.ReadOnlyCollection`1[System.String]","System.Collections.Generic.List`1[System.Diagnostics.Eventing.Reader.EventProperty]"
"HomeGroup status changed for HomeGroup 132. OldStatus: 4, NewStatus: %3","5013","0",,"4","0","0","-9223372036854775808","707","Microsoft-Windows-HomeGroup-ProviderService","c9bdb4eb-9287-4c8e-8378-6896f0d1c5ef","Microsoft-Windows-HomeGroup Provider Service/Operational","884","2420","rjaf-PC4429","S-1-5-19","1/18/2015 9:44:39 AM",,,"c:\users\mac_1\desktop\winevt\logs\microsoft-windows-homegroup provider service%4operational.evtx","System.UInt32[]","System.Diagnostics.Eventing.Reader.EventBookmark","Information","Info",,"System.Collections.ObjectModel.ReadOnlyCollection`1[System.String]","System.Collections.Generic.List`1[System.Diagnostics.Eventing.Reader.EventProperty]"
"HomeGroup status changed for HomeGroup 4. OldStatus: 132, NewStatus: %3","5013","0",,"4","0","0","-9223372036854775808","706","Microsoft-Windows-HomeGroup-ProviderService","c9bdb4eb-9287-4c8e-8378-6896f0d1c5ef","Microsoft-Windows-HomeGroup Provider Service/Operational","884","2144","rjaf-PC4429","S-1-5-19","1/18/2015 5:25:48 AM",,,"c:\users\mac_1\desktop\winevt\logs\microsoft-windows-homegroup provider service%4operational.evtx","System.UInt32[]","System.Diagnostics.Eventing.Reader.EventBookmark","Information","Info",,"System.Collections.ObjectModel.ReadOnlyCollection`1[System.String]","System.Collections.Generic.List`1[System.Diagnostics.Eventing.Reader.EventProperty]"
"HomeGroup status changed for HomeGroup 132. OldStatus: 4, NewStatus: %3","5013","0",,"4","0","0","-9223372036854775808","705","Microsoft-Windows-HomeGroup-ProviderService","c9bdb4eb-9287-4c8e-8378-6896f0d1c5ef","Microsoft-Windows-HomeGroup Provider Service/Operational","884","752","rjaf-PC4429","S-1-5-19","1/18/2015 5:09:51 AM",,,"c:\users\mac_1\desktop\winevt\logs\microsoft-windows-homegroup provider service%4operational.evtx","System.UInt32[]","System.Diagnostics.Eventing.Reader.EventBookmark","Information","Info",,"System.Collections.ObjectModel.ReadOnlyCollection`1[System.String]","System.Collections.Generic.List`1[System.Diagnostics.Eventing.Reader.EventProperty]"
"HomeGroup status changed for HomeGroup 4. OldStatus: 132, NewStatus: %3","5013","0",,"4","0","0","-9223372036854775808","704","Microsoft-Windows-HomeGroup-ProviderService","c9bdb4eb-9287-4c8e-8378-6896f0d1c5ef","Microsoft-Windows-HomeGroup Provider Service/Operational","884","4052","rjaf-PC4429","S-1-5-19","1/18/2015 2:54:40 AM",,,"c:\users\mac_1\desktop\winevt\logs\microsoft-windows-homegroup provider service%4operational.evtx","System.UInt32[]","System.Diagnostics.Eventing.Reader.EventBookmark","Information","Info",,"System.Collections.ObjectModel.ReadOnlyCollection`1[System.String]","System.Collections.Generic.List`1[System.Diagnostics.Eventing.Reader.EventProperty]"
"HomeGroup status changed for HomeGroup 132. OldStatus: 4, NewStatus: %3","5013","0",,"4","0","0","-9223372036854775808","703","Microsoft-Windows-HomeGroup-ProviderService","c9bdb4eb-9287-4c8e-8378-6896f0d1c5ef","Microsoft-Windows-HomeGroup Provider Service/Operational","884","824","rjaf-PC4429","S-1-5-19","1/18/2015 2:54:29 AM",,,"c:\users\mac_1\desktop\winevt\logs\microsoft-windows-homegroup provider service%4operational.evtx","System.UInt32[]","System.Diagnostics.Eventing.Reader.EventBookmark","Information","Info",,"System.Collections.ObjectModel.ReadOnlyCollection`1[System.String]","System.Collections.Generic.List`1[System.Diagnostics.Eventing.Reader.EventProperty]"
"HomeGroup status changed for HomeGroup 4. OldStatus: 132, NewStatus: %3","5013","0",,"4","0","0","-9223372036854775808","702","Microsoft-Windows-HomeGroup-ProviderService","c9bdb4eb-9287-4c8e-8378-6896f0d1c5ef","Microsoft-Windows-HomeGroup Provider Service/Operational","884","2712","rjaf-PC4429","S-1-5-19","1/18/2015 1:10:20 AM",,,"c:\users\mac_1\desktop\winevt\logs\microsoft-windows-homegroup provider service%4operational.evtx","System.UInt32[]","System.Diagnostics.Eventing.Reader.EventBookmark","Information","Info",,"System.Collections.ObjectModel.ReadOnlyCollection`1[System.String]","System.Collections.Generic.List`1[System.Diagnostics.Eventing.Reader.EventProperty]"
"HomeGroup status changed for HomeGroup 2. OldStatus: 4, NewStatus: %3","5013","0",,"4","0","0","-9223372036854775808","701","Microsoft-Windows-HomeGroup-ProviderService","c9bdb4eb-9287-4c8e-8378-6896f0d1c5ef","Microsoft-Windows-HomeGroup Provider Service/Operational","884","2720","rjaf-PC4429","S-1-5-19","1/18/2015 12:34:31 AM",,,"c:\users\mac_1\desktop\winevt\logs\microsoft-windows-homegroup provider service%4operational.evtx","System.UInt32[]","System.Diagnostics.Eventing.Reader.EventBookmark","Information","Info",,"System.Collections.ObjectModel.ReadOnlyCollection`1[System.String]","System.Collections.Generic.List`1[System.Diagnostics.Eventing.Reader.EventProperty]"
"HomeGroup status changed for HomeGroup 0. OldStatus: 2, NewStatus: %3","5013","0",,"4","0","0","-9223372036854775808","700","Microsoft-Windows-HomeGroup-ProviderService","c9bdb4eb-9287-4c8e-8378-6896f0d1c5ef","Microsoft-Windows-HomeGroup Provider Service/Operational","884","2720","rjaf-PC4429","S-1-5-19","1/18/2015 12:34:31 AM",,,"c:\users\mac_1\desktop\winevt\logs\microsoft-windows-homegroup provider service%4operational.evtx","System.UInt32[]","System.Diagnostics.Eventing.Reader.EventBookmark","Information","Info",,"System.Collections.ObjectModel.ReadOnlyCollection`1[System.String]","System.Collections.Generic.List`1[System.Diagnostics.Eventing.Reader.EventProperty]"
"HomeGroup status changed for HomeGroup 2. OldStatus: 4, NewStatus: %3","5013","0",,"4","0","0","-9223372036854775808","699","Microsoft-Windows-HomeGroup-ProviderService","c9bdb4eb-9287-4c8e-8378-6896f0d1c5ef","Microsoft-Windows-HomeGroup Provider Service/Operational","896","3132","rjaf-PC4429","S-1-5-19","1/16/2015 11:23:39 PM",,,"c:\users\mac_1\desktop\winevt\logs\microsoft-windows-homegroup provider service%4operational.evtx","System.UInt32[]","System.Diagnostics.Eventing.Reader.EventBookmark","Information","Info",,"System.Collections.ObjectModel.ReadOnlyCollection`1[System.String]","System.Collections.Generic.List`1[System.Diagnostics.Eventing.Reader.EventProperty]"
"HomeGroup status changed for HomeGroup 0. OldStatus: 2, NewStatus: %3","5013","0",,"4","0","0","-9223372036854775808","698","Microsoft-Windows-HomeGroup-ProviderService","c9bdb4eb-9287-4c8e-8378-6896f0d1c5ef","Microsoft-Windows-HomeGroup Provider Service/Operational","896","3132","rjaf-PC4429","S-1-5-19","1/16/2015 11:23:39 PM",,,"c:\users\mac_1\desktop\winevt\logs\microsoft-windows-homegroup provider service%4operational.evtx","System.UInt32[]","System.Diagnostics.Eventing.Reader.EventBookmark","Information","Info",,"System.Collections.ObjectModel.ReadOnlyCollection`1[System.String]","System.Collections.Generic.List`1[System.Diagnostics.Eventing.Reader.EventProperty]"
