"Remote Desktop Services: Session logoff succeeded:

User: RJAF-PC4429\rjaf
Session ID: 1","23","0",,"4","0","0","1152921504606846976","831","Microsoft-Windows-TerminalServices-LocalSessionManager","5d896912-022d-40aa-a3a8-4fa5515c76d7","Microsoft-Windows-TerminalServices-LocalSessionManager/Operational","568","4064","rjaf-PC4429","S-1-5-18","12/24/2014 12:05:04 AM",,,"c:\users\mac_1\desktop\winevt\logs\microsoft-windows-terminalservices-localsessionmanager%4operational.evtx","System.UInt32[]","System.Diagnostics.Eventing.Reader.EventBookmark","Information","Info",,"System.Collections.ObjectModel.ReadOnlyCollection`1[System.String]","System.Collections.Generic.List`1[System.Diagnostics.Eventing.Reader.EventProperty]"
"Remote Desktop Services: Shell start notification received:

User: RJAF-PC4429\rjaf
Session ID: 1
Source Network Address: LOCAL","22","0",,"4","0","0","1152921504606846976","830","Microsoft-Windows-TerminalServices-LocalSessionManager","5d896912-022d-40aa-a3a8-4fa5515c76d7","Microsoft-Windows-TerminalServices-LocalSessionManager/Operational","568","800","rjaf-PC4429","S-1-5-18","12/24/2014 12:04:08 AM",,,"c:\users\mac_1\desktop\winevt\logs\microsoft-windows-terminalservices-localsessionmanager%4operational.evtx","System.UInt32[]","System.Diagnostics.Eventing.Reader.EventBookmark","Information","Info",,"System.Collections.ObjectModel.ReadOnlyCollection`1[System.String]","System.Collections.Generic.List`1[System.Diagnostics.Eventing.Reader.EventProperty]"
"Remote Desktop Services: Session logon succeeded:

User: RJAF-PC4429\rjaf
Session ID: 1
Source Network Address: LOCAL","21","0",,"4","0","0","1152921504606846976","829","Microsoft-Windows-TerminalServices-LocalSessionManager","5d896912-022d-40aa-a3a8-4fa5515c76d7","Microsoft-Windows-TerminalServices-LocalSessionManager/Operational","568","800","rjaf-PC4429","S-1-5-18","12/24/2014 12:04:08 AM",,,"c:\users\mac_1\desktop\winevt\logs\microsoft-windows-terminalservices-localsessionmanager%4operational.evtx","System.UInt32[]","System.Diagnostics.Eventing.Reader.EventBookmark","Information","Info",,"System.Collections.ObjectModel.ReadOnlyCollection`1[System.String]","System.Collections.Generic.List`1[System.Diagnostics.Eventing.Reader.EventProperty]"
"Remote Desktop Services: Session logoff succeeded:

User: RJAF-PC4429\rjaf
Session ID: 1","23","0",,"4","0","0","1152921504606846976","828","Microsoft-Windows-TerminalServices-LocalSessionManager","5d896912-022d-40aa-a3a8-4fa5515c76d7","Microsoft-Windows-TerminalServices-LocalSessionManager/Operational","564","3492","rjaf-PC4429","S-1-5-18","12/23/2014 11:59:34 PM",,,"c:\users\mac_1\desktop\winevt\logs\microsoft-windows-terminalservices-localsessionmanager%4operational.evtx","System.UInt32[]","System.Diagnostics.Eventing.Reader.EventBookmark","Information","Info",,"System.Collections.ObjectModel.ReadOnlyCollection`1[System.String]","System.Collections.Generic.List`1[System.Diagnostics.Eventing.Reader.EventProperty]"
"Remote Desktop Services: Shell start notification received:

User: RJAF-PC4429\rjaf
Session ID: 1
Source Network Address: LOCAL","22","0",,"4","0","0","1152921504606846976","827","Microsoft-Windows-TerminalServices-LocalSessionManager","5d896912-022d-40aa-a3a8-4fa5515c76d7","Microsoft-Windows-TerminalServices-LocalSessionManager/Operational","564","820","rjaf-PC4429","S-1-5-18","12/23/2014 11:56:32 PM",,,"c:\users\mac_1\desktop\winevt\logs\microsoft-windows-terminalservices-localsessionmanager%4operational.evtx","System.UInt32[]","System.Diagnostics.Eventing.Reader.EventBookmark","Information","Info",,"System.Collections.ObjectModel.ReadOnlyCollection`1[System.String]","System.Collections.Generic.List`1[System.Diagnostics.Eventing.Reader.EventProperty]"
"Remote Desktop Services: Session logon succeeded:

User: RJAF-PC4429\rjaf
Session ID: 1
Source Network Address: LOCAL","21","0",,"4","0","0","1152921504606846976","826","Microsoft-Windows-TerminalServices-LocalSessionManager","5d896912-022d-40aa-a3a8-4fa5515c76d7","Microsoft-Windows-TerminalServices-LocalSessionManager/Operational","564","820","rjaf-PC4429","S-1-5-18","12/23/2014 11:56:32 PM",,,"c:\users\mac_1\desktop\winevt\logs\microsoft-windows-terminalservices-localsessionmanager%4operational.evtx","System.UInt32[]","System.Diagnostics.Eventing.Reader.EventBookmark","Information","Info",,"System.Collections.ObjectModel.ReadOnlyCollection`1[System.String]","System.Collections.Generic.List`1[System.Diagnostics.Eventing.Reader.EventProperty]"
"Remote Desktop Services: Session logoff succeeded:

User: RJAF-PC4429\rjaf
Session ID: 1","23","0",,"4","0","0","1152921504606846976","825","Microsoft-Windows-TerminalServices-LocalSessionManager","5d896912-022d-40aa-a3a8-4fa5515c76d7","Microsoft-Windows-TerminalServices-LocalSessionManager/Operational","564","3316","rjaf-PC4429","S-1-5-18","12/23/2014 3:05:01 PM",,,"c:\users\mac_1\desktop\winevt\logs\microsoft-windows-terminalservices-localsessionmanager%4operational.evtx","System.UInt32[]","System.Diagnostics.Eventing.Reader.EventBookmark","Information","Info",,"System.Collections.ObjectModel.ReadOnlyCollection`1[System.String]","System.Collections.Generic.List`1[System.Diagnostics.Eventing.Reader.EventProperty]"
"Remote Desktop Services: Shell start notification received:

User: RJAF-PC4429\rjaf
Session ID: 1
Source Network Address: LOCAL","22","0",,"4","0","0","1152921504606846976","824","Microsoft-Windows-TerminalServices-LocalSessionManager","5d896912-022d-40aa-a3a8-4fa5515c76d7","Microsoft-Windows-TerminalServices-LocalSessionManager/Operational","564","1156","rjaf-PC4429","S-1-5-18","12/23/2014 1:25:23 PM",,,"c:\users\mac_1\desktop\winevt\logs\microsoft-windows-terminalservices-localsessionmanager%4operational.evtx","System.UInt32[]","System.Diagnostics.Eventing.Reader.EventBookmark","Information","Info",,"System.Collections.ObjectModel.ReadOnlyCollection`1[System.String]","System.Collections.Generic.List`1[System.Diagnostics.Eventing.Reader.EventProperty]"
"Remote Desktop Services: Session logon succeeded:

User: RJAF-PC4429\rjaf
Session ID: 1
Source Network Address: LOCAL","21","0",,"4","0","0","1152921504606846976","823","Microsoft-Windows-TerminalServices-LocalSessionManager","5d896912-022d-40aa-a3a8-4fa5515c76d7","Microsoft-Windows-TerminalServices-LocalSessionManager/Operational","564","1156","rjaf-PC4429","S-1-5-18","12/23/2014 1:25:22 PM",,,"c:\users\mac_1\desktop\winevt\logs\microsoft-windows-terminalservices-localsessionmanager%4operational.evtx","System.UInt32[]","System.Diagnostics.Eventing.Reader.EventBookmark","Information","Info",,"System.Collections.ObjectModel.ReadOnlyCollection`1[System.String]","System.Collections.Generic.List`1[System.Diagnostics.Eventing.Reader.EventProperty]"
"Remote Desktop Services: Shell start notification received:

User: RJAF-PC4429\rjaf
Session ID: 2
Source Network Address: LOCAL","22","0",,"4","0","0","1152921504606846976","822","Microsoft-Windows-TerminalServices-LocalSessionManager","5d896912-022d-40aa-a3a8-4fa5515c76d7","Microsoft-Windows-TerminalServices-LocalSessionManager/Operational","564","1748","rjaf-PC4429","S-1-5-18","12/20/2014 10:20:42 AM",,,"c:\users\mac_1\desktop\winevt\logs\microsoft-windows-terminalservices-localsessionmanager%4operational.evtx","System.UInt32[]","System.Diagnostics.Eventing.Reader.EventBookmark","Information","Info",,"System.Collections.ObjectModel.ReadOnlyCollection`1[System.String]","System.Collections.Generic.List`1[System.Diagnostics.Eventing.Reader.EventProperty]"
"Remote Desktop Services: Session logon succeeded:

User: RJAF-PC4429\rjaf
Session ID: 2
Source Network Address: LOCAL","21","0",,"4","0","0","1152921504606846976","821","Microsoft-Windows-TerminalServices-LocalSessionManager","5d896912-022d-40aa-a3a8-4fa5515c76d7","Microsoft-Windows-TerminalServices-LocalSessionManager/Operational","564","2860","rjaf-PC4429","S-1-5-18","12/20/2014 10:20:42 AM",,,"c:\users\mac_1\desktop\winevt\logs\microsoft-windows-terminalservices-localsessionmanager%4operational.evtx","System.UInt32[]","System.Diagnostics.Eventing.Reader.EventBookmark","Information","Info",,"System.Collections.ObjectModel.ReadOnlyCollection`1[System.String]","System.Collections.Generic.List`1[System.Diagnostics.Eventing.Reader.EventProperty]"
"Remote Desktop Services: Session has been disconnected:

User: RJAF-PC4429\rjaf
Session ID: 1
Source Network Address: LOCAL","24","0",,"4","0","0","1152921504606846976","820","Microsoft-Windows-TerminalServices-LocalSessionManager","5d896912-022d-40aa-a3a8-4fa5515c76d7","Microsoft-Windows-TerminalServices-LocalSessionManager/Operational","564","4364","rjaf-PC4429","S-1-5-18","12/20/2014 7:17:21 AM",,,"c:\users\mac_1\desktop\winevt\logs\microsoft-windows-terminalservices-localsessionmanager%4operational.evtx","System.UInt32[]","System.Diagnostics.Eventing.Reader.EventBookmark","Information","Info",,"System.Collections.ObjectModel.ReadOnlyCollection`1[System.String]","System.Collections.Generic.List`1[System.Diagnostics.Eventing.Reader.EventProperty]"
"Remote Desktop Services: Session logoff succeeded:

User: RJAF-PC4429\rjaf
Session ID: 1","23","0",,"4","0","0","1152921504606846976","819","Microsoft-Windows-TerminalServices-LocalSessionManager","5d896912-022d-40aa-a3a8-4fa5515c76d7","Microsoft-Windows-TerminalServices-LocalSessionManager/Operational","564","2744","rjaf-PC4429","S-1-5-18","12/20/2014 7:17:20 AM",,,"c:\users\mac_1\desktop\winevt\logs\microsoft-windows-terminalservices-localsessionmanager%4operational.evtx","System.UInt32[]","System.Diagnostics.Eventing.Reader.EventBookmark","Information","Info",,"System.Collections.ObjectModel.ReadOnlyCollection`1[System.String]","System.Collections.Generic.List`1[System.Diagnostics.Eventing.Reader.EventProperty]"
"Remote Desktop Services: Shell start notification received:

User: RJAF-PC4429\rjaf
Session ID: 1
Source Network Address: LOCAL","22","0",,"4","0","0","1152921504606846976","818","Microsoft-Windows-TerminalServices-LocalSessionManager","5d896912-022d-40aa-a3a8-4fa5515c76d7","Microsoft-Windows-TerminalServices-LocalSessionManager/Operational","564","3468","rjaf-PC4429","S-1-5-18","12/20/2014 4:14:21 AM",,,"c:\users\mac_1\desktop\winevt\logs\microsoft-windows-terminalservices-localsessionmanager%4operational.evtx","System.UInt32[]","System.Diagnostics.Eventing.Reader.EventBookmark","Information","Info",,"System.Collections.ObjectModel.ReadOnlyCollection`1[System.String]","System.Collections.Generic.List`1[System.Diagnostics.Eventing.Reader.EventProperty]"
"Remote Desktop Services: Session logon succeeded:

User: RJAF-PC4429\rjaf
Session ID: 1
Source Network Address: LOCAL","21","0",,"4","0","0","1152921504606846976","817","Microsoft-Windows-TerminalServices-LocalSessionManager","5d896912-022d-40aa-a3a8-4fa5515c76d7","Microsoft-Windows-TerminalServices-LocalSessionManager/Operational","564","5384","rjaf-PC4429","S-1-5-18","12/20/2014 4:14:21 AM",,,"c:\users\mac_1\desktop\winevt\logs\microsoft-windows-terminalservices-localsessionmanager%4operational.evtx","System.UInt32[]","System.Diagnostics.Eventing.Reader.EventBookmark","Information","Info",,"System.Collections.ObjectModel.ReadOnlyCollection`1[System.String]","System.Collections.Generic.List`1[System.Diagnostics.Eventing.Reader.EventProperty]"
"Remote Desktop Services: Session has been disconnected:

User: RJAF-PC4429\rjaf
Session ID: 2
Source Network Address: LOCAL","24","0",,"4","0","0","1152921504606846976","816","Microsoft-Windows-TerminalServices-LocalSessionManager","5d896912-022d-40aa-a3a8-4fa5515c76d7","Microsoft-Windows-TerminalServices-LocalSessionManager/Operational","564","2300","rjaf-PC4429","S-1-5-18","12/20/2014 3:08:32 AM",,,"c:\users\mac_1\desktop\winevt\logs\microsoft-windows-terminalservices-localsessionmanager%4operational.evtx","System.UInt32[]","System.Diagnostics.Eventing.Reader.EventBookmark","Information","Info",,"System.Collections.ObjectModel.ReadOnlyCollection`1[System.String]","System.Collections.Generic.List`1[System.Diagnostics.Eventing.Reader.EventProperty]"
"Remote Desktop Services: Session logoff succeeded:

User: RJAF-PC4429\rjaf
Session ID: 2","23","0",,"4","0","0","1152921504606846976","815","Microsoft-Windows-TerminalServices-LocalSessionManager","5d896912-022d-40aa-a3a8-4fa5515c76d7","Microsoft-Windows-TerminalServices-LocalSessionManager/Operational","564","544","rjaf-PC4429","S-1-5-18","12/20/2014 3:08:30 AM",,,"c:\users\mac_1\desktop\winevt\logs\microsoft-windows-terminalservices-localsessionmanager%4operational.evtx","System.UInt32[]","System.Diagnostics.Eventing.Reader.EventBookmark","Information","Info",,"System.Collections.ObjectModel.ReadOnlyCollection`1[System.String]","System.Collections.Generic.List`1[System.Diagnostics.Eventing.Reader.EventProperty]"
"Remote Desktop Services: Shell start notification received:

User: RJAF-PC4429\rjaf
Session ID: 2
Source Network Address: LOCAL","22","0",,"4","0","0","1152921504606846976","814","Microsoft-Windows-TerminalServices-LocalSessionManager","5d896912-022d-40aa-a3a8-4fa5515c76d7","Microsoft-Windows-TerminalServices-LocalSessionManager/Operational","564","3948","rjaf-PC4429","S-1-5-18","12/20/2014 2:43:34 AM",,,"c:\users\mac_1\desktop\winevt\logs\microsoft-windows-terminalservices-localsessionmanager%4operational.evtx","System.UInt32[]","System.Diagnostics.Eventing.Reader.EventBookmark","Information","Info",,"System.Collections.ObjectModel.ReadOnlyCollection`1[System.String]","System.Collections.Generic.List`1[System.Diagnostics.Eventing.Reader.EventProperty]"
"Remote Desktop Services: Session logon succeeded:

User: RJAF-PC4429\rjaf
Session ID: 2
Source Network Address: LOCAL","21","0",,"4","0","0","1152921504606846976","813","Microsoft-Windows-TerminalServices-LocalSessionManager","5d896912-022d-40aa-a3a8-4fa5515c76d7","Microsoft-Windows-TerminalServices-LocalSessionManager/Operational","564","2212","rjaf-PC4429","S-1-5-18","12/20/2014 2:43:33 AM",,,"c:\users\mac_1\desktop\winevt\logs\microsoft-windows-terminalservices-localsessionmanager%4operational.evtx","System.UInt32[]","System.Diagnostics.Eventing.Reader.EventBookmark","Information","Info",,"System.Collections.ObjectModel.ReadOnlyCollection`1[System.String]","System.Collections.Generic.List`1[System.Diagnostics.Eventing.Reader.EventProperty]"
"Remote Desktop Services: Session has been disconnected:

User: RJAF-PC4429\rjaf
Session ID: 1
Source Network Address: LOCAL","24","0",,"4","0","0","1152921504606846976","812","Microsoft-Windows-TerminalServices-LocalSessionManager","5d896912-022d-40aa-a3a8-4fa5515c76d7","Microsoft-Windows-TerminalServices-LocalSessionManager/Operational","564","4432","rjaf-PC4429","S-1-5-18","12/20/2014 12:31:32 AM",,,"c:\users\mac_1\desktop\winevt\logs\microsoft-windows-terminalservices-localsessionmanager%4operational.evtx","System.UInt32[]","System.Diagnostics.Eventing.Reader.EventBookmark","Information","Info",,"System.Collections.ObjectModel.ReadOnlyCollection`1[System.String]","System.Collections.Generic.List`1[System.Diagnostics.Eventing.Reader.EventProperty]"
"Remote Desktop Services: Session logoff succeeded:

User: RJAF-PC4429\rjaf
Session ID: 1","23","0",,"4","0","0","1152921504606846976","811","Microsoft-Windows-TerminalServices-LocalSessionManager","5d896912-022d-40aa-a3a8-4fa5515c76d7","Microsoft-Windows-TerminalServices-LocalSessionManager/Operational","564","4432","rjaf-PC4429","S-1-5-18","12/20/2014 12:31:31 AM",,,"c:\users\mac_1\desktop\winevt\logs\microsoft-windows-terminalservices-localsessionmanager%4operational.evtx","System.UInt32[]","System.Diagnostics.Eventing.Reader.EventBookmark","Information","Info",,"System.Collections.ObjectModel.ReadOnlyCollection`1[System.String]","System.Collections.Generic.List`1[System.Diagnostics.Eventing.Reader.EventProperty]"
"Remote Desktop Services: Shell start notification received:

User: RJAF-PC4429\rjaf
Session ID: 1
Source Network Address: LOCAL","22","0",,"4","0","0","1152921504606846976","810","Microsoft-Windows-TerminalServices-LocalSessionManager","5d896912-022d-40aa-a3a8-4fa5515c76d7","Microsoft-Windows-TerminalServices-LocalSessionManager/Operational","564","5280","rjaf-PC4429","S-1-5-18","12/20/2014 12:13:39 AM",,,"c:\users\mac_1\desktop\winevt\logs\microsoft-windows-terminalservices-localsessionmanager%4operational.evtx","System.UInt32[]","System.Diagnostics.Eventing.Reader.EventBookmark","Information","Info",,"System.Collections.ObjectModel.ReadOnlyCollection`1[System.String]","System.Collections.Generic.List`1[System.Diagnostics.Eventing.Reader.EventProperty]"
"Remote Desktop Services: Session logon succeeded:

User: RJAF-PC4429\rjaf
Session ID: 1
Source Network Address: LOCAL","21","0",,"4","0","0","1152921504606846976","809","Microsoft-Windows-TerminalServices-LocalSessionManager","5d896912-022d-40aa-a3a8-4fa5515c76d7","Microsoft-Windows-TerminalServices-LocalSessionManager/Operational","564","3016","rjaf-PC4429","S-1-5-18","12/20/2014 12:13:39 AM",,,"c:\users\mac_1\desktop\winevt\logs\microsoft-windows-terminalservices-localsessionmanager%4operational.evtx","System.UInt32[]","System.Diagnostics.Eventing.Reader.EventBookmark","Information","Info",,"System.Collections.ObjectModel.ReadOnlyCollection`1[System.String]","System.Collections.Generic.List`1[System.Diagnostics.Eventing.Reader.EventProperty]"
"Remote Desktop Services: Session has been disconnected:

User: RJAF-PC4429\rjaf
Session ID: 1
Source Network Address: LOCAL","24","0",,"4","0","0","1152921504606846976","808","Microsoft-Windows-TerminalServices-LocalSessionManager","5d896912-022d-40aa-a3a8-4fa5515c76d7","Microsoft-Windows-TerminalServices-LocalSessionManager/Operational","564","2192","rjaf-PC4429","S-1-5-18","12/19/2014 10:41:52 AM",,,"c:\users\mac_1\desktop\winevt\logs\microsoft-windows-terminalservices-localsessionmanager%4operational.evtx","System.UInt32[]","System.Diagnostics.Eventing.Reader.EventBookmark","Information","Info",,"System.Collections.ObjectModel.ReadOnlyCollection`1[System.String]","System.Collections.Generic.List`1[System.Diagnostics.Eventing.Reader.EventProperty]"
"Remote Desktop Services: Session logoff succeeded:

User: RJAF-PC4429\rjaf
Session ID: 1","23","0",,"4","0","0","1152921504606846976","807","Microsoft-Windows-TerminalServices-LocalSessionManager","5d896912-022d-40aa-a3a8-4fa5515c76d7","Microsoft-Windows-TerminalServices-LocalSessionManager/Operational","564","5116","rjaf-PC4429","S-1-5-18","12/19/2014 10:41:51 AM",,,"c:\users\mac_1\desktop\winevt\logs\microsoft-windows-terminalservices-localsessionmanager%4operational.evtx","System.UInt32[]","System.Diagnostics.Eventing.Reader.EventBookmark","Information","Info",,"System.Collections.ObjectModel.ReadOnlyCollection`1[System.String]","System.Collections.Generic.List`1[System.Diagnostics.Eventing.Reader.EventProperty]"
"Remote Desktop Services: Shell start notification received:

User: RJAF-PC4429\rjaf
Session ID: 1
Source Network Address: LOCAL","22","0",,"4","0","0","1152921504606846976","806","Microsoft-Windows-TerminalServices-LocalSessionManager","5d896912-022d-40aa-a3a8-4fa5515c76d7","Microsoft-Windows-TerminalServices-LocalSessionManager/Operational","564","824","rjaf-PC4429","S-1-5-18","12/18/2014 10:55:46 PM",,,"c:\users\mac_1\desktop\winevt\logs\microsoft-windows-terminalservices-localsessionmanager%4operational.evtx","System.UInt32[]","System.Diagnostics.Eventing.Reader.EventBookmark","Information","Info",,"System.Collections.ObjectModel.ReadOnlyCollection`1[System.String]","System.Collections.Generic.List`1[System.Diagnostics.Eventing.Reader.EventProperty]"
"Remote Desktop Services: Session logon succeeded:

User: RJAF-PC4429\rjaf
Session ID: 1
Source Network Address: LOCAL","21","0",,"4","0","0","1152921504606846976","805","Microsoft-Windows-TerminalServices-LocalSessionManager","5d896912-022d-40aa-a3a8-4fa5515c76d7","Microsoft-Windows-TerminalServices-LocalSessionManager/Operational","564","884","rjaf-PC4429","S-1-5-18","12/18/2014 10:55:46 PM",,,"c:\users\mac_1\desktop\winevt\logs\microsoft-windows-terminalservices-localsessionmanager%4operational.evtx","System.UInt32[]","System.Diagnostics.Eventing.Reader.EventBookmark","Information","Info",,"System.Collections.ObjectModel.ReadOnlyCollection`1[System.String]","System.Collections.Generic.List`1[System.Diagnostics.Eventing.Reader.EventProperty]"
"Remote Desktop Services: Session logoff succeeded:

User: RJAF-PC4429\rjaf
Session ID: 1","23","0",,"4","0","0","1152921504606846976","804","Microsoft-Windows-TerminalServices-LocalSessionManager","5d896912-022d-40aa-a3a8-4fa5515c76d7","Microsoft-Windows-TerminalServices-LocalSessionManager/Operational","564","3604","rjaf-PC4429","S-1-5-18","12/18/2014 12:40:59 PM",,,"c:\users\mac_1\desktop\winevt\logs\microsoft-windows-terminalservices-localsessionmanager%4operational.evtx","System.UInt32[]","System.Diagnostics.Eventing.Reader.EventBookmark","Information","Info",,"System.Collections.ObjectModel.ReadOnlyCollection`1[System.String]","System.Collections.Generic.List`1[System.Diagnostics.Eventing.Reader.EventProperty]"
"Remote Desktop Services: Shell start notification received:

User: RJAF-PC4429\rjaf
Session ID: 1
Source Network Address: LOCAL","22","0",,"4","0","0","1152921504606846976","803","Microsoft-Windows-TerminalServices-LocalSessionManager","5d896912-022d-40aa-a3a8-4fa5515c76d7","Microsoft-Windows-TerminalServices-LocalSessionManager/Operational","564","820","rjaf-PC4429","S-1-5-18","12/17/2014 5:21:45 AM",,,"c:\users\mac_1\desktop\winevt\logs\microsoft-windows-terminalservices-localsessionmanager%4operational.evtx","System.UInt32[]","System.Diagnostics.Eventing.Reader.EventBookmark","Information","Info",,"System.Collections.ObjectModel.ReadOnlyCollection`1[System.String]","System.Collections.Generic.List`1[System.Diagnostics.Eventing.Reader.EventProperty]"
"Remote Desktop Services: Session logon succeeded:

User: RJAF-PC4429\rjaf
Session ID: 1
Source Network Address: LOCAL","21","0",,"4","0","0","1152921504606846976","802","Microsoft-Windows-TerminalServices-LocalSessionManager","5d896912-022d-40aa-a3a8-4fa5515c76d7","Microsoft-Windows-TerminalServices-LocalSessionManager/Operational","564","820","rjaf-PC4429","S-1-5-18","12/17/2014 5:21:45 AM",,,"c:\users\mac_1\desktop\winevt\logs\microsoft-windows-terminalservices-localsessionmanager%4operational.evtx","System.UInt32[]","System.Diagnostics.Eventing.Reader.EventBookmark","Information","Info",,"System.Collections.ObjectModel.ReadOnlyCollection`1[System.String]","System.Collections.Generic.List`1[System.Diagnostics.Eventing.Reader.EventProperty]"
"Remote Desktop Services: Session logoff succeeded:

User: RJAF-PC4429\rjaf
Session ID: 1","23","0",,"4","0","0","1152921504606846976","801","Microsoft-Windows-TerminalServices-LocalSessionManager","5d896912-022d-40aa-a3a8-4fa5515c76d7","Microsoft-Windows-TerminalServices-LocalSessionManager/Operational","572","1936","rjaf-PC4429","S-1-5-18","12/17/2014 3:50:58 AM",,,"c:\users\mac_1\desktop\winevt\logs\microsoft-windows-terminalservices-localsessionmanager%4operational.evtx","System.UInt32[]","System.Diagnostics.Eventing.Reader.EventBookmark","Information","Info",,"System.Collections.ObjectModel.ReadOnlyCollection`1[System.String]","System.Collections.Generic.List`1[System.Diagnostics.Eventing.Reader.EventProperty]"
"Remote Desktop Services: Shell start notification received:

User: RJAF-PC4429\rjaf
Session ID: 1
Source Network Address: LOCAL","22","0",,"4","0","0","1152921504606846976","800","Microsoft-Windows-TerminalServices-LocalSessionManager","5d896912-022d-40aa-a3a8-4fa5515c76d7","Microsoft-Windows-TerminalServices-LocalSessionManager/Operational","572","828","rjaf-PC4429","S-1-5-18","12/17/2014 1:23:50 AM",,,"c:\users\mac_1\desktop\winevt\logs\microsoft-windows-terminalservices-localsessionmanager%4operational.evtx","System.UInt32[]","System.Diagnostics.Eventing.Reader.EventBookmark","Information","Info",,"System.Collections.ObjectModel.ReadOnlyCollection`1[System.String]","System.Collections.Generic.List`1[System.Diagnostics.Eventing.Reader.EventProperty]"
"Remote Desktop Services: Session logon succeeded:

User: RJAF-PC4429\rjaf
Session ID: 1
Source Network Address: LOCAL","21","0",,"4","0","0","1152921504606846976","799","Microsoft-Windows-TerminalServices-LocalSessionManager","5d896912-022d-40aa-a3a8-4fa5515c76d7","Microsoft-Windows-TerminalServices-LocalSessionManager/Operational","572","828","rjaf-PC4429","S-1-5-18","12/17/2014 1:23:50 AM",,,"c:\users\mac_1\desktop\winevt\logs\microsoft-windows-terminalservices-localsessionmanager%4operational.evtx","System.UInt32[]","System.Diagnostics.Eventing.Reader.EventBookmark","Information","Info",,"System.Collections.ObjectModel.ReadOnlyCollection`1[System.String]","System.Collections.Generic.List`1[System.Diagnostics.Eventing.Reader.EventProperty]"
"Remote Desktop Services: Session logoff succeeded:

User: RJAF-PC4429\rjaf
Session ID: 1","23","0",,"4","0","0","1152921504606846976","798","Microsoft-Windows-TerminalServices-LocalSessionManager","5d896912-022d-40aa-a3a8-4fa5515c76d7","Microsoft-Windows-TerminalServices-LocalSessionManager/Operational","564","2824","rjaf-PC4429","S-1-5-18","12/16/2014 1:55:26 PM",,,"c:\users\mac_1\desktop\winevt\logs\microsoft-windows-terminalservices-localsessionmanager%4operational.evtx","System.UInt32[]","System.Diagnostics.Eventing.Reader.EventBookmark","Information","Info",,"System.Collections.ObjectModel.ReadOnlyCollection`1[System.String]","System.Collections.Generic.List`1[System.Diagnostics.Eventing.Reader.EventProperty]"
"Remote Desktop Services: Shell start notification received:

User: RJAF-PC4429\rjaf
Session ID: 1
Source Network Address: LOCAL","22","0",,"4","0","0","1152921504606846976","797","Microsoft-Windows-TerminalServices-LocalSessionManager","5d896912-022d-40aa-a3a8-4fa5515c76d7","Microsoft-Windows-TerminalServices-LocalSessionManager/Operational","564","1168","rjaf-PC4429","S-1-5-18","12/15/2014 11:34:28 PM",,,"c:\users\mac_1\desktop\winevt\logs\microsoft-windows-terminalservices-localsessionmanager%4operational.evtx","System.UInt32[]","System.Diagnostics.Eventing.Reader.EventBookmark","Information","Info",,"System.Collections.ObjectModel.ReadOnlyCollection`1[System.String]","System.Collections.Generic.List`1[System.Diagnostics.Eventing.Reader.EventProperty]"
"Remote Desktop Services: Session logon succeeded:

User: RJAF-PC4429\rjaf
Session ID: 1
Source Network Address: LOCAL","21","0",,"4","0","0","1152921504606846976","796","Microsoft-Windows-TerminalServices-LocalSessionManager","5d896912-022d-40aa-a3a8-4fa5515c76d7","Microsoft-Windows-TerminalServices-LocalSessionManager/Operational","564","1168","rjaf-PC4429","S-1-5-18","12/15/2014 11:34:28 PM",,,"c:\users\mac_1\desktop\winevt\logs\microsoft-windows-terminalservices-localsessionmanager%4operational.evtx","System.UInt32[]","System.Diagnostics.Eventing.Reader.EventBookmark","Information","Info",,"System.Collections.ObjectModel.ReadOnlyCollection`1[System.String]","System.Collections.Generic.List`1[System.Diagnostics.Eventing.Reader.EventProperty]"
"Remote Desktop Services: Session logoff succeeded:

User: RJAF-PC4429\rjaf
Session ID: 1","23","0",,"4","0","0","1152921504606846976","795","Microsoft-Windows-TerminalServices-LocalSessionManager","5d896912-022d-40aa-a3a8-4fa5515c76d7","Microsoft-Windows-TerminalServices-LocalSessionManager/Operational","564","3424","rjaf-PC4429","S-1-5-18","12/15/2014 3:21:11 PM",,,"c:\users\mac_1\desktop\winevt\logs\microsoft-windows-terminalservices-localsessionmanager%4operational.evtx","System.UInt32[]","System.Diagnostics.Eventing.Reader.EventBookmark","Information","Info",,"System.Collections.ObjectModel.ReadOnlyCollection`1[System.String]","System.Collections.Generic.List`1[System.Diagnostics.Eventing.Reader.EventProperty]"
"Remote Desktop Services: Shell start notification received:

User: RJAF-PC4429\rjaf
Session ID: 1
Source Network Address: LOCAL","22","0",,"4","0","0","1152921504606846976","794","Microsoft-Windows-TerminalServices-LocalSessionManager","5d896912-022d-40aa-a3a8-4fa5515c76d7","Microsoft-Windows-TerminalServices-LocalSessionManager/Operational","564","804","rjaf-PC4429","S-1-5-18","12/15/2014 6:30:08 AM",,,"c:\users\mac_1\desktop\winevt\logs\microsoft-windows-terminalservices-localsessionmanager%4operational.evtx","System.UInt32[]","System.Diagnostics.Eventing.Reader.EventBookmark","Information","Info",,"System.Collections.ObjectModel.ReadOnlyCollection`1[System.String]","System.Collections.Generic.List`1[System.Diagnostics.Eventing.Reader.EventProperty]"
"Remote Desktop Services: Session logon succeeded:

User: RJAF-PC4429\rjaf
Session ID: 1
Source Network Address: LOCAL","21","0",,"4","0","0","1152921504606846976","793","Microsoft-Windows-TerminalServices-LocalSessionManager","5d896912-022d-40aa-a3a8-4fa5515c76d7","Microsoft-Windows-TerminalServices-LocalSessionManager/Operational","564","804","rjaf-PC4429","S-1-5-18","12/15/2014 6:30:08 AM",,,"c:\users\mac_1\desktop\winevt\logs\microsoft-windows-terminalservices-localsessionmanager%4operational.evtx","System.UInt32[]","System.Diagnostics.Eventing.Reader.EventBookmark","Information","Info",,"System.Collections.ObjectModel.ReadOnlyCollection`1[System.String]","System.Collections.Generic.List`1[System.Diagnostics.Eventing.Reader.EventProperty]"
"Remote Desktop Services: Shell start notification received:

User: RJAF-PC4429\rjaf
Session ID: 1
Source Network Address: LOCAL","22","0",,"4","0","0","1152921504606846976","792","Microsoft-Windows-TerminalServices-LocalSessionManager","5d896912-022d-40aa-a3a8-4fa5515c76d7","Microsoft-Windows-TerminalServices-LocalSessionManager/Operational","568","868","rjaf-PC4429","S-1-5-18","12/15/2014 4:01:23 AM",,,"c:\users\mac_1\desktop\winevt\logs\microsoft-windows-terminalservices-localsessionmanager%4operational.evtx","System.UInt32[]","System.Diagnostics.Eventing.Reader.EventBookmark","Information","Info",,"System.Collections.ObjectModel.ReadOnlyCollection`1[System.String]","System.Collections.Generic.List`1[System.Diagnostics.Eventing.Reader.EventProperty]"
"Remote Desktop Services: Session logon succeeded:

User: RJAF-PC4429\rjaf
Session ID: 1
Source Network Address: LOCAL","21","0",,"4","0","0","1152921504606846976","791","Microsoft-Windows-TerminalServices-LocalSessionManager","5d896912-022d-40aa-a3a8-4fa5515c76d7","Microsoft-Windows-TerminalServices-LocalSessionManager/Operational","568","868","rjaf-PC4429","S-1-5-18","12/15/2014 4:01:23 AM",,,"c:\users\mac_1\desktop\winevt\logs\microsoft-windows-terminalservices-localsessionmanager%4operational.evtx","System.UInt32[]","System.Diagnostics.Eventing.Reader.EventBookmark","Information","Info",,"System.Collections.ObjectModel.ReadOnlyCollection`1[System.String]","System.Collections.Generic.List`1[System.Diagnostics.Eventing.Reader.EventProperty]"
"Remote Desktop Services: Session logoff succeeded:

User: RJAF-PC4429\rjaf
Session ID: 1","23","0",,"4","0","0","1152921504606846976","790","Microsoft-Windows-TerminalServices-LocalSessionManager","5d896912-022d-40aa-a3a8-4fa5515c76d7","Microsoft-Windows-TerminalServices-LocalSessionManager/Operational","564","1376","rjaf-PC4429","S-1-5-18","12/15/2014 3:00:21 AM",,,"c:\users\mac_1\desktop\winevt\logs\microsoft-windows-terminalservices-localsessionmanager%4operational.evtx","System.UInt32[]","System.Diagnostics.Eventing.Reader.EventBookmark","Information","Info",,"System.Collections.ObjectModel.ReadOnlyCollection`1[System.String]","System.Collections.Generic.List`1[System.Diagnostics.Eventing.Reader.EventProperty]"
"Remote Desktop Services: Shell start notification received:

User: RJAF-PC4429\rjaf
Session ID: 1
Source Network Address: LOCAL","22","0",,"4","0","0","1152921504606846976","789","Microsoft-Windows-TerminalServices-LocalSessionManager","5d896912-022d-40aa-a3a8-4fa5515c76d7","Microsoft-Windows-TerminalServices-LocalSessionManager/Operational","564","2924","rjaf-PC4429","S-1-5-18","12/13/2014 11:20:52 PM",,,"c:\users\mac_1\desktop\winevt\logs\microsoft-windows-terminalservices-localsessionmanager%4operational.evtx","System.UInt32[]","System.Diagnostics.Eventing.Reader.EventBookmark","Information","Info",,"System.Collections.ObjectModel.ReadOnlyCollection`1[System.String]","System.Collections.Generic.List`1[System.Diagnostics.Eventing.Reader.EventProperty]"
"Remote Desktop Services: Session logon succeeded:

User: RJAF-PC4429\rjaf
Session ID: 1
Source Network Address: LOCAL","21","0",,"4","0","0","1152921504606846976","788","Microsoft-Windows-TerminalServices-LocalSessionManager","5d896912-022d-40aa-a3a8-4fa5515c76d7","Microsoft-Windows-TerminalServices-LocalSessionManager/Operational","564","592","rjaf-PC4429","S-1-5-18","12/13/2014 11:20:52 PM",,,"c:\users\mac_1\desktop\winevt\logs\microsoft-windows-terminalservices-localsessionmanager%4operational.evtx","System.UInt32[]","System.Diagnostics.Eventing.Reader.EventBookmark","Information","Info",,"System.Collections.ObjectModel.ReadOnlyCollection`1[System.String]","System.Collections.Generic.List`1[System.Diagnostics.Eventing.Reader.EventProperty]"
"Remote Desktop Services: Session logoff succeeded:

User: RJAF-PC4429\rjaf
Session ID: 2","23","0",,"4","0","0","1152921504606846976","787","Microsoft-Windows-TerminalServices-LocalSessionManager","5d896912-022d-40aa-a3a8-4fa5515c76d7","Microsoft-Windows-TerminalServices-LocalSessionManager/Operational","564","784","rjaf-PC4429","S-1-5-18","12/11/2014 5:19:07 PM",,,"c:\users\mac_1\desktop\winevt\logs\microsoft-windows-terminalservices-localsessionmanager%4operational.evtx","System.UInt32[]","System.Diagnostics.Eventing.Reader.EventBookmark","Information","Info",,"System.Collections.ObjectModel.ReadOnlyCollection`1[System.String]","System.Collections.Generic.List`1[System.Diagnostics.Eventing.Reader.EventProperty]"
"Remote Desktop Services: Shell start notification received:

User: RJAF-PC4429\rjaf
Session ID: 2
Source Network Address: LOCAL","22","0",,"4","0","0","1152921504606846976","786","Microsoft-Windows-TerminalServices-LocalSessionManager","5d896912-022d-40aa-a3a8-4fa5515c76d7","Microsoft-Windows-TerminalServices-LocalSessionManager/Operational","564","832","rjaf-PC4429","S-1-5-18","12/10/2014 9:25:26 AM",,,"c:\users\mac_1\desktop\winevt\logs\microsoft-windows-terminalservices-localsessionmanager%4operational.evtx","System.UInt32[]","System.Diagnostics.Eventing.Reader.EventBookmark","Information","Info",,"System.Collections.ObjectModel.ReadOnlyCollection`1[System.String]","System.Collections.Generic.List`1[System.Diagnostics.Eventing.Reader.EventProperty]"
"Remote Desktop Services: Session logon succeeded:

User: RJAF-PC4429\rjaf
Session ID: 2
Source Network Address: LOCAL","21","0",,"4","0","0","1152921504606846976","785","Microsoft-Windows-TerminalServices-LocalSessionManager","5d896912-022d-40aa-a3a8-4fa5515c76d7","Microsoft-Windows-TerminalServices-LocalSessionManager/Operational","564","2232","rjaf-PC4429","S-1-5-18","12/10/2014 9:25:26 AM",,,"c:\users\mac_1\desktop\winevt\logs\microsoft-windows-terminalservices-localsessionmanager%4operational.evtx","System.UInt32[]","System.Diagnostics.Eventing.Reader.EventBookmark","Information","Info",,"System.Collections.ObjectModel.ReadOnlyCollection`1[System.String]","System.Collections.Generic.List`1[System.Diagnostics.Eventing.Reader.EventProperty]"
"Remote Desktop Services: Session has been disconnected:

User: RJAF-PC4429\rjaf
Session ID: 1
Source Network Address: LOCAL","24","0",,"4","0","0","1152921504606846976","784","Microsoft-Windows-TerminalServices-LocalSessionManager","5d896912-022d-40aa-a3a8-4fa5515c76d7","Microsoft-Windows-TerminalServices-LocalSessionManager/Operational","564","2676","rjaf-PC4429","S-1-5-18","12/10/2014 8:02:04 AM",,,"c:\users\mac_1\desktop\winevt\logs\microsoft-windows-terminalservices-localsessionmanager%4operational.evtx","System.UInt32[]","System.Diagnostics.Eventing.Reader.EventBookmark","Information","Info",,"System.Collections.ObjectModel.ReadOnlyCollection`1[System.String]","System.Collections.Generic.List`1[System.Diagnostics.Eventing.Reader.EventProperty]"
"Remote Desktop Services: Session logoff succeeded:

User: RJAF-PC4429\rjaf
Session ID: 1","23","0",,"4","0","0","1152921504606846976","783","Microsoft-Windows-TerminalServices-LocalSessionManager","5d896912-022d-40aa-a3a8-4fa5515c76d7","Microsoft-Windows-TerminalServices-LocalSessionManager/Operational","564","2676","rjaf-PC4429","S-1-5-18","12/10/2014 8:02:02 AM",,,"c:\users\mac_1\desktop\winevt\logs\microsoft-windows-terminalservices-localsessionmanager%4operational.evtx","System.UInt32[]","System.Diagnostics.Eventing.Reader.EventBookmark","Information","Info",,"System.Collections.ObjectModel.ReadOnlyCollection`1[System.String]","System.Collections.Generic.List`1[System.Diagnostics.Eventing.Reader.EventProperty]"
"Remote Desktop Services: Shell start notification received:

User: RJAF-PC4429\rjaf
Session ID: 1
Source Network Address: LOCAL","22","0",,"4","0","0","1152921504606846976","782","Microsoft-Windows-TerminalServices-LocalSessionManager","5d896912-022d-40aa-a3a8-4fa5515c76d7","Microsoft-Windows-TerminalServices-LocalSessionManager/Operational","564","812","rjaf-PC4429","S-1-5-18","12/10/2014 7:45:59 AM",,,"c:\users\mac_1\desktop\winevt\logs\microsoft-windows-terminalservices-localsessionmanager%4operational.evtx","System.UInt32[]","System.Diagnostics.Eventing.Reader.EventBookmark","Information","Info",,"System.Collections.ObjectModel.ReadOnlyCollection`1[System.String]","System.Collections.Generic.List`1[System.Diagnostics.Eventing.Reader.EventProperty]"
"Remote Desktop Services: Session logon succeeded:

User: RJAF-PC4429\rjaf
Session ID: 1
Source Network Address: LOCAL","21","0",,"4","0","0","1152921504606846976","781","Microsoft-Windows-TerminalServices-LocalSessionManager","5d896912-022d-40aa-a3a8-4fa5515c76d7","Microsoft-Windows-TerminalServices-LocalSessionManager/Operational","564","812","rjaf-PC4429","S-1-5-18","12/10/2014 7:45:59 AM",,,"c:\users\mac_1\desktop\winevt\logs\microsoft-windows-terminalservices-localsessionmanager%4operational.evtx","System.UInt32[]","System.Diagnostics.Eventing.Reader.EventBookmark","Information","Info",,"System.Collections.ObjectModel.ReadOnlyCollection`1[System.String]","System.Collections.Generic.List`1[System.Diagnostics.Eventing.Reader.EventProperty]"
"Remote Desktop Services: Shell start notification received:

User: RJAF-PC4429\rjaf
Session ID: 2
Source Network Address: LOCAL","22","0",,"4","0","0","1152921504606846976","780","Microsoft-Windows-TerminalServices-LocalSessionManager","5d896912-022d-40aa-a3a8-4fa5515c76d7","Microsoft-Windows-TerminalServices-LocalSessionManager/Operational","564","3688","rjaf-PC4429","S-1-5-18","12/8/2014 11:12:42 AM",,,"c:\users\mac_1\desktop\winevt\logs\microsoft-windows-terminalservices-localsessionmanager%4operational.evtx","System.UInt32[]","System.Diagnostics.Eventing.Reader.EventBookmark","Information","Info",,"System.Collections.ObjectModel.ReadOnlyCollection`1[System.String]","System.Collections.Generic.List`1[System.Diagnostics.Eventing.Reader.EventProperty]"
"Remote Desktop Services: Session logon succeeded:

User: RJAF-PC4429\rjaf
Session ID: 2
Source Network Address: LOCAL","21","0",,"4","0","0","1152921504606846976","779","Microsoft-Windows-TerminalServices-LocalSessionManager","5d896912-022d-40aa-a3a8-4fa5515c76d7","Microsoft-Windows-TerminalServices-LocalSessionManager/Operational","564","3688","rjaf-PC4429","S-1-5-18","12/8/2014 11:12:42 AM",,,"c:\users\mac_1\desktop\winevt\logs\microsoft-windows-terminalservices-localsessionmanager%4operational.evtx","System.UInt32[]","System.Diagnostics.Eventing.Reader.EventBookmark","Information","Info",,"System.Collections.ObjectModel.ReadOnlyCollection`1[System.String]","System.Collections.Generic.List`1[System.Diagnostics.Eventing.Reader.EventProperty]"
"Remote Desktop Services: Session has been disconnected:

User: RJAF-PC4429\rjaf
Session ID: 1
Source Network Address: LOCAL","24","0",,"4","0","0","1152921504606846976","778","Microsoft-Windows-TerminalServices-LocalSessionManager","5d896912-022d-40aa-a3a8-4fa5515c76d7","Microsoft-Windows-TerminalServices-LocalSessionManager/Operational","564","2284","rjaf-PC4429","S-1-5-18","12/8/2014 8:14:19 AM",,,"c:\users\mac_1\desktop\winevt\logs\microsoft-windows-terminalservices-localsessionmanager%4operational.evtx","System.UInt32[]","System.Diagnostics.Eventing.Reader.EventBookmark","Information","Info",,"System.Collections.ObjectModel.ReadOnlyCollection`1[System.String]","System.Collections.Generic.List`1[System.Diagnostics.Eventing.Reader.EventProperty]"
"Remote Desktop Services: Session logoff succeeded:

User: RJAF-PC4429\rjaf
Session ID: 1","23","0",,"4","0","0","1152921504606846976","777","Microsoft-Windows-TerminalServices-LocalSessionManager","5d896912-022d-40aa-a3a8-4fa5515c76d7","Microsoft-Windows-TerminalServices-LocalSessionManager/Operational","564","2284","rjaf-PC4429","S-1-5-18","12/8/2014 8:14:17 AM",,,"c:\users\mac_1\desktop\winevt\logs\microsoft-windows-terminalservices-localsessionmanager%4operational.evtx","System.UInt32[]","System.Diagnostics.Eventing.Reader.EventBookmark","Information","Info",,"System.Collections.ObjectModel.ReadOnlyCollection`1[System.String]","System.Collections.Generic.List`1[System.Diagnostics.Eventing.Reader.EventProperty]"
"Remote Desktop Services: Shell start notification received:

User: RJAF-PC4429\rjaf
Session ID: 1
Source Network Address: LOCAL","22","0",,"4","0","0","1152921504606846976","776","Microsoft-Windows-TerminalServices-LocalSessionManager","5d896912-022d-40aa-a3a8-4fa5515c76d7","Microsoft-Windows-TerminalServices-LocalSessionManager/Operational","564","448","rjaf-PC4429","S-1-5-18","12/7/2014 1:57:55 AM",,,"c:\users\mac_1\desktop\winevt\logs\microsoft-windows-terminalservices-localsessionmanager%4operational.evtx","System.UInt32[]","System.Diagnostics.Eventing.Reader.EventBookmark","Information","Info",,"System.Collections.ObjectModel.ReadOnlyCollection`1[System.String]","System.Collections.Generic.List`1[System.Diagnostics.Eventing.Reader.EventProperty]"
"Remote Desktop Services: Session logon succeeded:

User: RJAF-PC4429\rjaf
Session ID: 1
Source Network Address: LOCAL","21","0",,"4","0","0","1152921504606846976","775","Microsoft-Windows-TerminalServices-LocalSessionManager","5d896912-022d-40aa-a3a8-4fa5515c76d7","Microsoft-Windows-TerminalServices-LocalSessionManager/Operational","564","832","rjaf-PC4429","S-1-5-18","12/7/2014 1:57:55 AM",,,"c:\users\mac_1\desktop\winevt\logs\microsoft-windows-terminalservices-localsessionmanager%4operational.evtx","System.UInt32[]","System.Diagnostics.Eventing.Reader.EventBookmark","Information","Info",,"System.Collections.ObjectModel.ReadOnlyCollection`1[System.String]","System.Collections.Generic.List`1[System.Diagnostics.Eventing.Reader.EventProperty]"
"Remote Desktop Services: Shell start notification received:

User: RJAF-PC4429\rjaf
Session ID: 1
Source Network Address: LOCAL","22","0",,"4","0","0","1152921504606846976","774","Microsoft-Windows-TerminalServices-LocalSessionManager","5d896912-022d-40aa-a3a8-4fa5515c76d7","Microsoft-Windows-TerminalServices-LocalSessionManager/Operational","564","816","rjaf-PC4429","S-1-5-18","12/6/2014 11:36:03 PM",,,"c:\users\mac_1\desktop\winevt\logs\microsoft-windows-terminalservices-localsessionmanager%4operational.evtx","System.UInt32[]","System.Diagnostics.Eventing.Reader.EventBookmark","Information","Info",,"System.Collections.ObjectModel.ReadOnlyCollection`1[System.String]","System.Collections.Generic.List`1[System.Diagnostics.Eventing.Reader.EventProperty]"
"Remote Desktop Services: Session logon succeeded:

User: RJAF-PC4429\rjaf
Session ID: 1
Source Network Address: LOCAL","21","0",,"4","0","0","1152921504606846976","773","Microsoft-Windows-TerminalServices-LocalSessionManager","5d896912-022d-40aa-a3a8-4fa5515c76d7","Microsoft-Windows-TerminalServices-LocalSessionManager/Operational","564","868","rjaf-PC4429","S-1-5-18","12/6/2014 11:36:03 PM",,,"c:\users\mac_1\desktop\winevt\logs\microsoft-windows-terminalservices-localsessionmanager%4operational.evtx","System.UInt32[]","System.Diagnostics.Eventing.Reader.EventBookmark","Information","Info",,"System.Collections.ObjectModel.ReadOnlyCollection`1[System.String]","System.Collections.Generic.List`1[System.Diagnostics.Eventing.Reader.EventProperty]"
"Remote Desktop Services: Session logoff succeeded:

User: RJAF-PC4429\rjaf
Session ID: 1","23","0",,"4","0","0","1152921504606846976","772","Microsoft-Windows-TerminalServices-LocalSessionManager","5d896912-022d-40aa-a3a8-4fa5515c76d7","Microsoft-Windows-TerminalServices-LocalSessionManager/Operational","564","3672","rjaf-PC4429","S-1-5-18","12/6/2014 9:25:47 AM",,,"c:\users\mac_1\desktop\winevt\logs\microsoft-windows-terminalservices-localsessionmanager%4operational.evtx","System.UInt32[]","System.Diagnostics.Eventing.Reader.EventBookmark","Information","Info",,"System.Collections.ObjectModel.ReadOnlyCollection`1[System.String]","System.Collections.Generic.List`1[System.Diagnostics.Eventing.Reader.EventProperty]"
"Remote Desktop Services: Shell start notification received:

User: RJAF-PC4429\rjaf
Session ID: 1
Source Network Address: LOCAL","22","0",,"4","0","0","1152921504606846976","771","Microsoft-Windows-TerminalServices-LocalSessionManager","5d896912-022d-40aa-a3a8-4fa5515c76d7","Microsoft-Windows-TerminalServices-LocalSessionManager/Operational","564","396","rjaf-PC4429","S-1-5-18","12/3/2014 2:49:09 AM",,,"c:\users\mac_1\desktop\winevt\logs\microsoft-windows-terminalservices-localsessionmanager%4operational.evtx","System.UInt32[]","System.Diagnostics.Eventing.Reader.EventBookmark","Information","Info",,"System.Collections.ObjectModel.ReadOnlyCollection`1[System.String]","System.Collections.Generic.List`1[System.Diagnostics.Eventing.Reader.EventProperty]"
"Remote Desktop Services: Session logon succeeded:

User: RJAF-PC4429\rjaf
Session ID: 1
Source Network Address: LOCAL","21","0",,"4","0","0","1152921504606846976","770","Microsoft-Windows-TerminalServices-LocalSessionManager","5d896912-022d-40aa-a3a8-4fa5515c76d7","Microsoft-Windows-TerminalServices-LocalSessionManager/Operational","564","116","rjaf-PC4429","S-1-5-18","12/3/2014 2:49:09 AM",,,"c:\users\mac_1\desktop\winevt\logs\microsoft-windows-terminalservices-localsessionmanager%4operational.evtx","System.UInt32[]","System.Diagnostics.Eventing.Reader.EventBookmark","Information","Info",,"System.Collections.ObjectModel.ReadOnlyCollection`1[System.String]","System.Collections.Generic.List`1[System.Diagnostics.Eventing.Reader.EventProperty]"
"Remote Desktop Services: Session reconnection succeeded:

User: RJAF-PC4429\rjaf
Session ID: 1
Source Network Address: LOCAL","25","0",,"4","0","0","1152921504606846976","769","Microsoft-Windows-TerminalServices-LocalSessionManager","5d896912-022d-40aa-a3a8-4fa5515c76d7","Microsoft-Windows-TerminalServices-LocalSessionManager/Operational","568","2312","rjaf-PC4429","S-1-5-18","12/1/2014 11:57:08 AM",,,"c:\users\mac_1\desktop\winevt\logs\microsoft-windows-terminalservices-localsessionmanager%4operational.evtx","System.UInt32[]","System.Diagnostics.Eventing.Reader.EventBookmark","Information","Info",,"System.Collections.ObjectModel.ReadOnlyCollection`1[System.String]","System.Collections.Generic.List`1[System.Diagnostics.Eventing.Reader.EventProperty]"
"Remote Desktop Services: Session has been disconnected:

User: RJAF-PC4429\rjaf
Session ID: 1
Source Network Address: LOCAL","24","0",,"4","0","0","1152921504606846976","768","Microsoft-Windows-TerminalServices-LocalSessionManager","5d896912-022d-40aa-a3a8-4fa5515c76d7","Microsoft-Windows-TerminalServices-LocalSessionManager/Operational","568","3580","rjaf-PC4429","S-1-5-18","12/1/2014 11:56:58 AM",,,"c:\users\mac_1\desktop\winevt\logs\microsoft-windows-terminalservices-localsessionmanager%4operational.evtx","System.UInt32[]","System.Diagnostics.Eventing.Reader.EventBookmark","Information","Info",,"System.Collections.ObjectModel.ReadOnlyCollection`1[System.String]","System.Collections.Generic.List`1[System.Diagnostics.Eventing.Reader.EventProperty]"
"Remote Desktop Services: Shell start notification received:

User: RJAF-PC4429\rjaf
Session ID: 1
Source Network Address: LOCAL","22","0",,"4","0","0","1152921504606846976","767","Microsoft-Windows-TerminalServices-LocalSessionManager","5d896912-022d-40aa-a3a8-4fa5515c76d7","Microsoft-Windows-TerminalServices-LocalSessionManager/Operational","568","616","rjaf-PC4429","S-1-5-18","11/30/2014 1:02:12 AM",,,"c:\users\mac_1\desktop\winevt\logs\microsoft-windows-terminalservices-localsessionmanager%4operational.evtx","System.UInt32[]","System.Diagnostics.Eventing.Reader.EventBookmark","Information","Info",,"System.Collections.ObjectModel.ReadOnlyCollection`1[System.String]","System.Collections.Generic.List`1[System.Diagnostics.Eventing.Reader.EventProperty]"
"Remote Desktop Services: Session logon succeeded:

User: RJAF-PC4429\rjaf
Session ID: 1
Source Network Address: LOCAL","21","0",,"4","0","0","1152921504606846976","766","Microsoft-Windows-TerminalServices-LocalSessionManager","5d896912-022d-40aa-a3a8-4fa5515c76d7","Microsoft-Windows-TerminalServices-LocalSessionManager/Operational","568","308","rjaf-PC4429","S-1-5-18","11/30/2014 1:02:12 AM",,,"c:\users\mac_1\desktop\winevt\logs\microsoft-windows-terminalservices-localsessionmanager%4operational.evtx","System.UInt32[]","System.Diagnostics.Eventing.Reader.EventBookmark","Information","Info",,"System.Collections.ObjectModel.ReadOnlyCollection`1[System.String]","System.Collections.Generic.List`1[System.Diagnostics.Eventing.Reader.EventProperty]"
