"The scripted diagnostic engine executed a diagnostic package located at C:\Windows\diagnostics\system\Device with ID DeviceDiagnostic.","1","0",,"4","0","0","-9223372019674906624","126","Microsoft-Windows-Diagnosis-Scripted","e1dd7e52-621d-44e3-a1ad-0370c2b25946","Microsoft-Windows-Diagnosis-Scripted/Admin","2028","2448","rjaf-PC4429","S-1-5-21-1634558665-2257203147-3060767804-1000","4/25/2014 12:55:46 PM",,,"c:\users\mac_1\desktop\winevt\logs\microsoft-windows-diagnosis-scripted%4admin.evtx","System.UInt32[]","System.Diagnostics.Eventing.Reader.EventBookmark","Information","Info",,"System.Collections.ObjectModel.ReadOnlyCollection`1[System.String]","System.Collections.Generic.List`1[System.Diagnostics.Eventing.Reader.EventProperty]"
"The scripted diagnostic engine executed a diagnostic package located at C:\Windows\diagnostics\system\Audio with ID AudioDiagnostic.","1","0",,"4","0","0","-9223372019674906624","125","Microsoft-Windows-Diagnosis-Scripted","e1dd7e52-621d-44e3-a1ad-0370c2b25946","Microsoft-Windows-Diagnosis-Scripted/Admin","2028","2448","rjaf-PC4429","S-1-5-21-1634558665-2257203147-3060767804-1000","4/25/2014 12:55:46 PM",,,"c:\users\mac_1\desktop\winevt\logs\microsoft-windows-diagnosis-scripted%4admin.evtx","System.UInt32[]","System.Diagnostics.Eventing.Reader.EventBookmark","Information","Info",,"System.Collections.ObjectModel.ReadOnlyCollection`1[System.String]","System.Collections.Generic.List`1[System.Diagnostics.Eventing.Reader.EventProperty]"
"The scripted diagnostic engine executed a diagnostic package located at C:\Windows\diagnostics\system\Device with ID DeviceDiagnostic.","1","0",,"4","0","0","-9223372019674906624","124","Microsoft-Windows-Diagnosis-Scripted","e1dd7e52-621d-44e3-a1ad-0370c2b25946","Microsoft-Windows-Diagnosis-Scripted/Admin","1056","2596","rjaf-PC4429","S-1-5-21-1634558665-2257203147-3060767804-1000","4/25/2014 12:48:07 PM",,,"c:\users\mac_1\desktop\winevt\logs\microsoft-windows-diagnosis-scripted%4admin.evtx","System.UInt32[]","System.Diagnostics.Eventing.Reader.EventBookmark","Information","Info",,"System.Collections.ObjectModel.ReadOnlyCollection`1[System.String]","System.Collections.Generic.List`1[System.Diagnostics.Eventing.Reader.EventProperty]"
"The scripted diagnostic engine executed a diagnostic package located at C:\Windows\diagnostics\system\Audio with ID AudioDiagnostic.","1","0",,"4","0","0","-9223372019674906624","123","Microsoft-Windows-Diagnosis-Scripted","e1dd7e52-621d-44e3-a1ad-0370c2b25946","Microsoft-Windows-Diagnosis-Scripted/Admin","1056","2596","rjaf-PC4429","S-1-5-21-1634558665-2257203147-3060767804-1000","4/25/2014 12:48:07 PM",,,"c:\users\mac_1\desktop\winevt\logs\microsoft-windows-diagnosis-scripted%4admin.evtx","System.UInt32[]","System.Diagnostics.Eventing.Reader.EventBookmark","Information","Info",,"System.Collections.ObjectModel.ReadOnlyCollection`1[System.String]","System.Collections.Generic.List`1[System.Diagnostics.Eventing.Reader.EventProperty]"
"The scripted diagnostic engine executed a diagnostic package located at C:\Windows\diagnostics\scheduled\Maintenance with ID MaintenanceDiagnostic.","1","0",,"4","0","0","-9223372019674906624","122","Microsoft-Windows-Diagnosis-Scripted","e1dd7e52-621d-44e3-a1ad-0370c2b25946","Microsoft-Windows-Diagnosis-Scripted/Admin","3824","1892","rjaf-PC4429","S-1-5-21-1634558665-2257203147-3060767804-1000","4/23/2014 6:03:37 AM",,,"c:\users\mac_1\desktop\winevt\logs\microsoft-windows-diagnosis-scripted%4admin.evtx","System.UInt32[]","System.Diagnostics.Eventing.Reader.EventBookmark","Information","Info",,"System.Collections.ObjectModel.ReadOnlyCollection`1[System.String]","System.Collections.Generic.List`1[System.Diagnostics.Eventing.Reader.EventProperty]"
"The scripted diagnostic engine executed a diagnostic package located at C:\Windows\diagnostics\scheduled\Maintenance with ID MaintenanceDiagnostic.","1","0",,"4","0","0","-9223372019674906624","121","Microsoft-Windows-Diagnosis-Scripted","e1dd7e52-621d-44e3-a1ad-0370c2b25946","Microsoft-Windows-Diagnosis-Scripted/Admin","1236","3764","rjaf-PC4429","S-1-5-21-1634558665-2257203147-3060767804-1000","4/20/2014 12:16:48 AM",,,"c:\users\mac_1\desktop\winevt\logs\microsoft-windows-diagnosis-scripted%4admin.evtx","System.UInt32[]","System.Diagnostics.Eventing.Reader.EventBookmark","Information","Info",,"System.Collections.ObjectModel.ReadOnlyCollection`1[System.String]","System.Collections.Generic.List`1[System.Diagnostics.Eventing.Reader.EventProperty]"
"The scripted diagnostic engine executed a diagnostic package located at C:\Windows\diagnostics\scheduled\Maintenance with ID MaintenanceDiagnostic.","1","0",,"4","0","0","-9223372019674906624","120","Microsoft-Windows-Diagnosis-Scripted","e1dd7e52-621d-44e3-a1ad-0370c2b25946","Microsoft-Windows-Diagnosis-Scripted/Admin","2132","3836","rjaf-PC4429","S-1-5-21-1634558665-2257203147-3060767804-1000","4/13/2014 12:25:51 AM",,,"c:\users\mac_1\desktop\winevt\logs\microsoft-windows-diagnosis-scripted%4admin.evtx","System.UInt32[]","System.Diagnostics.Eventing.Reader.EventBookmark","Information","Info",,"System.Collections.ObjectModel.ReadOnlyCollection`1[System.String]","System.Collections.Generic.List`1[System.Diagnostics.Eventing.Reader.EventProperty]"
"The scripted diagnostic engine executed a diagnostic package located at C:\Windows\diagnostics\system\networking with ID NetworkDiagnostics.","1","0",,"4","0","0","-9223372019674906624","119","Microsoft-Windows-Diagnosis-Scripted","e1dd7e52-621d-44e3-a1ad-0370c2b25946","Microsoft-Windows-Diagnosis-Scripted/Admin","2984","3212","rjaf-PC4429","S-1-5-21-1634558665-2257203147-3060767804-1000","4/11/2014 1:12:37 AM",,,"c:\users\mac_1\desktop\winevt\logs\microsoft-windows-diagnosis-scripted%4admin.evtx","System.UInt32[]","System.Diagnostics.Eventing.Reader.EventBookmark","Information","Info",,"System.Collections.ObjectModel.ReadOnlyCollection`1[System.String]","System.Collections.Generic.List`1[System.Diagnostics.Eventing.Reader.EventProperty]"
"The scripted diagnostic engine executed a diagnostic package located at C:\Windows\diagnostics\system\networking with ID NetworkDiagnostics.","1","0",,"4","0","0","-9223372019674906624","118","Microsoft-Windows-Diagnosis-Scripted","e1dd7e52-621d-44e3-a1ad-0370c2b25946","Microsoft-Windows-Diagnosis-Scripted/Admin","3688","1632","rjaf-PC4429","S-1-5-21-1634558665-2257203147-3060767804-1000","4/11/2014 1:00:35 AM",,,"c:\users\mac_1\desktop\winevt\logs\microsoft-windows-diagnosis-scripted%4admin.evtx","System.UInt32[]","System.Diagnostics.Eventing.Reader.EventBookmark","Information","Info",,"System.Collections.ObjectModel.ReadOnlyCollection`1[System.String]","System.Collections.Generic.List`1[System.Diagnostics.Eventing.Reader.EventProperty]"
"The scripted diagnostic engine executed a diagnostic package located at C:\Windows\diagnostics\system\networking with ID NetworkDiagnostics.","1","0",,"4","0","0","-9223372019674906624","117","Microsoft-Windows-Diagnosis-Scripted","e1dd7e52-621d-44e3-a1ad-0370c2b25946","Microsoft-Windows-Diagnosis-Scripted/Admin","3688","768","rjaf-PC4429","S-1-5-21-1634558665-2257203147-3060767804-1000","4/11/2014 12:57:15 AM",,,"c:\users\mac_1\desktop\winevt\logs\microsoft-windows-diagnosis-scripted%4admin.evtx","System.UInt32[]","System.Diagnostics.Eventing.Reader.EventBookmark","Information","Info",,"System.Collections.ObjectModel.ReadOnlyCollection`1[System.String]","System.Collections.Generic.List`1[System.Diagnostics.Eventing.Reader.EventProperty]"
"The scripted diagnostic engine executed a diagnostic package located at C:\Windows\diagnostics\system\networking with ID NetworkDiagnostics.","1","0",,"4","0","0","-9223372019674906624","116","Microsoft-Windows-Diagnosis-Scripted","e1dd7e52-621d-44e3-a1ad-0370c2b25946","Microsoft-Windows-Diagnosis-Scripted/Admin","2032","2540","rjaf-PC4429","S-1-5-21-1634558665-2257203147-3060767804-1000","4/11/2014 12:42:24 AM",,,"c:\users\mac_1\desktop\winevt\logs\microsoft-windows-diagnosis-scripted%4admin.evtx","System.UInt32[]","System.Diagnostics.Eventing.Reader.EventBookmark","Information","Info",,"System.Collections.ObjectModel.ReadOnlyCollection`1[System.String]","System.Collections.Generic.List`1[System.Diagnostics.Eventing.Reader.EventProperty]"
"The scripted diagnostic engine executed a diagnostic package located at C:\Windows\diagnostics\scheduled\Maintenance with ID MaintenanceDiagnostic.","1","0",,"4","0","0","-9223372019674906624","115","Microsoft-Windows-Diagnosis-Scripted","e1dd7e52-621d-44e3-a1ad-0370c2b25946","Microsoft-Windows-Diagnosis-Scripted/Admin","3212","3780","rjaf-PC4429","S-1-5-21-1634558665-2257203147-3060767804-1000","4/7/2014 1:29:36 AM",,,"c:\users\mac_1\desktop\winevt\logs\microsoft-windows-diagnosis-scripted%4admin.evtx","System.UInt32[]","System.Diagnostics.Eventing.Reader.EventBookmark","Information","Info",,"System.Collections.ObjectModel.ReadOnlyCollection`1[System.String]","System.Collections.Generic.List`1[System.Diagnostics.Eventing.Reader.EventProperty]"
"The scripted diagnostic engine executed a diagnostic package located at C:\Windows\diagnostics\scheduled\Maintenance with ID MaintenanceDiagnostic.","1","0",,"4","0","0","-9223372019674906624","114","Microsoft-Windows-Diagnosis-Scripted","e1dd7e52-621d-44e3-a1ad-0370c2b25946","Microsoft-Windows-Diagnosis-Scripted/Admin","4512","4228","rjaf-PC4429","S-1-5-21-1634558665-2257203147-3060767804-1000","4/6/2014 3:12:18 AM",,,"c:\users\mac_1\desktop\winevt\logs\microsoft-windows-diagnosis-scripted%4admin.evtx","System.UInt32[]","System.Diagnostics.Eventing.Reader.EventBookmark","Information","Info",,"System.Collections.ObjectModel.ReadOnlyCollection`1[System.String]","System.Collections.Generic.List`1[System.Diagnostics.Eventing.Reader.EventProperty]"
"The scripted diagnostic engine executed a diagnostic package located at C:\Windows\diagnostics\system\networking with ID NetworkDiagnostics.","1","0",,"4","0","0","-9223372019674906624","113","Microsoft-Windows-Diagnosis-Scripted","e1dd7e52-621d-44e3-a1ad-0370c2b25946","Microsoft-Windows-Diagnosis-Scripted/Admin","2452","2408","rjaf-PC4429","S-1-5-21-1634558665-2257203147-3060767804-1000","4/6/2014 2:32:49 AM",,,"c:\users\mac_1\desktop\winevt\logs\microsoft-windows-diagnosis-scripted%4admin.evtx","System.UInt32[]","System.Diagnostics.Eventing.Reader.EventBookmark","Information","Info",,"System.Collections.ObjectModel.ReadOnlyCollection`1[System.String]","System.Collections.Generic.List`1[System.Diagnostics.Eventing.Reader.EventProperty]"
"The scripted diagnostic engine executed a diagnostic package located at C:\Windows\diagnostics\system\networking with ID NetworkDiagnostics.","1","0",,"4","0","0","-9223372019674906624","112","Microsoft-Windows-Diagnosis-Scripted","e1dd7e52-621d-44e3-a1ad-0370c2b25946","Microsoft-Windows-Diagnosis-Scripted/Admin","2452","1692","rjaf-PC4429","S-1-5-21-1634558665-2257203147-3060767804-1000","4/6/2014 2:31:03 AM",,,"c:\users\mac_1\desktop\winevt\logs\microsoft-windows-diagnosis-scripted%4admin.evtx","System.UInt32[]","System.Diagnostics.Eventing.Reader.EventBookmark","Information","Info",,"System.Collections.ObjectModel.ReadOnlyCollection`1[System.String]","System.Collections.Generic.List`1[System.Diagnostics.Eventing.Reader.EventProperty]"
"The scripted diagnostic engine executed a diagnostic package located at C:\Windows\diagnostics\scheduled\Maintenance with ID MaintenanceDiagnostic.","1","0",,"4","0","0","-9223372019674906624","111","Microsoft-Windows-Diagnosis-Scripted","e1dd7e52-621d-44e3-a1ad-0370c2b25946","Microsoft-Windows-Diagnosis-Scripted/Admin","640","2440","rjaf-PC4429","S-1-5-21-1634558665-2257203147-3060767804-1000","4/2/2014 4:55:34 AM",,,"c:\users\mac_1\desktop\winevt\logs\microsoft-windows-diagnosis-scripted%4admin.evtx","System.UInt32[]","System.Diagnostics.Eventing.Reader.EventBookmark","Information","Info",,"System.Collections.ObjectModel.ReadOnlyCollection`1[System.String]","System.Collections.Generic.List`1[System.Diagnostics.Eventing.Reader.EventProperty]"
"The scripted diagnostic engine executed a diagnostic package located at C:\Windows\diagnostics\scheduled\Maintenance with ID MaintenanceDiagnostic.","1","0",,"4","0","0","-9223372019674906624","110","Microsoft-Windows-Diagnosis-Scripted","e1dd7e52-621d-44e3-a1ad-0370c2b25946","Microsoft-Windows-Diagnosis-Scripted/Admin","3132","852","rjaf-PC4429","S-1-5-21-1634558665-2257203147-3060767804-1000","3/24/2014 6:03:16 AM",,,"c:\users\mac_1\desktop\winevt\logs\microsoft-windows-diagnosis-scripted%4admin.evtx","System.UInt32[]","System.Diagnostics.Eventing.Reader.EventBookmark","Information","Info",,"System.Collections.ObjectModel.ReadOnlyCollection`1[System.String]","System.Collections.Generic.List`1[System.Diagnostics.Eventing.Reader.EventProperty]"
"The scripted diagnostic engine executed a diagnostic package located at C:\Windows\diagnostics\scheduled\Maintenance with ID MaintenanceDiagnostic.","1","0",,"4","0","0","-9223372019674906624","109","Microsoft-Windows-Diagnosis-Scripted","e1dd7e52-621d-44e3-a1ad-0370c2b25946","Microsoft-Windows-Diagnosis-Scripted/Admin","3736","2560","rjaf-PC4429","S-1-5-21-1634558665-2257203147-3060767804-1000","3/23/2014 6:04:45 AM",,,"c:\users\mac_1\desktop\winevt\logs\microsoft-windows-diagnosis-scripted%4admin.evtx","System.UInt32[]","System.Diagnostics.Eventing.Reader.EventBookmark","Information","Info",,"System.Collections.ObjectModel.ReadOnlyCollection`1[System.String]","System.Collections.Generic.List`1[System.Diagnostics.Eventing.Reader.EventProperty]"
"The scripted diagnostic engine executed a diagnostic package located at C:\Windows\diagnostics\scheduled\Maintenance with ID MaintenanceDiagnostic.","1","0",,"4","0","0","-9223372019674906624","108","Microsoft-Windows-Diagnosis-Scripted","e1dd7e52-621d-44e3-a1ad-0370c2b25946","Microsoft-Windows-Diagnosis-Scripted/Admin","4000","3180","rjaf-PC4429","S-1-5-21-1634558665-2257203147-3060767804-1000","3/17/2014 7:41:09 AM",,,"c:\users\mac_1\desktop\winevt\logs\microsoft-windows-diagnosis-scripted%4admin.evtx","System.UInt32[]","System.Diagnostics.Eventing.Reader.EventBookmark","Information","Info",,"System.Collections.ObjectModel.ReadOnlyCollection`1[System.String]","System.Collections.Generic.List`1[System.Diagnostics.Eventing.Reader.EventProperty]"
"The scripted diagnostic engine executed a diagnostic package located at C:\Windows\diagnostics\system\Device with ID DeviceDiagnostic.","1","0",,"4","0","0","-9223372019674906624","107","Microsoft-Windows-Diagnosis-Scripted","e1dd7e52-621d-44e3-a1ad-0370c2b25946","Microsoft-Windows-Diagnosis-Scripted/Admin","4572","5936","rjaf-PC4429","S-1-5-21-1634558665-2257203147-3060767804-1000","3/15/2014 4:52:39 AM",,,"c:\users\mac_1\desktop\winevt\logs\microsoft-windows-diagnosis-scripted%4admin.evtx","System.UInt32[]","System.Diagnostics.Eventing.Reader.EventBookmark","Information","Info",,"System.Collections.ObjectModel.ReadOnlyCollection`1[System.String]","System.Collections.Generic.List`1[System.Diagnostics.Eventing.Reader.EventProperty]"
"The scripted diagnostic engine executed a diagnostic package located at C:\Windows\diagnostics\system\Audio with ID AudioDiagnostic.","1","0",,"4","0","0","-9223372019674906624","106","Microsoft-Windows-Diagnosis-Scripted","e1dd7e52-621d-44e3-a1ad-0370c2b25946","Microsoft-Windows-Diagnosis-Scripted/Admin","4572","5936","rjaf-PC4429","S-1-5-21-1634558665-2257203147-3060767804-1000","3/15/2014 4:52:39 AM",,,"c:\users\mac_1\desktop\winevt\logs\microsoft-windows-diagnosis-scripted%4admin.evtx","System.UInt32[]","System.Diagnostics.Eventing.Reader.EventBookmark","Information","Info",,"System.Collections.ObjectModel.ReadOnlyCollection`1[System.String]","System.Collections.Generic.List`1[System.Diagnostics.Eventing.Reader.EventProperty]"
"The scripted diagnostic engine executed a diagnostic package located at C:\Windows\diagnostics\system\Device with ID DeviceDiagnostic.","1","0",,"4","0","0","-9223372019674906624","105","Microsoft-Windows-Diagnosis-Scripted","e1dd7e52-621d-44e3-a1ad-0370c2b25946","Microsoft-Windows-Diagnosis-Scripted/Admin","2992","396","rjaf-PC4429","S-1-5-21-1634558665-2257203147-3060767804-1000","3/15/2014 12:38:30 AM",,,"c:\users\mac_1\desktop\winevt\logs\microsoft-windows-diagnosis-scripted%4admin.evtx","System.UInt32[]","System.Diagnostics.Eventing.Reader.EventBookmark","Information","Info",,"System.Collections.ObjectModel.ReadOnlyCollection`1[System.String]","System.Collections.Generic.List`1[System.Diagnostics.Eventing.Reader.EventProperty]"
"The scripted diagnostic engine executed a diagnostic package located at C:\Windows\diagnostics\system\Audio with ID AudioDiagnostic.","1","0",,"4","0","0","-9223372019674906624","104","Microsoft-Windows-Diagnosis-Scripted","e1dd7e52-621d-44e3-a1ad-0370c2b25946","Microsoft-Windows-Diagnosis-Scripted/Admin","2992","396","rjaf-PC4429","S-1-5-21-1634558665-2257203147-3060767804-1000","3/15/2014 12:38:30 AM",,,"c:\users\mac_1\desktop\winevt\logs\microsoft-windows-diagnosis-scripted%4admin.evtx","System.UInt32[]","System.Diagnostics.Eventing.Reader.EventBookmark","Information","Info",,"System.Collections.ObjectModel.ReadOnlyCollection`1[System.String]","System.Collections.Generic.List`1[System.Diagnostics.Eventing.Reader.EventProperty]"
"The scripted diagnostic engine executed a diagnostic package located at C:\Windows\diagnostics\system\Device with ID DeviceDiagnostic.","1","0",,"4","0","0","-9223372019674906624","103","Microsoft-Windows-Diagnosis-Scripted","e1dd7e52-621d-44e3-a1ad-0370c2b25946","Microsoft-Windows-Diagnosis-Scripted/Admin","2992","396","rjaf-PC4429","S-1-5-21-1634558665-2257203147-3060767804-1000","3/15/2014 12:38:19 AM",,,"c:\users\mac_1\desktop\winevt\logs\microsoft-windows-diagnosis-scripted%4admin.evtx","System.UInt32[]","System.Diagnostics.Eventing.Reader.EventBookmark","Information","Info",,"System.Collections.ObjectModel.ReadOnlyCollection`1[System.String]","System.Collections.Generic.List`1[System.Diagnostics.Eventing.Reader.EventProperty]"
"The scripted diagnostic engine executed a diagnostic package located at C:\Windows\diagnostics\system\Audio with ID AudioDiagnostic.","1","0",,"4","0","0","-9223372019674906624","102","Microsoft-Windows-Diagnosis-Scripted","e1dd7e52-621d-44e3-a1ad-0370c2b25946","Microsoft-Windows-Diagnosis-Scripted/Admin","2992","396","rjaf-PC4429","S-1-5-21-1634558665-2257203147-3060767804-1000","3/15/2014 12:38:19 AM",,,"c:\users\mac_1\desktop\winevt\logs\microsoft-windows-diagnosis-scripted%4admin.evtx","System.UInt32[]","System.Diagnostics.Eventing.Reader.EventBookmark","Information","Info",,"System.Collections.ObjectModel.ReadOnlyCollection`1[System.String]","System.Collections.Generic.List`1[System.Diagnostics.Eventing.Reader.EventProperty]"
"The scripted diagnostic engine executed a diagnostic package located at C:\Windows\diagnostics\scheduled\Maintenance with ID MaintenanceDiagnostic.","1","0",,"4","0","0","-9223372019674906624","101","Microsoft-Windows-Diagnosis-Scripted","e1dd7e52-621d-44e3-a1ad-0370c2b25946","Microsoft-Windows-Diagnosis-Scripted/Admin","2924","848","rjaf-PC4429","S-1-5-21-1634558665-2257203147-3060767804-1000","3/13/2014 12:37:58 AM",,,"c:\users\mac_1\desktop\winevt\logs\microsoft-windows-diagnosis-scripted%4admin.evtx","System.UInt32[]","System.Diagnostics.Eventing.Reader.EventBookmark","Information","Info",,"System.Collections.ObjectModel.ReadOnlyCollection`1[System.String]","System.Collections.Generic.List`1[System.Diagnostics.Eventing.Reader.EventProperty]"
"The scripted diagnostic engine executed a diagnostic package located at C:\Windows\diagnostics\scheduled\Maintenance with ID MaintenanceDiagnostic.","1","0",,"4","0","0","-9223372019674906624","100","Microsoft-Windows-Diagnosis-Scripted","e1dd7e52-621d-44e3-a1ad-0370c2b25946","Microsoft-Windows-Diagnosis-Scripted/Admin","2680","2052","rjaf-PC4429","S-1-5-21-1634558665-2257203147-3060767804-1000","3/11/2014 4:35:58 AM",,,"c:\users\mac_1\desktop\winevt\logs\microsoft-windows-diagnosis-scripted%4admin.evtx","System.UInt32[]","System.Diagnostics.Eventing.Reader.EventBookmark","Information","Info",,"System.Collections.ObjectModel.ReadOnlyCollection`1[System.String]","System.Collections.Generic.List`1[System.Diagnostics.Eventing.Reader.EventProperty]"
"The scripted diagnostic engine executed a diagnostic package located at C:\Windows\diagnostics\scheduled\Maintenance with ID MaintenanceDiagnostic.","1","0",,"4","0","0","-9223372019674906624","99","Microsoft-Windows-Diagnosis-Scripted","e1dd7e52-621d-44e3-a1ad-0370c2b25946","Microsoft-Windows-Diagnosis-Scripted/Admin","3608","1080","rjaf-PC4429","S-1-5-21-1634558665-2257203147-3060767804-1000","3/9/2014 8:12:33 AM",,,"c:\users\mac_1\desktop\winevt\logs\microsoft-windows-diagnosis-scripted%4admin.evtx","System.UInt32[]","System.Diagnostics.Eventing.Reader.EventBookmark","Information","Info",,"System.Collections.ObjectModel.ReadOnlyCollection`1[System.String]","System.Collections.Generic.List`1[System.Diagnostics.Eventing.Reader.EventProperty]"
"The scripted diagnostic engine executed a diagnostic package located at C:\Windows\diagnostics\scheduled\Maintenance with ID MaintenanceDiagnostic.","1","0",,"4","0","0","-9223372019674906624","98","Microsoft-Windows-Diagnosis-Scripted","e1dd7e52-621d-44e3-a1ad-0370c2b25946","Microsoft-Windows-Diagnosis-Scripted/Admin","3836","1992","rjaf-PC4429","S-1-5-21-1634558665-2257203147-3060767804-1000","3/9/2014 5:46:22 AM",,,"c:\users\mac_1\desktop\winevt\logs\microsoft-windows-diagnosis-scripted%4admin.evtx","System.UInt32[]","System.Diagnostics.Eventing.Reader.EventBookmark","Information","Info",,"System.Collections.ObjectModel.ReadOnlyCollection`1[System.String]","System.Collections.Generic.List`1[System.Diagnostics.Eventing.Reader.EventProperty]"
"The scripted diagnostic engine executed a diagnostic package located at C:\Windows\diagnostics\system\networking with ID NetworkDiagnostics.","1","0",,"4","0","0","-9223372019674906624","97","Microsoft-Windows-Diagnosis-Scripted","e1dd7e52-621d-44e3-a1ad-0370c2b25946","Microsoft-Windows-Diagnosis-Scripted/Admin","3052","3752","rjaf-PC4429","S-1-5-21-1634558665-2257203147-3060767804-1000","3/3/2014 8:43:27 AM",,,"c:\users\mac_1\desktop\winevt\logs\microsoft-windows-diagnosis-scripted%4admin.evtx","System.UInt32[]","System.Diagnostics.Eventing.Reader.EventBookmark","Information","Info",,"System.Collections.ObjectModel.ReadOnlyCollection`1[System.String]","System.Collections.Generic.List`1[System.Diagnostics.Eventing.Reader.EventProperty]"
"The scripted diagnostic engine executed a diagnostic package located at C:\Windows\diagnostics\scheduled\Maintenance with ID MaintenanceDiagnostic.","1","0",,"4","0","0","-9223372019674906624","96","Microsoft-Windows-Diagnosis-Scripted","e1dd7e52-621d-44e3-a1ad-0370c2b25946","Microsoft-Windows-Diagnosis-Scripted/Admin","2024","3428","rjaf-PC4429","S-1-5-21-1634558665-2257203147-3060767804-1000","3/3/2014 8:37:23 AM",,,"c:\users\mac_1\desktop\winevt\logs\microsoft-windows-diagnosis-scripted%4admin.evtx","System.UInt32[]","System.Diagnostics.Eventing.Reader.EventBookmark","Information","Info",,"System.Collections.ObjectModel.ReadOnlyCollection`1[System.String]","System.Collections.Generic.List`1[System.Diagnostics.Eventing.Reader.EventProperty]"
"The scripted diagnostic engine executed a diagnostic package located at C:\Windows\diagnostics\scheduled\Maintenance with ID MaintenanceDiagnostic.","1","0",,"4","0","0","-9223372019674906624","95","Microsoft-Windows-Diagnosis-Scripted","e1dd7e52-621d-44e3-a1ad-0370c2b25946","Microsoft-Windows-Diagnosis-Scripted/Admin","4008","2528","rjaf-PC4429","S-1-5-21-1634558665-2257203147-3060767804-1000","3/2/2014 1:15:38 AM",,,"c:\users\mac_1\desktop\winevt\logs\microsoft-windows-diagnosis-scripted%4admin.evtx","System.UInt32[]","System.Diagnostics.Eventing.Reader.EventBookmark","Information","Info",,"System.Collections.ObjectModel.ReadOnlyCollection`1[System.String]","System.Collections.Generic.List`1[System.Diagnostics.Eventing.Reader.EventProperty]"
"The scripted diagnostic engine executed a diagnostic package located at C:\Windows\diagnostics\scheduled\Maintenance with ID MaintenanceDiagnostic.","1","0",,"4","0","0","-9223372019674906624","94","Microsoft-Windows-Diagnosis-Scripted","e1dd7e52-621d-44e3-a1ad-0370c2b25946","Microsoft-Windows-Diagnosis-Scripted/Admin","2428","3468","rjaf-PC4429","S-1-5-21-1634558665-2257203147-3060767804-1000","2/25/2014 12:10:05 AM",,,"c:\users\mac_1\desktop\winevt\logs\microsoft-windows-diagnosis-scripted%4admin.evtx","System.UInt32[]","System.Diagnostics.Eventing.Reader.EventBookmark","Information","Info",,"System.Collections.ObjectModel.ReadOnlyCollection`1[System.String]","System.Collections.Generic.List`1[System.Diagnostics.Eventing.Reader.EventProperty]"
"The scripted diagnostic engine executed a diagnostic package located at C:\Windows\diagnostics\scheduled\Maintenance with ID MaintenanceDiagnostic.","1","0",,"4","0","0","-9223372019674906624","93","Microsoft-Windows-Diagnosis-Scripted","e1dd7e52-621d-44e3-a1ad-0370c2b25946","Microsoft-Windows-Diagnosis-Scripted/Admin","2200","2784","rjaf-PC4429","S-1-5-21-1634558665-2257203147-3060767804-1000","2/23/2014 2:51:24 AM",,,"c:\users\mac_1\desktop\winevt\logs\microsoft-windows-diagnosis-scripted%4admin.evtx","System.UInt32[]","System.Diagnostics.Eventing.Reader.EventBookmark","Information","Info",,"System.Collections.ObjectModel.ReadOnlyCollection`1[System.String]","System.Collections.Generic.List`1[System.Diagnostics.Eventing.Reader.EventProperty]"
"The scripted diagnostic engine executed a diagnostic package located at C:\Windows\diagnostics\scheduled\Maintenance with ID MaintenanceDiagnostic.","1","0",,"4","0","0","-9223372019674906624","92","Microsoft-Windows-Diagnosis-Scripted","e1dd7e52-621d-44e3-a1ad-0370c2b25946","Microsoft-Windows-Diagnosis-Scripted/Admin","3532","1156","rjaf-PC4429","S-1-5-21-1634558665-2257203147-3060767804-1000","2/17/2014 12:41:09 AM",,,"c:\users\mac_1\desktop\winevt\logs\microsoft-windows-diagnosis-scripted%4admin.evtx","System.UInt32[]","System.Diagnostics.Eventing.Reader.EventBookmark","Information","Info",,"System.Collections.ObjectModel.ReadOnlyCollection`1[System.String]","System.Collections.Generic.List`1[System.Diagnostics.Eventing.Reader.EventProperty]"
"The scripted diagnostic engine executed a diagnostic package located at C:\Windows\diagnostics\scheduled\Maintenance with ID MaintenanceDiagnostic.","1","0",,"4","0","0","-9223372019674906624","91","Microsoft-Windows-Diagnosis-Scripted","e1dd7e52-621d-44e3-a1ad-0370c2b25946","Microsoft-Windows-Diagnosis-Scripted/Admin","2904","364","rjaf-PC4429","S-1-5-21-1634558665-2257203147-3060767804-1000","2/16/2014 8:00:38 AM",,,"c:\users\mac_1\desktop\winevt\logs\microsoft-windows-diagnosis-scripted%4admin.evtx","System.UInt32[]","System.Diagnostics.Eventing.Reader.EventBookmark","Information","Info",,"System.Collections.ObjectModel.ReadOnlyCollection`1[System.String]","System.Collections.Generic.List`1[System.Diagnostics.Eventing.Reader.EventProperty]"
"The scripted diagnostic engine executed a diagnostic package located at C:\Windows\diagnostics\scheduled\Maintenance with ID MaintenanceDiagnostic.","1","0",,"4","0","0","-9223372019674906624","90","Microsoft-Windows-Diagnosis-Scripted","e1dd7e52-621d-44e3-a1ad-0370c2b25946","Microsoft-Windows-Diagnosis-Scripted/Admin","2584","3704","rjaf-PC4429","S-1-5-21-1634558665-2257203147-3060767804-1000","2/16/2014 12:17:07 AM",,,"c:\users\mac_1\desktop\winevt\logs\microsoft-windows-diagnosis-scripted%4admin.evtx","System.UInt32[]","System.Diagnostics.Eventing.Reader.EventBookmark","Information","Info",,"System.Collections.ObjectModel.ReadOnlyCollection`1[System.String]","System.Collections.Generic.List`1[System.Diagnostics.Eventing.Reader.EventProperty]"
"The scripted diagnostic engine executed a diagnostic package located at C:\Windows\diagnostics\system\networking with ID NetworkDiagnostics.","1","0",,"4","0","0","-9223372019674906624","89","Microsoft-Windows-Diagnosis-Scripted","e1dd7e52-621d-44e3-a1ad-0370c2b25946","Microsoft-Windows-Diagnosis-Scripted/Admin","2232","1956","rjaf-PC4429","S-1-5-21-1634558665-2257203147-3060767804-1000","2/14/2014 11:49:09 PM",,,"c:\users\mac_1\desktop\winevt\logs\microsoft-windows-diagnosis-scripted%4admin.evtx","System.UInt32[]","System.Diagnostics.Eventing.Reader.EventBookmark","Information","Info",,"System.Collections.ObjectModel.ReadOnlyCollection`1[System.String]","System.Collections.Generic.List`1[System.Diagnostics.Eventing.Reader.EventProperty]"
"The scripted diagnostic engine executed a diagnostic package located at C:\Windows\diagnostics\system\Device with ID DeviceDiagnostic.","1","0",,"4","0","0","-9223372019674906624","88","Microsoft-Windows-Diagnosis-Scripted","e1dd7e52-621d-44e3-a1ad-0370c2b25946","Microsoft-Windows-Diagnosis-Scripted/Admin","1060","2040","rjaf-PC4429","S-1-5-21-1634558665-2257203147-3060767804-1000","2/13/2014 4:47:32 AM",,,"c:\users\mac_1\desktop\winevt\logs\microsoft-windows-diagnosis-scripted%4admin.evtx","System.UInt32[]","System.Diagnostics.Eventing.Reader.EventBookmark","Information","Info",,"System.Collections.ObjectModel.ReadOnlyCollection`1[System.String]","System.Collections.Generic.List`1[System.Diagnostics.Eventing.Reader.EventProperty]"
"The scripted diagnostic engine executed a diagnostic package located at C:\Windows\diagnostics\system\Audio with ID AudioDiagnostic.","1","0",,"4","0","0","-9223372019674906624","87","Microsoft-Windows-Diagnosis-Scripted","e1dd7e52-621d-44e3-a1ad-0370c2b25946","Microsoft-Windows-Diagnosis-Scripted/Admin","1060","2040","rjaf-PC4429","S-1-5-21-1634558665-2257203147-3060767804-1000","2/13/2014 4:47:32 AM",,,"c:\users\mac_1\desktop\winevt\logs\microsoft-windows-diagnosis-scripted%4admin.evtx","System.UInt32[]","System.Diagnostics.Eventing.Reader.EventBookmark","Information","Info",,"System.Collections.ObjectModel.ReadOnlyCollection`1[System.String]","System.Collections.Generic.List`1[System.Diagnostics.Eventing.Reader.EventProperty]"
"The scripted diagnostic engine executed a diagnostic package located at C:\Windows\diagnostics\system\Device with ID DeviceDiagnostic.","1","0",,"4","0","0","-9223372019674906624","86","Microsoft-Windows-Diagnosis-Scripted","e1dd7e52-621d-44e3-a1ad-0370c2b25946","Microsoft-Windows-Diagnosis-Scripted/Admin","1768","2560","rjaf-PC4429","S-1-5-21-1634558665-2257203147-3060767804-1000","2/13/2014 4:38:06 AM",,,"c:\users\mac_1\desktop\winevt\logs\microsoft-windows-diagnosis-scripted%4admin.evtx","System.UInt32[]","System.Diagnostics.Eventing.Reader.EventBookmark","Information","Info",,"System.Collections.ObjectModel.ReadOnlyCollection`1[System.String]","System.Collections.Generic.List`1[System.Diagnostics.Eventing.Reader.EventProperty]"
"The scripted diagnostic engine executed a diagnostic package located at C:\Windows\diagnostics\system\Audio with ID AudioDiagnostic.","1","0",,"4","0","0","-9223372019674906624","85","Microsoft-Windows-Diagnosis-Scripted","e1dd7e52-621d-44e3-a1ad-0370c2b25946","Microsoft-Windows-Diagnosis-Scripted/Admin","1768","2560","rjaf-PC4429","S-1-5-21-1634558665-2257203147-3060767804-1000","2/13/2014 4:38:05 AM",,,"c:\users\mac_1\desktop\winevt\logs\microsoft-windows-diagnosis-scripted%4admin.evtx","System.UInt32[]","System.Diagnostics.Eventing.Reader.EventBookmark","Information","Info",,"System.Collections.ObjectModel.ReadOnlyCollection`1[System.String]","System.Collections.Generic.List`1[System.Diagnostics.Eventing.Reader.EventProperty]"
"The scripted diagnostic engine executed a diagnostic package located at C:\Windows\diagnostics\system\Device with ID DeviceDiagnostic.","1","0",,"4","0","0","-9223372019674906624","84","Microsoft-Windows-Diagnosis-Scripted","e1dd7e52-621d-44e3-a1ad-0370c2b25946","Microsoft-Windows-Diagnosis-Scripted/Admin","1768","2560","rjaf-PC4429","S-1-5-21-1634558665-2257203147-3060767804-1000","2/13/2014 4:37:45 AM",,,"c:\users\mac_1\desktop\winevt\logs\microsoft-windows-diagnosis-scripted%4admin.evtx","System.UInt32[]","System.Diagnostics.Eventing.Reader.EventBookmark","Information","Info",,"System.Collections.ObjectModel.ReadOnlyCollection`1[System.String]","System.Collections.Generic.List`1[System.Diagnostics.Eventing.Reader.EventProperty]"
"The scripted diagnostic engine executed a diagnostic package located at C:\Windows\diagnostics\system\Audio with ID AudioDiagnostic.","1","0",,"4","0","0","-9223372019674906624","83","Microsoft-Windows-Diagnosis-Scripted","e1dd7e52-621d-44e3-a1ad-0370c2b25946","Microsoft-Windows-Diagnosis-Scripted/Admin","1768","2560","rjaf-PC4429","S-1-5-21-1634558665-2257203147-3060767804-1000","2/13/2014 4:37:45 AM",,,"c:\users\mac_1\desktop\winevt\logs\microsoft-windows-diagnosis-scripted%4admin.evtx","System.UInt32[]","System.Diagnostics.Eventing.Reader.EventBookmark","Information","Info",,"System.Collections.ObjectModel.ReadOnlyCollection`1[System.String]","System.Collections.Generic.List`1[System.Diagnostics.Eventing.Reader.EventProperty]"
"The scripted diagnostic engine executed a diagnostic package located at C:\Windows\diagnostics\system\Device with ID DeviceDiagnostic.","1","0",,"4","0","0","-9223372019674906624","82","Microsoft-Windows-Diagnosis-Scripted","e1dd7e52-621d-44e3-a1ad-0370c2b25946","Microsoft-Windows-Diagnosis-Scripted/Admin","2920","3640","rjaf-PC4429","S-1-5-21-1634558665-2257203147-3060767804-1000","2/13/2014 4:32:25 AM",,,"c:\users\mac_1\desktop\winevt\logs\microsoft-windows-diagnosis-scripted%4admin.evtx","System.UInt32[]","System.Diagnostics.Eventing.Reader.EventBookmark","Information","Info",,"System.Collections.ObjectModel.ReadOnlyCollection`1[System.String]","System.Collections.Generic.List`1[System.Diagnostics.Eventing.Reader.EventProperty]"
"The scripted diagnostic engine executed a diagnostic package located at C:\Windows\diagnostics\system\Audio with ID AudioDiagnostic.","1","0",,"4","0","0","-9223372019674906624","81","Microsoft-Windows-Diagnosis-Scripted","e1dd7e52-621d-44e3-a1ad-0370c2b25946","Microsoft-Windows-Diagnosis-Scripted/Admin","2920","3640","rjaf-PC4429","S-1-5-21-1634558665-2257203147-3060767804-1000","2/13/2014 4:32:25 AM",,,"c:\users\mac_1\desktop\winevt\logs\microsoft-windows-diagnosis-scripted%4admin.evtx","System.UInt32[]","System.Diagnostics.Eventing.Reader.EventBookmark","Information","Info",,"System.Collections.ObjectModel.ReadOnlyCollection`1[System.String]","System.Collections.Generic.List`1[System.Diagnostics.Eventing.Reader.EventProperty]"
"The scripted diagnostic engine executed a diagnostic package located at C:\Windows\diagnostics\system\Device with ID DeviceDiagnostic.","1","0",,"4","0","0","-9223372019674906624","80","Microsoft-Windows-Diagnosis-Scripted","e1dd7e52-621d-44e3-a1ad-0370c2b25946","Microsoft-Windows-Diagnosis-Scripted/Admin","2920","3640","rjaf-PC4429","S-1-5-21-1634558665-2257203147-3060767804-1000","2/13/2014 4:32:11 AM",,,"c:\users\mac_1\desktop\winevt\logs\microsoft-windows-diagnosis-scripted%4admin.evtx","System.UInt32[]","System.Diagnostics.Eventing.Reader.EventBookmark","Information","Info",,"System.Collections.ObjectModel.ReadOnlyCollection`1[System.String]","System.Collections.Generic.List`1[System.Diagnostics.Eventing.Reader.EventProperty]"
"The scripted diagnostic engine executed a diagnostic package located at C:\Windows\diagnostics\system\Audio with ID AudioDiagnostic.","1","0",,"4","0","0","-9223372019674906624","79","Microsoft-Windows-Diagnosis-Scripted","e1dd7e52-621d-44e3-a1ad-0370c2b25946","Microsoft-Windows-Diagnosis-Scripted/Admin","2920","3640","rjaf-PC4429","S-1-5-21-1634558665-2257203147-3060767804-1000","2/13/2014 4:32:11 AM",,,"c:\users\mac_1\desktop\winevt\logs\microsoft-windows-diagnosis-scripted%4admin.evtx","System.UInt32[]","System.Diagnostics.Eventing.Reader.EventBookmark","Information","Info",,"System.Collections.ObjectModel.ReadOnlyCollection`1[System.String]","System.Collections.Generic.List`1[System.Diagnostics.Eventing.Reader.EventProperty]"
"The scripted diagnostic engine executed a diagnostic package located at C:\Windows\diagnostics\system\Device with ID DeviceDiagnostic.","1","0",,"4","0","0","-9223372019674906624","78","Microsoft-Windows-Diagnosis-Scripted","e1dd7e52-621d-44e3-a1ad-0370c2b25946","Microsoft-Windows-Diagnosis-Scripted/Admin","3652","3864","rjaf-PC4429","S-1-5-21-1634558665-2257203147-3060767804-1000","2/13/2014 4:32:00 AM",,,"c:\users\mac_1\desktop\winevt\logs\microsoft-windows-diagnosis-scripted%4admin.evtx","System.UInt32[]","System.Diagnostics.Eventing.Reader.EventBookmark","Information","Info",,"System.Collections.ObjectModel.ReadOnlyCollection`1[System.String]","System.Collections.Generic.List`1[System.Diagnostics.Eventing.Reader.EventProperty]"
"The scripted diagnostic engine executed a diagnostic package located at C:\Windows\diagnostics\system\Audio with ID AudioDiagnostic.","1","0",,"4","0","0","-9223372019674906624","77","Microsoft-Windows-Diagnosis-Scripted","e1dd7e52-621d-44e3-a1ad-0370c2b25946","Microsoft-Windows-Diagnosis-Scripted/Admin","3652","3864","rjaf-PC4429","S-1-5-21-1634558665-2257203147-3060767804-1000","2/13/2014 4:31:59 AM",,,"c:\users\mac_1\desktop\winevt\logs\microsoft-windows-diagnosis-scripted%4admin.evtx","System.UInt32[]","System.Diagnostics.Eventing.Reader.EventBookmark","Information","Info",,"System.Collections.ObjectModel.ReadOnlyCollection`1[System.String]","System.Collections.Generic.List`1[System.Diagnostics.Eventing.Reader.EventProperty]"
"The scripted diagnostic engine executed a diagnostic package located at C:\Windows\diagnostics\system\Device with ID DeviceDiagnostic.","1","0",,"4","0","0","-9223372019674906624","76","Microsoft-Windows-Diagnosis-Scripted","e1dd7e52-621d-44e3-a1ad-0370c2b25946","Microsoft-Windows-Diagnosis-Scripted/Admin","3652","3864","rjaf-PC4429","S-1-5-21-1634558665-2257203147-3060767804-1000","2/13/2014 4:31:51 AM",,,"c:\users\mac_1\desktop\winevt\logs\microsoft-windows-diagnosis-scripted%4admin.evtx","System.UInt32[]","System.Diagnostics.Eventing.Reader.EventBookmark","Information","Info",,"System.Collections.ObjectModel.ReadOnlyCollection`1[System.String]","System.Collections.Generic.List`1[System.Diagnostics.Eventing.Reader.EventProperty]"
"The scripted diagnostic engine executed a diagnostic package located at C:\Windows\diagnostics\system\Audio with ID AudioDiagnostic.","1","0",,"4","0","0","-9223372019674906624","75","Microsoft-Windows-Diagnosis-Scripted","e1dd7e52-621d-44e3-a1ad-0370c2b25946","Microsoft-Windows-Diagnosis-Scripted/Admin","3652","3864","rjaf-PC4429","S-1-5-21-1634558665-2257203147-3060767804-1000","2/13/2014 4:31:50 AM",,,"c:\users\mac_1\desktop\winevt\logs\microsoft-windows-diagnosis-scripted%4admin.evtx","System.UInt32[]","System.Diagnostics.Eventing.Reader.EventBookmark","Information","Info",,"System.Collections.ObjectModel.ReadOnlyCollection`1[System.String]","System.Collections.Generic.List`1[System.Diagnostics.Eventing.Reader.EventProperty]"
"The scripted diagnostic engine executed a diagnostic package located at C:\Windows\diagnostics\system\Device with ID DeviceDiagnostic.","1","0",,"4","0","0","-9223372019674906624","74","Microsoft-Windows-Diagnosis-Scripted","e1dd7e52-621d-44e3-a1ad-0370c2b25946","Microsoft-Windows-Diagnosis-Scripted/Admin","3816","212","rjaf-PC4429","S-1-5-21-1634558665-2257203147-3060767804-1000","2/13/2014 4:30:36 AM",,,"c:\users\mac_1\desktop\winevt\logs\microsoft-windows-diagnosis-scripted%4admin.evtx","System.UInt32[]","System.Diagnostics.Eventing.Reader.EventBookmark","Information","Info",,"System.Collections.ObjectModel.ReadOnlyCollection`1[System.String]","System.Collections.Generic.List`1[System.Diagnostics.Eventing.Reader.EventProperty]"
"The scripted diagnostic engine executed a diagnostic package located at C:\Windows\diagnostics\system\Audio with ID AudioDiagnostic.","1","0",,"4","0","0","-9223372019674906624","73","Microsoft-Windows-Diagnosis-Scripted","e1dd7e52-621d-44e3-a1ad-0370c2b25946","Microsoft-Windows-Diagnosis-Scripted/Admin","3816","212","rjaf-PC4429","S-1-5-21-1634558665-2257203147-3060767804-1000","2/13/2014 4:30:35 AM",,,"c:\users\mac_1\desktop\winevt\logs\microsoft-windows-diagnosis-scripted%4admin.evtx","System.UInt32[]","System.Diagnostics.Eventing.Reader.EventBookmark","Information","Info",,"System.Collections.ObjectModel.ReadOnlyCollection`1[System.String]","System.Collections.Generic.List`1[System.Diagnostics.Eventing.Reader.EventProperty]"
"The scripted diagnostic engine executed a diagnostic package located at C:\Windows\diagnostics\system\Device with ID DeviceDiagnostic.","1","0",,"4","0","0","-9223372019674906624","72","Microsoft-Windows-Diagnosis-Scripted","e1dd7e52-621d-44e3-a1ad-0370c2b25946","Microsoft-Windows-Diagnosis-Scripted/Admin","3640","900","rjaf-PC4429","S-1-5-21-1634558665-2257203147-3060767804-1000","2/13/2014 4:30:24 AM",,,"c:\users\mac_1\desktop\winevt\logs\microsoft-windows-diagnosis-scripted%4admin.evtx","System.UInt32[]","System.Diagnostics.Eventing.Reader.EventBookmark","Information","Info",,"System.Collections.ObjectModel.ReadOnlyCollection`1[System.String]","System.Collections.Generic.List`1[System.Diagnostics.Eventing.Reader.EventProperty]"
"The scripted diagnostic engine executed a diagnostic package located at C:\Windows\diagnostics\system\Audio with ID AudioDiagnostic.","1","0",,"4","0","0","-9223372019674906624","71","Microsoft-Windows-Diagnosis-Scripted","e1dd7e52-621d-44e3-a1ad-0370c2b25946","Microsoft-Windows-Diagnosis-Scripted/Admin","3640","900","rjaf-PC4429","S-1-5-21-1634558665-2257203147-3060767804-1000","2/13/2014 4:30:24 AM",,,"c:\users\mac_1\desktop\winevt\logs\microsoft-windows-diagnosis-scripted%4admin.evtx","System.UInt32[]","System.Diagnostics.Eventing.Reader.EventBookmark","Information","Info",,"System.Collections.ObjectModel.ReadOnlyCollection`1[System.String]","System.Collections.Generic.List`1[System.Diagnostics.Eventing.Reader.EventProperty]"
"The scripted diagnostic engine executed a diagnostic package located at C:\Windows\diagnostics\scheduled\Maintenance with ID MaintenanceDiagnostic.","1","0",,"4","0","0","-9223372019674906624","70","Microsoft-Windows-Diagnosis-Scripted","e1dd7e52-621d-44e3-a1ad-0370c2b25946","Microsoft-Windows-Diagnosis-Scripted/Admin","3344","3840","rjaf-PC4429","S-1-5-21-1634558665-2257203147-3060767804-1000","2/10/2014 10:21:29 PM",,,"c:\users\mac_1\desktop\winevt\logs\microsoft-windows-diagnosis-scripted%4admin.evtx","System.UInt32[]","System.Diagnostics.Eventing.Reader.EventBookmark","Information","Info",,"System.Collections.ObjectModel.ReadOnlyCollection`1[System.String]","System.Collections.Generic.List`1[System.Diagnostics.Eventing.Reader.EventProperty]"
"The scripted diagnostic engine executed a diagnostic package located at C:\Windows\diagnostics\scheduled\Maintenance with ID MaintenanceDiagnostic.","1","0",,"4","0","0","-9223372019674906624","69","Microsoft-Windows-Diagnosis-Scripted","e1dd7e52-621d-44e3-a1ad-0370c2b25946","Microsoft-Windows-Diagnosis-Scripted/Admin","2080","2136","rjaf-PC4429","S-1-5-21-1634558665-2257203147-3060767804-1000","2/9/2014 1:33:06 AM",,,"c:\users\mac_1\desktop\winevt\logs\microsoft-windows-diagnosis-scripted%4admin.evtx","System.UInt32[]","System.Diagnostics.Eventing.Reader.EventBookmark","Information","Info",,"System.Collections.ObjectModel.ReadOnlyCollection`1[System.String]","System.Collections.Generic.List`1[System.Diagnostics.Eventing.Reader.EventProperty]"
"The scripted diagnostic engine executed a diagnostic package located at C:\Windows\diagnostics\scheduled\Maintenance with ID MaintenanceDiagnostic.","1","0",,"4","0","0","-9223372019674906624","68","Microsoft-Windows-Diagnosis-Scripted","e1dd7e52-621d-44e3-a1ad-0370c2b25946","Microsoft-Windows-Diagnosis-Scripted/Admin","3844","3848","rjaf-PC4429","S-1-5-21-1634558665-2257203147-3060767804-1000","2/5/2014 1:41:55 AM",,,"c:\users\mac_1\desktop\winevt\logs\microsoft-windows-diagnosis-scripted%4admin.evtx","System.UInt32[]","System.Diagnostics.Eventing.Reader.EventBookmark","Information","Info",,"System.Collections.ObjectModel.ReadOnlyCollection`1[System.String]","System.Collections.Generic.List`1[System.Diagnostics.Eventing.Reader.EventProperty]"
"The scripted diagnostic engine executed a diagnostic package located at C:\Windows\diagnostics\scheduled\Maintenance with ID MaintenanceDiagnostic.","1","0",,"4","0","0","-9223372019674906624","67","Microsoft-Windows-Diagnosis-Scripted","e1dd7e52-621d-44e3-a1ad-0370c2b25946","Microsoft-Windows-Diagnosis-Scripted/Admin","3852","1036","rjaf-PC4429","S-1-5-21-1634558665-2257203147-3060767804-1000","2/2/2014 1:36:49 AM",,,"c:\users\mac_1\desktop\winevt\logs\microsoft-windows-diagnosis-scripted%4admin.evtx","System.UInt32[]","System.Diagnostics.Eventing.Reader.EventBookmark","Information","Info",,"System.Collections.ObjectModel.ReadOnlyCollection`1[System.String]","System.Collections.Generic.List`1[System.Diagnostics.Eventing.Reader.EventProperty]"
"The scripted diagnostic engine executed a diagnostic package located at C:\Windows\diagnostics\scheduled\Maintenance with ID MaintenanceDiagnostic.","1","0",,"4","0","0","-9223372019674906624","66","Microsoft-Windows-Diagnosis-Scripted","e1dd7e52-621d-44e3-a1ad-0370c2b25946","Microsoft-Windows-Diagnosis-Scripted/Admin","3604","3508","rjaf-PC4429","S-1-5-21-1634558665-2257203147-3060767804-1000","1/30/2014 3:33:04 AM",,,"c:\users\mac_1\desktop\winevt\logs\microsoft-windows-diagnosis-scripted%4admin.evtx","System.UInt32[]","System.Diagnostics.Eventing.Reader.EventBookmark","Information","Info",,"System.Collections.ObjectModel.ReadOnlyCollection`1[System.String]","System.Collections.Generic.List`1[System.Diagnostics.Eventing.Reader.EventProperty]"
"The scripted diagnostic engine executed a diagnostic package located at C:\Windows\diagnostics\scheduled\Maintenance with ID MaintenanceDiagnostic.","1","0",,"4","0","0","-9223372019674906624","65","Microsoft-Windows-Diagnosis-Scripted","e1dd7e52-621d-44e3-a1ad-0370c2b25946","Microsoft-Windows-Diagnosis-Scripted/Admin","3872","2376","rjaf-PC4429","S-1-5-21-1634558665-2257203147-3060767804-1000","1/26/2014 12:54:58 AM",,,"c:\users\mac_1\desktop\winevt\logs\microsoft-windows-diagnosis-scripted%4admin.evtx","System.UInt32[]","System.Diagnostics.Eventing.Reader.EventBookmark","Information","Info",,"System.Collections.ObjectModel.ReadOnlyCollection`1[System.String]","System.Collections.Generic.List`1[System.Diagnostics.Eventing.Reader.EventProperty]"
"The scripted diagnostic engine executed a diagnostic package located at C:\Windows\diagnostics\scheduled\Maintenance with ID MaintenanceDiagnostic.","1","0",,"4","0","0","-9223372019674906624","64","Microsoft-Windows-Diagnosis-Scripted","e1dd7e52-621d-44e3-a1ad-0370c2b25946","Microsoft-Windows-Diagnosis-Scripted/Admin","2080","4052","rjaf-PC4429","S-1-5-21-1634558665-2257203147-3060767804-1000","1/20/2014 2:10:18 AM",,,"c:\users\mac_1\desktop\winevt\logs\microsoft-windows-diagnosis-scripted%4admin.evtx","System.UInt32[]","System.Diagnostics.Eventing.Reader.EventBookmark","Information","Info",,"System.Collections.ObjectModel.ReadOnlyCollection`1[System.String]","System.Collections.Generic.List`1[System.Diagnostics.Eventing.Reader.EventProperty]"
"The scripted diagnostic engine executed a diagnostic package located at C:\Windows\diagnostics\scheduled\Maintenance with ID MaintenanceDiagnostic.","1","0",,"4","0","0","-9223372019674906624","63","Microsoft-Windows-Diagnosis-Scripted","e1dd7e52-621d-44e3-a1ad-0370c2b25946","Microsoft-Windows-Diagnosis-Scripted/Admin","3652","2056","rjaf-PC4429","S-1-5-21-1634558665-2257203147-3060767804-1000","1/19/2014 12:00:44 AM",,,"c:\users\mac_1\desktop\winevt\logs\microsoft-windows-diagnosis-scripted%4admin.evtx","System.UInt32[]","System.Diagnostics.Eventing.Reader.EventBookmark","Information","Info",,"System.Collections.ObjectModel.ReadOnlyCollection`1[System.String]","System.Collections.Generic.List`1[System.Diagnostics.Eventing.Reader.EventProperty]"
"The scripted diagnostic engine executed a diagnostic package located at C:\Windows\diagnostics\scheduled\Maintenance with ID MaintenanceDiagnostic.","1","0",,"4","0","0","-9223372019674906624","62","Microsoft-Windows-Diagnosis-Scripted","e1dd7e52-621d-44e3-a1ad-0370c2b25946","Microsoft-Windows-Diagnosis-Scripted/Admin","2216","1200","rjaf-PC4429","S-1-5-21-1634558665-2257203147-3060767804-1000","1/15/2014 2:40:44 AM",,,"c:\users\mac_1\desktop\winevt\logs\microsoft-windows-diagnosis-scripted%4admin.evtx","System.UInt32[]","System.Diagnostics.Eventing.Reader.EventBookmark","Information","Info",,"System.Collections.ObjectModel.ReadOnlyCollection`1[System.String]","System.Collections.Generic.List`1[System.Diagnostics.Eventing.Reader.EventProperty]"
"The scripted diagnostic engine executed a diagnostic package located at C:\Windows\diagnostics\scheduled\Maintenance with ID MaintenanceDiagnostic.","1","0",,"4","0","0","-9223372019674906624","61","Microsoft-Windows-Diagnosis-Scripted","e1dd7e52-621d-44e3-a1ad-0370c2b25946","Microsoft-Windows-Diagnosis-Scripted/Admin","3840","2264","rjaf-PC4429","S-1-5-21-1634558665-2257203147-3060767804-1000","1/12/2014 1:50:38 AM",,,"c:\users\mac_1\desktop\winevt\logs\microsoft-windows-diagnosis-scripted%4admin.evtx","System.UInt32[]","System.Diagnostics.Eventing.Reader.EventBookmark","Information","Info",,"System.Collections.ObjectModel.ReadOnlyCollection`1[System.String]","System.Collections.Generic.List`1[System.Diagnostics.Eventing.Reader.EventProperty]"
