"Windows has resumed from standby: 
     Standby Duration		:	8107ms
     Standby Incident Time (UTC)	:	?2015?-?02?-?09T18:21:51.720954900Z
     Resume  Duration		:	1175ms
     Resume  Incident Time (UTC)	:	?2015?-?02?-?09T18:51:01.370250700Z
     IsDegradation			:	false","300","1",,"3","4003","36","-9223372036854710272","2066","Microsoft-Windows-Diagnostics-Performance","cfc18ec0-96b1-4eba-961b-622caee05b0a","Microsoft-Windows-Diagnostics-Performance/Operational","1404","4984","rjaf-PC4429","S-1-5-19","2/9/2015 10:51:30 AM","85f1fc9c-d89b-0002-4396-e7093042d001",,"c:\users\mac_1\desktop\winevt\logs\microsoft-windows-diagnostics-performance%4operational.evtx","System.UInt32[]","System.Diagnostics.Eventing.Reader.EventBookmark","Warning","Standby Information","Standby Performance Monitoring","System.Collections.ObjectModel.ReadOnlyCollection`1[System.String]","System.Collections.Generic.List`1[System.Diagnostics.Eventing.Reader.EventProperty]"
"This driver caused a delay during standby while servicing a device:
     Driver File Name		:	\Driver\usbehci
     Driver Friendly Name		:	EHCI eUSB Miniport Driver
     Driver Version			:	6.1.7600.16788 (win7_gdr.110324-1506)
     Driver Total Time		:	91ms
     Driver Degradation Time	:	35ms
     Incident Time (UTC)		:	?2015?-?02?-?09T16:57:07.019101600Z
     Device Name			:	USB\ROOT_HUB20\4&f96d45&0
     Device Friendly Name		:	USB Root Hub
     Device Total Time		:	91ms
     Device Degradation Time	:	35ms","302","1",,"3","4003","35","-9223372036854710272","2065","Microsoft-Windows-Diagnostics-Performance","cfc18ec0-96b1-4eba-961b-622caee05b0a","Microsoft-Windows-Diagnostics-Performance/Operational","1404","4564","rjaf-PC4429","S-1-5-19","2/9/2015 9:37:54 AM","85f1fc9c-d89b-0002-4096-e7093042d001",,"c:\users\mac_1\desktop\winevt\logs\microsoft-windows-diagnostics-performance%4operational.evtx","System.UInt32[]","System.Diagnostics.Eventing.Reader.EventBookmark","Warning","Standby Degradation","Standby Performance Monitoring","System.Collections.ObjectModel.ReadOnlyCollection`1[System.String]","System.Collections.Generic.List`1[System.Diagnostics.Eventing.Reader.EventProperty]"
"Windows has resumed from standby: 
     Standby Duration		:	7621ms
     Standby Incident Time (UTC)	:	?2015?-?02?-?09T16:57:07.019101600Z
     Resume  Duration		:	1204ms
     Resume  Incident Time (UTC)	:	?2015?-?02?-?09T17:37:24.618387600Z
     IsDegradation			:	false","300","1",,"3","4003","36","-9223372036854710272","2064","Microsoft-Windows-Diagnostics-Performance","cfc18ec0-96b1-4eba-961b-622caee05b0a","Microsoft-Windows-Diagnostics-Performance/Operational","1404","4564","rjaf-PC4429","S-1-5-19","2/9/2015 9:37:54 AM","85f1fc9c-d89b-0002-4096-e7093042d001",,"c:\users\mac_1\desktop\winevt\logs\microsoft-windows-diagnostics-performance%4operational.evtx","System.UInt32[]","System.Diagnostics.Eventing.Reader.EventBookmark","Warning","Standby Information","Standby Performance Monitoring","System.Collections.ObjectModel.ReadOnlyCollection`1[System.String]","System.Collections.Generic.List`1[System.Diagnostics.Eventing.Reader.EventProperty]"
"Windows has resumed from standby: 
     Standby Duration		:	6795ms
     Standby Incident Time (UTC)	:	?2015?-?02?-?09T09:55:39.152816400Z
     Resume  Duration		:	1204ms
     Resume  Incident Time (UTC)	:	?2015?-?02?-?09T15:59:02.937790700Z
     IsDegradation			:	false","300","1",,"3","4003","36","-9223372036854710272","2063","Microsoft-Windows-Diagnostics-Performance","cfc18ec0-96b1-4eba-961b-622caee05b0a","Microsoft-Windows-Diagnostics-Performance/Operational","1404","4564","rjaf-PC4429","S-1-5-19","2/9/2015 7:59:31 AM","00000000-5b28-0000-3096-e7093042d001",,"c:\users\mac_1\desktop\winevt\logs\microsoft-windows-diagnostics-performance%4operational.evtx","System.UInt32[]","System.Diagnostics.Eventing.Reader.EventBookmark","Warning","Standby Information","Standby Performance Monitoring","System.Collections.ObjectModel.ReadOnlyCollection`1[System.String]","System.Collections.Generic.List`1[System.Diagnostics.Eventing.Reader.EventProperty]"
"Windows has resumed from standby: 
     Standby Duration		:	9727ms
     Standby Incident Time (UTC)	:	?2015?-?02?-?09T08:48:54.397663600Z
     Resume  Duration		:	1165ms
     Resume  Incident Time (UTC)	:	?2015?-?02?-?09T09:24:32.026285000Z
     IsDegradation			:	false","300","1",,"3","4003","36","-9223372036854710272","2062","Microsoft-Windows-Diagnostics-Performance","cfc18ec0-96b1-4eba-961b-622caee05b0a","Microsoft-Windows-Diagnostics-Performance/Operational","1404","5640","rjaf-PC4429","S-1-5-19","2/9/2015 1:25:01 AM","85f1fc9c-d89b-0002-3d96-e7093042d001",,"c:\users\mac_1\desktop\winevt\logs\microsoft-windows-diagnostics-performance%4operational.evtx","System.UInt32[]","System.Diagnostics.Eventing.Reader.EventBookmark","Warning","Standby Information","Standby Performance Monitoring","System.Collections.ObjectModel.ReadOnlyCollection`1[System.String]","System.Collections.Generic.List`1[System.Diagnostics.Eventing.Reader.EventProperty]"
"Windows has resumed from standby: 
     Standby Duration		:	7623ms
     Standby Incident Time (UTC)	:	?2015?-?02?-?09T01:02:26.890609000Z
     Resume  Duration		:	1205ms
     Resume  Incident Time (UTC)	:	?2015?-?02?-?09T08:14:49.283110500Z
     IsDegradation			:	false","300","1",,"3","4003","36","-9223372036854710272","2061","Microsoft-Windows-Diagnostics-Performance","cfc18ec0-96b1-4eba-961b-622caee05b0a","Microsoft-Windows-Diagnostics-Performance/Operational","1404","348","rjaf-PC4429","S-1-5-19","2/9/2015 12:15:16 AM","85f1fc9c-d89b-0002-3c96-e7093042d001",,"c:\users\mac_1\desktop\winevt\logs\microsoft-windows-diagnostics-performance%4operational.evtx","System.UInt32[]","System.Diagnostics.Eventing.Reader.EventBookmark","Warning","Standby Information","Standby Performance Monitoring","System.Collections.ObjectModel.ReadOnlyCollection`1[System.String]","System.Collections.Generic.List`1[System.Diagnostics.Eventing.Reader.EventProperty]"
"Preparing Winlogon for sleep was slower than expected: 
     Name		:	SuspendWinlogon
     Total Time		:	321ms
     Degradation Time	:	292ms
     Incident Time (UTC)	:	?2015?-?02?-?08T19:22:28.806725100Z","307","1",,"3","4003","35","-9223372036854710272","2060","Microsoft-Windows-Diagnostics-Performance","cfc18ec0-96b1-4eba-961b-622caee05b0a","Microsoft-Windows-Diagnostics-Performance/Operational","1404","5864","rjaf-PC4429","S-1-5-19","2/8/2015 5:00:19 PM","85f21364-d89b-0003-3496-e7093042d001",,"c:\users\mac_1\desktop\winevt\logs\microsoft-windows-diagnostics-performance%4operational.evtx","System.UInt32[]","System.Diagnostics.Eventing.Reader.EventBookmark","Warning","Standby Degradation","Standby Performance Monitoring","System.Collections.ObjectModel.ReadOnlyCollection`1[System.String]","System.Collections.Generic.List`1[System.Diagnostics.Eventing.Reader.EventProperty]"
"Windows has resumed from standby: 
     Standby Duration		:	7632ms
     Standby Incident Time (UTC)	:	?2015?-?02?-?08T19:22:28.806725100Z
     Resume  Duration		:	1215ms
     Resume  Incident Time (UTC)	:	?2015?-?02?-?09T00:59:55.733380900Z
     IsDegradation			:	false","300","1",,"3","4003","36","-9223372036854710272","2059","Microsoft-Windows-Diagnostics-Performance","cfc18ec0-96b1-4eba-961b-622caee05b0a","Microsoft-Windows-Diagnostics-Performance/Operational","1404","5864","rjaf-PC4429","S-1-5-19","2/8/2015 5:00:19 PM","85f21364-d89b-0003-3496-e7093042d001",,"c:\users\mac_1\desktop\winevt\logs\microsoft-windows-diagnostics-performance%4operational.evtx","System.UInt32[]","System.Diagnostics.Eventing.Reader.EventBookmark","Warning","Standby Information","Standby Performance Monitoring","System.Collections.ObjectModel.ReadOnlyCollection`1[System.String]","System.Collections.Generic.List`1[System.Diagnostics.Eventing.Reader.EventProperty]"
"This driver caused a delay during standby while servicing a device:
     Driver File Name		:	\Driver\Disk
     Driver Friendly Name		:	PnP Disk Driver
     Driver Version			:	6.1.7600.16385 (win7_rtm.090713-1255)
     Driver Total Time		:	66ms
     Driver Degradation Time	:	48ms
     Incident Time (UTC)		:	?2015?-?02?-?08T17:44:58.939943500Z
     Device Name			:	SCSI\Disk&Ven_WDC&Prod_WD5000AAKX-22ERM\4&68979c&0&000000
     Device Friendly Name		:	Disk drive
     Device Total Time		:	66ms
     Device Degradation Time	:	48ms","302","1",,"3","4003","35","-9223372036854710272","2058","Microsoft-Windows-Diagnostics-Performance","cfc18ec0-96b1-4eba-961b-622caee05b0a","Microsoft-Windows-Diagnostics-Performance/Operational","1404","4260","rjaf-PC4429","S-1-5-19","2/8/2015 9:45:38 AM","85f1f364-d89b-0001-3596-e7093042d001",,"c:\users\mac_1\desktop\winevt\logs\microsoft-windows-diagnostics-performance%4operational.evtx","System.UInt32[]","System.Diagnostics.Eventing.Reader.EventBookmark","Warning","Standby Degradation","Standby Performance Monitoring","System.Collections.ObjectModel.ReadOnlyCollection`1[System.String]","System.Collections.Generic.List`1[System.Diagnostics.Eventing.Reader.EventProperty]"
"Windows has resumed from standby: 
     Standby Duration		:	6288ms
     Standby Incident Time (UTC)	:	?2015?-?02?-?08T17:44:58.939943500Z
     Resume  Duration		:	1163ms
     Resume  Incident Time (UTC)	:	?2015?-?02?-?08T17:45:16.775167100Z
     IsDegradation			:	false","300","1",,"3","4003","36","-9223372036854710272","2057","Microsoft-Windows-Diagnostics-Performance","cfc18ec0-96b1-4eba-961b-622caee05b0a","Microsoft-Windows-Diagnostics-Performance/Operational","1404","4260","rjaf-PC4429","S-1-5-19","2/8/2015 9:45:38 AM","85f1f364-d89b-0001-3596-e7093042d001",,"c:\users\mac_1\desktop\winevt\logs\microsoft-windows-diagnostics-performance%4operational.evtx","System.UInt32[]","System.Diagnostics.Eventing.Reader.EventBookmark","Warning","Standby Information","Standby Performance Monitoring","System.Collections.ObjectModel.ReadOnlyCollection`1[System.String]","System.Collections.Generic.List`1[System.Diagnostics.Eventing.Reader.EventProperty]"
"Windows has resumed from standby: 
     Standby Duration		:	8709ms
     Standby Incident Time (UTC)	:	?2015?-?02?-?08T14:39:14.860948300Z
     Resume  Duration		:	1179ms
     Resume  Incident Time (UTC)	:	?2015?-?02?-?08T17:15:06.825623000Z
     IsDegradation			:	false","300","1",,"3","4003","36","-9223372036854710272","2056","Microsoft-Windows-Diagnostics-Performance","cfc18ec0-96b1-4eba-961b-622caee05b0a","Microsoft-Windows-Diagnostics-Performance/Operational","1404","4080","rjaf-PC4429","S-1-5-19","2/8/2015 9:15:30 AM","85f1fc9c-d89b-0002-3896-e7093042d001",,"c:\users\mac_1\desktop\winevt\logs\microsoft-windows-diagnostics-performance%4operational.evtx","System.UInt32[]","System.Diagnostics.Eventing.Reader.EventBookmark","Warning","Standby Information","Standby Performance Monitoring","System.Collections.ObjectModel.ReadOnlyCollection`1[System.String]","System.Collections.Generic.List`1[System.Diagnostics.Eventing.Reader.EventProperty]"
"This driver caused a delay during standby while servicing a device:
     Driver File Name		:	\Driver\usbhub
     Driver Friendly Name		:	Default Hub Driver for USB
     Driver Version			:	6.1.7600.16385 (win7_rtm.090713-1255)
     Driver Total Time		:	31ms
     Driver Degradation Time	:	13ms
     Incident Time (UTC)		:	?2015?-?02?-?08T10:53:30.912884800Z
     Device Name			:	USB\VID_8087&PID_0024\5&31a83182&0&1
     Device Friendly Name		:	Generic USB Hub
     Device Total Time		:	31ms
     Device Degradation Time	:	0ms","302","1",,"3","4003","35","-9223372036854710272","2055","Microsoft-Windows-Diagnostics-Performance","cfc18ec0-96b1-4eba-961b-622caee05b0a","Microsoft-Windows-Diagnostics-Performance/Operational","1404","364","rjaf-PC4429","S-1-5-19","2/8/2015 5:39:23 AM","85f1fc9c-d89b-0002-3696-e7093042d001",,"c:\users\mac_1\desktop\winevt\logs\microsoft-windows-diagnostics-performance%4operational.evtx","System.UInt32[]","System.Diagnostics.Eventing.Reader.EventBookmark","Warning","Standby Degradation","Standby Performance Monitoring","System.Collections.ObjectModel.ReadOnlyCollection`1[System.String]","System.Collections.Generic.List`1[System.Diagnostics.Eventing.Reader.EventProperty]"
"Windows has resumed from standby: 
     Standby Duration		:	6950ms
     Standby Incident Time (UTC)	:	?2015?-?02?-?08T10:53:30.912884800Z
     Resume  Duration		:	1200ms
     Resume  Incident Time (UTC)	:	?2015?-?02?-?08T13:39:02.802389000Z
     IsDegradation			:	false","300","1",,"3","4003","36","-9223372036854710272","2054","Microsoft-Windows-Diagnostics-Performance","cfc18ec0-96b1-4eba-961b-622caee05b0a","Microsoft-Windows-Diagnostics-Performance/Operational","1404","364","rjaf-PC4429","S-1-5-19","2/8/2015 5:39:23 AM","85f1fc9c-d89b-0002-3696-e7093042d001",,"c:\users\mac_1\desktop\winevt\logs\microsoft-windows-diagnostics-performance%4operational.evtx","System.UInt32[]","System.Diagnostics.Eventing.Reader.EventBookmark","Warning","Standby Information","Standby Performance Monitoring","System.Collections.ObjectModel.ReadOnlyCollection`1[System.String]","System.Collections.Generic.List`1[System.Diagnostics.Eventing.Reader.EventProperty]"
"Windows has resumed from standby: 
     Standby Duration		:	10741ms
     Standby Incident Time (UTC)	:	?2015?-?02?-?08T09:47:31.058082800Z
     Resume  Duration		:	1163ms
     Resume  Incident Time (UTC)	:	?2015?-?02?-?08T10:02:30.828315000Z
     IsDegradation			:	false","300","1",,"3","4003","36","-9223372036854710272","2053","Microsoft-Windows-Diagnostics-Performance","cfc18ec0-96b1-4eba-961b-622caee05b0a","Microsoft-Windows-Diagnostics-Performance/Operational","1404","3188","rjaf-PC4429","S-1-5-19","2/8/2015 2:02:51 AM","85f1f364-d89b-0001-2f96-e7093042d001",,"c:\users\mac_1\desktop\winevt\logs\microsoft-windows-diagnostics-performance%4operational.evtx","System.UInt32[]","System.Diagnostics.Eventing.Reader.EventBookmark","Warning","Standby Information","Standby Performance Monitoring","System.Collections.ObjectModel.ReadOnlyCollection`1[System.String]","System.Collections.Generic.List`1[System.Diagnostics.Eventing.Reader.EventProperty]"
"This driver caused a delay during standby while servicing a device:
     Driver File Name		:	\Driver\usbehci
     Driver Friendly Name		:	EHCI eUSB Miniport Driver
     Driver Version			:	6.1.7600.16788 (win7_gdr.110324-1506)
     Driver Total Time		:	342ms
     Driver Degradation Time	:	145ms
     Incident Time (UTC)		:	?2015?-?02?-?08T01:02:33.771997200Z
     Device Name			:	USB\ROOT_HUB20\4&605ea8b&0
     Device Friendly Name		:	USB Root Hub
     Device Total Time		:	342ms
     Device Degradation Time	:	145ms","302","1",,"3","4003","35","-9223372036854710272","2052","Microsoft-Windows-Diagnostics-Performance","cfc18ec0-96b1-4eba-961b-622caee05b0a","Microsoft-Windows-Diagnostics-Performance/Operational","1404","3384","rjaf-PC4429","S-1-5-19","2/8/2015 12:45:49 AM","85f1f364-d89b-0001-2d96-e7093042d001",,"c:\users\mac_1\desktop\winevt\logs\microsoft-windows-diagnostics-performance%4operational.evtx","System.UInt32[]","System.Diagnostics.Eventing.Reader.EventBookmark","Warning","Standby Degradation","Standby Performance Monitoring","System.Collections.ObjectModel.ReadOnlyCollection`1[System.String]","System.Collections.Generic.List`1[System.Diagnostics.Eventing.Reader.EventProperty]"
"Windows has resumed from standby: 
     Standby Duration		:	7122ms
     Standby Incident Time (UTC)	:	?2015?-?02?-?08T01:02:33.771997200Z
     Resume  Duration		:	1200ms
     Resume  Incident Time (UTC)	:	?2015?-?02?-?08T08:45:29.005770600Z
     IsDegradation			:	false","300","1",,"3","4003","36","-9223372036854710272","2051","Microsoft-Windows-Diagnostics-Performance","cfc18ec0-96b1-4eba-961b-622caee05b0a","Microsoft-Windows-Diagnostics-Performance/Operational","1404","3384","rjaf-PC4429","S-1-5-19","2/8/2015 12:45:49 AM","85f1f364-d89b-0001-2d96-e7093042d001",,"c:\users\mac_1\desktop\winevt\logs\microsoft-windows-diagnostics-performance%4operational.evtx","System.UInt32[]","System.Diagnostics.Eventing.Reader.EventBookmark","Warning","Standby Information","Standby Performance Monitoring","System.Collections.ObjectModel.ReadOnlyCollection`1[System.String]","System.Collections.Generic.List`1[System.Diagnostics.Eventing.Reader.EventProperty]"
"Windows has resumed from standby: 
     Standby Duration		:	6105ms
     Standby Incident Time (UTC)	:	?2015?-?02?-?07T20:15:35.392492400Z
     Resume  Duration		:	1201ms
     Resume  Incident Time (UTC)	:	?2015?-?02?-?08T01:00:02.620778500Z
     IsDegradation			:	false","300","1",,"3","4003","36","-9223372036854710272","2050","Microsoft-Windows-Diagnostics-Performance","cfc18ec0-96b1-4eba-961b-622caee05b0a","Microsoft-Windows-Diagnostics-Performance/Operational","1404","5372","rjaf-PC4429","S-1-5-19","2/7/2015 5:00:20 PM","85f21364-d89b-0003-2e96-e7093042d001",,"c:\users\mac_1\desktop\winevt\logs\microsoft-windows-diagnostics-performance%4operational.evtx","System.UInt32[]","System.Diagnostics.Eventing.Reader.EventBookmark","Warning","Standby Information","Standby Performance Monitoring","System.Collections.ObjectModel.ReadOnlyCollection`1[System.String]","System.Collections.Generic.List`1[System.Diagnostics.Eventing.Reader.EventProperty]"
"Windows has resumed from standby: 
     Standby Duration		:	5794ms
     Standby Incident Time (UTC)	:	?2015?-?02?-?07T17:43:06.126897200Z
     Resume  Duration		:	1299ms
     Resume  Incident Time (UTC)	:	?2015?-?02?-?07T19:45:31.280253900Z
     IsDegradation			:	false","300","1",,"3","4003","36","-9223372036854710272","2049","Microsoft-Windows-Diagnostics-Performance","cfc18ec0-96b1-4eba-961b-622caee05b0a","Microsoft-Windows-Diagnostics-Performance/Operational","1404","3748","rjaf-PC4429","S-1-5-19","2/7/2015 11:45:47 AM","85f1fc9c-d89b-0002-3196-e7093042d001",,"c:\users\mac_1\desktop\winevt\logs\microsoft-windows-diagnostics-performance%4operational.evtx","System.UInt32[]","System.Diagnostics.Eventing.Reader.EventBookmark","Warning","Standby Information","Standby Performance Monitoring","System.Collections.ObjectModel.ReadOnlyCollection`1[System.String]","System.Collections.Generic.List`1[System.Diagnostics.Eventing.Reader.EventProperty]"
"Windows has resumed from standby: 
     Standby Duration		:	7323ms
     Standby Incident Time (UTC)	:	?2015?-?02?-?07T09:12:09.023871800Z
     Resume  Duration		:	1185ms
     Resume  Incident Time (UTC)	:	?2015?-?02?-?07T17:41:18.973948800Z
     IsDegradation			:	false","300","1",,"3","4003","36","-9223372036854710272","2048","Microsoft-Windows-Diagnostics-Performance","cfc18ec0-96b1-4eba-961b-622caee05b0a","Microsoft-Windows-Diagnostics-Performance/Operational","1404","3944","rjaf-PC4429","S-1-5-19","2/7/2015 9:41:34 AM","85f1fc9c-d89b-0002-3096-e7093042d001",,"c:\users\mac_1\desktop\winevt\logs\microsoft-windows-diagnostics-performance%4operational.evtx","System.UInt32[]","System.Diagnostics.Eventing.Reader.EventBookmark","Warning","Standby Information","Standby Performance Monitoring","System.Collections.ObjectModel.ReadOnlyCollection`1[System.String]","System.Collections.Generic.List`1[System.Diagnostics.Eventing.Reader.EventProperty]"
"Windows has resumed from standby: 
     Standby Duration		:	7676ms
     Standby Incident Time (UTC)	:	?2015?-?02?-?07T01:03:11.518378600Z
     Resume  Duration		:	1207ms
     Resume  Incident Time (UTC)	:	?2015?-?02?-?07T08:14:53.927388800Z
     IsDegradation			:	false","300","1",,"3","4003","36","-9223372036854710272","2047","Microsoft-Windows-Diagnostics-Performance","cfc18ec0-96b1-4eba-961b-622caee05b0a","Microsoft-Windows-Diagnostics-Performance/Operational","1404","5076","rjaf-PC4429","S-1-5-19","2/7/2015 12:15:10 AM","85f21364-d89b-0003-2996-e7093042d001",,"c:\users\mac_1\desktop\winevt\logs\microsoft-windows-diagnostics-performance%4operational.evtx","System.UInt32[]","System.Diagnostics.Eventing.Reader.EventBookmark","Warning","Standby Information","Standby Performance Monitoring","System.Collections.ObjectModel.ReadOnlyCollection`1[System.String]","System.Collections.Generic.List`1[System.Diagnostics.Eventing.Reader.EventProperty]"
"This driver caused a delay during standby while servicing a device:
     Driver File Name		:	\Driver\Disk
     Driver Friendly Name		:	PnP Disk Driver
     Driver Version			:	6.1.7600.16385 (win7_rtm.090713-1255)
     Driver Total Time		:	64ms
     Driver Degradation Time	:	26ms
     Incident Time (UTC)		:	?2015?-?02?-?06T23:27:57.052886700Z
     Device Name			:	SCSI\Disk&Ven_WDC&Prod_WD5000AAKX-22ERM\4&68979c&0&000000
     Device Friendly Name		:	Disk drive
     Device Total Time		:	64ms
     Device Degradation Time	:	30ms","302","1",,"3","4003","35","-9223372036854710272","2046","Microsoft-Windows-Diagnostics-Performance","cfc18ec0-96b1-4eba-961b-622caee05b0a","Microsoft-Windows-Diagnostics-Performance/Operational","1404","5500","rjaf-PC4429","S-1-5-19","2/6/2015 5:00:20 PM","85f21364-d89b-0003-2896-e7093042d001",,"c:\users\mac_1\desktop\winevt\logs\microsoft-windows-diagnostics-performance%4operational.evtx","System.UInt32[]","System.Diagnostics.Eventing.Reader.EventBookmark","Warning","Standby Degradation","Standby Performance Monitoring","System.Collections.ObjectModel.ReadOnlyCollection`1[System.String]","System.Collections.Generic.List`1[System.Diagnostics.Eventing.Reader.EventProperty]"
"Windows has resumed from standby: 
     Standby Duration		:	8545ms
     Standby Incident Time (UTC)	:	?2015?-?02?-?06T23:27:57.052886700Z
     Resume  Duration		:	1189ms
     Resume  Incident Time (UTC)	:	?2015?-?02?-?07T01:00:10.356699500Z
     IsDegradation			:	false","300","1",,"3","4003","36","-9223372036854710272","2045","Microsoft-Windows-Diagnostics-Performance","cfc18ec0-96b1-4eba-961b-622caee05b0a","Microsoft-Windows-Diagnostics-Performance/Operational","1404","5500","rjaf-PC4429","S-1-5-19","2/6/2015 5:00:20 PM","85f21364-d89b-0003-2896-e7093042d001",,"c:\users\mac_1\desktop\winevt\logs\microsoft-windows-diagnostics-performance%4operational.evtx","System.UInt32[]","System.Diagnostics.Eventing.Reader.EventBookmark","Warning","Standby Information","Standby Performance Monitoring","System.Collections.ObjectModel.ReadOnlyCollection`1[System.String]","System.Collections.Generic.List`1[System.Diagnostics.Eventing.Reader.EventProperty]"
"Windows has resumed from standby: 
     Standby Duration		:	8135ms
     Standby Incident Time (UTC)	:	?2015?-?02?-?06T19:33:28.231961500Z
     Resume  Duration		:	7769ms
     Resume  Incident Time (UTC)	:	?2015?-?02?-?06T22:57:41.615368200Z
     IsDegradation			:	false","300","1",,"3","4003","36","-9223372036854710272","2044","Microsoft-Windows-Diagnostics-Performance","cfc18ec0-96b1-4eba-961b-622caee05b0a","Microsoft-Windows-Diagnostics-Performance/Operational","1404","212","rjaf-PC4429","S-1-5-19","2/6/2015 2:58:40 PM","85f1fc9c-d89b-0002-2a96-e7093042d001",,"c:\users\mac_1\desktop\winevt\logs\microsoft-windows-diagnostics-performance%4operational.evtx","System.UInt32[]","System.Diagnostics.Eventing.Reader.EventBookmark","Warning","Standby Information","Standby Performance Monitoring","System.Collections.ObjectModel.ReadOnlyCollection`1[System.String]","System.Collections.Generic.List`1[System.Diagnostics.Eventing.Reader.EventProperty]"
"Windows has resumed from standby: 
     Standby Duration		:	15583ms
     Standby Incident Time (UTC)	:	?2015?-?02?-?06T17:49:28.609502600Z
     Resume  Duration		:	1163ms
     Resume  Incident Time (UTC)	:	?2015?-?02?-?06T18:42:06.140056000Z
     IsDegradation			:	false","300","1",,"3","4003","36","-9223372036854710272","2043","Microsoft-Windows-Diagnostics-Performance","cfc18ec0-96b1-4eba-961b-622caee05b0a","Microsoft-Windows-Diagnostics-Performance/Operational","1404","3124","rjaf-PC4429","S-1-5-19","2/6/2015 10:42:14 AM","00000000-5b28-0000-2596-e7093042d001",,"c:\users\mac_1\desktop\winevt\logs\microsoft-windows-diagnostics-performance%4operational.evtx","System.UInt32[]","System.Diagnostics.Eventing.Reader.EventBookmark","Warning","Standby Information","Standby Performance Monitoring","System.Collections.ObjectModel.ReadOnlyCollection`1[System.String]","System.Collections.Generic.List`1[System.Diagnostics.Eventing.Reader.EventProperty]"
"This application took longer than usual to start up, resulting in a performance degradation in the system startup process: 
     File Name		:	MsMpEng.exe
     Friendly Name		:	Service Executable
     Version		:	1.5.1937.0
     Total Time		:	12770ms
     Degradation Time	:	1682ms
     Incident Time (UTC)	:	?2015?-?02?-?06T17:12:08.578000100Z","101","1",,"3","4002","33","-9223372036854710272","2042","Microsoft-Windows-Diagnostics-Performance","cfc18ec0-96b1-4eba-961b-622caee05b0a","Microsoft-Windows-Diagnostics-Performance/Operational","1404","2860","rjaf-PC4429","S-1-5-19","2/6/2015 9:14:04 AM","85f1f364-d89b-0001-2296-e7093042d001",,"c:\users\mac_1\desktop\winevt\logs\microsoft-windows-diagnostics-performance%4operational.evtx","System.UInt32[]","System.Diagnostics.Eventing.Reader.EventBookmark","Warning","Boot Degradation","Boot Performance Monitoring","System.Collections.ObjectModel.ReadOnlyCollection`1[System.String]","System.Collections.Generic.List`1[System.Diagnostics.Eventing.Reader.EventProperty]"
"Windows has started up: 
     Boot Duration		:	56879ms
     IsDegradation		:	false
     Incident Time (UTC)	:	?2015?-?02?-?06T17:12:08.578000100Z","100","2",,"2","4002","34","-9223372036854710272","2041","Microsoft-Windows-Diagnostics-Performance","cfc18ec0-96b1-4eba-961b-622caee05b0a","Microsoft-Windows-Diagnostics-Performance/Operational","1404","2860","rjaf-PC4429","S-1-5-19","2/6/2015 9:14:04 AM","85f1f364-d89b-0001-2296-e7093042d001",,"c:\users\mac_1\desktop\winevt\logs\microsoft-windows-diagnostics-performance%4operational.evtx","System.UInt32[]","System.Diagnostics.Eventing.Reader.EventBookmark","Error","Boot Information","Boot Performance Monitoring","System.Collections.ObjectModel.ReadOnlyCollection`1[System.String]","System.Collections.Generic.List`1[System.Diagnostics.Eventing.Reader.EventProperty]"
"Windows has resumed from standby: 
     Standby Duration		:	7643ms
     Standby Incident Time (UTC)	:	?2015?-?02?-?06T10:17:15.245092300Z
     Resume  Duration		:	1196ms
     Resume  Incident Time (UTC)	:	?2015?-?02?-?06T15:45:30.249621000Z
     IsDegradation			:	false","300","1",,"3","4003","36","-9223372036854710272","2040","Microsoft-Windows-Diagnostics-Performance","cfc18ec0-96b1-4eba-961b-622caee05b0a","Microsoft-Windows-Diagnostics-Performance/Operational","1364","448","rjaf-PC4429","S-1-5-19","2/6/2015 7:46:08 AM","85f1cc9c-e89b-0003-ca77-4f7dbf3ed001",,"c:\users\mac_1\desktop\winevt\logs\microsoft-windows-diagnostics-performance%4operational.evtx","System.UInt32[]","System.Diagnostics.Eventing.Reader.EventBookmark","Warning","Standby Information","Standby Performance Monitoring","System.Collections.ObjectModel.ReadOnlyCollection`1[System.String]","System.Collections.Generic.List`1[System.Diagnostics.Eventing.Reader.EventProperty]"
"Windows has resumed from standby: 
     Standby Duration		:	7510ms
     Standby Incident Time (UTC)	:	?2015?-?02?-?06T01:03:18.112953200Z
     Resume  Duration		:	1205ms
     Resume  Incident Time (UTC)	:	?2015?-?02?-?06T09:13:56.196432000Z
     IsDegradation			:	false","300","1",,"3","4003","36","-9223372036854710272","2039","Microsoft-Windows-Diagnostics-Performance","cfc18ec0-96b1-4eba-961b-622caee05b0a","Microsoft-Windows-Diagnostics-Performance/Operational","1364","364","rjaf-PC4429","S-1-5-19","2/6/2015 1:14:33 AM","85f1ba9c-e89b-0001-c177-4f7dbf3ed001",,"c:\users\mac_1\desktop\winevt\logs\microsoft-windows-diagnostics-performance%4operational.evtx","System.UInt32[]","System.Diagnostics.Eventing.Reader.EventBookmark","Warning","Standby Information","Standby Performance Monitoring","System.Collections.ObjectModel.ReadOnlyCollection`1[System.String]","System.Collections.Generic.List`1[System.Diagnostics.Eventing.Reader.EventProperty]"
"This application caused a delay during standby: 
     File Name		:	rundll32.exe
     Friendly Name		:	Windows host process (Rundll32)
     Version		:	6.1.7600.16385 (win7_rtm.090713-1255)
     Total Time		:	2000ms
     Degradation Time	:	1000ms
     Incident Time (UTC)	:	?2015?-?02?-?05T12:35:37.329293600Z","301","1",,"2","4003","35","-9223372036854710272","2038","Microsoft-Windows-Diagnostics-Performance","cfc18ec0-96b1-4eba-961b-622caee05b0a","Microsoft-Windows-Diagnostics-Performance/Operational","1364","2820","rjaf-PC4429","S-1-5-19","2/5/2015 5:00:19 PM","85f1ba9c-e89b-0001-be77-4f7dbf3ed001",,"c:\users\mac_1\desktop\winevt\logs\microsoft-windows-diagnostics-performance%4operational.evtx","System.UInt32[]","System.Diagnostics.Eventing.Reader.EventBookmark","Error","Standby Degradation","Standby Performance Monitoring","System.Collections.ObjectModel.ReadOnlyCollection`1[System.String]","System.Collections.Generic.List`1[System.Diagnostics.Eventing.Reader.EventProperty]"
"Windows has resumed from standby: 
     Standby Duration		:	8939ms
     Standby Incident Time (UTC)	:	?2015?-?02?-?05T12:35:37.329293600Z
     Resume  Duration		:	1195ms
     Resume  Incident Time (UTC)	:	?2015?-?02?-?06T00:59:45.971679700Z
     IsDegradation			:	false","300","1",,"3","4003","36","-9223372036854710272","2037","Microsoft-Windows-Diagnostics-Performance","cfc18ec0-96b1-4eba-961b-622caee05b0a","Microsoft-Windows-Diagnostics-Performance/Operational","1364","2820","rjaf-PC4429","S-1-5-19","2/5/2015 5:00:19 PM","85f1ba9c-e89b-0001-be77-4f7dbf3ed001",,"c:\users\mac_1\desktop\winevt\logs\microsoft-windows-diagnostics-performance%4operational.evtx","System.UInt32[]","System.Diagnostics.Eventing.Reader.EventBookmark","Warning","Standby Information","Standby Performance Monitoring","System.Collections.ObjectModel.ReadOnlyCollection`1[System.String]","System.Collections.Generic.List`1[System.Diagnostics.Eventing.Reader.EventProperty]"
"Windows has resumed from standby: 
     Standby Duration		:	12940ms
     Standby Incident Time (UTC)	:	?2015?-?02?-?05T08:16:38.538464300Z
     Resume  Duration		:	1183ms
     Resume  Incident Time (UTC)	:	?2015?-?02?-?05T11:42:33.234993500Z
     IsDegradation			:	false","300","1",,"3","4003","36","-9223372036854710272","2036","Microsoft-Windows-Diagnostics-Performance","cfc18ec0-96b1-4eba-961b-622caee05b0a","Microsoft-Windows-Diagnostics-Performance/Operational","1364","2524","rjaf-PC4429","S-1-5-19","2/5/2015 3:43:04 AM","85f1c364-e89b-0002-bd77-4f7dbf3ed001",,"c:\users\mac_1\desktop\winevt\logs\microsoft-windows-diagnostics-performance%4operational.evtx","System.UInt32[]","System.Diagnostics.Eventing.Reader.EventBookmark","Warning","Standby Information","Standby Performance Monitoring","System.Collections.ObjectModel.ReadOnlyCollection`1[System.String]","System.Collections.Generic.List`1[System.Diagnostics.Eventing.Reader.EventProperty]"
"Windows has resumed from standby: 
     Standby Duration		:	5610ms
     Standby Incident Time (UTC)	:	?2015?-?02?-?05T01:02:25.710593400Z
     Resume  Duration		:	1217ms
     Resume  Incident Time (UTC)	:	?2015?-?02?-?05T07:03:57.514165600Z
     IsDegradation			:	false","300","1",,"3","4003","36","-9223372036854710272","2035","Microsoft-Windows-Diagnostics-Performance","cfc18ec0-96b1-4eba-961b-622caee05b0a","Microsoft-Windows-Diagnostics-Performance/Operational","1364","3564","rjaf-PC4429","S-1-5-19","2/4/2015 11:04:27 PM","00000000-6b28-0000-aa77-4f7dbf3ed001",,"c:\users\mac_1\desktop\winevt\logs\microsoft-windows-diagnostics-performance%4operational.evtx","System.UInt32[]","System.Diagnostics.Eventing.Reader.EventBookmark","Warning","Standby Information","Standby Performance Monitoring","System.Collections.ObjectModel.ReadOnlyCollection`1[System.String]","System.Collections.Generic.List`1[System.Diagnostics.Eventing.Reader.EventProperty]"
"Windows has resumed from standby: 
     Standby Duration		:	6735ms
     Standby Incident Time (UTC)	:	?2015?-?02?-?04T11:43:45.193073300Z
     Resume  Duration		:	1310ms
     Resume  Incident Time (UTC)	:	?2015?-?02?-?05T00:59:53.559764700Z
     IsDegradation			:	false","300","1",,"3","4003","36","-9223372036854710272","2034","Microsoft-Windows-Diagnostics-Performance","cfc18ec0-96b1-4eba-961b-622caee05b0a","Microsoft-Windows-Diagnostics-Performance/Operational","1364","2460","rjaf-PC4429","S-1-5-19","2/4/2015 5:00:19 PM","85f1cc9c-e89b-0003-be77-4f7dbf3ed001",,"c:\users\mac_1\desktop\winevt\logs\microsoft-windows-diagnostics-performance%4operational.evtx","System.UInt32[]","System.Diagnostics.Eventing.Reader.EventBookmark","Warning","Standby Information","Standby Performance Monitoring","System.Collections.ObjectModel.ReadOnlyCollection`1[System.String]","System.Collections.Generic.List`1[System.Diagnostics.Eventing.Reader.EventProperty]"
"This driver caused a delay during standby while servicing a device:
     Driver File Name		:	\Driver\Disk
     Driver Friendly Name		:	PnP Disk Driver
     Driver Version			:	6.1.7600.16385 (win7_rtm.090713-1255)
     Driver Total Time		:	36ms
     Driver Degradation Time	:	28ms
     Incident Time (UTC)		:	?2015?-?02?-?04T08:15:46.003244300Z
     Device Name			:	SCSI\Disk&Ven_WDC&Prod_WD5000AAKX-22ERM\4&68979c&0&000000
     Device Friendly Name		:	Disk drive
     Device Total Time		:	36ms
     Device Degradation Time	:	0ms","302","1",,"3","4003","35","-9223372036854710272","2033","Microsoft-Windows-Diagnostics-Performance","cfc18ec0-96b1-4eba-961b-622caee05b0a","Microsoft-Windows-Diagnostics-Performance/Operational","1364","616","rjaf-PC4429","S-1-5-19","2/4/2015 2:20:37 AM","85f1ba9c-e89b-0001-b977-4f7dbf3ed001",,"c:\users\mac_1\desktop\winevt\logs\microsoft-windows-diagnostics-performance%4operational.evtx","System.UInt32[]","System.Diagnostics.Eventing.Reader.EventBookmark","Warning","Standby Degradation","Standby Performance Monitoring","System.Collections.ObjectModel.ReadOnlyCollection`1[System.String]","System.Collections.Generic.List`1[System.Diagnostics.Eventing.Reader.EventProperty]"
"Windows has resumed from standby: 
     Standby Duration		:	15276ms
     Standby Incident Time (UTC)	:	?2015?-?02?-?04T08:15:46.003244300Z
     Resume  Duration		:	1197ms
     Resume  Incident Time (UTC)	:	?2015?-?02?-?04T10:20:15.163337300Z
     IsDegradation			:	false","300","1",,"3","4003","36","-9223372036854710272","2032","Microsoft-Windows-Diagnostics-Performance","cfc18ec0-96b1-4eba-961b-622caee05b0a","Microsoft-Windows-Diagnostics-Performance/Operational","1364","616","rjaf-PC4429","S-1-5-19","2/4/2015 2:20:37 AM","85f1ba9c-e89b-0001-b977-4f7dbf3ed001",,"c:\users\mac_1\desktop\winevt\logs\microsoft-windows-diagnostics-performance%4operational.evtx","System.UInt32[]","System.Diagnostics.Eventing.Reader.EventBookmark","Warning","Standby Information","Standby Performance Monitoring","System.Collections.ObjectModel.ReadOnlyCollection`1[System.String]","System.Collections.Generic.List`1[System.Diagnostics.Eventing.Reader.EventProperty]"
"Windows has resumed from standby: 
     Standby Duration		:	6857ms
     Standby Incident Time (UTC)	:	?2015?-?02?-?04T01:02:33.255951600Z
     Resume  Duration		:	1217ms
     Resume  Incident Time (UTC)	:	?2015?-?02?-?04T07:25:11.949332100Z
     IsDegradation			:	false","300","1",,"3","4003","36","-9223372036854710272","2031","Microsoft-Windows-Diagnostics-Performance","cfc18ec0-96b1-4eba-961b-622caee05b0a","Microsoft-Windows-Diagnostics-Performance/Operational","1364","3600","rjaf-PC4429","S-1-5-19","2/3/2015 11:25:32 PM","85f1ba9c-e89b-0001-b877-4f7dbf3ed001",,"c:\users\mac_1\desktop\winevt\logs\microsoft-windows-diagnostics-performance%4operational.evtx","System.UInt32[]","System.Diagnostics.Eventing.Reader.EventBookmark","Warning","Standby Information","Standby Performance Monitoring","System.Collections.ObjectModel.ReadOnlyCollection`1[System.String]","System.Collections.Generic.List`1[System.Diagnostics.Eventing.Reader.EventProperty]"
"Windows has resumed from standby: 
     Standby Duration		:	6771ms
     Standby Incident Time (UTC)	:	?2015?-?02?-?03T23:09:48.864217700Z
     Resume  Duration		:	1212ms
     Resume  Incident Time (UTC)	:	?2015?-?02?-?04T01:00:01.102197900Z
     IsDegradation			:	false","300","1",,"3","4003","36","-9223372036854710272","2030","Microsoft-Windows-Diagnostics-Performance","cfc18ec0-96b1-4eba-961b-622caee05b0a","Microsoft-Windows-Diagnostics-Performance/Operational","1364","376","rjaf-PC4429","S-1-5-19","2/3/2015 5:00:20 PM","85f1c364-e89b-0002-b977-4f7dbf3ed001",,"c:\users\mac_1\desktop\winevt\logs\microsoft-windows-diagnostics-performance%4operational.evtx","System.UInt32[]","System.Diagnostics.Eventing.Reader.EventBookmark","Warning","Standby Information","Standby Performance Monitoring","System.Collections.ObjectModel.ReadOnlyCollection`1[System.String]","System.Collections.Generic.List`1[System.Diagnostics.Eventing.Reader.EventProperty]"
"This driver caused a delay during standby while servicing a device:
     Driver File Name		:	\Driver\usbhub
     Driver Friendly Name		:	Default Hub Driver for USB
     Driver Version			:	6.1.7600.16385 (win7_rtm.090713-1255)
     Driver Total Time		:	31ms
     Driver Degradation Time	:	13ms
     Incident Time (UTC)		:	?2015?-?02?-?03T19:16:05.085806900Z
     Device Name			:	USB\VID_8087&PID_0024\5&31a83182&0&1
     Device Friendly Name		:	Generic USB Hub
     Device Total Time		:	31ms
     Device Degradation Time	:	0ms","302","1",,"3","4003","35","-9223372036854710272","2029","Microsoft-Windows-Diagnostics-Performance","cfc18ec0-96b1-4eba-961b-622caee05b0a","Microsoft-Windows-Diagnostics-Performance/Operational","1364","2840","rjaf-PC4429","S-1-5-19","2/3/2015 2:38:24 PM","85f1cc9c-e89b-0003-bc77-4f7dbf3ed001",,"c:\users\mac_1\desktop\winevt\logs\microsoft-windows-diagnostics-performance%4operational.evtx","System.UInt32[]","System.Diagnostics.Eventing.Reader.EventBookmark","Warning","Standby Degradation","Standby Performance Monitoring","System.Collections.ObjectModel.ReadOnlyCollection`1[System.String]","System.Collections.Generic.List`1[System.Diagnostics.Eventing.Reader.EventProperty]"
"This driver caused a delay during standby while servicing a device:
     Driver File Name		:	\Driver\usbehci
     Driver Friendly Name		:	EHCI eUSB Miniport Driver
     Driver Version			:	6.1.7600.16788 (win7_gdr.110324-1506)
     Driver Total Time		:	90ms
     Driver Degradation Time	:	32ms
     Incident Time (UTC)		:	?2015?-?02?-?03T19:16:05.085806900Z
     Device Name			:	USB\ROOT_HUB20\4&f96d45&0
     Device Friendly Name		:	USB Root Hub
     Device Total Time		:	90ms
     Device Degradation Time	:	32ms","302","1",,"3","4003","35","-9223372036854710272","2028","Microsoft-Windows-Diagnostics-Performance","cfc18ec0-96b1-4eba-961b-622caee05b0a","Microsoft-Windows-Diagnostics-Performance/Operational","1364","2840","rjaf-PC4429","S-1-5-19","2/3/2015 2:38:24 PM","85f1cc9c-e89b-0003-bc77-4f7dbf3ed001",,"c:\users\mac_1\desktop\winevt\logs\microsoft-windows-diagnostics-performance%4operational.evtx","System.UInt32[]","System.Diagnostics.Eventing.Reader.EventBookmark","Warning","Standby Degradation","Standby Performance Monitoring","System.Collections.ObjectModel.ReadOnlyCollection`1[System.String]","System.Collections.Generic.List`1[System.Diagnostics.Eventing.Reader.EventProperty]"
"This driver caused a delay during standby while servicing a device:
     Driver File Name		:	\Driver\usbhub
     Driver Friendly Name		:	Default Hub Driver for USB
     Driver Version			:	6.1.7600.16385 (win7_rtm.090713-1255)
     Driver Total Time		:	130ms
     Driver Degradation Time	:	45ms
     Incident Time (UTC)		:	?2015?-?02?-?03T19:16:05.085806900Z
     Device Name			:	USB\VID_8087&PID_0024\5&63440b9&0&1
     Device Friendly Name		:	Generic USB Hub
     Device Total Time		:	130ms
     Device Degradation Time	:	45ms","302","1",,"3","4003","35","-9223372036854710272","2027","Microsoft-Windows-Diagnostics-Performance","cfc18ec0-96b1-4eba-961b-622caee05b0a","Microsoft-Windows-Diagnostics-Performance/Operational","1364","2840","rjaf-PC4429","S-1-5-19","2/3/2015 2:38:24 PM","85f1cc9c-e89b-0003-bc77-4f7dbf3ed001",,"c:\users\mac_1\desktop\winevt\logs\microsoft-windows-diagnostics-performance%4operational.evtx","System.UInt32[]","System.Diagnostics.Eventing.Reader.EventBookmark","Warning","Standby Degradation","Standby Performance Monitoring","System.Collections.ObjectModel.ReadOnlyCollection`1[System.String]","System.Collections.Generic.List`1[System.Diagnostics.Eventing.Reader.EventProperty]"
"This driver caused a delay during standby while servicing a device:
     Driver File Name		:	\Driver\usbehci
     Driver Friendly Name		:	EHCI eUSB Miniport Driver
     Driver Version			:	6.1.7600.16788 (win7_gdr.110324-1506)
     Driver Total Time		:	342ms
     Driver Degradation Time	:	115ms
     Incident Time (UTC)		:	?2015?-?02?-?03T19:16:05.085806900Z
     Device Name			:	USB\ROOT_HUB20\4&605ea8b&0
     Device Friendly Name		:	USB Root Hub
     Device Total Time		:	342ms
     Device Degradation Time	:	115ms","302","1",,"3","4003","35","-9223372036854710272","2026","Microsoft-Windows-Diagnostics-Performance","cfc18ec0-96b1-4eba-961b-622caee05b0a","Microsoft-Windows-Diagnostics-Performance/Operational","1364","2840","rjaf-PC4429","S-1-5-19","2/3/2015 2:38:24 PM","85f1cc9c-e89b-0003-bc77-4f7dbf3ed001",,"c:\users\mac_1\desktop\winevt\logs\microsoft-windows-diagnostics-performance%4operational.evtx","System.UInt32[]","System.Diagnostics.Eventing.Reader.EventBookmark","Warning","Standby Degradation","Standby Performance Monitoring","System.Collections.ObjectModel.ReadOnlyCollection`1[System.String]","System.Collections.Generic.List`1[System.Diagnostics.Eventing.Reader.EventProperty]"
"Windows has resumed from standby: 
     Standby Duration		:	6350ms
     Standby Incident Time (UTC)	:	?2015?-?02?-?03T19:16:05.085806900Z
     Resume  Duration		:	1298ms
     Resume  Incident Time (UTC)	:	?2015?-?02?-?03T22:38:06.779249300Z
     IsDegradation			:	false","300","1",,"3","4003","36","-9223372036854710272","2025","Microsoft-Windows-Diagnostics-Performance","cfc18ec0-96b1-4eba-961b-622caee05b0a","Microsoft-Windows-Diagnostics-Performance/Operational","1364","2840","rjaf-PC4429","S-1-5-19","2/3/2015 2:38:24 PM","85f1cc9c-e89b-0003-bc77-4f7dbf3ed001",,"c:\users\mac_1\desktop\winevt\logs\microsoft-windows-diagnostics-performance%4operational.evtx","System.UInt32[]","System.Diagnostics.Eventing.Reader.EventBookmark","Warning","Standby Information","Standby Performance Monitoring","System.Collections.ObjectModel.ReadOnlyCollection`1[System.String]","System.Collections.Generic.List`1[System.Diagnostics.Eventing.Reader.EventProperty]"
"Windows has resumed from standby: 
     Standby Duration		:	6470ms
     Standby Incident Time (UTC)	:	?2015?-?02?-?03T18:16:50.222440800Z
     Resume  Duration		:	1219ms
     Resume  Incident Time (UTC)	:	?2015?-?02?-?03T18:28:42.004165800Z
     IsDegradation			:	false","300","1",,"3","4003","36","-9223372036854710272","2024","Microsoft-Windows-Diagnostics-Performance","cfc18ec0-96b1-4eba-961b-622caee05b0a","Microsoft-Windows-Diagnostics-Performance/Operational","1364","1004","rjaf-PC4429","S-1-5-19","2/3/2015 10:28:59 AM","85f1ba9c-e89b-0001-b777-4f7dbf3ed001",,"c:\users\mac_1\desktop\winevt\logs\microsoft-windows-diagnostics-performance%4operational.evtx","System.UInt32[]","System.Diagnostics.Eventing.Reader.EventBookmark","Warning","Standby Information","Standby Performance Monitoring","System.Collections.ObjectModel.ReadOnlyCollection`1[System.String]","System.Collections.Generic.List`1[System.Diagnostics.Eventing.Reader.EventProperty]"
"Windows has resumed from standby: 
     Standby Duration		:	6365ms
     Standby Incident Time (UTC)	:	?2015?-?02?-?03T15:45:50.631897200Z
     Resume  Duration		:	1218ms
     Resume  Incident Time (UTC)	:	?2015?-?02?-?03T16:25:59.248938800Z
     IsDegradation			:	false","300","1",,"3","4003","36","-9223372036854710272","2023","Microsoft-Windows-Diagnostics-Performance","cfc18ec0-96b1-4eba-961b-622caee05b0a","Microsoft-Windows-Diagnostics-Performance/Operational","1364","1020","rjaf-PC4429","S-1-5-19","2/3/2015 8:26:15 AM","85f1c364-e89b-0002-b277-4f7dbf3ed001",,"c:\users\mac_1\desktop\winevt\logs\microsoft-windows-diagnostics-performance%4operational.evtx","System.UInt32[]","System.Diagnostics.Eventing.Reader.EventBookmark","Warning","Standby Information","Standby Performance Monitoring","System.Collections.ObjectModel.ReadOnlyCollection`1[System.String]","System.Collections.Generic.List`1[System.Diagnostics.Eventing.Reader.EventProperty]"
"Windows has resumed from standby: 
     Standby Duration		:	10132ms
     Standby Incident Time (UTC)	:	?2015?-?02?-?03T13:45:36.116007100Z
     Resume  Duration		:	1153ms
     Resume  Incident Time (UTC)	:	?2015?-?02?-?03T15:06:31.533935500Z
     IsDegradation			:	false","300","1",,"3","4003","36","-9223372036854710272","2022","Microsoft-Windows-Diagnostics-Performance","cfc18ec0-96b1-4eba-961b-622caee05b0a","Microsoft-Windows-Diagnostics-Performance/Operational","1364","2264","rjaf-PC4429","S-1-5-19","2/3/2015 7:06:49 AM","00000000-6b28-0000-a677-4f7dbf3ed001",,"c:\users\mac_1\desktop\winevt\logs\microsoft-windows-diagnostics-performance%4operational.evtx","System.UInt32[]","System.Diagnostics.Eventing.Reader.EventBookmark","Warning","Standby Information","Standby Performance Monitoring","System.Collections.ObjectModel.ReadOnlyCollection`1[System.String]","System.Collections.Generic.List`1[System.Diagnostics.Eventing.Reader.EventProperty]"
"Windows has resumed from standby: 
     Standby Duration		:	8748ms
     Standby Incident Time (UTC)	:	?2015?-?02?-?03T10:11:07.008686700Z
     Resume  Duration		:	1196ms
     Resume  Incident Time (UTC)	:	?2015?-?02?-?03T12:20:23.128331200Z
     IsDegradation			:	false","300","1",,"3","4003","36","-9223372036854710272","2021","Microsoft-Windows-Diagnostics-Performance","cfc18ec0-96b1-4eba-961b-622caee05b0a","Microsoft-Windows-Diagnostics-Performance/Operational","1364","3996","rjaf-PC4429","S-1-5-19","2/3/2015 4:20:39 AM","85f1cc9c-e89b-0003-b777-4f7dbf3ed001",,"c:\users\mac_1\desktop\winevt\logs\microsoft-windows-diagnostics-performance%4operational.evtx","System.UInt32[]","System.Diagnostics.Eventing.Reader.EventBookmark","Warning","Standby Information","Standby Performance Monitoring","System.Collections.ObjectModel.ReadOnlyCollection`1[System.String]","System.Collections.Generic.List`1[System.Diagnostics.Eventing.Reader.EventProperty]"
"Windows has resumed from standby: 
     Standby Duration		:	6985ms
     Standby Incident Time (UTC)	:	?2015?-?02?-?03T01:02:54.909761100Z
     Resume  Duration		:	1182ms
     Resume  Incident Time (UTC)	:	?2015?-?02?-?03T09:22:39.926494900Z
     IsDegradation			:	false","300","1",,"3","4003","36","-9223372036854710272","2020","Microsoft-Windows-Diagnostics-Performance","cfc18ec0-96b1-4eba-961b-622caee05b0a","Microsoft-Windows-Diagnostics-Performance/Operational","1364","1892","rjaf-PC4429","S-1-5-19","2/3/2015 1:22:57 AM","85f1cc9c-e89b-0003-aa77-4f7dbf3ed001",,"c:\users\mac_1\desktop\winevt\logs\microsoft-windows-diagnostics-performance%4operational.evtx","System.UInt32[]","System.Diagnostics.Eventing.Reader.EventBookmark","Warning","Standby Information","Standby Performance Monitoring","System.Collections.ObjectModel.ReadOnlyCollection`1[System.String]","System.Collections.Generic.List`1[System.Diagnostics.Eventing.Reader.EventProperty]"
"Windows has resumed from standby: 
     Standby Duration		:	8143ms
     Standby Incident Time (UTC)	:	?2015?-?02?-?02T19:52:41.623258500Z
     Resume  Duration		:	1175ms
     Resume  Incident Time (UTC)	:	?2015?-?02?-?03T01:00:07.733574300Z
     IsDegradation			:	false","300","1",,"3","4003","36","-9223372036854710272","2019","Microsoft-Windows-Diagnostics-Performance","cfc18ec0-96b1-4eba-961b-622caee05b0a","Microsoft-Windows-Diagnostics-Performance/Operational","1364","4064","rjaf-PC4429","S-1-5-19","2/2/2015 5:00:20 PM","00000000-6b28-0000-a477-4f7dbf3ed001",,"c:\users\mac_1\desktop\winevt\logs\microsoft-windows-diagnostics-performance%4operational.evtx","System.UInt32[]","System.Diagnostics.Eventing.Reader.EventBookmark","Warning","Standby Information","Standby Performance Monitoring","System.Collections.ObjectModel.ReadOnlyCollection`1[System.String]","System.Collections.Generic.List`1[System.Diagnostics.Eventing.Reader.EventProperty]"
"Windows has resumed from standby: 
     Standby Duration		:	8169ms
     Standby Incident Time (UTC)	:	?2015?-?02?-?02T16:48:12.418995200Z
     Resume  Duration		:	1176ms
     Resume  Incident Time (UTC)	:	?2015?-?02?-?02T18:58:44.544918600Z
     IsDegradation			:	false","300","1",,"3","4003","36","-9223372036854710272","2018","Microsoft-Windows-Diagnostics-Performance","cfc18ec0-96b1-4eba-961b-622caee05b0a","Microsoft-Windows-Diagnostics-Performance/Operational","1364","3212","rjaf-PC4429","S-1-5-19","2/2/2015 10:58:56 AM","85f1ba9c-e89b-0001-af77-4f7dbf3ed001",,"c:\users\mac_1\desktop\winevt\logs\microsoft-windows-diagnostics-performance%4operational.evtx","System.UInt32[]","System.Diagnostics.Eventing.Reader.EventBookmark","Warning","Standby Information","Standby Performance Monitoring","System.Collections.ObjectModel.ReadOnlyCollection`1[System.String]","System.Collections.Generic.List`1[System.Diagnostics.Eventing.Reader.EventProperty]"
