"HomeGroup status changed for HomeGroup 4. OldStatus: 132, NewStatus: %3","5013","0",,"4","0","0","-9223372036854775808","843","Microsoft-Windows-HomeGroup-ProviderService","c9bdb4eb-9287-4c8e-8378-6896f0d1c5ef","Microsoft-Windows-HomeGroup Provider Service/Operational","912","940","rjaf-PC4429","S-1-5-19","2/8/2015 2:28:47 AM",,,"c:\users\mac_1\desktop\winevt\logs\microsoft-windows-homegroup provider service%4operational.evtx","System.UInt32[]","System.Diagnostics.Eventing.Reader.EventBookmark","Information","Info",,"System.Collections.ObjectModel.ReadOnlyCollection`1[System.String]","System.Collections.Generic.List`1[System.Diagnostics.Eventing.Reader.EventProperty]"
"HomeGroup status changed for HomeGroup 132. OldStatus: 4, NewStatus: %3","5013","0",,"4","0","0","-9223372036854775808","842","Microsoft-Windows-HomeGroup-ProviderService","c9bdb4eb-9287-4c8e-8378-6896f0d1c5ef","Microsoft-Windows-HomeGroup Provider Service/Operational","912","4988","rjaf-PC4429","S-1-5-19","2/8/2015 1:41:58 AM",,,"c:\users\mac_1\desktop\winevt\logs\microsoft-windows-homegroup provider service%4operational.evtx","System.UInt32[]","System.Diagnostics.Eventing.Reader.EventBookmark","Information","Info",,"System.Collections.ObjectModel.ReadOnlyCollection`1[System.String]","System.Collections.Generic.List`1[System.Diagnostics.Eventing.Reader.EventProperty]"
"HomeGroup status changed for HomeGroup 4. OldStatus: 132, NewStatus: %3","5013","0",,"4","0","0","-9223372036854775808","841","Microsoft-Windows-HomeGroup-ProviderService","c9bdb4eb-9287-4c8e-8378-6896f0d1c5ef","Microsoft-Windows-HomeGroup Provider Service/Operational","912","4352","rjaf-PC4429","S-1-5-19","2/8/2015 12:47:45 AM",,,"c:\users\mac_1\desktop\winevt\logs\microsoft-windows-homegroup provider service%4operational.evtx","System.UInt32[]","System.Diagnostics.Eventing.Reader.EventBookmark","Information","Info",,"System.Collections.ObjectModel.ReadOnlyCollection`1[System.String]","System.Collections.Generic.List`1[System.Diagnostics.Eventing.Reader.EventProperty]"
"HomeGroup status changed for HomeGroup 132. OldStatus: 4, NewStatus: %3","5013","0",,"4","0","0","-9223372036854775808","840","Microsoft-Windows-HomeGroup-ProviderService","c9bdb4eb-9287-4c8e-8378-6896f0d1c5ef","Microsoft-Windows-HomeGroup Provider Service/Operational","912","3328","rjaf-PC4429","S-1-5-19","2/7/2015 5:00:12 PM",,,"c:\users\mac_1\desktop\winevt\logs\microsoft-windows-homegroup provider service%4operational.evtx","System.UInt32[]","System.Diagnostics.Eventing.Reader.EventBookmark","Information","Info",,"System.Collections.ObjectModel.ReadOnlyCollection`1[System.String]","System.Collections.Generic.List`1[System.Diagnostics.Eventing.Reader.EventProperty]"
"HomeGroup status changed for HomeGroup 4. OldStatus: 132, NewStatus: %3","5013","0",,"4","0","0","-9223372036854775808","839","Microsoft-Windows-HomeGroup-ProviderService","c9bdb4eb-9287-4c8e-8378-6896f0d1c5ef","Microsoft-Windows-HomeGroup Provider Service/Operational","912","5212","rjaf-PC4429","S-1-5-19","2/7/2015 11:45:51 AM",,,"c:\users\mac_1\desktop\winevt\logs\microsoft-windows-homegroup provider service%4operational.evtx","System.UInt32[]","System.Diagnostics.Eventing.Reader.EventBookmark","Information","Info",,"System.Collections.ObjectModel.ReadOnlyCollection`1[System.String]","System.Collections.Generic.List`1[System.Diagnostics.Eventing.Reader.EventProperty]"
"HomeGroup status changed for HomeGroup 132. OldStatus: 4, NewStatus: %3","5013","0",,"4","0","0","-9223372036854775808","838","Microsoft-Windows-HomeGroup-ProviderService","c9bdb4eb-9287-4c8e-8378-6896f0d1c5ef","Microsoft-Windows-HomeGroup Provider Service/Operational","912","5088","rjaf-PC4429","S-1-5-19","2/7/2015 9:41:26 AM",,,"c:\users\mac_1\desktop\winevt\logs\microsoft-windows-homegroup provider service%4operational.evtx","System.UInt32[]","System.Diagnostics.Eventing.Reader.EventBookmark","Information","Info",,"System.Collections.ObjectModel.ReadOnlyCollection`1[System.String]","System.Collections.Generic.List`1[System.Diagnostics.Eventing.Reader.EventProperty]"
"HomeGroup status changed for HomeGroup 4. OldStatus: 132, NewStatus: %3","5013","0",,"4","0","0","-9223372036854775808","837","Microsoft-Windows-HomeGroup-ProviderService","c9bdb4eb-9287-4c8e-8378-6896f0d1c5ef","Microsoft-Windows-HomeGroup Provider Service/Operational","912","5760","rjaf-PC4429","S-1-5-19","2/7/2015 12:15:05 AM",,,"c:\users\mac_1\desktop\winevt\logs\microsoft-windows-homegroup provider service%4operational.evtx","System.UInt32[]","System.Diagnostics.Eventing.Reader.EventBookmark","Information","Info",,"System.Collections.ObjectModel.ReadOnlyCollection`1[System.String]","System.Collections.Generic.List`1[System.Diagnostics.Eventing.Reader.EventProperty]"
"HomeGroup status changed for HomeGroup 132. OldStatus: 4, NewStatus: %3","5013","0",,"4","0","0","-9223372036854775808","836","Microsoft-Windows-HomeGroup-ProviderService","c9bdb4eb-9287-4c8e-8378-6896f0d1c5ef","Microsoft-Windows-HomeGroup Provider Service/Operational","912","428","rjaf-PC4429","S-1-5-19","2/6/2015 5:00:12 PM",,,"c:\users\mac_1\desktop\winevt\logs\microsoft-windows-homegroup provider service%4operational.evtx","System.UInt32[]","System.Diagnostics.Eventing.Reader.EventBookmark","Information","Info",,"System.Collections.ObjectModel.ReadOnlyCollection`1[System.String]","System.Collections.Generic.List`1[System.Diagnostics.Eventing.Reader.EventProperty]"
"HomeGroup status changed for HomeGroup 4. OldStatus: 132, NewStatus: %3","5013","0",,"4","0","0","-9223372036854775808","835","Microsoft-Windows-HomeGroup-ProviderService","c9bdb4eb-9287-4c8e-8378-6896f0d1c5ef","Microsoft-Windows-HomeGroup Provider Service/Operational","912","1844","rjaf-PC4429","S-1-5-19","2/6/2015 2:58:35 PM",,,"c:\users\mac_1\desktop\winevt\logs\microsoft-windows-homegroup provider service%4operational.evtx","System.UInt32[]","System.Diagnostics.Eventing.Reader.EventBookmark","Information","Info",,"System.Collections.ObjectModel.ReadOnlyCollection`1[System.String]","System.Collections.Generic.List`1[System.Diagnostics.Eventing.Reader.EventProperty]"
"HomeGroup status changed for HomeGroup 132. OldStatus: 4, NewStatus: %3","5013","0",,"4","0","0","-9223372036854775808","834","Microsoft-Windows-HomeGroup-ProviderService","c9bdb4eb-9287-4c8e-8378-6896f0d1c5ef","Microsoft-Windows-HomeGroup Provider Service/Operational","912","1844","rjaf-PC4429","S-1-5-19","2/6/2015 2:58:33 PM",,,"c:\users\mac_1\desktop\winevt\logs\microsoft-windows-homegroup provider service%4operational.evtx","System.UInt32[]","System.Diagnostics.Eventing.Reader.EventBookmark","Information","Info",,"System.Collections.ObjectModel.ReadOnlyCollection`1[System.String]","System.Collections.Generic.List`1[System.Diagnostics.Eventing.Reader.EventProperty]"
"HomeGroup status changed for HomeGroup 4. OldStatus: 132, NewStatus: %3","5013","0",,"4","0","0","-9223372036854775808","833","Microsoft-Windows-HomeGroup-ProviderService","c9bdb4eb-9287-4c8e-8378-6896f0d1c5ef","Microsoft-Windows-HomeGroup Provider Service/Operational","912","2548","rjaf-PC4429","S-1-5-19","2/6/2015 2:58:33 PM",,,"c:\users\mac_1\desktop\winevt\logs\microsoft-windows-homegroup provider service%4operational.evtx","System.UInt32[]","System.Diagnostics.Eventing.Reader.EventBookmark","Information","Info",,"System.Collections.ObjectModel.ReadOnlyCollection`1[System.String]","System.Collections.Generic.List`1[System.Diagnostics.Eventing.Reader.EventProperty]"
"HomeGroup status changed for HomeGroup 132. OldStatus: 4, NewStatus: %3","5013","0",,"4","0","0","-9223372036854775808","832","Microsoft-Windows-HomeGroup-ProviderService","c9bdb4eb-9287-4c8e-8378-6896f0d1c5ef","Microsoft-Windows-HomeGroup Provider Service/Operational","912","2244","rjaf-PC4429","S-1-5-19","2/6/2015 2:57:49 PM",,,"c:\users\mac_1\desktop\winevt\logs\microsoft-windows-homegroup provider service%4operational.evtx","System.UInt32[]","System.Diagnostics.Eventing.Reader.EventBookmark","Information","Info",,"System.Collections.ObjectModel.ReadOnlyCollection`1[System.String]","System.Collections.Generic.List`1[System.Diagnostics.Eventing.Reader.EventProperty]"
"HomeGroup status changed for HomeGroup 4. OldStatus: 132, NewStatus: %3","5013","0",,"4","0","0","-9223372036854775808","831","Microsoft-Windows-HomeGroup-ProviderService","c9bdb4eb-9287-4c8e-8378-6896f0d1c5ef","Microsoft-Windows-HomeGroup Provider Service/Operational","912","828","rjaf-PC4429","S-1-5-19","2/6/2015 10:42:21 AM",,,"c:\users\mac_1\desktop\winevt\logs\microsoft-windows-homegroup provider service%4operational.evtx","System.UInt32[]","System.Diagnostics.Eventing.Reader.EventBookmark","Information","Info",,"System.Collections.ObjectModel.ReadOnlyCollection`1[System.String]","System.Collections.Generic.List`1[System.Diagnostics.Eventing.Reader.EventProperty]"
"HomeGroup status changed for HomeGroup 2. OldStatus: 4, NewStatus: %3","5013","0",,"4","0","0","-9223372036854775808","830","Microsoft-Windows-HomeGroup-ProviderService","c9bdb4eb-9287-4c8e-8378-6896f0d1c5ef","Microsoft-Windows-HomeGroup Provider Service/Operational","912","1004","rjaf-PC4429","S-1-5-19","2/6/2015 9:12:42 AM",,,"c:\users\mac_1\desktop\winevt\logs\microsoft-windows-homegroup provider service%4operational.evtx","System.UInt32[]","System.Diagnostics.Eventing.Reader.EventBookmark","Information","Info",,"System.Collections.ObjectModel.ReadOnlyCollection`1[System.String]","System.Collections.Generic.List`1[System.Diagnostics.Eventing.Reader.EventProperty]"
"HomeGroup status changed for HomeGroup 0. OldStatus: 2, NewStatus: %3","5013","0",,"4","0","0","-9223372036854775808","829","Microsoft-Windows-HomeGroup-ProviderService","c9bdb4eb-9287-4c8e-8378-6896f0d1c5ef","Microsoft-Windows-HomeGroup Provider Service/Operational","912","1004","rjaf-PC4429","S-1-5-19","2/6/2015 9:12:42 AM",,,"c:\users\mac_1\desktop\winevt\logs\microsoft-windows-homegroup provider service%4operational.evtx","System.UInt32[]","System.Diagnostics.Eventing.Reader.EventBookmark","Information","Info",,"System.Collections.ObjectModel.ReadOnlyCollection`1[System.String]","System.Collections.Generic.List`1[System.Diagnostics.Eventing.Reader.EventProperty]"
"HomeGroup status changed for HomeGroup 4. OldStatus: 132, NewStatus: %3","5013","0",,"4","0","0","-9223372036854775808","828","Microsoft-Windows-HomeGroup-ProviderService","c9bdb4eb-9287-4c8e-8378-6896f0d1c5ef","Microsoft-Windows-HomeGroup Provider Service/Operational","916","2248","rjaf-PC4429","S-1-5-19","2/6/2015 7:48:20 AM",,,"c:\users\mac_1\desktop\winevt\logs\microsoft-windows-homegroup provider service%4operational.evtx","System.UInt32[]","System.Diagnostics.Eventing.Reader.EventBookmark","Information","Info",,"System.Collections.ObjectModel.ReadOnlyCollection`1[System.String]","System.Collections.Generic.List`1[System.Diagnostics.Eventing.Reader.EventProperty]"
"HomeGroup status changed for HomeGroup 132. OldStatus: 4, NewStatus: %3","5013","0",,"4","0","0","-9223372036854775808","827","Microsoft-Windows-HomeGroup-ProviderService","c9bdb4eb-9287-4c8e-8378-6896f0d1c5ef","Microsoft-Windows-HomeGroup Provider Service/Operational","916","1160","rjaf-PC4429","S-1-5-19","2/5/2015 3:43:00 AM",,,"c:\users\mac_1\desktop\winevt\logs\microsoft-windows-homegroup provider service%4operational.evtx","System.UInt32[]","System.Diagnostics.Eventing.Reader.EventBookmark","Information","Info",,"System.Collections.ObjectModel.ReadOnlyCollection`1[System.String]","System.Collections.Generic.List`1[System.Diagnostics.Eventing.Reader.EventProperty]"
"HomeGroup status changed for HomeGroup 4. OldStatus: 132, NewStatus: %3","5013","0",,"4","0","0","-9223372036854775808","826","Microsoft-Windows-HomeGroup-ProviderService","c9bdb4eb-9287-4c8e-8378-6896f0d1c5ef","Microsoft-Windows-HomeGroup Provider Service/Operational","916","2084","rjaf-PC4429","S-1-5-19","2/4/2015 11:14:10 PM",,,"c:\users\mac_1\desktop\winevt\logs\microsoft-windows-homegroup provider service%4operational.evtx","System.UInt32[]","System.Diagnostics.Eventing.Reader.EventBookmark","Information","Info",,"System.Collections.ObjectModel.ReadOnlyCollection`1[System.String]","System.Collections.Generic.List`1[System.Diagnostics.Eventing.Reader.EventProperty]"
"HomeGroup status changed for HomeGroup 132. OldStatus: 4, NewStatus: %3","5013","0",,"4","0","0","-9223372036854775808","825","Microsoft-Windows-HomeGroup-ProviderService","c9bdb4eb-9287-4c8e-8378-6896f0d1c5ef","Microsoft-Windows-HomeGroup Provider Service/Operational","916","2872","rjaf-PC4429","S-1-5-19","2/4/2015 5:00:17 PM",,,"c:\users\mac_1\desktop\winevt\logs\microsoft-windows-homegroup provider service%4operational.evtx","System.UInt32[]","System.Diagnostics.Eventing.Reader.EventBookmark","Information","Info",,"System.Collections.ObjectModel.ReadOnlyCollection`1[System.String]","System.Collections.Generic.List`1[System.Diagnostics.Eventing.Reader.EventProperty]"
"HomeGroup status changed for HomeGroup 4. OldStatus: 132, NewStatus: %3","5013","0",,"4","0","0","-9223372036854775808","824","Microsoft-Windows-HomeGroup-ProviderService","c9bdb4eb-9287-4c8e-8378-6896f0d1c5ef","Microsoft-Windows-HomeGroup Provider Service/Operational","916","2176","rjaf-PC4429","S-1-5-19","2/4/2015 2:42:51 AM",,,"c:\users\mac_1\desktop\winevt\logs\microsoft-windows-homegroup provider service%4operational.evtx","System.UInt32[]","System.Diagnostics.Eventing.Reader.EventBookmark","Information","Info",,"System.Collections.ObjectModel.ReadOnlyCollection`1[System.String]","System.Collections.Generic.List`1[System.Diagnostics.Eventing.Reader.EventProperty]"
"HomeGroup status changed for HomeGroup 132. OldStatus: 4, NewStatus: %3","5013","0",,"4","0","0","-9223372036854775808","823","Microsoft-Windows-HomeGroup-ProviderService","c9bdb4eb-9287-4c8e-8378-6896f0d1c5ef","Microsoft-Windows-HomeGroup Provider Service/Operational","916","3044","rjaf-PC4429","S-1-5-19","2/4/2015 2:26:51 AM",,,"c:\users\mac_1\desktop\winevt\logs\microsoft-windows-homegroup provider service%4operational.evtx","System.UInt32[]","System.Diagnostics.Eventing.Reader.EventBookmark","Information","Info",,"System.Collections.ObjectModel.ReadOnlyCollection`1[System.String]","System.Collections.Generic.List`1[System.Diagnostics.Eventing.Reader.EventProperty]"
"HomeGroup status changed for HomeGroup 4. OldStatus: 132, NewStatus: %3","5013","0",,"4","0","0","-9223372036854775808","822","Microsoft-Windows-HomeGroup-ProviderService","c9bdb4eb-9287-4c8e-8378-6896f0d1c5ef","Microsoft-Windows-HomeGroup Provider Service/Operational","916","3044","rjaf-PC4429","S-1-5-19","2/4/2015 2:25:06 AM",,,"c:\users\mac_1\desktop\winevt\logs\microsoft-windows-homegroup provider service%4operational.evtx","System.UInt32[]","System.Diagnostics.Eventing.Reader.EventBookmark","Information","Info",,"System.Collections.ObjectModel.ReadOnlyCollection`1[System.String]","System.Collections.Generic.List`1[System.Diagnostics.Eventing.Reader.EventProperty]"
"HomeGroup status changed for HomeGroup 132. OldStatus: 4, NewStatus: %3","5013","0",,"4","0","0","-9223372036854775808","821","Microsoft-Windows-HomeGroup-ProviderService","c9bdb4eb-9287-4c8e-8378-6896f0d1c5ef","Microsoft-Windows-HomeGroup Provider Service/Operational","916","2676","rjaf-PC4429","S-1-5-19","2/4/2015 2:20:29 AM",,,"c:\users\mac_1\desktop\winevt\logs\microsoft-windows-homegroup provider service%4operational.evtx","System.UInt32[]","System.Diagnostics.Eventing.Reader.EventBookmark","Information","Info",,"System.Collections.ObjectModel.ReadOnlyCollection`1[System.String]","System.Collections.Generic.List`1[System.Diagnostics.Eventing.Reader.EventProperty]"
"HomeGroup status changed for HomeGroup 4. OldStatus: 132, NewStatus: %3","5013","0",,"4","0","0","-9223372036854775808","820","Microsoft-Windows-HomeGroup-ProviderService","c9bdb4eb-9287-4c8e-8378-6896f0d1c5ef","Microsoft-Windows-HomeGroup Provider Service/Operational","916","3304","rjaf-PC4429","S-1-5-19","2/3/2015 11:42:25 PM",,,"c:\users\mac_1\desktop\winevt\logs\microsoft-windows-homegroup provider service%4operational.evtx","System.UInt32[]","System.Diagnostics.Eventing.Reader.EventBookmark","Information","Info",,"System.Collections.ObjectModel.ReadOnlyCollection`1[System.String]","System.Collections.Generic.List`1[System.Diagnostics.Eventing.Reader.EventProperty]"
"HomeGroup status changed for HomeGroup 132. OldStatus: 4, NewStatus: %3","5013","0",,"4","0","0","-9223372036854775808","819","Microsoft-Windows-HomeGroup-ProviderService","c9bdb4eb-9287-4c8e-8378-6896f0d1c5ef","Microsoft-Windows-HomeGroup Provider Service/Operational","916","3892","rjaf-PC4429","S-1-5-19","2/3/2015 11:29:22 PM",,,"c:\users\mac_1\desktop\winevt\logs\microsoft-windows-homegroup provider service%4operational.evtx","System.UInt32[]","System.Diagnostics.Eventing.Reader.EventBookmark","Information","Info",,"System.Collections.ObjectModel.ReadOnlyCollection`1[System.String]","System.Collections.Generic.List`1[System.Diagnostics.Eventing.Reader.EventProperty]"
"HomeGroup status changed for HomeGroup 4. OldStatus: 132, NewStatus: %3","5013","0",,"4","0","0","-9223372036854775808","818","Microsoft-Windows-HomeGroup-ProviderService","c9bdb4eb-9287-4c8e-8378-6896f0d1c5ef","Microsoft-Windows-HomeGroup Provider Service/Operational","916","3432","rjaf-PC4429","S-1-5-19","2/3/2015 11:25:36 PM",,,"c:\users\mac_1\desktop\winevt\logs\microsoft-windows-homegroup provider service%4operational.evtx","System.UInt32[]","System.Diagnostics.Eventing.Reader.EventBookmark","Information","Info",,"System.Collections.ObjectModel.ReadOnlyCollection`1[System.String]","System.Collections.Generic.List`1[System.Diagnostics.Eventing.Reader.EventProperty]"
"HomeGroup status changed for HomeGroup 132. OldStatus: 4, NewStatus: %3","5013","0",,"4","0","0","-9223372036854775808","817","Microsoft-Windows-HomeGroup-ProviderService","c9bdb4eb-9287-4c8e-8378-6896f0d1c5ef","Microsoft-Windows-HomeGroup Provider Service/Operational","916","1024","rjaf-PC4429","S-1-5-19","2/3/2015 10:28:56 AM",,,"c:\users\mac_1\desktop\winevt\logs\microsoft-windows-homegroup provider service%4operational.evtx","System.UInt32[]","System.Diagnostics.Eventing.Reader.EventBookmark","Information","Info",,"System.Collections.ObjectModel.ReadOnlyCollection`1[System.String]","System.Collections.Generic.List`1[System.Diagnostics.Eventing.Reader.EventProperty]"
"HomeGroup status changed for HomeGroup 4. OldStatus: 132, NewStatus: %3","5013","0",,"4","0","0","-9223372036854775808","816","Microsoft-Windows-HomeGroup-ProviderService","c9bdb4eb-9287-4c8e-8378-6896f0d1c5ef","Microsoft-Windows-HomeGroup Provider Service/Operational","916","3172","rjaf-PC4429","S-1-5-19","2/3/2015 9:34:22 AM",,,"c:\users\mac_1\desktop\winevt\logs\microsoft-windows-homegroup provider service%4operational.evtx","System.UInt32[]","System.Diagnostics.Eventing.Reader.EventBookmark","Information","Info",,"System.Collections.ObjectModel.ReadOnlyCollection`1[System.String]","System.Collections.Generic.List`1[System.Diagnostics.Eventing.Reader.EventProperty]"
"HomeGroup status changed for HomeGroup 132. OldStatus: 4, NewStatus: %3","5013","0",,"4","0","0","-9223372036854775808","815","Microsoft-Windows-HomeGroup-ProviderService","c9bdb4eb-9287-4c8e-8378-6896f0d1c5ef","Microsoft-Windows-HomeGroup Provider Service/Operational","916","208","rjaf-PC4429","S-1-5-19","2/3/2015 7:16:10 AM",,,"c:\users\mac_1\desktop\winevt\logs\microsoft-windows-homegroup provider service%4operational.evtx","System.UInt32[]","System.Diagnostics.Eventing.Reader.EventBookmark","Information","Info",,"System.Collections.ObjectModel.ReadOnlyCollection`1[System.String]","System.Collections.Generic.List`1[System.Diagnostics.Eventing.Reader.EventProperty]"
"HomeGroup status changed for HomeGroup 4. OldStatus: 132, NewStatus: %3","5013","0",,"4","0","0","-9223372036854775808","814","Microsoft-Windows-HomeGroup-ProviderService","c9bdb4eb-9287-4c8e-8378-6896f0d1c5ef","Microsoft-Windows-HomeGroup Provider Service/Operational","916","2224","rjaf-PC4429","S-1-5-19","2/3/2015 7:06:55 AM",,,"c:\users\mac_1\desktop\winevt\logs\microsoft-windows-homegroup provider service%4operational.evtx","System.UInt32[]","System.Diagnostics.Eventing.Reader.EventBookmark","Information","Info",,"System.Collections.ObjectModel.ReadOnlyCollection`1[System.String]","System.Collections.Generic.List`1[System.Diagnostics.Eventing.Reader.EventProperty]"
"HomeGroup status changed for HomeGroup 132. OldStatus: 4, NewStatus: %3","5013","0",,"4","0","0","-9223372036854775808","813","Microsoft-Windows-HomeGroup-ProviderService","c9bdb4eb-9287-4c8e-8378-6896f0d1c5ef","Microsoft-Windows-HomeGroup Provider Service/Operational","916","2204","rjaf-PC4429","S-1-5-19","2/3/2015 7:06:40 AM",,,"c:\users\mac_1\desktop\winevt\logs\microsoft-windows-homegroup provider service%4operational.evtx","System.UInt32[]","System.Diagnostics.Eventing.Reader.EventBookmark","Information","Info",,"System.Collections.ObjectModel.ReadOnlyCollection`1[System.String]","System.Collections.Generic.List`1[System.Diagnostics.Eventing.Reader.EventProperty]"
"HomeGroup status changed for HomeGroup 4. OldStatus: 132, NewStatus: %3","5013","0",,"4","0","0","-9223372036854775808","812","Microsoft-Windows-HomeGroup-ProviderService","c9bdb4eb-9287-4c8e-8378-6896f0d1c5ef","Microsoft-Windows-HomeGroup Provider Service/Operational","916","316","rjaf-PC4429","S-1-5-19","2/3/2015 5:44:46 AM",,,"c:\users\mac_1\desktop\winevt\logs\microsoft-windows-homegroup provider service%4operational.evtx","System.UInt32[]","System.Diagnostics.Eventing.Reader.EventBookmark","Information","Info",,"System.Collections.ObjectModel.ReadOnlyCollection`1[System.String]","System.Collections.Generic.List`1[System.Diagnostics.Eventing.Reader.EventProperty]"
"HomeGroup status changed for HomeGroup 132. OldStatus: 4, NewStatus: %3","5013","0",,"4","0","0","-9223372036854775808","811","Microsoft-Windows-HomeGroup-ProviderService","c9bdb4eb-9287-4c8e-8378-6896f0d1c5ef","Microsoft-Windows-HomeGroup Provider Service/Operational","916","3948","rjaf-PC4429","S-1-5-19","2/2/2015 5:00:17 PM",,,"c:\users\mac_1\desktop\winevt\logs\microsoft-windows-homegroup provider service%4operational.evtx","System.UInt32[]","System.Diagnostics.Eventing.Reader.EventBookmark","Information","Info",,"System.Collections.ObjectModel.ReadOnlyCollection`1[System.String]","System.Collections.Generic.List`1[System.Diagnostics.Eventing.Reader.EventProperty]"
"HomeGroup status changed for HomeGroup 4. OldStatus: 132, NewStatus: %3","5013","0",,"4","0","0","-9223372036854775808","810","Microsoft-Windows-HomeGroup-ProviderService","c9bdb4eb-9287-4c8e-8378-6896f0d1c5ef","Microsoft-Windows-HomeGroup Provider Service/Operational","916","1704","rjaf-PC4429","S-1-5-19","2/2/2015 11:12:32 AM",,,"c:\users\mac_1\desktop\winevt\logs\microsoft-windows-homegroup provider service%4operational.evtx","System.UInt32[]","System.Diagnostics.Eventing.Reader.EventBookmark","Information","Info",,"System.Collections.ObjectModel.ReadOnlyCollection`1[System.String]","System.Collections.Generic.List`1[System.Diagnostics.Eventing.Reader.EventProperty]"
"HomeGroup status changed for HomeGroup 132. OldStatus: 4, NewStatus: %3","5013","0",,"4","0","0","-9223372036854775808","809","Microsoft-Windows-HomeGroup-ProviderService","c9bdb4eb-9287-4c8e-8378-6896f0d1c5ef","Microsoft-Windows-HomeGroup Provider Service/Operational","916","3448","rjaf-PC4429","S-1-5-19","2/2/2015 4:26:22 AM",,,"c:\users\mac_1\desktop\winevt\logs\microsoft-windows-homegroup provider service%4operational.evtx","System.UInt32[]","System.Diagnostics.Eventing.Reader.EventBookmark","Information","Info",,"System.Collections.ObjectModel.ReadOnlyCollection`1[System.String]","System.Collections.Generic.List`1[System.Diagnostics.Eventing.Reader.EventProperty]"
"HomeGroup status changed for HomeGroup 4. OldStatus: 132, NewStatus: %3","5013","0",,"4","0","0","-9223372036854775808","808","Microsoft-Windows-HomeGroup-ProviderService","c9bdb4eb-9287-4c8e-8378-6896f0d1c5ef","Microsoft-Windows-HomeGroup Provider Service/Operational","916","3648","rjaf-PC4429","S-1-5-19","2/2/2015 4:14:45 AM",,,"c:\users\mac_1\desktop\winevt\logs\microsoft-windows-homegroup provider service%4operational.evtx","System.UInt32[]","System.Diagnostics.Eventing.Reader.EventBookmark","Information","Info",,"System.Collections.ObjectModel.ReadOnlyCollection`1[System.String]","System.Collections.Generic.List`1[System.Diagnostics.Eventing.Reader.EventProperty]"
"HomeGroup status changed for HomeGroup 2. OldStatus: 4, NewStatus: %3","5013","0",,"4","0","0","-9223372036854775808","807","Microsoft-Windows-HomeGroup-ProviderService","c9bdb4eb-9287-4c8e-8378-6896f0d1c5ef","Microsoft-Windows-HomeGroup Provider Service/Operational","916","928","rjaf-PC4429","S-1-5-19","2/2/2015 12:09:26 AM",,,"c:\users\mac_1\desktop\winevt\logs\microsoft-windows-homegroup provider service%4operational.evtx","System.UInt32[]","System.Diagnostics.Eventing.Reader.EventBookmark","Information","Info",,"System.Collections.ObjectModel.ReadOnlyCollection`1[System.String]","System.Collections.Generic.List`1[System.Diagnostics.Eventing.Reader.EventProperty]"
"HomeGroup status changed for HomeGroup 0. OldStatus: 2, NewStatus: %3","5013","0",,"4","0","0","-9223372036854775808","806","Microsoft-Windows-HomeGroup-ProviderService","c9bdb4eb-9287-4c8e-8378-6896f0d1c5ef","Microsoft-Windows-HomeGroup Provider Service/Operational","916","928","rjaf-PC4429","S-1-5-19","2/2/2015 12:09:26 AM",,,"c:\users\mac_1\desktop\winevt\logs\microsoft-windows-homegroup provider service%4operational.evtx","System.UInt32[]","System.Diagnostics.Eventing.Reader.EventBookmark","Information","Info",,"System.Collections.ObjectModel.ReadOnlyCollection`1[System.String]","System.Collections.Generic.List`1[System.Diagnostics.Eventing.Reader.EventProperty]"
"HomeGroup status changed for HomeGroup 132. OldStatus: 4, NewStatus: %3","5013","0",,"4","0","0","-9223372036854775808","805","Microsoft-Windows-HomeGroup-ProviderService","c9bdb4eb-9287-4c8e-8378-6896f0d1c5ef","Microsoft-Windows-HomeGroup Provider Service/Operational","904","2612","rjaf-PC4429","S-1-5-19","2/1/2015 5:00:20 PM",,,"c:\users\mac_1\desktop\winevt\logs\microsoft-windows-homegroup provider service%4operational.evtx","System.UInt32[]","System.Diagnostics.Eventing.Reader.EventBookmark","Information","Info",,"System.Collections.ObjectModel.ReadOnlyCollection`1[System.String]","System.Collections.Generic.List`1[System.Diagnostics.Eventing.Reader.EventProperty]"
"HomeGroup status changed for HomeGroup 4. OldStatus: 132, NewStatus: %3","5013","0",,"4","0","0","-9223372036854775808","804","Microsoft-Windows-HomeGroup-ProviderService","c9bdb4eb-9287-4c8e-8378-6896f0d1c5ef","Microsoft-Windows-HomeGroup Provider Service/Operational","904","2020","rjaf-PC4429","S-1-5-19","2/1/2015 11:54:33 AM",,,"c:\users\mac_1\desktop\winevt\logs\microsoft-windows-homegroup provider service%4operational.evtx","System.UInt32[]","System.Diagnostics.Eventing.Reader.EventBookmark","Information","Info",,"System.Collections.ObjectModel.ReadOnlyCollection`1[System.String]","System.Collections.Generic.List`1[System.Diagnostics.Eventing.Reader.EventProperty]"
"HomeGroup status changed for HomeGroup 132. OldStatus: 4, NewStatus: %3","5013","0",,"4","0","0","-9223372036854775808","803","Microsoft-Windows-HomeGroup-ProviderService","c9bdb4eb-9287-4c8e-8378-6896f0d1c5ef","Microsoft-Windows-HomeGroup Provider Service/Operational","904","372","rjaf-PC4429","S-1-5-19","2/1/2015 10:50:57 AM",,,"c:\users\mac_1\desktop\winevt\logs\microsoft-windows-homegroup provider service%4operational.evtx","System.UInt32[]","System.Diagnostics.Eventing.Reader.EventBookmark","Information","Info",,"System.Collections.ObjectModel.ReadOnlyCollection`1[System.String]","System.Collections.Generic.List`1[System.Diagnostics.Eventing.Reader.EventProperty]"
"HomeGroup status changed for HomeGroup 4. OldStatus: 132, NewStatus: %3","5013","0",,"4","0","0","-9223372036854775808","802","Microsoft-Windows-HomeGroup-ProviderService","c9bdb4eb-9287-4c8e-8378-6896f0d1c5ef","Microsoft-Windows-HomeGroup Provider Service/Operational","904","3800","rjaf-PC4429","S-1-5-19","2/1/2015 6:04:27 AM",,,"c:\users\mac_1\desktop\winevt\logs\microsoft-windows-homegroup provider service%4operational.evtx","System.UInt32[]","System.Diagnostics.Eventing.Reader.EventBookmark","Information","Info",,"System.Collections.ObjectModel.ReadOnlyCollection`1[System.String]","System.Collections.Generic.List`1[System.Diagnostics.Eventing.Reader.EventProperty]"
"HomeGroup status changed for HomeGroup 132. OldStatus: 4, NewStatus: %3","5013","0",,"4","0","0","-9223372036854775808","801","Microsoft-Windows-HomeGroup-ProviderService","c9bdb4eb-9287-4c8e-8378-6896f0d1c5ef","Microsoft-Windows-HomeGroup Provider Service/Operational","904","2792","rjaf-PC4429","S-1-5-19","2/1/2015 2:43:19 AM",,,"c:\users\mac_1\desktop\winevt\logs\microsoft-windows-homegroup provider service%4operational.evtx","System.UInt32[]","System.Diagnostics.Eventing.Reader.EventBookmark","Information","Info",,"System.Collections.ObjectModel.ReadOnlyCollection`1[System.String]","System.Collections.Generic.List`1[System.Diagnostics.Eventing.Reader.EventProperty]"
"HomeGroup status changed for HomeGroup 4. OldStatus: 132, NewStatus: %3","5013","0",,"4","0","0","-9223372036854775808","800","Microsoft-Windows-HomeGroup-ProviderService","c9bdb4eb-9287-4c8e-8378-6896f0d1c5ef","Microsoft-Windows-HomeGroup Provider Service/Operational","904","3536","rjaf-PC4429","S-1-5-19","2/1/2015 12:38:34 AM",,,"c:\users\mac_1\desktop\winevt\logs\microsoft-windows-homegroup provider service%4operational.evtx","System.UInt32[]","System.Diagnostics.Eventing.Reader.EventBookmark","Information","Info",,"System.Collections.ObjectModel.ReadOnlyCollection`1[System.String]","System.Collections.Generic.List`1[System.Diagnostics.Eventing.Reader.EventProperty]"
"HomeGroup status changed for HomeGroup 132. OldStatus: 4, NewStatus: %3","5013","0",,"4","0","0","-9223372036854775808","799","Microsoft-Windows-HomeGroup-ProviderService","c9bdb4eb-9287-4c8e-8378-6896f0d1c5ef","Microsoft-Windows-HomeGroup Provider Service/Operational","904","3396","rjaf-PC4429","S-1-5-19","1/31/2015 11:34:16 AM",,,"c:\users\mac_1\desktop\winevt\logs\microsoft-windows-homegroup provider service%4operational.evtx","System.UInt32[]","System.Diagnostics.Eventing.Reader.EventBookmark","Information","Info",,"System.Collections.ObjectModel.ReadOnlyCollection`1[System.String]","System.Collections.Generic.List`1[System.Diagnostics.Eventing.Reader.EventProperty]"
"HomeGroup status changed for HomeGroup 4. OldStatus: 132, NewStatus: %3","5013","0",,"4","0","0","-9223372036854775808","798","Microsoft-Windows-HomeGroup-ProviderService","c9bdb4eb-9287-4c8e-8378-6896f0d1c5ef","Microsoft-Windows-HomeGroup Provider Service/Operational","904","3588","rjaf-PC4429","S-1-5-19","1/31/2015 9:58:06 AM",,,"c:\users\mac_1\desktop\winevt\logs\microsoft-windows-homegroup provider service%4operational.evtx","System.UInt32[]","System.Diagnostics.Eventing.Reader.EventBookmark","Information","Info",,"System.Collections.ObjectModel.ReadOnlyCollection`1[System.String]","System.Collections.Generic.List`1[System.Diagnostics.Eventing.Reader.EventProperty]"
"HomeGroup status changed for HomeGroup 132. OldStatus: 4, NewStatus: %3","5013","0",,"4","0","0","-9223372036854775808","797","Microsoft-Windows-HomeGroup-ProviderService","c9bdb4eb-9287-4c8e-8378-6896f0d1c5ef","Microsoft-Windows-HomeGroup Provider Service/Operational","904","2356","rjaf-PC4429","S-1-5-19","1/31/2015 9:25:11 AM",,,"c:\users\mac_1\desktop\winevt\logs\microsoft-windows-homegroup provider service%4operational.evtx","System.UInt32[]","System.Diagnostics.Eventing.Reader.EventBookmark","Information","Info",,"System.Collections.ObjectModel.ReadOnlyCollection`1[System.String]","System.Collections.Generic.List`1[System.Diagnostics.Eventing.Reader.EventProperty]"
"HomeGroup status changed for HomeGroup 4. OldStatus: 132, NewStatus: %3","5013","0",,"4","0","0","-9223372036854775808","796","Microsoft-Windows-HomeGroup-ProviderService","c9bdb4eb-9287-4c8e-8378-6896f0d1c5ef","Microsoft-Windows-HomeGroup Provider Service/Operational","904","3068","rjaf-PC4429","S-1-5-19","1/31/2015 6:03:17 AM",,,"c:\users\mac_1\desktop\winevt\logs\microsoft-windows-homegroup provider service%4operational.evtx","System.UInt32[]","System.Diagnostics.Eventing.Reader.EventBookmark","Information","Info",,"System.Collections.ObjectModel.ReadOnlyCollection`1[System.String]","System.Collections.Generic.List`1[System.Diagnostics.Eventing.Reader.EventProperty]"
"HomeGroup status changed for HomeGroup 132. OldStatus: 4, NewStatus: %3","5013","0",,"4","0","0","-9223372036854775808","795","Microsoft-Windows-HomeGroup-ProviderService","c9bdb4eb-9287-4c8e-8378-6896f0d1c5ef","Microsoft-Windows-HomeGroup Provider Service/Operational","904","1068","rjaf-PC4429","S-1-5-19","1/31/2015 3:53:28 AM",,,"c:\users\mac_1\desktop\winevt\logs\microsoft-windows-homegroup provider service%4operational.evtx","System.UInt32[]","System.Diagnostics.Eventing.Reader.EventBookmark","Information","Info",,"System.Collections.ObjectModel.ReadOnlyCollection`1[System.String]","System.Collections.Generic.List`1[System.Diagnostics.Eventing.Reader.EventProperty]"
"HomeGroup status changed for HomeGroup 4. OldStatus: 132, NewStatus: %3","5013","0",,"4","0","0","-9223372036854775808","794","Microsoft-Windows-HomeGroup-ProviderService","c9bdb4eb-9287-4c8e-8378-6896f0d1c5ef","Microsoft-Windows-HomeGroup Provider Service/Operational","904","2836","rjaf-PC4429","S-1-5-19","1/31/2015 2:35:47 AM",,,"c:\users\mac_1\desktop\winevt\logs\microsoft-windows-homegroup provider service%4operational.evtx","System.UInt32[]","System.Diagnostics.Eventing.Reader.EventBookmark","Information","Info",,"System.Collections.ObjectModel.ReadOnlyCollection`1[System.String]","System.Collections.Generic.List`1[System.Diagnostics.Eventing.Reader.EventProperty]"
"HomeGroup status changed for HomeGroup 132. OldStatus: 4, NewStatus: %3","5013","0",,"4","0","0","-9223372036854775808","793","Microsoft-Windows-HomeGroup-ProviderService","c9bdb4eb-9287-4c8e-8378-6896f0d1c5ef","Microsoft-Windows-HomeGroup Provider Service/Operational","904","2836","rjaf-PC4429","S-1-5-19","1/31/2015 2:35:46 AM",,,"c:\users\mac_1\desktop\winevt\logs\microsoft-windows-homegroup provider service%4operational.evtx","System.UInt32[]","System.Diagnostics.Eventing.Reader.EventBookmark","Information","Info",,"System.Collections.ObjectModel.ReadOnlyCollection`1[System.String]","System.Collections.Generic.List`1[System.Diagnostics.Eventing.Reader.EventProperty]"
"HomeGroup status changed for HomeGroup 4. OldStatus: 132, NewStatus: %3","5013","0",,"4","0","0","-9223372036854775808","792","Microsoft-Windows-HomeGroup-ProviderService","c9bdb4eb-9287-4c8e-8378-6896f0d1c5ef","Microsoft-Windows-HomeGroup Provider Service/Operational","904","3596","rjaf-PC4429","S-1-5-19","1/31/2015 1:49:19 AM",,,"c:\users\mac_1\desktop\winevt\logs\microsoft-windows-homegroup provider service%4operational.evtx","System.UInt32[]","System.Diagnostics.Eventing.Reader.EventBookmark","Information","Info",,"System.Collections.ObjectModel.ReadOnlyCollection`1[System.String]","System.Collections.Generic.List`1[System.Diagnostics.Eventing.Reader.EventProperty]"
"HomeGroup status changed for HomeGroup 132. OldStatus: 4, NewStatus: %3","5013","0",,"4","0","0","-9223372036854775808","791","Microsoft-Windows-HomeGroup-ProviderService","c9bdb4eb-9287-4c8e-8378-6896f0d1c5ef","Microsoft-Windows-HomeGroup Provider Service/Operational","904","3524","rjaf-PC4429","S-1-5-19","1/31/2015 1:49:03 AM",,,"c:\users\mac_1\desktop\winevt\logs\microsoft-windows-homegroup provider service%4operational.evtx","System.UInt32[]","System.Diagnostics.Eventing.Reader.EventBookmark","Information","Info",,"System.Collections.ObjectModel.ReadOnlyCollection`1[System.String]","System.Collections.Generic.List`1[System.Diagnostics.Eventing.Reader.EventProperty]"
"HomeGroup status changed for HomeGroup 4. OldStatus: 132, NewStatus: %3","5013","0",,"4","0","0","-9223372036854775808","790","Microsoft-Windows-HomeGroup-ProviderService","c9bdb4eb-9287-4c8e-8378-6896f0d1c5ef","Microsoft-Windows-HomeGroup Provider Service/Operational","904","3056","rjaf-PC4429","S-1-5-19","1/31/2015 12:54:26 AM",,,"c:\users\mac_1\desktop\winevt\logs\microsoft-windows-homegroup provider service%4operational.evtx","System.UInt32[]","System.Diagnostics.Eventing.Reader.EventBookmark","Information","Info",,"System.Collections.ObjectModel.ReadOnlyCollection`1[System.String]","System.Collections.Generic.List`1[System.Diagnostics.Eventing.Reader.EventProperty]"
"HomeGroup status changed for HomeGroup 2. OldStatus: 4, NewStatus: %3","5013","0",,"4","0","0","-9223372036854775808","789","Microsoft-Windows-HomeGroup-ProviderService","c9bdb4eb-9287-4c8e-8378-6896f0d1c5ef","Microsoft-Windows-HomeGroup Provider Service/Operational","904","916","rjaf-PC4429","S-1-5-19","1/31/2015 12:25:12 AM",,,"c:\users\mac_1\desktop\winevt\logs\microsoft-windows-homegroup provider service%4operational.evtx","System.UInt32[]","System.Diagnostics.Eventing.Reader.EventBookmark","Information","Info",,"System.Collections.ObjectModel.ReadOnlyCollection`1[System.String]","System.Collections.Generic.List`1[System.Diagnostics.Eventing.Reader.EventProperty]"
"HomeGroup status changed for HomeGroup 0. OldStatus: 2, NewStatus: %3","5013","0",,"4","0","0","-9223372036854775808","788","Microsoft-Windows-HomeGroup-ProviderService","c9bdb4eb-9287-4c8e-8378-6896f0d1c5ef","Microsoft-Windows-HomeGroup Provider Service/Operational","904","916","rjaf-PC4429","S-1-5-19","1/31/2015 12:25:12 AM",,,"c:\users\mac_1\desktop\winevt\logs\microsoft-windows-homegroup provider service%4operational.evtx","System.UInt32[]","System.Diagnostics.Eventing.Reader.EventBookmark","Information","Info",,"System.Collections.ObjectModel.ReadOnlyCollection`1[System.String]","System.Collections.Generic.List`1[System.Diagnostics.Eventing.Reader.EventProperty]"
"HomeGroup status changed for HomeGroup 2. OldStatus: 4, NewStatus: %3","5013","0",,"4","0","0","-9223372036854775808","787","Microsoft-Windows-HomeGroup-ProviderService","c9bdb4eb-9287-4c8e-8378-6896f0d1c5ef","Microsoft-Windows-HomeGroup Provider Service/Operational","900","1772","rjaf-PC4429","S-1-5-19","1/30/2015 11:14:14 AM",,,"c:\users\mac_1\desktop\winevt\logs\microsoft-windows-homegroup provider service%4operational.evtx","System.UInt32[]","System.Diagnostics.Eventing.Reader.EventBookmark","Information","Info",,"System.Collections.ObjectModel.ReadOnlyCollection`1[System.String]","System.Collections.Generic.List`1[System.Diagnostics.Eventing.Reader.EventProperty]"
"HomeGroup status changed for HomeGroup 0. OldStatus: 2, NewStatus: %3","5013","0",,"4","0","0","-9223372036854775808","786","Microsoft-Windows-HomeGroup-ProviderService","c9bdb4eb-9287-4c8e-8378-6896f0d1c5ef","Microsoft-Windows-HomeGroup Provider Service/Operational","900","1772","rjaf-PC4429","S-1-5-19","1/30/2015 11:14:14 AM",,,"c:\users\mac_1\desktop\winevt\logs\microsoft-windows-homegroup provider service%4operational.evtx","System.UInt32[]","System.Diagnostics.Eventing.Reader.EventBookmark","Information","Info",,"System.Collections.ObjectModel.ReadOnlyCollection`1[System.String]","System.Collections.Generic.List`1[System.Diagnostics.Eventing.Reader.EventProperty]"
"HomeGroup status changed for HomeGroup 132. OldStatus: 4, NewStatus: %3","5013","0",,"4","0","0","-9223372036854775808","785","Microsoft-Windows-HomeGroup-ProviderService","c9bdb4eb-9287-4c8e-8378-6896f0d1c5ef","Microsoft-Windows-HomeGroup Provider Service/Operational","908","6660","rjaf-PC4429","S-1-5-19","1/30/2015 6:21:26 AM",,,"c:\users\mac_1\desktop\winevt\logs\microsoft-windows-homegroup provider service%4operational.evtx","System.UInt32[]","System.Diagnostics.Eventing.Reader.EventBookmark","Information","Info",,"System.Collections.ObjectModel.ReadOnlyCollection`1[System.String]","System.Collections.Generic.List`1[System.Diagnostics.Eventing.Reader.EventProperty]"
"HomeGroup status changed for HomeGroup 4. OldStatus: 132, NewStatus: %3","5013","0",,"4","0","0","-9223372036854775808","784","Microsoft-Windows-HomeGroup-ProviderService","c9bdb4eb-9287-4c8e-8378-6896f0d1c5ef","Microsoft-Windows-HomeGroup Provider Service/Operational","908","4424","rjaf-PC4429","S-1-5-19","1/30/2015 5:06:46 AM",,,"c:\users\mac_1\desktop\winevt\logs\microsoft-windows-homegroup provider service%4operational.evtx","System.UInt32[]","System.Diagnostics.Eventing.Reader.EventBookmark","Information","Info",,"System.Collections.ObjectModel.ReadOnlyCollection`1[System.String]","System.Collections.Generic.List`1[System.Diagnostics.Eventing.Reader.EventProperty]"
"HomeGroup status changed for HomeGroup 132. OldStatus: 4, NewStatus: %3","5013","0",,"4","0","0","-9223372036854775808","783","Microsoft-Windows-HomeGroup-ProviderService","c9bdb4eb-9287-4c8e-8378-6896f0d1c5ef","Microsoft-Windows-HomeGroup Provider Service/Operational","908","4488","rjaf-PC4429","S-1-5-19","1/29/2015 2:24:05 PM",,,"c:\users\mac_1\desktop\winevt\logs\microsoft-windows-homegroup provider service%4operational.evtx","System.UInt32[]","System.Diagnostics.Eventing.Reader.EventBookmark","Information","Info",,"System.Collections.ObjectModel.ReadOnlyCollection`1[System.String]","System.Collections.Generic.List`1[System.Diagnostics.Eventing.Reader.EventProperty]"
"HomeGroup status changed for HomeGroup 4. OldStatus: 132, NewStatus: %3","5013","0",,"4","0","0","-9223372036854775808","782","Microsoft-Windows-HomeGroup-ProviderService","c9bdb4eb-9287-4c8e-8378-6896f0d1c5ef","Microsoft-Windows-HomeGroup Provider Service/Operational","908","2740","rjaf-PC4429","S-1-5-19","1/29/2015 1:06:12 PM",,,"c:\users\mac_1\desktop\winevt\logs\microsoft-windows-homegroup provider service%4operational.evtx","System.UInt32[]","System.Diagnostics.Eventing.Reader.EventBookmark","Information","Info",,"System.Collections.ObjectModel.ReadOnlyCollection`1[System.String]","System.Collections.Generic.List`1[System.Diagnostics.Eventing.Reader.EventProperty]"
"HomeGroup status changed for HomeGroup 132. OldStatus: 4, NewStatus: %3","5013","0",,"4","0","0","-9223372036854775808","781","Microsoft-Windows-HomeGroup-ProviderService","c9bdb4eb-9287-4c8e-8378-6896f0d1c5ef","Microsoft-Windows-HomeGroup Provider Service/Operational","908","5508","rjaf-PC4429","S-1-5-19","1/29/2015 11:39:19 AM",,,"c:\users\mac_1\desktop\winevt\logs\microsoft-windows-homegroup provider service%4operational.evtx","System.UInt32[]","System.Diagnostics.Eventing.Reader.EventBookmark","Information","Info",,"System.Collections.ObjectModel.ReadOnlyCollection`1[System.String]","System.Collections.Generic.List`1[System.Diagnostics.Eventing.Reader.EventProperty]"
"HomeGroup status changed for HomeGroup 4. OldStatus: 132, NewStatus: %3","5013","0",,"4","0","0","-9223372036854775808","780","Microsoft-Windows-HomeGroup-ProviderService","c9bdb4eb-9287-4c8e-8378-6896f0d1c5ef","Microsoft-Windows-HomeGroup Provider Service/Operational","908","4676","rjaf-PC4429","S-1-5-19","1/29/2015 11:19:37 AM",,,"c:\users\mac_1\desktop\winevt\logs\microsoft-windows-homegroup provider service%4operational.evtx","System.UInt32[]","System.Diagnostics.Eventing.Reader.EventBookmark","Information","Info",,"System.Collections.ObjectModel.ReadOnlyCollection`1[System.String]","System.Collections.Generic.List`1[System.Diagnostics.Eventing.Reader.EventProperty]"
"HomeGroup status changed for HomeGroup 132. OldStatus: 4, NewStatus: %3","5013","0",,"4","0","0","-9223372036854775808","779","Microsoft-Windows-HomeGroup-ProviderService","c9bdb4eb-9287-4c8e-8378-6896f0d1c5ef","Microsoft-Windows-HomeGroup Provider Service/Operational","908","6924","rjaf-PC4429","S-1-5-19","1/29/2015 11:16:45 AM",,,"c:\users\mac_1\desktop\winevt\logs\microsoft-windows-homegroup provider service%4operational.evtx","System.UInt32[]","System.Diagnostics.Eventing.Reader.EventBookmark","Information","Info",,"System.Collections.ObjectModel.ReadOnlyCollection`1[System.String]","System.Collections.Generic.List`1[System.Diagnostics.Eventing.Reader.EventProperty]"
"HomeGroup status changed for HomeGroup 4. OldStatus: 132, NewStatus: %3","5013","0",,"4","0","0","-9223372036854775808","778","Microsoft-Windows-HomeGroup-ProviderService","c9bdb4eb-9287-4c8e-8378-6896f0d1c5ef","Microsoft-Windows-HomeGroup Provider Service/Operational","908","2320","rjaf-PC4429","S-1-5-19","1/29/2015 11:15:04 AM",,,"c:\users\mac_1\desktop\winevt\logs\microsoft-windows-homegroup provider service%4operational.evtx","System.UInt32[]","System.Diagnostics.Eventing.Reader.EventBookmark","Information","Info",,"System.Collections.ObjectModel.ReadOnlyCollection`1[System.String]","System.Collections.Generic.List`1[System.Diagnostics.Eventing.Reader.EventProperty]"
"HomeGroup status changed for HomeGroup 132. OldStatus: 4, NewStatus: %3","5013","0",,"4","0","0","-9223372036854775808","777","Microsoft-Windows-HomeGroup-ProviderService","c9bdb4eb-9287-4c8e-8378-6896f0d1c5ef","Microsoft-Windows-HomeGroup Provider Service/Operational","908","7188","rjaf-PC4429","S-1-5-19","1/29/2015 11:02:03 AM",,,"c:\users\mac_1\desktop\winevt\logs\microsoft-windows-homegroup provider service%4operational.evtx","System.UInt32[]","System.Diagnostics.Eventing.Reader.EventBookmark","Information","Info",,"System.Collections.ObjectModel.ReadOnlyCollection`1[System.String]","System.Collections.Generic.List`1[System.Diagnostics.Eventing.Reader.EventProperty]"
"HomeGroup status changed for HomeGroup 4. OldStatus: 132, NewStatus: %3","5013","0",,"4","0","0","-9223372036854775808","776","Microsoft-Windows-HomeGroup-ProviderService","c9bdb4eb-9287-4c8e-8378-6896f0d1c5ef","Microsoft-Windows-HomeGroup Provider Service/Operational","908","5508","rjaf-PC4429","S-1-5-19","1/29/2015 10:04:32 AM",,,"c:\users\mac_1\desktop\winevt\logs\microsoft-windows-homegroup provider service%4operational.evtx","System.UInt32[]","System.Diagnostics.Eventing.Reader.EventBookmark","Information","Info",,"System.Collections.ObjectModel.ReadOnlyCollection`1[System.String]","System.Collections.Generic.List`1[System.Diagnostics.Eventing.Reader.EventProperty]"
"HomeGroup status changed for HomeGroup 2. OldStatus: 4, NewStatus: %3","5013","0",,"4","0","0","-9223372036854775808","775","Microsoft-Windows-HomeGroup-ProviderService","c9bdb4eb-9287-4c8e-8378-6896f0d1c5ef","Microsoft-Windows-HomeGroup Provider Service/Operational","908","924","rjaf-PC4429","S-1-5-19","1/29/2015 4:57:37 AM",,,"c:\users\mac_1\desktop\winevt\logs\microsoft-windows-homegroup provider service%4operational.evtx","System.UInt32[]","System.Diagnostics.Eventing.Reader.EventBookmark","Information","Info",,"System.Collections.ObjectModel.ReadOnlyCollection`1[System.String]","System.Collections.Generic.List`1[System.Diagnostics.Eventing.Reader.EventProperty]"
"HomeGroup status changed for HomeGroup 0. OldStatus: 2, NewStatus: %3","5013","0",,"4","0","0","-9223372036854775808","774","Microsoft-Windows-HomeGroup-ProviderService","c9bdb4eb-9287-4c8e-8378-6896f0d1c5ef","Microsoft-Windows-HomeGroup Provider Service/Operational","908","924","rjaf-PC4429","S-1-5-19","1/29/2015 4:57:37 AM",,,"c:\users\mac_1\desktop\winevt\logs\microsoft-windows-homegroup provider service%4operational.evtx","System.UInt32[]","System.Diagnostics.Eventing.Reader.EventBookmark","Information","Info",,"System.Collections.ObjectModel.ReadOnlyCollection`1[System.String]","System.Collections.Generic.List`1[System.Diagnostics.Eventing.Reader.EventProperty]"
"HomeGroup status changed for HomeGroup 2. OldStatus: 4, NewStatus: %3","5013","0",,"4","0","0","-9223372036854775808","773","Microsoft-Windows-HomeGroup-ProviderService","c9bdb4eb-9287-4c8e-8378-6896f0d1c5ef","Microsoft-Windows-HomeGroup Provider Service/Operational","916","1244","rjaf-PC4429","S-1-5-19","1/29/2015 4:17:06 AM",,,"c:\users\mac_1\desktop\winevt\logs\microsoft-windows-homegroup provider service%4operational.evtx","System.UInt32[]","System.Diagnostics.Eventing.Reader.EventBookmark","Information","Info",,"System.Collections.ObjectModel.ReadOnlyCollection`1[System.String]","System.Collections.Generic.List`1[System.Diagnostics.Eventing.Reader.EventProperty]"
"HomeGroup status changed for HomeGroup 0. OldStatus: 2, NewStatus: %3","5013","0",,"4","0","0","-9223372036854775808","772","Microsoft-Windows-HomeGroup-ProviderService","c9bdb4eb-9287-4c8e-8378-6896f0d1c5ef","Microsoft-Windows-HomeGroup Provider Service/Operational","916","1244","rjaf-PC4429","S-1-5-19","1/29/2015 4:17:06 AM",,,"c:\users\mac_1\desktop\winevt\logs\microsoft-windows-homegroup provider service%4operational.evtx","System.UInt32[]","System.Diagnostics.Eventing.Reader.EventBookmark","Information","Info",,"System.Collections.ObjectModel.ReadOnlyCollection`1[System.String]","System.Collections.Generic.List`1[System.Diagnostics.Eventing.Reader.EventProperty]"
"HomeGroup status changed for HomeGroup 132. OldStatus: 4, NewStatus: %3","5013","0",,"4","0","0","-9223372036854775808","771","Microsoft-Windows-HomeGroup-ProviderService","c9bdb4eb-9287-4c8e-8378-6896f0d1c5ef","Microsoft-Windows-HomeGroup Provider Service/Operational","888","2892","rjaf-PC4429","S-1-5-19","1/29/2015 1:17:42 AM",,,"c:\users\mac_1\desktop\winevt\logs\microsoft-windows-homegroup provider service%4operational.evtx","System.UInt32[]","System.Diagnostics.Eventing.Reader.EventBookmark","Information","Info",,"System.Collections.ObjectModel.ReadOnlyCollection`1[System.String]","System.Collections.Generic.List`1[System.Diagnostics.Eventing.Reader.EventProperty]"
