"Diagnostic module {A59F0643-A6CA-48E0-A7C4-4CDD258439E2} (%SystemRoot%\system32\diagperf.dll) finished troubleshooting scenario {FFC42108-4920-4ACF-A4FC-8ABDCC68ADA4}, instance {1FEF1225-5A48-413A-A423-AFF31A5C63A2}, original activity ID {85F1BC9C-B89B-0002-174D-273C968CD001}.  No resolution was set by the diagnostic module.","110","0",,"4","1","14","4611686052787126272","5299","Microsoft-Windows-Diagnosis-DPS","6bba3851-2c7e-4dea-8f54-31e5afd029e3","Microsoft-Windows-Diagnosis-DPS/Operational","1368","2176","rjaf-PC4429","S-1-5-19","5/12/2015 7:53:29 AM","1fef1225-5a48-413a-a423-aff31a5c63a2",,"c:\users\mac_1\desktop\winevt\logs\microsoft-windows-diagnosis-dps%4operational.evtx","System.UInt32[]","System.Diagnostics.Eventing.Reader.EventBookmark","Information","A diagnostic module completed troubleshooting without setting a resolution","Scenario Lifecycle","System.Collections.ObjectModel.ReadOnlyCollection`1[System.String]","System.Collections.Generic.List`1[System.Diagnostics.Eventing.Reader.EventProperty]"
"Diagnostic module {A59F0643-A6CA-48E0-A7C4-4CDD258439E2} (%SystemRoot%\system32\diagperf.dll) started troubleshooting scenario {FFC42108-4920-4ACF-A4FC-8ABDCC68ADA4}, instance {1FEF1225-5A48-413A-A423-AFF31A5C63A2}, original activity ID {85F1BC9C-B89B-0002-174D-273C968CD001}.","105","0",,"4","1","13","4611686052787126272","5298","Microsoft-Windows-Diagnosis-DPS","6bba3851-2c7e-4dea-8f54-31e5afd029e3","Microsoft-Windows-Diagnosis-DPS/Operational","1368","2176","rjaf-PC4429","S-1-5-19","5/12/2015 7:53:29 AM","1fef1225-5a48-413a-a423-aff31a5c63a2",,"c:\users\mac_1\desktop\winevt\logs\microsoft-windows-diagnosis-dps%4operational.evtx","System.UInt32[]","System.Diagnostics.Eventing.Reader.EventBookmark","Information","A scenario instance was dispatched for troubleshooting","Scenario Lifecycle","System.Collections.ObjectModel.ReadOnlyCollection`1[System.String]","System.Collections.Generic.List`1[System.Diagnostics.Eventing.Reader.EventProperty]"
"Diagnostic module {A59F0643-A6CA-48E0-A7C4-4CDD258439E2} (%SystemRoot%\system32\diagperf.dll) detected a problem for scenario {FFC42108-4920-4ACF-A4FC-8ABDCC68ADA4}, instance {1FEF1225-5A48-413A-A423-AFF31A5C63A2}, original activity ID {85F1BC9C-B89B-0002-174D-273C968CD001}.","100","0",,"4","1","12","4611686052787126272","5297","Microsoft-Windows-Diagnosis-DPS","6bba3851-2c7e-4dea-8f54-31e5afd029e3","Microsoft-Windows-Diagnosis-DPS/Operational","1368","2176","rjaf-PC4429","S-1-5-19","5/12/2015 7:53:29 AM","1fef1225-5a48-413a-a423-aff31a5c63a2",,"c:\users\mac_1\desktop\winevt\logs\microsoft-windows-diagnosis-dps%4operational.evtx","System.UInt32[]","System.Diagnostics.Eventing.Reader.EventBookmark","Information","A diagnostic module detected a problem","Scenario Lifecycle","System.Collections.ObjectModel.ReadOnlyCollection`1[System.String]","System.Collections.Generic.List`1[System.Diagnostics.Eventing.Reader.EventProperty]"
"Diagnostic module {C8544339-5BE9-4F25-862E-485F1B1A6935} (%SystemRoot%\system32\diagperf.dll) finished troubleshooting scenario {86432A0B-3C7D-4DDF-A89C-172FAA90485D}, instance {6BFC62F2-DC91-4308-A4EC-BDF8C4C34A60}, original activity ID {86432A0B-3C7D-4DDF-A89C-172FAA90485D}.  No resolution was set by the diagnostic module.","110","0",,"4","1","14","4611686052787126272","5296","Microsoft-Windows-Diagnosis-DPS","6bba3851-2c7e-4dea-8f54-31e5afd029e3","Microsoft-Windows-Diagnosis-DPS/Operational","1368","1432","rjaf-PC4429","S-1-5-19","5/12/2015 2:32:01 AM","6bfc62f2-dc91-4308-a4ec-bdf8c4c34a60",,"c:\users\mac_1\desktop\winevt\logs\microsoft-windows-diagnosis-dps%4operational.evtx","System.UInt32[]","System.Diagnostics.Eventing.Reader.EventBookmark","Information","A diagnostic module completed troubleshooting without setting a resolution","Scenario Lifecycle","System.Collections.ObjectModel.ReadOnlyCollection`1[System.String]","System.Collections.Generic.List`1[System.Diagnostics.Eventing.Reader.EventProperty]"
"Diagnostic module {C8544339-5BE9-4F25-862E-485F1B1A6935} (%SystemRoot%\system32\diagperf.dll) started troubleshooting scenario {86432A0B-3C7D-4DDF-A89C-172FAA90485D}, instance {6BFC62F2-DC91-4308-A4EC-BDF8C4C34A60}, original activity ID {86432A0B-3C7D-4DDF-A89C-172FAA90485D}.","105","0",,"4","1","13","4611686052787126272","5295","Microsoft-Windows-Diagnosis-DPS","6bba3851-2c7e-4dea-8f54-31e5afd029e3","Microsoft-Windows-Diagnosis-DPS/Operational","1368","1432","rjaf-PC4429","S-1-5-19","5/12/2015 2:32:00 AM","6bfc62f2-dc91-4308-a4ec-bdf8c4c34a60",,"c:\users\mac_1\desktop\winevt\logs\microsoft-windows-diagnosis-dps%4operational.evtx","System.UInt32[]","System.Diagnostics.Eventing.Reader.EventBookmark","Information","A scenario instance was dispatched for troubleshooting","Scenario Lifecycle","System.Collections.ObjectModel.ReadOnlyCollection`1[System.String]","System.Collections.Generic.List`1[System.Diagnostics.Eventing.Reader.EventProperty]"
"Diagnostic module {C8544339-5BE9-4F25-862E-485F1B1A6935} (%SystemRoot%\system32\diagperf.dll) detected a problem for scenario {86432A0B-3C7D-4DDF-A89C-172FAA90485D}, instance {6BFC62F2-DC91-4308-A4EC-BDF8C4C34A60}, original activity ID {86432A0B-3C7D-4DDF-A89C-172FAA90485D}.","100","0",,"4","1","12","4611686052787126272","5294","Microsoft-Windows-Diagnosis-DPS","6bba3851-2c7e-4dea-8f54-31e5afd029e3","Microsoft-Windows-Diagnosis-DPS/Operational","1368","1432","rjaf-PC4429","S-1-5-19","5/12/2015 2:32:00 AM","6bfc62f2-dc91-4308-a4ec-bdf8c4c34a60",,"c:\users\mac_1\desktop\winevt\logs\microsoft-windows-diagnosis-dps%4operational.evtx","System.UInt32[]","System.Diagnostics.Eventing.Reader.EventBookmark","Information","A diagnostic module detected a problem","Scenario Lifecycle","System.Collections.ObjectModel.ReadOnlyCollection`1[System.String]","System.Collections.Generic.List`1[System.Diagnostics.Eventing.Reader.EventProperty]"
"Diagnostic module {C8544339-5BE9-4F25-862E-485F1B1A6935} (%SystemRoot%\system32\diagperf.dll) finished troubleshooting scenario {86432A0B-3C7D-4DDF-A89C-172FAA90485D}, instance {26321F93-2192-400A-A8E7-B5FB5330C1D7}, original activity ID {86432A0B-3C7D-4DDF-A89C-172FAA90485D}.  No resolution was set by the diagnostic module.","110","0",,"4","1","14","4611686052787126272","5293","Microsoft-Windows-Diagnosis-DPS","6bba3851-2c7e-4dea-8f54-31e5afd029e3","Microsoft-Windows-Diagnosis-DPS/Operational","1352","1516","rjaf-PC4429","S-1-5-19","5/12/2015 2:22:16 AM","26321f93-2192-400a-a8e7-b5fb5330c1d7",,"c:\users\mac_1\desktop\winevt\logs\microsoft-windows-diagnosis-dps%4operational.evtx","System.UInt32[]","System.Diagnostics.Eventing.Reader.EventBookmark","Information","A diagnostic module completed troubleshooting without setting a resolution","Scenario Lifecycle","System.Collections.ObjectModel.ReadOnlyCollection`1[System.String]","System.Collections.Generic.List`1[System.Diagnostics.Eventing.Reader.EventProperty]"
"Diagnostic module {C8544339-5BE9-4F25-862E-485F1B1A6935} (%SystemRoot%\system32\diagperf.dll) started troubleshooting scenario {86432A0B-3C7D-4DDF-A89C-172FAA90485D}, instance {26321F93-2192-400A-A8E7-B5FB5330C1D7}, original activity ID {86432A0B-3C7D-4DDF-A89C-172FAA90485D}.","105","0",,"4","1","13","4611686052787126272","5292","Microsoft-Windows-Diagnosis-DPS","6bba3851-2c7e-4dea-8f54-31e5afd029e3","Microsoft-Windows-Diagnosis-DPS/Operational","1352","1516","rjaf-PC4429","S-1-5-19","5/12/2015 2:22:15 AM","26321f93-2192-400a-a8e7-b5fb5330c1d7",,"c:\users\mac_1\desktop\winevt\logs\microsoft-windows-diagnosis-dps%4operational.evtx","System.UInt32[]","System.Diagnostics.Eventing.Reader.EventBookmark","Information","A scenario instance was dispatched for troubleshooting","Scenario Lifecycle","System.Collections.ObjectModel.ReadOnlyCollection`1[System.String]","System.Collections.Generic.List`1[System.Diagnostics.Eventing.Reader.EventProperty]"
"Diagnostic module {C8544339-5BE9-4F25-862E-485F1B1A6935} (%SystemRoot%\system32\diagperf.dll) detected a problem for scenario {86432A0B-3C7D-4DDF-A89C-172FAA90485D}, instance {26321F93-2192-400A-A8E7-B5FB5330C1D7}, original activity ID {86432A0B-3C7D-4DDF-A89C-172FAA90485D}.","100","0",,"4","1","12","4611686052787126272","5291","Microsoft-Windows-Diagnosis-DPS","6bba3851-2c7e-4dea-8f54-31e5afd029e3","Microsoft-Windows-Diagnosis-DPS/Operational","1352","1516","rjaf-PC4429","S-1-5-19","5/12/2015 2:22:15 AM","26321f93-2192-400a-a8e7-b5fb5330c1d7",,"c:\users\mac_1\desktop\winevt\logs\microsoft-windows-diagnosis-dps%4operational.evtx","System.UInt32[]","System.Diagnostics.Eventing.Reader.EventBookmark","Information","A diagnostic module detected a problem","Scenario Lifecycle","System.Collections.ObjectModel.ReadOnlyCollection`1[System.String]","System.Collections.Generic.List`1[System.Diagnostics.Eventing.Reader.EventProperty]"
"Diagnostic module {C8544339-5BE9-4F25-862E-485F1B1A6935} (%SystemRoot%\system32\diagperf.dll) finished troubleshooting scenario {86432A0B-3C7D-4DDF-A89C-172FAA90485D}, instance {7C9F0D5E-062A-44C7-821C-F27CD772F510}, original activity ID {86432A0B-3C7D-4DDF-A89C-172FAA90485D}.  No resolution was set by the diagnostic module.","110","0",,"4","1","14","4611686052787126272","5290","Microsoft-Windows-Diagnosis-DPS","6bba3851-2c7e-4dea-8f54-31e5afd029e3","Microsoft-Windows-Diagnosis-DPS/Operational","1384","2872","rjaf-PC4429","S-1-5-19","5/12/2015 12:13:39 AM","7c9f0d5e-062a-44c7-821c-f27cd772f510",,"c:\users\mac_1\desktop\winevt\logs\microsoft-windows-diagnosis-dps%4operational.evtx","System.UInt32[]","System.Diagnostics.Eventing.Reader.EventBookmark","Information","A diagnostic module completed troubleshooting without setting a resolution","Scenario Lifecycle","System.Collections.ObjectModel.ReadOnlyCollection`1[System.String]","System.Collections.Generic.List`1[System.Diagnostics.Eventing.Reader.EventProperty]"
"Diagnostic module {C8544339-5BE9-4F25-862E-485F1B1A6935} (%SystemRoot%\system32\diagperf.dll) started troubleshooting scenario {86432A0B-3C7D-4DDF-A89C-172FAA90485D}, instance {7C9F0D5E-062A-44C7-821C-F27CD772F510}, original activity ID {86432A0B-3C7D-4DDF-A89C-172FAA90485D}.","105","0",,"4","1","13","4611686052787126272","5289","Microsoft-Windows-Diagnosis-DPS","6bba3851-2c7e-4dea-8f54-31e5afd029e3","Microsoft-Windows-Diagnosis-DPS/Operational","1384","2872","rjaf-PC4429","S-1-5-19","5/12/2015 12:13:38 AM","7c9f0d5e-062a-44c7-821c-f27cd772f510",,"c:\users\mac_1\desktop\winevt\logs\microsoft-windows-diagnosis-dps%4operational.evtx","System.UInt32[]","System.Diagnostics.Eventing.Reader.EventBookmark","Information","A scenario instance was dispatched for troubleshooting","Scenario Lifecycle","System.Collections.ObjectModel.ReadOnlyCollection`1[System.String]","System.Collections.Generic.List`1[System.Diagnostics.Eventing.Reader.EventProperty]"
"Diagnostic module {C8544339-5BE9-4F25-862E-485F1B1A6935} (%SystemRoot%\system32\diagperf.dll) detected a problem for scenario {86432A0B-3C7D-4DDF-A89C-172FAA90485D}, instance {7C9F0D5E-062A-44C7-821C-F27CD772F510}, original activity ID {86432A0B-3C7D-4DDF-A89C-172FAA90485D}.","100","0",,"4","1","12","4611686052787126272","5288","Microsoft-Windows-Diagnosis-DPS","6bba3851-2c7e-4dea-8f54-31e5afd029e3","Microsoft-Windows-Diagnosis-DPS/Operational","1384","2872","rjaf-PC4429","S-1-5-19","5/12/2015 12:13:38 AM","7c9f0d5e-062a-44c7-821c-f27cd772f510",,"c:\users\mac_1\desktop\winevt\logs\microsoft-windows-diagnosis-dps%4operational.evtx","System.UInt32[]","System.Diagnostics.Eventing.Reader.EventBookmark","Information","A diagnostic module detected a problem","Scenario Lifecycle","System.Collections.ObjectModel.ReadOnlyCollection`1[System.String]","System.Collections.Generic.List`1[System.Diagnostics.Eventing.Reader.EventProperty]"
"Diagnostic module {15FBA3B8-A37A-4F91-BDBA-FBB98FE804BF} (%SystemRoot%\system32\diagperf.dll) started troubleshooting scenario {2698178D-FDAD-40AE-9D3C-1371703ADC5B}, instance {2D0BA6AA-733B-45C2-9262-3F9EBF517507}, original activity ID {2698178D-FDAD-40AE-9D3C-1371703ADC5B}.","105","0",,"4","1","13","4611686052787126272","5287","Microsoft-Windows-Diagnosis-DPS","6bba3851-2c7e-4dea-8f54-31e5afd029e3","Microsoft-Windows-Diagnosis-DPS/Operational","1384","1544","rjaf-PC4429","S-1-5-19","5/12/2015 12:12:07 AM","2d0ba6aa-733b-45c2-9262-3f9ebf517507",,"c:\users\mac_1\desktop\winevt\logs\microsoft-windows-diagnosis-dps%4operational.evtx","System.UInt32[]","System.Diagnostics.Eventing.Reader.EventBookmark","Information","A scenario instance was dispatched for troubleshooting","Scenario Lifecycle","System.Collections.ObjectModel.ReadOnlyCollection`1[System.String]","System.Collections.Generic.List`1[System.Diagnostics.Eventing.Reader.EventProperty]"
"Diagnostic module {15FBA3B8-A37A-4F91-BDBA-FBB98FE804BF} (%SystemRoot%\system32\diagperf.dll) detected a problem for scenario {2698178D-FDAD-40AE-9D3C-1371703ADC5B}, instance {2D0BA6AA-733B-45C2-9262-3F9EBF517507}, original activity ID {2698178D-FDAD-40AE-9D3C-1371703ADC5B}.","100","0",,"4","1","12","4611686052787126272","5286","Microsoft-Windows-Diagnosis-DPS","6bba3851-2c7e-4dea-8f54-31e5afd029e3","Microsoft-Windows-Diagnosis-DPS/Operational","1384","1544","rjaf-PC4429","S-1-5-19","5/12/2015 12:12:07 AM","2d0ba6aa-733b-45c2-9262-3f9ebf517507",,"c:\users\mac_1\desktop\winevt\logs\microsoft-windows-diagnosis-dps%4operational.evtx","System.UInt32[]","System.Diagnostics.Eventing.Reader.EventBookmark","Information","A diagnostic module detected a problem","Scenario Lifecycle","System.Collections.ObjectModel.ReadOnlyCollection`1[System.String]","System.Collections.Generic.List`1[System.Diagnostics.Eventing.Reader.EventProperty]"
"Diagnostic module {E4CD2E3E-3852-4952-B76B-23BB8E35D344} (%windir%\system32\radardt.dll) started troubleshooting scenario {3AF8B24A-C441-4FA4-8C5C-BED591BFA867}, instance {60808DE4-535A-4E66-A24B-42BC9D46913D}, original activity ID {00000000-0000-0000-0000-000000000000}.","105","0",,"4","1","13","4611686052787126272","5285","Microsoft-Windows-Diagnosis-DPS","6bba3851-2c7e-4dea-8f54-31e5afd029e3","Microsoft-Windows-Diagnosis-DPS/Operational","1348","844","rjaf-PC4429","S-1-5-19","5/11/2015 11:23:09 AM","60808de4-535a-4e66-a24b-42bc9d46913d",,"c:\users\mac_1\desktop\winevt\logs\microsoft-windows-diagnosis-dps%4operational.evtx","System.UInt32[]","System.Diagnostics.Eventing.Reader.EventBookmark","Information","A scenario instance was dispatched for troubleshooting","Scenario Lifecycle","System.Collections.ObjectModel.ReadOnlyCollection`1[System.String]","System.Collections.Generic.List`1[System.Diagnostics.Eventing.Reader.EventProperty]"
"Diagnostic module {E4CD2E3E-3852-4952-B76B-23BB8E35D344} (%windir%\system32\radardt.dll) detected a problem for scenario {3AF8B24A-C441-4FA4-8C5C-BED591BFA867}, instance {60808DE4-535A-4E66-A24B-42BC9D46913D}, original activity ID {00000000-0000-0000-0000-000000000000}.","100","0",,"4","1","12","4611686052787126272","5284","Microsoft-Windows-Diagnosis-DPS","6bba3851-2c7e-4dea-8f54-31e5afd029e3","Microsoft-Windows-Diagnosis-DPS/Operational","1348","844","rjaf-PC4429","S-1-5-19","5/11/2015 11:23:09 AM","60808de4-535a-4e66-a24b-42bc9d46913d",,"c:\users\mac_1\desktop\winevt\logs\microsoft-windows-diagnosis-dps%4operational.evtx","System.UInt32[]","System.Diagnostics.Eventing.Reader.EventBookmark","Information","A diagnostic module detected a problem","Scenario Lifecycle","System.Collections.ObjectModel.ReadOnlyCollection`1[System.String]","System.Collections.Generic.List`1[System.Diagnostics.Eventing.Reader.EventProperty]"
"Diagnostic module {282396B2-6C46-4D66-B413-70B0445DF33C} (%SystemRoot%\system32\diagperf.dll) finished troubleshooting scenario {186F47EF-626C-4670-800A-4A30756BABAD}, instance {5F6DC67B-8079-40CF-B669-7D761974458D}, original activity ID {00000000-0000-0000-0000-000000000000}.  No resolution was set by the diagnostic module.","110","0",,"4","1","14","4611686052787126272","5283","Microsoft-Windows-Diagnosis-DPS","6bba3851-2c7e-4dea-8f54-31e5afd029e3","Microsoft-Windows-Diagnosis-DPS/Operational","1348","2424","rjaf-PC4429","S-1-5-19","5/11/2015 10:02:01 AM","5f6dc67b-8079-40cf-b669-7d761974458d",,"c:\users\mac_1\desktop\winevt\logs\microsoft-windows-diagnosis-dps%4operational.evtx","System.UInt32[]","System.Diagnostics.Eventing.Reader.EventBookmark","Information","A diagnostic module completed troubleshooting without setting a resolution","Scenario Lifecycle","System.Collections.ObjectModel.ReadOnlyCollection`1[System.String]","System.Collections.Generic.List`1[System.Diagnostics.Eventing.Reader.EventProperty]"
"Diagnostic module {282396B2-6C46-4D66-B413-70B0445DF33C} (%SystemRoot%\system32\diagperf.dll) started troubleshooting scenario {186F47EF-626C-4670-800A-4A30756BABAD}, instance {5F6DC67B-8079-40CF-B669-7D761974458D}, original activity ID {00000000-0000-0000-0000-000000000000}.","105","0",,"4","1","13","4611686052787126272","5282","Microsoft-Windows-Diagnosis-DPS","6bba3851-2c7e-4dea-8f54-31e5afd029e3","Microsoft-Windows-Diagnosis-DPS/Operational","1348","2424","rjaf-PC4429","S-1-5-19","5/11/2015 10:02:01 AM","5f6dc67b-8079-40cf-b669-7d761974458d",,"c:\users\mac_1\desktop\winevt\logs\microsoft-windows-diagnosis-dps%4operational.evtx","System.UInt32[]","System.Diagnostics.Eventing.Reader.EventBookmark","Information","A scenario instance was dispatched for troubleshooting","Scenario Lifecycle","System.Collections.ObjectModel.ReadOnlyCollection`1[System.String]","System.Collections.Generic.List`1[System.Diagnostics.Eventing.Reader.EventProperty]"
"Diagnostic module {282396B2-6C46-4D66-B413-70B0445DF33C} (%SystemRoot%\system32\diagperf.dll) detected a problem for scenario {186F47EF-626C-4670-800A-4A30756BABAD}, instance {5F6DC67B-8079-40CF-B669-7D761974458D}, original activity ID {00000000-0000-0000-0000-000000000000}.","100","0",,"4","1","12","4611686052787126272","5281","Microsoft-Windows-Diagnosis-DPS","6bba3851-2c7e-4dea-8f54-31e5afd029e3","Microsoft-Windows-Diagnosis-DPS/Operational","1348","2424","rjaf-PC4429","S-1-5-19","5/11/2015 10:02:01 AM","5f6dc67b-8079-40cf-b669-7d761974458d",,"c:\users\mac_1\desktop\winevt\logs\microsoft-windows-diagnosis-dps%4operational.evtx","System.UInt32[]","System.Diagnostics.Eventing.Reader.EventBookmark","Information","A diagnostic module detected a problem","Scenario Lifecycle","System.Collections.ObjectModel.ReadOnlyCollection`1[System.String]","System.Collections.Generic.List`1[System.Diagnostics.Eventing.Reader.EventProperty]"
"Diagnostic module {A59F0643-A6CA-48E0-A7C4-4CDD258439E2} (%SystemRoot%\system32\diagperf.dll) finished troubleshooting scenario {FFC42108-4920-4ACF-A4FC-8ABDCC68ADA4}, instance {B88B0AC5-3032-4950-A664-7F24FCD0C66A}, original activity ID {85F02364-F89B-0001-31EE-213BBC8BD001}.  No resolution was set by the diagnostic module.","110","0",,"4","1","14","4611686052787126272","5280","Microsoft-Windows-Diagnosis-DPS","6bba3851-2c7e-4dea-8f54-31e5afd029e3","Microsoft-Windows-Diagnosis-DPS/Operational","1348","2876","rjaf-PC4429","S-1-5-19","5/11/2015 9:16:51 AM","b88b0ac5-3032-4950-a664-7f24fcd0c66a",,"c:\users\mac_1\desktop\winevt\logs\microsoft-windows-diagnosis-dps%4operational.evtx","System.UInt32[]","System.Diagnostics.Eventing.Reader.EventBookmark","Information","A diagnostic module completed troubleshooting without setting a resolution","Scenario Lifecycle","System.Collections.ObjectModel.ReadOnlyCollection`1[System.String]","System.Collections.Generic.List`1[System.Diagnostics.Eventing.Reader.EventProperty]"
"Diagnostic module {A59F0643-A6CA-48E0-A7C4-4CDD258439E2} (%SystemRoot%\system32\diagperf.dll) started troubleshooting scenario {FFC42108-4920-4ACF-A4FC-8ABDCC68ADA4}, instance {B88B0AC5-3032-4950-A664-7F24FCD0C66A}, original activity ID {85F02364-F89B-0001-31EE-213BBC8BD001}.","105","0",,"4","1","13","4611686052787126272","5279","Microsoft-Windows-Diagnosis-DPS","6bba3851-2c7e-4dea-8f54-31e5afd029e3","Microsoft-Windows-Diagnosis-DPS/Operational","1348","2876","rjaf-PC4429","S-1-5-19","5/11/2015 9:16:51 AM","b88b0ac5-3032-4950-a664-7f24fcd0c66a",,"c:\users\mac_1\desktop\winevt\logs\microsoft-windows-diagnosis-dps%4operational.evtx","System.UInt32[]","System.Diagnostics.Eventing.Reader.EventBookmark","Information","A scenario instance was dispatched for troubleshooting","Scenario Lifecycle","System.Collections.ObjectModel.ReadOnlyCollection`1[System.String]","System.Collections.Generic.List`1[System.Diagnostics.Eventing.Reader.EventProperty]"
"Diagnostic module {A59F0643-A6CA-48E0-A7C4-4CDD258439E2} (%SystemRoot%\system32\diagperf.dll) detected a problem for scenario {FFC42108-4920-4ACF-A4FC-8ABDCC68ADA4}, instance {B88B0AC5-3032-4950-A664-7F24FCD0C66A}, original activity ID {85F02364-F89B-0001-31EE-213BBC8BD001}.","100","0",,"4","1","12","4611686052787126272","5278","Microsoft-Windows-Diagnosis-DPS","6bba3851-2c7e-4dea-8f54-31e5afd029e3","Microsoft-Windows-Diagnosis-DPS/Operational","1348","2876","rjaf-PC4429","S-1-5-19","5/11/2015 9:16:51 AM","b88b0ac5-3032-4950-a664-7f24fcd0c66a",,"c:\users\mac_1\desktop\winevt\logs\microsoft-windows-diagnosis-dps%4operational.evtx","System.UInt32[]","System.Diagnostics.Eventing.Reader.EventBookmark","Information","A diagnostic module detected a problem","Scenario Lifecycle","System.Collections.ObjectModel.ReadOnlyCollection`1[System.String]","System.Collections.Generic.List`1[System.Diagnostics.Eventing.Reader.EventProperty]"
"Diagnostic module {282396B2-6C46-4D66-B413-70B0445DF33C} (%SystemRoot%\system32\diagperf.dll) finished troubleshooting scenario {186F47EF-626C-4670-800A-4A30756BABAD}, instance {9041760B-6288-463F-A24F-44C0E9E969E7}, original activity ID {00000000-0000-0000-0000-000000000000}.  No resolution was set by the diagnostic module.","110","0",,"4","1","14","4611686052787126272","5277","Microsoft-Windows-Diagnosis-DPS","6bba3851-2c7e-4dea-8f54-31e5afd029e3","Microsoft-Windows-Diagnosis-DPS/Operational","1348","2996","rjaf-PC4429","S-1-5-19","5/11/2015 2:37:46 AM","9041760b-6288-463f-a24f-44c0e9e969e7",,"c:\users\mac_1\desktop\winevt\logs\microsoft-windows-diagnosis-dps%4operational.evtx","System.UInt32[]","System.Diagnostics.Eventing.Reader.EventBookmark","Information","A diagnostic module completed troubleshooting without setting a resolution","Scenario Lifecycle","System.Collections.ObjectModel.ReadOnlyCollection`1[System.String]","System.Collections.Generic.List`1[System.Diagnostics.Eventing.Reader.EventProperty]"
"Diagnostic module {282396B2-6C46-4D66-B413-70B0445DF33C} (%SystemRoot%\system32\diagperf.dll) started troubleshooting scenario {186F47EF-626C-4670-800A-4A30756BABAD}, instance {9041760B-6288-463F-A24F-44C0E9E969E7}, original activity ID {00000000-0000-0000-0000-000000000000}.","105","0",,"4","1","13","4611686052787126272","5276","Microsoft-Windows-Diagnosis-DPS","6bba3851-2c7e-4dea-8f54-31e5afd029e3","Microsoft-Windows-Diagnosis-DPS/Operational","1348","2996","rjaf-PC4429","S-1-5-19","5/11/2015 2:37:46 AM","9041760b-6288-463f-a24f-44c0e9e969e7",,"c:\users\mac_1\desktop\winevt\logs\microsoft-windows-diagnosis-dps%4operational.evtx","System.UInt32[]","System.Diagnostics.Eventing.Reader.EventBookmark","Information","A scenario instance was dispatched for troubleshooting","Scenario Lifecycle","System.Collections.ObjectModel.ReadOnlyCollection`1[System.String]","System.Collections.Generic.List`1[System.Diagnostics.Eventing.Reader.EventProperty]"
"Diagnostic module {282396B2-6C46-4D66-B413-70B0445DF33C} (%SystemRoot%\system32\diagperf.dll) detected a problem for scenario {186F47EF-626C-4670-800A-4A30756BABAD}, instance {9041760B-6288-463F-A24F-44C0E9E969E7}, original activity ID {00000000-0000-0000-0000-000000000000}.","100","0",,"4","1","12","4611686052787126272","5275","Microsoft-Windows-Diagnosis-DPS","6bba3851-2c7e-4dea-8f54-31e5afd029e3","Microsoft-Windows-Diagnosis-DPS/Operational","1348","2996","rjaf-PC4429","S-1-5-19","5/11/2015 2:37:46 AM","9041760b-6288-463f-a24f-44c0e9e969e7",,"c:\users\mac_1\desktop\winevt\logs\microsoft-windows-diagnosis-dps%4operational.evtx","System.UInt32[]","System.Diagnostics.Eventing.Reader.EventBookmark","Information","A diagnostic module detected a problem","Scenario Lifecycle","System.Collections.ObjectModel.ReadOnlyCollection`1[System.String]","System.Collections.Generic.List`1[System.Diagnostics.Eventing.Reader.EventProperty]"
"Diagnostic module {C8544339-5BE9-4F25-862E-485F1B1A6935} (%SystemRoot%\system32\diagperf.dll) finished troubleshooting scenario {86432A0B-3C7D-4DDF-A89C-172FAA90485D}, instance {4C2DCAAE-142D-44D5-9299-A3288AF3BF4E}, original activity ID {86432A0B-3C7D-4DDF-A89C-172FAA90485D}.  No resolution was set by the diagnostic module.","110","0",,"4","1","14","4611686052787126272","5274","Microsoft-Windows-Diagnosis-DPS","6bba3851-2c7e-4dea-8f54-31e5afd029e3","Microsoft-Windows-Diagnosis-DPS/Operational","1348","1752","rjaf-PC4429","S-1-5-19","5/11/2015 12:31:33 AM","4c2dcaae-142d-44d5-9299-a3288af3bf4e",,"c:\users\mac_1\desktop\winevt\logs\microsoft-windows-diagnosis-dps%4operational.evtx","System.UInt32[]","System.Diagnostics.Eventing.Reader.EventBookmark","Information","A diagnostic module completed troubleshooting without setting a resolution","Scenario Lifecycle","System.Collections.ObjectModel.ReadOnlyCollection`1[System.String]","System.Collections.Generic.List`1[System.Diagnostics.Eventing.Reader.EventProperty]"
"Diagnostic module {C8544339-5BE9-4F25-862E-485F1B1A6935} (%SystemRoot%\system32\diagperf.dll) started troubleshooting scenario {86432A0B-3C7D-4DDF-A89C-172FAA90485D}, instance {4C2DCAAE-142D-44D5-9299-A3288AF3BF4E}, original activity ID {86432A0B-3C7D-4DDF-A89C-172FAA90485D}.","105","0",,"4","1","13","4611686052787126272","5273","Microsoft-Windows-Diagnosis-DPS","6bba3851-2c7e-4dea-8f54-31e5afd029e3","Microsoft-Windows-Diagnosis-DPS/Operational","1348","1752","rjaf-PC4429","S-1-5-19","5/11/2015 12:31:32 AM","4c2dcaae-142d-44d5-9299-a3288af3bf4e",,"c:\users\mac_1\desktop\winevt\logs\microsoft-windows-diagnosis-dps%4operational.evtx","System.UInt32[]","System.Diagnostics.Eventing.Reader.EventBookmark","Information","A scenario instance was dispatched for troubleshooting","Scenario Lifecycle","System.Collections.ObjectModel.ReadOnlyCollection`1[System.String]","System.Collections.Generic.List`1[System.Diagnostics.Eventing.Reader.EventProperty]"
"Diagnostic module {C8544339-5BE9-4F25-862E-485F1B1A6935} (%SystemRoot%\system32\diagperf.dll) detected a problem for scenario {86432A0B-3C7D-4DDF-A89C-172FAA90485D}, instance {4C2DCAAE-142D-44D5-9299-A3288AF3BF4E}, original activity ID {86432A0B-3C7D-4DDF-A89C-172FAA90485D}.","100","0",,"4","1","12","4611686052787126272","5272","Microsoft-Windows-Diagnosis-DPS","6bba3851-2c7e-4dea-8f54-31e5afd029e3","Microsoft-Windows-Diagnosis-DPS/Operational","1348","1752","rjaf-PC4429","S-1-5-19","5/11/2015 12:31:32 AM","4c2dcaae-142d-44d5-9299-a3288af3bf4e",,"c:\users\mac_1\desktop\winevt\logs\microsoft-windows-diagnosis-dps%4operational.evtx","System.UInt32[]","System.Diagnostics.Eventing.Reader.EventBookmark","Information","A diagnostic module detected a problem","Scenario Lifecycle","System.Collections.ObjectModel.ReadOnlyCollection`1[System.String]","System.Collections.Generic.List`1[System.Diagnostics.Eventing.Reader.EventProperty]"
"Diagnostic module {15FBA3B8-A37A-4F91-BDBA-FBB98FE804BF} (%SystemRoot%\system32\diagperf.dll) started troubleshooting scenario {2698178D-FDAD-40AE-9D3C-1371703ADC5B}, instance {365AE63B-C326-4317-BBFE-708E0DAFACC3}, original activity ID {2698178D-FDAD-40AE-9D3C-1371703ADC5B}.","105","0",,"4","1","13","4611686052787126272","5271","Microsoft-Windows-Diagnosis-DPS","6bba3851-2c7e-4dea-8f54-31e5afd029e3","Microsoft-Windows-Diagnosis-DPS/Operational","1348","320","rjaf-PC4429","S-1-5-19","5/11/2015 12:29:55 AM","365ae63b-c326-4317-bbfe-708e0dafacc3",,"c:\users\mac_1\desktop\winevt\logs\microsoft-windows-diagnosis-dps%4operational.evtx","System.UInt32[]","System.Diagnostics.Eventing.Reader.EventBookmark","Information","A scenario instance was dispatched for troubleshooting","Scenario Lifecycle","System.Collections.ObjectModel.ReadOnlyCollection`1[System.String]","System.Collections.Generic.List`1[System.Diagnostics.Eventing.Reader.EventProperty]"
"Diagnostic module {15FBA3B8-A37A-4F91-BDBA-FBB98FE804BF} (%SystemRoot%\system32\diagperf.dll) detected a problem for scenario {2698178D-FDAD-40AE-9D3C-1371703ADC5B}, instance {365AE63B-C326-4317-BBFE-708E0DAFACC3}, original activity ID {2698178D-FDAD-40AE-9D3C-1371703ADC5B}.","100","0",,"4","1","12","4611686052787126272","5270","Microsoft-Windows-Diagnosis-DPS","6bba3851-2c7e-4dea-8f54-31e5afd029e3","Microsoft-Windows-Diagnosis-DPS/Operational","1348","320","rjaf-PC4429","S-1-5-19","5/11/2015 12:29:55 AM","365ae63b-c326-4317-bbfe-708e0dafacc3",,"c:\users\mac_1\desktop\winevt\logs\microsoft-windows-diagnosis-dps%4operational.evtx","System.UInt32[]","System.Diagnostics.Eventing.Reader.EventBookmark","Information","A diagnostic module detected a problem","Scenario Lifecycle","System.Collections.ObjectModel.ReadOnlyCollection`1[System.String]","System.Collections.Generic.List`1[System.Diagnostics.Eventing.Reader.EventProperty]"
"Diagnostic module {282396B2-6C46-4D66-B413-70B0445DF33C} (%SystemRoot%\system32\diagperf.dll) finished troubleshooting scenario {186F47EF-626C-4670-800A-4A30756BABAD}, instance {7F7F7CC2-32E0-4ED0-B3D5-E8144F9755F0}, original activity ID {00000000-0000-0000-0000-000000000000}.  No resolution was set by the diagnostic module.","110","0",,"4","1","14","4611686052787126272","5269","Microsoft-Windows-Diagnosis-DPS","6bba3851-2c7e-4dea-8f54-31e5afd029e3","Microsoft-Windows-Diagnosis-DPS/Operational","1340","3340","rjaf-PC4429","S-1-5-19","5/10/2015 6:25:39 AM","7f7f7cc2-32e0-4ed0-b3d5-e8144f9755f0",,"c:\users\mac_1\desktop\winevt\logs\microsoft-windows-diagnosis-dps%4operational.evtx","System.UInt32[]","System.Diagnostics.Eventing.Reader.EventBookmark","Information","A diagnostic module completed troubleshooting without setting a resolution","Scenario Lifecycle","System.Collections.ObjectModel.ReadOnlyCollection`1[System.String]","System.Collections.Generic.List`1[System.Diagnostics.Eventing.Reader.EventProperty]"
"Diagnostic module {282396B2-6C46-4D66-B413-70B0445DF33C} (%SystemRoot%\system32\diagperf.dll) started troubleshooting scenario {186F47EF-626C-4670-800A-4A30756BABAD}, instance {7F7F7CC2-32E0-4ED0-B3D5-E8144F9755F0}, original activity ID {00000000-0000-0000-0000-000000000000}.","105","0",,"4","1","13","4611686052787126272","5268","Microsoft-Windows-Diagnosis-DPS","6bba3851-2c7e-4dea-8f54-31e5afd029e3","Microsoft-Windows-Diagnosis-DPS/Operational","1340","3340","rjaf-PC4429","S-1-5-19","5/10/2015 6:25:39 AM","7f7f7cc2-32e0-4ed0-b3d5-e8144f9755f0",,"c:\users\mac_1\desktop\winevt\logs\microsoft-windows-diagnosis-dps%4operational.evtx","System.UInt32[]","System.Diagnostics.Eventing.Reader.EventBookmark","Information","A scenario instance was dispatched for troubleshooting","Scenario Lifecycle","System.Collections.ObjectModel.ReadOnlyCollection`1[System.String]","System.Collections.Generic.List`1[System.Diagnostics.Eventing.Reader.EventProperty]"
"Diagnostic module {282396B2-6C46-4D66-B413-70B0445DF33C} (%SystemRoot%\system32\diagperf.dll) detected a problem for scenario {186F47EF-626C-4670-800A-4A30756BABAD}, instance {7F7F7CC2-32E0-4ED0-B3D5-E8144F9755F0}, original activity ID {00000000-0000-0000-0000-000000000000}.","100","0",,"4","1","12","4611686052787126272","5267","Microsoft-Windows-Diagnosis-DPS","6bba3851-2c7e-4dea-8f54-31e5afd029e3","Microsoft-Windows-Diagnosis-DPS/Operational","1340","3340","rjaf-PC4429","S-1-5-19","5/10/2015 6:25:39 AM","7f7f7cc2-32e0-4ed0-b3d5-e8144f9755f0",,"c:\users\mac_1\desktop\winevt\logs\microsoft-windows-diagnosis-dps%4operational.evtx","System.UInt32[]","System.Diagnostics.Eventing.Reader.EventBookmark","Information","A diagnostic module detected a problem","Scenario Lifecycle","System.Collections.ObjectModel.ReadOnlyCollection`1[System.String]","System.Collections.Generic.List`1[System.Diagnostics.Eventing.Reader.EventProperty]"
"Diagnostic module {282396B2-6C46-4D66-B413-70B0445DF33C} (%SystemRoot%\system32\diagperf.dll) finished troubleshooting scenario {186F47EF-626C-4670-800A-4A30756BABAD}, instance {7C43399B-E177-4632-8388-2C9811C22F7B}, original activity ID {00000000-0000-0000-0000-000000000000}.  No resolution was set by the diagnostic module.","110","0",,"4","1","14","4611686052787126272","5266","Microsoft-Windows-Diagnosis-DPS","6bba3851-2c7e-4dea-8f54-31e5afd029e3","Microsoft-Windows-Diagnosis-DPS/Operational","1340","3652","rjaf-PC4429","S-1-5-19","5/10/2015 4:58:39 AM","7c43399b-e177-4632-8388-2c9811c22f7b",,"c:\users\mac_1\desktop\winevt\logs\microsoft-windows-diagnosis-dps%4operational.evtx","System.UInt32[]","System.Diagnostics.Eventing.Reader.EventBookmark","Information","A diagnostic module completed troubleshooting without setting a resolution","Scenario Lifecycle","System.Collections.ObjectModel.ReadOnlyCollection`1[System.String]","System.Collections.Generic.List`1[System.Diagnostics.Eventing.Reader.EventProperty]"
"Diagnostic module {282396B2-6C46-4D66-B413-70B0445DF33C} (%SystemRoot%\system32\diagperf.dll) started troubleshooting scenario {186F47EF-626C-4670-800A-4A30756BABAD}, instance {7C43399B-E177-4632-8388-2C9811C22F7B}, original activity ID {00000000-0000-0000-0000-000000000000}.","105","0",,"4","1","13","4611686052787126272","5265","Microsoft-Windows-Diagnosis-DPS","6bba3851-2c7e-4dea-8f54-31e5afd029e3","Microsoft-Windows-Diagnosis-DPS/Operational","1340","3652","rjaf-PC4429","S-1-5-19","5/10/2015 4:58:39 AM","7c43399b-e177-4632-8388-2c9811c22f7b",,"c:\users\mac_1\desktop\winevt\logs\microsoft-windows-diagnosis-dps%4operational.evtx","System.UInt32[]","System.Diagnostics.Eventing.Reader.EventBookmark","Information","A scenario instance was dispatched for troubleshooting","Scenario Lifecycle","System.Collections.ObjectModel.ReadOnlyCollection`1[System.String]","System.Collections.Generic.List`1[System.Diagnostics.Eventing.Reader.EventProperty]"
"Diagnostic module {282396B2-6C46-4D66-B413-70B0445DF33C} (%SystemRoot%\system32\diagperf.dll) detected a problem for scenario {186F47EF-626C-4670-800A-4A30756BABAD}, instance {7C43399B-E177-4632-8388-2C9811C22F7B}, original activity ID {00000000-0000-0000-0000-000000000000}.","100","0",,"4","1","12","4611686052787126272","5264","Microsoft-Windows-Diagnosis-DPS","6bba3851-2c7e-4dea-8f54-31e5afd029e3","Microsoft-Windows-Diagnosis-DPS/Operational","1340","3652","rjaf-PC4429","S-1-5-19","5/10/2015 4:58:39 AM","7c43399b-e177-4632-8388-2c9811c22f7b",,"c:\users\mac_1\desktop\winevt\logs\microsoft-windows-diagnosis-dps%4operational.evtx","System.UInt32[]","System.Diagnostics.Eventing.Reader.EventBookmark","Information","A diagnostic module detected a problem","Scenario Lifecycle","System.Collections.ObjectModel.ReadOnlyCollection`1[System.String]","System.Collections.Generic.List`1[System.Diagnostics.Eventing.Reader.EventProperty]"
"Diagnostic module {C8544339-5BE9-4F25-862E-485F1B1A6935} (%SystemRoot%\system32\diagperf.dll) finished troubleshooting scenario {86432A0B-3C7D-4DDF-A89C-172FAA90485D}, instance {5CB87ACC-9780-4E3A-9FF5-A3CA9C7C1499}, original activity ID {86432A0B-3C7D-4DDF-A89C-172FAA90485D}.  No resolution was set by the diagnostic module.","110","0",,"4","1","14","4611686052787126272","5263","Microsoft-Windows-Diagnosis-DPS","6bba3851-2c7e-4dea-8f54-31e5afd029e3","Microsoft-Windows-Diagnosis-DPS/Operational","1340","384","rjaf-PC4429","S-1-5-19","5/10/2015 12:59:29 AM","5cb87acc-9780-4e3a-9ff5-a3ca9c7c1499",,"c:\users\mac_1\desktop\winevt\logs\microsoft-windows-diagnosis-dps%4operational.evtx","System.UInt32[]","System.Diagnostics.Eventing.Reader.EventBookmark","Information","A diagnostic module completed troubleshooting without setting a resolution","Scenario Lifecycle","System.Collections.ObjectModel.ReadOnlyCollection`1[System.String]","System.Collections.Generic.List`1[System.Diagnostics.Eventing.Reader.EventProperty]"
"Diagnostic module {15FBA3B8-A37A-4F91-BDBA-FBB98FE804BF} (%SystemRoot%\system32\diagperf.dll) finished troubleshooting scenario {2698178D-FDAD-40AE-9D3C-1371703ADC5B}, instance {F619C041-2C21-463E-82E8-69183187038A}, original activity ID {2698178D-FDAD-40AE-9D3C-1371703ADC5B}.  No resolution was set by the diagnostic module.","110","0",,"4","1","14","4611686052787126272","5262","Microsoft-Windows-Diagnosis-DPS","6bba3851-2c7e-4dea-8f54-31e5afd029e3","Microsoft-Windows-Diagnosis-DPS/Operational","1340","384","rjaf-PC4429","S-1-5-19","5/10/2015 12:59:28 AM","f619c041-2c21-463e-82e8-69183187038a",,"c:\users\mac_1\desktop\winevt\logs\microsoft-windows-diagnosis-dps%4operational.evtx","System.UInt32[]","System.Diagnostics.Eventing.Reader.EventBookmark","Information","A diagnostic module completed troubleshooting without setting a resolution","Scenario Lifecycle","System.Collections.ObjectModel.ReadOnlyCollection`1[System.String]","System.Collections.Generic.List`1[System.Diagnostics.Eventing.Reader.EventProperty]"
"Diagnostic module {C8544339-5BE9-4F25-862E-485F1B1A6935} (%SystemRoot%\system32\diagperf.dll) started troubleshooting scenario {86432A0B-3C7D-4DDF-A89C-172FAA90485D}, instance {5CB87ACC-9780-4E3A-9FF5-A3CA9C7C1499}, original activity ID {86432A0B-3C7D-4DDF-A89C-172FAA90485D}.","105","0",,"4","1","13","4611686052787126272","5261","Microsoft-Windows-Diagnosis-DPS","6bba3851-2c7e-4dea-8f54-31e5afd029e3","Microsoft-Windows-Diagnosis-DPS/Operational","1340","384","rjaf-PC4429","S-1-5-19","5/10/2015 12:59:28 AM","5cb87acc-9780-4e3a-9ff5-a3ca9c7c1499",,"c:\users\mac_1\desktop\winevt\logs\microsoft-windows-diagnosis-dps%4operational.evtx","System.UInt32[]","System.Diagnostics.Eventing.Reader.EventBookmark","Information","A scenario instance was dispatched for troubleshooting","Scenario Lifecycle","System.Collections.ObjectModel.ReadOnlyCollection`1[System.String]","System.Collections.Generic.List`1[System.Diagnostics.Eventing.Reader.EventProperty]"
"Diagnostic module {C8544339-5BE9-4F25-862E-485F1B1A6935} (%SystemRoot%\system32\diagperf.dll) detected a problem for scenario {86432A0B-3C7D-4DDF-A89C-172FAA90485D}, instance {5CB87ACC-9780-4E3A-9FF5-A3CA9C7C1499}, original activity ID {86432A0B-3C7D-4DDF-A89C-172FAA90485D}.","100","0",,"4","1","12","4611686052787126272","5260","Microsoft-Windows-Diagnosis-DPS","6bba3851-2c7e-4dea-8f54-31e5afd029e3","Microsoft-Windows-Diagnosis-DPS/Operational","1340","384","rjaf-PC4429","S-1-5-19","5/10/2015 12:59:28 AM","5cb87acc-9780-4e3a-9ff5-a3ca9c7c1499",,"c:\users\mac_1\desktop\winevt\logs\microsoft-windows-diagnosis-dps%4operational.evtx","System.UInt32[]","System.Diagnostics.Eventing.Reader.EventBookmark","Information","A diagnostic module detected a problem","Scenario Lifecycle","System.Collections.ObjectModel.ReadOnlyCollection`1[System.String]","System.Collections.Generic.List`1[System.Diagnostics.Eventing.Reader.EventProperty]"
"Diagnostic module {15FBA3B8-A37A-4F91-BDBA-FBB98FE804BF} (%SystemRoot%\system32\diagperf.dll) started troubleshooting scenario {2698178D-FDAD-40AE-9D3C-1371703ADC5B}, instance {F619C041-2C21-463E-82E8-69183187038A}, original activity ID {2698178D-FDAD-40AE-9D3C-1371703ADC5B}.","105","0",,"4","1","13","4611686052787126272","5259","Microsoft-Windows-Diagnosis-DPS","6bba3851-2c7e-4dea-8f54-31e5afd029e3","Microsoft-Windows-Diagnosis-DPS/Operational","1340","432","rjaf-PC4429","S-1-5-19","5/10/2015 12:57:53 AM","f619c041-2c21-463e-82e8-69183187038a",,"c:\users\mac_1\desktop\winevt\logs\microsoft-windows-diagnosis-dps%4operational.evtx","System.UInt32[]","System.Diagnostics.Eventing.Reader.EventBookmark","Information","A scenario instance was dispatched for troubleshooting","Scenario Lifecycle","System.Collections.ObjectModel.ReadOnlyCollection`1[System.String]","System.Collections.Generic.List`1[System.Diagnostics.Eventing.Reader.EventProperty]"
"Diagnostic module {15FBA3B8-A37A-4F91-BDBA-FBB98FE804BF} (%SystemRoot%\system32\diagperf.dll) detected a problem for scenario {2698178D-FDAD-40AE-9D3C-1371703ADC5B}, instance {F619C041-2C21-463E-82E8-69183187038A}, original activity ID {2698178D-FDAD-40AE-9D3C-1371703ADC5B}.","100","0",,"4","1","12","4611686052787126272","5258","Microsoft-Windows-Diagnosis-DPS","6bba3851-2c7e-4dea-8f54-31e5afd029e3","Microsoft-Windows-Diagnosis-DPS/Operational","1340","432","rjaf-PC4429","S-1-5-19","5/10/2015 12:57:53 AM","f619c041-2c21-463e-82e8-69183187038a",,"c:\users\mac_1\desktop\winevt\logs\microsoft-windows-diagnosis-dps%4operational.evtx","System.UInt32[]","System.Diagnostics.Eventing.Reader.EventBookmark","Information","A diagnostic module detected a problem","Scenario Lifecycle","System.Collections.ObjectModel.ReadOnlyCollection`1[System.String]","System.Collections.Generic.List`1[System.Diagnostics.Eventing.Reader.EventProperty]"
"Diagnostic module {15FBA3B8-A37A-4F91-BDBA-FBB98FE804BF} (%SystemRoot%\system32\diagperf.dll) started troubleshooting scenario {2698178D-FDAD-40AE-9D3C-1371703ADC5B}, instance {63ED04AB-8B73-4D62-BA21-0F1D696EE500}, original activity ID {2698178D-FDAD-40AE-9D3C-1371703ADC5B}.","105","0",,"4","1","13","4611686052787126272","5257","Microsoft-Windows-Diagnosis-DPS","6bba3851-2c7e-4dea-8f54-31e5afd029e3","Microsoft-Windows-Diagnosis-DPS/Operational","1316","280","rjaf-PC4429","S-1-5-19","5/9/2015 7:11:58 AM","63ed04ab-8b73-4d62-ba21-0f1d696ee500",,"c:\users\mac_1\desktop\winevt\logs\microsoft-windows-diagnosis-dps%4operational.evtx","System.UInt32[]","System.Diagnostics.Eventing.Reader.EventBookmark","Information","A scenario instance was dispatched for troubleshooting","Scenario Lifecycle","System.Collections.ObjectModel.ReadOnlyCollection`1[System.String]","System.Collections.Generic.List`1[System.Diagnostics.Eventing.Reader.EventProperty]"
"Diagnostic module {15FBA3B8-A37A-4F91-BDBA-FBB98FE804BF} (%SystemRoot%\system32\diagperf.dll) detected a problem for scenario {2698178D-FDAD-40AE-9D3C-1371703ADC5B}, instance {63ED04AB-8B73-4D62-BA21-0F1D696EE500}, original activity ID {2698178D-FDAD-40AE-9D3C-1371703ADC5B}.","100","0",,"4","1","12","4611686052787126272","5256","Microsoft-Windows-Diagnosis-DPS","6bba3851-2c7e-4dea-8f54-31e5afd029e3","Microsoft-Windows-Diagnosis-DPS/Operational","1316","280","rjaf-PC4429","S-1-5-19","5/9/2015 7:11:58 AM","63ed04ab-8b73-4d62-ba21-0f1d696ee500",,"c:\users\mac_1\desktop\winevt\logs\microsoft-windows-diagnosis-dps%4operational.evtx","System.UInt32[]","System.Diagnostics.Eventing.Reader.EventBookmark","Information","A diagnostic module detected a problem","Scenario Lifecycle","System.Collections.ObjectModel.ReadOnlyCollection`1[System.String]","System.Collections.Generic.List`1[System.Diagnostics.Eventing.Reader.EventProperty]"
"Diagnostic module {282396B2-6C46-4D66-B413-70B0445DF33C} (%SystemRoot%\system32\diagperf.dll) finished troubleshooting scenario {186F47EF-626C-4670-800A-4A30756BABAD}, instance {CED9ED40-EFCD-40D3-9FE8-EB8FF5E62ED4}, original activity ID {00000000-0000-0000-0000-000000000000}.  No resolution was set by the diagnostic module.","110","0",,"4","1","14","4611686052787126272","5255","Microsoft-Windows-Diagnosis-DPS","6bba3851-2c7e-4dea-8f54-31e5afd029e3","Microsoft-Windows-Diagnosis-DPS/Operational","1400","3932","rjaf-PC4429","S-1-5-19","5/9/2015 4:59:44 AM","ced9ed40-efcd-40d3-9fe8-eb8ff5e62ed4",,"c:\users\mac_1\desktop\winevt\logs\microsoft-windows-diagnosis-dps%4operational.evtx","System.UInt32[]","System.Diagnostics.Eventing.Reader.EventBookmark","Information","A diagnostic module completed troubleshooting without setting a resolution","Scenario Lifecycle","System.Collections.ObjectModel.ReadOnlyCollection`1[System.String]","System.Collections.Generic.List`1[System.Diagnostics.Eventing.Reader.EventProperty]"
"Diagnostic module {282396B2-6C46-4D66-B413-70B0445DF33C} (%SystemRoot%\system32\diagperf.dll) started troubleshooting scenario {186F47EF-626C-4670-800A-4A30756BABAD}, instance {CED9ED40-EFCD-40D3-9FE8-EB8FF5E62ED4}, original activity ID {00000000-0000-0000-0000-000000000000}.","105","0",,"4","1","13","4611686052787126272","5254","Microsoft-Windows-Diagnosis-DPS","6bba3851-2c7e-4dea-8f54-31e5afd029e3","Microsoft-Windows-Diagnosis-DPS/Operational","1400","3932","rjaf-PC4429","S-1-5-19","5/9/2015 4:59:44 AM","ced9ed40-efcd-40d3-9fe8-eb8ff5e62ed4",,"c:\users\mac_1\desktop\winevt\logs\microsoft-windows-diagnosis-dps%4operational.evtx","System.UInt32[]","System.Diagnostics.Eventing.Reader.EventBookmark","Information","A scenario instance was dispatched for troubleshooting","Scenario Lifecycle","System.Collections.ObjectModel.ReadOnlyCollection`1[System.String]","System.Collections.Generic.List`1[System.Diagnostics.Eventing.Reader.EventProperty]"
"Diagnostic module {282396B2-6C46-4D66-B413-70B0445DF33C} (%SystemRoot%\system32\diagperf.dll) detected a problem for scenario {186F47EF-626C-4670-800A-4A30756BABAD}, instance {CED9ED40-EFCD-40D3-9FE8-EB8FF5E62ED4}, original activity ID {00000000-0000-0000-0000-000000000000}.","100","0",,"4","1","12","4611686052787126272","5253","Microsoft-Windows-Diagnosis-DPS","6bba3851-2c7e-4dea-8f54-31e5afd029e3","Microsoft-Windows-Diagnosis-DPS/Operational","1400","3932","rjaf-PC4429","S-1-5-19","5/9/2015 4:59:44 AM","ced9ed40-efcd-40d3-9fe8-eb8ff5e62ed4",,"c:\users\mac_1\desktop\winevt\logs\microsoft-windows-diagnosis-dps%4operational.evtx","System.UInt32[]","System.Diagnostics.Eventing.Reader.EventBookmark","Information","A diagnostic module detected a problem","Scenario Lifecycle","System.Collections.ObjectModel.ReadOnlyCollection`1[System.String]","System.Collections.Generic.List`1[System.Diagnostics.Eventing.Reader.EventProperty]"
"Diagnostic module {C8544339-5BE9-4F25-862E-485F1B1A6935} (%SystemRoot%\system32\diagperf.dll) finished troubleshooting scenario {86432A0B-3C7D-4DDF-A89C-172FAA90485D}, instance {C53ED83C-16A4-474B-9360-5F1843B9E6EC}, original activity ID {86432A0B-3C7D-4DDF-A89C-172FAA90485D}.  No resolution was set by the diagnostic module.","110","0",,"4","1","14","4611686052787126272","5252","Microsoft-Windows-Diagnosis-DPS","6bba3851-2c7e-4dea-8f54-31e5afd029e3","Microsoft-Windows-Diagnosis-DPS/Operational","1400","2212","rjaf-PC4429","S-1-5-19","5/9/2015 4:47:01 AM","c53ed83c-16a4-474b-9360-5f1843b9e6ec",,"c:\users\mac_1\desktop\winevt\logs\microsoft-windows-diagnosis-dps%4operational.evtx","System.UInt32[]","System.Diagnostics.Eventing.Reader.EventBookmark","Information","A diagnostic module completed troubleshooting without setting a resolution","Scenario Lifecycle","System.Collections.ObjectModel.ReadOnlyCollection`1[System.String]","System.Collections.Generic.List`1[System.Diagnostics.Eventing.Reader.EventProperty]"
"Diagnostic module {15FBA3B8-A37A-4F91-BDBA-FBB98FE804BF} (%SystemRoot%\system32\diagperf.dll) finished troubleshooting scenario {2698178D-FDAD-40AE-9D3C-1371703ADC5B}, instance {07168A55-27F0-4B98-A55D-CA3AC7858E47}, original activity ID {2698178D-FDAD-40AE-9D3C-1371703ADC5B}.  No resolution was set by the diagnostic module.","110","0",,"4","1","14","4611686052787126272","5251","Microsoft-Windows-Diagnosis-DPS","6bba3851-2c7e-4dea-8f54-31e5afd029e3","Microsoft-Windows-Diagnosis-DPS/Operational","1400","2212","rjaf-PC4429","S-1-5-19","5/9/2015 4:47:01 AM","07168a55-27f0-4b98-a55d-ca3ac7858e47",,"c:\users\mac_1\desktop\winevt\logs\microsoft-windows-diagnosis-dps%4operational.evtx","System.UInt32[]","System.Diagnostics.Eventing.Reader.EventBookmark","Information","A diagnostic module completed troubleshooting without setting a resolution","Scenario Lifecycle","System.Collections.ObjectModel.ReadOnlyCollection`1[System.String]","System.Collections.Generic.List`1[System.Diagnostics.Eventing.Reader.EventProperty]"
"Diagnostic module {C8544339-5BE9-4F25-862E-485F1B1A6935} (%SystemRoot%\system32\diagperf.dll) started troubleshooting scenario {86432A0B-3C7D-4DDF-A89C-172FAA90485D}, instance {C53ED83C-16A4-474B-9360-5F1843B9E6EC}, original activity ID {86432A0B-3C7D-4DDF-A89C-172FAA90485D}.","105","0",,"4","1","13","4611686052787126272","5250","Microsoft-Windows-Diagnosis-DPS","6bba3851-2c7e-4dea-8f54-31e5afd029e3","Microsoft-Windows-Diagnosis-DPS/Operational","1400","2212","rjaf-PC4429","S-1-5-19","5/9/2015 4:47:00 AM","c53ed83c-16a4-474b-9360-5f1843b9e6ec",,"c:\users\mac_1\desktop\winevt\logs\microsoft-windows-diagnosis-dps%4operational.evtx","System.UInt32[]","System.Diagnostics.Eventing.Reader.EventBookmark","Information","A scenario instance was dispatched for troubleshooting","Scenario Lifecycle","System.Collections.ObjectModel.ReadOnlyCollection`1[System.String]","System.Collections.Generic.List`1[System.Diagnostics.Eventing.Reader.EventProperty]"
"Diagnostic module {C8544339-5BE9-4F25-862E-485F1B1A6935} (%SystemRoot%\system32\diagperf.dll) detected a problem for scenario {86432A0B-3C7D-4DDF-A89C-172FAA90485D}, instance {C53ED83C-16A4-474B-9360-5F1843B9E6EC}, original activity ID {86432A0B-3C7D-4DDF-A89C-172FAA90485D}.","100","0",,"4","1","12","4611686052787126272","5249","Microsoft-Windows-Diagnosis-DPS","6bba3851-2c7e-4dea-8f54-31e5afd029e3","Microsoft-Windows-Diagnosis-DPS/Operational","1400","2212","rjaf-PC4429","S-1-5-19","5/9/2015 4:47:00 AM","c53ed83c-16a4-474b-9360-5f1843b9e6ec",,"c:\users\mac_1\desktop\winevt\logs\microsoft-windows-diagnosis-dps%4operational.evtx","System.UInt32[]","System.Diagnostics.Eventing.Reader.EventBookmark","Information","A diagnostic module detected a problem","Scenario Lifecycle","System.Collections.ObjectModel.ReadOnlyCollection`1[System.String]","System.Collections.Generic.List`1[System.Diagnostics.Eventing.Reader.EventProperty]"
