"Windows has resumed from standby: 
     Standby Duration		:	8496ms
     Standby Incident Time (UTC)	:	?2015?-?06?-?02T21:43:36.562606400Z
     Resume  Duration		:	1265ms
     Resume  Incident Time (UTC)	:	?2015?-?06?-?03T05:11:28.083306000Z
     IsDegradation			:	false","300","1",,"3","4003","36","-9223372036854710272","2666","Microsoft-Windows-Diagnostics-Performance","cfc18ec0-96b1-4eba-961b-622caee05b0a","Microsoft-Windows-Diagnostics-Performance/Operational","1776","3876","rjaf-PC4429","S-1-5-19","6/2/2015 10:11:40 PM","85f1b724-5e4f-0001-9b88-b7dbf49cd001",,"c:\users\mac_1\desktop\winevt\logs\microsoft-windows-diagnostics-performance%4operational.evtx","System.UInt32[]","System.Diagnostics.Eventing.Reader.EventBookmark","Warning","Standby Information","Standby Performance Monitoring","System.Collections.ObjectModel.ReadOnlyCollection`1[System.String]","System.Collections.Generic.List`1[System.Diagnostics.Eventing.Reader.EventProperty]"
"Windows has resumed from standby: 
     Standby Duration		:	12487ms
     Standby Incident Time (UTC)	:	?2015?-?06?-?02T15:54:53.055494500Z
     Resume  Duration		:	1261ms
     Resume  Incident Time (UTC)	:	?2015?-?06?-?02T19:10:02.088393300Z
     IsDegradation			:	false","300","1",,"3","4003","36","-9223372036854710272","2665","Microsoft-Windows-Diagnostics-Performance","cfc18ec0-96b1-4eba-961b-622caee05b0a","Microsoft-Windows-Diagnostics-Performance/Operational","1776","3664","rjaf-PC4429","S-1-5-19","6/2/2015 12:10:11 PM","85f1cc9c-5e4f-0003-f188-b7dbf49cd001",,"c:\users\mac_1\desktop\winevt\logs\microsoft-windows-diagnostics-performance%4operational.evtx","System.UInt32[]","System.Diagnostics.Eventing.Reader.EventBookmark","Warning","Standby Information","Standby Performance Monitoring","System.Collections.ObjectModel.ReadOnlyCollection`1[System.String]","System.Collections.Generic.List`1[System.Diagnostics.Eventing.Reader.EventProperty]"
"Windows has started up: 
     Boot Duration		:	54368ms
     IsDegradation		:	false
     Incident Time (UTC)	:	?2015?-?06?-?02T05:27:46.593600100Z","100","2",,"3","4002","34","-9223372036854710272","2664","Microsoft-Windows-Diagnostics-Performance","cfc18ec0-96b1-4eba-961b-622caee05b0a","Microsoft-Windows-Diagnostics-Performance/Operational","1776","3228","rjaf-PC4429","S-1-5-19","6/1/2015 10:29:45 PM","85f1c364-5e4f-0002-8988-b7dbf49cd001",,"c:\users\mac_1\desktop\winevt\logs\microsoft-windows-diagnostics-performance%4operational.evtx","System.UInt32[]","System.Diagnostics.Eventing.Reader.EventBookmark","Warning","Boot Information","Boot Performance Monitoring","System.Collections.ObjectModel.ReadOnlyCollection`1[System.String]","System.Collections.Generic.List`1[System.Diagnostics.Eventing.Reader.EventProperty]"
"Windows has resumed from standby: 
     Standby Duration		:	9980ms
     Standby Incident Time (UTC)	:	?2015?-?06?-?01T15:21:41.667406200Z
     Resume  Duration		:	1330ms
     Resume  Incident Time (UTC)	:	?2015?-?06?-?01T19:25:41.298815500Z
     IsDegradation			:	false","300","1",,"3","4003","36","-9223372036854710272","2663","Microsoft-Windows-Diagnostics-Performance","cfc18ec0-96b1-4eba-961b-622caee05b0a","Microsoft-Windows-Diagnostics-Performance/Operational","1756","3436","rjaf-PC4429","S-1-5-19","6/1/2015 12:25:52 PM","85f03c9c-fe4f-0003-d992-08f7279cd001",,"c:\users\mac_1\desktop\winevt\logs\microsoft-windows-diagnostics-performance%4operational.evtx","System.UInt32[]","System.Diagnostics.Eventing.Reader.EventBookmark","Warning","Standby Information","Standby Performance Monitoring","System.Collections.ObjectModel.ReadOnlyCollection`1[System.String]","System.Collections.Generic.List`1[System.Diagnostics.Eventing.Reader.EventProperty]"
"Windows has resumed from standby: 
     Standby Duration		:	13192ms
     Standby Incident Time (UTC)	:	?2015?-?06?-?01T09:30:12.195560300Z
     Resume  Duration		:	1262ms
     Resume  Incident Time (UTC)	:	?2015?-?06?-?01T09:34:56.100043000Z
     IsDegradation			:	false","300","1",,"3","4003","36","-9223372036854710272","2662","Microsoft-Windows-Diagnostics-Performance","cfc18ec0-96b1-4eba-961b-622caee05b0a","Microsoft-Windows-Diagnostics-Performance/Operational","1756","5296","rjaf-PC4429","S-1-5-19","6/1/2015 2:35:04 AM","85f03c9c-fe4f-0003-2692-08f7279cd001",,"c:\users\mac_1\desktop\winevt\logs\microsoft-windows-diagnostics-performance%4operational.evtx","System.UInt32[]","System.Diagnostics.Eventing.Reader.EventBookmark","Warning","Standby Information","Standby Performance Monitoring","System.Collections.ObjectModel.ReadOnlyCollection`1[System.String]","System.Collections.Generic.List`1[System.Diagnostics.Eventing.Reader.EventProperty]"
"This startup service took longer than expected to startup, resulting in a performance degradation in the system start up process: 
     File Name		:	cscservice
     Friendly Name		:	CSC Service DLL
     Version		:	6.1.7600.16385 (win7_rtm.090713-1255)
     Total Time		:	273ms
     Degradation Time	:	493ms
     Incident Time (UTC)	:	?2015?-?06?-?01T05:01:05.593600100Z","103","1",,"3","4002","33","-9223372036854710272","2661","Microsoft-Windows-Diagnostics-Performance","cfc18ec0-96b1-4eba-961b-622caee05b0a","Microsoft-Windows-Diagnostics-Performance/Operational","1756","2308","rjaf-PC4429","S-1-5-19","5/31/2015 10:03:14 PM","85f03c9c-fe4f-0003-0392-08f7279cd001",,"c:\users\mac_1\desktop\winevt\logs\microsoft-windows-diagnostics-performance%4operational.evtx","System.UInt32[]","System.Diagnostics.Eventing.Reader.EventBookmark","Warning","Boot Degradation","Boot Performance Monitoring","System.Collections.ObjectModel.ReadOnlyCollection`1[System.String]","System.Collections.Generic.List`1[System.Diagnostics.Eventing.Reader.EventProperty]"
"Windows has started up: 
     Boot Duration		:	32732ms
     IsDegradation		:	false
     Incident Time (UTC)	:	?2015?-?06?-?01T05:01:05.593600100Z","100","2",,"3","4002","34","-9223372036854710272","2660","Microsoft-Windows-Diagnostics-Performance","cfc18ec0-96b1-4eba-961b-622caee05b0a","Microsoft-Windows-Diagnostics-Performance/Operational","1756","2308","rjaf-PC4429","S-1-5-19","5/31/2015 10:03:14 PM","85f03c9c-fe4f-0003-0392-08f7279cd001",,"c:\users\mac_1\desktop\winevt\logs\microsoft-windows-diagnostics-performance%4operational.evtx","System.UInt32[]","System.Diagnostics.Eventing.Reader.EventBookmark","Warning","Boot Information","Boot Performance Monitoring","System.Collections.ObjectModel.ReadOnlyCollection`1[System.String]","System.Collections.Generic.List`1[System.Diagnostics.Eventing.Reader.EventProperty]"
"Windows has resumed from standby: 
     Standby Duration		:	20173ms
     Standby Incident Time (UTC)	:	?2015?-?05?-?31T15:18:38.934264200Z
     Resume  Duration		:	1267ms
     Resume  Incident Time (UTC)	:	?2015?-?05?-?31T19:01:02.879843500Z
     IsDegradation			:	false","300","1",,"2","4003","36","-9223372036854710272","2659","Microsoft-Windows-Diagnostics-Performance","cfc18ec0-96b1-4eba-961b-622caee05b0a","Microsoft-Windows-Diagnostics-Performance/Operational","1760","3540","rjaf-PC4429","S-1-5-19","5/31/2015 12:01:45 PM","85f03c9c-de4f-0003-fa45-8ff2f797d001",,"c:\users\mac_1\desktop\winevt\logs\microsoft-windows-diagnostics-performance%4operational.evtx","System.UInt32[]","System.Diagnostics.Eventing.Reader.EventBookmark","Error","Standby Information","Standby Performance Monitoring","System.Collections.ObjectModel.ReadOnlyCollection`1[System.String]","System.Collections.Generic.List`1[System.Diagnostics.Eventing.Reader.EventProperty]"
"Windows has resumed from standby: 
     Standby Duration		:	14915ms
     Standby Incident Time (UTC)	:	?2015?-?05?-?31T11:36:54.649568100Z
     Resume  Duration		:	1236ms
     Resume  Incident Time (UTC)	:	?2015?-?05?-?31T12:53:52.423900700Z
     IsDegradation			:	false","300","1",,"3","4003","36","-9223372036854710272","2658","Microsoft-Windows-Diagnostics-Performance","cfc18ec0-96b1-4eba-961b-622caee05b0a","Microsoft-Windows-Diagnostics-Performance/Operational","1760","2928","rjaf-PC4429","S-1-5-19","5/31/2015 5:54:35 AM","85f03364-de4f-0002-3545-8ff2f797d001",,"c:\users\mac_1\desktop\winevt\logs\microsoft-windows-diagnostics-performance%4operational.evtx","System.UInt32[]","System.Diagnostics.Eventing.Reader.EventBookmark","Warning","Standby Information","Standby Performance Monitoring","System.Collections.ObjectModel.ReadOnlyCollection`1[System.String]","System.Collections.Generic.List`1[System.Diagnostics.Eventing.Reader.EventProperty]"
"Windows has resumed from standby: 
     Standby Duration		:	11969ms
     Standby Incident Time (UTC)	:	?2015?-?05?-?30T12:07:31.794665400Z
     Resume  Duration		:	1260ms
     Resume  Incident Time (UTC)	:	?2015?-?05?-?31T07:14:09.342245400Z
     IsDegradation			:	false","300","1",,"3","4003","36","-9223372036854710272","2657","Microsoft-Windows-Diagnostics-Performance","cfc18ec0-96b1-4eba-961b-622caee05b0a","Microsoft-Windows-Diagnostics-Performance/Operational","1760","4048","rjaf-PC4429","S-1-5-19","5/31/2015 12:14:46 AM","00000000-5b28-0000-7344-8ff2f797d001",,"c:\users\mac_1\desktop\winevt\logs\microsoft-windows-diagnostics-performance%4operational.evtx","System.UInt32[]","System.Diagnostics.Eventing.Reader.EventBookmark","Warning","Standby Information","Standby Performance Monitoring","System.Collections.ObjectModel.ReadOnlyCollection`1[System.String]","System.Collections.Generic.List`1[System.Diagnostics.Eventing.Reader.EventProperty]"
"This application caused a delay during standby: 
     File Name		:	LiveUpd.exe
     Friendly Name		:	
     Version		:	
     Total Time		:	6023ms
     Degradation Time	:	5023ms
     Incident Time (UTC)	:	?2015?-?05?-?28T15:48:46.539610700Z","301","1",,"2","4003","35","-9223372036854710272","2656","Microsoft-Windows-Diagnostics-Performance","cfc18ec0-96b1-4eba-961b-622caee05b0a","Microsoft-Windows-Diagnostics-Performance/Operational","1760","5840","rjaf-PC4429","S-1-5-19","5/30/2015 2:31:54 AM","00000000-5b28-0000-6b44-8ff2f797d001",,"c:\users\mac_1\desktop\winevt\logs\microsoft-windows-diagnostics-performance%4operational.evtx","System.UInt32[]","System.Diagnostics.Eventing.Reader.EventBookmark","Error","Standby Degradation","Standby Performance Monitoring","System.Collections.ObjectModel.ReadOnlyCollection`1[System.String]","System.Collections.Generic.List`1[System.Diagnostics.Eventing.Reader.EventProperty]"
"Windows has resumed from standby: 
     Standby Duration		:	15242ms
     Standby Incident Time (UTC)	:	?2015?-?05?-?28T15:48:46.539610700Z
     Resume  Duration		:	1250ms
     Resume  Incident Time (UTC)	:	?2015?-?05?-?30T09:31:21.282867000Z
     IsDegradation			:	false","300","1",,"3","4003","36","-9223372036854710272","2655","Microsoft-Windows-Diagnostics-Performance","cfc18ec0-96b1-4eba-961b-622caee05b0a","Microsoft-Windows-Diagnostics-Performance/Operational","1760","5840","rjaf-PC4429","S-1-5-19","5/30/2015 2:31:54 AM","00000000-5b28-0000-6b44-8ff2f797d001",,"c:\users\mac_1\desktop\winevt\logs\microsoft-windows-diagnostics-performance%4operational.evtx","System.UInt32[]","System.Diagnostics.Eventing.Reader.EventBookmark","Warning","Standby Information","Standby Performance Monitoring","System.Collections.ObjectModel.ReadOnlyCollection`1[System.String]","System.Collections.Generic.List`1[System.Diagnostics.Eventing.Reader.EventProperty]"
"Windows has resumed from standby: 
     Standby Duration		:	8885ms
     Standby Incident Time (UTC)	:	?2015?-?05?-?28T11:41:17.530852700Z
     Resume  Duration		:	1243ms
     Resume  Incident Time (UTC)	:	?2015?-?05?-?28T13:48:19.011292500Z
     IsDegradation			:	false","300","1",,"3","4003","36","-9223372036854710272","2654","Microsoft-Windows-Diagnostics-Performance","cfc18ec0-96b1-4eba-961b-622caee05b0a","Microsoft-Windows-Diagnostics-Performance/Operational","1760","5080","rjaf-PC4429","S-1-5-19","5/28/2015 6:48:36 AM","85f03c9c-de4f-0003-7245-8ff2f797d001",,"c:\users\mac_1\desktop\winevt\logs\microsoft-windows-diagnostics-performance%4operational.evtx","System.UInt32[]","System.Diagnostics.Eventing.Reader.EventBookmark","Warning","Standby Information","Standby Performance Monitoring","System.Collections.ObjectModel.ReadOnlyCollection`1[System.String]","System.Collections.Generic.List`1[System.Diagnostics.Eventing.Reader.EventProperty]"
"Windows has resumed from standby: 
     Standby Duration		:	18893ms
     Standby Incident Time (UTC)	:	?2015?-?05?-?27T23:01:05.400237700Z
     Resume  Duration		:	1241ms
     Resume  Incident Time (UTC)	:	?2015?-?05?-?28T05:19:32.430535600Z
     IsDegradation			:	false","300","1",,"3","4003","36","-9223372036854710272","2653","Microsoft-Windows-Diagnostics-Performance","cfc18ec0-96b1-4eba-961b-622caee05b0a","Microsoft-Windows-Diagnostics-Performance/Operational","1760","544","rjaf-PC4429","S-1-5-19","5/27/2015 10:19:51 PM","00000000-5b28-0000-6744-8ff2f797d001",,"c:\users\mac_1\desktop\winevt\logs\microsoft-windows-diagnostics-performance%4operational.evtx","System.UInt32[]","System.Diagnostics.Eventing.Reader.EventBookmark","Warning","Standby Information","Standby Performance Monitoring","System.Collections.ObjectModel.ReadOnlyCollection`1[System.String]","System.Collections.Generic.List`1[System.Diagnostics.Eventing.Reader.EventProperty]"
"Windows has resumed from standby: 
     Standby Duration		:	8993ms
     Standby Incident Time (UTC)	:	?2015?-?05?-?27T16:28:36.573544500Z
     Resume  Duration		:	1260ms
     Resume  Incident Time (UTC)	:	?2015?-?05?-?27T18:33:59.100607900Z
     IsDegradation			:	false","300","1",,"3","4003","36","-9223372036854710272","2652","Microsoft-Windows-Diagnostics-Performance","cfc18ec0-96b1-4eba-961b-622caee05b0a","Microsoft-Windows-Diagnostics-Performance/Operational","1760","3652","rjaf-PC4429","S-1-5-19","5/27/2015 11:34:11 AM","85f03c9c-de4f-0003-f944-8ff2f797d001",,"c:\users\mac_1\desktop\winevt\logs\microsoft-windows-diagnostics-performance%4operational.evtx","System.UInt32[]","System.Diagnostics.Eventing.Reader.EventBookmark","Warning","Standby Information","Standby Performance Monitoring","System.Collections.ObjectModel.ReadOnlyCollection`1[System.String]","System.Collections.Generic.List`1[System.Diagnostics.Eventing.Reader.EventProperty]"
"Windows has resumed from standby: 
     Standby Duration		:	16922ms
     Standby Incident Time (UTC)	:	?2015?-?05?-?27T14:13:21.889019300Z
     Resume  Duration		:	1252ms
     Resume  Incident Time (UTC)	:	?2015?-?05?-?27T14:24:19.052662800Z
     IsDegradation			:	true","300","1",,"3","4003","36","-9223372036854710272","2651","Microsoft-Windows-Diagnostics-Performance","cfc18ec0-96b1-4eba-961b-622caee05b0a","Microsoft-Windows-Diagnostics-Performance/Operational","1760","3208","rjaf-PC4429","S-1-5-19","5/27/2015 7:24:31 AM","00000000-5b28-0000-6144-8ff2f797d001",,"c:\users\mac_1\desktop\winevt\logs\microsoft-windows-diagnostics-performance%4operational.evtx","System.UInt32[]","System.Diagnostics.Eventing.Reader.EventBookmark","Warning","Standby Information","Standby Performance Monitoring","System.Collections.ObjectModel.ReadOnlyCollection`1[System.String]","System.Collections.Generic.List`1[System.Diagnostics.Eventing.Reader.EventProperty]"
"This driver responded slower than expected to the resume request while servicing this device: 
     Driver File Name		:	\Driver\ACPI
     Driver Friendly Name		:	ACPI Driver for NT
     Driver Version			:	6.1.7600.16385 (win7_rtm.090713-1255)
     Driver Total Time		:	31ms
     Driver Degradation Time	:	7ms
     Incident Time (UTC)		:	?2015?-?05?-?27T05:48:21.017864800Z
     Device Name			:	PCI\VEN_8086&DEV_1C14&SUBSYS_204E8086&REV_B5\3&11583659&0&E2
     Device Friendly Name		:	Intel(R) 6 Series/C200 Series Chipset Family PCI Express Root Port 3 - 1C14
     Device Total Time		:	41ms
     Device Degradation Time	:	0ms","351","1",,"3","4003","35","-9223372036854710272","2650","Microsoft-Windows-Diagnostics-Performance","cfc18ec0-96b1-4eba-961b-622caee05b0a","Microsoft-Windows-Diagnostics-Performance/Operational","1760","5712","rjaf-PC4429","S-1-5-19","5/26/2015 10:48:30 PM","00000000-5b28-0000-1c44-8ff2f797d001",,"c:\users\mac_1\desktop\winevt\logs\microsoft-windows-diagnostics-performance%4operational.evtx","System.UInt32[]","System.Diagnostics.Eventing.Reader.EventBookmark","Warning","Standby Degradation","Standby Performance Monitoring","System.Collections.ObjectModel.ReadOnlyCollection`1[System.String]","System.Collections.Generic.List`1[System.Diagnostics.Eventing.Reader.EventProperty]"
"Windows has resumed from standby: 
     Standby Duration		:	14168ms
     Standby Incident Time (UTC)	:	?2015?-?05?-?26T23:24:10.029428500Z
     Resume  Duration		:	1260ms
     Resume  Incident Time (UTC)	:	?2015?-?05?-?27T05:48:21.017864800Z
     IsDegradation			:	false","300","1",,"3","4003","36","-9223372036854710272","2649","Microsoft-Windows-Diagnostics-Performance","cfc18ec0-96b1-4eba-961b-622caee05b0a","Microsoft-Windows-Diagnostics-Performance/Operational","1760","5712","rjaf-PC4429","S-1-5-19","5/26/2015 10:48:30 PM","00000000-5b28-0000-1c44-8ff2f797d001",,"c:\users\mac_1\desktop\winevt\logs\microsoft-windows-diagnostics-performance%4operational.evtx","System.UInt32[]","System.Diagnostics.Eventing.Reader.EventBookmark","Warning","Standby Information","Standby Performance Monitoring","System.Collections.ObjectModel.ReadOnlyCollection`1[System.String]","System.Collections.Generic.List`1[System.Diagnostics.Eventing.Reader.EventProperty]"
"This application took longer than usual to start up, resulting in a performance degradation in the system startup process: 
     File Name		:	svchost.exe
     Friendly Name		:	Host Process for Windows Services
     Version		:	6.1.7600.16385 (win7_rtm.090713-1255)
     Total Time		:	284ms
     Degradation Time	:	361ms
     Incident Time (UTC)	:	?2015?-?05?-?26T21:07:17.593600100Z","101","1",,"3","4002","33","-9223372036854710272","2648","Microsoft-Windows-Diagnostics-Performance","cfc18ec0-96b1-4eba-961b-622caee05b0a","Microsoft-Windows-Diagnostics-Performance/Operational","1760","2948","rjaf-PC4429","S-1-5-19","5/26/2015 2:09:15 PM","85f03364-de4f-0002-0344-8ff2f797d001",,"c:\users\mac_1\desktop\winevt\logs\microsoft-windows-diagnostics-performance%4operational.evtx","System.UInt32[]","System.Diagnostics.Eventing.Reader.EventBookmark","Warning","Boot Degradation","Boot Performance Monitoring","System.Collections.ObjectModel.ReadOnlyCollection`1[System.String]","System.Collections.Generic.List`1[System.Diagnostics.Eventing.Reader.EventProperty]"
"Windows has started up: 
     Boot Duration		:	35011ms
     IsDegradation		:	false
     Incident Time (UTC)	:	?2015?-?05?-?26T21:07:17.593600100Z","100","2",,"3","4002","34","-9223372036854710272","2647","Microsoft-Windows-Diagnostics-Performance","cfc18ec0-96b1-4eba-961b-622caee05b0a","Microsoft-Windows-Diagnostics-Performance/Operational","1760","2948","rjaf-PC4429","S-1-5-19","5/26/2015 2:09:15 PM","85f03364-de4f-0002-0344-8ff2f797d001",,"c:\users\mac_1\desktop\winevt\logs\microsoft-windows-diagnostics-performance%4operational.evtx","System.UInt32[]","System.Diagnostics.Eventing.Reader.EventBookmark","Warning","Boot Information","Boot Performance Monitoring","System.Collections.ObjectModel.ReadOnlyCollection`1[System.String]","System.Collections.Generic.List`1[System.Diagnostics.Eventing.Reader.EventProperty]"
"Windows has shutdown: 
     Shutdown Duration	:	20850ms
     IsDegradation		:	false
     Incident Time (UTC)	:	?2015?-?05?-?26T21:06:39.880316500Z","200","1",,"3","4007","40","-9223372036854710272","2646","Microsoft-Windows-Diagnostics-Performance","cfc18ec0-96b1-4eba-961b-622caee05b0a","Microsoft-Windows-Diagnostics-Performance/Operational","1760","2960","rjaf-PC4429","S-1-5-19","5/26/2015 2:09:15 PM","85f02724-de4f-0001-0844-8ff2f797d001",,"c:\users\mac_1\desktop\winevt\logs\microsoft-windows-diagnostics-performance%4operational.evtx","System.UInt32[]","System.Diagnostics.Eventing.Reader.EventBookmark","Warning","Shutdown Information","Shutdown Performance Monitoring","System.Collections.ObjectModel.ReadOnlyCollection`1[System.String]","System.Collections.Generic.List`1[System.Diagnostics.Eventing.Reader.EventProperty]"
"This startup service took longer than expected to startup, resulting in a performance degradation in the system start up process: 
     File Name		:	audioendpointbuilder
     Friendly Name		:	Windows Audio Service
     Version		:	6.1.7600.16385 (win7_rtm.090713-1255)
     Total Time		:	165ms
     Degradation Time	:	222ms
     Incident Time (UTC)	:	?2015?-?05?-?26T07:43:33.593600100Z","103","1",,"3","4002","33","-9223372036854710272","2645","Microsoft-Windows-Diagnostics-Performance","cfc18ec0-96b1-4eba-961b-622caee05b0a","Microsoft-Windows-Diagnostics-Performance/Operational","1760","3576","rjaf-PC4429","S-1-5-19","5/26/2015 12:45:46 AM","85f03364-3e4f-0002-1dd4-d0aa8797d001",,"c:\users\mac_1\desktop\winevt\logs\microsoft-windows-diagnostics-performance%4operational.evtx","System.UInt32[]","System.Diagnostics.Eventing.Reader.EventBookmark","Warning","Boot Degradation","Boot Performance Monitoring","System.Collections.ObjectModel.ReadOnlyCollection`1[System.String]","System.Collections.Generic.List`1[System.Diagnostics.Eventing.Reader.EventProperty]"
"This application took longer than usual to start up, resulting in a performance degradation in the system startup process: 
     File Name		:	MsMpEng.exe
     Friendly Name		:	Service Executable
     Version		:	1.5.1937.0
     Total Time		:	9391ms
     Degradation Time	:	6630ms
     Incident Time (UTC)	:	?2015?-?05?-?26T07:43:33.593600100Z","101","1",,"3","4002","33","-9223372036854710272","2644","Microsoft-Windows-Diagnostics-Performance","cfc18ec0-96b1-4eba-961b-622caee05b0a","Microsoft-Windows-Diagnostics-Performance/Operational","1760","3576","rjaf-PC4429","S-1-5-19","5/26/2015 12:45:46 AM","85f03364-3e4f-0002-1dd4-d0aa8797d001",,"c:\users\mac_1\desktop\winevt\logs\microsoft-windows-diagnostics-performance%4operational.evtx","System.UInt32[]","System.Diagnostics.Eventing.Reader.EventBookmark","Warning","Boot Degradation","Boot Performance Monitoring","System.Collections.ObjectModel.ReadOnlyCollection`1[System.String]","System.Collections.Generic.List`1[System.Diagnostics.Eventing.Reader.EventProperty]"
"Windows has started up: 
     Boot Duration		:	74316ms
     IsDegradation		:	false
     Incident Time (UTC)	:	?2015?-?05?-?26T07:43:33.593600100Z","100","2",,"2","4002","34","-9223372036854710272","2643","Microsoft-Windows-Diagnostics-Performance","cfc18ec0-96b1-4eba-961b-622caee05b0a","Microsoft-Windows-Diagnostics-Performance/Operational","1760","3576","rjaf-PC4429","S-1-5-19","5/26/2015 12:45:46 AM","85f03364-3e4f-0002-1dd4-d0aa8797d001",,"c:\users\mac_1\desktop\winevt\logs\microsoft-windows-diagnostics-performance%4operational.evtx","System.UInt32[]","System.Diagnostics.Eventing.Reader.EventBookmark","Error","Boot Information","Boot Performance Monitoring","System.Collections.ObjectModel.ReadOnlyCollection`1[System.String]","System.Collections.Generic.List`1[System.Diagnostics.Eventing.Reader.EventProperty]"
"Windows has resumed from standby: 
     Standby Duration		:	8819ms
     Standby Incident Time (UTC)	:	?2015?-?05?-?25T15:08:28.841814000Z
     Resume  Duration		:	1240ms
     Resume  Incident Time (UTC)	:	?2015?-?05?-?25T17:50:09.252688700Z
     IsDegradation			:	false","300","1",,"3","4003","36","-9223372036854710272","2642","Microsoft-Windows-Diagnostics-Performance","cfc18ec0-96b1-4eba-961b-622caee05b0a","Microsoft-Windows-Diagnostics-Performance/Operational","1604","3968","rjaf-PC4429","S-1-5-19","5/25/2015 10:50:19 AM","85f02724-0e4f-0001-5ce2-07e3b596d001",,"c:\users\mac_1\desktop\winevt\logs\microsoft-windows-diagnostics-performance%4operational.evtx","System.UInt32[]","System.Diagnostics.Eventing.Reader.EventBookmark","Warning","Standby Information","Standby Performance Monitoring","System.Collections.ObjectModel.ReadOnlyCollection`1[System.String]","System.Collections.Generic.List`1[System.Diagnostics.Eventing.Reader.EventProperty]"
"Windows has resumed from standby: 
     Standby Duration		:	13884ms
     Standby Incident Time (UTC)	:	?2015?-?05?-?25T11:02:59.590203700Z
     Resume  Duration		:	1275ms
     Resume  Incident Time (UTC)	:	?2015?-?05?-?25T12:07:18.592503900Z
     IsDegradation			:	false","300","1",,"3","4003","36","-9223372036854710272","2641","Microsoft-Windows-Diagnostics-Performance","cfc18ec0-96b1-4eba-961b-622caee05b0a","Microsoft-Windows-Diagnostics-Performance/Operational","1604","3360","rjaf-PC4429","S-1-5-19","5/25/2015 5:07:26 AM","85f02724-0e4f-0001-3be2-07e3b596d001",,"c:\users\mac_1\desktop\winevt\logs\microsoft-windows-diagnostics-performance%4operational.evtx","System.UInt32[]","System.Diagnostics.Eventing.Reader.EventBookmark","Warning","Standby Information","Standby Performance Monitoring","System.Collections.ObjectModel.ReadOnlyCollection`1[System.String]","System.Collections.Generic.List`1[System.Diagnostics.Eventing.Reader.EventProperty]"
"Windows has started up: 
     Boot Duration		:	80713ms
     IsDegradation		:	false
     Incident Time (UTC)	:	?2015?-?05?-?25T06:41:53.593600100Z","100","2",,"2","4002","34","-9223372036854710272","2640","Microsoft-Windows-Diagnostics-Performance","cfc18ec0-96b1-4eba-961b-622caee05b0a","Microsoft-Windows-Diagnostics-Performance/Operational","1604","3524","rjaf-PC4429","S-1-5-19","5/24/2015 11:44:00 PM","85f03364-0e4f-0002-04e2-07e3b596d001",,"c:\users\mac_1\desktop\winevt\logs\microsoft-windows-diagnostics-performance%4operational.evtx","System.UInt32[]","System.Diagnostics.Eventing.Reader.EventBookmark","Error","Boot Information","Boot Performance Monitoring","System.Collections.ObjectModel.ReadOnlyCollection`1[System.String]","System.Collections.Generic.List`1[System.Diagnostics.Eventing.Reader.EventProperty]"
"Windows has resumed from standby: 
     Standby Duration		:	14297ms
     Standby Incident Time (UTC)	:	?2015?-?05?-?24T15:48:54.792108500Z
     Resume  Duration		:	1285ms
     Resume  Incident Time (UTC)	:	?2015?-?05?-?24T17:35:55.440826000Z
     IsDegradation			:	false","300","1",,"3","4003","36","-9223372036854710272","2639","Microsoft-Windows-Diagnostics-Performance","cfc18ec0-96b1-4eba-961b-622caee05b0a","Microsoft-Windows-Diagnostics-Performance/Operational","1808","5180","rjaf-PC4429","S-1-5-19","5/24/2015 10:36:04 AM","00000000-9b28-0000-afbd-29fdec95d001",,"c:\users\mac_1\desktop\winevt\logs\microsoft-windows-diagnostics-performance%4operational.evtx","System.UInt32[]","System.Diagnostics.Eventing.Reader.EventBookmark","Warning","Standby Information","Standby Performance Monitoring","System.Collections.ObjectModel.ReadOnlyCollection`1[System.String]","System.Collections.Generic.List`1[System.Diagnostics.Eventing.Reader.EventProperty]"
"Background optimizations (prefetching) took longer to complete, resulting in a performance degradation in the system start up process: 
     Name		:	BackgroundPrefetchTime
     Total Time		:	37295ms
     Degradation Time	:	11640ms
     Incident Time (UTC)	:	?2015?-?05?-?24T06:43:48.593600100Z","106","1",,"2","4002","33","-9223372036854710272","2638","Microsoft-Windows-Diagnostics-Performance","cfc18ec0-96b1-4eba-961b-622caee05b0a","Microsoft-Windows-Diagnostics-Performance/Operational","1808","2544","rjaf-PC4429","S-1-5-19","5/23/2015 11:45:55 PM","85f02724-1e4f-0001-84bd-29fdec95d001",,"c:\users\mac_1\desktop\winevt\logs\microsoft-windows-diagnostics-performance%4operational.evtx","System.UInt32[]","System.Diagnostics.Eventing.Reader.EventBookmark","Error","Boot Degradation","Boot Performance Monitoring","System.Collections.ObjectModel.ReadOnlyCollection`1[System.String]","System.Collections.Generic.List`1[System.Diagnostics.Eventing.Reader.EventProperty]"
"This application took longer than usual to start up, resulting in a performance degradation in the system startup process: 
     File Name		:	MsMpEng.exe
     Friendly Name		:	Service Executable
     Version		:	1.5.1937.0
     Total Time		:	494ms
     Degradation Time	:	942ms
     Incident Time (UTC)	:	?2015?-?05?-?24T06:43:48.593600100Z","101","1",,"3","4002","33","-9223372036854710272","2637","Microsoft-Windows-Diagnostics-Performance","cfc18ec0-96b1-4eba-961b-622caee05b0a","Microsoft-Windows-Diagnostics-Performance/Operational","1808","2544","rjaf-PC4429","S-1-5-19","5/23/2015 11:45:55 PM","85f02724-1e4f-0001-84bd-29fdec95d001",,"c:\users\mac_1\desktop\winevt\logs\microsoft-windows-diagnostics-performance%4operational.evtx","System.UInt32[]","System.Diagnostics.Eventing.Reader.EventBookmark","Warning","Boot Degradation","Boot Performance Monitoring","System.Collections.ObjectModel.ReadOnlyCollection`1[System.String]","System.Collections.Generic.List`1[System.Diagnostics.Eventing.Reader.EventProperty]"
"This application took longer than usual to start up, resulting in a performance degradation in the system startup process: 
     File Name		:	chrome.exe
     Friendly Name		:	Google Chrome
     Version		:	43.0.2357.65
     Total Time		:	6156ms
     Degradation Time	:	1092ms
     Incident Time (UTC)	:	?2015?-?05?-?24T06:43:48.593600100Z","101","1",,"3","4002","33","-9223372036854710272","2636","Microsoft-Windows-Diagnostics-Performance","cfc18ec0-96b1-4eba-961b-622caee05b0a","Microsoft-Windows-Diagnostics-Performance/Operational","1808","2544","rjaf-PC4429","S-1-5-19","5/23/2015 11:45:55 PM","85f02724-1e4f-0001-84bd-29fdec95d001",,"c:\users\mac_1\desktop\winevt\logs\microsoft-windows-diagnostics-performance%4operational.evtx","System.UInt32[]","System.Diagnostics.Eventing.Reader.EventBookmark","Warning","Boot Degradation","Boot Performance Monitoring","System.Collections.ObjectModel.ReadOnlyCollection`1[System.String]","System.Collections.Generic.List`1[System.Diagnostics.Eventing.Reader.EventProperty]"
"Windows has started up: 
     Boot Duration		:	57443ms
     IsDegradation		:	false
     Incident Time (UTC)	:	?2015?-?05?-?24T06:43:48.593600100Z","100","2",,"2","4002","34","-9223372036854710272","2635","Microsoft-Windows-Diagnostics-Performance","cfc18ec0-96b1-4eba-961b-622caee05b0a","Microsoft-Windows-Diagnostics-Performance/Operational","1808","2544","rjaf-PC4429","S-1-5-19","5/23/2015 11:45:55 PM","85f02724-1e4f-0001-84bd-29fdec95d001",,"c:\users\mac_1\desktop\winevt\logs\microsoft-windows-diagnostics-performance%4operational.evtx","System.UInt32[]","System.Diagnostics.Eventing.Reader.EventBookmark","Error","Boot Information","Boot Performance Monitoring","System.Collections.ObjectModel.ReadOnlyCollection`1[System.String]","System.Collections.Generic.List`1[System.Diagnostics.Eventing.Reader.EventProperty]"
"Windows has shutdown: 
     Shutdown Duration	:	12838ms
     IsDegradation		:	false
     Incident Time (UTC)	:	?2015?-?05?-?23T12:07:35.279434800Z","200","1",,"3","4007","40","-9223372036854710272","2634","Microsoft-Windows-Diagnostics-Performance","cfc18ec0-96b1-4eba-961b-622caee05b0a","Microsoft-Windows-Diagnostics-Performance/Operational","1808","1968","rjaf-PC4429","S-1-5-19","5/23/2015 11:45:54 PM","85f03364-1e4f-0002-87bd-29fdec95d001",,"c:\users\mac_1\desktop\winevt\logs\microsoft-windows-diagnostics-performance%4operational.evtx","System.UInt32[]","System.Diagnostics.Eventing.Reader.EventBookmark","Warning","Shutdown Information","Shutdown Performance Monitoring","System.Collections.ObjectModel.ReadOnlyCollection`1[System.String]","System.Collections.Generic.List`1[System.Diagnostics.Eventing.Reader.EventProperty]"
"This application took longer than usual to start up, resulting in a performance degradation in the system startup process: 
     File Name		:	MsMpEng.exe
     Friendly Name		:	Service Executable
     Version		:	1.5.1937.0
     Total Time		:	4349ms
     Degradation Time	:	2847ms
     Incident Time (UTC)	:	?2015?-?05?-?23T11:49:16.593600100Z","101","1",,"3","4002","33","-9223372036854710272","2633","Microsoft-Windows-Diagnostics-Performance","cfc18ec0-96b1-4eba-961b-622caee05b0a","Microsoft-Windows-Diagnostics-Performance/Operational","1836","3372","rjaf-PC4429","S-1-5-19","5/23/2015 4:51:13 AM","85f03c9c-4e4f-0003-87d9-167f4e95d001",,"c:\users\mac_1\desktop\winevt\logs\microsoft-windows-diagnostics-performance%4operational.evtx","System.UInt32[]","System.Diagnostics.Eventing.Reader.EventBookmark","Warning","Boot Degradation","Boot Performance Monitoring","System.Collections.ObjectModel.ReadOnlyCollection`1[System.String]","System.Collections.Generic.List`1[System.Diagnostics.Eventing.Reader.EventProperty]"
"Windows has started up: 
     Boot Duration		:	43155ms
     IsDegradation		:	false
     Incident Time (UTC)	:	?2015?-?05?-?23T11:49:16.593600100Z","100","2",,"3","4002","34","-9223372036854710272","2632","Microsoft-Windows-Diagnostics-Performance","cfc18ec0-96b1-4eba-961b-622caee05b0a","Microsoft-Windows-Diagnostics-Performance/Operational","1836","3372","rjaf-PC4429","S-1-5-19","5/23/2015 4:51:13 AM","85f03c9c-4e4f-0003-87d9-167f4e95d001",,"c:\users\mac_1\desktop\winevt\logs\microsoft-windows-diagnostics-performance%4operational.evtx","System.UInt32[]","System.Diagnostics.Eventing.Reader.EventBookmark","Warning","Boot Information","Boot Performance Monitoring","System.Collections.ObjectModel.ReadOnlyCollection`1[System.String]","System.Collections.Generic.List`1[System.Diagnostics.Eventing.Reader.EventProperty]"
"Windows has shutdown: 
     Shutdown Duration	:	13189ms
     IsDegradation		:	false
     Incident Time (UTC)	:	?2015?-?05?-?23T10:11:22.136724500Z","200","1",,"3","4007","40","-9223372036854710272","2631","Microsoft-Windows-Diagnostics-Performance","cfc18ec0-96b1-4eba-961b-622caee05b0a","Microsoft-Windows-Diagnostics-Performance/Operational","1836","3376","rjaf-PC4429","S-1-5-19","5/23/2015 4:51:12 AM","85f03364-4e4f-0002-86d9-167f4e95d001",,"c:\users\mac_1\desktop\winevt\logs\microsoft-windows-diagnostics-performance%4operational.evtx","System.UInt32[]","System.Diagnostics.Eventing.Reader.EventBookmark","Warning","Shutdown Information","Shutdown Performance Monitoring","System.Collections.ObjectModel.ReadOnlyCollection`1[System.String]","System.Collections.Generic.List`1[System.Diagnostics.Eventing.Reader.EventProperty]"
"This application took longer than usual to start up, resulting in a performance degradation in the system startup process: 
     File Name		:	consent.exe
     Friendly Name		:	Consent UI for administrative applications
     Version		:	6.1.7600.16385 (win7_rtm.090713-1255)
     Total Time		:	5141ms
     Degradation Time	:	141ms
     Incident Time (UTC)	:	?2015?-?05?-?23T09:19:31.593600100Z","101","1",,"3","4002","33","-9223372036854710272","2630","Microsoft-Windows-Diagnostics-Performance","cfc18ec0-96b1-4eba-961b-622caee05b0a","Microsoft-Windows-Diagnostics-Performance/Operational","1824","2428","rjaf-PC4429","S-1-5-19","5/23/2015 2:22:54 AM","85f03364-5e4f-0002-0ca7-9c933995d001",,"c:\users\mac_1\desktop\winevt\logs\microsoft-windows-diagnostics-performance%4operational.evtx","System.UInt32[]","System.Diagnostics.Eventing.Reader.EventBookmark","Warning","Boot Degradation","Boot Performance Monitoring","System.Collections.ObjectModel.ReadOnlyCollection`1[System.String]","System.Collections.Generic.List`1[System.Diagnostics.Eventing.Reader.EventProperty]"
"Windows has started up: 
     Boot Duration		:	50698ms
     IsDegradation		:	true
     Incident Time (UTC)	:	?2015?-?05?-?23T09:19:31.593600100Z","100","2",,"2","4002","34","-9223372036854710272","2629","Microsoft-Windows-Diagnostics-Performance","cfc18ec0-96b1-4eba-961b-622caee05b0a","Microsoft-Windows-Diagnostics-Performance/Operational","1824","2428","rjaf-PC4429","S-1-5-19","5/23/2015 2:22:54 AM","85f03364-5e4f-0002-0ca7-9c933995d001",,"c:\users\mac_1\desktop\winevt\logs\microsoft-windows-diagnostics-performance%4operational.evtx","System.UInt32[]","System.Diagnostics.Eventing.Reader.EventBookmark","Error","Boot Information","Boot Performance Monitoring","System.Collections.ObjectModel.ReadOnlyCollection`1[System.String]","System.Collections.Generic.List`1[System.Diagnostics.Eventing.Reader.EventProperty]"
"Windows has shutdown: 
     Shutdown Duration	:	29047ms
     IsDegradation		:	false
     Incident Time (UTC)	:	?2015?-?05?-?22T14:00:19.431637900Z","200","1",,"3","4007","40","-9223372036854710272","2628","Microsoft-Windows-Diagnostics-Performance","cfc18ec0-96b1-4eba-961b-622caee05b0a","Microsoft-Windows-Diagnostics-Performance/Operational","1824","2016","rjaf-PC4429","S-1-5-19","5/23/2015 2:22:53 AM","85f02724-5e4f-0001-05a7-9c933995d001",,"c:\users\mac_1\desktop\winevt\logs\microsoft-windows-diagnostics-performance%4operational.evtx","System.UInt32[]","System.Diagnostics.Eventing.Reader.EventBookmark","Warning","Shutdown Information","Shutdown Performance Monitoring","System.Collections.ObjectModel.ReadOnlyCollection`1[System.String]","System.Collections.Generic.List`1[System.Diagnostics.Eventing.Reader.EventProperty]"
"Windows has started up: 
     Boot Duration		:	39716ms
     IsDegradation		:	false
     Incident Time (UTC)	:	?2015?-?05?-?22T13:36:35.593600100Z","100","2",,"3","4002","34","-9223372036854710272","2627","Microsoft-Windows-Diagnostics-Performance","cfc18ec0-96b1-4eba-961b-622caee05b0a","Microsoft-Windows-Diagnostics-Performance/Operational","1908","2984","rjaf-PC4429","S-1-5-19","5/22/2015 6:38:35 AM","85f03364-ee4f-0002-0787-9e529494d001",,"c:\users\mac_1\desktop\winevt\logs\microsoft-windows-diagnostics-performance%4operational.evtx","System.UInt32[]","System.Diagnostics.Eventing.Reader.EventBookmark","Warning","Boot Information","Boot Performance Monitoring","System.Collections.ObjectModel.ReadOnlyCollection`1[System.String]","System.Collections.Generic.List`1[System.Diagnostics.Eventing.Reader.EventProperty]"
"Windows has shutdown: 
     Shutdown Duration	:	16304ms
     IsDegradation		:	false
     Incident Time (UTC)	:	?2015?-?05?-?22T10:48:17.900741200Z","200","1",,"3","4007","40","-9223372036854710272","2626","Microsoft-Windows-Diagnostics-Performance","cfc18ec0-96b1-4eba-961b-622caee05b0a","Microsoft-Windows-Diagnostics-Performance/Operational","1908","3000","rjaf-PC4429","S-1-5-19","5/22/2015 6:38:35 AM","85f03364-ee4f-0002-0687-9e529494d001",,"c:\users\mac_1\desktop\winevt\logs\microsoft-windows-diagnostics-performance%4operational.evtx","System.UInt32[]","System.Diagnostics.Eventing.Reader.EventBookmark","Warning","Shutdown Information","Shutdown Performance Monitoring","System.Collections.ObjectModel.ReadOnlyCollection`1[System.String]","System.Collections.Generic.List`1[System.Diagnostics.Eventing.Reader.EventProperty]"
"Windows has started up: 
     Boot Duration		:	55741ms
     IsDegradation		:	true
     Incident Time (UTC)	:	?2015?-?05?-?22T10:45:58.593600100Z","100","2",,"3","4002","34","-9223372036854710272","2625","Microsoft-Windows-Diagnostics-Performance","cfc18ec0-96b1-4eba-961b-622caee05b0a","Microsoft-Windows-Diagnostics-Performance/Operational","1740","1024","rjaf-PC4429","S-1-5-19","5/22/2015 3:47:57 AM","85f03c9c-2e4f-0003-844a-e47c7c94d001",,"c:\users\mac_1\desktop\winevt\logs\microsoft-windows-diagnostics-performance%4operational.evtx","System.UInt32[]","System.Diagnostics.Eventing.Reader.EventBookmark","Warning","Boot Information","Boot Performance Monitoring","System.Collections.ObjectModel.ReadOnlyCollection`1[System.String]","System.Collections.Generic.List`1[System.Diagnostics.Eventing.Reader.EventProperty]"
"This driver caused a delay during standby while servicing a device:
     Driver File Name		:	\Driver\Disk
     Driver Friendly Name		:	PnP Disk Driver
     Driver Version			:	6.1.7600.16385 (win7_rtm.090713-1255)
     Driver Total Time		:	46ms
     Driver Degradation Time	:	26ms
     Incident Time (UTC)		:	?2015?-?05?-?21T14:00:24.021834300Z
     Device Name			:	SCSI\Disk&Ven_WDC&Prod_WD5000AAKX-22ERM\4&68979c&0&000000
     Device Friendly Name		:	Disk drive
     Device Total Time		:	46ms
     Device Degradation Time	:	0ms","302","1",,"3","4003","35","-9223372036854710272","2624","Microsoft-Windows-Diagnostics-Performance","cfc18ec0-96b1-4eba-961b-622caee05b0a","Microsoft-Windows-Diagnostics-Performance/Operational","1848","5440","rjaf-PC4429","S-1-5-19","5/22/2015 3:42:45 AM","85f02724-3e4f-0001-f88d-22898c91d001",,"c:\users\mac_1\desktop\winevt\logs\microsoft-windows-diagnostics-performance%4operational.evtx","System.UInt32[]","System.Diagnostics.Eventing.Reader.EventBookmark","Warning","Standby Degradation","Standby Performance Monitoring","System.Collections.ObjectModel.ReadOnlyCollection`1[System.String]","System.Collections.Generic.List`1[System.Diagnostics.Eventing.Reader.EventProperty]"
"Windows has resumed from standby: 
     Standby Duration		:	10564ms
     Standby Incident Time (UTC)	:	?2015?-?05?-?21T14:00:24.021834300Z
     Resume  Duration		:	1257ms
     Resume  Incident Time (UTC)	:	?2015?-?05?-?22T10:42:14.778399600Z
     IsDegradation			:	false","300","1",,"3","4003","36","-9223372036854710272","2623","Microsoft-Windows-Diagnostics-Performance","cfc18ec0-96b1-4eba-961b-622caee05b0a","Microsoft-Windows-Diagnostics-Performance/Operational","1848","5440","rjaf-PC4429","S-1-5-19","5/22/2015 3:42:45 AM","85f02724-3e4f-0001-f88d-22898c91d001",,"c:\users\mac_1\desktop\winevt\logs\microsoft-windows-diagnostics-performance%4operational.evtx","System.UInt32[]","System.Diagnostics.Eventing.Reader.EventBookmark","Warning","Standby Information","Standby Performance Monitoring","System.Collections.ObjectModel.ReadOnlyCollection`1[System.String]","System.Collections.Generic.List`1[System.Diagnostics.Eventing.Reader.EventProperty]"
"Windows has resumed from standby: 
     Standby Duration		:	10615ms
     Standby Incident Time (UTC)	:	?2015?-?05?-?20T23:27:26.951387600Z
     Resume  Duration		:	1348ms
     Resume  Incident Time (UTC)	:	?2015?-?05?-?21T05:12:20.931510300Z
     IsDegradation			:	false","300","1",,"3","4003","36","-9223372036854710272","2622","Microsoft-Windows-Diagnostics-Performance","cfc18ec0-96b1-4eba-961b-622caee05b0a","Microsoft-Windows-Diagnostics-Performance/Operational","1848","4188","rjaf-PC4429","S-1-5-19","5/20/2015 10:12:43 PM","85f03364-3e4f-0002-508e-22898c91d001",,"c:\users\mac_1\desktop\winevt\logs\microsoft-windows-diagnostics-performance%4operational.evtx","System.UInt32[]","System.Diagnostics.Eventing.Reader.EventBookmark","Warning","Standby Information","Standby Performance Monitoring","System.Collections.ObjectModel.ReadOnlyCollection`1[System.String]","System.Collections.Generic.List`1[System.Diagnostics.Eventing.Reader.EventProperty]"
"Windows has resumed from standby: 
     Standby Duration		:	12362ms
     Standby Incident Time (UTC)	:	?2015?-?05?-?20T14:44:28.913743400Z
     Resume  Duration		:	1241ms
     Resume  Incident Time (UTC)	:	?2015?-?05?-?20T18:49:50.434594300Z
     IsDegradation			:	false","300","1",,"3","4003","36","-9223372036854710272","2621","Microsoft-Windows-Diagnostics-Performance","cfc18ec0-96b1-4eba-961b-622caee05b0a","Microsoft-Windows-Diagnostics-Performance/Operational","1848","5208","rjaf-PC4429","S-1-5-19","5/20/2015 11:50:10 AM","85f02724-3e4f-0001-b58c-22898c91d001",,"c:\users\mac_1\desktop\winevt\logs\microsoft-windows-diagnostics-performance%4operational.evtx","System.UInt32[]","System.Diagnostics.Eventing.Reader.EventBookmark","Warning","Standby Information","Standby Performance Monitoring","System.Collections.ObjectModel.ReadOnlyCollection`1[System.String]","System.Collections.Generic.List`1[System.Diagnostics.Eventing.Reader.EventProperty]"
"Windows has resumed from standby: 
     Standby Duration		:	7096ms
     Standby Incident Time (UTC)	:	?2015?-?05?-?19T21:18:33.804704600Z
     Resume  Duration		:	1245ms
     Resume  Incident Time (UTC)	:	?2015?-?05?-?20T09:51:44.389225100Z
     IsDegradation			:	false","300","1",,"3","4003","36","-9223372036854710272","2620","Microsoft-Windows-Diagnostics-Performance","cfc18ec0-96b1-4eba-961b-622caee05b0a","Microsoft-Windows-Diagnostics-Performance/Operational","1848","4892","rjaf-PC4429","S-1-5-19","5/20/2015 2:52:02 AM","00000000-bb28-0000-b98c-22898c91d001",,"c:\users\mac_1\desktop\winevt\logs\microsoft-windows-diagnostics-performance%4operational.evtx","System.UInt32[]","System.Diagnostics.Eventing.Reader.EventBookmark","Warning","Standby Information","Standby Performance Monitoring","System.Collections.ObjectModel.ReadOnlyCollection`1[System.String]","System.Collections.Generic.List`1[System.Diagnostics.Eventing.Reader.EventProperty]"
"This driver caused a delay during standby while servicing a device:
     Driver File Name		:	\Driver\usbhub
     Driver Friendly Name		:	Default Hub Driver for USB
     Driver Version			:	6.1.7600.16385 (win7_rtm.090713-1255)
     Driver Total Time		:	130ms
     Driver Degradation Time	:	31ms
     Incident Time (UTC)		:	?2015?-?05?-?19T14:43:20.563307600Z
     Device Name			:	USB\VID_8087&PID_0024\5&63440b9&0&1
     Device Friendly Name		:	Generic USB Hub
     Device Total Time		:	130ms
     Device Degradation Time	:	31ms","302","1",,"3","4003","35","-9223372036854710272","2619","Microsoft-Windows-Diagnostics-Performance","cfc18ec0-96b1-4eba-961b-622caee05b0a","Microsoft-Windows-Diagnostics-Performance/Operational","1848","3404","rjaf-PC4429","S-1-5-19","5/19/2015 12:07:56 PM","85f02724-3e4f-0001-938c-22898c91d001",,"c:\users\mac_1\desktop\winevt\logs\microsoft-windows-diagnostics-performance%4operational.evtx","System.UInt32[]","System.Diagnostics.Eventing.Reader.EventBookmark","Warning","Standby Degradation","Standby Performance Monitoring","System.Collections.ObjectModel.ReadOnlyCollection`1[System.String]","System.Collections.Generic.List`1[System.Diagnostics.Eventing.Reader.EventProperty]"
"Windows has resumed from standby: 
     Standby Duration		:	11389ms
     Standby Incident Time (UTC)	:	?2015?-?05?-?19T14:43:20.563307600Z
     Resume  Duration		:	1272ms
     Resume  Incident Time (UTC)	:	?2015?-?05?-?19T19:07:43.999295800Z
     IsDegradation			:	false","300","1",,"3","4003","36","-9223372036854710272","2618","Microsoft-Windows-Diagnostics-Performance","cfc18ec0-96b1-4eba-961b-622caee05b0a","Microsoft-Windows-Diagnostics-Performance/Operational","1848","3404","rjaf-PC4429","S-1-5-19","5/19/2015 12:07:56 PM","85f02724-3e4f-0001-938c-22898c91d001",,"c:\users\mac_1\desktop\winevt\logs\microsoft-windows-diagnostics-performance%4operational.evtx","System.UInt32[]","System.Diagnostics.Eventing.Reader.EventBookmark","Warning","Standby Information","Standby Performance Monitoring","System.Collections.ObjectModel.ReadOnlyCollection`1[System.String]","System.Collections.Generic.List`1[System.Diagnostics.Eventing.Reader.EventProperty]"
"Windows has resumed from standby: 
     Standby Duration		:	12797ms
     Standby Incident Time (UTC)	:	?2015?-?05?-?18T23:17:08.866500300Z
     Resume  Duration		:	1260ms
     Resume  Incident Time (UTC)	:	?2015?-?05?-?19T06:06:06.462311800Z
     IsDegradation			:	false","300","1",,"3","4003","36","-9223372036854710272","2617","Microsoft-Windows-Diagnostics-Performance","cfc18ec0-96b1-4eba-961b-622caee05b0a","Microsoft-Windows-Diagnostics-Performance/Operational","1848","4720","rjaf-PC4429","S-1-5-19","5/18/2015 11:06:17 PM","00000000-bb28-0000-628c-22898c91d001",,"c:\users\mac_1\desktop\winevt\logs\microsoft-windows-diagnostics-performance%4operational.evtx","System.UInt32[]","System.Diagnostics.Eventing.Reader.EventBookmark","Warning","Standby Information","Standby Performance Monitoring","System.Collections.ObjectModel.ReadOnlyCollection`1[System.String]","System.Collections.Generic.List`1[System.Diagnostics.Eventing.Reader.EventProperty]"
"This driver took longer to initialize, resulting in a performance degradation in the system start up process: 
     File Name		:	AvgLdx86
     Friendly Name		:	AVG AVI Loader Driver
     Version		:	9.0.0.778
     Total Time		:	3178ms
     Degradation Time	:	1678ms
     Incident Time (UTC)	:	?2015?-?05?-?18T17:03:17.593600100Z","102","1",,"3","4002","33","-9223372036854710272","2616","Microsoft-Windows-Diagnostics-Performance","cfc18ec0-96b1-4eba-961b-622caee05b0a","Microsoft-Windows-Diagnostics-Performance/Operational","1848","3408","rjaf-PC4429","S-1-5-19","5/18/2015 10:05:20 AM","85f02724-3e4f-0001-048c-22898c91d001",,"c:\users\mac_1\desktop\winevt\logs\microsoft-windows-diagnostics-performance%4operational.evtx","System.UInt32[]","System.Diagnostics.Eventing.Reader.EventBookmark","Warning","Boot Degradation","Boot Performance Monitoring","System.Collections.ObjectModel.ReadOnlyCollection`1[System.String]","System.Collections.Generic.List`1[System.Diagnostics.Eventing.Reader.EventProperty]"
"Windows has started up: 
     Boot Duration		:	48886ms
     IsDegradation		:	false
     Incident Time (UTC)	:	?2015?-?05?-?18T17:03:17.593600100Z","100","2",,"3","4002","34","-9223372036854710272","2615","Microsoft-Windows-Diagnostics-Performance","cfc18ec0-96b1-4eba-961b-622caee05b0a","Microsoft-Windows-Diagnostics-Performance/Operational","1848","3408","rjaf-PC4429","S-1-5-19","5/18/2015 10:05:20 AM","85f02724-3e4f-0001-048c-22898c91d001",,"c:\users\mac_1\desktop\winevt\logs\microsoft-windows-diagnostics-performance%4operational.evtx","System.UInt32[]","System.Diagnostics.Eventing.Reader.EventBookmark","Warning","Boot Information","Boot Performance Monitoring","System.Collections.ObjectModel.ReadOnlyCollection`1[System.String]","System.Collections.Generic.List`1[System.Diagnostics.Eventing.Reader.EventProperty]"
