"Remote Desktop Services: Shell start notification received:

User: RJAF-PC4429\rjaf
Session ID: 1
Source Network Address: LOCAL","22","0",,"4","0","0","1152921504606846976","633","Microsoft-Windows-TerminalServices-LocalSessionManager","5d896912-022d-40aa-a3a8-4fa5515c76d7","Microsoft-Windows-TerminalServices-LocalSessionManager/Operational","564","820","rjaf-PC4429","S-1-5-18","10/5/2014 11:19:56 PM",,,"c:\users\mac_1\desktop\winevt\logs\microsoft-windows-terminalservices-localsessionmanager%4operational.evtx","System.UInt32[]","System.Diagnostics.Eventing.Reader.EventBookmark","Information","Info",,"System.Collections.ObjectModel.ReadOnlyCollection`1[System.String]","System.Collections.Generic.List`1[System.Diagnostics.Eventing.Reader.EventProperty]"
"Remote Desktop Services: Session logon succeeded:

User: RJAF-PC4429\rjaf
Session ID: 1
Source Network Address: LOCAL","21","0",,"4","0","0","1152921504606846976","632","Microsoft-Windows-TerminalServices-LocalSessionManager","5d896912-022d-40aa-a3a8-4fa5515c76d7","Microsoft-Windows-TerminalServices-LocalSessionManager/Operational","564","820","rjaf-PC4429","S-1-5-18","10/5/2014 11:19:55 PM",,,"c:\users\mac_1\desktop\winevt\logs\microsoft-windows-terminalservices-localsessionmanager%4operational.evtx","System.UInt32[]","System.Diagnostics.Eventing.Reader.EventBookmark","Information","Info",,"System.Collections.ObjectModel.ReadOnlyCollection`1[System.String]","System.Collections.Generic.List`1[System.Diagnostics.Eventing.Reader.EventProperty]"
"Remote Desktop Services: Session logoff succeeded:

User: RJAF-PC4429\rjaf
Session ID: 1","23","0",,"4","0","0","1152921504606846976","631","Microsoft-Windows-TerminalServices-LocalSessionManager","5d896912-022d-40aa-a3a8-4fa5515c76d7","Microsoft-Windows-TerminalServices-LocalSessionManager/Operational","564","2128","rjaf-PC4429","S-1-5-18","10/5/2014 12:18:22 PM",,,"c:\users\mac_1\desktop\winevt\logs\microsoft-windows-terminalservices-localsessionmanager%4operational.evtx","System.UInt32[]","System.Diagnostics.Eventing.Reader.EventBookmark","Information","Info",,"System.Collections.ObjectModel.ReadOnlyCollection`1[System.String]","System.Collections.Generic.List`1[System.Diagnostics.Eventing.Reader.EventProperty]"
"Remote Desktop Services: Shell start notification received:

User: RJAF-PC4429\rjaf
Session ID: 1
Source Network Address: LOCAL","22","0",,"4","0","0","1152921504606846976","630","Microsoft-Windows-TerminalServices-LocalSessionManager","5d896912-022d-40aa-a3a8-4fa5515c76d7","Microsoft-Windows-TerminalServices-LocalSessionManager/Operational","564","812","rjaf-PC4429","S-1-5-18","10/5/2014 11:25:15 AM",,,"c:\users\mac_1\desktop\winevt\logs\microsoft-windows-terminalservices-localsessionmanager%4operational.evtx","System.UInt32[]","System.Diagnostics.Eventing.Reader.EventBookmark","Information","Info",,"System.Collections.ObjectModel.ReadOnlyCollection`1[System.String]","System.Collections.Generic.List`1[System.Diagnostics.Eventing.Reader.EventProperty]"
"Remote Desktop Services: Session logon succeeded:

User: RJAF-PC4429\rjaf
Session ID: 1
Source Network Address: LOCAL","21","0",,"4","0","0","1152921504606846976","629","Microsoft-Windows-TerminalServices-LocalSessionManager","5d896912-022d-40aa-a3a8-4fa5515c76d7","Microsoft-Windows-TerminalServices-LocalSessionManager/Operational","564","844","rjaf-PC4429","S-1-5-18","10/5/2014 11:25:15 AM",,,"c:\users\mac_1\desktop\winevt\logs\microsoft-windows-terminalservices-localsessionmanager%4operational.evtx","System.UInt32[]","System.Diagnostics.Eventing.Reader.EventBookmark","Information","Info",,"System.Collections.ObjectModel.ReadOnlyCollection`1[System.String]","System.Collections.Generic.List`1[System.Diagnostics.Eventing.Reader.EventProperty]"
"Remote Desktop Services: Session logoff succeeded:

User: RJAF-PC4429\rjaf
Session ID: 1","23","0",,"4","0","0","1152921504606846976","628","Microsoft-Windows-TerminalServices-LocalSessionManager","5d896912-022d-40aa-a3a8-4fa5515c76d7","Microsoft-Windows-TerminalServices-LocalSessionManager/Operational","564","2688","rjaf-PC4429","S-1-5-18","10/5/2014 8:00:37 AM",,,"c:\users\mac_1\desktop\winevt\logs\microsoft-windows-terminalservices-localsessionmanager%4operational.evtx","System.UInt32[]","System.Diagnostics.Eventing.Reader.EventBookmark","Information","Info",,"System.Collections.ObjectModel.ReadOnlyCollection`1[System.String]","System.Collections.Generic.List`1[System.Diagnostics.Eventing.Reader.EventProperty]"
"Remote Desktop Services: Shell start notification received:

User: RJAF-PC4429\rjaf
Session ID: 1
Source Network Address: LOCAL","22","0",,"4","0","0","1152921504606846976","627","Microsoft-Windows-TerminalServices-LocalSessionManager","5d896912-022d-40aa-a3a8-4fa5515c76d7","Microsoft-Windows-TerminalServices-LocalSessionManager/Operational","564","1212","rjaf-PC4429","S-1-5-18","10/5/2014 7:46:46 AM",,,"c:\users\mac_1\desktop\winevt\logs\microsoft-windows-terminalservices-localsessionmanager%4operational.evtx","System.UInt32[]","System.Diagnostics.Eventing.Reader.EventBookmark","Information","Info",,"System.Collections.ObjectModel.ReadOnlyCollection`1[System.String]","System.Collections.Generic.List`1[System.Diagnostics.Eventing.Reader.EventProperty]"
"Remote Desktop Services: Session logon succeeded:

User: RJAF-PC4429\rjaf
Session ID: 1
Source Network Address: LOCAL","21","0",,"4","0","0","1152921504606846976","626","Microsoft-Windows-TerminalServices-LocalSessionManager","5d896912-022d-40aa-a3a8-4fa5515c76d7","Microsoft-Windows-TerminalServices-LocalSessionManager/Operational","564","876","rjaf-PC4429","S-1-5-18","10/5/2014 7:46:46 AM",,,"c:\users\mac_1\desktop\winevt\logs\microsoft-windows-terminalservices-localsessionmanager%4operational.evtx","System.UInt32[]","System.Diagnostics.Eventing.Reader.EventBookmark","Information","Info",,"System.Collections.ObjectModel.ReadOnlyCollection`1[System.String]","System.Collections.Generic.List`1[System.Diagnostics.Eventing.Reader.EventProperty]"
"Remote Desktop Services: Session logoff succeeded:

User: RJAF-PC4429\rjaf
Session ID: 2","23","0",,"4","0","0","1152921504606846976","625","Microsoft-Windows-TerminalServices-LocalSessionManager","5d896912-022d-40aa-a3a8-4fa5515c76d7","Microsoft-Windows-TerminalServices-LocalSessionManager/Operational","564","12276","rjaf-PC4429","S-1-5-18","10/5/2014 2:58:47 AM",,,"c:\users\mac_1\desktop\winevt\logs\microsoft-windows-terminalservices-localsessionmanager%4operational.evtx","System.UInt32[]","System.Diagnostics.Eventing.Reader.EventBookmark","Information","Info",,"System.Collections.ObjectModel.ReadOnlyCollection`1[System.String]","System.Collections.Generic.List`1[System.Diagnostics.Eventing.Reader.EventProperty]"
"Remote Desktop Services: Shell start notification received:

User: RJAF-PC4429\rjaf
Session ID: 2
Source Network Address: LOCAL","22","0",,"4","0","0","1152921504606846976","624","Microsoft-Windows-TerminalServices-LocalSessionManager","5d896912-022d-40aa-a3a8-4fa5515c76d7","Microsoft-Windows-TerminalServices-LocalSessionManager/Operational","564","15444","rjaf-PC4429","S-1-5-18","10/3/2014 1:47:57 AM",,,"c:\users\mac_1\desktop\winevt\logs\microsoft-windows-terminalservices-localsessionmanager%4operational.evtx","System.UInt32[]","System.Diagnostics.Eventing.Reader.EventBookmark","Information","Info",,"System.Collections.ObjectModel.ReadOnlyCollection`1[System.String]","System.Collections.Generic.List`1[System.Diagnostics.Eventing.Reader.EventProperty]"
"Remote Desktop Services: Session logon succeeded:

User: RJAF-PC4429\rjaf
Session ID: 2
Source Network Address: LOCAL","21","0",,"4","0","0","1152921504606846976","623","Microsoft-Windows-TerminalServices-LocalSessionManager","5d896912-022d-40aa-a3a8-4fa5515c76d7","Microsoft-Windows-TerminalServices-LocalSessionManager/Operational","564","7460","rjaf-PC4429","S-1-5-18","10/3/2014 1:47:57 AM",,,"c:\users\mac_1\desktop\winevt\logs\microsoft-windows-terminalservices-localsessionmanager%4operational.evtx","System.UInt32[]","System.Diagnostics.Eventing.Reader.EventBookmark","Information","Info",,"System.Collections.ObjectModel.ReadOnlyCollection`1[System.String]","System.Collections.Generic.List`1[System.Diagnostics.Eventing.Reader.EventProperty]"
"Remote Desktop Services: Session has been disconnected:

User: RJAF-PC4429\rjaf
Session ID: 1
Source Network Address: LOCAL","24","0",,"4","0","0","1152921504606846976","622","Microsoft-Windows-TerminalServices-LocalSessionManager","5d896912-022d-40aa-a3a8-4fa5515c76d7","Microsoft-Windows-TerminalServices-LocalSessionManager/Operational","564","2948","rjaf-PC4429","S-1-5-18","10/3/2014 1:33:40 AM",,,"c:\users\mac_1\desktop\winevt\logs\microsoft-windows-terminalservices-localsessionmanager%4operational.evtx","System.UInt32[]","System.Diagnostics.Eventing.Reader.EventBookmark","Information","Info",,"System.Collections.ObjectModel.ReadOnlyCollection`1[System.String]","System.Collections.Generic.List`1[System.Diagnostics.Eventing.Reader.EventProperty]"
"Remote Desktop Services: Session logoff succeeded:

User: RJAF-PC4429\rjaf
Session ID: 1","23","0",,"4","0","0","1152921504606846976","621","Microsoft-Windows-TerminalServices-LocalSessionManager","5d896912-022d-40aa-a3a8-4fa5515c76d7","Microsoft-Windows-TerminalServices-LocalSessionManager/Operational","564","16228","rjaf-PC4429","S-1-5-18","10/3/2014 1:33:38 AM",,,"c:\users\mac_1\desktop\winevt\logs\microsoft-windows-terminalservices-localsessionmanager%4operational.evtx","System.UInt32[]","System.Diagnostics.Eventing.Reader.EventBookmark","Information","Info",,"System.Collections.ObjectModel.ReadOnlyCollection`1[System.String]","System.Collections.Generic.List`1[System.Diagnostics.Eventing.Reader.EventProperty]"
"Remote Desktop Services: Shell start notification received:

User: RJAF-PC4429\rjaf
Session ID: 1
Source Network Address: LOCAL","22","0",,"4","0","0","1152921504606846976","620","Microsoft-Windows-TerminalServices-LocalSessionManager","5d896912-022d-40aa-a3a8-4fa5515c76d7","Microsoft-Windows-TerminalServices-LocalSessionManager/Operational","564","804","rjaf-PC4429","S-1-5-18","10/3/2014 12:36:07 AM",,,"c:\users\mac_1\desktop\winevt\logs\microsoft-windows-terminalservices-localsessionmanager%4operational.evtx","System.UInt32[]","System.Diagnostics.Eventing.Reader.EventBookmark","Information","Info",,"System.Collections.ObjectModel.ReadOnlyCollection`1[System.String]","System.Collections.Generic.List`1[System.Diagnostics.Eventing.Reader.EventProperty]"
"Remote Desktop Services: Session logon succeeded:

User: RJAF-PC4429\rjaf
Session ID: 1
Source Network Address: LOCAL","21","0",,"4","0","0","1152921504606846976","619","Microsoft-Windows-TerminalServices-LocalSessionManager","5d896912-022d-40aa-a3a8-4fa5515c76d7","Microsoft-Windows-TerminalServices-LocalSessionManager/Operational","564","804","rjaf-PC4429","S-1-5-18","10/3/2014 12:36:07 AM",,,"c:\users\mac_1\desktop\winevt\logs\microsoft-windows-terminalservices-localsessionmanager%4operational.evtx","System.UInt32[]","System.Diagnostics.Eventing.Reader.EventBookmark","Information","Info",,"System.Collections.ObjectModel.ReadOnlyCollection`1[System.String]","System.Collections.Generic.List`1[System.Diagnostics.Eventing.Reader.EventProperty]"
"Remote Desktop Services: Session logoff succeeded:

User: RJAF-PC4429\rjaf
Session ID: 1","23","0",,"4","0","0","1152921504606846976","618","Microsoft-Windows-TerminalServices-LocalSessionManager","5d896912-022d-40aa-a3a8-4fa5515c76d7","Microsoft-Windows-TerminalServices-LocalSessionManager/Operational","572","1196","rjaf-PC4429","S-1-5-18","10/2/2014 1:28:12 PM",,,"c:\users\mac_1\desktop\winevt\logs\microsoft-windows-terminalservices-localsessionmanager%4operational.evtx","System.UInt32[]","System.Diagnostics.Eventing.Reader.EventBookmark","Information","Info",,"System.Collections.ObjectModel.ReadOnlyCollection`1[System.String]","System.Collections.Generic.List`1[System.Diagnostics.Eventing.Reader.EventProperty]"
"Remote Desktop Services: Shell start notification received:

User: RJAF-PC4429\rjaf
Session ID: 1
Source Network Address: LOCAL","22","0",,"4","0","0","1152921504606846976","617","Microsoft-Windows-TerminalServices-LocalSessionManager","5d896912-022d-40aa-a3a8-4fa5515c76d7","Microsoft-Windows-TerminalServices-LocalSessionManager/Operational","572","3812","rjaf-PC4429","S-1-5-18","10/1/2014 11:52:22 PM",,,"c:\users\mac_1\desktop\winevt\logs\microsoft-windows-terminalservices-localsessionmanager%4operational.evtx","System.UInt32[]","System.Diagnostics.Eventing.Reader.EventBookmark","Information","Info",,"System.Collections.ObjectModel.ReadOnlyCollection`1[System.String]","System.Collections.Generic.List`1[System.Diagnostics.Eventing.Reader.EventProperty]"
"Remote Desktop Services: Session logon succeeded:

User: RJAF-PC4429\rjaf
Session ID: 1
Source Network Address: LOCAL","21","0",,"4","0","0","1152921504606846976","616","Microsoft-Windows-TerminalServices-LocalSessionManager","5d896912-022d-40aa-a3a8-4fa5515c76d7","Microsoft-Windows-TerminalServices-LocalSessionManager/Operational","572","3344","rjaf-PC4429","S-1-5-18","10/1/2014 11:52:22 PM",,,"c:\users\mac_1\desktop\winevt\logs\microsoft-windows-terminalservices-localsessionmanager%4operational.evtx","System.UInt32[]","System.Diagnostics.Eventing.Reader.EventBookmark","Information","Info",,"System.Collections.ObjectModel.ReadOnlyCollection`1[System.String]","System.Collections.Generic.List`1[System.Diagnostics.Eventing.Reader.EventProperty]"
"Remote Desktop Services: Session has been disconnected:

User: RJAF-PC4429\rjaf
Session ID: 2
Source Network Address: LOCAL","24","0",,"4","0","0","1152921504606846976","615","Microsoft-Windows-TerminalServices-LocalSessionManager","5d896912-022d-40aa-a3a8-4fa5515c76d7","Microsoft-Windows-TerminalServices-LocalSessionManager/Operational","572","3908","rjaf-PC4429","S-1-5-18","10/1/2014 11:11:11 PM",,,"c:\users\mac_1\desktop\winevt\logs\microsoft-windows-terminalservices-localsessionmanager%4operational.evtx","System.UInt32[]","System.Diagnostics.Eventing.Reader.EventBookmark","Information","Info",,"System.Collections.ObjectModel.ReadOnlyCollection`1[System.String]","System.Collections.Generic.List`1[System.Diagnostics.Eventing.Reader.EventProperty]"
"Remote Desktop Services: Session logoff succeeded:

User: RJAF-PC4429\rjaf
Session ID: 2","23","0",,"4","0","0","1152921504606846976","614","Microsoft-Windows-TerminalServices-LocalSessionManager","5d896912-022d-40aa-a3a8-4fa5515c76d7","Microsoft-Windows-TerminalServices-LocalSessionManager/Operational","572","1676","rjaf-PC4429","S-1-5-18","10/1/2014 11:11:10 PM",,,"c:\users\mac_1\desktop\winevt\logs\microsoft-windows-terminalservices-localsessionmanager%4operational.evtx","System.UInt32[]","System.Diagnostics.Eventing.Reader.EventBookmark","Information","Info",,"System.Collections.ObjectModel.ReadOnlyCollection`1[System.String]","System.Collections.Generic.List`1[System.Diagnostics.Eventing.Reader.EventProperty]"
"Remote Desktop Services: Shell start notification received:

User: RJAF-PC4429\rjaf
Session ID: 2
Source Network Address: LOCAL","22","0",,"4","0","0","1152921504606846976","613","Microsoft-Windows-TerminalServices-LocalSessionManager","5d896912-022d-40aa-a3a8-4fa5515c76d7","Microsoft-Windows-TerminalServices-LocalSessionManager/Operational","572","892","rjaf-PC4429","S-1-5-18","10/1/2014 5:05:06 AM",,,"c:\users\mac_1\desktop\winevt\logs\microsoft-windows-terminalservices-localsessionmanager%4operational.evtx","System.UInt32[]","System.Diagnostics.Eventing.Reader.EventBookmark","Information","Info",,"System.Collections.ObjectModel.ReadOnlyCollection`1[System.String]","System.Collections.Generic.List`1[System.Diagnostics.Eventing.Reader.EventProperty]"
"Remote Desktop Services: Session logon succeeded:

User: RJAF-PC4429\rjaf
Session ID: 2
Source Network Address: LOCAL","21","0",,"4","0","0","1152921504606846976","612","Microsoft-Windows-TerminalServices-LocalSessionManager","5d896912-022d-40aa-a3a8-4fa5515c76d7","Microsoft-Windows-TerminalServices-LocalSessionManager/Operational","572","892","rjaf-PC4429","S-1-5-18","10/1/2014 5:05:06 AM",,,"c:\users\mac_1\desktop\winevt\logs\microsoft-windows-terminalservices-localsessionmanager%4operational.evtx","System.UInt32[]","System.Diagnostics.Eventing.Reader.EventBookmark","Information","Info",,"System.Collections.ObjectModel.ReadOnlyCollection`1[System.String]","System.Collections.Generic.List`1[System.Diagnostics.Eventing.Reader.EventProperty]"
"Remote Desktop Services: Session has been disconnected:

User: RJAF-PC4429\rjaf
Session ID: 1
Source Network Address: LOCAL","24","0",,"4","0","0","1152921504606846976","611","Microsoft-Windows-TerminalServices-LocalSessionManager","5d896912-022d-40aa-a3a8-4fa5515c76d7","Microsoft-Windows-TerminalServices-LocalSessionManager/Operational","572","4028","rjaf-PC4429","S-1-5-18","10/1/2014 3:05:28 AM",,,"c:\users\mac_1\desktop\winevt\logs\microsoft-windows-terminalservices-localsessionmanager%4operational.evtx","System.UInt32[]","System.Diagnostics.Eventing.Reader.EventBookmark","Information","Info",,"System.Collections.ObjectModel.ReadOnlyCollection`1[System.String]","System.Collections.Generic.List`1[System.Diagnostics.Eventing.Reader.EventProperty]"
"Remote Desktop Services: Session logoff succeeded:

User: RJAF-PC4429\rjaf
Session ID: 1","23","0",,"4","0","0","1152921504606846976","610","Microsoft-Windows-TerminalServices-LocalSessionManager","5d896912-022d-40aa-a3a8-4fa5515c76d7","Microsoft-Windows-TerminalServices-LocalSessionManager/Operational","572","4028","rjaf-PC4429","S-1-5-18","10/1/2014 3:05:26 AM",,,"c:\users\mac_1\desktop\winevt\logs\microsoft-windows-terminalservices-localsessionmanager%4operational.evtx","System.UInt32[]","System.Diagnostics.Eventing.Reader.EventBookmark","Information","Info",,"System.Collections.ObjectModel.ReadOnlyCollection`1[System.String]","System.Collections.Generic.List`1[System.Diagnostics.Eventing.Reader.EventProperty]"
"Remote Desktop Services: Shell start notification received:

User: RJAF-PC4429\rjaf
Session ID: 1
Source Network Address: LOCAL","22","0",,"4","0","0","1152921504606846976","609","Microsoft-Windows-TerminalServices-LocalSessionManager","5d896912-022d-40aa-a3a8-4fa5515c76d7","Microsoft-Windows-TerminalServices-LocalSessionManager/Operational","572","896","rjaf-PC4429","S-1-5-18","9/29/2014 11:46:31 PM",,,"c:\users\mac_1\desktop\winevt\logs\microsoft-windows-terminalservices-localsessionmanager%4operational.evtx","System.UInt32[]","System.Diagnostics.Eventing.Reader.EventBookmark","Information","Info",,"System.Collections.ObjectModel.ReadOnlyCollection`1[System.String]","System.Collections.Generic.List`1[System.Diagnostics.Eventing.Reader.EventProperty]"
"Remote Desktop Services: Session logon succeeded:

User: RJAF-PC4429\rjaf
Session ID: 1
Source Network Address: LOCAL","21","0",,"4","0","0","1152921504606846976","608","Microsoft-Windows-TerminalServices-LocalSessionManager","5d896912-022d-40aa-a3a8-4fa5515c76d7","Microsoft-Windows-TerminalServices-LocalSessionManager/Operational","572","836","rjaf-PC4429","S-1-5-18","9/29/2014 11:46:31 PM",,,"c:\users\mac_1\desktop\winevt\logs\microsoft-windows-terminalservices-localsessionmanager%4operational.evtx","System.UInt32[]","System.Diagnostics.Eventing.Reader.EventBookmark","Information","Info",,"System.Collections.ObjectModel.ReadOnlyCollection`1[System.String]","System.Collections.Generic.List`1[System.Diagnostics.Eventing.Reader.EventProperty]"
"Remote Desktop Services: Shell start notification received:

User: RJAF-PC4429\rjaf
Session ID: 2
Source Network Address: LOCAL","22","0",,"4","0","0","1152921504606846976","607","Microsoft-Windows-TerminalServices-LocalSessionManager","5d896912-022d-40aa-a3a8-4fa5515c76d7","Microsoft-Windows-TerminalServices-LocalSessionManager/Operational","560","1640","rjaf-PC4429","S-1-5-18","9/19/2014 4:38:13 AM",,,"c:\users\mac_1\desktop\winevt\logs\microsoft-windows-terminalservices-localsessionmanager%4operational.evtx","System.UInt32[]","System.Diagnostics.Eventing.Reader.EventBookmark","Information","Info",,"System.Collections.ObjectModel.ReadOnlyCollection`1[System.String]","System.Collections.Generic.List`1[System.Diagnostics.Eventing.Reader.EventProperty]"
"Remote Desktop Services: Session logon succeeded:

User: RJAF-PC4429\rjaf
Session ID: 2
Source Network Address: LOCAL","21","0",,"4","0","0","1152921504606846976","606","Microsoft-Windows-TerminalServices-LocalSessionManager","5d896912-022d-40aa-a3a8-4fa5515c76d7","Microsoft-Windows-TerminalServices-LocalSessionManager/Operational","560","1640","rjaf-PC4429","S-1-5-18","9/19/2014 4:38:13 AM",,,"c:\users\mac_1\desktop\winevt\logs\microsoft-windows-terminalservices-localsessionmanager%4operational.evtx","System.UInt32[]","System.Diagnostics.Eventing.Reader.EventBookmark","Information","Info",,"System.Collections.ObjectModel.ReadOnlyCollection`1[System.String]","System.Collections.Generic.List`1[System.Diagnostics.Eventing.Reader.EventProperty]"
"Remote Desktop Services: Session has been disconnected:

User: RJAF-PC4429\rjaf
Session ID: 1
Source Network Address: LOCAL","24","0",,"4","0","0","1152921504606846976","605","Microsoft-Windows-TerminalServices-LocalSessionManager","5d896912-022d-40aa-a3a8-4fa5515c76d7","Microsoft-Windows-TerminalServices-LocalSessionManager/Operational","560","2500","rjaf-PC4429","S-1-5-18","9/18/2014 11:40:48 AM",,,"c:\users\mac_1\desktop\winevt\logs\microsoft-windows-terminalservices-localsessionmanager%4operational.evtx","System.UInt32[]","System.Diagnostics.Eventing.Reader.EventBookmark","Information","Info",,"System.Collections.ObjectModel.ReadOnlyCollection`1[System.String]","System.Collections.Generic.List`1[System.Diagnostics.Eventing.Reader.EventProperty]"
"Remote Desktop Services: Session logoff succeeded:

User: RJAF-PC4429\rjaf
Session ID: 1","23","0",,"4","0","0","1152921504606846976","604","Microsoft-Windows-TerminalServices-LocalSessionManager","5d896912-022d-40aa-a3a8-4fa5515c76d7","Microsoft-Windows-TerminalServices-LocalSessionManager/Operational","560","3376","rjaf-PC4429","S-1-5-18","9/18/2014 11:40:47 AM",,,"c:\users\mac_1\desktop\winevt\logs\microsoft-windows-terminalservices-localsessionmanager%4operational.evtx","System.UInt32[]","System.Diagnostics.Eventing.Reader.EventBookmark","Information","Info",,"System.Collections.ObjectModel.ReadOnlyCollection`1[System.String]","System.Collections.Generic.List`1[System.Diagnostics.Eventing.Reader.EventProperty]"
"Remote Desktop Services: Shell start notification received:

User: RJAF-PC4429\rjaf
Session ID: 1
Source Network Address: LOCAL","22","0",,"4","0","0","1152921504606846976","603","Microsoft-Windows-TerminalServices-LocalSessionManager","5d896912-022d-40aa-a3a8-4fa5515c76d7","Microsoft-Windows-TerminalServices-LocalSessionManager/Operational","560","796","rjaf-PC4429","S-1-5-18","9/17/2014 11:41:16 PM",,,"c:\users\mac_1\desktop\winevt\logs\microsoft-windows-terminalservices-localsessionmanager%4operational.evtx","System.UInt32[]","System.Diagnostics.Eventing.Reader.EventBookmark","Information","Info",,"System.Collections.ObjectModel.ReadOnlyCollection`1[System.String]","System.Collections.Generic.List`1[System.Diagnostics.Eventing.Reader.EventProperty]"
"Remote Desktop Services: Session logon succeeded:

User: RJAF-PC4429\rjaf
Session ID: 1
Source Network Address: LOCAL","21","0",,"4","0","0","1152921504606846976","602","Microsoft-Windows-TerminalServices-LocalSessionManager","5d896912-022d-40aa-a3a8-4fa5515c76d7","Microsoft-Windows-TerminalServices-LocalSessionManager/Operational","560","796","rjaf-PC4429","S-1-5-18","9/17/2014 11:41:16 PM",,,"c:\users\mac_1\desktop\winevt\logs\microsoft-windows-terminalservices-localsessionmanager%4operational.evtx","System.UInt32[]","System.Diagnostics.Eventing.Reader.EventBookmark","Information","Info",,"System.Collections.ObjectModel.ReadOnlyCollection`1[System.String]","System.Collections.Generic.List`1[System.Diagnostics.Eventing.Reader.EventProperty]"
"Remote Desktop Services: Session reconnection succeeded:

User: RJAF-PC4429\rjaf
Session ID: 1
Source Network Address: LOCAL","25","0",,"4","0","0","1152921504606846976","601","Microsoft-Windows-TerminalServices-LocalSessionManager","5d896912-022d-40aa-a3a8-4fa5515c76d7","Microsoft-Windows-TerminalServices-LocalSessionManager/Operational","564","2176","rjaf-PC4429","S-1-5-18","9/17/2014 4:02:19 AM",,,"c:\users\mac_1\desktop\winevt\logs\microsoft-windows-terminalservices-localsessionmanager%4operational.evtx","System.UInt32[]","System.Diagnostics.Eventing.Reader.EventBookmark","Information","Info",,"System.Collections.ObjectModel.ReadOnlyCollection`1[System.String]","System.Collections.Generic.List`1[System.Diagnostics.Eventing.Reader.EventProperty]"
"Remote Desktop Services: Session has been disconnected:

User: RJAF-PC4429\rjaf
Session ID: 1
Source Network Address: LOCAL","24","0",,"4","0","0","1152921504606846976","600","Microsoft-Windows-TerminalServices-LocalSessionManager","5d896912-022d-40aa-a3a8-4fa5515c76d7","Microsoft-Windows-TerminalServices-LocalSessionManager/Operational","564","2176","rjaf-PC4429","S-1-5-18","9/17/2014 4:02:11 AM",,,"c:\users\mac_1\desktop\winevt\logs\microsoft-windows-terminalservices-localsessionmanager%4operational.evtx","System.UInt32[]","System.Diagnostics.Eventing.Reader.EventBookmark","Information","Info",,"System.Collections.ObjectModel.ReadOnlyCollection`1[System.String]","System.Collections.Generic.List`1[System.Diagnostics.Eventing.Reader.EventProperty]"
"Remote Desktop Services: Shell start notification received:

User: RJAF-PC4429\rjaf
Session ID: 1
Source Network Address: LOCAL","22","0",,"4","0","0","1152921504606846976","599","Microsoft-Windows-TerminalServices-LocalSessionManager","5d896912-022d-40aa-a3a8-4fa5515c76d7","Microsoft-Windows-TerminalServices-LocalSessionManager/Operational","564","812","rjaf-PC4429","S-1-5-18","9/16/2014 12:12:52 PM",,,"c:\users\mac_1\desktop\winevt\logs\microsoft-windows-terminalservices-localsessionmanager%4operational.evtx","System.UInt32[]","System.Diagnostics.Eventing.Reader.EventBookmark","Information","Info",,"System.Collections.ObjectModel.ReadOnlyCollection`1[System.String]","System.Collections.Generic.List`1[System.Diagnostics.Eventing.Reader.EventProperty]"
"Remote Desktop Services: Session logon succeeded:

User: RJAF-PC4429\rjaf
Session ID: 1
Source Network Address: LOCAL","21","0",,"4","0","0","1152921504606846976","598","Microsoft-Windows-TerminalServices-LocalSessionManager","5d896912-022d-40aa-a3a8-4fa5515c76d7","Microsoft-Windows-TerminalServices-LocalSessionManager/Operational","564","1160","rjaf-PC4429","S-1-5-18","9/16/2014 12:12:51 PM",,,"c:\users\mac_1\desktop\winevt\logs\microsoft-windows-terminalservices-localsessionmanager%4operational.evtx","System.UInt32[]","System.Diagnostics.Eventing.Reader.EventBookmark","Information","Info",,"System.Collections.ObjectModel.ReadOnlyCollection`1[System.String]","System.Collections.Generic.List`1[System.Diagnostics.Eventing.Reader.EventProperty]"
"Remote Desktop Services: Session logoff succeeded:

User: RJAF-PC4429\rjaf
Session ID: 1","23","0",,"4","0","0","1152921504606846976","597","Microsoft-Windows-TerminalServices-LocalSessionManager","5d896912-022d-40aa-a3a8-4fa5515c76d7","Microsoft-Windows-TerminalServices-LocalSessionManager/Operational","568","2384","rjaf-PC4429","S-1-5-18","9/16/2014 11:39:02 AM",,,"c:\users\mac_1\desktop\winevt\logs\microsoft-windows-terminalservices-localsessionmanager%4operational.evtx","System.UInt32[]","System.Diagnostics.Eventing.Reader.EventBookmark","Information","Info",,"System.Collections.ObjectModel.ReadOnlyCollection`1[System.String]","System.Collections.Generic.List`1[System.Diagnostics.Eventing.Reader.EventProperty]"
"Remote Desktop Services: Shell start notification received:

User: RJAF-PC4429\rjaf
Session ID: 1
Source Network Address: LOCAL","22","0",,"4","0","0","1152921504606846976","596","Microsoft-Windows-TerminalServices-LocalSessionManager","5d896912-022d-40aa-a3a8-4fa5515c76d7","Microsoft-Windows-TerminalServices-LocalSessionManager/Operational","568","824","rjaf-PC4429","S-1-5-18","9/15/2014 11:27:46 AM",,,"c:\users\mac_1\desktop\winevt\logs\microsoft-windows-terminalservices-localsessionmanager%4operational.evtx","System.UInt32[]","System.Diagnostics.Eventing.Reader.EventBookmark","Information","Info",,"System.Collections.ObjectModel.ReadOnlyCollection`1[System.String]","System.Collections.Generic.List`1[System.Diagnostics.Eventing.Reader.EventProperty]"
"Remote Desktop Services: Session logon succeeded:

User: RJAF-PC4429\rjaf
Session ID: 1
Source Network Address: LOCAL","21","0",,"4","0","0","1152921504606846976","595","Microsoft-Windows-TerminalServices-LocalSessionManager","5d896912-022d-40aa-a3a8-4fa5515c76d7","Microsoft-Windows-TerminalServices-LocalSessionManager/Operational","568","1268","rjaf-PC4429","S-1-5-18","9/15/2014 11:27:45 AM",,,"c:\users\mac_1\desktop\winevt\logs\microsoft-windows-terminalservices-localsessionmanager%4operational.evtx","System.UInt32[]","System.Diagnostics.Eventing.Reader.EventBookmark","Information","Info",,"System.Collections.ObjectModel.ReadOnlyCollection`1[System.String]","System.Collections.Generic.List`1[System.Diagnostics.Eventing.Reader.EventProperty]"
"Remote Desktop Services: Session logoff succeeded:

User: RJAF-PC4429\rjaf
Session ID: 1","23","0",,"4","0","0","1152921504606846976","594","Microsoft-Windows-TerminalServices-LocalSessionManager","5d896912-022d-40aa-a3a8-4fa5515c76d7","Microsoft-Windows-TerminalServices-LocalSessionManager/Operational","564","3952","rjaf-PC4429","S-1-5-18","9/15/2014 11:27:12 AM",,,"c:\users\mac_1\desktop\winevt\logs\microsoft-windows-terminalservices-localsessionmanager%4operational.evtx","System.UInt32[]","System.Diagnostics.Eventing.Reader.EventBookmark","Information","Info",,"System.Collections.ObjectModel.ReadOnlyCollection`1[System.String]","System.Collections.Generic.List`1[System.Diagnostics.Eventing.Reader.EventProperty]"
"Remote Desktop Services: Shell start notification received:

User: RJAF-PC4429\rjaf
Session ID: 1
Source Network Address: LOCAL","22","0",,"4","0","0","1152921504606846976","593","Microsoft-Windows-TerminalServices-LocalSessionManager","5d896912-022d-40aa-a3a8-4fa5515c76d7","Microsoft-Windows-TerminalServices-LocalSessionManager/Operational","564","804","rjaf-PC4429","S-1-5-18","9/14/2014 12:45:17 AM",,,"c:\users\mac_1\desktop\winevt\logs\microsoft-windows-terminalservices-localsessionmanager%4operational.evtx","System.UInt32[]","System.Diagnostics.Eventing.Reader.EventBookmark","Information","Info",,"System.Collections.ObjectModel.ReadOnlyCollection`1[System.String]","System.Collections.Generic.List`1[System.Diagnostics.Eventing.Reader.EventProperty]"
"Remote Desktop Services: Session logon succeeded:

User: RJAF-PC4429\rjaf
Session ID: 1
Source Network Address: LOCAL","21","0",,"4","0","0","1152921504606846976","592","Microsoft-Windows-TerminalServices-LocalSessionManager","5d896912-022d-40aa-a3a8-4fa5515c76d7","Microsoft-Windows-TerminalServices-LocalSessionManager/Operational","564","804","rjaf-PC4429","S-1-5-18","9/14/2014 12:45:17 AM",,,"c:\users\mac_1\desktop\winevt\logs\microsoft-windows-terminalservices-localsessionmanager%4operational.evtx","System.UInt32[]","System.Diagnostics.Eventing.Reader.EventBookmark","Information","Info",,"System.Collections.ObjectModel.ReadOnlyCollection`1[System.String]","System.Collections.Generic.List`1[System.Diagnostics.Eventing.Reader.EventProperty]"
"Remote Desktop Services: Session logoff succeeded:

User: RJAF-PC4429\rjaf
Session ID: 1","23","0",,"4","0","0","1152921504606846976","591","Microsoft-Windows-TerminalServices-LocalSessionManager","5d896912-022d-40aa-a3a8-4fa5515c76d7","Microsoft-Windows-TerminalServices-LocalSessionManager/Operational","560","2600","rjaf-PC4429","S-1-5-18","9/13/2014 5:13:46 AM",,,"c:\users\mac_1\desktop\winevt\logs\microsoft-windows-terminalservices-localsessionmanager%4operational.evtx","System.UInt32[]","System.Diagnostics.Eventing.Reader.EventBookmark","Information","Info",,"System.Collections.ObjectModel.ReadOnlyCollection`1[System.String]","System.Collections.Generic.List`1[System.Diagnostics.Eventing.Reader.EventProperty]"
"Remote Desktop Services: Session has been disconnected:

User: RJAF-PC4429\rjaf
Session ID: 1
Source Network Address: LOCAL","24","0",,"4","0","0","1152921504606846976","590","Microsoft-Windows-TerminalServices-LocalSessionManager","5d896912-022d-40aa-a3a8-4fa5515c76d7","Microsoft-Windows-TerminalServices-LocalSessionManager/Operational","560","900","rjaf-PC4429","S-1-5-18","9/13/2014 5:13:26 AM",,,"c:\users\mac_1\desktop\winevt\logs\microsoft-windows-terminalservices-localsessionmanager%4operational.evtx","System.UInt32[]","System.Diagnostics.Eventing.Reader.EventBookmark","Information","Info",,"System.Collections.ObjectModel.ReadOnlyCollection`1[System.String]","System.Collections.Generic.List`1[System.Diagnostics.Eventing.Reader.EventProperty]"
"Remote Desktop Services: Shell start notification received:

User: RJAF-PC4429\rjaf
Session ID: 1
Source Network Address: LOCAL","22","0",,"4","0","0","1152921504606846976","589","Microsoft-Windows-TerminalServices-LocalSessionManager","5d896912-022d-40aa-a3a8-4fa5515c76d7","Microsoft-Windows-TerminalServices-LocalSessionManager/Operational","560","796","rjaf-PC4429","S-1-5-18","9/8/2014 12:45:03 AM",,,"c:\users\mac_1\desktop\winevt\logs\microsoft-windows-terminalservices-localsessionmanager%4operational.evtx","System.UInt32[]","System.Diagnostics.Eventing.Reader.EventBookmark","Information","Info",,"System.Collections.ObjectModel.ReadOnlyCollection`1[System.String]","System.Collections.Generic.List`1[System.Diagnostics.Eventing.Reader.EventProperty]"
"Remote Desktop Services: Session logon succeeded:

User: RJAF-PC4429\rjaf
Session ID: 1
Source Network Address: LOCAL","21","0",,"4","0","0","1152921504606846976","588","Microsoft-Windows-TerminalServices-LocalSessionManager","5d896912-022d-40aa-a3a8-4fa5515c76d7","Microsoft-Windows-TerminalServices-LocalSessionManager/Operational","560","796","rjaf-PC4429","S-1-5-18","9/8/2014 12:45:03 AM",,,"c:\users\mac_1\desktop\winevt\logs\microsoft-windows-terminalservices-localsessionmanager%4operational.evtx","System.UInt32[]","System.Diagnostics.Eventing.Reader.EventBookmark","Information","Info",,"System.Collections.ObjectModel.ReadOnlyCollection`1[System.String]","System.Collections.Generic.List`1[System.Diagnostics.Eventing.Reader.EventProperty]"
"Remote Desktop Services: Session reconnection succeeded:

User: RJAF-PC4429\rjaf
Session ID: 1
Source Network Address: LOCAL","25","0",,"4","0","0","1152921504606846976","587","Microsoft-Windows-TerminalServices-LocalSessionManager","5d896912-022d-40aa-a3a8-4fa5515c76d7","Microsoft-Windows-TerminalServices-LocalSessionManager/Operational","568","2444","rjaf-PC4429","S-1-5-18","9/7/2014 12:23:54 PM",,,"c:\users\mac_1\desktop\winevt\logs\microsoft-windows-terminalservices-localsessionmanager%4operational.evtx","System.UInt32[]","System.Diagnostics.Eventing.Reader.EventBookmark","Information","Info",,"System.Collections.ObjectModel.ReadOnlyCollection`1[System.String]","System.Collections.Generic.List`1[System.Diagnostics.Eventing.Reader.EventProperty]"
"Remote Desktop Services: Session has been disconnected:

User: RJAF-PC4429\rjaf
Session ID: 1
Source Network Address: LOCAL","24","0",,"4","0","0","1152921504606846976","586","Microsoft-Windows-TerminalServices-LocalSessionManager","5d896912-022d-40aa-a3a8-4fa5515c76d7","Microsoft-Windows-TerminalServices-LocalSessionManager/Operational","568","2740","rjaf-PC4429","S-1-5-18","9/7/2014 12:23:44 PM",,,"c:\users\mac_1\desktop\winevt\logs\microsoft-windows-terminalservices-localsessionmanager%4operational.evtx","System.UInt32[]","System.Diagnostics.Eventing.Reader.EventBookmark","Information","Info",,"System.Collections.ObjectModel.ReadOnlyCollection`1[System.String]","System.Collections.Generic.List`1[System.Diagnostics.Eventing.Reader.EventProperty]"
"Remote Desktop Services: Shell start notification received:

User: RJAF-PC4429\rjaf
Session ID: 1
Source Network Address: LOCAL","22","0",,"4","0","0","1152921504606846976","585","Microsoft-Windows-TerminalServices-LocalSessionManager","5d896912-022d-40aa-a3a8-4fa5515c76d7","Microsoft-Windows-TerminalServices-LocalSessionManager/Operational","568","2276","rjaf-PC4429","S-1-5-18","9/7/2014 2:57:52 AM",,,"c:\users\mac_1\desktop\winevt\logs\microsoft-windows-terminalservices-localsessionmanager%4operational.evtx","System.UInt32[]","System.Diagnostics.Eventing.Reader.EventBookmark","Information","Info",,"System.Collections.ObjectModel.ReadOnlyCollection`1[System.String]","System.Collections.Generic.List`1[System.Diagnostics.Eventing.Reader.EventProperty]"
"Remote Desktop Services: Session logon succeeded:

User: RJAF-PC4429\rjaf
Session ID: 1
Source Network Address: LOCAL","21","0",,"4","0","0","1152921504606846976","584","Microsoft-Windows-TerminalServices-LocalSessionManager","5d896912-022d-40aa-a3a8-4fa5515c76d7","Microsoft-Windows-TerminalServices-LocalSessionManager/Operational","568","2276","rjaf-PC4429","S-1-5-18","9/7/2014 2:57:52 AM",,,"c:\users\mac_1\desktop\winevt\logs\microsoft-windows-terminalservices-localsessionmanager%4operational.evtx","System.UInt32[]","System.Diagnostics.Eventing.Reader.EventBookmark","Information","Info",,"System.Collections.ObjectModel.ReadOnlyCollection`1[System.String]","System.Collections.Generic.List`1[System.Diagnostics.Eventing.Reader.EventProperty]"
"Remote Desktop Services: Session logoff succeeded:

User: RJAF-PC4429\rjaf
Session ID: 1","23","0",,"4","0","0","1152921504606846976","583","Microsoft-Windows-TerminalServices-LocalSessionManager","5d896912-022d-40aa-a3a8-4fa5515c76d7","Microsoft-Windows-TerminalServices-LocalSessionManager/Operational","560","3680","rjaf-PC4429","S-1-5-18","9/6/2014 11:35:19 PM",,,"c:\users\mac_1\desktop\winevt\logs\microsoft-windows-terminalservices-localsessionmanager%4operational.evtx","System.UInt32[]","System.Diagnostics.Eventing.Reader.EventBookmark","Information","Info",,"System.Collections.ObjectModel.ReadOnlyCollection`1[System.String]","System.Collections.Generic.List`1[System.Diagnostics.Eventing.Reader.EventProperty]"
"Remote Desktop Services: Shell start notification received:

User: RJAF-PC4429\rjaf
Session ID: 1
Source Network Address: LOCAL","22","0",,"4","0","0","1152921504606846976","582","Microsoft-Windows-TerminalServices-LocalSessionManager","5d896912-022d-40aa-a3a8-4fa5515c76d7","Microsoft-Windows-TerminalServices-LocalSessionManager/Operational","560","2012","rjaf-PC4429","S-1-5-18","9/6/2014 11:04:06 PM",,,"c:\users\mac_1\desktop\winevt\logs\microsoft-windows-terminalservices-localsessionmanager%4operational.evtx","System.UInt32[]","System.Diagnostics.Eventing.Reader.EventBookmark","Information","Info",,"System.Collections.ObjectModel.ReadOnlyCollection`1[System.String]","System.Collections.Generic.List`1[System.Diagnostics.Eventing.Reader.EventProperty]"
"Remote Desktop Services: Session logon succeeded:

User: RJAF-PC4429\rjaf
Session ID: 1
Source Network Address: LOCAL","21","0",,"4","0","0","1152921504606846976","581","Microsoft-Windows-TerminalServices-LocalSessionManager","5d896912-022d-40aa-a3a8-4fa5515c76d7","Microsoft-Windows-TerminalServices-LocalSessionManager/Operational","560","800","rjaf-PC4429","S-1-5-18","9/6/2014 11:04:05 PM",,,"c:\users\mac_1\desktop\winevt\logs\microsoft-windows-terminalservices-localsessionmanager%4operational.evtx","System.UInt32[]","System.Diagnostics.Eventing.Reader.EventBookmark","Information","Info",,"System.Collections.ObjectModel.ReadOnlyCollection`1[System.String]","System.Collections.Generic.List`1[System.Diagnostics.Eventing.Reader.EventProperty]"
"Remote Desktop Services: Session has been disconnected:

User: RJAF-PC4429\rjaf
Session ID: 1
Source Network Address: LOCAL","24","0",,"4","0","0","1152921504606846976","580","Microsoft-Windows-TerminalServices-LocalSessionManager","5d896912-022d-40aa-a3a8-4fa5515c76d7","Microsoft-Windows-TerminalServices-LocalSessionManager/Operational","564","2032","rjaf-PC4429","S-1-5-18","9/3/2014 12:05:20 PM",,,"c:\users\mac_1\desktop\winevt\logs\microsoft-windows-terminalservices-localsessionmanager%4operational.evtx","System.UInt32[]","System.Diagnostics.Eventing.Reader.EventBookmark","Information","Info",,"System.Collections.ObjectModel.ReadOnlyCollection`1[System.String]","System.Collections.Generic.List`1[System.Diagnostics.Eventing.Reader.EventProperty]"
"Remote Desktop Services: Session logoff succeeded:

User: RJAF-PC4429\rjaf
Session ID: 1","23","0",,"4","0","0","1152921504606846976","579","Microsoft-Windows-TerminalServices-LocalSessionManager","5d896912-022d-40aa-a3a8-4fa5515c76d7","Microsoft-Windows-TerminalServices-LocalSessionManager/Operational","564","2032","rjaf-PC4429","S-1-5-18","9/3/2014 12:05:18 PM",,,"c:\users\mac_1\desktop\winevt\logs\microsoft-windows-terminalservices-localsessionmanager%4operational.evtx","System.UInt32[]","System.Diagnostics.Eventing.Reader.EventBookmark","Information","Info",,"System.Collections.ObjectModel.ReadOnlyCollection`1[System.String]","System.Collections.Generic.List`1[System.Diagnostics.Eventing.Reader.EventProperty]"
"Remote Desktop Services: Shell start notification received:

User: RJAF-PC4429\rjaf
Session ID: 1
Source Network Address: LOCAL","22","0",,"4","0","0","1152921504606846976","578","Microsoft-Windows-TerminalServices-LocalSessionManager","5d896912-022d-40aa-a3a8-4fa5515c76d7","Microsoft-Windows-TerminalServices-LocalSessionManager/Operational","564","324","rjaf-PC4429","S-1-5-18","9/3/2014 12:05:37 AM",,,"c:\users\mac_1\desktop\winevt\logs\microsoft-windows-terminalservices-localsessionmanager%4operational.evtx","System.UInt32[]","System.Diagnostics.Eventing.Reader.EventBookmark","Information","Info",,"System.Collections.ObjectModel.ReadOnlyCollection`1[System.String]","System.Collections.Generic.List`1[System.Diagnostics.Eventing.Reader.EventProperty]"
"Remote Desktop Services: Session logon succeeded:

User: RJAF-PC4429\rjaf
Session ID: 1
Source Network Address: LOCAL","21","0",,"4","0","0","1152921504606846976","577","Microsoft-Windows-TerminalServices-LocalSessionManager","5d896912-022d-40aa-a3a8-4fa5515c76d7","Microsoft-Windows-TerminalServices-LocalSessionManager/Operational","564","2176","rjaf-PC4429","S-1-5-18","9/3/2014 12:05:37 AM",,,"c:\users\mac_1\desktop\winevt\logs\microsoft-windows-terminalservices-localsessionmanager%4operational.evtx","System.UInt32[]","System.Diagnostics.Eventing.Reader.EventBookmark","Information","Info",,"System.Collections.ObjectModel.ReadOnlyCollection`1[System.String]","System.Collections.Generic.List`1[System.Diagnostics.Eventing.Reader.EventProperty]"
"Remote Desktop Services: Session logoff succeeded:

User: RJAF-PC4429\rjaf
Session ID: 1","23","0",,"4","0","0","1152921504606846976","576","Microsoft-Windows-TerminalServices-LocalSessionManager","5d896912-022d-40aa-a3a8-4fa5515c76d7","Microsoft-Windows-TerminalServices-LocalSessionManager/Operational","564","2968","rjaf-PC4429","S-1-5-18","9/2/2014 12:35:02 PM",,,"c:\users\mac_1\desktop\winevt\logs\microsoft-windows-terminalservices-localsessionmanager%4operational.evtx","System.UInt32[]","System.Diagnostics.Eventing.Reader.EventBookmark","Information","Info",,"System.Collections.ObjectModel.ReadOnlyCollection`1[System.String]","System.Collections.Generic.List`1[System.Diagnostics.Eventing.Reader.EventProperty]"
"Remote Desktop Services: Session has been disconnected:

User: RJAF-PC4429\rjaf
Session ID: 1
Source Network Address: LOCAL","24","0",,"4","0","0","1152921504606846976","575","Microsoft-Windows-TerminalServices-LocalSessionManager","5d896912-022d-40aa-a3a8-4fa5515c76d7","Microsoft-Windows-TerminalServices-LocalSessionManager/Operational","564","436","rjaf-PC4429","S-1-5-18","9/2/2014 12:34:31 PM",,,"c:\users\mac_1\desktop\winevt\logs\microsoft-windows-terminalservices-localsessionmanager%4operational.evtx","System.UInt32[]","System.Diagnostics.Eventing.Reader.EventBookmark","Information","Info",,"System.Collections.ObjectModel.ReadOnlyCollection`1[System.String]","System.Collections.Generic.List`1[System.Diagnostics.Eventing.Reader.EventProperty]"
"Remote Desktop Services: Shell start notification received:

User: RJAF-PC4429\rjaf
Session ID: 1
Source Network Address: LOCAL","22","0",,"4","0","0","1152921504606846976","574","Microsoft-Windows-TerminalServices-LocalSessionManager","5d896912-022d-40aa-a3a8-4fa5515c76d7","Microsoft-Windows-TerminalServices-LocalSessionManager/Operational","564","812","rjaf-PC4429","S-1-5-18","9/2/2014 3:14:43 AM",,,"c:\users\mac_1\desktop\winevt\logs\microsoft-windows-terminalservices-localsessionmanager%4operational.evtx","System.UInt32[]","System.Diagnostics.Eventing.Reader.EventBookmark","Information","Info",,"System.Collections.ObjectModel.ReadOnlyCollection`1[System.String]","System.Collections.Generic.List`1[System.Diagnostics.Eventing.Reader.EventProperty]"
"Remote Desktop Services: Session logon succeeded:

User: RJAF-PC4429\rjaf
Session ID: 1
Source Network Address: LOCAL","21","0",,"4","0","0","1152921504606846976","573","Microsoft-Windows-TerminalServices-LocalSessionManager","5d896912-022d-40aa-a3a8-4fa5515c76d7","Microsoft-Windows-TerminalServices-LocalSessionManager/Operational","564","1532","rjaf-PC4429","S-1-5-18","9/2/2014 3:14:43 AM",,,"c:\users\mac_1\desktop\winevt\logs\microsoft-windows-terminalservices-localsessionmanager%4operational.evtx","System.UInt32[]","System.Diagnostics.Eventing.Reader.EventBookmark","Information","Info",,"System.Collections.ObjectModel.ReadOnlyCollection`1[System.String]","System.Collections.Generic.List`1[System.Diagnostics.Eventing.Reader.EventProperty]"
"Remote Desktop Services: Session logoff succeeded:

User: RJAF-PC4429\rjaf
Session ID: 1","23","0",,"4","0","0","1152921504606846976","572","Microsoft-Windows-TerminalServices-LocalSessionManager","5d896912-022d-40aa-a3a8-4fa5515c76d7","Microsoft-Windows-TerminalServices-LocalSessionManager/Operational","564","3620","rjaf-PC4429","S-1-5-18","9/2/2014 3:02:08 AM",,,"c:\users\mac_1\desktop\winevt\logs\microsoft-windows-terminalservices-localsessionmanager%4operational.evtx","System.UInt32[]","System.Diagnostics.Eventing.Reader.EventBookmark","Information","Info",,"System.Collections.ObjectModel.ReadOnlyCollection`1[System.String]","System.Collections.Generic.List`1[System.Diagnostics.Eventing.Reader.EventProperty]"
"Remote Desktop Services: Shell start notification received:

User: RJAF-PC4429\rjaf
Session ID: 1
Source Network Address: LOCAL","22","0",,"4","0","0","1152921504606846976","571","Microsoft-Windows-TerminalServices-LocalSessionManager","5d896912-022d-40aa-a3a8-4fa5515c76d7","Microsoft-Windows-TerminalServices-LocalSessionManager/Operational","564","868","rjaf-PC4429","S-1-5-18","9/2/2014 2:19:35 AM",,,"c:\users\mac_1\desktop\winevt\logs\microsoft-windows-terminalservices-localsessionmanager%4operational.evtx","System.UInt32[]","System.Diagnostics.Eventing.Reader.EventBookmark","Information","Info",,"System.Collections.ObjectModel.ReadOnlyCollection`1[System.String]","System.Collections.Generic.List`1[System.Diagnostics.Eventing.Reader.EventProperty]"
"Remote Desktop Services: Session logon succeeded:

User: RJAF-PC4429\rjaf
Session ID: 1
Source Network Address: LOCAL","21","0",,"4","0","0","1152921504606846976","570","Microsoft-Windows-TerminalServices-LocalSessionManager","5d896912-022d-40aa-a3a8-4fa5515c76d7","Microsoft-Windows-TerminalServices-LocalSessionManager/Operational","564","868","rjaf-PC4429","S-1-5-18","9/2/2014 2:19:35 AM",,,"c:\users\mac_1\desktop\winevt\logs\microsoft-windows-terminalservices-localsessionmanager%4operational.evtx","System.UInt32[]","System.Diagnostics.Eventing.Reader.EventBookmark","Information","Info",,"System.Collections.ObjectModel.ReadOnlyCollection`1[System.String]","System.Collections.Generic.List`1[System.Diagnostics.Eventing.Reader.EventProperty]"
"Remote Desktop Services: Session logoff succeeded:

User: RJAF-PC4429\rjaf
Session ID: 2","23","0",,"4","0","0","1152921504606846976","569","Microsoft-Windows-TerminalServices-LocalSessionManager","5d896912-022d-40aa-a3a8-4fa5515c76d7","Microsoft-Windows-TerminalServices-LocalSessionManager/Operational","560","3944","rjaf-PC4429","S-1-5-18","9/1/2014 10:36:32 AM",,,"c:\users\mac_1\desktop\winevt\logs\microsoft-windows-terminalservices-localsessionmanager%4operational.evtx","System.UInt32[]","System.Diagnostics.Eventing.Reader.EventBookmark","Information","Info",,"System.Collections.ObjectModel.ReadOnlyCollection`1[System.String]","System.Collections.Generic.List`1[System.Diagnostics.Eventing.Reader.EventProperty]"
"Remote Desktop Services: Shell start notification received:

User: RJAF-PC4429\rjaf
Session ID: 2
Source Network Address: LOCAL","22","0",,"4","0","0","1152921504606846976","568","Microsoft-Windows-TerminalServices-LocalSessionManager","5d896912-022d-40aa-a3a8-4fa5515c76d7","Microsoft-Windows-TerminalServices-LocalSessionManager/Operational","560","3760","rjaf-PC4429","S-1-5-18","9/1/2014 10:36:18 AM",,,"c:\users\mac_1\desktop\winevt\logs\microsoft-windows-terminalservices-localsessionmanager%4operational.evtx","System.UInt32[]","System.Diagnostics.Eventing.Reader.EventBookmark","Information","Info",,"System.Collections.ObjectModel.ReadOnlyCollection`1[System.String]","System.Collections.Generic.List`1[System.Diagnostics.Eventing.Reader.EventProperty]"
