"Windows has resumed from standby: 
     Standby Duration		:	6304ms
     Standby Incident Time (UTC)	:	?2015?-?01?-?29T20:25:42.385556700Z
     Resume  Duration		:	1204ms
     Resume  Incident Time (UTC)	:	?2015?-?01?-?29T21:06:04.696136600Z
     IsDegradation			:	false","300","1",,"3","4003","36","-9223372036854710272","1971","Microsoft-Windows-Diagnostics-Performance","cfc18ec0-96b1-4eba-961b-622caee05b0a","Microsoft-Windows-Diagnostics-Performance/Operational","1404","1716","rjaf-PC4429","S-1-5-19","1/29/2015 1:06:14 PM","85f03364-489b-0002-ab72-af17c33bd001",,"c:\users\mac_1\desktop\winevt\logs\microsoft-windows-diagnostics-performance%4operational.evtx","System.UInt32[]","System.Diagnostics.Eventing.Reader.EventBookmark","Warning","Standby Information","Standby Performance Monitoring","System.Collections.ObjectModel.ReadOnlyCollection`1[System.String]","System.Collections.Generic.List`1[System.Diagnostics.Eventing.Reader.EventProperty]"
"This driver caused a delay during standby while servicing a device:
     Driver File Name		:	\Driver\usbehci
     Driver Friendly Name		:	EHCI eUSB Miniport Driver
     Driver Version			:	6.1.7600.16788 (win7_gdr.110324-1506)
     Driver Total Time		:	342ms
     Driver Degradation Time	:	115ms
     Incident Time (UTC)		:	?2015?-?01?-?29T19:35:57.513453200Z
     Device Name			:	USB\ROOT_HUB20\4&605ea8b&0
     Device Friendly Name		:	USB Root Hub
     Device Total Time		:	342ms
     Device Degradation Time	:	115ms","302","1",,"3","4003","35","-9223372036854710272","1970","Microsoft-Windows-Diagnostics-Performance","cfc18ec0-96b1-4eba-961b-622caee05b0a","Microsoft-Windows-Diagnostics-Performance/Operational","1404","5840","rjaf-PC4429","S-1-5-19","1/29/2015 11:39:27 AM","00000000-cb28-0000-aa72-af17c33bd001",,"c:\users\mac_1\desktop\winevt\logs\microsoft-windows-diagnostics-performance%4operational.evtx","System.UInt32[]","System.Diagnostics.Eventing.Reader.EventBookmark","Warning","Standby Degradation","Standby Performance Monitoring","System.Collections.ObjectModel.ReadOnlyCollection`1[System.String]","System.Collections.Generic.List`1[System.Diagnostics.Eventing.Reader.EventProperty]"
"Windows has resumed from standby: 
     Standby Duration		:	6714ms
     Standby Incident Time (UTC)	:	?2015?-?01?-?29T19:35:57.513453200Z
     Resume  Duration		:	1213ms
     Resume  Incident Time (UTC)	:	?2015?-?01?-?29T19:39:17.982212300Z
     IsDegradation			:	false","300","1",,"3","4003","36","-9223372036854710272","1969","Microsoft-Windows-Diagnostics-Performance","cfc18ec0-96b1-4eba-961b-622caee05b0a","Microsoft-Windows-Diagnostics-Performance/Operational","1404","5840","rjaf-PC4429","S-1-5-19","1/29/2015 11:39:27 AM","00000000-cb28-0000-aa72-af17c33bd001",,"c:\users\mac_1\desktop\winevt\logs\microsoft-windows-diagnostics-performance%4operational.evtx","System.UInt32[]","System.Diagnostics.Eventing.Reader.EventBookmark","Warning","Standby Information","Standby Performance Monitoring","System.Collections.ObjectModel.ReadOnlyCollection`1[System.String]","System.Collections.Generic.List`1[System.Diagnostics.Eventing.Reader.EventProperty]"
"Windows has resumed from standby: 
     Standby Duration		:	5271ms
     Standby Incident Time (UTC)	:	?2015?-?01?-?29T18:32:27.720665000Z
     Resume  Duration		:	1204ms
     Resume  Incident Time (UTC)	:	?2015?-?01?-?29T19:01:57.056974700Z
     IsDegradation			:	false","300","1",,"3","4003","36","-9223372036854710272","1968","Microsoft-Windows-Diagnostics-Performance","cfc18ec0-96b1-4eba-961b-622caee05b0a","Microsoft-Windows-Diagnostics-Performance/Operational","1404","6324","rjaf-PC4429","S-1-5-19","1/29/2015 11:02:06 AM","85f03c9c-489b-0003-ac72-af17c33bd001",,"c:\users\mac_1\desktop\winevt\logs\microsoft-windows-diagnostics-performance%4operational.evtx","System.UInt32[]","System.Diagnostics.Eventing.Reader.EventBookmark","Warning","Standby Information","Standby Performance Monitoring","System.Collections.ObjectModel.ReadOnlyCollection`1[System.String]","System.Collections.Generic.List`1[System.Diagnostics.Eventing.Reader.EventProperty]"
"Windows has resumed from standby: 
     Standby Duration		:	7426ms
     Standby Incident Time (UTC)	:	?2015?-?01?-?29T17:05:13.076743300Z
     Resume  Duration		:	1202ms
     Resume  Incident Time (UTC)	:	?2015?-?01?-?29T17:58:18.281041400Z
     IsDegradation			:	false","300","1",,"3","4003","36","-9223372036854710272","1967","Microsoft-Windows-Diagnostics-Performance","cfc18ec0-96b1-4eba-961b-622caee05b0a","Microsoft-Windows-Diagnostics-Performance/Operational","1404","7884","rjaf-PC4429","S-1-5-19","1/29/2015 9:58:26 AM","85f03c9c-489b-0003-ab72-af17c33bd001",,"c:\users\mac_1\desktop\winevt\logs\microsoft-windows-diagnostics-performance%4operational.evtx","System.UInt32[]","System.Diagnostics.Eventing.Reader.EventBookmark","Warning","Standby Information","Standby Performance Monitoring","System.Collections.ObjectModel.ReadOnlyCollection`1[System.String]","System.Collections.Generic.List`1[System.Diagnostics.Eventing.Reader.EventProperty]"
"Windows has resumed from standby: 
     Standby Duration		:	11132ms
     Standby Incident Time (UTC)	:	?2015?-?01?-?29T13:57:13.917370200Z
     Resume  Duration		:	1203ms
     Resume  Incident Time (UTC)	:	?2015?-?01?-?29T16:20:26.638261700Z
     IsDegradation			:	false","300","1",,"3","4003","36","-9223372036854710272","1966","Microsoft-Windows-Diagnostics-Performance","cfc18ec0-96b1-4eba-961b-622caee05b0a","Microsoft-Windows-Diagnostics-Performance/Operational","1404","5364","rjaf-PC4429","S-1-5-19","1/29/2015 8:20:35 AM","85f02a9c-489b-0001-a572-af17c33bd001",,"c:\users\mac_1\desktop\winevt\logs\microsoft-windows-diagnostics-performance%4operational.evtx","System.UInt32[]","System.Diagnostics.Eventing.Reader.EventBookmark","Warning","Standby Information","Standby Performance Monitoring","System.Collections.ObjectModel.ReadOnlyCollection`1[System.String]","System.Collections.Generic.List`1[System.Diagnostics.Eventing.Reader.EventProperty]"
"Windows has started up: 
     Boot Duration		:	31149ms
     IsDegradation		:	false
     Incident Time (UTC)	:	?2015?-?01?-?29T12:57:09.578000100Z","100","2",,"3","4002","34","-9223372036854710272","1965","Microsoft-Windows-Diagnostics-Performance","cfc18ec0-96b1-4eba-961b-622caee05b0a","Microsoft-Windows-Diagnostics-Performance/Operational","1404","1528","rjaf-PC4429","S-1-5-19","1/29/2015 4:59:02 AM","85f02a9c-489b-0001-a372-af17c33bd001",,"c:\users\mac_1\desktop\winevt\logs\microsoft-windows-diagnostics-performance%4operational.evtx","System.UInt32[]","System.Diagnostics.Eventing.Reader.EventBookmark","Warning","Boot Information","Boot Performance Monitoring","System.Collections.ObjectModel.ReadOnlyCollection`1[System.String]","System.Collections.Generic.List`1[System.Diagnostics.Eventing.Reader.EventProperty]"
"Windows has shutdown: 
     Shutdown Duration	:	72796ms
     IsDegradation		:	false
     Incident Time (UTC)	:	?2015?-?01?-?29T12:41:42.774211200Z","200","1",,"2","4007","40","-9223372036854710272","1964","Microsoft-Windows-Diagnostics-Performance","cfc18ec0-96b1-4eba-961b-622caee05b0a","Microsoft-Windows-Diagnostics-Performance/Operational","1404","2024","rjaf-PC4429","S-1-5-19","1/29/2015 4:59:02 AM","85f02a9c-489b-0001-a272-af17c33bd001",,"c:\users\mac_1\desktop\winevt\logs\microsoft-windows-diagnostics-performance%4operational.evtx","System.UInt32[]","System.Diagnostics.Eventing.Reader.EventBookmark","Error","Shutdown Information","Shutdown Performance Monitoring","System.Collections.ObjectModel.ReadOnlyCollection`1[System.String]","System.Collections.Generic.List`1[System.Diagnostics.Eventing.Reader.EventProperty]"
"Windows has started up: 
     Boot Duration		:	42573ms
     IsDegradation		:	false
     Incident Time (UTC)	:	?2015?-?01?-?29T12:16:31.578000100Z","100","2",,"3","4002","34","-9223372036854710272","1963","Microsoft-Windows-Diagnostics-Performance","cfc18ec0-96b1-4eba-961b-622caee05b0a","Microsoft-Windows-Diagnostics-Performance/Operational","1348","256","rjaf-PC4429","S-1-5-19","1/29/2015 4:18:28 AM","85f02a9c-289b-0001-a52b-866abd3bd001",,"c:\users\mac_1\desktop\winevt\logs\microsoft-windows-diagnostics-performance%4operational.evtx","System.UInt32[]","System.Diagnostics.Eventing.Reader.EventBookmark","Warning","Boot Information","Boot Performance Monitoring","System.Collections.ObjectModel.ReadOnlyCollection`1[System.String]","System.Collections.Generic.List`1[System.Diagnostics.Eventing.Reader.EventProperty]"
"Windows has resumed from standby: 
     Standby Duration		:	9842ms
     Standby Incident Time (UTC)	:	?2015?-?01?-?29T09:27:37.784175700Z
     Resume  Duration		:	1178ms
     Resume  Incident Time (UTC)	:	?2015?-?01?-?29T11:54:12.437607900Z
     IsDegradation			:	false","300","1",,"3","4003","36","-9223372036854710272","1962","Microsoft-Windows-Diagnostics-Performance","cfc18ec0-96b1-4eba-961b-622caee05b0a","Microsoft-Windows-Diagnostics-Performance/Operational","1392","5176","rjaf-PC4429","S-1-5-19","1/29/2015 3:54:55 AM","85f1dc9c-089b-0003-c223-c54ba338d001",,"c:\users\mac_1\desktop\winevt\logs\microsoft-windows-diagnostics-performance%4operational.evtx","System.UInt32[]","System.Diagnostics.Eventing.Reader.EventBookmark","Warning","Standby Information","Standby Performance Monitoring","System.Collections.ObjectModel.ReadOnlyCollection`1[System.String]","System.Collections.Generic.List`1[System.Diagnostics.Eventing.Reader.EventProperty]"
"The Desktop Window Manager is experiencing heavy resource contention.
     Reason	:	CPU resources are over-utilized.
     Diagnosis	:	A sharp degradation in Desktop Window Manager responsiveness was observed.","501","1",,"3","4006","42","-9223372036854710272","1961","Microsoft-Windows-Diagnostics-Performance","cfc18ec0-96b1-4eba-961b-622caee05b0a","Microsoft-Windows-Diagnostics-Performance/Operational","1392","2508","rjaf-PC4429","S-1-5-19","1/28/2015 11:40:02 PM","85f1c6e4-089b-0001-c523-c54ba338d001",,"c:\users\mac_1\desktop\winevt\logs\microsoft-windows-diagnostics-performance%4operational.evtx","System.UInt32[]","System.Diagnostics.Eventing.Reader.EventBookmark","Warning","Video Memory Responsiveness","Desktop Window Manager Monitoring","System.Collections.ObjectModel.ReadOnlyCollection`1[System.String]","System.Collections.Generic.List`1[System.Diagnostics.Eventing.Reader.EventProperty]"
"The Desktop Window Manager is experiencing heavy resource contention. 
     Scenario	:	The Desktop Window Manager responsiveness has degraded.","500","1",,"3","4006","39","-9223372036854710272","1960","Microsoft-Windows-Diagnostics-Performance","cfc18ec0-96b1-4eba-961b-622caee05b0a","Microsoft-Windows-Diagnostics-Performance/Operational","1392","2508","rjaf-PC4429","S-1-5-19","1/28/2015 11:40:02 PM","85f1c6e4-089b-0001-c523-c54ba338d001",,"c:\users\mac_1\desktop\winevt\logs\microsoft-windows-diagnostics-performance%4operational.evtx","System.UInt32[]","System.Diagnostics.Eventing.Reader.EventBookmark","Warning","Video Memory Degradation","Desktop Window Manager Monitoring","System.Collections.ObjectModel.ReadOnlyCollection`1[System.String]","System.Collections.Generic.List`1[System.Diagnostics.Eventing.Reader.EventProperty]"
"Windows has resumed from standby: 
     Standby Duration		:	5954ms
     Standby Incident Time (UTC)	:	?2015?-?01?-?28T20:12:41.970998800Z
     Resume  Duration		:	8880ms
     Resume  Incident Time (UTC)	:	?2015?-?01?-?29T07:38:18.367079100Z
     IsDegradation			:	false","300","1",,"3","4003","36","-9223372036854710272","1959","Microsoft-Windows-Diagnostics-Performance","cfc18ec0-96b1-4eba-961b-622caee05b0a","Microsoft-Windows-Diagnostics-Performance/Operational","1392","3108","rjaf-PC4429","S-1-5-19","1/28/2015 11:39:51 PM","85f1d364-089b-0002-ce23-c54ba338d001",,"c:\users\mac_1\desktop\winevt\logs\microsoft-windows-diagnostics-performance%4operational.evtx","System.UInt32[]","System.Diagnostics.Eventing.Reader.EventBookmark","Warning","Standby Information","Standby Performance Monitoring","System.Collections.ObjectModel.ReadOnlyCollection`1[System.String]","System.Collections.Generic.List`1[System.Diagnostics.Eventing.Reader.EventProperty]"
"Windows has resumed from standby: 
     Standby Duration		:	12711ms
     Standby Incident Time (UTC)	:	?2015?-?01?-?28T17:31:57.653186500Z
     Resume  Duration		:	1176ms
     Resume  Incident Time (UTC)	:	?2015?-?01?-?28T19:13:12.572102900Z
     IsDegradation			:	false","300","1",,"3","4003","36","-9223372036854710272","1958","Microsoft-Windows-Diagnostics-Performance","cfc18ec0-96b1-4eba-961b-622caee05b0a","Microsoft-Windows-Diagnostics-Performance/Operational","1392","2104","rjaf-PC4429","S-1-5-19","1/28/2015 11:13:50 AM","00000000-8b28-0000-b023-c54ba338d001",,"c:\users\mac_1\desktop\winevt\logs\microsoft-windows-diagnostics-performance%4operational.evtx","System.UInt32[]","System.Diagnostics.Eventing.Reader.EventBookmark","Warning","Standby Information","Standby Performance Monitoring","System.Collections.ObjectModel.ReadOnlyCollection`1[System.String]","System.Collections.Generic.List`1[System.Diagnostics.Eventing.Reader.EventProperty]"
"This driver caused a delay during standby while servicing a device:
     Driver File Name		:	\Driver\pci
     Driver Friendly Name		:	NT Plug and Play PCI Enumerator
     Driver Version			:	6.1.7600.16385 (win7_rtm.090713-1255)
     Driver Total Time		:	25ms
     Driver Degradation Time	:	5ms
     Incident Time (UTC)		:	?2015?-?01?-?28T01:02:48.202544800Z
     Device Name			:	PCI\VEN_8086&DEV_1C2D&SUBSYS_204E8086&REV_05\3&11583659&0&D0
     Device Friendly Name		:	Intel(R) 6 Series/C200 Series Chipset Family USB Enhanced Host Controller - 1C2D
     Device Total Time		:	25ms
     Device Degradation Time	:	0ms","302","1",,"3","4003","35","-9223372036854710272","1957","Microsoft-Windows-Diagnostics-Performance","cfc18ec0-96b1-4eba-961b-622caee05b0a","Microsoft-Windows-Diagnostics-Performance/Operational","1392","1028","rjaf-PC4429","S-1-5-19","1/28/2015 8:45:21 AM","00000000-8b28-0000-ae23-c54ba338d001",,"c:\users\mac_1\desktop\winevt\logs\microsoft-windows-diagnostics-performance%4operational.evtx","System.UInt32[]","System.Diagnostics.Eventing.Reader.EventBookmark","Warning","Standby Degradation","Standby Performance Monitoring","System.Collections.ObjectModel.ReadOnlyCollection`1[System.String]","System.Collections.Generic.List`1[System.Diagnostics.Eventing.Reader.EventProperty]"
"This driver caused a delay during standby while servicing a device:
     Driver File Name		:	\Driver\pci
     Driver Friendly Name		:	NT Plug and Play PCI Enumerator
     Driver Version			:	6.1.7600.16385 (win7_rtm.090713-1255)
     Driver Total Time		:	25ms
     Driver Degradation Time	:	5ms
     Incident Time (UTC)		:	?2015?-?01?-?28T01:02:48.202544800Z
     Device Name			:	PCI\VEN_8086&DEV_1C14&SUBSYS_204E8086&REV_B5\3&11583659&0&E2
     Device Friendly Name		:	Intel(R) 6 Series/C200 Series Chipset Family PCI Express Root Port 3 - 1C14
     Device Total Time		:	25ms
     Device Degradation Time	:	0ms","302","1",,"3","4003","35","-9223372036854710272","1956","Microsoft-Windows-Diagnostics-Performance","cfc18ec0-96b1-4eba-961b-622caee05b0a","Microsoft-Windows-Diagnostics-Performance/Operational","1392","1028","rjaf-PC4429","S-1-5-19","1/28/2015 8:45:21 AM","00000000-8b28-0000-ae23-c54ba338d001",,"c:\users\mac_1\desktop\winevt\logs\microsoft-windows-diagnostics-performance%4operational.evtx","System.UInt32[]","System.Diagnostics.Eventing.Reader.EventBookmark","Warning","Standby Degradation","Standby Performance Monitoring","System.Collections.ObjectModel.ReadOnlyCollection`1[System.String]","System.Collections.Generic.List`1[System.Diagnostics.Eventing.Reader.EventProperty]"
"This driver caused a delay during standby while servicing a device:
     Driver File Name		:	\Driver\pci
     Driver Friendly Name		:	NT Plug and Play PCI Enumerator
     Driver Version			:	6.1.7600.16385 (win7_rtm.090713-1255)
     Driver Total Time		:	25ms
     Driver Degradation Time	:	5ms
     Incident Time (UTC)		:	?2015?-?01?-?28T01:02:48.202544800Z
     Device Name			:	PCI\VEN_8086&DEV_1C26&SUBSYS_204E8086&REV_05\3&11583659&0&E8
     Device Friendly Name		:	Intel(R) 6 Series/C200 Series Chipset Family USB Enhanced Host Controller - 1C26
     Device Total Time		:	25ms
     Device Degradation Time	:	0ms","302","1",,"3","4003","35","-9223372036854710272","1955","Microsoft-Windows-Diagnostics-Performance","cfc18ec0-96b1-4eba-961b-622caee05b0a","Microsoft-Windows-Diagnostics-Performance/Operational","1392","1028","rjaf-PC4429","S-1-5-19","1/28/2015 8:45:21 AM","00000000-8b28-0000-ae23-c54ba338d001",,"c:\users\mac_1\desktop\winevt\logs\microsoft-windows-diagnostics-performance%4operational.evtx","System.UInt32[]","System.Diagnostics.Eventing.Reader.EventBookmark","Warning","Standby Degradation","Standby Performance Monitoring","System.Collections.ObjectModel.ReadOnlyCollection`1[System.String]","System.Collections.Generic.List`1[System.Diagnostics.Eventing.Reader.EventProperty]"
"This driver caused a delay during standby while servicing a device:
     Driver File Name		:	\Driver\pci
     Driver Friendly Name		:	NT Plug and Play PCI Enumerator
     Driver Version			:	6.1.7600.16385 (win7_rtm.090713-1255)
     Driver Total Time		:	25ms
     Driver Degradation Time	:	5ms
     Incident Time (UTC)		:	?2015?-?01?-?28T01:02:48.202544800Z
     Device Name			:	PCI\VEN_8086&DEV_1C10&SUBSYS_204E8086&REV_B5\3&11583659&0&E0
     Device Friendly Name		:	Intel(R) 6 Series/C200 Series Chipset Family PCI Express Root Port 1 - 1C10
     Device Total Time		:	26ms
     Device Degradation Time	:	0ms","302","1",,"3","4003","35","-9223372036854710272","1954","Microsoft-Windows-Diagnostics-Performance","cfc18ec0-96b1-4eba-961b-622caee05b0a","Microsoft-Windows-Diagnostics-Performance/Operational","1392","1028","rjaf-PC4429","S-1-5-19","1/28/2015 8:45:21 AM","00000000-8b28-0000-ae23-c54ba338d001",,"c:\users\mac_1\desktop\winevt\logs\microsoft-windows-diagnostics-performance%4operational.evtx","System.UInt32[]","System.Diagnostics.Eventing.Reader.EventBookmark","Warning","Standby Degradation","Standby Performance Monitoring","System.Collections.ObjectModel.ReadOnlyCollection`1[System.String]","System.Collections.Generic.List`1[System.Diagnostics.Eventing.Reader.EventProperty]"
"This driver caused a delay during standby while servicing a device:
     Driver File Name		:	\Driver\pci
     Driver Friendly Name		:	NT Plug and Play PCI Enumerator
     Driver Version			:	6.1.7600.16385 (win7_rtm.090713-1255)
     Driver Total Time		:	25ms
     Driver Degradation Time	:	5ms
     Incident Time (UTC)		:	?2015?-?01?-?28T01:02:48.202544800Z
     Device Name			:	PCI\VEN_8086&DEV_1C3A&SUBSYS_204E8086&REV_04\3&11583659&0&B0
     Device Friendly Name		:	Intel(R) Management Engine Interface 
     Device Total Time		:	26ms
     Device Degradation Time	:	0ms","302","1",,"3","4003","35","-9223372036854710272","1953","Microsoft-Windows-Diagnostics-Performance","cfc18ec0-96b1-4eba-961b-622caee05b0a","Microsoft-Windows-Diagnostics-Performance/Operational","1392","1028","rjaf-PC4429","S-1-5-19","1/28/2015 8:45:21 AM","00000000-8b28-0000-ae23-c54ba338d001",,"c:\users\mac_1\desktop\winevt\logs\microsoft-windows-diagnostics-performance%4operational.evtx","System.UInt32[]","System.Diagnostics.Eventing.Reader.EventBookmark","Warning","Standby Degradation","Standby Performance Monitoring","System.Collections.ObjectModel.ReadOnlyCollection`1[System.String]","System.Collections.Generic.List`1[System.Diagnostics.Eventing.Reader.EventProperty]"
"Windows has resumed from standby: 
     Standby Duration		:	7401ms
     Standby Incident Time (UTC)	:	?2015?-?01?-?28T01:02:48.202544800Z
     Resume  Duration		:	1205ms
     Resume  Incident Time (UTC)	:	?2015?-?01?-?28T16:44:43.240710600Z
     IsDegradation			:	false","300","1",,"3","4003","36","-9223372036854710272","1952","Microsoft-Windows-Diagnostics-Performance","cfc18ec0-96b1-4eba-961b-622caee05b0a","Microsoft-Windows-Diagnostics-Performance/Operational","1392","1028","rjaf-PC4429","S-1-5-19","1/28/2015 8:45:21 AM","00000000-8b28-0000-ae23-c54ba338d001",,"c:\users\mac_1\desktop\winevt\logs\microsoft-windows-diagnostics-performance%4operational.evtx","System.UInt32[]","System.Diagnostics.Eventing.Reader.EventBookmark","Warning","Standby Information","Standby Performance Monitoring","System.Collections.ObjectModel.ReadOnlyCollection`1[System.String]","System.Collections.Generic.List`1[System.Diagnostics.Eventing.Reader.EventProperty]"
"Windows has resumed from standby: 
     Standby Duration		:	7988ms
     Standby Incident Time (UTC)	:	?2015?-?01?-?27T21:46:34.323588500Z
     Resume  Duration		:	1135ms
     Resume  Incident Time (UTC)	:	?2015?-?01?-?28T00:59:48.704424200Z
     IsDegradation			:	false","300","1",,"3","4003","36","-9223372036854710272","1951","Microsoft-Windows-Diagnostics-Performance","cfc18ec0-96b1-4eba-961b-622caee05b0a","Microsoft-Windows-Diagnostics-Performance/Operational","1392","2452","rjaf-PC4429","S-1-5-19","1/27/2015 5:00:21 PM","00000000-8b28-0000-ad23-c54ba338d001",,"c:\users\mac_1\desktop\winevt\logs\microsoft-windows-diagnostics-performance%4operational.evtx","System.UInt32[]","System.Diagnostics.Eventing.Reader.EventBookmark","Warning","Standby Information","Standby Performance Monitoring","System.Collections.ObjectModel.ReadOnlyCollection`1[System.String]","System.Collections.Generic.List`1[System.Diagnostics.Eventing.Reader.EventProperty]"
"Windows has resumed from standby: 
     Standby Duration		:	7595ms
     Standby Incident Time (UTC)	:	?2015?-?01?-?27T20:45:34.539221500Z
     Resume  Duration		:	1176ms
     Resume  Incident Time (UTC)	:	?2015?-?01?-?27T21:10:01.889261200Z
     IsDegradation			:	false","300","1",,"3","4003","36","-9223372036854710272","1950","Microsoft-Windows-Diagnostics-Performance","cfc18ec0-96b1-4eba-961b-622caee05b0a","Microsoft-Windows-Diagnostics-Performance/Operational","1392","2424","rjaf-PC4429","S-1-5-19","1/27/2015 1:10:31 PM","85f1c6e4-089b-0001-c023-c54ba338d001",,"c:\users\mac_1\desktop\winevt\logs\microsoft-windows-diagnostics-performance%4operational.evtx","System.UInt32[]","System.Diagnostics.Eventing.Reader.EventBookmark","Warning","Standby Information","Standby Performance Monitoring","System.Collections.ObjectModel.ReadOnlyCollection`1[System.String]","System.Collections.Generic.List`1[System.Diagnostics.Eventing.Reader.EventProperty]"
"Windows has resumed from standby: 
     Standby Duration		:	5719ms
     Standby Incident Time (UTC)	:	?2015?-?01?-?27T13:36:51.721133800Z
     Resume  Duration		:	1200ms
     Resume  Incident Time (UTC)	:	?2015?-?01?-?27T19:30:50.167387700Z
     IsDegradation			:	false","300","1",,"3","4003","36","-9223372036854710272","1949","Microsoft-Windows-Diagnostics-Performance","cfc18ec0-96b1-4eba-961b-622caee05b0a","Microsoft-Windows-Diagnostics-Performance/Operational","1392","928","rjaf-PC4429","S-1-5-19","1/27/2015 11:31:19 AM","85f1dc9c-089b-0003-bb23-c54ba338d001",,"c:\users\mac_1\desktop\winevt\logs\microsoft-windows-diagnostics-performance%4operational.evtx","System.UInt32[]","System.Diagnostics.Eventing.Reader.EventBookmark","Warning","Standby Information","Standby Performance Monitoring","System.Collections.ObjectModel.ReadOnlyCollection`1[System.String]","System.Collections.Generic.List`1[System.Diagnostics.Eventing.Reader.EventProperty]"
"Windows has resumed from standby: 
     Standby Duration		:	6253ms
     Standby Incident Time (UTC)	:	?2015?-?01?-?27T11:28:37.223409100Z
     Resume  Duration		:	1245ms
     Resume  Incident Time (UTC)	:	?2015?-?01?-?27T12:34:23.335714900Z
     IsDegradation			:	false","300","1",,"3","4003","36","-9223372036854710272","1948","Microsoft-Windows-Diagnostics-Performance","cfc18ec0-96b1-4eba-961b-622caee05b0a","Microsoft-Windows-Diagnostics-Performance/Operational","1392","3936","rjaf-PC4429","S-1-5-19","1/27/2015 4:34:51 AM","85f1c6e4-089b-0001-be23-c54ba338d001",,"c:\users\mac_1\desktop\winevt\logs\microsoft-windows-diagnostics-performance%4operational.evtx","System.UInt32[]","System.Diagnostics.Eventing.Reader.EventBookmark","Warning","Standby Information","Standby Performance Monitoring","System.Collections.ObjectModel.ReadOnlyCollection`1[System.String]","System.Collections.Generic.List`1[System.Diagnostics.Eventing.Reader.EventProperty]"
"Windows has resumed from standby: 
     Standby Duration		:	7477ms
     Standby Incident Time (UTC)	:	?2015?-?01?-?27T10:22:22.415682100Z
     Resume  Duration		:	1200ms
     Resume  Incident Time (UTC)	:	?2015?-?01?-?27T10:32:22.822055500Z
     IsDegradation			:	false","300","1",,"3","4003","36","-9223372036854710272","1947","Microsoft-Windows-Diagnostics-Performance","cfc18ec0-96b1-4eba-961b-622caee05b0a","Microsoft-Windows-Diagnostics-Performance/Operational","1392","2324","rjaf-PC4429","S-1-5-19","1/27/2015 2:32:50 AM","85f1dc9c-089b-0003-b923-c54ba338d001",,"c:\users\mac_1\desktop\winevt\logs\microsoft-windows-diagnostics-performance%4operational.evtx","System.UInt32[]","System.Diagnostics.Eventing.Reader.EventBookmark","Warning","Standby Information","Standby Performance Monitoring","System.Collections.ObjectModel.ReadOnlyCollection`1[System.String]","System.Collections.Generic.List`1[System.Diagnostics.Eventing.Reader.EventProperty]"
"Windows has resumed from standby: 
     Standby Duration		:	7895ms
     Standby Incident Time (UTC)	:	?2015?-?01?-?27T09:06:22.639152600Z
     Resume  Duration		:	1221ms
     Resume  Incident Time (UTC)	:	?2015?-?01?-?27T09:32:07.985734700Z
     IsDegradation			:	false","300","1",,"3","4003","36","-9223372036854710272","1946","Microsoft-Windows-Diagnostics-Performance","cfc18ec0-96b1-4eba-961b-622caee05b0a","Microsoft-Windows-Diagnostics-Performance/Operational","1392","3356","rjaf-PC4429","S-1-5-19","1/27/2015 1:32:35 AM","85f1d364-089b-0002-c023-c54ba338d001",,"c:\users\mac_1\desktop\winevt\logs\microsoft-windows-diagnostics-performance%4operational.evtx","System.UInt32[]","System.Diagnostics.Eventing.Reader.EventBookmark","Warning","Standby Information","Standby Performance Monitoring","System.Collections.ObjectModel.ReadOnlyCollection`1[System.String]","System.Collections.Generic.List`1[System.Diagnostics.Eventing.Reader.EventProperty]"
"This driver caused a delay during standby while servicing a device:
     Driver File Name		:	\Driver\HdAudAddService
     Driver Friendly Name		:	High Definition Audio Function Driver
     Driver Version			:	6.1.7600.16385 (win7_rtm.090713-1255)
     Driver Total Time		:	27ms
     Driver Degradation Time	:	10ms
     Incident Time (UTC)		:	?2015?-?01?-?27T01:02:39.986691200Z
     Device Name			:	HDAUDIO\FUNC_01&VEN_10EC&DEV_0662&SUBSYS_8086204E&REV_1001\4&21abbdd3&0&0001
     Device Friendly Name		:	High Definition Audio Device
     Device Total Time		:	27ms
     Device Degradation Time	:	0ms","302","1",,"3","4003","35","-9223372036854710272","1945","Microsoft-Windows-Diagnostics-Performance","cfc18ec0-96b1-4eba-961b-622caee05b0a","Microsoft-Windows-Diagnostics-Performance/Operational","1392","2764","rjaf-PC4429","S-1-5-19","1/26/2015 11:04:04 PM","85f1dc9c-089b-0003-b223-c54ba338d001",,"c:\users\mac_1\desktop\winevt\logs\microsoft-windows-diagnostics-performance%4operational.evtx","System.UInt32[]","System.Diagnostics.Eventing.Reader.EventBookmark","Warning","Standby Degradation","Standby Performance Monitoring","System.Collections.ObjectModel.ReadOnlyCollection`1[System.String]","System.Collections.Generic.List`1[System.Diagnostics.Eventing.Reader.EventProperty]"
"Windows has resumed from standby: 
     Standby Duration		:	7395ms
     Standby Incident Time (UTC)	:	?2015?-?01?-?27T01:02:39.986691200Z
     Resume  Duration		:	1181ms
     Resume  Incident Time (UTC)	:	?2015?-?01?-?27T07:03:37.367051100Z
     IsDegradation			:	false","300","1",,"3","4003","36","-9223372036854710272","1944","Microsoft-Windows-Diagnostics-Performance","cfc18ec0-96b1-4eba-961b-622caee05b0a","Microsoft-Windows-Diagnostics-Performance/Operational","1392","2764","rjaf-PC4429","S-1-5-19","1/26/2015 11:04:04 PM","85f1dc9c-089b-0003-b223-c54ba338d001",,"c:\users\mac_1\desktop\winevt\logs\microsoft-windows-diagnostics-performance%4operational.evtx","System.UInt32[]","System.Diagnostics.Eventing.Reader.EventBookmark","Warning","Standby Information","Standby Performance Monitoring","System.Collections.ObjectModel.ReadOnlyCollection`1[System.String]","System.Collections.Generic.List`1[System.Diagnostics.Eventing.Reader.EventProperty]"
"This driver caused a delay during standby while servicing a device:
     Driver File Name		:	\Driver\HidUsb
     Driver Friendly Name		:	USB Miniport Driver for Input Devices
     Driver Version			:	6.1.7600.16385 (win7_rtm.090713-1255)
     Driver Total Time		:	30ms
     Driver Degradation Time	:	13ms
     Incident Time (UTC)		:	?2015?-?01?-?26T22:34:10.834938700Z
     Device Name			:	USB\VID_04F3&PID_0103&MI_00\7&f9ecafe&0&0000
     Device Friendly Name		:	USB Input Device
     Device Total Time		:	30ms
     Device Degradation Time	:	0ms","302","1",,"3","4003","35","-9223372036854710272","1943","Microsoft-Windows-Diagnostics-Performance","cfc18ec0-96b1-4eba-961b-622caee05b0a","Microsoft-Windows-Diagnostics-Performance/Operational","1392","3780","rjaf-PC4429","S-1-5-19","1/26/2015 5:00:19 PM","85f1d364-089b-0002-bb23-c54ba338d001",,"c:\users\mac_1\desktop\winevt\logs\microsoft-windows-diagnostics-performance%4operational.evtx","System.UInt32[]","System.Diagnostics.Eventing.Reader.EventBookmark","Warning","Standby Degradation","Standby Performance Monitoring","System.Collections.ObjectModel.ReadOnlyCollection`1[System.String]","System.Collections.Generic.List`1[System.Diagnostics.Eventing.Reader.EventProperty]"
"This driver caused a delay during standby while servicing a device:
     Driver File Name		:	\Driver\HidUsb
     Driver Friendly Name		:	USB Miniport Driver for Input Devices
     Driver Version			:	6.1.7600.16385 (win7_rtm.090713-1255)
     Driver Total Time		:	30ms
     Driver Degradation Time	:	13ms
     Incident Time (UTC)		:	?2015?-?01?-?26T22:34:10.834938700Z
     Device Name			:	USB\VID_04F3&PID_0103&MI_01\7&f9ecafe&0&0001
     Device Friendly Name		:	USB Input Device
     Device Total Time		:	30ms
     Device Degradation Time	:	0ms","302","1",,"3","4003","35","-9223372036854710272","1942","Microsoft-Windows-Diagnostics-Performance","cfc18ec0-96b1-4eba-961b-622caee05b0a","Microsoft-Windows-Diagnostics-Performance/Operational","1392","3780","rjaf-PC4429","S-1-5-19","1/26/2015 5:00:19 PM","85f1d364-089b-0002-bb23-c54ba338d001",,"c:\users\mac_1\desktop\winevt\logs\microsoft-windows-diagnostics-performance%4operational.evtx","System.UInt32[]","System.Diagnostics.Eventing.Reader.EventBookmark","Warning","Standby Degradation","Standby Performance Monitoring","System.Collections.ObjectModel.ReadOnlyCollection`1[System.String]","System.Collections.Generic.List`1[System.Diagnostics.Eventing.Reader.EventProperty]"
"This driver caused a delay during standby while servicing a device:
     Driver File Name		:	\Driver\HidUsb
     Driver Friendly Name		:	USB Miniport Driver for Input Devices
     Driver Version			:	6.1.7600.16385 (win7_rtm.090713-1255)
     Driver Total Time		:	30ms
     Driver Degradation Time	:	13ms
     Incident Time (UTC)		:	?2015?-?01?-?26T22:34:10.834938700Z
     Device Name			:	USB\VID_15D9&PID_0A4F\6&2bf858fa&0&1
     Device Friendly Name		:	USB Input Device
     Device Total Time		:	31ms
     Device Degradation Time	:	0ms","302","1",,"3","4003","35","-9223372036854710272","1941","Microsoft-Windows-Diagnostics-Performance","cfc18ec0-96b1-4eba-961b-622caee05b0a","Microsoft-Windows-Diagnostics-Performance/Operational","1392","3780","rjaf-PC4429","S-1-5-19","1/26/2015 5:00:19 PM","85f1d364-089b-0002-bb23-c54ba338d001",,"c:\users\mac_1\desktop\winevt\logs\microsoft-windows-diagnostics-performance%4operational.evtx","System.UInt32[]","System.Diagnostics.Eventing.Reader.EventBookmark","Warning","Standby Degradation","Standby Performance Monitoring","System.Collections.ObjectModel.ReadOnlyCollection`1[System.String]","System.Collections.Generic.List`1[System.Diagnostics.Eventing.Reader.EventProperty]"
"This driver caused a delay during standby while servicing a device:
     Driver File Name		:	\Driver\usbhub
     Driver Friendly Name		:	Default Hub Driver for USB
     Driver Version			:	6.1.7600.16385 (win7_rtm.090713-1255)
     Driver Total Time		:	142ms
     Driver Degradation Time	:	43ms
     Incident Time (UTC)		:	?2015?-?01?-?26T22:34:10.834938700Z
     Device Name			:	USB\VID_8087&PID_0024\5&63440b9&0&1
     Device Friendly Name		:	Generic USB Hub
     Device Total Time		:	142ms
     Device Degradation Time	:	43ms","302","1",,"3","4003","35","-9223372036854710272","1940","Microsoft-Windows-Diagnostics-Performance","cfc18ec0-96b1-4eba-961b-622caee05b0a","Microsoft-Windows-Diagnostics-Performance/Operational","1392","3780","rjaf-PC4429","S-1-5-19","1/26/2015 5:00:19 PM","85f1d364-089b-0002-bb23-c54ba338d001",,"c:\users\mac_1\desktop\winevt\logs\microsoft-windows-diagnostics-performance%4operational.evtx","System.UInt32[]","System.Diagnostics.Eventing.Reader.EventBookmark","Warning","Standby Degradation","Standby Performance Monitoring","System.Collections.ObjectModel.ReadOnlyCollection`1[System.String]","System.Collections.Generic.List`1[System.Diagnostics.Eventing.Reader.EventProperty]"
"This driver caused a delay during standby while servicing a device:
     Driver File Name		:	\Driver\usbehci
     Driver Friendly Name		:	EHCI eUSB Miniport Driver
     Driver Version			:	6.1.7600.16788 (win7_gdr.110324-1506)
     Driver Total Time		:	342ms
     Driver Degradation Time	:	145ms
     Incident Time (UTC)		:	?2015?-?01?-?26T22:34:10.834938700Z
     Device Name			:	USB\ROOT_HUB20\4&605ea8b&0
     Device Friendly Name		:	USB Root Hub
     Device Total Time		:	342ms
     Device Degradation Time	:	145ms","302","1",,"3","4003","35","-9223372036854710272","1939","Microsoft-Windows-Diagnostics-Performance","cfc18ec0-96b1-4eba-961b-622caee05b0a","Microsoft-Windows-Diagnostics-Performance/Operational","1392","3780","rjaf-PC4429","S-1-5-19","1/26/2015 5:00:19 PM","85f1d364-089b-0002-bb23-c54ba338d001",,"c:\users\mac_1\desktop\winevt\logs\microsoft-windows-diagnostics-performance%4operational.evtx","System.UInt32[]","System.Diagnostics.Eventing.Reader.EventBookmark","Warning","Standby Degradation","Standby Performance Monitoring","System.Collections.ObjectModel.ReadOnlyCollection`1[System.String]","System.Collections.Generic.List`1[System.Diagnostics.Eventing.Reader.EventProperty]"
"Windows has resumed from standby: 
     Standby Duration		:	6798ms
     Standby Incident Time (UTC)	:	?2015?-?01?-?26T22:34:10.834938700Z
     Resume  Duration		:	1213ms
     Resume  Incident Time (UTC)	:	?2015?-?01?-?27T00:59:55.480115000Z
     IsDegradation			:	false","300","1",,"3","4003","36","-9223372036854710272","1938","Microsoft-Windows-Diagnostics-Performance","cfc18ec0-96b1-4eba-961b-622caee05b0a","Microsoft-Windows-Diagnostics-Performance/Operational","1392","3780","rjaf-PC4429","S-1-5-19","1/26/2015 5:00:19 PM","85f1d364-089b-0002-bb23-c54ba338d001",,"c:\users\mac_1\desktop\winevt\logs\microsoft-windows-diagnostics-performance%4operational.evtx","System.UInt32[]","System.Diagnostics.Eventing.Reader.EventBookmark","Warning","Standby Information","Standby Performance Monitoring","System.Collections.ObjectModel.ReadOnlyCollection`1[System.String]","System.Collections.Generic.List`1[System.Diagnostics.Eventing.Reader.EventProperty]"
"Windows has resumed from standby: 
     Standby Duration		:	7573ms
     Standby Incident Time (UTC)	:	?2015?-?01?-?26T21:37:40.965639800Z
     Resume  Duration		:	1171ms
     Resume  Incident Time (UTC)	:	?2015?-?01?-?26T21:44:36.420796100Z
     IsDegradation			:	false","300","1",,"3","4003","36","-9223372036854710272","1937","Microsoft-Windows-Diagnostics-Performance","cfc18ec0-96b1-4eba-961b-622caee05b0a","Microsoft-Windows-Diagnostics-Performance/Operational","1392","2476","rjaf-PC4429","S-1-5-19","1/26/2015 1:45:00 PM","85f1d364-089b-0002-b823-c54ba338d001",,"c:\users\mac_1\desktop\winevt\logs\microsoft-windows-diagnostics-performance%4operational.evtx","System.UInt32[]","System.Diagnostics.Eventing.Reader.EventBookmark","Warning","Standby Information","Standby Performance Monitoring","System.Collections.ObjectModel.ReadOnlyCollection`1[System.String]","System.Collections.Generic.List`1[System.Diagnostics.Eventing.Reader.EventProperty]"
"Windows has resumed from standby: 
     Standby Duration		:	7146ms
     Standby Incident Time (UTC)	:	?2015?-?01?-?26T18:50:26.790543800Z
     Resume  Duration		:	1136ms
     Resume  Incident Time (UTC)	:	?2015?-?01?-?26T20:56:08.547844000Z
     IsDegradation			:	false","300","1",,"3","4003","36","-9223372036854710272","1936","Microsoft-Windows-Diagnostics-Performance","cfc18ec0-96b1-4eba-961b-622caee05b0a","Microsoft-Windows-Diagnostics-Performance/Operational","1392","2056","rjaf-PC4429","S-1-5-19","1/26/2015 12:56:32 PM","00000000-8b28-0000-a623-c54ba338d001",,"c:\users\mac_1\desktop\winevt\logs\microsoft-windows-diagnostics-performance%4operational.evtx","System.UInt32[]","System.Diagnostics.Eventing.Reader.EventBookmark","Warning","Standby Information","Standby Performance Monitoring","System.Collections.ObjectModel.ReadOnlyCollection`1[System.String]","System.Collections.Generic.List`1[System.Diagnostics.Eventing.Reader.EventProperty]"
"Windows has resumed from standby: 
     Standby Duration		:	6476ms
     Standby Incident Time (UTC)	:	?2015?-?01?-?26T16:58:27.126168200Z
     Resume  Duration		:	1181ms
     Resume  Incident Time (UTC)	:	?2015?-?01?-?26T17:31:57.428658200Z
     IsDegradation			:	false","300","1",,"3","4003","36","-9223372036854710272","1935","Microsoft-Windows-Diagnostics-Performance","cfc18ec0-96b1-4eba-961b-622caee05b0a","Microsoft-Windows-Diagnostics-Performance/Operational","1392","952","rjaf-PC4429","S-1-5-19","1/26/2015 9:32:19 AM","00000000-8b28-0000-a423-c54ba338d001",,"c:\users\mac_1\desktop\winevt\logs\microsoft-windows-diagnostics-performance%4operational.evtx","System.UInt32[]","System.Diagnostics.Eventing.Reader.EventBookmark","Warning","Standby Information","Standby Performance Monitoring","System.Collections.ObjectModel.ReadOnlyCollection`1[System.String]","System.Collections.Generic.List`1[System.Diagnostics.Eventing.Reader.EventProperty]"
"Windows has resumed from standby: 
     Standby Duration		:	6757ms
     Standby Incident Time (UTC)	:	?2015?-?01?-?26T12:50:28.351069600Z
     Resume  Duration		:	1289ms
     Resume  Incident Time (UTC)	:	?2015?-?01?-?26T16:01:51.725230600Z
     IsDegradation			:	false","300","1",,"3","4003","36","-9223372036854710272","1934","Microsoft-Windows-Diagnostics-Performance","cfc18ec0-96b1-4eba-961b-622caee05b0a","Microsoft-Windows-Diagnostics-Performance/Operational","1392","2540","rjaf-PC4429","S-1-5-19","1/26/2015 8:02:14 AM","85f1d364-089b-0002-b123-c54ba338d001",,"c:\users\mac_1\desktop\winevt\logs\microsoft-windows-diagnostics-performance%4operational.evtx","System.UInt32[]","System.Diagnostics.Eventing.Reader.EventBookmark","Warning","Standby Information","Standby Performance Monitoring","System.Collections.ObjectModel.ReadOnlyCollection`1[System.String]","System.Collections.Generic.List`1[System.Diagnostics.Eventing.Reader.EventProperty]"
"This application caused a delay during standby: 
     File Name		:	McUICnt.exe
     Friendly Name		:	McAfee
     Version		:	5,9,2,0
     Total Time		:	8284ms
     Degradation Time	:	7284ms
     Incident Time (UTC)	:	?2015?-?01?-?26T10:11:14.131976400Z","301","1",,"2","4003","35","-9223372036854710272","1933","Microsoft-Windows-Diagnostics-Performance","cfc18ec0-96b1-4eba-961b-622caee05b0a","Microsoft-Windows-Diagnostics-Performance/Operational","1392","2960","rjaf-PC4429","S-1-5-19","1/26/2015 4:16:32 AM","85f1c6e4-089b-0001-ac23-c54ba338d001",,"c:\users\mac_1\desktop\winevt\logs\microsoft-windows-diagnostics-performance%4operational.evtx","System.UInt32[]","System.Diagnostics.Eventing.Reader.EventBookmark","Error","Standby Degradation","Standby Performance Monitoring","System.Collections.ObjectModel.ReadOnlyCollection`1[System.String]","System.Collections.Generic.List`1[System.Diagnostics.Eventing.Reader.EventProperty]"
"Windows has resumed from standby: 
     Standby Duration		:	16353ms
     Standby Incident Time (UTC)	:	?2015?-?01?-?26T10:11:14.131976400Z
     Resume  Duration		:	1193ms
     Resume  Incident Time (UTC)	:	?2015?-?01?-?26T12:16:07.905635000Z
     IsDegradation			:	false","300","1",,"3","4003","36","-9223372036854710272","1932","Microsoft-Windows-Diagnostics-Performance","cfc18ec0-96b1-4eba-961b-622caee05b0a","Microsoft-Windows-Diagnostics-Performance/Operational","1392","2960","rjaf-PC4429","S-1-5-19","1/26/2015 4:16:32 AM","85f1c6e4-089b-0001-ac23-c54ba338d001",,"c:\users\mac_1\desktop\winevt\logs\microsoft-windows-diagnostics-performance%4operational.evtx","System.UInt32[]","System.Diagnostics.Eventing.Reader.EventBookmark","Warning","Standby Information","Standby Performance Monitoring","System.Collections.ObjectModel.ReadOnlyCollection`1[System.String]","System.Collections.Generic.List`1[System.Diagnostics.Eventing.Reader.EventProperty]"
"Windows has resumed from standby: 
     Standby Duration		:	17328ms
     Standby Incident Time (UTC)	:	?2015?-?01?-?26T08:41:29.477881500Z
     Resume  Duration		:	1186ms
     Resume  Incident Time (UTC)	:	?2015?-?01?-?26T09:30:40.699010900Z
     IsDegradation			:	false","300","1",,"3","4003","36","-9223372036854710272","1931","Microsoft-Windows-Diagnostics-Performance","cfc18ec0-96b1-4eba-961b-622caee05b0a","Microsoft-Windows-Diagnostics-Performance/Operational","1392","1832","rjaf-PC4429","S-1-5-19","1/26/2015 1:31:04 AM","85f1d364-089b-0002-ad23-c54ba338d001",,"c:\users\mac_1\desktop\winevt\logs\microsoft-windows-diagnostics-performance%4operational.evtx","System.UInt32[]","System.Diagnostics.Eventing.Reader.EventBookmark","Warning","Standby Information","Standby Performance Monitoring","System.Collections.ObjectModel.ReadOnlyCollection`1[System.String]","System.Collections.Generic.List`1[System.Diagnostics.Eventing.Reader.EventProperty]"
"Windows has resumed from standby: 
     Standby Duration		:	8799ms
     Standby Incident Time (UTC)	:	?2015?-?01?-?26T01:03:01.952046500Z
     Resume  Duration		:	1188ms
     Resume  Incident Time (UTC)	:	?2015?-?01?-?26T07:49:31.081174300Z
     IsDegradation			:	false","300","1",,"3","4003","36","-9223372036854710272","1930","Microsoft-Windows-Diagnostics-Performance","cfc18ec0-96b1-4eba-961b-622caee05b0a","Microsoft-Windows-Diagnostics-Performance/Operational","1392","1740","rjaf-PC4429","S-1-5-19","1/25/2015 11:49:51 PM","85f1d364-089b-0002-ab23-c54ba338d001",,"c:\users\mac_1\desktop\winevt\logs\microsoft-windows-diagnostics-performance%4operational.evtx","System.UInt32[]","System.Diagnostics.Eventing.Reader.EventBookmark","Warning","Standby Information","Standby Performance Monitoring","System.Collections.ObjectModel.ReadOnlyCollection`1[System.String]","System.Collections.Generic.List`1[System.Diagnostics.Eventing.Reader.EventProperty]"
"Windows has resumed from standby: 
     Standby Duration		:	6529ms
     Standby Incident Time (UTC)	:	?2015?-?01?-?25T21:55:48.038381600Z
     Resume  Duration		:	1214ms
     Resume  Incident Time (UTC)	:	?2015?-?01?-?26T01:00:02.451199800Z
     IsDegradation			:	false","300","1",,"3","4003","36","-9223372036854710272","1929","Microsoft-Windows-Diagnostics-Performance","cfc18ec0-96b1-4eba-961b-622caee05b0a","Microsoft-Windows-Diagnostics-Performance/Operational","1392","2800","rjaf-PC4429","S-1-5-19","1/25/2015 5:00:19 PM","85f1dc9c-089b-0003-ac23-c54ba338d001",,"c:\users\mac_1\desktop\winevt\logs\microsoft-windows-diagnostics-performance%4operational.evtx","System.UInt32[]","System.Diagnostics.Eventing.Reader.EventBookmark","Warning","Standby Information","Standby Performance Monitoring","System.Collections.ObjectModel.ReadOnlyCollection`1[System.String]","System.Collections.Generic.List`1[System.Diagnostics.Eventing.Reader.EventProperty]"
"Windows has resumed from standby: 
     Standby Duration		:	11383ms
     Standby Incident Time (UTC)	:	?2015?-?01?-?25T14:09:35.475947300Z
     Resume  Duration		:	1177ms
     Resume  Incident Time (UTC)	:	?2015?-?01?-?25T20:52:20.638347600Z
     IsDegradation			:	false","300","1",,"3","4003","36","-9223372036854710272","1928","Microsoft-Windows-Diagnostics-Performance","cfc18ec0-96b1-4eba-961b-622caee05b0a","Microsoft-Windows-Diagnostics-Performance/Operational","1392","2892","rjaf-PC4429","S-1-5-19","1/25/2015 12:52:37 PM","85f1dc9c-089b-0003-a723-c54ba338d001",,"c:\users\mac_1\desktop\winevt\logs\microsoft-windows-diagnostics-performance%4operational.evtx","System.UInt32[]","System.Diagnostics.Eventing.Reader.EventBookmark","Warning","Standby Information","Standby Performance Monitoring","System.Collections.ObjectModel.ReadOnlyCollection`1[System.String]","System.Collections.Generic.List`1[System.Diagnostics.Eventing.Reader.EventProperty]"
"Windows has started up: 
     Boot Duration		:	40155ms
     IsDegradation		:	false
     Incident Time (UTC)	:	?2015?-?01?-?25T13:31:59.578000100Z","100","2",,"3","4002","34","-9223372036854710272","1927","Microsoft-Windows-Diagnostics-Performance","cfc18ec0-96b1-4eba-961b-622caee05b0a","Microsoft-Windows-Diagnostics-Performance/Operational","1392","752","rjaf-PC4429","S-1-5-19","1/25/2015 5:34:07 AM","85f1c6e4-089b-0001-a323-c54ba338d001",,"c:\users\mac_1\desktop\winevt\logs\microsoft-windows-diagnostics-performance%4operational.evtx","System.UInt32[]","System.Diagnostics.Eventing.Reader.EventBookmark","Warning","Boot Information","Boot Performance Monitoring","System.Collections.ObjectModel.ReadOnlyCollection`1[System.String]","System.Collections.Generic.List`1[System.Diagnostics.Eventing.Reader.EventProperty]"
"Windows has resumed from standby: 
     Standby Duration		:	16870ms
     Standby Incident Time (UTC)	:	?2015?-?01?-?25T08:45:03.911393600Z
     Resume  Duration		:	1168ms
     Resume  Incident Time (UTC)	:	?2015?-?01?-?25T09:11:18.382215400Z
     IsDegradation			:	false","300","1",,"3","4003","36","-9223372036854710272","1926","Microsoft-Windows-Diagnostics-Performance","cfc18ec0-96b1-4eba-961b-622caee05b0a","Microsoft-Windows-Diagnostics-Performance/Operational","1328","20488","rjaf-PC4429","S-1-5-19","1/25/2015 1:11:33 AM","85f03364-989b-0002-2d9a-54a0e237d001",,"c:\users\mac_1\desktop\winevt\logs\microsoft-windows-diagnostics-performance%4operational.evtx","System.UInt32[]","System.Diagnostics.Eventing.Reader.EventBookmark","Warning","Standby Information","Standby Performance Monitoring","System.Collections.ObjectModel.ReadOnlyCollection`1[System.String]","System.Collections.Generic.List`1[System.Diagnostics.Eventing.Reader.EventProperty]"
"This driver caused a delay during standby while servicing a device:
     Driver File Name		:	\Driver\Disk
     Driver Friendly Name		:	PnP Disk Driver
     Driver Version			:	6.1.7600.16385 (win7_rtm.090713-1255)
     Driver Total Time		:	18ms
     Driver Degradation Time	:	24ms
     Incident Time (UTC)		:	?2015?-?01?-?25T07:33:34.076145000Z
     Device Name			:	SCSI\Disk&Ven_WDC&Prod_WD5000AAKX-22ERM\4&68979c&0&000000
     Device Friendly Name		:	Disk drive
     Device Total Time		:	18ms
     Device Degradation Time	:	0ms","302","1",,"3","4003","35","-9223372036854710272","1925","Microsoft-Windows-Diagnostics-Performance","cfc18ec0-96b1-4eba-961b-622caee05b0a","Microsoft-Windows-Diagnostics-Performance/Operational","1328","4128","rjaf-PC4429","S-1-5-19","1/24/2015 11:44:40 PM","00000000-1b28-0000-279a-54a0e237d001",,"c:\users\mac_1\desktop\winevt\logs\microsoft-windows-diagnostics-performance%4operational.evtx","System.UInt32[]","System.Diagnostics.Eventing.Reader.EventBookmark","Warning","Standby Degradation","Standby Performance Monitoring","System.Collections.ObjectModel.ReadOnlyCollection`1[System.String]","System.Collections.Generic.List`1[System.Diagnostics.Eventing.Reader.EventProperty]"
