"Windows has resumed from standby: 
     Standby Duration		:	7222ms
     Standby Incident Time (UTC)	:	?2015?-?02?-?02T14:59:27.789225400Z
     Resume  Duration		:	1231ms
     Resume  Incident Time (UTC)	:	?2015?-?02?-?02T15:46:14.376225200Z
     IsDegradation			:	false","300","1",,"3","4003","36","-9223372036854710272","2017","Microsoft-Windows-Diagnostics-Performance","cfc18ec0-96b1-4eba-961b-622caee05b0a","Microsoft-Windows-Diagnostics-Performance/Operational","1364","208","rjaf-PC4429","S-1-5-19","2/2/2015 7:46:24 AM","85f1ba9c-e89b-0001-ad77-4f7dbf3ed001",,"c:\users\mac_1\desktop\winevt\logs\microsoft-windows-diagnostics-performance%4operational.evtx","System.UInt32[]","System.Diagnostics.Eventing.Reader.EventBookmark","Warning","Standby Information","Standby Performance Monitoring","System.Collections.ObjectModel.ReadOnlyCollection`1[System.String]","System.Collections.Generic.List`1[System.Diagnostics.Eventing.Reader.EventProperty]"
"Windows has resumed from standby: 
     Standby Duration		:	7621ms
     Standby Incident Time (UTC)	:	?2015?-?02?-?02T12:44:13.375481900Z
     Resume  Duration		:	1175ms
     Resume  Incident Time (UTC)	:	?2015?-?02?-?02T14:19:38.700772400Z
     IsDegradation			:	false","300","1",,"3","4003","36","-9223372036854710272","2016","Microsoft-Windows-Diagnostics-Performance","cfc18ec0-96b1-4eba-961b-622caee05b0a","Microsoft-Windows-Diagnostics-Performance/Operational","1364","1644","rjaf-PC4429","S-1-5-19","2/2/2015 6:19:48 AM","85f1ba9c-e89b-0001-ac77-4f7dbf3ed001",,"c:\users\mac_1\desktop\winevt\logs\microsoft-windows-diagnostics-performance%4operational.evtx","System.UInt32[]","System.Diagnostics.Eventing.Reader.EventBookmark","Warning","Standby Information","Standby Performance Monitoring","System.Collections.ObjectModel.ReadOnlyCollection`1[System.String]","System.Collections.Generic.List`1[System.Diagnostics.Eventing.Reader.EventProperty]"
"Windows has resumed from standby: 
     Standby Duration		:	10303ms
     Standby Incident Time (UTC)	:	?2015?-?02?-?02T08:49:44.581343400Z
     Resume  Duration		:	1170ms
     Resume  Incident Time (UTC)	:	?2015?-?02?-?02T12:10:53.292942400Z
     IsDegradation			:	false","300","1",,"3","4003","36","-9223372036854710272","2015","Microsoft-Windows-Diagnostics-Performance","cfc18ec0-96b1-4eba-961b-622caee05b0a","Microsoft-Windows-Diagnostics-Performance/Operational","1364","3544","rjaf-PC4429","S-1-5-19","2/2/2015 4:11:01 AM","85f1c364-e89b-0002-a677-4f7dbf3ed001",,"c:\users\mac_1\desktop\winevt\logs\microsoft-windows-diagnostics-performance%4operational.evtx","System.UInt32[]","System.Diagnostics.Eventing.Reader.EventBookmark","Warning","Standby Information","Standby Performance Monitoring","System.Collections.ObjectModel.ReadOnlyCollection`1[System.String]","System.Collections.Generic.List`1[System.Diagnostics.Eventing.Reader.EventProperty]"
"Windows has started up: 
     Boot Duration		:	44954ms
     IsDegradation		:	false
     Incident Time (UTC)	:	?2015?-?02?-?02T08:08:55.578000100Z","100","2",,"3","4002","34","-9223372036854710272","2014","Microsoft-Windows-Diagnostics-Performance","cfc18ec0-96b1-4eba-961b-622caee05b0a","Microsoft-Windows-Diagnostics-Performance/Operational","1364","2852","rjaf-PC4429","S-1-5-19","2/2/2015 12:10:52 AM","85f1c364-e89b-0002-a377-4f7dbf3ed001",,"c:\users\mac_1\desktop\winevt\logs\microsoft-windows-diagnostics-performance%4operational.evtx","System.UInt32[]","System.Diagnostics.Eventing.Reader.EventBookmark","Warning","Boot Information","Boot Performance Monitoring","System.Collections.ObjectModel.ReadOnlyCollection`1[System.String]","System.Collections.Generic.List`1[System.Diagnostics.Eventing.Reader.EventProperty]"
"Windows has resumed from standby: 
     Standby Duration		:	7164ms
     Standby Incident Time (UTC)	:	?2015?-?02?-?02T01:02:40.272600900Z
     Resume  Duration		:	1179ms
     Resume  Incident Time (UTC)	:	?2015?-?02?-?02T07:05:36.225211800Z
     IsDegradation			:	false","300","1",,"3","4003","36","-9223372036854710272","2013","Microsoft-Windows-Diagnostics-Performance","cfc18ec0-96b1-4eba-961b-622caee05b0a","Microsoft-Windows-Diagnostics-Performance/Operational","1420","3572","rjaf-PC4429","S-1-5-19","2/1/2015 11:05:58 PM","85f03c9c-b89b-0003-300d-535f2f3dd001",,"c:\users\mac_1\desktop\winevt\logs\microsoft-windows-diagnostics-performance%4operational.evtx","System.UInt32[]","System.Diagnostics.Eventing.Reader.EventBookmark","Warning","Standby Information","Standby Performance Monitoring","System.Collections.ObjectModel.ReadOnlyCollection`1[System.String]","System.Collections.Generic.List`1[System.Diagnostics.Eventing.Reader.EventProperty]"
"Windows has resumed from standby: 
     Standby Duration		:	7759ms
     Standby Incident Time (UTC)	:	?2015?-?02?-?01T20:22:11.837995800Z
     Resume  Duration		:	1231ms
     Resume  Incident Time (UTC)	:	?2015?-?02?-?02T00:59:59.279015900Z
     IsDegradation			:	false","300","1",,"3","4003","36","-9223372036854710272","2012","Microsoft-Windows-Diagnostics-Performance","cfc18ec0-96b1-4eba-961b-622caee05b0a","Microsoft-Windows-Diagnostics-Performance/Operational","1420","3540","rjaf-PC4429","S-1-5-19","2/1/2015 5:00:20 PM","85f03364-b89b-0002-340d-535f2f3dd001",,"c:\users\mac_1\desktop\winevt\logs\microsoft-windows-diagnostics-performance%4operational.evtx","System.UInt32[]","System.Diagnostics.Eventing.Reader.EventBookmark","Warning","Standby Information","Standby Performance Monitoring","System.Collections.ObjectModel.ReadOnlyCollection`1[System.String]","System.Collections.Generic.List`1[System.Diagnostics.Eventing.Reader.EventProperty]"
"Windows has resumed from standby: 
     Standby Duration		:	9717ms
     Standby Incident Time (UTC)	:	?2015?-?02?-?01T14:42:43.374592100Z
     Resume  Duration		:	1238ms
     Resume  Incident Time (UTC)	:	?2015?-?02?-?01T18:50:45.982506200Z
     IsDegradation			:	false","300","1",,"3","4003","36","-9223372036854710272","2011","Microsoft-Windows-Diagnostics-Performance","cfc18ec0-96b1-4eba-961b-622caee05b0a","Microsoft-Windows-Diagnostics-Performance/Operational","1420","2736","rjaf-PC4429","S-1-5-19","2/1/2015 10:51:06 AM","85f03364-b89b-0002-310d-535f2f3dd001",,"c:\users\mac_1\desktop\winevt\logs\microsoft-windows-diagnostics-performance%4operational.evtx","System.UInt32[]","System.Diagnostics.Eventing.Reader.EventBookmark","Warning","Standby Information","Standby Performance Monitoring","System.Collections.ObjectModel.ReadOnlyCollection`1[System.String]","System.Collections.Generic.List`1[System.Diagnostics.Eventing.Reader.EventProperty]"
"Windows has resumed from standby: 
     Standby Duration		:	6441ms
     Standby Incident Time (UTC)	:	?2015?-?02?-?01T12:28:13.796173800Z
     Resume  Duration		:	1236ms
     Resume  Incident Time (UTC)	:	?2015?-?02?-?01T13:18:08.514038000Z
     IsDegradation			:	false","300","1",,"3","4003","36","-9223372036854710272","2010","Microsoft-Windows-Diagnostics-Performance","cfc18ec0-96b1-4eba-961b-622caee05b0a","Microsoft-Windows-Diagnostics-Performance/Operational","1420","2832","rjaf-PC4429","S-1-5-19","2/1/2015 5:18:26 AM","85f02a9c-b89b-0001-350d-535f2f3dd001",,"c:\users\mac_1\desktop\winevt\logs\microsoft-windows-diagnostics-performance%4operational.evtx","System.UInt32[]","System.Diagnostics.Eventing.Reader.EventBookmark","Warning","Standby Information","Standby Performance Monitoring","System.Collections.ObjectModel.ReadOnlyCollection`1[System.String]","System.Collections.Generic.List`1[System.Diagnostics.Eventing.Reader.EventProperty]"
"Windows has resumed from standby: 
     Standby Duration		:	11656ms
     Standby Incident Time (UTC)	:	?2015?-?02?-?01T11:24:44.007942300Z
     Resume  Duration		:	1170ms
     Resume  Incident Time (UTC)	:	?2015?-?02?-?01T11:56:11.847355900Z
     IsDegradation			:	false","300","1",,"3","4003","36","-9223372036854710272","2009","Microsoft-Windows-Diagnostics-Performance","cfc18ec0-96b1-4eba-961b-622caee05b0a","Microsoft-Windows-Diagnostics-Performance/Operational","1420","880","rjaf-PC4429","S-1-5-19","2/1/2015 3:56:29 AM","85f02a9c-b89b-0001-330d-535f2f3dd001",,"c:\users\mac_1\desktop\winevt\logs\microsoft-windows-diagnostics-performance%4operational.evtx","System.UInt32[]","System.Diagnostics.Eventing.Reader.EventBookmark","Warning","Standby Information","Standby Performance Monitoring","System.Collections.ObjectModel.ReadOnlyCollection`1[System.String]","System.Collections.Generic.List`1[System.Diagnostics.Eventing.Reader.EventProperty]"
"This driver caused a delay during standby while servicing a device:
     Driver File Name		:	\Driver\usbehci
     Driver Friendly Name		:	EHCI eUSB Miniport Driver
     Driver Version			:	6.1.7600.16788 (win7_gdr.110324-1506)
     Driver Total Time		:	196ms
     Driver Degradation Time	:	115ms
     Incident Time (UTC)		:	?2015?-?02?-?01T09:20:14.538929900Z
     Device Name			:	USB\ROOT_HUB20\4&605ea8b&0
     Device Friendly Name		:	USB Root Hub
     Device Total Time		:	196ms
     Device Degradation Time	:	115ms","302","1",,"3","4003","35","-9223372036854710272","2008","Microsoft-Windows-Diagnostics-Performance","cfc18ec0-96b1-4eba-961b-622caee05b0a","Microsoft-Windows-Diagnostics-Performance/Operational","1420","2080","rjaf-PC4429","S-1-5-19","2/1/2015 2:43:29 AM","85f02a9c-b89b-0001-300d-535f2f3dd001",,"c:\users\mac_1\desktop\winevt\logs\microsoft-windows-diagnostics-performance%4operational.evtx","System.UInt32[]","System.Diagnostics.Eventing.Reader.EventBookmark","Warning","Standby Degradation","Standby Performance Monitoring","System.Collections.ObjectModel.ReadOnlyCollection`1[System.String]","System.Collections.Generic.List`1[System.Diagnostics.Eventing.Reader.EventProperty]"
"Windows has resumed from standby: 
     Standby Duration		:	14008ms
     Standby Incident Time (UTC)	:	?2015?-?02?-?01T09:20:14.538929900Z
     Resume  Duration		:	1178ms
     Resume  Incident Time (UTC)	:	?2015?-?02?-?01T10:43:10.087736000Z
     IsDegradation			:	false","300","1",,"3","4003","36","-9223372036854710272","2007","Microsoft-Windows-Diagnostics-Performance","cfc18ec0-96b1-4eba-961b-622caee05b0a","Microsoft-Windows-Diagnostics-Performance/Operational","1420","2080","rjaf-PC4429","S-1-5-19","2/1/2015 2:43:29 AM","85f02a9c-b89b-0001-300d-535f2f3dd001",,"c:\users\mac_1\desktop\winevt\logs\microsoft-windows-diagnostics-performance%4operational.evtx","System.UInt32[]","System.Diagnostics.Eventing.Reader.EventBookmark","Warning","Standby Information","Standby Performance Monitoring","System.Collections.ObjectModel.ReadOnlyCollection`1[System.String]","System.Collections.Generic.List`1[System.Diagnostics.Eventing.Reader.EventProperty]"
"This driver caused a delay during standby while servicing a device:
     Driver File Name		:	\Driver\usbhub
     Driver Friendly Name		:	Default Hub Driver for USB
     Driver Version			:	6.1.7600.16385 (win7_rtm.090713-1255)
     Driver Total Time		:	31ms
     Driver Degradation Time	:	13ms
     Incident Time (UTC)		:	?2015?-?02?-?01T08:31:44.655051200Z
     Device Name			:	USB\VID_8087&PID_0024\5&31a83182&0&1
     Device Friendly Name		:	Generic USB Hub
     Device Total Time		:	31ms
     Device Degradation Time	:	0ms","302","1",,"3","4003","35","-9223372036854710272","2006","Microsoft-Windows-Diagnostics-Performance","cfc18ec0-96b1-4eba-961b-622caee05b0a","Microsoft-Windows-Diagnostics-Performance/Operational","1420","2504","rjaf-PC4429","S-1-5-19","2/1/2015 12:38:27 AM","85f03364-b89b-0002-2d0d-535f2f3dd001",,"c:\users\mac_1\desktop\winevt\logs\microsoft-windows-diagnostics-performance%4operational.evtx","System.UInt32[]","System.Diagnostics.Eventing.Reader.EventBookmark","Warning","Standby Degradation","Standby Performance Monitoring","System.Collections.ObjectModel.ReadOnlyCollection`1[System.String]","System.Collections.Generic.List`1[System.Diagnostics.Eventing.Reader.EventProperty]"
"This driver caused a delay during standby while servicing a device:
     Driver File Name		:	\Driver\usbehci
     Driver Friendly Name		:	EHCI eUSB Miniport Driver
     Driver Version			:	6.1.7600.16788 (win7_gdr.110324-1506)
     Driver Total Time		:	92ms
     Driver Degradation Time	:	32ms
     Incident Time (UTC)		:	?2015?-?02?-?01T08:31:44.655051200Z
     Device Name			:	USB\ROOT_HUB20\4&f96d45&0
     Device Friendly Name		:	USB Root Hub
     Device Total Time		:	92ms
     Device Degradation Time	:	32ms","302","1",,"3","4003","35","-9223372036854710272","2005","Microsoft-Windows-Diagnostics-Performance","cfc18ec0-96b1-4eba-961b-622caee05b0a","Microsoft-Windows-Diagnostics-Performance/Operational","1420","2504","rjaf-PC4429","S-1-5-19","2/1/2015 12:38:27 AM","85f03364-b89b-0002-2d0d-535f2f3dd001",,"c:\users\mac_1\desktop\winevt\logs\microsoft-windows-diagnostics-performance%4operational.evtx","System.UInt32[]","System.Diagnostics.Eventing.Reader.EventBookmark","Warning","Standby Degradation","Standby Performance Monitoring","System.Collections.ObjectModel.ReadOnlyCollection`1[System.String]","System.Collections.Generic.List`1[System.Diagnostics.Eventing.Reader.EventProperty]"
"Windows has resumed from standby: 
     Standby Duration		:	7976ms
     Standby Incident Time (UTC)	:	?2015?-?02?-?01T08:31:44.655051200Z
     Resume  Duration		:	1199ms
     Resume  Incident Time (UTC)	:	?2015?-?02?-?01T08:38:10.626093400Z
     IsDegradation			:	false","300","1",,"3","4003","36","-9223372036854710272","2004","Microsoft-Windows-Diagnostics-Performance","cfc18ec0-96b1-4eba-961b-622caee05b0a","Microsoft-Windows-Diagnostics-Performance/Operational","1420","2504","rjaf-PC4429","S-1-5-19","2/1/2015 12:38:27 AM","85f03364-b89b-0002-2d0d-535f2f3dd001",,"c:\users\mac_1\desktop\winevt\logs\microsoft-windows-diagnostics-performance%4operational.evtx","System.UInt32[]","System.Diagnostics.Eventing.Reader.EventBookmark","Warning","Standby Information","Standby Performance Monitoring","System.Collections.ObjectModel.ReadOnlyCollection`1[System.String]","System.Collections.Generic.List`1[System.Diagnostics.Eventing.Reader.EventProperty]"
"Windows has resumed from standby: 
     Standby Duration		:	7357ms
     Standby Incident Time (UTC)	:	?2015?-?02?-?01T01:02:47.039600200Z
     Resume  Duration		:	1214ms
     Resume  Incident Time (UTC)	:	?2015?-?02?-?01T07:55:34.081010600Z
     IsDegradation			:	false","300","1",,"3","4003","36","-9223372036854710272","2003","Microsoft-Windows-Diagnostics-Performance","cfc18ec0-96b1-4eba-961b-622caee05b0a","Microsoft-Windows-Diagnostics-Performance/Operational","1420","3624","rjaf-PC4429","S-1-5-19","1/31/2015 11:55:48 PM","00000000-3b28-0000-290d-535f2f3dd001",,"c:\users\mac_1\desktop\winevt\logs\microsoft-windows-diagnostics-performance%4operational.evtx","System.UInt32[]","System.Diagnostics.Eventing.Reader.EventBookmark","Warning","Standby Information","Standby Performance Monitoring","System.Collections.ObjectModel.ReadOnlyCollection`1[System.String]","System.Collections.Generic.List`1[System.Diagnostics.Eventing.Reader.EventProperty]"
"Windows has resumed from standby: 
     Standby Duration		:	6811ms
     Standby Incident Time (UTC)	:	?2015?-?01?-?31T20:43:03.500132700Z
     Resume  Duration		:	1201ms
     Resume  Incident Time (UTC)	:	?2015?-?02?-?01T01:00:08.417575500Z
     IsDegradation			:	false","300","1",,"3","4003","36","-9223372036854710272","2002","Microsoft-Windows-Diagnostics-Performance","cfc18ec0-96b1-4eba-961b-622caee05b0a","Microsoft-Windows-Diagnostics-Performance/Operational","1420","2060","rjaf-PC4429","S-1-5-19","1/31/2015 5:00:20 PM","85f03c9c-b89b-0003-2a0d-535f2f3dd001",,"c:\users\mac_1\desktop\winevt\logs\microsoft-windows-diagnostics-performance%4operational.evtx","System.UInt32[]","System.Diagnostics.Eventing.Reader.EventBookmark","Warning","Standby Information","Standby Performance Monitoring","System.Collections.ObjectModel.ReadOnlyCollection`1[System.String]","System.Collections.Generic.List`1[System.Diagnostics.Eventing.Reader.EventProperty]"
"Windows has resumed from standby: 
     Standby Duration		:	6426ms
     Standby Incident Time (UTC)	:	?2015?-?01?-?31T18:07:04.088578300Z
     Resume  Duration		:	1219ms
     Resume  Incident Time (UTC)	:	?2015?-?01?-?31T19:34:13.974445300Z
     IsDegradation			:	false","300","1",,"3","4003","36","-9223372036854710272","2001","Microsoft-Windows-Diagnostics-Performance","cfc18ec0-96b1-4eba-961b-622caee05b0a","Microsoft-Windows-Diagnostics-Performance/Operational","1420","1980","rjaf-PC4429","S-1-5-19","1/31/2015 11:34:24 AM","85f02a9c-b89b-0001-2e0d-535f2f3dd001",,"c:\users\mac_1\desktop\winevt\logs\microsoft-windows-diagnostics-performance%4operational.evtx","System.UInt32[]","System.Diagnostics.Eventing.Reader.EventBookmark","Warning","Standby Information","Standby Performance Monitoring","System.Collections.ObjectModel.ReadOnlyCollection`1[System.String]","System.Collections.Generic.List`1[System.Diagnostics.Eventing.Reader.EventProperty]"
"This driver caused a delay during standby while servicing a device:
     Driver File Name		:	\Driver\Disk
     Driver Friendly Name		:	PnP Disk Driver
     Driver Version			:	6.1.7600.16385 (win7_rtm.090713-1255)
     Driver Total Time		:	40ms
     Driver Degradation Time	:	29ms
     Incident Time (UTC)		:	?2015?-?01?-?31T14:59:34.969802700Z
     Device Name			:	SCSI\Disk&Ven_WDC&Prod_WD5000AAKX-22ERM\4&68979c&0&000000
     Device Friendly Name		:	Disk drive
     Device Total Time		:	40ms
     Device Degradation Time	:	0ms","302","1",,"3","4003","35","-9223372036854710272","2000","Microsoft-Windows-Diagnostics-Performance","cfc18ec0-96b1-4eba-961b-622caee05b0a","Microsoft-Windows-Diagnostics-Performance/Operational","1420","1632","rjaf-PC4429","S-1-5-19","1/31/2015 9:25:19 AM","85f03c9c-b89b-0003-290d-535f2f3dd001",,"c:\users\mac_1\desktop\winevt\logs\microsoft-windows-diagnostics-performance%4operational.evtx","System.UInt32[]","System.Diagnostics.Eventing.Reader.EventBookmark","Warning","Standby Degradation","Standby Performance Monitoring","System.Collections.ObjectModel.ReadOnlyCollection`1[System.String]","System.Collections.Generic.List`1[System.Diagnostics.Eventing.Reader.EventProperty]"
"Windows has resumed from standby: 
     Standby Duration		:	7997ms
     Standby Incident Time (UTC)	:	?2015?-?01?-?31T14:59:34.969802700Z
     Resume  Duration		:	1197ms
     Resume  Incident Time (UTC)	:	?2015?-?01?-?31T17:25:09.528416100Z
     IsDegradation			:	false","300","1",,"3","4003","36","-9223372036854710272","1999","Microsoft-Windows-Diagnostics-Performance","cfc18ec0-96b1-4eba-961b-622caee05b0a","Microsoft-Windows-Diagnostics-Performance/Operational","1420","1632","rjaf-PC4429","S-1-5-19","1/31/2015 9:25:19 AM","85f03c9c-b89b-0003-290d-535f2f3dd001",,"c:\users\mac_1\desktop\winevt\logs\microsoft-windows-diagnostics-performance%4operational.evtx","System.UInt32[]","System.Diagnostics.Eventing.Reader.EventBookmark","Warning","Standby Information","Standby Performance Monitoring","System.Collections.ObjectModel.ReadOnlyCollection`1[System.String]","System.Collections.Generic.List`1[System.Diagnostics.Eventing.Reader.EventProperty]"
"This driver caused a delay during standby while servicing a device:
     Driver File Name		:	\Driver\pci
     Driver Friendly Name		:	NT Plug and Play PCI Enumerator
     Driver Version			:	6.1.7600.16385 (win7_rtm.090713-1255)
     Driver Total Time		:	26ms
     Driver Degradation Time	:	7ms
     Incident Time (UTC)		:	?2015?-?01?-?31T12:57:50.432453800Z
     Device Name			:	PCI\VEN_8086&DEV_1C14&SUBSYS_204E8086&REV_B5\3&11583659&0&E2
     Device Friendly Name		:	Intel(R) 6 Series/C200 Series Chipset Family PCI Express Root Port 3 - 1C14
     Device Total Time		:	26ms
     Device Degradation Time	:	0ms","302","1",,"3","4003","35","-9223372036854710272","1998","Microsoft-Windows-Diagnostics-Performance","cfc18ec0-96b1-4eba-961b-622caee05b0a","Microsoft-Windows-Diagnostics-Performance/Operational","1420","4092","rjaf-PC4429","S-1-5-19","1/31/2015 6:03:15 AM","85f03364-b89b-0002-2a0d-535f2f3dd001",,"c:\users\mac_1\desktop\winevt\logs\microsoft-windows-diagnostics-performance%4operational.evtx","System.UInt32[]","System.Diagnostics.Eventing.Reader.EventBookmark","Warning","Standby Degradation","Standby Performance Monitoring","System.Collections.ObjectModel.ReadOnlyCollection`1[System.String]","System.Collections.Generic.List`1[System.Diagnostics.Eventing.Reader.EventProperty]"
"This driver caused a delay during standby while servicing a device:
     Driver File Name		:	\Driver\pci
     Driver Friendly Name		:	NT Plug and Play PCI Enumerator
     Driver Version			:	6.1.7600.16385 (win7_rtm.090713-1255)
     Driver Total Time		:	26ms
     Driver Degradation Time	:	7ms
     Incident Time (UTC)		:	?2015?-?01?-?31T12:57:50.432453800Z
     Device Name			:	PCI\VEN_8086&DEV_1C10&SUBSYS_204E8086&REV_B5\3&11583659&0&E0
     Device Friendly Name		:	Intel(R) 6 Series/C200 Series Chipset Family PCI Express Root Port 1 - 1C10
     Device Total Time		:	26ms
     Device Degradation Time	:	0ms","302","1",,"3","4003","35","-9223372036854710272","1997","Microsoft-Windows-Diagnostics-Performance","cfc18ec0-96b1-4eba-961b-622caee05b0a","Microsoft-Windows-Diagnostics-Performance/Operational","1420","4092","rjaf-PC4429","S-1-5-19","1/31/2015 6:03:15 AM","85f03364-b89b-0002-2a0d-535f2f3dd001",,"c:\users\mac_1\desktop\winevt\logs\microsoft-windows-diagnostics-performance%4operational.evtx","System.UInt32[]","System.Diagnostics.Eventing.Reader.EventBookmark","Warning","Standby Degradation","Standby Performance Monitoring","System.Collections.ObjectModel.ReadOnlyCollection`1[System.String]","System.Collections.Generic.List`1[System.Diagnostics.Eventing.Reader.EventProperty]"
"This driver caused a delay during standby while servicing a device:
     Driver File Name		:	\Driver\pci
     Driver Friendly Name		:	NT Plug and Play PCI Enumerator
     Driver Version			:	6.1.7600.16385 (win7_rtm.090713-1255)
     Driver Total Time		:	25ms
     Driver Degradation Time	:	6ms
     Incident Time (UTC)		:	?2015?-?01?-?31T12:57:50.432453800Z
     Device Name			:	PCI\VEN_8086&DEV_1C3A&SUBSYS_204E8086&REV_04\3&11583659&0&B0
     Device Friendly Name		:	Intel(R) Management Engine Interface 
     Device Total Time		:	25ms
     Device Degradation Time	:	0ms","302","1",,"3","4003","35","-9223372036854710272","1996","Microsoft-Windows-Diagnostics-Performance","cfc18ec0-96b1-4eba-961b-622caee05b0a","Microsoft-Windows-Diagnostics-Performance/Operational","1420","4092","rjaf-PC4429","S-1-5-19","1/31/2015 6:03:15 AM","85f03364-b89b-0002-2a0d-535f2f3dd001",,"c:\users\mac_1\desktop\winevt\logs\microsoft-windows-diagnostics-performance%4operational.evtx","System.UInt32[]","System.Diagnostics.Eventing.Reader.EventBookmark","Warning","Standby Degradation","Standby Performance Monitoring","System.Collections.ObjectModel.ReadOnlyCollection`1[System.String]","System.Collections.Generic.List`1[System.Diagnostics.Eventing.Reader.EventProperty]"
"This driver caused a delay during standby while servicing a device:
     Driver File Name		:	\Driver\pci
     Driver Friendly Name		:	NT Plug and Play PCI Enumerator
     Driver Version			:	6.1.7600.16385 (win7_rtm.090713-1255)
     Driver Total Time		:	26ms
     Driver Degradation Time	:	7ms
     Incident Time (UTC)		:	?2015?-?01?-?31T12:57:50.432453800Z
     Device Name			:	PCI\VEN_8086&DEV_1C2D&SUBSYS_204E8086&REV_05\3&11583659&0&D0
     Device Friendly Name		:	Intel(R) 6 Series/C200 Series Chipset Family USB Enhanced Host Controller - 1C2D
     Device Total Time		:	26ms
     Device Degradation Time	:	0ms","302","1",,"3","4003","35","-9223372036854710272","1995","Microsoft-Windows-Diagnostics-Performance","cfc18ec0-96b1-4eba-961b-622caee05b0a","Microsoft-Windows-Diagnostics-Performance/Operational","1420","4092","rjaf-PC4429","S-1-5-19","1/31/2015 6:03:15 AM","85f03364-b89b-0002-2a0d-535f2f3dd001",,"c:\users\mac_1\desktop\winevt\logs\microsoft-windows-diagnostics-performance%4operational.evtx","System.UInt32[]","System.Diagnostics.Eventing.Reader.EventBookmark","Warning","Standby Degradation","Standby Performance Monitoring","System.Collections.ObjectModel.ReadOnlyCollection`1[System.String]","System.Collections.Generic.List`1[System.Diagnostics.Eventing.Reader.EventProperty]"
"This driver caused a delay during standby while servicing a device:
     Driver File Name		:	\Driver\pci
     Driver Friendly Name		:	NT Plug and Play PCI Enumerator
     Driver Version			:	6.1.7600.16385 (win7_rtm.090713-1255)
     Driver Total Time		:	26ms
     Driver Degradation Time	:	7ms
     Incident Time (UTC)		:	?2015?-?01?-?31T12:57:50.432453800Z
     Device Name			:	PCI\VEN_8086&DEV_1C26&SUBSYS_204E8086&REV_05\3&11583659&0&E8
     Device Friendly Name		:	Intel(R) 6 Series/C200 Series Chipset Family USB Enhanced Host Controller - 1C26
     Device Total Time		:	26ms
     Device Degradation Time	:	0ms","302","1",,"3","4003","35","-9223372036854710272","1994","Microsoft-Windows-Diagnostics-Performance","cfc18ec0-96b1-4eba-961b-622caee05b0a","Microsoft-Windows-Diagnostics-Performance/Operational","1420","4092","rjaf-PC4429","S-1-5-19","1/31/2015 6:03:15 AM","85f03364-b89b-0002-2a0d-535f2f3dd001",,"c:\users\mac_1\desktop\winevt\logs\microsoft-windows-diagnostics-performance%4operational.evtx","System.UInt32[]","System.Diagnostics.Eventing.Reader.EventBookmark","Warning","Standby Degradation","Standby Performance Monitoring","System.Collections.ObjectModel.ReadOnlyCollection`1[System.String]","System.Collections.Generic.List`1[System.Diagnostics.Eventing.Reader.EventProperty]"
"Windows has resumed from standby: 
     Standby Duration		:	8844ms
     Standby Incident Time (UTC)	:	?2015?-?01?-?31T12:57:50.432453800Z
     Resume  Duration		:	1186ms
     Resume  Incident Time (UTC)	:	?2015?-?01?-?31T14:03:06.435764600Z
     IsDegradation			:	false","300","1",,"3","4003","36","-9223372036854710272","1993","Microsoft-Windows-Diagnostics-Performance","cfc18ec0-96b1-4eba-961b-622caee05b0a","Microsoft-Windows-Diagnostics-Performance/Operational","1420","4092","rjaf-PC4429","S-1-5-19","1/31/2015 6:03:15 AM","85f03364-b89b-0002-2a0d-535f2f3dd001",,"c:\users\mac_1\desktop\winevt\logs\microsoft-windows-diagnostics-performance%4operational.evtx","System.UInt32[]","System.Diagnostics.Eventing.Reader.EventBookmark","Warning","Standby Information","Standby Performance Monitoring","System.Collections.ObjectModel.ReadOnlyCollection`1[System.String]","System.Collections.Generic.List`1[System.Diagnostics.Eventing.Reader.EventProperty]"
"Windows has resumed from standby: 
     Standby Duration		:	8403ms
     Standby Incident Time (UTC)	:	?2015?-?01?-?31T11:56:20.615757900Z
     Resume  Duration		:	1172ms
     Resume  Incident Time (UTC)	:	?2015?-?01?-?31T12:16:53.865340100Z
     IsDegradation			:	false","300","1",,"3","4003","36","-9223372036854710272","1992","Microsoft-Windows-Diagnostics-Performance","cfc18ec0-96b1-4eba-961b-622caee05b0a","Microsoft-Windows-Diagnostics-Performance/Operational","1420","3368","rjaf-PC4429","S-1-5-19","1/31/2015 4:17:02 AM","00000000-3b28-0000-270d-535f2f3dd001",,"c:\users\mac_1\desktop\winevt\logs\microsoft-windows-diagnostics-performance%4operational.evtx","System.UInt32[]","System.Diagnostics.Eventing.Reader.EventBookmark","Warning","Standby Information","Standby Performance Monitoring","System.Collections.ObjectModel.ReadOnlyCollection`1[System.String]","System.Collections.Generic.List`1[System.Diagnostics.Eventing.Reader.EventProperty]"
"This application caused a delay during standby: 
     File Name		:	rundll32.exe
     Friendly Name		:	Windows host process (Rundll32)
     Version		:	6.1.7600.16385 (win7_rtm.090713-1255)
     Total Time		:	1999ms
     Degradation Time	:	999ms
     Incident Time (UTC)	:	?2015?-?01?-?31T09:51:35.991918000Z","301","1",,"3","4003","35","-9223372036854710272","1991","Microsoft-Windows-Diagnostics-Performance","cfc18ec0-96b1-4eba-961b-622caee05b0a","Microsoft-Windows-Diagnostics-Performance/Operational","1420","2136","rjaf-PC4429","S-1-5-19","1/31/2015 2:35:49 AM","85f03364-b89b-0002-280d-535f2f3dd001",,"c:\users\mac_1\desktop\winevt\logs\microsoft-windows-diagnostics-performance%4operational.evtx","System.UInt32[]","System.Diagnostics.Eventing.Reader.EventBookmark","Warning","Standby Degradation","Standby Performance Monitoring","System.Collections.ObjectModel.ReadOnlyCollection`1[System.String]","System.Collections.Generic.List`1[System.Diagnostics.Eventing.Reader.EventProperty]"
"Windows has resumed from standby: 
     Standby Duration		:	14808ms
     Standby Incident Time (UTC)	:	?2015?-?01?-?31T09:51:35.991918000Z
     Resume  Duration		:	1180ms
     Resume  Incident Time (UTC)	:	?2015?-?01?-?31T10:35:41.107277000Z
     IsDegradation			:	false","300","1",,"3","4003","36","-9223372036854710272","1990","Microsoft-Windows-Diagnostics-Performance","cfc18ec0-96b1-4eba-961b-622caee05b0a","Microsoft-Windows-Diagnostics-Performance/Operational","1420","2136","rjaf-PC4429","S-1-5-19","1/31/2015 2:35:49 AM","85f03364-b89b-0002-280d-535f2f3dd001",,"c:\users\mac_1\desktop\winevt\logs\microsoft-windows-diagnostics-performance%4operational.evtx","System.UInt32[]","System.Diagnostics.Eventing.Reader.EventBookmark","Warning","Standby Information","Standby Performance Monitoring","System.Collections.ObjectModel.ReadOnlyCollection`1[System.String]","System.Collections.Generic.List`1[System.Diagnostics.Eventing.Reader.EventProperty]"
"This startup service took longer than expected to startup, resulting in a performance degradation in the system start up process: 
     File Name		:	cscservice
     Friendly Name		:	CSC Service DLL
     Version		:	6.1.7600.16385 (win7_rtm.090713-1255)
     Total Time		:	2833ms
     Degradation Time	:	759ms
     Incident Time (UTC)	:	?2015?-?01?-?31T08:24:46.578000100Z","103","1",,"3","4002","33","-9223372036854710272","1989","Microsoft-Windows-Diagnostics-Performance","cfc18ec0-96b1-4eba-961b-622caee05b0a","Microsoft-Windows-Diagnostics-Performance/Operational","1420","2984","rjaf-PC4429","S-1-5-19","1/31/2015 12:26:39 AM","00000000-3b28-0000-230d-535f2f3dd001",,"c:\users\mac_1\desktop\winevt\logs\microsoft-windows-diagnostics-performance%4operational.evtx","System.UInt32[]","System.Diagnostics.Eventing.Reader.EventBookmark","Warning","Boot Degradation","Boot Performance Monitoring","System.Collections.ObjectModel.ReadOnlyCollection`1[System.String]","System.Collections.Generic.List`1[System.Diagnostics.Eventing.Reader.EventProperty]"
"Windows has started up: 
     Boot Duration		:	29516ms
     IsDegradation		:	false
     Incident Time (UTC)	:	?2015?-?01?-?31T08:24:46.578000100Z","100","2",,"3","4002","34","-9223372036854710272","1988","Microsoft-Windows-Diagnostics-Performance","cfc18ec0-96b1-4eba-961b-622caee05b0a","Microsoft-Windows-Diagnostics-Performance/Operational","1420","2984","rjaf-PC4429","S-1-5-19","1/31/2015 12:26:39 AM","00000000-3b28-0000-230d-535f2f3dd001",,"c:\users\mac_1\desktop\winevt\logs\microsoft-windows-diagnostics-performance%4operational.evtx","System.UInt32[]","System.Diagnostics.Eventing.Reader.EventBookmark","Warning","Boot Information","Boot Performance Monitoring","System.Collections.ObjectModel.ReadOnlyCollection`1[System.String]","System.Collections.Generic.List`1[System.Diagnostics.Eventing.Reader.EventProperty]"
"Windows has shutdown: 
     Shutdown Duration	:	7880ms
     IsDegradation		:	false
     Incident Time (UTC)	:	?2015?-?01?-?30T19:16:08.890134500Z","200","1",,"3","4007","40","-9223372036854710272","1987","Microsoft-Windows-Diagnostics-Performance","cfc18ec0-96b1-4eba-961b-622caee05b0a","Microsoft-Windows-Diagnostics-Performance/Operational","1420","1532","rjaf-PC4429","S-1-5-19","1/31/2015 12:26:38 AM","85f03c9c-b89b-0003-240d-535f2f3dd001",,"c:\users\mac_1\desktop\winevt\logs\microsoft-windows-diagnostics-performance%4operational.evtx","System.UInt32[]","System.Diagnostics.Eventing.Reader.EventBookmark","Warning","Shutdown Information","Shutdown Performance Monitoring","System.Collections.ObjectModel.ReadOnlyCollection`1[System.String]","System.Collections.Generic.List`1[System.Diagnostics.Eventing.Reader.EventProperty]"
"Windows has started up: 
     Boot Duration		:	34327ms
     IsDegradation		:	false
     Incident Time (UTC)	:	?2015?-?01?-?30T19:13:43.578000100Z","100","2",,"3","4002","34","-9223372036854710272","1986","Microsoft-Windows-Diagnostics-Performance","cfc18ec0-96b1-4eba-961b-622caee05b0a","Microsoft-Windows-Diagnostics-Performance/Operational","1380","1552","rjaf-PC4429","S-1-5-19","1/30/2015 11:15:40 AM","85f02a9c-789b-0001-a3ff-2bddc03cd001",,"c:\users\mac_1\desktop\winevt\logs\microsoft-windows-diagnostics-performance%4operational.evtx","System.UInt32[]","System.Diagnostics.Eventing.Reader.EventBookmark","Warning","Boot Information","Boot Performance Monitoring","System.Collections.ObjectModel.ReadOnlyCollection`1[System.String]","System.Collections.Generic.List`1[System.Diagnostics.Eventing.Reader.EventProperty]"
"Windows has shutdown: 
     Shutdown Duration	:	72796ms
     IsDegradation		:	true
     Incident Time (UTC)	:	?2015?-?01?-?29T12:41:42.774211200Z","200","1",,"2","4007","40","-9223372036854710272","1985","Microsoft-Windows-Diagnostics-Performance","cfc18ec0-96b1-4eba-961b-622caee05b0a","Microsoft-Windows-Diagnostics-Performance/Operational","1380","1992","rjaf-PC4429","S-1-5-19","1/30/2015 11:15:40 AM","85f03c9c-789b-0003-a4ff-2bddc03cd001",,"c:\users\mac_1\desktop\winevt\logs\microsoft-windows-diagnostics-performance%4operational.evtx","System.UInt32[]","System.Diagnostics.Eventing.Reader.EventBookmark","Error","Shutdown Information","Shutdown Performance Monitoring","System.Collections.ObjectModel.ReadOnlyCollection`1[System.String]","System.Collections.Generic.List`1[System.Diagnostics.Eventing.Reader.EventProperty]"
"This driver caused a delay during standby while servicing a device:
     Driver File Name		:	\Driver\usbhub
     Driver Friendly Name		:	Default Hub Driver for USB
     Driver Version			:	6.1.7600.16385 (win7_rtm.090713-1255)
     Driver Total Time		:	129ms
     Driver Degradation Time	:	30ms
     Incident Time (UTC)		:	?2015?-?01?-?30T14:18:07.458668800Z
     Device Name			:	USB\VID_8087&PID_0024\5&63440b9&0&1
     Device Friendly Name		:	Generic USB Hub
     Device Total Time		:	129ms
     Device Degradation Time	:	30ms","302","1",,"3","4003","35","-9223372036854710272","1984","Microsoft-Windows-Diagnostics-Performance","cfc18ec0-96b1-4eba-961b-622caee05b0a","Microsoft-Windows-Diagnostics-Performance/Operational","1404","4600","rjaf-PC4429","S-1-5-19","1/30/2015 6:21:29 AM","85f03c9c-489b-0003-af72-af17c33bd001",,"c:\users\mac_1\desktop\winevt\logs\microsoft-windows-diagnostics-performance%4operational.evtx","System.UInt32[]","System.Diagnostics.Eventing.Reader.EventBookmark","Warning","Standby Degradation","Standby Performance Monitoring","System.Collections.ObjectModel.ReadOnlyCollection`1[System.String]","System.Collections.Generic.List`1[System.Diagnostics.Eventing.Reader.EventProperty]"
"Windows has resumed from standby: 
     Standby Duration		:	6832ms
     Standby Incident Time (UTC)	:	?2015?-?01?-?30T14:18:07.458668800Z
     Resume  Duration		:	1198ms
     Resume  Incident Time (UTC)	:	?2015?-?01?-?30T14:21:14.962144700Z
     IsDegradation			:	false","300","1",,"3","4003","36","-9223372036854710272","1983","Microsoft-Windows-Diagnostics-Performance","cfc18ec0-96b1-4eba-961b-622caee05b0a","Microsoft-Windows-Diagnostics-Performance/Operational","1404","4600","rjaf-PC4429","S-1-5-19","1/30/2015 6:21:29 AM","85f03c9c-489b-0003-af72-af17c33bd001",,"c:\users\mac_1\desktop\winevt\logs\microsoft-windows-diagnostics-performance%4operational.evtx","System.UInt32[]","System.Diagnostics.Eventing.Reader.EventBookmark","Warning","Standby Information","Standby Performance Monitoring","System.Collections.ObjectModel.ReadOnlyCollection`1[System.String]","System.Collections.Generic.List`1[System.Diagnostics.Eventing.Reader.EventProperty]"
"Windows has resumed from standby: 
     Standby Duration		:	7658ms
     Standby Incident Time (UTC)	:	?2015?-?01?-?30T08:50:38.934468100Z
     Resume  Duration		:	1201ms
     Resume  Incident Time (UTC)	:	?2015?-?01?-?30T13:06:32.083832700Z
     IsDegradation			:	false","300","1",,"3","4003","36","-9223372036854710272","1982","Microsoft-Windows-Diagnostics-Performance","cfc18ec0-96b1-4eba-961b-622caee05b0a","Microsoft-Windows-Diagnostics-Performance/Operational","1404","4432","rjaf-PC4429","S-1-5-19","1/30/2015 5:06:45 AM","00000000-cb28-0000-ab72-af17c33bd001",,"c:\users\mac_1\desktop\winevt\logs\microsoft-windows-diagnostics-performance%4operational.evtx","System.UInt32[]","System.Diagnostics.Eventing.Reader.EventBookmark","Warning","Standby Information","Standby Performance Monitoring","System.Collections.ObjectModel.ReadOnlyCollection`1[System.String]","System.Collections.Generic.List`1[System.Diagnostics.Eventing.Reader.EventProperty]"
"Windows has resumed from standby: 
     Standby Duration		:	6751ms
     Standby Incident Time (UTC)	:	?2015?-?01?-?30T01:02:56.468864100Z
     Resume  Duration		:	1193ms
     Resume  Incident Time (UTC)	:	?2015?-?01?-?30T08:43:15.486022100Z
     IsDegradation			:	false","300","1",,"3","4003","36","-9223372036854710272","1981","Microsoft-Windows-Diagnostics-Performance","cfc18ec0-96b1-4eba-961b-622caee05b0a","Microsoft-Windows-Diagnostics-Performance/Operational","1404","1656","rjaf-PC4429","S-1-5-19","1/30/2015 12:43:28 AM","85f03364-489b-0002-b172-af17c33bd001",,"c:\users\mac_1\desktop\winevt\logs\microsoft-windows-diagnostics-performance%4operational.evtx","System.UInt32[]","System.Diagnostics.Eventing.Reader.EventBookmark","Warning","Standby Information","Standby Performance Monitoring","System.Collections.ObjectModel.ReadOnlyCollection`1[System.String]","System.Collections.Generic.List`1[System.Diagnostics.Eventing.Reader.EventProperty]"
"This driver caused a delay during standby while servicing a device:
     Driver File Name		:	\Driver\usbhub
     Driver Friendly Name		:	Default Hub Driver for USB
     Driver Version			:	6.1.7600.16385 (win7_rtm.090713-1255)
     Driver Total Time		:	30ms
     Driver Degradation Time	:	13ms
     Incident Time (UTC)		:	?2015?-?01?-?29T23:35:11.954516500Z
     Device Name			:	USB\VID_8087&PID_0024\5&31a83182&0&1
     Device Friendly Name		:	Generic USB Hub
     Device Total Time		:	30ms
     Device Degradation Time	:	0ms","302","1",,"3","4003","35","-9223372036854710272","1980","Microsoft-Windows-Diagnostics-Performance","cfc18ec0-96b1-4eba-961b-622caee05b0a","Microsoft-Windows-Diagnostics-Performance/Operational","1404","6404","rjaf-PC4429","S-1-5-19","1/29/2015 5:00:19 PM","85f03c9c-489b-0003-ae72-af17c33bd001",,"c:\users\mac_1\desktop\winevt\logs\microsoft-windows-diagnostics-performance%4operational.evtx","System.UInt32[]","System.Diagnostics.Eventing.Reader.EventBookmark","Warning","Standby Degradation","Standby Performance Monitoring","System.Collections.ObjectModel.ReadOnlyCollection`1[System.String]","System.Collections.Generic.List`1[System.Diagnostics.Eventing.Reader.EventProperty]"
"This driver caused a delay during standby while servicing a device:
     Driver File Name		:	\Driver\HidUsb
     Driver Friendly Name		:	USB Miniport Driver for Input Devices
     Driver Version			:	6.1.7600.16385 (win7_rtm.090713-1255)
     Driver Total Time		:	30ms
     Driver Degradation Time	:	13ms
     Incident Time (UTC)		:	?2015?-?01?-?29T23:35:11.954516500Z
     Device Name			:	USB\VID_15D9&PID_0A4F\6&2bf858fa&0&1
     Device Friendly Name		:	USB Input Device
     Device Total Time		:	31ms
     Device Degradation Time	:	0ms","302","1",,"3","4003","35","-9223372036854710272","1979","Microsoft-Windows-Diagnostics-Performance","cfc18ec0-96b1-4eba-961b-622caee05b0a","Microsoft-Windows-Diagnostics-Performance/Operational","1404","6404","rjaf-PC4429","S-1-5-19","1/29/2015 5:00:19 PM","85f03c9c-489b-0003-ae72-af17c33bd001",,"c:\users\mac_1\desktop\winevt\logs\microsoft-windows-diagnostics-performance%4operational.evtx","System.UInt32[]","System.Diagnostics.Eventing.Reader.EventBookmark","Warning","Standby Degradation","Standby Performance Monitoring","System.Collections.ObjectModel.ReadOnlyCollection`1[System.String]","System.Collections.Generic.List`1[System.Diagnostics.Eventing.Reader.EventProperty]"
"This driver caused a delay during standby while servicing a device:
     Driver File Name		:	\Driver\HidUsb
     Driver Friendly Name		:	USB Miniport Driver for Input Devices
     Driver Version			:	6.1.7600.16385 (win7_rtm.090713-1255)
     Driver Total Time		:	30ms
     Driver Degradation Time	:	13ms
     Incident Time (UTC)		:	?2015?-?01?-?29T23:35:11.954516500Z
     Device Name			:	USB\VID_04F3&PID_0103&MI_00\7&f9ecafe&0&0000
     Device Friendly Name		:	USB Input Device
     Device Total Time		:	30ms
     Device Degradation Time	:	0ms","302","1",,"3","4003","35","-9223372036854710272","1978","Microsoft-Windows-Diagnostics-Performance","cfc18ec0-96b1-4eba-961b-622caee05b0a","Microsoft-Windows-Diagnostics-Performance/Operational","1404","6404","rjaf-PC4429","S-1-5-19","1/29/2015 5:00:19 PM","85f03c9c-489b-0003-ae72-af17c33bd001",,"c:\users\mac_1\desktop\winevt\logs\microsoft-windows-diagnostics-performance%4operational.evtx","System.UInt32[]","System.Diagnostics.Eventing.Reader.EventBookmark","Warning","Standby Degradation","Standby Performance Monitoring","System.Collections.ObjectModel.ReadOnlyCollection`1[System.String]","System.Collections.Generic.List`1[System.Diagnostics.Eventing.Reader.EventProperty]"
"This driver caused a delay during standby while servicing a device:
     Driver File Name		:	\Driver\HidUsb
     Driver Friendly Name		:	USB Miniport Driver for Input Devices
     Driver Version			:	6.1.7600.16385 (win7_rtm.090713-1255)
     Driver Total Time		:	30ms
     Driver Degradation Time	:	13ms
     Incident Time (UTC)		:	?2015?-?01?-?29T23:35:11.954516500Z
     Device Name			:	USB\VID_04F3&PID_0103&MI_01\7&f9ecafe&0&0001
     Device Friendly Name		:	USB Input Device
     Device Total Time		:	30ms
     Device Degradation Time	:	0ms","302","1",,"3","4003","35","-9223372036854710272","1977","Microsoft-Windows-Diagnostics-Performance","cfc18ec0-96b1-4eba-961b-622caee05b0a","Microsoft-Windows-Diagnostics-Performance/Operational","1404","6404","rjaf-PC4429","S-1-5-19","1/29/2015 5:00:19 PM","85f03c9c-489b-0003-ae72-af17c33bd001",,"c:\users\mac_1\desktop\winevt\logs\microsoft-windows-diagnostics-performance%4operational.evtx","System.UInt32[]","System.Diagnostics.Eventing.Reader.EventBookmark","Warning","Standby Degradation","Standby Performance Monitoring","System.Collections.ObjectModel.ReadOnlyCollection`1[System.String]","System.Collections.Generic.List`1[System.Diagnostics.Eventing.Reader.EventProperty]"
"This driver caused a delay during standby while servicing a device:
     Driver File Name		:	\Driver\HdAudAddService
     Driver Friendly Name		:	High Definition Audio Function Driver
     Driver Version			:	6.1.7600.16385 (win7_rtm.090713-1255)
     Driver Total Time		:	30ms
     Driver Degradation Time	:	10ms
     Incident Time (UTC)		:	?2015?-?01?-?29T23:35:11.954516500Z
     Device Name			:	HDAUDIO\FUNC_01&VEN_10EC&DEV_0662&SUBSYS_8086204E&REV_1001\4&21abbdd3&0&0001
     Device Friendly Name		:	High Definition Audio Device
     Device Total Time		:	30ms
     Device Degradation Time	:	0ms","302","1",,"3","4003","35","-9223372036854710272","1976","Microsoft-Windows-Diagnostics-Performance","cfc18ec0-96b1-4eba-961b-622caee05b0a","Microsoft-Windows-Diagnostics-Performance/Operational","1404","6404","rjaf-PC4429","S-1-5-19","1/29/2015 5:00:19 PM","85f03c9c-489b-0003-ae72-af17c33bd001",,"c:\users\mac_1\desktop\winevt\logs\microsoft-windows-diagnostics-performance%4operational.evtx","System.UInt32[]","System.Diagnostics.Eventing.Reader.EventBookmark","Warning","Standby Degradation","Standby Performance Monitoring","System.Collections.ObjectModel.ReadOnlyCollection`1[System.String]","System.Collections.Generic.List`1[System.Diagnostics.Eventing.Reader.EventProperty]"
"Windows has resumed from standby: 
     Standby Duration		:	6783ms
     Standby Incident Time (UTC)	:	?2015?-?01?-?29T23:35:11.954516500Z
     Resume  Duration		:	1203ms
     Resume  Incident Time (UTC)	:	?2015?-?01?-?30T01:00:09.980857500Z
     IsDegradation			:	false","300","1",,"3","4003","36","-9223372036854710272","1975","Microsoft-Windows-Diagnostics-Performance","cfc18ec0-96b1-4eba-961b-622caee05b0a","Microsoft-Windows-Diagnostics-Performance/Operational","1404","6404","rjaf-PC4429","S-1-5-19","1/29/2015 5:00:19 PM","85f03c9c-489b-0003-ae72-af17c33bd001",,"c:\users\mac_1\desktop\winevt\logs\microsoft-windows-diagnostics-performance%4operational.evtx","System.UInt32[]","System.Diagnostics.Eventing.Reader.EventBookmark","Warning","Standby Information","Standby Performance Monitoring","System.Collections.ObjectModel.ReadOnlyCollection`1[System.String]","System.Collections.Generic.List`1[System.Diagnostics.Eventing.Reader.EventProperty]"
"Windows has resumed from standby: 
     Standby Duration		:	6557ms
     Standby Incident Time (UTC)	:	?2015?-?01?-?29T22:16:57.071275500Z
     Resume  Duration		:	1187ms
     Resume  Incident Time (UTC)	:	?2015?-?01?-?29T22:24:03.555336800Z
     IsDegradation			:	false","300","1",,"3","4003","36","-9223372036854710272","1974","Microsoft-Windows-Diagnostics-Performance","cfc18ec0-96b1-4eba-961b-622caee05b0a","Microsoft-Windows-Diagnostics-Performance/Operational","1404","6440","rjaf-PC4429","S-1-5-19","1/29/2015 2:24:13 PM","85f03364-489b-0002-ac72-af17c33bd001",,"c:\users\mac_1\desktop\winevt\logs\microsoft-windows-diagnostics-performance%4operational.evtx","System.UInt32[]","System.Diagnostics.Eventing.Reader.EventBookmark","Warning","Standby Information","Standby Performance Monitoring","System.Collections.ObjectModel.ReadOnlyCollection`1[System.String]","System.Collections.Generic.List`1[System.Diagnostics.Eventing.Reader.EventProperty]"
"Preparing Winlogon for sleep was slower than expected: 
     Name		:	SuspendWinlogon
     Total Time		:	319ms
     Degradation Time	:	322ms
     Incident Time (UTC)	:	?2015?-?01?-?29T20:25:42.385556700Z","307","1",,"3","4003","35","-9223372036854710272","1973","Microsoft-Windows-Diagnostics-Performance","cfc18ec0-96b1-4eba-961b-622caee05b0a","Microsoft-Windows-Diagnostics-Performance/Operational","1404","1716","rjaf-PC4429","S-1-5-19","1/29/2015 1:06:14 PM","85f03364-489b-0002-ab72-af17c33bd001",,"c:\users\mac_1\desktop\winevt\logs\microsoft-windows-diagnostics-performance%4operational.evtx","System.UInt32[]","System.Diagnostics.Eventing.Reader.EventBookmark","Warning","Standby Degradation","Standby Performance Monitoring","System.Collections.ObjectModel.ReadOnlyCollection`1[System.String]","System.Collections.Generic.List`1[System.Diagnostics.Eventing.Reader.EventProperty]"
"This driver caused a delay during standby while servicing a device:
     Driver File Name		:	\Driver\usbehci
     Driver Friendly Name		:	EHCI eUSB Miniport Driver
     Driver Version			:	6.1.7600.16788 (win7_gdr.110324-1506)
     Driver Total Time		:	91ms
     Driver Degradation Time	:	32ms
     Incident Time (UTC)		:	?2015?-?01?-?29T20:25:42.385556700Z
     Device Name			:	USB\ROOT_HUB20\4&f96d45&0
     Device Friendly Name		:	USB Root Hub
     Device Total Time		:	91ms
     Device Degradation Time	:	32ms","302","1",,"3","4003","35","-9223372036854710272","1972","Microsoft-Windows-Diagnostics-Performance","cfc18ec0-96b1-4eba-961b-622caee05b0a","Microsoft-Windows-Diagnostics-Performance/Operational","1404","1716","rjaf-PC4429","S-1-5-19","1/29/2015 1:06:14 PM","85f03364-489b-0002-ab72-af17c33bd001",,"c:\users\mac_1\desktop\winevt\logs\microsoft-windows-diagnostics-performance%4operational.evtx","System.UInt32[]","System.Diagnostics.Eventing.Reader.EventBookmark","Warning","Standby Degradation","Standby Performance Monitoring","System.Collections.ObjectModel.ReadOnlyCollection`1[System.String]","System.Collections.Generic.List`1[System.Diagnostics.Eventing.Reader.EventProperty]"
