"30:Gathering Key Info","9","0",,"4","1","0","-9223372036854775808","168","Microsoft-Windows-WindowsSystemAssessmentTool","11a75546-3234-465e-bec8-2d301cb501ac","Microsoft-Windows-WindowsSystemAssessmentTool/Operational","4080","4068","rjaf-PC4429","S-1-5-21-1634558665-2257203147-3060767804-1000","12/11/2013 9:13:23 AM",,,"c:\users\mac_1\desktop\winevt\logs\microsoft-windows-windowssystemassessmenttool%4operational.evtx","System.UInt32[]","System.Diagnostics.Eventing.Reader.EventBookmark","Information","Info",,"System.Collections.ObjectModel.ReadOnlyCollection`1[System.String]","System.Collections.Generic.List`1[System.Diagnostics.Eventing.Reader.EventProperty]"
"20","10","0",,"4","1","0","-9223372036854775808","167","Microsoft-Windows-WindowsSystemAssessmentTool","11a75546-3234-465e-bec8-2d301cb501ac","Microsoft-Windows-WindowsSystemAssessmentTool/Operational","4080","4068","rjaf-PC4429","S-1-5-21-1634558665-2257203147-3060767804-1000","12/11/2013 9:13:23 AM",,,"c:\users\mac_1\desktop\winevt\logs\microsoft-windows-windowssystemassessmenttool%4operational.evtx","System.UInt32[]","System.Diagnostics.Eventing.Reader.EventBookmark","Information","Info",,"System.Collections.ObjectModel.ReadOnlyCollection`1[System.String]","System.Collections.Generic.List`1[System.Diagnostics.Eventing.Reader.EventProperty]"
"20:Modify system policies","9","0",,"4","1","0","-9223372036854775808","166","Microsoft-Windows-WindowsSystemAssessmentTool","11a75546-3234-465e-bec8-2d301cb501ac","Microsoft-Windows-WindowsSystemAssessmentTool/Operational","4080","4068","rjaf-PC4429","S-1-5-21-1634558665-2257203147-3060767804-1000","12/11/2013 9:13:22 AM",,,"c:\users\mac_1\desktop\winevt\logs\microsoft-windows-windowssystemassessmenttool%4operational.evtx","System.UInt32[]","System.Diagnostics.Eventing.Reader.EventBookmark","Information","Info",,"System.Collections.ObjectModel.ReadOnlyCollection`1[System.String]","System.Collections.Generic.List`1[System.Diagnostics.Eventing.Reader.EventProperty]"
"WinSAT Application Command Line ""C:\Windows\system32\winsat.exe"" formal -cancelevent 60c0e89d-40e4-47a9-be43-0d2431d2dcde","2","0",,"0","1","0","-9223372036854775808","165","Microsoft-Windows-WindowsSystemAssessmentTool","11a75546-3234-465e-bec8-2d301cb501ac","Microsoft-Windows-WindowsSystemAssessmentTool/Operational","4080","4068","rjaf-PC4429","S-1-5-21-1634558665-2257203147-3060767804-1000","12/11/2013 9:13:22 AM",,,"c:\users\mac_1\desktop\winevt\logs\microsoft-windows-windowssystemassessmenttool%4operational.evtx","System.UInt32[]","System.Diagnostics.Eventing.Reader.EventBookmark","Information","Info",,"System.Collections.ObjectModel.ReadOnlyCollection`1[System.String]","System.Collections.Generic.List`1[System.Diagnostics.Eventing.Reader.EventProperty]"
"10:Application Intializaton","9","0",,"4","1","0","-9223372036854775808","164","Microsoft-Windows-WindowsSystemAssessmentTool","11a75546-3234-465e-bec8-2d301cb501ac","Microsoft-Windows-WindowsSystemAssessmentTool/Operational","4080","4068","rjaf-PC4429","S-1-5-21-1634558665-2257203147-3060767804-1000","12/11/2013 9:13:22 AM",,,"c:\users\mac_1\desktop\winevt\logs\microsoft-windows-windowssystemassessmenttool%4operational.evtx","System.UInt32[]","System.Diagnostics.Eventing.Reader.EventBookmark","Information","Info",,"System.Collections.ObjectModel.ReadOnlyCollection`1[System.String]","System.Collections.Generic.List`1[System.Diagnostics.Eventing.Reader.EventProperty]"
"WinSAT Application Start: ?2013?-?12?-?11T17:13:22.290589700Z","1","0",,"0","1","1","-9223372036854775808","163","Microsoft-Windows-WindowsSystemAssessmentTool","11a75546-3234-465e-bec8-2d301cb501ac","Microsoft-Windows-WindowsSystemAssessmentTool/Operational","4080","4068","rjaf-PC4429","S-1-5-21-1634558665-2257203147-3060767804-1000","12/11/2013 9:13:22 AM",,,"c:\users\mac_1\desktop\winevt\logs\microsoft-windows-windowssystemassessmenttool%4operational.evtx","System.UInt32[]","System.Diagnostics.Eventing.Reader.EventBookmark","Information","Start",,"System.Collections.ObjectModel.ReadOnlyCollection`1[System.String]","System.Collections.Generic.List`1[System.Diagnostics.Eventing.Reader.EventProperty]"
"WinSAT Application Stop: 0","3","0",,"0","1","2","-9223372036854775808","162","Microsoft-Windows-WindowsSystemAssessmentTool","11a75546-3234-465e-bec8-2d301cb501ac","Microsoft-Windows-WindowsSystemAssessmentTool/Operational","2204","2208","rjaf-PC4429","S-1-5-21-1634558665-2257203147-3060767804-1000","12/11/2013 9:08:48 AM",,,"c:\users\mac_1\desktop\winevt\logs\microsoft-windows-windowssystemassessmenttool%4operational.evtx","System.UInt32[]","System.Diagnostics.Eventing.Reader.EventBookmark","Information","Stop",,"System.Collections.ObjectModel.ReadOnlyCollection`1[System.String]","System.Collections.Generic.List`1[System.Diagnostics.Eventing.Reader.EventProperty]"
"140","10","0",,"4","1","0","-9223372036854775808","161","Microsoft-Windows-WindowsSystemAssessmentTool","11a75546-3234-465e-bec8-2d301cb501ac","Microsoft-Windows-WindowsSystemAssessmentTool/Operational","2204","2208","rjaf-PC4429","S-1-5-21-1634558665-2257203147-3060767804-1000","12/11/2013 9:08:48 AM",,,"c:\users\mac_1\desktop\winevt\logs\microsoft-windows-windowssystemassessmenttool%4operational.evtx","System.UInt32[]","System.Diagnostics.Eventing.Reader.EventBookmark","Information","Info",,"System.Collections.ObjectModel.ReadOnlyCollection`1[System.String]","System.Collections.Generic.List`1[System.Diagnostics.Eventing.Reader.EventProperty]"
"140:Restore system policies","9","0",,"4","1","0","-9223372036854775808","160","Microsoft-Windows-WindowsSystemAssessmentTool","11a75546-3234-465e-bec8-2d301cb501ac","Microsoft-Windows-WindowsSystemAssessmentTool/Operational","2204","2208","rjaf-PC4429","S-1-5-21-1634558665-2257203147-3060767804-1000","12/11/2013 9:08:48 AM",,,"c:\users\mac_1\desktop\winevt\logs\microsoft-windows-windowssystemassessmenttool%4operational.evtx","System.UInt32[]","System.Diagnostics.Eventing.Reader.EventBookmark","Information","Info",,"System.Collections.ObjectModel.ReadOnlyCollection`1[System.String]","System.Collections.Generic.List`1[System.Diagnostics.Eventing.Reader.EventProperty]"
"150:Cleanup and exit","9","0",,"4","1","0","-9223372036854775808","159","Microsoft-Windows-WindowsSystemAssessmentTool","11a75546-3234-465e-bec8-2d301cb501ac","Microsoft-Windows-WindowsSystemAssessmentTool/Operational","2204","2208","rjaf-PC4429","S-1-5-21-1634558665-2257203147-3060767804-1000","12/11/2013 9:08:48 AM",,,"c:\users\mac_1\desktop\winevt\logs\microsoft-windows-windowssystemassessmenttool%4operational.evtx","System.UInt32[]","System.Diagnostics.Eventing.Reader.EventBookmark","Information","Info",,"System.Collections.ObjectModel.ReadOnlyCollection`1[System.String]","System.Collections.Generic.List`1[System.Diagnostics.Eventing.Reader.EventProperty]"
"130","10","0",,"4","1","0","-9223372036854775808","158","Microsoft-Windows-WindowsSystemAssessmentTool","11a75546-3234-465e-bec8-2d301cb501ac","Microsoft-Windows-WindowsSystemAssessmentTool/Operational","2204","2208","rjaf-PC4429","S-1-5-21-1634558665-2257203147-3060767804-1000","12/11/2013 9:08:48 AM",,,"c:\users\mac_1\desktop\winevt\logs\microsoft-windows-windowssystemassessmenttool%4operational.evtx","System.UInt32[]","System.Diagnostics.Eventing.Reader.EventBookmark","Information","Info",,"System.Collections.ObjectModel.ReadOnlyCollection`1[System.String]","System.Collections.Generic.List`1[System.Diagnostics.Eventing.Reader.EventProperty]"
"130:Process Results","9","0",,"4","1","0","-9223372036854775808","157","Microsoft-Windows-WindowsSystemAssessmentTool","11a75546-3234-465e-bec8-2d301cb501ac","Microsoft-Windows-WindowsSystemAssessmentTool/Operational","2204","2208","rjaf-PC4429","S-1-5-21-1634558665-2257203147-3060767804-1000","12/11/2013 9:08:48 AM",,,"c:\users\mac_1\desktop\winevt\logs\microsoft-windows-windowssystemassessmenttool%4operational.evtx","System.UInt32[]","System.Diagnostics.Eventing.Reader.EventBookmark","Information","Info",,"System.Collections.ObjectModel.ReadOnlyCollection`1[System.String]","System.Collections.Generic.List`1[System.Diagnostics.Eventing.Reader.EventProperty]"
"1005","10","0",,"4","1","0","-9223372036854775808","156","Microsoft-Windows-WindowsSystemAssessmentTool","11a75546-3234-465e-bec8-2d301cb501ac","Microsoft-Windows-WindowsSystemAssessmentTool/Operational","2204","2208","rjaf-PC4429","S-1-5-21-1634558665-2257203147-3060767804-1000","12/11/2013 9:08:48 AM",,,"c:\users\mac_1\desktop\winevt\logs\microsoft-windows-windowssystemassessmenttool%4operational.evtx","System.UInt32[]","System.Diagnostics.Eventing.Reader.EventBookmark","Information","Info",,"System.Collections.ObjectModel.ReadOnlyCollection`1[System.String]","System.Collections.Generic.List`1[System.Diagnostics.Eventing.Reader.EventProperty]"
"1005:Run Assessment, dwm, -aname DWM -time 10 -fbc 10 -disp off -normalw 12 -width 1280 -height 1024 -winwidth C(1144) -winheight C(915) -rendertotex 6 -rtdelta 3 -nolock","9","0",,"4","1","0","-9223372036854775808","155","Microsoft-Windows-WindowsSystemAssessmentTool","11a75546-3234-465e-bec8-2d301cb501ac","Microsoft-Windows-WindowsSystemAssessmentTool/Operational","2204","2208","rjaf-PC4429","S-1-5-21-1634558665-2257203147-3060767804-1000","12/11/2013 9:08:36 AM",,,"c:\users\mac_1\desktop\winevt\logs\microsoft-windows-windowssystemassessmenttool%4operational.evtx","System.UInt32[]","System.Diagnostics.Eventing.Reader.EventBookmark","Information","Info",,"System.Collections.ObjectModel.ReadOnlyCollection`1[System.String]","System.Collections.Generic.List`1[System.Diagnostics.Eventing.Reader.EventProperty]"
"1001","10","0",,"4","1","0","-9223372036854775808","154","Microsoft-Windows-WindowsSystemAssessmentTool","11a75546-3234-465e-bec8-2d301cb501ac","Microsoft-Windows-WindowsSystemAssessmentTool/Operational","2204","2208","rjaf-PC4429","S-1-5-21-1634558665-2257203147-3060767804-1000","12/11/2013 9:08:36 AM",,,"c:\users\mac_1\desktop\winevt\logs\microsoft-windows-windowssystemassessmenttool%4operational.evtx","System.UInt32[]","System.Diagnostics.Eventing.Reader.EventBookmark","Information","Info",,"System.Collections.ObjectModel.ReadOnlyCollection`1[System.String]","System.Collections.Generic.List`1[System.Diagnostics.Eventing.Reader.EventProperty]"
"120","10","0",,"4","1","0","-9223372036854775808","153","Microsoft-Windows-WindowsSystemAssessmentTool","11a75546-3234-465e-bec8-2d301cb501ac","Microsoft-Windows-WindowsSystemAssessmentTool/Operational","2204","2208","rjaf-PC4429","S-1-5-21-1634558665-2257203147-3060767804-1000","12/11/2013 9:08:36 AM",,,"c:\users\mac_1\desktop\winevt\logs\microsoft-windows-windowssystemassessmenttool%4operational.evtx","System.UInt32[]","System.Diagnostics.Eventing.Reader.EventBookmark","Information","Info",,"System.Collections.ObjectModel.ReadOnlyCollection`1[System.String]","System.Collections.Generic.List`1[System.Diagnostics.Eventing.Reader.EventProperty]"
"120:Get graphics adapter information","9","0",,"4","1","0","-9223372036854775808","152","Microsoft-Windows-WindowsSystemAssessmentTool","11a75546-3234-465e-bec8-2d301cb501ac","Microsoft-Windows-WindowsSystemAssessmentTool/Operational","2204","2208","rjaf-PC4429","S-1-5-21-1634558665-2257203147-3060767804-1000","12/11/2013 9:08:35 AM",,,"c:\users\mac_1\desktop\winevt\logs\microsoft-windows-windowssystemassessmenttool%4operational.evtx","System.UInt32[]","System.Diagnostics.Eventing.Reader.EventBookmark","Information","Info",,"System.Collections.ObjectModel.ReadOnlyCollection`1[System.String]","System.Collections.Generic.List`1[System.Diagnostics.Eventing.Reader.EventProperty]"
"1001:Run Assessment, features, ","9","0",,"4","1","0","-9223372036854775808","151","Microsoft-Windows-WindowsSystemAssessmentTool","11a75546-3234-465e-bec8-2d301cb501ac","Microsoft-Windows-WindowsSystemAssessmentTool/Operational","2204","2208","rjaf-PC4429","S-1-5-21-1634558665-2257203147-3060767804-1000","12/11/2013 9:08:35 AM",,,"c:\users\mac_1\desktop\winevt\logs\microsoft-windows-windowssystemassessmenttool%4operational.evtx","System.UInt32[]","System.Diagnostics.Eventing.Reader.EventBookmark","Information","Info",,"System.Collections.ObjectModel.ReadOnlyCollection`1[System.String]","System.Collections.Generic.List`1[System.Diagnostics.Eventing.Reader.EventProperty]"
"10","10","0",,"4","1","0","-9223372036854775808","150","Microsoft-Windows-WindowsSystemAssessmentTool","11a75546-3234-465e-bec8-2d301cb501ac","Microsoft-Windows-WindowsSystemAssessmentTool/Operational","2204","2208","rjaf-PC4429","S-1-5-21-1634558665-2257203147-3060767804-1000","12/11/2013 9:08:35 AM",,,"c:\users\mac_1\desktop\winevt\logs\microsoft-windows-windowssystemassessmenttool%4operational.evtx","System.UInt32[]","System.Diagnostics.Eventing.Reader.EventBookmark","Information","Info",,"System.Collections.ObjectModel.ReadOnlyCollection`1[System.String]","System.Collections.Generic.List`1[System.Diagnostics.Eventing.Reader.EventProperty]"
"30","10","0",,"4","1","0","-9223372036854775808","149","Microsoft-Windows-WindowsSystemAssessmentTool","11a75546-3234-465e-bec8-2d301cb501ac","Microsoft-Windows-WindowsSystemAssessmentTool/Operational","2204","2208","rjaf-PC4429","S-1-5-21-1634558665-2257203147-3060767804-1000","12/11/2013 9:08:35 AM",,,"c:\users\mac_1\desktop\winevt\logs\microsoft-windows-windowssystemassessmenttool%4operational.evtx","System.UInt32[]","System.Diagnostics.Eventing.Reader.EventBookmark","Information","Info",,"System.Collections.ObjectModel.ReadOnlyCollection`1[System.String]","System.Collections.Generic.List`1[System.Diagnostics.Eventing.Reader.EventProperty]"
"50","10","0",,"4","1","0","-9223372036854775808","148","Microsoft-Windows-WindowsSystemAssessmentTool","11a75546-3234-465e-bec8-2d301cb501ac","Microsoft-Windows-WindowsSystemAssessmentTool/Operational","2204","2208","rjaf-PC4429","S-1-5-21-1634558665-2257203147-3060767804-1000","12/11/2013 9:08:35 AM",,,"c:\users\mac_1\desktop\winevt\logs\microsoft-windows-windowssystemassessmenttool%4operational.evtx","System.UInt32[]","System.Diagnostics.Eventing.Reader.EventBookmark","Information","Info",,"System.Collections.ObjectModel.ReadOnlyCollection`1[System.String]","System.Collections.Generic.List`1[System.Diagnostics.Eventing.Reader.EventProperty]"
"110","10","0",,"4","1","0","-9223372036854775808","147","Microsoft-Windows-WindowsSystemAssessmentTool","11a75546-3234-465e-bec8-2d301cb501ac","Microsoft-Windows-WindowsSystemAssessmentTool/Operational","2204","2208","rjaf-PC4429","S-1-5-21-1634558665-2257203147-3060767804-1000","12/11/2013 9:08:35 AM",,,"c:\users\mac_1\desktop\winevt\logs\microsoft-windows-windowssystemassessmenttool%4operational.evtx","System.UInt32[]","System.Diagnostics.Eventing.Reader.EventBookmark","Information","Info",,"System.Collections.ObjectModel.ReadOnlyCollection`1[System.String]","System.Collections.Generic.List`1[System.Diagnostics.Eventing.Reader.EventProperty]"
"110:Get WDDM support","9","0",,"4","1","0","-9223372036854775808","146","Microsoft-Windows-WindowsSystemAssessmentTool","11a75546-3234-465e-bec8-2d301cb501ac","Microsoft-Windows-WindowsSystemAssessmentTool/Operational","2204","2208","rjaf-PC4429","S-1-5-21-1634558665-2257203147-3060767804-1000","12/11/2013 9:08:35 AM",,,"c:\users\mac_1\desktop\winevt\logs\microsoft-windows-windowssystemassessmenttool%4operational.evtx","System.UInt32[]","System.Diagnostics.Eventing.Reader.EventBookmark","Information","Info",,"System.Collections.ObjectModel.ReadOnlyCollection`1[System.String]","System.Collections.Generic.List`1[System.Diagnostics.Eventing.Reader.EventProperty]"
"100","10","0",,"4","1","0","-9223372036854775808","145","Microsoft-Windows-WindowsSystemAssessmentTool","11a75546-3234-465e-bec8-2d301cb501ac","Microsoft-Windows-WindowsSystemAssessmentTool/Operational","2204","2208","rjaf-PC4429","S-1-5-21-1634558665-2257203147-3060767804-1000","12/11/2013 9:08:35 AM",,,"c:\users\mac_1\desktop\winevt\logs\microsoft-windows-windowssystemassessmenttool%4operational.evtx","System.UInt32[]","System.Diagnostics.Eventing.Reader.EventBookmark","Information","Info",,"System.Collections.ObjectModel.ReadOnlyCollection`1[System.String]","System.Collections.Generic.List`1[System.Diagnostics.Eventing.Reader.EventProperty]"
"100:Get shader support","9","0",,"4","1","0","-9223372036854775808","144","Microsoft-Windows-WindowsSystemAssessmentTool","11a75546-3234-465e-bec8-2d301cb501ac","Microsoft-Windows-WindowsSystemAssessmentTool/Operational","2204","2208","rjaf-PC4429","S-1-5-21-1634558665-2257203147-3060767804-1000","12/11/2013 9:08:35 AM",,,"c:\users\mac_1\desktop\winevt\logs\microsoft-windows-windowssystemassessmenttool%4operational.evtx","System.UInt32[]","System.Diagnostics.Eventing.Reader.EventBookmark","Information","Info",,"System.Collections.ObjectModel.ReadOnlyCollection`1[System.String]","System.Collections.Generic.List`1[System.Diagnostics.Eventing.Reader.EventProperty]"
"90","10","0",,"4","1","0","-9223372036854775808","143","Microsoft-Windows-WindowsSystemAssessmentTool","11a75546-3234-465e-bec8-2d301cb501ac","Microsoft-Windows-WindowsSystemAssessmentTool/Operational","2204","2208","rjaf-PC4429","S-1-5-21-1634558665-2257203147-3060767804-1000","12/11/2013 9:08:35 AM",,,"c:\users\mac_1\desktop\winevt\logs\microsoft-windows-windowssystemassessmenttool%4operational.evtx","System.UInt32[]","System.Diagnostics.Eventing.Reader.EventBookmark","Information","Info",,"System.Collections.ObjectModel.ReadOnlyCollection`1[System.String]","System.Collections.Generic.List`1[System.Diagnostics.Eventing.Reader.EventProperty]"
"90:Get Adapter Description","9","0",,"4","1","0","-9223372036854775808","142","Microsoft-Windows-WindowsSystemAssessmentTool","11a75546-3234-465e-bec8-2d301cb501ac","Microsoft-Windows-WindowsSystemAssessmentTool/Operational","2204","2208","rjaf-PC4429","S-1-5-21-1634558665-2257203147-3060767804-1000","12/11/2013 9:08:35 AM",,,"c:\users\mac_1\desktop\winevt\logs\microsoft-windows-windowssystemassessmenttool%4operational.evtx","System.UInt32[]","System.Diagnostics.Eventing.Reader.EventBookmark","Information","Info",,"System.Collections.ObjectModel.ReadOnlyCollection`1[System.String]","System.Collections.Generic.List`1[System.Diagnostics.Eventing.Reader.EventProperty]"
"80","10","0",,"4","1","0","-9223372036854775808","141","Microsoft-Windows-WindowsSystemAssessmentTool","11a75546-3234-465e-bec8-2d301cb501ac","Microsoft-Windows-WindowsSystemAssessmentTool/Operational","2204","2208","rjaf-PC4429","S-1-5-21-1634558665-2257203147-3060767804-1000","12/11/2013 9:08:35 AM",,,"c:\users\mac_1\desktop\winevt\logs\microsoft-windows-windowssystemassessmenttool%4operational.evtx","System.UInt32[]","System.Diagnostics.Eventing.Reader.EventBookmark","Information","Info",,"System.Collections.ObjectModel.ReadOnlyCollection`1[System.String]","System.Collections.Generic.List`1[System.Diagnostics.Eventing.Reader.EventProperty]"
"80:Get DX9 Device capabilities","9","0",,"4","1","0","-9223372036854775808","140","Microsoft-Windows-WindowsSystemAssessmentTool","11a75546-3234-465e-bec8-2d301cb501ac","Microsoft-Windows-WindowsSystemAssessmentTool/Operational","2204","2208","rjaf-PC4429","S-1-5-21-1634558665-2257203147-3060767804-1000","12/11/2013 9:08:33 AM",,,"c:\users\mac_1\desktop\winevt\logs\microsoft-windows-windowssystemassessmenttool%4operational.evtx","System.UInt32[]","System.Diagnostics.Eventing.Reader.EventBookmark","Information","Info",,"System.Collections.ObjectModel.ReadOnlyCollection`1[System.String]","System.Collections.Generic.List`1[System.Diagnostics.Eventing.Reader.EventProperty]"
"70","10","0",,"4","1","0","-9223372036854775808","139","Microsoft-Windows-WindowsSystemAssessmentTool","11a75546-3234-465e-bec8-2d301cb501ac","Microsoft-Windows-WindowsSystemAssessmentTool/Operational","2204","2208","rjaf-PC4429","S-1-5-21-1634558665-2257203147-3060767804-1000","12/11/2013 9:08:33 AM",,,"c:\users\mac_1\desktop\winevt\logs\microsoft-windows-windowssystemassessmenttool%4operational.evtx","System.UInt32[]","System.Diagnostics.Eventing.Reader.EventBookmark","Information","Info",,"System.Collections.ObjectModel.ReadOnlyCollection`1[System.String]","System.Collections.Generic.List`1[System.Diagnostics.Eventing.Reader.EventProperty]"
"70:Initializing DX9","9","0",,"4","1","0","-9223372036854775808","138","Microsoft-Windows-WindowsSystemAssessmentTool","11a75546-3234-465e-bec8-2d301cb501ac","Microsoft-Windows-WindowsSystemAssessmentTool/Operational","2204","2208","rjaf-PC4429","S-1-5-21-1634558665-2257203147-3060767804-1000","12/11/2013 9:08:33 AM",,,"c:\users\mac_1\desktop\winevt\logs\microsoft-windows-windowssystemassessmenttool%4operational.evtx","System.UInt32[]","System.Diagnostics.Eventing.Reader.EventBookmark","Information","Info",,"System.Collections.ObjectModel.ReadOnlyCollection`1[System.String]","System.Collections.Generic.List`1[System.Diagnostics.Eventing.Reader.EventProperty]"
"60","10","0",,"4","1","0","-9223372036854775808","137","Microsoft-Windows-WindowsSystemAssessmentTool","11a75546-3234-465e-bec8-2d301cb501ac","Microsoft-Windows-WindowsSystemAssessmentTool/Operational","2204","2208","rjaf-PC4429","S-1-5-21-1634558665-2257203147-3060767804-1000","12/11/2013 9:08:33 AM",,,"c:\users\mac_1\desktop\winevt\logs\microsoft-windows-windowssystemassessmenttool%4operational.evtx","System.UInt32[]","System.Diagnostics.Eventing.Reader.EventBookmark","Information","Info",,"System.Collections.ObjectModel.ReadOnlyCollection`1[System.String]","System.Collections.Generic.List`1[System.Diagnostics.Eventing.Reader.EventProperty]"
"60:Gather Monitor information","9","0",,"4","1","0","-9223372036854775808","136","Microsoft-Windows-WindowsSystemAssessmentTool","11a75546-3234-465e-bec8-2d301cb501ac","Microsoft-Windows-WindowsSystemAssessmentTool/Operational","2204","2208","rjaf-PC4429","S-1-5-21-1634558665-2257203147-3060767804-1000","12/11/2013 9:08:33 AM",,,"c:\users\mac_1\desktop\winevt\logs\microsoft-windows-windowssystemassessmenttool%4operational.evtx","System.UInt32[]","System.Diagnostics.Eventing.Reader.EventBookmark","Information","Info",,"System.Collections.ObjectModel.ReadOnlyCollection`1[System.String]","System.Collections.Generic.List`1[System.Diagnostics.Eventing.Reader.EventProperty]"
"50:Gather Graphics information","9","0",,"4","1","0","-9223372036854775808","135","Microsoft-Windows-WindowsSystemAssessmentTool","11a75546-3234-465e-bec8-2d301cb501ac","Microsoft-Windows-WindowsSystemAssessmentTool/Operational","2204","2208","rjaf-PC4429","S-1-5-21-1634558665-2257203147-3060767804-1000","12/11/2013 9:08:33 AM",,,"c:\users\mac_1\desktop\winevt\logs\microsoft-windows-windowssystemassessmenttool%4operational.evtx","System.UInt32[]","System.Diagnostics.Eventing.Reader.EventBookmark","Information","Info",,"System.Collections.ObjectModel.ReadOnlyCollection`1[System.String]","System.Collections.Generic.List`1[System.Diagnostics.Eventing.Reader.EventProperty]"
"40","10","0",,"4","1","0","-9223372036854775808","134","Microsoft-Windows-WindowsSystemAssessmentTool","11a75546-3234-465e-bec8-2d301cb501ac","Microsoft-Windows-WindowsSystemAssessmentTool/Operational","2204","2208","rjaf-PC4429","S-1-5-21-1634558665-2257203147-3060767804-1000","12/11/2013 9:08:33 AM",,,"c:\users\mac_1\desktop\winevt\logs\microsoft-windows-windowssystemassessmenttool%4operational.evtx","System.UInt32[]","System.Diagnostics.Eventing.Reader.EventBookmark","Information","Info",,"System.Collections.ObjectModel.ReadOnlyCollection`1[System.String]","System.Collections.Generic.List`1[System.Diagnostics.Eventing.Reader.EventProperty]"
"40:Gather CPU information","9","0",,"4","1","0","-9223372036854775808","133","Microsoft-Windows-WindowsSystemAssessmentTool","11a75546-3234-465e-bec8-2d301cb501ac","Microsoft-Windows-WindowsSystemAssessmentTool/Operational","2204","2208","rjaf-PC4429","S-1-5-21-1634558665-2257203147-3060767804-1000","12/11/2013 9:08:33 AM",,,"c:\users\mac_1\desktop\winevt\logs\microsoft-windows-windowssystemassessmenttool%4operational.evtx","System.UInt32[]","System.Diagnostics.Eventing.Reader.EventBookmark","Information","Info",,"System.Collections.ObjectModel.ReadOnlyCollection`1[System.String]","System.Collections.Generic.List`1[System.Diagnostics.Eventing.Reader.EventProperty]"
"30:Gathering Key Info","9","0",,"4","1","0","-9223372036854775808","132","Microsoft-Windows-WindowsSystemAssessmentTool","11a75546-3234-465e-bec8-2d301cb501ac","Microsoft-Windows-WindowsSystemAssessmentTool/Operational","2204","2208","rjaf-PC4429","S-1-5-21-1634558665-2257203147-3060767804-1000","12/11/2013 9:08:33 AM",,,"c:\users\mac_1\desktop\winevt\logs\microsoft-windows-windowssystemassessmenttool%4operational.evtx","System.UInt32[]","System.Diagnostics.Eventing.Reader.EventBookmark","Information","Info",,"System.Collections.ObjectModel.ReadOnlyCollection`1[System.String]","System.Collections.Generic.List`1[System.Diagnostics.Eventing.Reader.EventProperty]"
"20","10","0",,"4","1","0","-9223372036854775808","131","Microsoft-Windows-WindowsSystemAssessmentTool","11a75546-3234-465e-bec8-2d301cb501ac","Microsoft-Windows-WindowsSystemAssessmentTool/Operational","2204","2208","rjaf-PC4429","S-1-5-21-1634558665-2257203147-3060767804-1000","12/11/2013 9:08:32 AM",,,"c:\users\mac_1\desktop\winevt\logs\microsoft-windows-windowssystemassessmenttool%4operational.evtx","System.UInt32[]","System.Diagnostics.Eventing.Reader.EventBookmark","Information","Info",,"System.Collections.ObjectModel.ReadOnlyCollection`1[System.String]","System.Collections.Generic.List`1[System.Diagnostics.Eventing.Reader.EventProperty]"
"20:Modify system policies","9","0",,"4","1","0","-9223372036854775808","130","Microsoft-Windows-WindowsSystemAssessmentTool","11a75546-3234-465e-bec8-2d301cb501ac","Microsoft-Windows-WindowsSystemAssessmentTool/Operational","2204","2208","rjaf-PC4429","S-1-5-21-1634558665-2257203147-3060767804-1000","12/11/2013 9:08:30 AM",,,"c:\users\mac_1\desktop\winevt\logs\microsoft-windows-windowssystemassessmenttool%4operational.evtx","System.UInt32[]","System.Diagnostics.Eventing.Reader.EventBookmark","Information","Info",,"System.Collections.ObjectModel.ReadOnlyCollection`1[System.String]","System.Collections.Generic.List`1[System.Diagnostics.Eventing.Reader.EventProperty]"
"WinSAT Application Command Line ""C:\Windows\System32\WinSAT.exe"" dwm -xml results.xml","2","0",,"0","1","0","-9223372036854775808","129","Microsoft-Windows-WindowsSystemAssessmentTool","11a75546-3234-465e-bec8-2d301cb501ac","Microsoft-Windows-WindowsSystemAssessmentTool/Operational","2204","2208","rjaf-PC4429","S-1-5-21-1634558665-2257203147-3060767804-1000","12/11/2013 9:08:30 AM",,,"c:\users\mac_1\desktop\winevt\logs\microsoft-windows-windowssystemassessmenttool%4operational.evtx","System.UInt32[]","System.Diagnostics.Eventing.Reader.EventBookmark","Information","Info",,"System.Collections.ObjectModel.ReadOnlyCollection`1[System.String]","System.Collections.Generic.List`1[System.Diagnostics.Eventing.Reader.EventProperty]"
"10:Application Intializaton","9","0",,"4","1","0","-9223372036854775808","128","Microsoft-Windows-WindowsSystemAssessmentTool","11a75546-3234-465e-bec8-2d301cb501ac","Microsoft-Windows-WindowsSystemAssessmentTool/Operational","2204","2208","rjaf-PC4429","S-1-5-21-1634558665-2257203147-3060767804-1000","12/11/2013 9:08:30 AM",,,"c:\users\mac_1\desktop\winevt\logs\microsoft-windows-windowssystemassessmenttool%4operational.evtx","System.UInt32[]","System.Diagnostics.Eventing.Reader.EventBookmark","Information","Info",,"System.Collections.ObjectModel.ReadOnlyCollection`1[System.String]","System.Collections.Generic.List`1[System.Diagnostics.Eventing.Reader.EventProperty]"
"WinSAT Application Start: ?2013?-?12?-?11T17:08:30.429677100Z","1","0",,"0","1","1","-9223372036854775808","127","Microsoft-Windows-WindowsSystemAssessmentTool","11a75546-3234-465e-bec8-2d301cb501ac","Microsoft-Windows-WindowsSystemAssessmentTool/Operational","2204","2208","rjaf-PC4429","S-1-5-21-1634558665-2257203147-3060767804-1000","12/11/2013 9:08:30 AM",,,"c:\users\mac_1\desktop\winevt\logs\microsoft-windows-windowssystemassessmenttool%4operational.evtx","System.UInt32[]","System.Diagnostics.Eventing.Reader.EventBookmark","Information","Start",,"System.Collections.ObjectModel.ReadOnlyCollection`1[System.String]","System.Collections.Generic.List`1[System.Diagnostics.Eventing.Reader.EventProperty]"
"WinSAT Application Stop: 0","3","0",,"0","1","2","-9223372036854775808","126","Microsoft-Windows-WindowsSystemAssessmentTool","11a75546-3234-465e-bec8-2d301cb501ac","Microsoft-Windows-WindowsSystemAssessmentTool/Operational","2876","2872","rjaf-PC4429","S-1-5-21-1634558665-2257203147-3060767804-1000","12/10/2013 6:13:42 AM",,,"c:\users\mac_1\desktop\winevt\logs\microsoft-windows-windowssystemassessmenttool%4operational.evtx","System.UInt32[]","System.Diagnostics.Eventing.Reader.EventBookmark","Information","Stop",,"System.Collections.ObjectModel.ReadOnlyCollection`1[System.String]","System.Collections.Generic.List`1[System.Diagnostics.Eventing.Reader.EventProperty]"
"140","10","0",,"4","1","0","-9223372036854775808","125","Microsoft-Windows-WindowsSystemAssessmentTool","11a75546-3234-465e-bec8-2d301cb501ac","Microsoft-Windows-WindowsSystemAssessmentTool/Operational","2876","2872","rjaf-PC4429","S-1-5-21-1634558665-2257203147-3060767804-1000","12/10/2013 6:13:42 AM",,,"c:\users\mac_1\desktop\winevt\logs\microsoft-windows-windowssystemassessmenttool%4operational.evtx","System.UInt32[]","System.Diagnostics.Eventing.Reader.EventBookmark","Information","Info",,"System.Collections.ObjectModel.ReadOnlyCollection`1[System.String]","System.Collections.Generic.List`1[System.Diagnostics.Eventing.Reader.EventProperty]"
"140:Restore system policies","9","0",,"4","1","0","-9223372036854775808","124","Microsoft-Windows-WindowsSystemAssessmentTool","11a75546-3234-465e-bec8-2d301cb501ac","Microsoft-Windows-WindowsSystemAssessmentTool/Operational","2876","2872","rjaf-PC4429","S-1-5-21-1634558665-2257203147-3060767804-1000","12/10/2013 6:13:42 AM",,,"c:\users\mac_1\desktop\winevt\logs\microsoft-windows-windowssystemassessmenttool%4operational.evtx","System.UInt32[]","System.Diagnostics.Eventing.Reader.EventBookmark","Information","Info",,"System.Collections.ObjectModel.ReadOnlyCollection`1[System.String]","System.Collections.Generic.List`1[System.Diagnostics.Eventing.Reader.EventProperty]"
"150:Cleanup and exit","9","0",,"4","1","0","-9223372036854775808","123","Microsoft-Windows-WindowsSystemAssessmentTool","11a75546-3234-465e-bec8-2d301cb501ac","Microsoft-Windows-WindowsSystemAssessmentTool/Operational","2876","2872","rjaf-PC4429","S-1-5-21-1634558665-2257203147-3060767804-1000","12/10/2013 6:13:42 AM",,,"c:\users\mac_1\desktop\winevt\logs\microsoft-windows-windowssystemassessmenttool%4operational.evtx","System.UInt32[]","System.Diagnostics.Eventing.Reader.EventBookmark","Information","Info",,"System.Collections.ObjectModel.ReadOnlyCollection`1[System.String]","System.Collections.Generic.List`1[System.Diagnostics.Eventing.Reader.EventProperty]"
"130","10","0",,"4","1","0","-9223372036854775808","122","Microsoft-Windows-WindowsSystemAssessmentTool","11a75546-3234-465e-bec8-2d301cb501ac","Microsoft-Windows-WindowsSystemAssessmentTool/Operational","2876","2872","rjaf-PC4429","S-1-5-21-1634558665-2257203147-3060767804-1000","12/10/2013 6:13:42 AM",,,"c:\users\mac_1\desktop\winevt\logs\microsoft-windows-windowssystemassessmenttool%4operational.evtx","System.UInt32[]","System.Diagnostics.Eventing.Reader.EventBookmark","Information","Info",,"System.Collections.ObjectModel.ReadOnlyCollection`1[System.String]","System.Collections.Generic.List`1[System.Diagnostics.Eventing.Reader.EventProperty]"
"130:Process Results","9","0",,"4","1","0","-9223372036854775808","121","Microsoft-Windows-WindowsSystemAssessmentTool","11a75546-3234-465e-bec8-2d301cb501ac","Microsoft-Windows-WindowsSystemAssessmentTool/Operational","2876","2872","rjaf-PC4429","S-1-5-21-1634558665-2257203147-3060767804-1000","12/10/2013 6:13:41 AM",,,"c:\users\mac_1\desktop\winevt\logs\microsoft-windows-windowssystemassessmenttool%4operational.evtx","System.UInt32[]","System.Diagnostics.Eventing.Reader.EventBookmark","Information","Info",,"System.Collections.ObjectModel.ReadOnlyCollection`1[System.String]","System.Collections.Generic.List`1[System.Diagnostics.Eventing.Reader.EventProperty]"
"1004","10","0",,"4","1","0","-9223372036854775808","120","Microsoft-Windows-WindowsSystemAssessmentTool","11a75546-3234-465e-bec8-2d301cb501ac","Microsoft-Windows-WindowsSystemAssessmentTool/Operational","2876","2872","rjaf-PC4429","S-1-5-21-1634558665-2257203147-3060767804-1000","12/10/2013 6:13:41 AM",,,"c:\users\mac_1\desktop\winevt\logs\microsoft-windows-windowssystemassessmenttool%4operational.evtx","System.UInt32[]","System.Diagnostics.Eventing.Reader.EventBookmark","Information","Info",,"System.Collections.ObjectModel.ReadOnlyCollection`1[System.String]","System.Collections.Generic.List`1[System.Diagnostics.Eventing.Reader.EventProperty]"
"1004:Run Assessment, disk, -scen 2009 -drive C:","9","0",,"4","1","0","-9223372036854775808","119","Microsoft-Windows-WindowsSystemAssessmentTool","11a75546-3234-465e-bec8-2d301cb501ac","Microsoft-Windows-WindowsSystemAssessmentTool/Operational","2876","2872","rjaf-PC4429","S-1-5-21-1634558665-2257203147-3060767804-1000","12/10/2013 6:12:33 AM",,,"c:\users\mac_1\desktop\winevt\logs\microsoft-windows-windowssystemassessmenttool%4operational.evtx","System.UInt32[]","System.Diagnostics.Eventing.Reader.EventBookmark","Information","Info",,"System.Collections.ObjectModel.ReadOnlyCollection`1[System.String]","System.Collections.Generic.List`1[System.Diagnostics.Eventing.Reader.EventProperty]"
"1004","10","0",,"4","1","0","-9223372036854775808","118","Microsoft-Windows-WindowsSystemAssessmentTool","11a75546-3234-465e-bec8-2d301cb501ac","Microsoft-Windows-WindowsSystemAssessmentTool/Operational","2876","2872","rjaf-PC4429","S-1-5-21-1634558665-2257203147-3060767804-1000","12/10/2013 6:12:33 AM",,,"c:\users\mac_1\desktop\winevt\logs\microsoft-windows-windowssystemassessmenttool%4operational.evtx","System.UInt32[]","System.Diagnostics.Eventing.Reader.EventBookmark","Information","Info",,"System.Collections.ObjectModel.ReadOnlyCollection`1[System.String]","System.Collections.Generic.List`1[System.Diagnostics.Eventing.Reader.EventProperty]"
"1004:Run Assessment, disk, -ran -read -n 0","9","0",,"4","1","0","-9223372036854775808","117","Microsoft-Windows-WindowsSystemAssessmentTool","11a75546-3234-465e-bec8-2d301cb501ac","Microsoft-Windows-WindowsSystemAssessmentTool/Operational","2876","2872","rjaf-PC4429","S-1-5-21-1634558665-2257203147-3060767804-1000","12/10/2013 6:12:22 AM",,,"c:\users\mac_1\desktop\winevt\logs\microsoft-windows-windowssystemassessmenttool%4operational.evtx","System.UInt32[]","System.Diagnostics.Eventing.Reader.EventBookmark","Information","Info",,"System.Collections.ObjectModel.ReadOnlyCollection`1[System.String]","System.Collections.Generic.List`1[System.Diagnostics.Eventing.Reader.EventProperty]"
"1004","10","0",,"4","1","0","-9223372036854775808","116","Microsoft-Windows-WindowsSystemAssessmentTool","11a75546-3234-465e-bec8-2d301cb501ac","Microsoft-Windows-WindowsSystemAssessmentTool/Operational","2876","2872","rjaf-PC4429","S-1-5-21-1634558665-2257203147-3060767804-1000","12/10/2013 6:12:22 AM",,,"c:\users\mac_1\desktop\winevt\logs\microsoft-windows-windowssystemassessmenttool%4operational.evtx","System.UInt32[]","System.Diagnostics.Eventing.Reader.EventBookmark","Information","Info",,"System.Collections.ObjectModel.ReadOnlyCollection`1[System.String]","System.Collections.Generic.List`1[System.Diagnostics.Eventing.Reader.EventProperty]"
"1004:Run Assessment, disk, -seq -read -n 0","9","0",,"4","1","0","-9223372036854775808","115","Microsoft-Windows-WindowsSystemAssessmentTool","11a75546-3234-465e-bec8-2d301cb501ac","Microsoft-Windows-WindowsSystemAssessmentTool/Operational","2876","2872","rjaf-PC4429","S-1-5-21-1634558665-2257203147-3060767804-1000","12/10/2013 6:12:14 AM",,,"c:\users\mac_1\desktop\winevt\logs\microsoft-windows-windowssystemassessmenttool%4operational.evtx","System.UInt32[]","System.Diagnostics.Eventing.Reader.EventBookmark","Information","Info",,"System.Collections.ObjectModel.ReadOnlyCollection`1[System.String]","System.Collections.Generic.List`1[System.Diagnostics.Eventing.Reader.EventProperty]"
"1003","10","0",,"4","1","0","-9223372036854775808","114","Microsoft-Windows-WindowsSystemAssessmentTool","11a75546-3234-465e-bec8-2d301cb501ac","Microsoft-Windows-WindowsSystemAssessmentTool/Operational","2876","2872","rjaf-PC4429","S-1-5-21-1634558665-2257203147-3060767804-1000","12/10/2013 6:12:14 AM",,,"c:\users\mac_1\desktop\winevt\logs\microsoft-windows-windowssystemassessmenttool%4operational.evtx","System.UInt32[]","System.Diagnostics.Eventing.Reader.EventBookmark","Information","Info",,"System.Collections.ObjectModel.ReadOnlyCollection`1[System.String]","System.Collections.Generic.List`1[System.Diagnostics.Eventing.Reader.EventProperty]"
"1003:Run Assessment, mem, ","9","0",,"4","1","0","-9223372036854775808","113","Microsoft-Windows-WindowsSystemAssessmentTool","11a75546-3234-465e-bec8-2d301cb501ac","Microsoft-Windows-WindowsSystemAssessmentTool/Operational","2876","2872","rjaf-PC4429","S-1-5-21-1634558665-2257203147-3060767804-1000","12/10/2013 6:12:08 AM",,,"c:\users\mac_1\desktop\winevt\logs\microsoft-windows-windowssystemassessmenttool%4operational.evtx","System.UInt32[]","System.Diagnostics.Eventing.Reader.EventBookmark","Information","Info",,"System.Collections.ObjectModel.ReadOnlyCollection`1[System.String]","System.Collections.Generic.List`1[System.Diagnostics.Eventing.Reader.EventProperty]"
"1002","10","0",,"4","1","0","-9223372036854775808","112","Microsoft-Windows-WindowsSystemAssessmentTool","11a75546-3234-465e-bec8-2d301cb501ac","Microsoft-Windows-WindowsSystemAssessmentTool/Operational","2876","2872","rjaf-PC4429","S-1-5-21-1634558665-2257203147-3060767804-1000","12/10/2013 6:12:08 AM",,,"c:\users\mac_1\desktop\winevt\logs\microsoft-windows-windowssystemassessmenttool%4operational.evtx","System.UInt32[]","System.Diagnostics.Eventing.Reader.EventBookmark","Information","Info",,"System.Collections.ObjectModel.ReadOnlyCollection`1[System.String]","System.Collections.Generic.List`1[System.Diagnostics.Eventing.Reader.EventProperty]"
"1002:Run Assessment, cpu, -compression2","9","0",,"4","1","0","-9223372036854775808","111","Microsoft-Windows-WindowsSystemAssessmentTool","11a75546-3234-465e-bec8-2d301cb501ac","Microsoft-Windows-WindowsSystemAssessmentTool/Operational","2876","2872","rjaf-PC4429","S-1-5-21-1634558665-2257203147-3060767804-1000","12/10/2013 6:11:58 AM",,,"c:\users\mac_1\desktop\winevt\logs\microsoft-windows-windowssystemassessmenttool%4operational.evtx","System.UInt32[]","System.Diagnostics.Eventing.Reader.EventBookmark","Information","Info",,"System.Collections.ObjectModel.ReadOnlyCollection`1[System.String]","System.Collections.Generic.List`1[System.Diagnostics.Eventing.Reader.EventProperty]"
"1002","10","0",,"4","1","0","-9223372036854775808","110","Microsoft-Windows-WindowsSystemAssessmentTool","11a75546-3234-465e-bec8-2d301cb501ac","Microsoft-Windows-WindowsSystemAssessmentTool/Operational","2876","2872","rjaf-PC4429","S-1-5-21-1634558665-2257203147-3060767804-1000","12/10/2013 6:11:58 AM",,,"c:\users\mac_1\desktop\winevt\logs\microsoft-windows-windowssystemassessmenttool%4operational.evtx","System.UInt32[]","System.Diagnostics.Eventing.Reader.EventBookmark","Information","Info",,"System.Collections.ObjectModel.ReadOnlyCollection`1[System.String]","System.Collections.Generic.List`1[System.Diagnostics.Eventing.Reader.EventProperty]"
"1002:Run Assessment, cpu, -encryption2","9","0",,"4","1","0","-9223372036854775808","109","Microsoft-Windows-WindowsSystemAssessmentTool","11a75546-3234-465e-bec8-2d301cb501ac","Microsoft-Windows-WindowsSystemAssessmentTool/Operational","2876","2872","rjaf-PC4429","S-1-5-21-1634558665-2257203147-3060767804-1000","12/10/2013 6:11:48 AM",,,"c:\users\mac_1\desktop\winevt\logs\microsoft-windows-windowssystemassessmenttool%4operational.evtx","System.UInt32[]","System.Diagnostics.Eventing.Reader.EventBookmark","Information","Info",,"System.Collections.ObjectModel.ReadOnlyCollection`1[System.String]","System.Collections.Generic.List`1[System.Diagnostics.Eventing.Reader.EventProperty]"
"1002","10","0",,"4","1","0","-9223372036854775808","108","Microsoft-Windows-WindowsSystemAssessmentTool","11a75546-3234-465e-bec8-2d301cb501ac","Microsoft-Windows-WindowsSystemAssessmentTool/Operational","2876","2872","rjaf-PC4429","S-1-5-21-1634558665-2257203147-3060767804-1000","12/10/2013 6:11:48 AM",,,"c:\users\mac_1\desktop\winevt\logs\microsoft-windows-windowssystemassessmenttool%4operational.evtx","System.UInt32[]","System.Diagnostics.Eventing.Reader.EventBookmark","Information","Info",,"System.Collections.ObjectModel.ReadOnlyCollection`1[System.String]","System.Collections.Generic.List`1[System.Diagnostics.Eventing.Reader.EventProperty]"
"1002:Run Assessment, cpu, -compression","9","0",,"4","1","0","-9223372036854775808","107","Microsoft-Windows-WindowsSystemAssessmentTool","11a75546-3234-465e-bec8-2d301cb501ac","Microsoft-Windows-WindowsSystemAssessmentTool/Operational","2876","2872","rjaf-PC4429","S-1-5-21-1634558665-2257203147-3060767804-1000","12/10/2013 6:11:38 AM",,,"c:\users\mac_1\desktop\winevt\logs\microsoft-windows-windowssystemassessmenttool%4operational.evtx","System.UInt32[]","System.Diagnostics.Eventing.Reader.EventBookmark","Information","Info",,"System.Collections.ObjectModel.ReadOnlyCollection`1[System.String]","System.Collections.Generic.List`1[System.Diagnostics.Eventing.Reader.EventProperty]"
"1002","10","0",,"4","1","0","-9223372036854775808","106","Microsoft-Windows-WindowsSystemAssessmentTool","11a75546-3234-465e-bec8-2d301cb501ac","Microsoft-Windows-WindowsSystemAssessmentTool/Operational","2876","2872","rjaf-PC4429","S-1-5-21-1634558665-2257203147-3060767804-1000","12/10/2013 6:11:38 AM",,,"c:\users\mac_1\desktop\winevt\logs\microsoft-windows-windowssystemassessmenttool%4operational.evtx","System.UInt32[]","System.Diagnostics.Eventing.Reader.EventBookmark","Information","Info",,"System.Collections.ObjectModel.ReadOnlyCollection`1[System.String]","System.Collections.Generic.List`1[System.Diagnostics.Eventing.Reader.EventProperty]"
"1002:Run Assessment, cpu, -encryption","9","0",,"4","1","0","-9223372036854775808","105","Microsoft-Windows-WindowsSystemAssessmentTool","11a75546-3234-465e-bec8-2d301cb501ac","Microsoft-Windows-WindowsSystemAssessmentTool/Operational","2876","2872","rjaf-PC4429","S-1-5-21-1634558665-2257203147-3060767804-1000","12/10/2013 6:11:28 AM",,,"c:\users\mac_1\desktop\winevt\logs\microsoft-windows-windowssystemassessmenttool%4operational.evtx","System.UInt32[]","System.Diagnostics.Eventing.Reader.EventBookmark","Information","Info",,"System.Collections.ObjectModel.ReadOnlyCollection`1[System.String]","System.Collections.Generic.List`1[System.Diagnostics.Eventing.Reader.EventProperty]"
"1002","10","0",,"4","1","0","-9223372036854775808","104","Microsoft-Windows-WindowsSystemAssessmentTool","11a75546-3234-465e-bec8-2d301cb501ac","Microsoft-Windows-WindowsSystemAssessmentTool/Operational","2876","2872","rjaf-PC4429","S-1-5-21-1634558665-2257203147-3060767804-1000","12/10/2013 6:11:28 AM",,,"c:\users\mac_1\desktop\winevt\logs\microsoft-windows-windowssystemassessmenttool%4operational.evtx","System.UInt32[]","System.Diagnostics.Eventing.Reader.EventBookmark","Information","Info",,"System.Collections.ObjectModel.ReadOnlyCollection`1[System.String]","System.Collections.Generic.List`1[System.Diagnostics.Eventing.Reader.EventProperty]"
"1002:Run Assessment, cpu, -compression2 -up","9","0",,"4","1","0","-9223372036854775808","103","Microsoft-Windows-WindowsSystemAssessmentTool","11a75546-3234-465e-bec8-2d301cb501ac","Microsoft-Windows-WindowsSystemAssessmentTool/Operational","2876","2872","rjaf-PC4429","S-1-5-21-1634558665-2257203147-3060767804-1000","12/10/2013 6:11:18 AM",,,"c:\users\mac_1\desktop\winevt\logs\microsoft-windows-windowssystemassessmenttool%4operational.evtx","System.UInt32[]","System.Diagnostics.Eventing.Reader.EventBookmark","Information","Info",,"System.Collections.ObjectModel.ReadOnlyCollection`1[System.String]","System.Collections.Generic.List`1[System.Diagnostics.Eventing.Reader.EventProperty]"
"1002","10","0",,"4","1","0","-9223372036854775808","102","Microsoft-Windows-WindowsSystemAssessmentTool","11a75546-3234-465e-bec8-2d301cb501ac","Microsoft-Windows-WindowsSystemAssessmentTool/Operational","2876","2872","rjaf-PC4429","S-1-5-21-1634558665-2257203147-3060767804-1000","12/10/2013 6:11:18 AM",,,"c:\users\mac_1\desktop\winevt\logs\microsoft-windows-windowssystemassessmenttool%4operational.evtx","System.UInt32[]","System.Diagnostics.Eventing.Reader.EventBookmark","Information","Info",,"System.Collections.ObjectModel.ReadOnlyCollection`1[System.String]","System.Collections.Generic.List`1[System.Diagnostics.Eventing.Reader.EventProperty]"
"1002:Run Assessment, cpu, -encryption2 -up","9","0",,"4","1","0","-9223372036854775808","101","Microsoft-Windows-WindowsSystemAssessmentTool","11a75546-3234-465e-bec8-2d301cb501ac","Microsoft-Windows-WindowsSystemAssessmentTool/Operational","2876","2872","rjaf-PC4429","S-1-5-21-1634558665-2257203147-3060767804-1000","12/10/2013 6:11:07 AM",,,"c:\users\mac_1\desktop\winevt\logs\microsoft-windows-windowssystemassessmenttool%4operational.evtx","System.UInt32[]","System.Diagnostics.Eventing.Reader.EventBookmark","Information","Info",,"System.Collections.ObjectModel.ReadOnlyCollection`1[System.String]","System.Collections.Generic.List`1[System.Diagnostics.Eventing.Reader.EventProperty]"
"1002","10","0",,"4","1","0","-9223372036854775808","100","Microsoft-Windows-WindowsSystemAssessmentTool","11a75546-3234-465e-bec8-2d301cb501ac","Microsoft-Windows-WindowsSystemAssessmentTool/Operational","2876","2872","rjaf-PC4429","S-1-5-21-1634558665-2257203147-3060767804-1000","12/10/2013 6:11:07 AM",,,"c:\users\mac_1\desktop\winevt\logs\microsoft-windows-windowssystemassessmenttool%4operational.evtx","System.UInt32[]","System.Diagnostics.Eventing.Reader.EventBookmark","Information","Info",,"System.Collections.ObjectModel.ReadOnlyCollection`1[System.String]","System.Collections.Generic.List`1[System.Diagnostics.Eventing.Reader.EventProperty]"
"1002:Run Assessment, cpu, -compression -up","9","0",,"4","1","0","-9223372036854775808","99","Microsoft-Windows-WindowsSystemAssessmentTool","11a75546-3234-465e-bec8-2d301cb501ac","Microsoft-Windows-WindowsSystemAssessmentTool/Operational","2876","2872","rjaf-PC4429","S-1-5-21-1634558665-2257203147-3060767804-1000","12/10/2013 6:10:57 AM",,,"c:\users\mac_1\desktop\winevt\logs\microsoft-windows-windowssystemassessmenttool%4operational.evtx","System.UInt32[]","System.Diagnostics.Eventing.Reader.EventBookmark","Information","Info",,"System.Collections.ObjectModel.ReadOnlyCollection`1[System.String]","System.Collections.Generic.List`1[System.Diagnostics.Eventing.Reader.EventProperty]"
"1002","10","0",,"4","1","0","-9223372036854775808","98","Microsoft-Windows-WindowsSystemAssessmentTool","11a75546-3234-465e-bec8-2d301cb501ac","Microsoft-Windows-WindowsSystemAssessmentTool/Operational","2876","2872","rjaf-PC4429","S-1-5-21-1634558665-2257203147-3060767804-1000","12/10/2013 6:10:57 AM",,,"c:\users\mac_1\desktop\winevt\logs\microsoft-windows-windowssystemassessmenttool%4operational.evtx","System.UInt32[]","System.Diagnostics.Eventing.Reader.EventBookmark","Information","Info",,"System.Collections.ObjectModel.ReadOnlyCollection`1[System.String]","System.Collections.Generic.List`1[System.Diagnostics.Eventing.Reader.EventProperty]"
"1002:Run Assessment, cpu, -encryption -up","9","0",,"4","1","0","-9223372036854775808","97","Microsoft-Windows-WindowsSystemAssessmentTool","11a75546-3234-465e-bec8-2d301cb501ac","Microsoft-Windows-WindowsSystemAssessmentTool/Operational","2876","2872","rjaf-PC4429","S-1-5-21-1634558665-2257203147-3060767804-1000","12/10/2013 6:10:54 AM",,,"c:\users\mac_1\desktop\winevt\logs\microsoft-windows-windowssystemassessmenttool%4operational.evtx","System.UInt32[]","System.Diagnostics.Eventing.Reader.EventBookmark","Information","Info",,"System.Collections.ObjectModel.ReadOnlyCollection`1[System.String]","System.Collections.Generic.List`1[System.Diagnostics.Eventing.Reader.EventProperty]"
"1010","10","0",,"4","1","0","-9223372036854775808","96","Microsoft-Windows-WindowsSystemAssessmentTool","11a75546-3234-465e-bec8-2d301cb501ac","Microsoft-Windows-WindowsSystemAssessmentTool/Operational","2876","2872","rjaf-PC4429","S-1-5-21-1634558665-2257203147-3060767804-1000","12/10/2013 6:10:54 AM",,,"c:\users\mac_1\desktop\winevt\logs\microsoft-windows-windowssystemassessmenttool%4operational.evtx","System.UInt32[]","System.Diagnostics.Eventing.Reader.EventBookmark","Information","Info",,"System.Collections.ObjectModel.ReadOnlyCollection`1[System.String]","System.Collections.Generic.List`1[System.Diagnostics.Eventing.Reader.EventProperty]"
"1010:Run Assessment, moobego, ","9","0",,"4","1","0","-9223372036854775808","95","Microsoft-Windows-WindowsSystemAssessmentTool","11a75546-3234-465e-bec8-2d301cb501ac","Microsoft-Windows-WindowsSystemAssessmentTool/Operational","2876","2872","rjaf-PC4429","S-1-5-21-1634558665-2257203147-3060767804-1000","12/10/2013 6:10:54 AM",,,"c:\users\mac_1\desktop\winevt\logs\microsoft-windows-windowssystemassessmenttool%4operational.evtx","System.UInt32[]","System.Diagnostics.Eventing.Reader.EventBookmark","Information","Info",,"System.Collections.ObjectModel.ReadOnlyCollection`1[System.String]","System.Collections.Generic.List`1[System.Diagnostics.Eventing.Reader.EventProperty]"
