"LPRemove launched.","4000","0",,"4","35","1","4611686018427387904","157","Microsoft-Windows-LanguagePackSetup","7237fff9-a08a-4804-9c79-4a8704b70b87","Microsoft-Windows-LanguagePackSetup/Operational","3868","2244","rjaf-PC4429","S-1-5-18","4/28/2014 6:02:47 AM",,,"c:\users\mac_1\desktop\winevt\logs\microsoft-windows-languagepacksetup%4operational.evtx","System.UInt32[]","System.Diagnostics.Eventing.Reader.EventBookmark","Information","Start","Language Pack cleanup functionality","System.Collections.ObjectModel.ReadOnlyCollection`1[System.String]","System.Collections.Generic.List`1[System.Diagnostics.Eventing.Reader.EventProperty]"
"LPRemove terminating.","4001","0",,"4","35","2","4611686018427387904","156","Microsoft-Windows-LanguagePackSetup","7237fff9-a08a-4804-9c79-4a8704b70b87","Microsoft-Windows-LanguagePackSetup/Operational","3440","3356","rjaf-PC4429","S-1-5-18","4/23/2014 6:03:37 AM",,,"c:\users\mac_1\desktop\winevt\logs\microsoft-windows-languagepacksetup%4operational.evtx","System.UInt32[]","System.Diagnostics.Eventing.Reader.EventBookmark","Information","Stop","Language Pack cleanup functionality","System.Collections.ObjectModel.ReadOnlyCollection`1[System.String]","System.Collections.Generic.List`1[System.Diagnostics.Eventing.Reader.EventProperty]"
"LPRemove launched.","4000","0",,"4","35","1","4611686018427387904","155","Microsoft-Windows-LanguagePackSetup","7237fff9-a08a-4804-9c79-4a8704b70b87","Microsoft-Windows-LanguagePackSetup/Operational","3440","3356","rjaf-PC4429","S-1-5-18","4/23/2014 6:03:37 AM",,,"c:\users\mac_1\desktop\winevt\logs\microsoft-windows-languagepacksetup%4operational.evtx","System.UInt32[]","System.Diagnostics.Eventing.Reader.EventBookmark","Information","Start","Language Pack cleanup functionality","System.Collections.ObjectModel.ReadOnlyCollection`1[System.String]","System.Collections.Generic.List`1[System.Diagnostics.Eventing.Reader.EventProperty]"
"LPRemove terminating.","4001","0",,"4","35","2","4611686018427387904","154","Microsoft-Windows-LanguagePackSetup","7237fff9-a08a-4804-9c79-4a8704b70b87","Microsoft-Windows-LanguagePackSetup/Operational","3212","3052","rjaf-PC4429","S-1-5-18","4/20/2014 12:16:47 AM",,,"c:\users\mac_1\desktop\winevt\logs\microsoft-windows-languagepacksetup%4operational.evtx","System.UInt32[]","System.Diagnostics.Eventing.Reader.EventBookmark","Information","Stop","Language Pack cleanup functionality","System.Collections.ObjectModel.ReadOnlyCollection`1[System.String]","System.Collections.Generic.List`1[System.Diagnostics.Eventing.Reader.EventProperty]"
"LPRemove launched.","4000","0",,"4","35","1","4611686018427387904","153","Microsoft-Windows-LanguagePackSetup","7237fff9-a08a-4804-9c79-4a8704b70b87","Microsoft-Windows-LanguagePackSetup/Operational","3212","3052","rjaf-PC4429","S-1-5-18","4/20/2014 12:16:47 AM",,,"c:\users\mac_1\desktop\winevt\logs\microsoft-windows-languagepacksetup%4operational.evtx","System.UInt32[]","System.Diagnostics.Eventing.Reader.EventBookmark","Information","Start","Language Pack cleanup functionality","System.Collections.ObjectModel.ReadOnlyCollection`1[System.String]","System.Collections.Generic.List`1[System.Diagnostics.Eventing.Reader.EventProperty]"
"LPRemove terminating.","4001","0",,"4","35","2","4611686018427387904","152","Microsoft-Windows-LanguagePackSetup","7237fff9-a08a-4804-9c79-4a8704b70b87","Microsoft-Windows-LanguagePackSetup/Operational","164","304","rjaf-PC4429","S-1-5-18","4/19/2014 5:44:02 AM",,,"c:\users\mac_1\desktop\winevt\logs\microsoft-windows-languagepacksetup%4operational.evtx","System.UInt32[]","System.Diagnostics.Eventing.Reader.EventBookmark","Information","Stop","Language Pack cleanup functionality","System.Collections.ObjectModel.ReadOnlyCollection`1[System.String]","System.Collections.Generic.List`1[System.Diagnostics.Eventing.Reader.EventProperty]"
"LPRemove launched.","4000","0",,"4","35","1","4611686018427387904","151","Microsoft-Windows-LanguagePackSetup","7237fff9-a08a-4804-9c79-4a8704b70b87","Microsoft-Windows-LanguagePackSetup/Operational","164","304","rjaf-PC4429","S-1-5-18","4/19/2014 5:44:02 AM",,,"c:\users\mac_1\desktop\winevt\logs\microsoft-windows-languagepacksetup%4operational.evtx","System.UInt32[]","System.Diagnostics.Eventing.Reader.EventBookmark","Information","Start","Language Pack cleanup functionality","System.Collections.ObjectModel.ReadOnlyCollection`1[System.String]","System.Collections.Generic.List`1[System.Diagnostics.Eventing.Reader.EventProperty]"
"LPRemove terminating.","4001","0",,"4","35","2","4611686018427387904","150","Microsoft-Windows-LanguagePackSetup","7237fff9-a08a-4804-9c79-4a8704b70b87","Microsoft-Windows-LanguagePackSetup/Operational","1040","2300","rjaf-PC4429","S-1-5-18","4/18/2014 12:38:39 AM",,,"c:\users\mac_1\desktop\winevt\logs\microsoft-windows-languagepacksetup%4operational.evtx","System.UInt32[]","System.Diagnostics.Eventing.Reader.EventBookmark","Information","Stop","Language Pack cleanup functionality","System.Collections.ObjectModel.ReadOnlyCollection`1[System.String]","System.Collections.Generic.List`1[System.Diagnostics.Eventing.Reader.EventProperty]"
"LPRemove launched.","4000","0",,"4","35","1","4611686018427387904","149","Microsoft-Windows-LanguagePackSetup","7237fff9-a08a-4804-9c79-4a8704b70b87","Microsoft-Windows-LanguagePackSetup/Operational","1040","2300","rjaf-PC4429","S-1-5-18","4/18/2014 12:38:39 AM",,,"c:\users\mac_1\desktop\winevt\logs\microsoft-windows-languagepacksetup%4operational.evtx","System.UInt32[]","System.Diagnostics.Eventing.Reader.EventBookmark","Information","Start","Language Pack cleanup functionality","System.Collections.ObjectModel.ReadOnlyCollection`1[System.String]","System.Collections.Generic.List`1[System.Diagnostics.Eventing.Reader.EventProperty]"
"LPRemove terminating.","4001","0",,"4","35","2","4611686018427387904","148","Microsoft-Windows-LanguagePackSetup","7237fff9-a08a-4804-9c79-4a8704b70b87","Microsoft-Windows-LanguagePackSetup/Operational","2128","2228","rjaf-PC4429","S-1-5-18","4/16/2014 11:14:26 PM",,,"c:\users\mac_1\desktop\winevt\logs\microsoft-windows-languagepacksetup%4operational.evtx","System.UInt32[]","System.Diagnostics.Eventing.Reader.EventBookmark","Information","Stop","Language Pack cleanup functionality","System.Collections.ObjectModel.ReadOnlyCollection`1[System.String]","System.Collections.Generic.List`1[System.Diagnostics.Eventing.Reader.EventProperty]"
"LPRemove launched.","4000","0",,"4","35","1","4611686018427387904","147","Microsoft-Windows-LanguagePackSetup","7237fff9-a08a-4804-9c79-4a8704b70b87","Microsoft-Windows-LanguagePackSetup/Operational","2128","2228","rjaf-PC4429","S-1-5-18","4/16/2014 11:14:26 PM",,,"c:\users\mac_1\desktop\winevt\logs\microsoft-windows-languagepacksetup%4operational.evtx","System.UInt32[]","System.Diagnostics.Eventing.Reader.EventBookmark","Information","Start","Language Pack cleanup functionality","System.Collections.ObjectModel.ReadOnlyCollection`1[System.String]","System.Collections.Generic.List`1[System.Diagnostics.Eventing.Reader.EventProperty]"
"LPRemove terminating.","4001","0",,"4","35","2","4611686018427387904","146","Microsoft-Windows-LanguagePackSetup","7237fff9-a08a-4804-9c79-4a8704b70b87","Microsoft-Windows-LanguagePackSetup/Operational","3572","3776","rjaf-PC4429","S-1-5-18","4/15/2014 1:01:36 PM",,,"c:\users\mac_1\desktop\winevt\logs\microsoft-windows-languagepacksetup%4operational.evtx","System.UInt32[]","System.Diagnostics.Eventing.Reader.EventBookmark","Information","Stop","Language Pack cleanup functionality","System.Collections.ObjectModel.ReadOnlyCollection`1[System.String]","System.Collections.Generic.List`1[System.Diagnostics.Eventing.Reader.EventProperty]"
"LPRemove launched.","4000","0",,"4","35","1","4611686018427387904","145","Microsoft-Windows-LanguagePackSetup","7237fff9-a08a-4804-9c79-4a8704b70b87","Microsoft-Windows-LanguagePackSetup/Operational","3572","3776","rjaf-PC4429","S-1-5-18","4/15/2014 1:01:36 PM",,,"c:\users\mac_1\desktop\winevt\logs\microsoft-windows-languagepacksetup%4operational.evtx","System.UInt32[]","System.Diagnostics.Eventing.Reader.EventBookmark","Information","Start","Language Pack cleanup functionality","System.Collections.ObjectModel.ReadOnlyCollection`1[System.String]","System.Collections.Generic.List`1[System.Diagnostics.Eventing.Reader.EventProperty]"
"LPRemove terminating.","4001","0",,"4","35","2","4611686018427387904","144","Microsoft-Windows-LanguagePackSetup","7237fff9-a08a-4804-9c79-4a8704b70b87","Microsoft-Windows-LanguagePackSetup/Operational","2216","772","rjaf-PC4429","S-1-5-18","4/9/2014 1:15:21 PM",,,"c:\users\mac_1\desktop\winevt\logs\microsoft-windows-languagepacksetup%4operational.evtx","System.UInt32[]","System.Diagnostics.Eventing.Reader.EventBookmark","Information","Stop","Language Pack cleanup functionality","System.Collections.ObjectModel.ReadOnlyCollection`1[System.String]","System.Collections.Generic.List`1[System.Diagnostics.Eventing.Reader.EventProperty]"
"LPRemove launched.","4000","0",,"4","35","1","4611686018427387904","143","Microsoft-Windows-LanguagePackSetup","7237fff9-a08a-4804-9c79-4a8704b70b87","Microsoft-Windows-LanguagePackSetup/Operational","2216","772","rjaf-PC4429","S-1-5-18","4/9/2014 1:15:21 PM",,,"c:\users\mac_1\desktop\winevt\logs\microsoft-windows-languagepacksetup%4operational.evtx","System.UInt32[]","System.Diagnostics.Eventing.Reader.EventBookmark","Information","Start","Language Pack cleanup functionality","System.Collections.ObjectModel.ReadOnlyCollection`1[System.String]","System.Collections.Generic.List`1[System.Diagnostics.Eventing.Reader.EventProperty]"
"LPRemove terminating.","4001","0",,"4","35","2","4611686018427387904","142","Microsoft-Windows-LanguagePackSetup","7237fff9-a08a-4804-9c79-4a8704b70b87","Microsoft-Windows-LanguagePackSetup/Operational","2788","2332","rjaf-PC4429","S-1-5-18","4/7/2014 1:29:35 AM",,,"c:\users\mac_1\desktop\winevt\logs\microsoft-windows-languagepacksetup%4operational.evtx","System.UInt32[]","System.Diagnostics.Eventing.Reader.EventBookmark","Information","Stop","Language Pack cleanup functionality","System.Collections.ObjectModel.ReadOnlyCollection`1[System.String]","System.Collections.Generic.List`1[System.Diagnostics.Eventing.Reader.EventProperty]"
"LPRemove launched.","4000","0",,"4","35","1","4611686018427387904","141","Microsoft-Windows-LanguagePackSetup","7237fff9-a08a-4804-9c79-4a8704b70b87","Microsoft-Windows-LanguagePackSetup/Operational","2788","2332","rjaf-PC4429","S-1-5-18","4/7/2014 1:29:35 AM",,,"c:\users\mac_1\desktop\winevt\logs\microsoft-windows-languagepacksetup%4operational.evtx","System.UInt32[]","System.Diagnostics.Eventing.Reader.EventBookmark","Information","Start","Language Pack cleanup functionality","System.Collections.ObjectModel.ReadOnlyCollection`1[System.String]","System.Collections.Generic.List`1[System.Diagnostics.Eventing.Reader.EventProperty]"
"LPRemove terminating.","4001","0",,"4","35","2","4611686018427387904","140","Microsoft-Windows-LanguagePackSetup","7237fff9-a08a-4804-9c79-4a8704b70b87","Microsoft-Windows-LanguagePackSetup/Operational","5260","4184","rjaf-PC4429","S-1-5-18","4/6/2014 3:12:18 AM",,,"c:\users\mac_1\desktop\winevt\logs\microsoft-windows-languagepacksetup%4operational.evtx","System.UInt32[]","System.Diagnostics.Eventing.Reader.EventBookmark","Information","Stop","Language Pack cleanup functionality","System.Collections.ObjectModel.ReadOnlyCollection`1[System.String]","System.Collections.Generic.List`1[System.Diagnostics.Eventing.Reader.EventProperty]"
"LPRemove launched.","4000","0",,"4","35","1","4611686018427387904","139","Microsoft-Windows-LanguagePackSetup","7237fff9-a08a-4804-9c79-4a8704b70b87","Microsoft-Windows-LanguagePackSetup/Operational","5260","4184","rjaf-PC4429","S-1-5-18","4/6/2014 3:12:18 AM",,,"c:\users\mac_1\desktop\winevt\logs\microsoft-windows-languagepacksetup%4operational.evtx","System.UInt32[]","System.Diagnostics.Eventing.Reader.EventBookmark","Information","Start","Language Pack cleanup functionality","System.Collections.ObjectModel.ReadOnlyCollection`1[System.String]","System.Collections.Generic.List`1[System.Diagnostics.Eventing.Reader.EventProperty]"
"LPRemove terminating.","4001","0",,"4","35","2","4611686018427387904","138","Microsoft-Windows-LanguagePackSetup","7237fff9-a08a-4804-9c79-4a8704b70b87","Microsoft-Windows-LanguagePackSetup/Operational","1812","4052","rjaf-PC4429","S-1-5-18","4/2/2014 11:57:57 AM",,,"c:\users\mac_1\desktop\winevt\logs\microsoft-windows-languagepacksetup%4operational.evtx","System.UInt32[]","System.Diagnostics.Eventing.Reader.EventBookmark","Information","Stop","Language Pack cleanup functionality","System.Collections.ObjectModel.ReadOnlyCollection`1[System.String]","System.Collections.Generic.List`1[System.Diagnostics.Eventing.Reader.EventProperty]"
"LPRemove launched.","4000","0",,"4","35","1","4611686018427387904","137","Microsoft-Windows-LanguagePackSetup","7237fff9-a08a-4804-9c79-4a8704b70b87","Microsoft-Windows-LanguagePackSetup/Operational","1812","4052","rjaf-PC4429","S-1-5-18","4/2/2014 11:57:57 AM",,,"c:\users\mac_1\desktop\winevt\logs\microsoft-windows-languagepacksetup%4operational.evtx","System.UInt32[]","System.Diagnostics.Eventing.Reader.EventBookmark","Information","Start","Language Pack cleanup functionality","System.Collections.ObjectModel.ReadOnlyCollection`1[System.String]","System.Collections.Generic.List`1[System.Diagnostics.Eventing.Reader.EventProperty]"
"LPRemove terminating.","4001","0",,"4","35","2","4611686018427387904","136","Microsoft-Windows-LanguagePackSetup","7237fff9-a08a-4804-9c79-4a8704b70b87","Microsoft-Windows-LanguagePackSetup/Operational","164","2676","rjaf-PC4429","S-1-5-18","4/2/2014 4:55:34 AM",,,"c:\users\mac_1\desktop\winevt\logs\microsoft-windows-languagepacksetup%4operational.evtx","System.UInt32[]","System.Diagnostics.Eventing.Reader.EventBookmark","Information","Stop","Language Pack cleanup functionality","System.Collections.ObjectModel.ReadOnlyCollection`1[System.String]","System.Collections.Generic.List`1[System.Diagnostics.Eventing.Reader.EventProperty]"
"LPRemove launched.","4000","0",,"4","35","1","4611686018427387904","135","Microsoft-Windows-LanguagePackSetup","7237fff9-a08a-4804-9c79-4a8704b70b87","Microsoft-Windows-LanguagePackSetup/Operational","164","2676","rjaf-PC4429","S-1-5-18","4/2/2014 4:55:34 AM",,,"c:\users\mac_1\desktop\winevt\logs\microsoft-windows-languagepacksetup%4operational.evtx","System.UInt32[]","System.Diagnostics.Eventing.Reader.EventBookmark","Information","Start","Language Pack cleanup functionality","System.Collections.ObjectModel.ReadOnlyCollection`1[System.String]","System.Collections.Generic.List`1[System.Diagnostics.Eventing.Reader.EventProperty]"
"LPRemove terminating.","4001","0",,"4","35","2","4611686018427387904","134","Microsoft-Windows-LanguagePackSetup","7237fff9-a08a-4804-9c79-4a8704b70b87","Microsoft-Windows-LanguagePackSetup/Operational","3744","324","rjaf-PC4429","S-1-5-18","4/2/2014 12:08:48 AM",,,"c:\users\mac_1\desktop\winevt\logs\microsoft-windows-languagepacksetup%4operational.evtx","System.UInt32[]","System.Diagnostics.Eventing.Reader.EventBookmark","Information","Stop","Language Pack cleanup functionality","System.Collections.ObjectModel.ReadOnlyCollection`1[System.String]","System.Collections.Generic.List`1[System.Diagnostics.Eventing.Reader.EventProperty]"
"LPRemove launched.","4000","0",,"4","35","1","4611686018427387904","133","Microsoft-Windows-LanguagePackSetup","7237fff9-a08a-4804-9c79-4a8704b70b87","Microsoft-Windows-LanguagePackSetup/Operational","3744","324","rjaf-PC4429","S-1-5-18","4/2/2014 12:08:48 AM",,,"c:\users\mac_1\desktop\winevt\logs\microsoft-windows-languagepacksetup%4operational.evtx","System.UInt32[]","System.Diagnostics.Eventing.Reader.EventBookmark","Information","Start","Language Pack cleanup functionality","System.Collections.ObjectModel.ReadOnlyCollection`1[System.String]","System.Collections.Generic.List`1[System.Diagnostics.Eventing.Reader.EventProperty]"
"LPRemove terminating.","4001","0",,"4","35","2","4611686018427387904","132","Microsoft-Windows-LanguagePackSetup","7237fff9-a08a-4804-9c79-4a8704b70b87","Microsoft-Windows-LanguagePackSetup/Operational","2576","3816","rjaf-PC4429","S-1-5-18","3/30/2014 2:03:22 AM",,,"c:\users\mac_1\desktop\winevt\logs\microsoft-windows-languagepacksetup%4operational.evtx","System.UInt32[]","System.Diagnostics.Eventing.Reader.EventBookmark","Information","Stop","Language Pack cleanup functionality","System.Collections.ObjectModel.ReadOnlyCollection`1[System.String]","System.Collections.Generic.List`1[System.Diagnostics.Eventing.Reader.EventProperty]"
"LPRemove launched.","4000","0",,"4","35","1","4611686018427387904","131","Microsoft-Windows-LanguagePackSetup","7237fff9-a08a-4804-9c79-4a8704b70b87","Microsoft-Windows-LanguagePackSetup/Operational","2576","3816","rjaf-PC4429","S-1-5-18","3/30/2014 2:03:22 AM",,,"c:\users\mac_1\desktop\winevt\logs\microsoft-windows-languagepacksetup%4operational.evtx","System.UInt32[]","System.Diagnostics.Eventing.Reader.EventBookmark","Information","Start","Language Pack cleanup functionality","System.Collections.ObjectModel.ReadOnlyCollection`1[System.String]","System.Collections.Generic.List`1[System.Diagnostics.Eventing.Reader.EventProperty]"
"LPRemove terminating.","4001","0",,"4","35","2","4611686018427387904","130","Microsoft-Windows-LanguagePackSetup","7237fff9-a08a-4804-9c79-4a8704b70b87","Microsoft-Windows-LanguagePackSetup/Operational","2308","2708","rjaf-PC4429","S-1-5-18","3/25/2014 3:11:43 AM",,,"c:\users\mac_1\desktop\winevt\logs\microsoft-windows-languagepacksetup%4operational.evtx","System.UInt32[]","System.Diagnostics.Eventing.Reader.EventBookmark","Information","Stop","Language Pack cleanup functionality","System.Collections.ObjectModel.ReadOnlyCollection`1[System.String]","System.Collections.Generic.List`1[System.Diagnostics.Eventing.Reader.EventProperty]"
"LPRemove launched.","4000","0",,"4","35","1","4611686018427387904","129","Microsoft-Windows-LanguagePackSetup","7237fff9-a08a-4804-9c79-4a8704b70b87","Microsoft-Windows-LanguagePackSetup/Operational","2308","2708","rjaf-PC4429","S-1-5-18","3/25/2014 3:11:43 AM",,,"c:\users\mac_1\desktop\winevt\logs\microsoft-windows-languagepacksetup%4operational.evtx","System.UInt32[]","System.Diagnostics.Eventing.Reader.EventBookmark","Information","Start","Language Pack cleanup functionality","System.Collections.ObjectModel.ReadOnlyCollection`1[System.String]","System.Collections.Generic.List`1[System.Diagnostics.Eventing.Reader.EventProperty]"
"LPRemove terminating.","4001","0",,"4","35","2","4611686018427387904","128","Microsoft-Windows-LanguagePackSetup","7237fff9-a08a-4804-9c79-4a8704b70b87","Microsoft-Windows-LanguagePackSetup/Operational","3436","3072","rjaf-PC4429","S-1-5-18","3/24/2014 6:03:15 AM",,,"c:\users\mac_1\desktop\winevt\logs\microsoft-windows-languagepacksetup%4operational.evtx","System.UInt32[]","System.Diagnostics.Eventing.Reader.EventBookmark","Information","Stop","Language Pack cleanup functionality","System.Collections.ObjectModel.ReadOnlyCollection`1[System.String]","System.Collections.Generic.List`1[System.Diagnostics.Eventing.Reader.EventProperty]"
"LPRemove launched.","4000","0",,"4","35","1","4611686018427387904","127","Microsoft-Windows-LanguagePackSetup","7237fff9-a08a-4804-9c79-4a8704b70b87","Microsoft-Windows-LanguagePackSetup/Operational","3436","3072","rjaf-PC4429","S-1-5-18","3/24/2014 6:03:15 AM",,,"c:\users\mac_1\desktop\winevt\logs\microsoft-windows-languagepacksetup%4operational.evtx","System.UInt32[]","System.Diagnostics.Eventing.Reader.EventBookmark","Information","Start","Language Pack cleanup functionality","System.Collections.ObjectModel.ReadOnlyCollection`1[System.String]","System.Collections.Generic.List`1[System.Diagnostics.Eventing.Reader.EventProperty]"
"LPRemove terminating.","4001","0",,"4","35","2","4611686018427387904","126","Microsoft-Windows-LanguagePackSetup","7237fff9-a08a-4804-9c79-4a8704b70b87","Microsoft-Windows-LanguagePackSetup/Operational","3064","1148","rjaf-PC4429","S-1-5-18","3/22/2014 2:07:27 AM",,,"c:\users\mac_1\desktop\winevt\logs\microsoft-windows-languagepacksetup%4operational.evtx","System.UInt32[]","System.Diagnostics.Eventing.Reader.EventBookmark","Information","Stop","Language Pack cleanup functionality","System.Collections.ObjectModel.ReadOnlyCollection`1[System.String]","System.Collections.Generic.List`1[System.Diagnostics.Eventing.Reader.EventProperty]"
"LPRemove launched.","4000","0",,"4","35","1","4611686018427387904","125","Microsoft-Windows-LanguagePackSetup","7237fff9-a08a-4804-9c79-4a8704b70b87","Microsoft-Windows-LanguagePackSetup/Operational","3064","1148","rjaf-PC4429","S-1-5-18","3/22/2014 2:07:27 AM",,,"c:\users\mac_1\desktop\winevt\logs\microsoft-windows-languagepacksetup%4operational.evtx","System.UInt32[]","System.Diagnostics.Eventing.Reader.EventBookmark","Information","Start","Language Pack cleanup functionality","System.Collections.ObjectModel.ReadOnlyCollection`1[System.String]","System.Collections.Generic.List`1[System.Diagnostics.Eventing.Reader.EventProperty]"
"LPRemove terminating.","4001","0",,"4","35","2","4611686018427387904","124","Microsoft-Windows-LanguagePackSetup","7237fff9-a08a-4804-9c79-4a8704b70b87","Microsoft-Windows-LanguagePackSetup/Operational","2524","3468","rjaf-PC4429","S-1-5-18","3/20/2014 2:41:10 AM",,,"c:\users\mac_1\desktop\winevt\logs\microsoft-windows-languagepacksetup%4operational.evtx","System.UInt32[]","System.Diagnostics.Eventing.Reader.EventBookmark","Information","Stop","Language Pack cleanup functionality","System.Collections.ObjectModel.ReadOnlyCollection`1[System.String]","System.Collections.Generic.List`1[System.Diagnostics.Eventing.Reader.EventProperty]"
"LPRemove launched.","4000","0",,"4","35","1","4611686018427387904","123","Microsoft-Windows-LanguagePackSetup","7237fff9-a08a-4804-9c79-4a8704b70b87","Microsoft-Windows-LanguagePackSetup/Operational","2524","3468","rjaf-PC4429","S-1-5-18","3/20/2014 2:41:10 AM",,,"c:\users\mac_1\desktop\winevt\logs\microsoft-windows-languagepacksetup%4operational.evtx","System.UInt32[]","System.Diagnostics.Eventing.Reader.EventBookmark","Information","Start","Language Pack cleanup functionality","System.Collections.ObjectModel.ReadOnlyCollection`1[System.String]","System.Collections.Generic.List`1[System.Diagnostics.Eventing.Reader.EventProperty]"
"LPRemove terminating.","4001","0",,"4","35","2","4611686018427387904","122","Microsoft-Windows-LanguagePackSetup","7237fff9-a08a-4804-9c79-4a8704b70b87","Microsoft-Windows-LanguagePackSetup/Operational","3068","2936","rjaf-PC4429","S-1-5-18","3/18/2014 12:40:16 AM",,,"c:\users\mac_1\desktop\winevt\logs\microsoft-windows-languagepacksetup%4operational.evtx","System.UInt32[]","System.Diagnostics.Eventing.Reader.EventBookmark","Information","Stop","Language Pack cleanup functionality","System.Collections.ObjectModel.ReadOnlyCollection`1[System.String]","System.Collections.Generic.List`1[System.Diagnostics.Eventing.Reader.EventProperty]"
"LPRemove launched.","4000","0",,"4","35","1","4611686018427387904","121","Microsoft-Windows-LanguagePackSetup","7237fff9-a08a-4804-9c79-4a8704b70b87","Microsoft-Windows-LanguagePackSetup/Operational","3068","2936","rjaf-PC4429","S-1-5-18","3/18/2014 12:40:16 AM",,,"c:\users\mac_1\desktop\winevt\logs\microsoft-windows-languagepacksetup%4operational.evtx","System.UInt32[]","System.Diagnostics.Eventing.Reader.EventBookmark","Information","Start","Language Pack cleanup functionality","System.Collections.ObjectModel.ReadOnlyCollection`1[System.String]","System.Collections.Generic.List`1[System.Diagnostics.Eventing.Reader.EventProperty]"
"LPRemove terminating.","4001","0",,"4","35","2","4611686018427387904","120","Microsoft-Windows-LanguagePackSetup","7237fff9-a08a-4804-9c79-4a8704b70b87","Microsoft-Windows-LanguagePackSetup/Operational","764","3936","rjaf-PC4429","S-1-5-18","3/17/2014 7:41:09 AM",,,"c:\users\mac_1\desktop\winevt\logs\microsoft-windows-languagepacksetup%4operational.evtx","System.UInt32[]","System.Diagnostics.Eventing.Reader.EventBookmark","Information","Stop","Language Pack cleanup functionality","System.Collections.ObjectModel.ReadOnlyCollection`1[System.String]","System.Collections.Generic.List`1[System.Diagnostics.Eventing.Reader.EventProperty]"
"LPRemove launched.","4000","0",,"4","35","1","4611686018427387904","119","Microsoft-Windows-LanguagePackSetup","7237fff9-a08a-4804-9c79-4a8704b70b87","Microsoft-Windows-LanguagePackSetup/Operational","764","3936","rjaf-PC4429","S-1-5-18","3/17/2014 7:41:09 AM",,,"c:\users\mac_1\desktop\winevt\logs\microsoft-windows-languagepacksetup%4operational.evtx","System.UInt32[]","System.Diagnostics.Eventing.Reader.EventBookmark","Information","Start","Language Pack cleanup functionality","System.Collections.ObjectModel.ReadOnlyCollection`1[System.String]","System.Collections.Generic.List`1[System.Diagnostics.Eventing.Reader.EventProperty]"
"LPRemove terminating.","4001","0",,"4","35","2","4611686018427387904","118","Microsoft-Windows-LanguagePackSetup","7237fff9-a08a-4804-9c79-4a8704b70b87","Microsoft-Windows-LanguagePackSetup/Operational","3804","3808","rjaf-PC4429","S-1-5-18","3/16/2014 3:35:21 AM",,,"c:\users\mac_1\desktop\winevt\logs\microsoft-windows-languagepacksetup%4operational.evtx","System.UInt32[]","System.Diagnostics.Eventing.Reader.EventBookmark","Information","Stop","Language Pack cleanup functionality","System.Collections.ObjectModel.ReadOnlyCollection`1[System.String]","System.Collections.Generic.List`1[System.Diagnostics.Eventing.Reader.EventProperty]"
"LPRemove launched.","4000","0",,"4","35","1","4611686018427387904","117","Microsoft-Windows-LanguagePackSetup","7237fff9-a08a-4804-9c79-4a8704b70b87","Microsoft-Windows-LanguagePackSetup/Operational","3804","3808","rjaf-PC4429","S-1-5-18","3/16/2014 3:35:21 AM",,,"c:\users\mac_1\desktop\winevt\logs\microsoft-windows-languagepacksetup%4operational.evtx","System.UInt32[]","System.Diagnostics.Eventing.Reader.EventBookmark","Information","Start","Language Pack cleanup functionality","System.Collections.ObjectModel.ReadOnlyCollection`1[System.String]","System.Collections.Generic.List`1[System.Diagnostics.Eventing.Reader.EventProperty]"
"LPRemove terminating.","4001","0",,"4","35","2","4611686018427387904","116","Microsoft-Windows-LanguagePackSetup","7237fff9-a08a-4804-9c79-4a8704b70b87","Microsoft-Windows-LanguagePackSetup/Operational","3996","4032","rjaf-PC4429","S-1-5-18","3/13/2014 12:37:58 AM",,,"c:\users\mac_1\desktop\winevt\logs\microsoft-windows-languagepacksetup%4operational.evtx","System.UInt32[]","System.Diagnostics.Eventing.Reader.EventBookmark","Information","Stop","Language Pack cleanup functionality","System.Collections.ObjectModel.ReadOnlyCollection`1[System.String]","System.Collections.Generic.List`1[System.Diagnostics.Eventing.Reader.EventProperty]"
"LPRemove launched.","4000","0",,"4","35","1","4611686018427387904","115","Microsoft-Windows-LanguagePackSetup","7237fff9-a08a-4804-9c79-4a8704b70b87","Microsoft-Windows-LanguagePackSetup/Operational","3996","4032","rjaf-PC4429","S-1-5-18","3/13/2014 12:37:58 AM",,,"c:\users\mac_1\desktop\winevt\logs\microsoft-windows-languagepacksetup%4operational.evtx","System.UInt32[]","System.Diagnostics.Eventing.Reader.EventBookmark","Information","Start","Language Pack cleanup functionality","System.Collections.ObjectModel.ReadOnlyCollection`1[System.String]","System.Collections.Generic.List`1[System.Diagnostics.Eventing.Reader.EventProperty]"
"LPRemove terminating.","4001","0",,"4","35","2","4611686018427387904","114","Microsoft-Windows-LanguagePackSetup","7237fff9-a08a-4804-9c79-4a8704b70b87","Microsoft-Windows-LanguagePackSetup/Operational","2336","312","rjaf-PC4429","S-1-5-18","3/11/2014 4:35:58 AM",,,"c:\users\mac_1\desktop\winevt\logs\microsoft-windows-languagepacksetup%4operational.evtx","System.UInt32[]","System.Diagnostics.Eventing.Reader.EventBookmark","Information","Stop","Language Pack cleanup functionality","System.Collections.ObjectModel.ReadOnlyCollection`1[System.String]","System.Collections.Generic.List`1[System.Diagnostics.Eventing.Reader.EventProperty]"
"LPRemove launched.","4000","0",,"4","35","1","4611686018427387904","113","Microsoft-Windows-LanguagePackSetup","7237fff9-a08a-4804-9c79-4a8704b70b87","Microsoft-Windows-LanguagePackSetup/Operational","2336","312","rjaf-PC4429","S-1-5-18","3/11/2014 4:35:58 AM",,,"c:\users\mac_1\desktop\winevt\logs\microsoft-windows-languagepacksetup%4operational.evtx","System.UInt32[]","System.Diagnostics.Eventing.Reader.EventBookmark","Information","Start","Language Pack cleanup functionality","System.Collections.ObjectModel.ReadOnlyCollection`1[System.String]","System.Collections.Generic.List`1[System.Diagnostics.Eventing.Reader.EventProperty]"
"LPRemove terminating.","4001","0",,"4","35","2","4611686018427387904","112","Microsoft-Windows-LanguagePackSetup","7237fff9-a08a-4804-9c79-4a8704b70b87","Microsoft-Windows-LanguagePackSetup/Operational","428","1704","rjaf-PC4429","S-1-5-18","3/9/2014 8:12:33 AM",,,"c:\users\mac_1\desktop\winevt\logs\microsoft-windows-languagepacksetup%4operational.evtx","System.UInt32[]","System.Diagnostics.Eventing.Reader.EventBookmark","Information","Stop","Language Pack cleanup functionality","System.Collections.ObjectModel.ReadOnlyCollection`1[System.String]","System.Collections.Generic.List`1[System.Diagnostics.Eventing.Reader.EventProperty]"
"LPRemove launched.","4000","0",,"4","35","1","4611686018427387904","111","Microsoft-Windows-LanguagePackSetup","7237fff9-a08a-4804-9c79-4a8704b70b87","Microsoft-Windows-LanguagePackSetup/Operational","428","1704","rjaf-PC4429","S-1-5-18","3/9/2014 8:12:33 AM",,,"c:\users\mac_1\desktop\winevt\logs\microsoft-windows-languagepacksetup%4operational.evtx","System.UInt32[]","System.Diagnostics.Eventing.Reader.EventBookmark","Information","Start","Language Pack cleanup functionality","System.Collections.ObjectModel.ReadOnlyCollection`1[System.String]","System.Collections.Generic.List`1[System.Diagnostics.Eventing.Reader.EventProperty]"
"LPRemove terminating.","4001","0",,"4","35","2","4611686018427387904","110","Microsoft-Windows-LanguagePackSetup","7237fff9-a08a-4804-9c79-4a8704b70b87","Microsoft-Windows-LanguagePackSetup/Operational","3764","1792","rjaf-PC4429","S-1-5-18","3/9/2014 4:24:54 AM",,,"c:\users\mac_1\desktop\winevt\logs\microsoft-windows-languagepacksetup%4operational.evtx","System.UInt32[]","System.Diagnostics.Eventing.Reader.EventBookmark","Information","Stop","Language Pack cleanup functionality","System.Collections.ObjectModel.ReadOnlyCollection`1[System.String]","System.Collections.Generic.List`1[System.Diagnostics.Eventing.Reader.EventProperty]"
"LPRemove launched.","4000","0",,"4","35","1","4611686018427387904","109","Microsoft-Windows-LanguagePackSetup","7237fff9-a08a-4804-9c79-4a8704b70b87","Microsoft-Windows-LanguagePackSetup/Operational","3764","1792","rjaf-PC4429","S-1-5-18","3/9/2014 4:24:54 AM",,,"c:\users\mac_1\desktop\winevt\logs\microsoft-windows-languagepacksetup%4operational.evtx","System.UInt32[]","System.Diagnostics.Eventing.Reader.EventBookmark","Information","Start","Language Pack cleanup functionality","System.Collections.ObjectModel.ReadOnlyCollection`1[System.String]","System.Collections.Generic.List`1[System.Diagnostics.Eventing.Reader.EventProperty]"
"LPRemove terminating.","4001","0",,"4","35","2","4611686018427387904","108","Microsoft-Windows-LanguagePackSetup","7237fff9-a08a-4804-9c79-4a8704b70b87","Microsoft-Windows-LanguagePackSetup/Operational","2452","288","rjaf-PC4429","S-1-5-18","3/3/2014 11:04:27 PM",,,"c:\users\mac_1\desktop\winevt\logs\microsoft-windows-languagepacksetup%4operational.evtx","System.UInt32[]","System.Diagnostics.Eventing.Reader.EventBookmark","Information","Stop","Language Pack cleanup functionality","System.Collections.ObjectModel.ReadOnlyCollection`1[System.String]","System.Collections.Generic.List`1[System.Diagnostics.Eventing.Reader.EventProperty]"
"LPRemove launched.","4000","0",,"4","35","1","4611686018427387904","107","Microsoft-Windows-LanguagePackSetup","7237fff9-a08a-4804-9c79-4a8704b70b87","Microsoft-Windows-LanguagePackSetup/Operational","2452","288","rjaf-PC4429","S-1-5-18","3/3/2014 11:04:27 PM",,,"c:\users\mac_1\desktop\winevt\logs\microsoft-windows-languagepacksetup%4operational.evtx","System.UInt32[]","System.Diagnostics.Eventing.Reader.EventBookmark","Information","Start","Language Pack cleanup functionality","System.Collections.ObjectModel.ReadOnlyCollection`1[System.String]","System.Collections.Generic.List`1[System.Diagnostics.Eventing.Reader.EventProperty]"
"LPRemove terminating.","4001","0",,"4","35","2","4611686018427387904","106","Microsoft-Windows-LanguagePackSetup","7237fff9-a08a-4804-9c79-4a8704b70b87","Microsoft-Windows-LanguagePackSetup/Operational","1552","2184","rjaf-PC4429","S-1-5-18","3/3/2014 8:37:23 AM",,,"c:\users\mac_1\desktop\winevt\logs\microsoft-windows-languagepacksetup%4operational.evtx","System.UInt32[]","System.Diagnostics.Eventing.Reader.EventBookmark","Information","Stop","Language Pack cleanup functionality","System.Collections.ObjectModel.ReadOnlyCollection`1[System.String]","System.Collections.Generic.List`1[System.Diagnostics.Eventing.Reader.EventProperty]"
"LPRemove launched.","4000","0",,"4","35","1","4611686018427387904","105","Microsoft-Windows-LanguagePackSetup","7237fff9-a08a-4804-9c79-4a8704b70b87","Microsoft-Windows-LanguagePackSetup/Operational","1552","2184","rjaf-PC4429","S-1-5-18","3/3/2014 8:37:23 AM",,,"c:\users\mac_1\desktop\winevt\logs\microsoft-windows-languagepacksetup%4operational.evtx","System.UInt32[]","System.Diagnostics.Eventing.Reader.EventBookmark","Information","Start","Language Pack cleanup functionality","System.Collections.ObjectModel.ReadOnlyCollection`1[System.String]","System.Collections.Generic.List`1[System.Diagnostics.Eventing.Reader.EventProperty]"
"LPRemove terminating.","4001","0",,"4","35","2","4611686018427387904","104","Microsoft-Windows-LanguagePackSetup","7237fff9-a08a-4804-9c79-4a8704b70b87","Microsoft-Windows-LanguagePackSetup/Operational","2640","2624","rjaf-PC4429","S-1-5-18","3/2/2014 1:15:38 AM",,,"c:\users\mac_1\desktop\winevt\logs\microsoft-windows-languagepacksetup%4operational.evtx","System.UInt32[]","System.Diagnostics.Eventing.Reader.EventBookmark","Information","Stop","Language Pack cleanup functionality","System.Collections.ObjectModel.ReadOnlyCollection`1[System.String]","System.Collections.Generic.List`1[System.Diagnostics.Eventing.Reader.EventProperty]"
"LPRemove launched.","4000","0",,"4","35","1","4611686018427387904","103","Microsoft-Windows-LanguagePackSetup","7237fff9-a08a-4804-9c79-4a8704b70b87","Microsoft-Windows-LanguagePackSetup/Operational","2640","2624","rjaf-PC4429","S-1-5-18","3/2/2014 1:15:38 AM",,,"c:\users\mac_1\desktop\winevt\logs\microsoft-windows-languagepacksetup%4operational.evtx","System.UInt32[]","System.Diagnostics.Eventing.Reader.EventBookmark","Information","Start","Language Pack cleanup functionality","System.Collections.ObjectModel.ReadOnlyCollection`1[System.String]","System.Collections.Generic.List`1[System.Diagnostics.Eventing.Reader.EventProperty]"
"LPRemove terminating.","4001","0",,"4","35","2","4611686018427387904","102","Microsoft-Windows-LanguagePackSetup","7237fff9-a08a-4804-9c79-4a8704b70b87","Microsoft-Windows-LanguagePackSetup/Operational","1604","3484","rjaf-PC4429","S-1-5-18","2/26/2014 11:51:27 AM",,,"c:\users\mac_1\desktop\winevt\logs\microsoft-windows-languagepacksetup%4operational.evtx","System.UInt32[]","System.Diagnostics.Eventing.Reader.EventBookmark","Information","Stop","Language Pack cleanup functionality","System.Collections.ObjectModel.ReadOnlyCollection`1[System.String]","System.Collections.Generic.List`1[System.Diagnostics.Eventing.Reader.EventProperty]"
"LPRemove launched.","4000","0",,"4","35","1","4611686018427387904","101","Microsoft-Windows-LanguagePackSetup","7237fff9-a08a-4804-9c79-4a8704b70b87","Microsoft-Windows-LanguagePackSetup/Operational","1604","3484","rjaf-PC4429","S-1-5-18","2/26/2014 11:51:27 AM",,,"c:\users\mac_1\desktop\winevt\logs\microsoft-windows-languagepacksetup%4operational.evtx","System.UInt32[]","System.Diagnostics.Eventing.Reader.EventBookmark","Information","Start","Language Pack cleanup functionality","System.Collections.ObjectModel.ReadOnlyCollection`1[System.String]","System.Collections.Generic.List`1[System.Diagnostics.Eventing.Reader.EventProperty]"
"LPRemove terminating.","4001","0",,"4","35","2","4611686018427387904","100","Microsoft-Windows-LanguagePackSetup","7237fff9-a08a-4804-9c79-4a8704b70b87","Microsoft-Windows-LanguagePackSetup/Operational","2108","4020","rjaf-PC4429","S-1-5-18","2/26/2014 10:51:15 AM",,,"c:\users\mac_1\desktop\winevt\logs\microsoft-windows-languagepacksetup%4operational.evtx","System.UInt32[]","System.Diagnostics.Eventing.Reader.EventBookmark","Information","Stop","Language Pack cleanup functionality","System.Collections.ObjectModel.ReadOnlyCollection`1[System.String]","System.Collections.Generic.List`1[System.Diagnostics.Eventing.Reader.EventProperty]"
"LPRemove launched.","4000","0",,"4","35","1","4611686018427387904","99","Microsoft-Windows-LanguagePackSetup","7237fff9-a08a-4804-9c79-4a8704b70b87","Microsoft-Windows-LanguagePackSetup/Operational","2108","4020","rjaf-PC4429","S-1-5-18","2/26/2014 10:51:15 AM",,,"c:\users\mac_1\desktop\winevt\logs\microsoft-windows-languagepacksetup%4operational.evtx","System.UInt32[]","System.Diagnostics.Eventing.Reader.EventBookmark","Information","Start","Language Pack cleanup functionality","System.Collections.ObjectModel.ReadOnlyCollection`1[System.String]","System.Collections.Generic.List`1[System.Diagnostics.Eventing.Reader.EventProperty]"
"LPRemove terminating.","4001","0",,"4","35","2","4611686018427387904","98","Microsoft-Windows-LanguagePackSetup","7237fff9-a08a-4804-9c79-4a8704b70b87","Microsoft-Windows-LanguagePackSetup/Operational","3052","3784","rjaf-PC4429","S-1-5-18","2/25/2014 12:10:02 AM",,,"c:\users\mac_1\desktop\winevt\logs\microsoft-windows-languagepacksetup%4operational.evtx","System.UInt32[]","System.Diagnostics.Eventing.Reader.EventBookmark","Information","Stop","Language Pack cleanup functionality","System.Collections.ObjectModel.ReadOnlyCollection`1[System.String]","System.Collections.Generic.List`1[System.Diagnostics.Eventing.Reader.EventProperty]"
"LPRemove launched.","4000","0",,"4","35","1","4611686018427387904","97","Microsoft-Windows-LanguagePackSetup","7237fff9-a08a-4804-9c79-4a8704b70b87","Microsoft-Windows-LanguagePackSetup/Operational","3052","3784","rjaf-PC4429","S-1-5-18","2/25/2014 12:10:02 AM",,,"c:\users\mac_1\desktop\winevt\logs\microsoft-windows-languagepacksetup%4operational.evtx","System.UInt32[]","System.Diagnostics.Eventing.Reader.EventBookmark","Information","Start","Language Pack cleanup functionality","System.Collections.ObjectModel.ReadOnlyCollection`1[System.String]","System.Collections.Generic.List`1[System.Diagnostics.Eventing.Reader.EventProperty]"
"LPRemove terminating.","4001","0",,"4","35","2","4611686018427387904","96","Microsoft-Windows-LanguagePackSetup","7237fff9-a08a-4804-9c79-4a8704b70b87","Microsoft-Windows-LanguagePackSetup/Operational","4068","4072","rjaf-PC4429","S-1-5-18","2/23/2014 6:13:28 AM",,,"c:\users\mac_1\desktop\winevt\logs\microsoft-windows-languagepacksetup%4operational.evtx","System.UInt32[]","System.Diagnostics.Eventing.Reader.EventBookmark","Information","Stop","Language Pack cleanup functionality","System.Collections.ObjectModel.ReadOnlyCollection`1[System.String]","System.Collections.Generic.List`1[System.Diagnostics.Eventing.Reader.EventProperty]"
"LPRemove launched.","4000","0",,"4","35","1","4611686018427387904","95","Microsoft-Windows-LanguagePackSetup","7237fff9-a08a-4804-9c79-4a8704b70b87","Microsoft-Windows-LanguagePackSetup/Operational","4068","4072","rjaf-PC4429","S-1-5-18","2/23/2014 6:13:28 AM",,,"c:\users\mac_1\desktop\winevt\logs\microsoft-windows-languagepacksetup%4operational.evtx","System.UInt32[]","System.Diagnostics.Eventing.Reader.EventBookmark","Information","Start","Language Pack cleanup functionality","System.Collections.ObjectModel.ReadOnlyCollection`1[System.String]","System.Collections.Generic.List`1[System.Diagnostics.Eventing.Reader.EventProperty]"
"LPRemove terminating.","4001","0",,"4","35","2","4611686018427387904","94","Microsoft-Windows-LanguagePackSetup","7237fff9-a08a-4804-9c79-4a8704b70b87","Microsoft-Windows-LanguagePackSetup/Operational","1340","2180","rjaf-PC4429","S-1-5-18","2/22/2014 12:52:58 AM",,,"c:\users\mac_1\desktop\winevt\logs\microsoft-windows-languagepacksetup%4operational.evtx","System.UInt32[]","System.Diagnostics.Eventing.Reader.EventBookmark","Information","Stop","Language Pack cleanup functionality","System.Collections.ObjectModel.ReadOnlyCollection`1[System.String]","System.Collections.Generic.List`1[System.Diagnostics.Eventing.Reader.EventProperty]"
"LPRemove launched.","4000","0",,"4","35","1","4611686018427387904","93","Microsoft-Windows-LanguagePackSetup","7237fff9-a08a-4804-9c79-4a8704b70b87","Microsoft-Windows-LanguagePackSetup/Operational","1340","2180","rjaf-PC4429","S-1-5-18","2/22/2014 12:52:58 AM",,,"c:\users\mac_1\desktop\winevt\logs\microsoft-windows-languagepacksetup%4operational.evtx","System.UInt32[]","System.Diagnostics.Eventing.Reader.EventBookmark","Information","Start","Language Pack cleanup functionality","System.Collections.ObjectModel.ReadOnlyCollection`1[System.String]","System.Collections.Generic.List`1[System.Diagnostics.Eventing.Reader.EventProperty]"
"LPRemove terminating.","4001","0",,"4","35","2","4611686018427387904","92","Microsoft-Windows-LanguagePackSetup","7237fff9-a08a-4804-9c79-4a8704b70b87","Microsoft-Windows-LanguagePackSetup/Operational","3936","2124","rjaf-PC4429","S-1-5-18","2/19/2014 12:09:30 AM",,,"c:\users\mac_1\desktop\winevt\logs\microsoft-windows-languagepacksetup%4operational.evtx","System.UInt32[]","System.Diagnostics.Eventing.Reader.EventBookmark","Information","Stop","Language Pack cleanup functionality","System.Collections.ObjectModel.ReadOnlyCollection`1[System.String]","System.Collections.Generic.List`1[System.Diagnostics.Eventing.Reader.EventProperty]"
"LPRemove launched.","4000","0",,"4","35","1","4611686018427387904","91","Microsoft-Windows-LanguagePackSetup","7237fff9-a08a-4804-9c79-4a8704b70b87","Microsoft-Windows-LanguagePackSetup/Operational","3936","2124","rjaf-PC4429","S-1-5-18","2/19/2014 12:09:30 AM",,,"c:\users\mac_1\desktop\winevt\logs\microsoft-windows-languagepacksetup%4operational.evtx","System.UInt32[]","System.Diagnostics.Eventing.Reader.EventBookmark","Information","Start","Language Pack cleanup functionality","System.Collections.ObjectModel.ReadOnlyCollection`1[System.String]","System.Collections.Generic.List`1[System.Diagnostics.Eventing.Reader.EventProperty]"
"LPRemove terminating.","4001","0",,"4","35","2","4611686018427387904","90","Microsoft-Windows-LanguagePackSetup","7237fff9-a08a-4804-9c79-4a8704b70b87","Microsoft-Windows-LanguagePackSetup/Operational","4012","3544","rjaf-PC4429","S-1-5-18","2/18/2014 1:04:17 AM",,,"c:\users\mac_1\desktop\winevt\logs\microsoft-windows-languagepacksetup%4operational.evtx","System.UInt32[]","System.Diagnostics.Eventing.Reader.EventBookmark","Information","Stop","Language Pack cleanup functionality","System.Collections.ObjectModel.ReadOnlyCollection`1[System.String]","System.Collections.Generic.List`1[System.Diagnostics.Eventing.Reader.EventProperty]"
"LPRemove launched.","4000","0",,"4","35","1","4611686018427387904","89","Microsoft-Windows-LanguagePackSetup","7237fff9-a08a-4804-9c79-4a8704b70b87","Microsoft-Windows-LanguagePackSetup/Operational","4012","3544","rjaf-PC4429","S-1-5-18","2/18/2014 1:04:17 AM",,,"c:\users\mac_1\desktop\winevt\logs\microsoft-windows-languagepacksetup%4operational.evtx","System.UInt32[]","System.Diagnostics.Eventing.Reader.EventBookmark","Information","Start","Language Pack cleanup functionality","System.Collections.ObjectModel.ReadOnlyCollection`1[System.String]","System.Collections.Generic.List`1[System.Diagnostics.Eventing.Reader.EventProperty]"
"LPRemove terminating.","4001","0",,"4","35","2","4611686018427387904","88","Microsoft-Windows-LanguagePackSetup","7237fff9-a08a-4804-9c79-4a8704b70b87","Microsoft-Windows-LanguagePackSetup/Operational","3924","3768","rjaf-PC4429","S-1-5-18","2/17/2014 12:41:08 AM",,,"c:\users\mac_1\desktop\winevt\logs\microsoft-windows-languagepacksetup%4operational.evtx","System.UInt32[]","System.Diagnostics.Eventing.Reader.EventBookmark","Information","Stop","Language Pack cleanup functionality","System.Collections.ObjectModel.ReadOnlyCollection`1[System.String]","System.Collections.Generic.List`1[System.Diagnostics.Eventing.Reader.EventProperty]"
"LPRemove launched.","4000","0",,"4","35","1","4611686018427387904","87","Microsoft-Windows-LanguagePackSetup","7237fff9-a08a-4804-9c79-4a8704b70b87","Microsoft-Windows-LanguagePackSetup/Operational","3924","3768","rjaf-PC4429","S-1-5-18","2/17/2014 12:41:08 AM",,,"c:\users\mac_1\desktop\winevt\logs\microsoft-windows-languagepacksetup%4operational.evtx","System.UInt32[]","System.Diagnostics.Eventing.Reader.EventBookmark","Information","Start","Language Pack cleanup functionality","System.Collections.ObjectModel.ReadOnlyCollection`1[System.String]","System.Collections.Generic.List`1[System.Diagnostics.Eventing.Reader.EventProperty]"
"LPRemove terminating.","4001","0",,"4","35","2","4611686018427387904","86","Microsoft-Windows-LanguagePackSetup","7237fff9-a08a-4804-9c79-4a8704b70b87","Microsoft-Windows-LanguagePackSetup/Operational","1160","1036","rjaf-PC4429","S-1-5-18","2/16/2014 8:00:38 AM",,,"c:\users\mac_1\desktop\winevt\logs\microsoft-windows-languagepacksetup%4operational.evtx","System.UInt32[]","System.Diagnostics.Eventing.Reader.EventBookmark","Information","Stop","Language Pack cleanup functionality","System.Collections.ObjectModel.ReadOnlyCollection`1[System.String]","System.Collections.Generic.List`1[System.Diagnostics.Eventing.Reader.EventProperty]"
"LPRemove launched.","4000","0",,"4","35","1","4611686018427387904","85","Microsoft-Windows-LanguagePackSetup","7237fff9-a08a-4804-9c79-4a8704b70b87","Microsoft-Windows-LanguagePackSetup/Operational","1160","1036","rjaf-PC4429","S-1-5-18","2/16/2014 8:00:38 AM",,,"c:\users\mac_1\desktop\winevt\logs\microsoft-windows-languagepacksetup%4operational.evtx","System.UInt32[]","System.Diagnostics.Eventing.Reader.EventBookmark","Information","Start","Language Pack cleanup functionality","System.Collections.ObjectModel.ReadOnlyCollection`1[System.String]","System.Collections.Generic.List`1[System.Diagnostics.Eventing.Reader.EventProperty]"
"LPRemove terminating.","4001","0",,"4","35","2","4611686018427387904","84","Microsoft-Windows-LanguagePackSetup","7237fff9-a08a-4804-9c79-4a8704b70b87","Microsoft-Windows-LanguagePackSetup/Operational","2636","2892","rjaf-PC4429","S-1-5-18","2/15/2014 6:15:07 AM",,,"c:\users\mac_1\desktop\winevt\logs\microsoft-windows-languagepacksetup%4operational.evtx","System.UInt32[]","System.Diagnostics.Eventing.Reader.EventBookmark","Information","Stop","Language Pack cleanup functionality","System.Collections.ObjectModel.ReadOnlyCollection`1[System.String]","System.Collections.Generic.List`1[System.Diagnostics.Eventing.Reader.EventProperty]"
"LPRemove launched.","4000","0",,"4","35","1","4611686018427387904","83","Microsoft-Windows-LanguagePackSetup","7237fff9-a08a-4804-9c79-4a8704b70b87","Microsoft-Windows-LanguagePackSetup/Operational","2636","2892","rjaf-PC4429","S-1-5-18","2/15/2014 6:15:07 AM",,,"c:\users\mac_1\desktop\winevt\logs\microsoft-windows-languagepacksetup%4operational.evtx","System.UInt32[]","System.Diagnostics.Eventing.Reader.EventBookmark","Information","Start","Language Pack cleanup functionality","System.Collections.ObjectModel.ReadOnlyCollection`1[System.String]","System.Collections.Generic.List`1[System.Diagnostics.Eventing.Reader.EventProperty]"
"LPRemove terminating.","4001","0",,"4","35","2","4611686018427387904","82","Microsoft-Windows-LanguagePackSetup","7237fff9-a08a-4804-9c79-4a8704b70b87","Microsoft-Windows-LanguagePackSetup/Operational","832","532","rjaf-PC4429","S-1-5-18","2/10/2014 11:51:22 PM",,,"c:\users\mac_1\desktop\winevt\logs\microsoft-windows-languagepacksetup%4operational.evtx","System.UInt32[]","System.Diagnostics.Eventing.Reader.EventBookmark","Information","Stop","Language Pack cleanup functionality","System.Collections.ObjectModel.ReadOnlyCollection`1[System.String]","System.Collections.Generic.List`1[System.Diagnostics.Eventing.Reader.EventProperty]"
"LPRemove launched.","4000","0",,"4","35","1","4611686018427387904","81","Microsoft-Windows-LanguagePackSetup","7237fff9-a08a-4804-9c79-4a8704b70b87","Microsoft-Windows-LanguagePackSetup/Operational","832","532","rjaf-PC4429","S-1-5-18","2/10/2014 11:51:22 PM",,,"c:\users\mac_1\desktop\winevt\logs\microsoft-windows-languagepacksetup%4operational.evtx","System.UInt32[]","System.Diagnostics.Eventing.Reader.EventBookmark","Information","Start","Language Pack cleanup functionality","System.Collections.ObjectModel.ReadOnlyCollection`1[System.String]","System.Collections.Generic.List`1[System.Diagnostics.Eventing.Reader.EventProperty]"
