"Boot plan calculation completed in 2012 ms.
     Boot Plan Timestamp: ?2015?-?02?-?07T03:02:47.644873700Z
     Reason: Disk defragmentation
     Result: 0x0","1016","1",,"4","1016","0","-9223372036854767616","1008","Microsoft-Windows-ReadyBoost","e6307a09-292c-497e-aad6-498f68e2b619","Microsoft-Windows-ReadyBoost/Operational","956","884","rjaf-PC4429","S-1-5-18","2/6/2015 5:02:49 PM",,,"c:\users\mac_1\desktop\winevt\logs\microsoft-windows-readyboost%4operational.evtx","System.UInt32[]","System.Diagnostics.Eventing.Reader.EventBookmark","Information","Info",,"System.Collections.ObjectModel.ReadOnlyCollection`1[System.String]","System.Collections.Generic.List`1[System.Diagnostics.Eventing.Reader.EventProperty]"
"Boot plan calculation completed in 951 ms.
     Boot Plan Timestamp: ?2015?-?02?-?06T19:44:04.644102600Z
     Reason: Disk defragmentation
     Result: 0x0","1016","1",,"4","1016","0","-9223372036854767616","1007","Microsoft-Windows-ReadyBoost","e6307a09-292c-497e-aad6-498f68e2b619","Microsoft-Windows-ReadyBoost/Operational","956","3188","rjaf-PC4429","S-1-5-18","2/6/2015 9:44:05 AM",,,"c:\users\mac_1\desktop\winevt\logs\microsoft-windows-readyboost%4operational.evtx","System.UInt32[]","System.Diagnostics.Eventing.Reader.EventBookmark","Information","Info",,"System.Collections.ObjectModel.ReadOnlyCollection`1[System.String]","System.Collections.Generic.List`1[System.Diagnostics.Eventing.Reader.EventProperty]"
"Boot plan calculation completed in 4758 ms.
     Boot Plan Timestamp: ?2015?-?02?-?06T19:13:16.961421200Z
     Reason: System boot completion
     Result: 0x0","1016","1",,"4","1016","0","-9223372036854767616","1006","Microsoft-Windows-ReadyBoost","e6307a09-292c-497e-aad6-498f68e2b619","Microsoft-Windows-ReadyBoost/Operational","956","2924","rjaf-PC4429","S-1-5-18","2/6/2015 9:13:21 AM",,,"c:\users\mac_1\desktop\winevt\logs\microsoft-windows-readyboost%4operational.evtx","System.UInt32[]","System.Diagnostics.Eventing.Reader.EventBookmark","Information","Info",,"System.Collections.ObjectModel.ReadOnlyCollection`1[System.String]","System.Collections.Generic.List`1[System.Diagnostics.Eventing.Reader.EventProperty]"
"Summary of ReadyBoot Performance:
     Io Read Count: 25043
     Io Read Bytes: 668968960
     Cache Hit Count: 16110
     Cache Hit Bytes: 315563008
     Cache Hit Percentage: 0.643293535119594
     Boot Prefetch Time (us): 28519507
     Boot Prefetch Bytes: 316833792
     Boot Prefetch Read Count: 7559
","1015","1",,"4","1016","0","-9223372036854767616","1005","Microsoft-Windows-ReadyBoost","e6307a09-292c-497e-aad6-498f68e2b619","Microsoft-Windows-ReadyBoost/Operational","956","2924","rjaf-PC4429","S-1-5-18","2/6/2015 9:13:20 AM",,,"c:\users\mac_1\desktop\winevt\logs\microsoft-windows-readyboost%4operational.evtx","System.UInt32[]","System.Diagnostics.Eventing.Reader.EventBookmark","Information","Info",,"System.Collections.ObjectModel.ReadOnlyCollection`1[System.String]","System.Collections.Generic.List`1[System.Diagnostics.Eventing.Reader.EventProperty]"
"Boot plan calculation completed in 2090 ms.
     Boot Plan Timestamp: ?2015?-?02?-?06T03:02:33.040646800Z
     Reason: Disk defragmentation
     Result: 0x0","1016","1",,"4","1016","0","-9223372036854767616","1004","Microsoft-Windows-ReadyBoost","e6307a09-292c-497e-aad6-498f68e2b619","Microsoft-Windows-ReadyBoost/Operational","952","3808","rjaf-PC4429","S-1-5-18","2/5/2015 5:02:35 PM",,,"c:\users\mac_1\desktop\winevt\logs\microsoft-windows-readyboost%4operational.evtx","System.UInt32[]","System.Diagnostics.Eventing.Reader.EventBookmark","Information","Info",,"System.Collections.ObjectModel.ReadOnlyCollection`1[System.String]","System.Collections.Generic.List`1[System.Diagnostics.Eventing.Reader.EventProperty]"
"Boot plan calculation completed in 1388 ms.
     Boot Plan Timestamp: ?2015?-?02?-?05T10:16:14.055416900Z
     Reason: Disk defragmentation
     Result: 0x0","1016","1",,"4","1016","0","-9223372036854767616","1003","Microsoft-Windows-ReadyBoost","e6307a09-292c-497e-aad6-498f68e2b619","Microsoft-Windows-ReadyBoost/Operational","952","2404","rjaf-PC4429","S-1-5-18","2/5/2015 12:16:15 AM",,,"c:\users\mac_1\desktop\winevt\logs\microsoft-windows-readyboost%4operational.evtx","System.UInt32[]","System.Diagnostics.Eventing.Reader.EventBookmark","Information","Info",,"System.Collections.ObjectModel.ReadOnlyCollection`1[System.String]","System.Collections.Generic.List`1[System.Diagnostics.Eventing.Reader.EventProperty]"
"Boot plan calculation completed in 1763 ms.
     Boot Plan Timestamp: ?2015?-?02?-?05T03:02:31.059443400Z
     Reason: Disk defragmentation
     Result: 0x0","1016","1",,"4","1016","0","-9223372036854767616","1002","Microsoft-Windows-ReadyBoost","e6307a09-292c-497e-aad6-498f68e2b619","Microsoft-Windows-ReadyBoost/Operational","952","4076","rjaf-PC4429","S-1-5-18","2/4/2015 5:02:32 PM",,,"c:\users\mac_1\desktop\winevt\logs\microsoft-windows-readyboost%4operational.evtx","System.UInt32[]","System.Diagnostics.Eventing.Reader.EventBookmark","Information","Info",,"System.Collections.ObjectModel.ReadOnlyCollection`1[System.String]","System.Collections.Generic.List`1[System.Diagnostics.Eventing.Reader.EventProperty]"
"Boot plan calculation completed in 5226 ms.
     Boot Plan Timestamp: ?2015?-?02?-?04T12:20:36.053374800Z
     Reason: Disk defragmentation
     Result: 0x0","1016","1",,"4","1016","0","-9223372036854767616","1001","Microsoft-Windows-ReadyBoost","e6307a09-292c-497e-aad6-498f68e2b619","Microsoft-Windows-ReadyBoost/Operational","952","1856","rjaf-PC4429","S-1-5-18","2/4/2015 2:20:41 AM",,,"c:\users\mac_1\desktop\winevt\logs\microsoft-windows-readyboost%4operational.evtx","System.UInt32[]","System.Diagnostics.Eventing.Reader.EventBookmark","Information","Info",,"System.Collections.ObjectModel.ReadOnlyCollection`1[System.String]","System.Collections.Generic.List`1[System.Diagnostics.Eventing.Reader.EventProperty]"
"Boot plan calculation completed in 7457 ms.
     Boot Plan Timestamp: ?2015?-?02?-?04T09:25:32.145611700Z
     Reason: Disk defragmentation
     Result: 0x0","1016","1",,"4","1016","0","-9223372036854767616","1000","Microsoft-Windows-ReadyBoost","e6307a09-292c-497e-aad6-498f68e2b619","Microsoft-Windows-ReadyBoost/Operational","952","1748","rjaf-PC4429","S-1-5-18","2/3/2015 11:25:39 PM",,,"c:\users\mac_1\desktop\winevt\logs\microsoft-windows-readyboost%4operational.evtx","System.UInt32[]","System.Diagnostics.Eventing.Reader.EventBookmark","Information","Info",,"System.Collections.ObjectModel.ReadOnlyCollection`1[System.String]","System.Collections.Generic.List`1[System.Diagnostics.Eventing.Reader.EventProperty]"
"Boot plan calculation completed in 2449 ms.
     Boot Plan Timestamp: ?2015?-?02?-?03T03:02:51.033067600Z
     Reason: Disk defragmentation
     Result: 0x0","1016","1",,"4","1016","0","-9223372036854767616","999","Microsoft-Windows-ReadyBoost","e6307a09-292c-497e-aad6-498f68e2b619","Microsoft-Windows-ReadyBoost/Operational","952","3504","rjaf-PC4429","S-1-5-18","2/2/2015 5:02:53 PM",,,"c:\users\mac_1\desktop\winevt\logs\microsoft-windows-readyboost%4operational.evtx","System.UInt32[]","System.Diagnostics.Eventing.Reader.EventBookmark","Information","Info",,"System.Collections.ObjectModel.ReadOnlyCollection`1[System.String]","System.Collections.Generic.List`1[System.Diagnostics.Eventing.Reader.EventProperty]"
"Boot plan calculation completed in 1622 ms.
     Boot Plan Timestamp: ?2015?-?02?-?02T10:19:04.033979000Z
     Reason: Disk defragmentation
     Result: 0x0","1016","1",,"4","1016","0","-9223372036854767616","998","Microsoft-Windows-ReadyBoost","e6307a09-292c-497e-aad6-498f68e2b619","Microsoft-Windows-ReadyBoost/Operational","952","3396","rjaf-PC4429","S-1-5-18","2/2/2015 12:19:05 AM",,,"c:\users\mac_1\desktop\winevt\logs\microsoft-windows-readyboost%4operational.evtx","System.UInt32[]","System.Diagnostics.Eventing.Reader.EventBookmark","Information","Info",,"System.Collections.ObjectModel.ReadOnlyCollection`1[System.String]","System.Collections.Generic.List`1[System.Diagnostics.Eventing.Reader.EventProperty]"
"Boot plan calculation completed in 4571 ms.
     Boot Plan Timestamp: ?2015?-?02?-?02T10:10:06.110936400Z
     Reason: System boot completion
     Result: 0x0","1016","1",,"4","1016","0","-9223372036854767616","997","Microsoft-Windows-ReadyBoost","e6307a09-292c-497e-aad6-498f68e2b619","Microsoft-Windows-ReadyBoost/Operational","952","3980","rjaf-PC4429","S-1-5-18","2/2/2015 12:10:10 AM",,,"c:\users\mac_1\desktop\winevt\logs\microsoft-windows-readyboost%4operational.evtx","System.UInt32[]","System.Diagnostics.Eventing.Reader.EventBookmark","Information","Info",,"System.Collections.ObjectModel.ReadOnlyCollection`1[System.String]","System.Collections.Generic.List`1[System.Diagnostics.Eventing.Reader.EventProperty]"
"Summary of ReadyBoot Performance:
     Io Read Count: 22778
     Io Read Bytes: 562420736
     Cache Hit Count: 16220
     Cache Hit Bytes: 317259776
     Cache Hit Percentage: 0.71209061375011
     Boot Prefetch Time (us): 28255550
     Boot Prefetch Bytes: 320147456
     Boot Prefetch Read Count: 7662
","1015","1",,"4","1016","0","-9223372036854767616","996","Microsoft-Windows-ReadyBoost","e6307a09-292c-497e-aad6-498f68e2b619","Microsoft-Windows-ReadyBoost/Operational","952","3980","rjaf-PC4429","S-1-5-18","2/2/2015 12:10:09 AM",,,"c:\users\mac_1\desktop\winevt\logs\microsoft-windows-readyboost%4operational.evtx","System.UInt32[]","System.Diagnostics.Eventing.Reader.EventBookmark","Information","Info",,"System.Collections.ObjectModel.ReadOnlyCollection`1[System.String]","System.Collections.Generic.List`1[System.Diagnostics.Eventing.Reader.EventProperty]"
"Boot plan calculation completed in 1155 ms.
     Boot Plan Timestamp: ?2015?-?02?-?02T03:02:39.421058100Z
     Reason: Disk defragmentation
     Result: 0x0","1016","1",,"4","1016","0","-9223372036854767616","995","Microsoft-Windows-ReadyBoost","e6307a09-292c-497e-aad6-498f68e2b619","Microsoft-Windows-ReadyBoost/Operational","940","2996","rjaf-PC4429","S-1-5-18","2/1/2015 5:02:40 PM",,,"c:\users\mac_1\desktop\winevt\logs\microsoft-windows-readyboost%4operational.evtx","System.UInt32[]","System.Diagnostics.Eventing.Reader.EventBookmark","Information","Info",,"System.Collections.ObjectModel.ReadOnlyCollection`1[System.String]","System.Collections.Generic.List`1[System.Diagnostics.Eventing.Reader.EventProperty]"
"Boot plan calculation completed in 1622 ms.
     Boot Plan Timestamp: ?2015?-?02?-?01T22:11:41.396731900Z
     Reason: Disk defragmentation
     Result: 0x0","1016","1",,"4","1016","0","-9223372036854767616","994","Microsoft-Windows-ReadyBoost","e6307a09-292c-497e-aad6-498f68e2b619","Microsoft-Windows-ReadyBoost/Operational","940","2020","rjaf-PC4429","S-1-5-18","2/1/2015 12:11:43 PM",,,"c:\users\mac_1\desktop\winevt\logs\microsoft-windows-readyboost%4operational.evtx","System.UInt32[]","System.Diagnostics.Eventing.Reader.EventBookmark","Information","Info",,"System.Collections.ObjectModel.ReadOnlyCollection`1[System.String]","System.Collections.Generic.List`1[System.Diagnostics.Eventing.Reader.EventProperty]"
"Boot plan calculation completed in 2824 ms.
     Boot Plan Timestamp: ?2015?-?02?-?01T15:23:43.417370700Z
     Reason: Disk defragmentation
     Result: 0x0","1016","1",,"4","1016","0","-9223372036854767616","993","Microsoft-Windows-ReadyBoost","e6307a09-292c-497e-aad6-498f68e2b619","Microsoft-Windows-ReadyBoost/Operational","940","2304","rjaf-PC4429","S-1-5-18","2/1/2015 5:23:46 AM",,,"c:\users\mac_1\desktop\winevt\logs\microsoft-windows-readyboost%4operational.evtx","System.UInt32[]","System.Diagnostics.Eventing.Reader.EventBookmark","Information","Info",,"System.Collections.ObjectModel.ReadOnlyCollection`1[System.String]","System.Collections.Generic.List`1[System.Diagnostics.Eventing.Reader.EventProperty]"
"Boot plan calculation completed in 2340 ms.
     Boot Plan Timestamp: ?2015?-?02?-?01T03:02:40.793860400Z
     Reason: Disk defragmentation
     Result: 0x0","1016","1",,"4","1016","0","-9223372036854767616","992","Microsoft-Windows-ReadyBoost","e6307a09-292c-497e-aad6-498f68e2b619","Microsoft-Windows-ReadyBoost/Operational","940","1820","rjaf-PC4429","S-1-5-18","1/31/2015 5:02:43 PM",,,"c:\users\mac_1\desktop\winevt\logs\microsoft-windows-readyboost%4operational.evtx","System.UInt32[]","System.Diagnostics.Eventing.Reader.EventBookmark","Information","Info",,"System.Collections.ObjectModel.ReadOnlyCollection`1[System.String]","System.Collections.Generic.List`1[System.Diagnostics.Eventing.Reader.EventProperty]"
"Boot plan calculation completed in 1404 ms.
     Boot Plan Timestamp: ?2015?-?01?-?31T10:30:45.129029900Z
     Reason: Disk defragmentation
     Result: 0x0","1016","1",,"4","1016","0","-9223372036854767616","991","Microsoft-Windows-ReadyBoost","e6307a09-292c-497e-aad6-498f68e2b619","Microsoft-Windows-ReadyBoost/Operational","940","3772","rjaf-PC4429","S-1-5-18","1/31/2015 12:30:46 AM",,,"c:\users\mac_1\desktop\winevt\logs\microsoft-windows-readyboost%4operational.evtx","System.UInt32[]","System.Diagnostics.Eventing.Reader.EventBookmark","Information","Info",,"System.Collections.ObjectModel.ReadOnlyCollection`1[System.String]","System.Collections.Generic.List`1[System.Diagnostics.Eventing.Reader.EventProperty]"
"Boot plan calculation completed in 6474 ms.
     Boot Plan Timestamp: ?2015?-?01?-?31T10:25:52.176115300Z
     Reason: System boot completion
     Result: 0x0","1016","1",,"4","1016","0","-9223372036854767616","990","Microsoft-Windows-ReadyBoost","e6307a09-292c-497e-aad6-498f68e2b619","Microsoft-Windows-ReadyBoost/Operational","940","4004","rjaf-PC4429","S-1-5-18","1/31/2015 12:25:58 AM",,,"c:\users\mac_1\desktop\winevt\logs\microsoft-windows-readyboost%4operational.evtx","System.UInt32[]","System.Diagnostics.Eventing.Reader.EventBookmark","Information","Info",,"System.Collections.ObjectModel.ReadOnlyCollection`1[System.String]","System.Collections.Generic.List`1[System.Diagnostics.Eventing.Reader.EventProperty]"
"Summary of ReadyBoot Performance:
     Io Read Count: 19366
     Io Read Bytes: 467745280
     Cache Hit Count: 16466
     Cache Hit Bytes: 327854080
     Cache Hit Percentage: 0.85025302075803
     Boot Prefetch Time (us): 33900529
     Boot Prefetch Bytes: 340398080
     Boot Prefetch Read Count: 8214
","1015","1",,"4","1016","0","-9223372036854767616","989","Microsoft-Windows-ReadyBoost","e6307a09-292c-497e-aad6-498f68e2b619","Microsoft-Windows-ReadyBoost/Operational","940","4004","rjaf-PC4429","S-1-5-18","1/31/2015 12:25:57 AM",,,"c:\users\mac_1\desktop\winevt\logs\microsoft-windows-readyboost%4operational.evtx","System.UInt32[]","System.Diagnostics.Eventing.Reader.EventBookmark","Information","Info",,"System.Collections.ObjectModel.ReadOnlyCollection`1[System.String]","System.Collections.Generic.List`1[System.Diagnostics.Eventing.Reader.EventProperty]"
"Boot plan calculation completed in 7441 ms.
     Boot Plan Timestamp: ?2015?-?01?-?30T21:14:52.732921600Z
     Reason: System boot completion
     Result: 0x0","1016","1",,"4","1016","0","-9223372036854767616","988","Microsoft-Windows-ReadyBoost","e6307a09-292c-497e-aad6-498f68e2b619","Microsoft-Windows-ReadyBoost/Operational","936","3836","rjaf-PC4429","S-1-5-18","1/30/2015 11:15:00 AM",,,"c:\users\mac_1\desktop\winevt\logs\microsoft-windows-readyboost%4operational.evtx","System.UInt32[]","System.Diagnostics.Eventing.Reader.EventBookmark","Information","Info",,"System.Collections.ObjectModel.ReadOnlyCollection`1[System.String]","System.Collections.Generic.List`1[System.Diagnostics.Eventing.Reader.EventProperty]"
"Summary of ReadyBoot Performance:
     Io Read Count: 17988
     Io Read Bytes: 434542592
     Cache Hit Count: 15726
     Cache Hit Bytes: 315038208
     Cache Hit Percentage: 0.874249499666444
     Boot Prefetch Time (us): 33039173
     Boot Prefetch Bytes: 315691008
     Boot Prefetch Read Count: 7642
","1015","1",,"4","1016","0","-9223372036854767616","987","Microsoft-Windows-ReadyBoost","e6307a09-292c-497e-aad6-498f68e2b619","Microsoft-Windows-ReadyBoost/Operational","936","3836","rjaf-PC4429","S-1-5-18","1/30/2015 11:14:58 AM",,,"c:\users\mac_1\desktop\winevt\logs\microsoft-windows-readyboost%4operational.evtx","System.UInt32[]","System.Diagnostics.Eventing.Reader.EventBookmark","Information","Info",,"System.Collections.ObjectModel.ReadOnlyCollection`1[System.String]","System.Collections.Generic.List`1[System.Diagnostics.Eventing.Reader.EventProperty]"
"Boot plan calculation completed in 2574 ms.
     Boot Plan Timestamp: ?2015?-?01?-?30T03:02:51.667079600Z
     Reason: Disk defragmentation
     Result: 0x0","1016","1",,"4","1016","0","-9223372036854767616","986","Microsoft-Windows-ReadyBoost","e6307a09-292c-497e-aad6-498f68e2b619","Microsoft-Windows-ReadyBoost/Operational","944","1800","rjaf-PC4429","S-1-5-18","1/29/2015 5:02:54 PM",,,"c:\users\mac_1\desktop\winevt\logs\microsoft-windows-readyboost%4operational.evtx","System.UInt32[]","System.Diagnostics.Eventing.Reader.EventBookmark","Information","Info",,"System.Collections.ObjectModel.ReadOnlyCollection`1[System.String]","System.Collections.Generic.List`1[System.Diagnostics.Eventing.Reader.EventProperty]"
"Boot plan calculation completed in 1700 ms.
     Boot Plan Timestamp: ?2015?-?01?-?29T18:26:42.649458900Z
     Reason: Disk defragmentation
     Result: 0x0","1016","1",,"4","1016","0","-9223372036854767616","985","Microsoft-Windows-ReadyBoost","e6307a09-292c-497e-aad6-498f68e2b619","Microsoft-Windows-ReadyBoost/Operational","944","2764","rjaf-PC4429","S-1-5-18","1/29/2015 8:26:44 AM",,,"c:\users\mac_1\desktop\winevt\logs\microsoft-windows-readyboost%4operational.evtx","System.UInt32[]","System.Diagnostics.Eventing.Reader.EventBookmark","Information","Info",,"System.Collections.ObjectModel.ReadOnlyCollection`1[System.String]","System.Collections.Generic.List`1[System.Diagnostics.Eventing.Reader.EventProperty]"
"Boot plan calculation completed in 1669 ms.
     Boot Plan Timestamp: ?2015?-?01?-?29T15:50:19.677083300Z
     Reason: Disk defragmentation
     Result: 0x0","1016","1",,"4","1016","0","-9223372036854767616","984","Microsoft-Windows-ReadyBoost","e6307a09-292c-497e-aad6-498f68e2b619","Microsoft-Windows-ReadyBoost/Operational","944","4588","rjaf-PC4429","S-1-5-18","1/29/2015 5:50:21 AM",,,"c:\users\mac_1\desktop\winevt\logs\microsoft-windows-readyboost%4operational.evtx","System.UInt32[]","System.Diagnostics.Eventing.Reader.EventBookmark","Information","Info",,"System.Collections.ObjectModel.ReadOnlyCollection`1[System.String]","System.Collections.Generic.List`1[System.Diagnostics.Eventing.Reader.EventProperty]"
"Boot plan calculation completed in 5679 ms.
     Boot Plan Timestamp: ?2015?-?01?-?29T14:58:15.222915400Z
     Reason: System boot completion
     Result: 0x0","1016","1",,"4","1016","0","-9223372036854767616","983","Microsoft-Windows-ReadyBoost","e6307a09-292c-497e-aad6-498f68e2b619","Microsoft-Windows-ReadyBoost/Operational","944","4004","rjaf-PC4429","S-1-5-18","1/29/2015 4:58:20 AM",,,"c:\users\mac_1\desktop\winevt\logs\microsoft-windows-readyboost%4operational.evtx","System.UInt32[]","System.Diagnostics.Eventing.Reader.EventBookmark","Information","Info",,"System.Collections.ObjectModel.ReadOnlyCollection`1[System.String]","System.Collections.Generic.List`1[System.Diagnostics.Eventing.Reader.EventProperty]"
"Summary of ReadyBoot Performance:
     Io Read Count: 17498
     Io Read Bytes: 458669568
     Cache Hit Count: 15865
     Cache Hit Bytes: 314674176
     Cache Hit Percentage: 0.90667504857698
     Boot Prefetch Time (us): 35803898
     Boot Prefetch Bytes: 354545664
     Boot Prefetch Read Count: 8524
","1015","1",,"4","1016","0","-9223372036854767616","982","Microsoft-Windows-ReadyBoost","e6307a09-292c-497e-aad6-498f68e2b619","Microsoft-Windows-ReadyBoost/Operational","944","4004","rjaf-PC4429","S-1-5-18","1/29/2015 4:58:18 AM",,,"c:\users\mac_1\desktop\winevt\logs\microsoft-windows-readyboost%4operational.evtx","System.UInt32[]","System.Diagnostics.Eventing.Reader.EventBookmark","Information","Info",,"System.Collections.ObjectModel.ReadOnlyCollection`1[System.String]","System.Collections.Generic.List`1[System.Diagnostics.Eventing.Reader.EventProperty]"
"Boot plan calculation completed in 12231 ms.
     Boot Plan Timestamp: ?2015?-?01?-?29T14:17:43.113352400Z
     Reason: System boot completion
     Result: 0x0","1016","1",,"4","1016","0","-9223372036854767616","981","Microsoft-Windows-ReadyBoost","e6307a09-292c-497e-aad6-498f68e2b619","Microsoft-Windows-ReadyBoost/Operational","952","2212","rjaf-PC4429","S-1-5-18","1/29/2015 4:17:55 AM",,,"c:\users\mac_1\desktop\winevt\logs\microsoft-windows-readyboost%4operational.evtx","System.UInt32[]","System.Diagnostics.Eventing.Reader.EventBookmark","Information","Info",,"System.Collections.ObjectModel.ReadOnlyCollection`1[System.String]","System.Collections.Generic.List`1[System.Diagnostics.Eventing.Reader.EventProperty]"
"Summary of ReadyBoot Performance:
     Io Read Count: 21935
     Io Read Bytes: 585153536
     Cache Hit Count: 15702
     Cache Hit Bytes: 301997568
     Cache Hit Percentage: 0.715842261226351
     Boot Prefetch Time (us): 34086351
     Boot Prefetch Bytes: 346488832
     Boot Prefetch Read Count: 8188
","1015","1",,"4","1016","0","-9223372036854767616","980","Microsoft-Windows-ReadyBoost","e6307a09-292c-497e-aad6-498f68e2b619","Microsoft-Windows-ReadyBoost/Operational","952","2212","rjaf-PC4429","S-1-5-18","1/29/2015 4:17:53 AM",,,"c:\users\mac_1\desktop\winevt\logs\microsoft-windows-readyboost%4operational.evtx","System.UInt32[]","System.Diagnostics.Eventing.Reader.EventBookmark","Information","Info",,"System.Collections.ObjectModel.ReadOnlyCollection`1[System.String]","System.Collections.Generic.List`1[System.Diagnostics.Eventing.Reader.EventProperty]"
"Boot plan calculation completed in 3853 ms.
     Boot Plan Timestamp: ?2015?-?01?-?27T03:02:50.512677600Z
     Reason: Disk defragmentation
     Result: 0x0","1016","1",,"4","1016","0","-9223372036854767616","979","Microsoft-Windows-ReadyBoost","e6307a09-292c-497e-aad6-498f68e2b619","Microsoft-Windows-ReadyBoost/Operational","936","2260","rjaf-PC4429","S-1-5-18","1/26/2015 5:02:54 PM",,,"c:\users\mac_1\desktop\winevt\logs\microsoft-windows-readyboost%4operational.evtx","System.UInt32[]","System.Diagnostics.Eventing.Reader.EventBookmark","Information","Info",,"System.Collections.ObjectModel.ReadOnlyCollection`1[System.String]","System.Collections.Generic.List`1[System.Diagnostics.Eventing.Reader.EventProperty]"
"Boot plan calculation completed in 1420 ms.
     Boot Plan Timestamp: ?2015?-?01?-?26T03:02:37.486654600Z
     Reason: Disk defragmentation
     Result: 0x0","1016","1",,"4","1016","0","-9223372036854767616","978","Microsoft-Windows-ReadyBoost","e6307a09-292c-497e-aad6-498f68e2b619","Microsoft-Windows-ReadyBoost/Operational","936","3048","rjaf-PC4429","S-1-5-18","1/25/2015 5:02:38 PM",,,"c:\users\mac_1\desktop\winevt\logs\microsoft-windows-readyboost%4operational.evtx","System.UInt32[]","System.Diagnostics.Eventing.Reader.EventBookmark","Information","Info",,"System.Collections.ObjectModel.ReadOnlyCollection`1[System.String]","System.Collections.Generic.List`1[System.Diagnostics.Eventing.Reader.EventProperty]"
"Boot plan calculation completed in 4212 ms.
     Boot Plan Timestamp: ?2015?-?01?-?25T15:33:11.119725800Z
     Reason: System boot completion
     Result: 0x0","1016","1",,"4","1016","0","-9223372036854767616","977","Microsoft-Windows-ReadyBoost","e6307a09-292c-497e-aad6-498f68e2b619","Microsoft-Windows-ReadyBoost/Operational","936","3624","rjaf-PC4429","S-1-5-18","1/25/2015 5:33:15 AM",,,"c:\users\mac_1\desktop\winevt\logs\microsoft-windows-readyboost%4operational.evtx","System.UInt32[]","System.Diagnostics.Eventing.Reader.EventBookmark","Information","Info",,"System.Collections.ObjectModel.ReadOnlyCollection`1[System.String]","System.Collections.Generic.List`1[System.Diagnostics.Eventing.Reader.EventProperty]"
"Summary of ReadyBoot Performance:
     Io Read Count: 23687
     Io Read Bytes: 563324416
     Cache Hit Count: 16280
     Cache Hit Bytes: 326921216
     Cache Hit Percentage: 0.687296829484527
     Boot Prefetch Time (us): 31608649
     Boot Prefetch Bytes: 329936896
     Boot Prefetch Read Count: 7771
","1015","1",,"4","1016","0","-9223372036854767616","976","Microsoft-Windows-ReadyBoost","e6307a09-292c-497e-aad6-498f68e2b619","Microsoft-Windows-ReadyBoost/Operational","936","3624","rjaf-PC4429","S-1-5-18","1/25/2015 5:33:14 AM",,,"c:\users\mac_1\desktop\winevt\logs\microsoft-windows-readyboost%4operational.evtx","System.UInt32[]","System.Diagnostics.Eventing.Reader.EventBookmark","Information","Info",,"System.Collections.ObjectModel.ReadOnlyCollection`1[System.String]","System.Collections.Generic.List`1[System.Diagnostics.Eventing.Reader.EventProperty]"
"Boot plan calculation completed in 1841 ms.
     Boot Plan Timestamp: ?2015?-?01?-?25T03:02:47.642272500Z
     Reason: Disk defragmentation
     Result: 0x0","1016","1",,"4","1016","0","-9223372036854767616","975","Microsoft-Windows-ReadyBoost","e6307a09-292c-497e-aad6-498f68e2b619","Microsoft-Windows-ReadyBoost/Operational","932","1224","rjaf-PC4429","S-1-5-18","1/24/2015 5:02:49 PM",,,"c:\users\mac_1\desktop\winevt\logs\microsoft-windows-readyboost%4operational.evtx","System.UInt32[]","System.Diagnostics.Eventing.Reader.EventBookmark","Information","Info",,"System.Collections.ObjectModel.ReadOnlyCollection`1[System.String]","System.Collections.Generic.List`1[System.Diagnostics.Eventing.Reader.EventProperty]"
"Boot plan calculation completed in 3245 ms.
     Boot Plan Timestamp: ?2015?-?01?-?24T16:33:57.748521600Z
     Reason: System boot completion
     Result: 0x0","1016","1",,"4","1016","0","-9223372036854767616","974","Microsoft-Windows-ReadyBoost","e6307a09-292c-497e-aad6-498f68e2b619","Microsoft-Windows-ReadyBoost/Operational","932","3736","rjaf-PC4429","S-1-5-18","1/24/2015 6:34:00 AM",,,"c:\users\mac_1\desktop\winevt\logs\microsoft-windows-readyboost%4operational.evtx","System.UInt32[]","System.Diagnostics.Eventing.Reader.EventBookmark","Information","Info",,"System.Collections.ObjectModel.ReadOnlyCollection`1[System.String]","System.Collections.Generic.List`1[System.Diagnostics.Eventing.Reader.EventProperty]"
"Summary of ReadyBoot Performance:
     Io Read Count: 19944
     Io Read Bytes: 461586432
     Cache Hit Count: 15777
     Cache Hit Bytes: 306562560
     Cache Hit Percentage: 0.791064981949459
     Boot Prefetch Time (us): 31502631
     Boot Prefetch Bytes: 308756480
     Boot Prefetch Read Count: 7327
","1015","1",,"4","1016","0","-9223372036854767616","973","Microsoft-Windows-ReadyBoost","e6307a09-292c-497e-aad6-498f68e2b619","Microsoft-Windows-ReadyBoost/Operational","932","3736","rjaf-PC4429","S-1-5-18","1/24/2015 6:33:59 AM",,,"c:\users\mac_1\desktop\winevt\logs\microsoft-windows-readyboost%4operational.evtx","System.UInt32[]","System.Diagnostics.Eventing.Reader.EventBookmark","Information","Info",,"System.Collections.ObjectModel.ReadOnlyCollection`1[System.String]","System.Collections.Generic.List`1[System.Diagnostics.Eventing.Reader.EventProperty]"
"Boot plan calculation completed in 15054 ms.
     Boot Plan Timestamp: ?2015?-?01?-?24T09:48:21.294283900Z
     Reason: Disk defragmentation
     Result: 0x0","1016","1",,"4","1016","0","-9223372036854767616","972","Microsoft-Windows-ReadyBoost","e6307a09-292c-497e-aad6-498f68e2b619","Microsoft-Windows-ReadyBoost/Operational","932","2800","rjaf-PC4429","S-1-5-18","1/23/2015 11:48:36 PM",,,"c:\users\mac_1\desktop\winevt\logs\microsoft-windows-readyboost%4operational.evtx","System.UInt32[]","System.Diagnostics.Eventing.Reader.EventBookmark","Information","Info",,"System.Collections.ObjectModel.ReadOnlyCollection`1[System.String]","System.Collections.Generic.List`1[System.Diagnostics.Eventing.Reader.EventProperty]"
"Boot plan calculation completed in 1918 ms.
     Boot Plan Timestamp: ?2015?-?01?-?24T08:53:01.282949700Z
     Reason: Disk defragmentation
     Result: 0x0","1016","1",,"4","1016","0","-9223372036854767616","971","Microsoft-Windows-ReadyBoost","e6307a09-292c-497e-aad6-498f68e2b619","Microsoft-Windows-ReadyBoost/Operational","932","2236","rjaf-PC4429","S-1-5-18","1/23/2015 10:53:03 PM",,,"c:\users\mac_1\desktop\winevt\logs\microsoft-windows-readyboost%4operational.evtx","System.UInt32[]","System.Diagnostics.Eventing.Reader.EventBookmark","Information","Info",,"System.Collections.ObjectModel.ReadOnlyCollection`1[System.String]","System.Collections.Generic.List`1[System.Diagnostics.Eventing.Reader.EventProperty]"
"Boot plan calculation completed in 1825 ms.
     Boot Plan Timestamp: ?2015?-?01?-?24T08:46:26.077503500Z
     Reason: Disk defragmentation
     Result: 0x0","1016","1",,"4","1016","0","-9223372036854767616","970","Microsoft-Windows-ReadyBoost","e6307a09-292c-497e-aad6-498f68e2b619","Microsoft-Windows-ReadyBoost/Operational","932","1844","rjaf-PC4429","S-1-5-18","1/23/2015 10:46:27 PM",,,"c:\users\mac_1\desktop\winevt\logs\microsoft-windows-readyboost%4operational.evtx","System.UInt32[]","System.Diagnostics.Eventing.Reader.EventBookmark","Information","Info",,"System.Collections.ObjectModel.ReadOnlyCollection`1[System.String]","System.Collections.Generic.List`1[System.Diagnostics.Eventing.Reader.EventProperty]"
"Boot plan calculation completed in 3510 ms.
     Boot Plan Timestamp: ?2015?-?01?-?24T08:41:01.144532800Z
     Reason: System boot completion
     Result: 0x0","1016","1",,"4","1016","0","-9223372036854767616","969","Microsoft-Windows-ReadyBoost","e6307a09-292c-497e-aad6-498f68e2b619","Microsoft-Windows-ReadyBoost/Operational","932","3968","rjaf-PC4429","S-1-5-18","1/23/2015 10:41:04 PM",,,"c:\users\mac_1\desktop\winevt\logs\microsoft-windows-readyboost%4operational.evtx","System.UInt32[]","System.Diagnostics.Eventing.Reader.EventBookmark","Information","Info",,"System.Collections.ObjectModel.ReadOnlyCollection`1[System.String]","System.Collections.Generic.List`1[System.Diagnostics.Eventing.Reader.EventProperty]"
"Summary of ReadyBoot Performance:
     Io Read Count: 20000
     Io Read Bytes: 449459712
     Cache Hit Count: 13660
     Cache Hit Bytes: 272059904
     Cache Hit Percentage: 0.683
     Boot Prefetch Time (us): 25181809
     Boot Prefetch Bytes: 281100288
     Boot Prefetch Read Count: 6856
","1015","1",,"4","1016","0","-9223372036854767616","968","Microsoft-Windows-ReadyBoost","e6307a09-292c-497e-aad6-498f68e2b619","Microsoft-Windows-ReadyBoost/Operational","932","3968","rjaf-PC4429","S-1-5-18","1/23/2015 10:41:03 PM",,,"c:\users\mac_1\desktop\winevt\logs\microsoft-windows-readyboost%4operational.evtx","System.UInt32[]","System.Diagnostics.Eventing.Reader.EventBookmark","Information","Info",,"System.Collections.ObjectModel.ReadOnlyCollection`1[System.String]","System.Collections.Generic.List`1[System.Diagnostics.Eventing.Reader.EventProperty]"
"The device (TSSTcorp CDDVDW SH-224DB#4) will not be used for a ReadyBoost cache because it is remote, read-only, virtual, or otherwise unsupported.","1019","1",,"4","1019","0","-9223372036854759424","967","Microsoft-Windows-ReadyBoost","e6307a09-292c-497e-aad6-498f68e2b619","Microsoft-Windows-ReadyBoost/Operational","940","3936","rjaf-PC4429","S-1-5-18","1/21/2015 3:03:41 AM",,,"c:\users\mac_1\desktop\winevt\logs\microsoft-windows-readyboost%4operational.evtx","System.UInt32[]","System.Diagnostics.Eventing.Reader.EventBookmark","Information","Info",,"System.Collections.ObjectModel.ReadOnlyCollection`1[System.String]","System.Collections.Generic.List`1[System.Diagnostics.Eventing.Reader.EventProperty]"
"Boot plan calculation completed in 1404 ms.
     Boot Plan Timestamp: ?2015?-?01?-?21T11:09:09.114628900Z
     Reason: Disk defragmentation
     Result: 0x0","1016","1",,"4","1016","0","-9223372036854767616","966","Microsoft-Windows-ReadyBoost","e6307a09-292c-497e-aad6-498f68e2b619","Microsoft-Windows-ReadyBoost/Operational","940","3972","rjaf-PC4429","S-1-5-18","1/21/2015 1:09:10 AM",,,"c:\users\mac_1\desktop\winevt\logs\microsoft-windows-readyboost%4operational.evtx","System.UInt32[]","System.Diagnostics.Eventing.Reader.EventBookmark","Information","Info",,"System.Collections.ObjectModel.ReadOnlyCollection`1[System.String]","System.Collections.Generic.List`1[System.Diagnostics.Eventing.Reader.EventProperty]"
"Boot plan calculation completed in 2044 ms.
     Boot Plan Timestamp: ?2015?-?01?-?21T03:02:40.351268700Z
     Reason: Disk defragmentation
     Result: 0x0","1016","1",,"4","1016","0","-9223372036854767616","965","Microsoft-Windows-ReadyBoost","e6307a09-292c-497e-aad6-498f68e2b619","Microsoft-Windows-ReadyBoost/Operational","940","2484","rjaf-PC4429","S-1-5-18","1/20/2015 5:02:42 PM",,,"c:\users\mac_1\desktop\winevt\logs\microsoft-windows-readyboost%4operational.evtx","System.UInt32[]","System.Diagnostics.Eventing.Reader.EventBookmark","Information","Info",,"System.Collections.ObjectModel.ReadOnlyCollection`1[System.String]","System.Collections.Generic.List`1[System.Diagnostics.Eventing.Reader.EventProperty]"
"Boot plan calculation completed in 1155 ms.
     Boot Plan Timestamp: ?2015?-?01?-?20T03:02:30.092241700Z
     Reason: Disk defragmentation
     Result: 0x0","1016","1",,"4","1016","0","-9223372036854767616","964","Microsoft-Windows-ReadyBoost","e6307a09-292c-497e-aad6-498f68e2b619","Microsoft-Windows-ReadyBoost/Operational","940","908","rjaf-PC4429","S-1-5-18","1/19/2015 5:02:31 PM",,,"c:\users\mac_1\desktop\winevt\logs\microsoft-windows-readyboost%4operational.evtx","System.UInt32[]","System.Diagnostics.Eventing.Reader.EventBookmark","Information","Info",,"System.Collections.ObjectModel.ReadOnlyCollection`1[System.String]","System.Collections.Generic.List`1[System.Diagnostics.Eventing.Reader.EventProperty]"
"Boot plan calculation completed in 2621 ms.
     Boot Plan Timestamp: ?2015?-?01?-?19T03:02:56.191087500Z
     Reason: Disk defragmentation
     Result: 0x0","1016","1",,"4","1016","0","-9223372036854767616","963","Microsoft-Windows-ReadyBoost","e6307a09-292c-497e-aad6-498f68e2b619","Microsoft-Windows-ReadyBoost/Operational","940","1144","rjaf-PC4429","S-1-5-18","1/18/2015 5:02:58 PM",,,"c:\users\mac_1\desktop\winevt\logs\microsoft-windows-readyboost%4operational.evtx","System.UInt32[]","System.Diagnostics.Eventing.Reader.EventBookmark","Information","Info",,"System.Collections.ObjectModel.ReadOnlyCollection`1[System.String]","System.Collections.Generic.List`1[System.Diagnostics.Eventing.Reader.EventProperty]"
"Boot plan calculation completed in 655 ms.
     Boot Plan Timestamp: ?2015?-?01?-?18T11:53:07.091568900Z
     Reason: Disk defragmentation
     Result: 0x0","1016","1",,"4","1016","0","-9223372036854767616","962","Microsoft-Windows-ReadyBoost","e6307a09-292c-497e-aad6-498f68e2b619","Microsoft-Windows-ReadyBoost/Operational","940","1148","rjaf-PC4429","S-1-5-18","1/18/2015 1:53:07 AM",,,"c:\users\mac_1\desktop\winevt\logs\microsoft-windows-readyboost%4operational.evtx","System.UInt32[]","System.Diagnostics.Eventing.Reader.EventBookmark","Information","Info",,"System.Collections.ObjectModel.ReadOnlyCollection`1[System.String]","System.Collections.Generic.List`1[System.Diagnostics.Eventing.Reader.EventProperty]"
"Boot plan calculation completed in 1077 ms.
     Boot Plan Timestamp: ?2015?-?01?-?18T11:05:30.096996200Z
     Reason: Disk defragmentation
     Result: 0x0","1016","1",,"4","1016","0","-9223372036854767616","961","Microsoft-Windows-ReadyBoost","e6307a09-292c-497e-aad6-498f68e2b619","Microsoft-Windows-ReadyBoost/Operational","940","1720","rjaf-PC4429","S-1-5-18","1/18/2015 1:05:31 AM",,,"c:\users\mac_1\desktop\winevt\logs\microsoft-windows-readyboost%4operational.evtx","System.UInt32[]","System.Diagnostics.Eventing.Reader.EventBookmark","Information","Info",,"System.Collections.ObjectModel.ReadOnlyCollection`1[System.String]","System.Collections.Generic.List`1[System.Diagnostics.Eventing.Reader.EventProperty]"
"Boot plan calculation completed in 13587 ms.
     Boot Plan Timestamp: ?2015?-?01?-?18T10:35:08.210511900Z
     Reason: System boot completion
     Result: 0x0","1016","1",,"4","1016","0","-9223372036854767616","960","Microsoft-Windows-ReadyBoost","e6307a09-292c-497e-aad6-498f68e2b619","Microsoft-Windows-ReadyBoost/Operational","940","3900","rjaf-PC4429","S-1-5-18","1/18/2015 12:35:21 AM",,,"c:\users\mac_1\desktop\winevt\logs\microsoft-windows-readyboost%4operational.evtx","System.UInt32[]","System.Diagnostics.Eventing.Reader.EventBookmark","Information","Info",,"System.Collections.ObjectModel.ReadOnlyCollection`1[System.String]","System.Collections.Generic.List`1[System.Diagnostics.Eventing.Reader.EventProperty]"
"Summary of ReadyBoot Performance:
     Io Read Count: 19433
     Io Read Bytes: 458746368
     Cache Hit Count: 16562
     Cache Hit Bytes: 325562368
     Cache Hit Percentage: 0.852261616837339
     Boot Prefetch Time (us): 29500399
     Boot Prefetch Bytes: 307687424
     Boot Prefetch Read Count: 7286
","1015","1",,"4","1016","0","-9223372036854767616","959","Microsoft-Windows-ReadyBoost","e6307a09-292c-497e-aad6-498f68e2b619","Microsoft-Windows-ReadyBoost/Operational","940","3900","rjaf-PC4429","S-1-5-18","1/18/2015 12:35:20 AM",,,"c:\users\mac_1\desktop\winevt\logs\microsoft-windows-readyboost%4operational.evtx","System.UInt32[]","System.Diagnostics.Eventing.Reader.EventBookmark","Information","Info",,"System.Collections.ObjectModel.ReadOnlyCollection`1[System.String]","System.Collections.Generic.List`1[System.Diagnostics.Eventing.Reader.EventProperty]"
"Boot plan calculation completed in 921 ms.
     Boot Plan Timestamp: ?2015?-?01?-?17T09:16:09.749834500Z
     Reason: Disk defragmentation
     Result: 0x0","1016","1",,"4","1016","0","-9223372036854767616","958","Microsoft-Windows-ReadyBoost","e6307a09-292c-497e-aad6-498f68e2b619","Microsoft-Windows-ReadyBoost/Operational","944","2764","rjaf-PC4429","S-1-5-18","1/16/2015 11:16:10 PM",,,"c:\users\mac_1\desktop\winevt\logs\microsoft-windows-readyboost%4operational.evtx","System.UInt32[]","System.Diagnostics.Eventing.Reader.EventBookmark","Information","Info",,"System.Collections.ObjectModel.ReadOnlyCollection`1[System.String]","System.Collections.Generic.List`1[System.Diagnostics.Eventing.Reader.EventProperty]"
"Boot plan calculation completed in 3791 ms.
     Boot Plan Timestamp: ?2015?-?01?-?17T09:11:14.784516400Z
     Reason: System boot completion
     Result: 0x0","1016","1",,"4","1016","0","-9223372036854767616","957","Microsoft-Windows-ReadyBoost","e6307a09-292c-497e-aad6-498f68e2b619","Microsoft-Windows-ReadyBoost/Operational","944","360","rjaf-PC4429","S-1-5-18","1/16/2015 11:11:18 PM",,,"c:\users\mac_1\desktop\winevt\logs\microsoft-windows-readyboost%4operational.evtx","System.UInt32[]","System.Diagnostics.Eventing.Reader.EventBookmark","Information","Info",,"System.Collections.ObjectModel.ReadOnlyCollection`1[System.String]","System.Collections.Generic.List`1[System.Diagnostics.Eventing.Reader.EventProperty]"
"Summary of ReadyBoot Performance:
     Io Read Count: 14203
     Io Read Bytes: 392258560
     Cache Hit Count: 12200
     Cache Hit Bytes: 254674432
     Cache Hit Percentage: 0.858973456312047
     Boot Prefetch Time (us): 33054901
     Boot Prefetch Bytes: 306823168
     Boot Prefetch Read Count: 7308
","1015","1",,"4","1016","0","-9223372036854767616","956","Microsoft-Windows-ReadyBoost","e6307a09-292c-497e-aad6-498f68e2b619","Microsoft-Windows-ReadyBoost/Operational","944","360","rjaf-PC4429","S-1-5-18","1/16/2015 11:11:17 PM",,,"c:\users\mac_1\desktop\winevt\logs\microsoft-windows-readyboost%4operational.evtx","System.UInt32[]","System.Diagnostics.Eventing.Reader.EventBookmark","Information","Info",,"System.Collections.ObjectModel.ReadOnlyCollection`1[System.String]","System.Collections.Generic.List`1[System.Diagnostics.Eventing.Reader.EventProperty]"
"Boot plan calculation completed in 1311 ms.
     Boot Plan Timestamp: ?2015?-?01?-?16T03:02:32.650646200Z
     Reason: Disk defragmentation
     Result: 0x0","1016","1",,"4","1016","0","-9223372036854767616","955","Microsoft-Windows-ReadyBoost","e6307a09-292c-497e-aad6-498f68e2b619","Microsoft-Windows-ReadyBoost/Operational","936","256","rjaf-PC4429","S-1-5-18","1/15/2015 5:02:33 PM",,,"c:\users\mac_1\desktop\winevt\logs\microsoft-windows-readyboost%4operational.evtx","System.UInt32[]","System.Diagnostics.Eventing.Reader.EventBookmark","Information","Info",,"System.Collections.ObjectModel.ReadOnlyCollection`1[System.String]","System.Collections.Generic.List`1[System.Diagnostics.Eventing.Reader.EventProperty]"
"Boot plan calculation completed in 1107 ms.
     Boot Plan Timestamp: ?2015?-?01?-?15T15:13:15.660966400Z
     Reason: Disk defragmentation
     Result: 0x0","1016","1",,"4","1016","0","-9223372036854767616","954","Microsoft-Windows-ReadyBoost","e6307a09-292c-497e-aad6-498f68e2b619","Microsoft-Windows-ReadyBoost/Operational","936","2680","rjaf-PC4429","S-1-5-18","1/15/2015 5:13:16 AM",,,"c:\users\mac_1\desktop\winevt\logs\microsoft-windows-readyboost%4operational.evtx","System.UInt32[]","System.Diagnostics.Eventing.Reader.EventBookmark","Information","Info",,"System.Collections.ObjectModel.ReadOnlyCollection`1[System.String]","System.Collections.Generic.List`1[System.Diagnostics.Eventing.Reader.EventProperty]"
"Boot plan calculation completed in 3993 ms.
     Boot Plan Timestamp: ?2015?-?01?-?15T14:49:59.973315000Z
     Reason: System boot completion
     Result: 0x0","1016","1",,"4","1016","0","-9223372036854767616","953","Microsoft-Windows-ReadyBoost","e6307a09-292c-497e-aad6-498f68e2b619","Microsoft-Windows-ReadyBoost/Operational","936","3684","rjaf-PC4429","S-1-5-18","1/15/2015 4:50:03 AM",,,"c:\users\mac_1\desktop\winevt\logs\microsoft-windows-readyboost%4operational.evtx","System.UInt32[]","System.Diagnostics.Eventing.Reader.EventBookmark","Information","Info",,"System.Collections.ObjectModel.ReadOnlyCollection`1[System.String]","System.Collections.Generic.List`1[System.Diagnostics.Eventing.Reader.EventProperty]"
"Summary of ReadyBoot Performance:
     Io Read Count: 18725
     Io Read Bytes: 441810944
     Cache Hit Count: 14387
     Cache Hit Bytes: 290238976
     Cache Hit Percentage: 0.768331108144192
     Boot Prefetch Time (us): 29325871
     Boot Prefetch Bytes: 279298048
     Boot Prefetch Read Count: 6880
","1015","1",,"4","1016","0","-9223372036854767616","952","Microsoft-Windows-ReadyBoost","e6307a09-292c-497e-aad6-498f68e2b619","Microsoft-Windows-ReadyBoost/Operational","936","3684","rjaf-PC4429","S-1-5-18","1/15/2015 4:50:02 AM",,,"c:\users\mac_1\desktop\winevt\logs\microsoft-windows-readyboost%4operational.evtx","System.UInt32[]","System.Diagnostics.Eventing.Reader.EventBookmark","Information","Info",,"System.Collections.ObjectModel.ReadOnlyCollection`1[System.String]","System.Collections.Generic.List`1[System.Diagnostics.Eventing.Reader.EventProperty]"
"Boot plan calculation completed in 7738 ms.
     Boot Plan Timestamp: ?2015?-?01?-?15T10:37:40.112290900Z
     Reason: Disk defragmentation
     Result: 0x0","1016","1",,"4","1016","0","-9223372036854767616","951","Microsoft-Windows-ReadyBoost","e6307a09-292c-497e-aad6-498f68e2b619","Microsoft-Windows-ReadyBoost/Operational","960","9096","rjaf-PC4429","S-1-5-18","1/15/2015 12:37:47 AM",,,"c:\users\mac_1\desktop\winevt\logs\microsoft-windows-readyboost%4operational.evtx","System.UInt32[]","System.Diagnostics.Eventing.Reader.EventBookmark","Information","Info",,"System.Collections.ObjectModel.ReadOnlyCollection`1[System.String]","System.Collections.Generic.List`1[System.Diagnostics.Eventing.Reader.EventProperty]"
"Boot plan calculation completed in 998 ms.
     Boot Plan Timestamp: ?2015?-?01?-?14T16:14:12.121414500Z
     Reason: Disk defragmentation
     Result: 0x0","1016","1",,"4","1016","0","-9223372036854767616","950","Microsoft-Windows-ReadyBoost","e6307a09-292c-497e-aad6-498f68e2b619","Microsoft-Windows-ReadyBoost/Operational","960","4064","rjaf-PC4429","S-1-5-18","1/14/2015 6:14:13 AM",,,"c:\users\mac_1\desktop\winevt\logs\microsoft-windows-readyboost%4operational.evtx","System.UInt32[]","System.Diagnostics.Eventing.Reader.EventBookmark","Information","Info",,"System.Collections.ObjectModel.ReadOnlyCollection`1[System.String]","System.Collections.Generic.List`1[System.Diagnostics.Eventing.Reader.EventProperty]"
"Boot plan calculation completed in 1404 ms.
     Boot Plan Timestamp: ?2015?-?01?-?14T14:39:42.405852700Z
     Reason: Disk defragmentation
     Result: 0x0","1016","1",,"4","1016","0","-9223372036854767616","949","Microsoft-Windows-ReadyBoost","e6307a09-292c-497e-aad6-498f68e2b619","Microsoft-Windows-ReadyBoost/Operational","960","2796","rjaf-PC4429","S-1-5-18","1/14/2015 4:39:43 AM",,,"c:\users\mac_1\desktop\winevt\logs\microsoft-windows-readyboost%4operational.evtx","System.UInt32[]","System.Diagnostics.Eventing.Reader.EventBookmark","Information","Info",,"System.Collections.ObjectModel.ReadOnlyCollection`1[System.String]","System.Collections.Generic.List`1[System.Diagnostics.Eventing.Reader.EventProperty]"
"Boot plan calculation completed in 4025 ms.
     Boot Plan Timestamp: ?2015?-?01?-?14T14:21:31.974913200Z
     Reason: System boot completion
     Result: 0x0","1016","1",,"4","1016","0","-9223372036854767616","948","Microsoft-Windows-ReadyBoost","e6307a09-292c-497e-aad6-498f68e2b619","Microsoft-Windows-ReadyBoost/Operational","960","3580","rjaf-PC4429","S-1-5-18","1/14/2015 4:21:35 AM",,,"c:\users\mac_1\desktop\winevt\logs\microsoft-windows-readyboost%4operational.evtx","System.UInt32[]","System.Diagnostics.Eventing.Reader.EventBookmark","Information","Info",,"System.Collections.ObjectModel.ReadOnlyCollection`1[System.String]","System.Collections.Generic.List`1[System.Diagnostics.Eventing.Reader.EventProperty]"
"Summary of ReadyBoot Performance:
     Io Read Count: 17112
     Io Read Bytes: 405180416
     Cache Hit Count: 15940
     Cache Hit Bytes: 315501056
     Cache Hit Percentage: 0.9315100514259
     Boot Prefetch Time (us): 29343215
     Boot Prefetch Bytes: 312991744
     Boot Prefetch Read Count: 7465
","1015","1",,"4","1016","0","-9223372036854767616","947","Microsoft-Windows-ReadyBoost","e6307a09-292c-497e-aad6-498f68e2b619","Microsoft-Windows-ReadyBoost/Operational","960","3580","rjaf-PC4429","S-1-5-18","1/14/2015 4:21:34 AM",,,"c:\users\mac_1\desktop\winevt\logs\microsoft-windows-readyboost%4operational.evtx","System.UInt32[]","System.Diagnostics.Eventing.Reader.EventBookmark","Information","Info",,"System.Collections.ObjectModel.ReadOnlyCollection`1[System.String]","System.Collections.Generic.List`1[System.Diagnostics.Eventing.Reader.EventProperty]"
"Boot plan calculation completed in 1545 ms.
     Boot Plan Timestamp: ?2015?-?01?-?14T14:06:06.561244200Z
     Reason: Disk defragmentation
     Result: 0x0","1016","1",,"4","1016","0","-9223372036854767616","946","Microsoft-Windows-ReadyBoost","e6307a09-292c-497e-aad6-498f68e2b619","Microsoft-Windows-ReadyBoost/Operational","940","4484","rjaf-PC4429","S-1-5-18","1/14/2015 4:06:08 AM",,,"c:\users\mac_1\desktop\winevt\logs\microsoft-windows-readyboost%4operational.evtx","System.UInt32[]","System.Diagnostics.Eventing.Reader.EventBookmark","Information","Info",,"System.Collections.ObjectModel.ReadOnlyCollection`1[System.String]","System.Collections.Generic.List`1[System.Diagnostics.Eventing.Reader.EventProperty]"
"Boot plan calculation completed in 1670 ms.
     Boot Plan Timestamp: ?2015?-?01?-?14T12:44:03.565185200Z
     Reason: Disk defragmentation
     Result: 0x0","1016","1",,"4","1016","0","-9223372036854767616","945","Microsoft-Windows-ReadyBoost","e6307a09-292c-497e-aad6-498f68e2b619","Microsoft-Windows-ReadyBoost/Operational","940","1668","rjaf-PC4429","S-1-5-18","1/14/2015 2:44:05 AM",,,"c:\users\mac_1\desktop\winevt\logs\microsoft-windows-readyboost%4operational.evtx","System.UInt32[]","System.Diagnostics.Eventing.Reader.EventBookmark","Information","Info",,"System.Collections.ObjectModel.ReadOnlyCollection`1[System.String]","System.Collections.Generic.List`1[System.Diagnostics.Eventing.Reader.EventProperty]"
"Boot plan calculation completed in 1154 ms.
     Boot Plan Timestamp: ?2015?-?01?-?14T03:02:35.552251200Z
     Reason: Disk defragmentation
     Result: 0x0","1016","1",,"4","1016","0","-9223372036854767616","944","Microsoft-Windows-ReadyBoost","e6307a09-292c-497e-aad6-498f68e2b619","Microsoft-Windows-ReadyBoost/Operational","940","6036","rjaf-PC4429","S-1-5-18","1/13/2015 5:02:36 PM",,,"c:\users\mac_1\desktop\winevt\logs\microsoft-windows-readyboost%4operational.evtx","System.UInt32[]","System.Diagnostics.Eventing.Reader.EventBookmark","Information","Info",,"System.Collections.ObjectModel.ReadOnlyCollection`1[System.String]","System.Collections.Generic.List`1[System.Diagnostics.Eventing.Reader.EventProperty]"
"Boot plan calculation completed in 1670 ms.
     Boot Plan Timestamp: ?2015?-?01?-?13T03:02:39.561458300Z
     Reason: Disk defragmentation
     Result: 0x0","1016","1",,"4","1016","0","-9223372036854767616","943","Microsoft-Windows-ReadyBoost","e6307a09-292c-497e-aad6-498f68e2b619","Microsoft-Windows-ReadyBoost/Operational","940","4380","rjaf-PC4429","S-1-5-18","1/12/2015 5:02:41 PM",,,"c:\users\mac_1\desktop\winevt\logs\microsoft-windows-readyboost%4operational.evtx","System.UInt32[]","System.Diagnostics.Eventing.Reader.EventBookmark","Information","Info",,"System.Collections.ObjectModel.ReadOnlyCollection`1[System.String]","System.Collections.Generic.List`1[System.Diagnostics.Eventing.Reader.EventProperty]"
