"User logon detected
Account: RJAF-PC4429\rjaf
Session: 1","7","0",,"4","0","0","4611686018427387912","649","Microsoft-Windows-OfflineFiles","95353826-4fbe-41d4-9c42-f521c6e86360","Microsoft-Windows-OfflineFiles/Operational","944","964","rjaf-PC4429","S-1-5-18","11/16/2014 11:00:05 PM",,,"c:\users\mac_1\desktop\winevt\logs\microsoft-windows-offlinefiles%4operational.evtx","System.UInt32[]","System.Diagnostics.Eventing.Reader.EventBookmark","Information","Info",,"System.Collections.ObjectModel.ReadOnlyCollection`1[System.String]","System.Collections.Generic.List`1[System.Diagnostics.Eventing.Reader.EventProperty]"
"The Offline Files service started successfully.","1","0",,"4","0","0","4611686018427387920","648","Microsoft-Windows-OfflineFiles","95353826-4fbe-41d4-9c42-f521c6e86360","Microsoft-Windows-OfflineFiles/Operational","944","1068","rjaf-PC4429","S-1-5-18","11/16/2014 10:58:16 PM",,,"c:\users\mac_1\desktop\winevt\logs\microsoft-windows-offlinefiles%4operational.evtx","System.UInt32[]","System.Diagnostics.Eventing.Reader.EventBookmark","Information","Info",,"System.Collections.ObjectModel.ReadOnlyCollection`1[System.String]","System.Collections.Generic.List`1[System.Diagnostics.Eventing.Reader.EventProperty]"
"User logoff detected
Account: RJAF-PC4429\rjaf
Session: 1","8","0",,"4","0","0","4611686018427387912","647","Microsoft-Windows-OfflineFiles","95353826-4fbe-41d4-9c42-f521c6e86360","Microsoft-Windows-OfflineFiles/Operational","944","764","rjaf-PC4429","S-1-5-18","11/16/2014 12:36:41 PM",,,"c:\users\mac_1\desktop\winevt\logs\microsoft-windows-offlinefiles%4operational.evtx","System.UInt32[]","System.Diagnostics.Eventing.Reader.EventBookmark","Information","Info",,"System.Collections.ObjectModel.ReadOnlyCollection`1[System.String]","System.Collections.Generic.List`1[System.Diagnostics.Eventing.Reader.EventProperty]"
"User logon detected
Account: RJAF-PC4429\rjaf
Session: 1","7","0",,"4","0","0","4611686018427387912","646","Microsoft-Windows-OfflineFiles","95353826-4fbe-41d4-9c42-f521c6e86360","Microsoft-Windows-OfflineFiles/Operational","944","1108","rjaf-PC4429","S-1-5-18","11/16/2014 5:32:39 AM",,,"c:\users\mac_1\desktop\winevt\logs\microsoft-windows-offlinefiles%4operational.evtx","System.UInt32[]","System.Diagnostics.Eventing.Reader.EventBookmark","Information","Info",,"System.Collections.ObjectModel.ReadOnlyCollection`1[System.String]","System.Collections.Generic.List`1[System.Diagnostics.Eventing.Reader.EventProperty]"
"The Offline Files service started successfully.","1","0",,"4","0","0","4611686018427387920","645","Microsoft-Windows-OfflineFiles","95353826-4fbe-41d4-9c42-f521c6e86360","Microsoft-Windows-OfflineFiles/Operational","944","1068","rjaf-PC4429","S-1-5-18","11/16/2014 5:32:29 AM",,,"c:\users\mac_1\desktop\winevt\logs\microsoft-windows-offlinefiles%4operational.evtx","System.UInt32[]","System.Diagnostics.Eventing.Reader.EventBookmark","Information","Info",,"System.Collections.ObjectModel.ReadOnlyCollection`1[System.String]","System.Collections.Generic.List`1[System.Diagnostics.Eventing.Reader.EventProperty]"
"User logoff detected
Account: RJAF-PC4429\rjaf
Session: 1","8","0",,"4","0","0","4611686018427387912","644","Microsoft-Windows-OfflineFiles","95353826-4fbe-41d4-9c42-f521c6e86360","Microsoft-Windows-OfflineFiles/Operational","952","3408","rjaf-PC4429","S-1-5-18","11/16/2014 3:03:01 AM",,,"c:\users\mac_1\desktop\winevt\logs\microsoft-windows-offlinefiles%4operational.evtx","System.UInt32[]","System.Diagnostics.Eventing.Reader.EventBookmark","Information","Info",,"System.Collections.ObjectModel.ReadOnlyCollection`1[System.String]","System.Collections.Generic.List`1[System.Diagnostics.Eventing.Reader.EventProperty]"
"User logon detected
Account: RJAF-PC4429\rjaf
Session: 1","7","0",,"4","0","0","4611686018427387912","643","Microsoft-Windows-OfflineFiles","95353826-4fbe-41d4-9c42-f521c6e86360","Microsoft-Windows-OfflineFiles/Operational","952","1152","rjaf-PC4429","S-1-5-18","11/16/2014 1:19:27 AM",,,"c:\users\mac_1\desktop\winevt\logs\microsoft-windows-offlinefiles%4operational.evtx","System.UInt32[]","System.Diagnostics.Eventing.Reader.EventBookmark","Information","Info",,"System.Collections.ObjectModel.ReadOnlyCollection`1[System.String]","System.Collections.Generic.List`1[System.Diagnostics.Eventing.Reader.EventProperty]"
"The Offline Files service started successfully.","1","0",,"4","0","0","4611686018427387920","642","Microsoft-Windows-OfflineFiles","95353826-4fbe-41d4-9c42-f521c6e86360","Microsoft-Windows-OfflineFiles/Operational","952","1064","rjaf-PC4429","S-1-5-18","11/16/2014 1:07:54 AM",,,"c:\users\mac_1\desktop\winevt\logs\microsoft-windows-offlinefiles%4operational.evtx","System.UInt32[]","System.Diagnostics.Eventing.Reader.EventBookmark","Information","Info",,"System.Collections.ObjectModel.ReadOnlyCollection`1[System.String]","System.Collections.Generic.List`1[System.Diagnostics.Eventing.Reader.EventProperty]"
"User logon detected
Account: RJAF-PC4429\rjaf
Session: 1","7","0",,"4","0","0","4611686018427387912","641","Microsoft-Windows-OfflineFiles","95353826-4fbe-41d4-9c42-f521c6e86360","Microsoft-Windows-OfflineFiles/Operational","920","968","rjaf-PC4429","S-1-5-18","11/12/2014 11:45:32 PM",,,"c:\users\mac_1\desktop\winevt\logs\microsoft-windows-offlinefiles%4operational.evtx","System.UInt32[]","System.Diagnostics.Eventing.Reader.EventBookmark","Information","Info",,"System.Collections.ObjectModel.ReadOnlyCollection`1[System.String]","System.Collections.Generic.List`1[System.Diagnostics.Eventing.Reader.EventProperty]"
"The Offline Files service started successfully.","1","0",,"4","0","0","4611686018427387920","640","Microsoft-Windows-OfflineFiles","95353826-4fbe-41d4-9c42-f521c6e86360","Microsoft-Windows-OfflineFiles/Operational","920","1064","rjaf-PC4429","S-1-5-18","11/12/2014 11:45:09 PM",,,"c:\users\mac_1\desktop\winevt\logs\microsoft-windows-offlinefiles%4operational.evtx","System.UInt32[]","System.Diagnostics.Eventing.Reader.EventBookmark","Information","Info",,"System.Collections.ObjectModel.ReadOnlyCollection`1[System.String]","System.Collections.Generic.List`1[System.Diagnostics.Eventing.Reader.EventProperty]"
"User logoff detected
Account: RJAF-PC4429\rjaf
Session: 1","8","0",,"4","0","0","4611686018427387912","639","Microsoft-Windows-OfflineFiles","95353826-4fbe-41d4-9c42-f521c6e86360","Microsoft-Windows-OfflineFiles/Operational","924","2116","rjaf-PC4429","S-1-5-18","11/12/2014 1:23:34 PM",,,"c:\users\mac_1\desktop\winevt\logs\microsoft-windows-offlinefiles%4operational.evtx","System.UInt32[]","System.Diagnostics.Eventing.Reader.EventBookmark","Information","Info",,"System.Collections.ObjectModel.ReadOnlyCollection`1[System.String]","System.Collections.Generic.List`1[System.Diagnostics.Eventing.Reader.EventProperty]"
"User logon detected
Account: RJAF-PC4429\rjaf
Session: 1","7","0",,"4","0","0","4611686018427387912","638","Microsoft-Windows-OfflineFiles","95353826-4fbe-41d4-9c42-f521c6e86360","Microsoft-Windows-OfflineFiles/Operational","924","956","rjaf-PC4429","S-1-5-18","11/11/2014 10:31:14 AM",,,"c:\users\mac_1\desktop\winevt\logs\microsoft-windows-offlinefiles%4operational.evtx","System.UInt32[]","System.Diagnostics.Eventing.Reader.EventBookmark","Information","Info",,"System.Collections.ObjectModel.ReadOnlyCollection`1[System.String]","System.Collections.Generic.List`1[System.Diagnostics.Eventing.Reader.EventProperty]"
"The Offline Files service started successfully.","1","0",,"4","0","0","4611686018427387920","637","Microsoft-Windows-OfflineFiles","95353826-4fbe-41d4-9c42-f521c6e86360","Microsoft-Windows-OfflineFiles/Operational","924","1048","rjaf-PC4429","S-1-5-18","11/11/2014 10:31:05 AM",,,"c:\users\mac_1\desktop\winevt\logs\microsoft-windows-offlinefiles%4operational.evtx","System.UInt32[]","System.Diagnostics.Eventing.Reader.EventBookmark","Information","Info",,"System.Collections.ObjectModel.ReadOnlyCollection`1[System.String]","System.Collections.Generic.List`1[System.Diagnostics.Eventing.Reader.EventProperty]"
"User logoff detected
Account: RJAF-PC4429\rjaf
Session: 1","8","0",,"4","0","0","4611686018427387912","636","Microsoft-Windows-OfflineFiles","95353826-4fbe-41d4-9c42-f521c6e86360","Microsoft-Windows-OfflineFiles/Operational","932","2116","rjaf-PC4429","S-1-5-18","11/11/2014 10:30:36 AM",,,"c:\users\mac_1\desktop\winevt\logs\microsoft-windows-offlinefiles%4operational.evtx","System.UInt32[]","System.Diagnostics.Eventing.Reader.EventBookmark","Information","Info",,"System.Collections.ObjectModel.ReadOnlyCollection`1[System.String]","System.Collections.Generic.List`1[System.Diagnostics.Eventing.Reader.EventProperty]"
"User logon detected
Account: RJAF-PC4429\rjaf
Session: 1","7","0",,"4","0","0","4611686018427387912","635","Microsoft-Windows-OfflineFiles","95353826-4fbe-41d4-9c42-f521c6e86360","Microsoft-Windows-OfflineFiles/Operational","932","2752","rjaf-PC4429","S-1-5-18","11/9/2014 11:43:22 PM",,,"c:\users\mac_1\desktop\winevt\logs\microsoft-windows-offlinefiles%4operational.evtx","System.UInt32[]","System.Diagnostics.Eventing.Reader.EventBookmark","Information","Info",,"System.Collections.ObjectModel.ReadOnlyCollection`1[System.String]","System.Collections.Generic.List`1[System.Diagnostics.Eventing.Reader.EventProperty]"
"The Offline Files service started successfully.","1","0",,"4","0","0","4611686018427387920","634","Microsoft-Windows-OfflineFiles","95353826-4fbe-41d4-9c42-f521c6e86360","Microsoft-Windows-OfflineFiles/Operational","932","1060","rjaf-PC4429","S-1-5-18","11/9/2014 11:29:31 PM",,,"c:\users\mac_1\desktop\winevt\logs\microsoft-windows-offlinefiles%4operational.evtx","System.UInt32[]","System.Diagnostics.Eventing.Reader.EventBookmark","Information","Info",,"System.Collections.ObjectModel.ReadOnlyCollection`1[System.String]","System.Collections.Generic.List`1[System.Diagnostics.Eventing.Reader.EventProperty]"
"User logoff detected
Account: RJAF-PC4429\rjaf
Session: 1","8","0",,"4","0","0","4611686018427387912","633","Microsoft-Windows-OfflineFiles","95353826-4fbe-41d4-9c42-f521c6e86360","Microsoft-Windows-OfflineFiles/Operational","924","3344","rjaf-PC4429","S-1-5-18","11/9/2014 8:00:00 AM",,,"c:\users\mac_1\desktop\winevt\logs\microsoft-windows-offlinefiles%4operational.evtx","System.UInt32[]","System.Diagnostics.Eventing.Reader.EventBookmark","Information","Info",,"System.Collections.ObjectModel.ReadOnlyCollection`1[System.String]","System.Collections.Generic.List`1[System.Diagnostics.Eventing.Reader.EventProperty]"
"User logon detected
Account: RJAF-PC4429\rjaf
Session: 1","7","0",,"4","0","0","4611686018427387912","632","Microsoft-Windows-OfflineFiles","95353826-4fbe-41d4-9c42-f521c6e86360","Microsoft-Windows-OfflineFiles/Operational","924","972","rjaf-PC4429","S-1-5-18","11/9/2014 7:58:24 AM",,,"c:\users\mac_1\desktop\winevt\logs\microsoft-windows-offlinefiles%4operational.evtx","System.UInt32[]","System.Diagnostics.Eventing.Reader.EventBookmark","Information","Info",,"System.Collections.ObjectModel.ReadOnlyCollection`1[System.String]","System.Collections.Generic.List`1[System.Diagnostics.Eventing.Reader.EventProperty]"
"The Offline Files service started successfully.","1","0",,"4","0","0","4611686018427387920","631","Microsoft-Windows-OfflineFiles","95353826-4fbe-41d4-9c42-f521c6e86360","Microsoft-Windows-OfflineFiles/Operational","924","1056","rjaf-PC4429","S-1-5-18","11/9/2014 7:57:30 AM",,,"c:\users\mac_1\desktop\winevt\logs\microsoft-windows-offlinefiles%4operational.evtx","System.UInt32[]","System.Diagnostics.Eventing.Reader.EventBookmark","Information","Info",,"System.Collections.ObjectModel.ReadOnlyCollection`1[System.String]","System.Collections.Generic.List`1[System.Diagnostics.Eventing.Reader.EventProperty]"
"User logoff detected
Account: RJAF-PC4429\rjaf
Session: 1","8","0",,"4","0","0","4611686018427387912","630","Microsoft-Windows-OfflineFiles","95353826-4fbe-41d4-9c42-f521c6e86360","Microsoft-Windows-OfflineFiles/Operational","924","4232","rjaf-PC4429","S-1-5-18","11/9/2014 7:50:14 AM",,,"c:\users\mac_1\desktop\winevt\logs\microsoft-windows-offlinefiles%4operational.evtx","System.UInt32[]","System.Diagnostics.Eventing.Reader.EventBookmark","Information","Info",,"System.Collections.ObjectModel.ReadOnlyCollection`1[System.String]","System.Collections.Generic.List`1[System.Diagnostics.Eventing.Reader.EventProperty]"
"User logon detected
Account: RJAF-PC4429\rjaf
Session: 1","7","0",,"4","0","0","4611686018427387912","629","Microsoft-Windows-OfflineFiles","95353826-4fbe-41d4-9c42-f521c6e86360","Microsoft-Windows-OfflineFiles/Operational","924","960","rjaf-PC4429","S-1-5-18","11/8/2014 11:36:30 PM",,,"c:\users\mac_1\desktop\winevt\logs\microsoft-windows-offlinefiles%4operational.evtx","System.UInt32[]","System.Diagnostics.Eventing.Reader.EventBookmark","Information","Info",,"System.Collections.ObjectModel.ReadOnlyCollection`1[System.String]","System.Collections.Generic.List`1[System.Diagnostics.Eventing.Reader.EventProperty]"
"The Offline Files service started successfully.","1","0",,"4","0","0","4611686018427387920","628","Microsoft-Windows-OfflineFiles","95353826-4fbe-41d4-9c42-f521c6e86360","Microsoft-Windows-OfflineFiles/Operational","924","1052","rjaf-PC4429","S-1-5-18","11/8/2014 11:36:15 PM",,,"c:\users\mac_1\desktop\winevt\logs\microsoft-windows-offlinefiles%4operational.evtx","System.UInt32[]","System.Diagnostics.Eventing.Reader.EventBookmark","Information","Info",,"System.Collections.ObjectModel.ReadOnlyCollection`1[System.String]","System.Collections.Generic.List`1[System.Diagnostics.Eventing.Reader.EventProperty]"
"User logoff detected
Account: RJAF-PC4429\rjaf
Session: 1","8","0",,"4","0","0","4611686018427387912","627","Microsoft-Windows-OfflineFiles","95353826-4fbe-41d4-9c42-f521c6e86360","Microsoft-Windows-OfflineFiles/Operational","924","952","rjaf-PC4429","S-1-5-18","11/8/2014 12:56:32 AM",,,"c:\users\mac_1\desktop\winevt\logs\microsoft-windows-offlinefiles%4operational.evtx","System.UInt32[]","System.Diagnostics.Eventing.Reader.EventBookmark","Information","Info",,"System.Collections.ObjectModel.ReadOnlyCollection`1[System.String]","System.Collections.Generic.List`1[System.Diagnostics.Eventing.Reader.EventProperty]"
"User logon detected
Account: RJAF-PC4429\rjaf
Session: 1","7","0",,"4","0","0","4611686018427387912","626","Microsoft-Windows-OfflineFiles","95353826-4fbe-41d4-9c42-f521c6e86360","Microsoft-Windows-OfflineFiles/Operational","924","956","rjaf-PC4429","S-1-5-18","11/8/2014 12:43:39 AM",,,"c:\users\mac_1\desktop\winevt\logs\microsoft-windows-offlinefiles%4operational.evtx","System.UInt32[]","System.Diagnostics.Eventing.Reader.EventBookmark","Information","Info",,"System.Collections.ObjectModel.ReadOnlyCollection`1[System.String]","System.Collections.Generic.List`1[System.Diagnostics.Eventing.Reader.EventProperty]"
"The Offline Files service started successfully.","1","0",,"4","0","0","4611686018427387920","625","Microsoft-Windows-OfflineFiles","95353826-4fbe-41d4-9c42-f521c6e86360","Microsoft-Windows-OfflineFiles/Operational","924","1060","rjaf-PC4429","S-1-5-18","11/8/2014 12:43:28 AM",,,"c:\users\mac_1\desktop\winevt\logs\microsoft-windows-offlinefiles%4operational.evtx","System.UInt32[]","System.Diagnostics.Eventing.Reader.EventBookmark","Information","Info",,"System.Collections.ObjectModel.ReadOnlyCollection`1[System.String]","System.Collections.Generic.List`1[System.Diagnostics.Eventing.Reader.EventProperty]"
"User logoff detected
Account: RJAF-PC4429\rjaf
Session: 1","8","0",,"4","0","0","4611686018427387912","624","Microsoft-Windows-OfflineFiles","95353826-4fbe-41d4-9c42-f521c6e86360","Microsoft-Windows-OfflineFiles/Operational","920","1140","rjaf-PC4429","S-1-5-18","11/6/2014 6:14:31 AM",,,"c:\users\mac_1\desktop\winevt\logs\microsoft-windows-offlinefiles%4operational.evtx","System.UInt32[]","System.Diagnostics.Eventing.Reader.EventBookmark","Information","Info",,"System.Collections.ObjectModel.ReadOnlyCollection`1[System.String]","System.Collections.Generic.List`1[System.Diagnostics.Eventing.Reader.EventProperty]"
"User logon detected
Account: RJAF-PC4429\rjaf
Session: 1","7","0",,"4","0","0","4611686018427387912","623","Microsoft-Windows-OfflineFiles","95353826-4fbe-41d4-9c42-f521c6e86360","Microsoft-Windows-OfflineFiles/Operational","920","1140","rjaf-PC4429","S-1-5-18","11/6/2014 12:15:58 AM",,,"c:\users\mac_1\desktop\winevt\logs\microsoft-windows-offlinefiles%4operational.evtx","System.UInt32[]","System.Diagnostics.Eventing.Reader.EventBookmark","Information","Info",,"System.Collections.ObjectModel.ReadOnlyCollection`1[System.String]","System.Collections.Generic.List`1[System.Diagnostics.Eventing.Reader.EventProperty]"
"The Offline Files service started successfully.","1","0",,"4","0","0","4611686018427387920","622","Microsoft-Windows-OfflineFiles","95353826-4fbe-41d4-9c42-f521c6e86360","Microsoft-Windows-OfflineFiles/Operational","920","1060","rjaf-PC4429","S-1-5-18","11/6/2014 12:15:06 AM",,,"c:\users\mac_1\desktop\winevt\logs\microsoft-windows-offlinefiles%4operational.evtx","System.UInt32[]","System.Diagnostics.Eventing.Reader.EventBookmark","Information","Info",,"System.Collections.ObjectModel.ReadOnlyCollection`1[System.String]","System.Collections.Generic.List`1[System.Diagnostics.Eventing.Reader.EventProperty]"
"User logoff detected
Account: RJAF-PC4429\rjaf
Session: 1","8","0",,"4","0","0","4611686018427387912","621","Microsoft-Windows-OfflineFiles","95353826-4fbe-41d4-9c42-f521c6e86360","Microsoft-Windows-OfflineFiles/Operational","936","2240","rjaf-PC4429","S-1-5-18","11/5/2014 10:43:31 AM",,,"c:\users\mac_1\desktop\winevt\logs\microsoft-windows-offlinefiles%4operational.evtx","System.UInt32[]","System.Diagnostics.Eventing.Reader.EventBookmark","Information","Info",,"System.Collections.ObjectModel.ReadOnlyCollection`1[System.String]","System.Collections.Generic.List`1[System.Diagnostics.Eventing.Reader.EventProperty]"
"User logon detected
Account: RJAF-PC4429\rjaf
Session: 1","7","0",,"4","0","0","4611686018427387912","620","Microsoft-Windows-OfflineFiles","95353826-4fbe-41d4-9c42-f521c6e86360","Microsoft-Windows-OfflineFiles/Operational","936","952","rjaf-PC4429","S-1-5-18","11/4/2014 12:19:28 AM",,,"c:\users\mac_1\desktop\winevt\logs\microsoft-windows-offlinefiles%4operational.evtx","System.UInt32[]","System.Diagnostics.Eventing.Reader.EventBookmark","Information","Info",,"System.Collections.ObjectModel.ReadOnlyCollection`1[System.String]","System.Collections.Generic.List`1[System.Diagnostics.Eventing.Reader.EventProperty]"
"The Offline Files service started successfully.","1","0",,"4","0","0","4611686018427387920","619","Microsoft-Windows-OfflineFiles","95353826-4fbe-41d4-9c42-f521c6e86360","Microsoft-Windows-OfflineFiles/Operational","936","1044","rjaf-PC4429","S-1-5-18","11/4/2014 12:19:17 AM",,,"c:\users\mac_1\desktop\winevt\logs\microsoft-windows-offlinefiles%4operational.evtx","System.UInt32[]","System.Diagnostics.Eventing.Reader.EventBookmark","Information","Info",,"System.Collections.ObjectModel.ReadOnlyCollection`1[System.String]","System.Collections.Generic.List`1[System.Diagnostics.Eventing.Reader.EventProperty]"
"User logon detected
Account: RJAF-PC4429\rjaf
Session: 1","7","0",,"4","0","0","4611686018427387912","618","Microsoft-Windows-OfflineFiles","95353826-4fbe-41d4-9c42-f521c6e86360","Microsoft-Windows-OfflineFiles/Operational","932","960","rjaf-PC4429","S-1-5-18","11/3/2014 10:03:13 AM",,,"c:\users\mac_1\desktop\winevt\logs\microsoft-windows-offlinefiles%4operational.evtx","System.UInt32[]","System.Diagnostics.Eventing.Reader.EventBookmark","Information","Info",,"System.Collections.ObjectModel.ReadOnlyCollection`1[System.String]","System.Collections.Generic.List`1[System.Diagnostics.Eventing.Reader.EventProperty]"
"The Offline Files service started successfully.","1","0",,"4","0","0","4611686018427387920","617","Microsoft-Windows-OfflineFiles","95353826-4fbe-41d4-9c42-f521c6e86360","Microsoft-Windows-OfflineFiles/Operational","932","1052","rjaf-PC4429","S-1-5-18","11/3/2014 10:02:42 AM",,,"c:\users\mac_1\desktop\winevt\logs\microsoft-windows-offlinefiles%4operational.evtx","System.UInt32[]","System.Diagnostics.Eventing.Reader.EventBookmark","Information","Info",,"System.Collections.ObjectModel.ReadOnlyCollection`1[System.String]","System.Collections.Generic.List`1[System.Diagnostics.Eventing.Reader.EventProperty]"
"User logoff detected
Account: RJAF-PC4429\rjaf
Session: 1","8","0",,"4","0","0","4611686018427387912","616","Microsoft-Windows-OfflineFiles","95353826-4fbe-41d4-9c42-f521c6e86360","Microsoft-Windows-OfflineFiles/Operational","924","2664","rjaf-PC4429","S-1-5-18","11/3/2014 6:21:59 AM",,,"c:\users\mac_1\desktop\winevt\logs\microsoft-windows-offlinefiles%4operational.evtx","System.UInt32[]","System.Diagnostics.Eventing.Reader.EventBookmark","Information","Info",,"System.Collections.ObjectModel.ReadOnlyCollection`1[System.String]","System.Collections.Generic.List`1[System.Diagnostics.Eventing.Reader.EventProperty]"
"User logon detected
Account: RJAF-PC4429\rjaf
Session: 1","7","0",,"4","0","0","4611686018427387912","615","Microsoft-Windows-OfflineFiles","95353826-4fbe-41d4-9c42-f521c6e86360","Microsoft-Windows-OfflineFiles/Operational","924","960","rjaf-PC4429","S-1-5-18","11/2/2014 2:06:38 PM",,,"c:\users\mac_1\desktop\winevt\logs\microsoft-windows-offlinefiles%4operational.evtx","System.UInt32[]","System.Diagnostics.Eventing.Reader.EventBookmark","Information","Info",,"System.Collections.ObjectModel.ReadOnlyCollection`1[System.String]","System.Collections.Generic.List`1[System.Diagnostics.Eventing.Reader.EventProperty]"
"The Offline Files service started successfully.","1","0",,"4","0","0","4611686018427387920","614","Microsoft-Windows-OfflineFiles","95353826-4fbe-41d4-9c42-f521c6e86360","Microsoft-Windows-OfflineFiles/Operational","924","1080","rjaf-PC4429","S-1-5-18","11/2/2014 2:06:34 PM",,,"c:\users\mac_1\desktop\winevt\logs\microsoft-windows-offlinefiles%4operational.evtx","System.UInt32[]","System.Diagnostics.Eventing.Reader.EventBookmark","Information","Info",,"System.Collections.ObjectModel.ReadOnlyCollection`1[System.String]","System.Collections.Generic.List`1[System.Diagnostics.Eventing.Reader.EventProperty]"
"User logoff detected
Account: RJAF-PC4429\rjaf
Session: 1","8","0",,"4","0","0","4611686018427387912","613","Microsoft-Windows-OfflineFiles","95353826-4fbe-41d4-9c42-f521c6e86360","Microsoft-Windows-OfflineFiles/Operational","924","7176","rjaf-PC4429","S-1-5-18","11/2/2014 11:57:50 AM",,,"c:\users\mac_1\desktop\winevt\logs\microsoft-windows-offlinefiles%4operational.evtx","System.UInt32[]","System.Diagnostics.Eventing.Reader.EventBookmark","Information","Info",,"System.Collections.ObjectModel.ReadOnlyCollection`1[System.String]","System.Collections.Generic.List`1[System.Diagnostics.Eventing.Reader.EventProperty]"
"User logon detected
Account: RJAF-PC4429\rjaf
Session: 1","7","0",,"4","0","0","4611686018427387912","612","Microsoft-Windows-OfflineFiles","95353826-4fbe-41d4-9c42-f521c6e86360","Microsoft-Windows-OfflineFiles/Operational","924","964","rjaf-PC4429","S-1-5-18","10/27/2014 12:40:15 AM",,,"c:\users\mac_1\desktop\winevt\logs\microsoft-windows-offlinefiles%4operational.evtx","System.UInt32[]","System.Diagnostics.Eventing.Reader.EventBookmark","Information","Info",,"System.Collections.ObjectModel.ReadOnlyCollection`1[System.String]","System.Collections.Generic.List`1[System.Diagnostics.Eventing.Reader.EventProperty]"
"The Offline Files service started successfully.","1","0",,"4","0","0","4611686018427387920","611","Microsoft-Windows-OfflineFiles","95353826-4fbe-41d4-9c42-f521c6e86360","Microsoft-Windows-OfflineFiles/Operational","924","1064","rjaf-PC4429","S-1-5-18","10/27/2014 12:40:07 AM",,,"c:\users\mac_1\desktop\winevt\logs\microsoft-windows-offlinefiles%4operational.evtx","System.UInt32[]","System.Diagnostics.Eventing.Reader.EventBookmark","Information","Info",,"System.Collections.ObjectModel.ReadOnlyCollection`1[System.String]","System.Collections.Generic.List`1[System.Diagnostics.Eventing.Reader.EventProperty]"
"User logoff detected
Account: RJAF-PC4429\rjaf
Session: 2","8","0",,"4","0","0","4611686018427387912","610","Microsoft-Windows-OfflineFiles","95353826-4fbe-41d4-9c42-f521c6e86360","Microsoft-Windows-OfflineFiles/Operational","920","1944","rjaf-PC4429","S-1-5-18","10/26/2014 2:34:54 PM",,,"c:\users\mac_1\desktop\winevt\logs\microsoft-windows-offlinefiles%4operational.evtx","System.UInt32[]","System.Diagnostics.Eventing.Reader.EventBookmark","Information","Info",,"System.Collections.ObjectModel.ReadOnlyCollection`1[System.String]","System.Collections.Generic.List`1[System.Diagnostics.Eventing.Reader.EventProperty]"
"User logon detected
Account: RJAF-PC4429\rjaf
Session: 2","7","0",,"4","0","0","4611686018427387912","609","Microsoft-Windows-OfflineFiles","95353826-4fbe-41d4-9c42-f521c6e86360","Microsoft-Windows-OfflineFiles/Operational","920","940","rjaf-PC4429","S-1-5-18","10/26/2014 2:16:40 PM",,,"c:\users\mac_1\desktop\winevt\logs\microsoft-windows-offlinefiles%4operational.evtx","System.UInt32[]","System.Diagnostics.Eventing.Reader.EventBookmark","Information","Info",,"System.Collections.ObjectModel.ReadOnlyCollection`1[System.String]","System.Collections.Generic.List`1[System.Diagnostics.Eventing.Reader.EventProperty]"
"User logoff detected
Account: RJAF-PC4429\rjaf
Session: 1","8","0",,"4","0","0","4611686018427387912","608","Microsoft-Windows-OfflineFiles","95353826-4fbe-41d4-9c42-f521c6e86360","Microsoft-Windows-OfflineFiles/Operational","920","2824","rjaf-PC4429","S-1-5-18","10/26/2014 11:07:05 AM",,,"c:\users\mac_1\desktop\winevt\logs\microsoft-windows-offlinefiles%4operational.evtx","System.UInt32[]","System.Diagnostics.Eventing.Reader.EventBookmark","Information","Info",,"System.Collections.ObjectModel.ReadOnlyCollection`1[System.String]","System.Collections.Generic.List`1[System.Diagnostics.Eventing.Reader.EventProperty]"
"User logon detected
Account: RJAF-PC4429\rjaf
Session: 1","7","0",,"4","0","0","4611686018427387912","607","Microsoft-Windows-OfflineFiles","95353826-4fbe-41d4-9c42-f521c6e86360","Microsoft-Windows-OfflineFiles/Operational","920","1936","rjaf-PC4429","S-1-5-18","10/26/2014 2:16:51 AM",,,"c:\users\mac_1\desktop\winevt\logs\microsoft-windows-offlinefiles%4operational.evtx","System.UInt32[]","System.Diagnostics.Eventing.Reader.EventBookmark","Information","Info",,"System.Collections.ObjectModel.ReadOnlyCollection`1[System.String]","System.Collections.Generic.List`1[System.Diagnostics.Eventing.Reader.EventProperty]"
"User logoff detected
Account: RJAF-PC4429\rjaf
Session: 2","8","0",,"4","0","0","4611686018427387912","606","Microsoft-Windows-OfflineFiles","95353826-4fbe-41d4-9c42-f521c6e86360","Microsoft-Windows-OfflineFiles/Operational","920","3040","rjaf-PC4429","S-1-5-18","10/26/2014 12:47:04 AM",,,"c:\users\mac_1\desktop\winevt\logs\microsoft-windows-offlinefiles%4operational.evtx","System.UInt32[]","System.Diagnostics.Eventing.Reader.EventBookmark","Information","Info",,"System.Collections.ObjectModel.ReadOnlyCollection`1[System.String]","System.Collections.Generic.List`1[System.Diagnostics.Eventing.Reader.EventProperty]"
"User logon detected
Account: RJAF-PC4429\rjaf
Session: 2","7","0",,"4","0","0","4611686018427387912","605","Microsoft-Windows-OfflineFiles","95353826-4fbe-41d4-9c42-f521c6e86360","Microsoft-Windows-OfflineFiles/Operational","920","364","rjaf-PC4429","S-1-5-18","10/21/2014 11:33:01 AM",,,"c:\users\mac_1\desktop\winevt\logs\microsoft-windows-offlinefiles%4operational.evtx","System.UInt32[]","System.Diagnostics.Eventing.Reader.EventBookmark","Information","Info",,"System.Collections.ObjectModel.ReadOnlyCollection`1[System.String]","System.Collections.Generic.List`1[System.Diagnostics.Eventing.Reader.EventProperty]"
"User logoff detected
Account: RJAF-PC4429\rjaf
Session: 1","8","0",,"4","0","0","4611686018427387912","604","Microsoft-Windows-OfflineFiles","95353826-4fbe-41d4-9c42-f521c6e86360","Microsoft-Windows-OfflineFiles/Operational","920","2556","rjaf-PC4429","S-1-5-18","10/21/2014 9:54:14 AM",,,"c:\users\mac_1\desktop\winevt\logs\microsoft-windows-offlinefiles%4operational.evtx","System.UInt32[]","System.Diagnostics.Eventing.Reader.EventBookmark","Information","Info",,"System.Collections.ObjectModel.ReadOnlyCollection`1[System.String]","System.Collections.Generic.List`1[System.Diagnostics.Eventing.Reader.EventProperty]"
"User logon detected
Account: RJAF-PC4429\rjaf
Session: 1","7","0",,"4","0","0","4611686018427387912","603","Microsoft-Windows-OfflineFiles","95353826-4fbe-41d4-9c42-f521c6e86360","Microsoft-Windows-OfflineFiles/Operational","920","940","rjaf-PC4429","S-1-5-18","10/21/2014 4:51:25 AM",,,"c:\users\mac_1\desktop\winevt\logs\microsoft-windows-offlinefiles%4operational.evtx","System.UInt32[]","System.Diagnostics.Eventing.Reader.EventBookmark","Information","Info",,"System.Collections.ObjectModel.ReadOnlyCollection`1[System.String]","System.Collections.Generic.List`1[System.Diagnostics.Eventing.Reader.EventProperty]"
"The Offline Files service started successfully.","1","0",,"4","0","0","4611686018427387920","602","Microsoft-Windows-OfflineFiles","95353826-4fbe-41d4-9c42-f521c6e86360","Microsoft-Windows-OfflineFiles/Operational","920","1036","rjaf-PC4429","S-1-5-18","10/21/2014 4:51:17 AM",,,"c:\users\mac_1\desktop\winevt\logs\microsoft-windows-offlinefiles%4operational.evtx","System.UInt32[]","System.Diagnostics.Eventing.Reader.EventBookmark","Information","Info",,"System.Collections.ObjectModel.ReadOnlyCollection`1[System.String]","System.Collections.Generic.List`1[System.Diagnostics.Eventing.Reader.EventProperty]"
"User logoff detected
Account: RJAF-PC4429\rjaf
Session: 1","8","0",,"4","0","0","4611686018427387912","601","Microsoft-Windows-OfflineFiles","95353826-4fbe-41d4-9c42-f521c6e86360","Microsoft-Windows-OfflineFiles/Operational","908","1080","rjaf-PC4429","S-1-5-18","10/21/2014 4:50:25 AM",,,"c:\users\mac_1\desktop\winevt\logs\microsoft-windows-offlinefiles%4operational.evtx","System.UInt32[]","System.Diagnostics.Eventing.Reader.EventBookmark","Information","Info",,"System.Collections.ObjectModel.ReadOnlyCollection`1[System.String]","System.Collections.Generic.List`1[System.Diagnostics.Eventing.Reader.EventProperty]"
"User logon detected
Account: RJAF-PC4429\rjaf
Session: 1","7","0",,"4","0","0","4611686018427387912","600","Microsoft-Windows-OfflineFiles","95353826-4fbe-41d4-9c42-f521c6e86360","Microsoft-Windows-OfflineFiles/Operational","908","932","rjaf-PC4429","S-1-5-18","10/21/2014 4:44:26 AM",,,"c:\users\mac_1\desktop\winevt\logs\microsoft-windows-offlinefiles%4operational.evtx","System.UInt32[]","System.Diagnostics.Eventing.Reader.EventBookmark","Information","Info",,"System.Collections.ObjectModel.ReadOnlyCollection`1[System.String]","System.Collections.Generic.List`1[System.Diagnostics.Eventing.Reader.EventProperty]"
"The Offline Files service started successfully.","1","0",,"4","0","0","4611686018427387920","599","Microsoft-Windows-OfflineFiles","95353826-4fbe-41d4-9c42-f521c6e86360","Microsoft-Windows-OfflineFiles/Operational","908","1044","rjaf-PC4429","S-1-5-18","10/21/2014 4:44:20 AM",,,"c:\users\mac_1\desktop\winevt\logs\microsoft-windows-offlinefiles%4operational.evtx","System.UInt32[]","System.Diagnostics.Eventing.Reader.EventBookmark","Information","Info",,"System.Collections.ObjectModel.ReadOnlyCollection`1[System.String]","System.Collections.Generic.List`1[System.Diagnostics.Eventing.Reader.EventProperty]"
"User logoff detected
Account: RJAF-PC4429\rjaf
Session: 1","8","0",,"4","0","0","4611686018427387912","598","Microsoft-Windows-OfflineFiles","95353826-4fbe-41d4-9c42-f521c6e86360","Microsoft-Windows-OfflineFiles/Operational","920","876","rjaf-PC4429","S-1-5-18","10/20/2014 5:51:49 AM",,,"c:\users\mac_1\desktop\winevt\logs\microsoft-windows-offlinefiles%4operational.evtx","System.UInt32[]","System.Diagnostics.Eventing.Reader.EventBookmark","Information","Info",,"System.Collections.ObjectModel.ReadOnlyCollection`1[System.String]","System.Collections.Generic.List`1[System.Diagnostics.Eventing.Reader.EventProperty]"
"User logon detected
Account: RJAF-PC4429\rjaf
Session: 1","7","0",,"4","0","0","4611686018427387912","597","Microsoft-Windows-OfflineFiles","95353826-4fbe-41d4-9c42-f521c6e86360","Microsoft-Windows-OfflineFiles/Operational","920","1252","rjaf-PC4429","S-1-5-18","10/19/2014 5:03:03 AM",,,"c:\users\mac_1\desktop\winevt\logs\microsoft-windows-offlinefiles%4operational.evtx","System.UInt32[]","System.Diagnostics.Eventing.Reader.EventBookmark","Information","Info",,"System.Collections.ObjectModel.ReadOnlyCollection`1[System.String]","System.Collections.Generic.List`1[System.Diagnostics.Eventing.Reader.EventProperty]"
"The Offline Files service started successfully.","1","0",,"4","0","0","4611686018427387920","596","Microsoft-Windows-OfflineFiles","95353826-4fbe-41d4-9c42-f521c6e86360","Microsoft-Windows-OfflineFiles/Operational","920","1052","rjaf-PC4429","S-1-5-18","10/19/2014 5:02:52 AM",,,"c:\users\mac_1\desktop\winevt\logs\microsoft-windows-offlinefiles%4operational.evtx","System.UInt32[]","System.Diagnostics.Eventing.Reader.EventBookmark","Information","Info",,"System.Collections.ObjectModel.ReadOnlyCollection`1[System.String]","System.Collections.Generic.List`1[System.Diagnostics.Eventing.Reader.EventProperty]"
"The Offline Files service started successfully.","1","0",,"4","0","0","4611686018427387920","595","Microsoft-Windows-OfflineFiles","95353826-4fbe-41d4-9c42-f521c6e86360","Microsoft-Windows-OfflineFiles/Operational","924","1056","rjaf-PC4429","S-1-5-18","10/19/2014 12:39:28 AM",,,"c:\users\mac_1\desktop\winevt\logs\microsoft-windows-offlinefiles%4operational.evtx","System.UInt32[]","System.Diagnostics.Eventing.Reader.EventBookmark","Information","Info",,"System.Collections.ObjectModel.ReadOnlyCollection`1[System.String]","System.Collections.Generic.List`1[System.Diagnostics.Eventing.Reader.EventProperty]"
"User logoff detected
Account: RJAF-PC4429\rjaf
Session: 1","8","0",,"4","0","0","4611686018427387912","594","Microsoft-Windows-OfflineFiles","95353826-4fbe-41d4-9c42-f521c6e86360","Microsoft-Windows-OfflineFiles/Operational","920","2684","rjaf-PC4429","S-1-5-18","10/18/2014 1:24:58 PM",,,"c:\users\mac_1\desktop\winevt\logs\microsoft-windows-offlinefiles%4operational.evtx","System.UInt32[]","System.Diagnostics.Eventing.Reader.EventBookmark","Information","Info",,"System.Collections.ObjectModel.ReadOnlyCollection`1[System.String]","System.Collections.Generic.List`1[System.Diagnostics.Eventing.Reader.EventProperty]"
"User logon detected
Account: RJAF-PC4429\rjaf
Session: 1","7","0",,"4","0","0","4611686018427387912","593","Microsoft-Windows-OfflineFiles","95353826-4fbe-41d4-9c42-f521c6e86360","Microsoft-Windows-OfflineFiles/Operational","920","952","rjaf-PC4429","S-1-5-18","10/18/2014 11:22:18 AM",,,"c:\users\mac_1\desktop\winevt\logs\microsoft-windows-offlinefiles%4operational.evtx","System.UInt32[]","System.Diagnostics.Eventing.Reader.EventBookmark","Information","Info",,"System.Collections.ObjectModel.ReadOnlyCollection`1[System.String]","System.Collections.Generic.List`1[System.Diagnostics.Eventing.Reader.EventProperty]"
"The Offline Files service started successfully.","1","0",,"4","0","0","4611686018427387920","592","Microsoft-Windows-OfflineFiles","95353826-4fbe-41d4-9c42-f521c6e86360","Microsoft-Windows-OfflineFiles/Operational","920","1068","rjaf-PC4429","S-1-5-18","10/18/2014 11:22:12 AM",,,"c:\users\mac_1\desktop\winevt\logs\microsoft-windows-offlinefiles%4operational.evtx","System.UInt32[]","System.Diagnostics.Eventing.Reader.EventBookmark","Information","Info",,"System.Collections.ObjectModel.ReadOnlyCollection`1[System.String]","System.Collections.Generic.List`1[System.Diagnostics.Eventing.Reader.EventProperty]"
"The Offline Files service started successfully.","1","0",,"4","0","0","4611686018427387920","591","Microsoft-Windows-OfflineFiles","95353826-4fbe-41d4-9c42-f521c6e86360","Microsoft-Windows-OfflineFiles/Operational","928","1064","rjaf-PC4429","S-1-5-18","10/17/2014 10:50:55 AM",,,"c:\users\mac_1\desktop\winevt\logs\microsoft-windows-offlinefiles%4operational.evtx","System.UInt32[]","System.Diagnostics.Eventing.Reader.EventBookmark","Information","Info",,"System.Collections.ObjectModel.ReadOnlyCollection`1[System.String]","System.Collections.Generic.List`1[System.Diagnostics.Eventing.Reader.EventProperty]"
"User logoff detected
Account: RJAF-PC4429\rjaf
Session: 2","8","0",,"4","0","0","4611686018427387912","590","Microsoft-Windows-OfflineFiles","95353826-4fbe-41d4-9c42-f521c6e86360","Microsoft-Windows-OfflineFiles/Operational","932","1164","rjaf-PC4429","S-1-5-18","10/16/2014 2:21:30 AM",,,"c:\users\mac_1\desktop\winevt\logs\microsoft-windows-offlinefiles%4operational.evtx","System.UInt32[]","System.Diagnostics.Eventing.Reader.EventBookmark","Information","Info",,"System.Collections.ObjectModel.ReadOnlyCollection`1[System.String]","System.Collections.Generic.List`1[System.Diagnostics.Eventing.Reader.EventProperty]"
"User logon detected
Account: RJAF-PC4429\rjaf
Session: 2","7","0",,"4","0","0","4611686018427387912","589","Microsoft-Windows-OfflineFiles","95353826-4fbe-41d4-9c42-f521c6e86360","Microsoft-Windows-OfflineFiles/Operational","932","1164","rjaf-PC4429","S-1-5-18","10/16/2014 2:21:14 AM",,,"c:\users\mac_1\desktop\winevt\logs\microsoft-windows-offlinefiles%4operational.evtx","System.UInt32[]","System.Diagnostics.Eventing.Reader.EventBookmark","Information","Info",,"System.Collections.ObjectModel.ReadOnlyCollection`1[System.String]","System.Collections.Generic.List`1[System.Diagnostics.Eventing.Reader.EventProperty]"
"User logoff detected
Account: RJAF-PC4429\rjaf
Session: 1","8","0",,"4","0","0","4611686018427387912","588","Microsoft-Windows-OfflineFiles","95353826-4fbe-41d4-9c42-f521c6e86360","Microsoft-Windows-OfflineFiles/Operational","932","124","rjaf-PC4429","S-1-5-18","10/16/2014 2:21:05 AM",,,"c:\users\mac_1\desktop\winevt\logs\microsoft-windows-offlinefiles%4operational.evtx","System.UInt32[]","System.Diagnostics.Eventing.Reader.EventBookmark","Information","Info",,"System.Collections.ObjectModel.ReadOnlyCollection`1[System.String]","System.Collections.Generic.List`1[System.Diagnostics.Eventing.Reader.EventProperty]"
"User logon detected
Account: RJAF-PC4429\rjaf
Session: 1","7","0",,"4","0","0","4611686018427387912","587","Microsoft-Windows-OfflineFiles","95353826-4fbe-41d4-9c42-f521c6e86360","Microsoft-Windows-OfflineFiles/Operational","932","968","rjaf-PC4429","S-1-5-18","10/15/2014 1:15:39 AM",,,"c:\users\mac_1\desktop\winevt\logs\microsoft-windows-offlinefiles%4operational.evtx","System.UInt32[]","System.Diagnostics.Eventing.Reader.EventBookmark","Information","Info",,"System.Collections.ObjectModel.ReadOnlyCollection`1[System.String]","System.Collections.Generic.List`1[System.Diagnostics.Eventing.Reader.EventProperty]"
"The Offline Files service started successfully.","1","0",,"4","0","0","4611686018427387920","586","Microsoft-Windows-OfflineFiles","95353826-4fbe-41d4-9c42-f521c6e86360","Microsoft-Windows-OfflineFiles/Operational","932","1080","rjaf-PC4429","S-1-5-18","10/15/2014 1:15:32 AM",,,"c:\users\mac_1\desktop\winevt\logs\microsoft-windows-offlinefiles%4operational.evtx","System.UInt32[]","System.Diagnostics.Eventing.Reader.EventBookmark","Information","Info",,"System.Collections.ObjectModel.ReadOnlyCollection`1[System.String]","System.Collections.Generic.List`1[System.Diagnostics.Eventing.Reader.EventProperty]"
"User logoff detected
Account: RJAF-PC4429\rjaf
Session: 1","8","0",,"4","0","0","4611686018427387912","585","Microsoft-Windows-OfflineFiles","95353826-4fbe-41d4-9c42-f521c6e86360","Microsoft-Windows-OfflineFiles/Operational","920","764","rjaf-PC4429","S-1-5-18","10/14/2014 2:54:21 PM",,,"c:\users\mac_1\desktop\winevt\logs\microsoft-windows-offlinefiles%4operational.evtx","System.UInt32[]","System.Diagnostics.Eventing.Reader.EventBookmark","Information","Info",,"System.Collections.ObjectModel.ReadOnlyCollection`1[System.String]","System.Collections.Generic.List`1[System.Diagnostics.Eventing.Reader.EventProperty]"
"User logon detected
Account: RJAF-PC4429\rjaf
Session: 1","7","0",,"4","0","0","4611686018427387912","584","Microsoft-Windows-OfflineFiles","95353826-4fbe-41d4-9c42-f521c6e86360","Microsoft-Windows-OfflineFiles/Operational","920","1748","rjaf-PC4429","S-1-5-18","10/12/2014 7:20:02 AM",,,"c:\users\mac_1\desktop\winevt\logs\microsoft-windows-offlinefiles%4operational.evtx","System.UInt32[]","System.Diagnostics.Eventing.Reader.EventBookmark","Information","Info",,"System.Collections.ObjectModel.ReadOnlyCollection`1[System.String]","System.Collections.Generic.List`1[System.Diagnostics.Eventing.Reader.EventProperty]"
"The Offline Files service started successfully.","1","0",,"4","0","0","4611686018427387920","583","Microsoft-Windows-OfflineFiles","95353826-4fbe-41d4-9c42-f521c6e86360","Microsoft-Windows-OfflineFiles/Operational","920","1076","rjaf-PC4429","S-1-5-18","10/12/2014 7:19:57 AM",,,"c:\users\mac_1\desktop\winevt\logs\microsoft-windows-offlinefiles%4operational.evtx","System.UInt32[]","System.Diagnostics.Eventing.Reader.EventBookmark","Information","Info",,"System.Collections.ObjectModel.ReadOnlyCollection`1[System.String]","System.Collections.Generic.List`1[System.Diagnostics.Eventing.Reader.EventProperty]"
"User logoff detected
Account: RJAF-PC4429\rjaf
Session: 1","8","0",,"4","0","0","4611686018427387912","582","Microsoft-Windows-OfflineFiles","95353826-4fbe-41d4-9c42-f521c6e86360","Microsoft-Windows-OfflineFiles/Operational","928","2996","rjaf-PC4429","S-1-5-18","10/12/2014 7:19:22 AM",,,"c:\users\mac_1\desktop\winevt\logs\microsoft-windows-offlinefiles%4operational.evtx","System.UInt32[]","System.Diagnostics.Eventing.Reader.EventBookmark","Information","Info",,"System.Collections.ObjectModel.ReadOnlyCollection`1[System.String]","System.Collections.Generic.List`1[System.Diagnostics.Eventing.Reader.EventProperty]"
"User logon detected
Account: RJAF-PC4429\rjaf
Session: 1","7","0",,"4","0","0","4611686018427387912","581","Microsoft-Windows-OfflineFiles","95353826-4fbe-41d4-9c42-f521c6e86360","Microsoft-Windows-OfflineFiles/Operational","928","1328","rjaf-PC4429","S-1-5-18","10/12/2014 1:08:52 AM",,,"c:\users\mac_1\desktop\winevt\logs\microsoft-windows-offlinefiles%4operational.evtx","System.UInt32[]","System.Diagnostics.Eventing.Reader.EventBookmark","Information","Info",,"System.Collections.ObjectModel.ReadOnlyCollection`1[System.String]","System.Collections.Generic.List`1[System.Diagnostics.Eventing.Reader.EventProperty]"
"The Offline Files service started successfully.","1","0",,"4","0","0","4611686018427387920","580","Microsoft-Windows-OfflineFiles","95353826-4fbe-41d4-9c42-f521c6e86360","Microsoft-Windows-OfflineFiles/Operational","928","1072","rjaf-PC4429","S-1-5-18","10/11/2014 11:23:24 PM",,,"c:\users\mac_1\desktop\winevt\logs\microsoft-windows-offlinefiles%4operational.evtx","System.UInt32[]","System.Diagnostics.Eventing.Reader.EventBookmark","Information","Info",,"System.Collections.ObjectModel.ReadOnlyCollection`1[System.String]","System.Collections.Generic.List`1[System.Diagnostics.Eventing.Reader.EventProperty]"
"User logoff detected
Account: RJAF-PC4429\rjaf
Session: 1","8","0",,"4","0","0","4611686018427387912","579","Microsoft-Windows-OfflineFiles","95353826-4fbe-41d4-9c42-f521c6e86360","Microsoft-Windows-OfflineFiles/Operational","916","3472","rjaf-PC4429","S-1-5-18","10/11/2014 1:02:31 PM",,,"c:\users\mac_1\desktop\winevt\logs\microsoft-windows-offlinefiles%4operational.evtx","System.UInt32[]","System.Diagnostics.Eventing.Reader.EventBookmark","Information","Info",,"System.Collections.ObjectModel.ReadOnlyCollection`1[System.String]","System.Collections.Generic.List`1[System.Diagnostics.Eventing.Reader.EventProperty]"
"User logon detected
Account: RJAF-PC4429\rjaf
Session: 1","7","0",,"4","0","0","4611686018427387912","578","Microsoft-Windows-OfflineFiles","95353826-4fbe-41d4-9c42-f521c6e86360","Microsoft-Windows-OfflineFiles/Operational","916","1156","rjaf-PC4429","S-1-5-18","10/8/2014 2:15:48 AM",,,"c:\users\mac_1\desktop\winevt\logs\microsoft-windows-offlinefiles%4operational.evtx","System.UInt32[]","System.Diagnostics.Eventing.Reader.EventBookmark","Information","Info",,"System.Collections.ObjectModel.ReadOnlyCollection`1[System.String]","System.Collections.Generic.List`1[System.Diagnostics.Eventing.Reader.EventProperty]"
"The Offline Files service started successfully.","1","0",,"4","0","0","4611686018427387920","577","Microsoft-Windows-OfflineFiles","95353826-4fbe-41d4-9c42-f521c6e86360","Microsoft-Windows-OfflineFiles/Operational","916","1072","rjaf-PC4429","S-1-5-18","10/8/2014 2:15:40 AM",,,"c:\users\mac_1\desktop\winevt\logs\microsoft-windows-offlinefiles%4operational.evtx","System.UInt32[]","System.Diagnostics.Eventing.Reader.EventBookmark","Information","Info",,"System.Collections.ObjectModel.ReadOnlyCollection`1[System.String]","System.Collections.Generic.List`1[System.Diagnostics.Eventing.Reader.EventProperty]"
"User logoff detected
Account: RJAF-PC4429\rjaf
Session: 1","8","0",,"4","0","0","4611686018427387912","576","Microsoft-Windows-OfflineFiles","95353826-4fbe-41d4-9c42-f521c6e86360","Microsoft-Windows-OfflineFiles/Operational","944","2124","rjaf-PC4429","S-1-5-18","10/7/2014 10:55:44 PM",,,"c:\users\mac_1\desktop\winevt\logs\microsoft-windows-offlinefiles%4operational.evtx","System.UInt32[]","System.Diagnostics.Eventing.Reader.EventBookmark","Information","Info",,"System.Collections.ObjectModel.ReadOnlyCollection`1[System.String]","System.Collections.Generic.List`1[System.Diagnostics.Eventing.Reader.EventProperty]"
"User logon detected
Account: RJAF-PC4429\rjaf
Session: 1","7","0",,"4","0","0","4611686018427387912","575","Microsoft-Windows-OfflineFiles","95353826-4fbe-41d4-9c42-f521c6e86360","Microsoft-Windows-OfflineFiles/Operational","944","960","rjaf-PC4429","S-1-5-18","10/7/2014 4:35:32 AM",,,"c:\users\mac_1\desktop\winevt\logs\microsoft-windows-offlinefiles%4operational.evtx","System.UInt32[]","System.Diagnostics.Eventing.Reader.EventBookmark","Information","Info",,"System.Collections.ObjectModel.ReadOnlyCollection`1[System.String]","System.Collections.Generic.List`1[System.Diagnostics.Eventing.Reader.EventProperty]"
"The Offline Files service started successfully.","1","0",,"4","0","0","4611686018427387920","574","Microsoft-Windows-OfflineFiles","95353826-4fbe-41d4-9c42-f521c6e86360","Microsoft-Windows-OfflineFiles/Operational","944","1060","rjaf-PC4429","S-1-5-18","10/7/2014 4:35:25 AM",,,"c:\users\mac_1\desktop\winevt\logs\microsoft-windows-offlinefiles%4operational.evtx","System.UInt32[]","System.Diagnostics.Eventing.Reader.EventBookmark","Information","Info",,"System.Collections.ObjectModel.ReadOnlyCollection`1[System.String]","System.Collections.Generic.List`1[System.Diagnostics.Eventing.Reader.EventProperty]"
"User logoff detected
Account: RJAF-PC4429\rjaf
Session: 1","8","0",,"4","0","0","4611686018427387912","573","Microsoft-Windows-OfflineFiles","95353826-4fbe-41d4-9c42-f521c6e86360","Microsoft-Windows-OfflineFiles/Operational","948","3496","rjaf-PC4429","S-1-5-18","10/6/2014 1:00:21 PM",,,"c:\users\mac_1\desktop\winevt\logs\microsoft-windows-offlinefiles%4operational.evtx","System.UInt32[]","System.Diagnostics.Eventing.Reader.EventBookmark","Information","Info",,"System.Collections.ObjectModel.ReadOnlyCollection`1[System.String]","System.Collections.Generic.List`1[System.Diagnostics.Eventing.Reader.EventProperty]"
"User logon detected
Account: RJAF-PC4429\rjaf
Session: 1","7","0",,"4","0","0","4611686018427387912","572","Microsoft-Windows-OfflineFiles","95353826-4fbe-41d4-9c42-f521c6e86360","Microsoft-Windows-OfflineFiles/Operational","948","976","rjaf-PC4429","S-1-5-18","10/5/2014 11:19:56 PM",,,"c:\users\mac_1\desktop\winevt\logs\microsoft-windows-offlinefiles%4operational.evtx","System.UInt32[]","System.Diagnostics.Eventing.Reader.EventBookmark","Information","Info",,"System.Collections.ObjectModel.ReadOnlyCollection`1[System.String]","System.Collections.Generic.List`1[System.Diagnostics.Eventing.Reader.EventProperty]"
"The Offline Files service started successfully.","1","0",,"4","0","0","4611686018427387920","571","Microsoft-Windows-OfflineFiles","95353826-4fbe-41d4-9c42-f521c6e86360","Microsoft-Windows-OfflineFiles/Operational","948","1064","rjaf-PC4429","S-1-5-18","10/5/2014 11:19:49 PM",,,"c:\users\mac_1\desktop\winevt\logs\microsoft-windows-offlinefiles%4operational.evtx","System.UInt32[]","System.Diagnostics.Eventing.Reader.EventBookmark","Information","Info",,"System.Collections.ObjectModel.ReadOnlyCollection`1[System.String]","System.Collections.Generic.List`1[System.Diagnostics.Eventing.Reader.EventProperty]"
"User logoff detected
Account: RJAF-PC4429\rjaf
Session: 1","8","0",,"4","0","0","4611686018427387912","570","Microsoft-Windows-OfflineFiles","95353826-4fbe-41d4-9c42-f521c6e86360","Microsoft-Windows-OfflineFiles/Operational","968","1000","rjaf-PC4429","S-1-5-18","10/5/2014 12:18:22 PM",,,"c:\users\mac_1\desktop\winevt\logs\microsoft-windows-offlinefiles%4operational.evtx","System.UInt32[]","System.Diagnostics.Eventing.Reader.EventBookmark","Information","Info",,"System.Collections.ObjectModel.ReadOnlyCollection`1[System.String]","System.Collections.Generic.List`1[System.Diagnostics.Eventing.Reader.EventProperty]"
