"Network Disconnected
	Name: Network  3
	Desc: Network
	Type: Unmanaged
	State: Disconnected
	Category: Public
","10001","0",,"4","0","0","4611721202799476736","10380","Microsoft-Windows-NetworkProfile","fbcfac3f-8459-419f-8e48-1f0b49cdb85e","Microsoft-Windows-NetworkProfile/Operational","1488","2868","rjaf-PC4429","S-1-5-19","5/31/2015 5:54:23 AM",,,"c:\users\mac_1\desktop\winevt\logs\microsoft-windows-networkprofile%4operational.evtx","System.UInt32[]","System.Diagnostics.Eventing.Reader.EventBookmark","Information","Info",,"System.Collections.ObjectModel.ReadOnlyCollection`1[System.String]","System.Collections.Generic.List`1[System.Diagnostics.Eventing.Reader.EventProperty]"
"Network Connected
	Name: Network  3
	Desc: Network
	Type: Unmanaged
	State: Connected,IPV4 (Internet)
	Category: Public
","10000","0",,"4","0","0","4611721202799476736","10379","Microsoft-Windows-NetworkProfile","fbcfac3f-8459-419f-8e48-1f0b49cdb85e","Microsoft-Windows-NetworkProfile/Operational","1488","2868","rjaf-PC4429","S-1-5-19","5/31/2015 12:14:46 AM",,,"c:\users\mac_1\desktop\winevt\logs\microsoft-windows-networkprofile%4operational.evtx","System.UInt32[]","System.Diagnostics.Eventing.Reader.EventBookmark","Information","Info",,"System.Collections.ObjectModel.ReadOnlyCollection`1[System.String]","System.Collections.Generic.List`1[System.Diagnostics.Eventing.Reader.EventProperty]"
"Transitioning to State: Identified Network Interface Guid: {9819BC20-693D-4F54-9CE8-7BFD5AD735CE}","4002","0",,"4","1","2","4612002677776187392","10378","Microsoft-Windows-NetworkProfile","fbcfac3f-8459-419f-8e48-1f0b49cdb85e","Microsoft-Windows-NetworkProfile/Operational","1488","4808","rjaf-PC4429","S-1-5-19","5/31/2015 12:14:46 AM",,,"c:\users\mac_1\desktop\winevt\logs\microsoft-windows-networkprofile%4operational.evtx","System.UInt32[]","System.Diagnostics.Eventing.Reader.EventBookmark","Information","Stop","Wait for Identification","System.Collections.ObjectModel.ReadOnlyCollection`1[System.String]","System.Collections.Generic.List`1[System.Diagnostics.Eventing.Reader.EventProperty]"
"Network Disconnected
	Name: Network  3
	Desc: Network
	Type: Unmanaged
	State: Disconnected
	Category: Public
","10001","0",,"4","0","0","4611721202799476736","10377","Microsoft-Windows-NetworkProfile","fbcfac3f-8459-419f-8e48-1f0b49cdb85e","Microsoft-Windows-NetworkProfile/Operational","1488","2868","rjaf-PC4429","S-1-5-19","5/31/2015 12:14:39 AM",,,"c:\users\mac_1\desktop\winevt\logs\microsoft-windows-networkprofile%4operational.evtx","System.UInt32[]","System.Diagnostics.Eventing.Reader.EventBookmark","Information","Info",,"System.Collections.ObjectModel.ReadOnlyCollection`1[System.String]","System.Collections.Generic.List`1[System.Diagnostics.Eventing.Reader.EventProperty]"
"Network Connected
	Name: Network  3
	Desc: Network
	Type: Unmanaged
	State: Connected,IPV4 (Internet)
	Category: Public
","10000","0",,"4","0","0","4611721202799476736","10376","Microsoft-Windows-NetworkProfile","fbcfac3f-8459-419f-8e48-1f0b49cdb85e","Microsoft-Windows-NetworkProfile/Operational","1488","2868","rjaf-PC4429","S-1-5-19","5/30/2015 2:31:51 AM",,,"c:\users\mac_1\desktop\winevt\logs\microsoft-windows-networkprofile%4operational.evtx","System.UInt32[]","System.Diagnostics.Eventing.Reader.EventBookmark","Information","Info",,"System.Collections.ObjectModel.ReadOnlyCollection`1[System.String]","System.Collections.Generic.List`1[System.Diagnostics.Eventing.Reader.EventProperty]"
"Network Disconnected
	Name: Network  3
	Desc: Network
	Type: Unmanaged
	State: Connected,IPV4 (Internet)
	Category: Public
","10001","0",,"4","0","0","4611721202799476736","10375","Microsoft-Windows-NetworkProfile","fbcfac3f-8459-419f-8e48-1f0b49cdb85e","Microsoft-Windows-NetworkProfile/Operational","1488","2868","rjaf-PC4429","S-1-5-19","5/30/2015 2:31:51 AM",,,"c:\users\mac_1\desktop\winevt\logs\microsoft-windows-networkprofile%4operational.evtx","System.UInt32[]","System.Diagnostics.Eventing.Reader.EventBookmark","Information","Info",,"System.Collections.ObjectModel.ReadOnlyCollection`1[System.String]","System.Collections.Generic.List`1[System.Diagnostics.Eventing.Reader.EventProperty]"
"Transitioning to State: Identified Network Interface Guid: {9819BC20-693D-4F54-9CE8-7BFD5AD735CE}","4002","0",,"4","1","2","4612002677776187392","10374","Microsoft-Windows-NetworkProfile","fbcfac3f-8459-419f-8e48-1f0b49cdb85e","Microsoft-Windows-NetworkProfile/Operational","1488","5748","rjaf-PC4429","S-1-5-19","5/30/2015 2:31:51 AM",,,"c:\users\mac_1\desktop\winevt\logs\microsoft-windows-networkprofile%4operational.evtx","System.UInt32[]","System.Diagnostics.Eventing.Reader.EventBookmark","Information","Stop","Wait for Identification","System.Collections.ObjectModel.ReadOnlyCollection`1[System.String]","System.Collections.Generic.List`1[System.Diagnostics.Eventing.Reader.EventProperty]"
"Entered State: Identifying Network Interface Guid: {9819BC20-693D-4F54-9CE8-7BFD5AD735CE}","4001","0",,"4","1","1","4611721202799476736","10373","Microsoft-Windows-NetworkProfile","fbcfac3f-8459-419f-8e48-1f0b49cdb85e","Microsoft-Windows-NetworkProfile/Operational","1488","5276","rjaf-PC4429","S-1-5-19","5/30/2015 2:31:46 AM",,,"c:\users\mac_1\desktop\winevt\logs\microsoft-windows-networkprofile%4operational.evtx","System.UInt32[]","System.Diagnostics.Eventing.Reader.EventBookmark","Information","Start","Wait for Identification","System.Collections.ObjectModel.ReadOnlyCollection`1[System.String]","System.Collections.Generic.List`1[System.Diagnostics.Eventing.Reader.EventProperty]"
"Network Connected
	Name: Network  3
	Desc: Network
	Type: Unmanaged
	State: Connected,IPV4 (Internet)
	Category: Public
","10000","0",,"4","0","0","4611721202799476736","10372","Microsoft-Windows-NetworkProfile","fbcfac3f-8459-419f-8e48-1f0b49cdb85e","Microsoft-Windows-NetworkProfile/Operational","1488","2868","rjaf-PC4429","S-1-5-19","5/28/2015 6:48:33 AM",,,"c:\users\mac_1\desktop\winevt\logs\microsoft-windows-networkprofile%4operational.evtx","System.UInt32[]","System.Diagnostics.Eventing.Reader.EventBookmark","Information","Info",,"System.Collections.ObjectModel.ReadOnlyCollection`1[System.String]","System.Collections.Generic.List`1[System.Diagnostics.Eventing.Reader.EventProperty]"
"Transitioning to State: Identified Network Interface Guid: {9819BC20-693D-4F54-9CE8-7BFD5AD735CE}","4002","0",,"4","1","2","4612002677776187392","10371","Microsoft-Windows-NetworkProfile","fbcfac3f-8459-419f-8e48-1f0b49cdb85e","Microsoft-Windows-NetworkProfile/Operational","1488","1772","rjaf-PC4429","S-1-5-19","5/28/2015 6:48:33 AM",,,"c:\users\mac_1\desktop\winevt\logs\microsoft-windows-networkprofile%4operational.evtx","System.UInt32[]","System.Diagnostics.Eventing.Reader.EventBookmark","Information","Stop","Wait for Identification","System.Collections.ObjectModel.ReadOnlyCollection`1[System.String]","System.Collections.Generic.List`1[System.Diagnostics.Eventing.Reader.EventProperty]"
"Network Connected
	Name: Identifying...
	Desc: Identifying...
	Type: Unmanaged
	State: Connected
	Category: Public
","10000","0",,"4","0","0","4611721202799476736","10370","Microsoft-Windows-NetworkProfile","fbcfac3f-8459-419f-8e48-1f0b49cdb85e","Microsoft-Windows-NetworkProfile/Operational","1488","2868","rjaf-PC4429","S-1-5-19","5/28/2015 6:48:30 AM",,,"c:\users\mac_1\desktop\winevt\logs\microsoft-windows-networkprofile%4operational.evtx","System.UInt32[]","System.Diagnostics.Eventing.Reader.EventBookmark","Information","Info",,"System.Collections.ObjectModel.ReadOnlyCollection`1[System.String]","System.Collections.Generic.List`1[System.Diagnostics.Eventing.Reader.EventProperty]"
"Entered State: Identifying Network Interface Guid: {9819BC20-693D-4F54-9CE8-7BFD5AD735CE}","4001","0",,"4","1","1","4611721202799476736","10369","Microsoft-Windows-NetworkProfile","fbcfac3f-8459-419f-8e48-1f0b49cdb85e","Microsoft-Windows-NetworkProfile/Operational","1488","1772","rjaf-PC4429","S-1-5-19","5/28/2015 6:48:30 AM",,,"c:\users\mac_1\desktop\winevt\logs\microsoft-windows-networkprofile%4operational.evtx","System.UInt32[]","System.Diagnostics.Eventing.Reader.EventBookmark","Information","Start","Wait for Identification","System.Collections.ObjectModel.ReadOnlyCollection`1[System.String]","System.Collections.Generic.List`1[System.Diagnostics.Eventing.Reader.EventProperty]"
"Network Disconnected
	Name: Network  3
	Desc: Network
	Type: Unmanaged
	State: Disconnected
	Category: Public
","10001","0",,"4","0","0","4611721202799476736","10368","Microsoft-Windows-NetworkProfile","fbcfac3f-8459-419f-8e48-1f0b49cdb85e","Microsoft-Windows-NetworkProfile/Operational","1488","2868","rjaf-PC4429","S-1-5-19","5/28/2015 6:48:27 AM",,,"c:\users\mac_1\desktop\winevt\logs\microsoft-windows-networkprofile%4operational.evtx","System.UInt32[]","System.Diagnostics.Eventing.Reader.EventBookmark","Information","Info",,"System.Collections.ObjectModel.ReadOnlyCollection`1[System.String]","System.Collections.Generic.List`1[System.Diagnostics.Eventing.Reader.EventProperty]"
"Network Connected
	Name: Network  3
	Desc: Network
	Type: Unmanaged
	State: Connected,IPV4 (Internet)
	Category: Public
","10000","0",,"4","0","0","4611721202799476736","10367","Microsoft-Windows-NetworkProfile","fbcfac3f-8459-419f-8e48-1f0b49cdb85e","Microsoft-Windows-NetworkProfile/Operational","1488","2868","rjaf-PC4429","S-1-5-19","5/27/2015 10:19:47 PM",,,"c:\users\mac_1\desktop\winevt\logs\microsoft-windows-networkprofile%4operational.evtx","System.UInt32[]","System.Diagnostics.Eventing.Reader.EventBookmark","Information","Info",,"System.Collections.ObjectModel.ReadOnlyCollection`1[System.String]","System.Collections.Generic.List`1[System.Diagnostics.Eventing.Reader.EventProperty]"
"Transitioning to State: Identified Network Interface Guid: {9819BC20-693D-4F54-9CE8-7BFD5AD735CE}","4002","0",,"4","1","2","4612002677776187392","10366","Microsoft-Windows-NetworkProfile","fbcfac3f-8459-419f-8e48-1f0b49cdb85e","Microsoft-Windows-NetworkProfile/Operational","1488","4936","rjaf-PC4429","S-1-5-19","5/27/2015 10:19:47 PM",,,"c:\users\mac_1\desktop\winevt\logs\microsoft-windows-networkprofile%4operational.evtx","System.UInt32[]","System.Diagnostics.Eventing.Reader.EventBookmark","Information","Stop","Wait for Identification","System.Collections.ObjectModel.ReadOnlyCollection`1[System.String]","System.Collections.Generic.List`1[System.Diagnostics.Eventing.Reader.EventProperty]"
"Network Connected
	Name: Identifying...
	Desc: Identifying...
	Type: Unmanaged
	State: Connected
	Category: Public
","10000","0",,"4","0","0","4611721202799476736","10365","Microsoft-Windows-NetworkProfile","fbcfac3f-8459-419f-8e48-1f0b49cdb85e","Microsoft-Windows-NetworkProfile/Operational","1488","2868","rjaf-PC4429","S-1-5-19","5/27/2015 10:19:46 PM",,,"c:\users\mac_1\desktop\winevt\logs\microsoft-windows-networkprofile%4operational.evtx","System.UInt32[]","System.Diagnostics.Eventing.Reader.EventBookmark","Information","Info",,"System.Collections.ObjectModel.ReadOnlyCollection`1[System.String]","System.Collections.Generic.List`1[System.Diagnostics.Eventing.Reader.EventProperty]"
"Network Disconnected
	Name: Network  3
	Desc: Network
	Type: Unmanaged
	State: Disconnected
	Category: Public
","10001","0",,"4","0","0","4611721202799476736","10364","Microsoft-Windows-NetworkProfile","fbcfac3f-8459-419f-8e48-1f0b49cdb85e","Microsoft-Windows-NetworkProfile/Operational","1488","2868","rjaf-PC4429","S-1-5-19","5/27/2015 10:19:45 PM",,,"c:\users\mac_1\desktop\winevt\logs\microsoft-windows-networkprofile%4operational.evtx","System.UInt32[]","System.Diagnostics.Eventing.Reader.EventBookmark","Information","Info",,"System.Collections.ObjectModel.ReadOnlyCollection`1[System.String]","System.Collections.Generic.List`1[System.Diagnostics.Eventing.Reader.EventProperty]"
"Entered State: Identifying Network Interface Guid: {9819BC20-693D-4F54-9CE8-7BFD5AD735CE}","4001","0",,"4","1","1","4611721202799476736","10363","Microsoft-Windows-NetworkProfile","fbcfac3f-8459-419f-8e48-1f0b49cdb85e","Microsoft-Windows-NetworkProfile/Operational","1488","4548","rjaf-PC4429","S-1-5-19","5/27/2015 10:19:45 PM",,,"c:\users\mac_1\desktop\winevt\logs\microsoft-windows-networkprofile%4operational.evtx","System.UInt32[]","System.Diagnostics.Eventing.Reader.EventBookmark","Information","Start","Wait for Identification","System.Collections.ObjectModel.ReadOnlyCollection`1[System.String]","System.Collections.Generic.List`1[System.Diagnostics.Eventing.Reader.EventProperty]"
"Network Connected
	Name: Network  3
	Desc: Network
	Type: Unmanaged
	State: Connected
	Category: Public
","10000","0",,"4","0","0","4611721202799476736","10362","Microsoft-Windows-NetworkProfile","fbcfac3f-8459-419f-8e48-1f0b49cdb85e","Microsoft-Windows-NetworkProfile/Operational","1488","2868","rjaf-PC4429","S-1-5-19","5/27/2015 11:34:05 AM",,,"c:\users\mac_1\desktop\winevt\logs\microsoft-windows-networkprofile%4operational.evtx","System.UInt32[]","System.Diagnostics.Eventing.Reader.EventBookmark","Information","Info",,"System.Collections.ObjectModel.ReadOnlyCollection`1[System.String]","System.Collections.Generic.List`1[System.Diagnostics.Eventing.Reader.EventProperty]"
"Transitioning to State: Identified Network Interface Guid: {9819BC20-693D-4F54-9CE8-7BFD5AD735CE}","4002","0",,"4","1","2","4612002677776187392","10361","Microsoft-Windows-NetworkProfile","fbcfac3f-8459-419f-8e48-1f0b49cdb85e","Microsoft-Windows-NetworkProfile/Operational","1488","5616","rjaf-PC4429","S-1-5-19","5/27/2015 11:34:05 AM",,,"c:\users\mac_1\desktop\winevt\logs\microsoft-windows-networkprofile%4operational.evtx","System.UInt32[]","System.Diagnostics.Eventing.Reader.EventBookmark","Information","Stop","Wait for Identification","System.Collections.ObjectModel.ReadOnlyCollection`1[System.String]","System.Collections.Generic.List`1[System.Diagnostics.Eventing.Reader.EventProperty]"
"Network Disconnected
	Name: Network  3
	Desc: Network
	Type: Unmanaged
	State: Disconnected
	Category: Public
","10001","0",,"4","0","0","4611721202799476736","10360","Microsoft-Windows-NetworkProfile","fbcfac3f-8459-419f-8e48-1f0b49cdb85e","Microsoft-Windows-NetworkProfile/Operational","1488","2868","rjaf-PC4429","S-1-5-19","5/27/2015 11:34:03 AM",,,"c:\users\mac_1\desktop\winevt\logs\microsoft-windows-networkprofile%4operational.evtx","System.UInt32[]","System.Diagnostics.Eventing.Reader.EventBookmark","Information","Info",,"System.Collections.ObjectModel.ReadOnlyCollection`1[System.String]","System.Collections.Generic.List`1[System.Diagnostics.Eventing.Reader.EventProperty]"
"Network Connected
	Name: Network  3
	Desc: Network
	Type: Unmanaged
	State: Connected,IPV4 (Internet)
	Category: Public
","10000","0",,"4","0","0","4611721202799476736","10359","Microsoft-Windows-NetworkProfile","fbcfac3f-8459-419f-8e48-1f0b49cdb85e","Microsoft-Windows-NetworkProfile/Operational","1488","2868","rjaf-PC4429","S-1-5-19","5/27/2015 7:24:28 AM",,,"c:\users\mac_1\desktop\winevt\logs\microsoft-windows-networkprofile%4operational.evtx","System.UInt32[]","System.Diagnostics.Eventing.Reader.EventBookmark","Information","Info",,"System.Collections.ObjectModel.ReadOnlyCollection`1[System.String]","System.Collections.Generic.List`1[System.Diagnostics.Eventing.Reader.EventProperty]"
"Transitioning to State: Identified Network Interface Guid: {9819BC20-693D-4F54-9CE8-7BFD5AD735CE}","4002","0",,"4","1","2","4612002677776187392","10358","Microsoft-Windows-NetworkProfile","fbcfac3f-8459-419f-8e48-1f0b49cdb85e","Microsoft-Windows-NetworkProfile/Operational","1488","6136","rjaf-PC4429","S-1-5-19","5/27/2015 7:24:28 AM",,,"c:\users\mac_1\desktop\winevt\logs\microsoft-windows-networkprofile%4operational.evtx","System.UInt32[]","System.Diagnostics.Eventing.Reader.EventBookmark","Information","Stop","Wait for Identification","System.Collections.ObjectModel.ReadOnlyCollection`1[System.String]","System.Collections.Generic.List`1[System.Diagnostics.Eventing.Reader.EventProperty]"
"Network Connected
	Name: Identifying...
	Desc: Identifying...
	Type: Unmanaged
	State: Connected
	Category: Public
","10000","0",,"4","0","0","4611721202799476736","10357","Microsoft-Windows-NetworkProfile","fbcfac3f-8459-419f-8e48-1f0b49cdb85e","Microsoft-Windows-NetworkProfile/Operational","1488","2868","rjaf-PC4429","S-1-5-19","5/27/2015 7:24:25 AM",,,"c:\users\mac_1\desktop\winevt\logs\microsoft-windows-networkprofile%4operational.evtx","System.UInt32[]","System.Diagnostics.Eventing.Reader.EventBookmark","Information","Info",,"System.Collections.ObjectModel.ReadOnlyCollection`1[System.String]","System.Collections.Generic.List`1[System.Diagnostics.Eventing.Reader.EventProperty]"
"Entered State: Identifying Network Interface Guid: {9819BC20-693D-4F54-9CE8-7BFD5AD735CE}","4001","0",,"4","1","1","4611721202799476736","10356","Microsoft-Windows-NetworkProfile","fbcfac3f-8459-419f-8e48-1f0b49cdb85e","Microsoft-Windows-NetworkProfile/Operational","1488","6136","rjaf-PC4429","S-1-5-19","5/27/2015 7:24:25 AM",,,"c:\users\mac_1\desktop\winevt\logs\microsoft-windows-networkprofile%4operational.evtx","System.UInt32[]","System.Diagnostics.Eventing.Reader.EventBookmark","Information","Start","Wait for Identification","System.Collections.ObjectModel.ReadOnlyCollection`1[System.String]","System.Collections.Generic.List`1[System.Diagnostics.Eventing.Reader.EventProperty]"
"Network Disconnected
	Name: Network  3
	Desc: Network
	Type: Unmanaged
	State: Disconnected
	Category: Public
","10001","0",,"4","0","0","4611721202799476736","10355","Microsoft-Windows-NetworkProfile","fbcfac3f-8459-419f-8e48-1f0b49cdb85e","Microsoft-Windows-NetworkProfile/Operational","1488","2868","rjaf-PC4429","S-1-5-19","5/27/2015 7:24:22 AM",,,"c:\users\mac_1\desktop\winevt\logs\microsoft-windows-networkprofile%4operational.evtx","System.UInt32[]","System.Diagnostics.Eventing.Reader.EventBookmark","Information","Info",,"System.Collections.ObjectModel.ReadOnlyCollection`1[System.String]","System.Collections.Generic.List`1[System.Diagnostics.Eventing.Reader.EventProperty]"
"Network Connected
	Name: Network  3
	Desc: Network
	Type: Unmanaged
	State: Connected
	Category: Public
","10000","0",,"4","0","0","4611721202799476736","10354","Microsoft-Windows-NetworkProfile","fbcfac3f-8459-419f-8e48-1f0b49cdb85e","Microsoft-Windows-NetworkProfile/Operational","1488","2868","rjaf-PC4429","S-1-5-19","5/26/2015 10:48:28 PM",,,"c:\users\mac_1\desktop\winevt\logs\microsoft-windows-networkprofile%4operational.evtx","System.UInt32[]","System.Diagnostics.Eventing.Reader.EventBookmark","Information","Info",,"System.Collections.ObjectModel.ReadOnlyCollection`1[System.String]","System.Collections.Generic.List`1[System.Diagnostics.Eventing.Reader.EventProperty]"
"Network Disconnected
	Name: Network  3
	Desc: Network
	Type: Unmanaged
	State: Connected
	Category: Public
","10001","0",,"4","0","0","4611721202799476736","10353","Microsoft-Windows-NetworkProfile","fbcfac3f-8459-419f-8e48-1f0b49cdb85e","Microsoft-Windows-NetworkProfile/Operational","1488","2868","rjaf-PC4429","S-1-5-19","5/26/2015 10:48:28 PM",,,"c:\users\mac_1\desktop\winevt\logs\microsoft-windows-networkprofile%4operational.evtx","System.UInt32[]","System.Diagnostics.Eventing.Reader.EventBookmark","Information","Info",,"System.Collections.ObjectModel.ReadOnlyCollection`1[System.String]","System.Collections.Generic.List`1[System.Diagnostics.Eventing.Reader.EventProperty]"
"Transitioning to State: Identified Network Interface Guid: {9819BC20-693D-4F54-9CE8-7BFD5AD735CE}","4002","0",,"4","1","2","4612002677776187392","10352","Microsoft-Windows-NetworkProfile","fbcfac3f-8459-419f-8e48-1f0b49cdb85e","Microsoft-Windows-NetworkProfile/Operational","1488","1412","rjaf-PC4429","S-1-5-19","5/26/2015 10:48:25 PM",,,"c:\users\mac_1\desktop\winevt\logs\microsoft-windows-networkprofile%4operational.evtx","System.UInt32[]","System.Diagnostics.Eventing.Reader.EventBookmark","Information","Stop","Wait for Identification","System.Collections.ObjectModel.ReadOnlyCollection`1[System.String]","System.Collections.Generic.List`1[System.Diagnostics.Eventing.Reader.EventProperty]"
"Network Connected
	Name: Network  3
	Desc: Network
	Type: Unmanaged
	State: Connected,IPV4 (Local)
	Category: Public
","10000","0",,"4","0","0","4611721202799476736","10351","Microsoft-Windows-NetworkProfile","fbcfac3f-8459-419f-8e48-1f0b49cdb85e","Microsoft-Windows-NetworkProfile/Operational","1488","2868","rjaf-PC4429","S-1-5-19","5/26/2015 2:09:18 PM",,,"c:\users\mac_1\desktop\winevt\logs\microsoft-windows-networkprofile%4operational.evtx","System.UInt32[]","System.Diagnostics.Eventing.Reader.EventBookmark","Information","Info",,"System.Collections.ObjectModel.ReadOnlyCollection`1[System.String]","System.Collections.Generic.List`1[System.Diagnostics.Eventing.Reader.EventProperty]"
"Transitioning to State: Identified Network Interface Guid: {9819BC20-693D-4F54-9CE8-7BFD5AD735CE}","4002","0",,"4","1","2","4612002677776187392","10350","Microsoft-Windows-NetworkProfile","fbcfac3f-8459-419f-8e48-1f0b49cdb85e","Microsoft-Windows-NetworkProfile/Operational","1488","2252","rjaf-PC4429","S-1-5-19","5/26/2015 2:09:18 PM",,,"c:\users\mac_1\desktop\winevt\logs\microsoft-windows-networkprofile%4operational.evtx","System.UInt32[]","System.Diagnostics.Eventing.Reader.EventBookmark","Information","Stop","Wait for Identification","System.Collections.ObjectModel.ReadOnlyCollection`1[System.String]","System.Collections.Generic.List`1[System.Diagnostics.Eventing.Reader.EventProperty]"
"Network Connected
	Name: Identifying...
	Desc: Identifying...
	Type: Unmanaged
	State: Connected
	Category: Public
","10000","0",,"4","0","0","4611721202799476736","10349","Microsoft-Windows-NetworkProfile","fbcfac3f-8459-419f-8e48-1f0b49cdb85e","Microsoft-Windows-NetworkProfile/Operational","1488","2868","rjaf-PC4429","S-1-5-19","5/26/2015 2:09:13 PM",,,"c:\users\mac_1\desktop\winevt\logs\microsoft-windows-networkprofile%4operational.evtx","System.UInt32[]","System.Diagnostics.Eventing.Reader.EventBookmark","Information","Info",,"System.Collections.ObjectModel.ReadOnlyCollection`1[System.String]","System.Collections.Generic.List`1[System.Diagnostics.Eventing.Reader.EventProperty]"
"Entered State: Identifying Network Interface Guid: {9819BC20-693D-4F54-9CE8-7BFD5AD735CE}","4001","0",,"4","1","1","4611721202799476736","10348","Microsoft-Windows-NetworkProfile","fbcfac3f-8459-419f-8e48-1f0b49cdb85e","Microsoft-Windows-NetworkProfile/Operational","1488","1664","rjaf-PC4429","S-1-5-19","5/26/2015 2:09:13 PM",,,"c:\users\mac_1\desktop\winevt\logs\microsoft-windows-networkprofile%4operational.evtx","System.UInt32[]","System.Diagnostics.Eventing.Reader.EventBookmark","Information","Start","Wait for Identification","System.Collections.ObjectModel.ReadOnlyCollection`1[System.String]","System.Collections.Generic.List`1[System.Diagnostics.Eventing.Reader.EventProperty]"
"Network Connected
	Name: Identifying...
	Desc: Identifying...
	Type: Unmanaged
	State: Connected
	Category: Public
","10000","0",,"4","0","0","4611721202799476736","10347","Microsoft-Windows-NetworkProfile","fbcfac3f-8459-419f-8e48-1f0b49cdb85e","Microsoft-Windows-NetworkProfile/Operational","1488","2868","rjaf-PC4429","S-1-5-19","5/26/2015 2:08:57 PM",,,"c:\users\mac_1\desktop\winevt\logs\microsoft-windows-networkprofile%4operational.evtx","System.UInt32[]","System.Diagnostics.Eventing.Reader.EventBookmark","Information","Info",,"System.Collections.ObjectModel.ReadOnlyCollection`1[System.String]","System.Collections.Generic.List`1[System.Diagnostics.Eventing.Reader.EventProperty]"
"Entered State: Identifying Network Interface Guid: {9819BC20-693D-4F54-9CE8-7BFD5AD735CE}","4001","0",,"4","1","1","4611721202799476736","10346","Microsoft-Windows-NetworkProfile","fbcfac3f-8459-419f-8e48-1f0b49cdb85e","Microsoft-Windows-NetworkProfile/Operational","1488","1524","rjaf-PC4429","S-1-5-19","5/26/2015 2:08:57 PM",,,"c:\users\mac_1\desktop\winevt\logs\microsoft-windows-networkprofile%4operational.evtx","System.UInt32[]","System.Diagnostics.Eventing.Reader.EventBookmark","Information","Start","Wait for Identification","System.Collections.ObjectModel.ReadOnlyCollection`1[System.String]","System.Collections.Generic.List`1[System.Diagnostics.Eventing.Reader.EventProperty]"
"Network Disconnected
	Name: Network  3
	Desc: Network
	Type: Unmanaged
	State: Disconnected
	Category: Public
","10001","0",,"4","0","0","4611721202799476736","10345","Microsoft-Windows-NetworkProfile","fbcfac3f-8459-419f-8e48-1f0b49cdb85e","Microsoft-Windows-NetworkProfile/Operational","1488","2868","rjaf-PC4429","S-1-5-19","5/26/2015 2:08:50 PM",,,"c:\users\mac_1\desktop\winevt\logs\microsoft-windows-networkprofile%4operational.evtx","System.UInt32[]","System.Diagnostics.Eventing.Reader.EventBookmark","Information","Info",,"System.Collections.ObjectModel.ReadOnlyCollection`1[System.String]","System.Collections.Generic.List`1[System.Diagnostics.Eventing.Reader.EventProperty]"
"Network Connected
	Name: Network  3
	Desc: Network
	Type: Unmanaged
	State: Connected
	Category: Public
","10000","0",,"4","0","0","4611721202799476736","10344","Microsoft-Windows-NetworkProfile","fbcfac3f-8459-419f-8e48-1f0b49cdb85e","Microsoft-Windows-NetworkProfile/Operational","1488","2868","rjaf-PC4429","S-1-5-19","5/26/2015 2:07:43 PM",,,"c:\users\mac_1\desktop\winevt\logs\microsoft-windows-networkprofile%4operational.evtx","System.UInt32[]","System.Diagnostics.Eventing.Reader.EventBookmark","Information","Info",,"System.Collections.ObjectModel.ReadOnlyCollection`1[System.String]","System.Collections.Generic.List`1[System.Diagnostics.Eventing.Reader.EventProperty]"
"Transitioning to State: Identified Network Interface Guid: {9819BC20-693D-4F54-9CE8-7BFD5AD735CE}","4002","0",,"4","1","2","4612002677776187392","10343","Microsoft-Windows-NetworkProfile","fbcfac3f-8459-419f-8e48-1f0b49cdb85e","Microsoft-Windows-NetworkProfile/Operational","1488","1664","rjaf-PC4429","S-1-5-19","5/26/2015 2:07:43 PM",,,"c:\users\mac_1\desktop\winevt\logs\microsoft-windows-networkprofile%4operational.evtx","System.UInt32[]","System.Diagnostics.Eventing.Reader.EventBookmark","Information","Stop","Wait for Identification","System.Collections.ObjectModel.ReadOnlyCollection`1[System.String]","System.Collections.Generic.List`1[System.Diagnostics.Eventing.Reader.EventProperty]"
"Network Connected
	Name: Identifying...
	Desc: Identifying...
	Type: Unmanaged
	State: Connected
	Category: Public
","10000","0",,"4","0","0","4611721202799476736","10342","Microsoft-Windows-NetworkProfile","fbcfac3f-8459-419f-8e48-1f0b49cdb85e","Microsoft-Windows-NetworkProfile/Operational","1488","2868","rjaf-PC4429","S-1-5-19","5/26/2015 2:07:42 PM",,,"c:\users\mac_1\desktop\winevt\logs\microsoft-windows-networkprofile%4operational.evtx","System.UInt32[]","System.Diagnostics.Eventing.Reader.EventBookmark","Information","Info",,"System.Collections.ObjectModel.ReadOnlyCollection`1[System.String]","System.Collections.Generic.List`1[System.Diagnostics.Eventing.Reader.EventProperty]"
"Entered State: Identifying Network Interface Guid: {9819BC20-693D-4F54-9CE8-7BFD5AD735CE}","4001","0",,"4","1","1","4611721202799476736","10341","Microsoft-Windows-NetworkProfile","fbcfac3f-8459-419f-8e48-1f0b49cdb85e","Microsoft-Windows-NetworkProfile/Operational","1488","2856","rjaf-PC4429","S-1-5-19","5/26/2015 2:07:42 PM",,,"c:\users\mac_1\desktop\winevt\logs\microsoft-windows-networkprofile%4operational.evtx","System.UInt32[]","System.Diagnostics.Eventing.Reader.EventBookmark","Information","Start","Wait for Identification","System.Collections.ObjectModel.ReadOnlyCollection`1[System.String]","System.Collections.Generic.List`1[System.Diagnostics.Eventing.Reader.EventProperty]"
"Network Disconnected
	Name: Network  3
	Desc: Network
	Type: Unmanaged
	State: Disconnected
	Category: Public
","10001","0",,"4","0","0","4611721202799476736","10340","Microsoft-Windows-NetworkProfile","fbcfac3f-8459-419f-8e48-1f0b49cdb85e","Microsoft-Windows-NetworkProfile/Operational","1520","3724","rjaf-PC4429","S-1-5-19","5/26/2015 2:06:54 PM",,,"c:\users\mac_1\desktop\winevt\logs\microsoft-windows-networkprofile%4operational.evtx","System.UInt32[]","System.Diagnostics.Eventing.Reader.EventBookmark","Information","Info",,"System.Collections.ObjectModel.ReadOnlyCollection`1[System.String]","System.Collections.Generic.List`1[System.Diagnostics.Eventing.Reader.EventProperty]"
"Network Connected
	Name: Identifying...
	Desc: Identifying...
	Type: Unmanaged
	State: Connected,IPV4 (Internet),IPV6 (Local)
	Category: Public
","10000","0",,"4","0","0","4611721202799476736","10339","Microsoft-Windows-NetworkProfile","fbcfac3f-8459-419f-8e48-1f0b49cdb85e","Microsoft-Windows-NetworkProfile/Operational","1520","3724","rjaf-PC4429","S-1-5-19","5/26/2015 2:06:54 PM",,,"c:\users\mac_1\desktop\winevt\logs\microsoft-windows-networkprofile%4operational.evtx","System.UInt32[]","System.Diagnostics.Eventing.Reader.EventBookmark","Information","Info",,"System.Collections.ObjectModel.ReadOnlyCollection`1[System.String]","System.Collections.Generic.List`1[System.Diagnostics.Eventing.Reader.EventProperty]"
"Entered State: Identifying Network Interface Guid: {9819BC20-693D-4F54-9CE8-7BFD5AD735CE}","4001","0",,"4","1","1","4611721202799476736","10338","Microsoft-Windows-NetworkProfile","fbcfac3f-8459-419f-8e48-1f0b49cdb85e","Microsoft-Windows-NetworkProfile/Operational","1520","4940","rjaf-PC4429","S-1-5-19","5/26/2015 2:06:54 PM",,,"c:\users\mac_1\desktop\winevt\logs\microsoft-windows-networkprofile%4operational.evtx","System.UInt32[]","System.Diagnostics.Eventing.Reader.EventBookmark","Information","Start","Wait for Identification","System.Collections.ObjectModel.ReadOnlyCollection`1[System.String]","System.Collections.Generic.List`1[System.Diagnostics.Eventing.Reader.EventProperty]"
"Network Connected
	Name: Network  3
	Desc: Network
	Type: Unmanaged
	State: Connected
	Category: Public
","10000","0",,"4","0","0","4611721202799476736","10337","Microsoft-Windows-NetworkProfile","fbcfac3f-8459-419f-8e48-1f0b49cdb85e","Microsoft-Windows-NetworkProfile/Operational","1520","3724","rjaf-PC4429","S-1-5-19","5/26/2015 12:44:13 AM",,,"c:\users\mac_1\desktop\winevt\logs\microsoft-windows-networkprofile%4operational.evtx","System.UInt32[]","System.Diagnostics.Eventing.Reader.EventBookmark","Information","Info",,"System.Collections.ObjectModel.ReadOnlyCollection`1[System.String]","System.Collections.Generic.List`1[System.Diagnostics.Eventing.Reader.EventProperty]"
"Transitioning to State: Identified Network Interface Guid: {9819BC20-693D-4F54-9CE8-7BFD5AD735CE}","4002","0",,"4","1","2","4612002677776187392","10336","Microsoft-Windows-NetworkProfile","fbcfac3f-8459-419f-8e48-1f0b49cdb85e","Microsoft-Windows-NetworkProfile/Operational","1520","1556","rjaf-PC4429","S-1-5-19","5/26/2015 12:44:13 AM",,,"c:\users\mac_1\desktop\winevt\logs\microsoft-windows-networkprofile%4operational.evtx","System.UInt32[]","System.Diagnostics.Eventing.Reader.EventBookmark","Information","Stop","Wait for Identification","System.Collections.ObjectModel.ReadOnlyCollection`1[System.String]","System.Collections.Generic.List`1[System.Diagnostics.Eventing.Reader.EventProperty]"
"Network Connected
	Name: Identifying...
	Desc: Identifying...
	Type: Unmanaged
	State: Connected
	Category: Public
","10000","0",,"4","0","0","4611721202799476736","10335","Microsoft-Windows-NetworkProfile","fbcfac3f-8459-419f-8e48-1f0b49cdb85e","Microsoft-Windows-NetworkProfile/Operational","1520","3724","rjaf-PC4429","S-1-5-19","5/26/2015 12:44:12 AM",,,"c:\users\mac_1\desktop\winevt\logs\microsoft-windows-networkprofile%4operational.evtx","System.UInt32[]","System.Diagnostics.Eventing.Reader.EventBookmark","Information","Info",,"System.Collections.ObjectModel.ReadOnlyCollection`1[System.String]","System.Collections.Generic.List`1[System.Diagnostics.Eventing.Reader.EventProperty]"
"Entered State: Identifying Network Interface Guid: {9819BC20-693D-4F54-9CE8-7BFD5AD735CE}","4001","0",,"4","1","1","4611721202799476736","10334","Microsoft-Windows-NetworkProfile","fbcfac3f-8459-419f-8e48-1f0b49cdb85e","Microsoft-Windows-NetworkProfile/Operational","1520","3712","rjaf-PC4429","S-1-5-19","5/26/2015 12:44:12 AM",,,"c:\users\mac_1\desktop\winevt\logs\microsoft-windows-networkprofile%4operational.evtx","System.UInt32[]","System.Diagnostics.Eventing.Reader.EventBookmark","Information","Start","Wait for Identification","System.Collections.ObjectModel.ReadOnlyCollection`1[System.String]","System.Collections.Generic.List`1[System.Diagnostics.Eventing.Reader.EventProperty]"
"Network Connected
	Name: Identifying...
	Desc: Identifying...
	Type: Unmanaged
	State: Connected,IPV4 (Internet),IPV6 (Local)
	Category: Public
","10000","0",,"4","0","0","4611721202799476736","10333","Microsoft-Windows-NetworkProfile","fbcfac3f-8459-419f-8e48-1f0b49cdb85e","Microsoft-Windows-NetworkProfile/Operational","1396","3512","rjaf-PC4429","S-1-5-19","5/25/2015 3:09:16 PM",,,"c:\users\mac_1\desktop\winevt\logs\microsoft-windows-networkprofile%4operational.evtx","System.UInt32[]","System.Diagnostics.Eventing.Reader.EventBookmark","Information","Info",,"System.Collections.ObjectModel.ReadOnlyCollection`1[System.String]","System.Collections.Generic.List`1[System.Diagnostics.Eventing.Reader.EventProperty]"
"Network Disconnected
	Name: Network  3
	Desc: Network
	Type: Unmanaged
	State: Disconnected
	Category: Public
","10001","0",,"4","0","0","4611721202799476736","10332","Microsoft-Windows-NetworkProfile","fbcfac3f-8459-419f-8e48-1f0b49cdb85e","Microsoft-Windows-NetworkProfile/Operational","1396","3512","rjaf-PC4429","S-1-5-19","5/25/2015 3:09:16 PM",,,"c:\users\mac_1\desktop\winevt\logs\microsoft-windows-networkprofile%4operational.evtx","System.UInt32[]","System.Diagnostics.Eventing.Reader.EventBookmark","Information","Info",,"System.Collections.ObjectModel.ReadOnlyCollection`1[System.String]","System.Collections.Generic.List`1[System.Diagnostics.Eventing.Reader.EventProperty]"
"Entered State: Identifying Network Interface Guid: {9819BC20-693D-4F54-9CE8-7BFD5AD735CE}","4001","0",,"4","1","1","4611721202799476736","10331","Microsoft-Windows-NetworkProfile","fbcfac3f-8459-419f-8e48-1f0b49cdb85e","Microsoft-Windows-NetworkProfile/Operational","1396","668","rjaf-PC4429","S-1-5-19","5/25/2015 3:09:16 PM",,,"c:\users\mac_1\desktop\winevt\logs\microsoft-windows-networkprofile%4operational.evtx","System.UInt32[]","System.Diagnostics.Eventing.Reader.EventBookmark","Information","Start","Wait for Identification","System.Collections.ObjectModel.ReadOnlyCollection`1[System.String]","System.Collections.Generic.List`1[System.Diagnostics.Eventing.Reader.EventProperty]"
"Network Connected
	Name: Network  3
	Desc: Network
	Type: Unmanaged
	State: Connected,IPV4 (Internet)
	Category: Public
","10000","0",,"4","0","0","4611721202799476736","10330","Microsoft-Windows-NetworkProfile","fbcfac3f-8459-419f-8e48-1f0b49cdb85e","Microsoft-Windows-NetworkProfile/Operational","1396","3512","rjaf-PC4429","S-1-5-19","5/25/2015 10:50:14 AM",,,"c:\users\mac_1\desktop\winevt\logs\microsoft-windows-networkprofile%4operational.evtx","System.UInt32[]","System.Diagnostics.Eventing.Reader.EventBookmark","Information","Info",,"System.Collections.ObjectModel.ReadOnlyCollection`1[System.String]","System.Collections.Generic.List`1[System.Diagnostics.Eventing.Reader.EventProperty]"
"Transitioning to State: Identified Network Interface Guid: {9819BC20-693D-4F54-9CE8-7BFD5AD735CE}","4002","0",,"4","1","2","4612002677776187392","10329","Microsoft-Windows-NetworkProfile","fbcfac3f-8459-419f-8e48-1f0b49cdb85e","Microsoft-Windows-NetworkProfile/Operational","1396","3484","rjaf-PC4429","S-1-5-19","5/25/2015 10:50:14 AM",,,"c:\users\mac_1\desktop\winevt\logs\microsoft-windows-networkprofile%4operational.evtx","System.UInt32[]","System.Diagnostics.Eventing.Reader.EventBookmark","Information","Stop","Wait for Identification","System.Collections.ObjectModel.ReadOnlyCollection`1[System.String]","System.Collections.Generic.List`1[System.Diagnostics.Eventing.Reader.EventProperty]"
"Network Connected
	Name: Identifying...
	Desc: Identifying...
	Type: Unmanaged
	State: Connected,IPV4 (Internet)
	Category: Public
","10000","0",,"4","0","0","4611721202799476736","10328","Microsoft-Windows-NetworkProfile","fbcfac3f-8459-419f-8e48-1f0b49cdb85e","Microsoft-Windows-NetworkProfile/Operational","1396","3512","rjaf-PC4429","S-1-5-19","5/25/2015 10:50:13 AM",,,"c:\users\mac_1\desktop\winevt\logs\microsoft-windows-networkprofile%4operational.evtx","System.UInt32[]","System.Diagnostics.Eventing.Reader.EventBookmark","Information","Info",,"System.Collections.ObjectModel.ReadOnlyCollection`1[System.String]","System.Collections.Generic.List`1[System.Diagnostics.Eventing.Reader.EventProperty]"
"Entered State: Identifying Network Interface Guid: {9819BC20-693D-4F54-9CE8-7BFD5AD735CE}","4001","0",,"4","1","1","4611721202799476736","10327","Microsoft-Windows-NetworkProfile","fbcfac3f-8459-419f-8e48-1f0b49cdb85e","Microsoft-Windows-NetworkProfile/Operational","1396","1544","rjaf-PC4429","S-1-5-19","5/25/2015 10:50:13 AM",,,"c:\users\mac_1\desktop\winevt\logs\microsoft-windows-networkprofile%4operational.evtx","System.UInt32[]","System.Diagnostics.Eventing.Reader.EventBookmark","Information","Start","Wait for Identification","System.Collections.ObjectModel.ReadOnlyCollection`1[System.String]","System.Collections.Generic.List`1[System.Diagnostics.Eventing.Reader.EventProperty]"
"Network Disconnected
	Name: Network  3
	Desc: Network
	Type: Unmanaged
	State: Disconnected
	Category: Public
","10001","0",,"4","0","0","4611721202799476736","10326","Microsoft-Windows-NetworkProfile","fbcfac3f-8459-419f-8e48-1f0b49cdb85e","Microsoft-Windows-NetworkProfile/Operational","1396","3512","rjaf-PC4429","S-1-5-19","5/25/2015 10:50:11 AM",,,"c:\users\mac_1\desktop\winevt\logs\microsoft-windows-networkprofile%4operational.evtx","System.UInt32[]","System.Diagnostics.Eventing.Reader.EventBookmark","Information","Info",,"System.Collections.ObjectModel.ReadOnlyCollection`1[System.String]","System.Collections.Generic.List`1[System.Diagnostics.Eventing.Reader.EventProperty]"
"Network Connected
	Name: Network  3
	Desc: Network
	Type: Unmanaged
	State: Connected,IPV4 (Local)
	Category: Public
","10000","0",,"4","0","0","4611721202799476736","10325","Microsoft-Windows-NetworkProfile","fbcfac3f-8459-419f-8e48-1f0b49cdb85e","Microsoft-Windows-NetworkProfile/Operational","1396","3512","rjaf-PC4429","S-1-5-19","5/25/2015 5:07:29 AM",,,"c:\users\mac_1\desktop\winevt\logs\microsoft-windows-networkprofile%4operational.evtx","System.UInt32[]","System.Diagnostics.Eventing.Reader.EventBookmark","Information","Info",,"System.Collections.ObjectModel.ReadOnlyCollection`1[System.String]","System.Collections.Generic.List`1[System.Diagnostics.Eventing.Reader.EventProperty]"
"Transitioning to State: Identified Network Interface Guid: {9819BC20-693D-4F54-9CE8-7BFD5AD735CE}","4002","0",,"4","1","2","4612002677776187392","10324","Microsoft-Windows-NetworkProfile","fbcfac3f-8459-419f-8e48-1f0b49cdb85e","Microsoft-Windows-NetworkProfile/Operational","1396","1056","rjaf-PC4429","S-1-5-19","5/25/2015 5:07:29 AM",,,"c:\users\mac_1\desktop\winevt\logs\microsoft-windows-networkprofile%4operational.evtx","System.UInt32[]","System.Diagnostics.Eventing.Reader.EventBookmark","Information","Stop","Wait for Identification","System.Collections.ObjectModel.ReadOnlyCollection`1[System.String]","System.Collections.Generic.List`1[System.Diagnostics.Eventing.Reader.EventProperty]"
"Network Disconnected
	Name: Network  3
	Desc: Network
	Type: Unmanaged
	State: Disconnected
	Category: Public
","10001","0",,"4","0","0","4611721202799476736","10323","Microsoft-Windows-NetworkProfile","fbcfac3f-8459-419f-8e48-1f0b49cdb85e","Microsoft-Windows-NetworkProfile/Operational","1396","3512","rjaf-PC4429","S-1-5-19","5/25/2015 5:07:29 AM",,,"c:\users\mac_1\desktop\winevt\logs\microsoft-windows-networkprofile%4operational.evtx","System.UInt32[]","System.Diagnostics.Eventing.Reader.EventBookmark","Information","Info",,"System.Collections.ObjectModel.ReadOnlyCollection`1[System.String]","System.Collections.Generic.List`1[System.Diagnostics.Eventing.Reader.EventProperty]"
"Entered State: Identifying Network Interface Guid: {9819BC20-693D-4F54-9CE8-7BFD5AD735CE}","4001","0",,"4","1","1","4611721202799476736","10322","Microsoft-Windows-NetworkProfile","fbcfac3f-8459-419f-8e48-1f0b49cdb85e","Microsoft-Windows-NetworkProfile/Operational","1396","1056","rjaf-PC4429","S-1-5-19","5/25/2015 5:07:29 AM",,,"c:\users\mac_1\desktop\winevt\logs\microsoft-windows-networkprofile%4operational.evtx","System.UInt32[]","System.Diagnostics.Eventing.Reader.EventBookmark","Information","Start","Wait for Identification","System.Collections.ObjectModel.ReadOnlyCollection`1[System.String]","System.Collections.Generic.List`1[System.Diagnostics.Eventing.Reader.EventProperty]"
"Network Connected
	Name: Network  3
	Desc: Network
	Type: Unmanaged
	State: Connected,IPV4 (Local)
	Category: Public
","10000","0",,"4","0","0","4611721202799476736","10321","Microsoft-Windows-NetworkProfile","fbcfac3f-8459-419f-8e48-1f0b49cdb85e","Microsoft-Windows-NetworkProfile/Operational","1396","3512","rjaf-PC4429","S-1-5-19","5/24/2015 11:42:29 PM",,,"c:\users\mac_1\desktop\winevt\logs\microsoft-windows-networkprofile%4operational.evtx","System.UInt32[]","System.Diagnostics.Eventing.Reader.EventBookmark","Information","Info",,"System.Collections.ObjectModel.ReadOnlyCollection`1[System.String]","System.Collections.Generic.List`1[System.Diagnostics.Eventing.Reader.EventProperty]"
"Transitioning to State: Identified Network Interface Guid: {9819BC20-693D-4F54-9CE8-7BFD5AD735CE}","4002","0",,"4","1","2","4612002677776187392","10320","Microsoft-Windows-NetworkProfile","fbcfac3f-8459-419f-8e48-1f0b49cdb85e","Microsoft-Windows-NetworkProfile/Operational","1396","3476","rjaf-PC4429","S-1-5-19","5/24/2015 11:42:29 PM",,,"c:\users\mac_1\desktop\winevt\logs\microsoft-windows-networkprofile%4operational.evtx","System.UInt32[]","System.Diagnostics.Eventing.Reader.EventBookmark","Information","Stop","Wait for Identification","System.Collections.ObjectModel.ReadOnlyCollection`1[System.String]","System.Collections.Generic.List`1[System.Diagnostics.Eventing.Reader.EventProperty]"
"Network Disconnected
	Name: Network  3
	Desc: Network
	Type: Unmanaged
	State: Disconnected
	Category: Public
","10001","0",,"4","0","0","4611721202799476736","10319","Microsoft-Windows-NetworkProfile","fbcfac3f-8459-419f-8e48-1f0b49cdb85e","Microsoft-Windows-NetworkProfile/Operational","1500","2520","rjaf-PC4429","S-1-5-19","5/24/2015 2:03:20 PM",,,"c:\users\mac_1\desktop\winevt\logs\microsoft-windows-networkprofile%4operational.evtx","System.UInt32[]","System.Diagnostics.Eventing.Reader.EventBookmark","Information","Info",,"System.Collections.ObjectModel.ReadOnlyCollection`1[System.String]","System.Collections.Generic.List`1[System.Diagnostics.Eventing.Reader.EventProperty]"
"Network Connected
	Name: Identifying...
	Desc: Identifying...
	Type: Unmanaged
	State: Connected,IPV4 (Internet),IPV6 (Local)
	Category: Public
","10000","0",,"4","0","0","4611721202799476736","10318","Microsoft-Windows-NetworkProfile","fbcfac3f-8459-419f-8e48-1f0b49cdb85e","Microsoft-Windows-NetworkProfile/Operational","1500","2520","rjaf-PC4429","S-1-5-19","5/24/2015 2:03:20 PM",,,"c:\users\mac_1\desktop\winevt\logs\microsoft-windows-networkprofile%4operational.evtx","System.UInt32[]","System.Diagnostics.Eventing.Reader.EventBookmark","Information","Info",,"System.Collections.ObjectModel.ReadOnlyCollection`1[System.String]","System.Collections.Generic.List`1[System.Diagnostics.Eventing.Reader.EventProperty]"
"Entered State: Identifying Network Interface Guid: {9819BC20-693D-4F54-9CE8-7BFD5AD735CE}","4001","0",,"4","1","1","4611721202799476736","10317","Microsoft-Windows-NetworkProfile","fbcfac3f-8459-419f-8e48-1f0b49cdb85e","Microsoft-Windows-NetworkProfile/Operational","1500","3812","rjaf-PC4429","S-1-5-19","5/24/2015 2:03:20 PM",,,"c:\users\mac_1\desktop\winevt\logs\microsoft-windows-networkprofile%4operational.evtx","System.UInt32[]","System.Diagnostics.Eventing.Reader.EventBookmark","Information","Start","Wait for Identification","System.Collections.ObjectModel.ReadOnlyCollection`1[System.String]","System.Collections.Generic.List`1[System.Diagnostics.Eventing.Reader.EventProperty]"
"Network Connected
	Name: Network  3
	Desc: Network
	Type: Unmanaged
	State: Connected
	Category: Public
","10000","0",,"4","0","0","4611721202799476736","10316","Microsoft-Windows-NetworkProfile","fbcfac3f-8459-419f-8e48-1f0b49cdb85e","Microsoft-Windows-NetworkProfile/Operational","1500","2520","rjaf-PC4429","S-1-5-19","5/24/2015 10:36:03 AM",,,"c:\users\mac_1\desktop\winevt\logs\microsoft-windows-networkprofile%4operational.evtx","System.UInt32[]","System.Diagnostics.Eventing.Reader.EventBookmark","Information","Info",,"System.Collections.ObjectModel.ReadOnlyCollection`1[System.String]","System.Collections.Generic.List`1[System.Diagnostics.Eventing.Reader.EventProperty]"
"Transitioning to State: Identified Network Interface Guid: {9819BC20-693D-4F54-9CE8-7BFD5AD735CE}","4002","0",,"4","1","2","4612002677776187392","10315","Microsoft-Windows-NetworkProfile","fbcfac3f-8459-419f-8e48-1f0b49cdb85e","Microsoft-Windows-NetworkProfile/Operational","1500","2460","rjaf-PC4429","S-1-5-19","5/24/2015 10:35:58 AM",,,"c:\users\mac_1\desktop\winevt\logs\microsoft-windows-networkprofile%4operational.evtx","System.UInt32[]","System.Diagnostics.Eventing.Reader.EventBookmark","Information","Stop","Wait for Identification","System.Collections.ObjectModel.ReadOnlyCollection`1[System.String]","System.Collections.Generic.List`1[System.Diagnostics.Eventing.Reader.EventProperty]"
"Network Disconnected
	Name: Network  3
	Desc: Network
	Type: Unmanaged
	State: Disconnected
	Category: Public
","10001","0",,"4","0","0","4611721202799476736","10314","Microsoft-Windows-NetworkProfile","fbcfac3f-8459-419f-8e48-1f0b49cdb85e","Microsoft-Windows-NetworkProfile/Operational","1500","2520","rjaf-PC4429","S-1-5-19","5/24/2015 10:35:56 AM",,,"c:\users\mac_1\desktop\winevt\logs\microsoft-windows-networkprofile%4operational.evtx","System.UInt32[]","System.Diagnostics.Eventing.Reader.EventBookmark","Information","Info",,"System.Collections.ObjectModel.ReadOnlyCollection`1[System.String]","System.Collections.Generic.List`1[System.Diagnostics.Eventing.Reader.EventProperty]"
"Network Connected
	Name: Network  3
	Desc: Network
	Type: Unmanaged
	State: Connected,IPV4 (Local)
	Category: Public
","10000","0",,"4","0","0","4611721202799476736","10313","Microsoft-Windows-NetworkProfile","fbcfac3f-8459-419f-8e48-1f0b49cdb85e","Microsoft-Windows-NetworkProfile/Operational","1500","2520","rjaf-PC4429","S-1-5-19","5/23/2015 11:44:12 PM",,,"c:\users\mac_1\desktop\winevt\logs\microsoft-windows-networkprofile%4operational.evtx","System.UInt32[]","System.Diagnostics.Eventing.Reader.EventBookmark","Information","Info",,"System.Collections.ObjectModel.ReadOnlyCollection`1[System.String]","System.Collections.Generic.List`1[System.Diagnostics.Eventing.Reader.EventProperty]"
"Transitioning to State: Identified Network Interface Guid: {9819BC20-693D-4F54-9CE8-7BFD5AD735CE}","4002","0",,"4","1","2","4612002677776187392","10312","Microsoft-Windows-NetworkProfile","fbcfac3f-8459-419f-8e48-1f0b49cdb85e","Microsoft-Windows-NetworkProfile/Operational","1500","2016","rjaf-PC4429","S-1-5-19","5/23/2015 11:44:12 PM",,,"c:\users\mac_1\desktop\winevt\logs\microsoft-windows-networkprofile%4operational.evtx","System.UInt32[]","System.Diagnostics.Eventing.Reader.EventBookmark","Information","Stop","Wait for Identification","System.Collections.ObjectModel.ReadOnlyCollection`1[System.String]","System.Collections.Generic.List`1[System.Diagnostics.Eventing.Reader.EventProperty]"
"Network Connected
	Name: Identifying...
	Desc: Identifying...
	Type: Unmanaged
	State: Connected
	Category: Public
","10000","0",,"4","0","0","4611721202799476736","10311","Microsoft-Windows-NetworkProfile","fbcfac3f-8459-419f-8e48-1f0b49cdb85e","Microsoft-Windows-NetworkProfile/Operational","1500","2520","rjaf-PC4429","S-1-5-19","5/23/2015 11:44:11 PM",,,"c:\users\mac_1\desktop\winevt\logs\microsoft-windows-networkprofile%4operational.evtx","System.UInt32[]","System.Diagnostics.Eventing.Reader.EventBookmark","Information","Info",,"System.Collections.ObjectModel.ReadOnlyCollection`1[System.String]","System.Collections.Generic.List`1[System.Diagnostics.Eventing.Reader.EventProperty]"
"Entered State: Identifying Network Interface Guid: {9819BC20-693D-4F54-9CE8-7BFD5AD735CE}","4001","0",,"4","1","1","4611721202799476736","10310","Microsoft-Windows-NetworkProfile","fbcfac3f-8459-419f-8e48-1f0b49cdb85e","Microsoft-Windows-NetworkProfile/Operational","1500","2516","rjaf-PC4429","S-1-5-19","5/23/2015 11:44:11 PM",,,"c:\users\mac_1\desktop\winevt\logs\microsoft-windows-networkprofile%4operational.evtx","System.UInt32[]","System.Diagnostics.Eventing.Reader.EventBookmark","Information","Start","Wait for Identification","System.Collections.ObjectModel.ReadOnlyCollection`1[System.String]","System.Collections.Generic.List`1[System.Diagnostics.Eventing.Reader.EventProperty]"
