"Possible heap corruption detected (exception code 3221225477). Initiating further diagnostics.","2","0",,"4","0","0","-9222246136947933184","648","Microsoft-Windows-WER-Diag","ad8aa069-a01b-40a0-ba40-948d1d8dedc5","Microsoft-Windows-WER-Diag/Operational","1076","932","rjaf-PC4429","S-1-5-21-1634558665-2257203147-3060767804-1000","6/24/2015 6:50:40 PM",,,"c:\users\mac_1\desktop\winevt\logs\microsoft-windows-wer-diag%4operational.evtx","System.UInt32[]","System.Diagnostics.Eventing.Reader.EventBookmark","Information","Info",,"System.Collections.ObjectModel.ReadOnlyCollection`1[System.String]","System.Collections.Generic.List`1[System.Diagnostics.Eventing.Reader.EventProperty]"
"Possible heap corruption detected (exception code 3221225477). Initiating further diagnostics.","2","0",,"4","0","0","-9222246136947933184","647","Microsoft-Windows-WER-Diag","ad8aa069-a01b-40a0-ba40-948d1d8dedc5","Microsoft-Windows-WER-Diag/Operational","3208","2400","rjaf-PC4429","S-1-5-21-1634558665-2257203147-3060767804-1000","6/24/2015 6:50:31 PM",,,"c:\users\mac_1\desktop\winevt\logs\microsoft-windows-wer-diag%4operational.evtx","System.UInt32[]","System.Diagnostics.Eventing.Reader.EventBookmark","Information","Info",,"System.Collections.ObjectModel.ReadOnlyCollection`1[System.String]","System.Collections.Generic.List`1[System.Diagnostics.Eventing.Reader.EventProperty]"
"Possible heap corruption detected (exception code 3221225477). Initiating further diagnostics.","2","0",,"4","0","0","-9222246136947933184","646","Microsoft-Windows-WER-Diag","ad8aa069-a01b-40a0-ba40-948d1d8dedc5","Microsoft-Windows-WER-Diag/Operational","336","5064","rjaf-PC4429","S-1-5-21-1634558665-2257203147-3060767804-1000","6/24/2015 6:50:21 PM",,,"c:\users\mac_1\desktop\winevt\logs\microsoft-windows-wer-diag%4operational.evtx","System.UInt32[]","System.Diagnostics.Eventing.Reader.EventBookmark","Information","Info",,"System.Collections.ObjectModel.ReadOnlyCollection`1[System.String]","System.Collections.Generic.List`1[System.Diagnostics.Eventing.Reader.EventProperty]"
"Possible heap corruption detected (exception code 3221225477). Initiating further diagnostics.","2","0",,"4","0","0","-9222246136947933184","645","Microsoft-Windows-WER-Diag","ad8aa069-a01b-40a0-ba40-948d1d8dedc5","Microsoft-Windows-WER-Diag/Operational","5520","5904","rjaf-PC4429","S-1-5-21-1634558665-2257203147-3060767804-1000","6/24/2015 6:50:12 PM",,,"c:\users\mac_1\desktop\winevt\logs\microsoft-windows-wer-diag%4operational.evtx","System.UInt32[]","System.Diagnostics.Eventing.Reader.EventBookmark","Information","Info",,"System.Collections.ObjectModel.ReadOnlyCollection`1[System.String]","System.Collections.Generic.List`1[System.Diagnostics.Eventing.Reader.EventProperty]"
"Possible heap corruption detected (exception code 3221225477). Initiating further diagnostics.","2","0",,"4","0","0","-9222246136947933184","644","Microsoft-Windows-WER-Diag","ad8aa069-a01b-40a0-ba40-948d1d8dedc5","Microsoft-Windows-WER-Diag/Operational","5564","2772","rjaf-PC4429","S-1-5-21-1634558665-2257203147-3060767804-1000","6/24/2015 6:50:03 PM",,,"c:\users\mac_1\desktop\winevt\logs\microsoft-windows-wer-diag%4operational.evtx","System.UInt32[]","System.Diagnostics.Eventing.Reader.EventBookmark","Information","Info",,"System.Collections.ObjectModel.ReadOnlyCollection`1[System.String]","System.Collections.Generic.List`1[System.Diagnostics.Eventing.Reader.EventProperty]"
"Possible heap corruption detected (exception code 3221225477). Initiating further diagnostics.","2","0",,"4","0","0","-9222246136947933184","643","Microsoft-Windows-WER-Diag","ad8aa069-a01b-40a0-ba40-948d1d8dedc5","Microsoft-Windows-WER-Diag/Operational","2612","4352","rjaf-PC4429","S-1-5-21-1634558665-2257203147-3060767804-1000","6/24/2015 6:49:55 PM",,,"c:\users\mac_1\desktop\winevt\logs\microsoft-windows-wer-diag%4operational.evtx","System.UInt32[]","System.Diagnostics.Eventing.Reader.EventBookmark","Information","Info",,"System.Collections.ObjectModel.ReadOnlyCollection`1[System.String]","System.Collections.Generic.List`1[System.Diagnostics.Eventing.Reader.EventProperty]"
"Possible heap corruption detected (exception code 3221225477). Initiating further diagnostics.","2","0",,"4","0","0","-9222246136947933184","642","Microsoft-Windows-WER-Diag","ad8aa069-a01b-40a0-ba40-948d1d8dedc5","Microsoft-Windows-WER-Diag/Operational","4248","1752","rjaf-PC4429","S-1-5-21-1634558665-2257203147-3060767804-1000","6/24/2015 6:49:46 PM",,,"c:\users\mac_1\desktop\winevt\logs\microsoft-windows-wer-diag%4operational.evtx","System.UInt32[]","System.Diagnostics.Eventing.Reader.EventBookmark","Information","Info",,"System.Collections.ObjectModel.ReadOnlyCollection`1[System.String]","System.Collections.Generic.List`1[System.Diagnostics.Eventing.Reader.EventProperty]"
"Possible heap corruption detected (exception code 3221225477). Initiating further diagnostics.","2","0",,"4","0","0","-9222246136947933184","641","Microsoft-Windows-WER-Diag","ad8aa069-a01b-40a0-ba40-948d1d8dedc5","Microsoft-Windows-WER-Diag/Operational","5336","2404","rjaf-PC4429","S-1-5-21-1634558665-2257203147-3060767804-1000","6/24/2015 6:49:37 PM",,,"c:\users\mac_1\desktop\winevt\logs\microsoft-windows-wer-diag%4operational.evtx","System.UInt32[]","System.Diagnostics.Eventing.Reader.EventBookmark","Information","Info",,"System.Collections.ObjectModel.ReadOnlyCollection`1[System.String]","System.Collections.Generic.List`1[System.Diagnostics.Eventing.Reader.EventProperty]"
"Possible heap corruption detected (exception code 3221225477). Initiating further diagnostics.","2","0",,"4","0","0","-9222246136947933184","640","Microsoft-Windows-WER-Diag","ad8aa069-a01b-40a0-ba40-948d1d8dedc5","Microsoft-Windows-WER-Diag/Operational","5256","188","rjaf-PC4429","S-1-5-21-1634558665-2257203147-3060767804-1000","6/24/2015 6:49:28 PM",,,"c:\users\mac_1\desktop\winevt\logs\microsoft-windows-wer-diag%4operational.evtx","System.UInt32[]","System.Diagnostics.Eventing.Reader.EventBookmark","Information","Info",,"System.Collections.ObjectModel.ReadOnlyCollection`1[System.String]","System.Collections.Generic.List`1[System.Diagnostics.Eventing.Reader.EventProperty]"
"Possible heap corruption detected (exception code 3221225477). Initiating further diagnostics.","2","0",,"4","0","0","-9222246136947933184","639","Microsoft-Windows-WER-Diag","ad8aa069-a01b-40a0-ba40-948d1d8dedc5","Microsoft-Windows-WER-Diag/Operational","6004","4104","rjaf-PC4429","S-1-5-21-1634558665-2257203147-3060767804-1000","6/24/2015 6:49:19 PM",,,"c:\users\mac_1\desktop\winevt\logs\microsoft-windows-wer-diag%4operational.evtx","System.UInt32[]","System.Diagnostics.Eventing.Reader.EventBookmark","Information","Info",,"System.Collections.ObjectModel.ReadOnlyCollection`1[System.String]","System.Collections.Generic.List`1[System.Diagnostics.Eventing.Reader.EventProperty]"
"Possible heap corruption detected (exception code 3221225477). Initiating further diagnostics.","2","0",,"4","0","0","-9222246136947933184","638","Microsoft-Windows-WER-Diag","ad8aa069-a01b-40a0-ba40-948d1d8dedc5","Microsoft-Windows-WER-Diag/Operational","3144","4032","rjaf-PC4429","S-1-5-21-1634558665-2257203147-3060767804-1000","6/24/2015 6:49:10 PM",,,"c:\users\mac_1\desktop\winevt\logs\microsoft-windows-wer-diag%4operational.evtx","System.UInt32[]","System.Diagnostics.Eventing.Reader.EventBookmark","Information","Info",,"System.Collections.ObjectModel.ReadOnlyCollection`1[System.String]","System.Collections.Generic.List`1[System.Diagnostics.Eventing.Reader.EventProperty]"
"Possible heap corruption detected (exception code 3221225477). Initiating further diagnostics.","2","0",,"4","0","0","-9222246136947933184","637","Microsoft-Windows-WER-Diag","ad8aa069-a01b-40a0-ba40-948d1d8dedc5","Microsoft-Windows-WER-Diag/Operational","1700","1484","rjaf-PC4429","S-1-5-21-1634558665-2257203147-3060767804-1000","6/24/2015 6:49:01 PM",,,"c:\users\mac_1\desktop\winevt\logs\microsoft-windows-wer-diag%4operational.evtx","System.UInt32[]","System.Diagnostics.Eventing.Reader.EventBookmark","Information","Info",,"System.Collections.ObjectModel.ReadOnlyCollection`1[System.String]","System.Collections.Generic.List`1[System.Diagnostics.Eventing.Reader.EventProperty]"
"Possible heap corruption detected (exception code 3221225477). Initiating further diagnostics.","2","0",,"4","0","0","-9222246136947933184","636","Microsoft-Windows-WER-Diag","ad8aa069-a01b-40a0-ba40-948d1d8dedc5","Microsoft-Windows-WER-Diag/Operational","1292","6132","rjaf-PC4429","S-1-5-21-1634558665-2257203147-3060767804-1000","6/24/2015 6:18:39 PM",,,"c:\users\mac_1\desktop\winevt\logs\microsoft-windows-wer-diag%4operational.evtx","System.UInt32[]","System.Diagnostics.Eventing.Reader.EventBookmark","Information","Info",,"System.Collections.ObjectModel.ReadOnlyCollection`1[System.String]","System.Collections.Generic.List`1[System.Diagnostics.Eventing.Reader.EventProperty]"
"Possible heap corruption detected (exception code 3221225477). Initiating further diagnostics.","2","0",,"4","0","0","-9222246136947933184","635","Microsoft-Windows-WER-Diag","ad8aa069-a01b-40a0-ba40-948d1d8dedc5","Microsoft-Windows-WER-Diag/Operational","5116","5860","rjaf-PC4429","S-1-5-21-1634558665-2257203147-3060767804-1000","6/24/2015 6:18:30 PM",,,"c:\users\mac_1\desktop\winevt\logs\microsoft-windows-wer-diag%4operational.evtx","System.UInt32[]","System.Diagnostics.Eventing.Reader.EventBookmark","Information","Info",,"System.Collections.ObjectModel.ReadOnlyCollection`1[System.String]","System.Collections.Generic.List`1[System.Diagnostics.Eventing.Reader.EventProperty]"
"Possible heap corruption detected (exception code 3221225477). Initiating further diagnostics.","2","0",,"4","0","0","-9222246136947933184","634","Microsoft-Windows-WER-Diag","ad8aa069-a01b-40a0-ba40-948d1d8dedc5","Microsoft-Windows-WER-Diag/Operational","2452","2524","rjaf-PC4429","S-1-5-21-1634558665-2257203147-3060767804-1000","6/24/2015 6:18:21 PM",,,"c:\users\mac_1\desktop\winevt\logs\microsoft-windows-wer-diag%4operational.evtx","System.UInt32[]","System.Diagnostics.Eventing.Reader.EventBookmark","Information","Info",,"System.Collections.ObjectModel.ReadOnlyCollection`1[System.String]","System.Collections.Generic.List`1[System.Diagnostics.Eventing.Reader.EventProperty]"
"Possible heap corruption detected (exception code 3221225477). Initiating further diagnostics.","2","0",,"4","0","0","-9222246136947933184","633","Microsoft-Windows-WER-Diag","ad8aa069-a01b-40a0-ba40-948d1d8dedc5","Microsoft-Windows-WER-Diag/Operational","372","2252","rjaf-PC4429","S-1-5-21-1634558665-2257203147-3060767804-1000","6/24/2015 6:18:12 PM",,,"c:\users\mac_1\desktop\winevt\logs\microsoft-windows-wer-diag%4operational.evtx","System.UInt32[]","System.Diagnostics.Eventing.Reader.EventBookmark","Information","Info",,"System.Collections.ObjectModel.ReadOnlyCollection`1[System.String]","System.Collections.Generic.List`1[System.Diagnostics.Eventing.Reader.EventProperty]"
"Possible heap corruption detected (exception code 3221225477). Initiating further diagnostics.","2","0",,"4","0","0","-9222246136947933184","632","Microsoft-Windows-WER-Diag","ad8aa069-a01b-40a0-ba40-948d1d8dedc5","Microsoft-Windows-WER-Diag/Operational","5708","2240","rjaf-PC4429","S-1-5-21-1634558665-2257203147-3060767804-1000","6/24/2015 6:18:03 PM",,,"c:\users\mac_1\desktop\winevt\logs\microsoft-windows-wer-diag%4operational.evtx","System.UInt32[]","System.Diagnostics.Eventing.Reader.EventBookmark","Information","Info",,"System.Collections.ObjectModel.ReadOnlyCollection`1[System.String]","System.Collections.Generic.List`1[System.Diagnostics.Eventing.Reader.EventProperty]"
"Possible heap corruption detected (exception code 3221225477). Initiating further diagnostics.","2","0",,"4","0","0","-9222246136947933184","631","Microsoft-Windows-WER-Diag","ad8aa069-a01b-40a0-ba40-948d1d8dedc5","Microsoft-Windows-WER-Diag/Operational","4260","2652","rjaf-PC4429","S-1-5-21-1634558665-2257203147-3060767804-1000","6/24/2015 6:17:55 PM",,,"c:\users\mac_1\desktop\winevt\logs\microsoft-windows-wer-diag%4operational.evtx","System.UInt32[]","System.Diagnostics.Eventing.Reader.EventBookmark","Information","Info",,"System.Collections.ObjectModel.ReadOnlyCollection`1[System.String]","System.Collections.Generic.List`1[System.Diagnostics.Eventing.Reader.EventProperty]"
"Possible heap corruption detected (exception code 3221225477). Initiating further diagnostics.","2","0",,"4","0","0","-9222246136947933184","630","Microsoft-Windows-WER-Diag","ad8aa069-a01b-40a0-ba40-948d1d8dedc5","Microsoft-Windows-WER-Diag/Operational","2620","5516","rjaf-PC4429","S-1-5-21-1634558665-2257203147-3060767804-1000","6/24/2015 6:17:46 PM",,,"c:\users\mac_1\desktop\winevt\logs\microsoft-windows-wer-diag%4operational.evtx","System.UInt32[]","System.Diagnostics.Eventing.Reader.EventBookmark","Information","Info",,"System.Collections.ObjectModel.ReadOnlyCollection`1[System.String]","System.Collections.Generic.List`1[System.Diagnostics.Eventing.Reader.EventProperty]"
"Possible heap corruption detected (exception code 3221225477). Initiating further diagnostics.","2","0",,"4","0","0","-9222246136947933184","629","Microsoft-Windows-WER-Diag","ad8aa069-a01b-40a0-ba40-948d1d8dedc5","Microsoft-Windows-WER-Diag/Operational","3508","2032","rjaf-PC4429","S-1-5-21-1634558665-2257203147-3060767804-1000","6/24/2015 6:17:37 PM",,,"c:\users\mac_1\desktop\winevt\logs\microsoft-windows-wer-diag%4operational.evtx","System.UInt32[]","System.Diagnostics.Eventing.Reader.EventBookmark","Information","Info",,"System.Collections.ObjectModel.ReadOnlyCollection`1[System.String]","System.Collections.Generic.List`1[System.Diagnostics.Eventing.Reader.EventProperty]"
"Possible heap corruption detected (exception code 3221225477). Initiating further diagnostics.","2","0",,"4","0","0","-9222246136947933184","628","Microsoft-Windows-WER-Diag","ad8aa069-a01b-40a0-ba40-948d1d8dedc5","Microsoft-Windows-WER-Diag/Operational","5072","4028","rjaf-PC4429","S-1-5-21-1634558665-2257203147-3060767804-1000","6/24/2015 6:17:28 PM",,,"c:\users\mac_1\desktop\winevt\logs\microsoft-windows-wer-diag%4operational.evtx","System.UInt32[]","System.Diagnostics.Eventing.Reader.EventBookmark","Information","Info",,"System.Collections.ObjectModel.ReadOnlyCollection`1[System.String]","System.Collections.Generic.List`1[System.Diagnostics.Eventing.Reader.EventProperty]"
"Possible heap corruption detected (exception code 3221225477). Initiating further diagnostics.","2","0",,"4","0","0","-9222246136947933184","627","Microsoft-Windows-WER-Diag","ad8aa069-a01b-40a0-ba40-948d1d8dedc5","Microsoft-Windows-WER-Diag/Operational","1300","5008","rjaf-PC4429","S-1-5-21-1634558665-2257203147-3060767804-1000","6/24/2015 6:17:19 PM",,,"c:\users\mac_1\desktop\winevt\logs\microsoft-windows-wer-diag%4operational.evtx","System.UInt32[]","System.Diagnostics.Eventing.Reader.EventBookmark","Information","Info",,"System.Collections.ObjectModel.ReadOnlyCollection`1[System.String]","System.Collections.Generic.List`1[System.Diagnostics.Eventing.Reader.EventProperty]"
"Possible heap corruption detected (exception code 3221225477). Initiating further diagnostics.","2","0",,"4","0","0","-9222246136947933184","626","Microsoft-Windows-WER-Diag","ad8aa069-a01b-40a0-ba40-948d1d8dedc5","Microsoft-Windows-WER-Diag/Operational","404","928","rjaf-PC4429","S-1-5-21-1634558665-2257203147-3060767804-1000","6/24/2015 5:46:57 PM",,,"c:\users\mac_1\desktop\winevt\logs\microsoft-windows-wer-diag%4operational.evtx","System.UInt32[]","System.Diagnostics.Eventing.Reader.EventBookmark","Information","Info",,"System.Collections.ObjectModel.ReadOnlyCollection`1[System.String]","System.Collections.Generic.List`1[System.Diagnostics.Eventing.Reader.EventProperty]"
"Possible heap corruption detected (exception code 3221225477). Initiating further diagnostics.","2","0",,"4","0","0","-9222246136947933184","625","Microsoft-Windows-WER-Diag","ad8aa069-a01b-40a0-ba40-948d1d8dedc5","Microsoft-Windows-WER-Diag/Operational","3476","5152","rjaf-PC4429","S-1-5-21-1634558665-2257203147-3060767804-1000","6/24/2015 5:46:47 PM",,,"c:\users\mac_1\desktop\winevt\logs\microsoft-windows-wer-diag%4operational.evtx","System.UInt32[]","System.Diagnostics.Eventing.Reader.EventBookmark","Information","Info",,"System.Collections.ObjectModel.ReadOnlyCollection`1[System.String]","System.Collections.Generic.List`1[System.Diagnostics.Eventing.Reader.EventProperty]"
"Possible heap corruption detected (exception code 3221225477). Initiating further diagnostics.","2","0",,"4","0","0","-9222246136947933184","624","Microsoft-Windows-WER-Diag","ad8aa069-a01b-40a0-ba40-948d1d8dedc5","Microsoft-Windows-WER-Diag/Operational","896","6108","rjaf-PC4429","S-1-5-21-1634558665-2257203147-3060767804-1000","6/24/2015 5:16:32 PM",,,"c:\users\mac_1\desktop\winevt\logs\microsoft-windows-wer-diag%4operational.evtx","System.UInt32[]","System.Diagnostics.Eventing.Reader.EventBookmark","Information","Info",,"System.Collections.ObjectModel.ReadOnlyCollection`1[System.String]","System.Collections.Generic.List`1[System.Diagnostics.Eventing.Reader.EventProperty]"
"Possible heap corruption detected (exception code 3221225477). Initiating further diagnostics.","2","0",,"4","0","0","-9222246136947933184","623","Microsoft-Windows-WER-Diag","ad8aa069-a01b-40a0-ba40-948d1d8dedc5","Microsoft-Windows-WER-Diag/Operational","5712","2708","rjaf-PC4429","S-1-5-21-1634558665-2257203147-3060767804-1000","6/24/2015 5:16:25 PM",,,"c:\users\mac_1\desktop\winevt\logs\microsoft-windows-wer-diag%4operational.evtx","System.UInt32[]","System.Diagnostics.Eventing.Reader.EventBookmark","Information","Info",,"System.Collections.ObjectModel.ReadOnlyCollection`1[System.String]","System.Collections.Generic.List`1[System.Diagnostics.Eventing.Reader.EventProperty]"
"Possible heap corruption detected (exception code 3221225477). Initiating further diagnostics.","2","0",,"4","0","0","-9222246136947933184","622","Microsoft-Windows-WER-Diag","ad8aa069-a01b-40a0-ba40-948d1d8dedc5","Microsoft-Windows-WER-Diag/Operational","4792","2192","rjaf-PC4429","S-1-5-21-1634558665-2257203147-3060767804-1000","6/24/2015 4:46:03 PM",,,"c:\users\mac_1\desktop\winevt\logs\microsoft-windows-wer-diag%4operational.evtx","System.UInt32[]","System.Diagnostics.Eventing.Reader.EventBookmark","Information","Info",,"System.Collections.ObjectModel.ReadOnlyCollection`1[System.String]","System.Collections.Generic.List`1[System.Diagnostics.Eventing.Reader.EventProperty]"
"Possible heap corruption detected (exception code 3221225477). Initiating further diagnostics.","2","0",,"4","0","0","-9222246136947933184","621","Microsoft-Windows-WER-Diag","ad8aa069-a01b-40a0-ba40-948d1d8dedc5","Microsoft-Windows-WER-Diag/Operational","5944","4796","rjaf-PC4429","S-1-5-21-1634558665-2257203147-3060767804-1000","6/24/2015 4:45:54 PM",,,"c:\users\mac_1\desktop\winevt\logs\microsoft-windows-wer-diag%4operational.evtx","System.UInt32[]","System.Diagnostics.Eventing.Reader.EventBookmark","Information","Info",,"System.Collections.ObjectModel.ReadOnlyCollection`1[System.String]","System.Collections.Generic.List`1[System.Diagnostics.Eventing.Reader.EventProperty]"
"Possible heap corruption detected (exception code 3221225477). Initiating further diagnostics.","2","0",,"4","0","0","-9222246136947933184","620","Microsoft-Windows-WER-Diag","ad8aa069-a01b-40a0-ba40-948d1d8dedc5","Microsoft-Windows-WER-Diag/Operational","2304","6044","rjaf-PC4429","S-1-5-21-1634558665-2257203147-3060767804-1000","6/24/2015 4:45:45 PM",,,"c:\users\mac_1\desktop\winevt\logs\microsoft-windows-wer-diag%4operational.evtx","System.UInt32[]","System.Diagnostics.Eventing.Reader.EventBookmark","Information","Info",,"System.Collections.ObjectModel.ReadOnlyCollection`1[System.String]","System.Collections.Generic.List`1[System.Diagnostics.Eventing.Reader.EventProperty]"
"Possible heap corruption detected (exception code 3221225477). Initiating further diagnostics.","2","0",,"4","0","0","-9222246136947933184","619","Microsoft-Windows-WER-Diag","ad8aa069-a01b-40a0-ba40-948d1d8dedc5","Microsoft-Windows-WER-Diag/Operational","5200","4328","rjaf-PC4429","S-1-5-21-1634558665-2257203147-3060767804-1000","6/24/2015 4:45:23 PM",,,"c:\users\mac_1\desktop\winevt\logs\microsoft-windows-wer-diag%4operational.evtx","System.UInt32[]","System.Diagnostics.Eventing.Reader.EventBookmark","Information","Info",,"System.Collections.ObjectModel.ReadOnlyCollection`1[System.String]","System.Collections.Generic.List`1[System.Diagnostics.Eventing.Reader.EventProperty]"
"Possible heap corruption detected (exception code 3221225477). Initiating further diagnostics.","2","0",,"4","0","0","-9222246136947933184","618","Microsoft-Windows-WER-Diag","ad8aa069-a01b-40a0-ba40-948d1d8dedc5","Microsoft-Windows-WER-Diag/Operational","4436","5524","rjaf-PC4429","S-1-5-21-1634558665-2257203147-3060767804-1000","6/24/2015 4:45:13 PM",,,"c:\users\mac_1\desktop\winevt\logs\microsoft-windows-wer-diag%4operational.evtx","System.UInt32[]","System.Diagnostics.Eventing.Reader.EventBookmark","Information","Info",,"System.Collections.ObjectModel.ReadOnlyCollection`1[System.String]","System.Collections.Generic.List`1[System.Diagnostics.Eventing.Reader.EventProperty]"
"Possible heap corruption detected (exception code 3221225477). Initiating further diagnostics.","2","0",,"4","0","0","-9222246136947933184","617","Microsoft-Windows-WER-Diag","ad8aa069-a01b-40a0-ba40-948d1d8dedc5","Microsoft-Windows-WER-Diag/Operational","4928","1256","rjaf-PC4429","S-1-5-21-1634558665-2257203147-3060767804-1000","6/24/2015 4:45:05 PM",,,"c:\users\mac_1\desktop\winevt\logs\microsoft-windows-wer-diag%4operational.evtx","System.UInt32[]","System.Diagnostics.Eventing.Reader.EventBookmark","Information","Info",,"System.Collections.ObjectModel.ReadOnlyCollection`1[System.String]","System.Collections.Generic.List`1[System.Diagnostics.Eventing.Reader.EventProperty]"
"Possible heap corruption detected (exception code 3221225477). Initiating further diagnostics.","2","0",,"4","0","0","-9222246136947933184","616","Microsoft-Windows-WER-Diag","ad8aa069-a01b-40a0-ba40-948d1d8dedc5","Microsoft-Windows-WER-Diag/Operational","1400","4484","rjaf-PC4429","S-1-5-21-1634558665-2257203147-3060767804-1000","6/24/2015 4:44:55 PM",,,"c:\users\mac_1\desktop\winevt\logs\microsoft-windows-wer-diag%4operational.evtx","System.UInt32[]","System.Diagnostics.Eventing.Reader.EventBookmark","Information","Info",,"System.Collections.ObjectModel.ReadOnlyCollection`1[System.String]","System.Collections.Generic.List`1[System.Diagnostics.Eventing.Reader.EventProperty]"
"Possible heap corruption detected (exception code 3221225477). Initiating further diagnostics.","2","0",,"4","0","0","-9222246136947933184","615","Microsoft-Windows-WER-Diag","ad8aa069-a01b-40a0-ba40-948d1d8dedc5","Microsoft-Windows-WER-Diag/Operational","5860","5992","rjaf-PC4429","S-1-5-21-1634558665-2257203147-3060767804-1000","6/21/2015 4:24:04 PM",,,"c:\users\mac_1\desktop\winevt\logs\microsoft-windows-wer-diag%4operational.evtx","System.UInt32[]","System.Diagnostics.Eventing.Reader.EventBookmark","Information","Info",,"System.Collections.ObjectModel.ReadOnlyCollection`1[System.String]","System.Collections.Generic.List`1[System.Diagnostics.Eventing.Reader.EventProperty]"
"Possible heap corruption detected (exception code 3221225477). Initiating further diagnostics.","2","0",,"4","0","0","-9222246136947933184","614","Microsoft-Windows-WER-Diag","ad8aa069-a01b-40a0-ba40-948d1d8dedc5","Microsoft-Windows-WER-Diag/Operational","1720","5232","rjaf-PC4429","S-1-5-21-1634558665-2257203147-3060767804-1000","6/16/2015 6:24:18 AM",,,"c:\users\mac_1\desktop\winevt\logs\microsoft-windows-wer-diag%4operational.evtx","System.UInt32[]","System.Diagnostics.Eventing.Reader.EventBookmark","Information","Info",,"System.Collections.ObjectModel.ReadOnlyCollection`1[System.String]","System.Collections.Generic.List`1[System.Diagnostics.Eventing.Reader.EventProperty]"
"Possible heap corruption detected (exception code 3221225477). Initiating further diagnostics.","2","0",,"4","0","0","-9222246136947933184","613","Microsoft-Windows-WER-Diag","ad8aa069-a01b-40a0-ba40-948d1d8dedc5","Microsoft-Windows-WER-Diag/Operational","4996","3800","rjaf-PC4429","S-1-5-21-1634558665-2257203147-3060767804-1000","6/16/2015 6:24:09 AM",,,"c:\users\mac_1\desktop\winevt\logs\microsoft-windows-wer-diag%4operational.evtx","System.UInt32[]","System.Diagnostics.Eventing.Reader.EventBookmark","Information","Info",,"System.Collections.ObjectModel.ReadOnlyCollection`1[System.String]","System.Collections.Generic.List`1[System.Diagnostics.Eventing.Reader.EventProperty]"
"Possible heap corruption detected (exception code 3221225477). Initiating further diagnostics.","2","0",,"4","0","0","-9222246136947933184","612","Microsoft-Windows-WER-Diag","ad8aa069-a01b-40a0-ba40-948d1d8dedc5","Microsoft-Windows-WER-Diag/Operational","2152","1340","rjaf-PC4429","S-1-5-21-1634558665-2257203147-3060767804-1000","6/16/2015 6:24:00 AM",,,"c:\users\mac_1\desktop\winevt\logs\microsoft-windows-wer-diag%4operational.evtx","System.UInt32[]","System.Diagnostics.Eventing.Reader.EventBookmark","Information","Info",,"System.Collections.ObjectModel.ReadOnlyCollection`1[System.String]","System.Collections.Generic.List`1[System.Diagnostics.Eventing.Reader.EventProperty]"
"Possible heap corruption detected (exception code 3221225477). Initiating further diagnostics.","2","0",,"4","0","0","-9222246136947933184","611","Microsoft-Windows-WER-Diag","ad8aa069-a01b-40a0-ba40-948d1d8dedc5","Microsoft-Windows-WER-Diag/Operational","4224","4296","rjaf-PC4429","S-1-5-21-1634558665-2257203147-3060767804-1000","6/16/2015 6:23:52 AM",,,"c:\users\mac_1\desktop\winevt\logs\microsoft-windows-wer-diag%4operational.evtx","System.UInt32[]","System.Diagnostics.Eventing.Reader.EventBookmark","Information","Info",,"System.Collections.ObjectModel.ReadOnlyCollection`1[System.String]","System.Collections.Generic.List`1[System.Diagnostics.Eventing.Reader.EventProperty]"
"Possible heap corruption detected (exception code 3221225477). Initiating further diagnostics.","2","0",,"4","0","0","-9222246136947933184","610","Microsoft-Windows-WER-Diag","ad8aa069-a01b-40a0-ba40-948d1d8dedc5","Microsoft-Windows-WER-Diag/Operational","4640","4008","rjaf-PC4429","S-1-5-21-1634558665-2257203147-3060767804-1000","6/16/2015 6:23:42 AM",,,"c:\users\mac_1\desktop\winevt\logs\microsoft-windows-wer-diag%4operational.evtx","System.UInt32[]","System.Diagnostics.Eventing.Reader.EventBookmark","Information","Info",,"System.Collections.ObjectModel.ReadOnlyCollection`1[System.String]","System.Collections.Generic.List`1[System.Diagnostics.Eventing.Reader.EventProperty]"
"Possible heap corruption detected (exception code 3221225477). Initiating further diagnostics.","2","0",,"4","0","0","-9222246136947933184","609","Microsoft-Windows-WER-Diag","ad8aa069-a01b-40a0-ba40-948d1d8dedc5","Microsoft-Windows-WER-Diag/Operational","4716","3816","rjaf-PC4429","S-1-5-21-1634558665-2257203147-3060767804-1000","6/16/2015 5:23:06 AM",,,"c:\users\mac_1\desktop\winevt\logs\microsoft-windows-wer-diag%4operational.evtx","System.UInt32[]","System.Diagnostics.Eventing.Reader.EventBookmark","Information","Info",,"System.Collections.ObjectModel.ReadOnlyCollection`1[System.String]","System.Collections.Generic.List`1[System.Diagnostics.Eventing.Reader.EventProperty]"
"Possible heap corruption detected (exception code 3221225477). Initiating further diagnostics.","2","0",,"4","0","0","-9222246136947933184","608","Microsoft-Windows-WER-Diag","ad8aa069-a01b-40a0-ba40-948d1d8dedc5","Microsoft-Windows-WER-Diag/Operational","3996","4920","rjaf-PC4429","S-1-5-21-1634558665-2257203147-3060767804-1000","6/16/2015 4:52:44 AM",,,"c:\users\mac_1\desktop\winevt\logs\microsoft-windows-wer-diag%4operational.evtx","System.UInt32[]","System.Diagnostics.Eventing.Reader.EventBookmark","Information","Info",,"System.Collections.ObjectModel.ReadOnlyCollection`1[System.String]","System.Collections.Generic.List`1[System.Diagnostics.Eventing.Reader.EventProperty]"
"Possible heap corruption detected (exception code 3221225477). Initiating further diagnostics.","2","0",,"4","0","0","-9222246136947933184","607","Microsoft-Windows-WER-Diag","ad8aa069-a01b-40a0-ba40-948d1d8dedc5","Microsoft-Windows-WER-Diag/Operational","5904","4596","rjaf-PC4429","S-1-5-21-1634558665-2257203147-3060767804-1000","6/16/2015 4:52:35 AM",,,"c:\users\mac_1\desktop\winevt\logs\microsoft-windows-wer-diag%4operational.evtx","System.UInt32[]","System.Diagnostics.Eventing.Reader.EventBookmark","Information","Info",,"System.Collections.ObjectModel.ReadOnlyCollection`1[System.String]","System.Collections.Generic.List`1[System.Diagnostics.Eventing.Reader.EventProperty]"
"Possible heap corruption detected (exception code 3221225477). Initiating further diagnostics.","2","0",,"4","0","0","-9222246136947933184","606","Microsoft-Windows-WER-Diag","ad8aa069-a01b-40a0-ba40-948d1d8dedc5","Microsoft-Windows-WER-Diag/Operational","3600","4900","rjaf-PC4429","S-1-5-21-1634558665-2257203147-3060767804-1000","6/16/2015 4:52:26 AM",,,"c:\users\mac_1\desktop\winevt\logs\microsoft-windows-wer-diag%4operational.evtx","System.UInt32[]","System.Diagnostics.Eventing.Reader.EventBookmark","Information","Info",,"System.Collections.ObjectModel.ReadOnlyCollection`1[System.String]","System.Collections.Generic.List`1[System.Diagnostics.Eventing.Reader.EventProperty]"
"Possible heap corruption detected (exception code 3221225477). Initiating further diagnostics.","2","0",,"4","0","0","-9222246136947933184","605","Microsoft-Windows-WER-Diag","ad8aa069-a01b-40a0-ba40-948d1d8dedc5","Microsoft-Windows-WER-Diag/Operational","5512","5364","rjaf-PC4429","S-1-5-21-1634558665-2257203147-3060767804-1000","6/16/2015 4:52:17 AM",,,"c:\users\mac_1\desktop\winevt\logs\microsoft-windows-wer-diag%4operational.evtx","System.UInt32[]","System.Diagnostics.Eventing.Reader.EventBookmark","Information","Info",,"System.Collections.ObjectModel.ReadOnlyCollection`1[System.String]","System.Collections.Generic.List`1[System.Diagnostics.Eventing.Reader.EventProperty]"
"Possible heap corruption detected (exception code 3221225477). Initiating further diagnostics.","2","0",,"4","0","0","-9222246136947933184","604","Microsoft-Windows-WER-Diag","ad8aa069-a01b-40a0-ba40-948d1d8dedc5","Microsoft-Windows-WER-Diag/Operational","3280","5044","rjaf-PC4429","S-1-5-21-1634558665-2257203147-3060767804-1000","6/16/2015 4:52:06 AM",,,"c:\users\mac_1\desktop\winevt\logs\microsoft-windows-wer-diag%4operational.evtx","System.UInt32[]","System.Diagnostics.Eventing.Reader.EventBookmark","Information","Info",,"System.Collections.ObjectModel.ReadOnlyCollection`1[System.String]","System.Collections.Generic.List`1[System.Diagnostics.Eventing.Reader.EventProperty]"
"Possible heap corruption detected (exception code 3221225477). Initiating further diagnostics.","2","0",,"4","0","0","-9222246136947933184","603","Microsoft-Windows-WER-Diag","ad8aa069-a01b-40a0-ba40-948d1d8dedc5","Microsoft-Windows-WER-Diag/Operational","1296","4852","rjaf-PC4429","S-1-5-21-1634558665-2257203147-3060767804-1000","6/16/2015 4:51:58 AM",,,"c:\users\mac_1\desktop\winevt\logs\microsoft-windows-wer-diag%4operational.evtx","System.UInt32[]","System.Diagnostics.Eventing.Reader.EventBookmark","Information","Info",,"System.Collections.ObjectModel.ReadOnlyCollection`1[System.String]","System.Collections.Generic.List`1[System.Diagnostics.Eventing.Reader.EventProperty]"
"Possible heap corruption detected (exception code 3221225477). Initiating further diagnostics.","2","0",,"4","0","0","-9222246136947933184","602","Microsoft-Windows-WER-Diag","ad8aa069-a01b-40a0-ba40-948d1d8dedc5","Microsoft-Windows-WER-Diag/Operational","5328","4208","rjaf-PC4429","S-1-5-21-1634558665-2257203147-3060767804-1000","6/16/2015 4:51:49 AM",,,"c:\users\mac_1\desktop\winevt\logs\microsoft-windows-wer-diag%4operational.evtx","System.UInt32[]","System.Diagnostics.Eventing.Reader.EventBookmark","Information","Info",,"System.Collections.ObjectModel.ReadOnlyCollection`1[System.String]","System.Collections.Generic.List`1[System.Diagnostics.Eventing.Reader.EventProperty]"
"Possible heap corruption detected (exception code 3221225477). Initiating further diagnostics.","2","0",,"4","0","0","-9222246136947933184","601","Microsoft-Windows-WER-Diag","ad8aa069-a01b-40a0-ba40-948d1d8dedc5","Microsoft-Windows-WER-Diag/Operational","4080","5996","rjaf-PC4429","S-1-5-21-1634558665-2257203147-3060767804-1000","6/16/2015 4:51:40 AM",,,"c:\users\mac_1\desktop\winevt\logs\microsoft-windows-wer-diag%4operational.evtx","System.UInt32[]","System.Diagnostics.Eventing.Reader.EventBookmark","Information","Info",,"System.Collections.ObjectModel.ReadOnlyCollection`1[System.String]","System.Collections.Generic.List`1[System.Diagnostics.Eventing.Reader.EventProperty]"
"Possible heap corruption detected (exception code 3221225477). Initiating further diagnostics.","2","0",,"4","0","0","-9222246136947933184","600","Microsoft-Windows-WER-Diag","ad8aa069-a01b-40a0-ba40-948d1d8dedc5","Microsoft-Windows-WER-Diag/Operational","5384","2456","rjaf-PC4429","S-1-5-21-1634558665-2257203147-3060767804-1000","6/16/2015 4:51:31 AM",,,"c:\users\mac_1\desktop\winevt\logs\microsoft-windows-wer-diag%4operational.evtx","System.UInt32[]","System.Diagnostics.Eventing.Reader.EventBookmark","Information","Info",,"System.Collections.ObjectModel.ReadOnlyCollection`1[System.String]","System.Collections.Generic.List`1[System.Diagnostics.Eventing.Reader.EventProperty]"
"Possible heap corruption detected (exception code 3221225477). Initiating further diagnostics.","2","0",,"4","0","0","-9222246136947933184","599","Microsoft-Windows-WER-Diag","ad8aa069-a01b-40a0-ba40-948d1d8dedc5","Microsoft-Windows-WER-Diag/Operational","4216","4632","rjaf-PC4429","S-1-5-21-1634558665-2257203147-3060767804-1000","6/16/2015 4:51:22 AM",,,"c:\users\mac_1\desktop\winevt\logs\microsoft-windows-wer-diag%4operational.evtx","System.UInt32[]","System.Diagnostics.Eventing.Reader.EventBookmark","Information","Info",,"System.Collections.ObjectModel.ReadOnlyCollection`1[System.String]","System.Collections.Generic.List`1[System.Diagnostics.Eventing.Reader.EventProperty]"
"Possible heap corruption detected (exception code 3221225477). Initiating further diagnostics.","2","0",,"4","0","0","-9222246136947933184","598","Microsoft-Windows-WER-Diag","ad8aa069-a01b-40a0-ba40-948d1d8dedc5","Microsoft-Windows-WER-Diag/Operational","4484","5928","rjaf-PC4429","S-1-5-21-1634558665-2257203147-3060767804-1000","6/15/2015 12:29:42 PM",,,"c:\users\mac_1\desktop\winevt\logs\microsoft-windows-wer-diag%4operational.evtx","System.UInt32[]","System.Diagnostics.Eventing.Reader.EventBookmark","Information","Info",,"System.Collections.ObjectModel.ReadOnlyCollection`1[System.String]","System.Collections.Generic.List`1[System.Diagnostics.Eventing.Reader.EventProperty]"
"Possible heap corruption detected (exception code 3221225477). Initiating further diagnostics.","2","0",,"4","0","0","-9222246136947933184","597","Microsoft-Windows-WER-Diag","ad8aa069-a01b-40a0-ba40-948d1d8dedc5","Microsoft-Windows-WER-Diag/Operational","4788","2124","rjaf-PC4429","S-1-5-21-1634558665-2257203147-3060767804-1000","6/15/2015 12:29:33 PM",,,"c:\users\mac_1\desktop\winevt\logs\microsoft-windows-wer-diag%4operational.evtx","System.UInt32[]","System.Diagnostics.Eventing.Reader.EventBookmark","Information","Info",,"System.Collections.ObjectModel.ReadOnlyCollection`1[System.String]","System.Collections.Generic.List`1[System.Diagnostics.Eventing.Reader.EventProperty]"
"Possible heap corruption detected (exception code 3221225477). Initiating further diagnostics.","2","0",,"4","0","0","-9222246136947933184","596","Microsoft-Windows-WER-Diag","ad8aa069-a01b-40a0-ba40-948d1d8dedc5","Microsoft-Windows-WER-Diag/Operational","4136","1336","rjaf-PC4429","S-1-5-21-1634558665-2257203147-3060767804-1000","6/15/2015 12:29:24 PM",,,"c:\users\mac_1\desktop\winevt\logs\microsoft-windows-wer-diag%4operational.evtx","System.UInt32[]","System.Diagnostics.Eventing.Reader.EventBookmark","Information","Info",,"System.Collections.ObjectModel.ReadOnlyCollection`1[System.String]","System.Collections.Generic.List`1[System.Diagnostics.Eventing.Reader.EventProperty]"
"Possible heap corruption detected (exception code 3221225477). Initiating further diagnostics.","2","0",,"4","0","0","-9222246136947933184","595","Microsoft-Windows-WER-Diag","ad8aa069-a01b-40a0-ba40-948d1d8dedc5","Microsoft-Windows-WER-Diag/Operational","1596","2912","rjaf-PC4429","S-1-5-21-1634558665-2257203147-3060767804-1000","6/15/2015 12:29:15 PM",,,"c:\users\mac_1\desktop\winevt\logs\microsoft-windows-wer-diag%4operational.evtx","System.UInt32[]","System.Diagnostics.Eventing.Reader.EventBookmark","Information","Info",,"System.Collections.ObjectModel.ReadOnlyCollection`1[System.String]","System.Collections.Generic.List`1[System.Diagnostics.Eventing.Reader.EventProperty]"
"Possible heap corruption detected (exception code 3221225477). Initiating further diagnostics.","2","0",,"4","0","0","-9222246136947933184","594","Microsoft-Windows-WER-Diag","ad8aa069-a01b-40a0-ba40-948d1d8dedc5","Microsoft-Windows-WER-Diag/Operational","3872","1432","rjaf-PC4429","S-1-5-21-1634558665-2257203147-3060767804-1000","6/15/2015 12:29:06 PM",,,"c:\users\mac_1\desktop\winevt\logs\microsoft-windows-wer-diag%4operational.evtx","System.UInt32[]","System.Diagnostics.Eventing.Reader.EventBookmark","Information","Info",,"System.Collections.ObjectModel.ReadOnlyCollection`1[System.String]","System.Collections.Generic.List`1[System.Diagnostics.Eventing.Reader.EventProperty]"
"Possible heap corruption detected (exception code 3221225477). Initiating further diagnostics.","2","0",,"4","0","0","-9222246136947933184","593","Microsoft-Windows-WER-Diag","ad8aa069-a01b-40a0-ba40-948d1d8dedc5","Microsoft-Windows-WER-Diag/Operational","2316","4688","rjaf-PC4429","S-1-5-21-1634558665-2257203147-3060767804-1000","6/15/2015 11:58:43 AM",,,"c:\users\mac_1\desktop\winevt\logs\microsoft-windows-wer-diag%4operational.evtx","System.UInt32[]","System.Diagnostics.Eventing.Reader.EventBookmark","Information","Info",,"System.Collections.ObjectModel.ReadOnlyCollection`1[System.String]","System.Collections.Generic.List`1[System.Diagnostics.Eventing.Reader.EventProperty]"
"Possible heap corruption detected (exception code 3221225477). Initiating further diagnostics.","2","0",,"4","0","0","-9222246136947933184","592","Microsoft-Windows-WER-Diag","ad8aa069-a01b-40a0-ba40-948d1d8dedc5","Microsoft-Windows-WER-Diag/Operational","4628","5692","rjaf-PC4429","S-1-5-21-1634558665-2257203147-3060767804-1000","6/15/2015 11:58:34 AM",,,"c:\users\mac_1\desktop\winevt\logs\microsoft-windows-wer-diag%4operational.evtx","System.UInt32[]","System.Diagnostics.Eventing.Reader.EventBookmark","Information","Info",,"System.Collections.ObjectModel.ReadOnlyCollection`1[System.String]","System.Collections.Generic.List`1[System.Diagnostics.Eventing.Reader.EventProperty]"
"Possible heap corruption detected (exception code 3221225477). Initiating further diagnostics.","2","0",,"4","0","0","-9222246136947933184","591","Microsoft-Windows-WER-Diag","ad8aa069-a01b-40a0-ba40-948d1d8dedc5","Microsoft-Windows-WER-Diag/Operational","4168","5812","rjaf-PC4429","S-1-5-21-1634558665-2257203147-3060767804-1000","6/15/2015 11:58:25 AM",,,"c:\users\mac_1\desktop\winevt\logs\microsoft-windows-wer-diag%4operational.evtx","System.UInt32[]","System.Diagnostics.Eventing.Reader.EventBookmark","Information","Info",,"System.Collections.ObjectModel.ReadOnlyCollection`1[System.String]","System.Collections.Generic.List`1[System.Diagnostics.Eventing.Reader.EventProperty]"
"Possible heap corruption detected (exception code 3221225477). Initiating further diagnostics.","2","0",,"4","0","0","-9222246136947933184","590","Microsoft-Windows-WER-Diag","ad8aa069-a01b-40a0-ba40-948d1d8dedc5","Microsoft-Windows-WER-Diag/Operational","3588","1364","rjaf-PC4429","S-1-5-21-1634558665-2257203147-3060767804-1000","6/15/2015 11:58:17 AM",,,"c:\users\mac_1\desktop\winevt\logs\microsoft-windows-wer-diag%4operational.evtx","System.UInt32[]","System.Diagnostics.Eventing.Reader.EventBookmark","Information","Info",,"System.Collections.ObjectModel.ReadOnlyCollection`1[System.String]","System.Collections.Generic.List`1[System.Diagnostics.Eventing.Reader.EventProperty]"
"Possible heap corruption detected (exception code 3221225477). Initiating further diagnostics.","2","0",,"4","0","0","-9222246136947933184","589","Microsoft-Windows-WER-Diag","ad8aa069-a01b-40a0-ba40-948d1d8dedc5","Microsoft-Windows-WER-Diag/Operational","3448","1936","rjaf-PC4429","S-1-5-21-1634558665-2257203147-3060767804-1000","6/15/2015 11:58:08 AM",,,"c:\users\mac_1\desktop\winevt\logs\microsoft-windows-wer-diag%4operational.evtx","System.UInt32[]","System.Diagnostics.Eventing.Reader.EventBookmark","Information","Info",,"System.Collections.ObjectModel.ReadOnlyCollection`1[System.String]","System.Collections.Generic.List`1[System.Diagnostics.Eventing.Reader.EventProperty]"
"Possible heap corruption detected (exception code 3221225477). Initiating further diagnostics.","2","0",,"4","0","0","-9222246136947933184","588","Microsoft-Windows-WER-Diag","ad8aa069-a01b-40a0-ba40-948d1d8dedc5","Microsoft-Windows-WER-Diag/Operational","5100","4256","rjaf-PC4429","S-1-5-21-1634558665-2257203147-3060767804-1000","6/15/2015 11:57:59 AM",,,"c:\users\mac_1\desktop\winevt\logs\microsoft-windows-wer-diag%4operational.evtx","System.UInt32[]","System.Diagnostics.Eventing.Reader.EventBookmark","Information","Info",,"System.Collections.ObjectModel.ReadOnlyCollection`1[System.String]","System.Collections.Generic.List`1[System.Diagnostics.Eventing.Reader.EventProperty]"
"Possible heap corruption detected (exception code 3221225477). Initiating further diagnostics.","2","0",,"4","0","0","-9222246136947933184","587","Microsoft-Windows-WER-Diag","ad8aa069-a01b-40a0-ba40-948d1d8dedc5","Microsoft-Windows-WER-Diag/Operational","984","4468","rjaf-PC4429","S-1-5-21-1634558665-2257203147-3060767804-1000","6/15/2015 11:57:50 AM",,,"c:\users\mac_1\desktop\winevt\logs\microsoft-windows-wer-diag%4operational.evtx","System.UInt32[]","System.Diagnostics.Eventing.Reader.EventBookmark","Information","Info",,"System.Collections.ObjectModel.ReadOnlyCollection`1[System.String]","System.Collections.Generic.List`1[System.Diagnostics.Eventing.Reader.EventProperty]"
"Possible heap corruption detected (exception code 3221225477). Initiating further diagnostics.","2","0",,"4","0","0","-9222246136947933184","586","Microsoft-Windows-WER-Diag","ad8aa069-a01b-40a0-ba40-948d1d8dedc5","Microsoft-Windows-WER-Diag/Operational","3392","4892","rjaf-PC4429","S-1-5-21-1634558665-2257203147-3060767804-1000","6/15/2015 11:57:41 AM",,,"c:\users\mac_1\desktop\winevt\logs\microsoft-windows-wer-diag%4operational.evtx","System.UInt32[]","System.Diagnostics.Eventing.Reader.EventBookmark","Information","Info",,"System.Collections.ObjectModel.ReadOnlyCollection`1[System.String]","System.Collections.Generic.List`1[System.Diagnostics.Eventing.Reader.EventProperty]"
"Possible heap corruption detected (exception code 3221225477). Initiating further diagnostics.","2","0",,"4","0","0","-9222246136947933184","585","Microsoft-Windows-WER-Diag","ad8aa069-a01b-40a0-ba40-948d1d8dedc5","Microsoft-Windows-WER-Diag/Operational","5200","5548","rjaf-PC4429","S-1-5-21-1634558665-2257203147-3060767804-1000","6/15/2015 11:57:32 AM",,,"c:\users\mac_1\desktop\winevt\logs\microsoft-windows-wer-diag%4operational.evtx","System.UInt32[]","System.Diagnostics.Eventing.Reader.EventBookmark","Information","Info",,"System.Collections.ObjectModel.ReadOnlyCollection`1[System.String]","System.Collections.Generic.List`1[System.Diagnostics.Eventing.Reader.EventProperty]"
"Possible heap corruption detected (exception code 3221225477). Initiating further diagnostics.","2","0",,"4","0","0","-9222246136947933184","584","Microsoft-Windows-WER-Diag","ad8aa069-a01b-40a0-ba40-948d1d8dedc5","Microsoft-Windows-WER-Diag/Operational","4912","2204","rjaf-PC4429","S-1-5-21-1634558665-2257203147-3060767804-1000","6/15/2015 11:27:09 AM",,,"c:\users\mac_1\desktop\winevt\logs\microsoft-windows-wer-diag%4operational.evtx","System.UInt32[]","System.Diagnostics.Eventing.Reader.EventBookmark","Information","Info",,"System.Collections.ObjectModel.ReadOnlyCollection`1[System.String]","System.Collections.Generic.List`1[System.Diagnostics.Eventing.Reader.EventProperty]"
"Possible heap corruption detected (exception code 3221225477). Initiating further diagnostics.","2","0",,"4","0","0","-9222246136947933184","583","Microsoft-Windows-WER-Diag","ad8aa069-a01b-40a0-ba40-948d1d8dedc5","Microsoft-Windows-WER-Diag/Operational","1336","5044","rjaf-PC4429","S-1-5-21-1634558665-2257203147-3060767804-1000","6/15/2015 11:27:00 AM",,,"c:\users\mac_1\desktop\winevt\logs\microsoft-windows-wer-diag%4operational.evtx","System.UInt32[]","System.Diagnostics.Eventing.Reader.EventBookmark","Information","Info",,"System.Collections.ObjectModel.ReadOnlyCollection`1[System.String]","System.Collections.Generic.List`1[System.Diagnostics.Eventing.Reader.EventProperty]"
"Possible heap corruption detected (exception code 3221225477). Initiating further diagnostics.","2","0",,"4","0","0","-9222246136947933184","582","Microsoft-Windows-WER-Diag","ad8aa069-a01b-40a0-ba40-948d1d8dedc5","Microsoft-Windows-WER-Diag/Operational","4864","5740","rjaf-PC4429","S-1-5-21-1634558665-2257203147-3060767804-1000","6/15/2015 11:26:51 AM",,,"c:\users\mac_1\desktop\winevt\logs\microsoft-windows-wer-diag%4operational.evtx","System.UInt32[]","System.Diagnostics.Eventing.Reader.EventBookmark","Information","Info",,"System.Collections.ObjectModel.ReadOnlyCollection`1[System.String]","System.Collections.Generic.List`1[System.Diagnostics.Eventing.Reader.EventProperty]"
"Possible heap corruption detected (exception code 3221225477). Initiating further diagnostics.","2","0",,"4","0","0","-9222246136947933184","581","Microsoft-Windows-WER-Diag","ad8aa069-a01b-40a0-ba40-948d1d8dedc5","Microsoft-Windows-WER-Diag/Operational","4388","2428","rjaf-PC4429","S-1-5-21-1634558665-2257203147-3060767804-1000","6/15/2015 11:26:41 AM",,,"c:\users\mac_1\desktop\winevt\logs\microsoft-windows-wer-diag%4operational.evtx","System.UInt32[]","System.Diagnostics.Eventing.Reader.EventBookmark","Information","Info",,"System.Collections.ObjectModel.ReadOnlyCollection`1[System.String]","System.Collections.Generic.List`1[System.Diagnostics.Eventing.Reader.EventProperty]"
"Possible heap corruption detected (exception code 3221225477). Initiating further diagnostics.","2","0",,"4","0","0","-9222246136947933184","580","Microsoft-Windows-WER-Diag","ad8aa069-a01b-40a0-ba40-948d1d8dedc5","Microsoft-Windows-WER-Diag/Operational","4212","5228","rjaf-PC4429","S-1-5-21-1634558665-2257203147-3060767804-1000","6/15/2015 11:26:33 AM",,,"c:\users\mac_1\desktop\winevt\logs\microsoft-windows-wer-diag%4operational.evtx","System.UInt32[]","System.Diagnostics.Eventing.Reader.EventBookmark","Information","Info",,"System.Collections.ObjectModel.ReadOnlyCollection`1[System.String]","System.Collections.Generic.List`1[System.Diagnostics.Eventing.Reader.EventProperty]"
"Possible heap corruption detected (exception code 3221225477). Initiating further diagnostics.","2","0",,"4","0","0","-9222246136947933184","579","Microsoft-Windows-WER-Diag","ad8aa069-a01b-40a0-ba40-948d1d8dedc5","Microsoft-Windows-WER-Diag/Operational","2560","3620","rjaf-PC4429","S-1-5-21-1634558665-2257203147-3060767804-1000","6/15/2015 11:26:24 AM",,,"c:\users\mac_1\desktop\winevt\logs\microsoft-windows-wer-diag%4operational.evtx","System.UInt32[]","System.Diagnostics.Eventing.Reader.EventBookmark","Information","Info",,"System.Collections.ObjectModel.ReadOnlyCollection`1[System.String]","System.Collections.Generic.List`1[System.Diagnostics.Eventing.Reader.EventProperty]"
"Possible heap corruption detected (exception code 3221225477). Initiating further diagnostics.","2","0",,"4","0","0","-9222246136947933184","578","Microsoft-Windows-WER-Diag","ad8aa069-a01b-40a0-ba40-948d1d8dedc5","Microsoft-Windows-WER-Diag/Operational","4308","932","rjaf-PC4429","S-1-5-21-1634558665-2257203147-3060767804-1000","6/15/2015 11:26:15 AM",,,"c:\users\mac_1\desktop\winevt\logs\microsoft-windows-wer-diag%4operational.evtx","System.UInt32[]","System.Diagnostics.Eventing.Reader.EventBookmark","Information","Info",,"System.Collections.ObjectModel.ReadOnlyCollection`1[System.String]","System.Collections.Generic.List`1[System.Diagnostics.Eventing.Reader.EventProperty]"
"Possible heap corruption detected (exception code 3221225477). Initiating further diagnostics.","2","0",,"4","0","0","-9222246136947933184","577","Microsoft-Windows-WER-Diag","ad8aa069-a01b-40a0-ba40-948d1d8dedc5","Microsoft-Windows-WER-Diag/Operational","4188","5208","rjaf-PC4429","S-1-5-21-1634558665-2257203147-3060767804-1000","6/15/2015 11:25:57 AM",,,"c:\users\mac_1\desktop\winevt\logs\microsoft-windows-wer-diag%4operational.evtx","System.UInt32[]","System.Diagnostics.Eventing.Reader.EventBookmark","Information","Info",,"System.Collections.ObjectModel.ReadOnlyCollection`1[System.String]","System.Collections.Generic.List`1[System.Diagnostics.Eventing.Reader.EventProperty]"
