"Windows has resumed from standby: 
     Standby Duration		:	10477ms
     Standby Incident Time (UTC)	:	?2015?-?05?-?06T13:44:02.610100400Z
     Resume  Duration		:	1256ms
     Resume  Incident Time (UTC)	:	?2015?-?05?-?06T15:12:24.566078800Z
     IsDegradation			:	false","300","1",,"3","4003","36","-9223372036854710272","2561","Microsoft-Windows-Diagnostics-Performance","cfc18ec0-96b1-4eba-961b-622caee05b0a","Microsoft-Windows-Diagnostics-Performance/Operational","1316","3164","rjaf-PC4429","S-1-5-19","5/6/2015 8:12:32 AM","85f1d364-c89b-0003-c264-cddcdb87d001",,"c:\users\mac_1\desktop\winevt\logs\microsoft-windows-diagnostics-performance%4operational.evtx","System.UInt32[]","System.Diagnostics.Eventing.Reader.EventBookmark","Warning","Standby Information","Standby Performance Monitoring","System.Collections.ObjectModel.ReadOnlyCollection`1[System.String]","System.Collections.Generic.List`1[System.Diagnostics.Eventing.Reader.EventProperty]"
"Windows has started up: 
     Boot Duration		:	49009ms
     IsDegradation		:	false
     Incident Time (UTC)	:	?2015?-?05?-?06T09:05:56.578000100Z","100","2",,"3","4002","34","-9223372036854710272","2560","Microsoft-Windows-Diagnostics-Performance","cfc18ec0-96b1-4eba-961b-622caee05b0a","Microsoft-Windows-Diagnostics-Performance/Operational","1316","1604","rjaf-PC4429","S-1-5-19","5/6/2015 2:08:03 AM","85f1d364-c89b-0003-2864-cddcdb87d001",,"c:\users\mac_1\desktop\winevt\logs\microsoft-windows-diagnostics-performance%4operational.evtx","System.UInt32[]","System.Diagnostics.Eventing.Reader.EventBookmark","Warning","Boot Information","Boot Performance Monitoring","System.Collections.ObjectModel.ReadOnlyCollection`1[System.String]","System.Collections.Generic.List`1[System.Diagnostics.Eventing.Reader.EventProperty]"
"Windows has resumed from standby: 
     Standby Duration		:	9288ms
     Standby Incident Time (UTC)	:	?2015?-?05?-?05T23:58:59.824960900Z
     Resume  Duration		:	1248ms
     Resume  Incident Time (UTC)	:	?2015?-?05?-?06T06:16:10.896693900Z
     IsDegradation			:	false","300","1",,"3","4003","36","-9223372036854710272","2559","Microsoft-Windows-Diagnostics-Performance","cfc18ec0-96b1-4eba-961b-622caee05b0a","Microsoft-Windows-Diagnostics-Performance/Operational","1388","2928","rjaf-PC4429","S-1-5-19","5/5/2015 11:16:38 PM","85f02c9c-589b-0002-2802-8a8ca984d001",,"c:\users\mac_1\desktop\winevt\logs\microsoft-windows-diagnostics-performance%4operational.evtx","System.UInt32[]","System.Diagnostics.Eventing.Reader.EventBookmark","Warning","Standby Information","Standby Performance Monitoring","System.Collections.ObjectModel.ReadOnlyCollection`1[System.String]","System.Collections.Generic.List`1[System.Diagnostics.Eventing.Reader.EventProperty]"
"Windows has resumed from standby: 
     Standby Duration		:	9228ms
     Standby Incident Time (UTC)	:	?2015?-?05?-?05T00:14:18.920388300Z
     Resume  Duration		:	1274ms
     Resume  Incident Time (UTC)	:	?2015?-?05?-?05T05:27:30.366508300Z
     IsDegradation			:	false","300","1",,"3","4003","36","-9223372036854710272","2558","Microsoft-Windows-Diagnostics-Performance","cfc18ec0-96b1-4eba-961b-622caee05b0a","Microsoft-Windows-Diagnostics-Performance/Operational","1388","1852","rjaf-PC4429","S-1-5-19","5/4/2015 10:27:57 PM","85f03364-589b-0003-edfa-898ca984d001",,"c:\users\mac_1\desktop\winevt\logs\microsoft-windows-diagnostics-performance%4operational.evtx","System.UInt32[]","System.Diagnostics.Eventing.Reader.EventBookmark","Warning","Standby Information","Standby Performance Monitoring","System.Collections.ObjectModel.ReadOnlyCollection`1[System.String]","System.Collections.Generic.List`1[System.Diagnostics.Eventing.Reader.EventProperty]"
"Windows has resumed from standby: 
     Standby Duration		:	9922ms
     Standby Incident Time (UTC)	:	?2015?-?05?-?04T15:17:05.365049200Z
     Resume  Duration		:	1202ms
     Resume  Incident Time (UTC)	:	?2015?-?05?-?04T17:00:04.098406500Z
     IsDegradation			:	false","300","1",,"3","4003","36","-9223372036854710272","2557","Microsoft-Windows-Diagnostics-Performance","cfc18ec0-96b1-4eba-961b-622caee05b0a","Microsoft-Windows-Diagnostics-Performance/Operational","1388","3408","rjaf-PC4429","S-1-5-19","5/4/2015 10:00:25 AM","85f03364-589b-0003-63fa-898ca984d001",,"c:\users\mac_1\desktop\winevt\logs\microsoft-windows-diagnostics-performance%4operational.evtx","System.UInt32[]","System.Diagnostics.Eventing.Reader.EventBookmark","Warning","Standby Information","Standby Performance Monitoring","System.Collections.ObjectModel.ReadOnlyCollection`1[System.String]","System.Collections.Generic.List`1[System.Diagnostics.Eventing.Reader.EventProperty]"
"Windows has resumed from standby: 
     Standby Duration		:	8826ms
     Standby Incident Time (UTC)	:	?2015?-?05?-?03T21:40:09.614782400Z
     Resume  Duration		:	1262ms
     Resume  Incident Time (UTC)	:	?2015?-?05?-?04T06:46:17.731366400Z
     IsDegradation			:	false","300","1",,"3","4003","36","-9223372036854710272","2556","Microsoft-Windows-Diagnostics-Performance","cfc18ec0-96b1-4eba-961b-622caee05b0a","Microsoft-Windows-Diagnostics-Performance/Operational","1388","644","rjaf-PC4429","S-1-5-19","5/3/2015 11:46:36 PM","85f02c9c-589b-0002-fefb-898ca984d001",,"c:\users\mac_1\desktop\winevt\logs\microsoft-windows-diagnostics-performance%4operational.evtx","System.UInt32[]","System.Diagnostics.Eventing.Reader.EventBookmark","Warning","Standby Information","Standby Performance Monitoring","System.Collections.ObjectModel.ReadOnlyCollection`1[System.String]","System.Collections.Generic.List`1[System.Diagnostics.Eventing.Reader.EventProperty]"
"This driver caused a delay during standby while servicing a device:
     Driver File Name		:	\Driver\usbhub
     Driver Friendly Name		:	Default Hub Driver for USB
     Driver Version			:	6.1.7600.16385 (win7_rtm.090713-1255)
     Driver Total Time		:	84ms
     Driver Degradation Time	:	33ms
     Incident Time (UTC)		:	?2015?-?05?-?03T17:04:25.430574600Z
     Device Name			:	USB\VID_8087&PID_0024\5&63440b9&0&1
     Device Friendly Name		:	Generic USB Hub
     Device Total Time		:	84ms
     Device Degradation Time	:	33ms","302","1",,"3","4003","35","-9223372036854710272","2555","Microsoft-Windows-Diagnostics-Performance","cfc18ec0-96b1-4eba-961b-622caee05b0a","Microsoft-Windows-Diagnostics-Performance/Operational","1388","3252","rjaf-PC4429","S-1-5-19","5/3/2015 11:02:02 AM","85f02364-589b-0001-83fa-898ca984d001",,"c:\users\mac_1\desktop\winevt\logs\microsoft-windows-diagnostics-performance%4operational.evtx","System.UInt32[]","System.Diagnostics.Eventing.Reader.EventBookmark","Warning","Standby Degradation","Standby Performance Monitoring","System.Collections.ObjectModel.ReadOnlyCollection`1[System.String]","System.Collections.Generic.List`1[System.Diagnostics.Eventing.Reader.EventProperty]"
"Windows has resumed from standby: 
     Standby Duration		:	18317ms
     Standby Incident Time (UTC)	:	?2015?-?05?-?03T17:04:25.430574600Z
     Resume  Duration		:	1265ms
     Resume  Incident Time (UTC)	:	?2015?-?05?-?03T18:01:44.442948200Z
     IsDegradation			:	false","300","1",,"3","4003","36","-9223372036854710272","2554","Microsoft-Windows-Diagnostics-Performance","cfc18ec0-96b1-4eba-961b-622caee05b0a","Microsoft-Windows-Diagnostics-Performance/Operational","1388","3252","rjaf-PC4429","S-1-5-19","5/3/2015 11:02:02 AM","85f02364-589b-0001-83fa-898ca984d001",,"c:\users\mac_1\desktop\winevt\logs\microsoft-windows-diagnostics-performance%4operational.evtx","System.UInt32[]","System.Diagnostics.Eventing.Reader.EventBookmark","Warning","Standby Information","Standby Performance Monitoring","System.Collections.ObjectModel.ReadOnlyCollection`1[System.String]","System.Collections.Generic.List`1[System.Diagnostics.Eventing.Reader.EventProperty]"
"Windows has resumed from standby: 
     Standby Duration		:	7054ms
     Standby Incident Time (UTC)	:	?2015?-?05?-?03T11:28:56.286374700Z
     Resume  Duration		:	1236ms
     Resume  Incident Time (UTC)	:	?2015?-?05?-?03T11:53:27.406070800Z
     IsDegradation			:	false","300","1",,"3","4003","36","-9223372036854710272","2553","Microsoft-Windows-Diagnostics-Performance","cfc18ec0-96b1-4eba-961b-622caee05b0a","Microsoft-Windows-Diagnostics-Performance/Operational","1388","2604","rjaf-PC4429","S-1-5-19","5/3/2015 4:53:41 AM","85f02c9c-589b-0002-0ffa-898ca984d001",,"c:\users\mac_1\desktop\winevt\logs\microsoft-windows-diagnostics-performance%4operational.evtx","System.UInt32[]","System.Diagnostics.Eventing.Reader.EventBookmark","Warning","Standby Information","Standby Performance Monitoring","System.Collections.ObjectModel.ReadOnlyCollection`1[System.String]","System.Collections.Generic.List`1[System.Diagnostics.Eventing.Reader.EventProperty]"
"Windows has resumed from standby: 
     Standby Duration		:	15096ms
     Standby Incident Time (UTC)	:	?2015?-?05?-?02T19:54:15.543252500Z
     Resume  Duration		:	1265ms
     Resume  Incident Time (UTC)	:	?2015?-?05?-?03T06:20:56.166183100Z
     IsDegradation			:	false","300","1",,"3","4003","36","-9223372036854710272","2552","Microsoft-Windows-Diagnostics-Performance","cfc18ec0-96b1-4eba-961b-622caee05b0a","Microsoft-Windows-Diagnostics-Performance/Operational","1388","1132","rjaf-PC4429","S-1-5-19","5/2/2015 11:21:09 PM","85f02c9c-589b-0002-fff8-898ca984d001",,"c:\users\mac_1\desktop\winevt\logs\microsoft-windows-diagnostics-performance%4operational.evtx","System.UInt32[]","System.Diagnostics.Eventing.Reader.EventBookmark","Warning","Standby Information","Standby Performance Monitoring","System.Collections.ObjectModel.ReadOnlyCollection`1[System.String]","System.Collections.Generic.List`1[System.Diagnostics.Eventing.Reader.EventProperty]"
"Windows has resumed from standby: 
     Standby Duration		:	7599ms
     Standby Incident Time (UTC)	:	?2015?-?05?-?02T12:26:16.586987600Z
     Resume  Duration		:	1245ms
     Resume  Incident Time (UTC)	:	?2015?-?05?-?02T12:50:07.772943500Z
     IsDegradation			:	false","300","1",,"3","4003","36","-9223372036854710272","2551","Microsoft-Windows-Diagnostics-Performance","cfc18ec0-96b1-4eba-961b-622caee05b0a","Microsoft-Windows-Diagnostics-Performance/Operational","1388","2088","rjaf-PC4429","S-1-5-19","5/2/2015 5:50:15 AM","85f03364-589b-0003-77f8-898ca984d001",,"c:\users\mac_1\desktop\winevt\logs\microsoft-windows-diagnostics-performance%4operational.evtx","System.UInt32[]","System.Diagnostics.Eventing.Reader.EventBookmark","Warning","Standby Information","Standby Performance Monitoring","System.Collections.ObjectModel.ReadOnlyCollection`1[System.String]","System.Collections.Generic.List`1[System.Diagnostics.Eventing.Reader.EventProperty]"
"Windows has started up: 
     Boot Duration		:	26601ms
     IsDegradation		:	false
     Incident Time (UTC)	:	?2015?-?05?-?02T07:28:13.593600100Z","100","2",,"3","4002","34","-9223372036854710272","2550","Microsoft-Windows-Diagnostics-Performance","cfc18ec0-96b1-4eba-961b-622caee05b0a","Microsoft-Windows-Diagnostics-Performance/Operational","1388","2508","rjaf-PC4429","S-1-5-19","5/2/2015 12:30:12 AM","85f02364-589b-0001-0af8-898ca984d001",,"c:\users\mac_1\desktop\winevt\logs\microsoft-windows-diagnostics-performance%4operational.evtx","System.UInt32[]","System.Diagnostics.Eventing.Reader.EventBookmark","Warning","Boot Information","Boot Performance Monitoring","System.Collections.ObjectModel.ReadOnlyCollection`1[System.String]","System.Collections.Generic.List`1[System.Diagnostics.Eventing.Reader.EventProperty]"
"Windows has shutdown: 
     Shutdown Duration	:	11728ms
     IsDegradation		:	false
     Incident Time (UTC)	:	?2015?-?05?-?01T21:15:01.280556600Z","200","1",,"3","4007","40","-9223372036854710272","2549","Microsoft-Windows-Diagnostics-Performance","cfc18ec0-96b1-4eba-961b-622caee05b0a","Microsoft-Windows-Diagnostics-Performance/Operational","1388","312","rjaf-PC4429","S-1-5-19","5/2/2015 12:30:11 AM","85f02364-589b-0001-09f8-898ca984d001",,"c:\users\mac_1\desktop\winevt\logs\microsoft-windows-diagnostics-performance%4operational.evtx","System.UInt32[]","System.Diagnostics.Eventing.Reader.EventBookmark","Warning","Shutdown Information","Shutdown Performance Monitoring","System.Collections.ObjectModel.ReadOnlyCollection`1[System.String]","System.Collections.Generic.List`1[System.Diagnostics.Eventing.Reader.EventProperty]"
"Windows has started up: 
     Boot Duration		:	48283ms
     IsDegradation		:	false
     Incident Time (UTC)	:	?2015?-?05?-?01T18:57:49.593600100Z","100","2",,"2","4002","34","-9223372036854710272","2548","Microsoft-Windows-Diagnostics-Performance","cfc18ec0-96b1-4eba-961b-622caee05b0a","Microsoft-Windows-Diagnostics-Performance/Operational","1400","1524","rjaf-PC4429","S-1-5-19","5/1/2015 11:59:43 AM","85f03364-d89b-0003-05c8-24b84084d001",,"c:\users\mac_1\desktop\winevt\logs\microsoft-windows-diagnostics-performance%4operational.evtx","System.UInt32[]","System.Diagnostics.Eventing.Reader.EventBookmark","Error","Boot Information","Boot Performance Monitoring","System.Collections.ObjectModel.ReadOnlyCollection`1[System.String]","System.Collections.Generic.List`1[System.Diagnostics.Eventing.Reader.EventProperty]"
"Windows has shutdown: 
     Shutdown Duration	:	12289ms
     IsDegradation		:	false
     Incident Time (UTC)	:	?2015?-?05?-?01T17:02:34.393886000Z","200","1",,"3","4007","40","-9223372036854710272","2547","Microsoft-Windows-Diagnostics-Performance","cfc18ec0-96b1-4eba-961b-622caee05b0a","Microsoft-Windows-Diagnostics-Performance/Operational","1400","1416","rjaf-PC4429","S-1-5-19","5/1/2015 11:59:42 AM","00000000-5b28-0000-0fc8-24b84084d001",,"c:\users\mac_1\desktop\winevt\logs\microsoft-windows-diagnostics-performance%4operational.evtx","System.UInt32[]","System.Diagnostics.Eventing.Reader.EventBookmark","Warning","Shutdown Information","Shutdown Performance Monitoring","System.Collections.ObjectModel.ReadOnlyCollection`1[System.String]","System.Collections.Generic.List`1[System.Diagnostics.Eventing.Reader.EventProperty]"
"Application of user policy caused a slow down in the system start up process: 
     Name		:	PreShellInit
     Total Time		:	1301ms
     Degradation Time	:	1093ms
     Incident Time (UTC)	:	?2015?-?05?-?01T16:08:04.593600100Z","108","1",,"3","4002","33","-9223372036854710272","2546","Microsoft-Windows-Diagnostics-Performance","cfc18ec0-96b1-4eba-961b-622caee05b0a","Microsoft-Windows-Diagnostics-Performance/Operational","1420","756","rjaf-PC4429","S-1-5-19","5/1/2015 9:09:57 AM","85f02364-789b-0001-851d-69012984d001",,"c:\users\mac_1\desktop\winevt\logs\microsoft-windows-diagnostics-performance%4operational.evtx","System.UInt32[]","System.Diagnostics.Eventing.Reader.EventBookmark","Warning","Boot Degradation","Boot Performance Monitoring","System.Collections.ObjectModel.ReadOnlyCollection`1[System.String]","System.Collections.Generic.List`1[System.Diagnostics.Eventing.Reader.EventProperty]"
"This application took longer than usual to start up, resulting in a performance degradation in the system startup process: 
     File Name		:	svchost.exe
     Friendly Name		:	Host Process for Windows Services
     Version		:	6.1.7600.16385 (win7_rtm.090713-1255)
     Total Time		:	286ms
     Degradation Time	:	216ms
     Incident Time (UTC)	:	?2015?-?05?-?01T16:08:04.593600100Z","101","1",,"3","4002","33","-9223372036854710272","2545","Microsoft-Windows-Diagnostics-Performance","cfc18ec0-96b1-4eba-961b-622caee05b0a","Microsoft-Windows-Diagnostics-Performance/Operational","1420","756","rjaf-PC4429","S-1-5-19","5/1/2015 9:09:57 AM","85f02364-789b-0001-851d-69012984d001",,"c:\users\mac_1\desktop\winevt\logs\microsoft-windows-diagnostics-performance%4operational.evtx","System.UInt32[]","System.Diagnostics.Eventing.Reader.EventBookmark","Warning","Boot Degradation","Boot Performance Monitoring","System.Collections.ObjectModel.ReadOnlyCollection`1[System.String]","System.Collections.Generic.List`1[System.Diagnostics.Eventing.Reader.EventProperty]"
"This application took longer than usual to start up, resulting in a performance degradation in the system startup process: 
     File Name		:	MsMpEng.exe
     Friendly Name		:	Service Executable
     Version		:	1.5.1937.0
     Total Time		:	317ms
     Degradation Time	:	228ms
     Incident Time (UTC)	:	?2015?-?05?-?01T16:08:04.593600100Z","101","1",,"3","4002","33","-9223372036854710272","2544","Microsoft-Windows-Diagnostics-Performance","cfc18ec0-96b1-4eba-961b-622caee05b0a","Microsoft-Windows-Diagnostics-Performance/Operational","1420","756","rjaf-PC4429","S-1-5-19","5/1/2015 9:09:57 AM","85f02364-789b-0001-851d-69012984d001",,"c:\users\mac_1\desktop\winevt\logs\microsoft-windows-diagnostics-performance%4operational.evtx","System.UInt32[]","System.Diagnostics.Eventing.Reader.EventBookmark","Warning","Boot Degradation","Boot Performance Monitoring","System.Collections.ObjectModel.ReadOnlyCollection`1[System.String]","System.Collections.Generic.List`1[System.Diagnostics.Eventing.Reader.EventProperty]"
"Windows has started up: 
     Boot Duration		:	29998ms
     IsDegradation		:	false
     Incident Time (UTC)	:	?2015?-?05?-?01T16:08:04.593600100Z","100","2",,"3","4002","34","-9223372036854710272","2543","Microsoft-Windows-Diagnostics-Performance","cfc18ec0-96b1-4eba-961b-622caee05b0a","Microsoft-Windows-Diagnostics-Performance/Operational","1420","756","rjaf-PC4429","S-1-5-19","5/1/2015 9:09:57 AM","85f02364-789b-0001-851d-69012984d001",,"c:\users\mac_1\desktop\winevt\logs\microsoft-windows-diagnostics-performance%4operational.evtx","System.UInt32[]","System.Diagnostics.Eventing.Reader.EventBookmark","Warning","Boot Information","Boot Performance Monitoring","System.Collections.ObjectModel.ReadOnlyCollection`1[System.String]","System.Collections.Generic.List`1[System.Diagnostics.Eventing.Reader.EventProperty]"
"Windows has resumed from standby: 
     Standby Duration		:	7802ms
     Standby Incident Time (UTC)	:	?2015?-?05?-?01T10:44:41.696944200Z
     Resume  Duration		:	1262ms
     Resume  Incident Time (UTC)	:	?2015?-?05?-?01T15:21:03.760546600Z
     IsDegradation			:	false","300","1",,"3","4003","36","-9223372036854710272","2542","Microsoft-Windows-Diagnostics-Performance","cfc18ec0-96b1-4eba-961b-622caee05b0a","Microsoft-Windows-Diagnostics-Performance/Operational","1448","2896","rjaf-PC4429","S-1-5-19","5/1/2015 8:21:12 AM","85f11364-e89b-0001-844a-7605eb83d001",,"c:\users\mac_1\desktop\winevt\logs\microsoft-windows-diagnostics-performance%4operational.evtx","System.UInt32[]","System.Diagnostics.Eventing.Reader.EventBookmark","Warning","Standby Information","Standby Performance Monitoring","System.Collections.ObjectModel.ReadOnlyCollection`1[System.String]","System.Collections.Generic.List`1[System.Diagnostics.Eventing.Reader.EventProperty]"
"Windows has started up: 
     Boot Duration		:	31233ms
     IsDegradation		:	false
     Incident Time (UTC)	:	?2015?-?05?-?01T05:12:08.593600100Z","100","2",,"3","4002","34","-9223372036854710272","2541","Microsoft-Windows-Diagnostics-Performance","cfc18ec0-96b1-4eba-961b-622caee05b0a","Microsoft-Windows-Diagnostics-Performance/Operational","1384","404","rjaf-PC4429","S-1-5-19","4/30/2015 10:14:02 PM","85f02364-d89b-0001-8c17-685fcd83d001",,"c:\users\mac_1\desktop\winevt\logs\microsoft-windows-diagnostics-performance%4operational.evtx","System.UInt32[]","System.Diagnostics.Eventing.Reader.EventBookmark","Warning","Boot Information","Boot Performance Monitoring","System.Collections.ObjectModel.ReadOnlyCollection`1[System.String]","System.Collections.Generic.List`1[System.Diagnostics.Eventing.Reader.EventProperty]"
"Windows has shutdown: 
     Shutdown Duration	:	47110ms
     IsDegradation		:	false
     Incident Time (UTC)	:	?2015?-?04?-?30T19:29:57.209105200Z","200","1",,"3","4007","40","-9223372036854710272","2540","Microsoft-Windows-Diagnostics-Performance","cfc18ec0-96b1-4eba-961b-622caee05b0a","Microsoft-Windows-Diagnostics-Performance/Operational","1384","1564","rjaf-PC4429","S-1-5-19","4/30/2015 10:14:02 PM","85f03364-d89b-0003-8617-685fcd83d001",,"c:\users\mac_1\desktop\winevt\logs\microsoft-windows-diagnostics-performance%4operational.evtx","System.UInt32[]","System.Diagnostics.Eventing.Reader.EventBookmark","Warning","Shutdown Information","Shutdown Performance Monitoring","System.Collections.ObjectModel.ReadOnlyCollection`1[System.String]","System.Collections.Generic.List`1[System.Diagnostics.Eventing.Reader.EventProperty]"
"This application took longer than usual to start up, resulting in a performance degradation in the system startup process: 
     File Name		:	MsMpEng.exe
     Friendly Name		:	Service Executable
     Version		:	1.5.1937.0
     Total Time		:	3099ms
     Degradation Time	:	1030ms
     Incident Time (UTC)	:	?2015?-?04?-?30T19:15:52.578000100Z","101","1",,"3","4002","33","-9223372036854710272","2539","Microsoft-Windows-Diagnostics-Performance","cfc18ec0-96b1-4eba-961b-622caee05b0a","Microsoft-Windows-Diagnostics-Performance/Operational","1416","696","rjaf-PC4429","S-1-5-19","4/30/2015 12:17:46 PM","85f03364-289b-0003-2856-3d137a83d001",,"c:\users\mac_1\desktop\winevt\logs\microsoft-windows-diagnostics-performance%4operational.evtx","System.UInt32[]","System.Diagnostics.Eventing.Reader.EventBookmark","Warning","Boot Degradation","Boot Performance Monitoring","System.Collections.ObjectModel.ReadOnlyCollection`1[System.String]","System.Collections.Generic.List`1[System.Diagnostics.Eventing.Reader.EventProperty]"
"Windows has started up: 
     Boot Duration		:	34914ms
     IsDegradation		:	false
     Incident Time (UTC)	:	?2015?-?04?-?30T19:15:52.578000100Z","100","2",,"3","4002","34","-9223372036854710272","2538","Microsoft-Windows-Diagnostics-Performance","cfc18ec0-96b1-4eba-961b-622caee05b0a","Microsoft-Windows-Diagnostics-Performance/Operational","1416","696","rjaf-PC4429","S-1-5-19","4/30/2015 12:17:46 PM","85f03364-289b-0003-2856-3d137a83d001",,"c:\users\mac_1\desktop\winevt\logs\microsoft-windows-diagnostics-performance%4operational.evtx","System.UInt32[]","System.Diagnostics.Eventing.Reader.EventBookmark","Warning","Boot Information","Boot Performance Monitoring","System.Collections.ObjectModel.ReadOnlyCollection`1[System.String]","System.Collections.Generic.List`1[System.Diagnostics.Eventing.Reader.EventProperty]"
"Windows has resumed from standby: 
     Standby Duration		:	15468ms
     Standby Incident Time (UTC)	:	?2015?-?04?-?30T09:04:12.121384500Z
     Resume  Duration		:	1219ms
     Resume  Incident Time (UTC)	:	?2015?-?04?-?30T18:49:32.971341300Z
     IsDegradation			:	false","300","1",,"3","4003","36","-9223372036854710272","2537","Microsoft-Windows-Diagnostics-Performance","cfc18ec0-96b1-4eba-961b-622caee05b0a","Microsoft-Windows-Diagnostics-Performance/Operational","1372","8148","rjaf-PC4429","S-1-5-19","4/30/2015 11:49:44 AM","85f02c9c-589b-0002-9c1f-f7d20e83d001",,"c:\users\mac_1\desktop\winevt\logs\microsoft-windows-diagnostics-performance%4operational.evtx","System.UInt32[]","System.Diagnostics.Eventing.Reader.EventBookmark","Warning","Standby Information","Standby Performance Monitoring","System.Collections.ObjectModel.ReadOnlyCollection`1[System.String]","System.Collections.Generic.List`1[System.Diagnostics.Eventing.Reader.EventProperty]"
"Windows has started up: 
     Boot Duration		:	58458ms
     IsDegradation		:	false
     Incident Time (UTC)	:	?2015?-?04?-?30T06:28:08.593600100Z","100","2",,"2","4002","34","-9223372036854710272","2536","Microsoft-Windows-Diagnostics-Performance","cfc18ec0-96b1-4eba-961b-622caee05b0a","Microsoft-Windows-Diagnostics-Performance/Operational","1372","2800","rjaf-PC4429","S-1-5-19","4/29/2015 11:30:02 PM","85f03364-589b-0003-831f-f7d20e83d001",,"c:\users\mac_1\desktop\winevt\logs\microsoft-windows-diagnostics-performance%4operational.evtx","System.UInt32[]","System.Diagnostics.Eventing.Reader.EventBookmark","Error","Boot Information","Boot Performance Monitoring","System.Collections.ObjectModel.ReadOnlyCollection`1[System.String]","System.Collections.Generic.List`1[System.Diagnostics.Eventing.Reader.EventProperty]"
"Windows has resumed from standby: 
     Standby Duration		:	9836ms
     Standby Incident Time (UTC)	:	?2015?-?04?-?29T15:36:37.354585200Z
     Resume  Duration		:	1218ms
     Resume  Incident Time (UTC)	:	?2015?-?04?-?29T17:18:09.393734800Z
     IsDegradation			:	false","300","1",,"3","4003","36","-9223372036854710272","2535","Microsoft-Windows-Diagnostics-Performance","cfc18ec0-96b1-4eba-961b-622caee05b0a","Microsoft-Windows-Diagnostics-Performance/Operational","1348","2172","rjaf-PC4429","S-1-5-19","4/29/2015 10:18:17 AM","85f11c9c-389b-0002-3a7f-ed485a82d001",,"c:\users\mac_1\desktop\winevt\logs\microsoft-windows-diagnostics-performance%4operational.evtx","System.UInt32[]","System.Diagnostics.Eventing.Reader.EventBookmark","Warning","Standby Information","Standby Performance Monitoring","System.Collections.ObjectModel.ReadOnlyCollection`1[System.String]","System.Collections.Generic.List`1[System.Diagnostics.Eventing.Reader.EventProperty]"
"This startup service took longer than expected to startup, resulting in a performance degradation in the system start up process: 
     File Name		:	cscservice
     Friendly Name		:	CSC Service DLL
     Version		:	6.1.7600.16385 (win7_rtm.090713-1255)
     Total Time		:	2194ms
     Degradation Time	:	375ms
     Incident Time (UTC)	:	?2015?-?04?-?29T08:55:47.593600100Z","103","1",,"3","4002","33","-9223372036854710272","2534","Microsoft-Windows-Diagnostics-Performance","cfc18ec0-96b1-4eba-961b-622caee05b0a","Microsoft-Windows-Diagnostics-Performance/Operational","1348","3628","rjaf-PC4429","S-1-5-19","4/29/2015 2:23:04 AM","85f11364-389b-0001-057f-ed485a82d001",,"c:\users\mac_1\desktop\winevt\logs\microsoft-windows-diagnostics-performance%4operational.evtx","System.UInt32[]","System.Diagnostics.Eventing.Reader.EventBookmark","Warning","Boot Degradation","Boot Performance Monitoring","System.Collections.ObjectModel.ReadOnlyCollection`1[System.String]","System.Collections.Generic.List`1[System.Diagnostics.Eventing.Reader.EventProperty]"
"Windows has started up: 
     Boot Duration		:	33399ms
     IsDegradation		:	false
     Incident Time (UTC)	:	?2015?-?04?-?29T08:55:47.593600100Z","100","2",,"3","4002","34","-9223372036854710272","2533","Microsoft-Windows-Diagnostics-Performance","cfc18ec0-96b1-4eba-961b-622caee05b0a","Microsoft-Windows-Diagnostics-Performance/Operational","1348","3628","rjaf-PC4429","S-1-5-19","4/29/2015 2:23:04 AM","85f11364-389b-0001-057f-ed485a82d001",,"c:\users\mac_1\desktop\winevt\logs\microsoft-windows-diagnostics-performance%4operational.evtx","System.UInt32[]","System.Diagnostics.Eventing.Reader.EventBookmark","Warning","Boot Information","Boot Performance Monitoring","System.Collections.ObjectModel.ReadOnlyCollection`1[System.String]","System.Collections.Generic.List`1[System.Diagnostics.Eventing.Reader.EventProperty]"
"Windows has resumed from standby: 
     Standby Duration		:	12060ms
     Standby Incident Time (UTC)	:	?2015?-?04?-?29T00:47:07.885090300Z
     Resume  Duration		:	1227ms
     Resume  Incident Time (UTC)	:	?2015?-?04?-?29T07:56:01.870415600Z
     IsDegradation			:	false","300","1",,"3","4003","36","-9223372036854710272","2532","Microsoft-Windows-Diagnostics-Performance","cfc18ec0-96b1-4eba-961b-622caee05b0a","Microsoft-Windows-Diagnostics-Performance/Operational","1324","3656","rjaf-PC4429","S-1-5-19","4/29/2015 12:56:27 AM","00000000-4b28-0000-31ae-bf22e67fd001",,"c:\users\mac_1\desktop\winevt\logs\microsoft-windows-diagnostics-performance%4operational.evtx","System.UInt32[]","System.Diagnostics.Eventing.Reader.EventBookmark","Warning","Standby Information","Standby Performance Monitoring","System.Collections.ObjectModel.ReadOnlyCollection`1[System.String]","System.Collections.Generic.List`1[System.Diagnostics.Eventing.Reader.EventProperty]"
"Windows has resumed from standby: 
     Standby Duration		:	8644ms
     Standby Incident Time (UTC)	:	?2015?-?04?-?28T14:01:40.262895100Z
     Resume  Duration		:	1253ms
     Resume  Incident Time (UTC)	:	?2015?-?04?-?28T19:00:52.980409900Z
     IsDegradation			:	false","300","1",,"3","4003","36","-9223372036854710272","2531","Microsoft-Windows-Diagnostics-Performance","cfc18ec0-96b1-4eba-961b-622caee05b0a","Microsoft-Windows-Diagnostics-Performance/Operational","1324","3696","rjaf-PC4429","S-1-5-19","4/28/2015 12:01:15 PM","85f02c9c-c89b-0002-84ad-bf22e67fd001",,"c:\users\mac_1\desktop\winevt\logs\microsoft-windows-diagnostics-performance%4operational.evtx","System.UInt32[]","System.Diagnostics.Eventing.Reader.EventBookmark","Warning","Standby Information","Standby Performance Monitoring","System.Collections.ObjectModel.ReadOnlyCollection`1[System.String]","System.Collections.Generic.List`1[System.Diagnostics.Eventing.Reader.EventProperty]"
"This driver caused a delay during standby while servicing a device:
     Driver File Name		:	\Driver\usbhub
     Driver Friendly Name		:	Default Hub Driver for USB
     Driver Version			:	6.1.7600.16385 (win7_rtm.090713-1255)
     Driver Total Time		:	104ms
     Driver Degradation Time	:	78ms
     Incident Time (UTC)		:	?2015?-?04?-?28T00:15:29.531708900Z
     Device Name			:	USB\VID_8087&PID_0024\5&63440b9&0&1
     Device Friendly Name		:	Generic USB Hub
     Device Total Time		:	104ms
     Device Degradation Time	:	78ms","302","1",,"3","4003","35","-9223372036854710272","2530","Microsoft-Windows-Diagnostics-Performance","cfc18ec0-96b1-4eba-961b-622caee05b0a","Microsoft-Windows-Diagnostics-Performance/Operational","1324","1180","rjaf-PC4429","S-1-5-19","4/28/2015 4:55:40 AM","85f02364-c89b-0001-6daf-bf22e67fd001",,"c:\users\mac_1\desktop\winevt\logs\microsoft-windows-diagnostics-performance%4operational.evtx","System.UInt32[]","System.Diagnostics.Eventing.Reader.EventBookmark","Warning","Standby Degradation","Standby Performance Monitoring","System.Collections.ObjectModel.ReadOnlyCollection`1[System.String]","System.Collections.Generic.List`1[System.Diagnostics.Eventing.Reader.EventProperty]"
"Windows has resumed from standby: 
     Standby Duration		:	6631ms
     Standby Incident Time (UTC)	:	?2015?-?04?-?28T00:15:29.531708900Z
     Resume  Duration		:	1251ms
     Resume  Incident Time (UTC)	:	?2015?-?04?-?28T11:55:19.955889200Z
     IsDegradation			:	false","300","1",,"3","4003","36","-9223372036854710272","2529","Microsoft-Windows-Diagnostics-Performance","cfc18ec0-96b1-4eba-961b-622caee05b0a","Microsoft-Windows-Diagnostics-Performance/Operational","1324","1180","rjaf-PC4429","S-1-5-19","4/28/2015 4:55:40 AM","85f02364-c89b-0001-6daf-bf22e67fd001",,"c:\users\mac_1\desktop\winevt\logs\microsoft-windows-diagnostics-performance%4operational.evtx","System.UInt32[]","System.Diagnostics.Eventing.Reader.EventBookmark","Warning","Standby Information","Standby Performance Monitoring","System.Collections.ObjectModel.ReadOnlyCollection`1[System.String]","System.Collections.Generic.List`1[System.Diagnostics.Eventing.Reader.EventProperty]"
"Windows has resumed from standby: 
     Standby Duration		:	16877ms
     Standby Incident Time (UTC)	:	?2015?-?04?-?27T17:08:15.911027200Z
     Resume  Duration		:	1243ms
     Resume  Incident Time (UTC)	:	?2015?-?04?-?27T19:44:20.496136500Z
     IsDegradation			:	true","300","1",,"3","4003","36","-9223372036854710272","2528","Microsoft-Windows-Diagnostics-Performance","cfc18ec0-96b1-4eba-961b-622caee05b0a","Microsoft-Windows-Diagnostics-Performance/Operational","1324","1768","rjaf-PC4429","S-1-5-19","4/27/2015 12:44:36 PM","85f02c9c-c89b-0002-aeac-bf22e67fd001",,"c:\users\mac_1\desktop\winevt\logs\microsoft-windows-diagnostics-performance%4operational.evtx","System.UInt32[]","System.Diagnostics.Eventing.Reader.EventBookmark","Warning","Standby Information","Standby Performance Monitoring","System.Collections.ObjectModel.ReadOnlyCollection`1[System.String]","System.Collections.Generic.List`1[System.Diagnostics.Eventing.Reader.EventProperty]"
"Windows has resumed from standby: 
     Standby Duration		:	7337ms
     Standby Incident Time (UTC)	:	?2015?-?04?-?26T22:28:49.891513200Z
     Resume  Duration		:	8454ms
     Resume  Incident Time (UTC)	:	?2015?-?04?-?27T06:41:01.355949000Z
     IsDegradation			:	false","300","1",,"3","4003","36","-9223372036854710272","2527","Microsoft-Windows-Diagnostics-Performance","cfc18ec0-96b1-4eba-961b-622caee05b0a","Microsoft-Windows-Diagnostics-Performance/Operational","1324","2072","rjaf-PC4429","S-1-5-19","4/26/2015 11:42:00 PM","00000000-4b28-0000-b9a9-bf22e67fd001",,"c:\users\mac_1\desktop\winevt\logs\microsoft-windows-diagnostics-performance%4operational.evtx","System.UInt32[]","System.Diagnostics.Eventing.Reader.EventBookmark","Warning","Standby Information","Standby Performance Monitoring","System.Collections.ObjectModel.ReadOnlyCollection`1[System.String]","System.Collections.Generic.List`1[System.Diagnostics.Eventing.Reader.EventProperty]"
"Windows has resumed from standby: 
     Standby Duration		:	9643ms
     Standby Incident Time (UTC)	:	?2015?-?04?-?26T12:04:07.391715700Z
     Resume  Duration		:	1314ms
     Resume  Incident Time (UTC)	:	?2015?-?04?-?26T17:41:40.895684300Z
     IsDegradation			:	false","300","1",,"3","4003","36","-9223372036854710272","2526","Microsoft-Windows-Diagnostics-Performance","cfc18ec0-96b1-4eba-961b-622caee05b0a","Microsoft-Windows-Diagnostics-Performance/Operational","1324","3244","rjaf-PC4429","S-1-5-19","4/26/2015 10:41:51 AM","85f02364-c89b-0001-a6aa-bf22e67fd001",,"c:\users\mac_1\desktop\winevt\logs\microsoft-windows-diagnostics-performance%4operational.evtx","System.UInt32[]","System.Diagnostics.Eventing.Reader.EventBookmark","Warning","Standby Information","Standby Performance Monitoring","System.Collections.ObjectModel.ReadOnlyCollection`1[System.String]","System.Collections.Generic.List`1[System.Diagnostics.Eventing.Reader.EventProperty]"
"This startup service took longer than expected to startup, resulting in a performance degradation in the system start up process: 
     File Name		:	mmcss
     Friendly Name		:	Multimedia Class Scheduler Service
     Version		:	6.1.7600.16385 (win7_rtm.090713-1255)
     Total Time		:	334ms
     Degradation Time	:	325ms
     Incident Time (UTC)	:	?2015?-?04?-?26T05:59:19.593600100Z","103","1",,"3","4002","33","-9223372036854710272","2525","Microsoft-Windows-Diagnostics-Performance","cfc18ec0-96b1-4eba-961b-622caee05b0a","Microsoft-Windows-Diagnostics-Performance/Operational","1324","1596","rjaf-PC4429","S-1-5-19","4/25/2015 11:01:11 PM","85f03364-c89b-0003-29a9-bf22e67fd001",,"c:\users\mac_1\desktop\winevt\logs\microsoft-windows-diagnostics-performance%4operational.evtx","System.UInt32[]","System.Diagnostics.Eventing.Reader.EventBookmark","Warning","Boot Degradation","Boot Performance Monitoring","System.Collections.ObjectModel.ReadOnlyCollection`1[System.String]","System.Collections.Generic.List`1[System.Diagnostics.Eventing.Reader.EventProperty]"
"Windows has started up: 
     Boot Duration		:	36378ms
     IsDegradation		:	false
     Incident Time (UTC)	:	?2015?-?04?-?26T05:59:19.593600100Z","100","2",,"3","4002","34","-9223372036854710272","2524","Microsoft-Windows-Diagnostics-Performance","cfc18ec0-96b1-4eba-961b-622caee05b0a","Microsoft-Windows-Diagnostics-Performance/Operational","1324","1596","rjaf-PC4429","S-1-5-19","4/25/2015 11:01:11 PM","85f03364-c89b-0003-29a9-bf22e67fd001",,"c:\users\mac_1\desktop\winevt\logs\microsoft-windows-diagnostics-performance%4operational.evtx","System.UInt32[]","System.Diagnostics.Eventing.Reader.EventBookmark","Warning","Boot Information","Boot Performance Monitoring","System.Collections.ObjectModel.ReadOnlyCollection`1[System.String]","System.Collections.Generic.List`1[System.Diagnostics.Eventing.Reader.EventProperty]"
"Windows has shutdown: 
     Shutdown Duration	:	49093ms
     IsDegradation		:	true
     Incident Time (UTC)	:	?2015?-?04?-?25T06:47:24.952475000Z","200","1",,"3","4007","40","-9223372036854710272","2523","Microsoft-Windows-Diagnostics-Performance","cfc18ec0-96b1-4eba-961b-622caee05b0a","Microsoft-Windows-Diagnostics-Performance/Operational","1324","292","rjaf-PC4429","S-1-5-19","4/25/2015 11:01:11 PM","85f02c9c-c89b-0002-0ba9-bf22e67fd001",,"c:\users\mac_1\desktop\winevt\logs\microsoft-windows-diagnostics-performance%4operational.evtx","System.UInt32[]","System.Diagnostics.Eventing.Reader.EventBookmark","Warning","Shutdown Information","Shutdown Performance Monitoring","System.Collections.ObjectModel.ReadOnlyCollection`1[System.String]","System.Collections.Generic.List`1[System.Diagnostics.Eventing.Reader.EventProperty]"
"This startup service took longer than expected to startup, resulting in a performance degradation in the system start up process: 
     File Name		:	sens
     Friendly Name		:	System Event Notification Service (SENS)
     Version		:	6.1.7600.16385 (win7_rtm.090713-1255)
     Total Time		:	406ms
     Degradation Time	:	323ms
     Incident Time (UTC)	:	?2015?-?04?-?25T06:42:32.593600100Z","103","1",,"3","4002","33","-9223372036854710272","2522","Microsoft-Windows-Diagnostics-Performance","cfc18ec0-96b1-4eba-961b-622caee05b0a","Microsoft-Windows-Diagnostics-Performance/Operational","1324","324","rjaf-PC4429","S-1-5-19","4/24/2015 11:44:32 PM","00000000-cb28-0000-834f-e201237fd001",,"c:\users\mac_1\desktop\winevt\logs\microsoft-windows-diagnostics-performance%4operational.evtx","System.UInt32[]","System.Diagnostics.Eventing.Reader.EventBookmark","Warning","Boot Degradation","Boot Performance Monitoring","System.Collections.ObjectModel.ReadOnlyCollection`1[System.String]","System.Collections.Generic.List`1[System.Diagnostics.Eventing.Reader.EventProperty]"
"This startup service took longer than expected to startup, resulting in a performance degradation in the system start up process: 
     File Name		:	profsvc
     Friendly Name		:	ProfSvc
     Version		:	6.1.7600.16385 (win7_rtm.090713-1255)
     Total Time		:	1830ms
     Degradation Time	:	1293ms
     Incident Time (UTC)	:	?2015?-?04?-?25T06:42:32.593600100Z","103","1",,"3","4002","33","-9223372036854710272","2521","Microsoft-Windows-Diagnostics-Performance","cfc18ec0-96b1-4eba-961b-622caee05b0a","Microsoft-Windows-Diagnostics-Performance/Operational","1324","324","rjaf-PC4429","S-1-5-19","4/24/2015 11:44:32 PM","00000000-cb28-0000-834f-e201237fd001",,"c:\users\mac_1\desktop\winevt\logs\microsoft-windows-diagnostics-performance%4operational.evtx","System.UInt32[]","System.Diagnostics.Eventing.Reader.EventBookmark","Warning","Boot Degradation","Boot Performance Monitoring","System.Collections.ObjectModel.ReadOnlyCollection`1[System.String]","System.Collections.Generic.List`1[System.Diagnostics.Eventing.Reader.EventProperty]"
"This startup service took longer than expected to startup, resulting in a performance degradation in the system start up process: 
     File Name		:	gpsvc
     Friendly Name		:	Group Policy Client
     Version		:	6.1.7600.16385 (win7_rtm.090713-1255)
     Total Time		:	1828ms
     Degradation Time	:	1294ms
     Incident Time (UTC)	:	?2015?-?04?-?25T06:42:32.593600100Z","103","1",,"3","4002","33","-9223372036854710272","2520","Microsoft-Windows-Diagnostics-Performance","cfc18ec0-96b1-4eba-961b-622caee05b0a","Microsoft-Windows-Diagnostics-Performance/Operational","1324","324","rjaf-PC4429","S-1-5-19","4/24/2015 11:44:32 PM","00000000-cb28-0000-834f-e201237fd001",,"c:\users\mac_1\desktop\winevt\logs\microsoft-windows-diagnostics-performance%4operational.evtx","System.UInt32[]","System.Diagnostics.Eventing.Reader.EventBookmark","Warning","Boot Degradation","Boot Performance Monitoring","System.Collections.ObjectModel.ReadOnlyCollection`1[System.String]","System.Collections.Generic.List`1[System.Diagnostics.Eventing.Reader.EventProperty]"
"Windows has started up: 
     Boot Duration		:	37035ms
     IsDegradation		:	false
     Incident Time (UTC)	:	?2015?-?04?-?25T06:42:32.593600100Z","100","2",,"3","4002","34","-9223372036854710272","2519","Microsoft-Windows-Diagnostics-Performance","cfc18ec0-96b1-4eba-961b-622caee05b0a","Microsoft-Windows-Diagnostics-Performance/Operational","1324","324","rjaf-PC4429","S-1-5-19","4/24/2015 11:44:32 PM","00000000-cb28-0000-834f-e201237fd001",,"c:\users\mac_1\desktop\winevt\logs\microsoft-windows-diagnostics-performance%4operational.evtx","System.UInt32[]","System.Diagnostics.Eventing.Reader.EventBookmark","Warning","Boot Information","Boot Performance Monitoring","System.Collections.ObjectModel.ReadOnlyCollection`1[System.String]","System.Collections.Generic.List`1[System.Diagnostics.Eventing.Reader.EventProperty]"
"Windows has resumed from standby: 
     Standby Duration		:	9607ms
     Standby Incident Time (UTC)	:	?2015?-?04?-?23T18:31:56.826655100Z
     Resume  Duration		:	1238ms
     Resume  Incident Time (UTC)	:	?2015?-?04?-?24T13:40:05.594993400Z
     IsDegradation			:	false","300","1",,"3","4003","36","-9223372036854710272","2518","Microsoft-Windows-Diagnostics-Performance","cfc18ec0-96b1-4eba-961b-622caee05b0a","Microsoft-Windows-Diagnostics-Performance/Operational","1320","3968","rjaf-PC4429","S-1-5-19","4/24/2015 6:40:20 AM","85f02364-e89b-0001-12c0-36e1917dd001",,"c:\users\mac_1\desktop\winevt\logs\microsoft-windows-diagnostics-performance%4operational.evtx","System.UInt32[]","System.Diagnostics.Eventing.Reader.EventBookmark","Warning","Standby Information","Standby Performance Monitoring","System.Collections.ObjectModel.ReadOnlyCollection`1[System.String]","System.Collections.Generic.List`1[System.Diagnostics.Eventing.Reader.EventProperty]"
"This startup service took longer than expected to startup, resulting in a performance degradation in the system start up process: 
     File Name		:	cscservice
     Friendly Name		:	CSC Service DLL
     Version		:	6.1.7600.16385 (win7_rtm.090713-1255)
     Total Time		:	1295ms
     Degradation Time	:	557ms
     Incident Time (UTC)	:	?2015?-?04?-?23T06:51:09.593600100Z","103","1",,"3","4002","33","-9223372036854710272","2517","Microsoft-Windows-Diagnostics-Performance","cfc18ec0-96b1-4eba-961b-622caee05b0a","Microsoft-Windows-Diagnostics-Performance/Operational","1320","2592","rjaf-PC4429","S-1-5-19","4/23/2015 12:01:56 AM","00000000-6b28-0000-07c0-36e1917dd001",,"c:\users\mac_1\desktop\winevt\logs\microsoft-windows-diagnostics-performance%4operational.evtx","System.UInt32[]","System.Diagnostics.Eventing.Reader.EventBookmark","Warning","Boot Degradation","Boot Performance Monitoring","System.Collections.ObjectModel.ReadOnlyCollection`1[System.String]","System.Collections.Generic.List`1[System.Diagnostics.Eventing.Reader.EventProperty]"
"This startup service took longer than expected to startup, resulting in a performance degradation in the system start up process: 
     File Name		:	themes
     Friendly Name		:	Windows Shell Theme Service Dll
     Version		:	6.1.7600.16385 (win7_rtm.090713-1255)
     Total Time		:	1292ms
     Degradation Time	:	797ms
     Incident Time (UTC)	:	?2015?-?04?-?23T06:51:09.593600100Z","103","1",,"3","4002","33","-9223372036854710272","2516","Microsoft-Windows-Diagnostics-Performance","cfc18ec0-96b1-4eba-961b-622caee05b0a","Microsoft-Windows-Diagnostics-Performance/Operational","1320","2592","rjaf-PC4429","S-1-5-19","4/23/2015 12:01:56 AM","00000000-6b28-0000-07c0-36e1917dd001",,"c:\users\mac_1\desktop\winevt\logs\microsoft-windows-diagnostics-performance%4operational.evtx","System.UInt32[]","System.Diagnostics.Eventing.Reader.EventBookmark","Warning","Boot Degradation","Boot Performance Monitoring","System.Collections.ObjectModel.ReadOnlyCollection`1[System.String]","System.Collections.Generic.List`1[System.Diagnostics.Eventing.Reader.EventProperty]"
"Windows has started up: 
     Boot Duration		:	32369ms
     IsDegradation		:	false
     Incident Time (UTC)	:	?2015?-?04?-?23T06:51:09.593600100Z","100","2",,"3","4002","34","-9223372036854710272","2515","Microsoft-Windows-Diagnostics-Performance","cfc18ec0-96b1-4eba-961b-622caee05b0a","Microsoft-Windows-Diagnostics-Performance/Operational","1320","2592","rjaf-PC4429","S-1-5-19","4/23/2015 12:01:56 AM","00000000-6b28-0000-07c0-36e1917dd001",,"c:\users\mac_1\desktop\winevt\logs\microsoft-windows-diagnostics-performance%4operational.evtx","System.UInt32[]","System.Diagnostics.Eventing.Reader.EventBookmark","Warning","Boot Information","Boot Performance Monitoring","System.Collections.ObjectModel.ReadOnlyCollection`1[System.String]","System.Collections.Generic.List`1[System.Diagnostics.Eventing.Reader.EventProperty]"
"This application caused a delay in the system shutdown process: 
     File Name		:	rundll32.exe
     Friendly Name		:	Windows host process (Rundll32)
     Version		:	6.1.7600.16385 (win7_rtm.090713-1255)
     Total Time		:	5001ms
     Degradation Time	:	5000ms
     Incident Time (UTC)	:	?2015?-?04?-?22T21:19:44.254700100Z","201","1",,"2","4007","41","-9223372036854710272","2514","Microsoft-Windows-Diagnostics-Performance","cfc18ec0-96b1-4eba-961b-622caee05b0a","Microsoft-Windows-Diagnostics-Performance/Operational","1320","120","rjaf-PC4429","S-1-5-19","4/23/2015 12:01:55 AM","85f02c9c-e89b-0002-3bc0-36e1917dd001",,"c:\users\mac_1\desktop\winevt\logs\microsoft-windows-diagnostics-performance%4operational.evtx","System.UInt32[]","System.Diagnostics.Eventing.Reader.EventBookmark","Error","Shutdown Degradation","Shutdown Performance Monitoring","System.Collections.ObjectModel.ReadOnlyCollection`1[System.String]","System.Collections.Generic.List`1[System.Diagnostics.Eventing.Reader.EventProperty]"
"Windows has shutdown: 
     Shutdown Duration	:	12242ms
     IsDegradation		:	true
     Incident Time (UTC)	:	?2015?-?04?-?22T21:19:44.254700100Z","200","1",,"3","4007","40","-9223372036854710272","2513","Microsoft-Windows-Diagnostics-Performance","cfc18ec0-96b1-4eba-961b-622caee05b0a","Microsoft-Windows-Diagnostics-Performance/Operational","1320","120","rjaf-PC4429","S-1-5-19","4/23/2015 12:01:55 AM","85f02c9c-e89b-0002-3bc0-36e1917dd001",,"c:\users\mac_1\desktop\winevt\logs\microsoft-windows-diagnostics-performance%4operational.evtx","System.UInt32[]","System.Diagnostics.Eventing.Reader.EventBookmark","Warning","Shutdown Information","Shutdown Performance Monitoring","System.Collections.ObjectModel.ReadOnlyCollection`1[System.String]","System.Collections.Generic.List`1[System.Diagnostics.Eventing.Reader.EventProperty]"
"This startup service took longer than expected to startup, resulting in a performance degradation in the system start up process: 
     File Name		:	audioendpointbuilder
     Friendly Name		:	Windows Audio Service
     Version		:	6.1.7600.16385 (win7_rtm.090713-1255)
     Total Time		:	466ms
     Degradation Time	:	170ms
     Incident Time (UTC)	:	?2015?-?04?-?22T18:59:29.593600100Z","103","1",,"3","4002","33","-9223372036854710272","2512","Microsoft-Windows-Diagnostics-Performance","cfc18ec0-96b1-4eba-961b-622caee05b0a","Microsoft-Windows-Diagnostics-Performance/Operational","1400","716","rjaf-PC4429","S-1-5-19","4/22/2015 12:01:21 PM","85f03364-d89b-0003-03d2-07762e7dd001",,"c:\users\mac_1\desktop\winevt\logs\microsoft-windows-diagnostics-performance%4operational.evtx","System.UInt32[]","System.Diagnostics.Eventing.Reader.EventBookmark","Warning","Boot Degradation","Boot Performance Monitoring","System.Collections.ObjectModel.ReadOnlyCollection`1[System.String]","System.Collections.Generic.List`1[System.Diagnostics.Eventing.Reader.EventProperty]"
"Windows has started up: 
     Boot Duration		:	30775ms
     IsDegradation		:	false
     Incident Time (UTC)	:	?2015?-?04?-?22T18:59:29.593600100Z","100","2",,"3","4002","34","-9223372036854710272","2511","Microsoft-Windows-Diagnostics-Performance","cfc18ec0-96b1-4eba-961b-622caee05b0a","Microsoft-Windows-Diagnostics-Performance/Operational","1400","716","rjaf-PC4429","S-1-5-19","4/22/2015 12:01:21 PM","85f03364-d89b-0003-03d2-07762e7dd001",,"c:\users\mac_1\desktop\winevt\logs\microsoft-windows-diagnostics-performance%4operational.evtx","System.UInt32[]","System.Diagnostics.Eventing.Reader.EventBookmark","Warning","Boot Information","Boot Performance Monitoring","System.Collections.ObjectModel.ReadOnlyCollection`1[System.String]","System.Collections.Generic.List`1[System.Diagnostics.Eventing.Reader.EventProperty]"
"Windows has shutdown: 
     Shutdown Duration	:	14111ms
     IsDegradation		:	false
     Incident Time (UTC)	:	?2015?-?04?-?22T17:31:20.498083000Z","200","1",,"3","4007","40","-9223372036854710272","2510","Microsoft-Windows-Diagnostics-Performance","cfc18ec0-96b1-4eba-961b-622caee05b0a","Microsoft-Windows-Diagnostics-Performance/Operational","1400","676","rjaf-PC4429","S-1-5-19","4/22/2015 12:01:21 PM","00000000-5b28-0000-09d2-07762e7dd001",,"c:\users\mac_1\desktop\winevt\logs\microsoft-windows-diagnostics-performance%4operational.evtx","System.UInt32[]","System.Diagnostics.Eventing.Reader.EventBookmark","Warning","Shutdown Information","Shutdown Performance Monitoring","System.Collections.ObjectModel.ReadOnlyCollection`1[System.String]","System.Collections.Generic.List`1[System.Diagnostics.Eventing.Reader.EventProperty]"
