"Error 0x80070005 occurred while verifying known folder {F1B32785-6FBA-4FCF-9D55-7B8E7F157091} with path 'C:\Windows\system32\config\systemprofile\AppData\Local'.","1002","0",,"3","0","0","-9223372036854775808","2625","Microsoft-Windows-KnownFolders","8939299f-2315-4c5c-9b91-abb86aa0627d","Microsoft-Windows-Known Folders API Service","3560","3448","rjaf-PC4429","S-1-5-18","2/17/2015 4:16:45 AM",,,"c:\users\mac_1\desktop\winevt\logs\microsoft-windows-known folders api service.evtx","System.UInt32[]","System.Diagnostics.Eventing.Reader.EventBookmark","Warning","Info",,"System.Collections.ObjectModel.ReadOnlyCollection`1[System.String]","System.Collections.Generic.List`1[System.Diagnostics.Eventing.Reader.EventProperty]"
"Error 0x80070005 occurred while verifying known folder {F1B32785-6FBA-4FCF-9D55-7B8E7F157091} with path 'C:\Windows\system32\config\systemprofile\AppData\Local'.","1002","0",,"3","0","0","-9223372036854775808","2624","Microsoft-Windows-KnownFolders","8939299f-2315-4c5c-9b91-abb86aa0627d","Microsoft-Windows-Known Folders API Service","3892","3256","rjaf-PC4429","S-1-5-18","2/17/2015 4:14:26 AM",,,"c:\users\mac_1\desktop\winevt\logs\microsoft-windows-known folders api service.evtx","System.UInt32[]","System.Diagnostics.Eventing.Reader.EventBookmark","Warning","Info",,"System.Collections.ObjectModel.ReadOnlyCollection`1[System.String]","System.Collections.Generic.List`1[System.Diagnostics.Eventing.Reader.EventProperty]"
"Error 0x80070002 occurred while verifying known folder {B4BFCC3A-DB2C-424C-B029-7FE99A87C641} with path 'C:\Windows\system32\config\systemprofile\Desktop'.","1002","0",,"3","0","0","-9223372036854775808","2623","Microsoft-Windows-KnownFolders","8939299f-2315-4c5c-9b91-abb86aa0627d","Microsoft-Windows-Known Folders API Service","3352","3368","rjaf-PC4429","S-1-5-18","2/17/2015 4:14:17 AM",,,"c:\users\mac_1\desktop\winevt\logs\microsoft-windows-known folders api service.evtx","System.UInt32[]","System.Diagnostics.Eventing.Reader.EventBookmark","Warning","Info",,"System.Collections.ObjectModel.ReadOnlyCollection`1[System.String]","System.Collections.Generic.List`1[System.Diagnostics.Eventing.Reader.EventProperty]"
"Error 0x80070002 occurred while verifying known folder {B4BFCC3A-DB2C-424C-B029-7FE99A87C641} with path 'C:\Windows\system32\config\systemprofile\Desktop'.","1002","0",,"3","0","0","-9223372036854775808","2622","Microsoft-Windows-KnownFolders","8939299f-2315-4c5c-9b91-abb86aa0627d","Microsoft-Windows-Known Folders API Service","2840","3112","rjaf-PC4429","S-1-5-18","2/17/2015 4:14:09 AM",,,"c:\users\mac_1\desktop\winevt\logs\microsoft-windows-known folders api service.evtx","System.UInt32[]","System.Diagnostics.Eventing.Reader.EventBookmark","Warning","Info",,"System.Collections.ObjectModel.ReadOnlyCollection`1[System.String]","System.Collections.Generic.List`1[System.Diagnostics.Eventing.Reader.EventProperty]"
"Error 0x80070002 occurred while verifying known folder {FDD39AD0-238F-46AF-ADB4-6C85480369C7} with path 'C:\Windows\system32\config\systemprofile\Documents'.","1002","0",,"3","0","0","-9223372036854775808","2621","Microsoft-Windows-KnownFolders","8939299f-2315-4c5c-9b91-abb86aa0627d","Microsoft-Windows-Known Folders API Service","2840","3112","rjaf-PC4429","S-1-5-18","2/17/2015 4:14:09 AM",,,"c:\users\mac_1\desktop\winevt\logs\microsoft-windows-known folders api service.evtx","System.UInt32[]","System.Diagnostics.Eventing.Reader.EventBookmark","Warning","Info",,"System.Collections.ObjectModel.ReadOnlyCollection`1[System.String]","System.Collections.Generic.List`1[System.Diagnostics.Eventing.Reader.EventProperty]"
"Error 0x80070002 occurred while verifying known folder {625B53C3-AB48-4EC1-BA1F-A1EF4146FC19} with path 'C:\Windows\system32\config\systemprofile\AppData\Roaming\Microsoft\Windows\Start Menu'.","1002","0",,"3","0","0","-9223372036854775808","2620","Microsoft-Windows-KnownFolders","8939299f-2315-4c5c-9b91-abb86aa0627d","Microsoft-Windows-Known Folders API Service","2840","3112","rjaf-PC4429","S-1-5-18","2/17/2015 4:14:09 AM",,,"c:\users\mac_1\desktop\winevt\logs\microsoft-windows-known folders api service.evtx","System.UInt32[]","System.Diagnostics.Eventing.Reader.EventBookmark","Warning","Info",,"System.Collections.ObjectModel.ReadOnlyCollection`1[System.String]","System.Collections.Generic.List`1[System.Diagnostics.Eventing.Reader.EventProperty]"
"Error 0x80070002 occurred while verifying known folder {1777F761-68AD-4D8A-87BD-30B759FA33DD} with path 'C:\Windows\system32\config\systemprofile\Favorites'.","1002","0",,"3","0","0","-9223372036854775808","2619","Microsoft-Windows-KnownFolders","8939299f-2315-4c5c-9b91-abb86aa0627d","Microsoft-Windows-Known Folders API Service","2840","3112","rjaf-PC4429","S-1-5-18","2/17/2015 4:14:09 AM",,,"c:\users\mac_1\desktop\winevt\logs\microsoft-windows-known folders api service.evtx","System.UInt32[]","System.Diagnostics.Eventing.Reader.EventBookmark","Warning","Info",,"System.Collections.ObjectModel.ReadOnlyCollection`1[System.String]","System.Collections.Generic.List`1[System.Diagnostics.Eventing.Reader.EventProperty]"
"Error 0x80070005 occurred while verifying known folder {F1B32785-6FBA-4FCF-9D55-7B8E7F157091} with path 'C:\Windows\system32\config\systemprofile\AppData\Local'.","1002","0",,"3","0","0","-9223372036854775808","2618","Microsoft-Windows-KnownFolders","8939299f-2315-4c5c-9b91-abb86aa0627d","Microsoft-Windows-Known Folders API Service","1816","3256","rjaf-PC4429","S-1-5-18","2/17/2015 3:02:44 AM",,,"c:\users\mac_1\desktop\winevt\logs\microsoft-windows-known folders api service.evtx","System.UInt32[]","System.Diagnostics.Eventing.Reader.EventBookmark","Warning","Info",,"System.Collections.ObjectModel.ReadOnlyCollection`1[System.String]","System.Collections.Generic.List`1[System.Diagnostics.Eventing.Reader.EventProperty]"
"Error 0x80070002 occurred while verifying known folder {B4BFCC3A-DB2C-424C-B029-7FE99A87C641} with path 'C:\Windows\system32\config\systemprofile\Desktop'.","1002","0",,"3","0","0","-9223372036854775808","2617","Microsoft-Windows-KnownFolders","8939299f-2315-4c5c-9b91-abb86aa0627d","Microsoft-Windows-Known Folders API Service","3080","3096","rjaf-PC4429","S-1-5-18","2/17/2015 3:02:37 AM",,,"c:\users\mac_1\desktop\winevt\logs\microsoft-windows-known folders api service.evtx","System.UInt32[]","System.Diagnostics.Eventing.Reader.EventBookmark","Warning","Info",,"System.Collections.ObjectModel.ReadOnlyCollection`1[System.String]","System.Collections.Generic.List`1[System.Diagnostics.Eventing.Reader.EventProperty]"
"Error 0x80070002 occurred while verifying known folder {B4BFCC3A-DB2C-424C-B029-7FE99A87C641} with path 'C:\Windows\system32\config\systemprofile\Desktop'.","1002","0",,"3","0","0","-9223372036854775808","2616","Microsoft-Windows-KnownFolders","8939299f-2315-4c5c-9b91-abb86aa0627d","Microsoft-Windows-Known Folders API Service","2852","3056","rjaf-PC4429","S-1-5-18","2/17/2015 3:02:23 AM",,,"c:\users\mac_1\desktop\winevt\logs\microsoft-windows-known folders api service.evtx","System.UInt32[]","System.Diagnostics.Eventing.Reader.EventBookmark","Warning","Info",,"System.Collections.ObjectModel.ReadOnlyCollection`1[System.String]","System.Collections.Generic.List`1[System.Diagnostics.Eventing.Reader.EventProperty]"
"Error 0x80070002 occurred while verifying known folder {FDD39AD0-238F-46AF-ADB4-6C85480369C7} with path 'C:\Windows\system32\config\systemprofile\Documents'.","1002","0",,"3","0","0","-9223372036854775808","2615","Microsoft-Windows-KnownFolders","8939299f-2315-4c5c-9b91-abb86aa0627d","Microsoft-Windows-Known Folders API Service","2852","3056","rjaf-PC4429","S-1-5-18","2/17/2015 3:02:23 AM",,,"c:\users\mac_1\desktop\winevt\logs\microsoft-windows-known folders api service.evtx","System.UInt32[]","System.Diagnostics.Eventing.Reader.EventBookmark","Warning","Info",,"System.Collections.ObjectModel.ReadOnlyCollection`1[System.String]","System.Collections.Generic.List`1[System.Diagnostics.Eventing.Reader.EventProperty]"
"Error 0x80070002 occurred while verifying known folder {625B53C3-AB48-4EC1-BA1F-A1EF4146FC19} with path 'C:\Windows\system32\config\systemprofile\AppData\Roaming\Microsoft\Windows\Start Menu'.","1002","0",,"3","0","0","-9223372036854775808","2614","Microsoft-Windows-KnownFolders","8939299f-2315-4c5c-9b91-abb86aa0627d","Microsoft-Windows-Known Folders API Service","2852","3056","rjaf-PC4429","S-1-5-18","2/17/2015 3:02:23 AM",,,"c:\users\mac_1\desktop\winevt\logs\microsoft-windows-known folders api service.evtx","System.UInt32[]","System.Diagnostics.Eventing.Reader.EventBookmark","Warning","Info",,"System.Collections.ObjectModel.ReadOnlyCollection`1[System.String]","System.Collections.Generic.List`1[System.Diagnostics.Eventing.Reader.EventProperty]"
"Error 0x80070002 occurred while verifying known folder {1777F761-68AD-4D8A-87BD-30B759FA33DD} with path 'C:\Windows\system32\config\systemprofile\Favorites'.","1002","0",,"3","0","0","-9223372036854775808","2613","Microsoft-Windows-KnownFolders","8939299f-2315-4c5c-9b91-abb86aa0627d","Microsoft-Windows-Known Folders API Service","2852","3056","rjaf-PC4429","S-1-5-18","2/17/2015 3:02:23 AM",,,"c:\users\mac_1\desktop\winevt\logs\microsoft-windows-known folders api service.evtx","System.UInt32[]","System.Diagnostics.Eventing.Reader.EventBookmark","Warning","Info",,"System.Collections.ObjectModel.ReadOnlyCollection`1[System.String]","System.Collections.Generic.List`1[System.Diagnostics.Eventing.Reader.EventProperty]"
"Error 0x80070002 occurred while verifying known folder {B4BFCC3A-DB2C-424C-B029-7FE99A87C641} with path 'C:\Windows\system32\config\systemprofile\Desktop'.","1002","0",,"3","0","0","-9223372036854775808","2612","Microsoft-Windows-KnownFolders","8939299f-2315-4c5c-9b91-abb86aa0627d","Microsoft-Windows-Known Folders API Service","800","812","rjaf-PC4429","S-1-5-18","2/16/2015 1:43:13 PM",,,"c:\users\mac_1\desktop\winevt\logs\microsoft-windows-known folders api service.evtx","System.UInt32[]","System.Diagnostics.Eventing.Reader.EventBookmark","Warning","Info",,"System.Collections.ObjectModel.ReadOnlyCollection`1[System.String]","System.Collections.Generic.List`1[System.Diagnostics.Eventing.Reader.EventProperty]"
"Error 0x80070002 occurred while verifying known folder {B4BFCC3A-DB2C-424C-B029-7FE99A87C641} with path 'C:\Windows\system32\config\systemprofile\Desktop'.","1002","0",,"3","0","0","-9223372036854775808","2611","Microsoft-Windows-KnownFolders","8939299f-2315-4c5c-9b91-abb86aa0627d","Microsoft-Windows-Known Folders API Service","1700","1808","rjaf-PC4429","S-1-5-18","2/15/2015 4:16:36 AM",,,"c:\users\mac_1\desktop\winevt\logs\microsoft-windows-known folders api service.evtx","System.UInt32[]","System.Diagnostics.Eventing.Reader.EventBookmark","Warning","Info",,"System.Collections.ObjectModel.ReadOnlyCollection`1[System.String]","System.Collections.Generic.List`1[System.Diagnostics.Eventing.Reader.EventProperty]"
"Error 0x80070002 occurred while verifying known folder {FDD39AD0-238F-46AF-ADB4-6C85480369C7} with path 'C:\Windows\system32\config\systemprofile\Documents'.","1002","0",,"3","0","0","-9223372036854775808","2610","Microsoft-Windows-KnownFolders","8939299f-2315-4c5c-9b91-abb86aa0627d","Microsoft-Windows-Known Folders API Service","1700","1808","rjaf-PC4429","S-1-5-18","2/15/2015 4:16:36 AM",,,"c:\users\mac_1\desktop\winevt\logs\microsoft-windows-known folders api service.evtx","System.UInt32[]","System.Diagnostics.Eventing.Reader.EventBookmark","Warning","Info",,"System.Collections.ObjectModel.ReadOnlyCollection`1[System.String]","System.Collections.Generic.List`1[System.Diagnostics.Eventing.Reader.EventProperty]"
"Error 0x80070002 occurred while verifying known folder {625B53C3-AB48-4EC1-BA1F-A1EF4146FC19} with path 'C:\Windows\system32\config\systemprofile\AppData\Roaming\Microsoft\Windows\Start Menu'.","1002","0",,"3","0","0","-9223372036854775808","2609","Microsoft-Windows-KnownFolders","8939299f-2315-4c5c-9b91-abb86aa0627d","Microsoft-Windows-Known Folders API Service","1700","1808","rjaf-PC4429","S-1-5-18","2/15/2015 4:16:36 AM",,,"c:\users\mac_1\desktop\winevt\logs\microsoft-windows-known folders api service.evtx","System.UInt32[]","System.Diagnostics.Eventing.Reader.EventBookmark","Warning","Info",,"System.Collections.ObjectModel.ReadOnlyCollection`1[System.String]","System.Collections.Generic.List`1[System.Diagnostics.Eventing.Reader.EventProperty]"
"Error 0x80070002 occurred while verifying known folder {1777F761-68AD-4D8A-87BD-30B759FA33DD} with path 'C:\Windows\system32\config\systemprofile\Favorites'.","1002","0",,"3","0","0","-9223372036854775808","2608","Microsoft-Windows-KnownFolders","8939299f-2315-4c5c-9b91-abb86aa0627d","Microsoft-Windows-Known Folders API Service","1700","1808","rjaf-PC4429","S-1-5-18","2/15/2015 4:16:36 AM",,,"c:\users\mac_1\desktop\winevt\logs\microsoft-windows-known folders api service.evtx","System.UInt32[]","System.Diagnostics.Eventing.Reader.EventBookmark","Warning","Info",,"System.Collections.ObjectModel.ReadOnlyCollection`1[System.String]","System.Collections.Generic.List`1[System.Diagnostics.Eventing.Reader.EventProperty]"
"Error 0x80070005 occurred while verifying known folder {F1B32785-6FBA-4FCF-9D55-7B8E7F157091} with path 'C:\Windows\system32\config\systemprofile\AppData\Local'.","1002","0",,"3","0","0","-9223372036854775808","2607","Microsoft-Windows-KnownFolders","8939299f-2315-4c5c-9b91-abb86aa0627d","Microsoft-Windows-Known Folders API Service","496","1272","rjaf-PC4429","S-1-5-18","2/14/2015 11:55:33 AM",,,"c:\users\mac_1\desktop\winevt\logs\microsoft-windows-known folders api service.evtx","System.UInt32[]","System.Diagnostics.Eventing.Reader.EventBookmark","Warning","Info",,"System.Collections.ObjectModel.ReadOnlyCollection`1[System.String]","System.Collections.Generic.List`1[System.Diagnostics.Eventing.Reader.EventProperty]"
"Error 0x80070002 occurred while verifying known folder {B4BFCC3A-DB2C-424C-B029-7FE99A87C641} with path 'C:\Windows\system32\config\systemprofile\Desktop'.","1002","0",,"3","0","0","-9223372036854775808","2606","Microsoft-Windows-KnownFolders","8939299f-2315-4c5c-9b91-abb86aa0627d","Microsoft-Windows-Known Folders API Service","2828","3112","rjaf-PC4429","S-1-5-18","2/14/2015 4:27:59 AM",,,"c:\users\mac_1\desktop\winevt\logs\microsoft-windows-known folders api service.evtx","System.UInt32[]","System.Diagnostics.Eventing.Reader.EventBookmark","Warning","Info",,"System.Collections.ObjectModel.ReadOnlyCollection`1[System.String]","System.Collections.Generic.List`1[System.Diagnostics.Eventing.Reader.EventProperty]"
"Error 0x80070002 occurred while verifying known folder {FDD39AD0-238F-46AF-ADB4-6C85480369C7} with path 'C:\Windows\system32\config\systemprofile\Documents'.","1002","0",,"3","0","0","-9223372036854775808","2605","Microsoft-Windows-KnownFolders","8939299f-2315-4c5c-9b91-abb86aa0627d","Microsoft-Windows-Known Folders API Service","2828","3112","rjaf-PC4429","S-1-5-18","2/14/2015 4:27:59 AM",,,"c:\users\mac_1\desktop\winevt\logs\microsoft-windows-known folders api service.evtx","System.UInt32[]","System.Diagnostics.Eventing.Reader.EventBookmark","Warning","Info",,"System.Collections.ObjectModel.ReadOnlyCollection`1[System.String]","System.Collections.Generic.List`1[System.Diagnostics.Eventing.Reader.EventProperty]"
"Error 0x80070002 occurred while verifying known folder {625B53C3-AB48-4EC1-BA1F-A1EF4146FC19} with path 'C:\Windows\system32\config\systemprofile\AppData\Roaming\Microsoft\Windows\Start Menu'.","1002","0",,"3","0","0","-9223372036854775808","2604","Microsoft-Windows-KnownFolders","8939299f-2315-4c5c-9b91-abb86aa0627d","Microsoft-Windows-Known Folders API Service","2828","3112","rjaf-PC4429","S-1-5-18","2/14/2015 4:27:59 AM",,,"c:\users\mac_1\desktop\winevt\logs\microsoft-windows-known folders api service.evtx","System.UInt32[]","System.Diagnostics.Eventing.Reader.EventBookmark","Warning","Info",,"System.Collections.ObjectModel.ReadOnlyCollection`1[System.String]","System.Collections.Generic.List`1[System.Diagnostics.Eventing.Reader.EventProperty]"
"Error 0x80070002 occurred while verifying known folder {1777F761-68AD-4D8A-87BD-30B759FA33DD} with path 'C:\Windows\system32\config\systemprofile\Favorites'.","1002","0",,"3","0","0","-9223372036854775808","2603","Microsoft-Windows-KnownFolders","8939299f-2315-4c5c-9b91-abb86aa0627d","Microsoft-Windows-Known Folders API Service","2828","3112","rjaf-PC4429","S-1-5-18","2/14/2015 4:27:59 AM",,,"c:\users\mac_1\desktop\winevt\logs\microsoft-windows-known folders api service.evtx","System.UInt32[]","System.Diagnostics.Eventing.Reader.EventBookmark","Warning","Info",,"System.Collections.ObjectModel.ReadOnlyCollection`1[System.String]","System.Collections.Generic.List`1[System.Diagnostics.Eventing.Reader.EventProperty]"
"Error 0x80070002 occurred while verifying known folder {B4BFCC3A-DB2C-424C-B029-7FE99A87C641} with path 'C:\Windows\system32\config\systemprofile\Desktop'.","1002","0",,"3","0","0","-9223372036854775808","2602","Microsoft-Windows-KnownFolders","8939299f-2315-4c5c-9b91-abb86aa0627d","Microsoft-Windows-Known Folders API Service","3740","2080","rjaf-PC4429","S-1-5-18","2/14/2015 12:53:17 AM",,,"c:\users\mac_1\desktop\winevt\logs\microsoft-windows-known folders api service.evtx","System.UInt32[]","System.Diagnostics.Eventing.Reader.EventBookmark","Warning","Info",,"System.Collections.ObjectModel.ReadOnlyCollection`1[System.String]","System.Collections.Generic.List`1[System.Diagnostics.Eventing.Reader.EventProperty]"
"Error 0x80070002 occurred while verifying known folder {625B53C3-AB48-4EC1-BA1F-A1EF4146FC19} with path 'C:\Windows\system32\config\systemprofile\AppData\Roaming\Microsoft\Windows\Start Menu'.","1002","0",,"3","0","0","-9223372036854775808","2601","Microsoft-Windows-KnownFolders","8939299f-2315-4c5c-9b91-abb86aa0627d","Microsoft-Windows-Known Folders API Service","3740","2080","rjaf-PC4429","S-1-5-18","2/14/2015 12:53:17 AM",,,"c:\users\mac_1\desktop\winevt\logs\microsoft-windows-known folders api service.evtx","System.UInt32[]","System.Diagnostics.Eventing.Reader.EventBookmark","Warning","Info",,"System.Collections.ObjectModel.ReadOnlyCollection`1[System.String]","System.Collections.Generic.List`1[System.Diagnostics.Eventing.Reader.EventProperty]"
"Error 0x80070002 occurred while verifying known folder {B4BFCC3A-DB2C-424C-B029-7FE99A87C641} with path 'C:\Windows\system32\config\systemprofile\Desktop'.","1002","0",,"3","0","0","-9223372036854775808","2600","Microsoft-Windows-KnownFolders","8939299f-2315-4c5c-9b91-abb86aa0627d","Microsoft-Windows-Known Folders API Service","664","3828","rjaf-PC4429","S-1-5-18","2/14/2015 12:53:17 AM",,,"c:\users\mac_1\desktop\winevt\logs\microsoft-windows-known folders api service.evtx","System.UInt32[]","System.Diagnostics.Eventing.Reader.EventBookmark","Warning","Info",,"System.Collections.ObjectModel.ReadOnlyCollection`1[System.String]","System.Collections.Generic.List`1[System.Diagnostics.Eventing.Reader.EventProperty]"
"Error 0x80070003 occurred while verifying known folder {A77F5D77-2E2B-44C3-A6A2-ABA601054A51} with path 'C:\Windows\system32\config\systemprofile\AppData\Roaming\Microsoft\Windows\Start Menu\Programs'.","1002","0",,"3","0","0","-9223372036854775808","2599","Microsoft-Windows-KnownFolders","8939299f-2315-4c5c-9b91-abb86aa0627d","Microsoft-Windows-Known Folders API Service","664","3828","rjaf-PC4429","S-1-5-18","2/14/2015 12:53:17 AM",,,"c:\users\mac_1\desktop\winevt\logs\microsoft-windows-known folders api service.evtx","System.UInt32[]","System.Diagnostics.Eventing.Reader.EventBookmark","Warning","Info",,"System.Collections.ObjectModel.ReadOnlyCollection`1[System.String]","System.Collections.Generic.List`1[System.Diagnostics.Eventing.Reader.EventProperty]"
"Error 0x80070002 occurred while verifying known folder {FDD39AD0-238F-46AF-ADB4-6C85480369C7} with path 'C:\Windows\system32\config\systemprofile\Documents'.","1002","0",,"3","0","0","-9223372036854775808","2598","Microsoft-Windows-KnownFolders","8939299f-2315-4c5c-9b91-abb86aa0627d","Microsoft-Windows-Known Folders API Service","664","3828","rjaf-PC4429","S-1-5-18","2/14/2015 12:53:17 AM",,,"c:\users\mac_1\desktop\winevt\logs\microsoft-windows-known folders api service.evtx","System.UInt32[]","System.Diagnostics.Eventing.Reader.EventBookmark","Warning","Info",,"System.Collections.ObjectModel.ReadOnlyCollection`1[System.String]","System.Collections.Generic.List`1[System.Diagnostics.Eventing.Reader.EventProperty]"
"Error 0x80070002 occurred while verifying known folder {625B53C3-AB48-4EC1-BA1F-A1EF4146FC19} with path 'C:\Windows\system32\config\systemprofile\AppData\Roaming\Microsoft\Windows\Start Menu'.","1002","0",,"3","0","0","-9223372036854775808","2597","Microsoft-Windows-KnownFolders","8939299f-2315-4c5c-9b91-abb86aa0627d","Microsoft-Windows-Known Folders API Service","664","3828","rjaf-PC4429","S-1-5-18","2/14/2015 12:53:17 AM",,,"c:\users\mac_1\desktop\winevt\logs\microsoft-windows-known folders api service.evtx","System.UInt32[]","System.Diagnostics.Eventing.Reader.EventBookmark","Warning","Info",,"System.Collections.ObjectModel.ReadOnlyCollection`1[System.String]","System.Collections.Generic.List`1[System.Diagnostics.Eventing.Reader.EventProperty]"
"Error 0x80070003 occurred while verifying known folder {B97D20BB-F46A-4C97-BA10-5E3608430854} with path 'C:\Windows\system32\config\systemprofile\AppData\Roaming\Microsoft\Windows\Start Menu\Programs\Startup'.","1002","0",,"3","0","0","-9223372036854775808","2596","Microsoft-Windows-KnownFolders","8939299f-2315-4c5c-9b91-abb86aa0627d","Microsoft-Windows-Known Folders API Service","664","3828","rjaf-PC4429","S-1-5-18","2/14/2015 12:53:17 AM",,,"c:\users\mac_1\desktop\winevt\logs\microsoft-windows-known folders api service.evtx","System.UInt32[]","System.Diagnostics.Eventing.Reader.EventBookmark","Warning","Info",,"System.Collections.ObjectModel.ReadOnlyCollection`1[System.String]","System.Collections.Generic.List`1[System.Diagnostics.Eventing.Reader.EventProperty]"
"Error 0x80070002 occurred while verifying known folder {B4BFCC3A-DB2C-424C-B029-7FE99A87C641} with path 'C:\Windows\system32\config\systemprofile\Desktop'.","1002","0",,"3","0","0","-9223372036854775808","2595","Microsoft-Windows-KnownFolders","8939299f-2315-4c5c-9b91-abb86aa0627d","Microsoft-Windows-Known Folders API Service","2928","3172","rjaf-PC4429","S-1-5-18","2/11/2015 12:27:50 AM",,,"c:\users\mac_1\desktop\winevt\logs\microsoft-windows-known folders api service.evtx","System.UInt32[]","System.Diagnostics.Eventing.Reader.EventBookmark","Warning","Info",,"System.Collections.ObjectModel.ReadOnlyCollection`1[System.String]","System.Collections.Generic.List`1[System.Diagnostics.Eventing.Reader.EventProperty]"
"Error 0x80070002 occurred while verifying known folder {FDD39AD0-238F-46AF-ADB4-6C85480369C7} with path 'C:\Windows\system32\config\systemprofile\Documents'.","1002","0",,"3","0","0","-9223372036854775808","2594","Microsoft-Windows-KnownFolders","8939299f-2315-4c5c-9b91-abb86aa0627d","Microsoft-Windows-Known Folders API Service","2928","3172","rjaf-PC4429","S-1-5-18","2/11/2015 12:27:50 AM",,,"c:\users\mac_1\desktop\winevt\logs\microsoft-windows-known folders api service.evtx","System.UInt32[]","System.Diagnostics.Eventing.Reader.EventBookmark","Warning","Info",,"System.Collections.ObjectModel.ReadOnlyCollection`1[System.String]","System.Collections.Generic.List`1[System.Diagnostics.Eventing.Reader.EventProperty]"
"Error 0x80070002 occurred while verifying known folder {625B53C3-AB48-4EC1-BA1F-A1EF4146FC19} with path 'C:\Windows\system32\config\systemprofile\AppData\Roaming\Microsoft\Windows\Start Menu'.","1002","0",,"3","0","0","-9223372036854775808","2593","Microsoft-Windows-KnownFolders","8939299f-2315-4c5c-9b91-abb86aa0627d","Microsoft-Windows-Known Folders API Service","2928","3172","rjaf-PC4429","S-1-5-18","2/11/2015 12:27:50 AM",,,"c:\users\mac_1\desktop\winevt\logs\microsoft-windows-known folders api service.evtx","System.UInt32[]","System.Diagnostics.Eventing.Reader.EventBookmark","Warning","Info",,"System.Collections.ObjectModel.ReadOnlyCollection`1[System.String]","System.Collections.Generic.List`1[System.Diagnostics.Eventing.Reader.EventProperty]"
"Error 0x80070002 occurred while verifying known folder {1777F761-68AD-4D8A-87BD-30B759FA33DD} with path 'C:\Windows\system32\config\systemprofile\Favorites'.","1002","0",,"3","0","0","-9223372036854775808","2592","Microsoft-Windows-KnownFolders","8939299f-2315-4c5c-9b91-abb86aa0627d","Microsoft-Windows-Known Folders API Service","2928","3172","rjaf-PC4429","S-1-5-18","2/11/2015 12:27:50 AM",,,"c:\users\mac_1\desktop\winevt\logs\microsoft-windows-known folders api service.evtx","System.UInt32[]","System.Diagnostics.Eventing.Reader.EventBookmark","Warning","Info",,"System.Collections.ObjectModel.ReadOnlyCollection`1[System.String]","System.Collections.Generic.List`1[System.Diagnostics.Eventing.Reader.EventProperty]"
"Error 0x80070005 occurred while verifying known folder {F1B32785-6FBA-4FCF-9D55-7B8E7F157091} with path 'C:\Windows\system32\config\systemprofile\AppData\Local'.","1002","0",,"3","0","0","-9223372036854775808","2591","Microsoft-Windows-KnownFolders","8939299f-2315-4c5c-9b91-abb86aa0627d","Microsoft-Windows-Known Folders API Service","4020","4444","rjaf-PC4429","S-1-5-18","2/9/2015 12:16:57 AM",,,"c:\users\mac_1\desktop\winevt\logs\microsoft-windows-known folders api service.evtx","System.UInt32[]","System.Diagnostics.Eventing.Reader.EventBookmark","Warning","Info",,"System.Collections.ObjectModel.ReadOnlyCollection`1[System.String]","System.Collections.Generic.List`1[System.Diagnostics.Eventing.Reader.EventProperty]"
"Error 0x80070005 occurred while verifying known folder {F1B32785-6FBA-4FCF-9D55-7B8E7F157091} with path 'C:\Windows\system32\config\systemprofile\AppData\Local'.","1002","0",,"3","0","0","-9223372036854775808","2590","Microsoft-Windows-KnownFolders","8939299f-2315-4c5c-9b91-abb86aa0627d","Microsoft-Windows-Known Folders API Service","3276","4608","rjaf-PC4429","S-1-5-18","2/8/2015 12:57:01 AM",,,"c:\users\mac_1\desktop\winevt\logs\microsoft-windows-known folders api service.evtx","System.UInt32[]","System.Diagnostics.Eventing.Reader.EventBookmark","Warning","Info",,"System.Collections.ObjectModel.ReadOnlyCollection`1[System.String]","System.Collections.Generic.List`1[System.Diagnostics.Eventing.Reader.EventProperty]"
"Error 0x80070002 occurred while verifying known folder {B4BFCC3A-DB2C-424C-B029-7FE99A87C641} with path 'C:\Windows\system32\config\systemprofile\Desktop'.","1002","0",,"3","0","0","-9223372036854775808","2589","Microsoft-Windows-KnownFolders","8939299f-2315-4c5c-9b91-abb86aa0627d","Microsoft-Windows-Known Folders API Service","2984","3224","rjaf-PC4429","S-1-5-18","2/6/2015 9:15:44 AM",,,"c:\users\mac_1\desktop\winevt\logs\microsoft-windows-known folders api service.evtx","System.UInt32[]","System.Diagnostics.Eventing.Reader.EventBookmark","Warning","Info",,"System.Collections.ObjectModel.ReadOnlyCollection`1[System.String]","System.Collections.Generic.List`1[System.Diagnostics.Eventing.Reader.EventProperty]"
"Error 0x80070002 occurred while verifying known folder {FDD39AD0-238F-46AF-ADB4-6C85480369C7} with path 'C:\Windows\system32\config\systemprofile\Documents'.","1002","0",,"3","0","0","-9223372036854775808","2588","Microsoft-Windows-KnownFolders","8939299f-2315-4c5c-9b91-abb86aa0627d","Microsoft-Windows-Known Folders API Service","2984","3224","rjaf-PC4429","S-1-5-18","2/6/2015 9:15:44 AM",,,"c:\users\mac_1\desktop\winevt\logs\microsoft-windows-known folders api service.evtx","System.UInt32[]","System.Diagnostics.Eventing.Reader.EventBookmark","Warning","Info",,"System.Collections.ObjectModel.ReadOnlyCollection`1[System.String]","System.Collections.Generic.List`1[System.Diagnostics.Eventing.Reader.EventProperty]"
"Error 0x80070002 occurred while verifying known folder {625B53C3-AB48-4EC1-BA1F-A1EF4146FC19} with path 'C:\Windows\system32\config\systemprofile\AppData\Roaming\Microsoft\Windows\Start Menu'.","1002","0",,"3","0","0","-9223372036854775808","2587","Microsoft-Windows-KnownFolders","8939299f-2315-4c5c-9b91-abb86aa0627d","Microsoft-Windows-Known Folders API Service","2984","3224","rjaf-PC4429","S-1-5-18","2/6/2015 9:15:44 AM",,,"c:\users\mac_1\desktop\winevt\logs\microsoft-windows-known folders api service.evtx","System.UInt32[]","System.Diagnostics.Eventing.Reader.EventBookmark","Warning","Info",,"System.Collections.ObjectModel.ReadOnlyCollection`1[System.String]","System.Collections.Generic.List`1[System.Diagnostics.Eventing.Reader.EventProperty]"
"Error 0x80070002 occurred while verifying known folder {1777F761-68AD-4D8A-87BD-30B759FA33DD} with path 'C:\Windows\system32\config\systemprofile\Favorites'.","1002","0",,"3","0","0","-9223372036854775808","2586","Microsoft-Windows-KnownFolders","8939299f-2315-4c5c-9b91-abb86aa0627d","Microsoft-Windows-Known Folders API Service","2984","3224","rjaf-PC4429","S-1-5-18","2/6/2015 9:15:44 AM",,,"c:\users\mac_1\desktop\winevt\logs\microsoft-windows-known folders api service.evtx","System.UInt32[]","System.Diagnostics.Eventing.Reader.EventBookmark","Warning","Info",,"System.Collections.ObjectModel.ReadOnlyCollection`1[System.String]","System.Collections.Generic.List`1[System.Diagnostics.Eventing.Reader.EventProperty]"
"Error 0x80070002 occurred while verifying known folder {B4BFCC3A-DB2C-424C-B029-7FE99A87C641} with path 'C:\Windows\system32\config\systemprofile\Desktop'.","1002","0",,"3","0","0","-9223372036854775808","2585","Microsoft-Windows-KnownFolders","8939299f-2315-4c5c-9b91-abb86aa0627d","Microsoft-Windows-Known Folders API Service","2900","3160","rjaf-PC4429","S-1-5-18","2/2/2015 12:12:30 AM",,,"c:\users\mac_1\desktop\winevt\logs\microsoft-windows-known folders api service.evtx","System.UInt32[]","System.Diagnostics.Eventing.Reader.EventBookmark","Warning","Info",,"System.Collections.ObjectModel.ReadOnlyCollection`1[System.String]","System.Collections.Generic.List`1[System.Diagnostics.Eventing.Reader.EventProperty]"
"Error 0x80070002 occurred while verifying known folder {FDD39AD0-238F-46AF-ADB4-6C85480369C7} with path 'C:\Windows\system32\config\systemprofile\Documents'.","1002","0",,"3","0","0","-9223372036854775808","2584","Microsoft-Windows-KnownFolders","8939299f-2315-4c5c-9b91-abb86aa0627d","Microsoft-Windows-Known Folders API Service","2900","3160","rjaf-PC4429","S-1-5-18","2/2/2015 12:12:30 AM",,,"c:\users\mac_1\desktop\winevt\logs\microsoft-windows-known folders api service.evtx","System.UInt32[]","System.Diagnostics.Eventing.Reader.EventBookmark","Warning","Info",,"System.Collections.ObjectModel.ReadOnlyCollection`1[System.String]","System.Collections.Generic.List`1[System.Diagnostics.Eventing.Reader.EventProperty]"
"Error 0x80070002 occurred while verifying known folder {625B53C3-AB48-4EC1-BA1F-A1EF4146FC19} with path 'C:\Windows\system32\config\systemprofile\AppData\Roaming\Microsoft\Windows\Start Menu'.","1002","0",,"3","0","0","-9223372036854775808","2583","Microsoft-Windows-KnownFolders","8939299f-2315-4c5c-9b91-abb86aa0627d","Microsoft-Windows-Known Folders API Service","2900","3160","rjaf-PC4429","S-1-5-18","2/2/2015 12:12:30 AM",,,"c:\users\mac_1\desktop\winevt\logs\microsoft-windows-known folders api service.evtx","System.UInt32[]","System.Diagnostics.Eventing.Reader.EventBookmark","Warning","Info",,"System.Collections.ObjectModel.ReadOnlyCollection`1[System.String]","System.Collections.Generic.List`1[System.Diagnostics.Eventing.Reader.EventProperty]"
"Error 0x80070002 occurred while verifying known folder {1777F761-68AD-4D8A-87BD-30B759FA33DD} with path 'C:\Windows\system32\config\systemprofile\Favorites'.","1002","0",,"3","0","0","-9223372036854775808","2582","Microsoft-Windows-KnownFolders","8939299f-2315-4c5c-9b91-abb86aa0627d","Microsoft-Windows-Known Folders API Service","2900","3160","rjaf-PC4429","S-1-5-18","2/2/2015 12:12:30 AM",,,"c:\users\mac_1\desktop\winevt\logs\microsoft-windows-known folders api service.evtx","System.UInt32[]","System.Diagnostics.Eventing.Reader.EventBookmark","Warning","Info",,"System.Collections.ObjectModel.ReadOnlyCollection`1[System.String]","System.Collections.Generic.List`1[System.Diagnostics.Eventing.Reader.EventProperty]"
"Error 0x80070002 occurred while verifying known folder {B4BFCC3A-DB2C-424C-B029-7FE99A87C641} with path 'C:\Windows\system32\config\systemprofile\Desktop'.","1002","0",,"3","0","0","-9223372036854775808","2581","Microsoft-Windows-KnownFolders","8939299f-2315-4c5c-9b91-abb86aa0627d","Microsoft-Windows-Known Folders API Service","2884","3116","rjaf-PC4429","S-1-5-18","1/31/2015 12:25:12 AM",,,"c:\users\mac_1\desktop\winevt\logs\microsoft-windows-known folders api service.evtx","System.UInt32[]","System.Diagnostics.Eventing.Reader.EventBookmark","Warning","Info",,"System.Collections.ObjectModel.ReadOnlyCollection`1[System.String]","System.Collections.Generic.List`1[System.Diagnostics.Eventing.Reader.EventProperty]"
"Error 0x80070002 occurred while verifying known folder {FDD39AD0-238F-46AF-ADB4-6C85480369C7} with path 'C:\Windows\system32\config\systemprofile\Documents'.","1002","0",,"3","0","0","-9223372036854775808","2580","Microsoft-Windows-KnownFolders","8939299f-2315-4c5c-9b91-abb86aa0627d","Microsoft-Windows-Known Folders API Service","2884","3116","rjaf-PC4429","S-1-5-18","1/31/2015 12:25:12 AM",,,"c:\users\mac_1\desktop\winevt\logs\microsoft-windows-known folders api service.evtx","System.UInt32[]","System.Diagnostics.Eventing.Reader.EventBookmark","Warning","Info",,"System.Collections.ObjectModel.ReadOnlyCollection`1[System.String]","System.Collections.Generic.List`1[System.Diagnostics.Eventing.Reader.EventProperty]"
"Error 0x80070002 occurred while verifying known folder {625B53C3-AB48-4EC1-BA1F-A1EF4146FC19} with path 'C:\Windows\system32\config\systemprofile\AppData\Roaming\Microsoft\Windows\Start Menu'.","1002","0",,"3","0","0","-9223372036854775808","2579","Microsoft-Windows-KnownFolders","8939299f-2315-4c5c-9b91-abb86aa0627d","Microsoft-Windows-Known Folders API Service","2884","3116","rjaf-PC4429","S-1-5-18","1/31/2015 12:25:12 AM",,,"c:\users\mac_1\desktop\winevt\logs\microsoft-windows-known folders api service.evtx","System.UInt32[]","System.Diagnostics.Eventing.Reader.EventBookmark","Warning","Info",,"System.Collections.ObjectModel.ReadOnlyCollection`1[System.String]","System.Collections.Generic.List`1[System.Diagnostics.Eventing.Reader.EventProperty]"
"Error 0x80070002 occurred while verifying known folder {1777F761-68AD-4D8A-87BD-30B759FA33DD} with path 'C:\Windows\system32\config\systemprofile\Favorites'.","1002","0",,"3","0","0","-9223372036854775808","2578","Microsoft-Windows-KnownFolders","8939299f-2315-4c5c-9b91-abb86aa0627d","Microsoft-Windows-Known Folders API Service","2884","3116","rjaf-PC4429","S-1-5-18","1/31/2015 12:25:12 AM",,,"c:\users\mac_1\desktop\winevt\logs\microsoft-windows-known folders api service.evtx","System.UInt32[]","System.Diagnostics.Eventing.Reader.EventBookmark","Warning","Info",,"System.Collections.ObjectModel.ReadOnlyCollection`1[System.String]","System.Collections.Generic.List`1[System.Diagnostics.Eventing.Reader.EventProperty]"
"Error 0x80070002 occurred while verifying known folder {B4BFCC3A-DB2C-424C-B029-7FE99A87C641} with path 'C:\Windows\system32\config\systemprofile\Desktop'.","1002","0",,"3","0","0","-9223372036854775808","2577","Microsoft-Windows-KnownFolders","8939299f-2315-4c5c-9b91-abb86aa0627d","Microsoft-Windows-Known Folders API Service","2916","3152","rjaf-PC4429","S-1-5-18","1/30/2015 11:14:15 AM",,,"c:\users\mac_1\desktop\winevt\logs\microsoft-windows-known folders api service.evtx","System.UInt32[]","System.Diagnostics.Eventing.Reader.EventBookmark","Warning","Info",,"System.Collections.ObjectModel.ReadOnlyCollection`1[System.String]","System.Collections.Generic.List`1[System.Diagnostics.Eventing.Reader.EventProperty]"
"Error 0x80070002 occurred while verifying known folder {FDD39AD0-238F-46AF-ADB4-6C85480369C7} with path 'C:\Windows\system32\config\systemprofile\Documents'.","1002","0",,"3","0","0","-9223372036854775808","2576","Microsoft-Windows-KnownFolders","8939299f-2315-4c5c-9b91-abb86aa0627d","Microsoft-Windows-Known Folders API Service","2916","3152","rjaf-PC4429","S-1-5-18","1/30/2015 11:14:15 AM",,,"c:\users\mac_1\desktop\winevt\logs\microsoft-windows-known folders api service.evtx","System.UInt32[]","System.Diagnostics.Eventing.Reader.EventBookmark","Warning","Info",,"System.Collections.ObjectModel.ReadOnlyCollection`1[System.String]","System.Collections.Generic.List`1[System.Diagnostics.Eventing.Reader.EventProperty]"
"Error 0x80070002 occurred while verifying known folder {625B53C3-AB48-4EC1-BA1F-A1EF4146FC19} with path 'C:\Windows\system32\config\systemprofile\AppData\Roaming\Microsoft\Windows\Start Menu'.","1002","0",,"3","0","0","-9223372036854775808","2575","Microsoft-Windows-KnownFolders","8939299f-2315-4c5c-9b91-abb86aa0627d","Microsoft-Windows-Known Folders API Service","2916","3152","rjaf-PC4429","S-1-5-18","1/30/2015 11:14:15 AM",,,"c:\users\mac_1\desktop\winevt\logs\microsoft-windows-known folders api service.evtx","System.UInt32[]","System.Diagnostics.Eventing.Reader.EventBookmark","Warning","Info",,"System.Collections.ObjectModel.ReadOnlyCollection`1[System.String]","System.Collections.Generic.List`1[System.Diagnostics.Eventing.Reader.EventProperty]"
"Error 0x80070002 occurred while verifying known folder {1777F761-68AD-4D8A-87BD-30B759FA33DD} with path 'C:\Windows\system32\config\systemprofile\Favorites'.","1002","0",,"3","0","0","-9223372036854775808","2574","Microsoft-Windows-KnownFolders","8939299f-2315-4c5c-9b91-abb86aa0627d","Microsoft-Windows-Known Folders API Service","2916","3152","rjaf-PC4429","S-1-5-18","1/30/2015 11:14:15 AM",,,"c:\users\mac_1\desktop\winevt\logs\microsoft-windows-known folders api service.evtx","System.UInt32[]","System.Diagnostics.Eventing.Reader.EventBookmark","Warning","Info",,"System.Collections.ObjectModel.ReadOnlyCollection`1[System.String]","System.Collections.Generic.List`1[System.Diagnostics.Eventing.Reader.EventProperty]"
"Error 0x80070002 occurred while verifying known folder {B4BFCC3A-DB2C-424C-B029-7FE99A87C641} with path 'C:\Windows\system32\config\systemprofile\Desktop'.","1002","0",,"3","0","0","-9223372036854775808","2573","Microsoft-Windows-KnownFolders","8939299f-2315-4c5c-9b91-abb86aa0627d","Microsoft-Windows-Known Folders API Service","2912","3156","rjaf-PC4429","S-1-5-18","1/29/2015 4:57:38 AM",,,"c:\users\mac_1\desktop\winevt\logs\microsoft-windows-known folders api service.evtx","System.UInt32[]","System.Diagnostics.Eventing.Reader.EventBookmark","Warning","Info",,"System.Collections.ObjectModel.ReadOnlyCollection`1[System.String]","System.Collections.Generic.List`1[System.Diagnostics.Eventing.Reader.EventProperty]"
"Error 0x80070002 occurred while verifying known folder {FDD39AD0-238F-46AF-ADB4-6C85480369C7} with path 'C:\Windows\system32\config\systemprofile\Documents'.","1002","0",,"3","0","0","-9223372036854775808","2572","Microsoft-Windows-KnownFolders","8939299f-2315-4c5c-9b91-abb86aa0627d","Microsoft-Windows-Known Folders API Service","2912","3156","rjaf-PC4429","S-1-5-18","1/29/2015 4:57:38 AM",,,"c:\users\mac_1\desktop\winevt\logs\microsoft-windows-known folders api service.evtx","System.UInt32[]","System.Diagnostics.Eventing.Reader.EventBookmark","Warning","Info",,"System.Collections.ObjectModel.ReadOnlyCollection`1[System.String]","System.Collections.Generic.List`1[System.Diagnostics.Eventing.Reader.EventProperty]"
"Error 0x80070002 occurred while verifying known folder {625B53C3-AB48-4EC1-BA1F-A1EF4146FC19} with path 'C:\Windows\system32\config\systemprofile\AppData\Roaming\Microsoft\Windows\Start Menu'.","1002","0",,"3","0","0","-9223372036854775808","2571","Microsoft-Windows-KnownFolders","8939299f-2315-4c5c-9b91-abb86aa0627d","Microsoft-Windows-Known Folders API Service","2912","3156","rjaf-PC4429","S-1-5-18","1/29/2015 4:57:38 AM",,,"c:\users\mac_1\desktop\winevt\logs\microsoft-windows-known folders api service.evtx","System.UInt32[]","System.Diagnostics.Eventing.Reader.EventBookmark","Warning","Info",,"System.Collections.ObjectModel.ReadOnlyCollection`1[System.String]","System.Collections.Generic.List`1[System.Diagnostics.Eventing.Reader.EventProperty]"
"Error 0x80070002 occurred while verifying known folder {1777F761-68AD-4D8A-87BD-30B759FA33DD} with path 'C:\Windows\system32\config\systemprofile\Favorites'.","1002","0",,"3","0","0","-9223372036854775808","2570","Microsoft-Windows-KnownFolders","8939299f-2315-4c5c-9b91-abb86aa0627d","Microsoft-Windows-Known Folders API Service","2912","3156","rjaf-PC4429","S-1-5-18","1/29/2015 4:57:38 AM",,,"c:\users\mac_1\desktop\winevt\logs\microsoft-windows-known folders api service.evtx","System.UInt32[]","System.Diagnostics.Eventing.Reader.EventBookmark","Warning","Info",,"System.Collections.ObjectModel.ReadOnlyCollection`1[System.String]","System.Collections.Generic.List`1[System.Diagnostics.Eventing.Reader.EventProperty]"
"Error 0x80070005 occurred while verifying known folder {F1B32785-6FBA-4FCF-9D55-7B8E7F157091} with path 'C:\Windows\system32\config\systemprofile\AppData\Local'.","1002","0",,"3","0","0","-9223372036854775808","2569","Microsoft-Windows-KnownFolders","8939299f-2315-4c5c-9b91-abb86aa0627d","Microsoft-Windows-Known Folders API Service","3528","3692","rjaf-PC4429","S-1-5-18","1/29/2015 4:27:09 AM",,,"c:\users\mac_1\desktop\winevt\logs\microsoft-windows-known folders api service.evtx","System.UInt32[]","System.Diagnostics.Eventing.Reader.EventBookmark","Warning","Info",,"System.Collections.ObjectModel.ReadOnlyCollection`1[System.String]","System.Collections.Generic.List`1[System.Diagnostics.Eventing.Reader.EventProperty]"
"Error 0x80070005 occurred while verifying known folder {F1B32785-6FBA-4FCF-9D55-7B8E7F157091} with path 'C:\Windows\system32\config\systemprofile\AppData\Local'.","1002","0",,"3","0","0","-9223372036854775808","2568","Microsoft-Windows-KnownFolders","8939299f-2315-4c5c-9b91-abb86aa0627d","Microsoft-Windows-Known Folders API Service","3564","3264","rjaf-PC4429","S-1-5-18","1/29/2015 4:22:14 AM",,,"c:\users\mac_1\desktop\winevt\logs\microsoft-windows-known folders api service.evtx","System.UInt32[]","System.Diagnostics.Eventing.Reader.EventBookmark","Warning","Info",,"System.Collections.ObjectModel.ReadOnlyCollection`1[System.String]","System.Collections.Generic.List`1[System.Diagnostics.Eventing.Reader.EventProperty]"
"Error 0x80070005 occurred while creating known folder {F1B32785-6FBA-4FCF-9D55-7B8E7F157091} with path 'C:\Windows\system32\config\systemprofile\AppData\Local'.","1000","0",,"3","0","0","-9223372036854775808","2567","Microsoft-Windows-KnownFolders","8939299f-2315-4c5c-9b91-abb86aa0627d","Microsoft-Windows-Known Folders API Service","3044","2524","rjaf-PC4429","S-1-5-18","1/29/2015 4:20:40 AM",,,"c:\users\mac_1\desktop\winevt\logs\microsoft-windows-known folders api service.evtx","System.UInt32[]","System.Diagnostics.Eventing.Reader.EventBookmark","Warning","Info",,"System.Collections.ObjectModel.ReadOnlyCollection`1[System.String]","System.Collections.Generic.List`1[System.Diagnostics.Eventing.Reader.EventProperty]"
"Error 0x80070005 occurred while creating known folder {5E6C858F-0E22-4760-9AFE-EA3317B67173} with path 'C:\Windows\system32\config\systemprofile'.","1000","0",,"3","0","0","-9223372036854775808","2566","Microsoft-Windows-KnownFolders","8939299f-2315-4c5c-9b91-abb86aa0627d","Microsoft-Windows-Known Folders API Service","3044","2524","rjaf-PC4429","S-1-5-18","1/29/2015 4:20:40 AM",,,"c:\users\mac_1\desktop\winevt\logs\microsoft-windows-known folders api service.evtx","System.UInt32[]","System.Diagnostics.Eventing.Reader.EventBookmark","Warning","Info",,"System.Collections.ObjectModel.ReadOnlyCollection`1[System.String]","System.Collections.Generic.List`1[System.Diagnostics.Eventing.Reader.EventProperty]"
"Error 0x80070005 occurred while creating known folder {F1B32785-6FBA-4FCF-9D55-7B8E7F157091} with path 'C:\Windows\system32\config\systemprofile\AppData\Local'.","1000","0",,"3","0","0","-9223372036854775808","2565","Microsoft-Windows-KnownFolders","8939299f-2315-4c5c-9b91-abb86aa0627d","Microsoft-Windows-Known Folders API Service","3044","2524","rjaf-PC4429","S-1-5-18","1/29/2015 4:20:40 AM",,,"c:\users\mac_1\desktop\winevt\logs\microsoft-windows-known folders api service.evtx","System.UInt32[]","System.Diagnostics.Eventing.Reader.EventBookmark","Warning","Info",,"System.Collections.ObjectModel.ReadOnlyCollection`1[System.String]","System.Collections.Generic.List`1[System.Diagnostics.Eventing.Reader.EventProperty]"
"Error 0x80070005 occurred while creating known folder {5E6C858F-0E22-4760-9AFE-EA3317B67173} with path 'C:\Windows\system32\config\systemprofile'.","1000","0",,"3","0","0","-9223372036854775808","2564","Microsoft-Windows-KnownFolders","8939299f-2315-4c5c-9b91-abb86aa0627d","Microsoft-Windows-Known Folders API Service","3044","2524","rjaf-PC4429","S-1-5-18","1/29/2015 4:20:40 AM",,,"c:\users\mac_1\desktop\winevt\logs\microsoft-windows-known folders api service.evtx","System.UInt32[]","System.Diagnostics.Eventing.Reader.EventBookmark","Warning","Info",,"System.Collections.ObjectModel.ReadOnlyCollection`1[System.String]","System.Collections.Generic.List`1[System.Diagnostics.Eventing.Reader.EventProperty]"
"Error 0x80070005 occurred while creating known folder {F1B32785-6FBA-4FCF-9D55-7B8E7F157091} with path 'C:\Windows\system32\config\systemprofile\AppData\Local'.","1000","0",,"3","0","0","-9223372036854775808","2563","Microsoft-Windows-KnownFolders","8939299f-2315-4c5c-9b91-abb86aa0627d","Microsoft-Windows-Known Folders API Service","3044","2524","rjaf-PC4429","S-1-5-18","1/29/2015 4:20:40 AM",,,"c:\users\mac_1\desktop\winevt\logs\microsoft-windows-known folders api service.evtx","System.UInt32[]","System.Diagnostics.Eventing.Reader.EventBookmark","Warning","Info",,"System.Collections.ObjectModel.ReadOnlyCollection`1[System.String]","System.Collections.Generic.List`1[System.Diagnostics.Eventing.Reader.EventProperty]"
"Error 0x80070005 occurred while creating known folder {5E6C858F-0E22-4760-9AFE-EA3317B67173} with path 'C:\Windows\system32\config\systemprofile'.","1000","0",,"3","0","0","-9223372036854775808","2562","Microsoft-Windows-KnownFolders","8939299f-2315-4c5c-9b91-abb86aa0627d","Microsoft-Windows-Known Folders API Service","3044","2524","rjaf-PC4429","S-1-5-18","1/29/2015 4:20:40 AM",,,"c:\users\mac_1\desktop\winevt\logs\microsoft-windows-known folders api service.evtx","System.UInt32[]","System.Diagnostics.Eventing.Reader.EventBookmark","Warning","Info",,"System.Collections.ObjectModel.ReadOnlyCollection`1[System.String]","System.Collections.Generic.List`1[System.Diagnostics.Eventing.Reader.EventProperty]"
"Error 0x80070005 occurred while verifying known folder {F1B32785-6FBA-4FCF-9D55-7B8E7F157091} with path 'C:\Windows\system32\config\systemprofile\AppData\Local'.","1002","0",,"3","0","0","-9223372036854775808","2561","Microsoft-Windows-KnownFolders","8939299f-2315-4c5c-9b91-abb86aa0627d","Microsoft-Windows-Known Folders API Service","3044","2524","rjaf-PC4429","S-1-5-18","1/29/2015 4:20:09 AM",,,"c:\users\mac_1\desktop\winevt\logs\microsoft-windows-known folders api service.evtx","System.UInt32[]","System.Diagnostics.Eventing.Reader.EventBookmark","Warning","Info",,"System.Collections.ObjectModel.ReadOnlyCollection`1[System.String]","System.Collections.Generic.List`1[System.Diagnostics.Eventing.Reader.EventProperty]"
"Error 0x80070002 occurred while verifying known folder {B4BFCC3A-DB2C-424C-B029-7FE99A87C641} with path 'C:\Windows\system32\config\systemprofile\Desktop'.","1002","0",,"3","0","0","-9223372036854775808","2560","Microsoft-Windows-KnownFolders","8939299f-2315-4c5c-9b91-abb86aa0627d","Microsoft-Windows-Known Folders API Service","2920","3196","rjaf-PC4429","S-1-5-18","1/29/2015 4:20:08 AM",,,"c:\users\mac_1\desktop\winevt\logs\microsoft-windows-known folders api service.evtx","System.UInt32[]","System.Diagnostics.Eventing.Reader.EventBookmark","Warning","Info",,"System.Collections.ObjectModel.ReadOnlyCollection`1[System.String]","System.Collections.Generic.List`1[System.Diagnostics.Eventing.Reader.EventProperty]"
"Error 0x80070002 occurred while verifying known folder {FDD39AD0-238F-46AF-ADB4-6C85480369C7} with path 'C:\Windows\system32\config\systemprofile\Documents'.","1002","0",,"3","0","0","-9223372036854775808","2559","Microsoft-Windows-KnownFolders","8939299f-2315-4c5c-9b91-abb86aa0627d","Microsoft-Windows-Known Folders API Service","2920","3196","rjaf-PC4429","S-1-5-18","1/29/2015 4:20:08 AM",,,"c:\users\mac_1\desktop\winevt\logs\microsoft-windows-known folders api service.evtx","System.UInt32[]","System.Diagnostics.Eventing.Reader.EventBookmark","Warning","Info",,"System.Collections.ObjectModel.ReadOnlyCollection`1[System.String]","System.Collections.Generic.List`1[System.Diagnostics.Eventing.Reader.EventProperty]"
"Error 0x80070002 occurred while verifying known folder {625B53C3-AB48-4EC1-BA1F-A1EF4146FC19} with path 'C:\Windows\system32\config\systemprofile\AppData\Roaming\Microsoft\Windows\Start Menu'.","1002","0",,"3","0","0","-9223372036854775808","2558","Microsoft-Windows-KnownFolders","8939299f-2315-4c5c-9b91-abb86aa0627d","Microsoft-Windows-Known Folders API Service","2920","3196","rjaf-PC4429","S-1-5-18","1/29/2015 4:20:08 AM",,,"c:\users\mac_1\desktop\winevt\logs\microsoft-windows-known folders api service.evtx","System.UInt32[]","System.Diagnostics.Eventing.Reader.EventBookmark","Warning","Info",,"System.Collections.ObjectModel.ReadOnlyCollection`1[System.String]","System.Collections.Generic.List`1[System.Diagnostics.Eventing.Reader.EventProperty]"
