"Windows has resumed from standby: 
     Standby Duration		:	8349ms
     Standby Incident Time (UTC)	:	?2015?-?03?-?17T09:50:55.558236600Z
     Resume  Duration		:	1180ms
     Resume  Incident Time (UTC)	:	?2015?-?03?-?17T18:16:03.617950400Z
     IsDegradation			:	false","300","1",,"3","4003","36","-9223372036854710272","2266","Microsoft-Windows-Diagnostics-Performance","cfc18ec0-96b1-4eba-961b-622caee05b0a","Microsoft-Windows-Diagnostics-Performance/Operational","1340","2788","rjaf-PC4429","S-1-5-19","3/17/2015 11:16:33 AM","85f03364-b89b-0002-b8f6-9b99f85ed001",,"c:\users\mac_1\desktop\winevt\logs\microsoft-windows-diagnostics-performance%4operational.evtx","System.UInt32[]","System.Diagnostics.Eventing.Reader.EventBookmark","Warning","Standby Information","Standby Performance Monitoring","System.Collections.ObjectModel.ReadOnlyCollection`1[System.String]","System.Collections.Generic.List`1[System.Diagnostics.Eventing.Reader.EventProperty]"
"This driver caused a delay during standby while servicing a device:
     Driver File Name		:	\Driver\usbehci
     Driver Friendly Name		:	EHCI eUSB Miniport Driver
     Driver Version			:	6.1.7600.16788 (win7_gdr.110324-1506)
     Driver Total Time		:	91ms
     Driver Degradation Time	:	32ms
     Incident Time (UTC)		:	?2015?-?03?-?17T01:02:43.351588900Z
     Device Name			:	USB\ROOT_HUB20\4&f96d45&0
     Device Friendly Name		:	USB Root Hub
     Device Total Time		:	92ms
     Device Degradation Time	:	32ms","302","1",,"3","4003","35","-9223372036854710272","2265","Microsoft-Windows-Diagnostics-Performance","cfc18ec0-96b1-4eba-961b-622caee05b0a","Microsoft-Windows-Diagnostics-Performance/Operational","1340","1484","rjaf-PC4429","S-1-5-19","3/17/2015 2:08:01 AM","00000000-3b28-0000-adf6-9b99f85ed001",,"c:\users\mac_1\desktop\winevt\logs\microsoft-windows-diagnostics-performance%4operational.evtx","System.UInt32[]","System.Diagnostics.Eventing.Reader.EventBookmark","Warning","Standby Degradation","Standby Performance Monitoring","System.Collections.ObjectModel.ReadOnlyCollection`1[System.String]","System.Collections.Generic.List`1[System.Diagnostics.Eventing.Reader.EventProperty]"
"This driver caused a delay during standby while servicing a device:
     Driver File Name		:	\Driver\usbehci
     Driver Friendly Name		:	EHCI eUSB Miniport Driver
     Driver Version			:	6.1.7600.16788 (win7_gdr.110324-1506)
     Driver Total Time		:	311ms
     Driver Degradation Time	:	145ms
     Incident Time (UTC)		:	?2015?-?03?-?17T01:02:43.351588900Z
     Device Name			:	USB\ROOT_HUB20\4&605ea8b&0
     Device Friendly Name		:	USB Root Hub
     Device Total Time		:	311ms
     Device Degradation Time	:	145ms","302","1",,"3","4003","35","-9223372036854710272","2264","Microsoft-Windows-Diagnostics-Performance","cfc18ec0-96b1-4eba-961b-622caee05b0a","Microsoft-Windows-Diagnostics-Performance/Operational","1340","1484","rjaf-PC4429","S-1-5-19","3/17/2015 2:08:01 AM","00000000-3b28-0000-adf6-9b99f85ed001",,"c:\users\mac_1\desktop\winevt\logs\microsoft-windows-diagnostics-performance%4operational.evtx","System.UInt32[]","System.Diagnostics.Eventing.Reader.EventBookmark","Warning","Standby Degradation","Standby Performance Monitoring","System.Collections.ObjectModel.ReadOnlyCollection`1[System.String]","System.Collections.Generic.List`1[System.Diagnostics.Eventing.Reader.EventProperty]"
"Windows has resumed from standby: 
     Standby Duration		:	7414ms
     Standby Incident Time (UTC)	:	?2015?-?03?-?17T01:02:43.351588900Z
     Resume  Duration		:	1207ms
     Resume  Incident Time (UTC)	:	?2015?-?03?-?17T09:07:33.536839600Z
     IsDegradation			:	false","300","1",,"3","4003","36","-9223372036854710272","2263","Microsoft-Windows-Diagnostics-Performance","cfc18ec0-96b1-4eba-961b-622caee05b0a","Microsoft-Windows-Diagnostics-Performance/Operational","1340","1484","rjaf-PC4429","S-1-5-19","3/17/2015 2:08:01 AM","00000000-3b28-0000-adf6-9b99f85ed001",,"c:\users\mac_1\desktop\winevt\logs\microsoft-windows-diagnostics-performance%4operational.evtx","System.UInt32[]","System.Diagnostics.Eventing.Reader.EventBookmark","Warning","Standby Information","Standby Performance Monitoring","System.Collections.ObjectModel.ReadOnlyCollection`1[System.String]","System.Collections.Generic.List`1[System.Diagnostics.Eventing.Reader.EventProperty]"
"Windows has resumed from standby: 
     Standby Duration		:	6913ms
     Standby Incident Time (UTC)	:	?2015?-?03?-?16T20:49:14.790545500Z
     Resume  Duration		:	1246ms
     Resume  Incident Time (UTC)	:	?2015?-?03?-?17T00:59:55.268452500Z
     IsDegradation			:	false","300","1",,"3","4003","36","-9223372036854710272","2262","Microsoft-Windows-Diagnostics-Performance","cfc18ec0-96b1-4eba-961b-622caee05b0a","Microsoft-Windows-Diagnostics-Performance/Operational","1340","980","rjaf-PC4429","S-1-5-19","3/16/2015 6:00:19 PM","00000000-3b28-0000-acf6-9b99f85ed001",,"c:\users\mac_1\desktop\winevt\logs\microsoft-windows-diagnostics-performance%4operational.evtx","System.UInt32[]","System.Diagnostics.Eventing.Reader.EventBookmark","Warning","Standby Information","Standby Performance Monitoring","System.Collections.ObjectModel.ReadOnlyCollection`1[System.String]","System.Collections.Generic.List`1[System.Diagnostics.Eventing.Reader.EventProperty]"
"Windows has resumed from standby: 
     Standby Duration		:	6952ms
     Standby Incident Time (UTC)	:	?2015?-?03?-?16T19:07:45.009753400Z
     Resume  Duration		:	1211ms
     Resume  Incident Time (UTC)	:	?2015?-?03?-?16T19:20:41.826581600Z
     IsDegradation			:	false","300","1",,"3","4003","36","-9223372036854710272","2261","Microsoft-Windows-Diagnostics-Performance","cfc18ec0-96b1-4eba-961b-622caee05b0a","Microsoft-Windows-Diagnostics-Performance/Operational","1340","3780","rjaf-PC4429","S-1-5-19","3/16/2015 12:21:04 PM","85f02a9c-b89b-0001-b0f6-9b99f85ed001",,"c:\users\mac_1\desktop\winevt\logs\microsoft-windows-diagnostics-performance%4operational.evtx","System.UInt32[]","System.Diagnostics.Eventing.Reader.EventBookmark","Warning","Standby Information","Standby Performance Monitoring","System.Collections.ObjectModel.ReadOnlyCollection`1[System.String]","System.Collections.Generic.List`1[System.Diagnostics.Eventing.Reader.EventProperty]"
"Windows has resumed from standby: 
     Standby Duration		:	7389ms
     Standby Incident Time (UTC)	:	?2015?-?03?-?16T18:06:15.184614500Z
     Resume  Duration		:	1197ms
     Resume  Incident Time (UTC)	:	?2015?-?03?-?16T18:22:33.978311600Z
     IsDegradation			:	false","300","1",,"3","4003","36","-9223372036854710272","2260","Microsoft-Windows-Diagnostics-Performance","cfc18ec0-96b1-4eba-961b-622caee05b0a","Microsoft-Windows-Diagnostics-Performance/Operational","1340","1632","rjaf-PC4429","S-1-5-19","3/16/2015 11:22:56 AM","85f03364-b89b-0002-b4f6-9b99f85ed001",,"c:\users\mac_1\desktop\winevt\logs\microsoft-windows-diagnostics-performance%4operational.evtx","System.UInt32[]","System.Diagnostics.Eventing.Reader.EventBookmark","Warning","Standby Information","Standby Performance Monitoring","System.Collections.ObjectModel.ReadOnlyCollection`1[System.String]","System.Collections.Generic.List`1[System.Diagnostics.Eventing.Reader.EventProperty]"
"Windows has resumed from standby: 
     Standby Duration		:	6707ms
     Standby Incident Time (UTC)	:	?2015?-?03?-?16T10:47:47.158051500Z
     Resume  Duration		:	1192ms
     Resume  Incident Time (UTC)	:	?2015?-?03?-?16T16:04:51.272021900Z
     IsDegradation			:	false","300","1",,"3","4003","36","-9223372036854710272","2259","Microsoft-Windows-Diagnostics-Performance","cfc18ec0-96b1-4eba-961b-622caee05b0a","Microsoft-Windows-Diagnostics-Performance/Operational","1340","3576","rjaf-PC4429","S-1-5-19","3/16/2015 9:05:14 AM","85f02a9c-b89b-0001-acf6-9b99f85ed001",,"c:\users\mac_1\desktop\winevt\logs\microsoft-windows-diagnostics-performance%4operational.evtx","System.UInt32[]","System.Diagnostics.Eventing.Reader.EventBookmark","Warning","Standby Information","Standby Performance Monitoring","System.Collections.ObjectModel.ReadOnlyCollection`1[System.String]","System.Collections.Generic.List`1[System.Diagnostics.Eventing.Reader.EventProperty]"
"Windows has resumed from standby: 
     Standby Duration		:	7767ms
     Standby Incident Time (UTC)	:	?2015?-?03?-?16T10:04:32.280663800Z
     Resume  Duration		:	1211ms
     Resume  Incident Time (UTC)	:	?2015?-?03?-?16T10:15:51.110865700Z
     IsDegradation			:	false","300","1",,"3","4003","36","-9223372036854710272","2258","Microsoft-Windows-Diagnostics-Performance","cfc18ec0-96b1-4eba-961b-622caee05b0a","Microsoft-Windows-Diagnostics-Performance/Operational","1340","544","rjaf-PC4429","S-1-5-19","3/16/2015 3:16:13 AM","85f03364-b89b-0002-adf6-9b99f85ed001",,"c:\users\mac_1\desktop\winevt\logs\microsoft-windows-diagnostics-performance%4operational.evtx","System.UInt32[]","System.Diagnostics.Eventing.Reader.EventBookmark","Warning","Standby Information","Standby Performance Monitoring","System.Collections.ObjectModel.ReadOnlyCollection`1[System.String]","System.Collections.Generic.List`1[System.Diagnostics.Eventing.Reader.EventProperty]"
"Windows has resumed from standby: 
     Standby Duration		:	8506ms
     Standby Incident Time (UTC)	:	?2015?-?03?-?16T08:05:47.717722100Z
     Resume  Duration		:	1184ms
     Resume  Incident Time (UTC)	:	?2015?-?03?-?16T09:12:07.256586500Z
     IsDegradation			:	false","300","1",,"3","4003","36","-9223372036854710272","2257","Microsoft-Windows-Diagnostics-Performance","cfc18ec0-96b1-4eba-961b-622caee05b0a","Microsoft-Windows-Diagnostics-Performance/Operational","1340","2272","rjaf-PC4429","S-1-5-19","3/16/2015 2:12:29 AM","00000000-3b28-0000-a6f6-9b99f85ed001",,"c:\users\mac_1\desktop\winevt\logs\microsoft-windows-diagnostics-performance%4operational.evtx","System.UInt32[]","System.Diagnostics.Eventing.Reader.EventBookmark","Warning","Standby Information","Standby Performance Monitoring","System.Collections.ObjectModel.ReadOnlyCollection`1[System.String]","System.Collections.Generic.List`1[System.Diagnostics.Eventing.Reader.EventProperty]"
"This driver caused a delay during standby while servicing a device:
     Driver File Name		:	\Driver\Disk
     Driver Friendly Name		:	PnP Disk Driver
     Driver Version			:	6.1.7600.16385 (win7_rtm.090713-1255)
     Driver Total Time		:	106ms
     Driver Degradation Time	:	26ms
     Incident Time (UTC)		:	?2015?-?03?-?16T01:02:49.986918600Z
     Device Name			:	SCSI\Disk&Ven_WDC&Prod_WD5000AAKX-22ERM\4&68979c&0&000000
     Device Friendly Name		:	Disk drive
     Device Total Time		:	106ms
     Device Degradation Time	:	0ms","302","1",,"3","4003","35","-9223372036854710272","2256","Microsoft-Windows-Diagnostics-Performance","cfc18ec0-96b1-4eba-961b-622caee05b0a","Microsoft-Windows-Diagnostics-Performance/Operational","1340","1024","rjaf-PC4429","S-1-5-19","3/16/2015 12:34:53 AM","85f03364-b89b-0002-abf6-9b99f85ed001",,"c:\users\mac_1\desktop\winevt\logs\microsoft-windows-diagnostics-performance%4operational.evtx","System.UInt32[]","System.Diagnostics.Eventing.Reader.EventBookmark","Warning","Standby Degradation","Standby Performance Monitoring","System.Collections.ObjectModel.ReadOnlyCollection`1[System.String]","System.Collections.Generic.List`1[System.Diagnostics.Eventing.Reader.EventProperty]"
"Windows has resumed from standby: 
     Standby Duration		:	7287ms
     Standby Incident Time (UTC)	:	?2015?-?03?-?16T01:02:49.986918600Z
     Resume  Duration		:	1210ms
     Resume  Incident Time (UTC)	:	?2015?-?03?-?16T07:34:32.683209300Z
     IsDegradation			:	false","300","1",,"3","4003","36","-9223372036854710272","2255","Microsoft-Windows-Diagnostics-Performance","cfc18ec0-96b1-4eba-961b-622caee05b0a","Microsoft-Windows-Diagnostics-Performance/Operational","1340","1024","rjaf-PC4429","S-1-5-19","3/16/2015 12:34:53 AM","85f03364-b89b-0002-abf6-9b99f85ed001",,"c:\users\mac_1\desktop\winevt\logs\microsoft-windows-diagnostics-performance%4operational.evtx","System.UInt32[]","System.Diagnostics.Eventing.Reader.EventBookmark","Warning","Standby Information","Standby Performance Monitoring","System.Collections.ObjectModel.ReadOnlyCollection`1[System.String]","System.Collections.Generic.List`1[System.Diagnostics.Eventing.Reader.EventProperty]"
"Windows has resumed from standby: 
     Standby Duration		:	6270ms
     Standby Incident Time (UTC)	:	?2015?-?03?-?15T21:30:06.189908500Z
     Resume  Duration		:	1223ms
     Resume  Incident Time (UTC)	:	?2015?-?03?-?16T01:00:01.900902700Z
     IsDegradation			:	false","300","1",,"3","4003","36","-9223372036854710272","2254","Microsoft-Windows-Diagnostics-Performance","cfc18ec0-96b1-4eba-961b-622caee05b0a","Microsoft-Windows-Diagnostics-Performance/Operational","1340","4020","rjaf-PC4429","S-1-5-19","3/15/2015 6:00:20 PM","00000000-3b28-0000-a5f6-9b99f85ed001",,"c:\users\mac_1\desktop\winevt\logs\microsoft-windows-diagnostics-performance%4operational.evtx","System.UInt32[]","System.Diagnostics.Eventing.Reader.EventBookmark","Warning","Standby Information","Standby Performance Monitoring","System.Collections.ObjectModel.ReadOnlyCollection`1[System.String]","System.Collections.Generic.List`1[System.Diagnostics.Eventing.Reader.EventProperty]"
"Windows has resumed from standby: 
     Standby Duration		:	7677ms
     Standby Incident Time (UTC)	:	?2015?-?03?-?15T19:34:06.687805100Z
     Resume  Duration		:	1188ms
     Resume  Incident Time (UTC)	:	?2015?-?03?-?15T20:52:48.143416400Z
     IsDegradation			:	false","300","1",,"3","4003","36","-9223372036854710272","2253","Microsoft-Windows-Diagnostics-Performance","cfc18ec0-96b1-4eba-961b-622caee05b0a","Microsoft-Windows-Diagnostics-Performance/Operational","1340","3956","rjaf-PC4429","S-1-5-19","3/15/2015 1:53:05 PM","00000000-3b28-0000-a3f6-9b99f85ed001",,"c:\users\mac_1\desktop\winevt\logs\microsoft-windows-diagnostics-performance%4operational.evtx","System.UInt32[]","System.Diagnostics.Eventing.Reader.EventBookmark","Warning","Standby Information","Standby Performance Monitoring","System.Collections.ObjectModel.ReadOnlyCollection`1[System.String]","System.Collections.Generic.List`1[System.Diagnostics.Eventing.Reader.EventProperty]"
"Windows has resumed from standby: 
     Standby Duration		:	7905ms
     Standby Incident Time (UTC)	:	?2015?-?03?-?15T10:41:09.548276700Z
     Resume  Duration		:	1213ms
     Resume  Incident Time (UTC)	:	?2015?-?03?-?15T18:54:30.653243100Z
     IsDegradation			:	false","300","1",,"3","4003","36","-9223372036854710272","2252","Microsoft-Windows-Diagnostics-Performance","cfc18ec0-96b1-4eba-961b-622caee05b0a","Microsoft-Windows-Diagnostics-Performance/Operational","1340","1520","rjaf-PC4429","S-1-5-19","3/15/2015 11:54:46 AM","85f03c9c-b89b-0003-aaf6-9b99f85ed001",,"c:\users\mac_1\desktop\winevt\logs\microsoft-windows-diagnostics-performance%4operational.evtx","System.UInt32[]","System.Diagnostics.Eventing.Reader.EventBookmark","Warning","Standby Information","Standby Performance Monitoring","System.Collections.ObjectModel.ReadOnlyCollection`1[System.String]","System.Collections.Generic.List`1[System.Diagnostics.Eventing.Reader.EventProperty]"
"Windows has resumed from standby: 
     Standby Duration		:	9710ms
     Standby Incident Time (UTC)	:	?2015?-?03?-?15T08:52:39.897563200Z
     Resume  Duration		:	1240ms
     Resume  Incident Time (UTC)	:	?2015?-?03?-?15T09:41:09.533788800Z
     IsDegradation			:	false","300","1",,"3","4003","36","-9223372036854710272","2251","Microsoft-Windows-Diagnostics-Performance","cfc18ec0-96b1-4eba-961b-622caee05b0a","Microsoft-Windows-Diagnostics-Performance/Operational","1340","3184","rjaf-PC4429","S-1-5-19","3/15/2015 2:41:22 AM","85f03c9c-b89b-0003-a9f6-9b99f85ed001",,"c:\users\mac_1\desktop\winevt\logs\microsoft-windows-diagnostics-performance%4operational.evtx","System.UInt32[]","System.Diagnostics.Eventing.Reader.EventBookmark","Warning","Standby Information","Standby Performance Monitoring","System.Collections.ObjectModel.ReadOnlyCollection`1[System.String]","System.Collections.Generic.List`1[System.Diagnostics.Eventing.Reader.EventProperty]"
"This startup service took longer than expected to startup, resulting in a performance degradation in the system start up process: 
     File Name		:	profsvc
     Friendly Name		:	ProfSvc
     Version		:	6.1.7600.16385 (win7_rtm.090713-1255)
     Total Time		:	369ms
     Degradation Time	:	116ms
     Incident Time (UTC)	:	?2015?-?03?-?15T08:18:21.578000100Z","103","1",,"3","4002","33","-9223372036854710272","2250","Microsoft-Windows-Diagnostics-Performance","cfc18ec0-96b1-4eba-961b-622caee05b0a","Microsoft-Windows-Diagnostics-Performance/Operational","1340","2340","rjaf-PC4429","S-1-5-19","3/15/2015 1:20:15 AM","85f03364-b89b-0002-a5f6-9b99f85ed001",,"c:\users\mac_1\desktop\winevt\logs\microsoft-windows-diagnostics-performance%4operational.evtx","System.UInt32[]","System.Diagnostics.Eventing.Reader.EventBookmark","Warning","Boot Degradation","Boot Performance Monitoring","System.Collections.ObjectModel.ReadOnlyCollection`1[System.String]","System.Collections.Generic.List`1[System.Diagnostics.Eventing.Reader.EventProperty]"
"This startup service took longer than expected to startup, resulting in a performance degradation in the system start up process: 
     File Name		:	gpsvc
     Friendly Name		:	Group Policy Client
     Version		:	6.1.7600.16385 (win7_rtm.090713-1255)
     Total Time		:	367ms
     Degradation Time	:	118ms
     Incident Time (UTC)	:	?2015?-?03?-?15T08:18:21.578000100Z","103","1",,"3","4002","33","-9223372036854710272","2249","Microsoft-Windows-Diagnostics-Performance","cfc18ec0-96b1-4eba-961b-622caee05b0a","Microsoft-Windows-Diagnostics-Performance/Operational","1340","2340","rjaf-PC4429","S-1-5-19","3/15/2015 1:20:15 AM","85f03364-b89b-0002-a5f6-9b99f85ed001",,"c:\users\mac_1\desktop\winevt\logs\microsoft-windows-diagnostics-performance%4operational.evtx","System.UInt32[]","System.Diagnostics.Eventing.Reader.EventBookmark","Warning","Boot Degradation","Boot Performance Monitoring","System.Collections.ObjectModel.ReadOnlyCollection`1[System.String]","System.Collections.Generic.List`1[System.Diagnostics.Eventing.Reader.EventProperty]"
"Windows has started up: 
     Boot Duration		:	40482ms
     IsDegradation		:	false
     Incident Time (UTC)	:	?2015?-?03?-?15T08:18:21.578000100Z","100","2",,"3","4002","34","-9223372036854710272","2248","Microsoft-Windows-Diagnostics-Performance","cfc18ec0-96b1-4eba-961b-622caee05b0a","Microsoft-Windows-Diagnostics-Performance/Operational","1340","2340","rjaf-PC4429","S-1-5-19","3/15/2015 1:20:15 AM","85f03364-b89b-0002-a5f6-9b99f85ed001",,"c:\users\mac_1\desktop\winevt\logs\microsoft-windows-diagnostics-performance%4operational.evtx","System.UInt32[]","System.Diagnostics.Eventing.Reader.EventBookmark","Warning","Boot Information","Boot Performance Monitoring","System.Collections.ObjectModel.ReadOnlyCollection`1[System.String]","System.Collections.Generic.List`1[System.Diagnostics.Eventing.Reader.EventProperty]"
"Windows has shutdown: 
     Shutdown Duration	:	67706ms
     IsDegradation		:	false
     Incident Time (UTC)	:	?2015?-?03?-?14T19:26:19.644997300Z","200","1",,"2","4007","40","-9223372036854710272","2247","Microsoft-Windows-Diagnostics-Performance","cfc18ec0-96b1-4eba-961b-622caee05b0a","Microsoft-Windows-Diagnostics-Performance/Operational","1340","1364","rjaf-PC4429","S-1-5-19","3/15/2015 1:20:15 AM","85f03364-b89b-0002-a4f6-9b99f85ed001",,"c:\users\mac_1\desktop\winevt\logs\microsoft-windows-diagnostics-performance%4operational.evtx","System.UInt32[]","System.Diagnostics.Eventing.Reader.EventBookmark","Error","Shutdown Information","Shutdown Performance Monitoring","System.Collections.ObjectModel.ReadOnlyCollection`1[System.String]","System.Collections.Generic.List`1[System.Diagnostics.Eventing.Reader.EventProperty]"
"Windows has started up: 
     Boot Duration		:	33194ms
     IsDegradation		:	false
     Incident Time (UTC)	:	?2015?-?03?-?14T18:52:43.593600100Z","100","2",,"3","4002","34","-9223372036854710272","2246","Microsoft-Windows-Diagnostics-Performance","cfc18ec0-96b1-4eba-961b-622caee05b0a","Microsoft-Windows-Diagnostics-Performance/Operational","1368","3308","rjaf-PC4429","S-1-5-19","3/14/2015 11:54:38 AM","85f03c9c-489b-0003-04e3-ec0d885ed001",,"c:\users\mac_1\desktop\winevt\logs\microsoft-windows-diagnostics-performance%4operational.evtx","System.UInt32[]","System.Diagnostics.Eventing.Reader.EventBookmark","Warning","Boot Information","Boot Performance Monitoring","System.Collections.ObjectModel.ReadOnlyCollection`1[System.String]","System.Collections.Generic.List`1[System.Diagnostics.Eventing.Reader.EventProperty]"
"Windows has resumed from standby: 
     Standby Duration		:	5848ms
     Standby Incident Time (UTC)	:	?2015?-?03?-?14T15:54:38.551066200Z
     Resume  Duration		:	1224ms
     Resume  Incident Time (UTC)	:	?2015?-?03?-?14T16:18:07.194687600Z
     IsDegradation			:	false","300","1",,"3","4003","36","-9223372036854710272","2245","Microsoft-Windows-Diagnostics-Performance","cfc18ec0-96b1-4eba-961b-622caee05b0a","Microsoft-Windows-Diagnostics-Performance/Operational","1364","2668","rjaf-PC4429","S-1-5-19","3/14/2015 9:18:14 AM","00000000-3b28-0000-2513-4a07645ed001",,"c:\users\mac_1\desktop\winevt\logs\microsoft-windows-diagnostics-performance%4operational.evtx","System.UInt32[]","System.Diagnostics.Eventing.Reader.EventBookmark","Warning","Standby Information","Standby Performance Monitoring","System.Collections.ObjectModel.ReadOnlyCollection`1[System.String]","System.Collections.Generic.List`1[System.Diagnostics.Eventing.Reader.EventProperty]"
"Windows has resumed from standby: 
     Standby Duration		:	10683ms
     Standby Incident Time (UTC)	:	?2015?-?03?-?14T15:18:38.629288300Z
     Resume  Duration		:	1214ms
     Resume  Incident Time (UTC)	:	?2015?-?03?-?14T15:22:22.394525500Z
     IsDegradation			:	true","300","1",,"3","4003","36","-9223372036854710272","2244","Microsoft-Windows-Diagnostics-Performance","cfc18ec0-96b1-4eba-961b-622caee05b0a","Microsoft-Windows-Diagnostics-Performance/Operational","1364","3448","rjaf-PC4429","S-1-5-19","3/14/2015 8:22:29 AM","85f02a9c-b89b-0001-2513-4a07645ed001",,"c:\users\mac_1\desktop\winevt\logs\microsoft-windows-diagnostics-performance%4operational.evtx","System.UInt32[]","System.Diagnostics.Eventing.Reader.EventBookmark","Warning","Standby Information","Standby Performance Monitoring","System.Collections.ObjectModel.ReadOnlyCollection`1[System.String]","System.Collections.Generic.List`1[System.Diagnostics.Eventing.Reader.EventProperty]"
"This startup service took longer than expected to startup, resulting in a performance degradation in the system start up process: 
     File Name		:	themes
     Friendly Name		:	Windows Shell Theme Service Dll
     Version		:	6.1.7600.16385 (win7_rtm.090713-1255)
     Total Time		:	385ms
     Degradation Time	:	260ms
     Incident Time (UTC)	:	?2015?-?03?-?14T14:34:50.578000100Z","103","1",,"3","4002","33","-9223372036854710272","2243","Microsoft-Windows-Diagnostics-Performance","cfc18ec0-96b1-4eba-961b-622caee05b0a","Microsoft-Windows-Diagnostics-Performance/Operational","1364","2224","rjaf-PC4429","S-1-5-19","3/14/2015 7:36:44 AM","85f03364-b89b-0002-2213-4a07645ed001",,"c:\users\mac_1\desktop\winevt\logs\microsoft-windows-diagnostics-performance%4operational.evtx","System.UInt32[]","System.Diagnostics.Eventing.Reader.EventBookmark","Warning","Boot Degradation","Boot Performance Monitoring","System.Collections.ObjectModel.ReadOnlyCollection`1[System.String]","System.Collections.Generic.List`1[System.Diagnostics.Eventing.Reader.EventProperty]"
"Windows has started up: 
     Boot Duration		:	34685ms
     IsDegradation		:	false
     Incident Time (UTC)	:	?2015?-?03?-?14T14:34:50.578000100Z","100","2",,"3","4002","34","-9223372036854710272","2242","Microsoft-Windows-Diagnostics-Performance","cfc18ec0-96b1-4eba-961b-622caee05b0a","Microsoft-Windows-Diagnostics-Performance/Operational","1364","2224","rjaf-PC4429","S-1-5-19","3/14/2015 7:36:44 AM","85f03364-b89b-0002-2213-4a07645ed001",,"c:\users\mac_1\desktop\winevt\logs\microsoft-windows-diagnostics-performance%4operational.evtx","System.UInt32[]","System.Diagnostics.Eventing.Reader.EventBookmark","Warning","Boot Information","Boot Performance Monitoring","System.Collections.ObjectModel.ReadOnlyCollection`1[System.String]","System.Collections.Generic.List`1[System.Diagnostics.Eventing.Reader.EventProperty]"
"This service caused a delay in the system shutdown process: 
     File Name		:	FontCache
     Friendly Name		:	Windows Font Cache Service
     Version		:	6.1.7600.16385 (win7_rtm.090713-1255)
     Total Time		:	1530ms
     Degradation Time	:	878ms
     Incident Time (UTC)	:	?2015?-?03?-?14T14:23:20.915678100Z","203","1",,"3","4007","41","-9223372036854710272","2241","Microsoft-Windows-Diagnostics-Performance","cfc18ec0-96b1-4eba-961b-622caee05b0a","Microsoft-Windows-Diagnostics-Performance/Operational","1364","2012","rjaf-PC4429","S-1-5-19","3/14/2015 7:36:44 AM","85f02a9c-b89b-0001-2213-4a07645ed001",,"c:\users\mac_1\desktop\winevt\logs\microsoft-windows-diagnostics-performance%4operational.evtx","System.UInt32[]","System.Diagnostics.Eventing.Reader.EventBookmark","Warning","Shutdown Degradation","Shutdown Performance Monitoring","System.Collections.ObjectModel.ReadOnlyCollection`1[System.String]","System.Collections.Generic.List`1[System.Diagnostics.Eventing.Reader.EventProperty]"
"Windows has shutdown: 
     Shutdown Duration	:	9566ms
     IsDegradation		:	false
     Incident Time (UTC)	:	?2015?-?03?-?14T14:23:20.915678100Z","200","1",,"3","4007","40","-9223372036854710272","2240","Microsoft-Windows-Diagnostics-Performance","cfc18ec0-96b1-4eba-961b-622caee05b0a","Microsoft-Windows-Diagnostics-Performance/Operational","1364","2012","rjaf-PC4429","S-1-5-19","3/14/2015 7:36:44 AM","85f02a9c-b89b-0001-2213-4a07645ed001",,"c:\users\mac_1\desktop\winevt\logs\microsoft-windows-diagnostics-performance%4operational.evtx","System.UInt32[]","System.Diagnostics.Eventing.Reader.EventBookmark","Warning","Shutdown Information","Shutdown Performance Monitoring","System.Collections.ObjectModel.ReadOnlyCollection`1[System.String]","System.Collections.Generic.List`1[System.Diagnostics.Eventing.Reader.EventProperty]"
"Windows has started up: 
     Boot Duration		:	26249ms
     IsDegradation		:	false
     Incident Time (UTC)	:	?2015?-?03?-?14T14:20:22.578000100Z","100","2",,"3","4002","34","-9223372036854710272","2239","Microsoft-Windows-Diagnostics-Performance","cfc18ec0-96b1-4eba-961b-622caee05b0a","Microsoft-Windows-Diagnostics-Performance/Operational","1420","2700","rjaf-PC4429","S-1-5-19","3/14/2015 7:22:26 AM","00000000-fb28-0000-22c9-eb01625ed001",,"c:\users\mac_1\desktop\winevt\logs\microsoft-windows-diagnostics-performance%4operational.evtx","System.UInt32[]","System.Diagnostics.Eventing.Reader.EventBookmark","Warning","Boot Information","Boot Performance Monitoring","System.Collections.ObjectModel.ReadOnlyCollection`1[System.String]","System.Collections.Generic.List`1[System.Diagnostics.Eventing.Reader.EventProperty]"
"Windows has resumed from standby: 
     Standby Duration		:	10271ms
     Standby Incident Time (UTC)	:	?2015?-?03?-?14T10:47:19.180491400Z
     Resume  Duration		:	1210ms
     Resume  Incident Time (UTC)	:	?2015?-?03?-?14T10:51:40.395505400Z
     IsDegradation			:	false","300","1",,"3","4003","36","-9223372036854710272","2238","Microsoft-Windows-Diagnostics-Performance","cfc18ec0-96b1-4eba-961b-622caee05b0a","Microsoft-Windows-Diagnostics-Performance/Operational","1360","380","rjaf-PC4429","S-1-5-19","3/14/2015 3:51:47 AM","85f03c9c-589b-0003-2550-66733f5ed001",,"c:\users\mac_1\desktop\winevt\logs\microsoft-windows-diagnostics-performance%4operational.evtx","System.UInt32[]","System.Diagnostics.Eventing.Reader.EventBookmark","Warning","Standby Information","Standby Performance Monitoring","System.Collections.ObjectModel.ReadOnlyCollection`1[System.String]","System.Collections.Generic.List`1[System.Diagnostics.Eventing.Reader.EventProperty]"
"This service caused a delay in the system shutdown process: 
     File Name		:	FontCache
     Friendly Name		:	Windows Font Cache Service
     Version		:	6.1.7600.16385 (win7_rtm.090713-1255)
     Total Time		:	1658ms
     Degradation Time	:	1240ms
     Incident Time (UTC)	:	?2015?-?03?-?13T20:56:55.010660100Z","203","1",,"3","4007","41","-9223372036854710272","2237","Microsoft-Windows-Diagnostics-Performance","cfc18ec0-96b1-4eba-961b-622caee05b0a","Microsoft-Windows-Diagnostics-Performance/Operational","1360","1592","rjaf-PC4429","S-1-5-19","3/14/2015 3:14:53 AM","00000000-db28-0000-2250-66733f5ed001",,"c:\users\mac_1\desktop\winevt\logs\microsoft-windows-diagnostics-performance%4operational.evtx","System.UInt32[]","System.Diagnostics.Eventing.Reader.EventBookmark","Warning","Shutdown Degradation","Shutdown Performance Monitoring","System.Collections.ObjectModel.ReadOnlyCollection`1[System.String]","System.Collections.Generic.List`1[System.Diagnostics.Eventing.Reader.EventProperty]"
"Windows has shutdown: 
     Shutdown Duration	:	11401ms
     IsDegradation		:	false
     Incident Time (UTC)	:	?2015?-?03?-?13T20:56:55.010660100Z","200","1",,"3","4007","40","-9223372036854710272","2236","Microsoft-Windows-Diagnostics-Performance","cfc18ec0-96b1-4eba-961b-622caee05b0a","Microsoft-Windows-Diagnostics-Performance/Operational","1360","1592","rjaf-PC4429","S-1-5-19","3/14/2015 3:14:53 AM","00000000-db28-0000-2250-66733f5ed001",,"c:\users\mac_1\desktop\winevt\logs\microsoft-windows-diagnostics-performance%4operational.evtx","System.UInt32[]","System.Diagnostics.Eventing.Reader.EventBookmark","Warning","Shutdown Information","Shutdown Performance Monitoring","System.Collections.ObjectModel.ReadOnlyCollection`1[System.String]","System.Collections.Generic.List`1[System.Diagnostics.Eventing.Reader.EventProperty]"
"Windows has started up: 
     Boot Duration		:	26188ms
     IsDegradation		:	false
     Incident Time (UTC)	:	?2015?-?03?-?14T10:13:00.578000100Z","100","2",,"3","4002","34","-9223372036854710272","2235","Microsoft-Windows-Diagnostics-Performance","cfc18ec0-96b1-4eba-961b-622caee05b0a","Microsoft-Windows-Diagnostics-Performance/Operational","1360","2492","rjaf-PC4429","S-1-5-19","3/14/2015 3:14:53 AM","85f02a9c-589b-0001-2450-66733f5ed001",,"c:\users\mac_1\desktop\winevt\logs\microsoft-windows-diagnostics-performance%4operational.evtx","System.UInt32[]","System.Diagnostics.Eventing.Reader.EventBookmark","Warning","Boot Information","Boot Performance Monitoring","System.Collections.ObjectModel.ReadOnlyCollection`1[System.String]","System.Collections.Generic.List`1[System.Diagnostics.Eventing.Reader.EventProperty]"
"This service caused a delay in the system shutdown process: 
     File Name		:	WSearch
     Friendly Name		:	
     Version		:	
     Total Time		:	2022ms
     Degradation Time	:	828ms
     Incident Time (UTC)	:	?2015?-?03?-?13T20:48:42.163224700Z","203","1",,"3","4007","41","-9223372036854710272","2234","Microsoft-Windows-Diagnostics-Performance","cfc18ec0-96b1-4eba-961b-622caee05b0a","Microsoft-Windows-Diagnostics-Performance/Operational","1356","1512","rjaf-PC4429","S-1-5-19","3/13/2015 1:55:09 PM","85f03c9c-089b-0003-2344-f0b5cf5dd001",,"c:\users\mac_1\desktop\winevt\logs\microsoft-windows-diagnostics-performance%4operational.evtx","System.UInt32[]","System.Diagnostics.Eventing.Reader.EventBookmark","Warning","Shutdown Degradation","Shutdown Performance Monitoring","System.Collections.ObjectModel.ReadOnlyCollection`1[System.String]","System.Collections.Generic.List`1[System.Diagnostics.Eventing.Reader.EventProperty]"
"Windows has shutdown: 
     Shutdown Duration	:	9614ms
     IsDegradation		:	true
     Incident Time (UTC)	:	?2015?-?03?-?13T20:48:42.163224700Z","200","1",,"3","4007","40","-9223372036854710272","2233","Microsoft-Windows-Diagnostics-Performance","cfc18ec0-96b1-4eba-961b-622caee05b0a","Microsoft-Windows-Diagnostics-Performance/Operational","1356","1512","rjaf-PC4429","S-1-5-19","3/13/2015 1:55:09 PM","85f03c9c-089b-0003-2344-f0b5cf5dd001",,"c:\users\mac_1\desktop\winevt\logs\microsoft-windows-diagnostics-performance%4operational.evtx","System.UInt32[]","System.Diagnostics.Eventing.Reader.EventBookmark","Warning","Shutdown Information","Shutdown Performance Monitoring","System.Collections.ObjectModel.ReadOnlyCollection`1[System.String]","System.Collections.Generic.List`1[System.Diagnostics.Eventing.Reader.EventProperty]"
"Windows has started up: 
     Boot Duration		:	25237ms
     IsDegradation		:	false
     Incident Time (UTC)	:	?2015?-?03?-?13T20:53:08.578000100Z","100","2",,"3","4002","34","-9223372036854710272","2232","Microsoft-Windows-Diagnostics-Performance","cfc18ec0-96b1-4eba-961b-622caee05b0a","Microsoft-Windows-Diagnostics-Performance/Operational","1356","124","rjaf-PC4429","S-1-5-19","3/13/2015 1:55:08 PM","85f02a9c-089b-0001-2244-f0b5cf5dd001",,"c:\users\mac_1\desktop\winevt\logs\microsoft-windows-diagnostics-performance%4operational.evtx","System.UInt32[]","System.Diagnostics.Eventing.Reader.EventBookmark","Warning","Boot Information","Boot Performance Monitoring","System.Collections.ObjectModel.ReadOnlyCollection`1[System.String]","System.Collections.Generic.List`1[System.Diagnostics.Eventing.Reader.EventProperty]"
"Windows has started up: 
     Boot Duration		:	27103ms
     IsDegradation		:	false
     Incident Time (UTC)	:	?2015?-?03?-?13T20:41:37.578000100Z","100","2",,"3","4002","34","-9223372036854710272","2231","Microsoft-Windows-Diagnostics-Performance","cfc18ec0-96b1-4eba-961b-622caee05b0a","Microsoft-Windows-Diagnostics-Performance/Operational","1356","2024","rjaf-PC4429","S-1-5-19","3/13/2015 1:44:03 PM","85f03364-489b-0002-a408-121ace5dd001",,"c:\users\mac_1\desktop\winevt\logs\microsoft-windows-diagnostics-performance%4operational.evtx","System.UInt32[]","System.Diagnostics.Eventing.Reader.EventBookmark","Warning","Boot Information","Boot Performance Monitoring","System.Collections.ObjectModel.ReadOnlyCollection`1[System.String]","System.Collections.Generic.List`1[System.Diagnostics.Eventing.Reader.EventProperty]"
"Windows has resumed from standby: 
     Standby Duration		:	8500ms
     Standby Incident Time (UTC)	:	?2015?-?03?-?13T16:40:09.080734300Z
     Resume  Duration		:	1182ms
     Resume  Incident Time (UTC)	:	?2015?-?03?-?13T16:50:27.706321200Z
     IsDegradation			:	false","300","1",,"3","4003","36","-9223372036854710272","2230","Microsoft-Windows-Diagnostics-Performance","cfc18ec0-96b1-4eba-961b-622caee05b0a","Microsoft-Windows-Diagnostics-Performance/Operational","1328","1612","rjaf-PC4429","S-1-5-19","3/13/2015 9:50:35 AM","85f02a9c-e89b-0001-b12e-e75a885dd001",,"c:\users\mac_1\desktop\winevt\logs\microsoft-windows-diagnostics-performance%4operational.evtx","System.UInt32[]","System.Diagnostics.Eventing.Reader.EventBookmark","Warning","Standby Information","Standby Performance Monitoring","System.Collections.ObjectModel.ReadOnlyCollection`1[System.String]","System.Collections.Generic.List`1[System.Diagnostics.Eventing.Reader.EventProperty]"
"Windows has resumed from standby: 
     Standby Duration		:	13032ms
     Standby Incident Time (UTC)	:	?2015?-?03?-?13T13:15:54.773935500Z
     Resume  Duration		:	1209ms
     Resume  Incident Time (UTC)	:	?2015?-?03?-?13T15:15:51.839940100Z
     IsDegradation			:	false","300","1",,"3","4003","36","-9223372036854710272","2229","Microsoft-Windows-Diagnostics-Performance","cfc18ec0-96b1-4eba-961b-622caee05b0a","Microsoft-Windows-Diagnostics-Performance/Operational","1328","4052","rjaf-PC4429","S-1-5-19","3/13/2015 8:16:01 AM","85f03364-e89b-0002-ab2e-e75a885dd001",,"c:\users\mac_1\desktop\winevt\logs\microsoft-windows-diagnostics-performance%4operational.evtx","System.UInt32[]","System.Diagnostics.Eventing.Reader.EventBookmark","Warning","Standby Information","Standby Performance Monitoring","System.Collections.ObjectModel.ReadOnlyCollection`1[System.String]","System.Collections.Generic.List`1[System.Diagnostics.Eventing.Reader.EventProperty]"
"Windows has started up: 
     Boot Duration		:	52952ms
     IsDegradation		:	false
     Incident Time (UTC)	:	?2015?-?03?-?13T12:22:21.578000100Z","100","2",,"2","4002","34","-9223372036854710272","2228","Microsoft-Windows-Diagnostics-Performance","cfc18ec0-96b1-4eba-961b-622caee05b0a","Microsoft-Windows-Diagnostics-Performance/Operational","1328","388","rjaf-PC4429","S-1-5-19","3/13/2015 5:24:14 AM","85f03c9c-e89b-0003-a42e-e75a885dd001",,"c:\users\mac_1\desktop\winevt\logs\microsoft-windows-diagnostics-performance%4operational.evtx","System.UInt32[]","System.Diagnostics.Eventing.Reader.EventBookmark","Error","Boot Information","Boot Performance Monitoring","System.Collections.ObjectModel.ReadOnlyCollection`1[System.String]","System.Collections.Generic.List`1[System.Diagnostics.Eventing.Reader.EventProperty]"
"Windows has shutdown: 
     Shutdown Duration	:	26663ms
     IsDegradation		:	false
     Incident Time (UTC)	:	?2015?-?03?-?12T21:09:42.249858700Z","200","1",,"3","4007","40","-9223372036854710272","2227","Microsoft-Windows-Diagnostics-Performance","cfc18ec0-96b1-4eba-961b-622caee05b0a","Microsoft-Windows-Diagnostics-Performance/Operational","1328","372","rjaf-PC4429","S-1-5-19","3/13/2015 5:24:14 AM","85f03364-e89b-0002-a42e-e75a885dd001",,"c:\users\mac_1\desktop\winevt\logs\microsoft-windows-diagnostics-performance%4operational.evtx","System.UInt32[]","System.Diagnostics.Eventing.Reader.EventBookmark","Warning","Shutdown Information","Shutdown Performance Monitoring","System.Collections.ObjectModel.ReadOnlyCollection`1[System.String]","System.Collections.Generic.List`1[System.Diagnostics.Eventing.Reader.EventProperty]"
"Windows has resumed from standby: 
     Standby Duration		:	7042ms
     Standby Incident Time (UTC)	:	?2015?-?03?-?12T19:13:52.526045200Z
     Resume  Duration		:	1283ms
     Resume  Incident Time (UTC)	:	?2015?-?03?-?12T21:00:49.365448000Z
     IsDegradation			:	false","300","1",,"3","4003","36","-9223372036854710272","2226","Microsoft-Windows-Diagnostics-Performance","cfc18ec0-96b1-4eba-961b-622caee05b0a","Microsoft-Windows-Diagnostics-Performance/Operational","1348","11408","rjaf-PC4429","S-1-5-19","3/12/2015 2:01:14 PM","85f03364-989b-0002-cf7f-4271275bd001",,"c:\users\mac_1\desktop\winevt\logs\microsoft-windows-diagnostics-performance%4operational.evtx","System.UInt32[]","System.Diagnostics.Eventing.Reader.EventBookmark","Warning","Standby Information","Standby Performance Monitoring","System.Collections.ObjectModel.ReadOnlyCollection`1[System.String]","System.Collections.Generic.List`1[System.Diagnostics.Eventing.Reader.EventProperty]"
"Windows has resumed from standby: 
     Standby Duration		:	6581ms
     Standby Incident Time (UTC)	:	?2015?-?03?-?12T09:40:40.511811800Z
     Resume  Duration		:	1211ms
     Resume  Incident Time (UTC)	:	?2015?-?03?-?12T17:47:35.146456300Z
     IsDegradation			:	false","300","1",,"3","4003","36","-9223372036854710272","2225","Microsoft-Windows-Diagnostics-Performance","cfc18ec0-96b1-4eba-961b-622caee05b0a","Microsoft-Windows-Diagnostics-Performance/Operational","1348","10004","rjaf-PC4429","S-1-5-19","3/12/2015 10:47:59 AM","85f03364-989b-0002-ce7f-4271275bd001",,"c:\users\mac_1\desktop\winevt\logs\microsoft-windows-diagnostics-performance%4operational.evtx","System.UInt32[]","System.Diagnostics.Eventing.Reader.EventBookmark","Warning","Standby Information","Standby Performance Monitoring","System.Collections.ObjectModel.ReadOnlyCollection`1[System.String]","System.Collections.Generic.List`1[System.Diagnostics.Eventing.Reader.EventProperty]"
"Windows has resumed from standby: 
     Standby Duration		:	11671ms
     Standby Incident Time (UTC)	:	?2015?-?03?-?12T09:06:25.587863800Z
     Resume  Duration		:	1152ms
     Resume  Incident Time (UTC)	:	?2015?-?03?-?12T09:08:19.044206800Z
     IsDegradation			:	false","300","1",,"3","4003","36","-9223372036854710272","2224","Microsoft-Windows-Diagnostics-Performance","cfc18ec0-96b1-4eba-961b-622caee05b0a","Microsoft-Windows-Diagnostics-Performance/Operational","1348","11672","rjaf-PC4429","S-1-5-19","3/12/2015 2:08:40 AM","85f03364-989b-0002-cc7f-4271275bd001",,"c:\users\mac_1\desktop\winevt\logs\microsoft-windows-diagnostics-performance%4operational.evtx","System.UInt32[]","System.Diagnostics.Eventing.Reader.EventBookmark","Warning","Standby Information","Standby Performance Monitoring","System.Collections.ObjectModel.ReadOnlyCollection`1[System.String]","System.Collections.Generic.List`1[System.Diagnostics.Eventing.Reader.EventProperty]"
"Windows has resumed from standby: 
     Standby Duration		:	8504ms
     Standby Incident Time (UTC)	:	?2015?-?03?-?12T01:05:58.152709600Z
     Resume  Duration		:	1163ms
     Resume  Incident Time (UTC)	:	?2015?-?03?-?12T08:01:31.180845100Z
     IsDegradation			:	false","300","1",,"3","4003","36","-9223372036854710272","2223","Microsoft-Windows-Diagnostics-Performance","cfc18ec0-96b1-4eba-961b-622caee05b0a","Microsoft-Windows-Diagnostics-Performance/Operational","1348","2372","rjaf-PC4429","S-1-5-19","3/12/2015 1:01:51 AM","85f03364-989b-0002-cb7f-4271275bd001",,"c:\users\mac_1\desktop\winevt\logs\microsoft-windows-diagnostics-performance%4operational.evtx","System.UInt32[]","System.Diagnostics.Eventing.Reader.EventBookmark","Warning","Standby Information","Standby Performance Monitoring","System.Collections.ObjectModel.ReadOnlyCollection`1[System.String]","System.Collections.Generic.List`1[System.Diagnostics.Eventing.Reader.EventProperty]"
"Windows has resumed from standby: 
     Standby Duration		:	6386ms
     Standby Incident Time (UTC)	:	?2015?-?03?-?11T21:49:44.247473600Z
     Resume  Duration		:	1195ms
     Resume  Incident Time (UTC)	:	?2015?-?03?-?12T01:00:01.616126200Z
     IsDegradation			:	false","300","1",,"3","4003","36","-9223372036854710272","2222","Microsoft-Windows-Diagnostics-Performance","cfc18ec0-96b1-4eba-961b-622caee05b0a","Microsoft-Windows-Diagnostics-Performance/Operational","1348","13184","rjaf-PC4429","S-1-5-19","3/11/2015 6:00:19 PM","85f03364-989b-0002-ca7f-4271275bd001",,"c:\users\mac_1\desktop\winevt\logs\microsoft-windows-diagnostics-performance%4operational.evtx","System.UInt32[]","System.Diagnostics.Eventing.Reader.EventBookmark","Warning","Standby Information","Standby Performance Monitoring","System.Collections.ObjectModel.ReadOnlyCollection`1[System.String]","System.Collections.Generic.List`1[System.Diagnostics.Eventing.Reader.EventProperty]"
"Windows has resumed from standby: 
     Standby Duration		:	5810ms
     Standby Incident Time (UTC)	:	?2015?-?03?-?11T20:31:59.563280900Z
     Resume  Duration		:	1222ms
     Resume  Incident Time (UTC)	:	?2015?-?03?-?11T21:10:48.799092100Z
     IsDegradation			:	false","300","1",,"3","4003","36","-9223372036854710272","2221","Microsoft-Windows-Diagnostics-Performance","cfc18ec0-96b1-4eba-961b-622caee05b0a","Microsoft-Windows-Diagnostics-Performance/Operational","1348","892","rjaf-PC4429","S-1-5-19","3/11/2015 2:11:05 PM","85f03364-989b-0002-c87f-4271275bd001",,"c:\users\mac_1\desktop\winevt\logs\microsoft-windows-diagnostics-performance%4operational.evtx","System.UInt32[]","System.Diagnostics.Eventing.Reader.EventBookmark","Warning","Standby Information","Standby Performance Monitoring","System.Collections.ObjectModel.ReadOnlyCollection`1[System.String]","System.Collections.Generic.List`1[System.Diagnostics.Eventing.Reader.EventProperty]"
"Preparing Winlogon for sleep was slower than expected: 
     Name		:	SuspendWinlogon
     Total Time		:	382ms
     Degradation Time	:	296ms
     Incident Time (UTC)	:	?2015?-?03?-?11T18:37:30.115934000Z","307","1",,"3","4003","35","-9223372036854710272","2220","Microsoft-Windows-Diagnostics-Performance","cfc18ec0-96b1-4eba-961b-622caee05b0a","Microsoft-Windows-Diagnostics-Performance/Operational","1348","9736","rjaf-PC4429","S-1-5-19","3/11/2015 12:59:05 PM","85f03364-989b-0002-c67f-4271275bd001",,"c:\users\mac_1\desktop\winevt\logs\microsoft-windows-diagnostics-performance%4operational.evtx","System.UInt32[]","System.Diagnostics.Eventing.Reader.EventBookmark","Warning","Standby Degradation","Standby Performance Monitoring","System.Collections.ObjectModel.ReadOnlyCollection`1[System.String]","System.Collections.Generic.List`1[System.Diagnostics.Eventing.Reader.EventProperty]"
"Windows has resumed from standby: 
     Standby Duration		:	7875ms
     Standby Incident Time (UTC)	:	?2015?-?03?-?11T18:37:30.115934000Z
     Resume  Duration		:	1224ms
     Resume  Incident Time (UTC)	:	?2015?-?03?-?11T19:58:48.090209500Z
     IsDegradation			:	false","300","1",,"3","4003","36","-9223372036854710272","2219","Microsoft-Windows-Diagnostics-Performance","cfc18ec0-96b1-4eba-961b-622caee05b0a","Microsoft-Windows-Diagnostics-Performance/Operational","1348","9736","rjaf-PC4429","S-1-5-19","3/11/2015 12:59:05 PM","85f03364-989b-0002-c67f-4271275bd001",,"c:\users\mac_1\desktop\winevt\logs\microsoft-windows-diagnostics-performance%4operational.evtx","System.UInt32[]","System.Diagnostics.Eventing.Reader.EventBookmark","Warning","Standby Information","Standby Performance Monitoring","System.Collections.ObjectModel.ReadOnlyCollection`1[System.String]","System.Collections.Generic.List`1[System.Diagnostics.Eventing.Reader.EventProperty]"
"Windows has resumed from standby: 
     Standby Duration		:	8193ms
     Standby Incident Time (UTC)	:	?2015?-?03?-?11T14:35:46.097710100Z
     Resume  Duration		:	8315ms
     Resume  Incident Time (UTC)	:	?2015?-?03?-?11T17:06:11.607448300Z
     IsDegradation			:	false","300","1",,"3","4003","36","-9223372036854710272","2218","Microsoft-Windows-Diagnostics-Performance","cfc18ec0-96b1-4eba-961b-622caee05b0a","Microsoft-Windows-Diagnostics-Performance/Operational","1348","5296","rjaf-PC4429","S-1-5-19","3/11/2015 10:07:36 AM","00000000-1b28-0000-bb7f-4271275bd001",,"c:\users\mac_1\desktop\winevt\logs\microsoft-windows-diagnostics-performance%4operational.evtx","System.UInt32[]","System.Diagnostics.Eventing.Reader.EventBookmark","Warning","Standby Information","Standby Performance Monitoring","System.Collections.ObjectModel.ReadOnlyCollection`1[System.String]","System.Collections.Generic.List`1[System.Diagnostics.Eventing.Reader.EventProperty]"
"Windows has resumed from standby: 
     Standby Duration		:	8997ms
     Standby Incident Time (UTC)	:	?2015?-?03?-?11T09:50:17.657709000Z
     Resume  Duration		:	1161ms
     Resume  Incident Time (UTC)	:	?2015?-?03?-?11T14:04:19.640274600Z
     IsDegradation			:	false","300","1",,"3","4003","36","-9223372036854710272","2217","Microsoft-Windows-Diagnostics-Performance","cfc18ec0-96b1-4eba-961b-622caee05b0a","Microsoft-Windows-Diagnostics-Performance/Operational","1348","13276","rjaf-PC4429","S-1-5-19","3/11/2015 7:04:36 AM","85f03364-989b-0002-c37f-4271275bd001",,"c:\users\mac_1\desktop\winevt\logs\microsoft-windows-diagnostics-performance%4operational.evtx","System.UInt32[]","System.Diagnostics.Eventing.Reader.EventBookmark","Warning","Standby Information","Standby Performance Monitoring","System.Collections.ObjectModel.ReadOnlyCollection`1[System.String]","System.Collections.Generic.List`1[System.Diagnostics.Eventing.Reader.EventProperty]"
"Windows has resumed from standby: 
     Standby Duration		:	7734ms
     Standby Incident Time (UTC)	:	?2015?-?03?-?11T01:03:05.291097000Z
     Resume  Duration		:	1240ms
     Resume  Incident Time (UTC)	:	?2015?-?03?-?11T08:03:27.307854300Z
     IsDegradation			:	false","300","1",,"3","4003","36","-9223372036854710272","2216","Microsoft-Windows-Diagnostics-Performance","cfc18ec0-96b1-4eba-961b-622caee05b0a","Microsoft-Windows-Diagnostics-Performance/Operational","1348","10272","rjaf-PC4429","S-1-5-19","3/11/2015 1:03:44 AM","85f03364-989b-0002-af7f-4271275bd001",,"c:\users\mac_1\desktop\winevt\logs\microsoft-windows-diagnostics-performance%4operational.evtx","System.UInt32[]","System.Diagnostics.Eventing.Reader.EventBookmark","Warning","Standby Information","Standby Performance Monitoring","System.Collections.ObjectModel.ReadOnlyCollection`1[System.String]","System.Collections.Generic.List`1[System.Diagnostics.Eventing.Reader.EventProperty]"
"Windows has resumed from standby: 
     Standby Duration		:	6469ms
     Standby Incident Time (UTC)	:	?2015?-?03?-?10T21:19:06.578808400Z
     Resume  Duration		:	1221ms
     Resume  Incident Time (UTC)	:	?2015?-?03?-?11T01:00:08.766663200Z
     IsDegradation			:	false","300","1",,"3","4003","36","-9223372036854710272","2215","Microsoft-Windows-Diagnostics-Performance","cfc18ec0-96b1-4eba-961b-622caee05b0a","Microsoft-Windows-Diagnostics-Performance/Operational","1348","13364","rjaf-PC4429","S-1-5-19","3/10/2015 6:00:20 PM","85f02a9c-989b-0001-ac7f-4271275bd001",,"c:\users\mac_1\desktop\winevt\logs\microsoft-windows-diagnostics-performance%4operational.evtx","System.UInt32[]","System.Diagnostics.Eventing.Reader.EventBookmark","Warning","Standby Information","Standby Performance Monitoring","System.Collections.ObjectModel.ReadOnlyCollection`1[System.String]","System.Collections.Generic.List`1[System.Diagnostics.Eventing.Reader.EventProperty]"
