"Windows has started up: 
     Boot Duration		:	29458ms
     IsDegradation		:	false
     Incident Time (UTC)	:	?2015?-?01?-?18T08:34:04.578000100Z","100","2",,"3","4002","34","-9223372036854710272","1876","Microsoft-Windows-Diagnostics-Performance","cfc18ec0-96b1-4eba-961b-622caee05b0a","Microsoft-Windows-Diagnostics-Performance/Operational","1396","2420","rjaf-PC4429","S-1-5-19","1/18/2015 12:35:57 AM","85f03c9c-689b-0003-2758-8c84f932d001",,"c:\users\mac_1\desktop\winevt\logs\microsoft-windows-diagnostics-performance%4operational.evtx","System.UInt32[]","System.Diagnostics.Eventing.Reader.EventBookmark","Warning","Boot Information","Boot Performance Monitoring","System.Collections.ObjectModel.ReadOnlyCollection`1[System.String]","System.Collections.Generic.List`1[System.Diagnostics.Eventing.Reader.EventProperty]"
"This driver caused a delay during standby while servicing a device:
     Driver File Name		:	\Driver\HdAudAddService
     Driver Friendly Name		:	High Definition Audio Function Driver
     Driver Version			:	6.1.7600.16385 (win7_rtm.090713-1255)
     Driver Total Time		:	31ms
     Driver Degradation Time	:	9ms
     Incident Time (UTC)		:	?2015?-?01?-?17T09:46:27.751895400Z
     Device Name			:	HDAUDIO\FUNC_01&VEN_10EC&DEV_0662&SUBSYS_8086204E&REV_1001\4&21abbdd3&0&0001
     Device Friendly Name		:	High Definition Audio Device
     Device Total Time		:	31ms
     Device Degradation Time	:	0ms","302","1",,"3","4003","35","-9223372036854710272","1875","Microsoft-Windows-Diagnostics-Performance","cfc18ec0-96b1-4eba-961b-622caee05b0a","Microsoft-Windows-Diagnostics-Performance/Operational","1400","3424","rjaf-PC4429","S-1-5-19","1/17/2015 5:47:12 AM","85f02a9c-889b-0001-2bfa-71a02432d001",,"c:\users\mac_1\desktop\winevt\logs\microsoft-windows-diagnostics-performance%4operational.evtx","System.UInt32[]","System.Diagnostics.Eventing.Reader.EventBookmark","Warning","Standby Degradation","Standby Performance Monitoring","System.Collections.ObjectModel.ReadOnlyCollection`1[System.String]","System.Collections.Generic.List`1[System.Diagnostics.Eventing.Reader.EventProperty]"
"Windows has resumed from standby: 
     Standby Duration		:	6647ms
     Standby Incident Time (UTC)	:	?2015?-?01?-?17T09:46:27.751895400Z
     Resume  Duration		:	1205ms
     Resume  Incident Time (UTC)	:	?2015?-?01?-?17T13:47:03.710045100Z
     IsDegradation			:	false","300","1",,"3","4003","36","-9223372036854710272","1874","Microsoft-Windows-Diagnostics-Performance","cfc18ec0-96b1-4eba-961b-622caee05b0a","Microsoft-Windows-Diagnostics-Performance/Operational","1400","3424","rjaf-PC4429","S-1-5-19","1/17/2015 5:47:12 AM","85f02a9c-889b-0001-2bfa-71a02432d001",,"c:\users\mac_1\desktop\winevt\logs\microsoft-windows-diagnostics-performance%4operational.evtx","System.UInt32[]","System.Diagnostics.Eventing.Reader.EventBookmark","Warning","Standby Information","Standby Performance Monitoring","System.Collections.ObjectModel.ReadOnlyCollection`1[System.String]","System.Collections.Generic.List`1[System.Diagnostics.Eventing.Reader.EventProperty]"
"Windows has resumed from standby: 
     Standby Duration		:	10093ms
     Standby Incident Time (UTC)	:	?2015?-?01?-?17T08:02:28.171075600Z
     Resume  Duration		:	1229ms
     Resume  Incident Time (UTC)	:	?2015?-?01?-?17T09:04:28.086718300Z
     IsDegradation			:	false","300","1",,"3","4003","36","-9223372036854710272","1873","Microsoft-Windows-Diagnostics-Performance","cfc18ec0-96b1-4eba-961b-622caee05b0a","Microsoft-Windows-Diagnostics-Performance/Operational","1400","2068","rjaf-PC4429","S-1-5-19","1/17/2015 1:04:36 AM","85f03c9c-889b-0003-27fa-71a02432d001",,"c:\users\mac_1\desktop\winevt\logs\microsoft-windows-diagnostics-performance%4operational.evtx","System.UInt32[]","System.Diagnostics.Eventing.Reader.EventBookmark","Warning","Standby Information","Standby Performance Monitoring","System.Collections.ObjectModel.ReadOnlyCollection`1[System.String]","System.Collections.Generic.List`1[System.Diagnostics.Eventing.Reader.EventProperty]"
