#TYPE System.Diagnostics.Eventing.Reader.EventLogRecord
"Message","Id","Version","Qualifiers","Level","Task","Opcode","Keywords","RecordId","ProviderName","ProviderId","LogName","ProcessId","ThreadId","MachineName","UserId","TimeCreated","ActivityId","RelatedActivityId","ContainerLog","MatchedQueryIds","Bookmark","LevelDisplayName","OpcodeDisplayName","TaskDisplayName","KeywordsDisplayNames","Properties"
"Reliability Analysis calculated system stability of 8.921 for the one-day period starting at ?2015?-?10?-?18T00:00:00.000000000Z.","2005","0",,"4","0","0","-9223372036854771712","685","Microsoft-Windows-Reliability-Analysis-Engine","4ba32972-6fc5-488a-8368-5da620d05127","Microsoft-Windows-ReliabilityAnalysisComponent/Operational","5868","5960","rjaf-PC4429","S-1-5-19","10/17/2015 10:35:56 PM",,,"c:\users\mac_1\desktop\winevt\logs\microsoft-windows-reliabilityanalysiscomponent%4operational.evtx","System.UInt32[]","System.Diagnostics.Eventing.Reader.EventBookmark","Information","Info",,"System.Collections.ObjectModel.ReadOnlyCollection`1[System.String]","System.Collections.Generic.List`1[System.Diagnostics.Eventing.Reader.EventProperty]"
"Reliability Analysis calculated system stability of 8.911 for the one-day period starting at ?2015?-?10?-?17T00:00:00.000000000Z.","2005","0",,"4","0","0","-9223372036854771712","684","Microsoft-Windows-Reliability-Analysis-Engine","4ba32972-6fc5-488a-8368-5da620d05127","Microsoft-Windows-ReliabilityAnalysisComponent/Operational","5868","5960","rjaf-PC4429","S-1-5-19","10/17/2015 10:35:55 PM",,,"c:\users\mac_1\desktop\winevt\logs\microsoft-windows-reliabilityanalysiscomponent%4operational.evtx","System.UInt32[]","System.Diagnostics.Eventing.Reader.EventBookmark","Information","Info",,"System.Collections.ObjectModel.ReadOnlyCollection`1[System.String]","System.Collections.Generic.List`1[System.Diagnostics.Eventing.Reader.EventProperty]"
"Reliability Analysis calculated system stability of 8.911 for the one-day period starting at ?2015?-?10?-?16T00:00:00.000000000Z.","2005","0",,"4","0","0","-9223372036854771712","683","Microsoft-Windows-Reliability-Analysis-Engine","4ba32972-6fc5-488a-8368-5da620d05127","Microsoft-Windows-ReliabilityAnalysisComponent/Operational","5868","5960","rjaf-PC4429","S-1-5-19","10/17/2015 10:35:54 PM",,,"c:\users\mac_1\desktop\winevt\logs\microsoft-windows-reliabilityanalysiscomponent%4operational.evtx","System.UInt32[]","System.Diagnostics.Eventing.Reader.EventBookmark","Information","Info",,"System.Collections.ObjectModel.ReadOnlyCollection`1[System.String]","System.Collections.Generic.List`1[System.Diagnostics.Eventing.Reader.EventProperty]"
"Reliability Analysis calculated system stability of 8.911 for the one-day period starting at ?2015?-?10?-?15T00:00:00.000000000Z.","2005","0",,"4","0","0","-9223372036854771712","682","Microsoft-Windows-Reliability-Analysis-Engine","4ba32972-6fc5-488a-8368-5da620d05127","Microsoft-Windows-ReliabilityAnalysisComponent/Operational","5868","5960","rjaf-PC4429","S-1-5-19","10/17/2015 10:35:54 PM",,,"c:\users\mac_1\desktop\winevt\logs\microsoft-windows-reliabilityanalysiscomponent%4operational.evtx","System.UInt32[]","System.Diagnostics.Eventing.Reader.EventBookmark","Information","Info",,"System.Collections.ObjectModel.ReadOnlyCollection`1[System.String]","System.Collections.Generic.List`1[System.Diagnostics.Eventing.Reader.EventProperty]"
"Reliability Analysis calculated system stability of 8.911 for the one-day period starting at ?2015?-?10?-?14T00:00:00.000000000Z.","2005","0",,"4","0","0","-9223372036854771712","681","Microsoft-Windows-Reliability-Analysis-Engine","4ba32972-6fc5-488a-8368-5da620d05127","Microsoft-Windows-ReliabilityAnalysisComponent/Operational","5868","5960","rjaf-PC4429","S-1-5-19","10/17/2015 10:35:53 PM",,,"c:\users\mac_1\desktop\winevt\logs\microsoft-windows-reliabilityanalysiscomponent%4operational.evtx","System.UInt32[]","System.Diagnostics.Eventing.Reader.EventBookmark","Information","Info",,"System.Collections.ObjectModel.ReadOnlyCollection`1[System.String]","System.Collections.Generic.List`1[System.Diagnostics.Eventing.Reader.EventProperty]"
"Reliability Analysis calculated system stability of 8.674 for the one-day period starting at ?2015?-?10?-?13T00:00:00.000000000Z.","2005","0",,"4","0","0","-9223372036854771712","680","Microsoft-Windows-Reliability-Analysis-Engine","4ba32972-6fc5-488a-8368-5da620d05127","Microsoft-Windows-ReliabilityAnalysisComponent/Operational","3932","2996","rjaf-PC4429","S-1-5-19","10/17/2015 10:30:53 PM",,,"c:\users\mac_1\desktop\winevt\logs\microsoft-windows-reliabilityanalysiscomponent%4operational.evtx","System.UInt32[]","System.Diagnostics.Eventing.Reader.EventBookmark","Information","Info",,"System.Collections.ObjectModel.ReadOnlyCollection`1[System.String]","System.Collections.Generic.List`1[System.Diagnostics.Eventing.Reader.EventProperty]"
"Reliability Analysis calculated system stability of 8.663 for the one-day period starting at ?2015?-?10?-?12T00:00:00.000000000Z.","2005","0",,"4","0","0","-9223372036854771712","679","Microsoft-Windows-Reliability-Analysis-Engine","4ba32972-6fc5-488a-8368-5da620d05127","Microsoft-Windows-ReliabilityAnalysisComponent/Operational","3932","2996","rjaf-PC4429","S-1-5-19","10/17/2015 10:30:53 PM",,,"c:\users\mac_1\desktop\winevt\logs\microsoft-windows-reliabilityanalysiscomponent%4operational.evtx","System.UInt32[]","System.Diagnostics.Eventing.Reader.EventBookmark","Information","Info",,"System.Collections.ObjectModel.ReadOnlyCollection`1[System.String]","System.Collections.Generic.List`1[System.Diagnostics.Eventing.Reader.EventProperty]"
"Reliability Analysis calculated system stability of 8.398 for the one-day period starting at ?2015?-?10?-?11T00:00:00.000000000Z.","2005","0",,"4","0","0","-9223372036854771712","678","Microsoft-Windows-Reliability-Analysis-Engine","4ba32972-6fc5-488a-8368-5da620d05127","Microsoft-Windows-ReliabilityAnalysisComponent/Operational","3876","3980","rjaf-PC4429","S-1-5-19","10/11/2015 1:16:44 AM",,,"c:\users\mac_1\desktop\winevt\logs\microsoft-windows-reliabilityanalysiscomponent%4operational.evtx","System.UInt32[]","System.Diagnostics.Eventing.Reader.EventBookmark","Information","Info",,"System.Collections.ObjectModel.ReadOnlyCollection`1[System.String]","System.Collections.Generic.List`1[System.Diagnostics.Eventing.Reader.EventProperty]"
"Reliability Analysis calculated system stability of 8.386 for the one-day period starting at ?2015?-?10?-?10T00:00:00.000000000Z.","2005","0",,"4","0","0","-9223372036854771712","677","Microsoft-Windows-Reliability-Analysis-Engine","4ba32972-6fc5-488a-8368-5da620d05127","Microsoft-Windows-ReliabilityAnalysisComponent/Operational","3876","3980","rjaf-PC4429","S-1-5-19","10/11/2015 1:16:43 AM",,,"c:\users\mac_1\desktop\winevt\logs\microsoft-windows-reliabilityanalysiscomponent%4operational.evtx","System.UInt32[]","System.Diagnostics.Eventing.Reader.EventBookmark","Information","Info",,"System.Collections.ObjectModel.ReadOnlyCollection`1[System.String]","System.Collections.Generic.List`1[System.Diagnostics.Eventing.Reader.EventProperty]"
"Reliability Analysis calculated system stability of 8.386 for the one-day period starting at ?2015?-?10?-?09T00:00:00.000000000Z.","2005","0",,"4","0","0","-9223372036854771712","676","Microsoft-Windows-Reliability-Analysis-Engine","4ba32972-6fc5-488a-8368-5da620d05127","Microsoft-Windows-ReliabilityAnalysisComponent/Operational","3876","3980","rjaf-PC4429","S-1-5-19","10/11/2015 1:16:43 AM",,,"c:\users\mac_1\desktop\winevt\logs\microsoft-windows-reliabilityanalysiscomponent%4operational.evtx","System.UInt32[]","System.Diagnostics.Eventing.Reader.EventBookmark","Information","Info",,"System.Collections.ObjectModel.ReadOnlyCollection`1[System.String]","System.Collections.Generic.List`1[System.Diagnostics.Eventing.Reader.EventProperty]"
"Reliability Analysis calculated system stability of 8.386 for the one-day period starting at ?2015?-?10?-?08T00:00:00.000000000Z.","2005","0",,"4","0","0","-9223372036854771712","675","Microsoft-Windows-Reliability-Analysis-Engine","4ba32972-6fc5-488a-8368-5da620d05127","Microsoft-Windows-ReliabilityAnalysisComponent/Operational","3876","3980","rjaf-PC4429","S-1-5-19","10/11/2015 1:16:42 AM",,,"c:\users\mac_1\desktop\winevt\logs\microsoft-windows-reliabilityanalysiscomponent%4operational.evtx","System.UInt32[]","System.Diagnostics.Eventing.Reader.EventBookmark","Information","Info",,"System.Collections.ObjectModel.ReadOnlyCollection`1[System.String]","System.Collections.Generic.List`1[System.Diagnostics.Eventing.Reader.EventProperty]"
"Reliability Analysis calculated system stability of 8.386 for the one-day period starting at ?2015?-?10?-?07T00:00:00.000000000Z.","2005","0",,"4","0","0","-9223372036854771712","674","Microsoft-Windows-Reliability-Analysis-Engine","4ba32972-6fc5-488a-8368-5da620d05127","Microsoft-Windows-ReliabilityAnalysisComponent/Operational","3876","3980","rjaf-PC4429","S-1-5-19","10/11/2015 1:16:41 AM",,,"c:\users\mac_1\desktop\winevt\logs\microsoft-windows-reliabilityanalysiscomponent%4operational.evtx","System.UInt32[]","System.Diagnostics.Eventing.Reader.EventBookmark","Information","Info",,"System.Collections.ObjectModel.ReadOnlyCollection`1[System.String]","System.Collections.Generic.List`1[System.Diagnostics.Eventing.Reader.EventProperty]"
"Reliability Analysis calculated system stability of 8.386 for the one-day period starting at ?2015?-?10?-?06T00:00:00.000000000Z.","2005","0",,"4","0","0","-9223372036854771712","673","Microsoft-Windows-Reliability-Analysis-Engine","4ba32972-6fc5-488a-8368-5da620d05127","Microsoft-Windows-ReliabilityAnalysisComponent/Operational","2604","3600","rjaf-PC4429","S-1-5-19","10/11/2015 12:24:29 AM",,,"c:\users\mac_1\desktop\winevt\logs\microsoft-windows-reliabilityanalysiscomponent%4operational.evtx","System.UInt32[]","System.Diagnostics.Eventing.Reader.EventBookmark","Information","Info",,"System.Collections.ObjectModel.ReadOnlyCollection`1[System.String]","System.Collections.Generic.List`1[System.Diagnostics.Eventing.Reader.EventProperty]"
"Reliability Analysis calculated system stability of 8.386 for the one-day period starting at ?2015?-?10?-?05T00:00:00.000000000Z.","2005","0",,"4","0","0","-9223372036854771712","672","Microsoft-Windows-Reliability-Analysis-Engine","4ba32972-6fc5-488a-8368-5da620d05127","Microsoft-Windows-ReliabilityAnalysisComponent/Operational","2604","3600","rjaf-PC4429","S-1-5-19","10/11/2015 12:24:29 AM",,,"c:\users\mac_1\desktop\winevt\logs\microsoft-windows-reliabilityanalysiscomponent%4operational.evtx","System.UInt32[]","System.Diagnostics.Eventing.Reader.EventBookmark","Information","Info",,"System.Collections.ObjectModel.ReadOnlyCollection`1[System.String]","System.Collections.Generic.List`1[System.Diagnostics.Eventing.Reader.EventProperty]"
"Reliability Analysis calculated system stability of 8.386 for the one-day period starting at ?2015?-?10?-?04T00:00:00.000000000Z.","2005","0",,"4","0","0","-9223372036854771712","671","Microsoft-Windows-Reliability-Analysis-Engine","4ba32972-6fc5-488a-8368-5da620d05127","Microsoft-Windows-ReliabilityAnalysisComponent/Operational","2604","3600","rjaf-PC4429","S-1-5-19","10/11/2015 12:24:28 AM",,,"c:\users\mac_1\desktop\winevt\logs\microsoft-windows-reliabilityanalysiscomponent%4operational.evtx","System.UInt32[]","System.Diagnostics.Eventing.Reader.EventBookmark","Information","Info",,"System.Collections.ObjectModel.ReadOnlyCollection`1[System.String]","System.Collections.Generic.List`1[System.Diagnostics.Eventing.Reader.EventProperty]"
"Reliability Analysis calculated system stability of 8.386 for the one-day period starting at ?2015?-?10?-?03T00:00:00.000000000Z.","2005","0",,"4","0","0","-9223372036854771712","670","Microsoft-Windows-Reliability-Analysis-Engine","4ba32972-6fc5-488a-8368-5da620d05127","Microsoft-Windows-ReliabilityAnalysisComponent/Operational","2604","3600","rjaf-PC4429","S-1-5-19","10/11/2015 12:24:27 AM",,,"c:\users\mac_1\desktop\winevt\logs\microsoft-windows-reliabilityanalysiscomponent%4operational.evtx","System.UInt32[]","System.Diagnostics.Eventing.Reader.EventBookmark","Information","Info",,"System.Collections.ObjectModel.ReadOnlyCollection`1[System.String]","System.Collections.Generic.List`1[System.Diagnostics.Eventing.Reader.EventProperty]"
"Reliability Analysis calculated system stability of 8.386 for the one-day period starting at ?2015?-?10?-?02T00:00:00.000000000Z.","2005","0",,"4","0","0","-9223372036854771712","669","Microsoft-Windows-Reliability-Analysis-Engine","4ba32972-6fc5-488a-8368-5da620d05127","Microsoft-Windows-ReliabilityAnalysisComponent/Operational","2604","3600","rjaf-PC4429","S-1-5-19","10/11/2015 12:24:27 AM",,,"c:\users\mac_1\desktop\winevt\logs\microsoft-windows-reliabilityanalysiscomponent%4operational.evtx","System.UInt32[]","System.Diagnostics.Eventing.Reader.EventBookmark","Information","Info",,"System.Collections.ObjectModel.ReadOnlyCollection`1[System.String]","System.Collections.Generic.List`1[System.Diagnostics.Eventing.Reader.EventProperty]"
"Reliability Analysis calculated system stability of 8.092 for the one-day period starting at ?2015?-?10?-?01T00:00:00.000000000Z.","2005","0",,"4","0","0","-9223372036854771712","668","Microsoft-Windows-Reliability-Analysis-Engine","4ba32972-6fc5-488a-8368-5da620d05127","Microsoft-Windows-ReliabilityAnalysisComponent/Operational","3984","2880","rjaf-PC4429","S-1-5-19","10/1/2015 4:10:19 AM",,,"c:\users\mac_1\desktop\winevt\logs\microsoft-windows-reliabilityanalysiscomponent%4operational.evtx","System.UInt32[]","System.Diagnostics.Eventing.Reader.EventBookmark","Information","Info",,"System.Collections.ObjectModel.ReadOnlyCollection`1[System.String]","System.Collections.Generic.List`1[System.Diagnostics.Eventing.Reader.EventProperty]"
"Reliability Analysis calculated system stability of 7.75 for the one-day period starting at ?2015?-?09?-?30T00:00:00.000000000Z.","2005","0",,"4","0","0","-9223372036854771712","667","Microsoft-Windows-Reliability-Analysis-Engine","4ba32972-6fc5-488a-8368-5da620d05127","Microsoft-Windows-ReliabilityAnalysisComponent/Operational","3856","3576","rjaf-PC4429","S-1-5-19","9/30/2015 3:01:44 AM",,,"c:\users\mac_1\desktop\winevt\logs\microsoft-windows-reliabilityanalysiscomponent%4operational.evtx","System.UInt32[]","System.Diagnostics.Eventing.Reader.EventBookmark","Information","Info",,"System.Collections.ObjectModel.ReadOnlyCollection`1[System.String]","System.Collections.Generic.List`1[System.Diagnostics.Eventing.Reader.EventProperty]"
"Reliability Analysis calculated system stability of 7.37 for the one-day period starting at ?2015?-?09?-?29T00:00:00.000000000Z.","2005","0",,"4","0","0","-9223372036854771712","666","Microsoft-Windows-Reliability-Analysis-Engine","4ba32972-6fc5-488a-8368-5da620d05127","Microsoft-Windows-ReliabilityAnalysisComponent/Operational","4092","3728","rjaf-PC4429","S-1-5-19","9/29/2015 12:07:53 AM",,,"c:\users\mac_1\desktop\winevt\logs\microsoft-windows-reliabilityanalysiscomponent%4operational.evtx","System.UInt32[]","System.Diagnostics.Eventing.Reader.EventBookmark","Information","Info",,"System.Collections.ObjectModel.ReadOnlyCollection`1[System.String]","System.Collections.Generic.List`1[System.Diagnostics.Eventing.Reader.EventProperty]"
"Reliability Analysis calculated system stability of 7.354 for the one-day period starting at ?2015?-?09?-?28T00:00:00.000000000Z.","2005","0",,"4","0","0","-9223372036854771712","665","Microsoft-Windows-Reliability-Analysis-Engine","4ba32972-6fc5-488a-8368-5da620d05127","Microsoft-Windows-ReliabilityAnalysisComponent/Operational","4092","3728","rjaf-PC4429","S-1-5-19","9/29/2015 12:07:52 AM",,,"c:\users\mac_1\desktop\winevt\logs\microsoft-windows-reliabilityanalysiscomponent%4operational.evtx","System.UInt32[]","System.Diagnostics.Eventing.Reader.EventBookmark","Information","Info",,"System.Collections.ObjectModel.ReadOnlyCollection`1[System.String]","System.Collections.Generic.List`1[System.Diagnostics.Eventing.Reader.EventProperty]"
"Reliability Analysis calculated system stability of 7.354 for the one-day period starting at ?2015?-?09?-?27T00:00:00.000000000Z.","2005","0",,"4","0","0","-9223372036854771712","664","Microsoft-Windows-Reliability-Analysis-Engine","4ba32972-6fc5-488a-8368-5da620d05127","Microsoft-Windows-ReliabilityAnalysisComponent/Operational","2372","2436","rjaf-PC4429","S-1-5-19","9/28/2015 11:33:41 PM",,,"c:\users\mac_1\desktop\winevt\logs\microsoft-windows-reliabilityanalysiscomponent%4operational.evtx","System.UInt32[]","System.Diagnostics.Eventing.Reader.EventBookmark","Information","Info",,"System.Collections.ObjectModel.ReadOnlyCollection`1[System.String]","System.Collections.Generic.List`1[System.Diagnostics.Eventing.Reader.EventProperty]"
"Reliability Analysis calculated system stability of 7.354 for the one-day period starting at ?2015?-?09?-?26T00:00:00.000000000Z.","2005","0",,"4","0","0","-9223372036854771712","663","Microsoft-Windows-Reliability-Analysis-Engine","4ba32972-6fc5-488a-8368-5da620d05127","Microsoft-Windows-ReliabilityAnalysisComponent/Operational","2372","2436","rjaf-PC4429","S-1-5-19","9/28/2015 11:33:40 PM",,,"c:\users\mac_1\desktop\winevt\logs\microsoft-windows-reliabilityanalysiscomponent%4operational.evtx","System.UInt32[]","System.Diagnostics.Eventing.Reader.EventBookmark","Information","Info",,"System.Collections.ObjectModel.ReadOnlyCollection`1[System.String]","System.Collections.Generic.List`1[System.Diagnostics.Eventing.Reader.EventProperty]"
"Reliability Analysis calculated system stability of 7.354 for the one-day period starting at ?2015?-?09?-?25T00:00:00.000000000Z.","2005","0",,"4","0","0","-9223372036854771712","662","Microsoft-Windows-Reliability-Analysis-Engine","4ba32972-6fc5-488a-8368-5da620d05127","Microsoft-Windows-ReliabilityAnalysisComponent/Operational","2372","2436","rjaf-PC4429","S-1-5-19","9/28/2015 11:33:39 PM",,,"c:\users\mac_1\desktop\winevt\logs\microsoft-windows-reliabilityanalysiscomponent%4operational.evtx","System.UInt32[]","System.Diagnostics.Eventing.Reader.EventBookmark","Information","Info",,"System.Collections.ObjectModel.ReadOnlyCollection`1[System.String]","System.Collections.Generic.List`1[System.Diagnostics.Eventing.Reader.EventProperty]"
"Reliability Analysis calculated system stability of 7.354 for the one-day period starting at ?2015?-?09?-?24T00:00:00.000000000Z.","2005","0",,"4","0","0","-9223372036854771712","661","Microsoft-Windows-Reliability-Analysis-Engine","4ba32972-6fc5-488a-8368-5da620d05127","Microsoft-Windows-ReliabilityAnalysisComponent/Operational","2372","2436","rjaf-PC4429","S-1-5-19","9/28/2015 11:33:38 PM",,,"c:\users\mac_1\desktop\winevt\logs\microsoft-windows-reliabilityanalysiscomponent%4operational.evtx","System.UInt32[]","System.Diagnostics.Eventing.Reader.EventBookmark","Information","Info",,"System.Collections.ObjectModel.ReadOnlyCollection`1[System.String]","System.Collections.Generic.List`1[System.Diagnostics.Eventing.Reader.EventProperty]"
"Reliability Analysis calculated system stability of 7.354 for the one-day period starting at ?2015?-?09?-?23T00:00:00.000000000Z.","2005","0",,"4","0","0","-9223372036854771712","660","Microsoft-Windows-Reliability-Analysis-Engine","4ba32972-6fc5-488a-8368-5da620d05127","Microsoft-Windows-ReliabilityAnalysisComponent/Operational","2372","2436","rjaf-PC4429","S-1-5-19","9/28/2015 11:33:36 PM",,,"c:\users\mac_1\desktop\winevt\logs\microsoft-windows-reliabilityanalysiscomponent%4operational.evtx","System.UInt32[]","System.Diagnostics.Eventing.Reader.EventBookmark","Information","Info",,"System.Collections.ObjectModel.ReadOnlyCollection`1[System.String]","System.Collections.Generic.List`1[System.Diagnostics.Eventing.Reader.EventProperty]"
"Reliability Analysis calculated system stability of 6.948 for the one-day period starting at ?2015?-?09?-?22T00:00:00.000000000Z.","2005","0",,"4","0","0","-9223372036854771712","659","Microsoft-Windows-Reliability-Analysis-Engine","4ba32972-6fc5-488a-8368-5da620d05127","Microsoft-Windows-ReliabilityAnalysisComponent/Operational","3544","2756","rjaf-PC4429","S-1-5-19","9/21/2015 11:32:14 PM",,,"c:\users\mac_1\desktop\winevt\logs\microsoft-windows-reliabilityanalysiscomponent%4operational.evtx","System.UInt32[]","System.Diagnostics.Eventing.Reader.EventBookmark","Information","Info",,"System.Collections.ObjectModel.ReadOnlyCollection`1[System.String]","System.Collections.Generic.List`1[System.Diagnostics.Eventing.Reader.EventProperty]"
"Reliability Analysis calculated system stability of 6.929 for the one-day period starting at ?2015?-?09?-?21T00:00:00.000000000Z.","2005","0",,"4","0","0","-9223372036854771712","658","Microsoft-Windows-Reliability-Analysis-Engine","4ba32972-6fc5-488a-8368-5da620d05127","Microsoft-Windows-ReliabilityAnalysisComponent/Operational","3544","2756","rjaf-PC4429","S-1-5-19","9/21/2015 11:32:12 PM",,,"c:\users\mac_1\desktop\winevt\logs\microsoft-windows-reliabilityanalysiscomponent%4operational.evtx","System.UInt32[]","System.Diagnostics.Eventing.Reader.EventBookmark","Information","Info",,"System.Collections.ObjectModel.ReadOnlyCollection`1[System.String]","System.Collections.Generic.List`1[System.Diagnostics.Eventing.Reader.EventProperty]"
"Reliability Analysis calculated system stability of 6.477 for the one-day period starting at ?2015?-?09?-?20T00:00:00.000000000Z.","2005","0",,"4","0","0","-9223372036854771712","657","Microsoft-Windows-Reliability-Analysis-Engine","4ba32972-6fc5-488a-8368-5da620d05127","Microsoft-Windows-ReliabilityAnalysisComponent/Operational","2124","3856","rjaf-PC4429","S-1-5-19","9/20/2015 12:08:36 AM",,,"c:\users\mac_1\desktop\winevt\logs\microsoft-windows-reliabilityanalysiscomponent%4operational.evtx","System.UInt32[]","System.Diagnostics.Eventing.Reader.EventBookmark","Information","Info",,"System.Collections.ObjectModel.ReadOnlyCollection`1[System.String]","System.Collections.Generic.List`1[System.Diagnostics.Eventing.Reader.EventProperty]"
"Reliability Analysis calculated system stability of 6.456 for the one-day period starting at ?2015?-?09?-?19T00:00:00.000000000Z.","2005","0",,"4","0","0","-9223372036854771712","656","Microsoft-Windows-Reliability-Analysis-Engine","4ba32972-6fc5-488a-8368-5da620d05127","Microsoft-Windows-ReliabilityAnalysisComponent/Operational","2124","3856","rjaf-PC4429","S-1-5-19","9/20/2015 12:08:35 AM",,,"c:\users\mac_1\desktop\winevt\logs\microsoft-windows-reliabilityanalysiscomponent%4operational.evtx","System.UInt32[]","System.Diagnostics.Eventing.Reader.EventBookmark","Information","Info",,"System.Collections.ObjectModel.ReadOnlyCollection`1[System.String]","System.Collections.Generic.List`1[System.Diagnostics.Eventing.Reader.EventProperty]"
"Reliability Analysis calculated system stability of 6.456 for the one-day period starting at ?2015?-?09?-?18T00:00:00.000000000Z.","2005","0",,"4","0","0","-9223372036854771712","655","Microsoft-Windows-Reliability-Analysis-Engine","4ba32972-6fc5-488a-8368-5da620d05127","Microsoft-Windows-ReliabilityAnalysisComponent/Operational","2124","3856","rjaf-PC4429","S-1-5-19","9/20/2015 12:08:34 AM",,,"c:\users\mac_1\desktop\winevt\logs\microsoft-windows-reliabilityanalysiscomponent%4operational.evtx","System.UInt32[]","System.Diagnostics.Eventing.Reader.EventBookmark","Information","Info",,"System.Collections.ObjectModel.ReadOnlyCollection`1[System.String]","System.Collections.Generic.List`1[System.Diagnostics.Eventing.Reader.EventProperty]"
"Reliability Analysis calculated system stability of 6.456 for the one-day period starting at ?2015?-?09?-?17T00:00:00.000000000Z.","2005","0",,"4","0","0","-9223372036854771712","654","Microsoft-Windows-Reliability-Analysis-Engine","4ba32972-6fc5-488a-8368-5da620d05127","Microsoft-Windows-ReliabilityAnalysisComponent/Operational","2124","3856","rjaf-PC4429","S-1-5-19","9/20/2015 12:08:32 AM",,,"c:\users\mac_1\desktop\winevt\logs\microsoft-windows-reliabilityanalysiscomponent%4operational.evtx","System.UInt32[]","System.Diagnostics.Eventing.Reader.EventBookmark","Information","Info",,"System.Collections.ObjectModel.ReadOnlyCollection`1[System.String]","System.Collections.Generic.List`1[System.Diagnostics.Eventing.Reader.EventProperty]"
"Reliability Analysis calculated system stability of 6.456 for the one-day period starting at ?2015?-?09?-?16T00:00:00.000000000Z.","2005","0",,"4","0","0","-9223372036854771712","653","Microsoft-Windows-Reliability-Analysis-Engine","4ba32972-6fc5-488a-8368-5da620d05127","Microsoft-Windows-ReliabilityAnalysisComponent/Operational","2124","3856","rjaf-PC4429","S-1-5-19","9/20/2015 12:08:31 AM",,,"c:\users\mac_1\desktop\winevt\logs\microsoft-windows-reliabilityanalysiscomponent%4operational.evtx","System.UInt32[]","System.Diagnostics.Eventing.Reader.EventBookmark","Information","Info",,"System.Collections.ObjectModel.ReadOnlyCollection`1[System.String]","System.Collections.Generic.List`1[System.Diagnostics.Eventing.Reader.EventProperty]"
"Reliability Analysis calculated system stability of 6.456 for the one-day period starting at ?2015?-?09?-?15T00:00:00.000000000Z.","2005","0",,"4","0","0","-9223372036854771712","652","Microsoft-Windows-Reliability-Analysis-Engine","4ba32972-6fc5-488a-8368-5da620d05127","Microsoft-Windows-ReliabilityAnalysisComponent/Operational","3988","3396","rjaf-PC4429","S-1-5-19","9/19/2015 11:04:45 PM",,,"c:\users\mac_1\desktop\winevt\logs\microsoft-windows-reliabilityanalysiscomponent%4operational.evtx","System.UInt32[]","System.Diagnostics.Eventing.Reader.EventBookmark","Information","Info",,"System.Collections.ObjectModel.ReadOnlyCollection`1[System.String]","System.Collections.Generic.List`1[System.Diagnostics.Eventing.Reader.EventProperty]"
"Reliability Analysis calculated system stability of 6.456 for the one-day period starting at ?2015?-?09?-?14T00:00:00.000000000Z.","2005","0",,"4","0","0","-9223372036854771712","651","Microsoft-Windows-Reliability-Analysis-Engine","4ba32972-6fc5-488a-8368-5da620d05127","Microsoft-Windows-ReliabilityAnalysisComponent/Operational","3988","3396","rjaf-PC4429","S-1-5-19","9/19/2015 11:04:44 PM",,,"c:\users\mac_1\desktop\winevt\logs\microsoft-windows-reliabilityanalysiscomponent%4operational.evtx","System.UInt32[]","System.Diagnostics.Eventing.Reader.EventBookmark","Information","Info",,"System.Collections.ObjectModel.ReadOnlyCollection`1[System.String]","System.Collections.Generic.List`1[System.Diagnostics.Eventing.Reader.EventProperty]"
"Reliability Analysis calculated system stability of 5.954 for the one-day period starting at ?2015?-?09?-?13T00:00:00.000000000Z.","2005","0",,"4","0","0","-9223372036854771712","650","Microsoft-Windows-Reliability-Analysis-Engine","4ba32972-6fc5-488a-8368-5da620d05127","Microsoft-Windows-ReliabilityAnalysisComponent/Operational","3988","3396","rjaf-PC4429","S-1-5-19","9/19/2015 11:04:42 PM",,,"c:\users\mac_1\desktop\winevt\logs\microsoft-windows-reliabilityanalysiscomponent%4operational.evtx","System.UInt32[]","System.Diagnostics.Eventing.Reader.EventBookmark","Information","Info",,"System.Collections.ObjectModel.ReadOnlyCollection`1[System.String]","System.Collections.Generic.List`1[System.Diagnostics.Eventing.Reader.EventProperty]"
"Reliability Analysis calculated system stability of 5.93 for the one-day period starting at ?2015?-?09?-?12T00:00:00.000000000Z.","2005","0",,"4","0","0","-9223372036854771712","649","Microsoft-Windows-Reliability-Analysis-Engine","4ba32972-6fc5-488a-8368-5da620d05127","Microsoft-Windows-ReliabilityAnalysisComponent/Operational","3988","3396","rjaf-PC4429","S-1-5-19","9/19/2015 11:04:41 PM",,,"c:\users\mac_1\desktop\winevt\logs\microsoft-windows-reliabilityanalysiscomponent%4operational.evtx","System.UInt32[]","System.Diagnostics.Eventing.Reader.EventBookmark","Information","Info",,"System.Collections.ObjectModel.ReadOnlyCollection`1[System.String]","System.Collections.Generic.List`1[System.Diagnostics.Eventing.Reader.EventProperty]"
"Reliability Analysis calculated system stability of 5.93 for the one-day period starting at ?2015?-?09?-?11T00:00:00.000000000Z.","2005","0",,"4","0","0","-9223372036854771712","648","Microsoft-Windows-Reliability-Analysis-Engine","4ba32972-6fc5-488a-8368-5da620d05127","Microsoft-Windows-ReliabilityAnalysisComponent/Operational","3988","3396","rjaf-PC4429","S-1-5-19","9/19/2015 11:04:40 PM",,,"c:\users\mac_1\desktop\winevt\logs\microsoft-windows-reliabilityanalysiscomponent%4operational.evtx","System.UInt32[]","System.Diagnostics.Eventing.Reader.EventBookmark","Information","Info",,"System.Collections.ObjectModel.ReadOnlyCollection`1[System.String]","System.Collections.Generic.List`1[System.Diagnostics.Eventing.Reader.EventProperty]"
"Reliability Analysis calculated system stability of 6.486 for the one-day period starting at ?2015?-?09?-?10T00:00:00.000000000Z.","2005","0",,"4","0","0","-9223372036854771712","647","Microsoft-Windows-Reliability-Analysis-Engine","4ba32972-6fc5-488a-8368-5da620d05127","Microsoft-Windows-ReliabilityAnalysisComponent/Operational","3208","3352","rjaf-PC4429","S-1-5-19","9/10/2015 3:29:29 AM",,,"c:\users\mac_1\desktop\winevt\logs\microsoft-windows-reliabilityanalysiscomponent%4operational.evtx","System.UInt32[]","System.Diagnostics.Eventing.Reader.EventBookmark","Information","Info",,"System.Collections.ObjectModel.ReadOnlyCollection`1[System.String]","System.Collections.Generic.List`1[System.Diagnostics.Eventing.Reader.EventProperty]"
"Reliability Analysis calculated system stability of 6.465 for the one-day period starting at ?2015?-?09?-?09T00:00:00.000000000Z.","2005","0",,"4","0","0","-9223372036854771712","646","Microsoft-Windows-Reliability-Analysis-Engine","4ba32972-6fc5-488a-8368-5da620d05127","Microsoft-Windows-ReliabilityAnalysisComponent/Operational","3208","3352","rjaf-PC4429","S-1-5-19","9/10/2015 3:29:28 AM",,,"c:\users\mac_1\desktop\winevt\logs\microsoft-windows-reliabilityanalysiscomponent%4operational.evtx","System.UInt32[]","System.Diagnostics.Eventing.Reader.EventBookmark","Information","Info",,"System.Collections.ObjectModel.ReadOnlyCollection`1[System.String]","System.Collections.Generic.List`1[System.Diagnostics.Eventing.Reader.EventProperty]"
"Reliability Analysis calculated system stability of 6.465 for the one-day period starting at ?2015?-?09?-?08T00:00:00.000000000Z.","2005","0",,"4","0","0","-9223372036854771712","645","Microsoft-Windows-Reliability-Analysis-Engine","4ba32972-6fc5-488a-8368-5da620d05127","Microsoft-Windows-ReliabilityAnalysisComponent/Operational","3208","3352","rjaf-PC4429","S-1-5-19","9/10/2015 3:29:26 AM",,,"c:\users\mac_1\desktop\winevt\logs\microsoft-windows-reliabilityanalysiscomponent%4operational.evtx","System.UInt32[]","System.Diagnostics.Eventing.Reader.EventBookmark","Information","Info",,"System.Collections.ObjectModel.ReadOnlyCollection`1[System.String]","System.Collections.Generic.List`1[System.Diagnostics.Eventing.Reader.EventProperty]"
"Reliability Analysis calculated system stability of 5.964 for the one-day period starting at ?2015?-?09?-?07T00:00:00.000000000Z.","2005","0",,"4","0","0","-9223372036854771712","644","Microsoft-Windows-Reliability-Analysis-Engine","4ba32972-6fc5-488a-8368-5da620d05127","Microsoft-Windows-ReliabilityAnalysisComponent/Operational","2652","6368","rjaf-PC4429","S-1-5-19","9/6/2015 6:07:17 PM",,,"c:\users\mac_1\desktop\winevt\logs\microsoft-windows-reliabilityanalysiscomponent%4operational.evtx","System.UInt32[]","System.Diagnostics.Eventing.Reader.EventBookmark","Information","Info",,"System.Collections.ObjectModel.ReadOnlyCollection`1[System.String]","System.Collections.Generic.List`1[System.Diagnostics.Eventing.Reader.EventProperty]"
"Reliability Analysis calculated system stability of 6.439 for the one-day period starting at ?2015?-?09?-?06T00:00:00.000000000Z.","2005","0",,"4","0","0","-9223372036854771712","643","Microsoft-Windows-Reliability-Analysis-Engine","4ba32972-6fc5-488a-8368-5da620d05127","Microsoft-Windows-ReliabilityAnalysisComponent/Operational","7428","5004","rjaf-PC4429","S-1-5-19","9/6/2015 3:33:15 AM",,,"c:\users\mac_1\desktop\winevt\logs\microsoft-windows-reliabilityanalysiscomponent%4operational.evtx","System.UInt32[]","System.Diagnostics.Eventing.Reader.EventBookmark","Information","Info",,"System.Collections.ObjectModel.ReadOnlyCollection`1[System.String]","System.Collections.Generic.List`1[System.Diagnostics.Eventing.Reader.EventProperty]"
"Reliability Analysis calculated system stability of 5.91 for the one-day period starting at ?2015?-?09?-?05T00:00:00.000000000Z.","2005","0",,"4","0","0","-9223372036854771712","642","Microsoft-Windows-Reliability-Analysis-Engine","4ba32972-6fc5-488a-8368-5da620d05127","Microsoft-Windows-ReliabilityAnalysisComponent/Operational","8004","8052","rjaf-PC4429","S-1-5-19","9/5/2015 5:00:23 PM",,,"c:\users\mac_1\desktop\winevt\logs\microsoft-windows-reliabilityanalysiscomponent%4operational.evtx","System.UInt32[]","System.Diagnostics.Eventing.Reader.EventBookmark","Information","Info",,"System.Collections.ObjectModel.ReadOnlyCollection`1[System.String]","System.Collections.Generic.List`1[System.Diagnostics.Eventing.Reader.EventProperty]"
"Reliability Analysis calculated system stability of 5.323 for the one-day period starting at ?2015?-?09?-?04T00:00:00.000000000Z.","2005","0",,"4","0","0","-9223372036854771712","641","Microsoft-Windows-Reliability-Analysis-Engine","4ba32972-6fc5-488a-8368-5da620d05127","Microsoft-Windows-ReliabilityAnalysisComponent/Operational","8004","8052","rjaf-PC4429","S-1-5-19","9/5/2015 5:00:21 PM",,,"c:\users\mac_1\desktop\winevt\logs\microsoft-windows-reliabilityanalysiscomponent%4operational.evtx","System.UInt32[]","System.Diagnostics.Eventing.Reader.EventBookmark","Information","Info",,"System.Collections.ObjectModel.ReadOnlyCollection`1[System.String]","System.Collections.Generic.List`1[System.Diagnostics.Eventing.Reader.EventProperty]"
"Reliability Analysis calculated system stability of 5.711 for the one-day period starting at ?2015?-?09?-?03T00:00:00.000000000Z.","2005","0",,"4","0","0","-9223372036854771712","640","Microsoft-Windows-Reliability-Analysis-Engine","4ba32972-6fc5-488a-8368-5da620d05127","Microsoft-Windows-ReliabilityAnalysisComponent/Operational","1428","4332","rjaf-PC4429","S-1-5-19","9/3/2015 3:11:42 AM",,,"c:\users\mac_1\desktop\winevt\logs\microsoft-windows-reliabilityanalysiscomponent%4operational.evtx","System.UInt32[]","System.Diagnostics.Eventing.Reader.EventBookmark","Information","Info",,"System.Collections.ObjectModel.ReadOnlyCollection`1[System.String]","System.Collections.Generic.List`1[System.Diagnostics.Eventing.Reader.EventProperty]"
"Reliability Analysis calculated system stability of 5.687 for the one-day period starting at ?2015?-?09?-?02T00:00:00.000000000Z.","2005","0",,"4","0","0","-9223372036854771712","639","Microsoft-Windows-Reliability-Analysis-Engine","4ba32972-6fc5-488a-8368-5da620d05127","Microsoft-Windows-ReliabilityAnalysisComponent/Operational","1428","4332","rjaf-PC4429","S-1-5-19","9/3/2015 3:11:41 AM",,,"c:\users\mac_1\desktop\winevt\logs\microsoft-windows-reliabilityanalysiscomponent%4operational.evtx","System.UInt32[]","System.Diagnostics.Eventing.Reader.EventBookmark","Information","Info",,"System.Collections.ObjectModel.ReadOnlyCollection`1[System.String]","System.Collections.Generic.List`1[System.Diagnostics.Eventing.Reader.EventProperty]"
"Reliability Analysis calculated system stability of 5.687 for the one-day period starting at ?2015?-?09?-?01T00:00:00.000000000Z.","2005","0",,"4","0","0","-9223372036854771712","638","Microsoft-Windows-Reliability-Analysis-Engine","4ba32972-6fc5-488a-8368-5da620d05127","Microsoft-Windows-ReliabilityAnalysisComponent/Operational","1428","4332","rjaf-PC4429","S-1-5-19","9/3/2015 3:11:39 AM",,,"c:\users\mac_1\desktop\winevt\logs\microsoft-windows-reliabilityanalysiscomponent%4operational.evtx","System.UInt32[]","System.Diagnostics.Eventing.Reader.EventBookmark","Information","Info",,"System.Collections.ObjectModel.ReadOnlyCollection`1[System.String]","System.Collections.Generic.List`1[System.Diagnostics.Eventing.Reader.EventProperty]"
"Reliability Analysis calculated system stability of 5.687 for the one-day period starting at ?2015?-?08?-?31T00:00:00.000000000Z.","2005","0",,"4","0","0","-9223372036854771712","637","Microsoft-Windows-Reliability-Analysis-Engine","4ba32972-6fc5-488a-8368-5da620d05127","Microsoft-Windows-ReliabilityAnalysisComponent/Operational","5552","5824","rjaf-PC4429","S-1-5-19","9/3/2015 2:31:20 AM",,,"c:\users\mac_1\desktop\winevt\logs\microsoft-windows-reliabilityanalysiscomponent%4operational.evtx","System.UInt32[]","System.Diagnostics.Eventing.Reader.EventBookmark","Information","Info",,"System.Collections.ObjectModel.ReadOnlyCollection`1[System.String]","System.Collections.Generic.List`1[System.Diagnostics.Eventing.Reader.EventProperty]"
"Reliability Analysis calculated system stability of 5.687 for the one-day period starting at ?2015?-?08?-?30T00:00:00.000000000Z.","2005","0",,"4","0","0","-9223372036854771712","636","Microsoft-Windows-Reliability-Analysis-Engine","4ba32972-6fc5-488a-8368-5da620d05127","Microsoft-Windows-ReliabilityAnalysisComponent/Operational","5552","5824","rjaf-PC4429","S-1-5-19","9/3/2015 2:31:19 AM",,,"c:\users\mac_1\desktop\winevt\logs\microsoft-windows-reliabilityanalysiscomponent%4operational.evtx","System.UInt32[]","System.Diagnostics.Eventing.Reader.EventBookmark","Information","Info",,"System.Collections.ObjectModel.ReadOnlyCollection`1[System.String]","System.Collections.Generic.List`1[System.Diagnostics.Eventing.Reader.EventProperty]"
"Reliability Analysis calculated system stability of 5.687 for the one-day period starting at ?2015?-?08?-?29T00:00:00.000000000Z.","2005","0",,"4","0","0","-9223372036854771712","635","Microsoft-Windows-Reliability-Analysis-Engine","4ba32972-6fc5-488a-8368-5da620d05127","Microsoft-Windows-ReliabilityAnalysisComponent/Operational","5552","5824","rjaf-PC4429","S-1-5-19","9/3/2015 2:31:18 AM",,,"c:\users\mac_1\desktop\winevt\logs\microsoft-windows-reliabilityanalysiscomponent%4operational.evtx","System.UInt32[]","System.Diagnostics.Eventing.Reader.EventBookmark","Information","Info",,"System.Collections.ObjectModel.ReadOnlyCollection`1[System.String]","System.Collections.Generic.List`1[System.Diagnostics.Eventing.Reader.EventProperty]"
"Reliability Analysis calculated system stability of 5.687 for the one-day period starting at ?2015?-?08?-?28T00:00:00.000000000Z.","2005","0",,"4","0","0","-9223372036854771712","634","Microsoft-Windows-Reliability-Analysis-Engine","4ba32972-6fc5-488a-8368-5da620d05127","Microsoft-Windows-ReliabilityAnalysisComponent/Operational","5552","5824","rjaf-PC4429","S-1-5-19","9/3/2015 2:31:16 AM",,,"c:\users\mac_1\desktop\winevt\logs\microsoft-windows-reliabilityanalysiscomponent%4operational.evtx","System.UInt32[]","System.Diagnostics.Eventing.Reader.EventBookmark","Information","Info",,"System.Collections.ObjectModel.ReadOnlyCollection`1[System.String]","System.Collections.Generic.List`1[System.Diagnostics.Eventing.Reader.EventProperty]"
"Reliability Analysis calculated system stability of 6.079 for the one-day period starting at ?2015?-?08?-?27T00:00:00.000000000Z.","2005","0",,"4","0","0","-9223372036854771712","633","Microsoft-Windows-Reliability-Analysis-Engine","4ba32972-6fc5-488a-8368-5da620d05127","Microsoft-Windows-ReliabilityAnalysisComponent/Operational","5552","5824","rjaf-PC4429","S-1-5-19","9/3/2015 2:31:15 AM",,,"c:\users\mac_1\desktop\winevt\logs\microsoft-windows-reliabilityanalysiscomponent%4operational.evtx","System.UInt32[]","System.Diagnostics.Eventing.Reader.EventBookmark","Information","Info",,"System.Collections.ObjectModel.ReadOnlyCollection`1[System.String]","System.Collections.Generic.List`1[System.Diagnostics.Eventing.Reader.EventProperty]"
"Reliability Analysis calculated system stability of 6.574 for the one-day period starting at ?2015?-?08?-?26T00:00:00.000000000Z.","2005","0",,"4","0","0","-9223372036854771712","632","Microsoft-Windows-Reliability-Analysis-Engine","4ba32972-6fc5-488a-8368-5da620d05127","Microsoft-Windows-ReliabilityAnalysisComponent/Operational","6112","4748","rjaf-PC4429","S-1-5-19","8/25/2015 11:52:32 PM",,,"c:\users\mac_1\desktop\winevt\logs\microsoft-windows-reliabilityanalysiscomponent%4operational.evtx","System.UInt32[]","System.Diagnostics.Eventing.Reader.EventBookmark","Information","Info",,"System.Collections.ObjectModel.ReadOnlyCollection`1[System.String]","System.Collections.Generic.List`1[System.Diagnostics.Eventing.Reader.EventProperty]"
"Reliability Analysis calculated system stability of 6.061 for the one-day period starting at ?2015?-?08?-?25T00:00:00.000000000Z.","2005","0",,"4","0","0","-9223372036854771712","631","Microsoft-Windows-Reliability-Analysis-Engine","4ba32972-6fc5-488a-8368-5da620d05127","Microsoft-Windows-ReliabilityAnalysisComponent/Operational","4212","6096","rjaf-PC4429","S-1-5-19","8/25/2015 12:45:53 AM",,,"c:\users\mac_1\desktop\winevt\logs\microsoft-windows-reliabilityanalysiscomponent%4operational.evtx","System.UInt32[]","System.Diagnostics.Eventing.Reader.EventBookmark","Information","Info",,"System.Collections.ObjectModel.ReadOnlyCollection`1[System.String]","System.Collections.Generic.List`1[System.Diagnostics.Eventing.Reader.EventProperty]"
"Reliability Analysis calculated system stability of 6.58 for the one-day period starting at ?2015?-?08?-?24T00:00:00.000000000Z.","2005","0",,"4","0","0","-9223372036854771712","630","Microsoft-Windows-Reliability-Analysis-Engine","4ba32972-6fc5-488a-8368-5da620d05127","Microsoft-Windows-ReliabilityAnalysisComponent/Operational","2240","580","rjaf-PC4429","S-1-5-19","8/24/2015 5:09:01 AM",,,"c:\users\mac_1\desktop\winevt\logs\microsoft-windows-reliabilityanalysiscomponent%4operational.evtx","System.UInt32[]","System.Diagnostics.Eventing.Reader.EventBookmark","Information","Info",,"System.Collections.ObjectModel.ReadOnlyCollection`1[System.String]","System.Collections.Generic.List`1[System.Diagnostics.Eventing.Reader.EventProperty]"
"Reliability Analysis calculated system stability of 6.56 for the one-day period starting at ?2015?-?08?-?23T00:00:00.000000000Z.","2005","0",,"4","0","0","-9223372036854771712","629","Microsoft-Windows-Reliability-Analysis-Engine","4ba32972-6fc5-488a-8368-5da620d05127","Microsoft-Windows-ReliabilityAnalysisComponent/Operational","2240","580","rjaf-PC4429","S-1-5-19","8/24/2015 5:09:00 AM",,,"c:\users\mac_1\desktop\winevt\logs\microsoft-windows-reliabilityanalysiscomponent%4operational.evtx","System.UInt32[]","System.Diagnostics.Eventing.Reader.EventBookmark","Information","Info",,"System.Collections.ObjectModel.ReadOnlyCollection`1[System.String]","System.Collections.Generic.List`1[System.Diagnostics.Eventing.Reader.EventProperty]"
"Reliability Analysis calculated system stability of 6.56 for the one-day period starting at ?2015?-?08?-?22T00:00:00.000000000Z.","2005","0",,"4","0","0","-9223372036854771712","628","Microsoft-Windows-Reliability-Analysis-Engine","4ba32972-6fc5-488a-8368-5da620d05127","Microsoft-Windows-ReliabilityAnalysisComponent/Operational","2240","580","rjaf-PC4429","S-1-5-19","8/24/2015 5:08:59 AM",,,"c:\users\mac_1\desktop\winevt\logs\microsoft-windows-reliabilityanalysiscomponent%4operational.evtx","System.UInt32[]","System.Diagnostics.Eventing.Reader.EventBookmark","Information","Info",,"System.Collections.ObjectModel.ReadOnlyCollection`1[System.String]","System.Collections.Generic.List`1[System.Diagnostics.Eventing.Reader.EventProperty]"
"Reliability Analysis calculated system stability of 6.56 for the one-day period starting at ?2015?-?08?-?21T00:00:00.000000000Z.","2005","0",,"4","0","0","-9223372036854771712","627","Microsoft-Windows-Reliability-Analysis-Engine","4ba32972-6fc5-488a-8368-5da620d05127","Microsoft-Windows-ReliabilityAnalysisComponent/Operational","3688","3784","rjaf-PC4429","S-1-5-19","8/24/2015 4:41:09 AM",,,"c:\users\mac_1\desktop\winevt\logs\microsoft-windows-reliabilityanalysiscomponent%4operational.evtx","System.UInt32[]","System.Diagnostics.Eventing.Reader.EventBookmark","Information","Info",,"System.Collections.ObjectModel.ReadOnlyCollection`1[System.String]","System.Collections.Generic.List`1[System.Diagnostics.Eventing.Reader.EventProperty]"
"Reliability Analysis calculated system stability of 6.56 for the one-day period starting at ?2015?-?08?-?20T00:00:00.000000000Z.","2005","0",,"4","0","0","-9223372036854771712","626","Microsoft-Windows-Reliability-Analysis-Engine","4ba32972-6fc5-488a-8368-5da620d05127","Microsoft-Windows-ReliabilityAnalysisComponent/Operational","3688","3784","rjaf-PC4429","S-1-5-19","8/24/2015 4:41:08 AM",,,"c:\users\mac_1\desktop\winevt\logs\microsoft-windows-reliabilityanalysiscomponent%4operational.evtx","System.UInt32[]","System.Diagnostics.Eventing.Reader.EventBookmark","Information","Info",,"System.Collections.ObjectModel.ReadOnlyCollection`1[System.String]","System.Collections.Generic.List`1[System.Diagnostics.Eventing.Reader.EventProperty]"
"Reliability Analysis calculated system stability of 6.56 for the one-day period starting at ?2015?-?08?-?19T00:00:00.000000000Z.","2005","0",,"4","0","0","-9223372036854771712","625","Microsoft-Windows-Reliability-Analysis-Engine","4ba32972-6fc5-488a-8368-5da620d05127","Microsoft-Windows-ReliabilityAnalysisComponent/Operational","3688","3784","rjaf-PC4429","S-1-5-19","8/24/2015 4:41:06 AM",,,"c:\users\mac_1\desktop\winevt\logs\microsoft-windows-reliabilityanalysiscomponent%4operational.evtx","System.UInt32[]","System.Diagnostics.Eventing.Reader.EventBookmark","Information","Info",,"System.Collections.ObjectModel.ReadOnlyCollection`1[System.String]","System.Collections.Generic.List`1[System.Diagnostics.Eventing.Reader.EventProperty]"
"Reliability Analysis calculated system stability of 6.56 for the one-day period starting at ?2015?-?08?-?18T00:00:00.000000000Z.","2005","0",,"4","0","0","-9223372036854771712","624","Microsoft-Windows-Reliability-Analysis-Engine","4ba32972-6fc5-488a-8368-5da620d05127","Microsoft-Windows-ReliabilityAnalysisComponent/Operational","3688","3784","rjaf-PC4429","S-1-5-19","8/24/2015 4:41:05 AM",,,"c:\users\mac_1\desktop\winevt\logs\microsoft-windows-reliabilityanalysiscomponent%4operational.evtx","System.UInt32[]","System.Diagnostics.Eventing.Reader.EventBookmark","Information","Info",,"System.Collections.ObjectModel.ReadOnlyCollection`1[System.String]","System.Collections.Generic.List`1[System.Diagnostics.Eventing.Reader.EventProperty]"
"Reliability Analysis calculated system stability of 6.068 for the one-day period starting at ?2015?-?08?-?17T00:00:00.000000000Z.","2005","0",,"4","0","0","-9223372036854771712","623","Microsoft-Windows-Reliability-Analysis-Engine","4ba32972-6fc5-488a-8368-5da620d05127","Microsoft-Windows-ReliabilityAnalysisComponent/Operational","3688","3784","rjaf-PC4429","S-1-5-19","8/24/2015 4:41:03 AM",,,"c:\users\mac_1\desktop\winevt\logs\microsoft-windows-reliabilityanalysiscomponent%4operational.evtx","System.UInt32[]","System.Diagnostics.Eventing.Reader.EventBookmark","Information","Info",,"System.Collections.ObjectModel.ReadOnlyCollection`1[System.String]","System.Collections.Generic.List`1[System.Diagnostics.Eventing.Reader.EventProperty]"
"Reliability Analysis calculated system stability of 5.498 for the one-day period starting at ?2015?-?08?-?16T00:00:00.000000000Z.","2005","0",,"4","0","0","-9223372036854771712","622","Microsoft-Windows-Reliability-Analysis-Engine","4ba32972-6fc5-488a-8368-5da620d05127","Microsoft-Windows-ReliabilityAnalysisComponent/Operational","4028","2020","rjaf-PC4429","S-1-5-19","8/15/2015 11:04:36 PM",,,"c:\users\mac_1\desktop\winevt\logs\microsoft-windows-reliabilityanalysiscomponent%4operational.evtx","System.UInt32[]","System.Diagnostics.Eventing.Reader.EventBookmark","Information","Info",,"System.Collections.ObjectModel.ReadOnlyCollection`1[System.String]","System.Collections.Generic.List`1[System.Diagnostics.Eventing.Reader.EventProperty]"
"Reliability Analysis calculated system stability of 5.473 for the one-day period starting at ?2015?-?08?-?15T00:00:00.000000000Z.","2005","0",,"4","0","0","-9223372036854771712","621","Microsoft-Windows-Reliability-Analysis-Engine","4ba32972-6fc5-488a-8368-5da620d05127","Microsoft-Windows-ReliabilityAnalysisComponent/Operational","4028","2020","rjaf-PC4429","S-1-5-19","8/15/2015 11:04:35 PM",,,"c:\users\mac_1\desktop\winevt\logs\microsoft-windows-reliabilityanalysiscomponent%4operational.evtx","System.UInt32[]","System.Diagnostics.Eventing.Reader.EventBookmark","Information","Info",,"System.Collections.ObjectModel.ReadOnlyCollection`1[System.String]","System.Collections.Generic.List`1[System.Diagnostics.Eventing.Reader.EventProperty]"
"Reliability Analysis calculated system stability of 5.473 for the one-day period starting at ?2015?-?08?-?14T00:00:00.000000000Z.","2005","0",,"4","0","0","-9223372036854771712","620","Microsoft-Windows-Reliability-Analysis-Engine","4ba32972-6fc5-488a-8368-5da620d05127","Microsoft-Windows-ReliabilityAnalysisComponent/Operational","4028","2020","rjaf-PC4429","S-1-5-19","8/15/2015 11:04:33 PM",,,"c:\users\mac_1\desktop\winevt\logs\microsoft-windows-reliabilityanalysiscomponent%4operational.evtx","System.UInt32[]","System.Diagnostics.Eventing.Reader.EventBookmark","Information","Info",,"System.Collections.ObjectModel.ReadOnlyCollection`1[System.String]","System.Collections.Generic.List`1[System.Diagnostics.Eventing.Reader.EventProperty]"
