"The BITS service created a new job: WU Client Download, with owner NT AUTHORITY\SYSTEM","3","0",,"4","0","0","4611686018427387904","10704","Microsoft-Windows-Bits-Client","ef1cc15b-46c1-414e-bb95-e76b077bd51e","Microsoft-Windows-Bits-Client/Operational","1288","2464","rjaf-PC4429","S-1-5-18","8/16/2015 9:04:40 AM",,,"c:\users\mac_1\desktop\winevt\logs\microsoft-windows-bits-client%4operational.evtx","System.UInt32[]","System.Diagnostics.Eventing.Reader.EventBookmark","Information","Info",,"System.Collections.ObjectModel.ReadOnlyCollection`1[System.String]","System.Collections.Generic.List`1[System.Diagnostics.Eventing.Reader.EventProperty]"
"The transfer job is complete.
User: RJAF-PC4429\Administrator
Transfer job: extension_4_28_1.crx
Job ID: {9AC1E2C5-CDC6-46F8-9BA3-B627333372C6}
Owner: RJAF-PC4429\Administrator
File count: 1","4","1",,"4","0","0","4611686018427387904","10703","Microsoft-Windows-Bits-Client","ef1cc15b-46c1-414e-bb95-e76b077bd51e","Microsoft-Windows-Bits-Client/Operational","1288","5036","rjaf-PC4429","S-1-5-18","8/16/2015 7:05:16 AM",,,"c:\users\mac_1\desktop\winevt\logs\microsoft-windows-bits-client%4operational.evtx","System.UInt32[]","System.Diagnostics.Eventing.Reader.EventBookmark","Information","Info",,"System.Collections.ObjectModel.ReadOnlyCollection`1[System.String]","System.Collections.Generic.List`1[System.Diagnostics.Eventing.Reader.EventProperty]"
"BITS stopped transferring the extension_4_28_1.crx transfer job that is associated with the http://redirector.gvt1.com/crx/blobs/QgAAAC6zw0qH2DJtnXe8Z7rUJP31Byh3LK9X_sNV6RkIQJCrCV5pLi6B6EoDh17QrpRM_hmnGe53u8nLPINIeIKiaNFiIaVTRYsqeGmiHLU9YlCNAMZSmuW9gaQXuFXTKN_O7ZVf_csgF-49aQ/extension_4_28_1.crx URL. The status code is 0x0.","60","1",,"4","0","2","4611686018427387904","10702","Microsoft-Windows-Bits-Client","ef1cc15b-46c1-414e-bb95-e76b077bd51e","Microsoft-Windows-Bits-Client/Operational","1288","3296","rjaf-PC4429","S-1-5-18","8/16/2015 7:05:15 AM","e0e3f529-6a40-40ec-8f02-822dc010dc06",,"c:\users\mac_1\desktop\winevt\logs\microsoft-windows-bits-client%4operational.evtx","System.UInt32[]","System.Diagnostics.Eventing.Reader.EventBookmark","Information","Stop",,"System.Collections.ObjectModel.ReadOnlyCollection`1[System.String]","System.Collections.Generic.List`1[System.Diagnostics.Eventing.Reader.EventProperty]"
"BITS started the extension_4_28_1.crx transfer job that is associated with the http://redirector.gvt1.com/crx/blobs/QgAAAC6zw0qH2DJtnXe8Z7rUJP31Byh3LK9X_sNV6RkIQJCrCV5pLi6B6EoDh17QrpRM_hmnGe53u8nLPINIeIKiaNFiIaVTRYsqeGmiHLU9YlCNAMZSmuW9gaQXuFXTKN_O7ZVf_csgF-49aQ/extension_4_28_1.crx URL.","59","1",,"4","0","1","4611686018427387904","10701","Microsoft-Windows-Bits-Client","ef1cc15b-46c1-414e-bb95-e76b077bd51e","Microsoft-Windows-Bits-Client/Operational","1288","4104","rjaf-PC4429","S-1-5-18","8/16/2015 7:05:01 AM","e0e3f529-6a40-40ec-8f02-822dc010dc06",,"c:\users\mac_1\desktop\winevt\logs\microsoft-windows-bits-client%4operational.evtx","System.UInt32[]","System.Diagnostics.Eventing.Reader.EventBookmark","Information","Start",,"System.Collections.ObjectModel.ReadOnlyCollection`1[System.String]","System.Collections.Generic.List`1[System.Diagnostics.Eventing.Reader.EventProperty]"
"The BITS service created a new job: Chrome Component Updater, with owner RJAF-PC4429\Administrator","3","0",,"4","0","0","4611686018427387904","10700","Microsoft-Windows-Bits-Client","ef1cc15b-46c1-414e-bb95-e76b077bd51e","Microsoft-Windows-Bits-Client/Operational","1288","4976","rjaf-PC4429","S-1-5-18","8/16/2015 7:05:00 AM",,,"c:\users\mac_1\desktop\winevt\logs\microsoft-windows-bits-client%4operational.evtx","System.UInt32[]","System.Diagnostics.Eventing.Reader.EventBookmark","Information","Info",,"System.Collections.ObjectModel.ReadOnlyCollection`1[System.String]","System.Collections.Generic.List`1[System.Diagnostics.Eventing.Reader.EventProperty]"
"The transfer job is complete.
User: RJAF-PC4429\Administrator
Transfer job: extension_6.crx
Job ID: {91EACAFE-11EB-4C32-AF5A-1C50DE1D0473}
Owner: RJAF-PC4429\Administrator
File count: 1","4","1",,"4","0","0","4611686018427387904","10699","Microsoft-Windows-Bits-Client","ef1cc15b-46c1-414e-bb95-e76b077bd51e","Microsoft-Windows-Bits-Client/Operational","1288","2792","rjaf-PC4429","S-1-5-18","8/16/2015 6:50:00 AM",,,"c:\users\mac_1\desktop\winevt\logs\microsoft-windows-bits-client%4operational.evtx","System.UInt32[]","System.Diagnostics.Eventing.Reader.EventBookmark","Information","Info",,"System.Collections.ObjectModel.ReadOnlyCollection`1[System.String]","System.Collections.Generic.List`1[System.Diagnostics.Eventing.Reader.EventProperty]"
"BITS stopped transferring the extension_6.crx transfer job that is associated with the https://clients2.googleusercontent.com/crx/blobs/QgAAAC6zw0qH2DJtnXe8Z7rUJP3gszY0B2FmNnbJa7CCi6Nx1HJCcIhGUhU4ejYyq6S5fBBIVJ1Amlh8I4ihdy5PD2khylH-MKyRnb_wjad-BSsrAMZSmuU4E8LUNSehqcmAXZkGETVkjdbMag/extension_6.crx URL. The status code is 0x0.","60","1",,"4","0","2","4611686018427387904","10698","Microsoft-Windows-Bits-Client","ef1cc15b-46c1-414e-bb95-e76b077bd51e","Microsoft-Windows-Bits-Client/Operational","1288","4976","rjaf-PC4429","S-1-5-18","8/16/2015 6:50:00 AM","57beeb0b-3027-4eba-a5a5-85c4ac4c2685",,"c:\users\mac_1\desktop\winevt\logs\microsoft-windows-bits-client%4operational.evtx","System.UInt32[]","System.Diagnostics.Eventing.Reader.EventBookmark","Information","Stop",,"System.Collections.ObjectModel.ReadOnlyCollection`1[System.String]","System.Collections.Generic.List`1[System.Diagnostics.Eventing.Reader.EventProperty]"
"BITS started the extension_6.crx transfer job that is associated with the https://clients2.googleusercontent.com/crx/blobs/QgAAAC6zw0qH2DJtnXe8Z7rUJP3gszY0B2FmNnbJa7CCi6Nx1HJCcIhGUhU4ejYyq6S5fBBIVJ1Amlh8I4ihdy5PD2khylH-MKyRnb_wjad-BSsrAMZSmuU4E8LUNSehqcmAXZkGETVkjdbMag/extension_6.crx URL.","59","1",,"4","0","1","4611686018427387904","10697","Microsoft-Windows-Bits-Client","ef1cc15b-46c1-414e-bb95-e76b077bd51e","Microsoft-Windows-Bits-Client/Operational","1288","3100","rjaf-PC4429","S-1-5-18","8/16/2015 6:49:45 AM","57beeb0b-3027-4eba-a5a5-85c4ac4c2685",,"c:\users\mac_1\desktop\winevt\logs\microsoft-windows-bits-client%4operational.evtx","System.UInt32[]","System.Diagnostics.Eventing.Reader.EventBookmark","Information","Start",,"System.Collections.ObjectModel.ReadOnlyCollection`1[System.String]","System.Collections.Generic.List`1[System.Diagnostics.Eventing.Reader.EventProperty]"
"The BITS service created a new job: Chrome Component Updater, with owner RJAF-PC4429\Administrator","3","0",,"4","0","0","4611686018427387904","10696","Microsoft-Windows-Bits-Client","ef1cc15b-46c1-414e-bb95-e76b077bd51e","Microsoft-Windows-Bits-Client/Operational","1288","3296","rjaf-PC4429","S-1-5-18","8/16/2015 6:49:44 AM",,,"c:\users\mac_1\desktop\winevt\logs\microsoft-windows-bits-client%4operational.evtx","System.UInt32[]","System.Diagnostics.Eventing.Reader.EventBookmark","Information","Info",,"System.Collections.ObjectModel.ReadOnlyCollection`1[System.String]","System.Collections.Generic.List`1[System.Diagnostics.Eventing.Reader.EventProperty]"
"The transfer job is complete.
User: RJAF-PC4429\Administrator
Transfer job: extension_1_4_8_823.crx
Job ID: {E64FA3E0-3AA6-4745-A712-16FD14C67A6D}
Owner: RJAF-PC4429\Administrator
File count: 1","4","1",,"4","0","0","4611686018427387904","10695","Microsoft-Windows-Bits-Client","ef1cc15b-46c1-414e-bb95-e76b077bd51e","Microsoft-Windows-Bits-Client/Operational","1288","2904","rjaf-PC4429","S-1-5-18","8/16/2015 6:34:44 AM",,,"c:\users\mac_1\desktop\winevt\logs\microsoft-windows-bits-client%4operational.evtx","System.UInt32[]","System.Diagnostics.Eventing.Reader.EventBookmark","Information","Info",,"System.Collections.ObjectModel.ReadOnlyCollection`1[System.String]","System.Collections.Generic.List`1[System.Diagnostics.Eventing.Reader.EventProperty]"
"BITS stopped transferring the extension_1_4_8_823.crx transfer job that is associated with the http://redirector.gvt1.com/crx/blobs/QwAAAHF3InbmK-wFIemaY3I3BCM53p-ovbrqudhPqp7UAdUV7vgoVZIYGOVwv4Rzj_9w0CmDaV1sMveOe6wfTeoBea_9Razluohr5mUAA1C2uQfcAMZSmuWxNefVojC4R26GfzNNzGKB3EPTMQ/extension_1_4_8_823.crx URL. The status code is 0x0.","60","1",,"4","0","2","4611686018427387904","10694","Microsoft-Windows-Bits-Client","ef1cc15b-46c1-414e-bb95-e76b077bd51e","Microsoft-Windows-Bits-Client/Operational","1288","2904","rjaf-PC4429","S-1-5-18","8/16/2015 6:34:44 AM","22be3f1b-21dd-4fa4-abb5-049ca7a670e4",,"c:\users\mac_1\desktop\winevt\logs\microsoft-windows-bits-client%4operational.evtx","System.UInt32[]","System.Diagnostics.Eventing.Reader.EventBookmark","Information","Stop",,"System.Collections.ObjectModel.ReadOnlyCollection`1[System.String]","System.Collections.Generic.List`1[System.Diagnostics.Eventing.Reader.EventProperty]"
"BITS started the extension_1_4_8_823.crx transfer job that is associated with the http://redirector.gvt1.com/crx/blobs/QwAAAHF3InbmK-wFIemaY3I3BCM53p-ovbrqudhPqp7UAdUV7vgoVZIYGOVwv4Rzj_9w0CmDaV1sMveOe6wfTeoBea_9Razluohr5mUAA1C2uQfcAMZSmuWxNefVojC4R26GfzNNzGKB3EPTMQ/extension_1_4_8_823.crx URL.","59","1",,"4","0","1","4611686018427387904","10693","Microsoft-Windows-Bits-Client","ef1cc15b-46c1-414e-bb95-e76b077bd51e","Microsoft-Windows-Bits-Client/Operational","1288","3540","rjaf-PC4429","S-1-5-18","8/16/2015 6:34:08 AM","22be3f1b-21dd-4fa4-abb5-049ca7a670e4",,"c:\users\mac_1\desktop\winevt\logs\microsoft-windows-bits-client%4operational.evtx","System.UInt32[]","System.Diagnostics.Eventing.Reader.EventBookmark","Information","Start",,"System.Collections.ObjectModel.ReadOnlyCollection`1[System.String]","System.Collections.Generic.List`1[System.Diagnostics.Eventing.Reader.EventProperty]"
"The BITS service created a new job: Chrome Component Updater, with owner RJAF-PC4429\Administrator","3","0",,"4","0","0","4611686018427387904","10692","Microsoft-Windows-Bits-Client","ef1cc15b-46c1-414e-bb95-e76b077bd51e","Microsoft-Windows-Bits-Client/Operational","1288","2904","rjaf-PC4429","S-1-5-18","8/16/2015 6:34:08 AM",,,"c:\users\mac_1\desktop\winevt\logs\microsoft-windows-bits-client%4operational.evtx","System.UInt32[]","System.Diagnostics.Eventing.Reader.EventBookmark","Information","Info",,"System.Collections.ObjectModel.ReadOnlyCollection`1[System.String]","System.Collections.Generic.List`1[System.Diagnostics.Eventing.Reader.EventProperty]"
"The transfer job is complete.
User: RJAF-PC4429\Administrator
Transfer job: C:\Users\ADMINI~1\AppData\Local\Temp\{A1598E6F-B371-45D9-A7E3-F69AADA36D33}-44.0.2403.155_43.0.2357.130_chrome_updater.exe
Job ID: {A48954B0-D4B9-4584-A7DB-B67A39B42505}
Owner: RJAF-PC4429\Administrator
File count: 1","4","1",,"4","0","0","4611686018427387904","10691","Microsoft-Windows-Bits-Client","ef1cc15b-46c1-414e-bb95-e76b077bd51e","Microsoft-Windows-Bits-Client/Operational","1288","2904","rjaf-PC4429","S-1-5-18","8/16/2015 6:20:37 AM",,,"c:\users\mac_1\desktop\winevt\logs\microsoft-windows-bits-client%4operational.evtx","System.UInt32[]","System.Diagnostics.Eventing.Reader.EventBookmark","Information","Info",,"System.Collections.ObjectModel.ReadOnlyCollection`1[System.String]","System.Collections.Generic.List`1[System.Diagnostics.Eventing.Reader.EventProperty]"
"BITS stopped transferring the C:\Users\ADMINI~1\AppData\Local\Temp\{A1598E6F-B371-45D9-A7E3-F69AADA36D33}-44.0.2403.155_43.0.2357.130_chrome_updater.exe transfer job that is associated with the http://r1---sn-wvgq5ouxaxjvh-5hhl.gvt1.com/edgedl/chrome/win/44.0.2403.155_43.0.2357.130_chrome_updater.exe?cms_redirect=yes&expire=1439745557&ip=217.23.34.110&ipbits=0&mm=28&mn=sn-wvgq5ouxaxjvh-5hhl&ms=nvh&mt=1439730916&mv=u&pl=24&shardbypass=yes&sparams=expire,ip,ipbits,mm,mn,ms,mv,pl,shardbypass&signature=47C895BF0949882229F225D324FC38B2A6F4B154.834FF7E0293146EA1F51C6747CB6B8604924CDD7&key=cms1 URL. The status code is 0x0.","60","1",,"4","0","2","4611686018427387904","10690","Microsoft-Windows-Bits-Client","ef1cc15b-46c1-414e-bb95-e76b077bd51e","Microsoft-Windows-Bits-Client/Operational","1288","4768","rjaf-PC4429","S-1-5-18","8/16/2015 6:20:37 AM","eee21968-9d47-462e-b3c1-28b4642cee8b",,"c:\users\mac_1\desktop\winevt\logs\microsoft-windows-bits-client%4operational.evtx","System.UInt32[]","System.Diagnostics.Eventing.Reader.EventBookmark","Information","Stop",,"System.Collections.ObjectModel.ReadOnlyCollection`1[System.String]","System.Collections.Generic.List`1[System.Diagnostics.Eventing.Reader.EventProperty]"
"BITS started the C:\Users\ADMINI~1\AppData\Local\Temp\{A1598E6F-B371-45D9-A7E3-F69AADA36D33}-44.0.2403.155_43.0.2357.130_chrome_updater.exe transfer job that is associated with the http://r1---sn-wvgq5ouxaxjvh-5hhl.gvt1.com/edgedl/chrome/win/44.0.2403.155_43.0.2357.130_chrome_updater.exe?cms_redirect=yes&expire=1439745557&ip=217.23.34.110&ipbits=0&mm=28&mn=sn-wvgq5ouxaxjvh-5hhl&ms=nvh&mt=1439730916&mv=u&pl=24&shardbypass=yes&sparams=expire,ip,ipbits,mm,mn,ms,mv,pl,shardbypass&signature=47C895BF0949882229F225D324FC38B2A6F4B154.834FF7E0293146EA1F51C6747CB6B8604924CDD7&key=cms1 URL.","59","1",,"4","0","1","4611686018427387904","10689","Microsoft-Windows-Bits-Client","ef1cc15b-46c1-414e-bb95-e76b077bd51e","Microsoft-Windows-Bits-Client/Operational","1288","5676","rjaf-PC4429","S-1-5-18","8/16/2015 6:19:17 AM","eee21968-9d47-462e-b3c1-28b4642cee8b",,"c:\users\mac_1\desktop\winevt\logs\microsoft-windows-bits-client%4operational.evtx","System.UInt32[]","System.Diagnostics.Eventing.Reader.EventBookmark","Information","Start",,"System.Collections.ObjectModel.ReadOnlyCollection`1[System.String]","System.Collections.Generic.List`1[System.Diagnostics.Eventing.Reader.EventProperty]"
"The BITS service created a new job: C:\Users\ADMINI~1\AppData\Local\Temp\{A1598E6F-B371-45D9-A7E3-F69AADA36D33}-44.0.2403.155_43.0.2357.130_chrome_updater.exe, with owner RJAF-PC4429\Administrator","3","0",,"4","0","0","4611686018427387904","10688","Microsoft-Windows-Bits-Client","ef1cc15b-46c1-414e-bb95-e76b077bd51e","Microsoft-Windows-Bits-Client/Operational","1288","3080","rjaf-PC4429","S-1-5-18","8/16/2015 6:19:14 AM",,,"c:\users\mac_1\desktop\winevt\logs\microsoft-windows-bits-client%4operational.evtx","System.UInt32[]","System.Diagnostics.Eventing.Reader.EventBookmark","Information","Info",,"System.Collections.ObjectModel.ReadOnlyCollection`1[System.String]","System.Collections.Generic.List`1[System.Diagnostics.Eventing.Reader.EventProperty]"
"The transfer job is complete.
User: RJAF-PC4429\Administrator
Transfer job: extension_0_43_32_5834.crx
Job ID: {42FFA65D-2C51-4EAD-B3CF-0EC3547B01BE}
Owner: RJAF-PC4429\Administrator
File count: 1","4","1",,"4","0","0","4611686018427387904","10687","Microsoft-Windows-Bits-Client","ef1cc15b-46c1-414e-bb95-e76b077bd51e","Microsoft-Windows-Bits-Client/Operational","1288","2524","rjaf-PC4429","S-1-5-18","8/16/2015 6:15:01 AM",,,"c:\users\mac_1\desktop\winevt\logs\microsoft-windows-bits-client%4operational.evtx","System.UInt32[]","System.Diagnostics.Eventing.Reader.EventBookmark","Information","Info",,"System.Collections.ObjectModel.ReadOnlyCollection`1[System.String]","System.Collections.Generic.List`1[System.Diagnostics.Eventing.Reader.EventProperty]"
"BITS stopped transferring the extension_0_43_32_5834.crx transfer job that is associated with the http://redirector.gvt1.com/crx/blobs/QwAAAHF3InbmK-wFIemaY3I3BCNcYCJ9QP_b2oIE9v2o30ZBHhl6cwcRr36INb1G5QF1dOT4tOKJTifmQ2s5wZp0VSPsXtFMEmt1Q9CAh7HzR5BgAMZSmuVnlSj17Cf1FtCOaZH9z4MmC0Asng/extension_0_43_32_5834.crx URL. The status code is 0x0.","60","1",,"4","0","2","4611686018427387904","10686","Microsoft-Windows-Bits-Client","ef1cc15b-46c1-414e-bb95-e76b077bd51e","Microsoft-Windows-Bits-Client/Operational","1288","3080","rjaf-PC4429","S-1-5-18","8/16/2015 6:15:01 AM","25e5f4bd-0cb6-4a43-a028-e2659ce47eab",,"c:\users\mac_1\desktop\winevt\logs\microsoft-windows-bits-client%4operational.evtx","System.UInt32[]","System.Diagnostics.Eventing.Reader.EventBookmark","Information","Stop",,"System.Collections.ObjectModel.ReadOnlyCollection`1[System.String]","System.Collections.Generic.List`1[System.Diagnostics.Eventing.Reader.EventProperty]"
"BITS started the extension_0_43_32_5834.crx transfer job that is associated with the http://redirector.gvt1.com/crx/blobs/QwAAAHF3InbmK-wFIemaY3I3BCNcYCJ9QP_b2oIE9v2o30ZBHhl6cwcRr36INb1G5QF1dOT4tOKJTifmQ2s5wZp0VSPsXtFMEmt1Q9CAh7HzR5BgAMZSmuVnlSj17Cf1FtCOaZH9z4MmC0Asng/extension_0_43_32_5834.crx URL.","59","1",,"4","0","1","4611686018427387904","10685","Microsoft-Windows-Bits-Client","ef1cc15b-46c1-414e-bb95-e76b077bd51e","Microsoft-Windows-Bits-Client/Operational","1288","5352","rjaf-PC4429","S-1-5-18","8/16/2015 6:14:17 AM","25e5f4bd-0cb6-4a43-a028-e2659ce47eab",,"c:\users\mac_1\desktop\winevt\logs\microsoft-windows-bits-client%4operational.evtx","System.UInt32[]","System.Diagnostics.Eventing.Reader.EventBookmark","Information","Start",,"System.Collections.ObjectModel.ReadOnlyCollection`1[System.String]","System.Collections.Generic.List`1[System.Diagnostics.Eventing.Reader.EventProperty]"
"The BITS service created a new job: Chrome Component Updater, with owner RJAF-PC4429\Administrator","3","0",,"4","0","0","4611686018427387904","10684","Microsoft-Windows-Bits-Client","ef1cc15b-46c1-414e-bb95-e76b077bd51e","Microsoft-Windows-Bits-Client/Operational","1288","3080","rjaf-PC4429","S-1-5-18","8/16/2015 6:14:17 AM",,,"c:\users\mac_1\desktop\winevt\logs\microsoft-windows-bits-client%4operational.evtx","System.UInt32[]","System.Diagnostics.Eventing.Reader.EventBookmark","Information","Info",,"System.Collections.ObjectModel.ReadOnlyCollection`1[System.String]","System.Collections.Generic.List`1[System.Diagnostics.Eventing.Reader.EventProperty]"
"The transfer job is complete.
User: RJAF-PC4429\Administrator
Transfer job: C:\Users\ADMINI~1\AppData\Local\Temp\{3288BCB5-14E6-42EB-8BEC-687A3B82FA43}-GoogleUpdateSetup.exe
Job ID: {54E76354-26E3-42BD-8E3E-2E2EE188159B}
Owner: RJAF-PC4429\Administrator
File count: 1","4","1",,"4","0","0","4611686018427387904","10683","Microsoft-Windows-Bits-Client","ef1cc15b-46c1-414e-bb95-e76b077bd51e","Microsoft-Windows-Bits-Client/Operational","1288","3080","rjaf-PC4429","S-1-5-18","8/16/2015 6:14:02 AM",,,"c:\users\mac_1\desktop\winevt\logs\microsoft-windows-bits-client%4operational.evtx","System.UInt32[]","System.Diagnostics.Eventing.Reader.EventBookmark","Information","Info",,"System.Collections.ObjectModel.ReadOnlyCollection`1[System.String]","System.Collections.Generic.List`1[System.Diagnostics.Eventing.Reader.EventProperty]"
"BITS stopped transferring the C:\Users\ADMINI~1\AppData\Local\Temp\{3288BCB5-14E6-42EB-8BEC-687A3B82FA43}-GoogleUpdateSetup.exe transfer job that is associated with the http://r4---sn-wvgq5ouxaxjvh-5hhl.c.pack.google.com/edgedl/update2/1.3.28.1/GoogleUpdateSetup.exe?cms_redirect=yes&expire=1439745224&ip=217.23.34.110&ipbits=0&mm=28&mn=sn-wvgq5ouxaxjvh-5hhl&ms=nvh&mt=1439730517&mv=u&pl=24&shardbypass=yes&sparams=expire,ip,ipbits,mm,mn,ms,mv,pl,shardbypass&signature=5ACE7B68D880E987D3416C8BDC37D0A671D080A5.020B8E511730ECBECB161726023E0465BF59AB23&key=cms1 URL. The status code is 0x0.","60","1",,"4","0","2","4611686018427387904","10682","Microsoft-Windows-Bits-Client","ef1cc15b-46c1-414e-bb95-e76b077bd51e","Microsoft-Windows-Bits-Client/Operational","1288","5288","rjaf-PC4429","S-1-5-18","8/16/2015 6:14:02 AM","390ae683-e656-4386-9878-c87d87524b4a",,"c:\users\mac_1\desktop\winevt\logs\microsoft-windows-bits-client%4operational.evtx","System.UInt32[]","System.Diagnostics.Eventing.Reader.EventBookmark","Information","Stop",,"System.Collections.ObjectModel.ReadOnlyCollection`1[System.String]","System.Collections.Generic.List`1[System.Diagnostics.Eventing.Reader.EventProperty]"
"BITS started the C:\Users\ADMINI~1\AppData\Local\Temp\{3288BCB5-14E6-42EB-8BEC-687A3B82FA43}-GoogleUpdateSetup.exe transfer job that is associated with the http://r4---sn-wvgq5ouxaxjvh-5hhl.c.pack.google.com/edgedl/update2/1.3.28.1/GoogleUpdateSetup.exe?cms_redirect=yes&expire=1439745224&ip=217.23.34.110&ipbits=0&mm=28&mn=sn-wvgq5ouxaxjvh-5hhl&ms=nvh&mt=1439730517&mv=u&pl=24&shardbypass=yes&sparams=expire,ip,ipbits,mm,mn,ms,mv,pl,shardbypass&signature=5ACE7B68D880E987D3416C8BDC37D0A671D080A5.020B8E511730ECBECB161726023E0465BF59AB23&key=cms1 URL.","59","1",,"4","0","1","4611686018427387904","10681","Microsoft-Windows-Bits-Client","ef1cc15b-46c1-414e-bb95-e76b077bd51e","Microsoft-Windows-Bits-Client/Operational","1288","5352","rjaf-PC4429","S-1-5-18","8/16/2015 6:13:44 AM","390ae683-e656-4386-9878-c87d87524b4a",,"c:\users\mac_1\desktop\winevt\logs\microsoft-windows-bits-client%4operational.evtx","System.UInt32[]","System.Diagnostics.Eventing.Reader.EventBookmark","Information","Start",,"System.Collections.ObjectModel.ReadOnlyCollection`1[System.String]","System.Collections.Generic.List`1[System.Diagnostics.Eventing.Reader.EventProperty]"
"The BITS service created a new job: C:\Users\ADMINI~1\AppData\Local\Temp\{3288BCB5-14E6-42EB-8BEC-687A3B82FA43}-GoogleUpdateSetup.exe, with owner RJAF-PC4429\Administrator","3","0",,"4","0","0","4611686018427387904","10680","Microsoft-Windows-Bits-Client","ef1cc15b-46c1-414e-bb95-e76b077bd51e","Microsoft-Windows-Bits-Client/Operational","1288","3080","rjaf-PC4429","S-1-5-18","8/16/2015 6:13:41 AM",,,"c:\users\mac_1\desktop\winevt\logs\microsoft-windows-bits-client%4operational.evtx","System.UInt32[]","System.Diagnostics.Eventing.Reader.EventBookmark","Information","Info",,"System.Collections.ObjectModel.ReadOnlyCollection`1[System.String]","System.Collections.Generic.List`1[System.Diagnostics.Eventing.Reader.EventProperty]"
"The transfer job is complete.
User: NT AUTHORITY\SYSTEM
Transfer job: WU Client Download
Job ID: {64315830-BD56-4326-9D26-5CAF5C65206C}
Owner: NT AUTHORITY\SYSTEM
File count: 1","4","1",,"4","0","0","4611686018427387904","10679","Microsoft-Windows-Bits-Client","ef1cc15b-46c1-414e-bb95-e76b077bd51e","Microsoft-Windows-Bits-Client/Operational","1288","4352","rjaf-PC4429","S-1-5-18","8/16/2015 6:04:37 AM",,,"c:\users\mac_1\desktop\winevt\logs\microsoft-windows-bits-client%4operational.evtx","System.UInt32[]","System.Diagnostics.Eventing.Reader.EventBookmark","Information","Info",,"System.Collections.ObjectModel.ReadOnlyCollection`1[System.String]","System.Collections.Generic.List`1[System.Diagnostics.Eventing.Reader.EventProperty]"
"BITS stopped transferring the WU Client Download transfer job that is associated with the http://au.download.windowsupdate.com/msdownload/update/software/svpk/2011/02/mpsyschk_a785763607cd368a0742ce9f0bc8284abda96b39.exe URL. The status code is 0x0.","60","1",,"4","0","2","4611686018427387904","10678","Microsoft-Windows-Bits-Client","ef1cc15b-46c1-414e-bb95-e76b077bd51e","Microsoft-Windows-Bits-Client/Operational","1288","5524","rjaf-PC4429","S-1-5-18","8/16/2015 6:04:37 AM","4f604db7-a08c-4c5c-8158-1ec34a03a484",,"c:\users\mac_1\desktop\winevt\logs\microsoft-windows-bits-client%4operational.evtx","System.UInt32[]","System.Diagnostics.Eventing.Reader.EventBookmark","Information","Stop",,"System.Collections.ObjectModel.ReadOnlyCollection`1[System.String]","System.Collections.Generic.List`1[System.Diagnostics.Eventing.Reader.EventProperty]"
"Job cancelled. User: NT AUTHORITY\SYSTEM, job: WU Client Download, jobID: {AEFC28AC-2D21-4430-A398-97272A2BDFBC}, owner: NT AUTHORITY\SYSTEM, filecount: 0","5","0",,"4","0","0","4611686018427387904","10677","Microsoft-Windows-Bits-Client","ef1cc15b-46c1-414e-bb95-e76b077bd51e","Microsoft-Windows-Bits-Client/Operational","1288","5592","rjaf-PC4429","S-1-5-18","8/16/2015 6:04:32 AM",,,"c:\users\mac_1\desktop\winevt\logs\microsoft-windows-bits-client%4operational.evtx","System.UInt32[]","System.Diagnostics.Eventing.Reader.EventBookmark","Information","Info",,"System.Collections.ObjectModel.ReadOnlyCollection`1[System.String]","System.Collections.Generic.List`1[System.Diagnostics.Eventing.Reader.EventProperty]"
"The BITS service created a new job: WU Client Download, with owner NT AUTHORITY\SYSTEM","3","0",,"4","0","0","4611686018427387904","10676","Microsoft-Windows-Bits-Client","ef1cc15b-46c1-414e-bb95-e76b077bd51e","Microsoft-Windows-Bits-Client/Operational","1288","5592","rjaf-PC4429","S-1-5-18","8/16/2015 6:04:32 AM",,,"c:\users\mac_1\desktop\winevt\logs\microsoft-windows-bits-client%4operational.evtx","System.UInt32[]","System.Diagnostics.Eventing.Reader.EventBookmark","Information","Info",,"System.Collections.ObjectModel.ReadOnlyCollection`1[System.String]","System.Collections.Generic.List`1[System.Diagnostics.Eventing.Reader.EventProperty]"
"BITS started the WU Client Download transfer job that is associated with the http://au.download.windowsupdate.com/msdownload/update/software/svpk/2011/02/mpsyschk_a785763607cd368a0742ce9f0bc8284abda96b39.exe URL.","59","1",,"4","0","1","4611686018427387904","10675","Microsoft-Windows-Bits-Client","ef1cc15b-46c1-414e-bb95-e76b077bd51e","Microsoft-Windows-Bits-Client/Operational","1288","4368","rjaf-PC4429","S-1-5-18","8/16/2015 6:04:32 AM","4f604db7-a08c-4c5c-8158-1ec34a03a484",,"c:\users\mac_1\desktop\winevt\logs\microsoft-windows-bits-client%4operational.evtx","System.UInt32[]","System.Diagnostics.Eventing.Reader.EventBookmark","Information","Start",,"System.Collections.ObjectModel.ReadOnlyCollection`1[System.String]","System.Collections.Generic.List`1[System.Diagnostics.Eventing.Reader.EventProperty]"
"The BITS service created a new job: WU Client Download, with owner NT AUTHORITY\SYSTEM","3","0",,"4","0","0","4611686018427387904","10674","Microsoft-Windows-Bits-Client","ef1cc15b-46c1-414e-bb95-e76b077bd51e","Microsoft-Windows-Bits-Client/Operational","1288","5592","rjaf-PC4429","S-1-5-18","8/16/2015 6:04:31 AM",,,"c:\users\mac_1\desktop\winevt\logs\microsoft-windows-bits-client%4operational.evtx","System.UInt32[]","System.Diagnostics.Eventing.Reader.EventBookmark","Information","Info",,"System.Collections.ObjectModel.ReadOnlyCollection`1[System.String]","System.Collections.Generic.List`1[System.Diagnostics.Eventing.Reader.EventProperty]"
"The transfer job is complete.
User: RJAF-PC4429\Administrator
Transfer job: install.crx
Job ID: {523C9172-E4B9-4C3A-9CB3-A9222B6CC2AB}
Owner: RJAF-PC4429\Administrator
File count: 1","4","1",,"4","0","0","4611686018427387904","10673","Microsoft-Windows-Bits-Client","ef1cc15b-46c1-414e-bb95-e76b077bd51e","Microsoft-Windows-Bits-Client/Operational","1288","3964","rjaf-PC4429","S-1-5-18","8/16/2015 5:59:16 AM",,,"c:\users\mac_1\desktop\winevt\logs\microsoft-windows-bits-client%4operational.evtx","System.UInt32[]","System.Diagnostics.Eventing.Reader.EventBookmark","Information","Info",,"System.Collections.ObjectModel.ReadOnlyCollection`1[System.String]","System.Collections.Generic.List`1[System.Diagnostics.Eventing.Reader.EventProperty]"
"BITS stopped transferring the install.crx transfer job that is associated with the http://cache.pack.google.com/edgedl/chrome/components/flash/ppapi/win/18.0.0.209/install.crx URL. The status code is 0x0.","60","1",,"4","0","2","4611686018427387904","10672","Microsoft-Windows-Bits-Client","ef1cc15b-46c1-414e-bb95-e76b077bd51e","Microsoft-Windows-Bits-Client/Operational","1288","3964","rjaf-PC4429","S-1-5-18","8/16/2015 5:59:14 AM","8dbe3239-7491-484a-9fbc-034891ba4406",,"c:\users\mac_1\desktop\winevt\logs\microsoft-windows-bits-client%4operational.evtx","System.UInt32[]","System.Diagnostics.Eventing.Reader.EventBookmark","Information","Stop",,"System.Collections.ObjectModel.ReadOnlyCollection`1[System.String]","System.Collections.Generic.List`1[System.Diagnostics.Eventing.Reader.EventProperty]"
"BITS started the install.crx transfer job that is associated with the http://cache.pack.google.com/edgedl/chrome/components/flash/ppapi/win/18.0.0.209/install.crx URL.","59","1",,"4","0","1","4611686018427387904","10671","Microsoft-Windows-Bits-Client","ef1cc15b-46c1-414e-bb95-e76b077bd51e","Microsoft-Windows-Bits-Client/Operational","1288","5332","rjaf-PC4429","S-1-5-18","8/16/2015 5:58:11 AM","8dbe3239-7491-484a-9fbc-034891ba4406",,"c:\users\mac_1\desktop\winevt\logs\microsoft-windows-bits-client%4operational.evtx","System.UInt32[]","System.Diagnostics.Eventing.Reader.EventBookmark","Information","Start",,"System.Collections.ObjectModel.ReadOnlyCollection`1[System.String]","System.Collections.Generic.List`1[System.Diagnostics.Eventing.Reader.EventProperty]"
"The BITS service created a new job: Chrome Component Updater, with owner RJAF-PC4429\Administrator","3","0",,"4","0","0","4611686018427387904","10670","Microsoft-Windows-Bits-Client","ef1cc15b-46c1-414e-bb95-e76b077bd51e","Microsoft-Windows-Bits-Client/Operational","1288","3964","rjaf-PC4429","S-1-5-18","8/16/2015 5:58:00 AM",,,"c:\users\mac_1\desktop\winevt\logs\microsoft-windows-bits-client%4operational.evtx","System.UInt32[]","System.Diagnostics.Eventing.Reader.EventBookmark","Information","Info",,"System.Collections.ObjectModel.ReadOnlyCollection`1[System.String]","System.Collections.Generic.List`1[System.Diagnostics.Eventing.Reader.EventProperty]"
"The BITS service loaded the job list from disk.","306","0",,"5","0","0","4611686018427387904","10669","Microsoft-Windows-Bits-Client","ef1cc15b-46c1-414e-bb95-e76b077bd51e","Microsoft-Windows-Bits-Client/Operational","1288","5196","rjaf-PC4429","S-1-5-18","8/16/2015 5:58:00 AM",,,"c:\users\mac_1\desktop\winevt\logs\microsoft-windows-bits-client%4operational.evtx","System.UInt32[]","System.Diagnostics.Eventing.Reader.EventBookmark","Verbose","Info",,"System.Collections.ObjectModel.ReadOnlyCollection`1[System.String]","System.Collections.Generic.List`1[System.Diagnostics.Eventing.Reader.EventProperty]"
"Job cancelled. User: RJAF-PC4429\rjaf, job: {AC76BA86-7AD7-1033-7B44-A95000000001}, jobID: {64A16AA2-7962-4047-A921-F1A887F924A7}, owner: RJAF-PC4429\rjaf, filecount: 1","5","0",,"4","0","0","4611686018427387904","10668","Microsoft-Windows-Bits-Client","ef1cc15b-46c1-414e-bb95-e76b077bd51e","Microsoft-Windows-Bits-Client/Operational","1248","952","rjaf-PC4429","S-1-5-21-1634558665-2257203147-3060767804-1000","8/15/2015 11:15:17 PM",,,"c:\users\mac_1\desktop\winevt\logs\microsoft-windows-bits-client%4operational.evtx","System.UInt32[]","System.Diagnostics.Eventing.Reader.EventBookmark","Information","Info",,"System.Collections.ObjectModel.ReadOnlyCollection`1[System.String]","System.Collections.Generic.List`1[System.Diagnostics.Eventing.Reader.EventProperty]"
"The BITS service created a new job: {AC76BA86-7AD7-1033-7B44-A95000000001}, with owner RJAF-PC4429\rjaf","3","0",,"4","0","0","4611686018427387904","10667","Microsoft-Windows-Bits-Client","ef1cc15b-46c1-414e-bb95-e76b077bd51e","Microsoft-Windows-Bits-Client/Operational","1248","952","rjaf-PC4429","S-1-5-18","8/15/2015 11:15:14 PM",,,"c:\users\mac_1\desktop\winevt\logs\microsoft-windows-bits-client%4operational.evtx","System.UInt32[]","System.Diagnostics.Eventing.Reader.EventBookmark","Information","Info",,"System.Collections.ObjectModel.ReadOnlyCollection`1[System.String]","System.Collections.Generic.List`1[System.Diagnostics.Eventing.Reader.EventProperty]"
"Job cancelled. User: NT AUTHORITY\SYSTEM, job: C:\Windows\TEMP\GUR3477.exe, jobID: {2459574D-B1F8-472B-B17B-5DF79881EDC9}, owner: NT AUTHORITY\SYSTEM, filecount: 1","5","0",,"4","0","0","4611686018427387904","10666","Microsoft-Windows-Bits-Client","ef1cc15b-46c1-414e-bb95-e76b077bd51e","Microsoft-Windows-Bits-Client/Operational","1248","1568","rjaf-PC4429","S-1-5-18","8/15/2015 11:00:44 PM",,,"c:\users\mac_1\desktop\winevt\logs\microsoft-windows-bits-client%4operational.evtx","System.UInt32[]","System.Diagnostics.Eventing.Reader.EventBookmark","Information","Info",,"System.Collections.ObjectModel.ReadOnlyCollection`1[System.String]","System.Collections.Generic.List`1[System.Diagnostics.Eventing.Reader.EventProperty]"
"The BITS service created a new job: C:\Windows\TEMP\GUR3477.exe, with owner NT AUTHORITY\SYSTEM","3","0",,"4","0","0","4611686018427387904","10665","Microsoft-Windows-Bits-Client","ef1cc15b-46c1-414e-bb95-e76b077bd51e","Microsoft-Windows-Bits-Client/Operational","1248","1568","rjaf-PC4429","S-1-5-18","8/15/2015 11:00:43 PM",,,"c:\users\mac_1\desktop\winevt\logs\microsoft-windows-bits-client%4operational.evtx","System.UInt32[]","System.Diagnostics.Eventing.Reader.EventBookmark","Information","Info",,"System.Collections.ObjectModel.ReadOnlyCollection`1[System.String]","System.Collections.Generic.List`1[System.Diagnostics.Eventing.Reader.EventProperty]"
"Job cancelled. User: NT AUTHORITY\SYSTEM, job: C:\Windows\TEMP\GUR3477.exe, jobID: {9AF3D391-EFBD-4E04-A561-E6320425C771}, owner: NT AUTHORITY\SYSTEM, filecount: 1","5","0",,"4","0","0","4611686018427387904","10664","Microsoft-Windows-Bits-Client","ef1cc15b-46c1-414e-bb95-e76b077bd51e","Microsoft-Windows-Bits-Client/Operational","1248","1568","rjaf-PC4429","S-1-5-18","8/15/2015 11:00:43 PM",,,"c:\users\mac_1\desktop\winevt\logs\microsoft-windows-bits-client%4operational.evtx","System.UInt32[]","System.Diagnostics.Eventing.Reader.EventBookmark","Information","Info",,"System.Collections.ObjectModel.ReadOnlyCollection`1[System.String]","System.Collections.Generic.List`1[System.Diagnostics.Eventing.Reader.EventProperty]"
"The BITS service created a new job: C:\Windows\TEMP\GUR3477.exe, with owner NT AUTHORITY\SYSTEM","3","0",,"4","0","0","4611686018427387904","10663","Microsoft-Windows-Bits-Client","ef1cc15b-46c1-414e-bb95-e76b077bd51e","Microsoft-Windows-Bits-Client/Operational","1248","1588","rjaf-PC4429","S-1-5-18","8/15/2015 11:00:43 PM","85f03c9c-1e4f-0003-0336-0f8ce8d7d001",,"c:\users\mac_1\desktop\winevt\logs\microsoft-windows-bits-client%4operational.evtx","System.UInt32[]","System.Diagnostics.Eventing.Reader.EventBookmark","Information","Info",,"System.Collections.ObjectModel.ReadOnlyCollection`1[System.String]","System.Collections.Generic.List`1[System.Diagnostics.Eventing.Reader.EventProperty]"
"The BITS service loaded the job list from disk.","306","0",,"5","0","0","4611686018427387904","10662","Microsoft-Windows-Bits-Client","ef1cc15b-46c1-414e-bb95-e76b077bd51e","Microsoft-Windows-Bits-Client/Operational","1248","3268","rjaf-PC4429","S-1-5-18","8/15/2015 11:00:42 PM",,,"c:\users\mac_1\desktop\winevt\logs\microsoft-windows-bits-client%4operational.evtx","System.UInt32[]","System.Diagnostics.Eventing.Reader.EventBookmark","Verbose","Info",,"System.Collections.ObjectModel.ReadOnlyCollection`1[System.String]","System.Collections.Generic.List`1[System.Diagnostics.Eventing.Reader.EventProperty]"
"Job cancelled. User: RJAF-PC4429\rjaf, job: {AC76BA86-7AD7-1033-7B44-A95000000001}, jobID: {8145A6DE-3D24-4ADE-9DD7-BB5BA0E7EA73}, owner: RJAF-PC4429\rjaf, filecount: 1","5","0",,"4","0","0","4611686018427387904","10661","Microsoft-Windows-Bits-Client","ef1cc15b-46c1-414e-bb95-e76b077bd51e","Microsoft-Windows-Bits-Client/Operational","1244","5344","rjaf-PC4429","S-1-5-21-1634558665-2257203147-3060767804-1000","8/12/2015 11:12:02 PM",,,"c:\users\mac_1\desktop\winevt\logs\microsoft-windows-bits-client%4operational.evtx","System.UInt32[]","System.Diagnostics.Eventing.Reader.EventBookmark","Information","Info",,"System.Collections.ObjectModel.ReadOnlyCollection`1[System.String]","System.Collections.Generic.List`1[System.Diagnostics.Eventing.Reader.EventProperty]"
"The BITS service created a new job: {AC76BA86-7AD7-1033-7B44-A95000000001}, with owner RJAF-PC4429\rjaf","3","0",,"4","0","0","4611686018427387904","10660","Microsoft-Windows-Bits-Client","ef1cc15b-46c1-414e-bb95-e76b077bd51e","Microsoft-Windows-Bits-Client/Operational","1244","5344","rjaf-PC4429","S-1-5-18","8/12/2015 11:11:59 PM",,,"c:\users\mac_1\desktop\winevt\logs\microsoft-windows-bits-client%4operational.evtx","System.UInt32[]","System.Diagnostics.Eventing.Reader.EventBookmark","Information","Info",,"System.Collections.ObjectModel.ReadOnlyCollection`1[System.String]","System.Collections.Generic.List`1[System.Diagnostics.Eventing.Reader.EventProperty]"
"Job cancelled. User: NT AUTHORITY\SYSTEM, job: C:\Windows\TEMP\GURA0E.exe, jobID: {0241F9F9-36E7-40F3-B8E5-76CDAC4266E3}, owner: NT AUTHORITY\SYSTEM, filecount: 1","5","0",,"4","0","0","4611686018427387904","10659","Microsoft-Windows-Bits-Client","ef1cc15b-46c1-414e-bb95-e76b077bd51e","Microsoft-Windows-Bits-Client/Operational","1244","2180","rjaf-PC4429","S-1-5-18","8/12/2015 11:02:06 PM",,,"c:\users\mac_1\desktop\winevt\logs\microsoft-windows-bits-client%4operational.evtx","System.UInt32[]","System.Diagnostics.Eventing.Reader.EventBookmark","Information","Info",,"System.Collections.ObjectModel.ReadOnlyCollection`1[System.String]","System.Collections.Generic.List`1[System.Diagnostics.Eventing.Reader.EventProperty]"
"The BITS service created a new job: C:\Windows\TEMP\GURA0E.exe, with owner NT AUTHORITY\SYSTEM","3","0",,"4","0","0","4611686018427387904","10658","Microsoft-Windows-Bits-Client","ef1cc15b-46c1-414e-bb95-e76b077bd51e","Microsoft-Windows-Bits-Client/Operational","1244","2180","rjaf-PC4429","S-1-5-18","8/12/2015 11:02:06 PM",,,"c:\users\mac_1\desktop\winevt\logs\microsoft-windows-bits-client%4operational.evtx","System.UInt32[]","System.Diagnostics.Eventing.Reader.EventBookmark","Information","Info",,"System.Collections.ObjectModel.ReadOnlyCollection`1[System.String]","System.Collections.Generic.List`1[System.Diagnostics.Eventing.Reader.EventProperty]"
"Job cancelled. User: NT AUTHORITY\SYSTEM, job: C:\Windows\TEMP\GURA0E.exe, jobID: {00E81831-4C90-4DFF-82F1-AD053EA1D26D}, owner: NT AUTHORITY\SYSTEM, filecount: 1","5","0",,"4","0","0","4611686018427387904","10657","Microsoft-Windows-Bits-Client","ef1cc15b-46c1-414e-bb95-e76b077bd51e","Microsoft-Windows-Bits-Client/Operational","1244","2180","rjaf-PC4429","S-1-5-18","8/12/2015 11:02:06 PM",,,"c:\users\mac_1\desktop\winevt\logs\microsoft-windows-bits-client%4operational.evtx","System.UInt32[]","System.Diagnostics.Eventing.Reader.EventBookmark","Information","Info",,"System.Collections.ObjectModel.ReadOnlyCollection`1[System.String]","System.Collections.Generic.List`1[System.Diagnostics.Eventing.Reader.EventProperty]"
"The BITS service created a new job: C:\Windows\TEMP\GURA0E.exe, with owner NT AUTHORITY\SYSTEM","3","0",,"4","0","0","4611686018427387904","10656","Microsoft-Windows-Bits-Client","ef1cc15b-46c1-414e-bb95-e76b077bd51e","Microsoft-Windows-Bits-Client/Operational","1244","2180","rjaf-PC4429","S-1-5-18","8/12/2015 11:02:05 PM",,,"c:\users\mac_1\desktop\winevt\logs\microsoft-windows-bits-client%4operational.evtx","System.UInt32[]","System.Diagnostics.Eventing.Reader.EventBookmark","Information","Info",,"System.Collections.ObjectModel.ReadOnlyCollection`1[System.String]","System.Collections.Generic.List`1[System.Diagnostics.Eventing.Reader.EventProperty]"
"Job cancelled. User: NT AUTHORITY\SYSTEM, job: C:\Users\rjaf\AppData\Local\{5BC3E779-9F95-45C0-8C3D-D79228933001}, jobID: {657B4B3D-3E7E-43C5-A344-3B3D5CBF5898}, owner: NT AUTHORITY\SYSTEM, filecount: 1","5","0",,"4","0","0","4611686018427387904","10655","Microsoft-Windows-Bits-Client","ef1cc15b-46c1-414e-bb95-e76b077bd51e","Microsoft-Windows-Bits-Client/Operational","1244","2180","rjaf-PC4429","S-1-5-18","8/12/2015 11:02:05 PM",,,"c:\users\mac_1\desktop\winevt\logs\microsoft-windows-bits-client%4operational.evtx","System.UInt32[]","System.Diagnostics.Eventing.Reader.EventBookmark","Information","Info",,"System.Collections.ObjectModel.ReadOnlyCollection`1[System.String]","System.Collections.Generic.List`1[System.Diagnostics.Eventing.Reader.EventProperty]"
"The BITS service created a new job: C:\Users\rjaf\AppData\Local\{5BC3E779-9F95-45C0-8C3D-D79228933001}, with owner NT AUTHORITY\SYSTEM","3","0",,"4","0","0","4611686018427387904","10654","Microsoft-Windows-Bits-Client","ef1cc15b-46c1-414e-bb95-e76b077bd51e","Microsoft-Windows-Bits-Client/Operational","1244","2180","rjaf-PC4429","S-1-5-18","8/12/2015 11:02:05 PM",,,"c:\users\mac_1\desktop\winevt\logs\microsoft-windows-bits-client%4operational.evtx","System.UInt32[]","System.Diagnostics.Eventing.Reader.EventBookmark","Information","Info",,"System.Collections.ObjectModel.ReadOnlyCollection`1[System.String]","System.Collections.Generic.List`1[System.Diagnostics.Eventing.Reader.EventProperty]"
"Job cancelled. User: NT AUTHORITY\SYSTEM, job: C:\Users\rjaf\AppData\Local\{5BC3E779-9F95-45C0-8C3D-D79228933001}, jobID: {68235FCA-6103-4C2D-90FA-8A4BF0B7762D}, owner: NT AUTHORITY\SYSTEM, filecount: 1","5","0",,"4","0","0","4611686018427387904","10653","Microsoft-Windows-Bits-Client","ef1cc15b-46c1-414e-bb95-e76b077bd51e","Microsoft-Windows-Bits-Client/Operational","1244","2180","rjaf-PC4429","S-1-5-18","8/12/2015 11:02:05 PM",,,"c:\users\mac_1\desktop\winevt\logs\microsoft-windows-bits-client%4operational.evtx","System.UInt32[]","System.Diagnostics.Eventing.Reader.EventBookmark","Information","Info",,"System.Collections.ObjectModel.ReadOnlyCollection`1[System.String]","System.Collections.Generic.List`1[System.Diagnostics.Eventing.Reader.EventProperty]"
"The BITS service created a new job: C:\Users\rjaf\AppData\Local\{5BC3E779-9F95-45C0-8C3D-D79228933001}, with owner NT AUTHORITY\SYSTEM","3","0",,"4","0","0","4611686018427387904","10652","Microsoft-Windows-Bits-Client","ef1cc15b-46c1-414e-bb95-e76b077bd51e","Microsoft-Windows-Bits-Client/Operational","1244","1600","rjaf-PC4429","S-1-5-18","8/12/2015 11:02:04 PM",,,"c:\users\mac_1\desktop\winevt\logs\microsoft-windows-bits-client%4operational.evtx","System.UInt32[]","System.Diagnostics.Eventing.Reader.EventBookmark","Information","Info",,"System.Collections.ObjectModel.ReadOnlyCollection`1[System.String]","System.Collections.Generic.List`1[System.Diagnostics.Eventing.Reader.EventProperty]"
"Job cancelled. User: NT AUTHORITY\SYSTEM, job: C:\Users\rjaf\AppData\Local\{5BC3E779-9F95-45C0-8C3D-D79228933001}, jobID: {455D0E21-3CB0-414A-A97C-FDDBD80D96C9}, owner: NT AUTHORITY\SYSTEM, filecount: 1","5","0",,"4","0","0","4611686018427387904","10651","Microsoft-Windows-Bits-Client","ef1cc15b-46c1-414e-bb95-e76b077bd51e","Microsoft-Windows-Bits-Client/Operational","1244","1600","rjaf-PC4429","S-1-5-18","8/12/2015 11:02:04 PM",,,"c:\users\mac_1\desktop\winevt\logs\microsoft-windows-bits-client%4operational.evtx","System.UInt32[]","System.Diagnostics.Eventing.Reader.EventBookmark","Information","Info",,"System.Collections.ObjectModel.ReadOnlyCollection`1[System.String]","System.Collections.Generic.List`1[System.Diagnostics.Eventing.Reader.EventProperty]"
"The BITS service created a new job: C:\Users\rjaf\AppData\Local\{5BC3E779-9F95-45C0-8C3D-D79228933001}, with owner NT AUTHORITY\SYSTEM","3","0",,"4","0","0","4611686018427387904","10650","Microsoft-Windows-Bits-Client","ef1cc15b-46c1-414e-bb95-e76b077bd51e","Microsoft-Windows-Bits-Client/Operational","1244","1600","rjaf-PC4429","S-1-5-18","8/12/2015 11:02:01 PM",,,"c:\users\mac_1\desktop\winevt\logs\microsoft-windows-bits-client%4operational.evtx","System.UInt32[]","System.Diagnostics.Eventing.Reader.EventBookmark","Information","Info",,"System.Collections.ObjectModel.ReadOnlyCollection`1[System.String]","System.Collections.Generic.List`1[System.Diagnostics.Eventing.Reader.EventProperty]"
"The BITS service loaded the job list from disk.","306","0",,"5","0","0","4611686018427387904","10649","Microsoft-Windows-Bits-Client","ef1cc15b-46c1-414e-bb95-e76b077bd51e","Microsoft-Windows-Bits-Client/Operational","1244","3672","rjaf-PC4429","S-1-5-18","8/12/2015 11:02:01 PM",,,"c:\users\mac_1\desktop\winevt\logs\microsoft-windows-bits-client%4operational.evtx","System.UInt32[]","System.Diagnostics.Eventing.Reader.EventBookmark","Verbose","Info",,"System.Collections.ObjectModel.ReadOnlyCollection`1[System.String]","System.Collections.Generic.List`1[System.Diagnostics.Eventing.Reader.EventProperty]"
"Job cancelled. User: NT AUTHORITY\SYSTEM, job: C:\Windows\TEMP\GUR9BEC.exe, jobID: {BFF27BF0-91F9-4955-B101-BC26A3706B0C}, owner: NT AUTHORITY\SYSTEM, filecount: 1","5","0",,"4","0","0","4611686018427387904","10648","Microsoft-Windows-Bits-Client","ef1cc15b-46c1-414e-bb95-e76b077bd51e","Microsoft-Windows-Bits-Client/Operational","1288","5316","rjaf-PC4429","S-1-5-18","7/29/2015 3:42:26 AM",,,"c:\users\mac_1\desktop\winevt\logs\microsoft-windows-bits-client%4operational.evtx","System.UInt32[]","System.Diagnostics.Eventing.Reader.EventBookmark","Information","Info",,"System.Collections.ObjectModel.ReadOnlyCollection`1[System.String]","System.Collections.Generic.List`1[System.Diagnostics.Eventing.Reader.EventProperty]"
"The BITS service created a new job: C:\Windows\TEMP\GUR9BEC.exe, with owner NT AUTHORITY\SYSTEM","3","0",,"4","0","0","4611686018427387904","10647","Microsoft-Windows-Bits-Client","ef1cc15b-46c1-414e-bb95-e76b077bd51e","Microsoft-Windows-Bits-Client/Operational","1288","4452","rjaf-PC4429","S-1-5-18","7/29/2015 3:42:26 AM",,,"c:\users\mac_1\desktop\winevt\logs\microsoft-windows-bits-client%4operational.evtx","System.UInt32[]","System.Diagnostics.Eventing.Reader.EventBookmark","Information","Info",,"System.Collections.ObjectModel.ReadOnlyCollection`1[System.String]","System.Collections.Generic.List`1[System.Diagnostics.Eventing.Reader.EventProperty]"
"Job cancelled. User: NT AUTHORITY\SYSTEM, job: C:\Windows\TEMP\GUR9BEC.exe, jobID: {9597170C-AFFA-4800-A5F7-A6E642C0C416}, owner: NT AUTHORITY\SYSTEM, filecount: 1","5","0",,"4","0","0","4611686018427387904","10646","Microsoft-Windows-Bits-Client","ef1cc15b-46c1-414e-bb95-e76b077bd51e","Microsoft-Windows-Bits-Client/Operational","1288","4452","rjaf-PC4429","S-1-5-18","7/29/2015 3:42:26 AM",,,"c:\users\mac_1\desktop\winevt\logs\microsoft-windows-bits-client%4operational.evtx","System.UInt32[]","System.Diagnostics.Eventing.Reader.EventBookmark","Information","Info",,"System.Collections.ObjectModel.ReadOnlyCollection`1[System.String]","System.Collections.Generic.List`1[System.Diagnostics.Eventing.Reader.EventProperty]"
"The BITS service created a new job: C:\Windows\TEMP\GUR9BEC.exe, with owner NT AUTHORITY\SYSTEM","3","0",,"4","0","0","4611686018427387904","10645","Microsoft-Windows-Bits-Client","ef1cc15b-46c1-414e-bb95-e76b077bd51e","Microsoft-Windows-Bits-Client/Operational","1288","6096","rjaf-PC4429","S-1-5-18","7/29/2015 3:42:25 AM",,,"c:\users\mac_1\desktop\winevt\logs\microsoft-windows-bits-client%4operational.evtx","System.UInt32[]","System.Diagnostics.Eventing.Reader.EventBookmark","Information","Info",,"System.Collections.ObjectModel.ReadOnlyCollection`1[System.String]","System.Collections.Generic.List`1[System.Diagnostics.Eventing.Reader.EventProperty]"
"Job cancelled. User: NT AUTHORITY\SYSTEM, job: C:\Users\rjaf\AppData\Local\{C528065A-0833-4EEC-AB00-0026CC448B60}, jobID: {A5AA8626-71AD-495F-A172-456A97A12FC4}, owner: NT AUTHORITY\SYSTEM, filecount: 1","5","0",,"4","0","0","4611686018427387904","10644","Microsoft-Windows-Bits-Client","ef1cc15b-46c1-414e-bb95-e76b077bd51e","Microsoft-Windows-Bits-Client/Operational","1288","6096","rjaf-PC4429","S-1-5-18","7/29/2015 3:42:25 AM",,,"c:\users\mac_1\desktop\winevt\logs\microsoft-windows-bits-client%4operational.evtx","System.UInt32[]","System.Diagnostics.Eventing.Reader.EventBookmark","Information","Info",,"System.Collections.ObjectModel.ReadOnlyCollection`1[System.String]","System.Collections.Generic.List`1[System.Diagnostics.Eventing.Reader.EventProperty]"
"The BITS service created a new job: C:\Users\rjaf\AppData\Local\{C528065A-0833-4EEC-AB00-0026CC448B60}, with owner NT AUTHORITY\SYSTEM","3","0",,"4","0","0","4611686018427387904","10643","Microsoft-Windows-Bits-Client","ef1cc15b-46c1-414e-bb95-e76b077bd51e","Microsoft-Windows-Bits-Client/Operational","1288","6096","rjaf-PC4429","S-1-5-18","7/29/2015 3:42:25 AM",,,"c:\users\mac_1\desktop\winevt\logs\microsoft-windows-bits-client%4operational.evtx","System.UInt32[]","System.Diagnostics.Eventing.Reader.EventBookmark","Information","Info",,"System.Collections.ObjectModel.ReadOnlyCollection`1[System.String]","System.Collections.Generic.List`1[System.Diagnostics.Eventing.Reader.EventProperty]"
"Job cancelled. User: NT AUTHORITY\SYSTEM, job: C:\Users\rjaf\AppData\Local\{C528065A-0833-4EEC-AB00-0026CC448B60}, jobID: {6D57BB7A-9C4D-41E0-9959-3EA84AD131CD}, owner: NT AUTHORITY\SYSTEM, filecount: 1","5","0",,"4","0","0","4611686018427387904","10642","Microsoft-Windows-Bits-Client","ef1cc15b-46c1-414e-bb95-e76b077bd51e","Microsoft-Windows-Bits-Client/Operational","1288","6096","rjaf-PC4429","S-1-5-18","7/29/2015 3:42:25 AM",,,"c:\users\mac_1\desktop\winevt\logs\microsoft-windows-bits-client%4operational.evtx","System.UInt32[]","System.Diagnostics.Eventing.Reader.EventBookmark","Information","Info",,"System.Collections.ObjectModel.ReadOnlyCollection`1[System.String]","System.Collections.Generic.List`1[System.Diagnostics.Eventing.Reader.EventProperty]"
"The BITS service created a new job: C:\Users\rjaf\AppData\Local\{C528065A-0833-4EEC-AB00-0026CC448B60}, with owner NT AUTHORITY\SYSTEM","3","0",,"4","0","0","4611686018427387904","10641","Microsoft-Windows-Bits-Client","ef1cc15b-46c1-414e-bb95-e76b077bd51e","Microsoft-Windows-Bits-Client/Operational","1288","6096","rjaf-PC4429","S-1-5-18","7/29/2015 3:42:25 AM",,,"c:\users\mac_1\desktop\winevt\logs\microsoft-windows-bits-client%4operational.evtx","System.UInt32[]","System.Diagnostics.Eventing.Reader.EventBookmark","Information","Info",,"System.Collections.ObjectModel.ReadOnlyCollection`1[System.String]","System.Collections.Generic.List`1[System.Diagnostics.Eventing.Reader.EventProperty]"
