"Remote Desktop Services: Session logon succeeded:

User: RJAF-PC4429\rjaf
Session ID: 1
Source Network Address: LOCAL","21","0",,"4","0","0","1152921504606846976","501","Microsoft-Windows-TerminalServices-LocalSessionManager","5d896912-022d-40aa-a3a8-4fa5515c76d7","Microsoft-Windows-TerminalServices-LocalSessionManager/Operational","560","828","rjaf-PC4429","S-1-5-18","8/6/2014 4:39:57 AM",,,"c:\users\mac_1\desktop\winevt\logs\microsoft-windows-terminalservices-localsessionmanager%4operational.evtx","System.UInt32[]","System.Diagnostics.Eventing.Reader.EventBookmark","Information","Info",,"System.Collections.ObjectModel.ReadOnlyCollection`1[System.String]","System.Collections.Generic.List`1[System.Diagnostics.Eventing.Reader.EventProperty]"
"Remote Desktop Services: Shell start notification received:

User: RJAF-PC4429\rjaf
Session ID: 1
Source Network Address: LOCAL","22","0",,"4","0","0","1152921504606846976","500","Microsoft-Windows-TerminalServices-LocalSessionManager","5d896912-022d-40aa-a3a8-4fa5515c76d7","Microsoft-Windows-TerminalServices-LocalSessionManager/Operational","564","816","rjaf-PC4429","S-1-5-18","8/4/2014 12:00:03 AM",,,"c:\users\mac_1\desktop\winevt\logs\microsoft-windows-terminalservices-localsessionmanager%4operational.evtx","System.UInt32[]","System.Diagnostics.Eventing.Reader.EventBookmark","Information","Info",,"System.Collections.ObjectModel.ReadOnlyCollection`1[System.String]","System.Collections.Generic.List`1[System.Diagnostics.Eventing.Reader.EventProperty]"
"Remote Desktop Services: Session logon succeeded:

User: RJAF-PC4429\rjaf
Session ID: 1
Source Network Address: LOCAL","21","0",,"4","0","0","1152921504606846976","499","Microsoft-Windows-TerminalServices-LocalSessionManager","5d896912-022d-40aa-a3a8-4fa5515c76d7","Microsoft-Windows-TerminalServices-LocalSessionManager/Operational","564","816","rjaf-PC4429","S-1-5-18","8/4/2014 12:00:03 AM",,,"c:\users\mac_1\desktop\winevt\logs\microsoft-windows-terminalservices-localsessionmanager%4operational.evtx","System.UInt32[]","System.Diagnostics.Eventing.Reader.EventBookmark","Information","Info",,"System.Collections.ObjectModel.ReadOnlyCollection`1[System.String]","System.Collections.Generic.List`1[System.Diagnostics.Eventing.Reader.EventProperty]"
"Remote Desktop Services: Session logoff succeeded:

User: RJAF-PC4429\rjaf
Session ID: 1","23","0",,"4","0","0","1152921504606846976","498","Microsoft-Windows-TerminalServices-LocalSessionManager","5d896912-022d-40aa-a3a8-4fa5515c76d7","Microsoft-Windows-TerminalServices-LocalSessionManager/Operational","556","4064","rjaf-PC4429","S-1-5-18","8/3/2014 2:33:32 PM",,,"c:\users\mac_1\desktop\winevt\logs\microsoft-windows-terminalservices-localsessionmanager%4operational.evtx","System.UInt32[]","System.Diagnostics.Eventing.Reader.EventBookmark","Information","Info",,"System.Collections.ObjectModel.ReadOnlyCollection`1[System.String]","System.Collections.Generic.List`1[System.Diagnostics.Eventing.Reader.EventProperty]"
"Remote Desktop Services: Session has been disconnected:

User: RJAF-PC4429\rjaf
Session ID: 1
Source Network Address: LOCAL","24","0",,"4","0","0","1152921504606846976","497","Microsoft-Windows-TerminalServices-LocalSessionManager","5d896912-022d-40aa-a3a8-4fa5515c76d7","Microsoft-Windows-TerminalServices-LocalSessionManager/Operational","556","1464","rjaf-PC4429","S-1-5-18","8/3/2014 2:33:20 PM",,,"c:\users\mac_1\desktop\winevt\logs\microsoft-windows-terminalservices-localsessionmanager%4operational.evtx","System.UInt32[]","System.Diagnostics.Eventing.Reader.EventBookmark","Information","Info",,"System.Collections.ObjectModel.ReadOnlyCollection`1[System.String]","System.Collections.Generic.List`1[System.Diagnostics.Eventing.Reader.EventProperty]"
"Remote Desktop Services: Shell start notification received:

User: RJAF-PC4429\rjaf
Session ID: 1
Source Network Address: LOCAL","22","0",,"4","0","0","1152921504606846976","496","Microsoft-Windows-TerminalServices-LocalSessionManager","5d896912-022d-40aa-a3a8-4fa5515c76d7","Microsoft-Windows-TerminalServices-LocalSessionManager/Operational","556","820","rjaf-PC4429","S-1-5-18","8/3/2014 1:32:52 AM",,,"c:\users\mac_1\desktop\winevt\logs\microsoft-windows-terminalservices-localsessionmanager%4operational.evtx","System.UInt32[]","System.Diagnostics.Eventing.Reader.EventBookmark","Information","Info",,"System.Collections.ObjectModel.ReadOnlyCollection`1[System.String]","System.Collections.Generic.List`1[System.Diagnostics.Eventing.Reader.EventProperty]"
"Remote Desktop Services: Session logon succeeded:

User: RJAF-PC4429\rjaf
Session ID: 1
Source Network Address: LOCAL","21","0",,"4","0","0","1152921504606846976","495","Microsoft-Windows-TerminalServices-LocalSessionManager","5d896912-022d-40aa-a3a8-4fa5515c76d7","Microsoft-Windows-TerminalServices-LocalSessionManager/Operational","556","820","rjaf-PC4429","S-1-5-18","8/3/2014 1:32:52 AM",,,"c:\users\mac_1\desktop\winevt\logs\microsoft-windows-terminalservices-localsessionmanager%4operational.evtx","System.UInt32[]","System.Diagnostics.Eventing.Reader.EventBookmark","Information","Info",,"System.Collections.ObjectModel.ReadOnlyCollection`1[System.String]","System.Collections.Generic.List`1[System.Diagnostics.Eventing.Reader.EventProperty]"
"Remote Desktop Services: Session logoff succeeded:

User: RJAF-PC4429\rjaf
Session ID: 1","23","0",,"4","0","0","1152921504606846976","494","Microsoft-Windows-TerminalServices-LocalSessionManager","5d896912-022d-40aa-a3a8-4fa5515c76d7","Microsoft-Windows-TerminalServices-LocalSessionManager/Operational","556","2136","rjaf-PC4429","S-1-5-18","7/31/2014 12:41:30 PM",,,"c:\users\mac_1\desktop\winevt\logs\microsoft-windows-terminalservices-localsessionmanager%4operational.evtx","System.UInt32[]","System.Diagnostics.Eventing.Reader.EventBookmark","Information","Info",,"System.Collections.ObjectModel.ReadOnlyCollection`1[System.String]","System.Collections.Generic.List`1[System.Diagnostics.Eventing.Reader.EventProperty]"
"Remote Desktop Services: Shell start notification received:

User: RJAF-PC4429\rjaf
Session ID: 1
Source Network Address: LOCAL","22","0",,"4","0","0","1152921504606846976","493","Microsoft-Windows-TerminalServices-LocalSessionManager","5d896912-022d-40aa-a3a8-4fa5515c76d7","Microsoft-Windows-TerminalServices-LocalSessionManager/Operational","556","324","rjaf-PC4429","S-1-5-18","7/31/2014 12:39:20 PM",,,"c:\users\mac_1\desktop\winevt\logs\microsoft-windows-terminalservices-localsessionmanager%4operational.evtx","System.UInt32[]","System.Diagnostics.Eventing.Reader.EventBookmark","Information","Info",,"System.Collections.ObjectModel.ReadOnlyCollection`1[System.String]","System.Collections.Generic.List`1[System.Diagnostics.Eventing.Reader.EventProperty]"
"Remote Desktop Services: Session logon succeeded:

User: RJAF-PC4429\rjaf
Session ID: 1
Source Network Address: LOCAL","21","0",,"4","0","0","1152921504606846976","492","Microsoft-Windows-TerminalServices-LocalSessionManager","5d896912-022d-40aa-a3a8-4fa5515c76d7","Microsoft-Windows-TerminalServices-LocalSessionManager/Operational","556","824","rjaf-PC4429","S-1-5-18","7/31/2014 12:39:20 PM",,,"c:\users\mac_1\desktop\winevt\logs\microsoft-windows-terminalservices-localsessionmanager%4operational.evtx","System.UInt32[]","System.Diagnostics.Eventing.Reader.EventBookmark","Information","Info",,"System.Collections.ObjectModel.ReadOnlyCollection`1[System.String]","System.Collections.Generic.List`1[System.Diagnostics.Eventing.Reader.EventProperty]"
"Remote Desktop Services: Session logoff succeeded:

User: RJAF-PC4429\rjaf
Session ID: 1","23","0",,"4","0","0","1152921504606846976","491","Microsoft-Windows-TerminalServices-LocalSessionManager","5d896912-022d-40aa-a3a8-4fa5515c76d7","Microsoft-Windows-TerminalServices-LocalSessionManager/Operational","564","4468","rjaf-PC4429","S-1-5-18","7/25/2014 4:32:37 AM",,,"c:\users\mac_1\desktop\winevt\logs\microsoft-windows-terminalservices-localsessionmanager%4operational.evtx","System.UInt32[]","System.Diagnostics.Eventing.Reader.EventBookmark","Information","Info",,"System.Collections.ObjectModel.ReadOnlyCollection`1[System.String]","System.Collections.Generic.List`1[System.Diagnostics.Eventing.Reader.EventProperty]"
"Remote Desktop Services: Session has been disconnected:

User: RJAF-PC4429\rjaf
Session ID: 1
Source Network Address: LOCAL","24","0",,"4","0","0","1152921504606846976","490","Microsoft-Windows-TerminalServices-LocalSessionManager","5d896912-022d-40aa-a3a8-4fa5515c76d7","Microsoft-Windows-TerminalServices-LocalSessionManager/Operational","564","4776","rjaf-PC4429","S-1-5-18","7/25/2014 4:30:35 AM",,,"c:\users\mac_1\desktop\winevt\logs\microsoft-windows-terminalservices-localsessionmanager%4operational.evtx","System.UInt32[]","System.Diagnostics.Eventing.Reader.EventBookmark","Information","Info",,"System.Collections.ObjectModel.ReadOnlyCollection`1[System.String]","System.Collections.Generic.List`1[System.Diagnostics.Eventing.Reader.EventProperty]"
"Remote Desktop Services: Shell start notification received:

User: RJAF-PC4429\rjaf
Session ID: 1
Source Network Address: LOCAL","22","0",,"4","0","0","1152921504606846976","489","Microsoft-Windows-TerminalServices-LocalSessionManager","5d896912-022d-40aa-a3a8-4fa5515c76d7","Microsoft-Windows-TerminalServices-LocalSessionManager/Operational","564","1020","rjaf-PC4429","S-1-5-18","7/16/2014 12:42:01 AM",,,"c:\users\mac_1\desktop\winevt\logs\microsoft-windows-terminalservices-localsessionmanager%4operational.evtx","System.UInt32[]","System.Diagnostics.Eventing.Reader.EventBookmark","Information","Info",,"System.Collections.ObjectModel.ReadOnlyCollection`1[System.String]","System.Collections.Generic.List`1[System.Diagnostics.Eventing.Reader.EventProperty]"
"Remote Desktop Services: Session logon succeeded:

User: RJAF-PC4429\rjaf
Session ID: 1
Source Network Address: LOCAL","21","0",,"4","0","0","1152921504606846976","488","Microsoft-Windows-TerminalServices-LocalSessionManager","5d896912-022d-40aa-a3a8-4fa5515c76d7","Microsoft-Windows-TerminalServices-LocalSessionManager/Operational","564","1020","rjaf-PC4429","S-1-5-18","7/16/2014 12:42:01 AM",,,"c:\users\mac_1\desktop\winevt\logs\microsoft-windows-terminalservices-localsessionmanager%4operational.evtx","System.UInt32[]","System.Diagnostics.Eventing.Reader.EventBookmark","Information","Info",,"System.Collections.ObjectModel.ReadOnlyCollection`1[System.String]","System.Collections.Generic.List`1[System.Diagnostics.Eventing.Reader.EventProperty]"
"Remote Desktop Services: Session logoff succeeded:

User: RJAF-PC4429\rjaf
Session ID: 1","23","0",,"4","0","0","1152921504606846976","487","Microsoft-Windows-TerminalServices-LocalSessionManager","5d896912-022d-40aa-a3a8-4fa5515c76d7","Microsoft-Windows-TerminalServices-LocalSessionManager/Operational","568","3276","rjaf-PC4429","S-1-5-18","7/15/2014 12:46:51 PM",,,"c:\users\mac_1\desktop\winevt\logs\microsoft-windows-terminalservices-localsessionmanager%4operational.evtx","System.UInt32[]","System.Diagnostics.Eventing.Reader.EventBookmark","Information","Info",,"System.Collections.ObjectModel.ReadOnlyCollection`1[System.String]","System.Collections.Generic.List`1[System.Diagnostics.Eventing.Reader.EventProperty]"
"Remote Desktop Services: Session has been disconnected:

User: RJAF-PC4429\rjaf
Session ID: 1
Source Network Address: LOCAL","24","0",,"4","0","0","1152921504606846976","486","Microsoft-Windows-TerminalServices-LocalSessionManager","5d896912-022d-40aa-a3a8-4fa5515c76d7","Microsoft-Windows-TerminalServices-LocalSessionManager/Operational","568","3696","rjaf-PC4429","S-1-5-18","7/15/2014 12:46:20 PM",,,"c:\users\mac_1\desktop\winevt\logs\microsoft-windows-terminalservices-localsessionmanager%4operational.evtx","System.UInt32[]","System.Diagnostics.Eventing.Reader.EventBookmark","Information","Info",,"System.Collections.ObjectModel.ReadOnlyCollection`1[System.String]","System.Collections.Generic.List`1[System.Diagnostics.Eventing.Reader.EventProperty]"
"Remote Desktop Services: Shell start notification received:

User: RJAF-PC4429\rjaf
Session ID: 1
Source Network Address: LOCAL","22","0",,"4","0","0","1152921504606846976","485","Microsoft-Windows-TerminalServices-LocalSessionManager","5d896912-022d-40aa-a3a8-4fa5515c76d7","Microsoft-Windows-TerminalServices-LocalSessionManager/Operational","568","404","rjaf-PC4429","S-1-5-18","7/15/2014 12:47:24 AM",,,"c:\users\mac_1\desktop\winevt\logs\microsoft-windows-terminalservices-localsessionmanager%4operational.evtx","System.UInt32[]","System.Diagnostics.Eventing.Reader.EventBookmark","Information","Info",,"System.Collections.ObjectModel.ReadOnlyCollection`1[System.String]","System.Collections.Generic.List`1[System.Diagnostics.Eventing.Reader.EventProperty]"
"Remote Desktop Services: Session logon succeeded:

User: RJAF-PC4429\rjaf
Session ID: 1
Source Network Address: LOCAL","21","0",,"4","0","0","1152921504606846976","484","Microsoft-Windows-TerminalServices-LocalSessionManager","5d896912-022d-40aa-a3a8-4fa5515c76d7","Microsoft-Windows-TerminalServices-LocalSessionManager/Operational","568","1420","rjaf-PC4429","S-1-5-18","7/15/2014 12:47:24 AM",,,"c:\users\mac_1\desktop\winevt\logs\microsoft-windows-terminalservices-localsessionmanager%4operational.evtx","System.UInt32[]","System.Diagnostics.Eventing.Reader.EventBookmark","Information","Info",,"System.Collections.ObjectModel.ReadOnlyCollection`1[System.String]","System.Collections.Generic.List`1[System.Diagnostics.Eventing.Reader.EventProperty]"
"Remote Desktop Services: Session logoff succeeded:

User: RJAF-PC4429\rjaf
Session ID: 1","23","0",,"4","0","0","1152921504606846976","483","Microsoft-Windows-TerminalServices-LocalSessionManager","5d896912-022d-40aa-a3a8-4fa5515c76d7","Microsoft-Windows-TerminalServices-LocalSessionManager/Operational","568","2600","rjaf-PC4429","S-1-5-18","7/15/2014 12:46:51 AM",,,"c:\users\mac_1\desktop\winevt\logs\microsoft-windows-terminalservices-localsessionmanager%4operational.evtx","System.UInt32[]","System.Diagnostics.Eventing.Reader.EventBookmark","Information","Info",,"System.Collections.ObjectModel.ReadOnlyCollection`1[System.String]","System.Collections.Generic.List`1[System.Diagnostics.Eventing.Reader.EventProperty]"
"Remote Desktop Services: Shell start notification received:

User: RJAF-PC4429\rjaf
Session ID: 1
Source Network Address: LOCAL","22","0",,"4","0","0","1152921504606846976","482","Microsoft-Windows-TerminalServices-LocalSessionManager","5d896912-022d-40aa-a3a8-4fa5515c76d7","Microsoft-Windows-TerminalServices-LocalSessionManager/Operational","568","828","rjaf-PC4429","S-1-5-18","7/14/2014 3:13:33 AM",,,"c:\users\mac_1\desktop\winevt\logs\microsoft-windows-terminalservices-localsessionmanager%4operational.evtx","System.UInt32[]","System.Diagnostics.Eventing.Reader.EventBookmark","Information","Info",,"System.Collections.ObjectModel.ReadOnlyCollection`1[System.String]","System.Collections.Generic.List`1[System.Diagnostics.Eventing.Reader.EventProperty]"
"Remote Desktop Services: Session logon succeeded:

User: RJAF-PC4429\rjaf
Session ID: 1
Source Network Address: LOCAL","21","0",,"4","0","0","1152921504606846976","481","Microsoft-Windows-TerminalServices-LocalSessionManager","5d896912-022d-40aa-a3a8-4fa5515c76d7","Microsoft-Windows-TerminalServices-LocalSessionManager/Operational","568","884","rjaf-PC4429","S-1-5-18","7/14/2014 3:13:33 AM",,,"c:\users\mac_1\desktop\winevt\logs\microsoft-windows-terminalservices-localsessionmanager%4operational.evtx","System.UInt32[]","System.Diagnostics.Eventing.Reader.EventBookmark","Information","Info",,"System.Collections.ObjectModel.ReadOnlyCollection`1[System.String]","System.Collections.Generic.List`1[System.Diagnostics.Eventing.Reader.EventProperty]"
"Remote Desktop Services: Session logoff succeeded:

User: RJAF-PC4429\rjaf
Session ID: 1","23","0",,"4","0","0","1152921504606846976","480","Microsoft-Windows-TerminalServices-LocalSessionManager","5d896912-022d-40aa-a3a8-4fa5515c76d7","Microsoft-Windows-TerminalServices-LocalSessionManager/Operational","568","3652","rjaf-PC4429","S-1-5-18","7/13/2014 3:36:25 PM",,,"c:\users\mac_1\desktop\winevt\logs\microsoft-windows-terminalservices-localsessionmanager%4operational.evtx","System.UInt32[]","System.Diagnostics.Eventing.Reader.EventBookmark","Information","Info",,"System.Collections.ObjectModel.ReadOnlyCollection`1[System.String]","System.Collections.Generic.List`1[System.Diagnostics.Eventing.Reader.EventProperty]"
"Remote Desktop Services: Shell start notification received:

User: RJAF-PC4429\rjaf
Session ID: 1
Source Network Address: LOCAL","22","0",,"4","0","0","1152921504606846976","479","Microsoft-Windows-TerminalServices-LocalSessionManager","5d896912-022d-40aa-a3a8-4fa5515c76d7","Microsoft-Windows-TerminalServices-LocalSessionManager/Operational","568","800","rjaf-PC4429","S-1-5-18","7/8/2014 12:20:53 PM",,,"c:\users\mac_1\desktop\winevt\logs\microsoft-windows-terminalservices-localsessionmanager%4operational.evtx","System.UInt32[]","System.Diagnostics.Eventing.Reader.EventBookmark","Information","Info",,"System.Collections.ObjectModel.ReadOnlyCollection`1[System.String]","System.Collections.Generic.List`1[System.Diagnostics.Eventing.Reader.EventProperty]"
"Remote Desktop Services: Session logon succeeded:

User: RJAF-PC4429\rjaf
Session ID: 1
Source Network Address: LOCAL","21","0",,"4","0","0","1152921504606846976","478","Microsoft-Windows-TerminalServices-LocalSessionManager","5d896912-022d-40aa-a3a8-4fa5515c76d7","Microsoft-Windows-TerminalServices-LocalSessionManager/Operational","568","800","rjaf-PC4429","S-1-5-18","7/8/2014 12:20:53 PM",,,"c:\users\mac_1\desktop\winevt\logs\microsoft-windows-terminalservices-localsessionmanager%4operational.evtx","System.UInt32[]","System.Diagnostics.Eventing.Reader.EventBookmark","Information","Info",,"System.Collections.ObjectModel.ReadOnlyCollection`1[System.String]","System.Collections.Generic.List`1[System.Diagnostics.Eventing.Reader.EventProperty]"
"Remote Desktop Services: Session logoff succeeded:

User: RJAF-PC4429\rjaf
Session ID: 1","23","0",,"4","0","0","1152921504606846976","477","Microsoft-Windows-TerminalServices-LocalSessionManager","5d896912-022d-40aa-a3a8-4fa5515c76d7","Microsoft-Windows-TerminalServices-LocalSessionManager/Operational","564","1600","rjaf-PC4429","S-1-5-18","7/8/2014 4:01:13 AM",,,"c:\users\mac_1\desktop\winevt\logs\microsoft-windows-terminalservices-localsessionmanager%4operational.evtx","System.UInt32[]","System.Diagnostics.Eventing.Reader.EventBookmark","Information","Info",,"System.Collections.ObjectModel.ReadOnlyCollection`1[System.String]","System.Collections.Generic.List`1[System.Diagnostics.Eventing.Reader.EventProperty]"
"Remote Desktop Services: Shell start notification received:

User: RJAF-PC4429\rjaf
Session ID: 1
Source Network Address: LOCAL","22","0",,"4","0","0","1152921504606846976","476","Microsoft-Windows-TerminalServices-LocalSessionManager","5d896912-022d-40aa-a3a8-4fa5515c76d7","Microsoft-Windows-TerminalServices-LocalSessionManager/Operational","564","4024","rjaf-PC4429","S-1-5-18","7/7/2014 3:15:13 PM",,,"c:\users\mac_1\desktop\winevt\logs\microsoft-windows-terminalservices-localsessionmanager%4operational.evtx","System.UInt32[]","System.Diagnostics.Eventing.Reader.EventBookmark","Information","Info",,"System.Collections.ObjectModel.ReadOnlyCollection`1[System.String]","System.Collections.Generic.List`1[System.Diagnostics.Eventing.Reader.EventProperty]"
"Remote Desktop Services: Session logon succeeded:

User: RJAF-PC4429\rjaf
Session ID: 1
Source Network Address: LOCAL","21","0",,"4","0","0","1152921504606846976","475","Microsoft-Windows-TerminalServices-LocalSessionManager","5d896912-022d-40aa-a3a8-4fa5515c76d7","Microsoft-Windows-TerminalServices-LocalSessionManager/Operational","564","4024","rjaf-PC4429","S-1-5-18","7/7/2014 3:15:13 PM",,,"c:\users\mac_1\desktop\winevt\logs\microsoft-windows-terminalservices-localsessionmanager%4operational.evtx","System.UInt32[]","System.Diagnostics.Eventing.Reader.EventBookmark","Information","Info",,"System.Collections.ObjectModel.ReadOnlyCollection`1[System.String]","System.Collections.Generic.List`1[System.Diagnostics.Eventing.Reader.EventProperty]"
"Remote Desktop Services: Session logoff succeeded:

User: RJAF-PC4429\rjaf
Session ID: 1","23","0",,"4","0","0","1152921504606846976","474","Microsoft-Windows-TerminalServices-LocalSessionManager","5d896912-022d-40aa-a3a8-4fa5515c76d7","Microsoft-Windows-TerminalServices-LocalSessionManager/Operational","560","4396","rjaf-PC4429","S-1-5-18","7/7/2014 11:46:13 AM",,,"c:\users\mac_1\desktop\winevt\logs\microsoft-windows-terminalservices-localsessionmanager%4operational.evtx","System.UInt32[]","System.Diagnostics.Eventing.Reader.EventBookmark","Information","Info",,"System.Collections.ObjectModel.ReadOnlyCollection`1[System.String]","System.Collections.Generic.List`1[System.Diagnostics.Eventing.Reader.EventProperty]"
"Remote Desktop Services: Shell start notification received:

User: RJAF-PC4429\rjaf
Session ID: 1
Source Network Address: LOCAL","22","0",,"4","0","0","1152921504606846976","473","Microsoft-Windows-TerminalServices-LocalSessionManager","5d896912-022d-40aa-a3a8-4fa5515c76d7","Microsoft-Windows-TerminalServices-LocalSessionManager/Operational","560","1504","rjaf-PC4429","S-1-5-18","7/2/2014 1:46:53 PM",,,"c:\users\mac_1\desktop\winevt\logs\microsoft-windows-terminalservices-localsessionmanager%4operational.evtx","System.UInt32[]","System.Diagnostics.Eventing.Reader.EventBookmark","Information","Info",,"System.Collections.ObjectModel.ReadOnlyCollection`1[System.String]","System.Collections.Generic.List`1[System.Diagnostics.Eventing.Reader.EventProperty]"
"Remote Desktop Services: Session logon succeeded:

User: RJAF-PC4429\rjaf
Session ID: 1
Source Network Address: LOCAL","21","0",,"4","0","0","1152921504606846976","472","Microsoft-Windows-TerminalServices-LocalSessionManager","5d896912-022d-40aa-a3a8-4fa5515c76d7","Microsoft-Windows-TerminalServices-LocalSessionManager/Operational","560","1504","rjaf-PC4429","S-1-5-18","7/2/2014 1:46:53 PM",,,"c:\users\mac_1\desktop\winevt\logs\microsoft-windows-terminalservices-localsessionmanager%4operational.evtx","System.UInt32[]","System.Diagnostics.Eventing.Reader.EventBookmark","Information","Info",,"System.Collections.ObjectModel.ReadOnlyCollection`1[System.String]","System.Collections.Generic.List`1[System.Diagnostics.Eventing.Reader.EventProperty]"
"Remote Desktop Services: Session logoff succeeded:

User: RJAF-PC4429\rjaf
Session ID: 1","23","0",,"4","0","0","1152921504606846976","471","Microsoft-Windows-TerminalServices-LocalSessionManager","5d896912-022d-40aa-a3a8-4fa5515c76d7","Microsoft-Windows-TerminalServices-LocalSessionManager/Operational","560","3020","rjaf-PC4429","S-1-5-18","7/2/2014 5:26:33 AM",,,"c:\users\mac_1\desktop\winevt\logs\microsoft-windows-terminalservices-localsessionmanager%4operational.evtx","System.UInt32[]","System.Diagnostics.Eventing.Reader.EventBookmark","Information","Info",,"System.Collections.ObjectModel.ReadOnlyCollection`1[System.String]","System.Collections.Generic.List`1[System.Diagnostics.Eventing.Reader.EventProperty]"
"Remote Desktop Services: Shell start notification received:

User: RJAF-PC4429\rjaf
Session ID: 1
Source Network Address: LOCAL","22","0",,"4","0","0","1152921504606846976","470","Microsoft-Windows-TerminalServices-LocalSessionManager","5d896912-022d-40aa-a3a8-4fa5515c76d7","Microsoft-Windows-TerminalServices-LocalSessionManager/Operational","560","824","rjaf-PC4429","S-1-5-18","6/30/2014 1:48:23 PM",,,"c:\users\mac_1\desktop\winevt\logs\microsoft-windows-terminalservices-localsessionmanager%4operational.evtx","System.UInt32[]","System.Diagnostics.Eventing.Reader.EventBookmark","Information","Info",,"System.Collections.ObjectModel.ReadOnlyCollection`1[System.String]","System.Collections.Generic.List`1[System.Diagnostics.Eventing.Reader.EventProperty]"
"Remote Desktop Services: Session logon succeeded:

User: RJAF-PC4429\rjaf
Session ID: 1
Source Network Address: LOCAL","21","0",,"4","0","0","1152921504606846976","469","Microsoft-Windows-TerminalServices-LocalSessionManager","5d896912-022d-40aa-a3a8-4fa5515c76d7","Microsoft-Windows-TerminalServices-LocalSessionManager/Operational","560","880","rjaf-PC4429","S-1-5-18","6/30/2014 1:48:22 PM",,,"c:\users\mac_1\desktop\winevt\logs\microsoft-windows-terminalservices-localsessionmanager%4operational.evtx","System.UInt32[]","System.Diagnostics.Eventing.Reader.EventBookmark","Information","Info",,"System.Collections.ObjectModel.ReadOnlyCollection`1[System.String]","System.Collections.Generic.List`1[System.Diagnostics.Eventing.Reader.EventProperty]"
"Remote Desktop Services: Shell start notification received:

User: RJAF-PC4429\rjaf
Session ID: 1
Source Network Address: LOCAL","22","0",,"4","0","0","1152921504606846976","468","Microsoft-Windows-TerminalServices-LocalSessionManager","5d896912-022d-40aa-a3a8-4fa5515c76d7","Microsoft-Windows-TerminalServices-LocalSessionManager/Operational","564","608","rjaf-PC4429","S-1-5-18","6/29/2014 11:05:20 AM",,,"c:\users\mac_1\desktop\winevt\logs\microsoft-windows-terminalservices-localsessionmanager%4operational.evtx","System.UInt32[]","System.Diagnostics.Eventing.Reader.EventBookmark","Information","Info",,"System.Collections.ObjectModel.ReadOnlyCollection`1[System.String]","System.Collections.Generic.List`1[System.Diagnostics.Eventing.Reader.EventProperty]"
"Remote Desktop Services: Session logon succeeded:

User: RJAF-PC4429\rjaf
Session ID: 1
Source Network Address: LOCAL","21","0",,"4","0","0","1152921504606846976","467","Microsoft-Windows-TerminalServices-LocalSessionManager","5d896912-022d-40aa-a3a8-4fa5515c76d7","Microsoft-Windows-TerminalServices-LocalSessionManager/Operational","564","820","rjaf-PC4429","S-1-5-18","6/29/2014 11:05:20 AM",,,"c:\users\mac_1\desktop\winevt\logs\microsoft-windows-terminalservices-localsessionmanager%4operational.evtx","System.UInt32[]","System.Diagnostics.Eventing.Reader.EventBookmark","Information","Info",,"System.Collections.ObjectModel.ReadOnlyCollection`1[System.String]","System.Collections.Generic.List`1[System.Diagnostics.Eventing.Reader.EventProperty]"
"Remote Desktop Services: Session logoff succeeded:

User: RJAF-PC4429\rjaf
Session ID: 1","23","0",,"4","0","0","1152921504606846976","466","Microsoft-Windows-TerminalServices-LocalSessionManager","5d896912-022d-40aa-a3a8-4fa5515c76d7","Microsoft-Windows-TerminalServices-LocalSessionManager/Operational","564","2568","rjaf-PC4429","S-1-5-18","6/29/2014 4:28:37 AM",,,"c:\users\mac_1\desktop\winevt\logs\microsoft-windows-terminalservices-localsessionmanager%4operational.evtx","System.UInt32[]","System.Diagnostics.Eventing.Reader.EventBookmark","Information","Info",,"System.Collections.ObjectModel.ReadOnlyCollection`1[System.String]","System.Collections.Generic.List`1[System.Diagnostics.Eventing.Reader.EventProperty]"
"Remote Desktop Services: Shell start notification received:

User: RJAF-PC4429\rjaf
Session ID: 1
Source Network Address: LOCAL","22","0",,"4","0","0","1152921504606846976","465","Microsoft-Windows-TerminalServices-LocalSessionManager","5d896912-022d-40aa-a3a8-4fa5515c76d7","Microsoft-Windows-TerminalServices-LocalSessionManager/Operational","564","812","rjaf-PC4429","S-1-5-18","6/28/2014 3:47:29 AM",,,"c:\users\mac_1\desktop\winevt\logs\microsoft-windows-terminalservices-localsessionmanager%4operational.evtx","System.UInt32[]","System.Diagnostics.Eventing.Reader.EventBookmark","Information","Info",,"System.Collections.ObjectModel.ReadOnlyCollection`1[System.String]","System.Collections.Generic.List`1[System.Diagnostics.Eventing.Reader.EventProperty]"
"Remote Desktop Services: Session logon succeeded:

User: RJAF-PC4429\rjaf
Session ID: 1
Source Network Address: LOCAL","21","0",,"4","0","0","1152921504606846976","464","Microsoft-Windows-TerminalServices-LocalSessionManager","5d896912-022d-40aa-a3a8-4fa5515c76d7","Microsoft-Windows-TerminalServices-LocalSessionManager/Operational","564","812","rjaf-PC4429","S-1-5-18","6/28/2014 3:47:29 AM",,,"c:\users\mac_1\desktop\winevt\logs\microsoft-windows-terminalservices-localsessionmanager%4operational.evtx","System.UInt32[]","System.Diagnostics.Eventing.Reader.EventBookmark","Information","Info",,"System.Collections.ObjectModel.ReadOnlyCollection`1[System.String]","System.Collections.Generic.List`1[System.Diagnostics.Eventing.Reader.EventProperty]"
"Remote Desktop Services: Session logoff succeeded:

User: RJAF-PC4429\rjaf
Session ID: 1","23","0",,"4","0","0","1152921504606846976","463","Microsoft-Windows-TerminalServices-LocalSessionManager","5d896912-022d-40aa-a3a8-4fa5515c76d7","Microsoft-Windows-TerminalServices-LocalSessionManager/Operational","564","5684","rjaf-PC4429","S-1-5-18","6/26/2014 1:04:32 PM",,,"c:\users\mac_1\desktop\winevt\logs\microsoft-windows-terminalservices-localsessionmanager%4operational.evtx","System.UInt32[]","System.Diagnostics.Eventing.Reader.EventBookmark","Information","Info",,"System.Collections.ObjectModel.ReadOnlyCollection`1[System.String]","System.Collections.Generic.List`1[System.Diagnostics.Eventing.Reader.EventProperty]"
"Remote Desktop Services: Session has been disconnected:

User: RJAF-PC4429\rjaf
Session ID: 1
Source Network Address: LOCAL","24","0",,"4","0","0","1152921504606846976","462","Microsoft-Windows-TerminalServices-LocalSessionManager","5d896912-022d-40aa-a3a8-4fa5515c76d7","Microsoft-Windows-TerminalServices-LocalSessionManager/Operational","564","5344","rjaf-PC4429","S-1-5-18","6/26/2014 1:04:21 PM",,,"c:\users\mac_1\desktop\winevt\logs\microsoft-windows-terminalservices-localsessionmanager%4operational.evtx","System.UInt32[]","System.Diagnostics.Eventing.Reader.EventBookmark","Information","Info",,"System.Collections.ObjectModel.ReadOnlyCollection`1[System.String]","System.Collections.Generic.List`1[System.Diagnostics.Eventing.Reader.EventProperty]"
"Remote Desktop Services: Shell start notification received:

User: RJAF-PC4429\rjaf
Session ID: 1
Source Network Address: LOCAL","22","0",,"4","0","0","1152921504606846976","461","Microsoft-Windows-TerminalServices-LocalSessionManager","5d896912-022d-40aa-a3a8-4fa5515c76d7","Microsoft-Windows-TerminalServices-LocalSessionManager/Operational","564","844","rjaf-PC4429","S-1-5-18","6/26/2014 12:20:36 AM",,,"c:\users\mac_1\desktop\winevt\logs\microsoft-windows-terminalservices-localsessionmanager%4operational.evtx","System.UInt32[]","System.Diagnostics.Eventing.Reader.EventBookmark","Information","Info",,"System.Collections.ObjectModel.ReadOnlyCollection`1[System.String]","System.Collections.Generic.List`1[System.Diagnostics.Eventing.Reader.EventProperty]"
"Remote Desktop Services: Session logon succeeded:

User: RJAF-PC4429\rjaf
Session ID: 1
Source Network Address: LOCAL","21","0",,"4","0","0","1152921504606846976","460","Microsoft-Windows-TerminalServices-LocalSessionManager","5d896912-022d-40aa-a3a8-4fa5515c76d7","Microsoft-Windows-TerminalServices-LocalSessionManager/Operational","564","844","rjaf-PC4429","S-1-5-18","6/26/2014 12:20:36 AM",,,"c:\users\mac_1\desktop\winevt\logs\microsoft-windows-terminalservices-localsessionmanager%4operational.evtx","System.UInt32[]","System.Diagnostics.Eventing.Reader.EventBookmark","Information","Info",,"System.Collections.ObjectModel.ReadOnlyCollection`1[System.String]","System.Collections.Generic.List`1[System.Diagnostics.Eventing.Reader.EventProperty]"
"Remote Desktop Services: Session logoff succeeded:

User: RJAF-PC4429\rjaf
Session ID: 1","23","0",,"4","0","0","1152921504606846976","459","Microsoft-Windows-TerminalServices-LocalSessionManager","5d896912-022d-40aa-a3a8-4fa5515c76d7","Microsoft-Windows-TerminalServices-LocalSessionManager/Operational","568","2692","rjaf-PC4429","S-1-5-18","6/26/2014 12:07:16 AM",,,"c:\users\mac_1\desktop\winevt\logs\microsoft-windows-terminalservices-localsessionmanager%4operational.evtx","System.UInt32[]","System.Diagnostics.Eventing.Reader.EventBookmark","Information","Info",,"System.Collections.ObjectModel.ReadOnlyCollection`1[System.String]","System.Collections.Generic.List`1[System.Diagnostics.Eventing.Reader.EventProperty]"
"Remote Desktop Services: Shell start notification received:

User: RJAF-PC4429\rjaf
Session ID: 1
Source Network Address: LOCAL","22","0",,"4","0","0","1152921504606846976","458","Microsoft-Windows-TerminalServices-LocalSessionManager","5d896912-022d-40aa-a3a8-4fa5515c76d7","Microsoft-Windows-TerminalServices-LocalSessionManager/Operational","568","820","rjaf-PC4429","S-1-5-18","6/25/2014 10:27:57 PM",,,"c:\users\mac_1\desktop\winevt\logs\microsoft-windows-terminalservices-localsessionmanager%4operational.evtx","System.UInt32[]","System.Diagnostics.Eventing.Reader.EventBookmark","Information","Info",,"System.Collections.ObjectModel.ReadOnlyCollection`1[System.String]","System.Collections.Generic.List`1[System.Diagnostics.Eventing.Reader.EventProperty]"
"Remote Desktop Services: Session logon succeeded:

User: RJAF-PC4429\rjaf
Session ID: 1
Source Network Address: LOCAL","21","0",,"4","0","0","1152921504606846976","457","Microsoft-Windows-TerminalServices-LocalSessionManager","5d896912-022d-40aa-a3a8-4fa5515c76d7","Microsoft-Windows-TerminalServices-LocalSessionManager/Operational","568","820","rjaf-PC4429","S-1-5-18","6/25/2014 10:27:56 PM",,,"c:\users\mac_1\desktop\winevt\logs\microsoft-windows-terminalservices-localsessionmanager%4operational.evtx","System.UInt32[]","System.Diagnostics.Eventing.Reader.EventBookmark","Information","Info",,"System.Collections.ObjectModel.ReadOnlyCollection`1[System.String]","System.Collections.Generic.List`1[System.Diagnostics.Eventing.Reader.EventProperty]"
"Remote Desktop Services: Session logoff succeeded:

User: RJAF-PC4429\rjaf
Session ID: 1","23","0",,"4","0","0","1152921504606846976","456","Microsoft-Windows-TerminalServices-LocalSessionManager","5d896912-022d-40aa-a3a8-4fa5515c76d7","Microsoft-Windows-TerminalServices-LocalSessionManager/Operational","564","5660","rjaf-PC4429","S-1-5-18","6/25/2014 6:22:12 AM",,,"c:\users\mac_1\desktop\winevt\logs\microsoft-windows-terminalservices-localsessionmanager%4operational.evtx","System.UInt32[]","System.Diagnostics.Eventing.Reader.EventBookmark","Information","Info",,"System.Collections.ObjectModel.ReadOnlyCollection`1[System.String]","System.Collections.Generic.List`1[System.Diagnostics.Eventing.Reader.EventProperty]"
"Remote Desktop Services: Shell start notification received:

User: RJAF-PC4429\rjaf
Session ID: 1
Source Network Address: LOCAL","22","0",,"4","0","0","1152921504606846976","455","Microsoft-Windows-TerminalServices-LocalSessionManager","5d896912-022d-40aa-a3a8-4fa5515c76d7","Microsoft-Windows-TerminalServices-LocalSessionManager/Operational","564","812","rjaf-PC4429","S-1-5-18","6/25/2014 2:42:23 AM",,,"c:\users\mac_1\desktop\winevt\logs\microsoft-windows-terminalservices-localsessionmanager%4operational.evtx","System.UInt32[]","System.Diagnostics.Eventing.Reader.EventBookmark","Information","Info",,"System.Collections.ObjectModel.ReadOnlyCollection`1[System.String]","System.Collections.Generic.List`1[System.Diagnostics.Eventing.Reader.EventProperty]"
"Remote Desktop Services: Session logon succeeded:

User: RJAF-PC4429\rjaf
Session ID: 1
Source Network Address: LOCAL","21","0",,"4","0","0","1152921504606846976","454","Microsoft-Windows-TerminalServices-LocalSessionManager","5d896912-022d-40aa-a3a8-4fa5515c76d7","Microsoft-Windows-TerminalServices-LocalSessionManager/Operational","564","812","rjaf-PC4429","S-1-5-18","6/25/2014 2:42:23 AM",,,"c:\users\mac_1\desktop\winevt\logs\microsoft-windows-terminalservices-localsessionmanager%4operational.evtx","System.UInt32[]","System.Diagnostics.Eventing.Reader.EventBookmark","Information","Info",,"System.Collections.ObjectModel.ReadOnlyCollection`1[System.String]","System.Collections.Generic.List`1[System.Diagnostics.Eventing.Reader.EventProperty]"
"Remote Desktop Services: Session logoff succeeded:

User: RJAF-PC4429\rjaf
Session ID: 1","23","0",,"4","0","0","1152921504606846976","453","Microsoft-Windows-TerminalServices-LocalSessionManager","5d896912-022d-40aa-a3a8-4fa5515c76d7","Microsoft-Windows-TerminalServices-LocalSessionManager/Operational","564","4204","rjaf-PC4429","S-1-5-18","6/24/2014 1:44:23 PM",,,"c:\users\mac_1\desktop\winevt\logs\microsoft-windows-terminalservices-localsessionmanager%4operational.evtx","System.UInt32[]","System.Diagnostics.Eventing.Reader.EventBookmark","Information","Info",,"System.Collections.ObjectModel.ReadOnlyCollection`1[System.String]","System.Collections.Generic.List`1[System.Diagnostics.Eventing.Reader.EventProperty]"
"Remote Desktop Services: Shell start notification received:

User: RJAF-PC4429\rjaf
Session ID: 1
Source Network Address: LOCAL","22","0",,"4","0","0","1152921504606846976","452","Microsoft-Windows-TerminalServices-LocalSessionManager","5d896912-022d-40aa-a3a8-4fa5515c76d7","Microsoft-Windows-TerminalServices-LocalSessionManager/Operational","564","824","rjaf-PC4429","S-1-5-18","6/24/2014 3:09:53 AM",,,"c:\users\mac_1\desktop\winevt\logs\microsoft-windows-terminalservices-localsessionmanager%4operational.evtx","System.UInt32[]","System.Diagnostics.Eventing.Reader.EventBookmark","Information","Info",,"System.Collections.ObjectModel.ReadOnlyCollection`1[System.String]","System.Collections.Generic.List`1[System.Diagnostics.Eventing.Reader.EventProperty]"
"Remote Desktop Services: Session logon succeeded:

User: RJAF-PC4429\rjaf
Session ID: 1
Source Network Address: LOCAL","21","0",,"4","0","0","1152921504606846976","451","Microsoft-Windows-TerminalServices-LocalSessionManager","5d896912-022d-40aa-a3a8-4fa5515c76d7","Microsoft-Windows-TerminalServices-LocalSessionManager/Operational","564","824","rjaf-PC4429","S-1-5-18","6/24/2014 3:09:53 AM",,,"c:\users\mac_1\desktop\winevt\logs\microsoft-windows-terminalservices-localsessionmanager%4operational.evtx","System.UInt32[]","System.Diagnostics.Eventing.Reader.EventBookmark","Information","Info",,"System.Collections.ObjectModel.ReadOnlyCollection`1[System.String]","System.Collections.Generic.List`1[System.Diagnostics.Eventing.Reader.EventProperty]"
"Remote Desktop Services: Session logoff succeeded:

User: RJAF-PC4429\rjaf
Session ID: 1","23","0",,"4","0","0","1152921504606846976","450","Microsoft-Windows-TerminalServices-LocalSessionManager","5d896912-022d-40aa-a3a8-4fa5515c76d7","Microsoft-Windows-TerminalServices-LocalSessionManager/Operational","568","8820","rjaf-PC4429","S-1-5-18","6/23/2014 2:06:17 PM",,,"c:\users\mac_1\desktop\winevt\logs\microsoft-windows-terminalservices-localsessionmanager%4operational.evtx","System.UInt32[]","System.Diagnostics.Eventing.Reader.EventBookmark","Information","Info",,"System.Collections.ObjectModel.ReadOnlyCollection`1[System.String]","System.Collections.Generic.List`1[System.Diagnostics.Eventing.Reader.EventProperty]"
"Remote Desktop Services: Shell start notification received:

User: RJAF-PC4429\rjaf
Session ID: 1
Source Network Address: LOCAL","22","0",,"4","0","0","1152921504606846976","449","Microsoft-Windows-TerminalServices-LocalSessionManager","5d896912-022d-40aa-a3a8-4fa5515c76d7","Microsoft-Windows-TerminalServices-LocalSessionManager/Operational","568","1152","rjaf-PC4429","S-1-5-18","6/23/2014 6:01:10 AM",,,"c:\users\mac_1\desktop\winevt\logs\microsoft-windows-terminalservices-localsessionmanager%4operational.evtx","System.UInt32[]","System.Diagnostics.Eventing.Reader.EventBookmark","Information","Info",,"System.Collections.ObjectModel.ReadOnlyCollection`1[System.String]","System.Collections.Generic.List`1[System.Diagnostics.Eventing.Reader.EventProperty]"
"Remote Desktop Services: Session logon succeeded:

User: RJAF-PC4429\rjaf
Session ID: 1
Source Network Address: LOCAL","21","0",,"4","0","0","1152921504606846976","448","Microsoft-Windows-TerminalServices-LocalSessionManager","5d896912-022d-40aa-a3a8-4fa5515c76d7","Microsoft-Windows-TerminalServices-LocalSessionManager/Operational","568","1152","rjaf-PC4429","S-1-5-18","6/23/2014 6:01:10 AM",,,"c:\users\mac_1\desktop\winevt\logs\microsoft-windows-terminalservices-localsessionmanager%4operational.evtx","System.UInt32[]","System.Diagnostics.Eventing.Reader.EventBookmark","Information","Info",,"System.Collections.ObjectModel.ReadOnlyCollection`1[System.String]","System.Collections.Generic.List`1[System.Diagnostics.Eventing.Reader.EventProperty]"
"Remote Desktop Services: Session logoff succeeded:

User: RJAF-PC4429\rjaf
Session ID: 1","23","0",,"4","0","0","1152921504606846976","447","Microsoft-Windows-TerminalServices-LocalSessionManager","5d896912-022d-40aa-a3a8-4fa5515c76d7","Microsoft-Windows-TerminalServices-LocalSessionManager/Operational","568","6096","rjaf-PC4429","S-1-5-18","6/23/2014 3:03:47 AM",,,"c:\users\mac_1\desktop\winevt\logs\microsoft-windows-terminalservices-localsessionmanager%4operational.evtx","System.UInt32[]","System.Diagnostics.Eventing.Reader.EventBookmark","Information","Info",,"System.Collections.ObjectModel.ReadOnlyCollection`1[System.String]","System.Collections.Generic.List`1[System.Diagnostics.Eventing.Reader.EventProperty]"
"Remote Desktop Services: Shell start notification received:

User: RJAF-PC4429\rjaf
Session ID: 1
Source Network Address: LOCAL","22","0",,"4","0","0","1152921504606846976","446","Microsoft-Windows-TerminalServices-LocalSessionManager","5d896912-022d-40aa-a3a8-4fa5515c76d7","Microsoft-Windows-TerminalServices-LocalSessionManager/Operational","568","1240","rjaf-PC4429","S-1-5-18","6/18/2014 12:59:58 AM",,,"c:\users\mac_1\desktop\winevt\logs\microsoft-windows-terminalservices-localsessionmanager%4operational.evtx","System.UInt32[]","System.Diagnostics.Eventing.Reader.EventBookmark","Information","Info",,"System.Collections.ObjectModel.ReadOnlyCollection`1[System.String]","System.Collections.Generic.List`1[System.Diagnostics.Eventing.Reader.EventProperty]"
"Remote Desktop Services: Session logon succeeded:

User: RJAF-PC4429\rjaf
Session ID: 1
Source Network Address: LOCAL","21","0",,"4","0","0","1152921504606846976","445","Microsoft-Windows-TerminalServices-LocalSessionManager","5d896912-022d-40aa-a3a8-4fa5515c76d7","Microsoft-Windows-TerminalServices-LocalSessionManager/Operational","568","1240","rjaf-PC4429","S-1-5-18","6/18/2014 12:59:58 AM",,,"c:\users\mac_1\desktop\winevt\logs\microsoft-windows-terminalservices-localsessionmanager%4operational.evtx","System.UInt32[]","System.Diagnostics.Eventing.Reader.EventBookmark","Information","Info",,"System.Collections.ObjectModel.ReadOnlyCollection`1[System.String]","System.Collections.Generic.List`1[System.Diagnostics.Eventing.Reader.EventProperty]"
"Remote Desktop Services: Session logoff succeeded:

User: RJAF-PC4429\rjaf
Session ID: 1","23","0",,"4","0","0","1152921504606846976","444","Microsoft-Windows-TerminalServices-LocalSessionManager","5d896912-022d-40aa-a3a8-4fa5515c76d7","Microsoft-Windows-TerminalServices-LocalSessionManager/Operational","556","5020","rjaf-PC4429","S-1-5-18","6/18/2014 12:59:09 AM",,,"c:\users\mac_1\desktop\winevt\logs\microsoft-windows-terminalservices-localsessionmanager%4operational.evtx","System.UInt32[]","System.Diagnostics.Eventing.Reader.EventBookmark","Information","Info",,"System.Collections.ObjectModel.ReadOnlyCollection`1[System.String]","System.Collections.Generic.List`1[System.Diagnostics.Eventing.Reader.EventProperty]"
"Remote Desktop Services: Shell start notification received:

User: RJAF-PC4429\rjaf
Session ID: 1
Source Network Address: LOCAL","22","0",,"4","0","0","1152921504606846976","443","Microsoft-Windows-TerminalServices-LocalSessionManager","5d896912-022d-40aa-a3a8-4fa5515c76d7","Microsoft-Windows-TerminalServices-LocalSessionManager/Operational","556","812","rjaf-PC4429","S-1-5-18","6/16/2014 7:14:45 AM",,,"c:\users\mac_1\desktop\winevt\logs\microsoft-windows-terminalservices-localsessionmanager%4operational.evtx","System.UInt32[]","System.Diagnostics.Eventing.Reader.EventBookmark","Information","Info",,"System.Collections.ObjectModel.ReadOnlyCollection`1[System.String]","System.Collections.Generic.List`1[System.Diagnostics.Eventing.Reader.EventProperty]"
"Remote Desktop Services: Session logon succeeded:

User: RJAF-PC4429\rjaf
Session ID: 1
Source Network Address: LOCAL","21","0",,"4","0","0","1152921504606846976","442","Microsoft-Windows-TerminalServices-LocalSessionManager","5d896912-022d-40aa-a3a8-4fa5515c76d7","Microsoft-Windows-TerminalServices-LocalSessionManager/Operational","556","812","rjaf-PC4429","S-1-5-18","6/16/2014 7:14:45 AM",,,"c:\users\mac_1\desktop\winevt\logs\microsoft-windows-terminalservices-localsessionmanager%4operational.evtx","System.UInt32[]","System.Diagnostics.Eventing.Reader.EventBookmark","Information","Info",,"System.Collections.ObjectModel.ReadOnlyCollection`1[System.String]","System.Collections.Generic.List`1[System.Diagnostics.Eventing.Reader.EventProperty]"
"Remote Desktop Services: Shell start notification received:

User: RJAF-PC4429\rjaf
Session ID: 1
Source Network Address: LOCAL","22","0",,"4","0","0","1152921504606846976","441","Microsoft-Windows-TerminalServices-LocalSessionManager","5d896912-022d-40aa-a3a8-4fa5515c76d7","Microsoft-Windows-TerminalServices-LocalSessionManager/Operational","556","828","rjaf-PC4429","S-1-5-18","6/15/2014 12:56:49 AM",,,"c:\users\mac_1\desktop\winevt\logs\microsoft-windows-terminalservices-localsessionmanager%4operational.evtx","System.UInt32[]","System.Diagnostics.Eventing.Reader.EventBookmark","Information","Info",,"System.Collections.ObjectModel.ReadOnlyCollection`1[System.String]","System.Collections.Generic.List`1[System.Diagnostics.Eventing.Reader.EventProperty]"
"Remote Desktop Services: Session logon succeeded:

User: RJAF-PC4429\rjaf
Session ID: 1
Source Network Address: LOCAL","21","0",,"4","0","0","1152921504606846976","440","Microsoft-Windows-TerminalServices-LocalSessionManager","5d896912-022d-40aa-a3a8-4fa5515c76d7","Microsoft-Windows-TerminalServices-LocalSessionManager/Operational","556","828","rjaf-PC4429","S-1-5-18","6/15/2014 12:56:49 AM",,,"c:\users\mac_1\desktop\winevt\logs\microsoft-windows-terminalservices-localsessionmanager%4operational.evtx","System.UInt32[]","System.Diagnostics.Eventing.Reader.EventBookmark","Information","Info",,"System.Collections.ObjectModel.ReadOnlyCollection`1[System.String]","System.Collections.Generic.List`1[System.Diagnostics.Eventing.Reader.EventProperty]"
"Remote Desktop Services: Session logoff succeeded:

User: RJAF-PC4429\rjaf
Session ID: 1","23","0",,"4","0","0","1152921504606846976","439","Microsoft-Windows-TerminalServices-LocalSessionManager","5d896912-022d-40aa-a3a8-4fa5515c76d7","Microsoft-Windows-TerminalServices-LocalSessionManager/Operational","564","5176","rjaf-PC4429","S-1-5-18","6/14/2014 12:20:41 PM",,,"c:\users\mac_1\desktop\winevt\logs\microsoft-windows-terminalservices-localsessionmanager%4operational.evtx","System.UInt32[]","System.Diagnostics.Eventing.Reader.EventBookmark","Information","Info",,"System.Collections.ObjectModel.ReadOnlyCollection`1[System.String]","System.Collections.Generic.List`1[System.Diagnostics.Eventing.Reader.EventProperty]"
"Remote Desktop Services: Shell start notification received:

User: RJAF-PC4429\rjaf
Session ID: 1
Source Network Address: LOCAL","22","0",,"4","0","0","1152921504606846976","438","Microsoft-Windows-TerminalServices-LocalSessionManager","5d896912-022d-40aa-a3a8-4fa5515c76d7","Microsoft-Windows-TerminalServices-LocalSessionManager/Operational","564","1884","rjaf-PC4429","S-1-5-18","6/14/2014 6:02:57 AM",,,"c:\users\mac_1\desktop\winevt\logs\microsoft-windows-terminalservices-localsessionmanager%4operational.evtx","System.UInt32[]","System.Diagnostics.Eventing.Reader.EventBookmark","Information","Info",,"System.Collections.ObjectModel.ReadOnlyCollection`1[System.String]","System.Collections.Generic.List`1[System.Diagnostics.Eventing.Reader.EventProperty]"
"Remote Desktop Services: Session logon succeeded:

User: RJAF-PC4429\rjaf
Session ID: 1
Source Network Address: LOCAL","21","0",,"4","0","0","1152921504606846976","437","Microsoft-Windows-TerminalServices-LocalSessionManager","5d896912-022d-40aa-a3a8-4fa5515c76d7","Microsoft-Windows-TerminalServices-LocalSessionManager/Operational","564","892","rjaf-PC4429","S-1-5-18","6/14/2014 6:02:57 AM",,,"c:\users\mac_1\desktop\winevt\logs\microsoft-windows-terminalservices-localsessionmanager%4operational.evtx","System.UInt32[]","System.Diagnostics.Eventing.Reader.EventBookmark","Information","Info",,"System.Collections.ObjectModel.ReadOnlyCollection`1[System.String]","System.Collections.Generic.List`1[System.Diagnostics.Eventing.Reader.EventProperty]"
"Remote Desktop Services: Session logoff succeeded:

User: RJAF-PC4429\rjaf
Session ID: 1","23","0",,"4","0","0","1152921504606846976","436","Microsoft-Windows-TerminalServices-LocalSessionManager","5d896912-022d-40aa-a3a8-4fa5515c76d7","Microsoft-Windows-TerminalServices-LocalSessionManager/Operational","556","13740","rjaf-PC4429","S-1-5-18","6/14/2014 1:25:53 AM",,,"c:\users\mac_1\desktop\winevt\logs\microsoft-windows-terminalservices-localsessionmanager%4operational.evtx","System.UInt32[]","System.Diagnostics.Eventing.Reader.EventBookmark","Information","Info",,"System.Collections.ObjectModel.ReadOnlyCollection`1[System.String]","System.Collections.Generic.List`1[System.Diagnostics.Eventing.Reader.EventProperty]"
