"Error 0x80070002 occurred while verifying known folder {1777F761-68AD-4D8A-87BD-30B759FA33DD} with path 'C:\Windows\system32\config\systemprofile\Favorites'.","1002","0",,"3","0","0","-9223372036854775808","2557","Microsoft-Windows-KnownFolders","8939299f-2315-4c5c-9b91-abb86aa0627d","Microsoft-Windows-Known Folders API Service","2920","3196","rjaf-PC4429","S-1-5-18","1/29/2015 4:20:08 AM",,,"c:\users\mac_1\desktop\winevt\logs\microsoft-windows-known folders api service.evtx","System.UInt32[]","System.Diagnostics.Eventing.Reader.EventBookmark","Warning","Info",,"System.Collections.ObjectModel.ReadOnlyCollection`1[System.String]","System.Collections.Generic.List`1[System.Diagnostics.Eventing.Reader.EventProperty]"
"Error 0x80070005 occurred while verifying known folder {F1B32785-6FBA-4FCF-9D55-7B8E7F157091} with path 'C:\Windows\system32\config\systemprofile\AppData\Local'.","1002","0",,"3","0","0","-9223372036854775808","2556","Microsoft-Windows-KnownFolders","8939299f-2315-4c5c-9b91-abb86aa0627d","Microsoft-Windows-Known Folders API Service","3720","2440","rjaf-PC4429","S-1-5-18","1/27/2015 1:56:08 AM",,,"c:\users\mac_1\desktop\winevt\logs\microsoft-windows-known folders api service.evtx","System.UInt32[]","System.Diagnostics.Eventing.Reader.EventBookmark","Warning","Info",,"System.Collections.ObjectModel.ReadOnlyCollection`1[System.String]","System.Collections.Generic.List`1[System.Diagnostics.Eventing.Reader.EventProperty]"
"Error 0x80070005 occurred while creating known folder {F1B32785-6FBA-4FCF-9D55-7B8E7F157091} with path 'C:\Windows\system32\config\systemprofile\AppData\Local'.","1000","0",,"3","0","0","-9223372036854775808","2555","Microsoft-Windows-KnownFolders","8939299f-2315-4c5c-9b91-abb86aa0627d","Microsoft-Windows-Known Folders API Service","2224","3732","rjaf-PC4429","S-1-5-18","1/27/2015 1:55:17 AM",,,"c:\users\mac_1\desktop\winevt\logs\microsoft-windows-known folders api service.evtx","System.UInt32[]","System.Diagnostics.Eventing.Reader.EventBookmark","Warning","Info",,"System.Collections.ObjectModel.ReadOnlyCollection`1[System.String]","System.Collections.Generic.List`1[System.Diagnostics.Eventing.Reader.EventProperty]"
"Error 0x80070005 occurred while creating known folder {5E6C858F-0E22-4760-9AFE-EA3317B67173} with path 'C:\Windows\system32\config\systemprofile'.","1000","0",,"3","0","0","-9223372036854775808","2554","Microsoft-Windows-KnownFolders","8939299f-2315-4c5c-9b91-abb86aa0627d","Microsoft-Windows-Known Folders API Service","2224","3732","rjaf-PC4429","S-1-5-18","1/27/2015 1:55:17 AM",,,"c:\users\mac_1\desktop\winevt\logs\microsoft-windows-known folders api service.evtx","System.UInt32[]","System.Diagnostics.Eventing.Reader.EventBookmark","Warning","Info",,"System.Collections.ObjectModel.ReadOnlyCollection`1[System.String]","System.Collections.Generic.List`1[System.Diagnostics.Eventing.Reader.EventProperty]"
"Error 0x80070005 occurred while creating known folder {F1B32785-6FBA-4FCF-9D55-7B8E7F157091} with path 'C:\Windows\system32\config\systemprofile\AppData\Local'.","1000","0",,"3","0","0","-9223372036854775808","2553","Microsoft-Windows-KnownFolders","8939299f-2315-4c5c-9b91-abb86aa0627d","Microsoft-Windows-Known Folders API Service","2224","3732","rjaf-PC4429","S-1-5-18","1/27/2015 1:55:17 AM",,,"c:\users\mac_1\desktop\winevt\logs\microsoft-windows-known folders api service.evtx","System.UInt32[]","System.Diagnostics.Eventing.Reader.EventBookmark","Warning","Info",,"System.Collections.ObjectModel.ReadOnlyCollection`1[System.String]","System.Collections.Generic.List`1[System.Diagnostics.Eventing.Reader.EventProperty]"
"Error 0x80070005 occurred while creating known folder {5E6C858F-0E22-4760-9AFE-EA3317B67173} with path 'C:\Windows\system32\config\systemprofile'.","1000","0",,"3","0","0","-9223372036854775808","2552","Microsoft-Windows-KnownFolders","8939299f-2315-4c5c-9b91-abb86aa0627d","Microsoft-Windows-Known Folders API Service","2224","3732","rjaf-PC4429","S-1-5-18","1/27/2015 1:55:17 AM",,,"c:\users\mac_1\desktop\winevt\logs\microsoft-windows-known folders api service.evtx","System.UInt32[]","System.Diagnostics.Eventing.Reader.EventBookmark","Warning","Info",,"System.Collections.ObjectModel.ReadOnlyCollection`1[System.String]","System.Collections.Generic.List`1[System.Diagnostics.Eventing.Reader.EventProperty]"
"Error 0x80070005 occurred while creating known folder {F1B32785-6FBA-4FCF-9D55-7B8E7F157091} with path 'C:\Windows\system32\config\systemprofile\AppData\Local'.","1000","0",,"3","0","0","-9223372036854775808","2551","Microsoft-Windows-KnownFolders","8939299f-2315-4c5c-9b91-abb86aa0627d","Microsoft-Windows-Known Folders API Service","2224","3732","rjaf-PC4429","S-1-5-18","1/27/2015 1:55:17 AM",,,"c:\users\mac_1\desktop\winevt\logs\microsoft-windows-known folders api service.evtx","System.UInt32[]","System.Diagnostics.Eventing.Reader.EventBookmark","Warning","Info",,"System.Collections.ObjectModel.ReadOnlyCollection`1[System.String]","System.Collections.Generic.List`1[System.Diagnostics.Eventing.Reader.EventProperty]"
"Error 0x80070005 occurred while creating known folder {5E6C858F-0E22-4760-9AFE-EA3317B67173} with path 'C:\Windows\system32\config\systemprofile'.","1000","0",,"3","0","0","-9223372036854775808","2550","Microsoft-Windows-KnownFolders","8939299f-2315-4c5c-9b91-abb86aa0627d","Microsoft-Windows-Known Folders API Service","2224","3732","rjaf-PC4429","S-1-5-18","1/27/2015 1:55:17 AM",,,"c:\users\mac_1\desktop\winevt\logs\microsoft-windows-known folders api service.evtx","System.UInt32[]","System.Diagnostics.Eventing.Reader.EventBookmark","Warning","Info",,"System.Collections.ObjectModel.ReadOnlyCollection`1[System.String]","System.Collections.Generic.List`1[System.Diagnostics.Eventing.Reader.EventProperty]"
"Error 0x80070005 occurred while verifying known folder {F1B32785-6FBA-4FCF-9D55-7B8E7F157091} with path 'C:\Windows\system32\config\systemprofile\AppData\Local'.","1002","0",,"3","0","0","-9223372036854775808","2549","Microsoft-Windows-KnownFolders","8939299f-2315-4c5c-9b91-abb86aa0627d","Microsoft-Windows-Known Folders API Service","2224","3732","rjaf-PC4429","S-1-5-18","1/27/2015 1:53:41 AM",,,"c:\users\mac_1\desktop\winevt\logs\microsoft-windows-known folders api service.evtx","System.UInt32[]","System.Diagnostics.Eventing.Reader.EventBookmark","Warning","Info",,"System.Collections.ObjectModel.ReadOnlyCollection`1[System.String]","System.Collections.Generic.List`1[System.Diagnostics.Eventing.Reader.EventProperty]"
"Error 0x80070005 occurred while creating known folder {F1B32785-6FBA-4FCF-9D55-7B8E7F157091} with path 'C:\Windows\system32\config\systemprofile\AppData\Local'.","1000","0",,"3","0","0","-9223372036854775808","2548","Microsoft-Windows-KnownFolders","8939299f-2315-4c5c-9b91-abb86aa0627d","Microsoft-Windows-Known Folders API Service","3988","3016","rjaf-PC4429","S-1-5-18","1/27/2015 1:53:13 AM",,,"c:\users\mac_1\desktop\winevt\logs\microsoft-windows-known folders api service.evtx","System.UInt32[]","System.Diagnostics.Eventing.Reader.EventBookmark","Warning","Info",,"System.Collections.ObjectModel.ReadOnlyCollection`1[System.String]","System.Collections.Generic.List`1[System.Diagnostics.Eventing.Reader.EventProperty]"
"Error 0x80070005 occurred while creating known folder {5E6C858F-0E22-4760-9AFE-EA3317B67173} with path 'C:\Windows\system32\config\systemprofile'.","1000","0",,"3","0","0","-9223372036854775808","2547","Microsoft-Windows-KnownFolders","8939299f-2315-4c5c-9b91-abb86aa0627d","Microsoft-Windows-Known Folders API Service","3988","3016","rjaf-PC4429","S-1-5-18","1/27/2015 1:53:13 AM",,,"c:\users\mac_1\desktop\winevt\logs\microsoft-windows-known folders api service.evtx","System.UInt32[]","System.Diagnostics.Eventing.Reader.EventBookmark","Warning","Info",,"System.Collections.ObjectModel.ReadOnlyCollection`1[System.String]","System.Collections.Generic.List`1[System.Diagnostics.Eventing.Reader.EventProperty]"
"Error 0x80070005 occurred while creating known folder {F1B32785-6FBA-4FCF-9D55-7B8E7F157091} with path 'C:\Windows\system32\config\systemprofile\AppData\Local'.","1000","0",,"3","0","0","-9223372036854775808","2546","Microsoft-Windows-KnownFolders","8939299f-2315-4c5c-9b91-abb86aa0627d","Microsoft-Windows-Known Folders API Service","3988","3016","rjaf-PC4429","S-1-5-18","1/27/2015 1:53:13 AM",,,"c:\users\mac_1\desktop\winevt\logs\microsoft-windows-known folders api service.evtx","System.UInt32[]","System.Diagnostics.Eventing.Reader.EventBookmark","Warning","Info",,"System.Collections.ObjectModel.ReadOnlyCollection`1[System.String]","System.Collections.Generic.List`1[System.Diagnostics.Eventing.Reader.EventProperty]"
"Error 0x80070005 occurred while creating known folder {5E6C858F-0E22-4760-9AFE-EA3317B67173} with path 'C:\Windows\system32\config\systemprofile'.","1000","0",,"3","0","0","-9223372036854775808","2545","Microsoft-Windows-KnownFolders","8939299f-2315-4c5c-9b91-abb86aa0627d","Microsoft-Windows-Known Folders API Service","3988","3016","rjaf-PC4429","S-1-5-18","1/27/2015 1:53:13 AM",,,"c:\users\mac_1\desktop\winevt\logs\microsoft-windows-known folders api service.evtx","System.UInt32[]","System.Diagnostics.Eventing.Reader.EventBookmark","Warning","Info",,"System.Collections.ObjectModel.ReadOnlyCollection`1[System.String]","System.Collections.Generic.List`1[System.Diagnostics.Eventing.Reader.EventProperty]"
"Error 0x80070005 occurred while creating known folder {F1B32785-6FBA-4FCF-9D55-7B8E7F157091} with path 'C:\Windows\system32\config\systemprofile\AppData\Local'.","1000","0",,"3","0","0","-9223372036854775808","2544","Microsoft-Windows-KnownFolders","8939299f-2315-4c5c-9b91-abb86aa0627d","Microsoft-Windows-Known Folders API Service","3988","3016","rjaf-PC4429","S-1-5-18","1/27/2015 1:53:13 AM",,,"c:\users\mac_1\desktop\winevt\logs\microsoft-windows-known folders api service.evtx","System.UInt32[]","System.Diagnostics.Eventing.Reader.EventBookmark","Warning","Info",,"System.Collections.ObjectModel.ReadOnlyCollection`1[System.String]","System.Collections.Generic.List`1[System.Diagnostics.Eventing.Reader.EventProperty]"
"Error 0x80070005 occurred while creating known folder {5E6C858F-0E22-4760-9AFE-EA3317B67173} with path 'C:\Windows\system32\config\systemprofile'.","1000","0",,"3","0","0","-9223372036854775808","2543","Microsoft-Windows-KnownFolders","8939299f-2315-4c5c-9b91-abb86aa0627d","Microsoft-Windows-Known Folders API Service","3988","3016","rjaf-PC4429","S-1-5-18","1/27/2015 1:53:13 AM",,,"c:\users\mac_1\desktop\winevt\logs\microsoft-windows-known folders api service.evtx","System.UInt32[]","System.Diagnostics.Eventing.Reader.EventBookmark","Warning","Info",,"System.Collections.ObjectModel.ReadOnlyCollection`1[System.String]","System.Collections.Generic.List`1[System.Diagnostics.Eventing.Reader.EventProperty]"
"Error 0x80070005 occurred while verifying known folder {F1B32785-6FBA-4FCF-9D55-7B8E7F157091} with path 'C:\Windows\system32\config\systemprofile\AppData\Local'.","1002","0",,"3","0","0","-9223372036854775808","2542","Microsoft-Windows-KnownFolders","8939299f-2315-4c5c-9b91-abb86aa0627d","Microsoft-Windows-Known Folders API Service","3988","3016","rjaf-PC4429","S-1-5-18","1/27/2015 1:51:40 AM",,,"c:\users\mac_1\desktop\winevt\logs\microsoft-windows-known folders api service.evtx","System.UInt32[]","System.Diagnostics.Eventing.Reader.EventBookmark","Warning","Info",,"System.Collections.ObjectModel.ReadOnlyCollection`1[System.String]","System.Collections.Generic.List`1[System.Diagnostics.Eventing.Reader.EventProperty]"
"Error 0x80070005 occurred while verifying known folder {F1B32785-6FBA-4FCF-9D55-7B8E7F157091} with path 'C:\Windows\system32\config\systemprofile\AppData\Local'.","1002","0",,"3","0","0","-9223372036854775808","2541","Microsoft-Windows-KnownFolders","8939299f-2315-4c5c-9b91-abb86aa0627d","Microsoft-Windows-Known Folders API Service","1148","620","rjaf-PC4429","S-1-5-18","1/27/2015 1:49:31 AM",,,"c:\users\mac_1\desktop\winevt\logs\microsoft-windows-known folders api service.evtx","System.UInt32[]","System.Diagnostics.Eventing.Reader.EventBookmark","Warning","Info",,"System.Collections.ObjectModel.ReadOnlyCollection`1[System.String]","System.Collections.Generic.List`1[System.Diagnostics.Eventing.Reader.EventProperty]"
"Error 0x80070005 occurred while verifying known folder {F1B32785-6FBA-4FCF-9D55-7B8E7F157091} with path 'C:\Windows\system32\config\systemprofile\AppData\Local'.","1002","0",,"3","0","0","-9223372036854775808","2540","Microsoft-Windows-KnownFolders","8939299f-2315-4c5c-9b91-abb86aa0627d","Microsoft-Windows-Known Folders API Service","3600","3584","rjaf-PC4429","S-1-5-18","1/27/2015 1:47:30 AM",,,"c:\users\mac_1\desktop\winevt\logs\microsoft-windows-known folders api service.evtx","System.UInt32[]","System.Diagnostics.Eventing.Reader.EventBookmark","Warning","Info",,"System.Collections.ObjectModel.ReadOnlyCollection`1[System.String]","System.Collections.Generic.List`1[System.Diagnostics.Eventing.Reader.EventProperty]"
"Error 0x80070005 occurred while verifying known folder {F1B32785-6FBA-4FCF-9D55-7B8E7F157091} with path 'C:\Windows\system32\config\systemprofile\AppData\Local'.","1002","0",,"3","0","0","-9223372036854775808","2539","Microsoft-Windows-KnownFolders","8939299f-2315-4c5c-9b91-abb86aa0627d","Microsoft-Windows-Known Folders API Service","3572","3040","rjaf-PC4429","S-1-5-18","1/27/2015 1:45:17 AM",,,"c:\users\mac_1\desktop\winevt\logs\microsoft-windows-known folders api service.evtx","System.UInt32[]","System.Diagnostics.Eventing.Reader.EventBookmark","Warning","Info",,"System.Collections.ObjectModel.ReadOnlyCollection`1[System.String]","System.Collections.Generic.List`1[System.Diagnostics.Eventing.Reader.EventProperty]"
"Error 0x80070005 occurred while creating known folder {F1B32785-6FBA-4FCF-9D55-7B8E7F157091} with path 'C:\Windows\system32\config\systemprofile\AppData\Local'.","1000","0",,"3","0","0","-9223372036854775808","2538","Microsoft-Windows-KnownFolders","8939299f-2315-4c5c-9b91-abb86aa0627d","Microsoft-Windows-Known Folders API Service","4024","872","rjaf-PC4429","S-1-5-18","1/27/2015 1:44:55 AM",,,"c:\users\mac_1\desktop\winevt\logs\microsoft-windows-known folders api service.evtx","System.UInt32[]","System.Diagnostics.Eventing.Reader.EventBookmark","Warning","Info",,"System.Collections.ObjectModel.ReadOnlyCollection`1[System.String]","System.Collections.Generic.List`1[System.Diagnostics.Eventing.Reader.EventProperty]"
"Error 0x80070005 occurred while creating known folder {5E6C858F-0E22-4760-9AFE-EA3317B67173} with path 'C:\Windows\system32\config\systemprofile'.","1000","0",,"3","0","0","-9223372036854775808","2537","Microsoft-Windows-KnownFolders","8939299f-2315-4c5c-9b91-abb86aa0627d","Microsoft-Windows-Known Folders API Service","4024","872","rjaf-PC4429","S-1-5-18","1/27/2015 1:44:55 AM",,,"c:\users\mac_1\desktop\winevt\logs\microsoft-windows-known folders api service.evtx","System.UInt32[]","System.Diagnostics.Eventing.Reader.EventBookmark","Warning","Info",,"System.Collections.ObjectModel.ReadOnlyCollection`1[System.String]","System.Collections.Generic.List`1[System.Diagnostics.Eventing.Reader.EventProperty]"
"Error 0x80070005 occurred while creating known folder {F1B32785-6FBA-4FCF-9D55-7B8E7F157091} with path 'C:\Windows\system32\config\systemprofile\AppData\Local'.","1000","0",,"3","0","0","-9223372036854775808","2536","Microsoft-Windows-KnownFolders","8939299f-2315-4c5c-9b91-abb86aa0627d","Microsoft-Windows-Known Folders API Service","4024","872","rjaf-PC4429","S-1-5-18","1/27/2015 1:44:55 AM",,,"c:\users\mac_1\desktop\winevt\logs\microsoft-windows-known folders api service.evtx","System.UInt32[]","System.Diagnostics.Eventing.Reader.EventBookmark","Warning","Info",,"System.Collections.ObjectModel.ReadOnlyCollection`1[System.String]","System.Collections.Generic.List`1[System.Diagnostics.Eventing.Reader.EventProperty]"
"Error 0x80070005 occurred while creating known folder {5E6C858F-0E22-4760-9AFE-EA3317B67173} with path 'C:\Windows\system32\config\systemprofile'.","1000","0",,"3","0","0","-9223372036854775808","2535","Microsoft-Windows-KnownFolders","8939299f-2315-4c5c-9b91-abb86aa0627d","Microsoft-Windows-Known Folders API Service","4024","872","rjaf-PC4429","S-1-5-18","1/27/2015 1:44:55 AM",,,"c:\users\mac_1\desktop\winevt\logs\microsoft-windows-known folders api service.evtx","System.UInt32[]","System.Diagnostics.Eventing.Reader.EventBookmark","Warning","Info",,"System.Collections.ObjectModel.ReadOnlyCollection`1[System.String]","System.Collections.Generic.List`1[System.Diagnostics.Eventing.Reader.EventProperty]"
"Error 0x80070005 occurred while creating known folder {F1B32785-6FBA-4FCF-9D55-7B8E7F157091} with path 'C:\Windows\system32\config\systemprofile\AppData\Local'.","1000","0",,"3","0","0","-9223372036854775808","2534","Microsoft-Windows-KnownFolders","8939299f-2315-4c5c-9b91-abb86aa0627d","Microsoft-Windows-Known Folders API Service","4024","872","rjaf-PC4429","S-1-5-18","1/27/2015 1:44:55 AM",,,"c:\users\mac_1\desktop\winevt\logs\microsoft-windows-known folders api service.evtx","System.UInt32[]","System.Diagnostics.Eventing.Reader.EventBookmark","Warning","Info",,"System.Collections.ObjectModel.ReadOnlyCollection`1[System.String]","System.Collections.Generic.List`1[System.Diagnostics.Eventing.Reader.EventProperty]"
"Error 0x80070005 occurred while creating known folder {5E6C858F-0E22-4760-9AFE-EA3317B67173} with path 'C:\Windows\system32\config\systemprofile'.","1000","0",,"3","0","0","-9223372036854775808","2533","Microsoft-Windows-KnownFolders","8939299f-2315-4c5c-9b91-abb86aa0627d","Microsoft-Windows-Known Folders API Service","4024","872","rjaf-PC4429","S-1-5-18","1/27/2015 1:44:55 AM",,,"c:\users\mac_1\desktop\winevt\logs\microsoft-windows-known folders api service.evtx","System.UInt32[]","System.Diagnostics.Eventing.Reader.EventBookmark","Warning","Info",,"System.Collections.ObjectModel.ReadOnlyCollection`1[System.String]","System.Collections.Generic.List`1[System.Diagnostics.Eventing.Reader.EventProperty]"
"Error 0x80070005 occurred while verifying known folder {F1B32785-6FBA-4FCF-9D55-7B8E7F157091} with path 'C:\Windows\system32\config\systemprofile\AppData\Local'.","1002","0",,"3","0","0","-9223372036854775808","2532","Microsoft-Windows-KnownFolders","8939299f-2315-4c5c-9b91-abb86aa0627d","Microsoft-Windows-Known Folders API Service","4024","872","rjaf-PC4429","S-1-5-18","1/27/2015 1:43:15 AM",,,"c:\users\mac_1\desktop\winevt\logs\microsoft-windows-known folders api service.evtx","System.UInt32[]","System.Diagnostics.Eventing.Reader.EventBookmark","Warning","Info",,"System.Collections.ObjectModel.ReadOnlyCollection`1[System.String]","System.Collections.Generic.List`1[System.Diagnostics.Eventing.Reader.EventProperty]"
"Error 0x80070005 occurred while creating known folder {F1B32785-6FBA-4FCF-9D55-7B8E7F157091} with path 'C:\Windows\system32\config\systemprofile\AppData\Local'.","1000","0",,"3","0","0","-9223372036854775808","2531","Microsoft-Windows-KnownFolders","8939299f-2315-4c5c-9b91-abb86aa0627d","Microsoft-Windows-Known Folders API Service","4004","2180","rjaf-PC4429","S-1-5-18","1/27/2015 1:41:28 AM",,,"c:\users\mac_1\desktop\winevt\logs\microsoft-windows-known folders api service.evtx","System.UInt32[]","System.Diagnostics.Eventing.Reader.EventBookmark","Warning","Info",,"System.Collections.ObjectModel.ReadOnlyCollection`1[System.String]","System.Collections.Generic.List`1[System.Diagnostics.Eventing.Reader.EventProperty]"
"Error 0x80070005 occurred while creating known folder {5E6C858F-0E22-4760-9AFE-EA3317B67173} with path 'C:\Windows\system32\config\systemprofile'.","1000","0",,"3","0","0","-9223372036854775808","2530","Microsoft-Windows-KnownFolders","8939299f-2315-4c5c-9b91-abb86aa0627d","Microsoft-Windows-Known Folders API Service","4004","2180","rjaf-PC4429","S-1-5-18","1/27/2015 1:41:28 AM",,,"c:\users\mac_1\desktop\winevt\logs\microsoft-windows-known folders api service.evtx","System.UInt32[]","System.Diagnostics.Eventing.Reader.EventBookmark","Warning","Info",,"System.Collections.ObjectModel.ReadOnlyCollection`1[System.String]","System.Collections.Generic.List`1[System.Diagnostics.Eventing.Reader.EventProperty]"
