"Parsed valid response from the remote server wer.microsoft.com at the URL path Responses/v1.0/8789/1033.1033/6.1.7600.1.0.0.0/4/Unknown.","3007","0",,"4","0","0","-9223372036854775808","562","Microsoft-Windows-Diagnosis-ScriptedDiagnosticsProvider","9363ccd9-d429-4452-9adb-2501e704b810","Microsoft-Windows-Diagnosis-ScriptedDiagnosticsProvider/Operational","3564","3580","rjaf-PC4429","S-1-5-21-1634558665-2257203147-3060767804-1000","2/11/2015 12:24:45 AM","da8d57b7-a477-489c-962f-9488a8fc9635",,"c:\users\mac_1\desktop\winevt\logs\microsoft-windows-diagnosis-scripteddiagnosticsprovider%4operational.evtx","System.UInt32[]","System.Diagnostics.Eventing.Reader.EventBookmark","Information","Info",,"System.Collections.ObjectModel.ReadOnlyCollection`1[System.String]","System.Collections.Generic.List`1[System.Diagnostics.Eventing.Reader.EventProperty]"
"Received response from the remote server wer.microsoft.com at the URL path Responses/v1.0/8789/1033.1033/6.1.7600.1.0.0.0/4/Unknown.","3006","0",,"4","0","0","-9223372036854775808","561","Microsoft-Windows-Diagnosis-ScriptedDiagnosticsProvider","9363ccd9-d429-4452-9adb-2501e704b810","Microsoft-Windows-Diagnosis-ScriptedDiagnosticsProvider/Operational","3564","3580","rjaf-PC4429","S-1-5-21-1634558665-2257203147-3060767804-1000","2/11/2015 12:24:45 AM","da8d57b7-a477-489c-962f-9488a8fc9635",,"c:\users\mac_1\desktop\winevt\logs\microsoft-windows-diagnosis-scripteddiagnosticsprovider%4operational.evtx","System.UInt32[]","System.Diagnostics.Eventing.Reader.EventBookmark","Information","Info",,"System.Collections.ObjectModel.ReadOnlyCollection`1[System.String]","System.Collections.Generic.List`1[System.Diagnostics.Eventing.Reader.EventProperty]"
"The diagnostic package index information was successfully loaded from C:\Windows\Diagnostics\Index\AudioPlaybackDiagnostic.xml.","2000","0",,"4","0","0","-9223372036854775808","560","Microsoft-Windows-Diagnosis-ScriptedDiagnosticsProvider","9363ccd9-d429-4452-9adb-2501e704b810","Microsoft-Windows-Diagnosis-ScriptedDiagnosticsProvider/Operational","3564","3576","rjaf-PC4429","S-1-5-21-1634558665-2257203147-3060767804-1000","2/11/2015 12:24:43 AM","da8d57b7-a477-489c-962f-9488a8fc9635",,"c:\users\mac_1\desktop\winevt\logs\microsoft-windows-diagnosis-scripteddiagnosticsprovider%4operational.evtx","System.UInt32[]","System.Diagnostics.Eventing.Reader.EventBookmark","Information","Info",,"System.Collections.ObjectModel.ReadOnlyCollection`1[System.String]","System.Collections.Generic.List`1[System.Diagnostics.Eventing.Reader.EventProperty]"
"The diagnostic package index information was successfully loaded from C:\Windows\Diagnostics\Index\AeroDiagnostic.xml.","2000","0",,"4","0","0","-9223372036854775808","559","Microsoft-Windows-Diagnosis-ScriptedDiagnosticsProvider","9363ccd9-d429-4452-9adb-2501e704b810","Microsoft-Windows-Diagnosis-ScriptedDiagnosticsProvider/Operational","3564","3576","rjaf-PC4429","S-1-5-21-1634558665-2257203147-3060767804-1000","2/11/2015 12:24:42 AM","da8d57b7-a477-489c-962f-9488a8fc9635",,"c:\users\mac_1\desktop\winevt\logs\microsoft-windows-diagnosis-scripteddiagnosticsprovider%4operational.evtx","System.UInt32[]","System.Diagnostics.Eventing.Reader.EventBookmark","Information","Info",,"System.Collections.ObjectModel.ReadOnlyCollection`1[System.String]","System.Collections.Generic.List`1[System.Diagnostics.Eventing.Reader.EventProperty]"
"Sending request to the remote server wer.microsoft.com at the URL path Responses/v1.0/8789/1033.1033/6.1.7600.1.0.0.0/4/Unknown.  Contents of the request are: Partner=ScriptedDiagnostics&OS=6.1&SP=0.0&Build=7600&SKU=4&Arch=0&Type=1&MobilePc=0&Internal=0&GeoId=244&BIOSMajorRelease=4&BIOSMinorRelease=6&Locale=en-US&LocaleFallback=en-US&OEM=Unknown&Model=Unknown&Family=To+be+filled+by+O.E.M&OEMSKU=To+be+filled+by+O.E.M.&BaseBoardOEM=Intel+Corporation&BaseBoardModel=DH61BF&BaseBoardVersion=AAG81311-101&BIOSVendor=Intel+Corp&BIOSVersion=BFH6110H.86A.0007.2012.1128.1459&BIOSReleaseDate=11Responses/v1.0/8789/1033.1033/6.1.7600.1.0.0.0/4/UnknownF28Responses/v1.0/8789/1033.1033/6.1.7600.1.0.0.0/4/UnknownF2012&id=AudioPlaybackDiagnostic.","3000","0",,"4","0","0","-9223372036854775808","558","Microsoft-Windows-Diagnosis-ScriptedDiagnosticsProvider","9363ccd9-d429-4452-9adb-2501e704b810","Microsoft-Windows-Diagnosis-ScriptedDiagnosticsProvider/Operational","3564","3580","rjaf-PC4429","S-1-5-21-1634558665-2257203147-3060767804-1000","2/11/2015 12:24:42 AM","da8d57b7-a477-489c-962f-9488a8fc9635",,"c:\users\mac_1\desktop\winevt\logs\microsoft-windows-diagnosis-scripteddiagnosticsprovider%4operational.evtx","System.UInt32[]","System.Diagnostics.Eventing.Reader.EventBookmark","Information","Info",,"System.Collections.ObjectModel.ReadOnlyCollection`1[System.String]","System.Collections.Generic.List`1[System.Diagnostics.Eventing.Reader.EventProperty]"
"The following system configuration will be used when querying content providers: OS Major Version (6); OS Minor Version (1); Service Pack Major (0); Service Pack Minor (0); Build Number (7600); Product Type (4); Processor Architecture (0); Culture (en-US); System Type (1); OEM (Unknown); Model (Unknown); IsMobilePc (false); IsInternal (false); GeoId (244); Family (To be filled by O.E.M); OEM SKU (To be filled by O.E.M.); Version (NULL); Base Board OEM (Intel Corporation); Base Board Model (DH61BF); Base Board Version (AAG81311-101); BIOS Vendor (Intel Corp); BIOS Version (BFH6110H.86A.0007.2012.1128.1459); BIOS Release Date (11/28/2012); BIOS Major Release (4); BIOS Minor Release (6); Embedded Controller Firmware Major Release (255); Embedded Controller Firmware Minor Release (255).","3014","0",,"4","0","0","-9223372036854775808","557","Microsoft-Windows-Diagnosis-ScriptedDiagnosticsProvider","9363ccd9-d429-4452-9adb-2501e704b810","Microsoft-Windows-Diagnosis-ScriptedDiagnosticsProvider/Operational","3564","3580","rjaf-PC4429","S-1-5-21-1634558665-2257203147-3060767804-1000","2/11/2015 12:24:42 AM","da8d57b7-a477-489c-962f-9488a8fc9635",,"c:\users\mac_1\desktop\winevt\logs\microsoft-windows-diagnosis-scripteddiagnosticsprovider%4operational.evtx","System.UInt32[]","System.Diagnostics.Eventing.Reader.EventBookmark","Information","Info",,"System.Collections.ObjectModel.ReadOnlyCollection`1[System.String]","System.Collections.Generic.List`1[System.Diagnostics.Eventing.Reader.EventProperty]"
"The Windows Scripted Diagnostic Provider API IDiagnosticProvider FindDiagnosticsBySearchMetadata method succeeded.  The input Culture/Locale was en-US.  The size of the result set was 1.","1000","0",,"4","0","0","-9223372036854775808","556","Microsoft-Windows-Diagnosis-ScriptedDiagnosticsProvider","9363ccd9-d429-4452-9adb-2501e704b810","Microsoft-Windows-Diagnosis-ScriptedDiagnosticsProvider/Operational","2492","2488","rjaf-PC4429","S-1-5-21-1634558665-2257203147-3060767804-1000","1/23/2015 7:56:51 AM","8d10488c-13e0-42f6-b08a-cd8a71ce0583",,"c:\users\mac_1\desktop\winevt\logs\microsoft-windows-diagnosis-scripteddiagnosticsprovider%4operational.evtx","System.UInt32[]","System.Diagnostics.Eventing.Reader.EventBookmark","Information","Info",,"System.Collections.ObjectModel.ReadOnlyCollection`1[System.String]","System.Collections.Generic.List`1[System.Diagnostics.Eventing.Reader.EventProperty]"
"Parsed valid response from the remote server wer.microsoft.com at the URL path Responses/v1.0/8789/1033.1033/6.1.7600.1.0.0.0/4/Unknown.","3007","0",,"4","0","0","-9223372036854775808","555","Microsoft-Windows-Diagnosis-ScriptedDiagnosticsProvider","9363ccd9-d429-4452-9adb-2501e704b810","Microsoft-Windows-Diagnosis-ScriptedDiagnosticsProvider/Operational","2492","2348","rjaf-PC4429","S-1-5-21-1634558665-2257203147-3060767804-1000","1/23/2015 7:56:51 AM","8d10488c-13e0-42f6-b08a-cd8a71ce0583",,"c:\users\mac_1\desktop\winevt\logs\microsoft-windows-diagnosis-scripteddiagnosticsprovider%4operational.evtx","System.UInt32[]","System.Diagnostics.Eventing.Reader.EventBookmark","Information","Info",,"System.Collections.ObjectModel.ReadOnlyCollection`1[System.String]","System.Collections.Generic.List`1[System.Diagnostics.Eventing.Reader.EventProperty]"
"Received response from the remote server wer.microsoft.com at the URL path Responses/v1.0/8789/1033.1033/6.1.7600.1.0.0.0/4/Unknown.","3006","0",,"4","0","0","-9223372036854775808","554","Microsoft-Windows-Diagnosis-ScriptedDiagnosticsProvider","9363ccd9-d429-4452-9adb-2501e704b810","Microsoft-Windows-Diagnosis-ScriptedDiagnosticsProvider/Operational","2492","2348","rjaf-PC4429","S-1-5-21-1634558665-2257203147-3060767804-1000","1/23/2015 7:56:51 AM","8d10488c-13e0-42f6-b08a-cd8a71ce0583",,"c:\users\mac_1\desktop\winevt\logs\microsoft-windows-diagnosis-scripteddiagnosticsprovider%4operational.evtx","System.UInt32[]","System.Diagnostics.Eventing.Reader.EventBookmark","Information","Info",,"System.Collections.ObjectModel.ReadOnlyCollection`1[System.String]","System.Collections.Generic.List`1[System.Diagnostics.Eventing.Reader.EventProperty]"
"Sending request to the remote server wer.microsoft.com at the URL path Responses/v1.0/8789/1033.1033/6.1.7600.1.0.0.0/4/Unknown.  Contents of the request are: Partner=ScriptedDiagnostics&OS=6.1&SP=0.0&Build=7600&SKU=4&Arch=0&Type=1&MobilePc=0&Internal=0&GeoId=244&BIOSMajorRelease=4&BIOSMinorRelease=6&Locale=en-US&LocaleFallback=en-US&OEM=Unknown&Model=Unknown&Family=To+be+filled+by+O.E.M&OEMSKU=To+be+filled+by+O.E.M.&BaseBoardOEM=Intel+Corporation&BaseBoardModel=DH61BF&BaseBoardVersion=AAG81311-101&BIOSVendor=Intel+Corp&BIOSVersion=BFH6110H.86A.0007.2012.1128.1459&BIOSReleaseDate=11Responses/v1.0/8789/1033.1033/6.1.7600.1.0.0.0/4/UnknownF28Responses/v1.0/8789/1033.1033/6.1.7600.1.0.0.0/4/UnknownF2012&id=AudioPlaybackDiagnostic.","3000","0",,"4","0","0","-9223372036854775808","553","Microsoft-Windows-Diagnosis-ScriptedDiagnosticsProvider","9363ccd9-d429-4452-9adb-2501e704b810","Microsoft-Windows-Diagnosis-ScriptedDiagnosticsProvider/Operational","2492","2348","rjaf-PC4429","S-1-5-21-1634558665-2257203147-3060767804-1000","1/23/2015 7:56:47 AM","8d10488c-13e0-42f6-b08a-cd8a71ce0583",,"c:\users\mac_1\desktop\winevt\logs\microsoft-windows-diagnosis-scripteddiagnosticsprovider%4operational.evtx","System.UInt32[]","System.Diagnostics.Eventing.Reader.EventBookmark","Information","Info",,"System.Collections.ObjectModel.ReadOnlyCollection`1[System.String]","System.Collections.Generic.List`1[System.Diagnostics.Eventing.Reader.EventProperty]"
"The diagnostic package index information was successfully loaded from C:\Windows\Diagnostics\Index\AudioPlaybackDiagnostic.xml.","2000","0",,"4","0","0","-9223372036854775808","552","Microsoft-Windows-Diagnosis-ScriptedDiagnosticsProvider","9363ccd9-d429-4452-9adb-2501e704b810","Microsoft-Windows-Diagnosis-ScriptedDiagnosticsProvider/Operational","2492","648","rjaf-PC4429","S-1-5-21-1634558665-2257203147-3060767804-1000","1/23/2015 7:56:47 AM","8d10488c-13e0-42f6-b08a-cd8a71ce0583",,"c:\users\mac_1\desktop\winevt\logs\microsoft-windows-diagnosis-scripteddiagnosticsprovider%4operational.evtx","System.UInt32[]","System.Diagnostics.Eventing.Reader.EventBookmark","Information","Info",,"System.Collections.ObjectModel.ReadOnlyCollection`1[System.String]","System.Collections.Generic.List`1[System.Diagnostics.Eventing.Reader.EventProperty]"
"The following system configuration will be used when querying content providers: OS Major Version (6); OS Minor Version (1); Service Pack Major (0); Service Pack Minor (0); Build Number (7600); Product Type (4); Processor Architecture (0); Culture (en-US); System Type (1); OEM (Unknown); Model (Unknown); IsMobilePc (false); IsInternal (false); GeoId (244); Family (To be filled by O.E.M); OEM SKU (To be filled by O.E.M.); Version (NULL); Base Board OEM (Intel Corporation); Base Board Model (DH61BF); Base Board Version (AAG81311-101); BIOS Vendor (Intel Corp); BIOS Version (BFH6110H.86A.0007.2012.1128.1459); BIOS Release Date (11/28/2012); BIOS Major Release (4); BIOS Minor Release (6); Embedded Controller Firmware Major Release (255); Embedded Controller Firmware Minor Release (255).","3014","0",,"4","0","0","-9223372036854775808","551","Microsoft-Windows-Diagnosis-ScriptedDiagnosticsProvider","9363ccd9-d429-4452-9adb-2501e704b810","Microsoft-Windows-Diagnosis-ScriptedDiagnosticsProvider/Operational","2492","2348","rjaf-PC4429","S-1-5-21-1634558665-2257203147-3060767804-1000","1/23/2015 7:56:47 AM","8d10488c-13e0-42f6-b08a-cd8a71ce0583",,"c:\users\mac_1\desktop\winevt\logs\microsoft-windows-diagnosis-scripteddiagnosticsprovider%4operational.evtx","System.UInt32[]","System.Diagnostics.Eventing.Reader.EventBookmark","Information","Info",,"System.Collections.ObjectModel.ReadOnlyCollection`1[System.String]","System.Collections.Generic.List`1[System.Diagnostics.Eventing.Reader.EventProperty]"
"The diagnostic package index information was successfully loaded from C:\Windows\Diagnostics\Index\AeroDiagnostic.xml.","2000","0",,"4","0","0","-9223372036854775808","550","Microsoft-Windows-Diagnosis-ScriptedDiagnosticsProvider","9363ccd9-d429-4452-9adb-2501e704b810","Microsoft-Windows-Diagnosis-ScriptedDiagnosticsProvider/Operational","2492","648","rjaf-PC4429","S-1-5-21-1634558665-2257203147-3060767804-1000","1/23/2015 7:56:47 AM","8d10488c-13e0-42f6-b08a-cd8a71ce0583",,"c:\users\mac_1\desktop\winevt\logs\microsoft-windows-diagnosis-scripteddiagnosticsprovider%4operational.evtx","System.UInt32[]","System.Diagnostics.Eventing.Reader.EventBookmark","Information","Info",,"System.Collections.ObjectModel.ReadOnlyCollection`1[System.String]","System.Collections.Generic.List`1[System.Diagnostics.Eventing.Reader.EventProperty]"
"The Windows Scripted Diagnostic Provider API IDiagnosticProvider FindDiagnosticsBySearchMetadata method succeeded.  The input Culture/Locale was en-US.  The size of the result set was 1.","1000","0",,"4","0","0","-9223372036854775808","549","Microsoft-Windows-Diagnosis-ScriptedDiagnosticsProvider","9363ccd9-d429-4452-9adb-2501e704b810","Microsoft-Windows-Diagnosis-ScriptedDiagnosticsProvider/Operational","840","824","rjaf-PC4429","S-1-5-21-1634558665-2257203147-3060767804-1000","1/23/2015 7:53:00 AM","711ede72-2eb5-47fa-8ff4-908a2ac9d09e",,"c:\users\mac_1\desktop\winevt\logs\microsoft-windows-diagnosis-scripteddiagnosticsprovider%4operational.evtx","System.UInt32[]","System.Diagnostics.Eventing.Reader.EventBookmark","Information","Info",,"System.Collections.ObjectModel.ReadOnlyCollection`1[System.String]","System.Collections.Generic.List`1[System.Diagnostics.Eventing.Reader.EventProperty]"
"Parsed valid response from the remote server wer.microsoft.com at the URL path Responses/v1.0/8789/1033.1033/6.1.7600.1.0.0.0/4/Unknown.","3007","0",,"4","0","0","-9223372036854775808","548","Microsoft-Windows-Diagnosis-ScriptedDiagnosticsProvider","9363ccd9-d429-4452-9adb-2501e704b810","Microsoft-Windows-Diagnosis-ScriptedDiagnosticsProvider/Operational","840","872","rjaf-PC4429","S-1-5-21-1634558665-2257203147-3060767804-1000","1/23/2015 7:53:00 AM","711ede72-2eb5-47fa-8ff4-908a2ac9d09e",,"c:\users\mac_1\desktop\winevt\logs\microsoft-windows-diagnosis-scripteddiagnosticsprovider%4operational.evtx","System.UInt32[]","System.Diagnostics.Eventing.Reader.EventBookmark","Information","Info",,"System.Collections.ObjectModel.ReadOnlyCollection`1[System.String]","System.Collections.Generic.List`1[System.Diagnostics.Eventing.Reader.EventProperty]"
"Received response from the remote server wer.microsoft.com at the URL path Responses/v1.0/8789/1033.1033/6.1.7600.1.0.0.0/4/Unknown.","3006","0",,"4","0","0","-9223372036854775808","547","Microsoft-Windows-Diagnosis-ScriptedDiagnosticsProvider","9363ccd9-d429-4452-9adb-2501e704b810","Microsoft-Windows-Diagnosis-ScriptedDiagnosticsProvider/Operational","840","872","rjaf-PC4429","S-1-5-21-1634558665-2257203147-3060767804-1000","1/23/2015 7:53:00 AM","711ede72-2eb5-47fa-8ff4-908a2ac9d09e",,"c:\users\mac_1\desktop\winevt\logs\microsoft-windows-diagnosis-scripteddiagnosticsprovider%4operational.evtx","System.UInt32[]","System.Diagnostics.Eventing.Reader.EventBookmark","Information","Info",,"System.Collections.ObjectModel.ReadOnlyCollection`1[System.String]","System.Collections.Generic.List`1[System.Diagnostics.Eventing.Reader.EventProperty]"
"Sending request to the remote server wer.microsoft.com at the URL path Responses/v1.0/8789/1033.1033/6.1.7600.1.0.0.0/4/Unknown.  Contents of the request are: Partner=ScriptedDiagnostics&OS=6.1&SP=0.0&Build=7600&SKU=4&Arch=0&Type=1&MobilePc=0&Internal=0&GeoId=244&BIOSMajorRelease=4&BIOSMinorRelease=6&Locale=en-US&LocaleFallback=en-US&OEM=Unknown&Model=Unknown&Family=To+be+filled+by+O.E.M&OEMSKU=To+be+filled+by+O.E.M.&BaseBoardOEM=Intel+Corporation&BaseBoardModel=DH61BF&BaseBoardVersion=AAG81311-101&BIOSVendor=Intel+Corp&BIOSVersion=BFH6110H.86A.0007.2012.1128.1459&BIOSReleaseDate=11Responses/v1.0/8789/1033.1033/6.1.7600.1.0.0.0/4/UnknownF28Responses/v1.0/8789/1033.1033/6.1.7600.1.0.0.0/4/UnknownF2012&id=AudioPlaybackDiagnostic.","3000","0",,"4","0","0","-9223372036854775808","546","Microsoft-Windows-Diagnosis-ScriptedDiagnosticsProvider","9363ccd9-d429-4452-9adb-2501e704b810","Microsoft-Windows-Diagnosis-ScriptedDiagnosticsProvider/Operational","840","872","rjaf-PC4429","S-1-5-21-1634558665-2257203147-3060767804-1000","1/23/2015 7:52:54 AM","711ede72-2eb5-47fa-8ff4-908a2ac9d09e",,"c:\users\mac_1\desktop\winevt\logs\microsoft-windows-diagnosis-scripteddiagnosticsprovider%4operational.evtx","System.UInt32[]","System.Diagnostics.Eventing.Reader.EventBookmark","Information","Info",,"System.Collections.ObjectModel.ReadOnlyCollection`1[System.String]","System.Collections.Generic.List`1[System.Diagnostics.Eventing.Reader.EventProperty]"
"The diagnostic package index information was successfully loaded from C:\Windows\Diagnostics\Index\AudioPlaybackDiagnostic.xml.","2000","0",,"4","0","0","-9223372036854775808","545","Microsoft-Windows-Diagnosis-ScriptedDiagnosticsProvider","9363ccd9-d429-4452-9adb-2501e704b810","Microsoft-Windows-Diagnosis-ScriptedDiagnosticsProvider/Operational","840","3344","rjaf-PC4429","S-1-5-21-1634558665-2257203147-3060767804-1000","1/23/2015 7:52:54 AM","711ede72-2eb5-47fa-8ff4-908a2ac9d09e",,"c:\users\mac_1\desktop\winevt\logs\microsoft-windows-diagnosis-scripteddiagnosticsprovider%4operational.evtx","System.UInt32[]","System.Diagnostics.Eventing.Reader.EventBookmark","Information","Info",,"System.Collections.ObjectModel.ReadOnlyCollection`1[System.String]","System.Collections.Generic.List`1[System.Diagnostics.Eventing.Reader.EventProperty]"
"The following system configuration will be used when querying content providers: OS Major Version (6); OS Minor Version (1); Service Pack Major (0); Service Pack Minor (0); Build Number (7600); Product Type (4); Processor Architecture (0); Culture (en-US); System Type (1); OEM (Unknown); Model (Unknown); IsMobilePc (false); IsInternal (false); GeoId (244); Family (To be filled by O.E.M); OEM SKU (To be filled by O.E.M.); Version (NULL); Base Board OEM (Intel Corporation); Base Board Model (DH61BF); Base Board Version (AAG81311-101); BIOS Vendor (Intel Corp); BIOS Version (BFH6110H.86A.0007.2012.1128.1459); BIOS Release Date (11/28/2012); BIOS Major Release (4); BIOS Minor Release (6); Embedded Controller Firmware Major Release (255); Embedded Controller Firmware Minor Release (255).","3014","0",,"4","0","0","-9223372036854775808","544","Microsoft-Windows-Diagnosis-ScriptedDiagnosticsProvider","9363ccd9-d429-4452-9adb-2501e704b810","Microsoft-Windows-Diagnosis-ScriptedDiagnosticsProvider/Operational","840","872","rjaf-PC4429","S-1-5-21-1634558665-2257203147-3060767804-1000","1/23/2015 7:52:54 AM","711ede72-2eb5-47fa-8ff4-908a2ac9d09e",,"c:\users\mac_1\desktop\winevt\logs\microsoft-windows-diagnosis-scripteddiagnosticsprovider%4operational.evtx","System.UInt32[]","System.Diagnostics.Eventing.Reader.EventBookmark","Information","Info",,"System.Collections.ObjectModel.ReadOnlyCollection`1[System.String]","System.Collections.Generic.List`1[System.Diagnostics.Eventing.Reader.EventProperty]"
"The diagnostic package index information was successfully loaded from C:\Windows\Diagnostics\Index\AeroDiagnostic.xml.","2000","0",,"4","0","0","-9223372036854775808","543","Microsoft-Windows-Diagnosis-ScriptedDiagnosticsProvider","9363ccd9-d429-4452-9adb-2501e704b810","Microsoft-Windows-Diagnosis-ScriptedDiagnosticsProvider/Operational","840","3344","rjaf-PC4429","S-1-5-21-1634558665-2257203147-3060767804-1000","1/23/2015 7:52:54 AM","711ede72-2eb5-47fa-8ff4-908a2ac9d09e",,"c:\users\mac_1\desktop\winevt\logs\microsoft-windows-diagnosis-scripteddiagnosticsprovider%4operational.evtx","System.UInt32[]","System.Diagnostics.Eventing.Reader.EventBookmark","Information","Info",,"System.Collections.ObjectModel.ReadOnlyCollection`1[System.String]","System.Collections.Generic.List`1[System.Diagnostics.Eventing.Reader.EventProperty]"
"The Windows Scripted Diagnostic Provider API IDiagnosticProvider FindDiagnosticsBySearchMetadata method succeeded.  The input Culture/Locale was en-US.  The size of the result set was 1.","1000","0",,"4","0","0","-9223372036854775808","542","Microsoft-Windows-Diagnosis-ScriptedDiagnosticsProvider","9363ccd9-d429-4452-9adb-2501e704b810","Microsoft-Windows-Diagnosis-ScriptedDiagnosticsProvider/Operational","820","2644","rjaf-PC4429","S-1-5-21-1634558665-2257203147-3060767804-1000","1/23/2015 7:52:48 AM","ae4e23a4-8e72-4d28-85ac-74457e4f5d51",,"c:\users\mac_1\desktop\winevt\logs\microsoft-windows-diagnosis-scripteddiagnosticsprovider%4operational.evtx","System.UInt32[]","System.Diagnostics.Eventing.Reader.EventBookmark","Information","Info",,"System.Collections.ObjectModel.ReadOnlyCollection`1[System.String]","System.Collections.Generic.List`1[System.Diagnostics.Eventing.Reader.EventProperty]"
"Parsed valid response from the remote server wer.microsoft.com at the URL path Responses/v1.0/8789/1033.1033/6.1.7600.1.0.0.0/4/Unknown.","3007","0",,"4","0","0","-9223372036854775808","541","Microsoft-Windows-Diagnosis-ScriptedDiagnosticsProvider","9363ccd9-d429-4452-9adb-2501e704b810","Microsoft-Windows-Diagnosis-ScriptedDiagnosticsProvider/Operational","820","1532","rjaf-PC4429","S-1-5-21-1634558665-2257203147-3060767804-1000","1/23/2015 7:52:48 AM","ae4e23a4-8e72-4d28-85ac-74457e4f5d51",,"c:\users\mac_1\desktop\winevt\logs\microsoft-windows-diagnosis-scripteddiagnosticsprovider%4operational.evtx","System.UInt32[]","System.Diagnostics.Eventing.Reader.EventBookmark","Information","Info",,"System.Collections.ObjectModel.ReadOnlyCollection`1[System.String]","System.Collections.Generic.List`1[System.Diagnostics.Eventing.Reader.EventProperty]"
"Received response from the remote server wer.microsoft.com at the URL path Responses/v1.0/8789/1033.1033/6.1.7600.1.0.0.0/4/Unknown.","3006","0",,"4","0","0","-9223372036854775808","540","Microsoft-Windows-Diagnosis-ScriptedDiagnosticsProvider","9363ccd9-d429-4452-9adb-2501e704b810","Microsoft-Windows-Diagnosis-ScriptedDiagnosticsProvider/Operational","820","1532","rjaf-PC4429","S-1-5-21-1634558665-2257203147-3060767804-1000","1/23/2015 7:52:48 AM","ae4e23a4-8e72-4d28-85ac-74457e4f5d51",,"c:\users\mac_1\desktop\winevt\logs\microsoft-windows-diagnosis-scripteddiagnosticsprovider%4operational.evtx","System.UInt32[]","System.Diagnostics.Eventing.Reader.EventBookmark","Information","Info",,"System.Collections.ObjectModel.ReadOnlyCollection`1[System.String]","System.Collections.Generic.List`1[System.Diagnostics.Eventing.Reader.EventProperty]"
"The diagnostic package index information was successfully loaded from C:\Windows\Diagnostics\Index\AudioPlaybackDiagnostic.xml.","2000","0",,"4","0","0","-9223372036854775808","539","Microsoft-Windows-Diagnosis-ScriptedDiagnosticsProvider","9363ccd9-d429-4452-9adb-2501e704b810","Microsoft-Windows-Diagnosis-ScriptedDiagnosticsProvider/Operational","820","2424","rjaf-PC4429","S-1-5-21-1634558665-2257203147-3060767804-1000","1/23/2015 7:52:42 AM","ae4e23a4-8e72-4d28-85ac-74457e4f5d51",,"c:\users\mac_1\desktop\winevt\logs\microsoft-windows-diagnosis-scripteddiagnosticsprovider%4operational.evtx","System.UInt32[]","System.Diagnostics.Eventing.Reader.EventBookmark","Information","Info",,"System.Collections.ObjectModel.ReadOnlyCollection`1[System.String]","System.Collections.Generic.List`1[System.Diagnostics.Eventing.Reader.EventProperty]"
"The diagnostic package index information was successfully loaded from C:\Windows\Diagnostics\Index\AeroDiagnostic.xml.","2000","0",,"4","0","0","-9223372036854775808","538","Microsoft-Windows-Diagnosis-ScriptedDiagnosticsProvider","9363ccd9-d429-4452-9adb-2501e704b810","Microsoft-Windows-Diagnosis-ScriptedDiagnosticsProvider/Operational","820","2424","rjaf-PC4429","S-1-5-21-1634558665-2257203147-3060767804-1000","1/23/2015 7:52:41 AM","ae4e23a4-8e72-4d28-85ac-74457e4f5d51",,"c:\users\mac_1\desktop\winevt\logs\microsoft-windows-diagnosis-scripteddiagnosticsprovider%4operational.evtx","System.UInt32[]","System.Diagnostics.Eventing.Reader.EventBookmark","Information","Info",,"System.Collections.ObjectModel.ReadOnlyCollection`1[System.String]","System.Collections.Generic.List`1[System.Diagnostics.Eventing.Reader.EventProperty]"
"Sending request to the remote server wer.microsoft.com at the URL path Responses/v1.0/8789/1033.1033/6.1.7600.1.0.0.0/4/Unknown.  Contents of the request are: Partner=ScriptedDiagnostics&OS=6.1&SP=0.0&Build=7600&SKU=4&Arch=0&Type=1&MobilePc=0&Internal=0&GeoId=244&BIOSMajorRelease=4&BIOSMinorRelease=6&Locale=en-US&LocaleFallback=en-US&OEM=Unknown&Model=Unknown&Family=To+be+filled+by+O.E.M&OEMSKU=To+be+filled+by+O.E.M.&BaseBoardOEM=Intel+Corporation&BaseBoardModel=DH61BF&BaseBoardVersion=AAG81311-101&BIOSVendor=Intel+Corp&BIOSVersion=BFH6110H.86A.0007.2012.1128.1459&BIOSReleaseDate=11Responses/v1.0/8789/1033.1033/6.1.7600.1.0.0.0/4/UnknownF28Responses/v1.0/8789/1033.1033/6.1.7600.1.0.0.0/4/UnknownF2012&id=AudioPlaybackDiagnostic.","3000","0",,"4","0","0","-9223372036854775808","537","Microsoft-Windows-Diagnosis-ScriptedDiagnosticsProvider","9363ccd9-d429-4452-9adb-2501e704b810","Microsoft-Windows-Diagnosis-ScriptedDiagnosticsProvider/Operational","820","1532","rjaf-PC4429","S-1-5-21-1634558665-2257203147-3060767804-1000","1/23/2015 7:52:41 AM","ae4e23a4-8e72-4d28-85ac-74457e4f5d51",,"c:\users\mac_1\desktop\winevt\logs\microsoft-windows-diagnosis-scripteddiagnosticsprovider%4operational.evtx","System.UInt32[]","System.Diagnostics.Eventing.Reader.EventBookmark","Information","Info",,"System.Collections.ObjectModel.ReadOnlyCollection`1[System.String]","System.Collections.Generic.List`1[System.Diagnostics.Eventing.Reader.EventProperty]"
"The following system configuration will be used when querying content providers: OS Major Version (6); OS Minor Version (1); Service Pack Major (0); Service Pack Minor (0); Build Number (7600); Product Type (4); Processor Architecture (0); Culture (en-US); System Type (1); OEM (Unknown); Model (Unknown); IsMobilePc (false); IsInternal (false); GeoId (244); Family (To be filled by O.E.M); OEM SKU (To be filled by O.E.M.); Version (NULL); Base Board OEM (Intel Corporation); Base Board Model (DH61BF); Base Board Version (AAG81311-101); BIOS Vendor (Intel Corp); BIOS Version (BFH6110H.86A.0007.2012.1128.1459); BIOS Release Date (11/28/2012); BIOS Major Release (4); BIOS Minor Release (6); Embedded Controller Firmware Major Release (255); Embedded Controller Firmware Minor Release (255).","3014","0",,"4","0","0","-9223372036854775808","536","Microsoft-Windows-Diagnosis-ScriptedDiagnosticsProvider","9363ccd9-d429-4452-9adb-2501e704b810","Microsoft-Windows-Diagnosis-ScriptedDiagnosticsProvider/Operational","820","1532","rjaf-PC4429","S-1-5-21-1634558665-2257203147-3060767804-1000","1/23/2015 7:52:41 AM","ae4e23a4-8e72-4d28-85ac-74457e4f5d51",,"c:\users\mac_1\desktop\winevt\logs\microsoft-windows-diagnosis-scripteddiagnosticsprovider%4operational.evtx","System.UInt32[]","System.Diagnostics.Eventing.Reader.EventBookmark","Information","Info",,"System.Collections.ObjectModel.ReadOnlyCollection`1[System.String]","System.Collections.Generic.List`1[System.Diagnostics.Eventing.Reader.EventProperty]"
"The Windows Scripted Diagnostic Provider API IDiagnosticProvider FindDiagnosticsBySearchMetadata method succeeded.  The input Culture/Locale was en-US.  The size of the result set was 1.","1000","0",,"4","0","0","-9223372036854775808","535","Microsoft-Windows-Diagnosis-ScriptedDiagnosticsProvider","9363ccd9-d429-4452-9adb-2501e704b810","Microsoft-Windows-Diagnosis-ScriptedDiagnosticsProvider/Operational","9032","12160","rjaf-PC4429","S-1-5-21-1634558665-2257203147-3060767804-1000","12/23/2014 5:18:12 AM","002f4719-f8af-491b-9fe8-5f2f612e5a93",,"c:\users\mac_1\desktop\winevt\logs\microsoft-windows-diagnosis-scripteddiagnosticsprovider%4operational.evtx","System.UInt32[]","System.Diagnostics.Eventing.Reader.EventBookmark","Information","Info",,"System.Collections.ObjectModel.ReadOnlyCollection`1[System.String]","System.Collections.Generic.List`1[System.Diagnostics.Eventing.Reader.EventProperty]"
"Parsed valid response from the remote server wer.microsoft.com at the URL path Responses/v1.0/8789/1033.1033/6.1.7600.1.0.0.0/4/Unknown.","3007","0",,"4","0","0","-9223372036854775808","534","Microsoft-Windows-Diagnosis-ScriptedDiagnosticsProvider","9363ccd9-d429-4452-9adb-2501e704b810","Microsoft-Windows-Diagnosis-ScriptedDiagnosticsProvider/Operational","9032","11088","rjaf-PC4429","S-1-5-21-1634558665-2257203147-3060767804-1000","12/23/2014 5:18:12 AM","002f4719-f8af-491b-9fe8-5f2f612e5a93",,"c:\users\mac_1\desktop\winevt\logs\microsoft-windows-diagnosis-scripteddiagnosticsprovider%4operational.evtx","System.UInt32[]","System.Diagnostics.Eventing.Reader.EventBookmark","Information","Info",,"System.Collections.ObjectModel.ReadOnlyCollection`1[System.String]","System.Collections.Generic.List`1[System.Diagnostics.Eventing.Reader.EventProperty]"
"Received response from the remote server wer.microsoft.com at the URL path Responses/v1.0/8789/1033.1033/6.1.7600.1.0.0.0/4/Unknown.","3006","0",,"4","0","0","-9223372036854775808","533","Microsoft-Windows-Diagnosis-ScriptedDiagnosticsProvider","9363ccd9-d429-4452-9adb-2501e704b810","Microsoft-Windows-Diagnosis-ScriptedDiagnosticsProvider/Operational","9032","11088","rjaf-PC4429","S-1-5-21-1634558665-2257203147-3060767804-1000","12/23/2014 5:18:12 AM","002f4719-f8af-491b-9fe8-5f2f612e5a93",,"c:\users\mac_1\desktop\winevt\logs\microsoft-windows-diagnosis-scripteddiagnosticsprovider%4operational.evtx","System.UInt32[]","System.Diagnostics.Eventing.Reader.EventBookmark","Information","Info",,"System.Collections.ObjectModel.ReadOnlyCollection`1[System.String]","System.Collections.Generic.List`1[System.Diagnostics.Eventing.Reader.EventProperty]"
"Sending request to the remote server wer.microsoft.com at the URL path Responses/v1.0/8789/1033.1033/6.1.7600.1.0.0.0/4/Unknown.  Contents of the request are: Partner=ScriptedDiagnostics&OS=6.1&SP=0.0&Build=7600&SKU=4&Arch=0&Type=1&MobilePc=0&Internal=0&GeoId=244&BIOSMajorRelease=4&BIOSMinorRelease=6&Locale=en-US&LocaleFallback=en-US&OEM=Unknown&Model=Unknown&Family=To+be+filled+by+O.E.M&OEMSKU=To+be+filled+by+O.E.M.&BaseBoardOEM=Intel+Corporation&BaseBoardModel=DH61BF&BaseBoardVersion=AAG81311-101&BIOSVendor=Intel+Corp&BIOSVersion=BFH6110H.86A.0007.2012.1128.1459&BIOSReleaseDate=11Responses/v1.0/8789/1033.1033/6.1.7600.1.0.0.0/4/UnknownF28Responses/v1.0/8789/1033.1033/6.1.7600.1.0.0.0/4/UnknownF2012&id=AudioPlaybackDiagnostic.","3000","0",,"4","0","0","-9223372036854775808","532","Microsoft-Windows-Diagnosis-ScriptedDiagnosticsProvider","9363ccd9-d429-4452-9adb-2501e704b810","Microsoft-Windows-Diagnosis-ScriptedDiagnosticsProvider/Operational","9032","11088","rjaf-PC4429","S-1-5-21-1634558665-2257203147-3060767804-1000","12/23/2014 5:18:09 AM","002f4719-f8af-491b-9fe8-5f2f612e5a93",,"c:\users\mac_1\desktop\winevt\logs\microsoft-windows-diagnosis-scripteddiagnosticsprovider%4operational.evtx","System.UInt32[]","System.Diagnostics.Eventing.Reader.EventBookmark","Information","Info",,"System.Collections.ObjectModel.ReadOnlyCollection`1[System.String]","System.Collections.Generic.List`1[System.Diagnostics.Eventing.Reader.EventProperty]"
"The diagnostic package index information was successfully loaded from C:\Windows\Diagnostics\Index\AudioPlaybackDiagnostic.xml.","2000","0",,"4","0","0","-9223372036854775808","531","Microsoft-Windows-Diagnosis-ScriptedDiagnosticsProvider","9363ccd9-d429-4452-9adb-2501e704b810","Microsoft-Windows-Diagnosis-ScriptedDiagnosticsProvider/Operational","9032","8176","rjaf-PC4429","S-1-5-21-1634558665-2257203147-3060767804-1000","12/23/2014 5:18:09 AM","002f4719-f8af-491b-9fe8-5f2f612e5a93",,"c:\users\mac_1\desktop\winevt\logs\microsoft-windows-diagnosis-scripteddiagnosticsprovider%4operational.evtx","System.UInt32[]","System.Diagnostics.Eventing.Reader.EventBookmark","Information","Info",,"System.Collections.ObjectModel.ReadOnlyCollection`1[System.String]","System.Collections.Generic.List`1[System.Diagnostics.Eventing.Reader.EventProperty]"
"The following system configuration will be used when querying content providers: OS Major Version (6); OS Minor Version (1); Service Pack Major (0); Service Pack Minor (0); Build Number (7600); Product Type (4); Processor Architecture (0); Culture (en-US); System Type (1); OEM (Unknown); Model (Unknown); IsMobilePc (false); IsInternal (false); GeoId (244); Family (To be filled by O.E.M); OEM SKU (To be filled by O.E.M.); Version (NULL); Base Board OEM (Intel Corporation); Base Board Model (DH61BF); Base Board Version (AAG81311-101); BIOS Vendor (Intel Corp); BIOS Version (BFH6110H.86A.0007.2012.1128.1459); BIOS Release Date (11/28/2012); BIOS Major Release (4); BIOS Minor Release (6); Embedded Controller Firmware Major Release (255); Embedded Controller Firmware Minor Release (255).","3014","0",,"4","0","0","-9223372036854775808","530","Microsoft-Windows-Diagnosis-ScriptedDiagnosticsProvider","9363ccd9-d429-4452-9adb-2501e704b810","Microsoft-Windows-Diagnosis-ScriptedDiagnosticsProvider/Operational","9032","11088","rjaf-PC4429","S-1-5-21-1634558665-2257203147-3060767804-1000","12/23/2014 5:18:09 AM","002f4719-f8af-491b-9fe8-5f2f612e5a93",,"c:\users\mac_1\desktop\winevt\logs\microsoft-windows-diagnosis-scripteddiagnosticsprovider%4operational.evtx","System.UInt32[]","System.Diagnostics.Eventing.Reader.EventBookmark","Information","Info",,"System.Collections.ObjectModel.ReadOnlyCollection`1[System.String]","System.Collections.Generic.List`1[System.Diagnostics.Eventing.Reader.EventProperty]"
"The diagnostic package index information was successfully loaded from C:\Windows\Diagnostics\Index\AeroDiagnostic.xml.","2000","0",,"4","0","0","-9223372036854775808","529","Microsoft-Windows-Diagnosis-ScriptedDiagnosticsProvider","9363ccd9-d429-4452-9adb-2501e704b810","Microsoft-Windows-Diagnosis-ScriptedDiagnosticsProvider/Operational","9032","8176","rjaf-PC4429","S-1-5-21-1634558665-2257203147-3060767804-1000","12/23/2014 5:18:09 AM","002f4719-f8af-491b-9fe8-5f2f612e5a93",,"c:\users\mac_1\desktop\winevt\logs\microsoft-windows-diagnosis-scripteddiagnosticsprovider%4operational.evtx","System.UInt32[]","System.Diagnostics.Eventing.Reader.EventBookmark","Information","Info",,"System.Collections.ObjectModel.ReadOnlyCollection`1[System.String]","System.Collections.Generic.List`1[System.Diagnostics.Eventing.Reader.EventProperty]"
"The Windows Scripted Diagnostic Provider API IDiagnosticProvider Cancel method succeeded.","1010","0",,"4","0","0","-9223372036854775808","528","Microsoft-Windows-Diagnosis-ScriptedDiagnosticsProvider","9363ccd9-d429-4452-9adb-2501e704b810","Microsoft-Windows-Diagnosis-ScriptedDiagnosticsProvider/Operational","3652","5312","rjaf-PC4429","S-1-5-21-1634558665-2257203147-3060767804-1000","12/23/2014 5:18:06 AM","ad81cbd3-324e-4861-92aa-966042d5c7db",,"c:\users\mac_1\desktop\winevt\logs\microsoft-windows-diagnosis-scripteddiagnosticsprovider%4operational.evtx","System.UInt32[]","System.Diagnostics.Eventing.Reader.EventBookmark","Information","Info",,"System.Collections.ObjectModel.ReadOnlyCollection`1[System.String]","System.Collections.Generic.List`1[System.Diagnostics.Eventing.Reader.EventProperty]"
"The Windows Scripted Diagnostic Provider API IDiagnosticProvider Cancel method succeeded.","1010","0",,"4","0","0","-9223372036854775808","527","Microsoft-Windows-Diagnosis-ScriptedDiagnosticsProvider","9363ccd9-d429-4452-9adb-2501e704b810","Microsoft-Windows-Diagnosis-ScriptedDiagnosticsProvider/Operational","3652","6688","rjaf-PC4429","S-1-5-21-1634558665-2257203147-3060767804-1000","12/23/2014 5:18:06 AM","ad81cbd3-324e-4861-92aa-966042d5c7db",,"c:\users\mac_1\desktop\winevt\logs\microsoft-windows-diagnosis-scripteddiagnosticsprovider%4operational.evtx","System.UInt32[]","System.Diagnostics.Eventing.Reader.EventBookmark","Information","Info",,"System.Collections.ObjectModel.ReadOnlyCollection`1[System.String]","System.Collections.Generic.List`1[System.Diagnostics.Eventing.Reader.EventProperty]"
"The Windows Scripted Diagnostic Provider API IDiagnosticProvider FindDiagnosticsBySearchMetadata method succeeded.  The input Culture/Locale was en-US.  The size of the result set was 1.","1000","0",,"4","0","0","-9223372036854775808","526","Microsoft-Windows-Diagnosis-ScriptedDiagnosticsProvider","9363ccd9-d429-4452-9adb-2501e704b810","Microsoft-Windows-Diagnosis-ScriptedDiagnosticsProvider/Operational","1972","9160","rjaf-PC4429","S-1-5-21-1634558665-2257203147-3060767804-1000","12/23/2014 5:16:42 AM","e32707aa-4c87-49fc-8084-d52d90038fb8",,"c:\users\mac_1\desktop\winevt\logs\microsoft-windows-diagnosis-scripteddiagnosticsprovider%4operational.evtx","System.UInt32[]","System.Diagnostics.Eventing.Reader.EventBookmark","Information","Info",,"System.Collections.ObjectModel.ReadOnlyCollection`1[System.String]","System.Collections.Generic.List`1[System.Diagnostics.Eventing.Reader.EventProperty]"
"Parsed valid response from the remote server wer.microsoft.com at the URL path Responses/v1.0/8789/1033.1033/6.1.7600.1.0.0.0/4/Unknown.","3007","0",,"4","0","0","-9223372036854775808","525","Microsoft-Windows-Diagnosis-ScriptedDiagnosticsProvider","9363ccd9-d429-4452-9adb-2501e704b810","Microsoft-Windows-Diagnosis-ScriptedDiagnosticsProvider/Operational","1972","4912","rjaf-PC4429","S-1-5-21-1634558665-2257203147-3060767804-1000","12/23/2014 5:16:42 AM","e32707aa-4c87-49fc-8084-d52d90038fb8",,"c:\users\mac_1\desktop\winevt\logs\microsoft-windows-diagnosis-scripteddiagnosticsprovider%4operational.evtx","System.UInt32[]","System.Diagnostics.Eventing.Reader.EventBookmark","Information","Info",,"System.Collections.ObjectModel.ReadOnlyCollection`1[System.String]","System.Collections.Generic.List`1[System.Diagnostics.Eventing.Reader.EventProperty]"
"Received response from the remote server wer.microsoft.com at the URL path Responses/v1.0/8789/1033.1033/6.1.7600.1.0.0.0/4/Unknown.","3006","0",,"4","0","0","-9223372036854775808","524","Microsoft-Windows-Diagnosis-ScriptedDiagnosticsProvider","9363ccd9-d429-4452-9adb-2501e704b810","Microsoft-Windows-Diagnosis-ScriptedDiagnosticsProvider/Operational","1972","4912","rjaf-PC4429","S-1-5-21-1634558665-2257203147-3060767804-1000","12/23/2014 5:16:42 AM","e32707aa-4c87-49fc-8084-d52d90038fb8",,"c:\users\mac_1\desktop\winevt\logs\microsoft-windows-diagnosis-scripteddiagnosticsprovider%4operational.evtx","System.UInt32[]","System.Diagnostics.Eventing.Reader.EventBookmark","Information","Info",,"System.Collections.ObjectModel.ReadOnlyCollection`1[System.String]","System.Collections.Generic.List`1[System.Diagnostics.Eventing.Reader.EventProperty]"
"The diagnostic package index information was successfully loaded from C:\Windows\Diagnostics\Index\AudioPlaybackDiagnostic.xml.","2000","0",,"4","0","0","-9223372036854775808","523","Microsoft-Windows-Diagnosis-ScriptedDiagnosticsProvider","9363ccd9-d429-4452-9adb-2501e704b810","Microsoft-Windows-Diagnosis-ScriptedDiagnosticsProvider/Operational","1972","2416","rjaf-PC4429","S-1-5-21-1634558665-2257203147-3060767804-1000","12/23/2014 5:16:40 AM","e32707aa-4c87-49fc-8084-d52d90038fb8",,"c:\users\mac_1\desktop\winevt\logs\microsoft-windows-diagnosis-scripteddiagnosticsprovider%4operational.evtx","System.UInt32[]","System.Diagnostics.Eventing.Reader.EventBookmark","Information","Info",,"System.Collections.ObjectModel.ReadOnlyCollection`1[System.String]","System.Collections.Generic.List`1[System.Diagnostics.Eventing.Reader.EventProperty]"
"The diagnostic package index information was successfully loaded from C:\Windows\Diagnostics\Index\AeroDiagnostic.xml.","2000","0",,"4","0","0","-9223372036854775808","522","Microsoft-Windows-Diagnosis-ScriptedDiagnosticsProvider","9363ccd9-d429-4452-9adb-2501e704b810","Microsoft-Windows-Diagnosis-ScriptedDiagnosticsProvider/Operational","1972","2416","rjaf-PC4429","S-1-5-21-1634558665-2257203147-3060767804-1000","12/23/2014 5:16:40 AM","e32707aa-4c87-49fc-8084-d52d90038fb8",,"c:\users\mac_1\desktop\winevt\logs\microsoft-windows-diagnosis-scripteddiagnosticsprovider%4operational.evtx","System.UInt32[]","System.Diagnostics.Eventing.Reader.EventBookmark","Information","Info",,"System.Collections.ObjectModel.ReadOnlyCollection`1[System.String]","System.Collections.Generic.List`1[System.Diagnostics.Eventing.Reader.EventProperty]"
"Sending request to the remote server wer.microsoft.com at the URL path Responses/v1.0/8789/1033.1033/6.1.7600.1.0.0.0/4/Unknown.  Contents of the request are: Partner=ScriptedDiagnostics&OS=6.1&SP=0.0&Build=7600&SKU=4&Arch=0&Type=1&MobilePc=0&Internal=0&GeoId=244&BIOSMajorRelease=4&BIOSMinorRelease=6&Locale=en-US&LocaleFallback=en-US&OEM=Unknown&Model=Unknown&Family=To+be+filled+by+O.E.M&OEMSKU=To+be+filled+by+O.E.M.&BaseBoardOEM=Intel+Corporation&BaseBoardModel=DH61BF&BaseBoardVersion=AAG81311-101&BIOSVendor=Intel+Corp&BIOSVersion=BFH6110H.86A.0007.2012.1128.1459&BIOSReleaseDate=11Responses/v1.0/8789/1033.1033/6.1.7600.1.0.0.0/4/UnknownF28Responses/v1.0/8789/1033.1033/6.1.7600.1.0.0.0/4/UnknownF2012&id=AudioPlaybackDiagnostic.","3000","0",,"4","0","0","-9223372036854775808","521","Microsoft-Windows-Diagnosis-ScriptedDiagnosticsProvider","9363ccd9-d429-4452-9adb-2501e704b810","Microsoft-Windows-Diagnosis-ScriptedDiagnosticsProvider/Operational","1972","4912","rjaf-PC4429","S-1-5-21-1634558665-2257203147-3060767804-1000","12/23/2014 5:16:40 AM","e32707aa-4c87-49fc-8084-d52d90038fb8",,"c:\users\mac_1\desktop\winevt\logs\microsoft-windows-diagnosis-scripteddiagnosticsprovider%4operational.evtx","System.UInt32[]","System.Diagnostics.Eventing.Reader.EventBookmark","Information","Info",,"System.Collections.ObjectModel.ReadOnlyCollection`1[System.String]","System.Collections.Generic.List`1[System.Diagnostics.Eventing.Reader.EventProperty]"
"The following system configuration will be used when querying content providers: OS Major Version (6); OS Minor Version (1); Service Pack Major (0); Service Pack Minor (0); Build Number (7600); Product Type (4); Processor Architecture (0); Culture (en-US); System Type (1); OEM (Unknown); Model (Unknown); IsMobilePc (false); IsInternal (false); GeoId (244); Family (To be filled by O.E.M); OEM SKU (To be filled by O.E.M.); Version (NULL); Base Board OEM (Intel Corporation); Base Board Model (DH61BF); Base Board Version (AAG81311-101); BIOS Vendor (Intel Corp); BIOS Version (BFH6110H.86A.0007.2012.1128.1459); BIOS Release Date (11/28/2012); BIOS Major Release (4); BIOS Minor Release (6); Embedded Controller Firmware Major Release (255); Embedded Controller Firmware Minor Release (255).","3014","0",,"4","0","0","-9223372036854775808","520","Microsoft-Windows-Diagnosis-ScriptedDiagnosticsProvider","9363ccd9-d429-4452-9adb-2501e704b810","Microsoft-Windows-Diagnosis-ScriptedDiagnosticsProvider/Operational","1972","4912","rjaf-PC4429","S-1-5-21-1634558665-2257203147-3060767804-1000","12/23/2014 5:16:40 AM","e32707aa-4c87-49fc-8084-d52d90038fb8",,"c:\users\mac_1\desktop\winevt\logs\microsoft-windows-diagnosis-scripteddiagnosticsprovider%4operational.evtx","System.UInt32[]","System.Diagnostics.Eventing.Reader.EventBookmark","Information","Info",,"System.Collections.ObjectModel.ReadOnlyCollection`1[System.String]","System.Collections.Generic.List`1[System.Diagnostics.Eventing.Reader.EventProperty]"
"The Windows Scripted Diagnostic Provider API IDiagnosticProvider FindDiagnosticsBySearchMetadata method succeeded.  The input Culture/Locale was en-US.  The size of the result set was 1.","1000","0",,"4","0","0","-9223372036854775808","519","Microsoft-Windows-Diagnosis-ScriptedDiagnosticsProvider","9363ccd9-d429-4452-9adb-2501e704b810","Microsoft-Windows-Diagnosis-ScriptedDiagnosticsProvider/Operational","2876","2620","rjaf-PC4429","S-1-5-21-1634558665-2257203147-3060767804-1000","11/28/2014 10:14:59 AM","5d4fca5a-5bf0-41ec-bc5c-d982b52ceeec",,"c:\users\mac_1\desktop\winevt\logs\microsoft-windows-diagnosis-scripteddiagnosticsprovider%4operational.evtx","System.UInt32[]","System.Diagnostics.Eventing.Reader.EventBookmark","Information","Info",,"System.Collections.ObjectModel.ReadOnlyCollection`1[System.String]","System.Collections.Generic.List`1[System.Diagnostics.Eventing.Reader.EventProperty]"
"Timed out while communicating with the remote server wer.microsoft.com at the URL path Responses/v1.0/8789/1033.1033/6.1.7600.1.0.0.0/4/Unknown.","3003","0",,"3","0","0","-9223372036854775808","518","Microsoft-Windows-Diagnosis-ScriptedDiagnosticsProvider","9363ccd9-d429-4452-9adb-2501e704b810","Microsoft-Windows-Diagnosis-ScriptedDiagnosticsProvider/Operational","2876","3692","rjaf-PC4429","S-1-5-21-1634558665-2257203147-3060767804-1000","11/28/2014 10:14:59 AM","5d4fca5a-5bf0-41ec-bc5c-d982b52ceeec",,"c:\users\mac_1\desktop\winevt\logs\microsoft-windows-diagnosis-scripteddiagnosticsprovider%4operational.evtx","System.UInt32[]","System.Diagnostics.Eventing.Reader.EventBookmark","Warning","Info",,"System.Collections.ObjectModel.ReadOnlyCollection`1[System.String]","System.Collections.Generic.List`1[System.Diagnostics.Eventing.Reader.EventProperty]"
"Sending request to the remote server wer.microsoft.com at the URL path Responses/v1.0/8789/1033.1033/6.1.7600.1.0.0.0/4/Unknown.  Contents of the request are: Partner=ScriptedDiagnostics&OS=6.1&SP=0.0&Build=7600&SKU=4&Arch=0&Type=1&MobilePc=0&Internal=0&GeoId=244&BIOSMajorRelease=4&BIOSMinorRelease=6&Locale=en-US&LocaleFallback=en-US&OEM=Unknown&Model=Unknown&Family=To+be+filled+by+O.E.M&OEMSKU=To+be+filled+by+O.E.M.&BaseBoardOEM=Intel+Corporation&BaseBoardModel=DH61BF&BaseBoardVersion=AAG81311-101&BIOSVendor=Intel+Corp&BIOSVersion=BFH6110H.86A.0007.2012.1128.1459&BIOSReleaseDate=11Responses/v1.0/8789/1033.1033/6.1.7600.1.0.0.0/4/UnknownF28Responses/v1.0/8789/1033.1033/6.1.7600.1.0.0.0/4/UnknownF2012&id=AudioPlaybackDiagnostic.","3000","0",,"4","0","0","-9223372036854775808","517","Microsoft-Windows-Diagnosis-ScriptedDiagnosticsProvider","9363ccd9-d429-4452-9adb-2501e704b810","Microsoft-Windows-Diagnosis-ScriptedDiagnosticsProvider/Operational","2876","3692","rjaf-PC4429","S-1-5-21-1634558665-2257203147-3060767804-1000","11/28/2014 10:14:51 AM","5d4fca5a-5bf0-41ec-bc5c-d982b52ceeec",,"c:\users\mac_1\desktop\winevt\logs\microsoft-windows-diagnosis-scripteddiagnosticsprovider%4operational.evtx","System.UInt32[]","System.Diagnostics.Eventing.Reader.EventBookmark","Information","Info",,"System.Collections.ObjectModel.ReadOnlyCollection`1[System.String]","System.Collections.Generic.List`1[System.Diagnostics.Eventing.Reader.EventProperty]"
"The diagnostic package index information was successfully loaded from C:\Windows\Diagnostics\Index\AudioPlaybackDiagnostic.xml.","2000","0",,"4","0","0","-9223372036854775808","516","Microsoft-Windows-Diagnosis-ScriptedDiagnosticsProvider","9363ccd9-d429-4452-9adb-2501e704b810","Microsoft-Windows-Diagnosis-ScriptedDiagnosticsProvider/Operational","2876","3764","rjaf-PC4429","S-1-5-21-1634558665-2257203147-3060767804-1000","11/28/2014 10:14:51 AM","5d4fca5a-5bf0-41ec-bc5c-d982b52ceeec",,"c:\users\mac_1\desktop\winevt\logs\microsoft-windows-diagnosis-scripteddiagnosticsprovider%4operational.evtx","System.UInt32[]","System.Diagnostics.Eventing.Reader.EventBookmark","Information","Info",,"System.Collections.ObjectModel.ReadOnlyCollection`1[System.String]","System.Collections.Generic.List`1[System.Diagnostics.Eventing.Reader.EventProperty]"
"The following system configuration will be used when querying content providers: OS Major Version (6); OS Minor Version (1); Service Pack Major (0); Service Pack Minor (0); Build Number (7600); Product Type (4); Processor Architecture (0); Culture (en-US); System Type (1); OEM (Unknown); Model (Unknown); IsMobilePc (false); IsInternal (false); GeoId (244); Family (To be filled by O.E.M); OEM SKU (To be filled by O.E.M.); Version (NULL); Base Board OEM (Intel Corporation); Base Board Model (DH61BF); Base Board Version (AAG81311-101); BIOS Vendor (Intel Corp); BIOS Version (BFH6110H.86A.0007.2012.1128.1459); BIOS Release Date (11/28/2012); BIOS Major Release (4); BIOS Minor Release (6); Embedded Controller Firmware Major Release (255); Embedded Controller Firmware Minor Release (255).","3014","0",,"4","0","0","-9223372036854775808","515","Microsoft-Windows-Diagnosis-ScriptedDiagnosticsProvider","9363ccd9-d429-4452-9adb-2501e704b810","Microsoft-Windows-Diagnosis-ScriptedDiagnosticsProvider/Operational","2876","3692","rjaf-PC4429","S-1-5-21-1634558665-2257203147-3060767804-1000","11/28/2014 10:14:51 AM","5d4fca5a-5bf0-41ec-bc5c-d982b52ceeec",,"c:\users\mac_1\desktop\winevt\logs\microsoft-windows-diagnosis-scripteddiagnosticsprovider%4operational.evtx","System.UInt32[]","System.Diagnostics.Eventing.Reader.EventBookmark","Information","Info",,"System.Collections.ObjectModel.ReadOnlyCollection`1[System.String]","System.Collections.Generic.List`1[System.Diagnostics.Eventing.Reader.EventProperty]"
