"Network Disconnected
	Name: linksys
	Desc: Network
	Type: Unmanaged
	State: Connected,IPV4 (Internet),IPV6 (Local)
	Category: Private
","10001","0",,"4","0","0","4611721202799476736","9041","Microsoft-Windows-NetworkProfile","fbcfac3f-8459-419f-8e48-1f0b49cdb85e","Microsoft-Windows-NetworkProfile/Operational","1084","404","rjaf-PC4429","S-1-5-19","3/24/2015 1:44:58 AM",,,"c:\users\mac_1\desktop\winevt\logs\microsoft-windows-networkprofile%4operational.evtx","System.UInt32[]","System.Diagnostics.Eventing.Reader.EventBookmark","Information","Info",,"System.Collections.ObjectModel.ReadOnlyCollection`1[System.String]","System.Collections.Generic.List`1[System.Diagnostics.Eventing.Reader.EventProperty]"
"Transitioning to State: Identified Network Interface Guid: {9819BC20-693D-4F54-9CE8-7BFD5AD735CE}","4002","0",,"4","1","2","4612002677776187392","9040","Microsoft-Windows-NetworkProfile","fbcfac3f-8459-419f-8e48-1f0b49cdb85e","Microsoft-Windows-NetworkProfile/Operational","1084","3008","rjaf-PC4429","S-1-5-19","3/24/2015 1:44:58 AM",,,"c:\users\mac_1\desktop\winevt\logs\microsoft-windows-networkprofile%4operational.evtx","System.UInt32[]","System.Diagnostics.Eventing.Reader.EventBookmark","Information","Stop","Wait for Identification","System.Collections.ObjectModel.ReadOnlyCollection`1[System.String]","System.Collections.Generic.List`1[System.Diagnostics.Eventing.Reader.EventProperty]"
"Network Connected
	Name: linksys
	Desc: Network
	Type: Unmanaged
	State: Connected,IPV4 (Internet)
	Category: Private
","10000","0",,"4","0","0","4611721202799476736","9039","Microsoft-Windows-NetworkProfile","fbcfac3f-8459-419f-8e48-1f0b49cdb85e","Microsoft-Windows-NetworkProfile/Operational","1084","404","rjaf-PC4429","S-1-5-19","3/23/2015 11:38:34 PM",,,"c:\users\mac_1\desktop\winevt\logs\microsoft-windows-networkprofile%4operational.evtx","System.UInt32[]","System.Diagnostics.Eventing.Reader.EventBookmark","Information","Info",,"System.Collections.ObjectModel.ReadOnlyCollection`1[System.String]","System.Collections.Generic.List`1[System.Diagnostics.Eventing.Reader.EventProperty]"
"Transitioning to State: Identified Network Interface Guid: {9819BC20-693D-4F54-9CE8-7BFD5AD735CE}","4002","0",,"4","1","2","4612002677776187392","9038","Microsoft-Windows-NetworkProfile","fbcfac3f-8459-419f-8e48-1f0b49cdb85e","Microsoft-Windows-NetworkProfile/Operational","1084","1828","rjaf-PC4429","S-1-5-19","3/23/2015 11:38:34 PM",,,"c:\users\mac_1\desktop\winevt\logs\microsoft-windows-networkprofile%4operational.evtx","System.UInt32[]","System.Diagnostics.Eventing.Reader.EventBookmark","Information","Stop","Wait for Identification","System.Collections.ObjectModel.ReadOnlyCollection`1[System.String]","System.Collections.Generic.List`1[System.Diagnostics.Eventing.Reader.EventProperty]"
"Network Connected
	Name: Identifying...
	Desc: Identifying...
	Type: Unmanaged
	State: Connected
	Category: Public
","10000","0",,"4","0","0","4611721202799476736","9037","Microsoft-Windows-NetworkProfile","fbcfac3f-8459-419f-8e48-1f0b49cdb85e","Microsoft-Windows-NetworkProfile/Operational","1084","404","rjaf-PC4429","S-1-5-19","3/23/2015 11:38:33 PM",,,"c:\users\mac_1\desktop\winevt\logs\microsoft-windows-networkprofile%4operational.evtx","System.UInt32[]","System.Diagnostics.Eventing.Reader.EventBookmark","Information","Info",,"System.Collections.ObjectModel.ReadOnlyCollection`1[System.String]","System.Collections.Generic.List`1[System.Diagnostics.Eventing.Reader.EventProperty]"
"Entered State: Identifying Network Interface Guid: {9819BC20-693D-4F54-9CE8-7BFD5AD735CE}","4001","0",,"4","1","1","4611721202799476736","9036","Microsoft-Windows-NetworkProfile","fbcfac3f-8459-419f-8e48-1f0b49cdb85e","Microsoft-Windows-NetworkProfile/Operational","1084","3572","rjaf-PC4429","S-1-5-19","3/23/2015 11:38:33 PM",,,"c:\users\mac_1\desktop\winevt\logs\microsoft-windows-networkprofile%4operational.evtx","System.UInt32[]","System.Diagnostics.Eventing.Reader.EventBookmark","Information","Start","Wait for Identification","System.Collections.ObjectModel.ReadOnlyCollection`1[System.String]","System.Collections.Generic.List`1[System.Diagnostics.Eventing.Reader.EventProperty]"
"Network Disconnected
	Name: linksys
	Desc: Network
	Type: Unmanaged
	State: Disconnected
	Category: Private
","10001","0",,"4","0","0","4611721202799476736","9035","Microsoft-Windows-NetworkProfile","fbcfac3f-8459-419f-8e48-1f0b49cdb85e","Microsoft-Windows-NetworkProfile/Operational","1084","404","rjaf-PC4429","S-1-5-19","3/23/2015 11:38:30 PM",,,"c:\users\mac_1\desktop\winevt\logs\microsoft-windows-networkprofile%4operational.evtx","System.UInt32[]","System.Diagnostics.Eventing.Reader.EventBookmark","Information","Info",,"System.Collections.ObjectModel.ReadOnlyCollection`1[System.String]","System.Collections.Generic.List`1[System.Diagnostics.Eventing.Reader.EventProperty]"
"Network Connected
	Name: linksys
	Desc: Network
	Type: Unmanaged
	State: Connected,IPV4 (Internet),IPV6 (Local)
	Category: Private
","10000","0",,"4","0","0","4611721202799476736","9034","Microsoft-Windows-NetworkProfile","fbcfac3f-8459-419f-8e48-1f0b49cdb85e","Microsoft-Windows-NetworkProfile/Operational","1084","404","rjaf-PC4429","S-1-5-19","3/23/2015 6:00:19 PM",,,"c:\users\mac_1\desktop\winevt\logs\microsoft-windows-networkprofile%4operational.evtx","System.UInt32[]","System.Diagnostics.Eventing.Reader.EventBookmark","Information","Info",,"System.Collections.ObjectModel.ReadOnlyCollection`1[System.String]","System.Collections.Generic.List`1[System.Diagnostics.Eventing.Reader.EventProperty]"
"Transitioning to State: Identified Network Interface Guid: {9819BC20-693D-4F54-9CE8-7BFD5AD735CE}","4002","0",,"4","1","2","4612002677776187392","9033","Microsoft-Windows-NetworkProfile","fbcfac3f-8459-419f-8e48-1f0b49cdb85e","Microsoft-Windows-NetworkProfile/Operational","1084","1828","rjaf-PC4429","S-1-5-19","3/23/2015 6:00:17 PM",,,"c:\users\mac_1\desktop\winevt\logs\microsoft-windows-networkprofile%4operational.evtx","System.UInt32[]","System.Diagnostics.Eventing.Reader.EventBookmark","Information","Stop","Wait for Identification","System.Collections.ObjectModel.ReadOnlyCollection`1[System.String]","System.Collections.Generic.List`1[System.Diagnostics.Eventing.Reader.EventProperty]"
"Network Disconnected
	Name: linksys
	Desc: Network
	Type: Unmanaged
	State: Disconnected
	Category: Private
","10001","0",,"4","0","0","4611721202799476736","9032","Microsoft-Windows-NetworkProfile","fbcfac3f-8459-419f-8e48-1f0b49cdb85e","Microsoft-Windows-NetworkProfile/Operational","1084","404","rjaf-PC4429","S-1-5-19","3/23/2015 6:00:17 PM",,,"c:\users\mac_1\desktop\winevt\logs\microsoft-windows-networkprofile%4operational.evtx","System.UInt32[]","System.Diagnostics.Eventing.Reader.EventBookmark","Information","Info",,"System.Collections.ObjectModel.ReadOnlyCollection`1[System.String]","System.Collections.Generic.List`1[System.Diagnostics.Eventing.Reader.EventProperty]"
"Entered State: Identifying Network Interface Guid: {9819BC20-693D-4F54-9CE8-7BFD5AD735CE}","4001","0",,"4","1","1","4611721202799476736","9031","Microsoft-Windows-NetworkProfile","fbcfac3f-8459-419f-8e48-1f0b49cdb85e","Microsoft-Windows-NetworkProfile/Operational","1084","1828","rjaf-PC4429","S-1-5-19","3/23/2015 6:00:17 PM",,,"c:\users\mac_1\desktop\winevt\logs\microsoft-windows-networkprofile%4operational.evtx","System.UInt32[]","System.Diagnostics.Eventing.Reader.EventBookmark","Information","Start","Wait for Identification","System.Collections.ObjectModel.ReadOnlyCollection`1[System.String]","System.Collections.Generic.List`1[System.Diagnostics.Eventing.Reader.EventProperty]"
"Network Connected
	Name: linksys
	Desc: Network
	Type: Unmanaged
	State: Connected,IPV4 (Internet)
	Category: Private
","10000","0",,"4","0","0","4611721202799476736","9030","Microsoft-Windows-NetworkProfile","fbcfac3f-8459-419f-8e48-1f0b49cdb85e","Microsoft-Windows-NetworkProfile/Operational","1084","404","rjaf-PC4429","S-1-5-19","3/23/2015 3:23:34 PM",,,"c:\users\mac_1\desktop\winevt\logs\microsoft-windows-networkprofile%4operational.evtx","System.UInt32[]","System.Diagnostics.Eventing.Reader.EventBookmark","Information","Info",,"System.Collections.ObjectModel.ReadOnlyCollection`1[System.String]","System.Collections.Generic.List`1[System.Diagnostics.Eventing.Reader.EventProperty]"
"Transitioning to State: Identified Network Interface Guid: {9819BC20-693D-4F54-9CE8-7BFD5AD735CE}","4002","0",,"4","1","2","4612002677776187392","9029","Microsoft-Windows-NetworkProfile","fbcfac3f-8459-419f-8e48-1f0b49cdb85e","Microsoft-Windows-NetworkProfile/Operational","1084","3192","rjaf-PC4429","S-1-5-19","3/23/2015 3:23:34 PM",,,"c:\users\mac_1\desktop\winevt\logs\microsoft-windows-networkprofile%4operational.evtx","System.UInt32[]","System.Diagnostics.Eventing.Reader.EventBookmark","Information","Stop","Wait for Identification","System.Collections.ObjectModel.ReadOnlyCollection`1[System.String]","System.Collections.Generic.List`1[System.Diagnostics.Eventing.Reader.EventProperty]"
"Network Disconnected
	Name: linksys
	Desc: Network
	Type: Unmanaged
	State: Disconnected
	Category: Private
","10001","0",,"4","0","0","4611721202799476736","9028","Microsoft-Windows-NetworkProfile","fbcfac3f-8459-419f-8e48-1f0b49cdb85e","Microsoft-Windows-NetworkProfile/Operational","1084","404","rjaf-PC4429","S-1-5-19","3/23/2015 3:23:34 PM",,,"c:\users\mac_1\desktop\winevt\logs\microsoft-windows-networkprofile%4operational.evtx","System.UInt32[]","System.Diagnostics.Eventing.Reader.EventBookmark","Information","Info",,"System.Collections.ObjectModel.ReadOnlyCollection`1[System.String]","System.Collections.Generic.List`1[System.Diagnostics.Eventing.Reader.EventProperty]"
"Entered State: Identifying Network Interface Guid: {9819BC20-693D-4F54-9CE8-7BFD5AD735CE}","4001","0",,"4","1","1","4611721202799476736","9027","Microsoft-Windows-NetworkProfile","fbcfac3f-8459-419f-8e48-1f0b49cdb85e","Microsoft-Windows-NetworkProfile/Operational","1084","3192","rjaf-PC4429","S-1-5-19","3/23/2015 3:23:34 PM",,,"c:\users\mac_1\desktop\winevt\logs\microsoft-windows-networkprofile%4operational.evtx","System.UInt32[]","System.Diagnostics.Eventing.Reader.EventBookmark","Information","Start","Wait for Identification","System.Collections.ObjectModel.ReadOnlyCollection`1[System.String]","System.Collections.Generic.List`1[System.Diagnostics.Eventing.Reader.EventProperty]"
"Network Connected
	Name: linksys
	Desc: Network
	Type: Unmanaged
	State: Connected,IPV4 (Internet),IPV6 (Local)
	Category: Private
","10000","0",,"4","0","0","4611721202799476736","9026","Microsoft-Windows-NetworkProfile","fbcfac3f-8459-419f-8e48-1f0b49cdb85e","Microsoft-Windows-NetworkProfile/Operational","1084","404","rjaf-PC4429","S-1-5-19","3/23/2015 12:50:59 PM",,,"c:\users\mac_1\desktop\winevt\logs\microsoft-windows-networkprofile%4operational.evtx","System.UInt32[]","System.Diagnostics.Eventing.Reader.EventBookmark","Information","Info",,"System.Collections.ObjectModel.ReadOnlyCollection`1[System.String]","System.Collections.Generic.List`1[System.Diagnostics.Eventing.Reader.EventProperty]"
"Transitioning to State: Identified Network Interface Guid: {9819BC20-693D-4F54-9CE8-7BFD5AD735CE}","4002","0",,"4","1","2","4612002677776187392","9025","Microsoft-Windows-NetworkProfile","fbcfac3f-8459-419f-8e48-1f0b49cdb85e","Microsoft-Windows-NetworkProfile/Operational","1084","3484","rjaf-PC4429","S-1-5-19","3/23/2015 12:50:59 PM",,,"c:\users\mac_1\desktop\winevt\logs\microsoft-windows-networkprofile%4operational.evtx","System.UInt32[]","System.Diagnostics.Eventing.Reader.EventBookmark","Information","Stop","Wait for Identification","System.Collections.ObjectModel.ReadOnlyCollection`1[System.String]","System.Collections.Generic.List`1[System.Diagnostics.Eventing.Reader.EventProperty]"
"Network Connected
	Name: Identifying...
	Desc: Identifying...
	Type: Unmanaged
	State: Connected,IPV4 (Internet),IPV6 (Local)
	Category: Public
","10000","0",,"4","0","0","4611721202799476736","9024","Microsoft-Windows-NetworkProfile","fbcfac3f-8459-419f-8e48-1f0b49cdb85e","Microsoft-Windows-NetworkProfile/Operational","1084","404","rjaf-PC4429","S-1-5-19","3/23/2015 12:50:59 PM",,,"c:\users\mac_1\desktop\winevt\logs\microsoft-windows-networkprofile%4operational.evtx","System.UInt32[]","System.Diagnostics.Eventing.Reader.EventBookmark","Information","Info",,"System.Collections.ObjectModel.ReadOnlyCollection`1[System.String]","System.Collections.Generic.List`1[System.Diagnostics.Eventing.Reader.EventProperty]"
"Entered State: Identifying Network Interface Guid: {9819BC20-693D-4F54-9CE8-7BFD5AD735CE}","4001","0",,"4","1","1","4611721202799476736","9023","Microsoft-Windows-NetworkProfile","fbcfac3f-8459-419f-8e48-1f0b49cdb85e","Microsoft-Windows-NetworkProfile/Operational","1084","676","rjaf-PC4429","S-1-5-19","3/23/2015 12:50:59 PM",,,"c:\users\mac_1\desktop\winevt\logs\microsoft-windows-networkprofile%4operational.evtx","System.UInt32[]","System.Diagnostics.Eventing.Reader.EventBookmark","Information","Start","Wait for Identification","System.Collections.ObjectModel.ReadOnlyCollection`1[System.String]","System.Collections.Generic.List`1[System.Diagnostics.Eventing.Reader.EventProperty]"
"Network Disconnected
	Name: linksys
	Desc: Network
	Type: Unmanaged
	State: Disconnected
	Category: Private
","10001","0",,"4","0","0","4611721202799476736","9022","Microsoft-Windows-NetworkProfile","fbcfac3f-8459-419f-8e48-1f0b49cdb85e","Microsoft-Windows-NetworkProfile/Operational","1084","404","rjaf-PC4429","S-1-5-19","3/23/2015 12:50:57 PM",,,"c:\users\mac_1\desktop\winevt\logs\microsoft-windows-networkprofile%4operational.evtx","System.UInt32[]","System.Diagnostics.Eventing.Reader.EventBookmark","Information","Info",,"System.Collections.ObjectModel.ReadOnlyCollection`1[System.String]","System.Collections.Generic.List`1[System.Diagnostics.Eventing.Reader.EventProperty]"
"Network Connected
	Name: linksys
	Desc: Network
	Type: Unmanaged
	State: Connected,IPV4 (Internet)
	Category: Private
","10000","0",,"4","0","0","4611721202799476736","9021","Microsoft-Windows-NetworkProfile","fbcfac3f-8459-419f-8e48-1f0b49cdb85e","Microsoft-Windows-NetworkProfile/Operational","1084","404","rjaf-PC4429","S-1-5-19","3/23/2015 11:08:12 AM",,,"c:\users\mac_1\desktop\winevt\logs\microsoft-windows-networkprofile%4operational.evtx","System.UInt32[]","System.Diagnostics.Eventing.Reader.EventBookmark","Information","Info",,"System.Collections.ObjectModel.ReadOnlyCollection`1[System.String]","System.Collections.Generic.List`1[System.Diagnostics.Eventing.Reader.EventProperty]"
"Network Disconnected
	Name: linksys
	Desc: Network
	Type: Unmanaged
	State: Connected,IPV4 (Internet)
	Category: Private
","10001","0",,"4","0","0","4611721202799476736","9020","Microsoft-Windows-NetworkProfile","fbcfac3f-8459-419f-8e48-1f0b49cdb85e","Microsoft-Windows-NetworkProfile/Operational","1084","404","rjaf-PC4429","S-1-5-19","3/23/2015 11:08:12 AM",,,"c:\users\mac_1\desktop\winevt\logs\microsoft-windows-networkprofile%4operational.evtx","System.UInt32[]","System.Diagnostics.Eventing.Reader.EventBookmark","Information","Info",,"System.Collections.ObjectModel.ReadOnlyCollection`1[System.String]","System.Collections.Generic.List`1[System.Diagnostics.Eventing.Reader.EventProperty]"
"Transitioning to State: Identified Network Interface Guid: {9819BC20-693D-4F54-9CE8-7BFD5AD735CE}","4002","0",,"4","1","2","4612002677776187392","9019","Microsoft-Windows-NetworkProfile","fbcfac3f-8459-419f-8e48-1f0b49cdb85e","Microsoft-Windows-NetworkProfile/Operational","1084","3296","rjaf-PC4429","S-1-5-19","3/23/2015 11:08:10 AM",,,"c:\users\mac_1\desktop\winevt\logs\microsoft-windows-networkprofile%4operational.evtx","System.UInt32[]","System.Diagnostics.Eventing.Reader.EventBookmark","Information","Stop","Wait for Identification","System.Collections.ObjectModel.ReadOnlyCollection`1[System.String]","System.Collections.Generic.List`1[System.Diagnostics.Eventing.Reader.EventProperty]"
"Entered State: Identifying Network Interface Guid: {9819BC20-693D-4F54-9CE8-7BFD5AD735CE}","4001","0",,"4","1","1","4611721202799476736","9018","Microsoft-Windows-NetworkProfile","fbcfac3f-8459-419f-8e48-1f0b49cdb85e","Microsoft-Windows-NetworkProfile/Operational","1084","3296","rjaf-PC4429","S-1-5-19","3/23/2015 11:08:10 AM",,,"c:\users\mac_1\desktop\winevt\logs\microsoft-windows-networkprofile%4operational.evtx","System.UInt32[]","System.Diagnostics.Eventing.Reader.EventBookmark","Information","Start","Wait for Identification","System.Collections.ObjectModel.ReadOnlyCollection`1[System.String]","System.Collections.Generic.List`1[System.Diagnostics.Eventing.Reader.EventProperty]"
"Network Connected
	Name: linksys
	Desc: Network
	Type: Unmanaged
	State: Connected,IPV4 (Internet)
	Category: Private
","10000","0",,"4","0","0","4611721202799476736","9017","Microsoft-Windows-NetworkProfile","fbcfac3f-8459-419f-8e48-1f0b49cdb85e","Microsoft-Windows-NetworkProfile/Operational","1084","404","rjaf-PC4429","S-1-5-19","3/23/2015 2:41:48 AM",,,"c:\users\mac_1\desktop\winevt\logs\microsoft-windows-networkprofile%4operational.evtx","System.UInt32[]","System.Diagnostics.Eventing.Reader.EventBookmark","Information","Info",,"System.Collections.ObjectModel.ReadOnlyCollection`1[System.String]","System.Collections.Generic.List`1[System.Diagnostics.Eventing.Reader.EventProperty]"
"Transitioning to State: Identified Network Interface Guid: {9819BC20-693D-4F54-9CE8-7BFD5AD735CE}","4002","0",,"4","1","2","4612002677776187392","9016","Microsoft-Windows-NetworkProfile","fbcfac3f-8459-419f-8e48-1f0b49cdb85e","Microsoft-Windows-NetworkProfile/Operational","1084","1624","rjaf-PC4429","S-1-5-19","3/23/2015 2:41:48 AM",,,"c:\users\mac_1\desktop\winevt\logs\microsoft-windows-networkprofile%4operational.evtx","System.UInt32[]","System.Diagnostics.Eventing.Reader.EventBookmark","Information","Stop","Wait for Identification","System.Collections.ObjectModel.ReadOnlyCollection`1[System.String]","System.Collections.Generic.List`1[System.Diagnostics.Eventing.Reader.EventProperty]"
"Network Connected
	Name: Identifying...
	Desc: Identifying...
	Type: Unmanaged
	State: Connected
	Category: Public
","10000","0",,"4","0","0","4611721202799476736","9015","Microsoft-Windows-NetworkProfile","fbcfac3f-8459-419f-8e48-1f0b49cdb85e","Microsoft-Windows-NetworkProfile/Operational","1084","404","rjaf-PC4429","S-1-5-19","3/23/2015 2:41:47 AM",,,"c:\users\mac_1\desktop\winevt\logs\microsoft-windows-networkprofile%4operational.evtx","System.UInt32[]","System.Diagnostics.Eventing.Reader.EventBookmark","Information","Info",,"System.Collections.ObjectModel.ReadOnlyCollection`1[System.String]","System.Collections.Generic.List`1[System.Diagnostics.Eventing.Reader.EventProperty]"
"Entered State: Identifying Network Interface Guid: {9819BC20-693D-4F54-9CE8-7BFD5AD735CE}","4001","0",,"4","1","1","4611721202799476736","9014","Microsoft-Windows-NetworkProfile","fbcfac3f-8459-419f-8e48-1f0b49cdb85e","Microsoft-Windows-NetworkProfile/Operational","1084","2616","rjaf-PC4429","S-1-5-19","3/23/2015 2:41:47 AM",,,"c:\users\mac_1\desktop\winevt\logs\microsoft-windows-networkprofile%4operational.evtx","System.UInt32[]","System.Diagnostics.Eventing.Reader.EventBookmark","Information","Start","Wait for Identification","System.Collections.ObjectModel.ReadOnlyCollection`1[System.String]","System.Collections.Generic.List`1[System.Diagnostics.Eventing.Reader.EventProperty]"
"Network Disconnected
	Name: linksys
	Desc: Network
	Type: Unmanaged
	State: Disconnected
	Category: Private
","10001","0",,"4","0","0","4611721202799476736","9013","Microsoft-Windows-NetworkProfile","fbcfac3f-8459-419f-8e48-1f0b49cdb85e","Microsoft-Windows-NetworkProfile/Operational","1084","404","rjaf-PC4429","S-1-5-19","3/23/2015 2:41:44 AM",,,"c:\users\mac_1\desktop\winevt\logs\microsoft-windows-networkprofile%4operational.evtx","System.UInt32[]","System.Diagnostics.Eventing.Reader.EventBookmark","Information","Info",,"System.Collections.ObjectModel.ReadOnlyCollection`1[System.String]","System.Collections.Generic.List`1[System.Diagnostics.Eventing.Reader.EventProperty]"
"Network Connected
	Name: linksys
	Desc: Network
	Type: Unmanaged
	State: Connected,IPV4 (Local)
	Category: Private
","10000","0",,"4","0","0","4611721202799476736","9012","Microsoft-Windows-NetworkProfile","fbcfac3f-8459-419f-8e48-1f0b49cdb85e","Microsoft-Windows-NetworkProfile/Operational","1084","404","rjaf-PC4429","S-1-5-19","3/23/2015 12:48:53 AM",,,"c:\users\mac_1\desktop\winevt\logs\microsoft-windows-networkprofile%4operational.evtx","System.UInt32[]","System.Diagnostics.Eventing.Reader.EventBookmark","Information","Info",,"System.Collections.ObjectModel.ReadOnlyCollection`1[System.String]","System.Collections.Generic.List`1[System.Diagnostics.Eventing.Reader.EventProperty]"
"Transitioning to State: Identified Network Interface Guid: {9819BC20-693D-4F54-9CE8-7BFD5AD735CE}","4002","0",,"4","1","2","4612002677776187392","9011","Microsoft-Windows-NetworkProfile","fbcfac3f-8459-419f-8e48-1f0b49cdb85e","Microsoft-Windows-NetworkProfile/Operational","1084","3516","rjaf-PC4429","S-1-5-19","3/23/2015 12:48:53 AM",,,"c:\users\mac_1\desktop\winevt\logs\microsoft-windows-networkprofile%4operational.evtx","System.UInt32[]","System.Diagnostics.Eventing.Reader.EventBookmark","Information","Stop","Wait for Identification","System.Collections.ObjectModel.ReadOnlyCollection`1[System.String]","System.Collections.Generic.List`1[System.Diagnostics.Eventing.Reader.EventProperty]"
"Network Connected
	Name: Identifying...
	Desc: Identifying...
	Type: Unmanaged
	State: Connected
	Category: Public
","10000","0",,"4","0","0","4611721202799476736","9010","Microsoft-Windows-NetworkProfile","fbcfac3f-8459-419f-8e48-1f0b49cdb85e","Microsoft-Windows-NetworkProfile/Operational","1084","404","rjaf-PC4429","S-1-5-19","3/23/2015 12:48:48 AM",,,"c:\users\mac_1\desktop\winevt\logs\microsoft-windows-networkprofile%4operational.evtx","System.UInt32[]","System.Diagnostics.Eventing.Reader.EventBookmark","Information","Info",,"System.Collections.ObjectModel.ReadOnlyCollection`1[System.String]","System.Collections.Generic.List`1[System.Diagnostics.Eventing.Reader.EventProperty]"
"Entered State: Identifying Network Interface Guid: {9819BC20-693D-4F54-9CE8-7BFD5AD735CE}","4001","0",,"4","1","1","4611721202799476736","9009","Microsoft-Windows-NetworkProfile","fbcfac3f-8459-419f-8e48-1f0b49cdb85e","Microsoft-Windows-NetworkProfile/Operational","1084","1872","rjaf-PC4429","S-1-5-19","3/23/2015 12:48:48 AM",,,"c:\users\mac_1\desktop\winevt\logs\microsoft-windows-networkprofile%4operational.evtx","System.UInt32[]","System.Diagnostics.Eventing.Reader.EventBookmark","Information","Start","Wait for Identification","System.Collections.ObjectModel.ReadOnlyCollection`1[System.String]","System.Collections.Generic.List`1[System.Diagnostics.Eventing.Reader.EventProperty]"
"Network Disconnected
	Name: linksys
	Desc: Network
	Type: Unmanaged
	State: Disconnected
	Category: Private
","10001","0",,"4","0","0","4611721202799476736","9008","Microsoft-Windows-NetworkProfile","fbcfac3f-8459-419f-8e48-1f0b49cdb85e","Microsoft-Windows-NetworkProfile/Operational","1084","404","rjaf-PC4429","S-1-5-19","3/23/2015 12:48:45 AM",,,"c:\users\mac_1\desktop\winevt\logs\microsoft-windows-networkprofile%4operational.evtx","System.UInt32[]","System.Diagnostics.Eventing.Reader.EventBookmark","Information","Info",,"System.Collections.ObjectModel.ReadOnlyCollection`1[System.String]","System.Collections.Generic.List`1[System.Diagnostics.Eventing.Reader.EventProperty]"
"Network Connected
	Name: linksys
	Desc: Network
	Type: Unmanaged
	State: Connected
	Category: Private
","10000","0",,"4","0","0","4611721202799476736","9007","Microsoft-Windows-NetworkProfile","fbcfac3f-8459-419f-8e48-1f0b49cdb85e","Microsoft-Windows-NetworkProfile/Operational","1084","404","rjaf-PC4429","S-1-5-19","3/22/2015 12:41:05 PM",,,"c:\users\mac_1\desktop\winevt\logs\microsoft-windows-networkprofile%4operational.evtx","System.UInt32[]","System.Diagnostics.Eventing.Reader.EventBookmark","Information","Info",,"System.Collections.ObjectModel.ReadOnlyCollection`1[System.String]","System.Collections.Generic.List`1[System.Diagnostics.Eventing.Reader.EventProperty]"
"Transitioning to State: Identified Network Interface Guid: {9819BC20-693D-4F54-9CE8-7BFD5AD735CE}","4002","0",,"4","1","2","4612002677776187392","9006","Microsoft-Windows-NetworkProfile","fbcfac3f-8459-419f-8e48-1f0b49cdb85e","Microsoft-Windows-NetworkProfile/Operational","1084","3976","rjaf-PC4429","S-1-5-19","3/22/2015 12:41:05 PM",,,"c:\users\mac_1\desktop\winevt\logs\microsoft-windows-networkprofile%4operational.evtx","System.UInt32[]","System.Diagnostics.Eventing.Reader.EventBookmark","Information","Stop","Wait for Identification","System.Collections.ObjectModel.ReadOnlyCollection`1[System.String]","System.Collections.Generic.List`1[System.Diagnostics.Eventing.Reader.EventProperty]"
"Network Connected
	Name: Identifying...
	Desc: Identifying...
	Type: Unmanaged
	State: Connected
	Category: Public
","10000","0",,"4","0","0","4611721202799476736","9005","Microsoft-Windows-NetworkProfile","fbcfac3f-8459-419f-8e48-1f0b49cdb85e","Microsoft-Windows-NetworkProfile/Operational","1084","404","rjaf-PC4429","S-1-5-19","3/22/2015 12:41:04 PM",,,"c:\users\mac_1\desktop\winevt\logs\microsoft-windows-networkprofile%4operational.evtx","System.UInt32[]","System.Diagnostics.Eventing.Reader.EventBookmark","Information","Info",,"System.Collections.ObjectModel.ReadOnlyCollection`1[System.String]","System.Collections.Generic.List`1[System.Diagnostics.Eventing.Reader.EventProperty]"
"Entered State: Identifying Network Interface Guid: {9819BC20-693D-4F54-9CE8-7BFD5AD735CE}","4001","0",,"4","1","1","4611721202799476736","9004","Microsoft-Windows-NetworkProfile","fbcfac3f-8459-419f-8e48-1f0b49cdb85e","Microsoft-Windows-NetworkProfile/Operational","1084","128","rjaf-PC4429","S-1-5-19","3/22/2015 12:41:04 PM",,,"c:\users\mac_1\desktop\winevt\logs\microsoft-windows-networkprofile%4operational.evtx","System.UInt32[]","System.Diagnostics.Eventing.Reader.EventBookmark","Information","Start","Wait for Identification","System.Collections.ObjectModel.ReadOnlyCollection`1[System.String]","System.Collections.Generic.List`1[System.Diagnostics.Eventing.Reader.EventProperty]"
"Network Disconnected
	Name: linksys
	Desc: Network
	Type: Unmanaged
	State: Disconnected
	Category: Private
","10001","0",,"4","0","0","4611721202799476736","9003","Microsoft-Windows-NetworkProfile","fbcfac3f-8459-419f-8e48-1f0b49cdb85e","Microsoft-Windows-NetworkProfile/Operational","1084","404","rjaf-PC4429","S-1-5-19","3/22/2015 12:41:01 PM",,,"c:\users\mac_1\desktop\winevt\logs\microsoft-windows-networkprofile%4operational.evtx","System.UInt32[]","System.Diagnostics.Eventing.Reader.EventBookmark","Information","Info",,"System.Collections.ObjectModel.ReadOnlyCollection`1[System.String]","System.Collections.Generic.List`1[System.Diagnostics.Eventing.Reader.EventProperty]"
"Network Connected
	Name: linksys
	Desc: Network
	Type: Unmanaged
	State: Connected,IPV4 (Local)
	Category: Private
","10000","0",,"4","0","0","4611721202799476736","9002","Microsoft-Windows-NetworkProfile","fbcfac3f-8459-419f-8e48-1f0b49cdb85e","Microsoft-Windows-NetworkProfile/Operational","1084","404","rjaf-PC4429","S-1-5-19","3/22/2015 12:06:28 PM",,,"c:\users\mac_1\desktop\winevt\logs\microsoft-windows-networkprofile%4operational.evtx","System.UInt32[]","System.Diagnostics.Eventing.Reader.EventBookmark","Information","Info",,"System.Collections.ObjectModel.ReadOnlyCollection`1[System.String]","System.Collections.Generic.List`1[System.Diagnostics.Eventing.Reader.EventProperty]"
"Transitioning to State: Identified Network Interface Guid: {9819BC20-693D-4F54-9CE8-7BFD5AD735CE}","4002","0",,"4","1","2","4612002677776187392","9001","Microsoft-Windows-NetworkProfile","fbcfac3f-8459-419f-8e48-1f0b49cdb85e","Microsoft-Windows-NetworkProfile/Operational","1084","1104","rjaf-PC4429","S-1-5-19","3/22/2015 12:06:28 PM",,,"c:\users\mac_1\desktop\winevt\logs\microsoft-windows-networkprofile%4operational.evtx","System.UInt32[]","System.Diagnostics.Eventing.Reader.EventBookmark","Information","Stop","Wait for Identification","System.Collections.ObjectModel.ReadOnlyCollection`1[System.String]","System.Collections.Generic.List`1[System.Diagnostics.Eventing.Reader.EventProperty]"
"Network Connected
	Name: Identifying...
	Desc: Identifying...
	Type: Unmanaged
	State: Connected
	Category: Public
","10000","0",,"4","0","0","4611721202799476736","9000","Microsoft-Windows-NetworkProfile","fbcfac3f-8459-419f-8e48-1f0b49cdb85e","Microsoft-Windows-NetworkProfile/Operational","1084","404","rjaf-PC4429","S-1-5-19","3/22/2015 12:06:27 PM",,,"c:\users\mac_1\desktop\winevt\logs\microsoft-windows-networkprofile%4operational.evtx","System.UInt32[]","System.Diagnostics.Eventing.Reader.EventBookmark","Information","Info",,"System.Collections.ObjectModel.ReadOnlyCollection`1[System.String]","System.Collections.Generic.List`1[System.Diagnostics.Eventing.Reader.EventProperty]"
"Entered State: Identifying Network Interface Guid: {9819BC20-693D-4F54-9CE8-7BFD5AD735CE}","4001","0",,"4","1","1","4611721202799476736","8999","Microsoft-Windows-NetworkProfile","fbcfac3f-8459-419f-8e48-1f0b49cdb85e","Microsoft-Windows-NetworkProfile/Operational","1084","2028","rjaf-PC4429","S-1-5-19","3/22/2015 12:06:27 PM",,,"c:\users\mac_1\desktop\winevt\logs\microsoft-windows-networkprofile%4operational.evtx","System.UInt32[]","System.Diagnostics.Eventing.Reader.EventBookmark","Information","Start","Wait for Identification","System.Collections.ObjectModel.ReadOnlyCollection`1[System.String]","System.Collections.Generic.List`1[System.Diagnostics.Eventing.Reader.EventProperty]"
"Network Connected
	Name: Unidentified network
	Desc: Unidentified network
	Type: Unmanaged
	State: Connected
	Category: Public
","10000","0",,"4","0","0","4611721202799476736","8998","Microsoft-Windows-NetworkProfile","fbcfac3f-8459-419f-8e48-1f0b49cdb85e","Microsoft-Windows-NetworkProfile/Operational","1112","2000","rjaf-PC4429","S-1-5-19","3/22/2015 11:39:05 AM",,,"c:\users\mac_1\desktop\winevt\logs\microsoft-windows-networkprofile%4operational.evtx","System.UInt32[]","System.Diagnostics.Eventing.Reader.EventBookmark","Information","Info",,"System.Collections.ObjectModel.ReadOnlyCollection`1[System.String]","System.Collections.Generic.List`1[System.Diagnostics.Eventing.Reader.EventProperty]"
"Transitioning to State: Unidentified Network Interface Guid: {9819BC20-693D-4F54-9CE8-7BFD5AD735CE}","4003","0",,"4","1","2","4612002677776187392","8997","Microsoft-Windows-NetworkProfile","fbcfac3f-8459-419f-8e48-1f0b49cdb85e","Microsoft-Windows-NetworkProfile/Operational","1112","3908","rjaf-PC4429","S-1-5-19","3/22/2015 11:39:05 AM",,,"c:\users\mac_1\desktop\winevt\logs\microsoft-windows-networkprofile%4operational.evtx","System.UInt32[]","System.Diagnostics.Eventing.Reader.EventBookmark","Information","Stop","Wait for Identification","System.Collections.ObjectModel.ReadOnlyCollection`1[System.String]","System.Collections.Generic.List`1[System.Diagnostics.Eventing.Reader.EventProperty]"
"Network Connected
	Name: Identifying...
	Desc: Identifying...
	Type: Unmanaged
	State: Connected
	Category: Public
","10000","0",,"4","0","0","4611721202799476736","8996","Microsoft-Windows-NetworkProfile","fbcfac3f-8459-419f-8e48-1f0b49cdb85e","Microsoft-Windows-NetworkProfile/Operational","1112","2000","rjaf-PC4429","S-1-5-19","3/22/2015 11:38:07 AM",,,"c:\users\mac_1\desktop\winevt\logs\microsoft-windows-networkprofile%4operational.evtx","System.UInt32[]","System.Diagnostics.Eventing.Reader.EventBookmark","Information","Info",,"System.Collections.ObjectModel.ReadOnlyCollection`1[System.String]","System.Collections.Generic.List`1[System.Diagnostics.Eventing.Reader.EventProperty]"
"Entered State: Identifying Network Interface Guid: {9819BC20-693D-4F54-9CE8-7BFD5AD735CE}","4001","0",,"4","1","1","4611721202799476736","8995","Microsoft-Windows-NetworkProfile","fbcfac3f-8459-419f-8e48-1f0b49cdb85e","Microsoft-Windows-NetworkProfile/Operational","1112","960","rjaf-PC4429","S-1-5-19","3/22/2015 11:38:07 AM",,,"c:\users\mac_1\desktop\winevt\logs\microsoft-windows-networkprofile%4operational.evtx","System.UInt32[]","System.Diagnostics.Eventing.Reader.EventBookmark","Information","Start","Wait for Identification","System.Collections.ObjectModel.ReadOnlyCollection`1[System.String]","System.Collections.Generic.List`1[System.Diagnostics.Eventing.Reader.EventProperty]"
"Network Connected
	Name: Unidentified network
	Desc: Unidentified network
	Type: Unmanaged
	State: Connected,IPV6 (Local)
	Category: Public
","10000","0",,"4","0","0","4611721202799476736","8994","Microsoft-Windows-NetworkProfile","fbcfac3f-8459-419f-8e48-1f0b49cdb85e","Microsoft-Windows-NetworkProfile/Operational","1112","2000","rjaf-PC4429","S-1-5-19","3/22/2015 10:37:17 AM",,,"c:\users\mac_1\desktop\winevt\logs\microsoft-windows-networkprofile%4operational.evtx","System.UInt32[]","System.Diagnostics.Eventing.Reader.EventBookmark","Information","Info",,"System.Collections.ObjectModel.ReadOnlyCollection`1[System.String]","System.Collections.Generic.List`1[System.Diagnostics.Eventing.Reader.EventProperty]"
"Transitioning to State: Unidentified Network Interface Guid: {9819BC20-693D-4F54-9CE8-7BFD5AD735CE}","4003","0",,"4","1","2","4612002677776187392","8993","Microsoft-Windows-NetworkProfile","fbcfac3f-8459-419f-8e48-1f0b49cdb85e","Microsoft-Windows-NetworkProfile/Operational","1112","2728","rjaf-PC4429","S-1-5-19","3/22/2015 10:37:17 AM",,,"c:\users\mac_1\desktop\winevt\logs\microsoft-windows-networkprofile%4operational.evtx","System.UInt32[]","System.Diagnostics.Eventing.Reader.EventBookmark","Information","Stop","Wait for Identification","System.Collections.ObjectModel.ReadOnlyCollection`1[System.String]","System.Collections.Generic.List`1[System.Diagnostics.Eventing.Reader.EventProperty]"
"Network Connected
	Name: Identifying...
	Desc: Identifying...
	Type: Unmanaged
	State: Connected
	Category: Public
","10000","0",,"4","0","0","4611721202799476736","8992","Microsoft-Windows-NetworkProfile","fbcfac3f-8459-419f-8e48-1f0b49cdb85e","Microsoft-Windows-NetworkProfile/Operational","1112","2000","rjaf-PC4429","S-1-5-19","3/22/2015 10:36:19 AM",,,"c:\users\mac_1\desktop\winevt\logs\microsoft-windows-networkprofile%4operational.evtx","System.UInt32[]","System.Diagnostics.Eventing.Reader.EventBookmark","Information","Info",,"System.Collections.ObjectModel.ReadOnlyCollection`1[System.String]","System.Collections.Generic.List`1[System.Diagnostics.Eventing.Reader.EventProperty]"
"Entered State: Identifying Network Interface Guid: {9819BC20-693D-4F54-9CE8-7BFD5AD735CE}","4001","0",,"4","1","1","4611721202799476736","8991","Microsoft-Windows-NetworkProfile","fbcfac3f-8459-419f-8e48-1f0b49cdb85e","Microsoft-Windows-NetworkProfile/Operational","1112","2728","rjaf-PC4429","S-1-5-19","3/22/2015 10:36:19 AM",,,"c:\users\mac_1\desktop\winevt\logs\microsoft-windows-networkprofile%4operational.evtx","System.UInt32[]","System.Diagnostics.Eventing.Reader.EventBookmark","Information","Start","Wait for Identification","System.Collections.ObjectModel.ReadOnlyCollection`1[System.String]","System.Collections.Generic.List`1[System.Diagnostics.Eventing.Reader.EventProperty]"
"Network Disconnected
	Name: linksys
	Desc: Network
	Type: Unmanaged
	State: Disconnected
	Category: Private
","10001","0",,"4","0","0","4611721202799476736","8990","Microsoft-Windows-NetworkProfile","fbcfac3f-8459-419f-8e48-1f0b49cdb85e","Microsoft-Windows-NetworkProfile/Operational","1112","2000","rjaf-PC4429","S-1-5-19","3/22/2015 10:36:16 AM",,,"c:\users\mac_1\desktop\winevt\logs\microsoft-windows-networkprofile%4operational.evtx","System.UInt32[]","System.Diagnostics.Eventing.Reader.EventBookmark","Information","Info",,"System.Collections.ObjectModel.ReadOnlyCollection`1[System.String]","System.Collections.Generic.List`1[System.Diagnostics.Eventing.Reader.EventProperty]"
"Network Connected
	Name: linksys
	Desc: Network
	Type: Unmanaged
	State: Connected,IPV4 (Internet),IPV6 (Local)
	Category: Private
","10000","0",,"4","0","0","4611721202799476736","8989","Microsoft-Windows-NetworkProfile","fbcfac3f-8459-419f-8e48-1f0b49cdb85e","Microsoft-Windows-NetworkProfile/Operational","1112","2000","rjaf-PC4429","S-1-5-19","3/22/2015 6:39:59 AM",,,"c:\users\mac_1\desktop\winevt\logs\microsoft-windows-networkprofile%4operational.evtx","System.UInt32[]","System.Diagnostics.Eventing.Reader.EventBookmark","Information","Info",,"System.Collections.ObjectModel.ReadOnlyCollection`1[System.String]","System.Collections.Generic.List`1[System.Diagnostics.Eventing.Reader.EventProperty]"
"Transitioning to State: Identified Network Interface Guid: {9819BC20-693D-4F54-9CE8-7BFD5AD735CE}","4002","0",,"4","1","2","4612002677776187392","8988","Microsoft-Windows-NetworkProfile","fbcfac3f-8459-419f-8e48-1f0b49cdb85e","Microsoft-Windows-NetworkProfile/Operational","1112","164","rjaf-PC4429","S-1-5-19","3/22/2015 6:39:59 AM",,,"c:\users\mac_1\desktop\winevt\logs\microsoft-windows-networkprofile%4operational.evtx","System.UInt32[]","System.Diagnostics.Eventing.Reader.EventBookmark","Information","Stop","Wait for Identification","System.Collections.ObjectModel.ReadOnlyCollection`1[System.String]","System.Collections.Generic.List`1[System.Diagnostics.Eventing.Reader.EventProperty]"
"Network Connected
	Name: Identifying...
	Desc: Identifying...
	Type: Unmanaged
	State: Connected
	Category: Public
","10000","0",,"4","0","0","4611721202799476736","8987","Microsoft-Windows-NetworkProfile","fbcfac3f-8459-419f-8e48-1f0b49cdb85e","Microsoft-Windows-NetworkProfile/Operational","1112","2000","rjaf-PC4429","S-1-5-19","3/22/2015 6:39:55 AM",,,"c:\users\mac_1\desktop\winevt\logs\microsoft-windows-networkprofile%4operational.evtx","System.UInt32[]","System.Diagnostics.Eventing.Reader.EventBookmark","Information","Info",,"System.Collections.ObjectModel.ReadOnlyCollection`1[System.String]","System.Collections.Generic.List`1[System.Diagnostics.Eventing.Reader.EventProperty]"
"Entered State: Identifying Network Interface Guid: {9819BC20-693D-4F54-9CE8-7BFD5AD735CE}","4001","0",,"4","1","1","4611721202799476736","8986","Microsoft-Windows-NetworkProfile","fbcfac3f-8459-419f-8e48-1f0b49cdb85e","Microsoft-Windows-NetworkProfile/Operational","1112","2868","rjaf-PC4429","S-1-5-19","3/22/2015 6:39:55 AM",,,"c:\users\mac_1\desktop\winevt\logs\microsoft-windows-networkprofile%4operational.evtx","System.UInt32[]","System.Diagnostics.Eventing.Reader.EventBookmark","Information","Start","Wait for Identification","System.Collections.ObjectModel.ReadOnlyCollection`1[System.String]","System.Collections.Generic.List`1[System.Diagnostics.Eventing.Reader.EventProperty]"
"Network Disconnected
	Name: linksys
	Desc: Network
	Type: Unmanaged
	State: Disconnected
	Category: Private
","10001","0",,"4","0","0","4611721202799476736","8985","Microsoft-Windows-NetworkProfile","fbcfac3f-8459-419f-8e48-1f0b49cdb85e","Microsoft-Windows-NetworkProfile/Operational","1112","2000","rjaf-PC4429","S-1-5-19","3/22/2015 6:39:52 AM",,,"c:\users\mac_1\desktop\winevt\logs\microsoft-windows-networkprofile%4operational.evtx","System.UInt32[]","System.Diagnostics.Eventing.Reader.EventBookmark","Information","Info",,"System.Collections.ObjectModel.ReadOnlyCollection`1[System.String]","System.Collections.Generic.List`1[System.Diagnostics.Eventing.Reader.EventProperty]"
"Network Connected
	Name: linksys
	Desc: Network
	Type: Unmanaged
	State: Connected,IPV4 (Local)
	Category: Private
","10000","0",,"4","0","0","4611721202799476736","8984","Microsoft-Windows-NetworkProfile","fbcfac3f-8459-419f-8e48-1f0b49cdb85e","Microsoft-Windows-NetworkProfile/Operational","1112","2000","rjaf-PC4429","S-1-5-19","3/22/2015 3:59:07 AM",,,"c:\users\mac_1\desktop\winevt\logs\microsoft-windows-networkprofile%4operational.evtx","System.UInt32[]","System.Diagnostics.Eventing.Reader.EventBookmark","Information","Info",,"System.Collections.ObjectModel.ReadOnlyCollection`1[System.String]","System.Collections.Generic.List`1[System.Diagnostics.Eventing.Reader.EventProperty]"
"Transitioning to State: Identified Network Interface Guid: {9819BC20-693D-4F54-9CE8-7BFD5AD735CE}","4002","0",,"4","1","2","4612002677776187392","8983","Microsoft-Windows-NetworkProfile","fbcfac3f-8459-419f-8e48-1f0b49cdb85e","Microsoft-Windows-NetworkProfile/Operational","1112","1132","rjaf-PC4429","S-1-5-19","3/22/2015 3:59:07 AM",,,"c:\users\mac_1\desktop\winevt\logs\microsoft-windows-networkprofile%4operational.evtx","System.UInt32[]","System.Diagnostics.Eventing.Reader.EventBookmark","Information","Stop","Wait for Identification","System.Collections.ObjectModel.ReadOnlyCollection`1[System.String]","System.Collections.Generic.List`1[System.Diagnostics.Eventing.Reader.EventProperty]"
"Network Connected
	Name: Identifying...
	Desc: Identifying...
	Type: Unmanaged
	State: Connected
	Category: Public
","10000","0",,"4","0","0","4611721202799476736","8982","Microsoft-Windows-NetworkProfile","fbcfac3f-8459-419f-8e48-1f0b49cdb85e","Microsoft-Windows-NetworkProfile/Operational","1112","2000","rjaf-PC4429","S-1-5-19","3/22/2015 3:59:06 AM",,,"c:\users\mac_1\desktop\winevt\logs\microsoft-windows-networkprofile%4operational.evtx","System.UInt32[]","System.Diagnostics.Eventing.Reader.EventBookmark","Information","Info",,"System.Collections.ObjectModel.ReadOnlyCollection`1[System.String]","System.Collections.Generic.List`1[System.Diagnostics.Eventing.Reader.EventProperty]"
"Entered State: Identifying Network Interface Guid: {9819BC20-693D-4F54-9CE8-7BFD5AD735CE}","4001","0",,"4","1","1","4611721202799476736","8981","Microsoft-Windows-NetworkProfile","fbcfac3f-8459-419f-8e48-1f0b49cdb85e","Microsoft-Windows-NetworkProfile/Operational","1112","1996","rjaf-PC4429","S-1-5-19","3/22/2015 3:59:06 AM",,,"c:\users\mac_1\desktop\winevt\logs\microsoft-windows-networkprofile%4operational.evtx","System.UInt32[]","System.Diagnostics.Eventing.Reader.EventBookmark","Information","Start","Wait for Identification","System.Collections.ObjectModel.ReadOnlyCollection`1[System.String]","System.Collections.Generic.List`1[System.Diagnostics.Eventing.Reader.EventProperty]"
"Network Connected
	Name: Identifying...
	Desc: Identifying...
	Type: Unmanaged
	State: Connected,IPV4 (Internet),IPV6 (Local)
	Category: Public
","10000","0",,"4","0","0","4611721202799476736","8980","Microsoft-Windows-NetworkProfile","fbcfac3f-8459-419f-8e48-1f0b49cdb85e","Microsoft-Windows-NetworkProfile/Operational","1112","120","rjaf-PC4429","S-1-5-19","3/22/2015 3:58:15 AM",,,"c:\users\mac_1\desktop\winevt\logs\microsoft-windows-networkprofile%4operational.evtx","System.UInt32[]","System.Diagnostics.Eventing.Reader.EventBookmark","Information","Info",,"System.Collections.ObjectModel.ReadOnlyCollection`1[System.String]","System.Collections.Generic.List`1[System.Diagnostics.Eventing.Reader.EventProperty]"
"Entered State: Identifying Network Interface Guid: {9819BC20-693D-4F54-9CE8-7BFD5AD735CE}","4001","0",,"4","1","1","4611721202799476736","8979","Microsoft-Windows-NetworkProfile","fbcfac3f-8459-419f-8e48-1f0b49cdb85e","Microsoft-Windows-NetworkProfile/Operational","1112","448","rjaf-PC4429","S-1-5-19","3/22/2015 3:58:15 AM",,,"c:\users\mac_1\desktop\winevt\logs\microsoft-windows-networkprofile%4operational.evtx","System.UInt32[]","System.Diagnostics.Eventing.Reader.EventBookmark","Information","Start","Wait for Identification","System.Collections.ObjectModel.ReadOnlyCollection`1[System.String]","System.Collections.Generic.List`1[System.Diagnostics.Eventing.Reader.EventProperty]"
"Network Disconnected
	Name: linksys
	Desc: Network
	Type: Unmanaged
	State: Disconnected
	Category: Private
","10001","0",,"4","0","0","4611721202799476736","8978","Microsoft-Windows-NetworkProfile","fbcfac3f-8459-419f-8e48-1f0b49cdb85e","Microsoft-Windows-NetworkProfile/Operational","1112","120","rjaf-PC4429","S-1-5-19","3/22/2015 3:58:15 AM",,,"c:\users\mac_1\desktop\winevt\logs\microsoft-windows-networkprofile%4operational.evtx","System.UInt32[]","System.Diagnostics.Eventing.Reader.EventBookmark","Information","Info",,"System.Collections.ObjectModel.ReadOnlyCollection`1[System.String]","System.Collections.Generic.List`1[System.Diagnostics.Eventing.Reader.EventProperty]"
"Network Connected
	Name: linksys
	Desc: Network
	Type: Unmanaged
	State: Connected,IPV4 (Local)
	Category: Private
","10000","0",,"4","0","0","4611721202799476736","8977","Microsoft-Windows-NetworkProfile","fbcfac3f-8459-419f-8e48-1f0b49cdb85e","Microsoft-Windows-NetworkProfile/Operational","1112","120","rjaf-PC4429","S-1-5-19","3/22/2015 3:50:25 AM",,,"c:\users\mac_1\desktop\winevt\logs\microsoft-windows-networkprofile%4operational.evtx","System.UInt32[]","System.Diagnostics.Eventing.Reader.EventBookmark","Information","Info",,"System.Collections.ObjectModel.ReadOnlyCollection`1[System.String]","System.Collections.Generic.List`1[System.Diagnostics.Eventing.Reader.EventProperty]"
"Transitioning to State: Identified Network Interface Guid: {9819BC20-693D-4F54-9CE8-7BFD5AD735CE}","4002","0",,"4","1","2","4612002677776187392","8976","Microsoft-Windows-NetworkProfile","fbcfac3f-8459-419f-8e48-1f0b49cdb85e","Microsoft-Windows-NetworkProfile/Operational","1112","1148","rjaf-PC4429","S-1-5-19","3/22/2015 3:50:25 AM",,,"c:\users\mac_1\desktop\winevt\logs\microsoft-windows-networkprofile%4operational.evtx","System.UInt32[]","System.Diagnostics.Eventing.Reader.EventBookmark","Information","Stop","Wait for Identification","System.Collections.ObjectModel.ReadOnlyCollection`1[System.String]","System.Collections.Generic.List`1[System.Diagnostics.Eventing.Reader.EventProperty]"
"Network Connected
	Name: Identifying...
	Desc: Identifying...
	Type: Unmanaged
	State: Connected
	Category: Public
","10000","0",,"4","0","0","4611721202799476736","8975","Microsoft-Windows-NetworkProfile","fbcfac3f-8459-419f-8e48-1f0b49cdb85e","Microsoft-Windows-NetworkProfile/Operational","1112","120","rjaf-PC4429","S-1-5-19","3/22/2015 3:50:24 AM",,,"c:\users\mac_1\desktop\winevt\logs\microsoft-windows-networkprofile%4operational.evtx","System.UInt32[]","System.Diagnostics.Eventing.Reader.EventBookmark","Information","Info",,"System.Collections.ObjectModel.ReadOnlyCollection`1[System.String]","System.Collections.Generic.List`1[System.Diagnostics.Eventing.Reader.EventProperty]"
"Entered State: Identifying Network Interface Guid: {9819BC20-693D-4F54-9CE8-7BFD5AD735CE}","4001","0",,"4","1","1","4611721202799476736","8974","Microsoft-Windows-NetworkProfile","fbcfac3f-8459-419f-8e48-1f0b49cdb85e","Microsoft-Windows-NetworkProfile/Operational","1112","2004","rjaf-PC4429","S-1-5-19","3/22/2015 3:50:24 AM",,,"c:\users\mac_1\desktop\winevt\logs\microsoft-windows-networkprofile%4operational.evtx","System.UInt32[]","System.Diagnostics.Eventing.Reader.EventBookmark","Information","Start","Wait for Identification","System.Collections.ObjectModel.ReadOnlyCollection`1[System.String]","System.Collections.Generic.List`1[System.Diagnostics.Eventing.Reader.EventProperty]"
"Network Disconnected
	Name: linksys
	Desc: Network
	Type: Unmanaged
	State: Disconnected
	Category: Private
","10001","0",,"4","0","0","4611721202799476736","8973","Microsoft-Windows-NetworkProfile","fbcfac3f-8459-419f-8e48-1f0b49cdb85e","Microsoft-Windows-NetworkProfile/Operational","1104","1912","rjaf-PC4429","S-1-5-19","3/21/2015 12:15:31 PM",,,"c:\users\mac_1\desktop\winevt\logs\microsoft-windows-networkprofile%4operational.evtx","System.UInt32[]","System.Diagnostics.Eventing.Reader.EventBookmark","Information","Info",,"System.Collections.ObjectModel.ReadOnlyCollection`1[System.String]","System.Collections.Generic.List`1[System.Diagnostics.Eventing.Reader.EventProperty]"
"Network Connected
	Name: Identifying...
	Desc: Identifying...
	Type: Unmanaged
	State: Connected,IPV4 (Internet),IPV6 (Local)
	Category: Public
","10000","0",,"4","0","0","4611721202799476736","8972","Microsoft-Windows-NetworkProfile","fbcfac3f-8459-419f-8e48-1f0b49cdb85e","Microsoft-Windows-NetworkProfile/Operational","1104","1912","rjaf-PC4429","S-1-5-19","3/21/2015 12:15:31 PM",,,"c:\users\mac_1\desktop\winevt\logs\microsoft-windows-networkprofile%4operational.evtx","System.UInt32[]","System.Diagnostics.Eventing.Reader.EventBookmark","Information","Info",,"System.Collections.ObjectModel.ReadOnlyCollection`1[System.String]","System.Collections.Generic.List`1[System.Diagnostics.Eventing.Reader.EventProperty]"
"Entered State: Identifying Network Interface Guid: {9819BC20-693D-4F54-9CE8-7BFD5AD735CE}","4001","0",,"4","1","1","4611721202799476736","8971","Microsoft-Windows-NetworkProfile","fbcfac3f-8459-419f-8e48-1f0b49cdb85e","Microsoft-Windows-NetworkProfile/Operational","1104","3112","rjaf-PC4429","S-1-5-19","3/21/2015 12:15:31 PM",,,"c:\users\mac_1\desktop\winevt\logs\microsoft-windows-networkprofile%4operational.evtx","System.UInt32[]","System.Diagnostics.Eventing.Reader.EventBookmark","Information","Start","Wait for Identification","System.Collections.ObjectModel.ReadOnlyCollection`1[System.String]","System.Collections.Generic.List`1[System.Diagnostics.Eventing.Reader.EventProperty]"
