"A summary of the Client Side Caching counters has been generated. The counter list can be found in the event details.","3005","0",,"4","0","0","-9223372036854773760","2714","Microsoft-Windows-BranchCacheSMB","4a933674-fb3d-4e8d-b01d-17ee14e91a3e","Microsoft-Windows-BranchCacheSMB/Operational","928","564","rjaf-PC4429","S-1-5-18","12/27/2014 11:57:07 AM",,,"c:\users\mac_1\desktop\winevt\logs\microsoft-windows-branchcachesmb%4operational.evtx","System.UInt32[]","System.Diagnostics.Eventing.Reader.EventBookmark","Information","Info",,"System.Collections.ObjectModel.ReadOnlyCollection`1[System.String]","System.Collections.Generic.List`1[System.Diagnostics.Eventing.Reader.EventProperty]"
"A summary of the Client Side Caching counters has been generated. The counter list can be found in the event details.","3005","0",,"4","0","0","-9223372036854773760","2713","Microsoft-Windows-BranchCacheSMB","4a933674-fb3d-4e8d-b01d-17ee14e91a3e","Microsoft-Windows-BranchCacheSMB/Operational","928","2328","rjaf-PC4429","S-1-5-18","12/27/2014 10:57:07 AM",,,"c:\users\mac_1\desktop\winevt\logs\microsoft-windows-branchcachesmb%4operational.evtx","System.UInt32[]","System.Diagnostics.Eventing.Reader.EventBookmark","Information","Info",,"System.Collections.ObjectModel.ReadOnlyCollection`1[System.String]","System.Collections.Generic.List`1[System.Diagnostics.Eventing.Reader.EventProperty]"
"A summary of the Client Side Caching counters has been generated. The counter list can be found in the event details.","3005","0",,"4","0","0","-9223372036854773760","2712","Microsoft-Windows-BranchCacheSMB","4a933674-fb3d-4e8d-b01d-17ee14e91a3e","Microsoft-Windows-BranchCacheSMB/Operational","928","2644","rjaf-PC4429","S-1-5-18","12/27/2014 9:57:07 AM",,,"c:\users\mac_1\desktop\winevt\logs\microsoft-windows-branchcachesmb%4operational.evtx","System.UInt32[]","System.Diagnostics.Eventing.Reader.EventBookmark","Information","Info",,"System.Collections.ObjectModel.ReadOnlyCollection`1[System.String]","System.Collections.Generic.List`1[System.Diagnostics.Eventing.Reader.EventProperty]"
"A summary of the Client Side Caching counters has been generated. The counter list can be found in the event details.","3005","0",,"4","0","0","-9223372036854773760","2711","Microsoft-Windows-BranchCacheSMB","4a933674-fb3d-4e8d-b01d-17ee14e91a3e","Microsoft-Windows-BranchCacheSMB/Operational","928","956","rjaf-PC4429","S-1-5-18","12/27/2014 9:39:43 AM",,,"c:\users\mac_1\desktop\winevt\logs\microsoft-windows-branchcachesmb%4operational.evtx","System.UInt32[]","System.Diagnostics.Eventing.Reader.EventBookmark","Information","Info",,"System.Collections.ObjectModel.ReadOnlyCollection`1[System.String]","System.Collections.Generic.List`1[System.Diagnostics.Eventing.Reader.EventProperty]"
"A summary of the Client Side Caching counters has been generated. The counter list can be found in the event details.","3005","0",,"4","0","0","-9223372036854773760","2710","Microsoft-Windows-BranchCacheSMB","4a933674-fb3d-4e8d-b01d-17ee14e91a3e","Microsoft-Windows-BranchCacheSMB/Operational","928","956","rjaf-PC4429","S-1-5-18","12/27/2014 4:18:25 AM",,,"c:\users\mac_1\desktop\winevt\logs\microsoft-windows-branchcachesmb%4operational.evtx","System.UInt32[]","System.Diagnostics.Eventing.Reader.EventBookmark","Information","Info",,"System.Collections.ObjectModel.ReadOnlyCollection`1[System.String]","System.Collections.Generic.List`1[System.Diagnostics.Eventing.Reader.EventProperty]"
"A summary of the Client Side Caching counters has been generated. The counter list can be found in the event details.","3005","0",,"4","0","0","-9223372036854773760","2709","Microsoft-Windows-BranchCacheSMB","4a933674-fb3d-4e8d-b01d-17ee14e91a3e","Microsoft-Windows-BranchCacheSMB/Operational","928","2024","rjaf-PC4429","S-1-5-18","12/27/2014 2:57:07 AM",,,"c:\users\mac_1\desktop\winevt\logs\microsoft-windows-branchcachesmb%4operational.evtx","System.UInt32[]","System.Diagnostics.Eventing.Reader.EventBookmark","Information","Info",,"System.Collections.ObjectModel.ReadOnlyCollection`1[System.String]","System.Collections.Generic.List`1[System.Diagnostics.Eventing.Reader.EventProperty]"
"A summary of the Client Side Caching counters has been generated. The counter list can be found in the event details.","3005","0",,"4","0","0","-9223372036854773760","2708","Microsoft-Windows-BranchCacheSMB","4a933674-fb3d-4e8d-b01d-17ee14e91a3e","Microsoft-Windows-BranchCacheSMB/Operational","928","2572","rjaf-PC4429","S-1-5-18","12/27/2014 1:57:07 AM",,,"c:\users\mac_1\desktop\winevt\logs\microsoft-windows-branchcachesmb%4operational.evtx","System.UInt32[]","System.Diagnostics.Eventing.Reader.EventBookmark","Information","Info",,"System.Collections.ObjectModel.ReadOnlyCollection`1[System.String]","System.Collections.Generic.List`1[System.Diagnostics.Eventing.Reader.EventProperty]"
"A summary of the Client Side Caching counters has been generated. The counter list can be found in the event details.","3005","0",,"4","0","0","-9223372036854773760","2707","Microsoft-Windows-BranchCacheSMB","4a933674-fb3d-4e8d-b01d-17ee14e91a3e","Microsoft-Windows-BranchCacheSMB/Operational","928","3340","rjaf-PC4429","S-1-5-18","12/27/2014 12:57:07 AM",,,"c:\users\mac_1\desktop\winevt\logs\microsoft-windows-branchcachesmb%4operational.evtx","System.UInt32[]","System.Diagnostics.Eventing.Reader.EventBookmark","Information","Info",,"System.Collections.ObjectModel.ReadOnlyCollection`1[System.String]","System.Collections.Generic.List`1[System.Diagnostics.Eventing.Reader.EventProperty]"
"A summary of the Client Side Caching counters has been generated. The counter list can be found in the event details.","3005","0",,"4","0","0","-9223372036854773760","2706","Microsoft-Windows-BranchCacheSMB","4a933674-fb3d-4e8d-b01d-17ee14e91a3e","Microsoft-Windows-BranchCacheSMB/Operational","928","956","rjaf-PC4429","S-1-5-18","12/27/2014 12:43:05 AM",,,"c:\users\mac_1\desktop\winevt\logs\microsoft-windows-branchcachesmb%4operational.evtx","System.UInt32[]","System.Diagnostics.Eventing.Reader.EventBookmark","Information","Info",,"System.Collections.ObjectModel.ReadOnlyCollection`1[System.String]","System.Collections.Generic.List`1[System.Diagnostics.Eventing.Reader.EventProperty]"
"A summary of the Client Side Caching counters has been generated. The counter list can be found in the event details.","3005","0",,"4","0","0","-9223372036854773760","2705","Microsoft-Windows-BranchCacheSMB","4a933674-fb3d-4e8d-b01d-17ee14e91a3e","Microsoft-Windows-BranchCacheSMB/Operational","928","320","rjaf-PC4429","S-1-5-18","12/26/2014 5:00:12 PM",,,"c:\users\mac_1\desktop\winevt\logs\microsoft-windows-branchcachesmb%4operational.evtx","System.UInt32[]","System.Diagnostics.Eventing.Reader.EventBookmark","Information","Info",,"System.Collections.ObjectModel.ReadOnlyCollection`1[System.String]","System.Collections.Generic.List`1[System.Diagnostics.Eventing.Reader.EventProperty]"
"A summary of the Client Side Caching counters has been generated. The counter list can be found in the event details.","3005","0",,"4","0","0","-9223372036854773760","2704","Microsoft-Windows-BranchCacheSMB","4a933674-fb3d-4e8d-b01d-17ee14e91a3e","Microsoft-Windows-BranchCacheSMB/Operational","928","2220","rjaf-PC4429","S-1-5-18","12/26/2014 6:57:07 AM",,,"c:\users\mac_1\desktop\winevt\logs\microsoft-windows-branchcachesmb%4operational.evtx","System.UInt32[]","System.Diagnostics.Eventing.Reader.EventBookmark","Information","Info",,"System.Collections.ObjectModel.ReadOnlyCollection`1[System.String]","System.Collections.Generic.List`1[System.Diagnostics.Eventing.Reader.EventProperty]"
"A summary of the Client Side Caching counters has been generated. The counter list can be found in the event details.","3005","0",,"4","0","0","-9223372036854773760","2703","Microsoft-Windows-BranchCacheSMB","4a933674-fb3d-4e8d-b01d-17ee14e91a3e","Microsoft-Windows-BranchCacheSMB/Operational","928","2220","rjaf-PC4429","S-1-5-18","12/26/2014 6:40:27 AM",,,"c:\users\mac_1\desktop\winevt\logs\microsoft-windows-branchcachesmb%4operational.evtx","System.UInt32[]","System.Diagnostics.Eventing.Reader.EventBookmark","Information","Info",,"System.Collections.ObjectModel.ReadOnlyCollection`1[System.String]","System.Collections.Generic.List`1[System.Diagnostics.Eventing.Reader.EventProperty]"
"A summary of the Client Side Caching counters has been generated. The counter list can be found in the event details.","3005","0",,"4","0","0","-9223372036854773760","2702","Microsoft-Windows-BranchCacheSMB","4a933674-fb3d-4e8d-b01d-17ee14e91a3e","Microsoft-Windows-BranchCacheSMB/Operational","928","3876","rjaf-PC4429","S-1-5-18","12/25/2014 5:00:12 PM",,,"c:\users\mac_1\desktop\winevt\logs\microsoft-windows-branchcachesmb%4operational.evtx","System.UInt32[]","System.Diagnostics.Eventing.Reader.EventBookmark","Information","Info",,"System.Collections.ObjectModel.ReadOnlyCollection`1[System.String]","System.Collections.Generic.List`1[System.Diagnostics.Eventing.Reader.EventProperty]"
"A summary of the Client Side Caching counters has been generated. The counter list can be found in the event details.","3005","0",,"4","0","0","-9223372036854773760","2701","Microsoft-Windows-BranchCacheSMB","4a933674-fb3d-4e8d-b01d-17ee14e91a3e","Microsoft-Windows-BranchCacheSMB/Operational","928","3212","rjaf-PC4429","S-1-5-18","12/25/2014 8:57:07 AM",,,"c:\users\mac_1\desktop\winevt\logs\microsoft-windows-branchcachesmb%4operational.evtx","System.UInt32[]","System.Diagnostics.Eventing.Reader.EventBookmark","Information","Info",,"System.Collections.ObjectModel.ReadOnlyCollection`1[System.String]","System.Collections.Generic.List`1[System.Diagnostics.Eventing.Reader.EventProperty]"
"A summary of the Client Side Caching counters has been generated. The counter list can be found in the event details.","3005","0",,"4","0","0","-9223372036854773760","2700","Microsoft-Windows-BranchCacheSMB","4a933674-fb3d-4e8d-b01d-17ee14e91a3e","Microsoft-Windows-BranchCacheSMB/Operational","928","3212","rjaf-PC4429","S-1-5-18","12/25/2014 7:57:07 AM",,,"c:\users\mac_1\desktop\winevt\logs\microsoft-windows-branchcachesmb%4operational.evtx","System.UInt32[]","System.Diagnostics.Eventing.Reader.EventBookmark","Information","Info",,"System.Collections.ObjectModel.ReadOnlyCollection`1[System.String]","System.Collections.Generic.List`1[System.Diagnostics.Eventing.Reader.EventProperty]"
"A summary of the Client Side Caching counters has been generated. The counter list can be found in the event details.","3005","0",,"4","0","0","-9223372036854773760","2699","Microsoft-Windows-BranchCacheSMB","4a933674-fb3d-4e8d-b01d-17ee14e91a3e","Microsoft-Windows-BranchCacheSMB/Operational","928","1172","rjaf-PC4429","S-1-5-18","12/25/2014 6:57:07 AM",,,"c:\users\mac_1\desktop\winevt\logs\microsoft-windows-branchcachesmb%4operational.evtx","System.UInt32[]","System.Diagnostics.Eventing.Reader.EventBookmark","Information","Info",,"System.Collections.ObjectModel.ReadOnlyCollection`1[System.String]","System.Collections.Generic.List`1[System.Diagnostics.Eventing.Reader.EventProperty]"
"A summary of the Client Side Caching counters has been generated. The counter list can be found in the event details.","3005","0",,"4","0","0","-9223372036854773760","2698","Microsoft-Windows-BranchCacheSMB","4a933674-fb3d-4e8d-b01d-17ee14e91a3e","Microsoft-Windows-BranchCacheSMB/Operational","928","3780","rjaf-PC4429","S-1-5-18","12/25/2014 5:57:55 AM",,,"c:\users\mac_1\desktop\winevt\logs\microsoft-windows-branchcachesmb%4operational.evtx","System.UInt32[]","System.Diagnostics.Eventing.Reader.EventBookmark","Information","Info",,"System.Collections.ObjectModel.ReadOnlyCollection`1[System.String]","System.Collections.Generic.List`1[System.Diagnostics.Eventing.Reader.EventProperty]"
"A summary of the Client Side Caching counters has been generated. The counter list can be found in the event details.","3005","0",,"4","0","0","-9223372036854773760","2697","Microsoft-Windows-BranchCacheSMB","4a933674-fb3d-4e8d-b01d-17ee14e91a3e","Microsoft-Windows-BranchCacheSMB/Operational","928","956","rjaf-PC4429","S-1-5-18","12/25/2014 4:57:07 AM",,,"c:\users\mac_1\desktop\winevt\logs\microsoft-windows-branchcachesmb%4operational.evtx","System.UInt32[]","System.Diagnostics.Eventing.Reader.EventBookmark","Information","Info",,"System.Collections.ObjectModel.ReadOnlyCollection`1[System.String]","System.Collections.Generic.List`1[System.Diagnostics.Eventing.Reader.EventProperty]"
"SMB BranchCache was disabled.","3001","0",,"4","0","0","-9223372036854773760","2696","Microsoft-Windows-BranchCacheSMB","4a933674-fb3d-4e8d-b01d-17ee14e91a3e","Microsoft-Windows-BranchCacheSMB/Operational","928","1092","rjaf-PC4429","S-1-5-18","12/25/2014 3:57:08 AM",,,"c:\users\mac_1\desktop\winevt\logs\microsoft-windows-branchcachesmb%4operational.evtx","System.UInt32[]","System.Diagnostics.Eventing.Reader.EventBookmark","Information","Info",,"System.Collections.ObjectModel.ReadOnlyCollection`1[System.String]","System.Collections.Generic.List`1[System.Diagnostics.Eventing.Reader.EventProperty]"
"A summary of the Client Side Caching counters has been generated. The counter list can be found in the event details.","3005","0",,"4","0","0","-9223372036854773760","2695","Microsoft-Windows-BranchCacheSMB","4a933674-fb3d-4e8d-b01d-17ee14e91a3e","Microsoft-Windows-BranchCacheSMB/Operational","928","1164","rjaf-PC4429","S-1-5-18","12/25/2014 3:57:07 AM",,,"c:\users\mac_1\desktop\winevt\logs\microsoft-windows-branchcachesmb%4operational.evtx","System.UInt32[]","System.Diagnostics.Eventing.Reader.EventBookmark","Information","Info",,"System.Collections.ObjectModel.ReadOnlyCollection`1[System.String]","System.Collections.Generic.List`1[System.Diagnostics.Eventing.Reader.EventProperty]"
"A summary of the Client Side Caching counters has been generated. The counter list can be found in the event details.","3005","0",,"4","0","0","-9223372036854773760","2694","Microsoft-Windows-BranchCacheSMB","4a933674-fb3d-4e8d-b01d-17ee14e91a3e","Microsoft-Windows-BranchCacheSMB/Operational","944","1836","rjaf-PC4429","S-1-5-18","12/25/2014 1:13:32 AM",,,"c:\users\mac_1\desktop\winevt\logs\microsoft-windows-branchcachesmb%4operational.evtx","System.UInt32[]","System.Diagnostics.Eventing.Reader.EventBookmark","Information","Info",,"System.Collections.ObjectModel.ReadOnlyCollection`1[System.String]","System.Collections.Generic.List`1[System.Diagnostics.Eventing.Reader.EventProperty]"
"A summary of the Client Side Caching counters has been generated. The counter list can be found in the event details.","3005","0",,"4","0","0","-9223372036854773760","2693","Microsoft-Windows-BranchCacheSMB","4a933674-fb3d-4e8d-b01d-17ee14e91a3e","Microsoft-Windows-BranchCacheSMB/Operational","944","864","rjaf-PC4429","S-1-5-18","12/24/2014 7:00:02 AM",,,"c:\users\mac_1\desktop\winevt\logs\microsoft-windows-branchcachesmb%4operational.evtx","System.UInt32[]","System.Diagnostics.Eventing.Reader.EventBookmark","Information","Info",,"System.Collections.ObjectModel.ReadOnlyCollection`1[System.String]","System.Collections.Generic.List`1[System.Diagnostics.Eventing.Reader.EventProperty]"
"A summary of the Client Side Caching counters has been generated. The counter list can be found in the event details.","3005","0",,"4","0","0","-9223372036854773760","2692","Microsoft-Windows-BranchCacheSMB","4a933674-fb3d-4e8d-b01d-17ee14e91a3e","Microsoft-Windows-BranchCacheSMB/Operational","944","3008","rjaf-PC4429","S-1-5-18","12/24/2014 6:00:02 AM",,,"c:\users\mac_1\desktop\winevt\logs\microsoft-windows-branchcachesmb%4operational.evtx","System.UInt32[]","System.Diagnostics.Eventing.Reader.EventBookmark","Information","Info",,"System.Collections.ObjectModel.ReadOnlyCollection`1[System.String]","System.Collections.Generic.List`1[System.Diagnostics.Eventing.Reader.EventProperty]"
"A summary of the Client Side Caching counters has been generated. The counter list can be found in the event details.","3005","0",,"4","0","0","-9223372036854773760","2691","Microsoft-Windows-BranchCacheSMB","4a933674-fb3d-4e8d-b01d-17ee14e91a3e","Microsoft-Windows-BranchCacheSMB/Operational","944","2716","rjaf-PC4429","S-1-5-18","12/24/2014 5:00:02 AM",,,"c:\users\mac_1\desktop\winevt\logs\microsoft-windows-branchcachesmb%4operational.evtx","System.UInt32[]","System.Diagnostics.Eventing.Reader.EventBookmark","Information","Info",,"System.Collections.ObjectModel.ReadOnlyCollection`1[System.String]","System.Collections.Generic.List`1[System.Diagnostics.Eventing.Reader.EventProperty]"
"A summary of the Client Side Caching counters has been generated. The counter list can be found in the event details.","3005","0",,"4","0","0","-9223372036854773760","2690","Microsoft-Windows-BranchCacheSMB","4a933674-fb3d-4e8d-b01d-17ee14e91a3e","Microsoft-Windows-BranchCacheSMB/Operational","944","3316","rjaf-PC4429","S-1-5-18","12/24/2014 4:45:14 AM",,,"c:\users\mac_1\desktop\winevt\logs\microsoft-windows-branchcachesmb%4operational.evtx","System.UInt32[]","System.Diagnostics.Eventing.Reader.EventBookmark","Information","Info",,"System.Collections.ObjectModel.ReadOnlyCollection`1[System.String]","System.Collections.Generic.List`1[System.Diagnostics.Eventing.Reader.EventProperty]"
"A summary of the Client Side Caching counters has been generated. The counter list can be found in the event details.","3005","0",,"4","0","0","-9223372036854773760","2689","Microsoft-Windows-BranchCacheSMB","4a933674-fb3d-4e8d-b01d-17ee14e91a3e","Microsoft-Windows-BranchCacheSMB/Operational","944","548","rjaf-PC4429","S-1-5-18","12/24/2014 3:00:02 AM",,,"c:\users\mac_1\desktop\winevt\logs\microsoft-windows-branchcachesmb%4operational.evtx","System.UInt32[]","System.Diagnostics.Eventing.Reader.EventBookmark","Information","Info",,"System.Collections.ObjectModel.ReadOnlyCollection`1[System.String]","System.Collections.Generic.List`1[System.Diagnostics.Eventing.Reader.EventProperty]"
"A summary of the Client Side Caching counters has been generated. The counter list can be found in the event details.","3005","0",,"4","0","0","-9223372036854773760","2688","Microsoft-Windows-BranchCacheSMB","4a933674-fb3d-4e8d-b01d-17ee14e91a3e","Microsoft-Windows-BranchCacheSMB/Operational","944","3656","rjaf-PC4429","S-1-5-18","12/24/2014 2:53:52 AM",,,"c:\users\mac_1\desktop\winevt\logs\microsoft-windows-branchcachesmb%4operational.evtx","System.UInt32[]","System.Diagnostics.Eventing.Reader.EventBookmark","Information","Info",,"System.Collections.ObjectModel.ReadOnlyCollection`1[System.String]","System.Collections.Generic.List`1[System.Diagnostics.Eventing.Reader.EventProperty]"
"SMB BranchCache was disabled.","3001","0",,"4","0","0","-9223372036854773760","2687","Microsoft-Windows-BranchCacheSMB","4a933674-fb3d-4e8d-b01d-17ee14e91a3e","Microsoft-Windows-BranchCacheSMB/Operational","944","1096","rjaf-PC4429","S-1-5-18","12/24/2014 1:00:03 AM",,,"c:\users\mac_1\desktop\winevt\logs\microsoft-windows-branchcachesmb%4operational.evtx","System.UInt32[]","System.Diagnostics.Eventing.Reader.EventBookmark","Information","Info",,"System.Collections.ObjectModel.ReadOnlyCollection`1[System.String]","System.Collections.Generic.List`1[System.Diagnostics.Eventing.Reader.EventProperty]"
"A summary of the Client Side Caching counters has been generated. The counter list can be found in the event details.","3005","0",,"4","0","0","-9223372036854773760","2686","Microsoft-Windows-BranchCacheSMB","4a933674-fb3d-4e8d-b01d-17ee14e91a3e","Microsoft-Windows-BranchCacheSMB/Operational","944","956","rjaf-PC4429","S-1-5-18","12/24/2014 1:00:02 AM",,,"c:\users\mac_1\desktop\winevt\logs\microsoft-windows-branchcachesmb%4operational.evtx","System.UInt32[]","System.Diagnostics.Eventing.Reader.EventBookmark","Information","Info",,"System.Collections.ObjectModel.ReadOnlyCollection`1[System.String]","System.Collections.Generic.List`1[System.Diagnostics.Eventing.Reader.EventProperty]"
"SMB BranchCache was disabled.","3001","0",,"4","0","0","-9223372036854773760","2685","Microsoft-Windows-BranchCacheSMB","4a933674-fb3d-4e8d-b01d-17ee14e91a3e","Microsoft-Windows-BranchCacheSMB/Operational","928","1088","rjaf-PC4429","S-1-5-18","12/24/2014 12:03:45 AM",,,"c:\users\mac_1\desktop\winevt\logs\microsoft-windows-branchcachesmb%4operational.evtx","System.UInt32[]","System.Diagnostics.Eventing.Reader.EventBookmark","Information","Info",,"System.Collections.ObjectModel.ReadOnlyCollection`1[System.String]","System.Collections.Generic.List`1[System.Diagnostics.Eventing.Reader.EventProperty]"
"A summary of the Client Side Caching counters has been generated. The counter list can be found in the event details.","3005","0",,"4","0","0","-9223372036854773760","2684","Microsoft-Windows-BranchCacheSMB","4a933674-fb3d-4e8d-b01d-17ee14e91a3e","Microsoft-Windows-BranchCacheSMB/Operational","928","1108","rjaf-PC4429","S-1-5-18","12/24/2014 12:03:44 AM",,,"c:\users\mac_1\desktop\winevt\logs\microsoft-windows-branchcachesmb%4operational.evtx","System.UInt32[]","System.Diagnostics.Eventing.Reader.EventBookmark","Information","Info",,"System.Collections.ObjectModel.ReadOnlyCollection`1[System.String]","System.Collections.Generic.List`1[System.Diagnostics.Eventing.Reader.EventProperty]"
"SMB BranchCache was disabled.","3001","0",,"4","0","0","-9223372036854773760","2683","Microsoft-Windows-BranchCacheSMB","4a933674-fb3d-4e8d-b01d-17ee14e91a3e","Microsoft-Windows-BranchCacheSMB/Operational","932","1080","rjaf-PC4429","S-1-5-18","12/23/2014 11:56:05 PM",,,"c:\users\mac_1\desktop\winevt\logs\microsoft-windows-branchcachesmb%4operational.evtx","System.UInt32[]","System.Diagnostics.Eventing.Reader.EventBookmark","Information","Info",,"System.Collections.ObjectModel.ReadOnlyCollection`1[System.String]","System.Collections.Generic.List`1[System.Diagnostics.Eventing.Reader.EventProperty]"
"A summary of the Client Side Caching counters has been generated. The counter list can be found in the event details.","3005","0",,"4","0","0","-9223372036854773760","2682","Microsoft-Windows-BranchCacheSMB","4a933674-fb3d-4e8d-b01d-17ee14e91a3e","Microsoft-Windows-BranchCacheSMB/Operational","932","960","rjaf-PC4429","S-1-5-18","12/23/2014 11:56:04 PM",,,"c:\users\mac_1\desktop\winevt\logs\microsoft-windows-branchcachesmb%4operational.evtx","System.UInt32[]","System.Diagnostics.Eventing.Reader.EventBookmark","Information","Info",,"System.Collections.ObjectModel.ReadOnlyCollection`1[System.String]","System.Collections.Generic.List`1[System.Diagnostics.Eventing.Reader.EventProperty]"
"A summary of the Client Side Caching counters has been generated. The counter list can be found in the event details.","3005","0",,"4","0","0","-9223372036854773760","2681","Microsoft-Windows-BranchCacheSMB","4a933674-fb3d-4e8d-b01d-17ee14e91a3e","Microsoft-Windows-BranchCacheSMB/Operational","940","432","rjaf-PC4429","S-1-5-18","12/23/2014 2:56:50 PM",,,"c:\users\mac_1\desktop\winevt\logs\microsoft-windows-branchcachesmb%4operational.evtx","System.UInt32[]","System.Diagnostics.Eventing.Reader.EventBookmark","Information","Info",,"System.Collections.ObjectModel.ReadOnlyCollection`1[System.String]","System.Collections.Generic.List`1[System.Diagnostics.Eventing.Reader.EventProperty]"
"SMB BranchCache was disabled.","3001","0",,"4","0","0","-9223372036854773760","2680","Microsoft-Windows-BranchCacheSMB","4a933674-fb3d-4e8d-b01d-17ee14e91a3e","Microsoft-Windows-BranchCacheSMB/Operational","940","1056","rjaf-PC4429","S-1-5-18","12/23/2014 1:25:00 PM",,,"c:\users\mac_1\desktop\winevt\logs\microsoft-windows-branchcachesmb%4operational.evtx","System.UInt32[]","System.Diagnostics.Eventing.Reader.EventBookmark","Information","Info",,"System.Collections.ObjectModel.ReadOnlyCollection`1[System.String]","System.Collections.Generic.List`1[System.Diagnostics.Eventing.Reader.EventProperty]"
"A summary of the Client Side Caching counters has been generated. The counter list can be found in the event details.","3005","0",,"4","0","0","-9223372036854773760","2679","Microsoft-Windows-BranchCacheSMB","4a933674-fb3d-4e8d-b01d-17ee14e91a3e","Microsoft-Windows-BranchCacheSMB/Operational","940","956","rjaf-PC4429","S-1-5-18","12/23/2014 1:24:59 PM",,,"c:\users\mac_1\desktop\winevt\logs\microsoft-windows-branchcachesmb%4operational.evtx","System.UInt32[]","System.Diagnostics.Eventing.Reader.EventBookmark","Information","Info",,"System.Collections.ObjectModel.ReadOnlyCollection`1[System.String]","System.Collections.Generic.List`1[System.Diagnostics.Eventing.Reader.EventProperty]"
"A summary of the Client Side Caching counters has been generated. The counter list can be found in the event details.","3005","0",,"4","0","0","-9223372036854773760","2678","Microsoft-Windows-BranchCacheSMB","4a933674-fb3d-4e8d-b01d-17ee14e91a3e","Microsoft-Windows-BranchCacheSMB/Operational","932","3096","rjaf-PC4429","S-1-5-18","12/23/2014 6:33:32 AM",,,"c:\users\mac_1\desktop\winevt\logs\microsoft-windows-branchcachesmb%4operational.evtx","System.UInt32[]","System.Diagnostics.Eventing.Reader.EventBookmark","Information","Info",,"System.Collections.ObjectModel.ReadOnlyCollection`1[System.String]","System.Collections.Generic.List`1[System.Diagnostics.Eventing.Reader.EventProperty]"
"A summary of the Client Side Caching counters has been generated. The counter list can be found in the event details.","3005","0",,"4","0","0","-9223372036854773760","2677","Microsoft-Windows-BranchCacheSMB","4a933674-fb3d-4e8d-b01d-17ee14e91a3e","Microsoft-Windows-BranchCacheSMB/Operational","932","6276","rjaf-PC4429","S-1-5-18","12/23/2014 5:11:31 AM",,,"c:\users\mac_1\desktop\winevt\logs\microsoft-windows-branchcachesmb%4operational.evtx","System.UInt32[]","System.Diagnostics.Eventing.Reader.EventBookmark","Information","Info",,"System.Collections.ObjectModel.ReadOnlyCollection`1[System.String]","System.Collections.Generic.List`1[System.Diagnostics.Eventing.Reader.EventProperty]"
"A summary of the Client Side Caching counters has been generated. The counter list can be found in the event details.","3005","0",,"4","0","0","-9223372036854773760","2676","Microsoft-Windows-BranchCacheSMB","4a933674-fb3d-4e8d-b01d-17ee14e91a3e","Microsoft-Windows-BranchCacheSMB/Operational","932","7760","rjaf-PC4429","S-1-5-18","12/23/2014 4:06:36 AM",,,"c:\users\mac_1\desktop\winevt\logs\microsoft-windows-branchcachesmb%4operational.evtx","System.UInt32[]","System.Diagnostics.Eventing.Reader.EventBookmark","Information","Info",,"System.Collections.ObjectModel.ReadOnlyCollection`1[System.String]","System.Collections.Generic.List`1[System.Diagnostics.Eventing.Reader.EventProperty]"
"A summary of the Client Side Caching counters has been generated. The counter list can be found in the event details.","3005","0",,"4","0","0","-9223372036854773760","2675","Microsoft-Windows-BranchCacheSMB","4a933674-fb3d-4e8d-b01d-17ee14e91a3e","Microsoft-Windows-BranchCacheSMB/Operational","932","12252","rjaf-PC4429","S-1-5-18","12/23/2014 1:55:42 AM",,,"c:\users\mac_1\desktop\winevt\logs\microsoft-windows-branchcachesmb%4operational.evtx","System.UInt32[]","System.Diagnostics.Eventing.Reader.EventBookmark","Information","Info",,"System.Collections.ObjectModel.ReadOnlyCollection`1[System.String]","System.Collections.Generic.List`1[System.Diagnostics.Eventing.Reader.EventProperty]"
"A summary of the Client Side Caching counters has been generated. The counter list can be found in the event details.","3005","0",,"4","0","0","-9223372036854773760","2674","Microsoft-Windows-BranchCacheSMB","4a933674-fb3d-4e8d-b01d-17ee14e91a3e","Microsoft-Windows-BranchCacheSMB/Operational","932","8348","rjaf-PC4429","S-1-5-18","12/23/2014 12:55:42 AM",,,"c:\users\mac_1\desktop\winevt\logs\microsoft-windows-branchcachesmb%4operational.evtx","System.UInt32[]","System.Diagnostics.Eventing.Reader.EventBookmark","Information","Info",,"System.Collections.ObjectModel.ReadOnlyCollection`1[System.String]","System.Collections.Generic.List`1[System.Diagnostics.Eventing.Reader.EventProperty]"
"A summary of the Client Side Caching counters has been generated. The counter list can be found in the event details.","3005","0",,"4","0","0","-9223372036854773760","2673","Microsoft-Windows-BranchCacheSMB","4a933674-fb3d-4e8d-b01d-17ee14e91a3e","Microsoft-Windows-BranchCacheSMB/Operational","932","1148","rjaf-PC4429","S-1-5-18","12/23/2014 12:08:03 AM",,,"c:\users\mac_1\desktop\winevt\logs\microsoft-windows-branchcachesmb%4operational.evtx","System.UInt32[]","System.Diagnostics.Eventing.Reader.EventBookmark","Information","Info",,"System.Collections.ObjectModel.ReadOnlyCollection`1[System.String]","System.Collections.Generic.List`1[System.Diagnostics.Eventing.Reader.EventProperty]"
"A summary of the Client Side Caching counters has been generated. The counter list can be found in the event details.","3005","0",,"4","0","0","-9223372036854773760","2672","Microsoft-Windows-BranchCacheSMB","4a933674-fb3d-4e8d-b01d-17ee14e91a3e","Microsoft-Windows-BranchCacheSMB/Operational","932","1148","rjaf-PC4429","S-1-5-18","12/22/2014 5:00:12 PM",,,"c:\users\mac_1\desktop\winevt\logs\microsoft-windows-branchcachesmb%4operational.evtx","System.UInt32[]","System.Diagnostics.Eventing.Reader.EventBookmark","Information","Info",,"System.Collections.ObjectModel.ReadOnlyCollection`1[System.String]","System.Collections.Generic.List`1[System.Diagnostics.Eventing.Reader.EventProperty]"
"A summary of the Client Side Caching counters has been generated. The counter list can be found in the event details.","3005","0",,"4","0","0","-9223372036854773760","2671","Microsoft-Windows-BranchCacheSMB","4a933674-fb3d-4e8d-b01d-17ee14e91a3e","Microsoft-Windows-BranchCacheSMB/Operational","932","4060","rjaf-PC4429","S-1-5-18","12/22/2014 12:55:42 PM",,,"c:\users\mac_1\desktop\winevt\logs\microsoft-windows-branchcachesmb%4operational.evtx","System.UInt32[]","System.Diagnostics.Eventing.Reader.EventBookmark","Information","Info",,"System.Collections.ObjectModel.ReadOnlyCollection`1[System.String]","System.Collections.Generic.List`1[System.Diagnostics.Eventing.Reader.EventProperty]"
"A summary of the Client Side Caching counters has been generated. The counter list can be found in the event details.","3005","0",,"4","0","0","-9223372036854773760","2670","Microsoft-Windows-BranchCacheSMB","4a933674-fb3d-4e8d-b01d-17ee14e91a3e","Microsoft-Windows-BranchCacheSMB/Operational","932","11932","rjaf-PC4429","S-1-5-18","12/22/2014 11:55:42 AM",,,"c:\users\mac_1\desktop\winevt\logs\microsoft-windows-branchcachesmb%4operational.evtx","System.UInt32[]","System.Diagnostics.Eventing.Reader.EventBookmark","Information","Info",,"System.Collections.ObjectModel.ReadOnlyCollection`1[System.String]","System.Collections.Generic.List`1[System.Diagnostics.Eventing.Reader.EventProperty]"
"A summary of the Client Side Caching counters has been generated. The counter list can be found in the event details.","3005","0",,"4","0","0","-9223372036854773760","2669","Microsoft-Windows-BranchCacheSMB","4a933674-fb3d-4e8d-b01d-17ee14e91a3e","Microsoft-Windows-BranchCacheSMB/Operational","932","1148","rjaf-PC4429","S-1-5-18","12/22/2014 11:52:45 AM",,,"c:\users\mac_1\desktop\winevt\logs\microsoft-windows-branchcachesmb%4operational.evtx","System.UInt32[]","System.Diagnostics.Eventing.Reader.EventBookmark","Information","Info",,"System.Collections.ObjectModel.ReadOnlyCollection`1[System.String]","System.Collections.Generic.List`1[System.Diagnostics.Eventing.Reader.EventProperty]"
"A summary of the Client Side Caching counters has been generated. The counter list can be found in the event details.","3005","0",,"4","0","0","-9223372036854773760","2668","Microsoft-Windows-BranchCacheSMB","4a933674-fb3d-4e8d-b01d-17ee14e91a3e","Microsoft-Windows-BranchCacheSMB/Operational","932","11932","rjaf-PC4429","S-1-5-18","12/22/2014 9:55:42 AM",,,"c:\users\mac_1\desktop\winevt\logs\microsoft-windows-branchcachesmb%4operational.evtx","System.UInt32[]","System.Diagnostics.Eventing.Reader.EventBookmark","Information","Info",,"System.Collections.ObjectModel.ReadOnlyCollection`1[System.String]","System.Collections.Generic.List`1[System.Diagnostics.Eventing.Reader.EventProperty]"
"A summary of the Client Side Caching counters has been generated. The counter list can be found in the event details.","3005","0",,"4","0","0","-9223372036854773760","2667","Microsoft-Windows-BranchCacheSMB","4a933674-fb3d-4e8d-b01d-17ee14e91a3e","Microsoft-Windows-BranchCacheSMB/Operational","932","4852","rjaf-PC4429","S-1-5-18","12/22/2014 9:44:20 AM",,,"c:\users\mac_1\desktop\winevt\logs\microsoft-windows-branchcachesmb%4operational.evtx","System.UInt32[]","System.Diagnostics.Eventing.Reader.EventBookmark","Information","Info",,"System.Collections.ObjectModel.ReadOnlyCollection`1[System.String]","System.Collections.Generic.List`1[System.Diagnostics.Eventing.Reader.EventProperty]"
"A summary of the Client Side Caching counters has been generated. The counter list can be found in the event details.","3005","0",,"4","0","0","-9223372036854773760","2666","Microsoft-Windows-BranchCacheSMB","4a933674-fb3d-4e8d-b01d-17ee14e91a3e","Microsoft-Windows-BranchCacheSMB/Operational","932","10932","rjaf-PC4429","S-1-5-18","12/22/2014 4:55:42 AM",,,"c:\users\mac_1\desktop\winevt\logs\microsoft-windows-branchcachesmb%4operational.evtx","System.UInt32[]","System.Diagnostics.Eventing.Reader.EventBookmark","Information","Info",,"System.Collections.ObjectModel.ReadOnlyCollection`1[System.String]","System.Collections.Generic.List`1[System.Diagnostics.Eventing.Reader.EventProperty]"
"A summary of the Client Side Caching counters has been generated. The counter list can be found in the event details.","3005","0",,"4","0","0","-9223372036854773760","2665","Microsoft-Windows-BranchCacheSMB","4a933674-fb3d-4e8d-b01d-17ee14e91a3e","Microsoft-Windows-BranchCacheSMB/Operational","932","10440","rjaf-PC4429","S-1-5-18","12/22/2014 3:55:42 AM",,,"c:\users\mac_1\desktop\winevt\logs\microsoft-windows-branchcachesmb%4operational.evtx","System.UInt32[]","System.Diagnostics.Eventing.Reader.EventBookmark","Information","Info",,"System.Collections.ObjectModel.ReadOnlyCollection`1[System.String]","System.Collections.Generic.List`1[System.Diagnostics.Eventing.Reader.EventProperty]"
"A summary of the Client Side Caching counters has been generated. The counter list can be found in the event details.","3005","0",,"4","0","0","-9223372036854773760","2664","Microsoft-Windows-BranchCacheSMB","4a933674-fb3d-4e8d-b01d-17ee14e91a3e","Microsoft-Windows-BranchCacheSMB/Operational","932","11264","rjaf-PC4429","S-1-5-18","12/22/2014 3:24:00 AM",,,"c:\users\mac_1\desktop\winevt\logs\microsoft-windows-branchcachesmb%4operational.evtx","System.UInt32[]","System.Diagnostics.Eventing.Reader.EventBookmark","Information","Info",,"System.Collections.ObjectModel.ReadOnlyCollection`1[System.String]","System.Collections.Generic.List`1[System.Diagnostics.Eventing.Reader.EventProperty]"
"A summary of the Client Side Caching counters has been generated. The counter list can be found in the event details.","3005","0",,"4","0","0","-9223372036854773760","2663","Microsoft-Windows-BranchCacheSMB","4a933674-fb3d-4e8d-b01d-17ee14e91a3e","Microsoft-Windows-BranchCacheSMB/Operational","932","2036","rjaf-PC4429","S-1-5-18","12/22/2014 1:55:42 AM",,,"c:\users\mac_1\desktop\winevt\logs\microsoft-windows-branchcachesmb%4operational.evtx","System.UInt32[]","System.Diagnostics.Eventing.Reader.EventBookmark","Information","Info",,"System.Collections.ObjectModel.ReadOnlyCollection`1[System.String]","System.Collections.Generic.List`1[System.Diagnostics.Eventing.Reader.EventProperty]"
"A summary of the Client Side Caching counters has been generated. The counter list can be found in the event details.","3005","0",,"4","0","0","-9223372036854773760","2662","Microsoft-Windows-BranchCacheSMB","4a933674-fb3d-4e8d-b01d-17ee14e91a3e","Microsoft-Windows-BranchCacheSMB/Operational","932","1148","rjaf-PC4429","S-1-5-18","12/22/2014 12:55:42 AM",,,"c:\users\mac_1\desktop\winevt\logs\microsoft-windows-branchcachesmb%4operational.evtx","System.UInt32[]","System.Diagnostics.Eventing.Reader.EventBookmark","Information","Info",,"System.Collections.ObjectModel.ReadOnlyCollection`1[System.String]","System.Collections.Generic.List`1[System.Diagnostics.Eventing.Reader.EventProperty]"
"A summary of the Client Side Caching counters has been generated. The counter list can be found in the event details.","3005","0",,"4","0","0","-9223372036854773760","2661","Microsoft-Windows-BranchCacheSMB","4a933674-fb3d-4e8d-b01d-17ee14e91a3e","Microsoft-Windows-BranchCacheSMB/Operational","932","8228","rjaf-PC4429","S-1-5-18","12/21/2014 11:55:42 PM",,,"c:\users\mac_1\desktop\winevt\logs\microsoft-windows-branchcachesmb%4operational.evtx","System.UInt32[]","System.Diagnostics.Eventing.Reader.EventBookmark","Information","Info",,"System.Collections.ObjectModel.ReadOnlyCollection`1[System.String]","System.Collections.Generic.List`1[System.Diagnostics.Eventing.Reader.EventProperty]"
"A summary of the Client Side Caching counters has been generated. The counter list can be found in the event details.","3005","0",,"4","0","0","-9223372036854773760","2660","Microsoft-Windows-BranchCacheSMB","4a933674-fb3d-4e8d-b01d-17ee14e91a3e","Microsoft-Windows-BranchCacheSMB/Operational","932","4384","rjaf-PC4429","S-1-5-18","12/21/2014 11:52:30 PM",,,"c:\users\mac_1\desktop\winevt\logs\microsoft-windows-branchcachesmb%4operational.evtx","System.UInt32[]","System.Diagnostics.Eventing.Reader.EventBookmark","Information","Info",,"System.Collections.ObjectModel.ReadOnlyCollection`1[System.String]","System.Collections.Generic.List`1[System.Diagnostics.Eventing.Reader.EventProperty]"
"A summary of the Client Side Caching counters has been generated. The counter list can be found in the event details.","3005","0",,"4","0","0","-9223372036854773760","2659","Microsoft-Windows-BranchCacheSMB","4a933674-fb3d-4e8d-b01d-17ee14e91a3e","Microsoft-Windows-BranchCacheSMB/Operational","932","12284","rjaf-PC4429","S-1-5-18","12/21/2014 12:55:42 PM",,,"c:\users\mac_1\desktop\winevt\logs\microsoft-windows-branchcachesmb%4operational.evtx","System.UInt32[]","System.Diagnostics.Eventing.Reader.EventBookmark","Information","Info",,"System.Collections.ObjectModel.ReadOnlyCollection`1[System.String]","System.Collections.Generic.List`1[System.Diagnostics.Eventing.Reader.EventProperty]"
"A summary of the Client Side Caching counters has been generated. The counter list can be found in the event details.","3005","0",,"4","0","0","-9223372036854773760","2658","Microsoft-Windows-BranchCacheSMB","4a933674-fb3d-4e8d-b01d-17ee14e91a3e","Microsoft-Windows-BranchCacheSMB/Operational","932","9756","rjaf-PC4429","S-1-5-18","12/21/2014 11:55:42 AM",,,"c:\users\mac_1\desktop\winevt\logs\microsoft-windows-branchcachesmb%4operational.evtx","System.UInt32[]","System.Diagnostics.Eventing.Reader.EventBookmark","Information","Info",,"System.Collections.ObjectModel.ReadOnlyCollection`1[System.String]","System.Collections.Generic.List`1[System.Diagnostics.Eventing.Reader.EventProperty]"
"A summary of the Client Side Caching counters has been generated. The counter list can be found in the event details.","3005","0",,"4","0","0","-9223372036854773760","2657","Microsoft-Windows-BranchCacheSMB","4a933674-fb3d-4e8d-b01d-17ee14e91a3e","Microsoft-Windows-BranchCacheSMB/Operational","932","1148","rjaf-PC4429","S-1-5-18","12/21/2014 11:24:30 AM",,,"c:\users\mac_1\desktop\winevt\logs\microsoft-windows-branchcachesmb%4operational.evtx","System.UInt32[]","System.Diagnostics.Eventing.Reader.EventBookmark","Information","Info",,"System.Collections.ObjectModel.ReadOnlyCollection`1[System.String]","System.Collections.Generic.List`1[System.Diagnostics.Eventing.Reader.EventProperty]"
