#TYPE System.Diagnostics.Eventing.Reader.EventLogRecord
"Message","Id","Version","Qualifiers","Level","Task","Opcode","Keywords","RecordId","ProviderName","ProviderId","LogName","ProcessId","ThreadId","MachineName","UserId","TimeCreated","ActivityId","RelatedActivityId","ContainerLog","MatchedQueryIds","Bookmark","LevelDisplayName","OpcodeDisplayName","TaskDisplayName","KeywordsDisplayNames","Properties"
"The scripted diagnostic engine executed a diagnostic package located at C:\Windows\diagnostics\scheduled\Maintenance with ID MaintenanceDiagnostic.","1","0",,"4","0","0","-9223372019674906624","389","Microsoft-Windows-Diagnosis-Scripted","e1dd7e52-621d-44e3-a1ad-0370c2b25946","Microsoft-Windows-Diagnosis-Scripted/Admin","2772","1328","rjaf-PC4429","S-1-5-21-1634558665-2257203147-3060767804-1000","10/11/2015 1:22:24 AM",,,"c:\users\mac_1\desktop\winevt\logs\microsoft-windows-diagnosis-scripted%4admin.evtx","System.UInt32[]","System.Diagnostics.Eventing.Reader.EventBookmark","Information","Info",,"System.Collections.ObjectModel.ReadOnlyCollection`1[System.String]","System.Collections.Generic.List`1[System.Diagnostics.Eventing.Reader.EventProperty]"
"The scripted diagnostic engine executed a diagnostic package located at C:\Windows\diagnostics\scheduled\Maintenance with ID MaintenanceDiagnostic.","1","0",,"4","0","0","-9223372019674906624","388","Microsoft-Windows-Diagnosis-Scripted","e1dd7e52-621d-44e3-a1ad-0370c2b25946","Microsoft-Windows-Diagnosis-Scripted/Admin","2772","4032","rjaf-PC4429","S-1-5-21-1634558665-2257203147-3060767804-1000","9/29/2015 12:29:36 AM",,,"c:\users\mac_1\desktop\winevt\logs\microsoft-windows-diagnosis-scripted%4admin.evtx","System.UInt32[]","System.Diagnostics.Eventing.Reader.EventBookmark","Information","Info",,"System.Collections.ObjectModel.ReadOnlyCollection`1[System.String]","System.Collections.Generic.List`1[System.Diagnostics.Eventing.Reader.EventProperty]"
"The scripted diagnostic engine executed a diagnostic package located at C:\Windows\diagnostics\scheduled\Maintenance with ID MaintenanceDiagnostic.","1","0",,"4","0","0","-9223372019674906624","387","Microsoft-Windows-Diagnosis-Scripted","e1dd7e52-621d-44e3-a1ad-0370c2b25946","Microsoft-Windows-Diagnosis-Scripted/Admin","2772","3356","rjaf-PC4429","S-1-5-21-1634558665-2257203147-3060767804-1000","9/19/2015 11:46:20 PM",,,"c:\users\mac_1\desktop\winevt\logs\microsoft-windows-diagnosis-scripted%4admin.evtx","System.UInt32[]","System.Diagnostics.Eventing.Reader.EventBookmark","Information","Info",,"System.Collections.ObjectModel.ReadOnlyCollection`1[System.String]","System.Collections.Generic.List`1[System.Diagnostics.Eventing.Reader.EventProperty]"
"The scripted diagnostic engine executed a diagnostic package located at C:\Windows\diagnostics\scheduled\Maintenance with ID MaintenanceDiagnostic.","1","0",,"4","0","0","-9223372019674906624","386","Microsoft-Windows-Diagnosis-Scripted","e1dd7e52-621d-44e3-a1ad-0370c2b25946","Microsoft-Windows-Diagnosis-Scripted/Admin","6120","4184","rjaf-PC4429","S-1-5-21-1634558665-2257203147-3060767804-1000","9/3/2015 5:03:59 AM",,,"c:\users\mac_1\desktop\winevt\logs\microsoft-windows-diagnosis-scripted%4admin.evtx","System.UInt32[]","System.Diagnostics.Eventing.Reader.EventBookmark","Information","Info",,"System.Collections.ObjectModel.ReadOnlyCollection`1[System.String]","System.Collections.Generic.List`1[System.Diagnostics.Eventing.Reader.EventProperty]"
"The scripted diagnostic engine executed a diagnostic package located at C:\Windows\diagnostics\system\Device with ID DeviceDiagnostic.","1","0",,"4","0","0","-9223372019674906624","385","Microsoft-Windows-Diagnosis-Scripted","e1dd7e52-621d-44e3-a1ad-0370c2b25946","Microsoft-Windows-Diagnosis-Scripted/Admin","6008","5264","rjaf-PC4429","S-1-5-21-1634558665-2257203147-3060767804-1000","8/25/2015 1:01:49 AM",,,"c:\users\mac_1\desktop\winevt\logs\microsoft-windows-diagnosis-scripted%4admin.evtx","System.UInt32[]","System.Diagnostics.Eventing.Reader.EventBookmark","Information","Info",,"System.Collections.ObjectModel.ReadOnlyCollection`1[System.String]","System.Collections.Generic.List`1[System.Diagnostics.Eventing.Reader.EventProperty]"
"The scripted diagnostic engine executed a diagnostic package located at C:\Windows\diagnostics\system\Audio with ID AudioDiagnostic.","1","0",,"4","0","0","-9223372019674906624","384","Microsoft-Windows-Diagnosis-Scripted","e1dd7e52-621d-44e3-a1ad-0370c2b25946","Microsoft-Windows-Diagnosis-Scripted/Admin","6008","5264","rjaf-PC4429","S-1-5-21-1634558665-2257203147-3060767804-1000","8/25/2015 1:01:48 AM",,,"c:\users\mac_1\desktop\winevt\logs\microsoft-windows-diagnosis-scripted%4admin.evtx","System.UInt32[]","System.Diagnostics.Eventing.Reader.EventBookmark","Information","Info",,"System.Collections.ObjectModel.ReadOnlyCollection`1[System.String]","System.Collections.Generic.List`1[System.Diagnostics.Eventing.Reader.EventProperty]"
"The scripted diagnostic engine executed a diagnostic package located at C:\Windows\diagnostics\system\networking with ID NetworkDiagnostics.","1","0",,"4","0","0","-9223372019674906624","383","Microsoft-Windows-Diagnosis-Scripted","e1dd7e52-621d-44e3-a1ad-0370c2b25946","Microsoft-Windows-Diagnosis-Scripted/Admin","1344","3460","rjaf-PC4429","S-1-5-21-1634558665-2257203147-3060767804-500","8/16/2015 4:11:20 AM",,,"c:\users\mac_1\desktop\winevt\logs\microsoft-windows-diagnosis-scripted%4admin.evtx","System.UInt32[]","System.Diagnostics.Eventing.Reader.EventBookmark","Information","Info",,"System.Collections.ObjectModel.ReadOnlyCollection`1[System.String]","System.Collections.Generic.List`1[System.Diagnostics.Eventing.Reader.EventProperty]"
"The scripted diagnostic engine executed a diagnostic package located at C:\Windows\diagnostics\scheduled\Maintenance with ID MaintenanceDiagnostic.","1","0",,"4","0","0","-9223372019674906624","382","Microsoft-Windows-Diagnosis-Scripted","e1dd7e52-621d-44e3-a1ad-0370c2b25946","Microsoft-Windows-Diagnosis-Scripted/Admin","5072","2880","rjaf-PC4429","S-1-5-21-1634558665-2257203147-3060767804-1000","8/13/2015 12:08:11 AM",,,"c:\users\mac_1\desktop\winevt\logs\microsoft-windows-diagnosis-scripted%4admin.evtx","System.UInt32[]","System.Diagnostics.Eventing.Reader.EventBookmark","Information","Info",,"System.Collections.ObjectModel.ReadOnlyCollection`1[System.String]","System.Collections.Generic.List`1[System.Diagnostics.Eventing.Reader.EventProperty]"
"The scripted diagnostic engine executed a diagnostic package located at C:\Windows\diagnostics\scheduled\Maintenance with ID MaintenanceDiagnostic.","1","0",,"4","0","0","-9223372019674906624","381","Microsoft-Windows-Diagnosis-Scripted","e1dd7e52-621d-44e3-a1ad-0370c2b25946","Microsoft-Windows-Diagnosis-Scripted/Admin","3028","2596","rjaf-PC4429","S-1-5-21-1634558665-2257203147-3060767804-1000","7/27/2015 12:52:17 AM",,,"c:\users\mac_1\desktop\winevt\logs\microsoft-windows-diagnosis-scripted%4admin.evtx","System.UInt32[]","System.Diagnostics.Eventing.Reader.EventBookmark","Information","Info",,"System.Collections.ObjectModel.ReadOnlyCollection`1[System.String]","System.Collections.Generic.List`1[System.Diagnostics.Eventing.Reader.EventProperty]"
"The scripted diagnostic engine executed a diagnostic package located at C:\Windows\diagnostics\scheduled\Maintenance with ID MaintenanceDiagnostic.","1","0",,"4","0","0","-9223372019674906624","380","Microsoft-Windows-Diagnosis-Scripted","e1dd7e52-621d-44e3-a1ad-0370c2b25946","Microsoft-Windows-Diagnosis-Scripted/Admin","5280","4976","rjaf-PC4429","S-1-5-21-1634558665-2257203147-3060767804-1000","7/23/2015 5:20:22 AM",,,"c:\users\mac_1\desktop\winevt\logs\microsoft-windows-diagnosis-scripted%4admin.evtx","System.UInt32[]","System.Diagnostics.Eventing.Reader.EventBookmark","Information","Info",,"System.Collections.ObjectModel.ReadOnlyCollection`1[System.String]","System.Collections.Generic.List`1[System.Diagnostics.Eventing.Reader.EventProperty]"
"The scripted diagnostic engine executed a diagnostic package located at C:\Windows\diagnostics\scheduled\Maintenance with ID MaintenanceDiagnostic.","1","0",,"4","0","0","-9223372019674906624","379","Microsoft-Windows-Diagnosis-Scripted","e1dd7e52-621d-44e3-a1ad-0370c2b25946","Microsoft-Windows-Diagnosis-Scripted/Admin","3620","5544","rjaf-PC4429","S-1-5-21-1634558665-2257203147-3060767804-1000","6/28/2015 2:27:08 PM",,,"c:\users\mac_1\desktop\winevt\logs\microsoft-windows-diagnosis-scripted%4admin.evtx","System.UInt32[]","System.Diagnostics.Eventing.Reader.EventBookmark","Information","Info",,"System.Collections.ObjectModel.ReadOnlyCollection`1[System.String]","System.Collections.Generic.List`1[System.Diagnostics.Eventing.Reader.EventProperty]"
"The scripted diagnostic engine executed a diagnostic package located at C:\Windows\diagnostics\scheduled\Maintenance with ID MaintenanceDiagnostic.","1","0",,"4","0","0","-9223372019674906624","378","Microsoft-Windows-Diagnosis-Scripted","e1dd7e52-621d-44e3-a1ad-0370c2b25946","Microsoft-Windows-Diagnosis-Scripted/Admin","4732","3716","rjaf-PC4429","S-1-5-21-1634558665-2257203147-3060767804-1000","6/28/2015 3:50:35 AM",,,"c:\users\mac_1\desktop\winevt\logs\microsoft-windows-diagnosis-scripted%4admin.evtx","System.UInt32[]","System.Diagnostics.Eventing.Reader.EventBookmark","Information","Info",,"System.Collections.ObjectModel.ReadOnlyCollection`1[System.String]","System.Collections.Generic.List`1[System.Diagnostics.Eventing.Reader.EventProperty]"
"The scripted diagnostic engine executed a diagnostic package located at C:\Windows\diagnostics\scheduled\Maintenance with ID MaintenanceDiagnostic.","1","0",,"4","0","0","-9223372019674906624","377","Microsoft-Windows-Diagnosis-Scripted","e1dd7e52-621d-44e3-a1ad-0370c2b25946","Microsoft-Windows-Diagnosis-Scripted/Admin","1408","4116","rjaf-PC4429","S-1-5-21-1634558665-2257203147-3060767804-1000","6/24/2015 3:33:18 PM",,,"c:\users\mac_1\desktop\winevt\logs\microsoft-windows-diagnosis-scripted%4admin.evtx","System.UInt32[]","System.Diagnostics.Eventing.Reader.EventBookmark","Information","Info",,"System.Collections.ObjectModel.ReadOnlyCollection`1[System.String]","System.Collections.Generic.List`1[System.Diagnostics.Eventing.Reader.EventProperty]"
"The scripted diagnostic engine executed a diagnostic package located at C:\Windows\diagnostics\scheduled\Maintenance with ID MaintenanceDiagnostic.","1","0",,"4","0","0","-9223372019674906624","376","Microsoft-Windows-Diagnosis-Scripted","e1dd7e52-621d-44e3-a1ad-0370c2b25946","Microsoft-Windows-Diagnosis-Scripted/Admin","4788","6064","rjaf-PC4429","S-1-5-21-1634558665-2257203147-3060767804-1000","6/21/2015 3:08:14 AM",,,"c:\users\mac_1\desktop\winevt\logs\microsoft-windows-diagnosis-scripted%4admin.evtx","System.UInt32[]","System.Diagnostics.Eventing.Reader.EventBookmark","Information","Info",,"System.Collections.ObjectModel.ReadOnlyCollection`1[System.String]","System.Collections.Generic.List`1[System.Diagnostics.Eventing.Reader.EventProperty]"
"The scripted diagnostic engine executed a diagnostic package located at C:\Windows\diagnostics\scheduled\Maintenance with ID MaintenanceDiagnostic.","1","0",,"4","0","0","-9223372019674906624","375","Microsoft-Windows-Diagnosis-Scripted","e1dd7e52-621d-44e3-a1ad-0370c2b25946","Microsoft-Windows-Diagnosis-Scripted/Admin","5396","2244","rjaf-PC4429","S-1-5-21-1634558665-2257203147-3060767804-1000","6/15/2015 2:25:38 AM",,,"c:\users\mac_1\desktop\winevt\logs\microsoft-windows-diagnosis-scripted%4admin.evtx","System.UInt32[]","System.Diagnostics.Eventing.Reader.EventBookmark","Information","Info",,"System.Collections.ObjectModel.ReadOnlyCollection`1[System.String]","System.Collections.Generic.List`1[System.Diagnostics.Eventing.Reader.EventProperty]"
"The scripted diagnostic engine executed a diagnostic package located at C:\Windows\diagnostics\scheduled\Maintenance with ID MaintenanceDiagnostic.","1","0",,"4","0","0","-9223372019674906624","374","Microsoft-Windows-Diagnosis-Scripted","e1dd7e52-621d-44e3-a1ad-0370c2b25946","Microsoft-Windows-Diagnosis-Scripted/Admin","3148","3680","rjaf-PC4429","S-1-5-21-1634558665-2257203147-3060767804-1000","6/14/2015 5:16:20 AM",,,"c:\users\mac_1\desktop\winevt\logs\microsoft-windows-diagnosis-scripted%4admin.evtx","System.UInt32[]","System.Diagnostics.Eventing.Reader.EventBookmark","Information","Info",,"System.Collections.ObjectModel.ReadOnlyCollection`1[System.String]","System.Collections.Generic.List`1[System.Diagnostics.Eventing.Reader.EventProperty]"
"The scripted diagnostic engine executed a diagnostic package located at C:\Windows\diagnostics\scheduled\Maintenance with ID MaintenanceDiagnostic.","1","0",,"4","0","0","-9223372019674906624","373","Microsoft-Windows-Diagnosis-Scripted","e1dd7e52-621d-44e3-a1ad-0370c2b25946","Microsoft-Windows-Diagnosis-Scripted/Admin","2196","5012","rjaf-PC4429","S-1-5-21-1634558665-2257203147-3060767804-1000","6/9/2015 5:19:16 AM",,,"c:\users\mac_1\desktop\winevt\logs\microsoft-windows-diagnosis-scripted%4admin.evtx","System.UInt32[]","System.Diagnostics.Eventing.Reader.EventBookmark","Information","Info",,"System.Collections.ObjectModel.ReadOnlyCollection`1[System.String]","System.Collections.Generic.List`1[System.Diagnostics.Eventing.Reader.EventProperty]"
"The scripted diagnostic engine executed a diagnostic package located at C:\Windows\diagnostics\scheduled\Maintenance with ID MaintenanceDiagnostic.","1","0",,"4","0","0","-9223372019674906624","372","Microsoft-Windows-Diagnosis-Scripted","e1dd7e52-621d-44e3-a1ad-0370c2b25946","Microsoft-Windows-Diagnosis-Scripted/Admin","2344","3756","rjaf-PC4429","S-1-5-21-1634558665-2257203147-3060767804-1000","6/7/2015 2:25:53 AM",,,"c:\users\mac_1\desktop\winevt\logs\microsoft-windows-diagnosis-scripted%4admin.evtx","System.UInt32[]","System.Diagnostics.Eventing.Reader.EventBookmark","Information","Info",,"System.Collections.ObjectModel.ReadOnlyCollection`1[System.String]","System.Collections.Generic.List`1[System.Diagnostics.Eventing.Reader.EventProperty]"
"The scripted diagnostic engine executed a diagnostic package located at C:\Windows\diagnostics\system\networking with ID NetworkDiagnostics.","1","0",,"4","0","0","-9223372019674906624","371","Microsoft-Windows-Diagnosis-Scripted","e1dd7e52-621d-44e3-a1ad-0370c2b25946","Microsoft-Windows-Diagnosis-Scripted/Admin","2752","5436","rjaf-PC4429","S-1-5-21-1634558665-2257203147-3060767804-1000","6/4/2015 7:13:30 AM",,,"c:\users\mac_1\desktop\winevt\logs\microsoft-windows-diagnosis-scripted%4admin.evtx","System.UInt32[]","System.Diagnostics.Eventing.Reader.EventBookmark","Information","Info",,"System.Collections.ObjectModel.ReadOnlyCollection`1[System.String]","System.Collections.Generic.List`1[System.Diagnostics.Eventing.Reader.EventProperty]"
"The scripted diagnostic engine executed a diagnostic package located at C:\Windows\diagnostics\system\networking with ID NetworkDiagnostics.","1","0",,"4","0","0","-9223372019674906624","370","Microsoft-Windows-Diagnosis-Scripted","e1dd7e52-621d-44e3-a1ad-0370c2b25946","Microsoft-Windows-Diagnosis-Scripted/Admin","4580","2900","rjaf-PC4429","S-1-5-21-1634558665-2257203147-3060767804-1000","6/4/2015 7:10:09 AM",,,"c:\users\mac_1\desktop\winevt\logs\microsoft-windows-diagnosis-scripted%4admin.evtx","System.UInt32[]","System.Diagnostics.Eventing.Reader.EventBookmark","Information","Info",,"System.Collections.ObjectModel.ReadOnlyCollection`1[System.String]","System.Collections.Generic.List`1[System.Diagnostics.Eventing.Reader.EventProperty]"
"The scripted diagnostic engine executed a diagnostic package located at C:\Windows\diagnostics\scheduled\Maintenance with ID MaintenanceDiagnostic.","1","0",,"4","0","0","-9223372019674906624","369","Microsoft-Windows-Diagnosis-Scripted","e1dd7e52-621d-44e3-a1ad-0370c2b25946","Microsoft-Windows-Diagnosis-Scripted/Admin","5800","3168","rjaf-PC4429","S-1-5-21-1634558665-2257203147-3060767804-1000","6/1/2015 12:54:33 AM",,,"c:\users\mac_1\desktop\winevt\logs\microsoft-windows-diagnosis-scripted%4admin.evtx","System.UInt32[]","System.Diagnostics.Eventing.Reader.EventBookmark","Information","Info",,"System.Collections.ObjectModel.ReadOnlyCollection`1[System.String]","System.Collections.Generic.List`1[System.Diagnostics.Eventing.Reader.EventProperty]"
"The scripted diagnostic engine executed a diagnostic package located at C:\Windows\diagnostics\scheduled\Maintenance with ID MaintenanceDiagnostic.","1","0",,"4","0","0","-9223372019674906624","368","Microsoft-Windows-Diagnosis-Scripted","e1dd7e52-621d-44e3-a1ad-0370c2b25946","Microsoft-Windows-Diagnosis-Scripted/Admin","5736","5432","rjaf-PC4429","S-1-5-21-1634558665-2257203147-3060767804-1000","5/31/2015 1:09:36 AM",,,"c:\users\mac_1\desktop\winevt\logs\microsoft-windows-diagnosis-scripted%4admin.evtx","System.UInt32[]","System.Diagnostics.Eventing.Reader.EventBookmark","Information","Info",,"System.Collections.ObjectModel.ReadOnlyCollection`1[System.String]","System.Collections.Generic.List`1[System.Diagnostics.Eventing.Reader.EventProperty]"
"The scripted diagnostic engine executed a diagnostic package located at C:\Windows\diagnostics\scheduled\Maintenance with ID MaintenanceDiagnostic.","1","0",,"4","0","0","-9223372019674906624","367","Microsoft-Windows-Diagnosis-Scripted","e1dd7e52-621d-44e3-a1ad-0370c2b25946","Microsoft-Windows-Diagnosis-Scripted/Admin","6076","2252","rjaf-PC4429","S-1-5-21-1634558665-2257203147-3060767804-1000","5/25/2015 1:15:05 AM",,,"c:\users\mac_1\desktop\winevt\logs\microsoft-windows-diagnosis-scripted%4admin.evtx","System.UInt32[]","System.Diagnostics.Eventing.Reader.EventBookmark","Information","Info",,"System.Collections.ObjectModel.ReadOnlyCollection`1[System.String]","System.Collections.Generic.List`1[System.Diagnostics.Eventing.Reader.EventProperty]"
"The scripted diagnostic engine executed a diagnostic package located at C:\Windows\diagnostics\scheduled\Maintenance with ID MaintenanceDiagnostic.","1","0",,"4","0","0","-9223372019674906624","366","Microsoft-Windows-Diagnosis-Scripted","e1dd7e52-621d-44e3-a1ad-0370c2b25946","Microsoft-Windows-Diagnosis-Scripted/Admin","4772","5688","rjaf-PC4429","S-1-5-21-1634558665-2257203147-3060767804-1000","5/24/2015 1:01:13 AM",,,"c:\users\mac_1\desktop\winevt\logs\microsoft-windows-diagnosis-scripted%4admin.evtx","System.UInt32[]","System.Diagnostics.Eventing.Reader.EventBookmark","Information","Info",,"System.Collections.ObjectModel.ReadOnlyCollection`1[System.String]","System.Collections.Generic.List`1[System.Diagnostics.Eventing.Reader.EventProperty]"
"The scripted diagnostic engine executed a diagnostic package located at C:\Windows\diagnostics\scheduled\Maintenance with ID MaintenanceDiagnostic.","1","0",,"4","0","0","-9223372019674906624","365","Microsoft-Windows-Diagnosis-Scripted","e1dd7e52-621d-44e3-a1ad-0370c2b25946","Microsoft-Windows-Diagnosis-Scripted/Admin","2540","5624","rjaf-PC4429","S-1-5-21-1634558665-2257203147-3060767804-1000","5/18/2015 11:24:59 AM",,,"c:\users\mac_1\desktop\winevt\logs\microsoft-windows-diagnosis-scripted%4admin.evtx","System.UInt32[]","System.Diagnostics.Eventing.Reader.EventBookmark","Information","Info",,"System.Collections.ObjectModel.ReadOnlyCollection`1[System.String]","System.Collections.Generic.List`1[System.Diagnostics.Eventing.Reader.EventProperty]"
"The scripted diagnostic engine executed a diagnostic package located at C:\Windows\diagnostics\scheduled\Maintenance with ID MaintenanceDiagnostic.","1","0",,"4","0","0","-9223372019674906624","364","Microsoft-Windows-Diagnosis-Scripted","e1dd7e52-621d-44e3-a1ad-0370c2b25946","Microsoft-Windows-Diagnosis-Scripted/Admin","3312","3584","rjaf-PC4429","S-1-5-21-1634558665-2257203147-3060767804-1000","5/17/2015 9:01:46 AM",,,"c:\users\mac_1\desktop\winevt\logs\microsoft-windows-diagnosis-scripted%4admin.evtx","System.UInt32[]","System.Diagnostics.Eventing.Reader.EventBookmark","Information","Info",,"System.Collections.ObjectModel.ReadOnlyCollection`1[System.String]","System.Collections.Generic.List`1[System.Diagnostics.Eventing.Reader.EventProperty]"
"The scripted diagnostic engine executed a diagnostic package located at C:\Windows\diagnostics\system\networking with ID NetworkDiagnostics.","1","0",,"4","0","0","-9223372019674906624","363","Microsoft-Windows-Diagnosis-Scripted","e1dd7e52-621d-44e3-a1ad-0370c2b25946","Microsoft-Windows-Diagnosis-Scripted/Admin","2136","3160","rjaf-PC4429","S-1-5-21-1634558665-2257203147-3060767804-1000","5/12/2015 11:19:17 PM",,,"c:\users\mac_1\desktop\winevt\logs\microsoft-windows-diagnosis-scripted%4admin.evtx","System.UInt32[]","System.Diagnostics.Eventing.Reader.EventBookmark","Information","Info",,"System.Collections.ObjectModel.ReadOnlyCollection`1[System.String]","System.Collections.Generic.List`1[System.Diagnostics.Eventing.Reader.EventProperty]"
"The scripted diagnostic engine executed a diagnostic package located at C:\Windows\diagnostics\scheduled\Maintenance with ID MaintenanceDiagnostic.","1","0",,"4","0","0","-9223372019674906624","362","Microsoft-Windows-Diagnosis-Scripted","e1dd7e52-621d-44e3-a1ad-0370c2b25946","Microsoft-Windows-Diagnosis-Scripted/Admin","3004","816","rjaf-PC4429","S-1-5-21-1634558665-2257203147-3060767804-1000","5/11/2015 1:31:45 AM",,,"c:\users\mac_1\desktop\winevt\logs\microsoft-windows-diagnosis-scripted%4admin.evtx","System.UInt32[]","System.Diagnostics.Eventing.Reader.EventBookmark","Information","Info",,"System.Collections.ObjectModel.ReadOnlyCollection`1[System.String]","System.Collections.Generic.List`1[System.Diagnostics.Eventing.Reader.EventProperty]"
"The scripted diagnostic engine executed a diagnostic package located at C:\Windows\diagnostics\scheduled\Maintenance with ID MaintenanceDiagnostic.","1","0",,"4","0","0","-9223372019674906624","361","Microsoft-Windows-Diagnosis-Scripted","e1dd7e52-621d-44e3-a1ad-0370c2b25946","Microsoft-Windows-Diagnosis-Scripted/Admin","3928","2008","rjaf-PC4429","S-1-5-21-1634558665-2257203147-3060767804-1000","5/10/2015 2:14:01 AM",,,"c:\users\mac_1\desktop\winevt\logs\microsoft-windows-diagnosis-scripted%4admin.evtx","System.UInt32[]","System.Diagnostics.Eventing.Reader.EventBookmark","Information","Info",,"System.Collections.ObjectModel.ReadOnlyCollection`1[System.String]","System.Collections.Generic.List`1[System.Diagnostics.Eventing.Reader.EventProperty]"
"The scripted diagnostic engine executed a diagnostic package located at C:\Windows\diagnostics\system\networking with ID NetworkDiagnostics.","1","0",,"4","0","0","-9223372019674906624","360","Microsoft-Windows-Diagnosis-Scripted","e1dd7e52-621d-44e3-a1ad-0370c2b25946","Microsoft-Windows-Diagnosis-Scripted/Admin","600","1672","rjaf-PC4429","S-1-5-21-1634558665-2257203147-3060767804-1000","5/6/2015 8:13:07 AM",,,"c:\users\mac_1\desktop\winevt\logs\microsoft-windows-diagnosis-scripted%4admin.evtx","System.UInt32[]","System.Diagnostics.Eventing.Reader.EventBookmark","Information","Info",,"System.Collections.ObjectModel.ReadOnlyCollection`1[System.String]","System.Collections.Generic.List`1[System.Diagnostics.Eventing.Reader.EventProperty]"
"The scripted diagnostic engine executed a diagnostic package located at C:\Windows\diagnostics\scheduled\Maintenance with ID MaintenanceDiagnostic.","1","0",,"4","0","0","-9223372019674906624","359","Microsoft-Windows-Diagnosis-Scripted","e1dd7e52-621d-44e3-a1ad-0370c2b25946","Microsoft-Windows-Diagnosis-Scripted/Admin","3980","1740","rjaf-PC4429","S-1-5-21-1634558665-2257203147-3060767804-1000","5/6/2015 3:09:30 AM",,,"c:\users\mac_1\desktop\winevt\logs\microsoft-windows-diagnosis-scripted%4admin.evtx","System.UInt32[]","System.Diagnostics.Eventing.Reader.EventBookmark","Information","Info",,"System.Collections.ObjectModel.ReadOnlyCollection`1[System.String]","System.Collections.Generic.List`1[System.Diagnostics.Eventing.Reader.EventProperty]"
"The scripted diagnostic engine executed a diagnostic package located at C:\Windows\diagnostics\scheduled\Maintenance with ID MaintenanceDiagnostic.","1","0",,"4","0","0","-9223372019674906624","358","Microsoft-Windows-Diagnosis-Scripted","e1dd7e52-621d-44e3-a1ad-0370c2b25946","Microsoft-Windows-Diagnosis-Scripted/Admin","2892","2380","rjaf-PC4429","S-1-5-21-1634558665-2257203147-3060767804-1000","5/3/2015 1:06:20 AM",,,"c:\users\mac_1\desktop\winevt\logs\microsoft-windows-diagnosis-scripted%4admin.evtx","System.UInt32[]","System.Diagnostics.Eventing.Reader.EventBookmark","Information","Info",,"System.Collections.ObjectModel.ReadOnlyCollection`1[System.String]","System.Collections.Generic.List`1[System.Diagnostics.Eventing.Reader.EventProperty]"
"The scripted diagnostic engine executed a diagnostic package located at C:\Windows\diagnostics\scheduled\Maintenance with ID MaintenanceDiagnostic.","1","0",,"4","0","0","-9223372019674906624","357","Microsoft-Windows-Diagnosis-Scripted","e1dd7e52-621d-44e3-a1ad-0370c2b25946","Microsoft-Windows-Diagnosis-Scripted/Admin","7184","8112","rjaf-PC4429","S-1-5-21-1634558665-2257203147-3060767804-1000","4/30/2015 12:40:35 AM",,,"c:\users\mac_1\desktop\winevt\logs\microsoft-windows-diagnosis-scripted%4admin.evtx","System.UInt32[]","System.Diagnostics.Eventing.Reader.EventBookmark","Information","Info",,"System.Collections.ObjectModel.ReadOnlyCollection`1[System.String]","System.Collections.Generic.List`1[System.Diagnostics.Eventing.Reader.EventProperty]"
"The scripted diagnostic engine executed a diagnostic package located at C:\Windows\diagnostics\scheduled\Maintenance with ID MaintenanceDiagnostic.","1","0",,"4","0","0","-9223372019674906624","356","Microsoft-Windows-Diagnosis-Scripted","e1dd7e52-621d-44e3-a1ad-0370c2b25946","Microsoft-Windows-Diagnosis-Scripted/Admin","4012","2976","rjaf-PC4429","S-1-5-21-1634558665-2257203147-3060767804-1000","4/25/2015 11:55:58 PM",,,"c:\users\mac_1\desktop\winevt\logs\microsoft-windows-diagnosis-scripted%4admin.evtx","System.UInt32[]","System.Diagnostics.Eventing.Reader.EventBookmark","Information","Info",,"System.Collections.ObjectModel.ReadOnlyCollection`1[System.String]","System.Collections.Generic.List`1[System.Diagnostics.Eventing.Reader.EventProperty]"
"The scripted diagnostic engine executed a diagnostic package located at C:\Windows\diagnostics\scheduled\Maintenance with ID MaintenanceDiagnostic.","1","0",,"4","0","0","-9223372019674906624","355","Microsoft-Windows-Diagnosis-Scripted","e1dd7e52-621d-44e3-a1ad-0370c2b25946","Microsoft-Windows-Diagnosis-Scripted/Admin","3356","676","rjaf-PC4429","S-1-5-21-1634558665-2257203147-3060767804-1000","4/22/2015 12:52:50 PM",,,"c:\users\mac_1\desktop\winevt\logs\microsoft-windows-diagnosis-scripted%4admin.evtx","System.UInt32[]","System.Diagnostics.Eventing.Reader.EventBookmark","Information","Info",,"System.Collections.ObjectModel.ReadOnlyCollection`1[System.String]","System.Collections.Generic.List`1[System.Diagnostics.Eventing.Reader.EventProperty]"
"The scripted diagnostic engine executed a diagnostic package located at C:\Windows\diagnostics\system\networking with ID NetworkDiagnostics.","1","0",,"4","0","0","-9223372019674906624","354","Microsoft-Windows-Diagnosis-Scripted","e1dd7e52-621d-44e3-a1ad-0370c2b25946","Microsoft-Windows-Diagnosis-Scripted/Admin","3292","2916","rjaf-PC4429","S-1-5-21-1634558665-2257203147-3060767804-1000","4/22/2015 9:06:32 AM",,,"c:\users\mac_1\desktop\winevt\logs\microsoft-windows-diagnosis-scripted%4admin.evtx","System.UInt32[]","System.Diagnostics.Eventing.Reader.EventBookmark","Information","Info",,"System.Collections.ObjectModel.ReadOnlyCollection`1[System.String]","System.Collections.Generic.List`1[System.Diagnostics.Eventing.Reader.EventProperty]"
"The scripted diagnostic engine executed a diagnostic package located at C:\Windows\diagnostics\system\networking with ID NetworkDiagnostics.","1","0",,"4","0","0","-9223372019674906624","353","Microsoft-Windows-Diagnosis-Scripted","e1dd7e52-621d-44e3-a1ad-0370c2b25946","Microsoft-Windows-Diagnosis-Scripted/Admin","3980","708","rjaf-PC4429","S-1-5-21-1634558665-2257203147-3060767804-1000","4/22/2015 9:04:57 AM",,,"c:\users\mac_1\desktop\winevt\logs\microsoft-windows-diagnosis-scripted%4admin.evtx","System.UInt32[]","System.Diagnostics.Eventing.Reader.EventBookmark","Information","Info",,"System.Collections.ObjectModel.ReadOnlyCollection`1[System.String]","System.Collections.Generic.List`1[System.Diagnostics.Eventing.Reader.EventProperty]"
"The scripted diagnostic engine executed a diagnostic package located at C:\Windows\diagnostics\system\networking with ID NetworkDiagnostics.","1","0",,"4","0","0","-9223372019674906624","352","Microsoft-Windows-Diagnosis-Scripted","e1dd7e52-621d-44e3-a1ad-0370c2b25946","Microsoft-Windows-Diagnosis-Scripted/Admin","3980","2080","rjaf-PC4429","S-1-5-21-1634558665-2257203147-3060767804-1000","4/22/2015 9:04:48 AM",,,"c:\users\mac_1\desktop\winevt\logs\microsoft-windows-diagnosis-scripted%4admin.evtx","System.UInt32[]","System.Diagnostics.Eventing.Reader.EventBookmark","Information","Info",,"System.Collections.ObjectModel.ReadOnlyCollection`1[System.String]","System.Collections.Generic.List`1[System.Diagnostics.Eventing.Reader.EventProperty]"
"The scripted diagnostic engine executed a diagnostic package located at C:\Windows\diagnostics\system\networking with ID NetworkDiagnostics.","1","0",,"4","0","0","-9223372019674906624","351","Microsoft-Windows-Diagnosis-Scripted","e1dd7e52-621d-44e3-a1ad-0370c2b25946","Microsoft-Windows-Diagnosis-Scripted/Admin","3544","3432","rjaf-PC4429","S-1-5-21-1634558665-2257203147-3060767804-1000","4/22/2015 9:04:06 AM",,,"c:\users\mac_1\desktop\winevt\logs\microsoft-windows-diagnosis-scripted%4admin.evtx","System.UInt32[]","System.Diagnostics.Eventing.Reader.EventBookmark","Information","Info",,"System.Collections.ObjectModel.ReadOnlyCollection`1[System.String]","System.Collections.Generic.List`1[System.Diagnostics.Eventing.Reader.EventProperty]"
"The scripted diagnostic engine executed a diagnostic package located at C:\Windows\diagnostics\scheduled\Maintenance with ID MaintenanceDiagnostic.","1","0",,"4","0","0","-9223372019674906624","350","Microsoft-Windows-Diagnosis-Scripted","e1dd7e52-621d-44e3-a1ad-0370c2b25946","Microsoft-Windows-Diagnosis-Scripted/Admin","2360","3632","rjaf-PC4429","S-1-5-21-1634558665-2257203147-3060767804-1000","4/19/2015 12:36:01 PM",,,"c:\users\mac_1\desktop\winevt\logs\microsoft-windows-diagnosis-scripted%4admin.evtx","System.UInt32[]","System.Diagnostics.Eventing.Reader.EventBookmark","Information","Info",,"System.Collections.ObjectModel.ReadOnlyCollection`1[System.String]","System.Collections.Generic.List`1[System.Diagnostics.Eventing.Reader.EventProperty]"
"The scripted diagnostic engine executed a diagnostic package located at C:\Windows\diagnostics\scheduled\Maintenance with ID MaintenanceDiagnostic.","1","0",,"4","0","0","-9223372019674906624","349","Microsoft-Windows-Diagnosis-Scripted","e1dd7e52-621d-44e3-a1ad-0370c2b25946","Microsoft-Windows-Diagnosis-Scripted/Admin","1096","2268","rjaf-PC4429","S-1-5-21-1634558665-2257203147-3060767804-1000","4/19/2015 3:36:23 AM",,,"c:\users\mac_1\desktop\winevt\logs\microsoft-windows-diagnosis-scripted%4admin.evtx","System.UInt32[]","System.Diagnostics.Eventing.Reader.EventBookmark","Information","Info",,"System.Collections.ObjectModel.ReadOnlyCollection`1[System.String]","System.Collections.Generic.List`1[System.Diagnostics.Eventing.Reader.EventProperty]"
"The scripted diagnostic engine executed a diagnostic package located at C:\Windows\diagnostics\scheduled\Maintenance with ID MaintenanceDiagnostic.","1","0",,"4","0","0","-9223372019674906624","348","Microsoft-Windows-Diagnosis-Scripted","e1dd7e52-621d-44e3-a1ad-0370c2b25946","Microsoft-Windows-Diagnosis-Scripted/Admin","2720","1860","rjaf-PC4429","S-1-5-21-1634558665-2257203147-3060767804-1000","4/13/2015 12:26:06 AM",,,"c:\users\mac_1\desktop\winevt\logs\microsoft-windows-diagnosis-scripted%4admin.evtx","System.UInt32[]","System.Diagnostics.Eventing.Reader.EventBookmark","Information","Info",,"System.Collections.ObjectModel.ReadOnlyCollection`1[System.String]","System.Collections.Generic.List`1[System.Diagnostics.Eventing.Reader.EventProperty]"
"The scripted diagnostic engine executed a diagnostic package located at C:\Windows\diagnostics\scheduled\Maintenance with ID MaintenanceDiagnostic.","1","0",,"4","0","0","-9223372019674906624","347","Microsoft-Windows-Diagnosis-Scripted","e1dd7e52-621d-44e3-a1ad-0370c2b25946","Microsoft-Windows-Diagnosis-Scripted/Admin","1176","3920","rjaf-PC4429","S-1-5-21-1634558665-2257203147-3060767804-1000","4/11/2015 11:40:56 PM",,,"c:\users\mac_1\desktop\winevt\logs\microsoft-windows-diagnosis-scripted%4admin.evtx","System.UInt32[]","System.Diagnostics.Eventing.Reader.EventBookmark","Information","Info",,"System.Collections.ObjectModel.ReadOnlyCollection`1[System.String]","System.Collections.Generic.List`1[System.Diagnostics.Eventing.Reader.EventProperty]"
"The scripted diagnostic engine executed a diagnostic package located at C:\Windows\diagnostics\system\networking with ID NetworkDiagnostics.","1","0",,"4","0","0","-9223372019674906624","346","Microsoft-Windows-Diagnosis-Scripted","e1dd7e52-621d-44e3-a1ad-0370c2b25946","Microsoft-Windows-Diagnosis-Scripted/Admin","3548","3552","rjaf-PC4429","S-1-5-21-1634558665-2257203147-3060767804-1000","4/11/2015 10:45:48 PM",,,"c:\users\mac_1\desktop\winevt\logs\microsoft-windows-diagnosis-scripted%4admin.evtx","System.UInt32[]","System.Diagnostics.Eventing.Reader.EventBookmark","Information","Info",,"System.Collections.ObjectModel.ReadOnlyCollection`1[System.String]","System.Collections.Generic.List`1[System.Diagnostics.Eventing.Reader.EventProperty]"
"The scripted diagnostic engine executed a diagnostic package located at C:\Windows\diagnostics\system\Device with ID DeviceDiagnostic.","1","0",,"4","0","0","-9223372019674906624","345","Microsoft-Windows-Diagnosis-Scripted","e1dd7e52-621d-44e3-a1ad-0370c2b25946","Microsoft-Windows-Diagnosis-Scripted/Admin","3532","3552","rjaf-PC4429","S-1-5-21-1634558665-2257203147-3060767804-1000","4/8/2015 11:44:39 PM",,,"c:\users\mac_1\desktop\winevt\logs\microsoft-windows-diagnosis-scripted%4admin.evtx","System.UInt32[]","System.Diagnostics.Eventing.Reader.EventBookmark","Information","Info",,"System.Collections.ObjectModel.ReadOnlyCollection`1[System.String]","System.Collections.Generic.List`1[System.Diagnostics.Eventing.Reader.EventProperty]"
"The scripted diagnostic engine executed a diagnostic package located at C:\Windows\diagnostics\system\Audio with ID AudioDiagnostic.","1","0",,"4","0","0","-9223372019674906624","344","Microsoft-Windows-Diagnosis-Scripted","e1dd7e52-621d-44e3-a1ad-0370c2b25946","Microsoft-Windows-Diagnosis-Scripted/Admin","3532","3552","rjaf-PC4429","S-1-5-21-1634558665-2257203147-3060767804-1000","4/8/2015 11:44:38 PM",,,"c:\users\mac_1\desktop\winevt\logs\microsoft-windows-diagnosis-scripted%4admin.evtx","System.UInt32[]","System.Diagnostics.Eventing.Reader.EventBookmark","Information","Info",,"System.Collections.ObjectModel.ReadOnlyCollection`1[System.String]","System.Collections.Generic.List`1[System.Diagnostics.Eventing.Reader.EventProperty]"
"The scripted diagnostic engine executed a diagnostic package located at C:\Windows\diagnostics\system\networking with ID NetworkDiagnostics.","1","0",,"4","0","0","-9223372019674906624","343","Microsoft-Windows-Diagnosis-Scripted","e1dd7e52-621d-44e3-a1ad-0370c2b25946","Microsoft-Windows-Diagnosis-Scripted/Admin","1744","3564","rjaf-PC4429","S-1-5-21-1634558665-2257203147-3060767804-1000","4/8/2015 7:34:38 AM",,,"c:\users\mac_1\desktop\winevt\logs\microsoft-windows-diagnosis-scripted%4admin.evtx","System.UInt32[]","System.Diagnostics.Eventing.Reader.EventBookmark","Information","Info",,"System.Collections.ObjectModel.ReadOnlyCollection`1[System.String]","System.Collections.Generic.List`1[System.Diagnostics.Eventing.Reader.EventProperty]"
"The scripted diagnostic engine executed a diagnostic package located at C:\Windows\diagnostics\system\networking with ID NetworkDiagnostics.","1","0",,"4","0","0","-9223372019674906624","342","Microsoft-Windows-Diagnosis-Scripted","e1dd7e52-621d-44e3-a1ad-0370c2b25946","Microsoft-Windows-Diagnosis-Scripted/Admin","1744","3888","rjaf-PC4429","S-1-5-21-1634558665-2257203147-3060767804-1000","4/8/2015 7:34:36 AM",,,"c:\users\mac_1\desktop\winevt\logs\microsoft-windows-diagnosis-scripted%4admin.evtx","System.UInt32[]","System.Diagnostics.Eventing.Reader.EventBookmark","Information","Info",,"System.Collections.ObjectModel.ReadOnlyCollection`1[System.String]","System.Collections.Generic.List`1[System.Diagnostics.Eventing.Reader.EventProperty]"
"The scripted diagnostic engine executed a diagnostic package located at C:\Windows\diagnostics\system\networking with ID NetworkDiagnostics.","1","0",,"4","0","0","-9223372019674906624","341","Microsoft-Windows-Diagnosis-Scripted","e1dd7e52-621d-44e3-a1ad-0370c2b25946","Microsoft-Windows-Diagnosis-Scripted/Admin","7480","7464","rjaf-PC4429","S-1-5-21-1634558665-2257203147-3060767804-1000","4/8/2015 7:33:46 AM",,,"c:\users\mac_1\desktop\winevt\logs\microsoft-windows-diagnosis-scripted%4admin.evtx","System.UInt32[]","System.Diagnostics.Eventing.Reader.EventBookmark","Information","Info",,"System.Collections.ObjectModel.ReadOnlyCollection`1[System.String]","System.Collections.Generic.List`1[System.Diagnostics.Eventing.Reader.EventProperty]"
"The scripted diagnostic engine executed a diagnostic package located at C:\Windows\diagnostics\system\networking with ID NetworkDiagnostics.","1","0",,"4","0","0","-9223372019674906624","340","Microsoft-Windows-Diagnosis-Scripted","e1dd7e52-621d-44e3-a1ad-0370c2b25946","Microsoft-Windows-Diagnosis-Scripted/Admin","7480","2732","rjaf-PC4429","S-1-5-21-1634558665-2257203147-3060767804-1000","4/8/2015 7:33:38 AM",,,"c:\users\mac_1\desktop\winevt\logs\microsoft-windows-diagnosis-scripted%4admin.evtx","System.UInt32[]","System.Diagnostics.Eventing.Reader.EventBookmark","Information","Info",,"System.Collections.ObjectModel.ReadOnlyCollection`1[System.String]","System.Collections.Generic.List`1[System.Diagnostics.Eventing.Reader.EventProperty]"
"The scripted diagnostic engine executed a diagnostic package located at C:\Windows\diagnostics\scheduled\Maintenance with ID MaintenanceDiagnostic.","1","0",,"4","0","0","-9223372019674906624","339","Microsoft-Windows-Diagnosis-Scripted","e1dd7e52-621d-44e3-a1ad-0370c2b25946","Microsoft-Windows-Diagnosis-Scripted/Admin","3632","3820","rjaf-PC4429","S-1-5-21-1634558665-2257203147-3060767804-1000","4/7/2015 5:42:17 AM",,,"c:\users\mac_1\desktop\winevt\logs\microsoft-windows-diagnosis-scripted%4admin.evtx","System.UInt32[]","System.Diagnostics.Eventing.Reader.EventBookmark","Information","Info",,"System.Collections.ObjectModel.ReadOnlyCollection`1[System.String]","System.Collections.Generic.List`1[System.Diagnostics.Eventing.Reader.EventProperty]"
"The scripted diagnostic engine executed a diagnostic package located at C:\Windows\diagnostics\scheduled\Maintenance with ID MaintenanceDiagnostic.","1","0",,"4","0","0","-9223372019674906624","338","Microsoft-Windows-Diagnosis-Scripted","e1dd7e52-621d-44e3-a1ad-0370c2b25946","Microsoft-Windows-Diagnosis-Scripted/Admin","3744","2908","rjaf-PC4429","S-1-5-21-1634558665-2257203147-3060767804-1000","4/5/2015 12:56:48 AM",,,"c:\users\mac_1\desktop\winevt\logs\microsoft-windows-diagnosis-scripted%4admin.evtx","System.UInt32[]","System.Diagnostics.Eventing.Reader.EventBookmark","Information","Info",,"System.Collections.ObjectModel.ReadOnlyCollection`1[System.String]","System.Collections.Generic.List`1[System.Diagnostics.Eventing.Reader.EventProperty]"
"The scripted diagnostic engine executed a diagnostic package located at C:\Windows\diagnostics\system\networking with ID NetworkDiagnostics.","1","0",,"4","0","0","-9223372019674906624","337","Microsoft-Windows-Diagnosis-Scripted","e1dd7e52-621d-44e3-a1ad-0370c2b25946","Microsoft-Windows-Diagnosis-Scripted/Admin","5388","2032","rjaf-PC4429","S-1-5-21-1634558665-2257203147-3060767804-1000","4/1/2015 2:50:37 AM",,,"c:\users\mac_1\desktop\winevt\logs\microsoft-windows-diagnosis-scripted%4admin.evtx","System.UInt32[]","System.Diagnostics.Eventing.Reader.EventBookmark","Information","Info",,"System.Collections.ObjectModel.ReadOnlyCollection`1[System.String]","System.Collections.Generic.List`1[System.Diagnostics.Eventing.Reader.EventProperty]"
"The scripted diagnostic engine executed a diagnostic package located at C:\Windows\diagnostics\system\networking with ID NetworkDiagnostics.","1","0",,"4","0","0","-9223372019674906624","336","Microsoft-Windows-Diagnosis-Scripted","e1dd7e52-621d-44e3-a1ad-0370c2b25946","Microsoft-Windows-Diagnosis-Scripted/Admin","9452","9244","rjaf-PC4429","S-1-5-21-1634558665-2257203147-3060767804-1000","4/1/2015 1:52:19 AM",,,"c:\users\mac_1\desktop\winevt\logs\microsoft-windows-diagnosis-scripted%4admin.evtx","System.UInt32[]","System.Diagnostics.Eventing.Reader.EventBookmark","Information","Info",,"System.Collections.ObjectModel.ReadOnlyCollection`1[System.String]","System.Collections.Generic.List`1[System.Diagnostics.Eventing.Reader.EventProperty]"
"The scripted diagnostic engine executed a diagnostic package located at C:\Windows\diagnostics\scheduled\Maintenance with ID MaintenanceDiagnostic.","1","0",,"4","0","0","-9223372019674906624","335","Microsoft-Windows-Diagnosis-Scripted","e1dd7e52-621d-44e3-a1ad-0370c2b25946","Microsoft-Windows-Diagnosis-Scripted/Admin","2628","2220","rjaf-PC4429","S-1-5-21-1634558665-2257203147-3060767804-1000","3/29/2015 10:53:11 PM",,,"c:\users\mac_1\desktop\winevt\logs\microsoft-windows-diagnosis-scripted%4admin.evtx","System.UInt32[]","System.Diagnostics.Eventing.Reader.EventBookmark","Information","Info",,"System.Collections.ObjectModel.ReadOnlyCollection`1[System.String]","System.Collections.Generic.List`1[System.Diagnostics.Eventing.Reader.EventProperty]"
"The scripted diagnostic engine executed a diagnostic package located at C:\Windows\diagnostics\scheduled\Maintenance with ID MaintenanceDiagnostic.","1","0",,"4","0","0","-9223372019674906624","334","Microsoft-Windows-Diagnosis-Scripted","e1dd7e52-621d-44e3-a1ad-0370c2b25946","Microsoft-Windows-Diagnosis-Scripted/Admin","544","2528","rjaf-PC4429","S-1-5-21-1634558665-2257203147-3060767804-1000","3/29/2015 11:17:28 AM",,,"c:\users\mac_1\desktop\winevt\logs\microsoft-windows-diagnosis-scripted%4admin.evtx","System.UInt32[]","System.Diagnostics.Eventing.Reader.EventBookmark","Information","Info",,"System.Collections.ObjectModel.ReadOnlyCollection`1[System.String]","System.Collections.Generic.List`1[System.Diagnostics.Eventing.Reader.EventProperty]"
"The scripted diagnostic engine executed a diagnostic package located at C:\Windows\diagnostics\scheduled\Maintenance with ID MaintenanceDiagnostic.","1","0",,"4","0","0","-9223372019674906624","333","Microsoft-Windows-Diagnosis-Scripted","e1dd7e52-621d-44e3-a1ad-0370c2b25946","Microsoft-Windows-Diagnosis-Scripted/Admin","3856","4052","rjaf-PC4429","S-1-5-21-1634558665-2257203147-3060767804-1000","3/25/2015 3:20:05 AM",,,"c:\users\mac_1\desktop\winevt\logs\microsoft-windows-diagnosis-scripted%4admin.evtx","System.UInt32[]","System.Diagnostics.Eventing.Reader.EventBookmark","Information","Info",,"System.Collections.ObjectModel.ReadOnlyCollection`1[System.String]","System.Collections.Generic.List`1[System.Diagnostics.Eventing.Reader.EventProperty]"
"The scripted diagnostic engine executed a diagnostic package located at C:\Windows\diagnostics\scheduled\Maintenance with ID MaintenanceDiagnostic.","1","0",,"4","0","0","-9223372019674906624","332","Microsoft-Windows-Diagnosis-Scripted","e1dd7e52-621d-44e3-a1ad-0370c2b25946","Microsoft-Windows-Diagnosis-Scripted/Admin","3836","1452","rjaf-PC4429","S-1-5-21-1634558665-2257203147-3060767804-1000","3/22/2015 12:33:59 PM",,,"c:\users\mac_1\desktop\winevt\logs\microsoft-windows-diagnosis-scripted%4admin.evtx","System.UInt32[]","System.Diagnostics.Eventing.Reader.EventBookmark","Information","Info",,"System.Collections.ObjectModel.ReadOnlyCollection`1[System.String]","System.Collections.Generic.List`1[System.Diagnostics.Eventing.Reader.EventProperty]"
"The scripted diagnostic engine executed a diagnostic package located at C:\Windows\diagnostics\scheduled\Maintenance with ID MaintenanceDiagnostic.","1","0",,"4","0","0","-9223372019674906624","331","Microsoft-Windows-Diagnosis-Scripted","e1dd7e52-621d-44e3-a1ad-0370c2b25946","Microsoft-Windows-Diagnosis-Scripted/Admin","1164","3800","rjaf-PC4429","S-1-5-21-1634558665-2257203147-3060767804-1000","3/22/2015 4:26:12 AM",,,"c:\users\mac_1\desktop\winevt\logs\microsoft-windows-diagnosis-scripted%4admin.evtx","System.UInt32[]","System.Diagnostics.Eventing.Reader.EventBookmark","Information","Info",,"System.Collections.ObjectModel.ReadOnlyCollection`1[System.String]","System.Collections.Generic.List`1[System.Diagnostics.Eventing.Reader.EventProperty]"
"The scripted diagnostic engine executed a diagnostic package located at C:\Windows\diagnostics\system\Device with ID DeviceDiagnostic.","1","0",,"4","0","0","-9223372019674906624","330","Microsoft-Windows-Diagnosis-Scripted","e1dd7e52-621d-44e3-a1ad-0370c2b25946","Microsoft-Windows-Diagnosis-Scripted/Admin","1936","1320","rjaf-PC4429","S-1-5-21-1634558665-2257203147-3060767804-1000","3/16/2015 9:23:11 AM",,,"c:\users\mac_1\desktop\winevt\logs\microsoft-windows-diagnosis-scripted%4admin.evtx","System.UInt32[]","System.Diagnostics.Eventing.Reader.EventBookmark","Information","Info",,"System.Collections.ObjectModel.ReadOnlyCollection`1[System.String]","System.Collections.Generic.List`1[System.Diagnostics.Eventing.Reader.EventProperty]"
"The scripted diagnostic engine executed a diagnostic package located at C:\Windows\diagnostics\system\Audio with ID AudioDiagnostic.","1","0",,"4","0","0","-9223372019674906624","329","Microsoft-Windows-Diagnosis-Scripted","e1dd7e52-621d-44e3-a1ad-0370c2b25946","Microsoft-Windows-Diagnosis-Scripted/Admin","1936","1320","rjaf-PC4429","S-1-5-21-1634558665-2257203147-3060767804-1000","3/16/2015 9:23:11 AM",,,"c:\users\mac_1\desktop\winevt\logs\microsoft-windows-diagnosis-scripted%4admin.evtx","System.UInt32[]","System.Diagnostics.Eventing.Reader.EventBookmark","Information","Info",,"System.Collections.ObjectModel.ReadOnlyCollection`1[System.String]","System.Collections.Generic.List`1[System.Diagnostics.Eventing.Reader.EventProperty]"
"The scripted diagnostic engine executed a diagnostic package located at C:\Windows\diagnostics\scheduled\Maintenance with ID MaintenanceDiagnostic.","1","0",,"4","0","0","-9223372019674906624","328","Microsoft-Windows-Diagnosis-Scripted","e1dd7e52-621d-44e3-a1ad-0370c2b25946","Microsoft-Windows-Diagnosis-Scripted/Admin","1040","3272","rjaf-PC4429","S-1-5-21-1634558665-2257203147-3060767804-1000","3/15/2015 1:47:03 AM",,,"c:\users\mac_1\desktop\winevt\logs\microsoft-windows-diagnosis-scripted%4admin.evtx","System.UInt32[]","System.Diagnostics.Eventing.Reader.EventBookmark","Information","Info",,"System.Collections.ObjectModel.ReadOnlyCollection`1[System.String]","System.Collections.Generic.List`1[System.Diagnostics.Eventing.Reader.EventProperty]"
"The scripted diagnostic engine executed a diagnostic package located at C:\Windows\diagnostics\system\networking with ID NetworkDiagnostics.","1","0",,"4","0","0","-9223372019674906624","327","Microsoft-Windows-Diagnosis-Scripted","e1dd7e52-621d-44e3-a1ad-0370c2b25946","Microsoft-Windows-Diagnosis-Scripted/Admin","3196","3384","rjaf-PC4429","S-1-5-21-1634558665-2257203147-3060767804-1000","3/14/2015 7:46:00 AM",,,"c:\users\mac_1\desktop\winevt\logs\microsoft-windows-diagnosis-scripted%4admin.evtx","System.UInt32[]","System.Diagnostics.Eventing.Reader.EventBookmark","Information","Info",,"System.Collections.ObjectModel.ReadOnlyCollection`1[System.String]","System.Collections.Generic.List`1[System.Diagnostics.Eventing.Reader.EventProperty]"
"The scripted diagnostic engine executed a diagnostic package located at C:\Windows\diagnostics\scheduled\Maintenance with ID MaintenanceDiagnostic.","1","0",,"4","0","0","-9223372019674906624","326","Microsoft-Windows-Diagnosis-Scripted","e1dd7e52-621d-44e3-a1ad-0370c2b25946","Microsoft-Windows-Diagnosis-Scripted/Admin","9628","11528","rjaf-PC4429","S-1-5-21-1634558665-2257203147-3060767804-1000","3/10/2015 5:26:35 AM",,,"c:\users\mac_1\desktop\winevt\logs\microsoft-windows-diagnosis-scripted%4admin.evtx","System.UInt32[]","System.Diagnostics.Eventing.Reader.EventBookmark","Information","Info",,"System.Collections.ObjectModel.ReadOnlyCollection`1[System.String]","System.Collections.Generic.List`1[System.Diagnostics.Eventing.Reader.EventProperty]"
"The scripted diagnostic engine executed a diagnostic package located at C:\Windows\diagnostics\scheduled\Maintenance with ID MaintenanceDiagnostic.","1","0",,"4","0","0","-9223372019674906624","325","Microsoft-Windows-Diagnosis-Scripted","e1dd7e52-621d-44e3-a1ad-0370c2b25946","Microsoft-Windows-Diagnosis-Scripted/Admin","1064","3020","rjaf-PC4429","S-1-5-21-1634558665-2257203147-3060767804-1000","3/8/2015 1:57:58 AM",,,"c:\users\mac_1\desktop\winevt\logs\microsoft-windows-diagnosis-scripted%4admin.evtx","System.UInt32[]","System.Diagnostics.Eventing.Reader.EventBookmark","Information","Info",,"System.Collections.ObjectModel.ReadOnlyCollection`1[System.String]","System.Collections.Generic.List`1[System.Diagnostics.Eventing.Reader.EventProperty]"
