"Windows has shutdown: 
     Shutdown Duration	:	14808ms
     IsDegradation		:	false
     Incident Time (UTC)	:	?2015?-?08?-?16T10:41:59.091370600Z","200","1",,"3","4007","40","-9223372036854710272","2768","Microsoft-Windows-Diagnostics-Performance","cfc18ec0-96b1-4eba-961b-622caee05b0a","Microsoft-Windows-Diagnostics-Performance/Operational","1616","2324","rjaf-PC4429","S-1-5-19","8/16/2015 4:09:26 AM","85f03364-1e4f-0001-83ff-771e12d8d001",,"c:\users\mac_1\desktop\winevt\logs\microsoft-windows-diagnostics-performance%4operational.evtx","System.UInt32[]","System.Diagnostics.Eventing.Reader.EventBookmark","Warning","Shutdown Information","Shutdown Performance Monitoring","System.Collections.ObjectModel.ReadOnlyCollection`1[System.String]","System.Collections.Generic.List`1[System.Diagnostics.Eventing.Reader.EventProperty]"
"This application took longer than usual to start up, resulting in a performance degradation in the system startup process: 
     File Name		:	MsMpEng.exe
     Friendly Name		:	Service Executable
     Version		:	1.5.1937.0
     Total Time		:	686ms
     Degradation Time	:	695ms
     Incident Time (UTC)	:	?2015?-?08?-?16T05:58:17.593600100Z","101","1",,"3","4002","33","-9223372036854710272","2767","Microsoft-Windows-Diagnostics-Performance","cfc18ec0-96b1-4eba-961b-622caee05b0a","Microsoft-Windows-Diagnostics-Performance/Operational","1740","3932","rjaf-PC4429","S-1-5-19","8/15/2015 11:06:45 PM","85f0243c-1e4f-0001-0336-0f8ce8d7d001",,"c:\users\mac_1\desktop\winevt\logs\microsoft-windows-diagnostics-performance%4operational.evtx","System.UInt32[]","System.Diagnostics.Eventing.Reader.EventBookmark","Warning","Boot Degradation","Boot Performance Monitoring","System.Collections.ObjectModel.ReadOnlyCollection`1[System.String]","System.Collections.Generic.List`1[System.Diagnostics.Eventing.Reader.EventProperty]"
"Windows has started up: 
     Boot Duration		:	49133ms
     IsDegradation		:	false
     Incident Time (UTC)	:	?2015?-?08?-?16T05:58:17.593600100Z","100","2",,"2","4002","34","-9223372036854710272","2766","Microsoft-Windows-Diagnostics-Performance","cfc18ec0-96b1-4eba-961b-622caee05b0a","Microsoft-Windows-Diagnostics-Performance/Operational","1740","3932","rjaf-PC4429","S-1-5-19","8/15/2015 11:06:45 PM","85f0243c-1e4f-0001-0336-0f8ce8d7d001",,"c:\users\mac_1\desktop\winevt\logs\microsoft-windows-diagnostics-performance%4operational.evtx","System.UInt32[]","System.Diagnostics.Eventing.Reader.EventBookmark","Error","Boot Information","Boot Performance Monitoring","System.Collections.ObjectModel.ReadOnlyCollection`1[System.String]","System.Collections.Generic.List`1[System.Diagnostics.Eventing.Reader.EventProperty]"
"This application caused a delay during standby: 
     File Name		:	DriverToolkit.exe
     Friendly Name		:	DriverToolkit
     Version		:	8.4.0.0
     Total Time		:	62ms
     Degradation Time	:	73ms
     Incident Time (UTC)	:	?2015?-?08?-?13T12:17:13.296567600Z","301","1",,"3","4003","35","-9223372036854710272","2765","Microsoft-Windows-Diagnostics-Performance","cfc18ec0-96b1-4eba-961b-622caee05b0a","Microsoft-Windows-Diagnostics-Performance/Operational","1720","5204","rjaf-PC4429","S-1-5-19","8/13/2015 5:47:07 AM","85f03c9c-5e4f-0003-077f-9c688dd5d001",,"c:\users\mac_1\desktop\winevt\logs\microsoft-windows-diagnostics-performance%4operational.evtx","System.UInt32[]","System.Diagnostics.Eventing.Reader.EventBookmark","Warning","Standby Degradation","Standby Performance Monitoring","System.Collections.ObjectModel.ReadOnlyCollection`1[System.String]","System.Collections.Generic.List`1[System.Diagnostics.Eventing.Reader.EventProperty]"
"Windows has resumed from standby: 
     Standby Duration		:	13607ms
     Standby Incident Time (UTC)	:	?2015?-?08?-?13T12:17:13.296567600Z
     Resume  Duration		:	1065ms
     Resume  Incident Time (UTC)	:	?2015?-?08?-?13T12:46:59.731553100Z
     IsDegradation			:	false","300","1",,"3","4003","36","-9223372036854710272","2764","Microsoft-Windows-Diagnostics-Performance","cfc18ec0-96b1-4eba-961b-622caee05b0a","Microsoft-Windows-Diagnostics-Performance/Operational","1720","5204","rjaf-PC4429","S-1-5-19","8/13/2015 5:47:07 AM","85f03c9c-5e4f-0003-077f-9c688dd5d001",,"c:\users\mac_1\desktop\winevt\logs\microsoft-windows-diagnostics-performance%4operational.evtx","System.UInt32[]","System.Diagnostics.Eventing.Reader.EventBookmark","Warning","Standby Information","Standby Performance Monitoring","System.Collections.ObjectModel.ReadOnlyCollection`1[System.String]","System.Collections.Generic.List`1[System.Diagnostics.Eventing.Reader.EventProperty]"
"This application caused a delay during standby: 
     File Name		:	WINWORD.EXE
     Friendly Name		:	Microsoft Office Word
     Version		:	12.0.4518.1014
     Total Time		:	198ms
     Degradation Time	:	74ms
     Incident Time (UTC)	:	?2015?-?07?-?29T12:13:05.886005900Z","301","1",,"3","4003","35","-9223372036854710272","2763","Microsoft-Windows-Diagnostics-Performance","cfc18ec0-96b1-4eba-961b-622caee05b0a","Microsoft-Windows-Diagnostics-Performance/Operational","1600","5580","rjaf-PC4429","S-1-5-19","7/29/2015 11:21:34 PM","85f03364-de4f-0002-a1b8-6bfb2ec8d001",,"c:\users\mac_1\desktop\winevt\logs\microsoft-windows-diagnostics-performance%4operational.evtx","System.UInt32[]","System.Diagnostics.Eventing.Reader.EventBookmark","Warning","Standby Degradation","Standby Performance Monitoring","System.Collections.ObjectModel.ReadOnlyCollection`1[System.String]","System.Collections.Generic.List`1[System.Diagnostics.Eventing.Reader.EventProperty]"
"Windows has resumed from standby: 
     Standby Duration		:	13813ms
     Standby Incident Time (UTC)	:	?2015?-?07?-?29T12:13:05.886005900Z
     Resume  Duration		:	1068ms
     Resume  Incident Time (UTC)	:	?2015?-?07?-?30T06:21:06.362139000Z
     IsDegradation			:	false","300","1",,"3","4003","36","-9223372036854710272","2762","Microsoft-Windows-Diagnostics-Performance","cfc18ec0-96b1-4eba-961b-622caee05b0a","Microsoft-Windows-Diagnostics-Performance/Operational","1600","5580","rjaf-PC4429","S-1-5-19","7/29/2015 11:21:34 PM","85f03364-de4f-0002-a1b8-6bfb2ec8d001",,"c:\users\mac_1\desktop\winevt\logs\microsoft-windows-diagnostics-performance%4operational.evtx","System.UInt32[]","System.Diagnostics.Eventing.Reader.EventBookmark","Warning","Standby Information","Standby Performance Monitoring","System.Collections.ObjectModel.ReadOnlyCollection`1[System.String]","System.Collections.Generic.List`1[System.Diagnostics.Eventing.Reader.EventProperty]"
"This application caused a delay during standby: 
     File Name		:	GoogleUpdate.exe
     Friendly Name		:	Google Installer
     Version		:	1.3.21.103
     Total Time		:	1276ms
     Degradation Time	:	276ms
     Incident Time (UTC)	:	?2015?-?07?-?28T11:39:11.620059800Z","301","1",,"3","4003","35","-9223372036854710272","2761","Microsoft-Windows-Diagnostics-Performance","cfc18ec0-96b1-4eba-961b-622caee05b0a","Microsoft-Windows-Diagnostics-Performance/Operational","1600","4720","rjaf-PC4429","S-1-5-19","7/28/2015 5:09:32 AM","85f02724-de4f-0001-97b8-6bfb2ec8d001",,"c:\users\mac_1\desktop\winevt\logs\microsoft-windows-diagnostics-performance%4operational.evtx","System.UInt32[]","System.Diagnostics.Eventing.Reader.EventBookmark","Warning","Standby Degradation","Standby Performance Monitoring","System.Collections.ObjectModel.ReadOnlyCollection`1[System.String]","System.Collections.Generic.List`1[System.Diagnostics.Eventing.Reader.EventProperty]"
"Windows has resumed from standby: 
     Standby Duration		:	14731ms
     Standby Incident Time (UTC)	:	?2015?-?07?-?28T11:39:11.620059800Z
     Resume  Duration		:	1058ms
     Resume  Incident Time (UTC)	:	?2015?-?07?-?28T12:09:15.805154100Z
     IsDegradation			:	false","300","1",,"3","4003","36","-9223372036854710272","2760","Microsoft-Windows-Diagnostics-Performance","cfc18ec0-96b1-4eba-961b-622caee05b0a","Microsoft-Windows-Diagnostics-Performance/Operational","1600","4720","rjaf-PC4429","S-1-5-19","7/28/2015 5:09:32 AM","85f02724-de4f-0001-97b8-6bfb2ec8d001",,"c:\users\mac_1\desktop\winevt\logs\microsoft-windows-diagnostics-performance%4operational.evtx","System.UInt32[]","System.Diagnostics.Eventing.Reader.EventBookmark","Warning","Standby Information","Standby Performance Monitoring","System.Collections.ObjectModel.ReadOnlyCollection`1[System.String]","System.Collections.Generic.List`1[System.Diagnostics.Eventing.Reader.EventProperty]"
"Windows has resumed from standby: 
     Standby Duration		:	14134ms
     Standby Incident Time (UTC)	:	?2015?-?07?-?27T16:57:46.241400400Z
     Resume  Duration		:	1079ms
     Resume  Incident Time (UTC)	:	?2015?-?07?-?28T05:45:42.450633000Z
     IsDegradation			:	false","300","1",,"3","4003","36","-9223372036854710272","2759","Microsoft-Windows-Diagnostics-Performance","cfc18ec0-96b1-4eba-961b-622caee05b0a","Microsoft-Windows-Diagnostics-Performance/Operational","1600","4984","rjaf-PC4429","S-1-5-19","7/27/2015 10:45:58 PM","85f03364-de4f-0002-96b8-6bfb2ec8d001",,"c:\users\mac_1\desktop\winevt\logs\microsoft-windows-diagnostics-performance%4operational.evtx","System.UInt32[]","System.Diagnostics.Eventing.Reader.EventBookmark","Warning","Standby Information","Standby Performance Monitoring","System.Collections.ObjectModel.ReadOnlyCollection`1[System.String]","System.Collections.Generic.List`1[System.Diagnostics.Eventing.Reader.EventProperty]"
"Windows has resumed from standby: 
     Standby Duration		:	16046ms
     Standby Incident Time (UTC)	:	?2015?-?07?-?27T11:54:46.906427600Z
     Resume  Duration		:	1072ms
     Resume  Incident Time (UTC)	:	?2015?-?07?-?27T12:51:05.942734000Z
     IsDegradation			:	false","300","1",,"3","4003","36","-9223372036854710272","2758","Microsoft-Windows-Diagnostics-Performance","cfc18ec0-96b1-4eba-961b-622caee05b0a","Microsoft-Windows-Diagnostics-Performance/Operational","1600","1912","rjaf-PC4429","S-1-5-19","7/27/2015 5:51:16 AM","00000000-5b28-0000-87b8-6bfb2ec8d001",,"c:\users\mac_1\desktop\winevt\logs\microsoft-windows-diagnostics-performance%4operational.evtx","System.UInt32[]","System.Diagnostics.Eventing.Reader.EventBookmark","Warning","Standby Information","Standby Performance Monitoring","System.Collections.ObjectModel.ReadOnlyCollection`1[System.String]","System.Collections.Generic.List`1[System.Diagnostics.Eventing.Reader.EventProperty]"
"This application took longer than usual to start up, resulting in a performance degradation in the system startup process: 
     File Name		:	MsMpEng.exe
     Friendly Name		:	Service Executable
     Version		:	1.5.1937.0
     Total Time		:	501ms
     Degradation Time	:	191ms
     Incident Time (UTC)	:	?2015?-?07?-?27T05:42:10.593600100Z","101","1",,"3","4002","33","-9223372036854710272","2757","Microsoft-Windows-Diagnostics-Performance","cfc18ec0-96b1-4eba-961b-622caee05b0a","Microsoft-Windows-Diagnostics-Performance/Operational","1600","3168","rjaf-PC4429","S-1-5-19","7/26/2015 10:45:46 PM","85f03364-de4f-0002-85b8-6bfb2ec8d001",,"c:\users\mac_1\desktop\winevt\logs\microsoft-windows-diagnostics-performance%4operational.evtx","System.UInt32[]","System.Diagnostics.Eventing.Reader.EventBookmark","Warning","Boot Degradation","Boot Performance Monitoring","System.Collections.ObjectModel.ReadOnlyCollection`1[System.String]","System.Collections.Generic.List`1[System.Diagnostics.Eventing.Reader.EventProperty]"
"Windows has started up: 
     Boot Duration		:	41293ms
     IsDegradation		:	false
     Incident Time (UTC)	:	?2015?-?07?-?27T05:42:10.593600100Z","100","2",,"3","4002","34","-9223372036854710272","2756","Microsoft-Windows-Diagnostics-Performance","cfc18ec0-96b1-4eba-961b-622caee05b0a","Microsoft-Windows-Diagnostics-Performance/Operational","1600","3168","rjaf-PC4429","S-1-5-19","7/26/2015 10:45:46 PM","85f03364-de4f-0002-85b8-6bfb2ec8d001",,"c:\users\mac_1\desktop\winevt\logs\microsoft-windows-diagnostics-performance%4operational.evtx","System.UInt32[]","System.Diagnostics.Eventing.Reader.EventBookmark","Warning","Boot Information","Boot Performance Monitoring","System.Collections.ObjectModel.ReadOnlyCollection`1[System.String]","System.Collections.Generic.List`1[System.Diagnostics.Eventing.Reader.EventProperty]"
"Windows has shutdown: 
     Shutdown Duration	:	18430ms
     IsDegradation		:	true
     Incident Time (UTC)	:	?2015?-?07?-?23T12:28:24.125932700Z","200","1",,"3","4007","40","-9223372036854710272","2755","Microsoft-Windows-Diagnostics-Performance","cfc18ec0-96b1-4eba-961b-622caee05b0a","Microsoft-Windows-Diagnostics-Performance/Operational","1600","1612","rjaf-PC4429","S-1-5-19","7/26/2015 10:45:46 PM","00000000-5b28-0000-82b8-6bfb2ec8d001",,"c:\users\mac_1\desktop\winevt\logs\microsoft-windows-diagnostics-performance%4operational.evtx","System.UInt32[]","System.Diagnostics.Eventing.Reader.EventBookmark","Warning","Shutdown Information","Shutdown Performance Monitoring","System.Collections.ObjectModel.ReadOnlyCollection`1[System.String]","System.Collections.Generic.List`1[System.Diagnostics.Eventing.Reader.EventProperty]"
"Windows has started up: 
     Boot Duration		:	38941ms
     IsDegradation		:	false
     Incident Time (UTC)	:	?2015?-?07?-?23T10:23:08.593600100Z","100","2",,"3","4002","34","-9223372036854710272","2754","Microsoft-Windows-Diagnostics-Performance","cfc18ec0-96b1-4eba-961b-622caee05b0a","Microsoft-Windows-Diagnostics-Performance/Operational","1704","3876","rjaf-PC4429","S-1-5-19","7/23/2015 3:26:54 AM","85f03364-7e4f-0002-8361-eb9131c5d001",,"c:\users\mac_1\desktop\winevt\logs\microsoft-windows-diagnostics-performance%4operational.evtx","System.UInt32[]","System.Diagnostics.Eventing.Reader.EventBookmark","Warning","Boot Information","Boot Performance Monitoring","System.Collections.ObjectModel.ReadOnlyCollection`1[System.String]","System.Collections.Generic.List`1[System.Diagnostics.Eventing.Reader.EventProperty]"
"Windows has shutdown: 
     Shutdown Duration	:	18540ms
     IsDegradation		:	false
     Incident Time (UTC)	:	?2015?-?07?-?09T10:38:36.635997500Z","200","1",,"3","4007","40","-9223372036854710272","2753","Microsoft-Windows-Diagnostics-Performance","cfc18ec0-96b1-4eba-961b-622caee05b0a","Microsoft-Windows-Diagnostics-Performance/Operational","1704","2400","rjaf-PC4429","S-1-5-19","7/23/2015 3:26:53 AM","85f02724-7e4f-0001-8561-eb9131c5d001",,"c:\users\mac_1\desktop\winevt\logs\microsoft-windows-diagnostics-performance%4operational.evtx","System.UInt32[]","System.Diagnostics.Eventing.Reader.EventBookmark","Warning","Shutdown Information","Shutdown Performance Monitoring","System.Collections.ObjectModel.ReadOnlyCollection`1[System.String]","System.Collections.Generic.List`1[System.Diagnostics.Eventing.Reader.EventProperty]"
"Windows has started up: 
     Boot Duration		:	36634ms
     IsDegradation		:	false
     Incident Time (UTC)	:	?2015?-?07?-?09T09:17:09.593600100Z","100","2",,"3","4002","34","-9223372036854710272","2752","Microsoft-Windows-Diagnostics-Performance","cfc18ec0-96b1-4eba-961b-622caee05b0a","Microsoft-Windows-Diagnostics-Performance/Operational","1712","1724","rjaf-PC4429","S-1-5-19","7/9/2015 2:19:11 AM","00000000-9b28-0000-026c-630828bad001",,"c:\users\mac_1\desktop\winevt\logs\microsoft-windows-diagnostics-performance%4operational.evtx","System.UInt32[]","System.Diagnostics.Eventing.Reader.EventBookmark","Warning","Boot Information","Boot Performance Monitoring","System.Collections.ObjectModel.ReadOnlyCollection`1[System.String]","System.Collections.Generic.List`1[System.Diagnostics.Eventing.Reader.EventProperty]"
"Windows has started up: 
     Boot Duration		:	30992ms
     IsDegradation		:	false
     Incident Time (UTC)	:	?2015?-?07?-?07T07:23:04.593600100Z","100","2",,"3","4002","34","-9223372036854710272","2751","Microsoft-Windows-Diagnostics-Performance","cfc18ec0-96b1-4eba-961b-622caee05b0a","Microsoft-Windows-Diagnostics-Performance/Operational","1796","2448","rjaf-PC4429","S-1-5-19","7/7/2015 12:25:17 AM","85f1dc9c-3e4f-0003-84cf-9fc385b8d001",,"c:\users\mac_1\desktop\winevt\logs\microsoft-windows-diagnostics-performance%4operational.evtx","System.UInt32[]","System.Diagnostics.Eventing.Reader.EventBookmark","Warning","Boot Information","Boot Performance Monitoring","System.Collections.ObjectModel.ReadOnlyCollection`1[System.String]","System.Collections.Generic.List`1[System.Diagnostics.Eventing.Reader.EventProperty]"
"Windows has started up: 
     Boot Duration		:	47283ms
     IsDegradation		:	false
     Incident Time (UTC)	:	?2015?-?07?-?02T08:55:44.593600100Z","100","2",,"3","4002","34","-9223372036854710272","2750","Microsoft-Windows-Diagnostics-Performance","cfc18ec0-96b1-4eba-961b-622caee05b0a","Microsoft-Windows-Diagnostics-Performance/Operational","1676","1604","rjaf-PC4429","S-1-5-19","7/2/2015 1:57:48 AM","85f02724-1e4f-0001-82bb-93e1a4b4d001",,"c:\users\mac_1\desktop\winevt\logs\microsoft-windows-diagnostics-performance%4operational.evtx","System.UInt32[]","System.Diagnostics.Eventing.Reader.EventBookmark","Warning","Boot Information","Boot Performance Monitoring","System.Collections.ObjectModel.ReadOnlyCollection`1[System.String]","System.Collections.Generic.List`1[System.Diagnostics.Eventing.Reader.EventProperty]"
"This application took longer than usual to start up, resulting in a performance degradation in the system startup process: 
     File Name		:	avgchsvx.exe
     Friendly Name		:	AVG Cache Server
     Version		:	9.0.0.794
     Total Time		:	1553ms
     Degradation Time	:	753ms
     Incident Time (UTC)	:	?2015?-?06?-?30T10:57:53.593600100Z","101","1",,"3","4002","33","-9223372036854710272","2749","Microsoft-Windows-Diagnostics-Performance","cfc18ec0-96b1-4eba-961b-622caee05b0a","Microsoft-Windows-Diagnostics-Performance/Operational","1768","2580","rjaf-PC4429","S-1-5-19","6/30/2015 3:59:58 AM","85f03364-fe4f-0002-02e2-2c9d23b3d001",,"c:\users\mac_1\desktop\winevt\logs\microsoft-windows-diagnostics-performance%4operational.evtx","System.UInt32[]","System.Diagnostics.Eventing.Reader.EventBookmark","Warning","Boot Degradation","Boot Performance Monitoring","System.Collections.ObjectModel.ReadOnlyCollection`1[System.String]","System.Collections.Generic.List`1[System.Diagnostics.Eventing.Reader.EventProperty]"
"Windows has started up: 
     Boot Duration		:	43584ms
     IsDegradation		:	false
     Incident Time (UTC)	:	?2015?-?06?-?30T10:57:53.593600100Z","100","2",,"3","4002","34","-9223372036854710272","2748","Microsoft-Windows-Diagnostics-Performance","cfc18ec0-96b1-4eba-961b-622caee05b0a","Microsoft-Windows-Diagnostics-Performance/Operational","1768","2580","rjaf-PC4429","S-1-5-19","6/30/2015 3:59:58 AM","85f03364-fe4f-0002-02e2-2c9d23b3d001",,"c:\users\mac_1\desktop\winevt\logs\microsoft-windows-diagnostics-performance%4operational.evtx","System.UInt32[]","System.Diagnostics.Eventing.Reader.EventBookmark","Warning","Boot Information","Boot Performance Monitoring","System.Collections.ObjectModel.ReadOnlyCollection`1[System.String]","System.Collections.Generic.List`1[System.Diagnostics.Eventing.Reader.EventProperty]"
"Windows has resumed from standby: 
     Standby Duration		:	8796ms
     Standby Incident Time (UTC)	:	?2015?-?06?-?29T22:53:02.692472000Z
     Resume  Duration		:	1254ms
     Resume  Incident Time (UTC)	:	?2015?-?06?-?30T07:35:33.768890100Z
     IsDegradation			:	false","300","1",,"3","4003","36","-9223372036854710272","2747","Microsoft-Windows-Diagnostics-Performance","cfc18ec0-96b1-4eba-961b-622caee05b0a","Microsoft-Windows-Diagnostics-Performance/Operational","1808","4564","rjaf-PC4429","S-1-5-19","6/30/2015 12:35:49 AM","85f02724-be4f-0001-080a-9c1ae1b1d001",,"c:\users\mac_1\desktop\winevt\logs\microsoft-windows-diagnostics-performance%4operational.evtx","System.UInt32[]","System.Diagnostics.Eventing.Reader.EventBookmark","Warning","Standby Information","Standby Performance Monitoring","System.Collections.ObjectModel.ReadOnlyCollection`1[System.String]","System.Collections.Generic.List`1[System.Diagnostics.Eventing.Reader.EventProperty]"
"Windows has resumed from standby: 
     Standby Duration		:	17143ms
     Standby Incident Time (UTC)	:	?2015?-?06?-?29T10:35:35.612792200Z
     Resume  Duration		:	1246ms
     Resume  Incident Time (UTC)	:	?2015?-?06?-?29T18:31:39.952338100Z
     IsDegradation			:	false","300","1",,"3","4003","36","-9223372036854710272","2746","Microsoft-Windows-Diagnostics-Performance","cfc18ec0-96b1-4eba-961b-622caee05b0a","Microsoft-Windows-Diagnostics-Performance/Operational","1808","5912","rjaf-PC4429","S-1-5-19","6/29/2015 11:31:54 AM","85f03c9c-be4f-0003-680a-9c1ae1b1d001",,"c:\users\mac_1\desktop\winevt\logs\microsoft-windows-diagnostics-performance%4operational.evtx","System.UInt32[]","System.Diagnostics.Eventing.Reader.EventBookmark","Warning","Standby Information","Standby Performance Monitoring","System.Collections.ObjectModel.ReadOnlyCollection`1[System.String]","System.Collections.Generic.List`1[System.Diagnostics.Eventing.Reader.EventProperty]"
"This driver caused a delay during standby while servicing a device:
     Driver File Name		:	\Driver\usbehci
     Driver Friendly Name		:	EHCI eUSB Miniport Driver
     Driver Version			:	6.1.7600.16788 (win7_gdr.110324-1506)
     Driver Total Time		:	90ms
     Driver Degradation Time	:	31ms
     Incident Time (UTC)		:	?2015?-?06?-?28T23:40:08.327350900Z
     Device Name			:	USB\ROOT_HUB20\4&f96d45&0
     Device Friendly Name		:	USB Root Hub
     Device Total Time		:	91ms
     Device Degradation Time	:	31ms","302","1",,"3","4003","35","-9223372036854710272","2745","Microsoft-Windows-Diagnostics-Performance","cfc18ec0-96b1-4eba-961b-622caee05b0a","Microsoft-Windows-Diagnostics-Performance/Operational","1808","5436","rjaf-PC4429","S-1-5-19","6/29/2015 12:05:45 AM","85f03c9c-be4f-0003-220a-9c1ae1b1d001",,"c:\users\mac_1\desktop\winevt\logs\microsoft-windows-diagnostics-performance%4operational.evtx","System.UInt32[]","System.Diagnostics.Eventing.Reader.EventBookmark","Warning","Standby Degradation","Standby Performance Monitoring","System.Collections.ObjectModel.ReadOnlyCollection`1[System.String]","System.Collections.Generic.List`1[System.Diagnostics.Eventing.Reader.EventProperty]"
"Windows has resumed from standby: 
     Standby Duration		:	12854ms
     Standby Incident Time (UTC)	:	?2015?-?06?-?28T23:40:08.327350900Z
     Resume  Duration		:	1228ms
     Resume  Incident Time (UTC)	:	?2015?-?06?-?29T07:05:34.823811000Z
     IsDegradation			:	false","300","1",,"3","4003","36","-9223372036854710272","2744","Microsoft-Windows-Diagnostics-Performance","cfc18ec0-96b1-4eba-961b-622caee05b0a","Microsoft-Windows-Diagnostics-Performance/Operational","1808","5436","rjaf-PC4429","S-1-5-19","6/29/2015 12:05:45 AM","85f03c9c-be4f-0003-220a-9c1ae1b1d001",,"c:\users\mac_1\desktop\winevt\logs\microsoft-windows-diagnostics-performance%4operational.evtx","System.UInt32[]","System.Diagnostics.Eventing.Reader.EventBookmark","Warning","Standby Information","Standby Performance Monitoring","System.Collections.ObjectModel.ReadOnlyCollection`1[System.String]","System.Collections.Generic.List`1[System.Diagnostics.Eventing.Reader.EventProperty]"
"Windows has started up: 
     Boot Duration		:	35628ms
     IsDegradation		:	false
     Incident Time (UTC)	:	?2015?-?06?-?28T20:29:16.593600100Z","100","2",,"3","4002","34","-9223372036854710272","2743","Microsoft-Windows-Diagnostics-Performance","cfc18ec0-96b1-4eba-961b-622caee05b0a","Microsoft-Windows-Diagnostics-Performance/Operational","1808","2004","rjaf-PC4429","S-1-5-19","6/28/2015 1:33:17 PM","85f03c9c-be4f-0003-8409-9c1ae1b1d001",,"c:\users\mac_1\desktop\winevt\logs\microsoft-windows-diagnostics-performance%4operational.evtx","System.UInt32[]","System.Diagnostics.Eventing.Reader.EventBookmark","Warning","Boot Information","Boot Performance Monitoring","System.Collections.ObjectModel.ReadOnlyCollection`1[System.String]","System.Collections.Generic.List`1[System.Diagnostics.Eventing.Reader.EventProperty]"
"Windows has resumed from standby: 
     Standby Duration		:	12925ms
     Standby Incident Time (UTC)	:	?2015?-?06?-?28T11:38:09.830616300Z
     Resume  Duration		:	1251ms
     Resume  Incident Time (UTC)	:	?2015?-?06?-?28T20:25:33.336961700Z
     IsDegradation			:	false","300","1",,"3","4003","36","-9223372036854710272","2742","Microsoft-Windows-Diagnostics-Performance","cfc18ec0-96b1-4eba-961b-622caee05b0a","Microsoft-Windows-Diagnostics-Performance/Operational","1760","4888","rjaf-PC4429","S-1-5-19","6/28/2015 1:25:43 PM","85f03c9c-be4f-0003-0329-c4e784b1d001",,"c:\users\mac_1\desktop\winevt\logs\microsoft-windows-diagnostics-performance%4operational.evtx","System.UInt32[]","System.Diagnostics.Eventing.Reader.EventBookmark","Warning","Standby Information","Standby Performance Monitoring","System.Collections.ObjectModel.ReadOnlyCollection`1[System.String]","System.Collections.Generic.List`1[System.Diagnostics.Eventing.Reader.EventProperty]"
"Windows has started up: 
     Boot Duration		:	39001ms
     IsDegradation		:	false
     Incident Time (UTC)	:	?2015?-?06?-?28T09:29:17.593600100Z","100","2",,"3","4002","34","-9223372036854710272","2741","Microsoft-Windows-Diagnostics-Performance","cfc18ec0-96b1-4eba-961b-622caee05b0a","Microsoft-Windows-Diagnostics-Performance/Operational","1760","1772","rjaf-PC4429","S-1-5-19","6/28/2015 2:31:18 AM","85f03364-be4f-0002-1728-c4e784b1d001",,"c:\users\mac_1\desktop\winevt\logs\microsoft-windows-diagnostics-performance%4operational.evtx","System.UInt32[]","System.Diagnostics.Eventing.Reader.EventBookmark","Warning","Boot Information","Boot Performance Monitoring","System.Collections.ObjectModel.ReadOnlyCollection`1[System.String]","System.Collections.Generic.List`1[System.Diagnostics.Eventing.Reader.EventProperty]"
"Windows has shutdown: 
     Shutdown Duration	:	16587ms
     IsDegradation		:	false
     Incident Time (UTC)	:	?2015?-?06?-?25T11:59:34.685643900Z","200","1",,"3","4007","40","-9223372036854710272","2740","Microsoft-Windows-Diagnostics-Performance","cfc18ec0-96b1-4eba-961b-622caee05b0a","Microsoft-Windows-Diagnostics-Performance/Operational","1760","2036","rjaf-PC4429","S-1-5-19","6/28/2015 2:31:18 AM","85f03364-be4f-0002-1628-c4e784b1d001",,"c:\users\mac_1\desktop\winevt\logs\microsoft-windows-diagnostics-performance%4operational.evtx","System.UInt32[]","System.Diagnostics.Eventing.Reader.EventBookmark","Warning","Shutdown Information","Shutdown Performance Monitoring","System.Collections.ObjectModel.ReadOnlyCollection`1[System.String]","System.Collections.Generic.List`1[System.Diagnostics.Eventing.Reader.EventProperty]"
"Windows has started up: 
     Boot Duration		:	43480ms
     IsDegradation		:	false
     Incident Time (UTC)	:	?2015?-?06?-?25T18:12:30.593600100Z","100","2",,"3","4002","34","-9223372036854710272","2739","Microsoft-Windows-Diagnostics-Performance","cfc18ec0-96b1-4eba-961b-622caee05b0a","Microsoft-Windows-Diagnostics-Performance/Operational","1840","3736","rjaf-PC4429","S-1-5-19","6/25/2015 11:14:29 AM","85f03364-de4f-0002-8c8e-368072afd001",,"c:\users\mac_1\desktop\winevt\logs\microsoft-windows-diagnostics-performance%4operational.evtx","System.UInt32[]","System.Diagnostics.Eventing.Reader.EventBookmark","Warning","Boot Information","Boot Performance Monitoring","System.Collections.ObjectModel.ReadOnlyCollection`1[System.String]","System.Collections.Generic.List`1[System.Diagnostics.Eventing.Reader.EventProperty]"
"Windows has shutdown: 
     Shutdown Duration	:	16587ms
     IsDegradation		:	false
     Incident Time (UTC)	:	?2015?-?06?-?25T11:59:34.685643900Z","200","1",,"3","4007","40","-9223372036854710272","2738","Microsoft-Windows-Diagnostics-Performance","cfc18ec0-96b1-4eba-961b-622caee05b0a","Microsoft-Windows-Diagnostics-Performance/Operational","1840","2020","rjaf-PC4429","S-1-5-19","6/25/2015 11:14:29 AM","85f03c9c-de4f-0003-878e-368072afd001",,"c:\users\mac_1\desktop\winevt\logs\microsoft-windows-diagnostics-performance%4operational.evtx","System.UInt32[]","System.Diagnostics.Eventing.Reader.EventBookmark","Warning","Shutdown Information","Shutdown Performance Monitoring","System.Collections.ObjectModel.ReadOnlyCollection`1[System.String]","System.Collections.Generic.List`1[System.Diagnostics.Eventing.Reader.EventProperty]"
"Windows has started up: 
     Boot Duration		:	46270ms
     IsDegradation		:	false
     Incident Time (UTC)	:	?2015?-?06?-?24T18:53:56.593600100Z","100","2",,"3","4002","34","-9223372036854710272","2737","Microsoft-Windows-Diagnostics-Performance","cfc18ec0-96b1-4eba-961b-622caee05b0a","Microsoft-Windows-Diagnostics-Performance/Operational","1736","3716","rjaf-PC4429","S-1-5-19","6/24/2015 11:55:59 AM","85f03c9c-9e4f-0003-964d-921fafaed001",,"c:\users\mac_1\desktop\winevt\logs\microsoft-windows-diagnostics-performance%4operational.evtx","System.UInt32[]","System.Diagnostics.Eventing.Reader.EventBookmark","Warning","Boot Information","Boot Performance Monitoring","System.Collections.ObjectModel.ReadOnlyCollection`1[System.String]","System.Collections.Generic.List`1[System.Diagnostics.Eventing.Reader.EventProperty]"
"Windows has resumed from standby: 
     Standby Duration		:	11451ms
     Standby Incident Time (UTC)	:	?2015?-?06?-?24T01:03:49.356900300Z
     Resume  Duration		:	1266ms
     Resume  Incident Time (UTC)	:	?2015?-?06?-?24T06:42:47.473835900Z
     IsDegradation			:	false","300","1",,"3","4003","36","-9223372036854710272","2736","Microsoft-Windows-Diagnostics-Performance","cfc18ec0-96b1-4eba-961b-622caee05b0a","Microsoft-Windows-Diagnostics-Performance/Operational","1740","5752","rjaf-PC4429","S-1-5-19","6/23/2015 11:43:15 PM","85f03c9c-de4f-0003-8f4d-0a9601acd001",,"c:\users\mac_1\desktop\winevt\logs\microsoft-windows-diagnostics-performance%4operational.evtx","System.UInt32[]","System.Diagnostics.Eventing.Reader.EventBookmark","Warning","Standby Information","Standby Performance Monitoring","System.Collections.ObjectModel.ReadOnlyCollection`1[System.String]","System.Collections.Generic.List`1[System.Diagnostics.Eventing.Reader.EventProperty]"
"This driver caused a delay during standby while servicing a device:
     Driver File Name		:	\Driver\usbehci
     Driver Friendly Name		:	EHCI eUSB Miniport Driver
     Driver Version			:	6.1.7600.16788 (win7_gdr.110324-1506)
     Driver Total Time		:	342ms
     Driver Degradation Time	:	163ms
     Incident Time (UTC)		:	?2015?-?06?-?23T21:08:04.679913700Z
     Device Name			:	USB\ROOT_HUB20\4&605ea8b&0
     Device Friendly Name		:	USB Root Hub
     Device Total Time		:	342ms
     Device Degradation Time	:	163ms","302","1",,"3","4003","35","-9223372036854710272","2735","Microsoft-Windows-Diagnostics-Performance","cfc18ec0-96b1-4eba-961b-622caee05b0a","Microsoft-Windows-Diagnostics-Performance/Operational","1740","2488","rjaf-PC4429","S-1-5-19","6/23/2015 2:31:53 PM","85f02724-de4f-0001-a328-0a9601acd001",,"c:\users\mac_1\desktop\winevt\logs\microsoft-windows-diagnostics-performance%4operational.evtx","System.UInt32[]","System.Diagnostics.Eventing.Reader.EventBookmark","Warning","Standby Degradation","Standby Performance Monitoring","System.Collections.ObjectModel.ReadOnlyCollection`1[System.String]","System.Collections.Generic.List`1[System.Diagnostics.Eventing.Reader.EventProperty]"
"Windows has resumed from standby: 
     Standby Duration		:	11134ms
     Standby Incident Time (UTC)	:	?2015?-?06?-?23T21:08:04.679913700Z
     Resume  Duration		:	1276ms
     Resume  Incident Time (UTC)	:	?2015?-?06?-?23T21:31:31.389106800Z
     IsDegradation			:	false","300","1",,"3","4003","36","-9223372036854710272","2734","Microsoft-Windows-Diagnostics-Performance","cfc18ec0-96b1-4eba-961b-622caee05b0a","Microsoft-Windows-Diagnostics-Performance/Operational","1740","2488","rjaf-PC4429","S-1-5-19","6/23/2015 2:31:53 PM","85f02724-de4f-0001-a328-0a9601acd001",,"c:\users\mac_1\desktop\winevt\logs\microsoft-windows-diagnostics-performance%4operational.evtx","System.UInt32[]","System.Diagnostics.Eventing.Reader.EventBookmark","Warning","Standby Information","Standby Performance Monitoring","System.Collections.ObjectModel.ReadOnlyCollection`1[System.String]","System.Collections.Generic.List`1[System.Diagnostics.Eventing.Reader.EventProperty]"
"Windows has resumed from standby: 
     Standby Duration		:	9193ms
     Standby Incident Time (UTC)	:	?2015?-?06?-?23T11:23:36.924673400Z
     Resume  Duration		:	1284ms
     Resume  Incident Time (UTC)	:	?2015?-?06?-?23T18:12:57.671945300Z
     IsDegradation			:	false","300","1",,"3","4003","36","-9223372036854710272","2733","Microsoft-Windows-Diagnostics-Performance","cfc18ec0-96b1-4eba-961b-622caee05b0a","Microsoft-Windows-Diagnostics-Performance/Operational","1740","5308","rjaf-PC4429","S-1-5-19","6/23/2015 11:13:18 AM","85f02724-de4f-0001-a127-0a9601acd001",,"c:\users\mac_1\desktop\winevt\logs\microsoft-windows-diagnostics-performance%4operational.evtx","System.UInt32[]","System.Diagnostics.Eventing.Reader.EventBookmark","Warning","Standby Information","Standby Performance Monitoring","System.Collections.ObjectModel.ReadOnlyCollection`1[System.String]","System.Collections.Generic.List`1[System.Diagnostics.Eventing.Reader.EventProperty]"
"Windows has resumed from standby: 
     Standby Duration		:	18634ms
     Standby Incident Time (UTC)	:	?2015?-?06?-?22T23:30:24.438774100Z
     Resume  Duration		:	1268ms
     Resume  Incident Time (UTC)	:	?2015?-?06?-?23T07:08:24.969916600Z
     IsDegradation			:	false","300","1",,"3","4003","36","-9223372036854710272","2732","Microsoft-Windows-Diagnostics-Performance","cfc18ec0-96b1-4eba-961b-622caee05b0a","Microsoft-Windows-Diagnostics-Performance/Operational","1740","5036","rjaf-PC4429","S-1-5-19","6/23/2015 12:08:44 AM","85f02724-de4f-0001-f326-0a9601acd001",,"c:\users\mac_1\desktop\winevt\logs\microsoft-windows-diagnostics-performance%4operational.evtx","System.UInt32[]","System.Diagnostics.Eventing.Reader.EventBookmark","Warning","Standby Information","Standby Performance Monitoring","System.Collections.ObjectModel.ReadOnlyCollection`1[System.String]","System.Collections.Generic.List`1[System.Diagnostics.Eventing.Reader.EventProperty]"
"This application caused a delay during standby: 
     File Name		:	WINWORD.EXE
     Friendly Name		:	Microsoft Office Word
     Version		:	12.0.4518.1014
     Total Time		:	52ms
     Degradation Time	:	26ms
     Incident Time (UTC)	:	?2015?-?06?-?22T14:03:56.464521500Z","301","1",,"3","4003","35","-9223372036854710272","2731","Microsoft-Windows-Diagnostics-Performance","cfc18ec0-96b1-4eba-961b-622caee05b0a","Microsoft-Windows-Diagnostics-Performance/Operational","1740","4660","rjaf-PC4429","S-1-5-19","6/22/2015 1:09:06 PM","85f03c9c-de4f-0003-9234-0a9601acd001",,"c:\users\mac_1\desktop\winevt\logs\microsoft-windows-diagnostics-performance%4operational.evtx","System.UInt32[]","System.Diagnostics.Eventing.Reader.EventBookmark","Warning","Standby Degradation","Standby Performance Monitoring","System.Collections.ObjectModel.ReadOnlyCollection`1[System.String]","System.Collections.Generic.List`1[System.Diagnostics.Eventing.Reader.EventProperty]"
"Windows has resumed from standby: 
     Standby Duration		:	9911ms
     Standby Incident Time (UTC)	:	?2015?-?06?-?22T14:03:56.464521500Z
     Resume  Duration		:	1278ms
     Resume  Incident Time (UTC)	:	?2015?-?06?-?22T20:08:49.463284700Z
     IsDegradation			:	false","300","1",,"3","4003","36","-9223372036854710272","2730","Microsoft-Windows-Diagnostics-Performance","cfc18ec0-96b1-4eba-961b-622caee05b0a","Microsoft-Windows-Diagnostics-Performance/Operational","1740","4660","rjaf-PC4429","S-1-5-19","6/22/2015 1:09:06 PM","85f03c9c-de4f-0003-9234-0a9601acd001",,"c:\users\mac_1\desktop\winevt\logs\microsoft-windows-diagnostics-performance%4operational.evtx","System.UInt32[]","System.Diagnostics.Eventing.Reader.EventBookmark","Warning","Standby Information","Standby Performance Monitoring","System.Collections.ObjectModel.ReadOnlyCollection`1[System.String]","System.Collections.Generic.List`1[System.Diagnostics.Eventing.Reader.EventProperty]"
"Windows has resumed from standby: 
     Standby Duration		:	9961ms
     Standby Incident Time (UTC)	:	?2015?-?06?-?22T10:45:11.955576300Z
     Resume  Duration		:	1249ms
     Resume  Incident Time (UTC)	:	?2015?-?06?-?22T11:56:19.416952600Z
     IsDegradation			:	false","300","1",,"3","4003","36","-9223372036854710272","2729","Microsoft-Windows-Diagnostics-Performance","cfc18ec0-96b1-4eba-961b-622caee05b0a","Microsoft-Windows-Diagnostics-Performance/Operational","1740","5388","rjaf-PC4429","S-1-5-19","6/22/2015 4:56:33 AM","85f02724-de4f-0001-c225-0a9601acd001",,"c:\users\mac_1\desktop\winevt\logs\microsoft-windows-diagnostics-performance%4operational.evtx","System.UInt32[]","System.Diagnostics.Eventing.Reader.EventBookmark","Warning","Standby Information","Standby Performance Monitoring","System.Collections.ObjectModel.ReadOnlyCollection`1[System.String]","System.Collections.Generic.List`1[System.Diagnostics.Eventing.Reader.EventProperty]"
"This driver caused a delay during standby while servicing a device:
     Driver File Name		:	\Driver\pci
     Driver Friendly Name		:	NT Plug and Play PCI Enumerator
     Driver Version			:	6.1.7600.16385 (win7_rtm.090713-1255)
     Driver Total Time		:	26ms
     Driver Degradation Time	:	6ms
     Incident Time (UTC)		:	?2015?-?06?-?21T23:23:59.869202800Z
     Device Name			:	PCI\VEN_8086&DEV_1C10&SUBSYS_204E8086&REV_B5\3&11583659&0&E0
     Device Friendly Name		:	Intel(R) 6 Series/C200 Series Chipset Family PCI Express Root Port 1 - 1C10
     Device Total Time		:	26ms
     Device Degradation Time	:	0ms","302","1",,"3","4003","35","-9223372036854710272","2728","Microsoft-Windows-Diagnostics-Performance","cfc18ec0-96b1-4eba-961b-622caee05b0a","Microsoft-Windows-Diagnostics-Performance/Operational","1740","4572","rjaf-PC4429","S-1-5-19","6/22/2015 1:39:06 AM","85f03364-de4f-0002-3e25-0a9601acd001",,"c:\users\mac_1\desktop\winevt\logs\microsoft-windows-diagnostics-performance%4operational.evtx","System.UInt32[]","System.Diagnostics.Eventing.Reader.EventBookmark","Warning","Standby Degradation","Standby Performance Monitoring","System.Collections.ObjectModel.ReadOnlyCollection`1[System.String]","System.Collections.Generic.List`1[System.Diagnostics.Eventing.Reader.EventProperty]"
"This driver caused a delay during standby while servicing a device:
     Driver File Name		:	\Driver\pci
     Driver Friendly Name		:	NT Plug and Play PCI Enumerator
     Driver Version			:	6.1.7600.16385 (win7_rtm.090713-1255)
     Driver Total Time		:	26ms
     Driver Degradation Time	:	6ms
     Incident Time (UTC)		:	?2015?-?06?-?21T23:23:59.869202800Z
     Device Name			:	PCI\VEN_8086&DEV_1C3A&SUBSYS_204E8086&REV_04\3&11583659&0&B0
     Device Friendly Name		:	Intel(R) Management Engine Interface 
     Device Total Time		:	26ms
     Device Degradation Time	:	0ms","302","1",,"3","4003","35","-9223372036854710272","2727","Microsoft-Windows-Diagnostics-Performance","cfc18ec0-96b1-4eba-961b-622caee05b0a","Microsoft-Windows-Diagnostics-Performance/Operational","1740","4572","rjaf-PC4429","S-1-5-19","6/22/2015 1:39:06 AM","85f03364-de4f-0002-3e25-0a9601acd001",,"c:\users\mac_1\desktop\winevt\logs\microsoft-windows-diagnostics-performance%4operational.evtx","System.UInt32[]","System.Diagnostics.Eventing.Reader.EventBookmark","Warning","Standby Degradation","Standby Performance Monitoring","System.Collections.ObjectModel.ReadOnlyCollection`1[System.String]","System.Collections.Generic.List`1[System.Diagnostics.Eventing.Reader.EventProperty]"
"This driver caused a delay during standby while servicing a device:
     Driver File Name		:	\Driver\pci
     Driver Friendly Name		:	NT Plug and Play PCI Enumerator
     Driver Version			:	6.1.7600.16385 (win7_rtm.090713-1255)
     Driver Total Time		:	25ms
     Driver Degradation Time	:	6ms
     Incident Time (UTC)		:	?2015?-?06?-?21T23:23:59.869202800Z
     Device Name			:	PCI\VEN_8086&DEV_1C14&SUBSYS_204E8086&REV_B5\3&11583659&0&E2
     Device Friendly Name		:	Intel(R) 6 Series/C200 Series Chipset Family PCI Express Root Port 3 - 1C14
     Device Total Time		:	25ms
     Device Degradation Time	:	0ms","302","1",,"3","4003","35","-9223372036854710272","2726","Microsoft-Windows-Diagnostics-Performance","cfc18ec0-96b1-4eba-961b-622caee05b0a","Microsoft-Windows-Diagnostics-Performance/Operational","1740","4572","rjaf-PC4429","S-1-5-19","6/22/2015 1:39:06 AM","85f03364-de4f-0002-3e25-0a9601acd001",,"c:\users\mac_1\desktop\winevt\logs\microsoft-windows-diagnostics-performance%4operational.evtx","System.UInt32[]","System.Diagnostics.Eventing.Reader.EventBookmark","Warning","Standby Degradation","Standby Performance Monitoring","System.Collections.ObjectModel.ReadOnlyCollection`1[System.String]","System.Collections.Generic.List`1[System.Diagnostics.Eventing.Reader.EventProperty]"
"This driver caused a delay during standby while servicing a device:
     Driver File Name		:	\Driver\pci
     Driver Friendly Name		:	NT Plug and Play PCI Enumerator
     Driver Version			:	6.1.7600.16385 (win7_rtm.090713-1255)
     Driver Total Time		:	25ms
     Driver Degradation Time	:	6ms
     Incident Time (UTC)		:	?2015?-?06?-?21T23:23:59.869202800Z
     Device Name			:	PCI\VEN_8086&DEV_1C26&SUBSYS_204E8086&REV_05\3&11583659&0&E8
     Device Friendly Name		:	Intel(R) 6 Series/C200 Series Chipset Family USB Enhanced Host Controller - 1C26
     Device Total Time		:	26ms
     Device Degradation Time	:	0ms","302","1",,"3","4003","35","-9223372036854710272","2725","Microsoft-Windows-Diagnostics-Performance","cfc18ec0-96b1-4eba-961b-622caee05b0a","Microsoft-Windows-Diagnostics-Performance/Operational","1740","4572","rjaf-PC4429","S-1-5-19","6/22/2015 1:39:06 AM","85f03364-de4f-0002-3e25-0a9601acd001",,"c:\users\mac_1\desktop\winevt\logs\microsoft-windows-diagnostics-performance%4operational.evtx","System.UInt32[]","System.Diagnostics.Eventing.Reader.EventBookmark","Warning","Standby Degradation","Standby Performance Monitoring","System.Collections.ObjectModel.ReadOnlyCollection`1[System.String]","System.Collections.Generic.List`1[System.Diagnostics.Eventing.Reader.EventProperty]"
"This driver caused a delay during standby while servicing a device:
     Driver File Name		:	\Driver\pci
     Driver Friendly Name		:	NT Plug and Play PCI Enumerator
     Driver Version			:	6.1.7600.16385 (win7_rtm.090713-1255)
     Driver Total Time		:	25ms
     Driver Degradation Time	:	6ms
     Incident Time (UTC)		:	?2015?-?06?-?21T23:23:59.869202800Z
     Device Name			:	PCI\VEN_8086&DEV_1C2D&SUBSYS_204E8086&REV_05\3&11583659&0&D0
     Device Friendly Name		:	Intel(R) 6 Series/C200 Series Chipset Family USB Enhanced Host Controller - 1C2D
     Device Total Time		:	25ms
     Device Degradation Time	:	0ms","302","1",,"3","4003","35","-9223372036854710272","2724","Microsoft-Windows-Diagnostics-Performance","cfc18ec0-96b1-4eba-961b-622caee05b0a","Microsoft-Windows-Diagnostics-Performance/Operational","1740","4572","rjaf-PC4429","S-1-5-19","6/22/2015 1:39:06 AM","85f03364-de4f-0002-3e25-0a9601acd001",,"c:\users\mac_1\desktop\winevt\logs\microsoft-windows-diagnostics-performance%4operational.evtx","System.UInt32[]","System.Diagnostics.Eventing.Reader.EventBookmark","Warning","Standby Degradation","Standby Performance Monitoring","System.Collections.ObjectModel.ReadOnlyCollection`1[System.String]","System.Collections.Generic.List`1[System.Diagnostics.Eventing.Reader.EventProperty]"
"This driver caused a delay during standby while servicing a device:
     Driver File Name		:	\Driver\Disk
     Driver Friendly Name		:	PnP Disk Driver
     Driver Version			:	6.1.7600.16385 (win7_rtm.090713-1255)
     Driver Total Time		:	160ms
     Driver Degradation Time	:	118ms
     Incident Time (UTC)		:	?2015?-?06?-?21T23:23:59.869202800Z
     Device Name			:	SCSI\Disk&Ven_WDC&Prod_WD5000AAKX-22ERM\4&68979c&0&000000
     Device Friendly Name		:	Disk drive
     Device Total Time		:	160ms
     Device Degradation Time	:	129ms","302","1",,"3","4003","35","-9223372036854710272","2723","Microsoft-Windows-Diagnostics-Performance","cfc18ec0-96b1-4eba-961b-622caee05b0a","Microsoft-Windows-Diagnostics-Performance/Operational","1740","4572","rjaf-PC4429","S-1-5-19","6/22/2015 1:39:06 AM","85f03364-de4f-0002-3e25-0a9601acd001",,"c:\users\mac_1\desktop\winevt\logs\microsoft-windows-diagnostics-performance%4operational.evtx","System.UInt32[]","System.Diagnostics.Eventing.Reader.EventBookmark","Warning","Standby Degradation","Standby Performance Monitoring","System.Collections.ObjectModel.ReadOnlyCollection`1[System.String]","System.Collections.Generic.List`1[System.Diagnostics.Eventing.Reader.EventProperty]"
"Windows has resumed from standby: 
     Standby Duration		:	23236ms
     Standby Incident Time (UTC)	:	?2015?-?06?-?21T23:23:59.869202800Z
     Resume  Duration		:	1236ms
     Resume  Incident Time (UTC)	:	?2015?-?06?-?22T08:38:48.889367700Z
     IsDegradation			:	false","300","1",,"2","4003","36","-9223372036854710272","2722","Microsoft-Windows-Diagnostics-Performance","cfc18ec0-96b1-4eba-961b-622caee05b0a","Microsoft-Windows-Diagnostics-Performance/Operational","1740","4572","rjaf-PC4429","S-1-5-19","6/22/2015 1:39:06 AM","85f03364-de4f-0002-3e25-0a9601acd001",,"c:\users\mac_1\desktop\winevt\logs\microsoft-windows-diagnostics-performance%4operational.evtx","System.UInt32[]","System.Diagnostics.Eventing.Reader.EventBookmark","Error","Standby Information","Standby Performance Monitoring","System.Collections.ObjectModel.ReadOnlyCollection`1[System.String]","System.Collections.Generic.List`1[System.Diagnostics.Eventing.Reader.EventProperty]"
"Windows has resumed from standby: 
     Standby Duration		:	15551ms
     Standby Incident Time (UTC)	:	?2015?-?06?-?21T12:47:47.486027800Z
     Resume  Duration		:	1255ms
     Resume  Incident Time (UTC)	:	?2015?-?06?-?21T21:05:55.795581800Z
     IsDegradation			:	false","300","1",,"3","4003","36","-9223372036854710272","2721","Microsoft-Windows-Diagnostics-Performance","cfc18ec0-96b1-4eba-961b-622caee05b0a","Microsoft-Windows-Diagnostics-Performance/Operational","1740","5728","rjaf-PC4429","S-1-5-19","6/21/2015 2:06:08 PM","00000000-5b28-0000-9d29-0a9601acd001",,"c:\users\mac_1\desktop\winevt\logs\microsoft-windows-diagnostics-performance%4operational.evtx","System.UInt32[]","System.Diagnostics.Eventing.Reader.EventBookmark","Warning","Standby Information","Standby Performance Monitoring","System.Collections.ObjectModel.ReadOnlyCollection`1[System.String]","System.Collections.Generic.List`1[System.Diagnostics.Eventing.Reader.EventProperty]"
"This startup service took longer than expected to startup, resulting in a performance degradation in the system start up process: 
     File Name		:	sens
     Friendly Name		:	System Event Notification Service (SENS)
     Version		:	6.1.7600.16385 (win7_rtm.090713-1255)
     Total Time		:	10ms
     Degradation Time	:	773ms
     Incident Time (UTC)	:	?2015?-?06?-?21T09:06:40.593600100Z","103","1",,"3","4002","33","-9223372036854710272","2720","Microsoft-Windows-Diagnostics-Performance","cfc18ec0-96b1-4eba-961b-622caee05b0a","Microsoft-Windows-Diagnostics-Performance/Operational","1740","3540","rjaf-PC4429","S-1-5-19","6/21/2015 2:08:42 AM","85f03364-de4f-0002-8823-0a9601acd001",,"c:\users\mac_1\desktop\winevt\logs\microsoft-windows-diagnostics-performance%4operational.evtx","System.UInt32[]","System.Diagnostics.Eventing.Reader.EventBookmark","Warning","Boot Degradation","Boot Performance Monitoring","System.Collections.ObjectModel.ReadOnlyCollection`1[System.String]","System.Collections.Generic.List`1[System.Diagnostics.Eventing.Reader.EventProperty]"
"This application took longer than usual to start up, resulting in a performance degradation in the system startup process: 
     File Name		:	MsMpEng.exe
     Friendly Name		:	Service Executable
     Version		:	1.5.1937.0
     Total Time		:	6991ms
     Degradation Time	:	3952ms
     Incident Time (UTC)	:	?2015?-?06?-?21T09:06:40.593600100Z","101","1",,"3","4002","33","-9223372036854710272","2719","Microsoft-Windows-Diagnostics-Performance","cfc18ec0-96b1-4eba-961b-622caee05b0a","Microsoft-Windows-Diagnostics-Performance/Operational","1740","3540","rjaf-PC4429","S-1-5-19","6/21/2015 2:08:42 AM","85f03364-de4f-0002-8823-0a9601acd001",,"c:\users\mac_1\desktop\winevt\logs\microsoft-windows-diagnostics-performance%4operational.evtx","System.UInt32[]","System.Diagnostics.Eventing.Reader.EventBookmark","Warning","Boot Degradation","Boot Performance Monitoring","System.Collections.ObjectModel.ReadOnlyCollection`1[System.String]","System.Collections.Generic.List`1[System.Diagnostics.Eventing.Reader.EventProperty]"
"Windows has started up: 
     Boot Duration		:	51386ms
     IsDegradation		:	false
     Incident Time (UTC)	:	?2015?-?06?-?21T09:06:40.593600100Z","100","2",,"2","4002","34","-9223372036854710272","2718","Microsoft-Windows-Diagnostics-Performance","cfc18ec0-96b1-4eba-961b-622caee05b0a","Microsoft-Windows-Diagnostics-Performance/Operational","1740","3540","rjaf-PC4429","S-1-5-19","6/21/2015 2:08:42 AM","85f03364-de4f-0002-8823-0a9601acd001",,"c:\users\mac_1\desktop\winevt\logs\microsoft-windows-diagnostics-performance%4operational.evtx","System.UInt32[]","System.Diagnostics.Eventing.Reader.EventBookmark","Error","Boot Information","Boot Performance Monitoring","System.Collections.ObjectModel.ReadOnlyCollection`1[System.String]","System.Collections.Generic.List`1[System.Diagnostics.Eventing.Reader.EventProperty]"
