"Windows has resumed from standby: 
     Standby Duration		:	13736ms
     Standby Incident Time (UTC)	:	?2015?-?01?-?25T07:33:34.076145000Z
     Resume  Duration		:	1181ms
     Resume  Incident Time (UTC)	:	?2015?-?01?-?25T07:44:27.631320700Z
     IsDegradation			:	false","300","1",,"3","4003","36","-9223372036854710272","1924","Microsoft-Windows-Diagnostics-Performance","cfc18ec0-96b1-4eba-961b-622caee05b0a","Microsoft-Windows-Diagnostics-Performance/Operational","1328","4128","rjaf-PC4429","S-1-5-19","1/24/2015 11:44:40 PM","00000000-1b28-0000-279a-54a0e237d001",,"c:\users\mac_1\desktop\winevt\logs\microsoft-windows-diagnostics-performance%4operational.evtx","System.UInt32[]","System.Diagnostics.Eventing.Reader.EventBookmark","Warning","Standby Information","Standby Performance Monitoring","System.Collections.ObjectModel.ReadOnlyCollection`1[System.String]","System.Collections.Generic.List`1[System.Diagnostics.Eventing.Reader.EventProperty]"
"This driver caused a delay during standby while servicing a device:
     Driver File Name		:	\Driver\Disk
     Driver Friendly Name		:	PnP Disk Driver
     Driver Version			:	6.1.7600.16385 (win7_rtm.090713-1255)
     Driver Total Time		:	36ms
     Driver Degradation Time	:	25ms
     Incident Time (UTC)		:	?2015?-?01?-?25T01:02:50.993016200Z
     Device Name			:	SCSI\Disk&Ven_WDC&Prod_WD5000AAKX-22ERM\4&68979c&0&000000
     Device Friendly Name		:	Disk drive
     Device Total Time		:	36ms
     Device Degradation Time	:	0ms","302","1",,"3","4003","35","-9223372036854710272","1923","Microsoft-Windows-Diagnostics-Performance","cfc18ec0-96b1-4eba-961b-622caee05b0a","Microsoft-Windows-Diagnostics-Performance/Operational","1328","3784","rjaf-PC4429","S-1-5-19","1/24/2015 10:22:13 PM","85f02a9c-989b-0001-299a-54a0e237d001",,"c:\users\mac_1\desktop\winevt\logs\microsoft-windows-diagnostics-performance%4operational.evtx","System.UInt32[]","System.Diagnostics.Eventing.Reader.EventBookmark","Warning","Standby Degradation","Standby Performance Monitoring","System.Collections.ObjectModel.ReadOnlyCollection`1[System.String]","System.Collections.Generic.List`1[System.Diagnostics.Eventing.Reader.EventProperty]"
"Windows has resumed from standby: 
     Standby Duration		:	6161ms
     Standby Incident Time (UTC)	:	?2015?-?01?-?25T01:02:50.993016200Z
     Resume  Duration		:	1171ms
     Resume  Incident Time (UTC)	:	?2015?-?01?-?25T06:22:00.811842900Z
     IsDegradation			:	false","300","1",,"3","4003","36","-9223372036854710272","1922","Microsoft-Windows-Diagnostics-Performance","cfc18ec0-96b1-4eba-961b-622caee05b0a","Microsoft-Windows-Diagnostics-Performance/Operational","1328","3784","rjaf-PC4429","S-1-5-19","1/24/2015 10:22:13 PM","85f02a9c-989b-0001-299a-54a0e237d001",,"c:\users\mac_1\desktop\winevt\logs\microsoft-windows-diagnostics-performance%4operational.evtx","System.UInt32[]","System.Diagnostics.Eventing.Reader.EventBookmark","Warning","Standby Information","Standby Performance Monitoring","System.Collections.ObjectModel.ReadOnlyCollection`1[System.String]","System.Collections.Generic.List`1[System.Diagnostics.Eventing.Reader.EventProperty]"
"Windows has resumed from standby: 
     Standby Duration		:	4914ms
     Standby Incident Time (UTC)	:	?2015?-?01?-?24T17:18:23.611756700Z
     Resume  Duration		:	1270ms
     Resume  Incident Time (UTC)	:	?2015?-?01?-?25T01:00:09.615386000Z
     IsDegradation			:	false","300","1",,"3","4003","36","-9223372036854710272","1921","Microsoft-Windows-Diagnostics-Performance","cfc18ec0-96b1-4eba-961b-622caee05b0a","Microsoft-Windows-Diagnostics-Performance/Operational","1328","2296","rjaf-PC4429","S-1-5-19","1/24/2015 5:00:19 PM","85f03364-989b-0002-2a9a-54a0e237d001",,"c:\users\mac_1\desktop\winevt\logs\microsoft-windows-diagnostics-performance%4operational.evtx","System.UInt32[]","System.Diagnostics.Eventing.Reader.EventBookmark","Warning","Standby Information","Standby Performance Monitoring","System.Collections.ObjectModel.ReadOnlyCollection`1[System.String]","System.Collections.Generic.List`1[System.Diagnostics.Eventing.Reader.EventProperty]"
"Windows has resumed from standby: 
     Standby Duration		:	9483ms
     Standby Incident Time (UTC)	:	?2015?-?01?-?24T15:34:38.785884400Z
     Resume  Duration		:	1205ms
     Resume  Incident Time (UTC)	:	?2015?-?01?-?24T15:35:24.384006600Z
     IsDegradation			:	false","300","1",,"3","4003","36","-9223372036854710272","1920","Microsoft-Windows-Diagnostics-Performance","cfc18ec0-96b1-4eba-961b-622caee05b0a","Microsoft-Windows-Diagnostics-Performance/Operational","1328","2200","rjaf-PC4429","S-1-5-19","1/24/2015 7:35:31 AM","85f02a9c-989b-0001-269a-54a0e237d001",,"c:\users\mac_1\desktop\winevt\logs\microsoft-windows-diagnostics-performance%4operational.evtx","System.UInt32[]","System.Diagnostics.Eventing.Reader.EventBookmark","Warning","Standby Information","Standby Performance Monitoring","System.Collections.ObjectModel.ReadOnlyCollection`1[System.String]","System.Collections.Generic.List`1[System.Diagnostics.Eventing.Reader.EventProperty]"
"Windows has started up: 
     Boot Duration		:	34397ms
     IsDegradation		:	false
     Incident Time (UTC)	:	?2015?-?01?-?24T14:32:48.578000100Z","100","2",,"3","4002","34","-9223372036854710272","1919","Microsoft-Windows-Diagnostics-Performance","cfc18ec0-96b1-4eba-961b-622caee05b0a","Microsoft-Windows-Diagnostics-Performance/Operational","1328","4040","rjaf-PC4429","S-1-5-19","1/24/2015 6:34:44 AM","85f02a9c-989b-0001-259a-54a0e237d001",,"c:\users\mac_1\desktop\winevt\logs\microsoft-windows-diagnostics-performance%4operational.evtx","System.UInt32[]","System.Diagnostics.Eventing.Reader.EventBookmark","Warning","Boot Information","Boot Performance Monitoring","System.Collections.ObjectModel.ReadOnlyCollection`1[System.String]","System.Collections.Generic.List`1[System.Diagnostics.Eventing.Reader.EventProperty]"
"Windows has resumed from standby: 
     Standby Duration		:	12802ms
     Standby Incident Time (UTC)	:	?2015?-?01?-?24T09:57:50.026618400Z
     Resume  Duration		:	1249ms
     Resume  Incident Time (UTC)	:	?2015?-?01?-?24T10:45:00.843844500Z
     IsDegradation			:	false","300","1",,"3","4003","36","-9223372036854710272","1918","Microsoft-Windows-Diagnostics-Performance","cfc18ec0-96b1-4eba-961b-622caee05b0a","Microsoft-Windows-Diagnostics-Performance/Operational","1320","3356","rjaf-PC4429","S-1-5-19","1/24/2015 2:45:09 AM","85f03364-889b-0002-ac80-be8aa037d001",,"c:\users\mac_1\desktop\winevt\logs\microsoft-windows-diagnostics-performance%4operational.evtx","System.UInt32[]","System.Diagnostics.Eventing.Reader.EventBookmark","Warning","Standby Information","Standby Performance Monitoring","System.Collections.ObjectModel.ReadOnlyCollection`1[System.String]","System.Collections.Generic.List`1[System.Diagnostics.Eventing.Reader.EventProperty]"
"Windows has resumed from standby: 
     Standby Duration		:	7624ms
     Standby Incident Time (UTC)	:	?2015?-?01?-?24T07:53:20.343258300Z
     Resume  Duration		:	1201ms
     Resume  Incident Time (UTC)	:	?2015?-?01?-?24T08:20:14.236697600Z
     IsDegradation			:	false","300","1",,"3","4003","36","-9223372036854710272","1917","Microsoft-Windows-Diagnostics-Performance","cfc18ec0-96b1-4eba-961b-622caee05b0a","Microsoft-Windows-Diagnostics-Performance/Operational","1320","3428","rjaf-PC4429","S-1-5-19","1/24/2015 12:20:21 AM","85f03c9c-889b-0003-a480-be8aa037d001",,"c:\users\mac_1\desktop\winevt\logs\microsoft-windows-diagnostics-performance%4operational.evtx","System.UInt32[]","System.Diagnostics.Eventing.Reader.EventBookmark","Warning","Standby Information","Standby Performance Monitoring","System.Collections.ObjectModel.ReadOnlyCollection`1[System.String]","System.Collections.Generic.List`1[System.Diagnostics.Eventing.Reader.EventProperty]"
"This startup service took longer than expected to startup, resulting in a performance degradation in the system start up process: 
     File Name		:	profsvc
     Friendly Name		:	ProfSvc
     Version		:	6.1.7600.16385 (win7_rtm.090713-1255)
     Total Time		:	16ms
     Degradation Time	:	147ms
     Incident Time (UTC)	:	?2015?-?01?-?24T06:39:45.578000100Z","103","1",,"3","4002","33","-9223372036854710272","1916","Microsoft-Windows-Diagnostics-Performance","cfc18ec0-96b1-4eba-961b-622caee05b0a","Microsoft-Windows-Diagnostics-Performance/Operational","1320","1516","rjaf-PC4429","S-1-5-19","1/23/2015 10:41:49 PM","85f02a9c-889b-0001-a380-be8aa037d001",,"c:\users\mac_1\desktop\winevt\logs\microsoft-windows-diagnostics-performance%4operational.evtx","System.UInt32[]","System.Diagnostics.Eventing.Reader.EventBookmark","Warning","Boot Degradation","Boot Performance Monitoring","System.Collections.ObjectModel.ReadOnlyCollection`1[System.String]","System.Collections.Generic.List`1[System.Diagnostics.Eventing.Reader.EventProperty]"
"This startup service took longer than expected to startup, resulting in a performance degradation in the system start up process: 
     File Name		:	gpsvc
     Friendly Name		:	Group Policy Client
     Version		:	6.1.7600.16385 (win7_rtm.090713-1255)
     Total Time		:	13ms
     Degradation Time	:	149ms
     Incident Time (UTC)	:	?2015?-?01?-?24T06:39:45.578000100Z","103","1",,"3","4002","33","-9223372036854710272","1915","Microsoft-Windows-Diagnostics-Performance","cfc18ec0-96b1-4eba-961b-622caee05b0a","Microsoft-Windows-Diagnostics-Performance/Operational","1320","1516","rjaf-PC4429","S-1-5-19","1/23/2015 10:41:49 PM","85f02a9c-889b-0001-a380-be8aa037d001",,"c:\users\mac_1\desktop\winevt\logs\microsoft-windows-diagnostics-performance%4operational.evtx","System.UInt32[]","System.Diagnostics.Eventing.Reader.EventBookmark","Warning","Boot Degradation","Boot Performance Monitoring","System.Collections.ObjectModel.ReadOnlyCollection`1[System.String]","System.Collections.Generic.List`1[System.Diagnostics.Eventing.Reader.EventProperty]"
"Windows has started up: 
     Boot Duration		:	41812ms
     IsDegradation		:	false
     Incident Time (UTC)	:	?2015?-?01?-?24T06:39:45.578000100Z","100","2",,"3","4002","34","-9223372036854710272","1914","Microsoft-Windows-Diagnostics-Performance","cfc18ec0-96b1-4eba-961b-622caee05b0a","Microsoft-Windows-Diagnostics-Performance/Operational","1320","1516","rjaf-PC4429","S-1-5-19","1/23/2015 10:41:49 PM","85f02a9c-889b-0001-a380-be8aa037d001",,"c:\users\mac_1\desktop\winevt\logs\microsoft-windows-diagnostics-performance%4operational.evtx","System.UInt32[]","System.Diagnostics.Eventing.Reader.EventBookmark","Warning","Boot Information","Boot Performance Monitoring","System.Collections.ObjectModel.ReadOnlyCollection`1[System.String]","System.Collections.Generic.List`1[System.Diagnostics.Eventing.Reader.EventProperty]"
"Windows has resumed from standby: 
     Standby Duration		:	5043ms
     Standby Incident Time (UTC)	:	?2015?-?01?-?23T17:05:36.292611800Z
     Resume  Duration		:	1212ms
     Resume  Incident Time (UTC)	:	?2015?-?01?-?23T18:20:01.930719000Z
     IsDegradation			:	false","300","1",,"3","4003","36","-9223372036854710272","1913","Microsoft-Windows-Diagnostics-Performance","cfc18ec0-96b1-4eba-961b-622caee05b0a","Microsoft-Windows-Diagnostics-Performance/Operational","1396","2044","rjaf-PC4429","S-1-5-19","1/23/2015 10:20:45 AM","85f03364-689b-0002-5f58-8c84f932d001",,"c:\users\mac_1\desktop\winevt\logs\microsoft-windows-diagnostics-performance%4operational.evtx","System.UInt32[]","System.Diagnostics.Eventing.Reader.EventBookmark","Warning","Standby Information","Standby Performance Monitoring","System.Collections.ObjectModel.ReadOnlyCollection`1[System.String]","System.Collections.Generic.List`1[System.Diagnostics.Eventing.Reader.EventProperty]"
"Windows has resumed from standby: 
     Standby Duration		:	4481ms
     Standby Incident Time (UTC)	:	?2015?-?01?-?23T09:46:38.113015800Z
     Resume  Duration		:	16093ms
     Resume  Incident Time (UTC)	:	?2015?-?01?-?23T15:30:07.779199000Z
     IsDegradation			:	false","300","1",,"2","4003","36","-9223372036854710272","1912","Microsoft-Windows-Diagnostics-Performance","cfc18ec0-96b1-4eba-961b-622caee05b0a","Microsoft-Windows-Diagnostics-Performance/Operational","1396","3652","rjaf-PC4429","S-1-5-19","1/23/2015 7:31:29 AM","85f03c9c-689b-0003-5158-8c84f932d001",,"c:\users\mac_1\desktop\winevt\logs\microsoft-windows-diagnostics-performance%4operational.evtx","System.UInt32[]","System.Diagnostics.Eventing.Reader.EventBookmark","Error","Standby Information","Standby Performance Monitoring","System.Collections.ObjectModel.ReadOnlyCollection`1[System.String]","System.Collections.Generic.List`1[System.Diagnostics.Eventing.Reader.EventProperty]"
"Windows has resumed from standby: 
     Standby Duration		:	6218ms
     Standby Incident Time (UTC)	:	?2015?-?01?-?23T07:57:38.275887400Z
     Resume  Duration		:	1215ms
     Resume  Incident Time (UTC)	:	?2015?-?01?-?23T08:12:42.229626100Z
     IsDegradation			:	false","300","1",,"3","4003","36","-9223372036854710272","1911","Microsoft-Windows-Diagnostics-Performance","cfc18ec0-96b1-4eba-961b-622caee05b0a","Microsoft-Windows-Diagnostics-Performance/Operational","1396","608","rjaf-PC4429","S-1-5-19","1/23/2015 12:13:23 AM","85f03c9c-689b-0003-4f58-8c84f932d001",,"c:\users\mac_1\desktop\winevt\logs\microsoft-windows-diagnostics-performance%4operational.evtx","System.UInt32[]","System.Diagnostics.Eventing.Reader.EventBookmark","Warning","Standby Information","Standby Performance Monitoring","System.Collections.ObjectModel.ReadOnlyCollection`1[System.String]","System.Collections.Generic.List`1[System.Diagnostics.Eventing.Reader.EventProperty]"
"Windows has resumed from standby: 
     Standby Duration		:	5292ms
     Standby Incident Time (UTC)	:	?2015?-?01?-?23T01:02:10.051524500Z
     Resume  Duration		:	1205ms
     Resume  Incident Time (UTC)	:	?2015?-?01?-?23T06:40:05.384701100Z
     IsDegradation			:	false","300","1",,"3","4003","36","-9223372036854710272","1910","Microsoft-Windows-Diagnostics-Performance","cfc18ec0-96b1-4eba-961b-622caee05b0a","Microsoft-Windows-Diagnostics-Performance/Operational","1396","2396","rjaf-PC4429","S-1-5-19","1/22/2015 10:40:45 PM","85f02a9c-689b-0001-4458-8c84f932d001",,"c:\users\mac_1\desktop\winevt\logs\microsoft-windows-diagnostics-performance%4operational.evtx","System.UInt32[]","System.Diagnostics.Eventing.Reader.EventBookmark","Warning","Standby Information","Standby Performance Monitoring","System.Collections.ObjectModel.ReadOnlyCollection`1[System.String]","System.Collections.Generic.List`1[System.Diagnostics.Eventing.Reader.EventProperty]"
"Windows has resumed from standby: 
     Standby Duration		:	4279ms
     Standby Incident Time (UTC)	:	?2015?-?01?-?22T11:46:59.039612100Z
     Resume  Duration		:	1175ms
     Resume  Incident Time (UTC)	:	?2015?-?01?-?23T00:59:41.090670900Z
     IsDegradation			:	false","300","1",,"3","4003","36","-9223372036854710272","1909","Microsoft-Windows-Diagnostics-Performance","cfc18ec0-96b1-4eba-961b-622caee05b0a","Microsoft-Windows-Diagnostics-Performance/Operational","1396","3276","rjaf-PC4429","S-1-5-19","1/22/2015 5:00:19 PM","85f03c9c-689b-0003-4c58-8c84f932d001",,"c:\users\mac_1\desktop\winevt\logs\microsoft-windows-diagnostics-performance%4operational.evtx","System.UInt32[]","System.Diagnostics.Eventing.Reader.EventBookmark","Warning","Standby Information","Standby Performance Monitoring","System.Collections.ObjectModel.ReadOnlyCollection`1[System.String]","System.Collections.Generic.List`1[System.Diagnostics.Eventing.Reader.EventProperty]"
"This driver caused a delay during standby while servicing a device:
     Driver File Name		:	\Driver\usbhub
     Driver Friendly Name		:	Default Hub Driver for USB
     Driver Version			:	6.1.7600.16385 (win7_rtm.090713-1255)
     Driver Total Time		:	131ms
     Driver Degradation Time	:	30ms
     Incident Time (UTC)		:	?2015?-?01?-?22T08:21:29.736730800Z
     Device Name			:	USB\VID_8087&PID_0024\5&63440b9&0&1
     Device Friendly Name		:	Generic USB Hub
     Device Total Time		:	131ms
     Device Degradation Time	:	30ms","302","1",,"3","4003","35","-9223372036854710272","1908","Microsoft-Windows-Diagnostics-Performance","cfc18ec0-96b1-4eba-961b-622caee05b0a","Microsoft-Windows-Diagnostics-Performance/Operational","1396","2700","rjaf-PC4429","S-1-5-19","1/22/2015 2:27:54 AM","85f03364-689b-0002-5558-8c84f932d001",,"c:\users\mac_1\desktop\winevt\logs\microsoft-windows-diagnostics-performance%4operational.evtx","System.UInt32[]","System.Diagnostics.Eventing.Reader.EventBookmark","Warning","Standby Degradation","Standby Performance Monitoring","System.Collections.ObjectModel.ReadOnlyCollection`1[System.String]","System.Collections.Generic.List`1[System.Diagnostics.Eventing.Reader.EventProperty]"
"Windows has resumed from standby: 
     Standby Duration		:	8134ms
     Standby Incident Time (UTC)	:	?2015?-?01?-?22T08:21:29.736730800Z
     Resume  Duration		:	1219ms
     Resume  Incident Time (UTC)	:	?2015?-?01?-?22T10:27:19.137804300Z
     IsDegradation			:	false","300","1",,"3","4003","36","-9223372036854710272","1907","Microsoft-Windows-Diagnostics-Performance","cfc18ec0-96b1-4eba-961b-622caee05b0a","Microsoft-Windows-Diagnostics-Performance/Operational","1396","2700","rjaf-PC4429","S-1-5-19","1/22/2015 2:27:54 AM","85f03364-689b-0002-5558-8c84f932d001",,"c:\users\mac_1\desktop\winevt\logs\microsoft-windows-diagnostics-performance%4operational.evtx","System.UInt32[]","System.Diagnostics.Eventing.Reader.EventBookmark","Warning","Standby Information","Standby Performance Monitoring","System.Collections.ObjectModel.ReadOnlyCollection`1[System.String]","System.Collections.Generic.List`1[System.Diagnostics.Eventing.Reader.EventProperty]"
"The Desktop Window Manager is experiencing heavy resource contention.
     Reason	:	CPU resources are over-utilized.
     Diagnosis	:	A sharp degradation in Desktop Window Manager responsiveness was observed.","501","1",,"3","4006","42","-9223372036854710272","1906","Microsoft-Windows-Diagnostics-Performance","cfc18ec0-96b1-4eba-961b-622caee05b0a","Microsoft-Windows-Diagnostics-Performance/Operational","1396","3724","rjaf-PC4429","S-1-5-19","1/21/2015 11:32:56 PM","85f03364-689b-0002-5358-8c84f932d001",,"c:\users\mac_1\desktop\winevt\logs\microsoft-windows-diagnostics-performance%4operational.evtx","System.UInt32[]","System.Diagnostics.Eventing.Reader.EventBookmark","Warning","Video Memory Responsiveness","Desktop Window Manager Monitoring","System.Collections.ObjectModel.ReadOnlyCollection`1[System.String]","System.Collections.Generic.List`1[System.Diagnostics.Eventing.Reader.EventProperty]"
"The Desktop Window Manager is experiencing heavy resource contention. 
     Scenario	:	The Desktop Window Manager responsiveness has degraded.","500","1",,"3","4006","39","-9223372036854710272","1905","Microsoft-Windows-Diagnostics-Performance","cfc18ec0-96b1-4eba-961b-622caee05b0a","Microsoft-Windows-Diagnostics-Performance/Operational","1396","3724","rjaf-PC4429","S-1-5-19","1/21/2015 11:32:56 PM","85f03364-689b-0002-5358-8c84f932d001",,"c:\users\mac_1\desktop\winevt\logs\microsoft-windows-diagnostics-performance%4operational.evtx","System.UInt32[]","System.Diagnostics.Eventing.Reader.EventBookmark","Warning","Video Memory Degradation","Desktop Window Manager Monitoring","System.Collections.ObjectModel.ReadOnlyCollection`1[System.String]","System.Collections.Generic.List`1[System.Diagnostics.Eventing.Reader.EventProperty]"
"This driver responded slower than expected to the resume request while servicing this device: 
     Driver File Name		:	\Driver\igfx
     Driver Friendly Name		:	Intel Graphics Kernel Mode Driver
     Driver Version			:	9.17.10.2932
     Driver Total Time		:	3542ms
     Driver Degradation Time	:	1024ms
     Incident Time (UTC)		:	?2015?-?01?-?22T07:31:21.806823800Z
     Device Name			:	PCI\VEN_8086&DEV_0152&SUBSYS_204E8086&REV_09\3&11583659&0&10
     Device Friendly Name		:	Intel(R) HD Graphics
     Device Total Time		:	3552ms
     Device Degradation Time	:	1024ms","351","1",,"2","4003","35","-9223372036854710272","1904","Microsoft-Windows-Diagnostics-Performance","cfc18ec0-96b1-4eba-961b-622caee05b0a","Microsoft-Windows-Diagnostics-Performance/Operational","1396","3428","rjaf-PC4429","S-1-5-19","1/21/2015 11:32:47 PM","00000000-eb28-0000-3f58-8c84f932d001",,"c:\users\mac_1\desktop\winevt\logs\microsoft-windows-diagnostics-performance%4operational.evtx","System.UInt32[]","System.Diagnostics.Eventing.Reader.EventBookmark","Error","Standby Degradation","Standby Performance Monitoring","System.Collections.ObjectModel.ReadOnlyCollection`1[System.String]","System.Collections.Generic.List`1[System.Diagnostics.Eventing.Reader.EventProperty]"
"Windows has resumed from standby: 
     Standby Duration		:	6396ms
     Standby Incident Time (UTC)	:	?2015?-?01?-?21T20:45:48.019555300Z
     Resume  Duration		:	8869ms
     Resume  Incident Time (UTC)	:	?2015?-?01?-?22T07:31:21.806823800Z
     IsDegradation			:	false","300","1",,"3","4003","36","-9223372036854710272","1903","Microsoft-Windows-Diagnostics-Performance","cfc18ec0-96b1-4eba-961b-622caee05b0a","Microsoft-Windows-Diagnostics-Performance/Operational","1396","3428","rjaf-PC4429","S-1-5-19","1/21/2015 11:32:47 PM","00000000-eb28-0000-3f58-8c84f932d001",,"c:\users\mac_1\desktop\winevt\logs\microsoft-windows-diagnostics-performance%4operational.evtx","System.UInt32[]","System.Diagnostics.Eventing.Reader.EventBookmark","Warning","Standby Information","Standby Performance Monitoring","System.Collections.ObjectModel.ReadOnlyCollection`1[System.String]","System.Collections.Generic.List`1[System.Diagnostics.Eventing.Reader.EventProperty]"
"Windows has resumed from standby: 
     Standby Duration		:	6810ms
     Standby Incident Time (UTC)	:	?2015?-?01?-?21T14:34:49.418799300Z
     Resume  Duration		:	1199ms
     Resume  Incident Time (UTC)	:	?2015?-?01?-?21T18:48:12.171012900Z
     IsDegradation			:	false","300","1",,"3","4003","36","-9223372036854710272","1902","Microsoft-Windows-Diagnostics-Performance","cfc18ec0-96b1-4eba-961b-622caee05b0a","Microsoft-Windows-Diagnostics-Performance/Operational","1396","2140","rjaf-PC4429","S-1-5-19","1/21/2015 10:48:43 AM","00000000-eb28-0000-3b58-8c84f932d001",,"c:\users\mac_1\desktop\winevt\logs\microsoft-windows-diagnostics-performance%4operational.evtx","System.UInt32[]","System.Diagnostics.Eventing.Reader.EventBookmark","Warning","Standby Information","Standby Performance Monitoring","System.Collections.ObjectModel.ReadOnlyCollection`1[System.String]","System.Collections.Generic.List`1[System.Diagnostics.Eventing.Reader.EventProperty]"
"Windows has resumed from standby: 
     Standby Duration		:	8611ms
     Standby Incident Time (UTC)	:	?2015?-?01?-?21T11:51:19.780429000Z
     Resume  Duration		:	1198ms
     Resume  Incident Time (UTC)	:	?2015?-?01?-?21T12:37:10.562119600Z
     IsDegradation			:	false","300","1",,"3","4003","36","-9223372036854710272","1901","Microsoft-Windows-Diagnostics-Performance","cfc18ec0-96b1-4eba-961b-622caee05b0a","Microsoft-Windows-Diagnostics-Performance/Operational","1396","3456","rjaf-PC4429","S-1-5-19","1/21/2015 4:37:39 AM","85f03364-689b-0002-4a58-8c84f932d001",,"c:\users\mac_1\desktop\winevt\logs\microsoft-windows-diagnostics-performance%4operational.evtx","System.UInt32[]","System.Diagnostics.Eventing.Reader.EventBookmark","Warning","Standby Information","Standby Performance Monitoring","System.Collections.ObjectModel.ReadOnlyCollection`1[System.String]","System.Collections.Generic.List`1[System.Diagnostics.Eventing.Reader.EventProperty]"
"Windows has resumed from standby: 
     Standby Duration		:	8356ms
     Standby Incident Time (UTC)	:	?2015?-?01?-?21T09:13:20.236331700Z
     Resume  Duration		:	1204ms
     Resume  Incident Time (UTC)	:	?2015?-?01?-?21T10:31:36.878247200Z
     IsDegradation			:	false","300","1",,"3","4003","36","-9223372036854710272","1900","Microsoft-Windows-Diagnostics-Performance","cfc18ec0-96b1-4eba-961b-622caee05b0a","Microsoft-Windows-Diagnostics-Performance/Operational","1396","2352","rjaf-PC4429","S-1-5-19","1/21/2015 2:32:05 AM","85f03c9c-689b-0003-4258-8c84f932d001",,"c:\users\mac_1\desktop\winevt\logs\microsoft-windows-diagnostics-performance%4operational.evtx","System.UInt32[]","System.Diagnostics.Eventing.Reader.EventBookmark","Warning","Standby Information","Standby Performance Monitoring","System.Collections.ObjectModel.ReadOnlyCollection`1[System.String]","System.Collections.Generic.List`1[System.Diagnostics.Eventing.Reader.EventProperty]"
"Windows has resumed from standby: 
     Standby Duration		:	11137ms
     Standby Incident Time (UTC)	:	?2015?-?01?-?21T01:02:37.485749200Z
     Resume  Duration		:	1249ms
     Resume  Incident Time (UTC)	:	?2015?-?01?-?21T08:23:26.324762300Z
     IsDegradation			:	true","300","1",,"3","4003","36","-9223372036854710272","1899","Microsoft-Windows-Diagnostics-Performance","cfc18ec0-96b1-4eba-961b-622caee05b0a","Microsoft-Windows-Diagnostics-Performance/Operational","1396","1044","rjaf-PC4429","S-1-5-19","1/21/2015 12:23:55 AM","85f03c9c-689b-0003-3c58-8c84f932d001",,"c:\users\mac_1\desktop\winevt\logs\microsoft-windows-diagnostics-performance%4operational.evtx","System.UInt32[]","System.Diagnostics.Eventing.Reader.EventBookmark","Warning","Standby Information","Standby Performance Monitoring","System.Collections.ObjectModel.ReadOnlyCollection`1[System.String]","System.Collections.Generic.List`1[System.Diagnostics.Eventing.Reader.EventProperty]"
"Windows has resumed from standby: 
     Standby Duration		:	11504ms
     Standby Incident Time (UTC)	:	?2015?-?01?-?20T20:21:08.892229300Z
     Resume  Duration		:	1182ms
     Resume  Incident Time (UTC)	:	?2015?-?01?-?21T00:59:53.529609200Z
     IsDegradation			:	false","300","1",,"3","4003","36","-9223372036854710272","1898","Microsoft-Windows-Diagnostics-Performance","cfc18ec0-96b1-4eba-961b-622caee05b0a","Microsoft-Windows-Diagnostics-Performance/Operational","1396","2980","rjaf-PC4429","S-1-5-19","1/20/2015 5:00:20 PM","00000000-eb28-0000-3458-8c84f932d001",,"c:\users\mac_1\desktop\winevt\logs\microsoft-windows-diagnostics-performance%4operational.evtx","System.UInt32[]","System.Diagnostics.Eventing.Reader.EventBookmark","Warning","Standby Information","Standby Performance Monitoring","System.Collections.ObjectModel.ReadOnlyCollection`1[System.String]","System.Collections.Generic.List`1[System.Diagnostics.Eventing.Reader.EventProperty]"
"Windows has resumed from standby: 
     Standby Duration		:	13824ms
     Standby Incident Time (UTC)	:	?2015?-?01?-?20T19:07:54.128846700Z
     Resume  Duration		:	1167ms
     Resume  Incident Time (UTC)	:	?2015?-?01?-?20T19:44:32.963301600Z
     IsDegradation			:	false","300","1",,"3","4003","36","-9223372036854710272","1897","Microsoft-Windows-Diagnostics-Performance","cfc18ec0-96b1-4eba-961b-622caee05b0a","Microsoft-Windows-Diagnostics-Performance/Operational","1396","1048","rjaf-PC4429","S-1-5-19","1/20/2015 11:44:59 AM","85f03364-689b-0002-4258-8c84f932d001",,"c:\users\mac_1\desktop\winevt\logs\microsoft-windows-diagnostics-performance%4operational.evtx","System.UInt32[]","System.Diagnostics.Eventing.Reader.EventBookmark","Warning","Standby Information","Standby Performance Monitoring","System.Collections.ObjectModel.ReadOnlyCollection`1[System.String]","System.Collections.Generic.List`1[System.Diagnostics.Eventing.Reader.EventProperty]"
"Windows has resumed from standby: 
     Standby Duration		:	6946ms
     Standby Incident Time (UTC)	:	?2015?-?01?-?20T09:10:26.830391400Z
     Resume  Duration		:	1196ms
     Resume  Incident Time (UTC)	:	?2015?-?01?-?20T17:58:16.218008600Z
     IsDegradation			:	false","300","1",,"3","4003","36","-9223372036854710272","1896","Microsoft-Windows-Diagnostics-Performance","cfc18ec0-96b1-4eba-961b-622caee05b0a","Microsoft-Windows-Diagnostics-Performance/Operational","1396","1336","rjaf-PC4429","S-1-5-19","1/20/2015 9:58:41 AM","85f03c9c-689b-0003-3b58-8c84f932d001",,"c:\users\mac_1\desktop\winevt\logs\microsoft-windows-diagnostics-performance%4operational.evtx","System.UInt32[]","System.Diagnostics.Eventing.Reader.EventBookmark","Warning","Standby Information","Standby Performance Monitoring","System.Collections.ObjectModel.ReadOnlyCollection`1[System.String]","System.Collections.Generic.List`1[System.Diagnostics.Eventing.Reader.EventProperty]"
"Windows has resumed from standby: 
     Standby Duration		:	7774ms
     Standby Incident Time (UTC)	:	?2015?-?01?-?20T07:31:12.226394000Z
     Resume  Duration		:	1165ms
     Resume  Incident Time (UTC)	:	?2015?-?01?-?20T08:38:18.896762500Z
     IsDegradation			:	false","300","1",,"3","4003","36","-9223372036854710272","1895","Microsoft-Windows-Diagnostics-Performance","cfc18ec0-96b1-4eba-961b-622caee05b0a","Microsoft-Windows-Diagnostics-Performance/Operational","1396","2320","rjaf-PC4429","S-1-5-19","1/20/2015 12:38:41 AM","00000000-eb28-0000-3358-8c84f932d001",,"c:\users\mac_1\desktop\winevt\logs\microsoft-windows-diagnostics-performance%4operational.evtx","System.UInt32[]","System.Diagnostics.Eventing.Reader.EventBookmark","Warning","Standby Information","Standby Performance Monitoring","System.Collections.ObjectModel.ReadOnlyCollection`1[System.String]","System.Collections.Generic.List`1[System.Diagnostics.Eventing.Reader.EventProperty]"
"This driver caused a delay during standby while servicing a device:
     Driver File Name		:	\Driver\Disk
     Driver Friendly Name		:	PnP Disk Driver
     Driver Version			:	6.1.7600.16385 (win7_rtm.090713-1255)
     Driver Total Time		:	16ms
     Driver Degradation Time	:	15ms
     Incident Time (UTC)		:	?2015?-?01?-?20T01:02:28.907577800Z
     Device Name			:	SCSI\Disk&Ven_WDC&Prod_WD5000AAKX-22ERM\4&68979c&0&000000
     Device Friendly Name		:	Disk drive
     Device Total Time		:	16ms
     Device Degradation Time	:	0ms","302","1",,"3","4003","35","-9223372036854710272","1894","Microsoft-Windows-Diagnostics-Performance","cfc18ec0-96b1-4eba-961b-622caee05b0a","Microsoft-Windows-Diagnostics-Performance/Operational","1396","4052","rjaf-PC4429","S-1-5-19","1/19/2015 10:29:20 PM","85f03364-689b-0002-3f58-8c84f932d001",,"c:\users\mac_1\desktop\winevt\logs\microsoft-windows-diagnostics-performance%4operational.evtx","System.UInt32[]","System.Diagnostics.Eventing.Reader.EventBookmark","Warning","Standby Degradation","Standby Performance Monitoring","System.Collections.ObjectModel.ReadOnlyCollection`1[System.String]","System.Collections.Generic.List`1[System.Diagnostics.Eventing.Reader.EventProperty]"
"Windows has resumed from standby: 
     Standby Duration		:	7242ms
     Standby Incident Time (UTC)	:	?2015?-?01?-?20T01:02:28.907577800Z
     Resume  Duration		:	1180ms
     Resume  Incident Time (UTC)	:	?2015?-?01?-?20T06:28:58.308435400Z
     IsDegradation			:	false","300","1",,"3","4003","36","-9223372036854710272","1893","Microsoft-Windows-Diagnostics-Performance","cfc18ec0-96b1-4eba-961b-622caee05b0a","Microsoft-Windows-Diagnostics-Performance/Operational","1396","4052","rjaf-PC4429","S-1-5-19","1/19/2015 10:29:20 PM","85f03364-689b-0002-3f58-8c84f932d001",,"c:\users\mac_1\desktop\winevt\logs\microsoft-windows-diagnostics-performance%4operational.evtx","System.UInt32[]","System.Diagnostics.Eventing.Reader.EventBookmark","Warning","Standby Information","Standby Performance Monitoring","System.Collections.ObjectModel.ReadOnlyCollection`1[System.String]","System.Collections.Generic.List`1[System.Diagnostics.Eventing.Reader.EventProperty]"
"Windows has resumed from standby: 
     Standby Duration		:	7100ms
     Standby Incident Time (UTC)	:	?2015?-?01?-?19T18:49:45.798783200Z
     Resume  Duration		:	1198ms
     Resume  Incident Time (UTC)	:	?2015?-?01?-?20T00:59:59.944497200Z
     IsDegradation			:	false","300","1",,"3","4003","36","-9223372036854710272","1892","Microsoft-Windows-Diagnostics-Performance","cfc18ec0-96b1-4eba-961b-622caee05b0a","Microsoft-Windows-Diagnostics-Performance/Operational","1396","3152","rjaf-PC4429","S-1-5-19","1/19/2015 5:00:19 PM","85f03c9c-689b-0003-3658-8c84f932d001",,"c:\users\mac_1\desktop\winevt\logs\microsoft-windows-diagnostics-performance%4operational.evtx","System.UInt32[]","System.Diagnostics.Eventing.Reader.EventBookmark","Warning","Standby Information","Standby Performance Monitoring","System.Collections.ObjectModel.ReadOnlyCollection`1[System.String]","System.Collections.Generic.List`1[System.Diagnostics.Eventing.Reader.EventProperty]"
"Windows has resumed from standby: 
     Standby Duration		:	7084ms
     Standby Incident Time (UTC)	:	?2015?-?01?-?19T15:21:46.525124200Z
     Resume  Duration		:	1201ms
     Resume  Incident Time (UTC)	:	?2015?-?01?-?19T17:34:27.884240100Z
     IsDegradation			:	false","300","1",,"3","4003","36","-9223372036854710272","1891","Microsoft-Windows-Diagnostics-Performance","cfc18ec0-96b1-4eba-961b-622caee05b0a","Microsoft-Windows-Diagnostics-Performance/Operational","1396","1592","rjaf-PC4429","S-1-5-19","1/19/2015 9:34:45 AM","85f02a9c-689b-0001-3b58-8c84f932d001",,"c:\users\mac_1\desktop\winevt\logs\microsoft-windows-diagnostics-performance%4operational.evtx","System.UInt32[]","System.Diagnostics.Eventing.Reader.EventBookmark","Warning","Standby Information","Standby Performance Monitoring","System.Collections.ObjectModel.ReadOnlyCollection`1[System.String]","System.Collections.Generic.List`1[System.Diagnostics.Eventing.Reader.EventProperty]"
"This application caused a delay during standby: 
     File Name		:	McUICnt.exe
     Friendly Name		:	McAfee
     Version		:	5,9,2,0
     Total Time		:	8284ms
     Degradation Time	:	7284ms
     Incident Time (UTC)	:	?2015?-?01?-?19T10:08:47.948185800Z","301","1",,"2","4003","35","-9223372036854710272","1890","Microsoft-Windows-Diagnostics-Performance","cfc18ec0-96b1-4eba-961b-622caee05b0a","Microsoft-Windows-Diagnostics-Performance/Operational","1396","3956","rjaf-PC4429","S-1-5-19","1/19/2015 6:43:47 AM","85f02a9c-689b-0001-3858-8c84f932d001",,"c:\users\mac_1\desktop\winevt\logs\microsoft-windows-diagnostics-performance%4operational.evtx","System.UInt32[]","System.Diagnostics.Eventing.Reader.EventBookmark","Error","Standby Degradation","Standby Performance Monitoring","System.Collections.ObjectModel.ReadOnlyCollection`1[System.String]","System.Collections.Generic.List`1[System.Diagnostics.Eventing.Reader.EventProperty]"
"Windows has resumed from standby: 
     Standby Duration		:	14720ms
     Standby Incident Time (UTC)	:	?2015?-?01?-?19T10:08:47.948185800Z
     Resume  Duration		:	1187ms
     Resume  Incident Time (UTC)	:	?2015?-?01?-?19T14:43:29.593755300Z
     IsDegradation			:	false","300","1",,"3","4003","36","-9223372036854710272","1889","Microsoft-Windows-Diagnostics-Performance","cfc18ec0-96b1-4eba-961b-622caee05b0a","Microsoft-Windows-Diagnostics-Performance/Operational","1396","3956","rjaf-PC4429","S-1-5-19","1/19/2015 6:43:47 AM","85f02a9c-689b-0001-3858-8c84f932d001",,"c:\users\mac_1\desktop\winevt\logs\microsoft-windows-diagnostics-performance%4operational.evtx","System.UInt32[]","System.Diagnostics.Eventing.Reader.EventBookmark","Warning","Standby Information","Standby Performance Monitoring","System.Collections.ObjectModel.ReadOnlyCollection`1[System.String]","System.Collections.Generic.List`1[System.Diagnostics.Eventing.Reader.EventProperty]"
"Windows has resumed from standby: 
     Standby Duration		:	7199ms
     Standby Incident Time (UTC)	:	?2015?-?01?-?19T09:20:03.080614900Z
     Resume  Duration		:	1193ms
     Resume  Incident Time (UTC)	:	?2015?-?01?-?19T09:38:16.005785900Z
     IsDegradation			:	false","300","1",,"3","4003","36","-9223372036854710272","1888","Microsoft-Windows-Diagnostics-Performance","cfc18ec0-96b1-4eba-961b-622caee05b0a","Microsoft-Windows-Diagnostics-Performance/Operational","1396","3628","rjaf-PC4429","S-1-5-19","1/19/2015 1:38:32 AM","85f03364-689b-0002-3858-8c84f932d001",,"c:\users\mac_1\desktop\winevt\logs\microsoft-windows-diagnostics-performance%4operational.evtx","System.UInt32[]","System.Diagnostics.Eventing.Reader.EventBookmark","Warning","Standby Information","Standby Performance Monitoring","System.Collections.ObjectModel.ReadOnlyCollection`1[System.String]","System.Collections.Generic.List`1[System.Diagnostics.Eventing.Reader.EventProperty]"
"Windows has resumed from standby: 
     Standby Duration		:	10878ms
     Standby Incident Time (UTC)	:	?2015?-?01?-?19T08:07:03.162980700Z
     Resume  Duration		:	1199ms
     Resume  Incident Time (UTC)	:	?2015?-?01?-?19T08:07:23.181361200Z
     IsDegradation			:	false","300","1",,"3","4003","36","-9223372036854710272","1887","Microsoft-Windows-Diagnostics-Performance","cfc18ec0-96b1-4eba-961b-622caee05b0a","Microsoft-Windows-Diagnostics-Performance/Operational","1396","2200","rjaf-PC4429","S-1-5-19","1/19/2015 12:07:40 AM","85f02a9c-689b-0001-3458-8c84f932d001",,"c:\users\mac_1\desktop\winevt\logs\microsoft-windows-diagnostics-performance%4operational.evtx","System.UInt32[]","System.Diagnostics.Eventing.Reader.EventBookmark","Warning","Standby Information","Standby Performance Monitoring","System.Collections.ObjectModel.ReadOnlyCollection`1[System.String]","System.Collections.Generic.List`1[System.Diagnostics.Eventing.Reader.EventProperty]"
"Windows has resumed from standby: 
     Standby Duration		:	8357ms
     Standby Incident Time (UTC)	:	?2015?-?01?-?19T01:03:04.896534000Z
     Resume  Duration		:	1190ms
     Resume  Incident Time (UTC)	:	?2015?-?01?-?19T06:30:35.296118300Z
     IsDegradation			:	false","300","1",,"3","4003","36","-9223372036854710272","1886","Microsoft-Windows-Diagnostics-Performance","cfc18ec0-96b1-4eba-961b-622caee05b0a","Microsoft-Windows-Diagnostics-Performance/Operational","1396","3368","rjaf-PC4429","S-1-5-19","1/18/2015 10:30:53 PM","00000000-eb28-0000-2958-8c84f932d001",,"c:\users\mac_1\desktop\winevt\logs\microsoft-windows-diagnostics-performance%4operational.evtx","System.UInt32[]","System.Diagnostics.Eventing.Reader.EventBookmark","Warning","Standby Information","Standby Performance Monitoring","System.Collections.ObjectModel.ReadOnlyCollection`1[System.String]","System.Collections.Generic.List`1[System.Diagnostics.Eventing.Reader.EventProperty]"
"This driver caused a delay during standby while servicing a device:
     Driver File Name		:	\Driver\usbehci
     Driver Friendly Name		:	EHCI eUSB Miniport Driver
     Driver Version			:	6.1.7600.16788 (win7_gdr.110324-1506)
     Driver Total Time		:	91ms
     Driver Degradation Time	:	23ms
     Incident Time (UTC)		:	?2015?-?01?-?18T20:27:36.278740500Z
     Device Name			:	USB\ROOT_HUB20\4&f96d45&0
     Device Friendly Name		:	USB Root Hub
     Device Total Time		:	91ms
     Device Degradation Time	:	23ms","302","1",,"3","4003","35","-9223372036854710272","1885","Microsoft-Windows-Diagnostics-Performance","cfc18ec0-96b1-4eba-961b-622caee05b0a","Microsoft-Windows-Diagnostics-Performance/Operational","1396","1792","rjaf-PC4429","S-1-5-19","1/18/2015 5:00:19 PM","00000000-eb28-0000-2858-8c84f932d001",,"c:\users\mac_1\desktop\winevt\logs\microsoft-windows-diagnostics-performance%4operational.evtx","System.UInt32[]","System.Diagnostics.Eventing.Reader.EventBookmark","Warning","Standby Degradation","Standby Performance Monitoring","System.Collections.ObjectModel.ReadOnlyCollection`1[System.String]","System.Collections.Generic.List`1[System.Diagnostics.Eventing.Reader.EventProperty]"
"Windows has resumed from standby: 
     Standby Duration		:	6984ms
     Standby Incident Time (UTC)	:	?2015?-?01?-?18T20:27:36.278740500Z
     Resume  Duration		:	1219ms
     Resume  Incident Time (UTC)	:	?2015?-?01?-?19T01:00:05.944353400Z
     IsDegradation			:	false","300","1",,"3","4003","36","-9223372036854710272","1884","Microsoft-Windows-Diagnostics-Performance","cfc18ec0-96b1-4eba-961b-622caee05b0a","Microsoft-Windows-Diagnostics-Performance/Operational","1396","1792","rjaf-PC4429","S-1-5-19","1/18/2015 5:00:19 PM","00000000-eb28-0000-2858-8c84f932d001",,"c:\users\mac_1\desktop\winevt\logs\microsoft-windows-diagnostics-performance%4operational.evtx","System.UInt32[]","System.Diagnostics.Eventing.Reader.EventBookmark","Warning","Standby Information","Standby Performance Monitoring","System.Collections.ObjectModel.ReadOnlyCollection`1[System.String]","System.Collections.Generic.List`1[System.Diagnostics.Eventing.Reader.EventProperty]"
"This driver caused a delay during standby while servicing a device:
     Driver File Name		:	\Driver\HidUsb
     Driver Friendly Name		:	USB Miniport Driver for Input Devices
     Driver Version			:	6.1.7600.16385 (win7_rtm.090713-1255)
     Driver Total Time		:	28ms
     Driver Degradation Time	:	9ms
     Incident Time (UTC)		:	?2015?-?01?-?18T14:22:52.470980600Z
     Device Name			:	USB\VID_04F3&PID_0103&MI_01\7&f9ecafe&0&0001
     Device Friendly Name		:	USB Input Device
     Device Total Time		:	28ms
     Device Degradation Time	:	0ms","302","1",,"3","4003","35","-9223372036854710272","1883","Microsoft-Windows-Diagnostics-Performance","cfc18ec0-96b1-4eba-961b-622caee05b0a","Microsoft-Windows-Diagnostics-Performance/Operational","1396","1436","rjaf-PC4429","S-1-5-19","1/18/2015 9:44:43 AM","85f03364-689b-0002-3058-8c84f932d001",,"c:\users\mac_1\desktop\winevt\logs\microsoft-windows-diagnostics-performance%4operational.evtx","System.UInt32[]","System.Diagnostics.Eventing.Reader.EventBookmark","Warning","Standby Degradation","Standby Performance Monitoring","System.Collections.ObjectModel.ReadOnlyCollection`1[System.String]","System.Collections.Generic.List`1[System.Diagnostics.Eventing.Reader.EventProperty]"
"This driver caused a delay during standby while servicing a device:
     Driver File Name		:	\Driver\HidUsb
     Driver Friendly Name		:	USB Miniport Driver for Input Devices
     Driver Version			:	6.1.7600.16385 (win7_rtm.090713-1255)
     Driver Total Time		:	28ms
     Driver Degradation Time	:	8ms
     Incident Time (UTC)		:	?2015?-?01?-?18T14:22:52.470980600Z
     Device Name			:	USB\VID_04F3&PID_0103&MI_00\7&f9ecafe&0&0000
     Device Friendly Name		:	USB Input Device
     Device Total Time		:	28ms
     Device Degradation Time	:	0ms","302","1",,"3","4003","35","-9223372036854710272","1882","Microsoft-Windows-Diagnostics-Performance","cfc18ec0-96b1-4eba-961b-622caee05b0a","Microsoft-Windows-Diagnostics-Performance/Operational","1396","1436","rjaf-PC4429","S-1-5-19","1/18/2015 9:44:43 AM","85f03364-689b-0002-3058-8c84f932d001",,"c:\users\mac_1\desktop\winevt\logs\microsoft-windows-diagnostics-performance%4operational.evtx","System.UInt32[]","System.Diagnostics.Eventing.Reader.EventBookmark","Warning","Standby Degradation","Standby Performance Monitoring","System.Collections.ObjectModel.ReadOnlyCollection`1[System.String]","System.Collections.Generic.List`1[System.Diagnostics.Eventing.Reader.EventProperty]"
"This driver caused a delay during standby while servicing a device:
     Driver File Name		:	\Driver\HidUsb
     Driver Friendly Name		:	USB Miniport Driver for Input Devices
     Driver Version			:	6.1.7600.16385 (win7_rtm.090713-1255)
     Driver Total Time		:	28ms
     Driver Degradation Time	:	8ms
     Incident Time (UTC)		:	?2015?-?01?-?18T14:22:52.470980600Z
     Device Name			:	USB\VID_15D9&PID_0A4F\6&2bf858fa&0&1
     Device Friendly Name		:	USB Input Device
     Device Total Time		:	29ms
     Device Degradation Time	:	0ms","302","1",,"3","4003","35","-9223372036854710272","1881","Microsoft-Windows-Diagnostics-Performance","cfc18ec0-96b1-4eba-961b-622caee05b0a","Microsoft-Windows-Diagnostics-Performance/Operational","1396","1436","rjaf-PC4429","S-1-5-19","1/18/2015 9:44:43 AM","85f03364-689b-0002-3058-8c84f932d001",,"c:\users\mac_1\desktop\winevt\logs\microsoft-windows-diagnostics-performance%4operational.evtx","System.UInt32[]","System.Diagnostics.Eventing.Reader.EventBookmark","Warning","Standby Degradation","Standby Performance Monitoring","System.Collections.ObjectModel.ReadOnlyCollection`1[System.String]","System.Collections.Generic.List`1[System.Diagnostics.Eventing.Reader.EventProperty]"
"Windows has resumed from standby: 
     Standby Duration		:	12036ms
     Standby Incident Time (UTC)	:	?2015?-?01?-?18T14:22:52.470980600Z
     Resume  Duration		:	1179ms
     Resume  Incident Time (UTC)	:	?2015?-?01?-?18T17:44:29.478973400Z
     IsDegradation			:	false","300","1",,"3","4003","36","-9223372036854710272","1880","Microsoft-Windows-Diagnostics-Performance","cfc18ec0-96b1-4eba-961b-622caee05b0a","Microsoft-Windows-Diagnostics-Performance/Operational","1396","1436","rjaf-PC4429","S-1-5-19","1/18/2015 9:44:43 AM","85f03364-689b-0002-3058-8c84f932d001",,"c:\users\mac_1\desktop\winevt\logs\microsoft-windows-diagnostics-performance%4operational.evtx","System.UInt32[]","System.Diagnostics.Eventing.Reader.EventBookmark","Warning","Standby Information","Standby Performance Monitoring","System.Collections.ObjectModel.ReadOnlyCollection`1[System.String]","System.Collections.Generic.List`1[System.Diagnostics.Eventing.Reader.EventProperty]"
"Windows has resumed from standby: 
     Standby Duration		:	7015ms
     Standby Incident Time (UTC)	:	?2015?-?01?-?18T11:31:38.030246700Z
     Resume  Duration		:	1191ms
     Resume  Incident Time (UTC)	:	?2015?-?01?-?18T13:09:42.574564200Z
     IsDegradation			:	false","300","1",,"3","4003","36","-9223372036854710272","1879","Microsoft-Windows-Diagnostics-Performance","cfc18ec0-96b1-4eba-961b-622caee05b0a","Microsoft-Windows-Diagnostics-Performance/Operational","1396","2884","rjaf-PC4429","S-1-5-19","1/18/2015 5:09:53 AM","85f03364-689b-0002-2a58-8c84f932d001",,"c:\users\mac_1\desktop\winevt\logs\microsoft-windows-diagnostics-performance%4operational.evtx","System.UInt32[]","System.Diagnostics.Eventing.Reader.EventBookmark","Warning","Standby Information","Standby Performance Monitoring","System.Collections.ObjectModel.ReadOnlyCollection`1[System.String]","System.Collections.Generic.List`1[System.Diagnostics.Eventing.Reader.EventProperty]"
"Windows has resumed from standby: 
     Standby Duration		:	27577ms
     Standby Incident Time (UTC)	:	?2015?-?01?-?18T10:04:38.304506000Z
     Resume  Duration		:	1182ms
     Resume  Incident Time (UTC)	:	?2015?-?01?-?18T10:54:26.099157200Z
     IsDegradation			:	false","300","1",,"2","4003","36","-9223372036854710272","1878","Microsoft-Windows-Diagnostics-Performance","cfc18ec0-96b1-4eba-961b-622caee05b0a","Microsoft-Windows-Diagnostics-Performance/Operational","1396","1072","rjaf-PC4429","S-1-5-19","1/18/2015 2:54:38 AM","85f02a9c-689b-0001-2558-8c84f932d001",,"c:\users\mac_1\desktop\winevt\logs\microsoft-windows-diagnostics-performance%4operational.evtx","System.UInt32[]","System.Diagnostics.Eventing.Reader.EventBookmark","Error","Standby Information","Standby Performance Monitoring","System.Collections.ObjectModel.ReadOnlyCollection`1[System.String]","System.Collections.Generic.List`1[System.Diagnostics.Eventing.Reader.EventProperty]"
"This startup service took longer than expected to startup, resulting in a performance degradation in the system start up process: 
     File Name		:	cscservice
     Friendly Name		:	CSC Service DLL
     Version		:	6.1.7600.16385 (win7_rtm.090713-1255)
     Total Time		:	411ms
     Degradation Time	:	143ms
     Incident Time (UTC)	:	?2015?-?01?-?18T08:34:04.578000100Z","103","1",,"3","4002","33","-9223372036854710272","1877","Microsoft-Windows-Diagnostics-Performance","cfc18ec0-96b1-4eba-961b-622caee05b0a","Microsoft-Windows-Diagnostics-Performance/Operational","1396","2420","rjaf-PC4429","S-1-5-19","1/18/2015 12:35:57 AM","85f03c9c-689b-0003-2758-8c84f932d001",,"c:\users\mac_1\desktop\winevt\logs\microsoft-windows-diagnostics-performance%4operational.evtx","System.UInt32[]","System.Diagnostics.Eventing.Reader.EventBookmark","Warning","Boot Degradation","Boot Performance Monitoring","System.Collections.ObjectModel.ReadOnlyCollection`1[System.String]","System.Collections.Generic.List`1[System.Diagnostics.Eventing.Reader.EventProperty]"
