"An instance of Program Data Updater (PDU) ran with the following information: StartTime: ?2014?-?04?-?11T08:33:13.682857500Z, StopTime: ?2014?-?04?-?11T08:33:50.842122800Z, ExitCode: 228, Number of new programs: 0, Number of removed programs: 0, Number of updated programs: 0, Number of installed programs: 34, Number of new orphan files: 2, Number of new add-ons: 0, Number of removed add-ons: 0, Number of updated add-ons: 0, Number of installed add-ons: 75, Number of new installations: 0","800","0",,"4","0","0","576460752303423488","232","Microsoft-Windows-Application-Experience","eef54e71-0661-422d-9a98-82fd4940b820","Microsoft-Windows-Application-Experience/Program-Inventory","1548","632","rjaf-PC4429","S-1-5-18","4/11/2014 1:33:50 AM",,,"c:\users\mac_1\desktop\winevt\logs\microsoft-windows-application-experience%4program-inventory.evtx","System.UInt32[]","System.Diagnostics.Eventing.Reader.EventBookmark","Information","Info",,"System.Collections.ObjectModel.ReadOnlyCollection`1[System.String]","System.Collections.Generic.List`1[System.Diagnostics.Eventing.Reader.EventProperty]"
"An instance of Program Data Updater (PDU) ran with the following information: StartTime: ?2014?-?04?-?09T21:33:25.208648800Z, StopTime: ?2014?-?04?-?09T21:34:35.751972700Z, ExitCode: 228, Number of new programs: 0, Number of removed programs: 0, Number of updated programs: 0, Number of installed programs: 34, Number of new orphan files: 0, Number of new add-ons: 0, Number of removed add-ons: 0, Number of updated add-ons: 0, Number of installed add-ons: 75, Number of new installations: 0","800","0",,"4","0","0","576460752303423488","231","Microsoft-Windows-Application-Experience","eef54e71-0661-422d-9a98-82fd4940b820","Microsoft-Windows-Application-Experience/Program-Inventory","1720","3628","rjaf-PC4429","S-1-5-18","4/9/2014 2:34:35 PM",,,"c:\users\mac_1\desktop\winevt\logs\microsoft-windows-application-experience%4program-inventory.evtx","System.UInt32[]","System.Diagnostics.Eventing.Reader.EventBookmark","Information","Info",,"System.Collections.ObjectModel.ReadOnlyCollection`1[System.String]","System.Collections.Generic.List`1[System.Diagnostics.Eventing.Reader.EventProperty]"
"An instance of Program Data Updater (PDU) ran with the following information: StartTime: ?2014?-?04?-?09T07:14:53.736797600Z, StopTime: ?2014?-?04?-?09T07:15:47.681692300Z, ExitCode: 228, Number of new programs: 1, Number of removed programs: 1, Number of updated programs: 0, Number of installed programs: 34, Number of new orphan files: 1, Number of new add-ons: 0, Number of removed add-ons: 0, Number of updated add-ons: 0, Number of installed add-ons: 75, Number of new installations: 0","800","0",,"4","0","0","576460752303423488","230","Microsoft-Windows-Application-Experience","eef54e71-0661-422d-9a98-82fd4940b820","Microsoft-Windows-Application-Experience/Program-Inventory","3288","1664","rjaf-PC4429","S-1-5-18","4/9/2014 12:15:47 AM",,,"c:\users\mac_1\desktop\winevt\logs\microsoft-windows-application-experience%4program-inventory.evtx","System.UInt32[]","System.Diagnostics.Eventing.Reader.EventBookmark","Information","Info",,"System.Collections.ObjectModel.ReadOnlyCollection`1[System.String]","System.Collections.Generic.List`1[System.Diagnostics.Eventing.Reader.EventProperty]"
,"907","0",,"4","0","0","576460752303423488","229","Microsoft-Windows-Application-Experience","eef54e71-0661-422d-9a98-82fd4940b820","Microsoft-Windows-Application-Experience/Program-Inventory","3288","1664","rjaf-PC4429","S-1-5-18","4/9/2014 12:15:46 AM",,,"c:\users\mac_1\desktop\winevt\logs\microsoft-windows-application-experience%4program-inventory.evtx","System.UInt32[]","System.Diagnostics.Eventing.Reader.EventBookmark","Information","Info",,"System.Collections.ObjectModel.ReadOnlyCollection`1[System.String]","System.Collections.Generic.List`1[System.Diagnostics.Eventing.Reader.EventProperty]"
,"903","0",,"4","0","0","576460752303423488","228","Microsoft-Windows-Application-Experience","eef54e71-0661-422d-9a98-82fd4940b820","Microsoft-Windows-Application-Experience/Program-Inventory","3288","1664","rjaf-PC4429","S-1-5-18","4/9/2014 12:15:46 AM",,,"c:\users\mac_1\desktop\winevt\logs\microsoft-windows-application-experience%4program-inventory.evtx","System.UInt32[]","System.Diagnostics.Eventing.Reader.EventBookmark","Information","Info",,"System.Collections.ObjectModel.ReadOnlyCollection`1[System.String]","System.Collections.Generic.List`1[System.Diagnostics.Eventing.Reader.EventProperty]"
"An instance of Program Data Updater (PDU) ran with the following information: StartTime: ?2014?-?04?-?07T22:08:58.490661700Z, StopTime: ?2014?-?04?-?07T22:10:10.640788500Z, ExitCode: 228, Number of new programs: 0, Number of removed programs: 0, Number of updated programs: 0, Number of installed programs: 34, Number of new orphan files: 0, Number of new add-ons: 0, Number of removed add-ons: 0, Number of updated add-ons: 0, Number of installed add-ons: 75, Number of new installations: 0","800","0",,"4","0","0","576460752303423488","227","Microsoft-Windows-Application-Experience","eef54e71-0661-422d-9a98-82fd4940b820","Microsoft-Windows-Application-Experience/Program-Inventory","1024","3312","rjaf-PC4429","S-1-5-18","4/7/2014 3:10:10 PM",,,"c:\users\mac_1\desktop\winevt\logs\microsoft-windows-application-experience%4program-inventory.evtx","System.UInt32[]","System.Diagnostics.Eventing.Reader.EventBookmark","Information","Info",,"System.Collections.ObjectModel.ReadOnlyCollection`1[System.String]","System.Collections.Generic.List`1[System.Diagnostics.Eventing.Reader.EventProperty]"
"An instance of Program Data Updater (PDU) ran with the following information: StartTime: ?2014?-?04?-?07T09:13:15.181682500Z, StopTime: ?2014?-?04?-?07T09:14:07.160973800Z, ExitCode: 228, Number of new programs: 1, Number of removed programs: 1, Number of updated programs: 0, Number of installed programs: 34, Number of new orphan files: 0, Number of new add-ons: 1, Number of removed add-ons: 0, Number of updated add-ons: 0, Number of installed add-ons: 75, Number of new installations: 0","800","0",,"4","0","0","576460752303423488","226","Microsoft-Windows-Application-Experience","eef54e71-0661-422d-9a98-82fd4940b820","Microsoft-Windows-Application-Experience/Program-Inventory","3944","3464","rjaf-PC4429","S-1-5-18","4/7/2014 2:14:07 AM",,,"c:\users\mac_1\desktop\winevt\logs\microsoft-windows-application-experience%4program-inventory.evtx","System.UInt32[]","System.Diagnostics.Eventing.Reader.EventBookmark","Information","Info",,"System.Collections.ObjectModel.ReadOnlyCollection`1[System.String]","System.Collections.Generic.List`1[System.Diagnostics.Eventing.Reader.EventProperty]"
,"907","0",,"4","0","0","576460752303423488","225","Microsoft-Windows-Application-Experience","eef54e71-0661-422d-9a98-82fd4940b820","Microsoft-Windows-Application-Experience/Program-Inventory","3944","3464","rjaf-PC4429","S-1-5-18","4/7/2014 2:14:06 AM",,,"c:\users\mac_1\desktop\winevt\logs\microsoft-windows-application-experience%4program-inventory.evtx","System.UInt32[]","System.Diagnostics.Eventing.Reader.EventBookmark","Information","Info",,"System.Collections.ObjectModel.ReadOnlyCollection`1[System.String]","System.Collections.Generic.List`1[System.Diagnostics.Eventing.Reader.EventProperty]"
,"903","0",,"4","0","0","576460752303423488","224","Microsoft-Windows-Application-Experience","eef54e71-0661-422d-9a98-82fd4940b820","Microsoft-Windows-Application-Experience/Program-Inventory","3944","3464","rjaf-PC4429","S-1-5-18","4/7/2014 2:14:06 AM",,,"c:\users\mac_1\desktop\winevt\logs\microsoft-windows-application-experience%4program-inventory.evtx","System.UInt32[]","System.Diagnostics.Eventing.Reader.EventBookmark","Information","Info",,"System.Collections.ObjectModel.ReadOnlyCollection`1[System.String]","System.Collections.Generic.List`1[System.Diagnostics.Eventing.Reader.EventProperty]"
,"900","0",,"4","0","0","576460752303423488","223","Microsoft-Windows-Application-Experience","eef54e71-0661-422d-9a98-82fd4940b820","Microsoft-Windows-Application-Experience/Program-Inventory","3944","3464","rjaf-PC4429","S-1-5-18","4/7/2014 2:14:06 AM",,,"c:\users\mac_1\desktop\winevt\logs\microsoft-windows-application-experience%4program-inventory.evtx","System.UInt32[]","System.Diagnostics.Eventing.Reader.EventBookmark","Information","Info",,"System.Collections.ObjectModel.ReadOnlyCollection`1[System.String]","System.Collections.Generic.List`1[System.Diagnostics.Eventing.Reader.EventProperty]"
"An instance of Program Data Updater (PDU) ran with the following information: StartTime: ?2014?-?04?-?07T07:29:42.483431100Z, StopTime: ?2014?-?04?-?07T08:29:35.473212300Z, ExitCode: 400, Number of new programs: 0, Number of removed programs: 0, Number of updated programs: 0, Number of installed programs: 0, Number of new orphan files: 0, Number of new add-ons: 0, Number of removed add-ons: 0, Number of updated add-ons: 0, Number of installed add-ons: 0, Number of new installations: 0","800","0",,"4","0","0","576460752303423488","222","Microsoft-Windows-Application-Experience","eef54e71-0661-422d-9a98-82fd4940b820","Microsoft-Windows-Application-Experience/Program-Inventory","164","3412","rjaf-PC4429","S-1-5-18","4/7/2014 1:29:35 AM",,,"c:\users\mac_1\desktop\winevt\logs\microsoft-windows-application-experience%4program-inventory.evtx","System.UInt32[]","System.Diagnostics.Eventing.Reader.EventBookmark","Information","Info",,"System.Collections.ObjectModel.ReadOnlyCollection`1[System.String]","System.Collections.Generic.List`1[System.Diagnostics.Eventing.Reader.EventProperty]"
"An instance of Program Data Updater (PDU) ran with the following information: StartTime: ?2014?-?04?-?06T10:05:20.351406900Z, StopTime: ?2014?-?04?-?06T10:06:27.727925200Z, ExitCode: 228, Number of new programs: 2, Number of removed programs: 0, Number of updated programs: 0, Number of installed programs: 34, Number of new orphan files: 0, Number of new add-ons: 1, Number of removed add-ons: 0, Number of updated add-ons: 0, Number of installed add-ons: 74, Number of new installations: 0","800","0",,"4","0","0","576460752303423488","221","Microsoft-Windows-Application-Experience","eef54e71-0661-422d-9a98-82fd4940b820","Microsoft-Windows-Application-Experience/Program-Inventory","7940","7936","rjaf-PC4429","S-1-5-18","4/6/2014 3:06:27 AM",,,"c:\users\mac_1\desktop\winevt\logs\microsoft-windows-application-experience%4program-inventory.evtx","System.UInt32[]","System.Diagnostics.Eventing.Reader.EventBookmark","Information","Info",,"System.Collections.ObjectModel.ReadOnlyCollection`1[System.String]","System.Collections.Generic.List`1[System.Diagnostics.Eventing.Reader.EventProperty]"
,"903","0",,"4","0","0","576460752303423488","220","Microsoft-Windows-Application-Experience","eef54e71-0661-422d-9a98-82fd4940b820","Microsoft-Windows-Application-Experience/Program-Inventory","7940","7936","rjaf-PC4429","S-1-5-18","4/6/2014 3:06:27 AM",,,"c:\users\mac_1\desktop\winevt\logs\microsoft-windows-application-experience%4program-inventory.evtx","System.UInt32[]","System.Diagnostics.Eventing.Reader.EventBookmark","Information","Info",,"System.Collections.ObjectModel.ReadOnlyCollection`1[System.String]","System.Collections.Generic.List`1[System.Diagnostics.Eventing.Reader.EventProperty]"
,"903","0",,"4","0","0","576460752303423488","219","Microsoft-Windows-Application-Experience","eef54e71-0661-422d-9a98-82fd4940b820","Microsoft-Windows-Application-Experience/Program-Inventory","7940","7936","rjaf-PC4429","S-1-5-18","4/6/2014 3:06:27 AM",,,"c:\users\mac_1\desktop\winevt\logs\microsoft-windows-application-experience%4program-inventory.evtx","System.UInt32[]","System.Diagnostics.Eventing.Reader.EventBookmark","Information","Info",,"System.Collections.ObjectModel.ReadOnlyCollection`1[System.String]","System.Collections.Generic.List`1[System.Diagnostics.Eventing.Reader.EventProperty]"
,"900","0",,"4","0","0","576460752303423488","218","Microsoft-Windows-Application-Experience","eef54e71-0661-422d-9a98-82fd4940b820","Microsoft-Windows-Application-Experience/Program-Inventory","7940","7936","rjaf-PC4429","S-1-5-18","4/6/2014 3:06:27 AM",,,"c:\users\mac_1\desktop\winevt\logs\microsoft-windows-application-experience%4program-inventory.evtx","System.UInt32[]","System.Diagnostics.Eventing.Reader.EventBookmark","Information","Info",,"System.Collections.ObjectModel.ReadOnlyCollection`1[System.String]","System.Collections.Generic.List`1[System.Diagnostics.Eventing.Reader.EventProperty]"
"An instance of Program Data Updater (PDU) ran with the following information: StartTime: ?2014?-?04?-?03T06:38:33.254931900Z, StopTime: ?2014?-?04?-?03T06:39:23.611820400Z, ExitCode: 228, Number of new programs: 0, Number of removed programs: 0, Number of updated programs: 0, Number of installed programs: 32, Number of new orphan files: 0, Number of new add-ons: 0, Number of removed add-ons: 0, Number of updated add-ons: 0, Number of installed add-ons: 73, Number of new installations: 0","800","0",,"4","0","0","576460752303423488","217","Microsoft-Windows-Application-Experience","eef54e71-0661-422d-9a98-82fd4940b820","Microsoft-Windows-Application-Experience/Program-Inventory","2020","1812","rjaf-PC4429","S-1-5-18","4/2/2014 11:39:23 PM",,,"c:\users\mac_1\desktop\winevt\logs\microsoft-windows-application-experience%4program-inventory.evtx","System.UInt32[]","System.Diagnostics.Eventing.Reader.EventBookmark","Information","Info",,"System.Collections.ObjectModel.ReadOnlyCollection`1[System.String]","System.Collections.Generic.List`1[System.Diagnostics.Eventing.Reader.EventProperty]"
"An instance of Program Data Updater (PDU) ran with the following information: StartTime: ?2014?-?04?-?02T06:12:12.456124200Z, StopTime: ?2014?-?04?-?02T06:13:20.565843800Z, ExitCode: 228, Number of new programs: 0, Number of removed programs: 0, Number of updated programs: 0, Number of installed programs: 32, Number of new orphan files: 1, Number of new add-ons: 0, Number of removed add-ons: 0, Number of updated add-ons: 2, Number of installed add-ons: 73, Number of new installations: 0","800","0",,"4","0","0","576460752303423488","216","Microsoft-Windows-Application-Experience","eef54e71-0661-422d-9a98-82fd4940b820","Microsoft-Windows-Application-Experience/Program-Inventory","116","352","rjaf-PC4429","S-1-5-18","4/1/2014 11:13:20 PM",,,"c:\users\mac_1\desktop\winevt\logs\microsoft-windows-application-experience%4program-inventory.evtx","System.UInt32[]","System.Diagnostics.Eventing.Reader.EventBookmark","Information","Info",,"System.Collections.ObjectModel.ReadOnlyCollection`1[System.String]","System.Collections.Generic.List`1[System.Diagnostics.Eventing.Reader.EventProperty]"
,"901","0",,"4","0","0","576460752303423488","215","Microsoft-Windows-Application-Experience","eef54e71-0661-422d-9a98-82fd4940b820","Microsoft-Windows-Application-Experience/Program-Inventory","116","352","rjaf-PC4429","S-1-5-18","4/1/2014 11:13:19 PM",,,"c:\users\mac_1\desktop\winevt\logs\microsoft-windows-application-experience%4program-inventory.evtx","System.UInt32[]","System.Diagnostics.Eventing.Reader.EventBookmark","Information","Info",,"System.Collections.ObjectModel.ReadOnlyCollection`1[System.String]","System.Collections.Generic.List`1[System.Diagnostics.Eventing.Reader.EventProperty]"
,"901","0",,"4","0","0","576460752303423488","214","Microsoft-Windows-Application-Experience","eef54e71-0661-422d-9a98-82fd4940b820","Microsoft-Windows-Application-Experience/Program-Inventory","116","352","rjaf-PC4429","S-1-5-18","4/1/2014 11:13:19 PM",,,"c:\users\mac_1\desktop\winevt\logs\microsoft-windows-application-experience%4program-inventory.evtx","System.UInt32[]","System.Diagnostics.Eventing.Reader.EventBookmark","Information","Info",,"System.Collections.ObjectModel.ReadOnlyCollection`1[System.String]","System.Collections.Generic.List`1[System.Diagnostics.Eventing.Reader.EventProperty]"
"An instance of Program Data Updater (PDU) ran with the following information: StartTime: ?2014?-?03?-?31T06:36:26.730580600Z, StopTime: ?2014?-?03?-?31T06:37:00.114639300Z, ExitCode: 228, Number of new programs: 0, Number of removed programs: 0, Number of updated programs: 0, Number of installed programs: 32, Number of new orphan files: 0, Number of new add-ons: 0, Number of removed add-ons: 0, Number of updated add-ons: 0, Number of installed add-ons: 73, Number of new installations: 0","800","0",,"4","0","0","576460752303423488","213","Microsoft-Windows-Application-Experience","eef54e71-0661-422d-9a98-82fd4940b820","Microsoft-Windows-Application-Experience/Program-Inventory","4004","3196","rjaf-PC4429","S-1-5-18","3/30/2014 11:37:00 PM",,,"c:\users\mac_1\desktop\winevt\logs\microsoft-windows-application-experience%4program-inventory.evtx","System.UInt32[]","System.Diagnostics.Eventing.Reader.EventBookmark","Information","Info",,"System.Collections.ObjectModel.ReadOnlyCollection`1[System.String]","System.Collections.Generic.List`1[System.Diagnostics.Eventing.Reader.EventProperty]"
"An instance of Program Data Updater (PDU) ran with the following information: StartTime: ?2014?-?03?-?30T08:56:24.096608300Z, StopTime: ?2014?-?03?-?30T08:57:29.944323900Z, ExitCode: 228, Number of new programs: 0, Number of removed programs: 0, Number of updated programs: 0, Number of installed programs: 32, Number of new orphan files: 1, Number of new add-ons: 0, Number of removed add-ons: 0, Number of updated add-ons: 0, Number of installed add-ons: 73, Number of new installations: 0","800","0",,"4","0","0","576460752303423488","212","Microsoft-Windows-Application-Experience","eef54e71-0661-422d-9a98-82fd4940b820","Microsoft-Windows-Application-Experience/Program-Inventory","2344","3700","rjaf-PC4429","S-1-5-18","3/30/2014 1:57:29 AM",,,"c:\users\mac_1\desktop\winevt\logs\microsoft-windows-application-experience%4program-inventory.evtx","System.UInt32[]","System.Diagnostics.Eventing.Reader.EventBookmark","Information","Info",,"System.Collections.ObjectModel.ReadOnlyCollection`1[System.String]","System.Collections.Generic.List`1[System.Diagnostics.Eventing.Reader.EventProperty]"
"An instance of Program Data Updater (PDU) ran with the following information: StartTime: ?2014?-?03?-?26T08:37:26.649020300Z, StopTime: ?2014?-?03?-?26T08:38:13.695711300Z, ExitCode: 228, Number of new programs: 0, Number of removed programs: 0, Number of updated programs: 0, Number of installed programs: 32, Number of new orphan files: 0, Number of new add-ons: 0, Number of removed add-ons: 0, Number of updated add-ons: 0, Number of installed add-ons: 73, Number of new installations: 0","800","0",,"4","0","0","576460752303423488","211","Microsoft-Windows-Application-Experience","eef54e71-0661-422d-9a98-82fd4940b820","Microsoft-Windows-Application-Experience/Program-Inventory","4620","2760","rjaf-PC4429","S-1-5-18","3/26/2014 1:38:13 AM",,,"c:\users\mac_1\desktop\winevt\logs\microsoft-windows-application-experience%4program-inventory.evtx","System.UInt32[]","System.Diagnostics.Eventing.Reader.EventBookmark","Information","Info",,"System.Collections.ObjectModel.ReadOnlyCollection`1[System.String]","System.Collections.Generic.List`1[System.Diagnostics.Eventing.Reader.EventProperty]"
"An instance of Program Data Updater (PDU) ran with the following information: StartTime: ?2014?-?03?-?25T10:36:09.783267000Z, StopTime: ?2014?-?03?-?25T10:36:56.529940800Z, ExitCode: 228, Number of new programs: 0, Number of removed programs: 0, Number of updated programs: 0, Number of installed programs: 32, Number of new orphan files: 1, Number of new add-ons: 0, Number of removed add-ons: 0, Number of updated add-ons: 0, Number of installed add-ons: 73, Number of new installations: 0","800","0",,"4","0","0","576460752303423488","210","Microsoft-Windows-Application-Experience","eef54e71-0661-422d-9a98-82fd4940b820","Microsoft-Windows-Application-Experience/Program-Inventory","6088","6092","rjaf-PC4429","S-1-5-18","3/25/2014 3:36:56 AM",,,"c:\users\mac_1\desktop\winevt\logs\microsoft-windows-application-experience%4program-inventory.evtx","System.UInt32[]","System.Diagnostics.Eventing.Reader.EventBookmark","Information","Info",,"System.Collections.ObjectModel.ReadOnlyCollection`1[System.String]","System.Collections.Generic.List`1[System.Diagnostics.Eventing.Reader.EventProperty]"
"An instance of Program Data Updater (PDU) ran with the following information: StartTime: ?2014?-?03?-?25T09:19:17.852061600Z, StopTime: ?2014?-?03?-?25T10:11:43.484399500Z, ExitCode: 400, Number of new programs: 0, Number of removed programs: 0, Number of updated programs: 0, Number of installed programs: 0, Number of new orphan files: 0, Number of new add-ons: 0, Number of removed add-ons: 0, Number of updated add-ons: 0, Number of installed add-ons: 0, Number of new installations: 0","800","0",,"4","0","0","576460752303423488","209","Microsoft-Windows-Application-Experience","eef54e71-0661-422d-9a98-82fd4940b820","Microsoft-Windows-Application-Experience/Program-Inventory","860","2616","rjaf-PC4429","S-1-5-18","3/25/2014 3:11:43 AM",,,"c:\users\mac_1\desktop\winevt\logs\microsoft-windows-application-experience%4program-inventory.evtx","System.UInt32[]","System.Diagnostics.Eventing.Reader.EventBookmark","Information","Info",,"System.Collections.ObjectModel.ReadOnlyCollection`1[System.String]","System.Collections.Generic.List`1[System.Diagnostics.Eventing.Reader.EventProperty]"
"An instance of Program Data Updater (PDU) ran with the following information: StartTime: ?2014?-?03?-?24T12:56:17.970855000Z, StopTime: ?2014?-?03?-?24T12:57:29.871381300Z, ExitCode: 228, Number of new programs: 0, Number of removed programs: 0, Number of updated programs: 0, Number of installed programs: 32, Number of new orphan files: 0, Number of new add-ons: 0, Number of removed add-ons: 0, Number of updated add-ons: 0, Number of installed add-ons: 73, Number of new installations: 0","800","0",,"4","0","0","576460752303423488","208","Microsoft-Windows-Application-Experience","eef54e71-0661-422d-9a98-82fd4940b820","Microsoft-Windows-Application-Experience/Program-Inventory","3940","3884","rjaf-PC4429","S-1-5-18","3/24/2014 5:57:29 AM",,,"c:\users\mac_1\desktop\winevt\logs\microsoft-windows-application-experience%4program-inventory.evtx","System.UInt32[]","System.Diagnostics.Eventing.Reader.EventBookmark","Information","Info",,"System.Collections.ObjectModel.ReadOnlyCollection`1[System.String]","System.Collections.Generic.List`1[System.Diagnostics.Eventing.Reader.EventProperty]"
"An instance of Program Data Updater (PDU) ran with the following information: StartTime: ?2014?-?03?-?22T14:32:32.817981600Z, StopTime: ?2014?-?03?-?22T14:33:14.017653900Z, ExitCode: 228, Number of new programs: 0, Number of removed programs: 0, Number of updated programs: 0, Number of installed programs: 32, Number of new orphan files: 0, Number of new add-ons: 0, Number of removed add-ons: 0, Number of updated add-ons: 0, Number of installed add-ons: 73, Number of new installations: 0","800","0",,"4","0","0","576460752303423488","207","Microsoft-Windows-Application-Experience","eef54e71-0661-422d-9a98-82fd4940b820","Microsoft-Windows-Application-Experience/Program-Inventory","3952","1784","rjaf-PC4429","S-1-5-18","3/22/2014 7:33:14 AM",,,"c:\users\mac_1\desktop\winevt\logs\microsoft-windows-application-experience%4program-inventory.evtx","System.UInt32[]","System.Diagnostics.Eventing.Reader.EventBookmark","Information","Info",,"System.Collections.ObjectModel.ReadOnlyCollection`1[System.String]","System.Collections.Generic.List`1[System.Diagnostics.Eventing.Reader.EventProperty]"
"An instance of Program Data Updater (PDU) ran with the following information: StartTime: ?2014?-?03?-?22T09:25:19.678695400Z, StopTime: ?2014?-?03?-?22T09:25:51.471551300Z, ExitCode: 228, Number of new programs: 0, Number of removed programs: 0, Number of updated programs: 0, Number of installed programs: 32, Number of new orphan files: 2, Number of new add-ons: 0, Number of removed add-ons: 0, Number of updated add-ons: 0, Number of installed add-ons: 73, Number of new installations: 0","800","0",,"4","0","0","576460752303423488","206","Microsoft-Windows-Application-Experience","eef54e71-0661-422d-9a98-82fd4940b820","Microsoft-Windows-Application-Experience/Program-Inventory","2660","120","rjaf-PC4429","S-1-5-18","3/22/2014 2:25:51 AM",,,"c:\users\mac_1\desktop\winevt\logs\microsoft-windows-application-experience%4program-inventory.evtx","System.UInt32[]","System.Diagnostics.Eventing.Reader.EventBookmark","Information","Info",,"System.Collections.ObjectModel.ReadOnlyCollection`1[System.String]","System.Collections.Generic.List`1[System.Diagnostics.Eventing.Reader.EventProperty]"
"An instance of Program Data Updater (PDU) ran with the following information: StartTime: ?2014?-?03?-?21T09:03:22.001942200Z, StopTime: ?2014?-?03?-?22T09:07:48.658049400Z, ExitCode: 400, Number of new programs: 0, Number of removed programs: 0, Number of updated programs: 0, Number of installed programs: 0, Number of new orphan files: 0, Number of new add-ons: 0, Number of removed add-ons: 0, Number of updated add-ons: 0, Number of installed add-ons: 0, Number of new installations: 0","800","0",,"4","0","0","576460752303423488","205","Microsoft-Windows-Application-Experience","eef54e71-0661-422d-9a98-82fd4940b820","Microsoft-Windows-Application-Experience/Program-Inventory","3984","3364","rjaf-PC4429","S-1-5-18","3/22/2014 2:07:48 AM",,,"c:\users\mac_1\desktop\winevt\logs\microsoft-windows-application-experience%4program-inventory.evtx","System.UInt32[]","System.Diagnostics.Eventing.Reader.EventBookmark","Information","Info",,"System.Collections.ObjectModel.ReadOnlyCollection`1[System.String]","System.Collections.Generic.List`1[System.Diagnostics.Eventing.Reader.EventProperty]"
"An instance of Program Data Updater (PDU) ran with the following information: StartTime: ?2014?-?03?-?19T23:26:50.819486500Z, StopTime: ?2014?-?03?-?19T23:27:34.873963800Z, ExitCode: 228, Number of new programs: 0, Number of removed programs: 0, Number of updated programs: 0, Number of installed programs: 32, Number of new orphan files: 2, Number of new add-ons: 0, Number of removed add-ons: 0, Number of updated add-ons: 0, Number of installed add-ons: 73, Number of new installations: 0","800","0",,"4","0","0","576460752303423488","204","Microsoft-Windows-Application-Experience","eef54e71-0661-422d-9a98-82fd4940b820","Microsoft-Windows-Application-Experience/Program-Inventory","5836","1748","rjaf-PC4429","S-1-5-18","3/19/2014 4:27:34 PM",,,"c:\users\mac_1\desktop\winevt\logs\microsoft-windows-application-experience%4program-inventory.evtx","System.UInt32[]","System.Diagnostics.Eventing.Reader.EventBookmark","Information","Info",,"System.Collections.ObjectModel.ReadOnlyCollection`1[System.String]","System.Collections.Generic.List`1[System.Diagnostics.Eventing.Reader.EventProperty]"
"An instance of Program Data Updater (PDU) ran with the following information: StartTime: ?2014?-?03?-?18T22:59:53.747123300Z, StopTime: ?2014?-?03?-?18T23:00:30.095187100Z, ExitCode: 228, Number of new programs: 0, Number of removed programs: 0, Number of updated programs: 0, Number of installed programs: 32, Number of new orphan files: 0, Number of new add-ons: 0, Number of removed add-ons: 0, Number of updated add-ons: 0, Number of installed add-ons: 73, Number of new installations: 0","800","0",,"4","0","0","576460752303423488","203","Microsoft-Windows-Application-Experience","eef54e71-0661-422d-9a98-82fd4940b820","Microsoft-Windows-Application-Experience/Program-Inventory","3268","3908","rjaf-PC4429","S-1-5-18","3/18/2014 4:00:30 PM",,,"c:\users\mac_1\desktop\winevt\logs\microsoft-windows-application-experience%4program-inventory.evtx","System.UInt32[]","System.Diagnostics.Eventing.Reader.EventBookmark","Information","Info",,"System.Collections.ObjectModel.ReadOnlyCollection`1[System.String]","System.Collections.Generic.List`1[System.Diagnostics.Eventing.Reader.EventProperty]"
"An instance of Program Data Updater (PDU) ran with the following information: StartTime: ?2014?-?03?-?18T07:33:19.050706700Z, StopTime: ?2014?-?03?-?18T07:34:20.499214600Z, ExitCode: 228, Number of new programs: 0, Number of removed programs: 0, Number of updated programs: 0, Number of installed programs: 32, Number of new orphan files: 1, Number of new add-ons: 0, Number of removed add-ons: 0, Number of updated add-ons: 0, Number of installed add-ons: 73, Number of new installations: 0","800","0",,"4","0","0","576460752303423488","202","Microsoft-Windows-Application-Experience","eef54e71-0661-422d-9a98-82fd4940b820","Microsoft-Windows-Application-Experience/Program-Inventory","868","2712","rjaf-PC4429","S-1-5-18","3/18/2014 12:34:20 AM",,,"c:\users\mac_1\desktop\winevt\logs\microsoft-windows-application-experience%4program-inventory.evtx","System.UInt32[]","System.Diagnostics.Eventing.Reader.EventBookmark","Information","Info",,"System.Collections.ObjectModel.ReadOnlyCollection`1[System.String]","System.Collections.Generic.List`1[System.Diagnostics.Eventing.Reader.EventProperty]"
"An instance of Program Data Updater (PDU) ran with the following information: StartTime: ?2014?-?03?-?17T09:16:06.947201100Z, StopTime: ?2014?-?03?-?17T09:16:41.875662500Z, ExitCode: 228, Number of new programs: 0, Number of removed programs: 0, Number of updated programs: 0, Number of installed programs: 32, Number of new orphan files: 0, Number of new add-ons: 0, Number of removed add-ons: 0, Number of updated add-ons: 0, Number of installed add-ons: 73, Number of new installations: 0","800","0",,"4","0","0","576460752303423488","201","Microsoft-Windows-Application-Experience","eef54e71-0661-422d-9a98-82fd4940b820","Microsoft-Windows-Application-Experience/Program-Inventory","1044","3192","rjaf-PC4429","S-1-5-18","3/17/2014 2:16:41 AM",,,"c:\users\mac_1\desktop\winevt\logs\microsoft-windows-application-experience%4program-inventory.evtx","System.UInt32[]","System.Diagnostics.Eventing.Reader.EventBookmark","Information","Info",,"System.Collections.ObjectModel.ReadOnlyCollection`1[System.String]","System.Collections.Generic.List`1[System.Diagnostics.Eventing.Reader.EventProperty]"
"An instance of Program Data Updater (PDU) ran with the following information: StartTime: ?2014?-?03?-?16T10:28:23.630973200Z, StopTime: ?2014?-?03?-?16T10:29:30.617490800Z, ExitCode: 228, Number of new programs: 1, Number of removed programs: 1, Number of updated programs: 0, Number of installed programs: 32, Number of new orphan files: 0, Number of new add-ons: 0, Number of removed add-ons: 0, Number of updated add-ons: 0, Number of installed add-ons: 73, Number of new installations: 0","800","0",,"4","0","0","576460752303423488","200","Microsoft-Windows-Application-Experience","eef54e71-0661-422d-9a98-82fd4940b820","Microsoft-Windows-Application-Experience/Program-Inventory","3472","3476","rjaf-PC4429","S-1-5-18","3/16/2014 3:29:30 AM",,,"c:\users\mac_1\desktop\winevt\logs\microsoft-windows-application-experience%4program-inventory.evtx","System.UInt32[]","System.Diagnostics.Eventing.Reader.EventBookmark","Information","Info",,"System.Collections.ObjectModel.ReadOnlyCollection`1[System.String]","System.Collections.Generic.List`1[System.Diagnostics.Eventing.Reader.EventProperty]"
,"907","0",,"4","0","0","576460752303423488","199","Microsoft-Windows-Application-Experience","eef54e71-0661-422d-9a98-82fd4940b820","Microsoft-Windows-Application-Experience/Program-Inventory","3472","3476","rjaf-PC4429","S-1-5-18","3/16/2014 3:29:30 AM",,,"c:\users\mac_1\desktop\winevt\logs\microsoft-windows-application-experience%4program-inventory.evtx","System.UInt32[]","System.Diagnostics.Eventing.Reader.EventBookmark","Information","Info",,"System.Collections.ObjectModel.ReadOnlyCollection`1[System.String]","System.Collections.Generic.List`1[System.Diagnostics.Eventing.Reader.EventProperty]"
,"903","0",,"4","0","0","576460752303423488","198","Microsoft-Windows-Application-Experience","eef54e71-0661-422d-9a98-82fd4940b820","Microsoft-Windows-Application-Experience/Program-Inventory","3472","3476","rjaf-PC4429","S-1-5-18","3/16/2014 3:29:30 AM",,,"c:\users\mac_1\desktop\winevt\logs\microsoft-windows-application-experience%4program-inventory.evtx","System.UInt32[]","System.Diagnostics.Eventing.Reader.EventBookmark","Information","Info",,"System.Collections.ObjectModel.ReadOnlyCollection`1[System.String]","System.Collections.Generic.List`1[System.Diagnostics.Eventing.Reader.EventProperty]"
"An instance of Program Data Updater (PDU) ran with the following information: StartTime: ?2014?-?03?-?14T09:46:41.708380200Z, StopTime: ?2014?-?03?-?14T09:47:16.248355800Z, ExitCode: 228, Number of new programs: 0, Number of removed programs: 0, Number of updated programs: 0, Number of installed programs: 32, Number of new orphan files: 1, Number of new add-ons: 0, Number of removed add-ons: 0, Number of updated add-ons: 0, Number of installed add-ons: 73, Number of new installations: 0","800","0",,"4","0","0","576460752303423488","197","Microsoft-Windows-Application-Experience","eef54e71-0661-422d-9a98-82fd4940b820","Microsoft-Windows-Application-Experience/Program-Inventory","4276","3332","rjaf-PC4429","S-1-5-18","3/14/2014 2:47:16 AM",,,"c:\users\mac_1\desktop\winevt\logs\microsoft-windows-application-experience%4program-inventory.evtx","System.UInt32[]","System.Diagnostics.Eventing.Reader.EventBookmark","Information","Info",,"System.Collections.ObjectModel.ReadOnlyCollection`1[System.String]","System.Collections.Generic.List`1[System.Diagnostics.Eventing.Reader.EventProperty]"
"An instance of Program Data Updater (PDU) ran with the following information: StartTime: ?2014?-?03?-?13T07:31:00.304308800Z, StopTime: ?2014?-?03?-?13T07:32:06.261224700Z, ExitCode: 228, Number of new programs: 0, Number of removed programs: 0, Number of updated programs: 0, Number of installed programs: 32, Number of new orphan files: 0, Number of new add-ons: 0, Number of removed add-ons: 0, Number of updated add-ons: 0, Number of installed add-ons: 73, Number of new installations: 0","800","0",,"4","0","0","576460752303423488","196","Microsoft-Windows-Application-Experience","eef54e71-0661-422d-9a98-82fd4940b820","Microsoft-Windows-Application-Experience/Program-Inventory","4092","3824","rjaf-PC4429","S-1-5-18","3/13/2014 12:32:06 AM",,,"c:\users\mac_1\desktop\winevt\logs\microsoft-windows-application-experience%4program-inventory.evtx","System.UInt32[]","System.Diagnostics.Eventing.Reader.EventBookmark","Information","Info",,"System.Collections.ObjectModel.ReadOnlyCollection`1[System.String]","System.Collections.Generic.List`1[System.Diagnostics.Eventing.Reader.EventProperty]"
"An instance of Program Data Updater (PDU) ran with the following information: StartTime: ?2014?-?03?-?12T08:24:42.491638200Z, StopTime: ?2014?-?03?-?12T08:25:47.247352000Z, ExitCode: 228, Number of new programs: 0, Number of removed programs: 0, Number of updated programs: 0, Number of installed programs: 32, Number of new orphan files: 0, Number of new add-ons: 0, Number of removed add-ons: 0, Number of updated add-ons: 0, Number of installed add-ons: 73, Number of new installations: 0","800","0",,"4","0","0","576460752303423488","195","Microsoft-Windows-Application-Experience","eef54e71-0661-422d-9a98-82fd4940b820","Microsoft-Windows-Application-Experience/Program-Inventory","1140","2612","rjaf-PC4429","S-1-5-18","3/12/2014 1:25:47 AM",,,"c:\users\mac_1\desktop\winevt\logs\microsoft-windows-application-experience%4program-inventory.evtx","System.UInt32[]","System.Diagnostics.Eventing.Reader.EventBookmark","Information","Info",,"System.Collections.ObjectModel.ReadOnlyCollection`1[System.String]","System.Collections.Generic.List`1[System.Diagnostics.Eventing.Reader.EventProperty]"
"An instance of Program Data Updater (PDU) ran with the following information: StartTime: ?2014?-?03?-?11T11:28:59.960563400Z, StopTime: ?2014?-?03?-?11T11:30:00.270269300Z, ExitCode: 228, Number of new programs: 0, Number of removed programs: 0, Number of updated programs: 0, Number of installed programs: 32, Number of new orphan files: 0, Number of new add-ons: 0, Number of removed add-ons: 0, Number of updated add-ons: 0, Number of installed add-ons: 73, Number of new installations: 0","800","0",,"4","0","0","576460752303423488","194","Microsoft-Windows-Application-Experience","eef54e71-0661-422d-9a98-82fd4940b820","Microsoft-Windows-Application-Experience/Program-Inventory","888","3196","rjaf-PC4429","S-1-5-18","3/11/2014 4:30:00 AM",,,"c:\users\mac_1\desktop\winevt\logs\microsoft-windows-application-experience%4program-inventory.evtx","System.UInt32[]","System.Diagnostics.Eventing.Reader.EventBookmark","Information","Info",,"System.Collections.ObjectModel.ReadOnlyCollection`1[System.String]","System.Collections.Generic.List`1[System.Diagnostics.Eventing.Reader.EventProperty]"
"An instance of Program Data Updater (PDU) ran with the following information: StartTime: ?2014?-?03?-?10T07:49:57.208278000Z, StopTime: ?2014?-?03?-?10T07:51:02.712793100Z, ExitCode: 228, Number of new programs: 0, Number of removed programs: 0, Number of updated programs: 0, Number of installed programs: 32, Number of new orphan files: 1, Number of new add-ons: 0, Number of removed add-ons: 0, Number of updated add-ons: 0, Number of installed add-ons: 73, Number of new installations: 0","800","0",,"4","0","0","576460752303423488","193","Microsoft-Windows-Application-Experience","eef54e71-0661-422d-9a98-82fd4940b820","Microsoft-Windows-Application-Experience/Program-Inventory","1688","2952","rjaf-PC4429","S-1-5-18","3/10/2014 12:51:02 AM",,,"c:\users\mac_1\desktop\winevt\logs\microsoft-windows-application-experience%4program-inventory.evtx","System.UInt32[]","System.Diagnostics.Eventing.Reader.EventBookmark","Information","Info",,"System.Collections.ObjectModel.ReadOnlyCollection`1[System.String]","System.Collections.Generic.List`1[System.Diagnostics.Eventing.Reader.EventProperty]"
"An instance of Program Data Updater (PDU) ran with the following information: StartTime: ?2014?-?03?-?09T11:17:56.045305200Z, StopTime: ?2014?-?03?-?09T11:19:00.803009100Z, ExitCode: 228, Number of new programs: 1, Number of removed programs: 1, Number of updated programs: 0, Number of installed programs: 32, Number of new orphan files: 2, Number of new add-ons: 0, Number of removed add-ons: 0, Number of updated add-ons: 0, Number of installed add-ons: 73, Number of new installations: 0","800","0",,"4","0","0","576460752303423488","192","Microsoft-Windows-Application-Experience","eef54e71-0661-422d-9a98-82fd4940b820","Microsoft-Windows-Application-Experience/Program-Inventory","4004","2296","rjaf-PC4429","S-1-5-18","3/9/2014 4:19:00 AM",,,"c:\users\mac_1\desktop\winevt\logs\microsoft-windows-application-experience%4program-inventory.evtx","System.UInt32[]","System.Diagnostics.Eventing.Reader.EventBookmark","Information","Info",,"System.Collections.ObjectModel.ReadOnlyCollection`1[System.String]","System.Collections.Generic.List`1[System.Diagnostics.Eventing.Reader.EventProperty]"
,"907","0",,"4","0","0","576460752303423488","191","Microsoft-Windows-Application-Experience","eef54e71-0661-422d-9a98-82fd4940b820","Microsoft-Windows-Application-Experience/Program-Inventory","4004","2296","rjaf-PC4429","S-1-5-18","3/9/2014 4:19:00 AM",,,"c:\users\mac_1\desktop\winevt\logs\microsoft-windows-application-experience%4program-inventory.evtx","System.UInt32[]","System.Diagnostics.Eventing.Reader.EventBookmark","Information","Info",,"System.Collections.ObjectModel.ReadOnlyCollection`1[System.String]","System.Collections.Generic.List`1[System.Diagnostics.Eventing.Reader.EventProperty]"
,"903","0",,"4","0","0","576460752303423488","190","Microsoft-Windows-Application-Experience","eef54e71-0661-422d-9a98-82fd4940b820","Microsoft-Windows-Application-Experience/Program-Inventory","4004","2296","rjaf-PC4429","S-1-5-18","3/9/2014 4:19:00 AM",,,"c:\users\mac_1\desktop\winevt\logs\microsoft-windows-application-experience%4program-inventory.evtx","System.UInt32[]","System.Diagnostics.Eventing.Reader.EventBookmark","Information","Info",,"System.Collections.ObjectModel.ReadOnlyCollection`1[System.String]","System.Collections.Generic.List`1[System.Diagnostics.Eventing.Reader.EventProperty]"
"An instance of Program Data Updater (PDU) ran with the following information: StartTime: ?2014?-?03?-?04T06:57:29.043015700Z, StopTime: ?2014?-?03?-?04T06:58:25.967515700Z, ExitCode: 228, Number of new programs: 0, Number of removed programs: 0, Number of updated programs: 0, Number of installed programs: 32, Number of new orphan files: 0, Number of new add-ons: 0, Number of removed add-ons: 0, Number of updated add-ons: 0, Number of installed add-ons: 73, Number of new installations: 0","800","0",,"4","0","0","576460752303423488","189","Microsoft-Windows-Application-Experience","eef54e71-0661-422d-9a98-82fd4940b820","Microsoft-Windows-Application-Experience/Program-Inventory","3788","2024","rjaf-PC4429","S-1-5-18","3/3/2014 10:58:25 PM",,,"c:\users\mac_1\desktop\winevt\logs\microsoft-windows-application-experience%4program-inventory.evtx","System.UInt32[]","System.Diagnostics.Eventing.Reader.EventBookmark","Information","Info",,"System.Collections.ObjectModel.ReadOnlyCollection`1[System.String]","System.Collections.Generic.List`1[System.Diagnostics.Eventing.Reader.EventProperty]"
"An instance of Program Data Updater (PDU) ran with the following information: StartTime: ?2014?-?03?-?03T08:33:28.300333400Z, StopTime: ?2014?-?03?-?03T08:34:19.562023500Z, ExitCode: 228, Number of new programs: 0, Number of removed programs: 0, Number of updated programs: 0, Number of installed programs: 32, Number of new orphan files: 0, Number of new add-ons: 0, Number of removed add-ons: 0, Number of updated add-ons: 0, Number of installed add-ons: 73, Number of new installations: 0","800","0",,"4","0","0","576460752303423488","188","Microsoft-Windows-Application-Experience","eef54e71-0661-422d-9a98-82fd4940b820","Microsoft-Windows-Application-Experience/Program-Inventory","3408","3356","rjaf-PC4429","S-1-5-18","3/3/2014 12:34:19 AM",,,"c:\users\mac_1\desktop\winevt\logs\microsoft-windows-application-experience%4program-inventory.evtx","System.UInt32[]","System.Diagnostics.Eventing.Reader.EventBookmark","Information","Info",,"System.Collections.ObjectModel.ReadOnlyCollection`1[System.String]","System.Collections.Generic.List`1[System.Diagnostics.Eventing.Reader.EventProperty]"
"An instance of Program Data Updater (PDU) ran with the following information: StartTime: ?2014?-?03?-?01T23:19:33.841088100Z, StopTime: ?2014?-?03?-?01T23:20:16.351162700Z, ExitCode: 228, Number of new programs: 0, Number of removed programs: 0, Number of updated programs: 0, Number of installed programs: 32, Number of new orphan files: 0, Number of new add-ons: 0, Number of removed add-ons: 0, Number of updated add-ons: 0, Number of installed add-ons: 73, Number of new installations: 0","800","0",,"4","0","0","576460752303423488","187","Microsoft-Windows-Application-Experience","eef54e71-0661-422d-9a98-82fd4940b820","Microsoft-Windows-Application-Experience/Program-Inventory","3300","3100","rjaf-PC4429","S-1-5-18","3/1/2014 3:20:16 PM",,,"c:\users\mac_1\desktop\winevt\logs\microsoft-windows-application-experience%4program-inventory.evtx","System.UInt32[]","System.Diagnostics.Eventing.Reader.EventBookmark","Information","Info",,"System.Collections.ObjectModel.ReadOnlyCollection`1[System.String]","System.Collections.Generic.List`1[System.Diagnostics.Eventing.Reader.EventProperty]"
"An instance of Program Data Updater (PDU) ran with the following information: StartTime: ?2014?-?02?-?28T22:30:00.680685100Z, StopTime: ?2014?-?02?-?28T22:30:35.203545700Z, ExitCode: 228, Number of new programs: 0, Number of removed programs: 0, Number of updated programs: 0, Number of installed programs: 32, Number of new orphan files: 1, Number of new add-ons: 0, Number of removed add-ons: 0, Number of updated add-ons: 0, Number of installed add-ons: 73, Number of new installations: 0","800","0",,"4","0","0","576460752303423488","186","Microsoft-Windows-Application-Experience","eef54e71-0661-422d-9a98-82fd4940b820","Microsoft-Windows-Application-Experience/Program-Inventory","4008","3476","rjaf-PC4429","S-1-5-18","2/28/2014 2:30:35 PM",,,"c:\users\mac_1\desktop\winevt\logs\microsoft-windows-application-experience%4program-inventory.evtx","System.UInt32[]","System.Diagnostics.Eventing.Reader.EventBookmark","Information","Info",,"System.Collections.ObjectModel.ReadOnlyCollection`1[System.String]","System.Collections.Generic.List`1[System.Diagnostics.Eventing.Reader.EventProperty]"
"An instance of Program Data Updater (PDU) ran with the following information: StartTime: ?2014?-?02?-?27T07:27:11.403159400Z, StopTime: ?2014?-?02?-?27T07:28:03.268125900Z, ExitCode: 228, Number of new programs: 0, Number of removed programs: 0, Number of updated programs: 0, Number of installed programs: 32, Number of new orphan files: 0, Number of new add-ons: 0, Number of removed add-ons: 0, Number of updated add-ons: 0, Number of installed add-ons: 73, Number of new installations: 0","800","0",,"4","0","0","576460752303423488","185","Microsoft-Windows-Application-Experience","eef54e71-0661-422d-9a98-82fd4940b820","Microsoft-Windows-Application-Experience/Program-Inventory","2224","316","rjaf-PC4429","S-1-5-18","2/26/2014 11:28:03 PM",,,"c:\users\mac_1\desktop\winevt\logs\microsoft-windows-application-experience%4program-inventory.evtx","System.UInt32[]","System.Diagnostics.Eventing.Reader.EventBookmark","Information","Info",,"System.Collections.ObjectModel.ReadOnlyCollection`1[System.String]","System.Collections.Generic.List`1[System.Diagnostics.Eventing.Reader.EventProperty]"
"An instance of Program Data Updater (PDU) ran with the following information: StartTime: ?2014?-?02?-?26T07:28:44.776460100Z, StopTime: ?2014?-?02?-?26T07:29:33.443243700Z, ExitCode: 228, Number of new programs: 0, Number of removed programs: 0, Number of updated programs: 0, Number of installed programs: 32, Number of new orphan files: 0, Number of new add-ons: 0, Number of removed add-ons: 0, Number of updated add-ons: 0, Number of installed add-ons: 73, Number of new installations: 0","800","0",,"4","0","0","576460752303423488","184","Microsoft-Windows-Application-Experience","eef54e71-0661-422d-9a98-82fd4940b820","Microsoft-Windows-Application-Experience/Program-Inventory","5400","5656","rjaf-PC4429","S-1-5-18","2/25/2014 11:29:33 PM",,,"c:\users\mac_1\desktop\winevt\logs\microsoft-windows-application-experience%4program-inventory.evtx","System.UInt32[]","System.Diagnostics.Eventing.Reader.EventBookmark","Information","Info",,"System.Collections.ObjectModel.ReadOnlyCollection`1[System.String]","System.Collections.Generic.List`1[System.Diagnostics.Eventing.Reader.EventProperty]"
"An instance of Program Data Updater (PDU) ran with the following information: StartTime: ?2014?-?02?-?25T07:22:17.844191600Z, StopTime: ?2014?-?02?-?25T07:23:21.367503200Z, ExitCode: 228, Number of new programs: 0, Number of removed programs: 0, Number of updated programs: 0, Number of installed programs: 32, Number of new orphan files: 1, Number of new add-ons: 0, Number of removed add-ons: 0, Number of updated add-ons: 0, Number of installed add-ons: 73, Number of new installations: 0","800","0",,"4","0","0","576460752303423488","183","Microsoft-Windows-Application-Experience","eef54e71-0661-422d-9a98-82fd4940b820","Microsoft-Windows-Application-Experience/Program-Inventory","1276","3000","rjaf-PC4429","S-1-5-18","2/24/2014 11:23:21 PM",,,"c:\users\mac_1\desktop\winevt\logs\microsoft-windows-application-experience%4program-inventory.evtx","System.UInt32[]","System.Diagnostics.Eventing.Reader.EventBookmark","Information","Info",,"System.Collections.ObjectModel.ReadOnlyCollection`1[System.String]","System.Collections.Generic.List`1[System.Diagnostics.Eventing.Reader.EventProperty]"
"An instance of Program Data Updater (PDU) ran with the following information: StartTime: ?2014?-?02?-?24T07:08:37.915509900Z, StopTime: ?2014?-?02?-?24T07:09:32.921206600Z, ExitCode: 228, Number of new programs: 0, Number of removed programs: 0, Number of updated programs: 0, Number of installed programs: 32, Number of new orphan files: 0, Number of new add-ons: 0, Number of removed add-ons: 0, Number of updated add-ons: 0, Number of installed add-ons: 73, Number of new installations: 0","800","0",,"4","0","0","576460752303423488","182","Microsoft-Windows-Application-Experience","eef54e71-0661-422d-9a98-82fd4940b820","Microsoft-Windows-Application-Experience/Program-Inventory","5152","4456","rjaf-PC4429","S-1-5-18","2/23/2014 11:09:32 PM",,,"c:\users\mac_1\desktop\winevt\logs\microsoft-windows-application-experience%4program-inventory.evtx","System.UInt32[]","System.Diagnostics.Eventing.Reader.EventBookmark","Information","Info",,"System.Collections.ObjectModel.ReadOnlyCollection`1[System.String]","System.Collections.Generic.List`1[System.Diagnostics.Eventing.Reader.EventProperty]"
