     Boot Prefetch Time (us): 30697127
     Boot Prefetch Bytes: 294084608
     Boot Prefetch Read Count: 7042
","1015","1",,"4","1016","0","-9223372036854767616","812","Microsoft-Windows-ReadyBoost","e6307a09-292c-497e-aad6-498f68e2b619","Microsoft-Windows-ReadyBoost/Operational","952","3756","rjaf-PC4429","S-1-5-18","11/22/2014 2:43:48 AM",,,"c:\users\mac_1\desktop\winevt\logs\microsoft-windows-readyboost%4operational.evtx","System.UInt32[]","System.Diagnostics.Eventing.Reader.EventBookmark","Information","Info",,"System.Collections.ObjectModel.ReadOnlyCollection`1[System.String]","System.Collections.Generic.List`1[System.Diagnostics.Eventing.Reader.EventProperty]"
"Boot plan calculation completed in 1560 ms.
     Boot Plan Timestamp: ?2014?-?11?-?21T03:02:42.665863800Z
     Reason: Disk defragmentation
     Result: 0x0","1016","1",,"4","1016","0","-9223372036854767616","811","Microsoft-Windows-ReadyBoost","e6307a09-292c-497e-aad6-498f68e2b619","Microsoft-Windows-ReadyBoost/Operational","928","5032","rjaf-PC4429","S-1-5-18","11/20/2014 5:02:44 PM",,,"c:\users\mac_1\desktop\winevt\logs\microsoft-windows-readyboost%4operational.evtx","System.UInt32[]","System.Diagnostics.Eventing.Reader.EventBookmark","Information","Info",,"System.Collections.ObjectModel.ReadOnlyCollection`1[System.String]","System.Collections.Generic.List`1[System.Diagnostics.Eventing.Reader.EventProperty]"
"Boot plan calculation completed in 65535 ms.
     Boot Plan Timestamp: ?2014?-?11?-?20T03:02:51.681080300Z
     Reason: Disk defragmentation
     Result: 0x0","1016","1",,"4","1016","0","-9223372036854767616","810","Microsoft-Windows-ReadyBoost","e6307a09-292c-497e-aad6-498f68e2b619","Microsoft-Windows-ReadyBoost/Operational","928","2876","rjaf-PC4429","S-1-5-18","11/19/2014 11:22:49 PM",,,"c:\users\mac_1\desktop\winevt\logs\microsoft-windows-readyboost%4operational.evtx","System.UInt32[]","System.Diagnostics.Eventing.Reader.EventBookmark","Information","Info",,"System.Collections.ObjectModel.ReadOnlyCollection`1[System.String]","System.Collections.Generic.List`1[System.Diagnostics.Eventing.Reader.EventProperty]"
"Boot plan calculation completed in 905 ms.
     Boot Plan Timestamp: ?2014?-?11?-?19T12:15:23.663930700Z
     Reason: Disk defragmentation
     Result: 0x0","1016","1",,"4","1016","0","-9223372036854767616","809","Microsoft-Windows-ReadyBoost","e6307a09-292c-497e-aad6-498f68e2b619","Microsoft-Windows-ReadyBoost/Operational","928","2436","rjaf-PC4429","S-1-5-18","11/19/2014 2:15:24 AM",,,"c:\users\mac_1\desktop\winevt\logs\microsoft-windows-readyboost%4operational.evtx","System.UInt32[]","System.Diagnostics.Eventing.Reader.EventBookmark","Information","Info",,"System.Collections.ObjectModel.ReadOnlyCollection`1[System.String]","System.Collections.Generic.List`1[System.Diagnostics.Eventing.Reader.EventProperty]"
"Boot plan calculation completed in 1528 ms.
     Boot Plan Timestamp: ?2014?-?11?-?19T12:03:11.663845000Z
     Reason: Disk defragmentation
     Result: 0x0","1016","1",,"4","1016","0","-9223372036854767616","808","Microsoft-Windows-ReadyBoost","e6307a09-292c-497e-aad6-498f68e2b619","Microsoft-Windows-ReadyBoost/Operational","928","2560","rjaf-PC4429","S-1-5-18","11/19/2014 2:03:13 AM",,,"c:\users\mac_1\desktop\winevt\logs\microsoft-windows-readyboost%4operational.evtx","System.UInt32[]","System.Diagnostics.Eventing.Reader.EventBookmark","Information","Info",,"System.Collections.ObjectModel.ReadOnlyCollection`1[System.String]","System.Collections.Generic.List`1[System.Diagnostics.Eventing.Reader.EventProperty]"
"Boot plan calculation completed in 1669 ms.
     Boot Plan Timestamp: ?2014?-?11?-?19T11:10:48.901040000Z
     Reason: Disk defragmentation
     Result: 0x0","1016","1",,"4","1016","0","-9223372036854767616","807","Microsoft-Windows-ReadyBoost","e6307a09-292c-497e-aad6-498f68e2b619","Microsoft-Windows-ReadyBoost/Operational","928","3680","rjaf-PC4429","S-1-5-18","11/19/2014 1:10:50 AM",,,"c:\users\mac_1\desktop\winevt\logs\microsoft-windows-readyboost%4operational.evtx","System.UInt32[]","System.Diagnostics.Eventing.Reader.EventBookmark","Information","Info",,"System.Collections.ObjectModel.ReadOnlyCollection`1[System.String]","System.Collections.Generic.List`1[System.Diagnostics.Eventing.Reader.EventProperty]"
"Boot plan calculation completed in 5928 ms.
     Boot Plan Timestamp: ?2014?-?11?-?19T11:05:54.762523400Z
     Reason: System boot completion
     Result: 0x0","1016","1",,"4","1016","0","-9223372036854767616","806","Microsoft-Windows-ReadyBoost","e6307a09-292c-497e-aad6-498f68e2b619","Microsoft-Windows-ReadyBoost/Operational","928","3724","rjaf-PC4429","S-1-5-18","11/19/2014 1:06:00 AM",,,"c:\users\mac_1\desktop\winevt\logs\microsoft-windows-readyboost%4operational.evtx","System.UInt32[]","System.Diagnostics.Eventing.Reader.EventBookmark","Information","Info",,"System.Collections.ObjectModel.ReadOnlyCollection`1[System.String]","System.Collections.Generic.List`1[System.Diagnostics.Eventing.Reader.EventProperty]"
"Summary of ReadyBoot Performance:
     Io Read Count: 22124
     Io Read Bytes: 515767808
     Cache Hit Count: 15480
     Cache Hit Bytes: 301745664
     Cache Hit Percentage: 0.699692641475321
     Boot Prefetch Time (us): 34785848
     Boot Prefetch Bytes: 329048064
     Boot Prefetch Read Count: 7800
","1015","1",,"4","1016","0","-9223372036854767616","805","Microsoft-Windows-ReadyBoost","e6307a09-292c-497e-aad6-498f68e2b619","Microsoft-Windows-ReadyBoost/Operational","928","3724","rjaf-PC4429","S-1-5-18","11/19/2014 1:05:58 AM",,,"c:\users\mac_1\desktop\winevt\logs\microsoft-windows-readyboost%4operational.evtx","System.UInt32[]","System.Diagnostics.Eventing.Reader.EventBookmark","Information","Info",,"System.Collections.ObjectModel.ReadOnlyCollection`1[System.String]","System.Collections.Generic.List`1[System.Diagnostics.Eventing.Reader.EventProperty]"
"Boot plan calculation completed in 1841 ms.
     Boot Plan Timestamp: ?2014?-?11?-?18T12:05:36.042715100Z
     Reason: Disk defragmentation
     Result: 0x0","1016","1",,"4","1016","0","-9223372036854767616","804","Microsoft-Windows-ReadyBoost","e6307a09-292c-497e-aad6-498f68e2b619","Microsoft-Windows-ReadyBoost/Operational","924","4056","rjaf-PC4429","S-1-5-18","11/18/2014 2:05:37 AM",,,"c:\users\mac_1\desktop\winevt\logs\microsoft-windows-readyboost%4operational.evtx","System.UInt32[]","System.Diagnostics.Eventing.Reader.EventBookmark","Information","Info",,"System.Collections.ObjectModel.ReadOnlyCollection`1[System.String]","System.Collections.Generic.List`1[System.Diagnostics.Eventing.Reader.EventProperty]"
"Boot plan calculation completed in 33540 ms.
     Boot Plan Timestamp: ?2014?-?11?-?18T09:45:47.571568100Z
     Reason: System boot completion
     Result: 0x0","1016","1",,"4","1016","0","-9223372036854767616","803","Microsoft-Windows-ReadyBoost","e6307a09-292c-497e-aad6-498f68e2b619","Microsoft-Windows-ReadyBoost/Operational","924","3252","rjaf-PC4429","S-1-5-18","11/17/2014 11:46:21 PM",,,"c:\users\mac_1\desktop\winevt\logs\microsoft-windows-readyboost%4operational.evtx","System.UInt32[]","System.Diagnostics.Eventing.Reader.EventBookmark","Information","Info",,"System.Collections.ObjectModel.ReadOnlyCollection`1[System.String]","System.Collections.Generic.List`1[System.Diagnostics.Eventing.Reader.EventProperty]"
"Summary of ReadyBoot Performance:
     Io Read Count: 16367
     Io Read Bytes: 523520512
     Cache Hit Count: 14937
     Cache Hit Bytes: 326170112
     Cache Hit Percentage: 0.912629070691025
     Boot Prefetch Time (us): 39123522
     Boot Prefetch Bytes: 388501504
     Boot Prefetch Read Count: 9146
","1015","1",,"4","1016","0","-9223372036854767616","802","Microsoft-Windows-ReadyBoost","e6307a09-292c-497e-aad6-498f68e2b619","Microsoft-Windows-ReadyBoost/Operational","924","3252","rjaf-PC4429","S-1-5-18","11/17/2014 11:46:18 PM",,,"c:\users\mac_1\desktop\winevt\logs\microsoft-windows-readyboost%4operational.evtx","System.UInt32[]","System.Diagnostics.Eventing.Reader.EventBookmark","Information","Info",,"System.Collections.ObjectModel.ReadOnlyCollection`1[System.String]","System.Collections.Generic.List`1[System.Diagnostics.Eventing.Reader.EventProperty]"
"Boot plan calculation completed in 5320 ms.
     Boot Plan Timestamp: ?2014?-?11?-?17T19:36:04.757955900Z
     Reason: System boot completion
     Result: 0x0","1016","1",,"4","1016","0","-9223372036854767616","801","Microsoft-Windows-ReadyBoost","e6307a09-292c-497e-aad6-498f68e2b619","Microsoft-Windows-ReadyBoost/Operational","912","4028","rjaf-PC4429","S-1-5-18","11/17/2014 9:36:10 AM",,,"c:\users\mac_1\desktop\winevt\logs\microsoft-windows-readyboost%4operational.evtx","System.UInt32[]","System.Diagnostics.Eventing.Reader.EventBookmark","Information","Info",,"System.Collections.ObjectModel.ReadOnlyCollection`1[System.String]","System.Collections.Generic.List`1[System.Diagnostics.Eventing.Reader.EventProperty]"
"Summary of ReadyBoot Performance:
     Io Read Count: 20869
     Io Read Bytes: 558841856
     Cache Hit Count: 15701
     Cache Hit Bytes: 303682048
     Cache Hit Percentage: 0.75235995974891
     Boot Prefetch Time (us): 26818978
     Boot Prefetch Bytes: 286683136
     Boot Prefetch Read Count: 6887
","1015","1",,"4","1016","0","-9223372036854767616","800","Microsoft-Windows-ReadyBoost","e6307a09-292c-497e-aad6-498f68e2b619","Microsoft-Windows-ReadyBoost/Operational","912","4028","rjaf-PC4429","S-1-5-18","11/17/2014 9:36:08 AM",,,"c:\users\mac_1\desktop\winevt\logs\microsoft-windows-readyboost%4operational.evtx","System.UInt32[]","System.Diagnostics.Eventing.Reader.EventBookmark","Information","Info",,"System.Collections.ObjectModel.ReadOnlyCollection`1[System.String]","System.Collections.Generic.List`1[System.Diagnostics.Eventing.Reader.EventProperty]"
"Boot plan calculation completed in 905 ms.
     Boot Plan Timestamp: ?2014?-?11?-?17T11:09:47.645267700Z
     Reason: Disk defragmentation
     Result: 0x0","1016","1",,"4","1016","0","-9223372036854767616","799","Microsoft-Windows-ReadyBoost","e6307a09-292c-497e-aad6-498f68e2b619","Microsoft-Windows-ReadyBoost/Operational","932","3548","rjaf-PC4429","S-1-5-18","11/17/2014 1:09:48 AM",,,"c:\users\mac_1\desktop\winevt\logs\microsoft-windows-readyboost%4operational.evtx","System.UInt32[]","System.Diagnostics.Eventing.Reader.EventBookmark","Information","Info",,"System.Collections.ObjectModel.ReadOnlyCollection`1[System.String]","System.Collections.Generic.List`1[System.Diagnostics.Eventing.Reader.EventProperty]"
"Boot plan calculation completed in 17597 ms.
     Boot Plan Timestamp: ?2014?-?11?-?17T11:04:22.723714500Z
     Reason: System boot completion
     Result: 0x0","1016","1",,"4","1016","0","-9223372036854767616","798","Microsoft-Windows-ReadyBoost","e6307a09-292c-497e-aad6-498f68e2b619","Microsoft-Windows-ReadyBoost/Operational","932","3736","rjaf-PC4429","S-1-5-18","11/17/2014 1:04:40 AM",,,"c:\users\mac_1\desktop\winevt\logs\microsoft-windows-readyboost%4operational.evtx","System.UInt32[]","System.Diagnostics.Eventing.Reader.EventBookmark","Information","Info",,"System.Collections.ObjectModel.ReadOnlyCollection`1[System.String]","System.Collections.Generic.List`1[System.Diagnostics.Eventing.Reader.EventProperty]"
"Summary of ReadyBoot Performance:
     Io Read Count: 18264
     Io Read Bytes: 422284288
     Cache Hit Count: 15373
     Cache Hit Bytes: 301200384
     Cache Hit Percentage: 0.841710468681559
     Boot Prefetch Time (us): 39959022
     Boot Prefetch Bytes: 427573248
     Boot Prefetch Read Count: 9619
","1015","1",,"4","1016","0","-9223372036854767616","797","Microsoft-Windows-ReadyBoost","e6307a09-292c-497e-aad6-498f68e2b619","Microsoft-Windows-ReadyBoost/Operational","932","3736","rjaf-PC4429","S-1-5-18","11/17/2014 1:04:37 AM",,,"c:\users\mac_1\desktop\winevt\logs\microsoft-windows-readyboost%4operational.evtx","System.UInt32[]","System.Diagnostics.Eventing.Reader.EventBookmark","Information","Info",,"System.Collections.ObjectModel.ReadOnlyCollection`1[System.String]","System.Collections.Generic.List`1[System.Diagnostics.Eventing.Reader.EventProperty]"
"Boot plan calculation completed in 5116 ms.
     Boot Plan Timestamp: ?2014?-?11?-?17T08:59:10.739314500Z
     Reason: System boot completion
     Result: 0x0","1016","1",,"4","1016","0","-9223372036854767616","796","Microsoft-Windows-ReadyBoost","e6307a09-292c-497e-aad6-498f68e2b619","Microsoft-Windows-ReadyBoost/Operational","944","1164","rjaf-PC4429","S-1-5-18","11/16/2014 10:59:15 PM",,,"c:\users\mac_1\desktop\winevt\logs\microsoft-windows-readyboost%4operational.evtx","System.UInt32[]","System.Diagnostics.Eventing.Reader.EventBookmark","Information","Info",,"System.Collections.ObjectModel.ReadOnlyCollection`1[System.String]","System.Collections.Generic.List`1[System.Diagnostics.Eventing.Reader.EventProperty]"
"Summary of ReadyBoot Performance:
     Io Read Count: 13944
     Io Read Bytes: 411607552
     Cache Hit Count: 12703
     Cache Hit Bytes: 313676288
     Cache Hit Percentage: 0.911001147446931
     Boot Prefetch Time (us): 40627621
     Boot Prefetch Bytes: 425984000
     Boot Prefetch Read Count: 9600
","1015","1",,"4","1016","0","-9223372036854767616","795","Microsoft-Windows-ReadyBoost","e6307a09-292c-497e-aad6-498f68e2b619","Microsoft-Windows-ReadyBoost/Operational","944","1164","rjaf-PC4429","S-1-5-18","11/16/2014 10:59:14 PM",,,"c:\users\mac_1\desktop\winevt\logs\microsoft-windows-readyboost%4operational.evtx","System.UInt32[]","System.Diagnostics.Eventing.Reader.EventBookmark","Information","Info",,"System.Collections.ObjectModel.ReadOnlyCollection`1[System.String]","System.Collections.Generic.List`1[System.Diagnostics.Eventing.Reader.EventProperty]"
"Boot plan calculation completed in 3962 ms.
     Boot Plan Timestamp: ?2014?-?11?-?16T15:33:23.770431400Z
     Reason: System boot completion
     Result: 0x0","1016","1",,"4","1016","0","-9223372036854767616","794","Microsoft-Windows-ReadyBoost","e6307a09-292c-497e-aad6-498f68e2b619","Microsoft-Windows-ReadyBoost/Operational","944","1028","rjaf-PC4429","S-1-5-18","11/16/2014 5:33:27 AM",,,"c:\users\mac_1\desktop\winevt\logs\microsoft-windows-readyboost%4operational.evtx","System.UInt32[]","System.Diagnostics.Eventing.Reader.EventBookmark","Information","Info",,"System.Collections.ObjectModel.ReadOnlyCollection`1[System.String]","System.Collections.Generic.List`1[System.Diagnostics.Eventing.Reader.EventProperty]"
"Summary of ReadyBoot Performance:
     Io Read Count: 21471
     Io Read Bytes: 613266944
     Cache Hit Count: 15286
     Cache Hit Bytes: 296779264
     Cache Hit Percentage: 0.711937031344604
     Boot Prefetch Time (us): 34584804
     Boot Prefetch Bytes: 335593472
     Boot Prefetch Read Count: 7592
","1015","1",,"4","1016","0","-9223372036854767616","793","Microsoft-Windows-ReadyBoost","e6307a09-292c-497e-aad6-498f68e2b619","Microsoft-Windows-ReadyBoost/Operational","944","1028","rjaf-PC4429","S-1-5-18","11/16/2014 5:33:25 AM",,,"c:\users\mac_1\desktop\winevt\logs\microsoft-windows-readyboost%4operational.evtx","System.UInt32[]","System.Diagnostics.Eventing.Reader.EventBookmark","Information","Info",,"System.Collections.ObjectModel.ReadOnlyCollection`1[System.String]","System.Collections.Generic.List`1[System.Diagnostics.Eventing.Reader.EventProperty]"
"Boot plan calculation completed in 3744 ms.
     Boot Plan Timestamp: ?2014?-?11?-?16T11:08:47.113715200Z
     Reason: System boot completion
     Result: 0x0","1016","1",,"4","1016","0","-9223372036854767616","792","Microsoft-Windows-ReadyBoost","e6307a09-292c-497e-aad6-498f68e2b619","Microsoft-Windows-ReadyBoost/Operational","952","1052","rjaf-PC4429","S-1-5-18","11/16/2014 1:08:50 AM",,,"c:\users\mac_1\desktop\winevt\logs\microsoft-windows-readyboost%4operational.evtx","System.UInt32[]","System.Diagnostics.Eventing.Reader.EventBookmark","Information","Info",,"System.Collections.ObjectModel.ReadOnlyCollection`1[System.String]","System.Collections.Generic.List`1[System.Diagnostics.Eventing.Reader.EventProperty]"
"Summary of ReadyBoot Performance:
     Io Read Count: 16471
     Io Read Bytes: 460462592
     Cache Hit Count: 11463
     Cache Hit Bytes: 246235648
     Cache Hit Percentage: 0.695950458381398
     Boot Prefetch Time (us): 23700059
     Boot Prefetch Bytes: 291028992
     Boot Prefetch Read Count: 6968
","1015","1",,"4","1016","0","-9223372036854767616","791","Microsoft-Windows-ReadyBoost","e6307a09-292c-497e-aad6-498f68e2b619","Microsoft-Windows-ReadyBoost/Operational","952","1052","rjaf-PC4429","S-1-5-18","11/16/2014 1:08:49 AM",,,"c:\users\mac_1\desktop\winevt\logs\microsoft-windows-readyboost%4operational.evtx","System.UInt32[]","System.Diagnostics.Eventing.Reader.EventBookmark","Information","Info",,"System.Collections.ObjectModel.ReadOnlyCollection`1[System.String]","System.Collections.Generic.List`1[System.Diagnostics.Eventing.Reader.EventProperty]"
"Boot plan calculation completed in 1154 ms.
     Boot Plan Timestamp: ?2014?-?11?-?16T03:02:51.651479600Z
     Reason: Disk defragmentation
     Result: 0x0","1016","1",,"4","1016","0","-9223372036854767616","790","Microsoft-Windows-ReadyBoost","e6307a09-292c-497e-aad6-498f68e2b619","Microsoft-Windows-ReadyBoost/Operational","920","4896","rjaf-PC4429","S-1-5-18","11/15/2014 5:02:52 PM",,,"c:\users\mac_1\desktop\winevt\logs\microsoft-windows-readyboost%4operational.evtx","System.UInt32[]","System.Diagnostics.Eventing.Reader.EventBookmark","Information","Info",,"System.Collections.ObjectModel.ReadOnlyCollection`1[System.String]","System.Collections.Generic.List`1[System.Diagnostics.Eventing.Reader.EventProperty]"
"Boot plan calculation completed in 998 ms.
     Boot Plan Timestamp: ?2014?-?11?-?15T22:10:46.649743300Z
     Reason: Disk defragmentation
     Result: 0x0","1016","1",,"4","1016","0","-9223372036854767616","789","Microsoft-Windows-ReadyBoost","e6307a09-292c-497e-aad6-498f68e2b619","Microsoft-Windows-ReadyBoost/Operational","920","4076","rjaf-PC4429","S-1-5-18","11/15/2014 12:10:47 PM",,,"c:\users\mac_1\desktop\winevt\logs\microsoft-windows-readyboost%4operational.evtx","System.UInt32[]","System.Diagnostics.Eventing.Reader.EventBookmark","Information","Info",,"System.Collections.ObjectModel.ReadOnlyCollection`1[System.String]","System.Collections.Generic.List`1[System.Diagnostics.Eventing.Reader.EventProperty]"
"Boot plan calculation completed in 952 ms.
     Boot Plan Timestamp: ?2014?-?11?-?13T10:11:44.657184500Z
     Reason: Disk defragmentation
     Result: 0x0","1016","1",,"4","1016","0","-9223372036854767616","788","Microsoft-Windows-ReadyBoost","e6307a09-292c-497e-aad6-498f68e2b619","Microsoft-Windows-ReadyBoost/Operational","920","2592","rjaf-PC4429","S-1-5-18","11/13/2014 12:11:45 AM",,,"c:\users\mac_1\desktop\winevt\logs\microsoft-windows-readyboost%4operational.evtx","System.UInt32[]","System.Diagnostics.Eventing.Reader.EventBookmark","Information","Info",,"System.Collections.ObjectModel.ReadOnlyCollection`1[System.String]","System.Collections.Generic.List`1[System.Diagnostics.Eventing.Reader.EventProperty]"
"Boot plan calculation completed in 1217 ms.
     Boot Plan Timestamp: ?2014?-?11?-?13T09:51:26.700645300Z
     Reason: Disk defragmentation
     Result: 0x0","1016","1",,"4","1016","0","-9223372036854767616","787","Microsoft-Windows-ReadyBoost","e6307a09-292c-497e-aad6-498f68e2b619","Microsoft-Windows-ReadyBoost/Operational","920","3816","rjaf-PC4429","S-1-5-18","11/12/2014 11:51:27 PM",,,"c:\users\mac_1\desktop\winevt\logs\microsoft-windows-readyboost%4operational.evtx","System.UInt32[]","System.Diagnostics.Eventing.Reader.EventBookmark","Information","Info",,"System.Collections.ObjectModel.ReadOnlyCollection`1[System.String]","System.Collections.Generic.List`1[System.Diagnostics.Eventing.Reader.EventProperty]"
"Boot plan calculation completed in 4960 ms.
     Boot Plan Timestamp: ?2014?-?11?-?13T09:46:02.079928500Z
     Reason: System boot completion
     Result: 0x0","1016","1",,"4","1016","0","-9223372036854767616","786","Microsoft-Windows-ReadyBoost","e6307a09-292c-497e-aad6-498f68e2b619","Microsoft-Windows-ReadyBoost/Operational","920","3924","rjaf-PC4429","S-1-5-18","11/12/2014 11:46:07 PM",,,"c:\users\mac_1\desktop\winevt\logs\microsoft-windows-readyboost%4operational.evtx","System.UInt32[]","System.Diagnostics.Eventing.Reader.EventBookmark","Information","Info",,"System.Collections.ObjectModel.ReadOnlyCollection`1[System.String]","System.Collections.Generic.List`1[System.Diagnostics.Eventing.Reader.EventProperty]"
"Summary of ReadyBoot Performance:
     Io Read Count: 20048
     Io Read Bytes: 546307072
     Cache Hit Count: 15437
     Cache Hit Bytes: 299922432
     Cache Hit Percentage: 0.770001995211492
     Boot Prefetch Time (us): 28202658
     Boot Prefetch Bytes: 288473088
     Boot Prefetch Read Count: 6943
","1015","1",,"4","1016","0","-9223372036854767616","785","Microsoft-Windows-ReadyBoost","e6307a09-292c-497e-aad6-498f68e2b619","Microsoft-Windows-ReadyBoost/Operational","920","3924","rjaf-PC4429","S-1-5-18","11/12/2014 11:46:05 PM",,,"c:\users\mac_1\desktop\winevt\logs\microsoft-windows-readyboost%4operational.evtx","System.UInt32[]","System.Diagnostics.Eventing.Reader.EventBookmark","Information","Info",,"System.Collections.ObjectModel.ReadOnlyCollection`1[System.String]","System.Collections.Generic.List`1[System.Diagnostics.Eventing.Reader.EventProperty]"
"Boot plan calculation completed in 796 ms.
     Boot Plan Timestamp: ?2014?-?11?-?12T23:25:52.034736200Z
     Reason: Disk defragmentation
     Result: 0x0","1016","1",,"4","1016","0","-9223372036854767616","784","Microsoft-Windows-ReadyBoost","e6307a09-292c-497e-aad6-498f68e2b619","Microsoft-Windows-ReadyBoost/Operational","924","2444","rjaf-PC4429","S-1-5-18","11/12/2014 1:25:52 PM",,,"c:\users\mac_1\desktop\winevt\logs\microsoft-windows-readyboost%4operational.evtx","System.UInt32[]","System.Diagnostics.Eventing.Reader.EventBookmark","Information","Info",,"System.Collections.ObjectModel.ReadOnlyCollection`1[System.String]","System.Collections.Generic.List`1[System.Diagnostics.Eventing.Reader.EventProperty]"
"Boot plan calculation completed in 904 ms.
     Boot Plan Timestamp: ?2014?-?11?-?12T16:24:38.296405000Z
     Reason: Disk defragmentation
     Result: 0x0","1016","1",,"4","1016","0","-9223372036854767616","783","Microsoft-Windows-ReadyBoost","e6307a09-292c-497e-aad6-498f68e2b619","Microsoft-Windows-ReadyBoost/Operational","924","3516","rjaf-PC4429","S-1-5-18","11/12/2014 6:24:39 AM",,,"c:\users\mac_1\desktop\winevt\logs\microsoft-windows-readyboost%4operational.evtx","System.UInt32[]","System.Diagnostics.Eventing.Reader.EventBookmark","Information","Info",,"System.Collections.ObjectModel.ReadOnlyCollection`1[System.String]","System.Collections.Generic.List`1[System.Diagnostics.Eventing.Reader.EventProperty]"
"Boot plan calculation completed in 1139 ms.
     Boot Plan Timestamp: ?2014?-?11?-?12T09:40:25.286683200Z
     Reason: Disk defragmentation
     Result: 0x0","1016","1",,"4","1016","0","-9223372036854767616","782","Microsoft-Windows-ReadyBoost","e6307a09-292c-497e-aad6-498f68e2b619","Microsoft-Windows-ReadyBoost/Operational","924","3268","rjaf-PC4429","S-1-5-18","11/11/2014 11:40:26 PM",,,"c:\users\mac_1\desktop\winevt\logs\microsoft-windows-readyboost%4operational.evtx","System.UInt32[]","System.Diagnostics.Eventing.Reader.EventBookmark","Information","Info",,"System.Collections.ObjectModel.ReadOnlyCollection`1[System.String]","System.Collections.Generic.List`1[System.Diagnostics.Eventing.Reader.EventProperty]"
"Boot plan calculation completed in 920 ms.
     Boot Plan Timestamp: ?2014?-?11?-?11T22:28:28.036073100Z
     Reason: Disk defragmentation
     Result: 0x0","1016","1",,"4","1016","0","-9223372036854767616","781","Microsoft-Windows-ReadyBoost","e6307a09-292c-497e-aad6-498f68e2b619","Microsoft-Windows-ReadyBoost/Operational","924","2736","rjaf-PC4429","S-1-5-18","11/11/2014 12:28:28 PM",,,"c:\users\mac_1\desktop\winevt\logs\microsoft-windows-readyboost%4operational.evtx","System.UInt32[]","System.Diagnostics.Eventing.Reader.EventBookmark","Information","Info",,"System.Collections.ObjectModel.ReadOnlyCollection`1[System.String]","System.Collections.Generic.List`1[System.Diagnostics.Eventing.Reader.EventProperty]"
"Boot plan calculation completed in 6162 ms.
     Boot Plan Timestamp: ?2014?-?11?-?11T20:32:00.115858000Z
     Reason: System boot completion
     Result: 0x0","1016","1",,"4","1016","0","-9223372036854767616","780","Microsoft-Windows-ReadyBoost","e6307a09-292c-497e-aad6-498f68e2b619","Microsoft-Windows-ReadyBoost/Operational","924","3864","rjaf-PC4429","S-1-5-18","11/11/2014 10:32:06 AM",,,"c:\users\mac_1\desktop\winevt\logs\microsoft-windows-readyboost%4operational.evtx","System.UInt32[]","System.Diagnostics.Eventing.Reader.EventBookmark","Information","Info",,"System.Collections.ObjectModel.ReadOnlyCollection`1[System.String]","System.Collections.Generic.List`1[System.Diagnostics.Eventing.Reader.EventProperty]"
"Summary of ReadyBoot Performance:
     Io Read Count: 20859
     Io Read Bytes: 555155968
     Cache Hit Count: 12995
     Cache Hit Bytes: 263302144
     Cache Hit Percentage: 0.622992473272928
     Boot Prefetch Time (us): 22212676
     Boot Prefetch Bytes: 298340352
     Boot Prefetch Read Count: 6575
","1015","1",,"4","1016","0","-9223372036854767616","779","Microsoft-Windows-ReadyBoost","e6307a09-292c-497e-aad6-498f68e2b619","Microsoft-Windows-ReadyBoost/Operational","924","3864","rjaf-PC4429","S-1-5-18","11/11/2014 10:32:05 AM",,,"c:\users\mac_1\desktop\winevt\logs\microsoft-windows-readyboost%4operational.evtx","System.UInt32[]","System.Diagnostics.Eventing.Reader.EventBookmark","Information","Info",,"System.Collections.ObjectModel.ReadOnlyCollection`1[System.String]","System.Collections.Generic.List`1[System.Diagnostics.Eventing.Reader.EventProperty]"
"Boot plan calculation completed in 718 ms.
     Boot Plan Timestamp: ?2014?-?11?-?11T12:15:55.041041600Z
     Reason: Disk defragmentation
     Result: 0x0","1016","1",,"4","1016","0","-9223372036854767616","778","Microsoft-Windows-ReadyBoost","e6307a09-292c-497e-aad6-498f68e2b619","Microsoft-Windows-ReadyBoost/Operational","932","2928","rjaf-PC4429","S-1-5-18","11/11/2014 2:15:55 AM",,,"c:\users\mac_1\desktop\winevt\logs\microsoft-windows-readyboost%4operational.evtx","System.UInt32[]","System.Diagnostics.Eventing.Reader.EventBookmark","Information","Info",,"System.Collections.ObjectModel.ReadOnlyCollection`1[System.String]","System.Collections.Generic.List`1[System.Diagnostics.Eventing.Reader.EventProperty]"
"Boot plan calculation completed in 3916 ms.
     Boot Plan Timestamp: ?2014?-?11?-?10T09:30:24.212110100Z
     Reason: System boot completion
     Result: 0x0","1016","1",,"4","1016","0","-9223372036854767616","777","Microsoft-Windows-ReadyBoost","e6307a09-292c-497e-aad6-498f68e2b619","Microsoft-Windows-ReadyBoost/Operational","932","1136","rjaf-PC4429","S-1-5-18","11/9/2014 11:30:28 PM",,,"c:\users\mac_1\desktop\winevt\logs\microsoft-windows-readyboost%4operational.evtx","System.UInt32[]","System.Diagnostics.Eventing.Reader.EventBookmark","Information","Info",,"System.Collections.ObjectModel.ReadOnlyCollection`1[System.String]","System.Collections.Generic.List`1[System.Diagnostics.Eventing.Reader.EventProperty]"
"Summary of ReadyBoot Performance:
     Io Read Count: 13672
     Io Read Bytes: 414051328
     Cache Hit Count: 12123
     Cache Hit Bytes: 258118656
     Cache Hit Percentage: 0.886702750146284
     Boot Prefetch Time (us): 28945239
     Boot Prefetch Bytes: 291844096
     Boot Prefetch Read Count: 6995
","1015","1",,"4","1016","0","-9223372036854767616","776","Microsoft-Windows-ReadyBoost","e6307a09-292c-497e-aad6-498f68e2b619","Microsoft-Windows-ReadyBoost/Operational","932","1136","rjaf-PC4429","S-1-5-18","11/9/2014 11:30:27 PM",,,"c:\users\mac_1\desktop\winevt\logs\microsoft-windows-readyboost%4operational.evtx","System.UInt32[]","System.Diagnostics.Eventing.Reader.EventBookmark","Information","Info",,"System.Collections.ObjectModel.ReadOnlyCollection`1[System.String]","System.Collections.Generic.List`1[System.Diagnostics.Eventing.Reader.EventProperty]"
"Boot plan calculation completed in 34570 ms.
     Boot Plan Timestamp: ?2014?-?11?-?09T17:58:24.726911000Z
     Reason: System boot completion
     Result: 0x0","1016","1",,"4","1016","0","-9223372036854767616","775","Microsoft-Windows-ReadyBoost","e6307a09-292c-497e-aad6-498f68e2b619","Microsoft-Windows-ReadyBoost/Operational","924","1832","rjaf-PC4429","S-1-5-18","11/9/2014 7:58:59 AM",,,"c:\users\mac_1\desktop\winevt\logs\microsoft-windows-readyboost%4operational.evtx","System.UInt32[]","System.Diagnostics.Eventing.Reader.EventBookmark","Information","Info",,"System.Collections.ObjectModel.ReadOnlyCollection`1[System.String]","System.Collections.Generic.List`1[System.Diagnostics.Eventing.Reader.EventProperty]"
"Summary of ReadyBoot Performance:
     Io Read Count: 13823
     Io Read Bytes: 415184896
     Cache Hit Count: 12115
     Cache Hit Bytes: 262613504
     Cache Hit Percentage: 0.876437821022933
     Boot Prefetch Time (us): 25889088
     Boot Prefetch Bytes: 288206848
     Boot Prefetch Read Count: 6922
","1015","1",,"4","1016","0","-9223372036854767616","774","Microsoft-Windows-ReadyBoost","e6307a09-292c-497e-aad6-498f68e2b619","Microsoft-Windows-ReadyBoost/Operational","924","1832","rjaf-PC4429","S-1-5-18","11/9/2014 7:58:58 AM",,,"c:\users\mac_1\desktop\winevt\logs\microsoft-windows-readyboost%4operational.evtx","System.UInt32[]","System.Diagnostics.Eventing.Reader.EventBookmark","Information","Info",,"System.Collections.ObjectModel.ReadOnlyCollection`1[System.String]","System.Collections.Generic.List`1[System.Diagnostics.Eventing.Reader.EventProperty]"
"Boot plan calculation completed in 562 ms.
     Boot Plan Timestamp: ?2014?-?11?-?09T10:19:19.900807200Z
     Reason: Disk defragmentation
     Result: 0x0","1016","1",,"4","1016","0","-9223372036854767616","773","Microsoft-Windows-ReadyBoost","e6307a09-292c-497e-aad6-498f68e2b619","Microsoft-Windows-ReadyBoost/Operational","924","4224","rjaf-PC4429","S-1-5-18","11/9/2014 12:19:20 AM",,,"c:\users\mac_1\desktop\winevt\logs\microsoft-windows-readyboost%4operational.evtx","System.UInt32[]","System.Diagnostics.Eventing.Reader.EventBookmark","Information","Info",,"System.Collections.ObjectModel.ReadOnlyCollection`1[System.String]","System.Collections.Generic.List`1[System.Diagnostics.Eventing.Reader.EventProperty]"
"Boot plan calculation completed in 4165 ms.
     Boot Plan Timestamp: ?2014?-?11?-?09T09:37:07.979707900Z
     Reason: System boot completion
     Result: 0x0","1016","1",,"4","1016","0","-9223372036854767616","772","Microsoft-Windows-ReadyBoost","e6307a09-292c-497e-aad6-498f68e2b619","Microsoft-Windows-ReadyBoost/Operational","924","3792","rjaf-PC4429","S-1-5-18","11/8/2014 11:37:12 PM",,,"c:\users\mac_1\desktop\winevt\logs\microsoft-windows-readyboost%4operational.evtx","System.UInt32[]","System.Diagnostics.Eventing.Reader.EventBookmark","Information","Info",,"System.Collections.ObjectModel.ReadOnlyCollection`1[System.String]","System.Collections.Generic.List`1[System.Diagnostics.Eventing.Reader.EventProperty]"
"Summary of ReadyBoot Performance:
     Io Read Count: 17246
     Io Read Bytes: 409179136
     Cache Hit Count: 15578
     Cache Hit Bytes: 304361984
     Cache Hit Percentage: 0.903281920445321
     Boot Prefetch Time (us): 28461714
     Boot Prefetch Bytes: 286982144
     Boot Prefetch Read Count: 6933
","1015","1",,"4","1016","0","-9223372036854767616","771","Microsoft-Windows-ReadyBoost","e6307a09-292c-497e-aad6-498f68e2b619","Microsoft-Windows-ReadyBoost/Operational","924","3792","rjaf-PC4429","S-1-5-18","11/8/2014 11:37:11 PM",,,"c:\users\mac_1\desktop\winevt\logs\microsoft-windows-readyboost%4operational.evtx","System.UInt32[]","System.Diagnostics.Eventing.Reader.EventBookmark","Information","Info",,"System.Collections.ObjectModel.ReadOnlyCollection`1[System.String]","System.Collections.Generic.List`1[System.Diagnostics.Eventing.Reader.EventProperty]"
"Boot plan calculation completed in 968 ms.
     Boot Plan Timestamp: ?2014?-?11?-?08T10:50:17.035894600Z
     Reason: Disk defragmentation
     Result: 0x0","1016","1",,"4","1016","0","-9223372036854767616","770","Microsoft-Windows-ReadyBoost","e6307a09-292c-497e-aad6-498f68e2b619","Microsoft-Windows-ReadyBoost/Operational","924","4076","rjaf-PC4429","S-1-5-18","11/8/2014 12:50:18 AM",,,"c:\users\mac_1\desktop\winevt\logs\microsoft-windows-readyboost%4operational.evtx","System.UInt32[]","System.Diagnostics.Eventing.Reader.EventBookmark","Information","Info",,"System.Collections.ObjectModel.ReadOnlyCollection`1[System.String]","System.Collections.Generic.List`1[System.Diagnostics.Eventing.Reader.EventProperty]"
"Boot plan calculation completed in 3994 ms.
     Boot Plan Timestamp: ?2014?-?11?-?08T10:44:21.120717500Z
     Reason: System boot completion
     Result: 0x0","1016","1",,"4","1016","0","-9223372036854767616","769","Microsoft-Windows-ReadyBoost","e6307a09-292c-497e-aad6-498f68e2b619","Microsoft-Windows-ReadyBoost/Operational","924","4012","rjaf-PC4429","S-1-5-18","11/8/2014 12:44:25 AM",,,"c:\users\mac_1\desktop\winevt\logs\microsoft-windows-readyboost%4operational.evtx","System.UInt32[]","System.Diagnostics.Eventing.Reader.EventBookmark","Information","Info",,"System.Collections.ObjectModel.ReadOnlyCollection`1[System.String]","System.Collections.Generic.List`1[System.Diagnostics.Eventing.Reader.EventProperty]"
"Summary of ReadyBoot Performance:
     Io Read Count: 17742
     Io Read Bytes: 457123328
     Cache Hit Count: 15495
     Cache Hit Bytes: 296693760
     Cache Hit Percentage: 0.873351369631383
     Boot Prefetch Time (us): 30126639
     Boot Prefetch Bytes: 285044736
     Boot Prefetch Read Count: 6920
","1015","1",,"4","1016","0","-9223372036854767616","768","Microsoft-Windows-ReadyBoost","e6307a09-292c-497e-aad6-498f68e2b619","Microsoft-Windows-ReadyBoost/Operational","924","4012","rjaf-PC4429","S-1-5-18","11/8/2014 12:44:24 AM",,,"c:\users\mac_1\desktop\winevt\logs\microsoft-windows-readyboost%4operational.evtx","System.UInt32[]","System.Diagnostics.Eventing.Reader.EventBookmark","Information","Info",,"System.Collections.ObjectModel.ReadOnlyCollection`1[System.String]","System.Collections.Generic.List`1[System.Diagnostics.Eventing.Reader.EventProperty]"
"Boot plan calculation completed in 842 ms.
     Boot Plan Timestamp: ?2014?-?11?-?06T10:41:45.670109000Z
     Reason: Disk defragmentation
     Result: 0x0","1016","1",,"4","1016","0","-9223372036854767616","767","Microsoft-Windows-ReadyBoost","e6307a09-292c-497e-aad6-498f68e2b619","Microsoft-Windows-ReadyBoost/Operational","920","2992","rjaf-PC4429","S-1-5-18","11/6/2014 12:41:46 AM",,,"c:\users\mac_1\desktop\winevt\logs\microsoft-windows-readyboost%4operational.evtx","System.UInt32[]","System.Diagnostics.Eventing.Reader.EventBookmark","Information","Info",,"System.Collections.ObjectModel.ReadOnlyCollection`1[System.String]","System.Collections.Generic.List`1[System.Diagnostics.Eventing.Reader.EventProperty]"
"Boot plan calculation completed in 38033 ms.
     Boot Plan Timestamp: ?2014?-?11?-?06T10:15:59.478908800Z
     Reason: System boot completion
     Result: 0x0","1016","1",,"4","1016","0","-9223372036854767616","766","Microsoft-Windows-ReadyBoost","e6307a09-292c-497e-aad6-498f68e2b619","Microsoft-Windows-ReadyBoost/Operational","920","2548","rjaf-PC4429","S-1-5-18","11/6/2014 12:16:37 AM",,,"c:\users\mac_1\desktop\winevt\logs\microsoft-windows-readyboost%4operational.evtx","System.UInt32[]","System.Diagnostics.Eventing.Reader.EventBookmark","Information","Info",,"System.Collections.ObjectModel.ReadOnlyCollection`1[System.String]","System.Collections.Generic.List`1[System.Diagnostics.Eventing.Reader.EventProperty]"
"Summary of ReadyBoot Performance:
     Io Read Count: 14264
     Io Read Bytes: 422144000
     Cache Hit Count: 11644
     Cache Hit Bytes: 241005056
     Cache Hit Percentage: 0.816320807627594
     Boot Prefetch Time (us): 29204009
     Boot Prefetch Bytes: 294977536
     Boot Prefetch Read Count: 7154
","1015","1",,"4","1016","0","-9223372036854767616","765","Microsoft-Windows-ReadyBoost","e6307a09-292c-497e-aad6-498f68e2b619","Microsoft-Windows-ReadyBoost/Operational","920","2548","rjaf-PC4429","S-1-5-18","11/6/2014 12:16:36 AM",,,"c:\users\mac_1\desktop\winevt\logs\microsoft-windows-readyboost%4operational.evtx","System.UInt32[]","System.Diagnostics.Eventing.Reader.EventBookmark","Information","Info",,"System.Collections.ObjectModel.ReadOnlyCollection`1[System.String]","System.Collections.Generic.List`1[System.Diagnostics.Eventing.Reader.EventProperty]"
"Boot plan calculation completed in 1123 ms.
     Boot Plan Timestamp: ?2014?-?11?-?05T15:10:21.647040400Z
     Reason: Disk defragmentation
     Result: 0x0","1016","1",,"4","1016","0","-9223372036854767616","764","Microsoft-Windows-ReadyBoost","e6307a09-292c-497e-aad6-498f68e2b619","Microsoft-Windows-ReadyBoost/Operational","936","740","rjaf-PC4429","S-1-5-18","11/5/2014 5:10:22 AM",,,"c:\users\mac_1\desktop\winevt\logs\microsoft-windows-readyboost%4operational.evtx","System.UInt32[]","System.Diagnostics.Eventing.Reader.EventBookmark","Information","Info",,"System.Collections.ObjectModel.ReadOnlyCollection`1[System.String]","System.Collections.Generic.List`1[System.Diagnostics.Eventing.Reader.EventProperty]"
"Boot plan calculation completed in 1436 ms.
     Boot Plan Timestamp: ?2014?-?11?-?05T11:16:38.646447200Z
     Reason: Disk defragmentation
     Result: 0x0","1016","1",,"4","1016","0","-9223372036854767616","763","Microsoft-Windows-ReadyBoost","e6307a09-292c-497e-aad6-498f68e2b619","Microsoft-Windows-ReadyBoost/Operational","936","2592","rjaf-PC4429","S-1-5-18","11/5/2014 1:16:40 AM",,,"c:\users\mac_1\desktop\winevt\logs\microsoft-windows-readyboost%4operational.evtx","System.UInt32[]","System.Diagnostics.Eventing.Reader.EventBookmark","Information","Info",,"System.Collections.ObjectModel.ReadOnlyCollection`1[System.String]","System.Collections.Generic.List`1[System.Diagnostics.Eventing.Reader.EventProperty]"
"Boot plan calculation completed in 1420 ms.
     Boot Plan Timestamp: ?2014?-?11?-?04T10:28:08.658579100Z
     Reason: Disk defragmentation
     Result: 0x0","1016","1",,"4","1016","0","-9223372036854767616","762","Microsoft-Windows-ReadyBoost","e6307a09-292c-497e-aad6-498f68e2b619","Microsoft-Windows-ReadyBoost/Operational","936","892","rjaf-PC4429","S-1-5-18","11/4/2014 12:28:10 AM",,,"c:\users\mac_1\desktop\winevt\logs\microsoft-windows-readyboost%4operational.evtx","System.UInt32[]","System.Diagnostics.Eventing.Reader.EventBookmark","Information","Info",,"System.Collections.ObjectModel.ReadOnlyCollection`1[System.String]","System.Collections.Generic.List`1[System.Diagnostics.Eventing.Reader.EventProperty]"
"Boot plan calculation completed in 21575 ms.
     Boot Plan Timestamp: ?2014?-?11?-?04T10:20:11.777606800Z
     Reason: System boot completion
     Result: 0x0","1016","1",,"4","1016","0","-9223372036854767616","761","Microsoft-Windows-ReadyBoost","e6307a09-292c-497e-aad6-498f68e2b619","Microsoft-Windows-ReadyBoost/Operational","936","3516","rjaf-PC4429","S-1-5-18","11/4/2014 12:20:33 AM",,,"c:\users\mac_1\desktop\winevt\logs\microsoft-windows-readyboost%4operational.evtx","System.UInt32[]","System.Diagnostics.Eventing.Reader.EventBookmark","Information","Info",,"System.Collections.ObjectModel.ReadOnlyCollection`1[System.String]","System.Collections.Generic.List`1[System.Diagnostics.Eventing.Reader.EventProperty]"
"Summary of ReadyBoot Performance:
     Io Read Count: 20160
     Io Read Bytes: 621725696
     Cache Hit Count: 14031
     Cache Hit Bytes: 284132864
     Cache Hit Percentage: 0.695982142857143
     Boot Prefetch Time (us): 28428198
     Boot Prefetch Bytes: 308948992
     Boot Prefetch Read Count: 7437
","1015","1",,"4","1016","0","-9223372036854767616","760","Microsoft-Windows-ReadyBoost","e6307a09-292c-497e-aad6-498f68e2b619","Microsoft-Windows-ReadyBoost/Operational","936","3516","rjaf-PC4429","S-1-5-18","11/4/2014 12:20:32 AM",,,"c:\users\mac_1\desktop\winevt\logs\microsoft-windows-readyboost%4operational.evtx","System.UInt32[]","System.Diagnostics.Eventing.Reader.EventBookmark","Information","Info",,"System.Collections.ObjectModel.ReadOnlyCollection`1[System.String]","System.Collections.Generic.List`1[System.Diagnostics.Eventing.Reader.EventProperty]"
"Boot plan calculation completed in 5272 ms.
     Boot Plan Timestamp: ?2014?-?11?-?03T20:03:40.625319600Z
     Reason: System boot completion
     Result: 0x0","1016","1",,"4","1016","0","-9223372036854767616","759","Microsoft-Windows-ReadyBoost","e6307a09-292c-497e-aad6-498f68e2b619","Microsoft-Windows-ReadyBoost/Operational","932","3588","rjaf-PC4429","S-1-5-18","11/3/2014 10:03:45 AM",,,"c:\users\mac_1\desktop\winevt\logs\microsoft-windows-readyboost%4operational.evtx","System.UInt32[]","System.Diagnostics.Eventing.Reader.EventBookmark","Information","Info",,"System.Collections.ObjectModel.ReadOnlyCollection`1[System.String]","System.Collections.Generic.List`1[System.Diagnostics.Eventing.Reader.EventProperty]"
"Summary of ReadyBoot Performance:
     Io Read Count: 17442
     Io Read Bytes: 388002304
     Cache Hit Count: 13780
     Cache Hit Bytes: 244635648
     Cache Hit Percentage: 0.79004701295723
     Boot Prefetch Time (us): 26134233
     Boot Prefetch Bytes: 298835968
     Boot Prefetch Read Count: 7184
","1015","1",,"4","1016","0","-9223372036854767616","758","Microsoft-Windows-ReadyBoost","e6307a09-292c-497e-aad6-498f68e2b619","Microsoft-Windows-ReadyBoost/Operational","932","3588","rjaf-PC4429","S-1-5-18","11/3/2014 10:03:44 AM",,,"c:\users\mac_1\desktop\winevt\logs\microsoft-windows-readyboost%4operational.evtx","System.UInt32[]","System.Diagnostics.Eventing.Reader.EventBookmark","Information","Info",,"System.Collections.ObjectModel.ReadOnlyCollection`1[System.String]","System.Collections.Generic.List`1[System.Diagnostics.Eventing.Reader.EventProperty]"
"Boot plan calculation completed in 765 ms.
     Boot Plan Timestamp: ?2014?-?11?-?03T00:45:20.019608200Z
     Reason: Disk defragmentation
     Result: 0x0","1016","1",,"4","1016","0","-9223372036854767616","757","Microsoft-Windows-ReadyBoost","e6307a09-292c-497e-aad6-498f68e2b619","Microsoft-Windows-ReadyBoost/Operational","924","3452","rjaf-PC4429","S-1-5-18","11/2/2014 2:45:20 PM",,,"c:\users\mac_1\desktop\winevt\logs\microsoft-windows-readyboost%4operational.evtx","System.UInt32[]","System.Diagnostics.Eventing.Reader.EventBookmark","Information","Info",,"System.Collections.ObjectModel.ReadOnlyCollection`1[System.String]","System.Collections.Generic.List`1[System.Diagnostics.Eventing.Reader.EventProperty]"
"Boot plan calculation completed in 4149 ms.
     Boot Plan Timestamp: ?2014?-?11?-?03T00:07:28.609719600Z
     Reason: System boot completion
     Result: 0x0","1016","1",,"4","1016","0","-9223372036854767616","756","Microsoft-Windows-ReadyBoost","e6307a09-292c-497e-aad6-498f68e2b619","Microsoft-Windows-ReadyBoost/Operational","924","3844","rjaf-PC4429","S-1-5-18","11/2/2014 2:07:32 PM",,,"c:\users\mac_1\desktop\winevt\logs\microsoft-windows-readyboost%4operational.evtx","System.UInt32[]","System.Diagnostics.Eventing.Reader.EventBookmark","Information","Info",,"System.Collections.ObjectModel.ReadOnlyCollection`1[System.String]","System.Collections.Generic.List`1[System.Diagnostics.Eventing.Reader.EventProperty]"
"Summary of ReadyBoot Performance:
     Io Read Count: 18644
     Io Read Bytes: 432865792
     Cache Hit Count: 14173
     Cache Hit Bytes: 276748288
     Cache Hit Percentage: 0.760190946148895
     Boot Prefetch Time (us): 28945090
     Boot Prefetch Bytes: 281796608
     Boot Prefetch Read Count: 6965
","1015","1",,"4","1016","0","-9223372036854767616","755","Microsoft-Windows-ReadyBoost","e6307a09-292c-497e-aad6-498f68e2b619","Microsoft-Windows-ReadyBoost/Operational","924","3844","rjaf-PC4429","S-1-5-18","11/2/2014 2:07:31 PM",,,"c:\users\mac_1\desktop\winevt\logs\microsoft-windows-readyboost%4operational.evtx","System.UInt32[]","System.Diagnostics.Eventing.Reader.EventBookmark","Information","Info",,"System.Collections.ObjectModel.ReadOnlyCollection`1[System.String]","System.Collections.Generic.List`1[System.Diagnostics.Eventing.Reader.EventProperty]"
"Boot plan calculation completed in 1295 ms.
     Boot Plan Timestamp: ?2014?-?11?-?02T07:39:10.395217900Z
     Reason: Disk defragmentation
     Result: 0x0","1016","1",,"4","1016","0","-9223372036854767616","754","Microsoft-Windows-ReadyBoost","e6307a09-292c-497e-aad6-498f68e2b619","Microsoft-Windows-ReadyBoost/Operational","924","1716","rjaf-PC4429","S-1-5-18","11/1/2014 10:39:11 PM",,,"c:\users\mac_1\desktop\winevt\logs\microsoft-windows-readyboost%4operational.evtx","System.UInt32[]","System.Diagnostics.Eventing.Reader.EventBookmark","Information","Info",,"System.Collections.ObjectModel.ReadOnlyCollection`1[System.String]","System.Collections.Generic.List`1[System.Diagnostics.Eventing.Reader.EventProperty]"
"Boot plan calculation completed in 38017 ms.
     Boot Plan Timestamp: ?2014?-?10?-?30T08:38:57.140678500Z
     Reason: Disk defragmentation
     Result: 0x0","1016","1",,"4","1016","0","-9223372036854767616","753","Microsoft-Windows-ReadyBoost","e6307a09-292c-497e-aad6-498f68e2b619","Microsoft-Windows-ReadyBoost/Operational","924","4872","rjaf-PC4429","S-1-5-18","10/29/2014 11:39:35 PM",,,"c:\users\mac_1\desktop\winevt\logs\microsoft-windows-readyboost%4operational.evtx","System.UInt32[]","System.Diagnostics.Eventing.Reader.EventBookmark","Information","Info",,"System.Collections.ObjectModel.ReadOnlyCollection`1[System.String]","System.Collections.Generic.List`1[System.Diagnostics.Eventing.Reader.EventProperty]"
"The device (Generic USB  CF Reader) will not be used for a ReadyBoost cache because the device is too small. Size: 122 MB.  Minimum Size: 235 MB","1009","0",,"4","1019","0","-9223372036854759424","752","Microsoft-Windows-ReadyBoost","e6307a09-292c-497e-aad6-498f68e2b619","Microsoft-Windows-ReadyBoost/Operational","924","1712","rjaf-PC4429","S-1-5-18","10/29/2014 10:57:18 PM",,,"c:\users\mac_1\desktop\winevt\logs\microsoft-windows-readyboost%4operational.evtx","System.UInt32[]","System.Diagnostics.Eventing.Reader.EventBookmark","Information","Info",,"System.Collections.ObjectModel.ReadOnlyCollection`1[System.String]","System.Collections.Generic.List`1[System.Diagnostics.Eventing.Reader.EventProperty]"
"Boot plan calculation completed in 1560 ms.
     Boot Plan Timestamp: ?2014?-?10?-?29T15:29:40.142777500Z
     Reason: Disk defragmentation
     Result: 0x0","1016","1",,"4","1016","0","-9223372036854767616","751","Microsoft-Windows-ReadyBoost","e6307a09-292c-497e-aad6-498f68e2b619","Microsoft-Windows-ReadyBoost/Operational","924","7220","rjaf-PC4429","S-1-5-18","10/29/2014 6:29:41 AM",,,"c:\users\mac_1\desktop\winevt\logs\microsoft-windows-readyboost%4operational.evtx","System.UInt32[]","System.Diagnostics.Eventing.Reader.EventBookmark","Information","Info",,"System.Collections.ObjectModel.ReadOnlyCollection`1[System.String]","System.Collections.Generic.List`1[System.Diagnostics.Eventing.Reader.EventProperty]"
"Boot plan calculation completed in 1575 ms.
     Boot Plan Timestamp: ?2014?-?10?-?28T20:11:21.334457000Z
     Reason: Disk defragmentation
     Result: 0x0","1016","1",,"4","1016","0","-9223372036854767616","750","Microsoft-Windows-ReadyBoost","e6307a09-292c-497e-aad6-498f68e2b619","Microsoft-Windows-ReadyBoost/Operational","924","3912","rjaf-PC4429","S-1-5-18","10/28/2014 11:11:22 AM",,,"c:\users\mac_1\desktop\winevt\logs\microsoft-windows-readyboost%4operational.evtx","System.UInt32[]","System.Diagnostics.Eventing.Reader.EventBookmark","Information","Info",,"System.Collections.ObjectModel.ReadOnlyCollection`1[System.String]","System.Collections.Generic.List`1[System.Diagnostics.Eventing.Reader.EventProperty]"
"Boot plan calculation completed in 1467 ms.
     Boot Plan Timestamp: ?2014?-?10?-?27T16:13:40.137904700Z
     Reason: Disk defragmentation
     Result: 0x0","1016","1",,"4","1016","0","-9223372036854767616","749","Microsoft-Windows-ReadyBoost","e6307a09-292c-497e-aad6-498f68e2b619","Microsoft-Windows-ReadyBoost/Operational","924","3880","rjaf-PC4429","S-1-5-18","10/27/2014 7:13:41 AM",,,"c:\users\mac_1\desktop\winevt\logs\microsoft-windows-readyboost%4operational.evtx","System.UInt32[]","System.Diagnostics.Eventing.Reader.EventBookmark","Information","Info",,"System.Collections.ObjectModel.ReadOnlyCollection`1[System.String]","System.Collections.Generic.List`1[System.Diagnostics.Eventing.Reader.EventProperty]"
"Boot plan calculation completed in 1248 ms.
     Boot Plan Timestamp: ?2014?-?10?-?27T10:07:18.655250900Z
     Reason: Disk defragmentation
     Result: 0x0","1016","1",,"4","1016","0","-9223372036854767616","748","Microsoft-Windows-ReadyBoost","e6307a09-292c-497e-aad6-498f68e2b619","Microsoft-Windows-ReadyBoost/Operational","924","3312","rjaf-PC4429","S-1-5-18","10/27/2014 1:07:19 AM",,,"c:\users\mac_1\desktop\winevt\logs\microsoft-windows-readyboost%4operational.evtx","System.UInt32[]","System.Diagnostics.Eventing.Reader.EventBookmark","Information","Info",,"System.Collections.ObjectModel.ReadOnlyCollection`1[System.String]","System.Collections.Generic.List`1[System.Diagnostics.Eventing.Reader.EventProperty]"
