"Error 0x80070002 occurred while verifying known folder {B4BFCC3A-DB2C-424C-B029-7FE99A87C641} with path 'C:\Windows\system32\config\systemprofile\Desktop'.","1002","0",,"3","0","0","-9223372036854775808","4298","Microsoft-Windows-KnownFolders","8939299f-2315-4c5c-9b91-abb86aa0627d","Microsoft-Windows-Known Folders API Service","3316","5672","rjaf-PC4429","S-1-5-18","8/13/2015 12:01:47 AM",,,"c:\users\mac_1\desktop\winevt\logs\microsoft-windows-known folders api service.evtx","System.UInt32[]","System.Diagnostics.Eventing.Reader.EventBookmark","Warning","Info",,"System.Collections.ObjectModel.ReadOnlyCollection`1[System.String]","System.Collections.Generic.List`1[System.Diagnostics.Eventing.Reader.EventProperty]"
"Error 0x80070003 occurred while verifying known folder {A77F5D77-2E2B-44C3-A6A2-ABA601054A51} with path 'C:\Windows\system32\config\systemprofile\AppData\Roaming\Microsoft\Windows\Start Menu\Programs'.","1002","0",,"3","0","0","-9223372036854775808","4297","Microsoft-Windows-KnownFolders","8939299f-2315-4c5c-9b91-abb86aa0627d","Microsoft-Windows-Known Folders API Service","3316","5672","rjaf-PC4429","S-1-5-18","8/13/2015 12:01:47 AM",,,"c:\users\mac_1\desktop\winevt\logs\microsoft-windows-known folders api service.evtx","System.UInt32[]","System.Diagnostics.Eventing.Reader.EventBookmark","Warning","Info",,"System.Collections.ObjectModel.ReadOnlyCollection`1[System.String]","System.Collections.Generic.List`1[System.Diagnostics.Eventing.Reader.EventProperty]"
"Error 0x80070002 occurred while verifying known folder {FDD39AD0-238F-46AF-ADB4-6C85480369C7} with path 'C:\Windows\system32\config\systemprofile\Documents'.","1002","0",,"3","0","0","-9223372036854775808","4296","Microsoft-Windows-KnownFolders","8939299f-2315-4c5c-9b91-abb86aa0627d","Microsoft-Windows-Known Folders API Service","3316","5672","rjaf-PC4429","S-1-5-18","8/13/2015 12:01:47 AM",,,"c:\users\mac_1\desktop\winevt\logs\microsoft-windows-known folders api service.evtx","System.UInt32[]","System.Diagnostics.Eventing.Reader.EventBookmark","Warning","Info",,"System.Collections.ObjectModel.ReadOnlyCollection`1[System.String]","System.Collections.Generic.List`1[System.Diagnostics.Eventing.Reader.EventProperty]"
"Error 0x80070002 occurred while verifying known folder {625B53C3-AB48-4EC1-BA1F-A1EF4146FC19} with path 'C:\Windows\system32\config\systemprofile\AppData\Roaming\Microsoft\Windows\Start Menu'.","1002","0",,"3","0","0","-9223372036854775808","4295","Microsoft-Windows-KnownFolders","8939299f-2315-4c5c-9b91-abb86aa0627d","Microsoft-Windows-Known Folders API Service","3316","5672","rjaf-PC4429","S-1-5-18","8/13/2015 12:01:47 AM",,,"c:\users\mac_1\desktop\winevt\logs\microsoft-windows-known folders api service.evtx","System.UInt32[]","System.Diagnostics.Eventing.Reader.EventBookmark","Warning","Info",,"System.Collections.ObjectModel.ReadOnlyCollection`1[System.String]","System.Collections.Generic.List`1[System.Diagnostics.Eventing.Reader.EventProperty]"
"Error 0x80070003 occurred while verifying known folder {B97D20BB-F46A-4C97-BA10-5E3608430854} with path 'C:\Windows\system32\config\systemprofile\AppData\Roaming\Microsoft\Windows\Start Menu\Programs\Startup'.","1002","0",,"3","0","0","-9223372036854775808","4294","Microsoft-Windows-KnownFolders","8939299f-2315-4c5c-9b91-abb86aa0627d","Microsoft-Windows-Known Folders API Service","3316","5672","rjaf-PC4429","S-1-5-18","8/13/2015 12:01:47 AM",,,"c:\users\mac_1\desktop\winevt\logs\microsoft-windows-known folders api service.evtx","System.UInt32[]","System.Diagnostics.Eventing.Reader.EventBookmark","Warning","Info",,"System.Collections.ObjectModel.ReadOnlyCollection`1[System.String]","System.Collections.Generic.List`1[System.Diagnostics.Eventing.Reader.EventProperty]"
"Error 0x80070002 occurred while verifying known folder {B4BFCC3A-DB2C-424C-B029-7FE99A87C641} with path 'C:\Windows\system32\config\systemprofile\Desktop'.","1002","0",,"3","0","0","-9223372036854775808","4293","Microsoft-Windows-KnownFolders","8939299f-2315-4c5c-9b91-abb86aa0627d","Microsoft-Windows-Known Folders API Service","2904","2764","rjaf-PC4429","S-1-5-18","8/12/2015 11:43:56 PM",,,"c:\users\mac_1\desktop\winevt\logs\microsoft-windows-known folders api service.evtx","System.UInt32[]","System.Diagnostics.Eventing.Reader.EventBookmark","Warning","Info",,"System.Collections.ObjectModel.ReadOnlyCollection`1[System.String]","System.Collections.Generic.List`1[System.Diagnostics.Eventing.Reader.EventProperty]"
"Error 0x80070003 occurred while verifying known folder {A77F5D77-2E2B-44C3-A6A2-ABA601054A51} with path 'C:\Windows\system32\config\systemprofile\AppData\Roaming\Microsoft\Windows\Start Menu\Programs'.","1002","0",,"3","0","0","-9223372036854775808","4292","Microsoft-Windows-KnownFolders","8939299f-2315-4c5c-9b91-abb86aa0627d","Microsoft-Windows-Known Folders API Service","2904","2764","rjaf-PC4429","S-1-5-18","8/12/2015 11:43:56 PM",,,"c:\users\mac_1\desktop\winevt\logs\microsoft-windows-known folders api service.evtx","System.UInt32[]","System.Diagnostics.Eventing.Reader.EventBookmark","Warning","Info",,"System.Collections.ObjectModel.ReadOnlyCollection`1[System.String]","System.Collections.Generic.List`1[System.Diagnostics.Eventing.Reader.EventProperty]"
"Error 0x80070002 occurred while verifying known folder {FDD39AD0-238F-46AF-ADB4-6C85480369C7} with path 'C:\Windows\system32\config\systemprofile\Documents'.","1002","0",,"3","0","0","-9223372036854775808","4291","Microsoft-Windows-KnownFolders","8939299f-2315-4c5c-9b91-abb86aa0627d","Microsoft-Windows-Known Folders API Service","2904","2764","rjaf-PC4429","S-1-5-18","8/12/2015 11:43:56 PM",,,"c:\users\mac_1\desktop\winevt\logs\microsoft-windows-known folders api service.evtx","System.UInt32[]","System.Diagnostics.Eventing.Reader.EventBookmark","Warning","Info",,"System.Collections.ObjectModel.ReadOnlyCollection`1[System.String]","System.Collections.Generic.List`1[System.Diagnostics.Eventing.Reader.EventProperty]"
"Error 0x80070002 occurred while verifying known folder {625B53C3-AB48-4EC1-BA1F-A1EF4146FC19} with path 'C:\Windows\system32\config\systemprofile\AppData\Roaming\Microsoft\Windows\Start Menu'.","1002","0",,"3","0","0","-9223372036854775808","4290","Microsoft-Windows-KnownFolders","8939299f-2315-4c5c-9b91-abb86aa0627d","Microsoft-Windows-Known Folders API Service","2904","2764","rjaf-PC4429","S-1-5-18","8/12/2015 11:43:56 PM",,,"c:\users\mac_1\desktop\winevt\logs\microsoft-windows-known folders api service.evtx","System.UInt32[]","System.Diagnostics.Eventing.Reader.EventBookmark","Warning","Info",,"System.Collections.ObjectModel.ReadOnlyCollection`1[System.String]","System.Collections.Generic.List`1[System.Diagnostics.Eventing.Reader.EventProperty]"
"Error 0x80070003 occurred while verifying known folder {B97D20BB-F46A-4C97-BA10-5E3608430854} with path 'C:\Windows\system32\config\systemprofile\AppData\Roaming\Microsoft\Windows\Start Menu\Programs\Startup'.","1002","0",,"3","0","0","-9223372036854775808","4289","Microsoft-Windows-KnownFolders","8939299f-2315-4c5c-9b91-abb86aa0627d","Microsoft-Windows-Known Folders API Service","2904","2764","rjaf-PC4429","S-1-5-18","8/12/2015 11:43:56 PM",,,"c:\users\mac_1\desktop\winevt\logs\microsoft-windows-known folders api service.evtx","System.UInt32[]","System.Diagnostics.Eventing.Reader.EventBookmark","Warning","Info",,"System.Collections.ObjectModel.ReadOnlyCollection`1[System.String]","System.Collections.Generic.List`1[System.Diagnostics.Eventing.Reader.EventProperty]"
"Error 0x80070002 occurred while verifying known folder {B4BFCC3A-DB2C-424C-B029-7FE99A87C641} with path 'C:\Windows\system32\config\systemprofile\Desktop'.","1002","0",,"3","0","0","-9223372036854775808","4288","Microsoft-Windows-KnownFolders","8939299f-2315-4c5c-9b91-abb86aa0627d","Microsoft-Windows-Known Folders API Service","1648","4452","rjaf-PC4429","S-1-5-18","8/12/2015 11:43:11 PM",,,"c:\users\mac_1\desktop\winevt\logs\microsoft-windows-known folders api service.evtx","System.UInt32[]","System.Diagnostics.Eventing.Reader.EventBookmark","Warning","Info",,"System.Collections.ObjectModel.ReadOnlyCollection`1[System.String]","System.Collections.Generic.List`1[System.Diagnostics.Eventing.Reader.EventProperty]"
"Error 0x80070002 occurred while verifying known folder {625B53C3-AB48-4EC1-BA1F-A1EF4146FC19} with path 'C:\Windows\system32\config\systemprofile\AppData\Roaming\Microsoft\Windows\Start Menu'.","1002","0",,"3","0","0","-9223372036854775808","4287","Microsoft-Windows-KnownFolders","8939299f-2315-4c5c-9b91-abb86aa0627d","Microsoft-Windows-Known Folders API Service","1648","4452","rjaf-PC4429","S-1-5-18","8/12/2015 11:43:11 PM",,,"c:\users\mac_1\desktop\winevt\logs\microsoft-windows-known folders api service.evtx","System.UInt32[]","System.Diagnostics.Eventing.Reader.EventBookmark","Warning","Info",,"System.Collections.ObjectModel.ReadOnlyCollection`1[System.String]","System.Collections.Generic.List`1[System.Diagnostics.Eventing.Reader.EventProperty]"
"Error 0x80070002 occurred while verifying known folder {B4BFCC3A-DB2C-424C-B029-7FE99A87C641} with path 'C:\Windows\system32\config\systemprofile\Desktop'.","1002","0",,"3","0","0","-9223372036854775808","4286","Microsoft-Windows-KnownFolders","8939299f-2315-4c5c-9b91-abb86aa0627d","Microsoft-Windows-Known Folders API Service","4116","1308","rjaf-PC4429","S-1-5-18","8/12/2015 11:43:11 PM",,,"c:\users\mac_1\desktop\winevt\logs\microsoft-windows-known folders api service.evtx","System.UInt32[]","System.Diagnostics.Eventing.Reader.EventBookmark","Warning","Info",,"System.Collections.ObjectModel.ReadOnlyCollection`1[System.String]","System.Collections.Generic.List`1[System.Diagnostics.Eventing.Reader.EventProperty]"
"Error 0x80070003 occurred while verifying known folder {A77F5D77-2E2B-44C3-A6A2-ABA601054A51} with path 'C:\Windows\system32\config\systemprofile\AppData\Roaming\Microsoft\Windows\Start Menu\Programs'.","1002","0",,"3","0","0","-9223372036854775808","4285","Microsoft-Windows-KnownFolders","8939299f-2315-4c5c-9b91-abb86aa0627d","Microsoft-Windows-Known Folders API Service","4116","1308","rjaf-PC4429","S-1-5-18","8/12/2015 11:43:11 PM",,,"c:\users\mac_1\desktop\winevt\logs\microsoft-windows-known folders api service.evtx","System.UInt32[]","System.Diagnostics.Eventing.Reader.EventBookmark","Warning","Info",,"System.Collections.ObjectModel.ReadOnlyCollection`1[System.String]","System.Collections.Generic.List`1[System.Diagnostics.Eventing.Reader.EventProperty]"
"Error 0x80070002 occurred while verifying known folder {FDD39AD0-238F-46AF-ADB4-6C85480369C7} with path 'C:\Windows\system32\config\systemprofile\Documents'.","1002","0",,"3","0","0","-9223372036854775808","4284","Microsoft-Windows-KnownFolders","8939299f-2315-4c5c-9b91-abb86aa0627d","Microsoft-Windows-Known Folders API Service","4116","1308","rjaf-PC4429","S-1-5-18","8/12/2015 11:43:11 PM",,,"c:\users\mac_1\desktop\winevt\logs\microsoft-windows-known folders api service.evtx","System.UInt32[]","System.Diagnostics.Eventing.Reader.EventBookmark","Warning","Info",,"System.Collections.ObjectModel.ReadOnlyCollection`1[System.String]","System.Collections.Generic.List`1[System.Diagnostics.Eventing.Reader.EventProperty]"
"Error 0x80070002 occurred while verifying known folder {625B53C3-AB48-4EC1-BA1F-A1EF4146FC19} with path 'C:\Windows\system32\config\systemprofile\AppData\Roaming\Microsoft\Windows\Start Menu'.","1002","0",,"3","0","0","-9223372036854775808","4283","Microsoft-Windows-KnownFolders","8939299f-2315-4c5c-9b91-abb86aa0627d","Microsoft-Windows-Known Folders API Service","4116","1308","rjaf-PC4429","S-1-5-18","8/12/2015 11:43:11 PM",,,"c:\users\mac_1\desktop\winevt\logs\microsoft-windows-known folders api service.evtx","System.UInt32[]","System.Diagnostics.Eventing.Reader.EventBookmark","Warning","Info",,"System.Collections.ObjectModel.ReadOnlyCollection`1[System.String]","System.Collections.Generic.List`1[System.Diagnostics.Eventing.Reader.EventProperty]"
"Error 0x80070003 occurred while verifying known folder {B97D20BB-F46A-4C97-BA10-5E3608430854} with path 'C:\Windows\system32\config\systemprofile\AppData\Roaming\Microsoft\Windows\Start Menu\Programs\Startup'.","1002","0",,"3","0","0","-9223372036854775808","4282","Microsoft-Windows-KnownFolders","8939299f-2315-4c5c-9b91-abb86aa0627d","Microsoft-Windows-Known Folders API Service","4116","1308","rjaf-PC4429","S-1-5-18","8/12/2015 11:43:11 PM",,,"c:\users\mac_1\desktop\winevt\logs\microsoft-windows-known folders api service.evtx","System.UInt32[]","System.Diagnostics.Eventing.Reader.EventBookmark","Warning","Info",,"System.Collections.ObjectModel.ReadOnlyCollection`1[System.String]","System.Collections.Generic.List`1[System.Diagnostics.Eventing.Reader.EventProperty]"
"Error 0x80070005 occurred while verifying known folder {F1B32785-6FBA-4FCF-9D55-7B8E7F157091} with path 'C:\Windows\system32\config\systemprofile\AppData\Local'.","1002","0",,"3","0","0","-9223372036854775808","4281","Microsoft-Windows-KnownFolders","8939299f-2315-4c5c-9b91-abb86aa0627d","Microsoft-Windows-Known Folders API Service","2384","3436","rjaf-PC4429","S-1-5-18","8/12/2015 11:07:32 PM",,,"c:\users\mac_1\desktop\winevt\logs\microsoft-windows-known folders api service.evtx","System.UInt32[]","System.Diagnostics.Eventing.Reader.EventBookmark","Warning","Info",,"System.Collections.ObjectModel.ReadOnlyCollection`1[System.String]","System.Collections.Generic.List`1[System.Diagnostics.Eventing.Reader.EventProperty]"
"Error 0x80070002 occurred while verifying known folder {B4BFCC3A-DB2C-424C-B029-7FE99A87C641} with path 'C:\Windows\system32\config\systemprofile\Desktop'.","1002","0",,"3","0","0","-9223372036854775808","4280","Microsoft-Windows-KnownFolders","8939299f-2315-4c5c-9b91-abb86aa0627d","Microsoft-Windows-Known Folders API Service","3936","4072","rjaf-PC4429","S-1-5-18","8/12/2015 11:07:08 PM",,,"c:\users\mac_1\desktop\winevt\logs\microsoft-windows-known folders api service.evtx","System.UInt32[]","System.Diagnostics.Eventing.Reader.EventBookmark","Warning","Info",,"System.Collections.ObjectModel.ReadOnlyCollection`1[System.String]","System.Collections.Generic.List`1[System.Diagnostics.Eventing.Reader.EventProperty]"
"Error 0x80070002 occurred while verifying known folder {FDD39AD0-238F-46AF-ADB4-6C85480369C7} with path 'C:\Windows\system32\config\systemprofile\Documents'.","1002","0",,"3","0","0","-9223372036854775808","4279","Microsoft-Windows-KnownFolders","8939299f-2315-4c5c-9b91-abb86aa0627d","Microsoft-Windows-Known Folders API Service","3936","4072","rjaf-PC4429","S-1-5-18","8/12/2015 11:07:08 PM",,,"c:\users\mac_1\desktop\winevt\logs\microsoft-windows-known folders api service.evtx","System.UInt32[]","System.Diagnostics.Eventing.Reader.EventBookmark","Warning","Info",,"System.Collections.ObjectModel.ReadOnlyCollection`1[System.String]","System.Collections.Generic.List`1[System.Diagnostics.Eventing.Reader.EventProperty]"
"Error 0x80070002 occurred while verifying known folder {625B53C3-AB48-4EC1-BA1F-A1EF4146FC19} with path 'C:\Windows\system32\config\systemprofile\AppData\Roaming\Microsoft\Windows\Start Menu'.","1002","0",,"3","0","0","-9223372036854775808","4278","Microsoft-Windows-KnownFolders","8939299f-2315-4c5c-9b91-abb86aa0627d","Microsoft-Windows-Known Folders API Service","3936","4072","rjaf-PC4429","S-1-5-18","8/12/2015 11:07:08 PM",,,"c:\users\mac_1\desktop\winevt\logs\microsoft-windows-known folders api service.evtx","System.UInt32[]","System.Diagnostics.Eventing.Reader.EventBookmark","Warning","Info",,"System.Collections.ObjectModel.ReadOnlyCollection`1[System.String]","System.Collections.Generic.List`1[System.Diagnostics.Eventing.Reader.EventProperty]"
"Error 0x80070002 occurred while verifying known folder {1777F761-68AD-4D8A-87BD-30B759FA33DD} with path 'C:\Windows\system32\config\systemprofile\Favorites'.","1002","0",,"3","0","0","-9223372036854775808","4277","Microsoft-Windows-KnownFolders","8939299f-2315-4c5c-9b91-abb86aa0627d","Microsoft-Windows-Known Folders API Service","3936","4072","rjaf-PC4429","S-1-5-18","8/12/2015 11:07:08 PM",,,"c:\users\mac_1\desktop\winevt\logs\microsoft-windows-known folders api service.evtx","System.UInt32[]","System.Diagnostics.Eventing.Reader.EventBookmark","Warning","Info",,"System.Collections.ObjectModel.ReadOnlyCollection`1[System.String]","System.Collections.Generic.List`1[System.Diagnostics.Eventing.Reader.EventProperty]"
"Error 0x80070002 occurred while verifying known folder {B4BFCC3A-DB2C-424C-B029-7FE99A87C641} with path 'C:\Windows\system32\config\systemprofile\Desktop'.","1002","0",,"3","0","0","-9223372036854775808","4276","Microsoft-Windows-KnownFolders","8939299f-2315-4c5c-9b91-abb86aa0627d","Microsoft-Windows-Known Folders API Service","5232","4924","rjaf-PC4429","S-1-5-18","7/30/2015 12:01:20 AM",,,"c:\users\mac_1\desktop\winevt\logs\microsoft-windows-known folders api service.evtx","System.UInt32[]","System.Diagnostics.Eventing.Reader.EventBookmark","Warning","Info",,"System.Collections.ObjectModel.ReadOnlyCollection`1[System.String]","System.Collections.Generic.List`1[System.Diagnostics.Eventing.Reader.EventProperty]"
"Error 0x80070003 occurred while verifying known folder {A77F5D77-2E2B-44C3-A6A2-ABA601054A51} with path 'C:\Windows\system32\config\systemprofile\AppData\Roaming\Microsoft\Windows\Start Menu\Programs'.","1002","0",,"3","0","0","-9223372036854775808","4275","Microsoft-Windows-KnownFolders","8939299f-2315-4c5c-9b91-abb86aa0627d","Microsoft-Windows-Known Folders API Service","5232","4924","rjaf-PC4429","S-1-5-18","7/30/2015 12:01:20 AM",,,"c:\users\mac_1\desktop\winevt\logs\microsoft-windows-known folders api service.evtx","System.UInt32[]","System.Diagnostics.Eventing.Reader.EventBookmark","Warning","Info",,"System.Collections.ObjectModel.ReadOnlyCollection`1[System.String]","System.Collections.Generic.List`1[System.Diagnostics.Eventing.Reader.EventProperty]"
"Error 0x80070002 occurred while verifying known folder {FDD39AD0-238F-46AF-ADB4-6C85480369C7} with path 'C:\Windows\system32\config\systemprofile\Documents'.","1002","0",,"3","0","0","-9223372036854775808","4274","Microsoft-Windows-KnownFolders","8939299f-2315-4c5c-9b91-abb86aa0627d","Microsoft-Windows-Known Folders API Service","5232","4924","rjaf-PC4429","S-1-5-18","7/30/2015 12:01:20 AM",,,"c:\users\mac_1\desktop\winevt\logs\microsoft-windows-known folders api service.evtx","System.UInt32[]","System.Diagnostics.Eventing.Reader.EventBookmark","Warning","Info",,"System.Collections.ObjectModel.ReadOnlyCollection`1[System.String]","System.Collections.Generic.List`1[System.Diagnostics.Eventing.Reader.EventProperty]"
"Error 0x80070002 occurred while verifying known folder {625B53C3-AB48-4EC1-BA1F-A1EF4146FC19} with path 'C:\Windows\system32\config\systemprofile\AppData\Roaming\Microsoft\Windows\Start Menu'.","1002","0",,"3","0","0","-9223372036854775808","4273","Microsoft-Windows-KnownFolders","8939299f-2315-4c5c-9b91-abb86aa0627d","Microsoft-Windows-Known Folders API Service","5232","4924","rjaf-PC4429","S-1-5-18","7/30/2015 12:01:20 AM",,,"c:\users\mac_1\desktop\winevt\logs\microsoft-windows-known folders api service.evtx","System.UInt32[]","System.Diagnostics.Eventing.Reader.EventBookmark","Warning","Info",,"System.Collections.ObjectModel.ReadOnlyCollection`1[System.String]","System.Collections.Generic.List`1[System.Diagnostics.Eventing.Reader.EventProperty]"
"Error 0x80070003 occurred while verifying known folder {B97D20BB-F46A-4C97-BA10-5E3608430854} with path 'C:\Windows\system32\config\systemprofile\AppData\Roaming\Microsoft\Windows\Start Menu\Programs\Startup'.","1002","0",,"3","0","0","-9223372036854775808","4272","Microsoft-Windows-KnownFolders","8939299f-2315-4c5c-9b91-abb86aa0627d","Microsoft-Windows-Known Folders API Service","5232","4924","rjaf-PC4429","S-1-5-18","7/30/2015 12:01:20 AM",,,"c:\users\mac_1\desktop\winevt\logs\microsoft-windows-known folders api service.evtx","System.UInt32[]","System.Diagnostics.Eventing.Reader.EventBookmark","Warning","Info",,"System.Collections.ObjectModel.ReadOnlyCollection`1[System.String]","System.Collections.Generic.List`1[System.Diagnostics.Eventing.Reader.EventProperty]"
"Error 0x80070002 occurred while verifying known folder {B4BFCC3A-DB2C-424C-B029-7FE99A87C641} with path 'C:\Windows\system32\config\systemprofile\Desktop'.","1002","0",,"3","0","0","-9223372036854775808","4271","Microsoft-Windows-KnownFolders","8939299f-2315-4c5c-9b91-abb86aa0627d","Microsoft-Windows-Known Folders API Service","5984","4204","rjaf-PC4429","S-1-5-18","7/30/2015 12:00:35 AM",,,"c:\users\mac_1\desktop\winevt\logs\microsoft-windows-known folders api service.evtx","System.UInt32[]","System.Diagnostics.Eventing.Reader.EventBookmark","Warning","Info",,"System.Collections.ObjectModel.ReadOnlyCollection`1[System.String]","System.Collections.Generic.List`1[System.Diagnostics.Eventing.Reader.EventProperty]"
"Error 0x80070002 occurred while verifying known folder {625B53C3-AB48-4EC1-BA1F-A1EF4146FC19} with path 'C:\Windows\system32\config\systemprofile\AppData\Roaming\Microsoft\Windows\Start Menu'.","1002","0",,"3","0","0","-9223372036854775808","4270","Microsoft-Windows-KnownFolders","8939299f-2315-4c5c-9b91-abb86aa0627d","Microsoft-Windows-Known Folders API Service","5984","4204","rjaf-PC4429","S-1-5-18","7/30/2015 12:00:35 AM",,,"c:\users\mac_1\desktop\winevt\logs\microsoft-windows-known folders api service.evtx","System.UInt32[]","System.Diagnostics.Eventing.Reader.EventBookmark","Warning","Info",,"System.Collections.ObjectModel.ReadOnlyCollection`1[System.String]","System.Collections.Generic.List`1[System.Diagnostics.Eventing.Reader.EventProperty]"
"Error 0x80070002 occurred while verifying known folder {B4BFCC3A-DB2C-424C-B029-7FE99A87C641} with path 'C:\Windows\system32\config\systemprofile\Desktop'.","1002","0",,"3","0","0","-9223372036854775808","4269","Microsoft-Windows-KnownFolders","8939299f-2315-4c5c-9b91-abb86aa0627d","Microsoft-Windows-Known Folders API Service","3928","4772","rjaf-PC4429","S-1-5-18","7/30/2015 12:00:35 AM",,,"c:\users\mac_1\desktop\winevt\logs\microsoft-windows-known folders api service.evtx","System.UInt32[]","System.Diagnostics.Eventing.Reader.EventBookmark","Warning","Info",,"System.Collections.ObjectModel.ReadOnlyCollection`1[System.String]","System.Collections.Generic.List`1[System.Diagnostics.Eventing.Reader.EventProperty]"
"Error 0x80070003 occurred while verifying known folder {A77F5D77-2E2B-44C3-A6A2-ABA601054A51} with path 'C:\Windows\system32\config\systemprofile\AppData\Roaming\Microsoft\Windows\Start Menu\Programs'.","1002","0",,"3","0","0","-9223372036854775808","4268","Microsoft-Windows-KnownFolders","8939299f-2315-4c5c-9b91-abb86aa0627d","Microsoft-Windows-Known Folders API Service","3928","4772","rjaf-PC4429","S-1-5-18","7/30/2015 12:00:35 AM",,,"c:\users\mac_1\desktop\winevt\logs\microsoft-windows-known folders api service.evtx","System.UInt32[]","System.Diagnostics.Eventing.Reader.EventBookmark","Warning","Info",,"System.Collections.ObjectModel.ReadOnlyCollection`1[System.String]","System.Collections.Generic.List`1[System.Diagnostics.Eventing.Reader.EventProperty]"
"Error 0x80070002 occurred while verifying known folder {FDD39AD0-238F-46AF-ADB4-6C85480369C7} with path 'C:\Windows\system32\config\systemprofile\Documents'.","1002","0",,"3","0","0","-9223372036854775808","4267","Microsoft-Windows-KnownFolders","8939299f-2315-4c5c-9b91-abb86aa0627d","Microsoft-Windows-Known Folders API Service","3928","4772","rjaf-PC4429","S-1-5-18","7/30/2015 12:00:35 AM",,,"c:\users\mac_1\desktop\winevt\logs\microsoft-windows-known folders api service.evtx","System.UInt32[]","System.Diagnostics.Eventing.Reader.EventBookmark","Warning","Info",,"System.Collections.ObjectModel.ReadOnlyCollection`1[System.String]","System.Collections.Generic.List`1[System.Diagnostics.Eventing.Reader.EventProperty]"
"Error 0x80070002 occurred while verifying known folder {625B53C3-AB48-4EC1-BA1F-A1EF4146FC19} with path 'C:\Windows\system32\config\systemprofile\AppData\Roaming\Microsoft\Windows\Start Menu'.","1002","0",,"3","0","0","-9223372036854775808","4266","Microsoft-Windows-KnownFolders","8939299f-2315-4c5c-9b91-abb86aa0627d","Microsoft-Windows-Known Folders API Service","3928","4772","rjaf-PC4429","S-1-5-18","7/30/2015 12:00:35 AM",,,"c:\users\mac_1\desktop\winevt\logs\microsoft-windows-known folders api service.evtx","System.UInt32[]","System.Diagnostics.Eventing.Reader.EventBookmark","Warning","Info",,"System.Collections.ObjectModel.ReadOnlyCollection`1[System.String]","System.Collections.Generic.List`1[System.Diagnostics.Eventing.Reader.EventProperty]"
"Error 0x80070003 occurred while verifying known folder {B97D20BB-F46A-4C97-BA10-5E3608430854} with path 'C:\Windows\system32\config\systemprofile\AppData\Roaming\Microsoft\Windows\Start Menu\Programs\Startup'.","1002","0",,"3","0","0","-9223372036854775808","4265","Microsoft-Windows-KnownFolders","8939299f-2315-4c5c-9b91-abb86aa0627d","Microsoft-Windows-Known Folders API Service","3928","4772","rjaf-PC4429","S-1-5-18","7/30/2015 12:00:35 AM",,,"c:\users\mac_1\desktop\winevt\logs\microsoft-windows-known folders api service.evtx","System.UInt32[]","System.Diagnostics.Eventing.Reader.EventBookmark","Warning","Info",,"System.Collections.ObjectModel.ReadOnlyCollection`1[System.String]","System.Collections.Generic.List`1[System.Diagnostics.Eventing.Reader.EventProperty]"
"Error 0x80070005 occurred while verifying known folder {F1B32785-6FBA-4FCF-9D55-7B8E7F157091} with path 'C:\Windows\system32\config\systemprofile\AppData\Local'.","1002","0",,"3","0","0","-9223372036854775808","4264","Microsoft-Windows-KnownFolders","8939299f-2315-4c5c-9b91-abb86aa0627d","Microsoft-Windows-Known Folders API Service","2964","3548","rjaf-PC4429","S-1-5-18","7/28/2015 10:40:50 PM",,,"c:\users\mac_1\desktop\winevt\logs\microsoft-windows-known folders api service.evtx","System.UInt32[]","System.Diagnostics.Eventing.Reader.EventBookmark","Warning","Info",,"System.Collections.ObjectModel.ReadOnlyCollection`1[System.String]","System.Collections.Generic.List`1[System.Diagnostics.Eventing.Reader.EventProperty]"
"Error 0x80070002 occurred while verifying known folder {B4BFCC3A-DB2C-424C-B029-7FE99A87C641} with path 'C:\Windows\system32\config\systemprofile\Desktop'.","1002","0",,"3","0","0","-9223372036854775808","4263","Microsoft-Windows-KnownFolders","8939299f-2315-4c5c-9b91-abb86aa0627d","Microsoft-Windows-Known Folders API Service","5520","5216","rjaf-PC4429","S-1-5-18","7/27/2015 11:49:34 PM",,,"c:\users\mac_1\desktop\winevt\logs\microsoft-windows-known folders api service.evtx","System.UInt32[]","System.Diagnostics.Eventing.Reader.EventBookmark","Warning","Info",,"System.Collections.ObjectModel.ReadOnlyCollection`1[System.String]","System.Collections.Generic.List`1[System.Diagnostics.Eventing.Reader.EventProperty]"
"Error 0x80070003 occurred while verifying known folder {A77F5D77-2E2B-44C3-A6A2-ABA601054A51} with path 'C:\Windows\system32\config\systemprofile\AppData\Roaming\Microsoft\Windows\Start Menu\Programs'.","1002","0",,"3","0","0","-9223372036854775808","4262","Microsoft-Windows-KnownFolders","8939299f-2315-4c5c-9b91-abb86aa0627d","Microsoft-Windows-Known Folders API Service","5520","5216","rjaf-PC4429","S-1-5-18","7/27/2015 11:49:34 PM",,,"c:\users\mac_1\desktop\winevt\logs\microsoft-windows-known folders api service.evtx","System.UInt32[]","System.Diagnostics.Eventing.Reader.EventBookmark","Warning","Info",,"System.Collections.ObjectModel.ReadOnlyCollection`1[System.String]","System.Collections.Generic.List`1[System.Diagnostics.Eventing.Reader.EventProperty]"
"Error 0x80070002 occurred while verifying known folder {FDD39AD0-238F-46AF-ADB4-6C85480369C7} with path 'C:\Windows\system32\config\systemprofile\Documents'.","1002","0",,"3","0","0","-9223372036854775808","4261","Microsoft-Windows-KnownFolders","8939299f-2315-4c5c-9b91-abb86aa0627d","Microsoft-Windows-Known Folders API Service","5520","5216","rjaf-PC4429","S-1-5-18","7/27/2015 11:49:34 PM",,,"c:\users\mac_1\desktop\winevt\logs\microsoft-windows-known folders api service.evtx","System.UInt32[]","System.Diagnostics.Eventing.Reader.EventBookmark","Warning","Info",,"System.Collections.ObjectModel.ReadOnlyCollection`1[System.String]","System.Collections.Generic.List`1[System.Diagnostics.Eventing.Reader.EventProperty]"
"Error 0x80070002 occurred while verifying known folder {625B53C3-AB48-4EC1-BA1F-A1EF4146FC19} with path 'C:\Windows\system32\config\systemprofile\AppData\Roaming\Microsoft\Windows\Start Menu'.","1002","0",,"3","0","0","-9223372036854775808","4260","Microsoft-Windows-KnownFolders","8939299f-2315-4c5c-9b91-abb86aa0627d","Microsoft-Windows-Known Folders API Service","5520","5216","rjaf-PC4429","S-1-5-18","7/27/2015 11:49:34 PM",,,"c:\users\mac_1\desktop\winevt\logs\microsoft-windows-known folders api service.evtx","System.UInt32[]","System.Diagnostics.Eventing.Reader.EventBookmark","Warning","Info",,"System.Collections.ObjectModel.ReadOnlyCollection`1[System.String]","System.Collections.Generic.List`1[System.Diagnostics.Eventing.Reader.EventProperty]"
"Error 0x80070003 occurred while verifying known folder {B97D20BB-F46A-4C97-BA10-5E3608430854} with path 'C:\Windows\system32\config\systemprofile\AppData\Roaming\Microsoft\Windows\Start Menu\Programs\Startup'.","1002","0",,"3","0","0","-9223372036854775808","4259","Microsoft-Windows-KnownFolders","8939299f-2315-4c5c-9b91-abb86aa0627d","Microsoft-Windows-Known Folders API Service","5520","5216","rjaf-PC4429","S-1-5-18","7/27/2015 11:49:34 PM",,,"c:\users\mac_1\desktop\winevt\logs\microsoft-windows-known folders api service.evtx","System.UInt32[]","System.Diagnostics.Eventing.Reader.EventBookmark","Warning","Info",,"System.Collections.ObjectModel.ReadOnlyCollection`1[System.String]","System.Collections.Generic.List`1[System.Diagnostics.Eventing.Reader.EventProperty]"
"Error 0x80070002 occurred while verifying known folder {B4BFCC3A-DB2C-424C-B029-7FE99A87C641} with path 'C:\Windows\system32\config\systemprofile\Desktop'.","1002","0",,"3","0","0","-9223372036854775808","4258","Microsoft-Windows-KnownFolders","8939299f-2315-4c5c-9b91-abb86aa0627d","Microsoft-Windows-Known Folders API Service","4780","2472","rjaf-PC4429","S-1-5-18","7/27/2015 11:48:50 PM",,,"c:\users\mac_1\desktop\winevt\logs\microsoft-windows-known folders api service.evtx","System.UInt32[]","System.Diagnostics.Eventing.Reader.EventBookmark","Warning","Info",,"System.Collections.ObjectModel.ReadOnlyCollection`1[System.String]","System.Collections.Generic.List`1[System.Diagnostics.Eventing.Reader.EventProperty]"
"Error 0x80070002 occurred while verifying known folder {625B53C3-AB48-4EC1-BA1F-A1EF4146FC19} with path 'C:\Windows\system32\config\systemprofile\AppData\Roaming\Microsoft\Windows\Start Menu'.","1002","0",,"3","0","0","-9223372036854775808","4257","Microsoft-Windows-KnownFolders","8939299f-2315-4c5c-9b91-abb86aa0627d","Microsoft-Windows-Known Folders API Service","4780","2472","rjaf-PC4429","S-1-5-18","7/27/2015 11:48:50 PM",,,"c:\users\mac_1\desktop\winevt\logs\microsoft-windows-known folders api service.evtx","System.UInt32[]","System.Diagnostics.Eventing.Reader.EventBookmark","Warning","Info",,"System.Collections.ObjectModel.ReadOnlyCollection`1[System.String]","System.Collections.Generic.List`1[System.Diagnostics.Eventing.Reader.EventProperty]"
"Error 0x80070002 occurred while verifying known folder {B4BFCC3A-DB2C-424C-B029-7FE99A87C641} with path 'C:\Windows\system32\config\systemprofile\Desktop'.","1002","0",,"3","0","0","-9223372036854775808","4256","Microsoft-Windows-KnownFolders","8939299f-2315-4c5c-9b91-abb86aa0627d","Microsoft-Windows-Known Folders API Service","4472","5652","rjaf-PC4429","S-1-5-18","7/27/2015 11:48:50 PM",,,"c:\users\mac_1\desktop\winevt\logs\microsoft-windows-known folders api service.evtx","System.UInt32[]","System.Diagnostics.Eventing.Reader.EventBookmark","Warning","Info",,"System.Collections.ObjectModel.ReadOnlyCollection`1[System.String]","System.Collections.Generic.List`1[System.Diagnostics.Eventing.Reader.EventProperty]"
"Error 0x80070003 occurred while verifying known folder {A77F5D77-2E2B-44C3-A6A2-ABA601054A51} with path 'C:\Windows\system32\config\systemprofile\AppData\Roaming\Microsoft\Windows\Start Menu\Programs'.","1002","0",,"3","0","0","-9223372036854775808","4255","Microsoft-Windows-KnownFolders","8939299f-2315-4c5c-9b91-abb86aa0627d","Microsoft-Windows-Known Folders API Service","4472","5652","rjaf-PC4429","S-1-5-18","7/27/2015 11:48:50 PM",,,"c:\users\mac_1\desktop\winevt\logs\microsoft-windows-known folders api service.evtx","System.UInt32[]","System.Diagnostics.Eventing.Reader.EventBookmark","Warning","Info",,"System.Collections.ObjectModel.ReadOnlyCollection`1[System.String]","System.Collections.Generic.List`1[System.Diagnostics.Eventing.Reader.EventProperty]"
"Error 0x80070002 occurred while verifying known folder {FDD39AD0-238F-46AF-ADB4-6C85480369C7} with path 'C:\Windows\system32\config\systemprofile\Documents'.","1002","0",,"3","0","0","-9223372036854775808","4254","Microsoft-Windows-KnownFolders","8939299f-2315-4c5c-9b91-abb86aa0627d","Microsoft-Windows-Known Folders API Service","4472","5652","rjaf-PC4429","S-1-5-18","7/27/2015 11:48:50 PM",,,"c:\users\mac_1\desktop\winevt\logs\microsoft-windows-known folders api service.evtx","System.UInt32[]","System.Diagnostics.Eventing.Reader.EventBookmark","Warning","Info",,"System.Collections.ObjectModel.ReadOnlyCollection`1[System.String]","System.Collections.Generic.List`1[System.Diagnostics.Eventing.Reader.EventProperty]"
"Error 0x80070002 occurred while verifying known folder {625B53C3-AB48-4EC1-BA1F-A1EF4146FC19} with path 'C:\Windows\system32\config\systemprofile\AppData\Roaming\Microsoft\Windows\Start Menu'.","1002","0",,"3","0","0","-9223372036854775808","4253","Microsoft-Windows-KnownFolders","8939299f-2315-4c5c-9b91-abb86aa0627d","Microsoft-Windows-Known Folders API Service","4472","5652","rjaf-PC4429","S-1-5-18","7/27/2015 11:48:50 PM",,,"c:\users\mac_1\desktop\winevt\logs\microsoft-windows-known folders api service.evtx","System.UInt32[]","System.Diagnostics.Eventing.Reader.EventBookmark","Warning","Info",,"System.Collections.ObjectModel.ReadOnlyCollection`1[System.String]","System.Collections.Generic.List`1[System.Diagnostics.Eventing.Reader.EventProperty]"
"Error 0x80070003 occurred while verifying known folder {B97D20BB-F46A-4C97-BA10-5E3608430854} with path 'C:\Windows\system32\config\systemprofile\AppData\Roaming\Microsoft\Windows\Start Menu\Programs\Startup'.","1002","0",,"3","0","0","-9223372036854775808","4252","Microsoft-Windows-KnownFolders","8939299f-2315-4c5c-9b91-abb86aa0627d","Microsoft-Windows-Known Folders API Service","4472","5652","rjaf-PC4429","S-1-5-18","7/27/2015 11:48:50 PM",,,"c:\users\mac_1\desktop\winevt\logs\microsoft-windows-known folders api service.evtx","System.UInt32[]","System.Diagnostics.Eventing.Reader.EventBookmark","Warning","Info",,"System.Collections.ObjectModel.ReadOnlyCollection`1[System.String]","System.Collections.Generic.List`1[System.Diagnostics.Eventing.Reader.EventProperty]"
"Error 0x80070002 occurred while verifying known folder {B4BFCC3A-DB2C-424C-B029-7FE99A87C641} with path 'C:\Windows\system32\config\systemprofile\Desktop'.","1002","0",,"3","0","0","-9223372036854775808","4251","Microsoft-Windows-KnownFolders","8939299f-2315-4c5c-9b91-abb86aa0627d","Microsoft-Windows-Known Folders API Service","5056","6064","rjaf-PC4429","S-1-5-18","7/27/2015 7:17:13 AM",,,"c:\users\mac_1\desktop\winevt\logs\microsoft-windows-known folders api service.evtx","System.UInt32[]","System.Diagnostics.Eventing.Reader.EventBookmark","Warning","Info",,"System.Collections.ObjectModel.ReadOnlyCollection`1[System.String]","System.Collections.Generic.List`1[System.Diagnostics.Eventing.Reader.EventProperty]"
"Error 0x80070005 occurred while verifying known folder {F1B32785-6FBA-4FCF-9D55-7B8E7F157091} with path 'C:\Windows\system32\config\systemprofile\AppData\Local'.","1002","0",,"3","0","0","-9223372036854775808","4250","Microsoft-Windows-KnownFolders","8939299f-2315-4c5c-9b91-abb86aa0627d","Microsoft-Windows-Known Folders API Service","4180","5312","rjaf-PC4429","S-1-5-18","7/27/2015 7:08:54 AM",,,"c:\users\mac_1\desktop\winevt\logs\microsoft-windows-known folders api service.evtx","System.UInt32[]","System.Diagnostics.Eventing.Reader.EventBookmark","Warning","Info",,"System.Collections.ObjectModel.ReadOnlyCollection`1[System.String]","System.Collections.Generic.List`1[System.Diagnostics.Eventing.Reader.EventProperty]"
"Error 0x80070005 occurred while verifying known folder {F1B32785-6FBA-4FCF-9D55-7B8E7F157091} with path 'C:\Windows\system32\config\systemprofile\AppData\Local'.","1002","0",,"3","0","0","-9223372036854775808","4249","Microsoft-Windows-KnownFolders","8939299f-2315-4c5c-9b91-abb86aa0627d","Microsoft-Windows-Known Folders API Service","4444","2684","rjaf-PC4429","S-1-5-18","7/27/2015 6:55:43 AM",,,"c:\users\mac_1\desktop\winevt\logs\microsoft-windows-known folders api service.evtx","System.UInt32[]","System.Diagnostics.Eventing.Reader.EventBookmark","Warning","Info",,"System.Collections.ObjectModel.ReadOnlyCollection`1[System.String]","System.Collections.Generic.List`1[System.Diagnostics.Eventing.Reader.EventProperty]"
"Error 0x80070005 occurred while verifying known folder {F1B32785-6FBA-4FCF-9D55-7B8E7F157091} with path 'C:\Windows\system32\config\systemprofile\AppData\Local'.","1002","0",,"3","0","0","-9223372036854775808","4248","Microsoft-Windows-KnownFolders","8939299f-2315-4c5c-9b91-abb86aa0627d","Microsoft-Windows-Known Folders API Service","3028","4916","rjaf-PC4429","S-1-5-18","7/27/2015 6:53:33 AM",,,"c:\users\mac_1\desktop\winevt\logs\microsoft-windows-known folders api service.evtx","System.UInt32[]","System.Diagnostics.Eventing.Reader.EventBookmark","Warning","Info",,"System.Collections.ObjectModel.ReadOnlyCollection`1[System.String]","System.Collections.Generic.List`1[System.Diagnostics.Eventing.Reader.EventProperty]"
"Error 0x80070005 occurred while verifying known folder {F1B32785-6FBA-4FCF-9D55-7B8E7F157091} with path 'C:\Windows\system32\config\systemprofile\AppData\Local'.","1002","0",,"3","0","0","-9223372036854775808","4247","Microsoft-Windows-KnownFolders","8939299f-2315-4c5c-9b91-abb86aa0627d","Microsoft-Windows-Known Folders API Service","5472","5628","rjaf-PC4429","S-1-5-18","7/27/2015 6:51:20 AM",,,"c:\users\mac_1\desktop\winevt\logs\microsoft-windows-known folders api service.evtx","System.UInt32[]","System.Diagnostics.Eventing.Reader.EventBookmark","Warning","Info",,"System.Collections.ObjectModel.ReadOnlyCollection`1[System.String]","System.Collections.Generic.List`1[System.Diagnostics.Eventing.Reader.EventProperty]"
"Error 0x80070005 occurred while verifying known folder {F1B32785-6FBA-4FCF-9D55-7B8E7F157091} with path 'C:\Windows\system32\config\systemprofile\AppData\Local'.","1002","0",,"3","0","0","-9223372036854775808","4246","Microsoft-Windows-KnownFolders","8939299f-2315-4c5c-9b91-abb86aa0627d","Microsoft-Windows-Known Folders API Service","3180","5832","rjaf-PC4429","S-1-5-18","7/27/2015 6:48:47 AM",,,"c:\users\mac_1\desktop\winevt\logs\microsoft-windows-known folders api service.evtx","System.UInt32[]","System.Diagnostics.Eventing.Reader.EventBookmark","Warning","Info",,"System.Collections.ObjectModel.ReadOnlyCollection`1[System.String]","System.Collections.Generic.List`1[System.Diagnostics.Eventing.Reader.EventProperty]"
"Error 0x80070005 occurred while verifying known folder {F1B32785-6FBA-4FCF-9D55-7B8E7F157091} with path 'C:\Windows\system32\config\systemprofile\AppData\Local'.","1002","0",,"3","0","0","-9223372036854775808","4245","Microsoft-Windows-KnownFolders","8939299f-2315-4c5c-9b91-abb86aa0627d","Microsoft-Windows-Known Folders API Service","5168","4756","rjaf-PC4429","S-1-5-18","7/27/2015 6:45:21 AM",,,"c:\users\mac_1\desktop\winevt\logs\microsoft-windows-known folders api service.evtx","System.UInt32[]","System.Diagnostics.Eventing.Reader.EventBookmark","Warning","Info",,"System.Collections.ObjectModel.ReadOnlyCollection`1[System.String]","System.Collections.Generic.List`1[System.Diagnostics.Eventing.Reader.EventProperty]"
"Error 0x80070005 occurred while verifying known folder {F1B32785-6FBA-4FCF-9D55-7B8E7F157091} with path 'C:\Windows\system32\config\systemprofile\AppData\Local'.","1002","0",,"3","0","0","-9223372036854775808","4244","Microsoft-Windows-KnownFolders","8939299f-2315-4c5c-9b91-abb86aa0627d","Microsoft-Windows-Known Folders API Service","3132","4916","rjaf-PC4429","S-1-5-18","7/27/2015 6:43:20 AM",,,"c:\users\mac_1\desktop\winevt\logs\microsoft-windows-known folders api service.evtx","System.UInt32[]","System.Diagnostics.Eventing.Reader.EventBookmark","Warning","Info",,"System.Collections.ObjectModel.ReadOnlyCollection`1[System.String]","System.Collections.Generic.List`1[System.Diagnostics.Eventing.Reader.EventProperty]"
"Error 0x80070005 occurred while verifying known folder {F1B32785-6FBA-4FCF-9D55-7B8E7F157091} with path 'C:\Windows\system32\config\systemprofile\AppData\Local'.","1002","0",,"3","0","0","-9223372036854775808","4243","Microsoft-Windows-KnownFolders","8939299f-2315-4c5c-9b91-abb86aa0627d","Microsoft-Windows-Known Folders API Service","2748","3144","rjaf-PC4429","S-1-5-18","7/27/2015 6:40:16 AM",,,"c:\users\mac_1\desktop\winevt\logs\microsoft-windows-known folders api service.evtx","System.UInt32[]","System.Diagnostics.Eventing.Reader.EventBookmark","Warning","Info",,"System.Collections.ObjectModel.ReadOnlyCollection`1[System.String]","System.Collections.Generic.List`1[System.Diagnostics.Eventing.Reader.EventProperty]"
"Error 0x80070005 occurred while verifying known folder {F1B32785-6FBA-4FCF-9D55-7B8E7F157091} with path 'C:\Windows\system32\config\systemprofile\AppData\Local'.","1002","0",,"3","0","0","-9223372036854775808","4242","Microsoft-Windows-KnownFolders","8939299f-2315-4c5c-9b91-abb86aa0627d","Microsoft-Windows-Known Folders API Service","4412","492","rjaf-PC4429","S-1-5-18","7/27/2015 6:38:07 AM",,,"c:\users\mac_1\desktop\winevt\logs\microsoft-windows-known folders api service.evtx","System.UInt32[]","System.Diagnostics.Eventing.Reader.EventBookmark","Warning","Info",,"System.Collections.ObjectModel.ReadOnlyCollection`1[System.String]","System.Collections.Generic.List`1[System.Diagnostics.Eventing.Reader.EventProperty]"
"Error 0x80070005 occurred while verifying known folder {F1B32785-6FBA-4FCF-9D55-7B8E7F157091} with path 'C:\Windows\system32\config\systemprofile\AppData\Local'.","1002","0",,"3","0","0","-9223372036854775808","4241","Microsoft-Windows-KnownFolders","8939299f-2315-4c5c-9b91-abb86aa0627d","Microsoft-Windows-Known Folders API Service","4172","5752","rjaf-PC4429","S-1-5-18","7/27/2015 6:36:00 AM",,,"c:\users\mac_1\desktop\winevt\logs\microsoft-windows-known folders api service.evtx","System.UInt32[]","System.Diagnostics.Eventing.Reader.EventBookmark","Warning","Info",,"System.Collections.ObjectModel.ReadOnlyCollection`1[System.String]","System.Collections.Generic.List`1[System.Diagnostics.Eventing.Reader.EventProperty]"
"Error 0x80070005 occurred while verifying known folder {F1B32785-6FBA-4FCF-9D55-7B8E7F157091} with path 'C:\Windows\system32\config\systemprofile\AppData\Local'.","1002","0",,"3","0","0","-9223372036854775808","4240","Microsoft-Windows-KnownFolders","8939299f-2315-4c5c-9b91-abb86aa0627d","Microsoft-Windows-Known Folders API Service","2864","5652","rjaf-PC4429","S-1-5-18","7/27/2015 6:33:57 AM",,,"c:\users\mac_1\desktop\winevt\logs\microsoft-windows-known folders api service.evtx","System.UInt32[]","System.Diagnostics.Eventing.Reader.EventBookmark","Warning","Info",,"System.Collections.ObjectModel.ReadOnlyCollection`1[System.String]","System.Collections.Generic.List`1[System.Diagnostics.Eventing.Reader.EventProperty]"
"Error 0x80070005 occurred while verifying known folder {F1B32785-6FBA-4FCF-9D55-7B8E7F157091} with path 'C:\Windows\system32\config\systemprofile\AppData\Local'.","1002","0",,"3","0","0","-9223372036854775808","4239","Microsoft-Windows-KnownFolders","8939299f-2315-4c5c-9b91-abb86aa0627d","Microsoft-Windows-Known Folders API Service","4724","5372","rjaf-PC4429","S-1-5-18","7/27/2015 6:31:22 AM",,,"c:\users\mac_1\desktop\winevt\logs\microsoft-windows-known folders api service.evtx","System.UInt32[]","System.Diagnostics.Eventing.Reader.EventBookmark","Warning","Info",,"System.Collections.ObjectModel.ReadOnlyCollection`1[System.String]","System.Collections.Generic.List`1[System.Diagnostics.Eventing.Reader.EventProperty]"
"Error 0x80070005 occurred while verifying known folder {F1B32785-6FBA-4FCF-9D55-7B8E7F157091} with path 'C:\Windows\system32\config\systemprofile\AppData\Local'.","1002","0",,"3","0","0","-9223372036854775808","4238","Microsoft-Windows-KnownFolders","8939299f-2315-4c5c-9b91-abb86aa0627d","Microsoft-Windows-Known Folders API Service","4932","4576","rjaf-PC4429","S-1-5-18","7/27/2015 6:29:15 AM",,,"c:\users\mac_1\desktop\winevt\logs\microsoft-windows-known folders api service.evtx","System.UInt32[]","System.Diagnostics.Eventing.Reader.EventBookmark","Warning","Info",,"System.Collections.ObjectModel.ReadOnlyCollection`1[System.String]","System.Collections.Generic.List`1[System.Diagnostics.Eventing.Reader.EventProperty]"
"Error 0x80070005 occurred while verifying known folder {F1B32785-6FBA-4FCF-9D55-7B8E7F157091} with path 'C:\Windows\system32\config\systemprofile\AppData\Local'.","1002","0",,"3","0","0","-9223372036854775808","4237","Microsoft-Windows-KnownFolders","8939299f-2315-4c5c-9b91-abb86aa0627d","Microsoft-Windows-Known Folders API Service","4016","4152","rjaf-PC4429","S-1-5-18","7/27/2015 6:27:09 AM",,,"c:\users\mac_1\desktop\winevt\logs\microsoft-windows-known folders api service.evtx","System.UInt32[]","System.Diagnostics.Eventing.Reader.EventBookmark","Warning","Info",,"System.Collections.ObjectModel.ReadOnlyCollection`1[System.String]","System.Collections.Generic.List`1[System.Diagnostics.Eventing.Reader.EventProperty]"
"Error 0x80070005 occurred while verifying known folder {F1B32785-6FBA-4FCF-9D55-7B8E7F157091} with path 'C:\Windows\system32\config\systemprofile\AppData\Local'.","1002","0",,"3","0","0","-9223372036854775808","4236","Microsoft-Windows-KnownFolders","8939299f-2315-4c5c-9b91-abb86aa0627d","Microsoft-Windows-Known Folders API Service","544","352","rjaf-PC4429","S-1-5-18","7/27/2015 6:25:06 AM",,,"c:\users\mac_1\desktop\winevt\logs\microsoft-windows-known folders api service.evtx","System.UInt32[]","System.Diagnostics.Eventing.Reader.EventBookmark","Warning","Info",,"System.Collections.ObjectModel.ReadOnlyCollection`1[System.String]","System.Collections.Generic.List`1[System.Diagnostics.Eventing.Reader.EventProperty]"
"Error 0x80070005 occurred while verifying known folder {F1B32785-6FBA-4FCF-9D55-7B8E7F157091} with path 'C:\Windows\system32\config\systemprofile\AppData\Local'.","1002","0",,"3","0","0","-9223372036854775808","4235","Microsoft-Windows-KnownFolders","8939299f-2315-4c5c-9b91-abb86aa0627d","Microsoft-Windows-Known Folders API Service","3144","6012","rjaf-PC4429","S-1-5-18","7/27/2015 6:22:47 AM",,,"c:\users\mac_1\desktop\winevt\logs\microsoft-windows-known folders api service.evtx","System.UInt32[]","System.Diagnostics.Eventing.Reader.EventBookmark","Warning","Info",,"System.Collections.ObjectModel.ReadOnlyCollection`1[System.String]","System.Collections.Generic.List`1[System.Diagnostics.Eventing.Reader.EventProperty]"
"Error 0x80070005 occurred while creating known folder {F1B32785-6FBA-4FCF-9D55-7B8E7F157091} with path 'C:\Windows\system32\config\systemprofile\AppData\Local'.","1000","0",,"3","0","0","-9223372036854775808","4234","Microsoft-Windows-KnownFolders","8939299f-2315-4c5c-9b91-abb86aa0627d","Microsoft-Windows-Known Folders API Service","5800","5784","rjaf-PC4429","S-1-5-18","7/27/2015 6:21:35 AM",,,"c:\users\mac_1\desktop\winevt\logs\microsoft-windows-known folders api service.evtx","System.UInt32[]","System.Diagnostics.Eventing.Reader.EventBookmark","Warning","Info",,"System.Collections.ObjectModel.ReadOnlyCollection`1[System.String]","System.Collections.Generic.List`1[System.Diagnostics.Eventing.Reader.EventProperty]"
"Error 0x80070005 occurred while creating known folder {5E6C858F-0E22-4760-9AFE-EA3317B67173} with path 'C:\Windows\system32\config\systemprofile'.","1000","0",,"3","0","0","-9223372036854775808","4233","Microsoft-Windows-KnownFolders","8939299f-2315-4c5c-9b91-abb86aa0627d","Microsoft-Windows-Known Folders API Service","5800","5784","rjaf-PC4429","S-1-5-18","7/27/2015 6:21:35 AM",,,"c:\users\mac_1\desktop\winevt\logs\microsoft-windows-known folders api service.evtx","System.UInt32[]","System.Diagnostics.Eventing.Reader.EventBookmark","Warning","Info",,"System.Collections.ObjectModel.ReadOnlyCollection`1[System.String]","System.Collections.Generic.List`1[System.Diagnostics.Eventing.Reader.EventProperty]"
"Error 0x80070005 occurred while creating known folder {F1B32785-6FBA-4FCF-9D55-7B8E7F157091} with path 'C:\Windows\system32\config\systemprofile\AppData\Local'.","1000","0",,"3","0","0","-9223372036854775808","4232","Microsoft-Windows-KnownFolders","8939299f-2315-4c5c-9b91-abb86aa0627d","Microsoft-Windows-Known Folders API Service","5800","5784","rjaf-PC4429","S-1-5-18","7/27/2015 6:21:35 AM",,,"c:\users\mac_1\desktop\winevt\logs\microsoft-windows-known folders api service.evtx","System.UInt32[]","System.Diagnostics.Eventing.Reader.EventBookmark","Warning","Info",,"System.Collections.ObjectModel.ReadOnlyCollection`1[System.String]","System.Collections.Generic.List`1[System.Diagnostics.Eventing.Reader.EventProperty]"
