"1005:Run Assessment, dwm, -aname DWM -time 10 -fbc 10 -disp off -normalw 12 -width 1280 -height 1024 -winwidth C(1144) -winheight C(915) -rendertotex 6 -rtdelta 3 -nolock","9","0",,"4","1","0","-9223372036854775808","25","Microsoft-Windows-WindowsSystemAssessmentTool","11a75546-3234-465e-bec8-2d301cb501ac","Microsoft-Windows-WindowsSystemAssessmentTool/Operational","788","792","rjaf-PC","S-1-5-18","12/2/2013 9:46:55 PM",,,"c:\users\mac_1\desktop\winevt\logs\microsoft-windows-windowssystemassessmenttool%4operational.evtx","System.UInt32[]","System.Diagnostics.Eventing.Reader.EventBookmark","Information","Info",,"System.Collections.ObjectModel.ReadOnlyCollection`1[System.String]","System.Collections.Generic.List`1[System.Diagnostics.Eventing.Reader.EventProperty]"
"1001","10","0",,"4","1","0","-9223372036854775808","24","Microsoft-Windows-WindowsSystemAssessmentTool","11a75546-3234-465e-bec8-2d301cb501ac","Microsoft-Windows-WindowsSystemAssessmentTool/Operational","788","792","rjaf-PC","S-1-5-18","12/2/2013 9:46:55 PM",,,"c:\users\mac_1\desktop\winevt\logs\microsoft-windows-windowssystemassessmenttool%4operational.evtx","System.UInt32[]","System.Diagnostics.Eventing.Reader.EventBookmark","Information","Info",,"System.Collections.ObjectModel.ReadOnlyCollection`1[System.String]","System.Collections.Generic.List`1[System.Diagnostics.Eventing.Reader.EventProperty]"
"120","10","0",,"4","1","0","-9223372036854775808","23","Microsoft-Windows-WindowsSystemAssessmentTool","11a75546-3234-465e-bec8-2d301cb501ac","Microsoft-Windows-WindowsSystemAssessmentTool/Operational","788","792","rjaf-PC","S-1-5-18","12/2/2013 9:46:55 PM",,,"c:\users\mac_1\desktop\winevt\logs\microsoft-windows-windowssystemassessmenttool%4operational.evtx","System.UInt32[]","System.Diagnostics.Eventing.Reader.EventBookmark","Information","Info",,"System.Collections.ObjectModel.ReadOnlyCollection`1[System.String]","System.Collections.Generic.List`1[System.Diagnostics.Eventing.Reader.EventProperty]"
"120:Get graphics adapter information","9","0",,"4","1","0","-9223372036854775808","22","Microsoft-Windows-WindowsSystemAssessmentTool","11a75546-3234-465e-bec8-2d301cb501ac","Microsoft-Windows-WindowsSystemAssessmentTool/Operational","788","792","rjaf-PC","S-1-5-18","12/2/2013 9:46:55 PM",,,"c:\users\mac_1\desktop\winevt\logs\microsoft-windows-windowssystemassessmenttool%4operational.evtx","System.UInt32[]","System.Diagnostics.Eventing.Reader.EventBookmark","Information","Info",,"System.Collections.ObjectModel.ReadOnlyCollection`1[System.String]","System.Collections.Generic.List`1[System.Diagnostics.Eventing.Reader.EventProperty]"
"1001:Run Assessment, features, ","9","0",,"4","1","0","-9223372036854775808","21","Microsoft-Windows-WindowsSystemAssessmentTool","11a75546-3234-465e-bec8-2d301cb501ac","Microsoft-Windows-WindowsSystemAssessmentTool/Operational","788","792","rjaf-PC","S-1-5-18","12/2/2013 9:46:55 PM",,,"c:\users\mac_1\desktop\winevt\logs\microsoft-windows-windowssystemassessmenttool%4operational.evtx","System.UInt32[]","System.Diagnostics.Eventing.Reader.EventBookmark","Information","Info",,"System.Collections.ObjectModel.ReadOnlyCollection`1[System.String]","System.Collections.Generic.List`1[System.Diagnostics.Eventing.Reader.EventProperty]"
"10","10","0",,"4","1","0","-9223372036854775808","20","Microsoft-Windows-WindowsSystemAssessmentTool","11a75546-3234-465e-bec8-2d301cb501ac","Microsoft-Windows-WindowsSystemAssessmentTool/Operational","788","792","rjaf-PC","S-1-5-18","12/2/2013 9:46:55 PM",,,"c:\users\mac_1\desktop\winevt\logs\microsoft-windows-windowssystemassessmenttool%4operational.evtx","System.UInt32[]","System.Diagnostics.Eventing.Reader.EventBookmark","Information","Info",,"System.Collections.ObjectModel.ReadOnlyCollection`1[System.String]","System.Collections.Generic.List`1[System.Diagnostics.Eventing.Reader.EventProperty]"
"30","10","0",,"4","1","0","-9223372036854775808","19","Microsoft-Windows-WindowsSystemAssessmentTool","11a75546-3234-465e-bec8-2d301cb501ac","Microsoft-Windows-WindowsSystemAssessmentTool/Operational","788","792","rjaf-PC","S-1-5-18","12/2/2013 9:46:55 PM",,,"c:\users\mac_1\desktop\winevt\logs\microsoft-windows-windowssystemassessmenttool%4operational.evtx","System.UInt32[]","System.Diagnostics.Eventing.Reader.EventBookmark","Information","Info",,"System.Collections.ObjectModel.ReadOnlyCollection`1[System.String]","System.Collections.Generic.List`1[System.Diagnostics.Eventing.Reader.EventProperty]"
"50","10","0",,"4","1","0","-9223372036854775808","18","Microsoft-Windows-WindowsSystemAssessmentTool","11a75546-3234-465e-bec8-2d301cb501ac","Microsoft-Windows-WindowsSystemAssessmentTool/Operational","788","792","rjaf-PC","S-1-5-18","12/2/2013 9:46:55 PM",,,"c:\users\mac_1\desktop\winevt\logs\microsoft-windows-windowssystemassessmenttool%4operational.evtx","System.UInt32[]","System.Diagnostics.Eventing.Reader.EventBookmark","Information","Info",,"System.Collections.ObjectModel.ReadOnlyCollection`1[System.String]","System.Collections.Generic.List`1[System.Diagnostics.Eventing.Reader.EventProperty]"
"90","10","0",,"4","1","0","-9223372036854775808","17","Microsoft-Windows-WindowsSystemAssessmentTool","11a75546-3234-465e-bec8-2d301cb501ac","Microsoft-Windows-WindowsSystemAssessmentTool/Operational","788","792","rjaf-PC","S-1-5-18","12/2/2013 9:46:55 PM",,,"c:\users\mac_1\desktop\winevt\logs\microsoft-windows-windowssystemassessmenttool%4operational.evtx","System.UInt32[]","System.Diagnostics.Eventing.Reader.EventBookmark","Information","Info",,"System.Collections.ObjectModel.ReadOnlyCollection`1[System.String]","System.Collections.Generic.List`1[System.Diagnostics.Eventing.Reader.EventProperty]"
"90:Get Adapter Description","9","0",,"4","1","0","-9223372036854775808","16","Microsoft-Windows-WindowsSystemAssessmentTool","11a75546-3234-465e-bec8-2d301cb501ac","Microsoft-Windows-WindowsSystemAssessmentTool/Operational","788","792","rjaf-PC","S-1-5-18","12/2/2013 9:46:55 PM",,,"c:\users\mac_1\desktop\winevt\logs\microsoft-windows-windowssystemassessmenttool%4operational.evtx","System.UInt32[]","System.Diagnostics.Eventing.Reader.EventBookmark","Information","Info",,"System.Collections.ObjectModel.ReadOnlyCollection`1[System.String]","System.Collections.Generic.List`1[System.Diagnostics.Eventing.Reader.EventProperty]"
"80","10","0",,"4","1","0","-9223372036854775808","15","Microsoft-Windows-WindowsSystemAssessmentTool","11a75546-3234-465e-bec8-2d301cb501ac","Microsoft-Windows-WindowsSystemAssessmentTool/Operational","788","792","rjaf-PC","S-1-5-18","12/2/2013 9:46:55 PM",,,"c:\users\mac_1\desktop\winevt\logs\microsoft-windows-windowssystemassessmenttool%4operational.evtx","System.UInt32[]","System.Diagnostics.Eventing.Reader.EventBookmark","Information","Info",,"System.Collections.ObjectModel.ReadOnlyCollection`1[System.String]","System.Collections.Generic.List`1[System.Diagnostics.Eventing.Reader.EventProperty]"
"80:Get DX9 Device capabilities","9","0",,"4","1","0","-9223372036854775808","14","Microsoft-Windows-WindowsSystemAssessmentTool","11a75546-3234-465e-bec8-2d301cb501ac","Microsoft-Windows-WindowsSystemAssessmentTool/Operational","788","792","rjaf-PC","S-1-5-18","12/2/2013 9:46:55 PM",,,"c:\users\mac_1\desktop\winevt\logs\microsoft-windows-windowssystemassessmenttool%4operational.evtx","System.UInt32[]","System.Diagnostics.Eventing.Reader.EventBookmark","Information","Info",,"System.Collections.ObjectModel.ReadOnlyCollection`1[System.String]","System.Collections.Generic.List`1[System.Diagnostics.Eventing.Reader.EventProperty]"
"70","10","0",,"4","1","0","-9223372036854775808","13","Microsoft-Windows-WindowsSystemAssessmentTool","11a75546-3234-465e-bec8-2d301cb501ac","Microsoft-Windows-WindowsSystemAssessmentTool/Operational","788","792","rjaf-PC","S-1-5-18","12/2/2013 9:46:55 PM",,,"c:\users\mac_1\desktop\winevt\logs\microsoft-windows-windowssystemassessmenttool%4operational.evtx","System.UInt32[]","System.Diagnostics.Eventing.Reader.EventBookmark","Information","Info",,"System.Collections.ObjectModel.ReadOnlyCollection`1[System.String]","System.Collections.Generic.List`1[System.Diagnostics.Eventing.Reader.EventProperty]"
"70:Initializing DX9","9","0",,"4","1","0","-9223372036854775808","12","Microsoft-Windows-WindowsSystemAssessmentTool","11a75546-3234-465e-bec8-2d301cb501ac","Microsoft-Windows-WindowsSystemAssessmentTool/Operational","788","792","rjaf-PC","S-1-5-18","12/2/2013 9:46:55 PM",,,"c:\users\mac_1\desktop\winevt\logs\microsoft-windows-windowssystemassessmenttool%4operational.evtx","System.UInt32[]","System.Diagnostics.Eventing.Reader.EventBookmark","Information","Info",,"System.Collections.ObjectModel.ReadOnlyCollection`1[System.String]","System.Collections.Generic.List`1[System.Diagnostics.Eventing.Reader.EventProperty]"
"60","10","0",,"4","1","0","-9223372036854775808","11","Microsoft-Windows-WindowsSystemAssessmentTool","11a75546-3234-465e-bec8-2d301cb501ac","Microsoft-Windows-WindowsSystemAssessmentTool/Operational","788","792","rjaf-PC","S-1-5-18","12/2/2013 9:46:55 PM",,,"c:\users\mac_1\desktop\winevt\logs\microsoft-windows-windowssystemassessmenttool%4operational.evtx","System.UInt32[]","System.Diagnostics.Eventing.Reader.EventBookmark","Information","Info",,"System.Collections.ObjectModel.ReadOnlyCollection`1[System.String]","System.Collections.Generic.List`1[System.Diagnostics.Eventing.Reader.EventProperty]"
"60:Gather Monitor information","9","0",,"4","1","0","-9223372036854775808","10","Microsoft-Windows-WindowsSystemAssessmentTool","11a75546-3234-465e-bec8-2d301cb501ac","Microsoft-Windows-WindowsSystemAssessmentTool/Operational","788","792","rjaf-PC","S-1-5-18","12/2/2013 9:46:55 PM",,,"c:\users\mac_1\desktop\winevt\logs\microsoft-windows-windowssystemassessmenttool%4operational.evtx","System.UInt32[]","System.Diagnostics.Eventing.Reader.EventBookmark","Information","Info",,"System.Collections.ObjectModel.ReadOnlyCollection`1[System.String]","System.Collections.Generic.List`1[System.Diagnostics.Eventing.Reader.EventProperty]"
"50:Gather Graphics information","9","0",,"4","1","0","-9223372036854775808","9","Microsoft-Windows-WindowsSystemAssessmentTool","11a75546-3234-465e-bec8-2d301cb501ac","Microsoft-Windows-WindowsSystemAssessmentTool/Operational","788","792","rjaf-PC","S-1-5-18","12/2/2013 9:46:55 PM",,,"c:\users\mac_1\desktop\winevt\logs\microsoft-windows-windowssystemassessmenttool%4operational.evtx","System.UInt32[]","System.Diagnostics.Eventing.Reader.EventBookmark","Information","Info",,"System.Collections.ObjectModel.ReadOnlyCollection`1[System.String]","System.Collections.Generic.List`1[System.Diagnostics.Eventing.Reader.EventProperty]"
"40","10","0",,"4","1","0","-9223372036854775808","8","Microsoft-Windows-WindowsSystemAssessmentTool","11a75546-3234-465e-bec8-2d301cb501ac","Microsoft-Windows-WindowsSystemAssessmentTool/Operational","788","792","rjaf-PC","S-1-5-18","12/2/2013 9:46:55 PM",,,"c:\users\mac_1\desktop\winevt\logs\microsoft-windows-windowssystemassessmenttool%4operational.evtx","System.UInt32[]","System.Diagnostics.Eventing.Reader.EventBookmark","Information","Info",,"System.Collections.ObjectModel.ReadOnlyCollection`1[System.String]","System.Collections.Generic.List`1[System.Diagnostics.Eventing.Reader.EventProperty]"
"40:Gather CPU information","9","0",,"4","1","0","-9223372036854775808","7","Microsoft-Windows-WindowsSystemAssessmentTool","11a75546-3234-465e-bec8-2d301cb501ac","Microsoft-Windows-WindowsSystemAssessmentTool/Operational","788","792","rjaf-PC","S-1-5-18","12/2/2013 9:46:55 PM",,,"c:\users\mac_1\desktop\winevt\logs\microsoft-windows-windowssystemassessmenttool%4operational.evtx","System.UInt32[]","System.Diagnostics.Eventing.Reader.EventBookmark","Information","Info",,"System.Collections.ObjectModel.ReadOnlyCollection`1[System.String]","System.Collections.Generic.List`1[System.Diagnostics.Eventing.Reader.EventProperty]"
"30:Gathering Key Info","9","0",,"4","1","0","-9223372036854775808","6","Microsoft-Windows-WindowsSystemAssessmentTool","11a75546-3234-465e-bec8-2d301cb501ac","Microsoft-Windows-WindowsSystemAssessmentTool/Operational","788","792","rjaf-PC","S-1-5-18","12/2/2013 9:46:55 PM",,,"c:\users\mac_1\desktop\winevt\logs\microsoft-windows-windowssystemassessmenttool%4operational.evtx","System.UInt32[]","System.Diagnostics.Eventing.Reader.EventBookmark","Information","Info",,"System.Collections.ObjectModel.ReadOnlyCollection`1[System.String]","System.Collections.Generic.List`1[System.Diagnostics.Eventing.Reader.EventProperty]"
"20","10","0",,"4","1","0","-9223372036854775808","5","Microsoft-Windows-WindowsSystemAssessmentTool","11a75546-3234-465e-bec8-2d301cb501ac","Microsoft-Windows-WindowsSystemAssessmentTool/Operational","788","792","rjaf-PC","S-1-5-18","12/2/2013 9:46:55 PM",,,"c:\users\mac_1\desktop\winevt\logs\microsoft-windows-windowssystemassessmenttool%4operational.evtx","System.UInt32[]","System.Diagnostics.Eventing.Reader.EventBookmark","Information","Info",,"System.Collections.ObjectModel.ReadOnlyCollection`1[System.String]","System.Collections.Generic.List`1[System.Diagnostics.Eventing.Reader.EventProperty]"
"20:Modify system policies","9","0",,"4","1","0","-9223372036854775808","4","Microsoft-Windows-WindowsSystemAssessmentTool","11a75546-3234-465e-bec8-2d301cb501ac","Microsoft-Windows-WindowsSystemAssessmentTool/Operational","788","792","rjaf-PC","S-1-5-18","12/2/2013 9:46:53 PM",,,"c:\users\mac_1\desktop\winevt\logs\microsoft-windows-windowssystemassessmenttool%4operational.evtx","System.UInt32[]","System.Diagnostics.Eventing.Reader.EventBookmark","Information","Info",,"System.Collections.ObjectModel.ReadOnlyCollection`1[System.String]","System.Collections.Generic.List`1[System.Diagnostics.Eventing.Reader.EventProperty]"
"WinSAT Application Command Line ""C:\Windows\system32\winsat.exe"" moobe -cancelevent 21458e8f-5ebd-4ae6-b958-fc0561c0c6bc -moobegoevent bcda1827-bc33-4f6b-9576-74d02c467020","2","0",,"0","1","0","-9223372036854775808","3","Microsoft-Windows-WindowsSystemAssessmentTool","11a75546-3234-465e-bec8-2d301cb501ac","Microsoft-Windows-WindowsSystemAssessmentTool/Operational","788","792","rjaf-PC","S-1-5-18","12/2/2013 9:46:52 PM",,,"c:\users\mac_1\desktop\winevt\logs\microsoft-windows-windowssystemassessmenttool%4operational.evtx","System.UInt32[]","System.Diagnostics.Eventing.Reader.EventBookmark","Information","Info",,"System.Collections.ObjectModel.ReadOnlyCollection`1[System.String]","System.Collections.Generic.List`1[System.Diagnostics.Eventing.Reader.EventProperty]"
"10:Application Intializaton","9","0",,"4","1","0","-9223372036854775808","2","Microsoft-Windows-WindowsSystemAssessmentTool","11a75546-3234-465e-bec8-2d301cb501ac","Microsoft-Windows-WindowsSystemAssessmentTool/Operational","788","792","rjaf-PC","S-1-5-18","12/2/2013 9:46:52 PM",,,"c:\users\mac_1\desktop\winevt\logs\microsoft-windows-windowssystemassessmenttool%4operational.evtx","System.UInt32[]","System.Diagnostics.Eventing.Reader.EventBookmark","Information","Info",,"System.Collections.ObjectModel.ReadOnlyCollection`1[System.String]","System.Collections.Generic.List`1[System.Diagnostics.Eventing.Reader.EventProperty]"
"WinSAT Application Start: ?2013?-?12?-?03T05:46:52.797233900Z","1","0",,"0","1","1","-9223372036854775808","1","Microsoft-Windows-WindowsSystemAssessmentTool","11a75546-3234-465e-bec8-2d301cb501ac","Microsoft-Windows-WindowsSystemAssessmentTool/Operational","788","792","rjaf-PC","S-1-5-18","12/2/2013 9:46:52 PM",,,"c:\users\mac_1\desktop\winevt\logs\microsoft-windows-windowssystemassessmenttool%4operational.evtx","System.UInt32[]","System.Diagnostics.Eventing.Reader.EventBookmark","Information","Start",,"System.Collections.ObjectModel.ReadOnlyCollection`1[System.String]","System.Collections.Generic.List`1[System.Diagnostics.Eventing.Reader.EventProperty]"
