"LPRemove terminating.","4001","0",,"4","35","2","4611686018427387904","388","Microsoft-Windows-LanguagePackSetup","7237fff9-a08a-4804-9c79-4a8704b70b87","Microsoft-Windows-LanguagePackSetup/Operational","2212","1996","rjaf-PC4429","S-1-5-18","2/11/2015 1:31:40 AM",,,"c:\users\mac_1\desktop\winevt\logs\microsoft-windows-languagepacksetup%4operational.evtx","System.UInt32[]","System.Diagnostics.Eventing.Reader.EventBookmark","Information","Stop","Language Pack cleanup functionality","System.Collections.ObjectModel.ReadOnlyCollection`1[System.String]","System.Collections.Generic.List`1[System.Diagnostics.Eventing.Reader.EventProperty]"
"LPRemove launched.","4000","0",,"4","35","1","4611686018427387904","387","Microsoft-Windows-LanguagePackSetup","7237fff9-a08a-4804-9c79-4a8704b70b87","Microsoft-Windows-LanguagePackSetup/Operational","2212","1996","rjaf-PC4429","S-1-5-18","2/11/2015 1:31:40 AM",,,"c:\users\mac_1\desktop\winevt\logs\microsoft-windows-languagepacksetup%4operational.evtx","System.UInt32[]","System.Diagnostics.Eventing.Reader.EventBookmark","Information","Start","Language Pack cleanup functionality","System.Collections.ObjectModel.ReadOnlyCollection`1[System.String]","System.Collections.Generic.List`1[System.Diagnostics.Eventing.Reader.EventProperty]"
"LPRemove terminating.","4001","0",,"4","35","2","4611686018427387904","386","Microsoft-Windows-LanguagePackSetup","7237fff9-a08a-4804-9c79-4a8704b70b87","Microsoft-Windows-LanguagePackSetup/Operational","3588","188","rjaf-PC4429","S-1-5-18","2/6/2015 9:43:53 AM",,,"c:\users\mac_1\desktop\winevt\logs\microsoft-windows-languagepacksetup%4operational.evtx","System.UInt32[]","System.Diagnostics.Eventing.Reader.EventBookmark","Information","Stop","Language Pack cleanup functionality","System.Collections.ObjectModel.ReadOnlyCollection`1[System.String]","System.Collections.Generic.List`1[System.Diagnostics.Eventing.Reader.EventProperty]"
"LPRemove launched.","4000","0",,"4","35","1","4611686018427387904","385","Microsoft-Windows-LanguagePackSetup","7237fff9-a08a-4804-9c79-4a8704b70b87","Microsoft-Windows-LanguagePackSetup/Operational","3588","188","rjaf-PC4429","S-1-5-18","2/6/2015 9:43:53 AM",,,"c:\users\mac_1\desktop\winevt\logs\microsoft-windows-languagepacksetup%4operational.evtx","System.UInt32[]","System.Diagnostics.Eventing.Reader.EventBookmark","Information","Start","Language Pack cleanup functionality","System.Collections.ObjectModel.ReadOnlyCollection`1[System.String]","System.Collections.Generic.List`1[System.Diagnostics.Eventing.Reader.EventProperty]"
"LPRemove terminating.","4001","0",,"4","35","2","4611686018427387904","384","Microsoft-Windows-LanguagePackSetup","7237fff9-a08a-4804-9c79-4a8704b70b87","Microsoft-Windows-LanguagePackSetup/Operational","4000","3604","rjaf-PC4429","S-1-5-18","2/2/2015 12:44:15 AM",,,"c:\users\mac_1\desktop\winevt\logs\microsoft-windows-languagepacksetup%4operational.evtx","System.UInt32[]","System.Diagnostics.Eventing.Reader.EventBookmark","Information","Stop","Language Pack cleanup functionality","System.Collections.ObjectModel.ReadOnlyCollection`1[System.String]","System.Collections.Generic.List`1[System.Diagnostics.Eventing.Reader.EventProperty]"
"LPRemove launched.","4000","0",,"4","35","1","4611686018427387904","383","Microsoft-Windows-LanguagePackSetup","7237fff9-a08a-4804-9c79-4a8704b70b87","Microsoft-Windows-LanguagePackSetup/Operational","4000","3604","rjaf-PC4429","S-1-5-18","2/2/2015 12:44:15 AM",,,"c:\users\mac_1\desktop\winevt\logs\microsoft-windows-languagepacksetup%4operational.evtx","System.UInt32[]","System.Diagnostics.Eventing.Reader.EventBookmark","Information","Start","Language Pack cleanup functionality","System.Collections.ObjectModel.ReadOnlyCollection`1[System.String]","System.Collections.Generic.List`1[System.Diagnostics.Eventing.Reader.EventProperty]"
"LPRemove terminating.","4001","0",,"4","35","2","4611686018427387904","382","Microsoft-Windows-LanguagePackSetup","7237fff9-a08a-4804-9c79-4a8704b70b87","Microsoft-Windows-LanguagePackSetup/Operational","1168","1204","rjaf-PC4429","S-1-5-18","1/31/2015 1:51:14 AM",,,"c:\users\mac_1\desktop\winevt\logs\microsoft-windows-languagepacksetup%4operational.evtx","System.UInt32[]","System.Diagnostics.Eventing.Reader.EventBookmark","Information","Stop","Language Pack cleanup functionality","System.Collections.ObjectModel.ReadOnlyCollection`1[System.String]","System.Collections.Generic.List`1[System.Diagnostics.Eventing.Reader.EventProperty]"
"LPRemove launched.","4000","0",,"4","35","1","4611686018427387904","381","Microsoft-Windows-LanguagePackSetup","7237fff9-a08a-4804-9c79-4a8704b70b87","Microsoft-Windows-LanguagePackSetup/Operational","1168","1204","rjaf-PC4429","S-1-5-18","1/31/2015 1:51:14 AM",,,"c:\users\mac_1\desktop\winevt\logs\microsoft-windows-languagepacksetup%4operational.evtx","System.UInt32[]","System.Diagnostics.Eventing.Reader.EventBookmark","Information","Start","Language Pack cleanup functionality","System.Collections.ObjectModel.ReadOnlyCollection`1[System.String]","System.Collections.Generic.List`1[System.Diagnostics.Eventing.Reader.EventProperty]"
"LPRemove terminating.","4001","0",,"4","35","2","4611686018427387904","380","Microsoft-Windows-LanguagePackSetup","7237fff9-a08a-4804-9c79-4a8704b70b87","Microsoft-Windows-LanguagePackSetup/Operational","7496","6756","rjaf-PC4429","S-1-5-18","1/29/2015 5:51:45 AM",,,"c:\users\mac_1\desktop\winevt\logs\microsoft-windows-languagepacksetup%4operational.evtx","System.UInt32[]","System.Diagnostics.Eventing.Reader.EventBookmark","Information","Stop","Language Pack cleanup functionality","System.Collections.ObjectModel.ReadOnlyCollection`1[System.String]","System.Collections.Generic.List`1[System.Diagnostics.Eventing.Reader.EventProperty]"
"LPRemove launched.","4000","0",,"4","35","1","4611686018427387904","379","Microsoft-Windows-LanguagePackSetup","7237fff9-a08a-4804-9c79-4a8704b70b87","Microsoft-Windows-LanguagePackSetup/Operational","7496","6756","rjaf-PC4429","S-1-5-18","1/29/2015 5:51:45 AM",,,"c:\users\mac_1\desktop\winevt\logs\microsoft-windows-languagepacksetup%4operational.evtx","System.UInt32[]","System.Diagnostics.Eventing.Reader.EventBookmark","Information","Start","Language Pack cleanup functionality","System.Collections.ObjectModel.ReadOnlyCollection`1[System.String]","System.Collections.Generic.List`1[System.Diagnostics.Eventing.Reader.EventProperty]"
"LPRemove terminating.","4001","0",,"4","35","2","4611686018427387904","378","Microsoft-Windows-LanguagePackSetup","7237fff9-a08a-4804-9c79-4a8704b70b87","Microsoft-Windows-LanguagePackSetup/Operational","484","2140","rjaf-PC4429","S-1-5-18","1/25/2015 6:04:04 AM",,,"c:\users\mac_1\desktop\winevt\logs\microsoft-windows-languagepacksetup%4operational.evtx","System.UInt32[]","System.Diagnostics.Eventing.Reader.EventBookmark","Information","Stop","Language Pack cleanup functionality","System.Collections.ObjectModel.ReadOnlyCollection`1[System.String]","System.Collections.Generic.List`1[System.Diagnostics.Eventing.Reader.EventProperty]"
"LPRemove launched.","4000","0",,"4","35","1","4611686018427387904","377","Microsoft-Windows-LanguagePackSetup","7237fff9-a08a-4804-9c79-4a8704b70b87","Microsoft-Windows-LanguagePackSetup/Operational","484","2140","rjaf-PC4429","S-1-5-18","1/25/2015 6:04:04 AM",,,"c:\users\mac_1\desktop\winevt\logs\microsoft-windows-languagepacksetup%4operational.evtx","System.UInt32[]","System.Diagnostics.Eventing.Reader.EventBookmark","Information","Start","Language Pack cleanup functionality","System.Collections.ObjectModel.ReadOnlyCollection`1[System.String]","System.Collections.Generic.List`1[System.Diagnostics.Eventing.Reader.EventProperty]"
"LPRemove terminating.","4001","0",,"4","35","2","4611686018427387904","376","Microsoft-Windows-LanguagePackSetup","7237fff9-a08a-4804-9c79-4a8704b70b87","Microsoft-Windows-LanguagePackSetup/Operational","2180","2344","rjaf-PC4429","S-1-5-18","1/24/2015 7:28:55 AM",,,"c:\users\mac_1\desktop\winevt\logs\microsoft-windows-languagepacksetup%4operational.evtx","System.UInt32[]","System.Diagnostics.Eventing.Reader.EventBookmark","Information","Stop","Language Pack cleanup functionality","System.Collections.ObjectModel.ReadOnlyCollection`1[System.String]","System.Collections.Generic.List`1[System.Diagnostics.Eventing.Reader.EventProperty]"
"LPRemove launched.","4000","0",,"4","35","1","4611686018427387904","375","Microsoft-Windows-LanguagePackSetup","7237fff9-a08a-4804-9c79-4a8704b70b87","Microsoft-Windows-LanguagePackSetup/Operational","2180","2344","rjaf-PC4429","S-1-5-18","1/24/2015 7:28:55 AM",,,"c:\users\mac_1\desktop\winevt\logs\microsoft-windows-languagepacksetup%4operational.evtx","System.UInt32[]","System.Diagnostics.Eventing.Reader.EventBookmark","Information","Start","Language Pack cleanup functionality","System.Collections.ObjectModel.ReadOnlyCollection`1[System.String]","System.Collections.Generic.List`1[System.Diagnostics.Eventing.Reader.EventProperty]"
"LPRemove terminating.","4001","0",,"4","35","2","4611686018427387904","374","Microsoft-Windows-LanguagePackSetup","7237fff9-a08a-4804-9c79-4a8704b70b87","Microsoft-Windows-LanguagePackSetup/Operational","1456","3124","rjaf-PC4429","S-1-5-18","1/23/2015 11:47:41 PM",,,"c:\users\mac_1\desktop\winevt\logs\microsoft-windows-languagepacksetup%4operational.evtx","System.UInt32[]","System.Diagnostics.Eventing.Reader.EventBookmark","Information","Stop","Language Pack cleanup functionality","System.Collections.ObjectModel.ReadOnlyCollection`1[System.String]","System.Collections.Generic.List`1[System.Diagnostics.Eventing.Reader.EventProperty]"
"LPRemove launched.","4000","0",,"4","35","1","4611686018427387904","373","Microsoft-Windows-LanguagePackSetup","7237fff9-a08a-4804-9c79-4a8704b70b87","Microsoft-Windows-LanguagePackSetup/Operational","1456","3124","rjaf-PC4429","S-1-5-18","1/23/2015 11:47:41 PM",,,"c:\users\mac_1\desktop\winevt\logs\microsoft-windows-languagepacksetup%4operational.evtx","System.UInt32[]","System.Diagnostics.Eventing.Reader.EventBookmark","Information","Start","Language Pack cleanup functionality","System.Collections.ObjectModel.ReadOnlyCollection`1[System.String]","System.Collections.Generic.List`1[System.Diagnostics.Eventing.Reader.EventProperty]"
"LPRemove terminating.","4001","0",,"4","35","2","4611686018427387904","372","Microsoft-Windows-LanguagePackSetup","7237fff9-a08a-4804-9c79-4a8704b70b87","Microsoft-Windows-LanguagePackSetup/Operational","3644","3928","rjaf-PC4429","S-1-5-18","1/18/2015 1:59:04 AM",,,"c:\users\mac_1\desktop\winevt\logs\microsoft-windows-languagepacksetup%4operational.evtx","System.UInt32[]","System.Diagnostics.Eventing.Reader.EventBookmark","Information","Stop","Language Pack cleanup functionality","System.Collections.ObjectModel.ReadOnlyCollection`1[System.String]","System.Collections.Generic.List`1[System.Diagnostics.Eventing.Reader.EventProperty]"
"LPRemove launched.","4000","0",,"4","35","1","4611686018427387904","371","Microsoft-Windows-LanguagePackSetup","7237fff9-a08a-4804-9c79-4a8704b70b87","Microsoft-Windows-LanguagePackSetup/Operational","3644","3928","rjaf-PC4429","S-1-5-18","1/18/2015 1:59:04 AM",,,"c:\users\mac_1\desktop\winevt\logs\microsoft-windows-languagepacksetup%4operational.evtx","System.UInt32[]","System.Diagnostics.Eventing.Reader.EventBookmark","Information","Start","Language Pack cleanup functionality","System.Collections.ObjectModel.ReadOnlyCollection`1[System.String]","System.Collections.Generic.List`1[System.Diagnostics.Eventing.Reader.EventProperty]"
"LPRemove terminating.","4001","0",,"4","35","2","4611686018427387904","370","Microsoft-Windows-LanguagePackSetup","7237fff9-a08a-4804-9c79-4a8704b70b87","Microsoft-Windows-LanguagePackSetup/Operational","2640","3124","rjaf-PC4429","S-1-5-18","1/17/2015 1:04:35 AM",,,"c:\users\mac_1\desktop\winevt\logs\microsoft-windows-languagepacksetup%4operational.evtx","System.UInt32[]","System.Diagnostics.Eventing.Reader.EventBookmark","Information","Stop","Language Pack cleanup functionality","System.Collections.ObjectModel.ReadOnlyCollection`1[System.String]","System.Collections.Generic.List`1[System.Diagnostics.Eventing.Reader.EventProperty]"
"LPRemove launched.","4000","0",,"4","35","1","4611686018427387904","369","Microsoft-Windows-LanguagePackSetup","7237fff9-a08a-4804-9c79-4a8704b70b87","Microsoft-Windows-LanguagePackSetup/Operational","2640","3124","rjaf-PC4429","S-1-5-18","1/17/2015 1:04:35 AM",,,"c:\users\mac_1\desktop\winevt\logs\microsoft-windows-languagepacksetup%4operational.evtx","System.UInt32[]","System.Diagnostics.Eventing.Reader.EventBookmark","Information","Start","Language Pack cleanup functionality","System.Collections.ObjectModel.ReadOnlyCollection`1[System.String]","System.Collections.Generic.List`1[System.Diagnostics.Eventing.Reader.EventProperty]"
"LPRemove terminating.","4001","0",,"4","35","2","4611686018427387904","368","Microsoft-Windows-LanguagePackSetup","7237fff9-a08a-4804-9c79-4a8704b70b87","Microsoft-Windows-LanguagePackSetup/Operational","3232","2928","rjaf-PC4429","S-1-5-18","1/15/2015 5:14:52 AM",,,"c:\users\mac_1\desktop\winevt\logs\microsoft-windows-languagepacksetup%4operational.evtx","System.UInt32[]","System.Diagnostics.Eventing.Reader.EventBookmark","Information","Stop","Language Pack cleanup functionality","System.Collections.ObjectModel.ReadOnlyCollection`1[System.String]","System.Collections.Generic.List`1[System.Diagnostics.Eventing.Reader.EventProperty]"
"LPRemove launched.","4000","0",,"4","35","1","4611686018427387904","367","Microsoft-Windows-LanguagePackSetup","7237fff9-a08a-4804-9c79-4a8704b70b87","Microsoft-Windows-LanguagePackSetup/Operational","3232","2928","rjaf-PC4429","S-1-5-18","1/15/2015 5:14:52 AM",,,"c:\users\mac_1\desktop\winevt\logs\microsoft-windows-languagepacksetup%4operational.evtx","System.UInt32[]","System.Diagnostics.Eventing.Reader.EventBookmark","Information","Start","Language Pack cleanup functionality","System.Collections.ObjectModel.ReadOnlyCollection`1[System.String]","System.Collections.Generic.List`1[System.Diagnostics.Eventing.Reader.EventProperty]"
"LPRemove terminating.","4001","0",,"4","35","2","4611686018427387904","366","Microsoft-Windows-LanguagePackSetup","7237fff9-a08a-4804-9c79-4a8704b70b87","Microsoft-Windows-LanguagePackSetup/Operational","2624","384","rjaf-PC4429","S-1-5-18","1/14/2015 6:17:27 AM",,,"c:\users\mac_1\desktop\winevt\logs\microsoft-windows-languagepacksetup%4operational.evtx","System.UInt32[]","System.Diagnostics.Eventing.Reader.EventBookmark","Information","Stop","Language Pack cleanup functionality","System.Collections.ObjectModel.ReadOnlyCollection`1[System.String]","System.Collections.Generic.List`1[System.Diagnostics.Eventing.Reader.EventProperty]"
"LPRemove launched.","4000","0",,"4","35","1","4611686018427387904","365","Microsoft-Windows-LanguagePackSetup","7237fff9-a08a-4804-9c79-4a8704b70b87","Microsoft-Windows-LanguagePackSetup/Operational","2624","384","rjaf-PC4429","S-1-5-18","1/14/2015 6:17:27 AM",,,"c:\users\mac_1\desktop\winevt\logs\microsoft-windows-languagepacksetup%4operational.evtx","System.UInt32[]","System.Diagnostics.Eventing.Reader.EventBookmark","Information","Start","Language Pack cleanup functionality","System.Collections.ObjectModel.ReadOnlyCollection`1[System.String]","System.Collections.Generic.List`1[System.Diagnostics.Eventing.Reader.EventProperty]"
"LPRemove terminating.","4001","0",,"4","35","2","4611686018427387904","364","Microsoft-Windows-LanguagePackSetup","7237fff9-a08a-4804-9c79-4a8704b70b87","Microsoft-Windows-LanguagePackSetup/Operational","1704","616","rjaf-PC4429","S-1-5-18","1/11/2015 3:25:05 AM",,,"c:\users\mac_1\desktop\winevt\logs\microsoft-windows-languagepacksetup%4operational.evtx","System.UInt32[]","System.Diagnostics.Eventing.Reader.EventBookmark","Information","Stop","Language Pack cleanup functionality","System.Collections.ObjectModel.ReadOnlyCollection`1[System.String]","System.Collections.Generic.List`1[System.Diagnostics.Eventing.Reader.EventProperty]"
"LPRemove launched.","4000","0",,"4","35","1","4611686018427387904","363","Microsoft-Windows-LanguagePackSetup","7237fff9-a08a-4804-9c79-4a8704b70b87","Microsoft-Windows-LanguagePackSetup/Operational","1704","616","rjaf-PC4429","S-1-5-18","1/11/2015 3:25:05 AM",,,"c:\users\mac_1\desktop\winevt\logs\microsoft-windows-languagepacksetup%4operational.evtx","System.UInt32[]","System.Diagnostics.Eventing.Reader.EventBookmark","Information","Start","Language Pack cleanup functionality","System.Collections.ObjectModel.ReadOnlyCollection`1[System.String]","System.Collections.Generic.List`1[System.Diagnostics.Eventing.Reader.EventProperty]"
"LPRemove terminating.","4001","0",,"4","35","2","4611686018427387904","362","Microsoft-Windows-LanguagePackSetup","7237fff9-a08a-4804-9c79-4a8704b70b87","Microsoft-Windows-LanguagePackSetup/Operational","1144","1764","rjaf-PC4429","S-1-5-18","1/7/2015 1:45:59 AM",,,"c:\users\mac_1\desktop\winevt\logs\microsoft-windows-languagepacksetup%4operational.evtx","System.UInt32[]","System.Diagnostics.Eventing.Reader.EventBookmark","Information","Stop","Language Pack cleanup functionality","System.Collections.ObjectModel.ReadOnlyCollection`1[System.String]","System.Collections.Generic.List`1[System.Diagnostics.Eventing.Reader.EventProperty]"
"LPRemove launched.","4000","0",,"4","35","1","4611686018427387904","361","Microsoft-Windows-LanguagePackSetup","7237fff9-a08a-4804-9c79-4a8704b70b87","Microsoft-Windows-LanguagePackSetup/Operational","1144","1764","rjaf-PC4429","S-1-5-18","1/7/2015 1:45:59 AM",,,"c:\users\mac_1\desktop\winevt\logs\microsoft-windows-languagepacksetup%4operational.evtx","System.UInt32[]","System.Diagnostics.Eventing.Reader.EventBookmark","Information","Start","Language Pack cleanup functionality","System.Collections.ObjectModel.ReadOnlyCollection`1[System.String]","System.Collections.Generic.List`1[System.Diagnostics.Eventing.Reader.EventProperty]"
"LPRemove terminating.","4001","0",,"4","35","2","4611686018427387904","360","Microsoft-Windows-LanguagePackSetup","7237fff9-a08a-4804-9c79-4a8704b70b87","Microsoft-Windows-LanguagePackSetup/Operational","3872","3764","rjaf-PC4429","S-1-5-18","1/5/2015 2:11:33 AM",,,"c:\users\mac_1\desktop\winevt\logs\microsoft-windows-languagepacksetup%4operational.evtx","System.UInt32[]","System.Diagnostics.Eventing.Reader.EventBookmark","Information","Stop","Language Pack cleanup functionality","System.Collections.ObjectModel.ReadOnlyCollection`1[System.String]","System.Collections.Generic.List`1[System.Diagnostics.Eventing.Reader.EventProperty]"
"LPRemove launched.","4000","0",,"4","35","1","4611686018427387904","359","Microsoft-Windows-LanguagePackSetup","7237fff9-a08a-4804-9c79-4a8704b70b87","Microsoft-Windows-LanguagePackSetup/Operational","3872","3764","rjaf-PC4429","S-1-5-18","1/5/2015 2:11:33 AM",,,"c:\users\mac_1\desktop\winevt\logs\microsoft-windows-languagepacksetup%4operational.evtx","System.UInt32[]","System.Diagnostics.Eventing.Reader.EventBookmark","Information","Start","Language Pack cleanup functionality","System.Collections.ObjectModel.ReadOnlyCollection`1[System.String]","System.Collections.Generic.List`1[System.Diagnostics.Eventing.Reader.EventProperty]"
"LPRemove terminating.","4001","0",,"4","35","2","4611686018427387904","358","Microsoft-Windows-LanguagePackSetup","7237fff9-a08a-4804-9c79-4a8704b70b87","Microsoft-Windows-LanguagePackSetup/Operational","3644","3548","rjaf-PC4429","S-1-5-18","12/28/2014 12:10:04 PM",,,"c:\users\mac_1\desktop\winevt\logs\microsoft-windows-languagepacksetup%4operational.evtx","System.UInt32[]","System.Diagnostics.Eventing.Reader.EventBookmark","Information","Stop","Language Pack cleanup functionality","System.Collections.ObjectModel.ReadOnlyCollection`1[System.String]","System.Collections.Generic.List`1[System.Diagnostics.Eventing.Reader.EventProperty]"
"LPRemove launched.","4000","0",,"4","35","1","4611686018427387904","357","Microsoft-Windows-LanguagePackSetup","7237fff9-a08a-4804-9c79-4a8704b70b87","Microsoft-Windows-LanguagePackSetup/Operational","3644","3548","rjaf-PC4429","S-1-5-18","12/28/2014 12:10:04 PM",,,"c:\users\mac_1\desktop\winevt\logs\microsoft-windows-languagepacksetup%4operational.evtx","System.UInt32[]","System.Diagnostics.Eventing.Reader.EventBookmark","Information","Start","Language Pack cleanup functionality","System.Collections.ObjectModel.ReadOnlyCollection`1[System.String]","System.Collections.Generic.List`1[System.Diagnostics.Eventing.Reader.EventProperty]"
"LPRemove terminating.","4001","0",,"4","35","2","4611686018427387904","356","Microsoft-Windows-LanguagePackSetup","7237fff9-a08a-4804-9c79-4a8704b70b87","Microsoft-Windows-LanguagePackSetup/Operational","2704","2956","rjaf-PC4429","S-1-5-18","12/25/2014 5:15:15 AM",,,"c:\users\mac_1\desktop\winevt\logs\microsoft-windows-languagepacksetup%4operational.evtx","System.UInt32[]","System.Diagnostics.Eventing.Reader.EventBookmark","Information","Stop","Language Pack cleanup functionality","System.Collections.ObjectModel.ReadOnlyCollection`1[System.String]","System.Collections.Generic.List`1[System.Diagnostics.Eventing.Reader.EventProperty]"
"LPRemove launched.","4000","0",,"4","35","1","4611686018427387904","355","Microsoft-Windows-LanguagePackSetup","7237fff9-a08a-4804-9c79-4a8704b70b87","Microsoft-Windows-LanguagePackSetup/Operational","2704","2956","rjaf-PC4429","S-1-5-18","12/25/2014 5:15:15 AM",,,"c:\users\mac_1\desktop\winevt\logs\microsoft-windows-languagepacksetup%4operational.evtx","System.UInt32[]","System.Diagnostics.Eventing.Reader.EventBookmark","Information","Start","Language Pack cleanup functionality","System.Collections.ObjectModel.ReadOnlyCollection`1[System.String]","System.Collections.Generic.List`1[System.Diagnostics.Eventing.Reader.EventProperty]"
"LPRemove terminating.","4001","0",,"4","35","2","4611686018427387904","354","Microsoft-Windows-LanguagePackSetup","7237fff9-a08a-4804-9c79-4a8704b70b87","Microsoft-Windows-LanguagePackSetup/Operational","1952","3156","rjaf-PC4429","S-1-5-18","12/24/2014 1:55:56 AM",,,"c:\users\mac_1\desktop\winevt\logs\microsoft-windows-languagepacksetup%4operational.evtx","System.UInt32[]","System.Diagnostics.Eventing.Reader.EventBookmark","Information","Stop","Language Pack cleanup functionality","System.Collections.ObjectModel.ReadOnlyCollection`1[System.String]","System.Collections.Generic.List`1[System.Diagnostics.Eventing.Reader.EventProperty]"
"LPRemove launched.","4000","0",,"4","35","1","4611686018427387904","353","Microsoft-Windows-LanguagePackSetup","7237fff9-a08a-4804-9c79-4a8704b70b87","Microsoft-Windows-LanguagePackSetup/Operational","1952","3156","rjaf-PC4429","S-1-5-18","12/24/2014 1:55:56 AM",,,"c:\users\mac_1\desktop\winevt\logs\microsoft-windows-languagepacksetup%4operational.evtx","System.UInt32[]","System.Diagnostics.Eventing.Reader.EventBookmark","Information","Start","Language Pack cleanup functionality","System.Collections.ObjectModel.ReadOnlyCollection`1[System.String]","System.Collections.Generic.List`1[System.Diagnostics.Eventing.Reader.EventProperty]"
"LPRemove terminating.","4001","0",,"4","35","2","4611686018427387904","352","Microsoft-Windows-LanguagePackSetup","7237fff9-a08a-4804-9c79-4a8704b70b87","Microsoft-Windows-LanguagePackSetup/Operational","2712","1156","rjaf-PC4429","S-1-5-18","12/23/2014 2:11:21 PM",,,"c:\users\mac_1\desktop\winevt\logs\microsoft-windows-languagepacksetup%4operational.evtx","System.UInt32[]","System.Diagnostics.Eventing.Reader.EventBookmark","Information","Stop","Language Pack cleanup functionality","System.Collections.ObjectModel.ReadOnlyCollection`1[System.String]","System.Collections.Generic.List`1[System.Diagnostics.Eventing.Reader.EventProperty]"
"LPRemove launched.","4000","0",,"4","35","1","4611686018427387904","351","Microsoft-Windows-LanguagePackSetup","7237fff9-a08a-4804-9c79-4a8704b70b87","Microsoft-Windows-LanguagePackSetup/Operational","2712","1156","rjaf-PC4429","S-1-5-18","12/23/2014 2:11:21 PM",,,"c:\users\mac_1\desktop\winevt\logs\microsoft-windows-languagepacksetup%4operational.evtx","System.UInt32[]","System.Diagnostics.Eventing.Reader.EventBookmark","Information","Start","Language Pack cleanup functionality","System.Collections.ObjectModel.ReadOnlyCollection`1[System.String]","System.Collections.Generic.List`1[System.Diagnostics.Eventing.Reader.EventProperty]"
"LPRemove terminating.","4001","0",,"4","35","2","4611686018427387904","350","Microsoft-Windows-LanguagePackSetup","7237fff9-a08a-4804-9c79-4a8704b70b87","Microsoft-Windows-LanguagePackSetup/Operational","3672","5084","rjaf-PC4429","S-1-5-18","12/19/2014 12:08:46 AM",,,"c:\users\mac_1\desktop\winevt\logs\microsoft-windows-languagepacksetup%4operational.evtx","System.UInt32[]","System.Diagnostics.Eventing.Reader.EventBookmark","Information","Stop","Language Pack cleanup functionality","System.Collections.ObjectModel.ReadOnlyCollection`1[System.String]","System.Collections.Generic.List`1[System.Diagnostics.Eventing.Reader.EventProperty]"
"LPRemove launched.","4000","0",,"4","35","1","4611686018427387904","349","Microsoft-Windows-LanguagePackSetup","7237fff9-a08a-4804-9c79-4a8704b70b87","Microsoft-Windows-LanguagePackSetup/Operational","3672","5084","rjaf-PC4429","S-1-5-18","12/19/2014 12:08:46 AM",,,"c:\users\mac_1\desktop\winevt\logs\microsoft-windows-languagepacksetup%4operational.evtx","System.UInt32[]","System.Diagnostics.Eventing.Reader.EventBookmark","Information","Start","Language Pack cleanup functionality","System.Collections.ObjectModel.ReadOnlyCollection`1[System.String]","System.Collections.Generic.List`1[System.Diagnostics.Eventing.Reader.EventProperty]"
"LPRemove terminating.","4001","0",,"4","35","2","4611686018427387904","348","Microsoft-Windows-LanguagePackSetup","7237fff9-a08a-4804-9c79-4a8704b70b87","Microsoft-Windows-LanguagePackSetup/Operational","2712","2260","rjaf-PC4429","S-1-5-18","12/17/2014 5:59:07 AM",,,"c:\users\mac_1\desktop\winevt\logs\microsoft-windows-languagepacksetup%4operational.evtx","System.UInt32[]","System.Diagnostics.Eventing.Reader.EventBookmark","Information","Stop","Language Pack cleanup functionality","System.Collections.ObjectModel.ReadOnlyCollection`1[System.String]","System.Collections.Generic.List`1[System.Diagnostics.Eventing.Reader.EventProperty]"
"LPRemove launched.","4000","0",,"4","35","1","4611686018427387904","347","Microsoft-Windows-LanguagePackSetup","7237fff9-a08a-4804-9c79-4a8704b70b87","Microsoft-Windows-LanguagePackSetup/Operational","2712","2260","rjaf-PC4429","S-1-5-18","12/17/2014 5:59:07 AM",,,"c:\users\mac_1\desktop\winevt\logs\microsoft-windows-languagepacksetup%4operational.evtx","System.UInt32[]","System.Diagnostics.Eventing.Reader.EventBookmark","Information","Start","Language Pack cleanup functionality","System.Collections.ObjectModel.ReadOnlyCollection`1[System.String]","System.Collections.Generic.List`1[System.Diagnostics.Eventing.Reader.EventProperty]"
"LPRemove terminating.","4001","0",,"4","35","2","4611686018427387904","346","Microsoft-Windows-LanguagePackSetup","7237fff9-a08a-4804-9c79-4a8704b70b87","Microsoft-Windows-LanguagePackSetup/Operational","1420","2396","rjaf-PC4429","S-1-5-18","12/17/2014 1:51:38 AM",,,"c:\users\mac_1\desktop\winevt\logs\microsoft-windows-languagepacksetup%4operational.evtx","System.UInt32[]","System.Diagnostics.Eventing.Reader.EventBookmark","Information","Stop","Language Pack cleanup functionality","System.Collections.ObjectModel.ReadOnlyCollection`1[System.String]","System.Collections.Generic.List`1[System.Diagnostics.Eventing.Reader.EventProperty]"
"LPRemove launched.","4000","0",,"4","35","1","4611686018427387904","345","Microsoft-Windows-LanguagePackSetup","7237fff9-a08a-4804-9c79-4a8704b70b87","Microsoft-Windows-LanguagePackSetup/Operational","1420","2396","rjaf-PC4429","S-1-5-18","12/17/2014 1:51:38 AM",,,"c:\users\mac_1\desktop\winevt\logs\microsoft-windows-languagepacksetup%4operational.evtx","System.UInt32[]","System.Diagnostics.Eventing.Reader.EventBookmark","Information","Start","Language Pack cleanup functionality","System.Collections.ObjectModel.ReadOnlyCollection`1[System.String]","System.Collections.Generic.List`1[System.Diagnostics.Eventing.Reader.EventProperty]"
"LPRemove terminating.","4001","0",,"4","35","2","4611686018427387904","344","Microsoft-Windows-LanguagePackSetup","7237fff9-a08a-4804-9c79-4a8704b70b87","Microsoft-Windows-LanguagePackSetup/Operational","3756","2808","rjaf-PC4429","S-1-5-18","12/16/2014 12:02:38 AM",,,"c:\users\mac_1\desktop\winevt\logs\microsoft-windows-languagepacksetup%4operational.evtx","System.UInt32[]","System.Diagnostics.Eventing.Reader.EventBookmark","Information","Stop","Language Pack cleanup functionality","System.Collections.ObjectModel.ReadOnlyCollection`1[System.String]","System.Collections.Generic.List`1[System.Diagnostics.Eventing.Reader.EventProperty]"
"LPRemove launched.","4000","0",,"4","35","1","4611686018427387904","343","Microsoft-Windows-LanguagePackSetup","7237fff9-a08a-4804-9c79-4a8704b70b87","Microsoft-Windows-LanguagePackSetup/Operational","3756","2808","rjaf-PC4429","S-1-5-18","12/16/2014 12:02:38 AM",,,"c:\users\mac_1\desktop\winevt\logs\microsoft-windows-languagepacksetup%4operational.evtx","System.UInt32[]","System.Diagnostics.Eventing.Reader.EventBookmark","Information","Start","Language Pack cleanup functionality","System.Collections.ObjectModel.ReadOnlyCollection`1[System.String]","System.Collections.Generic.List`1[System.Diagnostics.Eventing.Reader.EventProperty]"
"LPRemove terminating.","4001","0",,"4","35","2","4611686018427387904","342","Microsoft-Windows-LanguagePackSetup","7237fff9-a08a-4804-9c79-4a8704b70b87","Microsoft-Windows-LanguagePackSetup/Operational","2876","2684","rjaf-PC4429","S-1-5-18","12/15/2014 7:26:32 AM",,,"c:\users\mac_1\desktop\winevt\logs\microsoft-windows-languagepacksetup%4operational.evtx","System.UInt32[]","System.Diagnostics.Eventing.Reader.EventBookmark","Information","Stop","Language Pack cleanup functionality","System.Collections.ObjectModel.ReadOnlyCollection`1[System.String]","System.Collections.Generic.List`1[System.Diagnostics.Eventing.Reader.EventProperty]"
"LPRemove launched.","4000","0",,"4","35","1","4611686018427387904","341","Microsoft-Windows-LanguagePackSetup","7237fff9-a08a-4804-9c79-4a8704b70b87","Microsoft-Windows-LanguagePackSetup/Operational","2876","2684","rjaf-PC4429","S-1-5-18","12/15/2014 7:26:32 AM",,,"c:\users\mac_1\desktop\winevt\logs\microsoft-windows-languagepacksetup%4operational.evtx","System.UInt32[]","System.Diagnostics.Eventing.Reader.EventBookmark","Information","Start","Language Pack cleanup functionality","System.Collections.ObjectModel.ReadOnlyCollection`1[System.String]","System.Collections.Generic.List`1[System.Diagnostics.Eventing.Reader.EventProperty]"
"LPRemove terminating.","4001","0",,"4","35","2","4611686018427387904","340","Microsoft-Windows-LanguagePackSetup","7237fff9-a08a-4804-9c79-4a8704b70b87","Microsoft-Windows-LanguagePackSetup/Operational","2236","2240","rjaf-PC4429","S-1-5-18","12/13/2014 11:20:47 PM",,,"c:\users\mac_1\desktop\winevt\logs\microsoft-windows-languagepacksetup%4operational.evtx","System.UInt32[]","System.Diagnostics.Eventing.Reader.EventBookmark","Information","Stop","Language Pack cleanup functionality","System.Collections.ObjectModel.ReadOnlyCollection`1[System.String]","System.Collections.Generic.List`1[System.Diagnostics.Eventing.Reader.EventProperty]"
"LPRemove launched.","4000","0",,"4","35","1","4611686018427387904","339","Microsoft-Windows-LanguagePackSetup","7237fff9-a08a-4804-9c79-4a8704b70b87","Microsoft-Windows-LanguagePackSetup/Operational","2236","2240","rjaf-PC4429","S-1-5-18","12/13/2014 11:20:47 PM",,,"c:\users\mac_1\desktop\winevt\logs\microsoft-windows-languagepacksetup%4operational.evtx","System.UInt32[]","System.Diagnostics.Eventing.Reader.EventBookmark","Information","Start","Language Pack cleanup functionality","System.Collections.ObjectModel.ReadOnlyCollection`1[System.String]","System.Collections.Generic.List`1[System.Diagnostics.Eventing.Reader.EventProperty]"
"LPRemove terminating.","4001","0",,"4","35","2","4611686018427387904","338","Microsoft-Windows-LanguagePackSetup","7237fff9-a08a-4804-9c79-4a8704b70b87","Microsoft-Windows-LanguagePackSetup/Operational","3004","2832","rjaf-PC4429","S-1-5-18","12/10/2014 8:26:34 AM",,,"c:\users\mac_1\desktop\winevt\logs\microsoft-windows-languagepacksetup%4operational.evtx","System.UInt32[]","System.Diagnostics.Eventing.Reader.EventBookmark","Information","Stop","Language Pack cleanup functionality","System.Collections.ObjectModel.ReadOnlyCollection`1[System.String]","System.Collections.Generic.List`1[System.Diagnostics.Eventing.Reader.EventProperty]"
"LPRemove launched.","4000","0",,"4","35","1","4611686018427387904","337","Microsoft-Windows-LanguagePackSetup","7237fff9-a08a-4804-9c79-4a8704b70b87","Microsoft-Windows-LanguagePackSetup/Operational","3004","2832","rjaf-PC4429","S-1-5-18","12/10/2014 8:26:34 AM",,,"c:\users\mac_1\desktop\winevt\logs\microsoft-windows-languagepacksetup%4operational.evtx","System.UInt32[]","System.Diagnostics.Eventing.Reader.EventBookmark","Information","Start","Language Pack cleanup functionality","System.Collections.ObjectModel.ReadOnlyCollection`1[System.String]","System.Collections.Generic.List`1[System.Diagnostics.Eventing.Reader.EventProperty]"
"LPRemove terminating.","4001","0",,"4","35","2","4611686018427387904","336","Microsoft-Windows-LanguagePackSetup","7237fff9-a08a-4804-9c79-4a8704b70b87","Microsoft-Windows-LanguagePackSetup/Operational","2576","2004","rjaf-PC4429","S-1-5-18","12/7/2014 2:36:02 AM",,,"c:\users\mac_1\desktop\winevt\logs\microsoft-windows-languagepacksetup%4operational.evtx","System.UInt32[]","System.Diagnostics.Eventing.Reader.EventBookmark","Information","Stop","Language Pack cleanup functionality","System.Collections.ObjectModel.ReadOnlyCollection`1[System.String]","System.Collections.Generic.List`1[System.Diagnostics.Eventing.Reader.EventProperty]"
"LPRemove launched.","4000","0",,"4","35","1","4611686018427387904","335","Microsoft-Windows-LanguagePackSetup","7237fff9-a08a-4804-9c79-4a8704b70b87","Microsoft-Windows-LanguagePackSetup/Operational","2576","2004","rjaf-PC4429","S-1-5-18","12/7/2014 2:36:02 AM",,,"c:\users\mac_1\desktop\winevt\logs\microsoft-windows-languagepacksetup%4operational.evtx","System.UInt32[]","System.Diagnostics.Eventing.Reader.EventBookmark","Information","Start","Language Pack cleanup functionality","System.Collections.ObjectModel.ReadOnlyCollection`1[System.String]","System.Collections.Generic.List`1[System.Diagnostics.Eventing.Reader.EventProperty]"
"LPRemove terminating.","4001","0",,"4","35","2","4611686018427387904","334","Microsoft-Windows-LanguagePackSetup","7237fff9-a08a-4804-9c79-4a8704b70b87","Microsoft-Windows-LanguagePackSetup/Operational","5776","5780","rjaf-PC4429","S-1-5-18","12/3/2014 3:23:27 AM",,,"c:\users\mac_1\desktop\winevt\logs\microsoft-windows-languagepacksetup%4operational.evtx","System.UInt32[]","System.Diagnostics.Eventing.Reader.EventBookmark","Information","Stop","Language Pack cleanup functionality","System.Collections.ObjectModel.ReadOnlyCollection`1[System.String]","System.Collections.Generic.List`1[System.Diagnostics.Eventing.Reader.EventProperty]"
"LPRemove launched.","4000","0",,"4","35","1","4611686018427387904","333","Microsoft-Windows-LanguagePackSetup","7237fff9-a08a-4804-9c79-4a8704b70b87","Microsoft-Windows-LanguagePackSetup/Operational","5776","5780","rjaf-PC4429","S-1-5-18","12/3/2014 3:23:27 AM",,,"c:\users\mac_1\desktop\winevt\logs\microsoft-windows-languagepacksetup%4operational.evtx","System.UInt32[]","System.Diagnostics.Eventing.Reader.EventBookmark","Information","Start","Language Pack cleanup functionality","System.Collections.ObjectModel.ReadOnlyCollection`1[System.String]","System.Collections.Generic.List`1[System.Diagnostics.Eventing.Reader.EventProperty]"
"LPRemove terminating.","4001","0",,"4","35","2","4611686018427387904","332","Microsoft-Windows-LanguagePackSetup","7237fff9-a08a-4804-9c79-4a8704b70b87","Microsoft-Windows-LanguagePackSetup/Operational","3344","2240","rjaf-PC4429","S-1-5-18","11/30/2014 1:36:31 AM",,,"c:\users\mac_1\desktop\winevt\logs\microsoft-windows-languagepacksetup%4operational.evtx","System.UInt32[]","System.Diagnostics.Eventing.Reader.EventBookmark","Information","Stop","Language Pack cleanup functionality","System.Collections.ObjectModel.ReadOnlyCollection`1[System.String]","System.Collections.Generic.List`1[System.Diagnostics.Eventing.Reader.EventProperty]"
"LPRemove launched.","4000","0",,"4","35","1","4611686018427387904","331","Microsoft-Windows-LanguagePackSetup","7237fff9-a08a-4804-9c79-4a8704b70b87","Microsoft-Windows-LanguagePackSetup/Operational","3344","2240","rjaf-PC4429","S-1-5-18","11/30/2014 1:36:31 AM",,,"c:\users\mac_1\desktop\winevt\logs\microsoft-windows-languagepacksetup%4operational.evtx","System.UInt32[]","System.Diagnostics.Eventing.Reader.EventBookmark","Information","Start","Language Pack cleanup functionality","System.Collections.ObjectModel.ReadOnlyCollection`1[System.String]","System.Collections.Generic.List`1[System.Diagnostics.Eventing.Reader.EventProperty]"
"LPRemove terminating.","4001","0",,"4","35","2","4611686018427387904","330","Microsoft-Windows-LanguagePackSetup","7237fff9-a08a-4804-9c79-4a8704b70b87","Microsoft-Windows-LanguagePackSetup/Operational","3648","1364","rjaf-PC4429","S-1-5-18","11/29/2014 10:54:46 AM",,,"c:\users\mac_1\desktop\winevt\logs\microsoft-windows-languagepacksetup%4operational.evtx","System.UInt32[]","System.Diagnostics.Eventing.Reader.EventBookmark","Information","Stop","Language Pack cleanup functionality","System.Collections.ObjectModel.ReadOnlyCollection`1[System.String]","System.Collections.Generic.List`1[System.Diagnostics.Eventing.Reader.EventProperty]"
"LPRemove launched.","4000","0",,"4","35","1","4611686018427387904","329","Microsoft-Windows-LanguagePackSetup","7237fff9-a08a-4804-9c79-4a8704b70b87","Microsoft-Windows-LanguagePackSetup/Operational","3648","1364","rjaf-PC4429","S-1-5-18","11/29/2014 10:54:46 AM",,,"c:\users\mac_1\desktop\winevt\logs\microsoft-windows-languagepacksetup%4operational.evtx","System.UInt32[]","System.Diagnostics.Eventing.Reader.EventBookmark","Information","Start","Language Pack cleanup functionality","System.Collections.ObjectModel.ReadOnlyCollection`1[System.String]","System.Collections.Generic.List`1[System.Diagnostics.Eventing.Reader.EventProperty]"
"LPRemove terminating.","4001","0",,"4","35","2","4611686018427387904","328","Microsoft-Windows-LanguagePackSetup","7237fff9-a08a-4804-9c79-4a8704b70b87","Microsoft-Windows-LanguagePackSetup/Operational","2652","3604","rjaf-PC4429","S-1-5-18","11/28/2014 10:50:27 AM",,,"c:\users\mac_1\desktop\winevt\logs\microsoft-windows-languagepacksetup%4operational.evtx","System.UInt32[]","System.Diagnostics.Eventing.Reader.EventBookmark","Information","Stop","Language Pack cleanup functionality","System.Collections.ObjectModel.ReadOnlyCollection`1[System.String]","System.Collections.Generic.List`1[System.Diagnostics.Eventing.Reader.EventProperty]"
"LPRemove launched.","4000","0",,"4","35","1","4611686018427387904","327","Microsoft-Windows-LanguagePackSetup","7237fff9-a08a-4804-9c79-4a8704b70b87","Microsoft-Windows-LanguagePackSetup/Operational","2652","3604","rjaf-PC4429","S-1-5-18","11/28/2014 10:50:27 AM",,,"c:\users\mac_1\desktop\winevt\logs\microsoft-windows-languagepacksetup%4operational.evtx","System.UInt32[]","System.Diagnostics.Eventing.Reader.EventBookmark","Information","Start","Language Pack cleanup functionality","System.Collections.ObjectModel.ReadOnlyCollection`1[System.String]","System.Collections.Generic.List`1[System.Diagnostics.Eventing.Reader.EventProperty]"
"LPRemove terminating.","4001","0",,"4","35","2","4611686018427387904","326","Microsoft-Windows-LanguagePackSetup","7237fff9-a08a-4804-9c79-4a8704b70b87","Microsoft-Windows-LanguagePackSetup/Operational","2116","2144","rjaf-PC4429","S-1-5-18","11/26/2014 10:29:34 PM",,,"c:\users\mac_1\desktop\winevt\logs\microsoft-windows-languagepacksetup%4operational.evtx","System.UInt32[]","System.Diagnostics.Eventing.Reader.EventBookmark","Information","Stop","Language Pack cleanup functionality","System.Collections.ObjectModel.ReadOnlyCollection`1[System.String]","System.Collections.Generic.List`1[System.Diagnostics.Eventing.Reader.EventProperty]"
"LPRemove launched.","4000","0",,"4","35","1","4611686018427387904","325","Microsoft-Windows-LanguagePackSetup","7237fff9-a08a-4804-9c79-4a8704b70b87","Microsoft-Windows-LanguagePackSetup/Operational","2116","2144","rjaf-PC4429","S-1-5-18","11/26/2014 10:29:34 PM",,,"c:\users\mac_1\desktop\winevt\logs\microsoft-windows-languagepacksetup%4operational.evtx","System.UInt32[]","System.Diagnostics.Eventing.Reader.EventBookmark","Information","Start","Language Pack cleanup functionality","System.Collections.ObjectModel.ReadOnlyCollection`1[System.String]","System.Collections.Generic.List`1[System.Diagnostics.Eventing.Reader.EventProperty]"
"LPRemove terminating.","4001","0",,"4","35","2","4611686018427387904","324","Microsoft-Windows-LanguagePackSetup","7237fff9-a08a-4804-9c79-4a8704b70b87","Microsoft-Windows-LanguagePackSetup/Operational","2876","3772","rjaf-PC4429","S-1-5-18","11/26/2014 10:12:54 AM",,,"c:\users\mac_1\desktop\winevt\logs\microsoft-windows-languagepacksetup%4operational.evtx","System.UInt32[]","System.Diagnostics.Eventing.Reader.EventBookmark","Information","Stop","Language Pack cleanup functionality","System.Collections.ObjectModel.ReadOnlyCollection`1[System.String]","System.Collections.Generic.List`1[System.Diagnostics.Eventing.Reader.EventProperty]"
"LPRemove launched.","4000","0",,"4","35","1","4611686018427387904","323","Microsoft-Windows-LanguagePackSetup","7237fff9-a08a-4804-9c79-4a8704b70b87","Microsoft-Windows-LanguagePackSetup/Operational","2876","3772","rjaf-PC4429","S-1-5-18","11/26/2014 10:12:54 AM",,,"c:\users\mac_1\desktop\winevt\logs\microsoft-windows-languagepacksetup%4operational.evtx","System.UInt32[]","System.Diagnostics.Eventing.Reader.EventBookmark","Information","Start","Language Pack cleanup functionality","System.Collections.ObjectModel.ReadOnlyCollection`1[System.String]","System.Collections.Generic.List`1[System.Diagnostics.Eventing.Reader.EventProperty]"
"LPRemove terminating.","4001","0",,"4","35","2","4611686018427387904","322","Microsoft-Windows-LanguagePackSetup","7237fff9-a08a-4804-9c79-4a8704b70b87","Microsoft-Windows-LanguagePackSetup/Operational","2340","3896","rjaf-PC4429","S-1-5-18","11/23/2014 2:48:53 AM",,,"c:\users\mac_1\desktop\winevt\logs\microsoft-windows-languagepacksetup%4operational.evtx","System.UInt32[]","System.Diagnostics.Eventing.Reader.EventBookmark","Information","Stop","Language Pack cleanup functionality","System.Collections.ObjectModel.ReadOnlyCollection`1[System.String]","System.Collections.Generic.List`1[System.Diagnostics.Eventing.Reader.EventProperty]"
"LPRemove launched.","4000","0",,"4","35","1","4611686018427387904","321","Microsoft-Windows-LanguagePackSetup","7237fff9-a08a-4804-9c79-4a8704b70b87","Microsoft-Windows-LanguagePackSetup/Operational","2340","3896","rjaf-PC4429","S-1-5-18","11/23/2014 2:48:53 AM",,,"c:\users\mac_1\desktop\winevt\logs\microsoft-windows-languagepacksetup%4operational.evtx","System.UInt32[]","System.Diagnostics.Eventing.Reader.EventBookmark","Information","Start","Language Pack cleanup functionality","System.Collections.ObjectModel.ReadOnlyCollection`1[System.String]","System.Collections.Generic.List`1[System.Diagnostics.Eventing.Reader.EventProperty]"
"LPRemove terminating.","4001","0",,"4","35","2","4611686018427387904","320","Microsoft-Windows-LanguagePackSetup","7237fff9-a08a-4804-9c79-4a8704b70b87","Microsoft-Windows-LanguagePackSetup/Operational","988","340","rjaf-PC4429","S-1-5-18","11/19/2014 2:17:21 AM",,,"c:\users\mac_1\desktop\winevt\logs\microsoft-windows-languagepacksetup%4operational.evtx","System.UInt32[]","System.Diagnostics.Eventing.Reader.EventBookmark","Information","Stop","Language Pack cleanup functionality","System.Collections.ObjectModel.ReadOnlyCollection`1[System.String]","System.Collections.Generic.List`1[System.Diagnostics.Eventing.Reader.EventProperty]"
"LPRemove launched.","4000","0",,"4","35","1","4611686018427387904","319","Microsoft-Windows-LanguagePackSetup","7237fff9-a08a-4804-9c79-4a8704b70b87","Microsoft-Windows-LanguagePackSetup/Operational","988","340","rjaf-PC4429","S-1-5-18","11/19/2014 2:17:21 AM",,,"c:\users\mac_1\desktop\winevt\logs\microsoft-windows-languagepacksetup%4operational.evtx","System.UInt32[]","System.Diagnostics.Eventing.Reader.EventBookmark","Information","Start","Language Pack cleanup functionality","System.Collections.ObjectModel.ReadOnlyCollection`1[System.String]","System.Collections.Generic.List`1[System.Diagnostics.Eventing.Reader.EventProperty]"
"LPRemove terminating.","4001","0",,"4","35","2","4611686018427387904","318","Microsoft-Windows-LanguagePackSetup","7237fff9-a08a-4804-9c79-4a8704b70b87","Microsoft-Windows-LanguagePackSetup/Operational","2168","756","rjaf-PC4429","S-1-5-18","11/18/2014 12:22:47 AM",,,"c:\users\mac_1\desktop\winevt\logs\microsoft-windows-languagepacksetup%4operational.evtx","System.UInt32[]","System.Diagnostics.Eventing.Reader.EventBookmark","Information","Stop","Language Pack cleanup functionality","System.Collections.ObjectModel.ReadOnlyCollection`1[System.String]","System.Collections.Generic.List`1[System.Diagnostics.Eventing.Reader.EventProperty]"
"LPRemove launched.","4000","0",,"4","35","1","4611686018427387904","317","Microsoft-Windows-LanguagePackSetup","7237fff9-a08a-4804-9c79-4a8704b70b87","Microsoft-Windows-LanguagePackSetup/Operational","2168","756","rjaf-PC4429","S-1-5-18","11/18/2014 12:22:47 AM",,,"c:\users\mac_1\desktop\winevt\logs\microsoft-windows-languagepacksetup%4operational.evtx","System.UInt32[]","System.Diagnostics.Eventing.Reader.EventBookmark","Information","Start","Language Pack cleanup functionality","System.Collections.ObjectModel.ReadOnlyCollection`1[System.String]","System.Collections.Generic.List`1[System.Diagnostics.Eventing.Reader.EventProperty]"
"LPRemove terminating.","4001","0",,"4","35","2","4611686018427387904","316","Microsoft-Windows-LanguagePackSetup","7237fff9-a08a-4804-9c79-4a8704b70b87","Microsoft-Windows-LanguagePackSetup/Operational","1256","308","rjaf-PC4429","S-1-5-18","11/17/2014 1:42:34 AM",,,"c:\users\mac_1\desktop\winevt\logs\microsoft-windows-languagepacksetup%4operational.evtx","System.UInt32[]","System.Diagnostics.Eventing.Reader.EventBookmark","Information","Stop","Language Pack cleanup functionality","System.Collections.ObjectModel.ReadOnlyCollection`1[System.String]","System.Collections.Generic.List`1[System.Diagnostics.Eventing.Reader.EventProperty]"
"LPRemove launched.","4000","0",,"4","35","1","4611686018427387904","315","Microsoft-Windows-LanguagePackSetup","7237fff9-a08a-4804-9c79-4a8704b70b87","Microsoft-Windows-LanguagePackSetup/Operational","1256","308","rjaf-PC4429","S-1-5-18","11/17/2014 1:42:34 AM",,,"c:\users\mac_1\desktop\winevt\logs\microsoft-windows-languagepacksetup%4operational.evtx","System.UInt32[]","System.Diagnostics.Eventing.Reader.EventBookmark","Information","Start","Language Pack cleanup functionality","System.Collections.ObjectModel.ReadOnlyCollection`1[System.String]","System.Collections.Generic.List`1[System.Diagnostics.Eventing.Reader.EventProperty]"
"LPRemove terminating.","4001","0",,"4","35","2","4611686018427387904","314","Microsoft-Windows-LanguagePackSetup","7237fff9-a08a-4804-9c79-4a8704b70b87","Microsoft-Windows-LanguagePackSetup/Operational","1144","1460","rjaf-PC4429","S-1-5-18","11/16/2014 11:35:30 PM",,,"c:\users\mac_1\desktop\winevt\logs\microsoft-windows-languagepacksetup%4operational.evtx","System.UInt32[]","System.Diagnostics.Eventing.Reader.EventBookmark","Information","Stop","Language Pack cleanup functionality","System.Collections.ObjectModel.ReadOnlyCollection`1[System.String]","System.Collections.Generic.List`1[System.Diagnostics.Eventing.Reader.EventProperty]"
"LPRemove launched.","4000","0",,"4","35","1","4611686018427387904","313","Microsoft-Windows-LanguagePackSetup","7237fff9-a08a-4804-9c79-4a8704b70b87","Microsoft-Windows-LanguagePackSetup/Operational","1144","1460","rjaf-PC4429","S-1-5-18","11/16/2014 11:35:30 PM",,,"c:\users\mac_1\desktop\winevt\logs\microsoft-windows-languagepacksetup%4operational.evtx","System.UInt32[]","System.Diagnostics.Eventing.Reader.EventBookmark","Information","Start","Language Pack cleanup functionality","System.Collections.ObjectModel.ReadOnlyCollection`1[System.String]","System.Collections.Generic.List`1[System.Diagnostics.Eventing.Reader.EventProperty]"
"LPRemove terminating.","4001","0",,"4","35","2","4611686018427387904","312","Microsoft-Windows-LanguagePackSetup","7237fff9-a08a-4804-9c79-4a8704b70b87","Microsoft-Windows-LanguagePackSetup/Operational","1960","1048","rjaf-PC4429","S-1-5-18","11/16/2014 6:31:37 AM",,,"c:\users\mac_1\desktop\winevt\logs\microsoft-windows-languagepacksetup%4operational.evtx","System.UInt32[]","System.Diagnostics.Eventing.Reader.EventBookmark","Information","Stop","Language Pack cleanup functionality","System.Collections.ObjectModel.ReadOnlyCollection`1[System.String]","System.Collections.Generic.List`1[System.Diagnostics.Eventing.Reader.EventProperty]"
