"The BITS service created a new job: WU Client Download, with owner NT AUTHORITY\SYSTEM","3","0",,"4","0","0","4611686018427387904","10767","Microsoft-Windows-Bits-Client","ef1cc15b-46c1-414e-bb95-e76b077bd51e","Microsoft-Windows-Bits-Client/Operational","1400","4524","rjaf-PC4429","S-1-5-18","8/25/2015 5:01:22 PM",,,"c:\users\mac_1\desktop\winevt\logs\microsoft-windows-bits-client%4operational.evtx","System.UInt32[]","System.Diagnostics.Eventing.Reader.EventBookmark","Information","Info",,"System.Collections.ObjectModel.ReadOnlyCollection`1[System.String]","System.Collections.Generic.List`1[System.Diagnostics.Eventing.Reader.EventProperty]"
"Job cancelled. User: NT AUTHORITY\SYSTEM, job: WU Client Download, jobID: {C6D69CF8-9675-406F-AC8D-BBF80E481FDF}, owner: NT AUTHORITY\SYSTEM, filecount: 0","5","0",,"4","0","0","4611686018427387904","10766","Microsoft-Windows-Bits-Client","ef1cc15b-46c1-414e-bb95-e76b077bd51e","Microsoft-Windows-Bits-Client/Operational","1400","1808","rjaf-PC4429","S-1-5-18","8/24/2015 5:01:31 PM",,,"c:\users\mac_1\desktop\winevt\logs\microsoft-windows-bits-client%4operational.evtx","System.UInt32[]","System.Diagnostics.Eventing.Reader.EventBookmark","Information","Info",,"System.Collections.ObjectModel.ReadOnlyCollection`1[System.String]","System.Collections.Generic.List`1[System.Diagnostics.Eventing.Reader.EventProperty]"
"The BITS service created a new job: WU Client Download, with owner NT AUTHORITY\SYSTEM","3","0",,"4","0","0","4611686018427387904","10765","Microsoft-Windows-Bits-Client","ef1cc15b-46c1-414e-bb95-e76b077bd51e","Microsoft-Windows-Bits-Client/Operational","1400","1808","rjaf-PC4429","S-1-5-18","8/24/2015 5:01:31 PM",,,"c:\users\mac_1\desktop\winevt\logs\microsoft-windows-bits-client%4operational.evtx","System.UInt32[]","System.Diagnostics.Eventing.Reader.EventBookmark","Information","Info",,"System.Collections.ObjectModel.ReadOnlyCollection`1[System.String]","System.Collections.Generic.List`1[System.Diagnostics.Eventing.Reader.EventProperty]"
"The transfer job is complete.
User: RJAF-PC4429\rjaf
Transfer job: extension_4_28_1.crx
Job ID: {E46EE7F2-3A93-4066-ABD3-A8827265C822}
Owner: RJAF-PC4429\rjaf
File count: 1","4","1",,"4","0","0","4611686018427387904","10764","Microsoft-Windows-Bits-Client","ef1cc15b-46c1-414e-bb95-e76b077bd51e","Microsoft-Windows-Bits-Client/Operational","1400","4120","rjaf-PC4429","S-1-5-18","8/24/2015 5:36:59 AM",,,"c:\users\mac_1\desktop\winevt\logs\microsoft-windows-bits-client%4operational.evtx","System.UInt32[]","System.Diagnostics.Eventing.Reader.EventBookmark","Information","Info",,"System.Collections.ObjectModel.ReadOnlyCollection`1[System.String]","System.Collections.Generic.List`1[System.Diagnostics.Eventing.Reader.EventProperty]"
"BITS stopped transferring the extension_4_28_1.crx transfer job that is associated with the http://redirector.gvt1.com/crx/blobs/QgAAAC6zw0qH2DJtnXe8Z7rUJP31Byh3LK9X_sNV6RkIQJCrCV5pLi6B6EoDh17QrpRM_hmnGe53u8nLPINIeIKiaNFiIaVTRYsqeGmiHLU9YlCNAMZSmuW9gaQXuFXTKN_O7ZVf_csgF-49aQ/extension_4_28_1.crx URL. The status code is 0x0.","60","1",,"4","0","2","4611686018427387904","10763","Microsoft-Windows-Bits-Client","ef1cc15b-46c1-414e-bb95-e76b077bd51e","Microsoft-Windows-Bits-Client/Operational","1400","4120","rjaf-PC4429","S-1-5-18","8/24/2015 5:36:57 AM","7fda9c31-a8fa-4a70-b62d-b09f27c04068",,"c:\users\mac_1\desktop\winevt\logs\microsoft-windows-bits-client%4operational.evtx","System.UInt32[]","System.Diagnostics.Eventing.Reader.EventBookmark","Information","Stop",,"System.Collections.ObjectModel.ReadOnlyCollection`1[System.String]","System.Collections.Generic.List`1[System.Diagnostics.Eventing.Reader.EventProperty]"
"BITS started the extension_4_28_1.crx transfer job that is associated with the http://redirector.gvt1.com/crx/blobs/QgAAAC6zw0qH2DJtnXe8Z7rUJP31Byh3LK9X_sNV6RkIQJCrCV5pLi6B6EoDh17QrpRM_hmnGe53u8nLPINIeIKiaNFiIaVTRYsqeGmiHLU9YlCNAMZSmuW9gaQXuFXTKN_O7ZVf_csgF-49aQ/extension_4_28_1.crx URL.","59","1",,"4","0","1","4611686018427387904","10762","Microsoft-Windows-Bits-Client","ef1cc15b-46c1-414e-bb95-e76b077bd51e","Microsoft-Windows-Bits-Client/Operational","1400","5524","rjaf-PC4429","S-1-5-18","8/24/2015 5:36:40 AM","7fda9c31-a8fa-4a70-b62d-b09f27c04068",,"c:\users\mac_1\desktop\winevt\logs\microsoft-windows-bits-client%4operational.evtx","System.UInt32[]","System.Diagnostics.Eventing.Reader.EventBookmark","Information","Start",,"System.Collections.ObjectModel.ReadOnlyCollection`1[System.String]","System.Collections.Generic.List`1[System.Diagnostics.Eventing.Reader.EventProperty]"
"The BITS service created a new job: Chrome Component Updater, with owner RJAF-PC4429\rjaf","3","0",,"4","0","0","4611686018427387904","10761","Microsoft-Windows-Bits-Client","ef1cc15b-46c1-414e-bb95-e76b077bd51e","Microsoft-Windows-Bits-Client/Operational","1400","4292","rjaf-PC4429","S-1-5-18","8/24/2015 5:36:39 AM",,,"c:\users\mac_1\desktop\winevt\logs\microsoft-windows-bits-client%4operational.evtx","System.UInt32[]","System.Diagnostics.Eventing.Reader.EventBookmark","Information","Info",,"System.Collections.ObjectModel.ReadOnlyCollection`1[System.String]","System.Collections.Generic.List`1[System.Diagnostics.Eventing.Reader.EventProperty]"
"The transfer job is complete.
User: RJAF-PC4429\rjaf
Transfer job: C:\Users\rjaf\AppData\Local\Temp\{7A9C5CC9-F0DD-4913-BC9D-E9A807701CCB}-44.0.2403.157_44.0.2403.155_chrome_updater.exe
Job ID: {81F98517-8FC1-488A-8AAC-2CFB4359F9AA}
Owner: RJAF-PC4429\rjaf
File count: 1","4","1",,"4","0","0","4611686018427387904","10760","Microsoft-Windows-Bits-Client","ef1cc15b-46c1-414e-bb95-e76b077bd51e","Microsoft-Windows-Bits-Client/Operational","1400","2824","rjaf-PC4429","S-1-5-18","8/24/2015 5:20:11 AM",,,"c:\users\mac_1\desktop\winevt\logs\microsoft-windows-bits-client%4operational.evtx","System.UInt32[]","System.Diagnostics.Eventing.Reader.EventBookmark","Information","Info",,"System.Collections.ObjectModel.ReadOnlyCollection`1[System.String]","System.Collections.Generic.List`1[System.Diagnostics.Eventing.Reader.EventProperty]"
"BITS stopped transferring the C:\Users\rjaf\AppData\Local\Temp\{7A9C5CC9-F0DD-4913-BC9D-E9A807701CCB}-44.0.2403.157_44.0.2403.155_chrome_updater.exe transfer job that is associated with the http://r1---sn-wvgq5ouxaxjvh-5hhl.gvt1.com/edgedl/chrome/win/44.0.2403.157_44.0.2403.155_chrome_updater.exe?cms_redirect=yes&expire=1440433197&ip=217.23.34.110&ipbits=0&mm=28&mn=sn-wvgq5ouxaxjvh-5hhl&ms=nvh&mt=1440418757&mv=m&pl=24&shardbypass=yes&sparams=expire,ip,ipbits,mm,mn,ms,mv,pl,shardbypass&signature=6114135AD15193F7A42F0613B8B221BA000DB29C.2544AFC6E7FA57938052605D130E47A51D65ABFB&key=cms1 URL. The status code is 0x0.","60","1",,"4","0","2","4611686018427387904","10759","Microsoft-Windows-Bits-Client","ef1cc15b-46c1-414e-bb95-e76b077bd51e","Microsoft-Windows-Bits-Client/Operational","1400","2824","rjaf-PC4429","S-1-5-18","8/24/2015 5:20:11 AM","fc6ad7ca-c8e8-464e-bf74-b1f034442d6a",,"c:\users\mac_1\desktop\winevt\logs\microsoft-windows-bits-client%4operational.evtx","System.UInt32[]","System.Diagnostics.Eventing.Reader.EventBookmark","Information","Stop",,"System.Collections.ObjectModel.ReadOnlyCollection`1[System.String]","System.Collections.Generic.List`1[System.Diagnostics.Eventing.Reader.EventProperty]"
"BITS started the C:\Users\rjaf\AppData\Local\Temp\{7A9C5CC9-F0DD-4913-BC9D-E9A807701CCB}-44.0.2403.157_44.0.2403.155_chrome_updater.exe transfer job that is associated with the http://r1---sn-wvgq5ouxaxjvh-5hhl.gvt1.com/edgedl/chrome/win/44.0.2403.157_44.0.2403.155_chrome_updater.exe?cms_redirect=yes&expire=1440433197&ip=217.23.34.110&ipbits=0&mm=28&mn=sn-wvgq5ouxaxjvh-5hhl&ms=nvh&mt=1440418757&mv=m&pl=24&shardbypass=yes&sparams=expire,ip,ipbits,mm,mn,ms,mv,pl,shardbypass&signature=6114135AD15193F7A42F0613B8B221BA000DB29C.2544AFC6E7FA57938052605D130E47A51D65ABFB&key=cms1 URL.","59","1",,"4","0","1","4611686018427387904","10758","Microsoft-Windows-Bits-Client","ef1cc15b-46c1-414e-bb95-e76b077bd51e","Microsoft-Windows-Bits-Client/Operational","1400","900","rjaf-PC4429","S-1-5-18","8/24/2015 5:19:57 AM","fc6ad7ca-c8e8-464e-bf74-b1f034442d6a",,"c:\users\mac_1\desktop\winevt\logs\microsoft-windows-bits-client%4operational.evtx","System.UInt32[]","System.Diagnostics.Eventing.Reader.EventBookmark","Information","Start",,"System.Collections.ObjectModel.ReadOnlyCollection`1[System.String]","System.Collections.Generic.List`1[System.Diagnostics.Eventing.Reader.EventProperty]"
"The BITS service created a new job: C:\Users\rjaf\AppData\Local\Temp\{7A9C5CC9-F0DD-4913-BC9D-E9A807701CCB}-44.0.2403.157_44.0.2403.155_chrome_updater.exe, with owner RJAF-PC4429\rjaf","3","0",,"4","0","0","4611686018427387904","10757","Microsoft-Windows-Bits-Client","ef1cc15b-46c1-414e-bb95-e76b077bd51e","Microsoft-Windows-Bits-Client/Operational","1400","4608","rjaf-PC4429","S-1-5-18","8/24/2015 5:19:54 AM",,,"c:\users\mac_1\desktop\winevt\logs\microsoft-windows-bits-client%4operational.evtx","System.UInt32[]","System.Diagnostics.Eventing.Reader.EventBookmark","Information","Info",,"System.Collections.ObjectModel.ReadOnlyCollection`1[System.String]","System.Collections.Generic.List`1[System.Diagnostics.Eventing.Reader.EventProperty]"
"The transfer job is complete.
User: RJAF-PC4429\rjaf
Transfer job: extension_0_44_33_1242.crx
Job ID: {C6DAC30E-053F-4B25-AA13-19DFFA3ECA4D}
Owner: RJAF-PC4429\rjaf
File count: 1","4","1",,"4","0","0","4611686018427387904","10756","Microsoft-Windows-Bits-Client","ef1cc15b-46c1-414e-bb95-e76b077bd51e","Microsoft-Windows-Bits-Client/Operational","1400","1564","rjaf-PC4429","S-1-5-18","8/24/2015 5:06:37 AM",,,"c:\users\mac_1\desktop\winevt\logs\microsoft-windows-bits-client%4operational.evtx","System.UInt32[]","System.Diagnostics.Eventing.Reader.EventBookmark","Information","Info",,"System.Collections.ObjectModel.ReadOnlyCollection`1[System.String]","System.Collections.Generic.List`1[System.Diagnostics.Eventing.Reader.EventProperty]"
"BITS stopped transferring the extension_0_44_33_1242.crx transfer job that is associated with the http://redirector.gvt1.com/crx/blobs/QwAAAHF3InbmK-wFIemaY3I3BCOj_f6NDQnVT1pte2xJmUaEUD_knBhtpqo0J_nSWVeENgJyz-j-85_ASglqLUpsOZoB538xNPDVb5kyyDJxvq9eAMZSmuU17QjCZYJhXIT-aueNM6fyVgtOUA/extension_0_44_33_1242.crx URL. The status code is 0x0.","60","1",,"4","0","2","4611686018427387904","10755","Microsoft-Windows-Bits-Client","ef1cc15b-46c1-414e-bb95-e76b077bd51e","Microsoft-Windows-Bits-Client/Operational","1400","4608","rjaf-PC4429","S-1-5-18","8/24/2015 5:06:36 AM","e9f8aee0-2f76-4e6b-ae83-8dd8f085de53",,"c:\users\mac_1\desktop\winevt\logs\microsoft-windows-bits-client%4operational.evtx","System.UInt32[]","System.Diagnostics.Eventing.Reader.EventBookmark","Information","Stop",,"System.Collections.ObjectModel.ReadOnlyCollection`1[System.String]","System.Collections.Generic.List`1[System.Diagnostics.Eventing.Reader.EventProperty]"
"BITS started the extension_0_44_33_1242.crx transfer job that is associated with the http://redirector.gvt1.com/crx/blobs/QwAAAHF3InbmK-wFIemaY3I3BCOj_f6NDQnVT1pte2xJmUaEUD_knBhtpqo0J_nSWVeENgJyz-j-85_ASglqLUpsOZoB538xNPDVb5kyyDJxvq9eAMZSmuU17QjCZYJhXIT-aueNM6fyVgtOUA/extension_0_44_33_1242.crx URL.","59","1",,"4","0","1","4611686018427387904","10754","Microsoft-Windows-Bits-Client","ef1cc15b-46c1-414e-bb95-e76b077bd51e","Microsoft-Windows-Bits-Client/Operational","1400","2000","rjaf-PC4429","S-1-5-18","8/24/2015 5:06:10 AM","e9f8aee0-2f76-4e6b-ae83-8dd8f085de53",,"c:\users\mac_1\desktop\winevt\logs\microsoft-windows-bits-client%4operational.evtx","System.UInt32[]","System.Diagnostics.Eventing.Reader.EventBookmark","Information","Start",,"System.Collections.ObjectModel.ReadOnlyCollection`1[System.String]","System.Collections.Generic.List`1[System.Diagnostics.Eventing.Reader.EventProperty]"
"The BITS service created a new job: Chrome Component Updater, with owner RJAF-PC4429\rjaf","3","0",,"4","0","0","4611686018427387904","10753","Microsoft-Windows-Bits-Client","ef1cc15b-46c1-414e-bb95-e76b077bd51e","Microsoft-Windows-Bits-Client/Operational","1400","5364","rjaf-PC4429","S-1-5-18","8/24/2015 5:06:09 AM",,,"c:\users\mac_1\desktop\winevt\logs\microsoft-windows-bits-client%4operational.evtx","System.UInt32[]","System.Diagnostics.Eventing.Reader.EventBookmark","Information","Info",,"System.Collections.ObjectModel.ReadOnlyCollection`1[System.String]","System.Collections.Generic.List`1[System.Diagnostics.Eventing.Reader.EventProperty]"
"The transfer job is complete.
User: RJAF-PC4429\rjaf
Transfer job: install.crx
Job ID: {D3E83BC2-4A4C-4113-92C3-45BA03EEAD1A}
Owner: RJAF-PC4429\rjaf
File count: 1","4","1",,"4","0","0","4611686018427387904","10752","Microsoft-Windows-Bits-Client","ef1cc15b-46c1-414e-bb95-e76b077bd51e","Microsoft-Windows-Bits-Client/Operational","1400","4224","rjaf-PC4429","S-1-5-18","8/24/2015 4:51:07 AM",,,"c:\users\mac_1\desktop\winevt\logs\microsoft-windows-bits-client%4operational.evtx","System.UInt32[]","System.Diagnostics.Eventing.Reader.EventBookmark","Information","Info",,"System.Collections.ObjectModel.ReadOnlyCollection`1[System.String]","System.Collections.Generic.List`1[System.Diagnostics.Eventing.Reader.EventProperty]"
"BITS stopped transferring the install.crx transfer job that is associated with the http://cache.pack.google.com/edgedl/chrome/components/flash/ppapi/win/18.0.0.209/install.crx URL. The status code is 0x0.","60","1",,"4","0","2","4611686018427387904","10751","Microsoft-Windows-Bits-Client","ef1cc15b-46c1-414e-bb95-e76b077bd51e","Microsoft-Windows-Bits-Client/Operational","1400","3308","rjaf-PC4429","S-1-5-18","8/24/2015 4:51:06 AM","8dbea601-ea95-46bc-b0e9-f8d7f42e4ab8",,"c:\users\mac_1\desktop\winevt\logs\microsoft-windows-bits-client%4operational.evtx","System.UInt32[]","System.Diagnostics.Eventing.Reader.EventBookmark","Information","Stop",,"System.Collections.ObjectModel.ReadOnlyCollection`1[System.String]","System.Collections.Generic.List`1[System.Diagnostics.Eventing.Reader.EventProperty]"
"The transfer job is complete.
User: RJAF-PC4429\rjaf
Transfer job: {AC76BA86-7AD7-1033-7B44-A95000000001}
Job ID: {45455AB3-16C4-486C-B36C-618A69D86302}
Owner: RJAF-PC4429\rjaf
File count: 1","4","1",,"4","0","0","4611686018427387904","10750","Microsoft-Windows-Bits-Client","ef1cc15b-46c1-414e-bb95-e76b077bd51e","Microsoft-Windows-Bits-Client/Operational","1400","5364","rjaf-PC4429","S-1-5-18","8/24/2015 4:50:25 AM",,,"c:\users\mac_1\desktop\winevt\logs\microsoft-windows-bits-client%4operational.evtx","System.UInt32[]","System.Diagnostics.Eventing.Reader.EventBookmark","Information","Info",,"System.Collections.ObjectModel.ReadOnlyCollection`1[System.String]","System.Collections.Generic.List`1[System.Diagnostics.Eventing.Reader.EventProperty]"
"BITS started the install.crx transfer job that is associated with the http://cache.pack.google.com/edgedl/chrome/components/flash/ppapi/win/18.0.0.209/install.crx URL.","59","1",,"4","0","1","4611686018427387904","10749","Microsoft-Windows-Bits-Client","ef1cc15b-46c1-414e-bb95-e76b077bd51e","Microsoft-Windows-Bits-Client/Operational","1400","5508","rjaf-PC4429","S-1-5-18","8/24/2015 4:50:25 AM","8dbea601-ea95-46bc-b0e9-f8d7f42e4ab8",,"c:\users\mac_1\desktop\winevt\logs\microsoft-windows-bits-client%4operational.evtx","System.UInt32[]","System.Diagnostics.Eventing.Reader.EventBookmark","Information","Start",,"System.Collections.ObjectModel.ReadOnlyCollection`1[System.String]","System.Collections.Generic.List`1[System.Diagnostics.Eventing.Reader.EventProperty]"
"BITS stopped transferring the {AC76BA86-7AD7-1033-7B44-A95000000001} transfer job that is associated with the https://armmf.adobe.com/arm-manifests/win/Upgrade/1033/LatestReaderManifest.msi URL. The status code is 0x0.","60","1",,"4","0","2","4611686018427387904","10748","Microsoft-Windows-Bits-Client","ef1cc15b-46c1-414e-bb95-e76b077bd51e","Microsoft-Windows-Bits-Client/Operational","1400","5408","rjaf-PC4429","S-1-5-18","8/24/2015 4:50:25 AM","ba226364-bf61-4432-acf1-e593da19c90e",,"c:\users\mac_1\desktop\winevt\logs\microsoft-windows-bits-client%4operational.evtx","System.UInt32[]","System.Diagnostics.Eventing.Reader.EventBookmark","Information","Stop",,"System.Collections.ObjectModel.ReadOnlyCollection`1[System.String]","System.Collections.Generic.List`1[System.Diagnostics.Eventing.Reader.EventProperty]"
"BITS started the {AC76BA86-7AD7-1033-7B44-A95000000001} transfer job that is associated with the https://armmf.adobe.com/arm-manifests/win/Upgrade/1033/LatestReaderManifest.msi URL.","59","1",,"4","0","1","4611686018427387904","10747","Microsoft-Windows-Bits-Client","ef1cc15b-46c1-414e-bb95-e76b077bd51e","Microsoft-Windows-Bits-Client/Operational","1400","5508","rjaf-PC4429","S-1-5-18","8/24/2015 4:50:17 AM","ba226364-bf61-4432-acf1-e593da19c90e",,"c:\users\mac_1\desktop\winevt\logs\microsoft-windows-bits-client%4operational.evtx","System.UInt32[]","System.Diagnostics.Eventing.Reader.EventBookmark","Information","Start",,"System.Collections.ObjectModel.ReadOnlyCollection`1[System.String]","System.Collections.Generic.List`1[System.Diagnostics.Eventing.Reader.EventProperty]"
"BITS stopped transferring the install.crx transfer job that is associated with the http://cache.pack.google.com/edgedl/chrome/components/flash/ppapi/win/18.0.0.209/install.crx URL. The status code is 0x40008.","60","1",,"4","0","2","4611686018427387904","10746","Microsoft-Windows-Bits-Client","ef1cc15b-46c1-414e-bb95-e76b077bd51e","Microsoft-Windows-Bits-Client/Operational","1400","4224","rjaf-PC4429","S-1-5-18","8/24/2015 4:50:14 AM","bc8c5006-7c73-4f22-a279-203b12fc8d0c",,"c:\users\mac_1\desktop\winevt\logs\microsoft-windows-bits-client%4operational.evtx","System.UInt32[]","System.Diagnostics.Eventing.Reader.EventBookmark","Information","Stop",,"System.Collections.ObjectModel.ReadOnlyCollection`1[System.String]","System.Collections.Generic.List`1[System.Diagnostics.Eventing.Reader.EventProperty]"
"The BITS service created a new job: {AC76BA86-7AD7-1033-7B44-A95000000001}, with owner RJAF-PC4429\rjaf","3","0",,"4","0","0","4611686018427387904","10745","Microsoft-Windows-Bits-Client","ef1cc15b-46c1-414e-bb95-e76b077bd51e","Microsoft-Windows-Bits-Client/Operational","1400","4224","rjaf-PC4429","S-1-5-18","8/24/2015 4:50:14 AM",,,"c:\users\mac_1\desktop\winevt\logs\microsoft-windows-bits-client%4operational.evtx","System.UInt32[]","System.Diagnostics.Eventing.Reader.EventBookmark","Information","Info",,"System.Collections.ObjectModel.ReadOnlyCollection`1[System.String]","System.Collections.Generic.List`1[System.Diagnostics.Eventing.Reader.EventProperty]"
"BITS started the install.crx transfer job that is associated with the http://cache.pack.google.com/edgedl/chrome/components/flash/ppapi/win/18.0.0.209/install.crx URL.","59","1",,"4","0","1","4611686018427387904","10744","Microsoft-Windows-Bits-Client","ef1cc15b-46c1-414e-bb95-e76b077bd51e","Microsoft-Windows-Bits-Client/Operational","1400","5508","rjaf-PC4429","S-1-5-18","8/24/2015 4:50:11 AM","bc8c5006-7c73-4f22-a279-203b12fc8d0c",,"c:\users\mac_1\desktop\winevt\logs\microsoft-windows-bits-client%4operational.evtx","System.UInt32[]","System.Diagnostics.Eventing.Reader.EventBookmark","Information","Start",,"System.Collections.ObjectModel.ReadOnlyCollection`1[System.String]","System.Collections.Generic.List`1[System.Diagnostics.Eventing.Reader.EventProperty]"
"The BITS service created a new job: Chrome Component Updater, with owner RJAF-PC4429\rjaf","3","0",,"4","0","0","4611686018427387904","10743","Microsoft-Windows-Bits-Client","ef1cc15b-46c1-414e-bb95-e76b077bd51e","Microsoft-Windows-Bits-Client/Operational","1400","5364","rjaf-PC4429","S-1-5-18","8/24/2015 4:50:07 AM",,,"c:\users\mac_1\desktop\winevt\logs\microsoft-windows-bits-client%4operational.evtx","System.UInt32[]","System.Diagnostics.Eventing.Reader.EventBookmark","Information","Info",,"System.Collections.ObjectModel.ReadOnlyCollection`1[System.String]","System.Collections.Generic.List`1[System.Diagnostics.Eventing.Reader.EventProperty]"
"The transfer job is complete.
User: RJAF-PC4429\rjaf
Transfer job: {AC76BA86-7AD7-1033-7B44-A95000000001}
Job ID: {3C960275-C09A-41C9-A7FF-9FEA5AAB5A30}
Owner: RJAF-PC4429\rjaf
File count: 1","4","1",,"4","0","0","4611686018427387904","10742","Microsoft-Windows-Bits-Client","ef1cc15b-46c1-414e-bb95-e76b077bd51e","Microsoft-Windows-Bits-Client/Operational","1400","5364","rjaf-PC4429","S-1-5-18","8/24/2015 4:50:02 AM",,,"c:\users\mac_1\desktop\winevt\logs\microsoft-windows-bits-client%4operational.evtx","System.UInt32[]","System.Diagnostics.Eventing.Reader.EventBookmark","Information","Info",,"System.Collections.ObjectModel.ReadOnlyCollection`1[System.String]","System.Collections.Generic.List`1[System.Diagnostics.Eventing.Reader.EventProperty]"
"BITS stopped transferring the {AC76BA86-7AD7-1033-7B44-A95000000001} transfer job that is associated with the http://armmf.adobe.com/arm-manifests/win/Reader9Manifest.msi URL. The status code is 0x0.","60","1",,"4","0","2","4611686018427387904","10741","Microsoft-Windows-Bits-Client","ef1cc15b-46c1-414e-bb95-e76b077bd51e","Microsoft-Windows-Bits-Client/Operational","1400","5408","rjaf-PC4429","S-1-5-18","8/24/2015 4:50:02 AM","116a1361-a40c-41e4-a94b-4573f0354788",,"c:\users\mac_1\desktop\winevt\logs\microsoft-windows-bits-client%4operational.evtx","System.UInt32[]","System.Diagnostics.Eventing.Reader.EventBookmark","Information","Stop",,"System.Collections.ObjectModel.ReadOnlyCollection`1[System.String]","System.Collections.Generic.List`1[System.Diagnostics.Eventing.Reader.EventProperty]"
"BITS started the {AC76BA86-7AD7-1033-7B44-A95000000001} transfer job that is associated with the http://armmf.adobe.com/arm-manifests/win/Reader9Manifest.msi URL.","59","1",,"4","0","1","4611686018427387904","10740","Microsoft-Windows-Bits-Client","ef1cc15b-46c1-414e-bb95-e76b077bd51e","Microsoft-Windows-Bits-Client/Operational","1400","5508","rjaf-PC4429","S-1-5-18","8/24/2015 4:49:51 AM","116a1361-a40c-41e4-a94b-4573f0354788",,"c:\users\mac_1\desktop\winevt\logs\microsoft-windows-bits-client%4operational.evtx","System.UInt32[]","System.Diagnostics.Eventing.Reader.EventBookmark","Information","Start",,"System.Collections.ObjectModel.ReadOnlyCollection`1[System.String]","System.Collections.Generic.List`1[System.Diagnostics.Eventing.Reader.EventProperty]"
"The BITS job named ""{AC76BA86-7AD7-1033-7B44-A95000000001}"" was unable to contact any HTTP proxy server in its proxy list.  This may indicate a problem with the proxy servers or with the client's network configuration.  An administrator should verify whether the proxy list is correct.  BITS will periodically try to transfer the job.  The HTTP proxy list is ""10.10.1.1:8080"".  The proxy-bypass list is ""<local>"".","201","0",,"3","0","0","4611686018427387904","10739","Microsoft-Windows-Bits-Client","ef1cc15b-46c1-414e-bb95-e76b077bd51e","Microsoft-Windows-Bits-Client/Operational","1400","2956","rjaf-PC4429","S-1-5-21-1634558665-2257203147-3060767804-1000","8/24/2015 4:44:49 AM",,,"c:\users\mac_1\desktop\winevt\logs\microsoft-windows-bits-client%4operational.evtx","System.UInt32[]","System.Diagnostics.Eventing.Reader.EventBookmark","Warning","Info",,"System.Collections.ObjectModel.ReadOnlyCollection`1[System.String]","System.Collections.Generic.List`1[System.Diagnostics.Eventing.Reader.EventProperty]"
"The BITS service created a new job: {AC76BA86-7AD7-1033-7B44-A95000000001}, with owner RJAF-PC4429\rjaf","3","0",,"4","0","0","4611686018427387904","10738","Microsoft-Windows-Bits-Client","ef1cc15b-46c1-414e-bb95-e76b077bd51e","Microsoft-Windows-Bits-Client/Operational","1400","3948","rjaf-PC4429","S-1-5-18","8/24/2015 4:44:26 AM",,,"c:\users\mac_1\desktop\winevt\logs\microsoft-windows-bits-client%4operational.evtx","System.UInt32[]","System.Diagnostics.Eventing.Reader.EventBookmark","Information","Info",,"System.Collections.ObjectModel.ReadOnlyCollection`1[System.String]","System.Collections.Generic.List`1[System.Diagnostics.Eventing.Reader.EventProperty]"
"Job cancelled. User: RJAF-PC4429\rjaf, job: {AC76BA86-7AD7-1033-7B44-A95000000001}, jobID: {0743554A-ACC9-4EC8-95D4-4E3550013DD9}, owner: RJAF-PC4429\rjaf, filecount: 1","5","0",,"4","0","0","4611686018427387904","10737","Microsoft-Windows-Bits-Client","ef1cc15b-46c1-414e-bb95-e76b077bd51e","Microsoft-Windows-Bits-Client/Operational","1400","3948","rjaf-PC4429","S-1-5-21-1634558665-2257203147-3060767804-1000","8/24/2015 4:44:26 AM",,,"c:\users\mac_1\desktop\winevt\logs\microsoft-windows-bits-client%4operational.evtx","System.UInt32[]","System.Diagnostics.Eventing.Reader.EventBookmark","Information","Info",,"System.Collections.ObjectModel.ReadOnlyCollection`1[System.String]","System.Collections.Generic.List`1[System.Diagnostics.Eventing.Reader.EventProperty]"
"The BITS job named ""{AC76BA86-7AD7-1033-7B44-A95000000001}"" was unable to contact any HTTP proxy server in its proxy list.  This may indicate a problem with the proxy servers or with the client's network configuration.  An administrator should verify whether the proxy list is correct.  BITS will periodically try to transfer the job.  The HTTP proxy list is ""10.10.1.1:8080"".  The proxy-bypass list is ""<local>"".","201","0",,"3","0","0","4611686018427387904","10736","Microsoft-Windows-Bits-Client","ef1cc15b-46c1-414e-bb95-e76b077bd51e","Microsoft-Windows-Bits-Client/Operational","1400","3948","rjaf-PC4429","S-1-5-21-1634558665-2257203147-3060767804-1000","8/24/2015 4:44:23 AM",,,"c:\users\mac_1\desktop\winevt\logs\microsoft-windows-bits-client%4operational.evtx","System.UInt32[]","System.Diagnostics.Eventing.Reader.EventBookmark","Warning","Info",,"System.Collections.ObjectModel.ReadOnlyCollection`1[System.String]","System.Collections.Generic.List`1[System.Diagnostics.Eventing.Reader.EventProperty]"
"The BITS service created a new job: {AC76BA86-7AD7-1033-7B44-A95000000001}, with owner RJAF-PC4429\rjaf","3","0",,"4","0","0","4611686018427387904","10735","Microsoft-Windows-Bits-Client","ef1cc15b-46c1-414e-bb95-e76b077bd51e","Microsoft-Windows-Bits-Client/Operational","1400","3804","rjaf-PC4429","S-1-5-18","8/24/2015 4:43:49 AM",,,"c:\users\mac_1\desktop\winevt\logs\microsoft-windows-bits-client%4operational.evtx","System.UInt32[]","System.Diagnostics.Eventing.Reader.EventBookmark","Information","Info",,"System.Collections.ObjectModel.ReadOnlyCollection`1[System.String]","System.Collections.Generic.List`1[System.Diagnostics.Eventing.Reader.EventProperty]"
"Job cancelled. User: NT AUTHORITY\SYSTEM, job: WU Client Download, jobID: {4944B844-090F-450D-9B85-3463EE6D862E}, owner: NT AUTHORITY\SYSTEM, filecount: 0","5","0",,"4","0","0","4611686018427387904","10734","Microsoft-Windows-Bits-Client","ef1cc15b-46c1-414e-bb95-e76b077bd51e","Microsoft-Windows-Bits-Client/Operational","1400","3876","rjaf-PC4429","S-1-5-18","8/24/2015 4:40:20 AM",,,"c:\users\mac_1\desktop\winevt\logs\microsoft-windows-bits-client%4operational.evtx","System.UInt32[]","System.Diagnostics.Eventing.Reader.EventBookmark","Information","Info",,"System.Collections.ObjectModel.ReadOnlyCollection`1[System.String]","System.Collections.Generic.List`1[System.Diagnostics.Eventing.Reader.EventProperty]"
"The BITS service created a new job: WU Client Download, with owner NT AUTHORITY\SYSTEM","3","0",,"4","0","0","4611686018427387904","10733","Microsoft-Windows-Bits-Client","ef1cc15b-46c1-414e-bb95-e76b077bd51e","Microsoft-Windows-Bits-Client/Operational","1400","3876","rjaf-PC4429","S-1-5-18","8/24/2015 4:40:20 AM",,,"c:\users\mac_1\desktop\winevt\logs\microsoft-windows-bits-client%4operational.evtx","System.UInt32[]","System.Diagnostics.Eventing.Reader.EventBookmark","Information","Info",,"System.Collections.ObjectModel.ReadOnlyCollection`1[System.String]","System.Collections.Generic.List`1[System.Diagnostics.Eventing.Reader.EventProperty]"
"The BITS service loaded the job list from disk.","306","0",,"5","0","0","4611686018427387904","10732","Microsoft-Windows-Bits-Client","ef1cc15b-46c1-414e-bb95-e76b077bd51e","Microsoft-Windows-Bits-Client/Operational","1400","3436","rjaf-PC4429","S-1-5-18","8/24/2015 4:38:06 AM",,,"c:\users\mac_1\desktop\winevt\logs\microsoft-windows-bits-client%4operational.evtx","System.UInt32[]","System.Diagnostics.Eventing.Reader.EventBookmark","Verbose","Info",,"System.Collections.ObjectModel.ReadOnlyCollection`1[System.String]","System.Collections.Generic.List`1[System.Diagnostics.Eventing.Reader.EventProperty]"
"Job cancelled. User: NT AUTHORITY\SYSTEM, job: WU Client Download, jobID: {F4E42CE1-754C-437E-AA34-28EFB42368DC}, owner: NT AUTHORITY\SYSTEM, filecount: 0","5","0",,"4","0","0","4611686018427387904","10731","Microsoft-Windows-Bits-Client","ef1cc15b-46c1-414e-bb95-e76b077bd51e","Microsoft-Windows-Bits-Client/Operational","1288","4492","rjaf-PC4429","S-1-5-18","8/16/2015 5:10:03 PM",,,"c:\users\mac_1\desktop\winevt\logs\microsoft-windows-bits-client%4operational.evtx","System.UInt32[]","System.Diagnostics.Eventing.Reader.EventBookmark","Information","Info",,"System.Collections.ObjectModel.ReadOnlyCollection`1[System.String]","System.Collections.Generic.List`1[System.Diagnostics.Eventing.Reader.EventProperty]"
"The BITS service created a new job: WU Client Download, with owner NT AUTHORITY\SYSTEM","3","0",,"4","0","0","4611686018427387904","10730","Microsoft-Windows-Bits-Client","ef1cc15b-46c1-414e-bb95-e76b077bd51e","Microsoft-Windows-Bits-Client/Operational","1288","4492","rjaf-PC4429","S-1-5-18","8/16/2015 5:10:03 PM",,,"c:\users\mac_1\desktop\winevt\logs\microsoft-windows-bits-client%4operational.evtx","System.UInt32[]","System.Diagnostics.Eventing.Reader.EventBookmark","Information","Info",,"System.Collections.ObjectModel.ReadOnlyCollection`1[System.String]","System.Collections.Generic.List`1[System.Diagnostics.Eventing.Reader.EventProperty]"
"Job cancelled. User: NT AUTHORITY\SYSTEM, job: WU Client Download, jobID: {4F3296CB-42DE-4907-8332-9B0813CF7018}, owner: NT AUTHORITY\SYSTEM, filecount: 0","5","0",,"4","0","0","4611686018427387904","10729","Microsoft-Windows-Bits-Client","ef1cc15b-46c1-414e-bb95-e76b077bd51e","Microsoft-Windows-Bits-Client/Operational","1288","6104","rjaf-PC4429","S-1-5-18","8/16/2015 9:31:06 AM",,,"c:\users\mac_1\desktop\winevt\logs\microsoft-windows-bits-client%4operational.evtx","System.UInt32[]","System.Diagnostics.Eventing.Reader.EventBookmark","Information","Info",,"System.Collections.ObjectModel.ReadOnlyCollection`1[System.String]","System.Collections.Generic.List`1[System.Diagnostics.Eventing.Reader.EventProperty]"
"The BITS service created a new job: WU Client Download, with owner NT AUTHORITY\SYSTEM","3","0",,"4","0","0","4611686018427387904","10728","Microsoft-Windows-Bits-Client","ef1cc15b-46c1-414e-bb95-e76b077bd51e","Microsoft-Windows-Bits-Client/Operational","1288","6104","rjaf-PC4429","S-1-5-18","8/16/2015 9:31:06 AM",,,"c:\users\mac_1\desktop\winevt\logs\microsoft-windows-bits-client%4operational.evtx","System.UInt32[]","System.Diagnostics.Eventing.Reader.EventBookmark","Information","Info",,"System.Collections.ObjectModel.ReadOnlyCollection`1[System.String]","System.Collections.Generic.List`1[System.Diagnostics.Eventing.Reader.EventProperty]"
"The transfer job is complete.
User: NT AUTHORITY\SYSTEM
Transfer job: WU Client Download
Job ID: {E8014266-B956-4B67-9C68-902EF9706E22}
Owner: NT AUTHORITY\SYSTEM
File count: 1","4","1",,"4","0","0","4611686018427387904","10727","Microsoft-Windows-Bits-Client","ef1cc15b-46c1-414e-bb95-e76b077bd51e","Microsoft-Windows-Bits-Client/Operational","1288","6104","rjaf-PC4429","S-1-5-18","8/16/2015 9:31:06 AM",,,"c:\users\mac_1\desktop\winevt\logs\microsoft-windows-bits-client%4operational.evtx","System.UInt32[]","System.Diagnostics.Eventing.Reader.EventBookmark","Information","Info",,"System.Collections.ObjectModel.ReadOnlyCollection`1[System.String]","System.Collections.Generic.List`1[System.Diagnostics.Eventing.Reader.EventProperty]"
"BITS stopped transferring the WU Client Download transfer job that is associated with the http://au.download.windowsupdate.com/c/msdownload/update/software/updt/2015/08/windows6.1-kb2977759-v9-x86_a6e0c82771335288e72bf4bd72ce0f05d6bb50fd.psf URL. The status code is 0x0.","60","1",,"4","0","2","4611686018427387904","10726","Microsoft-Windows-Bits-Client","ef1cc15b-46c1-414e-bb95-e76b077bd51e","Microsoft-Windows-Bits-Client/Operational","1288","4696","rjaf-PC4429","S-1-5-18","8/16/2015 9:31:06 AM","7dab2dbf-44da-412e-b16f-a1e468982030",,"c:\users\mac_1\desktop\winevt\logs\microsoft-windows-bits-client%4operational.evtx","System.UInt32[]","System.Diagnostics.Eventing.Reader.EventBookmark","Information","Stop",,"System.Collections.ObjectModel.ReadOnlyCollection`1[System.String]","System.Collections.Generic.List`1[System.Diagnostics.Eventing.Reader.EventProperty]"
"The transfer job is complete.
User: NT AUTHORITY\SYSTEM
Transfer job: WU Client Download
Job ID: {2AA17B8A-C544-42ED-A06F-BEB9279F8DBF}
Owner: NT AUTHORITY\SYSTEM
File count: 1","4","1",,"4","0","0","4611686018427387904","10725","Microsoft-Windows-Bits-Client","ef1cc15b-46c1-414e-bb95-e76b077bd51e","Microsoft-Windows-Bits-Client/Operational","1288","4136","rjaf-PC4429","S-1-5-18","8/16/2015 9:30:59 AM",,,"c:\users\mac_1\desktop\winevt\logs\microsoft-windows-bits-client%4operational.evtx","System.UInt32[]","System.Diagnostics.Eventing.Reader.EventBookmark","Information","Info",,"System.Collections.ObjectModel.ReadOnlyCollection`1[System.String]","System.Collections.Generic.List`1[System.Diagnostics.Eventing.Reader.EventProperty]"
"BITS started the WU Client Download transfer job that is associated with the http://au.download.windowsupdate.com/c/msdownload/update/software/updt/2015/08/windows6.1-kb2977759-v9-x86_a6e0c82771335288e72bf4bd72ce0f05d6bb50fd.psf URL.","59","1",,"4","0","1","4611686018427387904","10724","Microsoft-Windows-Bits-Client","ef1cc15b-46c1-414e-bb95-e76b077bd51e","Microsoft-Windows-Bits-Client/Operational","1288","6104","rjaf-PC4429","S-1-5-18","8/16/2015 9:30:59 AM","7dab2dbf-44da-412e-b16f-a1e468982030",,"c:\users\mac_1\desktop\winevt\logs\microsoft-windows-bits-client%4operational.evtx","System.UInt32[]","System.Diagnostics.Eventing.Reader.EventBookmark","Information","Start",,"System.Collections.ObjectModel.ReadOnlyCollection`1[System.String]","System.Collections.Generic.List`1[System.Diagnostics.Eventing.Reader.EventProperty]"
"BITS stopped transferring the WU Client Download transfer job that is associated with the http://au.download.windowsupdate.com/d/msdownload/update/software/uprl/2015/08/windows-kb890830-v5.27_d9fedb3027ae6c16847f6464704f7e3fdf7fbcd7.exe URL. The status code is 0x0.","60","1",,"4","0","2","4611686018427387904","10723","Microsoft-Windows-Bits-Client","ef1cc15b-46c1-414e-bb95-e76b077bd51e","Microsoft-Windows-Bits-Client/Operational","1288","4696","rjaf-PC4429","S-1-5-18","8/16/2015 9:30:59 AM","479868da-e2d3-45dd-82ad-e7f93881f4ea",,"c:\users\mac_1\desktop\winevt\logs\microsoft-windows-bits-client%4operational.evtx","System.UInt32[]","System.Diagnostics.Eventing.Reader.EventBookmark","Information","Stop",,"System.Collections.ObjectModel.ReadOnlyCollection`1[System.String]","System.Collections.Generic.List`1[System.Diagnostics.Eventing.Reader.EventProperty]"
"BITS started the WU Client Download transfer job that is associated with the http://au.download.windowsupdate.com/d/msdownload/update/software/uprl/2015/08/windows-kb890830-v5.27_d9fedb3027ae6c16847f6464704f7e3fdf7fbcd7.exe URL.","59","1",,"4","0","1","4611686018427387904","10722","Microsoft-Windows-Bits-Client","ef1cc15b-46c1-414e-bb95-e76b077bd51e","Microsoft-Windows-Bits-Client/Operational","1288","5236","rjaf-PC4429","S-1-5-18","8/16/2015 9:26:09 AM","479868da-e2d3-45dd-82ad-e7f93881f4ea",,"c:\users\mac_1\desktop\winevt\logs\microsoft-windows-bits-client%4operational.evtx","System.UInt32[]","System.Diagnostics.Eventing.Reader.EventBookmark","Information","Start",,"System.Collections.ObjectModel.ReadOnlyCollection`1[System.String]","System.Collections.Generic.List`1[System.Diagnostics.Eventing.Reader.EventProperty]"
"BITS stopped transferring the WU Client Download transfer job that is associated with the http://au.download.windowsupdate.com/c/msdownload/update/software/updt/2015/08/windows6.1-kb2977759-v9-x86_a6e0c82771335288e72bf4bd72ce0f05d6bb50fd.psf URL. The status code is 0x80072F78.","61","1",,"3","0","2","4611686018427387904","10721","Microsoft-Windows-Bits-Client","ef1cc15b-46c1-414e-bb95-e76b077bd51e","Microsoft-Windows-Bits-Client/Operational","1288","5472","rjaf-PC4429","S-1-5-18","8/16/2015 9:06:48 AM","2ee8ffd3-5933-480f-b97a-903a2651306d",,"c:\users\mac_1\desktop\winevt\logs\microsoft-windows-bits-client%4operational.evtx","System.UInt32[]","System.Diagnostics.Eventing.Reader.EventBookmark","Warning","Stop",,"System.Collections.ObjectModel.ReadOnlyCollection`1[System.String]","System.Collections.Generic.List`1[System.Diagnostics.Eventing.Reader.EventProperty]"
"BITS started the WU Client Download transfer job that is associated with the http://au.download.windowsupdate.com/c/msdownload/update/software/updt/2015/08/windows6.1-kb2977759-v9-x86_a6e0c82771335288e72bf4bd72ce0f05d6bb50fd.psf URL.","59","1",,"4","0","1","4611686018427387904","10720","Microsoft-Windows-Bits-Client","ef1cc15b-46c1-414e-bb95-e76b077bd51e","Microsoft-Windows-Bits-Client/Operational","1288","5156","rjaf-PC4429","S-1-5-18","8/16/2015 9:06:11 AM","2ee8ffd3-5933-480f-b97a-903a2651306d",,"c:\users\mac_1\desktop\winevt\logs\microsoft-windows-bits-client%4operational.evtx","System.UInt32[]","System.Diagnostics.Eventing.Reader.EventBookmark","Information","Start",,"System.Collections.ObjectModel.ReadOnlyCollection`1[System.String]","System.Collections.Generic.List`1[System.Diagnostics.Eventing.Reader.EventProperty]"
"BITS stopped transferring the WU Client Download transfer job that is associated with the http://au.download.windowsupdate.com/d/msdownload/update/software/uprl/2015/08/windows-kb890830-v5.27_d9fedb3027ae6c16847f6464704f7e3fdf7fbcd7.exe URL. The status code is 0x80072EFE.","61","1",,"3","0","2","4611686018427387904","10719","Microsoft-Windows-Bits-Client","ef1cc15b-46c1-414e-bb95-e76b077bd51e","Microsoft-Windows-Bits-Client/Operational","1288","5244","rjaf-PC4429","S-1-5-18","8/16/2015 9:06:09 AM","257ce010-bbb9-489f-9997-2399f2035198",,"c:\users\mac_1\desktop\winevt\logs\microsoft-windows-bits-client%4operational.evtx","System.UInt32[]","System.Diagnostics.Eventing.Reader.EventBookmark","Warning","Stop",,"System.Collections.ObjectModel.ReadOnlyCollection`1[System.String]","System.Collections.Generic.List`1[System.Diagnostics.Eventing.Reader.EventProperty]"
"The BITS service created a new job: WU Client Download, with owner NT AUTHORITY\SYSTEM","3","0",,"4","0","0","4611686018427387904","10718","Microsoft-Windows-Bits-Client","ef1cc15b-46c1-414e-bb95-e76b077bd51e","Microsoft-Windows-Bits-Client/Operational","1288","5808","rjaf-PC4429","S-1-5-18","8/16/2015 9:05:27 AM",,,"c:\users\mac_1\desktop\winevt\logs\microsoft-windows-bits-client%4operational.evtx","System.UInt32[]","System.Diagnostics.Eventing.Reader.EventBookmark","Information","Info",,"System.Collections.ObjectModel.ReadOnlyCollection`1[System.String]","System.Collections.Generic.List`1[System.Diagnostics.Eventing.Reader.EventProperty]"
"BITS started the WU Client Download transfer job that is associated with the http://au.download.windowsupdate.com/d/msdownload/update/software/uprl/2015/08/windows-kb890830-v5.27_d9fedb3027ae6c16847f6464704f7e3fdf7fbcd7.exe URL.","59","1",,"4","0","1","4611686018427387904","10717","Microsoft-Windows-Bits-Client","ef1cc15b-46c1-414e-bb95-e76b077bd51e","Microsoft-Windows-Bits-Client/Operational","1288","5156","rjaf-PC4429","S-1-5-18","8/16/2015 9:05:08 AM","257ce010-bbb9-489f-9997-2399f2035198",,"c:\users\mac_1\desktop\winevt\logs\microsoft-windows-bits-client%4operational.evtx","System.UInt32[]","System.Diagnostics.Eventing.Reader.EventBookmark","Information","Start",,"System.Collections.ObjectModel.ReadOnlyCollection`1[System.String]","System.Collections.Generic.List`1[System.Diagnostics.Eventing.Reader.EventProperty]"
"Job cancelled. User: NT AUTHORITY\SYSTEM, job: WU Client Download, jobID: {77DF1613-921E-4C47-8CB4-836DF950452B}, owner: NT AUTHORITY\SYSTEM, filecount: 0","5","0",,"4","0","0","4611686018427387904","10716","Microsoft-Windows-Bits-Client","ef1cc15b-46c1-414e-bb95-e76b077bd51e","Microsoft-Windows-Bits-Client/Operational","1288","5808","rjaf-PC4429","S-1-5-18","8/16/2015 9:05:07 AM",,,"c:\users\mac_1\desktop\winevt\logs\microsoft-windows-bits-client%4operational.evtx","System.UInt32[]","System.Diagnostics.Eventing.Reader.EventBookmark","Information","Info",,"System.Collections.ObjectModel.ReadOnlyCollection`1[System.String]","System.Collections.Generic.List`1[System.Diagnostics.Eventing.Reader.EventProperty]"
"The BITS service created a new job: WU Client Download, with owner NT AUTHORITY\SYSTEM","3","0",,"4","0","0","4611686018427387904","10715","Microsoft-Windows-Bits-Client","ef1cc15b-46c1-414e-bb95-e76b077bd51e","Microsoft-Windows-Bits-Client/Operational","1288","5808","rjaf-PC4429","S-1-5-18","8/16/2015 9:05:07 AM",,,"c:\users\mac_1\desktop\winevt\logs\microsoft-windows-bits-client%4operational.evtx","System.UInt32[]","System.Diagnostics.Eventing.Reader.EventBookmark","Information","Info",,"System.Collections.ObjectModel.ReadOnlyCollection`1[System.String]","System.Collections.Generic.List`1[System.Diagnostics.Eventing.Reader.EventProperty]"
"The transfer job is complete.
User: NT AUTHORITY\SYSTEM
Transfer job: WU Client Download
Job ID: {82893205-3A0E-46D4-B289-57A3EF017D04}
Owner: NT AUTHORITY\SYSTEM
File count: 1","4","1",,"4","0","0","4611686018427387904","10714","Microsoft-Windows-Bits-Client","ef1cc15b-46c1-414e-bb95-e76b077bd51e","Microsoft-Windows-Bits-Client/Operational","1288","5808","rjaf-PC4429","S-1-5-18","8/16/2015 9:05:07 AM",,,"c:\users\mac_1\desktop\winevt\logs\microsoft-windows-bits-client%4operational.evtx","System.UInt32[]","System.Diagnostics.Eventing.Reader.EventBookmark","Information","Info",,"System.Collections.ObjectModel.ReadOnlyCollection`1[System.String]","System.Collections.Generic.List`1[System.Diagnostics.Eventing.Reader.EventProperty]"
"BITS stopped transferring the WU Client Download transfer job that is associated with the http://au.download.windowsupdate.com/c/msdownload/update/software/updt/2015/08/windows6.1-kb2977759-v9-x86-express_0d83a05970241df474691712d8e6f1028247892c.cab URL. The status code is 0x0.","60","1",,"4","0","2","4611686018427387904","10713","Microsoft-Windows-Bits-Client","ef1cc15b-46c1-414e-bb95-e76b077bd51e","Microsoft-Windows-Bits-Client/Operational","1288","5752","rjaf-PC4429","S-1-5-18","8/16/2015 9:05:07 AM","082ee059-ac1a-47a1-b378-a48665fc8f93",,"c:\users\mac_1\desktop\winevt\logs\microsoft-windows-bits-client%4operational.evtx","System.UInt32[]","System.Diagnostics.Eventing.Reader.EventBookmark","Information","Stop",,"System.Collections.ObjectModel.ReadOnlyCollection`1[System.String]","System.Collections.Generic.List`1[System.Diagnostics.Eventing.Reader.EventProperty]"
"BITS started the WU Client Download transfer job that is associated with the http://au.download.windowsupdate.com/c/msdownload/update/software/updt/2015/08/windows6.1-kb2977759-v9-x86-express_0d83a05970241df474691712d8e6f1028247892c.cab URL.","59","1",,"4","0","1","4611686018427387904","10712","Microsoft-Windows-Bits-Client","ef1cc15b-46c1-414e-bb95-e76b077bd51e","Microsoft-Windows-Bits-Client/Operational","1288","3528","rjaf-PC4429","S-1-5-18","8/16/2015 9:05:02 AM","082ee059-ac1a-47a1-b378-a48665fc8f93",,"c:\users\mac_1\desktop\winevt\logs\microsoft-windows-bits-client%4operational.evtx","System.UInt32[]","System.Diagnostics.Eventing.Reader.EventBookmark","Information","Start",,"System.Collections.ObjectModel.ReadOnlyCollection`1[System.String]","System.Collections.Generic.List`1[System.Diagnostics.Eventing.Reader.EventProperty]"
"The transfer job is complete.
User: NT AUTHORITY\SYSTEM
Transfer job: WU Client Download
Job ID: {8FFCBBEA-C7AE-4998-AA45-D77E88818F87}
Owner: NT AUTHORITY\SYSTEM
File count: 1","4","1",,"4","0","0","4611686018427387904","10711","Microsoft-Windows-Bits-Client","ef1cc15b-46c1-414e-bb95-e76b077bd51e","Microsoft-Windows-Bits-Client/Operational","1288","5156","rjaf-PC4429","S-1-5-18","8/16/2015 9:05:01 AM",,,"c:\users\mac_1\desktop\winevt\logs\microsoft-windows-bits-client%4operational.evtx","System.UInt32[]","System.Diagnostics.Eventing.Reader.EventBookmark","Information","Info",,"System.Collections.ObjectModel.ReadOnlyCollection`1[System.String]","System.Collections.Generic.List`1[System.Diagnostics.Eventing.Reader.EventProperty]"
"BITS stopped transferring the WU Client Download transfer job that is associated with the http://au.download.windowsupdate.com/c/msdownload/update/software/updt/2015/08/enabletask_80d8933c98e99e396e31d5d8431808b71b5908b3.exe URL. The status code is 0x0.","60","1",,"4","0","2","4611686018427387904","10710","Microsoft-Windows-Bits-Client","ef1cc15b-46c1-414e-bb95-e76b077bd51e","Microsoft-Windows-Bits-Client/Operational","1288","5244","rjaf-PC4429","S-1-5-18","8/16/2015 9:05:01 AM","a00b03f4-caad-4d10-831e-c717338be0d2",,"c:\users\mac_1\desktop\winevt\logs\microsoft-windows-bits-client%4operational.evtx","System.UInt32[]","System.Diagnostics.Eventing.Reader.EventBookmark","Information","Stop",,"System.Collections.ObjectModel.ReadOnlyCollection`1[System.String]","System.Collections.Generic.List`1[System.Diagnostics.Eventing.Reader.EventProperty]"
"BITS started the WU Client Download transfer job that is associated with the http://au.download.windowsupdate.com/c/msdownload/update/software/updt/2015/08/enabletask_80d8933c98e99e396e31d5d8431808b71b5908b3.exe URL.","59","1",,"4","0","1","4611686018427387904","10709","Microsoft-Windows-Bits-Client","ef1cc15b-46c1-414e-bb95-e76b077bd51e","Microsoft-Windows-Bits-Client/Operational","1288","5156","rjaf-PC4429","S-1-5-18","8/16/2015 9:04:42 AM","a00b03f4-caad-4d10-831e-c717338be0d2",,"c:\users\mac_1\desktop\winevt\logs\microsoft-windows-bits-client%4operational.evtx","System.UInt32[]","System.Diagnostics.Eventing.Reader.EventBookmark","Information","Start",,"System.Collections.ObjectModel.ReadOnlyCollection`1[System.String]","System.Collections.Generic.List`1[System.Diagnostics.Eventing.Reader.EventProperty]"
"The BITS service created a new job: WU Client Download, with owner NT AUTHORITY\SYSTEM","3","0",,"4","0","0","4611686018427387904","10708","Microsoft-Windows-Bits-Client","ef1cc15b-46c1-414e-bb95-e76b077bd51e","Microsoft-Windows-Bits-Client/Operational","1288","2464","rjaf-PC4429","S-1-5-18","8/16/2015 9:04:41 AM",,,"c:\users\mac_1\desktop\winevt\logs\microsoft-windows-bits-client%4operational.evtx","System.UInt32[]","System.Diagnostics.Eventing.Reader.EventBookmark","Information","Info",,"System.Collections.ObjectModel.ReadOnlyCollection`1[System.String]","System.Collections.Generic.List`1[System.Diagnostics.Eventing.Reader.EventProperty]"
"The BITS service created a new job: WU Client Download, with owner NT AUTHORITY\SYSTEM","3","0",,"4","0","0","4611686018427387904","10707","Microsoft-Windows-Bits-Client","ef1cc15b-46c1-414e-bb95-e76b077bd51e","Microsoft-Windows-Bits-Client/Operational","1288","2464","rjaf-PC4429","S-1-5-18","8/16/2015 9:04:41 AM",,,"c:\users\mac_1\desktop\winevt\logs\microsoft-windows-bits-client%4operational.evtx","System.UInt32[]","System.Diagnostics.Eventing.Reader.EventBookmark","Information","Info",,"System.Collections.ObjectModel.ReadOnlyCollection`1[System.String]","System.Collections.Generic.List`1[System.Diagnostics.Eventing.Reader.EventProperty]"
"Job cancelled. User: NT AUTHORITY\SYSTEM, job: WU Client Download, jobID: {D56290C3-1E55-4A40-8C55-2ED83310B716}, owner: NT AUTHORITY\SYSTEM, filecount: 0","5","0",,"4","0","0","4611686018427387904","10706","Microsoft-Windows-Bits-Client","ef1cc15b-46c1-414e-bb95-e76b077bd51e","Microsoft-Windows-Bits-Client/Operational","1288","2464","rjaf-PC4429","S-1-5-18","8/16/2015 9:04:41 AM",,,"c:\users\mac_1\desktop\winevt\logs\microsoft-windows-bits-client%4operational.evtx","System.UInt32[]","System.Diagnostics.Eventing.Reader.EventBookmark","Information","Info",,"System.Collections.ObjectModel.ReadOnlyCollection`1[System.String]","System.Collections.Generic.List`1[System.Diagnostics.Eventing.Reader.EventProperty]"
"The BITS service created a new job: WU Client Download, with owner NT AUTHORITY\SYSTEM","3","0",,"4","0","0","4611686018427387904","10705","Microsoft-Windows-Bits-Client","ef1cc15b-46c1-414e-bb95-e76b077bd51e","Microsoft-Windows-Bits-Client/Operational","1288","2464","rjaf-PC4429","S-1-5-18","8/16/2015 9:04:41 AM",,,"c:\users\mac_1\desktop\winevt\logs\microsoft-windows-bits-client%4operational.evtx","System.UInt32[]","System.Diagnostics.Eventing.Reader.EventBookmark","Information","Info",,"System.Collections.ObjectModel.ReadOnlyCollection`1[System.String]","System.Collections.Generic.List`1[System.Diagnostics.Eventing.Reader.EventProperty]"
