"User logon detected
Account: RJAF-PC4429\rjaf
Session: 2","7","0",,"4","0","0","4611686018427387912","808","Microsoft-Windows-OfflineFiles","95353826-4fbe-41d4-9c42-f521c6e86360","Microsoft-Windows-OfflineFiles/Operational","944","436","rjaf-PC4429","S-1-5-18","1/29/2015 11:02:06 AM",,,"c:\users\mac_1\desktop\winevt\logs\microsoft-windows-offlinefiles%4operational.evtx","System.UInt32[]","System.Diagnostics.Eventing.Reader.EventBookmark","Information","Info",,"System.Collections.ObjectModel.ReadOnlyCollection`1[System.String]","System.Collections.Generic.List`1[System.Diagnostics.Eventing.Reader.EventProperty]"
"User logoff detected
Account: RJAF-PC4429\rjaf
Session: 1","8","0",,"4","0","0","4611686018427387912","807","Microsoft-Windows-OfflineFiles","95353826-4fbe-41d4-9c42-f521c6e86360","Microsoft-Windows-OfflineFiles/Operational","944","1856","rjaf-PC4429","S-1-5-18","1/29/2015 10:02:21 AM",,,"c:\users\mac_1\desktop\winevt\logs\microsoft-windows-offlinefiles%4operational.evtx","System.UInt32[]","System.Diagnostics.Eventing.Reader.EventBookmark","Information","Info",,"System.Collections.ObjectModel.ReadOnlyCollection`1[System.String]","System.Collections.Generic.List`1[System.Diagnostics.Eventing.Reader.EventProperty]"
"User logon detected
Account: RJAF-PC4429\rjaf
Session: 1","7","0",,"4","0","0","4611686018427387912","806","Microsoft-Windows-OfflineFiles","95353826-4fbe-41d4-9c42-f521c6e86360","Microsoft-Windows-OfflineFiles/Operational","944","1124","rjaf-PC4429","S-1-5-18","1/29/2015 4:57:29 AM",,,"c:\users\mac_1\desktop\winevt\logs\microsoft-windows-offlinefiles%4operational.evtx","System.UInt32[]","System.Diagnostics.Eventing.Reader.EventBookmark","Information","Info",,"System.Collections.ObjectModel.ReadOnlyCollection`1[System.String]","System.Collections.Generic.List`1[System.Diagnostics.Eventing.Reader.EventProperty]"
"The Offline Files service started successfully.","1","0",,"4","0","0","4611686018427387920","805","Microsoft-Windows-OfflineFiles","95353826-4fbe-41d4-9c42-f521c6e86360","Microsoft-Windows-OfflineFiles/Operational","944","1076","rjaf-PC4429","S-1-5-18","1/29/2015 4:57:20 AM",,,"c:\users\mac_1\desktop\winevt\logs\microsoft-windows-offlinefiles%4operational.evtx","System.UInt32[]","System.Diagnostics.Eventing.Reader.EventBookmark","Information","Info",,"System.Collections.ObjectModel.ReadOnlyCollection`1[System.String]","System.Collections.Generic.List`1[System.Diagnostics.Eventing.Reader.EventProperty]"
"User logoff detected
Account: RJAF-PC4429\rjaf
Session: 1","8","0",,"4","0","0","4611686018427387912","804","Microsoft-Windows-OfflineFiles","95353826-4fbe-41d4-9c42-f521c6e86360","Microsoft-Windows-OfflineFiles/Operational","952","1192","rjaf-PC4429","S-1-5-18","1/29/2015 4:41:47 AM",,,"c:\users\mac_1\desktop\winevt\logs\microsoft-windows-offlinefiles%4operational.evtx","System.UInt32[]","System.Diagnostics.Eventing.Reader.EventBookmark","Information","Info",,"System.Collections.ObjectModel.ReadOnlyCollection`1[System.String]","System.Collections.Generic.List`1[System.Diagnostics.Eventing.Reader.EventProperty]"
"User logon detected
Account: RJAF-PC4429\rjaf
Session: 1","7","0",,"4","0","0","4611686018427387912","803","Microsoft-Windows-OfflineFiles","95353826-4fbe-41d4-9c42-f521c6e86360","Microsoft-Windows-OfflineFiles/Operational","952","980","rjaf-PC4429","S-1-5-18","1/29/2015 4:16:54 AM",,,"c:\users\mac_1\desktop\winevt\logs\microsoft-windows-offlinefiles%4operational.evtx","System.UInt32[]","System.Diagnostics.Eventing.Reader.EventBookmark","Information","Info",,"System.Collections.ObjectModel.ReadOnlyCollection`1[System.String]","System.Collections.Generic.List`1[System.Diagnostics.Eventing.Reader.EventProperty]"
"The Offline Files service started successfully.","1","0",,"4","0","0","4611686018427387920","802","Microsoft-Windows-OfflineFiles","95353826-4fbe-41d4-9c42-f521c6e86360","Microsoft-Windows-OfflineFiles/Operational","952","1080","rjaf-PC4429","S-1-5-18","1/29/2015 4:16:46 AM",,,"c:\users\mac_1\desktop\winevt\logs\microsoft-windows-offlinefiles%4operational.evtx","System.UInt32[]","System.Diagnostics.Eventing.Reader.EventBookmark","Information","Info",,"System.Collections.ObjectModel.ReadOnlyCollection`1[System.String]","System.Collections.Generic.List`1[System.Diagnostics.Eventing.Reader.EventProperty]"
"User logoff detected
Account: RJAF-PC4429\rjaf
Session: 1","8","0",,"4","0","0","4611686018427387912","801","Microsoft-Windows-OfflineFiles","95353826-4fbe-41d4-9c42-f521c6e86360","Microsoft-Windows-OfflineFiles/Operational","936","5036","rjaf-PC4429","S-1-5-18","1/29/2015 3:56:43 AM",,,"c:\users\mac_1\desktop\winevt\logs\microsoft-windows-offlinefiles%4operational.evtx","System.UInt32[]","System.Diagnostics.Eventing.Reader.EventBookmark","Information","Info",,"System.Collections.ObjectModel.ReadOnlyCollection`1[System.String]","System.Collections.Generic.List`1[System.Diagnostics.Eventing.Reader.EventProperty]"
"User logon detected
Account: RJAF-PC4429\rjaf
Session: 1","7","0",,"4","0","0","4611686018427387912","800","Microsoft-Windows-OfflineFiles","95353826-4fbe-41d4-9c42-f521c6e86360","Microsoft-Windows-OfflineFiles/Operational","936","956","rjaf-PC4429","S-1-5-18","1/25/2015 5:32:33 AM",,,"c:\users\mac_1\desktop\winevt\logs\microsoft-windows-offlinefiles%4operational.evtx","System.UInt32[]","System.Diagnostics.Eventing.Reader.EventBookmark","Information","Info",,"System.Collections.ObjectModel.ReadOnlyCollection`1[System.String]","System.Collections.Generic.List`1[System.Diagnostics.Eventing.Reader.EventProperty]"
"The Offline Files service started successfully.","1","0",,"4","0","0","4611686018427387920","799","Microsoft-Windows-OfflineFiles","95353826-4fbe-41d4-9c42-f521c6e86360","Microsoft-Windows-OfflineFiles/Operational","936","1056","rjaf-PC4429","S-1-5-18","1/25/2015 5:32:14 AM",,,"c:\users\mac_1\desktop\winevt\logs\microsoft-windows-offlinefiles%4operational.evtx","System.UInt32[]","System.Diagnostics.Eventing.Reader.EventBookmark","Information","Info",,"System.Collections.ObjectModel.ReadOnlyCollection`1[System.String]","System.Collections.Generic.List`1[System.Diagnostics.Eventing.Reader.EventProperty]"
"User logon detected
Account: RJAF-PC4429\rjaf
Session: 1","7","0",,"4","0","0","4611686018427387912","798","Microsoft-Windows-OfflineFiles","95353826-4fbe-41d4-9c42-f521c6e86360","Microsoft-Windows-OfflineFiles/Operational","932","3432","rjaf-PC4429","S-1-5-18","1/24/2015 10:23:13 PM",,,"c:\users\mac_1\desktop\winevt\logs\microsoft-windows-offlinefiles%4operational.evtx","System.UInt32[]","System.Diagnostics.Eventing.Reader.EventBookmark","Information","Info",,"System.Collections.ObjectModel.ReadOnlyCollection`1[System.String]","System.Collections.Generic.List`1[System.Diagnostics.Eventing.Reader.EventProperty]"
"User logoff detected
Account: RJAF-PC4429\rjaf
Session: 1","8","0",,"4","0","0","4611686018427387912","797","Microsoft-Windows-OfflineFiles","95353826-4fbe-41d4-9c42-f521c6e86360","Microsoft-Windows-OfflineFiles/Operational","932","1956","rjaf-PC4429","S-1-5-18","1/24/2015 8:48:22 AM",,,"c:\users\mac_1\desktop\winevt\logs\microsoft-windows-offlinefiles%4operational.evtx","System.UInt32[]","System.Diagnostics.Eventing.Reader.EventBookmark","Information","Info",,"System.Collections.ObjectModel.ReadOnlyCollection`1[System.String]","System.Collections.Generic.List`1[System.Diagnostics.Eventing.Reader.EventProperty]"
"User logon detected
Account: RJAF-PC4429\rjaf
Session: 1","7","0",,"4","0","0","4611686018427387912","796","Microsoft-Windows-OfflineFiles","95353826-4fbe-41d4-9c42-f521c6e86360","Microsoft-Windows-OfflineFiles/Operational","932","2852","rjaf-PC4429","S-1-5-18","1/24/2015 8:37:28 AM",,,"c:\users\mac_1\desktop\winevt\logs\microsoft-windows-offlinefiles%4operational.evtx","System.UInt32[]","System.Diagnostics.Eventing.Reader.EventBookmark","Information","Info",,"System.Collections.ObjectModel.ReadOnlyCollection`1[System.String]","System.Collections.Generic.List`1[System.Diagnostics.Eventing.Reader.EventProperty]"
"User logoff detected
Account: RJAF-PC4429\rjaf
Session: 2","8","0",,"4","0","0","4611686018427387912","795","Microsoft-Windows-OfflineFiles","95353826-4fbe-41d4-9c42-f521c6e86360","Microsoft-Windows-OfflineFiles/Operational","932","952","rjaf-PC4429","S-1-5-18","1/24/2015 8:29:28 AM",,,"c:\users\mac_1\desktop\winevt\logs\microsoft-windows-offlinefiles%4operational.evtx","System.UInt32[]","System.Diagnostics.Eventing.Reader.EventBookmark","Information","Info",,"System.Collections.ObjectModel.ReadOnlyCollection`1[System.String]","System.Collections.Generic.List`1[System.Diagnostics.Eventing.Reader.EventProperty]"
"User logon detected
Account: RJAF-PC4429\rjaf
Session: 2","7","0",,"4","0","0","4611686018427387912","794","Microsoft-Windows-OfflineFiles","95353826-4fbe-41d4-9c42-f521c6e86360","Microsoft-Windows-OfflineFiles/Operational","932","2952","rjaf-PC4429","S-1-5-18","1/24/2015 7:04:11 AM",,,"c:\users\mac_1\desktop\winevt\logs\microsoft-windows-offlinefiles%4operational.evtx","System.UInt32[]","System.Diagnostics.Eventing.Reader.EventBookmark","Information","Info",,"System.Collections.ObjectModel.ReadOnlyCollection`1[System.String]","System.Collections.Generic.List`1[System.Diagnostics.Eventing.Reader.EventProperty]"
"User logoff detected
Account: RJAF-PC4429\rjaf
Session: 1","8","0",,"4","0","0","4611686018427387912","793","Microsoft-Windows-OfflineFiles","95353826-4fbe-41d4-9c42-f521c6e86360","Microsoft-Windows-OfflineFiles/Operational","932","2952","rjaf-PC4429","S-1-5-18","1/24/2015 7:03:27 AM",,,"c:\users\mac_1\desktop\winevt\logs\microsoft-windows-offlinefiles%4operational.evtx","System.UInt32[]","System.Diagnostics.Eventing.Reader.EventBookmark","Information","Info",,"System.Collections.ObjectModel.ReadOnlyCollection`1[System.String]","System.Collections.Generic.List`1[System.Diagnostics.Eventing.Reader.EventProperty]"
"User logon detected
Account: RJAF-PC4429\rjaf
Session: 1","7","0",,"4","0","0","4611686018427387912","792","Microsoft-Windows-OfflineFiles","95353826-4fbe-41d4-9c42-f521c6e86360","Microsoft-Windows-OfflineFiles/Operational","932","952","rjaf-PC4429","S-1-5-18","1/24/2015 6:33:09 AM",,,"c:\users\mac_1\desktop\winevt\logs\microsoft-windows-offlinefiles%4operational.evtx","System.UInt32[]","System.Diagnostics.Eventing.Reader.EventBookmark","Information","Info",,"System.Collections.ObjectModel.ReadOnlyCollection`1[System.String]","System.Collections.Generic.List`1[System.Diagnostics.Eventing.Reader.EventProperty]"
"The Offline Files service started successfully.","1","0",,"4","0","0","4611686018427387920","791","Microsoft-Windows-OfflineFiles","95353826-4fbe-41d4-9c42-f521c6e86360","Microsoft-Windows-OfflineFiles/Operational","932","1080","rjaf-PC4429","S-1-5-18","1/24/2015 6:33:03 AM",,,"c:\users\mac_1\desktop\winevt\logs\microsoft-windows-offlinefiles%4operational.evtx","System.UInt32[]","System.Diagnostics.Eventing.Reader.EventBookmark","Information","Info",,"System.Collections.ObjectModel.ReadOnlyCollection`1[System.String]","System.Collections.Generic.List`1[System.Diagnostics.Eventing.Reader.EventProperty]"
"User logoff detected
Account: RJAF-PC4429\rjaf
Session: 2","8","0",,"4","0","0","4611686018427387912","790","Microsoft-Windows-OfflineFiles","95353826-4fbe-41d4-9c42-f521c6e86360","Microsoft-Windows-OfflineFiles/Operational","932","1248","rjaf-PC4429","S-1-5-18","1/24/2015 3:07:42 AM",,,"c:\users\mac_1\desktop\winevt\logs\microsoft-windows-offlinefiles%4operational.evtx","System.UInt32[]","System.Diagnostics.Eventing.Reader.EventBookmark","Information","Info",,"System.Collections.ObjectModel.ReadOnlyCollection`1[System.String]","System.Collections.Generic.List`1[System.Diagnostics.Eventing.Reader.EventProperty]"
"User logon detected
Account: RJAF-PC4429\rjaf
Session: 2","7","0",,"4","0","0","4611686018427387912","789","Microsoft-Windows-OfflineFiles","95353826-4fbe-41d4-9c42-f521c6e86360","Microsoft-Windows-OfflineFiles/Operational","932","2832","rjaf-PC4429","S-1-5-18","1/24/2015 12:20:32 AM",,,"c:\users\mac_1\desktop\winevt\logs\microsoft-windows-offlinefiles%4operational.evtx","System.UInt32[]","System.Diagnostics.Eventing.Reader.EventBookmark","Information","Info",,"System.Collections.ObjectModel.ReadOnlyCollection`1[System.String]","System.Collections.Generic.List`1[System.Diagnostics.Eventing.Reader.EventProperty]"
"User logoff detected
Account: RJAF-PC4429\rjaf
Session: 1","8","0",,"4","0","0","4611686018427387912","788","Microsoft-Windows-OfflineFiles","95353826-4fbe-41d4-9c42-f521c6e86360","Microsoft-Windows-OfflineFiles/Operational","932","968","rjaf-PC4429","S-1-5-18","1/23/2015 11:23:09 PM",,,"c:\users\mac_1\desktop\winevt\logs\microsoft-windows-offlinefiles%4operational.evtx","System.UInt32[]","System.Diagnostics.Eventing.Reader.EventBookmark","Information","Info",,"System.Collections.ObjectModel.ReadOnlyCollection`1[System.String]","System.Collections.Generic.List`1[System.Diagnostics.Eventing.Reader.EventProperty]"
"User logon detected
Account: RJAF-PC4429\rjaf
Session: 1","7","0",,"4","0","0","4611686018427387912","787","Microsoft-Windows-OfflineFiles","95353826-4fbe-41d4-9c42-f521c6e86360","Microsoft-Windows-OfflineFiles/Operational","932","1712","rjaf-PC4429","S-1-5-18","1/23/2015 10:40:15 PM",,,"c:\users\mac_1\desktop\winevt\logs\microsoft-windows-offlinefiles%4operational.evtx","System.UInt32[]","System.Diagnostics.Eventing.Reader.EventBookmark","Information","Info",,"System.Collections.ObjectModel.ReadOnlyCollection`1[System.String]","System.Collections.Generic.List`1[System.Diagnostics.Eventing.Reader.EventProperty]"
"The Offline Files service started successfully.","1","0",,"4","0","0","4611686018427387920","786","Microsoft-Windows-OfflineFiles","95353826-4fbe-41d4-9c42-f521c6e86360","Microsoft-Windows-OfflineFiles/Operational","932","1084","rjaf-PC4429","S-1-5-18","1/23/2015 10:40:09 PM",,,"c:\users\mac_1\desktop\winevt\logs\microsoft-windows-offlinefiles%4operational.evtx","System.UInt32[]","System.Diagnostics.Eventing.Reader.EventBookmark","Information","Info",,"System.Collections.ObjectModel.ReadOnlyCollection`1[System.String]","System.Collections.Generic.List`1[System.Diagnostics.Eventing.Reader.EventProperty]"
"User logoff detected
Account: RJAF-PC4429\rjaf
Session: 2","8","0",,"4","0","0","4611686018427387912","785","Microsoft-Windows-OfflineFiles","95353826-4fbe-41d4-9c42-f521c6e86360","Microsoft-Windows-OfflineFiles/Operational","940","688","rjaf-PC4429","S-1-5-18","1/23/2015 10:45:39 AM",,,"c:\users\mac_1\desktop\winevt\logs\microsoft-windows-offlinefiles%4operational.evtx","System.UInt32[]","System.Diagnostics.Eventing.Reader.EventBookmark","Information","Info",,"System.Collections.ObjectModel.ReadOnlyCollection`1[System.String]","System.Collections.Generic.List`1[System.Diagnostics.Eventing.Reader.EventProperty]"
"User logon detected
Account: RJAF-PC4429\rjaf
Session: 2","7","0",,"4","0","0","4611686018427387912","784","Microsoft-Windows-OfflineFiles","95353826-4fbe-41d4-9c42-f521c6e86360","Microsoft-Windows-OfflineFiles/Operational","940","3476","rjaf-PC4429","S-1-5-18","1/23/2015 10:21:12 AM",,,"c:\users\mac_1\desktop\winevt\logs\microsoft-windows-offlinefiles%4operational.evtx","System.UInt32[]","System.Diagnostics.Eventing.Reader.EventBookmark","Information","Info",,"System.Collections.ObjectModel.ReadOnlyCollection`1[System.String]","System.Collections.Generic.List`1[System.Diagnostics.Eventing.Reader.EventProperty]"
"User logoff detected
Account: RJAF-PC4429\rjaf
Session: 1","8","0",,"4","0","0","4611686018427387912","783","Microsoft-Windows-OfflineFiles","95353826-4fbe-41d4-9c42-f521c6e86360","Microsoft-Windows-OfflineFiles/Operational","940","3452","rjaf-PC4429","S-1-5-18","1/23/2015 8:29:48 AM",,,"c:\users\mac_1\desktop\winevt\logs\microsoft-windows-offlinefiles%4operational.evtx","System.UInt32[]","System.Diagnostics.Eventing.Reader.EventBookmark","Information","Info",,"System.Collections.ObjectModel.ReadOnlyCollection`1[System.String]","System.Collections.Generic.List`1[System.Diagnostics.Eventing.Reader.EventProperty]"
"User logon detected
Account: RJAF-PC4429\rjaf
Session: 1","7","0",,"4","0","0","4611686018427387912","782","Microsoft-Windows-OfflineFiles","95353826-4fbe-41d4-9c42-f521c6e86360","Microsoft-Windows-OfflineFiles/Operational","940","3452","rjaf-PC4429","S-1-5-18","1/23/2015 7:31:42 AM",,,"c:\users\mac_1\desktop\winevt\logs\microsoft-windows-offlinefiles%4operational.evtx","System.UInt32[]","System.Diagnostics.Eventing.Reader.EventBookmark","Information","Info",,"System.Collections.ObjectModel.ReadOnlyCollection`1[System.String]","System.Collections.Generic.List`1[System.Diagnostics.Eventing.Reader.EventProperty]"
"User logoff detected
Account: RJAF-PC4429\rjaf
Session: 2","8","0",,"4","0","0","4611686018427387912","781","Microsoft-Windows-OfflineFiles","95353826-4fbe-41d4-9c42-f521c6e86360","Microsoft-Windows-OfflineFiles/Operational","940","3668","rjaf-PC4429","S-1-5-18","1/23/2015 12:51:18 AM",,,"c:\users\mac_1\desktop\winevt\logs\microsoft-windows-offlinefiles%4operational.evtx","System.UInt32[]","System.Diagnostics.Eventing.Reader.EventBookmark","Information","Info",,"System.Collections.ObjectModel.ReadOnlyCollection`1[System.String]","System.Collections.Generic.List`1[System.Diagnostics.Eventing.Reader.EventProperty]"
"User logon detected
Account: RJAF-PC4429\rjaf
Session: 2","7","0",,"4","0","0","4611686018427387912","780","Microsoft-Windows-OfflineFiles","95353826-4fbe-41d4-9c42-f521c6e86360","Microsoft-Windows-OfflineFiles/Operational","940","2496","rjaf-PC4429","S-1-5-18","1/23/2015 12:19:36 AM",,,"c:\users\mac_1\desktop\winevt\logs\microsoft-windows-offlinefiles%4operational.evtx","System.UInt32[]","System.Diagnostics.Eventing.Reader.EventBookmark","Information","Info",,"System.Collections.ObjectModel.ReadOnlyCollection`1[System.String]","System.Collections.Generic.List`1[System.Diagnostics.Eventing.Reader.EventProperty]"
"User logoff detected
Account: RJAF-PC4429\rjaf
Session: 1","8","0",,"4","0","0","4611686018427387912","779","Microsoft-Windows-OfflineFiles","95353826-4fbe-41d4-9c42-f521c6e86360","Microsoft-Windows-OfflineFiles/Operational","940","3308","rjaf-PC4429","S-1-5-18","1/22/2015 11:28:02 PM",,,"c:\users\mac_1\desktop\winevt\logs\microsoft-windows-offlinefiles%4operational.evtx","System.UInt32[]","System.Diagnostics.Eventing.Reader.EventBookmark","Information","Info",,"System.Collections.ObjectModel.ReadOnlyCollection`1[System.String]","System.Collections.Generic.List`1[System.Diagnostics.Eventing.Reader.EventProperty]"
"User logon detected
Account: RJAF-PC4429\rjaf
Session: 1","7","0",,"4","0","0","4611686018427387912","778","Microsoft-Windows-OfflineFiles","95353826-4fbe-41d4-9c42-f521c6e86360","Microsoft-Windows-OfflineFiles/Operational","940","3792","rjaf-PC4429","S-1-5-18","1/22/2015 10:42:00 PM",,,"c:\users\mac_1\desktop\winevt\logs\microsoft-windows-offlinefiles%4operational.evtx","System.UInt32[]","System.Diagnostics.Eventing.Reader.EventBookmark","Information","Info",,"System.Collections.ObjectModel.ReadOnlyCollection`1[System.String]","System.Collections.Generic.List`1[System.Diagnostics.Eventing.Reader.EventProperty]"
"User logoff detected
Account: RJAF-PC4429\rjaf
Session: 1","8","0",,"4","0","0","4611686018427387912","777","Microsoft-Windows-OfflineFiles","95353826-4fbe-41d4-9c42-f521c6e86360","Microsoft-Windows-OfflineFiles/Operational","940","2944","rjaf-PC4429","S-1-5-18","1/22/2015 3:17:24 AM",,,"c:\users\mac_1\desktop\winevt\logs\microsoft-windows-offlinefiles%4operational.evtx","System.UInt32[]","System.Diagnostics.Eventing.Reader.EventBookmark","Information","Info",,"System.Collections.ObjectModel.ReadOnlyCollection`1[System.String]","System.Collections.Generic.List`1[System.Diagnostics.Eventing.Reader.EventProperty]"
"User logon detected
Account: RJAF-PC4429\rjaf
Session: 1","7","0",,"4","0","0","4611686018427387912","776","Microsoft-Windows-OfflineFiles","95353826-4fbe-41d4-9c42-f521c6e86360","Microsoft-Windows-OfflineFiles/Operational","940","1164","rjaf-PC4429","S-1-5-18","1/18/2015 12:34:22 AM",,,"c:\users\mac_1\desktop\winevt\logs\microsoft-windows-offlinefiles%4operational.evtx","System.UInt32[]","System.Diagnostics.Eventing.Reader.EventBookmark","Information","Info",,"System.Collections.ObjectModel.ReadOnlyCollection`1[System.String]","System.Collections.Generic.List`1[System.Diagnostics.Eventing.Reader.EventProperty]"
"The Offline Files service started successfully.","1","0",,"4","0","0","4611686018427387920","775","Microsoft-Windows-OfflineFiles","95353826-4fbe-41d4-9c42-f521c6e86360","Microsoft-Windows-OfflineFiles/Operational","940","1076","rjaf-PC4429","S-1-5-18","1/18/2015 12:34:14 AM",,,"c:\users\mac_1\desktop\winevt\logs\microsoft-windows-offlinefiles%4operational.evtx","System.UInt32[]","System.Diagnostics.Eventing.Reader.EventBookmark","Information","Info",,"System.Collections.ObjectModel.ReadOnlyCollection`1[System.String]","System.Collections.Generic.List`1[System.Diagnostics.Eventing.Reader.EventProperty]"
"User logoff detected
Account: RJAF-PC4429\rjaf
Session: 1","8","0",,"4","0","0","4611686018427387912","774","Microsoft-Windows-OfflineFiles","95353826-4fbe-41d4-9c42-f521c6e86360","Microsoft-Windows-OfflineFiles/Operational","944","3524","rjaf-PC4429","S-1-5-18","1/17/2015 5:55:31 AM",,,"c:\users\mac_1\desktop\winevt\logs\microsoft-windows-offlinefiles%4operational.evtx","System.UInt32[]","System.Diagnostics.Eventing.Reader.EventBookmark","Information","Info",,"System.Collections.ObjectModel.ReadOnlyCollection`1[System.String]","System.Collections.Generic.List`1[System.Diagnostics.Eventing.Reader.EventProperty]"
"User logon detected
Account: RJAF-PC4429\rjaf
Session: 1","7","0",,"4","0","0","4611686018427387912","773","Microsoft-Windows-OfflineFiles","95353826-4fbe-41d4-9c42-f521c6e86360","Microsoft-Windows-OfflineFiles/Operational","944","1108","rjaf-PC4429","S-1-5-18","1/16/2015 11:23:31 PM",,,"c:\users\mac_1\desktop\winevt\logs\microsoft-windows-offlinefiles%4operational.evtx","System.UInt32[]","System.Diagnostics.Eventing.Reader.EventBookmark","Information","Info",,"System.Collections.ObjectModel.ReadOnlyCollection`1[System.String]","System.Collections.Generic.List`1[System.Diagnostics.Eventing.Reader.EventProperty]"
"The Offline Files service started successfully.","1","0",,"4","0","0","4611686018427387920","772","Microsoft-Windows-OfflineFiles","95353826-4fbe-41d4-9c42-f521c6e86360","Microsoft-Windows-OfflineFiles/Operational","944","1072","rjaf-PC4429","S-1-5-18","1/16/2015 11:10:20 PM",,,"c:\users\mac_1\desktop\winevt\logs\microsoft-windows-offlinefiles%4operational.evtx","System.UInt32[]","System.Diagnostics.Eventing.Reader.EventBookmark","Information","Info",,"System.Collections.ObjectModel.ReadOnlyCollection`1[System.String]","System.Collections.Generic.List`1[System.Diagnostics.Eventing.Reader.EventProperty]"
"User logoff detected
Account: RJAF-PC4429\rjaf
Session: 1","8","0",,"4","0","0","4611686018427387912","771","Microsoft-Windows-OfflineFiles","95353826-4fbe-41d4-9c42-f521c6e86360","Microsoft-Windows-OfflineFiles/Operational","936","1112","rjaf-PC4429","S-1-5-18","1/16/2015 6:15:00 AM",,,"c:\users\mac_1\desktop\winevt\logs\microsoft-windows-offlinefiles%4operational.evtx","System.UInt32[]","System.Diagnostics.Eventing.Reader.EventBookmark","Information","Info",,"System.Collections.ObjectModel.ReadOnlyCollection`1[System.String]","System.Collections.Generic.List`1[System.Diagnostics.Eventing.Reader.EventProperty]"
"User logon detected
Account: RJAF-PC4429\rjaf
Session: 1","7","0",,"4","0","0","4611686018427387912","770","Microsoft-Windows-OfflineFiles","95353826-4fbe-41d4-9c42-f521c6e86360","Microsoft-Windows-OfflineFiles/Operational","936","1160","rjaf-PC4429","S-1-5-18","1/15/2015 4:49:25 AM",,,"c:\users\mac_1\desktop\winevt\logs\microsoft-windows-offlinefiles%4operational.evtx","System.UInt32[]","System.Diagnostics.Eventing.Reader.EventBookmark","Information","Info",,"System.Collections.ObjectModel.ReadOnlyCollection`1[System.String]","System.Collections.Generic.List`1[System.Diagnostics.Eventing.Reader.EventProperty]"
"The Offline Files service started successfully.","1","0",,"4","0","0","4611686018427387920","769","Microsoft-Windows-OfflineFiles","95353826-4fbe-41d4-9c42-f521c6e86360","Microsoft-Windows-OfflineFiles/Operational","936","1064","rjaf-PC4429","S-1-5-18","1/15/2015 4:49:05 AM",,,"c:\users\mac_1\desktop\winevt\logs\microsoft-windows-offlinefiles%4operational.evtx","System.UInt32[]","System.Diagnostics.Eventing.Reader.EventBookmark","Information","Info",,"System.Collections.ObjectModel.ReadOnlyCollection`1[System.String]","System.Collections.Generic.List`1[System.Diagnostics.Eventing.Reader.EventProperty]"
"User logoff detected
Account: RJAF-PC4429\rjaf
Session: 2","8","0",,"4","0","0","4611686018427387912","768","Microsoft-Windows-OfflineFiles","95353826-4fbe-41d4-9c42-f521c6e86360","Microsoft-Windows-OfflineFiles/Operational","960","1172","rjaf-PC4429","S-1-5-18","1/15/2015 4:39:18 AM",,,"c:\users\mac_1\desktop\winevt\logs\microsoft-windows-offlinefiles%4operational.evtx","System.UInt32[]","System.Diagnostics.Eventing.Reader.EventBookmark","Information","Info",,"System.Collections.ObjectModel.ReadOnlyCollection`1[System.String]","System.Collections.Generic.List`1[System.Diagnostics.Eventing.Reader.EventProperty]"
"User logon detected
Account: RJAF-PC4429\rjaf
Session: 2","7","0",,"4","0","0","4611686018427387912","767","Microsoft-Windows-OfflineFiles","95353826-4fbe-41d4-9c42-f521c6e86360","Microsoft-Windows-OfflineFiles/Operational","960","4188","rjaf-PC4429","S-1-5-18","1/15/2015 2:22:59 AM",,,"c:\users\mac_1\desktop\winevt\logs\microsoft-windows-offlinefiles%4operational.evtx","System.UInt32[]","System.Diagnostics.Eventing.Reader.EventBookmark","Information","Info",,"System.Collections.ObjectModel.ReadOnlyCollection`1[System.String]","System.Collections.Generic.List`1[System.Diagnostics.Eventing.Reader.EventProperty]"
"User logoff detected
Account: RJAF-PC4429\rjaf
Session: 1","8","0",,"4","0","0","4611686018427387912","766","Microsoft-Windows-OfflineFiles","95353826-4fbe-41d4-9c42-f521c6e86360","Microsoft-Windows-OfflineFiles/Operational","960","13912","rjaf-PC4429","S-1-5-18","1/15/2015 12:51:12 AM",,,"c:\users\mac_1\desktop\winevt\logs\microsoft-windows-offlinefiles%4operational.evtx","System.UInt32[]","System.Diagnostics.Eventing.Reader.EventBookmark","Information","Info",,"System.Collections.ObjectModel.ReadOnlyCollection`1[System.String]","System.Collections.Generic.List`1[System.Diagnostics.Eventing.Reader.EventProperty]"
"User logon detected
Account: RJAF-PC4429\rjaf
Session: 1","7","0",,"4","0","0","4611686018427387912","765","Microsoft-Windows-OfflineFiles","95353826-4fbe-41d4-9c42-f521c6e86360","Microsoft-Windows-OfflineFiles/Operational","960","1172","rjaf-PC4429","S-1-5-18","1/14/2015 4:20:48 AM",,,"c:\users\mac_1\desktop\winevt\logs\microsoft-windows-offlinefiles%4operational.evtx","System.UInt32[]","System.Diagnostics.Eventing.Reader.EventBookmark","Information","Info",,"System.Collections.ObjectModel.ReadOnlyCollection`1[System.String]","System.Collections.Generic.List`1[System.Diagnostics.Eventing.Reader.EventProperty]"
"The Offline Files service started successfully.","1","0",,"4","0","0","4611686018427387920","764","Microsoft-Windows-OfflineFiles","95353826-4fbe-41d4-9c42-f521c6e86360","Microsoft-Windows-OfflineFiles/Operational","960","1068","rjaf-PC4429","S-1-5-18","1/14/2015 4:20:38 AM",,,"c:\users\mac_1\desktop\winevt\logs\microsoft-windows-offlinefiles%4operational.evtx","System.UInt32[]","System.Diagnostics.Eventing.Reader.EventBookmark","Information","Info",,"System.Collections.ObjectModel.ReadOnlyCollection`1[System.String]","System.Collections.Generic.List`1[System.Diagnostics.Eventing.Reader.EventProperty]"
"User logoff detected
Account: RJAF-PC4429\rjaf
Session: 1","8","0",,"4","0","0","4611686018427387912","763","Microsoft-Windows-OfflineFiles","95353826-4fbe-41d4-9c42-f521c6e86360","Microsoft-Windows-OfflineFiles/Operational","940","748","rjaf-PC4429","S-1-5-18","1/14/2015 4:03:51 AM",,,"c:\users\mac_1\desktop\winevt\logs\microsoft-windows-offlinefiles%4operational.evtx","System.UInt32[]","System.Diagnostics.Eventing.Reader.EventBookmark","Information","Info",,"System.Collections.ObjectModel.ReadOnlyCollection`1[System.String]","System.Collections.Generic.List`1[System.Diagnostics.Eventing.Reader.EventProperty]"
"User logon detected
Account: RJAF-PC4429\rjaf
Session: 1","7","0",,"4","0","0","4611686018427387912","762","Microsoft-Windows-OfflineFiles","95353826-4fbe-41d4-9c42-f521c6e86360","Microsoft-Windows-OfflineFiles/Operational","940","1760","rjaf-PC4429","S-1-5-18","1/11/2015 1:36:06 AM",,,"c:\users\mac_1\desktop\winevt\logs\microsoft-windows-offlinefiles%4operational.evtx","System.UInt32[]","System.Diagnostics.Eventing.Reader.EventBookmark","Information","Info",,"System.Collections.ObjectModel.ReadOnlyCollection`1[System.String]","System.Collections.Generic.List`1[System.Diagnostics.Eventing.Reader.EventProperty]"
"The Offline Files service started successfully.","1","0",,"4","0","0","4611686018427387920","761","Microsoft-Windows-OfflineFiles","95353826-4fbe-41d4-9c42-f521c6e86360","Microsoft-Windows-OfflineFiles/Operational","940","1068","rjaf-PC4429","S-1-5-18","1/11/2015 1:35:57 AM",,,"c:\users\mac_1\desktop\winevt\logs\microsoft-windows-offlinefiles%4operational.evtx","System.UInt32[]","System.Diagnostics.Eventing.Reader.EventBookmark","Information","Info",,"System.Collections.ObjectModel.ReadOnlyCollection`1[System.String]","System.Collections.Generic.List`1[System.Diagnostics.Eventing.Reader.EventProperty]"
"User logoff detected
Account: RJAF-PC4429\rjaf
Session: 1","8","0",,"4","0","0","4611686018427387912","760","Microsoft-Windows-OfflineFiles","95353826-4fbe-41d4-9c42-f521c6e86360","Microsoft-Windows-OfflineFiles/Operational","944","956","rjaf-PC4429","S-1-5-18","1/10/2015 11:01:27 AM",,,"c:\users\mac_1\desktop\winevt\logs\microsoft-windows-offlinefiles%4operational.evtx","System.UInt32[]","System.Diagnostics.Eventing.Reader.EventBookmark","Information","Info",,"System.Collections.ObjectModel.ReadOnlyCollection`1[System.String]","System.Collections.Generic.List`1[System.Diagnostics.Eventing.Reader.EventProperty]"
"User logon detected
Account: RJAF-PC4429\rjaf
Session: 1","7","0",,"4","0","0","4611686018427387912","759","Microsoft-Windows-OfflineFiles","95353826-4fbe-41d4-9c42-f521c6e86360","Microsoft-Windows-OfflineFiles/Operational","944","960","rjaf-PC4429","S-1-5-18","1/10/2015 10:39:45 AM",,,"c:\users\mac_1\desktop\winevt\logs\microsoft-windows-offlinefiles%4operational.evtx","System.UInt32[]","System.Diagnostics.Eventing.Reader.EventBookmark","Information","Info",,"System.Collections.ObjectModel.ReadOnlyCollection`1[System.String]","System.Collections.Generic.List`1[System.Diagnostics.Eventing.Reader.EventProperty]"
"The Offline Files service started successfully.","1","0",,"4","0","0","4611686018427387920","758","Microsoft-Windows-OfflineFiles","95353826-4fbe-41d4-9c42-f521c6e86360","Microsoft-Windows-OfflineFiles/Operational","944","1064","rjaf-PC4429","S-1-5-18","1/10/2015 10:39:11 AM",,,"c:\users\mac_1\desktop\winevt\logs\microsoft-windows-offlinefiles%4operational.evtx","System.UInt32[]","System.Diagnostics.Eventing.Reader.EventBookmark","Information","Info",,"System.Collections.ObjectModel.ReadOnlyCollection`1[System.String]","System.Collections.Generic.List`1[System.Diagnostics.Eventing.Reader.EventProperty]"
"User logoff detected
Account: RJAF-PC4429\rjaf
Session: 1","8","0",,"4","0","0","4611686018427387912","757","Microsoft-Windows-OfflineFiles","95353826-4fbe-41d4-9c42-f521c6e86360","Microsoft-Windows-OfflineFiles/Operational","948","2852","rjaf-PC4429","S-1-5-18","1/7/2015 11:38:43 AM",,,"c:\users\mac_1\desktop\winevt\logs\microsoft-windows-offlinefiles%4operational.evtx","System.UInt32[]","System.Diagnostics.Eventing.Reader.EventBookmark","Information","Info",,"System.Collections.ObjectModel.ReadOnlyCollection`1[System.String]","System.Collections.Generic.List`1[System.Diagnostics.Eventing.Reader.EventProperty]"
"User logon detected
Account: RJAF-PC4429\rjaf
Session: 1","7","0",,"4","0","0","4611686018427387912","756","Microsoft-Windows-OfflineFiles","95353826-4fbe-41d4-9c42-f521c6e86360","Microsoft-Windows-OfflineFiles/Operational","948","968","rjaf-PC4429","S-1-5-18","1/7/2015 12:29:09 AM",,,"c:\users\mac_1\desktop\winevt\logs\microsoft-windows-offlinefiles%4operational.evtx","System.UInt32[]","System.Diagnostics.Eventing.Reader.EventBookmark","Information","Info",,"System.Collections.ObjectModel.ReadOnlyCollection`1[System.String]","System.Collections.Generic.List`1[System.Diagnostics.Eventing.Reader.EventProperty]"
"The Offline Files service started successfully.","1","0",,"4","0","0","4611686018427387920","755","Microsoft-Windows-OfflineFiles","95353826-4fbe-41d4-9c42-f521c6e86360","Microsoft-Windows-OfflineFiles/Operational","948","1044","rjaf-PC4429","S-1-5-18","1/7/2015 12:29:00 AM",,,"c:\users\mac_1\desktop\winevt\logs\microsoft-windows-offlinefiles%4operational.evtx","System.UInt32[]","System.Diagnostics.Eventing.Reader.EventBookmark","Information","Info",,"System.Collections.ObjectModel.ReadOnlyCollection`1[System.String]","System.Collections.Generic.List`1[System.Diagnostics.Eventing.Reader.EventProperty]"
"User logon detected
Account: RJAF-PC4429\rjaf
Session: 1","7","0",,"4","0","0","4611686018427387912","754","Microsoft-Windows-OfflineFiles","95353826-4fbe-41d4-9c42-f521c6e86360","Microsoft-Windows-OfflineFiles/Operational","944","1760","rjaf-PC4429","S-1-5-18","1/5/2015 12:57:11 AM",,,"c:\users\mac_1\desktop\winevt\logs\microsoft-windows-offlinefiles%4operational.evtx","System.UInt32[]","System.Diagnostics.Eventing.Reader.EventBookmark","Information","Info",,"System.Collections.ObjectModel.ReadOnlyCollection`1[System.String]","System.Collections.Generic.List`1[System.Diagnostics.Eventing.Reader.EventProperty]"
"The Offline Files service started successfully.","1","0",,"4","0","0","4611686018427387920","753","Microsoft-Windows-OfflineFiles","95353826-4fbe-41d4-9c42-f521c6e86360","Microsoft-Windows-OfflineFiles/Operational","944","1064","rjaf-PC4429","S-1-5-18","1/5/2015 12:57:01 AM",,,"c:\users\mac_1\desktop\winevt\logs\microsoft-windows-offlinefiles%4operational.evtx","System.UInt32[]","System.Diagnostics.Eventing.Reader.EventBookmark","Information","Info",,"System.Collections.ObjectModel.ReadOnlyCollection`1[System.String]","System.Collections.Generic.List`1[System.Diagnostics.Eventing.Reader.EventProperty]"
"User logoff detected
Account: RJAF-PC4429\rjaf
Session: 1","8","0",,"4","0","0","4611686018427387912","752","Microsoft-Windows-OfflineFiles","95353826-4fbe-41d4-9c42-f521c6e86360","Microsoft-Windows-OfflineFiles/Operational","940","476","rjaf-PC4429","S-1-5-18","1/4/2015 3:18:16 PM",,,"c:\users\mac_1\desktop\winevt\logs\microsoft-windows-offlinefiles%4operational.evtx","System.UInt32[]","System.Diagnostics.Eventing.Reader.EventBookmark","Information","Info",,"System.Collections.ObjectModel.ReadOnlyCollection`1[System.String]","System.Collections.Generic.List`1[System.Diagnostics.Eventing.Reader.EventProperty]"
"User logon detected
Account: RJAF-PC4429\rjaf
Session: 1","7","0",,"4","0","0","4611686018427387912","751","Microsoft-Windows-OfflineFiles","95353826-4fbe-41d4-9c42-f521c6e86360","Microsoft-Windows-OfflineFiles/Operational","940","1172","rjaf-PC4429","S-1-5-18","12/28/2014 11:37:04 AM",,,"c:\users\mac_1\desktop\winevt\logs\microsoft-windows-offlinefiles%4operational.evtx","System.UInt32[]","System.Diagnostics.Eventing.Reader.EventBookmark","Information","Info",,"System.Collections.ObjectModel.ReadOnlyCollection`1[System.String]","System.Collections.Generic.List`1[System.Diagnostics.Eventing.Reader.EventProperty]"
"The Offline Files service started successfully.","1","0",,"4","0","0","4611686018427387920","750","Microsoft-Windows-OfflineFiles","95353826-4fbe-41d4-9c42-f521c6e86360","Microsoft-Windows-OfflineFiles/Operational","940","1060","rjaf-PC4429","S-1-5-18","12/28/2014 11:36:57 AM",,,"c:\users\mac_1\desktop\winevt\logs\microsoft-windows-offlinefiles%4operational.evtx","System.UInt32[]","System.Diagnostics.Eventing.Reader.EventBookmark","Information","Info",,"System.Collections.ObjectModel.ReadOnlyCollection`1[System.String]","System.Collections.Generic.List`1[System.Diagnostics.Eventing.Reader.EventProperty]"
"User logoff detected
Account: RJAF-PC4429\rjaf
Session: 1","8","0",,"4","0","0","4611686018427387912","749","Microsoft-Windows-OfflineFiles","95353826-4fbe-41d4-9c42-f521c6e86360","Microsoft-Windows-OfflineFiles/Operational","928","3040","rjaf-PC4429","S-1-5-18","12/28/2014 10:40:24 AM",,,"c:\users\mac_1\desktop\winevt\logs\microsoft-windows-offlinefiles%4operational.evtx","System.UInt32[]","System.Diagnostics.Eventing.Reader.EventBookmark","Information","Info",,"System.Collections.ObjectModel.ReadOnlyCollection`1[System.String]","System.Collections.Generic.List`1[System.Diagnostics.Eventing.Reader.EventProperty]"
"User logon detected
Account: RJAF-PC4429\rjaf
Session: 1","7","0",,"4","0","0","4611686018427387912","748","Microsoft-Windows-OfflineFiles","95353826-4fbe-41d4-9c42-f521c6e86360","Microsoft-Windows-OfflineFiles/Operational","928","960","rjaf-PC4429","S-1-5-18","12/25/2014 3:59:36 AM",,,"c:\users\mac_1\desktop\winevt\logs\microsoft-windows-offlinefiles%4operational.evtx","System.UInt32[]","System.Diagnostics.Eventing.Reader.EventBookmark","Information","Info",,"System.Collections.ObjectModel.ReadOnlyCollection`1[System.String]","System.Collections.Generic.List`1[System.Diagnostics.Eventing.Reader.EventProperty]"
"The Offline Files service started successfully.","1","0",,"4","0","0","4611686018427387920","747","Microsoft-Windows-OfflineFiles","95353826-4fbe-41d4-9c42-f521c6e86360","Microsoft-Windows-OfflineFiles/Operational","928","1076","rjaf-PC4429","S-1-5-18","12/25/2014 3:57:07 AM",,,"c:\users\mac_1\desktop\winevt\logs\microsoft-windows-offlinefiles%4operational.evtx","System.UInt32[]","System.Diagnostics.Eventing.Reader.EventBookmark","Information","Info",,"System.Collections.ObjectModel.ReadOnlyCollection`1[System.String]","System.Collections.Generic.List`1[System.Diagnostics.Eventing.Reader.EventProperty]"
"User logoff detected
Account: RJAF-PC4429\rjaf
Session: 1","8","0",,"4","0","0","4611686018427387912","746","Microsoft-Windows-OfflineFiles","95353826-4fbe-41d4-9c42-f521c6e86360","Microsoft-Windows-OfflineFiles/Operational","944","700","rjaf-PC4429","S-1-5-18","12/25/2014 1:16:11 AM",,,"c:\users\mac_1\desktop\winevt\logs\microsoft-windows-offlinefiles%4operational.evtx","System.UInt32[]","System.Diagnostics.Eventing.Reader.EventBookmark","Information","Info",,"System.Collections.ObjectModel.ReadOnlyCollection`1[System.String]","System.Collections.Generic.List`1[System.Diagnostics.Eventing.Reader.EventProperty]"
"User logon detected
Account: RJAF-PC4429\rjaf
Session: 1","7","0",,"4","0","0","4611686018427387912","745","Microsoft-Windows-OfflineFiles","95353826-4fbe-41d4-9c42-f521c6e86360","Microsoft-Windows-OfflineFiles/Operational","944","1092","rjaf-PC4429","S-1-5-18","12/24/2014 1:00:09 AM",,,"c:\users\mac_1\desktop\winevt\logs\microsoft-windows-offlinefiles%4operational.evtx","System.UInt32[]","System.Diagnostics.Eventing.Reader.EventBookmark","Information","Info",,"System.Collections.ObjectModel.ReadOnlyCollection`1[System.String]","System.Collections.Generic.List`1[System.Diagnostics.Eventing.Reader.EventProperty]"
"The Offline Files service started successfully.","1","0",,"4","0","0","4611686018427387920","744","Microsoft-Windows-OfflineFiles","95353826-4fbe-41d4-9c42-f521c6e86360","Microsoft-Windows-OfflineFiles/Operational","944","1060","rjaf-PC4429","S-1-5-18","12/24/2014 1:00:02 AM",,,"c:\users\mac_1\desktop\winevt\logs\microsoft-windows-offlinefiles%4operational.evtx","System.UInt32[]","System.Diagnostics.Eventing.Reader.EventBookmark","Information","Info",,"System.Collections.ObjectModel.ReadOnlyCollection`1[System.String]","System.Collections.Generic.List`1[System.Diagnostics.Eventing.Reader.EventProperty]"
"User logoff detected
Account: RJAF-PC4429\rjaf
Session: 1","8","0",,"4","0","0","4611686018427387912","743","Microsoft-Windows-OfflineFiles","95353826-4fbe-41d4-9c42-f521c6e86360","Microsoft-Windows-OfflineFiles/Operational","928","1136","rjaf-PC4429","S-1-5-18","12/24/2014 12:05:04 AM",,,"c:\users\mac_1\desktop\winevt\logs\microsoft-windows-offlinefiles%4operational.evtx","System.UInt32[]","System.Diagnostics.Eventing.Reader.EventBookmark","Information","Info",,"System.Collections.ObjectModel.ReadOnlyCollection`1[System.String]","System.Collections.Generic.List`1[System.Diagnostics.Eventing.Reader.EventProperty]"
"User logon detected
Account: RJAF-PC4429\rjaf
Session: 1","7","0",,"4","0","0","4611686018427387912","742","Microsoft-Windows-OfflineFiles","95353826-4fbe-41d4-9c42-f521c6e86360","Microsoft-Windows-OfflineFiles/Operational","928","1136","rjaf-PC4429","S-1-5-18","12/24/2014 12:04:08 AM",,,"c:\users\mac_1\desktop\winevt\logs\microsoft-windows-offlinefiles%4operational.evtx","System.UInt32[]","System.Diagnostics.Eventing.Reader.EventBookmark","Information","Info",,"System.Collections.ObjectModel.ReadOnlyCollection`1[System.String]","System.Collections.Generic.List`1[System.Diagnostics.Eventing.Reader.EventProperty]"
"The Offline Files service started successfully.","1","0",,"4","0","0","4611686018427387920","741","Microsoft-Windows-OfflineFiles","95353826-4fbe-41d4-9c42-f521c6e86360","Microsoft-Windows-OfflineFiles/Operational","928","1068","rjaf-PC4429","S-1-5-18","12/24/2014 12:03:44 AM",,,"c:\users\mac_1\desktop\winevt\logs\microsoft-windows-offlinefiles%4operational.evtx","System.UInt32[]","System.Diagnostics.Eventing.Reader.EventBookmark","Information","Info",,"System.Collections.ObjectModel.ReadOnlyCollection`1[System.String]","System.Collections.Generic.List`1[System.Diagnostics.Eventing.Reader.EventProperty]"
"User logoff detected
Account: RJAF-PC4429\rjaf
Session: 1","8","0",,"4","0","0","4611686018427387912","740","Microsoft-Windows-OfflineFiles","95353826-4fbe-41d4-9c42-f521c6e86360","Microsoft-Windows-OfflineFiles/Operational","932","1148","rjaf-PC4429","S-1-5-18","12/23/2014 11:59:34 PM",,,"c:\users\mac_1\desktop\winevt\logs\microsoft-windows-offlinefiles%4operational.evtx","System.UInt32[]","System.Diagnostics.Eventing.Reader.EventBookmark","Information","Info",,"System.Collections.ObjectModel.ReadOnlyCollection`1[System.String]","System.Collections.Generic.List`1[System.Diagnostics.Eventing.Reader.EventProperty]"
"User logon detected
Account: RJAF-PC4429\rjaf
Session: 1","7","0",,"4","0","0","4611686018427387912","739","Microsoft-Windows-OfflineFiles","95353826-4fbe-41d4-9c42-f521c6e86360","Microsoft-Windows-OfflineFiles/Operational","932","960","rjaf-PC4429","S-1-5-18","12/23/2014 11:56:32 PM",,,"c:\users\mac_1\desktop\winevt\logs\microsoft-windows-offlinefiles%4operational.evtx","System.UInt32[]","System.Diagnostics.Eventing.Reader.EventBookmark","Information","Info",,"System.Collections.ObjectModel.ReadOnlyCollection`1[System.String]","System.Collections.Generic.List`1[System.Diagnostics.Eventing.Reader.EventProperty]"
"The Offline Files service started successfully.","1","0",,"4","0","0","4611686018427387920","738","Microsoft-Windows-OfflineFiles","95353826-4fbe-41d4-9c42-f521c6e86360","Microsoft-Windows-OfflineFiles/Operational","932","1052","rjaf-PC4429","S-1-5-18","12/23/2014 11:56:04 PM",,,"c:\users\mac_1\desktop\winevt\logs\microsoft-windows-offlinefiles%4operational.evtx","System.UInt32[]","System.Diagnostics.Eventing.Reader.EventBookmark","Information","Info",,"System.Collections.ObjectModel.ReadOnlyCollection`1[System.String]","System.Collections.Generic.List`1[System.Diagnostics.Eventing.Reader.EventProperty]"
"User logoff detected
Account: RJAF-PC4429\rjaf
Session: 1","8","0",,"4","0","0","4611686018427387912","737","Microsoft-Windows-OfflineFiles","95353826-4fbe-41d4-9c42-f521c6e86360","Microsoft-Windows-OfflineFiles/Operational","940","4072","rjaf-PC4429","S-1-5-18","12/23/2014 3:05:01 PM",,,"c:\users\mac_1\desktop\winevt\logs\microsoft-windows-offlinefiles%4operational.evtx","System.UInt32[]","System.Diagnostics.Eventing.Reader.EventBookmark","Information","Info",,"System.Collections.ObjectModel.ReadOnlyCollection`1[System.String]","System.Collections.Generic.List`1[System.Diagnostics.Eventing.Reader.EventProperty]"
"User logon detected
Account: RJAF-PC4429\rjaf
Session: 1","7","0",,"4","0","0","4611686018427387912","736","Microsoft-Windows-OfflineFiles","95353826-4fbe-41d4-9c42-f521c6e86360","Microsoft-Windows-OfflineFiles/Operational","940","1140","rjaf-PC4429","S-1-5-18","12/23/2014 1:25:22 PM",,,"c:\users\mac_1\desktop\winevt\logs\microsoft-windows-offlinefiles%4operational.evtx","System.UInt32[]","System.Diagnostics.Eventing.Reader.EventBookmark","Information","Info",,"System.Collections.ObjectModel.ReadOnlyCollection`1[System.String]","System.Collections.Generic.List`1[System.Diagnostics.Eventing.Reader.EventProperty]"
"The Offline Files service started successfully.","1","0",,"4","0","0","4611686018427387920","735","Microsoft-Windows-OfflineFiles","95353826-4fbe-41d4-9c42-f521c6e86360","Microsoft-Windows-OfflineFiles/Operational","940","1040","rjaf-PC4429","S-1-5-18","12/23/2014 1:24:59 PM",,,"c:\users\mac_1\desktop\winevt\logs\microsoft-windows-offlinefiles%4operational.evtx","System.UInt32[]","System.Diagnostics.Eventing.Reader.EventBookmark","Information","Info",,"System.Collections.ObjectModel.ReadOnlyCollection`1[System.String]","System.Collections.Generic.List`1[System.Diagnostics.Eventing.Reader.EventProperty]"
"User logon detected
Account: RJAF-PC4429\rjaf
Session: 2","7","0",,"4","0","0","4611686018427387912","734","Microsoft-Windows-OfflineFiles","95353826-4fbe-41d4-9c42-f521c6e86360","Microsoft-Windows-OfflineFiles/Operational","932","1148","rjaf-PC4429","S-1-5-18","12/20/2014 10:20:42 AM",,,"c:\users\mac_1\desktop\winevt\logs\microsoft-windows-offlinefiles%4operational.evtx","System.UInt32[]","System.Diagnostics.Eventing.Reader.EventBookmark","Information","Info",,"System.Collections.ObjectModel.ReadOnlyCollection`1[System.String]","System.Collections.Generic.List`1[System.Diagnostics.Eventing.Reader.EventProperty]"
"User logoff detected
Account: RJAF-PC4429\rjaf
Session: 1","8","0",,"4","0","0","4611686018427387912","733","Microsoft-Windows-OfflineFiles","95353826-4fbe-41d4-9c42-f521c6e86360","Microsoft-Windows-OfflineFiles/Operational","932","1160","rjaf-PC4429","S-1-5-18","12/20/2014 7:17:20 AM",,,"c:\users\mac_1\desktop\winevt\logs\microsoft-windows-offlinefiles%4operational.evtx","System.UInt32[]","System.Diagnostics.Eventing.Reader.EventBookmark","Information","Info",,"System.Collections.ObjectModel.ReadOnlyCollection`1[System.String]","System.Collections.Generic.List`1[System.Diagnostics.Eventing.Reader.EventProperty]"
"User logon detected
Account: RJAF-PC4429\rjaf
Session: 1","7","0",,"4","0","0","4611686018427387912","732","Microsoft-Windows-OfflineFiles","95353826-4fbe-41d4-9c42-f521c6e86360","Microsoft-Windows-OfflineFiles/Operational","932","3656","rjaf-PC4429","S-1-5-18","12/20/2014 4:14:21 AM",,,"c:\users\mac_1\desktop\winevt\logs\microsoft-windows-offlinefiles%4operational.evtx","System.UInt32[]","System.Diagnostics.Eventing.Reader.EventBookmark","Information","Info",,"System.Collections.ObjectModel.ReadOnlyCollection`1[System.String]","System.Collections.Generic.List`1[System.Diagnostics.Eventing.Reader.EventProperty]"
"User logoff detected
Account: RJAF-PC4429\rjaf
Session: 2","8","0",,"4","0","0","4611686018427387912","731","Microsoft-Windows-OfflineFiles","95353826-4fbe-41d4-9c42-f521c6e86360","Microsoft-Windows-OfflineFiles/Operational","932","1148","rjaf-PC4429","S-1-5-18","12/20/2014 3:08:30 AM",,,"c:\users\mac_1\desktop\winevt\logs\microsoft-windows-offlinefiles%4operational.evtx","System.UInt32[]","System.Diagnostics.Eventing.Reader.EventBookmark","Information","Info",,"System.Collections.ObjectModel.ReadOnlyCollection`1[System.String]","System.Collections.Generic.List`1[System.Diagnostics.Eventing.Reader.EventProperty]"
"User logon detected
Account: RJAF-PC4429\rjaf
Session: 2","7","0",,"4","0","0","4611686018427387912","730","Microsoft-Windows-OfflineFiles","95353826-4fbe-41d4-9c42-f521c6e86360","Microsoft-Windows-OfflineFiles/Operational","932","4112","rjaf-PC4429","S-1-5-18","12/20/2014 2:43:33 AM",,,"c:\users\mac_1\desktop\winevt\logs\microsoft-windows-offlinefiles%4operational.evtx","System.UInt32[]","System.Diagnostics.Eventing.Reader.EventBookmark","Information","Info",,"System.Collections.ObjectModel.ReadOnlyCollection`1[System.String]","System.Collections.Generic.List`1[System.Diagnostics.Eventing.Reader.EventProperty]"
"User logoff detected
Account: RJAF-PC4429\rjaf
Session: 1","8","0",,"4","0","0","4611686018427387912","729","Microsoft-Windows-OfflineFiles","95353826-4fbe-41d4-9c42-f521c6e86360","Microsoft-Windows-OfflineFiles/Operational","932","1148","rjaf-PC4429","S-1-5-18","12/20/2014 12:31:31 AM",,,"c:\users\mac_1\desktop\winevt\logs\microsoft-windows-offlinefiles%4operational.evtx","System.UInt32[]","System.Diagnostics.Eventing.Reader.EventBookmark","Information","Info",,"System.Collections.ObjectModel.ReadOnlyCollection`1[System.String]","System.Collections.Generic.List`1[System.Diagnostics.Eventing.Reader.EventProperty]"
