"While transferring C:\Users\rjaf\AppData\Local\Temp\{904C4C04-5A0F-44E0-A146-42F231D3FE9A}-GoogleUpdateSetup.exe, BITS encountered error 0x80200013 using 10.10.1.1:8080 as the HTTP proxy server.  The web server or proxy server does not support an HTTP feature required by BITS.  This problem can only be corrected by the administrator of the web server or proxy server.  Details: {job: C:\Users\rjaf\AppData\Local\Temp\{904C4C04-5A0F-44E0-A146-42F231D3FE9A}-GoogleUpdateSetup.exe}, {owner: RJAF-PC4429\rjaf}, {jobId: {17177E26-9841-4C59-B38D-29C6ED00BFF3}}, {url: /edgedl/update2/1.3.27.5/GoogleUpdateSetup.exe?cms_redirect=yes&expire=1431983316&ip=82.212.98.4&ipbits=0&mm=28&mn=sn-q5h5h5m-5hhe&ms=nvh&mt=1431968362&mv=u&pl=23&shardbypass=yes&sparams=expire,ip,ipbits,mm,mn,ms,mv,pl,shardbypass&signature=827407B47F9C225E9DB82B68B6BFD7D7EFAE0932.033154B647FC447E62A73E925E389524FA3D4AAC&key=cms1}, {xferId: {A42BBF8A-A750-4D0B-8027-9A94D977C4C5}}, {proxyServer: 10.10.1.1:8080}, {hr: 0x80200013}, {urlContentLength: 931408}, {urlHttpVersion: HTTP/1.1}, {urlRange: }","202","0",,"2","0","0","4611686018427387904","10201","Microsoft-Windows-Bits-Client","ef1cc15b-46c1-414e-bb95-e76b077bd51e","Microsoft-Windows-Bits-Client/Operational","1500","1596","rjaf-PC4429","S-1-5-21-1634558665-2257203147-3060767804-1000","5/18/2015 10:07:56 AM","a42bbf8a-a750-4d0b-8027-9a94d977c4c5",,"c:\users\mac_1\desktop\winevt\logs\microsoft-windows-bits-client%4operational.evtx","System.UInt32[]","System.Diagnostics.Eventing.Reader.EventBookmark","Error","Info",,"System.Collections.ObjectModel.ReadOnlyCollection`1[System.String]","System.Collections.Generic.List`1[System.Diagnostics.Eventing.Reader.EventProperty]"
"The BITS service provided job credentials in response to the NEGOTIATE authentication challenge from the 10.10.1.1:8080 server for the C:\Users\rjaf\AppData\Local\Temp\{904C4C04-5A0F-44E0-A146-42F231D3FE9A}-GoogleUpdateSetup.exe transfer job that is associated with the following URL: /edgedl/update2/1.3.27.5/GoogleUpdateSetup.exe?cms_redirect=yes&expire=1431983316&ip=82.212.98.4&ipbits=0&mm=28&mn=sn-q5h5h5m-5hhe&ms=nvh&mt=1431968362&mv=u&pl=23&shardbypass=yes&sparams=expire,ip,ipbits,mm,mn,ms,mv,pl,shardbypass&signature=827407B47F9C225E9DB82B68B6BFD7D7EFAE0932.033154B647FC447E62A73E925E389524FA3D4AAC&key=cms1.
The credentials for the S-1-5-21-1634558665-2257203147-3060767804-1000 user were accepted.","203","1",,"4","0","0","4611686018427387904","10200","Microsoft-Windows-Bits-Client","ef1cc15b-46c1-414e-bb95-e76b077bd51e","Microsoft-Windows-Bits-Client/Operational","1500","1596","rjaf-PC4429","S-1-5-21-1634558665-2257203147-3060767804-1000","5/18/2015 10:07:54 AM",,,"c:\users\mac_1\desktop\winevt\logs\microsoft-windows-bits-client%4operational.evtx","System.UInt32[]","System.Diagnostics.Eventing.Reader.EventBookmark","Information","Info",,"System.Collections.ObjectModel.ReadOnlyCollection`1[System.String]","System.Collections.Generic.List`1[System.Diagnostics.Eventing.Reader.EventProperty]"
"BITS started the C:\Users\rjaf\AppData\Local\Temp\{904C4C04-5A0F-44E0-A146-42F231D3FE9A}-GoogleUpdateSetup.exe transfer job that is associated with the http://r2---sn-q5h5h5m-5hhe.c.pack.google.com/edgedl/update2/1.3.27.5/GoogleUpdateSetup.exe?cms_redirect=yes&expire=1431983316&ip=82.212.98.4&ipbits=0&mm=28&mn=sn-q5h5h5m-5hhe&ms=nvh&mt=1431968362&mv=u&pl=23&shardbypass=yes&sparams=expire,ip,ipbits,mm,mn,ms,mv,pl,shardbypass&signature=827407B47F9C225E9DB82B68B6BFD7D7EFAE0932.033154B647FC447E62A73E925E389524FA3D4AAC&key=cms1 URL.","59","1",,"4","0","1","4611686018427387904","10199","Microsoft-Windows-Bits-Client","ef1cc15b-46c1-414e-bb95-e76b077bd51e","Microsoft-Windows-Bits-Client/Operational","1500","1328","rjaf-PC4429","S-1-5-18","5/18/2015 10:07:54 AM","a42bbf8a-a750-4d0b-8027-9a94d977c4c5",,"c:\users\mac_1\desktop\winevt\logs\microsoft-windows-bits-client%4operational.evtx","System.UInt32[]","System.Diagnostics.Eventing.Reader.EventBookmark","Information","Start",,"System.Collections.ObjectModel.ReadOnlyCollection`1[System.String]","System.Collections.Generic.List`1[System.Diagnostics.Eventing.Reader.EventProperty]"
"The BITS service provided job credentials in response to the NEGOTIATE authentication challenge from the 10.10.1.1:8080 server for the C:\Users\rjaf\AppData\Local\Temp\{904C4C04-5A0F-44E0-A146-42F231D3FE9A}-GoogleUpdateSetup.exe transfer job that is associated with the following URL: /edgedl/update2/1.3.27.5/GoogleUpdateSetup.exe.
The credentials for the S-1-5-21-1634558665-2257203147-3060767804-1000 user were accepted.","203","1",,"4","0","0","4611686018427387904","10198","Microsoft-Windows-Bits-Client","ef1cc15b-46c1-414e-bb95-e76b077bd51e","Microsoft-Windows-Bits-Client/Operational","1500","4660","rjaf-PC4429","S-1-5-21-1634558665-2257203147-3060767804-1000","5/18/2015 10:07:53 AM",,,"c:\users\mac_1\desktop\winevt\logs\microsoft-windows-bits-client%4operational.evtx","System.UInt32[]","System.Diagnostics.Eventing.Reader.EventBookmark","Information","Info",,"System.Collections.ObjectModel.ReadOnlyCollection`1[System.String]","System.Collections.Generic.List`1[System.Diagnostics.Eventing.Reader.EventProperty]"
"The BITS service created a new job: C:\Users\rjaf\AppData\Local\Temp\{904C4C04-5A0F-44E0-A146-42F231D3FE9A}-GoogleUpdateSetup.exe, with owner RJAF-PC4429\rjaf","3","0",,"4","0","0","4611686018427387904","10197","Microsoft-Windows-Bits-Client","ef1cc15b-46c1-414e-bb95-e76b077bd51e","Microsoft-Windows-Bits-Client/Operational","1500","5540","rjaf-PC4429","S-1-5-18","5/18/2015 10:07:53 AM",,,"c:\users\mac_1\desktop\winevt\logs\microsoft-windows-bits-client%4operational.evtx","System.UInt32[]","System.Diagnostics.Eventing.Reader.EventBookmark","Information","Info",,"System.Collections.ObjectModel.ReadOnlyCollection`1[System.String]","System.Collections.Generic.List`1[System.Diagnostics.Eventing.Reader.EventProperty]"
"Job cancelled. User: RJAF-PC4429\rjaf, job: {AC76BA86-7AD7-1033-7B44-A95000000001}, jobID: {E3591B9C-E121-4654-BEF1-9C44B735AE4B}, owner: RJAF-PC4429\rjaf, filecount: 1","5","0",,"4","0","0","4611686018427387904","10196","Microsoft-Windows-Bits-Client","ef1cc15b-46c1-414e-bb95-e76b077bd51e","Microsoft-Windows-Bits-Client/Operational","1500","3444","rjaf-PC4429","S-1-5-21-1634558665-2257203147-3060767804-1000","5/18/2015 10:03:58 AM",,,"c:\users\mac_1\desktop\winevt\logs\microsoft-windows-bits-client%4operational.evtx","System.UInt32[]","System.Diagnostics.Eventing.Reader.EventBookmark","Information","Info",,"System.Collections.ObjectModel.ReadOnlyCollection`1[System.String]","System.Collections.Generic.List`1[System.Diagnostics.Eventing.Reader.EventProperty]"
"The BITS service provided job credentials in response to the UNIDENTIFIED authentication challenge from the 10.10.1.1:8080 server for the {AC76BA86-7AD7-1033-7B44-A95000000001} transfer job that is associated with the following URL: /arm-manifests/win/Reader9Manifest.msi.
 The credentials for the S-1-5-21-1634558665-2257203147-3060767804-1000 user were rejected.","204","1",,"2","0","0","4611686018427387904","10195","Microsoft-Windows-Bits-Client","ef1cc15b-46c1-414e-bb95-e76b077bd51e","Microsoft-Windows-Bits-Client/Operational","1500","3444","rjaf-PC4429","S-1-5-21-1634558665-2257203147-3060767804-1000","5/18/2015 10:03:58 AM",,,"c:\users\mac_1\desktop\winevt\logs\microsoft-windows-bits-client%4operational.evtx","System.UInt32[]","System.Diagnostics.Eventing.Reader.EventBookmark","Error","Info",,"System.Collections.ObjectModel.ReadOnlyCollection`1[System.String]","System.Collections.Generic.List`1[System.Diagnostics.Eventing.Reader.EventProperty]"
"The BITS service created a new job: {AC76BA86-7AD7-1033-7B44-A95000000001}, with owner RJAF-PC4429\rjaf","3","0",,"4","0","0","4611686018427387904","10194","Microsoft-Windows-Bits-Client","ef1cc15b-46c1-414e-bb95-e76b077bd51e","Microsoft-Windows-Bits-Client/Operational","1500","3444","rjaf-PC4429","S-1-5-18","5/18/2015 10:03:51 AM",,,"c:\users\mac_1\desktop\winevt\logs\microsoft-windows-bits-client%4operational.evtx","System.UInt32[]","System.Diagnostics.Eventing.Reader.EventBookmark","Information","Info",,"System.Collections.ObjectModel.ReadOnlyCollection`1[System.String]","System.Collections.Generic.List`1[System.Diagnostics.Eventing.Reader.EventProperty]"
"The BITS service loaded the job list from disk.","306","0",,"5","0","0","4611686018427387904","10193","Microsoft-Windows-Bits-Client","ef1cc15b-46c1-414e-bb95-e76b077bd51e","Microsoft-Windows-Bits-Client/Operational","1500","3240","rjaf-PC4429","S-1-5-18","5/18/2015 10:03:48 AM",,,"c:\users\mac_1\desktop\winevt\logs\microsoft-windows-bits-client%4operational.evtx","System.UInt32[]","System.Diagnostics.Eventing.Reader.EventBookmark","Verbose","Info",,"System.Collections.ObjectModel.ReadOnlyCollection`1[System.String]","System.Collections.Generic.List`1[System.Diagnostics.Eventing.Reader.EventProperty]"
"Job cancelled. User: RJAF-PC4429\rjaf, job: C:\Users\rjaf\AppData\Local\Temp\{E2AEDD6B-B3CC-4EF9-AD62-E30315FEB99E}-42.0.2311.152_42.0.2311.135_chrome_updater.exe, jobID: {D9956C78-DA13-434F-9F53-7D9166C31F8A}, owner: RJAF-PC4429\rjaf, filecount: 1","5","0",,"4","0","0","4611686018427387904","10192","Microsoft-Windows-Bits-Client","ef1cc15b-46c1-414e-bb95-e76b077bd51e","Microsoft-Windows-Bits-Client/Operational","996","2544","rjaf-PC4429","S-1-5-21-1634558665-2257203147-3060767804-1000","5/17/2015 8:07:53 AM",,,"c:\users\mac_1\desktop\winevt\logs\microsoft-windows-bits-client%4operational.evtx","System.UInt32[]","System.Diagnostics.Eventing.Reader.EventBookmark","Information","Info",,"System.Collections.ObjectModel.ReadOnlyCollection`1[System.String]","System.Collections.Generic.List`1[System.Diagnostics.Eventing.Reader.EventProperty]"
"BITS stopped transferring the C:\Users\rjaf\AppData\Local\Temp\{E2AEDD6B-B3CC-4EF9-AD62-E30315FEB99E}-42.0.2311.152_42.0.2311.135_chrome_updater.exe transfer job that is associated with the http://r3---sn-q5h5h5m-5hhe.gvt1.com/E569F289-88A3-44E2-A082-6196894F0E69/ForceRequestingFullContent/E569F289-88A3-44E2-A082-6196894F0E69/edgedl/chrome/win/42.0.2311.152_42.0.2311.135_chrome_updater.exe?cms_redirect=yes&expire=1431889698&ip=82.212.98.4&ipbits=0&mm=28&mn=sn-q5h5h5m-5hhe&ms=nvh&mt=1431875243&mv=u&pl=23&shardbypass=yes&sparams=expire,ip,ipbits,mm,mn,ms,mv,pl,shardbypass&signature=6CF3F41E20C8A8362E96B90F85BC2EBB397178CE.50FDD6F25D078CE8B3DEE85C5B366039559D33DD&key=cms1 URL. The status code is 0x80200013.","61","1",,"3","0","2","4611686018427387904","10191","Microsoft-Windows-Bits-Client","ef1cc15b-46c1-414e-bb95-e76b077bd51e","Microsoft-Windows-Bits-Client/Operational","996","2544","rjaf-PC4429","S-1-5-18","5/17/2015 8:07:53 AM","69a25a98-c9df-4a65-a54a-deead431d44e",,"c:\users\mac_1\desktop\winevt\logs\microsoft-windows-bits-client%4operational.evtx","System.UInt32[]","System.Diagnostics.Eventing.Reader.EventBookmark","Warning","Stop",,"System.Collections.ObjectModel.ReadOnlyCollection`1[System.String]","System.Collections.Generic.List`1[System.Diagnostics.Eventing.Reader.EventProperty]"
"While transferring C:\Users\rjaf\AppData\Local\Temp\{E2AEDD6B-B3CC-4EF9-AD62-E30315FEB99E}-42.0.2311.152_42.0.2311.135_chrome_updater.exe, BITS encountered error 0x80200013 using 10.10.1.1:8080 as the HTTP proxy server.  The web server or proxy server does not support an HTTP feature required by BITS.  This problem can only be corrected by the administrator of the web server or proxy server.  Details: {job: C:\Users\rjaf\AppData\Local\Temp\{E2AEDD6B-B3CC-4EF9-AD62-E30315FEB99E}-42.0.2311.152_42.0.2311.135_chrome_updater.exe}, {owner: RJAF-PC4429\rjaf}, {jobId: {D9956C78-DA13-434F-9F53-7D9166C31F8A}}, {url: /E569F289-88A3-44E2-A082-6196894F0E69/ForceRequestingFullContent/E569F289-88A3-44E2-A082-6196894F0E69/edgedl/chrome/win/42.0.2311.152_42.0.2311.135_chrome_updater.exe?cms_redirect=yes&expire=1431889698&ip=82.212.98.4&ipbits=0&mm=28&mn=sn-q5h5h5m-5hhe&ms=nvh&mt=1431875243&mv=u&pl=23&shardbypass=yes&sparams=expire,ip,ipbits,mm,mn,ms,mv,pl,shardbypass&signature=6CF3F41E20C8A8362E96B90F85BC2EBB397178CE.50FDD6F25D078CE8B3DEE85C5B366039559D33DD&key=cms1}, {xferId: {69A25A98-C9DF-4A65-A54A-DEEAD431D44E}}, {proxyServer: 10.10.1.1:8080}, {hr: 0x80200013}, {urlContentLength: 1044048}, {urlHttpVersion: HTTP/1.1}, {urlRange: }","202","0",,"2","0","0","4611686018427387904","10190","Microsoft-Windows-Bits-Client","ef1cc15b-46c1-414e-bb95-e76b077bd51e","Microsoft-Windows-Bits-Client/Operational","996","3960","rjaf-PC4429","S-1-5-21-1634558665-2257203147-3060767804-1000","5/17/2015 8:07:53 AM","69a25a98-c9df-4a65-a54a-deead431d44e",,"c:\users\mac_1\desktop\winevt\logs\microsoft-windows-bits-client%4operational.evtx","System.UInt32[]","System.Diagnostics.Eventing.Reader.EventBookmark","Error","Info",,"System.Collections.ObjectModel.ReadOnlyCollection`1[System.String]","System.Collections.Generic.List`1[System.Diagnostics.Eventing.Reader.EventProperty]"
"The BITS service provided job credentials in response to the NEGOTIATE authentication challenge from the 10.10.1.1:8080 server for the C:\Users\rjaf\AppData\Local\Temp\{E2AEDD6B-B3CC-4EF9-AD62-E30315FEB99E}-42.0.2311.152_42.0.2311.135_chrome_updater.exe transfer job that is associated with the following URL: /E569F289-88A3-44E2-A082-6196894F0E69/ForceRequestingFullContent/E569F289-88A3-44E2-A082-6196894F0E69/edgedl/chrome/win/42.0.2311.152_42.0.2311.135_chrome_updater.exe?cms_redirect=yes&expire=1431889698&ip=82.212.98.4&ipbits=0&mm=28&mn=sn-q5h5h5m-5hhe&ms=nvh&mt=1431875243&mv=u&pl=23&shardbypass=yes&sparams=expire,ip,ipbits,mm,mn,ms,mv,pl,shardbypass&signature=6CF3F41E20C8A8362E96B90F85BC2EBB397178CE.50FDD6F25D078CE8B3DEE85C5B366039559D33DD&key=cms1.
The credentials for the S-1-5-21-1634558665-2257203147-3060767804-1000 user were accepted.","203","1",,"4","0","0","4611686018427387904","10189","Microsoft-Windows-Bits-Client","ef1cc15b-46c1-414e-bb95-e76b077bd51e","Microsoft-Windows-Bits-Client/Operational","996","2544","rjaf-PC4429","S-1-5-21-1634558665-2257203147-3060767804-1000","5/17/2015 8:07:52 AM",,,"c:\users\mac_1\desktop\winevt\logs\microsoft-windows-bits-client%4operational.evtx","System.UInt32[]","System.Diagnostics.Eventing.Reader.EventBookmark","Information","Info",,"System.Collections.ObjectModel.ReadOnlyCollection`1[System.String]","System.Collections.Generic.List`1[System.Diagnostics.Eventing.Reader.EventProperty]"
"BITS started the C:\Users\rjaf\AppData\Local\Temp\{E2AEDD6B-B3CC-4EF9-AD62-E30315FEB99E}-42.0.2311.152_42.0.2311.135_chrome_updater.exe transfer job that is associated with the http://r3---sn-q5h5h5m-5hhe.gvt1.com/E569F289-88A3-44E2-A082-6196894F0E69/ForceRequestingFullContent/E569F289-88A3-44E2-A082-6196894F0E69/edgedl/chrome/win/42.0.2311.152_42.0.2311.135_chrome_updater.exe?cms_redirect=yes&expire=1431889698&ip=82.212.98.4&ipbits=0&mm=28&mn=sn-q5h5h5m-5hhe&ms=nvh&mt=1431875243&mv=u&pl=23&shardbypass=yes&sparams=expire,ip,ipbits,mm,mn,ms,mv,pl,shardbypass&signature=6CF3F41E20C8A8362E96B90F85BC2EBB397178CE.50FDD6F25D078CE8B3DEE85C5B366039559D33DD&key=cms1 URL.","59","1",,"4","0","1","4611686018427387904","10188","Microsoft-Windows-Bits-Client","ef1cc15b-46c1-414e-bb95-e76b077bd51e","Microsoft-Windows-Bits-Client/Operational","996","3432","rjaf-PC4429","S-1-5-18","5/17/2015 8:07:39 AM","69a25a98-c9df-4a65-a54a-deead431d44e",,"c:\users\mac_1\desktop\winevt\logs\microsoft-windows-bits-client%4operational.evtx","System.UInt32[]","System.Diagnostics.Eventing.Reader.EventBookmark","Information","Start",,"System.Collections.ObjectModel.ReadOnlyCollection`1[System.String]","System.Collections.Generic.List`1[System.Diagnostics.Eventing.Reader.EventProperty]"
"BITS stopped transferring the C:\Users\rjaf\AppData\Local\Temp\{E2AEDD6B-B3CC-4EF9-AD62-E30315FEB99E}-42.0.2311.152_42.0.2311.135_chrome_updater.exe transfer job that is associated with the http://r3---sn-q5h5h5m-5hhe.gvt1.com/E569F289-88A3-44E2-A082-6196894F0E69/ForceRequestingFullContent/E569F289-88A3-44E2-A082-6196894F0E69/edgedl/chrome/win/42.0.2311.152_42.0.2311.135_chrome_updater.exe?cms_redirect=yes&expire=1431889698&ip=82.212.98.4&ipbits=0&mm=28&mn=sn-q5h5h5m-5hhe&ms=nvh&mt=1431875243&mv=u&pl=23&shardbypass=yes&sparams=expire,ip,ipbits,mm,mn,ms,mv,pl,shardbypass&signature=6CF3F41E20C8A8362E96B90F85BC2EBB397178CE.50FDD6F25D078CE8B3DEE85C5B366039559D33DD&key=cms1 URL. The status code is 0x80200013.","61","1",,"3","0","2","4611686018427387904","10187","Microsoft-Windows-Bits-Client","ef1cc15b-46c1-414e-bb95-e76b077bd51e","Microsoft-Windows-Bits-Client/Operational","996","2544","rjaf-PC4429","S-1-5-18","5/17/2015 8:07:39 AM","a472043b-c054-4958-ad5c-92a43bdd3568",,"c:\users\mac_1\desktop\winevt\logs\microsoft-windows-bits-client%4operational.evtx","System.UInt32[]","System.Diagnostics.Eventing.Reader.EventBookmark","Warning","Stop",,"System.Collections.ObjectModel.ReadOnlyCollection`1[System.String]","System.Collections.Generic.List`1[System.Diagnostics.Eventing.Reader.EventProperty]"
"While transferring C:\Users\rjaf\AppData\Local\Temp\{E2AEDD6B-B3CC-4EF9-AD62-E30315FEB99E}-42.0.2311.152_42.0.2311.135_chrome_updater.exe, BITS encountered error 0x80200013 using 10.10.1.1:8080 as the HTTP proxy server.  The web server or proxy server does not support an HTTP feature required by BITS.  This problem can only be corrected by the administrator of the web server or proxy server.  Details: {job: C:\Users\rjaf\AppData\Local\Temp\{E2AEDD6B-B3CC-4EF9-AD62-E30315FEB99E}-42.0.2311.152_42.0.2311.135_chrome_updater.exe}, {owner: RJAF-PC4429\rjaf}, {jobId: {D9956C78-DA13-434F-9F53-7D9166C31F8A}}, {url: /E569F289-88A3-44E2-A082-6196894F0E69/ForceRequestingFullContent/E569F289-88A3-44E2-A082-6196894F0E69/edgedl/chrome/win/42.0.2311.152_42.0.2311.135_chrome_updater.exe?cms_redirect=yes&expire=1431889698&ip=82.212.98.4&ipbits=0&mm=28&mn=sn-q5h5h5m-5hhe&ms=nvh&mt=1431875243&mv=u&pl=23&shardbypass=yes&sparams=expire,ip,ipbits,mm,mn,ms,mv,pl,shardbypass&signature=6CF3F41E20C8A8362E96B90F85BC2EBB397178CE.50FDD6F25D078CE8B3DEE85C5B366039559D33DD&key=cms1}, {xferId: {A472043B-C054-4958-AD5C-92A43BDD3568}}, {proxyServer: 10.10.1.1:8080}, {hr: 0x80200013}, {urlContentLength: 1044048}, {urlHttpVersion: HTTP/1.1}, {urlRange: }","202","0",,"2","0","0","4611686018427387904","10186","Microsoft-Windows-Bits-Client","ef1cc15b-46c1-414e-bb95-e76b077bd51e","Microsoft-Windows-Bits-Client/Operational","996","3960","rjaf-PC4429","S-1-5-21-1634558665-2257203147-3060767804-1000","5/17/2015 8:07:39 AM","a472043b-c054-4958-ad5c-92a43bdd3568",,"c:\users\mac_1\desktop\winevt\logs\microsoft-windows-bits-client%4operational.evtx","System.UInt32[]","System.Diagnostics.Eventing.Reader.EventBookmark","Error","Info",,"System.Collections.ObjectModel.ReadOnlyCollection`1[System.String]","System.Collections.Generic.List`1[System.Diagnostics.Eventing.Reader.EventProperty]"
"The BITS service provided job credentials in response to the NEGOTIATE authentication challenge from the 10.10.1.1:8080 server for the C:\Users\rjaf\AppData\Local\Temp\{E2AEDD6B-B3CC-4EF9-AD62-E30315FEB99E}-42.0.2311.152_42.0.2311.135_chrome_updater.exe transfer job that is associated with the following URL: /E569F289-88A3-44E2-A082-6196894F0E69/ForceRequestingFullContent/E569F289-88A3-44E2-A082-6196894F0E69/edgedl/chrome/win/42.0.2311.152_42.0.2311.135_chrome_updater.exe?cms_redirect=yes&expire=1431889698&ip=82.212.98.4&ipbits=0&mm=28&mn=sn-q5h5h5m-5hhe&ms=nvh&mt=1431875243&mv=u&pl=23&shardbypass=yes&sparams=expire,ip,ipbits,mm,mn,ms,mv,pl,shardbypass&signature=6CF3F41E20C8A8362E96B90F85BC2EBB397178CE.50FDD6F25D078CE8B3DEE85C5B366039559D33DD&key=cms1.
The credentials for the S-1-5-21-1634558665-2257203147-3060767804-1000 user were accepted.","203","1",,"4","0","0","4611686018427387904","10185","Microsoft-Windows-Bits-Client","ef1cc15b-46c1-414e-bb95-e76b077bd51e","Microsoft-Windows-Bits-Client/Operational","996","3960","rjaf-PC4429","S-1-5-21-1634558665-2257203147-3060767804-1000","5/17/2015 8:07:38 AM",,,"c:\users\mac_1\desktop\winevt\logs\microsoft-windows-bits-client%4operational.evtx","System.UInt32[]","System.Diagnostics.Eventing.Reader.EventBookmark","Information","Info",,"System.Collections.ObjectModel.ReadOnlyCollection`1[System.String]","System.Collections.Generic.List`1[System.Diagnostics.Eventing.Reader.EventProperty]"
"BITS started the C:\Users\rjaf\AppData\Local\Temp\{E2AEDD6B-B3CC-4EF9-AD62-E30315FEB99E}-42.0.2311.152_42.0.2311.135_chrome_updater.exe transfer job that is associated with the http://r3---sn-q5h5h5m-5hhe.gvt1.com/E569F289-88A3-44E2-A082-6196894F0E69/ForceRequestingFullContent/E569F289-88A3-44E2-A082-6196894F0E69/edgedl/chrome/win/42.0.2311.152_42.0.2311.135_chrome_updater.exe?cms_redirect=yes&expire=1431889698&ip=82.212.98.4&ipbits=0&mm=28&mn=sn-q5h5h5m-5hhe&ms=nvh&mt=1431875243&mv=u&pl=23&shardbypass=yes&sparams=expire,ip,ipbits,mm,mn,ms,mv,pl,shardbypass&signature=6CF3F41E20C8A8362E96B90F85BC2EBB397178CE.50FDD6F25D078CE8B3DEE85C5B366039559D33DD&key=cms1 URL.","59","1",,"4","0","1","4611686018427387904","10184","Microsoft-Windows-Bits-Client","ef1cc15b-46c1-414e-bb95-e76b077bd51e","Microsoft-Windows-Bits-Client/Operational","996","3432","rjaf-PC4429","S-1-5-18","5/17/2015 8:07:38 AM","a472043b-c054-4958-ad5c-92a43bdd3568",,"c:\users\mac_1\desktop\winevt\logs\microsoft-windows-bits-client%4operational.evtx","System.UInt32[]","System.Diagnostics.Eventing.Reader.EventBookmark","Information","Start",,"System.Collections.ObjectModel.ReadOnlyCollection`1[System.String]","System.Collections.Generic.List`1[System.Diagnostics.Eventing.Reader.EventProperty]"
"BITS stopped transferring the C:\Users\rjaf\AppData\Local\Temp\{E2AEDD6B-B3CC-4EF9-AD62-E30315FEB99E}-42.0.2311.152_42.0.2311.135_chrome_updater.exe transfer job that is associated with the http://r3---sn-q5h5h5m-5hhe.gvt1.com/E569F289-88A3-44E2-A082-6196894F0E69/ForceRequestingFullContent/E569F289-88A3-44E2-A082-6196894F0E69/edgedl/chrome/win/42.0.2311.152_42.0.2311.135_chrome_updater.exe?cms_redirect=yes&expire=1431889698&ip=82.212.98.4&ipbits=0&mm=28&mn=sn-q5h5h5m-5hhe&ms=nvh&mt=1431875243&mv=u&pl=23&shardbypass=yes&sparams=expire,ip,ipbits,mm,mn,ms,mv,pl,shardbypass&signature=6CF3F41E20C8A8362E96B90F85BC2EBB397178CE.50FDD6F25D078CE8B3DEE85C5B366039559D33DD&key=cms1 URL. The status code is 0x80200013.","61","1",,"3","0","2","4611686018427387904","10183","Microsoft-Windows-Bits-Client","ef1cc15b-46c1-414e-bb95-e76b077bd51e","Microsoft-Windows-Bits-Client/Operational","996","1344","rjaf-PC4429","S-1-5-18","5/17/2015 8:07:38 AM","c419f655-5901-4a89-8a7a-80da3989b79f",,"c:\users\mac_1\desktop\winevt\logs\microsoft-windows-bits-client%4operational.evtx","System.UInt32[]","System.Diagnostics.Eventing.Reader.EventBookmark","Warning","Stop",,"System.Collections.ObjectModel.ReadOnlyCollection`1[System.String]","System.Collections.Generic.List`1[System.Diagnostics.Eventing.Reader.EventProperty]"
"While transferring C:\Users\rjaf\AppData\Local\Temp\{E2AEDD6B-B3CC-4EF9-AD62-E30315FEB99E}-42.0.2311.152_42.0.2311.135_chrome_updater.exe, BITS encountered error 0x80200013 using 10.10.1.1:8080 as the HTTP proxy server.  The web server or proxy server does not support an HTTP feature required by BITS.  This problem can only be corrected by the administrator of the web server or proxy server.  Details: {job: C:\Users\rjaf\AppData\Local\Temp\{E2AEDD6B-B3CC-4EF9-AD62-E30315FEB99E}-42.0.2311.152_42.0.2311.135_chrome_updater.exe}, {owner: RJAF-PC4429\rjaf}, {jobId: {D9956C78-DA13-434F-9F53-7D9166C31F8A}}, {url: /E569F289-88A3-44E2-A082-6196894F0E69/ForceRequestingFullContent/E569F289-88A3-44E2-A082-6196894F0E69/edgedl/chrome/win/42.0.2311.152_42.0.2311.135_chrome_updater.exe?cms_redirect=yes&expire=1431889698&ip=82.212.98.4&ipbits=0&mm=28&mn=sn-q5h5h5m-5hhe&ms=nvh&mt=1431875243&mv=u&pl=23&shardbypass=yes&sparams=expire,ip,ipbits,mm,mn,ms,mv,pl,shardbypass&signature=6CF3F41E20C8A8362E96B90F85BC2EBB397178CE.50FDD6F25D078CE8B3DEE85C5B366039559D33DD&key=cms1}, {xferId: {C419F655-5901-4A89-8A7A-80DA3989B79F}}, {proxyServer: 10.10.1.1:8080}, {hr: 0x80200013}, {urlContentLength: 1044048}, {urlHttpVersion: HTTP/1.1}, {urlRange: }","202","0",,"2","0","0","4611686018427387904","10182","Microsoft-Windows-Bits-Client","ef1cc15b-46c1-414e-bb95-e76b077bd51e","Microsoft-Windows-Bits-Client/Operational","996","2544","rjaf-PC4429","S-1-5-21-1634558665-2257203147-3060767804-1000","5/17/2015 8:07:38 AM","c419f655-5901-4a89-8a7a-80da3989b79f",,"c:\users\mac_1\desktop\winevt\logs\microsoft-windows-bits-client%4operational.evtx","System.UInt32[]","System.Diagnostics.Eventing.Reader.EventBookmark","Error","Info",,"System.Collections.ObjectModel.ReadOnlyCollection`1[System.String]","System.Collections.Generic.List`1[System.Diagnostics.Eventing.Reader.EventProperty]"
"The BITS service provided job credentials in response to the NEGOTIATE authentication challenge from the 10.10.1.1:8080 server for the C:\Users\rjaf\AppData\Local\Temp\{E2AEDD6B-B3CC-4EF9-AD62-E30315FEB99E}-42.0.2311.152_42.0.2311.135_chrome_updater.exe transfer job that is associated with the following URL: /E569F289-88A3-44E2-A082-6196894F0E69/ForceRequestingFullContent/E569F289-88A3-44E2-A082-6196894F0E69/edgedl/chrome/win/42.0.2311.152_42.0.2311.135_chrome_updater.exe?cms_redirect=yes&expire=1431889698&ip=82.212.98.4&ipbits=0&mm=28&mn=sn-q5h5h5m-5hhe&ms=nvh&mt=1431875243&mv=u&pl=23&shardbypass=yes&sparams=expire,ip,ipbits,mm,mn,ms,mv,pl,shardbypass&signature=6CF3F41E20C8A8362E96B90F85BC2EBB397178CE.50FDD6F25D078CE8B3DEE85C5B366039559D33DD&key=cms1.
The credentials for the S-1-5-21-1634558665-2257203147-3060767804-1000 user were accepted.","203","1",,"4","0","0","4611686018427387904","10181","Microsoft-Windows-Bits-Client","ef1cc15b-46c1-414e-bb95-e76b077bd51e","Microsoft-Windows-Bits-Client/Operational","996","1344","rjaf-PC4429","S-1-5-21-1634558665-2257203147-3060767804-1000","5/17/2015 8:07:38 AM",,,"c:\users\mac_1\desktop\winevt\logs\microsoft-windows-bits-client%4operational.evtx","System.UInt32[]","System.Diagnostics.Eventing.Reader.EventBookmark","Information","Info",,"System.Collections.ObjectModel.ReadOnlyCollection`1[System.String]","System.Collections.Generic.List`1[System.Diagnostics.Eventing.Reader.EventProperty]"
"BITS started the C:\Users\rjaf\AppData\Local\Temp\{E2AEDD6B-B3CC-4EF9-AD62-E30315FEB99E}-42.0.2311.152_42.0.2311.135_chrome_updater.exe transfer job that is associated with the http://r3---sn-q5h5h5m-5hhe.gvt1.com/E569F289-88A3-44E2-A082-6196894F0E69/ForceRequestingFullContent/E569F289-88A3-44E2-A082-6196894F0E69/edgedl/chrome/win/42.0.2311.152_42.0.2311.135_chrome_updater.exe?cms_redirect=yes&expire=1431889698&ip=82.212.98.4&ipbits=0&mm=28&mn=sn-q5h5h5m-5hhe&ms=nvh&mt=1431875243&mv=u&pl=23&shardbypass=yes&sparams=expire,ip,ipbits,mm,mn,ms,mv,pl,shardbypass&signature=6CF3F41E20C8A8362E96B90F85BC2EBB397178CE.50FDD6F25D078CE8B3DEE85C5B366039559D33DD&key=cms1 URL.","59","1",,"4","0","1","4611686018427387904","10180","Microsoft-Windows-Bits-Client","ef1cc15b-46c1-414e-bb95-e76b077bd51e","Microsoft-Windows-Bits-Client/Operational","996","3432","rjaf-PC4429","S-1-5-18","5/17/2015 8:07:37 AM","c419f655-5901-4a89-8a7a-80da3989b79f",,"c:\users\mac_1\desktop\winevt\logs\microsoft-windows-bits-client%4operational.evtx","System.UInt32[]","System.Diagnostics.Eventing.Reader.EventBookmark","Information","Start",,"System.Collections.ObjectModel.ReadOnlyCollection`1[System.String]","System.Collections.Generic.List`1[System.Diagnostics.Eventing.Reader.EventProperty]"
"BITS stopped transferring the C:\Users\rjaf\AppData\Local\Temp\{E2AEDD6B-B3CC-4EF9-AD62-E30315FEB99E}-42.0.2311.152_42.0.2311.135_chrome_updater.exe transfer job that is associated with the http://r3---sn-q5h5h5m-5hhe.gvt1.com/E569F289-88A3-44E2-A082-6196894F0E69/ForceRequestingFullContent/E569F289-88A3-44E2-A082-6196894F0E69/edgedl/chrome/win/42.0.2311.152_42.0.2311.135_chrome_updater.exe?cms_redirect=yes&expire=1431889698&ip=82.212.98.4&ipbits=0&mm=28&mn=sn-q5h5h5m-5hhe&ms=nvh&mt=1431875243&mv=u&pl=23&shardbypass=yes&sparams=expire,ip,ipbits,mm,mn,ms,mv,pl,shardbypass&signature=6CF3F41E20C8A8362E96B90F85BC2EBB397178CE.50FDD6F25D078CE8B3DEE85C5B366039559D33DD&key=cms1 URL. The status code is 0x80200013.","61","1",,"3","0","2","4611686018427387904","10179","Microsoft-Windows-Bits-Client","ef1cc15b-46c1-414e-bb95-e76b077bd51e","Microsoft-Windows-Bits-Client/Operational","996","1344","rjaf-PC4429","S-1-5-18","5/17/2015 8:07:37 AM","260e9f6a-7133-476b-97e7-111acfafc538",,"c:\users\mac_1\desktop\winevt\logs\microsoft-windows-bits-client%4operational.evtx","System.UInt32[]","System.Diagnostics.Eventing.Reader.EventBookmark","Warning","Stop",,"System.Collections.ObjectModel.ReadOnlyCollection`1[System.String]","System.Collections.Generic.List`1[System.Diagnostics.Eventing.Reader.EventProperty]"
"While transferring C:\Users\rjaf\AppData\Local\Temp\{E2AEDD6B-B3CC-4EF9-AD62-E30315FEB99E}-42.0.2311.152_42.0.2311.135_chrome_updater.exe, BITS encountered error 0x80200013 using 10.10.1.1:8080 as the HTTP proxy server.  The web server or proxy server does not support an HTTP feature required by BITS.  This problem can only be corrected by the administrator of the web server or proxy server.  Details: {job: C:\Users\rjaf\AppData\Local\Temp\{E2AEDD6B-B3CC-4EF9-AD62-E30315FEB99E}-42.0.2311.152_42.0.2311.135_chrome_updater.exe}, {owner: RJAF-PC4429\rjaf}, {jobId: {D9956C78-DA13-434F-9F53-7D9166C31F8A}}, {url: /edgedl/chrome/win/42.0.2311.152_42.0.2311.135_chrome_updater.exe?cms_redirect=yes&expire=1431889698&ip=82.212.98.4&ipbits=0&mm=28&mn=sn-q5h5h5m-5hhe&ms=nvh&mt=1431875243&mv=u&pl=23&shardbypass=yes&sparams=expire,ip,ipbits,mm,mn,ms,mv,pl,shardbypass&signature=6CF3F41E20C8A8362E96B90F85BC2EBB397178CE.50FDD6F25D078CE8B3DEE85C5B366039559D33DD&key=cms1}, {xferId: {260E9F6A-7133-476B-97E7-111ACFAFC538}}, {proxyServer: 10.10.1.1:8080}, {hr: 0x80200013}, {urlContentLength: 1044048}, {urlHttpVersion: HTTP/1.1}, {urlRange: }","202","0",,"2","0","0","4611686018427387904","10178","Microsoft-Windows-Bits-Client","ef1cc15b-46c1-414e-bb95-e76b077bd51e","Microsoft-Windows-Bits-Client/Operational","996","3960","rjaf-PC4429","S-1-5-21-1634558665-2257203147-3060767804-1000","5/17/2015 8:07:37 AM","260e9f6a-7133-476b-97e7-111acfafc538",,"c:\users\mac_1\desktop\winevt\logs\microsoft-windows-bits-client%4operational.evtx","System.UInt32[]","System.Diagnostics.Eventing.Reader.EventBookmark","Error","Info",,"System.Collections.ObjectModel.ReadOnlyCollection`1[System.String]","System.Collections.Generic.List`1[System.Diagnostics.Eventing.Reader.EventProperty]"
"The BITS service provided job credentials in response to the NEGOTIATE authentication challenge from the 10.10.1.1:8080 server for the C:\Users\rjaf\AppData\Local\Temp\{E2AEDD6B-B3CC-4EF9-AD62-E30315FEB99E}-42.0.2311.152_42.0.2311.135_chrome_updater.exe transfer job that is associated with the following URL: /edgedl/chrome/win/42.0.2311.152_42.0.2311.135_chrome_updater.exe?cms_redirect=yes&expire=1431889698&ip=82.212.98.4&ipbits=0&mm=28&mn=sn-q5h5h5m-5hhe&ms=nvh&mt=1431875243&mv=u&pl=23&shardbypass=yes&sparams=expire,ip,ipbits,mm,mn,ms,mv,pl,shardbypass&signature=6CF3F41E20C8A8362E96B90F85BC2EBB397178CE.50FDD6F25D078CE8B3DEE85C5B366039559D33DD&key=cms1.
The credentials for the S-1-5-21-1634558665-2257203147-3060767804-1000 user were accepted.","203","1",,"4","0","0","4611686018427387904","10177","Microsoft-Windows-Bits-Client","ef1cc15b-46c1-414e-bb95-e76b077bd51e","Microsoft-Windows-Bits-Client/Operational","996","3960","rjaf-PC4429","S-1-5-21-1634558665-2257203147-3060767804-1000","5/17/2015 8:07:37 AM",,,"c:\users\mac_1\desktop\winevt\logs\microsoft-windows-bits-client%4operational.evtx","System.UInt32[]","System.Diagnostics.Eventing.Reader.EventBookmark","Information","Info",,"System.Collections.ObjectModel.ReadOnlyCollection`1[System.String]","System.Collections.Generic.List`1[System.Diagnostics.Eventing.Reader.EventProperty]"
"BITS started the C:\Users\rjaf\AppData\Local\Temp\{E2AEDD6B-B3CC-4EF9-AD62-E30315FEB99E}-42.0.2311.152_42.0.2311.135_chrome_updater.exe transfer job that is associated with the http://r3---sn-q5h5h5m-5hhe.gvt1.com/edgedl/chrome/win/42.0.2311.152_42.0.2311.135_chrome_updater.exe?cms_redirect=yes&expire=1431889698&ip=82.212.98.4&ipbits=0&mm=28&mn=sn-q5h5h5m-5hhe&ms=nvh&mt=1431875243&mv=u&pl=23&shardbypass=yes&sparams=expire,ip,ipbits,mm,mn,ms,mv,pl,shardbypass&signature=6CF3F41E20C8A8362E96B90F85BC2EBB397178CE.50FDD6F25D078CE8B3DEE85C5B366039559D33DD&key=cms1 URL.","59","1",,"4","0","1","4611686018427387904","10176","Microsoft-Windows-Bits-Client","ef1cc15b-46c1-414e-bb95-e76b077bd51e","Microsoft-Windows-Bits-Client/Operational","996","3432","rjaf-PC4429","S-1-5-18","5/17/2015 8:07:37 AM","260e9f6a-7133-476b-97e7-111acfafc538",,"c:\users\mac_1\desktop\winevt\logs\microsoft-windows-bits-client%4operational.evtx","System.UInt32[]","System.Diagnostics.Eventing.Reader.EventBookmark","Information","Start",,"System.Collections.ObjectModel.ReadOnlyCollection`1[System.String]","System.Collections.Generic.List`1[System.Diagnostics.Eventing.Reader.EventProperty]"
"The BITS service provided job credentials in response to the NEGOTIATE authentication challenge from the 10.10.1.1:8080 server for the C:\Users\rjaf\AppData\Local\Temp\{E2AEDD6B-B3CC-4EF9-AD62-E30315FEB99E}-42.0.2311.152_42.0.2311.135_chrome_updater.exe transfer job that is associated with the following URL: /edgedl/chrome/win/42.0.2311.152_42.0.2311.135_chrome_updater.exe.
The credentials for the S-1-5-21-1634558665-2257203147-3060767804-1000 user were accepted.","203","1",,"4","0","0","4611686018427387904","10175","Microsoft-Windows-Bits-Client","ef1cc15b-46c1-414e-bb95-e76b077bd51e","Microsoft-Windows-Bits-Client/Operational","996","1344","rjaf-PC4429","S-1-5-21-1634558665-2257203147-3060767804-1000","5/17/2015 8:07:36 AM",,,"c:\users\mac_1\desktop\winevt\logs\microsoft-windows-bits-client%4operational.evtx","System.UInt32[]","System.Diagnostics.Eventing.Reader.EventBookmark","Information","Info",,"System.Collections.ObjectModel.ReadOnlyCollection`1[System.String]","System.Collections.Generic.List`1[System.Diagnostics.Eventing.Reader.EventProperty]"
"The BITS service created a new job: C:\Users\rjaf\AppData\Local\Temp\{E2AEDD6B-B3CC-4EF9-AD62-E30315FEB99E}-42.0.2311.152_42.0.2311.135_chrome_updater.exe, with owner RJAF-PC4429\rjaf","3","0",,"4","0","0","4611686018427387904","10174","Microsoft-Windows-Bits-Client","ef1cc15b-46c1-414e-bb95-e76b077bd51e","Microsoft-Windows-Bits-Client/Operational","996","1344","rjaf-PC4429","S-1-5-18","5/17/2015 8:07:36 AM",,,"c:\users\mac_1\desktop\winevt\logs\microsoft-windows-bits-client%4operational.evtx","System.UInt32[]","System.Diagnostics.Eventing.Reader.EventBookmark","Information","Info",,"System.Collections.ObjectModel.ReadOnlyCollection`1[System.String]","System.Collections.Generic.List`1[System.Diagnostics.Eventing.Reader.EventProperty]"
"Job cancelled. User: RJAF-PC4429\rjaf, job: {AC76BA86-7AD7-1033-7B44-A95000000001}, jobID: {73DE57B7-A270-4262-9014-D940450216FA}, owner: RJAF-PC4429\rjaf, filecount: 1","5","0",,"4","0","0","4611686018427387904","10173","Microsoft-Windows-Bits-Client","ef1cc15b-46c1-414e-bb95-e76b077bd51e","Microsoft-Windows-Bits-Client/Operational","996","3308","rjaf-PC4429","S-1-5-21-1634558665-2257203147-3060767804-1000","5/17/2015 7:31:09 AM","85f03c9c-1e4f-0003-0250-6601ae90d001",,"c:\users\mac_1\desktop\winevt\logs\microsoft-windows-bits-client%4operational.evtx","System.UInt32[]","System.Diagnostics.Eventing.Reader.EventBookmark","Information","Info",,"System.Collections.ObjectModel.ReadOnlyCollection`1[System.String]","System.Collections.Generic.List`1[System.Diagnostics.Eventing.Reader.EventProperty]"
"The BITS service provided job credentials in response to the UNIDENTIFIED authentication challenge from the 10.10.1.1:8080 server for the {AC76BA86-7AD7-1033-7B44-A95000000001} transfer job that is associated with the following URL: /arm-manifests/win/Reader9Manifest.msi.
 The credentials for the S-1-5-21-1634558665-2257203147-3060767804-1000 user were rejected.","204","1",,"2","0","0","4611686018427387904","10172","Microsoft-Windows-Bits-Client","ef1cc15b-46c1-414e-bb95-e76b077bd51e","Microsoft-Windows-Bits-Client/Operational","996","1020","rjaf-PC4429","S-1-5-21-1634558665-2257203147-3060767804-1000","5/17/2015 7:31:08 AM",,,"c:\users\mac_1\desktop\winevt\logs\microsoft-windows-bits-client%4operational.evtx","System.UInt32[]","System.Diagnostics.Eventing.Reader.EventBookmark","Error","Info",,"System.Collections.ObjectModel.ReadOnlyCollection`1[System.String]","System.Collections.Generic.List`1[System.Diagnostics.Eventing.Reader.EventProperty]"
"The BITS service created a new job: {AC76BA86-7AD7-1033-7B44-A95000000001}, with owner RJAF-PC4429\rjaf","3","0",,"4","0","0","4611686018427387904","10171","Microsoft-Windows-Bits-Client","ef1cc15b-46c1-414e-bb95-e76b077bd51e","Microsoft-Windows-Bits-Client/Operational","996","3580","rjaf-PC4429","S-1-5-18","5/17/2015 7:30:58 AM","85f03c9c-1e4f-0003-0250-6601ae90d001",,"c:\users\mac_1\desktop\winevt\logs\microsoft-windows-bits-client%4operational.evtx","System.UInt32[]","System.Diagnostics.Eventing.Reader.EventBookmark","Information","Info",,"System.Collections.ObjectModel.ReadOnlyCollection`1[System.String]","System.Collections.Generic.List`1[System.Diagnostics.Eventing.Reader.EventProperty]"
"The BITS service loaded the job list from disk.","306","0",,"5","0","0","4611686018427387904","10170","Microsoft-Windows-Bits-Client","ef1cc15b-46c1-414e-bb95-e76b077bd51e","Microsoft-Windows-Bits-Client/Operational","996","3396","rjaf-PC4429","S-1-5-18","5/17/2015 7:30:58 AM",,,"c:\users\mac_1\desktop\winevt\logs\microsoft-windows-bits-client%4operational.evtx","System.UInt32[]","System.Diagnostics.Eventing.Reader.EventBookmark","Verbose","Info",,"System.Collections.ObjectModel.ReadOnlyCollection`1[System.String]","System.Collections.Generic.List`1[System.Diagnostics.Eventing.Reader.EventProperty]"
"Job cancelled. User: NT AUTHORITY\SYSTEM, job: C:\Windows\TEMP\GUR5965.exe, jobID: {9A0EB4FA-E9C6-4419-B6C0-DE8215F31D19}, owner: NT AUTHORITY\SYSTEM, filecount: 1","5","0",,"4","0","0","4611686018427387904","10169","Microsoft-Windows-Bits-Client","ef1cc15b-46c1-414e-bb95-e76b077bd51e","Microsoft-Windows-Bits-Client/Operational","1116","2672","rjaf-PC4429","S-1-5-18","5/14/2015 3:15:46 PM","85f03364-9e4f-0002-8276-52f5928ed001",,"c:\users\mac_1\desktop\winevt\logs\microsoft-windows-bits-client%4operational.evtx","System.UInt32[]","System.Diagnostics.Eventing.Reader.EventBookmark","Information","Info",,"System.Collections.ObjectModel.ReadOnlyCollection`1[System.String]","System.Collections.Generic.List`1[System.Diagnostics.Eventing.Reader.EventProperty]"
"The BITS service created a new job: C:\Windows\TEMP\GUR5965.exe, with owner NT AUTHORITY\SYSTEM","3","0",,"4","0","0","4611686018427387904","10168","Microsoft-Windows-Bits-Client","ef1cc15b-46c1-414e-bb95-e76b077bd51e","Microsoft-Windows-Bits-Client/Operational","1116","3772","rjaf-PC4429","S-1-5-18","5/14/2015 3:15:24 PM",,,"c:\users\mac_1\desktop\winevt\logs\microsoft-windows-bits-client%4operational.evtx","System.UInt32[]","System.Diagnostics.Eventing.Reader.EventBookmark","Information","Info",,"System.Collections.ObjectModel.ReadOnlyCollection`1[System.String]","System.Collections.Generic.List`1[System.Diagnostics.Eventing.Reader.EventProperty]"
"Job cancelled. User: NT AUTHORITY\SYSTEM, job: C:\Windows\TEMP\GUR5965.exe, jobID: {35046EAE-43C3-4DD1-9CA8-9BF6F0CF5599}, owner: NT AUTHORITY\SYSTEM, filecount: 1","5","0",,"4","0","0","4611686018427387904","10167","Microsoft-Windows-Bits-Client","ef1cc15b-46c1-414e-bb95-e76b077bd51e","Microsoft-Windows-Bits-Client/Operational","1116","2672","rjaf-PC4429","S-1-5-18","5/14/2015 3:15:03 PM","85f03364-9e4f-0002-8276-52f5928ed001",,"c:\users\mac_1\desktop\winevt\logs\microsoft-windows-bits-client%4operational.evtx","System.UInt32[]","System.Diagnostics.Eventing.Reader.EventBookmark","Information","Info",,"System.Collections.ObjectModel.ReadOnlyCollection`1[System.String]","System.Collections.Generic.List`1[System.Diagnostics.Eventing.Reader.EventProperty]"
"The BITS service created a new job: C:\Windows\TEMP\GUR5965.exe, with owner NT AUTHORITY\SYSTEM","3","0",,"4","0","0","4611686018427387904","10166","Microsoft-Windows-Bits-Client","ef1cc15b-46c1-414e-bb95-e76b077bd51e","Microsoft-Windows-Bits-Client/Operational","1116","1128","rjaf-PC4429","S-1-5-18","5/14/2015 3:14:39 PM","85f03364-9e4f-0002-8276-52f5928ed001",,"c:\users\mac_1\desktop\winevt\logs\microsoft-windows-bits-client%4operational.evtx","System.UInt32[]","System.Diagnostics.Eventing.Reader.EventBookmark","Information","Info",,"System.Collections.ObjectModel.ReadOnlyCollection`1[System.String]","System.Collections.Generic.List`1[System.Diagnostics.Eventing.Reader.EventProperty]"
"The BITS service loaded the job list from disk.","306","0",,"5","0","0","4611686018427387904","10165","Microsoft-Windows-Bits-Client","ef1cc15b-46c1-414e-bb95-e76b077bd51e","Microsoft-Windows-Bits-Client/Operational","1116","3256","rjaf-PC4429","S-1-5-18","5/14/2015 3:14:15 PM",,,"c:\users\mac_1\desktop\winevt\logs\microsoft-windows-bits-client%4operational.evtx","System.UInt32[]","System.Diagnostics.Eventing.Reader.EventBookmark","Verbose","Info",,"System.Collections.ObjectModel.ReadOnlyCollection`1[System.String]","System.Collections.Generic.List`1[System.Diagnostics.Eventing.Reader.EventProperty]"
"The transfer job is complete.
User: NT AUTHORITY\SYSTEM
Transfer job: WU Client Download
Job ID: {C22F38B6-E118-4971-97E9-51A520756F5C}
Owner: RJAF-PC4429\rjaf
File count: 1","4","1",,"4","0","0","4611686018427387904","10164","Microsoft-Windows-Bits-Client","ef1cc15b-46c1-414e-bb95-e76b077bd51e","Microsoft-Windows-Bits-Client/Operational","984","5788","rjaf-PC4429","S-1-5-18","5/14/2015 1:29:51 AM",,,"c:\users\mac_1\desktop\winevt\logs\microsoft-windows-bits-client%4operational.evtx","System.UInt32[]","System.Diagnostics.Eventing.Reader.EventBookmark","Information","Info",,"System.Collections.ObjectModel.ReadOnlyCollection`1[System.String]","System.Collections.Generic.List`1[System.Diagnostics.Eventing.Reader.EventProperty]"
"BITS stopped transferring the WU Client Download transfer job that is associated with the http://download.windowsupdate.com/d/msdownload/update/software/uprl/2015/05/windows-kb890830-v5.24_8a39c8c4af7a7141c895d8ca06de66e6fad95b14.exe URL. The status code is 0x0.","60","1",,"4","0","2","4611686018427387904","10163","Microsoft-Windows-Bits-Client","ef1cc15b-46c1-414e-bb95-e76b077bd51e","Microsoft-Windows-Bits-Client/Operational","984","4604","rjaf-PC4429","S-1-5-18","5/14/2015 1:29:51 AM","3cb81aa6-1174-47df-aac4-2bdefe7d1a3b",,"c:\users\mac_1\desktop\winevt\logs\microsoft-windows-bits-client%4operational.evtx","System.UInt32[]","System.Diagnostics.Eventing.Reader.EventBookmark","Information","Stop",,"System.Collections.ObjectModel.ReadOnlyCollection`1[System.String]","System.Collections.Generic.List`1[System.Diagnostics.Eventing.Reader.EventProperty]"
"Job cancelled. User: NT AUTHORITY\SYSTEM, job: WU Client Download, jobID: {D1B72E87-007C-4B1C-8C27-255B6E0DF730}, owner: NT AUTHORITY\SYSTEM, filecount: 0","5","0",,"4","0","0","4611686018427387904","10162","Microsoft-Windows-Bits-Client","ef1cc15b-46c1-414e-bb95-e76b077bd51e","Microsoft-Windows-Bits-Client/Operational","984","5792","rjaf-PC4429","S-1-5-18","5/14/2015 1:24:02 AM",,,"c:\users\mac_1\desktop\winevt\logs\microsoft-windows-bits-client%4operational.evtx","System.UInt32[]","System.Diagnostics.Eventing.Reader.EventBookmark","Information","Info",,"System.Collections.ObjectModel.ReadOnlyCollection`1[System.String]","System.Collections.Generic.List`1[System.Diagnostics.Eventing.Reader.EventProperty]"
"The BITS service created a new job: WU Client Download, with owner NT AUTHORITY\SYSTEM","3","0",,"4","0","0","4611686018427387904","10161","Microsoft-Windows-Bits-Client","ef1cc15b-46c1-414e-bb95-e76b077bd51e","Microsoft-Windows-Bits-Client/Operational","984","5792","rjaf-PC4429","S-1-5-18","5/14/2015 1:24:02 AM",,,"c:\users\mac_1\desktop\winevt\logs\microsoft-windows-bits-client%4operational.evtx","System.UInt32[]","System.Diagnostics.Eventing.Reader.EventBookmark","Information","Info",,"System.Collections.ObjectModel.ReadOnlyCollection`1[System.String]","System.Collections.Generic.List`1[System.Diagnostics.Eventing.Reader.EventProperty]"
"The transfer job is complete.
User: NT AUTHORITY\SYSTEM
Transfer job: WU Client Download
Job ID: {C2138A2B-3224-4647-BB4B-E52AF0A0A822}
Owner: RJAF-PC4429\rjaf
File count: 1","4","1",,"4","0","0","4611686018427387904","10160","Microsoft-Windows-Bits-Client","ef1cc15b-46c1-414e-bb95-e76b077bd51e","Microsoft-Windows-Bits-Client/Operational","984","5792","rjaf-PC4429","S-1-5-18","5/14/2015 1:24:02 AM",,,"c:\users\mac_1\desktop\winevt\logs\microsoft-windows-bits-client%4operational.evtx","System.UInt32[]","System.Diagnostics.Eventing.Reader.EventBookmark","Information","Info",,"System.Collections.ObjectModel.ReadOnlyCollection`1[System.String]","System.Collections.Generic.List`1[System.Diagnostics.Eventing.Reader.EventProperty]"
"BITS stopped transferring the WU Client Download transfer job that is associated with the http://download.windowsupdate.com/c/msdownload/update/software/updt/2015/04/windows6.1-kb2977759-v6-x86_dcf9c2fd143bcfa80fe3dd7677c24c1efa066d3d.psf URL. The status code is 0x0.","60","1",,"4","0","2","4611686018427387904","10159","Microsoft-Windows-Bits-Client","ef1cc15b-46c1-414e-bb95-e76b077bd51e","Microsoft-Windows-Bits-Client/Operational","984","3416","rjaf-PC4429","S-1-5-18","5/14/2015 1:24:02 AM","b5c6e642-5059-4cf4-98eb-b392a3402f82",,"c:\users\mac_1\desktop\winevt\logs\microsoft-windows-bits-client%4operational.evtx","System.UInt32[]","System.Diagnostics.Eventing.Reader.EventBookmark","Information","Stop",,"System.Collections.ObjectModel.ReadOnlyCollection`1[System.String]","System.Collections.Generic.List`1[System.Diagnostics.Eventing.Reader.EventProperty]"
"While transferring WU Client Download, BITS encountered error 0x8020001B using 10.10.1.1:8080 as the HTTP proxy server.  The web server or proxy server does not support an HTTP feature required by BITS.  This problem can only be corrected by the administrator of the web server or proxy server.  Details: {job: WU Client Download}, {owner: RJAF-PC4429\rjaf}, {jobId: {C2138A2B-3224-4647-BB4B-E52AF0A0A822}}, {url: /c/msdownload/update/software/updt/2015/04/windows6.1-kb2977759-v6-x86_dcf9c2fd143bcfa80fe3dd7677c24c1efa066d3d.psf}, {xferId: {B5C6E642-5059-4CF4-98EB-B392A3402F82}}, {proxyServer: 10.10.1.1:8080}, {hr: 0x8020001B}, {urlContentLength: 43094944}, {urlHttpVersion: HTTP/1.1}, {urlRange: bytes 34155-34265/43094944}","202","0",,"2","0","0","4611686018427387904","10158","Microsoft-Windows-Bits-Client","ef1cc15b-46c1-414e-bb95-e76b077bd51e","Microsoft-Windows-Bits-Client/Operational","984","4604","rjaf-PC4429","S-1-5-21-1634558665-2257203147-3060767804-1000","5/14/2015 1:22:34 AM","b5c6e642-5059-4cf4-98eb-b392a3402f82",,"c:\users\mac_1\desktop\winevt\logs\microsoft-windows-bits-client%4operational.evtx","System.UInt32[]","System.Diagnostics.Eventing.Reader.EventBookmark","Error","Info",,"System.Collections.ObjectModel.ReadOnlyCollection`1[System.String]","System.Collections.Generic.List`1[System.Diagnostics.Eventing.Reader.EventProperty]"
"BITS started the WU Client Download transfer job that is associated with the http://download.windowsupdate.com/c/msdownload/update/software/updt/2015/04/windows6.1-kb2977759-v6-x86_dcf9c2fd143bcfa80fe3dd7677c24c1efa066d3d.psf URL.","59","1",,"4","0","1","4611686018427387904","10157","Microsoft-Windows-Bits-Client","ef1cc15b-46c1-414e-bb95-e76b077bd51e","Microsoft-Windows-Bits-Client/Operational","984","5460","rjaf-PC4429","S-1-5-18","5/14/2015 1:22:33 AM","b5c6e642-5059-4cf4-98eb-b392a3402f82",,"c:\users\mac_1\desktop\winevt\logs\microsoft-windows-bits-client%4operational.evtx","System.UInt32[]","System.Diagnostics.Eventing.Reader.EventBookmark","Information","Start",,"System.Collections.ObjectModel.ReadOnlyCollection`1[System.String]","System.Collections.Generic.List`1[System.Diagnostics.Eventing.Reader.EventProperty]"
"Job cancelled. User: NT AUTHORITY\SYSTEM, job: WU Client Download, jobID: {7FC7B889-3729-4265-AE54-BE3F41018244}, owner: NT AUTHORITY\SYSTEM, filecount: 0","5","0",,"4","0","0","4611686018427387904","10156","Microsoft-Windows-Bits-Client","ef1cc15b-46c1-414e-bb95-e76b077bd51e","Microsoft-Windows-Bits-Client/Operational","984","5796","rjaf-PC4429","S-1-5-18","5/14/2015 1:22:32 AM",,,"c:\users\mac_1\desktop\winevt\logs\microsoft-windows-bits-client%4operational.evtx","System.UInt32[]","System.Diagnostics.Eventing.Reader.EventBookmark","Information","Info",,"System.Collections.ObjectModel.ReadOnlyCollection`1[System.String]","System.Collections.Generic.List`1[System.Diagnostics.Eventing.Reader.EventProperty]"
"The BITS service created a new job: WU Client Download, with owner NT AUTHORITY\SYSTEM","3","0",,"4","0","0","4611686018427387904","10155","Microsoft-Windows-Bits-Client","ef1cc15b-46c1-414e-bb95-e76b077bd51e","Microsoft-Windows-Bits-Client/Operational","984","5796","rjaf-PC4429","S-1-5-18","5/14/2015 1:22:32 AM",,,"c:\users\mac_1\desktop\winevt\logs\microsoft-windows-bits-client%4operational.evtx","System.UInt32[]","System.Diagnostics.Eventing.Reader.EventBookmark","Information","Info",,"System.Collections.ObjectModel.ReadOnlyCollection`1[System.String]","System.Collections.Generic.List`1[System.Diagnostics.Eventing.Reader.EventProperty]"
"The transfer job is complete.
User: NT AUTHORITY\SYSTEM
Transfer job: WU Client Download
Job ID: {2BF6E810-C4CF-4F85-BCAD-8F4359797517}
Owner: RJAF-PC4429\rjaf
