#TYPE System.Diagnostics.Eventing.Reader.EventLogRecord
"Message","Id","Version","Qualifiers","Level","Task","Opcode","Keywords","RecordId","ProviderName","ProviderId","LogName","ProcessId","ThreadId","MachineName","UserId","TimeCreated","ActivityId","RelatedActivityId","ContainerLog","MatchedQueryIds","Bookmark","LevelDisplayName","OpcodeDisplayName","TaskDisplayName","KeywordsDisplayNames","Properties"
"The scripted diagnostic engine completed diagnosing the diagnostic package MaintenanceDiagnostic.","104","0",,"4","0","0","4611686052787126272","1753","Microsoft-Windows-Diagnosis-Scripted","e1dd7e52-621d-44e3-a1ad-0370c2b25946","Microsoft-Windows-Diagnosis-Scripted/Operational","2772","1328","rjaf-PC4429","S-1-5-21-1634558665-2257203147-3060767804-1000","10/11/2015 1:22:31 AM",,,"c:\users\mac_1\desktop\winevt\logs\microsoft-windows-diagnosis-scripted%4operational.evtx","System.UInt32[]","System.Diagnostics.Eventing.Reader.EventBookmark","Information","Info",,"System.Collections.ObjectModel.ReadOnlyCollection`1[System.String]","System.Collections.Generic.List`1[System.Diagnostics.Eventing.Reader.EventProperty]"
"The scripted diagnostic engine started diagnosing the diagnostic package MaintenanceDiagnostic.","103","0",,"4","0","0","4611686052787126272","1752","Microsoft-Windows-Diagnosis-Scripted","e1dd7e52-621d-44e3-a1ad-0370c2b25946","Microsoft-Windows-Diagnosis-Scripted/Operational","2772","1328","rjaf-PC4429","S-1-5-21-1634558665-2257203147-3060767804-1000","10/11/2015 1:22:24 AM",,,"c:\users\mac_1\desktop\winevt\logs\microsoft-windows-diagnosis-scripted%4operational.evtx","System.UInt32[]","System.Diagnostics.Eventing.Reader.EventBookmark","Information","Info",,"System.Collections.ObjectModel.ReadOnlyCollection`1[System.String]","System.Collections.Generic.List`1[System.Diagnostics.Eventing.Reader.EventProperty]"
"The scripted diagnostic engine completed initializing a diagnostic package located at C:\Windows\diagnostics\scheduled\Maintenance.","102","0",,"4","0","0","4611686052787126272","1751","Microsoft-Windows-Diagnosis-Scripted","e1dd7e52-621d-44e3-a1ad-0370c2b25946","Microsoft-Windows-Diagnosis-Scripted/Operational","2772","1328","rjaf-PC4429","S-1-5-21-1634558665-2257203147-3060767804-1000","10/11/2015 1:22:24 AM",,,"c:\users\mac_1\desktop\winevt\logs\microsoft-windows-diagnosis-scripted%4operational.evtx","System.UInt32[]","System.Diagnostics.Eventing.Reader.EventBookmark","Information","Info",,"System.Collections.ObjectModel.ReadOnlyCollection`1[System.String]","System.Collections.Generic.List`1[System.Diagnostics.Eventing.Reader.EventProperty]"
"The scripted diagnostic engine started initializing a diagnostic package located at C:\Windows\diagnostics\scheduled\Maintenance.","101","0",,"4","0","0","4611686052787126272","1750","Microsoft-Windows-Diagnosis-Scripted","e1dd7e52-621d-44e3-a1ad-0370c2b25946","Microsoft-Windows-Diagnosis-Scripted/Operational","2772","1328","rjaf-PC4429","S-1-5-21-1634558665-2257203147-3060767804-1000","10/11/2015 1:22:23 AM",,,"c:\users\mac_1\desktop\winevt\logs\microsoft-windows-diagnosis-scripted%4operational.evtx","System.UInt32[]","System.Diagnostics.Eventing.Reader.EventBookmark","Information","Info",,"System.Collections.ObjectModel.ReadOnlyCollection`1[System.String]","System.Collections.Generic.List`1[System.Diagnostics.Eventing.Reader.EventProperty]"
"Rootcause RC_DiagnosticHistory/DefaultInstanceId was resolved in package MaintenanceDiagnostic.","402","0",,"4","0","0","4611686052787126272","1749","Microsoft-Windows-Diagnosis-Scripted","e1dd7e52-621d-44e3-a1ad-0370c2b25946","Microsoft-Windows-Diagnosis-Scripted/Operational","2772","4032","rjaf-PC4429","S-1-5-21-1634558665-2257203147-3060767804-1000","9/29/2015 12:29:44 AM",,,"c:\users\mac_1\desktop\winevt\logs\microsoft-windows-diagnosis-scripted%4operational.evtx","System.UInt32[]","System.Diagnostics.Eventing.Reader.EventBookmark","Information","Info",,"System.Collections.ObjectModel.ReadOnlyCollection`1[System.String]","System.Collections.Generic.List`1[System.Diagnostics.Eventing.Reader.EventProperty]"
"The scripted diagnostic engine completed verifying the diagnostic package MaintenanceDiagnostic.","108","0",,"4","0","0","4611686052787126272","1748","Microsoft-Windows-Diagnosis-Scripted","e1dd7e52-621d-44e3-a1ad-0370c2b25946","Microsoft-Windows-Diagnosis-Scripted/Operational","2772","4032","rjaf-PC4429","S-1-5-21-1634558665-2257203147-3060767804-1000","9/29/2015 12:29:44 AM",,,"c:\users\mac_1\desktop\winevt\logs\microsoft-windows-diagnosis-scripted%4operational.evtx","System.UInt32[]","System.Diagnostics.Eventing.Reader.EventBookmark","Information","Info",,"System.Collections.ObjectModel.ReadOnlyCollection`1[System.String]","System.Collections.Generic.List`1[System.Diagnostics.Eventing.Reader.EventProperty]"
"The scripted diagnostic engine started verifying the diagnostic package MaintenanceDiagnostic.","107","0",,"4","0","0","4611686052787126272","1747","Microsoft-Windows-Diagnosis-Scripted","e1dd7e52-621d-44e3-a1ad-0370c2b25946","Microsoft-Windows-Diagnosis-Scripted/Operational","2772","4032","rjaf-PC4429","S-1-5-21-1634558665-2257203147-3060767804-1000","9/29/2015 12:29:44 AM",,,"c:\users\mac_1\desktop\winevt\logs\microsoft-windows-diagnosis-scripted%4operational.evtx","System.UInt32[]","System.Diagnostics.Eventing.Reader.EventBookmark","Information","Info",,"System.Collections.ObjectModel.ReadOnlyCollection`1[System.String]","System.Collections.Generic.List`1[System.Diagnostics.Eventing.Reader.EventProperty]"
"The scripted diagnostic engine completed running the resolution RC_DiagnosticHistory/DefaultInstanceId/RS_AdminDiagnosticHistory in the diagnostic package MaintenanceDiagnostic.","106","0",,"4","0","0","4611686052787126272","1746","Microsoft-Windows-Diagnosis-Scripted","e1dd7e52-621d-44e3-a1ad-0370c2b25946","Microsoft-Windows-Diagnosis-Scripted/Operational","2772","4032","rjaf-PC4429","S-1-5-21-1634558665-2257203147-3060767804-1000","9/29/2015 12:29:44 AM",,,"c:\users\mac_1\desktop\winevt\logs\microsoft-windows-diagnosis-scripted%4operational.evtx","System.UInt32[]","System.Diagnostics.Eventing.Reader.EventBookmark","Information","Info",,"System.Collections.ObjectModel.ReadOnlyCollection`1[System.String]","System.Collections.Generic.List`1[System.Diagnostics.Eventing.Reader.EventProperty]"
"The scripted diagnostic engine started running the resolution RC_DiagnosticHistory/DefaultInstanceId/RS_AdminDiagnosticHistory in the diagnostic package MaintenanceDiagnostic.","105","0",,"4","0","0","4611686052787126272","1745","Microsoft-Windows-Diagnosis-Scripted","e1dd7e52-621d-44e3-a1ad-0370c2b25946","Microsoft-Windows-Diagnosis-Scripted/Operational","2772","4032","rjaf-PC4429","S-1-5-21-1634558665-2257203147-3060767804-1000","9/29/2015 12:29:44 AM",,,"c:\users\mac_1\desktop\winevt\logs\microsoft-windows-diagnosis-scripted%4operational.evtx","System.UInt32[]","System.Diagnostics.Eventing.Reader.EventBookmark","Information","Info",,"System.Collections.ObjectModel.ReadOnlyCollection`1[System.String]","System.Collections.Generic.List`1[System.Diagnostics.Eventing.Reader.EventProperty]"
"The scripted diagnostic engine completed verifying the diagnostic package MaintenanceDiagnostic.","108","0",,"4","0","0","4611686052787126272","1744","Microsoft-Windows-Diagnosis-Scripted","e1dd7e52-621d-44e3-a1ad-0370c2b25946","Microsoft-Windows-Diagnosis-Scripted/Operational","2772","4032","rjaf-PC4429","S-1-5-21-1634558665-2257203147-3060767804-1000","9/29/2015 12:29:44 AM",,,"c:\users\mac_1\desktop\winevt\logs\microsoft-windows-diagnosis-scripted%4operational.evtx","System.UInt32[]","System.Diagnostics.Eventing.Reader.EventBookmark","Information","Info",,"System.Collections.ObjectModel.ReadOnlyCollection`1[System.String]","System.Collections.Generic.List`1[System.Diagnostics.Eventing.Reader.EventProperty]"
"The scripted diagnostic engine started verifying the diagnostic package MaintenanceDiagnostic.","107","0",,"4","0","0","4611686052787126272","1743","Microsoft-Windows-Diagnosis-Scripted","e1dd7e52-621d-44e3-a1ad-0370c2b25946","Microsoft-Windows-Diagnosis-Scripted/Operational","2772","4032","rjaf-PC4429","S-1-5-21-1634558665-2257203147-3060767804-1000","9/29/2015 12:29:44 AM",,,"c:\users\mac_1\desktop\winevt\logs\microsoft-windows-diagnosis-scripted%4operational.evtx","System.UInt32[]","System.Diagnostics.Eventing.Reader.EventBookmark","Information","Info",,"System.Collections.ObjectModel.ReadOnlyCollection`1[System.String]","System.Collections.Generic.List`1[System.Diagnostics.Eventing.Reader.EventProperty]"
"The scripted diagnostic engine completed running the resolution RC_DiagnosticHistory/DefaultInstanceId/RS_UserDiagnosticHistory in the diagnostic package MaintenanceDiagnostic.","106","0",,"4","0","0","4611686052787126272","1742","Microsoft-Windows-Diagnosis-Scripted","e1dd7e52-621d-44e3-a1ad-0370c2b25946","Microsoft-Windows-Diagnosis-Scripted/Operational","2772","4032","rjaf-PC4429","S-1-5-21-1634558665-2257203147-3060767804-1000","9/29/2015 12:29:44 AM",,,"c:\users\mac_1\desktop\winevt\logs\microsoft-windows-diagnosis-scripted%4operational.evtx","System.UInt32[]","System.Diagnostics.Eventing.Reader.EventBookmark","Information","Info",,"System.Collections.ObjectModel.ReadOnlyCollection`1[System.String]","System.Collections.Generic.List`1[System.Diagnostics.Eventing.Reader.EventProperty]"
"The scripted diagnostic engine started running the resolution RC_DiagnosticHistory/DefaultInstanceId/RS_UserDiagnosticHistory in the diagnostic package MaintenanceDiagnostic.","105","0",,"4","0","0","4611686052787126272","1741","Microsoft-Windows-Diagnosis-Scripted","e1dd7e52-621d-44e3-a1ad-0370c2b25946","Microsoft-Windows-Diagnosis-Scripted/Operational","2772","4032","rjaf-PC4429","S-1-5-21-1634558665-2257203147-3060767804-1000","9/29/2015 12:29:44 AM",,,"c:\users\mac_1\desktop\winevt\logs\microsoft-windows-diagnosis-scripted%4operational.evtx","System.UInt32[]","System.Diagnostics.Eventing.Reader.EventBookmark","Information","Info",,"System.Collections.ObjectModel.ReadOnlyCollection`1[System.String]","System.Collections.Generic.List`1[System.Diagnostics.Eventing.Reader.EventProperty]"
"The scripted diagnostic engine completed diagnosing the diagnostic package MaintenanceDiagnostic.","104","0",,"4","0","0","4611686052787126272","1740","Microsoft-Windows-Diagnosis-Scripted","e1dd7e52-621d-44e3-a1ad-0370c2b25946","Microsoft-Windows-Diagnosis-Scripted/Operational","2772","4032","rjaf-PC4429","S-1-5-21-1634558665-2257203147-3060767804-1000","9/29/2015 12:29:44 AM",,,"c:\users\mac_1\desktop\winevt\logs\microsoft-windows-diagnosis-scripted%4operational.evtx","System.UInt32[]","System.Diagnostics.Eventing.Reader.EventBookmark","Information","Info",,"System.Collections.ObjectModel.ReadOnlyCollection`1[System.String]","System.Collections.Generic.List`1[System.Diagnostics.Eventing.Reader.EventProperty]"
"Rootcause RC_DiagnosticHistory/DefaultInstanceId was detected in package MaintenanceDiagnostic.","401","0",,"4","0","0","4611686052787126272","1739","Microsoft-Windows-Diagnosis-Scripted","e1dd7e52-621d-44e3-a1ad-0370c2b25946","Microsoft-Windows-Diagnosis-Scripted/Operational","2772","4032","rjaf-PC4429","S-1-5-21-1634558665-2257203147-3060767804-1000","9/29/2015 12:29:44 AM",,,"c:\users\mac_1\desktop\winevt\logs\microsoft-windows-diagnosis-scripted%4operational.evtx","System.UInt32[]","System.Diagnostics.Eventing.Reader.EventBookmark","Information","Info",,"System.Collections.ObjectModel.ReadOnlyCollection`1[System.String]","System.Collections.Generic.List`1[System.Diagnostics.Eventing.Reader.EventProperty]"
"The scripted diagnostic engine started diagnosing the diagnostic package MaintenanceDiagnostic.","103","0",,"4","0","0","4611686052787126272","1738","Microsoft-Windows-Diagnosis-Scripted","e1dd7e52-621d-44e3-a1ad-0370c2b25946","Microsoft-Windows-Diagnosis-Scripted/Operational","2772","4032","rjaf-PC4429","S-1-5-21-1634558665-2257203147-3060767804-1000","9/29/2015 12:29:36 AM",,,"c:\users\mac_1\desktop\winevt\logs\microsoft-windows-diagnosis-scripted%4operational.evtx","System.UInt32[]","System.Diagnostics.Eventing.Reader.EventBookmark","Information","Info",,"System.Collections.ObjectModel.ReadOnlyCollection`1[System.String]","System.Collections.Generic.List`1[System.Diagnostics.Eventing.Reader.EventProperty]"
"The scripted diagnostic engine completed initializing a diagnostic package located at C:\Windows\diagnostics\scheduled\Maintenance.","102","0",,"4","0","0","4611686052787126272","1737","Microsoft-Windows-Diagnosis-Scripted","e1dd7e52-621d-44e3-a1ad-0370c2b25946","Microsoft-Windows-Diagnosis-Scripted/Operational","2772","4032","rjaf-PC4429","S-1-5-21-1634558665-2257203147-3060767804-1000","9/29/2015 12:29:36 AM",,,"c:\users\mac_1\desktop\winevt\logs\microsoft-windows-diagnosis-scripted%4operational.evtx","System.UInt32[]","System.Diagnostics.Eventing.Reader.EventBookmark","Information","Info",,"System.Collections.ObjectModel.ReadOnlyCollection`1[System.String]","System.Collections.Generic.List`1[System.Diagnostics.Eventing.Reader.EventProperty]"
"The scripted diagnostic engine started initializing a diagnostic package located at C:\Windows\diagnostics\scheduled\Maintenance.","101","0",,"4","0","0","4611686052787126272","1736","Microsoft-Windows-Diagnosis-Scripted","e1dd7e52-621d-44e3-a1ad-0370c2b25946","Microsoft-Windows-Diagnosis-Scripted/Operational","2772","4032","rjaf-PC4429","S-1-5-21-1634558665-2257203147-3060767804-1000","9/29/2015 12:29:35 AM",,,"c:\users\mac_1\desktop\winevt\logs\microsoft-windows-diagnosis-scripted%4operational.evtx","System.UInt32[]","System.Diagnostics.Eventing.Reader.EventBookmark","Information","Info",,"System.Collections.ObjectModel.ReadOnlyCollection`1[System.String]","System.Collections.Generic.List`1[System.Diagnostics.Eventing.Reader.EventProperty]"
"The scripted diagnostic engine completed diagnosing the diagnostic package MaintenanceDiagnostic.","104","0",,"4","0","0","4611686052787126272","1735","Microsoft-Windows-Diagnosis-Scripted","e1dd7e52-621d-44e3-a1ad-0370c2b25946","Microsoft-Windows-Diagnosis-Scripted/Operational","2772","3356","rjaf-PC4429","S-1-5-21-1634558665-2257203147-3060767804-1000","9/19/2015 11:46:32 PM",,,"c:\users\mac_1\desktop\winevt\logs\microsoft-windows-diagnosis-scripted%4operational.evtx","System.UInt32[]","System.Diagnostics.Eventing.Reader.EventBookmark","Information","Info",,"System.Collections.ObjectModel.ReadOnlyCollection`1[System.String]","System.Collections.Generic.List`1[System.Diagnostics.Eventing.Reader.EventProperty]"
"The scripted diagnostic engine started diagnosing the diagnostic package MaintenanceDiagnostic.","103","0",,"4","0","0","4611686052787126272","1734","Microsoft-Windows-Diagnosis-Scripted","e1dd7e52-621d-44e3-a1ad-0370c2b25946","Microsoft-Windows-Diagnosis-Scripted/Operational","2772","3356","rjaf-PC4429","S-1-5-21-1634558665-2257203147-3060767804-1000","9/19/2015 11:46:20 PM",,,"c:\users\mac_1\desktop\winevt\logs\microsoft-windows-diagnosis-scripted%4operational.evtx","System.UInt32[]","System.Diagnostics.Eventing.Reader.EventBookmark","Information","Info",,"System.Collections.ObjectModel.ReadOnlyCollection`1[System.String]","System.Collections.Generic.List`1[System.Diagnostics.Eventing.Reader.EventProperty]"
"The scripted diagnostic engine completed initializing a diagnostic package located at C:\Windows\diagnostics\scheduled\Maintenance.","102","0",,"4","0","0","4611686052787126272","1733","Microsoft-Windows-Diagnosis-Scripted","e1dd7e52-621d-44e3-a1ad-0370c2b25946","Microsoft-Windows-Diagnosis-Scripted/Operational","2772","3356","rjaf-PC4429","S-1-5-21-1634558665-2257203147-3060767804-1000","9/19/2015 11:46:20 PM",,,"c:\users\mac_1\desktop\winevt\logs\microsoft-windows-diagnosis-scripted%4operational.evtx","System.UInt32[]","System.Diagnostics.Eventing.Reader.EventBookmark","Information","Info",,"System.Collections.ObjectModel.ReadOnlyCollection`1[System.String]","System.Collections.Generic.List`1[System.Diagnostics.Eventing.Reader.EventProperty]"
"The scripted diagnostic engine started initializing a diagnostic package located at C:\Windows\diagnostics\scheduled\Maintenance.","101","0",,"4","0","0","4611686052787126272","1732","Microsoft-Windows-Diagnosis-Scripted","e1dd7e52-621d-44e3-a1ad-0370c2b25946","Microsoft-Windows-Diagnosis-Scripted/Operational","2772","3356","rjaf-PC4429","S-1-5-21-1634558665-2257203147-3060767804-1000","9/19/2015 11:46:19 PM",,,"c:\users\mac_1\desktop\winevt\logs\microsoft-windows-diagnosis-scripted%4operational.evtx","System.UInt32[]","System.Diagnostics.Eventing.Reader.EventBookmark","Information","Info",,"System.Collections.ObjectModel.ReadOnlyCollection`1[System.String]","System.Collections.Generic.List`1[System.Diagnostics.Eventing.Reader.EventProperty]"
"The scripted diagnostic engine completed diagnosing the diagnostic package MaintenanceDiagnostic.","104","0",,"4","0","0","4611686052787126272","1731","Microsoft-Windows-Diagnosis-Scripted","e1dd7e52-621d-44e3-a1ad-0370c2b25946","Microsoft-Windows-Diagnosis-Scripted/Operational","6120","4184","rjaf-PC4429","S-1-5-21-1634558665-2257203147-3060767804-1000","9/3/2015 5:04:25 AM",,,"c:\users\mac_1\desktop\winevt\logs\microsoft-windows-diagnosis-scripted%4operational.evtx","System.UInt32[]","System.Diagnostics.Eventing.Reader.EventBookmark","Information","Info",,"System.Collections.ObjectModel.ReadOnlyCollection`1[System.String]","System.Collections.Generic.List`1[System.Diagnostics.Eventing.Reader.EventProperty]"
"The scripted diagnostic engine started diagnosing the diagnostic package MaintenanceDiagnostic.","103","0",,"4","0","0","4611686052787126272","1730","Microsoft-Windows-Diagnosis-Scripted","e1dd7e52-621d-44e3-a1ad-0370c2b25946","Microsoft-Windows-Diagnosis-Scripted/Operational","6120","4184","rjaf-PC4429","S-1-5-21-1634558665-2257203147-3060767804-1000","9/3/2015 5:03:59 AM",,,"c:\users\mac_1\desktop\winevt\logs\microsoft-windows-diagnosis-scripted%4operational.evtx","System.UInt32[]","System.Diagnostics.Eventing.Reader.EventBookmark","Information","Info",,"System.Collections.ObjectModel.ReadOnlyCollection`1[System.String]","System.Collections.Generic.List`1[System.Diagnostics.Eventing.Reader.EventProperty]"
"The scripted diagnostic engine completed initializing a diagnostic package located at C:\Windows\diagnostics\scheduled\Maintenance.","102","0",,"4","0","0","4611686052787126272","1729","Microsoft-Windows-Diagnosis-Scripted","e1dd7e52-621d-44e3-a1ad-0370c2b25946","Microsoft-Windows-Diagnosis-Scripted/Operational","6120","4184","rjaf-PC4429","S-1-5-21-1634558665-2257203147-3060767804-1000","9/3/2015 5:03:59 AM",,,"c:\users\mac_1\desktop\winevt\logs\microsoft-windows-diagnosis-scripted%4operational.evtx","System.UInt32[]","System.Diagnostics.Eventing.Reader.EventBookmark","Information","Info",,"System.Collections.ObjectModel.ReadOnlyCollection`1[System.String]","System.Collections.Generic.List`1[System.Diagnostics.Eventing.Reader.EventProperty]"
"The scripted diagnostic engine started initializing a diagnostic package located at C:\Windows\diagnostics\scheduled\Maintenance.","101","0",,"4","0","0","4611686052787126272","1728","Microsoft-Windows-Diagnosis-Scripted","e1dd7e52-621d-44e3-a1ad-0370c2b25946","Microsoft-Windows-Diagnosis-Scripted/Operational","6120","4184","rjaf-PC4429","S-1-5-21-1634558665-2257203147-3060767804-1000","9/3/2015 5:03:58 AM",,,"c:\users\mac_1\desktop\winevt\logs\microsoft-windows-diagnosis-scripted%4operational.evtx","System.UInt32[]","System.Diagnostics.Eventing.Reader.EventBookmark","Information","Info",,"System.Collections.ObjectModel.ReadOnlyCollection`1[System.String]","System.Collections.Generic.List`1[System.Diagnostics.Eventing.Reader.EventProperty]"
"The scripted diagnostic engine has encountered an error 0x803C0100.","201","0",,"2","0","0","4611686052787126272","1727","Microsoft-Windows-Diagnosis-Scripted","e1dd7e52-621d-44e3-a1ad-0370c2b25946","Microsoft-Windows-Diagnosis-Scripted/Operational","6008","5264","rjaf-PC4429","S-1-5-21-1634558665-2257203147-3060767804-1000","8/25/2015 1:01:54 AM",,,"c:\users\mac_1\desktop\winevt\logs\microsoft-windows-diagnosis-scripted%4operational.evtx","System.UInt32[]","System.Diagnostics.Eventing.Reader.EventBookmark","Error","Info",,"System.Collections.ObjectModel.ReadOnlyCollection`1[System.String]","System.Collections.Generic.List`1[System.Diagnostics.Eventing.Reader.EventProperty]"
"The scripted diagnostic engine started diagnosing the diagnostic package AudioDiagnostic.","103","0",,"4","0","0","4611686052787126272","1726","Microsoft-Windows-Diagnosis-Scripted","e1dd7e52-621d-44e3-a1ad-0370c2b25946","Microsoft-Windows-Diagnosis-Scripted/Operational","6008","5264","rjaf-PC4429","S-1-5-21-1634558665-2257203147-3060767804-1000","8/25/2015 1:01:49 AM",,,"c:\users\mac_1\desktop\winevt\logs\microsoft-windows-diagnosis-scripted%4operational.evtx","System.UInt32[]","System.Diagnostics.Eventing.Reader.EventBookmark","Information","Info",,"System.Collections.ObjectModel.ReadOnlyCollection`1[System.String]","System.Collections.Generic.List`1[System.Diagnostics.Eventing.Reader.EventProperty]"
"The scripted diagnostic engine completed initializing a diagnostic package located at C:\Windows\diagnostics\system\Device.","102","0",,"4","0","0","4611686052787126272","1725","Microsoft-Windows-Diagnosis-Scripted","e1dd7e52-621d-44e3-a1ad-0370c2b25946","Microsoft-Windows-Diagnosis-Scripted/Operational","6008","5264","rjaf-PC4429","S-1-5-21-1634558665-2257203147-3060767804-1000","8/25/2015 1:01:49 AM",,,"c:\users\mac_1\desktop\winevt\logs\microsoft-windows-diagnosis-scripted%4operational.evtx","System.UInt32[]","System.Diagnostics.Eventing.Reader.EventBookmark","Information","Info",,"System.Collections.ObjectModel.ReadOnlyCollection`1[System.String]","System.Collections.Generic.List`1[System.Diagnostics.Eventing.Reader.EventProperty]"
"The scripted diagnostic engine started initializing a diagnostic package located at C:\Windows\diagnostics\system\Device.","101","0",,"4","0","0","4611686052787126272","1724","Microsoft-Windows-Diagnosis-Scripted","e1dd7e52-621d-44e3-a1ad-0370c2b25946","Microsoft-Windows-Diagnosis-Scripted/Operational","6008","5264","rjaf-PC4429","S-1-5-21-1634558665-2257203147-3060767804-1000","8/25/2015 1:01:48 AM",,,"c:\users\mac_1\desktop\winevt\logs\microsoft-windows-diagnosis-scripted%4operational.evtx","System.UInt32[]","System.Diagnostics.Eventing.Reader.EventBookmark","Information","Info",,"System.Collections.ObjectModel.ReadOnlyCollection`1[System.String]","System.Collections.Generic.List`1[System.Diagnostics.Eventing.Reader.EventProperty]"
"The scripted diagnostic engine completed initializing a diagnostic package located at C:\Windows\diagnostics\system\Audio.","102","0",,"4","0","0","4611686052787126272","1723","Microsoft-Windows-Diagnosis-Scripted","e1dd7e52-621d-44e3-a1ad-0370c2b25946","Microsoft-Windows-Diagnosis-Scripted/Operational","6008","5264","rjaf-PC4429","S-1-5-21-1634558665-2257203147-3060767804-1000","8/25/2015 1:01:48 AM",,,"c:\users\mac_1\desktop\winevt\logs\microsoft-windows-diagnosis-scripted%4operational.evtx","System.UInt32[]","System.Diagnostics.Eventing.Reader.EventBookmark","Information","Info",,"System.Collections.ObjectModel.ReadOnlyCollection`1[System.String]","System.Collections.Generic.List`1[System.Diagnostics.Eventing.Reader.EventProperty]"
"The scripted diagnostic engine started initializing a diagnostic package located at C:\Windows\diagnostics\system\Audio.","101","0",,"4","0","0","4611686052787126272","1722","Microsoft-Windows-Diagnosis-Scripted","e1dd7e52-621d-44e3-a1ad-0370c2b25946","Microsoft-Windows-Diagnosis-Scripted/Operational","6008","5264","rjaf-PC4429","S-1-5-21-1634558665-2257203147-3060767804-1000","8/25/2015 1:01:48 AM",,,"c:\users\mac_1\desktop\winevt\logs\microsoft-windows-diagnosis-scripted%4operational.evtx","System.UInt32[]","System.Diagnostics.Eventing.Reader.EventBookmark","Information","Info",,"System.Collections.ObjectModel.ReadOnlyCollection`1[System.String]","System.Collections.Generic.List`1[System.Diagnostics.Eventing.Reader.EventProperty]"
"The scripted diagnostic engine has encountered an error 0x803C0100.","201","0",,"2","0","0","4611686052787126272","1721","Microsoft-Windows-Diagnosis-Scripted","e1dd7e52-621d-44e3-a1ad-0370c2b25946","Microsoft-Windows-Diagnosis-Scripted/Operational","1344","3780","rjaf-PC4429","S-1-5-21-1634558665-2257203147-3060767804-500","8/16/2015 4:52:07 AM",,,"c:\users\mac_1\desktop\winevt\logs\microsoft-windows-diagnosis-scripted%4operational.evtx","System.UInt32[]","System.Diagnostics.Eventing.Reader.EventBookmark","Error","Info",,"System.Collections.ObjectModel.ReadOnlyCollection`1[System.String]","System.Collections.Generic.List`1[System.Diagnostics.Eventing.Reader.EventProperty]"
"The scripted diagnostic engine started running the resolution {245A9D66-AE9C-4518-A5B4-655752B0A5BD}/245A9D66-AE9C-4518-A5B4-655752B0A5BD:-1339905809/{9513cc1c-4a26-4cb8-bf89-0a82129bd105} in the diagnostic package NetworkDiagnostics.","105","0",,"4","0","0","4611686052787126272","1720","Microsoft-Windows-Diagnosis-Scripted","e1dd7e52-621d-44e3-a1ad-0370c2b25946","Microsoft-Windows-Diagnosis-Scripted/Operational","1344","3780","rjaf-PC4429","S-1-5-21-1634558665-2257203147-3060767804-500","8/16/2015 4:11:52 AM",,,"c:\users\mac_1\desktop\winevt\logs\microsoft-windows-diagnosis-scripted%4operational.evtx","System.UInt32[]","System.Diagnostics.Eventing.Reader.EventBookmark","Information","Info",,"System.Collections.ObjectModel.ReadOnlyCollection`1[System.String]","System.Collections.Generic.List`1[System.Diagnostics.Eventing.Reader.EventProperty]"
"The scripted diagnostic engine completed verifying the diagnostic package NetworkDiagnostics.","108","0",,"4","0","0","4611686052787126272","1719","Microsoft-Windows-Diagnosis-Scripted","e1dd7e52-621d-44e3-a1ad-0370c2b25946","Microsoft-Windows-Diagnosis-Scripted/Operational","1344","3780","rjaf-PC4429","S-1-5-21-1634558665-2257203147-3060767804-500","8/16/2015 4:11:52 AM",,,"c:\users\mac_1\desktop\winevt\logs\microsoft-windows-diagnosis-scripted%4operational.evtx","System.UInt32[]","System.Diagnostics.Eventing.Reader.EventBookmark","Information","Info",,"System.Collections.ObjectModel.ReadOnlyCollection`1[System.String]","System.Collections.Generic.List`1[System.Diagnostics.Eventing.Reader.EventProperty]"
"The scripted diagnostic engine started verifying the diagnostic package NetworkDiagnostics.","107","0",,"4","0","0","4611686052787126272","1718","Microsoft-Windows-Diagnosis-Scripted","e1dd7e52-621d-44e3-a1ad-0370c2b25946","Microsoft-Windows-Diagnosis-Scripted/Operational","1344","3780","rjaf-PC4429","S-1-5-21-1634558665-2257203147-3060767804-500","8/16/2015 4:11:34 AM",,,"c:\users\mac_1\desktop\winevt\logs\microsoft-windows-diagnosis-scripted%4operational.evtx","System.UInt32[]","System.Diagnostics.Eventing.Reader.EventBookmark","Information","Info",,"System.Collections.ObjectModel.ReadOnlyCollection`1[System.String]","System.Collections.Generic.List`1[System.Diagnostics.Eventing.Reader.EventProperty]"
"The scripted diagnostic engine completed running the resolution {245A9D66-AE9C-4518-A5B4-655752B0A5BD}/245A9D66-AE9C-4518-A5B4-655752B0A5BD:-1339905809/{07d37f7b-fa5e-4443-bda7-ab107b29afb9} in the diagnostic package NetworkDiagnostics.","106","0",,"4","0","0","4611686052787126272","1717","Microsoft-Windows-Diagnosis-Scripted","e1dd7e52-621d-44e3-a1ad-0370c2b25946","Microsoft-Windows-Diagnosis-Scripted/Operational","1344","3780","rjaf-PC4429","S-1-5-21-1634558665-2257203147-3060767804-500","8/16/2015 4:11:34 AM",,,"c:\users\mac_1\desktop\winevt\logs\microsoft-windows-diagnosis-scripted%4operational.evtx","System.UInt32[]","System.Diagnostics.Eventing.Reader.EventBookmark","Information","Info",,"System.Collections.ObjectModel.ReadOnlyCollection`1[System.String]","System.Collections.Generic.List`1[System.Diagnostics.Eventing.Reader.EventProperty]"
"The scripted diagnostic engine started running the resolution {245A9D66-AE9C-4518-A5B4-655752B0A5BD}/245A9D66-AE9C-4518-A5B4-655752B0A5BD:-1339905809/{07d37f7b-fa5e-4443-bda7-ab107b29afb9} in the diagnostic package NetworkDiagnostics.","105","0",,"4","0","0","4611686052787126272","1716","Microsoft-Windows-Diagnosis-Scripted","e1dd7e52-621d-44e3-a1ad-0370c2b25946","Microsoft-Windows-Diagnosis-Scripted/Operational","1344","3780","rjaf-PC4429","S-1-5-21-1634558665-2257203147-3060767804-500","8/16/2015 4:11:28 AM",,,"c:\users\mac_1\desktop\winevt\logs\microsoft-windows-diagnosis-scripted%4operational.evtx","System.UInt32[]","System.Diagnostics.Eventing.Reader.EventBookmark","Information","Info",,"System.Collections.ObjectModel.ReadOnlyCollection`1[System.String]","System.Collections.Generic.List`1[System.Diagnostics.Eventing.Reader.EventProperty]"
"The scripted diagnostic engine completed diagnosing the diagnostic package NetworkDiagnostics.","104","0",,"4","0","0","4611686052787126272","1715","Microsoft-Windows-Diagnosis-Scripted","e1dd7e52-621d-44e3-a1ad-0370c2b25946","Microsoft-Windows-Diagnosis-Scripted/Operational","1344","3780","rjaf-PC4429","S-1-5-21-1634558665-2257203147-3060767804-500","8/16/2015 4:11:28 AM",,,"c:\users\mac_1\desktop\winevt\logs\microsoft-windows-diagnosis-scripted%4operational.evtx","System.UInt32[]","System.Diagnostics.Eventing.Reader.EventBookmark","Information","Info",,"System.Collections.ObjectModel.ReadOnlyCollection`1[System.String]","System.Collections.Generic.List`1[System.Diagnostics.Eventing.Reader.EventProperty]"
"Rootcause {245A9D66-AE9C-4518-A5B4-655752B0A5BD}/245A9D66-AE9C-4518-A5B4-655752B0A5BD:-1339905809 was detected in package NetworkDiagnostics.","401","0",,"4","0","0","4611686052787126272","1714","Microsoft-Windows-Diagnosis-Scripted","e1dd7e52-621d-44e3-a1ad-0370c2b25946","Microsoft-Windows-Diagnosis-Scripted/Operational","1344","3780","rjaf-PC4429","S-1-5-21-1634558665-2257203147-3060767804-500","8/16/2015 4:11:28 AM",,,"c:\users\mac_1\desktop\winevt\logs\microsoft-windows-diagnosis-scripted%4operational.evtx","System.UInt32[]","System.Diagnostics.Eventing.Reader.EventBookmark","Information","Info",,"System.Collections.ObjectModel.ReadOnlyCollection`1[System.String]","System.Collections.Generic.List`1[System.Diagnostics.Eventing.Reader.EventProperty]"
"The scripted diagnostic engine started diagnosing the diagnostic package NetworkDiagnostics.","103","0",,"4","0","0","4611686052787126272","1713","Microsoft-Windows-Diagnosis-Scripted","e1dd7e52-621d-44e3-a1ad-0370c2b25946","Microsoft-Windows-Diagnosis-Scripted/Operational","1344","3780","rjaf-PC4429","S-1-5-21-1634558665-2257203147-3060767804-500","8/16/2015 4:11:20 AM",,,"c:\users\mac_1\desktop\winevt\logs\microsoft-windows-diagnosis-scripted%4operational.evtx","System.UInt32[]","System.Diagnostics.Eventing.Reader.EventBookmark","Information","Info",,"System.Collections.ObjectModel.ReadOnlyCollection`1[System.String]","System.Collections.Generic.List`1[System.Diagnostics.Eventing.Reader.EventProperty]"
"The scripted diagnostic engine completed initializing a diagnostic package located at C:\Windows\diagnostics\system\networking.","102","0",,"4","0","0","4611686052787126272","1712","Microsoft-Windows-Diagnosis-Scripted","e1dd7e52-621d-44e3-a1ad-0370c2b25946","Microsoft-Windows-Diagnosis-Scripted/Operational","1344","3460","rjaf-PC4429","S-1-5-21-1634558665-2257203147-3060767804-500","8/16/2015 4:11:20 AM",,,"c:\users\mac_1\desktop\winevt\logs\microsoft-windows-diagnosis-scripted%4operational.evtx","System.UInt32[]","System.Diagnostics.Eventing.Reader.EventBookmark","Information","Info",,"System.Collections.ObjectModel.ReadOnlyCollection`1[System.String]","System.Collections.Generic.List`1[System.Diagnostics.Eventing.Reader.EventProperty]"
"The scripted diagnostic engine started initializing a diagnostic package located at C:\Windows\diagnostics\system\networking.","101","0",,"4","0","0","4611686052787126272","1711","Microsoft-Windows-Diagnosis-Scripted","e1dd7e52-621d-44e3-a1ad-0370c2b25946","Microsoft-Windows-Diagnosis-Scripted/Operational","1344","3460","rjaf-PC4429","S-1-5-21-1634558665-2257203147-3060767804-500","8/16/2015 4:11:19 AM",,,"c:\users\mac_1\desktop\winevt\logs\microsoft-windows-diagnosis-scripted%4operational.evtx","System.UInt32[]","System.Diagnostics.Eventing.Reader.EventBookmark","Information","Info",,"System.Collections.ObjectModel.ReadOnlyCollection`1[System.String]","System.Collections.Generic.List`1[System.Diagnostics.Eventing.Reader.EventProperty]"
"The scripted diagnostic engine completed diagnosing the diagnostic package MaintenanceDiagnostic.","104","0",,"4","0","0","4611686052787126272","1710","Microsoft-Windows-Diagnosis-Scripted","e1dd7e52-621d-44e3-a1ad-0370c2b25946","Microsoft-Windows-Diagnosis-Scripted/Operational","5072","2880","rjaf-PC4429","S-1-5-21-1634558665-2257203147-3060767804-1000","8/13/2015 12:08:17 AM",,,"c:\users\mac_1\desktop\winevt\logs\microsoft-windows-diagnosis-scripted%4operational.evtx","System.UInt32[]","System.Diagnostics.Eventing.Reader.EventBookmark","Information","Info",,"System.Collections.ObjectModel.ReadOnlyCollection`1[System.String]","System.Collections.Generic.List`1[System.Diagnostics.Eventing.Reader.EventProperty]"
"The scripted diagnostic engine started diagnosing the diagnostic package MaintenanceDiagnostic.","103","0",,"4","0","0","4611686052787126272","1709","Microsoft-Windows-Diagnosis-Scripted","e1dd7e52-621d-44e3-a1ad-0370c2b25946","Microsoft-Windows-Diagnosis-Scripted/Operational","5072","2880","rjaf-PC4429","S-1-5-21-1634558665-2257203147-3060767804-1000","8/13/2015 12:08:11 AM",,,"c:\users\mac_1\desktop\winevt\logs\microsoft-windows-diagnosis-scripted%4operational.evtx","System.UInt32[]","System.Diagnostics.Eventing.Reader.EventBookmark","Information","Info",,"System.Collections.ObjectModel.ReadOnlyCollection`1[System.String]","System.Collections.Generic.List`1[System.Diagnostics.Eventing.Reader.EventProperty]"
"The scripted diagnostic engine completed initializing a diagnostic package located at C:\Windows\diagnostics\scheduled\Maintenance.","102","0",,"4","0","0","4611686052787126272","1708","Microsoft-Windows-Diagnosis-Scripted","e1dd7e52-621d-44e3-a1ad-0370c2b25946","Microsoft-Windows-Diagnosis-Scripted/Operational","5072","2880","rjaf-PC4429","S-1-5-21-1634558665-2257203147-3060767804-1000","8/13/2015 12:08:11 AM",,,"c:\users\mac_1\desktop\winevt\logs\microsoft-windows-diagnosis-scripted%4operational.evtx","System.UInt32[]","System.Diagnostics.Eventing.Reader.EventBookmark","Information","Info",,"System.Collections.ObjectModel.ReadOnlyCollection`1[System.String]","System.Collections.Generic.List`1[System.Diagnostics.Eventing.Reader.EventProperty]"
"The scripted diagnostic engine started initializing a diagnostic package located at C:\Windows\diagnostics\scheduled\Maintenance.","101","0",,"4","0","0","4611686052787126272","1707","Microsoft-Windows-Diagnosis-Scripted","e1dd7e52-621d-44e3-a1ad-0370c2b25946","Microsoft-Windows-Diagnosis-Scripted/Operational","5072","2880","rjaf-PC4429","S-1-5-21-1634558665-2257203147-3060767804-1000","8/13/2015 12:08:10 AM",,,"c:\users\mac_1\desktop\winevt\logs\microsoft-windows-diagnosis-scripted%4operational.evtx","System.UInt32[]","System.Diagnostics.Eventing.Reader.EventBookmark","Information","Info",,"System.Collections.ObjectModel.ReadOnlyCollection`1[System.String]","System.Collections.Generic.List`1[System.Diagnostics.Eventing.Reader.EventProperty]"
"The scripted diagnostic engine completed diagnosing the diagnostic package MaintenanceDiagnostic.","104","0",,"4","0","0","4611686052787126272","1706","Microsoft-Windows-Diagnosis-Scripted","e1dd7e52-621d-44e3-a1ad-0370c2b25946","Microsoft-Windows-Diagnosis-Scripted/Operational","3028","2596","rjaf-PC4429","S-1-5-21-1634558665-2257203147-3060767804-1000","7/27/2015 12:52:26 AM",,,"c:\users\mac_1\desktop\winevt\logs\microsoft-windows-diagnosis-scripted%4operational.evtx","System.UInt32[]","System.Diagnostics.Eventing.Reader.EventBookmark","Information","Info",,"System.Collections.ObjectModel.ReadOnlyCollection`1[System.String]","System.Collections.Generic.List`1[System.Diagnostics.Eventing.Reader.EventProperty]"
"The scripted diagnostic engine started diagnosing the diagnostic package MaintenanceDiagnostic.","103","0",,"4","0","0","4611686052787126272","1705","Microsoft-Windows-Diagnosis-Scripted","e1dd7e52-621d-44e3-a1ad-0370c2b25946","Microsoft-Windows-Diagnosis-Scripted/Operational","3028","2596","rjaf-PC4429","S-1-5-21-1634558665-2257203147-3060767804-1000","7/27/2015 12:52:17 AM",,,"c:\users\mac_1\desktop\winevt\logs\microsoft-windows-diagnosis-scripted%4operational.evtx","System.UInt32[]","System.Diagnostics.Eventing.Reader.EventBookmark","Information","Info",,"System.Collections.ObjectModel.ReadOnlyCollection`1[System.String]","System.Collections.Generic.List`1[System.Diagnostics.Eventing.Reader.EventProperty]"
"The scripted diagnostic engine completed initializing a diagnostic package located at C:\Windows\diagnostics\scheduled\Maintenance.","102","0",,"4","0","0","4611686052787126272","1704","Microsoft-Windows-Diagnosis-Scripted","e1dd7e52-621d-44e3-a1ad-0370c2b25946","Microsoft-Windows-Diagnosis-Scripted/Operational","3028","2596","rjaf-PC4429","S-1-5-21-1634558665-2257203147-3060767804-1000","7/27/2015 12:52:17 AM",,,"c:\users\mac_1\desktop\winevt\logs\microsoft-windows-diagnosis-scripted%4operational.evtx","System.UInt32[]","System.Diagnostics.Eventing.Reader.EventBookmark","Information","Info",,"System.Collections.ObjectModel.ReadOnlyCollection`1[System.String]","System.Collections.Generic.List`1[System.Diagnostics.Eventing.Reader.EventProperty]"
"The scripted diagnostic engine started initializing a diagnostic package located at C:\Windows\diagnostics\scheduled\Maintenance.","101","0",,"4","0","0","4611686052787126272","1703","Microsoft-Windows-Diagnosis-Scripted","e1dd7e52-621d-44e3-a1ad-0370c2b25946","Microsoft-Windows-Diagnosis-Scripted/Operational","3028","2596","rjaf-PC4429","S-1-5-21-1634558665-2257203147-3060767804-1000","7/27/2015 12:52:17 AM",,,"c:\users\mac_1\desktop\winevt\logs\microsoft-windows-diagnosis-scripted%4operational.evtx","System.UInt32[]","System.Diagnostics.Eventing.Reader.EventBookmark","Information","Info",,"System.Collections.ObjectModel.ReadOnlyCollection`1[System.String]","System.Collections.Generic.List`1[System.Diagnostics.Eventing.Reader.EventProperty]"
"Rootcause RC_DiagnosticHistory/DefaultInstanceId was resolved in package MaintenanceDiagnostic.","402","0",,"4","0","0","4611686052787126272","1702","Microsoft-Windows-Diagnosis-Scripted","e1dd7e52-621d-44e3-a1ad-0370c2b25946","Microsoft-Windows-Diagnosis-Scripted/Operational","5280","4976","rjaf-PC4429","S-1-5-21-1634558665-2257203147-3060767804-1000","7/23/2015 5:20:32 AM",,,"c:\users\mac_1\desktop\winevt\logs\microsoft-windows-diagnosis-scripted%4operational.evtx","System.UInt32[]","System.Diagnostics.Eventing.Reader.EventBookmark","Information","Info",,"System.Collections.ObjectModel.ReadOnlyCollection`1[System.String]","System.Collections.Generic.List`1[System.Diagnostics.Eventing.Reader.EventProperty]"
"The scripted diagnostic engine completed verifying the diagnostic package MaintenanceDiagnostic.","108","0",,"4","0","0","4611686052787126272","1701","Microsoft-Windows-Diagnosis-Scripted","e1dd7e52-621d-44e3-a1ad-0370c2b25946","Microsoft-Windows-Diagnosis-Scripted/Operational","5280","4976","rjaf-PC4429","S-1-5-21-1634558665-2257203147-3060767804-1000","7/23/2015 5:20:32 AM",,,"c:\users\mac_1\desktop\winevt\logs\microsoft-windows-diagnosis-scripted%4operational.evtx","System.UInt32[]","System.Diagnostics.Eventing.Reader.EventBookmark","Information","Info",,"System.Collections.ObjectModel.ReadOnlyCollection`1[System.String]","System.Collections.Generic.List`1[System.Diagnostics.Eventing.Reader.EventProperty]"
"The scripted diagnostic engine started verifying the diagnostic package MaintenanceDiagnostic.","107","0",,"4","0","0","4611686052787126272","1700","Microsoft-Windows-Diagnosis-Scripted","e1dd7e52-621d-44e3-a1ad-0370c2b25946","Microsoft-Windows-Diagnosis-Scripted/Operational","5280","4976","rjaf-PC4429","S-1-5-21-1634558665-2257203147-3060767804-1000","7/23/2015 5:20:32 AM",,,"c:\users\mac_1\desktop\winevt\logs\microsoft-windows-diagnosis-scripted%4operational.evtx","System.UInt32[]","System.Diagnostics.Eventing.Reader.EventBookmark","Information","Info",,"System.Collections.ObjectModel.ReadOnlyCollection`1[System.String]","System.Collections.Generic.List`1[System.Diagnostics.Eventing.Reader.EventProperty]"
"The scripted diagnostic engine completed running the resolution RC_DiagnosticHistory/DefaultInstanceId/RS_UserDiagnosticHistory in the diagnostic package MaintenanceDiagnostic.","106","0",,"4","0","0","4611686052787126272","1699","Microsoft-Windows-Diagnosis-Scripted","e1dd7e52-621d-44e3-a1ad-0370c2b25946","Microsoft-Windows-Diagnosis-Scripted/Operational","5280","4976","rjaf-PC4429","S-1-5-21-1634558665-2257203147-3060767804-1000","7/23/2015 5:20:32 AM",,,"c:\users\mac_1\desktop\winevt\logs\microsoft-windows-diagnosis-scripted%4operational.evtx","System.UInt32[]","System.Diagnostics.Eventing.Reader.EventBookmark","Information","Info",,"System.Collections.ObjectModel.ReadOnlyCollection`1[System.String]","System.Collections.Generic.List`1[System.Diagnostics.Eventing.Reader.EventProperty]"
"The scripted diagnostic engine started running the resolution RC_DiagnosticHistory/DefaultInstanceId/RS_UserDiagnosticHistory in the diagnostic package MaintenanceDiagnostic.","105","0",,"4","0","0","4611686052787126272","1698","Microsoft-Windows-Diagnosis-Scripted","e1dd7e52-621d-44e3-a1ad-0370c2b25946","Microsoft-Windows-Diagnosis-Scripted/Operational","5280","4976","rjaf-PC4429","S-1-5-21-1634558665-2257203147-3060767804-1000","7/23/2015 5:20:31 AM",,,"c:\users\mac_1\desktop\winevt\logs\microsoft-windows-diagnosis-scripted%4operational.evtx","System.UInt32[]","System.Diagnostics.Eventing.Reader.EventBookmark","Information","Info",,"System.Collections.ObjectModel.ReadOnlyCollection`1[System.String]","System.Collections.Generic.List`1[System.Diagnostics.Eventing.Reader.EventProperty]"
"The scripted diagnostic engine completed diagnosing the diagnostic package MaintenanceDiagnostic.","104","0",,"4","0","0","4611686052787126272","1697","Microsoft-Windows-Diagnosis-Scripted","e1dd7e52-621d-44e3-a1ad-0370c2b25946","Microsoft-Windows-Diagnosis-Scripted/Operational","5280","4976","rjaf-PC4429","S-1-5-21-1634558665-2257203147-3060767804-1000","7/23/2015 5:20:31 AM",,,"c:\users\mac_1\desktop\winevt\logs\microsoft-windows-diagnosis-scripted%4operational.evtx","System.UInt32[]","System.Diagnostics.Eventing.Reader.EventBookmark","Information","Info",,"System.Collections.ObjectModel.ReadOnlyCollection`1[System.String]","System.Collections.Generic.List`1[System.Diagnostics.Eventing.Reader.EventProperty]"
"Rootcause RC_DiagnosticHistory/DefaultInstanceId was detected in package MaintenanceDiagnostic.","401","0",,"4","0","0","4611686052787126272","1696","Microsoft-Windows-Diagnosis-Scripted","e1dd7e52-621d-44e3-a1ad-0370c2b25946","Microsoft-Windows-Diagnosis-Scripted/Operational","5280","4976","rjaf-PC4429","S-1-5-21-1634558665-2257203147-3060767804-1000","7/23/2015 5:20:31 AM",,,"c:\users\mac_1\desktop\winevt\logs\microsoft-windows-diagnosis-scripted%4operational.evtx","System.UInt32[]","System.Diagnostics.Eventing.Reader.EventBookmark","Information","Info",,"System.Collections.ObjectModel.ReadOnlyCollection`1[System.String]","System.Collections.Generic.List`1[System.Diagnostics.Eventing.Reader.EventProperty]"
"The scripted diagnostic engine started diagnosing the diagnostic package MaintenanceDiagnostic.","103","0",,"4","0","0","4611686052787126272","1695","Microsoft-Windows-Diagnosis-Scripted","e1dd7e52-621d-44e3-a1ad-0370c2b25946","Microsoft-Windows-Diagnosis-Scripted/Operational","5280","4976","rjaf-PC4429","S-1-5-21-1634558665-2257203147-3060767804-1000","7/23/2015 5:20:22 AM",,,"c:\users\mac_1\desktop\winevt\logs\microsoft-windows-diagnosis-scripted%4operational.evtx","System.UInt32[]","System.Diagnostics.Eventing.Reader.EventBookmark","Information","Info",,"System.Collections.ObjectModel.ReadOnlyCollection`1[System.String]","System.Collections.Generic.List`1[System.Diagnostics.Eventing.Reader.EventProperty]"
"The scripted diagnostic engine completed initializing a diagnostic package located at C:\Windows\diagnostics\scheduled\Maintenance.","102","0",,"4","0","0","4611686052787126272","1694","Microsoft-Windows-Diagnosis-Scripted","e1dd7e52-621d-44e3-a1ad-0370c2b25946","Microsoft-Windows-Diagnosis-Scripted/Operational","5280","4976","rjaf-PC4429","S-1-5-21-1634558665-2257203147-3060767804-1000","7/23/2015 5:20:22 AM",,,"c:\users\mac_1\desktop\winevt\logs\microsoft-windows-diagnosis-scripted%4operational.evtx","System.UInt32[]","System.Diagnostics.Eventing.Reader.EventBookmark","Information","Info",,"System.Collections.ObjectModel.ReadOnlyCollection`1[System.String]","System.Collections.Generic.List`1[System.Diagnostics.Eventing.Reader.EventProperty]"
"The scripted diagnostic engine started initializing a diagnostic package located at C:\Windows\diagnostics\scheduled\Maintenance.","101","0",,"4","0","0","4611686052787126272","1693","Microsoft-Windows-Diagnosis-Scripted","e1dd7e52-621d-44e3-a1ad-0370c2b25946","Microsoft-Windows-Diagnosis-Scripted/Operational","5280","4976","rjaf-PC4429","S-1-5-21-1634558665-2257203147-3060767804-1000","7/23/2015 5:20:21 AM",,,"c:\users\mac_1\desktop\winevt\logs\microsoft-windows-diagnosis-scripted%4operational.evtx","System.UInt32[]","System.Diagnostics.Eventing.Reader.EventBookmark","Information","Info",,"System.Collections.ObjectModel.ReadOnlyCollection`1[System.String]","System.Collections.Generic.List`1[System.Diagnostics.Eventing.Reader.EventProperty]"
"The scripted diagnostic engine completed diagnosing the diagnostic package MaintenanceDiagnostic.","104","0",,"4","0","0","4611686052787126272","1692","Microsoft-Windows-Diagnosis-Scripted","e1dd7e52-621d-44e3-a1ad-0370c2b25946","Microsoft-Windows-Diagnosis-Scripted/Operational","3620","5544","rjaf-PC4429","S-1-5-21-1634558665-2257203147-3060767804-1000","6/28/2015 2:27:24 PM",,,"c:\users\mac_1\desktop\winevt\logs\microsoft-windows-diagnosis-scripted%4operational.evtx","System.UInt32[]","System.Diagnostics.Eventing.Reader.EventBookmark","Information","Info",,"System.Collections.ObjectModel.ReadOnlyCollection`1[System.String]","System.Collections.Generic.List`1[System.Diagnostics.Eventing.Reader.EventProperty]"
"The scripted diagnostic engine started diagnosing the diagnostic package MaintenanceDiagnostic.","103","0",,"4","0","0","4611686052787126272","1691","Microsoft-Windows-Diagnosis-Scripted","e1dd7e52-621d-44e3-a1ad-0370c2b25946","Microsoft-Windows-Diagnosis-Scripted/Operational","3620","5544","rjaf-PC4429","S-1-5-21-1634558665-2257203147-3060767804-1000","6/28/2015 2:27:08 PM",,,"c:\users\mac_1\desktop\winevt\logs\microsoft-windows-diagnosis-scripted%4operational.evtx","System.UInt32[]","System.Diagnostics.Eventing.Reader.EventBookmark","Information","Info",,"System.Collections.ObjectModel.ReadOnlyCollection`1[System.String]","System.Collections.Generic.List`1[System.Diagnostics.Eventing.Reader.EventProperty]"
"The scripted diagnostic engine completed initializing a diagnostic package located at C:\Windows\diagnostics\scheduled\Maintenance.","102","0",,"4","0","0","4611686052787126272","1690","Microsoft-Windows-Diagnosis-Scripted","e1dd7e52-621d-44e3-a1ad-0370c2b25946","Microsoft-Windows-Diagnosis-Scripted/Operational","3620","5544","rjaf-PC4429","S-1-5-21-1634558665-2257203147-3060767804-1000","6/28/2015 2:27:08 PM",,,"c:\users\mac_1\desktop\winevt\logs\microsoft-windows-diagnosis-scripted%4operational.evtx","System.UInt32[]","System.Diagnostics.Eventing.Reader.EventBookmark","Information","Info",,"System.Collections.ObjectModel.ReadOnlyCollection`1[System.String]","System.Collections.Generic.List`1[System.Diagnostics.Eventing.Reader.EventProperty]"
"The scripted diagnostic engine started initializing a diagnostic package located at C:\Windows\diagnostics\scheduled\Maintenance.","101","0",,"4","0","0","4611686052787126272","1689","Microsoft-Windows-Diagnosis-Scripted","e1dd7e52-621d-44e3-a1ad-0370c2b25946","Microsoft-Windows-Diagnosis-Scripted/Operational","3620","5544","rjaf-PC4429","S-1-5-21-1634558665-2257203147-3060767804-1000","6/28/2015 2:27:07 PM",,,"c:\users\mac_1\desktop\winevt\logs\microsoft-windows-diagnosis-scripted%4operational.evtx","System.UInt32[]","System.Diagnostics.Eventing.Reader.EventBookmark","Information","Info",,"System.Collections.ObjectModel.ReadOnlyCollection`1[System.String]","System.Collections.Generic.List`1[System.Diagnostics.Eventing.Reader.EventProperty]"
"The scripted diagnostic engine completed diagnosing the diagnostic package MaintenanceDiagnostic.","104","0",,"4","0","0","4611686052787126272","1688","Microsoft-Windows-Diagnosis-Scripted","e1dd7e52-621d-44e3-a1ad-0370c2b25946","Microsoft-Windows-Diagnosis-Scripted/Operational","4732","3716","rjaf-PC4429","S-1-5-21-1634558665-2257203147-3060767804-1000","6/28/2015 3:50:52 AM",,,"c:\users\mac_1\desktop\winevt\logs\microsoft-windows-diagnosis-scripted%4operational.evtx","System.UInt32[]","System.Diagnostics.Eventing.Reader.EventBookmark","Information","Info",,"System.Collections.ObjectModel.ReadOnlyCollection`1[System.String]","System.Collections.Generic.List`1[System.Diagnostics.Eventing.Reader.EventProperty]"
