"The Windows Resource Exhaustion Detector started.","1001","0",,"4","1","11","4611686018695823360","259","Microsoft-Windows-Resource-Exhaustion-Detector","9988748e-c2e8-4054-85f6-0c3e1cad2470","Microsoft-Windows-Resource-Exhaustion-Detector/Operational","1424","536","rjaf-PC4429","S-1-5-19","6/23/2014 6:01:11 AM",,,"c:\users\mac_1\desktop\winevt\logs\microsoft-windows-resource-exhaustion-detector%4operational.evtx","System.UInt32[]","System.Diagnostics.Eventing.Reader.EventBookmark","Information","Events logged when the resource exhaustion detector is started.","Lifecycle Events","System.Collections.ObjectModel.ReadOnlyCollection`1[System.String]","System.Collections.Generic.List`1[System.Diagnostics.Eventing.Reader.EventProperty]"
"The Windows Resource Exhaustion Detector stopped.","1002","0",,"4","1","12","4611686018695823360","258","Microsoft-Windows-Resource-Exhaustion-Detector","9988748e-c2e8-4054-85f6-0c3e1cad2470","Microsoft-Windows-Resource-Exhaustion-Detector/Operational","1436","4596","rjaf-PC4429","S-1-5-19","6/23/2014 3:03:49 AM",,,"c:\users\mac_1\desktop\winevt\logs\microsoft-windows-resource-exhaustion-detector%4operational.evtx","System.UInt32[]","System.Diagnostics.Eventing.Reader.EventBookmark","Information","Events logged when the resource exhaustion detector is stopped.","Lifecycle Events","System.Collections.ObjectModel.ReadOnlyCollection`1[System.String]","System.Collections.Generic.List`1[System.Diagnostics.Eventing.Reader.EventProperty]"
"The Windows Resource Exhaustion Detector stopped.","1002","0",,"4","1","12","4611686018695823360","257","Microsoft-Windows-Resource-Exhaustion-Detector","9988748e-c2e8-4054-85f6-0c3e1cad2470","Microsoft-Windows-Resource-Exhaustion-Detector/Operational","948","1300","rjaf-PC4429","S-1-5-18","6/18/2014 11:12:14 PM",,,"c:\users\mac_1\desktop\winevt\logs\microsoft-windows-resource-exhaustion-detector%4operational.evtx","System.UInt32[]","System.Diagnostics.Eventing.Reader.EventBookmark","Information","Events logged when the resource exhaustion detector is stopped.","Lifecycle Events","System.Collections.ObjectModel.ReadOnlyCollection`1[System.String]","System.Collections.Generic.List`1[System.Diagnostics.Eventing.Reader.EventProperty]"
"The Windows Resource Exhaustion Detector started.","1001","0",,"4","1","11","4611686018695823360","256","Microsoft-Windows-Resource-Exhaustion-Detector","9988748e-c2e8-4054-85f6-0c3e1cad2470","Microsoft-Windows-Resource-Exhaustion-Detector/Operational","948","3592","rjaf-PC4429","S-1-5-18","6/18/2014 10:47:23 PM",,,"c:\users\mac_1\desktop\winevt\logs\microsoft-windows-resource-exhaustion-detector%4operational.evtx","System.UInt32[]","System.Diagnostics.Eventing.Reader.EventBookmark","Information","Events logged when the resource exhaustion detector is started.","Lifecycle Events","System.Collections.ObjectModel.ReadOnlyCollection`1[System.String]","System.Collections.Generic.List`1[System.Diagnostics.Eventing.Reader.EventProperty]"
"The Windows Resource Exhaustion Detector started.","1001","0",,"4","1","11","4611686018695823360","255","Microsoft-Windows-Resource-Exhaustion-Detector","9988748e-c2e8-4054-85f6-0c3e1cad2470","Microsoft-Windows-Resource-Exhaustion-Detector/Operational","1436","2240","rjaf-PC4429","S-1-5-19","6/18/2014 1:00:01 AM",,,"c:\users\mac_1\desktop\winevt\logs\microsoft-windows-resource-exhaustion-detector%4operational.evtx","System.UInt32[]","System.Diagnostics.Eventing.Reader.EventBookmark","Information","Events logged when the resource exhaustion detector is started.","Lifecycle Events","System.Collections.ObjectModel.ReadOnlyCollection`1[System.String]","System.Collections.Generic.List`1[System.Diagnostics.Eventing.Reader.EventProperty]"
"The Windows Resource Exhaustion Detector stopped.","1002","0",,"4","1","12","4611686018695823360","254","Microsoft-Windows-Resource-Exhaustion-Detector","9988748e-c2e8-4054-85f6-0c3e1cad2470","Microsoft-Windows-Resource-Exhaustion-Detector/Operational","1412","15568","rjaf-PC4429","S-1-5-19","6/18/2014 12:59:25 AM",,,"c:\users\mac_1\desktop\winevt\logs\microsoft-windows-resource-exhaustion-detector%4operational.evtx","System.UInt32[]","System.Diagnostics.Eventing.Reader.EventBookmark","Information","Events logged when the resource exhaustion detector is stopped.","Lifecycle Events","System.Collections.ObjectModel.ReadOnlyCollection`1[System.String]","System.Collections.Generic.List`1[System.Diagnostics.Eventing.Reader.EventProperty]"
"The Windows Resource Exhaustion Detector started.","1001","0",,"4","1","11","4611686018695823360","253","Microsoft-Windows-Resource-Exhaustion-Detector","9988748e-c2e8-4054-85f6-0c3e1cad2470","Microsoft-Windows-Resource-Exhaustion-Detector/Operational","1412","2248","rjaf-PC4429","S-1-5-19","6/16/2014 7:14:47 AM",,,"c:\users\mac_1\desktop\winevt\logs\microsoft-windows-resource-exhaustion-detector%4operational.evtx","System.UInt32[]","System.Diagnostics.Eventing.Reader.EventBookmark","Information","Events logged when the resource exhaustion detector is started.","Lifecycle Events","System.Collections.ObjectModel.ReadOnlyCollection`1[System.String]","System.Collections.Generic.List`1[System.Diagnostics.Eventing.Reader.EventProperty]"
"The Windows Resource Exhaustion Detector started.","1001","0",,"4","1","11","4611686018695823360","252","Microsoft-Windows-Resource-Exhaustion-Detector","9988748e-c2e8-4054-85f6-0c3e1cad2470","Microsoft-Windows-Resource-Exhaustion-Detector/Operational","1436","2124","rjaf-PC4429","S-1-5-19","6/15/2014 12:56:51 AM",,,"c:\users\mac_1\desktop\winevt\logs\microsoft-windows-resource-exhaustion-detector%4operational.evtx","System.UInt32[]","System.Diagnostics.Eventing.Reader.EventBookmark","Information","Events logged when the resource exhaustion detector is started.","Lifecycle Events","System.Collections.ObjectModel.ReadOnlyCollection`1[System.String]","System.Collections.Generic.List`1[System.Diagnostics.Eventing.Reader.EventProperty]"
"The Windows Resource Exhaustion Detector stopped.","1002","0",,"4","1","12","4611686018695823360","251","Microsoft-Windows-Resource-Exhaustion-Detector","9988748e-c2e8-4054-85f6-0c3e1cad2470","Microsoft-Windows-Resource-Exhaustion-Detector/Operational","1372","8992","rjaf-PC4429","S-1-5-19","6/14/2014 12:20:42 PM",,,"c:\users\mac_1\desktop\winevt\logs\microsoft-windows-resource-exhaustion-detector%4operational.evtx","System.UInt32[]","System.Diagnostics.Eventing.Reader.EventBookmark","Information","Events logged when the resource exhaustion detector is stopped.","Lifecycle Events","System.Collections.ObjectModel.ReadOnlyCollection`1[System.String]","System.Collections.Generic.List`1[System.Diagnostics.Eventing.Reader.EventProperty]"
"The Windows Resource Exhaustion Detector started.","1001","0",,"4","1","11","4611686018695823360","250","Microsoft-Windows-Resource-Exhaustion-Detector","9988748e-c2e8-4054-85f6-0c3e1cad2470","Microsoft-Windows-Resource-Exhaustion-Detector/Operational","1372","2184","rjaf-PC4429","S-1-5-19","6/14/2014 6:02:59 AM",,,"c:\users\mac_1\desktop\winevt\logs\microsoft-windows-resource-exhaustion-detector%4operational.evtx","System.UInt32[]","System.Diagnostics.Eventing.Reader.EventBookmark","Information","Events logged when the resource exhaustion detector is started.","Lifecycle Events","System.Collections.ObjectModel.ReadOnlyCollection`1[System.String]","System.Collections.Generic.List`1[System.Diagnostics.Eventing.Reader.EventProperty]"
"The Windows Resource Exhaustion Detector stopped.","1002","0",,"4","1","12","4611686018695823360","249","Microsoft-Windows-Resource-Exhaustion-Detector","9988748e-c2e8-4054-85f6-0c3e1cad2470","Microsoft-Windows-Resource-Exhaustion-Detector/Operational","1408","13188","rjaf-PC4429","S-1-5-19","6/14/2014 1:25:55 AM",,,"c:\users\mac_1\desktop\winevt\logs\microsoft-windows-resource-exhaustion-detector%4operational.evtx","System.UInt32[]","System.Diagnostics.Eventing.Reader.EventBookmark","Information","Events logged when the resource exhaustion detector is stopped.","Lifecycle Events","System.Collections.ObjectModel.ReadOnlyCollection`1[System.String]","System.Collections.Generic.List`1[System.Diagnostics.Eventing.Reader.EventProperty]"
"The Windows Resource Exhaustion Detector started.","1001","0",,"4","1","11","4611686018695823360","248","Microsoft-Windows-Resource-Exhaustion-Detector","9988748e-c2e8-4054-85f6-0c3e1cad2470","Microsoft-Windows-Resource-Exhaustion-Detector/Operational","1408","2092","rjaf-PC4429","S-1-5-19","6/9/2014 2:10:14 AM",,,"c:\users\mac_1\desktop\winevt\logs\microsoft-windows-resource-exhaustion-detector%4operational.evtx","System.UInt32[]","System.Diagnostics.Eventing.Reader.EventBookmark","Information","Events logged when the resource exhaustion detector is started.","Lifecycle Events","System.Collections.ObjectModel.ReadOnlyCollection`1[System.String]","System.Collections.Generic.List`1[System.Diagnostics.Eventing.Reader.EventProperty]"
"The Windows Resource Exhaustion Detector stopped.","1002","0",,"4","1","12","4611686018695823360","247","Microsoft-Windows-Resource-Exhaustion-Detector","9988748e-c2e8-4054-85f6-0c3e1cad2470","Microsoft-Windows-Resource-Exhaustion-Detector/Operational","1420","3764","rjaf-PC4429","S-1-5-19","6/8/2014 5:53:20 AM",,,"c:\users\mac_1\desktop\winevt\logs\microsoft-windows-resource-exhaustion-detector%4operational.evtx","System.UInt32[]","System.Diagnostics.Eventing.Reader.EventBookmark","Information","Events logged when the resource exhaustion detector is stopped.","Lifecycle Events","System.Collections.ObjectModel.ReadOnlyCollection`1[System.String]","System.Collections.Generic.List`1[System.Diagnostics.Eventing.Reader.EventProperty]"
"The Windows Resource Exhaustion Detector started.","1001","0",,"4","1","11","4611686018695823360","246","Microsoft-Windows-Resource-Exhaustion-Detector","9988748e-c2e8-4054-85f6-0c3e1cad2470","Microsoft-Windows-Resource-Exhaustion-Detector/Operational","1420","2080","rjaf-PC4429","S-1-5-19","6/8/2014 5:41:16 AM",,,"c:\users\mac_1\desktop\winevt\logs\microsoft-windows-resource-exhaustion-detector%4operational.evtx","System.UInt32[]","System.Diagnostics.Eventing.Reader.EventBookmark","Information","Events logged when the resource exhaustion detector is started.","Lifecycle Events","System.Collections.ObjectModel.ReadOnlyCollection`1[System.String]","System.Collections.Generic.List`1[System.Diagnostics.Eventing.Reader.EventProperty]"
"The Windows Resource Exhaustion Detector stopped.","1002","0",,"4","1","12","4611686018695823360","245","Microsoft-Windows-Resource-Exhaustion-Detector","9988748e-c2e8-4054-85f6-0c3e1cad2470","Microsoft-Windows-Resource-Exhaustion-Detector/Operational","1392","7152","rjaf-PC4429","S-1-5-19","6/5/2014 2:26:38 AM",,,"c:\users\mac_1\desktop\winevt\logs\microsoft-windows-resource-exhaustion-detector%4operational.evtx","System.UInt32[]","System.Diagnostics.Eventing.Reader.EventBookmark","Information","Events logged when the resource exhaustion detector is stopped.","Lifecycle Events","System.Collections.ObjectModel.ReadOnlyCollection`1[System.String]","System.Collections.Generic.List`1[System.Diagnostics.Eventing.Reader.EventProperty]"
"The Windows Resource Exhaustion Detector stopped.","1002","0",,"4","1","12","4611686018695823360","244","Microsoft-Windows-Resource-Exhaustion-Detector","9988748e-c2e8-4054-85f6-0c3e1cad2470","Microsoft-Windows-Resource-Exhaustion-Detector/Operational","944","4132","rjaf-PC4429","S-1-5-18","6/1/2014 12:37:39 PM",,,"c:\users\mac_1\desktop\winevt\logs\microsoft-windows-resource-exhaustion-detector%4operational.evtx","System.UInt32[]","System.Diagnostics.Eventing.Reader.EventBookmark","Information","Events logged when the resource exhaustion detector is stopped.","Lifecycle Events","System.Collections.ObjectModel.ReadOnlyCollection`1[System.String]","System.Collections.Generic.List`1[System.Diagnostics.Eventing.Reader.EventProperty]"
"The Windows Resource Exhaustion Detector started.","1001","0",,"4","1","11","4611686018695823360","243","Microsoft-Windows-Resource-Exhaustion-Detector","9988748e-c2e8-4054-85f6-0c3e1cad2470","Microsoft-Windows-Resource-Exhaustion-Detector/Operational","944","988","rjaf-PC4429","S-1-5-18","6/1/2014 12:17:40 PM",,,"c:\users\mac_1\desktop\winevt\logs\microsoft-windows-resource-exhaustion-detector%4operational.evtx","System.UInt32[]","System.Diagnostics.Eventing.Reader.EventBookmark","Information","Events logged when the resource exhaustion detector is started.","Lifecycle Events","System.Collections.ObjectModel.ReadOnlyCollection`1[System.String]","System.Collections.Generic.List`1[System.Diagnostics.Eventing.Reader.EventProperty]"
"The Windows Resource Exhaustion Detector started.","1001","0",,"4","1","11","4611686018695823360","242","Microsoft-Windows-Resource-Exhaustion-Detector","9988748e-c2e8-4054-85f6-0c3e1cad2470","Microsoft-Windows-Resource-Exhaustion-Detector/Operational","1392","292","rjaf-PC4429","S-1-5-19","5/31/2014 11:13:18 PM",,,"c:\users\mac_1\desktop\winevt\logs\microsoft-windows-resource-exhaustion-detector%4operational.evtx","System.UInt32[]","System.Diagnostics.Eventing.Reader.EventBookmark","Information","Events logged when the resource exhaustion detector is started.","Lifecycle Events","System.Collections.ObjectModel.ReadOnlyCollection`1[System.String]","System.Collections.Generic.List`1[System.Diagnostics.Eventing.Reader.EventProperty]"
"The Windows Resource Exhaustion Detector stopped.","1002","0",,"4","1","12","4611686018695823360","241","Microsoft-Windows-Resource-Exhaustion-Detector","9988748e-c2e8-4054-85f6-0c3e1cad2470","Microsoft-Windows-Resource-Exhaustion-Detector/Operational","1340","3612","rjaf-PC4429","S-1-5-19","5/29/2014 2:44:09 AM",,,"c:\users\mac_1\desktop\winevt\logs\microsoft-windows-resource-exhaustion-detector%4operational.evtx","System.UInt32[]","System.Diagnostics.Eventing.Reader.EventBookmark","Information","Events logged when the resource exhaustion detector is stopped.","Lifecycle Events","System.Collections.ObjectModel.ReadOnlyCollection`1[System.String]","System.Collections.Generic.List`1[System.Diagnostics.Eventing.Reader.EventProperty]"
"The Windows Resource Exhaustion Detector started.","1001","0",,"4","1","11","4611686018695823360","240","Microsoft-Windows-Resource-Exhaustion-Detector","9988748e-c2e8-4054-85f6-0c3e1cad2470","Microsoft-Windows-Resource-Exhaustion-Detector/Operational","1340","1596","rjaf-PC4429","S-1-5-19","5/24/2014 5:01:50 AM",,,"c:\users\mac_1\desktop\winevt\logs\microsoft-windows-resource-exhaustion-detector%4operational.evtx","System.UInt32[]","System.Diagnostics.Eventing.Reader.EventBookmark","Information","Events logged when the resource exhaustion detector is started.","Lifecycle Events","System.Collections.ObjectModel.ReadOnlyCollection`1[System.String]","System.Collections.Generic.List`1[System.Diagnostics.Eventing.Reader.EventProperty]"
"The Windows Resource Exhaustion Detector stopped.","1002","0",,"4","1","12","4611686018695823360","239","Microsoft-Windows-Resource-Exhaustion-Detector","9988748e-c2e8-4054-85f6-0c3e1cad2470","Microsoft-Windows-Resource-Exhaustion-Detector/Operational","1420","6136","rjaf-PC4429","S-1-5-19","5/24/2014 1:41:40 AM",,,"c:\users\mac_1\desktop\winevt\logs\microsoft-windows-resource-exhaustion-detector%4operational.evtx","System.UInt32[]","System.Diagnostics.Eventing.Reader.EventBookmark","Information","Events logged when the resource exhaustion detector is stopped.","Lifecycle Events","System.Collections.ObjectModel.ReadOnlyCollection`1[System.String]","System.Collections.Generic.List`1[System.Diagnostics.Eventing.Reader.EventProperty]"
"The Windows Resource Exhaustion Detector started.","1001","0",,"4","1","11","4611686018695823360","238","Microsoft-Windows-Resource-Exhaustion-Detector","9988748e-c2e8-4054-85f6-0c3e1cad2470","Microsoft-Windows-Resource-Exhaustion-Detector/Operational","1420","2868","rjaf-PC4429","S-1-5-19","5/23/2014 4:22:06 AM",,,"c:\users\mac_1\desktop\winevt\logs\microsoft-windows-resource-exhaustion-detector%4operational.evtx","System.UInt32[]","System.Diagnostics.Eventing.Reader.EventBookmark","Information","Events logged when the resource exhaustion detector is started.","Lifecycle Events","System.Collections.ObjectModel.ReadOnlyCollection`1[System.String]","System.Collections.Generic.List`1[System.Diagnostics.Eventing.Reader.EventProperty]"
"The Windows Resource Exhaustion Detector stopped.","1002","0",,"4","1","12","4611686018695823360","237","Microsoft-Windows-Resource-Exhaustion-Detector","9988748e-c2e8-4054-85f6-0c3e1cad2470","Microsoft-Windows-Resource-Exhaustion-Detector/Operational","1384","3104","rjaf-PC4429","S-1-5-19","5/21/2014 10:59:01 AM",,,"c:\users\mac_1\desktop\winevt\logs\microsoft-windows-resource-exhaustion-detector%4operational.evtx","System.UInt32[]","System.Diagnostics.Eventing.Reader.EventBookmark","Information","Events logged when the resource exhaustion detector is stopped.","Lifecycle Events","System.Collections.ObjectModel.ReadOnlyCollection`1[System.String]","System.Collections.Generic.List`1[System.Diagnostics.Eventing.Reader.EventProperty]"
"The Windows Resource Exhaustion Detector started.","1001","0",,"4","1","11","4611686018695823360","236","Microsoft-Windows-Resource-Exhaustion-Detector","9988748e-c2e8-4054-85f6-0c3e1cad2470","Microsoft-Windows-Resource-Exhaustion-Detector/Operational","1384","2564","rjaf-PC4429","S-1-5-19","5/21/2014 9:46:41 AM",,,"c:\users\mac_1\desktop\winevt\logs\microsoft-windows-resource-exhaustion-detector%4operational.evtx","System.UInt32[]","System.Diagnostics.Eventing.Reader.EventBookmark","Information","Events logged when the resource exhaustion detector is started.","Lifecycle Events","System.Collections.ObjectModel.ReadOnlyCollection`1[System.String]","System.Collections.Generic.List`1[System.Diagnostics.Eventing.Reader.EventProperty]"
"The Windows Resource Exhaustion Detector stopped.","1002","0",,"4","1","12","4611686018695823360","235","Microsoft-Windows-Resource-Exhaustion-Detector","9988748e-c2e8-4054-85f6-0c3e1cad2470","Microsoft-Windows-Resource-Exhaustion-Detector/Operational","1520","1632","rjaf-PC4429","S-1-5-19","5/21/2014 7:29:56 AM",,,"c:\users\mac_1\desktop\winevt\logs\microsoft-windows-resource-exhaustion-detector%4operational.evtx","System.UInt32[]","System.Diagnostics.Eventing.Reader.EventBookmark","Information","Events logged when the resource exhaustion detector is stopped.","Lifecycle Events","System.Collections.ObjectModel.ReadOnlyCollection`1[System.String]","System.Collections.Generic.List`1[System.Diagnostics.Eventing.Reader.EventProperty]"
"The Windows Resource Exhaustion Detector started.","1001","0",,"4","1","11","4611686018695823360","234","Microsoft-Windows-Resource-Exhaustion-Detector","9988748e-c2e8-4054-85f6-0c3e1cad2470","Microsoft-Windows-Resource-Exhaustion-Detector/Operational","1520","1532","rjaf-PC4429","S-1-5-19","5/21/2014 3:04:30 AM",,,"c:\users\mac_1\desktop\winevt\logs\microsoft-windows-resource-exhaustion-detector%4operational.evtx","System.UInt32[]","System.Diagnostics.Eventing.Reader.EventBookmark","Information","Events logged when the resource exhaustion detector is started.","Lifecycle Events","System.Collections.ObjectModel.ReadOnlyCollection`1[System.String]","System.Collections.Generic.List`1[System.Diagnostics.Eventing.Reader.EventProperty]"
"The Windows Resource Exhaustion Detector stopped.","1002","0",,"4","1","12","4611686018695823360","233","Microsoft-Windows-Resource-Exhaustion-Detector","9988748e-c2e8-4054-85f6-0c3e1cad2470","Microsoft-Windows-Resource-Exhaustion-Detector/Operational","1508","3420","rjaf-PC4429","S-1-5-19","5/21/2014 3:03:50 AM",,,"c:\users\mac_1\desktop\winevt\logs\microsoft-windows-resource-exhaustion-detector%4operational.evtx","System.UInt32[]","System.Diagnostics.Eventing.Reader.EventBookmark","Information","Events logged when the resource exhaustion detector is stopped.","Lifecycle Events","System.Collections.ObjectModel.ReadOnlyCollection`1[System.String]","System.Collections.Generic.List`1[System.Diagnostics.Eventing.Reader.EventProperty]"
"The Windows Resource Exhaustion Detector started.","1001","0",,"4","1","11","4611686018695823360","232","Microsoft-Windows-Resource-Exhaustion-Detector","9988748e-c2e8-4054-85f6-0c3e1cad2470","Microsoft-Windows-Resource-Exhaustion-Detector/Operational","1508","352","rjaf-PC4429","S-1-5-19","5/21/2014 2:36:55 AM",,,"c:\users\mac_1\desktop\winevt\logs\microsoft-windows-resource-exhaustion-detector%4operational.evtx","System.UInt32[]","System.Diagnostics.Eventing.Reader.EventBookmark","Information","Events logged when the resource exhaustion detector is started.","Lifecycle Events","System.Collections.ObjectModel.ReadOnlyCollection`1[System.String]","System.Collections.Generic.List`1[System.Diagnostics.Eventing.Reader.EventProperty]"
"The Windows Resource Exhaustion Detector started.","1001","0",,"4","1","11","4611686018695823360","231","Microsoft-Windows-Resource-Exhaustion-Detector","9988748e-c2e8-4054-85f6-0c3e1cad2470","Microsoft-Windows-Resource-Exhaustion-Detector/Operational","1516","1964","rjaf-PC4429","S-1-5-19","5/19/2014 1:50:21 PM",,,"c:\users\mac_1\desktop\winevt\logs\microsoft-windows-resource-exhaustion-detector%4operational.evtx","System.UInt32[]","System.Diagnostics.Eventing.Reader.EventBookmark","Information","Events logged when the resource exhaustion detector is started.","Lifecycle Events","System.Collections.ObjectModel.ReadOnlyCollection`1[System.String]","System.Collections.Generic.List`1[System.Diagnostics.Eventing.Reader.EventProperty]"
"The Windows Resource Exhaustion Detector stopped.","1002","0",,"4","1","12","4611686018695823360","230","Microsoft-Windows-Resource-Exhaustion-Detector","9988748e-c2e8-4054-85f6-0c3e1cad2470","Microsoft-Windows-Resource-Exhaustion-Detector/Operational","1520","2016","rjaf-PC4429","S-1-5-19","5/19/2014 8:08:40 AM",,,"c:\users\mac_1\desktop\winevt\logs\microsoft-windows-resource-exhaustion-detector%4operational.evtx","System.UInt32[]","System.Diagnostics.Eventing.Reader.EventBookmark","Information","Events logged when the resource exhaustion detector is stopped.","Lifecycle Events","System.Collections.ObjectModel.ReadOnlyCollection`1[System.String]","System.Collections.Generic.List`1[System.Diagnostics.Eventing.Reader.EventProperty]"
"The Windows Resource Exhaustion Detector started.","1001","0",,"4","1","11","4611686018695823360","229","Microsoft-Windows-Resource-Exhaustion-Detector","9988748e-c2e8-4054-85f6-0c3e1cad2470","Microsoft-Windows-Resource-Exhaustion-Detector/Operational","1520","116","rjaf-PC4429","S-1-5-19","5/18/2014 2:16:32 AM",,,"c:\users\mac_1\desktop\winevt\logs\microsoft-windows-resource-exhaustion-detector%4operational.evtx","System.UInt32[]","System.Diagnostics.Eventing.Reader.EventBookmark","Information","Events logged when the resource exhaustion detector is started.","Lifecycle Events","System.Collections.ObjectModel.ReadOnlyCollection`1[System.String]","System.Collections.Generic.List`1[System.Diagnostics.Eventing.Reader.EventProperty]"
"The Windows Resource Exhaustion Detector stopped.","1002","0",,"4","1","12","4611686018695823360","228","Microsoft-Windows-Resource-Exhaustion-Detector","9988748e-c2e8-4054-85f6-0c3e1cad2470","Microsoft-Windows-Resource-Exhaustion-Detector/Operational","1504","3748","rjaf-PC4429","S-1-5-19","5/16/2014 11:58:35 AM",,,"c:\users\mac_1\desktop\winevt\logs\microsoft-windows-resource-exhaustion-detector%4operational.evtx","System.UInt32[]","System.Diagnostics.Eventing.Reader.EventBookmark","Information","Events logged when the resource exhaustion detector is stopped.","Lifecycle Events","System.Collections.ObjectModel.ReadOnlyCollection`1[System.String]","System.Collections.Generic.List`1[System.Diagnostics.Eventing.Reader.EventProperty]"
"The Windows Resource Exhaustion Detector started.","1001","0",,"4","1","11","4611686018695823360","227","Microsoft-Windows-Resource-Exhaustion-Detector","9988748e-c2e8-4054-85f6-0c3e1cad2470","Microsoft-Windows-Resource-Exhaustion-Detector/Operational","1504","2020","rjaf-PC4429","S-1-5-19","5/16/2014 10:47:06 AM",,,"c:\users\mac_1\desktop\winevt\logs\microsoft-windows-resource-exhaustion-detector%4operational.evtx","System.UInt32[]","System.Diagnostics.Eventing.Reader.EventBookmark","Information","Events logged when the resource exhaustion detector is started.","Lifecycle Events","System.Collections.ObjectModel.ReadOnlyCollection`1[System.String]","System.Collections.Generic.List`1[System.Diagnostics.Eventing.Reader.EventProperty]"
"The Windows Resource Exhaustion Detector stopped.","1002","0",,"4","1","12","4611686018695823360","226","Microsoft-Windows-Resource-Exhaustion-Detector","9988748e-c2e8-4054-85f6-0c3e1cad2470","Microsoft-Windows-Resource-Exhaustion-Detector/Operational","1516","3520","rjaf-PC4429","S-1-5-19","5/16/2014 7:33:45 AM",,,"c:\users\mac_1\desktop\winevt\logs\microsoft-windows-resource-exhaustion-detector%4operational.evtx","System.UInt32[]","System.Diagnostics.Eventing.Reader.EventBookmark","Information","Events logged when the resource exhaustion detector is stopped.","Lifecycle Events","System.Collections.ObjectModel.ReadOnlyCollection`1[System.String]","System.Collections.Generic.List`1[System.Diagnostics.Eventing.Reader.EventProperty]"
"The Windows Resource Exhaustion Detector started.","1001","0",,"4","1","11","4611686018695823360","225","Microsoft-Windows-Resource-Exhaustion-Detector","9988748e-c2e8-4054-85f6-0c3e1cad2470","Microsoft-Windows-Resource-Exhaustion-Detector/Operational","1516","116","rjaf-PC4429","S-1-5-19","5/16/2014 1:11:21 AM",,,"c:\users\mac_1\desktop\winevt\logs\microsoft-windows-resource-exhaustion-detector%4operational.evtx","System.UInt32[]","System.Diagnostics.Eventing.Reader.EventBookmark","Information","Events logged when the resource exhaustion detector is started.","Lifecycle Events","System.Collections.ObjectModel.ReadOnlyCollection`1[System.String]","System.Collections.Generic.List`1[System.Diagnostics.Eventing.Reader.EventProperty]"
"The Windows Resource Exhaustion Detector stopped.","1002","0",,"4","1","12","4611686018695823360","224","Microsoft-Windows-Resource-Exhaustion-Detector","9988748e-c2e8-4054-85f6-0c3e1cad2470","Microsoft-Windows-Resource-Exhaustion-Detector/Operational","1508","3468","rjaf-PC4429","S-1-5-19","5/15/2014 1:34:15 PM",,,"c:\users\mac_1\desktop\winevt\logs\microsoft-windows-resource-exhaustion-detector%4operational.evtx","System.UInt32[]","System.Diagnostics.Eventing.Reader.EventBookmark","Information","Events logged when the resource exhaustion detector is stopped.","Lifecycle Events","System.Collections.ObjectModel.ReadOnlyCollection`1[System.String]","System.Collections.Generic.List`1[System.Diagnostics.Eventing.Reader.EventProperty]"
"The Windows Resource Exhaustion Detector started.","1001","0",,"4","1","11","4611686018695823360","223","Microsoft-Windows-Resource-Exhaustion-Detector","9988748e-c2e8-4054-85f6-0c3e1cad2470","Microsoft-Windows-Resource-Exhaustion-Detector/Operational","1508","1520","rjaf-PC4429","S-1-5-19","5/14/2014 10:52:02 AM",,,"c:\users\mac_1\desktop\winevt\logs\microsoft-windows-resource-exhaustion-detector%4operational.evtx","System.UInt32[]","System.Diagnostics.Eventing.Reader.EventBookmark","Information","Events logged when the resource exhaustion detector is started.","Lifecycle Events","System.Collections.ObjectModel.ReadOnlyCollection`1[System.String]","System.Collections.Generic.List`1[System.Diagnostics.Eventing.Reader.EventProperty]"
"The Windows Resource Exhaustion Detector stopped.","1002","0",,"4","1","12","4611686018695823360","222","Microsoft-Windows-Resource-Exhaustion-Detector","9988748e-c2e8-4054-85f6-0c3e1cad2470","Microsoft-Windows-Resource-Exhaustion-Detector/Operational","1472","2500","rjaf-PC4429","S-1-5-19","5/13/2014 3:26:45 PM",,,"c:\users\mac_1\desktop\winevt\logs\microsoft-windows-resource-exhaustion-detector%4operational.evtx","System.UInt32[]","System.Diagnostics.Eventing.Reader.EventBookmark","Information","Events logged when the resource exhaustion detector is stopped.","Lifecycle Events","System.Collections.ObjectModel.ReadOnlyCollection`1[System.String]","System.Collections.Generic.List`1[System.Diagnostics.Eventing.Reader.EventProperty]"
"The Windows Resource Exhaustion Detector started.","1001","0",,"4","1","11","4611686018695823360","221","Microsoft-Windows-Resource-Exhaustion-Detector","9988748e-c2e8-4054-85f6-0c3e1cad2470","Microsoft-Windows-Resource-Exhaustion-Detector/Operational","1472","256","rjaf-PC4429","S-1-5-19","5/11/2014 11:35:23 PM",,,"c:\users\mac_1\desktop\winevt\logs\microsoft-windows-resource-exhaustion-detector%4operational.evtx","System.UInt32[]","System.Diagnostics.Eventing.Reader.EventBookmark","Information","Events logged when the resource exhaustion detector is started.","Lifecycle Events","System.Collections.ObjectModel.ReadOnlyCollection`1[System.String]","System.Collections.Generic.List`1[System.Diagnostics.Eventing.Reader.EventProperty]"
"The Windows Resource Exhaustion Detector stopped.","1002","0",,"4","1","12","4611686018695823360","220","Microsoft-Windows-Resource-Exhaustion-Detector","9988748e-c2e8-4054-85f6-0c3e1cad2470","Microsoft-Windows-Resource-Exhaustion-Detector/Operational","1460","1748","rjaf-PC4429","S-1-5-19","5/11/2014 2:58:31 PM",,,"c:\users\mac_1\desktop\winevt\logs\microsoft-windows-resource-exhaustion-detector%4operational.evtx","System.UInt32[]","System.Diagnostics.Eventing.Reader.EventBookmark","Information","Events logged when the resource exhaustion detector is stopped.","Lifecycle Events","System.Collections.ObjectModel.ReadOnlyCollection`1[System.String]","System.Collections.Generic.List`1[System.Diagnostics.Eventing.Reader.EventProperty]"
"The Windows Resource Exhaustion Detector started.","1001","0",,"4","1","11","4611686018695823360","219","Microsoft-Windows-Resource-Exhaustion-Detector","9988748e-c2e8-4054-85f6-0c3e1cad2470","Microsoft-Windows-Resource-Exhaustion-Detector/Operational","1460","304","rjaf-PC4429","S-1-5-19","5/11/2014 4:35:25 AM",,,"c:\users\mac_1\desktop\winevt\logs\microsoft-windows-resource-exhaustion-detector%4operational.evtx","System.UInt32[]","System.Diagnostics.Eventing.Reader.EventBookmark","Information","Events logged when the resource exhaustion detector is started.","Lifecycle Events","System.Collections.ObjectModel.ReadOnlyCollection`1[System.String]","System.Collections.Generic.List`1[System.Diagnostics.Eventing.Reader.EventProperty]"
"The Windows Resource Exhaustion Detector stopped.","1002","0",,"4","1","12","4611686018695823360","218","Microsoft-Windows-Resource-Exhaustion-Detector","9988748e-c2e8-4054-85f6-0c3e1cad2470","Microsoft-Windows-Resource-Exhaustion-Detector/Operational","1452","892","rjaf-PC4429","S-1-5-19","5/10/2014 2:39:20 PM",,,"c:\users\mac_1\desktop\winevt\logs\microsoft-windows-resource-exhaustion-detector%4operational.evtx","System.UInt32[]","System.Diagnostics.Eventing.Reader.EventBookmark","Information","Events logged when the resource exhaustion detector is stopped.","Lifecycle Events","System.Collections.ObjectModel.ReadOnlyCollection`1[System.String]","System.Collections.Generic.List`1[System.Diagnostics.Eventing.Reader.EventProperty]"
"The Windows Resource Exhaustion Detector started.","1001","0",,"4","1","11","4611686018695823360","217","Microsoft-Windows-Resource-Exhaustion-Detector","9988748e-c2e8-4054-85f6-0c3e1cad2470","Microsoft-Windows-Resource-Exhaustion-Detector/Operational","1452","2036","rjaf-PC4429","S-1-5-19","5/9/2014 11:40:00 PM",,,"c:\users\mac_1\desktop\winevt\logs\microsoft-windows-resource-exhaustion-detector%4operational.evtx","System.UInt32[]","System.Diagnostics.Eventing.Reader.EventBookmark","Information","Events logged when the resource exhaustion detector is started.","Lifecycle Events","System.Collections.ObjectModel.ReadOnlyCollection`1[System.String]","System.Collections.Generic.List`1[System.Diagnostics.Eventing.Reader.EventProperty]"
"The Windows Resource Exhaustion Detector stopped.","1002","0",,"4","1","12","4611686018695823360","216","Microsoft-Windows-Resource-Exhaustion-Detector","9988748e-c2e8-4054-85f6-0c3e1cad2470","Microsoft-Windows-Resource-Exhaustion-Detector/Operational","1460","3000","rjaf-PC4429","S-1-5-19","5/9/2014 11:18:49 AM",,,"c:\users\mac_1\desktop\winevt\logs\microsoft-windows-resource-exhaustion-detector%4operational.evtx","System.UInt32[]","System.Diagnostics.Eventing.Reader.EventBookmark","Information","Events logged when the resource exhaustion detector is stopped.","Lifecycle Events","System.Collections.ObjectModel.ReadOnlyCollection`1[System.String]","System.Collections.Generic.List`1[System.Diagnostics.Eventing.Reader.EventProperty]"
"The Windows Resource Exhaustion Detector started.","1001","0",,"4","1","11","4611686018695823360","215","Microsoft-Windows-Resource-Exhaustion-Detector","9988748e-c2e8-4054-85f6-0c3e1cad2470","Microsoft-Windows-Resource-Exhaustion-Detector/Operational","1460","2040","rjaf-PC4429","S-1-5-19","5/7/2014 12:48:21 PM",,,"c:\users\mac_1\desktop\winevt\logs\microsoft-windows-resource-exhaustion-detector%4operational.evtx","System.UInt32[]","System.Diagnostics.Eventing.Reader.EventBookmark","Information","Events logged when the resource exhaustion detector is started.","Lifecycle Events","System.Collections.ObjectModel.ReadOnlyCollection`1[System.String]","System.Collections.Generic.List`1[System.Diagnostics.Eventing.Reader.EventProperty]"
"The Windows Resource Exhaustion Detector stopped.","1002","0",,"4","1","12","4611686018695823360","214","Microsoft-Windows-Resource-Exhaustion-Detector","9988748e-c2e8-4054-85f6-0c3e1cad2470","Microsoft-Windows-Resource-Exhaustion-Detector/Operational","1448","3384","rjaf-PC4429","S-1-5-19","5/7/2014 12:41:06 PM",,,"c:\users\mac_1\desktop\winevt\logs\microsoft-windows-resource-exhaustion-detector%4operational.evtx","System.UInt32[]","System.Diagnostics.Eventing.Reader.EventBookmark","Information","Events logged when the resource exhaustion detector is stopped.","Lifecycle Events","System.Collections.ObjectModel.ReadOnlyCollection`1[System.String]","System.Collections.Generic.List`1[System.Diagnostics.Eventing.Reader.EventProperty]"
"The Windows Resource Exhaustion Detector started.","1001","0",,"4","1","11","4611686018695823360","213","Microsoft-Windows-Resource-Exhaustion-Detector","9988748e-c2e8-4054-85f6-0c3e1cad2470","Microsoft-Windows-Resource-Exhaustion-Detector/Operational","1448","1528","rjaf-PC4429","S-1-5-19","4/28/2014 5:13:18 AM",,,"c:\users\mac_1\desktop\winevt\logs\microsoft-windows-resource-exhaustion-detector%4operational.evtx","System.UInt32[]","System.Diagnostics.Eventing.Reader.EventBookmark","Information","Events logged when the resource exhaustion detector is started.","Lifecycle Events","System.Collections.ObjectModel.ReadOnlyCollection`1[System.String]","System.Collections.Generic.List`1[System.Diagnostics.Eventing.Reader.EventProperty]"
"The Windows Resource Exhaustion Detector started.","1001","0",,"4","1","11","4611686018695823360","212","Microsoft-Windows-Resource-Exhaustion-Detector","9988748e-c2e8-4054-85f6-0c3e1cad2470","Microsoft-Windows-Resource-Exhaustion-Detector/Operational","1468","308","rjaf-PC4429","S-1-5-19","4/23/2014 5:36:47 AM",,,"c:\users\mac_1\desktop\winevt\logs\microsoft-windows-resource-exhaustion-detector%4operational.evtx","System.UInt32[]","System.Diagnostics.Eventing.Reader.EventBookmark","Information","Events logged when the resource exhaustion detector is started.","Lifecycle Events","System.Collections.ObjectModel.ReadOnlyCollection`1[System.String]","System.Collections.Generic.List`1[System.Diagnostics.Eventing.Reader.EventProperty]"
"The Windows Resource Exhaustion Detector stopped.","1002","0",,"4","1","12","4611686018695823360","211","Microsoft-Windows-Resource-Exhaustion-Detector","9988748e-c2e8-4054-85f6-0c3e1cad2470","Microsoft-Windows-Resource-Exhaustion-Detector/Operational","1444","3936","rjaf-PC4429","S-1-5-19","4/22/2014 1:58:46 PM",,,"c:\users\mac_1\desktop\winevt\logs\microsoft-windows-resource-exhaustion-detector%4operational.evtx","System.UInt32[]","System.Diagnostics.Eventing.Reader.EventBookmark","Information","Events logged when the resource exhaustion detector is stopped.","Lifecycle Events","System.Collections.ObjectModel.ReadOnlyCollection`1[System.String]","System.Collections.Generic.List`1[System.Diagnostics.Eventing.Reader.EventProperty]"
"The Windows Resource Exhaustion Detector started.","1001","0",,"4","1","11","4611686018695823360","210","Microsoft-Windows-Resource-Exhaustion-Detector","9988748e-c2e8-4054-85f6-0c3e1cad2470","Microsoft-Windows-Resource-Exhaustion-Detector/Operational","1444","2008","rjaf-PC4429","S-1-5-19","4/19/2014 10:49:29 PM",,,"c:\users\mac_1\desktop\winevt\logs\microsoft-windows-resource-exhaustion-detector%4operational.evtx","System.UInt32[]","System.Diagnostics.Eventing.Reader.EventBookmark","Information","Events logged when the resource exhaustion detector is started.","Lifecycle Events","System.Collections.ObjectModel.ReadOnlyCollection`1[System.String]","System.Collections.Generic.List`1[System.Diagnostics.Eventing.Reader.EventProperty]"
"The Windows Resource Exhaustion Detector stopped.","1002","0",,"4","1","12","4611686018695823360","209","Microsoft-Windows-Resource-Exhaustion-Detector","9988748e-c2e8-4054-85f6-0c3e1cad2470","Microsoft-Windows-Resource-Exhaustion-Detector/Operational","1452","2600","rjaf-PC4429","S-1-5-19","4/19/2014 11:49:01 AM",,,"c:\users\mac_1\desktop\winevt\logs\microsoft-windows-resource-exhaustion-detector%4operational.evtx","System.UInt32[]","System.Diagnostics.Eventing.Reader.EventBookmark","Information","Events logged when the resource exhaustion detector is stopped.","Lifecycle Events","System.Collections.ObjectModel.ReadOnlyCollection`1[System.String]","System.Collections.Generic.List`1[System.Diagnostics.Eventing.Reader.EventProperty]"
"The Windows Resource Exhaustion Detector started.","1001","0",,"4","1","11","4611686018695823360","208","Microsoft-Windows-Resource-Exhaustion-Detector","9988748e-c2e8-4054-85f6-0c3e1cad2470","Microsoft-Windows-Resource-Exhaustion-Detector/Operational","1452","1604","rjaf-PC4429","S-1-5-19","4/19/2014 5:29:03 AM",,,"c:\users\mac_1\desktop\winevt\logs\microsoft-windows-resource-exhaustion-detector%4operational.evtx","System.UInt32[]","System.Diagnostics.Eventing.Reader.EventBookmark","Information","Events logged when the resource exhaustion detector is started.","Lifecycle Events","System.Collections.ObjectModel.ReadOnlyCollection`1[System.String]","System.Collections.Generic.List`1[System.Diagnostics.Eventing.Reader.EventProperty]"
"The Windows Resource Exhaustion Detector stopped.","1002","0",,"4","1","12","4611686018695823360","207","Microsoft-Windows-Resource-Exhaustion-Detector","9988748e-c2e8-4054-85f6-0c3e1cad2470","Microsoft-Windows-Resource-Exhaustion-Detector/Operational","1464","2804","rjaf-PC4429","S-1-5-19","4/19/2014 5:10:28 AM",,,"c:\users\mac_1\desktop\winevt\logs\microsoft-windows-resource-exhaustion-detector%4operational.evtx","System.UInt32[]","System.Diagnostics.Eventing.Reader.EventBookmark","Information","Events logged when the resource exhaustion detector is stopped.","Lifecycle Events","System.Collections.ObjectModel.ReadOnlyCollection`1[System.String]","System.Collections.Generic.List`1[System.Diagnostics.Eventing.Reader.EventProperty]"
"The Windows Resource Exhaustion Detector started.","1001","0",,"4","1","11","4611686018695823360","206","Microsoft-Windows-Resource-Exhaustion-Detector","9988748e-c2e8-4054-85f6-0c3e1cad2470","Microsoft-Windows-Resource-Exhaustion-Detector/Operational","1464","2024","rjaf-PC4429","S-1-5-19","4/19/2014 4:07:56 AM",,,"c:\users\mac_1\desktop\winevt\logs\microsoft-windows-resource-exhaustion-detector%4operational.evtx","System.UInt32[]","System.Diagnostics.Eventing.Reader.EventBookmark","Information","Events logged when the resource exhaustion detector is started.","Lifecycle Events","System.Collections.ObjectModel.ReadOnlyCollection`1[System.String]","System.Collections.Generic.List`1[System.Diagnostics.Eventing.Reader.EventProperty]"
"The Windows Resource Exhaustion Detector stopped.","1002","0",,"4","1","12","4611686018695823360","205","Microsoft-Windows-Resource-Exhaustion-Detector","9988748e-c2e8-4054-85f6-0c3e1cad2470","Microsoft-Windows-Resource-Exhaustion-Detector/Operational","1440","332","rjaf-PC4429","S-1-5-19","4/19/2014 1:07:19 AM",,,"c:\users\mac_1\desktop\winevt\logs\microsoft-windows-resource-exhaustion-detector%4operational.evtx","System.UInt32[]","System.Diagnostics.Eventing.Reader.EventBookmark","Information","Events logged when the resource exhaustion detector is stopped.","Lifecycle Events","System.Collections.ObjectModel.ReadOnlyCollection`1[System.String]","System.Collections.Generic.List`1[System.Diagnostics.Eventing.Reader.EventProperty]"
"The Windows Resource Exhaustion Detector started.","1001","0",,"4","1","11","4611686018695823360","204","Microsoft-Windows-Resource-Exhaustion-Detector","9988748e-c2e8-4054-85f6-0c3e1cad2470","Microsoft-Windows-Resource-Exhaustion-Detector/Operational","1440","2012","rjaf-PC4429","S-1-5-19","4/19/2014 1:03:55 AM",,,"c:\users\mac_1\desktop\winevt\logs\microsoft-windows-resource-exhaustion-detector%4operational.evtx","System.UInt32[]","System.Diagnostics.Eventing.Reader.EventBookmark","Information","Events logged when the resource exhaustion detector is started.","Lifecycle Events","System.Collections.ObjectModel.ReadOnlyCollection`1[System.String]","System.Collections.Generic.List`1[System.Diagnostics.Eventing.Reader.EventProperty]"
"The Windows Resource Exhaustion Detector stopped.","1002","0",,"4","1","12","4611686018695823360","203","Microsoft-Windows-Resource-Exhaustion-Detector","9988748e-c2e8-4054-85f6-0c3e1cad2470","Microsoft-Windows-Resource-Exhaustion-Detector/Operational","1452","944","rjaf-PC4429","S-1-5-19","4/19/2014 12:55:54 AM",,,"c:\users\mac_1\desktop\winevt\logs\microsoft-windows-resource-exhaustion-detector%4operational.evtx","System.UInt32[]","System.Diagnostics.Eventing.Reader.EventBookmark","Information","Events logged when the resource exhaustion detector is stopped.","Lifecycle Events","System.Collections.ObjectModel.ReadOnlyCollection`1[System.String]","System.Collections.Generic.List`1[System.Diagnostics.Eventing.Reader.EventProperty]"
"The Windows Resource Exhaustion Detector started.","1001","0",,"4","1","11","4611686018695823360","202","Microsoft-Windows-Resource-Exhaustion-Detector","9988748e-c2e8-4054-85f6-0c3e1cad2470","Microsoft-Windows-Resource-Exhaustion-Detector/Operational","1452","1468","rjaf-PC4429","S-1-5-19","4/19/2014 12:39:34 AM",,,"c:\users\mac_1\desktop\winevt\logs\microsoft-windows-resource-exhaustion-detector%4operational.evtx","System.UInt32[]","System.Diagnostics.Eventing.Reader.EventBookmark","Information","Events logged when the resource exhaustion detector is started.","Lifecycle Events","System.Collections.ObjectModel.ReadOnlyCollection`1[System.String]","System.Collections.Generic.List`1[System.Diagnostics.Eventing.Reader.EventProperty]"
"The Windows Resource Exhaustion Detector stopped.","1002","0",,"4","1","12","4611686018695823360","201","Microsoft-Windows-Resource-Exhaustion-Detector","9988748e-c2e8-4054-85f6-0c3e1cad2470","Microsoft-Windows-Resource-Exhaustion-Detector/Operational","1456","3188","rjaf-PC4429","S-1-5-19","4/18/2014 1:04:00 PM",,,"c:\users\mac_1\desktop\winevt\logs\microsoft-windows-resource-exhaustion-detector%4operational.evtx","System.UInt32[]","System.Diagnostics.Eventing.Reader.EventBookmark","Information","Events logged when the resource exhaustion detector is stopped.","Lifecycle Events","System.Collections.ObjectModel.ReadOnlyCollection`1[System.String]","System.Collections.Generic.List`1[System.Diagnostics.Eventing.Reader.EventProperty]"
"The Windows Resource Exhaustion Detector started.","1001","0",,"4","1","11","4611686018695823360","200","Microsoft-Windows-Resource-Exhaustion-Detector","9988748e-c2e8-4054-85f6-0c3e1cad2470","Microsoft-Windows-Resource-Exhaustion-Detector/Operational","1456","2492","rjaf-PC4429","S-1-5-19","4/18/2014 12:12:09 AM",,,"c:\users\mac_1\desktop\winevt\logs\microsoft-windows-resource-exhaustion-detector%4operational.evtx","System.UInt32[]","System.Diagnostics.Eventing.Reader.EventBookmark","Information","Events logged when the resource exhaustion detector is started.","Lifecycle Events","System.Collections.ObjectModel.ReadOnlyCollection`1[System.String]","System.Collections.Generic.List`1[System.Diagnostics.Eventing.Reader.EventProperty]"
"The Windows Resource Exhaustion Detector stopped.","1002","0",,"4","1","12","4611686018695823360","199","Microsoft-Windows-Resource-Exhaustion-Detector","9988748e-c2e8-4054-85f6-0c3e1cad2470","Microsoft-Windows-Resource-Exhaustion-Detector/Operational","1468","3708","rjaf-PC4429","S-1-5-19","4/17/2014 5:03:28 AM",,,"c:\users\mac_1\desktop\winevt\logs\microsoft-windows-resource-exhaustion-detector%4operational.evtx","System.UInt32[]","System.Diagnostics.Eventing.Reader.EventBookmark","Information","Events logged when the resource exhaustion detector is stopped.","Lifecycle Events","System.Collections.ObjectModel.ReadOnlyCollection`1[System.String]","System.Collections.Generic.List`1[System.Diagnostics.Eventing.Reader.EventProperty]"
"The Windows Resource Exhaustion Detector started.","1001","0",,"4","1","11","4611686018695823360","198","Microsoft-Windows-Resource-Exhaustion-Detector","9988748e-c2e8-4054-85f6-0c3e1cad2470","Microsoft-Windows-Resource-Exhaustion-Detector/Operational","1468","1652","rjaf-PC4429","S-1-5-19","4/17/2014 4:57:23 AM",,,"c:\users\mac_1\desktop\winevt\logs\microsoft-windows-resource-exhaustion-detector%4operational.evtx","System.UInt32[]","System.Diagnostics.Eventing.Reader.EventBookmark","Information","Events logged when the resource exhaustion detector is started.","Lifecycle Events","System.Collections.ObjectModel.ReadOnlyCollection`1[System.String]","System.Collections.Generic.List`1[System.Diagnostics.Eventing.Reader.EventProperty]"
"The Windows Resource Exhaustion Detector stopped.","1002","0",,"4","1","12","4611686018695823360","197","Microsoft-Windows-Resource-Exhaustion-Detector","9988748e-c2e8-4054-85f6-0c3e1cad2470","Microsoft-Windows-Resource-Exhaustion-Detector/Operational","1468","2664","rjaf-PC4429","S-1-5-19","4/17/2014 2:00:30 AM",,,"c:\users\mac_1\desktop\winevt\logs\microsoft-windows-resource-exhaustion-detector%4operational.evtx","System.UInt32[]","System.Diagnostics.Eventing.Reader.EventBookmark","Information","Events logged when the resource exhaustion detector is stopped.","Lifecycle Events","System.Collections.ObjectModel.ReadOnlyCollection`1[System.String]","System.Collections.Generic.List`1[System.Diagnostics.Eventing.Reader.EventProperty]"
"The Windows Resource Exhaustion Detector started.","1001","0",,"4","1","11","4611686018695823360","196","Microsoft-Windows-Resource-Exhaustion-Detector","9988748e-c2e8-4054-85f6-0c3e1cad2470","Microsoft-Windows-Resource-Exhaustion-Detector/Operational","1468","2268","rjaf-PC4429","S-1-5-19","4/16/2014 10:46:09 PM",,,"c:\users\mac_1\desktop\winevt\logs\microsoft-windows-resource-exhaustion-detector%4operational.evtx","System.UInt32[]","System.Diagnostics.Eventing.Reader.EventBookmark","Information","Events logged when the resource exhaustion detector is started.","Lifecycle Events","System.Collections.ObjectModel.ReadOnlyCollection`1[System.String]","System.Collections.Generic.List`1[System.Diagnostics.Eventing.Reader.EventProperty]"
"The Windows Resource Exhaustion Detector stopped.","1002","0",,"4","1","12","4611686018695823360","195","Microsoft-Windows-Resource-Exhaustion-Detector","9988748e-c2e8-4054-85f6-0c3e1cad2470","Microsoft-Windows-Resource-Exhaustion-Detector/Operational","1504","364","rjaf-PC4429","S-1-5-19","4/16/2014 5:55:51 AM",,,"c:\users\mac_1\desktop\winevt\logs\microsoft-windows-resource-exhaustion-detector%4operational.evtx","System.UInt32[]","System.Diagnostics.Eventing.Reader.EventBookmark","Information","Events logged when the resource exhaustion detector is stopped.","Lifecycle Events","System.Collections.ObjectModel.ReadOnlyCollection`1[System.String]","System.Collections.Generic.List`1[System.Diagnostics.Eventing.Reader.EventProperty]"
"The Windows Resource Exhaustion Detector started.","1001","0",,"4","1","11","4611686018695823360","194","Microsoft-Windows-Resource-Exhaustion-Detector","9988748e-c2e8-4054-85f6-0c3e1cad2470","Microsoft-Windows-Resource-Exhaustion-Detector/Operational","1504","2812","rjaf-PC4429","S-1-5-19","4/15/2014 11:29:30 AM",,,"c:\users\mac_1\desktop\winevt\logs\microsoft-windows-resource-exhaustion-detector%4operational.evtx","System.UInt32[]","System.Diagnostics.Eventing.Reader.EventBookmark","Information","Events logged when the resource exhaustion detector is started.","Lifecycle Events","System.Collections.ObjectModel.ReadOnlyCollection`1[System.String]","System.Collections.Generic.List`1[System.Diagnostics.Eventing.Reader.EventProperty]"
"The Windows Resource Exhaustion Detector started.","1001","0",,"4","1","11","4611686018695823360","193","Microsoft-Windows-Resource-Exhaustion-Detector","9988748e-c2e8-4054-85f6-0c3e1cad2470","Microsoft-Windows-Resource-Exhaustion-Detector/Operational","1440","1456","rjaf-PC4429","S-1-5-19","4/9/2014 12:40:37 PM",,,"c:\users\mac_1\desktop\winevt\logs\microsoft-windows-resource-exhaustion-detector%4operational.evtx","System.UInt32[]","System.Diagnostics.Eventing.Reader.EventBookmark","Information","Events logged when the resource exhaustion detector is started.","Lifecycle Events","System.Collections.ObjectModel.ReadOnlyCollection`1[System.String]","System.Collections.Generic.List`1[System.Diagnostics.Eventing.Reader.EventProperty]"
