#TYPE System.Diagnostics.Eventing.Reader.EventLogRecord
"Message","Id","Version","Qualifiers","Level","Task","Opcode","Keywords","RecordId","ProviderName","ProviderId","LogName","ProcessId","ThreadId","MachineName","UserId","TimeCreated","ActivityId","RelatedActivityId","ContainerLog","MatchedQueryIds","Bookmark","LevelDisplayName","OpcodeDisplayName","TaskDisplayName","KeywordsDisplayNames","Properties"
"Diagnostic module {A59F0643-A6CA-48E0-A7C4-4CDD258439E2} (%SystemRoot%\system32\diagperf.dll) finished troubleshooting scenario {FFC42108-4920-4ACF-A4FC-8ABDCC68ADA4}, instance {8B18F2C4-D742-405C-9F3D-1943DAC7A36E}, original activity ID {86303C9C-5E4F-0002-8668-7167B2EBD001}.  No resolution was set by the diagnostic module.","110","0",,"4","1","14","4611686052787126272","5961","Microsoft-Windows-Diagnosis-DPS","6bba3851-2c7e-4dea-8f54-31e5afd029e3","Microsoft-Windows-Diagnosis-DPS/Operational","1724","2624","rjaf-PC4429","S-1-5-19","10/11/2015 12:16:09 AM","8b18f2c4-d742-405c-9f3d-1943dac7a36e",,"c:\users\mac_1\desktop\winevt\logs\microsoft-windows-diagnosis-dps%4operational.evtx","System.UInt32[]","System.Diagnostics.Eventing.Reader.EventBookmark","Information","A diagnostic module completed troubleshooting without setting a resolution","Scenario Lifecycle","System.Collections.ObjectModel.ReadOnlyCollection`1[System.String]","System.Collections.Generic.List`1[System.Diagnostics.Eventing.Reader.EventProperty]"
"Diagnostic module {A59F0643-A6CA-48E0-A7C4-4CDD258439E2} (%SystemRoot%\system32\diagperf.dll) started troubleshooting scenario {FFC42108-4920-4ACF-A4FC-8ABDCC68ADA4}, instance {8B18F2C4-D742-405C-9F3D-1943DAC7A36E}, original activity ID {86303C9C-5E4F-0002-8668-7167B2EBD001}.","105","0",,"4","1","13","4611686052787126272","5960","Microsoft-Windows-Diagnosis-DPS","6bba3851-2c7e-4dea-8f54-31e5afd029e3","Microsoft-Windows-Diagnosis-DPS/Operational","1724","2624","rjaf-PC4429","S-1-5-19","10/11/2015 12:16:09 AM","8b18f2c4-d742-405c-9f3d-1943dac7a36e",,"c:\users\mac_1\desktop\winevt\logs\microsoft-windows-diagnosis-dps%4operational.evtx","System.UInt32[]","System.Diagnostics.Eventing.Reader.EventBookmark","Information","A scenario instance was dispatched for troubleshooting","Scenario Lifecycle","System.Collections.ObjectModel.ReadOnlyCollection`1[System.String]","System.Collections.Generic.List`1[System.Diagnostics.Eventing.Reader.EventProperty]"
"Diagnostic module {A59F0643-A6CA-48E0-A7C4-4CDD258439E2} (%SystemRoot%\system32\diagperf.dll) detected a problem for scenario {FFC42108-4920-4ACF-A4FC-8ABDCC68ADA4}, instance {8B18F2C4-D742-405C-9F3D-1943DAC7A36E}, original activity ID {86303C9C-5E4F-0002-8668-7167B2EBD001}.","100","0",,"4","1","12","4611686052787126272","5959","Microsoft-Windows-Diagnosis-DPS","6bba3851-2c7e-4dea-8f54-31e5afd029e3","Microsoft-Windows-Diagnosis-DPS/Operational","1724","2624","rjaf-PC4429","S-1-5-19","10/11/2015 12:16:09 AM","8b18f2c4-d742-405c-9f3d-1943dac7a36e",,"c:\users\mac_1\desktop\winevt\logs\microsoft-windows-diagnosis-dps%4operational.evtx","System.UInt32[]","System.Diagnostics.Eventing.Reader.EventBookmark","Information","A diagnostic module detected a problem","Scenario Lifecycle","System.Collections.ObjectModel.ReadOnlyCollection`1[System.String]","System.Collections.Generic.List`1[System.Diagnostics.Eventing.Reader.EventProperty]"
"Diagnostic module {A59F0643-A6CA-48E0-A7C4-4CDD258439E2} (%SystemRoot%\system32\diagperf.dll) finished troubleshooting scenario {FFC42108-4920-4ACF-A4FC-8ABDCC68ADA4}, instance {FE366E13-2926-41B6-9790-CC819E5D898B}, original activity ID {86303C9C-5E4F-0002-8668-7167B2EBD001}.  No resolution was set by the diagnostic module.","110","0",,"4","1","14","4611686052787126272","5958","Microsoft-Windows-Diagnosis-DPS","6bba3851-2c7e-4dea-8f54-31e5afd029e3","Microsoft-Windows-Diagnosis-DPS/Operational","1724","3048","rjaf-PC4429","S-1-5-19","10/1/2015 4:05:27 AM","fe366e13-2926-41b6-9790-cc819e5d898b",,"c:\users\mac_1\desktop\winevt\logs\microsoft-windows-diagnosis-dps%4operational.evtx","System.UInt32[]","System.Diagnostics.Eventing.Reader.EventBookmark","Information","A diagnostic module completed troubleshooting without setting a resolution","Scenario Lifecycle","System.Collections.ObjectModel.ReadOnlyCollection`1[System.String]","System.Collections.Generic.List`1[System.Diagnostics.Eventing.Reader.EventProperty]"
"Diagnostic module {A59F0643-A6CA-48E0-A7C4-4CDD258439E2} (%SystemRoot%\system32\diagperf.dll) started troubleshooting scenario {FFC42108-4920-4ACF-A4FC-8ABDCC68ADA4}, instance {FE366E13-2926-41B6-9790-CC819E5D898B}, original activity ID {86303C9C-5E4F-0002-8668-7167B2EBD001}.","105","0",,"4","1","13","4611686052787126272","5957","Microsoft-Windows-Diagnosis-DPS","6bba3851-2c7e-4dea-8f54-31e5afd029e3","Microsoft-Windows-Diagnosis-DPS/Operational","1724","3048","rjaf-PC4429","S-1-5-19","10/1/2015 4:05:27 AM","fe366e13-2926-41b6-9790-cc819e5d898b",,"c:\users\mac_1\desktop\winevt\logs\microsoft-windows-diagnosis-dps%4operational.evtx","System.UInt32[]","System.Diagnostics.Eventing.Reader.EventBookmark","Information","A scenario instance was dispatched for troubleshooting","Scenario Lifecycle","System.Collections.ObjectModel.ReadOnlyCollection`1[System.String]","System.Collections.Generic.List`1[System.Diagnostics.Eventing.Reader.EventProperty]"
"Diagnostic module {A59F0643-A6CA-48E0-A7C4-4CDD258439E2} (%SystemRoot%\system32\diagperf.dll) detected a problem for scenario {FFC42108-4920-4ACF-A4FC-8ABDCC68ADA4}, instance {FE366E13-2926-41B6-9790-CC819E5D898B}, original activity ID {86303C9C-5E4F-0002-8668-7167B2EBD001}.","100","0",,"4","1","12","4611686052787126272","5956","Microsoft-Windows-Diagnosis-DPS","6bba3851-2c7e-4dea-8f54-31e5afd029e3","Microsoft-Windows-Diagnosis-DPS/Operational","1724","3048","rjaf-PC4429","S-1-5-19","10/1/2015 4:05:27 AM","fe366e13-2926-41b6-9790-cc819e5d898b",,"c:\users\mac_1\desktop\winevt\logs\microsoft-windows-diagnosis-dps%4operational.evtx","System.UInt32[]","System.Diagnostics.Eventing.Reader.EventBookmark","Information","A diagnostic module detected a problem","Scenario Lifecycle","System.Collections.ObjectModel.ReadOnlyCollection`1[System.String]","System.Collections.Generic.List`1[System.Diagnostics.Eventing.Reader.EventProperty]"
"Diagnostic module {282396B2-6C46-4D66-B413-70B0445DF33C} (%SystemRoot%\system32\diagperf.dll) finished troubleshooting scenario {186F47EF-626C-4670-800A-4A30756BABAD}, instance {39A0ECB8-81D3-429F-9299-5522D1B98FB7}, original activity ID {00000000-0000-0000-0000-000000000000}.  No resolution was set by the diagnostic module.","110","0",,"4","1","14","4611686052787126272","5955","Microsoft-Windows-Diagnosis-DPS","6bba3851-2c7e-4dea-8f54-31e5afd029e3","Microsoft-Windows-Diagnosis-DPS/Operational","1724","3308","rjaf-PC4429","S-1-5-19","9/30/2015 2:56:58 AM","39a0ecb8-81d3-429f-9299-5522d1b98fb7",,"c:\users\mac_1\desktop\winevt\logs\microsoft-windows-diagnosis-dps%4operational.evtx","System.UInt32[]","System.Diagnostics.Eventing.Reader.EventBookmark","Information","A diagnostic module completed troubleshooting without setting a resolution","Scenario Lifecycle","System.Collections.ObjectModel.ReadOnlyCollection`1[System.String]","System.Collections.Generic.List`1[System.Diagnostics.Eventing.Reader.EventProperty]"
"Diagnostic module {282396B2-6C46-4D66-B413-70B0445DF33C} (%SystemRoot%\system32\diagperf.dll) started troubleshooting scenario {186F47EF-626C-4670-800A-4A30756BABAD}, instance {39A0ECB8-81D3-429F-9299-5522D1B98FB7}, original activity ID {00000000-0000-0000-0000-000000000000}.","105","0",,"4","1","13","4611686052787126272","5954","Microsoft-Windows-Diagnosis-DPS","6bba3851-2c7e-4dea-8f54-31e5afd029e3","Microsoft-Windows-Diagnosis-DPS/Operational","1724","3308","rjaf-PC4429","S-1-5-19","9/30/2015 2:56:58 AM","39a0ecb8-81d3-429f-9299-5522d1b98fb7",,"c:\users\mac_1\desktop\winevt\logs\microsoft-windows-diagnosis-dps%4operational.evtx","System.UInt32[]","System.Diagnostics.Eventing.Reader.EventBookmark","Information","A scenario instance was dispatched for troubleshooting","Scenario Lifecycle","System.Collections.ObjectModel.ReadOnlyCollection`1[System.String]","System.Collections.Generic.List`1[System.Diagnostics.Eventing.Reader.EventProperty]"
"Diagnostic module {282396B2-6C46-4D66-B413-70B0445DF33C} (%SystemRoot%\system32\diagperf.dll) detected a problem for scenario {186F47EF-626C-4670-800A-4A30756BABAD}, instance {39A0ECB8-81D3-429F-9299-5522D1B98FB7}, original activity ID {00000000-0000-0000-0000-000000000000}.","100","0",,"4","1","12","4611686052787126272","5953","Microsoft-Windows-Diagnosis-DPS","6bba3851-2c7e-4dea-8f54-31e5afd029e3","Microsoft-Windows-Diagnosis-DPS/Operational","1724","3308","rjaf-PC4429","S-1-5-19","9/30/2015 2:56:58 AM","39a0ecb8-81d3-429f-9299-5522d1b98fb7",,"c:\users\mac_1\desktop\winevt\logs\microsoft-windows-diagnosis-dps%4operational.evtx","System.UInt32[]","System.Diagnostics.Eventing.Reader.EventBookmark","Information","A diagnostic module detected a problem","Scenario Lifecycle","System.Collections.ObjectModel.ReadOnlyCollection`1[System.String]","System.Collections.Generic.List`1[System.Diagnostics.Eventing.Reader.EventProperty]"
"Diagnostic module {A59F0643-A6CA-48E0-A7C4-4CDD258439E2} (%SystemRoot%\system32\diagperf.dll) finished troubleshooting scenario {FFC42108-4920-4ACF-A4FC-8ABDCC68ADA4}, instance {6332C987-50D4-4F2D-AB4E-7E9206F0336D}, original activity ID {86303C9C-5E4F-0002-8668-7167B2EBD001}.  No resolution was set by the diagnostic module.","110","0",,"4","1","14","4611686052787126272","5952","Microsoft-Windows-Diagnosis-DPS","6bba3851-2c7e-4dea-8f54-31e5afd029e3","Microsoft-Windows-Diagnosis-DPS/Operational","1724","3308","rjaf-PC4429","S-1-5-19","9/30/2015 2:56:50 AM","6332c987-50d4-4f2d-ab4e-7e9206f0336d",,"c:\users\mac_1\desktop\winevt\logs\microsoft-windows-diagnosis-dps%4operational.evtx","System.UInt32[]","System.Diagnostics.Eventing.Reader.EventBookmark","Information","A diagnostic module completed troubleshooting without setting a resolution","Scenario Lifecycle","System.Collections.ObjectModel.ReadOnlyCollection`1[System.String]","System.Collections.Generic.List`1[System.Diagnostics.Eventing.Reader.EventProperty]"
"Diagnostic module {A59F0643-A6CA-48E0-A7C4-4CDD258439E2} (%SystemRoot%\system32\diagperf.dll) started troubleshooting scenario {FFC42108-4920-4ACF-A4FC-8ABDCC68ADA4}, instance {6332C987-50D4-4F2D-AB4E-7E9206F0336D}, original activity ID {86303C9C-5E4F-0002-8668-7167B2EBD001}.","105","0",,"4","1","13","4611686052787126272","5951","Microsoft-Windows-Diagnosis-DPS","6bba3851-2c7e-4dea-8f54-31e5afd029e3","Microsoft-Windows-Diagnosis-DPS/Operational","1724","3308","rjaf-PC4429","S-1-5-19","9/30/2015 2:56:50 AM","6332c987-50d4-4f2d-ab4e-7e9206f0336d",,"c:\users\mac_1\desktop\winevt\logs\microsoft-windows-diagnosis-dps%4operational.evtx","System.UInt32[]","System.Diagnostics.Eventing.Reader.EventBookmark","Information","A scenario instance was dispatched for troubleshooting","Scenario Lifecycle","System.Collections.ObjectModel.ReadOnlyCollection`1[System.String]","System.Collections.Generic.List`1[System.Diagnostics.Eventing.Reader.EventProperty]"
"Diagnostic module {A59F0643-A6CA-48E0-A7C4-4CDD258439E2} (%SystemRoot%\system32\diagperf.dll) detected a problem for scenario {FFC42108-4920-4ACF-A4FC-8ABDCC68ADA4}, instance {6332C987-50D4-4F2D-AB4E-7E9206F0336D}, original activity ID {86303C9C-5E4F-0002-8668-7167B2EBD001}.","100","0",,"4","1","12","4611686052787126272","5950","Microsoft-Windows-Diagnosis-DPS","6bba3851-2c7e-4dea-8f54-31e5afd029e3","Microsoft-Windows-Diagnosis-DPS/Operational","1724","3308","rjaf-PC4429","S-1-5-19","9/30/2015 2:56:50 AM","6332c987-50d4-4f2d-ab4e-7e9206f0336d",,"c:\users\mac_1\desktop\winevt\logs\microsoft-windows-diagnosis-dps%4operational.evtx","System.UInt32[]","System.Diagnostics.Eventing.Reader.EventBookmark","Information","A diagnostic module detected a problem","Scenario Lifecycle","System.Collections.ObjectModel.ReadOnlyCollection`1[System.String]","System.Collections.Generic.List`1[System.Diagnostics.Eventing.Reader.EventProperty]"
"Diagnostic module {A59F0643-A6CA-48E0-A7C4-4CDD258439E2} (%SystemRoot%\system32\diagperf.dll) finished troubleshooting scenario {FFC42108-4920-4ACF-A4FC-8ABDCC68ADA4}, instance {6DE31D7A-5A4D-44BD-A4F1-04A32B7A8F26}, original activity ID {86303C9C-5E4F-0002-8668-7167B2EBD001}.  No resolution was set by the diagnostic module.","110","0",,"4","1","14","4611686052787126272","5949","Microsoft-Windows-Diagnosis-DPS","6bba3851-2c7e-4dea-8f54-31e5afd029e3","Microsoft-Windows-Diagnosis-DPS/Operational","1724","2756","rjaf-PC4429","S-1-5-19","9/28/2015 11:28:43 PM","6de31d7a-5a4d-44bd-a4f1-04a32b7a8f26",,"c:\users\mac_1\desktop\winevt\logs\microsoft-windows-diagnosis-dps%4operational.evtx","System.UInt32[]","System.Diagnostics.Eventing.Reader.EventBookmark","Information","A diagnostic module completed troubleshooting without setting a resolution","Scenario Lifecycle","System.Collections.ObjectModel.ReadOnlyCollection`1[System.String]","System.Collections.Generic.List`1[System.Diagnostics.Eventing.Reader.EventProperty]"
"Diagnostic module {A59F0643-A6CA-48E0-A7C4-4CDD258439E2} (%SystemRoot%\system32\diagperf.dll) started troubleshooting scenario {FFC42108-4920-4ACF-A4FC-8ABDCC68ADA4}, instance {6DE31D7A-5A4D-44BD-A4F1-04A32B7A8F26}, original activity ID {86303C9C-5E4F-0002-8668-7167B2EBD001}.","105","0",,"4","1","13","4611686052787126272","5948","Microsoft-Windows-Diagnosis-DPS","6bba3851-2c7e-4dea-8f54-31e5afd029e3","Microsoft-Windows-Diagnosis-DPS/Operational","1724","2756","rjaf-PC4429","S-1-5-19","9/28/2015 11:28:43 PM","6de31d7a-5a4d-44bd-a4f1-04a32b7a8f26",,"c:\users\mac_1\desktop\winevt\logs\microsoft-windows-diagnosis-dps%4operational.evtx","System.UInt32[]","System.Diagnostics.Eventing.Reader.EventBookmark","Information","A scenario instance was dispatched for troubleshooting","Scenario Lifecycle","System.Collections.ObjectModel.ReadOnlyCollection`1[System.String]","System.Collections.Generic.List`1[System.Diagnostics.Eventing.Reader.EventProperty]"
"Diagnostic module {A59F0643-A6CA-48E0-A7C4-4CDD258439E2} (%SystemRoot%\system32\diagperf.dll) detected a problem for scenario {FFC42108-4920-4ACF-A4FC-8ABDCC68ADA4}, instance {6DE31D7A-5A4D-44BD-A4F1-04A32B7A8F26}, original activity ID {86303C9C-5E4F-0002-8668-7167B2EBD001}.","100","0",,"4","1","12","4611686052787126272","5947","Microsoft-Windows-Diagnosis-DPS","6bba3851-2c7e-4dea-8f54-31e5afd029e3","Microsoft-Windows-Diagnosis-DPS/Operational","1724","2756","rjaf-PC4429","S-1-5-19","9/28/2015 11:28:43 PM","6de31d7a-5a4d-44bd-a4f1-04a32b7a8f26",,"c:\users\mac_1\desktop\winevt\logs\microsoft-windows-diagnosis-dps%4operational.evtx","System.UInt32[]","System.Diagnostics.Eventing.Reader.EventBookmark","Information","A diagnostic module detected a problem","Scenario Lifecycle","System.Collections.ObjectModel.ReadOnlyCollection`1[System.String]","System.Collections.Generic.List`1[System.Diagnostics.Eventing.Reader.EventProperty]"
"Diagnostic module {A59F0643-A6CA-48E0-A7C4-4CDD258439E2} (%SystemRoot%\system32\diagperf.dll) finished troubleshooting scenario {FFC42108-4920-4ACF-A4FC-8ABDCC68ADA4}, instance {5790E958-670B-4483-BDAB-39F00535C630}, original activity ID {86303C9C-5E4F-0002-8668-7167B2EBD001}.  No resolution was set by the diagnostic module.","110","0",,"4","1","14","4611686052787126272","5946","Microsoft-Windows-Diagnosis-DPS","6bba3851-2c7e-4dea-8f54-31e5afd029e3","Microsoft-Windows-Diagnosis-DPS/Operational","1724","3288","rjaf-PC4429","S-1-5-19","9/12/2015 10:30:58 PM","5790e958-670b-4483-bdab-39f00535c630",,"c:\users\mac_1\desktop\winevt\logs\microsoft-windows-diagnosis-dps%4operational.evtx","System.UInt32[]","System.Diagnostics.Eventing.Reader.EventBookmark","Information","A diagnostic module completed troubleshooting without setting a resolution","Scenario Lifecycle","System.Collections.ObjectModel.ReadOnlyCollection`1[System.String]","System.Collections.Generic.List`1[System.Diagnostics.Eventing.Reader.EventProperty]"
"Diagnostic module {A59F0643-A6CA-48E0-A7C4-4CDD258439E2} (%SystemRoot%\system32\diagperf.dll) started troubleshooting scenario {FFC42108-4920-4ACF-A4FC-8ABDCC68ADA4}, instance {5790E958-670B-4483-BDAB-39F00535C630}, original activity ID {86303C9C-5E4F-0002-8668-7167B2EBD001}.","105","0",,"4","1","13","4611686052787126272","5945","Microsoft-Windows-Diagnosis-DPS","6bba3851-2c7e-4dea-8f54-31e5afd029e3","Microsoft-Windows-Diagnosis-DPS/Operational","1724","3288","rjaf-PC4429","S-1-5-19","9/12/2015 10:30:58 PM","5790e958-670b-4483-bdab-39f00535c630",,"c:\users\mac_1\desktop\winevt\logs\microsoft-windows-diagnosis-dps%4operational.evtx","System.UInt32[]","System.Diagnostics.Eventing.Reader.EventBookmark","Information","A scenario instance was dispatched for troubleshooting","Scenario Lifecycle","System.Collections.ObjectModel.ReadOnlyCollection`1[System.String]","System.Collections.Generic.List`1[System.Diagnostics.Eventing.Reader.EventProperty]"
"Diagnostic module {A59F0643-A6CA-48E0-A7C4-4CDD258439E2} (%SystemRoot%\system32\diagperf.dll) detected a problem for scenario {FFC42108-4920-4ACF-A4FC-8ABDCC68ADA4}, instance {5790E958-670B-4483-BDAB-39F00535C630}, original activity ID {86303C9C-5E4F-0002-8668-7167B2EBD001}.","100","0",,"4","1","12","4611686052787126272","5944","Microsoft-Windows-Diagnosis-DPS","6bba3851-2c7e-4dea-8f54-31e5afd029e3","Microsoft-Windows-Diagnosis-DPS/Operational","1724","3288","rjaf-PC4429","S-1-5-19","9/12/2015 10:30:58 PM","5790e958-670b-4483-bdab-39f00535c630",,"c:\users\mac_1\desktop\winevt\logs\microsoft-windows-diagnosis-dps%4operational.evtx","System.UInt32[]","System.Diagnostics.Eventing.Reader.EventBookmark","Information","A diagnostic module detected a problem","Scenario Lifecycle","System.Collections.ObjectModel.ReadOnlyCollection`1[System.String]","System.Collections.Generic.List`1[System.Diagnostics.Eventing.Reader.EventProperty]"
"Diagnostic module {282396B2-6C46-4D66-B413-70B0445DF33C} (%SystemRoot%\system32\diagperf.dll) finished troubleshooting scenario {186F47EF-626C-4670-800A-4A30756BABAD}, instance {864B34C4-6CA3-4DFB-8AF8-41FDBCBC4110}, original activity ID {00000000-0000-0000-0000-000000000000}.  No resolution was set by the diagnostic module.","110","0",,"4","1","14","4611686052787126272","5943","Microsoft-Windows-Diagnosis-DPS","6bba3851-2c7e-4dea-8f54-31e5afd029e3","Microsoft-Windows-Diagnosis-DPS/Operational","1724","1544","rjaf-PC4429","S-1-5-19","9/10/2015 7:17:55 AM","864b34c4-6ca3-4dfb-8af8-41fdbcbc4110",,"c:\users\mac_1\desktop\winevt\logs\microsoft-windows-diagnosis-dps%4operational.evtx","System.UInt32[]","System.Diagnostics.Eventing.Reader.EventBookmark","Information","A diagnostic module completed troubleshooting without setting a resolution","Scenario Lifecycle","System.Collections.ObjectModel.ReadOnlyCollection`1[System.String]","System.Collections.Generic.List`1[System.Diagnostics.Eventing.Reader.EventProperty]"
"Diagnostic module {282396B2-6C46-4D66-B413-70B0445DF33C} (%SystemRoot%\system32\diagperf.dll) started troubleshooting scenario {186F47EF-626C-4670-800A-4A30756BABAD}, instance {864B34C4-6CA3-4DFB-8AF8-41FDBCBC4110}, original activity ID {00000000-0000-0000-0000-000000000000}.","105","0",,"4","1","13","4611686052787126272","5942","Microsoft-Windows-Diagnosis-DPS","6bba3851-2c7e-4dea-8f54-31e5afd029e3","Microsoft-Windows-Diagnosis-DPS/Operational","1724","1544","rjaf-PC4429","S-1-5-19","9/10/2015 7:17:55 AM","864b34c4-6ca3-4dfb-8af8-41fdbcbc4110",,"c:\users\mac_1\desktop\winevt\logs\microsoft-windows-diagnosis-dps%4operational.evtx","System.UInt32[]","System.Diagnostics.Eventing.Reader.EventBookmark","Information","A scenario instance was dispatched for troubleshooting","Scenario Lifecycle","System.Collections.ObjectModel.ReadOnlyCollection`1[System.String]","System.Collections.Generic.List`1[System.Diagnostics.Eventing.Reader.EventProperty]"
"Diagnostic module {282396B2-6C46-4D66-B413-70B0445DF33C} (%SystemRoot%\system32\diagperf.dll) detected a problem for scenario {186F47EF-626C-4670-800A-4A30756BABAD}, instance {864B34C4-6CA3-4DFB-8AF8-41FDBCBC4110}, original activity ID {00000000-0000-0000-0000-000000000000}.","100","0",,"4","1","12","4611686052787126272","5941","Microsoft-Windows-Diagnosis-DPS","6bba3851-2c7e-4dea-8f54-31e5afd029e3","Microsoft-Windows-Diagnosis-DPS/Operational","1724","1544","rjaf-PC4429","S-1-5-19","9/10/2015 7:17:55 AM","864b34c4-6ca3-4dfb-8af8-41fdbcbc4110",,"c:\users\mac_1\desktop\winevt\logs\microsoft-windows-diagnosis-dps%4operational.evtx","System.UInt32[]","System.Diagnostics.Eventing.Reader.EventBookmark","Information","A diagnostic module detected a problem","Scenario Lifecycle","System.Collections.ObjectModel.ReadOnlyCollection`1[System.String]","System.Collections.Generic.List`1[System.Diagnostics.Eventing.Reader.EventProperty]"
"Diagnostic module {282396B2-6C46-4D66-B413-70B0445DF33C} (%SystemRoot%\system32\diagperf.dll) finished troubleshooting scenario {186F47EF-626C-4670-800A-4A30756BABAD}, instance {4E9E7ED1-6C23-4281-8A39-20416C7657D3}, original activity ID {00000000-0000-0000-0000-000000000000}.  No resolution was set by the diagnostic module.","110","0",,"4","1","14","4611686052787126272","5940","Microsoft-Windows-Diagnosis-DPS","6bba3851-2c7e-4dea-8f54-31e5afd029e3","Microsoft-Windows-Diagnosis-DPS/Operational","1724","1820","rjaf-PC4429","S-1-5-19","9/10/2015 5:16:19 AM","4e9e7ed1-6c23-4281-8a39-20416c7657d3",,"c:\users\mac_1\desktop\winevt\logs\microsoft-windows-diagnosis-dps%4operational.evtx","System.UInt32[]","System.Diagnostics.Eventing.Reader.EventBookmark","Information","A diagnostic module completed troubleshooting without setting a resolution","Scenario Lifecycle","System.Collections.ObjectModel.ReadOnlyCollection`1[System.String]","System.Collections.Generic.List`1[System.Diagnostics.Eventing.Reader.EventProperty]"
"Diagnostic module {282396B2-6C46-4D66-B413-70B0445DF33C} (%SystemRoot%\system32\diagperf.dll) started troubleshooting scenario {186F47EF-626C-4670-800A-4A30756BABAD}, instance {4E9E7ED1-6C23-4281-8A39-20416C7657D3}, original activity ID {00000000-0000-0000-0000-000000000000}.","105","0",,"4","1","13","4611686052787126272","5939","Microsoft-Windows-Diagnosis-DPS","6bba3851-2c7e-4dea-8f54-31e5afd029e3","Microsoft-Windows-Diagnosis-DPS/Operational","1724","1820","rjaf-PC4429","S-1-5-19","9/10/2015 5:16:19 AM","4e9e7ed1-6c23-4281-8a39-20416c7657d3",,"c:\users\mac_1\desktop\winevt\logs\microsoft-windows-diagnosis-dps%4operational.evtx","System.UInt32[]","System.Diagnostics.Eventing.Reader.EventBookmark","Information","A scenario instance was dispatched for troubleshooting","Scenario Lifecycle","System.Collections.ObjectModel.ReadOnlyCollection`1[System.String]","System.Collections.Generic.List`1[System.Diagnostics.Eventing.Reader.EventProperty]"
"Diagnostic module {282396B2-6C46-4D66-B413-70B0445DF33C} (%SystemRoot%\system32\diagperf.dll) detected a problem for scenario {186F47EF-626C-4670-800A-4A30756BABAD}, instance {4E9E7ED1-6C23-4281-8A39-20416C7657D3}, original activity ID {00000000-0000-0000-0000-000000000000}.","100","0",,"4","1","12","4611686052787126272","5938","Microsoft-Windows-Diagnosis-DPS","6bba3851-2c7e-4dea-8f54-31e5afd029e3","Microsoft-Windows-Diagnosis-DPS/Operational","1724","1820","rjaf-PC4429","S-1-5-19","9/10/2015 5:16:19 AM","4e9e7ed1-6c23-4281-8a39-20416c7657d3",,"c:\users\mac_1\desktop\winevt\logs\microsoft-windows-diagnosis-dps%4operational.evtx","System.UInt32[]","System.Diagnostics.Eventing.Reader.EventBookmark","Information","A diagnostic module detected a problem","Scenario Lifecycle","System.Collections.ObjectModel.ReadOnlyCollection`1[System.String]","System.Collections.Generic.List`1[System.Diagnostics.Eventing.Reader.EventProperty]"
"Diagnostic module {5EE64AFB-398D-4EDB-AF71-3B830219ABF7} (%windir%\system32\radarrs.dll) finished resolving scenario {180B3A99-8C39-4F12-B631-2031998EFE45}, instance {540B8FF5-377A-4A11-AC51-F16EF8A4D2AE}, original activity ID {00000000-0000-0000-0000-000000000000}.","130","0",,"4","1","19","4611686052787126272","5937","Microsoft-Windows-Diagnosis-DPS","6bba3851-2c7e-4dea-8f54-31e5afd029e3","Microsoft-Windows-Diagnosis-DPS/Operational","1724","3696","rjaf-PC4429","S-1-5-19","9/10/2015 4:26:33 AM","540b8ff5-377a-4a11-ac51-f16ef8a4d2ae",,"c:\users\mac_1\desktop\winevt\logs\microsoft-windows-diagnosis-dps%4operational.evtx","System.UInt32[]","System.Diagnostics.Eventing.Reader.EventBookmark","Information","A diagnostic module completed resolution","Scenario Lifecycle","System.Collections.ObjectModel.ReadOnlyCollection`1[System.String]","System.Collections.Generic.List`1[System.Diagnostics.Eventing.Reader.EventProperty]"
"Diagnostic module {5EE64AFB-398D-4EDB-AF71-3B830219ABF7} (%windir%\system32\radarrs.dll) started resolving scenario {180B3A99-8C39-4F12-B631-2031998EFE45}, instance {540B8FF5-377A-4A11-AC51-F16EF8A4D2AE}, original activity ID {00000000-0000-0000-0000-000000000000}.","125","0",,"4","1","17","4611686052787126272","5936","Microsoft-Windows-Diagnosis-DPS","6bba3851-2c7e-4dea-8f54-31e5afd029e3","Microsoft-Windows-Diagnosis-DPS/Operational","1724","3696","rjaf-PC4429","S-1-5-19","9/10/2015 4:26:33 AM","540b8ff5-377a-4a11-ac51-f16ef8a4d2ae",,"c:\users\mac_1\desktop\winevt\logs\microsoft-windows-diagnosis-dps%4operational.evtx","System.UInt32[]","System.Diagnostics.Eventing.Reader.EventBookmark","Information","A scenario instance was dispatched for resolution","Scenario Lifecycle","System.Collections.ObjectModel.ReadOnlyCollection`1[System.String]","System.Collections.Generic.List`1[System.Diagnostics.Eventing.Reader.EventProperty]"
"Diagnostic module {45DE1EA9-10BC-4F96-9B21-4B6B83DBF476} (%windir%\system32\radardt.dll) finished troubleshooting scenario {180B3A99-8C39-4F12-B631-2031998EFE45}, instance {540B8FF5-377A-4A11-AC51-F16EF8A4D2AE}, original activity ID {00000000-0000-0000-0000-000000000000}.  It set resolution {5EE64AFB-398D-4EDB-AF71-3B830219ABF7} for user S-1-5-21-1634558665-2257203147-3060767804-1000 in session 1 with expiration date ?1601?-?01?-?01T00:00:00.000000000Z.  The resolution will be started immediately.","115","0",,"4","1","15","4611686052787126272","5935","Microsoft-Windows-Diagnosis-DPS","6bba3851-2c7e-4dea-8f54-31e5afd029e3","Microsoft-Windows-Diagnosis-DPS/Operational","1724","3216","rjaf-PC4429","S-1-5-19","9/10/2015 4:26:33 AM","540b8ff5-377a-4a11-ac51-f16ef8a4d2ae",,"c:\users\mac_1\desktop\winevt\logs\microsoft-windows-diagnosis-dps%4operational.evtx","System.UInt32[]","System.Diagnostics.Eventing.Reader.EventBookmark","Information","A diagnostic module completed troubleshooting and set an immediate resolution","Scenario Lifecycle","System.Collections.ObjectModel.ReadOnlyCollection`1[System.String]","System.Collections.Generic.List`1[System.Diagnostics.Eventing.Reader.EventProperty]"
"Diagnostic module {45DE1EA9-10BC-4F96-9B21-4B6B83DBF476} (%windir%\system32\radardt.dll) started troubleshooting scenario {180B3A99-8C39-4F12-B631-2031998EFE45}, instance {540B8FF5-377A-4A11-AC51-F16EF8A4D2AE}, original activity ID {00000000-0000-0000-0000-000000000000}.","105","0",,"4","1","13","4611686052787126272","5934","Microsoft-Windows-Diagnosis-DPS","6bba3851-2c7e-4dea-8f54-31e5afd029e3","Microsoft-Windows-Diagnosis-DPS/Operational","1724","3216","rjaf-PC4429","S-1-5-19","9/10/2015 4:26:33 AM","540b8ff5-377a-4a11-ac51-f16ef8a4d2ae",,"c:\users\mac_1\desktop\winevt\logs\microsoft-windows-diagnosis-dps%4operational.evtx","System.UInt32[]","System.Diagnostics.Eventing.Reader.EventBookmark","Information","A scenario instance was dispatched for troubleshooting","Scenario Lifecycle","System.Collections.ObjectModel.ReadOnlyCollection`1[System.String]","System.Collections.Generic.List`1[System.Diagnostics.Eventing.Reader.EventProperty]"
"Diagnostic module {45DE1EA9-10BC-4F96-9B21-4B6B83DBF476} (%windir%\system32\radardt.dll) detected a problem for scenario {180B3A99-8C39-4F12-B631-2031998EFE45}, instance {540B8FF5-377A-4A11-AC51-F16EF8A4D2AE}, original activity ID {00000000-0000-0000-0000-000000000000}.","100","0",,"4","1","12","4611686052787126272","5933","Microsoft-Windows-Diagnosis-DPS","6bba3851-2c7e-4dea-8f54-31e5afd029e3","Microsoft-Windows-Diagnosis-DPS/Operational","1724","3216","rjaf-PC4429","S-1-5-19","9/10/2015 4:26:33 AM","540b8ff5-377a-4a11-ac51-f16ef8a4d2ae",,"c:\users\mac_1\desktop\winevt\logs\microsoft-windows-diagnosis-dps%4operational.evtx","System.UInt32[]","System.Diagnostics.Eventing.Reader.EventBookmark","Information","A diagnostic module detected a problem","Scenario Lifecycle","System.Collections.ObjectModel.ReadOnlyCollection`1[System.String]","System.Collections.Generic.List`1[System.Diagnostics.Eventing.Reader.EventProperty]"
"Diagnostic module {282396B2-6C46-4D66-B413-70B0445DF33C} (%SystemRoot%\system32\diagperf.dll) finished troubleshooting scenario {186F47EF-626C-4670-800A-4A30756BABAD}, instance {3B084BD0-F57B-4AC0-BBB6-A7B6098F1022}, original activity ID {00000000-0000-0000-0000-000000000000}.  No resolution was set by the diagnostic module.","110","0",,"4","1","14","4611686052787126272","5932","Microsoft-Windows-Diagnosis-DPS","6bba3851-2c7e-4dea-8f54-31e5afd029e3","Microsoft-Windows-Diagnosis-DPS/Operational","1724","4000","rjaf-PC4429","S-1-5-19","9/10/2015 4:13:33 AM","3b084bd0-f57b-4ac0-bbb6-a7b6098f1022",,"c:\users\mac_1\desktop\winevt\logs\microsoft-windows-diagnosis-dps%4operational.evtx","System.UInt32[]","System.Diagnostics.Eventing.Reader.EventBookmark","Information","A diagnostic module completed troubleshooting without setting a resolution","Scenario Lifecycle","System.Collections.ObjectModel.ReadOnlyCollection`1[System.String]","System.Collections.Generic.List`1[System.Diagnostics.Eventing.Reader.EventProperty]"
"Diagnostic module {282396B2-6C46-4D66-B413-70B0445DF33C} (%SystemRoot%\system32\diagperf.dll) started troubleshooting scenario {186F47EF-626C-4670-800A-4A30756BABAD}, instance {3B084BD0-F57B-4AC0-BBB6-A7B6098F1022}, original activity ID {00000000-0000-0000-0000-000000000000}.","105","0",,"4","1","13","4611686052787126272","5931","Microsoft-Windows-Diagnosis-DPS","6bba3851-2c7e-4dea-8f54-31e5afd029e3","Microsoft-Windows-Diagnosis-DPS/Operational","1724","4000","rjaf-PC4429","S-1-5-19","9/10/2015 4:13:33 AM","3b084bd0-f57b-4ac0-bbb6-a7b6098f1022",,"c:\users\mac_1\desktop\winevt\logs\microsoft-windows-diagnosis-dps%4operational.evtx","System.UInt32[]","System.Diagnostics.Eventing.Reader.EventBookmark","Information","A scenario instance was dispatched for troubleshooting","Scenario Lifecycle","System.Collections.ObjectModel.ReadOnlyCollection`1[System.String]","System.Collections.Generic.List`1[System.Diagnostics.Eventing.Reader.EventProperty]"
"Diagnostic module {282396B2-6C46-4D66-B413-70B0445DF33C} (%SystemRoot%\system32\diagperf.dll) detected a problem for scenario {186F47EF-626C-4670-800A-4A30756BABAD}, instance {3B084BD0-F57B-4AC0-BBB6-A7B6098F1022}, original activity ID {00000000-0000-0000-0000-000000000000}.","100","0",,"4","1","12","4611686052787126272","5930","Microsoft-Windows-Diagnosis-DPS","6bba3851-2c7e-4dea-8f54-31e5afd029e3","Microsoft-Windows-Diagnosis-DPS/Operational","1724","4000","rjaf-PC4429","S-1-5-19","9/10/2015 4:13:33 AM","3b084bd0-f57b-4ac0-bbb6-a7b6098f1022",,"c:\users\mac_1\desktop\winevt\logs\microsoft-windows-diagnosis-dps%4operational.evtx","System.UInt32[]","System.Diagnostics.Eventing.Reader.EventBookmark","Information","A diagnostic module detected a problem","Scenario Lifecycle","System.Collections.ObjectModel.ReadOnlyCollection`1[System.String]","System.Collections.Generic.List`1[System.Diagnostics.Eventing.Reader.EventProperty]"
"Diagnostic module {282396B2-6C46-4D66-B413-70B0445DF33C} (%SystemRoot%\system32\diagperf.dll) finished troubleshooting scenario {186F47EF-626C-4670-800A-4A30756BABAD}, instance {F29FC80A-6999-493B-9656-C46CD32ADDDB}, original activity ID {00000000-0000-0000-0000-000000000000}.  No resolution was set by the diagnostic module.","110","0",,"4","1","14","4611686052787126272","5929","Microsoft-Windows-Diagnosis-DPS","6bba3851-2c7e-4dea-8f54-31e5afd029e3","Microsoft-Windows-Diagnosis-DPS/Operational","1724","2960","rjaf-PC4429","S-1-5-19","9/10/2015 3:44:17 AM","f29fc80a-6999-493b-9656-c46cd32adddb",,"c:\users\mac_1\desktop\winevt\logs\microsoft-windows-diagnosis-dps%4operational.evtx","System.UInt32[]","System.Diagnostics.Eventing.Reader.EventBookmark","Information","A diagnostic module completed troubleshooting without setting a resolution","Scenario Lifecycle","System.Collections.ObjectModel.ReadOnlyCollection`1[System.String]","System.Collections.Generic.List`1[System.Diagnostics.Eventing.Reader.EventProperty]"
"Diagnostic module {282396B2-6C46-4D66-B413-70B0445DF33C} (%SystemRoot%\system32\diagperf.dll) started troubleshooting scenario {186F47EF-626C-4670-800A-4A30756BABAD}, instance {F29FC80A-6999-493B-9656-C46CD32ADDDB}, original activity ID {00000000-0000-0000-0000-000000000000}.","105","0",,"4","1","13","4611686052787126272","5928","Microsoft-Windows-Diagnosis-DPS","6bba3851-2c7e-4dea-8f54-31e5afd029e3","Microsoft-Windows-Diagnosis-DPS/Operational","1724","2960","rjaf-PC4429","S-1-5-19","9/10/2015 3:44:17 AM","f29fc80a-6999-493b-9656-c46cd32adddb",,"c:\users\mac_1\desktop\winevt\logs\microsoft-windows-diagnosis-dps%4operational.evtx","System.UInt32[]","System.Diagnostics.Eventing.Reader.EventBookmark","Information","A scenario instance was dispatched for troubleshooting","Scenario Lifecycle","System.Collections.ObjectModel.ReadOnlyCollection`1[System.String]","System.Collections.Generic.List`1[System.Diagnostics.Eventing.Reader.EventProperty]"
"Diagnostic module {282396B2-6C46-4D66-B413-70B0445DF33C} (%SystemRoot%\system32\diagperf.dll) detected a problem for scenario {186F47EF-626C-4670-800A-4A30756BABAD}, instance {F29FC80A-6999-493B-9656-C46CD32ADDDB}, original activity ID {00000000-0000-0000-0000-000000000000}.","100","0",,"4","1","12","4611686052787126272","5927","Microsoft-Windows-Diagnosis-DPS","6bba3851-2c7e-4dea-8f54-31e5afd029e3","Microsoft-Windows-Diagnosis-DPS/Operational","1724","2960","rjaf-PC4429","S-1-5-19","9/10/2015 3:44:17 AM","f29fc80a-6999-493b-9656-c46cd32adddb",,"c:\users\mac_1\desktop\winevt\logs\microsoft-windows-diagnosis-dps%4operational.evtx","System.UInt32[]","System.Diagnostics.Eventing.Reader.EventBookmark","Information","A diagnostic module detected a problem","Scenario Lifecycle","System.Collections.ObjectModel.ReadOnlyCollection`1[System.String]","System.Collections.Generic.List`1[System.Diagnostics.Eventing.Reader.EventProperty]"
"Diagnostic module {C8544339-5BE9-4F25-862E-485F1B1A6935} (%SystemRoot%\system32\diagperf.dll) finished troubleshooting scenario {86432A0B-3C7D-4DDF-A89C-172FAA90485D}, instance {CC95309C-FACD-4695-ABA2-4D74BFFAD107}, original activity ID {86432A0B-3C7D-4DDF-A89C-172FAA90485D}.  No resolution was set by the diagnostic module.","110","0",,"4","1","14","4611686052787126272","5926","Microsoft-Windows-Diagnosis-DPS","6bba3851-2c7e-4dea-8f54-31e5afd029e3","Microsoft-Windows-Diagnosis-DPS/Operational","1724","2728","rjaf-PC4429","S-1-5-19","9/10/2015 3:31:20 AM","cc95309c-facd-4695-aba2-4d74bffad107",,"c:\users\mac_1\desktop\winevt\logs\microsoft-windows-diagnosis-dps%4operational.evtx","System.UInt32[]","System.Diagnostics.Eventing.Reader.EventBookmark","Information","A diagnostic module completed troubleshooting without setting a resolution","Scenario Lifecycle","System.Collections.ObjectModel.ReadOnlyCollection`1[System.String]","System.Collections.Generic.List`1[System.Diagnostics.Eventing.Reader.EventProperty]"
"Diagnostic module {C8544339-5BE9-4F25-862E-485F1B1A6935} (%SystemRoot%\system32\diagperf.dll) started troubleshooting scenario {86432A0B-3C7D-4DDF-A89C-172FAA90485D}, instance {CC95309C-FACD-4695-ABA2-4D74BFFAD107}, original activity ID {86432A0B-3C7D-4DDF-A89C-172FAA90485D}.","105","0",,"4","1","13","4611686052787126272","5925","Microsoft-Windows-Diagnosis-DPS","6bba3851-2c7e-4dea-8f54-31e5afd029e3","Microsoft-Windows-Diagnosis-DPS/Operational","1724","2728","rjaf-PC4429","S-1-5-19","9/10/2015 3:31:19 AM","cc95309c-facd-4695-aba2-4d74bffad107",,"c:\users\mac_1\desktop\winevt\logs\microsoft-windows-diagnosis-dps%4operational.evtx","System.UInt32[]","System.Diagnostics.Eventing.Reader.EventBookmark","Information","A scenario instance was dispatched for troubleshooting","Scenario Lifecycle","System.Collections.ObjectModel.ReadOnlyCollection`1[System.String]","System.Collections.Generic.List`1[System.Diagnostics.Eventing.Reader.EventProperty]"
"Diagnostic module {C8544339-5BE9-4F25-862E-485F1B1A6935} (%SystemRoot%\system32\diagperf.dll) detected a problem for scenario {86432A0B-3C7D-4DDF-A89C-172FAA90485D}, instance {CC95309C-FACD-4695-ABA2-4D74BFFAD107}, original activity ID {86432A0B-3C7D-4DDF-A89C-172FAA90485D}.","100","0",,"4","1","12","4611686052787126272","5924","Microsoft-Windows-Diagnosis-DPS","6bba3851-2c7e-4dea-8f54-31e5afd029e3","Microsoft-Windows-Diagnosis-DPS/Operational","1724","2728","rjaf-PC4429","S-1-5-19","9/10/2015 3:31:19 AM","cc95309c-facd-4695-aba2-4d74bffad107",,"c:\users\mac_1\desktop\winevt\logs\microsoft-windows-diagnosis-dps%4operational.evtx","System.UInt32[]","System.Diagnostics.Eventing.Reader.EventBookmark","Information","A diagnostic module detected a problem","Scenario Lifecycle","System.Collections.ObjectModel.ReadOnlyCollection`1[System.String]","System.Collections.Generic.List`1[System.Diagnostics.Eventing.Reader.EventProperty]"
"Diagnostic module {15FBA3B8-A37A-4F91-BDBA-FBB98FE804BF} (%SystemRoot%\system32\diagperf.dll) started troubleshooting scenario {2698178D-FDAD-40AE-9D3C-1371703ADC5B}, instance {069081CB-86A8-44D5-BA74-941C72FFF65E}, original activity ID {2698178D-FDAD-40AE-9D3C-1371703ADC5B}.","105","0",,"4","1","13","4611686052787126272","5923","Microsoft-Windows-Diagnosis-DPS","6bba3851-2c7e-4dea-8f54-31e5afd029e3","Microsoft-Windows-Diagnosis-DPS/Operational","1724","1872","rjaf-PC4429","S-1-5-19","9/10/2015 3:21:32 AM","069081cb-86a8-44d5-ba74-941c72fff65e",,"c:\users\mac_1\desktop\winevt\logs\microsoft-windows-diagnosis-dps%4operational.evtx","System.UInt32[]","System.Diagnostics.Eventing.Reader.EventBookmark","Information","A scenario instance was dispatched for troubleshooting","Scenario Lifecycle","System.Collections.ObjectModel.ReadOnlyCollection`1[System.String]","System.Collections.Generic.List`1[System.Diagnostics.Eventing.Reader.EventProperty]"
"Diagnostic module {15FBA3B8-A37A-4F91-BDBA-FBB98FE804BF} (%SystemRoot%\system32\diagperf.dll) detected a problem for scenario {2698178D-FDAD-40AE-9D3C-1371703ADC5B}, instance {069081CB-86A8-44D5-BA74-941C72FFF65E}, original activity ID {2698178D-FDAD-40AE-9D3C-1371703ADC5B}.","100","0",,"4","1","12","4611686052787126272","5922","Microsoft-Windows-Diagnosis-DPS","6bba3851-2c7e-4dea-8f54-31e5afd029e3","Microsoft-Windows-Diagnosis-DPS/Operational","1724","1872","rjaf-PC4429","S-1-5-19","9/10/2015 3:21:32 AM","069081cb-86a8-44d5-ba74-941c72fff65e",,"c:\users\mac_1\desktop\winevt\logs\microsoft-windows-diagnosis-dps%4operational.evtx","System.UInt32[]","System.Diagnostics.Eventing.Reader.EventBookmark","Information","A diagnostic module detected a problem","Scenario Lifecycle","System.Collections.ObjectModel.ReadOnlyCollection`1[System.String]","System.Collections.Generic.List`1[System.Diagnostics.Eventing.Reader.EventProperty]"
"Diagnostic module {A59F0643-A6CA-48E0-A7C4-4CDD258439E2} (%SystemRoot%\system32\diagperf.dll) finished troubleshooting scenario {FFC42108-4920-4ACF-A4FC-8ABDCC68ADA4}, instance {7CB40149-AEFC-4C18-BAE3-5485C466237A}, original activity ID {86322C9C-2E4F-0003-92C3-19AD29E6D001}.  No resolution was set by the diagnostic module.","110","0",,"4","1","14","4611686052787126272","5921","Microsoft-Windows-Diagnosis-DPS","6bba3851-2c7e-4dea-8f54-31e5afd029e3","Microsoft-Windows-Diagnosis-DPS/Operational","1764","8024","rjaf-PC4429","S-1-5-19","9/6/2015 3:31:16 AM","7cb40149-aefc-4c18-bae3-5485c466237a",,"c:\users\mac_1\desktop\winevt\logs\microsoft-windows-diagnosis-dps%4operational.evtx","System.UInt32[]","System.Diagnostics.Eventing.Reader.EventBookmark","Information","A diagnostic module completed troubleshooting without setting a resolution","Scenario Lifecycle","System.Collections.ObjectModel.ReadOnlyCollection`1[System.String]","System.Collections.Generic.List`1[System.Diagnostics.Eventing.Reader.EventProperty]"
"Diagnostic module {A59F0643-A6CA-48E0-A7C4-4CDD258439E2} (%SystemRoot%\system32\diagperf.dll) started troubleshooting scenario {FFC42108-4920-4ACF-A4FC-8ABDCC68ADA4}, instance {7CB40149-AEFC-4C18-BAE3-5485C466237A}, original activity ID {86322C9C-2E4F-0003-92C3-19AD29E6D001}.","105","0",,"4","1","13","4611686052787126272","5920","Microsoft-Windows-Diagnosis-DPS","6bba3851-2c7e-4dea-8f54-31e5afd029e3","Microsoft-Windows-Diagnosis-DPS/Operational","1764","6292","rjaf-PC4429","S-1-5-19","9/6/2015 3:31:16 AM","7cb40149-aefc-4c18-bae3-5485c466237a",,"c:\users\mac_1\desktop\winevt\logs\microsoft-windows-diagnosis-dps%4operational.evtx","System.UInt32[]","System.Diagnostics.Eventing.Reader.EventBookmark","Information","A scenario instance was dispatched for troubleshooting","Scenario Lifecycle","System.Collections.ObjectModel.ReadOnlyCollection`1[System.String]","System.Collections.Generic.List`1[System.Diagnostics.Eventing.Reader.EventProperty]"
"Diagnostic module {A59F0643-A6CA-48E0-A7C4-4CDD258439E2} (%SystemRoot%\system32\diagperf.dll) detected a problem for scenario {FFC42108-4920-4ACF-A4FC-8ABDCC68ADA4}, instance {7CB40149-AEFC-4C18-BAE3-5485C466237A}, original activity ID {86322C9C-2E4F-0003-92C3-19AD29E6D001}.","100","0",,"4","1","12","4611686052787126272","5919","Microsoft-Windows-Diagnosis-DPS","6bba3851-2c7e-4dea-8f54-31e5afd029e3","Microsoft-Windows-Diagnosis-DPS/Operational","1764","6292","rjaf-PC4429","S-1-5-19","9/6/2015 3:31:16 AM","7cb40149-aefc-4c18-bae3-5485c466237a",,"c:\users\mac_1\desktop\winevt\logs\microsoft-windows-diagnosis-dps%4operational.evtx","System.UInt32[]","System.Diagnostics.Eventing.Reader.EventBookmark","Information","A diagnostic module detected a problem","Scenario Lifecycle","System.Collections.ObjectModel.ReadOnlyCollection`1[System.String]","System.Collections.Generic.List`1[System.Diagnostics.Eventing.Reader.EventProperty]"
"Diagnostic module {A59F0643-A6CA-48E0-A7C4-4CDD258439E2} (%SystemRoot%\system32\diagperf.dll) finished troubleshooting scenario {FFC42108-4920-4ACF-A4FC-8ABDCC68ADA4}, instance {33CF2260-714A-4E2B-960D-4BB1AA989BBE}, original activity ID {86322C9C-2E4F-0003-92C3-19AD29E6D001}.  No resolution was set by the diagnostic module.","110","0",,"4","1","14","4611686052787126272","5918","Microsoft-Windows-Diagnosis-DPS","6bba3851-2c7e-4dea-8f54-31e5afd029e3","Microsoft-Windows-Diagnosis-DPS/Operational","1764","4824","rjaf-PC4429","S-1-5-19","9/3/2015 5:00:20 PM","33cf2260-714a-4e2b-960d-4bb1aa989bbe",,"c:\users\mac_1\desktop\winevt\logs\microsoft-windows-diagnosis-dps%4operational.evtx","System.UInt32[]","System.Diagnostics.Eventing.Reader.EventBookmark","Information","A diagnostic module completed troubleshooting without setting a resolution","Scenario Lifecycle","System.Collections.ObjectModel.ReadOnlyCollection`1[System.String]","System.Collections.Generic.List`1[System.Diagnostics.Eventing.Reader.EventProperty]"
"Diagnostic module {A59F0643-A6CA-48E0-A7C4-4CDD258439E2} (%SystemRoot%\system32\diagperf.dll) started troubleshooting scenario {FFC42108-4920-4ACF-A4FC-8ABDCC68ADA4}, instance {33CF2260-714A-4E2B-960D-4BB1AA989BBE}, original activity ID {86322C9C-2E4F-0003-92C3-19AD29E6D001}.","105","0",,"4","1","13","4611686052787126272","5917","Microsoft-Windows-Diagnosis-DPS","6bba3851-2c7e-4dea-8f54-31e5afd029e3","Microsoft-Windows-Diagnosis-DPS/Operational","1764","4824","rjaf-PC4429","S-1-5-19","9/3/2015 5:00:20 PM","33cf2260-714a-4e2b-960d-4bb1aa989bbe",,"c:\users\mac_1\desktop\winevt\logs\microsoft-windows-diagnosis-dps%4operational.evtx","System.UInt32[]","System.Diagnostics.Eventing.Reader.EventBookmark","Information","A scenario instance was dispatched for troubleshooting","Scenario Lifecycle","System.Collections.ObjectModel.ReadOnlyCollection`1[System.String]","System.Collections.Generic.List`1[System.Diagnostics.Eventing.Reader.EventProperty]"
"Diagnostic module {A59F0643-A6CA-48E0-A7C4-4CDD258439E2} (%SystemRoot%\system32\diagperf.dll) detected a problem for scenario {FFC42108-4920-4ACF-A4FC-8ABDCC68ADA4}, instance {33CF2260-714A-4E2B-960D-4BB1AA989BBE}, original activity ID {86322C9C-2E4F-0003-92C3-19AD29E6D001}.","100","0",,"4","1","12","4611686052787126272","5916","Microsoft-Windows-Diagnosis-DPS","6bba3851-2c7e-4dea-8f54-31e5afd029e3","Microsoft-Windows-Diagnosis-DPS/Operational","1764","4824","rjaf-PC4429","S-1-5-19","9/3/2015 5:00:20 PM","33cf2260-714a-4e2b-960d-4bb1aa989bbe",,"c:\users\mac_1\desktop\winevt\logs\microsoft-windows-diagnosis-dps%4operational.evtx","System.UInt32[]","System.Diagnostics.Eventing.Reader.EventBookmark","Information","A diagnostic module detected a problem","Scenario Lifecycle","System.Collections.ObjectModel.ReadOnlyCollection`1[System.String]","System.Collections.Generic.List`1[System.Diagnostics.Eventing.Reader.EventProperty]"
"Diagnostic module {5EE64AFB-398D-4EDB-AF71-3B830219ABF7} (%windir%\system32\radarrs.dll) finished resolving scenario {180B3A99-8C39-4F12-B631-2031998EFE45}, instance {1683AE15-ED8B-4C48-B4F0-82BF197329EB}, original activity ID {00000000-0000-0000-0000-000000000000}.","130","0",,"4","1","19","4611686052787126272","5915","Microsoft-Windows-Diagnosis-DPS","6bba3851-2c7e-4dea-8f54-31e5afd029e3","Microsoft-Windows-Diagnosis-DPS/Operational","1764","3924","rjaf-PC4429","S-1-5-19","9/3/2015 3:55:27 AM","1683ae15-ed8b-4c48-b4f0-82bf197329eb",,"c:\users\mac_1\desktop\winevt\logs\microsoft-windows-diagnosis-dps%4operational.evtx","System.UInt32[]","System.Diagnostics.Eventing.Reader.EventBookmark","Information","A diagnostic module completed resolution","Scenario Lifecycle","System.Collections.ObjectModel.ReadOnlyCollection`1[System.String]","System.Collections.Generic.List`1[System.Diagnostics.Eventing.Reader.EventProperty]"
"Diagnostic module {5EE64AFB-398D-4EDB-AF71-3B830219ABF7} (%windir%\system32\radarrs.dll) started resolving scenario {180B3A99-8C39-4F12-B631-2031998EFE45}, instance {1683AE15-ED8B-4C48-B4F0-82BF197329EB}, original activity ID {00000000-0000-0000-0000-000000000000}.","125","0",,"4","1","17","4611686052787126272","5914","Microsoft-Windows-Diagnosis-DPS","6bba3851-2c7e-4dea-8f54-31e5afd029e3","Microsoft-Windows-Diagnosis-DPS/Operational","1764","3924","rjaf-PC4429","S-1-5-19","9/3/2015 3:55:20 AM","1683ae15-ed8b-4c48-b4f0-82bf197329eb",,"c:\users\mac_1\desktop\winevt\logs\microsoft-windows-diagnosis-dps%4operational.evtx","System.UInt32[]","System.Diagnostics.Eventing.Reader.EventBookmark","Information","A scenario instance was dispatched for resolution","Scenario Lifecycle","System.Collections.ObjectModel.ReadOnlyCollection`1[System.String]","System.Collections.Generic.List`1[System.Diagnostics.Eventing.Reader.EventProperty]"
"Diagnostic module {45DE1EA9-10BC-4F96-9B21-4B6B83DBF476} (%windir%\system32\radardt.dll) finished troubleshooting scenario {180B3A99-8C39-4F12-B631-2031998EFE45}, instance {1683AE15-ED8B-4C48-B4F0-82BF197329EB}, original activity ID {00000000-0000-0000-0000-000000000000}.  It set resolution {5EE64AFB-398D-4EDB-AF71-3B830219ABF7} for user S-1-5-21-1634558665-2257203147-3060767804-500 in session 2 with expiration date ?1601?-?01?-?01T00:00:00.000000000Z.  The resolution will be started immediately.","115","0",,"4","1","15","4611686052787126272","5913","Microsoft-Windows-Diagnosis-DPS","6bba3851-2c7e-4dea-8f54-31e5afd029e3","Microsoft-Windows-Diagnosis-DPS/Operational","1764","4516","rjaf-PC4429","S-1-5-19","9/3/2015 3:55:20 AM","1683ae15-ed8b-4c48-b4f0-82bf197329eb",,"c:\users\mac_1\desktop\winevt\logs\microsoft-windows-diagnosis-dps%4operational.evtx","System.UInt32[]","System.Diagnostics.Eventing.Reader.EventBookmark","Information","A diagnostic module completed troubleshooting and set an immediate resolution","Scenario Lifecycle","System.Collections.ObjectModel.ReadOnlyCollection`1[System.String]","System.Collections.Generic.List`1[System.Diagnostics.Eventing.Reader.EventProperty]"
"Diagnostic module {45DE1EA9-10BC-4F96-9B21-4B6B83DBF476} (%windir%\system32\radardt.dll) started troubleshooting scenario {180B3A99-8C39-4F12-B631-2031998EFE45}, instance {1683AE15-ED8B-4C48-B4F0-82BF197329EB}, original activity ID {00000000-0000-0000-0000-000000000000}.","105","0",,"4","1","13","4611686052787126272","5912","Microsoft-Windows-Diagnosis-DPS","6bba3851-2c7e-4dea-8f54-31e5afd029e3","Microsoft-Windows-Diagnosis-DPS/Operational","1764","4516","rjaf-PC4429","S-1-5-19","9/3/2015 3:55:20 AM","1683ae15-ed8b-4c48-b4f0-82bf197329eb",,"c:\users\mac_1\desktop\winevt\logs\microsoft-windows-diagnosis-dps%4operational.evtx","System.UInt32[]","System.Diagnostics.Eventing.Reader.EventBookmark","Information","A scenario instance was dispatched for troubleshooting","Scenario Lifecycle","System.Collections.ObjectModel.ReadOnlyCollection`1[System.String]","System.Collections.Generic.List`1[System.Diagnostics.Eventing.Reader.EventProperty]"
