"While transferring C:\Users\rjaf\AppData\Local\Temp\{BB325E93-FD3A-4D26-AAC6-787573A39F7D}-41.0.2272.118_41.0.2272.101_chrome_updater.exe, BITS encountered error 0x80200013 using 10.10.1.1:8080 as the HTTP proxy server.  The web server or proxy server does not support an HTTP feature required by BITS.  This problem can only be corrected by the administrator of the web server or proxy server.  Details: {job: C:\Users\rjaf\AppData\Local\Temp\{BB325E93-FD3A-4D26-AAC6-787573A39F7D}-41.0.2272.118_41.0.2272.101_chrome_updater.exe}, {owner: RJAF-PC4429\rjaf}, {jobId: {8E1D7D0C-4220-486E-A9FB-8FCD6153270C}}, {url: /E569F289-88A3-44E2-A082-6196894F0E69/ForceRequestingFullContent/E569F289-88A3-44E2-A082-6196894F0E69/edgedl/chrome/win/41.0.2272.118_41.0.2272.101_chrome_updater.exe?cms_redirect=yes&expire=1428171740&ip=82.212.98.4&ipbits=0&mm=28&ms=nvh&mt=1428157256&mv=u&pl=23&shardbypass=yes&sparams=expire,ip,ipbits,mm,ms,mv,pl,shardbypass&signature=3311FB37C543758519E0D7E08AE8BAC390EAFE0F.080A1DF0628AD89AF99706FD258C708962F7E66E&key=cms1}, {xferId: {375DF550-436C-44A4-AEDE-DD34603C2AEF}}, {proxyServer: 10.10.1.1:8080}, {hr: 0x80200013}, {urlContentLength: 864336}, {urlHttpVersion: HTTP/1.1}, {urlRange: }","202","0",,"2","0","0","4611686018427387904","9581","Microsoft-Windows-Bits-Client","ef1cc15b-46c1-414e-bb95-e76b077bd51e","Microsoft-Windows-Bits-Client/Operational","952","624","rjaf-PC4429","S-1-5-21-1634558665-2257203147-3060767804-1000","4/4/2015 7:22:26 AM","375df550-436c-44a4-aede-dd34603c2aef",,"c:\users\mac_1\desktop\winevt\logs\microsoft-windows-bits-client%4operational.evtx","System.UInt32[]","System.Diagnostics.Eventing.Reader.EventBookmark","Error","Info",,"System.Collections.ObjectModel.ReadOnlyCollection`1[System.String]","System.Collections.Generic.List`1[System.Diagnostics.Eventing.Reader.EventProperty]"
"The BITS service provided job credentials in response to the NEGOTIATE authentication challenge from the 10.10.1.1:8080 server for the C:\Users\rjaf\AppData\Local\Temp\{BB325E93-FD3A-4D26-AAC6-787573A39F7D}-41.0.2272.118_41.0.2272.101_chrome_updater.exe transfer job that is associated with the following URL: /E569F289-88A3-44E2-A082-6196894F0E69/ForceRequestingFullContent/E569F289-88A3-44E2-A082-6196894F0E69/edgedl/chrome/win/41.0.2272.118_41.0.2272.101_chrome_updater.exe?cms_redirect=yes&expire=1428171740&ip=82.212.98.4&ipbits=0&mm=28&ms=nvh&mt=1428157256&mv=u&pl=23&shardbypass=yes&sparams=expire,ip,ipbits,mm,ms,mv,pl,shardbypass&signature=3311FB37C543758519E0D7E08AE8BAC390EAFE0F.080A1DF0628AD89AF99706FD258C708962F7E66E&key=cms1.
The credentials for the S-1-5-21-1634558665-2257203147-3060767804-1000 user were accepted.","203","1",,"4","0","0","4611686018427387904","9580","Microsoft-Windows-Bits-Client","ef1cc15b-46c1-414e-bb95-e76b077bd51e","Microsoft-Windows-Bits-Client/Operational","952","3724","rjaf-PC4429","S-1-5-21-1634558665-2257203147-3060767804-1000","4/4/2015 7:22:25 AM",,,"c:\users\mac_1\desktop\winevt\logs\microsoft-windows-bits-client%4operational.evtx","System.UInt32[]","System.Diagnostics.Eventing.Reader.EventBookmark","Information","Info",,"System.Collections.ObjectModel.ReadOnlyCollection`1[System.String]","System.Collections.Generic.List`1[System.Diagnostics.Eventing.Reader.EventProperty]"
"BITS started the C:\Users\rjaf\AppData\Local\Temp\{BB325E93-FD3A-4D26-AAC6-787573A39F7D}-41.0.2272.118_41.0.2272.101_chrome_updater.exe transfer job that is associated with the http://r2---sn-q5h5h5m-5hhe.gvt1.com/E569F289-88A3-44E2-A082-6196894F0E69/ForceRequestingFullContent/E569F289-88A3-44E2-A082-6196894F0E69/edgedl/chrome/win/41.0.2272.118_41.0.2272.101_chrome_updater.exe?cms_redirect=yes&expire=1428171740&ip=82.212.98.4&ipbits=0&mm=28&ms=nvh&mt=1428157256&mv=u&pl=23&shardbypass=yes&sparams=expire,ip,ipbits,mm,ms,mv,pl,shardbypass&signature=3311FB37C543758519E0D7E08AE8BAC390EAFE0F.080A1DF0628AD89AF99706FD258C708962F7E66E&key=cms1 URL.","59","1",,"4","0","1","4611686018427387904","9579","Microsoft-Windows-Bits-Client","ef1cc15b-46c1-414e-bb95-e76b077bd51e","Microsoft-Windows-Bits-Client/Operational","952","788","rjaf-PC4429","S-1-5-18","4/4/2015 7:22:16 AM","375df550-436c-44a4-aede-dd34603c2aef",,"c:\users\mac_1\desktop\winevt\logs\microsoft-windows-bits-client%4operational.evtx","System.UInt32[]","System.Diagnostics.Eventing.Reader.EventBookmark","Information","Start",,"System.Collections.ObjectModel.ReadOnlyCollection`1[System.String]","System.Collections.Generic.List`1[System.Diagnostics.Eventing.Reader.EventProperty]"
"BITS stopped transferring the C:\Users\rjaf\AppData\Local\Temp\{BB325E93-FD3A-4D26-AAC6-787573A39F7D}-41.0.2272.118_41.0.2272.101_chrome_updater.exe transfer job that is associated with the http://r2---sn-q5h5h5m-5hhe.gvt1.com/E569F289-88A3-44E2-A082-6196894F0E69/ForceRequestingFullContent/E569F289-88A3-44E2-A082-6196894F0E69/edgedl/chrome/win/41.0.2272.118_41.0.2272.101_chrome_updater.exe?cms_redirect=yes&expire=1428171740&ip=82.212.98.4&ipbits=0&mm=28&ms=nvh&mt=1428157256&mv=u&pl=23&shardbypass=yes&sparams=expire,ip,ipbits,mm,ms,mv,pl,shardbypass&signature=3311FB37C543758519E0D7E08AE8BAC390EAFE0F.080A1DF0628AD89AF99706FD258C708962F7E66E&key=cms1 URL. The status code is 0x80200013.","61","1",,"3","0","2","4611686018427387904","9578","Microsoft-Windows-Bits-Client","ef1cc15b-46c1-414e-bb95-e76b077bd51e","Microsoft-Windows-Bits-Client/Operational","952","624","rjaf-PC4429","S-1-5-18","4/4/2015 7:22:16 AM","a6da5d46-62be-40cd-9170-3864762f2ba6",,"c:\users\mac_1\desktop\winevt\logs\microsoft-windows-bits-client%4operational.evtx","System.UInt32[]","System.Diagnostics.Eventing.Reader.EventBookmark","Warning","Stop",,"System.Collections.ObjectModel.ReadOnlyCollection`1[System.String]","System.Collections.Generic.List`1[System.Diagnostics.Eventing.Reader.EventProperty]"
"While transferring C:\Users\rjaf\AppData\Local\Temp\{BB325E93-FD3A-4D26-AAC6-787573A39F7D}-41.0.2272.118_41.0.2272.101_chrome_updater.exe, BITS encountered error 0x80200013 using 10.10.1.1:8080 as the HTTP proxy server.  The web server or proxy server does not support an HTTP feature required by BITS.  This problem can only be corrected by the administrator of the web server or proxy server.  Details: {job: C:\Users\rjaf\AppData\Local\Temp\{BB325E93-FD3A-4D26-AAC6-787573A39F7D}-41.0.2272.118_41.0.2272.101_chrome_updater.exe}, {owner: RJAF-PC4429\rjaf}, {jobId: {8E1D7D0C-4220-486E-A9FB-8FCD6153270C}}, {url: /E569F289-88A3-44E2-A082-6196894F0E69/ForceRequestingFullContent/E569F289-88A3-44E2-A082-6196894F0E69/edgedl/chrome/win/41.0.2272.118_41.0.2272.101_chrome_updater.exe?cms_redirect=yes&expire=1428171740&ip=82.212.98.4&ipbits=0&mm=28&ms=nvh&mt=1428157256&mv=u&pl=23&shardbypass=yes&sparams=expire,ip,ipbits,mm,ms,mv,pl,shardbypass&signature=3311FB37C543758519E0D7E08AE8BAC390EAFE0F.080A1DF0628AD89AF99706FD258C708962F7E66E&key=cms1}, {xferId: {A6DA5D46-62BE-40CD-9170-3864762F2BA6}}, {proxyServer: 10.10.1.1:8080}, {hr: 0x80200013}, {urlContentLength: 864336}, {urlHttpVersion: HTTP/1.1}, {urlRange: }","202","0",,"2","0","0","4611686018427387904","9577","Microsoft-Windows-Bits-Client","ef1cc15b-46c1-414e-bb95-e76b077bd51e","Microsoft-Windows-Bits-Client/Operational","952","1304","rjaf-PC4429","S-1-5-21-1634558665-2257203147-3060767804-1000","4/4/2015 7:22:16 AM","a6da5d46-62be-40cd-9170-3864762f2ba6",,"c:\users\mac_1\desktop\winevt\logs\microsoft-windows-bits-client%4operational.evtx","System.UInt32[]","System.Diagnostics.Eventing.Reader.EventBookmark","Error","Info",,"System.Collections.ObjectModel.ReadOnlyCollection`1[System.String]","System.Collections.Generic.List`1[System.Diagnostics.Eventing.Reader.EventProperty]"
"The BITS service provided job credentials in response to the NEGOTIATE authentication challenge from the 10.10.1.1:8080 server for the C:\Users\rjaf\AppData\Local\Temp\{BB325E93-FD3A-4D26-AAC6-787573A39F7D}-41.0.2272.118_41.0.2272.101_chrome_updater.exe transfer job that is associated with the following URL: /E569F289-88A3-44E2-A082-6196894F0E69/ForceRequestingFullContent/E569F289-88A3-44E2-A082-6196894F0E69/edgedl/chrome/win/41.0.2272.118_41.0.2272.101_chrome_updater.exe?cms_redirect=yes&expire=1428171740&ip=82.212.98.4&ipbits=0&mm=28&ms=nvh&mt=1428157256&mv=u&pl=23&shardbypass=yes&sparams=expire,ip,ipbits,mm,ms,mv,pl,shardbypass&signature=3311FB37C543758519E0D7E08AE8BAC390EAFE0F.080A1DF0628AD89AF99706FD258C708962F7E66E&key=cms1.
The credentials for the S-1-5-21-1634558665-2257203147-3060767804-1000 user were accepted.","203","1",,"4","0","0","4611686018427387904","9576","Microsoft-Windows-Bits-Client","ef1cc15b-46c1-414e-bb95-e76b077bd51e","Microsoft-Windows-Bits-Client/Operational","952","624","rjaf-PC4429","S-1-5-21-1634558665-2257203147-3060767804-1000","4/4/2015 7:22:16 AM",,,"c:\users\mac_1\desktop\winevt\logs\microsoft-windows-bits-client%4operational.evtx","System.UInt32[]","System.Diagnostics.Eventing.Reader.EventBookmark","Information","Info",,"System.Collections.ObjectModel.ReadOnlyCollection`1[System.String]","System.Collections.Generic.List`1[System.Diagnostics.Eventing.Reader.EventProperty]"
"BITS started the C:\Users\rjaf\AppData\Local\Temp\{BB325E93-FD3A-4D26-AAC6-787573A39F7D}-41.0.2272.118_41.0.2272.101_chrome_updater.exe transfer job that is associated with the http://r2---sn-q5h5h5m-5hhe.gvt1.com/E569F289-88A3-44E2-A082-6196894F0E69/ForceRequestingFullContent/E569F289-88A3-44E2-A082-6196894F0E69/edgedl/chrome/win/41.0.2272.118_41.0.2272.101_chrome_updater.exe?cms_redirect=yes&expire=1428171740&ip=82.212.98.4&ipbits=0&mm=28&ms=nvh&mt=1428157256&mv=u&pl=23&shardbypass=yes&sparams=expire,ip,ipbits,mm,ms,mv,pl,shardbypass&signature=3311FB37C543758519E0D7E08AE8BAC390EAFE0F.080A1DF0628AD89AF99706FD258C708962F7E66E&key=cms1 URL.","59","1",,"4","0","1","4611686018427387904","9575","Microsoft-Windows-Bits-Client","ef1cc15b-46c1-414e-bb95-e76b077bd51e","Microsoft-Windows-Bits-Client/Operational","952","788","rjaf-PC4429","S-1-5-18","4/4/2015 7:22:15 AM","a6da5d46-62be-40cd-9170-3864762f2ba6",,"c:\users\mac_1\desktop\winevt\logs\microsoft-windows-bits-client%4operational.evtx","System.UInt32[]","System.Diagnostics.Eventing.Reader.EventBookmark","Information","Start",,"System.Collections.ObjectModel.ReadOnlyCollection`1[System.String]","System.Collections.Generic.List`1[System.Diagnostics.Eventing.Reader.EventProperty]"
"BITS stopped transferring the C:\Users\rjaf\AppData\Local\Temp\{BB325E93-FD3A-4D26-AAC6-787573A39F7D}-41.0.2272.118_41.0.2272.101_chrome_updater.exe transfer job that is associated with the http://r2---sn-q5h5h5m-5hhe.gvt1.com/E569F289-88A3-44E2-A082-6196894F0E69/ForceRequestingFullContent/E569F289-88A3-44E2-A082-6196894F0E69/edgedl/chrome/win/41.0.2272.118_41.0.2272.101_chrome_updater.exe?cms_redirect=yes&expire=1428171740&ip=82.212.98.4&ipbits=0&mm=28&ms=nvh&mt=1428157256&mv=u&pl=23&shardbypass=yes&sparams=expire,ip,ipbits,mm,ms,mv,pl,shardbypass&signature=3311FB37C543758519E0D7E08AE8BAC390EAFE0F.080A1DF0628AD89AF99706FD258C708962F7E66E&key=cms1 URL. The status code is 0x80200013.","61","1",,"3","0","2","4611686018427387904","9574","Microsoft-Windows-Bits-Client","ef1cc15b-46c1-414e-bb95-e76b077bd51e","Microsoft-Windows-Bits-Client/Operational","952","1304","rjaf-PC4429","S-1-5-18","4/4/2015 7:22:15 AM","22976f74-20df-41a6-a3fd-5847f04e40b8",,"c:\users\mac_1\desktop\winevt\logs\microsoft-windows-bits-client%4operational.evtx","System.UInt32[]","System.Diagnostics.Eventing.Reader.EventBookmark","Warning","Stop",,"System.Collections.ObjectModel.ReadOnlyCollection`1[System.String]","System.Collections.Generic.List`1[System.Diagnostics.Eventing.Reader.EventProperty]"
"While transferring C:\Users\rjaf\AppData\Local\Temp\{BB325E93-FD3A-4D26-AAC6-787573A39F7D}-41.0.2272.118_41.0.2272.101_chrome_updater.exe, BITS encountered error 0x80200013 using 10.10.1.1:8080 as the HTTP proxy server.  The web server or proxy server does not support an HTTP feature required by BITS.  This problem can only be corrected by the administrator of the web server or proxy server.  Details: {job: C:\Users\rjaf\AppData\Local\Temp\{BB325E93-FD3A-4D26-AAC6-787573A39F7D}-41.0.2272.118_41.0.2272.101_chrome_updater.exe}, {owner: RJAF-PC4429\rjaf}, {jobId: {8E1D7D0C-4220-486E-A9FB-8FCD6153270C}}, {url: /E569F289-88A3-44E2-A082-6196894F0E69/ForceRequestingFullContent/E569F289-88A3-44E2-A082-6196894F0E69/edgedl/chrome/win/41.0.2272.118_41.0.2272.101_chrome_updater.exe?cms_redirect=yes&expire=1428171740&ip=82.212.98.4&ipbits=0&mm=28&ms=nvh&mt=1428157256&mv=u&pl=23&shardbypass=yes&sparams=expire,ip,ipbits,mm,ms,mv,pl,shardbypass&signature=3311FB37C543758519E0D7E08AE8BAC390EAFE0F.080A1DF0628AD89AF99706FD258C708962F7E66E&key=cms1}, {xferId: {22976F74-20DF-41A6-A3FD-5847F04E40B8}}, {proxyServer: 10.10.1.1:8080}, {hr: 0x80200013}, {urlContentLength: 864336}, {urlHttpVersion: HTTP/1.1}, {urlRange: }","202","0",,"2","0","0","4611686018427387904","9573","Microsoft-Windows-Bits-Client","ef1cc15b-46c1-414e-bb95-e76b077bd51e","Microsoft-Windows-Bits-Client/Operational","952","624","rjaf-PC4429","S-1-5-21-1634558665-2257203147-3060767804-1000","4/4/2015 7:22:15 AM","22976f74-20df-41a6-a3fd-5847f04e40b8",,"c:\users\mac_1\desktop\winevt\logs\microsoft-windows-bits-client%4operational.evtx","System.UInt32[]","System.Diagnostics.Eventing.Reader.EventBookmark","Error","Info",,"System.Collections.ObjectModel.ReadOnlyCollection`1[System.String]","System.Collections.Generic.List`1[System.Diagnostics.Eventing.Reader.EventProperty]"
"The BITS service provided job credentials in response to the NEGOTIATE authentication challenge from the 10.10.1.1:8080 server for the C:\Users\rjaf\AppData\Local\Temp\{BB325E93-FD3A-4D26-AAC6-787573A39F7D}-41.0.2272.118_41.0.2272.101_chrome_updater.exe transfer job that is associated with the following URL: /E569F289-88A3-44E2-A082-6196894F0E69/ForceRequestingFullContent/E569F289-88A3-44E2-A082-6196894F0E69/edgedl/chrome/win/41.0.2272.118_41.0.2272.101_chrome_updater.exe?cms_redirect=yes&expire=1428171740&ip=82.212.98.4&ipbits=0&mm=28&ms=nvh&mt=1428157256&mv=u&pl=23&shardbypass=yes&sparams=expire,ip,ipbits,mm,ms,mv,pl,shardbypass&signature=3311FB37C543758519E0D7E08AE8BAC390EAFE0F.080A1DF0628AD89AF99706FD258C708962F7E66E&key=cms1.
The credentials for the S-1-5-21-1634558665-2257203147-3060767804-1000 user were accepted.","203","1",,"4","0","0","4611686018427387904","9572","Microsoft-Windows-Bits-Client","ef1cc15b-46c1-414e-bb95-e76b077bd51e","Microsoft-Windows-Bits-Client/Operational","952","1304","rjaf-PC4429","S-1-5-21-1634558665-2257203147-3060767804-1000","4/4/2015 7:22:15 AM",,,"c:\users\mac_1\desktop\winevt\logs\microsoft-windows-bits-client%4operational.evtx","System.UInt32[]","System.Diagnostics.Eventing.Reader.EventBookmark","Information","Info",,"System.Collections.ObjectModel.ReadOnlyCollection`1[System.String]","System.Collections.Generic.List`1[System.Diagnostics.Eventing.Reader.EventProperty]"
"BITS started the C:\Users\rjaf\AppData\Local\Temp\{BB325E93-FD3A-4D26-AAC6-787573A39F7D}-41.0.2272.118_41.0.2272.101_chrome_updater.exe transfer job that is associated with the http://r2---sn-q5h5h5m-5hhe.gvt1.com/E569F289-88A3-44E2-A082-6196894F0E69/ForceRequestingFullContent/E569F289-88A3-44E2-A082-6196894F0E69/edgedl/chrome/win/41.0.2272.118_41.0.2272.101_chrome_updater.exe?cms_redirect=yes&expire=1428171740&ip=82.212.98.4&ipbits=0&mm=28&ms=nvh&mt=1428157256&mv=u&pl=23&shardbypass=yes&sparams=expire,ip,ipbits,mm,ms,mv,pl,shardbypass&signature=3311FB37C543758519E0D7E08AE8BAC390EAFE0F.080A1DF0628AD89AF99706FD258C708962F7E66E&key=cms1 URL.","59","1",,"4","0","1","4611686018427387904","9571","Microsoft-Windows-Bits-Client","ef1cc15b-46c1-414e-bb95-e76b077bd51e","Microsoft-Windows-Bits-Client/Operational","952","788","rjaf-PC4429","S-1-5-18","4/4/2015 7:22:15 AM","22976f74-20df-41a6-a3fd-5847f04e40b8",,"c:\users\mac_1\desktop\winevt\logs\microsoft-windows-bits-client%4operational.evtx","System.UInt32[]","System.Diagnostics.Eventing.Reader.EventBookmark","Information","Start",,"System.Collections.ObjectModel.ReadOnlyCollection`1[System.String]","System.Collections.Generic.List`1[System.Diagnostics.Eventing.Reader.EventProperty]"
"BITS stopped transferring the C:\Users\rjaf\AppData\Local\Temp\{BB325E93-FD3A-4D26-AAC6-787573A39F7D}-41.0.2272.118_41.0.2272.101_chrome_updater.exe transfer job that is associated with the http://r2---sn-q5h5h5m-5hhe.gvt1.com/E569F289-88A3-44E2-A082-6196894F0E69/ForceRequestingFullContent/E569F289-88A3-44E2-A082-6196894F0E69/edgedl/chrome/win/41.0.2272.118_41.0.2272.101_chrome_updater.exe?cms_redirect=yes&expire=1428171740&ip=82.212.98.4&ipbits=0&mm=28&ms=nvh&mt=1428157256&mv=u&pl=23&shardbypass=yes&sparams=expire,ip,ipbits,mm,ms,mv,pl,shardbypass&signature=3311FB37C543758519E0D7E08AE8BAC390EAFE0F.080A1DF0628AD89AF99706FD258C708962F7E66E&key=cms1 URL. The status code is 0x80200013.","61","1",,"3","0","2","4611686018427387904","9570","Microsoft-Windows-Bits-Client","ef1cc15b-46c1-414e-bb95-e76b077bd51e","Microsoft-Windows-Bits-Client/Operational","952","3724","rjaf-PC4429","S-1-5-18","4/4/2015 7:22:15 AM","510e45db-4f20-4887-adba-20656552a562",,"c:\users\mac_1\desktop\winevt\logs\microsoft-windows-bits-client%4operational.evtx","System.UInt32[]","System.Diagnostics.Eventing.Reader.EventBookmark","Warning","Stop",,"System.Collections.ObjectModel.ReadOnlyCollection`1[System.String]","System.Collections.Generic.List`1[System.Diagnostics.Eventing.Reader.EventProperty]"
"While transferring C:\Users\rjaf\AppData\Local\Temp\{BB325E93-FD3A-4D26-AAC6-787573A39F7D}-41.0.2272.118_41.0.2272.101_chrome_updater.exe, BITS encountered error 0x80200013 using 10.10.1.1:8080 as the HTTP proxy server.  The web server or proxy server does not support an HTTP feature required by BITS.  This problem can only be corrected by the administrator of the web server or proxy server.  Details: {job: C:\Users\rjaf\AppData\Local\Temp\{BB325E93-FD3A-4D26-AAC6-787573A39F7D}-41.0.2272.118_41.0.2272.101_chrome_updater.exe}, {owner: RJAF-PC4429\rjaf}, {jobId: {8E1D7D0C-4220-486E-A9FB-8FCD6153270C}}, {url: /edgedl/chrome/win/41.0.2272.118_41.0.2272.101_chrome_updater.exe?cms_redirect=yes&expire=1428171740&ip=82.212.98.4&ipbits=0&mm=28&ms=nvh&mt=1428157256&mv=u&pl=23&shardbypass=yes&sparams=expire,ip,ipbits,mm,ms,mv,pl,shardbypass&signature=3311FB37C543758519E0D7E08AE8BAC390EAFE0F.080A1DF0628AD89AF99706FD258C708962F7E66E&key=cms1}, {xferId: {510E45DB-4F20-4887-ADBA-20656552A562}}, {proxyServer: 10.10.1.1:8080}, {hr: 0x80200013}, {urlContentLength: 864336}, {urlHttpVersion: HTTP/1.1}, {urlRange: }","202","0",,"2","0","0","4611686018427387904","9569","Microsoft-Windows-Bits-Client","ef1cc15b-46c1-414e-bb95-e76b077bd51e","Microsoft-Windows-Bits-Client/Operational","952","624","rjaf-PC4429","S-1-5-21-1634558665-2257203147-3060767804-1000","4/4/2015 7:22:15 AM","510e45db-4f20-4887-adba-20656552a562",,"c:\users\mac_1\desktop\winevt\logs\microsoft-windows-bits-client%4operational.evtx","System.UInt32[]","System.Diagnostics.Eventing.Reader.EventBookmark","Error","Info",,"System.Collections.ObjectModel.ReadOnlyCollection`1[System.String]","System.Collections.Generic.List`1[System.Diagnostics.Eventing.Reader.EventProperty]"
"The BITS service provided job credentials in response to the NEGOTIATE authentication challenge from the 10.10.1.1:8080 server for the C:\Users\rjaf\AppData\Local\Temp\{BB325E93-FD3A-4D26-AAC6-787573A39F7D}-41.0.2272.118_41.0.2272.101_chrome_updater.exe transfer job that is associated with the following URL: /edgedl/chrome/win/41.0.2272.118_41.0.2272.101_chrome_updater.exe?cms_redirect=yes&expire=1428171740&ip=82.212.98.4&ipbits=0&mm=28&ms=nvh&mt=1428157256&mv=u&pl=23&shardbypass=yes&sparams=expire,ip,ipbits,mm,ms,mv,pl,shardbypass&signature=3311FB37C543758519E0D7E08AE8BAC390EAFE0F.080A1DF0628AD89AF99706FD258C708962F7E66E&key=cms1.
The credentials for the S-1-5-21-1634558665-2257203147-3060767804-1000 user were accepted.","203","1",,"4","0","0","4611686018427387904","9568","Microsoft-Windows-Bits-Client","ef1cc15b-46c1-414e-bb95-e76b077bd51e","Microsoft-Windows-Bits-Client/Operational","952","624","rjaf-PC4429","S-1-5-21-1634558665-2257203147-3060767804-1000","4/4/2015 7:22:14 AM",,,"c:\users\mac_1\desktop\winevt\logs\microsoft-windows-bits-client%4operational.evtx","System.UInt32[]","System.Diagnostics.Eventing.Reader.EventBookmark","Information","Info",,"System.Collections.ObjectModel.ReadOnlyCollection`1[System.String]","System.Collections.Generic.List`1[System.Diagnostics.Eventing.Reader.EventProperty]"
"BITS started the C:\Users\rjaf\AppData\Local\Temp\{BB325E93-FD3A-4D26-AAC6-787573A39F7D}-41.0.2272.118_41.0.2272.101_chrome_updater.exe transfer job that is associated with the http://r2---sn-q5h5h5m-5hhe.gvt1.com/edgedl/chrome/win/41.0.2272.118_41.0.2272.101_chrome_updater.exe?cms_redirect=yes&expire=1428171740&ip=82.212.98.4&ipbits=0&mm=28&ms=nvh&mt=1428157256&mv=u&pl=23&shardbypass=yes&sparams=expire,ip,ipbits,mm,ms,mv,pl,shardbypass&signature=3311FB37C543758519E0D7E08AE8BAC390EAFE0F.080A1DF0628AD89AF99706FD258C708962F7E66E&key=cms1 URL.","59","1",,"4","0","1","4611686018427387904","9567","Microsoft-Windows-Bits-Client","ef1cc15b-46c1-414e-bb95-e76b077bd51e","Microsoft-Windows-Bits-Client/Operational","952","788","rjaf-PC4429","S-1-5-18","4/4/2015 7:22:14 AM","510e45db-4f20-4887-adba-20656552a562",,"c:\users\mac_1\desktop\winevt\logs\microsoft-windows-bits-client%4operational.evtx","System.UInt32[]","System.Diagnostics.Eventing.Reader.EventBookmark","Information","Start",,"System.Collections.ObjectModel.ReadOnlyCollection`1[System.String]","System.Collections.Generic.List`1[System.Diagnostics.Eventing.Reader.EventProperty]"
"The BITS service provided job credentials in response to the NEGOTIATE authentication challenge from the 10.10.1.1:8080 server for the C:\Users\rjaf\AppData\Local\Temp\{BB325E93-FD3A-4D26-AAC6-787573A39F7D}-41.0.2272.118_41.0.2272.101_chrome_updater.exe transfer job that is associated with the following URL: /edgedl/chrome/win/41.0.2272.118_41.0.2272.101_chrome_updater.exe.
The credentials for the S-1-5-21-1634558665-2257203147-3060767804-1000 user were accepted.","203","1",,"4","0","0","4611686018427387904","9566","Microsoft-Windows-Bits-Client","ef1cc15b-46c1-414e-bb95-e76b077bd51e","Microsoft-Windows-Bits-Client/Operational","952","624","rjaf-PC4429","S-1-5-21-1634558665-2257203147-3060767804-1000","4/4/2015 7:22:14 AM",,,"c:\users\mac_1\desktop\winevt\logs\microsoft-windows-bits-client%4operational.evtx","System.UInt32[]","System.Diagnostics.Eventing.Reader.EventBookmark","Information","Info",,"System.Collections.ObjectModel.ReadOnlyCollection`1[System.String]","System.Collections.Generic.List`1[System.Diagnostics.Eventing.Reader.EventProperty]"
"The BITS service created a new job: C:\Users\rjaf\AppData\Local\Temp\{BB325E93-FD3A-4D26-AAC6-787573A39F7D}-41.0.2272.118_41.0.2272.101_chrome_updater.exe, with owner RJAF-PC4429\rjaf","3","0",,"4","0","0","4611686018427387904","9565","Microsoft-Windows-Bits-Client","ef1cc15b-46c1-414e-bb95-e76b077bd51e","Microsoft-Windows-Bits-Client/Operational","952","3724","rjaf-PC4429","S-1-5-18","4/4/2015 7:22:13 AM","85f03c9c-989b-0003-239a-7d79096ed001",,"c:\users\mac_1\desktop\winevt\logs\microsoft-windows-bits-client%4operational.evtx","System.UInt32[]","System.Diagnostics.Eventing.Reader.EventBookmark","Information","Info",,"System.Collections.ObjectModel.ReadOnlyCollection`1[System.String]","System.Collections.Generic.List`1[System.Diagnostics.Eventing.Reader.EventProperty]"
"Job cancelled. User: RJAF-PC4429\rjaf, job: {AC76BA86-7AD7-1033-7B44-A95000000001}, jobID: {D539A7FD-3DA3-492D-94D1-CC647DC181DE}, owner: RJAF-PC4429\rjaf, filecount: 1","5","0",,"4","0","0","4611686018427387904","9564","Microsoft-Windows-Bits-Client","ef1cc15b-46c1-414e-bb95-e76b077bd51e","Microsoft-Windows-Bits-Client/Operational","952","972","rjaf-PC4429","S-1-5-21-1634558665-2257203147-3060767804-1000","4/3/2015 5:27:21 AM",,,"c:\users\mac_1\desktop\winevt\logs\microsoft-windows-bits-client%4operational.evtx","System.UInt32[]","System.Diagnostics.Eventing.Reader.EventBookmark","Information","Info",,"System.Collections.ObjectModel.ReadOnlyCollection`1[System.String]","System.Collections.Generic.List`1[System.Diagnostics.Eventing.Reader.EventProperty]"
"The BITS service provided job credentials in response to the UNIDENTIFIED authentication challenge from the 10.10.1.1:8080 server for the {AC76BA86-7AD7-1033-7B44-A95000000001} transfer job that is associated with the following URL: /arm-manifests/win/Upgrade/1033/LatestReaderManifest.msi.
 The credentials for the S-1-5-21-1634558665-2257203147-3060767804-1000 user were rejected.","204","1",,"2","0","0","4611686018427387904","9563","Microsoft-Windows-Bits-Client","ef1cc15b-46c1-414e-bb95-e76b077bd51e","Microsoft-Windows-Bits-Client/Operational","952","972","rjaf-PC4429","S-1-5-21-1634558665-2257203147-3060767804-1000","4/3/2015 5:27:21 AM",,,"c:\users\mac_1\desktop\winevt\logs\microsoft-windows-bits-client%4operational.evtx","System.UInt32[]","System.Diagnostics.Eventing.Reader.EventBookmark","Error","Info",,"System.Collections.ObjectModel.ReadOnlyCollection`1[System.String]","System.Collections.Generic.List`1[System.Diagnostics.Eventing.Reader.EventProperty]"
"The BITS service created a new job: {AC76BA86-7AD7-1033-7B44-A95000000001}, with owner RJAF-PC4429\rjaf","3","0",,"4","0","0","4611686018427387904","9562","Microsoft-Windows-Bits-Client","ef1cc15b-46c1-414e-bb95-e76b077bd51e","Microsoft-Windows-Bits-Client/Operational","952","972","rjaf-PC4429","S-1-5-18","4/3/2015 5:27:21 AM",,,"c:\users\mac_1\desktop\winevt\logs\microsoft-windows-bits-client%4operational.evtx","System.UInt32[]","System.Diagnostics.Eventing.Reader.EventBookmark","Information","Info",,"System.Collections.ObjectModel.ReadOnlyCollection`1[System.String]","System.Collections.Generic.List`1[System.Diagnostics.Eventing.Reader.EventProperty]"
"Job cancelled. User: RJAF-PC4429\rjaf, job: {AC76BA86-7AD7-1033-7B44-A95000000001}, jobID: {AD5256DE-9E62-4F79-B8AD-2AF537EF7552}, owner: RJAF-PC4429\rjaf, filecount: 1","5","0",,"4","0","0","4611686018427387904","9561","Microsoft-Windows-Bits-Client","ef1cc15b-46c1-414e-bb95-e76b077bd51e","Microsoft-Windows-Bits-Client/Operational","952","972","rjaf-PC4429","S-1-5-21-1634558665-2257203147-3060767804-1000","4/3/2015 5:27:19 AM",,,"c:\users\mac_1\desktop\winevt\logs\microsoft-windows-bits-client%4operational.evtx","System.UInt32[]","System.Diagnostics.Eventing.Reader.EventBookmark","Information","Info",,"System.Collections.ObjectModel.ReadOnlyCollection`1[System.String]","System.Collections.Generic.List`1[System.Diagnostics.Eventing.Reader.EventProperty]"
"The BITS service provided job credentials in response to the UNIDENTIFIED authentication challenge from the 10.10.1.1:8080 server for the {AC76BA86-7AD7-1033-7B44-A95000000001} transfer job that is associated with the following URL: /arm-manifests/win/Reader9Manifest.msi.
 The credentials for the S-1-5-21-1634558665-2257203147-3060767804-1000 user were rejected.","204","1",,"2","0","0","4611686018427387904","9560","Microsoft-Windows-Bits-Client","ef1cc15b-46c1-414e-bb95-e76b077bd51e","Microsoft-Windows-Bits-Client/Operational","952","972","rjaf-PC4429","S-1-5-21-1634558665-2257203147-3060767804-1000","4/3/2015 5:27:19 AM",,,"c:\users\mac_1\desktop\winevt\logs\microsoft-windows-bits-client%4operational.evtx","System.UInt32[]","System.Diagnostics.Eventing.Reader.EventBookmark","Error","Info",,"System.Collections.ObjectModel.ReadOnlyCollection`1[System.String]","System.Collections.Generic.List`1[System.Diagnostics.Eventing.Reader.EventProperty]"
"The BITS service created a new job: {AC76BA86-7AD7-1033-7B44-A95000000001}, with owner RJAF-PC4429\rjaf","3","0",,"4","0","0","4611686018427387904","9559","Microsoft-Windows-Bits-Client","ef1cc15b-46c1-414e-bb95-e76b077bd51e","Microsoft-Windows-Bits-Client/Operational","952","972","rjaf-PC4429","S-1-5-18","4/3/2015 5:27:19 AM",,,"c:\users\mac_1\desktop\winevt\logs\microsoft-windows-bits-client%4operational.evtx","System.UInt32[]","System.Diagnostics.Eventing.Reader.EventBookmark","Information","Info",,"System.Collections.ObjectModel.ReadOnlyCollection`1[System.String]","System.Collections.Generic.List`1[System.Diagnostics.Eventing.Reader.EventProperty]"
"The BITS service loaded the job list from disk.","306","0",,"5","0","0","4611686018427387904","9558","Microsoft-Windows-Bits-Client","ef1cc15b-46c1-414e-bb95-e76b077bd51e","Microsoft-Windows-Bits-Client/Operational","952","2364","rjaf-PC4429","S-1-5-18","4/3/2015 5:27:18 AM",,,"c:\users\mac_1\desktop\winevt\logs\microsoft-windows-bits-client%4operational.evtx","System.UInt32[]","System.Diagnostics.Eventing.Reader.EventBookmark","Verbose","Info",,"System.Collections.ObjectModel.ReadOnlyCollection`1[System.String]","System.Collections.Generic.List`1[System.Diagnostics.Eventing.Reader.EventProperty]"
"Job cancelled. User: RJAF-PC4429\rjaf, job: ArmReaderJobsAdbeRdrUpd11009_all, jobID: {417881DD-FC5C-4777-8DB2-C422CFB0990A}, owner: RJAF-PC4429\rjaf, filecount: 2","5","0",,"4","0","0","4611686018427387904","9557","Microsoft-Windows-Bits-Client","ef1cc15b-46c1-414e-bb95-e76b077bd51e","Microsoft-Windows-Bits-Client/Operational","932","5884","rjaf-PC4429","S-1-5-21-1634558665-2257203147-3060767804-1000","4/2/2015 6:25:52 AM","85f03364-389b-0002-a23f-1316176dd001",,"c:\users\mac_1\desktop\winevt\logs\microsoft-windows-bits-client%4operational.evtx","System.UInt32[]","System.Diagnostics.Eventing.Reader.EventBookmark","Information","Info",,"System.Collections.ObjectModel.ReadOnlyCollection`1[System.String]","System.Collections.Generic.List`1[System.Diagnostics.Eventing.Reader.EventProperty]"
"The BITS service provided job credentials in response to the UNIDENTIFIED authentication challenge from the 10.10.1.1:8080 server for the ArmReaderJobsAdbeRdrUpd11009_all transfer job that is associated with the following URL: /pub/adobe/reader/win/11.x/11.0.00/en_US/AdbeRdr11000_en_US.exe.
 The credentials for the S-1-5-21-1634558665-2257203147-3060767804-1000 user were rejected.","204","1",,"2","0","0","4611686018427387904","9556","Microsoft-Windows-Bits-Client","ef1cc15b-46c1-414e-bb95-e76b077bd51e","Microsoft-Windows-Bits-Client/Operational","932","8088","rjaf-PC4429","S-1-5-21-1634558665-2257203147-3060767804-1000","4/2/2015 6:25:51 AM",,,"c:\users\mac_1\desktop\winevt\logs\microsoft-windows-bits-client%4operational.evtx","System.UInt32[]","System.Diagnostics.Eventing.Reader.EventBookmark","Error","Info",,"System.Collections.ObjectModel.ReadOnlyCollection`1[System.String]","System.Collections.Generic.List`1[System.Diagnostics.Eventing.Reader.EventProperty]"
"The BITS service created a new job: ArmReaderJobsAdbeRdrUpd11009_all, with owner RJAF-PC4429\rjaf","3","0",,"4","0","0","4611686018427387904","9555","Microsoft-Windows-Bits-Client","ef1cc15b-46c1-414e-bb95-e76b077bd51e","Microsoft-Windows-Bits-Client/Operational","932","5884","rjaf-PC4429","S-1-5-18","4/2/2015 6:25:51 AM","85f03364-389b-0002-a23f-1316176dd001",,"c:\users\mac_1\desktop\winevt\logs\microsoft-windows-bits-client%4operational.evtx","System.UInt32[]","System.Diagnostics.Eventing.Reader.EventBookmark","Information","Info",,"System.Collections.ObjectModel.ReadOnlyCollection`1[System.String]","System.Collections.Generic.List`1[System.Diagnostics.Eventing.Reader.EventProperty]"
"Job cancelled. User: RJAF-PC4429\rjaf, job: {AC76BA86-7AD7-1033-7B44-A95000000001}, jobID: {6003A21D-0A30-4F15-94D2-C8BB8C164B91}, owner: RJAF-PC4429\rjaf, filecount: 1","5","0",,"4","0","0","4611686018427387904","9554","Microsoft-Windows-Bits-Client","ef1cc15b-46c1-414e-bb95-e76b077bd51e","Microsoft-Windows-Bits-Client/Operational","932","5884","rjaf-PC4429","S-1-5-21-1634558665-2257203147-3060767804-1000","4/2/2015 6:25:47 AM","85f03364-389b-0002-a23f-1316176dd001",,"c:\users\mac_1\desktop\winevt\logs\microsoft-windows-bits-client%4operational.evtx","System.UInt32[]","System.Diagnostics.Eventing.Reader.EventBookmark","Information","Info",,"System.Collections.ObjectModel.ReadOnlyCollection`1[System.String]","System.Collections.Generic.List`1[System.Diagnostics.Eventing.Reader.EventProperty]"
"The BITS service provided job credentials in response to the UNIDENTIFIED authentication challenge from the 10.10.1.1:8080 server for the {AC76BA86-7AD7-1033-7B44-A95000000001} transfer job that is associated with the following URL: /arm-updates/win/ARM/1.7.y/ARM_1701.msi.
 The credentials for the S-1-5-21-1634558665-2257203147-3060767804-1000 user were rejected.","204","1",,"2","0","0","4611686018427387904","9553","Microsoft-Windows-Bits-Client","ef1cc15b-46c1-414e-bb95-e76b077bd51e","Microsoft-Windows-Bits-Client/Operational","932","3008","rjaf-PC4429","S-1-5-21-1634558665-2257203147-3060767804-1000","4/2/2015 6:25:47 AM",,,"c:\users\mac_1\desktop\winevt\logs\microsoft-windows-bits-client%4operational.evtx","System.UInt32[]","System.Diagnostics.Eventing.Reader.EventBookmark","Error","Info",,"System.Collections.ObjectModel.ReadOnlyCollection`1[System.String]","System.Collections.Generic.List`1[System.Diagnostics.Eventing.Reader.EventProperty]"
"The BITS service created a new job: {AC76BA86-7AD7-1033-7B44-A95000000001}, with owner RJAF-PC4429\rjaf","3","0",,"4","0","0","4611686018427387904","9552","Microsoft-Windows-Bits-Client","ef1cc15b-46c1-414e-bb95-e76b077bd51e","Microsoft-Windows-Bits-Client/Operational","932","3008","rjaf-PC4429","S-1-5-18","4/2/2015 6:25:47 AM","85f03364-389b-0002-a23f-1316176dd001",,"c:\users\mac_1\desktop\winevt\logs\microsoft-windows-bits-client%4operational.evtx","System.UInt32[]","System.Diagnostics.Eventing.Reader.EventBookmark","Information","Info",,"System.Collections.ObjectModel.ReadOnlyCollection`1[System.String]","System.Collections.Generic.List`1[System.Diagnostics.Eventing.Reader.EventProperty]"
"Job cancelled. User: RJAF-PC4429\rjaf, job: {AC76BA86-7AD7-1033-7B44-A95000000001}, jobID: {BAB448C3-0BDF-47A2-9ADC-DB992C45BA9F}, owner: RJAF-PC4429\rjaf, filecount: 1","5","0",,"4","0","0","4611686018427387904","9551","Microsoft-Windows-Bits-Client","ef1cc15b-46c1-414e-bb95-e76b077bd51e","Microsoft-Windows-Bits-Client/Operational","932","3008","rjaf-PC4429","S-1-5-21-1634558665-2257203147-3060767804-1000","4/2/2015 6:25:39 AM","85f03364-389b-0002-a23f-1316176dd001",,"c:\users\mac_1\desktop\winevt\logs\microsoft-windows-bits-client%4operational.evtx","System.UInt32[]","System.Diagnostics.Eventing.Reader.EventBookmark","Information","Info",,"System.Collections.ObjectModel.ReadOnlyCollection`1[System.String]","System.Collections.Generic.List`1[System.Diagnostics.Eventing.Reader.EventProperty]"
"The BITS service provided job credentials in response to the UNIDENTIFIED authentication challenge from the 10.10.1.1:8080 server for the {AC76BA86-7AD7-1033-7B44-A95000000001} transfer job that is associated with the following URL: /arm-manifests/win/Upgrade/1033/LatestReaderManifest.msi.
 The credentials for the S-1-5-21-1634558665-2257203147-3060767804-1000 user were rejected.","204","1",,"2","0","0","4611686018427387904","9550","Microsoft-Windows-Bits-Client","ef1cc15b-46c1-414e-bb95-e76b077bd51e","Microsoft-Windows-Bits-Client/Operational","932","3976","rjaf-PC4429","S-1-5-21-1634558665-2257203147-3060767804-1000","4/2/2015 6:25:39 AM",,,"c:\users\mac_1\desktop\winevt\logs\microsoft-windows-bits-client%4operational.evtx","System.UInt32[]","System.Diagnostics.Eventing.Reader.EventBookmark","Error","Info",,"System.Collections.ObjectModel.ReadOnlyCollection`1[System.String]","System.Collections.Generic.List`1[System.Diagnostics.Eventing.Reader.EventProperty]"
"The BITS service created a new job: {AC76BA86-7AD7-1033-7B44-A95000000001}, with owner RJAF-PC4429\rjaf","3","0",,"4","0","0","4611686018427387904","9549","Microsoft-Windows-Bits-Client","ef1cc15b-46c1-414e-bb95-e76b077bd51e","Microsoft-Windows-Bits-Client/Operational","932","3008","rjaf-PC4429","S-1-5-18","4/2/2015 6:25:39 AM","85f03364-389b-0002-a23f-1316176dd001",,"c:\users\mac_1\desktop\winevt\logs\microsoft-windows-bits-client%4operational.evtx","System.UInt32[]","System.Diagnostics.Eventing.Reader.EventBookmark","Information","Info",,"System.Collections.ObjectModel.ReadOnlyCollection`1[System.String]","System.Collections.Generic.List`1[System.Diagnostics.Eventing.Reader.EventProperty]"
"Job cancelled. User: RJAF-PC4429\rjaf, job: {AC76BA86-7AD7-1033-7B44-A95000000001}, jobID: {A2DCDFFA-0FF5-4695-B849-D3D21FF8FC4F}, owner: RJAF-PC4429\rjaf, filecount: 1","5","0",,"4","0","0","4611686018427387904","9548","Microsoft-Windows-Bits-Client","ef1cc15b-46c1-414e-bb95-e76b077bd51e","Microsoft-Windows-Bits-Client/Operational","932","2600","rjaf-PC4429","S-1-5-21-1634558665-2257203147-3060767804-1000","4/2/2015 6:25:36 AM",,,"c:\users\mac_1\desktop\winevt\logs\microsoft-windows-bits-client%4operational.evtx","System.UInt32[]","System.Diagnostics.Eventing.Reader.EventBookmark","Information","Info",,"System.Collections.ObjectModel.ReadOnlyCollection`1[System.String]","System.Collections.Generic.List`1[System.Diagnostics.Eventing.Reader.EventProperty]"
"The BITS service provided job credentials in response to the UNIDENTIFIED authentication challenge from the 10.10.1.1:8080 server for the {AC76BA86-7AD7-1033-7B44-A95000000001} transfer job that is associated with the following URL: /arm-manifests/win/Reader9Manifest.msi.
 The credentials for the S-1-5-21-1634558665-2257203147-3060767804-1000 user were rejected.","204","1",,"2","0","0","4611686018427387904","9547","Microsoft-Windows-Bits-Client","ef1cc15b-46c1-414e-bb95-e76b077bd51e","Microsoft-Windows-Bits-Client/Operational","932","3008","rjaf-PC4429","S-1-5-21-1634558665-2257203147-3060767804-1000","4/2/2015 6:25:36 AM",,,"c:\users\mac_1\desktop\winevt\logs\microsoft-windows-bits-client%4operational.evtx","System.UInt32[]","System.Diagnostics.Eventing.Reader.EventBookmark","Error","Info",,"System.Collections.ObjectModel.ReadOnlyCollection`1[System.String]","System.Collections.Generic.List`1[System.Diagnostics.Eventing.Reader.EventProperty]"
"The BITS service created a new job: {AC76BA86-7AD7-1033-7B44-A95000000001}, with owner RJAF-PC4429\rjaf","3","0",,"4","0","0","4611686018427387904","9546","Microsoft-Windows-Bits-Client","ef1cc15b-46c1-414e-bb95-e76b077bd51e","Microsoft-Windows-Bits-Client/Operational","932","2600","rjaf-PC4429","S-1-5-18","4/2/2015 6:25:36 AM",,,"c:\users\mac_1\desktop\winevt\logs\microsoft-windows-bits-client%4operational.evtx","System.UInt32[]","System.Diagnostics.Eventing.Reader.EventBookmark","Information","Info",,"System.Collections.ObjectModel.ReadOnlyCollection`1[System.String]","System.Collections.Generic.List`1[System.Diagnostics.Eventing.Reader.EventProperty]"
"Job cancelled. User: RJAF-PC4429\rjaf, job: {AC76BA86-7AD7-1033-7B44-A95000000001}, jobID: {A3255782-BE48-4A91-A7DD-D1BAEB22D16A}, owner: RJAF-PC4429\rjaf, filecount: 1","5","0",,"4","0","0","4611686018427387904","9545","Microsoft-Windows-Bits-Client","ef1cc15b-46c1-414e-bb95-e76b077bd51e","Microsoft-Windows-Bits-Client/Operational","932","308","rjaf-PC4429","S-1-5-21-1634558665-2257203147-3060767804-1000","4/2/2015 12:32:47 AM","85f03364-389b-0002-a23f-1316176dd001",,"c:\users\mac_1\desktop\winevt\logs\microsoft-windows-bits-client%4operational.evtx","System.UInt32[]","System.Diagnostics.Eventing.Reader.EventBookmark","Information","Info",,"System.Collections.ObjectModel.ReadOnlyCollection`1[System.String]","System.Collections.Generic.List`1[System.Diagnostics.Eventing.Reader.EventProperty]"
"The BITS service provided job credentials in response to the UNIDENTIFIED authentication challenge from the 10.10.1.1:8080 server for the {AC76BA86-7AD7-1033-7B44-A95000000001} transfer job that is associated with the following URL: /arm-manifests/win/Reader9Manifest.msi.
 The credentials for the S-1-5-21-1634558665-2257203147-3060767804-1000 user were rejected.","204","1",,"2","0","0","4611686018427387904","9544","Microsoft-Windows-Bits-Client","ef1cc15b-46c1-414e-bb95-e76b077bd51e","Microsoft-Windows-Bits-Client/Operational","932","116","rjaf-PC4429","S-1-5-21-1634558665-2257203147-3060767804-1000","4/2/2015 12:32:47 AM",,,"c:\users\mac_1\desktop\winevt\logs\microsoft-windows-bits-client%4operational.evtx","System.UInt32[]","System.Diagnostics.Eventing.Reader.EventBookmark","Error","Info",,"System.Collections.ObjectModel.ReadOnlyCollection`1[System.String]","System.Collections.Generic.List`1[System.Diagnostics.Eventing.Reader.EventProperty]"
"The BITS service created a new job: {AC76BA86-7AD7-1033-7B44-A95000000001}, with owner RJAF-PC4429\rjaf","3","0",,"4","0","0","4611686018427387904","9543","Microsoft-Windows-Bits-Client","ef1cc15b-46c1-414e-bb95-e76b077bd51e","Microsoft-Windows-Bits-Client/Operational","932","1436","rjaf-PC4429","S-1-5-18","4/2/2015 12:32:45 AM",,,"c:\users\mac_1\desktop\winevt\logs\microsoft-windows-bits-client%4operational.evtx","System.UInt32[]","System.Diagnostics.Eventing.Reader.EventBookmark","Information","Info",,"System.Collections.ObjectModel.ReadOnlyCollection`1[System.String]","System.Collections.Generic.List`1[System.Diagnostics.Eventing.Reader.EventProperty]"
"The BITS service loaded the job list from disk.","306","0",,"5","0","0","4611686018427387904","9542","Microsoft-Windows-Bits-Client","ef1cc15b-46c1-414e-bb95-e76b077bd51e","Microsoft-Windows-Bits-Client/Operational","932","2556","rjaf-PC4429","S-1-5-18","4/2/2015 12:32:44 AM",,,"c:\users\mac_1\desktop\winevt\logs\microsoft-windows-bits-client%4operational.evtx","System.UInt32[]","System.Diagnostics.Eventing.Reader.EventBookmark","Verbose","Info",,"System.Collections.ObjectModel.ReadOnlyCollection`1[System.String]","System.Collections.Generic.List`1[System.Diagnostics.Eventing.Reader.EventProperty]"
"Job cancelled. User: NT AUTHORITY\SYSTEM, job: C:\Windows\TEMP\GURD154.exe, jobID: {0F0CA5B9-9242-4E06-A60C-55EDF7FE0008}, owner: NT AUTHORITY\SYSTEM, filecount: 1","5","0",,"4","0","0","4611686018427387904","9541","Microsoft-Windows-Bits-Client","ef1cc15b-46c1-414e-bb95-e76b077bd51e","Microsoft-Windows-Bits-Client/Operational","964","7448","rjaf-PC4429","S-1-5-18","4/2/2015 12:30:02 AM","85f1ea9c-f89b-0001-a21c-5c782c6bd001",,"c:\users\mac_1\desktop\winevt\logs\microsoft-windows-bits-client%4operational.evtx","System.UInt32[]","System.Diagnostics.Eventing.Reader.EventBookmark","Information","Info",,"System.Collections.ObjectModel.ReadOnlyCollection`1[System.String]","System.Collections.Generic.List`1[System.Diagnostics.Eventing.Reader.EventProperty]"
"The BITS service created a new job: C:\Windows\TEMP\GURD154.exe, with owner NT AUTHORITY\SYSTEM","3","0",,"4","0","0","4611686018427387904","9540","Microsoft-Windows-Bits-Client","ef1cc15b-46c1-414e-bb95-e76b077bd51e","Microsoft-Windows-Bits-Client/Operational","964","2044","rjaf-PC4429","S-1-5-18","4/2/2015 12:29:40 AM","85f1ea9c-f89b-0001-a21c-5c782c6bd001",,"c:\users\mac_1\desktop\winevt\logs\microsoft-windows-bits-client%4operational.evtx","System.UInt32[]","System.Diagnostics.Eventing.Reader.EventBookmark","Information","Info",,"System.Collections.ObjectModel.ReadOnlyCollection`1[System.String]","System.Collections.Generic.List`1[System.Diagnostics.Eventing.Reader.EventProperty]"
"Job cancelled. User: NT AUTHORITY\SYSTEM, job: C:\Windows\TEMP\GURD154.exe, jobID: {B3BCD019-3220-4B37-A327-1029D12CD17D}, owner: NT AUTHORITY\SYSTEM, filecount: 1","5","0",,"4","0","0","4611686018427387904","9539","Microsoft-Windows-Bits-Client","ef1cc15b-46c1-414e-bb95-e76b077bd51e","Microsoft-Windows-Bits-Client/Operational","964","2044","rjaf-PC4429","S-1-5-18","4/2/2015 12:29:19 AM","85f1ea9c-f89b-0001-a21c-5c782c6bd001",,"c:\users\mac_1\desktop\winevt\logs\microsoft-windows-bits-client%4operational.evtx","System.UInt32[]","System.Diagnostics.Eventing.Reader.EventBookmark","Information","Info",,"System.Collections.ObjectModel.ReadOnlyCollection`1[System.String]","System.Collections.Generic.List`1[System.Diagnostics.Eventing.Reader.EventProperty]"
"The BITS service created a new job: C:\Windows\TEMP\GURD154.exe, with owner NT AUTHORITY\SYSTEM","3","0",,"4","0","0","4611686018427387904","9538","Microsoft-Windows-Bits-Client","ef1cc15b-46c1-414e-bb95-e76b077bd51e","Microsoft-Windows-Bits-Client/Operational","964","8012","rjaf-PC4429","S-1-5-18","4/2/2015 12:28:56 AM","85f1ea9c-f89b-0001-a21c-5c782c6bd001",,"c:\users\mac_1\desktop\winevt\logs\microsoft-windows-bits-client%4operational.evtx","System.UInt32[]","System.Diagnostics.Eventing.Reader.EventBookmark","Information","Info",,"System.Collections.ObjectModel.ReadOnlyCollection`1[System.String]","System.Collections.Generic.List`1[System.Diagnostics.Eventing.Reader.EventProperty]"
"Job cancelled. User: NT AUTHORITY\SYSTEM, job: C:\Users\rjaf\AppData\Local\{16E8815F-2526-4D21-A751-6BD964AAFE17}, jobID: {7FC18CC1-FD96-4BED-AA1D-B5E5CFF4D84A}, owner: NT AUTHORITY\SYSTEM, filecount: 1","5","0",,"4","0","0","4611686018427387904","9537","Microsoft-Windows-Bits-Client","ef1cc15b-46c1-414e-bb95-e76b077bd51e","Microsoft-Windows-Bits-Client/Operational","964","8012","rjaf-PC4429","S-1-5-18","4/2/2015 12:28:32 AM","85f1ea9c-f89b-0001-a21c-5c782c6bd001",,"c:\users\mac_1\desktop\winevt\logs\microsoft-windows-bits-client%4operational.evtx","System.UInt32[]","System.Diagnostics.Eventing.Reader.EventBookmark","Information","Info",,"System.Collections.ObjectModel.ReadOnlyCollection`1[System.String]","System.Collections.Generic.List`1[System.Diagnostics.Eventing.Reader.EventProperty]"
"The BITS service created a new job: C:\Users\rjaf\AppData\Local\{16E8815F-2526-4D21-A751-6BD964AAFE17}, with owner NT AUTHORITY\SYSTEM","3","0",,"4","0","0","4611686018427387904","9536","Microsoft-Windows-Bits-Client","ef1cc15b-46c1-414e-bb95-e76b077bd51e","Microsoft-Windows-Bits-Client/Operational","964","7448","rjaf-PC4429","S-1-5-18","4/2/2015 12:28:11 AM","85f1ea9c-f89b-0001-a21c-5c782c6bd001",,"c:\users\mac_1\desktop\winevt\logs\microsoft-windows-bits-client%4operational.evtx","System.UInt32[]","System.Diagnostics.Eventing.Reader.EventBookmark","Information","Info",,"System.Collections.ObjectModel.ReadOnlyCollection`1[System.String]","System.Collections.Generic.List`1[System.Diagnostics.Eventing.Reader.EventProperty]"
"Job cancelled. User: NT AUTHORITY\SYSTEM, job: C:\Users\rjaf\AppData\Local\{16E8815F-2526-4D21-A751-6BD964AAFE17}, jobID: {73AAD1BF-CCFF-4F14-BCC2-0C2BA9F40000}, owner: NT AUTHORITY\SYSTEM, filecount: 1","5","0",,"4","0","0","4611686018427387904","9535","Microsoft-Windows-Bits-Client","ef1cc15b-46c1-414e-bb95-e76b077bd51e","Microsoft-Windows-Bits-Client/Operational","964","7448","rjaf-PC4429","S-1-5-18","4/2/2015 12:27:49 AM","85f1ea9c-f89b-0001-a21c-5c782c6bd001",,"c:\users\mac_1\desktop\winevt\logs\microsoft-windows-bits-client%4operational.evtx","System.UInt32[]","System.Diagnostics.Eventing.Reader.EventBookmark","Information","Info",,"System.Collections.ObjectModel.ReadOnlyCollection`1[System.String]","System.Collections.Generic.List`1[System.Diagnostics.Eventing.Reader.EventProperty]"
"The BITS job named ""C:\Users\rjaf\AppData\Local\{16E8815F-2526-4D21-A751-6BD964AAFE17}"" was unable to contact any HTTP proxy server in its proxy list.  This may indicate a problem with the proxy servers or with the client's network configuration.  An administrator should verify whether the proxy list is correct.  BITS will periodically try to transfer the job.  The HTTP proxy list is ""10.10.1.1:8080"".  The proxy-bypass list is ""<local>"".","201","0",,"3","0","0","4611686018427387904","9534","Microsoft-Windows-Bits-Client","ef1cc15b-46c1-414e-bb95-e76b077bd51e","Microsoft-Windows-Bits-Client/Operational","964","8012","rjaf-PC4429","S-1-5-18","4/2/2015 12:27:49 AM",,,"c:\users\mac_1\desktop\winevt\logs\microsoft-windows-bits-client%4operational.evtx","System.UInt32[]","System.Diagnostics.Eventing.Reader.EventBookmark","Warning","Info",,"System.Collections.ObjectModel.ReadOnlyCollection`1[System.String]","System.Collections.Generic.List`1[System.Diagnostics.Eventing.Reader.EventProperty]"
"The BITS service created a new job: C:\Users\rjaf\AppData\Local\{16E8815F-2526-4D21-A751-6BD964AAFE17}, with owner NT AUTHORITY\SYSTEM","3","0",,"4","0","0","4611686018427387904","9533","Microsoft-Windows-Bits-Client","ef1cc15b-46c1-414e-bb95-e76b077bd51e","Microsoft-Windows-Bits-Client/Operational","964","6588","rjaf-PC4429","S-1-5-18","4/2/2015 12:27:28 AM","85f1ea9c-f89b-0001-a21c-5c782c6bd001",,"c:\users\mac_1\desktop\winevt\logs\microsoft-windows-bits-client%4operational.evtx","System.UInt32[]","System.Diagnostics.Eventing.Reader.EventBookmark","Information","Info",,"System.Collections.ObjectModel.ReadOnlyCollection`1[System.String]","System.Collections.Generic.List`1[System.Diagnostics.Eventing.Reader.EventProperty]"
"Job cancelled. User: NT AUTHORITY\SYSTEM, job: C:\Users\rjaf\AppData\Local\{16E8815F-2526-4D21-A751-6BD964AAFE17}, jobID: {39232BA3-1666-42DE-B83E-3B9ABA518930}, owner: NT AUTHORITY\SYSTEM, filecount: 1","5","0",,"4","0","0","4611686018427387904","9532","Microsoft-Windows-Bits-Client","ef1cc15b-46c1-414e-bb95-e76b077bd51e","Microsoft-Windows-Bits-Client/Operational","964","8012","rjaf-PC4429","S-1-5-18","4/2/2015 12:27:07 AM","85f1ea9c-f89b-0001-a21c-5c782c6bd001",,"c:\users\mac_1\desktop\winevt\logs\microsoft-windows-bits-client%4operational.evtx","System.UInt32[]","System.Diagnostics.Eventing.Reader.EventBookmark","Information","Info",,"System.Collections.ObjectModel.ReadOnlyCollection`1[System.String]","System.Collections.Generic.List`1[System.Diagnostics.Eventing.Reader.EventProperty]"
