"User logon detected
Account: RJAF-PC4429\rjaf
Session: 1","7","0",,"4","0","0","4611686018427387912","569","Microsoft-Windows-OfflineFiles","95353826-4fbe-41d4-9c42-f521c6e86360","Microsoft-Windows-OfflineFiles/Operational","968","992","rjaf-PC4429","S-1-5-18","10/5/2014 11:25:15 AM",,,"c:\users\mac_1\desktop\winevt\logs\microsoft-windows-offlinefiles%4operational.evtx","System.UInt32[]","System.Diagnostics.Eventing.Reader.EventBookmark","Information","Info",,"System.Collections.ObjectModel.ReadOnlyCollection`1[System.String]","System.Collections.Generic.List`1[System.Diagnostics.Eventing.Reader.EventProperty]"
"The Offline Files service started successfully.","1","0",,"4","0","0","4611686018427387920","568","Microsoft-Windows-OfflineFiles","95353826-4fbe-41d4-9c42-f521c6e86360","Microsoft-Windows-OfflineFiles/Operational","968","1076","rjaf-PC4429","S-1-5-18","10/5/2014 11:25:07 AM",,,"c:\users\mac_1\desktop\winevt\logs\microsoft-windows-offlinefiles%4operational.evtx","System.UInt32[]","System.Diagnostics.Eventing.Reader.EventBookmark","Information","Info",,"System.Collections.ObjectModel.ReadOnlyCollection`1[System.String]","System.Collections.Generic.List`1[System.Diagnostics.Eventing.Reader.EventProperty]"
"User logoff detected
Account: RJAF-PC4429\rjaf
Session: 1","8","0",,"4","0","0","4611686018427387912","567","Microsoft-Windows-OfflineFiles","95353826-4fbe-41d4-9c42-f521c6e86360","Microsoft-Windows-OfflineFiles/Operational","968","3672","rjaf-PC4429","S-1-5-18","10/5/2014 8:00:37 AM",,,"c:\users\mac_1\desktop\winevt\logs\microsoft-windows-offlinefiles%4operational.evtx","System.UInt32[]","System.Diagnostics.Eventing.Reader.EventBookmark","Information","Info",,"System.Collections.ObjectModel.ReadOnlyCollection`1[System.String]","System.Collections.Generic.List`1[System.Diagnostics.Eventing.Reader.EventProperty]"
"User logon detected
Account: RJAF-PC4429\rjaf
Session: 1","7","0",,"4","0","0","4611686018427387912","566","Microsoft-Windows-OfflineFiles","95353826-4fbe-41d4-9c42-f521c6e86360","Microsoft-Windows-OfflineFiles/Operational","968","996","rjaf-PC4429","S-1-5-18","10/5/2014 7:46:46 AM",,,"c:\users\mac_1\desktop\winevt\logs\microsoft-windows-offlinefiles%4operational.evtx","System.UInt32[]","System.Diagnostics.Eventing.Reader.EventBookmark","Information","Info",,"System.Collections.ObjectModel.ReadOnlyCollection`1[System.String]","System.Collections.Generic.List`1[System.Diagnostics.Eventing.Reader.EventProperty]"
"The Offline Files service started successfully.","1","0",,"4","0","0","4611686018427387920","565","Microsoft-Windows-OfflineFiles","95353826-4fbe-41d4-9c42-f521c6e86360","Microsoft-Windows-OfflineFiles/Operational","968","1080","rjaf-PC4429","S-1-5-18","10/5/2014 7:46:31 AM",,,"c:\users\mac_1\desktop\winevt\logs\microsoft-windows-offlinefiles%4operational.evtx","System.UInt32[]","System.Diagnostics.Eventing.Reader.EventBookmark","Information","Info",,"System.Collections.ObjectModel.ReadOnlyCollection`1[System.String]","System.Collections.Generic.List`1[System.Diagnostics.Eventing.Reader.EventProperty]"
"User logoff detected
Account: RJAF-PC4429\rjaf
Session: 2","8","0",,"4","0","0","4611686018427387912","564","Microsoft-Windows-OfflineFiles","95353826-4fbe-41d4-9c42-f521c6e86360","Microsoft-Windows-OfflineFiles/Operational","940","8564","rjaf-PC4429","S-1-5-18","10/5/2014 2:58:47 AM",,,"c:\users\mac_1\desktop\winevt\logs\microsoft-windows-offlinefiles%4operational.evtx","System.UInt32[]","System.Diagnostics.Eventing.Reader.EventBookmark","Information","Info",,"System.Collections.ObjectModel.ReadOnlyCollection`1[System.String]","System.Collections.Generic.List`1[System.Diagnostics.Eventing.Reader.EventProperty]"
"User logon detected
Account: RJAF-PC4429\rjaf
Session: 2","7","0",,"4","0","0","4611686018427387912","563","Microsoft-Windows-OfflineFiles","95353826-4fbe-41d4-9c42-f521c6e86360","Microsoft-Windows-OfflineFiles/Operational","940","952","rjaf-PC4429","S-1-5-18","10/3/2014 1:47:57 AM",,,"c:\users\mac_1\desktop\winevt\logs\microsoft-windows-offlinefiles%4operational.evtx","System.UInt32[]","System.Diagnostics.Eventing.Reader.EventBookmark","Information","Info",,"System.Collections.ObjectModel.ReadOnlyCollection`1[System.String]","System.Collections.Generic.List`1[System.Diagnostics.Eventing.Reader.EventProperty]"
"User logoff detected
Account: RJAF-PC4429\rjaf
Session: 1","8","0",,"4","0","0","4611686018427387912","562","Microsoft-Windows-OfflineFiles","95353826-4fbe-41d4-9c42-f521c6e86360","Microsoft-Windows-OfflineFiles/Operational","940","15320","rjaf-PC4429","S-1-5-18","10/3/2014 1:33:38 AM",,,"c:\users\mac_1\desktop\winevt\logs\microsoft-windows-offlinefiles%4operational.evtx","System.UInt32[]","System.Diagnostics.Eventing.Reader.EventBookmark","Information","Info",,"System.Collections.ObjectModel.ReadOnlyCollection`1[System.String]","System.Collections.Generic.List`1[System.Diagnostics.Eventing.Reader.EventProperty]"
"User logon detected
Account: RJAF-PC4429\rjaf
Session: 1","7","0",,"4","0","0","4611686018427387912","561","Microsoft-Windows-OfflineFiles","95353826-4fbe-41d4-9c42-f521c6e86360","Microsoft-Windows-OfflineFiles/Operational","940","1168","rjaf-PC4429","S-1-5-18","10/3/2014 12:36:07 AM",,,"c:\users\mac_1\desktop\winevt\logs\microsoft-windows-offlinefiles%4operational.evtx","System.UInt32[]","System.Diagnostics.Eventing.Reader.EventBookmark","Information","Info",,"System.Collections.ObjectModel.ReadOnlyCollection`1[System.String]","System.Collections.Generic.List`1[System.Diagnostics.Eventing.Reader.EventProperty]"
"The Offline Files service started successfully.","1","0",,"4","0","0","4611686018427387920","560","Microsoft-Windows-OfflineFiles","95353826-4fbe-41d4-9c42-f521c6e86360","Microsoft-Windows-OfflineFiles/Operational","940","1064","rjaf-PC4429","S-1-5-18","10/3/2014 12:35:58 AM",,,"c:\users\mac_1\desktop\winevt\logs\microsoft-windows-offlinefiles%4operational.evtx","System.UInt32[]","System.Diagnostics.Eventing.Reader.EventBookmark","Information","Info",,"System.Collections.ObjectModel.ReadOnlyCollection`1[System.String]","System.Collections.Generic.List`1[System.Diagnostics.Eventing.Reader.EventProperty]"
"User logoff detected
Account: RJAF-PC4429\rjaf
Session: 1","8","0",,"4","0","0","4611686018427387912","559","Microsoft-Windows-OfflineFiles","95353826-4fbe-41d4-9c42-f521c6e86360","Microsoft-Windows-OfflineFiles/Operational","964","5276","rjaf-PC4429","S-1-5-18","10/2/2014 1:28:12 PM",,,"c:\users\mac_1\desktop\winevt\logs\microsoft-windows-offlinefiles%4operational.evtx","System.UInt32[]","System.Diagnostics.Eventing.Reader.EventBookmark","Information","Info",,"System.Collections.ObjectModel.ReadOnlyCollection`1[System.String]","System.Collections.Generic.List`1[System.Diagnostics.Eventing.Reader.EventProperty]"
"User logon detected
Account: RJAF-PC4429\rjaf
Session: 1","7","0",,"4","0","0","4611686018427387912","558","Microsoft-Windows-OfflineFiles","95353826-4fbe-41d4-9c42-f521c6e86360","Microsoft-Windows-OfflineFiles/Operational","964","552","rjaf-PC4429","S-1-5-18","10/1/2014 11:52:22 PM",,,"c:\users\mac_1\desktop\winevt\logs\microsoft-windows-offlinefiles%4operational.evtx","System.UInt32[]","System.Diagnostics.Eventing.Reader.EventBookmark","Information","Info",,"System.Collections.ObjectModel.ReadOnlyCollection`1[System.String]","System.Collections.Generic.List`1[System.Diagnostics.Eventing.Reader.EventProperty]"
"User logoff detected
Account: RJAF-PC4429\rjaf
Session: 2","8","0",,"4","0","0","4611686018427387912","557","Microsoft-Windows-OfflineFiles","95353826-4fbe-41d4-9c42-f521c6e86360","Microsoft-Windows-OfflineFiles/Operational","964","360","rjaf-PC4429","S-1-5-18","10/1/2014 11:11:10 PM",,,"c:\users\mac_1\desktop\winevt\logs\microsoft-windows-offlinefiles%4operational.evtx","System.UInt32[]","System.Diagnostics.Eventing.Reader.EventBookmark","Information","Info",,"System.Collections.ObjectModel.ReadOnlyCollection`1[System.String]","System.Collections.Generic.List`1[System.Diagnostics.Eventing.Reader.EventProperty]"
"User logon detected
Account: RJAF-PC4429\rjaf
Session: 2","7","0",,"4","0","0","4611686018427387912","556","Microsoft-Windows-OfflineFiles","95353826-4fbe-41d4-9c42-f521c6e86360","Microsoft-Windows-OfflineFiles/Operational","964","1944","rjaf-PC4429","S-1-5-18","10/1/2014 5:05:06 AM",,,"c:\users\mac_1\desktop\winevt\logs\microsoft-windows-offlinefiles%4operational.evtx","System.UInt32[]","System.Diagnostics.Eventing.Reader.EventBookmark","Information","Info",,"System.Collections.ObjectModel.ReadOnlyCollection`1[System.String]","System.Collections.Generic.List`1[System.Diagnostics.Eventing.Reader.EventProperty]"
"User logoff detected
Account: RJAF-PC4429\rjaf
Session: 1","8","0",,"4","0","0","4611686018427387912","555","Microsoft-Windows-OfflineFiles","95353826-4fbe-41d4-9c42-f521c6e86360","Microsoft-Windows-OfflineFiles/Operational","964","1136","rjaf-PC4429","S-1-5-18","10/1/2014 3:05:26 AM",,,"c:\users\mac_1\desktop\winevt\logs\microsoft-windows-offlinefiles%4operational.evtx","System.UInt32[]","System.Diagnostics.Eventing.Reader.EventBookmark","Information","Info",,"System.Collections.ObjectModel.ReadOnlyCollection`1[System.String]","System.Collections.Generic.List`1[System.Diagnostics.Eventing.Reader.EventProperty]"
"User logon detected
Account: RJAF-PC4429\rjaf
Session: 1","7","0",,"4","0","0","4611686018427387912","554","Microsoft-Windows-OfflineFiles","95353826-4fbe-41d4-9c42-f521c6e86360","Microsoft-Windows-OfflineFiles/Operational","964","980","rjaf-PC4429","S-1-5-18","9/29/2014 11:46:31 PM",,,"c:\users\mac_1\desktop\winevt\logs\microsoft-windows-offlinefiles%4operational.evtx","System.UInt32[]","System.Diagnostics.Eventing.Reader.EventBookmark","Information","Info",,"System.Collections.ObjectModel.ReadOnlyCollection`1[System.String]","System.Collections.Generic.List`1[System.Diagnostics.Eventing.Reader.EventProperty]"
"The Offline Files service started successfully.","1","0",,"4","0","0","4611686018427387920","553","Microsoft-Windows-OfflineFiles","95353826-4fbe-41d4-9c42-f521c6e86360","Microsoft-Windows-OfflineFiles/Operational","964","1076","rjaf-PC4429","S-1-5-18","9/29/2014 11:46:25 PM",,,"c:\users\mac_1\desktop\winevt\logs\microsoft-windows-offlinefiles%4operational.evtx","System.UInt32[]","System.Diagnostics.Eventing.Reader.EventBookmark","Information","Info",,"System.Collections.ObjectModel.ReadOnlyCollection`1[System.String]","System.Collections.Generic.List`1[System.Diagnostics.Eventing.Reader.EventProperty]"
"User logon detected
Account: RJAF-PC4429\rjaf
Session: 2","7","0",,"4","0","0","4611686018427387912","552","Microsoft-Windows-OfflineFiles","95353826-4fbe-41d4-9c42-f521c6e86360","Microsoft-Windows-OfflineFiles/Operational","936","2112","rjaf-PC4429","S-1-5-18","9/19/2014 4:38:13 AM",,,"c:\users\mac_1\desktop\winevt\logs\microsoft-windows-offlinefiles%4operational.evtx","System.UInt32[]","System.Diagnostics.Eventing.Reader.EventBookmark","Information","Info",,"System.Collections.ObjectModel.ReadOnlyCollection`1[System.String]","System.Collections.Generic.List`1[System.Diagnostics.Eventing.Reader.EventProperty]"
"User logoff detected
Account: RJAF-PC4429\rjaf
Session: 1","8","0",,"4","0","0","4611686018427387912","551","Microsoft-Windows-OfflineFiles","95353826-4fbe-41d4-9c42-f521c6e86360","Microsoft-Windows-OfflineFiles/Operational","936","3580","rjaf-PC4429","S-1-5-18","9/18/2014 11:40:47 AM",,,"c:\users\mac_1\desktop\winevt\logs\microsoft-windows-offlinefiles%4operational.evtx","System.UInt32[]","System.Diagnostics.Eventing.Reader.EventBookmark","Information","Info",,"System.Collections.ObjectModel.ReadOnlyCollection`1[System.String]","System.Collections.Generic.List`1[System.Diagnostics.Eventing.Reader.EventProperty]"
"User logon detected
Account: RJAF-PC4429\rjaf
Session: 1","7","0",,"4","0","0","4611686018427387912","550","Microsoft-Windows-OfflineFiles","95353826-4fbe-41d4-9c42-f521c6e86360","Microsoft-Windows-OfflineFiles/Operational","936","952","rjaf-PC4429","S-1-5-18","9/17/2014 11:41:16 PM",,,"c:\users\mac_1\desktop\winevt\logs\microsoft-windows-offlinefiles%4operational.evtx","System.UInt32[]","System.Diagnostics.Eventing.Reader.EventBookmark","Information","Info",,"System.Collections.ObjectModel.ReadOnlyCollection`1[System.String]","System.Collections.Generic.List`1[System.Diagnostics.Eventing.Reader.EventProperty]"
"The Offline Files service started successfully.","1","0",,"4","0","0","4611686018427387920","549","Microsoft-Windows-OfflineFiles","95353826-4fbe-41d4-9c42-f521c6e86360","Microsoft-Windows-OfflineFiles/Operational","936","1044","rjaf-PC4429","S-1-5-18","9/17/2014 11:41:08 PM",,,"c:\users\mac_1\desktop\winevt\logs\microsoft-windows-offlinefiles%4operational.evtx","System.UInt32[]","System.Diagnostics.Eventing.Reader.EventBookmark","Information","Info",,"System.Collections.ObjectModel.ReadOnlyCollection`1[System.String]","System.Collections.Generic.List`1[System.Diagnostics.Eventing.Reader.EventProperty]"
"User logon detected
Account: RJAF-PC4429\rjaf
Session: 1","7","0",,"4","0","0","4611686018427387912","548","Microsoft-Windows-OfflineFiles","95353826-4fbe-41d4-9c42-f521c6e86360","Microsoft-Windows-OfflineFiles/Operational","920","1148","rjaf-PC4429","S-1-5-18","9/16/2014 12:12:51 PM",,,"c:\users\mac_1\desktop\winevt\logs\microsoft-windows-offlinefiles%4operational.evtx","System.UInt32[]","System.Diagnostics.Eventing.Reader.EventBookmark","Information","Info",,"System.Collections.ObjectModel.ReadOnlyCollection`1[System.String]","System.Collections.Generic.List`1[System.Diagnostics.Eventing.Reader.EventProperty]"
"The Offline Files service started successfully.","1","0",,"4","0","0","4611686018427387920","547","Microsoft-Windows-OfflineFiles","95353826-4fbe-41d4-9c42-f521c6e86360","Microsoft-Windows-OfflineFiles/Operational","920","1056","rjaf-PC4429","S-1-5-18","9/16/2014 12:12:44 PM",,,"c:\users\mac_1\desktop\winevt\logs\microsoft-windows-offlinefiles%4operational.evtx","System.UInt32[]","System.Diagnostics.Eventing.Reader.EventBookmark","Information","Info",,"System.Collections.ObjectModel.ReadOnlyCollection`1[System.String]","System.Collections.Generic.List`1[System.Diagnostics.Eventing.Reader.EventProperty]"
"User logoff detected
Account: RJAF-PC4429\rjaf
Session: 1","8","0",,"4","0","0","4611686018427387912","546","Microsoft-Windows-OfflineFiles","95353826-4fbe-41d4-9c42-f521c6e86360","Microsoft-Windows-OfflineFiles/Operational","936","2520","rjaf-PC4429","S-1-5-18","9/16/2014 11:39:02 AM",,,"c:\users\mac_1\desktop\winevt\logs\microsoft-windows-offlinefiles%4operational.evtx","System.UInt32[]","System.Diagnostics.Eventing.Reader.EventBookmark","Information","Info",,"System.Collections.ObjectModel.ReadOnlyCollection`1[System.String]","System.Collections.Generic.List`1[System.Diagnostics.Eventing.Reader.EventProperty]"
"User logon detected
Account: RJAF-PC4429\rjaf
Session: 1","7","0",,"4","0","0","4611686018427387912","545","Microsoft-Windows-OfflineFiles","95353826-4fbe-41d4-9c42-f521c6e86360","Microsoft-Windows-OfflineFiles/Operational","936","1148","rjaf-PC4429","S-1-5-18","9/15/2014 11:27:45 AM",,,"c:\users\mac_1\desktop\winevt\logs\microsoft-windows-offlinefiles%4operational.evtx","System.UInt32[]","System.Diagnostics.Eventing.Reader.EventBookmark","Information","Info",,"System.Collections.ObjectModel.ReadOnlyCollection`1[System.String]","System.Collections.Generic.List`1[System.Diagnostics.Eventing.Reader.EventProperty]"
"The Offline Files service started successfully.","1","0",,"4","0","0","4611686018427387920","544","Microsoft-Windows-OfflineFiles","95353826-4fbe-41d4-9c42-f521c6e86360","Microsoft-Windows-OfflineFiles/Operational","936","1068","rjaf-PC4429","S-1-5-18","9/15/2014 11:27:38 AM",,,"c:\users\mac_1\desktop\winevt\logs\microsoft-windows-offlinefiles%4operational.evtx","System.UInt32[]","System.Diagnostics.Eventing.Reader.EventBookmark","Information","Info",,"System.Collections.ObjectModel.ReadOnlyCollection`1[System.String]","System.Collections.Generic.List`1[System.Diagnostics.Eventing.Reader.EventProperty]"
"User logoff detected
Account: RJAF-PC4429\rjaf
Session: 1","8","0",,"4","0","0","4611686018427387912","543","Microsoft-Windows-OfflineFiles","95353826-4fbe-41d4-9c42-f521c6e86360","Microsoft-Windows-OfflineFiles/Operational","924","1332","rjaf-PC4429","S-1-5-18","9/15/2014 11:27:12 AM",,,"c:\users\mac_1\desktop\winevt\logs\microsoft-windows-offlinefiles%4operational.evtx","System.UInt32[]","System.Diagnostics.Eventing.Reader.EventBookmark","Information","Info",,"System.Collections.ObjectModel.ReadOnlyCollection`1[System.String]","System.Collections.Generic.List`1[System.Diagnostics.Eventing.Reader.EventProperty]"
"User logon detected
Account: RJAF-PC4429\rjaf
Session: 1","7","0",,"4","0","0","4611686018427387912","542","Microsoft-Windows-OfflineFiles","95353826-4fbe-41d4-9c42-f521c6e86360","Microsoft-Windows-OfflineFiles/Operational","924","1172","rjaf-PC4429","S-1-5-18","9/14/2014 12:45:17 AM",,,"c:\users\mac_1\desktop\winevt\logs\microsoft-windows-offlinefiles%4operational.evtx","System.UInt32[]","System.Diagnostics.Eventing.Reader.EventBookmark","Information","Info",,"System.Collections.ObjectModel.ReadOnlyCollection`1[System.String]","System.Collections.Generic.List`1[System.Diagnostics.Eventing.Reader.EventProperty]"
"The Offline Files service started successfully.","1","0",,"4","0","0","4611686018427387920","541","Microsoft-Windows-OfflineFiles","95353826-4fbe-41d4-9c42-f521c6e86360","Microsoft-Windows-OfflineFiles/Operational","924","1076","rjaf-PC4429","S-1-5-18","9/14/2014 12:44:59 AM",,,"c:\users\mac_1\desktop\winevt\logs\microsoft-windows-offlinefiles%4operational.evtx","System.UInt32[]","System.Diagnostics.Eventing.Reader.EventBookmark","Information","Info",,"System.Collections.ObjectModel.ReadOnlyCollection`1[System.String]","System.Collections.Generic.List`1[System.Diagnostics.Eventing.Reader.EventProperty]"
"User logoff detected
Account: RJAF-PC4429\rjaf
Session: 1","8","0",,"4","0","0","4611686018427387912","540","Microsoft-Windows-OfflineFiles","95353826-4fbe-41d4-9c42-f521c6e86360","Microsoft-Windows-OfflineFiles/Operational","932","3220","rjaf-PC4429","S-1-5-18","9/13/2014 5:13:46 AM",,,"c:\users\mac_1\desktop\winevt\logs\microsoft-windows-offlinefiles%4operational.evtx","System.UInt32[]","System.Diagnostics.Eventing.Reader.EventBookmark","Information","Info",,"System.Collections.ObjectModel.ReadOnlyCollection`1[System.String]","System.Collections.Generic.List`1[System.Diagnostics.Eventing.Reader.EventProperty]"
"User logon detected
Account: RJAF-PC4429\rjaf
Session: 1","7","0",,"4","0","0","4611686018427387912","539","Microsoft-Windows-OfflineFiles","95353826-4fbe-41d4-9c42-f521c6e86360","Microsoft-Windows-OfflineFiles/Operational","932","948","rjaf-PC4429","S-1-5-18","9/8/2014 12:45:03 AM",,,"c:\users\mac_1\desktop\winevt\logs\microsoft-windows-offlinefiles%4operational.evtx","System.UInt32[]","System.Diagnostics.Eventing.Reader.EventBookmark","Information","Info",,"System.Collections.ObjectModel.ReadOnlyCollection`1[System.String]","System.Collections.Generic.List`1[System.Diagnostics.Eventing.Reader.EventProperty]"
"The Offline Files service started successfully.","1","0",,"4","0","0","4611686018427387920","538","Microsoft-Windows-OfflineFiles","95353826-4fbe-41d4-9c42-f521c6e86360","Microsoft-Windows-OfflineFiles/Operational","932","1036","rjaf-PC4429","S-1-5-18","9/8/2014 12:44:55 AM",,,"c:\users\mac_1\desktop\winevt\logs\microsoft-windows-offlinefiles%4operational.evtx","System.UInt32[]","System.Diagnostics.Eventing.Reader.EventBookmark","Information","Info",,"System.Collections.ObjectModel.ReadOnlyCollection`1[System.String]","System.Collections.Generic.List`1[System.Diagnostics.Eventing.Reader.EventProperty]"
"User logon detected
Account: RJAF-PC4429\rjaf
Session: 1","7","0",,"4","0","0","4611686018427387912","537","Microsoft-Windows-OfflineFiles","95353826-4fbe-41d4-9c42-f521c6e86360","Microsoft-Windows-OfflineFiles/Operational","928","3860","rjaf-PC4429","S-1-5-18","9/7/2014 2:57:52 AM",,,"c:\users\mac_1\desktop\winevt\logs\microsoft-windows-offlinefiles%4operational.evtx","System.UInt32[]","System.Diagnostics.Eventing.Reader.EventBookmark","Information","Info",,"System.Collections.ObjectModel.ReadOnlyCollection`1[System.String]","System.Collections.Generic.List`1[System.Diagnostics.Eventing.Reader.EventProperty]"
"The Offline Files service started successfully.","1","0",,"4","0","0","4611686018427387920","536","Microsoft-Windows-OfflineFiles","95353826-4fbe-41d4-9c42-f521c6e86360","Microsoft-Windows-OfflineFiles/Operational","928","1080","rjaf-PC4429","S-1-5-18","9/6/2014 11:43:20 PM",,,"c:\users\mac_1\desktop\winevt\logs\microsoft-windows-offlinefiles%4operational.evtx","System.UInt32[]","System.Diagnostics.Eventing.Reader.EventBookmark","Information","Info",,"System.Collections.ObjectModel.ReadOnlyCollection`1[System.String]","System.Collections.Generic.List`1[System.Diagnostics.Eventing.Reader.EventProperty]"
"User logoff detected
Account: RJAF-PC4429\rjaf
Session: 1","8","0",,"4","0","0","4611686018427387912","535","Microsoft-Windows-OfflineFiles","95353826-4fbe-41d4-9c42-f521c6e86360","Microsoft-Windows-OfflineFiles/Operational","920","3092","rjaf-PC4429","S-1-5-18","9/6/2014 11:35:19 PM",,,"c:\users\mac_1\desktop\winevt\logs\microsoft-windows-offlinefiles%4operational.evtx","System.UInt32[]","System.Diagnostics.Eventing.Reader.EventBookmark","Information","Info",,"System.Collections.ObjectModel.ReadOnlyCollection`1[System.String]","System.Collections.Generic.List`1[System.Diagnostics.Eventing.Reader.EventProperty]"
"User logon detected
Account: RJAF-PC4429\rjaf
Session: 1","7","0",,"4","0","0","4611686018427387912","534","Microsoft-Windows-OfflineFiles","95353826-4fbe-41d4-9c42-f521c6e86360","Microsoft-Windows-OfflineFiles/Operational","920","948","rjaf-PC4429","S-1-5-18","9/6/2014 11:04:06 PM",,,"c:\users\mac_1\desktop\winevt\logs\microsoft-windows-offlinefiles%4operational.evtx","System.UInt32[]","System.Diagnostics.Eventing.Reader.EventBookmark","Information","Info",,"System.Collections.ObjectModel.ReadOnlyCollection`1[System.String]","System.Collections.Generic.List`1[System.Diagnostics.Eventing.Reader.EventProperty]"
"The Offline Files service started successfully.","1","0",,"4","0","0","4611686018427387920","533","Microsoft-Windows-OfflineFiles","95353826-4fbe-41d4-9c42-f521c6e86360","Microsoft-Windows-OfflineFiles/Operational","920","1048","rjaf-PC4429","S-1-5-18","9/6/2014 11:03:58 PM",,,"c:\users\mac_1\desktop\winevt\logs\microsoft-windows-offlinefiles%4operational.evtx","System.UInt32[]","System.Diagnostics.Eventing.Reader.EventBookmark","Information","Info",,"System.Collections.ObjectModel.ReadOnlyCollection`1[System.String]","System.Collections.Generic.List`1[System.Diagnostics.Eventing.Reader.EventProperty]"
"The Offline Files service started successfully.","1","0",,"4","0","0","4611686018427387920","532","Microsoft-Windows-OfflineFiles","95353826-4fbe-41d4-9c42-f521c6e86360","Microsoft-Windows-OfflineFiles/Operational","924","1056","rjaf-PC4429","S-1-5-18","9/6/2014 6:36:25 AM",,,"c:\users\mac_1\desktop\winevt\logs\microsoft-windows-offlinefiles%4operational.evtx","System.UInt32[]","System.Diagnostics.Eventing.Reader.EventBookmark","Information","Info",,"System.Collections.ObjectModel.ReadOnlyCollection`1[System.String]","System.Collections.Generic.List`1[System.Diagnostics.Eventing.Reader.EventProperty]"
"The Offline Files service started successfully.","1","0",,"4","0","0","4611686018427387920","531","Microsoft-Windows-OfflineFiles","95353826-4fbe-41d4-9c42-f521c6e86360","Microsoft-Windows-OfflineFiles/Operational","916","1048","rjaf-PC4429","S-1-5-18","9/5/2014 7:51:42 AM",,,"c:\users\mac_1\desktop\winevt\logs\microsoft-windows-offlinefiles%4operational.evtx","System.UInt32[]","System.Diagnostics.Eventing.Reader.EventBookmark","Information","Info",,"System.Collections.ObjectModel.ReadOnlyCollection`1[System.String]","System.Collections.Generic.List`1[System.Diagnostics.Eventing.Reader.EventProperty]"
"User logoff detected
Account: RJAF-PC4429\rjaf
Session: 1","8","0",,"4","0","0","4611686018427387912","530","Microsoft-Windows-OfflineFiles","95353826-4fbe-41d4-9c42-f521c6e86360","Microsoft-Windows-OfflineFiles/Operational","932","320","rjaf-PC4429","S-1-5-18","9/3/2014 12:05:18 PM",,,"c:\users\mac_1\desktop\winevt\logs\microsoft-windows-offlinefiles%4operational.evtx","System.UInt32[]","System.Diagnostics.Eventing.Reader.EventBookmark","Information","Info",,"System.Collections.ObjectModel.ReadOnlyCollection`1[System.String]","System.Collections.Generic.List`1[System.Diagnostics.Eventing.Reader.EventProperty]"
"User logon detected
Account: RJAF-PC4429\rjaf
Session: 1","7","0",,"4","0","0","4611686018427387912","529","Microsoft-Windows-OfflineFiles","95353826-4fbe-41d4-9c42-f521c6e86360","Microsoft-Windows-OfflineFiles/Operational","932","952","rjaf-PC4429","S-1-5-18","9/3/2014 12:05:37 AM",,,"c:\users\mac_1\desktop\winevt\logs\microsoft-windows-offlinefiles%4operational.evtx","System.UInt32[]","System.Diagnostics.Eventing.Reader.EventBookmark","Information","Info",,"System.Collections.ObjectModel.ReadOnlyCollection`1[System.String]","System.Collections.Generic.List`1[System.Diagnostics.Eventing.Reader.EventProperty]"
"The Offline Files service started successfully.","1","0",,"4","0","0","4611686018427387920","528","Microsoft-Windows-OfflineFiles","95353826-4fbe-41d4-9c42-f521c6e86360","Microsoft-Windows-OfflineFiles/Operational","932","1056","rjaf-PC4429","S-1-5-18","9/2/2014 12:35:27 PM",,,"c:\users\mac_1\desktop\winevt\logs\microsoft-windows-offlinefiles%4operational.evtx","System.UInt32[]","System.Diagnostics.Eventing.Reader.EventBookmark","Information","Info",,"System.Collections.ObjectModel.ReadOnlyCollection`1[System.String]","System.Collections.Generic.List`1[System.Diagnostics.Eventing.Reader.EventProperty]"
"User logoff detected
Account: RJAF-PC4429\rjaf
Session: 1","8","0",,"4","0","0","4611686018427387912","527","Microsoft-Windows-OfflineFiles","95353826-4fbe-41d4-9c42-f521c6e86360","Microsoft-Windows-OfflineFiles/Operational","924","1152","rjaf-PC4429","S-1-5-18","9/2/2014 12:35:02 PM",,,"c:\users\mac_1\desktop\winevt\logs\microsoft-windows-offlinefiles%4operational.evtx","System.UInt32[]","System.Diagnostics.Eventing.Reader.EventBookmark","Information","Info",,"System.Collections.ObjectModel.ReadOnlyCollection`1[System.String]","System.Collections.Generic.List`1[System.Diagnostics.Eventing.Reader.EventProperty]"
"User logon detected
Account: RJAF-PC4429\rjaf
Session: 1","7","0",,"4","0","0","4611686018427387912","526","Microsoft-Windows-OfflineFiles","95353826-4fbe-41d4-9c42-f521c6e86360","Microsoft-Windows-OfflineFiles/Operational","924","1160","rjaf-PC4429","S-1-5-18","9/2/2014 3:14:43 AM",,,"c:\users\mac_1\desktop\winevt\logs\microsoft-windows-offlinefiles%4operational.evtx","System.UInt32[]","System.Diagnostics.Eventing.Reader.EventBookmark","Information","Info",,"System.Collections.ObjectModel.ReadOnlyCollection`1[System.String]","System.Collections.Generic.List`1[System.Diagnostics.Eventing.Reader.EventProperty]"
"The Offline Files service started successfully.","1","0",,"4","0","0","4611686018427387920","525","Microsoft-Windows-OfflineFiles","95353826-4fbe-41d4-9c42-f521c6e86360","Microsoft-Windows-OfflineFiles/Operational","924","1052","rjaf-PC4429","S-1-5-18","9/2/2014 3:14:32 AM",,,"c:\users\mac_1\desktop\winevt\logs\microsoft-windows-offlinefiles%4operational.evtx","System.UInt32[]","System.Diagnostics.Eventing.Reader.EventBookmark","Information","Info",,"System.Collections.ObjectModel.ReadOnlyCollection`1[System.String]","System.Collections.Generic.List`1[System.Diagnostics.Eventing.Reader.EventProperty]"
"User logoff detected
Account: RJAF-PC4429\rjaf
Session: 1","8","0",,"4","0","0","4611686018427387912","524","Microsoft-Windows-OfflineFiles","95353826-4fbe-41d4-9c42-f521c6e86360","Microsoft-Windows-OfflineFiles/Operational","932","3492","rjaf-PC4429","S-1-5-18","9/2/2014 3:02:08 AM",,,"c:\users\mac_1\desktop\winevt\logs\microsoft-windows-offlinefiles%4operational.evtx","System.UInt32[]","System.Diagnostics.Eventing.Reader.EventBookmark","Information","Info",,"System.Collections.ObjectModel.ReadOnlyCollection`1[System.String]","System.Collections.Generic.List`1[System.Diagnostics.Eventing.Reader.EventProperty]"
"User logon detected
Account: RJAF-PC4429\rjaf
Session: 1","7","0",,"4","0","0","4611686018427387912","523","Microsoft-Windows-OfflineFiles","95353826-4fbe-41d4-9c42-f521c6e86360","Microsoft-Windows-OfflineFiles/Operational","932","960","rjaf-PC4429","S-1-5-18","9/2/2014 2:19:35 AM",,,"c:\users\mac_1\desktop\winevt\logs\microsoft-windows-offlinefiles%4operational.evtx","System.UInt32[]","System.Diagnostics.Eventing.Reader.EventBookmark","Information","Info",,"System.Collections.ObjectModel.ReadOnlyCollection`1[System.String]","System.Collections.Generic.List`1[System.Diagnostics.Eventing.Reader.EventProperty]"
"The Offline Files service started successfully.","1","0",,"4","0","0","4611686018427387920","522","Microsoft-Windows-OfflineFiles","95353826-4fbe-41d4-9c42-f521c6e86360","Microsoft-Windows-OfflineFiles/Operational","932","1052","rjaf-PC4429","S-1-5-18","9/2/2014 2:18:42 AM",,,"c:\users\mac_1\desktop\winevt\logs\microsoft-windows-offlinefiles%4operational.evtx","System.UInt32[]","System.Diagnostics.Eventing.Reader.EventBookmark","Information","Info",,"System.Collections.ObjectModel.ReadOnlyCollection`1[System.String]","System.Collections.Generic.List`1[System.Diagnostics.Eventing.Reader.EventProperty]"
"User logoff detected
Account: RJAF-PC4429\rjaf
Session: 2","8","0",,"4","0","0","4611686018427387912","521","Microsoft-Windows-OfflineFiles","95353826-4fbe-41d4-9c42-f521c6e86360","Microsoft-Windows-OfflineFiles/Operational","940","3968","rjaf-PC4429","S-1-5-18","9/1/2014 10:36:32 AM",,,"c:\users\mac_1\desktop\winevt\logs\microsoft-windows-offlinefiles%4operational.evtx","System.UInt32[]","System.Diagnostics.Eventing.Reader.EventBookmark","Information","Info",,"System.Collections.ObjectModel.ReadOnlyCollection`1[System.String]","System.Collections.Generic.List`1[System.Diagnostics.Eventing.Reader.EventProperty]"
"User logon detected
Account: RJAF-PC4429\rjaf
Session: 2","7","0",,"4","0","0","4611686018427387912","520","Microsoft-Windows-OfflineFiles","95353826-4fbe-41d4-9c42-f521c6e86360","Microsoft-Windows-OfflineFiles/Operational","940","1132","rjaf-PC4429","S-1-5-18","9/1/2014 10:36:18 AM",,,"c:\users\mac_1\desktop\winevt\logs\microsoft-windows-offlinefiles%4operational.evtx","System.UInt32[]","System.Diagnostics.Eventing.Reader.EventBookmark","Information","Info",,"System.Collections.ObjectModel.ReadOnlyCollection`1[System.String]","System.Collections.Generic.List`1[System.Diagnostics.Eventing.Reader.EventProperty]"
"User logoff detected
Account: RJAF-PC4429\rjaf
Session: 1","8","0",,"4","0","0","4611686018427387912","519","Microsoft-Windows-OfflineFiles","95353826-4fbe-41d4-9c42-f521c6e86360","Microsoft-Windows-OfflineFiles/Operational","940","1132","rjaf-PC4429","S-1-5-18","9/1/2014 10:36:10 AM",,,"c:\users\mac_1\desktop\winevt\logs\microsoft-windows-offlinefiles%4operational.evtx","System.UInt32[]","System.Diagnostics.Eventing.Reader.EventBookmark","Information","Info",,"System.Collections.ObjectModel.ReadOnlyCollection`1[System.String]","System.Collections.Generic.List`1[System.Diagnostics.Eventing.Reader.EventProperty]"
"User logon detected
Account: RJAF-PC4429\rjaf
Session: 1","7","0",,"4","0","0","4611686018427387912","518","Microsoft-Windows-OfflineFiles","95353826-4fbe-41d4-9c42-f521c6e86360","Microsoft-Windows-OfflineFiles/Operational","940","956","rjaf-PC4429","S-1-5-18","8/31/2014 7:36:39 AM",,,"c:\users\mac_1\desktop\winevt\logs\microsoft-windows-offlinefiles%4operational.evtx","System.UInt32[]","System.Diagnostics.Eventing.Reader.EventBookmark","Information","Info",,"System.Collections.ObjectModel.ReadOnlyCollection`1[System.String]","System.Collections.Generic.List`1[System.Diagnostics.Eventing.Reader.EventProperty]"
"The Offline Files service started successfully.","1","0",,"4","0","0","4611686018427387920","517","Microsoft-Windows-OfflineFiles","95353826-4fbe-41d4-9c42-f521c6e86360","Microsoft-Windows-OfflineFiles/Operational","940","1044","rjaf-PC4429","S-1-5-18","8/31/2014 7:35:56 AM",,,"c:\users\mac_1\desktop\winevt\logs\microsoft-windows-offlinefiles%4operational.evtx","System.UInt32[]","System.Diagnostics.Eventing.Reader.EventBookmark","Information","Info",,"System.Collections.ObjectModel.ReadOnlyCollection`1[System.String]","System.Collections.Generic.List`1[System.Diagnostics.Eventing.Reader.EventProperty]"
"User logon detected
Account: RJAF-PC4429\rjaf
Session: 1","7","0",,"4","0","0","4611686018427387912","516","Microsoft-Windows-OfflineFiles","95353826-4fbe-41d4-9c42-f521c6e86360","Microsoft-Windows-OfflineFiles/Operational","928","956","rjaf-PC4429","S-1-5-18","8/30/2014 11:43:05 PM",,,"c:\users\mac_1\desktop\winevt\logs\microsoft-windows-offlinefiles%4operational.evtx","System.UInt32[]","System.Diagnostics.Eventing.Reader.EventBookmark","Information","Info",,"System.Collections.ObjectModel.ReadOnlyCollection`1[System.String]","System.Collections.Generic.List`1[System.Diagnostics.Eventing.Reader.EventProperty]"
"The Offline Files service started successfully.","1","0",,"4","0","0","4611686018427387920","515","Microsoft-Windows-OfflineFiles","95353826-4fbe-41d4-9c42-f521c6e86360","Microsoft-Windows-OfflineFiles/Operational","928","1036","rjaf-PC4429","S-1-5-18","8/30/2014 11:42:45 PM",,,"c:\users\mac_1\desktop\winevt\logs\microsoft-windows-offlinefiles%4operational.evtx","System.UInt32[]","System.Diagnostics.Eventing.Reader.EventBookmark","Information","Info",,"System.Collections.ObjectModel.ReadOnlyCollection`1[System.String]","System.Collections.Generic.List`1[System.Diagnostics.Eventing.Reader.EventProperty]"
"User logoff detected
Account: RJAF-PC4429\rjaf
Session: 1","8","0",,"4","0","0","4611686018427387912","514","Microsoft-Windows-OfflineFiles","95353826-4fbe-41d4-9c42-f521c6e86360","Microsoft-Windows-OfflineFiles/Operational","928","6520","rjaf-PC4429","S-1-5-18","8/30/2014 6:06:35 AM",,,"c:\users\mac_1\desktop\winevt\logs\microsoft-windows-offlinefiles%4operational.evtx","System.UInt32[]","System.Diagnostics.Eventing.Reader.EventBookmark","Information","Info",,"System.Collections.ObjectModel.ReadOnlyCollection`1[System.String]","System.Collections.Generic.List`1[System.Diagnostics.Eventing.Reader.EventProperty]"
"User logon detected
Account: RJAF-PC4429\rjaf
Session: 1","7","0",,"4","0","0","4611686018427387912","513","Microsoft-Windows-OfflineFiles","95353826-4fbe-41d4-9c42-f521c6e86360","Microsoft-Windows-OfflineFiles/Operational","928","952","rjaf-PC4429","S-1-5-18","8/30/2014 4:28:50 AM",,,"c:\users\mac_1\desktop\winevt\logs\microsoft-windows-offlinefiles%4operational.evtx","System.UInt32[]","System.Diagnostics.Eventing.Reader.EventBookmark","Information","Info",,"System.Collections.ObjectModel.ReadOnlyCollection`1[System.String]","System.Collections.Generic.List`1[System.Diagnostics.Eventing.Reader.EventProperty]"
"The Offline Files service started successfully.","1","0",,"4","0","0","4611686018427387920","512","Microsoft-Windows-OfflineFiles","95353826-4fbe-41d4-9c42-f521c6e86360","Microsoft-Windows-OfflineFiles/Operational","928","1040","rjaf-PC4429","S-1-5-18","8/30/2014 4:28:42 AM",,,"c:\users\mac_1\desktop\winevt\logs\microsoft-windows-offlinefiles%4operational.evtx","System.UInt32[]","System.Diagnostics.Eventing.Reader.EventBookmark","Information","Info",,"System.Collections.ObjectModel.ReadOnlyCollection`1[System.String]","System.Collections.Generic.List`1[System.Diagnostics.Eventing.Reader.EventProperty]"
"User logoff detected
Account: RJAF-PC4429\rjaf
Session: 1","8","0",,"4","0","0","4611686018427387912","511","Microsoft-Windows-OfflineFiles","95353826-4fbe-41d4-9c42-f521c6e86360","Microsoft-Windows-OfflineFiles/Operational","920","1144","rjaf-PC4429","S-1-5-18","8/29/2014 8:58:43 AM",,,"c:\users\mac_1\desktop\winevt\logs\microsoft-windows-offlinefiles%4operational.evtx","System.UInt32[]","System.Diagnostics.Eventing.Reader.EventBookmark","Information","Info",,"System.Collections.ObjectModel.ReadOnlyCollection`1[System.String]","System.Collections.Generic.List`1[System.Diagnostics.Eventing.Reader.EventProperty]"
"User logon detected
Account: RJAF-PC4429\rjaf
Session: 1","7","0",,"4","0","0","4611686018427387912","510","Microsoft-Windows-OfflineFiles","95353826-4fbe-41d4-9c42-f521c6e86360","Microsoft-Windows-OfflineFiles/Operational","920","940","rjaf-PC4429","S-1-5-18","8/29/2014 8:35:53 AM",,,"c:\users\mac_1\desktop\winevt\logs\microsoft-windows-offlinefiles%4operational.evtx","System.UInt32[]","System.Diagnostics.Eventing.Reader.EventBookmark","Information","Info",,"System.Collections.ObjectModel.ReadOnlyCollection`1[System.String]","System.Collections.Generic.List`1[System.Diagnostics.Eventing.Reader.EventProperty]"
"The Offline Files service started successfully.","1","0",,"4","0","0","4611686018427387920","509","Microsoft-Windows-OfflineFiles","95353826-4fbe-41d4-9c42-f521c6e86360","Microsoft-Windows-OfflineFiles/Operational","920","1044","rjaf-PC4429","S-1-5-18","8/29/2014 8:35:44 AM",,,"c:\users\mac_1\desktop\winevt\logs\microsoft-windows-offlinefiles%4operational.evtx","System.UInt32[]","System.Diagnostics.Eventing.Reader.EventBookmark","Information","Info",,"System.Collections.ObjectModel.ReadOnlyCollection`1[System.String]","System.Collections.Generic.List`1[System.Diagnostics.Eventing.Reader.EventProperty]"
"User logoff detected
Account: RJAF-PC4429\rjaf
Session: 1","8","0",,"4","0","0","4611686018427387912","508","Microsoft-Windows-OfflineFiles","95353826-4fbe-41d4-9c42-f521c6e86360","Microsoft-Windows-OfflineFiles/Operational","928","1748","rjaf-PC4429","S-1-5-18","8/29/2014 8:26:53 AM",,,"c:\users\mac_1\desktop\winevt\logs\microsoft-windows-offlinefiles%4operational.evtx","System.UInt32[]","System.Diagnostics.Eventing.Reader.EventBookmark","Information","Info",,"System.Collections.ObjectModel.ReadOnlyCollection`1[System.String]","System.Collections.Generic.List`1[System.Diagnostics.Eventing.Reader.EventProperty]"
"User logon detected
Account: RJAF-PC4429\rjaf
Session: 1","7","0",,"4","0","0","4611686018427387912","507","Microsoft-Windows-OfflineFiles","95353826-4fbe-41d4-9c42-f521c6e86360","Microsoft-Windows-OfflineFiles/Operational","928","1748","rjaf-PC4429","S-1-5-18","8/29/2014 8:20:01 AM",,,"c:\users\mac_1\desktop\winevt\logs\microsoft-windows-offlinefiles%4operational.evtx","System.UInt32[]","System.Diagnostics.Eventing.Reader.EventBookmark","Information","Info",,"System.Collections.ObjectModel.ReadOnlyCollection`1[System.String]","System.Collections.Generic.List`1[System.Diagnostics.Eventing.Reader.EventProperty]"
"The Offline Files service started successfully.","1","0",,"4","0","0","4611686018427387920","506","Microsoft-Windows-OfflineFiles","95353826-4fbe-41d4-9c42-f521c6e86360","Microsoft-Windows-OfflineFiles/Operational","928","1040","rjaf-PC4429","S-1-5-18","8/29/2014 8:17:45 AM",,,"c:\users\mac_1\desktop\winevt\logs\microsoft-windows-offlinefiles%4operational.evtx","System.UInt32[]","System.Diagnostics.Eventing.Reader.EventBookmark","Information","Info",,"System.Collections.ObjectModel.ReadOnlyCollection`1[System.String]","System.Collections.Generic.List`1[System.Diagnostics.Eventing.Reader.EventProperty]"
"User logon detected
Account: RJAF-PC4429\rjaf
Session: 1","7","0",,"4","0","0","4611686018427387912","505","Microsoft-Windows-OfflineFiles","95353826-4fbe-41d4-9c42-f521c6e86360","Microsoft-Windows-OfflineFiles/Operational","932","960","rjaf-PC4429","S-1-5-18","8/23/2014 11:08:50 PM",,,"c:\users\mac_1\desktop\winevt\logs\microsoft-windows-offlinefiles%4operational.evtx","System.UInt32[]","System.Diagnostics.Eventing.Reader.EventBookmark","Information","Info",,"System.Collections.ObjectModel.ReadOnlyCollection`1[System.String]","System.Collections.Generic.List`1[System.Diagnostics.Eventing.Reader.EventProperty]"
"The Offline Files service started successfully.","1","0",,"4","0","0","4611686018427387920","504","Microsoft-Windows-OfflineFiles","95353826-4fbe-41d4-9c42-f521c6e86360","Microsoft-Windows-OfflineFiles/Operational","932","1060","rjaf-PC4429","S-1-5-18","8/23/2014 11:08:43 PM",,,"c:\users\mac_1\desktop\winevt\logs\microsoft-windows-offlinefiles%4operational.evtx","System.UInt32[]","System.Diagnostics.Eventing.Reader.EventBookmark","Information","Info",,"System.Collections.ObjectModel.ReadOnlyCollection`1[System.String]","System.Collections.Generic.List`1[System.Diagnostics.Eventing.Reader.EventProperty]"
"User logoff detected
Account: RJAF-PC4429\rjaf
Session: 1","8","0",,"4","0","0","4611686018427387912","503","Microsoft-Windows-OfflineFiles","95353826-4fbe-41d4-9c42-f521c6e86360","Microsoft-Windows-OfflineFiles/Operational","908","3408","rjaf-PC4429","S-1-5-18","8/23/2014 4:12:44 AM",,,"c:\users\mac_1\desktop\winevt\logs\microsoft-windows-offlinefiles%4operational.evtx","System.UInt32[]","System.Diagnostics.Eventing.Reader.EventBookmark","Information","Info",,"System.Collections.ObjectModel.ReadOnlyCollection`1[System.String]","System.Collections.Generic.List`1[System.Diagnostics.Eventing.Reader.EventProperty]"
"User logon detected
Account: RJAF-PC4429\rjaf
Session: 1","7","0",,"4","0","0","4611686018427387912","502","Microsoft-Windows-OfflineFiles","95353826-4fbe-41d4-9c42-f521c6e86360","Microsoft-Windows-OfflineFiles/Operational","908","1088","rjaf-PC4429","S-1-5-18","8/23/2014 3:47:14 AM",,,"c:\users\mac_1\desktop\winevt\logs\microsoft-windows-offlinefiles%4operational.evtx","System.UInt32[]","System.Diagnostics.Eventing.Reader.EventBookmark","Information","Info",,"System.Collections.ObjectModel.ReadOnlyCollection`1[System.String]","System.Collections.Generic.List`1[System.Diagnostics.Eventing.Reader.EventProperty]"
"The Offline Files service started successfully.","1","0",,"4","0","0","4611686018427387920","501","Microsoft-Windows-OfflineFiles","95353826-4fbe-41d4-9c42-f521c6e86360","Microsoft-Windows-OfflineFiles/Operational","908","1044","rjaf-PC4429","S-1-5-18","8/23/2014 3:47:06 AM",,,"c:\users\mac_1\desktop\winevt\logs\microsoft-windows-offlinefiles%4operational.evtx","System.UInt32[]","System.Diagnostics.Eventing.Reader.EventBookmark","Information","Info",,"System.Collections.ObjectModel.ReadOnlyCollection`1[System.String]","System.Collections.Generic.List`1[System.Diagnostics.Eventing.Reader.EventProperty]"
"User logoff detected
Account: RJAF-PC4429\rjaf
Session: 1","8","0",,"4","0","0","4611686018427387912","500","Microsoft-Windows-OfflineFiles","95353826-4fbe-41d4-9c42-f521c6e86360","Microsoft-Windows-OfflineFiles/Operational","920","960","rjaf-PC4429","S-1-5-18","8/23/2014 3:32:32 AM",,,"c:\users\mac_1\desktop\winevt\logs\microsoft-windows-offlinefiles%4operational.evtx","System.UInt32[]","System.Diagnostics.Eventing.Reader.EventBookmark","Information","Info",,"System.Collections.ObjectModel.ReadOnlyCollection`1[System.String]","System.Collections.Generic.List`1[System.Diagnostics.Eventing.Reader.EventProperty]"
"User logon detected
Account: RJAF-PC4429\rjaf
Session: 1","7","0",,"4","0","0","4611686018427387912","499","Microsoft-Windows-OfflineFiles","95353826-4fbe-41d4-9c42-f521c6e86360","Microsoft-Windows-OfflineFiles/Operational","920","956","rjaf-PC4429","S-1-5-18","8/23/2014 3:10:26 AM",,,"c:\users\mac_1\desktop\winevt\logs\microsoft-windows-offlinefiles%4operational.evtx","System.UInt32[]","System.Diagnostics.Eventing.Reader.EventBookmark","Information","Info",,"System.Collections.ObjectModel.ReadOnlyCollection`1[System.String]","System.Collections.Generic.List`1[System.Diagnostics.Eventing.Reader.EventProperty]"
"The Offline Files service started successfully.","1","0",,"4","0","0","4611686018427387920","498","Microsoft-Windows-OfflineFiles","95353826-4fbe-41d4-9c42-f521c6e86360","Microsoft-Windows-OfflineFiles/Operational","920","1052","rjaf-PC4429","S-1-5-18","8/23/2014 3:10:16 AM",,,"c:\users\mac_1\desktop\winevt\logs\microsoft-windows-offlinefiles%4operational.evtx","System.UInt32[]","System.Diagnostics.Eventing.Reader.EventBookmark","Information","Info",,"System.Collections.ObjectModel.ReadOnlyCollection`1[System.String]","System.Collections.Generic.List`1[System.Diagnostics.Eventing.Reader.EventProperty]"
"User logoff detected
Account: RJAF-PC4429\rjaf
Session: 1","8","0",,"4","0","0","4611686018427387912","497","Microsoft-Windows-OfflineFiles","95353826-4fbe-41d4-9c42-f521c6e86360","Microsoft-Windows-OfflineFiles/Operational","920","956","rjaf-PC4429","S-1-5-18","8/23/2014 2:11:54 AM",,,"c:\users\mac_1\desktop\winevt\logs\microsoft-windows-offlinefiles%4operational.evtx","System.UInt32[]","System.Diagnostics.Eventing.Reader.EventBookmark","Information","Info",,"System.Collections.ObjectModel.ReadOnlyCollection`1[System.String]","System.Collections.Generic.List`1[System.Diagnostics.Eventing.Reader.EventProperty]"
"User logon detected
Account: RJAF-PC4429\rjaf
Session: 1","7","0",,"4","0","0","4611686018427387912","496","Microsoft-Windows-OfflineFiles","95353826-4fbe-41d4-9c42-f521c6e86360","Microsoft-Windows-OfflineFiles/Operational","920","948","rjaf-PC4429","S-1-5-18","8/23/2014 1:58:36 AM",,,"c:\users\mac_1\desktop\winevt\logs\microsoft-windows-offlinefiles%4operational.evtx","System.UInt32[]","System.Diagnostics.Eventing.Reader.EventBookmark","Information","Info",,"System.Collections.ObjectModel.ReadOnlyCollection`1[System.String]","System.Collections.Generic.List`1[System.Diagnostics.Eventing.Reader.EventProperty]"
"The Offline Files service started successfully.","1","0",,"4","0","0","4611686018427387920","495","Microsoft-Windows-OfflineFiles","95353826-4fbe-41d4-9c42-f521c6e86360","Microsoft-Windows-OfflineFiles/Operational","920","1056","rjaf-PC4429","S-1-5-18","8/23/2014 1:58:25 AM",,,"c:\users\mac_1\desktop\winevt\logs\microsoft-windows-offlinefiles%4operational.evtx","System.UInt32[]","System.Diagnostics.Eventing.Reader.EventBookmark","Information","Info",,"System.Collections.ObjectModel.ReadOnlyCollection`1[System.String]","System.Collections.Generic.List`1[System.Diagnostics.Eventing.Reader.EventProperty]"
"User logoff detected
Account: RJAF-PC4429\rjaf
Session: 1","8","0",,"4","0","0","4611686018427387912","494","Microsoft-Windows-OfflineFiles","95353826-4fbe-41d4-9c42-f521c6e86360","Microsoft-Windows-OfflineFiles/Operational","928","2716","rjaf-PC4429","S-1-5-18","8/22/2014 8:26:08 AM",,,"c:\users\mac_1\desktop\winevt\logs\microsoft-windows-offlinefiles%4operational.evtx","System.UInt32[]","System.Diagnostics.Eventing.Reader.EventBookmark","Information","Info",,"System.Collections.ObjectModel.ReadOnlyCollection`1[System.String]","System.Collections.Generic.List`1[System.Diagnostics.Eventing.Reader.EventProperty]"
"User logon detected
Account: RJAF-PC4429\rjaf
Session: 1","7","0",,"4","0","0","4611686018427387912","493","Microsoft-Windows-OfflineFiles","95353826-4fbe-41d4-9c42-f521c6e86360","Microsoft-Windows-OfflineFiles/Operational","928","976","rjaf-PC4429","S-1-5-18","8/22/2014 7:47:29 AM",,,"c:\users\mac_1\desktop\winevt\logs\microsoft-windows-offlinefiles%4operational.evtx","System.UInt32[]","System.Diagnostics.Eventing.Reader.EventBookmark","Information","Info",,"System.Collections.ObjectModel.ReadOnlyCollection`1[System.String]","System.Collections.Generic.List`1[System.Diagnostics.Eventing.Reader.EventProperty]"
"The Offline Files service started successfully.","1","0",,"4","0","0","4611686018427387920","492","Microsoft-Windows-OfflineFiles","95353826-4fbe-41d4-9c42-f521c6e86360","Microsoft-Windows-OfflineFiles/Operational","928","1068","rjaf-PC4429","S-1-5-18","8/22/2014 7:47:20 AM",,,"c:\users\mac_1\desktop\winevt\logs\microsoft-windows-offlinefiles%4operational.evtx","System.UInt32[]","System.Diagnostics.Eventing.Reader.EventBookmark","Information","Info",,"System.Collections.ObjectModel.ReadOnlyCollection`1[System.String]","System.Collections.Generic.List`1[System.Diagnostics.Eventing.Reader.EventProperty]"
"User logoff detected
Account: RJAF-PC4429\rjaf
Session: 1","8","0",,"4","0","0","4611686018427387912","491","Microsoft-Windows-OfflineFiles","95353826-4fbe-41d4-9c42-f521c6e86360","Microsoft-Windows-OfflineFiles/Operational","932","2388","rjaf-PC4429","S-1-5-18","8/22/2014 5:11:55 AM",,,"c:\users\mac_1\desktop\winevt\logs\microsoft-windows-offlinefiles%4operational.evtx","System.UInt32[]","System.Diagnostics.Eventing.Reader.EventBookmark","Information","Info",,"System.Collections.ObjectModel.ReadOnlyCollection`1[System.String]","System.Collections.Generic.List`1[System.Diagnostics.Eventing.Reader.EventProperty]"
