"The BITS service loaded the job list from disk.","306","0",,"5","0","0","4611686018427387904","10570","Microsoft-Windows-Bits-Client","ef1cc15b-46c1-414e-bb95-e76b077bd51e","Microsoft-Windows-Bits-Client/Operational","1324","1708","rjaf-PC4429","S-1-5-18","6/30/2015 4:00:21 AM",,,"c:\users\mac_1\desktop\winevt\logs\microsoft-windows-bits-client%4operational.evtx","System.UInt32[]","System.Diagnostics.Eventing.Reader.EventBookmark","Verbose","Info",,"System.Collections.ObjectModel.ReadOnlyCollection`1[System.String]","System.Collections.Generic.List`1[System.Diagnostics.Eventing.Reader.EventProperty]"
"The BITS service loaded the job list from disk.","306","0",,"5","0","0","4611686018427387904","10569","Microsoft-Windows-Bits-Client","ef1cc15b-46c1-414e-bb95-e76b077bd51e","Microsoft-Windows-Bits-Client/Operational","1448","3256","rjaf-PC4429","S-1-5-18","6/28/2015 1:31:42 PM",,,"c:\users\mac_1\desktop\winevt\logs\microsoft-windows-bits-client%4operational.evtx","System.UInt32[]","System.Diagnostics.Eventing.Reader.EventBookmark","Verbose","Info",,"System.Collections.ObjectModel.ReadOnlyCollection`1[System.String]","System.Collections.Generic.List`1[System.Diagnostics.Eventing.Reader.EventProperty]"
"Job cancelled. User: RJAF-PC4429\rjaf, job: {AC76BA86-7AD7-1033-7B44-A95000000001}, jobID: {3DBCB4C1-4D9E-47BF-9FCD-476D89297EDA}, owner: RJAF-PC4429\rjaf, filecount: 1","5","0",,"4","0","0","4611686018427387904","10568","Microsoft-Windows-Bits-Client","ef1cc15b-46c1-414e-bb95-e76b077bd51e","Microsoft-Windows-Bits-Client/Operational","1272","1560","rjaf-PC4429","S-1-5-21-1634558665-2257203147-3060767804-1000","6/28/2015 2:30:00 AM",,,"c:\users\mac_1\desktop\winevt\logs\microsoft-windows-bits-client%4operational.evtx","System.UInt32[]","System.Diagnostics.Eventing.Reader.EventBookmark","Information","Info",,"System.Collections.ObjectModel.ReadOnlyCollection`1[System.String]","System.Collections.Generic.List`1[System.Diagnostics.Eventing.Reader.EventProperty]"
"The BITS service provided job credentials in response to the UNIDENTIFIED authentication challenge from the 10.10.1.1:8080 server for the {AC76BA86-7AD7-1033-7B44-A95000000001} transfer job that is associated with the following URL: /arm-manifests/win/Upgrade/1033/LatestReaderManifest.msi.
 The credentials for the S-1-5-21-1634558665-2257203147-3060767804-1000 user were rejected.","204","1",,"2","0","0","4611686018427387904","10567","Microsoft-Windows-Bits-Client","ef1cc15b-46c1-414e-bb95-e76b077bd51e","Microsoft-Windows-Bits-Client/Operational","1272","1560","rjaf-PC4429","S-1-5-21-1634558665-2257203147-3060767804-1000","6/28/2015 2:29:59 AM",,,"c:\users\mac_1\desktop\winevt\logs\microsoft-windows-bits-client%4operational.evtx","System.UInt32[]","System.Diagnostics.Eventing.Reader.EventBookmark","Error","Info",,"System.Collections.ObjectModel.ReadOnlyCollection`1[System.String]","System.Collections.Generic.List`1[System.Diagnostics.Eventing.Reader.EventProperty]"
"The BITS service created a new job: {AC76BA86-7AD7-1033-7B44-A95000000001}, with owner RJAF-PC4429\rjaf","3","0",,"4","0","0","4611686018427387904","10566","Microsoft-Windows-Bits-Client","ef1cc15b-46c1-414e-bb95-e76b077bd51e","Microsoft-Windows-Bits-Client/Operational","1272","1560","rjaf-PC4429","S-1-5-18","6/28/2015 2:29:59 AM",,,"c:\users\mac_1\desktop\winevt\logs\microsoft-windows-bits-client%4operational.evtx","System.UInt32[]","System.Diagnostics.Eventing.Reader.EventBookmark","Information","Info",,"System.Collections.ObjectModel.ReadOnlyCollection`1[System.String]","System.Collections.Generic.List`1[System.Diagnostics.Eventing.Reader.EventProperty]"
"Job cancelled. User: RJAF-PC4429\rjaf, job: {AC76BA86-7AD7-1033-7B44-A95000000001}, jobID: {05E94724-8D45-45D5-BCB7-C8E086FE0DBA}, owner: RJAF-PC4429\rjaf, filecount: 1","5","0",,"4","0","0","4611686018427387904","10565","Microsoft-Windows-Bits-Client","ef1cc15b-46c1-414e-bb95-e76b077bd51e","Microsoft-Windows-Bits-Client/Operational","1272","1560","rjaf-PC4429","S-1-5-21-1634558665-2257203147-3060767804-1000","6/28/2015 2:29:57 AM",,,"c:\users\mac_1\desktop\winevt\logs\microsoft-windows-bits-client%4operational.evtx","System.UInt32[]","System.Diagnostics.Eventing.Reader.EventBookmark","Information","Info",,"System.Collections.ObjectModel.ReadOnlyCollection`1[System.String]","System.Collections.Generic.List`1[System.Diagnostics.Eventing.Reader.EventProperty]"
"The BITS service provided job credentials in response to the UNIDENTIFIED authentication challenge from the 10.10.1.1:8080 server for the {AC76BA86-7AD7-1033-7B44-A95000000001} transfer job that is associated with the following URL: /arm-manifests/win/Reader9Manifest.msi.
 The credentials for the S-1-5-21-1634558665-2257203147-3060767804-1000 user were rejected.","204","1",,"2","0","0","4611686018427387904","10564","Microsoft-Windows-Bits-Client","ef1cc15b-46c1-414e-bb95-e76b077bd51e","Microsoft-Windows-Bits-Client/Operational","1272","1908","rjaf-PC4429","S-1-5-21-1634558665-2257203147-3060767804-1000","6/28/2015 2:29:57 AM",,,"c:\users\mac_1\desktop\winevt\logs\microsoft-windows-bits-client%4operational.evtx","System.UInt32[]","System.Diagnostics.Eventing.Reader.EventBookmark","Error","Info",,"System.Collections.ObjectModel.ReadOnlyCollection`1[System.String]","System.Collections.Generic.List`1[System.Diagnostics.Eventing.Reader.EventProperty]"
"The BITS service created a new job: {AC76BA86-7AD7-1033-7B44-A95000000001}, with owner RJAF-PC4429\rjaf","3","0",,"4","0","0","4611686018427387904","10563","Microsoft-Windows-Bits-Client","ef1cc15b-46c1-414e-bb95-e76b077bd51e","Microsoft-Windows-Bits-Client/Operational","1272","3780","rjaf-PC4429","S-1-5-18","6/28/2015 2:29:47 AM",,,"c:\users\mac_1\desktop\winevt\logs\microsoft-windows-bits-client%4operational.evtx","System.UInt32[]","System.Diagnostics.Eventing.Reader.EventBookmark","Information","Info",,"System.Collections.ObjectModel.ReadOnlyCollection`1[System.String]","System.Collections.Generic.List`1[System.Diagnostics.Eventing.Reader.EventProperty]"
"The BITS service loaded the job list from disk.","306","0",,"5","0","0","4611686018427387904","10562","Microsoft-Windows-Bits-Client","ef1cc15b-46c1-414e-bb95-e76b077bd51e","Microsoft-Windows-Bits-Client/Operational","1272","3688","rjaf-PC4429","S-1-5-18","6/28/2015 2:29:47 AM",,,"c:\users\mac_1\desktop\winevt\logs\microsoft-windows-bits-client%4operational.evtx","System.UInt32[]","System.Diagnostics.Eventing.Reader.EventBookmark","Verbose","Info",,"System.Collections.ObjectModel.ReadOnlyCollection`1[System.String]","System.Collections.Generic.List`1[System.Diagnostics.Eventing.Reader.EventProperty]"
"Job cancelled. User: RJAF-PC4429\rjaf, job: {AC76BA86-7AD7-1033-7B44-A95000000001}, jobID: {50A70D31-4ED8-4004-81AD-EFB8075A21E1}, owner: RJAF-PC4429\rjaf, filecount: 1","5","0",,"4","0","0","4611686018427387904","10561","Microsoft-Windows-Bits-Client","ef1cc15b-46c1-414e-bb95-e76b077bd51e","Microsoft-Windows-Bits-Client/Operational","1368","5236","rjaf-PC4429","S-1-5-21-1634558665-2257203147-3060767804-1000","6/25/2015 1:19:16 PM",,,"c:\users\mac_1\desktop\winevt\logs\microsoft-windows-bits-client%4operational.evtx","System.UInt32[]","System.Diagnostics.Eventing.Reader.EventBookmark","Information","Info",,"System.Collections.ObjectModel.ReadOnlyCollection`1[System.String]","System.Collections.Generic.List`1[System.Diagnostics.Eventing.Reader.EventProperty]"
"The BITS service provided job credentials in response to the UNIDENTIFIED authentication challenge from the 10.10.1.1:8080 server for the {AC76BA86-7AD7-1033-7B44-A95000000001} transfer job that is associated with the following URL: /arm-manifests/win/Upgrade/1033/LatestReaderManifest.msi.
 The credentials for the S-1-5-21-1634558665-2257203147-3060767804-1000 user were rejected.","204","1",,"2","0","0","4611686018427387904","10560","Microsoft-Windows-Bits-Client","ef1cc15b-46c1-414e-bb95-e76b077bd51e","Microsoft-Windows-Bits-Client/Operational","1368","5236","rjaf-PC4429","S-1-5-21-1634558665-2257203147-3060767804-1000","6/25/2015 1:19:16 PM",,,"c:\users\mac_1\desktop\winevt\logs\microsoft-windows-bits-client%4operational.evtx","System.UInt32[]","System.Diagnostics.Eventing.Reader.EventBookmark","Error","Info",,"System.Collections.ObjectModel.ReadOnlyCollection`1[System.String]","System.Collections.Generic.List`1[System.Diagnostics.Eventing.Reader.EventProperty]"
"The BITS service created a new job: {AC76BA86-7AD7-1033-7B44-A95000000001}, with owner RJAF-PC4429\rjaf","3","0",,"4","0","0","4611686018427387904","10559","Microsoft-Windows-Bits-Client","ef1cc15b-46c1-414e-bb95-e76b077bd51e","Microsoft-Windows-Bits-Client/Operational","1368","5236","rjaf-PC4429","S-1-5-18","6/25/2015 1:19:15 PM",,,"c:\users\mac_1\desktop\winevt\logs\microsoft-windows-bits-client%4operational.evtx","System.UInt32[]","System.Diagnostics.Eventing.Reader.EventBookmark","Information","Info",,"System.Collections.ObjectModel.ReadOnlyCollection`1[System.String]","System.Collections.Generic.List`1[System.Diagnostics.Eventing.Reader.EventProperty]"
"Job cancelled. User: RJAF-PC4429\rjaf, job: {AC76BA86-7AD7-1033-7B44-A95000000001}, jobID: {4AFF8C90-A651-46D7-91FF-DDE371758B50}, owner: RJAF-PC4429\rjaf, filecount: 1","5","0",,"4","0","0","4611686018427387904","10558","Microsoft-Windows-Bits-Client","ef1cc15b-46c1-414e-bb95-e76b077bd51e","Microsoft-Windows-Bits-Client/Operational","1368","5236","rjaf-PC4429","S-1-5-21-1634558665-2257203147-3060767804-1000","6/25/2015 1:19:14 PM",,,"c:\users\mac_1\desktop\winevt\logs\microsoft-windows-bits-client%4operational.evtx","System.UInt32[]","System.Diagnostics.Eventing.Reader.EventBookmark","Information","Info",,"System.Collections.ObjectModel.ReadOnlyCollection`1[System.String]","System.Collections.Generic.List`1[System.Diagnostics.Eventing.Reader.EventProperty]"
"The BITS service provided job credentials in response to the UNIDENTIFIED authentication challenge from the 10.10.1.1:8080 server for the {AC76BA86-7AD7-1033-7B44-A95000000001} transfer job that is associated with the following URL: /arm-manifests/win/Reader9Manifest.msi.
 The credentials for the S-1-5-21-1634558665-2257203147-3060767804-1000 user were rejected.","204","1",,"2","0","0","4611686018427387904","10557","Microsoft-Windows-Bits-Client","ef1cc15b-46c1-414e-bb95-e76b077bd51e","Microsoft-Windows-Bits-Client/Operational","1368","5576","rjaf-PC4429","S-1-5-21-1634558665-2257203147-3060767804-1000","6/25/2015 1:19:14 PM",,,"c:\users\mac_1\desktop\winevt\logs\microsoft-windows-bits-client%4operational.evtx","System.UInt32[]","System.Diagnostics.Eventing.Reader.EventBookmark","Error","Info",,"System.Collections.ObjectModel.ReadOnlyCollection`1[System.String]","System.Collections.Generic.List`1[System.Diagnostics.Eventing.Reader.EventProperty]"
"The BITS service created a new job: {AC76BA86-7AD7-1033-7B44-A95000000001}, with owner RJAF-PC4429\rjaf","3","0",,"4","0","0","4611686018427387904","10556","Microsoft-Windows-Bits-Client","ef1cc15b-46c1-414e-bb95-e76b077bd51e","Microsoft-Windows-Bits-Client/Operational","1368","5236","rjaf-PC4429","S-1-5-18","6/25/2015 1:19:14 PM",,,"c:\users\mac_1\desktop\winevt\logs\microsoft-windows-bits-client%4operational.evtx","System.UInt32[]","System.Diagnostics.Eventing.Reader.EventBookmark","Information","Info",,"System.Collections.ObjectModel.ReadOnlyCollection`1[System.String]","System.Collections.Generic.List`1[System.Diagnostics.Eventing.Reader.EventProperty]"
"Job cancelled. User: RJAF-PC4429\rjaf, job: {AC76BA86-7AD7-1033-7B44-A95000000001}, jobID: {680929D4-8579-46F5-BF21-DAA0C9E3F487}, owner: RJAF-PC4429\rjaf, filecount: 1","5","0",,"4","0","0","4611686018427387904","10555","Microsoft-Windows-Bits-Client","ef1cc15b-46c1-414e-bb95-e76b077bd51e","Microsoft-Windows-Bits-Client/Operational","1368","1388","rjaf-PC4429","S-1-5-21-1634558665-2257203147-3060767804-1000","6/25/2015 11:13:12 AM",,,"c:\users\mac_1\desktop\winevt\logs\microsoft-windows-bits-client%4operational.evtx","System.UInt32[]","System.Diagnostics.Eventing.Reader.EventBookmark","Information","Info",,"System.Collections.ObjectModel.ReadOnlyCollection`1[System.String]","System.Collections.Generic.List`1[System.Diagnostics.Eventing.Reader.EventProperty]"
"The BITS service provided job credentials in response to the UNIDENTIFIED authentication challenge from the 10.10.1.1:8080 server for the {AC76BA86-7AD7-1033-7B44-A95000000001} transfer job that is associated with the following URL: /arm-manifests/win/Upgrade/1033/LatestReaderManifest.msi.
 The credentials for the S-1-5-21-1634558665-2257203147-3060767804-1000 user were rejected.","204","1",,"2","0","0","4611686018427387904","10554","Microsoft-Windows-Bits-Client","ef1cc15b-46c1-414e-bb95-e76b077bd51e","Microsoft-Windows-Bits-Client/Operational","1368","1388","rjaf-PC4429","S-1-5-21-1634558665-2257203147-3060767804-1000","6/25/2015 11:13:12 AM",,,"c:\users\mac_1\desktop\winevt\logs\microsoft-windows-bits-client%4operational.evtx","System.UInt32[]","System.Diagnostics.Eventing.Reader.EventBookmark","Error","Info",,"System.Collections.ObjectModel.ReadOnlyCollection`1[System.String]","System.Collections.Generic.List`1[System.Diagnostics.Eventing.Reader.EventProperty]"
"The BITS service created a new job: {AC76BA86-7AD7-1033-7B44-A95000000001}, with owner RJAF-PC4429\rjaf","3","0",,"4","0","0","4611686018427387904","10553","Microsoft-Windows-Bits-Client","ef1cc15b-46c1-414e-bb95-e76b077bd51e","Microsoft-Windows-Bits-Client/Operational","1368","1388","rjaf-PC4429","S-1-5-18","6/25/2015 11:13:12 AM",,,"c:\users\mac_1\desktop\winevt\logs\microsoft-windows-bits-client%4operational.evtx","System.UInt32[]","System.Diagnostics.Eventing.Reader.EventBookmark","Information","Info",,"System.Collections.ObjectModel.ReadOnlyCollection`1[System.String]","System.Collections.Generic.List`1[System.Diagnostics.Eventing.Reader.EventProperty]"
"Job cancelled. User: RJAF-PC4429\rjaf, job: {AC76BA86-7AD7-1033-7B44-A95000000001}, jobID: {3AB180D8-B68F-4F6D-9632-34FFF5B1CAF2}, owner: RJAF-PC4429\rjaf, filecount: 1","5","0",,"4","0","0","4611686018427387904","10552","Microsoft-Windows-Bits-Client","ef1cc15b-46c1-414e-bb95-e76b077bd51e","Microsoft-Windows-Bits-Client/Operational","1368","1388","rjaf-PC4429","S-1-5-21-1634558665-2257203147-3060767804-1000","6/25/2015 11:13:09 AM",,,"c:\users\mac_1\desktop\winevt\logs\microsoft-windows-bits-client%4operational.evtx","System.UInt32[]","System.Diagnostics.Eventing.Reader.EventBookmark","Information","Info",,"System.Collections.ObjectModel.ReadOnlyCollection`1[System.String]","System.Collections.Generic.List`1[System.Diagnostics.Eventing.Reader.EventProperty]"
"The BITS service provided job credentials in response to the UNIDENTIFIED authentication challenge from the 10.10.1.1:8080 server for the {AC76BA86-7AD7-1033-7B44-A95000000001} transfer job that is associated with the following URL: /arm-manifests/win/Reader9Manifest.msi.
 The credentials for the S-1-5-21-1634558665-2257203147-3060767804-1000 user were rejected.","204","1",,"2","0","0","4611686018427387904","10551","Microsoft-Windows-Bits-Client","ef1cc15b-46c1-414e-bb95-e76b077bd51e","Microsoft-Windows-Bits-Client/Operational","1368","1388","rjaf-PC4429","S-1-5-21-1634558665-2257203147-3060767804-1000","6/25/2015 11:13:09 AM",,,"c:\users\mac_1\desktop\winevt\logs\microsoft-windows-bits-client%4operational.evtx","System.UInt32[]","System.Diagnostics.Eventing.Reader.EventBookmark","Error","Info",,"System.Collections.ObjectModel.ReadOnlyCollection`1[System.String]","System.Collections.Generic.List`1[System.Diagnostics.Eventing.Reader.EventProperty]"
"The BITS service created a new job: {AC76BA86-7AD7-1033-7B44-A95000000001}, with owner RJAF-PC4429\rjaf","3","0",,"4","0","0","4611686018427387904","10550","Microsoft-Windows-Bits-Client","ef1cc15b-46c1-414e-bb95-e76b077bd51e","Microsoft-Windows-Bits-Client/Operational","1368","1504","rjaf-PC4429","S-1-5-18","6/25/2015 11:12:59 AM",,,"c:\users\mac_1\desktop\winevt\logs\microsoft-windows-bits-client%4operational.evtx","System.UInt32[]","System.Diagnostics.Eventing.Reader.EventBookmark","Information","Info",,"System.Collections.ObjectModel.ReadOnlyCollection`1[System.String]","System.Collections.Generic.List`1[System.Diagnostics.Eventing.Reader.EventProperty]"
"The BITS service loaded the job list from disk.","306","0",,"5","0","0","4611686018427387904","10549","Microsoft-Windows-Bits-Client","ef1cc15b-46c1-414e-bb95-e76b077bd51e","Microsoft-Windows-Bits-Client/Operational","1368","3580","rjaf-PC4429","S-1-5-18","6/25/2015 11:12:59 AM",,,"c:\users\mac_1\desktop\winevt\logs\microsoft-windows-bits-client%4operational.evtx","System.UInt32[]","System.Diagnostics.Eventing.Reader.EventBookmark","Verbose","Info",,"System.Collections.ObjectModel.ReadOnlyCollection`1[System.String]","System.Collections.Generic.List`1[System.Diagnostics.Eventing.Reader.EventProperty]"
"Job cancelled. User: RJAF-PC4429\rjaf, job: {AC76BA86-7AD7-1033-7B44-A95000000001}, jobID: {72F70FE6-6CCD-4EA7-851E-770857BD4303}, owner: RJAF-PC4429\rjaf, filecount: 1","5","0",,"4","0","0","4611686018427387904","10548","Microsoft-Windows-Bits-Client","ef1cc15b-46c1-414e-bb95-e76b077bd51e","Microsoft-Windows-Bits-Client/Operational","1376","352","rjaf-PC4429","S-1-5-21-1634558665-2257203147-3060767804-1000","6/24/2015 11:54:40 AM",,,"c:\users\mac_1\desktop\winevt\logs\microsoft-windows-bits-client%4operational.evtx","System.UInt32[]","System.Diagnostics.Eventing.Reader.EventBookmark","Information","Info",,"System.Collections.ObjectModel.ReadOnlyCollection`1[System.String]","System.Collections.Generic.List`1[System.Diagnostics.Eventing.Reader.EventProperty]"
"The BITS service provided job credentials in response to the UNIDENTIFIED authentication challenge from the 10.10.1.1:8080 server for the {AC76BA86-7AD7-1033-7B44-A95000000001} transfer job that is associated with the following URL: /arm-manifests/win/Reader9Manifest.msi.
 The credentials for the S-1-5-21-1634558665-2257203147-3060767804-1000 user were rejected.","204","1",,"2","0","0","4611686018427387904","10547","Microsoft-Windows-Bits-Client","ef1cc15b-46c1-414e-bb95-e76b077bd51e","Microsoft-Windows-Bits-Client/Operational","1376","352","rjaf-PC4429","S-1-5-21-1634558665-2257203147-3060767804-1000","6/24/2015 11:54:40 AM",,,"c:\users\mac_1\desktop\winevt\logs\microsoft-windows-bits-client%4operational.evtx","System.UInt32[]","System.Diagnostics.Eventing.Reader.EventBookmark","Error","Info",,"System.Collections.ObjectModel.ReadOnlyCollection`1[System.String]","System.Collections.Generic.List`1[System.Diagnostics.Eventing.Reader.EventProperty]"
"The BITS service created a new job: {AC76BA86-7AD7-1033-7B44-A95000000001}, with owner RJAF-PC4429\rjaf","3","0",,"4","0","0","4611686018427387904","10546","Microsoft-Windows-Bits-Client","ef1cc15b-46c1-414e-bb95-e76b077bd51e","Microsoft-Windows-Bits-Client/Operational","1376","352","rjaf-PC4429","S-1-5-18","6/24/2015 11:54:30 AM",,,"c:\users\mac_1\desktop\winevt\logs\microsoft-windows-bits-client%4operational.evtx","System.UInt32[]","System.Diagnostics.Eventing.Reader.EventBookmark","Information","Info",,"System.Collections.ObjectModel.ReadOnlyCollection`1[System.String]","System.Collections.Generic.List`1[System.Diagnostics.Eventing.Reader.EventProperty]"
"The BITS service loaded the job list from disk.","306","0",,"5","0","0","4611686018427387904","10545","Microsoft-Windows-Bits-Client","ef1cc15b-46c1-414e-bb95-e76b077bd51e","Microsoft-Windows-Bits-Client/Operational","1376","3548","rjaf-PC4429","S-1-5-18","6/24/2015 11:54:30 AM",,,"c:\users\mac_1\desktop\winevt\logs\microsoft-windows-bits-client%4operational.evtx","System.UInt32[]","System.Diagnostics.Eventing.Reader.EventBookmark","Verbose","Info",,"System.Collections.ObjectModel.ReadOnlyCollection`1[System.String]","System.Collections.Generic.List`1[System.Diagnostics.Eventing.Reader.EventProperty]"
"Job cancelled. User: RJAF-PC4429\rjaf, job: C:\Users\rjaf\AppData\Local\Temp\{E7FB0DCA-2E8B-4117-A572-8A79DF4CD110}-43.0.2357.130_43.0.2357.124_chrome_updater.exe, jobID: {1AF2E0CB-3D50-42CD-8B90-5FCC61DA7C1F}, owner: RJAF-PC4429\rjaf, filecount: 1","5","0",,"4","0","0","4611686018427387904","10544","Microsoft-Windows-Bits-Client","ef1cc15b-46c1-414e-bb95-e76b077bd51e","Microsoft-Windows-Bits-Client/Operational","1260","4988","rjaf-PC4429","S-1-5-21-1634558665-2257203147-3060767804-1000","6/22/2015 1:11:02 PM",,,"c:\users\mac_1\desktop\winevt\logs\microsoft-windows-bits-client%4operational.evtx","System.UInt32[]","System.Diagnostics.Eventing.Reader.EventBookmark","Information","Info",,"System.Collections.ObjectModel.ReadOnlyCollection`1[System.String]","System.Collections.Generic.List`1[System.Diagnostics.Eventing.Reader.EventProperty]"
"BITS stopped transferring the C:\Users\rjaf\AppData\Local\Temp\{E7FB0DCA-2E8B-4117-A572-8A79DF4CD110}-43.0.2357.130_43.0.2357.124_chrome_updater.exe transfer job that is associated with the http://r2---sn-q5h5h5m-5hhe.gvt1.com/7A3B678A-793B-413F-8AD0-A678A9E56C18/ForceRequestingFullContent/7A3B678A-793B-413F-8AD0-A678A9E56C18/edgedl/chrome/win/43.0.2357.130_43.0.2357.124_chrome_updater.exe?cms_redirect=yes&expire=1435018274&ip=82.212.98.4&ipbits=0&mm=28&mn=sn-q5h5h5m-5hhe&ms=nvh&mt=1435003589&mv=u&pl=23&shardbypass=yes&sparams=expire,ip,ipbits,mm,mn,ms,mv,pl,shardbypass&signature=2E9278FB3609F02FBB26EF401CBBAF1DDCF20788.6975E16EFA7995B7E021366513F412454E4A6F65&key=cms1 URL. The status code is 0x80200013.","61","1",,"3","0","2","4611686018427387904","10543","Microsoft-Windows-Bits-Client","ef1cc15b-46c1-414e-bb95-e76b077bd51e","Microsoft-Windows-Bits-Client/Operational","1260","3912","rjaf-PC4429","S-1-5-18","6/22/2015 1:11:01 PM","ec84cadb-d5b5-4b7a-ae52-a1b1f88fd7fe",,"c:\users\mac_1\desktop\winevt\logs\microsoft-windows-bits-client%4operational.evtx","System.UInt32[]","System.Diagnostics.Eventing.Reader.EventBookmark","Warning","Stop",,"System.Collections.ObjectModel.ReadOnlyCollection`1[System.String]","System.Collections.Generic.List`1[System.Diagnostics.Eventing.Reader.EventProperty]"
"While transferring C:\Users\rjaf\AppData\Local\Temp\{E7FB0DCA-2E8B-4117-A572-8A79DF4CD110}-43.0.2357.130_43.0.2357.124_chrome_updater.exe, BITS encountered error 0x80200013 using 10.10.1.1:8080 as the HTTP proxy server.  The web server or proxy server does not support an HTTP feature required by BITS.  This problem can only be corrected by the administrator of the web server or proxy server.  Details: {job: C:\Users\rjaf\AppData\Local\Temp\{E7FB0DCA-2E8B-4117-A572-8A79DF4CD110}-43.0.2357.130_43.0.2357.124_chrome_updater.exe}, {owner: RJAF-PC4429\rjaf}, {jobId: {1AF2E0CB-3D50-42CD-8B90-5FCC61DA7C1F}}, {url: /7A3B678A-793B-413F-8AD0-A678A9E56C18/ForceRequestingFullContent/7A3B678A-793B-413F-8AD0-A678A9E56C18/edgedl/chrome/win/43.0.2357.130_43.0.2357.124_chrome_updater.exe?cms_redirect=yes&expire=1435018274&ip=82.212.98.4&ipbits=0&mm=28&mn=sn-q5h5h5m-5hhe&ms=nvh&mt=1435003589&mv=u&pl=23&shardbypass=yes&sparams=expire,ip,ipbits,mm,mn,ms,mv,pl,shardbypass&signature=2E9278FB3609F02FBB26EF401CBBAF1DDCF20788.6975E16EFA7995B7E021366513F412454E4A6F65&key=cms1}, {xferId: {EC84CADB-D5B5-4B7A-AE52-A1B1F88FD7FE}}, {proxyServer: 10.10.1.1:8080}, {hr: 0x80200013}, {urlContentLength: 1063504}, {urlHttpVersion: HTTP/1.1}, {urlRange: }","202","0",,"2","0","0","4611686018427387904","10542","Microsoft-Windows-Bits-Client","ef1cc15b-46c1-414e-bb95-e76b077bd51e","Microsoft-Windows-Bits-Client/Operational","1260","4988","rjaf-PC4429","S-1-5-21-1634558665-2257203147-3060767804-1000","6/22/2015 1:11:01 PM","ec84cadb-d5b5-4b7a-ae52-a1b1f88fd7fe",,"c:\users\mac_1\desktop\winevt\logs\microsoft-windows-bits-client%4operational.evtx","System.UInt32[]","System.Diagnostics.Eventing.Reader.EventBookmark","Error","Info",,"System.Collections.ObjectModel.ReadOnlyCollection`1[System.String]","System.Collections.Generic.List`1[System.Diagnostics.Eventing.Reader.EventProperty]"
"The BITS service provided job credentials in response to the NEGOTIATE authentication challenge from the 10.10.1.1:8080 server for the C:\Users\rjaf\AppData\Local\Temp\{E7FB0DCA-2E8B-4117-A572-8A79DF4CD110}-43.0.2357.130_43.0.2357.124_chrome_updater.exe transfer job that is associated with the following URL: /7A3B678A-793B-413F-8AD0-A678A9E56C18/ForceRequestingFullContent/7A3B678A-793B-413F-8AD0-A678A9E56C18/edgedl/chrome/win/43.0.2357.130_43.0.2357.124_chrome_updater.exe?cms_redirect=yes&expire=1435018274&ip=82.212.98.4&ipbits=0&mm=28&mn=sn-q5h5h5m-5hhe&ms=nvh&mt=1435003589&mv=u&pl=23&shardbypass=yes&sparams=expire,ip,ipbits,mm,mn,ms,mv,pl,shardbypass&signature=2E9278FB3609F02FBB26EF401CBBAF1DDCF20788.6975E16EFA7995B7E021366513F412454E4A6F65&key=cms1.
The credentials for the S-1-5-21-1634558665-2257203147-3060767804-1000 user were accepted.","203","1",,"4","0","0","4611686018427387904","10541","Microsoft-Windows-Bits-Client","ef1cc15b-46c1-414e-bb95-e76b077bd51e","Microsoft-Windows-Bits-Client/Operational","1260","3912","rjaf-PC4429","S-1-5-21-1634558665-2257203147-3060767804-1000","6/22/2015 1:11:01 PM",,,"c:\users\mac_1\desktop\winevt\logs\microsoft-windows-bits-client%4operational.evtx","System.UInt32[]","System.Diagnostics.Eventing.Reader.EventBookmark","Information","Info",,"System.Collections.ObjectModel.ReadOnlyCollection`1[System.String]","System.Collections.Generic.List`1[System.Diagnostics.Eventing.Reader.EventProperty]"
"BITS started the C:\Users\rjaf\AppData\Local\Temp\{E7FB0DCA-2E8B-4117-A572-8A79DF4CD110}-43.0.2357.130_43.0.2357.124_chrome_updater.exe transfer job that is associated with the http://r2---sn-q5h5h5m-5hhe.gvt1.com/7A3B678A-793B-413F-8AD0-A678A9E56C18/ForceRequestingFullContent/7A3B678A-793B-413F-8AD0-A678A9E56C18/edgedl/chrome/win/43.0.2357.130_43.0.2357.124_chrome_updater.exe?cms_redirect=yes&expire=1435018274&ip=82.212.98.4&ipbits=0&mm=28&mn=sn-q5h5h5m-5hhe&ms=nvh&mt=1435003589&mv=u&pl=23&shardbypass=yes&sparams=expire,ip,ipbits,mm,mn,ms,mv,pl,shardbypass&signature=2E9278FB3609F02FBB26EF401CBBAF1DDCF20788.6975E16EFA7995B7E021366513F412454E4A6F65&key=cms1 URL.","59","1",,"4","0","1","4611686018427387904","10540","Microsoft-Windows-Bits-Client","ef1cc15b-46c1-414e-bb95-e76b077bd51e","Microsoft-Windows-Bits-Client/Operational","1260","3884","rjaf-PC4429","S-1-5-18","6/22/2015 1:10:40 PM","ec84cadb-d5b5-4b7a-ae52-a1b1f88fd7fe",,"c:\users\mac_1\desktop\winevt\logs\microsoft-windows-bits-client%4operational.evtx","System.UInt32[]","System.Diagnostics.Eventing.Reader.EventBookmark","Information","Start",,"System.Collections.ObjectModel.ReadOnlyCollection`1[System.String]","System.Collections.Generic.List`1[System.Diagnostics.Eventing.Reader.EventProperty]"
"BITS stopped transferring the C:\Users\rjaf\AppData\Local\Temp\{E7FB0DCA-2E8B-4117-A572-8A79DF4CD110}-43.0.2357.130_43.0.2357.124_chrome_updater.exe transfer job that is associated with the http://r2---sn-q5h5h5m-5hhe.gvt1.com/7A3B678A-793B-413F-8AD0-A678A9E56C18/ForceRequestingFullContent/7A3B678A-793B-413F-8AD0-A678A9E56C18/edgedl/chrome/win/43.0.2357.130_43.0.2357.124_chrome_updater.exe?cms_redirect=yes&expire=1435018274&ip=82.212.98.4&ipbits=0&mm=28&mn=sn-q5h5h5m-5hhe&ms=nvh&mt=1435003589&mv=u&pl=23&shardbypass=yes&sparams=expire,ip,ipbits,mm,mn,ms,mv,pl,shardbypass&signature=2E9278FB3609F02FBB26EF401CBBAF1DDCF20788.6975E16EFA7995B7E021366513F412454E4A6F65&key=cms1 URL. The status code is 0x80200013.","61","1",,"3","0","2","4611686018427387904","10539","Microsoft-Windows-Bits-Client","ef1cc15b-46c1-414e-bb95-e76b077bd51e","Microsoft-Windows-Bits-Client/Operational","1260","2620","rjaf-PC4429","S-1-5-18","6/22/2015 1:10:40 PM","88529bfa-6f45-4cc6-b783-82b2823d35c5",,"c:\users\mac_1\desktop\winevt\logs\microsoft-windows-bits-client%4operational.evtx","System.UInt32[]","System.Diagnostics.Eventing.Reader.EventBookmark","Warning","Stop",,"System.Collections.ObjectModel.ReadOnlyCollection`1[System.String]","System.Collections.Generic.List`1[System.Diagnostics.Eventing.Reader.EventProperty]"
"While transferring C:\Users\rjaf\AppData\Local\Temp\{E7FB0DCA-2E8B-4117-A572-8A79DF4CD110}-43.0.2357.130_43.0.2357.124_chrome_updater.exe, BITS encountered error 0x80200013 using 10.10.1.1:8080 as the HTTP proxy server.  The web server or proxy server does not support an HTTP feature required by BITS.  This problem can only be corrected by the administrator of the web server or proxy server.  Details: {job: C:\Users\rjaf\AppData\Local\Temp\{E7FB0DCA-2E8B-4117-A572-8A79DF4CD110}-43.0.2357.130_43.0.2357.124_chrome_updater.exe}, {owner: RJAF-PC4429\rjaf}, {jobId: {1AF2E0CB-3D50-42CD-8B90-5FCC61DA7C1F}}, {url: /7A3B678A-793B-413F-8AD0-A678A9E56C18/ForceRequestingFullContent/7A3B678A-793B-413F-8AD0-A678A9E56C18/edgedl/chrome/win/43.0.2357.130_43.0.2357.124_chrome_updater.exe?cms_redirect=yes&expire=1435018274&ip=82.212.98.4&ipbits=0&mm=28&mn=sn-q5h5h5m-5hhe&ms=nvh&mt=1435003589&mv=u&pl=23&shardbypass=yes&sparams=expire,ip,ipbits,mm,mn,ms,mv,pl,shardbypass&signature=2E9278FB3609F02FBB26EF401CBBAF1DDCF20788.6975E16EFA7995B7E021366513F412454E4A6F65&key=cms1}, {xferId: {88529BFA-6F45-4CC6-B783-82B2823D35C5}}, {proxyServer: 10.10.1.1:8080}, {hr: 0x80200013}, {urlContentLength: 1063504}, {urlHttpVersion: HTTP/1.1}, {urlRange: }","202","0",,"2","0","0","4611686018427387904","10538","Microsoft-Windows-Bits-Client","ef1cc15b-46c1-414e-bb95-e76b077bd51e","Microsoft-Windows-Bits-Client/Operational","1260","2660","rjaf-PC4429","S-1-5-21-1634558665-2257203147-3060767804-1000","6/22/2015 1:10:40 PM","88529bfa-6f45-4cc6-b783-82b2823d35c5",,"c:\users\mac_1\desktop\winevt\logs\microsoft-windows-bits-client%4operational.evtx","System.UInt32[]","System.Diagnostics.Eventing.Reader.EventBookmark","Error","Info",,"System.Collections.ObjectModel.ReadOnlyCollection`1[System.String]","System.Collections.Generic.List`1[System.Diagnostics.Eventing.Reader.EventProperty]"
"The BITS service provided job credentials in response to the NEGOTIATE authentication challenge from the 10.10.1.1:8080 server for the C:\Users\rjaf\AppData\Local\Temp\{E7FB0DCA-2E8B-4117-A572-8A79DF4CD110}-43.0.2357.130_43.0.2357.124_chrome_updater.exe transfer job that is associated with the following URL: /7A3B678A-793B-413F-8AD0-A678A9E56C18/ForceRequestingFullContent/7A3B678A-793B-413F-8AD0-A678A9E56C18/edgedl/chrome/win/43.0.2357.130_43.0.2357.124_chrome_updater.exe?cms_redirect=yes&expire=1435018274&ip=82.212.98.4&ipbits=0&mm=28&mn=sn-q5h5h5m-5hhe&ms=nvh&mt=1435003589&mv=u&pl=23&shardbypass=yes&sparams=expire,ip,ipbits,mm,mn,ms,mv,pl,shardbypass&signature=2E9278FB3609F02FBB26EF401CBBAF1DDCF20788.6975E16EFA7995B7E021366513F412454E4A6F65&key=cms1.
The credentials for the S-1-5-21-1634558665-2257203147-3060767804-1000 user were accepted.","203","1",,"4","0","0","4611686018427387904","10537","Microsoft-Windows-Bits-Client","ef1cc15b-46c1-414e-bb95-e76b077bd51e","Microsoft-Windows-Bits-Client/Operational","1260","2620","rjaf-PC4429","S-1-5-21-1634558665-2257203147-3060767804-1000","6/22/2015 1:10:39 PM",,,"c:\users\mac_1\desktop\winevt\logs\microsoft-windows-bits-client%4operational.evtx","System.UInt32[]","System.Diagnostics.Eventing.Reader.EventBookmark","Information","Info",,"System.Collections.ObjectModel.ReadOnlyCollection`1[System.String]","System.Collections.Generic.List`1[System.Diagnostics.Eventing.Reader.EventProperty]"
"BITS started the C:\Users\rjaf\AppData\Local\Temp\{E7FB0DCA-2E8B-4117-A572-8A79DF4CD110}-43.0.2357.130_43.0.2357.124_chrome_updater.exe transfer job that is associated with the http://r2---sn-q5h5h5m-5hhe.gvt1.com/7A3B678A-793B-413F-8AD0-A678A9E56C18/ForceRequestingFullContent/7A3B678A-793B-413F-8AD0-A678A9E56C18/edgedl/chrome/win/43.0.2357.130_43.0.2357.124_chrome_updater.exe?cms_redirect=yes&expire=1435018274&ip=82.212.98.4&ipbits=0&mm=28&mn=sn-q5h5h5m-5hhe&ms=nvh&mt=1435003589&mv=u&pl=23&shardbypass=yes&sparams=expire,ip,ipbits,mm,mn,ms,mv,pl,shardbypass&signature=2E9278FB3609F02FBB26EF401CBBAF1DDCF20788.6975E16EFA7995B7E021366513F412454E4A6F65&key=cms1 URL.","59","1",,"4","0","1","4611686018427387904","10536","Microsoft-Windows-Bits-Client","ef1cc15b-46c1-414e-bb95-e76b077bd51e","Microsoft-Windows-Bits-Client/Operational","1260","3884","rjaf-PC4429","S-1-5-18","6/22/2015 1:10:29 PM","88529bfa-6f45-4cc6-b783-82b2823d35c5",,"c:\users\mac_1\desktop\winevt\logs\microsoft-windows-bits-client%4operational.evtx","System.UInt32[]","System.Diagnostics.Eventing.Reader.EventBookmark","Information","Start",,"System.Collections.ObjectModel.ReadOnlyCollection`1[System.String]","System.Collections.Generic.List`1[System.Diagnostics.Eventing.Reader.EventProperty]"
"BITS stopped transferring the C:\Users\rjaf\AppData\Local\Temp\{E7FB0DCA-2E8B-4117-A572-8A79DF4CD110}-43.0.2357.130_43.0.2357.124_chrome_updater.exe transfer job that is associated with the http://r2---sn-q5h5h5m-5hhe.gvt1.com/7A3B678A-793B-413F-8AD0-A678A9E56C18/ForceRequestingFullContent/7A3B678A-793B-413F-8AD0-A678A9E56C18/edgedl/chrome/win/43.0.2357.130_43.0.2357.124_chrome_updater.exe?cms_redirect=yes&expire=1435018274&ip=82.212.98.4&ipbits=0&mm=28&mn=sn-q5h5h5m-5hhe&ms=nvh&mt=1435003589&mv=u&pl=23&shardbypass=yes&sparams=expire,ip,ipbits,mm,mn,ms,mv,pl,shardbypass&signature=2E9278FB3609F02FBB26EF401CBBAF1DDCF20788.6975E16EFA7995B7E021366513F412454E4A6F65&key=cms1 URL. The status code is 0x80200013.","61","1",,"3","0","2","4611686018427387904","10535","Microsoft-Windows-Bits-Client","ef1cc15b-46c1-414e-bb95-e76b077bd51e","Microsoft-Windows-Bits-Client/Operational","1260","4988","rjaf-PC4429","S-1-5-18","6/22/2015 1:10:29 PM","18f016e9-cb54-4be9-a5f3-e427316ccd50",,"c:\users\mac_1\desktop\winevt\logs\microsoft-windows-bits-client%4operational.evtx","System.UInt32[]","System.Diagnostics.Eventing.Reader.EventBookmark","Warning","Stop",,"System.Collections.ObjectModel.ReadOnlyCollection`1[System.String]","System.Collections.Generic.List`1[System.Diagnostics.Eventing.Reader.EventProperty]"
"While transferring C:\Users\rjaf\AppData\Local\Temp\{E7FB0DCA-2E8B-4117-A572-8A79DF4CD110}-43.0.2357.130_43.0.2357.124_chrome_updater.exe, BITS encountered error 0x80200013 using 10.10.1.1:8080 as the HTTP proxy server.  The web server or proxy server does not support an HTTP feature required by BITS.  This problem can only be corrected by the administrator of the web server or proxy server.  Details: {job: C:\Users\rjaf\AppData\Local\Temp\{E7FB0DCA-2E8B-4117-A572-8A79DF4CD110}-43.0.2357.130_43.0.2357.124_chrome_updater.exe}, {owner: RJAF-PC4429\rjaf}, {jobId: {1AF2E0CB-3D50-42CD-8B90-5FCC61DA7C1F}}, {url: /7A3B678A-793B-413F-8AD0-A678A9E56C18/ForceRequestingFullContent/7A3B678A-793B-413F-8AD0-A678A9E56C18/edgedl/chrome/win/43.0.2357.130_43.0.2357.124_chrome_updater.exe?cms_redirect=yes&expire=1435018274&ip=82.212.98.4&ipbits=0&mm=28&mn=sn-q5h5h5m-5hhe&ms=nvh&mt=1435003589&mv=u&pl=23&shardbypass=yes&sparams=expire,ip,ipbits,mm,mn,ms,mv,pl,shardbypass&signature=2E9278FB3609F02FBB26EF401CBBAF1DDCF20788.6975E16EFA7995B7E021366513F412454E4A6F65&key=cms1}, {xferId: {18F016E9-CB54-4BE9-A5F3-E427316CCD50}}, {proxyServer: 10.10.1.1:8080}, {hr: 0x80200013}, {urlContentLength: 1063504}, {urlHttpVersion: HTTP/1.1}, {urlRange: }","202","0",,"2","0","0","4611686018427387904","10534","Microsoft-Windows-Bits-Client","ef1cc15b-46c1-414e-bb95-e76b077bd51e","Microsoft-Windows-Bits-Client/Operational","1260","3912","rjaf-PC4429","S-1-5-21-1634558665-2257203147-3060767804-1000","6/22/2015 1:10:29 PM","18f016e9-cb54-4be9-a5f3-e427316ccd50",,"c:\users\mac_1\desktop\winevt\logs\microsoft-windows-bits-client%4operational.evtx","System.UInt32[]","System.Diagnostics.Eventing.Reader.EventBookmark","Error","Info",,"System.Collections.ObjectModel.ReadOnlyCollection`1[System.String]","System.Collections.Generic.List`1[System.Diagnostics.Eventing.Reader.EventProperty]"
"The BITS service provided job credentials in response to the NEGOTIATE authentication challenge from the 10.10.1.1:8080 server for the C:\Users\rjaf\AppData\Local\Temp\{E7FB0DCA-2E8B-4117-A572-8A79DF4CD110}-43.0.2357.130_43.0.2357.124_chrome_updater.exe transfer job that is associated with the following URL: /7A3B678A-793B-413F-8AD0-A678A9E56C18/ForceRequestingFullContent/7A3B678A-793B-413F-8AD0-A678A9E56C18/edgedl/chrome/win/43.0.2357.130_43.0.2357.124_chrome_updater.exe?cms_redirect=yes&expire=1435018274&ip=82.212.98.4&ipbits=0&mm=28&mn=sn-q5h5h5m-5hhe&ms=nvh&mt=1435003589&mv=u&pl=23&shardbypass=yes&sparams=expire,ip,ipbits,mm,mn,ms,mv,pl,shardbypass&signature=2E9278FB3609F02FBB26EF401CBBAF1DDCF20788.6975E16EFA7995B7E021366513F412454E4A6F65&key=cms1.
The credentials for the S-1-5-21-1634558665-2257203147-3060767804-1000 user were accepted.","203","1",,"4","0","0","4611686018427387904","10533","Microsoft-Windows-Bits-Client","ef1cc15b-46c1-414e-bb95-e76b077bd51e","Microsoft-Windows-Bits-Client/Operational","1260","2660","rjaf-PC4429","S-1-5-21-1634558665-2257203147-3060767804-1000","6/22/2015 1:10:28 PM",,,"c:\users\mac_1\desktop\winevt\logs\microsoft-windows-bits-client%4operational.evtx","System.UInt32[]","System.Diagnostics.Eventing.Reader.EventBookmark","Information","Info",,"System.Collections.ObjectModel.ReadOnlyCollection`1[System.String]","System.Collections.Generic.List`1[System.Diagnostics.Eventing.Reader.EventProperty]"
"BITS started the C:\Users\rjaf\AppData\Local\Temp\{E7FB0DCA-2E8B-4117-A572-8A79DF4CD110}-43.0.2357.130_43.0.2357.124_chrome_updater.exe transfer job that is associated with the http://r2---sn-q5h5h5m-5hhe.gvt1.com/7A3B678A-793B-413F-8AD0-A678A9E56C18/ForceRequestingFullContent/7A3B678A-793B-413F-8AD0-A678A9E56C18/edgedl/chrome/win/43.0.2357.130_43.0.2357.124_chrome_updater.exe?cms_redirect=yes&expire=1435018274&ip=82.212.98.4&ipbits=0&mm=28&mn=sn-q5h5h5m-5hhe&ms=nvh&mt=1435003589&mv=u&pl=23&shardbypass=yes&sparams=expire,ip,ipbits,mm,mn,ms,mv,pl,shardbypass&signature=2E9278FB3609F02FBB26EF401CBBAF1DDCF20788.6975E16EFA7995B7E021366513F412454E4A6F65&key=cms1 URL.","59","1",,"4","0","1","4611686018427387904","10532","Microsoft-Windows-Bits-Client","ef1cc15b-46c1-414e-bb95-e76b077bd51e","Microsoft-Windows-Bits-Client/Operational","1260","3884","rjaf-PC4429","S-1-5-18","6/22/2015 1:10:16 PM","18f016e9-cb54-4be9-a5f3-e427316ccd50",,"c:\users\mac_1\desktop\winevt\logs\microsoft-windows-bits-client%4operational.evtx","System.UInt32[]","System.Diagnostics.Eventing.Reader.EventBookmark","Information","Start",,"System.Collections.ObjectModel.ReadOnlyCollection`1[System.String]","System.Collections.Generic.List`1[System.Diagnostics.Eventing.Reader.EventProperty]"
"BITS stopped transferring the C:\Users\rjaf\AppData\Local\Temp\{E7FB0DCA-2E8B-4117-A572-8A79DF4CD110}-43.0.2357.130_43.0.2357.124_chrome_updater.exe transfer job that is associated with the http://r2---sn-q5h5h5m-5hhe.gvt1.com/7A3B678A-793B-413F-8AD0-A678A9E56C18/ForceRequestingFullContent/7A3B678A-793B-413F-8AD0-A678A9E56C18/edgedl/chrome/win/43.0.2357.130_43.0.2357.124_chrome_updater.exe?cms_redirect=yes&expire=1435018274&ip=82.212.98.4&ipbits=0&mm=28&mn=sn-q5h5h5m-5hhe&ms=nvh&mt=1435003589&mv=u&pl=23&shardbypass=yes&sparams=expire,ip,ipbits,mm,mn,ms,mv,pl,shardbypass&signature=2E9278FB3609F02FBB26EF401CBBAF1DDCF20788.6975E16EFA7995B7E021366513F412454E4A6F65&key=cms1 URL. The status code is 0x80200013.","61","1",,"3","0","2","4611686018427387904","10531","Microsoft-Windows-Bits-Client","ef1cc15b-46c1-414e-bb95-e76b077bd51e","Microsoft-Windows-Bits-Client/Operational","1260","2660","rjaf-PC4429","S-1-5-18","6/22/2015 1:10:16 PM","a3bbf39f-42fd-4d96-a47f-4824642256eb",,"c:\users\mac_1\desktop\winevt\logs\microsoft-windows-bits-client%4operational.evtx","System.UInt32[]","System.Diagnostics.Eventing.Reader.EventBookmark","Warning","Stop",,"System.Collections.ObjectModel.ReadOnlyCollection`1[System.String]","System.Collections.Generic.List`1[System.Diagnostics.Eventing.Reader.EventProperty]"
"While transferring C:\Users\rjaf\AppData\Local\Temp\{E7FB0DCA-2E8B-4117-A572-8A79DF4CD110}-43.0.2357.130_43.0.2357.124_chrome_updater.exe, BITS encountered error 0x80200013 using 10.10.1.1:8080 as the HTTP proxy server.  The web server or proxy server does not support an HTTP feature required by BITS.  This problem can only be corrected by the administrator of the web server or proxy server.  Details: {job: C:\Users\rjaf\AppData\Local\Temp\{E7FB0DCA-2E8B-4117-A572-8A79DF4CD110}-43.0.2357.130_43.0.2357.124_chrome_updater.exe}, {owner: RJAF-PC4429\rjaf}, {jobId: {1AF2E0CB-3D50-42CD-8B90-5FCC61DA7C1F}}, {url: /edgedl/chrome/win/43.0.2357.130_43.0.2357.124_chrome_updater.exe?cms_redirect=yes&expire=1435018274&ip=82.212.98.4&ipbits=0&mm=28&mn=sn-q5h5h5m-5hhe&ms=nvh&mt=1435003589&mv=u&pl=23&shardbypass=yes&sparams=expire,ip,ipbits,mm,mn,ms,mv,pl,shardbypass&signature=2E9278FB3609F02FBB26EF401CBBAF1DDCF20788.6975E16EFA7995B7E021366513F412454E4A6F65&key=cms1}, {xferId: {A3BBF39F-42FD-4D96-A47F-4824642256EB}}, {proxyServer: 10.10.1.1:8080}, {hr: 0x80200013}, {urlContentLength: 1063504}, {urlHttpVersion: HTTP/1.1}, {urlRange: }","202","0",,"2","0","0","4611686018427387904","10530","Microsoft-Windows-Bits-Client","ef1cc15b-46c1-414e-bb95-e76b077bd51e","Microsoft-Windows-Bits-Client/Operational","1260","3912","rjaf-PC4429","S-1-5-21-1634558665-2257203147-3060767804-1000","6/22/2015 1:10:16 PM","a3bbf39f-42fd-4d96-a47f-4824642256eb",,"c:\users\mac_1\desktop\winevt\logs\microsoft-windows-bits-client%4operational.evtx","System.UInt32[]","System.Diagnostics.Eventing.Reader.EventBookmark","Error","Info",,"System.Collections.ObjectModel.ReadOnlyCollection`1[System.String]","System.Collections.Generic.List`1[System.Diagnostics.Eventing.Reader.EventProperty]"
"The BITS service provided job credentials in response to the NEGOTIATE authentication challenge from the 10.10.1.1:8080 server for the C:\Users\rjaf\AppData\Local\Temp\{E7FB0DCA-2E8B-4117-A572-8A79DF4CD110}-43.0.2357.130_43.0.2357.124_chrome_updater.exe transfer job that is associated with the following URL: /edgedl/chrome/win/43.0.2357.130_43.0.2357.124_chrome_updater.exe?cms_redirect=yes&expire=1435018274&ip=82.212.98.4&ipbits=0&mm=28&mn=sn-q5h5h5m-5hhe&ms=nvh&mt=1435003589&mv=u&pl=23&shardbypass=yes&sparams=expire,ip,ipbits,mm,mn,ms,mv,pl,shardbypass&signature=2E9278FB3609F02FBB26EF401CBBAF1DDCF20788.6975E16EFA7995B7E021366513F412454E4A6F65&key=cms1.
The credentials for the S-1-5-21-1634558665-2257203147-3060767804-1000 user were accepted.","203","1",,"4","0","0","4611686018427387904","10529","Microsoft-Windows-Bits-Client","ef1cc15b-46c1-414e-bb95-e76b077bd51e","Microsoft-Windows-Bits-Client/Operational","1260","2660","rjaf-PC4429","S-1-5-21-1634558665-2257203147-3060767804-1000","6/22/2015 1:10:15 PM",,,"c:\users\mac_1\desktop\winevt\logs\microsoft-windows-bits-client%4operational.evtx","System.UInt32[]","System.Diagnostics.Eventing.Reader.EventBookmark","Information","Info",,"System.Collections.ObjectModel.ReadOnlyCollection`1[System.String]","System.Collections.Generic.List`1[System.Diagnostics.Eventing.Reader.EventProperty]"
"BITS started the C:\Users\rjaf\AppData\Local\Temp\{E7FB0DCA-2E8B-4117-A572-8A79DF4CD110}-43.0.2357.130_43.0.2357.124_chrome_updater.exe transfer job that is associated with the http://r2---sn-q5h5h5m-5hhe.gvt1.com/edgedl/chrome/win/43.0.2357.130_43.0.2357.124_chrome_updater.exe?cms_redirect=yes&expire=1435018274&ip=82.212.98.4&ipbits=0&mm=28&mn=sn-q5h5h5m-5hhe&ms=nvh&mt=1435003589&mv=u&pl=23&shardbypass=yes&sparams=expire,ip,ipbits,mm,mn,ms,mv,pl,shardbypass&signature=2E9278FB3609F02FBB26EF401CBBAF1DDCF20788.6975E16EFA7995B7E021366513F412454E4A6F65&key=cms1 URL.","59","1",,"4","0","1","4611686018427387904","10528","Microsoft-Windows-Bits-Client","ef1cc15b-46c1-414e-bb95-e76b077bd51e","Microsoft-Windows-Bits-Client/Operational","1260","3884","rjaf-PC4429","S-1-5-18","6/22/2015 1:10:03 PM","a3bbf39f-42fd-4d96-a47f-4824642256eb",,"c:\users\mac_1\desktop\winevt\logs\microsoft-windows-bits-client%4operational.evtx","System.UInt32[]","System.Diagnostics.Eventing.Reader.EventBookmark","Information","Start",,"System.Collections.ObjectModel.ReadOnlyCollection`1[System.String]","System.Collections.Generic.List`1[System.Diagnostics.Eventing.Reader.EventProperty]"
"The BITS service provided job credentials in response to the NEGOTIATE authentication challenge from the 10.10.1.1:8080 server for the C:\Users\rjaf\AppData\Local\Temp\{E7FB0DCA-2E8B-4117-A572-8A79DF4CD110}-43.0.2357.130_43.0.2357.124_chrome_updater.exe transfer job that is associated with the following URL: /edgedl/chrome/win/43.0.2357.130_43.0.2357.124_chrome_updater.exe.
The credentials for the S-1-5-21-1634558665-2257203147-3060767804-1000 user were accepted.","203","1",,"4","0","0","4611686018427387904","10527","Microsoft-Windows-Bits-Client","ef1cc15b-46c1-414e-bb95-e76b077bd51e","Microsoft-Windows-Bits-Client/Operational","1260","5732","rjaf-PC4429","S-1-5-21-1634558665-2257203147-3060767804-1000","6/22/2015 1:10:03 PM",,,"c:\users\mac_1\desktop\winevt\logs\microsoft-windows-bits-client%4operational.evtx","System.UInt32[]","System.Diagnostics.Eventing.Reader.EventBookmark","Information","Info",,"System.Collections.ObjectModel.ReadOnlyCollection`1[System.String]","System.Collections.Generic.List`1[System.Diagnostics.Eventing.Reader.EventProperty]"
"The BITS service created a new job: C:\Users\rjaf\AppData\Local\Temp\{E7FB0DCA-2E8B-4117-A572-8A79DF4CD110}-43.0.2357.130_43.0.2357.124_chrome_updater.exe, with owner RJAF-PC4429\rjaf","3","0",,"4","0","0","4611686018427387904","10526","Microsoft-Windows-Bits-Client","ef1cc15b-46c1-414e-bb95-e76b077bd51e","Microsoft-Windows-Bits-Client/Operational","1260","2360","rjaf-PC4429","S-1-5-18","6/22/2015 1:10:02 PM","85f02724-de4f-0001-8223-0a9601acd001",,"c:\users\mac_1\desktop\winevt\logs\microsoft-windows-bits-client%4operational.evtx","System.UInt32[]","System.Diagnostics.Eventing.Reader.EventBookmark","Information","Info",,"System.Collections.ObjectModel.ReadOnlyCollection`1[System.String]","System.Collections.Generic.List`1[System.Diagnostics.Eventing.Reader.EventProperty]"
"Job cancelled. User: RJAF-PC4429\rjaf, job: {AC76BA86-7AD7-1033-7B44-A95000000001}, jobID: {D95CF20B-4D29-45F2-9503-51524AAC20B3}, owner: RJAF-PC4429\rjaf, filecount: 1","5","0",,"4","0","0","4611686018427387904","10525","Microsoft-Windows-Bits-Client","ef1cc15b-46c1-414e-bb95-e76b077bd51e","Microsoft-Windows-Bits-Client/Operational","1260","1280","rjaf-PC4429","S-1-5-21-1634558665-2257203147-3060767804-1000","6/21/2015 2:07:22 AM",,,"c:\users\mac_1\desktop\winevt\logs\microsoft-windows-bits-client%4operational.evtx","System.UInt32[]","System.Diagnostics.Eventing.Reader.EventBookmark","Information","Info",,"System.Collections.ObjectModel.ReadOnlyCollection`1[System.String]","System.Collections.Generic.List`1[System.Diagnostics.Eventing.Reader.EventProperty]"
"The BITS service provided job credentials in response to the UNIDENTIFIED authentication challenge from the 10.10.1.1:8080 server for the {AC76BA86-7AD7-1033-7B44-A95000000001} transfer job that is associated with the following URL: /arm-manifests/win/Reader9Manifest.msi.
 The credentials for the S-1-5-21-1634558665-2257203147-3060767804-1000 user were rejected.","204","1",,"2","0","0","4611686018427387904","10524","Microsoft-Windows-Bits-Client","ef1cc15b-46c1-414e-bb95-e76b077bd51e","Microsoft-Windows-Bits-Client/Operational","1260","1476","rjaf-PC4429","S-1-5-21-1634558665-2257203147-3060767804-1000","6/21/2015 2:07:21 AM",,,"c:\users\mac_1\desktop\winevt\logs\microsoft-windows-bits-client%4operational.evtx","System.UInt32[]","System.Diagnostics.Eventing.Reader.EventBookmark","Error","Info",,"System.Collections.ObjectModel.ReadOnlyCollection`1[System.String]","System.Collections.Generic.List`1[System.Diagnostics.Eventing.Reader.EventProperty]"
"The BITS service created a new job: {AC76BA86-7AD7-1033-7B44-A95000000001}, with owner RJAF-PC4429\rjaf","3","0",,"4","0","0","4611686018427387904","10523","Microsoft-Windows-Bits-Client","ef1cc15b-46c1-414e-bb95-e76b077bd51e","Microsoft-Windows-Bits-Client/Operational","1260","3860","rjaf-PC4429","S-1-5-18","6/21/2015 2:07:11 AM",,,"c:\users\mac_1\desktop\winevt\logs\microsoft-windows-bits-client%4operational.evtx","System.UInt32[]","System.Diagnostics.Eventing.Reader.EventBookmark","Information","Info",,"System.Collections.ObjectModel.ReadOnlyCollection`1[System.String]","System.Collections.Generic.List`1[System.Diagnostics.Eventing.Reader.EventProperty]"
"The BITS service loaded the job list from disk.","306","0",,"5","0","0","4611686018427387904","10522","Microsoft-Windows-Bits-Client","ef1cc15b-46c1-414e-bb95-e76b077bd51e","Microsoft-Windows-Bits-Client/Operational","1260","3724","rjaf-PC4429","S-1-5-18","6/21/2015 2:07:11 AM",,,"c:\users\mac_1\desktop\winevt\logs\microsoft-windows-bits-client%4operational.evtx","System.UInt32[]","System.Diagnostics.Eventing.Reader.EventBookmark","Verbose","Info",,"System.Collections.ObjectModel.ReadOnlyCollection`1[System.String]","System.Collections.Generic.List`1[System.Diagnostics.Eventing.Reader.EventProperty]"
