"The scheduled diagnostic task has completed troubleshooting a diagnostic package.","8","0",,"4","0","0","-9223372002495037440","26","Microsoft-Windows-Diagnosis-Scheduled","40ab57c2-1c53-4df9-9324-ff7cf898a02c","Microsoft-Windows-Diagnosis-Scheduled/Operational","748","3476","rjaf-PC4429","S-1-5-21-1634558665-2257203147-3060767804-1000","12/30/2013 9:05:41 AM",,,"c:\users\mac_1\desktop\winevt\logs\microsoft-windows-diagnosis-scheduled%4operational.evtx","System.UInt32[]","System.Diagnostics.Eventing.Reader.EventBookmark","Information","Info",,"System.Collections.ObjectModel.ReadOnlyCollection`1[System.String]","System.Collections.Generic.List`1[System.Diagnostics.Eventing.Reader.EventProperty]"
"The scheduled diagnostic task has started troubleshooting a diagnostic package.","7","0",,"4","0","0","-9223372002495037440","25","Microsoft-Windows-Diagnosis-Scheduled","40ab57c2-1c53-4df9-9324-ff7cf898a02c","Microsoft-Windows-Diagnosis-Scheduled/Operational","748","3476","rjaf-PC4429","S-1-5-21-1634558665-2257203147-3060767804-1000","12/30/2013 9:05:25 AM",,,"c:\users\mac_1\desktop\winevt\logs\microsoft-windows-diagnosis-scheduled%4operational.evtx","System.UInt32[]","System.Diagnostics.Eventing.Reader.EventBookmark","Information","Info",,"System.Collections.ObjectModel.ReadOnlyCollection`1[System.String]","System.Collections.Generic.List`1[System.Diagnostics.Eventing.Reader.EventProperty]"
"The scheduled diagnostic task has completed initialization of a diagnostic package.","6","0",,"4","0","0","-9223372002495037440","24","Microsoft-Windows-Diagnosis-Scheduled","40ab57c2-1c53-4df9-9324-ff7cf898a02c","Microsoft-Windows-Diagnosis-Scheduled/Operational","748","3476","rjaf-PC4429","S-1-5-21-1634558665-2257203147-3060767804-1000","12/30/2013 9:05:25 AM",,,"c:\users\mac_1\desktop\winevt\logs\microsoft-windows-diagnosis-scheduled%4operational.evtx","System.UInt32[]","System.Diagnostics.Eventing.Reader.EventBookmark","Information","Info",,"System.Collections.ObjectModel.ReadOnlyCollection`1[System.String]","System.Collections.Generic.List`1[System.Diagnostics.Eventing.Reader.EventProperty]"
"The scheduled diagnostic task has started initializing a diagnostic package.","5","0",,"4","0","0","-9223372002495037440","23","Microsoft-Windows-Diagnosis-Scheduled","40ab57c2-1c53-4df9-9324-ff7cf898a02c","Microsoft-Windows-Diagnosis-Scheduled/Operational","748","3476","rjaf-PC4429","S-1-5-21-1634558665-2257203147-3060767804-1000","12/30/2013 9:05:25 AM",,,"c:\users\mac_1\desktop\winevt\logs\microsoft-windows-diagnosis-scheduled%4operational.evtx","System.UInt32[]","System.Diagnostics.Eventing.Reader.EventBookmark","Information","Info",,"System.Collections.ObjectModel.ReadOnlyCollection`1[System.String]","System.Collections.Generic.List`1[System.Diagnostics.Eventing.Reader.EventProperty]"
"Scheduled diagnostics have started.","2","0",,"4","0","0","-9223372002495037440","22","Microsoft-Windows-Diagnosis-Scheduled","40ab57c2-1c53-4df9-9324-ff7cf898a02c","Microsoft-Windows-Diagnosis-Scheduled/Operational","748","3444","rjaf-PC4429","S-1-5-21-1634558665-2257203147-3060767804-1000","12/30/2013 9:05:25 AM",,,"c:\users\mac_1\desktop\winevt\logs\microsoft-windows-diagnosis-scheduled%4operational.evtx","System.UInt32[]","System.Diagnostics.Eventing.Reader.EventBookmark","Information","Info",,"System.Collections.ObjectModel.ReadOnlyCollection`1[System.String]","System.Collections.Generic.List`1[System.Diagnostics.Eventing.Reader.EventProperty]"
"Scheduled diagnostics have been completed.","3","0",,"4","0","0","-9223372002495037440","21","Microsoft-Windows-Diagnosis-Scheduled","40ab57c2-1c53-4df9-9324-ff7cf898a02c","Microsoft-Windows-Diagnosis-Scheduled/Operational","288","2056","rjaf-PC4429","S-1-5-21-1634558665-2257203147-3060767804-1000","12/29/2013 5:01:27 AM",,,"c:\users\mac_1\desktop\winevt\logs\microsoft-windows-diagnosis-scheduled%4operational.evtx","System.UInt32[]","System.Diagnostics.Eventing.Reader.EventBookmark","Information","Info",,"System.Collections.ObjectModel.ReadOnlyCollection`1[System.String]","System.Collections.Generic.List`1[System.Diagnostics.Eventing.Reader.EventProperty]"
"System maintenance detected issues requiring your attention. A notification was sent to the Action Center.","100","0",,"1","0","0","-9223372019674906624","20","Microsoft-Windows-Diagnosis-Scheduled","40ab57c2-1c53-4df9-9324-ff7cf898a02c","Microsoft-Windows-Diagnosis-Scheduled/Operational","288","2056","rjaf-PC4429","S-1-5-21-1634558665-2257203147-3060767804-1000","12/29/2013 5:01:27 AM",,,"c:\users\mac_1\desktop\winevt\logs\microsoft-windows-diagnosis-scheduled%4operational.evtx","System.UInt32[]","System.Diagnostics.Eventing.Reader.EventBookmark","Critical","Info",,"System.Collections.ObjectModel.ReadOnlyCollection`1[System.String]","System.Collections.Generic.List`1[System.Diagnostics.Eventing.Reader.EventProperty]"
"The scheduled diagnostic task has completed troubleshooting a diagnostic package.","8","0",,"4","0","0","-9223372002495037440","19","Microsoft-Windows-Diagnosis-Scheduled","40ab57c2-1c53-4df9-9324-ff7cf898a02c","Microsoft-Windows-Diagnosis-Scheduled/Operational","288","2056","rjaf-PC4429","S-1-5-21-1634558665-2257203147-3060767804-1000","12/29/2013 5:01:27 AM",,,"c:\users\mac_1\desktop\winevt\logs\microsoft-windows-diagnosis-scheduled%4operational.evtx","System.UInt32[]","System.Diagnostics.Eventing.Reader.EventBookmark","Information","Info",,"System.Collections.ObjectModel.ReadOnlyCollection`1[System.String]","System.Collections.Generic.List`1[System.Diagnostics.Eventing.Reader.EventProperty]"
"The scheduled diagnostic task has started troubleshooting a diagnostic package.","7","0",,"4","0","0","-9223372002495037440","18","Microsoft-Windows-Diagnosis-Scheduled","40ab57c2-1c53-4df9-9324-ff7cf898a02c","Microsoft-Windows-Diagnosis-Scheduled/Operational","288","2056","rjaf-PC4429","S-1-5-21-1634558665-2257203147-3060767804-1000","12/29/2013 5:01:10 AM",,,"c:\users\mac_1\desktop\winevt\logs\microsoft-windows-diagnosis-scheduled%4operational.evtx","System.UInt32[]","System.Diagnostics.Eventing.Reader.EventBookmark","Information","Info",,"System.Collections.ObjectModel.ReadOnlyCollection`1[System.String]","System.Collections.Generic.List`1[System.Diagnostics.Eventing.Reader.EventProperty]"
"The scheduled diagnostic task has completed initialization of a diagnostic package.","6","0",,"4","0","0","-9223372002495037440","17","Microsoft-Windows-Diagnosis-Scheduled","40ab57c2-1c53-4df9-9324-ff7cf898a02c","Microsoft-Windows-Diagnosis-Scheduled/Operational","288","2056","rjaf-PC4429","S-1-5-21-1634558665-2257203147-3060767804-1000","12/29/2013 5:01:10 AM",,,"c:\users\mac_1\desktop\winevt\logs\microsoft-windows-diagnosis-scheduled%4operational.evtx","System.UInt32[]","System.Diagnostics.Eventing.Reader.EventBookmark","Information","Info",,"System.Collections.ObjectModel.ReadOnlyCollection`1[System.String]","System.Collections.Generic.List`1[System.Diagnostics.Eventing.Reader.EventProperty]"
"The scheduled diagnostic task has started initializing a diagnostic package.","5","0",,"4","0","0","-9223372002495037440","16","Microsoft-Windows-Diagnosis-Scheduled","40ab57c2-1c53-4df9-9324-ff7cf898a02c","Microsoft-Windows-Diagnosis-Scheduled/Operational","288","2056","rjaf-PC4429","S-1-5-21-1634558665-2257203147-3060767804-1000","12/29/2013 5:01:09 AM",,,"c:\users\mac_1\desktop\winevt\logs\microsoft-windows-diagnosis-scheduled%4operational.evtx","System.UInt32[]","System.Diagnostics.Eventing.Reader.EventBookmark","Information","Info",,"System.Collections.ObjectModel.ReadOnlyCollection`1[System.String]","System.Collections.Generic.List`1[System.Diagnostics.Eventing.Reader.EventProperty]"
"Scheduled diagnostics have started.","2","0",,"4","0","0","-9223372002495037440","15","Microsoft-Windows-Diagnosis-Scheduled","40ab57c2-1c53-4df9-9324-ff7cf898a02c","Microsoft-Windows-Diagnosis-Scheduled/Operational","288","3280","rjaf-PC4429","S-1-5-21-1634558665-2257203147-3060767804-1000","12/29/2013 5:01:09 AM",,,"c:\users\mac_1\desktop\winevt\logs\microsoft-windows-diagnosis-scheduled%4operational.evtx","System.UInt32[]","System.Diagnostics.Eventing.Reader.EventBookmark","Information","Info",,"System.Collections.ObjectModel.ReadOnlyCollection`1[System.String]","System.Collections.Generic.List`1[System.Diagnostics.Eventing.Reader.EventProperty]"
"Scheduled diagnostics have been completed.","3","0",,"4","0","0","-9223372002495037440","14","Microsoft-Windows-Diagnosis-Scheduled","40ab57c2-1c53-4df9-9324-ff7cf898a02c","Microsoft-Windows-Diagnosis-Scheduled/Operational","3456","2832","rjaf-PC4429","S-1-5-21-1634558665-2257203147-3060767804-1000","12/15/2013 2:33:40 AM",,,"c:\users\mac_1\desktop\winevt\logs\microsoft-windows-diagnosis-scheduled%4operational.evtx","System.UInt32[]","System.Diagnostics.Eventing.Reader.EventBookmark","Information","Info",,"System.Collections.ObjectModel.ReadOnlyCollection`1[System.String]","System.Collections.Generic.List`1[System.Diagnostics.Eventing.Reader.EventProperty]"
"System maintenance detected issues requiring your attention. A notification was sent to the Action Center.","100","0",,"1","0","0","-9223372019674906624","13","Microsoft-Windows-Diagnosis-Scheduled","40ab57c2-1c53-4df9-9324-ff7cf898a02c","Microsoft-Windows-Diagnosis-Scheduled/Operational","3456","2832","rjaf-PC4429","S-1-5-21-1634558665-2257203147-3060767804-1000","12/15/2013 2:33:40 AM",,,"c:\users\mac_1\desktop\winevt\logs\microsoft-windows-diagnosis-scheduled%4operational.evtx","System.UInt32[]","System.Diagnostics.Eventing.Reader.EventBookmark","Critical","Info",,"System.Collections.ObjectModel.ReadOnlyCollection`1[System.String]","System.Collections.Generic.List`1[System.Diagnostics.Eventing.Reader.EventProperty]"
"The scheduled diagnostic task has completed troubleshooting a diagnostic package.","8","0",,"4","0","0","-9223372002495037440","12","Microsoft-Windows-Diagnosis-Scheduled","40ab57c2-1c53-4df9-9324-ff7cf898a02c","Microsoft-Windows-Diagnosis-Scheduled/Operational","3456","2832","rjaf-PC4429","S-1-5-21-1634558665-2257203147-3060767804-1000","12/15/2013 2:33:40 AM",,,"c:\users\mac_1\desktop\winevt\logs\microsoft-windows-diagnosis-scheduled%4operational.evtx","System.UInt32[]","System.Diagnostics.Eventing.Reader.EventBookmark","Information","Info",,"System.Collections.ObjectModel.ReadOnlyCollection`1[System.String]","System.Collections.Generic.List`1[System.Diagnostics.Eventing.Reader.EventProperty]"
"The scheduled diagnostic task has started troubleshooting a diagnostic package.","7","0",,"4","0","0","-9223372002495037440","11","Microsoft-Windows-Diagnosis-Scheduled","40ab57c2-1c53-4df9-9324-ff7cf898a02c","Microsoft-Windows-Diagnosis-Scheduled/Operational","3456","2832","rjaf-PC4429","S-1-5-21-1634558665-2257203147-3060767804-1000","12/15/2013 2:33:27 AM",,,"c:\users\mac_1\desktop\winevt\logs\microsoft-windows-diagnosis-scheduled%4operational.evtx","System.UInt32[]","System.Diagnostics.Eventing.Reader.EventBookmark","Information","Info",,"System.Collections.ObjectModel.ReadOnlyCollection`1[System.String]","System.Collections.Generic.List`1[System.Diagnostics.Eventing.Reader.EventProperty]"
"The scheduled diagnostic task has completed initialization of a diagnostic package.","6","0",,"4","0","0","-9223372002495037440","10","Microsoft-Windows-Diagnosis-Scheduled","40ab57c2-1c53-4df9-9324-ff7cf898a02c","Microsoft-Windows-Diagnosis-Scheduled/Operational","3456","2832","rjaf-PC4429","S-1-5-21-1634558665-2257203147-3060767804-1000","12/15/2013 2:33:27 AM",,,"c:\users\mac_1\desktop\winevt\logs\microsoft-windows-diagnosis-scheduled%4operational.evtx","System.UInt32[]","System.Diagnostics.Eventing.Reader.EventBookmark","Information","Info",,"System.Collections.ObjectModel.ReadOnlyCollection`1[System.String]","System.Collections.Generic.List`1[System.Diagnostics.Eventing.Reader.EventProperty]"
"The scheduled diagnostic task has started initializing a diagnostic package.","5","0",,"4","0","0","-9223372002495037440","9","Microsoft-Windows-Diagnosis-Scheduled","40ab57c2-1c53-4df9-9324-ff7cf898a02c","Microsoft-Windows-Diagnosis-Scheduled/Operational","3456","2832","rjaf-PC4429","S-1-5-21-1634558665-2257203147-3060767804-1000","12/15/2013 2:33:27 AM",,,"c:\users\mac_1\desktop\winevt\logs\microsoft-windows-diagnosis-scheduled%4operational.evtx","System.UInt32[]","System.Diagnostics.Eventing.Reader.EventBookmark","Information","Info",,"System.Collections.ObjectModel.ReadOnlyCollection`1[System.String]","System.Collections.Generic.List`1[System.Diagnostics.Eventing.Reader.EventProperty]"
"Scheduled diagnostics have started.","2","0",,"4","0","0","-9223372002495037440","8","Microsoft-Windows-Diagnosis-Scheduled","40ab57c2-1c53-4df9-9324-ff7cf898a02c","Microsoft-Windows-Diagnosis-Scheduled/Operational","3456","2472","rjaf-PC4429","S-1-5-21-1634558665-2257203147-3060767804-1000","12/15/2013 2:33:27 AM",,,"c:\users\mac_1\desktop\winevt\logs\microsoft-windows-diagnosis-scheduled%4operational.evtx","System.UInt32[]","System.Diagnostics.Eventing.Reader.EventBookmark","Information","Info",,"System.Collections.ObjectModel.ReadOnlyCollection`1[System.String]","System.Collections.Generic.List`1[System.Diagnostics.Eventing.Reader.EventProperty]"
"Scheduled diagnostics have been completed.","3","0",,"4","0","0","-9223372002495037440","7","Microsoft-Windows-Diagnosis-Scheduled","40ab57c2-1c53-4df9-9324-ff7cf898a02c","Microsoft-Windows-Diagnosis-Scheduled/Operational","2192","2380","rjaf-PC4429","S-1-5-21-1634558665-2257203147-3060767804-1000","12/10/2013 8:53:31 AM",,,"c:\users\mac_1\desktop\winevt\logs\microsoft-windows-diagnosis-scheduled%4operational.evtx","System.UInt32[]","System.Diagnostics.Eventing.Reader.EventBookmark","Information","Info",,"System.Collections.ObjectModel.ReadOnlyCollection`1[System.String]","System.Collections.Generic.List`1[System.Diagnostics.Eventing.Reader.EventProperty]"
"System maintenance detected issues requiring your attention. A notification was sent to the Action Center.","100","0",,"1","0","0","-9223372019674906624","6","Microsoft-Windows-Diagnosis-Scheduled","40ab57c2-1c53-4df9-9324-ff7cf898a02c","Microsoft-Windows-Diagnosis-Scheduled/Operational","2192","2380","rjaf-PC4429","S-1-5-21-1634558665-2257203147-3060767804-1000","12/10/2013 8:53:31 AM",,,"c:\users\mac_1\desktop\winevt\logs\microsoft-windows-diagnosis-scheduled%4operational.evtx","System.UInt32[]","System.Diagnostics.Eventing.Reader.EventBookmark","Critical","Info",,"System.Collections.ObjectModel.ReadOnlyCollection`1[System.String]","System.Collections.Generic.List`1[System.Diagnostics.Eventing.Reader.EventProperty]"
"The scheduled diagnostic task has completed troubleshooting a diagnostic package.","8","0",,"4","0","0","-9223372002495037440","5","Microsoft-Windows-Diagnosis-Scheduled","40ab57c2-1c53-4df9-9324-ff7cf898a02c","Microsoft-Windows-Diagnosis-Scheduled/Operational","2192","2380","rjaf-PC4429","S-1-5-21-1634558665-2257203147-3060767804-1000","12/10/2013 8:53:31 AM",,,"c:\users\mac_1\desktop\winevt\logs\microsoft-windows-diagnosis-scheduled%4operational.evtx","System.UInt32[]","System.Diagnostics.Eventing.Reader.EventBookmark","Information","Info",,"System.Collections.ObjectModel.ReadOnlyCollection`1[System.String]","System.Collections.Generic.List`1[System.Diagnostics.Eventing.Reader.EventProperty]"
"The scheduled diagnostic task has started troubleshooting a diagnostic package.","7","0",,"4","0","0","-9223372002495037440","4","Microsoft-Windows-Diagnosis-Scheduled","40ab57c2-1c53-4df9-9324-ff7cf898a02c","Microsoft-Windows-Diagnosis-Scheduled/Operational","2192","2380","rjaf-PC4429","S-1-5-21-1634558665-2257203147-3060767804-1000","12/10/2013 8:53:28 AM",,,"c:\users\mac_1\desktop\winevt\logs\microsoft-windows-diagnosis-scheduled%4operational.evtx","System.UInt32[]","System.Diagnostics.Eventing.Reader.EventBookmark","Information","Info",,"System.Collections.ObjectModel.ReadOnlyCollection`1[System.String]","System.Collections.Generic.List`1[System.Diagnostics.Eventing.Reader.EventProperty]"
"The scheduled diagnostic task has completed initialization of a diagnostic package.","6","0",,"4","0","0","-9223372002495037440","3","Microsoft-Windows-Diagnosis-Scheduled","40ab57c2-1c53-4df9-9324-ff7cf898a02c","Microsoft-Windows-Diagnosis-Scheduled/Operational","2192","2380","rjaf-PC4429","S-1-5-21-1634558665-2257203147-3060767804-1000","12/10/2013 8:53:28 AM",,,"c:\users\mac_1\desktop\winevt\logs\microsoft-windows-diagnosis-scheduled%4operational.evtx","System.UInt32[]","System.Diagnostics.Eventing.Reader.EventBookmark","Information","Info",,"System.Collections.ObjectModel.ReadOnlyCollection`1[System.String]","System.Collections.Generic.List`1[System.Diagnostics.Eventing.Reader.EventProperty]"
"The scheduled diagnostic task has started initializing a diagnostic package.","5","0",,"4","0","0","-9223372002495037440","2","Microsoft-Windows-Diagnosis-Scheduled","40ab57c2-1c53-4df9-9324-ff7cf898a02c","Microsoft-Windows-Diagnosis-Scheduled/Operational","2192","2380","rjaf-PC4429","S-1-5-21-1634558665-2257203147-3060767804-1000","12/10/2013 8:53:28 AM",,,"c:\users\mac_1\desktop\winevt\logs\microsoft-windows-diagnosis-scheduled%4operational.evtx","System.UInt32[]","System.Diagnostics.Eventing.Reader.EventBookmark","Information","Info",,"System.Collections.ObjectModel.ReadOnlyCollection`1[System.String]","System.Collections.Generic.List`1[System.Diagnostics.Eventing.Reader.EventProperty]"
"Scheduled diagnostics have started.","2","0",,"4","0","0","-9223372002495037440","1","Microsoft-Windows-Diagnosis-Scheduled","40ab57c2-1c53-4df9-9324-ff7cf898a02c","Microsoft-Windows-Diagnosis-Scheduled/Operational","2192","1836","rjaf-PC4429","S-1-5-21-1634558665-2257203147-3060767804-1000","12/10/2013 8:53:28 AM",,,"c:\users\mac_1\desktop\winevt\logs\microsoft-windows-diagnosis-scheduled%4operational.evtx","System.UInt32[]","System.Diagnostics.Eventing.Reader.EventBookmark","Information","Info",,"System.Collections.ObjectModel.ReadOnlyCollection`1[System.String]","System.Collections.Generic.List`1[System.Diagnostics.Eventing.Reader.EventProperty]"
