"Forwarded a Pnp or Power operation (27, 20) for device WPDBUSENUMROOT\UMB\2&37C186B&0&STORAGE#VOLUME#_??_USBSTOR#DISK&VEN_V88&PROD_V88&REV_5.00#27171200F27AB504&0# to the lower driver with status 0xC00000BB","2105","1",,"4","37","1","-9223372036854775808","30381","Microsoft-Windows-DriverFrameworks-UserMode","2e35aaeb-857f-4beb-a418-2e6c0e54d988","Microsoft-Windows-DriverFrameworks-UserMode/Operational","2216","3340","rjaf-PC4429","S-1-5-19","6/28/2015 2:31:12 AM",,,"c:\users\mac_1\desktop\winevt\logs\microsoft-windows-driverframeworks-usermode%4operational.evtx","System.UInt32[]","System.Diagnostics.Eventing.Reader.EventBookmark","Information","Start","Pnp or Power Management operation to a particular device.","System.Collections.ObjectModel.ReadOnlyCollection`1[System.String]","System.Collections.Generic.List`1[System.Diagnostics.Eventing.Reader.EventProperty]"
"Received a Pnp or Power operation (27, 20) for device WPDBUSENUMROOT\UMB\2&37C186B&0&STORAGE#VOLUME#_??_USBSTOR#DISK&VEN_V88&PROD_V88&REV_5.00#27171200F27AB504&0#.","2100","1",,"4","37","1","-9223372036854775808","30380","Microsoft-Windows-DriverFrameworks-UserMode","2e35aaeb-857f-4beb-a418-2e6c0e54d988","Microsoft-Windows-DriverFrameworks-UserMode/Operational","2216","3340","rjaf-PC4429","S-1-5-19","6/28/2015 2:31:12 AM",,,"c:\users\mac_1\desktop\winevt\logs\microsoft-windows-driverframeworks-usermode%4operational.evtx","System.UInt32[]","System.Diagnostics.Eventing.Reader.EventBookmark","Information","Start","Pnp or Power Management operation to a particular device.","System.Collections.ObjectModel.ReadOnlyCollection`1[System.String]","System.Collections.Generic.List`1[System.Diagnostics.Eventing.Reader.EventProperty]"
"Completed a Pnp or Power operation (27, 9) for device WPDBUSENUMROOT\UMB\2&37C186B&0&STORAGE#VOLUME#_??_USBSTOR#DISK&VEN_V88&PROD_V88&REV_5.00#27171200F27AB504&0# with status 0x0.","2101","1",,"4","37","2","-9223372036854775808","30379","Microsoft-Windows-DriverFrameworks-UserMode","2e35aaeb-857f-4beb-a418-2e6c0e54d988","Microsoft-Windows-DriverFrameworks-UserMode/Operational","2216","1580","rjaf-PC4429","S-1-5-19","6/28/2015 2:31:12 AM",,,"c:\users\mac_1\desktop\winevt\logs\microsoft-windows-driverframeworks-usermode%4operational.evtx","System.UInt32[]","System.Diagnostics.Eventing.Reader.EventBookmark","Information","Stop","Pnp or Power Management operation to a particular device.","System.Collections.ObjectModel.ReadOnlyCollection`1[System.String]","System.Collections.Generic.List`1[System.Diagnostics.Eventing.Reader.EventProperty]"
"Received a Pnp or Power operation (27, 9) for device WPDBUSENUMROOT\UMB\2&37C186B&0&STORAGE#VOLUME#_??_USBSTOR#DISK&VEN_V88&PROD_V88&REV_5.00#27171200F27AB504&0# which was completed by the lower drivers with status 0x0","2106","1",,"4","37","1","-9223372036854775808","30378","Microsoft-Windows-DriverFrameworks-UserMode","2e35aaeb-857f-4beb-a418-2e6c0e54d988","Microsoft-Windows-DriverFrameworks-UserMode/Operational","2216","1580","rjaf-PC4429","S-1-5-19","6/28/2015 2:31:12 AM",,,"c:\users\mac_1\desktop\winevt\logs\microsoft-windows-driverframeworks-usermode%4operational.evtx","System.UInt32[]","System.Diagnostics.Eventing.Reader.EventBookmark","Information","Start","Pnp or Power Management operation to a particular device.","System.Collections.ObjectModel.ReadOnlyCollection`1[System.String]","System.Collections.Generic.List`1[System.Diagnostics.Eventing.Reader.EventProperty]"
"Forwarded a Pnp or Power operation (27, 9) for device WPDBUSENUMROOT\UMB\2&37C186B&0&STORAGE#VOLUME#_??_USBSTOR#DISK&VEN_V88&PROD_V88&REV_5.00#27171200F27AB504&0# to the lower driver with status 0xC00000BB","2105","1",,"4","37","1","-9223372036854775808","30377","Microsoft-Windows-DriverFrameworks-UserMode","2e35aaeb-857f-4beb-a418-2e6c0e54d988","Microsoft-Windows-DriverFrameworks-UserMode/Operational","2216","1580","rjaf-PC4429","S-1-5-19","6/28/2015 2:31:12 AM",,,"c:\users\mac_1\desktop\winevt\logs\microsoft-windows-driverframeworks-usermode%4operational.evtx","System.UInt32[]","System.Diagnostics.Eventing.Reader.EventBookmark","Information","Start","Pnp or Power Management operation to a particular device.","System.Collections.ObjectModel.ReadOnlyCollection`1[System.String]","System.Collections.Generic.List`1[System.Diagnostics.Eventing.Reader.EventProperty]"
"Received a Pnp or Power operation (27, 9) for device WPDBUSENUMROOT\UMB\2&37C186B&0&STORAGE#VOLUME#_??_USBSTOR#DISK&VEN_V88&PROD_V88&REV_5.00#27171200F27AB504&0#.","2100","1",,"4","37","1","-9223372036854775808","30376","Microsoft-Windows-DriverFrameworks-UserMode","2e35aaeb-857f-4beb-a418-2e6c0e54d988","Microsoft-Windows-DriverFrameworks-UserMode/Operational","2216","1580","rjaf-PC4429","S-1-5-19","6/28/2015 2:31:12 AM",,,"c:\users\mac_1\desktop\winevt\logs\microsoft-windows-driverframeworks-usermode%4operational.evtx","System.UInt32[]","System.Diagnostics.Eventing.Reader.EventBookmark","Information","Start","Pnp or Power Management operation to a particular device.","System.Collections.ObjectModel.ReadOnlyCollection`1[System.String]","System.Collections.Generic.List`1[System.Diagnostics.Eventing.Reader.EventProperty]"
"Completed a Pnp or Power operation (27, 0) for device WPDBUSENUMROOT\UMB\2&37C186B&0&STORAGE#VOLUME#_??_USBSTOR#DISK&VEN_V88&PROD_V88&REV_5.00#27171200F27AB504&0# with status 0x0.","2101","1",,"4","37","2","-9223372036854775808","30375","Microsoft-Windows-DriverFrameworks-UserMode","2e35aaeb-857f-4beb-a418-2e6c0e54d988","Microsoft-Windows-DriverFrameworks-UserMode/Operational","2216","3340","rjaf-PC4429","S-1-5-19","6/28/2015 2:31:12 AM",,,"c:\users\mac_1\desktop\winevt\logs\microsoft-windows-driverframeworks-usermode%4operational.evtx","System.UInt32[]","System.Diagnostics.Eventing.Reader.EventBookmark","Information","Stop","Pnp or Power Management operation to a particular device.","System.Collections.ObjectModel.ReadOnlyCollection`1[System.String]","System.Collections.Generic.List`1[System.Diagnostics.Eventing.Reader.EventProperty]"
"Received a Pnp or Power operation (27, 0) for device WPDBUSENUMROOT\UMB\2&37C186B&0&STORAGE#VOLUME#_??_USBSTOR#DISK&VEN_V88&PROD_V88&REV_5.00#27171200F27AB504&0# which was completed by the lower drivers with status 0x0","2106","1",,"4","37","1","-9223372036854775808","30374","Microsoft-Windows-DriverFrameworks-UserMode","2e35aaeb-857f-4beb-a418-2e6c0e54d988","Microsoft-Windows-DriverFrameworks-UserMode/Operational","2216","3340","rjaf-PC4429","S-1-5-19","6/28/2015 2:31:12 AM",,,"c:\users\mac_1\desktop\winevt\logs\microsoft-windows-driverframeworks-usermode%4operational.evtx","System.UInt32[]","System.Diagnostics.Eventing.Reader.EventBookmark","Information","Start","Pnp or Power Management operation to a particular device.","System.Collections.ObjectModel.ReadOnlyCollection`1[System.String]","System.Collections.Generic.List`1[System.Diagnostics.Eventing.Reader.EventProperty]"
"Forwarded a Pnp or Power operation (27, 0) for device WPDBUSENUMROOT\UMB\2&37C186B&0&STORAGE#VOLUME#_??_USBSTOR#DISK&VEN_V88&PROD_V88&REV_5.00#27171200F27AB504&0# to the lower driver with status 0xC00000BB","2105","1",,"4","37","1","-9223372036854775808","30373","Microsoft-Windows-DriverFrameworks-UserMode","2e35aaeb-857f-4beb-a418-2e6c0e54d988","Microsoft-Windows-DriverFrameworks-UserMode/Operational","2216","3340","rjaf-PC4429","S-1-5-19","6/28/2015 2:31:12 AM",,,"c:\users\mac_1\desktop\winevt\logs\microsoft-windows-driverframeworks-usermode%4operational.evtx","System.UInt32[]","System.Diagnostics.Eventing.Reader.EventBookmark","Information","Start","Pnp or Power Management operation to a particular device.","System.Collections.ObjectModel.ReadOnlyCollection`1[System.String]","System.Collections.Generic.List`1[System.Diagnostics.Eventing.Reader.EventProperty]"
"Received a Pnp or Power operation (27, 0) for device WPDBUSENUMROOT\UMB\2&37C186B&0&STORAGE#VOLUME#_??_USBSTOR#DISK&VEN_V88&PROD_V88&REV_5.00#27171200F27AB504&0#.","2100","1",,"4","37","1","-9223372036854775808","30372","Microsoft-Windows-DriverFrameworks-UserMode","2e35aaeb-857f-4beb-a418-2e6c0e54d988","Microsoft-Windows-DriverFrameworks-UserMode/Operational","2216","3340","rjaf-PC4429","S-1-5-19","6/28/2015 2:31:12 AM",,,"c:\users\mac_1\desktop\winevt\logs\microsoft-windows-driverframeworks-usermode%4operational.evtx","System.UInt32[]","System.Diagnostics.Eventing.Reader.EventBookmark","Information","Start","Pnp or Power Management operation to a particular device.","System.Collections.ObjectModel.ReadOnlyCollection`1[System.String]","System.Collections.Generic.List`1[System.Diagnostics.Eventing.Reader.EventProperty]"
"The UMDF Host successfully loaded the driver at level 0.","2006","1",,"5","33","2","-9223372036854775808","30371","Microsoft-Windows-DriverFrameworks-UserMode","2e35aaeb-857f-4beb-a418-2e6c0e54d988","Microsoft-Windows-DriverFrameworks-UserMode/Operational","2216","3340","rjaf-PC4429","S-1-5-19","6/28/2015 2:31:12 AM",,,"c:\users\mac_1\desktop\winevt\logs\microsoft-windows-driverframeworks-usermode%4operational.evtx","System.UInt32[]","System.Diagnostics.Eventing.Reader.EventBookmark","Verbose","Stop","Loading drivers to control a newly discovered device.","System.Collections.ObjectModel.ReadOnlyCollection`1[System.String]","System.Collections.Generic.List`1[System.Diagnostics.Eventing.Reader.EventProperty]"
"The UMDF Host Process ({8BAE38EE-C391-45CA-B660-71806816A1B7}) has loaded module C:\Windows\WinSxS\x86_microsoft.windows.gdiplus_6595b64144ccf1df_1.1.7600.17007_none_72f44f3186198a88\gdiplus.dll while loading drivers for device WPDBUSENUMROOT\UMB\2&37C186B&0&STORAGE#VOLUME#_??_USBSTOR#DISK&VEN_V88&PROD_V88&REV_5.00#27171200F27AB504&0#.","2005","1",,"5","33","0","-9223372036854775808","30370","Microsoft-Windows-DriverFrameworks-UserMode","2e35aaeb-857f-4beb-a418-2e6c0e54d988","Microsoft-Windows-DriverFrameworks-UserMode/Operational","2216","3340","rjaf-PC4429","S-1-5-19","6/28/2015 2:31:11 AM",,,"c:\users\mac_1\desktop\winevt\logs\microsoft-windows-driverframeworks-usermode%4operational.evtx","System.UInt32[]","System.Diagnostics.Eventing.Reader.EventBookmark","Verbose","Info","Loading drivers to control a newly discovered device.","System.Collections.ObjectModel.ReadOnlyCollection`1[System.String]","System.Collections.Generic.List`1[System.Diagnostics.Eventing.Reader.EventProperty]"
"The UMDF Host Process ({8BAE38EE-C391-45CA-B660-71806816A1B7}) has loaded module C:\Windows\System32\WMASF.DLL while loading drivers for device WPDBUSENUMROOT\UMB\2&37C186B&0&STORAGE#VOLUME#_??_USBSTOR#DISK&VEN_V88&PROD_V88&REV_5.00#27171200F27AB504&0#.","2005","1",,"5","33","0","-9223372036854775808","30369","Microsoft-Windows-DriverFrameworks-UserMode","2e35aaeb-857f-4beb-a418-2e6c0e54d988","Microsoft-Windows-DriverFrameworks-UserMode/Operational","2216","3340","rjaf-PC4429","S-1-5-19","6/28/2015 2:31:11 AM",,,"c:\users\mac_1\desktop\winevt\logs\microsoft-windows-driverframeworks-usermode%4operational.evtx","System.UInt32[]","System.Diagnostics.Eventing.Reader.EventBookmark","Verbose","Info","Loading drivers to control a newly discovered device.","System.Collections.ObjectModel.ReadOnlyCollection`1[System.String]","System.Collections.Generic.List`1[System.Diagnostics.Eventing.Reader.EventProperty]"
"The UMDF Host Process ({8BAE38EE-C391-45CA-B660-71806816A1B7}) has loaded module C:\Windows\System32\wmvcore.dll while loading drivers for device WPDBUSENUMROOT\UMB\2&37C186B&0&STORAGE#VOLUME#_??_USBSTOR#DISK&VEN_V88&PROD_V88&REV_5.00#27171200F27AB504&0#.","2005","1",,"5","33","0","-9223372036854775808","30368","Microsoft-Windows-DriverFrameworks-UserMode","2e35aaeb-857f-4beb-a418-2e6c0e54d988","Microsoft-Windows-DriverFrameworks-UserMode/Operational","2216","3340","rjaf-PC4429","S-1-5-19","6/28/2015 2:31:11 AM",,,"c:\users\mac_1\desktop\winevt\logs\microsoft-windows-driverframeworks-usermode%4operational.evtx","System.UInt32[]","System.Diagnostics.Eventing.Reader.EventBookmark","Verbose","Info","Loading drivers to control a newly discovered device.","System.Collections.ObjectModel.ReadOnlyCollection`1[System.String]","System.Collections.Generic.List`1[System.Diagnostics.Eventing.Reader.EventProperty]"
"The UMDF Host Process ({8BAE38EE-C391-45CA-B660-71806816A1B7}) has loaded module C:\Windows\System32\drivers\UMDF\WpdFs.dll while loading drivers for device WPDBUSENUMROOT\UMB\2&37C186B&0&STORAGE#VOLUME#_??_USBSTOR#DISK&VEN_V88&PROD_V88&REV_5.00#27171200F27AB504&0#.","2005","1",,"5","33","0","-9223372036854775808","30367","Microsoft-Windows-DriverFrameworks-UserMode","2e35aaeb-857f-4beb-a418-2e6c0e54d988","Microsoft-Windows-DriverFrameworks-UserMode/Operational","2216","3340","rjaf-PC4429","S-1-5-19","6/28/2015 2:31:11 AM",,,"c:\users\mac_1\desktop\winevt\logs\microsoft-windows-driverframeworks-usermode%4operational.evtx","System.UInt32[]","System.Diagnostics.Eventing.Reader.EventBookmark","Verbose","Info","Loading drivers to control a newly discovered device.","System.Collections.ObjectModel.ReadOnlyCollection`1[System.String]","System.Collections.Generic.List`1[System.Diagnostics.Eventing.Reader.EventProperty]"
"The UMDF Host Process ({8BAE38EE-C391-45CA-B660-71806816A1B7}) has loaded module C:\Windows\System32\WUDFx.dll while loading drivers for device WPDBUSENUMROOT\UMB\2&37C186B&0&STORAGE#VOLUME#_??_USBSTOR#DISK&VEN_V88&PROD_V88&REV_5.00#27171200F27AB504&0#.","2005","1",,"5","33","0","-9223372036854775808","30366","Microsoft-Windows-DriverFrameworks-UserMode","2e35aaeb-857f-4beb-a418-2e6c0e54d988","Microsoft-Windows-DriverFrameworks-UserMode/Operational","2216","3340","rjaf-PC4429","S-1-5-19","6/28/2015 2:31:11 AM",,,"c:\users\mac_1\desktop\winevt\logs\microsoft-windows-driverframeworks-usermode%4operational.evtx","System.UInt32[]","System.Diagnostics.Eventing.Reader.EventBookmark","Verbose","Info","Loading drivers to control a newly discovered device.","System.Collections.ObjectModel.ReadOnlyCollection`1[System.String]","System.Collections.Generic.List`1[System.Diagnostics.Eventing.Reader.EventProperty]"
"The UMDF Host is loading driver WpdFs at level 0 for device WPDBUSENUMROOT\UMB\2&37C186B&0&STORAGE#VOLUME#_??_USBSTOR#DISK&VEN_V88&PROD_V88&REV_5.00#27171200F27AB504&0#.","2004","1",,"5","33","1","-9223372036854775808","30365","Microsoft-Windows-DriverFrameworks-UserMode","2e35aaeb-857f-4beb-a418-2e6c0e54d988","Microsoft-Windows-DriverFrameworks-UserMode/Operational","2216","3340","rjaf-PC4429","S-1-5-19","6/28/2015 2:31:11 AM",,,"c:\users\mac_1\desktop\winevt\logs\microsoft-windows-driverframeworks-usermode%4operational.evtx","System.UInt32[]","System.Diagnostics.Eventing.Reader.EventBookmark","Verbose","Start","Loading drivers to control a newly discovered device.","System.Collections.ObjectModel.ReadOnlyCollection`1[System.String]","System.Collections.Generic.List`1[System.Diagnostics.Eventing.Reader.EventProperty]"
"The UMDF Host Process ({8BAE38EE-C391-45CA-B660-71806816A1B7}) has successfully loaded drivers for device WPDBUSENUMROOT\UMB\2&37C186B&0&STORAGE#VOLUME#_??_USBSTOR#DISK&VEN_V88&PROD_V88&REV_5.00#27171200F27AB504&0#.","2010","1",,"4","33","2","-9223372036854775808","30364","Microsoft-Windows-DriverFrameworks-UserMode","2e35aaeb-857f-4beb-a418-2e6c0e54d988","Microsoft-Windows-DriverFrameworks-UserMode/Operational","2216","3340","rjaf-PC4429","S-1-5-19","6/28/2015 2:31:11 AM",,,"c:\users\mac_1\desktop\winevt\logs\microsoft-windows-driverframeworks-usermode%4operational.evtx","System.UInt32[]","System.Diagnostics.Eventing.Reader.EventBookmark","Information","Stop","Loading drivers to control a newly discovered device.","System.Collections.ObjectModel.ReadOnlyCollection`1[System.String]","System.Collections.Generic.List`1[System.Diagnostics.Eventing.Reader.EventProperty]"
"The UMDF Host Process ({8BAE38EE-C391-45CA-B660-71806816A1B7}) has been asked to load drivers for device WPDBUSENUMROOT\UMB\2&37C186B&0&STORAGE#VOLUME#_??_USBSTOR#DISK&VEN_V88&PROD_V88&REV_5.00#27171200F27AB504&0#.","2003","1",,"4","33","1","-9223372036854775808","30363","Microsoft-Windows-DriverFrameworks-UserMode","2e35aaeb-857f-4beb-a418-2e6c0e54d988","Microsoft-Windows-DriverFrameworks-UserMode/Operational","2216","3340","rjaf-PC4429","S-1-5-19","6/28/2015 2:31:11 AM",,,"c:\users\mac_1\desktop\winevt\logs\microsoft-windows-driverframeworks-usermode%4operational.evtx","System.UInt32[]","System.Diagnostics.Eventing.Reader.EventBookmark","Information","Start","Loading drivers to control a newly discovered device.","System.Collections.ObjectModel.ReadOnlyCollection`1[System.String]","System.Collections.Generic.List`1[System.Diagnostics.Eventing.Reader.EventProperty]"
"The host process ({8BAE38EE-C391-45CA-B660-71806816A1B7}) started successfully.","1004","1",,"4","17","2","-9223372036854775808","30362","Microsoft-Windows-DriverFrameworks-UserMode","2e35aaeb-857f-4beb-a418-2e6c0e54d988","Microsoft-Windows-DriverFrameworks-UserMode/Operational","1244","2276","rjaf-PC4429","S-1-5-18","6/28/2015 2:31:11 AM",,,"c:\users\mac_1\desktop\winevt\logs\microsoft-windows-driverframeworks-usermode%4operational.evtx","System.UInt32[]","System.Diagnostics.Eventing.Reader.EventBookmark","Information","Stop","Creation of a new driver host process.","System.Collections.ObjectModel.ReadOnlyCollection`1[System.String]","System.Collections.Generic.List`1[System.Diagnostics.Eventing.Reader.EventProperty]"
"The UMDF Host Process ({8BAE38EE-C391-45CA-B660-71806816A1B7}) started successfully.","2001","1",,"4","32","2","-9223372036854775808","30361","Microsoft-Windows-DriverFrameworks-UserMode","2e35aaeb-857f-4beb-a418-2e6c0e54d988","Microsoft-Windows-DriverFrameworks-UserMode/Operational","2216","2152","rjaf-PC4429","S-1-5-19","6/28/2015 2:31:11 AM",,,"c:\users\mac_1\desktop\winevt\logs\microsoft-windows-driverframeworks-usermode%4operational.evtx","System.UInt32[]","System.Diagnostics.Eventing.Reader.EventBookmark","Information","Stop","Startup of a new driver host process.","System.Collections.ObjectModel.ReadOnlyCollection`1[System.String]","System.Collections.Generic.List`1[System.Diagnostics.Eventing.Reader.EventProperty]"
"The UMDF Host Process ({8BAE38EE-C391-45CA-B660-71806816A1B7}) is starting up.","2000","1",,"4","32","1","-9223372036854775808","30360","Microsoft-Windows-DriverFrameworks-UserMode","2e35aaeb-857f-4beb-a418-2e6c0e54d988","Microsoft-Windows-DriverFrameworks-UserMode/Operational","2216","2152","rjaf-PC4429","S-1-5-19","6/28/2015 2:31:11 AM",,,"c:\users\mac_1\desktop\winevt\logs\microsoft-windows-driverframeworks-usermode%4operational.evtx","System.UInt32[]","System.Diagnostics.Eventing.Reader.EventBookmark","Information","Start","Startup of a new driver host process.","System.Collections.ObjectModel.ReadOnlyCollection`1[System.String]","System.Collections.Generic.List`1[System.Diagnostics.Eventing.Reader.EventProperty]"
"The Driver Manager service is starting a host process for device WPDBUSENUMROOT.UMB.2&37C186B&0&STORAGE#VOLUME#_??_USBSTOR#DISK&VEN_V88&PROD_V88&REV_5.00#27171200F27AB504&0#.","1003","1",,"4","17","1","-9223372036854775808","30359","Microsoft-Windows-DriverFrameworks-UserMode","2e35aaeb-857f-4beb-a418-2e6c0e54d988","Microsoft-Windows-DriverFrameworks-UserMode/Operational","1244","2276","rjaf-PC4429","S-1-5-18","6/28/2015 2:31:11 AM",,,"c:\users\mac_1\desktop\winevt\logs\microsoft-windows-driverframeworks-usermode%4operational.evtx","System.UInt32[]","System.Diagnostics.Eventing.Reader.EventBookmark","Information","Start","Creation of a new driver host process.","System.Collections.ObjectModel.ReadOnlyCollection`1[System.String]","System.Collections.Generic.List`1[System.Diagnostics.Eventing.Reader.EventProperty]"
"The Driver Manager service started successfully","1000","1",,"4","16","1","-9223372036854775808","30358","Microsoft-Windows-DriverFrameworks-UserMode","2e35aaeb-857f-4beb-a418-2e6c0e54d988","Microsoft-Windows-DriverFrameworks-UserMode/Operational","1244","2328","rjaf-PC4429","S-1-5-18","6/28/2015 2:31:11 AM",,,"c:\users\mac_1\desktop\winevt\logs\microsoft-windows-driverframeworks-usermode%4operational.evtx","System.UInt32[]","System.Diagnostics.Eventing.Reader.EventBookmark","Information","Start","Startup of the driver manager service.","System.Collections.ObjectModel.ReadOnlyCollection`1[System.String]","System.Collections.Generic.List`1[System.Diagnostics.Eventing.Reader.EventProperty]"
"The host process ({CC021F63-BC27-47F3-8D46-5B477B49BFD4}) has been shutdown.","1008","1",,"4","18","2","-9223372036854775808","30357","Microsoft-Windows-DriverFrameworks-UserMode","2e35aaeb-857f-4beb-a418-2e6c0e54d988","Microsoft-Windows-DriverFrameworks-UserMode/Operational","1340","5836","rjaf-PC4429","S-1-5-18","6/25/2015 1:50:36 PM",,,"c:\users\mac_1\desktop\winevt\logs\microsoft-windows-driverframeworks-usermode%4operational.evtx","System.UInt32[]","System.Diagnostics.Eventing.Reader.EventBookmark","Information","Stop","Shutdown of a driver host process.","System.Collections.ObjectModel.ReadOnlyCollection`1[System.String]","System.Collections.Generic.List`1[System.Diagnostics.Eventing.Reader.EventProperty]"
"The UMDF Host ({CC021F63-BC27-47F3-8D46-5B477B49BFD4}) has shutdown.","2901","1",,"4","41","2","-9223372036854775808","30356","Microsoft-Windows-DriverFrameworks-UserMode","2e35aaeb-857f-4beb-a418-2e6c0e54d988","Microsoft-Windows-DriverFrameworks-UserMode/Operational","5504","3908","rjaf-PC4429","S-1-5-19","6/25/2015 1:50:36 PM",,,"c:\users\mac_1\desktop\winevt\logs\microsoft-windows-driverframeworks-usermode%4operational.evtx","System.UInt32[]","System.Diagnostics.Eventing.Reader.EventBookmark","Information","Stop","Shutdown of a driver host process.","System.Collections.ObjectModel.ReadOnlyCollection`1[System.String]","System.Collections.Generic.List`1[System.Diagnostics.Eventing.Reader.EventProperty]"
"The UMDF Host ({CC021F63-BC27-47F3-8D46-5B477B49BFD4}) has been asked to shutdown.","2900","1",,"4","41","1","-9223372036854775808","30355","Microsoft-Windows-DriverFrameworks-UserMode","2e35aaeb-857f-4beb-a418-2e6c0e54d988","Microsoft-Windows-DriverFrameworks-UserMode/Operational","5504","5408","rjaf-PC4429","S-1-5-19","6/25/2015 1:50:36 PM",,,"c:\users\mac_1\desktop\winevt\logs\microsoft-windows-driverframeworks-usermode%4operational.evtx","System.UInt32[]","System.Diagnostics.Eventing.Reader.EventBookmark","Information","Start","Shutdown of a driver host process.","System.Collections.ObjectModel.ReadOnlyCollection`1[System.String]","System.Collections.Generic.List`1[System.Diagnostics.Eventing.Reader.EventProperty]"
"The host process ({CC021F63-BC27-47F3-8D46-5B477B49BFD4}) is being asked to shutdown.","1006","1",,"4","18","1","-9223372036854775808","30354","Microsoft-Windows-DriverFrameworks-UserMode","2e35aaeb-857f-4beb-a418-2e6c0e54d988","Microsoft-Windows-DriverFrameworks-UserMode/Operational","1340","5836","rjaf-PC4429","S-1-5-18","6/25/2015 1:50:36 PM",,,"c:\users\mac_1\desktop\winevt\logs\microsoft-windows-driverframeworks-usermode%4operational.evtx","System.UInt32[]","System.Diagnostics.Eventing.Reader.EventBookmark","Information","Start","Shutdown of a driver host process.","System.Collections.ObjectModel.ReadOnlyCollection`1[System.String]","System.Collections.Generic.List`1[System.Diagnostics.Eventing.Reader.EventProperty]"
"Forwarded a finished Pnp or Power operation (27, 2) to the lower driver for device WPDBUSENUMROOT\UMB\2&37C186B&0&STORAGE#VOLUME#_??_USBSTOR#DISK&VEN_SD#MMC&PROD_CARD__READER&REV_1.00#058F011111B1&0# with status 0xC00000BB.","2102","1",,"4","37","2","-9223372036854775808","30353","Microsoft-Windows-DriverFrameworks-UserMode","2e35aaeb-857f-4beb-a418-2e6c0e54d988","Microsoft-Windows-DriverFrameworks-UserMode/Operational","5504","5408","rjaf-PC4429","S-1-5-19","6/25/2015 1:50:36 PM",,,"c:\users\mac_1\desktop\winevt\logs\microsoft-windows-driverframeworks-usermode%4operational.evtx","System.UInt32[]","System.Diagnostics.Eventing.Reader.EventBookmark","Information","Stop","Pnp or Power Management operation to a particular device.","System.Collections.ObjectModel.ReadOnlyCollection`1[System.String]","System.Collections.Generic.List`1[System.Diagnostics.Eventing.Reader.EventProperty]"
"Received a Pnp or Power operation (27, 2) for device WPDBUSENUMROOT\UMB\2&37C186B&0&STORAGE#VOLUME#_??_USBSTOR#DISK&VEN_SD#MMC&PROD_CARD__READER&REV_1.00#058F011111B1&0#.","2100","1",,"4","37","1","-9223372036854775808","30352","Microsoft-Windows-DriverFrameworks-UserMode","2e35aaeb-857f-4beb-a418-2e6c0e54d988","Microsoft-Windows-DriverFrameworks-UserMode/Operational","5504","5408","rjaf-PC4429","S-1-5-19","6/25/2015 1:50:36 PM",,,"c:\users\mac_1\desktop\winevt\logs\microsoft-windows-driverframeworks-usermode%4operational.evtx","System.UInt32[]","System.Diagnostics.Eventing.Reader.EventBookmark","Information","Start","Pnp or Power Management operation to a particular device.","System.Collections.ObjectModel.ReadOnlyCollection`1[System.String]","System.Collections.Generic.List`1[System.Diagnostics.Eventing.Reader.EventProperty]"
"Forwarded a finished Pnp or Power operation (27, 23) to the lower driver for device WPDBUSENUMROOT\UMB\2&37C186B&0&STORAGE#VOLUME#_??_USBSTOR#DISK&VEN_SD#MMC&PROD_CARD__READER&REV_1.00#058F011111B1&0# with status 0xC00000BB.","2102","1",,"4","37","2","-9223372036854775808","30351","Microsoft-Windows-DriverFrameworks-UserMode","2e35aaeb-857f-4beb-a418-2e6c0e54d988","Microsoft-Windows-DriverFrameworks-UserMode/Operational","5504","5408","rjaf-PC4429","S-1-5-19","6/25/2015 1:50:36 PM",,,"c:\users\mac_1\desktop\winevt\logs\microsoft-windows-driverframeworks-usermode%4operational.evtx","System.UInt32[]","System.Diagnostics.Eventing.Reader.EventBookmark","Information","Stop","Pnp or Power Management operation to a particular device.","System.Collections.ObjectModel.ReadOnlyCollection`1[System.String]","System.Collections.Generic.List`1[System.Diagnostics.Eventing.Reader.EventProperty]"
"Received a Pnp or Power operation (27, 23) for device WPDBUSENUMROOT\UMB\2&37C186B&0&STORAGE#VOLUME#_??_USBSTOR#DISK&VEN_SD#MMC&PROD_CARD__READER&REV_1.00#058F011111B1&0#.","2100","1",,"4","37","1","-9223372036854775808","30350","Microsoft-Windows-DriverFrameworks-UserMode","2e35aaeb-857f-4beb-a418-2e6c0e54d988","Microsoft-Windows-DriverFrameworks-UserMode/Operational","5504","5408","rjaf-PC4429","S-1-5-19","6/25/2015 1:50:36 PM",,,"c:\users\mac_1\desktop\winevt\logs\microsoft-windows-driverframeworks-usermode%4operational.evtx","System.UInt32[]","System.Diagnostics.Eventing.Reader.EventBookmark","Information","Start","Pnp or Power Management operation to a particular device.","System.Collections.ObjectModel.ReadOnlyCollection`1[System.String]","System.Collections.Generic.List`1[System.Diagnostics.Eventing.Reader.EventProperty]"
"Completed a Pnp or Power operation (27, 20) for device WPDBUSENUMROOT\UMB\2&37C186B&0&STORAGE#VOLUME#_??_USBSTOR#DISK&VEN_SD#MMC&PROD_CARD__READER&REV_1.00#058F011111B1&0# with status 0x0.","2101","1",,"4","37","2","-9223372036854775808","30349","Microsoft-Windows-DriverFrameworks-UserMode","2e35aaeb-857f-4beb-a418-2e6c0e54d988","Microsoft-Windows-DriverFrameworks-UserMode/Operational","5504","5408","rjaf-PC4429","S-1-5-19","6/25/2015 1:47:48 PM",,,"c:\users\mac_1\desktop\winevt\logs\microsoft-windows-driverframeworks-usermode%4operational.evtx","System.UInt32[]","System.Diagnostics.Eventing.Reader.EventBookmark","Information","Stop","Pnp or Power Management operation to a particular device.","System.Collections.ObjectModel.ReadOnlyCollection`1[System.String]","System.Collections.Generic.List`1[System.Diagnostics.Eventing.Reader.EventProperty]"
"Received a Pnp or Power operation (27, 20) for device WPDBUSENUMROOT\UMB\2&37C186B&0&STORAGE#VOLUME#_??_USBSTOR#DISK&VEN_SD#MMC&PROD_CARD__READER&REV_1.00#058F011111B1&0# which was completed by the lower drivers with status 0x0","2106","1",,"4","37","1","-9223372036854775808","30348","Microsoft-Windows-DriverFrameworks-UserMode","2e35aaeb-857f-4beb-a418-2e6c0e54d988","Microsoft-Windows-DriverFrameworks-UserMode/Operational","5504","5408","rjaf-PC4429","S-1-5-19","6/25/2015 1:47:48 PM",,,"c:\users\mac_1\desktop\winevt\logs\microsoft-windows-driverframeworks-usermode%4operational.evtx","System.UInt32[]","System.Diagnostics.Eventing.Reader.EventBookmark","Information","Start","Pnp or Power Management operation to a particular device.","System.Collections.ObjectModel.ReadOnlyCollection`1[System.String]","System.Collections.Generic.List`1[System.Diagnostics.Eventing.Reader.EventProperty]"
"Forwarded a Pnp or Power operation (27, 20) for device WPDBUSENUMROOT\UMB\2&37C186B&0&STORAGE#VOLUME#_??_USBSTOR#DISK&VEN_SD#MMC&PROD_CARD__READER&REV_1.00#058F011111B1&0# to the lower driver with status 0xC00000BB","2105","1",,"4","37","1","-9223372036854775808","30347","Microsoft-Windows-DriverFrameworks-UserMode","2e35aaeb-857f-4beb-a418-2e6c0e54d988","Microsoft-Windows-DriverFrameworks-UserMode/Operational","5504","5408","rjaf-PC4429","S-1-5-19","6/25/2015 1:47:48 PM",,,"c:\users\mac_1\desktop\winevt\logs\microsoft-windows-driverframeworks-usermode%4operational.evtx","System.UInt32[]","System.Diagnostics.Eventing.Reader.EventBookmark","Information","Start","Pnp or Power Management operation to a particular device.","System.Collections.ObjectModel.ReadOnlyCollection`1[System.String]","System.Collections.Generic.List`1[System.Diagnostics.Eventing.Reader.EventProperty]"
"Received a Pnp or Power operation (27, 20) for device WPDBUSENUMROOT\UMB\2&37C186B&0&STORAGE#VOLUME#_??_USBSTOR#DISK&VEN_SD#MMC&PROD_CARD__READER&REV_1.00#058F011111B1&0#.","2100","1",,"4","37","1","-9223372036854775808","30346","Microsoft-Windows-DriverFrameworks-UserMode","2e35aaeb-857f-4beb-a418-2e6c0e54d988","Microsoft-Windows-DriverFrameworks-UserMode/Operational","5504","5408","rjaf-PC4429","S-1-5-19","6/25/2015 1:47:48 PM",,,"c:\users\mac_1\desktop\winevt\logs\microsoft-windows-driverframeworks-usermode%4operational.evtx","System.UInt32[]","System.Diagnostics.Eventing.Reader.EventBookmark","Information","Start","Pnp or Power Management operation to a particular device.","System.Collections.ObjectModel.ReadOnlyCollection`1[System.String]","System.Collections.Generic.List`1[System.Diagnostics.Eventing.Reader.EventProperty]"
"Completed a Pnp or Power operation (27, 9) for device WPDBUSENUMROOT\UMB\2&37C186B&0&STORAGE#VOLUME#_??_USBSTOR#DISK&VEN_SD#MMC&PROD_CARD__READER&REV_1.00#058F011111B1&0# with status 0x0.","2101","1",,"4","37","2","-9223372036854775808","30345","Microsoft-Windows-DriverFrameworks-UserMode","2e35aaeb-857f-4beb-a418-2e6c0e54d988","Microsoft-Windows-DriverFrameworks-UserMode/Operational","5504","5184","rjaf-PC4429","S-1-5-19","6/25/2015 1:47:48 PM",,,"c:\users\mac_1\desktop\winevt\logs\microsoft-windows-driverframeworks-usermode%4operational.evtx","System.UInt32[]","System.Diagnostics.Eventing.Reader.EventBookmark","Information","Stop","Pnp or Power Management operation to a particular device.","System.Collections.ObjectModel.ReadOnlyCollection`1[System.String]","System.Collections.Generic.List`1[System.Diagnostics.Eventing.Reader.EventProperty]"
"Received a Pnp or Power operation (27, 9) for device WPDBUSENUMROOT\UMB\2&37C186B&0&STORAGE#VOLUME#_??_USBSTOR#DISK&VEN_SD#MMC&PROD_CARD__READER&REV_1.00#058F011111B1&0# which was completed by the lower drivers with status 0x0","2106","1",,"4","37","1","-9223372036854775808","30344","Microsoft-Windows-DriverFrameworks-UserMode","2e35aaeb-857f-4beb-a418-2e6c0e54d988","Microsoft-Windows-DriverFrameworks-UserMode/Operational","5504","5184","rjaf-PC4429","S-1-5-19","6/25/2015 1:47:48 PM",,,"c:\users\mac_1\desktop\winevt\logs\microsoft-windows-driverframeworks-usermode%4operational.evtx","System.UInt32[]","System.Diagnostics.Eventing.Reader.EventBookmark","Information","Start","Pnp or Power Management operation to a particular device.","System.Collections.ObjectModel.ReadOnlyCollection`1[System.String]","System.Collections.Generic.List`1[System.Diagnostics.Eventing.Reader.EventProperty]"
"Forwarded a Pnp or Power operation (27, 9) for device WPDBUSENUMROOT\UMB\2&37C186B&0&STORAGE#VOLUME#_??_USBSTOR#DISK&VEN_SD#MMC&PROD_CARD__READER&REV_1.00#058F011111B1&0# to the lower driver with status 0xC00000BB","2105","1",,"4","37","1","-9223372036854775808","30343","Microsoft-Windows-DriverFrameworks-UserMode","2e35aaeb-857f-4beb-a418-2e6c0e54d988","Microsoft-Windows-DriverFrameworks-UserMode/Operational","5504","5184","rjaf-PC4429","S-1-5-19","6/25/2015 1:47:48 PM",,,"c:\users\mac_1\desktop\winevt\logs\microsoft-windows-driverframeworks-usermode%4operational.evtx","System.UInt32[]","System.Diagnostics.Eventing.Reader.EventBookmark","Information","Start","Pnp or Power Management operation to a particular device.","System.Collections.ObjectModel.ReadOnlyCollection`1[System.String]","System.Collections.Generic.List`1[System.Diagnostics.Eventing.Reader.EventProperty]"
"Received a Pnp or Power operation (27, 9) for device WPDBUSENUMROOT\UMB\2&37C186B&0&STORAGE#VOLUME#_??_USBSTOR#DISK&VEN_SD#MMC&PROD_CARD__READER&REV_1.00#058F011111B1&0#.","2100","1",,"4","37","1","-9223372036854775808","30342","Microsoft-Windows-DriverFrameworks-UserMode","2e35aaeb-857f-4beb-a418-2e6c0e54d988","Microsoft-Windows-DriverFrameworks-UserMode/Operational","5504","5184","rjaf-PC4429","S-1-5-19","6/25/2015 1:47:48 PM",,,"c:\users\mac_1\desktop\winevt\logs\microsoft-windows-driverframeworks-usermode%4operational.evtx","System.UInt32[]","System.Diagnostics.Eventing.Reader.EventBookmark","Information","Start","Pnp or Power Management operation to a particular device.","System.Collections.ObjectModel.ReadOnlyCollection`1[System.String]","System.Collections.Generic.List`1[System.Diagnostics.Eventing.Reader.EventProperty]"
"Completed a Pnp or Power operation (27, 0) for device WPDBUSENUMROOT\UMB\2&37C186B&0&STORAGE#VOLUME#_??_USBSTOR#DISK&VEN_SD#MMC&PROD_CARD__READER&REV_1.00#058F011111B1&0# with status 0x0.","2101","1",,"4","37","2","-9223372036854775808","30341","Microsoft-Windows-DriverFrameworks-UserMode","2e35aaeb-857f-4beb-a418-2e6c0e54d988","Microsoft-Windows-DriverFrameworks-UserMode/Operational","5504","5408","rjaf-PC4429","S-1-5-19","6/25/2015 1:47:48 PM",,,"c:\users\mac_1\desktop\winevt\logs\microsoft-windows-driverframeworks-usermode%4operational.evtx","System.UInt32[]","System.Diagnostics.Eventing.Reader.EventBookmark","Information","Stop","Pnp or Power Management operation to a particular device.","System.Collections.ObjectModel.ReadOnlyCollection`1[System.String]","System.Collections.Generic.List`1[System.Diagnostics.Eventing.Reader.EventProperty]"
"Received a Pnp or Power operation (27, 0) for device WPDBUSENUMROOT\UMB\2&37C186B&0&STORAGE#VOLUME#_??_USBSTOR#DISK&VEN_SD#MMC&PROD_CARD__READER&REV_1.00#058F011111B1&0# which was completed by the lower drivers with status 0x0","2106","1",,"4","37","1","-9223372036854775808","30340","Microsoft-Windows-DriverFrameworks-UserMode","2e35aaeb-857f-4beb-a418-2e6c0e54d988","Microsoft-Windows-DriverFrameworks-UserMode/Operational","5504","5408","rjaf-PC4429","S-1-5-19","6/25/2015 1:47:48 PM",,,"c:\users\mac_1\desktop\winevt\logs\microsoft-windows-driverframeworks-usermode%4operational.evtx","System.UInt32[]","System.Diagnostics.Eventing.Reader.EventBookmark","Information","Start","Pnp or Power Management operation to a particular device.","System.Collections.ObjectModel.ReadOnlyCollection`1[System.String]","System.Collections.Generic.List`1[System.Diagnostics.Eventing.Reader.EventProperty]"
"Forwarded a Pnp or Power operation (27, 0) for device WPDBUSENUMROOT\UMB\2&37C186B&0&STORAGE#VOLUME#_??_USBSTOR#DISK&VEN_SD#MMC&PROD_CARD__READER&REV_1.00#058F011111B1&0# to the lower driver with status 0xC00000BB","2105","1",,"4","37","1","-9223372036854775808","30339","Microsoft-Windows-DriverFrameworks-UserMode","2e35aaeb-857f-4beb-a418-2e6c0e54d988","Microsoft-Windows-DriverFrameworks-UserMode/Operational","5504","5408","rjaf-PC4429","S-1-5-19","6/25/2015 1:47:48 PM",,,"c:\users\mac_1\desktop\winevt\logs\microsoft-windows-driverframeworks-usermode%4operational.evtx","System.UInt32[]","System.Diagnostics.Eventing.Reader.EventBookmark","Information","Start","Pnp or Power Management operation to a particular device.","System.Collections.ObjectModel.ReadOnlyCollection`1[System.String]","System.Collections.Generic.List`1[System.Diagnostics.Eventing.Reader.EventProperty]"
"Received a Pnp or Power operation (27, 0) for device WPDBUSENUMROOT\UMB\2&37C186B&0&STORAGE#VOLUME#_??_USBSTOR#DISK&VEN_SD#MMC&PROD_CARD__READER&REV_1.00#058F011111B1&0#.","2100","1",,"4","37","1","-9223372036854775808","30338","Microsoft-Windows-DriverFrameworks-UserMode","2e35aaeb-857f-4beb-a418-2e6c0e54d988","Microsoft-Windows-DriverFrameworks-UserMode/Operational","5504","5408","rjaf-PC4429","S-1-5-19","6/25/2015 1:47:48 PM",,,"c:\users\mac_1\desktop\winevt\logs\microsoft-windows-driverframeworks-usermode%4operational.evtx","System.UInt32[]","System.Diagnostics.Eventing.Reader.EventBookmark","Information","Start","Pnp or Power Management operation to a particular device.","System.Collections.ObjectModel.ReadOnlyCollection`1[System.String]","System.Collections.Generic.List`1[System.Diagnostics.Eventing.Reader.EventProperty]"
"The UMDF Host successfully loaded the driver at level 0.","2006","1",,"5","33","2","-9223372036854775808","30337","Microsoft-Windows-DriverFrameworks-UserMode","2e35aaeb-857f-4beb-a418-2e6c0e54d988","Microsoft-Windows-DriverFrameworks-UserMode/Operational","5504","5408","rjaf-PC4429","S-1-5-19","6/25/2015 1:47:48 PM",,,"c:\users\mac_1\desktop\winevt\logs\microsoft-windows-driverframeworks-usermode%4operational.evtx","System.UInt32[]","System.Diagnostics.Eventing.Reader.EventBookmark","Verbose","Stop","Loading drivers to control a newly discovered device.","System.Collections.ObjectModel.ReadOnlyCollection`1[System.String]","System.Collections.Generic.List`1[System.Diagnostics.Eventing.Reader.EventProperty]"
"The UMDF Host Process ({CC021F63-BC27-47F3-8D46-5B477B49BFD4}) has loaded module C:\Windows\WinSxS\x86_microsoft.windows.gdiplus_6595b64144ccf1df_1.1.7600.17007_none_72f44f3186198a88\gdiplus.dll while loading drivers for device WPDBUSENUMROOT\UMB\2&37C186B&0&STORAGE#VOLUME#_??_USBSTOR#DISK&VEN_SD#MMC&PROD_CARD__READER&REV_1.00#058F011111B1&0#.","2005","1",,"5","33","0","-9223372036854775808","30336","Microsoft-Windows-DriverFrameworks-UserMode","2e35aaeb-857f-4beb-a418-2e6c0e54d988","Microsoft-Windows-DriverFrameworks-UserMode/Operational","5504","5408","rjaf-PC4429","S-1-5-19","6/25/2015 1:47:48 PM",,,"c:\users\mac_1\desktop\winevt\logs\microsoft-windows-driverframeworks-usermode%4operational.evtx","System.UInt32[]","System.Diagnostics.Eventing.Reader.EventBookmark","Verbose","Info","Loading drivers to control a newly discovered device.","System.Collections.ObjectModel.ReadOnlyCollection`1[System.String]","System.Collections.Generic.List`1[System.Diagnostics.Eventing.Reader.EventProperty]"
"The UMDF Host Process ({CC021F63-BC27-47F3-8D46-5B477B49BFD4}) has loaded module C:\Windows\System32\WMASF.DLL while loading drivers for device WPDBUSENUMROOT\UMB\2&37C186B&0&STORAGE#VOLUME#_??_USBSTOR#DISK&VEN_SD#MMC&PROD_CARD__READER&REV_1.00#058F011111B1&0#.","2005","1",,"5","33","0","-9223372036854775808","30335","Microsoft-Windows-DriverFrameworks-UserMode","2e35aaeb-857f-4beb-a418-2e6c0e54d988","Microsoft-Windows-DriverFrameworks-UserMode/Operational","5504","5408","rjaf-PC4429","S-1-5-19","6/25/2015 1:47:48 PM",,,"c:\users\mac_1\desktop\winevt\logs\microsoft-windows-driverframeworks-usermode%4operational.evtx","System.UInt32[]","System.Diagnostics.Eventing.Reader.EventBookmark","Verbose","Info","Loading drivers to control a newly discovered device.","System.Collections.ObjectModel.ReadOnlyCollection`1[System.String]","System.Collections.Generic.List`1[System.Diagnostics.Eventing.Reader.EventProperty]"
"The UMDF Host Process ({CC021F63-BC27-47F3-8D46-5B477B49BFD4}) has loaded module C:\Windows\System32\wmvcore.dll while loading drivers for device WPDBUSENUMROOT\UMB\2&37C186B&0&STORAGE#VOLUME#_??_USBSTOR#DISK&VEN_SD#MMC&PROD_CARD__READER&REV_1.00#058F011111B1&0#.","2005","1",,"5","33","0","-9223372036854775808","30334","Microsoft-Windows-DriverFrameworks-UserMode","2e35aaeb-857f-4beb-a418-2e6c0e54d988","Microsoft-Windows-DriverFrameworks-UserMode/Operational","5504","5408","rjaf-PC4429","S-1-5-19","6/25/2015 1:47:48 PM",,,"c:\users\mac_1\desktop\winevt\logs\microsoft-windows-driverframeworks-usermode%4operational.evtx","System.UInt32[]","System.Diagnostics.Eventing.Reader.EventBookmark","Verbose","Info","Loading drivers to control a newly discovered device.","System.Collections.ObjectModel.ReadOnlyCollection`1[System.String]","System.Collections.Generic.List`1[System.Diagnostics.Eventing.Reader.EventProperty]"
"The UMDF Host Process ({CC021F63-BC27-47F3-8D46-5B477B49BFD4}) has loaded module C:\Windows\System32\drivers\UMDF\WpdFs.dll while loading drivers for device WPDBUSENUMROOT\UMB\2&37C186B&0&STORAGE#VOLUME#_??_USBSTOR#DISK&VEN_SD#MMC&PROD_CARD__READER&REV_1.00#058F011111B1&0#.","2005","1",,"5","33","0","-9223372036854775808","30333","Microsoft-Windows-DriverFrameworks-UserMode","2e35aaeb-857f-4beb-a418-2e6c0e54d988","Microsoft-Windows-DriverFrameworks-UserMode/Operational","5504","5408","rjaf-PC4429","S-1-5-19","6/25/2015 1:47:48 PM",,,"c:\users\mac_1\desktop\winevt\logs\microsoft-windows-driverframeworks-usermode%4operational.evtx","System.UInt32[]","System.Diagnostics.Eventing.Reader.EventBookmark","Verbose","Info","Loading drivers to control a newly discovered device.","System.Collections.ObjectModel.ReadOnlyCollection`1[System.String]","System.Collections.Generic.List`1[System.Diagnostics.Eventing.Reader.EventProperty]"
"The UMDF Host Process ({CC021F63-BC27-47F3-8D46-5B477B49BFD4}) has loaded module C:\Windows\System32\WUDFx.dll while loading drivers for device WPDBUSENUMROOT\UMB\2&37C186B&0&STORAGE#VOLUME#_??_USBSTOR#DISK&VEN_SD#MMC&PROD_CARD__READER&REV_1.00#058F011111B1&0#.","2005","1",,"5","33","0","-9223372036854775808","30332","Microsoft-Windows-DriverFrameworks-UserMode","2e35aaeb-857f-4beb-a418-2e6c0e54d988","Microsoft-Windows-DriverFrameworks-UserMode/Operational","5504","5408","rjaf-PC4429","S-1-5-19","6/25/2015 1:47:48 PM",,,"c:\users\mac_1\desktop\winevt\logs\microsoft-windows-driverframeworks-usermode%4operational.evtx","System.UInt32[]","System.Diagnostics.Eventing.Reader.EventBookmark","Verbose","Info","Loading drivers to control a newly discovered device.","System.Collections.ObjectModel.ReadOnlyCollection`1[System.String]","System.Collections.Generic.List`1[System.Diagnostics.Eventing.Reader.EventProperty]"
"The UMDF Host is loading driver WpdFs at level 0 for device WPDBUSENUMROOT\UMB\2&37C186B&0&STORAGE#VOLUME#_??_USBSTOR#DISK&VEN_SD#MMC&PROD_CARD__READER&REV_1.00#058F011111B1&0#.","2004","1",,"5","33","1","-9223372036854775808","30331","Microsoft-Windows-DriverFrameworks-UserMode","2e35aaeb-857f-4beb-a418-2e6c0e54d988","Microsoft-Windows-DriverFrameworks-UserMode/Operational","5504","5408","rjaf-PC4429","S-1-5-19","6/25/2015 1:47:48 PM",,,"c:\users\mac_1\desktop\winevt\logs\microsoft-windows-driverframeworks-usermode%4operational.evtx","System.UInt32[]","System.Diagnostics.Eventing.Reader.EventBookmark","Verbose","Start","Loading drivers to control a newly discovered device.","System.Collections.ObjectModel.ReadOnlyCollection`1[System.String]","System.Collections.Generic.List`1[System.Diagnostics.Eventing.Reader.EventProperty]"
"The UMDF Host Process ({CC021F63-BC27-47F3-8D46-5B477B49BFD4}) has successfully loaded drivers for device WPDBUSENUMROOT\UMB\2&37C186B&0&STORAGE#VOLUME#_??_USBSTOR#DISK&VEN_SD#MMC&PROD_CARD__READER&REV_1.00#058F011111B1&0#.","2010","1",,"4","33","2","-9223372036854775808","30330","Microsoft-Windows-DriverFrameworks-UserMode","2e35aaeb-857f-4beb-a418-2e6c0e54d988","Microsoft-Windows-DriverFrameworks-UserMode/Operational","5504","5408","rjaf-PC4429","S-1-5-19","6/25/2015 1:47:48 PM",,,"c:\users\mac_1\desktop\winevt\logs\microsoft-windows-driverframeworks-usermode%4operational.evtx","System.UInt32[]","System.Diagnostics.Eventing.Reader.EventBookmark","Information","Stop","Loading drivers to control a newly discovered device.","System.Collections.ObjectModel.ReadOnlyCollection`1[System.String]","System.Collections.Generic.List`1[System.Diagnostics.Eventing.Reader.EventProperty]"
"The UMDF Host Process ({CC021F63-BC27-47F3-8D46-5B477B49BFD4}) has been asked to load drivers for device WPDBUSENUMROOT\UMB\2&37C186B&0&STORAGE#VOLUME#_??_USBSTOR#DISK&VEN_SD#MMC&PROD_CARD__READER&REV_1.00#058F011111B1&0#.","2003","1",,"4","33","1","-9223372036854775808","30329","Microsoft-Windows-DriverFrameworks-UserMode","2e35aaeb-857f-4beb-a418-2e6c0e54d988","Microsoft-Windows-DriverFrameworks-UserMode/Operational","5504","5408","rjaf-PC4429","S-1-5-19","6/25/2015 1:47:48 PM",,,"c:\users\mac_1\desktop\winevt\logs\microsoft-windows-driverframeworks-usermode%4operational.evtx","System.UInt32[]","System.Diagnostics.Eventing.Reader.EventBookmark","Information","Start","Loading drivers to control a newly discovered device.","System.Collections.ObjectModel.ReadOnlyCollection`1[System.String]","System.Collections.Generic.List`1[System.Diagnostics.Eventing.Reader.EventProperty]"
"The host process ({CC021F63-BC27-47F3-8D46-5B477B49BFD4}) started successfully.","1004","1",,"4","17","2","-9223372036854775808","30328","Microsoft-Windows-DriverFrameworks-UserMode","2e35aaeb-857f-4beb-a418-2e6c0e54d988","Microsoft-Windows-DriverFrameworks-UserMode/Operational","1340","5836","rjaf-PC4429","S-1-5-18","6/25/2015 1:47:48 PM",,,"c:\users\mac_1\desktop\winevt\logs\microsoft-windows-driverframeworks-usermode%4operational.evtx","System.UInt32[]","System.Diagnostics.Eventing.Reader.EventBookmark","Information","Stop","Creation of a new driver host process.","System.Collections.ObjectModel.ReadOnlyCollection`1[System.String]","System.Collections.Generic.List`1[System.Diagnostics.Eventing.Reader.EventProperty]"
"The UMDF Host Process ({CC021F63-BC27-47F3-8D46-5B477B49BFD4}) started successfully.","2001","1",,"4","32","2","-9223372036854775808","30327","Microsoft-Windows-DriverFrameworks-UserMode","2e35aaeb-857f-4beb-a418-2e6c0e54d988","Microsoft-Windows-DriverFrameworks-UserMode/Operational","5504","3908","rjaf-PC4429","S-1-5-19","6/25/2015 1:47:48 PM",,,"c:\users\mac_1\desktop\winevt\logs\microsoft-windows-driverframeworks-usermode%4operational.evtx","System.UInt32[]","System.Diagnostics.Eventing.Reader.EventBookmark","Information","Stop","Startup of a new driver host process.","System.Collections.ObjectModel.ReadOnlyCollection`1[System.String]","System.Collections.Generic.List`1[System.Diagnostics.Eventing.Reader.EventProperty]"
"The UMDF Host Process ({CC021F63-BC27-47F3-8D46-5B477B49BFD4}) is starting up.","2000","1",,"4","32","1","-9223372036854775808","30326","Microsoft-Windows-DriverFrameworks-UserMode","2e35aaeb-857f-4beb-a418-2e6c0e54d988","Microsoft-Windows-DriverFrameworks-UserMode/Operational","5504","3908","rjaf-PC4429","S-1-5-19","6/25/2015 1:47:48 PM",,,"c:\users\mac_1\desktop\winevt\logs\microsoft-windows-driverframeworks-usermode%4operational.evtx","System.UInt32[]","System.Diagnostics.Eventing.Reader.EventBookmark","Information","Start","Startup of a new driver host process.","System.Collections.ObjectModel.ReadOnlyCollection`1[System.String]","System.Collections.Generic.List`1[System.Diagnostics.Eventing.Reader.EventProperty]"
"The Driver Manager service is starting a host process for device WPDBUSENUMROOT.UMB.2&37C186B&0&STORAGE#VOLUME#_??_USBSTOR#DISK&VEN_SD#MMC&PROD_CARD__READER&REV_1.00#058F011111B1&0#.","1003","1",,"4","17","1","-9223372036854775808","30325","Microsoft-Windows-DriverFrameworks-UserMode","2e35aaeb-857f-4beb-a418-2e6c0e54d988","Microsoft-Windows-DriverFrameworks-UserMode/Operational","1340","5836","rjaf-PC4429","S-1-5-18","6/25/2015 1:47:48 PM",,,"c:\users\mac_1\desktop\winevt\logs\microsoft-windows-driverframeworks-usermode%4operational.evtx","System.UInt32[]","System.Diagnostics.Eventing.Reader.EventBookmark","Information","Start","Creation of a new driver host process.","System.Collections.ObjectModel.ReadOnlyCollection`1[System.String]","System.Collections.Generic.List`1[System.Diagnostics.Eventing.Reader.EventProperty]"
"The Driver Manager service started successfully","1000","1",,"4","16","1","-9223372036854775808","30324","Microsoft-Windows-DriverFrameworks-UserMode","2e35aaeb-857f-4beb-a418-2e6c0e54d988","Microsoft-Windows-DriverFrameworks-UserMode/Operational","1340","3936","rjaf-PC4429","S-1-5-18","6/25/2015 1:47:47 PM",,,"c:\users\mac_1\desktop\winevt\logs\microsoft-windows-driverframeworks-usermode%4operational.evtx","System.UInt32[]","System.Diagnostics.Eventing.Reader.EventBookmark","Information","Start","Startup of the driver manager service.","System.Collections.ObjectModel.ReadOnlyCollection`1[System.String]","System.Collections.Generic.List`1[System.Diagnostics.Eventing.Reader.EventProperty]"
"The host process ({2A56C51A-80F9-45E4-9A57-5E5D46B52B37}) has been shutdown.","1008","1",,"4","18","2","-9223372036854775808","30323","Microsoft-Windows-DriverFrameworks-UserMode","2e35aaeb-857f-4beb-a418-2e6c0e54d988","Microsoft-Windows-DriverFrameworks-UserMode/Operational","1336","2600","rjaf-PC4429","S-1-5-18","6/25/2015 4:08:14 AM",,,"c:\users\mac_1\desktop\winevt\logs\microsoft-windows-driverframeworks-usermode%4operational.evtx","System.UInt32[]","System.Diagnostics.Eventing.Reader.EventBookmark","Information","Stop","Shutdown of a driver host process.","System.Collections.ObjectModel.ReadOnlyCollection`1[System.String]","System.Collections.Generic.List`1[System.Diagnostics.Eventing.Reader.EventProperty]"
