"Reliability Analysis calculated system stability of 9.213 for the one-day period starting at ?2014?-?09?-?13T00:00:00.000000000Z.","2005","0",,"4","0","0","-9223372036854771712","285","Microsoft-Windows-Reliability-Analysis-Engine","4ba32972-6fc5-488a-8368-5da620d05127","Microsoft-Windows-ReliabilityAnalysisComponent/Operational","3824","4036","rjaf-PC4429","S-1-5-19","9/14/2014 12:50:02 AM",,,"c:\users\mac_1\desktop\winevt\logs\microsoft-windows-reliabilityanalysiscomponent%4operational.evtx","System.UInt32[]","System.Diagnostics.Eventing.Reader.EventBookmark","Information","Info",,"System.Collections.ObjectModel.ReadOnlyCollection`1[System.String]","System.Collections.Generic.List`1[System.Diagnostics.Eventing.Reader.EventProperty]"
"Reliability Analysis calculated system stability of 8.998 for the one-day period starting at ?2014?-?09?-?12T00:00:00.000000000Z.","2005","0",,"4","0","0","-9223372036854771712","284","Microsoft-Windows-Reliability-Analysis-Engine","4ba32972-6fc5-488a-8368-5da620d05127","Microsoft-Windows-ReliabilityAnalysisComponent/Operational","3824","4036","rjaf-PC4429","S-1-5-19","9/14/2014 12:50:01 AM",,,"c:\users\mac_1\desktop\winevt\logs\microsoft-windows-reliabilityanalysiscomponent%4operational.evtx","System.UInt32[]","System.Diagnostics.Eventing.Reader.EventBookmark","Information","Info",,"System.Collections.ObjectModel.ReadOnlyCollection`1[System.String]","System.Collections.Generic.List`1[System.Diagnostics.Eventing.Reader.EventProperty]"
"Reliability Analysis calculated system stability of 8.759 for the one-day period starting at ?2014?-?09?-?11T00:00:00.000000000Z.","2005","0",,"4","0","0","-9223372036854771712","283","Microsoft-Windows-Reliability-Analysis-Engine","4ba32972-6fc5-488a-8368-5da620d05127","Microsoft-Windows-ReliabilityAnalysisComponent/Operational","3328","3572","rjaf-PC4429","S-1-5-19","9/10/2014 11:21:54 PM",,,"c:\users\mac_1\desktop\winevt\logs\microsoft-windows-reliabilityanalysiscomponent%4operational.evtx","System.UInt32[]","System.Diagnostics.Eventing.Reader.EventBookmark","Information","Info",,"System.Collections.ObjectModel.ReadOnlyCollection`1[System.String]","System.Collections.Generic.List`1[System.Diagnostics.Eventing.Reader.EventProperty]"
"Reliability Analysis calculated system stability of 8.494 for the one-day period starting at ?2014?-?09?-?10T00:00:00.000000000Z.","2005","0",,"4","0","0","-9223372036854771712","282","Microsoft-Windows-Reliability-Analysis-Engine","4ba32972-6fc5-488a-8368-5da620d05127","Microsoft-Windows-ReliabilityAnalysisComponent/Operational","3540","4068","rjaf-PC4429","S-1-5-19","9/9/2014 11:02:01 PM",,,"c:\users\mac_1\desktop\winevt\logs\microsoft-windows-reliabilityanalysiscomponent%4operational.evtx","System.UInt32[]","System.Diagnostics.Eventing.Reader.EventBookmark","Information","Info",,"System.Collections.ObjectModel.ReadOnlyCollection`1[System.String]","System.Collections.Generic.List`1[System.Diagnostics.Eventing.Reader.EventProperty]"
"Reliability Analysis calculated system stability of 8.198 for the one-day period starting at ?2014?-?09?-?09T00:00:00.000000000Z.","2005","0",,"4","0","0","-9223372036854771712","281","Microsoft-Windows-Reliability-Analysis-Engine","4ba32972-6fc5-488a-8368-5da620d05127","Microsoft-Windows-ReliabilityAnalysisComponent/Operational","2212","2748","rjaf-PC4429","S-1-5-19","9/8/2014 10:52:13 PM",,,"c:\users\mac_1\desktop\winevt\logs\microsoft-windows-reliabilityanalysiscomponent%4operational.evtx","System.UInt32[]","System.Diagnostics.Eventing.Reader.EventBookmark","Information","Info",,"System.Collections.ObjectModel.ReadOnlyCollection`1[System.String]","System.Collections.Generic.List`1[System.Diagnostics.Eventing.Reader.EventProperty]"
"Reliability Analysis calculated system stability of 7.868 for the one-day period starting at ?2014?-?09?-?08T00:00:00.000000000Z.","2005","0",,"4","0","0","-9223372036854771712","280","Microsoft-Windows-Reliability-Analysis-Engine","4ba32972-6fc5-488a-8368-5da620d05127","Microsoft-Windows-ReliabilityAnalysisComponent/Operational","3548","364","rjaf-PC4429","S-1-5-19","9/8/2014 12:49:59 AM",,,"c:\users\mac_1\desktop\winevt\logs\microsoft-windows-reliabilityanalysiscomponent%4operational.evtx","System.UInt32[]","System.Diagnostics.Eventing.Reader.EventBookmark","Information","Info",,"System.Collections.ObjectModel.ReadOnlyCollection`1[System.String]","System.Collections.Generic.List`1[System.Diagnostics.Eventing.Reader.EventProperty]"
"Reliability Analysis calculated system stability of 9.114 for the one-day period starting at ?2014?-?09?-?07T00:00:00.000000000Z.","2005","0",,"4","0","0","-9223372036854771712","279","Microsoft-Windows-Reliability-Analysis-Engine","4ba32972-6fc5-488a-8368-5da620d05127","Microsoft-Windows-ReliabilityAnalysisComponent/Operational","4076","1156","rjaf-PC4429","S-1-5-19","9/6/2014 11:09:04 PM",,,"c:\users\mac_1\desktop\winevt\logs\microsoft-windows-reliabilityanalysiscomponent%4operational.evtx","System.UInt32[]","System.Diagnostics.Eventing.Reader.EventBookmark","Information","Info",,"System.Collections.ObjectModel.ReadOnlyCollection`1[System.String]","System.Collections.Generic.List`1[System.Diagnostics.Eventing.Reader.EventProperty]"
"Reliability Analysis calculated system stability of 8.888 for the one-day period starting at ?2014?-?09?-?06T00:00:00.000000000Z.","2005","0",,"4","0","0","-9223372036854771712","278","Microsoft-Windows-Reliability-Analysis-Engine","4ba32972-6fc5-488a-8368-5da620d05127","Microsoft-Windows-ReliabilityAnalysisComponent/Operational","4076","1156","rjaf-PC4429","S-1-5-19","9/6/2014 11:09:03 PM",,,"c:\users\mac_1\desktop\winevt\logs\microsoft-windows-reliabilityanalysiscomponent%4operational.evtx","System.UInt32[]","System.Diagnostics.Eventing.Reader.EventBookmark","Information","Info",,"System.Collections.ObjectModel.ReadOnlyCollection`1[System.String]","System.Collections.Generic.List`1[System.Diagnostics.Eventing.Reader.EventProperty]"
"Reliability Analysis calculated system stability of 8.637 for the one-day period starting at ?2014?-?09?-?05T00:00:00.000000000Z.","2005","0",,"4","0","0","-9223372036854771712","277","Microsoft-Windows-Reliability-Analysis-Engine","4ba32972-6fc5-488a-8368-5da620d05127","Microsoft-Windows-ReliabilityAnalysisComponent/Operational","4076","1156","rjaf-PC4429","S-1-5-19","9/6/2014 11:09:03 PM",,,"c:\users\mac_1\desktop\winevt\logs\microsoft-windows-reliabilityanalysiscomponent%4operational.evtx","System.UInt32[]","System.Diagnostics.Eventing.Reader.EventBookmark","Information","Info",,"System.Collections.ObjectModel.ReadOnlyCollection`1[System.String]","System.Collections.Generic.List`1[System.Diagnostics.Eventing.Reader.EventProperty]"
"Reliability Analysis calculated system stability of 8.626 for the one-day period starting at ?2014?-?09?-?04T00:00:00.000000000Z.","2005","0",,"4","0","0","-9223372036854771712","276","Microsoft-Windows-Reliability-Analysis-Engine","4ba32972-6fc5-488a-8368-5da620d05127","Microsoft-Windows-ReliabilityAnalysisComponent/Operational","4076","1156","rjaf-PC4429","S-1-5-19","9/6/2014 11:09:02 PM",,,"c:\users\mac_1\desktop\winevt\logs\microsoft-windows-reliabilityanalysiscomponent%4operational.evtx","System.UInt32[]","System.Diagnostics.Eventing.Reader.EventBookmark","Information","Info",,"System.Collections.ObjectModel.ReadOnlyCollection`1[System.String]","System.Collections.Generic.List`1[System.Diagnostics.Eventing.Reader.EventProperty]"
"Reliability Analysis calculated system stability of 8.357 for the one-day period starting at ?2014?-?09?-?03T00:00:00.000000000Z.","2005","0",,"4","0","0","-9223372036854771712","275","Microsoft-Windows-Reliability-Analysis-Engine","4ba32972-6fc5-488a-8368-5da620d05127","Microsoft-Windows-ReliabilityAnalysisComponent/Operational","4020","3496","rjaf-PC4429","S-1-5-19","9/3/2014 12:10:28 AM",,,"c:\users\mac_1\desktop\winevt\logs\microsoft-windows-reliabilityanalysiscomponent%4operational.evtx","System.UInt32[]","System.Diagnostics.Eventing.Reader.EventBookmark","Information","Info",,"System.Collections.ObjectModel.ReadOnlyCollection`1[System.String]","System.Collections.Generic.List`1[System.Diagnostics.Eventing.Reader.EventProperty]"
"Reliability Analysis calculated system stability of 8.046 for the one-day period starting at ?2014?-?09?-?02T00:00:00.000000000Z.","2005","0",,"4","0","0","-9223372036854771712","274","Microsoft-Windows-Reliability-Analysis-Engine","4ba32972-6fc5-488a-8368-5da620d05127","Microsoft-Windows-ReliabilityAnalysisComponent/Operational","2176","3528","rjaf-PC4429","S-1-5-19","9/2/2014 2:29:45 AM",,,"c:\users\mac_1\desktop\winevt\logs\microsoft-windows-reliabilityanalysiscomponent%4operational.evtx","System.UInt32[]","System.Diagnostics.Eventing.Reader.EventBookmark","Information","Info",,"System.Collections.ObjectModel.ReadOnlyCollection`1[System.String]","System.Collections.Generic.List`1[System.Diagnostics.Eventing.Reader.EventProperty]"
"Reliability Analysis calculated system stability of 7.699 for the one-day period starting at ?2014?-?09?-?01T00:00:00.000000000Z.","2005","0",,"4","0","0","-9223372036854771712","273","Microsoft-Windows-Reliability-Analysis-Engine","4ba32972-6fc5-488a-8368-5da620d05127","Microsoft-Windows-ReliabilityAnalysisComponent/Operational","2212","3160","rjaf-PC4429","S-1-5-19","9/1/2014 5:31:36 AM",,,"c:\users\mac_1\desktop\winevt\logs\microsoft-windows-reliabilityanalysiscomponent%4operational.evtx","System.UInt32[]","System.Diagnostics.Eventing.Reader.EventBookmark","Information","Info",,"System.Collections.ObjectModel.ReadOnlyCollection`1[System.String]","System.Collections.Generic.List`1[System.Diagnostics.Eventing.Reader.EventProperty]"
"Reliability Analysis calculated system stability of 8.793 for the one-day period starting at ?2014?-?08?-?31T00:00:00.000000000Z.","2005","0",,"4","0","0","-9223372036854771712","272","Microsoft-Windows-Reliability-Analysis-Engine","4ba32972-6fc5-488a-8368-5da620d05127","Microsoft-Windows-ReliabilityAnalysisComponent/Operational","2788","1960","rjaf-PC4429","S-1-5-19","8/30/2014 11:48:49 PM",,,"c:\users\mac_1\desktop\winevt\logs\microsoft-windows-reliabilityanalysiscomponent%4operational.evtx","System.UInt32[]","System.Diagnostics.Eventing.Reader.EventBookmark","Information","Info",,"System.Collections.ObjectModel.ReadOnlyCollection`1[System.String]","System.Collections.Generic.List`1[System.Diagnostics.Eventing.Reader.EventProperty]"
"Reliability Analysis calculated system stability of 8.531 for the one-day period starting at ?2014?-?08?-?30T00:00:00.000000000Z.","2005","0",,"4","0","0","-9223372036854771712","271","Microsoft-Windows-Reliability-Analysis-Engine","4ba32972-6fc5-488a-8368-5da620d05127","Microsoft-Windows-ReliabilityAnalysisComponent/Operational","3436","3316","rjaf-PC4429","S-1-5-19","8/30/2014 4:34:45 AM",,,"c:\users\mac_1\desktop\winevt\logs\microsoft-windows-reliabilityanalysiscomponent%4operational.evtx","System.UInt32[]","System.Diagnostics.Eventing.Reader.EventBookmark","Information","Info",,"System.Collections.ObjectModel.ReadOnlyCollection`1[System.String]","System.Collections.Generic.List`1[System.Diagnostics.Eventing.Reader.EventProperty]"
"Reliability Analysis calculated system stability of 9.997 for the one-day period starting at ?2014?-?08?-?29T00:00:00.000000000Z.","2005","0",,"4","0","0","-9223372036854771712","270","Microsoft-Windows-Reliability-Analysis-Engine","4ba32972-6fc5-488a-8368-5da620d05127","Microsoft-Windows-ReliabilityAnalysisComponent/Operational","3176","2868","rjaf-PC4429","S-1-5-19","8/29/2014 8:23:49 AM",,,"c:\users\mac_1\desktop\winevt\logs\microsoft-windows-reliabilityanalysiscomponent%4operational.evtx","System.UInt32[]","System.Diagnostics.Eventing.Reader.EventBookmark","Information","Info",,"System.Collections.ObjectModel.ReadOnlyCollection`1[System.String]","System.Collections.Generic.List`1[System.Diagnostics.Eventing.Reader.EventProperty]"
"Reliability Analysis calculated system stability of 9.902 for the one-day period starting at ?2014?-?08?-?28T00:00:00.000000000Z.","2005","0",,"4","0","0","-9223372036854771712","269","Microsoft-Windows-Reliability-Analysis-Engine","4ba32972-6fc5-488a-8368-5da620d05127","Microsoft-Windows-ReliabilityAnalysisComponent/Operational","3920","3192","rjaf-PC4429","S-1-5-19","8/27/2014 9:52:42 PM",,,"c:\users\mac_1\desktop\winevt\logs\microsoft-windows-reliabilityanalysiscomponent%4operational.evtx","System.UInt32[]","System.Diagnostics.Eventing.Reader.EventBookmark","Information","Info",,"System.Collections.ObjectModel.ReadOnlyCollection`1[System.String]","System.Collections.Generic.List`1[System.Diagnostics.Eventing.Reader.EventProperty]"
"Reliability Analysis calculated system stability of 9.765 for the one-day period starting at ?2014?-?08?-?27T00:00:00.000000000Z.","2005","0",,"4","0","0","-9223372036854771712","268","Microsoft-Windows-Reliability-Analysis-Engine","4ba32972-6fc5-488a-8368-5da620d05127","Microsoft-Windows-ReliabilityAnalysisComponent/Operational","3012","2912","rjaf-PC4429","S-1-5-19","8/27/2014 10:27:34 AM",,,"c:\users\mac_1\desktop\winevt\logs\microsoft-windows-reliabilityanalysiscomponent%4operational.evtx","System.UInt32[]","System.Diagnostics.Eventing.Reader.EventBookmark","Information","Info",,"System.Collections.ObjectModel.ReadOnlyCollection`1[System.String]","System.Collections.Generic.List`1[System.Diagnostics.Eventing.Reader.EventProperty]"
"Reliability Analysis calculated system stability of 9.613 for the one-day period starting at ?2014?-?08?-?26T00:00:00.000000000Z.","2005","0",,"4","0","0","-9223372036854771712","267","Microsoft-Windows-Reliability-Analysis-Engine","4ba32972-6fc5-488a-8368-5da620d05127","Microsoft-Windows-ReliabilityAnalysisComponent/Operational","3252","2728","rjaf-PC4429","S-1-5-19","8/25/2014 10:38:59 PM",,,"c:\users\mac_1\desktop\winevt\logs\microsoft-windows-reliabilityanalysiscomponent%4operational.evtx","System.UInt32[]","System.Diagnostics.Eventing.Reader.EventBookmark","Information","Info",,"System.Collections.ObjectModel.ReadOnlyCollection`1[System.String]","System.Collections.Generic.List`1[System.Diagnostics.Eventing.Reader.EventProperty]"
"Reliability Analysis calculated system stability of 9.444 for the one-day period starting at ?2014?-?08?-?25T00:00:00.000000000Z.","2005","0",,"4","0","0","-9223372036854771712","266","Microsoft-Windows-Reliability-Analysis-Engine","4ba32972-6fc5-488a-8368-5da620d05127","Microsoft-Windows-ReliabilityAnalysisComponent/Operational","3960","3548","rjaf-PC4429","S-1-5-19","8/25/2014 12:54:18 AM",,,"c:\users\mac_1\desktop\winevt\logs\microsoft-windows-reliabilityanalysiscomponent%4operational.evtx","System.UInt32[]","System.Diagnostics.Eventing.Reader.EventBookmark","Information","Info",,"System.Collections.ObjectModel.ReadOnlyCollection`1[System.String]","System.Collections.Generic.List`1[System.Diagnostics.Eventing.Reader.EventProperty]"
"Reliability Analysis calculated system stability of 9.255 for the one-day period starting at ?2014?-?08?-?24T00:00:00.000000000Z.","2005","0",,"4","0","0","-9223372036854771712","265","Microsoft-Windows-Reliability-Analysis-Engine","4ba32972-6fc5-488a-8368-5da620d05127","Microsoft-Windows-ReliabilityAnalysisComponent/Operational","864","2972","rjaf-PC4429","S-1-5-19","8/23/2014 11:17:47 PM",,,"c:\users\mac_1\desktop\winevt\logs\microsoft-windows-reliabilityanalysiscomponent%4operational.evtx","System.UInt32[]","System.Diagnostics.Eventing.Reader.EventBookmark","Information","Info",,"System.Collections.ObjectModel.ReadOnlyCollection`1[System.String]","System.Collections.Generic.List`1[System.Diagnostics.Eventing.Reader.EventProperty]"
"Reliability Analysis calculated system stability of 9.045 for the one-day period starting at ?2014?-?08?-?23T00:00:00.000000000Z.","2005","0",,"4","0","0","-9223372036854771712","264","Microsoft-Windows-Reliability-Analysis-Engine","4ba32972-6fc5-488a-8368-5da620d05127","Microsoft-Windows-ReliabilityAnalysisComponent/Operational","2936","1708","rjaf-PC4429","S-1-5-19","8/23/2014 2:08:05 AM",,,"c:\users\mac_1\desktop\winevt\logs\microsoft-windows-reliabilityanalysiscomponent%4operational.evtx","System.UInt32[]","System.Diagnostics.Eventing.Reader.EventBookmark","Information","Info",,"System.Collections.ObjectModel.ReadOnlyCollection`1[System.String]","System.Collections.Generic.List`1[System.Diagnostics.Eventing.Reader.EventProperty]"
"Reliability Analysis calculated system stability of 8.812 for the one-day period starting at ?2014?-?08?-?22T00:00:00.000000000Z.","2005","0",,"4","0","0","-9223372036854771712","263","Microsoft-Windows-Reliability-Analysis-Engine","4ba32972-6fc5-488a-8368-5da620d05127","Microsoft-Windows-ReliabilityAnalysisComponent/Operational","3972","4040","rjaf-PC4429","S-1-5-19","8/22/2014 5:06:07 AM",,,"c:\users\mac_1\desktop\winevt\logs\microsoft-windows-reliabilityanalysiscomponent%4operational.evtx","System.UInt32[]","System.Diagnostics.Eventing.Reader.EventBookmark","Information","Info",,"System.Collections.ObjectModel.ReadOnlyCollection`1[System.String]","System.Collections.Generic.List`1[System.Diagnostics.Eventing.Reader.EventProperty]"
"Reliability Analysis calculated system stability of 8.801 for the one-day period starting at ?2014?-?08?-?21T00:00:00.000000000Z.","2005","0",,"4","0","0","-9223372036854771712","262","Microsoft-Windows-Reliability-Analysis-Engine","4ba32972-6fc5-488a-8368-5da620d05127","Microsoft-Windows-ReliabilityAnalysisComponent/Operational","3972","4040","rjaf-PC4429","S-1-5-19","8/22/2014 5:06:07 AM",,,"c:\users\mac_1\desktop\winevt\logs\microsoft-windows-reliabilityanalysiscomponent%4operational.evtx","System.UInt32[]","System.Diagnostics.Eventing.Reader.EventBookmark","Information","Info",,"System.Collections.ObjectModel.ReadOnlyCollection`1[System.String]","System.Collections.Generic.List`1[System.Diagnostics.Eventing.Reader.EventProperty]"
"Reliability Analysis calculated system stability of 8.552 for the one-day period starting at ?2014?-?08?-?20T00:00:00.000000000Z.","2005","0",,"4","0","0","-9223372036854771712","261","Microsoft-Windows-Reliability-Analysis-Engine","4ba32972-6fc5-488a-8368-5da620d05127","Microsoft-Windows-ReliabilityAnalysisComponent/Operational","3884","2200","rjaf-PC4429","S-1-5-19","8/19/2014 10:56:26 PM",,,"c:\users\mac_1\desktop\winevt\logs\microsoft-windows-reliabilityanalysiscomponent%4operational.evtx","System.UInt32[]","System.Diagnostics.Eventing.Reader.EventBookmark","Information","Info",,"System.Collections.ObjectModel.ReadOnlyCollection`1[System.String]","System.Collections.Generic.List`1[System.Diagnostics.Eventing.Reader.EventProperty]"
"Reliability Analysis calculated system stability of 8.263 for the one-day period starting at ?2014?-?08?-?19T00:00:00.000000000Z.","2005","0",,"4","0","0","-9223372036854771712","260","Microsoft-Windows-Reliability-Analysis-Engine","4ba32972-6fc5-488a-8368-5da620d05127","Microsoft-Windows-ReliabilityAnalysisComponent/Operational","2308","1388","rjaf-PC4429","S-1-5-19","8/19/2014 12:05:53 PM",,,"c:\users\mac_1\desktop\winevt\logs\microsoft-windows-reliabilityanalysiscomponent%4operational.evtx","System.UInt32[]","System.Diagnostics.Eventing.Reader.EventBookmark","Information","Info",,"System.Collections.ObjectModel.ReadOnlyCollection`1[System.String]","System.Collections.Generic.List`1[System.Diagnostics.Eventing.Reader.EventProperty]"
"Reliability Analysis calculated system stability of 9.665 for the one-day period starting at ?2014?-?08?-?18T00:00:00.000000000Z.","2005","0",,"4","0","0","-9223372036854771712","259","Microsoft-Windows-Reliability-Analysis-Engine","4ba32972-6fc5-488a-8368-5da620d05127","Microsoft-Windows-ReliabilityAnalysisComponent/Operational","1188","2684","rjaf-PC4429","S-1-5-19","8/18/2014 2:06:18 AM",,,"c:\users\mac_1\desktop\winevt\logs\microsoft-windows-reliabilityanalysiscomponent%4operational.evtx","System.UInt32[]","System.Diagnostics.Eventing.Reader.EventBookmark","Information","Info",,"System.Collections.ObjectModel.ReadOnlyCollection`1[System.String]","System.Collections.Generic.List`1[System.Diagnostics.Eventing.Reader.EventProperty]"
"Reliability Analysis calculated system stability of 9.502 for the one-day period starting at ?2014?-?08?-?17T00:00:00.000000000Z.","2005","0",,"4","0","0","-9223372036854771712","258","Microsoft-Windows-Reliability-Analysis-Engine","4ba32972-6fc5-488a-8368-5da620d05127","Microsoft-Windows-ReliabilityAnalysisComponent/Operational","1032","2884","rjaf-PC4429","S-1-5-19","8/17/2014 2:25:20 AM",,,"c:\users\mac_1\desktop\winevt\logs\microsoft-windows-reliabilityanalysiscomponent%4operational.evtx","System.UInt32[]","System.Diagnostics.Eventing.Reader.EventBookmark","Information","Info",,"System.Collections.ObjectModel.ReadOnlyCollection`1[System.String]","System.Collections.Generic.List`1[System.Diagnostics.Eventing.Reader.EventProperty]"
"Reliability Analysis calculated system stability of 9.32 for the one-day period starting at ?2014?-?08?-?16T00:00:00.000000000Z.","2005","0",,"4","0","0","-9223372036854771712","257","Microsoft-Windows-Reliability-Analysis-Engine","4ba32972-6fc5-488a-8368-5da620d05127","Microsoft-Windows-ReliabilityAnalysisComponent/Operational","3340","2372","rjaf-PC4429","S-1-5-19","8/15/2014 7:04:06 PM",,,"c:\users\mac_1\desktop\winevt\logs\microsoft-windows-reliabilityanalysiscomponent%4operational.evtx","System.UInt32[]","System.Diagnostics.Eventing.Reader.EventBookmark","Information","Info",,"System.Collections.ObjectModel.ReadOnlyCollection`1[System.String]","System.Collections.Generic.List`1[System.Diagnostics.Eventing.Reader.EventProperty]"
"Reliability Analysis calculated system stability of 9.117 for the one-day period starting at ?2014?-?08?-?15T00:00:00.000000000Z.","2005","0",,"4","0","0","-9223372036854771712","256","Microsoft-Windows-Reliability-Analysis-Engine","4ba32972-6fc5-488a-8368-5da620d05127","Microsoft-Windows-ReliabilityAnalysisComponent/Operational","3464","2188","rjaf-PC4429","S-1-5-19","8/15/2014 12:18:40 AM",,,"c:\users\mac_1\desktop\winevt\logs\microsoft-windows-reliabilityanalysiscomponent%4operational.evtx","System.UInt32[]","System.Diagnostics.Eventing.Reader.EventBookmark","Information","Info",,"System.Collections.ObjectModel.ReadOnlyCollection`1[System.String]","System.Collections.Generic.List`1[System.Diagnostics.Eventing.Reader.EventProperty]"
"Reliability Analysis calculated system stability of 8.892 for the one-day period starting at ?2014?-?08?-?14T00:00:00.000000000Z.","2005","0",,"4","0","0","-9223372036854771712","255","Microsoft-Windows-Reliability-Analysis-Engine","4ba32972-6fc5-488a-8368-5da620d05127","Microsoft-Windows-ReliabilityAnalysisComponent/Operational","2644","2928","rjaf-PC4429","S-1-5-19","8/13/2014 6:11:58 PM",,,"c:\users\mac_1\desktop\winevt\logs\microsoft-windows-reliabilityanalysiscomponent%4operational.evtx","System.UInt32[]","System.Diagnostics.Eventing.Reader.EventBookmark","Information","Info",,"System.Collections.ObjectModel.ReadOnlyCollection`1[System.String]","System.Collections.Generic.List`1[System.Diagnostics.Eventing.Reader.EventProperty]"
"Reliability Analysis calculated system stability of 8.641 for the one-day period starting at ?2014?-?08?-?13T00:00:00.000000000Z.","2005","0",,"4","0","0","-9223372036854771712","254","Microsoft-Windows-Reliability-Analysis-Engine","4ba32972-6fc5-488a-8368-5da620d05127","Microsoft-Windows-ReliabilityAnalysisComponent/Operational","1344","2504","rjaf-PC4429","S-1-5-19","8/12/2014 11:32:03 PM",,,"c:\users\mac_1\desktop\winevt\logs\microsoft-windows-reliabilityanalysiscomponent%4operational.evtx","System.UInt32[]","System.Diagnostics.Eventing.Reader.EventBookmark","Information","Info",,"System.Collections.ObjectModel.ReadOnlyCollection`1[System.String]","System.Collections.Generic.List`1[System.Diagnostics.Eventing.Reader.EventProperty]"
"Reliability Analysis calculated system stability of 8.361 for the one-day period starting at ?2014?-?08?-?12T00:00:00.000000000Z.","2005","0",,"4","0","0","-9223372036854771712","253","Microsoft-Windows-Reliability-Analysis-Engine","4ba32972-6fc5-488a-8368-5da620d05127","Microsoft-Windows-ReliabilityAnalysisComponent/Operational","2132","1164","rjaf-PC4429","S-1-5-19","8/11/2014 7:04:07 PM",,,"c:\users\mac_1\desktop\winevt\logs\microsoft-windows-reliabilityanalysiscomponent%4operational.evtx","System.UInt32[]","System.Diagnostics.Eventing.Reader.EventBookmark","Information","Info",,"System.Collections.ObjectModel.ReadOnlyCollection`1[System.String]","System.Collections.Generic.List`1[System.Diagnostics.Eventing.Reader.EventProperty]"
"Reliability Analysis calculated system stability of 8.051 for the one-day period starting at ?2014?-?08?-?11T00:00:00.000000000Z.","2005","0",,"4","0","0","-9223372036854771712","252","Microsoft-Windows-Reliability-Analysis-Engine","4ba32972-6fc5-488a-8368-5da620d05127","Microsoft-Windows-ReliabilityAnalysisComponent/Operational","1988","2168","rjaf-PC4429","S-1-5-19","8/11/2014 12:34:59 AM",,,"c:\users\mac_1\desktop\winevt\logs\microsoft-windows-reliabilityanalysiscomponent%4operational.evtx","System.UInt32[]","System.Diagnostics.Eventing.Reader.EventBookmark","Information","Info",,"System.Collections.ObjectModel.ReadOnlyCollection`1[System.String]","System.Collections.Generic.List`1[System.Diagnostics.Eventing.Reader.EventProperty]"
"Reliability Analysis calculated system stability of 9.37 for the one-day period starting at ?2014?-?08?-?10T00:00:00.000000000Z.","2005","0",,"4","0","0","-9223372036854771712","251","Microsoft-Windows-Reliability-Analysis-Engine","4ba32972-6fc5-488a-8368-5da620d05127","Microsoft-Windows-ReliabilityAnalysisComponent/Operational","1748","3216","rjaf-PC4429","S-1-5-19","8/9/2014 10:10:23 PM",,,"c:\users\mac_1\desktop\winevt\logs\microsoft-windows-reliabilityanalysiscomponent%4operational.evtx","System.UInt32[]","System.Diagnostics.Eventing.Reader.EventBookmark","Information","Info",,"System.Collections.ObjectModel.ReadOnlyCollection`1[System.String]","System.Collections.Generic.List`1[System.Diagnostics.Eventing.Reader.EventProperty]"
"Reliability Analysis calculated system stability of 9.173 for the one-day period starting at ?2014?-?08?-?09T00:00:00.000000000Z.","2005","0",,"4","0","0","-9223372036854771712","250","Microsoft-Windows-Reliability-Analysis-Engine","4ba32972-6fc5-488a-8368-5da620d05127","Microsoft-Windows-ReliabilityAnalysisComponent/Operational","2120","2628","rjaf-PC4429","S-1-5-19","8/9/2014 2:40:39 AM",,,"c:\users\mac_1\desktop\winevt\logs\microsoft-windows-reliabilityanalysiscomponent%4operational.evtx","System.UInt32[]","System.Diagnostics.Eventing.Reader.EventBookmark","Information","Info",,"System.Collections.ObjectModel.ReadOnlyCollection`1[System.String]","System.Collections.Generic.List`1[System.Diagnostics.Eventing.Reader.EventProperty]"
"Reliability Analysis calculated system stability of 8.954 for the one-day period starting at ?2014?-?08?-?08T00:00:00.000000000Z.","2005","0",,"4","0","0","-9223372036854771712","249","Microsoft-Windows-Reliability-Analysis-Engine","4ba32972-6fc5-488a-8368-5da620d05127","Microsoft-Windows-ReliabilityAnalysisComponent/Operational","2764","3992","rjaf-PC4429","S-1-5-19","8/7/2014 10:52:50 PM",,,"c:\users\mac_1\desktop\winevt\logs\microsoft-windows-reliabilityanalysiscomponent%4operational.evtx","System.UInt32[]","System.Diagnostics.Eventing.Reader.EventBookmark","Information","Info",,"System.Collections.ObjectModel.ReadOnlyCollection`1[System.String]","System.Collections.Generic.List`1[System.Diagnostics.Eventing.Reader.EventProperty]"
"Reliability Analysis calculated system stability of 8.71 for the one-day period starting at ?2014?-?08?-?07T00:00:00.000000000Z.","2005","0",,"4","0","0","-9223372036854771712","248","Microsoft-Windows-Reliability-Analysis-Engine","4ba32972-6fc5-488a-8368-5da620d05127","Microsoft-Windows-ReliabilityAnalysisComponent/Operational","2552","128","rjaf-PC4429","S-1-5-19","8/6/2014 11:07:02 PM",,,"c:\users\mac_1\desktop\winevt\logs\microsoft-windows-reliabilityanalysiscomponent%4operational.evtx","System.UInt32[]","System.Diagnostics.Eventing.Reader.EventBookmark","Information","Info",,"System.Collections.ObjectModel.ReadOnlyCollection`1[System.String]","System.Collections.Generic.List`1[System.Diagnostics.Eventing.Reader.EventProperty]"
"Reliability Analysis calculated system stability of 8.438 for the one-day period starting at ?2014?-?08?-?06T00:00:00.000000000Z.","2005","0",,"4","0","0","-9223372036854771712","247","Microsoft-Windows-Reliability-Analysis-Engine","4ba32972-6fc5-488a-8368-5da620d05127","Microsoft-Windows-ReliabilityAnalysisComponent/Operational","328","1800","rjaf-PC4429","S-1-5-19","8/6/2014 4:44:52 AM",,,"c:\users\mac_1\desktop\winevt\logs\microsoft-windows-reliabilityanalysiscomponent%4operational.evtx","System.UInt32[]","System.Diagnostics.Eventing.Reader.EventBookmark","Information","Info",,"System.Collections.ObjectModel.ReadOnlyCollection`1[System.String]","System.Collections.Generic.List`1[System.Diagnostics.Eventing.Reader.EventProperty]"
"Reliability Analysis calculated system stability of 10 for the one-day period starting at ?2014?-?08?-?05T00:00:00.000000000Z.","2005","0",,"4","0","0","-9223372036854771712","246","Microsoft-Windows-Reliability-Analysis-Engine","4ba32972-6fc5-488a-8368-5da620d05127","Microsoft-Windows-ReliabilityAnalysisComponent/Operational","3352","2400","rjaf-PC4429","S-1-5-19","8/4/2014 10:32:32 PM",,,"c:\users\mac_1\desktop\winevt\logs\microsoft-windows-reliabilityanalysiscomponent%4operational.evtx","System.UInt32[]","System.Diagnostics.Eventing.Reader.EventBookmark","Information","Info",,"System.Collections.ObjectModel.ReadOnlyCollection`1[System.String]","System.Collections.Generic.List`1[System.Diagnostics.Eventing.Reader.EventProperty]"
"Reliability Analysis calculated system stability of 9.999 for the one-day period starting at ?2014?-?08?-?04T00:00:00.000000000Z.","2005","0",,"4","0","0","-9223372036854771712","245","Microsoft-Windows-Reliability-Analysis-Engine","4ba32972-6fc5-488a-8368-5da620d05127","Microsoft-Windows-ReliabilityAnalysisComponent/Operational","3272","3424","rjaf-PC4429","S-1-5-19","8/4/2014 12:04:58 AM",,,"c:\users\mac_1\desktop\winevt\logs\microsoft-windows-reliabilityanalysiscomponent%4operational.evtx","System.UInt32[]","System.Diagnostics.Eventing.Reader.EventBookmark","Information","Info",,"System.Collections.ObjectModel.ReadOnlyCollection`1[System.String]","System.Collections.Generic.List`1[System.Diagnostics.Eventing.Reader.EventProperty]"
"Reliability Analysis calculated system stability of 9.93 for the one-day period starting at ?2014?-?08?-?03T00:00:00.000000000Z.","2005","0",,"4","0","0","-9223372036854771712","244","Microsoft-Windows-Reliability-Analysis-Engine","4ba32972-6fc5-488a-8368-5da620d05127","Microsoft-Windows-ReliabilityAnalysisComponent/Operational","2184","124","rjaf-PC4429","S-1-5-19","8/3/2014 2:04:49 AM",,,"c:\users\mac_1\desktop\winevt\logs\microsoft-windows-reliabilityanalysiscomponent%4operational.evtx","System.UInt32[]","System.Diagnostics.Eventing.Reader.EventBookmark","Information","Info",,"System.Collections.ObjectModel.ReadOnlyCollection`1[System.String]","System.Collections.Generic.List`1[System.Diagnostics.Eventing.Reader.EventProperty]"
"Reliability Analysis calculated system stability of 9.925 for the one-day period starting at ?2014?-?08?-?02T00:00:00.000000000Z.","2005","0",,"4","0","0","-9223372036854771712","243","Microsoft-Windows-Reliability-Analysis-Engine","4ba32972-6fc5-488a-8368-5da620d05127","Microsoft-Windows-ReliabilityAnalysisComponent/Operational","2184","124","rjaf-PC4429","S-1-5-19","8/3/2014 2:04:48 AM",,,"c:\users\mac_1\desktop\winevt\logs\microsoft-windows-reliabilityanalysiscomponent%4operational.evtx","System.UInt32[]","System.Diagnostics.Eventing.Reader.EventBookmark","Information","Info",,"System.Collections.ObjectModel.ReadOnlyCollection`1[System.String]","System.Collections.Generic.List`1[System.Diagnostics.Eventing.Reader.EventProperty]"
"Reliability Analysis calculated system stability of 9.925 for the one-day period starting at ?2014?-?08?-?01T00:00:00.000000000Z.","2005","0",,"4","0","0","-9223372036854771712","242","Microsoft-Windows-Reliability-Analysis-Engine","4ba32972-6fc5-488a-8368-5da620d05127","Microsoft-Windows-ReliabilityAnalysisComponent/Operational","2184","124","rjaf-PC4429","S-1-5-19","8/3/2014 2:04:47 AM",,,"c:\users\mac_1\desktop\winevt\logs\microsoft-windows-reliabilityanalysiscomponent%4operational.evtx","System.UInt32[]","System.Diagnostics.Eventing.Reader.EventBookmark","Information","Info",,"System.Collections.ObjectModel.ReadOnlyCollection`1[System.String]","System.Collections.Generic.List`1[System.Diagnostics.Eventing.Reader.EventProperty]"
"Reliability Analysis calculated system stability of 9.796 for the one-day period starting at ?2014?-?07?-?31T00:00:00.000000000Z.","2005","0",,"4","0","0","-9223372036854771712","241","Microsoft-Windows-Reliability-Analysis-Engine","4ba32972-6fc5-488a-8368-5da620d05127","Microsoft-Windows-ReliabilityAnalysisComponent/Operational","2184","124","rjaf-PC4429","S-1-5-19","8/3/2014 2:04:47 AM",,,"c:\users\mac_1\desktop\winevt\logs\microsoft-windows-reliabilityanalysiscomponent%4operational.evtx","System.UInt32[]","System.Diagnostics.Eventing.Reader.EventBookmark","Information","Info",,"System.Collections.ObjectModel.ReadOnlyCollection`1[System.String]","System.Collections.Generic.List`1[System.Diagnostics.Eventing.Reader.EventProperty]"
"Reliability Analysis calculated system stability of 9.791 for the one-day period starting at ?2014?-?07?-?30T00:00:00.000000000Z.","2005","0",,"4","0","0","-9223372036854771712","240","Microsoft-Windows-Reliability-Analysis-Engine","4ba32972-6fc5-488a-8368-5da620d05127","Microsoft-Windows-ReliabilityAnalysisComponent/Operational","2184","124","rjaf-PC4429","S-1-5-19","8/3/2014 2:04:46 AM",,,"c:\users\mac_1\desktop\winevt\logs\microsoft-windows-reliabilityanalysiscomponent%4operational.evtx","System.UInt32[]","System.Diagnostics.Eventing.Reader.EventBookmark","Information","Info",,"System.Collections.ObjectModel.ReadOnlyCollection`1[System.String]","System.Collections.Generic.List`1[System.Diagnostics.Eventing.Reader.EventProperty]"
"Reliability Analysis calculated system stability of 9.791 for the one-day period starting at ?2014?-?07?-?29T00:00:00.000000000Z.","2005","0",,"4","0","0","-9223372036854771712","239","Microsoft-Windows-Reliability-Analysis-Engine","4ba32972-6fc5-488a-8368-5da620d05127","Microsoft-Windows-ReliabilityAnalysisComponent/Operational","3832","3468","rjaf-PC4429","S-1-5-19","8/3/2014 1:42:02 AM",,,"c:\users\mac_1\desktop\winevt\logs\microsoft-windows-reliabilityanalysiscomponent%4operational.evtx","System.UInt32[]","System.Diagnostics.Eventing.Reader.EventBookmark","Information","Info",,"System.Collections.ObjectModel.ReadOnlyCollection`1[System.String]","System.Collections.Generic.List`1[System.Diagnostics.Eventing.Reader.EventProperty]"
"Reliability Analysis calculated system stability of 9.791 for the one-day period starting at ?2014?-?07?-?28T00:00:00.000000000Z.","2005","0",,"4","0","0","-9223372036854771712","238","Microsoft-Windows-Reliability-Analysis-Engine","4ba32972-6fc5-488a-8368-5da620d05127","Microsoft-Windows-ReliabilityAnalysisComponent/Operational","3832","3468","rjaf-PC4429","S-1-5-19","8/3/2014 1:42:01 AM",,,"c:\users\mac_1\desktop\winevt\logs\microsoft-windows-reliabilityanalysiscomponent%4operational.evtx","System.UInt32[]","System.Diagnostics.Eventing.Reader.EventBookmark","Information","Info",,"System.Collections.ObjectModel.ReadOnlyCollection`1[System.String]","System.Collections.Generic.List`1[System.Diagnostics.Eventing.Reader.EventProperty]"
"Reliability Analysis calculated system stability of 9.791 for the one-day period starting at ?2014?-?07?-?27T00:00:00.000000000Z.","2005","0",,"4","0","0","-9223372036854771712","237","Microsoft-Windows-Reliability-Analysis-Engine","4ba32972-6fc5-488a-8368-5da620d05127","Microsoft-Windows-ReliabilityAnalysisComponent/Operational","3832","3468","rjaf-PC4429","S-1-5-19","8/3/2014 1:42:01 AM",,,"c:\users\mac_1\desktop\winevt\logs\microsoft-windows-reliabilityanalysiscomponent%4operational.evtx","System.UInt32[]","System.Diagnostics.Eventing.Reader.EventBookmark","Information","Info",,"System.Collections.ObjectModel.ReadOnlyCollection`1[System.String]","System.Collections.Generic.List`1[System.Diagnostics.Eventing.Reader.EventProperty]"
"Reliability Analysis calculated system stability of 9.791 for the one-day period starting at ?2014?-?07?-?26T00:00:00.000000000Z.","2005","0",,"4","0","0","-9223372036854771712","236","Microsoft-Windows-Reliability-Analysis-Engine","4ba32972-6fc5-488a-8368-5da620d05127","Microsoft-Windows-ReliabilityAnalysisComponent/Operational","3832","3468","rjaf-PC4429","S-1-5-19","8/3/2014 1:42:00 AM",,,"c:\users\mac_1\desktop\winevt\logs\microsoft-windows-reliabilityanalysiscomponent%4operational.evtx","System.UInt32[]","System.Diagnostics.Eventing.Reader.EventBookmark","Information","Info",,"System.Collections.ObjectModel.ReadOnlyCollection`1[System.String]","System.Collections.Generic.List`1[System.Diagnostics.Eventing.Reader.EventProperty]"
"Reliability Analysis calculated system stability of 9.648 for the one-day period starting at ?2014?-?07?-?25T00:00:00.000000000Z.","2005","0",,"4","0","0","-9223372036854771712","235","Microsoft-Windows-Reliability-Analysis-Engine","4ba32972-6fc5-488a-8368-5da620d05127","Microsoft-Windows-ReliabilityAnalysisComponent/Operational","3832","3468","rjaf-PC4429","S-1-5-19","8/3/2014 1:42:00 AM",,,"c:\users\mac_1\desktop\winevt\logs\microsoft-windows-reliabilityanalysiscomponent%4operational.evtx","System.UInt32[]","System.Diagnostics.Eventing.Reader.EventBookmark","Information","Info",,"System.Collections.ObjectModel.ReadOnlyCollection`1[System.String]","System.Collections.Generic.List`1[System.Diagnostics.Eventing.Reader.EventProperty]"
"Reliability Analysis calculated system stability of 9.482 for the one-day period starting at ?2014?-?07?-?24T00:00:00.000000000Z.","2005","0",,"4","0","0","-9223372036854771712","234","Microsoft-Windows-Reliability-Analysis-Engine","4ba32972-6fc5-488a-8368-5da620d05127","Microsoft-Windows-ReliabilityAnalysisComponent/Operational","3940","1004","rjaf-PC4429","S-1-5-19","7/23/2014 11:48:04 PM",,,"c:\users\mac_1\desktop\winevt\logs\microsoft-windows-reliabilityanalysiscomponent%4operational.evtx","System.UInt32[]","System.Diagnostics.Eventing.Reader.EventBookmark","Information","Info",,"System.Collections.ObjectModel.ReadOnlyCollection`1[System.String]","System.Collections.Generic.List`1[System.Diagnostics.Eventing.Reader.EventProperty]"
"Reliability Analysis calculated system stability of 9.298 for the one-day period starting at ?2014?-?07?-?23T00:00:00.000000000Z.","2005","0",,"4","0","0","-9223372036854771712","233","Microsoft-Windows-Reliability-Analysis-Engine","4ba32972-6fc5-488a-8368-5da620d05127","Microsoft-Windows-ReliabilityAnalysisComponent/Operational","3240","2180","rjaf-PC4429","S-1-5-19","7/23/2014 12:54:59 AM",,,"c:\users\mac_1\desktop\winevt\logs\microsoft-windows-reliabilityanalysiscomponent%4operational.evtx","System.UInt32[]","System.Diagnostics.Eventing.Reader.EventBookmark","Information","Info",,"System.Collections.ObjectModel.ReadOnlyCollection`1[System.String]","System.Collections.Generic.List`1[System.Diagnostics.Eventing.Reader.EventProperty]"
"Reliability Analysis calculated system stability of 9.093 for the one-day period starting at ?2014?-?07?-?22T00:00:00.000000000Z.","2005","0",,"4","0","0","-9223372036854771712","232","Microsoft-Windows-Reliability-Analysis-Engine","4ba32972-6fc5-488a-8368-5da620d05127","Microsoft-Windows-ReliabilityAnalysisComponent/Operational","2244","440","rjaf-PC4429","S-1-5-19","7/21/2014 11:38:22 PM",,,"c:\users\mac_1\desktop\winevt\logs\microsoft-windows-reliabilityanalysiscomponent%4operational.evtx","System.UInt32[]","System.Diagnostics.Eventing.Reader.EventBookmark","Information","Info",,"System.Collections.ObjectModel.ReadOnlyCollection`1[System.String]","System.Collections.Generic.List`1[System.Diagnostics.Eventing.Reader.EventProperty]"
"Reliability Analysis calculated system stability of 8.865 for the one-day period starting at ?2014?-?07?-?21T00:00:00.000000000Z.","2005","0",,"4","0","0","-9223372036854771712","231","Microsoft-Windows-Reliability-Analysis-Engine","4ba32972-6fc5-488a-8368-5da620d05127","Microsoft-Windows-ReliabilityAnalysisComponent/Operational","2520","2004","rjaf-PC4429","S-1-5-19","7/20/2014 11:37:21 PM",,,"c:\users\mac_1\desktop\winevt\logs\microsoft-windows-reliabilityanalysiscomponent%4operational.evtx","System.UInt32[]","System.Diagnostics.Eventing.Reader.EventBookmark","Information","Info",,"System.Collections.ObjectModel.ReadOnlyCollection`1[System.String]","System.Collections.Generic.List`1[System.Diagnostics.Eventing.Reader.EventProperty]"
"Reliability Analysis calculated system stability of 8.611 for the one-day period starting at ?2014?-?07?-?20T00:00:00.000000000Z.","2005","0",,"4","0","0","-9223372036854771712","230","Microsoft-Windows-Reliability-Analysis-Engine","4ba32972-6fc5-488a-8368-5da620d05127","Microsoft-Windows-ReliabilityAnalysisComponent/Operational","3684","2864","rjaf-PC4429","S-1-5-19","7/20/2014 1:12:48 AM",,,"c:\users\mac_1\desktop\winevt\logs\microsoft-windows-reliabilityanalysiscomponent%4operational.evtx","System.UInt32[]","System.Diagnostics.Eventing.Reader.EventBookmark","Information","Info",,"System.Collections.ObjectModel.ReadOnlyCollection`1[System.String]","System.Collections.Generic.List`1[System.Diagnostics.Eventing.Reader.EventProperty]"
"Reliability Analysis calculated system stability of 10 for the one-day period starting at ?2014?-?07?-?19T00:00:00.000000000Z.","2005","0",,"4","0","0","-9223372036854771712","229","Microsoft-Windows-Reliability-Analysis-Engine","4ba32972-6fc5-488a-8368-5da620d05127","Microsoft-Windows-ReliabilityAnalysisComponent/Operational","3920","1392","rjaf-PC4429","S-1-5-19","7/19/2014 12:17:57 AM",,,"c:\users\mac_1\desktop\winevt\logs\microsoft-windows-reliabilityanalysiscomponent%4operational.evtx","System.UInt32[]","System.Diagnostics.Eventing.Reader.EventBookmark","Information","Info",,"System.Collections.ObjectModel.ReadOnlyCollection`1[System.String]","System.Collections.Generic.List`1[System.Diagnostics.Eventing.Reader.EventProperty]"
"Reliability Analysis calculated system stability of 10 for the one-day period starting at ?2014?-?07?-?18T00:00:00.000000000Z.","2005","0",,"4","0","0","-9223372036854771712","228","Microsoft-Windows-Reliability-Analysis-Engine","4ba32972-6fc5-488a-8368-5da620d05127","Microsoft-Windows-ReliabilityAnalysisComponent/Operational","3920","1392","rjaf-PC4429","S-1-5-19","7/19/2014 12:17:56 AM",,,"c:\users\mac_1\desktop\winevt\logs\microsoft-windows-reliabilityanalysiscomponent%4operational.evtx","System.UInt32[]","System.Diagnostics.Eventing.Reader.EventBookmark","Information","Info",,"System.Collections.ObjectModel.ReadOnlyCollection`1[System.String]","System.Collections.Generic.List`1[System.Diagnostics.Eventing.Reader.EventProperty]"
"Reliability Analysis calculated system stability of 10 for the one-day period starting at ?2014?-?07?-?17T00:00:00.000000000Z.","2005","0",,"4","0","0","-9223372036854771712","227","Microsoft-Windows-Reliability-Analysis-Engine","4ba32972-6fc5-488a-8368-5da620d05127","Microsoft-Windows-ReliabilityAnalysisComponent/Operational","3920","1392","rjaf-PC4429","S-1-5-19","7/19/2014 12:17:56 AM",,,"c:\users\mac_1\desktop\winevt\logs\microsoft-windows-reliabilityanalysiscomponent%4operational.evtx","System.UInt32[]","System.Diagnostics.Eventing.Reader.EventBookmark","Information","Info",,"System.Collections.ObjectModel.ReadOnlyCollection`1[System.String]","System.Collections.Generic.List`1[System.Diagnostics.Eventing.Reader.EventProperty]"
"Reliability Analysis calculated system stability of 10 for the one-day period starting at ?2014?-?07?-?16T00:00:00.000000000Z.","2005","0",,"4","0","0","-9223372036854771712","226","Microsoft-Windows-Reliability-Analysis-Engine","4ba32972-6fc5-488a-8368-5da620d05127","Microsoft-Windows-ReliabilityAnalysisComponent/Operational","3356","3128","rjaf-PC4429","S-1-5-19","7/16/2014 12:51:15 AM",,,"c:\users\mac_1\desktop\winevt\logs\microsoft-windows-reliabilityanalysiscomponent%4operational.evtx","System.UInt32[]","System.Diagnostics.Eventing.Reader.EventBookmark","Information","Info",,"System.Collections.ObjectModel.ReadOnlyCollection`1[System.String]","System.Collections.Generic.List`1[System.Diagnostics.Eventing.Reader.EventProperty]"
"Reliability Analysis calculated system stability of 9.999 for the one-day period starting at ?2014?-?07?-?15T00:00:00.000000000Z.","2005","0",,"4","0","0","-9223372036854771712","225","Microsoft-Windows-Reliability-Analysis-Engine","4ba32972-6fc5-488a-8368-5da620d05127","Microsoft-Windows-ReliabilityAnalysisComponent/Operational","3068","3208","rjaf-PC4429","S-1-5-19","7/14/2014 11:43:05 PM",,,"c:\users\mac_1\desktop\winevt\logs\microsoft-windows-reliabilityanalysiscomponent%4operational.evtx","System.UInt32[]","System.Diagnostics.Eventing.Reader.EventBookmark","Information","Info",,"System.Collections.ObjectModel.ReadOnlyCollection`1[System.String]","System.Collections.Generic.List`1[System.Diagnostics.Eventing.Reader.EventProperty]"
"Reliability Analysis calculated system stability of 9.991 for the one-day period starting at ?2014?-?07?-?14T00:00:00.000000000Z.","2005","0",,"4","0","0","-9223372036854771712","224","Microsoft-Windows-Reliability-Analysis-Engine","4ba32972-6fc5-488a-8368-5da620d05127","Microsoft-Windows-ReliabilityAnalysisComponent/Operational","164","3476","rjaf-PC4429","S-1-5-19","7/14/2014 3:20:29 AM",,,"c:\users\mac_1\desktop\winevt\logs\microsoft-windows-reliabilityanalysiscomponent%4operational.evtx","System.UInt32[]","System.Diagnostics.Eventing.Reader.EventBookmark","Information","Info",,"System.Collections.ObjectModel.ReadOnlyCollection`1[System.String]","System.Collections.Generic.List`1[System.Diagnostics.Eventing.Reader.EventProperty]"
"Reliability Analysis calculated system stability of 9.864 for the one-day period starting at ?2014?-?07?-?13T00:00:00.000000000Z.","2005","0",,"4","0","0","-9223372036854771712","223","Microsoft-Windows-Reliability-Analysis-Engine","4ba32972-6fc5-488a-8368-5da620d05127","Microsoft-Windows-ReliabilityAnalysisComponent/Operational","3460","2496","rjaf-PC4429","S-1-5-19","7/13/2014 3:22:57 PM",,,"c:\users\mac_1\desktop\winevt\logs\microsoft-windows-reliabilityanalysiscomponent%4operational.evtx","System.UInt32[]","System.Diagnostics.Eventing.Reader.EventBookmark","Information","Info",,"System.Collections.ObjectModel.ReadOnlyCollection`1[System.String]","System.Collections.Generic.List`1[System.Diagnostics.Eventing.Reader.EventProperty]"
"Reliability Analysis calculated system stability of 9.859 for the one-day period starting at ?2014?-?07?-?12T00:00:00.000000000Z.","2005","0",,"4","0","0","-9223372036854771712","222","Microsoft-Windows-Reliability-Analysis-Engine","4ba32972-6fc5-488a-8368-5da620d05127","Microsoft-Windows-ReliabilityAnalysisComponent/Operational","3460","2496","rjaf-PC4429","S-1-5-19","7/13/2014 3:22:56 PM",,,"c:\users\mac_1\desktop\winevt\logs\microsoft-windows-reliabilityanalysiscomponent%4operational.evtx","System.UInt32[]","System.Diagnostics.Eventing.Reader.EventBookmark","Information","Info",,"System.Collections.ObjectModel.ReadOnlyCollection`1[System.String]","System.Collections.Generic.List`1[System.Diagnostics.Eventing.Reader.EventProperty]"
"Reliability Analysis calculated system stability of 9.859 for the one-day period starting at ?2014?-?07?-?11T00:00:00.000000000Z.","2005","0",,"4","0","0","-9223372036854771712","221","Microsoft-Windows-Reliability-Analysis-Engine","4ba32972-6fc5-488a-8368-5da620d05127","Microsoft-Windows-ReliabilityAnalysisComponent/Operational","3460","2496","rjaf-PC4429","S-1-5-19","7/13/2014 3:22:56 PM",,,"c:\users\mac_1\desktop\winevt\logs\microsoft-windows-reliabilityanalysiscomponent%4operational.evtx","System.UInt32[]","System.Diagnostics.Eventing.Reader.EventBookmark","Information","Info",,"System.Collections.ObjectModel.ReadOnlyCollection`1[System.String]","System.Collections.Generic.List`1[System.Diagnostics.Eventing.Reader.EventProperty]"
"Reliability Analysis calculated system stability of 9.723 for the one-day period starting at ?2014?-?07?-?10T00:00:00.000000000Z.","2005","0",,"4","0","0","-9223372036854771712","220","Microsoft-Windows-Reliability-Analysis-Engine","4ba32972-6fc5-488a-8368-5da620d05127","Microsoft-Windows-ReliabilityAnalysisComponent/Operational","2928","212","rjaf-PC4429","S-1-5-19","7/9/2014 11:02:44 PM",,,"c:\users\mac_1\desktop\winevt\logs\microsoft-windows-reliabilityanalysiscomponent%4operational.evtx","System.UInt32[]","System.Diagnostics.Eventing.Reader.EventBookmark","Information","Info",,"System.Collections.ObjectModel.ReadOnlyCollection`1[System.String]","System.Collections.Generic.List`1[System.Diagnostics.Eventing.Reader.EventProperty]"
"Reliability Analysis calculated system stability of 9.566 for the one-day period starting at ?2014?-?07?-?09T00:00:00.000000000Z.","2005","0",,"4","0","0","-9223372036854771712","219","Microsoft-Windows-Reliability-Analysis-Engine","4ba32972-6fc5-488a-8368-5da620d05127","Microsoft-Windows-ReliabilityAnalysisComponent/Operational","3348","312","rjaf-PC4429","S-1-5-19","7/8/2014 11:38:29 PM",,,"c:\users\mac_1\desktop\winevt\logs\microsoft-windows-reliabilityanalysiscomponent%4operational.evtx","System.UInt32[]","System.Diagnostics.Eventing.Reader.EventBookmark","Information","Info",,"System.Collections.ObjectModel.ReadOnlyCollection`1[System.String]","System.Collections.Generic.List`1[System.Diagnostics.Eventing.Reader.EventProperty]"
