"HomeGroup status changed for HomeGroup 4. OldStatus: 132, NewStatus: %3","5013","0",,"4","0","0","-9223372036854775808","916","Microsoft-Windows-HomeGroup-ProviderService","c9bdb4eb-9287-4c8e-8378-6896f0d1c5ef","Microsoft-Windows-HomeGroup Provider Service/Operational","900","4056","rjaf-PC4429","S-1-5-19","2/18/2015 11:00:37 PM",,,"c:\users\mac_1\desktop\winevt\logs\microsoft-windows-homegroup provider service%4operational.evtx","System.UInt32[]","System.Diagnostics.Eventing.Reader.EventBookmark","Information","Info",,"System.Collections.ObjectModel.ReadOnlyCollection`1[System.String]","System.Collections.Generic.List`1[System.Diagnostics.Eventing.Reader.EventProperty]"
"HomeGroup status changed for HomeGroup 2. OldStatus: 4, NewStatus: %3","5013","0",,"4","0","0","-9223372036854775808","915","Microsoft-Windows-HomeGroup-ProviderService","c9bdb4eb-9287-4c8e-8378-6896f0d1c5ef","Microsoft-Windows-HomeGroup Provider Service/Operational","900","1184","rjaf-PC4429","S-1-5-19","2/18/2015 10:58:27 PM",,,"c:\users\mac_1\desktop\winevt\logs\microsoft-windows-homegroup provider service%4operational.evtx","System.UInt32[]","System.Diagnostics.Eventing.Reader.EventBookmark","Information","Info",,"System.Collections.ObjectModel.ReadOnlyCollection`1[System.String]","System.Collections.Generic.List`1[System.Diagnostics.Eventing.Reader.EventProperty]"
"HomeGroup status changed for HomeGroup 0. OldStatus: 2, NewStatus: %3","5013","0",,"4","0","0","-9223372036854775808","914","Microsoft-Windows-HomeGroup-ProviderService","c9bdb4eb-9287-4c8e-8378-6896f0d1c5ef","Microsoft-Windows-HomeGroup Provider Service/Operational","900","1184","rjaf-PC4429","S-1-5-19","2/18/2015 10:58:27 PM",,,"c:\users\mac_1\desktop\winevt\logs\microsoft-windows-homegroup provider service%4operational.evtx","System.UInt32[]","System.Diagnostics.Eventing.Reader.EventBookmark","Information","Info",,"System.Collections.ObjectModel.ReadOnlyCollection`1[System.String]","System.Collections.Generic.List`1[System.Diagnostics.Eventing.Reader.EventProperty]"
"HomeGroup status changed for HomeGroup 132. OldStatus: 4, NewStatus: %3","5013","0",,"4","0","0","-9223372036854775808","913","Microsoft-Windows-HomeGroup-ProviderService","c9bdb4eb-9287-4c8e-8378-6896f0d1c5ef","Microsoft-Windows-HomeGroup Provider Service/Operational","900","1824","rjaf-PC4429","S-1-5-19","2/18/2015 5:29:47 AM",,,"c:\users\mac_1\desktop\winevt\logs\microsoft-windows-homegroup provider service%4operational.evtx","System.UInt32[]","System.Diagnostics.Eventing.Reader.EventBookmark","Information","Info",,"System.Collections.ObjectModel.ReadOnlyCollection`1[System.String]","System.Collections.Generic.List`1[System.Diagnostics.Eventing.Reader.EventProperty]"
"HomeGroup status changed for HomeGroup 4. OldStatus: 132, NewStatus: %3","5013","0",,"4","0","0","-9223372036854775808","912","Microsoft-Windows-HomeGroup-ProviderService","c9bdb4eb-9287-4c8e-8378-6896f0d1c5ef","Microsoft-Windows-HomeGroup Provider Service/Operational","900","3968","rjaf-PC4429","S-1-5-19","2/18/2015 2:26:07 AM",,,"c:\users\mac_1\desktop\winevt\logs\microsoft-windows-homegroup provider service%4operational.evtx","System.UInt32[]","System.Diagnostics.Eventing.Reader.EventBookmark","Information","Info",,"System.Collections.ObjectModel.ReadOnlyCollection`1[System.String]","System.Collections.Generic.List`1[System.Diagnostics.Eventing.Reader.EventProperty]"
"HomeGroup status changed for HomeGroup 132. OldStatus: 4, NewStatus: %3","5013","0",,"4","0","0","-9223372036854775808","911","Microsoft-Windows-HomeGroup-ProviderService","c9bdb4eb-9287-4c8e-8378-6896f0d1c5ef","Microsoft-Windows-HomeGroup Provider Service/Operational","900","3888","rjaf-PC4429","S-1-5-19","2/18/2015 2:26:06 AM",,,"c:\users\mac_1\desktop\winevt\logs\microsoft-windows-homegroup provider service%4operational.evtx","System.UInt32[]","System.Diagnostics.Eventing.Reader.EventBookmark","Information","Info",,"System.Collections.ObjectModel.ReadOnlyCollection`1[System.String]","System.Collections.Generic.List`1[System.Diagnostics.Eventing.Reader.EventProperty]"
"HomeGroup status changed for HomeGroup 4. OldStatus: 132, NewStatus: %3","5013","0",,"4","0","0","-9223372036854775808","910","Microsoft-Windows-HomeGroup-ProviderService","c9bdb4eb-9287-4c8e-8378-6896f0d1c5ef","Microsoft-Windows-HomeGroup Provider Service/Operational","900","2420","rjaf-PC4429","S-1-5-19","2/18/2015 12:32:39 AM",,,"c:\users\mac_1\desktop\winevt\logs\microsoft-windows-homegroup provider service%4operational.evtx","System.UInt32[]","System.Diagnostics.Eventing.Reader.EventBookmark","Information","Info",,"System.Collections.ObjectModel.ReadOnlyCollection`1[System.String]","System.Collections.Generic.List`1[System.Diagnostics.Eventing.Reader.EventProperty]"
"HomeGroup status changed for HomeGroup 132. OldStatus: 4, NewStatus: %3","5013","0",,"4","0","0","-9223372036854775808","909","Microsoft-Windows-HomeGroup-ProviderService","c9bdb4eb-9287-4c8e-8378-6896f0d1c5ef","Microsoft-Windows-HomeGroup Provider Service/Operational","900","1972","rjaf-PC4429","S-1-5-19","2/18/2015 12:32:33 AM",,,"c:\users\mac_1\desktop\winevt\logs\microsoft-windows-homegroup provider service%4operational.evtx","System.UInt32[]","System.Diagnostics.Eventing.Reader.EventBookmark","Information","Info",,"System.Collections.ObjectModel.ReadOnlyCollection`1[System.String]","System.Collections.Generic.List`1[System.Diagnostics.Eventing.Reader.EventProperty]"
"HomeGroup status changed for HomeGroup 4. OldStatus: 132, NewStatus: %3","5013","0",,"4","0","0","-9223372036854775808","908","Microsoft-Windows-HomeGroup-ProviderService","c9bdb4eb-9287-4c8e-8378-6896f0d1c5ef","Microsoft-Windows-HomeGroup Provider Service/Operational","900","1980","rjaf-PC4429","S-1-5-19","2/17/2015 11:46:11 PM",,,"c:\users\mac_1\desktop\winevt\logs\microsoft-windows-homegroup provider service%4operational.evtx","System.UInt32[]","System.Diagnostics.Eventing.Reader.EventBookmark","Information","Info",,"System.Collections.ObjectModel.ReadOnlyCollection`1[System.String]","System.Collections.Generic.List`1[System.Diagnostics.Eventing.Reader.EventProperty]"
"HomeGroup status changed for HomeGroup 132. OldStatus: 4, NewStatus: %3","5013","0",,"4","0","0","-9223372036854775808","907","Microsoft-Windows-HomeGroup-ProviderService","c9bdb4eb-9287-4c8e-8378-6896f0d1c5ef","Microsoft-Windows-HomeGroup Provider Service/Operational","900","596","rjaf-PC4429","S-1-5-19","2/17/2015 11:45:58 PM",,,"c:\users\mac_1\desktop\winevt\logs\microsoft-windows-homegroup provider service%4operational.evtx","System.UInt32[]","System.Diagnostics.Eventing.Reader.EventBookmark","Information","Info",,"System.Collections.ObjectModel.ReadOnlyCollection`1[System.String]","System.Collections.Generic.List`1[System.Diagnostics.Eventing.Reader.EventProperty]"
"HomeGroup status changed for HomeGroup 4. OldStatus: 132, NewStatus: %3","5013","0",,"4","0","0","-9223372036854775808","906","Microsoft-Windows-HomeGroup-ProviderService","c9bdb4eb-9287-4c8e-8378-6896f0d1c5ef","Microsoft-Windows-HomeGroup Provider Service/Operational","900","1928","rjaf-PC4429","S-1-5-19","2/17/2015 11:43:53 AM",,,"c:\users\mac_1\desktop\winevt\logs\microsoft-windows-homegroup provider service%4operational.evtx","System.UInt32[]","System.Diagnostics.Eventing.Reader.EventBookmark","Information","Info",,"System.Collections.ObjectModel.ReadOnlyCollection`1[System.String]","System.Collections.Generic.List`1[System.Diagnostics.Eventing.Reader.EventProperty]"
"HomeGroup status changed for HomeGroup 132. OldStatus: 4, NewStatus: %3","5013","0",,"4","0","0","-9223372036854775808","905","Microsoft-Windows-HomeGroup-ProviderService","c9bdb4eb-9287-4c8e-8378-6896f0d1c5ef","Microsoft-Windows-HomeGroup Provider Service/Operational","900","2864","rjaf-PC4429","S-1-5-19","2/17/2015 8:05:14 AM",,,"c:\users\mac_1\desktop\winevt\logs\microsoft-windows-homegroup provider service%4operational.evtx","System.UInt32[]","System.Diagnostics.Eventing.Reader.EventBookmark","Information","Info",,"System.Collections.ObjectModel.ReadOnlyCollection`1[System.String]","System.Collections.Generic.List`1[System.Diagnostics.Eventing.Reader.EventProperty]"
"HomeGroup status changed for HomeGroup 4. OldStatus: 132, NewStatus: %3","5013","0",,"4","0","0","-9223372036854775808","904","Microsoft-Windows-HomeGroup-ProviderService","c9bdb4eb-9287-4c8e-8378-6896f0d1c5ef","Microsoft-Windows-HomeGroup Provider Service/Operational","900","3692","rjaf-PC4429","S-1-5-19","2/17/2015 7:30:03 AM",,,"c:\users\mac_1\desktop\winevt\logs\microsoft-windows-homegroup provider service%4operational.evtx","System.UInt32[]","System.Diagnostics.Eventing.Reader.EventBookmark","Information","Info",,"System.Collections.ObjectModel.ReadOnlyCollection`1[System.String]","System.Collections.Generic.List`1[System.Diagnostics.Eventing.Reader.EventProperty]"
"HomeGroup status changed for HomeGroup 132. OldStatus: 4, NewStatus: %3","5013","0",,"4","0","0","-9223372036854775808","903","Microsoft-Windows-HomeGroup-ProviderService","c9bdb4eb-9287-4c8e-8378-6896f0d1c5ef","Microsoft-Windows-HomeGroup Provider Service/Operational","900","3248","rjaf-PC4429","S-1-5-19","2/17/2015 7:29:54 AM",,,"c:\users\mac_1\desktop\winevt\logs\microsoft-windows-homegroup provider service%4operational.evtx","System.UInt32[]","System.Diagnostics.Eventing.Reader.EventBookmark","Information","Info",,"System.Collections.ObjectModel.ReadOnlyCollection`1[System.String]","System.Collections.Generic.List`1[System.Diagnostics.Eventing.Reader.EventProperty]"
"HomeGroup status changed for HomeGroup 4. OldStatus: 132, NewStatus: %3","5013","0",,"4","0","0","-9223372036854775808","902","Microsoft-Windows-HomeGroup-ProviderService","c9bdb4eb-9287-4c8e-8378-6896f0d1c5ef","Microsoft-Windows-HomeGroup Provider Service/Operational","900","2652","rjaf-PC4429","S-1-5-19","2/17/2015 6:10:59 AM",,,"c:\users\mac_1\desktop\winevt\logs\microsoft-windows-homegroup provider service%4operational.evtx","System.UInt32[]","System.Diagnostics.Eventing.Reader.EventBookmark","Information","Info",,"System.Collections.ObjectModel.ReadOnlyCollection`1[System.String]","System.Collections.Generic.List`1[System.Diagnostics.Eventing.Reader.EventProperty]"
"HomeGroup status changed for HomeGroup 132. OldStatus: 4, NewStatus: %3","5013","0",,"4","0","0","-9223372036854775808","901","Microsoft-Windows-HomeGroup-ProviderService","c9bdb4eb-9287-4c8e-8378-6896f0d1c5ef","Microsoft-Windows-HomeGroup Provider Service/Operational","900","1760","rjaf-PC4429","S-1-5-19","2/17/2015 4:20:15 AM",,,"c:\users\mac_1\desktop\winevt\logs\microsoft-windows-homegroup provider service%4operational.evtx","System.UInt32[]","System.Diagnostics.Eventing.Reader.EventBookmark","Information","Info",,"System.Collections.ObjectModel.ReadOnlyCollection`1[System.String]","System.Collections.Generic.List`1[System.Diagnostics.Eventing.Reader.EventProperty]"
"HomeGroup status changed for HomeGroup 4. OldStatus: 132, NewStatus: %3","5013","0",,"4","0","0","-9223372036854775808","900","Microsoft-Windows-HomeGroup-ProviderService","c9bdb4eb-9287-4c8e-8378-6896f0d1c5ef","Microsoft-Windows-HomeGroup Provider Service/Operational","900","3540","rjaf-PC4429","S-1-5-19","2/17/2015 4:11:23 AM",,,"c:\users\mac_1\desktop\winevt\logs\microsoft-windows-homegroup provider service%4operational.evtx","System.UInt32[]","System.Diagnostics.Eventing.Reader.EventBookmark","Information","Info",,"System.Collections.ObjectModel.ReadOnlyCollection`1[System.String]","System.Collections.Generic.List`1[System.Diagnostics.Eventing.Reader.EventProperty]"
"HomeGroup status changed for HomeGroup 2. OldStatus: 4, NewStatus: %3","5013","0",,"4","0","0","-9223372036854775808","899","Microsoft-Windows-HomeGroup-ProviderService","c9bdb4eb-9287-4c8e-8378-6896f0d1c5ef","Microsoft-Windows-HomeGroup Provider Service/Operational","900","1760","rjaf-PC4429","S-1-5-19","2/17/2015 4:11:08 AM",,,"c:\users\mac_1\desktop\winevt\logs\microsoft-windows-homegroup provider service%4operational.evtx","System.UInt32[]","System.Diagnostics.Eventing.Reader.EventBookmark","Information","Info",,"System.Collections.ObjectModel.ReadOnlyCollection`1[System.String]","System.Collections.Generic.List`1[System.Diagnostics.Eventing.Reader.EventProperty]"
"HomeGroup status changed for HomeGroup 0. OldStatus: 2, NewStatus: %3","5013","0",,"4","0","0","-9223372036854775808","898","Microsoft-Windows-HomeGroup-ProviderService","c9bdb4eb-9287-4c8e-8378-6896f0d1c5ef","Microsoft-Windows-HomeGroup Provider Service/Operational","900","1760","rjaf-PC4429","S-1-5-19","2/17/2015 4:11:08 AM",,,"c:\users\mac_1\desktop\winevt\logs\microsoft-windows-homegroup provider service%4operational.evtx","System.UInt32[]","System.Diagnostics.Eventing.Reader.EventBookmark","Information","Info",,"System.Collections.ObjectModel.ReadOnlyCollection`1[System.String]","System.Collections.Generic.List`1[System.Diagnostics.Eventing.Reader.EventProperty]"
"HomeGroup status changed for HomeGroup 4. OldStatus: 132, NewStatus: %3","5013","0",,"4","0","0","-9223372036854775808","897","Microsoft-Windows-HomeGroup-ProviderService","c9bdb4eb-9287-4c8e-8378-6896f0d1c5ef","Microsoft-Windows-HomeGroup Provider Service/Operational","912","3476","rjaf-PC4429","S-1-5-19","2/17/2015 2:59:36 AM",,,"c:\users\mac_1\desktop\winevt\logs\microsoft-windows-homegroup provider service%4operational.evtx","System.UInt32[]","System.Diagnostics.Eventing.Reader.EventBookmark","Information","Info",,"System.Collections.ObjectModel.ReadOnlyCollection`1[System.String]","System.Collections.Generic.List`1[System.Diagnostics.Eventing.Reader.EventProperty]"
"HomeGroup status changed for HomeGroup 2. OldStatus: 4, NewStatus: %3","5013","0",,"4","0","0","-9223372036854775808","896","Microsoft-Windows-HomeGroup-ProviderService","c9bdb4eb-9287-4c8e-8378-6896f0d1c5ef","Microsoft-Windows-HomeGroup Provider Service/Operational","912","1148","rjaf-PC4429","S-1-5-19","2/17/2015 2:59:21 AM",,,"c:\users\mac_1\desktop\winevt\logs\microsoft-windows-homegroup provider service%4operational.evtx","System.UInt32[]","System.Diagnostics.Eventing.Reader.EventBookmark","Information","Info",,"System.Collections.ObjectModel.ReadOnlyCollection`1[System.String]","System.Collections.Generic.List`1[System.Diagnostics.Eventing.Reader.EventProperty]"
"HomeGroup status changed for HomeGroup 0. OldStatus: 2, NewStatus: %3","5013","0",,"4","0","0","-9223372036854775808","895","Microsoft-Windows-HomeGroup-ProviderService","c9bdb4eb-9287-4c8e-8378-6896f0d1c5ef","Microsoft-Windows-HomeGroup Provider Service/Operational","912","1148","rjaf-PC4429","S-1-5-19","2/17/2015 2:59:21 AM",,,"c:\users\mac_1\desktop\winevt\logs\microsoft-windows-homegroup provider service%4operational.evtx","System.UInt32[]","System.Diagnostics.Eventing.Reader.EventBookmark","Information","Info",,"System.Collections.ObjectModel.ReadOnlyCollection`1[System.String]","System.Collections.Generic.List`1[System.Diagnostics.Eventing.Reader.EventProperty]"
"HomeGroup status changed for HomeGroup 2. OldStatus: 4, NewStatus: %3","5013","0",,"4","0","0","-9223372036854775808","894","Microsoft-Windows-HomeGroup-ProviderService","c9bdb4eb-9287-4c8e-8378-6896f0d1c5ef","Microsoft-Windows-HomeGroup Provider Service/Operational","904","984","rjaf-PC4429","S-1-5-19","2/17/2015 2:24:18 AM",,,"c:\users\mac_1\desktop\winevt\logs\microsoft-windows-homegroup provider service%4operational.evtx","System.UInt32[]","System.Diagnostics.Eventing.Reader.EventBookmark","Information","Info",,"System.Collections.ObjectModel.ReadOnlyCollection`1[System.String]","System.Collections.Generic.List`1[System.Diagnostics.Eventing.Reader.EventProperty]"
"HomeGroup status changed for HomeGroup 0. OldStatus: 2, NewStatus: %3","5013","0",,"4","0","0","-9223372036854775808","893","Microsoft-Windows-HomeGroup-ProviderService","c9bdb4eb-9287-4c8e-8378-6896f0d1c5ef","Microsoft-Windows-HomeGroup Provider Service/Operational","904","984","rjaf-PC4429","S-1-5-19","2/17/2015 2:24:18 AM",,,"c:\users\mac_1\desktop\winevt\logs\microsoft-windows-homegroup provider service%4operational.evtx","System.UInt32[]","System.Diagnostics.Eventing.Reader.EventBookmark","Information","Info",,"System.Collections.ObjectModel.ReadOnlyCollection`1[System.String]","System.Collections.Generic.List`1[System.Diagnostics.Eventing.Reader.EventProperty]"
"HomeGroup status changed for HomeGroup 4. OldStatus: 132, NewStatus: %3","5013","0",,"4","0","0","-9223372036854775808","892","Microsoft-Windows-HomeGroup-ProviderService","c9bdb4eb-9287-4c8e-8378-6896f0d1c5ef","Microsoft-Windows-HomeGroup Provider Service/Operational","904","3732","rjaf-PC4429","S-1-5-19","2/17/2015 1:16:05 AM",,,"c:\users\mac_1\desktop\winevt\logs\microsoft-windows-homegroup provider service%4operational.evtx","System.UInt32[]","System.Diagnostics.Eventing.Reader.EventBookmark","Information","Info",,"System.Collections.ObjectModel.ReadOnlyCollection`1[System.String]","System.Collections.Generic.List`1[System.Diagnostics.Eventing.Reader.EventProperty]"
"HomeGroup status changed for HomeGroup 132. OldStatus: 4, NewStatus: %3","5013","0",,"4","0","0","-9223372036854775808","891","Microsoft-Windows-HomeGroup-ProviderService","c9bdb4eb-9287-4c8e-8378-6896f0d1c5ef","Microsoft-Windows-HomeGroup Provider Service/Operational","904","1620","rjaf-PC4429","S-1-5-19","2/16/2015 5:00:12 PM",,,"c:\users\mac_1\desktop\winevt\logs\microsoft-windows-homegroup provider service%4operational.evtx","System.UInt32[]","System.Diagnostics.Eventing.Reader.EventBookmark","Information","Info",,"System.Collections.ObjectModel.ReadOnlyCollection`1[System.String]","System.Collections.Generic.List`1[System.Diagnostics.Eventing.Reader.EventProperty]"
"HomeGroup status changed for HomeGroup 4. OldStatus: 132, NewStatus: %3","5013","0",,"4","0","0","-9223372036854775808","890","Microsoft-Windows-HomeGroup-ProviderService","c9bdb4eb-9287-4c8e-8378-6896f0d1c5ef","Microsoft-Windows-HomeGroup Provider Service/Operational","904","2620","rjaf-PC4429","S-1-5-19","2/16/2015 12:13:17 PM",,,"c:\users\mac_1\desktop\winevt\logs\microsoft-windows-homegroup provider service%4operational.evtx","System.UInt32[]","System.Diagnostics.Eventing.Reader.EventBookmark","Information","Info",,"System.Collections.ObjectModel.ReadOnlyCollection`1[System.String]","System.Collections.Generic.List`1[System.Diagnostics.Eventing.Reader.EventProperty]"
"HomeGroup status changed for HomeGroup 132. OldStatus: 4, NewStatus: %3","5013","0",,"4","0","0","-9223372036854775808","889","Microsoft-Windows-HomeGroup-ProviderService","c9bdb4eb-9287-4c8e-8378-6896f0d1c5ef","Microsoft-Windows-HomeGroup Provider Service/Operational","904","2936","rjaf-PC4429","S-1-5-19","2/16/2015 6:57:41 AM",,,"c:\users\mac_1\desktop\winevt\logs\microsoft-windows-homegroup provider service%4operational.evtx","System.UInt32[]","System.Diagnostics.Eventing.Reader.EventBookmark","Information","Info",,"System.Collections.ObjectModel.ReadOnlyCollection`1[System.String]","System.Collections.Generic.List`1[System.Diagnostics.Eventing.Reader.EventProperty]"
"HomeGroup status changed for HomeGroup 4. OldStatus: 132, NewStatus: %3","5013","0",,"4","0","0","-9223372036854775808","888","Microsoft-Windows-HomeGroup-ProviderService","c9bdb4eb-9287-4c8e-8378-6896f0d1c5ef","Microsoft-Windows-HomeGroup Provider Service/Operational","904","1568","rjaf-PC4429","S-1-5-19","2/16/2015 6:39:46 AM",,,"c:\users\mac_1\desktop\winevt\logs\microsoft-windows-homegroup provider service%4operational.evtx","System.UInt32[]","System.Diagnostics.Eventing.Reader.EventBookmark","Information","Info",,"System.Collections.ObjectModel.ReadOnlyCollection`1[System.String]","System.Collections.Generic.List`1[System.Diagnostics.Eventing.Reader.EventProperty]"
"HomeGroup status changed for HomeGroup 132. OldStatus: 4, NewStatus: %3","5013","0",,"4","0","0","-9223372036854775808","887","Microsoft-Windows-HomeGroup-ProviderService","c9bdb4eb-9287-4c8e-8378-6896f0d1c5ef","Microsoft-Windows-HomeGroup Provider Service/Operational","904","1996","rjaf-PC4429","S-1-5-19","2/16/2015 6:39:35 AM",,,"c:\users\mac_1\desktop\winevt\logs\microsoft-windows-homegroup provider service%4operational.evtx","System.UInt32[]","System.Diagnostics.Eventing.Reader.EventBookmark","Information","Info",,"System.Collections.ObjectModel.ReadOnlyCollection`1[System.String]","System.Collections.Generic.List`1[System.Diagnostics.Eventing.Reader.EventProperty]"
"HomeGroup status changed for HomeGroup 4. OldStatus: 132, NewStatus: %3","5013","0",,"4","0","0","-9223372036854775808","886","Microsoft-Windows-HomeGroup-ProviderService","c9bdb4eb-9287-4c8e-8378-6896f0d1c5ef","Microsoft-Windows-HomeGroup Provider Service/Operational","904","2904","rjaf-PC4429","S-1-5-19","2/16/2015 4:42:56 AM",,,"c:\users\mac_1\desktop\winevt\logs\microsoft-windows-homegroup provider service%4operational.evtx","System.UInt32[]","System.Diagnostics.Eventing.Reader.EventBookmark","Information","Info",,"System.Collections.ObjectModel.ReadOnlyCollection`1[System.String]","System.Collections.Generic.List`1[System.Diagnostics.Eventing.Reader.EventProperty]"
"HomeGroup status changed for HomeGroup 132. OldStatus: 4, NewStatus: %3","5013","0",,"4","0","0","-9223372036854775808","885","Microsoft-Windows-HomeGroup-ProviderService","c9bdb4eb-9287-4c8e-8378-6896f0d1c5ef","Microsoft-Windows-HomeGroup Provider Service/Operational","904","2904","rjaf-PC4429","S-1-5-19","2/16/2015 4:42:46 AM",,,"c:\users\mac_1\desktop\winevt\logs\microsoft-windows-homegroup provider service%4operational.evtx","System.UInt32[]","System.Diagnostics.Eventing.Reader.EventBookmark","Information","Info",,"System.Collections.ObjectModel.ReadOnlyCollection`1[System.String]","System.Collections.Generic.List`1[System.Diagnostics.Eventing.Reader.EventProperty]"
"HomeGroup status changed for HomeGroup 4. OldStatus: 132, NewStatus: %3","5013","0",,"4","0","0","-9223372036854775808","884","Microsoft-Windows-HomeGroup-ProviderService","c9bdb4eb-9287-4c8e-8378-6896f0d1c5ef","Microsoft-Windows-HomeGroup Provider Service/Operational","904","3816","rjaf-PC4429","S-1-5-19","2/16/2015 2:08:47 AM",,,"c:\users\mac_1\desktop\winevt\logs\microsoft-windows-homegroup provider service%4operational.evtx","System.UInt32[]","System.Diagnostics.Eventing.Reader.EventBookmark","Information","Info",,"System.Collections.ObjectModel.ReadOnlyCollection`1[System.String]","System.Collections.Generic.List`1[System.Diagnostics.Eventing.Reader.EventProperty]"
"HomeGroup status changed for HomeGroup 132. OldStatus: 4, NewStatus: %3","5013","0",,"4","0","0","-9223372036854775808","883","Microsoft-Windows-HomeGroup-ProviderService","c9bdb4eb-9287-4c8e-8378-6896f0d1c5ef","Microsoft-Windows-HomeGroup Provider Service/Operational","904","2976","rjaf-PC4429","S-1-5-19","2/16/2015 2:08:34 AM",,,"c:\users\mac_1\desktop\winevt\logs\microsoft-windows-homegroup provider service%4operational.evtx","System.UInt32[]","System.Diagnostics.Eventing.Reader.EventBookmark","Information","Info",,"System.Collections.ObjectModel.ReadOnlyCollection`1[System.String]","System.Collections.Generic.List`1[System.Diagnostics.Eventing.Reader.EventProperty]"
"HomeGroup status changed for HomeGroup 4. OldStatus: 132, NewStatus: %3","5013","0",,"4","0","0","-9223372036854775808","882","Microsoft-Windows-HomeGroup-ProviderService","c9bdb4eb-9287-4c8e-8378-6896f0d1c5ef","Microsoft-Windows-HomeGroup Provider Service/Operational","904","3164","rjaf-PC4429","S-1-5-19","2/16/2015 12:50:50 AM",,,"c:\users\mac_1\desktop\winevt\logs\microsoft-windows-homegroup provider service%4operational.evtx","System.UInt32[]","System.Diagnostics.Eventing.Reader.EventBookmark","Information","Info",,"System.Collections.ObjectModel.ReadOnlyCollection`1[System.String]","System.Collections.Generic.List`1[System.Diagnostics.Eventing.Reader.EventProperty]"
"HomeGroup status changed for HomeGroup 132. OldStatus: 4, NewStatus: %3","5013","0",,"4","0","0","-9223372036854775808","881","Microsoft-Windows-HomeGroup-ProviderService","c9bdb4eb-9287-4c8e-8378-6896f0d1c5ef","Microsoft-Windows-HomeGroup Provider Service/Operational","904","1180","rjaf-PC4429","S-1-5-19","2/15/2015 11:49:48 PM",,,"c:\users\mac_1\desktop\winevt\logs\microsoft-windows-homegroup provider service%4operational.evtx","System.UInt32[]","System.Diagnostics.Eventing.Reader.EventBookmark","Information","Info",,"System.Collections.ObjectModel.ReadOnlyCollection`1[System.String]","System.Collections.Generic.List`1[System.Diagnostics.Eventing.Reader.EventProperty]"
"HomeGroup status changed for HomeGroup 4. OldStatus: 132, NewStatus: %3","5013","0",,"4","0","0","-9223372036854775808","880","Microsoft-Windows-HomeGroup-ProviderService","c9bdb4eb-9287-4c8e-8378-6896f0d1c5ef","Microsoft-Windows-HomeGroup Provider Service/Operational","904","2892","rjaf-PC4429","S-1-5-19","2/15/2015 11:02:39 PM",,,"c:\users\mac_1\desktop\winevt\logs\microsoft-windows-homegroup provider service%4operational.evtx","System.UInt32[]","System.Diagnostics.Eventing.Reader.EventBookmark","Information","Info",,"System.Collections.ObjectModel.ReadOnlyCollection`1[System.String]","System.Collections.Generic.List`1[System.Diagnostics.Eventing.Reader.EventProperty]"
"HomeGroup status changed for HomeGroup 132. OldStatus: 4, NewStatus: %3","5013","0",,"4","0","0","-9223372036854775808","879","Microsoft-Windows-HomeGroup-ProviderService","c9bdb4eb-9287-4c8e-8378-6896f0d1c5ef","Microsoft-Windows-HomeGroup Provider Service/Operational","904","2308","rjaf-PC4429","S-1-5-19","2/15/2015 11:02:36 PM",,,"c:\users\mac_1\desktop\winevt\logs\microsoft-windows-homegroup provider service%4operational.evtx","System.UInt32[]","System.Diagnostics.Eventing.Reader.EventBookmark","Information","Info",,"System.Collections.ObjectModel.ReadOnlyCollection`1[System.String]","System.Collections.Generic.List`1[System.Diagnostics.Eventing.Reader.EventProperty]"
"HomeGroup status changed for HomeGroup 4. OldStatus: 132, NewStatus: %3","5013","0",,"4","0","0","-9223372036854775808","878","Microsoft-Windows-HomeGroup-ProviderService","c9bdb4eb-9287-4c8e-8378-6896f0d1c5ef","Microsoft-Windows-HomeGroup Provider Service/Operational","904","2892","rjaf-PC4429","S-1-5-19","2/15/2015 11:02:33 PM",,,"c:\users\mac_1\desktop\winevt\logs\microsoft-windows-homegroup provider service%4operational.evtx","System.UInt32[]","System.Diagnostics.Eventing.Reader.EventBookmark","Information","Info",,"System.Collections.ObjectModel.ReadOnlyCollection`1[System.String]","System.Collections.Generic.List`1[System.Diagnostics.Eventing.Reader.EventProperty]"
"HomeGroup status changed for HomeGroup 132. OldStatus: 4, NewStatus: %3","5013","0",,"4","0","0","-9223372036854775808","877","Microsoft-Windows-HomeGroup-ProviderService","c9bdb4eb-9287-4c8e-8378-6896f0d1c5ef","Microsoft-Windows-HomeGroup Provider Service/Operational","904","2332","rjaf-PC4429","S-1-5-19","2/15/2015 11:02:31 PM",,,"c:\users\mac_1\desktop\winevt\logs\microsoft-windows-homegroup provider service%4operational.evtx","System.UInt32[]","System.Diagnostics.Eventing.Reader.EventBookmark","Information","Info",,"System.Collections.ObjectModel.ReadOnlyCollection`1[System.String]","System.Collections.Generic.List`1[System.Diagnostics.Eventing.Reader.EventProperty]"
"HomeGroup status changed for HomeGroup 4. OldStatus: 132, NewStatus: %3","5013","0",,"4","0","0","-9223372036854775808","876","Microsoft-Windows-HomeGroup-ProviderService","c9bdb4eb-9287-4c8e-8378-6896f0d1c5ef","Microsoft-Windows-HomeGroup Provider Service/Operational","904","2332","rjaf-PC4429","S-1-5-19","2/15/2015 11:02:29 PM",,,"c:\users\mac_1\desktop\winevt\logs\microsoft-windows-homegroup provider service%4operational.evtx","System.UInt32[]","System.Diagnostics.Eventing.Reader.EventBookmark","Information","Info",,"System.Collections.ObjectModel.ReadOnlyCollection`1[System.String]","System.Collections.Generic.List`1[System.Diagnostics.Eventing.Reader.EventProperty]"
"HomeGroup status changed for HomeGroup 132. OldStatus: 4, NewStatus: %3","5013","0",,"4","0","0","-9223372036854775808","875","Microsoft-Windows-HomeGroup-ProviderService","c9bdb4eb-9287-4c8e-8378-6896f0d1c5ef","Microsoft-Windows-HomeGroup Provider Service/Operational","904","2488","rjaf-PC4429","S-1-5-19","2/15/2015 11:01:51 PM",,,"c:\users\mac_1\desktop\winevt\logs\microsoft-windows-homegroup provider service%4operational.evtx","System.UInt32[]","System.Diagnostics.Eventing.Reader.EventBookmark","Information","Info",,"System.Collections.ObjectModel.ReadOnlyCollection`1[System.String]","System.Collections.Generic.List`1[System.Diagnostics.Eventing.Reader.EventProperty]"
"HomeGroup status changed for HomeGroup 4. OldStatus: 132, NewStatus: %3","5013","0",,"4","0","0","-9223372036854775808","874","Microsoft-Windows-HomeGroup-ProviderService","c9bdb4eb-9287-4c8e-8378-6896f0d1c5ef","Microsoft-Windows-HomeGroup Provider Service/Operational","904","2620","rjaf-PC4429","S-1-5-19","2/15/2015 10:08:31 AM",,,"c:\users\mac_1\desktop\winevt\logs\microsoft-windows-homegroup provider service%4operational.evtx","System.UInt32[]","System.Diagnostics.Eventing.Reader.EventBookmark","Information","Info",,"System.Collections.ObjectModel.ReadOnlyCollection`1[System.String]","System.Collections.Generic.List`1[System.Diagnostics.Eventing.Reader.EventProperty]"
"HomeGroup status changed for HomeGroup 132. OldStatus: 4, NewStatus: %3","5013","0",,"4","0","0","-9223372036854775808","873","Microsoft-Windows-HomeGroup-ProviderService","c9bdb4eb-9287-4c8e-8378-6896f0d1c5ef","Microsoft-Windows-HomeGroup Provider Service/Operational","904","3912","rjaf-PC4429","S-1-5-19","2/15/2015 8:50:39 AM",,,"c:\users\mac_1\desktop\winevt\logs\microsoft-windows-homegroup provider service%4operational.evtx","System.UInt32[]","System.Diagnostics.Eventing.Reader.EventBookmark","Information","Info",,"System.Collections.ObjectModel.ReadOnlyCollection`1[System.String]","System.Collections.Generic.List`1[System.Diagnostics.Eventing.Reader.EventProperty]"
"HomeGroup status changed for HomeGroup 4. OldStatus: 132, NewStatus: %3","5013","0",,"4","0","0","-9223372036854775808","872","Microsoft-Windows-HomeGroup-ProviderService","c9bdb4eb-9287-4c8e-8378-6896f0d1c5ef","Microsoft-Windows-HomeGroup Provider Service/Operational","904","3096","rjaf-PC4429","S-1-5-19","2/15/2015 6:36:12 AM",,,"c:\users\mac_1\desktop\winevt\logs\microsoft-windows-homegroup provider service%4operational.evtx","System.UInt32[]","System.Diagnostics.Eventing.Reader.EventBookmark","Information","Info",,"System.Collections.ObjectModel.ReadOnlyCollection`1[System.String]","System.Collections.Generic.List`1[System.Diagnostics.Eventing.Reader.EventProperty]"
"HomeGroup status changed for HomeGroup 132. OldStatus: 4, NewStatus: %3","5013","0",,"4","0","0","-9223372036854775808","871","Microsoft-Windows-HomeGroup-ProviderService","c9bdb4eb-9287-4c8e-8378-6896f0d1c5ef","Microsoft-Windows-HomeGroup Provider Service/Operational","904","3788","rjaf-PC4429","S-1-5-19","2/15/2015 5:23:14 AM",,,"c:\users\mac_1\desktop\winevt\logs\microsoft-windows-homegroup provider service%4operational.evtx","System.UInt32[]","System.Diagnostics.Eventing.Reader.EventBookmark","Information","Info",,"System.Collections.ObjectModel.ReadOnlyCollection`1[System.String]","System.Collections.Generic.List`1[System.Diagnostics.Eventing.Reader.EventProperty]"
"HomeGroup status changed for HomeGroup 4. OldStatus: 132, NewStatus: %3","5013","0",,"4","0","0","-9223372036854775808","870","Microsoft-Windows-HomeGroup-ProviderService","c9bdb4eb-9287-4c8e-8378-6896f0d1c5ef","Microsoft-Windows-HomeGroup Provider Service/Operational","904","296","rjaf-PC4429","S-1-5-19","2/15/2015 4:16:52 AM",,,"c:\users\mac_1\desktop\winevt\logs\microsoft-windows-homegroup provider service%4operational.evtx","System.UInt32[]","System.Diagnostics.Eventing.Reader.EventBookmark","Information","Info",,"System.Collections.ObjectModel.ReadOnlyCollection`1[System.String]","System.Collections.Generic.List`1[System.Diagnostics.Eventing.Reader.EventProperty]"
"HomeGroup status changed for HomeGroup 2. OldStatus: 4, NewStatus: %3","5013","0",,"4","0","0","-9223372036854775808","869","Microsoft-Windows-HomeGroup-ProviderService","c9bdb4eb-9287-4c8e-8378-6896f0d1c5ef","Microsoft-Windows-HomeGroup Provider Service/Operational","904","3500","rjaf-PC4429","S-1-5-19","2/15/2015 4:16:37 AM",,,"c:\users\mac_1\desktop\winevt\logs\microsoft-windows-homegroup provider service%4operational.evtx","System.UInt32[]","System.Diagnostics.Eventing.Reader.EventBookmark","Information","Info",,"System.Collections.ObjectModel.ReadOnlyCollection`1[System.String]","System.Collections.Generic.List`1[System.Diagnostics.Eventing.Reader.EventProperty]"
"HomeGroup status changed for HomeGroup 0. OldStatus: 2, NewStatus: %3","5013","0",,"4","0","0","-9223372036854775808","868","Microsoft-Windows-HomeGroup-ProviderService","c9bdb4eb-9287-4c8e-8378-6896f0d1c5ef","Microsoft-Windows-HomeGroup Provider Service/Operational","904","3500","rjaf-PC4429","S-1-5-19","2/15/2015 4:16:37 AM",,,"c:\users\mac_1\desktop\winevt\logs\microsoft-windows-homegroup provider service%4operational.evtx","System.UInt32[]","System.Diagnostics.Eventing.Reader.EventBookmark","Information","Info",,"System.Collections.ObjectModel.ReadOnlyCollection`1[System.String]","System.Collections.Generic.List`1[System.Diagnostics.Eventing.Reader.EventProperty]"
"HomeGroup status changed for HomeGroup 2. OldStatus: 4, NewStatus: %3","5013","0",,"4","0","0","-9223372036854775808","867","Microsoft-Windows-HomeGroup-ProviderService","c9bdb4eb-9287-4c8e-8378-6896f0d1c5ef","Microsoft-Windows-HomeGroup Provider Service/Operational","904","920","rjaf-PC4429","S-1-5-19","2/14/2015 4:27:59 AM",,,"c:\users\mac_1\desktop\winevt\logs\microsoft-windows-homegroup provider service%4operational.evtx","System.UInt32[]","System.Diagnostics.Eventing.Reader.EventBookmark","Information","Info",,"System.Collections.ObjectModel.ReadOnlyCollection`1[System.String]","System.Collections.Generic.List`1[System.Diagnostics.Eventing.Reader.EventProperty]"
"HomeGroup status changed for HomeGroup 0. OldStatus: 2, NewStatus: %3","5013","0",,"4","0","0","-9223372036854775808","866","Microsoft-Windows-HomeGroup-ProviderService","c9bdb4eb-9287-4c8e-8378-6896f0d1c5ef","Microsoft-Windows-HomeGroup Provider Service/Operational","904","920","rjaf-PC4429","S-1-5-19","2/14/2015 4:27:59 AM",,,"c:\users\mac_1\desktop\winevt\logs\microsoft-windows-homegroup provider service%4operational.evtx","System.UInt32[]","System.Diagnostics.Eventing.Reader.EventBookmark","Information","Info",,"System.Collections.ObjectModel.ReadOnlyCollection`1[System.String]","System.Collections.Generic.List`1[System.Diagnostics.Eventing.Reader.EventProperty]"
"HomeGroup status changed for HomeGroup 132. OldStatus: 4, NewStatus: %3","5013","0",,"4","0","0","-9223372036854775808","865","Microsoft-Windows-HomeGroup-ProviderService","c9bdb4eb-9287-4c8e-8378-6896f0d1c5ef","Microsoft-Windows-HomeGroup Provider Service/Operational","908","520","rjaf-PC4429","S-1-5-19","2/11/2015 5:00:17 PM",,,"c:\users\mac_1\desktop\winevt\logs\microsoft-windows-homegroup provider service%4operational.evtx","System.UInt32[]","System.Diagnostics.Eventing.Reader.EventBookmark","Information","Info",,"System.Collections.ObjectModel.ReadOnlyCollection`1[System.String]","System.Collections.Generic.List`1[System.Diagnostics.Eventing.Reader.EventProperty]"
"HomeGroup status changed for HomeGroup 4. OldStatus: 132, NewStatus: %3","5013","0",,"4","0","0","-9223372036854775808","864","Microsoft-Windows-HomeGroup-ProviderService","c9bdb4eb-9287-4c8e-8378-6896f0d1c5ef","Microsoft-Windows-HomeGroup Provider Service/Operational","908","2840","rjaf-PC4429","S-1-5-19","2/11/2015 6:07:04 AM",,,"c:\users\mac_1\desktop\winevt\logs\microsoft-windows-homegroup provider service%4operational.evtx","System.UInt32[]","System.Diagnostics.Eventing.Reader.EventBookmark","Information","Info",,"System.Collections.ObjectModel.ReadOnlyCollection`1[System.String]","System.Collections.Generic.List`1[System.Diagnostics.Eventing.Reader.EventProperty]"
"HomeGroup status changed for HomeGroup 132. OldStatus: 4, NewStatus: %3","5013","0",,"4","0","0","-9223372036854775808","863","Microsoft-Windows-HomeGroup-ProviderService","c9bdb4eb-9287-4c8e-8378-6896f0d1c5ef","Microsoft-Windows-HomeGroup Provider Service/Operational","908","1732","rjaf-PC4429","S-1-5-19","2/11/2015 4:43:53 AM",,,"c:\users\mac_1\desktop\winevt\logs\microsoft-windows-homegroup provider service%4operational.evtx","System.UInt32[]","System.Diagnostics.Eventing.Reader.EventBookmark","Information","Info",,"System.Collections.ObjectModel.ReadOnlyCollection`1[System.String]","System.Collections.Generic.List`1[System.Diagnostics.Eventing.Reader.EventProperty]"
"HomeGroup status changed for HomeGroup 4. OldStatus: 132, NewStatus: %3","5013","0",,"4","0","0","-9223372036854775808","862","Microsoft-Windows-HomeGroup-ProviderService","c9bdb4eb-9287-4c8e-8378-6896f0d1c5ef","Microsoft-Windows-HomeGroup Provider Service/Operational","908","3052","rjaf-PC4429","S-1-5-19","2/11/2015 1:37:49 AM",,,"c:\users\mac_1\desktop\winevt\logs\microsoft-windows-homegroup provider service%4operational.evtx","System.UInt32[]","System.Diagnostics.Eventing.Reader.EventBookmark","Information","Info",,"System.Collections.ObjectModel.ReadOnlyCollection`1[System.String]","System.Collections.Generic.List`1[System.Diagnostics.Eventing.Reader.EventProperty]"
"HomeGroup status changed for HomeGroup 132. OldStatus: 4, NewStatus: %3","5013","0",,"4","0","0","-9223372036854775808","861","Microsoft-Windows-HomeGroup-ProviderService","c9bdb4eb-9287-4c8e-8378-6896f0d1c5ef","Microsoft-Windows-HomeGroup Provider Service/Operational","908","3052","rjaf-PC4429","S-1-5-19","2/11/2015 1:37:46 AM",,,"c:\users\mac_1\desktop\winevt\logs\microsoft-windows-homegroup provider service%4operational.evtx","System.UInt32[]","System.Diagnostics.Eventing.Reader.EventBookmark","Information","Info",,"System.Collections.ObjectModel.ReadOnlyCollection`1[System.String]","System.Collections.Generic.List`1[System.Diagnostics.Eventing.Reader.EventProperty]"
"HomeGroup status changed for HomeGroup 4. OldStatus: 132, NewStatus: %3","5013","0",,"4","0","0","-9223372036854775808","860","Microsoft-Windows-HomeGroup-ProviderService","c9bdb4eb-9287-4c8e-8378-6896f0d1c5ef","Microsoft-Windows-HomeGroup Provider Service/Operational","908","2252","rjaf-PC4429","S-1-5-19","2/11/2015 1:29:55 AM",,,"c:\users\mac_1\desktop\winevt\logs\microsoft-windows-homegroup provider service%4operational.evtx","System.UInt32[]","System.Diagnostics.Eventing.Reader.EventBookmark","Information","Info",,"System.Collections.ObjectModel.ReadOnlyCollection`1[System.String]","System.Collections.Generic.List`1[System.Diagnostics.Eventing.Reader.EventProperty]"
"HomeGroup status changed for HomeGroup 2. OldStatus: 4, NewStatus: %3","5013","0",,"4","0","0","-9223372036854775808","859","Microsoft-Windows-HomeGroup-ProviderService","c9bdb4eb-9287-4c8e-8378-6896f0d1c5ef","Microsoft-Windows-HomeGroup Provider Service/Operational","908","920","rjaf-PC4429","S-1-5-19","2/11/2015 12:24:33 AM",,,"c:\users\mac_1\desktop\winevt\logs\microsoft-windows-homegroup provider service%4operational.evtx","System.UInt32[]","System.Diagnostics.Eventing.Reader.EventBookmark","Information","Info",,"System.Collections.ObjectModel.ReadOnlyCollection`1[System.String]","System.Collections.Generic.List`1[System.Diagnostics.Eventing.Reader.EventProperty]"
"HomeGroup status changed for HomeGroup 0. OldStatus: 2, NewStatus: %3","5013","0",,"4","0","0","-9223372036854775808","858","Microsoft-Windows-HomeGroup-ProviderService","c9bdb4eb-9287-4c8e-8378-6896f0d1c5ef","Microsoft-Windows-HomeGroup Provider Service/Operational","908","920","rjaf-PC4429","S-1-5-19","2/11/2015 12:24:33 AM",,,"c:\users\mac_1\desktop\winevt\logs\microsoft-windows-homegroup provider service%4operational.evtx","System.UInt32[]","System.Diagnostics.Eventing.Reader.EventBookmark","Information","Info",,"System.Collections.ObjectModel.ReadOnlyCollection`1[System.String]","System.Collections.Generic.List`1[System.Diagnostics.Eventing.Reader.EventProperty]"
"HomeGroup status changed for HomeGroup 4. OldStatus: 132, NewStatus: %3","5013","0",,"4","0","0","-9223372036854775808","857","Microsoft-Windows-HomeGroup-ProviderService","c9bdb4eb-9287-4c8e-8378-6896f0d1c5ef","Microsoft-Windows-HomeGroup Provider Service/Operational","912","1660","rjaf-PC4429","S-1-5-19","2/10/2015 10:26:05 AM",,,"c:\users\mac_1\desktop\winevt\logs\microsoft-windows-homegroup provider service%4operational.evtx","System.UInt32[]","System.Diagnostics.Eventing.Reader.EventBookmark","Information","Info",,"System.Collections.ObjectModel.ReadOnlyCollection`1[System.String]","System.Collections.Generic.List`1[System.Diagnostics.Eventing.Reader.EventProperty]"
"HomeGroup status changed for HomeGroup 132. OldStatus: 4, NewStatus: %3","5013","0",,"4","0","0","-9223372036854775808","856","Microsoft-Windows-HomeGroup-ProviderService","c9bdb4eb-9287-4c8e-8378-6896f0d1c5ef","Microsoft-Windows-HomeGroup Provider Service/Operational","912","4296","rjaf-PC4429","S-1-5-19","2/10/2015 7:10:41 AM",,,"c:\users\mac_1\desktop\winevt\logs\microsoft-windows-homegroup provider service%4operational.evtx","System.UInt32[]","System.Diagnostics.Eventing.Reader.EventBookmark","Information","Info",,"System.Collections.ObjectModel.ReadOnlyCollection`1[System.String]","System.Collections.Generic.List`1[System.Diagnostics.Eventing.Reader.EventProperty]"
"HomeGroup status changed for HomeGroup 4. OldStatus: 132, NewStatus: %3","5013","0",,"4","0","0","-9223372036854775808","855","Microsoft-Windows-HomeGroup-ProviderService","c9bdb4eb-9287-4c8e-8378-6896f0d1c5ef","Microsoft-Windows-HomeGroup Provider Service/Operational","912","5564","rjaf-PC4429","S-1-5-19","2/10/2015 6:51:21 AM",,,"c:\users\mac_1\desktop\winevt\logs\microsoft-windows-homegroup provider service%4operational.evtx","System.UInt32[]","System.Diagnostics.Eventing.Reader.EventBookmark","Information","Info",,"System.Collections.ObjectModel.ReadOnlyCollection`1[System.String]","System.Collections.Generic.List`1[System.Diagnostics.Eventing.Reader.EventProperty]"
"HomeGroup status changed for HomeGroup 132. OldStatus: 4, NewStatus: %3","5013","0",,"4","0","0","-9223372036854775808","854","Microsoft-Windows-HomeGroup-ProviderService","c9bdb4eb-9287-4c8e-8378-6896f0d1c5ef","Microsoft-Windows-HomeGroup Provider Service/Operational","912","5760","rjaf-PC4429","S-1-5-19","2/10/2015 6:51:15 AM",,,"c:\users\mac_1\desktop\winevt\logs\microsoft-windows-homegroup provider service%4operational.evtx","System.UInt32[]","System.Diagnostics.Eventing.Reader.EventBookmark","Information","Info",,"System.Collections.ObjectModel.ReadOnlyCollection`1[System.String]","System.Collections.Generic.List`1[System.Diagnostics.Eventing.Reader.EventProperty]"
"HomeGroup status changed for HomeGroup 4. OldStatus: 132, NewStatus: %3","5013","0",,"4","0","0","-9223372036854775808","853","Microsoft-Windows-HomeGroup-ProviderService","c9bdb4eb-9287-4c8e-8378-6896f0d1c5ef","Microsoft-Windows-HomeGroup Provider Service/Operational","912","5788","rjaf-PC4429","S-1-5-19","2/10/2015 2:10:18 AM",,,"c:\users\mac_1\desktop\winevt\logs\microsoft-windows-homegroup provider service%4operational.evtx","System.UInt32[]","System.Diagnostics.Eventing.Reader.EventBookmark","Information","Info",,"System.Collections.ObjectModel.ReadOnlyCollection`1[System.String]","System.Collections.Generic.List`1[System.Diagnostics.Eventing.Reader.EventProperty]"
"HomeGroup status changed for HomeGroup 132. OldStatus: 4, NewStatus: %3","5013","0",,"4","0","0","-9223372036854775808","852","Microsoft-Windows-HomeGroup-ProviderService","c9bdb4eb-9287-4c8e-8378-6896f0d1c5ef","Microsoft-Windows-HomeGroup Provider Service/Operational","912","908","rjaf-PC4429","S-1-5-19","2/9/2015 5:00:12 PM",,,"c:\users\mac_1\desktop\winevt\logs\microsoft-windows-homegroup provider service%4operational.evtx","System.UInt32[]","System.Diagnostics.Eventing.Reader.EventBookmark","Information","Info",,"System.Collections.ObjectModel.ReadOnlyCollection`1[System.String]","System.Collections.Generic.List`1[System.Diagnostics.Eventing.Reader.EventProperty]"
"HomeGroup status changed for HomeGroup 4. OldStatus: 132, NewStatus: %3","5013","0",,"4","0","0","-9223372036854775808","851","Microsoft-Windows-HomeGroup-ProviderService","c9bdb4eb-9287-4c8e-8378-6896f0d1c5ef","Microsoft-Windows-HomeGroup Provider Service/Operational","912","3372","rjaf-PC4429","S-1-5-19","2/9/2015 10:51:32 AM",,,"c:\users\mac_1\desktop\winevt\logs\microsoft-windows-homegroup provider service%4operational.evtx","System.UInt32[]","System.Diagnostics.Eventing.Reader.EventBookmark","Information","Info",,"System.Collections.ObjectModel.ReadOnlyCollection`1[System.String]","System.Collections.Generic.List`1[System.Diagnostics.Eventing.Reader.EventProperty]"
"HomeGroup status changed for HomeGroup 132. OldStatus: 4, NewStatus: %3","5013","0",,"4","0","0","-9223372036854775808","850","Microsoft-Windows-HomeGroup-ProviderService","c9bdb4eb-9287-4c8e-8378-6896f0d1c5ef","Microsoft-Windows-HomeGroup Provider Service/Operational","912","3372","rjaf-PC4429","S-1-5-19","2/9/2015 10:51:28 AM",,,"c:\users\mac_1\desktop\winevt\logs\microsoft-windows-homegroup provider service%4operational.evtx","System.UInt32[]","System.Diagnostics.Eventing.Reader.EventBookmark","Information","Info",,"System.Collections.ObjectModel.ReadOnlyCollection`1[System.String]","System.Collections.Generic.List`1[System.Diagnostics.Eventing.Reader.EventProperty]"
"HomeGroup status changed for HomeGroup 4. OldStatus: 132, NewStatus: %3","5013","0",,"4","0","0","-9223372036854775808","849","Microsoft-Windows-HomeGroup-ProviderService","c9bdb4eb-9287-4c8e-8378-6896f0d1c5ef","Microsoft-Windows-HomeGroup Provider Service/Operational","912","256","rjaf-PC4429","S-1-5-19","2/9/2015 9:46:20 AM",,,"c:\users\mac_1\desktop\winevt\logs\microsoft-windows-homegroup provider service%4operational.evtx","System.UInt32[]","System.Diagnostics.Eventing.Reader.EventBookmark","Information","Info",,"System.Collections.ObjectModel.ReadOnlyCollection`1[System.String]","System.Collections.Generic.List`1[System.Diagnostics.Eventing.Reader.EventProperty]"
"HomeGroup status changed for HomeGroup 132. OldStatus: 4, NewStatus: %3","5013","0",,"4","0","0","-9223372036854775808","848","Microsoft-Windows-HomeGroup-ProviderService","c9bdb4eb-9287-4c8e-8378-6896f0d1c5ef","Microsoft-Windows-HomeGroup Provider Service/Operational","912","5904","rjaf-PC4429","S-1-5-19","2/9/2015 1:26:31 AM",,,"c:\users\mac_1\desktop\winevt\logs\microsoft-windows-homegroup provider service%4operational.evtx","System.UInt32[]","System.Diagnostics.Eventing.Reader.EventBookmark","Information","Info",,"System.Collections.ObjectModel.ReadOnlyCollection`1[System.String]","System.Collections.Generic.List`1[System.Diagnostics.Eventing.Reader.EventProperty]"
"HomeGroup status changed for HomeGroup 4. OldStatus: 132, NewStatus: %3","5013","0",,"4","0","0","-9223372036854775808","847","Microsoft-Windows-HomeGroup-ProviderService","c9bdb4eb-9287-4c8e-8378-6896f0d1c5ef","Microsoft-Windows-HomeGroup Provider Service/Operational","912","4192","rjaf-PC4429","S-1-5-19","2/9/2015 1:24:56 AM",,,"c:\users\mac_1\desktop\winevt\logs\microsoft-windows-homegroup provider service%4operational.evtx","System.UInt32[]","System.Diagnostics.Eventing.Reader.EventBookmark","Information","Info",,"System.Collections.ObjectModel.ReadOnlyCollection`1[System.String]","System.Collections.Generic.List`1[System.Diagnostics.Eventing.Reader.EventProperty]"
"HomeGroup status changed for HomeGroup 132. OldStatus: 4, NewStatus: %3","5013","0",,"4","0","0","-9223372036854775808","846","Microsoft-Windows-HomeGroup-ProviderService","c9bdb4eb-9287-4c8e-8378-6896f0d1c5ef","Microsoft-Windows-HomeGroup Provider Service/Operational","912","2884","rjaf-PC4429","S-1-5-19","2/8/2015 5:00:17 PM",,,"c:\users\mac_1\desktop\winevt\logs\microsoft-windows-homegroup provider service%4operational.evtx","System.UInt32[]","System.Diagnostics.Eventing.Reader.EventBookmark","Information","Info",,"System.Collections.ObjectModel.ReadOnlyCollection`1[System.String]","System.Collections.Generic.List`1[System.Diagnostics.Eventing.Reader.EventProperty]"
"HomeGroup status changed for HomeGroup 4. OldStatus: 132, NewStatus: %3","5013","0",,"4","0","0","-9223372036854775808","845","Microsoft-Windows-HomeGroup-ProviderService","c9bdb4eb-9287-4c8e-8378-6896f0d1c5ef","Microsoft-Windows-HomeGroup Provider Service/Operational","912","3616","rjaf-PC4429","S-1-5-19","2/8/2015 11:04:38 AM",,,"c:\users\mac_1\desktop\winevt\logs\microsoft-windows-homegroup provider service%4operational.evtx","System.UInt32[]","System.Diagnostics.Eventing.Reader.EventBookmark","Information","Info",,"System.Collections.ObjectModel.ReadOnlyCollection`1[System.String]","System.Collections.Generic.List`1[System.Diagnostics.Eventing.Reader.EventProperty]"
"HomeGroup status changed for HomeGroup 132. OldStatus: 4, NewStatus: %3","5013","0",,"4","0","0","-9223372036854775808","844","Microsoft-Windows-HomeGroup-ProviderService","c9bdb4eb-9287-4c8e-8378-6896f0d1c5ef","Microsoft-Windows-HomeGroup Provider Service/Operational","912","4092","rjaf-PC4429","S-1-5-19","2/8/2015 5:39:16 AM",,,"c:\users\mac_1\desktop\winevt\logs\microsoft-windows-homegroup provider service%4operational.evtx","System.UInt32[]","System.Diagnostics.Eventing.Reader.EventBookmark","Information","Info",,"System.Collections.ObjectModel.ReadOnlyCollection`1[System.String]","System.Collections.Generic.List`1[System.Diagnostics.Eventing.Reader.EventProperty]"
