"Job cancelled. User: RJAF-PC4429\rjaf, job: {AC76BA86-7AD7-1033-7B44-A95000000001}, jobID: {4460FC56-5A52-4A34-AC0D-1D23B6EC958D}, owner: RJAF-PC4429\rjaf, filecount: 1","5","0",,"4","0","0","4611686018427387904","10252","Microsoft-Windows-Bits-Client","ef1cc15b-46c1-414e-bb95-e76b077bd51e","Microsoft-Windows-Bits-Client/Operational","1432","1452","rjaf-PC4429","S-1-5-21-1634558665-2257203147-3060767804-1000","5/22/2015 6:37:17 AM",,,"c:\users\mac_1\desktop\winevt\logs\microsoft-windows-bits-client%4operational.evtx","System.UInt32[]","System.Diagnostics.Eventing.Reader.EventBookmark","Information","Info",,"System.Collections.ObjectModel.ReadOnlyCollection`1[System.String]","System.Collections.Generic.List`1[System.Diagnostics.Eventing.Reader.EventProperty]"
"The BITS service provided job credentials in response to the UNIDENTIFIED authentication challenge from the 10.10.1.1:8080 server for the {AC76BA86-7AD7-1033-7B44-A95000000001} transfer job that is associated with the following URL: /arm-manifests/win/Reader9Manifest.msi.
 The credentials for the S-1-5-21-1634558665-2257203147-3060767804-1000 user were rejected.","204","1",,"2","0","0","4611686018427387904","10251","Microsoft-Windows-Bits-Client","ef1cc15b-46c1-414e-bb95-e76b077bd51e","Microsoft-Windows-Bits-Client/Operational","1432","1452","rjaf-PC4429","S-1-5-21-1634558665-2257203147-3060767804-1000","5/22/2015 6:37:17 AM",,,"c:\users\mac_1\desktop\winevt\logs\microsoft-windows-bits-client%4operational.evtx","System.UInt32[]","System.Diagnostics.Eventing.Reader.EventBookmark","Error","Info",,"System.Collections.ObjectModel.ReadOnlyCollection`1[System.String]","System.Collections.Generic.List`1[System.Diagnostics.Eventing.Reader.EventProperty]"
"The BITS service created a new job: {AC76BA86-7AD7-1033-7B44-A95000000001}, with owner RJAF-PC4429\rjaf","3","0",,"4","0","0","4611686018427387904","10250","Microsoft-Windows-Bits-Client","ef1cc15b-46c1-414e-bb95-e76b077bd51e","Microsoft-Windows-Bits-Client/Operational","1432","1604","rjaf-PC4429","S-1-5-18","5/22/2015 6:37:05 AM",,,"c:\users\mac_1\desktop\winevt\logs\microsoft-windows-bits-client%4operational.evtx","System.UInt32[]","System.Diagnostics.Eventing.Reader.EventBookmark","Information","Info",,"System.Collections.ObjectModel.ReadOnlyCollection`1[System.String]","System.Collections.Generic.List`1[System.Diagnostics.Eventing.Reader.EventProperty]"
"Job cancelled. User: RJAF-PC4429\rjaf, job: {AC76BA86-7AD7-1033-7B44-A95000000001}, jobID: {38C0123D-2950-4590-A17A-8581C98D4BF9}, owner: RJAF-PC4429\rjaf, filecount: 1","5","0",,"4","0","0","4611686018427387904","10249","Microsoft-Windows-Bits-Client","ef1cc15b-46c1-414e-bb95-e76b077bd51e","Microsoft-Windows-Bits-Client/Operational","1432","1604","rjaf-PC4429","S-1-5-21-1634558665-2257203147-3060767804-1000","5/22/2015 6:37:05 AM",,,"c:\users\mac_1\desktop\winevt\logs\microsoft-windows-bits-client%4operational.evtx","System.UInt32[]","System.Diagnostics.Eventing.Reader.EventBookmark","Information","Info",,"System.Collections.ObjectModel.ReadOnlyCollection`1[System.String]","System.Collections.Generic.List`1[System.Diagnostics.Eventing.Reader.EventProperty]"
"The BITS service loaded the job list from disk.","306","0",,"5","0","0","4611686018427387904","10248","Microsoft-Windows-Bits-Client","ef1cc15b-46c1-414e-bb95-e76b077bd51e","Microsoft-Windows-Bits-Client/Operational","1432","3524","rjaf-PC4429","S-1-5-18","5/22/2015 6:37:04 AM",,,"c:\users\mac_1\desktop\winevt\logs\microsoft-windows-bits-client%4operational.evtx","System.UInt32[]","System.Diagnostics.Eventing.Reader.EventBookmark","Verbose","Info",,"System.Collections.ObjectModel.ReadOnlyCollection`1[System.String]","System.Collections.Generic.List`1[System.Diagnostics.Eventing.Reader.EventProperty]"
"The BITS job named ""{AC76BA86-7AD7-1033-7B44-A95000000001}"" was unable to contact any HTTP proxy server in its proxy list.  This may indicate a problem with the proxy servers or with the client's network configuration.  An administrator should verify whether the proxy list is correct.  BITS will periodically try to transfer the job.  The HTTP proxy list is ""10.10.1.1:8080"".  The proxy-bypass list is ""<local>"".","201","0",,"3","0","0","4611686018427387904","10247","Microsoft-Windows-Bits-Client","ef1cc15b-46c1-414e-bb95-e76b077bd51e","Microsoft-Windows-Bits-Client/Operational","1420","1832","rjaf-PC4429","S-1-5-21-1634558665-2257203147-3060767804-1000","5/22/2015 3:47:25 AM",,,"c:\users\mac_1\desktop\winevt\logs\microsoft-windows-bits-client%4operational.evtx","System.UInt32[]","System.Diagnostics.Eventing.Reader.EventBookmark","Warning","Info",,"System.Collections.ObjectModel.ReadOnlyCollection`1[System.String]","System.Collections.Generic.List`1[System.Diagnostics.Eventing.Reader.EventProperty]"
"The BITS service created a new job: {AC76BA86-7AD7-1033-7B44-A95000000001}, with owner RJAF-PC4429\rjaf","3","0",,"4","0","0","4611686018427387904","10246","Microsoft-Windows-Bits-Client","ef1cc15b-46c1-414e-bb95-e76b077bd51e","Microsoft-Windows-Bits-Client/Operational","1420","1832","rjaf-PC4429","S-1-5-18","5/22/2015 3:47:04 AM","00000000-ab28-0000-824a-e47c7c94d001",,"c:\users\mac_1\desktop\winevt\logs\microsoft-windows-bits-client%4operational.evtx","System.UInt32[]","System.Diagnostics.Eventing.Reader.EventBookmark","Information","Info",,"System.Collections.ObjectModel.ReadOnlyCollection`1[System.String]","System.Collections.Generic.List`1[System.Diagnostics.Eventing.Reader.EventProperty]"
"Job cancelled. User: RJAF-PC4429\rjaf, job: {AC76BA86-7AD7-1033-7B44-A95000000001}, jobID: {C7351F04-8137-40F6-82C5-B2A7553525BD}, owner: RJAF-PC4429\rjaf, filecount: 1","5","0",,"4","0","0","4611686018427387904","10245","Microsoft-Windows-Bits-Client","ef1cc15b-46c1-414e-bb95-e76b077bd51e","Microsoft-Windows-Bits-Client/Operational","1420","1832","rjaf-PC4429","S-1-5-21-1634558665-2257203147-3060767804-1000","5/22/2015 3:47:04 AM","00000000-ab28-0000-824a-e47c7c94d001",,"c:\users\mac_1\desktop\winevt\logs\microsoft-windows-bits-client%4operational.evtx","System.UInt32[]","System.Diagnostics.Eventing.Reader.EventBookmark","Information","Info",,"System.Collections.ObjectModel.ReadOnlyCollection`1[System.String]","System.Collections.Generic.List`1[System.Diagnostics.Eventing.Reader.EventProperty]"
"The BITS job named ""{AC76BA86-7AD7-1033-7B44-A95000000001}"" was unable to contact any HTTP proxy server in its proxy list.  This may indicate a problem with the proxy servers or with the client's network configuration.  An administrator should verify whether the proxy list is correct.  BITS will periodically try to transfer the job.  The HTTP proxy list is ""10.10.1.1:8080"".  The proxy-bypass list is ""<local>"".","201","0",,"3","0","0","4611686018427387904","10244","Microsoft-Windows-Bits-Client","ef1cc15b-46c1-414e-bb95-e76b077bd51e","Microsoft-Windows-Bits-Client/Operational","1420","3368","rjaf-PC4429","S-1-5-21-1634558665-2257203147-3060767804-1000","5/22/2015 3:47:02 AM",,,"c:\users\mac_1\desktop\winevt\logs\microsoft-windows-bits-client%4operational.evtx","System.UInt32[]","System.Diagnostics.Eventing.Reader.EventBookmark","Warning","Info",,"System.Collections.ObjectModel.ReadOnlyCollection`1[System.String]","System.Collections.Generic.List`1[System.Diagnostics.Eventing.Reader.EventProperty]"
"The BITS service created a new job: {AC76BA86-7AD7-1033-7B44-A95000000001}, with owner RJAF-PC4429\rjaf","3","0",,"4","0","0","4611686018427387904","10243","Microsoft-Windows-Bits-Client","ef1cc15b-46c1-414e-bb95-e76b077bd51e","Microsoft-Windows-Bits-Client/Operational","1420","1832","rjaf-PC4429","S-1-5-18","5/22/2015 3:46:28 AM","00000000-ab28-0000-824a-e47c7c94d001",,"c:\users\mac_1\desktop\winevt\logs\microsoft-windows-bits-client%4operational.evtx","System.UInt32[]","System.Diagnostics.Eventing.Reader.EventBookmark","Information","Info",,"System.Collections.ObjectModel.ReadOnlyCollection`1[System.String]","System.Collections.Generic.List`1[System.Diagnostics.Eventing.Reader.EventProperty]"
"The BITS service loaded the job list from disk.","306","0",,"5","0","0","4611686018427387904","10242","Microsoft-Windows-Bits-Client","ef1cc15b-46c1-414e-bb95-e76b077bd51e","Microsoft-Windows-Bits-Client/Operational","1420","3648","rjaf-PC4429","S-1-5-18","5/22/2015 3:46:28 AM",,,"c:\users\mac_1\desktop\winevt\logs\microsoft-windows-bits-client%4operational.evtx","System.UInt32[]","System.Diagnostics.Eventing.Reader.EventBookmark","Verbose","Info",,"System.Collections.ObjectModel.ReadOnlyCollection`1[System.String]","System.Collections.Generic.List`1[System.Diagnostics.Eventing.Reader.EventProperty]"
"Job cancelled. User: NT AUTHORITY\SYSTEM, job: C:\Windows\TEMP\GURF41.exe, jobID: {51077893-A828-49EC-9455-24DA1EA3D367}, owner: NT AUTHORITY\SYSTEM, filecount: 1","5","0",,"4","0","0","4611686018427387904","10241","Microsoft-Windows-Bits-Client","ef1cc15b-46c1-414e-bb95-e76b077bd51e","Microsoft-Windows-Bits-Client/Operational","1500","2784","rjaf-PC4429","S-1-5-18","5/22/2015 3:45:16 AM",,,"c:\users\mac_1\desktop\winevt\logs\microsoft-windows-bits-client%4operational.evtx","System.UInt32[]","System.Diagnostics.Eventing.Reader.EventBookmark","Information","Info",,"System.Collections.ObjectModel.ReadOnlyCollection`1[System.String]","System.Collections.Generic.List`1[System.Diagnostics.Eventing.Reader.EventProperty]"
"The BITS service created a new job: C:\Windows\TEMP\GURF41.exe, with owner NT AUTHORITY\SYSTEM","3","0",,"4","0","0","4611686018427387904","10240","Microsoft-Windows-Bits-Client","ef1cc15b-46c1-414e-bb95-e76b077bd51e","Microsoft-Windows-Bits-Client/Operational","1500","2784","rjaf-PC4429","S-1-5-18","5/22/2015 3:45:04 AM",,,"c:\users\mac_1\desktop\winevt\logs\microsoft-windows-bits-client%4operational.evtx","System.UInt32[]","System.Diagnostics.Eventing.Reader.EventBookmark","Information","Info",,"System.Collections.ObjectModel.ReadOnlyCollection`1[System.String]","System.Collections.Generic.List`1[System.Diagnostics.Eventing.Reader.EventProperty]"
"Job cancelled. User: NT AUTHORITY\SYSTEM, job: C:\Windows\TEMP\GURF41.exe, jobID: {2CCA021B-F8A8-4396-9B70-5AB0CB935BB9}, owner: NT AUTHORITY\SYSTEM, filecount: 1","5","0",,"4","0","0","4611686018427387904","10239","Microsoft-Windows-Bits-Client","ef1cc15b-46c1-414e-bb95-e76b077bd51e","Microsoft-Windows-Bits-Client/Operational","1500","5696","rjaf-PC4429","S-1-5-18","5/22/2015 3:44:52 AM","85f02724-3e4f-0001-038c-22898c91d001",,"c:\users\mac_1\desktop\winevt\logs\microsoft-windows-bits-client%4operational.evtx","System.UInt32[]","System.Diagnostics.Eventing.Reader.EventBookmark","Information","Info",,"System.Collections.ObjectModel.ReadOnlyCollection`1[System.String]","System.Collections.Generic.List`1[System.Diagnostics.Eventing.Reader.EventProperty]"
"The BITS service created a new job: C:\Windows\TEMP\GURF41.exe, with owner NT AUTHORITY\SYSTEM","3","0",,"4","0","0","4611686018427387904","10238","Microsoft-Windows-Bits-Client","ef1cc15b-46c1-414e-bb95-e76b077bd51e","Microsoft-Windows-Bits-Client/Operational","1500","4464","rjaf-PC4429","S-1-5-18","5/22/2015 3:44:37 AM",,,"c:\users\mac_1\desktop\winevt\logs\microsoft-windows-bits-client%4operational.evtx","System.UInt32[]","System.Diagnostics.Eventing.Reader.EventBookmark","Information","Info",,"System.Collections.ObjectModel.ReadOnlyCollection`1[System.String]","System.Collections.Generic.List`1[System.Diagnostics.Eventing.Reader.EventProperty]"
"Job cancelled. User: NT AUTHORITY\SYSTEM, job: C:\Users\rjaf\AppData\Local\{35B0E025-66EE-4CFC-8E5B-86A0594F9E45}, jobID: {53877766-A44D-483D-8B1E-DFE846A80D62}, owner: NT AUTHORITY\SYSTEM, filecount: 1","5","0",,"4","0","0","4611686018427387904","10237","Microsoft-Windows-Bits-Client","ef1cc15b-46c1-414e-bb95-e76b077bd51e","Microsoft-Windows-Bits-Client/Operational","1500","3292","rjaf-PC4429","S-1-5-18","5/22/2015 3:44:22 AM","85f02724-3e4f-0001-038c-22898c91d001",,"c:\users\mac_1\desktop\winevt\logs\microsoft-windows-bits-client%4operational.evtx","System.UInt32[]","System.Diagnostics.Eventing.Reader.EventBookmark","Information","Info",,"System.Collections.ObjectModel.ReadOnlyCollection`1[System.String]","System.Collections.Generic.List`1[System.Diagnostics.Eventing.Reader.EventProperty]"
"The BITS service created a new job: C:\Users\rjaf\AppData\Local\{35B0E025-66EE-4CFC-8E5B-86A0594F9E45}, with owner NT AUTHORITY\SYSTEM","3","0",,"4","0","0","4611686018427387904","10236","Microsoft-Windows-Bits-Client","ef1cc15b-46c1-414e-bb95-e76b077bd51e","Microsoft-Windows-Bits-Client/Operational","1500","4464","rjaf-PC4429","S-1-5-18","5/22/2015 3:44:10 AM",,,"c:\users\mac_1\desktop\winevt\logs\microsoft-windows-bits-client%4operational.evtx","System.UInt32[]","System.Diagnostics.Eventing.Reader.EventBookmark","Information","Info",,"System.Collections.ObjectModel.ReadOnlyCollection`1[System.String]","System.Collections.Generic.List`1[System.Diagnostics.Eventing.Reader.EventProperty]"
"Job cancelled. User: NT AUTHORITY\SYSTEM, job: C:\Users\rjaf\AppData\Local\{35B0E025-66EE-4CFC-8E5B-86A0594F9E45}, jobID: {12541976-3663-4599-88C9-4D52AF29E11F}, owner: NT AUTHORITY\SYSTEM, filecount: 1","5","0",,"4","0","0","4611686018427387904","10235","Microsoft-Windows-Bits-Client","ef1cc15b-46c1-414e-bb95-e76b077bd51e","Microsoft-Windows-Bits-Client/Operational","1500","4464","rjaf-PC4429","S-1-5-18","5/22/2015 3:43:58 AM",,,"c:\users\mac_1\desktop\winevt\logs\microsoft-windows-bits-client%4operational.evtx","System.UInt32[]","System.Diagnostics.Eventing.Reader.EventBookmark","Information","Info",,"System.Collections.ObjectModel.ReadOnlyCollection`1[System.String]","System.Collections.Generic.List`1[System.Diagnostics.Eventing.Reader.EventProperty]"
"The BITS service created a new job: C:\Users\rjaf\AppData\Local\{35B0E025-66EE-4CFC-8E5B-86A0594F9E45}, with owner NT AUTHORITY\SYSTEM","3","0",,"4","0","0","4611686018427387904","10234","Microsoft-Windows-Bits-Client","ef1cc15b-46c1-414e-bb95-e76b077bd51e","Microsoft-Windows-Bits-Client/Operational","1500","4464","rjaf-PC4429","S-1-5-18","5/22/2015 3:43:43 AM",,,"c:\users\mac_1\desktop\winevt\logs\microsoft-windows-bits-client%4operational.evtx","System.UInt32[]","System.Diagnostics.Eventing.Reader.EventBookmark","Information","Info",,"System.Collections.ObjectModel.ReadOnlyCollection`1[System.String]","System.Collections.Generic.List`1[System.Diagnostics.Eventing.Reader.EventProperty]"
"Job cancelled. User: NT AUTHORITY\SYSTEM, job: C:\Users\rjaf\AppData\Local\{35B0E025-66EE-4CFC-8E5B-86A0594F9E45}, jobID: {6EE7DBA2-18EE-46D7-B05D-D9E5C704F999}, owner: NT AUTHORITY\SYSTEM, filecount: 1","5","0",,"4","0","0","4611686018427387904","10233","Microsoft-Windows-Bits-Client","ef1cc15b-46c1-414e-bb95-e76b077bd51e","Microsoft-Windows-Bits-Client/Operational","1500","5696","rjaf-PC4429","S-1-5-18","5/22/2015 3:43:28 AM","85f02724-3e4f-0001-038c-22898c91d001",,"c:\users\mac_1\desktop\winevt\logs\microsoft-windows-bits-client%4operational.evtx","System.UInt32[]","System.Diagnostics.Eventing.Reader.EventBookmark","Information","Info",,"System.Collections.ObjectModel.ReadOnlyCollection`1[System.String]","System.Collections.Generic.List`1[System.Diagnostics.Eventing.Reader.EventProperty]"
"The BITS job named ""C:\Users\rjaf\AppData\Local\{35B0E025-66EE-4CFC-8E5B-86A0594F9E45}"" was unable to contact any HTTP proxy server in its proxy list.  This may indicate a problem with the proxy servers or with the client's network configuration.  An administrator should verify whether the proxy list is correct.  BITS will periodically try to transfer the job.  The HTTP proxy list is ""10.10.1.1:8080"".  The proxy-bypass list is ""<local>"".","201","0",,"3","0","0","4611686018427387904","10232","Microsoft-Windows-Bits-Client","ef1cc15b-46c1-414e-bb95-e76b077bd51e","Microsoft-Windows-Bits-Client/Operational","1500","5696","rjaf-PC4429","S-1-5-18","5/22/2015 3:43:28 AM",,,"c:\users\mac_1\desktop\winevt\logs\microsoft-windows-bits-client%4operational.evtx","System.UInt32[]","System.Diagnostics.Eventing.Reader.EventBookmark","Warning","Info",,"System.Collections.ObjectModel.ReadOnlyCollection`1[System.String]","System.Collections.Generic.List`1[System.Diagnostics.Eventing.Reader.EventProperty]"
"The BITS service created a new job: C:\Users\rjaf\AppData\Local\{35B0E025-66EE-4CFC-8E5B-86A0594F9E45}, with owner NT AUTHORITY\SYSTEM","3","0",,"4","0","0","4611686018427387904","10231","Microsoft-Windows-Bits-Client","ef1cc15b-46c1-414e-bb95-e76b077bd51e","Microsoft-Windows-Bits-Client/Operational","1500","3676","rjaf-PC4429","S-1-5-18","5/22/2015 3:43:06 AM",,,"c:\users\mac_1\desktop\winevt\logs\microsoft-windows-bits-client%4operational.evtx","System.UInt32[]","System.Diagnostics.Eventing.Reader.EventBookmark","Information","Info",,"System.Collections.ObjectModel.ReadOnlyCollection`1[System.String]","System.Collections.Generic.List`1[System.Diagnostics.Eventing.Reader.EventProperty]"
"Job cancelled. User: RJAF-PC4429\rjaf, job: {AC76BA86-7AD7-1033-7B44-A95000000001}, jobID: {A7D14066-4A5D-4C93-B3AA-EDE5DEE9D8CF}, owner: RJAF-PC4429\rjaf, filecount: 1","5","0",,"4","0","0","4611686018427387904","10230","Microsoft-Windows-Bits-Client","ef1cc15b-46c1-414e-bb95-e76b077bd51e","Microsoft-Windows-Bits-Client/Operational","1500","3172","rjaf-PC4429","S-1-5-21-1634558665-2257203147-3060767804-1000","5/21/2015 2:50:52 AM",,,"c:\users\mac_1\desktop\winevt\logs\microsoft-windows-bits-client%4operational.evtx","System.UInt32[]","System.Diagnostics.Eventing.Reader.EventBookmark","Information","Info",,"System.Collections.ObjectModel.ReadOnlyCollection`1[System.String]","System.Collections.Generic.List`1[System.Diagnostics.Eventing.Reader.EventProperty]"
"The BITS service provided job credentials in response to the UNIDENTIFIED authentication challenge from the 10.10.1.1:8080 server for the {AC76BA86-7AD7-1033-7B44-A95000000001} transfer job that is associated with the following URL: /arm-manifests/win/Upgrade/1033/LatestReaderManifest.msi.
 The credentials for the S-1-5-21-1634558665-2257203147-3060767804-1000 user were rejected.","204","1",,"2","0","0","4611686018427387904","10229","Microsoft-Windows-Bits-Client","ef1cc15b-46c1-414e-bb95-e76b077bd51e","Microsoft-Windows-Bits-Client/Operational","1500","3172","rjaf-PC4429","S-1-5-21-1634558665-2257203147-3060767804-1000","5/21/2015 2:50:52 AM",,,"c:\users\mac_1\desktop\winevt\logs\microsoft-windows-bits-client%4operational.evtx","System.UInt32[]","System.Diagnostics.Eventing.Reader.EventBookmark","Error","Info",,"System.Collections.ObjectModel.ReadOnlyCollection`1[System.String]","System.Collections.Generic.List`1[System.Diagnostics.Eventing.Reader.EventProperty]"
"The BITS service created a new job: {AC76BA86-7AD7-1033-7B44-A95000000001}, with owner RJAF-PC4429\rjaf","3","0",,"4","0","0","4611686018427387904","10228","Microsoft-Windows-Bits-Client","ef1cc15b-46c1-414e-bb95-e76b077bd51e","Microsoft-Windows-Bits-Client/Operational","1500","3172","rjaf-PC4429","S-1-5-18","5/21/2015 2:50:52 AM",,,"c:\users\mac_1\desktop\winevt\logs\microsoft-windows-bits-client%4operational.evtx","System.UInt32[]","System.Diagnostics.Eventing.Reader.EventBookmark","Information","Info",,"System.Collections.ObjectModel.ReadOnlyCollection`1[System.String]","System.Collections.Generic.List`1[System.Diagnostics.Eventing.Reader.EventProperty]"
"Job cancelled. User: RJAF-PC4429\rjaf, job: {AC76BA86-7AD7-1033-7B44-A95000000001}, jobID: {3387D56C-AE98-4A33-A0B1-AC0864CC1CF8}, owner: RJAF-PC4429\rjaf, filecount: 1","5","0",,"4","0","0","4611686018427387904","10227","Microsoft-Windows-Bits-Client","ef1cc15b-46c1-414e-bb95-e76b077bd51e","Microsoft-Windows-Bits-Client/Operational","1500","3172","rjaf-PC4429","S-1-5-21-1634558665-2257203147-3060767804-1000","5/21/2015 2:50:50 AM",,,"c:\users\mac_1\desktop\winevt\logs\microsoft-windows-bits-client%4operational.evtx","System.UInt32[]","System.Diagnostics.Eventing.Reader.EventBookmark","Information","Info",,"System.Collections.ObjectModel.ReadOnlyCollection`1[System.String]","System.Collections.Generic.List`1[System.Diagnostics.Eventing.Reader.EventProperty]"
"The BITS service provided job credentials in response to the UNIDENTIFIED authentication challenge from the 10.10.1.1:8080 server for the {AC76BA86-7AD7-1033-7B44-A95000000001} transfer job that is associated with the following URL: /arm-manifests/win/Reader9Manifest.msi.
 The credentials for the S-1-5-21-1634558665-2257203147-3060767804-1000 user were rejected.","204","1",,"2","0","0","4611686018427387904","10226","Microsoft-Windows-Bits-Client","ef1cc15b-46c1-414e-bb95-e76b077bd51e","Microsoft-Windows-Bits-Client/Operational","1500","3172","rjaf-PC4429","S-1-5-21-1634558665-2257203147-3060767804-1000","5/21/2015 2:50:50 AM",,,"c:\users\mac_1\desktop\winevt\logs\microsoft-windows-bits-client%4operational.evtx","System.UInt32[]","System.Diagnostics.Eventing.Reader.EventBookmark","Error","Info",,"System.Collections.ObjectModel.ReadOnlyCollection`1[System.String]","System.Collections.Generic.List`1[System.Diagnostics.Eventing.Reader.EventProperty]"
"The BITS service created a new job: {AC76BA86-7AD7-1033-7B44-A95000000001}, with owner RJAF-PC4429\rjaf","3","0",,"4","0","0","4611686018427387904","10225","Microsoft-Windows-Bits-Client","ef1cc15b-46c1-414e-bb95-e76b077bd51e","Microsoft-Windows-Bits-Client/Operational","1500","3172","rjaf-PC4429","S-1-5-18","5/21/2015 2:50:50 AM",,,"c:\users\mac_1\desktop\winevt\logs\microsoft-windows-bits-client%4operational.evtx","System.UInt32[]","System.Diagnostics.Eventing.Reader.EventBookmark","Information","Info",,"System.Collections.ObjectModel.ReadOnlyCollection`1[System.String]","System.Collections.Generic.List`1[System.Diagnostics.Eventing.Reader.EventProperty]"
"Job cancelled. User: RJAF-PC4429\rjaf, job: {AC76BA86-7AD7-1033-7B44-A95000000001}, jobID: {BEA231E1-CB62-40C2-9258-E5A3BBAB01AE}, owner: RJAF-PC4429\rjaf, filecount: 1","5","0",,"4","0","0","4611686018427387904","10224","Microsoft-Windows-Bits-Client","ef1cc15b-46c1-414e-bb95-e76b077bd51e","Microsoft-Windows-Bits-Client/Operational","1500","2916","rjaf-PC4429","S-1-5-21-1634558665-2257203147-3060767804-1000","5/20/2015 10:22:47 PM",,,"c:\users\mac_1\desktop\winevt\logs\microsoft-windows-bits-client%4operational.evtx","System.UInt32[]","System.Diagnostics.Eventing.Reader.EventBookmark","Information","Info",,"System.Collections.ObjectModel.ReadOnlyCollection`1[System.String]","System.Collections.Generic.List`1[System.Diagnostics.Eventing.Reader.EventProperty]"
"The BITS service provided job credentials in response to the UNIDENTIFIED authentication challenge from the 10.10.1.1:8080 server for the {AC76BA86-7AD7-1033-7B44-A95000000001} transfer job that is associated with the following URL: /arm-manifests/win/Reader9Manifest.msi.
 The credentials for the S-1-5-21-1634558665-2257203147-3060767804-1000 user were rejected.","204","1",,"2","0","0","4611686018427387904","10223","Microsoft-Windows-Bits-Client","ef1cc15b-46c1-414e-bb95-e76b077bd51e","Microsoft-Windows-Bits-Client/Operational","1500","5696","rjaf-PC4429","S-1-5-21-1634558665-2257203147-3060767804-1000","5/20/2015 10:22:47 PM",,,"c:\users\mac_1\desktop\winevt\logs\microsoft-windows-bits-client%4operational.evtx","System.UInt32[]","System.Diagnostics.Eventing.Reader.EventBookmark","Error","Info",,"System.Collections.ObjectModel.ReadOnlyCollection`1[System.String]","System.Collections.Generic.List`1[System.Diagnostics.Eventing.Reader.EventProperty]"
"The BITS service created a new job: {AC76BA86-7AD7-1033-7B44-A95000000001}, with owner RJAF-PC4429\rjaf","3","0",,"4","0","0","4611686018427387904","10222","Microsoft-Windows-Bits-Client","ef1cc15b-46c1-414e-bb95-e76b077bd51e","Microsoft-Windows-Bits-Client/Operational","1500","5696","rjaf-PC4429","S-1-5-18","5/20/2015 10:22:46 PM",,,"c:\users\mac_1\desktop\winevt\logs\microsoft-windows-bits-client%4operational.evtx","System.UInt32[]","System.Diagnostics.Eventing.Reader.EventBookmark","Information","Info",,"System.Collections.ObjectModel.ReadOnlyCollection`1[System.String]","System.Collections.Generic.List`1[System.Diagnostics.Eventing.Reader.EventProperty]"
"Job cancelled. User: RJAF-PC4429\rjaf, job: {AC76BA86-7AD7-1033-7B44-A95000000001}, jobID: {29C1EB12-6966-49EE-B4B4-74F3733E96B1}, owner: RJAF-PC4429\rjaf, filecount: 1","5","0",,"4","0","0","4611686018427387904","10221","Microsoft-Windows-Bits-Client","ef1cc15b-46c1-414e-bb95-e76b077bd51e","Microsoft-Windows-Bits-Client/Operational","1500","4696","rjaf-PC4429","S-1-5-21-1634558665-2257203147-3060767804-1000","5/20/2015 2:52:11 AM","85f02724-3e4f-0001-038c-22898c91d001",,"c:\users\mac_1\desktop\winevt\logs\microsoft-windows-bits-client%4operational.evtx","System.UInt32[]","System.Diagnostics.Eventing.Reader.EventBookmark","Information","Info",,"System.Collections.ObjectModel.ReadOnlyCollection`1[System.String]","System.Collections.Generic.List`1[System.Diagnostics.Eventing.Reader.EventProperty]"
"The BITS service provided job credentials in response to the UNIDENTIFIED authentication challenge from the 10.10.1.1:8080 server for the {AC76BA86-7AD7-1033-7B44-A95000000001} transfer job that is associated with the following URL: /arm-manifests/win/Upgrade/1033/LatestReaderManifest.msi.
 The credentials for the S-1-5-21-1634558665-2257203147-3060767804-1000 user were rejected.","204","1",,"2","0","0","4611686018427387904","10220","Microsoft-Windows-Bits-Client","ef1cc15b-46c1-414e-bb95-e76b077bd51e","Microsoft-Windows-Bits-Client/Operational","1500","4552","rjaf-PC4429","S-1-5-21-1634558665-2257203147-3060767804-1000","5/20/2015 2:52:11 AM",,,"c:\users\mac_1\desktop\winevt\logs\microsoft-windows-bits-client%4operational.evtx","System.UInt32[]","System.Diagnostics.Eventing.Reader.EventBookmark","Error","Info",,"System.Collections.ObjectModel.ReadOnlyCollection`1[System.String]","System.Collections.Generic.List`1[System.Diagnostics.Eventing.Reader.EventProperty]"
"The BITS service created a new job: {AC76BA86-7AD7-1033-7B44-A95000000001}, with owner RJAF-PC4429\rjaf","3","0",,"4","0","0","4611686018427387904","10219","Microsoft-Windows-Bits-Client","ef1cc15b-46c1-414e-bb95-e76b077bd51e","Microsoft-Windows-Bits-Client/Operational","1500","1360","rjaf-PC4429","S-1-5-18","5/20/2015 2:52:11 AM","85f02724-3e4f-0001-038c-22898c91d001",,"c:\users\mac_1\desktop\winevt\logs\microsoft-windows-bits-client%4operational.evtx","System.UInt32[]","System.Diagnostics.Eventing.Reader.EventBookmark","Information","Info",,"System.Collections.ObjectModel.ReadOnlyCollection`1[System.String]","System.Collections.Generic.List`1[System.Diagnostics.Eventing.Reader.EventProperty]"
"Job cancelled. User: RJAF-PC4429\rjaf, job: {AC76BA86-7AD7-1033-7B44-A95000000001}, jobID: {ADD033F9-B10D-4813-9C40-9E2591765C52}, owner: RJAF-PC4429\rjaf, filecount: 1","5","0",,"4","0","0","4611686018427387904","10218","Microsoft-Windows-Bits-Client","ef1cc15b-46c1-414e-bb95-e76b077bd51e","Microsoft-Windows-Bits-Client/Operational","1500","4552","rjaf-PC4429","S-1-5-21-1634558665-2257203147-3060767804-1000","5/20/2015 2:52:07 AM","85f02724-3e4f-0001-038c-22898c91d001",,"c:\users\mac_1\desktop\winevt\logs\microsoft-windows-bits-client%4operational.evtx","System.UInt32[]","System.Diagnostics.Eventing.Reader.EventBookmark","Information","Info",,"System.Collections.ObjectModel.ReadOnlyCollection`1[System.String]","System.Collections.Generic.List`1[System.Diagnostics.Eventing.Reader.EventProperty]"
"The BITS service provided job credentials in response to the UNIDENTIFIED authentication challenge from the 10.10.1.1:8080 server for the {AC76BA86-7AD7-1033-7B44-A95000000001} transfer job that is associated with the following URL: /arm-manifests/win/Reader9Manifest.msi.
 The credentials for the S-1-5-21-1634558665-2257203147-3060767804-1000 user were rejected.","204","1",,"2","0","0","4611686018427387904","10217","Microsoft-Windows-Bits-Client","ef1cc15b-46c1-414e-bb95-e76b077bd51e","Microsoft-Windows-Bits-Client/Operational","1500","1360","rjaf-PC4429","S-1-5-21-1634558665-2257203147-3060767804-1000","5/20/2015 2:52:07 AM",,,"c:\users\mac_1\desktop\winevt\logs\microsoft-windows-bits-client%4operational.evtx","System.UInt32[]","System.Diagnostics.Eventing.Reader.EventBookmark","Error","Info",,"System.Collections.ObjectModel.ReadOnlyCollection`1[System.String]","System.Collections.Generic.List`1[System.Diagnostics.Eventing.Reader.EventProperty]"
"The BITS service created a new job: {AC76BA86-7AD7-1033-7B44-A95000000001}, with owner RJAF-PC4429\rjaf","3","0",,"4","0","0","4611686018427387904","10216","Microsoft-Windows-Bits-Client","ef1cc15b-46c1-414e-bb95-e76b077bd51e","Microsoft-Windows-Bits-Client/Operational","1500","1360","rjaf-PC4429","S-1-5-18","5/20/2015 2:52:04 AM","85f02724-3e4f-0001-038c-22898c91d001",,"c:\users\mac_1\desktop\winevt\logs\microsoft-windows-bits-client%4operational.evtx","System.UInt32[]","System.Diagnostics.Eventing.Reader.EventBookmark","Information","Info",,"System.Collections.ObjectModel.ReadOnlyCollection`1[System.String]","System.Collections.Generic.List`1[System.Diagnostics.Eventing.Reader.EventProperty]"
"Job cancelled. User: RJAF-PC4429\rjaf, job: C:\Users\rjaf\AppData\Local\Temp\{904C4C04-5A0F-44E0-A146-42F231D3FE9A}-GoogleUpdateSetup.exe, jobID: {17177E26-9841-4C59-B38D-29C6ED00BFF3}, owner: RJAF-PC4429\rjaf, filecount: 1","5","0",,"4","0","0","4611686018427387904","10215","Microsoft-Windows-Bits-Client","ef1cc15b-46c1-414e-bb95-e76b077bd51e","Microsoft-Windows-Bits-Client/Operational","1500","5540","rjaf-PC4429","S-1-5-21-1634558665-2257203147-3060767804-1000","5/18/2015 10:08:11 AM",,,"c:\users\mac_1\desktop\winevt\logs\microsoft-windows-bits-client%4operational.evtx","System.UInt32[]","System.Diagnostics.Eventing.Reader.EventBookmark","Information","Info",,"System.Collections.ObjectModel.ReadOnlyCollection`1[System.String]","System.Collections.Generic.List`1[System.Diagnostics.Eventing.Reader.EventProperty]"
"BITS stopped transferring the C:\Users\rjaf\AppData\Local\Temp\{904C4C04-5A0F-44E0-A146-42F231D3FE9A}-GoogleUpdateSetup.exe transfer job that is associated with the http://r2---sn-q5h5h5m-5hhe.c.pack.google.com/E569F289-88A3-44E2-A082-6196894F0E69/ForceRequestingFullContent/E569F289-88A3-44E2-A082-6196894F0E69/edgedl/update2/1.3.27.5/GoogleUpdateSetup.exe?cms_redirect=yes&expire=1431983316&ip=82.212.98.4&ipbits=0&mm=28&mn=sn-q5h5h5m-5hhe&ms=nvh&mt=1431968362&mv=u&pl=23&shardbypass=yes&sparams=expire,ip,ipbits,mm,mn,ms,mv,pl,shardbypass&signature=827407B47F9C225E9DB82B68B6BFD7D7EFAE0932.033154B647FC447E62A73E925E389524FA3D4AAC&key=cms1 URL. The status code is 0x80200013.","61","1",,"3","0","2","4611686018427387904","10214","Microsoft-Windows-Bits-Client","ef1cc15b-46c1-414e-bb95-e76b077bd51e","Microsoft-Windows-Bits-Client/Operational","1500","5540","rjaf-PC4429","S-1-5-18","5/18/2015 10:08:11 AM","3a339905-731a-4558-a2ac-1043590f0859",,"c:\users\mac_1\desktop\winevt\logs\microsoft-windows-bits-client%4operational.evtx","System.UInt32[]","System.Diagnostics.Eventing.Reader.EventBookmark","Warning","Stop",,"System.Collections.ObjectModel.ReadOnlyCollection`1[System.String]","System.Collections.Generic.List`1[System.Diagnostics.Eventing.Reader.EventProperty]"
"While transferring C:\Users\rjaf\AppData\Local\Temp\{904C4C04-5A0F-44E0-A146-42F231D3FE9A}-GoogleUpdateSetup.exe, BITS encountered error 0x80200013 using 10.10.1.1:8080 as the HTTP proxy server.  The web server or proxy server does not support an HTTP feature required by BITS.  This problem can only be corrected by the administrator of the web server or proxy server.  Details: {job: C:\Users\rjaf\AppData\Local\Temp\{904C4C04-5A0F-44E0-A146-42F231D3FE9A}-GoogleUpdateSetup.exe}, {owner: RJAF-PC4429\rjaf}, {jobId: {17177E26-9841-4C59-B38D-29C6ED00BFF3}}, {url: /E569F289-88A3-44E2-A082-6196894F0E69/ForceRequestingFullContent/E569F289-88A3-44E2-A082-6196894F0E69/edgedl/update2/1.3.27.5/GoogleUpdateSetup.exe?cms_redirect=yes&expire=1431983316&ip=82.212.98.4&ipbits=0&mm=28&mn=sn-q5h5h5m-5hhe&ms=nvh&mt=1431968362&mv=u&pl=23&shardbypass=yes&sparams=expire,ip,ipbits,mm,mn,ms,mv,pl,shardbypass&signature=827407B47F9C225E9DB82B68B6BFD7D7EFAE0932.033154B647FC447E62A73E925E389524FA3D4AAC&key=cms1}, {xferId: {3A339905-731A-4558-A2AC-1043590F0859}}, {proxyServer: 10.10.1.1:8080}, {hr: 0x80200013}, {urlContentLength: 931408}, {urlHttpVersion: HTTP/1.1}, {urlRange: }","202","0",,"2","0","0","4611686018427387904","10213","Microsoft-Windows-Bits-Client","ef1cc15b-46c1-414e-bb95-e76b077bd51e","Microsoft-Windows-Bits-Client/Operational","1500","1596","rjaf-PC4429","S-1-5-21-1634558665-2257203147-3060767804-1000","5/18/2015 10:08:11 AM","3a339905-731a-4558-a2ac-1043590f0859",,"c:\users\mac_1\desktop\winevt\logs\microsoft-windows-bits-client%4operational.evtx","System.UInt32[]","System.Diagnostics.Eventing.Reader.EventBookmark","Error","Info",,"System.Collections.ObjectModel.ReadOnlyCollection`1[System.String]","System.Collections.Generic.List`1[System.Diagnostics.Eventing.Reader.EventProperty]"
"The BITS service provided job credentials in response to the NEGOTIATE authentication challenge from the 10.10.1.1:8080 server for the C:\Users\rjaf\AppData\Local\Temp\{904C4C04-5A0F-44E0-A146-42F231D3FE9A}-GoogleUpdateSetup.exe transfer job that is associated with the following URL: /E569F289-88A3-44E2-A082-6196894F0E69/ForceRequestingFullContent/E569F289-88A3-44E2-A082-6196894F0E69/edgedl/update2/1.3.27.5/GoogleUpdateSetup.exe?cms_redirect=yes&expire=1431983316&ip=82.212.98.4&ipbits=0&mm=28&mn=sn-q5h5h5m-5hhe&ms=nvh&mt=1431968362&mv=u&pl=23&shardbypass=yes&sparams=expire,ip,ipbits,mm,mn,ms,mv,pl,shardbypass&signature=827407B47F9C225E9DB82B68B6BFD7D7EFAE0932.033154B647FC447E62A73E925E389524FA3D4AAC&key=cms1.
The credentials for the S-1-5-21-1634558665-2257203147-3060767804-1000 user were accepted.","203","1",,"4","0","0","4611686018427387904","10212","Microsoft-Windows-Bits-Client","ef1cc15b-46c1-414e-bb95-e76b077bd51e","Microsoft-Windows-Bits-Client/Operational","1500","5540","rjaf-PC4429","S-1-5-21-1634558665-2257203147-3060767804-1000","5/18/2015 10:08:09 AM",,,"c:\users\mac_1\desktop\winevt\logs\microsoft-windows-bits-client%4operational.evtx","System.UInt32[]","System.Diagnostics.Eventing.Reader.EventBookmark","Information","Info",,"System.Collections.ObjectModel.ReadOnlyCollection`1[System.String]","System.Collections.Generic.List`1[System.Diagnostics.Eventing.Reader.EventProperty]"
"BITS started the C:\Users\rjaf\AppData\Local\Temp\{904C4C04-5A0F-44E0-A146-42F231D3FE9A}-GoogleUpdateSetup.exe transfer job that is associated with the http://r2---sn-q5h5h5m-5hhe.c.pack.google.com/E569F289-88A3-44E2-A082-6196894F0E69/ForceRequestingFullContent/E569F289-88A3-44E2-A082-6196894F0E69/edgedl/update2/1.3.27.5/GoogleUpdateSetup.exe?cms_redirect=yes&expire=1431983316&ip=82.212.98.4&ipbits=0&mm=28&mn=sn-q5h5h5m-5hhe&ms=nvh&mt=1431968362&mv=u&pl=23&shardbypass=yes&sparams=expire,ip,ipbits,mm,mn,ms,mv,pl,shardbypass&signature=827407B47F9C225E9DB82B68B6BFD7D7EFAE0932.033154B647FC447E62A73E925E389524FA3D4AAC&key=cms1 URL.","59","1",,"4","0","1","4611686018427387904","10211","Microsoft-Windows-Bits-Client","ef1cc15b-46c1-414e-bb95-e76b077bd51e","Microsoft-Windows-Bits-Client/Operational","1500","1328","rjaf-PC4429","S-1-5-18","5/18/2015 10:08:00 AM","3a339905-731a-4558-a2ac-1043590f0859",,"c:\users\mac_1\desktop\winevt\logs\microsoft-windows-bits-client%4operational.evtx","System.UInt32[]","System.Diagnostics.Eventing.Reader.EventBookmark","Information","Start",,"System.Collections.ObjectModel.ReadOnlyCollection`1[System.String]","System.Collections.Generic.List`1[System.Diagnostics.Eventing.Reader.EventProperty]"
"BITS stopped transferring the C:\Users\rjaf\AppData\Local\Temp\{904C4C04-5A0F-44E0-A146-42F231D3FE9A}-GoogleUpdateSetup.exe transfer job that is associated with the http://r2---sn-q5h5h5m-5hhe.c.pack.google.com/E569F289-88A3-44E2-A082-6196894F0E69/ForceRequestingFullContent/E569F289-88A3-44E2-A082-6196894F0E69/edgedl/update2/1.3.27.5/GoogleUpdateSetup.exe?cms_redirect=yes&expire=1431983316&ip=82.212.98.4&ipbits=0&mm=28&mn=sn-q5h5h5m-5hhe&ms=nvh&mt=1431968362&mv=u&pl=23&shardbypass=yes&sparams=expire,ip,ipbits,mm,mn,ms,mv,pl,shardbypass&signature=827407B47F9C225E9DB82B68B6BFD7D7EFAE0932.033154B647FC447E62A73E925E389524FA3D4AAC&key=cms1 URL. The status code is 0x80200013.","61","1",,"3","0","2","4611686018427387904","10210","Microsoft-Windows-Bits-Client","ef1cc15b-46c1-414e-bb95-e76b077bd51e","Microsoft-Windows-Bits-Client/Operational","1500","1596","rjaf-PC4429","S-1-5-18","5/18/2015 10:08:00 AM","91c947ef-ef01-431b-8d6c-cefca529dcb8",,"c:\users\mac_1\desktop\winevt\logs\microsoft-windows-bits-client%4operational.evtx","System.UInt32[]","System.Diagnostics.Eventing.Reader.EventBookmark","Warning","Stop",,"System.Collections.ObjectModel.ReadOnlyCollection`1[System.String]","System.Collections.Generic.List`1[System.Diagnostics.Eventing.Reader.EventProperty]"
"While transferring C:\Users\rjaf\AppData\Local\Temp\{904C4C04-5A0F-44E0-A146-42F231D3FE9A}-GoogleUpdateSetup.exe, BITS encountered error 0x80200013 using 10.10.1.1:8080 as the HTTP proxy server.  The web server or proxy server does not support an HTTP feature required by BITS.  This problem can only be corrected by the administrator of the web server or proxy server.  Details: {job: C:\Users\rjaf\AppData\Local\Temp\{904C4C04-5A0F-44E0-A146-42F231D3FE9A}-GoogleUpdateSetup.exe}, {owner: RJAF-PC4429\rjaf}, {jobId: {17177E26-9841-4C59-B38D-29C6ED00BFF3}}, {url: /E569F289-88A3-44E2-A082-6196894F0E69/ForceRequestingFullContent/E569F289-88A3-44E2-A082-6196894F0E69/edgedl/update2/1.3.27.5/GoogleUpdateSetup.exe?cms_redirect=yes&expire=1431983316&ip=82.212.98.4&ipbits=0&mm=28&mn=sn-q5h5h5m-5hhe&ms=nvh&mt=1431968362&mv=u&pl=23&shardbypass=yes&sparams=expire,ip,ipbits,mm,mn,ms,mv,pl,shardbypass&signature=827407B47F9C225E9DB82B68B6BFD7D7EFAE0932.033154B647FC447E62A73E925E389524FA3D4AAC&key=cms1}, {xferId: {91C947EF-EF01-431B-8D6C-CEFCA529DCB8}}, {proxyServer: 10.10.1.1:8080}, {hr: 0x80200013}, {urlContentLength: 931408}, {urlHttpVersion: HTTP/1.1}, {urlRange: }","202","0",,"2","0","0","4611686018427387904","10209","Microsoft-Windows-Bits-Client","ef1cc15b-46c1-414e-bb95-e76b077bd51e","Microsoft-Windows-Bits-Client/Operational","1500","5540","rjaf-PC4429","S-1-5-21-1634558665-2257203147-3060767804-1000","5/18/2015 10:08:00 AM","91c947ef-ef01-431b-8d6c-cefca529dcb8",,"c:\users\mac_1\desktop\winevt\logs\microsoft-windows-bits-client%4operational.evtx","System.UInt32[]","System.Diagnostics.Eventing.Reader.EventBookmark","Error","Info",,"System.Collections.ObjectModel.ReadOnlyCollection`1[System.String]","System.Collections.Generic.List`1[System.Diagnostics.Eventing.Reader.EventProperty]"
"The BITS service provided job credentials in response to the NEGOTIATE authentication challenge from the 10.10.1.1:8080 server for the C:\Users\rjaf\AppData\Local\Temp\{904C4C04-5A0F-44E0-A146-42F231D3FE9A}-GoogleUpdateSetup.exe transfer job that is associated with the following URL: /E569F289-88A3-44E2-A082-6196894F0E69/ForceRequestingFullContent/E569F289-88A3-44E2-A082-6196894F0E69/edgedl/update2/1.3.27.5/GoogleUpdateSetup.exe?cms_redirect=yes&expire=1431983316&ip=82.212.98.4&ipbits=0&mm=28&mn=sn-q5h5h5m-5hhe&ms=nvh&mt=1431968362&mv=u&pl=23&shardbypass=yes&sparams=expire,ip,ipbits,mm,mn,ms,mv,pl,shardbypass&signature=827407B47F9C225E9DB82B68B6BFD7D7EFAE0932.033154B647FC447E62A73E925E389524FA3D4AAC&key=cms1.
The credentials for the S-1-5-21-1634558665-2257203147-3060767804-1000 user were accepted.","203","1",,"4","0","0","4611686018427387904","10208","Microsoft-Windows-Bits-Client","ef1cc15b-46c1-414e-bb95-e76b077bd51e","Microsoft-Windows-Bits-Client/Operational","1500","1596","rjaf-PC4429","S-1-5-21-1634558665-2257203147-3060767804-1000","5/18/2015 10:07:58 AM",,,"c:\users\mac_1\desktop\winevt\logs\microsoft-windows-bits-client%4operational.evtx","System.UInt32[]","System.Diagnostics.Eventing.Reader.EventBookmark","Information","Info",,"System.Collections.ObjectModel.ReadOnlyCollection`1[System.String]","System.Collections.Generic.List`1[System.Diagnostics.Eventing.Reader.EventProperty]"
"BITS started the C:\Users\rjaf\AppData\Local\Temp\{904C4C04-5A0F-44E0-A146-42F231D3FE9A}-GoogleUpdateSetup.exe transfer job that is associated with the http://r2---sn-q5h5h5m-5hhe.c.pack.google.com/E569F289-88A3-44E2-A082-6196894F0E69/ForceRequestingFullContent/E569F289-88A3-44E2-A082-6196894F0E69/edgedl/update2/1.3.27.5/GoogleUpdateSetup.exe?cms_redirect=yes&expire=1431983316&ip=82.212.98.4&ipbits=0&mm=28&mn=sn-q5h5h5m-5hhe&ms=nvh&mt=1431968362&mv=u&pl=23&shardbypass=yes&sparams=expire,ip,ipbits,mm,mn,ms,mv,pl,shardbypass&signature=827407B47F9C225E9DB82B68B6BFD7D7EFAE0932.033154B647FC447E62A73E925E389524FA3D4AAC&key=cms1 URL.","59","1",,"4","0","1","4611686018427387904","10207","Microsoft-Windows-Bits-Client","ef1cc15b-46c1-414e-bb95-e76b077bd51e","Microsoft-Windows-Bits-Client/Operational","1500","1328","rjaf-PC4429","S-1-5-18","5/18/2015 10:07:58 AM","91c947ef-ef01-431b-8d6c-cefca529dcb8",,"c:\users\mac_1\desktop\winevt\logs\microsoft-windows-bits-client%4operational.evtx","System.UInt32[]","System.Diagnostics.Eventing.Reader.EventBookmark","Information","Start",,"System.Collections.ObjectModel.ReadOnlyCollection`1[System.String]","System.Collections.Generic.List`1[System.Diagnostics.Eventing.Reader.EventProperty]"
"BITS stopped transferring the C:\Users\rjaf\AppData\Local\Temp\{904C4C04-5A0F-44E0-A146-42F231D3FE9A}-GoogleUpdateSetup.exe transfer job that is associated with the http://r2---sn-q5h5h5m-5hhe.c.pack.google.com/E569F289-88A3-44E2-A082-6196894F0E69/ForceRequestingFullContent/E569F289-88A3-44E2-A082-6196894F0E69/edgedl/update2/1.3.27.5/GoogleUpdateSetup.exe?cms_redirect=yes&expire=1431983316&ip=82.212.98.4&ipbits=0&mm=28&mn=sn-q5h5h5m-5hhe&ms=nvh&mt=1431968362&mv=u&pl=23&shardbypass=yes&sparams=expire,ip,ipbits,mm,mn,ms,mv,pl,shardbypass&signature=827407B47F9C225E9DB82B68B6BFD7D7EFAE0932.033154B647FC447E62A73E925E389524FA3D4AAC&key=cms1 URL. The status code is 0x80200013.","61","1",,"3","0","2","4611686018427387904","10206","Microsoft-Windows-Bits-Client","ef1cc15b-46c1-414e-bb95-e76b077bd51e","Microsoft-Windows-Bits-Client/Operational","1500","1596","rjaf-PC4429","S-1-5-18","5/18/2015 10:07:58 AM","e890b62f-8776-408a-97bd-e396b343956b",,"c:\users\mac_1\desktop\winevt\logs\microsoft-windows-bits-client%4operational.evtx","System.UInt32[]","System.Diagnostics.Eventing.Reader.EventBookmark","Warning","Stop",,"System.Collections.ObjectModel.ReadOnlyCollection`1[System.String]","System.Collections.Generic.List`1[System.Diagnostics.Eventing.Reader.EventProperty]"
"While transferring C:\Users\rjaf\AppData\Local\Temp\{904C4C04-5A0F-44E0-A146-42F231D3FE9A}-GoogleUpdateSetup.exe, BITS encountered error 0x80200013 using 10.10.1.1:8080 as the HTTP proxy server.  The web server or proxy server does not support an HTTP feature required by BITS.  This problem can only be corrected by the administrator of the web server or proxy server.  Details: {job: C:\Users\rjaf\AppData\Local\Temp\{904C4C04-5A0F-44E0-A146-42F231D3FE9A}-GoogleUpdateSetup.exe}, {owner: RJAF-PC4429\rjaf}, {jobId: {17177E26-9841-4C59-B38D-29C6ED00BFF3}}, {url: /E569F289-88A3-44E2-A082-6196894F0E69/ForceRequestingFullContent/E569F289-88A3-44E2-A082-6196894F0E69/edgedl/update2/1.3.27.5/GoogleUpdateSetup.exe?cms_redirect=yes&expire=1431983316&ip=82.212.98.4&ipbits=0&mm=28&mn=sn-q5h5h5m-5hhe&ms=nvh&mt=1431968362&mv=u&pl=23&shardbypass=yes&sparams=expire,ip,ipbits,mm,mn,ms,mv,pl,shardbypass&signature=827407B47F9C225E9DB82B68B6BFD7D7EFAE0932.033154B647FC447E62A73E925E389524FA3D4AAC&key=cms1}, {xferId: {E890B62F-8776-408A-97BD-E396B343956B}}, {proxyServer: 10.10.1.1:8080}, {hr: 0x80200013}, {urlContentLength: 931408}, {urlHttpVersion: HTTP/1.1}, {urlRange: }","202","0",,"2","0","0","4611686018427387904","10205","Microsoft-Windows-Bits-Client","ef1cc15b-46c1-414e-bb95-e76b077bd51e","Microsoft-Windows-Bits-Client/Operational","1500","1596","rjaf-PC4429","S-1-5-21-1634558665-2257203147-3060767804-1000","5/18/2015 10:07:58 AM","e890b62f-8776-408a-97bd-e396b343956b",,"c:\users\mac_1\desktop\winevt\logs\microsoft-windows-bits-client%4operational.evtx","System.UInt32[]","System.Diagnostics.Eventing.Reader.EventBookmark","Error","Info",,"System.Collections.ObjectModel.ReadOnlyCollection`1[System.String]","System.Collections.Generic.List`1[System.Diagnostics.Eventing.Reader.EventProperty]"
"The BITS service provided job credentials in response to the NEGOTIATE authentication challenge from the 10.10.1.1:8080 server for the C:\Users\rjaf\AppData\Local\Temp\{904C4C04-5A0F-44E0-A146-42F231D3FE9A}-GoogleUpdateSetup.exe transfer job that is associated with the following URL: /E569F289-88A3-44E2-A082-6196894F0E69/ForceRequestingFullContent/E569F289-88A3-44E2-A082-6196894F0E69/edgedl/update2/1.3.27.5/GoogleUpdateSetup.exe?cms_redirect=yes&expire=1431983316&ip=82.212.98.4&ipbits=0&mm=28&mn=sn-q5h5h5m-5hhe&ms=nvh&mt=1431968362&mv=u&pl=23&shardbypass=yes&sparams=expire,ip,ipbits,mm,mn,ms,mv,pl,shardbypass&signature=827407B47F9C225E9DB82B68B6BFD7D7EFAE0932.033154B647FC447E62A73E925E389524FA3D4AAC&key=cms1.
The credentials for the S-1-5-21-1634558665-2257203147-3060767804-1000 user were accepted.","203","1",,"4","0","0","4611686018427387904","10204","Microsoft-Windows-Bits-Client","ef1cc15b-46c1-414e-bb95-e76b077bd51e","Microsoft-Windows-Bits-Client/Operational","1500","1596","rjaf-PC4429","S-1-5-21-1634558665-2257203147-3060767804-1000","5/18/2015 10:07:56 AM",,,"c:\users\mac_1\desktop\winevt\logs\microsoft-windows-bits-client%4operational.evtx","System.UInt32[]","System.Diagnostics.Eventing.Reader.EventBookmark","Information","Info",,"System.Collections.ObjectModel.ReadOnlyCollection`1[System.String]","System.Collections.Generic.List`1[System.Diagnostics.Eventing.Reader.EventProperty]"
"BITS started the C:\Users\rjaf\AppData\Local\Temp\{904C4C04-5A0F-44E0-A146-42F231D3FE9A}-GoogleUpdateSetup.exe transfer job that is associated with the http://r2---sn-q5h5h5m-5hhe.c.pack.google.com/E569F289-88A3-44E2-A082-6196894F0E69/ForceRequestingFullContent/E569F289-88A3-44E2-A082-6196894F0E69/edgedl/update2/1.3.27.5/GoogleUpdateSetup.exe?cms_redirect=yes&expire=1431983316&ip=82.212.98.4&ipbits=0&mm=28&mn=sn-q5h5h5m-5hhe&ms=nvh&mt=1431968362&mv=u&pl=23&shardbypass=yes&sparams=expire,ip,ipbits,mm,mn,ms,mv,pl,shardbypass&signature=827407B47F9C225E9DB82B68B6BFD7D7EFAE0932.033154B647FC447E62A73E925E389524FA3D4AAC&key=cms1 URL.","59","1",,"4","0","1","4611686018427387904","10203","Microsoft-Windows-Bits-Client","ef1cc15b-46c1-414e-bb95-e76b077bd51e","Microsoft-Windows-Bits-Client/Operational","1500","1328","rjaf-PC4429","S-1-5-18","5/18/2015 10:07:56 AM","e890b62f-8776-408a-97bd-e396b343956b",,"c:\users\mac_1\desktop\winevt\logs\microsoft-windows-bits-client%4operational.evtx","System.UInt32[]","System.Diagnostics.Eventing.Reader.EventBookmark","Information","Start",,"System.Collections.ObjectModel.ReadOnlyCollection`1[System.String]","System.Collections.Generic.List`1[System.Diagnostics.Eventing.Reader.EventProperty]"
"BITS stopped transferring the C:\Users\rjaf\AppData\Local\Temp\{904C4C04-5A0F-44E0-A146-42F231D3FE9A}-GoogleUpdateSetup.exe transfer job that is associated with the http://r2---sn-q5h5h5m-5hhe.c.pack.google.com/E569F289-88A3-44E2-A082-6196894F0E69/ForceRequestingFullContent/E569F289-88A3-44E2-A082-6196894F0E69/edgedl/update2/1.3.27.5/GoogleUpdateSetup.exe?cms_redirect=yes&expire=1431983316&ip=82.212.98.4&ipbits=0&mm=28&mn=sn-q5h5h5m-5hhe&ms=nvh&mt=1431968362&mv=u&pl=23&shardbypass=yes&sparams=expire,ip,ipbits,mm,mn,ms,mv,pl,shardbypass&signature=827407B47F9C225E9DB82B68B6BFD7D7EFAE0932.033154B647FC447E62A73E925E389524FA3D4AAC&key=cms1 URL. The status code is 0x80200013.","61","1",,"3","0","2","4611686018427387904","10202","Microsoft-Windows-Bits-Client","ef1cc15b-46c1-414e-bb95-e76b077bd51e","Microsoft-Windows-Bits-Client/Operational","1500","5540","rjaf-PC4429","S-1-5-18","5/18/2015 10:07:56 AM","a42bbf8a-a750-4d0b-8027-9a94d977c4c5",,"c:\users\mac_1\desktop\winevt\logs\microsoft-windows-bits-client%4operational.evtx","System.UInt32[]","System.Diagnostics.Eventing.Reader.EventBookmark","Warning","Stop",,"System.Collections.ObjectModel.ReadOnlyCollection`1[System.String]","System.Collections.Generic.List`1[System.Diagnostics.Eventing.Reader.EventProperty]"
