"Remote Desktop Services: Shell start notification received:

User: RJAF-PC4429\rjaf
Session ID: 2
Source Network Address: LOCAL","22","0",,"4","0","0","1152921504606846976","1029","Microsoft-Windows-TerminalServices-LocalSessionManager","5d896912-022d-40aa-a3a8-4fa5515c76d7","Microsoft-Windows-TerminalServices-LocalSessionManager/Operational","548","8164","rjaf-PC4429","S-1-5-18","4/2/2015 6:25:34 AM",,,"c:\users\mac_1\desktop\winevt\logs\microsoft-windows-terminalservices-localsessionmanager%4operational.evtx","System.UInt32[]","System.Diagnostics.Eventing.Reader.EventBookmark","Information","Info",,"System.Collections.ObjectModel.ReadOnlyCollection`1[System.String]","System.Collections.Generic.List`1[System.Diagnostics.Eventing.Reader.EventProperty]"
"Remote Desktop Services: Session logon succeeded:

User: RJAF-PC4429\rjaf
Session ID: 2
Source Network Address: LOCAL","21","0",,"4","0","0","1152921504606846976","1028","Microsoft-Windows-TerminalServices-LocalSessionManager","5d896912-022d-40aa-a3a8-4fa5515c76d7","Microsoft-Windows-TerminalServices-LocalSessionManager/Operational","548","8164","rjaf-PC4429","S-1-5-18","4/2/2015 6:25:34 AM",,,"c:\users\mac_1\desktop\winevt\logs\microsoft-windows-terminalservices-localsessionmanager%4operational.evtx","System.UInt32[]","System.Diagnostics.Eventing.Reader.EventBookmark","Information","Info",,"System.Collections.ObjectModel.ReadOnlyCollection`1[System.String]","System.Collections.Generic.List`1[System.Diagnostics.Eventing.Reader.EventProperty]"
"Remote Desktop Services: Session has been disconnected:

User: RJAF-PC4429\rjaf
Session ID: 1
Source Network Address: LOCAL","24","0",,"4","0","0","1152921504606846976","1027","Microsoft-Windows-TerminalServices-LocalSessionManager","5d896912-022d-40aa-a3a8-4fa5515c76d7","Microsoft-Windows-TerminalServices-LocalSessionManager/Operational","548","3300","rjaf-PC4429","S-1-5-18","4/2/2015 5:50:35 AM",,,"c:\users\mac_1\desktop\winevt\logs\microsoft-windows-terminalservices-localsessionmanager%4operational.evtx","System.UInt32[]","System.Diagnostics.Eventing.Reader.EventBookmark","Information","Info",,"System.Collections.ObjectModel.ReadOnlyCollection`1[System.String]","System.Collections.Generic.List`1[System.Diagnostics.Eventing.Reader.EventProperty]"
"Remote Desktop Services: Session logoff succeeded:

User: RJAF-PC4429\rjaf
Session ID: 1","23","0",,"4","0","0","1152921504606846976","1026","Microsoft-Windows-TerminalServices-LocalSessionManager","5d896912-022d-40aa-a3a8-4fa5515c76d7","Microsoft-Windows-TerminalServices-LocalSessionManager/Operational","548","3300","rjaf-PC4429","S-1-5-18","4/2/2015 5:50:33 AM",,,"c:\users\mac_1\desktop\winevt\logs\microsoft-windows-terminalservices-localsessionmanager%4operational.evtx","System.UInt32[]","System.Diagnostics.Eventing.Reader.EventBookmark","Information","Info",,"System.Collections.ObjectModel.ReadOnlyCollection`1[System.String]","System.Collections.Generic.List`1[System.Diagnostics.Eventing.Reader.EventProperty]"
"Remote Desktop Services: Shell start notification received:

User: RJAF-PC4429\rjaf
Session ID: 1
Source Network Address: LOCAL","22","0",,"4","0","0","1152921504606846976","1025","Microsoft-Windows-TerminalServices-LocalSessionManager","5d896912-022d-40aa-a3a8-4fa5515c76d7","Microsoft-Windows-TerminalServices-LocalSessionManager/Operational","548","1168","rjaf-PC4429","S-1-5-18","4/2/2015 12:32:43 AM",,,"c:\users\mac_1\desktop\winevt\logs\microsoft-windows-terminalservices-localsessionmanager%4operational.evtx","System.UInt32[]","System.Diagnostics.Eventing.Reader.EventBookmark","Information","Info",,"System.Collections.ObjectModel.ReadOnlyCollection`1[System.String]","System.Collections.Generic.List`1[System.Diagnostics.Eventing.Reader.EventProperty]"
"Remote Desktop Services: Session logon succeeded:

User: RJAF-PC4429\rjaf
Session ID: 1
Source Network Address: LOCAL","21","0",,"4","0","0","1152921504606846976","1024","Microsoft-Windows-TerminalServices-LocalSessionManager","5d896912-022d-40aa-a3a8-4fa5515c76d7","Microsoft-Windows-TerminalServices-LocalSessionManager/Operational","548","824","rjaf-PC4429","S-1-5-18","4/2/2015 12:32:43 AM",,,"c:\users\mac_1\desktop\winevt\logs\microsoft-windows-terminalservices-localsessionmanager%4operational.evtx","System.UInt32[]","System.Diagnostics.Eventing.Reader.EventBookmark","Information","Info",,"System.Collections.ObjectModel.ReadOnlyCollection`1[System.String]","System.Collections.Generic.List`1[System.Diagnostics.Eventing.Reader.EventProperty]"
"Remote Desktop Services: Session logoff succeeded:

User: RJAF-PC4429\rjaf
Session ID: 1","23","0",,"4","0","0","1152921504606846976","1023","Microsoft-Windows-TerminalServices-LocalSessionManager","5d896912-022d-40aa-a3a8-4fa5515c76d7","Microsoft-Windows-TerminalServices-LocalSessionManager/Operational","564","8612","rjaf-PC4429","S-1-5-18","4/2/2015 12:30:57 AM",,,"c:\users\mac_1\desktop\winevt\logs\microsoft-windows-terminalservices-localsessionmanager%4operational.evtx","System.UInt32[]","System.Diagnostics.Eventing.Reader.EventBookmark","Information","Info",,"System.Collections.ObjectModel.ReadOnlyCollection`1[System.String]","System.Collections.Generic.List`1[System.Diagnostics.Eventing.Reader.EventProperty]"
"Remote Desktop Services: Shell start notification received:

User: RJAF-PC4429\rjaf
Session ID: 1
Source Network Address: LOCAL","22","0",,"4","0","0","1152921504606846976","1022","Microsoft-Windows-TerminalServices-LocalSessionManager","5d896912-022d-40aa-a3a8-4fa5515c76d7","Microsoft-Windows-TerminalServices-LocalSessionManager/Operational","564","1996","rjaf-PC4429","S-1-5-18","3/30/2015 2:00:14 PM",,,"c:\users\mac_1\desktop\winevt\logs\microsoft-windows-terminalservices-localsessionmanager%4operational.evtx","System.UInt32[]","System.Diagnostics.Eventing.Reader.EventBookmark","Information","Info",,"System.Collections.ObjectModel.ReadOnlyCollection`1[System.String]","System.Collections.Generic.List`1[System.Diagnostics.Eventing.Reader.EventProperty]"
"Remote Desktop Services: Session logon succeeded:

User: RJAF-PC4429\rjaf
Session ID: 1
Source Network Address: LOCAL","21","0",,"4","0","0","1152921504606846976","1021","Microsoft-Windows-TerminalServices-LocalSessionManager","5d896912-022d-40aa-a3a8-4fa5515c76d7","Microsoft-Windows-TerminalServices-LocalSessionManager/Operational","564","808","rjaf-PC4429","S-1-5-18","3/30/2015 2:00:13 PM",,,"c:\users\mac_1\desktop\winevt\logs\microsoft-windows-terminalservices-localsessionmanager%4operational.evtx","System.UInt32[]","System.Diagnostics.Eventing.Reader.EventBookmark","Information","Info",,"System.Collections.ObjectModel.ReadOnlyCollection`1[System.String]","System.Collections.Generic.List`1[System.Diagnostics.Eventing.Reader.EventProperty]"
"Remote Desktop Services: Shell start notification received:

User: RJAF-PC4429\rjaf
Session ID: 1
Source Network Address: LOCAL","22","0",,"4","0","0","1152921504606846976","1020","Microsoft-Windows-TerminalServices-LocalSessionManager","5d896912-022d-40aa-a3a8-4fa5515c76d7","Microsoft-Windows-TerminalServices-LocalSessionManager/Operational","564","820","rjaf-PC4429","S-1-5-18","3/29/2015 10:12:42 PM",,,"c:\users\mac_1\desktop\winevt\logs\microsoft-windows-terminalservices-localsessionmanager%4operational.evtx","System.UInt32[]","System.Diagnostics.Eventing.Reader.EventBookmark","Information","Info",,"System.Collections.ObjectModel.ReadOnlyCollection`1[System.String]","System.Collections.Generic.List`1[System.Diagnostics.Eventing.Reader.EventProperty]"
"Remote Desktop Services: Session logon succeeded:

User: RJAF-PC4429\rjaf
Session ID: 1
Source Network Address: LOCAL","21","0",,"4","0","0","1152921504606846976","1019","Microsoft-Windows-TerminalServices-LocalSessionManager","5d896912-022d-40aa-a3a8-4fa5515c76d7","Microsoft-Windows-TerminalServices-LocalSessionManager/Operational","564","820","rjaf-PC4429","S-1-5-18","3/29/2015 10:12:42 PM",,,"c:\users\mac_1\desktop\winevt\logs\microsoft-windows-terminalservices-localsessionmanager%4operational.evtx","System.UInt32[]","System.Diagnostics.Eventing.Reader.EventBookmark","Information","Info",,"System.Collections.ObjectModel.ReadOnlyCollection`1[System.String]","System.Collections.Generic.List`1[System.Diagnostics.Eventing.Reader.EventProperty]"
"Remote Desktop Services: Session logoff succeeded:

User: RJAF-PC4429\rjaf
Session ID: 1","23","0",,"4","0","0","1152921504606846976","1018","Microsoft-Windows-TerminalServices-LocalSessionManager","5d896912-022d-40aa-a3a8-4fa5515c76d7","Microsoft-Windows-TerminalServices-LocalSessionManager/Operational","568","3928","rjaf-PC4429","S-1-5-18","3/29/2015 2:06:00 PM",,,"c:\users\mac_1\desktop\winevt\logs\microsoft-windows-terminalservices-localsessionmanager%4operational.evtx","System.UInt32[]","System.Diagnostics.Eventing.Reader.EventBookmark","Information","Info",,"System.Collections.ObjectModel.ReadOnlyCollection`1[System.String]","System.Collections.Generic.List`1[System.Diagnostics.Eventing.Reader.EventProperty]"
"Remote Desktop Services: Shell start notification received:

User: RJAF-PC4429\rjaf
Session ID: 1
Source Network Address: LOCAL","22","0",,"4","0","0","1152921504606846976","1017","Microsoft-Windows-TerminalServices-LocalSessionManager","5d896912-022d-40aa-a3a8-4fa5515c76d7","Microsoft-Windows-TerminalServices-LocalSessionManager/Operational","568","800","rjaf-PC4429","S-1-5-18","3/29/2015 6:02:14 AM",,,"c:\users\mac_1\desktop\winevt\logs\microsoft-windows-terminalservices-localsessionmanager%4operational.evtx","System.UInt32[]","System.Diagnostics.Eventing.Reader.EventBookmark","Information","Info",,"System.Collections.ObjectModel.ReadOnlyCollection`1[System.String]","System.Collections.Generic.List`1[System.Diagnostics.Eventing.Reader.EventProperty]"
"Remote Desktop Services: Session logon succeeded:

User: RJAF-PC4429\rjaf
Session ID: 1
Source Network Address: LOCAL","21","0",,"4","0","0","1152921504606846976","1016","Microsoft-Windows-TerminalServices-LocalSessionManager","5d896912-022d-40aa-a3a8-4fa5515c76d7","Microsoft-Windows-TerminalServices-LocalSessionManager/Operational","568","864","rjaf-PC4429","S-1-5-18","3/29/2015 6:02:14 AM",,,"c:\users\mac_1\desktop\winevt\logs\microsoft-windows-terminalservices-localsessionmanager%4operational.evtx","System.UInt32[]","System.Diagnostics.Eventing.Reader.EventBookmark","Information","Info",,"System.Collections.ObjectModel.ReadOnlyCollection`1[System.String]","System.Collections.Generic.List`1[System.Diagnostics.Eventing.Reader.EventProperty]"
"Remote Desktop Services: Session logoff succeeded:

User: RJAF-PC4429\rjaf
Session ID: 1","23","0",,"4","0","0","1152921504606846976","1015","Microsoft-Windows-TerminalServices-LocalSessionManager","5d896912-022d-40aa-a3a8-4fa5515c76d7","Microsoft-Windows-TerminalServices-LocalSessionManager/Operational","572","3684","rjaf-PC4429","S-1-5-18","3/28/2015 8:27:21 AM",,,"c:\users\mac_1\desktop\winevt\logs\microsoft-windows-terminalservices-localsessionmanager%4operational.evtx","System.UInt32[]","System.Diagnostics.Eventing.Reader.EventBookmark","Information","Info",,"System.Collections.ObjectModel.ReadOnlyCollection`1[System.String]","System.Collections.Generic.List`1[System.Diagnostics.Eventing.Reader.EventProperty]"
"Remote Desktop Services: Shell start notification received:

User: RJAF-PC4429\rjaf
Session ID: 1
Source Network Address: LOCAL","22","0",,"4","0","0","1152921504606846976","1014","Microsoft-Windows-TerminalServices-LocalSessionManager","5d896912-022d-40aa-a3a8-4fa5515c76d7","Microsoft-Windows-TerminalServices-LocalSessionManager/Operational","572","1348","rjaf-PC4429","S-1-5-18","3/25/2015 11:12:58 PM",,,"c:\users\mac_1\desktop\winevt\logs\microsoft-windows-terminalservices-localsessionmanager%4operational.evtx","System.UInt32[]","System.Diagnostics.Eventing.Reader.EventBookmark","Information","Info",,"System.Collections.ObjectModel.ReadOnlyCollection`1[System.String]","System.Collections.Generic.List`1[System.Diagnostics.Eventing.Reader.EventProperty]"
"Remote Desktop Services: Session logon succeeded:

User: RJAF-PC4429\rjaf
Session ID: 1
Source Network Address: LOCAL","21","0",,"4","0","0","1152921504606846976","1013","Microsoft-Windows-TerminalServices-LocalSessionManager","5d896912-022d-40aa-a3a8-4fa5515c76d7","Microsoft-Windows-TerminalServices-LocalSessionManager/Operational","572","1348","rjaf-PC4429","S-1-5-18","3/25/2015 11:12:58 PM",,,"c:\users\mac_1\desktop\winevt\logs\microsoft-windows-terminalservices-localsessionmanager%4operational.evtx","System.UInt32[]","System.Diagnostics.Eventing.Reader.EventBookmark","Information","Info",,"System.Collections.ObjectModel.ReadOnlyCollection`1[System.String]","System.Collections.Generic.List`1[System.Diagnostics.Eventing.Reader.EventProperty]"
"Remote Desktop Services: Session logoff succeeded:

User: RJAF-PC4429\rjaf
Session ID: 1","23","0",,"4","0","0","1152921504606846976","1012","Microsoft-Windows-TerminalServices-LocalSessionManager","5d896912-022d-40aa-a3a8-4fa5515c76d7","Microsoft-Windows-TerminalServices-LocalSessionManager/Operational","564","3840","rjaf-PC4429","S-1-5-18","3/25/2015 3:34:12 PM",,,"c:\users\mac_1\desktop\winevt\logs\microsoft-windows-terminalservices-localsessionmanager%4operational.evtx","System.UInt32[]","System.Diagnostics.Eventing.Reader.EventBookmark","Information","Info",,"System.Collections.ObjectModel.ReadOnlyCollection`1[System.String]","System.Collections.Generic.List`1[System.Diagnostics.Eventing.Reader.EventProperty]"
"Remote Desktop Services: Shell start notification received:

User: RJAF-PC4429\rjaf
Session ID: 1
Source Network Address: LOCAL","22","0",,"4","0","0","1152921504606846976","1011","Microsoft-Windows-TerminalServices-LocalSessionManager","5d896912-022d-40aa-a3a8-4fa5515c76d7","Microsoft-Windows-TerminalServices-LocalSessionManager/Operational","564","352","rjaf-PC4429","S-1-5-18","3/25/2015 12:39:07 AM",,,"c:\users\mac_1\desktop\winevt\logs\microsoft-windows-terminalservices-localsessionmanager%4operational.evtx","System.UInt32[]","System.Diagnostics.Eventing.Reader.EventBookmark","Information","Info",,"System.Collections.ObjectModel.ReadOnlyCollection`1[System.String]","System.Collections.Generic.List`1[System.Diagnostics.Eventing.Reader.EventProperty]"
"Remote Desktop Services: Session logon succeeded:

User: RJAF-PC4429\rjaf
Session ID: 1
Source Network Address: LOCAL","21","0",,"4","0","0","1152921504606846976","1010","Microsoft-Windows-TerminalServices-LocalSessionManager","5d896912-022d-40aa-a3a8-4fa5515c76d7","Microsoft-Windows-TerminalServices-LocalSessionManager/Operational","564","844","rjaf-PC4429","S-1-5-18","3/25/2015 12:39:07 AM",,,"c:\users\mac_1\desktop\winevt\logs\microsoft-windows-terminalservices-localsessionmanager%4operational.evtx","System.UInt32[]","System.Diagnostics.Eventing.Reader.EventBookmark","Information","Info",,"System.Collections.ObjectModel.ReadOnlyCollection`1[System.String]","System.Collections.Generic.List`1[System.Diagnostics.Eventing.Reader.EventProperty]"
"Remote Desktop Services: Session logoff succeeded:

User: RJAF-PC4429\rjaf
Session ID: 1","23","0",,"4","0","0","1152921504606846976","1009","Microsoft-Windows-TerminalServices-LocalSessionManager","5d896912-022d-40aa-a3a8-4fa5515c76d7","Microsoft-Windows-TerminalServices-LocalSessionManager/Operational","568","1976","rjaf-PC4429","S-1-5-18","3/24/2015 4:09:10 PM",,,"c:\users\mac_1\desktop\winevt\logs\microsoft-windows-terminalservices-localsessionmanager%4operational.evtx","System.UInt32[]","System.Diagnostics.Eventing.Reader.EventBookmark","Information","Info",,"System.Collections.ObjectModel.ReadOnlyCollection`1[System.String]","System.Collections.Generic.List`1[System.Diagnostics.Eventing.Reader.EventProperty]"
"Remote Desktop Services: Shell start notification received:

User: RJAF-PC4429\rjaf
Session ID: 1
Source Network Address: LOCAL","22","0",,"4","0","0","1152921504606846976","1008","Microsoft-Windows-TerminalServices-LocalSessionManager","5d896912-022d-40aa-a3a8-4fa5515c76d7","Microsoft-Windows-TerminalServices-LocalSessionManager/Operational","568","820","rjaf-PC4429","S-1-5-18","3/22/2015 12:06:27 PM",,,"c:\users\mac_1\desktop\winevt\logs\microsoft-windows-terminalservices-localsessionmanager%4operational.evtx","System.UInt32[]","System.Diagnostics.Eventing.Reader.EventBookmark","Information","Info",,"System.Collections.ObjectModel.ReadOnlyCollection`1[System.String]","System.Collections.Generic.List`1[System.Diagnostics.Eventing.Reader.EventProperty]"
"Remote Desktop Services: Session logon succeeded:

User: RJAF-PC4429\rjaf
Session ID: 1
Source Network Address: LOCAL","21","0",,"4","0","0","1152921504606846976","1007","Microsoft-Windows-TerminalServices-LocalSessionManager","5d896912-022d-40aa-a3a8-4fa5515c76d7","Microsoft-Windows-TerminalServices-LocalSessionManager/Operational","568","820","rjaf-PC4429","S-1-5-18","3/22/2015 12:06:27 PM",,,"c:\users\mac_1\desktop\winevt\logs\microsoft-windows-terminalservices-localsessionmanager%4operational.evtx","System.UInt32[]","System.Diagnostics.Eventing.Reader.EventBookmark","Information","Info",,"System.Collections.ObjectModel.ReadOnlyCollection`1[System.String]","System.Collections.Generic.List`1[System.Diagnostics.Eventing.Reader.EventProperty]"
"Remote Desktop Services: Session logoff succeeded:

User: RJAF-PC4429\rjaf
Session ID: 1","23","0",,"4","0","0","1152921504606846976","1006","Microsoft-Windows-TerminalServices-LocalSessionManager","5d896912-022d-40aa-a3a8-4fa5515c76d7","Microsoft-Windows-TerminalServices-LocalSessionManager/Operational","568","2196","rjaf-PC4429","S-1-5-18","3/22/2015 11:38:43 AM",,,"c:\users\mac_1\desktop\winevt\logs\microsoft-windows-terminalservices-localsessionmanager%4operational.evtx","System.UInt32[]","System.Diagnostics.Eventing.Reader.EventBookmark","Information","Info",,"System.Collections.ObjectModel.ReadOnlyCollection`1[System.String]","System.Collections.Generic.List`1[System.Diagnostics.Eventing.Reader.EventProperty]"
"Remote Desktop Services: Shell start notification received:

User: RJAF-PC4429\rjaf
Session ID: 1
Source Network Address: LOCAL","22","0",,"4","0","0","1152921504606846976","1005","Microsoft-Windows-TerminalServices-LocalSessionManager","5d896912-022d-40aa-a3a8-4fa5515c76d7","Microsoft-Windows-TerminalServices-LocalSessionManager/Operational","568","860","rjaf-PC4429","S-1-5-18","3/22/2015 3:59:21 AM",,,"c:\users\mac_1\desktop\winevt\logs\microsoft-windows-terminalservices-localsessionmanager%4operational.evtx","System.UInt32[]","System.Diagnostics.Eventing.Reader.EventBookmark","Information","Info",,"System.Collections.ObjectModel.ReadOnlyCollection`1[System.String]","System.Collections.Generic.List`1[System.Diagnostics.Eventing.Reader.EventProperty]"
"Remote Desktop Services: Session logon succeeded:

User: RJAF-PC4429\rjaf
Session ID: 1
Source Network Address: LOCAL","21","0",,"4","0","0","1152921504606846976","1004","Microsoft-Windows-TerminalServices-LocalSessionManager","5d896912-022d-40aa-a3a8-4fa5515c76d7","Microsoft-Windows-TerminalServices-LocalSessionManager/Operational","568","860","rjaf-PC4429","S-1-5-18","3/22/2015 3:59:20 AM",,,"c:\users\mac_1\desktop\winevt\logs\microsoft-windows-terminalservices-localsessionmanager%4operational.evtx","System.UInt32[]","System.Diagnostics.Eventing.Reader.EventBookmark","Information","Info",,"System.Collections.ObjectModel.ReadOnlyCollection`1[System.String]","System.Collections.Generic.List`1[System.Diagnostics.Eventing.Reader.EventProperty]"
"Remote Desktop Services: Session logoff succeeded:

User: RJAF-PC4429\rjaf
Session ID: 1","23","0",,"4","0","0","1152921504606846976","1003","Microsoft-Windows-TerminalServices-LocalSessionManager","5d896912-022d-40aa-a3a8-4fa5515c76d7","Microsoft-Windows-TerminalServices-LocalSessionManager/Operational","564","3976","rjaf-PC4429","S-1-5-18","3/22/2015 3:57:23 AM",,,"c:\users\mac_1\desktop\winevt\logs\microsoft-windows-terminalservices-localsessionmanager%4operational.evtx","System.UInt32[]","System.Diagnostics.Eventing.Reader.EventBookmark","Information","Info",,"System.Collections.ObjectModel.ReadOnlyCollection`1[System.String]","System.Collections.Generic.List`1[System.Diagnostics.Eventing.Reader.EventProperty]"
"Remote Desktop Services: Shell start notification received:

User: RJAF-PC4429\rjaf
Session ID: 1
Source Network Address: LOCAL","22","0",,"4","0","0","1152921504606846976","1002","Microsoft-Windows-TerminalServices-LocalSessionManager","5d896912-022d-40aa-a3a8-4fa5515c76d7","Microsoft-Windows-TerminalServices-LocalSessionManager/Operational","564","872","rjaf-PC4429","S-1-5-18","3/22/2015 3:50:31 AM",,,"c:\users\mac_1\desktop\winevt\logs\microsoft-windows-terminalservices-localsessionmanager%4operational.evtx","System.UInt32[]","System.Diagnostics.Eventing.Reader.EventBookmark","Information","Info",,"System.Collections.ObjectModel.ReadOnlyCollection`1[System.String]","System.Collections.Generic.List`1[System.Diagnostics.Eventing.Reader.EventProperty]"
"Remote Desktop Services: Session logon succeeded:

User: RJAF-PC4429\rjaf
Session ID: 1
Source Network Address: LOCAL","21","0",,"4","0","0","1152921504606846976","1001","Microsoft-Windows-TerminalServices-LocalSessionManager","5d896912-022d-40aa-a3a8-4fa5515c76d7","Microsoft-Windows-TerminalServices-LocalSessionManager/Operational","564","872","rjaf-PC4429","S-1-5-18","3/22/2015 3:50:31 AM",,,"c:\users\mac_1\desktop\winevt\logs\microsoft-windows-terminalservices-localsessionmanager%4operational.evtx","System.UInt32[]","System.Diagnostics.Eventing.Reader.EventBookmark","Information","Info",,"System.Collections.ObjectModel.ReadOnlyCollection`1[System.String]","System.Collections.Generic.List`1[System.Diagnostics.Eventing.Reader.EventProperty]"
"Remote Desktop Services: Session logoff succeeded:

User: RJAF-PC4429\rjaf
Session ID: 1","23","0",,"4","0","0","1152921504606846976","1000","Microsoft-Windows-TerminalServices-LocalSessionManager","5d896912-022d-40aa-a3a8-4fa5515c76d7","Microsoft-Windows-TerminalServices-LocalSessionManager/Operational","568","624","rjaf-PC4429","S-1-5-18","3/21/2015 12:14:42 PM",,,"c:\users\mac_1\desktop\winevt\logs\microsoft-windows-terminalservices-localsessionmanager%4operational.evtx","System.UInt32[]","System.Diagnostics.Eventing.Reader.EventBookmark","Information","Info",,"System.Collections.ObjectModel.ReadOnlyCollection`1[System.String]","System.Collections.Generic.List`1[System.Diagnostics.Eventing.Reader.EventProperty]"
"Remote Desktop Services: Shell start notification received:

User: RJAF-PC4429\rjaf
Session ID: 1
Source Network Address: LOCAL","22","0",,"4","0","0","1152921504606846976","999","Microsoft-Windows-TerminalServices-LocalSessionManager","5d896912-022d-40aa-a3a8-4fa5515c76d7","Microsoft-Windows-TerminalServices-LocalSessionManager/Operational","568","844","rjaf-PC4429","S-1-5-18","3/21/2015 11:36:32 AM",,,"c:\users\mac_1\desktop\winevt\logs\microsoft-windows-terminalservices-localsessionmanager%4operational.evtx","System.UInt32[]","System.Diagnostics.Eventing.Reader.EventBookmark","Information","Info",,"System.Collections.ObjectModel.ReadOnlyCollection`1[System.String]","System.Collections.Generic.List`1[System.Diagnostics.Eventing.Reader.EventProperty]"
"Remote Desktop Services: Session logon succeeded:

User: RJAF-PC4429\rjaf
Session ID: 1
Source Network Address: LOCAL","21","0",,"4","0","0","1152921504606846976","998","Microsoft-Windows-TerminalServices-LocalSessionManager","5d896912-022d-40aa-a3a8-4fa5515c76d7","Microsoft-Windows-TerminalServices-LocalSessionManager/Operational","568","844","rjaf-PC4429","S-1-5-18","3/21/2015 11:36:32 AM",,,"c:\users\mac_1\desktop\winevt\logs\microsoft-windows-terminalservices-localsessionmanager%4operational.evtx","System.UInt32[]","System.Diagnostics.Eventing.Reader.EventBookmark","Information","Info",,"System.Collections.ObjectModel.ReadOnlyCollection`1[System.String]","System.Collections.Generic.List`1[System.Diagnostics.Eventing.Reader.EventProperty]"
"Remote Desktop Services: Session logoff succeeded:

User: RJAF-PC4429\rjaf
Session ID: 1","23","0",,"4","0","0","1152921504606846976","997","Microsoft-Windows-TerminalServices-LocalSessionManager","5d896912-022d-40aa-a3a8-4fa5515c76d7","Microsoft-Windows-TerminalServices-LocalSessionManager/Operational","572","2320","rjaf-PC4429","S-1-5-18","3/20/2015 8:36:10 AM",,,"c:\users\mac_1\desktop\winevt\logs\microsoft-windows-terminalservices-localsessionmanager%4operational.evtx","System.UInt32[]","System.Diagnostics.Eventing.Reader.EventBookmark","Information","Info",,"System.Collections.ObjectModel.ReadOnlyCollection`1[System.String]","System.Collections.Generic.List`1[System.Diagnostics.Eventing.Reader.EventProperty]"
"Remote Desktop Services: Shell start notification received:

User: RJAF-PC4429\rjaf
Session ID: 1
Source Network Address: LOCAL","22","0",,"4","0","0","1152921504606846976","996","Microsoft-Windows-TerminalServices-LocalSessionManager","5d896912-022d-40aa-a3a8-4fa5515c76d7","Microsoft-Windows-TerminalServices-LocalSessionManager/Operational","572","804","rjaf-PC4429","S-1-5-18","3/20/2015 8:24:02 AM",,,"c:\users\mac_1\desktop\winevt\logs\microsoft-windows-terminalservices-localsessionmanager%4operational.evtx","System.UInt32[]","System.Diagnostics.Eventing.Reader.EventBookmark","Information","Info",,"System.Collections.ObjectModel.ReadOnlyCollection`1[System.String]","System.Collections.Generic.List`1[System.Diagnostics.Eventing.Reader.EventProperty]"
"Remote Desktop Services: Session logon succeeded:

User: RJAF-PC4429\rjaf
Session ID: 1
Source Network Address: LOCAL","21","0",,"4","0","0","1152921504606846976","995","Microsoft-Windows-TerminalServices-LocalSessionManager","5d896912-022d-40aa-a3a8-4fa5515c76d7","Microsoft-Windows-TerminalServices-LocalSessionManager/Operational","572","804","rjaf-PC4429","S-1-5-18","3/20/2015 8:24:01 AM",,,"c:\users\mac_1\desktop\winevt\logs\microsoft-windows-terminalservices-localsessionmanager%4operational.evtx","System.UInt32[]","System.Diagnostics.Eventing.Reader.EventBookmark","Information","Info",,"System.Collections.ObjectModel.ReadOnlyCollection`1[System.String]","System.Collections.Generic.List`1[System.Diagnostics.Eventing.Reader.EventProperty]"
"Remote Desktop Services: Session logoff succeeded:

User: RJAF-PC4429\rjaf
Session ID: 1","23","0",,"4","0","0","1152921504606846976","994","Microsoft-Windows-TerminalServices-LocalSessionManager","5d896912-022d-40aa-a3a8-4fa5515c76d7","Microsoft-Windows-TerminalServices-LocalSessionManager/Operational","568","5892","rjaf-PC4429","S-1-5-18","3/20/2015 6:57:07 AM",,,"c:\users\mac_1\desktop\winevt\logs\microsoft-windows-terminalservices-localsessionmanager%4operational.evtx","System.UInt32[]","System.Diagnostics.Eventing.Reader.EventBookmark","Information","Info",,"System.Collections.ObjectModel.ReadOnlyCollection`1[System.String]","System.Collections.Generic.List`1[System.Diagnostics.Eventing.Reader.EventProperty]"
"Remote Desktop Services: Shell start notification received:

User: RJAF-PC4429\rjaf
Session ID: 1
Source Network Address: LOCAL","22","0",,"4","0","0","1152921504606846976","993","Microsoft-Windows-TerminalServices-LocalSessionManager","5d896912-022d-40aa-a3a8-4fa5515c76d7","Microsoft-Windows-TerminalServices-LocalSessionManager/Operational","568","828","rjaf-PC4429","S-1-5-18","3/15/2015 1:18:41 AM",,,"c:\users\mac_1\desktop\winevt\logs\microsoft-windows-terminalservices-localsessionmanager%4operational.evtx","System.UInt32[]","System.Diagnostics.Eventing.Reader.EventBookmark","Information","Info",,"System.Collections.ObjectModel.ReadOnlyCollection`1[System.String]","System.Collections.Generic.List`1[System.Diagnostics.Eventing.Reader.EventProperty]"
"Remote Desktop Services: Session logon succeeded:

User: RJAF-PC4429\rjaf
Session ID: 1
Source Network Address: LOCAL","21","0",,"4","0","0","1152921504606846976","992","Microsoft-Windows-TerminalServices-LocalSessionManager","5d896912-022d-40aa-a3a8-4fa5515c76d7","Microsoft-Windows-TerminalServices-LocalSessionManager/Operational","568","828","rjaf-PC4429","S-1-5-18","3/15/2015 1:18:41 AM",,,"c:\users\mac_1\desktop\winevt\logs\microsoft-windows-terminalservices-localsessionmanager%4operational.evtx","System.UInt32[]","System.Diagnostics.Eventing.Reader.EventBookmark","Information","Info",,"System.Collections.ObjectModel.ReadOnlyCollection`1[System.String]","System.Collections.Generic.List`1[System.Diagnostics.Eventing.Reader.EventProperty]"
"Remote Desktop Services: Session logoff succeeded:

User: RJAF-PC4429\rjaf
Session ID: 1","23","0",,"4","0","0","1152921504606846976","991","Microsoft-Windows-TerminalServices-LocalSessionManager","5d896912-022d-40aa-a3a8-4fa5515c76d7","Microsoft-Windows-TerminalServices-LocalSessionManager/Operational","556","2516","rjaf-PC4429","S-1-5-18","3/14/2015 12:26:21 PM",,,"c:\users\mac_1\desktop\winevt\logs\microsoft-windows-terminalservices-localsessionmanager%4operational.evtx","System.UInt32[]","System.Diagnostics.Eventing.Reader.EventBookmark","Information","Info",,"System.Collections.ObjectModel.ReadOnlyCollection`1[System.String]","System.Collections.Generic.List`1[System.Diagnostics.Eventing.Reader.EventProperty]"
"Remote Desktop Services: Shell start notification received:

User: RJAF-PC4429\rjaf
Session ID: 1
Source Network Address: LOCAL","22","0",,"4","0","0","1152921504606846976","990","Microsoft-Windows-TerminalServices-LocalSessionManager","5d896912-022d-40aa-a3a8-4fa5515c76d7","Microsoft-Windows-TerminalServices-LocalSessionManager/Operational","556","360","rjaf-PC4429","S-1-5-18","3/14/2015 11:53:05 AM",,,"c:\users\mac_1\desktop\winevt\logs\microsoft-windows-terminalservices-localsessionmanager%4operational.evtx","System.UInt32[]","System.Diagnostics.Eventing.Reader.EventBookmark","Information","Info",,"System.Collections.ObjectModel.ReadOnlyCollection`1[System.String]","System.Collections.Generic.List`1[System.Diagnostics.Eventing.Reader.EventProperty]"
"Remote Desktop Services: Session logon succeeded:

User: RJAF-PC4429\rjaf
Session ID: 1
Source Network Address: LOCAL","21","0",,"4","0","0","1152921504606846976","989","Microsoft-Windows-TerminalServices-LocalSessionManager","5d896912-022d-40aa-a3a8-4fa5515c76d7","Microsoft-Windows-TerminalServices-LocalSessionManager/Operational","556","804","rjaf-PC4429","S-1-5-18","3/14/2015 11:53:05 AM",,,"c:\users\mac_1\desktop\winevt\logs\microsoft-windows-terminalservices-localsessionmanager%4operational.evtx","System.UInt32[]","System.Diagnostics.Eventing.Reader.EventBookmark","Information","Info",,"System.Collections.ObjectModel.ReadOnlyCollection`1[System.String]","System.Collections.Generic.List`1[System.Diagnostics.Eventing.Reader.EventProperty]"
"Remote Desktop Services: Session logoff succeeded:

User: RJAF-PC4429\rjaf
Session ID: 1","23","0",,"4","0","0","1152921504606846976","988","Microsoft-Windows-TerminalServices-LocalSessionManager","5d896912-022d-40aa-a3a8-4fa5515c76d7","Microsoft-Windows-TerminalServices-LocalSessionManager/Operational","560","2692","rjaf-PC4429","S-1-5-18","3/14/2015 10:10:04 AM",,,"c:\users\mac_1\desktop\winevt\logs\microsoft-windows-terminalservices-localsessionmanager%4operational.evtx","System.UInt32[]","System.Diagnostics.Eventing.Reader.EventBookmark","Information","Info",,"System.Collections.ObjectModel.ReadOnlyCollection`1[System.String]","System.Collections.Generic.List`1[System.Diagnostics.Eventing.Reader.EventProperty]"
"Remote Desktop Services: Shell start notification received:

User: RJAF-PC4429\rjaf
Session ID: 1
Source Network Address: LOCAL","22","0",,"4","0","0","1152921504606846976","987","Microsoft-Windows-TerminalServices-LocalSessionManager","5d896912-022d-40aa-a3a8-4fa5515c76d7","Microsoft-Windows-TerminalServices-LocalSessionManager/Operational","560","820","rjaf-PC4429","S-1-5-18","3/14/2015 7:35:06 AM",,,"c:\users\mac_1\desktop\winevt\logs\microsoft-windows-terminalservices-localsessionmanager%4operational.evtx","System.UInt32[]","System.Diagnostics.Eventing.Reader.EventBookmark","Information","Info",,"System.Collections.ObjectModel.ReadOnlyCollection`1[System.String]","System.Collections.Generic.List`1[System.Diagnostics.Eventing.Reader.EventProperty]"
"Remote Desktop Services: Session logon succeeded:

User: RJAF-PC4429\rjaf
Session ID: 1
Source Network Address: LOCAL","21","0",,"4","0","0","1152921504606846976","986","Microsoft-Windows-TerminalServices-LocalSessionManager","5d896912-022d-40aa-a3a8-4fa5515c76d7","Microsoft-Windows-TerminalServices-LocalSessionManager/Operational","560","820","rjaf-PC4429","S-1-5-18","3/14/2015 7:35:06 AM",,,"c:\users\mac_1\desktop\winevt\logs\microsoft-windows-terminalservices-localsessionmanager%4operational.evtx","System.UInt32[]","System.Diagnostics.Eventing.Reader.EventBookmark","Information","Info",,"System.Collections.ObjectModel.ReadOnlyCollection`1[System.String]","System.Collections.Generic.List`1[System.Diagnostics.Eventing.Reader.EventProperty]"
"Remote Desktop Services: Session logoff succeeded:

User: RJAF-PC4429\rjaf
Session ID: 1","23","0",,"4","0","0","1152921504606846976","985","Microsoft-Windows-TerminalServices-LocalSessionManager","5d896912-022d-40aa-a3a8-4fa5515c76d7","Microsoft-Windows-TerminalServices-LocalSessionManager/Operational","564","724","rjaf-PC4429","S-1-5-18","3/14/2015 7:23:23 AM",,,"c:\users\mac_1\desktop\winevt\logs\microsoft-windows-terminalservices-localsessionmanager%4operational.evtx","System.UInt32[]","System.Diagnostics.Eventing.Reader.EventBookmark","Information","Info",,"System.Collections.ObjectModel.ReadOnlyCollection`1[System.String]","System.Collections.Generic.List`1[System.Diagnostics.Eventing.Reader.EventProperty]"
"Remote Desktop Services: Shell start notification received:

User: RJAF-PC4429\rjaf
Session ID: 1
Source Network Address: LOCAL","22","0",,"4","0","0","1152921504606846976","984","Microsoft-Windows-TerminalServices-LocalSessionManager","5d896912-022d-40aa-a3a8-4fa5515c76d7","Microsoft-Windows-TerminalServices-LocalSessionManager/Operational","564","1620","rjaf-PC4429","S-1-5-18","3/14/2015 7:20:52 AM",,,"c:\users\mac_1\desktop\winevt\logs\microsoft-windows-terminalservices-localsessionmanager%4operational.evtx","System.UInt32[]","System.Diagnostics.Eventing.Reader.EventBookmark","Information","Info",,"System.Collections.ObjectModel.ReadOnlyCollection`1[System.String]","System.Collections.Generic.List`1[System.Diagnostics.Eventing.Reader.EventProperty]"
"Remote Desktop Services: Session logon succeeded:

User: RJAF-PC4429\rjaf
Session ID: 1
Source Network Address: LOCAL","21","0",,"4","0","0","1152921504606846976","983","Microsoft-Windows-TerminalServices-LocalSessionManager","5d896912-022d-40aa-a3a8-4fa5515c76d7","Microsoft-Windows-TerminalServices-LocalSessionManager/Operational","564","1620","rjaf-PC4429","S-1-5-18","3/14/2015 7:20:52 AM",,,"c:\users\mac_1\desktop\winevt\logs\microsoft-windows-terminalservices-localsessionmanager%4operational.evtx","System.UInt32[]","System.Diagnostics.Eventing.Reader.EventBookmark","Information","Info",,"System.Collections.ObjectModel.ReadOnlyCollection`1[System.String]","System.Collections.Generic.List`1[System.Diagnostics.Eventing.Reader.EventProperty]"
"Remote Desktop Services: Shell start notification received:

User: RJAF-PC4429\rjaf
Session ID: 1
Source Network Address: LOCAL","22","0",,"4","0","0","1152921504606846976","982","Microsoft-Windows-TerminalServices-LocalSessionManager","5d896912-022d-40aa-a3a8-4fa5515c76d7","Microsoft-Windows-TerminalServices-LocalSessionManager/Operational","552","424","rjaf-PC4429","S-1-5-18","3/14/2015 7:19:16 AM",,,"c:\users\mac_1\desktop\winevt\logs\microsoft-windows-terminalservices-localsessionmanager%4operational.evtx","System.UInt32[]","System.Diagnostics.Eventing.Reader.EventBookmark","Information","Info",,"System.Collections.ObjectModel.ReadOnlyCollection`1[System.String]","System.Collections.Generic.List`1[System.Diagnostics.Eventing.Reader.EventProperty]"
"Remote Desktop Services: Session logon succeeded:

User: RJAF-PC4429\rjaf
Session ID: 1
Source Network Address: LOCAL","21","0",,"4","0","0","1152921504606846976","981","Microsoft-Windows-TerminalServices-LocalSessionManager","5d896912-022d-40aa-a3a8-4fa5515c76d7","Microsoft-Windows-TerminalServices-LocalSessionManager/Operational","552","776","rjaf-PC4429","S-1-5-18","3/14/2015 7:19:16 AM",,,"c:\users\mac_1\desktop\winevt\logs\microsoft-windows-terminalservices-localsessionmanager%4operational.evtx","System.UInt32[]","System.Diagnostics.Eventing.Reader.EventBookmark","Information","Info",,"System.Collections.ObjectModel.ReadOnlyCollection`1[System.String]","System.Collections.Generic.List`1[System.Diagnostics.Eventing.Reader.EventProperty]"
"Remote Desktop Services: Shell start notification received:

User: RJAF-PC4429\rjaf
Session ID: 1
Source Network Address: LOCAL","22","0",,"4","0","0","1152921504606846976","980","Microsoft-Windows-TerminalServices-LocalSessionManager","5d896912-022d-40aa-a3a8-4fa5515c76d7","Microsoft-Windows-TerminalServices-LocalSessionManager/Operational","564","480","rjaf-PC4429","S-1-5-18","3/14/2015 3:13:19 AM",,,"c:\users\mac_1\desktop\winevt\logs\microsoft-windows-terminalservices-localsessionmanager%4operational.evtx","System.UInt32[]","System.Diagnostics.Eventing.Reader.EventBookmark","Information","Info",,"System.Collections.ObjectModel.ReadOnlyCollection`1[System.String]","System.Collections.Generic.List`1[System.Diagnostics.Eventing.Reader.EventProperty]"
"Remote Desktop Services: Session logon succeeded:

User: RJAF-PC4429\rjaf
Session ID: 1
Source Network Address: LOCAL","21","0",,"4","0","0","1152921504606846976","979","Microsoft-Windows-TerminalServices-LocalSessionManager","5d896912-022d-40aa-a3a8-4fa5515c76d7","Microsoft-Windows-TerminalServices-LocalSessionManager/Operational","564","800","rjaf-PC4429","S-1-5-18","3/14/2015 3:13:19 AM",,,"c:\users\mac_1\desktop\winevt\logs\microsoft-windows-terminalservices-localsessionmanager%4operational.evtx","System.UInt32[]","System.Diagnostics.Eventing.Reader.EventBookmark","Information","Info",,"System.Collections.ObjectModel.ReadOnlyCollection`1[System.String]","System.Collections.Generic.List`1[System.Diagnostics.Eventing.Reader.EventProperty]"
"Remote Desktop Services: Session logoff succeeded:

User: RJAF-PC4429\rjaf
Session ID: 1","23","0",,"4","0","0","1152921504606846976","978","Microsoft-Windows-TerminalServices-LocalSessionManager","5d896912-022d-40aa-a3a8-4fa5515c76d7","Microsoft-Windows-TerminalServices-LocalSessionManager/Operational","560","832","rjaf-PC4429","S-1-5-18","3/13/2015 1:56:56 PM",,,"c:\users\mac_1\desktop\winevt\logs\microsoft-windows-terminalservices-localsessionmanager%4operational.evtx","System.UInt32[]","System.Diagnostics.Eventing.Reader.EventBookmark","Information","Info",,"System.Collections.ObjectModel.ReadOnlyCollection`1[System.String]","System.Collections.Generic.List`1[System.Diagnostics.Eventing.Reader.EventProperty]"
"Remote Desktop Services: Shell start notification received:

User: RJAF-PC4429\rjaf
Session ID: 1
Source Network Address: LOCAL","22","0",,"4","0","0","1152921504606846976","977","Microsoft-Windows-TerminalServices-LocalSessionManager","5d896912-022d-40aa-a3a8-4fa5515c76d7","Microsoft-Windows-TerminalServices-LocalSessionManager/Operational","560","1184","rjaf-PC4429","S-1-5-18","3/13/2015 1:53:34 PM",,,"c:\users\mac_1\desktop\winevt\logs\microsoft-windows-terminalservices-localsessionmanager%4operational.evtx","System.UInt32[]","System.Diagnostics.Eventing.Reader.EventBookmark","Information","Info",,"System.Collections.ObjectModel.ReadOnlyCollection`1[System.String]","System.Collections.Generic.List`1[System.Diagnostics.Eventing.Reader.EventProperty]"
"Remote Desktop Services: Session logon succeeded:

User: RJAF-PC4429\rjaf
Session ID: 1
Source Network Address: LOCAL","21","0",,"4","0","0","1152921504606846976","976","Microsoft-Windows-TerminalServices-LocalSessionManager","5d896912-022d-40aa-a3a8-4fa5515c76d7","Microsoft-Windows-TerminalServices-LocalSessionManager/Operational","560","1184","rjaf-PC4429","S-1-5-18","3/13/2015 1:53:34 PM",,,"c:\users\mac_1\desktop\winevt\logs\microsoft-windows-terminalservices-localsessionmanager%4operational.evtx","System.UInt32[]","System.Diagnostics.Eventing.Reader.EventBookmark","Information","Info",,"System.Collections.ObjectModel.ReadOnlyCollection`1[System.String]","System.Collections.Generic.List`1[System.Diagnostics.Eventing.Reader.EventProperty]"
"Remote Desktop Services: Session logoff succeeded:

User: RJAF-PC4429\rjaf
Session ID: 1","23","0",,"4","0","0","1152921504606846976","975","Microsoft-Windows-TerminalServices-LocalSessionManager","5d896912-022d-40aa-a3a8-4fa5515c76d7","Microsoft-Windows-TerminalServices-LocalSessionManager/Operational","560","2716","rjaf-PC4429","S-1-5-18","3/13/2015 1:48:43 PM",,,"c:\users\mac_1\desktop\winevt\logs\microsoft-windows-terminalservices-localsessionmanager%4operational.evtx","System.UInt32[]","System.Diagnostics.Eventing.Reader.EventBookmark","Information","Info",,"System.Collections.ObjectModel.ReadOnlyCollection`1[System.String]","System.Collections.Generic.List`1[System.Diagnostics.Eventing.Reader.EventProperty]"
"Remote Desktop Services: Shell start notification received:

User: RJAF-PC4429\rjaf
Session ID: 1
Source Network Address: LOCAL","22","0",,"4","0","0","1152921504606846976","974","Microsoft-Windows-TerminalServices-LocalSessionManager","5d896912-022d-40aa-a3a8-4fa5515c76d7","Microsoft-Windows-TerminalServices-LocalSessionManager/Operational","560","1160","rjaf-PC4429","S-1-5-18","3/13/2015 1:42:28 PM",,,"c:\users\mac_1\desktop\winevt\logs\microsoft-windows-terminalservices-localsessionmanager%4operational.evtx","System.UInt32[]","System.Diagnostics.Eventing.Reader.EventBookmark","Information","Info",,"System.Collections.ObjectModel.ReadOnlyCollection`1[System.String]","System.Collections.Generic.List`1[System.Diagnostics.Eventing.Reader.EventProperty]"
"Remote Desktop Services: Session logon succeeded:

User: RJAF-PC4429\rjaf
Session ID: 1
Source Network Address: LOCAL","21","0",,"4","0","0","1152921504606846976","973","Microsoft-Windows-TerminalServices-LocalSessionManager","5d896912-022d-40aa-a3a8-4fa5515c76d7","Microsoft-Windows-TerminalServices-LocalSessionManager/Operational","560","1116","rjaf-PC4429","S-1-5-18","3/13/2015 1:42:28 PM",,,"c:\users\mac_1\desktop\winevt\logs\microsoft-windows-terminalservices-localsessionmanager%4operational.evtx","System.UInt32[]","System.Diagnostics.Eventing.Reader.EventBookmark","Information","Info",,"System.Collections.ObjectModel.ReadOnlyCollection`1[System.String]","System.Collections.Generic.List`1[System.Diagnostics.Eventing.Reader.EventProperty]"
"Remote Desktop Services: Session logoff succeeded:

User: RJAF-PC4429\rjaf
Session ID: 1","23","0",,"4","0","0","1152921504606846976","972","Microsoft-Windows-TerminalServices-LocalSessionManager","5d896912-022d-40aa-a3a8-4fa5515c76d7","Microsoft-Windows-TerminalServices-LocalSessionManager/Operational","564","3064","rjaf-PC4429","S-1-5-18","3/13/2015 9:53:22 AM",,,"c:\users\mac_1\desktop\winevt\logs\microsoft-windows-terminalservices-localsessionmanager%4operational.evtx","System.UInt32[]","System.Diagnostics.Eventing.Reader.EventBookmark","Information","Info",,"System.Collections.ObjectModel.ReadOnlyCollection`1[System.String]","System.Collections.Generic.List`1[System.Diagnostics.Eventing.Reader.EventProperty]"
"Remote Desktop Services: Shell start notification received:

User: RJAF-PC4429\rjaf
Session ID: 1
Source Network Address: LOCAL","22","0",,"4","0","0","1152921504606846976","971","Microsoft-Windows-TerminalServices-LocalSessionManager","5d896912-022d-40aa-a3a8-4fa5515c76d7","Microsoft-Windows-TerminalServices-LocalSessionManager/Operational","564","828","rjaf-PC4429","S-1-5-18","3/13/2015 5:22:40 AM",,,"c:\users\mac_1\desktop\winevt\logs\microsoft-windows-terminalservices-localsessionmanager%4operational.evtx","System.UInt32[]","System.Diagnostics.Eventing.Reader.EventBookmark","Information","Info",,"System.Collections.ObjectModel.ReadOnlyCollection`1[System.String]","System.Collections.Generic.List`1[System.Diagnostics.Eventing.Reader.EventProperty]"
"Remote Desktop Services: Session logon succeeded:

User: RJAF-PC4429\rjaf
Session ID: 1
Source Network Address: LOCAL","21","0",,"4","0","0","1152921504606846976","970","Microsoft-Windows-TerminalServices-LocalSessionManager","5d896912-022d-40aa-a3a8-4fa5515c76d7","Microsoft-Windows-TerminalServices-LocalSessionManager/Operational","564","860","rjaf-PC4429","S-1-5-18","3/13/2015 5:22:40 AM",,,"c:\users\mac_1\desktop\winevt\logs\microsoft-windows-terminalservices-localsessionmanager%4operational.evtx","System.UInt32[]","System.Diagnostics.Eventing.Reader.EventBookmark","Information","Info",,"System.Collections.ObjectModel.ReadOnlyCollection`1[System.String]","System.Collections.Generic.List`1[System.Diagnostics.Eventing.Reader.EventProperty]"
"Remote Desktop Services: Session logoff succeeded:

User: RJAF-PC4429\rjaf
Session ID: 1","23","0",,"4","0","0","1152921504606846976","969","Microsoft-Windows-TerminalServices-LocalSessionManager","5d896912-022d-40aa-a3a8-4fa5515c76d7","Microsoft-Windows-TerminalServices-LocalSessionManager/Operational","556","12764","rjaf-PC4429","S-1-5-18","3/12/2015 2:10:00 PM",,,"c:\users\mac_1\desktop\winevt\logs\microsoft-windows-terminalservices-localsessionmanager%4operational.evtx","System.UInt32[]","System.Diagnostics.Eventing.Reader.EventBookmark","Information","Info",,"System.Collections.ObjectModel.ReadOnlyCollection`1[System.String]","System.Collections.Generic.List`1[System.Diagnostics.Eventing.Reader.EventProperty]"
"Remote Desktop Services: Session has been disconnected:

User: RJAF-PC4429\rjaf
Session ID: 1
Source Network Address: LOCAL","24","0",,"4","0","0","1152921504606846976","968","Microsoft-Windows-TerminalServices-LocalSessionManager","5d896912-022d-40aa-a3a8-4fa5515c76d7","Microsoft-Windows-TerminalServices-LocalSessionManager/Operational","556","12000","rjaf-PC4429","S-1-5-18","3/12/2015 2:01:24 PM",,,"c:\users\mac_1\desktop\winevt\logs\microsoft-windows-terminalservices-localsessionmanager%4operational.evtx","System.UInt32[]","System.Diagnostics.Eventing.Reader.EventBookmark","Information","Info",,"System.Collections.ObjectModel.ReadOnlyCollection`1[System.String]","System.Collections.Generic.List`1[System.Diagnostics.Eventing.Reader.EventProperty]"
"Remote Desktop Services: Shell start notification received:

User: RJAF-PC4429\rjaf
Session ID: 1
Source Network Address: LOCAL","22","0",,"4","0","0","1152921504606846976","967","Microsoft-Windows-TerminalServices-LocalSessionManager","5d896912-022d-40aa-a3a8-4fa5515c76d7","Microsoft-Windows-TerminalServices-LocalSessionManager/Operational","556","832","rjaf-PC4429","S-1-5-18","3/10/2015 4:43:55 AM",,,"c:\users\mac_1\desktop\winevt\logs\microsoft-windows-terminalservices-localsessionmanager%4operational.evtx","System.UInt32[]","System.Diagnostics.Eventing.Reader.EventBookmark","Information","Info",,"System.Collections.ObjectModel.ReadOnlyCollection`1[System.String]","System.Collections.Generic.List`1[System.Diagnostics.Eventing.Reader.EventProperty]"
"Remote Desktop Services: Session logon succeeded:

User: RJAF-PC4429\rjaf
Session ID: 1
Source Network Address: LOCAL","21","0",,"4","0","0","1152921504606846976","966","Microsoft-Windows-TerminalServices-LocalSessionManager","5d896912-022d-40aa-a3a8-4fa5515c76d7","Microsoft-Windows-TerminalServices-LocalSessionManager/Operational","556","832","rjaf-PC4429","S-1-5-18","3/10/2015 4:43:55 AM",,,"c:\users\mac_1\desktop\winevt\logs\microsoft-windows-terminalservices-localsessionmanager%4operational.evtx","System.UInt32[]","System.Diagnostics.Eventing.Reader.EventBookmark","Information","Info",,"System.Collections.ObjectModel.ReadOnlyCollection`1[System.String]","System.Collections.Generic.List`1[System.Diagnostics.Eventing.Reader.EventProperty]"
"Remote Desktop Services: Session logoff succeeded:

User: RJAF-PC4429\rjaf
Session ID: 1","23","0",,"4","0","0","1152921504606846976","965","Microsoft-Windows-TerminalServices-LocalSessionManager","5d896912-022d-40aa-a3a8-4fa5515c76d7","Microsoft-Windows-TerminalServices-LocalSessionManager/Operational","564","3268","rjaf-PC4429","S-1-5-18","3/10/2015 12:12:18 AM",,,"c:\users\mac_1\desktop\winevt\logs\microsoft-windows-terminalservices-localsessionmanager%4operational.evtx","System.UInt32[]","System.Diagnostics.Eventing.Reader.EventBookmark","Information","Info",,"System.Collections.ObjectModel.ReadOnlyCollection`1[System.String]","System.Collections.Generic.List`1[System.Diagnostics.Eventing.Reader.EventProperty]"
"Remote Desktop Services: Shell start notification received:

User: RJAF-PC4429\rjaf
Session ID: 1
Source Network Address: LOCAL","22","0",,"4","0","0","1152921504606846976","964","Microsoft-Windows-TerminalServices-LocalSessionManager","5d896912-022d-40aa-a3a8-4fa5515c76d7","Microsoft-Windows-TerminalServices-LocalSessionManager/Operational","564","1300","rjaf-PC4429","S-1-5-18","3/9/2015 9:27:15 AM",,,"c:\users\mac_1\desktop\winevt\logs\microsoft-windows-terminalservices-localsessionmanager%4operational.evtx","System.UInt32[]","System.Diagnostics.Eventing.Reader.EventBookmark","Information","Info",,"System.Collections.ObjectModel.ReadOnlyCollection`1[System.String]","System.Collections.Generic.List`1[System.Diagnostics.Eventing.Reader.EventProperty]"
