"The diagnostic package index information was successfully loaded from C:\Windows\Diagnostics\Index\AeroDiagnostic.xml.","2000","0",,"4","0","0","-9223372036854775808","514","Microsoft-Windows-Diagnosis-ScriptedDiagnosticsProvider","9363ccd9-d429-4452-9adb-2501e704b810","Microsoft-Windows-Diagnosis-ScriptedDiagnosticsProvider/Operational","2876","3764","rjaf-PC4429","S-1-5-21-1634558665-2257203147-3060767804-1000","11/28/2014 10:14:51 AM","5d4fca5a-5bf0-41ec-bc5c-d982b52ceeec",,"c:\users\mac_1\desktop\winevt\logs\microsoft-windows-diagnosis-scripteddiagnosticsprovider%4operational.evtx","System.UInt32[]","System.Diagnostics.Eventing.Reader.EventBookmark","Information","Info",,"System.Collections.ObjectModel.ReadOnlyCollection`1[System.String]","System.Collections.Generic.List`1[System.Diagnostics.Eventing.Reader.EventProperty]"
"The Windows Scripted Diagnostic Provider API IDiagnosticProvider Cancel method succeeded.","1010","0",,"4","0","0","-9223372036854775808","513","Microsoft-Windows-Diagnosis-ScriptedDiagnosticsProvider","9363ccd9-d429-4452-9adb-2501e704b810","Microsoft-Windows-Diagnosis-ScriptedDiagnosticsProvider/Operational","560","2148","rjaf-PC4429","S-1-5-21-1634558665-2257203147-3060767804-1000","11/28/2014 8:54:42 AM","e099990d-11b4-417f-b616-a2676ef4d730",,"c:\users\mac_1\desktop\winevt\logs\microsoft-windows-diagnosis-scripteddiagnosticsprovider%4operational.evtx","System.UInt32[]","System.Diagnostics.Eventing.Reader.EventBookmark","Information","Info",,"System.Collections.ObjectModel.ReadOnlyCollection`1[System.String]","System.Collections.Generic.List`1[System.Diagnostics.Eventing.Reader.EventProperty]"
"The Windows Scripted Diagnostic Provider API IDiagnosticProvider Cancel method succeeded.","1010","0",,"4","0","0","-9223372036854775808","512","Microsoft-Windows-Diagnosis-ScriptedDiagnosticsProvider","9363ccd9-d429-4452-9adb-2501e704b810","Microsoft-Windows-Diagnosis-ScriptedDiagnosticsProvider/Operational","560","2300","rjaf-PC4429","S-1-5-21-1634558665-2257203147-3060767804-1000","11/28/2014 8:54:42 AM","e099990d-11b4-417f-b616-a2676ef4d730",,"c:\users\mac_1\desktop\winevt\logs\microsoft-windows-diagnosis-scripteddiagnosticsprovider%4operational.evtx","System.UInt32[]","System.Diagnostics.Eventing.Reader.EventBookmark","Information","Info",,"System.Collections.ObjectModel.ReadOnlyCollection`1[System.String]","System.Collections.Generic.List`1[System.Diagnostics.Eventing.Reader.EventProperty]"
"The Windows Scripted Diagnostic Provider API IDiagnosticProvider FindDiagnosticsBySearchMetadata method succeeded.  The input Culture/Locale was en-US.  The size of the result set was 6.","1000","0",,"4","0","0","-9223372036854775808","511","Microsoft-Windows-Diagnosis-ScriptedDiagnosticsProvider","9363ccd9-d429-4452-9adb-2501e704b810","Microsoft-Windows-Diagnosis-ScriptedDiagnosticsProvider/Operational","560","2148","rjaf-PC4429","S-1-5-21-1634558665-2257203147-3060767804-1000","11/28/2014 8:54:12 AM","fa826ebc-f4a2-4898-9fa6-c832e407c104",,"c:\users\mac_1\desktop\winevt\logs\microsoft-windows-diagnosis-scripteddiagnosticsprovider%4operational.evtx","System.UInt32[]","System.Diagnostics.Eventing.Reader.EventBookmark","Information","Info",,"System.Collections.ObjectModel.ReadOnlyCollection`1[System.String]","System.Collections.Generic.List`1[System.Diagnostics.Eventing.Reader.EventProperty]"
"Parsed valid response from the remote server wer.microsoft.com at the URL path Responses/v1.0/8789/1033.1033/6.1.7600.1.0.0.0/4/Unknown.","3007","0",,"4","0","0","-9223372036854775808","510","Microsoft-Windows-Diagnosis-ScriptedDiagnosticsProvider","9363ccd9-d429-4452-9adb-2501e704b810","Microsoft-Windows-Diagnosis-ScriptedDiagnosticsProvider/Operational","560","2844","rjaf-PC4429","S-1-5-21-1634558665-2257203147-3060767804-1000","11/28/2014 8:54:12 AM","fa826ebc-f4a2-4898-9fa6-c832e407c104",,"c:\users\mac_1\desktop\winevt\logs\microsoft-windows-diagnosis-scripteddiagnosticsprovider%4operational.evtx","System.UInt32[]","System.Diagnostics.Eventing.Reader.EventBookmark","Information","Info",,"System.Collections.ObjectModel.ReadOnlyCollection`1[System.String]","System.Collections.Generic.List`1[System.Diagnostics.Eventing.Reader.EventProperty]"
"Received response from the remote server wer.microsoft.com at the URL path Responses/v1.0/8789/1033.1033/6.1.7600.1.0.0.0/4/Unknown.","3006","0",,"4","0","0","-9223372036854775808","509","Microsoft-Windows-Diagnosis-ScriptedDiagnosticsProvider","9363ccd9-d429-4452-9adb-2501e704b810","Microsoft-Windows-Diagnosis-ScriptedDiagnosticsProvider/Operational","560","2844","rjaf-PC4429","S-1-5-21-1634558665-2257203147-3060767804-1000","11/28/2014 8:54:12 AM","fa826ebc-f4a2-4898-9fa6-c832e407c104",,"c:\users\mac_1\desktop\winevt\logs\microsoft-windows-diagnosis-scripteddiagnosticsprovider%4operational.evtx","System.UInt32[]","System.Diagnostics.Eventing.Reader.EventBookmark","Information","Info",,"System.Collections.ObjectModel.ReadOnlyCollection`1[System.String]","System.Collections.Generic.List`1[System.Diagnostics.Eventing.Reader.EventProperty]"
"The diagnostic package index information was successfully loaded from C:\Windows\Diagnostics\Index\WindowsUpdateDiagnostic.xml.","2000","0",,"4","0","0","-9223372036854775808","508","Microsoft-Windows-Diagnosis-ScriptedDiagnosticsProvider","9363ccd9-d429-4452-9adb-2501e704b810","Microsoft-Windows-Diagnosis-ScriptedDiagnosticsProvider/Operational","560","3488","rjaf-PC4429","S-1-5-21-1634558665-2257203147-3060767804-1000","11/28/2014 8:54:11 AM","fa826ebc-f4a2-4898-9fa6-c832e407c104",,"c:\users\mac_1\desktop\winevt\logs\microsoft-windows-diagnosis-scripteddiagnosticsprovider%4operational.evtx","System.UInt32[]","System.Diagnostics.Eventing.Reader.EventBookmark","Information","Info",,"System.Collections.ObjectModel.ReadOnlyCollection`1[System.String]","System.Collections.Generic.List`1[System.Diagnostics.Eventing.Reader.EventProperty]"
"The diagnostic package index information was successfully loaded from C:\Windows\Diagnostics\Index\WindowsMediaPlayerPlayDVD.xml.","2000","0",,"4","0","0","-9223372036854775808","507","Microsoft-Windows-Diagnosis-ScriptedDiagnosticsProvider","9363ccd9-d429-4452-9adb-2501e704b810","Microsoft-Windows-Diagnosis-ScriptedDiagnosticsProvider/Operational","560","3488","rjaf-PC4429","S-1-5-21-1634558665-2257203147-3060767804-1000","11/28/2014 8:54:11 AM","fa826ebc-f4a2-4898-9fa6-c832e407c104",,"c:\users\mac_1\desktop\winevt\logs\microsoft-windows-diagnosis-scripteddiagnosticsprovider%4operational.evtx","System.UInt32[]","System.Diagnostics.Eventing.Reader.EventBookmark","Information","Info",,"System.Collections.ObjectModel.ReadOnlyCollection`1[System.String]","System.Collections.Generic.List`1[System.Diagnostics.Eventing.Reader.EventProperty]"
"The diagnostic package index information was successfully loaded from C:\Windows\Diagnostics\Index\WindowsMediaPlayerMediaLibrary.xml.","2000","0",,"4","0","0","-9223372036854775808","506","Microsoft-Windows-Diagnosis-ScriptedDiagnosticsProvider","9363ccd9-d429-4452-9adb-2501e704b810","Microsoft-Windows-Diagnosis-ScriptedDiagnosticsProvider/Operational","560","3488","rjaf-PC4429","S-1-5-21-1634558665-2257203147-3060767804-1000","11/28/2014 8:54:11 AM","fa826ebc-f4a2-4898-9fa6-c832e407c104",,"c:\users\mac_1\desktop\winevt\logs\microsoft-windows-diagnosis-scripteddiagnosticsprovider%4operational.evtx","System.UInt32[]","System.Diagnostics.Eventing.Reader.EventBookmark","Information","Info",,"System.Collections.ObjectModel.ReadOnlyCollection`1[System.String]","System.Collections.Generic.List`1[System.Diagnostics.Eventing.Reader.EventProperty]"
"The diagnostic package index information was successfully loaded from C:\Windows\Diagnostics\Index\WindowsMediaPlayerConfiguration.xml.","2000","0",,"4","0","0","-9223372036854775808","505","Microsoft-Windows-Diagnosis-ScriptedDiagnosticsProvider","9363ccd9-d429-4452-9adb-2501e704b810","Microsoft-Windows-Diagnosis-ScriptedDiagnosticsProvider/Operational","560","3488","rjaf-PC4429","S-1-5-21-1634558665-2257203147-3060767804-1000","11/28/2014 8:54:11 AM","fa826ebc-f4a2-4898-9fa6-c832e407c104",,"c:\users\mac_1\desktop\winevt\logs\microsoft-windows-diagnosis-scripteddiagnosticsprovider%4operational.evtx","System.UInt32[]","System.Diagnostics.Eventing.Reader.EventBookmark","Information","Info",,"System.Collections.ObjectModel.ReadOnlyCollection`1[System.String]","System.Collections.Generic.List`1[System.Diagnostics.Eventing.Reader.EventProperty]"
"The diagnostic package index information was successfully loaded from C:\Windows\Diagnostics\Index\SearchDiagnostic.xml.","2000","0",,"4","0","0","-9223372036854775808","504","Microsoft-Windows-Diagnosis-ScriptedDiagnosticsProvider","9363ccd9-d429-4452-9adb-2501e704b810","Microsoft-Windows-Diagnosis-ScriptedDiagnosticsProvider/Operational","560","3488","rjaf-PC4429","S-1-5-21-1634558665-2257203147-3060767804-1000","11/28/2014 8:54:11 AM","fa826ebc-f4a2-4898-9fa6-c832e407c104",,"c:\users\mac_1\desktop\winevt\logs\microsoft-windows-diagnosis-scripteddiagnosticsprovider%4operational.evtx","System.UInt32[]","System.Diagnostics.Eventing.Reader.EventBookmark","Information","Info",,"System.Collections.ObjectModel.ReadOnlyCollection`1[System.String]","System.Collections.Generic.List`1[System.Diagnostics.Eventing.Reader.EventProperty]"
"The diagnostic package index information was successfully loaded from C:\Windows\Diagnostics\Index\PrinterDiagnostic.xml.","2000","0",,"4","0","0","-9223372036854775808","503","Microsoft-Windows-Diagnosis-ScriptedDiagnosticsProvider","9363ccd9-d429-4452-9adb-2501e704b810","Microsoft-Windows-Diagnosis-ScriptedDiagnosticsProvider/Operational","560","3488","rjaf-PC4429","S-1-5-21-1634558665-2257203147-3060767804-1000","11/28/2014 8:54:11 AM","fa826ebc-f4a2-4898-9fa6-c832e407c104",,"c:\users\mac_1\desktop\winevt\logs\microsoft-windows-diagnosis-scripteddiagnosticsprovider%4operational.evtx","System.UInt32[]","System.Diagnostics.Eventing.Reader.EventBookmark","Information","Info",,"System.Collections.ObjectModel.ReadOnlyCollection`1[System.String]","System.Collections.Generic.List`1[System.Diagnostics.Eventing.Reader.EventProperty]"
"The diagnostic package index information was successfully loaded from C:\Windows\Diagnostics\Index\PowerDiagnostic.xml.","2000","0",,"4","0","0","-9223372036854775808","502","Microsoft-Windows-Diagnosis-ScriptedDiagnosticsProvider","9363ccd9-d429-4452-9adb-2501e704b810","Microsoft-Windows-Diagnosis-ScriptedDiagnosticsProvider/Operational","560","3488","rjaf-PC4429","S-1-5-21-1634558665-2257203147-3060767804-1000","11/28/2014 8:54:11 AM","fa826ebc-f4a2-4898-9fa6-c832e407c104",,"c:\users\mac_1\desktop\winevt\logs\microsoft-windows-diagnosis-scripteddiagnosticsprovider%4operational.evtx","System.UInt32[]","System.Diagnostics.Eventing.Reader.EventBookmark","Information","Info",,"System.Collections.ObjectModel.ReadOnlyCollection`1[System.String]","System.Collections.Generic.List`1[System.Diagnostics.Eventing.Reader.EventProperty]"
"The diagnostic package index information was successfully loaded from C:\Windows\Diagnostics\Index\PerformanceDiagnostic.xml.","2000","0",,"4","0","0","-9223372036854775808","501","Microsoft-Windows-Diagnosis-ScriptedDiagnosticsProvider","9363ccd9-d429-4452-9adb-2501e704b810","Microsoft-Windows-Diagnosis-ScriptedDiagnosticsProvider/Operational","560","3488","rjaf-PC4429","S-1-5-21-1634558665-2257203147-3060767804-1000","11/28/2014 8:54:11 AM","fa826ebc-f4a2-4898-9fa6-c832e407c104",,"c:\users\mac_1\desktop\winevt\logs\microsoft-windows-diagnosis-scripteddiagnosticsprovider%4operational.evtx","System.UInt32[]","System.Diagnostics.Eventing.Reader.EventBookmark","Information","Info",,"System.Collections.ObjectModel.ReadOnlyCollection`1[System.String]","System.Collections.Generic.List`1[System.Diagnostics.Eventing.Reader.EventProperty]"
"The diagnostic package index information was successfully loaded from C:\Windows\Diagnostics\Index\PCWDiagnostic.xml.","2000","0",,"4","0","0","-9223372036854775808","500","Microsoft-Windows-Diagnosis-ScriptedDiagnosticsProvider","9363ccd9-d429-4452-9adb-2501e704b810","Microsoft-Windows-Diagnosis-ScriptedDiagnosticsProvider/Operational","560","3488","rjaf-PC4429","S-1-5-21-1634558665-2257203147-3060767804-1000","11/28/2014 8:54:10 AM","fa826ebc-f4a2-4898-9fa6-c832e407c104",,"c:\users\mac_1\desktop\winevt\logs\microsoft-windows-diagnosis-scripteddiagnosticsprovider%4operational.evtx","System.UInt32[]","System.Diagnostics.Eventing.Reader.EventBookmark","Information","Info",,"System.Collections.ObjectModel.ReadOnlyCollection`1[System.String]","System.Collections.Generic.List`1[System.Diagnostics.Eventing.Reader.EventProperty]"
"The diagnostic package index information was successfully loaded from C:\Windows\Diagnostics\Index\NetworkDiagnostics_6_DA.xml.","2000","0",,"4","0","0","-9223372036854775808","499","Microsoft-Windows-Diagnosis-ScriptedDiagnosticsProvider","9363ccd9-d429-4452-9adb-2501e704b810","Microsoft-Windows-Diagnosis-ScriptedDiagnosticsProvider/Operational","560","3488","rjaf-PC4429","S-1-5-21-1634558665-2257203147-3060767804-1000","11/28/2014 8:54:10 AM","fa826ebc-f4a2-4898-9fa6-c832e407c104",,"c:\users\mac_1\desktop\winevt\logs\microsoft-windows-diagnosis-scripteddiagnosticsprovider%4operational.evtx","System.UInt32[]","System.Diagnostics.Eventing.Reader.EventBookmark","Information","Info",,"System.Collections.ObjectModel.ReadOnlyCollection`1[System.String]","System.Collections.Generic.List`1[System.Diagnostics.Eventing.Reader.EventProperty]"
"The diagnostic package index information was successfully loaded from C:\Windows\Diagnostics\Index\NetworkDiagnostics_5_Inbound.xml.","2000","0",,"4","0","0","-9223372036854775808","498","Microsoft-Windows-Diagnosis-ScriptedDiagnosticsProvider","9363ccd9-d429-4452-9adb-2501e704b810","Microsoft-Windows-Diagnosis-ScriptedDiagnosticsProvider/Operational","560","3488","rjaf-PC4429","S-1-5-21-1634558665-2257203147-3060767804-1000","11/28/2014 8:54:10 AM","fa826ebc-f4a2-4898-9fa6-c832e407c104",,"c:\users\mac_1\desktop\winevt\logs\microsoft-windows-diagnosis-scripteddiagnosticsprovider%4operational.evtx","System.UInt32[]","System.Diagnostics.Eventing.Reader.EventBookmark","Information","Info",,"System.Collections.ObjectModel.ReadOnlyCollection`1[System.String]","System.Collections.Generic.List`1[System.Diagnostics.Eventing.Reader.EventProperty]"
"The diagnostic package index information was successfully loaded from C:\Windows\Diagnostics\Index\NetworkDiagnostics_4_NetworkAdapter.xml.","2000","0",,"4","0","0","-9223372036854775808","497","Microsoft-Windows-Diagnosis-ScriptedDiagnosticsProvider","9363ccd9-d429-4452-9adb-2501e704b810","Microsoft-Windows-Diagnosis-ScriptedDiagnosticsProvider/Operational","560","3488","rjaf-PC4429","S-1-5-21-1634558665-2257203147-3060767804-1000","11/28/2014 8:54:10 AM","fa826ebc-f4a2-4898-9fa6-c832e407c104",,"c:\users\mac_1\desktop\winevt\logs\microsoft-windows-diagnosis-scripteddiagnosticsprovider%4operational.evtx","System.UInt32[]","System.Diagnostics.Eventing.Reader.EventBookmark","Information","Info",,"System.Collections.ObjectModel.ReadOnlyCollection`1[System.String]","System.Collections.Generic.List`1[System.Diagnostics.Eventing.Reader.EventProperty]"
"The diagnostic package index information was successfully loaded from C:\Windows\Diagnostics\Index\NetworkDiagnostics_3_HomeGroup.xml.","2000","0",,"4","0","0","-9223372036854775808","496","Microsoft-Windows-Diagnosis-ScriptedDiagnosticsProvider","9363ccd9-d429-4452-9adb-2501e704b810","Microsoft-Windows-Diagnosis-ScriptedDiagnosticsProvider/Operational","560","3488","rjaf-PC4429","S-1-5-21-1634558665-2257203147-3060767804-1000","11/28/2014 8:54:10 AM","fa826ebc-f4a2-4898-9fa6-c832e407c104",,"c:\users\mac_1\desktop\winevt\logs\microsoft-windows-diagnosis-scripteddiagnosticsprovider%4operational.evtx","System.UInt32[]","System.Diagnostics.Eventing.Reader.EventBookmark","Information","Info",,"System.Collections.ObjectModel.ReadOnlyCollection`1[System.String]","System.Collections.Generic.List`1[System.Diagnostics.Eventing.Reader.EventProperty]"
"The diagnostic package index information was successfully loaded from C:\Windows\Diagnostics\Index\NetworkDiagnostics_2_FileShare.xml.","2000","0",,"4","0","0","-9223372036854775808","495","Microsoft-Windows-Diagnosis-ScriptedDiagnosticsProvider","9363ccd9-d429-4452-9adb-2501e704b810","Microsoft-Windows-Diagnosis-ScriptedDiagnosticsProvider/Operational","560","3488","rjaf-PC4429","S-1-5-21-1634558665-2257203147-3060767804-1000","11/28/2014 8:54:10 AM","fa826ebc-f4a2-4898-9fa6-c832e407c104",,"c:\users\mac_1\desktop\winevt\logs\microsoft-windows-diagnosis-scripteddiagnosticsprovider%4operational.evtx","System.UInt32[]","System.Diagnostics.Eventing.Reader.EventBookmark","Information","Info",,"System.Collections.ObjectModel.ReadOnlyCollection`1[System.String]","System.Collections.Generic.List`1[System.Diagnostics.Eventing.Reader.EventProperty]"
"The diagnostic package index information was successfully loaded from C:\Windows\Diagnostics\Index\NetworkDiagnostics_1_Web.xml.","2000","0",,"4","0","0","-9223372036854775808","494","Microsoft-Windows-Diagnosis-ScriptedDiagnosticsProvider","9363ccd9-d429-4452-9adb-2501e704b810","Microsoft-Windows-Diagnosis-ScriptedDiagnosticsProvider/Operational","560","3488","rjaf-PC4429","S-1-5-21-1634558665-2257203147-3060767804-1000","11/28/2014 8:54:10 AM","fa826ebc-f4a2-4898-9fa6-c832e407c104",,"c:\users\mac_1\desktop\winevt\logs\microsoft-windows-diagnosis-scripteddiagnosticsprovider%4operational.evtx","System.UInt32[]","System.Diagnostics.Eventing.Reader.EventBookmark","Information","Info",,"System.Collections.ObjectModel.ReadOnlyCollection`1[System.String]","System.Collections.Generic.List`1[System.Diagnostics.Eventing.Reader.EventProperty]"
"The diagnostic package index information was successfully loaded from C:\Windows\Diagnostics\Index\MaintenanceDiagnostic.xml.","2000","0",,"4","0","0","-9223372036854775808","493","Microsoft-Windows-Diagnosis-ScriptedDiagnosticsProvider","9363ccd9-d429-4452-9adb-2501e704b810","Microsoft-Windows-Diagnosis-ScriptedDiagnosticsProvider/Operational","560","3488","rjaf-PC4429","S-1-5-21-1634558665-2257203147-3060767804-1000","11/28/2014 8:54:10 AM","fa826ebc-f4a2-4898-9fa6-c832e407c104",,"c:\users\mac_1\desktop\winevt\logs\microsoft-windows-diagnosis-scripteddiagnosticsprovider%4operational.evtx","System.UInt32[]","System.Diagnostics.Eventing.Reader.EventBookmark","Information","Info",,"System.Collections.ObjectModel.ReadOnlyCollection`1[System.String]","System.Collections.Generic.List`1[System.Diagnostics.Eventing.Reader.EventProperty]"
"The diagnostic package index information was successfully loaded from C:\Windows\Diagnostics\Index\DeviceDiagnostic.xml.","2000","0",,"4","0","0","-9223372036854775808","492","Microsoft-Windows-Diagnosis-ScriptedDiagnosticsProvider","9363ccd9-d429-4452-9adb-2501e704b810","Microsoft-Windows-Diagnosis-ScriptedDiagnosticsProvider/Operational","560","3488","rjaf-PC4429","S-1-5-21-1634558665-2257203147-3060767804-1000","11/28/2014 8:54:10 AM","fa826ebc-f4a2-4898-9fa6-c832e407c104",,"c:\users\mac_1\desktop\winevt\logs\microsoft-windows-diagnosis-scripteddiagnosticsprovider%4operational.evtx","System.UInt32[]","System.Diagnostics.Eventing.Reader.EventBookmark","Information","Info",,"System.Collections.ObjectModel.ReadOnlyCollection`1[System.String]","System.Collections.Generic.List`1[System.Diagnostics.Eventing.Reader.EventProperty]"
"The diagnostic package index information was successfully loaded from C:\Windows\Diagnostics\Index\DeviceCenterDiagnostic.xml.","2000","0",,"4","0","0","-9223372036854775808","491","Microsoft-Windows-Diagnosis-ScriptedDiagnosticsProvider","9363ccd9-d429-4452-9adb-2501e704b810","Microsoft-Windows-Diagnosis-ScriptedDiagnosticsProvider/Operational","560","3488","rjaf-PC4429","S-1-5-21-1634558665-2257203147-3060767804-1000","11/28/2014 8:54:10 AM","fa826ebc-f4a2-4898-9fa6-c832e407c104",,"c:\users\mac_1\desktop\winevt\logs\microsoft-windows-diagnosis-scripteddiagnosticsprovider%4operational.evtx","System.UInt32[]","System.Diagnostics.Eventing.Reader.EventBookmark","Information","Info",,"System.Collections.ObjectModel.ReadOnlyCollection`1[System.String]","System.Collections.Generic.List`1[System.Diagnostics.Eventing.Reader.EventProperty]"
"The diagnostic package index information was successfully loaded from C:\Windows\Diagnostics\Index\AudioRecordingDiagnostic.xml.","2000","0",,"4","0","0","-9223372036854775808","490","Microsoft-Windows-Diagnosis-ScriptedDiagnosticsProvider","9363ccd9-d429-4452-9adb-2501e704b810","Microsoft-Windows-Diagnosis-ScriptedDiagnosticsProvider/Operational","560","3488","rjaf-PC4429","S-1-5-21-1634558665-2257203147-3060767804-1000","11/28/2014 8:54:10 AM","fa826ebc-f4a2-4898-9fa6-c832e407c104",,"c:\users\mac_1\desktop\winevt\logs\microsoft-windows-diagnosis-scripteddiagnosticsprovider%4operational.evtx","System.UInt32[]","System.Diagnostics.Eventing.Reader.EventBookmark","Information","Info",,"System.Collections.ObjectModel.ReadOnlyCollection`1[System.String]","System.Collections.Generic.List`1[System.Diagnostics.Eventing.Reader.EventProperty]"
"The diagnostic package index information was successfully loaded from C:\Windows\Diagnostics\Index\AudioPlaybackDiagnostic.xml.","2000","0",,"4","0","0","-9223372036854775808","489","Microsoft-Windows-Diagnosis-ScriptedDiagnosticsProvider","9363ccd9-d429-4452-9adb-2501e704b810","Microsoft-Windows-Diagnosis-ScriptedDiagnosticsProvider/Operational","560","3488","rjaf-PC4429","S-1-5-21-1634558665-2257203147-3060767804-1000","11/28/2014 8:54:10 AM","fa826ebc-f4a2-4898-9fa6-c832e407c104",,"c:\users\mac_1\desktop\winevt\logs\microsoft-windows-diagnosis-scripteddiagnosticsprovider%4operational.evtx","System.UInt32[]","System.Diagnostics.Eventing.Reader.EventBookmark","Information","Info",,"System.Collections.ObjectModel.ReadOnlyCollection`1[System.String]","System.Collections.Generic.List`1[System.Diagnostics.Eventing.Reader.EventProperty]"
"The diagnostic package index information was successfully loaded from C:\Windows\Diagnostics\Index\AeroDiagnostic.xml.","2000","0",,"4","0","0","-9223372036854775808","488","Microsoft-Windows-Diagnosis-ScriptedDiagnosticsProvider","9363ccd9-d429-4452-9adb-2501e704b810","Microsoft-Windows-Diagnosis-ScriptedDiagnosticsProvider/Operational","560","3488","rjaf-PC4429","S-1-5-21-1634558665-2257203147-3060767804-1000","11/28/2014 8:54:10 AM","fa826ebc-f4a2-4898-9fa6-c832e407c104",,"c:\users\mac_1\desktop\winevt\logs\microsoft-windows-diagnosis-scripteddiagnosticsprovider%4operational.evtx","System.UInt32[]","System.Diagnostics.Eventing.Reader.EventBookmark","Information","Info",,"System.Collections.ObjectModel.ReadOnlyCollection`1[System.String]","System.Collections.Generic.List`1[System.Diagnostics.Eventing.Reader.EventProperty]"
"Sending request to the remote server wer.microsoft.com at the URL path Responses/v1.0/8789/1033.1033/6.1.7600.1.0.0.0/4/Unknown.  Contents of the request are: Partner=ScriptedDiagnostics&OS=6.1&SP=0.0&Build=7600&SKU=4&Arch=0&Type=1&MobilePc=0&Internal=0&GeoId=244&BIOSMajorRelease=4&BIOSMinorRelease=6&Locale=en-US&LocaleFallback=en-US&OEM=Unknown&Model=Unknown&Family=To+be+filled+by+O.E.M&OEMSKU=To+be+filled+by+O.E.M.&BaseBoardOEM=Intel+Corporation&BaseBoardModel=DH61BF&BaseBoardVersion=AAG81311-101&BIOSVendor=Intel+Corp&BIOSVersion=BFH6110H.86A.0007.2012.1128.1459&BIOSReleaseDate=11Responses/v1.0/8789/1033.1033/6.1.7600.1.0.0.0/4/UnknownF28Responses/v1.0/8789/1033.1033/6.1.7600.1.0.0.0/4/UnknownF2012&kw=Device.","3000","0",,"4","0","0","-9223372036854775808","487","Microsoft-Windows-Diagnosis-ScriptedDiagnosticsProvider","9363ccd9-d429-4452-9adb-2501e704b810","Microsoft-Windows-Diagnosis-ScriptedDiagnosticsProvider/Operational","560","2844","rjaf-PC4429","S-1-5-21-1634558665-2257203147-3060767804-1000","11/28/2014 8:54:10 AM","fa826ebc-f4a2-4898-9fa6-c832e407c104",,"c:\users\mac_1\desktop\winevt\logs\microsoft-windows-diagnosis-scripteddiagnosticsprovider%4operational.evtx","System.UInt32[]","System.Diagnostics.Eventing.Reader.EventBookmark","Information","Info",,"System.Collections.ObjectModel.ReadOnlyCollection`1[System.String]","System.Collections.Generic.List`1[System.Diagnostics.Eventing.Reader.EventProperty]"
"The following system configuration will be used when querying content providers: OS Major Version (6); OS Minor Version (1); Service Pack Major (0); Service Pack Minor (0); Build Number (7600); Product Type (4); Processor Architecture (0); Culture (en-US); System Type (1); OEM (Unknown); Model (Unknown); IsMobilePc (false); IsInternal (false); GeoId (244); Family (To be filled by O.E.M); OEM SKU (To be filled by O.E.M.); Version (NULL); Base Board OEM (Intel Corporation); Base Board Model (DH61BF); Base Board Version (AAG81311-101); BIOS Vendor (Intel Corp); BIOS Version (BFH6110H.86A.0007.2012.1128.1459); BIOS Release Date (11/28/2012); BIOS Major Release (4); BIOS Minor Release (6); Embedded Controller Firmware Major Release (255); Embedded Controller Firmware Minor Release (255).","3014","0",,"4","0","0","-9223372036854775808","486","Microsoft-Windows-Diagnosis-ScriptedDiagnosticsProvider","9363ccd9-d429-4452-9adb-2501e704b810","Microsoft-Windows-Diagnosis-ScriptedDiagnosticsProvider/Operational","560","2844","rjaf-PC4429","S-1-5-21-1634558665-2257203147-3060767804-1000","11/28/2014 8:54:10 AM","fa826ebc-f4a2-4898-9fa6-c832e407c104",,"c:\users\mac_1\desktop\winevt\logs\microsoft-windows-diagnosis-scripteddiagnosticsprovider%4operational.evtx","System.UInt32[]","System.Diagnostics.Eventing.Reader.EventBookmark","Information","Info",,"System.Collections.ObjectModel.ReadOnlyCollection`1[System.String]","System.Collections.Generic.List`1[System.Diagnostics.Eventing.Reader.EventProperty]"
"The Windows Scripted Diagnostic Provider API IDiagnosticProvider Cancel method succeeded.","1010","0",,"4","0","0","-9223372036854775808","485","Microsoft-Windows-Diagnosis-ScriptedDiagnosticsProvider","9363ccd9-d429-4452-9adb-2501e704b810","Microsoft-Windows-Diagnosis-ScriptedDiagnosticsProvider/Operational","560","2300","rjaf-PC4429","S-1-5-21-1634558665-2257203147-3060767804-1000","11/28/2014 8:54:10 AM","ab705596-39fd-437e-83d6-a21457e26e9e",,"c:\users\mac_1\desktop\winevt\logs\microsoft-windows-diagnosis-scripteddiagnosticsprovider%4operational.evtx","System.UInt32[]","System.Diagnostics.Eventing.Reader.EventBookmark","Information","Info",,"System.Collections.ObjectModel.ReadOnlyCollection`1[System.String]","System.Collections.Generic.List`1[System.Diagnostics.Eventing.Reader.EventProperty]"
"The Windows Scripted Diagnostic Provider API IDiagnosticProvider FindDiagnosticsBySearchMetadata method succeeded.  The input Culture/Locale was en-US.  The size of the result set was 1.","1000","0",,"4","0","0","-9223372036854775808","484","Microsoft-Windows-Diagnosis-ScriptedDiagnosticsProvider","9363ccd9-d429-4452-9adb-2501e704b810","Microsoft-Windows-Diagnosis-ScriptedDiagnosticsProvider/Operational","2896","2140","rjaf-PC4429","S-1-5-21-1634558665-2257203147-3060767804-1000","11/28/2014 8:51:27 AM","619bdc07-b613-4fe9-95d6-c37ad5b4b841",,"c:\users\mac_1\desktop\winevt\logs\microsoft-windows-diagnosis-scripteddiagnosticsprovider%4operational.evtx","System.UInt32[]","System.Diagnostics.Eventing.Reader.EventBookmark","Information","Info",,"System.Collections.ObjectModel.ReadOnlyCollection`1[System.String]","System.Collections.Generic.List`1[System.Diagnostics.Eventing.Reader.EventProperty]"
"Parsed valid response from the remote server wer.microsoft.com at the URL path Responses/v1.0/8789/1033.1033/6.1.7600.1.0.0.0/4/Unknown.","3007","0",,"4","0","0","-9223372036854775808","483","Microsoft-Windows-Diagnosis-ScriptedDiagnosticsProvider","9363ccd9-d429-4452-9adb-2501e704b810","Microsoft-Windows-Diagnosis-ScriptedDiagnosticsProvider/Operational","2896","3948","rjaf-PC4429","S-1-5-21-1634558665-2257203147-3060767804-1000","11/28/2014 8:51:27 AM","619bdc07-b613-4fe9-95d6-c37ad5b4b841",,"c:\users\mac_1\desktop\winevt\logs\microsoft-windows-diagnosis-scripteddiagnosticsprovider%4operational.evtx","System.UInt32[]","System.Diagnostics.Eventing.Reader.EventBookmark","Information","Info",,"System.Collections.ObjectModel.ReadOnlyCollection`1[System.String]","System.Collections.Generic.List`1[System.Diagnostics.Eventing.Reader.EventProperty]"
"Received response from the remote server wer.microsoft.com at the URL path Responses/v1.0/8789/1033.1033/6.1.7600.1.0.0.0/4/Unknown.","3006","0",,"4","0","0","-9223372036854775808","482","Microsoft-Windows-Diagnosis-ScriptedDiagnosticsProvider","9363ccd9-d429-4452-9adb-2501e704b810","Microsoft-Windows-Diagnosis-ScriptedDiagnosticsProvider/Operational","2896","3948","rjaf-PC4429","S-1-5-21-1634558665-2257203147-3060767804-1000","11/28/2014 8:51:27 AM","619bdc07-b613-4fe9-95d6-c37ad5b4b841",,"c:\users\mac_1\desktop\winevt\logs\microsoft-windows-diagnosis-scripteddiagnosticsprovider%4operational.evtx","System.UInt32[]","System.Diagnostics.Eventing.Reader.EventBookmark","Information","Info",,"System.Collections.ObjectModel.ReadOnlyCollection`1[System.String]","System.Collections.Generic.List`1[System.Diagnostics.Eventing.Reader.EventProperty]"
"Sending request to the remote server wer.microsoft.com at the URL path Responses/v1.0/8789/1033.1033/6.1.7600.1.0.0.0/4/Unknown.  Contents of the request are: Partner=ScriptedDiagnostics&OS=6.1&SP=0.0&Build=7600&SKU=4&Arch=0&Type=1&MobilePc=0&Internal=0&GeoId=244&BIOSMajorRelease=4&BIOSMinorRelease=6&Locale=en-US&LocaleFallback=en-US&OEM=Unknown&Model=Unknown&Family=To+be+filled+by+O.E.M&OEMSKU=To+be+filled+by+O.E.M.&BaseBoardOEM=Intel+Corporation&BaseBoardModel=DH61BF&BaseBoardVersion=AAG81311-101&BIOSVendor=Intel+Corp&BIOSVersion=BFH6110H.86A.0007.2012.1128.1459&BIOSReleaseDate=11Responses/v1.0/8789/1033.1033/6.1.7600.1.0.0.0/4/UnknownF28Responses/v1.0/8789/1033.1033/6.1.7600.1.0.0.0/4/UnknownF2012&id=AudioPlaybackDiagnostic.","3000","0",,"4","0","0","-9223372036854775808","481","Microsoft-Windows-Diagnosis-ScriptedDiagnosticsProvider","9363ccd9-d429-4452-9adb-2501e704b810","Microsoft-Windows-Diagnosis-ScriptedDiagnosticsProvider/Operational","2896","3948","rjaf-PC4429","S-1-5-21-1634558665-2257203147-3060767804-1000","11/28/2014 8:51:24 AM","619bdc07-b613-4fe9-95d6-c37ad5b4b841",,"c:\users\mac_1\desktop\winevt\logs\microsoft-windows-diagnosis-scripteddiagnosticsprovider%4operational.evtx","System.UInt32[]","System.Diagnostics.Eventing.Reader.EventBookmark","Information","Info",,"System.Collections.ObjectModel.ReadOnlyCollection`1[System.String]","System.Collections.Generic.List`1[System.Diagnostics.Eventing.Reader.EventProperty]"
"The diagnostic package index information was successfully loaded from C:\Windows\Diagnostics\Index\AudioPlaybackDiagnostic.xml.","2000","0",,"4","0","0","-9223372036854775808","480","Microsoft-Windows-Diagnosis-ScriptedDiagnosticsProvider","9363ccd9-d429-4452-9adb-2501e704b810","Microsoft-Windows-Diagnosis-ScriptedDiagnosticsProvider/Operational","2896","3372","rjaf-PC4429","S-1-5-21-1634558665-2257203147-3060767804-1000","11/28/2014 8:51:24 AM","619bdc07-b613-4fe9-95d6-c37ad5b4b841",,"c:\users\mac_1\desktop\winevt\logs\microsoft-windows-diagnosis-scripteddiagnosticsprovider%4operational.evtx","System.UInt32[]","System.Diagnostics.Eventing.Reader.EventBookmark","Information","Info",,"System.Collections.ObjectModel.ReadOnlyCollection`1[System.String]","System.Collections.Generic.List`1[System.Diagnostics.Eventing.Reader.EventProperty]"
"The following system configuration will be used when querying content providers: OS Major Version (6); OS Minor Version (1); Service Pack Major (0); Service Pack Minor (0); Build Number (7600); Product Type (4); Processor Architecture (0); Culture (en-US); System Type (1); OEM (Unknown); Model (Unknown); IsMobilePc (false); IsInternal (false); GeoId (244); Family (To be filled by O.E.M); OEM SKU (To be filled by O.E.M.); Version (NULL); Base Board OEM (Intel Corporation); Base Board Model (DH61BF); Base Board Version (AAG81311-101); BIOS Vendor (Intel Corp); BIOS Version (BFH6110H.86A.0007.2012.1128.1459); BIOS Release Date (11/28/2012); BIOS Major Release (4); BIOS Minor Release (6); Embedded Controller Firmware Major Release (255); Embedded Controller Firmware Minor Release (255).","3014","0",,"4","0","0","-9223372036854775808","479","Microsoft-Windows-Diagnosis-ScriptedDiagnosticsProvider","9363ccd9-d429-4452-9adb-2501e704b810","Microsoft-Windows-Diagnosis-ScriptedDiagnosticsProvider/Operational","2896","3948","rjaf-PC4429","S-1-5-21-1634558665-2257203147-3060767804-1000","11/28/2014 8:51:24 AM","619bdc07-b613-4fe9-95d6-c37ad5b4b841",,"c:\users\mac_1\desktop\winevt\logs\microsoft-windows-diagnosis-scripteddiagnosticsprovider%4operational.evtx","System.UInt32[]","System.Diagnostics.Eventing.Reader.EventBookmark","Information","Info",,"System.Collections.ObjectModel.ReadOnlyCollection`1[System.String]","System.Collections.Generic.List`1[System.Diagnostics.Eventing.Reader.EventProperty]"
"The diagnostic package index information was successfully loaded from C:\Windows\Diagnostics\Index\AeroDiagnostic.xml.","2000","0",,"4","0","0","-9223372036854775808","478","Microsoft-Windows-Diagnosis-ScriptedDiagnosticsProvider","9363ccd9-d429-4452-9adb-2501e704b810","Microsoft-Windows-Diagnosis-ScriptedDiagnosticsProvider/Operational","2896","3372","rjaf-PC4429","S-1-5-21-1634558665-2257203147-3060767804-1000","11/28/2014 8:51:24 AM","619bdc07-b613-4fe9-95d6-c37ad5b4b841",,"c:\users\mac_1\desktop\winevt\logs\microsoft-windows-diagnosis-scripteddiagnosticsprovider%4operational.evtx","System.UInt32[]","System.Diagnostics.Eventing.Reader.EventBookmark","Information","Info",,"System.Collections.ObjectModel.ReadOnlyCollection`1[System.String]","System.Collections.Generic.List`1[System.Diagnostics.Eventing.Reader.EventProperty]"
"The Windows Scripted Diagnostic Provider API IDiagnosticProvider FindDiagnosticsBySearchMetadata method succeeded.  The input Culture/Locale was en-US.  The size of the result set was 1.","1000","0",,"4","0","0","-9223372036854775808","477","Microsoft-Windows-Diagnosis-ScriptedDiagnosticsProvider","9363ccd9-d429-4452-9adb-2501e704b810","Microsoft-Windows-Diagnosis-ScriptedDiagnosticsProvider/Operational","876","2148","rjaf-PC4429","S-1-5-21-1634558665-2257203147-3060767804-1000","11/28/2014 8:51:17 AM","ce76ba09-8598-4066-93e9-c70fa3373621",,"c:\users\mac_1\desktop\winevt\logs\microsoft-windows-diagnosis-scripteddiagnosticsprovider%4operational.evtx","System.UInt32[]","System.Diagnostics.Eventing.Reader.EventBookmark","Information","Info",,"System.Collections.ObjectModel.ReadOnlyCollection`1[System.String]","System.Collections.Generic.List`1[System.Diagnostics.Eventing.Reader.EventProperty]"
"Parsed valid response from the remote server wer.microsoft.com at the URL path Responses/v1.0/8789/1033.1033/6.1.7600.1.0.0.0/4/Unknown.","3007","0",,"4","0","0","-9223372036854775808","476","Microsoft-Windows-Diagnosis-ScriptedDiagnosticsProvider","9363ccd9-d429-4452-9adb-2501e704b810","Microsoft-Windows-Diagnosis-ScriptedDiagnosticsProvider/Operational","876","2304","rjaf-PC4429","S-1-5-21-1634558665-2257203147-3060767804-1000","11/28/2014 8:51:17 AM","ce76ba09-8598-4066-93e9-c70fa3373621",,"c:\users\mac_1\desktop\winevt\logs\microsoft-windows-diagnosis-scripteddiagnosticsprovider%4operational.evtx","System.UInt32[]","System.Diagnostics.Eventing.Reader.EventBookmark","Information","Info",,"System.Collections.ObjectModel.ReadOnlyCollection`1[System.String]","System.Collections.Generic.List`1[System.Diagnostics.Eventing.Reader.EventProperty]"
"Received response from the remote server wer.microsoft.com at the URL path Responses/v1.0/8789/1033.1033/6.1.7600.1.0.0.0/4/Unknown.","3006","0",,"4","0","0","-9223372036854775808","475","Microsoft-Windows-Diagnosis-ScriptedDiagnosticsProvider","9363ccd9-d429-4452-9adb-2501e704b810","Microsoft-Windows-Diagnosis-ScriptedDiagnosticsProvider/Operational","876","2304","rjaf-PC4429","S-1-5-21-1634558665-2257203147-3060767804-1000","11/28/2014 8:51:17 AM","ce76ba09-8598-4066-93e9-c70fa3373621",,"c:\users\mac_1\desktop\winevt\logs\microsoft-windows-diagnosis-scripteddiagnosticsprovider%4operational.evtx","System.UInt32[]","System.Diagnostics.Eventing.Reader.EventBookmark","Information","Info",,"System.Collections.ObjectModel.ReadOnlyCollection`1[System.String]","System.Collections.Generic.List`1[System.Diagnostics.Eventing.Reader.EventProperty]"
"Sending request to the remote server wer.microsoft.com at the URL path Responses/v1.0/8789/1033.1033/6.1.7600.1.0.0.0/4/Unknown.  Contents of the request are: Partner=ScriptedDiagnostics&OS=6.1&SP=0.0&Build=7600&SKU=4&Arch=0&Type=1&MobilePc=0&Internal=0&GeoId=244&BIOSMajorRelease=4&BIOSMinorRelease=6&Locale=en-US&LocaleFallback=en-US&OEM=Unknown&Model=Unknown&Family=To+be+filled+by+O.E.M&OEMSKU=To+be+filled+by+O.E.M.&BaseBoardOEM=Intel+Corporation&BaseBoardModel=DH61BF&BaseBoardVersion=AAG81311-101&BIOSVendor=Intel+Corp&BIOSVersion=BFH6110H.86A.0007.2012.1128.1459&BIOSReleaseDate=11Responses/v1.0/8789/1033.1033/6.1.7600.1.0.0.0/4/UnknownF28Responses/v1.0/8789/1033.1033/6.1.7600.1.0.0.0/4/UnknownF2012&id=AudioPlaybackDiagnostic.","3000","0",,"4","0","0","-9223372036854775808","474","Microsoft-Windows-Diagnosis-ScriptedDiagnosticsProvider","9363ccd9-d429-4452-9adb-2501e704b810","Microsoft-Windows-Diagnosis-ScriptedDiagnosticsProvider/Operational","876","2304","rjaf-PC4429","S-1-5-21-1634558665-2257203147-3060767804-1000","11/28/2014 8:51:16 AM","ce76ba09-8598-4066-93e9-c70fa3373621",,"c:\users\mac_1\desktop\winevt\logs\microsoft-windows-diagnosis-scripteddiagnosticsprovider%4operational.evtx","System.UInt32[]","System.Diagnostics.Eventing.Reader.EventBookmark","Information","Info",,"System.Collections.ObjectModel.ReadOnlyCollection`1[System.String]","System.Collections.Generic.List`1[System.Diagnostics.Eventing.Reader.EventProperty]"
"The diagnostic package index information was successfully loaded from C:\Windows\Diagnostics\Index\AudioPlaybackDiagnostic.xml.","2000","0",,"4","0","0","-9223372036854775808","473","Microsoft-Windows-Diagnosis-ScriptedDiagnosticsProvider","9363ccd9-d429-4452-9adb-2501e704b810","Microsoft-Windows-Diagnosis-ScriptedDiagnosticsProvider/Operational","876","2780","rjaf-PC4429","S-1-5-21-1634558665-2257203147-3060767804-1000","11/28/2014 8:51:16 AM","ce76ba09-8598-4066-93e9-c70fa3373621",,"c:\users\mac_1\desktop\winevt\logs\microsoft-windows-diagnosis-scripteddiagnosticsprovider%4operational.evtx","System.UInt32[]","System.Diagnostics.Eventing.Reader.EventBookmark","Information","Info",,"System.Collections.ObjectModel.ReadOnlyCollection`1[System.String]","System.Collections.Generic.List`1[System.Diagnostics.Eventing.Reader.EventProperty]"
"The following system configuration will be used when querying content providers: OS Major Version (6); OS Minor Version (1); Service Pack Major (0); Service Pack Minor (0); Build Number (7600); Product Type (4); Processor Architecture (0); Culture (en-US); System Type (1); OEM (Unknown); Model (Unknown); IsMobilePc (false); IsInternal (false); GeoId (244); Family (To be filled by O.E.M); OEM SKU (To be filled by O.E.M.); Version (NULL); Base Board OEM (Intel Corporation); Base Board Model (DH61BF); Base Board Version (AAG81311-101); BIOS Vendor (Intel Corp); BIOS Version (BFH6110H.86A.0007.2012.1128.1459); BIOS Release Date (11/28/2012); BIOS Major Release (4); BIOS Minor Release (6); Embedded Controller Firmware Major Release (255); Embedded Controller Firmware Minor Release (255).","3014","0",,"4","0","0","-9223372036854775808","472","Microsoft-Windows-Diagnosis-ScriptedDiagnosticsProvider","9363ccd9-d429-4452-9adb-2501e704b810","Microsoft-Windows-Diagnosis-ScriptedDiagnosticsProvider/Operational","876","2304","rjaf-PC4429","S-1-5-21-1634558665-2257203147-3060767804-1000","11/28/2014 8:51:16 AM","ce76ba09-8598-4066-93e9-c70fa3373621",,"c:\users\mac_1\desktop\winevt\logs\microsoft-windows-diagnosis-scripteddiagnosticsprovider%4operational.evtx","System.UInt32[]","System.Diagnostics.Eventing.Reader.EventBookmark","Information","Info",,"System.Collections.ObjectModel.ReadOnlyCollection`1[System.String]","System.Collections.Generic.List`1[System.Diagnostics.Eventing.Reader.EventProperty]"
"The diagnostic package index information was successfully loaded from C:\Windows\Diagnostics\Index\AeroDiagnostic.xml.","2000","0",,"4","0","0","-9223372036854775808","471","Microsoft-Windows-Diagnosis-ScriptedDiagnosticsProvider","9363ccd9-d429-4452-9adb-2501e704b810","Microsoft-Windows-Diagnosis-ScriptedDiagnosticsProvider/Operational","876","2780","rjaf-PC4429","S-1-5-21-1634558665-2257203147-3060767804-1000","11/28/2014 8:51:16 AM","ce76ba09-8598-4066-93e9-c70fa3373621",,"c:\users\mac_1\desktop\winevt\logs\microsoft-windows-diagnosis-scripteddiagnosticsprovider%4operational.evtx","System.UInt32[]","System.Diagnostics.Eventing.Reader.EventBookmark","Information","Info",,"System.Collections.ObjectModel.ReadOnlyCollection`1[System.String]","System.Collections.Generic.List`1[System.Diagnostics.Eventing.Reader.EventProperty]"
"The Windows Scripted Diagnostic Provider API IDiagnosticProvider FindDiagnosticsBySearchMetadata method succeeded.  The input Culture/Locale was en-US.  The size of the result set was 1.","1000","0",,"4","0","0","-9223372036854775808","470","Microsoft-Windows-Diagnosis-ScriptedDiagnosticsProvider","9363ccd9-d429-4452-9adb-2501e704b810","Microsoft-Windows-Diagnosis-ScriptedDiagnosticsProvider/Operational","2676","2860","rjaf-PC4429","S-1-5-21-1634558665-2257203147-3060767804-1000","11/28/2014 8:50:49 AM","8ea68a17-9ec5-4e3b-a08c-0227b6696834",,"c:\users\mac_1\desktop\winevt\logs\microsoft-windows-diagnosis-scripteddiagnosticsprovider%4operational.evtx","System.UInt32[]","System.Diagnostics.Eventing.Reader.EventBookmark","Information","Info",,"System.Collections.ObjectModel.ReadOnlyCollection`1[System.String]","System.Collections.Generic.List`1[System.Diagnostics.Eventing.Reader.EventProperty]"
"Timed out while communicating with the remote server wer.microsoft.com at the URL path Responses/v1.0/8789/1033.1033/6.1.7600.1.0.0.0/4/Unknown.","3003","0",,"3","0","0","-9223372036854775808","469","Microsoft-Windows-Diagnosis-ScriptedDiagnosticsProvider","9363ccd9-d429-4452-9adb-2501e704b810","Microsoft-Windows-Diagnosis-ScriptedDiagnosticsProvider/Operational","2676","3508","rjaf-PC4429","S-1-5-21-1634558665-2257203147-3060767804-1000","11/28/2014 8:50:49 AM","8ea68a17-9ec5-4e3b-a08c-0227b6696834",,"c:\users\mac_1\desktop\winevt\logs\microsoft-windows-diagnosis-scripteddiagnosticsprovider%4operational.evtx","System.UInt32[]","System.Diagnostics.Eventing.Reader.EventBookmark","Warning","Info",,"System.Collections.ObjectModel.ReadOnlyCollection`1[System.String]","System.Collections.Generic.List`1[System.Diagnostics.Eventing.Reader.EventProperty]"
"The Windows Scripted Diagnostic Provider API IDiagnosticProvider FindDiagnosticsBySearchMetadata method succeeded.  The input Culture/Locale was en-US.  The size of the result set was 1.","1000","0",,"4","0","0","-9223372036854775808","468","Microsoft-Windows-Diagnosis-ScriptedDiagnosticsProvider","9363ccd9-d429-4452-9adb-2501e704b810","Microsoft-Windows-Diagnosis-ScriptedDiagnosticsProvider/Operational","2200","1240","rjaf-PC4429","S-1-5-21-1634558665-2257203147-3060767804-1000","11/28/2014 8:50:44 AM","2d97c83e-f644-4863-ad74-9d0b18bbe432",,"c:\users\mac_1\desktop\winevt\logs\microsoft-windows-diagnosis-scripteddiagnosticsprovider%4operational.evtx","System.UInt32[]","System.Diagnostics.Eventing.Reader.EventBookmark","Information","Info",,"System.Collections.ObjectModel.ReadOnlyCollection`1[System.String]","System.Collections.Generic.List`1[System.Diagnostics.Eventing.Reader.EventProperty]"
"Parsed valid response from the remote server wer.microsoft.com at the URL path Responses/v1.0/8789/1033.1033/6.1.7600.1.0.0.0/4/Unknown.","3007","0",,"4","0","0","-9223372036854775808","467","Microsoft-Windows-Diagnosis-ScriptedDiagnosticsProvider","9363ccd9-d429-4452-9adb-2501e704b810","Microsoft-Windows-Diagnosis-ScriptedDiagnosticsProvider/Operational","2200","208","rjaf-PC4429","S-1-5-21-1634558665-2257203147-3060767804-1000","11/28/2014 8:50:44 AM","2d97c83e-f644-4863-ad74-9d0b18bbe432",,"c:\users\mac_1\desktop\winevt\logs\microsoft-windows-diagnosis-scripteddiagnosticsprovider%4operational.evtx","System.UInt32[]","System.Diagnostics.Eventing.Reader.EventBookmark","Information","Info",,"System.Collections.ObjectModel.ReadOnlyCollection`1[System.String]","System.Collections.Generic.List`1[System.Diagnostics.Eventing.Reader.EventProperty]"
"Received response from the remote server wer.microsoft.com at the URL path Responses/v1.0/8789/1033.1033/6.1.7600.1.0.0.0/4/Unknown.","3006","0",,"4","0","0","-9223372036854775808","466","Microsoft-Windows-Diagnosis-ScriptedDiagnosticsProvider","9363ccd9-d429-4452-9adb-2501e704b810","Microsoft-Windows-Diagnosis-ScriptedDiagnosticsProvider/Operational","2200","208","rjaf-PC4429","S-1-5-21-1634558665-2257203147-3060767804-1000","11/28/2014 8:50:44 AM","2d97c83e-f644-4863-ad74-9d0b18bbe432",,"c:\users\mac_1\desktop\winevt\logs\microsoft-windows-diagnosis-scripteddiagnosticsprovider%4operational.evtx","System.UInt32[]","System.Diagnostics.Eventing.Reader.EventBookmark","Information","Info",,"System.Collections.ObjectModel.ReadOnlyCollection`1[System.String]","System.Collections.Generic.List`1[System.Diagnostics.Eventing.Reader.EventProperty]"
"Sending request to the remote server wer.microsoft.com at the URL path Responses/v1.0/8789/1033.1033/6.1.7600.1.0.0.0/4/Unknown.  Contents of the request are: Partner=ScriptedDiagnostics&OS=6.1&SP=0.0&Build=7600&SKU=4&Arch=0&Type=1&MobilePc=0&Internal=0&GeoId=244&BIOSMajorRelease=4&BIOSMinorRelease=6&Locale=en-US&LocaleFallback=en-US&OEM=Unknown&Model=Unknown&Family=To+be+filled+by+O.E.M&OEMSKU=To+be+filled+by+O.E.M.&BaseBoardOEM=Intel+Corporation&BaseBoardModel=DH61BF&BaseBoardVersion=AAG81311-101&BIOSVendor=Intel+Corp&BIOSVersion=BFH6110H.86A.0007.2012.1128.1459&BIOSReleaseDate=11Responses/v1.0/8789/1033.1033/6.1.7600.1.0.0.0/4/UnknownF28Responses/v1.0/8789/1033.1033/6.1.7600.1.0.0.0/4/UnknownF2012&id=AudioPlaybackDiagnostic.","3000","0",,"4","0","0","-9223372036854775808","465","Microsoft-Windows-Diagnosis-ScriptedDiagnosticsProvider","9363ccd9-d429-4452-9adb-2501e704b810","Microsoft-Windows-Diagnosis-ScriptedDiagnosticsProvider/Operational","2676","3508","rjaf-PC4429","S-1-5-21-1634558665-2257203147-3060767804-1000","11/28/2014 8:50:44 AM","8ea68a17-9ec5-4e3b-a08c-0227b6696834",,"c:\users\mac_1\desktop\winevt\logs\microsoft-windows-diagnosis-scripteddiagnosticsprovider%4operational.evtx","System.UInt32[]","System.Diagnostics.Eventing.Reader.EventBookmark","Information","Info",,"System.Collections.ObjectModel.ReadOnlyCollection`1[System.String]","System.Collections.Generic.List`1[System.Diagnostics.Eventing.Reader.EventProperty]"
"The diagnostic package index information was successfully loaded from C:\Windows\Diagnostics\Index\AudioPlaybackDiagnostic.xml.","2000","0",,"4","0","0","-9223372036854775808","464","Microsoft-Windows-Diagnosis-ScriptedDiagnosticsProvider","9363ccd9-d429-4452-9adb-2501e704b810","Microsoft-Windows-Diagnosis-ScriptedDiagnosticsProvider/Operational","2676","1360","rjaf-PC4429","S-1-5-21-1634558665-2257203147-3060767804-1000","11/28/2014 8:50:44 AM","8ea68a17-9ec5-4e3b-a08c-0227b6696834",,"c:\users\mac_1\desktop\winevt\logs\microsoft-windows-diagnosis-scripteddiagnosticsprovider%4operational.evtx","System.UInt32[]","System.Diagnostics.Eventing.Reader.EventBookmark","Information","Info",,"System.Collections.ObjectModel.ReadOnlyCollection`1[System.String]","System.Collections.Generic.List`1[System.Diagnostics.Eventing.Reader.EventProperty]"
"The following system configuration will be used when querying content providers: OS Major Version (6); OS Minor Version (1); Service Pack Major (0); Service Pack Minor (0); Build Number (7600); Product Type (4); Processor Architecture (0); Culture (en-US); System Type (1); OEM (Unknown); Model (Unknown); IsMobilePc (false); IsInternal (false); GeoId (244); Family (To be filled by O.E.M); OEM SKU (To be filled by O.E.M.); Version (NULL); Base Board OEM (Intel Corporation); Base Board Model (DH61BF); Base Board Version (AAG81311-101); BIOS Vendor (Intel Corp); BIOS Version (BFH6110H.86A.0007.2012.1128.1459); BIOS Release Date (11/28/2012); BIOS Major Release (4); BIOS Minor Release (6); Embedded Controller Firmware Major Release (255); Embedded Controller Firmware Minor Release (255).","3014","0",,"4","0","0","-9223372036854775808","463","Microsoft-Windows-Diagnosis-ScriptedDiagnosticsProvider","9363ccd9-d429-4452-9adb-2501e704b810","Microsoft-Windows-Diagnosis-ScriptedDiagnosticsProvider/Operational","2676","3508","rjaf-PC4429","S-1-5-21-1634558665-2257203147-3060767804-1000","11/28/2014 8:50:44 AM","8ea68a17-9ec5-4e3b-a08c-0227b6696834",,"c:\users\mac_1\desktop\winevt\logs\microsoft-windows-diagnosis-scripteddiagnosticsprovider%4operational.evtx","System.UInt32[]","System.Diagnostics.Eventing.Reader.EventBookmark","Information","Info",,"System.Collections.ObjectModel.ReadOnlyCollection`1[System.String]","System.Collections.Generic.List`1[System.Diagnostics.Eventing.Reader.EventProperty]"
