"Windows has resumed from standby: 
     Standby Duration		:	5889ms
     Standby Incident Time (UTC)	:	?2015?-?03?-?26T12:55:57.681558100Z
     Resume  Duration		:	1233ms
     Resume  Incident Time (UTC)	:	?2015?-?03?-?26T13:08:41.311349600Z
     IsDegradation			:	false","300","1",,"3","4003","36","-9223372036854710272","2316","Microsoft-Windows-Diagnostics-Performance","cfc18ec0-96b1-4eba-961b-622caee05b0a","Microsoft-Windows-Diagnostics-Performance/Operational","1320","1036","rjaf-PC4429","S-1-5-19","3/26/2015 6:08:49 AM","85f03364-089b-0002-b557-c5dc8b67d001",,"c:\users\mac_1\desktop\winevt\logs\microsoft-windows-diagnostics-performance%4operational.evtx","System.UInt32[]","System.Diagnostics.Eventing.Reader.EventBookmark","Warning","Standby Information","Standby Performance Monitoring","System.Collections.ObjectModel.ReadOnlyCollection`1[System.String]","System.Collections.Generic.List`1[System.Diagnostics.Eventing.Reader.EventProperty]"
"Windows has resumed from standby: 
     Standby Duration		:	6982ms
     Standby Incident Time (UTC)	:	?2015?-?03?-?26T11:54:42.937552800Z
     Resume  Duration		:	1215ms
     Resume  Incident Time (UTC)	:	?2015?-?03?-?26T12:22:59.458867200Z
     IsDegradation			:	false","300","1",,"3","4003","36","-9223372036854710272","2315","Microsoft-Windows-Diagnostics-Performance","cfc18ec0-96b1-4eba-961b-622caee05b0a","Microsoft-Windows-Diagnostics-Performance/Operational","1320","3892","rjaf-PC4429","S-1-5-19","3/26/2015 5:23:08 AM","85f02a9c-089b-0001-af57-c5dc8b67d001",,"c:\users\mac_1\desktop\winevt\logs\microsoft-windows-diagnostics-performance%4operational.evtx","System.UInt32[]","System.Diagnostics.Eventing.Reader.EventBookmark","Warning","Standby Information","Standby Performance Monitoring","System.Collections.ObjectModel.ReadOnlyCollection`1[System.String]","System.Collections.Generic.List`1[System.Diagnostics.Eventing.Reader.EventProperty]"
"Windows has resumed from standby: 
     Standby Duration		:	11142ms
     Standby Incident Time (UTC)	:	?2015?-?03?-?26T10:07:43.375243700Z
     Resume  Duration		:	1200ms
     Resume  Incident Time (UTC)	:	?2015?-?03?-?26T11:10:31.715572900Z
     IsDegradation			:	false","300","1",,"3","4003","36","-9223372036854710272","2314","Microsoft-Windows-Diagnostics-Performance","cfc18ec0-96b1-4eba-961b-622caee05b0a","Microsoft-Windows-Diagnostics-Performance/Operational","1320","840","rjaf-PC4429","S-1-5-19","3/26/2015 4:10:39 AM","85f03364-089b-0002-b057-c5dc8b67d001",,"c:\users\mac_1\desktop\winevt\logs\microsoft-windows-diagnostics-performance%4operational.evtx","System.UInt32[]","System.Diagnostics.Eventing.Reader.EventBookmark","Warning","Standby Information","Standby Performance Monitoring","System.Collections.ObjectModel.ReadOnlyCollection`1[System.String]","System.Collections.Generic.List`1[System.Diagnostics.Eventing.Reader.EventProperty]"
"Windows has started up: 
     Boot Duration		:	31747ms
     IsDegradation		:	false
     Incident Time (UTC)	:	?2015?-?03?-?26T06:12:39.578000100Z","100","2",,"3","4002","34","-9223372036854710272","2313","Microsoft-Windows-Diagnostics-Performance","cfc18ec0-96b1-4eba-961b-622caee05b0a","Microsoft-Windows-Diagnostics-Performance/Operational","1320","1332","rjaf-PC4429","S-1-5-19","3/25/2015 11:14:31 PM","85f03364-089b-0002-a557-c5dc8b67d001",,"c:\users\mac_1\desktop\winevt\logs\microsoft-windows-diagnostics-performance%4operational.evtx","System.UInt32[]","System.Diagnostics.Eventing.Reader.EventBookmark","Warning","Boot Information","Boot Performance Monitoring","System.Collections.ObjectModel.ReadOnlyCollection`1[System.String]","System.Collections.Generic.List`1[System.Diagnostics.Eventing.Reader.EventProperty]"
"Windows has resumed from standby: 
     Standby Duration		:	5471ms
     Standby Incident Time (UTC)	:	?2015?-?03?-?25T17:53:05.450911700Z
     Resume  Duration		:	1166ms
     Resume  Incident Time (UTC)	:	?2015?-?03?-?25T18:43:13.675329000Z
     IsDegradation			:	false","300","1",,"3","4003","36","-9223372036854710272","2312","Microsoft-Windows-Diagnostics-Performance","cfc18ec0-96b1-4eba-961b-622caee05b0a","Microsoft-Windows-Diagnostics-Performance/Operational","1348","188","rjaf-PC4429","S-1-5-19","3/25/2015 11:43:27 AM","85f03364-289b-0002-93c7-54bbce66d001",,"c:\users\mac_1\desktop\winevt\logs\microsoft-windows-diagnostics-performance%4operational.evtx","System.UInt32[]","System.Diagnostics.Eventing.Reader.EventBookmark","Warning","Standby Information","Standby Performance Monitoring","System.Collections.ObjectModel.ReadOnlyCollection`1[System.String]","System.Collections.Generic.List`1[System.Diagnostics.Eventing.Reader.EventProperty]"
"Windows has resumed from standby: 
     Standby Duration		:	6077ms
     Standby Incident Time (UTC)	:	?2015?-?03?-?25T16:02:05.946788800Z
     Resume  Duration		:	1181ms
     Resume  Incident Time (UTC)	:	?2015?-?03?-?25T17:22:54.003050800Z
     IsDegradation			:	false","300","1",,"3","4003","36","-9223372036854710272","2311","Microsoft-Windows-Diagnostics-Performance","cfc18ec0-96b1-4eba-961b-622caee05b0a","Microsoft-Windows-Diagnostics-Performance/Operational","1348","2160","rjaf-PC4429","S-1-5-19","3/25/2015 10:23:08 AM","85f02a9c-289b-0001-91c7-54bbce66d001",,"c:\users\mac_1\desktop\winevt\logs\microsoft-windows-diagnostics-performance%4operational.evtx","System.UInt32[]","System.Diagnostics.Eventing.Reader.EventBookmark","Warning","Standby Information","Standby Performance Monitoring","System.Collections.ObjectModel.ReadOnlyCollection`1[System.String]","System.Collections.Generic.List`1[System.Diagnostics.Eventing.Reader.EventProperty]"
"Windows has resumed from standby: 
     Standby Duration		:	8164ms
     Standby Incident Time (UTC)	:	?2015?-?03?-?25T14:51:36.240551900Z
     Resume  Duration		:	1220ms
     Resume  Incident Time (UTC)	:	?2015?-?03?-?25T15:31:37.505245300Z
     IsDegradation			:	false","300","1",,"3","4003","36","-9223372036854710272","2310","Microsoft-Windows-Diagnostics-Performance","cfc18ec0-96b1-4eba-961b-622caee05b0a","Microsoft-Windows-Diagnostics-Performance/Operational","1348","3844","rjaf-PC4429","S-1-5-19","3/25/2015 8:31:51 AM","85f03364-289b-0002-92c7-54bbce66d001",,"c:\users\mac_1\desktop\winevt\logs\microsoft-windows-diagnostics-performance%4operational.evtx","System.UInt32[]","System.Diagnostics.Eventing.Reader.EventBookmark","Warning","Standby Information","Standby Performance Monitoring","System.Collections.ObjectModel.ReadOnlyCollection`1[System.String]","System.Collections.Generic.List`1[System.Diagnostics.Eventing.Reader.EventProperty]"
"Windows has resumed from standby: 
     Standby Duration		:	6447ms
     Standby Incident Time (UTC)	:	?2015?-?03?-?25T12:54:21.595463100Z
     Resume  Duration		:	1293ms
     Resume  Incident Time (UTC)	:	?2015?-?03?-?25T13:34:37.858230500Z
     IsDegradation			:	false","300","1",,"3","4003","36","-9223372036854710272","2309","Microsoft-Windows-Diagnostics-Performance","cfc18ec0-96b1-4eba-961b-622caee05b0a","Microsoft-Windows-Diagnostics-Performance/Operational","1348","1780","rjaf-PC4429","S-1-5-19","3/25/2015 6:34:51 AM","85f03c9c-289b-0003-89c7-54bbce66d001",,"c:\users\mac_1\desktop\winevt\logs\microsoft-windows-diagnostics-performance%4operational.evtx","System.UInt32[]","System.Diagnostics.Eventing.Reader.EventBookmark","Warning","Standby Information","Standby Performance Monitoring","System.Collections.ObjectModel.ReadOnlyCollection`1[System.String]","System.Collections.Generic.List`1[System.Diagnostics.Eventing.Reader.EventProperty]"
"Windows has resumed from standby: 
     Standby Duration		:	8385ms
     Standby Incident Time (UTC)	:	?2015?-?03?-?25T11:02:52.056298700Z
     Resume  Duration		:	1201ms
     Resume  Incident Time (UTC)	:	?2015?-?03?-?25T12:08:28.419761700Z
     IsDegradation			:	false","300","1",,"3","4003","36","-9223372036854710272","2308","Microsoft-Windows-Diagnostics-Performance","cfc18ec0-96b1-4eba-961b-622caee05b0a","Microsoft-Windows-Diagnostics-Performance/Operational","1348","3788","rjaf-PC4429","S-1-5-19","3/25/2015 5:08:37 AM","85f03364-289b-0002-8ec7-54bbce66d001",,"c:\users\mac_1\desktop\winevt\logs\microsoft-windows-diagnostics-performance%4operational.evtx","System.UInt32[]","System.Diagnostics.Eventing.Reader.EventBookmark","Warning","Standby Information","Standby Performance Monitoring","System.Collections.ObjectModel.ReadOnlyCollection`1[System.String]","System.Collections.Generic.List`1[System.Diagnostics.Eventing.Reader.EventProperty]"
"Windows has resumed from standby: 
     Standby Duration		:	9140ms
     Standby Incident Time (UTC)	:	?2015?-?03?-?25T08:46:22.665717700Z
     Resume  Duration		:	1214ms
     Resume  Incident Time (UTC)	:	?2015?-?03?-?25T10:19:55.868147900Z
     IsDegradation			:	false","300","1",,"3","4003","36","-9223372036854710272","2307","Microsoft-Windows-Diagnostics-Performance","cfc18ec0-96b1-4eba-961b-622caee05b0a","Microsoft-Windows-Diagnostics-Performance/Operational","1348","1836","rjaf-PC4429","S-1-5-19","3/25/2015 3:20:04 AM","85f02a9c-289b-0001-8ec7-54bbce66d001",,"c:\users\mac_1\desktop\winevt\logs\microsoft-windows-diagnostics-performance%4operational.evtx","System.UInt32[]","System.Diagnostics.Eventing.Reader.EventBookmark","Warning","Standby Information","Standby Performance Monitoring","System.Collections.ObjectModel.ReadOnlyCollection`1[System.String]","System.Collections.Generic.List`1[System.Diagnostics.Eventing.Reader.EventProperty]"
"This driver took longer to initialize, resulting in a performance degradation in the system start up process: 
     File Name		:	Null
     Friendly Name		:	
     Version		:	
     Total Time		:	491ms
     Degradation Time	:	421ms
     Incident Time (UTC)	:	?2015?-?03?-?25T07:38:48.593600100Z","102","1",,"3","4002","33","-9223372036854710272","2306","Microsoft-Windows-Diagnostics-Performance","cfc18ec0-96b1-4eba-961b-622caee05b0a","Microsoft-Windows-Diagnostics-Performance/Operational","1348","612","rjaf-PC4429","S-1-5-19","3/25/2015 12:40:42 AM","85f03c9c-289b-0003-83c7-54bbce66d001",,"c:\users\mac_1\desktop\winevt\logs\microsoft-windows-diagnostics-performance%4operational.evtx","System.UInt32[]","System.Diagnostics.Eventing.Reader.EventBookmark","Warning","Boot Degradation","Boot Performance Monitoring","System.Collections.ObjectModel.ReadOnlyCollection`1[System.String]","System.Collections.Generic.List`1[System.Diagnostics.Eventing.Reader.EventProperty]"
"Windows has started up: 
     Boot Duration		:	26988ms
     IsDegradation		:	false
     Incident Time (UTC)	:	?2015?-?03?-?25T07:38:48.593600100Z","100","2",,"3","4002","34","-9223372036854710272","2305","Microsoft-Windows-Diagnostics-Performance","cfc18ec0-96b1-4eba-961b-622caee05b0a","Microsoft-Windows-Diagnostics-Performance/Operational","1348","612","rjaf-PC4429","S-1-5-19","3/25/2015 12:40:42 AM","85f03c9c-289b-0003-83c7-54bbce66d001",,"c:\users\mac_1\desktop\winevt\logs\microsoft-windows-diagnostics-performance%4operational.evtx","System.UInt32[]","System.Diagnostics.Eventing.Reader.EventBookmark","Warning","Boot Information","Boot Performance Monitoring","System.Collections.ObjectModel.ReadOnlyCollection`1[System.String]","System.Collections.Generic.List`1[System.Diagnostics.Eventing.Reader.EventProperty]"
"Windows has resumed from standby: 
     Standby Duration		:	6001ms
     Standby Incident Time (UTC)	:	?2015?-?03?-?24T16:06:22.051766200Z
     Resume  Duration		:	1306ms
     Resume  Incident Time (UTC)	:	?2015?-?03?-?24T16:21:28.088982700Z
     IsDegradation			:	false","300","1",,"3","4003","36","-9223372036854710272","2304","Microsoft-Windows-Diagnostics-Performance","cfc18ec0-96b1-4eba-961b-622caee05b0a","Microsoft-Windows-Diagnostics-Performance/Operational","1312","952","rjaf-PC4429","S-1-5-19","3/24/2015 9:21:49 AM","85f03364-d89b-0002-aea4-dd3cd364d001",,"c:\users\mac_1\desktop\winevt\logs\microsoft-windows-diagnostics-performance%4operational.evtx","System.UInt32[]","System.Diagnostics.Eventing.Reader.EventBookmark","Warning","Standby Information","Standby Performance Monitoring","System.Collections.ObjectModel.ReadOnlyCollection`1[System.String]","System.Collections.Generic.List`1[System.Diagnostics.Eventing.Reader.EventProperty]"
"Windows has resumed from standby: 
     Standby Duration		:	6192ms
     Standby Incident Time (UTC)	:	?2015?-?03?-?24T10:50:53.725881100Z
     Resume  Duration		:	1216ms
     Resume  Incident Time (UTC)	:	?2015?-?03?-?24T15:36:08.239754200Z
     IsDegradation			:	false","300","1",,"3","4003","36","-9223372036854710272","2303","Microsoft-Windows-Diagnostics-Performance","cfc18ec0-96b1-4eba-961b-622caee05b0a","Microsoft-Windows-Diagnostics-Performance/Operational","1312","2228","rjaf-PC4429","S-1-5-19","3/24/2015 8:36:29 AM","00000000-5b28-0000-aca4-dd3cd364d001",,"c:\users\mac_1\desktop\winevt\logs\microsoft-windows-diagnostics-performance%4operational.evtx","System.UInt32[]","System.Diagnostics.Eventing.Reader.EventBookmark","Warning","Standby Information","Standby Performance Monitoring","System.Collections.ObjectModel.ReadOnlyCollection`1[System.String]","System.Collections.Generic.List`1[System.Diagnostics.Eventing.Reader.EventProperty]"
"Windows has resumed from standby: 
     Standby Duration		:	6588ms
     Standby Incident Time (UTC)	:	?2015?-?03?-?24T09:47:08.851350800Z
     Resume  Duration		:	1189ms
     Resume  Incident Time (UTC)	:	?2015?-?03?-?24T09:48:33.006245800Z
     IsDegradation			:	false","300","1",,"3","4003","36","-9223372036854710272","2302","Microsoft-Windows-Diagnostics-Performance","cfc18ec0-96b1-4eba-961b-622caee05b0a","Microsoft-Windows-Diagnostics-Performance/Operational","1312","1456","rjaf-PC4429","S-1-5-19","3/24/2015 2:48:51 AM","00000000-5b28-0000-aba4-dd3cd364d001",,"c:\users\mac_1\desktop\winevt\logs\microsoft-windows-diagnostics-performance%4operational.evtx","System.UInt32[]","System.Diagnostics.Eventing.Reader.EventBookmark","Warning","Standby Information","Standby Performance Monitoring","System.Collections.ObjectModel.ReadOnlyCollection`1[System.String]","System.Collections.Generic.List`1[System.Diagnostics.Eventing.Reader.EventProperty]"
"Windows has resumed from standby: 
     Standby Duration		:	8290ms
     Standby Incident Time (UTC)	:	?2015?-?03?-?24T08:04:39.246046700Z
     Resume  Duration		:	1213ms
     Resume  Incident Time (UTC)	:	?2015?-?03?-?24T08:44:40.130089900Z
     IsDegradation			:	false","300","1",,"3","4003","36","-9223372036854710272","2301","Microsoft-Windows-Diagnostics-Performance","cfc18ec0-96b1-4eba-961b-622caee05b0a","Microsoft-Windows-Diagnostics-Performance/Operational","1312","3756","rjaf-PC4429","S-1-5-19","3/24/2015 1:44:59 AM","85f02a9c-d89b-0001-b1a4-dd3cd364d001",,"c:\users\mac_1\desktop\winevt\logs\microsoft-windows-diagnostics-performance%4operational.evtx","System.UInt32[]","System.Diagnostics.Eventing.Reader.EventBookmark","Warning","Standby Information","Standby Performance Monitoring","System.Collections.ObjectModel.ReadOnlyCollection`1[System.String]","System.Collections.Generic.List`1[System.Diagnostics.Eventing.Reader.EventProperty]"
"Windows has resumed from standby: 
     Standby Duration		:	7512ms
     Standby Incident Time (UTC)	:	?2015?-?03?-?24T01:02:56.342356700Z
     Resume  Duration		:	1227ms
     Resume  Incident Time (UTC)	:	?2015?-?03?-?24T06:38:19.528453100Z
     IsDegradation			:	false","300","1",,"3","4003","36","-9223372036854710272","2300","Microsoft-Windows-Diagnostics-Performance","cfc18ec0-96b1-4eba-961b-622caee05b0a","Microsoft-Windows-Diagnostics-Performance/Operational","1312","2264","rjaf-PC4429","S-1-5-19","3/23/2015 11:38:38 PM","85f03364-d89b-0002-ada4-dd3cd364d001",,"c:\users\mac_1\desktop\winevt\logs\microsoft-windows-diagnostics-performance%4operational.evtx","System.UInt32[]","System.Diagnostics.Eventing.Reader.EventBookmark","Warning","Standby Information","Standby Performance Monitoring","System.Collections.ObjectModel.ReadOnlyCollection`1[System.String]","System.Collections.Generic.List`1[System.Diagnostics.Eventing.Reader.EventProperty]"
"Windows has resumed from standby: 
     Standby Duration		:	7682ms
     Standby Incident Time (UTC)	:	?2015?-?03?-?23T22:57:12.051068000Z
     Resume  Duration		:	1212ms
     Resume  Incident Time (UTC)	:	?2015?-?03?-?24T01:00:03.494972000Z
     IsDegradation			:	false","300","1",,"3","4003","36","-9223372036854710272","2299","Microsoft-Windows-Diagnostics-Performance","cfc18ec0-96b1-4eba-961b-622caee05b0a","Microsoft-Windows-Diagnostics-Performance/Operational","1312","2264","rjaf-PC4429","S-1-5-19","3/23/2015 6:00:20 PM","85f03c9c-d89b-0003-b6a4-dd3cd364d001",,"c:\users\mac_1\desktop\winevt\logs\microsoft-windows-diagnostics-performance%4operational.evtx","System.UInt32[]","System.Diagnostics.Eventing.Reader.EventBookmark","Warning","Standby Information","Standby Performance Monitoring","System.Collections.ObjectModel.ReadOnlyCollection`1[System.String]","System.Collections.Generic.List`1[System.Diagnostics.Eventing.Reader.EventProperty]"
"Windows has resumed from standby: 
     Standby Duration		:	7358ms
     Standby Incident Time (UTC)	:	?2015?-?03?-?23T21:36:27.410192500Z
     Resume  Duration		:	1225ms
     Resume  Incident Time (UTC)	:	?2015?-?03?-?23T22:23:21.275775400Z
     IsDegradation			:	false","300","1",,"3","4003","36","-9223372036854710272","2298","Microsoft-Windows-Diagnostics-Performance","cfc18ec0-96b1-4eba-961b-622caee05b0a","Microsoft-Windows-Diagnostics-Performance/Operational","1312","2916","rjaf-PC4429","S-1-5-19","3/23/2015 3:23:37 PM","85f03c9c-d89b-0003-b3a4-dd3cd364d001",,"c:\users\mac_1\desktop\winevt\logs\microsoft-windows-diagnostics-performance%4operational.evtx","System.UInt32[]","System.Diagnostics.Eventing.Reader.EventBookmark","Warning","Standby Information","Standby Performance Monitoring","System.Collections.ObjectModel.ReadOnlyCollection`1[System.String]","System.Collections.Generic.List`1[System.Diagnostics.Eventing.Reader.EventProperty]"
"Windows has resumed from standby: 
     Standby Duration		:	7511ms
     Standby Incident Time (UTC)	:	?2015?-?03?-?23T18:42:43.005484400Z
     Resume  Duration		:	1211ms
     Resume  Incident Time (UTC)	:	?2015?-?03?-?23T19:50:44.742438900Z
     IsDegradation			:	false","300","1",,"3","4003","36","-9223372036854710272","2297","Microsoft-Windows-Diagnostics-Performance","cfc18ec0-96b1-4eba-961b-622caee05b0a","Microsoft-Windows-Diagnostics-Performance/Operational","1312","3988","rjaf-PC4429","S-1-5-19","3/23/2015 12:51:00 PM","85f02a9c-d89b-0001-a9a4-dd3cd364d001",,"c:\users\mac_1\desktop\winevt\logs\microsoft-windows-diagnostics-performance%4operational.evtx","System.UInt32[]","System.Diagnostics.Eventing.Reader.EventBookmark","Warning","Standby Information","Standby Performance Monitoring","System.Collections.ObjectModel.ReadOnlyCollection`1[System.String]","System.Collections.Generic.List`1[System.Diagnostics.Eventing.Reader.EventProperty]"
"Windows has resumed from standby: 
     Standby Duration		:	8775ms
     Standby Incident Time (UTC)	:	?2015?-?03?-?23T10:37:30.672022800Z
     Resume  Duration		:	1179ms
     Resume  Incident Time (UTC)	:	?2015?-?03?-?23T18:07:58.212225800Z
     IsDegradation			:	false","300","1",,"3","4003","36","-9223372036854710272","2296","Microsoft-Windows-Diagnostics-Performance","cfc18ec0-96b1-4eba-961b-622caee05b0a","Microsoft-Windows-Diagnostics-Performance/Operational","1312","2808","rjaf-PC4429","S-1-5-19","3/23/2015 11:08:13 AM","00000000-5b28-0000-a7a4-dd3cd364d001",,"c:\users\mac_1\desktop\winevt\logs\microsoft-windows-diagnostics-performance%4operational.evtx","System.UInt32[]","System.Diagnostics.Eventing.Reader.EventBookmark","Warning","Standby Information","Standby Performance Monitoring","System.Collections.ObjectModel.ReadOnlyCollection`1[System.String]","System.Collections.Generic.List`1[System.Diagnostics.Eventing.Reader.EventProperty]"
"Windows has resumed from standby: 
     Standby Duration		:	9045ms
     Standby Incident Time (UTC)	:	?2015?-?03?-?23T08:54:46.039050100Z
     Resume  Duration		:	1228ms
     Resume  Incident Time (UTC)	:	?2015?-?03?-?23T09:41:39.928587100Z
     IsDegradation			:	false","300","1",,"3","4003","36","-9223372036854710272","2295","Microsoft-Windows-Diagnostics-Performance","cfc18ec0-96b1-4eba-961b-622caee05b0a","Microsoft-Windows-Diagnostics-Performance/Operational","1312","2760","rjaf-PC4429","S-1-5-19","3/23/2015 2:41:51 AM","00000000-5b28-0000-a5a4-dd3cd364d001",,"c:\users\mac_1\desktop\winevt\logs\microsoft-windows-diagnostics-performance%4operational.evtx","System.UInt32[]","System.Diagnostics.Eventing.Reader.EventBookmark","Warning","Standby Information","Standby Performance Monitoring","System.Collections.ObjectModel.ReadOnlyCollection`1[System.String]","System.Collections.Generic.List`1[System.Diagnostics.Eventing.Reader.EventProperty]"
"Windows has resumed from standby: 
     Standby Duration		:	5903ms
     Standby Incident Time (UTC)	:	?2015?-?03?-?22T20:11:50.207430000Z
     Resume  Duration		:	1227ms
     Resume  Incident Time (UTC)	:	?2015?-?03?-?23T07:48:41.320333800Z
     IsDegradation			:	false","300","1",,"3","4003","36","-9223372036854710272","2294","Microsoft-Windows-Diagnostics-Performance","cfc18ec0-96b1-4eba-961b-622caee05b0a","Microsoft-Windows-Diagnostics-Performance/Operational","1312","3888","rjaf-PC4429","S-1-5-19","3/23/2015 12:48:53 AM","85f03c9c-d89b-0003-a5a4-dd3cd364d001",,"c:\users\mac_1\desktop\winevt\logs\microsoft-windows-diagnostics-performance%4operational.evtx","System.UInt32[]","System.Diagnostics.Eventing.Reader.EventBookmark","Warning","Standby Information","Standby Performance Monitoring","System.Collections.ObjectModel.ReadOnlyCollection`1[System.String]","System.Collections.Generic.List`1[System.Diagnostics.Eventing.Reader.EventProperty]"
"Windows has resumed from standby: 
     Standby Duration		:	10864ms
     Standby Incident Time (UTC)	:	?2015?-?03?-?22T19:39:35.298987500Z
     Resume  Duration		:	1213ms
     Resume  Incident Time (UTC)	:	?2015?-?03?-?22T19:41:01.422934200Z
     IsDegradation			:	false","300","1",,"3","4003","36","-9223372036854710272","2293","Microsoft-Windows-Diagnostics-Performance","cfc18ec0-96b1-4eba-961b-622caee05b0a","Microsoft-Windows-Diagnostics-Performance/Operational","1312","2976","rjaf-PC4429","S-1-5-19","3/22/2015 12:41:08 PM","00000000-5b28-0000-a3a4-dd3cd364d001",,"c:\users\mac_1\desktop\winevt\logs\microsoft-windows-diagnostics-performance%4operational.evtx","System.UInt32[]","System.Diagnostics.Eventing.Reader.EventBookmark","Warning","Standby Information","Standby Performance Monitoring","System.Collections.ObjectModel.ReadOnlyCollection`1[System.String]","System.Collections.Generic.List`1[System.Diagnostics.Eventing.Reader.EventProperty]"
"Windows has started up: 
     Boot Duration		:	52073ms
     IsDegradation		:	false
     Incident Time (UTC)	:	?2015?-?03?-?22T19:06:01.578000100Z","100","2",,"3","4002","34","-9223372036854710272","2292","Microsoft-Windows-Diagnostics-Performance","cfc18ec0-96b1-4eba-961b-622caee05b0a","Microsoft-Windows-Diagnostics-Performance/Operational","1312","2036","rjaf-PC4429","S-1-5-19","3/22/2015 12:08:02 PM","85f02a9c-d89b-0001-a3a4-dd3cd364d001",,"c:\users\mac_1\desktop\winevt\logs\microsoft-windows-diagnostics-performance%4operational.evtx","System.UInt32[]","System.Diagnostics.Eventing.Reader.EventBookmark","Warning","Boot Information","Boot Performance Monitoring","System.Collections.ObjectModel.ReadOnlyCollection`1[System.String]","System.Collections.Generic.List`1[System.Diagnostics.Eventing.Reader.EventProperty]"
"Windows has resumed from standby: 
     Standby Duration		:	6601ms
     Standby Incident Time (UTC)	:	?2015?-?03?-?22T18:24:50.739225700Z
     Resume  Duration		:	1223ms
     Resume  Incident Time (UTC)	:	?2015?-?03?-?22T18:38:00.704431600Z
     IsDegradation			:	false","300","1",,"3","4003","36","-9223372036854710272","2291","Microsoft-Windows-Diagnostics-Performance","cfc18ec0-96b1-4eba-961b-622caee05b0a","Microsoft-Windows-Diagnostics-Performance/Operational","1368","3720","rjaf-PC4429","S-1-5-19","3/22/2015 11:38:10 AM","85f03364-889b-0002-28d6-a32c8f64d001",,"c:\users\mac_1\desktop\winevt\logs\microsoft-windows-diagnostics-performance%4operational.evtx","System.UInt32[]","System.Diagnostics.Eventing.Reader.EventBookmark","Warning","Standby Information","Standby Performance Monitoring","System.Collections.ObjectModel.ReadOnlyCollection`1[System.String]","System.Collections.Generic.List`1[System.Diagnostics.Eventing.Reader.EventProperty]"
"This driver caused a delay during standby while servicing a device:
     Driver File Name		:	\Driver\HdAudAddService
     Driver Friendly Name		:	High Definition Audio Function Driver
     Driver Version			:	6.1.7600.16385 (win7_rtm.090713-1255)
     Driver Total Time		:	30ms
     Driver Degradation Time	:	12ms
     Incident Time (UTC)		:	?2015?-?03?-?22T15:15:21.579268600Z
     Device Name			:	HDAUDIO\FUNC_01&VEN_10EC&DEV_0662&SUBSYS_8086204E&REV_1001\4&21abbdd3&0&0001
     Device Friendly Name		:	High Definition Audio Device
     Device Total Time		:	31ms
     Device Degradation Time	:	0ms","302","1",,"3","4003","35","-9223372036854710272","2290","Microsoft-Windows-Diagnostics-Performance","cfc18ec0-96b1-4eba-961b-622caee05b0a","Microsoft-Windows-Diagnostics-Performance/Operational","1368","2656","rjaf-PC4429","S-1-5-19","3/22/2015 10:36:24 AM","85f03364-889b-0002-27d6-a32c8f64d001",,"c:\users\mac_1\desktop\winevt\logs\microsoft-windows-diagnostics-performance%4operational.evtx","System.UInt32[]","System.Diagnostics.Eventing.Reader.EventBookmark","Warning","Standby Degradation","Standby Performance Monitoring","System.Collections.ObjectModel.ReadOnlyCollection`1[System.String]","System.Collections.Generic.List`1[System.Diagnostics.Eventing.Reader.EventProperty]"
"Windows has resumed from standby: 
     Standby Duration		:	6817ms
     Standby Incident Time (UTC)	:	?2015?-?03?-?22T15:15:21.579268600Z
     Resume  Duration		:	1282ms
     Resume  Incident Time (UTC)	:	?2015?-?03?-?22T17:36:14.851094700Z
     IsDegradation			:	false","300","1",,"3","4003","36","-9223372036854710272","2289","Microsoft-Windows-Diagnostics-Performance","cfc18ec0-96b1-4eba-961b-622caee05b0a","Microsoft-Windows-Diagnostics-Performance/Operational","1368","2656","rjaf-PC4429","S-1-5-19","3/22/2015 10:36:24 AM","85f03364-889b-0002-27d6-a32c8f64d001",,"c:\users\mac_1\desktop\winevt\logs\microsoft-windows-diagnostics-performance%4operational.evtx","System.UInt32[]","System.Diagnostics.Eventing.Reader.EventBookmark","Warning","Standby Information","Standby Performance Monitoring","System.Collections.ObjectModel.ReadOnlyCollection`1[System.String]","System.Collections.Generic.List`1[System.Diagnostics.Eventing.Reader.EventProperty]"
"Windows has resumed from standby: 
     Standby Duration		:	11651ms
     Standby Incident Time (UTC)	:	?2015?-?03?-?22T11:32:37.410636800Z
     Resume  Duration		:	1202ms
     Resume  Incident Time (UTC)	:	?2015?-?03?-?22T13:39:51.753034500Z
     IsDegradation			:	false","300","1",,"3","4003","36","-9223372036854710272","2288","Microsoft-Windows-Diagnostics-Performance","cfc18ec0-96b1-4eba-961b-622caee05b0a","Microsoft-Windows-Diagnostics-Performance/Operational","1368","2128","rjaf-PC4429","S-1-5-19","3/22/2015 6:39:59 AM","85f03364-889b-0002-26d6-a32c8f64d001",,"c:\users\mac_1\desktop\winevt\logs\microsoft-windows-diagnostics-performance%4operational.evtx","System.UInt32[]","System.Diagnostics.Eventing.Reader.EventBookmark","Warning","Standby Information","Standby Performance Monitoring","System.Collections.ObjectModel.ReadOnlyCollection`1[System.String]","System.Collections.Generic.List`1[System.Diagnostics.Eventing.Reader.EventProperty]"
"Windows has started up: 
     Boot Duration		:	28243ms
     IsDegradation		:	false
     Incident Time (UTC)	:	?2015?-?03?-?22T10:58:48.578000100Z","100","2",,"3","4002","34","-9223372036854710272","2287","Microsoft-Windows-Diagnostics-Performance","cfc18ec0-96b1-4eba-961b-622caee05b0a","Microsoft-Windows-Diagnostics-Performance/Operational","1368","292","rjaf-PC4429","S-1-5-19","3/22/2015 4:00:55 AM","85f03364-889b-0002-24d6-a32c8f64d001",,"c:\users\mac_1\desktop\winevt\logs\microsoft-windows-diagnostics-performance%4operational.evtx","System.UInt32[]","System.Diagnostics.Eventing.Reader.EventBookmark","Warning","Boot Information","Boot Performance Monitoring","System.Collections.ObjectModel.ReadOnlyCollection`1[System.String]","System.Collections.Generic.List`1[System.Diagnostics.Eventing.Reader.EventProperty]"
"Windows has shutdown: 
     Shutdown Duration	:	60890ms
     IsDegradation		:	true
     Incident Time (UTC)	:	?2015?-?03?-?22T10:57:21.550396800Z","200","1",,"2","4007","40","-9223372036854710272","2286","Microsoft-Windows-Diagnostics-Performance","cfc18ec0-96b1-4eba-961b-622caee05b0a","Microsoft-Windows-Diagnostics-Performance/Operational","1368","1992","rjaf-PC4429","S-1-5-19","3/22/2015 4:00:55 AM","85f03364-889b-0002-23d6-a32c8f64d001",,"c:\users\mac_1\desktop\winevt\logs\microsoft-windows-diagnostics-performance%4operational.evtx","System.UInt32[]","System.Diagnostics.Eventing.Reader.EventBookmark","Error","Shutdown Information","Shutdown Performance Monitoring","System.Collections.ObjectModel.ReadOnlyCollection`1[System.String]","System.Collections.Generic.List`1[System.Diagnostics.Eventing.Reader.EventProperty]"
"Windows has shutdown: 
     Shutdown Duration	:	56789ms
     IsDegradation		:	false
     Incident Time (UTC)	:	?2015?-?03?-?21T19:14:39.367042300Z","200","1",,"3","4007","40","-9223372036854710272","2285","Microsoft-Windows-Diagnostics-Performance","cfc18ec0-96b1-4eba-961b-622caee05b0a","Microsoft-Windows-Diagnostics-Performance/Operational","1332","2024","rjaf-PC4429","S-1-5-19","3/22/2015 3:52:05 AM","85f02a9c-889b-0001-25c8-4ff48d64d001",,"c:\users\mac_1\desktop\winevt\logs\microsoft-windows-diagnostics-performance%4operational.evtx","System.UInt32[]","System.Diagnostics.Eventing.Reader.EventBookmark","Warning","Shutdown Information","Shutdown Performance Monitoring","System.Collections.ObjectModel.ReadOnlyCollection`1[System.String]","System.Collections.Generic.List`1[System.Diagnostics.Eventing.Reader.EventProperty]"
"Windows has started up: 
     Boot Duration		:	44739ms
     IsDegradation		:	false
     Incident Time (UTC)	:	?2015?-?03?-?22T10:50:04.578000100Z","100","2",,"3","4002","34","-9223372036854710272","2284","Microsoft-Windows-Diagnostics-Performance","cfc18ec0-96b1-4eba-961b-622caee05b0a","Microsoft-Windows-Diagnostics-Performance/Operational","1332","3580","rjaf-PC4429","S-1-5-19","3/22/2015 3:52:05 AM","85f03c9c-889b-0003-24c8-4ff48d64d001",,"c:\users\mac_1\desktop\winevt\logs\microsoft-windows-diagnostics-performance%4operational.evtx","System.UInt32[]","System.Diagnostics.Eventing.Reader.EventBookmark","Warning","Boot Information","Boot Performance Monitoring","System.Collections.ObjectModel.ReadOnlyCollection`1[System.String]","System.Collections.Generic.List`1[System.Diagnostics.Eventing.Reader.EventProperty]"
"This startup service took longer than expected to startup, resulting in a performance degradation in the system start up process: 
     File Name		:	mmcss
     Friendly Name		:	Multimedia Class Scheduler Service
     Version		:	6.1.7600.16385 (win7_rtm.090713-1255)
     Total Time		:	331ms
     Degradation Time	:	282ms
     Incident Time (UTC)	:	?2015?-?03?-?21T18:36:14.593600100Z","103","1",,"3","4002","33","-9223372036854710272","2283","Microsoft-Windows-Diagnostics-Performance","cfc18ec0-96b1-4eba-961b-622caee05b0a","Microsoft-Windows-Diagnostics-Performance/Operational","1376","1784","rjaf-PC4429","S-1-5-19","3/21/2015 11:38:07 AM","85f02a9c-589b-0001-88b6-53e90564d001",,"c:\users\mac_1\desktop\winevt\logs\microsoft-windows-diagnostics-performance%4operational.evtx","System.UInt32[]","System.Diagnostics.Eventing.Reader.EventBookmark","Warning","Boot Degradation","Boot Performance Monitoring","System.Collections.ObjectModel.ReadOnlyCollection`1[System.String]","System.Collections.Generic.List`1[System.Diagnostics.Eventing.Reader.EventProperty]"
"Windows has started up: 
     Boot Duration		:	35252ms
     IsDegradation		:	true
     Incident Time (UTC)	:	?2015?-?03?-?21T18:36:14.593600100Z","100","2",,"3","4002","34","-9223372036854710272","2282","Microsoft-Windows-Diagnostics-Performance","cfc18ec0-96b1-4eba-961b-622caee05b0a","Microsoft-Windows-Diagnostics-Performance/Operational","1376","1784","rjaf-PC4429","S-1-5-19","3/21/2015 11:38:07 AM","85f02a9c-589b-0001-88b6-53e90564d001",,"c:\users\mac_1\desktop\winevt\logs\microsoft-windows-diagnostics-performance%4operational.evtx","System.UInt32[]","System.Diagnostics.Eventing.Reader.EventBookmark","Warning","Boot Information","Boot Performance Monitoring","System.Collections.ObjectModel.ReadOnlyCollection`1[System.String]","System.Collections.Generic.List`1[System.Diagnostics.Eventing.Reader.EventProperty]"
"Windows has shutdown: 
     Shutdown Duration	:	71237ms
     IsDegradation		:	false
     Incident Time (UTC)	:	?2015?-?03?-?20T15:36:05.733822200Z","200","1",,"2","4007","40","-9223372036854710272","2281","Microsoft-Windows-Diagnostics-Performance","cfc18ec0-96b1-4eba-961b-622caee05b0a","Microsoft-Windows-Diagnostics-Performance/Operational","1376","1528","rjaf-PC4429","S-1-5-19","3/21/2015 11:38:07 AM","85f02a9c-589b-0001-87b6-53e90564d001",,"c:\users\mac_1\desktop\winevt\logs\microsoft-windows-diagnostics-performance%4operational.evtx","System.UInt32[]","System.Diagnostics.Eventing.Reader.EventBookmark","Error","Shutdown Information","Shutdown Performance Monitoring","System.Collections.ObjectModel.ReadOnlyCollection`1[System.String]","System.Collections.Generic.List`1[System.Diagnostics.Eventing.Reader.EventProperty]"
"Windows has started up: 
     Boot Duration		:	38294ms
     IsDegradation		:	false
     Incident Time (UTC)	:	?2015?-?03?-?20T15:23:43.578000100Z","100","2",,"3","4002","34","-9223372036854710272","2280","Microsoft-Windows-Diagnostics-Performance","cfc18ec0-96b1-4eba-961b-622caee05b0a","Microsoft-Windows-Diagnostics-Performance/Operational","1364","1980","rjaf-PC4429","S-1-5-19","3/20/2015 8:25:36 AM","85f03364-289b-0002-a5db-f8d92163d001",,"c:\users\mac_1\desktop\winevt\logs\microsoft-windows-diagnostics-performance%4operational.evtx","System.UInt32[]","System.Diagnostics.Eventing.Reader.EventBookmark","Warning","Boot Information","Boot Performance Monitoring","System.Collections.ObjectModel.ReadOnlyCollection`1[System.String]","System.Collections.Generic.List`1[System.Diagnostics.Eventing.Reader.EventProperty]"
"Windows has resumed from standby: 
     Standby Duration		:	9807ms
     Standby Incident Time (UTC)	:	?2015?-?03?-?20T01:02:21.033193700Z
     Resume  Duration		:	1198ms
     Resume  Incident Time (UTC)	:	?2015?-?03?-?20T13:26:31.608328500Z
     IsDegradation			:	false","300","1",,"3","4003","36","-9223372036854710272","2279","Microsoft-Windows-Diagnostics-Performance","cfc18ec0-96b1-4eba-961b-622caee05b0a","Microsoft-Windows-Diagnostics-Performance/Operational","1340","4724","rjaf-PC4429","S-1-5-19","3/20/2015 6:27:23 AM","85f02a9c-b89b-0001-bef6-9b99f85ed001",,"c:\users\mac_1\desktop\winevt\logs\microsoft-windows-diagnostics-performance%4operational.evtx","System.UInt32[]","System.Diagnostics.Eventing.Reader.EventBookmark","Warning","Standby Information","Standby Performance Monitoring","System.Collections.ObjectModel.ReadOnlyCollection`1[System.String]","System.Collections.Generic.List`1[System.Diagnostics.Eventing.Reader.EventProperty]"
"Windows has resumed from standby: 
     Standby Duration		:	13307ms
     Standby Incident Time (UTC)	:	?2015?-?03?-?19T20:22:52.434823800Z
     Resume  Duration		:	1209ms
     Resume  Incident Time (UTC)	:	?2015?-?03?-?20T00:59:32.786240800Z
     IsDegradation			:	false","300","1",,"3","4003","36","-9223372036854710272","2278","Microsoft-Windows-Diagnostics-Performance","cfc18ec0-96b1-4eba-961b-622caee05b0a","Microsoft-Windows-Diagnostics-Performance/Operational","1340","316","rjaf-PC4429","S-1-5-19","3/19/2015 6:00:25 PM","85f03c9c-b89b-0003-bcf6-9b99f85ed001",,"c:\users\mac_1\desktop\winevt\logs\microsoft-windows-diagnostics-performance%4operational.evtx","System.UInt32[]","System.Diagnostics.Eventing.Reader.EventBookmark","Warning","Standby Information","Standby Performance Monitoring","System.Collections.ObjectModel.ReadOnlyCollection`1[System.String]","System.Collections.Generic.List`1[System.Diagnostics.Eventing.Reader.EventProperty]"
"Windows has resumed from standby: 
     Standby Duration		:	7182ms
     Standby Incident Time (UTC)	:	?2015?-?03?-?19T08:39:11.204552800Z
     Resume  Duration		:	1245ms
     Resume  Incident Time (UTC)	:	?2015?-?03?-?19T19:30:42.426881300Z
     IsDegradation			:	false","300","1",,"3","4003","36","-9223372036854710272","2277","Microsoft-Windows-Diagnostics-Performance","cfc18ec0-96b1-4eba-961b-622caee05b0a","Microsoft-Windows-Diagnostics-Performance/Operational","1340","3428","rjaf-PC4429","S-1-5-19","3/19/2015 12:31:28 PM","85f03364-b89b-0002-c6f6-9b99f85ed001",,"c:\users\mac_1\desktop\winevt\logs\microsoft-windows-diagnostics-performance%4operational.evtx","System.UInt32[]","System.Diagnostics.Eventing.Reader.EventBookmark","Warning","Standby Information","Standby Performance Monitoring","System.Collections.ObjectModel.ReadOnlyCollection`1[System.String]","System.Collections.Generic.List`1[System.Diagnostics.Eventing.Reader.EventProperty]"
"Windows has resumed from standby: 
     Standby Duration		:	7655ms
     Standby Incident Time (UTC)	:	?2015?-?03?-?19T01:02:13.666317200Z
     Resume  Duration		:	1238ms
     Resume  Incident Time (UTC)	:	?2015?-?03?-?19T08:08:32.141213000Z
     IsDegradation			:	false","300","1",,"3","4003","36","-9223372036854710272","2276","Microsoft-Windows-Diagnostics-Performance","cfc18ec0-96b1-4eba-961b-622caee05b0a","Microsoft-Windows-Diagnostics-Performance/Operational","1340","2416","rjaf-PC4429","S-1-5-19","3/19/2015 1:09:13 AM","00000000-3b28-0000-baf6-9b99f85ed001",,"c:\users\mac_1\desktop\winevt\logs\microsoft-windows-diagnostics-performance%4operational.evtx","System.UInt32[]","System.Diagnostics.Eventing.Reader.EventBookmark","Warning","Standby Information","Standby Performance Monitoring","System.Collections.ObjectModel.ReadOnlyCollection`1[System.String]","System.Collections.Generic.List`1[System.Diagnostics.Eventing.Reader.EventProperty]"
"Windows has resumed from standby: 
     Standby Duration		:	6373ms
     Standby Incident Time (UTC)	:	?2015?-?03?-?18T20:12:30.254698100Z
     Resume  Duration		:	1309ms
     Resume  Incident Time (UTC)	:	?2015?-?03?-?19T00:59:40.542474300Z
     IsDegradation			:	false","300","1",,"3","4003","36","-9223372036854710272","2275","Microsoft-Windows-Diagnostics-Performance","cfc18ec0-96b1-4eba-961b-622caee05b0a","Microsoft-Windows-Diagnostics-Performance/Operational","1340","5696","rjaf-PC4429","S-1-5-19","3/18/2015 6:00:19 PM","85f03364-b89b-0002-c4f6-9b99f85ed001",,"c:\users\mac_1\desktop\winevt\logs\microsoft-windows-diagnostics-performance%4operational.evtx","System.UInt32[]","System.Diagnostics.Eventing.Reader.EventBookmark","Warning","Standby Information","Standby Performance Monitoring","System.Collections.ObjectModel.ReadOnlyCollection`1[System.String]","System.Collections.Generic.List`1[System.Diagnostics.Eventing.Reader.EventProperty]"
"Windows has resumed from standby: 
     Standby Duration		:	6543ms
     Standby Incident Time (UTC)	:	?2015?-?03?-?18T19:23:00.430611600Z
     Resume  Duration		:	1207ms
     Resume  Incident Time (UTC)	:	?2015?-?03?-?18T19:42:11.213670100Z
     IsDegradation			:	false","300","1",,"3","4003","36","-9223372036854710272","2274","Microsoft-Windows-Diagnostics-Performance","cfc18ec0-96b1-4eba-961b-622caee05b0a","Microsoft-Windows-Diagnostics-Performance/Operational","1340","2420","rjaf-PC4429","S-1-5-19","3/18/2015 12:42:48 PM","85f03c9c-b89b-0003-baf6-9b99f85ed001",,"c:\users\mac_1\desktop\winevt\logs\microsoft-windows-diagnostics-performance%4operational.evtx","System.UInt32[]","System.Diagnostics.Eventing.Reader.EventBookmark","Warning","Standby Information","Standby Performance Monitoring","System.Collections.ObjectModel.ReadOnlyCollection`1[System.String]","System.Collections.Generic.List`1[System.Diagnostics.Eventing.Reader.EventProperty]"
"Windows has resumed from standby: 
     Standby Duration		:	7239ms
     Standby Incident Time (UTC)	:	?2015?-?03?-?18T18:32:15.528284800Z
     Resume  Duration		:	1210ms
     Resume  Incident Time (UTC)	:	?2015?-?03?-?18T18:34:16.415058700Z
     IsDegradation			:	false","300","1",,"3","4003","36","-9223372036854710272","2273","Microsoft-Windows-Diagnostics-Performance","cfc18ec0-96b1-4eba-961b-622caee05b0a","Microsoft-Windows-Diagnostics-Performance/Operational","1340","5948","rjaf-PC4429","S-1-5-19","3/18/2015 11:34:53 AM","85f03364-b89b-0002-c1f6-9b99f85ed001",,"c:\users\mac_1\desktop\winevt\logs\microsoft-windows-diagnostics-performance%4operational.evtx","System.UInt32[]","System.Diagnostics.Eventing.Reader.EventBookmark","Warning","Standby Information","Standby Performance Monitoring","System.Collections.ObjectModel.ReadOnlyCollection`1[System.String]","System.Collections.Generic.List`1[System.Diagnostics.Eventing.Reader.EventProperty]"
"Windows has resumed from standby: 
     Standby Duration		:	7566ms
     Standby Incident Time (UTC)	:	?2015?-?03?-?18T12:41:47.213412500Z
     Resume  Duration		:	1203ms
     Resume  Incident Time (UTC)	:	?2015?-?03?-?18T17:22:28.538383800Z
     IsDegradation			:	false","300","1",,"3","4003","36","-9223372036854710272","2272","Microsoft-Windows-Diagnostics-Performance","cfc18ec0-96b1-4eba-961b-622caee05b0a","Microsoft-Windows-Diagnostics-Performance/Operational","1340","3044","rjaf-PC4429","S-1-5-19","3/18/2015 10:23:06 AM","00000000-3b28-0000-b8f6-9b99f85ed001",,"c:\users\mac_1\desktop\winevt\logs\microsoft-windows-diagnostics-performance%4operational.evtx","System.UInt32[]","System.Diagnostics.Eventing.Reader.EventBookmark","Warning","Standby Information","Standby Performance Monitoring","System.Collections.ObjectModel.ReadOnlyCollection`1[System.String]","System.Collections.Generic.List`1[System.Diagnostics.Eventing.Reader.EventProperty]"
"Windows has resumed from standby: 
     Standby Duration		:	10345ms
     Standby Incident Time (UTC)	:	?2015?-?03?-?18T09:42:18.071790100Z
     Resume  Duration		:	1263ms
     Resume  Incident Time (UTC)	:	?2015?-?03?-?18T12:05:01.173555100Z
     IsDegradation			:	false","300","1",,"3","4003","36","-9223372036854710272","2271","Microsoft-Windows-Diagnostics-Performance","cfc18ec0-96b1-4eba-961b-622caee05b0a","Microsoft-Windows-Diagnostics-Performance/Operational","1340","6024","rjaf-PC4429","S-1-5-19","3/18/2015 5:05:38 AM","85f02a9c-b89b-0001-b7f6-9b99f85ed001",,"c:\users\mac_1\desktop\winevt\logs\microsoft-windows-diagnostics-performance%4operational.evtx","System.UInt32[]","System.Diagnostics.Eventing.Reader.EventBookmark","Warning","Standby Information","Standby Performance Monitoring","System.Collections.ObjectModel.ReadOnlyCollection`1[System.String]","System.Collections.Generic.List`1[System.Diagnostics.Eventing.Reader.EventProperty]"
"Windows has resumed from standby: 
     Standby Duration		:	7382ms
     Standby Incident Time (UTC)	:	?2015?-?03?-?18T01:02:20.807172900Z
     Resume  Duration		:	1224ms
     Resume  Incident Time (UTC)	:	?2015?-?03?-?18T08:53:55.054946400Z
     IsDegradation			:	false","300","1",,"3","4003","36","-9223372036854710272","2270","Microsoft-Windows-Diagnostics-Performance","cfc18ec0-96b1-4eba-961b-622caee05b0a","Microsoft-Windows-Diagnostics-Performance/Operational","1340","3640","rjaf-PC4429","S-1-5-19","3/18/2015 1:54:30 AM","00000000-3b28-0000-b6f6-9b99f85ed001",,"c:\users\mac_1\desktop\winevt\logs\microsoft-windows-diagnostics-performance%4operational.evtx","System.UInt32[]","System.Diagnostics.Eventing.Reader.EventBookmark","Warning","Standby Information","Standby Performance Monitoring","System.Collections.ObjectModel.ReadOnlyCollection`1[System.String]","System.Collections.Generic.List`1[System.Diagnostics.Eventing.Reader.EventProperty]"
"Windows has resumed from standby: 
     Standby Duration		:	7193ms
     Standby Incident Time (UTC)	:	?2015?-?03?-?17T21:50:21.889545100Z
     Resume  Duration		:	1224ms
     Resume  Incident Time (UTC)	:	?2015?-?03?-?18T00:59:47.719621400Z
     IsDegradation			:	false","300","1",,"3","4003","36","-9223372036854710272","2269","Microsoft-Windows-Diagnostics-Performance","cfc18ec0-96b1-4eba-961b-622caee05b0a","Microsoft-Windows-Diagnostics-Performance/Operational","1340","3060","rjaf-PC4429","S-1-5-19","3/17/2015 6:00:20 PM","00000000-3b28-0000-b5f6-9b99f85ed001",,"c:\users\mac_1\desktop\winevt\logs\microsoft-windows-diagnostics-performance%4operational.evtx","System.UInt32[]","System.Diagnostics.Eventing.Reader.EventBookmark","Warning","Standby Information","Standby Performance Monitoring","System.Collections.ObjectModel.ReadOnlyCollection`1[System.String]","System.Collections.Generic.List`1[System.Diagnostics.Eventing.Reader.EventProperty]"
"Windows has resumed from standby: 
     Standby Duration		:	6919ms
     Standby Incident Time (UTC)	:	?2015?-?03?-?17T20:12:37.321245400Z
     Resume  Duration		:	1198ms
     Resume  Incident Time (UTC)	:	?2015?-?03?-?17T21:17:58.844370100Z
     IsDegradation			:	false","300","1",,"3","4003","36","-9223372036854710272","2268","Microsoft-Windows-Diagnostics-Performance","cfc18ec0-96b1-4eba-961b-622caee05b0a","Microsoft-Windows-Diagnostics-Performance/Operational","1340","2316","rjaf-PC4429","S-1-5-19","3/17/2015 2:18:29 PM","85f03364-b89b-0002-bcf6-9b99f85ed001",,"c:\users\mac_1\desktop\winevt\logs\microsoft-windows-diagnostics-performance%4operational.evtx","System.UInt32[]","System.Diagnostics.Eventing.Reader.EventBookmark","Warning","Standby Information","Standby Performance Monitoring","System.Collections.ObjectModel.ReadOnlyCollection`1[System.String]","System.Collections.Generic.List`1[System.Diagnostics.Eventing.Reader.EventProperty]"
"Windows has resumed from standby: 
     Standby Duration		:	6822ms
     Standby Incident Time (UTC)	:	?2015?-?03?-?17T18:50:22.663639600Z
     Resume  Duration		:	1224ms
     Resume  Incident Time (UTC)	:	?2015?-?03?-?17T19:40:50.276224400Z
     IsDegradation			:	false","300","1",,"3","4003","36","-9223372036854710272","2267","Microsoft-Windows-Diagnostics-Performance","cfc18ec0-96b1-4eba-961b-622caee05b0a","Microsoft-Windows-Diagnostics-Performance/Operational","1340","3932","rjaf-PC4429","S-1-5-19","3/17/2015 12:41:21 PM","85f03364-b89b-0002-baf6-9b99f85ed001",,"c:\users\mac_1\desktop\winevt\logs\microsoft-windows-diagnostics-performance%4operational.evtx","System.UInt32[]","System.Diagnostics.Eventing.Reader.EventBookmark","Warning","Standby Information","Standby Performance Monitoring","System.Collections.ObjectModel.ReadOnlyCollection`1[System.String]","System.Collections.Generic.List`1[System.Diagnostics.Eventing.Reader.EventProperty]"
