"Diagnostic module {A59F0643-A6CA-48E0-A7C4-4CDD258439E2} (%SystemRoot%\system32\diagperf.dll) started troubleshooting scenario {FFC42108-4920-4ACF-A4FC-8ABDCC68ADA4}, instance {F90D57E1-90E1-4532-B203-C38F894C41C5}, original activity ID {85F03364-A89B-0002-A576-5CF3495AD001}.","105","0",,"4","1","13","4611686052787126272","4432","Microsoft-Windows-Diagnosis-DPS","6bba3851-2c7e-4dea-8f54-31e5afd029e3","Microsoft-Windows-Diagnosis-DPS/Operational","1364","3580","rjaf-PC4429","S-1-5-19","3/9/2015 1:04:34 PM","f90d57e1-90e1-4532-b203-c38f894c41c5",,"c:\users\mac_1\desktop\winevt\logs\microsoft-windows-diagnosis-dps%4operational.evtx","System.UInt32[]","System.Diagnostics.Eventing.Reader.EventBookmark","Information","A scenario instance was dispatched for troubleshooting","Scenario Lifecycle","System.Collections.ObjectModel.ReadOnlyCollection`1[System.String]","System.Collections.Generic.List`1[System.Diagnostics.Eventing.Reader.EventProperty]"
"Diagnostic module {A59F0643-A6CA-48E0-A7C4-4CDD258439E2} (%SystemRoot%\system32\diagperf.dll) detected a problem for scenario {FFC42108-4920-4ACF-A4FC-8ABDCC68ADA4}, instance {F90D57E1-90E1-4532-B203-C38F894C41C5}, original activity ID {85F03364-A89B-0002-A576-5CF3495AD001}.","100","0",,"4","1","12","4611686052787126272","4431","Microsoft-Windows-Diagnosis-DPS","6bba3851-2c7e-4dea-8f54-31e5afd029e3","Microsoft-Windows-Diagnosis-DPS/Operational","1364","3580","rjaf-PC4429","S-1-5-19","3/9/2015 1:04:34 PM","f90d57e1-90e1-4532-b203-c38f894c41c5",,"c:\users\mac_1\desktop\winevt\logs\microsoft-windows-diagnosis-dps%4operational.evtx","System.UInt32[]","System.Diagnostics.Eventing.Reader.EventBookmark","Information","A diagnostic module detected a problem","Scenario Lifecycle","System.Collections.ObjectModel.ReadOnlyCollection`1[System.String]","System.Collections.Generic.List`1[System.Diagnostics.Eventing.Reader.EventProperty]"
"Diagnostic module {15FBA3B8-A37A-4F91-BDBA-FBB98FE804BF} (%SystemRoot%\system32\diagperf.dll) started troubleshooting scenario {2698178D-FDAD-40AE-9D3C-1371703ADC5B}, instance {DFCFEEB7-134F-4001-B14E-1C7C9B7E5E0F}, original activity ID {2698178D-FDAD-40AE-9D3C-1371703ADC5B}.","105","0",,"4","1","13","4611686052787126272","4430","Microsoft-Windows-Diagnosis-DPS","6bba3851-2c7e-4dea-8f54-31e5afd029e3","Microsoft-Windows-Diagnosis-DPS/Operational","1364","1524","rjaf-PC4429","S-1-5-19","3/9/2015 2:18:25 AM","dfcfeeb7-134f-4001-b14e-1c7c9b7e5e0f",,"c:\users\mac_1\desktop\winevt\logs\microsoft-windows-diagnosis-dps%4operational.evtx","System.UInt32[]","System.Diagnostics.Eventing.Reader.EventBookmark","Information","A scenario instance was dispatched for troubleshooting","Scenario Lifecycle","System.Collections.ObjectModel.ReadOnlyCollection`1[System.String]","System.Collections.Generic.List`1[System.Diagnostics.Eventing.Reader.EventProperty]"
"Diagnostic module {15FBA3B8-A37A-4F91-BDBA-FBB98FE804BF} (%SystemRoot%\system32\diagperf.dll) detected a problem for scenario {2698178D-FDAD-40AE-9D3C-1371703ADC5B}, instance {DFCFEEB7-134F-4001-B14E-1C7C9B7E5E0F}, original activity ID {2698178D-FDAD-40AE-9D3C-1371703ADC5B}.","100","0",,"4","1","12","4611686052787126272","4429","Microsoft-Windows-Diagnosis-DPS","6bba3851-2c7e-4dea-8f54-31e5afd029e3","Microsoft-Windows-Diagnosis-DPS/Operational","1364","1524","rjaf-PC4429","S-1-5-19","3/9/2015 2:18:25 AM","dfcfeeb7-134f-4001-b14e-1c7c9b7e5e0f",,"c:\users\mac_1\desktop\winevt\logs\microsoft-windows-diagnosis-dps%4operational.evtx","System.UInt32[]","System.Diagnostics.Eventing.Reader.EventBookmark","Information","A diagnostic module detected a problem","Scenario Lifecycle","System.Collections.ObjectModel.ReadOnlyCollection`1[System.String]","System.Collections.Generic.List`1[System.Diagnostics.Eventing.Reader.EventProperty]"
"Diagnostic module {A59F0643-A6CA-48E0-A7C4-4CDD258439E2} (%SystemRoot%\system32\diagperf.dll) finished troubleshooting scenario {FFC42108-4920-4ACF-A4FC-8ABDCC68ADA4}, instance {E13634AE-1A55-4CEE-873F-21A05C94C670}, original activity ID {85F03364-B89B-0002-2AF9-ECD97B59D001}.  No resolution was set by the diagnostic module.","110","0",,"4","1","14","4611686052787126272","4428","Microsoft-Windows-Diagnosis-DPS","6bba3851-2c7e-4dea-8f54-31e5afd029e3","Microsoft-Windows-Diagnosis-DPS/Operational","1348","3448","rjaf-PC4429","S-1-5-19","3/8/2015 2:03:54 PM","e13634ae-1a55-4cee-873f-21a05c94c670",,"c:\users\mac_1\desktop\winevt\logs\microsoft-windows-diagnosis-dps%4operational.evtx","System.UInt32[]","System.Diagnostics.Eventing.Reader.EventBookmark","Information","A diagnostic module completed troubleshooting without setting a resolution","Scenario Lifecycle","System.Collections.ObjectModel.ReadOnlyCollection`1[System.String]","System.Collections.Generic.List`1[System.Diagnostics.Eventing.Reader.EventProperty]"
"Diagnostic module {A59F0643-A6CA-48E0-A7C4-4CDD258439E2} (%SystemRoot%\system32\diagperf.dll) started troubleshooting scenario {FFC42108-4920-4ACF-A4FC-8ABDCC68ADA4}, instance {E13634AE-1A55-4CEE-873F-21A05C94C670}, original activity ID {85F03364-B89B-0002-2AF9-ECD97B59D001}.","105","0",,"4","1","13","4611686052787126272","4427","Microsoft-Windows-Diagnosis-DPS","6bba3851-2c7e-4dea-8f54-31e5afd029e3","Microsoft-Windows-Diagnosis-DPS/Operational","1348","3448","rjaf-PC4429","S-1-5-19","3/8/2015 2:03:50 PM","e13634ae-1a55-4cee-873f-21a05c94c670",,"c:\users\mac_1\desktop\winevt\logs\microsoft-windows-diagnosis-dps%4operational.evtx","System.UInt32[]","System.Diagnostics.Eventing.Reader.EventBookmark","Information","A scenario instance was dispatched for troubleshooting","Scenario Lifecycle","System.Collections.ObjectModel.ReadOnlyCollection`1[System.String]","System.Collections.Generic.List`1[System.Diagnostics.Eventing.Reader.EventProperty]"
"Diagnostic module {A59F0643-A6CA-48E0-A7C4-4CDD258439E2} (%SystemRoot%\system32\diagperf.dll) detected a problem for scenario {FFC42108-4920-4ACF-A4FC-8ABDCC68ADA4}, instance {E13634AE-1A55-4CEE-873F-21A05C94C670}, original activity ID {85F03364-B89B-0002-2AF9-ECD97B59D001}.","100","0",,"4","1","12","4611686052787126272","4426","Microsoft-Windows-Diagnosis-DPS","6bba3851-2c7e-4dea-8f54-31e5afd029e3","Microsoft-Windows-Diagnosis-DPS/Operational","1348","3448","rjaf-PC4429","S-1-5-19","3/8/2015 2:03:50 PM","e13634ae-1a55-4cee-873f-21a05c94c670",,"c:\users\mac_1\desktop\winevt\logs\microsoft-windows-diagnosis-dps%4operational.evtx","System.UInt32[]","System.Diagnostics.Eventing.Reader.EventBookmark","Information","A diagnostic module detected a problem","Scenario Lifecycle","System.Collections.ObjectModel.ReadOnlyCollection`1[System.String]","System.Collections.Generic.List`1[System.Diagnostics.Eventing.Reader.EventProperty]"
"Diagnostic module {A59F0643-A6CA-48E0-A7C4-4CDD258439E2} (%SystemRoot%\system32\diagperf.dll) finished troubleshooting scenario {FFC42108-4920-4ACF-A4FC-8ABDCC68ADA4}, instance {9F06977D-34AB-4C35-A5E3-E3C0D6CCC6E8}, original activity ID {85F03364-B89B-0002-2AF9-ECD97B59D001}.  No resolution was set by the diagnostic module.","110","0",,"4","1","14","4611686052787126272","4425","Microsoft-Windows-Diagnosis-DPS","6bba3851-2c7e-4dea-8f54-31e5afd029e3","Microsoft-Windows-Diagnosis-DPS/Operational","1348","3180","rjaf-PC4429","S-1-5-19","3/8/2015 6:04:59 AM","9f06977d-34ab-4c35-a5e3-e3c0d6ccc6e8",,"c:\users\mac_1\desktop\winevt\logs\microsoft-windows-diagnosis-dps%4operational.evtx","System.UInt32[]","System.Diagnostics.Eventing.Reader.EventBookmark","Information","A diagnostic module completed troubleshooting without setting a resolution","Scenario Lifecycle","System.Collections.ObjectModel.ReadOnlyCollection`1[System.String]","System.Collections.Generic.List`1[System.Diagnostics.Eventing.Reader.EventProperty]"
"Diagnostic module {A59F0643-A6CA-48E0-A7C4-4CDD258439E2} (%SystemRoot%\system32\diagperf.dll) started troubleshooting scenario {FFC42108-4920-4ACF-A4FC-8ABDCC68ADA4}, instance {9F06977D-34AB-4C35-A5E3-E3C0D6CCC6E8}, original activity ID {85F03364-B89B-0002-2AF9-ECD97B59D001}.","105","0",,"4","1","13","4611686052787126272","4424","Microsoft-Windows-Diagnosis-DPS","6bba3851-2c7e-4dea-8f54-31e5afd029e3","Microsoft-Windows-Diagnosis-DPS/Operational","1348","3180","rjaf-PC4429","S-1-5-19","3/8/2015 6:04:59 AM","9f06977d-34ab-4c35-a5e3-e3c0d6ccc6e8",,"c:\users\mac_1\desktop\winevt\logs\microsoft-windows-diagnosis-dps%4operational.evtx","System.UInt32[]","System.Diagnostics.Eventing.Reader.EventBookmark","Information","A scenario instance was dispatched for troubleshooting","Scenario Lifecycle","System.Collections.ObjectModel.ReadOnlyCollection`1[System.String]","System.Collections.Generic.List`1[System.Diagnostics.Eventing.Reader.EventProperty]"
"Diagnostic module {A59F0643-A6CA-48E0-A7C4-4CDD258439E2} (%SystemRoot%\system32\diagperf.dll) detected a problem for scenario {FFC42108-4920-4ACF-A4FC-8ABDCC68ADA4}, instance {9F06977D-34AB-4C35-A5E3-E3C0D6CCC6E8}, original activity ID {85F03364-B89B-0002-2AF9-ECD97B59D001}.","100","0",,"4","1","12","4611686052787126272","4423","Microsoft-Windows-Diagnosis-DPS","6bba3851-2c7e-4dea-8f54-31e5afd029e3","Microsoft-Windows-Diagnosis-DPS/Operational","1348","3180","rjaf-PC4429","S-1-5-19","3/8/2015 6:04:59 AM","9f06977d-34ab-4c35-a5e3-e3c0d6ccc6e8",,"c:\users\mac_1\desktop\winevt\logs\microsoft-windows-diagnosis-dps%4operational.evtx","System.UInt32[]","System.Diagnostics.Eventing.Reader.EventBookmark","Information","A diagnostic module detected a problem","Scenario Lifecycle","System.Collections.ObjectModel.ReadOnlyCollection`1[System.String]","System.Collections.Generic.List`1[System.Diagnostics.Eventing.Reader.EventProperty]"
"Diagnostic module {A59F0643-A6CA-48E0-A7C4-4CDD258439E2} (%SystemRoot%\system32\diagperf.dll) finished troubleshooting scenario {FFC42108-4920-4ACF-A4FC-8ABDCC68ADA4}, instance {9A09E449-08C5-4854-B39C-4F05185A783C}, original activity ID {85F03364-B89B-0002-2AF9-ECD97B59D001}.  No resolution was set by the diagnostic module.","110","0",,"4","1","14","4611686052787126272","4422","Microsoft-Windows-Diagnosis-DPS","6bba3851-2c7e-4dea-8f54-31e5afd029e3","Microsoft-Windows-Diagnosis-DPS/Operational","1348","2228","rjaf-PC4429","S-1-5-19","3/8/2015 3:37:10 AM","9a09e449-08c5-4854-b39c-4f05185a783c",,"c:\users\mac_1\desktop\winevt\logs\microsoft-windows-diagnosis-dps%4operational.evtx","System.UInt32[]","System.Diagnostics.Eventing.Reader.EventBookmark","Information","A diagnostic module completed troubleshooting without setting a resolution","Scenario Lifecycle","System.Collections.ObjectModel.ReadOnlyCollection`1[System.String]","System.Collections.Generic.List`1[System.Diagnostics.Eventing.Reader.EventProperty]"
"Diagnostic module {A59F0643-A6CA-48E0-A7C4-4CDD258439E2} (%SystemRoot%\system32\diagperf.dll) started troubleshooting scenario {FFC42108-4920-4ACF-A4FC-8ABDCC68ADA4}, instance {9A09E449-08C5-4854-B39C-4F05185A783C}, original activity ID {85F03364-B89B-0002-2AF9-ECD97B59D001}.","105","0",,"4","1","13","4611686052787126272","4421","Microsoft-Windows-Diagnosis-DPS","6bba3851-2c7e-4dea-8f54-31e5afd029e3","Microsoft-Windows-Diagnosis-DPS/Operational","1348","2228","rjaf-PC4429","S-1-5-19","3/8/2015 3:37:10 AM","9a09e449-08c5-4854-b39c-4f05185a783c",,"c:\users\mac_1\desktop\winevt\logs\microsoft-windows-diagnosis-dps%4operational.evtx","System.UInt32[]","System.Diagnostics.Eventing.Reader.EventBookmark","Information","A scenario instance was dispatched for troubleshooting","Scenario Lifecycle","System.Collections.ObjectModel.ReadOnlyCollection`1[System.String]","System.Collections.Generic.List`1[System.Diagnostics.Eventing.Reader.EventProperty]"
"Diagnostic module {A59F0643-A6CA-48E0-A7C4-4CDD258439E2} (%SystemRoot%\system32\diagperf.dll) detected a problem for scenario {FFC42108-4920-4ACF-A4FC-8ABDCC68ADA4}, instance {9A09E449-08C5-4854-B39C-4F05185A783C}, original activity ID {85F03364-B89B-0002-2AF9-ECD97B59D001}.","100","0",,"4","1","12","4611686052787126272","4420","Microsoft-Windows-Diagnosis-DPS","6bba3851-2c7e-4dea-8f54-31e5afd029e3","Microsoft-Windows-Diagnosis-DPS/Operational","1348","2228","rjaf-PC4429","S-1-5-19","3/8/2015 3:37:10 AM","9a09e449-08c5-4854-b39c-4f05185a783c",,"c:\users\mac_1\desktop\winevt\logs\microsoft-windows-diagnosis-dps%4operational.evtx","System.UInt32[]","System.Diagnostics.Eventing.Reader.EventBookmark","Information","A diagnostic module detected a problem","Scenario Lifecycle","System.Collections.ObjectModel.ReadOnlyCollection`1[System.String]","System.Collections.Generic.List`1[System.Diagnostics.Eventing.Reader.EventProperty]"
"Diagnostic module {282396B2-6C46-4D66-B413-70B0445DF33C} (%SystemRoot%\system32\diagperf.dll) finished troubleshooting scenario {186F47EF-626C-4670-800A-4A30756BABAD}, instance {7F9E7C61-6B93-490C-8F4C-6A2B0F7EE1C8}, original activity ID {00000000-0000-0000-0000-000000000000}.  No resolution was set by the diagnostic module.","110","0",,"4","1","14","4611686052787126272","4419","Microsoft-Windows-Diagnosis-DPS","6bba3851-2c7e-4dea-8f54-31e5afd029e3","Microsoft-Windows-Diagnosis-DPS/Operational","1348","3760","rjaf-PC4429","S-1-5-19","3/8/2015 1:33:25 AM","7f9e7c61-6b93-490c-8f4c-6a2b0f7ee1c8",,"c:\users\mac_1\desktop\winevt\logs\microsoft-windows-diagnosis-dps%4operational.evtx","System.UInt32[]","System.Diagnostics.Eventing.Reader.EventBookmark","Information","A diagnostic module completed troubleshooting without setting a resolution","Scenario Lifecycle","System.Collections.ObjectModel.ReadOnlyCollection`1[System.String]","System.Collections.Generic.List`1[System.Diagnostics.Eventing.Reader.EventProperty]"
"Diagnostic module {282396B2-6C46-4D66-B413-70B0445DF33C} (%SystemRoot%\system32\diagperf.dll) started troubleshooting scenario {186F47EF-626C-4670-800A-4A30756BABAD}, instance {7F9E7C61-6B93-490C-8F4C-6A2B0F7EE1C8}, original activity ID {00000000-0000-0000-0000-000000000000}.","105","0",,"4","1","13","4611686052787126272","4418","Microsoft-Windows-Diagnosis-DPS","6bba3851-2c7e-4dea-8f54-31e5afd029e3","Microsoft-Windows-Diagnosis-DPS/Operational","1348","3760","rjaf-PC4429","S-1-5-19","3/8/2015 1:33:25 AM","7f9e7c61-6b93-490c-8f4c-6a2b0f7ee1c8",,"c:\users\mac_1\desktop\winevt\logs\microsoft-windows-diagnosis-dps%4operational.evtx","System.UInt32[]","System.Diagnostics.Eventing.Reader.EventBookmark","Information","A scenario instance was dispatched for troubleshooting","Scenario Lifecycle","System.Collections.ObjectModel.ReadOnlyCollection`1[System.String]","System.Collections.Generic.List`1[System.Diagnostics.Eventing.Reader.EventProperty]"
"Diagnostic module {282396B2-6C46-4D66-B413-70B0445DF33C} (%SystemRoot%\system32\diagperf.dll) detected a problem for scenario {186F47EF-626C-4670-800A-4A30756BABAD}, instance {7F9E7C61-6B93-490C-8F4C-6A2B0F7EE1C8}, original activity ID {00000000-0000-0000-0000-000000000000}.","100","0",,"4","1","12","4611686052787126272","4417","Microsoft-Windows-Diagnosis-DPS","6bba3851-2c7e-4dea-8f54-31e5afd029e3","Microsoft-Windows-Diagnosis-DPS/Operational","1348","3760","rjaf-PC4429","S-1-5-19","3/8/2015 1:33:25 AM","7f9e7c61-6b93-490c-8f4c-6a2b0f7ee1c8",,"c:\users\mac_1\desktop\winevt\logs\microsoft-windows-diagnosis-dps%4operational.evtx","System.UInt32[]","System.Diagnostics.Eventing.Reader.EventBookmark","Information","A diagnostic module detected a problem","Scenario Lifecycle","System.Collections.ObjectModel.ReadOnlyCollection`1[System.String]","System.Collections.Generic.List`1[System.Diagnostics.Eventing.Reader.EventProperty]"
"Diagnostic module {C8544339-5BE9-4F25-862E-485F1B1A6935} (%SystemRoot%\system32\diagperf.dll) finished troubleshooting scenario {86432A0B-3C7D-4DDF-A89C-172FAA90485D}, instance {F564BBF8-0015-45DB-B94C-93C624E494A4}, original activity ID {86432A0B-3C7D-4DDF-A89C-172FAA90485D}.  No resolution was set by the diagnostic module.","110","0",,"4","1","14","4611686052787126272","4416","Microsoft-Windows-Diagnosis-DPS","6bba3851-2c7e-4dea-8f54-31e5afd029e3","Microsoft-Windows-Diagnosis-DPS/Operational","1348","1976","rjaf-PC4429","S-1-5-19","3/8/2015 12:44:52 AM","f564bbf8-0015-45db-b94c-93c624e494a4",,"c:\users\mac_1\desktop\winevt\logs\microsoft-windows-diagnosis-dps%4operational.evtx","System.UInt32[]","System.Diagnostics.Eventing.Reader.EventBookmark","Information","A diagnostic module completed troubleshooting without setting a resolution","Scenario Lifecycle","System.Collections.ObjectModel.ReadOnlyCollection`1[System.String]","System.Collections.Generic.List`1[System.Diagnostics.Eventing.Reader.EventProperty]"
"Diagnostic module {C8544339-5BE9-4F25-862E-485F1B1A6935} (%SystemRoot%\system32\diagperf.dll) started troubleshooting scenario {86432A0B-3C7D-4DDF-A89C-172FAA90485D}, instance {F564BBF8-0015-45DB-B94C-93C624E494A4}, original activity ID {86432A0B-3C7D-4DDF-A89C-172FAA90485D}.","105","0",,"4","1","13","4611686052787126272","4415","Microsoft-Windows-Diagnosis-DPS","6bba3851-2c7e-4dea-8f54-31e5afd029e3","Microsoft-Windows-Diagnosis-DPS/Operational","1348","1976","rjaf-PC4429","S-1-5-19","3/8/2015 12:44:51 AM","f564bbf8-0015-45db-b94c-93c624e494a4",,"c:\users\mac_1\desktop\winevt\logs\microsoft-windows-diagnosis-dps%4operational.evtx","System.UInt32[]","System.Diagnostics.Eventing.Reader.EventBookmark","Information","A scenario instance was dispatched for troubleshooting","Scenario Lifecycle","System.Collections.ObjectModel.ReadOnlyCollection`1[System.String]","System.Collections.Generic.List`1[System.Diagnostics.Eventing.Reader.EventProperty]"
"Diagnostic module {C8544339-5BE9-4F25-862E-485F1B1A6935} (%SystemRoot%\system32\diagperf.dll) detected a problem for scenario {86432A0B-3C7D-4DDF-A89C-172FAA90485D}, instance {F564BBF8-0015-45DB-B94C-93C624E494A4}, original activity ID {86432A0B-3C7D-4DDF-A89C-172FAA90485D}.","100","0",,"4","1","12","4611686052787126272","4414","Microsoft-Windows-Diagnosis-DPS","6bba3851-2c7e-4dea-8f54-31e5afd029e3","Microsoft-Windows-Diagnosis-DPS/Operational","1348","1976","rjaf-PC4429","S-1-5-19","3/8/2015 12:44:51 AM","f564bbf8-0015-45db-b94c-93c624e494a4",,"c:\users\mac_1\desktop\winevt\logs\microsoft-windows-diagnosis-dps%4operational.evtx","System.UInt32[]","System.Diagnostics.Eventing.Reader.EventBookmark","Information","A diagnostic module detected a problem","Scenario Lifecycle","System.Collections.ObjectModel.ReadOnlyCollection`1[System.String]","System.Collections.Generic.List`1[System.Diagnostics.Eventing.Reader.EventProperty]"
"Diagnostic module {15FBA3B8-A37A-4F91-BDBA-FBB98FE804BF} (%SystemRoot%\system32\diagperf.dll) started troubleshooting scenario {2698178D-FDAD-40AE-9D3C-1371703ADC5B}, instance {6323B74A-E5C3-445C-87E2-01395C7E4E97}, original activity ID {2698178D-FDAD-40AE-9D3C-1371703ADC5B}.","105","0",,"4","1","13","4611686052787126272","4413","Microsoft-Windows-Diagnosis-DPS","6bba3851-2c7e-4dea-8f54-31e5afd029e3","Microsoft-Windows-Diagnosis-DPS/Operational","1348","1976","rjaf-PC4429","S-1-5-19","3/8/2015 12:43:08 AM","6323b74a-e5c3-445c-87e2-01395c7e4e97",,"c:\users\mac_1\desktop\winevt\logs\microsoft-windows-diagnosis-dps%4operational.evtx","System.UInt32[]","System.Diagnostics.Eventing.Reader.EventBookmark","Information","A scenario instance was dispatched for troubleshooting","Scenario Lifecycle","System.Collections.ObjectModel.ReadOnlyCollection`1[System.String]","System.Collections.Generic.List`1[System.Diagnostics.Eventing.Reader.EventProperty]"
"Diagnostic module {15FBA3B8-A37A-4F91-BDBA-FBB98FE804BF} (%SystemRoot%\system32\diagperf.dll) detected a problem for scenario {2698178D-FDAD-40AE-9D3C-1371703ADC5B}, instance {6323B74A-E5C3-445C-87E2-01395C7E4E97}, original activity ID {2698178D-FDAD-40AE-9D3C-1371703ADC5B}.","100","0",,"4","1","12","4611686052787126272","4412","Microsoft-Windows-Diagnosis-DPS","6bba3851-2c7e-4dea-8f54-31e5afd029e3","Microsoft-Windows-Diagnosis-DPS/Operational","1348","1976","rjaf-PC4429","S-1-5-19","3/8/2015 12:43:08 AM","6323b74a-e5c3-445c-87e2-01395c7e4e97",,"c:\users\mac_1\desktop\winevt\logs\microsoft-windows-diagnosis-dps%4operational.evtx","System.UInt32[]","System.Diagnostics.Eventing.Reader.EventBookmark","Information","A diagnostic module detected a problem","Scenario Lifecycle","System.Collections.ObjectModel.ReadOnlyCollection`1[System.String]","System.Collections.Generic.List`1[System.Diagnostics.Eventing.Reader.EventProperty]"
"Diagnostic module {282396B2-6C46-4D66-B413-70B0445DF33C} (%SystemRoot%\system32\diagperf.dll) finished troubleshooting scenario {186F47EF-626C-4670-800A-4A30756BABAD}, instance {C834089E-6DF7-4264-B622-73C28B2820F0}, original activity ID {00000000-0000-0000-0000-000000000000}.  No resolution was set by the diagnostic module.","110","0",,"4","1","14","4611686052787126272","4411","Microsoft-Windows-Diagnosis-DPS","6bba3851-2c7e-4dea-8f54-31e5afd029e3","Microsoft-Windows-Diagnosis-DPS/Operational","1384","1956","rjaf-PC4429","S-1-5-19","3/7/2015 12:27:00 PM","c834089e-6df7-4264-b622-73c28b2820f0",,"c:\users\mac_1\desktop\winevt\logs\microsoft-windows-diagnosis-dps%4operational.evtx","System.UInt32[]","System.Diagnostics.Eventing.Reader.EventBookmark","Information","A diagnostic module completed troubleshooting without setting a resolution","Scenario Lifecycle","System.Collections.ObjectModel.ReadOnlyCollection`1[System.String]","System.Collections.Generic.List`1[System.Diagnostics.Eventing.Reader.EventProperty]"
"Diagnostic module {282396B2-6C46-4D66-B413-70B0445DF33C} (%SystemRoot%\system32\diagperf.dll) started troubleshooting scenario {186F47EF-626C-4670-800A-4A30756BABAD}, instance {C834089E-6DF7-4264-B622-73C28B2820F0}, original activity ID {00000000-0000-0000-0000-000000000000}.","105","0",,"4","1","13","4611686052787126272","4410","Microsoft-Windows-Diagnosis-DPS","6bba3851-2c7e-4dea-8f54-31e5afd029e3","Microsoft-Windows-Diagnosis-DPS/Operational","1384","1956","rjaf-PC4429","S-1-5-19","3/7/2015 12:27:00 PM","c834089e-6df7-4264-b622-73c28b2820f0",,"c:\users\mac_1\desktop\winevt\logs\microsoft-windows-diagnosis-dps%4operational.evtx","System.UInt32[]","System.Diagnostics.Eventing.Reader.EventBookmark","Information","A scenario instance was dispatched for troubleshooting","Scenario Lifecycle","System.Collections.ObjectModel.ReadOnlyCollection`1[System.String]","System.Collections.Generic.List`1[System.Diagnostics.Eventing.Reader.EventProperty]"
"Diagnostic module {282396B2-6C46-4D66-B413-70B0445DF33C} (%SystemRoot%\system32\diagperf.dll) detected a problem for scenario {186F47EF-626C-4670-800A-4A30756BABAD}, instance {C834089E-6DF7-4264-B622-73C28B2820F0}, original activity ID {00000000-0000-0000-0000-000000000000}.","100","0",,"4","1","12","4611686052787126272","4409","Microsoft-Windows-Diagnosis-DPS","6bba3851-2c7e-4dea-8f54-31e5afd029e3","Microsoft-Windows-Diagnosis-DPS/Operational","1384","1956","rjaf-PC4429","S-1-5-19","3/7/2015 12:27:00 PM","c834089e-6df7-4264-b622-73c28b2820f0",,"c:\users\mac_1\desktop\winevt\logs\microsoft-windows-diagnosis-dps%4operational.evtx","System.UInt32[]","System.Diagnostics.Eventing.Reader.EventBookmark","Information","A diagnostic module detected a problem","Scenario Lifecycle","System.Collections.ObjectModel.ReadOnlyCollection`1[System.String]","System.Collections.Generic.List`1[System.Diagnostics.Eventing.Reader.EventProperty]"
"Diagnostic module {A59F0643-A6CA-48E0-A7C4-4CDD258439E2} (%SystemRoot%\system32\diagperf.dll) finished troubleshooting scenario {FFC42108-4920-4ACF-A4FC-8ABDCC68ADA4}, instance {D97F2658-CED9-4FFC-9DFE-E0768C8A4FFB}, original activity ID {85F03364-B89B-0002-AC71-B0160B54D001}.  No resolution was set by the diagnostic module.","110","0",,"4","1","14","4611686052787126272","4408","Microsoft-Windows-Diagnosis-DPS","6bba3851-2c7e-4dea-8f54-31e5afd029e3","Microsoft-Windows-Diagnosis-DPS/Operational","1384","4092","rjaf-PC4429","S-1-5-19","3/6/2015 11:38:23 AM","d97f2658-ced9-4ffc-9dfe-e0768c8a4ffb",,"c:\users\mac_1\desktop\winevt\logs\microsoft-windows-diagnosis-dps%4operational.evtx","System.UInt32[]","System.Diagnostics.Eventing.Reader.EventBookmark","Information","A diagnostic module completed troubleshooting without setting a resolution","Scenario Lifecycle","System.Collections.ObjectModel.ReadOnlyCollection`1[System.String]","System.Collections.Generic.List`1[System.Diagnostics.Eventing.Reader.EventProperty]"
"Diagnostic module {A59F0643-A6CA-48E0-A7C4-4CDD258439E2} (%SystemRoot%\system32\diagperf.dll) started troubleshooting scenario {FFC42108-4920-4ACF-A4FC-8ABDCC68ADA4}, instance {D97F2658-CED9-4FFC-9DFE-E0768C8A4FFB}, original activity ID {85F03364-B89B-0002-AC71-B0160B54D001}.","105","0",,"4","1","13","4611686052787126272","4407","Microsoft-Windows-Diagnosis-DPS","6bba3851-2c7e-4dea-8f54-31e5afd029e3","Microsoft-Windows-Diagnosis-DPS/Operational","1384","4092","rjaf-PC4429","S-1-5-19","3/6/2015 11:38:23 AM","d97f2658-ced9-4ffc-9dfe-e0768c8a4ffb",,"c:\users\mac_1\desktop\winevt\logs\microsoft-windows-diagnosis-dps%4operational.evtx","System.UInt32[]","System.Diagnostics.Eventing.Reader.EventBookmark","Information","A scenario instance was dispatched for troubleshooting","Scenario Lifecycle","System.Collections.ObjectModel.ReadOnlyCollection`1[System.String]","System.Collections.Generic.List`1[System.Diagnostics.Eventing.Reader.EventProperty]"
"Diagnostic module {A59F0643-A6CA-48E0-A7C4-4CDD258439E2} (%SystemRoot%\system32\diagperf.dll) detected a problem for scenario {FFC42108-4920-4ACF-A4FC-8ABDCC68ADA4}, instance {D97F2658-CED9-4FFC-9DFE-E0768C8A4FFB}, original activity ID {85F03364-B89B-0002-AC71-B0160B54D001}.","100","0",,"4","1","12","4611686052787126272","4406","Microsoft-Windows-Diagnosis-DPS","6bba3851-2c7e-4dea-8f54-31e5afd029e3","Microsoft-Windows-Diagnosis-DPS/Operational","1384","4092","rjaf-PC4429","S-1-5-19","3/6/2015 11:38:23 AM","d97f2658-ced9-4ffc-9dfe-e0768c8a4ffb",,"c:\users\mac_1\desktop\winevt\logs\microsoft-windows-diagnosis-dps%4operational.evtx","System.UInt32[]","System.Diagnostics.Eventing.Reader.EventBookmark","Information","A diagnostic module detected a problem","Scenario Lifecycle","System.Collections.ObjectModel.ReadOnlyCollection`1[System.String]","System.Collections.Generic.List`1[System.Diagnostics.Eventing.Reader.EventProperty]"
"Diagnostic module {282396B2-6C46-4D66-B413-70B0445DF33C} (%SystemRoot%\system32\diagperf.dll) finished troubleshooting scenario {186F47EF-626C-4670-800A-4A30756BABAD}, instance {5D788F6A-B9C6-4384-B105-12B516F0045C}, original activity ID {00000000-0000-0000-0000-000000000000}.  No resolution was set by the diagnostic module.","110","0",,"4","1","14","4611686052787126272","4405","Microsoft-Windows-Diagnosis-DPS","6bba3851-2c7e-4dea-8f54-31e5afd029e3","Microsoft-Windows-Diagnosis-DPS/Operational","1384","7776","rjaf-PC4429","S-1-5-19","3/6/2015 5:35:49 AM","5d788f6a-b9c6-4384-b105-12b516f0045c",,"c:\users\mac_1\desktop\winevt\logs\microsoft-windows-diagnosis-dps%4operational.evtx","System.UInt32[]","System.Diagnostics.Eventing.Reader.EventBookmark","Information","A diagnostic module completed troubleshooting without setting a resolution","Scenario Lifecycle","System.Collections.ObjectModel.ReadOnlyCollection`1[System.String]","System.Collections.Generic.List`1[System.Diagnostics.Eventing.Reader.EventProperty]"
"Diagnostic module {282396B2-6C46-4D66-B413-70B0445DF33C} (%SystemRoot%\system32\diagperf.dll) started troubleshooting scenario {186F47EF-626C-4670-800A-4A30756BABAD}, instance {5D788F6A-B9C6-4384-B105-12B516F0045C}, original activity ID {00000000-0000-0000-0000-000000000000}.","105","0",,"4","1","13","4611686052787126272","4404","Microsoft-Windows-Diagnosis-DPS","6bba3851-2c7e-4dea-8f54-31e5afd029e3","Microsoft-Windows-Diagnosis-DPS/Operational","1384","7776","rjaf-PC4429","S-1-5-19","3/6/2015 5:35:49 AM","5d788f6a-b9c6-4384-b105-12b516f0045c",,"c:\users\mac_1\desktop\winevt\logs\microsoft-windows-diagnosis-dps%4operational.evtx","System.UInt32[]","System.Diagnostics.Eventing.Reader.EventBookmark","Information","A scenario instance was dispatched for troubleshooting","Scenario Lifecycle","System.Collections.ObjectModel.ReadOnlyCollection`1[System.String]","System.Collections.Generic.List`1[System.Diagnostics.Eventing.Reader.EventProperty]"
"Diagnostic module {282396B2-6C46-4D66-B413-70B0445DF33C} (%SystemRoot%\system32\diagperf.dll) detected a problem for scenario {186F47EF-626C-4670-800A-4A30756BABAD}, instance {5D788F6A-B9C6-4384-B105-12B516F0045C}, original activity ID {00000000-0000-0000-0000-000000000000}.","100","0",,"4","1","12","4611686052787126272","4403","Microsoft-Windows-Diagnosis-DPS","6bba3851-2c7e-4dea-8f54-31e5afd029e3","Microsoft-Windows-Diagnosis-DPS/Operational","1384","7776","rjaf-PC4429","S-1-5-19","3/6/2015 5:35:49 AM","5d788f6a-b9c6-4384-b105-12b516f0045c",,"c:\users\mac_1\desktop\winevt\logs\microsoft-windows-diagnosis-dps%4operational.evtx","System.UInt32[]","System.Diagnostics.Eventing.Reader.EventBookmark","Information","A diagnostic module detected a problem","Scenario Lifecycle","System.Collections.ObjectModel.ReadOnlyCollection`1[System.String]","System.Collections.Generic.List`1[System.Diagnostics.Eventing.Reader.EventProperty]"
"Diagnostic module {A59F0643-A6CA-48E0-A7C4-4CDD258439E2} (%SystemRoot%\system32\diagperf.dll) finished troubleshooting scenario {FFC42108-4920-4ACF-A4FC-8ABDCC68ADA4}, instance {DDA7CF02-38EC-4521-83F3-2E168C8B6F12}, original activity ID {85F03364-B89B-0002-AC71-B0160B54D001}.  No resolution was set by the diagnostic module.","110","0",,"4","1","14","4611686052787126272","4402","Microsoft-Windows-Diagnosis-DPS","6bba3851-2c7e-4dea-8f54-31e5afd029e3","Microsoft-Windows-Diagnosis-DPS/Operational","1384","5240","rjaf-PC4429","S-1-5-19","3/4/2015 5:00:19 PM","dda7cf02-38ec-4521-83f3-2e168c8b6f12",,"c:\users\mac_1\desktop\winevt\logs\microsoft-windows-diagnosis-dps%4operational.evtx","System.UInt32[]","System.Diagnostics.Eventing.Reader.EventBookmark","Information","A diagnostic module completed troubleshooting without setting a resolution","Scenario Lifecycle","System.Collections.ObjectModel.ReadOnlyCollection`1[System.String]","System.Collections.Generic.List`1[System.Diagnostics.Eventing.Reader.EventProperty]"
"Diagnostic module {A59F0643-A6CA-48E0-A7C4-4CDD258439E2} (%SystemRoot%\system32\diagperf.dll) started troubleshooting scenario {FFC42108-4920-4ACF-A4FC-8ABDCC68ADA4}, instance {DDA7CF02-38EC-4521-83F3-2E168C8B6F12}, original activity ID {85F03364-B89B-0002-AC71-B0160B54D001}.","105","0",,"4","1","13","4611686052787126272","4401","Microsoft-Windows-Diagnosis-DPS","6bba3851-2c7e-4dea-8f54-31e5afd029e3","Microsoft-Windows-Diagnosis-DPS/Operational","1384","5220","rjaf-PC4429","S-1-5-19","3/4/2015 5:00:19 PM","dda7cf02-38ec-4521-83f3-2e168c8b6f12",,"c:\users\mac_1\desktop\winevt\logs\microsoft-windows-diagnosis-dps%4operational.evtx","System.UInt32[]","System.Diagnostics.Eventing.Reader.EventBookmark","Information","A scenario instance was dispatched for troubleshooting","Scenario Lifecycle","System.Collections.ObjectModel.ReadOnlyCollection`1[System.String]","System.Collections.Generic.List`1[System.Diagnostics.Eventing.Reader.EventProperty]"
"Diagnostic module {A59F0643-A6CA-48E0-A7C4-4CDD258439E2} (%SystemRoot%\system32\diagperf.dll) detected a problem for scenario {FFC42108-4920-4ACF-A4FC-8ABDCC68ADA4}, instance {DDA7CF02-38EC-4521-83F3-2E168C8B6F12}, original activity ID {85F03364-B89B-0002-AC71-B0160B54D001}.","100","0",,"4","1","12","4611686052787126272","4400","Microsoft-Windows-Diagnosis-DPS","6bba3851-2c7e-4dea-8f54-31e5afd029e3","Microsoft-Windows-Diagnosis-DPS/Operational","1384","5220","rjaf-PC4429","S-1-5-19","3/4/2015 5:00:19 PM","dda7cf02-38ec-4521-83f3-2e168c8b6f12",,"c:\users\mac_1\desktop\winevt\logs\microsoft-windows-diagnosis-dps%4operational.evtx","System.UInt32[]","System.Diagnostics.Eventing.Reader.EventBookmark","Information","A diagnostic module detected a problem","Scenario Lifecycle","System.Collections.ObjectModel.ReadOnlyCollection`1[System.String]","System.Collections.Generic.List`1[System.Diagnostics.Eventing.Reader.EventProperty]"
"Diagnostic module {282396B2-6C46-4D66-B413-70B0445DF33C} (%SystemRoot%\system32\diagperf.dll) finished troubleshooting scenario {186F47EF-626C-4670-800A-4A30756BABAD}, instance {BCD471E1-A38A-4166-BC80-71DDF52D59B7}, original activity ID {00000000-0000-0000-0000-000000000000}.  No resolution was set by the diagnostic module.","110","0",,"4","1","14","4611686052787126272","4399","Microsoft-Windows-Diagnosis-DPS","6bba3851-2c7e-4dea-8f54-31e5afd029e3","Microsoft-Windows-Diagnosis-DPS/Operational","1384","2924","rjaf-PC4429","S-1-5-19","3/4/2015 9:26:44 AM","bcd471e1-a38a-4166-bc80-71ddf52d59b7",,"c:\users\mac_1\desktop\winevt\logs\microsoft-windows-diagnosis-dps%4operational.evtx","System.UInt32[]","System.Diagnostics.Eventing.Reader.EventBookmark","Information","A diagnostic module completed troubleshooting without setting a resolution","Scenario Lifecycle","System.Collections.ObjectModel.ReadOnlyCollection`1[System.String]","System.Collections.Generic.List`1[System.Diagnostics.Eventing.Reader.EventProperty]"
"Diagnostic module {282396B2-6C46-4D66-B413-70B0445DF33C} (%SystemRoot%\system32\diagperf.dll) started troubleshooting scenario {186F47EF-626C-4670-800A-4A30756BABAD}, instance {BCD471E1-A38A-4166-BC80-71DDF52D59B7}, original activity ID {00000000-0000-0000-0000-000000000000}.","105","0",,"4","1","13","4611686052787126272","4398","Microsoft-Windows-Diagnosis-DPS","6bba3851-2c7e-4dea-8f54-31e5afd029e3","Microsoft-Windows-Diagnosis-DPS/Operational","1384","2924","rjaf-PC4429","S-1-5-19","3/4/2015 9:26:44 AM","bcd471e1-a38a-4166-bc80-71ddf52d59b7",,"c:\users\mac_1\desktop\winevt\logs\microsoft-windows-diagnosis-dps%4operational.evtx","System.UInt32[]","System.Diagnostics.Eventing.Reader.EventBookmark","Information","A scenario instance was dispatched for troubleshooting","Scenario Lifecycle","System.Collections.ObjectModel.ReadOnlyCollection`1[System.String]","System.Collections.Generic.List`1[System.Diagnostics.Eventing.Reader.EventProperty]"
"Diagnostic module {282396B2-6C46-4D66-B413-70B0445DF33C} (%SystemRoot%\system32\diagperf.dll) detected a problem for scenario {186F47EF-626C-4670-800A-4A30756BABAD}, instance {BCD471E1-A38A-4166-BC80-71DDF52D59B7}, original activity ID {00000000-0000-0000-0000-000000000000}.","100","0",,"4","1","12","4611686052787126272","4397","Microsoft-Windows-Diagnosis-DPS","6bba3851-2c7e-4dea-8f54-31e5afd029e3","Microsoft-Windows-Diagnosis-DPS/Operational","1384","2924","rjaf-PC4429","S-1-5-19","3/4/2015 9:26:44 AM","bcd471e1-a38a-4166-bc80-71ddf52d59b7",,"c:\users\mac_1\desktop\winevt\logs\microsoft-windows-diagnosis-dps%4operational.evtx","System.UInt32[]","System.Diagnostics.Eventing.Reader.EventBookmark","Information","A diagnostic module detected a problem","Scenario Lifecycle","System.Collections.ObjectModel.ReadOnlyCollection`1[System.String]","System.Collections.Generic.List`1[System.Diagnostics.Eventing.Reader.EventProperty]"
"Diagnostic module {282396B2-6C46-4D66-B413-70B0445DF33C} (%SystemRoot%\system32\diagperf.dll) finished troubleshooting scenario {186F47EF-626C-4670-800A-4A30756BABAD}, instance {380E83A5-CF22-4C4E-975F-67E84BDC1147}, original activity ID {00000000-0000-0000-0000-000000000000}.  No resolution was set by the diagnostic module.","110","0",,"4","1","14","4611686052787126272","4396","Microsoft-Windows-Diagnosis-DPS","6bba3851-2c7e-4dea-8f54-31e5afd029e3","Microsoft-Windows-Diagnosis-DPS/Operational","1384","8072","rjaf-PC4429","S-1-5-19","3/4/2015 8:54:22 AM","380e83a5-cf22-4c4e-975f-67e84bdc1147",,"c:\users\mac_1\desktop\winevt\logs\microsoft-windows-diagnosis-dps%4operational.evtx","System.UInt32[]","System.Diagnostics.Eventing.Reader.EventBookmark","Information","A diagnostic module completed troubleshooting without setting a resolution","Scenario Lifecycle","System.Collections.ObjectModel.ReadOnlyCollection`1[System.String]","System.Collections.Generic.List`1[System.Diagnostics.Eventing.Reader.EventProperty]"
"Diagnostic module {282396B2-6C46-4D66-B413-70B0445DF33C} (%SystemRoot%\system32\diagperf.dll) started troubleshooting scenario {186F47EF-626C-4670-800A-4A30756BABAD}, instance {380E83A5-CF22-4C4E-975F-67E84BDC1147}, original activity ID {00000000-0000-0000-0000-000000000000}.","105","0",,"4","1","13","4611686052787126272","4395","Microsoft-Windows-Diagnosis-DPS","6bba3851-2c7e-4dea-8f54-31e5afd029e3","Microsoft-Windows-Diagnosis-DPS/Operational","1384","8072","rjaf-PC4429","S-1-5-19","3/4/2015 8:54:22 AM","380e83a5-cf22-4c4e-975f-67e84bdc1147",,"c:\users\mac_1\desktop\winevt\logs\microsoft-windows-diagnosis-dps%4operational.evtx","System.UInt32[]","System.Diagnostics.Eventing.Reader.EventBookmark","Information","A scenario instance was dispatched for troubleshooting","Scenario Lifecycle","System.Collections.ObjectModel.ReadOnlyCollection`1[System.String]","System.Collections.Generic.List`1[System.Diagnostics.Eventing.Reader.EventProperty]"
"Diagnostic module {282396B2-6C46-4D66-B413-70B0445DF33C} (%SystemRoot%\system32\diagperf.dll) detected a problem for scenario {186F47EF-626C-4670-800A-4A30756BABAD}, instance {380E83A5-CF22-4C4E-975F-67E84BDC1147}, original activity ID {00000000-0000-0000-0000-000000000000}.","100","0",,"4","1","12","4611686052787126272","4394","Microsoft-Windows-Diagnosis-DPS","6bba3851-2c7e-4dea-8f54-31e5afd029e3","Microsoft-Windows-Diagnosis-DPS/Operational","1384","8072","rjaf-PC4429","S-1-5-19","3/4/2015 8:54:22 AM","380e83a5-cf22-4c4e-975f-67e84bdc1147",,"c:\users\mac_1\desktop\winevt\logs\microsoft-windows-diagnosis-dps%4operational.evtx","System.UInt32[]","System.Diagnostics.Eventing.Reader.EventBookmark","Information","A diagnostic module detected a problem","Scenario Lifecycle","System.Collections.ObjectModel.ReadOnlyCollection`1[System.String]","System.Collections.Generic.List`1[System.Diagnostics.Eventing.Reader.EventProperty]"
"Diagnostic module {282396B2-6C46-4D66-B413-70B0445DF33C} (%SystemRoot%\system32\diagperf.dll) finished troubleshooting scenario {186F47EF-626C-4670-800A-4A30756BABAD}, instance {C62A2203-A213-4FC2-BECD-72B886CD9672}, original activity ID {00000000-0000-0000-0000-000000000000}.  No resolution was set by the diagnostic module.","110","0",,"4","1","14","4611686052787126272","4393","Microsoft-Windows-Diagnosis-DPS","6bba3851-2c7e-4dea-8f54-31e5afd029e3","Microsoft-Windows-Diagnosis-DPS/Operational","1384","1996","rjaf-PC4429","S-1-5-19","3/4/2015 8:21:30 AM","c62a2203-a213-4fc2-becd-72b886cd9672",,"c:\users\mac_1\desktop\winevt\logs\microsoft-windows-diagnosis-dps%4operational.evtx","System.UInt32[]","System.Diagnostics.Eventing.Reader.EventBookmark","Information","A diagnostic module completed troubleshooting without setting a resolution","Scenario Lifecycle","System.Collections.ObjectModel.ReadOnlyCollection`1[System.String]","System.Collections.Generic.List`1[System.Diagnostics.Eventing.Reader.EventProperty]"
"Diagnostic module {282396B2-6C46-4D66-B413-70B0445DF33C} (%SystemRoot%\system32\diagperf.dll) started troubleshooting scenario {186F47EF-626C-4670-800A-4A30756BABAD}, instance {C62A2203-A213-4FC2-BECD-72B886CD9672}, original activity ID {00000000-0000-0000-0000-000000000000}.","105","0",,"4","1","13","4611686052787126272","4392","Microsoft-Windows-Diagnosis-DPS","6bba3851-2c7e-4dea-8f54-31e5afd029e3","Microsoft-Windows-Diagnosis-DPS/Operational","1384","3308","rjaf-PC4429","S-1-5-19","3/4/2015 8:21:30 AM","c62a2203-a213-4fc2-becd-72b886cd9672",,"c:\users\mac_1\desktop\winevt\logs\microsoft-windows-diagnosis-dps%4operational.evtx","System.UInt32[]","System.Diagnostics.Eventing.Reader.EventBookmark","Information","A scenario instance was dispatched for troubleshooting","Scenario Lifecycle","System.Collections.ObjectModel.ReadOnlyCollection`1[System.String]","System.Collections.Generic.List`1[System.Diagnostics.Eventing.Reader.EventProperty]"
"Diagnostic module {282396B2-6C46-4D66-B413-70B0445DF33C} (%SystemRoot%\system32\diagperf.dll) detected a problem for scenario {186F47EF-626C-4670-800A-4A30756BABAD}, instance {C62A2203-A213-4FC2-BECD-72B886CD9672}, original activity ID {00000000-0000-0000-0000-000000000000}.","100","0",,"4","1","12","4611686052787126272","4391","Microsoft-Windows-Diagnosis-DPS","6bba3851-2c7e-4dea-8f54-31e5afd029e3","Microsoft-Windows-Diagnosis-DPS/Operational","1384","3308","rjaf-PC4429","S-1-5-19","3/4/2015 8:21:30 AM","c62a2203-a213-4fc2-becd-72b886cd9672",,"c:\users\mac_1\desktop\winevt\logs\microsoft-windows-diagnosis-dps%4operational.evtx","System.UInt32[]","System.Diagnostics.Eventing.Reader.EventBookmark","Information","A diagnostic module detected a problem","Scenario Lifecycle","System.Collections.ObjectModel.ReadOnlyCollection`1[System.String]","System.Collections.Generic.List`1[System.Diagnostics.Eventing.Reader.EventProperty]"
"Diagnostic module {5EE64AFB-398D-4EDB-AF71-3B830219ABF7} (%windir%\system32\radarrs.dll) finished resolving scenario {180B3A99-8C39-4F12-B631-2031998EFE45}, instance {17D463F9-6808-4670-BA7B-1318524FD5E6}, original activity ID {00000000-0000-0000-0000-000000000000}.","130","0",,"4","1","19","4611686052787126272","4390","Microsoft-Windows-Diagnosis-DPS","6bba3851-2c7e-4dea-8f54-31e5afd029e3","Microsoft-Windows-Diagnosis-DPS/Operational","1384","8764","rjaf-PC4429","S-1-5-19","3/4/2015 8:17:43 AM","17d463f9-6808-4670-ba7b-1318524fd5e6",,"c:\users\mac_1\desktop\winevt\logs\microsoft-windows-diagnosis-dps%4operational.evtx","System.UInt32[]","System.Diagnostics.Eventing.Reader.EventBookmark","Information","A diagnostic module completed resolution","Scenario Lifecycle","System.Collections.ObjectModel.ReadOnlyCollection`1[System.String]","System.Collections.Generic.List`1[System.Diagnostics.Eventing.Reader.EventProperty]"
"Diagnostic module {5EE64AFB-398D-4EDB-AF71-3B830219ABF7} (%windir%\system32\radarrs.dll) started resolving scenario {180B3A99-8C39-4F12-B631-2031998EFE45}, instance {17D463F9-6808-4670-BA7B-1318524FD5E6}, original activity ID {00000000-0000-0000-0000-000000000000}.","125","0",,"4","1","17","4611686052787126272","4389","Microsoft-Windows-Diagnosis-DPS","6bba3851-2c7e-4dea-8f54-31e5afd029e3","Microsoft-Windows-Diagnosis-DPS/Operational","1384","8764","rjaf-PC4429","S-1-5-19","3/4/2015 8:17:34 AM","17d463f9-6808-4670-ba7b-1318524fd5e6",,"c:\users\mac_1\desktop\winevt\logs\microsoft-windows-diagnosis-dps%4operational.evtx","System.UInt32[]","System.Diagnostics.Eventing.Reader.EventBookmark","Information","A scenario instance was dispatched for resolution","Scenario Lifecycle","System.Collections.ObjectModel.ReadOnlyCollection`1[System.String]","System.Collections.Generic.List`1[System.Diagnostics.Eventing.Reader.EventProperty]"
"Diagnostic module {45DE1EA9-10BC-4F96-9B21-4B6B83DBF476} (%windir%\system32\radardt.dll) finished troubleshooting scenario {180B3A99-8C39-4F12-B631-2031998EFE45}, instance {17D463F9-6808-4670-BA7B-1318524FD5E6}, original activity ID {00000000-0000-0000-0000-000000000000}.  It set resolution {5EE64AFB-398D-4EDB-AF71-3B830219ABF7} for user S-1-5-21-1634558665-2257203147-3060767804-1000 in session 1 with expiration date ?1601?-?01?-?01T00:00:00.000000000Z.  The resolution will be started immediately.","115","0",,"4","1","15","4611686052787126272","4388","Microsoft-Windows-Diagnosis-DPS","6bba3851-2c7e-4dea-8f54-31e5afd029e3","Microsoft-Windows-Diagnosis-DPS/Operational","1384","7088","rjaf-PC4429","S-1-5-19","3/4/2015 8:17:34 AM","17d463f9-6808-4670-ba7b-1318524fd5e6",,"c:\users\mac_1\desktop\winevt\logs\microsoft-windows-diagnosis-dps%4operational.evtx","System.UInt32[]","System.Diagnostics.Eventing.Reader.EventBookmark","Information","A diagnostic module completed troubleshooting and set an immediate resolution","Scenario Lifecycle","System.Collections.ObjectModel.ReadOnlyCollection`1[System.String]","System.Collections.Generic.List`1[System.Diagnostics.Eventing.Reader.EventProperty]"
"Diagnostic module {45DE1EA9-10BC-4F96-9B21-4B6B83DBF476} (%windir%\system32\radardt.dll) started troubleshooting scenario {180B3A99-8C39-4F12-B631-2031998EFE45}, instance {17D463F9-6808-4670-BA7B-1318524FD5E6}, original activity ID {00000000-0000-0000-0000-000000000000}.","105","0",,"4","1","13","4611686052787126272","4387","Microsoft-Windows-Diagnosis-DPS","6bba3851-2c7e-4dea-8f54-31e5afd029e3","Microsoft-Windows-Diagnosis-DPS/Operational","1384","7088","rjaf-PC4429","S-1-5-19","3/4/2015 8:17:34 AM","17d463f9-6808-4670-ba7b-1318524fd5e6",,"c:\users\mac_1\desktop\winevt\logs\microsoft-windows-diagnosis-dps%4operational.evtx","System.UInt32[]","System.Diagnostics.Eventing.Reader.EventBookmark","Information","A scenario instance was dispatched for troubleshooting","Scenario Lifecycle","System.Collections.ObjectModel.ReadOnlyCollection`1[System.String]","System.Collections.Generic.List`1[System.Diagnostics.Eventing.Reader.EventProperty]"
"Diagnostic module {45DE1EA9-10BC-4F96-9B21-4B6B83DBF476} (%windir%\system32\radardt.dll) detected a problem for scenario {180B3A99-8C39-4F12-B631-2031998EFE45}, instance {17D463F9-6808-4670-BA7B-1318524FD5E6}, original activity ID {00000000-0000-0000-0000-000000000000}.","100","0",,"4","1","12","4611686052787126272","4386","Microsoft-Windows-Diagnosis-DPS","6bba3851-2c7e-4dea-8f54-31e5afd029e3","Microsoft-Windows-Diagnosis-DPS/Operational","1384","7088","rjaf-PC4429","S-1-5-19","3/4/2015 8:17:34 AM","17d463f9-6808-4670-ba7b-1318524fd5e6",,"c:\users\mac_1\desktop\winevt\logs\microsoft-windows-diagnosis-dps%4operational.evtx","System.UInt32[]","System.Diagnostics.Eventing.Reader.EventBookmark","Information","A diagnostic module detected a problem","Scenario Lifecycle","System.Collections.ObjectModel.ReadOnlyCollection`1[System.String]","System.Collections.Generic.List`1[System.Diagnostics.Eventing.Reader.EventProperty]"
"Diagnostic module {A59F0643-A6CA-48E0-A7C4-4CDD258439E2} (%SystemRoot%\system32\diagperf.dll) finished troubleshooting scenario {FFC42108-4920-4ACF-A4FC-8ABDCC68ADA4}, instance {5D99FD4B-A456-465E-8F7F-625040DF162D}, original activity ID {85F03364-B89B-0002-AC71-B0160B54D001}.  No resolution was set by the diagnostic module.","110","0",,"4","1","14","4611686052787126272","4385","Microsoft-Windows-Diagnosis-DPS","6bba3851-2c7e-4dea-8f54-31e5afd029e3","Microsoft-Windows-Diagnosis-DPS/Operational","1384","10340","rjaf-PC4429","S-1-5-19","3/4/2015 4:51:29 AM","5d99fd4b-a456-465e-8f7f-625040df162d",,"c:\users\mac_1\desktop\winevt\logs\microsoft-windows-diagnosis-dps%4operational.evtx","System.UInt32[]","System.Diagnostics.Eventing.Reader.EventBookmark","Information","A diagnostic module completed troubleshooting without setting a resolution","Scenario Lifecycle","System.Collections.ObjectModel.ReadOnlyCollection`1[System.String]","System.Collections.Generic.List`1[System.Diagnostics.Eventing.Reader.EventProperty]"
"Diagnostic module {A59F0643-A6CA-48E0-A7C4-4CDD258439E2} (%SystemRoot%\system32\diagperf.dll) started troubleshooting scenario {FFC42108-4920-4ACF-A4FC-8ABDCC68ADA4}, instance {5D99FD4B-A456-465E-8F7F-625040DF162D}, original activity ID {85F03364-B89B-0002-AC71-B0160B54D001}.","105","0",,"4","1","13","4611686052787126272","4384","Microsoft-Windows-Diagnosis-DPS","6bba3851-2c7e-4dea-8f54-31e5afd029e3","Microsoft-Windows-Diagnosis-DPS/Operational","1384","10340","rjaf-PC4429","S-1-5-19","3/4/2015 4:51:29 AM","5d99fd4b-a456-465e-8f7f-625040df162d",,"c:\users\mac_1\desktop\winevt\logs\microsoft-windows-diagnosis-dps%4operational.evtx","System.UInt32[]","System.Diagnostics.Eventing.Reader.EventBookmark","Information","A scenario instance was dispatched for troubleshooting","Scenario Lifecycle","System.Collections.ObjectModel.ReadOnlyCollection`1[System.String]","System.Collections.Generic.List`1[System.Diagnostics.Eventing.Reader.EventProperty]"
"Diagnostic module {A59F0643-A6CA-48E0-A7C4-4CDD258439E2} (%SystemRoot%\system32\diagperf.dll) detected a problem for scenario {FFC42108-4920-4ACF-A4FC-8ABDCC68ADA4}, instance {5D99FD4B-A456-465E-8F7F-625040DF162D}, original activity ID {85F03364-B89B-0002-AC71-B0160B54D001}.","100","0",,"4","1","12","4611686052787126272","4383","Microsoft-Windows-Diagnosis-DPS","6bba3851-2c7e-4dea-8f54-31e5afd029e3","Microsoft-Windows-Diagnosis-DPS/Operational","1384","10340","rjaf-PC4429","S-1-5-19","3/4/2015 4:51:29 AM","5d99fd4b-a456-465e-8f7f-625040df162d",,"c:\users\mac_1\desktop\winevt\logs\microsoft-windows-diagnosis-dps%4operational.evtx","System.UInt32[]","System.Diagnostics.Eventing.Reader.EventBookmark","Information","A diagnostic module detected a problem","Scenario Lifecycle","System.Collections.ObjectModel.ReadOnlyCollection`1[System.String]","System.Collections.Generic.List`1[System.Diagnostics.Eventing.Reader.EventProperty]"
"Diagnostic module {282396B2-6C46-4D66-B413-70B0445DF33C} (%SystemRoot%\system32\diagperf.dll) finished troubleshooting scenario {186F47EF-626C-4670-800A-4A30756BABAD}, instance {6245ABF1-DCA8-403D-B469-E461E2039256}, original activity ID {00000000-0000-0000-0000-000000000000}.  No resolution was set by the diagnostic module.","110","0",,"4","1","14","4611686052787126272","4382","Microsoft-Windows-Diagnosis-DPS","6bba3851-2c7e-4dea-8f54-31e5afd029e3","Microsoft-Windows-Diagnosis-DPS/Operational","1384","5132","rjaf-PC4429","S-1-5-19","3/4/2015 3:44:35 AM","6245abf1-dca8-403d-b469-e461e2039256",,"c:\users\mac_1\desktop\winevt\logs\microsoft-windows-diagnosis-dps%4operational.evtx","System.UInt32[]","System.Diagnostics.Eventing.Reader.EventBookmark","Information","A diagnostic module completed troubleshooting without setting a resolution","Scenario Lifecycle","System.Collections.ObjectModel.ReadOnlyCollection`1[System.String]","System.Collections.Generic.List`1[System.Diagnostics.Eventing.Reader.EventProperty]"
