"ACPI thermal zone ACPI\ThermalZone\TZ00 has engaged active cooling.             
EventTime = ?2015?-?05?-?12T12:30:12.710409100Z             
_AC0 = 358K             
_AC1 = 328K             
_AC2 = 273K             
_AC3 = 273K             
_AC4 = 273K             
_AC5 = 0K             
_AC6 = 0K             
_AC7 = 0K             
_AC8 = 0K             
_AC9 = 0K             
_TMP = 301K","84","0",,"4","81","0","1152921504606847008","351","Microsoft-Windows-Kernel-Power","331c3b3a-2005-44c2-ac5e-77220c37d6b4","Microsoft-Windows-Kernel-Power/Thermal-Operational","4","52","rjaf-PC4429","S-1-5-18","5/12/2015 2:30:12 AM",,,"c:\users\mac_1\desktop\winevt\logs\microsoft-windows-kernel-power%4thermal-operational.evtx","System.UInt32[]","System.Diagnostics.Eventing.Reader.EventBookmark","Information","Info",,"System.Collections.ObjectModel.ReadOnlyCollection`1[System.String]","System.Collections.Generic.List`1[System.Diagnostics.Eventing.Reader.EventProperty]"
"ACPI thermal zone ACPI\ThermalZone\TZ00 has engaged active cooling.             
EventTime = ?2015?-?05?-?12T12:20:18.552810600Z             
_AC0 = 358K             
_AC1 = 328K             
_AC2 = 273K             
_AC3 = 273K             
_AC4 = 273K             
_AC5 = 0K             
_AC6 = 0K             
_AC7 = 0K             
_AC8 = 0K             
_AC9 = 0K             
_TMP = 301K","84","0",,"4","81","0","1152921504606847008","350","Microsoft-Windows-Kernel-Power","331c3b3a-2005-44c2-ac5e-77220c37d6b4","Microsoft-Windows-Kernel-Power/Thermal-Operational","4","56","rjaf-PC4429","S-1-5-18","5/12/2015 2:20:18 AM",,,"c:\users\mac_1\desktop\winevt\logs\microsoft-windows-kernel-power%4thermal-operational.evtx","System.UInt32[]","System.Diagnostics.Eventing.Reader.EventBookmark","Information","Info",,"System.Collections.ObjectModel.ReadOnlyCollection`1[System.String]","System.Collections.Generic.List`1[System.Diagnostics.Eventing.Reader.EventProperty]"
"ACPI thermal zone ACPI\ThermalZone\TZ00 has engaged active cooling.             
EventTime = ?2015?-?05?-?12T10:11:47.819609300Z             
_AC0 = 358K             
_AC1 = 328K             
_AC2 = 273K             
_AC3 = 273K             
_AC4 = 273K             
_AC5 = 0K             
_AC6 = 0K             
_AC7 = 0K             
_AC8 = 0K             
_AC9 = 0K             
_TMP = 301K","84","0",,"4","81","0","1152921504606847008","349","Microsoft-Windows-Kernel-Power","331c3b3a-2005-44c2-ac5e-77220c37d6b4","Microsoft-Windows-Kernel-Power/Thermal-Operational","4","56","rjaf-PC4429","S-1-5-18","5/12/2015 12:11:47 AM",,,"c:\users\mac_1\desktop\winevt\logs\microsoft-windows-kernel-power%4thermal-operational.evtx","System.UInt32[]","System.Diagnostics.Eventing.Reader.EventBookmark","Information","Info",,"System.Collections.ObjectModel.ReadOnlyCollection`1[System.String]","System.Collections.Generic.List`1[System.Diagnostics.Eventing.Reader.EventProperty]"
"ACPI thermal zone ACPI\ThermalZone\TZ00 has engaged active cooling.             
EventTime = ?2015?-?05?-?11T10:29:43.393613800Z             
_AC0 = 358K             
_AC1 = 328K             
_AC2 = 273K             
_AC3 = 273K             
_AC4 = 273K             
_AC5 = 0K             
_AC6 = 0K             
_AC7 = 0K             
_AC8 = 0K             
_AC9 = 0K             
_TMP = 301K","84","0",,"4","81","0","1152921504606847008","348","Microsoft-Windows-Kernel-Power","331c3b3a-2005-44c2-ac5e-77220c37d6b4","Microsoft-Windows-Kernel-Power/Thermal-Operational","4","52","rjaf-PC4429","S-1-5-18","5/11/2015 12:29:43 AM",,,"c:\users\mac_1\desktop\winevt\logs\microsoft-windows-kernel-power%4thermal-operational.evtx","System.UInt32[]","System.Diagnostics.Eventing.Reader.EventBookmark","Information","Info",,"System.Collections.ObjectModel.ReadOnlyCollection`1[System.String]","System.Collections.Generic.List`1[System.Diagnostics.Eventing.Reader.EventProperty]"
"ACPI thermal zone ACPI\ThermalZone\TZ00 has engaged active cooling.             
EventTime = ?2015?-?05?-?10T10:57:40.164408100Z             
_AC0 = 358K             
_AC1 = 328K             
_AC2 = 273K             
_AC3 = 273K             
_AC4 = 273K             
_AC5 = 0K             
_AC6 = 0K             
_AC7 = 0K             
_AC8 = 0K             
_AC9 = 0K             
_TMP = 301K","84","0",,"4","81","0","1152921504606847008","347","Microsoft-Windows-Kernel-Power","331c3b3a-2005-44c2-ac5e-77220c37d6b4","Microsoft-Windows-Kernel-Power/Thermal-Operational","4","48","rjaf-PC4429","S-1-5-18","5/10/2015 12:57:40 AM",,,"c:\users\mac_1\desktop\winevt\logs\microsoft-windows-kernel-power%4thermal-operational.evtx","System.UInt32[]","System.Diagnostics.Eventing.Reader.EventBookmark","Information","Info",,"System.Collections.ObjectModel.ReadOnlyCollection`1[System.String]","System.Collections.Generic.List`1[System.Diagnostics.Eventing.Reader.EventProperty]"
"ACPI thermal zone ACPI\ThermalZone\TZ00 has engaged active cooling.             
EventTime = ?2015?-?05?-?09T17:11:47.476408700Z             
_AC0 = 358K             
_AC1 = 328K             
_AC2 = 273K             
_AC3 = 273K             
_AC4 = 273K             
_AC5 = 0K             
_AC6 = 0K             
_AC7 = 0K             
_AC8 = 0K             
_AC9 = 0K             
_TMP = 301K","84","0",,"4","81","0","1152921504606847008","346","Microsoft-Windows-Kernel-Power","331c3b3a-2005-44c2-ac5e-77220c37d6b4","Microsoft-Windows-Kernel-Power/Thermal-Operational","4","60","rjaf-PC4429","S-1-5-18","5/9/2015 7:11:47 AM",,,"c:\users\mac_1\desktop\winevt\logs\microsoft-windows-kernel-power%4thermal-operational.evtx","System.UInt32[]","System.Diagnostics.Eventing.Reader.EventBookmark","Information","Info",,"System.Collections.ObjectModel.ReadOnlyCollection`1[System.String]","System.Collections.Generic.List`1[System.Diagnostics.Eventing.Reader.EventProperty]"
"ACPI thermal zone ACPI\ThermalZone\TZ00 has engaged active cooling.             
EventTime = ?2015?-?05?-?09T14:44:33.336008500Z             
_AC0 = 358K             
_AC1 = 328K             
_AC2 = 273K             
_AC3 = 273K             
_AC4 = 273K             
_AC5 = 0K             
_AC6 = 0K             
_AC7 = 0K             
_AC8 = 0K             
_AC9 = 0K             
_TMP = 301K","84","0",,"4","81","0","1152921504606847008","345","Microsoft-Windows-Kernel-Power","331c3b3a-2005-44c2-ac5e-77220c37d6b4","Microsoft-Windows-Kernel-Power/Thermal-Operational","4","44","rjaf-PC4429","S-1-5-18","5/9/2015 4:44:33 AM",,,"c:\users\mac_1\desktop\winevt\logs\microsoft-windows-kernel-power%4thermal-operational.evtx","System.UInt32[]","System.Diagnostics.Eventing.Reader.EventBookmark","Information","Info",,"System.Collections.ObjectModel.ReadOnlyCollection`1[System.String]","System.Collections.Generic.List`1[System.Diagnostics.Eventing.Reader.EventProperty]"
"ACPI thermal zone ACPI\ThermalZone\TZ00 has engaged active cooling.             
EventTime = ?2015?-?05?-?09T14:33:04.039607900Z             
_AC0 = 358K             
_AC1 = 328K             
_AC2 = 273K             
_AC3 = 273K             
_AC4 = 273K             
_AC5 = 0K             
_AC6 = 0K             
_AC7 = 0K             
_AC8 = 0K             
_AC9 = 0K             
_TMP = 301K","84","0",,"4","81","0","1152921504606847008","344","Microsoft-Windows-Kernel-Power","331c3b3a-2005-44c2-ac5e-77220c37d6b4","Microsoft-Windows-Kernel-Power/Thermal-Operational","4","60","rjaf-PC4429","S-1-5-18","5/9/2015 4:33:04 AM",,,"c:\users\mac_1\desktop\winevt\logs\microsoft-windows-kernel-power%4thermal-operational.evtx","System.UInt32[]","System.Diagnostics.Eventing.Reader.EventBookmark","Information","Info",,"System.Collections.ObjectModel.ReadOnlyCollection`1[System.String]","System.Collections.Generic.List`1[System.Diagnostics.Eventing.Reader.EventProperty]"
"ACPI thermal zone ACPI\ThermalZone\TZ00 has engaged active cooling.             
EventTime = ?2015?-?05?-?09T05:44:37.492008700Z             
_AC0 = 358K             
_AC1 = 328K             
_AC2 = 273K             
_AC3 = 273K             
_AC4 = 273K             
_AC5 = 0K             
_AC6 = 0K             
_AC7 = 0K             
_AC8 = 0K             
_AC9 = 0K             
_TMP = 301K","84","0",,"4","81","0","1152921504606847008","343","Microsoft-Windows-Kernel-Power","331c3b3a-2005-44c2-ac5e-77220c37d6b4","Microsoft-Windows-Kernel-Power/Thermal-Operational","4","44","rjaf-PC4429","S-1-5-18","5/8/2015 7:44:37 PM",,,"c:\users\mac_1\desktop\winevt\logs\microsoft-windows-kernel-power%4thermal-operational.evtx","System.UInt32[]","System.Diagnostics.Eventing.Reader.EventBookmark","Information","Info",,"System.Collections.ObjectModel.ReadOnlyCollection`1[System.String]","System.Collections.Generic.List`1[System.Diagnostics.Eventing.Reader.EventProperty]"
"ACPI thermal zone ACPI\ThermalZone\TZ00 has engaged active cooling.             
EventTime = ?2015?-?05?-?08T21:20:42.050413200Z             
_AC0 = 358K             
_AC1 = 328K             
_AC2 = 273K             
_AC3 = 273K             
_AC4 = 273K             
_AC5 = 0K             
_AC6 = 0K             
_AC7 = 0K             
_AC8 = 0K             
_AC9 = 0K             
_TMP = 301K","84","0",,"4","81","0","1152921504606847008","342","Microsoft-Windows-Kernel-Power","331c3b3a-2005-44c2-ac5e-77220c37d6b4","Microsoft-Windows-Kernel-Power/Thermal-Operational","4","68","rjaf-PC4429","S-1-5-18","5/8/2015 11:20:42 AM",,,"c:\users\mac_1\desktop\winevt\logs\microsoft-windows-kernel-power%4thermal-operational.evtx","System.UInt32[]","System.Diagnostics.Eventing.Reader.EventBookmark","Information","Info",,"System.Collections.ObjectModel.ReadOnlyCollection`1[System.String]","System.Collections.Generic.List`1[System.Diagnostics.Eventing.Reader.EventProperty]"
"ACPI thermal zone ACPI\ThermalZone\TZ00 has engaged active cooling.             
EventTime = ?2015?-?05?-?08T21:16:29.946007800Z             
_AC0 = 358K             
_AC1 = 328K             
_AC2 = 273K             
_AC3 = 273K             
_AC4 = 273K             
_AC5 = 0K             
_AC6 = 0K             
_AC7 = 0K             
_AC8 = 0K             
_AC9 = 0K             
_TMP = 301K","84","0",,"4","81","0","1152921504606847008","341","Microsoft-Windows-Kernel-Power","331c3b3a-2005-44c2-ac5e-77220c37d6b4","Microsoft-Windows-Kernel-Power/Thermal-Operational","4","52","rjaf-PC4429","S-1-5-18","5/8/2015 11:16:29 AM",,,"c:\users\mac_1\desktop\winevt\logs\microsoft-windows-kernel-power%4thermal-operational.evtx","System.UInt32[]","System.Diagnostics.Eventing.Reader.EventBookmark","Information","Info",,"System.Collections.ObjectModel.ReadOnlyCollection`1[System.String]","System.Collections.Generic.List`1[System.Diagnostics.Eventing.Reader.EventProperty]"
"ACPI thermal zone ACPI\ThermalZone\TZ00 has engaged active cooling.             
EventTime = ?2015?-?05?-?08T17:06:47.414008600Z             
_AC0 = 358K             
_AC1 = 328K             
_AC2 = 273K             
_AC3 = 273K             
_AC4 = 273K             
_AC5 = 0K             
_AC6 = 0K             
_AC7 = 0K             
_AC8 = 0K             
_AC9 = 0K             
_TMP = 301K","84","0",,"4","81","0","1152921504606847008","340","Microsoft-Windows-Kernel-Power","331c3b3a-2005-44c2-ac5e-77220c37d6b4","Microsoft-Windows-Kernel-Power/Thermal-Operational","4","56","rjaf-PC4429","S-1-5-18","5/8/2015 7:06:47 AM",,,"c:\users\mac_1\desktop\winevt\logs\microsoft-windows-kernel-power%4thermal-operational.evtx","System.UInt32[]","System.Diagnostics.Eventing.Reader.EventBookmark","Information","Info",,"System.Collections.ObjectModel.ReadOnlyCollection`1[System.String]","System.Collections.Generic.List`1[System.Diagnostics.Eventing.Reader.EventProperty]"
"ACPI thermal zone ACPI\ThermalZone\TZ00 has engaged active cooling.             
EventTime = ?2015?-?05?-?08T14:28:20.117608100Z             
_AC0 = 358K             
_AC1 = 328K             
_AC2 = 273K             
_AC3 = 273K             
_AC4 = 273K             
_AC5 = 0K             
_AC6 = 0K             
_AC7 = 0K             
_AC8 = 0K             
_AC9 = 0K             
_TMP = 301K","84","0",,"4","81","0","1152921504606847008","339","Microsoft-Windows-Kernel-Power","331c3b3a-2005-44c2-ac5e-77220c37d6b4","Microsoft-Windows-Kernel-Power/Thermal-Operational","4","52","rjaf-PC4429","S-1-5-18","5/8/2015 4:28:20 AM",,,"c:\users\mac_1\desktop\winevt\logs\microsoft-windows-kernel-power%4thermal-operational.evtx","System.UInt32[]","System.Diagnostics.Eventing.Reader.EventBookmark","Information","Info",,"System.Collections.ObjectModel.ReadOnlyCollection`1[System.String]","System.Collections.Generic.List`1[System.Diagnostics.Eventing.Reader.EventProperty]"
"ACPI thermal zone ACPI\ThermalZone\TZ00 has engaged active cooling.             
EventTime = ?2015?-?05?-?08T14:26:30.882009400Z             
_AC0 = 358K             
_AC1 = 328K             
_AC2 = 273K             
_AC3 = 273K             
_AC4 = 273K             
_AC5 = 0K             
_AC6 = 0K             
_AC7 = 0K             
_AC8 = 0K             
_AC9 = 0K             
_TMP = 301K","84","0",,"4","81","0","1152921504606847008","338","Microsoft-Windows-Kernel-Power","331c3b3a-2005-44c2-ac5e-77220c37d6b4","Microsoft-Windows-Kernel-Power/Thermal-Operational","4","60","rjaf-PC4429","S-1-5-18","5/8/2015 4:26:30 AM",,,"c:\users\mac_1\desktop\winevt\logs\microsoft-windows-kernel-power%4thermal-operational.evtx","System.UInt32[]","System.Diagnostics.Eventing.Reader.EventBookmark","Information","Info",,"System.Collections.ObjectModel.ReadOnlyCollection`1[System.String]","System.Collections.Generic.List`1[System.Diagnostics.Eventing.Reader.EventProperty]"
"ACPI thermal zone ACPI\ThermalZone\TZ00 has engaged active cooling.             
EventTime = ?2015?-?05?-?08T14:13:20.381210300Z             
_AC0 = 358K             
_AC1 = 328K             
_AC2 = 273K             
_AC3 = 273K             
_AC4 = 273K             
_AC5 = 0K             
_AC6 = 0K             
_AC7 = 0K             
_AC8 = 0K             
_AC9 = 0K             
_TMP = 301K","84","0",,"4","81","0","1152921504606847008","337","Microsoft-Windows-Kernel-Power","331c3b3a-2005-44c2-ac5e-77220c37d6b4","Microsoft-Windows-Kernel-Power/Thermal-Operational","4","64","rjaf-PC4429","S-1-5-18","5/8/2015 4:13:20 AM",,,"c:\users\mac_1\desktop\winevt\logs\microsoft-windows-kernel-power%4thermal-operational.evtx","System.UInt32[]","System.Diagnostics.Eventing.Reader.EventBookmark","Information","Info",,"System.Collections.ObjectModel.ReadOnlyCollection`1[System.String]","System.Collections.Generic.List`1[System.Diagnostics.Eventing.Reader.EventProperty]"
"ACPI thermal zone ACPI\ThermalZone\TZ00 has engaged active cooling.             
EventTime = ?2015?-?05?-?06T21:10:12.913209500Z             
_AC0 = 358K             
_AC1 = 328K             
_AC2 = 273K             
_AC3 = 273K             
_AC4 = 273K             
_AC5 = 0K             
_AC6 = 0K             
_AC7 = 0K             
_AC8 = 0K             
_AC9 = 0K             
_TMP = 301K","84","0",,"4","81","0","1152921504606847008","336","Microsoft-Windows-Kernel-Power","331c3b3a-2005-44c2-ac5e-77220c37d6b4","Microsoft-Windows-Kernel-Power/Thermal-Operational","4","60","rjaf-PC4429","S-1-5-18","5/6/2015 11:10:12 AM",,,"c:\users\mac_1\desktop\winevt\logs\microsoft-windows-kernel-power%4thermal-operational.evtx","System.UInt32[]","System.Diagnostics.Eventing.Reader.EventBookmark","Information","Info",,"System.Collections.ObjectModel.ReadOnlyCollection`1[System.String]","System.Collections.Generic.List`1[System.Diagnostics.Eventing.Reader.EventProperty]"
"ACPI thermal zone ACPI\ThermalZone\TZ00 has engaged active cooling.             
EventTime = ?2015?-?05?-?06T12:06:03.910013000Z             
_AC0 = 358K             
_AC1 = 328K             
_AC2 = 273K             
_AC3 = 273K             
_AC4 = 273K             
_AC5 = 0K             
_AC6 = 0K             
_AC7 = 0K             
_AC8 = 0K             
_AC9 = 0K             
_TMP = 301K","84","0",,"4","81","0","1152921504606847008","335","Microsoft-Windows-Kernel-Power","331c3b3a-2005-44c2-ac5e-77220c37d6b4","Microsoft-Windows-Kernel-Power/Thermal-Operational","4","68","rjaf-PC4429","S-1-5-18","5/6/2015 2:06:03 AM",,,"c:\users\mac_1\desktop\winevt\logs\microsoft-windows-kernel-power%4thermal-operational.evtx","System.UInt32[]","System.Diagnostics.Eventing.Reader.EventBookmark","Information","Info",,"System.Collections.ObjectModel.ReadOnlyCollection`1[System.String]","System.Collections.Generic.List`1[System.Diagnostics.Eventing.Reader.EventProperty]"
"ACPI thermal zone ACPI\ThermalZone\TZ00 has engaged active cooling.             
EventTime = ?2015?-?05?-?02T10:28:18.398408600Z             
_AC0 = 358K             
_AC1 = 328K             
_AC2 = 273K             
_AC3 = 273K             
_AC4 = 273K             
_AC5 = 0K             
_AC6 = 0K             
_AC7 = 0K             
_AC8 = 0K             
_AC9 = 0K             
_TMP = 301K","84","0",,"4","81","0","1152921504606847008","334","Microsoft-Windows-Kernel-Power","331c3b3a-2005-44c2-ac5e-77220c37d6b4","Microsoft-Windows-Kernel-Power/Thermal-Operational","4","64","rjaf-PC4429","S-1-5-18","5/2/2015 12:28:18 AM",,,"c:\users\mac_1\desktop\winevt\logs\microsoft-windows-kernel-power%4thermal-operational.evtx","System.UInt32[]","System.Diagnostics.Eventing.Reader.EventBookmark","Information","Info",,"System.Collections.ObjectModel.ReadOnlyCollection`1[System.String]","System.Collections.Generic.List`1[System.Diagnostics.Eventing.Reader.EventProperty]"
"ACPI thermal zone ACPI\ThermalZone\TZ00 has engaged active cooling.             
EventTime = ?2015?-?05?-?01T21:57:54.616808900Z             
_AC0 = 358K             
_AC1 = 328K             
_AC2 = 273K             
_AC3 = 273K             
_AC4 = 273K             
_AC5 = 0K             
_AC6 = 0K             
_AC7 = 0K             
_AC8 = 0K             
_AC9 = 0K             
_TMP = 301K","84","0",,"4","81","0","1152921504606847008","333","Microsoft-Windows-Kernel-Power","331c3b3a-2005-44c2-ac5e-77220c37d6b4","Microsoft-Windows-Kernel-Power/Thermal-Operational","4","64","rjaf-PC4429","S-1-5-18","5/1/2015 11:57:54 AM",,,"c:\users\mac_1\desktop\winevt\logs\microsoft-windows-kernel-power%4thermal-operational.evtx","System.UInt32[]","System.Diagnostics.Eventing.Reader.EventBookmark","Information","Info",,"System.Collections.ObjectModel.ReadOnlyCollection`1[System.String]","System.Collections.Generic.List`1[System.Diagnostics.Eventing.Reader.EventProperty]"
"ACPI thermal zone ACPI\ThermalZone\TZ00 has engaged active cooling.             
EventTime = ?2015?-?05?-?01T19:08:09.585608900Z             
_AC0 = 358K             
_AC1 = 328K             
_AC2 = 273K             
_AC3 = 273K             
_AC4 = 273K             
_AC5 = 0K             
_AC6 = 0K             
_AC7 = 0K             
_AC8 = 0K             
_AC9 = 0K             
_TMP = 301K","84","0",,"4","81","0","1152921504606847008","332","Microsoft-Windows-Kernel-Power","331c3b3a-2005-44c2-ac5e-77220c37d6b4","Microsoft-Windows-Kernel-Power/Thermal-Operational","4","60","rjaf-PC4429","S-1-5-18","5/1/2015 9:08:09 AM",,,"c:\users\mac_1\desktop\winevt\logs\microsoft-windows-kernel-power%4thermal-operational.evtx","System.UInt32[]","System.Diagnostics.Eventing.Reader.EventBookmark","Information","Info",,"System.Collections.ObjectModel.ReadOnlyCollection`1[System.String]","System.Collections.Generic.List`1[System.Diagnostics.Eventing.Reader.EventProperty]"
"ACPI thermal zone ACPI\ThermalZone\TZ00 has engaged active cooling.             
EventTime = ?2015?-?05?-?01T11:44:29.098811500Z             
_AC0 = 358K             
_AC1 = 328K             
_AC2 = 273K             
_AC3 = 273K             
_AC4 = 273K             
_AC5 = 0K             
_AC6 = 0K             
_AC7 = 0K             
_AC8 = 0K             
_AC9 = 0K             
_TMP = 301K","84","0",,"4","81","0","1152921504606847008","331","Microsoft-Windows-Kernel-Power","331c3b3a-2005-44c2-ac5e-77220c37d6b4","Microsoft-Windows-Kernel-Power/Thermal-Operational","4","68","rjaf-PC4429","S-1-5-18","5/1/2015 1:44:29 AM",,,"c:\users\mac_1\desktop\winevt\logs\microsoft-windows-kernel-power%4thermal-operational.evtx","System.UInt32[]","System.Diagnostics.Eventing.Reader.EventBookmark","Information","Info",,"System.Collections.ObjectModel.ReadOnlyCollection`1[System.String]","System.Collections.Generic.List`1[System.Diagnostics.Eventing.Reader.EventProperty]"
"ACPI thermal zone ACPI\ThermalZone\TZ00 has engaged active cooling.             
EventTime = ?2015?-?05?-?01T08:12:13.507608800Z             
_AC0 = 358K             
_AC1 = 328K             
_AC2 = 273K             
_AC3 = 273K             
_AC4 = 273K             
_AC5 = 0K             
_AC6 = 0K             
_AC7 = 0K             
_AC8 = 0K             
_AC9 = 0K             
_TMP = 301K","84","0",,"4","81","0","1152921504606847008","330","Microsoft-Windows-Kernel-Power","331c3b3a-2005-44c2-ac5e-77220c37d6b4","Microsoft-Windows-Kernel-Power/Thermal-Operational","4","68","rjaf-PC4429","S-1-5-18","4/30/2015 10:12:13 PM",,,"c:\users\mac_1\desktop\winevt\logs\microsoft-windows-kernel-power%4thermal-operational.evtx","System.UInt32[]","System.Diagnostics.Eventing.Reader.EventBookmark","Information","Info",,"System.Collections.ObjectModel.ReadOnlyCollection`1[System.String]","System.Collections.Generic.List`1[System.Diagnostics.Eventing.Reader.EventProperty]"
"ACPI thermal zone ACPI\ThermalZone\TZ00 has engaged active cooling.             
EventTime = ?2015?-?04?-?30T22:15:57.492008700Z             
_AC0 = 358K             
_AC1 = 328K             
_AC2 = 273K             
_AC3 = 273K             
_AC4 = 273K             
_AC5 = 0K             
_AC6 = 0K             
_AC7 = 0K             
_AC8 = 0K             
_AC9 = 0K             
_TMP = 301K","84","0",,"4","81","0","1152921504606847008","329","Microsoft-Windows-Kernel-Power","331c3b3a-2005-44c2-ac5e-77220c37d6b4","Microsoft-Windows-Kernel-Power/Thermal-Operational","4","52","rjaf-PC4429","S-1-5-18","4/30/2015 12:15:57 PM",,,"c:\users\mac_1\desktop\winevt\logs\microsoft-windows-kernel-power%4thermal-operational.evtx","System.UInt32[]","System.Diagnostics.Eventing.Reader.EventBookmark","Information","Info",,"System.Collections.ObjectModel.ReadOnlyCollection`1[System.String]","System.Collections.Generic.List`1[System.Diagnostics.Eventing.Reader.EventProperty]"
"ACPI thermal zone ACPI\ThermalZone\TZ00 has engaged active cooling.             
EventTime = ?2015?-?04?-?30T09:28:13.554408800Z             
_AC0 = 358K             
_AC1 = 328K             
_AC2 = 273K             
_AC3 = 273K             
_AC4 = 273K             
_AC5 = 0K             
_AC6 = 0K             
_AC7 = 0K             
_AC8 = 0K             
_AC9 = 0K             
_TMP = 301K","84","0",,"4","81","0","1152921504606847008","328","Microsoft-Windows-Kernel-Power","331c3b3a-2005-44c2-ac5e-77220c37d6b4","Microsoft-Windows-Kernel-Power/Thermal-Operational","4","48","rjaf-PC4429","S-1-5-18","4/29/2015 11:28:13 PM",,,"c:\users\mac_1\desktop\winevt\logs\microsoft-windows-kernel-power%4thermal-operational.evtx","System.UInt32[]","System.Diagnostics.Eventing.Reader.EventBookmark","Information","Info",,"System.Collections.ObjectModel.ReadOnlyCollection`1[System.String]","System.Collections.Generic.List`1[System.Diagnostics.Eventing.Reader.EventProperty]"
"ACPI thermal zone ACPI\ThermalZone\TZ00 has engaged active cooling.             
EventTime = ?2015?-?04?-?29T11:55:53.974011300Z             
_AC0 = 358K             
_AC1 = 328K             
_AC2 = 273K             
_AC3 = 273K             
_AC4 = 273K             
_AC5 = 0K             
_AC6 = 0K             
_AC7 = 0K             
_AC8 = 0K             
_AC9 = 0K             
_TMP = 301K","84","0",,"4","81","0","1152921504606847008","327","Microsoft-Windows-Kernel-Power","331c3b3a-2005-44c2-ac5e-77220c37d6b4","Microsoft-Windows-Kernel-Power/Thermal-Operational","4","60","rjaf-PC4429","S-1-5-18","4/29/2015 1:55:53 AM",,,"c:\users\mac_1\desktop\winevt\logs\microsoft-windows-kernel-power%4thermal-operational.evtx","System.UInt32[]","System.Diagnostics.Eventing.Reader.EventBookmark","Information","Info",,"System.Collections.ObjectModel.ReadOnlyCollection`1[System.String]","System.Collections.Generic.List`1[System.Diagnostics.Eventing.Reader.EventProperty]"
"ACPI thermal zone ACPI\ThermalZone\TZ00 has engaged active cooling.             
EventTime = ?2015?-?04?-?26T08:59:24.476408700Z             
_AC0 = 358K             
_AC1 = 328K             
_AC2 = 273K             
_AC3 = 273K             
_AC4 = 273K             
_AC5 = 0K             
_AC6 = 0K             
_AC7 = 0K             
_AC8 = 0K             
_AC9 = 0K             
_TMP = 301K","84","0",,"4","81","0","1152921504606847008","326","Microsoft-Windows-Kernel-Power","331c3b3a-2005-44c2-ac5e-77220c37d6b4","Microsoft-Windows-Kernel-Power/Thermal-Operational","4","52","rjaf-PC4429","S-1-5-18","4/25/2015 10:59:24 PM",,,"c:\users\mac_1\desktop\winevt\logs\microsoft-windows-kernel-power%4thermal-operational.evtx","System.UInt32[]","System.Diagnostics.Eventing.Reader.EventBookmark","Information","Info",,"System.Collections.ObjectModel.ReadOnlyCollection`1[System.String]","System.Collections.Generic.List`1[System.Diagnostics.Eventing.Reader.EventProperty]"
"ACPI thermal zone ACPI\ThermalZone\TZ00 has engaged active cooling.             
EventTime = ?2015?-?04?-?25T09:42:37.601208900Z             
_AC0 = 358K             
_AC1 = 328K             
_AC2 = 273K             
_AC3 = 273K             
_AC4 = 273K             
_AC5 = 0K             
_AC6 = 0K             
_AC7 = 0K             
_AC8 = 0K             
_AC9 = 0K             
_TMP = 301K","84","0",,"4","81","0","1152921504606847008","325","Microsoft-Windows-Kernel-Power","331c3b3a-2005-44c2-ac5e-77220c37d6b4","Microsoft-Windows-Kernel-Power/Thermal-Operational","4","68","rjaf-PC4429","S-1-5-18","4/24/2015 11:42:37 PM",,,"c:\users\mac_1\desktop\winevt\logs\microsoft-windows-kernel-power%4thermal-operational.evtx","System.UInt32[]","System.Diagnostics.Eventing.Reader.EventBookmark","Information","Info",,"System.Collections.ObjectModel.ReadOnlyCollection`1[System.String]","System.Collections.Generic.List`1[System.Diagnostics.Eventing.Reader.EventProperty]"
"ACPI thermal zone ACPI\ThermalZone\TZ00 has engaged active cooling.             
EventTime = ?2015?-?04?-?23T09:51:14.663609000Z             
_AC0 = 358K             
_AC1 = 328K             
_AC2 = 273K             
_AC3 = 273K             
_AC4 = 273K             
_AC5 = 0K             
_AC6 = 0K             
_AC7 = 0K             
_AC8 = 0K             
_AC9 = 0K             
_TMP = 301K","84","0",,"4","81","0","1152921504606847008","324","Microsoft-Windows-Kernel-Power","331c3b3a-2005-44c2-ac5e-77220c37d6b4","Microsoft-Windows-Kernel-Power/Thermal-Operational","4","52","rjaf-PC4429","S-1-5-18","4/22/2015 11:51:14 PM",,,"c:\users\mac_1\desktop\winevt\logs\microsoft-windows-kernel-power%4thermal-operational.evtx","System.UInt32[]","System.Diagnostics.Eventing.Reader.EventBookmark","Information","Info",,"System.Collections.ObjectModel.ReadOnlyCollection`1[System.String]","System.Collections.Generic.List`1[System.Diagnostics.Eventing.Reader.EventProperty]"
"ACPI thermal zone ACPI\ThermalZone\TZ00 has engaged active cooling.             
EventTime = ?2015?-?04?-?22T21:59:33.727607400Z             
_AC0 = 358K             
_AC1 = 328K             
_AC2 = 273K             
_AC3 = 273K             
_AC4 = 273K             
_AC5 = 0K             
_AC6 = 0K             
_AC7 = 0K             
_AC8 = 0K             
_AC9 = 0K             
_TMP = 301K","84","0",,"4","81","0","1152921504606847008","323","Microsoft-Windows-Kernel-Power","331c3b3a-2005-44c2-ac5e-77220c37d6b4","Microsoft-Windows-Kernel-Power/Thermal-Operational","4","48","rjaf-PC4429","S-1-5-18","4/22/2015 11:59:33 AM",,,"c:\users\mac_1\desktop\winevt\logs\microsoft-windows-kernel-power%4thermal-operational.evtx","System.UInt32[]","System.Diagnostics.Eventing.Reader.EventBookmark","Information","Info",,"System.Collections.ObjectModel.ReadOnlyCollection`1[System.String]","System.Collections.Generic.List`1[System.Diagnostics.Eventing.Reader.EventProperty]"
"ACPI thermal zone ACPI\ThermalZone\TZ00 has engaged active cooling.             
EventTime = ?2015?-?04?-?22T20:29:02.821207500Z             
_AC0 = 358K             
_AC1 = 328K             
_AC2 = 273K             
_AC3 = 273K             
_AC4 = 273K             
_AC5 = 0K             
_AC6 = 0K             
_AC7 = 0K             
_AC8 = 0K             
_AC9 = 0K             
_TMP = 301K","84","0",,"4","81","0","1152921504606847008","322","Microsoft-Windows-Kernel-Power","331c3b3a-2005-44c2-ac5e-77220c37d6b4","Microsoft-Windows-Kernel-Power/Thermal-Operational","4","60","rjaf-PC4429","S-1-5-18","4/22/2015 10:29:02 AM",,,"c:\users\mac_1\desktop\winevt\logs\microsoft-windows-kernel-power%4thermal-operational.evtx","System.UInt32[]","System.Diagnostics.Eventing.Reader.EventBookmark","Information","Info",,"System.Collections.ObjectModel.ReadOnlyCollection`1[System.String]","System.Collections.Generic.List`1[System.Diagnostics.Eventing.Reader.EventProperty]"
"ACPI thermal zone ACPI\ThermalZone\TZ00 has engaged active cooling.             
EventTime = ?2015?-?04?-?19T22:09:15.273608300Z             
_AC0 = 358K             
_AC1 = 328K             
_AC2 = 273K             
_AC3 = 273K             
_AC4 = 273K             
_AC5 = 0K             
_AC6 = 0K             
_AC7 = 0K             
_AC8 = 0K             
_AC9 = 0K             
_TMP = 301K","84","0",,"4","81","0","1152921504606847008","321","Microsoft-Windows-Kernel-Power","331c3b3a-2005-44c2-ac5e-77220c37d6b4","Microsoft-Windows-Kernel-Power/Thermal-Operational","4","44","rjaf-PC4429","S-1-5-18","4/19/2015 12:09:15 PM",,,"c:\users\mac_1\desktop\winevt\logs\microsoft-windows-kernel-power%4thermal-operational.evtx","System.UInt32[]","System.Diagnostics.Eventing.Reader.EventBookmark","Information","Info",,"System.Collections.ObjectModel.ReadOnlyCollection`1[System.String]","System.Collections.Generic.List`1[System.Diagnostics.Eventing.Reader.EventProperty]"
"ACPI thermal zone ACPI\ThermalZone\TZ00 has engaged active cooling.             
EventTime = ?2015?-?04?-?19T12:56:31.946007800Z             
_AC0 = 358K             
_AC1 = 328K             
_AC2 = 273K             
_AC3 = 273K             
_AC4 = 273K             
_AC5 = 0K             
_AC6 = 0K             
_AC7 = 0K             
_AC8 = 0K             
_AC9 = 0K             
_TMP = 301K","84","0",,"4","81","0","1152921504606847008","320","Microsoft-Windows-Kernel-Power","331c3b3a-2005-44c2-ac5e-77220c37d6b4","Microsoft-Windows-Kernel-Power/Thermal-Operational","4","64","rjaf-PC4429","S-1-5-18","4/19/2015 2:56:31 AM",,,"c:\users\mac_1\desktop\winevt\logs\microsoft-windows-kernel-power%4thermal-operational.evtx","System.UInt32[]","System.Diagnostics.Eventing.Reader.EventBookmark","Information","Info",,"System.Collections.ObjectModel.ReadOnlyCollection`1[System.String]","System.Collections.Generic.List`1[System.Diagnostics.Eventing.Reader.EventProperty]"
"ACPI thermal zone ACPI\ThermalZone\TZ00 has engaged active cooling.             
EventTime = ?2015?-?04?-?17T21:05:19.180008200Z             
_AC0 = 358K             
_AC1 = 328K             
_AC2 = 273K             
_AC3 = 273K             
_AC4 = 273K             
_AC5 = 0K             
_AC6 = 0K             
_AC7 = 0K             
_AC8 = 0K             
_AC9 = 0K             
_TMP = 301K","84","0",,"4","81","0","1152921504606847008","319","Microsoft-Windows-Kernel-Power","331c3b3a-2005-44c2-ac5e-77220c37d6b4","Microsoft-Windows-Kernel-Power/Thermal-Operational","4","56","rjaf-PC4429","S-1-5-18","4/17/2015 11:05:19 AM",,,"c:\users\mac_1\desktop\winevt\logs\microsoft-windows-kernel-power%4thermal-operational.evtx","System.UInt32[]","System.Diagnostics.Eventing.Reader.EventBookmark","Information","Info",,"System.Collections.ObjectModel.ReadOnlyCollection`1[System.String]","System.Collections.Generic.List`1[System.Diagnostics.Eventing.Reader.EventProperty]"
"ACPI thermal zone ACPI\ThermalZone\TZ00 has engaged active cooling.             
EventTime = ?2015?-?04?-?16T22:47:08.351608500Z             
_AC0 = 358K             
_AC1 = 328K             
_AC2 = 273K             
_AC3 = 273K             
_AC4 = 273K             
_AC5 = 0K             
_AC6 = 0K             
_AC7 = 0K             
_AC8 = 0K             
_AC9 = 0K             
_TMP = 301K","84","0",,"4","81","0","1152921504606847008","318","Microsoft-Windows-Kernel-Power","331c3b3a-2005-44c2-ac5e-77220c37d6b4","Microsoft-Windows-Kernel-Power/Thermal-Operational","4","56","rjaf-PC4429","S-1-5-18","4/16/2015 12:47:08 PM",,,"c:\users\mac_1\desktop\winevt\logs\microsoft-windows-kernel-power%4thermal-operational.evtx","System.UInt32[]","System.Diagnostics.Eventing.Reader.EventBookmark","Information","Info",,"System.Collections.ObjectModel.ReadOnlyCollection`1[System.String]","System.Collections.Generic.List`1[System.Diagnostics.Eventing.Reader.EventProperty]"
"ACPI thermal zone ACPI\ThermalZone\TZ00 has engaged active cooling.             
EventTime = ?2015?-?04?-?15T11:48:52.304808400Z             
_AC0 = 358K             
_AC1 = 328K             
_AC2 = 273K             
_AC3 = 273K             
_AC4 = 273K             
_AC5 = 0K             
_AC6 = 0K             
_AC7 = 0K             
_AC8 = 0K             
_AC9 = 0K             
_TMP = 301K","84","0",,"4","81","0","1152921504606847008","317","Microsoft-Windows-Kernel-Power","331c3b3a-2005-44c2-ac5e-77220c37d6b4","Microsoft-Windows-Kernel-Power/Thermal-Operational","4","52","rjaf-PC4429","S-1-5-18","4/15/2015 1:48:52 AM",,,"c:\users\mac_1\desktop\winevt\logs\microsoft-windows-kernel-power%4thermal-operational.evtx","System.UInt32[]","System.Diagnostics.Eventing.Reader.EventBookmark","Information","Info",,"System.Collections.ObjectModel.ReadOnlyCollection`1[System.String]","System.Collections.Generic.List`1[System.Diagnostics.Eventing.Reader.EventProperty]"
"ACPI thermal zone ACPI\ThermalZone\TZ00 has engaged active cooling.             
EventTime = ?2015?-?04?-?14T21:46:16.164408100Z             
_AC0 = 358K             
_AC1 = 328K             
_AC2 = 273K             
_AC3 = 273K             
_AC4 = 273K             
_AC5 = 0K             
_AC6 = 0K             
_AC7 = 0K             
_AC8 = 0K             
_AC9 = 0K             
_TMP = 301K","84","0",,"4","81","0","1152921504606847008","316","Microsoft-Windows-Kernel-Power","331c3b3a-2005-44c2-ac5e-77220c37d6b4","Microsoft-Windows-Kernel-Power/Thermal-Operational","4","48","rjaf-PC4429","S-1-5-18","4/14/2015 11:46:16 AM",,,"c:\users\mac_1\desktop\winevt\logs\microsoft-windows-kernel-power%4thermal-operational.evtx","System.UInt32[]","System.Diagnostics.Eventing.Reader.EventBookmark","Information","Info",,"System.Collections.ObjectModel.ReadOnlyCollection`1[System.String]","System.Collections.Generic.List`1[System.Diagnostics.Eventing.Reader.EventProperty]"
"ACPI thermal zone ACPI\ThermalZone\TZ00 has engaged active cooling.             
EventTime = ?2015?-?04?-?14T19:44:11.164408100Z             
_AC0 = 358K             
_AC1 = 328K             
_AC2 = 273K             
_AC3 = 273K             
_AC4 = 273K             
_AC5 = 0K             
_AC6 = 0K             
_AC7 = 0K             
_AC8 = 0K             
_AC9 = 0K             
_TMP = 301K","84","0",,"4","81","0","1152921504606847008","315","Microsoft-Windows-Kernel-Power","331c3b3a-2005-44c2-ac5e-77220c37d6b4","Microsoft-Windows-Kernel-Power/Thermal-Operational","4","60","rjaf-PC4429","S-1-5-18","4/14/2015 9:44:11 AM",,,"c:\users\mac_1\desktop\winevt\logs\microsoft-windows-kernel-power%4thermal-operational.evtx","System.UInt32[]","System.Diagnostics.Eventing.Reader.EventBookmark","Information","Info",,"System.Collections.ObjectModel.ReadOnlyCollection`1[System.String]","System.Collections.Generic.List`1[System.Diagnostics.Eventing.Reader.EventProperty]"
"ACPI thermal zone ACPI\ThermalZone\TZ00 has engaged active cooling.             
EventTime = ?2015?-?04?-?13T09:03:33.211208200Z             
_AC0 = 358K             
_AC1 = 328K             
_AC2 = 273K             
_AC3 = 273K             
_AC4 = 273K             
_AC5 = 0K             
_AC6 = 0K             
_AC7 = 0K             
_AC8 = 0K             
_AC9 = 0K             
_TMP = 301K","84","0",,"4","81","0","1152921504606847008","314","Microsoft-Windows-Kernel-Power","331c3b3a-2005-44c2-ac5e-77220c37d6b4","Microsoft-Windows-Kernel-Power/Thermal-Operational","4","64","rjaf-PC4429","S-1-5-18","4/12/2015 11:03:33 PM",,,"c:\users\mac_1\desktop\winevt\logs\microsoft-windows-kernel-power%4thermal-operational.evtx","System.UInt32[]","System.Diagnostics.Eventing.Reader.EventBookmark","Information","Info",,"System.Collections.ObjectModel.ReadOnlyCollection`1[System.String]","System.Collections.Generic.List`1[System.Diagnostics.Eventing.Reader.EventProperty]"
"ACPI thermal zone ACPI\ThermalZone\TZ00 has engaged active cooling.             
EventTime = ?2015?-?04?-?12T08:43:02.133208100Z             
_AC0 = 358K             
_AC1 = 328K             
_AC2 = 273K             
_AC3 = 273K             
_AC4 = 273K             
_AC5 = 0K             
_AC6 = 0K             
_AC7 = 0K             
_AC8 = 0K             
_AC9 = 0K             
_TMP = 301K","84","0",,"4","81","0","1152921504606847008","313","Microsoft-Windows-Kernel-Power","331c3b3a-2005-44c2-ac5e-77220c37d6b4","Microsoft-Windows-Kernel-Power/Thermal-Operational","4","64","rjaf-PC4429","S-1-5-18","4/11/2015 10:43:02 PM",,,"c:\users\mac_1\desktop\winevt\logs\microsoft-windows-kernel-power%4thermal-operational.evtx","System.UInt32[]","System.Diagnostics.Eventing.Reader.EventBookmark","Information","Info",,"System.Collections.ObjectModel.ReadOnlyCollection`1[System.String]","System.Collections.Generic.List`1[System.Diagnostics.Eventing.Reader.EventProperty]"
"ACPI thermal zone ACPI\ThermalZone\TZ00 has engaged active cooling.             
EventTime = ?2015?-?04?-?09T09:43:01.554408800Z             
_AC0 = 358K             
_AC1 = 328K             
_AC2 = 273K             
_AC3 = 273K             
_AC4 = 273K             
_AC5 = 0K             
_AC6 = 0K             
_AC7 = 0K             
_AC8 = 0K             
_AC9 = 0K             
_TMP = 301K","84","0",,"4","81","0","1152921504606847008","312","Microsoft-Windows-Kernel-Power","331c3b3a-2005-44c2-ac5e-77220c37d6b4","Microsoft-Windows-Kernel-Power/Thermal-Operational","4","60","rjaf-PC4429","S-1-5-18","4/8/2015 11:43:01 PM",,,"c:\users\mac_1\desktop\winevt\logs\microsoft-windows-kernel-power%4thermal-operational.evtx","System.UInt32[]","System.Diagnostics.Eventing.Reader.EventBookmark","Information","Info",,"System.Collections.ObjectModel.ReadOnlyCollection`1[System.String]","System.Collections.Generic.List`1[System.Diagnostics.Eventing.Reader.EventProperty]"
"ACPI thermal zone ACPI\ThermalZone\TZ00 has engaged active cooling.             
EventTime = ?2015?-?04?-?08T14:32:33.946007800Z             
_AC0 = 358K             
_AC1 = 328K             
_AC2 = 273K             
_AC3 = 273K             
_AC4 = 273K             
_AC5 = 0K             
_AC6 = 0K             
_AC7 = 0K             
_AC8 = 0K             
_AC9 = 0K             
_TMP = 301K","84","0",,"4","81","0","1152921504606847008","311","Microsoft-Windows-Kernel-Power","331c3b3a-2005-44c2-ac5e-77220c37d6b4","Microsoft-Windows-Kernel-Power/Thermal-Operational","4","64","rjaf-PC4429","S-1-5-18","4/8/2015 4:32:33 AM",,,"c:\users\mac_1\desktop\winevt\logs\microsoft-windows-kernel-power%4thermal-operational.evtx","System.UInt32[]","System.Diagnostics.Eventing.Reader.EventBookmark","Information","Info",,"System.Collections.ObjectModel.ReadOnlyCollection`1[System.String]","System.Collections.Generic.List`1[System.Diagnostics.Eventing.Reader.EventProperty]"
"ACPI thermal zone ACPI\ThermalZone\TZ00 has engaged active cooling.             
EventTime = ?2015?-?04?-?07T14:43:34.930407700Z             
_AC0 = 358K             
_AC1 = 328K             
_AC2 = 273K             
_AC3 = 273K             
_AC4 = 273K             
_AC5 = 0K             
_AC6 = 0K             
_AC7 = 0K             
_AC8 = 0K             
_AC9 = 0K             
_TMP = 301K","84","0",,"4","81","0","1152921504606847008","310","Microsoft-Windows-Kernel-Power","331c3b3a-2005-44c2-ac5e-77220c37d6b4","Microsoft-Windows-Kernel-Power/Thermal-Operational","4","60","rjaf-PC4429","S-1-5-18","4/7/2015 4:43:34 AM",,,"c:\users\mac_1\desktop\winevt\logs\microsoft-windows-kernel-power%4thermal-operational.evtx","System.UInt32[]","System.Diagnostics.Eventing.Reader.EventBookmark","Information","Info",,"System.Collections.ObjectModel.ReadOnlyCollection`1[System.String]","System.Collections.Generic.List`1[System.Diagnostics.Eventing.Reader.EventProperty]"
"ACPI thermal zone ACPI\ThermalZone\TZ00 has engaged active cooling.             
EventTime = ?2015?-?04?-?05T10:21:22.790007500Z             
_AC0 = 358K             
_AC1 = 328K             
_AC2 = 273K             
_AC3 = 273K             
_AC4 = 273K             
_AC5 = 0K             
_AC6 = 0K             
_AC7 = 0K             
_AC8 = 0K             
_AC9 = 0K             
_TMP = 301K","84","0",,"4","81","0","1152921504606847008","309","Microsoft-Windows-Kernel-Power","331c3b3a-2005-44c2-ac5e-77220c37d6b4","Microsoft-Windows-Kernel-Power/Thermal-Operational","4","48","rjaf-PC4429","S-1-5-18","4/5/2015 12:21:22 AM",,,"c:\users\mac_1\desktop\winevt\logs\microsoft-windows-kernel-power%4thermal-operational.evtx","System.UInt32[]","System.Diagnostics.Eventing.Reader.EventBookmark","Information","Info",,"System.Collections.ObjectModel.ReadOnlyCollection`1[System.String]","System.Collections.Generic.List`1[System.Diagnostics.Eventing.Reader.EventProperty]"
"ACPI thermal zone ACPI\ThermalZone\TZ00 has engaged active cooling.             
EventTime = ?2015?-?04?-?04T22:00:00.694809100Z             
_AC0 = 358K             
_AC1 = 328K             
_AC2 = 273K             
_AC3 = 273K             
_AC4 = 273K             
_AC5 = 0K             
_AC6 = 0K             
_AC7 = 0K             
_AC8 = 0K             
_AC9 = 0K             
_TMP = 301K","84","0",,"4","81","0","1152921504606847008","308","Microsoft-Windows-Kernel-Power","331c3b3a-2005-44c2-ac5e-77220c37d6b4","Microsoft-Windows-Kernel-Power/Thermal-Operational","4","48","rjaf-PC4429","S-1-5-18","4/4/2015 12:00:00 PM",,,"c:\users\mac_1\desktop\winevt\logs\microsoft-windows-kernel-power%4thermal-operational.evtx","System.UInt32[]","System.Diagnostics.Eventing.Reader.EventBookmark","Information","Info",,"System.Collections.ObjectModel.ReadOnlyCollection`1[System.String]","System.Collections.Generic.List`1[System.Diagnostics.Eventing.Reader.EventProperty]"
"ACPI thermal zone ACPI\ThermalZone\TZ00 has engaged active cooling.             
EventTime = ?2015?-?04?-?04T21:08:36.116009800Z             
_AC0 = 358K             
_AC1 = 328K             
_AC2 = 273K             
_AC3 = 273K             
_AC4 = 273K             
_AC5 = 0K             
_AC6 = 0K             
_AC7 = 0K             
_AC8 = 0K             
_AC9 = 0K             
_TMP = 301K","84","0",,"4","81","0","1152921504606847008","307","Microsoft-Windows-Kernel-Power","331c3b3a-2005-44c2-ac5e-77220c37d6b4","Microsoft-Windows-Kernel-Power/Thermal-Operational","4","64","rjaf-PC4429","S-1-5-18","4/4/2015 11:08:36 AM",,,"c:\users\mac_1\desktop\winevt\logs\microsoft-windows-kernel-power%4thermal-operational.evtx","System.UInt32[]","System.Diagnostics.Eventing.Reader.EventBookmark","Information","Info",,"System.Collections.ObjectModel.ReadOnlyCollection`1[System.String]","System.Collections.Generic.List`1[System.Diagnostics.Eventing.Reader.EventProperty]"
"ACPI thermal zone ACPI\ThermalZone\TZ00 has engaged active cooling.             
EventTime = ?2015?-?04?-?04T20:40:33.162809900Z             
_AC0 = 358K             
_AC1 = 328K             
_AC2 = 273K             
_AC3 = 273K             
_AC4 = 273K             
_AC5 = 0K             
_AC6 = 0K             
_AC7 = 0K             
_AC8 = 0K             
_AC9 = 0K             
_TMP = 301K","84","0",,"4","81","0","1152921504606847008","306","Microsoft-Windows-Kernel-Power","331c3b3a-2005-44c2-ac5e-77220c37d6b4","Microsoft-Windows-Kernel-Power/Thermal-Operational","4","60","rjaf-PC4429","S-1-5-18","4/4/2015 10:40:33 AM",,,"c:\users\mac_1\desktop\winevt\logs\microsoft-windows-kernel-power%4thermal-operational.evtx","System.UInt32[]","System.Diagnostics.Eventing.Reader.EventBookmark","Information","Info",,"System.Collections.ObjectModel.ReadOnlyCollection`1[System.String]","System.Collections.Generic.List`1[System.Diagnostics.Eventing.Reader.EventProperty]"
"ACPI thermal zone ACPI\ThermalZone\TZ00 has engaged active cooling.             
EventTime = ?2015?-?04?-?03T15:27:02.272010100Z             
_AC0 = 358K             
_AC1 = 328K             
_AC2 = 273K             
_AC3 = 273K             
_AC4 = 273K             
_AC5 = 0K             
_AC6 = 0K             
_AC7 = 0K             
_AC8 = 0K             
_AC9 = 0K             
_TMP = 301K","84","0",,"4","81","0","1152921504606847008","305","Microsoft-Windows-Kernel-Power","331c3b3a-2005-44c2-ac5e-77220c37d6b4","Microsoft-Windows-Kernel-Power/Thermal-Operational","4","52","rjaf-PC4429","S-1-5-18","4/3/2015 5:27:02 AM",,,"c:\users\mac_1\desktop\winevt\logs\microsoft-windows-kernel-power%4thermal-operational.evtx","System.UInt32[]","System.Diagnostics.Eventing.Reader.EventBookmark","Information","Info",,"System.Collections.ObjectModel.ReadOnlyCollection`1[System.String]","System.Collections.Generic.List`1[System.Diagnostics.Eventing.Reader.EventProperty]"
"ACPI thermal zone ACPI\ThermalZone\TZ00 has engaged active cooling.             
EventTime = ?2015?-?04?-?02T10:31:56.772809200Z             
_AC0 = 358K             
_AC1 = 328K             
_AC2 = 273K             
_AC3 = 273K             
_AC4 = 273K             
_AC5 = 0K             
_AC6 = 0K             
_AC7 = 0K             
_AC8 = 0K             
_AC9 = 0K             
_TMP = 301K","84","0",,"4","81","0","1152921504606847008","304","Microsoft-Windows-Kernel-Power","331c3b3a-2005-44c2-ac5e-77220c37d6b4","Microsoft-Windows-Kernel-Power/Thermal-Operational","4","48","rjaf-PC4429","S-1-5-18","4/2/2015 12:31:56 AM",,,"c:\users\mac_1\desktop\winevt\logs\microsoft-windows-kernel-power%4thermal-operational.evtx","System.UInt32[]","System.Diagnostics.Eventing.Reader.EventBookmark","Information","Info",,"System.Collections.ObjectModel.ReadOnlyCollection`1[System.String]","System.Collections.Generic.List`1[System.Diagnostics.Eventing.Reader.EventProperty]"
"ACPI thermal zone ACPI\ThermalZone\TZ00 has engaged active cooling.             
EventTime = ?2015?-?03?-?31T00:00:02.220415300Z             
_AC0 = 358K             
_AC1 = 328K             
_AC2 = 273K             
_AC3 = 273K             
_AC4 = 273K             
_AC5 = 0K             
_AC6 = 0K             
_AC7 = 0K             
_AC8 = 0K             
_AC9 = 0K             
_TMP = 301K","84","0",,"4","81","0","1152921504606847008","303","Microsoft-Windows-Kernel-Power","331c3b3a-2005-44c2-ac5e-77220c37d6b4","Microsoft-Windows-Kernel-Power/Thermal-Operational","4","48","rjaf-PC4429","S-1-5-18","3/30/2015 2:00:02 PM",,,"c:\users\mac_1\desktop\winevt\logs\microsoft-windows-kernel-power%4thermal-operational.evtx","System.UInt32[]","System.Diagnostics.Eventing.Reader.EventBookmark","Information","Info",,"System.Collections.ObjectModel.ReadOnlyCollection`1[System.String]","System.Collections.Generic.List`1[System.Diagnostics.Eventing.Reader.EventProperty]"
"ACPI thermal zone ACPI\ThermalZone\TZ00 has engaged active cooling.             
EventTime = ?2015?-?03?-?30T08:12:28.726009100Z             
_AC0 = 358K             
_AC1 = 328K             
_AC2 = 273K             
_AC3 = 273K             
_AC4 = 273K             
_AC5 = 0K             
_AC6 = 0K             
_AC7 = 0K             
_AC8 = 0K             
_AC9 = 0K             
_TMP = 301K","84","0",,"4","81","0","1152921504606847008","302","Microsoft-Windows-Kernel-Power","331c3b3a-2005-44c2-ac5e-77220c37d6b4","Microsoft-Windows-Kernel-Power/Thermal-Operational","4","56","rjaf-PC4429","S-1-5-18","3/29/2015 10:12:28 PM",,,"c:\users\mac_1\desktop\winevt\logs\microsoft-windows-kernel-power%4thermal-operational.evtx","System.UInt32[]","System.Diagnostics.Eventing.Reader.EventBookmark","Information","Info",,"System.Collections.ObjectModel.ReadOnlyCollection`1[System.String]","System.Collections.Generic.List`1[System.Diagnostics.Eventing.Reader.EventProperty]"
