"Device will enter the suspend state if idle for 30 seconds.","1001","0",,"4","16","0","-9223372036854775808","177","Microsoft-Windows-WPD-MTPClassDriver","21b7c16e-c5af-4a69-a74a-7245481c1b97","Microsoft-Windows-WPD-MTPClassDriver/Operational","7624","8084","rjaf-PC4429","S-1-5-19","6/24/2014 1:16:35 PM",,,"c:\users\mac_1\desktop\winevt\logs\microsoft-windows-wpd-mtpclassdriver%4operational.evtx","System.UInt32[]","System.Diagnostics.Eventing.Reader.EventBookmark","Information","Info","Driver Initialization","System.Collections.ObjectModel.ReadOnlyCollection`1[System.String]","System.Collections.Generic.List`1[System.Diagnostics.Eventing.Reader.EventProperty]"
"Device is entering the idle state (Idle state: 4; Return code: 0x0).","1002","0",,"4","32","0","-9223372036854775808","176","Microsoft-Windows-WPD-MTPClassDriver","21b7c16e-c5af-4a69-a74a-7245481c1b97","Microsoft-Windows-WPD-MTPClassDriver/Operational","332","4480","rjaf-PC4429","S-1-5-19","6/2/2014 2:53:44 AM",,,"c:\users\mac_1\desktop\winevt\logs\microsoft-windows-wpd-mtpclassdriver%4operational.evtx","System.UInt32[]","System.Diagnostics.Eventing.Reader.EventBookmark","Information","Info","Driver Operation","System.Collections.ObjectModel.ReadOnlyCollection`1[System.String]","System.Collections.Generic.List`1[System.Diagnostics.Eventing.Reader.EventProperty]"
"Device is resuming operation from idle state (Idle state: 4; Return code: 0x0).","1003","0",,"4","32","0","-9223372036854775808","175","Microsoft-Windows-WPD-MTPClassDriver","21b7c16e-c5af-4a69-a74a-7245481c1b97","Microsoft-Windows-WPD-MTPClassDriver/Operational","332","4480","rjaf-PC4429","S-1-5-19","6/2/2014 2:43:40 AM",,,"c:\users\mac_1\desktop\winevt\logs\microsoft-windows-wpd-mtpclassdriver%4operational.evtx","System.UInt32[]","System.Diagnostics.Eventing.Reader.EventBookmark","Information","Info","Driver Operation","System.Collections.ObjectModel.ReadOnlyCollection`1[System.String]","System.Collections.Generic.List`1[System.Diagnostics.Eventing.Reader.EventProperty]"
"MTP Driver started successfully.","1000","0",,"4","16","0","-9223372036854775808","174","Microsoft-Windows-WPD-MTPClassDriver","21b7c16e-c5af-4a69-a74a-7245481c1b97","Microsoft-Windows-WPD-MTPClassDriver/Operational","332","4480","rjaf-PC4429","S-1-5-19","6/2/2014 2:43:40 AM",,,"c:\users\mac_1\desktop\winevt\logs\microsoft-windows-wpd-mtpclassdriver%4operational.evtx","System.UInt32[]","System.Diagnostics.Eventing.Reader.EventBookmark","Information","Info","Driver Initialization","System.Collections.ObjectModel.ReadOnlyCollection`1[System.String]","System.Collections.Generic.List`1[System.Diagnostics.Eventing.Reader.EventProperty]"
"Device will enter the suspend state if idle for 30 seconds.","1001","0",,"4","16","0","-9223372036854775808","173","Microsoft-Windows-WPD-MTPClassDriver","21b7c16e-c5af-4a69-a74a-7245481c1b97","Microsoft-Windows-WPD-MTPClassDriver/Operational","332","4480","rjaf-PC4429","S-1-5-19","6/2/2014 2:43:40 AM",,,"c:\users\mac_1\desktop\winevt\logs\microsoft-windows-wpd-mtpclassdriver%4operational.evtx","System.UInt32[]","System.Diagnostics.Eventing.Reader.EventBookmark","Information","Info","Driver Initialization","System.Collections.ObjectModel.ReadOnlyCollection`1[System.String]","System.Collections.Generic.List`1[System.Diagnostics.Eventing.Reader.EventProperty]"
"Device is entering the idle state (Idle state: 4; Return code: 0x0).","1002","0",,"4","32","0","-9223372036854775808","172","Microsoft-Windows-WPD-MTPClassDriver","21b7c16e-c5af-4a69-a74a-7245481c1b97","Microsoft-Windows-WPD-MTPClassDriver/Operational","1584","1752","rjaf-PC4429","S-1-5-19","5/21/2014 10:30:46 AM",,,"c:\users\mac_1\desktop\winevt\logs\microsoft-windows-wpd-mtpclassdriver%4operational.evtx","System.UInt32[]","System.Diagnostics.Eventing.Reader.EventBookmark","Information","Info","Driver Operation","System.Collections.ObjectModel.ReadOnlyCollection`1[System.String]","System.Collections.Generic.List`1[System.Diagnostics.Eventing.Reader.EventProperty]"
"Device is resuming operation from idle state (Idle state: 4; Return code: 0x0).","1003","0",,"4","32","0","-9223372036854775808","171","Microsoft-Windows-WPD-MTPClassDriver","21b7c16e-c5af-4a69-a74a-7245481c1b97","Microsoft-Windows-WPD-MTPClassDriver/Operational","1584","1752","rjaf-PC4429","S-1-5-19","5/21/2014 9:37:04 AM",,,"c:\users\mac_1\desktop\winevt\logs\microsoft-windows-wpd-mtpclassdriver%4operational.evtx","System.UInt32[]","System.Diagnostics.Eventing.Reader.EventBookmark","Information","Info","Driver Operation","System.Collections.ObjectModel.ReadOnlyCollection`1[System.String]","System.Collections.Generic.List`1[System.Diagnostics.Eventing.Reader.EventProperty]"
"MTP Driver started successfully.","1000","0",,"4","16","0","-9223372036854775808","170","Microsoft-Windows-WPD-MTPClassDriver","21b7c16e-c5af-4a69-a74a-7245481c1b97","Microsoft-Windows-WPD-MTPClassDriver/Operational","1584","1752","rjaf-PC4429","S-1-5-19","5/21/2014 9:37:04 AM",,,"c:\users\mac_1\desktop\winevt\logs\microsoft-windows-wpd-mtpclassdriver%4operational.evtx","System.UInt32[]","System.Diagnostics.Eventing.Reader.EventBookmark","Information","Info","Driver Initialization","System.Collections.ObjectModel.ReadOnlyCollection`1[System.String]","System.Collections.Generic.List`1[System.Diagnostics.Eventing.Reader.EventProperty]"
"Device will enter the suspend state if idle for 30 seconds.","1001","0",,"4","16","0","-9223372036854775808","169","Microsoft-Windows-WPD-MTPClassDriver","21b7c16e-c5af-4a69-a74a-7245481c1b97","Microsoft-Windows-WPD-MTPClassDriver/Operational","1584","1752","rjaf-PC4429","S-1-5-19","5/21/2014 9:37:02 AM",,,"c:\users\mac_1\desktop\winevt\logs\microsoft-windows-wpd-mtpclassdriver%4operational.evtx","System.UInt32[]","System.Diagnostics.Eventing.Reader.EventBookmark","Information","Info","Driver Initialization","System.Collections.ObjectModel.ReadOnlyCollection`1[System.String]","System.Collections.Generic.List`1[System.Diagnostics.Eventing.Reader.EventProperty]"
"Device is entering the idle state (Idle state: 4; Return code: 0x0).","1002","0",,"4","32","0","-9223372036854775808","168","Microsoft-Windows-WPD-MTPClassDriver","21b7c16e-c5af-4a69-a74a-7245481c1b97","Microsoft-Windows-WPD-MTPClassDriver/Operational","3624","3800","rjaf-PC4429","S-1-5-19","3/20/2014 1:35:44 PM",,,"c:\users\mac_1\desktop\winevt\logs\microsoft-windows-wpd-mtpclassdriver%4operational.evtx","System.UInt32[]","System.Diagnostics.Eventing.Reader.EventBookmark","Information","Info","Driver Operation","System.Collections.ObjectModel.ReadOnlyCollection`1[System.String]","System.Collections.Generic.List`1[System.Diagnostics.Eventing.Reader.EventProperty]"
"Device is resuming operation from idle state (Idle state: 4; Return code: 0x0).","1003","0",,"4","32","0","-9223372036854775808","167","Microsoft-Windows-WPD-MTPClassDriver","21b7c16e-c5af-4a69-a74a-7245481c1b97","Microsoft-Windows-WPD-MTPClassDriver/Operational","3624","3800","rjaf-PC4429","S-1-5-19","3/20/2014 12:19:41 PM",,,"c:\users\mac_1\desktop\winevt\logs\microsoft-windows-wpd-mtpclassdriver%4operational.evtx","System.UInt32[]","System.Diagnostics.Eventing.Reader.EventBookmark","Information","Info","Driver Operation","System.Collections.ObjectModel.ReadOnlyCollection`1[System.String]","System.Collections.Generic.List`1[System.Diagnostics.Eventing.Reader.EventProperty]"
"MTP Driver started successfully.","1000","0",,"4","16","0","-9223372036854775808","166","Microsoft-Windows-WPD-MTPClassDriver","21b7c16e-c5af-4a69-a74a-7245481c1b97","Microsoft-Windows-WPD-MTPClassDriver/Operational","3624","3800","rjaf-PC4429","S-1-5-19","3/20/2014 12:19:41 PM",,,"c:\users\mac_1\desktop\winevt\logs\microsoft-windows-wpd-mtpclassdriver%4operational.evtx","System.UInt32[]","System.Diagnostics.Eventing.Reader.EventBookmark","Information","Info","Driver Initialization","System.Collections.ObjectModel.ReadOnlyCollection`1[System.String]","System.Collections.Generic.List`1[System.Diagnostics.Eventing.Reader.EventProperty]"
"Device will enter the suspend state if idle for 30 seconds.","1001","0",,"4","16","0","-9223372036854775808","165","Microsoft-Windows-WPD-MTPClassDriver","21b7c16e-c5af-4a69-a74a-7245481c1b97","Microsoft-Windows-WPD-MTPClassDriver/Operational","3624","3800","rjaf-PC4429","S-1-5-19","3/20/2014 12:19:40 PM",,,"c:\users\mac_1\desktop\winevt\logs\microsoft-windows-wpd-mtpclassdriver%4operational.evtx","System.UInt32[]","System.Diagnostics.Eventing.Reader.EventBookmark","Information","Info","Driver Initialization","System.Collections.ObjectModel.ReadOnlyCollection`1[System.String]","System.Collections.Generic.List`1[System.Diagnostics.Eventing.Reader.EventProperty]"
"Device is entering the idle state (Idle state: 4; Return code: 0x0).","1002","0",,"4","32","0","-9223372036854775808","164","Microsoft-Windows-WPD-MTPClassDriver","21b7c16e-c5af-4a69-a74a-7245481c1b97","Microsoft-Windows-WPD-MTPClassDriver/Operational","2444","2712","rjaf-PC4429","S-1-5-19","3/2/2014 11:19:55 AM",,,"c:\users\mac_1\desktop\winevt\logs\microsoft-windows-wpd-mtpclassdriver%4operational.evtx","System.UInt32[]","System.Diagnostics.Eventing.Reader.EventBookmark","Information","Info","Driver Operation","System.Collections.ObjectModel.ReadOnlyCollection`1[System.String]","System.Collections.Generic.List`1[System.Diagnostics.Eventing.Reader.EventProperty]"
"Device is resuming operation from idle state (Idle state: 4; Return code: 0x0).","1003","0",,"4","32","0","-9223372036854775808","163","Microsoft-Windows-WPD-MTPClassDriver","21b7c16e-c5af-4a69-a74a-7245481c1b97","Microsoft-Windows-WPD-MTPClassDriver/Operational","2444","2712","rjaf-PC4429","S-1-5-19","3/2/2014 10:27:21 AM",,,"c:\users\mac_1\desktop\winevt\logs\microsoft-windows-wpd-mtpclassdriver%4operational.evtx","System.UInt32[]","System.Diagnostics.Eventing.Reader.EventBookmark","Information","Info","Driver Operation","System.Collections.ObjectModel.ReadOnlyCollection`1[System.String]","System.Collections.Generic.List`1[System.Diagnostics.Eventing.Reader.EventProperty]"
"MTP Driver started successfully.","1000","0",,"4","16","0","-9223372036854775808","162","Microsoft-Windows-WPD-MTPClassDriver","21b7c16e-c5af-4a69-a74a-7245481c1b97","Microsoft-Windows-WPD-MTPClassDriver/Operational","2444","2712","rjaf-PC4429","S-1-5-19","3/2/2014 10:27:21 AM",,,"c:\users\mac_1\desktop\winevt\logs\microsoft-windows-wpd-mtpclassdriver%4operational.evtx","System.UInt32[]","System.Diagnostics.Eventing.Reader.EventBookmark","Information","Info","Driver Initialization","System.Collections.ObjectModel.ReadOnlyCollection`1[System.String]","System.Collections.Generic.List`1[System.Diagnostics.Eventing.Reader.EventProperty]"
"Device will enter the suspend state if idle for 30 seconds.","1001","0",,"4","16","0","-9223372036854775808","161","Microsoft-Windows-WPD-MTPClassDriver","21b7c16e-c5af-4a69-a74a-7245481c1b97","Microsoft-Windows-WPD-MTPClassDriver/Operational","2444","2712","rjaf-PC4429","S-1-5-19","3/2/2014 10:27:21 AM",,,"c:\users\mac_1\desktop\winevt\logs\microsoft-windows-wpd-mtpclassdriver%4operational.evtx","System.UInt32[]","System.Diagnostics.Eventing.Reader.EventBookmark","Information","Info","Driver Initialization","System.Collections.ObjectModel.ReadOnlyCollection`1[System.String]","System.Collections.Generic.List`1[System.Diagnostics.Eventing.Reader.EventProperty]"
"Device is entering the idle state (Idle state: 4; Return code: 0x0).","1002","0",,"4","32","0","-9223372036854775808","160","Microsoft-Windows-WPD-MTPClassDriver","21b7c16e-c5af-4a69-a74a-7245481c1b97","Microsoft-Windows-WPD-MTPClassDriver/Operational","2040","3016","rjaf-PC4429","S-1-5-19","2/26/2014 10:42:14 PM",,,"c:\users\mac_1\desktop\winevt\logs\microsoft-windows-wpd-mtpclassdriver%4operational.evtx","System.UInt32[]","System.Diagnostics.Eventing.Reader.EventBookmark","Information","Info","Driver Operation","System.Collections.ObjectModel.ReadOnlyCollection`1[System.String]","System.Collections.Generic.List`1[System.Diagnostics.Eventing.Reader.EventProperty]"
"Device is resuming operation from idle state (Idle state: 4; Return code: 0x0).","1003","0",,"4","32","0","-9223372036854775808","159","Microsoft-Windows-WPD-MTPClassDriver","21b7c16e-c5af-4a69-a74a-7245481c1b97","Microsoft-Windows-WPD-MTPClassDriver/Operational","2040","3016","rjaf-PC4429","S-1-5-19","2/26/2014 12:34:07 PM",,,"c:\users\mac_1\desktop\winevt\logs\microsoft-windows-wpd-mtpclassdriver%4operational.evtx","System.UInt32[]","System.Diagnostics.Eventing.Reader.EventBookmark","Information","Info","Driver Operation","System.Collections.ObjectModel.ReadOnlyCollection`1[System.String]","System.Collections.Generic.List`1[System.Diagnostics.Eventing.Reader.EventProperty]"
"MTP Driver started successfully.","1000","0",,"4","16","0","-9223372036854775808","158","Microsoft-Windows-WPD-MTPClassDriver","21b7c16e-c5af-4a69-a74a-7245481c1b97","Microsoft-Windows-WPD-MTPClassDriver/Operational","2040","3016","rjaf-PC4429","S-1-5-19","2/26/2014 12:34:07 PM",,,"c:\users\mac_1\desktop\winevt\logs\microsoft-windows-wpd-mtpclassdriver%4operational.evtx","System.UInt32[]","System.Diagnostics.Eventing.Reader.EventBookmark","Information","Info","Driver Initialization","System.Collections.ObjectModel.ReadOnlyCollection`1[System.String]","System.Collections.Generic.List`1[System.Diagnostics.Eventing.Reader.EventProperty]"
"Device will enter the suspend state if idle for 30 seconds.","1001","0",,"4","16","0","-9223372036854775808","157","Microsoft-Windows-WPD-MTPClassDriver","21b7c16e-c5af-4a69-a74a-7245481c1b97","Microsoft-Windows-WPD-MTPClassDriver/Operational","2040","3016","rjaf-PC4429","S-1-5-19","2/26/2014 12:34:03 PM",,,"c:\users\mac_1\desktop\winevt\logs\microsoft-windows-wpd-mtpclassdriver%4operational.evtx","System.UInt32[]","System.Diagnostics.Eventing.Reader.EventBookmark","Information","Info","Driver Initialization","System.Collections.ObjectModel.ReadOnlyCollection`1[System.String]","System.Collections.Generic.List`1[System.Diagnostics.Eventing.Reader.EventProperty]"
"Device is entering the idle state (Idle state: 4; Return code: 0x0).","1002","0",,"4","32","0","-9223372036854775808","156","Microsoft-Windows-WPD-MTPClassDriver","21b7c16e-c5af-4a69-a74a-7245481c1b97","Microsoft-Windows-WPD-MTPClassDriver/Operational","3584","3608","rjaf-PC4429","S-1-5-19","2/26/2014 8:13:18 AM",,,"c:\users\mac_1\desktop\winevt\logs\microsoft-windows-wpd-mtpclassdriver%4operational.evtx","System.UInt32[]","System.Diagnostics.Eventing.Reader.EventBookmark","Information","Info","Driver Operation","System.Collections.ObjectModel.ReadOnlyCollection`1[System.String]","System.Collections.Generic.List`1[System.Diagnostics.Eventing.Reader.EventProperty]"
"Device is resuming operation from idle state (Idle state: 4; Return code: 0x0).","1003","0",,"4","32","0","-9223372036854775808","155","Microsoft-Windows-WPD-MTPClassDriver","21b7c16e-c5af-4a69-a74a-7245481c1b97","Microsoft-Windows-WPD-MTPClassDriver/Operational","3584","3608","rjaf-PC4429","S-1-5-19","2/26/2014 7:24:50 AM",,,"c:\users\mac_1\desktop\winevt\logs\microsoft-windows-wpd-mtpclassdriver%4operational.evtx","System.UInt32[]","System.Diagnostics.Eventing.Reader.EventBookmark","Information","Info","Driver Operation","System.Collections.ObjectModel.ReadOnlyCollection`1[System.String]","System.Collections.Generic.List`1[System.Diagnostics.Eventing.Reader.EventProperty]"
"MTP Driver started successfully.","1000","0",,"4","16","0","-9223372036854775808","154","Microsoft-Windows-WPD-MTPClassDriver","21b7c16e-c5af-4a69-a74a-7245481c1b97","Microsoft-Windows-WPD-MTPClassDriver/Operational","3584","3608","rjaf-PC4429","S-1-5-19","2/26/2014 7:24:50 AM",,,"c:\users\mac_1\desktop\winevt\logs\microsoft-windows-wpd-mtpclassdriver%4operational.evtx","System.UInt32[]","System.Diagnostics.Eventing.Reader.EventBookmark","Information","Info","Driver Initialization","System.Collections.ObjectModel.ReadOnlyCollection`1[System.String]","System.Collections.Generic.List`1[System.Diagnostics.Eventing.Reader.EventProperty]"
"Device will enter the suspend state if idle for 30 seconds.","1001","0",,"4","16","0","-9223372036854775808","153","Microsoft-Windows-WPD-MTPClassDriver","21b7c16e-c5af-4a69-a74a-7245481c1b97","Microsoft-Windows-WPD-MTPClassDriver/Operational","3584","3608","rjaf-PC4429","S-1-5-19","2/26/2014 7:24:45 AM",,,"c:\users\mac_1\desktop\winevt\logs\microsoft-windows-wpd-mtpclassdriver%4operational.evtx","System.UInt32[]","System.Diagnostics.Eventing.Reader.EventBookmark","Information","Info","Driver Initialization","System.Collections.ObjectModel.ReadOnlyCollection`1[System.String]","System.Collections.Generic.List`1[System.Diagnostics.Eventing.Reader.EventProperty]"
"Device is entering the idle state (Idle state: 4; Return code: 0x0).","1002","0",,"4","32","0","-9223372036854775808","152","Microsoft-Windows-WPD-MTPClassDriver","21b7c16e-c5af-4a69-a74a-7245481c1b97","Microsoft-Windows-WPD-MTPClassDriver/Operational","5620","4216","rjaf-PC4429","S-1-5-19","2/26/2014 2:55:58 AM",,,"c:\users\mac_1\desktop\winevt\logs\microsoft-windows-wpd-mtpclassdriver%4operational.evtx","System.UInt32[]","System.Diagnostics.Eventing.Reader.EventBookmark","Information","Info","Driver Operation","System.Collections.ObjectModel.ReadOnlyCollection`1[System.String]","System.Collections.Generic.List`1[System.Diagnostics.Eventing.Reader.EventProperty]"
"Device is resuming operation from idle state (Idle state: 4; Return code: 0x0).","1003","0",,"4","32","0","-9223372036854775808","151","Microsoft-Windows-WPD-MTPClassDriver","21b7c16e-c5af-4a69-a74a-7245481c1b97","Microsoft-Windows-WPD-MTPClassDriver/Operational","5620","4216","rjaf-PC4429","S-1-5-19","2/25/2014 10:56:12 PM",,,"c:\users\mac_1\desktop\winevt\logs\microsoft-windows-wpd-mtpclassdriver%4operational.evtx","System.UInt32[]","System.Diagnostics.Eventing.Reader.EventBookmark","Information","Info","Driver Operation","System.Collections.ObjectModel.ReadOnlyCollection`1[System.String]","System.Collections.Generic.List`1[System.Diagnostics.Eventing.Reader.EventProperty]"
"MTP Driver started successfully.","1000","0",,"4","16","0","-9223372036854775808","150","Microsoft-Windows-WPD-MTPClassDriver","21b7c16e-c5af-4a69-a74a-7245481c1b97","Microsoft-Windows-WPD-MTPClassDriver/Operational","5620","4216","rjaf-PC4429","S-1-5-19","2/25/2014 10:56:12 PM",,,"c:\users\mac_1\desktop\winevt\logs\microsoft-windows-wpd-mtpclassdriver%4operational.evtx","System.UInt32[]","System.Diagnostics.Eventing.Reader.EventBookmark","Information","Info","Driver Initialization","System.Collections.ObjectModel.ReadOnlyCollection`1[System.String]","System.Collections.Generic.List`1[System.Diagnostics.Eventing.Reader.EventProperty]"
"Device will enter the suspend state if idle for 30 seconds.","1001","0",,"4","16","0","-9223372036854775808","149","Microsoft-Windows-WPD-MTPClassDriver","21b7c16e-c5af-4a69-a74a-7245481c1b97","Microsoft-Windows-WPD-MTPClassDriver/Operational","5620","4216","rjaf-PC4429","S-1-5-19","2/25/2014 10:56:08 PM",,,"c:\users\mac_1\desktop\winevt\logs\microsoft-windows-wpd-mtpclassdriver%4operational.evtx","System.UInt32[]","System.Diagnostics.Eventing.Reader.EventBookmark","Information","Info","Driver Initialization","System.Collections.ObjectModel.ReadOnlyCollection`1[System.String]","System.Collections.Generic.List`1[System.Diagnostics.Eventing.Reader.EventProperty]"
"Device is entering the idle state (Idle state: 4; Return code: 0x0).","1002","0",,"4","32","0","-9223372036854775808","148","Microsoft-Windows-WPD-MTPClassDriver","21b7c16e-c5af-4a69-a74a-7245481c1b97","Microsoft-Windows-WPD-MTPClassDriver/Operational","6120","5788","rjaf-PC4429","S-1-5-19","2/25/2014 12:37:33 PM",,,"c:\users\mac_1\desktop\winevt\logs\microsoft-windows-wpd-mtpclassdriver%4operational.evtx","System.UInt32[]","System.Diagnostics.Eventing.Reader.EventBookmark","Information","Info","Driver Operation","System.Collections.ObjectModel.ReadOnlyCollection`1[System.String]","System.Collections.Generic.List`1[System.Diagnostics.Eventing.Reader.EventProperty]"
"Device is resuming operation from idle state (Idle state: 4; Return code: 0x0).","1003","0",,"4","32","0","-9223372036854775808","147","Microsoft-Windows-WPD-MTPClassDriver","21b7c16e-c5af-4a69-a74a-7245481c1b97","Microsoft-Windows-WPD-MTPClassDriver/Operational","6120","5788","rjaf-PC4429","S-1-5-19","2/25/2014 4:18:21 AM",,,"c:\users\mac_1\desktop\winevt\logs\microsoft-windows-wpd-mtpclassdriver%4operational.evtx","System.UInt32[]","System.Diagnostics.Eventing.Reader.EventBookmark","Information","Info","Driver Operation","System.Collections.ObjectModel.ReadOnlyCollection`1[System.String]","System.Collections.Generic.List`1[System.Diagnostics.Eventing.Reader.EventProperty]"
"MTP Driver started successfully.","1000","0",,"4","16","0","-9223372036854775808","146","Microsoft-Windows-WPD-MTPClassDriver","21b7c16e-c5af-4a69-a74a-7245481c1b97","Microsoft-Windows-WPD-MTPClassDriver/Operational","6120","5788","rjaf-PC4429","S-1-5-19","2/25/2014 4:18:21 AM",,,"c:\users\mac_1\desktop\winevt\logs\microsoft-windows-wpd-mtpclassdriver%4operational.evtx","System.UInt32[]","System.Diagnostics.Eventing.Reader.EventBookmark","Information","Info","Driver Initialization","System.Collections.ObjectModel.ReadOnlyCollection`1[System.String]","System.Collections.Generic.List`1[System.Diagnostics.Eventing.Reader.EventProperty]"
"Device will enter the suspend state if idle for 30 seconds.","1001","0",,"4","16","0","-9223372036854775808","145","Microsoft-Windows-WPD-MTPClassDriver","21b7c16e-c5af-4a69-a74a-7245481c1b97","Microsoft-Windows-WPD-MTPClassDriver/Operational","6120","5788","rjaf-PC4429","S-1-5-19","2/25/2014 4:18:20 AM",,,"c:\users\mac_1\desktop\winevt\logs\microsoft-windows-wpd-mtpclassdriver%4operational.evtx","System.UInt32[]","System.Diagnostics.Eventing.Reader.EventBookmark","Information","Info","Driver Initialization","System.Collections.ObjectModel.ReadOnlyCollection`1[System.String]","System.Collections.Generic.List`1[System.Diagnostics.Eventing.Reader.EventProperty]"
"Device is entering the idle state (Idle state: 4; Return code: 0x0).","1002","0",,"4","32","0","-9223372036854775808","144","Microsoft-Windows-WPD-MTPClassDriver","21b7c16e-c5af-4a69-a74a-7245481c1b97","Microsoft-Windows-WPD-MTPClassDriver/Operational","4588","3524","rjaf-PC4429","S-1-5-19","2/24/2014 2:11:47 PM",,,"c:\users\mac_1\desktop\winevt\logs\microsoft-windows-wpd-mtpclassdriver%4operational.evtx","System.UInt32[]","System.Diagnostics.Eventing.Reader.EventBookmark","Information","Info","Driver Operation","System.Collections.ObjectModel.ReadOnlyCollection`1[System.String]","System.Collections.Generic.List`1[System.Diagnostics.Eventing.Reader.EventProperty]"
"Device is resuming operation from idle state (Idle state: 4; Return code: 0x0).","1003","0",,"4","32","0","-9223372036854775808","143","Microsoft-Windows-WPD-MTPClassDriver","21b7c16e-c5af-4a69-a74a-7245481c1b97","Microsoft-Windows-WPD-MTPClassDriver/Operational","4588","3524","rjaf-PC4429","S-1-5-19","2/24/2014 1:49:16 PM",,,"c:\users\mac_1\desktop\winevt\logs\microsoft-windows-wpd-mtpclassdriver%4operational.evtx","System.UInt32[]","System.Diagnostics.Eventing.Reader.EventBookmark","Information","Info","Driver Operation","System.Collections.ObjectModel.ReadOnlyCollection`1[System.String]","System.Collections.Generic.List`1[System.Diagnostics.Eventing.Reader.EventProperty]"
"MTP Driver started successfully.","1000","0",,"4","16","0","-9223372036854775808","142","Microsoft-Windows-WPD-MTPClassDriver","21b7c16e-c5af-4a69-a74a-7245481c1b97","Microsoft-Windows-WPD-MTPClassDriver/Operational","4588","3524","rjaf-PC4429","S-1-5-19","2/24/2014 1:49:16 PM",,,"c:\users\mac_1\desktop\winevt\logs\microsoft-windows-wpd-mtpclassdriver%4operational.evtx","System.UInt32[]","System.Diagnostics.Eventing.Reader.EventBookmark","Information","Info","Driver Initialization","System.Collections.ObjectModel.ReadOnlyCollection`1[System.String]","System.Collections.Generic.List`1[System.Diagnostics.Eventing.Reader.EventProperty]"
"Device will enter the suspend state if idle for 30 seconds.","1001","0",,"4","16","0","-9223372036854775808","141","Microsoft-Windows-WPD-MTPClassDriver","21b7c16e-c5af-4a69-a74a-7245481c1b97","Microsoft-Windows-WPD-MTPClassDriver/Operational","4588","3524","rjaf-PC4429","S-1-5-19","2/24/2014 1:49:15 PM",,,"c:\users\mac_1\desktop\winevt\logs\microsoft-windows-wpd-mtpclassdriver%4operational.evtx","System.UInt32[]","System.Diagnostics.Eventing.Reader.EventBookmark","Information","Info","Driver Initialization","System.Collections.ObjectModel.ReadOnlyCollection`1[System.String]","System.Collections.Generic.List`1[System.Diagnostics.Eventing.Reader.EventProperty]"
"Device is entering the idle state (Idle state: 4; Return code: 0x0).","1002","0",,"4","32","0","-9223372036854775808","140","Microsoft-Windows-WPD-MTPClassDriver","21b7c16e-c5af-4a69-a74a-7245481c1b97","Microsoft-Windows-WPD-MTPClassDriver/Operational","5968","4460","rjaf-PC4429","S-1-5-19","2/24/2014 1:49:04 PM",,,"c:\users\mac_1\desktop\winevt\logs\microsoft-windows-wpd-mtpclassdriver%4operational.evtx","System.UInt32[]","System.Diagnostics.Eventing.Reader.EventBookmark","Information","Info","Driver Operation","System.Collections.ObjectModel.ReadOnlyCollection`1[System.String]","System.Collections.Generic.List`1[System.Diagnostics.Eventing.Reader.EventProperty]"
"Device is resuming operation from idle state (Idle state: 4; Return code: 0x0).","1003","0",,"4","32","0","-9223372036854775808","139","Microsoft-Windows-WPD-MTPClassDriver","21b7c16e-c5af-4a69-a74a-7245481c1b97","Microsoft-Windows-WPD-MTPClassDriver/Operational","5968","4460","rjaf-PC4429","S-1-5-19","2/24/2014 12:20:34 PM",,,"c:\users\mac_1\desktop\winevt\logs\microsoft-windows-wpd-mtpclassdriver%4operational.evtx","System.UInt32[]","System.Diagnostics.Eventing.Reader.EventBookmark","Information","Info","Driver Operation","System.Collections.ObjectModel.ReadOnlyCollection`1[System.String]","System.Collections.Generic.List`1[System.Diagnostics.Eventing.Reader.EventProperty]"
"MTP Driver started successfully.","1000","0",,"4","16","0","-9223372036854775808","138","Microsoft-Windows-WPD-MTPClassDriver","21b7c16e-c5af-4a69-a74a-7245481c1b97","Microsoft-Windows-WPD-MTPClassDriver/Operational","5968","4460","rjaf-PC4429","S-1-5-19","2/24/2014 12:20:34 PM",,,"c:\users\mac_1\desktop\winevt\logs\microsoft-windows-wpd-mtpclassdriver%4operational.evtx","System.UInt32[]","System.Diagnostics.Eventing.Reader.EventBookmark","Information","Info","Driver Initialization","System.Collections.ObjectModel.ReadOnlyCollection`1[System.String]","System.Collections.Generic.List`1[System.Diagnostics.Eventing.Reader.EventProperty]"
"Device will enter the suspend state if idle for 30 seconds.","1001","0",,"4","16","0","-9223372036854775808","137","Microsoft-Windows-WPD-MTPClassDriver","21b7c16e-c5af-4a69-a74a-7245481c1b97","Microsoft-Windows-WPD-MTPClassDriver/Operational","5968","4460","rjaf-PC4429","S-1-5-19","2/24/2014 12:20:33 PM",,,"c:\users\mac_1\desktop\winevt\logs\microsoft-windows-wpd-mtpclassdriver%4operational.evtx","System.UInt32[]","System.Diagnostics.Eventing.Reader.EventBookmark","Information","Info","Driver Initialization","System.Collections.ObjectModel.ReadOnlyCollection`1[System.String]","System.Collections.Generic.List`1[System.Diagnostics.Eventing.Reader.EventProperty]"
"Device is entering the idle state (Idle state: 4; Return code: 0x0).","1002","0",,"4","32","0","-9223372036854775808","136","Microsoft-Windows-WPD-MTPClassDriver","21b7c16e-c5af-4a69-a74a-7245481c1b97","Microsoft-Windows-WPD-MTPClassDriver/Operational","2952","2576","rjaf-PC4429","S-1-5-19","2/19/2014 11:32:15 AM",,,"c:\users\mac_1\desktop\winevt\logs\microsoft-windows-wpd-mtpclassdriver%4operational.evtx","System.UInt32[]","System.Diagnostics.Eventing.Reader.EventBookmark","Information","Info","Driver Operation","System.Collections.ObjectModel.ReadOnlyCollection`1[System.String]","System.Collections.Generic.List`1[System.Diagnostics.Eventing.Reader.EventProperty]"
"Device is resuming operation from idle state (Idle state: 4; Return code: 0x0).","1003","0",,"4","32","0","-9223372036854775808","135","Microsoft-Windows-WPD-MTPClassDriver","21b7c16e-c5af-4a69-a74a-7245481c1b97","Microsoft-Windows-WPD-MTPClassDriver/Operational","2952","2576","rjaf-PC4429","S-1-5-19","2/19/2014 10:34:40 AM",,,"c:\users\mac_1\desktop\winevt\logs\microsoft-windows-wpd-mtpclassdriver%4operational.evtx","System.UInt32[]","System.Diagnostics.Eventing.Reader.EventBookmark","Information","Info","Driver Operation","System.Collections.ObjectModel.ReadOnlyCollection`1[System.String]","System.Collections.Generic.List`1[System.Diagnostics.Eventing.Reader.EventProperty]"
"MTP Driver started successfully.","1000","0",,"4","16","0","-9223372036854775808","134","Microsoft-Windows-WPD-MTPClassDriver","21b7c16e-c5af-4a69-a74a-7245481c1b97","Microsoft-Windows-WPD-MTPClassDriver/Operational","2952","2576","rjaf-PC4429","S-1-5-19","2/19/2014 10:34:40 AM",,,"c:\users\mac_1\desktop\winevt\logs\microsoft-windows-wpd-mtpclassdriver%4operational.evtx","System.UInt32[]","System.Diagnostics.Eventing.Reader.EventBookmark","Information","Info","Driver Initialization","System.Collections.ObjectModel.ReadOnlyCollection`1[System.String]","System.Collections.Generic.List`1[System.Diagnostics.Eventing.Reader.EventProperty]"
"Device will enter the suspend state if idle for 30 seconds.","1001","0",,"4","16","0","-9223372036854775808","133","Microsoft-Windows-WPD-MTPClassDriver","21b7c16e-c5af-4a69-a74a-7245481c1b97","Microsoft-Windows-WPD-MTPClassDriver/Operational","2952","2576","rjaf-PC4429","S-1-5-19","2/19/2014 10:34:40 AM",,,"c:\users\mac_1\desktop\winevt\logs\microsoft-windows-wpd-mtpclassdriver%4operational.evtx","System.UInt32[]","System.Diagnostics.Eventing.Reader.EventBookmark","Information","Info","Driver Initialization","System.Collections.ObjectModel.ReadOnlyCollection`1[System.String]","System.Collections.Generic.List`1[System.Diagnostics.Eventing.Reader.EventProperty]"
"Device is entering the idle state (Idle state: 4; Return code: 0x0).","1002","0",,"4","32","0","-9223372036854775808","132","Microsoft-Windows-WPD-MTPClassDriver","21b7c16e-c5af-4a69-a74a-7245481c1b97","Microsoft-Windows-WPD-MTPClassDriver/Operational","3760","1140","rjaf-PC4429","S-1-5-19","2/12/2014 1:38:57 AM",,,"c:\users\mac_1\desktop\winevt\logs\microsoft-windows-wpd-mtpclassdriver%4operational.evtx","System.UInt32[]","System.Diagnostics.Eventing.Reader.EventBookmark","Information","Info","Driver Operation","System.Collections.ObjectModel.ReadOnlyCollection`1[System.String]","System.Collections.Generic.List`1[System.Diagnostics.Eventing.Reader.EventProperty]"
"Device is resuming operation from idle state (Idle state: 4; Return code: 0x0).","1003","0",,"4","32","0","-9223372036854775808","131","Microsoft-Windows-WPD-MTPClassDriver","21b7c16e-c5af-4a69-a74a-7245481c1b97","Microsoft-Windows-WPD-MTPClassDriver/Operational","3760","1140","rjaf-PC4429","S-1-5-19","2/12/2014 1:38:23 AM",,,"c:\users\mac_1\desktop\winevt\logs\microsoft-windows-wpd-mtpclassdriver%4operational.evtx","System.UInt32[]","System.Diagnostics.Eventing.Reader.EventBookmark","Information","Info","Driver Operation","System.Collections.ObjectModel.ReadOnlyCollection`1[System.String]","System.Collections.Generic.List`1[System.Diagnostics.Eventing.Reader.EventProperty]"
"MTP Driver started successfully.","1000","0",,"4","16","0","-9223372036854775808","130","Microsoft-Windows-WPD-MTPClassDriver","21b7c16e-c5af-4a69-a74a-7245481c1b97","Microsoft-Windows-WPD-MTPClassDriver/Operational","3760","1140","rjaf-PC4429","S-1-5-19","2/12/2014 1:38:23 AM",,,"c:\users\mac_1\desktop\winevt\logs\microsoft-windows-wpd-mtpclassdriver%4operational.evtx","System.UInt32[]","System.Diagnostics.Eventing.Reader.EventBookmark","Information","Info","Driver Initialization","System.Collections.ObjectModel.ReadOnlyCollection`1[System.String]","System.Collections.Generic.List`1[System.Diagnostics.Eventing.Reader.EventProperty]"
"Device will enter the suspend state if idle for 30 seconds.","1001","0",,"4","16","0","-9223372036854775808","129","Microsoft-Windows-WPD-MTPClassDriver","21b7c16e-c5af-4a69-a74a-7245481c1b97","Microsoft-Windows-WPD-MTPClassDriver/Operational","3760","1140","rjaf-PC4429","S-1-5-19","2/12/2014 1:38:22 AM",,,"c:\users\mac_1\desktop\winevt\logs\microsoft-windows-wpd-mtpclassdriver%4operational.evtx","System.UInt32[]","System.Diagnostics.Eventing.Reader.EventBookmark","Information","Info","Driver Initialization","System.Collections.ObjectModel.ReadOnlyCollection`1[System.String]","System.Collections.Generic.List`1[System.Diagnostics.Eventing.Reader.EventProperty]"
"Device is entering the idle state (Idle state: 4; Return code: 0x0).","1002","0",,"4","32","0","-9223372036854775808","128","Microsoft-Windows-WPD-MTPClassDriver","21b7c16e-c5af-4a69-a74a-7245481c1b97","Microsoft-Windows-WPD-MTPClassDriver/Operational","2768","3584","rjaf-PC4429","S-1-5-19","2/11/2014 11:51:33 PM",,,"c:\users\mac_1\desktop\winevt\logs\microsoft-windows-wpd-mtpclassdriver%4operational.evtx","System.UInt32[]","System.Diagnostics.Eventing.Reader.EventBookmark","Information","Info","Driver Operation","System.Collections.ObjectModel.ReadOnlyCollection`1[System.String]","System.Collections.Generic.List`1[System.Diagnostics.Eventing.Reader.EventProperty]"
"Device is resuming operation from idle state (Idle state: 4; Return code: 0x0).","1003","0",,"4","32","0","-9223372036854775808","127","Microsoft-Windows-WPD-MTPClassDriver","21b7c16e-c5af-4a69-a74a-7245481c1b97","Microsoft-Windows-WPD-MTPClassDriver/Operational","2768","3584","rjaf-PC4429","S-1-5-19","2/11/2014 11:47:19 PM",,,"c:\users\mac_1\desktop\winevt\logs\microsoft-windows-wpd-mtpclassdriver%4operational.evtx","System.UInt32[]","System.Diagnostics.Eventing.Reader.EventBookmark","Information","Info","Driver Operation","System.Collections.ObjectModel.ReadOnlyCollection`1[System.String]","System.Collections.Generic.List`1[System.Diagnostics.Eventing.Reader.EventProperty]"
"MTP Driver started successfully.","1000","0",,"4","16","0","-9223372036854775808","126","Microsoft-Windows-WPD-MTPClassDriver","21b7c16e-c5af-4a69-a74a-7245481c1b97","Microsoft-Windows-WPD-MTPClassDriver/Operational","2768","3584","rjaf-PC4429","S-1-5-19","2/11/2014 11:47:19 PM",,,"c:\users\mac_1\desktop\winevt\logs\microsoft-windows-wpd-mtpclassdriver%4operational.evtx","System.UInt32[]","System.Diagnostics.Eventing.Reader.EventBookmark","Information","Info","Driver Initialization","System.Collections.ObjectModel.ReadOnlyCollection`1[System.String]","System.Collections.Generic.List`1[System.Diagnostics.Eventing.Reader.EventProperty]"
"Device will enter the suspend state if idle for 30 seconds.","1001","0",,"4","16","0","-9223372036854775808","125","Microsoft-Windows-WPD-MTPClassDriver","21b7c16e-c5af-4a69-a74a-7245481c1b97","Microsoft-Windows-WPD-MTPClassDriver/Operational","2768","3584","rjaf-PC4429","S-1-5-19","2/11/2014 11:47:17 PM",,,"c:\users\mac_1\desktop\winevt\logs\microsoft-windows-wpd-mtpclassdriver%4operational.evtx","System.UInt32[]","System.Diagnostics.Eventing.Reader.EventBookmark","Information","Info","Driver Initialization","System.Collections.ObjectModel.ReadOnlyCollection`1[System.String]","System.Collections.Generic.List`1[System.Diagnostics.Eventing.Reader.EventProperty]"
"Device is entering the idle state (Idle state: 4; Return code: 0x0).","1002","0",,"4","32","0","-9223372036854775808","124","Microsoft-Windows-WPD-MTPClassDriver","21b7c16e-c5af-4a69-a74a-7245481c1b97","Microsoft-Windows-WPD-MTPClassDriver/Operational","3004","748","rjaf-PC4429","S-1-5-19","2/11/2014 7:21:27 AM",,,"c:\users\mac_1\desktop\winevt\logs\microsoft-windows-wpd-mtpclassdriver%4operational.evtx","System.UInt32[]","System.Diagnostics.Eventing.Reader.EventBookmark","Information","Info","Driver Operation","System.Collections.ObjectModel.ReadOnlyCollection`1[System.String]","System.Collections.Generic.List`1[System.Diagnostics.Eventing.Reader.EventProperty]"
"Device is resuming operation from idle state (Idle state: 4; Return code: 0x0).","1003","0",,"4","32","0","-9223372036854775808","123","Microsoft-Windows-WPD-MTPClassDriver","21b7c16e-c5af-4a69-a74a-7245481c1b97","Microsoft-Windows-WPD-MTPClassDriver/Operational","3004","748","rjaf-PC4429","S-1-5-19","2/11/2014 7:12:00 AM",,,"c:\users\mac_1\desktop\winevt\logs\microsoft-windows-wpd-mtpclassdriver%4operational.evtx","System.UInt32[]","System.Diagnostics.Eventing.Reader.EventBookmark","Information","Info","Driver Operation","System.Collections.ObjectModel.ReadOnlyCollection`1[System.String]","System.Collections.Generic.List`1[System.Diagnostics.Eventing.Reader.EventProperty]"
"MTP Driver started successfully.","1000","0",,"4","16","0","-9223372036854775808","122","Microsoft-Windows-WPD-MTPClassDriver","21b7c16e-c5af-4a69-a74a-7245481c1b97","Microsoft-Windows-WPD-MTPClassDriver/Operational","3004","748","rjaf-PC4429","S-1-5-19","2/11/2014 7:12:00 AM",,,"c:\users\mac_1\desktop\winevt\logs\microsoft-windows-wpd-mtpclassdriver%4operational.evtx","System.UInt32[]","System.Diagnostics.Eventing.Reader.EventBookmark","Information","Info","Driver Initialization","System.Collections.ObjectModel.ReadOnlyCollection`1[System.String]","System.Collections.Generic.List`1[System.Diagnostics.Eventing.Reader.EventProperty]"
"Device will enter the suspend state if idle for 30 seconds.","1001","0",,"4","16","0","-9223372036854775808","121","Microsoft-Windows-WPD-MTPClassDriver","21b7c16e-c5af-4a69-a74a-7245481c1b97","Microsoft-Windows-WPD-MTPClassDriver/Operational","3004","748","rjaf-PC4429","S-1-5-19","2/11/2014 7:11:43 AM",,,"c:\users\mac_1\desktop\winevt\logs\microsoft-windows-wpd-mtpclassdriver%4operational.evtx","System.UInt32[]","System.Diagnostics.Eventing.Reader.EventBookmark","Information","Info","Driver Initialization","System.Collections.ObjectModel.ReadOnlyCollection`1[System.String]","System.Collections.Generic.List`1[System.Diagnostics.Eventing.Reader.EventProperty]"
"Device is entering the idle state (Idle state: 4; Return code: 0x0).","1002","0",,"4","32","0","-9223372036854775808","120","Microsoft-Windows-WPD-MTPClassDriver","21b7c16e-c5af-4a69-a74a-7245481c1b97","Microsoft-Windows-WPD-MTPClassDriver/Operational","2344","2780","rjaf-PC4429","S-1-5-19","2/11/2014 3:09:42 AM",,,"c:\users\mac_1\desktop\winevt\logs\microsoft-windows-wpd-mtpclassdriver%4operational.evtx","System.UInt32[]","System.Diagnostics.Eventing.Reader.EventBookmark","Information","Info","Driver Operation","System.Collections.ObjectModel.ReadOnlyCollection`1[System.String]","System.Collections.Generic.List`1[System.Diagnostics.Eventing.Reader.EventProperty]"
"Device is resuming operation from idle state (Idle state: 4; Return code: 0x0).","1003","0",,"4","32","0","-9223372036854775808","119","Microsoft-Windows-WPD-MTPClassDriver","21b7c16e-c5af-4a69-a74a-7245481c1b97","Microsoft-Windows-WPD-MTPClassDriver/Operational","2344","2780","rjaf-PC4429","S-1-5-19","2/11/2014 2:45:55 AM",,,"c:\users\mac_1\desktop\winevt\logs\microsoft-windows-wpd-mtpclassdriver%4operational.evtx","System.UInt32[]","System.Diagnostics.Eventing.Reader.EventBookmark","Information","Info","Driver Operation","System.Collections.ObjectModel.ReadOnlyCollection`1[System.String]","System.Collections.Generic.List`1[System.Diagnostics.Eventing.Reader.EventProperty]"
"MTP Driver started successfully.","1000","0",,"4","16","0","-9223372036854775808","118","Microsoft-Windows-WPD-MTPClassDriver","21b7c16e-c5af-4a69-a74a-7245481c1b97","Microsoft-Windows-WPD-MTPClassDriver/Operational","2344","2780","rjaf-PC4429","S-1-5-19","2/11/2014 2:45:55 AM",,,"c:\users\mac_1\desktop\winevt\logs\microsoft-windows-wpd-mtpclassdriver%4operational.evtx","System.UInt32[]","System.Diagnostics.Eventing.Reader.EventBookmark","Information","Info","Driver Initialization","System.Collections.ObjectModel.ReadOnlyCollection`1[System.String]","System.Collections.Generic.List`1[System.Diagnostics.Eventing.Reader.EventProperty]"
"Device will enter the suspend state if idle for 30 seconds.","1001","0",,"4","16","0","-9223372036854775808","117","Microsoft-Windows-WPD-MTPClassDriver","21b7c16e-c5af-4a69-a74a-7245481c1b97","Microsoft-Windows-WPD-MTPClassDriver/Operational","2344","2780","rjaf-PC4429","S-1-5-19","2/11/2014 2:45:53 AM",,,"c:\users\mac_1\desktop\winevt\logs\microsoft-windows-wpd-mtpclassdriver%4operational.evtx","System.UInt32[]","System.Diagnostics.Eventing.Reader.EventBookmark","Information","Info","Driver Initialization","System.Collections.ObjectModel.ReadOnlyCollection`1[System.String]","System.Collections.Generic.List`1[System.Diagnostics.Eventing.Reader.EventProperty]"
"Device is entering the idle state (Idle state: 4; Return code: 0x0).","1002","0",,"4","32","0","-9223372036854775808","116","Microsoft-Windows-WPD-MTPClassDriver","21b7c16e-c5af-4a69-a74a-7245481c1b97","Microsoft-Windows-WPD-MTPClassDriver/Operational","3396","2780","rjaf-PC4429","S-1-5-19","2/10/2014 10:58:46 AM",,,"c:\users\mac_1\desktop\winevt\logs\microsoft-windows-wpd-mtpclassdriver%4operational.evtx","System.UInt32[]","System.Diagnostics.Eventing.Reader.EventBookmark","Information","Info","Driver Operation","System.Collections.ObjectModel.ReadOnlyCollection`1[System.String]","System.Collections.Generic.List`1[System.Diagnostics.Eventing.Reader.EventProperty]"
"Device is resuming operation from idle state (Idle state: 4; Return code: 0x0).","1003","0",,"4","32","0","-9223372036854775808","115","Microsoft-Windows-WPD-MTPClassDriver","21b7c16e-c5af-4a69-a74a-7245481c1b97","Microsoft-Windows-WPD-MTPClassDriver/Operational","3396","2780","rjaf-PC4429","S-1-5-19","2/10/2014 10:47:34 AM",,,"c:\users\mac_1\desktop\winevt\logs\microsoft-windows-wpd-mtpclassdriver%4operational.evtx","System.UInt32[]","System.Diagnostics.Eventing.Reader.EventBookmark","Information","Info","Driver Operation","System.Collections.ObjectModel.ReadOnlyCollection`1[System.String]","System.Collections.Generic.List`1[System.Diagnostics.Eventing.Reader.EventProperty]"
"MTP Driver started successfully.","1000","0",,"4","16","0","-9223372036854775808","114","Microsoft-Windows-WPD-MTPClassDriver","21b7c16e-c5af-4a69-a74a-7245481c1b97","Microsoft-Windows-WPD-MTPClassDriver/Operational","3396","2780","rjaf-PC4429","S-1-5-19","2/10/2014 10:47:34 AM",,,"c:\users\mac_1\desktop\winevt\logs\microsoft-windows-wpd-mtpclassdriver%4operational.evtx","System.UInt32[]","System.Diagnostics.Eventing.Reader.EventBookmark","Information","Info","Driver Initialization","System.Collections.ObjectModel.ReadOnlyCollection`1[System.String]","System.Collections.Generic.List`1[System.Diagnostics.Eventing.Reader.EventProperty]"
"Device will enter the suspend state if idle for 30 seconds.","1001","0",,"4","16","0","-9223372036854775808","113","Microsoft-Windows-WPD-MTPClassDriver","21b7c16e-c5af-4a69-a74a-7245481c1b97","Microsoft-Windows-WPD-MTPClassDriver/Operational","3396","2780","rjaf-PC4429","S-1-5-19","2/10/2014 10:47:34 AM",,,"c:\users\mac_1\desktop\winevt\logs\microsoft-windows-wpd-mtpclassdriver%4operational.evtx","System.UInt32[]","System.Diagnostics.Eventing.Reader.EventBookmark","Information","Info","Driver Initialization","System.Collections.ObjectModel.ReadOnlyCollection`1[System.String]","System.Collections.Generic.List`1[System.Diagnostics.Eventing.Reader.EventProperty]"
"Device is entering the idle state (Idle state: 4; Return code: 0x0).","1002","0",,"4","32","0","-9223372036854775808","112","Microsoft-Windows-WPD-MTPClassDriver","21b7c16e-c5af-4a69-a74a-7245481c1b97","Microsoft-Windows-WPD-MTPClassDriver/Operational","2208","1832","rjaf-PC4429","S-1-5-19","2/10/2014 1:47:56 AM",,,"c:\users\mac_1\desktop\winevt\logs\microsoft-windows-wpd-mtpclassdriver%4operational.evtx","System.UInt32[]","System.Diagnostics.Eventing.Reader.EventBookmark","Information","Info","Driver Operation","System.Collections.ObjectModel.ReadOnlyCollection`1[System.String]","System.Collections.Generic.List`1[System.Diagnostics.Eventing.Reader.EventProperty]"
"Device is resuming operation from idle state (Idle state: 4; Return code: 0x0).","1003","0",,"4","32","0","-9223372036854775808","111","Microsoft-Windows-WPD-MTPClassDriver","21b7c16e-c5af-4a69-a74a-7245481c1b97","Microsoft-Windows-WPD-MTPClassDriver/Operational","2208","1832","rjaf-PC4429","S-1-5-19","2/10/2014 12:53:20 AM",,,"c:\users\mac_1\desktop\winevt\logs\microsoft-windows-wpd-mtpclassdriver%4operational.evtx","System.UInt32[]","System.Diagnostics.Eventing.Reader.EventBookmark","Information","Info","Driver Operation","System.Collections.ObjectModel.ReadOnlyCollection`1[System.String]","System.Collections.Generic.List`1[System.Diagnostics.Eventing.Reader.EventProperty]"
"MTP Driver started successfully.","1000","0",,"4","16","0","-9223372036854775808","110","Microsoft-Windows-WPD-MTPClassDriver","21b7c16e-c5af-4a69-a74a-7245481c1b97","Microsoft-Windows-WPD-MTPClassDriver/Operational","2208","1832","rjaf-PC4429","S-1-5-19","2/10/2014 12:53:20 AM",,,"c:\users\mac_1\desktop\winevt\logs\microsoft-windows-wpd-mtpclassdriver%4operational.evtx","System.UInt32[]","System.Diagnostics.Eventing.Reader.EventBookmark","Information","Info","Driver Initialization","System.Collections.ObjectModel.ReadOnlyCollection`1[System.String]","System.Collections.Generic.List`1[System.Diagnostics.Eventing.Reader.EventProperty]"
"Device will enter the suspend state if idle for 30 seconds.","1001","0",,"4","16","0","-9223372036854775808","109","Microsoft-Windows-WPD-MTPClassDriver","21b7c16e-c5af-4a69-a74a-7245481c1b97","Microsoft-Windows-WPD-MTPClassDriver/Operational","2208","1832","rjaf-PC4429","S-1-5-19","2/10/2014 12:53:19 AM",,,"c:\users\mac_1\desktop\winevt\logs\microsoft-windows-wpd-mtpclassdriver%4operational.evtx","System.UInt32[]","System.Diagnostics.Eventing.Reader.EventBookmark","Information","Info","Driver Initialization","System.Collections.ObjectModel.ReadOnlyCollection`1[System.String]","System.Collections.Generic.List`1[System.Diagnostics.Eventing.Reader.EventProperty]"
"Driver has failed to start, HRESULT 0x8007001F.","1006","0",,"1","16","0","-9223372036854775808","108","Microsoft-Windows-WPD-MTPClassDriver","21b7c16e-c5af-4a69-a74a-7245481c1b97","Microsoft-Windows-WPD-MTPClassDriver/Operational","3176","3812","rjaf-PC4429","S-1-5-19","2/10/2014 12:53:17 AM",,,"c:\users\mac_1\desktop\winevt\logs\microsoft-windows-wpd-mtpclassdriver%4operational.evtx","System.UInt32[]","System.Diagnostics.Eventing.Reader.EventBookmark","Critical","Info","Driver Initialization","System.Collections.ObjectModel.ReadOnlyCollection`1[System.String]","System.Collections.Generic.List`1[System.Diagnostics.Eventing.Reader.EventProperty]"
"Device will enter the suspend state if idle for 30 seconds.","1001","0",,"4","16","0","-9223372036854775808","107","Microsoft-Windows-WPD-MTPClassDriver","21b7c16e-c5af-4a69-a74a-7245481c1b97","Microsoft-Windows-WPD-MTPClassDriver/Operational","3176","3812","rjaf-PC4429","S-1-5-19","2/10/2014 12:53:15 AM",,,"c:\users\mac_1\desktop\winevt\logs\microsoft-windows-wpd-mtpclassdriver%4operational.evtx","System.UInt32[]","System.Diagnostics.Eventing.Reader.EventBookmark","Information","Info","Driver Initialization","System.Collections.ObjectModel.ReadOnlyCollection`1[System.String]","System.Collections.Generic.List`1[System.Diagnostics.Eventing.Reader.EventProperty]"
"Device is entering the idle state (Idle state: 4; Return code: 0x0).","1002","0",,"4","32","0","-9223372036854775808","106","Microsoft-Windows-WPD-MTPClassDriver","21b7c16e-c5af-4a69-a74a-7245481c1b97","Microsoft-Windows-WPD-MTPClassDriver/Operational","2472","3636","rjaf-PC4429","S-1-5-19","2/9/2014 12:17:35 PM",,,"c:\users\mac_1\desktop\winevt\logs\microsoft-windows-wpd-mtpclassdriver%4operational.evtx","System.UInt32[]","System.Diagnostics.Eventing.Reader.EventBookmark","Information","Info","Driver Operation","System.Collections.ObjectModel.ReadOnlyCollection`1[System.String]","System.Collections.Generic.List`1[System.Diagnostics.Eventing.Reader.EventProperty]"
"Device is resuming operation from idle state (Idle state: 4; Return code: 0x0).","1003","0",,"4","32","0","-9223372036854775808","105","Microsoft-Windows-WPD-MTPClassDriver","21b7c16e-c5af-4a69-a74a-7245481c1b97","Microsoft-Windows-WPD-MTPClassDriver/Operational","2472","3636","rjaf-PC4429","S-1-5-19","2/9/2014 11:52:12 AM",,,"c:\users\mac_1\desktop\winevt\logs\microsoft-windows-wpd-mtpclassdriver%4operational.evtx","System.UInt32[]","System.Diagnostics.Eventing.Reader.EventBookmark","Information","Info","Driver Operation","System.Collections.ObjectModel.ReadOnlyCollection`1[System.String]","System.Collections.Generic.List`1[System.Diagnostics.Eventing.Reader.EventProperty]"
"MTP Driver started successfully.","1000","0",,"4","16","0","-9223372036854775808","104","Microsoft-Windows-WPD-MTPClassDriver","21b7c16e-c5af-4a69-a74a-7245481c1b97","Microsoft-Windows-WPD-MTPClassDriver/Operational","2472","3636","rjaf-PC4429","S-1-5-19","2/9/2014 11:52:12 AM",,,"c:\users\mac_1\desktop\winevt\logs\microsoft-windows-wpd-mtpclassdriver%4operational.evtx","System.UInt32[]","System.Diagnostics.Eventing.Reader.EventBookmark","Information","Info","Driver Initialization","System.Collections.ObjectModel.ReadOnlyCollection`1[System.String]","System.Collections.Generic.List`1[System.Diagnostics.Eventing.Reader.EventProperty]"
