"Windows has resumed from standby: 
     Standby Duration		:	7876ms
     Standby Incident Time (UTC)	:	?2015?-?02?-?18T08:29:08.109021200Z
     Resume  Duration		:	1190ms
     Resume  Incident Time (UTC)	:	?2015?-?02?-?18T08:32:27.427574500Z
     IsDegradation			:	false","300","1",,"3","4003","36","-9223372036854710272","2116","Microsoft-Windows-Diagnostics-Performance","cfc18ec0-96b1-4eba-961b-622caee05b0a","Microsoft-Windows-Diagnostics-Performance/Operational","1396","2308","rjaf-PC4429","S-1-5-19","2/18/2015 12:32:40 AM","00000000-1b28-0000-256f-47adaa4ad001",,"c:\users\mac_1\desktop\winevt\logs\microsoft-windows-diagnostics-performance%4operational.evtx","System.UInt32[]","System.Diagnostics.Eventing.Reader.EventBookmark","Warning","Standby Information","Standby Performance Monitoring","System.Collections.ObjectModel.ReadOnlyCollection`1[System.String]","System.Collections.Generic.List`1[System.Diagnostics.Eventing.Reader.EventProperty]"
"The Desktop Window Manager is experiencing heavy resource contention.
     Reason	:	CPU resources are over-utilized.
     Diagnosis	:	A sharp degradation in Desktop Window Manager responsiveness was observed.","501","1",,"3","4006","42","-9223372036854710272","2115","Microsoft-Windows-Diagnostics-Performance","cfc18ec0-96b1-4eba-961b-622caee05b0a","Microsoft-Windows-Diagnostics-Performance/Operational","1396","3068","rjaf-PC4429","S-1-5-19","2/17/2015 11:46:25 PM","00000000-1b28-0000-246f-47adaa4ad001",,"c:\users\mac_1\desktop\winevt\logs\microsoft-windows-diagnostics-performance%4operational.evtx","System.UInt32[]","System.Diagnostics.Eventing.Reader.EventBookmark","Warning","Video Memory Responsiveness","Desktop Window Manager Monitoring","System.Collections.ObjectModel.ReadOnlyCollection`1[System.String]","System.Collections.Generic.List`1[System.Diagnostics.Eventing.Reader.EventProperty]"
"The Desktop Window Manager is experiencing heavy resource contention. 
     Scenario	:	The Desktop Window Manager responsiveness has degraded.","500","1",,"3","4006","39","-9223372036854710272","2114","Microsoft-Windows-Diagnostics-Performance","cfc18ec0-96b1-4eba-961b-622caee05b0a","Microsoft-Windows-Diagnostics-Performance/Operational","1396","3068","rjaf-PC4429","S-1-5-19","2/17/2015 11:46:25 PM","00000000-1b28-0000-246f-47adaa4ad001",,"c:\users\mac_1\desktop\winevt\logs\microsoft-windows-diagnostics-performance%4operational.evtx","System.UInt32[]","System.Diagnostics.Eventing.Reader.EventBookmark","Warning","Video Memory Degradation","Desktop Window Manager Monitoring","System.Collections.ObjectModel.ReadOnlyCollection`1[System.String]","System.Collections.Generic.List`1[System.Diagnostics.Eventing.Reader.EventProperty]"
"Windows has resumed from standby: 
     Standby Duration		:	7151ms
     Standby Incident Time (UTC)	:	?2015?-?02?-?17T20:46:42.031145900Z
     Resume  Duration		:	7760ms
     Resume  Incident Time (UTC)	:	?2015?-?02?-?18T07:45:29.368600800Z
     IsDegradation			:	false","300","1",,"3","4003","36","-9223372036854710272","2113","Microsoft-Windows-Diagnostics-Performance","cfc18ec0-96b1-4eba-961b-622caee05b0a","Microsoft-Windows-Diagnostics-Performance/Operational","1396","3960","rjaf-PC4429","S-1-5-19","2/17/2015 11:46:08 PM","85f21c9c-989b-0003-2b6f-47adaa4ad001",,"c:\users\mac_1\desktop\winevt\logs\microsoft-windows-diagnostics-performance%4operational.evtx","System.UInt32[]","System.Diagnostics.Eventing.Reader.EventBookmark","Warning","Standby Information","Standby Performance Monitoring","System.Collections.ObjectModel.ReadOnlyCollection`1[System.String]","System.Collections.Generic.List`1[System.Diagnostics.Eventing.Reader.EventProperty]"
"The Desktop Window Manager is experiencing heavy resource contention.
     Reason	:	CPU resources are over-utilized.
     Diagnosis	:	A sharp degradation in Desktop Window Manager responsiveness was observed.","501","1",,"3","4006","42","-9223372036854710272","2112","Microsoft-Windows-Diagnostics-Performance","cfc18ec0-96b1-4eba-961b-622caee05b0a","Microsoft-Windows-Diagnostics-Performance/Operational","1396","2240","rjaf-PC4429","S-1-5-19","2/17/2015 11:41:22 AM","85f21364-989b-0002-2b6f-47adaa4ad001",,"c:\users\mac_1\desktop\winevt\logs\microsoft-windows-diagnostics-performance%4operational.evtx","System.UInt32[]","System.Diagnostics.Eventing.Reader.EventBookmark","Warning","Video Memory Responsiveness","Desktop Window Manager Monitoring","System.Collections.ObjectModel.ReadOnlyCollection`1[System.String]","System.Collections.Generic.List`1[System.Diagnostics.Eventing.Reader.EventProperty]"
"The Desktop Window Manager is experiencing heavy resource contention. 
     Scenario	:	The Desktop Window Manager responsiveness has degraded.","500","1",,"3","4006","39","-9223372036854710272","2111","Microsoft-Windows-Diagnostics-Performance","cfc18ec0-96b1-4eba-961b-622caee05b0a","Microsoft-Windows-Diagnostics-Performance/Operational","1396","2240","rjaf-PC4429","S-1-5-19","2/17/2015 11:41:22 AM","85f21364-989b-0002-2b6f-47adaa4ad001",,"c:\users\mac_1\desktop\winevt\logs\microsoft-windows-diagnostics-performance%4operational.evtx","System.UInt32[]","System.Diagnostics.Eventing.Reader.EventBookmark","Warning","Video Memory Degradation","Desktop Window Manager Monitoring","System.Collections.ObjectModel.ReadOnlyCollection`1[System.String]","System.Collections.Generic.List`1[System.Diagnostics.Eventing.Reader.EventProperty]"
"Windows has resumed from standby: 
     Standby Duration		:	12718ms
     Standby Incident Time (UTC)	:	?2015?-?02?-?17T16:05:43.379200400Z
     Resume  Duration		:	8823ms
     Resume  Incident Time (UTC)	:	?2015?-?02?-?17T19:40:11.083271000Z
     IsDegradation			:	false","300","1",,"3","4003","36","-9223372036854710272","2110","Microsoft-Windows-Diagnostics-Performance","cfc18ec0-96b1-4eba-961b-622caee05b0a","Microsoft-Windows-Diagnostics-Performance/Operational","1396","1940","rjaf-PC4429","S-1-5-19","2/17/2015 11:41:10 AM","85f21364-989b-0002-2a6f-47adaa4ad001",,"c:\users\mac_1\desktop\winevt\logs\microsoft-windows-diagnostics-performance%4operational.evtx","System.UInt32[]","System.Diagnostics.Eventing.Reader.EventBookmark","Warning","Standby Information","Standby Performance Monitoring","System.Collections.ObjectModel.ReadOnlyCollection`1[System.String]","System.Collections.Generic.List`1[System.Diagnostics.Eventing.Reader.EventProperty]"
"Windows has resumed from standby: 
     Standby Duration		:	10139ms
     Standby Incident Time (UTC)	:	?2015?-?02?-?17T14:11:13.868035000Z
     Resume  Duration		:	1181ms
     Resume  Incident Time (UTC)	:	?2015?-?02?-?17T15:29:53.786838900Z
     IsDegradation			:	false","300","1",,"3","4003","36","-9223372036854710272","2109","Microsoft-Windows-Diagnostics-Performance","cfc18ec0-96b1-4eba-961b-622caee05b0a","Microsoft-Windows-Diagnostics-Performance/Operational","1396","824","rjaf-PC4429","S-1-5-19","2/17/2015 7:30:04 AM","85f21364-989b-0002-296f-47adaa4ad001",,"c:\users\mac_1\desktop\winevt\logs\microsoft-windows-diagnostics-performance%4operational.evtx","System.UInt32[]","System.Diagnostics.Eventing.Reader.EventBookmark","Warning","Standby Information","Standby Performance Monitoring","System.Collections.ObjectModel.ReadOnlyCollection`1[System.String]","System.Collections.Generic.List`1[System.Diagnostics.Eventing.Reader.EventProperty]"
"Windows has resumed from standby: 
     Standby Duration		:	9970ms
     Standby Incident Time (UTC)	:	?2015?-?02?-?17T13:30:59.014172300Z
     Resume  Duration		:	1219ms
     Resume  Incident Time (UTC)	:	?2015?-?02?-?17T13:38:14.307513900Z
     IsDegradation			:	false","300","1",,"3","4003","36","-9223372036854710272","2108","Microsoft-Windows-Diagnostics-Performance","cfc18ec0-96b1-4eba-961b-622caee05b0a","Microsoft-Windows-Diagnostics-Performance/Operational","1396","976","rjaf-PC4429","S-1-5-19","2/17/2015 5:38:21 AM","85f21c9c-989b-0003-266f-47adaa4ad001",,"c:\users\mac_1\desktop\winevt\logs\microsoft-windows-diagnostics-performance%4operational.evtx","System.UInt32[]","System.Diagnostics.Eventing.Reader.EventBookmark","Warning","Standby Information","Standby Performance Monitoring","System.Collections.ObjectModel.ReadOnlyCollection`1[System.String]","System.Collections.Generic.List`1[System.Diagnostics.Eventing.Reader.EventProperty]"
"This startup service took longer than expected to startup, resulting in a performance degradation in the system start up process: 
     File Name		:	eventsystem
     Friendly Name		:	COM+
     Version		:	2001.12.8530.16385 (win7_rtm.090713-1255)
     Total Time		:	1507ms
     Degradation Time	:	1325ms
     Incident Time (UTC)	:	?2015?-?02?-?17T12:10:10.578000100Z","103","1",,"3","4002","33","-9223372036854710272","2107","Microsoft-Windows-Diagnostics-Performance","cfc18ec0-96b1-4eba-961b-622caee05b0a","Microsoft-Windows-Diagnostics-Performance/Operational","1396","1988","rjaf-PC4429","S-1-5-19","2/17/2015 4:12:33 AM","85f20a9c-989b-0001-236f-47adaa4ad001",,"c:\users\mac_1\desktop\winevt\logs\microsoft-windows-diagnostics-performance%4operational.evtx","System.UInt32[]","System.Diagnostics.Eventing.Reader.EventBookmark","Warning","Boot Degradation","Boot Performance Monitoring","System.Collections.ObjectModel.ReadOnlyCollection`1[System.String]","System.Collections.Generic.List`1[System.Diagnostics.Eventing.Reader.EventProperty]"
"This startup service took longer than expected to startup, resulting in a performance degradation in the system start up process: 
     File Name		:	cscservice
     Friendly Name		:	CSC Service DLL
     Version		:	6.1.7600.16385 (win7_rtm.090713-1255)
     Total Time		:	2574ms
     Degradation Time	:	1559ms
     Incident Time (UTC)	:	?2015?-?02?-?17T12:10:10.578000100Z","103","1",,"3","4002","33","-9223372036854710272","2106","Microsoft-Windows-Diagnostics-Performance","cfc18ec0-96b1-4eba-961b-622caee05b0a","Microsoft-Windows-Diagnostics-Performance/Operational","1396","1988","rjaf-PC4429","S-1-5-19","2/17/2015 4:12:33 AM","85f20a9c-989b-0001-236f-47adaa4ad001",,"c:\users\mac_1\desktop\winevt\logs\microsoft-windows-diagnostics-performance%4operational.evtx","System.UInt32[]","System.Diagnostics.Eventing.Reader.EventBookmark","Warning","Boot Degradation","Boot Performance Monitoring","System.Collections.ObjectModel.ReadOnlyCollection`1[System.String]","System.Collections.Generic.List`1[System.Diagnostics.Eventing.Reader.EventProperty]"
"This startup service took longer than expected to startup, resulting in a performance degradation in the system start up process: 
     File Name		:	gpsvc
     Friendly Name		:	Group Policy Client
     Version		:	6.1.7600.16385 (win7_rtm.090713-1255)
     Total Time		:	2560ms
     Degradation Time	:	1975ms
     Incident Time (UTC)	:	?2015?-?02?-?17T12:10:10.578000100Z","103","1",,"3","4002","33","-9223372036854710272","2105","Microsoft-Windows-Diagnostics-Performance","cfc18ec0-96b1-4eba-961b-622caee05b0a","Microsoft-Windows-Diagnostics-Performance/Operational","1396","1988","rjaf-PC4429","S-1-5-19","2/17/2015 4:12:33 AM","85f20a9c-989b-0001-236f-47adaa4ad001",,"c:\users\mac_1\desktop\winevt\logs\microsoft-windows-diagnostics-performance%4operational.evtx","System.UInt32[]","System.Diagnostics.Eventing.Reader.EventBookmark","Warning","Boot Degradation","Boot Performance Monitoring","System.Collections.ObjectModel.ReadOnlyCollection`1[System.String]","System.Collections.Generic.List`1[System.Diagnostics.Eventing.Reader.EventProperty]"
"Windows has started up: 
     Boot Duration		:	29868ms
     IsDegradation		:	false
     Incident Time (UTC)	:	?2015?-?02?-?17T12:10:10.578000100Z","100","2",,"3","4002","34","-9223372036854710272","2104","Microsoft-Windows-Diagnostics-Performance","cfc18ec0-96b1-4eba-961b-622caee05b0a","Microsoft-Windows-Diagnostics-Performance/Operational","1396","1988","rjaf-PC4429","S-1-5-19","2/17/2015 4:12:33 AM","85f20a9c-989b-0001-236f-47adaa4ad001",,"c:\users\mac_1\desktop\winevt\logs\microsoft-windows-diagnostics-performance%4operational.evtx","System.UInt32[]","System.Diagnostics.Eventing.Reader.EventBookmark","Warning","Boot Information","Boot Performance Monitoring","System.Collections.ObjectModel.ReadOnlyCollection`1[System.String]","System.Collections.Generic.List`1[System.Diagnostics.Eventing.Reader.EventProperty]"
"This startup service took longer than expected to startup, resulting in a performance degradation in the system start up process: 
     File Name		:	profsvc
     Friendly Name		:	ProfSvc
     Version		:	6.1.7600.16385 (win7_rtm.090713-1255)
     Total Time		:	2484ms
     Degradation Time	:	1836ms
     Incident Time (UTC)	:	?2015?-?02?-?17T10:58:18.578000100Z","103","1",,"3","4002","33","-9223372036854710272","2103","Microsoft-Windows-Diagnostics-Performance","cfc18ec0-96b1-4eba-961b-622caee05b0a","Microsoft-Windows-Diagnostics-Performance/Operational","1404","1416","rjaf-PC4429","S-1-5-19","2/17/2015 3:00:48 AM","85f12c9c-489b-0003-2473-20a3a04ad001",,"c:\users\mac_1\desktop\winevt\logs\microsoft-windows-diagnostics-performance%4operational.evtx","System.UInt32[]","System.Diagnostics.Eventing.Reader.EventBookmark","Warning","Boot Degradation","Boot Performance Monitoring","System.Collections.ObjectModel.ReadOnlyCollection`1[System.String]","System.Collections.Generic.List`1[System.Diagnostics.Eventing.Reader.EventProperty]"
"Windows has started up: 
     Boot Duration		:	29447ms
     IsDegradation		:	false
     Incident Time (UTC)	:	?2015?-?02?-?17T10:58:18.578000100Z","100","2",,"3","4002","34","-9223372036854710272","2102","Microsoft-Windows-Diagnostics-Performance","cfc18ec0-96b1-4eba-961b-622caee05b0a","Microsoft-Windows-Diagnostics-Performance/Operational","1404","1416","rjaf-PC4429","S-1-5-19","2/17/2015 3:00:48 AM","85f12c9c-489b-0003-2473-20a3a04ad001",,"c:\users\mac_1\desktop\winevt\logs\microsoft-windows-diagnostics-performance%4operational.evtx","System.UInt32[]","System.Diagnostics.Eventing.Reader.EventBookmark","Warning","Boot Information","Boot Performance Monitoring","System.Collections.ObjectModel.ReadOnlyCollection`1[System.String]","System.Collections.Generic.List`1[System.Diagnostics.Eventing.Reader.EventProperty]"
"Application of user policy caused a slow down in the system start up process: 
     Name		:	PreShellInit
     Total Time		:	1164ms
     Degradation Time	:	834ms
     Incident Time (UTC)	:	?2015?-?02?-?17T10:23:48.578000100Z","108","1",,"3","4002","33","-9223372036854710272","2101","Microsoft-Windows-Diagnostics-Performance","cfc18ec0-96b1-4eba-961b-622caee05b0a","Microsoft-Windows-Diagnostics-Performance/Operational","1400","1052","rjaf-PC4429","S-1-5-19","2/17/2015 2:25:42 AM","00000000-db28-0000-2284-4fd19b4ad001",,"c:\users\mac_1\desktop\winevt\logs\microsoft-windows-diagnostics-performance%4operational.evtx","System.UInt32[]","System.Diagnostics.Eventing.Reader.EventBookmark","Warning","Boot Degradation","Boot Performance Monitoring","System.Collections.ObjectModel.ReadOnlyCollection`1[System.String]","System.Collections.Generic.List`1[System.Diagnostics.Eventing.Reader.EventProperty]"
"Windows has started up: 
     Boot Duration		:	31800ms
     IsDegradation		:	false
     Incident Time (UTC)	:	?2015?-?02?-?17T10:23:48.578000100Z","100","2",,"3","4002","34","-9223372036854710272","2100","Microsoft-Windows-Diagnostics-Performance","cfc18ec0-96b1-4eba-961b-622caee05b0a","Microsoft-Windows-Diagnostics-Performance/Operational","1400","1052","rjaf-PC4429","S-1-5-19","2/17/2015 2:25:42 AM","00000000-db28-0000-2284-4fd19b4ad001",,"c:\users\mac_1\desktop\winevt\logs\microsoft-windows-diagnostics-performance%4operational.evtx","System.UInt32[]","System.Diagnostics.Eventing.Reader.EventBookmark","Warning","Boot Information","Boot Performance Monitoring","System.Collections.ObjectModel.ReadOnlyCollection`1[System.String]","System.Collections.Generic.List`1[System.Diagnostics.Eventing.Reader.EventProperty]"
"Windows has resumed from standby: 
     Standby Duration		:	8732ms
     Standby Incident Time (UTC)	:	?2015?-?02?-?17T07:57:11.821638600Z
     Resume  Duration		:	1236ms
     Resume  Incident Time (UTC)	:	?2015?-?02?-?17T09:15:40.639034400Z
     IsDegradation			:	false","300","1",,"3","4003","36","-9223372036854710272","2099","Microsoft-Windows-Diagnostics-Performance","cfc18ec0-96b1-4eba-961b-622caee05b0a","Microsoft-Windows-Diagnostics-Performance/Operational","1404","3980","rjaf-PC4429","S-1-5-19","2/17/2015 1:16:06 AM","85f03c9c-389b-0003-35b6-75f39148d001",,"c:\users\mac_1\desktop\winevt\logs\microsoft-windows-diagnostics-performance%4operational.evtx","System.UInt32[]","System.Diagnostics.Eventing.Reader.EventBookmark","Warning","Standby Information","Standby Performance Monitoring","System.Collections.ObjectModel.ReadOnlyCollection`1[System.String]","System.Collections.Generic.List`1[System.Diagnostics.Eventing.Reader.EventProperty]"
"Windows has resumed from standby: 
     Standby Duration		:	6899ms
     Standby Incident Time (UTC)	:	?2015?-?02?-?17T01:02:28.695427200Z
     Resume  Duration		:	1218ms
     Resume  Incident Time (UTC)	:	?2015?-?02?-?17T06:47:23.130415300Z
     IsDegradation			:	false","300","1",,"3","4003","36","-9223372036854710272","2098","Microsoft-Windows-Diagnostics-Performance","cfc18ec0-96b1-4eba-961b-622caee05b0a","Microsoft-Windows-Diagnostics-Performance/Operational","1404","2876","rjaf-PC4429","S-1-5-19","2/16/2015 10:47:49 PM","85f03c9c-389b-0003-32b6-75f39148d001",,"c:\users\mac_1\desktop\winevt\logs\microsoft-windows-diagnostics-performance%4operational.evtx","System.UInt32[]","System.Diagnostics.Eventing.Reader.EventBookmark","Warning","Standby Information","Standby Performance Monitoring","System.Collections.ObjectModel.ReadOnlyCollection`1[System.String]","System.Collections.Generic.List`1[System.Diagnostics.Eventing.Reader.EventProperty]"
"Windows has resumed from standby: 
     Standby Duration		:	7319ms
     Standby Incident Time (UTC)	:	?2015?-?02?-?16T22:21:44.542226400Z
     Resume  Duration		:	1278ms
     Resume  Incident Time (UTC)	:	?2015?-?02?-?17T00:59:55.931406700Z
     IsDegradation			:	false","300","1",,"3","4003","36","-9223372036854710272","2097","Microsoft-Windows-Diagnostics-Performance","cfc18ec0-96b1-4eba-961b-622caee05b0a","Microsoft-Windows-Diagnostics-Performance/Operational","1404","3508","rjaf-PC4429","S-1-5-19","2/16/2015 5:00:19 PM","85f03364-389b-0002-33b6-75f39148d001",,"c:\users\mac_1\desktop\winevt\logs\microsoft-windows-diagnostics-performance%4operational.evtx","System.UInt32[]","System.Diagnostics.Eventing.Reader.EventBookmark","Warning","Standby Information","Standby Performance Monitoring","System.Collections.ObjectModel.ReadOnlyCollection`1[System.String]","System.Collections.Generic.List`1[System.Diagnostics.Eventing.Reader.EventProperty]"
"Windows has resumed from standby: 
     Standby Duration		:	6494ms
     Standby Incident Time (UTC)	:	?2015?-?02?-?16T15:26:15.715917400Z
     Resume  Duration		:	1191ms
     Resume  Incident Time (UTC)	:	?2015?-?02?-?16T18:14:49.057383400Z
     IsDegradation			:	false","300","1",,"3","4003","36","-9223372036854710272","2096","Microsoft-Windows-Diagnostics-Performance","cfc18ec0-96b1-4eba-961b-622caee05b0a","Microsoft-Windows-Diagnostics-Performance/Operational","1404","2688","rjaf-PC4429","S-1-5-19","2/16/2015 10:15:12 AM","85f02a9c-389b-0001-28b6-75f39148d001",,"c:\users\mac_1\desktop\winevt\logs\microsoft-windows-diagnostics-performance%4operational.evtx","System.UInt32[]","System.Diagnostics.Eventing.Reader.EventBookmark","Warning","Standby Information","Standby Performance Monitoring","System.Collections.ObjectModel.ReadOnlyCollection`1[System.String]","System.Collections.Generic.List`1[System.Diagnostics.Eventing.Reader.EventProperty]"
"Windows has resumed from standby: 
     Standby Duration		:	12656ms
     Standby Incident Time (UTC)	:	?2015?-?02?-?16T13:31:01.119636400Z
     Resume  Duration		:	1199ms
     Resume  Incident Time (UTC)	:	?2015?-?02?-?16T14:39:20.985031900Z
     IsDegradation			:	false","300","1",,"3","4003","36","-9223372036854710272","2095","Microsoft-Windows-Diagnostics-Performance","cfc18ec0-96b1-4eba-961b-622caee05b0a","Microsoft-Windows-Diagnostics-Performance/Operational","1404","2716","rjaf-PC4429","S-1-5-19","2/16/2015 6:39:44 AM","85f03364-389b-0002-2db6-75f39148d001",,"c:\users\mac_1\desktop\winevt\logs\microsoft-windows-diagnostics-performance%4operational.evtx","System.UInt32[]","System.Diagnostics.Eventing.Reader.EventBookmark","Warning","Standby Information","Standby Performance Monitoring","System.Collections.ObjectModel.ReadOnlyCollection`1[System.String]","System.Collections.Generic.List`1[System.Diagnostics.Eventing.Reader.EventProperty]"
"Windows has resumed from standby: 
     Standby Duration		:	15487ms
     Standby Incident Time (UTC)	:	?2015?-?02?-?16T10:23:16.906554800Z
     Resume  Duration		:	1217ms
     Resume  Incident Time (UTC)	:	?2015?-?02?-?16T12:42:32.404565600Z
     IsDegradation			:	false","300","1",,"3","4003","36","-9223372036854710272","2094","Microsoft-Windows-Diagnostics-Performance","cfc18ec0-96b1-4eba-961b-622caee05b0a","Microsoft-Windows-Diagnostics-Performance/Operational","1404","624","rjaf-PC4429","S-1-5-19","2/16/2015 4:42:53 AM","85f02a9c-389b-0001-25b6-75f39148d001",,"c:\users\mac_1\desktop\winevt\logs\microsoft-windows-diagnostics-performance%4operational.evtx","System.UInt32[]","System.Diagnostics.Eventing.Reader.EventBookmark","Warning","Standby Information","Standby Performance Monitoring","System.Collections.ObjectModel.ReadOnlyCollection`1[System.String]","System.Collections.Generic.List`1[System.Diagnostics.Eventing.Reader.EventProperty]"
"Windows has resumed from standby: 
     Standby Duration		:	12126ms
     Standby Incident Time (UTC)	:	?2015?-?02?-?16T07:55:47.288581800Z
     Resume  Duration		:	1214ms
     Resume  Incident Time (UTC)	:	?2015?-?02?-?16T08:50:26.234606300Z
     IsDegradation			:	false","300","1",,"3","4003","36","-9223372036854710272","2093","Microsoft-Windows-Diagnostics-Performance","cfc18ec0-96b1-4eba-961b-622caee05b0a","Microsoft-Windows-Diagnostics-Performance/Operational","1404","3884","rjaf-PC4429","S-1-5-19","2/16/2015 12:50:48 AM","00000000-bb28-0000-26b6-75f39148d001",,"c:\users\mac_1\desktop\winevt\logs\microsoft-windows-diagnostics-performance%4operational.evtx","System.UInt32[]","System.Diagnostics.Eventing.Reader.EventBookmark","Warning","Standby Information","Standby Performance Monitoring","System.Collections.ObjectModel.ReadOnlyCollection`1[System.String]","System.Collections.Generic.List`1[System.Diagnostics.Eventing.Reader.EventProperty]"
"Windows has resumed from standby: 
     Standby Duration		:	6207ms
     Standby Incident Time (UTC)	:	?2015?-?02?-?15T19:01:36.102037000Z
     Resume  Duration		:	6805ms
     Resume  Incident Time (UTC)	:	?2015?-?02?-?16T07:01:31.578885900Z
     IsDegradation			:	false","300","1",,"3","4003","36","-9223372036854710272","2092","Microsoft-Windows-Diagnostics-Performance","cfc18ec0-96b1-4eba-961b-622caee05b0a","Microsoft-Windows-Diagnostics-Performance/Operational","1404","4088","rjaf-PC4429","S-1-5-19","2/15/2015 11:02:31 PM","85f03c9c-389b-0003-27b6-75f39148d001",,"c:\users\mac_1\desktop\winevt\logs\microsoft-windows-diagnostics-performance%4operational.evtx","System.UInt32[]","System.Diagnostics.Eventing.Reader.EventBookmark","Warning","Standby Information","Standby Performance Monitoring","System.Collections.ObjectModel.ReadOnlyCollection`1[System.String]","System.Collections.Generic.List`1[System.Diagnostics.Eventing.Reader.EventProperty]"
"Windows has resumed from standby: 
     Standby Duration		:	7117ms
     Standby Incident Time (UTC)	:	?2015?-?02?-?15T17:40:51.325216800Z
     Resume  Duration		:	1205ms
     Resume  Incident Time (UTC)	:	?2015?-?02?-?15T18:03:00.421947100Z
     IsDegradation			:	false","300","1",,"3","4003","36","-9223372036854710272","2091","Microsoft-Windows-Diagnostics-Performance","cfc18ec0-96b1-4eba-961b-622caee05b0a","Microsoft-Windows-Diagnostics-Performance/Operational","1404","4092","rjaf-PC4429","S-1-5-19","2/15/2015 10:03:16 AM","85f02a9c-389b-0001-22b6-75f39148d001",,"c:\users\mac_1\desktop\winevt\logs\microsoft-windows-diagnostics-performance%4operational.evtx","System.UInt32[]","System.Diagnostics.Eventing.Reader.EventBookmark","Warning","Standby Information","Standby Performance Monitoring","System.Collections.ObjectModel.ReadOnlyCollection`1[System.String]","System.Collections.Generic.List`1[System.Diagnostics.Eventing.Reader.EventProperty]"
"This driver caused a delay during standby while servicing a device:
     Driver File Name		:	\Driver\Disk
     Driver Friendly Name		:	PnP Disk Driver
     Driver Version			:	6.1.7600.16385 (win7_rtm.090713-1255)
     Driver Total Time		:	15ms
     Driver Degradation Time	:	31ms
     Incident Time (UTC)		:	?2015?-?02?-?15T15:08:51.904019500Z
     Device Name			:	SCSI\Disk&Ven_WDC&Prod_WD5000AAKX-22ERM\4&68979c&0&000000
     Device Friendly Name		:	Disk drive
     Device Total Time		:	15ms
     Device Degradation Time	:	0ms","302","1",,"3","4003","35","-9223372036854710272","2090","Microsoft-Windows-Diagnostics-Performance","cfc18ec0-96b1-4eba-961b-622caee05b0a","Microsoft-Windows-Diagnostics-Performance/Operational","1404","2712","rjaf-PC4429","S-1-5-19","2/15/2015 8:50:42 AM","85f03c9c-389b-0003-26b6-75f39148d001",,"c:\users\mac_1\desktop\winevt\logs\microsoft-windows-diagnostics-performance%4operational.evtx","System.UInt32[]","System.Diagnostics.Eventing.Reader.EventBookmark","Warning","Standby Degradation","Standby Performance Monitoring","System.Collections.ObjectModel.ReadOnlyCollection`1[System.String]","System.Collections.Generic.List`1[System.Diagnostics.Eventing.Reader.EventProperty]"
"Windows has resumed from standby: 
     Standby Duration		:	6717ms
     Standby Incident Time (UTC)	:	?2015?-?02?-?15T15:08:51.904019500Z
     Resume  Duration		:	1222ms
     Resume  Incident Time (UTC)	:	?2015?-?02?-?15T16:50:25.608662600Z
     IsDegradation			:	false","300","1",,"3","4003","36","-9223372036854710272","2089","Microsoft-Windows-Diagnostics-Performance","cfc18ec0-96b1-4eba-961b-622caee05b0a","Microsoft-Windows-Diagnostics-Performance/Operational","1404","2712","rjaf-PC4429","S-1-5-19","2/15/2015 8:50:42 AM","85f03c9c-389b-0003-26b6-75f39148d001",,"c:\users\mac_1\desktop\winevt\logs\microsoft-windows-diagnostics-performance%4operational.evtx","System.UInt32[]","System.Diagnostics.Eventing.Reader.EventBookmark","Warning","Standby Information","Standby Performance Monitoring","System.Collections.ObjectModel.ReadOnlyCollection`1[System.String]","System.Collections.Generic.List`1[System.Diagnostics.Eventing.Reader.EventProperty]"
"Windows has resumed from standby: 
     Standby Duration		:	7268ms
     Standby Incident Time (UTC)	:	?2015?-?02?-?15T14:04:37.015304600Z
     Resume  Duration		:	1188ms
     Resume  Incident Time (UTC)	:	?2015?-?02?-?15T14:09:43.208427600Z
     IsDegradation			:	false","300","1",,"3","4003","36","-9223372036854710272","2088","Microsoft-Windows-Diagnostics-Performance","cfc18ec0-96b1-4eba-961b-622caee05b0a","Microsoft-Windows-Diagnostics-Performance/Operational","1404","3264","rjaf-PC4429","S-1-5-19","2/15/2015 6:09:58 AM","85f03364-389b-0002-28b6-75f39148d001",,"c:\users\mac_1\desktop\winevt\logs\microsoft-windows-diagnostics-performance%4operational.evtx","System.UInt32[]","System.Diagnostics.Eventing.Reader.EventBookmark","Warning","Standby Information","Standby Performance Monitoring","System.Collections.ObjectModel.ReadOnlyCollection`1[System.String]","System.Collections.Generic.List`1[System.Diagnostics.Eventing.Reader.EventProperty]"
"Windows has resumed from standby: 
     Standby Duration		:	6582ms
     Standby Incident Time (UTC)	:	?2015?-?02?-?15T01:03:10.654126000Z
     Resume  Duration		:	1204ms
     Resume  Incident Time (UTC)	:	?2015?-?02?-?15T12:13:45.576199900Z
     IsDegradation			:	false","300","1",,"3","4003","36","-9223372036854710272","2087","Microsoft-Windows-Diagnostics-Performance","cfc18ec0-96b1-4eba-961b-622caee05b0a","Microsoft-Windows-Diagnostics-Performance/Operational","1404","3100","rjaf-PC4429","S-1-5-19","2/15/2015 4:13:58 AM","85f03364-389b-0002-26b6-75f39148d001",,"c:\users\mac_1\desktop\winevt\logs\microsoft-windows-diagnostics-performance%4operational.evtx","System.UInt32[]","System.Diagnostics.Eventing.Reader.EventBookmark","Warning","Standby Information","Standby Performance Monitoring","System.Collections.ObjectModel.ReadOnlyCollection`1[System.String]","System.Collections.Generic.List`1[System.Diagnostics.Eventing.Reader.EventProperty]"
"Windows has resumed from standby: 
     Standby Duration		:	7849ms
     Standby Incident Time (UTC)	:	?2015?-?02?-?14T20:38:27.016577900Z
     Resume  Duration		:	1206ms
     Resume  Incident Time (UTC)	:	?2015?-?02?-?15T01:00:11.083165300Z
     IsDegradation			:	false","300","1",,"3","4003","36","-9223372036854710272","2086","Microsoft-Windows-Diagnostics-Performance","cfc18ec0-96b1-4eba-961b-622caee05b0a","Microsoft-Windows-Diagnostics-Performance/Operational","1404","3576","rjaf-PC4429","S-1-5-19","2/14/2015 5:00:19 PM","85f03364-389b-0002-25b6-75f39148d001",,"c:\users\mac_1\desktop\winevt\logs\microsoft-windows-diagnostics-performance%4operational.evtx","System.UInt32[]","System.Diagnostics.Eventing.Reader.EventBookmark","Warning","Standby Information","Standby Performance Monitoring","System.Collections.ObjectModel.ReadOnlyCollection`1[System.String]","System.Collections.Generic.List`1[System.Diagnostics.Eventing.Reader.EventProperty]"
"Windows has resumed from standby: 
     Standby Duration		:	9251ms
     Standby Incident Time (UTC)	:	?2015?-?02?-?14T18:39:31.991658500Z
     Resume  Duration		:	1174ms
     Resume  Incident Time (UTC)	:	?2015?-?02?-?14T19:50:22.729313900Z
     IsDegradation			:	false","300","1",,"3","4003","36","-9223372036854710272","2085","Microsoft-Windows-Diagnostics-Performance","cfc18ec0-96b1-4eba-961b-622caee05b0a","Microsoft-Windows-Diagnostics-Performance/Operational","1412","364","rjaf-PC4429","S-1-5-19","2/14/2015 11:50:31 AM","85f03c9c-e89b-0003-266a-bc985148d001",,"c:\users\mac_1\desktop\winevt\logs\microsoft-windows-diagnostics-performance%4operational.evtx","System.UInt32[]","System.Diagnostics.Eventing.Reader.EventBookmark","Warning","Standby Information","Standby Performance Monitoring","System.Collections.ObjectModel.ReadOnlyCollection`1[System.String]","System.Collections.Generic.List`1[System.Diagnostics.Eventing.Reader.EventProperty]"
"Windows has resumed from standby: 
     Standby Duration		:	13100ms
     Standby Incident Time (UTC)	:	?2015?-?02?-?14T13:44:33.337590800Z
     Resume  Duration		:	1231ms
     Resume  Incident Time (UTC)	:	?2015?-?02?-?14T18:00:56.126464500Z
     IsDegradation			:	false","300","1",,"3","4003","36","-9223372036854710272","2084","Microsoft-Windows-Diagnostics-Performance","cfc18ec0-96b1-4eba-961b-622caee05b0a","Microsoft-Windows-Diagnostics-Performance/Operational","1412","2896","rjaf-PC4429","S-1-5-19","2/14/2015 10:01:05 AM","85f02a9c-e89b-0001-246a-bc985148d001",,"c:\users\mac_1\desktop\winevt\logs\microsoft-windows-diagnostics-performance%4operational.evtx","System.UInt32[]","System.Diagnostics.Eventing.Reader.EventBookmark","Warning","Standby Information","Standby Performance Monitoring","System.Collections.ObjectModel.ReadOnlyCollection`1[System.String]","System.Collections.Generic.List`1[System.Diagnostics.Eventing.Reader.EventProperty]"
"Windows has started up: 
     Boot Duration		:	41156ms
     IsDegradation		:	false
     Incident Time (UTC)	:	?2015?-?02?-?14T12:27:28.578000100Z","100","2",,"3","4002","34","-9223372036854710272","2083","Microsoft-Windows-Diagnostics-Performance","cfc18ec0-96b1-4eba-961b-622caee05b0a","Microsoft-Windows-Diagnostics-Performance/Operational","1412","4044","rjaf-PC4429","S-1-5-19","2/14/2015 4:29:25 AM","00000000-6b28-0000-246a-bc985148d001",,"c:\users\mac_1\desktop\winevt\logs\microsoft-windows-diagnostics-performance%4operational.evtx","System.UInt32[]","System.Diagnostics.Eventing.Reader.EventBookmark","Warning","Boot Information","Boot Performance Monitoring","System.Collections.ObjectModel.ReadOnlyCollection`1[System.String]","System.Collections.Generic.List`1[System.Diagnostics.Eventing.Reader.EventProperty]"
"Windows has resumed from standby: 
     Standby Duration		:	7762ms
     Standby Incident Time (UTC)	:	?2015?-?02?-?12T11:41:22.729650000Z
     Resume  Duration		:	1201ms
     Resume  Incident Time (UTC)	:	?2015?-?02?-?14T08:48:30.386275700Z
     IsDegradation			:	false","300","1",,"3","4003","36","-9223372036854710272","2082","Microsoft-Windows-Diagnostics-Performance","cfc18ec0-96b1-4eba-961b-622caee05b0a","Microsoft-Windows-Diagnostics-Performance/Operational","1392","1936","rjaf-PC4429","S-1-5-19","2/14/2015 12:49:08 AM","00000000-5b28-0000-9b1c-e212d445d001",,"c:\users\mac_1\desktop\winevt\logs\microsoft-windows-diagnostics-performance%4operational.evtx","System.UInt32[]","System.Diagnostics.Eventing.Reader.EventBookmark","Warning","Standby Information","Standby Performance Monitoring","System.Collections.ObjectModel.ReadOnlyCollection`1[System.String]","System.Collections.Generic.List`1[System.Diagnostics.Eventing.Reader.EventProperty]"
"Windows has resumed from standby: 
     Standby Duration		:	8005ms
     Standby Incident Time (UTC)	:	?2015?-?02?-?12T01:05:25.833559300Z
     Resume  Duration		:	1203ms
     Resume  Incident Time (UTC)	:	?2015?-?02?-?12T09:43:39.785612600Z
     IsDegradation			:	false","300","1",,"3","4003","36","-9223372036854710272","2081","Microsoft-Windows-Diagnostics-Performance","cfc18ec0-96b1-4eba-961b-622caee05b0a","Microsoft-Windows-Diagnostics-Performance/Operational","1392","3712","rjaf-PC4429","S-1-5-19","2/12/2015 1:44:02 AM","00000000-5b28-0000-991c-e212d445d001",,"c:\users\mac_1\desktop\winevt\logs\microsoft-windows-diagnostics-performance%4operational.evtx","System.UInt32[]","System.Diagnostics.Eventing.Reader.EventBookmark","Warning","Standby Information","Standby Performance Monitoring","System.Collections.ObjectModel.ReadOnlyCollection`1[System.String]","System.Collections.Generic.List`1[System.Diagnostics.Eventing.Reader.EventProperty]"
"Windows has resumed from standby: 
     Standby Duration		:	5158ms
     Standby Incident Time (UTC)	:	?2015?-?02?-?11T14:54:29.260098400Z
     Resume  Duration		:	1223ms
     Resume  Incident Time (UTC)	:	?2015?-?02?-?12T01:00:00.710244000Z
     IsDegradation			:	false","300","1",,"3","4003","36","-9223372036854710272","2080","Microsoft-Windows-Diagnostics-Performance","cfc18ec0-96b1-4eba-961b-622caee05b0a","Microsoft-Windows-Diagnostics-Performance/Operational","1392","1748","rjaf-PC4429","S-1-5-19","2/11/2015 5:00:19 PM","00000000-5b28-0000-981c-e212d445d001",,"c:\users\mac_1\desktop\winevt\logs\microsoft-windows-diagnostics-performance%4operational.evtx","System.UInt32[]","System.Diagnostics.Eventing.Reader.EventBookmark","Warning","Standby Information","Standby Performance Monitoring","System.Collections.ObjectModel.ReadOnlyCollection`1[System.String]","System.Collections.Generic.List`1[System.Diagnostics.Eventing.Reader.EventProperty]"
"Windows has resumed from standby: 
     Standby Duration		:	9996ms
     Standby Incident Time (UTC)	:	?2015?-?02?-?11T13:40:14.421529400Z
     Resume  Duration		:	1181ms
     Resume  Incident Time (UTC)	:	?2015?-?02?-?11T13:53:29.205770500Z
     IsDegradation			:	false","300","1",,"3","4003","36","-9223372036854710272","2079","Microsoft-Windows-Diagnostics-Performance","cfc18ec0-96b1-4eba-961b-622caee05b0a","Microsoft-Windows-Diagnostics-Performance/Operational","1392","3212","rjaf-PC4429","S-1-5-19","2/11/2015 5:53:44 AM","00000000-5b28-0000-951c-e212d445d001",,"c:\users\mac_1\desktop\winevt\logs\microsoft-windows-diagnostics-performance%4operational.evtx","System.UInt32[]","System.Diagnostics.Eventing.Reader.EventBookmark","Warning","Standby Information","Standby Performance Monitoring","System.Collections.ObjectModel.ReadOnlyCollection`1[System.String]","System.Collections.Generic.List`1[System.Diagnostics.Eventing.Reader.EventProperty]"
"Windows has resumed from standby: 
     Standby Duration		:	6609ms
     Standby Incident Time (UTC)	:	?2015?-?02?-?11T10:29:15.282652000Z
     Resume  Duration		:	1220ms
     Resume  Incident Time (UTC)	:	?2015?-?02?-?11T12:43:45.375149200Z
     IsDegradation			:	false","300","1",,"3","4003","36","-9223372036854710272","2078","Microsoft-Windows-Diagnostics-Performance","cfc18ec0-96b1-4eba-961b-622caee05b0a","Microsoft-Windows-Diagnostics-Performance/Operational","1392","3640","rjaf-PC4429","S-1-5-19","2/11/2015 4:44:00 AM","85f21364-d89b-0001-a71c-e212d445d001",,"c:\users\mac_1\desktop\winevt\logs\microsoft-windows-diagnostics-performance%4operational.evtx","System.UInt32[]","System.Diagnostics.Eventing.Reader.EventBookmark","Warning","Standby Information","Standby Performance Monitoring","System.Collections.ObjectModel.ReadOnlyCollection`1[System.String]","System.Collections.Generic.List`1[System.Diagnostics.Eventing.Reader.EventProperty]"
"Windows has resumed from standby: 
     Standby Duration		:	9971ms
     Standby Incident Time (UTC)	:	?2015?-?02?-?11T09:37:15.360024300Z
     Resume  Duration		:	1188ms
     Resume  Incident Time (UTC)	:	?2015?-?02?-?11T09:37:34.213901900Z
     IsDegradation			:	false","300","1",,"3","4003","36","-9223372036854710272","2077","Microsoft-Windows-Diagnostics-Performance","cfc18ec0-96b1-4eba-961b-622caee05b0a","Microsoft-Windows-Diagnostics-Performance/Operational","1392","1752","rjaf-PC4429","S-1-5-19","2/11/2015 1:37:49 AM","85f23364-d89b-0003-a31c-e212d445d001",,"c:\users\mac_1\desktop\winevt\logs\microsoft-windows-diagnostics-performance%4operational.evtx","System.UInt32[]","System.Diagnostics.Eventing.Reader.EventBookmark","Warning","Standby Information","Standby Performance Monitoring","System.Collections.ObjectModel.ReadOnlyCollection`1[System.String]","System.Collections.Generic.List`1[System.Diagnostics.Eventing.Reader.EventProperty]"
"Windows has started up: 
     Boot Duration		:	33997ms
     IsDegradation		:	false
     Incident Time (UTC)	:	?2015?-?02?-?11T08:23:54.593600100Z","100","2",,"3","4002","34","-9223372036854710272","2076","Microsoft-Windows-Diagnostics-Performance","cfc18ec0-96b1-4eba-961b-622caee05b0a","Microsoft-Windows-Diagnostics-Performance/Operational","1392","2576","rjaf-PC4429","S-1-5-19","2/11/2015 12:25:58 AM","85f21c9c-d89b-0002-841c-e212d445d001",,"c:\users\mac_1\desktop\winevt\logs\microsoft-windows-diagnostics-performance%4operational.evtx","System.UInt32[]","System.Diagnostics.Eventing.Reader.EventBookmark","Warning","Boot Information","Boot Performance Monitoring","System.Collections.ObjectModel.ReadOnlyCollection`1[System.String]","System.Collections.Generic.List`1[System.Diagnostics.Eventing.Reader.EventProperty]"
"Windows has resumed from standby: 
     Standby Duration		:	6965ms
     Standby Incident Time (UTC)	:	?2015?-?02?-?10T16:37:29.855954600Z
     Resume  Duration		:	1220ms
     Resume  Incident Time (UTC)	:	?2015?-?02?-?10T17:06:06.513874100Z
     IsDegradation			:	false","300","1",,"3","4003","36","-9223372036854710272","2075","Microsoft-Windows-Diagnostics-Performance","cfc18ec0-96b1-4eba-961b-622caee05b0a","Microsoft-Windows-Diagnostics-Performance/Operational","1404","4152","rjaf-PC4429","S-1-5-19","2/10/2015 9:06:42 AM","85f1fc9c-d89b-0002-4a96-e7093042d001",,"c:\users\mac_1\desktop\winevt\logs\microsoft-windows-diagnostics-performance%4operational.evtx","System.UInt32[]","System.Diagnostics.Eventing.Reader.EventBookmark","Warning","Standby Information","Standby Performance Monitoring","System.Collections.ObjectModel.ReadOnlyCollection`1[System.String]","System.Collections.Generic.List`1[System.Diagnostics.Eventing.Reader.EventProperty]"
"Windows has resumed from standby: 
     Standby Duration		:	7247ms
     Standby Incident Time (UTC)	:	?2015?-?02?-?10T15:40:44.970668900Z
     Resume  Duration		:	1185ms
     Resume  Incident Time (UTC)	:	?2015?-?02?-?10T15:45:56.768138300Z
     IsDegradation			:	false","300","1",,"3","4003","36","-9223372036854710272","2074","Microsoft-Windows-Diagnostics-Performance","cfc18ec0-96b1-4eba-961b-622caee05b0a","Microsoft-Windows-Diagnostics-Performance/Operational","1404","5512","rjaf-PC4429","S-1-5-19","2/10/2015 7:46:32 AM","00000000-5b28-0000-3a96-e7093042d001",,"c:\users\mac_1\desktop\winevt\logs\microsoft-windows-diagnostics-performance%4operational.evtx","System.UInt32[]","System.Diagnostics.Eventing.Reader.EventBookmark","Warning","Standby Information","Standby Performance Monitoring","System.Collections.ObjectModel.ReadOnlyCollection`1[System.String]","System.Collections.Generic.List`1[System.Diagnostics.Eventing.Reader.EventProperty]"
"This driver caused a delay during standby while servicing a device:
     Driver File Name		:	\Driver\HdAudAddService
     Driver Friendly Name		:	High Definition Audio Function Driver
     Driver Version			:	6.1.7600.16385 (win7_rtm.090713-1255)
     Driver Total Time		:	30ms
     Driver Degradation Time	:	9ms
     Incident Time (UTC)		:	?2015?-?02?-?10T10:41:01.446073400Z
     Device Name			:	HDAUDIO\FUNC_01&VEN_10EC&DEV_0662&SUBSYS_8086204E&REV_1001\4&21abbdd3&0&0001
     Device Friendly Name		:	High Definition Audio Device
     Device Total Time		:	30ms
     Device Degradation Time	:	0ms","302","1",,"3","4003","35","-9223372036854710272","2073","Microsoft-Windows-Diagnostics-Performance","cfc18ec0-96b1-4eba-961b-622caee05b0a","Microsoft-Windows-Diagnostics-Performance/Operational","1404","2628","rjaf-PC4429","S-1-5-19","2/10/2015 6:51:22 AM","85f1f364-d89b-0001-4496-e7093042d001",,"c:\users\mac_1\desktop\winevt\logs\microsoft-windows-diagnostics-performance%4operational.evtx","System.UInt32[]","System.Diagnostics.Eventing.Reader.EventBookmark","Warning","Standby Degradation","Standby Performance Monitoring","System.Collections.ObjectModel.ReadOnlyCollection`1[System.String]","System.Collections.Generic.List`1[System.Diagnostics.Eventing.Reader.EventProperty]"
"This application caused a delay during standby: 
     File Name		:	WINWORD.EXE
     Friendly Name		:	Microsoft Office Word
     Version		:	12.0.4518.1014
     Total Time		:	56ms
     Degradation Time	:	19ms
     Incident Time (UTC)	:	?2015?-?02?-?10T10:41:01.446073400Z","301","1",,"3","4003","35","-9223372036854710272","2072","Microsoft-Windows-Diagnostics-Performance","cfc18ec0-96b1-4eba-961b-622caee05b0a","Microsoft-Windows-Diagnostics-Performance/Operational","1404","2628","rjaf-PC4429","S-1-5-19","2/10/2015 6:51:22 AM","85f1f364-d89b-0001-4496-e7093042d001",,"c:\users\mac_1\desktop\winevt\logs\microsoft-windows-diagnostics-performance%4operational.evtx","System.UInt32[]","System.Diagnostics.Eventing.Reader.EventBookmark","Warning","Standby Degradation","Standby Performance Monitoring","System.Collections.ObjectModel.ReadOnlyCollection`1[System.String]","System.Collections.Generic.List`1[System.Diagnostics.Eventing.Reader.EventProperty]"
"Windows has resumed from standby: 
     Standby Duration		:	10354ms
     Standby Incident Time (UTC)	:	?2015?-?02?-?10T10:41:01.446073400Z
     Resume  Duration		:	1189ms
     Resume  Incident Time (UTC)	:	?2015?-?02?-?10T14:50:46.882291800Z
     IsDegradation			:	false","300","1",,"3","4003","36","-9223372036854710272","2071","Microsoft-Windows-Diagnostics-Performance","cfc18ec0-96b1-4eba-961b-622caee05b0a","Microsoft-Windows-Diagnostics-Performance/Operational","1404","2628","rjaf-PC4429","S-1-5-19","2/10/2015 6:51:22 AM","85f1f364-d89b-0001-4496-e7093042d001",,"c:\users\mac_1\desktop\winevt\logs\microsoft-windows-diagnostics-performance%4operational.evtx","System.UInt32[]","System.Diagnostics.Eventing.Reader.EventBookmark","Warning","Standby Information","Standby Performance Monitoring","System.Collections.ObjectModel.ReadOnlyCollection`1[System.String]","System.Collections.Generic.List`1[System.Diagnostics.Eventing.Reader.EventProperty]"
"Windows has resumed from standby: 
     Standby Duration		:	7497ms
     Standby Incident Time (UTC)	:	?2015?-?02?-?10T01:02:19.582357000Z
     Resume  Duration		:	1205ms
     Resume  Incident Time (UTC)	:	?2015?-?02?-?10T10:09:42.341533500Z
     IsDegradation			:	false","300","1",,"3","4003","36","-9223372036854710272","2070","Microsoft-Windows-Diagnostics-Performance","cfc18ec0-96b1-4eba-961b-622caee05b0a","Microsoft-Windows-Diagnostics-Performance/Operational","1404","3496","rjaf-PC4429","S-1-5-19","2/10/2015 2:10:17 AM","85f21364-d89b-0003-3a96-e7093042d001",,"c:\users\mac_1\desktop\winevt\logs\microsoft-windows-diagnostics-performance%4operational.evtx","System.UInt32[]","System.Diagnostics.Eventing.Reader.EventBookmark","Warning","Standby Information","Standby Performance Monitoring","System.Collections.ObjectModel.ReadOnlyCollection`1[System.String]","System.Collections.Generic.List`1[System.Diagnostics.Eventing.Reader.EventProperty]"
"This driver caused a delay during standby while servicing a device:
     Driver File Name		:	\Driver\Disk
     Driver Friendly Name		:	PnP Disk Driver
     Driver Version			:	6.1.7600.16385 (win7_rtm.090713-1255)
     Driver Total Time		:	50ms
     Driver Degradation Time	:	35ms
     Incident Time (UTC)		:	?2015?-?02?-?09T19:22:36.501179200Z
     Device Name			:	SCSI\Disk&Ven_WDC&Prod_WD5000AAKX-22ERM\4&68979c&0&000000
     Device Friendly Name		:	Disk drive
     Device Total Time		:	50ms
     Device Degradation Time	:	0ms","302","1",,"3","4003","35","-9223372036854710272","2069","Microsoft-Windows-Diagnostics-Performance","cfc18ec0-96b1-4eba-961b-622caee05b0a","Microsoft-Windows-Diagnostics-Performance/Operational","1404","1512","rjaf-PC4429","S-1-5-19","2/9/2015 5:00:19 PM","85f1fc9c-d89b-0002-4496-e7093042d001",,"c:\users\mac_1\desktop\winevt\logs\microsoft-windows-diagnostics-performance%4operational.evtx","System.UInt32[]","System.Diagnostics.Eventing.Reader.EventBookmark","Warning","Standby Degradation","Standby Performance Monitoring","System.Collections.ObjectModel.ReadOnlyCollection`1[System.String]","System.Collections.Generic.List`1[System.Diagnostics.Eventing.Reader.EventProperty]"
"Windows has resumed from standby: 
     Standby Duration		:	6483ms
     Standby Incident Time (UTC)	:	?2015?-?02?-?09T19:22:36.501179200Z
     Resume  Duration		:	1212ms
     Resume  Incident Time (UTC)	:	?2015?-?02?-?10T00:59:48.422343300Z
     IsDegradation			:	false","300","1",,"3","4003","36","-9223372036854710272","2068","Microsoft-Windows-Diagnostics-Performance","cfc18ec0-96b1-4eba-961b-622caee05b0a","Microsoft-Windows-Diagnostics-Performance/Operational","1404","1512","rjaf-PC4429","S-1-5-19","2/9/2015 5:00:19 PM","85f1fc9c-d89b-0002-4496-e7093042d001",,"c:\users\mac_1\desktop\winevt\logs\microsoft-windows-diagnostics-performance%4operational.evtx","System.UInt32[]","System.Diagnostics.Eventing.Reader.EventBookmark","Warning","Standby Information","Standby Performance Monitoring","System.Collections.ObjectModel.ReadOnlyCollection`1[System.String]","System.Collections.Generic.List`1[System.Diagnostics.Eventing.Reader.EventProperty]"
"This driver caused a delay during standby while servicing a device:
     Driver File Name		:	\Driver\usbehci
     Driver Friendly Name		:	EHCI eUSB Miniport Driver
     Driver Version			:	6.1.7600.16788 (win7_gdr.110324-1506)
     Driver Total Time		:	342ms
     Driver Degradation Time	:	130ms
     Incident Time (UTC)		:	?2015?-?02?-?09T18:21:51.720954900Z
     Device Name			:	USB\ROOT_HUB20\4&605ea8b&0
     Device Friendly Name		:	USB Root Hub
     Device Total Time		:	342ms
     Device Degradation Time	:	130ms","302","1",,"3","4003","35","-9223372036854710272","2067","Microsoft-Windows-Diagnostics-Performance","cfc18ec0-96b1-4eba-961b-622caee05b0a","Microsoft-Windows-Diagnostics-Performance/Operational","1404","4984","rjaf-PC4429","S-1-5-19","2/9/2015 10:51:30 AM","85f1fc9c-d89b-0002-4396-e7093042d001",,"c:\users\mac_1\desktop\winevt\logs\microsoft-windows-diagnostics-performance%4operational.evtx","System.UInt32[]","System.Diagnostics.Eventing.Reader.EventBookmark","Warning","Standby Degradation","Standby Performance Monitoring","System.Collections.ObjectModel.ReadOnlyCollection`1[System.String]","System.Collections.Generic.List`1[System.Diagnostics.Eventing.Reader.EventProperty]"
