"Diagnostic module {A59F0643-A6CA-48E0-A7C4-4CDD258439E2} (%SystemRoot%\system32\diagperf.dll) finished troubleshooting scenario {FFC42108-4920-4ACF-A4FC-8ABDCC68ADA4}, instance {23EC6AC6-6A42-457A-8078-4F282E45CB72}, original activity ID {85F03364-DE4F-0002-5744-8FF2F797D001}.  No resolution was set by the diagnostic module.","110","0",,"4","1","14","4611686052787126272","5503","Microsoft-Windows-Diagnosis-DPS","6bba3851-2c7e-4dea-8f54-31e5afd029e3","Microsoft-Windows-Diagnosis-DPS/Operational","1760","3440","rjaf-PC4429","S-1-5-19","5/27/2015 10:19:51 PM","23ec6ac6-6a42-457a-8078-4f282e45cb72",,"c:\users\mac_1\desktop\winevt\logs\microsoft-windows-diagnosis-dps%4operational.evtx","System.UInt32[]","System.Diagnostics.Eventing.Reader.EventBookmark","Information","A diagnostic module completed troubleshooting without setting a resolution","Scenario Lifecycle","System.Collections.ObjectModel.ReadOnlyCollection`1[System.String]","System.Collections.Generic.List`1[System.Diagnostics.Eventing.Reader.EventProperty]"
"Diagnostic module {A59F0643-A6CA-48E0-A7C4-4CDD258439E2} (%SystemRoot%\system32\diagperf.dll) started troubleshooting scenario {FFC42108-4920-4ACF-A4FC-8ABDCC68ADA4}, instance {23EC6AC6-6A42-457A-8078-4F282E45CB72}, original activity ID {85F03364-DE4F-0002-5744-8FF2F797D001}.","105","0",,"4","1","13","4611686052787126272","5502","Microsoft-Windows-Diagnosis-DPS","6bba3851-2c7e-4dea-8f54-31e5afd029e3","Microsoft-Windows-Diagnosis-DPS/Operational","1760","3440","rjaf-PC4429","S-1-5-19","5/27/2015 10:19:51 PM","23ec6ac6-6a42-457a-8078-4f282e45cb72",,"c:\users\mac_1\desktop\winevt\logs\microsoft-windows-diagnosis-dps%4operational.evtx","System.UInt32[]","System.Diagnostics.Eventing.Reader.EventBookmark","Information","A scenario instance was dispatched for troubleshooting","Scenario Lifecycle","System.Collections.ObjectModel.ReadOnlyCollection`1[System.String]","System.Collections.Generic.List`1[System.Diagnostics.Eventing.Reader.EventProperty]"
"Diagnostic module {A59F0643-A6CA-48E0-A7C4-4CDD258439E2} (%SystemRoot%\system32\diagperf.dll) detected a problem for scenario {FFC42108-4920-4ACF-A4FC-8ABDCC68ADA4}, instance {23EC6AC6-6A42-457A-8078-4F282E45CB72}, original activity ID {85F03364-DE4F-0002-5744-8FF2F797D001}.","100","0",,"4","1","12","4611686052787126272","5501","Microsoft-Windows-Diagnosis-DPS","6bba3851-2c7e-4dea-8f54-31e5afd029e3","Microsoft-Windows-Diagnosis-DPS/Operational","1760","3440","rjaf-PC4429","S-1-5-19","5/27/2015 10:19:51 PM","23ec6ac6-6a42-457a-8078-4f282e45cb72",,"c:\users\mac_1\desktop\winevt\logs\microsoft-windows-diagnosis-dps%4operational.evtx","System.UInt32[]","System.Diagnostics.Eventing.Reader.EventBookmark","Information","A diagnostic module detected a problem","Scenario Lifecycle","System.Collections.ObjectModel.ReadOnlyCollection`1[System.String]","System.Collections.Generic.List`1[System.Diagnostics.Eventing.Reader.EventProperty]"
"Diagnostic module {282396B2-6C46-4D66-B413-70B0445DF33C} (%SystemRoot%\system32\diagperf.dll) finished troubleshooting scenario {186F47EF-626C-4670-800A-4A30756BABAD}, instance {D6DEF703-4794-46A8-92EE-57CEC2688A6F}, original activity ID {00000000-0000-0000-0000-000000000000}.  No resolution was set by the diagnostic module.","110","0",,"4","1","14","4611686052787126272","5500","Microsoft-Windows-Diagnosis-DPS","6bba3851-2c7e-4dea-8f54-31e5afd029e3","Microsoft-Windows-Diagnosis-DPS/Operational","1760","2960","rjaf-PC4429","S-1-5-19","5/27/2015 1:38:01 PM","d6def703-4794-46a8-92ee-57cec2688a6f",,"c:\users\mac_1\desktop\winevt\logs\microsoft-windows-diagnosis-dps%4operational.evtx","System.UInt32[]","System.Diagnostics.Eventing.Reader.EventBookmark","Information","A diagnostic module completed troubleshooting without setting a resolution","Scenario Lifecycle","System.Collections.ObjectModel.ReadOnlyCollection`1[System.String]","System.Collections.Generic.List`1[System.Diagnostics.Eventing.Reader.EventProperty]"
"Diagnostic module {282396B2-6C46-4D66-B413-70B0445DF33C} (%SystemRoot%\system32\diagperf.dll) started troubleshooting scenario {186F47EF-626C-4670-800A-4A30756BABAD}, instance {D6DEF703-4794-46A8-92EE-57CEC2688A6F}, original activity ID {00000000-0000-0000-0000-000000000000}.","105","0",,"4","1","13","4611686052787126272","5499","Microsoft-Windows-Diagnosis-DPS","6bba3851-2c7e-4dea-8f54-31e5afd029e3","Microsoft-Windows-Diagnosis-DPS/Operational","1760","2960","rjaf-PC4429","S-1-5-19","5/27/2015 1:38:01 PM","d6def703-4794-46a8-92ee-57cec2688a6f",,"c:\users\mac_1\desktop\winevt\logs\microsoft-windows-diagnosis-dps%4operational.evtx","System.UInt32[]","System.Diagnostics.Eventing.Reader.EventBookmark","Information","A scenario instance was dispatched for troubleshooting","Scenario Lifecycle","System.Collections.ObjectModel.ReadOnlyCollection`1[System.String]","System.Collections.Generic.List`1[System.Diagnostics.Eventing.Reader.EventProperty]"
"Diagnostic module {282396B2-6C46-4D66-B413-70B0445DF33C} (%SystemRoot%\system32\diagperf.dll) detected a problem for scenario {186F47EF-626C-4670-800A-4A30756BABAD}, instance {D6DEF703-4794-46A8-92EE-57CEC2688A6F}, original activity ID {00000000-0000-0000-0000-000000000000}.","100","0",,"4","1","12","4611686052787126272","5498","Microsoft-Windows-Diagnosis-DPS","6bba3851-2c7e-4dea-8f54-31e5afd029e3","Microsoft-Windows-Diagnosis-DPS/Operational","1760","2960","rjaf-PC4429","S-1-5-19","5/27/2015 1:38:01 PM","d6def703-4794-46a8-92ee-57cec2688a6f",,"c:\users\mac_1\desktop\winevt\logs\microsoft-windows-diagnosis-dps%4operational.evtx","System.UInt32[]","System.Diagnostics.Eventing.Reader.EventBookmark","Information","A diagnostic module detected a problem","Scenario Lifecycle","System.Collections.ObjectModel.ReadOnlyCollection`1[System.String]","System.Collections.Generic.List`1[System.Diagnostics.Eventing.Reader.EventProperty]"
"Diagnostic module {282396B2-6C46-4D66-B413-70B0445DF33C} (%SystemRoot%\system32\diagperf.dll) finished troubleshooting scenario {186F47EF-626C-4670-800A-4A30756BABAD}, instance {B4FF16BD-2EEF-4CDD-8670-6393054D6751}, original activity ID {00000000-0000-0000-0000-000000000000}.  No resolution was set by the diagnostic module.","110","0",,"4","1","14","4611686052787126272","5497","Microsoft-Windows-Diagnosis-DPS","6bba3851-2c7e-4dea-8f54-31e5afd029e3","Microsoft-Windows-Diagnosis-DPS/Operational","1760","5784","rjaf-PC4429","S-1-5-19","5/27/2015 11:34:15 AM","b4ff16bd-2eef-4cdd-8670-6393054d6751",,"c:\users\mac_1\desktop\winevt\logs\microsoft-windows-diagnosis-dps%4operational.evtx","System.UInt32[]","System.Diagnostics.Eventing.Reader.EventBookmark","Information","A diagnostic module completed troubleshooting without setting a resolution","Scenario Lifecycle","System.Collections.ObjectModel.ReadOnlyCollection`1[System.String]","System.Collections.Generic.List`1[System.Diagnostics.Eventing.Reader.EventProperty]"
"Diagnostic module {282396B2-6C46-4D66-B413-70B0445DF33C} (%SystemRoot%\system32\diagperf.dll) started troubleshooting scenario {186F47EF-626C-4670-800A-4A30756BABAD}, instance {B4FF16BD-2EEF-4CDD-8670-6393054D6751}, original activity ID {00000000-0000-0000-0000-000000000000}.","105","0",,"4","1","13","4611686052787126272","5496","Microsoft-Windows-Diagnosis-DPS","6bba3851-2c7e-4dea-8f54-31e5afd029e3","Microsoft-Windows-Diagnosis-DPS/Operational","1760","5784","rjaf-PC4429","S-1-5-19","5/27/2015 11:34:15 AM","b4ff16bd-2eef-4cdd-8670-6393054d6751",,"c:\users\mac_1\desktop\winevt\logs\microsoft-windows-diagnosis-dps%4operational.evtx","System.UInt32[]","System.Diagnostics.Eventing.Reader.EventBookmark","Information","A scenario instance was dispatched for troubleshooting","Scenario Lifecycle","System.Collections.ObjectModel.ReadOnlyCollection`1[System.String]","System.Collections.Generic.List`1[System.Diagnostics.Eventing.Reader.EventProperty]"
"Diagnostic module {282396B2-6C46-4D66-B413-70B0445DF33C} (%SystemRoot%\system32\diagperf.dll) detected a problem for scenario {186F47EF-626C-4670-800A-4A30756BABAD}, instance {B4FF16BD-2EEF-4CDD-8670-6393054D6751}, original activity ID {00000000-0000-0000-0000-000000000000}.","100","0",,"4","1","12","4611686052787126272","5495","Microsoft-Windows-Diagnosis-DPS","6bba3851-2c7e-4dea-8f54-31e5afd029e3","Microsoft-Windows-Diagnosis-DPS/Operational","1760","5784","rjaf-PC4429","S-1-5-19","5/27/2015 11:34:15 AM","b4ff16bd-2eef-4cdd-8670-6393054d6751",,"c:\users\mac_1\desktop\winevt\logs\microsoft-windows-diagnosis-dps%4operational.evtx","System.UInt32[]","System.Diagnostics.Eventing.Reader.EventBookmark","Information","A diagnostic module detected a problem","Scenario Lifecycle","System.Collections.ObjectModel.ReadOnlyCollection`1[System.String]","System.Collections.Generic.List`1[System.Diagnostics.Eventing.Reader.EventProperty]"
"Diagnostic module {A59F0643-A6CA-48E0-A7C4-4CDD258439E2} (%SystemRoot%\system32\diagperf.dll) finished troubleshooting scenario {FFC42108-4920-4ACF-A4FC-8ABDCC68ADA4}, instance {1F173241-2CAD-49EE-8488-B38A3BB1549D}, original activity ID {85F03364-DE4F-0002-5744-8FF2F797D001}.  No resolution was set by the diagnostic module.","110","0",,"4","1","14","4611686052787126272","5494","Microsoft-Windows-Diagnosis-DPS","6bba3851-2c7e-4dea-8f54-31e5afd029e3","Microsoft-Windows-Diagnosis-DPS/Operational","1760","5784","rjaf-PC4429","S-1-5-19","5/27/2015 11:34:11 AM","1f173241-2cad-49ee-8488-b38a3bb1549d",,"c:\users\mac_1\desktop\winevt\logs\microsoft-windows-diagnosis-dps%4operational.evtx","System.UInt32[]","System.Diagnostics.Eventing.Reader.EventBookmark","Information","A diagnostic module completed troubleshooting without setting a resolution","Scenario Lifecycle","System.Collections.ObjectModel.ReadOnlyCollection`1[System.String]","System.Collections.Generic.List`1[System.Diagnostics.Eventing.Reader.EventProperty]"
"Diagnostic module {A59F0643-A6CA-48E0-A7C4-4CDD258439E2} (%SystemRoot%\system32\diagperf.dll) started troubleshooting scenario {FFC42108-4920-4ACF-A4FC-8ABDCC68ADA4}, instance {1F173241-2CAD-49EE-8488-B38A3BB1549D}, original activity ID {85F03364-DE4F-0002-5744-8FF2F797D001}.","105","0",,"4","1","13","4611686052787126272","5493","Microsoft-Windows-Diagnosis-DPS","6bba3851-2c7e-4dea-8f54-31e5afd029e3","Microsoft-Windows-Diagnosis-DPS/Operational","1760","5784","rjaf-PC4429","S-1-5-19","5/27/2015 11:34:11 AM","1f173241-2cad-49ee-8488-b38a3bb1549d",,"c:\users\mac_1\desktop\winevt\logs\microsoft-windows-diagnosis-dps%4operational.evtx","System.UInt32[]","System.Diagnostics.Eventing.Reader.EventBookmark","Information","A scenario instance was dispatched for troubleshooting","Scenario Lifecycle","System.Collections.ObjectModel.ReadOnlyCollection`1[System.String]","System.Collections.Generic.List`1[System.Diagnostics.Eventing.Reader.EventProperty]"
"Diagnostic module {A59F0643-A6CA-48E0-A7C4-4CDD258439E2} (%SystemRoot%\system32\diagperf.dll) detected a problem for scenario {FFC42108-4920-4ACF-A4FC-8ABDCC68ADA4}, instance {1F173241-2CAD-49EE-8488-B38A3BB1549D}, original activity ID {85F03364-DE4F-0002-5744-8FF2F797D001}.","100","0",,"4","1","12","4611686052787126272","5492","Microsoft-Windows-Diagnosis-DPS","6bba3851-2c7e-4dea-8f54-31e5afd029e3","Microsoft-Windows-Diagnosis-DPS/Operational","1760","5784","rjaf-PC4429","S-1-5-19","5/27/2015 11:34:11 AM","1f173241-2cad-49ee-8488-b38a3bb1549d",,"c:\users\mac_1\desktop\winevt\logs\microsoft-windows-diagnosis-dps%4operational.evtx","System.UInt32[]","System.Diagnostics.Eventing.Reader.EventBookmark","Information","A diagnostic module detected a problem","Scenario Lifecycle","System.Collections.ObjectModel.ReadOnlyCollection`1[System.String]","System.Collections.Generic.List`1[System.Diagnostics.Eventing.Reader.EventProperty]"
"Diagnostic module {A59F0643-A6CA-48E0-A7C4-4CDD258439E2} (%SystemRoot%\system32\diagperf.dll) finished troubleshooting scenario {FFC42108-4920-4ACF-A4FC-8ABDCC68ADA4}, instance {5F328CF8-4F8B-4A85-81B5-E60266FE6200}, original activity ID {85F03364-DE4F-0002-5744-8FF2F797D001}.  No resolution was set by the diagnostic module.","110","0",,"4","1","14","4611686052787126272","5491","Microsoft-Windows-Diagnosis-DPS","6bba3851-2c7e-4dea-8f54-31e5afd029e3","Microsoft-Windows-Diagnosis-DPS/Operational","1760","2092","rjaf-PC4429","S-1-5-19","5/27/2015 7:24:31 AM","5f328cf8-4f8b-4a85-81b5-e60266fe6200",,"c:\users\mac_1\desktop\winevt\logs\microsoft-windows-diagnosis-dps%4operational.evtx","System.UInt32[]","System.Diagnostics.Eventing.Reader.EventBookmark","Information","A diagnostic module completed troubleshooting without setting a resolution","Scenario Lifecycle","System.Collections.ObjectModel.ReadOnlyCollection`1[System.String]","System.Collections.Generic.List`1[System.Diagnostics.Eventing.Reader.EventProperty]"
"Diagnostic module {A59F0643-A6CA-48E0-A7C4-4CDD258439E2} (%SystemRoot%\system32\diagperf.dll) started troubleshooting scenario {FFC42108-4920-4ACF-A4FC-8ABDCC68ADA4}, instance {5F328CF8-4F8B-4A85-81B5-E60266FE6200}, original activity ID {85F03364-DE4F-0002-5744-8FF2F797D001}.","105","0",,"4","1","13","4611686052787126272","5490","Microsoft-Windows-Diagnosis-DPS","6bba3851-2c7e-4dea-8f54-31e5afd029e3","Microsoft-Windows-Diagnosis-DPS/Operational","1760","2092","rjaf-PC4429","S-1-5-19","5/27/2015 7:24:31 AM","5f328cf8-4f8b-4a85-81b5-e60266fe6200",,"c:\users\mac_1\desktop\winevt\logs\microsoft-windows-diagnosis-dps%4operational.evtx","System.UInt32[]","System.Diagnostics.Eventing.Reader.EventBookmark","Information","A scenario instance was dispatched for troubleshooting","Scenario Lifecycle","System.Collections.ObjectModel.ReadOnlyCollection`1[System.String]","System.Collections.Generic.List`1[System.Diagnostics.Eventing.Reader.EventProperty]"
"Diagnostic module {A59F0643-A6CA-48E0-A7C4-4CDD258439E2} (%SystemRoot%\system32\diagperf.dll) detected a problem for scenario {FFC42108-4920-4ACF-A4FC-8ABDCC68ADA4}, instance {5F328CF8-4F8B-4A85-81B5-E60266FE6200}, original activity ID {85F03364-DE4F-0002-5744-8FF2F797D001}.","100","0",,"4","1","12","4611686052787126272","5489","Microsoft-Windows-Diagnosis-DPS","6bba3851-2c7e-4dea-8f54-31e5afd029e3","Microsoft-Windows-Diagnosis-DPS/Operational","1760","2092","rjaf-PC4429","S-1-5-19","5/27/2015 7:24:31 AM","5f328cf8-4f8b-4a85-81b5-e60266fe6200",,"c:\users\mac_1\desktop\winevt\logs\microsoft-windows-diagnosis-dps%4operational.evtx","System.UInt32[]","System.Diagnostics.Eventing.Reader.EventBookmark","Information","A diagnostic module detected a problem","Scenario Lifecycle","System.Collections.ObjectModel.ReadOnlyCollection`1[System.String]","System.Collections.Generic.List`1[System.Diagnostics.Eventing.Reader.EventProperty]"
"Diagnostic module {282396B2-6C46-4D66-B413-70B0445DF33C} (%SystemRoot%\system32\diagperf.dll) finished troubleshooting scenario {186F47EF-626C-4670-800A-4A30756BABAD}, instance {14C15B24-2B8F-4E98-A7D9-C1D259624749}, original activity ID {00000000-0000-0000-0000-000000000000}.  No resolution was set by the diagnostic module.","110","0",,"4","1","14","4611686052787126272","5488","Microsoft-Windows-Diagnosis-DPS","6bba3851-2c7e-4dea-8f54-31e5afd029e3","Microsoft-Windows-Diagnosis-DPS/Operational","1760","1496","rjaf-PC4429","S-1-5-19","5/27/2015 4:17:03 AM","14c15b24-2b8f-4e98-a7d9-c1d259624749",,"c:\users\mac_1\desktop\winevt\logs\microsoft-windows-diagnosis-dps%4operational.evtx","System.UInt32[]","System.Diagnostics.Eventing.Reader.EventBookmark","Information","A diagnostic module completed troubleshooting without setting a resolution","Scenario Lifecycle","System.Collections.ObjectModel.ReadOnlyCollection`1[System.String]","System.Collections.Generic.List`1[System.Diagnostics.Eventing.Reader.EventProperty]"
"Diagnostic module {282396B2-6C46-4D66-B413-70B0445DF33C} (%SystemRoot%\system32\diagperf.dll) started troubleshooting scenario {186F47EF-626C-4670-800A-4A30756BABAD}, instance {14C15B24-2B8F-4E98-A7D9-C1D259624749}, original activity ID {00000000-0000-0000-0000-000000000000}.","105","0",,"4","1","13","4611686052787126272","5487","Microsoft-Windows-Diagnosis-DPS","6bba3851-2c7e-4dea-8f54-31e5afd029e3","Microsoft-Windows-Diagnosis-DPS/Operational","1760","1496","rjaf-PC4429","S-1-5-19","5/27/2015 4:17:03 AM","14c15b24-2b8f-4e98-a7d9-c1d259624749",,"c:\users\mac_1\desktop\winevt\logs\microsoft-windows-diagnosis-dps%4operational.evtx","System.UInt32[]","System.Diagnostics.Eventing.Reader.EventBookmark","Information","A scenario instance was dispatched for troubleshooting","Scenario Lifecycle","System.Collections.ObjectModel.ReadOnlyCollection`1[System.String]","System.Collections.Generic.List`1[System.Diagnostics.Eventing.Reader.EventProperty]"
"Diagnostic module {282396B2-6C46-4D66-B413-70B0445DF33C} (%SystemRoot%\system32\diagperf.dll) detected a problem for scenario {186F47EF-626C-4670-800A-4A30756BABAD}, instance {14C15B24-2B8F-4E98-A7D9-C1D259624749}, original activity ID {00000000-0000-0000-0000-000000000000}.","100","0",,"4","1","12","4611686052787126272","5486","Microsoft-Windows-Diagnosis-DPS","6bba3851-2c7e-4dea-8f54-31e5afd029e3","Microsoft-Windows-Diagnosis-DPS/Operational","1760","1496","rjaf-PC4429","S-1-5-19","5/27/2015 4:17:03 AM","14c15b24-2b8f-4e98-a7d9-c1d259624749",,"c:\users\mac_1\desktop\winevt\logs\microsoft-windows-diagnosis-dps%4operational.evtx","System.UInt32[]","System.Diagnostics.Eventing.Reader.EventBookmark","Information","A diagnostic module detected a problem","Scenario Lifecycle","System.Collections.ObjectModel.ReadOnlyCollection`1[System.String]","System.Collections.Generic.List`1[System.Diagnostics.Eventing.Reader.EventProperty]"
"Diagnostic module {282396B2-6C46-4D66-B413-70B0445DF33C} (%SystemRoot%\system32\diagperf.dll) finished troubleshooting scenario {186F47EF-626C-4670-800A-4A30756BABAD}, instance {F2C4FAC5-E9CA-4B25-8EE9-5638EABB695D}, original activity ID {00000000-0000-0000-0000-000000000000}.  No resolution was set by the diagnostic module.","110","0",,"4","1","14","4611686052787126272","5485","Microsoft-Windows-Diagnosis-DPS","6bba3851-2c7e-4dea-8f54-31e5afd029e3","Microsoft-Windows-Diagnosis-DPS/Operational","1760","3632","rjaf-PC4429","S-1-5-19","5/26/2015 11:28:05 PM","f2c4fac5-e9ca-4b25-8ee9-5638eabb695d",,"c:\users\mac_1\desktop\winevt\logs\microsoft-windows-diagnosis-dps%4operational.evtx","System.UInt32[]","System.Diagnostics.Eventing.Reader.EventBookmark","Information","A diagnostic module completed troubleshooting without setting a resolution","Scenario Lifecycle","System.Collections.ObjectModel.ReadOnlyCollection`1[System.String]","System.Collections.Generic.List`1[System.Diagnostics.Eventing.Reader.EventProperty]"
"Diagnostic module {282396B2-6C46-4D66-B413-70B0445DF33C} (%SystemRoot%\system32\diagperf.dll) started troubleshooting scenario {186F47EF-626C-4670-800A-4A30756BABAD}, instance {F2C4FAC5-E9CA-4B25-8EE9-5638EABB695D}, original activity ID {00000000-0000-0000-0000-000000000000}.","105","0",,"4","1","13","4611686052787126272","5484","Microsoft-Windows-Diagnosis-DPS","6bba3851-2c7e-4dea-8f54-31e5afd029e3","Microsoft-Windows-Diagnosis-DPS/Operational","1760","3632","rjaf-PC4429","S-1-5-19","5/26/2015 11:28:05 PM","f2c4fac5-e9ca-4b25-8ee9-5638eabb695d",,"c:\users\mac_1\desktop\winevt\logs\microsoft-windows-diagnosis-dps%4operational.evtx","System.UInt32[]","System.Diagnostics.Eventing.Reader.EventBookmark","Information","A scenario instance was dispatched for troubleshooting","Scenario Lifecycle","System.Collections.ObjectModel.ReadOnlyCollection`1[System.String]","System.Collections.Generic.List`1[System.Diagnostics.Eventing.Reader.EventProperty]"
"Diagnostic module {282396B2-6C46-4D66-B413-70B0445DF33C} (%SystemRoot%\system32\diagperf.dll) detected a problem for scenario {186F47EF-626C-4670-800A-4A30756BABAD}, instance {F2C4FAC5-E9CA-4B25-8EE9-5638EABB695D}, original activity ID {00000000-0000-0000-0000-000000000000}.","100","0",,"4","1","12","4611686052787126272","5483","Microsoft-Windows-Diagnosis-DPS","6bba3851-2c7e-4dea-8f54-31e5afd029e3","Microsoft-Windows-Diagnosis-DPS/Operational","1760","3632","rjaf-PC4429","S-1-5-19","5/26/2015 11:28:05 PM","f2c4fac5-e9ca-4b25-8ee9-5638eabb695d",,"c:\users\mac_1\desktop\winevt\logs\microsoft-windows-diagnosis-dps%4operational.evtx","System.UInt32[]","System.Diagnostics.Eventing.Reader.EventBookmark","Information","A diagnostic module detected a problem","Scenario Lifecycle","System.Collections.ObjectModel.ReadOnlyCollection`1[System.String]","System.Collections.Generic.List`1[System.Diagnostics.Eventing.Reader.EventProperty]"
"Diagnostic module {A59F0643-A6CA-48E0-A7C4-4CDD258439E2} (%SystemRoot%\system32\diagperf.dll) finished troubleshooting scenario {FFC42108-4920-4ACF-A4FC-8ABDCC68ADA4}, instance {A5747E9C-951F-4BDF-B472-49ECA4DB6E7B}, original activity ID {85F03364-DE4F-0002-5744-8FF2F797D001}.  No resolution was set by the diagnostic module.","110","0",,"4","1","14","4611686052787126272","5482","Microsoft-Windows-Diagnosis-DPS","6bba3851-2c7e-4dea-8f54-31e5afd029e3","Microsoft-Windows-Diagnosis-DPS/Operational","1760","3288","rjaf-PC4429","S-1-5-19","5/26/2015 10:48:30 PM","a5747e9c-951f-4bdf-b472-49eca4db6e7b",,"c:\users\mac_1\desktop\winevt\logs\microsoft-windows-diagnosis-dps%4operational.evtx","System.UInt32[]","System.Diagnostics.Eventing.Reader.EventBookmark","Information","A diagnostic module completed troubleshooting without setting a resolution","Scenario Lifecycle","System.Collections.ObjectModel.ReadOnlyCollection`1[System.String]","System.Collections.Generic.List`1[System.Diagnostics.Eventing.Reader.EventProperty]"
"Diagnostic module {A59F0643-A6CA-48E0-A7C4-4CDD258439E2} (%SystemRoot%\system32\diagperf.dll) started troubleshooting scenario {FFC42108-4920-4ACF-A4FC-8ABDCC68ADA4}, instance {A5747E9C-951F-4BDF-B472-49ECA4DB6E7B}, original activity ID {85F03364-DE4F-0002-5744-8FF2F797D001}.","105","0",,"4","1","13","4611686052787126272","5481","Microsoft-Windows-Diagnosis-DPS","6bba3851-2c7e-4dea-8f54-31e5afd029e3","Microsoft-Windows-Diagnosis-DPS/Operational","1760","3288","rjaf-PC4429","S-1-5-19","5/26/2015 10:48:30 PM","a5747e9c-951f-4bdf-b472-49eca4db6e7b",,"c:\users\mac_1\desktop\winevt\logs\microsoft-windows-diagnosis-dps%4operational.evtx","System.UInt32[]","System.Diagnostics.Eventing.Reader.EventBookmark","Information","A scenario instance was dispatched for troubleshooting","Scenario Lifecycle","System.Collections.ObjectModel.ReadOnlyCollection`1[System.String]","System.Collections.Generic.List`1[System.Diagnostics.Eventing.Reader.EventProperty]"
"Diagnostic module {A59F0643-A6CA-48E0-A7C4-4CDD258439E2} (%SystemRoot%\system32\diagperf.dll) detected a problem for scenario {FFC42108-4920-4ACF-A4FC-8ABDCC68ADA4}, instance {A5747E9C-951F-4BDF-B472-49ECA4DB6E7B}, original activity ID {85F03364-DE4F-0002-5744-8FF2F797D001}.","100","0",,"4","1","12","4611686052787126272","5480","Microsoft-Windows-Diagnosis-DPS","6bba3851-2c7e-4dea-8f54-31e5afd029e3","Microsoft-Windows-Diagnosis-DPS/Operational","1760","3288","rjaf-PC4429","S-1-5-19","5/26/2015 10:48:30 PM","a5747e9c-951f-4bdf-b472-49eca4db6e7b",,"c:\users\mac_1\desktop\winevt\logs\microsoft-windows-diagnosis-dps%4operational.evtx","System.UInt32[]","System.Diagnostics.Eventing.Reader.EventBookmark","Information","A diagnostic module detected a problem","Scenario Lifecycle","System.Collections.ObjectModel.ReadOnlyCollection`1[System.String]","System.Collections.Generic.List`1[System.Diagnostics.Eventing.Reader.EventProperty]"
"Diagnostic module {C8544339-5BE9-4F25-862E-485F1B1A6935} (%SystemRoot%\system32\diagperf.dll) finished troubleshooting scenario {86432A0B-3C7D-4DDF-A89C-172FAA90485D}, instance {01CDB442-6549-488D-A3D3-F8253F0220DB}, original activity ID {86432A0B-3C7D-4DDF-A89C-172FAA90485D}.  No resolution was set by the diagnostic module.","110","0",,"4","1","14","4611686052787126272","5479","Microsoft-Windows-Diagnosis-DPS","6bba3851-2c7e-4dea-8f54-31e5afd029e3","Microsoft-Windows-Diagnosis-DPS/Operational","1760","5028","rjaf-PC4429","S-1-5-19","5/26/2015 2:09:15 PM","01cdb442-6549-488d-a3d3-f8253f0220db",,"c:\users\mac_1\desktop\winevt\logs\microsoft-windows-diagnosis-dps%4operational.evtx","System.UInt32[]","System.Diagnostics.Eventing.Reader.EventBookmark","Information","A diagnostic module completed troubleshooting without setting a resolution","Scenario Lifecycle","System.Collections.ObjectModel.ReadOnlyCollection`1[System.String]","System.Collections.Generic.List`1[System.Diagnostics.Eventing.Reader.EventProperty]"
"Diagnostic module {15FBA3B8-A37A-4F91-BDBA-FBB98FE804BF} (%SystemRoot%\system32\diagperf.dll) finished troubleshooting scenario {2698178D-FDAD-40AE-9D3C-1371703ADC5B}, instance {EF175E90-03EF-4797-B531-6FFC00D4E4F8}, original activity ID {2698178D-FDAD-40AE-9D3C-1371703ADC5B}.  No resolution was set by the diagnostic module.","110","0",,"4","1","14","4611686052787126272","5478","Microsoft-Windows-Diagnosis-DPS","6bba3851-2c7e-4dea-8f54-31e5afd029e3","Microsoft-Windows-Diagnosis-DPS/Operational","1760","5028","rjaf-PC4429","S-1-5-19","5/26/2015 2:09:15 PM","ef175e90-03ef-4797-b531-6ffc00d4e4f8",,"c:\users\mac_1\desktop\winevt\logs\microsoft-windows-diagnosis-dps%4operational.evtx","System.UInt32[]","System.Diagnostics.Eventing.Reader.EventBookmark","Information","A diagnostic module completed troubleshooting without setting a resolution","Scenario Lifecycle","System.Collections.ObjectModel.ReadOnlyCollection`1[System.String]","System.Collections.Generic.List`1[System.Diagnostics.Eventing.Reader.EventProperty]"
"Diagnostic module {C8544339-5BE9-4F25-862E-485F1B1A6935} (%SystemRoot%\system32\diagperf.dll) started troubleshooting scenario {86432A0B-3C7D-4DDF-A89C-172FAA90485D}, instance {01CDB442-6549-488D-A3D3-F8253F0220DB}, original activity ID {86432A0B-3C7D-4DDF-A89C-172FAA90485D}.","105","0",,"4","1","13","4611686052787126272","5477","Microsoft-Windows-Diagnosis-DPS","6bba3851-2c7e-4dea-8f54-31e5afd029e3","Microsoft-Windows-Diagnosis-DPS/Operational","1760","1992","rjaf-PC4429","S-1-5-19","5/26/2015 2:09:14 PM","01cdb442-6549-488d-a3d3-f8253f0220db",,"c:\users\mac_1\desktop\winevt\logs\microsoft-windows-diagnosis-dps%4operational.evtx","System.UInt32[]","System.Diagnostics.Eventing.Reader.EventBookmark","Information","A scenario instance was dispatched for troubleshooting","Scenario Lifecycle","System.Collections.ObjectModel.ReadOnlyCollection`1[System.String]","System.Collections.Generic.List`1[System.Diagnostics.Eventing.Reader.EventProperty]"
"Diagnostic module {C8544339-5BE9-4F25-862E-485F1B1A6935} (%SystemRoot%\system32\diagperf.dll) detected a problem for scenario {86432A0B-3C7D-4DDF-A89C-172FAA90485D}, instance {01CDB442-6549-488D-A3D3-F8253F0220DB}, original activity ID {86432A0B-3C7D-4DDF-A89C-172FAA90485D}.","100","0",,"4","1","12","4611686052787126272","5476","Microsoft-Windows-Diagnosis-DPS","6bba3851-2c7e-4dea-8f54-31e5afd029e3","Microsoft-Windows-Diagnosis-DPS/Operational","1760","1992","rjaf-PC4429","S-1-5-19","5/26/2015 2:09:14 PM","01cdb442-6549-488d-a3d3-f8253f0220db",,"c:\users\mac_1\desktop\winevt\logs\microsoft-windows-diagnosis-dps%4operational.evtx","System.UInt32[]","System.Diagnostics.Eventing.Reader.EventBookmark","Information","A diagnostic module detected a problem","Scenario Lifecycle","System.Collections.ObjectModel.ReadOnlyCollection`1[System.String]","System.Collections.Generic.List`1[System.Diagnostics.Eventing.Reader.EventProperty]"
"Diagnostic module {15FBA3B8-A37A-4F91-BDBA-FBB98FE804BF} (%SystemRoot%\system32\diagperf.dll) started troubleshooting scenario {2698178D-FDAD-40AE-9D3C-1371703ADC5B}, instance {EF175E90-03EF-4797-B531-6FFC00D4E4F8}, original activity ID {2698178D-FDAD-40AE-9D3C-1371703ADC5B}.","105","0",,"4","1","13","4611686052787126272","5475","Microsoft-Windows-Diagnosis-DPS","6bba3851-2c7e-4dea-8f54-31e5afd029e3","Microsoft-Windows-Diagnosis-DPS/Operational","1760","2904","rjaf-PC4429","S-1-5-19","5/26/2015 2:07:42 PM","ef175e90-03ef-4797-b531-6ffc00d4e4f8",,"c:\users\mac_1\desktop\winevt\logs\microsoft-windows-diagnosis-dps%4operational.evtx","System.UInt32[]","System.Diagnostics.Eventing.Reader.EventBookmark","Information","A scenario instance was dispatched for troubleshooting","Scenario Lifecycle","System.Collections.ObjectModel.ReadOnlyCollection`1[System.String]","System.Collections.Generic.List`1[System.Diagnostics.Eventing.Reader.EventProperty]"
"Diagnostic module {15FBA3B8-A37A-4F91-BDBA-FBB98FE804BF} (%SystemRoot%\system32\diagperf.dll) detected a problem for scenario {2698178D-FDAD-40AE-9D3C-1371703ADC5B}, instance {EF175E90-03EF-4797-B531-6FFC00D4E4F8}, original activity ID {2698178D-FDAD-40AE-9D3C-1371703ADC5B}.","100","0",,"4","1","12","4611686052787126272","5474","Microsoft-Windows-Diagnosis-DPS","6bba3851-2c7e-4dea-8f54-31e5afd029e3","Microsoft-Windows-Diagnosis-DPS/Operational","1760","2904","rjaf-PC4429","S-1-5-19","5/26/2015 2:07:42 PM","ef175e90-03ef-4797-b531-6ffc00d4e4f8",,"c:\users\mac_1\desktop\winevt\logs\microsoft-windows-diagnosis-dps%4operational.evtx","System.UInt32[]","System.Diagnostics.Eventing.Reader.EventBookmark","Information","A diagnostic module detected a problem","Scenario Lifecycle","System.Collections.ObjectModel.ReadOnlyCollection`1[System.String]","System.Collections.Generic.List`1[System.Diagnostics.Eventing.Reader.EventProperty]"
"Diagnostic module {282396B2-6C46-4D66-B413-70B0445DF33C} (%SystemRoot%\system32\diagperf.dll) finished troubleshooting scenario {186F47EF-626C-4670-800A-4A30756BABAD}, instance {AF62EEE5-CE5A-4DEB-8580-AE4B72772FF7}, original activity ID {00000000-0000-0000-0000-000000000000}.  No resolution was set by the diagnostic module.","110","0",,"4","1","14","4611686052787126272","5473","Microsoft-Windows-Diagnosis-DPS","6bba3851-2c7e-4dea-8f54-31e5afd029e3","Microsoft-Windows-Diagnosis-DPS/Operational","1760","4704","rjaf-PC4429","S-1-5-19","5/26/2015 5:42:16 AM","af62eee5-ce5a-4deb-8580-ae4b72772ff7",,"c:\users\mac_1\desktop\winevt\logs\microsoft-windows-diagnosis-dps%4operational.evtx","System.UInt32[]","System.Diagnostics.Eventing.Reader.EventBookmark","Information","A diagnostic module completed troubleshooting without setting a resolution","Scenario Lifecycle","System.Collections.ObjectModel.ReadOnlyCollection`1[System.String]","System.Collections.Generic.List`1[System.Diagnostics.Eventing.Reader.EventProperty]"
"Diagnostic module {282396B2-6C46-4D66-B413-70B0445DF33C} (%SystemRoot%\system32\diagperf.dll) started troubleshooting scenario {186F47EF-626C-4670-800A-4A30756BABAD}, instance {AF62EEE5-CE5A-4DEB-8580-AE4B72772FF7}, original activity ID {00000000-0000-0000-0000-000000000000}.","105","0",,"4","1","13","4611686052787126272","5472","Microsoft-Windows-Diagnosis-DPS","6bba3851-2c7e-4dea-8f54-31e5afd029e3","Microsoft-Windows-Diagnosis-DPS/Operational","1760","4704","rjaf-PC4429","S-1-5-19","5/26/2015 5:42:16 AM","af62eee5-ce5a-4deb-8580-ae4b72772ff7",,"c:\users\mac_1\desktop\winevt\logs\microsoft-windows-diagnosis-dps%4operational.evtx","System.UInt32[]","System.Diagnostics.Eventing.Reader.EventBookmark","Information","A scenario instance was dispatched for troubleshooting","Scenario Lifecycle","System.Collections.ObjectModel.ReadOnlyCollection`1[System.String]","System.Collections.Generic.List`1[System.Diagnostics.Eventing.Reader.EventProperty]"
"Diagnostic module {282396B2-6C46-4D66-B413-70B0445DF33C} (%SystemRoot%\system32\diagperf.dll) detected a problem for scenario {186F47EF-626C-4670-800A-4A30756BABAD}, instance {AF62EEE5-CE5A-4DEB-8580-AE4B72772FF7}, original activity ID {00000000-0000-0000-0000-000000000000}.","100","0",,"4","1","12","4611686052787126272","5471","Microsoft-Windows-Diagnosis-DPS","6bba3851-2c7e-4dea-8f54-31e5afd029e3","Microsoft-Windows-Diagnosis-DPS/Operational","1760","4704","rjaf-PC4429","S-1-5-19","5/26/2015 5:42:16 AM","af62eee5-ce5a-4deb-8580-ae4b72772ff7",,"c:\users\mac_1\desktop\winevt\logs\microsoft-windows-diagnosis-dps%4operational.evtx","System.UInt32[]","System.Diagnostics.Eventing.Reader.EventBookmark","Information","A diagnostic module detected a problem","Scenario Lifecycle","System.Collections.ObjectModel.ReadOnlyCollection`1[System.String]","System.Collections.Generic.List`1[System.Diagnostics.Eventing.Reader.EventProperty]"
"Diagnostic module {282396B2-6C46-4D66-B413-70B0445DF33C} (%SystemRoot%\system32\diagperf.dll) finished troubleshooting scenario {186F47EF-626C-4670-800A-4A30756BABAD}, instance {C2093B49-AF5D-480B-BDC5-5D1BC63D0D05}, original activity ID {00000000-0000-0000-0000-000000000000}.  No resolution was set by the diagnostic module.","110","0",,"4","1","14","4611686052787126272","5470","Microsoft-Windows-Diagnosis-DPS","6bba3851-2c7e-4dea-8f54-31e5afd029e3","Microsoft-Windows-Diagnosis-DPS/Operational","1760","6028","rjaf-PC4429","S-1-5-19","5/26/2015 2:46:48 AM","c2093b49-af5d-480b-bdc5-5d1bc63d0d05",,"c:\users\mac_1\desktop\winevt\logs\microsoft-windows-diagnosis-dps%4operational.evtx","System.UInt32[]","System.Diagnostics.Eventing.Reader.EventBookmark","Information","A diagnostic module completed troubleshooting without setting a resolution","Scenario Lifecycle","System.Collections.ObjectModel.ReadOnlyCollection`1[System.String]","System.Collections.Generic.List`1[System.Diagnostics.Eventing.Reader.EventProperty]"
"Diagnostic module {282396B2-6C46-4D66-B413-70B0445DF33C} (%SystemRoot%\system32\diagperf.dll) started troubleshooting scenario {186F47EF-626C-4670-800A-4A30756BABAD}, instance {C2093B49-AF5D-480B-BDC5-5D1BC63D0D05}, original activity ID {00000000-0000-0000-0000-000000000000}.","105","0",,"4","1","13","4611686052787126272","5469","Microsoft-Windows-Diagnosis-DPS","6bba3851-2c7e-4dea-8f54-31e5afd029e3","Microsoft-Windows-Diagnosis-DPS/Operational","1760","6028","rjaf-PC4429","S-1-5-19","5/26/2015 2:46:48 AM","c2093b49-af5d-480b-bdc5-5d1bc63d0d05",,"c:\users\mac_1\desktop\winevt\logs\microsoft-windows-diagnosis-dps%4operational.evtx","System.UInt32[]","System.Diagnostics.Eventing.Reader.EventBookmark","Information","A scenario instance was dispatched for troubleshooting","Scenario Lifecycle","System.Collections.ObjectModel.ReadOnlyCollection`1[System.String]","System.Collections.Generic.List`1[System.Diagnostics.Eventing.Reader.EventProperty]"
"Diagnostic module {282396B2-6C46-4D66-B413-70B0445DF33C} (%SystemRoot%\system32\diagperf.dll) detected a problem for scenario {186F47EF-626C-4670-800A-4A30756BABAD}, instance {C2093B49-AF5D-480B-BDC5-5D1BC63D0D05}, original activity ID {00000000-0000-0000-0000-000000000000}.","100","0",,"4","1","12","4611686052787126272","5468","Microsoft-Windows-Diagnosis-DPS","6bba3851-2c7e-4dea-8f54-31e5afd029e3","Microsoft-Windows-Diagnosis-DPS/Operational","1760","6028","rjaf-PC4429","S-1-5-19","5/26/2015 2:46:48 AM","c2093b49-af5d-480b-bdc5-5d1bc63d0d05",,"c:\users\mac_1\desktop\winevt\logs\microsoft-windows-diagnosis-dps%4operational.evtx","System.UInt32[]","System.Diagnostics.Eventing.Reader.EventBookmark","Information","A diagnostic module detected a problem","Scenario Lifecycle","System.Collections.ObjectModel.ReadOnlyCollection`1[System.String]","System.Collections.Generic.List`1[System.Diagnostics.Eventing.Reader.EventProperty]"
"Diagnostic module {C8544339-5BE9-4F25-862E-485F1B1A6935} (%SystemRoot%\system32\diagperf.dll) finished troubleshooting scenario {86432A0B-3C7D-4DDF-A89C-172FAA90485D}, instance {27FCD92A-0133-4BAD-9CCA-B378422FBA4C}, original activity ID {86432A0B-3C7D-4DDF-A89C-172FAA90485D}.  No resolution was set by the diagnostic module.","110","0",,"4","1","14","4611686052787126272","5467","Microsoft-Windows-Diagnosis-DPS","6bba3851-2c7e-4dea-8f54-31e5afd029e3","Microsoft-Windows-Diagnosis-DPS/Operational","1760","3608","rjaf-PC4429","S-1-5-19","5/26/2015 12:45:46 AM","27fcd92a-0133-4bad-9cca-b378422fba4c",,"c:\users\mac_1\desktop\winevt\logs\microsoft-windows-diagnosis-dps%4operational.evtx","System.UInt32[]","System.Diagnostics.Eventing.Reader.EventBookmark","Information","A diagnostic module completed troubleshooting without setting a resolution","Scenario Lifecycle","System.Collections.ObjectModel.ReadOnlyCollection`1[System.String]","System.Collections.Generic.List`1[System.Diagnostics.Eventing.Reader.EventProperty]"
"Diagnostic module {C8544339-5BE9-4F25-862E-485F1B1A6935} (%SystemRoot%\system32\diagperf.dll) started troubleshooting scenario {86432A0B-3C7D-4DDF-A89C-172FAA90485D}, instance {27FCD92A-0133-4BAD-9CCA-B378422FBA4C}, original activity ID {86432A0B-3C7D-4DDF-A89C-172FAA90485D}.","105","0",,"4","1","13","4611686052787126272","5466","Microsoft-Windows-Diagnosis-DPS","6bba3851-2c7e-4dea-8f54-31e5afd029e3","Microsoft-Windows-Diagnosis-DPS/Operational","1760","3608","rjaf-PC4429","S-1-5-19","5/26/2015 12:45:44 AM","27fcd92a-0133-4bad-9cca-b378422fba4c",,"c:\users\mac_1\desktop\winevt\logs\microsoft-windows-diagnosis-dps%4operational.evtx","System.UInt32[]","System.Diagnostics.Eventing.Reader.EventBookmark","Information","A scenario instance was dispatched for troubleshooting","Scenario Lifecycle","System.Collections.ObjectModel.ReadOnlyCollection`1[System.String]","System.Collections.Generic.List`1[System.Diagnostics.Eventing.Reader.EventProperty]"
"Diagnostic module {C8544339-5BE9-4F25-862E-485F1B1A6935} (%SystemRoot%\system32\diagperf.dll) detected a problem for scenario {86432A0B-3C7D-4DDF-A89C-172FAA90485D}, instance {27FCD92A-0133-4BAD-9CCA-B378422FBA4C}, original activity ID {86432A0B-3C7D-4DDF-A89C-172FAA90485D}.","100","0",,"4","1","12","4611686052787126272","5465","Microsoft-Windows-Diagnosis-DPS","6bba3851-2c7e-4dea-8f54-31e5afd029e3","Microsoft-Windows-Diagnosis-DPS/Operational","1760","3608","rjaf-PC4429","S-1-5-19","5/26/2015 12:45:44 AM","27fcd92a-0133-4bad-9cca-b378422fba4c",,"c:\users\mac_1\desktop\winevt\logs\microsoft-windows-diagnosis-dps%4operational.evtx","System.UInt32[]","System.Diagnostics.Eventing.Reader.EventBookmark","Information","A diagnostic module detected a problem","Scenario Lifecycle","System.Collections.ObjectModel.ReadOnlyCollection`1[System.String]","System.Collections.Generic.List`1[System.Diagnostics.Eventing.Reader.EventProperty]"
"Diagnostic module {15FBA3B8-A37A-4F91-BDBA-FBB98FE804BF} (%SystemRoot%\system32\diagperf.dll) started troubleshooting scenario {2698178D-FDAD-40AE-9D3C-1371703ADC5B}, instance {0446F0DF-B711-4E0F-8473-4BC997FAF13D}, original activity ID {2698178D-FDAD-40AE-9D3C-1371703ADC5B}.","105","0",,"4","1","13","4611686052787126272","5464","Microsoft-Windows-Diagnosis-DPS","6bba3851-2c7e-4dea-8f54-31e5afd029e3","Microsoft-Windows-Diagnosis-DPS/Operational","1760","3608","rjaf-PC4429","S-1-5-19","5/26/2015 12:44:12 AM","0446f0df-b711-4e0f-8473-4bc997faf13d",,"c:\users\mac_1\desktop\winevt\logs\microsoft-windows-diagnosis-dps%4operational.evtx","System.UInt32[]","System.Diagnostics.Eventing.Reader.EventBookmark","Information","A scenario instance was dispatched for troubleshooting","Scenario Lifecycle","System.Collections.ObjectModel.ReadOnlyCollection`1[System.String]","System.Collections.Generic.List`1[System.Diagnostics.Eventing.Reader.EventProperty]"
"Diagnostic module {15FBA3B8-A37A-4F91-BDBA-FBB98FE804BF} (%SystemRoot%\system32\diagperf.dll) detected a problem for scenario {2698178D-FDAD-40AE-9D3C-1371703ADC5B}, instance {0446F0DF-B711-4E0F-8473-4BC997FAF13D}, original activity ID {2698178D-FDAD-40AE-9D3C-1371703ADC5B}.","100","0",,"4","1","12","4611686052787126272","5463","Microsoft-Windows-Diagnosis-DPS","6bba3851-2c7e-4dea-8f54-31e5afd029e3","Microsoft-Windows-Diagnosis-DPS/Operational","1760","3608","rjaf-PC4429","S-1-5-19","5/26/2015 12:44:12 AM","0446f0df-b711-4e0f-8473-4bc997faf13d",,"c:\users\mac_1\desktop\winevt\logs\microsoft-windows-diagnosis-dps%4operational.evtx","System.UInt32[]","System.Diagnostics.Eventing.Reader.EventBookmark","Information","A diagnostic module detected a problem","Scenario Lifecycle","System.Collections.ObjectModel.ReadOnlyCollection`1[System.String]","System.Collections.Generic.List`1[System.Diagnostics.Eventing.Reader.EventProperty]"
"Diagnostic module {C8544339-5BE9-4F25-862E-485F1B1A6935} (%SystemRoot%\system32\diagperf.dll) finished troubleshooting scenario {86432A0B-3C7D-4DDF-A89C-172FAA90485D}, instance {6FCB0002-27A5-44E2-8BA5-7C50010B2E69}, original activity ID {86432A0B-3C7D-4DDF-A89C-172FAA90485D}.  No resolution was set by the diagnostic module.","110","0",,"4","1","14","4611686052787126272","5462","Microsoft-Windows-Diagnosis-DPS","6bba3851-2c7e-4dea-8f54-31e5afd029e3","Microsoft-Windows-Diagnosis-DPS/Operational","1604","5008","rjaf-PC4429","S-1-5-19","5/24/2015 11:44:00 PM","6fcb0002-27a5-44e2-8ba5-7c50010b2e69",,"c:\users\mac_1\desktop\winevt\logs\microsoft-windows-diagnosis-dps%4operational.evtx","System.UInt32[]","System.Diagnostics.Eventing.Reader.EventBookmark","Information","A diagnostic module completed troubleshooting without setting a resolution","Scenario Lifecycle","System.Collections.ObjectModel.ReadOnlyCollection`1[System.String]","System.Collections.Generic.List`1[System.Diagnostics.Eventing.Reader.EventProperty]"
"Diagnostic module {C8544339-5BE9-4F25-862E-485F1B1A6935} (%SystemRoot%\system32\diagperf.dll) started troubleshooting scenario {86432A0B-3C7D-4DDF-A89C-172FAA90485D}, instance {6FCB0002-27A5-44E2-8BA5-7C50010B2E69}, original activity ID {86432A0B-3C7D-4DDF-A89C-172FAA90485D}.","105","0",,"4","1","13","4611686052787126272","5461","Microsoft-Windows-Diagnosis-DPS","6bba3851-2c7e-4dea-8f54-31e5afd029e3","Microsoft-Windows-Diagnosis-DPS/Operational","1604","5008","rjaf-PC4429","S-1-5-19","5/24/2015 11:43:59 PM","6fcb0002-27a5-44e2-8ba5-7c50010b2e69",,"c:\users\mac_1\desktop\winevt\logs\microsoft-windows-diagnosis-dps%4operational.evtx","System.UInt32[]","System.Diagnostics.Eventing.Reader.EventBookmark","Information","A scenario instance was dispatched for troubleshooting","Scenario Lifecycle","System.Collections.ObjectModel.ReadOnlyCollection`1[System.String]","System.Collections.Generic.List`1[System.Diagnostics.Eventing.Reader.EventProperty]"
"Diagnostic module {C8544339-5BE9-4F25-862E-485F1B1A6935} (%SystemRoot%\system32\diagperf.dll) detected a problem for scenario {86432A0B-3C7D-4DDF-A89C-172FAA90485D}, instance {6FCB0002-27A5-44E2-8BA5-7C50010B2E69}, original activity ID {86432A0B-3C7D-4DDF-A89C-172FAA90485D}.","100","0",,"4","1","12","4611686052787126272","5460","Microsoft-Windows-Diagnosis-DPS","6bba3851-2c7e-4dea-8f54-31e5afd029e3","Microsoft-Windows-Diagnosis-DPS/Operational","1604","5008","rjaf-PC4429","S-1-5-19","5/24/2015 11:43:59 PM","6fcb0002-27a5-44e2-8ba5-7c50010b2e69",,"c:\users\mac_1\desktop\winevt\logs\microsoft-windows-diagnosis-dps%4operational.evtx","System.UInt32[]","System.Diagnostics.Eventing.Reader.EventBookmark","Information","A diagnostic module detected a problem","Scenario Lifecycle","System.Collections.ObjectModel.ReadOnlyCollection`1[System.String]","System.Collections.Generic.List`1[System.Diagnostics.Eventing.Reader.EventProperty]"
"Diagnostic module {15FBA3B8-A37A-4F91-BDBA-FBB98FE804BF} (%SystemRoot%\system32\diagperf.dll) started troubleshooting scenario {2698178D-FDAD-40AE-9D3C-1371703ADC5B}, instance {E2939173-C684-4F42-8590-C36D4DD4E790}, original activity ID {2698178D-FDAD-40AE-9D3C-1371703ADC5B}.","105","0",,"4","1","13","4611686052787126272","5459","Microsoft-Windows-Diagnosis-DPS","6bba3851-2c7e-4dea-8f54-31e5afd029e3","Microsoft-Windows-Diagnosis-DPS/Operational","1604","3532","rjaf-PC4429","S-1-5-19","5/24/2015 11:42:28 PM","e2939173-c684-4f42-8590-c36d4dd4e790",,"c:\users\mac_1\desktop\winevt\logs\microsoft-windows-diagnosis-dps%4operational.evtx","System.UInt32[]","System.Diagnostics.Eventing.Reader.EventBookmark","Information","A scenario instance was dispatched for troubleshooting","Scenario Lifecycle","System.Collections.ObjectModel.ReadOnlyCollection`1[System.String]","System.Collections.Generic.List`1[System.Diagnostics.Eventing.Reader.EventProperty]"
"Diagnostic module {15FBA3B8-A37A-4F91-BDBA-FBB98FE804BF} (%SystemRoot%\system32\diagperf.dll) detected a problem for scenario {2698178D-FDAD-40AE-9D3C-1371703ADC5B}, instance {E2939173-C684-4F42-8590-C36D4DD4E790}, original activity ID {2698178D-FDAD-40AE-9D3C-1371703ADC5B}.","100","0",,"4","1","12","4611686052787126272","5458","Microsoft-Windows-Diagnosis-DPS","6bba3851-2c7e-4dea-8f54-31e5afd029e3","Microsoft-Windows-Diagnosis-DPS/Operational","1604","3532","rjaf-PC4429","S-1-5-19","5/24/2015 11:42:28 PM","e2939173-c684-4f42-8590-c36d4dd4e790",,"c:\users\mac_1\desktop\winevt\logs\microsoft-windows-diagnosis-dps%4operational.evtx","System.UInt32[]","System.Diagnostics.Eventing.Reader.EventBookmark","Information","A diagnostic module detected a problem","Scenario Lifecycle","System.Collections.ObjectModel.ReadOnlyCollection`1[System.String]","System.Collections.Generic.List`1[System.Diagnostics.Eventing.Reader.EventProperty]"
"Diagnostic module {282396B2-6C46-4D66-B413-70B0445DF33C} (%SystemRoot%\system32\diagperf.dll) finished troubleshooting scenario {186F47EF-626C-4670-800A-4A30756BABAD}, instance {546C7FC5-35A5-4CD7-B1B9-69721F19A5D8}, original activity ID {00000000-0000-0000-0000-000000000000}.  No resolution was set by the diagnostic module.","110","0",,"4","1","14","4611686052787126272","5457","Microsoft-Windows-Diagnosis-DPS","6bba3851-2c7e-4dea-8f54-31e5afd029e3","Microsoft-Windows-Diagnosis-DPS/Operational","1808","2844","rjaf-PC4429","S-1-5-19","5/24/2015 11:44:24 AM","546c7fc5-35a5-4cd7-b1b9-69721f19a5d8",,"c:\users\mac_1\desktop\winevt\logs\microsoft-windows-diagnosis-dps%4operational.evtx","System.UInt32[]","System.Diagnostics.Eventing.Reader.EventBookmark","Information","A diagnostic module completed troubleshooting without setting a resolution","Scenario Lifecycle","System.Collections.ObjectModel.ReadOnlyCollection`1[System.String]","System.Collections.Generic.List`1[System.Diagnostics.Eventing.Reader.EventProperty]"
"Diagnostic module {282396B2-6C46-4D66-B413-70B0445DF33C} (%SystemRoot%\system32\diagperf.dll) started troubleshooting scenario {186F47EF-626C-4670-800A-4A30756BABAD}, instance {546C7FC5-35A5-4CD7-B1B9-69721F19A5D8}, original activity ID {00000000-0000-0000-0000-000000000000}.","105","0",,"4","1","13","4611686052787126272","5456","Microsoft-Windows-Diagnosis-DPS","6bba3851-2c7e-4dea-8f54-31e5afd029e3","Microsoft-Windows-Diagnosis-DPS/Operational","1808","2844","rjaf-PC4429","S-1-5-19","5/24/2015 11:44:24 AM","546c7fc5-35a5-4cd7-b1b9-69721f19a5d8",,"c:\users\mac_1\desktop\winevt\logs\microsoft-windows-diagnosis-dps%4operational.evtx","System.UInt32[]","System.Diagnostics.Eventing.Reader.EventBookmark","Information","A scenario instance was dispatched for troubleshooting","Scenario Lifecycle","System.Collections.ObjectModel.ReadOnlyCollection`1[System.String]","System.Collections.Generic.List`1[System.Diagnostics.Eventing.Reader.EventProperty]"
"Diagnostic module {282396B2-6C46-4D66-B413-70B0445DF33C} (%SystemRoot%\system32\diagperf.dll) detected a problem for scenario {186F47EF-626C-4670-800A-4A30756BABAD}, instance {546C7FC5-35A5-4CD7-B1B9-69721F19A5D8}, original activity ID {00000000-0000-0000-0000-000000000000}.","100","0",,"4","1","12","4611686052787126272","5455","Microsoft-Windows-Diagnosis-DPS","6bba3851-2c7e-4dea-8f54-31e5afd029e3","Microsoft-Windows-Diagnosis-DPS/Operational","1808","2844","rjaf-PC4429","S-1-5-19","5/24/2015 11:44:24 AM","546c7fc5-35a5-4cd7-b1b9-69721f19a5d8",,"c:\users\mac_1\desktop\winevt\logs\microsoft-windows-diagnosis-dps%4operational.evtx","System.UInt32[]","System.Diagnostics.Eventing.Reader.EventBookmark","Information","A diagnostic module detected a problem","Scenario Lifecycle","System.Collections.ObjectModel.ReadOnlyCollection`1[System.String]","System.Collections.Generic.List`1[System.Diagnostics.Eventing.Reader.EventProperty]"
"Diagnostic module {282396B2-6C46-4D66-B413-70B0445DF33C} (%SystemRoot%\system32\diagperf.dll) finished troubleshooting scenario {186F47EF-626C-4670-800A-4A30756BABAD}, instance {80B06A80-D5A4-449E-952A-81458A91EB00}, original activity ID {00000000-0000-0000-0000-000000000000}.  No resolution was set by the diagnostic module.","110","0",,"4","1","14","4611686052787126272","5454","Microsoft-Windows-Diagnosis-DPS","6bba3851-2c7e-4dea-8f54-31e5afd029e3","Microsoft-Windows-Diagnosis-DPS/Operational","1808","1708","rjaf-PC4429","S-1-5-19","5/24/2015 12:12:38 AM","80b06a80-d5a4-449e-952a-81458a91eb00",,"c:\users\mac_1\desktop\winevt\logs\microsoft-windows-diagnosis-dps%4operational.evtx","System.UInt32[]","System.Diagnostics.Eventing.Reader.EventBookmark","Information","A diagnostic module completed troubleshooting without setting a resolution","Scenario Lifecycle","System.Collections.ObjectModel.ReadOnlyCollection`1[System.String]","System.Collections.Generic.List`1[System.Diagnostics.Eventing.Reader.EventProperty]"
"Diagnostic module {282396B2-6C46-4D66-B413-70B0445DF33C} (%SystemRoot%\system32\diagperf.dll) started troubleshooting scenario {186F47EF-626C-4670-800A-4A30756BABAD}, instance {80B06A80-D5A4-449E-952A-81458A91EB00}, original activity ID {00000000-0000-0000-0000-000000000000}.","105","0",,"4","1","13","4611686052787126272","5453","Microsoft-Windows-Diagnosis-DPS","6bba3851-2c7e-4dea-8f54-31e5afd029e3","Microsoft-Windows-Diagnosis-DPS/Operational","1808","1708","rjaf-PC4429","S-1-5-19","5/24/2015 12:12:38 AM","80b06a80-d5a4-449e-952a-81458a91eb00",,"c:\users\mac_1\desktop\winevt\logs\microsoft-windows-diagnosis-dps%4operational.evtx","System.UInt32[]","System.Diagnostics.Eventing.Reader.EventBookmark","Information","A scenario instance was dispatched for troubleshooting","Scenario Lifecycle","System.Collections.ObjectModel.ReadOnlyCollection`1[System.String]","System.Collections.Generic.List`1[System.Diagnostics.Eventing.Reader.EventProperty]"
