"The scripted diagnostic engine completed running the resolution {000000000-0000-0000-0000-000000000006}/A3344881-8C07-4BA0-8965-5F29CDE56820:-1026201300/{000000000-0000-0000-0000-000000000001} in the diagnostic package NetworkDiagnostics.","106","0",,"4","0","0","4611686052787126272","615","Microsoft-Windows-Diagnosis-Scripted","e1dd7e52-621d-44e3-a1ad-0370c2b25946","Microsoft-Windows-Diagnosis-Scripted/Operational","5808","5788","rjaf-PC4429","S-1-5-21-1634558665-2257203147-3060767804-1000","5/8/2014 2:17:04 AM",,,"c:\users\mac_1\desktop\winevt\logs\microsoft-windows-diagnosis-scripted%4operational.evtx","System.UInt32[]","System.Diagnostics.Eventing.Reader.EventBookmark","Information","Info",,"System.Collections.ObjectModel.ReadOnlyCollection`1[System.String]","System.Collections.Generic.List`1[System.Diagnostics.Eventing.Reader.EventProperty]"
"The scripted diagnostic engine started running the resolution {000000000-0000-0000-0000-000000000006}/A3344881-8C07-4BA0-8965-5F29CDE56820:-1026201300/{000000000-0000-0000-0000-000000000001} in the diagnostic package NetworkDiagnostics.","105","0",,"4","0","0","4611686052787126272","614","Microsoft-Windows-Diagnosis-Scripted","e1dd7e52-621d-44e3-a1ad-0370c2b25946","Microsoft-Windows-Diagnosis-Scripted/Operational","5808","5788","rjaf-PC4429","S-1-5-21-1634558665-2257203147-3060767804-1000","5/8/2014 2:07:27 AM",,,"c:\users\mac_1\desktop\winevt\logs\microsoft-windows-diagnosis-scripted%4operational.evtx","System.UInt32[]","System.Diagnostics.Eventing.Reader.EventBookmark","Information","Info",,"System.Collections.ObjectModel.ReadOnlyCollection`1[System.String]","System.Collections.Generic.List`1[System.Diagnostics.Eventing.Reader.EventProperty]"
"The scripted diagnostic engine completed diagnosing the diagnostic package NetworkDiagnostics.","104","0",,"4","0","0","4611686052787126272","613","Microsoft-Windows-Diagnosis-Scripted","e1dd7e52-621d-44e3-a1ad-0370c2b25946","Microsoft-Windows-Diagnosis-Scripted/Operational","5808","5788","rjaf-PC4429","S-1-5-21-1634558665-2257203147-3060767804-1000","5/8/2014 2:07:27 AM",,,"c:\users\mac_1\desktop\winevt\logs\microsoft-windows-diagnosis-scripted%4operational.evtx","System.UInt32[]","System.Diagnostics.Eventing.Reader.EventBookmark","Information","Info",,"System.Collections.ObjectModel.ReadOnlyCollection`1[System.String]","System.Collections.Generic.List`1[System.Diagnostics.Eventing.Reader.EventProperty]"
"Rootcause {000000000-0000-0000-0000-000000000006}/A3344881-8C07-4BA0-8965-5F29CDE56820:-1026201300 was detected in package NetworkDiagnostics.","401","0",,"4","0","0","4611686052787126272","612","Microsoft-Windows-Diagnosis-Scripted","e1dd7e52-621d-44e3-a1ad-0370c2b25946","Microsoft-Windows-Diagnosis-Scripted/Operational","5808","5788","rjaf-PC4429","S-1-5-21-1634558665-2257203147-3060767804-1000","5/8/2014 2:07:27 AM",,,"c:\users\mac_1\desktop\winevt\logs\microsoft-windows-diagnosis-scripted%4operational.evtx","System.UInt32[]","System.Diagnostics.Eventing.Reader.EventBookmark","Information","Info",,"System.Collections.ObjectModel.ReadOnlyCollection`1[System.String]","System.Collections.Generic.List`1[System.Diagnostics.Eventing.Reader.EventProperty]"
"The scripted diagnostic engine started diagnosing the diagnostic package NetworkDiagnostics.","103","0",,"4","0","0","4611686052787126272","611","Microsoft-Windows-Diagnosis-Scripted","e1dd7e52-621d-44e3-a1ad-0370c2b25946","Microsoft-Windows-Diagnosis-Scripted/Operational","5808","5788","rjaf-PC4429","S-1-5-21-1634558665-2257203147-3060767804-1000","5/8/2014 2:06:02 AM",,,"c:\users\mac_1\desktop\winevt\logs\microsoft-windows-diagnosis-scripted%4operational.evtx","System.UInt32[]","System.Diagnostics.Eventing.Reader.EventBookmark","Information","Info",,"System.Collections.ObjectModel.ReadOnlyCollection`1[System.String]","System.Collections.Generic.List`1[System.Diagnostics.Eventing.Reader.EventProperty]"
"The scripted diagnostic engine completed initializing a diagnostic package located at C:\Windows\diagnostics\system\networking.","102","0",,"4","0","0","4611686052787126272","610","Microsoft-Windows-Diagnosis-Scripted","e1dd7e52-621d-44e3-a1ad-0370c2b25946","Microsoft-Windows-Diagnosis-Scripted/Operational","5808","4316","rjaf-PC4429","S-1-5-21-1634558665-2257203147-3060767804-1000","5/8/2014 2:06:02 AM",,,"c:\users\mac_1\desktop\winevt\logs\microsoft-windows-diagnosis-scripted%4operational.evtx","System.UInt32[]","System.Diagnostics.Eventing.Reader.EventBookmark","Information","Info",,"System.Collections.ObjectModel.ReadOnlyCollection`1[System.String]","System.Collections.Generic.List`1[System.Diagnostics.Eventing.Reader.EventProperty]"
"The scripted diagnostic engine started initializing a diagnostic package located at C:\Windows\diagnostics\system\networking.","101","0",,"4","0","0","4611686052787126272","609","Microsoft-Windows-Diagnosis-Scripted","e1dd7e52-621d-44e3-a1ad-0370c2b25946","Microsoft-Windows-Diagnosis-Scripted/Operational","5808","4316","rjaf-PC4429","S-1-5-21-1634558665-2257203147-3060767804-1000","5/8/2014 2:06:01 AM",,,"c:\users\mac_1\desktop\winevt\logs\microsoft-windows-diagnosis-scripted%4operational.evtx","System.UInt32[]","System.Diagnostics.Eventing.Reader.EventBookmark","Information","Info",,"System.Collections.ObjectModel.ReadOnlyCollection`1[System.String]","System.Collections.Generic.List`1[System.Diagnostics.Eventing.Reader.EventProperty]"
"The scripted diagnostic engine has encountered an error 0x803C0100.","201","0",,"2","0","0","4611686052787126272","608","Microsoft-Windows-Diagnosis-Scripted","e1dd7e52-621d-44e3-a1ad-0370c2b25946","Microsoft-Windows-Diagnosis-Scripted/Operational","124","3940","rjaf-PC4429","S-1-5-21-1634558665-2257203147-3060767804-1000","5/8/2014 12:54:00 AM",,,"c:\users\mac_1\desktop\winevt\logs\microsoft-windows-diagnosis-scripted%4operational.evtx","System.UInt32[]","System.Diagnostics.Eventing.Reader.EventBookmark","Error","Info",,"System.Collections.ObjectModel.ReadOnlyCollection`1[System.String]","System.Collections.Generic.List`1[System.Diagnostics.Eventing.Reader.EventProperty]"
"The scripted diagnostic engine started running the resolution {000000000-0000-0000-0000-000000000006}/A3344881-8C07-4BA0-8965-5F29CDE56820:-1026201300/{000000000-0000-0000-0000-000000000001} in the diagnostic package NetworkDiagnostics.","105","0",,"4","0","0","4611686052787126272","607","Microsoft-Windows-Diagnosis-Scripted","e1dd7e52-621d-44e3-a1ad-0370c2b25946","Microsoft-Windows-Diagnosis-Scripted/Operational","124","3940","rjaf-PC4429","S-1-5-21-1634558665-2257203147-3060767804-1000","5/8/2014 12:32:24 AM",,,"c:\users\mac_1\desktop\winevt\logs\microsoft-windows-diagnosis-scripted%4operational.evtx","System.UInt32[]","System.Diagnostics.Eventing.Reader.EventBookmark","Information","Info",,"System.Collections.ObjectModel.ReadOnlyCollection`1[System.String]","System.Collections.Generic.List`1[System.Diagnostics.Eventing.Reader.EventProperty]"
"The scripted diagnostic engine completed diagnosing the diagnostic package NetworkDiagnostics.","104","0",,"4","0","0","4611686052787126272","606","Microsoft-Windows-Diagnosis-Scripted","e1dd7e52-621d-44e3-a1ad-0370c2b25946","Microsoft-Windows-Diagnosis-Scripted/Operational","124","3940","rjaf-PC4429","S-1-5-21-1634558665-2257203147-3060767804-1000","5/8/2014 12:32:24 AM",,,"c:\users\mac_1\desktop\winevt\logs\microsoft-windows-diagnosis-scripted%4operational.evtx","System.UInt32[]","System.Diagnostics.Eventing.Reader.EventBookmark","Information","Info",,"System.Collections.ObjectModel.ReadOnlyCollection`1[System.String]","System.Collections.Generic.List`1[System.Diagnostics.Eventing.Reader.EventProperty]"
"Rootcause {000000000-0000-0000-0000-000000000006}/A3344881-8C07-4BA0-8965-5F29CDE56820:-1026201300 was detected in package NetworkDiagnostics.","401","0",,"4","0","0","4611686052787126272","605","Microsoft-Windows-Diagnosis-Scripted","e1dd7e52-621d-44e3-a1ad-0370c2b25946","Microsoft-Windows-Diagnosis-Scripted/Operational","124","3940","rjaf-PC4429","S-1-5-21-1634558665-2257203147-3060767804-1000","5/8/2014 12:32:24 AM",,,"c:\users\mac_1\desktop\winevt\logs\microsoft-windows-diagnosis-scripted%4operational.evtx","System.UInt32[]","System.Diagnostics.Eventing.Reader.EventBookmark","Information","Info",,"System.Collections.ObjectModel.ReadOnlyCollection`1[System.String]","System.Collections.Generic.List`1[System.Diagnostics.Eventing.Reader.EventProperty]"
"The scripted diagnostic engine started diagnosing the diagnostic package NetworkDiagnostics.","103","0",,"4","0","0","4611686052787126272","604","Microsoft-Windows-Diagnosis-Scripted","e1dd7e52-621d-44e3-a1ad-0370c2b25946","Microsoft-Windows-Diagnosis-Scripted/Operational","124","3940","rjaf-PC4429","S-1-5-21-1634558665-2257203147-3060767804-1000","5/8/2014 12:31:02 AM",,,"c:\users\mac_1\desktop\winevt\logs\microsoft-windows-diagnosis-scripted%4operational.evtx","System.UInt32[]","System.Diagnostics.Eventing.Reader.EventBookmark","Information","Info",,"System.Collections.ObjectModel.ReadOnlyCollection`1[System.String]","System.Collections.Generic.List`1[System.Diagnostics.Eventing.Reader.EventProperty]"
"The scripted diagnostic engine completed initializing a diagnostic package located at C:\Windows\diagnostics\system\networking.","102","0",,"4","0","0","4611686052787126272","603","Microsoft-Windows-Diagnosis-Scripted","e1dd7e52-621d-44e3-a1ad-0370c2b25946","Microsoft-Windows-Diagnosis-Scripted/Operational","124","3360","rjaf-PC4429","S-1-5-21-1634558665-2257203147-3060767804-1000","5/8/2014 12:31:02 AM",,,"c:\users\mac_1\desktop\winevt\logs\microsoft-windows-diagnosis-scripted%4operational.evtx","System.UInt32[]","System.Diagnostics.Eventing.Reader.EventBookmark","Information","Info",,"System.Collections.ObjectModel.ReadOnlyCollection`1[System.String]","System.Collections.Generic.List`1[System.Diagnostics.Eventing.Reader.EventProperty]"
"The scripted diagnostic engine started initializing a diagnostic package located at C:\Windows\diagnostics\system\networking.","101","0",,"4","0","0","4611686052787126272","602","Microsoft-Windows-Diagnosis-Scripted","e1dd7e52-621d-44e3-a1ad-0370c2b25946","Microsoft-Windows-Diagnosis-Scripted/Operational","124","3360","rjaf-PC4429","S-1-5-21-1634558665-2257203147-3060767804-1000","5/8/2014 12:31:01 AM",,,"c:\users\mac_1\desktop\winevt\logs\microsoft-windows-diagnosis-scripted%4operational.evtx","System.UInt32[]","System.Diagnostics.Eventing.Reader.EventBookmark","Information","Info",,"System.Collections.ObjectModel.ReadOnlyCollection`1[System.String]","System.Collections.Generic.List`1[System.Diagnostics.Eventing.Reader.EventProperty]"
"The scripted diagnostic engine has encountered an error 0x803C0100.","201","0",,"2","0","0","4611686052787126272","601","Microsoft-Windows-Diagnosis-Scripted","e1dd7e52-621d-44e3-a1ad-0370c2b25946","Microsoft-Windows-Diagnosis-Scripted/Operational","4660","1636","rjaf-PC4429","S-1-5-21-1634558665-2257203147-3060767804-1000","5/8/2014 12:18:10 AM",,,"c:\users\mac_1\desktop\winevt\logs\microsoft-windows-diagnosis-scripted%4operational.evtx","System.UInt32[]","System.Diagnostics.Eventing.Reader.EventBookmark","Error","Info",,"System.Collections.ObjectModel.ReadOnlyCollection`1[System.String]","System.Collections.Generic.List`1[System.Diagnostics.Eventing.Reader.EventProperty]"
"The scripted diagnostic engine started diagnosing the diagnostic package NetworkDiagnostics.","103","0",,"4","0","0","4611686052787126272","600","Microsoft-Windows-Diagnosis-Scripted","e1dd7e52-621d-44e3-a1ad-0370c2b25946","Microsoft-Windows-Diagnosis-Scripted/Operational","4660","1636","rjaf-PC4429","S-1-5-21-1634558665-2257203147-3060767804-1000","5/8/2014 12:18:07 AM",,,"c:\users\mac_1\desktop\winevt\logs\microsoft-windows-diagnosis-scripted%4operational.evtx","System.UInt32[]","System.Diagnostics.Eventing.Reader.EventBookmark","Information","Info",,"System.Collections.ObjectModel.ReadOnlyCollection`1[System.String]","System.Collections.Generic.List`1[System.Diagnostics.Eventing.Reader.EventProperty]"
"The scripted diagnostic engine completed initializing a diagnostic package located at C:\Windows\diagnostics\system\networking.","102","0",,"4","0","0","4611686052787126272","599","Microsoft-Windows-Diagnosis-Scripted","e1dd7e52-621d-44e3-a1ad-0370c2b25946","Microsoft-Windows-Diagnosis-Scripted/Operational","4660","3960","rjaf-PC4429","S-1-5-21-1634558665-2257203147-3060767804-1000","5/8/2014 12:18:07 AM",,,"c:\users\mac_1\desktop\winevt\logs\microsoft-windows-diagnosis-scripted%4operational.evtx","System.UInt32[]","System.Diagnostics.Eventing.Reader.EventBookmark","Information","Info",,"System.Collections.ObjectModel.ReadOnlyCollection`1[System.String]","System.Collections.Generic.List`1[System.Diagnostics.Eventing.Reader.EventProperty]"
"The scripted diagnostic engine started initializing a diagnostic package located at C:\Windows\diagnostics\system\networking.","101","0",,"4","0","0","4611686052787126272","598","Microsoft-Windows-Diagnosis-Scripted","e1dd7e52-621d-44e3-a1ad-0370c2b25946","Microsoft-Windows-Diagnosis-Scripted/Operational","4660","3960","rjaf-PC4429","S-1-5-21-1634558665-2257203147-3060767804-1000","5/8/2014 12:18:06 AM",,,"c:\users\mac_1\desktop\winevt\logs\microsoft-windows-diagnosis-scripted%4operational.evtx","System.UInt32[]","System.Diagnostics.Eventing.Reader.EventBookmark","Information","Info",,"System.Collections.ObjectModel.ReadOnlyCollection`1[System.String]","System.Collections.Generic.List`1[System.Diagnostics.Eventing.Reader.EventProperty]"
"Rootcause RC_DiagnosticHistory/DefaultInstanceId was resolved in package MaintenanceDiagnostic.","402","0",,"4","0","0","4611686052787126272","597","Microsoft-Windows-Diagnosis-Scripted","e1dd7e52-621d-44e3-a1ad-0370c2b25946","Microsoft-Windows-Diagnosis-Scripted/Operational","3560","3868","rjaf-PC4429","S-1-5-21-1634558665-2257203147-3060767804-1000","5/7/2014 1:14:09 PM",,,"c:\users\mac_1\desktop\winevt\logs\microsoft-windows-diagnosis-scripted%4operational.evtx","System.UInt32[]","System.Diagnostics.Eventing.Reader.EventBookmark","Information","Info",,"System.Collections.ObjectModel.ReadOnlyCollection`1[System.String]","System.Collections.Generic.List`1[System.Diagnostics.Eventing.Reader.EventProperty]"
"The scripted diagnostic engine completed verifying the diagnostic package MaintenanceDiagnostic.","108","0",,"4","0","0","4611686052787126272","596","Microsoft-Windows-Diagnosis-Scripted","e1dd7e52-621d-44e3-a1ad-0370c2b25946","Microsoft-Windows-Diagnosis-Scripted/Operational","3560","3868","rjaf-PC4429","S-1-5-21-1634558665-2257203147-3060767804-1000","5/7/2014 1:14:09 PM",,,"c:\users\mac_1\desktop\winevt\logs\microsoft-windows-diagnosis-scripted%4operational.evtx","System.UInt32[]","System.Diagnostics.Eventing.Reader.EventBookmark","Information","Info",,"System.Collections.ObjectModel.ReadOnlyCollection`1[System.String]","System.Collections.Generic.List`1[System.Diagnostics.Eventing.Reader.EventProperty]"
"The scripted diagnostic engine started verifying the diagnostic package MaintenanceDiagnostic.","107","0",,"4","0","0","4611686052787126272","595","Microsoft-Windows-Diagnosis-Scripted","e1dd7e52-621d-44e3-a1ad-0370c2b25946","Microsoft-Windows-Diagnosis-Scripted/Operational","3560","3868","rjaf-PC4429","S-1-5-21-1634558665-2257203147-3060767804-1000","5/7/2014 1:14:09 PM",,,"c:\users\mac_1\desktop\winevt\logs\microsoft-windows-diagnosis-scripted%4operational.evtx","System.UInt32[]","System.Diagnostics.Eventing.Reader.EventBookmark","Information","Info",,"System.Collections.ObjectModel.ReadOnlyCollection`1[System.String]","System.Collections.Generic.List`1[System.Diagnostics.Eventing.Reader.EventProperty]"
"The scripted diagnostic engine completed running the resolution RC_DiagnosticHistory/DefaultInstanceId/RS_UserDiagnosticHistory in the diagnostic package MaintenanceDiagnostic.","106","0",,"4","0","0","4611686052787126272","594","Microsoft-Windows-Diagnosis-Scripted","e1dd7e52-621d-44e3-a1ad-0370c2b25946","Microsoft-Windows-Diagnosis-Scripted/Operational","3560","3868","rjaf-PC4429","S-1-5-21-1634558665-2257203147-3060767804-1000","5/7/2014 1:14:09 PM",,,"c:\users\mac_1\desktop\winevt\logs\microsoft-windows-diagnosis-scripted%4operational.evtx","System.UInt32[]","System.Diagnostics.Eventing.Reader.EventBookmark","Information","Info",,"System.Collections.ObjectModel.ReadOnlyCollection`1[System.String]","System.Collections.Generic.List`1[System.Diagnostics.Eventing.Reader.EventProperty]"
"The scripted diagnostic engine started running the resolution RC_DiagnosticHistory/DefaultInstanceId/RS_UserDiagnosticHistory in the diagnostic package MaintenanceDiagnostic.","105","0",,"4","0","0","4611686052787126272","593","Microsoft-Windows-Diagnosis-Scripted","e1dd7e52-621d-44e3-a1ad-0370c2b25946","Microsoft-Windows-Diagnosis-Scripted/Operational","3560","3868","rjaf-PC4429","S-1-5-21-1634558665-2257203147-3060767804-1000","5/7/2014 1:14:09 PM",,,"c:\users\mac_1\desktop\winevt\logs\microsoft-windows-diagnosis-scripted%4operational.evtx","System.UInt32[]","System.Diagnostics.Eventing.Reader.EventBookmark","Information","Info",,"System.Collections.ObjectModel.ReadOnlyCollection`1[System.String]","System.Collections.Generic.List`1[System.Diagnostics.Eventing.Reader.EventProperty]"
"The scripted diagnostic engine completed diagnosing the diagnostic package MaintenanceDiagnostic.","104","0",,"4","0","0","4611686052787126272","592","Microsoft-Windows-Diagnosis-Scripted","e1dd7e52-621d-44e3-a1ad-0370c2b25946","Microsoft-Windows-Diagnosis-Scripted/Operational","3560","3868","rjaf-PC4429","S-1-5-21-1634558665-2257203147-3060767804-1000","5/7/2014 1:14:09 PM",,,"c:\users\mac_1\desktop\winevt\logs\microsoft-windows-diagnosis-scripted%4operational.evtx","System.UInt32[]","System.Diagnostics.Eventing.Reader.EventBookmark","Information","Info",,"System.Collections.ObjectModel.ReadOnlyCollection`1[System.String]","System.Collections.Generic.List`1[System.Diagnostics.Eventing.Reader.EventProperty]"
"Rootcause RC_DiagnosticHistory/DefaultInstanceId was detected in package MaintenanceDiagnostic.","401","0",,"4","0","0","4611686052787126272","591","Microsoft-Windows-Diagnosis-Scripted","e1dd7e52-621d-44e3-a1ad-0370c2b25946","Microsoft-Windows-Diagnosis-Scripted/Operational","3560","3868","rjaf-PC4429","S-1-5-21-1634558665-2257203147-3060767804-1000","5/7/2014 1:14:09 PM",,,"c:\users\mac_1\desktop\winevt\logs\microsoft-windows-diagnosis-scripted%4operational.evtx","System.UInt32[]","System.Diagnostics.Eventing.Reader.EventBookmark","Information","Info",,"System.Collections.ObjectModel.ReadOnlyCollection`1[System.String]","System.Collections.Generic.List`1[System.Diagnostics.Eventing.Reader.EventProperty]"
"The scripted diagnostic engine started diagnosing the diagnostic package MaintenanceDiagnostic.","103","0",,"4","0","0","4611686052787126272","590","Microsoft-Windows-Diagnosis-Scripted","e1dd7e52-621d-44e3-a1ad-0370c2b25946","Microsoft-Windows-Diagnosis-Scripted/Operational","3560","3868","rjaf-PC4429","S-1-5-21-1634558665-2257203147-3060767804-1000","5/7/2014 1:13:54 PM",,,"c:\users\mac_1\desktop\winevt\logs\microsoft-windows-diagnosis-scripted%4operational.evtx","System.UInt32[]","System.Diagnostics.Eventing.Reader.EventBookmark","Information","Info",,"System.Collections.ObjectModel.ReadOnlyCollection`1[System.String]","System.Collections.Generic.List`1[System.Diagnostics.Eventing.Reader.EventProperty]"
"The scripted diagnostic engine completed initializing a diagnostic package located at C:\Windows\diagnostics\scheduled\Maintenance.","102","0",,"4","0","0","4611686052787126272","589","Microsoft-Windows-Diagnosis-Scripted","e1dd7e52-621d-44e3-a1ad-0370c2b25946","Microsoft-Windows-Diagnosis-Scripted/Operational","3560","3868","rjaf-PC4429","S-1-5-21-1634558665-2257203147-3060767804-1000","5/7/2014 1:13:54 PM",,,"c:\users\mac_1\desktop\winevt\logs\microsoft-windows-diagnosis-scripted%4operational.evtx","System.UInt32[]","System.Diagnostics.Eventing.Reader.EventBookmark","Information","Info",,"System.Collections.ObjectModel.ReadOnlyCollection`1[System.String]","System.Collections.Generic.List`1[System.Diagnostics.Eventing.Reader.EventProperty]"
"The scripted diagnostic engine started initializing a diagnostic package located at C:\Windows\diagnostics\scheduled\Maintenance.","101","0",,"4","0","0","4611686052787126272","588","Microsoft-Windows-Diagnosis-Scripted","e1dd7e52-621d-44e3-a1ad-0370c2b25946","Microsoft-Windows-Diagnosis-Scripted/Operational","3560","3868","rjaf-PC4429","S-1-5-21-1634558665-2257203147-3060767804-1000","5/7/2014 1:13:53 PM",,,"c:\users\mac_1\desktop\winevt\logs\microsoft-windows-diagnosis-scripted%4operational.evtx","System.UInt32[]","System.Diagnostics.Eventing.Reader.EventBookmark","Information","Info",,"System.Collections.ObjectModel.ReadOnlyCollection`1[System.String]","System.Collections.Generic.List`1[System.Diagnostics.Eventing.Reader.EventProperty]"
"The scripted diagnostic engine completed diagnosing the diagnostic package NetworkDiagnostics.","104","0",,"4","0","0","4611686052787126272","587","Microsoft-Windows-Diagnosis-Scripted","e1dd7e52-621d-44e3-a1ad-0370c2b25946","Microsoft-Windows-Diagnosis-Scripted/Operational","3096","348","rjaf-PC4429","S-1-5-21-1634558665-2257203147-3060767804-1000","5/6/2014 11:26:36 AM",,,"c:\users\mac_1\desktop\winevt\logs\microsoft-windows-diagnosis-scripted%4operational.evtx","System.UInt32[]","System.Diagnostics.Eventing.Reader.EventBookmark","Information","Info",,"System.Collections.ObjectModel.ReadOnlyCollection`1[System.String]","System.Collections.Generic.List`1[System.Diagnostics.Eventing.Reader.EventProperty]"
"Rootcause {000000000-0000-0000-0000-000000000006}/A3344881-8C07-4BA0-8965-5F29CDE56820:-1026201300 was detected in package NetworkDiagnostics.","401","0",,"4","0","0","4611686052787126272","586","Microsoft-Windows-Diagnosis-Scripted","e1dd7e52-621d-44e3-a1ad-0370c2b25946","Microsoft-Windows-Diagnosis-Scripted/Operational","3096","348","rjaf-PC4429","S-1-5-21-1634558665-2257203147-3060767804-1000","5/6/2014 11:26:36 AM",,,"c:\users\mac_1\desktop\winevt\logs\microsoft-windows-diagnosis-scripted%4operational.evtx","System.UInt32[]","System.Diagnostics.Eventing.Reader.EventBookmark","Information","Info",,"System.Collections.ObjectModel.ReadOnlyCollection`1[System.String]","System.Collections.Generic.List`1[System.Diagnostics.Eventing.Reader.EventProperty]"
"The scripted diagnostic engine started diagnosing the diagnostic package NetworkDiagnostics.","103","0",,"4","0","0","4611686052787126272","585","Microsoft-Windows-Diagnosis-Scripted","e1dd7e52-621d-44e3-a1ad-0370c2b25946","Microsoft-Windows-Diagnosis-Scripted/Operational","3096","348","rjaf-PC4429","S-1-5-21-1634558665-2257203147-3060767804-1000","5/6/2014 11:26:36 AM",,,"c:\users\mac_1\desktop\winevt\logs\microsoft-windows-diagnosis-scripted%4operational.evtx","System.UInt32[]","System.Diagnostics.Eventing.Reader.EventBookmark","Information","Info",,"System.Collections.ObjectModel.ReadOnlyCollection`1[System.String]","System.Collections.Generic.List`1[System.Diagnostics.Eventing.Reader.EventProperty]"
"The scripted diagnostic engine completed initializing a diagnostic package located at C:\Windows\diagnostics\system\networking.","102","0",,"4","0","0","4611686052787126272","584","Microsoft-Windows-Diagnosis-Scripted","e1dd7e52-621d-44e3-a1ad-0370c2b25946","Microsoft-Windows-Diagnosis-Scripted/Operational","3096","348","rjaf-PC4429","S-1-5-21-1634558665-2257203147-3060767804-1000","5/6/2014 11:26:36 AM",,,"c:\users\mac_1\desktop\winevt\logs\microsoft-windows-diagnosis-scripted%4operational.evtx","System.UInt32[]","System.Diagnostics.Eventing.Reader.EventBookmark","Information","Info",,"System.Collections.ObjectModel.ReadOnlyCollection`1[System.String]","System.Collections.Generic.List`1[System.Diagnostics.Eventing.Reader.EventProperty]"
"The scripted diagnostic engine started initializing a diagnostic package located at C:\Windows\diagnostics\system\networking.","101","0",,"4","0","0","4611686052787126272","583","Microsoft-Windows-Diagnosis-Scripted","e1dd7e52-621d-44e3-a1ad-0370c2b25946","Microsoft-Windows-Diagnosis-Scripted/Operational","3096","348","rjaf-PC4429","S-1-5-21-1634558665-2257203147-3060767804-1000","5/6/2014 11:26:36 AM",,,"c:\users\mac_1\desktop\winevt\logs\microsoft-windows-diagnosis-scripted%4operational.evtx","System.UInt32[]","System.Diagnostics.Eventing.Reader.EventBookmark","Information","Info",,"System.Collections.ObjectModel.ReadOnlyCollection`1[System.String]","System.Collections.Generic.List`1[System.Diagnostics.Eventing.Reader.EventProperty]"
"The scripted diagnostic engine completed verifying the diagnostic package NetworkDiagnostics.","108","0",,"4","0","0","4611686052787126272","582","Microsoft-Windows-Diagnosis-Scripted","e1dd7e52-621d-44e3-a1ad-0370c2b25946","Microsoft-Windows-Diagnosis-Scripted/Operational","3096","348","rjaf-PC4429","S-1-5-21-1634558665-2257203147-3060767804-1000","5/6/2014 11:26:35 AM",,,"c:\users\mac_1\desktop\winevt\logs\microsoft-windows-diagnosis-scripted%4operational.evtx","System.UInt32[]","System.Diagnostics.Eventing.Reader.EventBookmark","Information","Info",,"System.Collections.ObjectModel.ReadOnlyCollection`1[System.String]","System.Collections.Generic.List`1[System.Diagnostics.Eventing.Reader.EventProperty]"
"The scripted diagnostic engine started verifying the diagnostic package NetworkDiagnostics.","107","0",,"4","0","0","4611686052787126272","581","Microsoft-Windows-Diagnosis-Scripted","e1dd7e52-621d-44e3-a1ad-0370c2b25946","Microsoft-Windows-Diagnosis-Scripted/Operational","3096","348","rjaf-PC4429","S-1-5-21-1634558665-2257203147-3060767804-1000","5/6/2014 11:26:35 AM",,,"c:\users\mac_1\desktop\winevt\logs\microsoft-windows-diagnosis-scripted%4operational.evtx","System.UInt32[]","System.Diagnostics.Eventing.Reader.EventBookmark","Information","Info",,"System.Collections.ObjectModel.ReadOnlyCollection`1[System.String]","System.Collections.Generic.List`1[System.Diagnostics.Eventing.Reader.EventProperty]"
"The scripted diagnostic engine completed running the resolution {000000000-0000-0000-0000-000000000006}/A3344881-8C07-4BA0-8965-5F29CDE56820:-1026201300/{000000000-0000-0000-0000-000000000001} in the diagnostic package NetworkDiagnostics.","106","0",,"4","0","0","4611686052787126272","580","Microsoft-Windows-Diagnosis-Scripted","e1dd7e52-621d-44e3-a1ad-0370c2b25946","Microsoft-Windows-Diagnosis-Scripted/Operational","3096","348","rjaf-PC4429","S-1-5-21-1634558665-2257203147-3060767804-1000","5/6/2014 11:26:35 AM",,,"c:\users\mac_1\desktop\winevt\logs\microsoft-windows-diagnosis-scripted%4operational.evtx","System.UInt32[]","System.Diagnostics.Eventing.Reader.EventBookmark","Information","Info",,"System.Collections.ObjectModel.ReadOnlyCollection`1[System.String]","System.Collections.Generic.List`1[System.Diagnostics.Eventing.Reader.EventProperty]"
"The scripted diagnostic engine started running the resolution {000000000-0000-0000-0000-000000000006}/A3344881-8C07-4BA0-8965-5F29CDE56820:-1026201300/{000000000-0000-0000-0000-000000000001} in the diagnostic package NetworkDiagnostics.","105","0",,"4","0","0","4611686052787126272","579","Microsoft-Windows-Diagnosis-Scripted","e1dd7e52-621d-44e3-a1ad-0370c2b25946","Microsoft-Windows-Diagnosis-Scripted/Operational","3096","348","rjaf-PC4429","S-1-5-21-1634558665-2257203147-3060767804-1000","5/6/2014 11:26:33 AM",,,"c:\users\mac_1\desktop\winevt\logs\microsoft-windows-diagnosis-scripted%4operational.evtx","System.UInt32[]","System.Diagnostics.Eventing.Reader.EventBookmark","Information","Info",,"System.Collections.ObjectModel.ReadOnlyCollection`1[System.String]","System.Collections.Generic.List`1[System.Diagnostics.Eventing.Reader.EventProperty]"
"The scripted diagnostic engine completed diagnosing the diagnostic package NetworkDiagnostics.","104","0",,"4","0","0","4611686052787126272","578","Microsoft-Windows-Diagnosis-Scripted","e1dd7e52-621d-44e3-a1ad-0370c2b25946","Microsoft-Windows-Diagnosis-Scripted/Operational","3096","348","rjaf-PC4429","S-1-5-21-1634558665-2257203147-3060767804-1000","5/6/2014 11:26:33 AM",,,"c:\users\mac_1\desktop\winevt\logs\microsoft-windows-diagnosis-scripted%4operational.evtx","System.UInt32[]","System.Diagnostics.Eventing.Reader.EventBookmark","Information","Info",,"System.Collections.ObjectModel.ReadOnlyCollection`1[System.String]","System.Collections.Generic.List`1[System.Diagnostics.Eventing.Reader.EventProperty]"
"Rootcause {000000000-0000-0000-0000-000000000006}/A3344881-8C07-4BA0-8965-5F29CDE56820:-1026201300 was detected in package NetworkDiagnostics.","401","0",,"4","0","0","4611686052787126272","577","Microsoft-Windows-Diagnosis-Scripted","e1dd7e52-621d-44e3-a1ad-0370c2b25946","Microsoft-Windows-Diagnosis-Scripted/Operational","3096","348","rjaf-PC4429","S-1-5-21-1634558665-2257203147-3060767804-1000","5/6/2014 11:26:33 AM",,,"c:\users\mac_1\desktop\winevt\logs\microsoft-windows-diagnosis-scripted%4operational.evtx","System.UInt32[]","System.Diagnostics.Eventing.Reader.EventBookmark","Information","Info",,"System.Collections.ObjectModel.ReadOnlyCollection`1[System.String]","System.Collections.Generic.List`1[System.Diagnostics.Eventing.Reader.EventProperty]"
"The scripted diagnostic engine started diagnosing the diagnostic package NetworkDiagnostics.","103","0",,"4","0","0","4611686052787126272","576","Microsoft-Windows-Diagnosis-Scripted","e1dd7e52-621d-44e3-a1ad-0370c2b25946","Microsoft-Windows-Diagnosis-Scripted/Operational","3096","348","rjaf-PC4429","S-1-5-21-1634558665-2257203147-3060767804-1000","5/6/2014 11:25:08 AM",,,"c:\users\mac_1\desktop\winevt\logs\microsoft-windows-diagnosis-scripted%4operational.evtx","System.UInt32[]","System.Diagnostics.Eventing.Reader.EventBookmark","Information","Info",,"System.Collections.ObjectModel.ReadOnlyCollection`1[System.String]","System.Collections.Generic.List`1[System.Diagnostics.Eventing.Reader.EventProperty]"
"The scripted diagnostic engine completed initializing a diagnostic package located at C:\Windows\diagnostics\system\networking.","102","0",,"4","0","0","4611686052787126272","575","Microsoft-Windows-Diagnosis-Scripted","e1dd7e52-621d-44e3-a1ad-0370c2b25946","Microsoft-Windows-Diagnosis-Scripted/Operational","3096","424","rjaf-PC4429","S-1-5-21-1634558665-2257203147-3060767804-1000","5/6/2014 11:25:08 AM",,,"c:\users\mac_1\desktop\winevt\logs\microsoft-windows-diagnosis-scripted%4operational.evtx","System.UInt32[]","System.Diagnostics.Eventing.Reader.EventBookmark","Information","Info",,"System.Collections.ObjectModel.ReadOnlyCollection`1[System.String]","System.Collections.Generic.List`1[System.Diagnostics.Eventing.Reader.EventProperty]"
"The scripted diagnostic engine started initializing a diagnostic package located at C:\Windows\diagnostics\system\networking.","101","0",,"4","0","0","4611686052787126272","574","Microsoft-Windows-Diagnosis-Scripted","e1dd7e52-621d-44e3-a1ad-0370c2b25946","Microsoft-Windows-Diagnosis-Scripted/Operational","3096","424","rjaf-PC4429","S-1-5-21-1634558665-2257203147-3060767804-1000","5/6/2014 11:25:08 AM",,,"c:\users\mac_1\desktop\winevt\logs\microsoft-windows-diagnosis-scripted%4operational.evtx","System.UInt32[]","System.Diagnostics.Eventing.Reader.EventBookmark","Information","Info",,"System.Collections.ObjectModel.ReadOnlyCollection`1[System.String]","System.Collections.Generic.List`1[System.Diagnostics.Eventing.Reader.EventProperty]"
"The scripted diagnostic engine has encountered an error 0x803C0100.","201","0",,"2","0","0","4611686052787126272","573","Microsoft-Windows-Diagnosis-Scripted","e1dd7e52-621d-44e3-a1ad-0370c2b25946","Microsoft-Windows-Diagnosis-Scripted/Operational","3784","1464","rjaf-PC4429","S-1-5-21-1634558665-2257203147-3060767804-1000","5/5/2014 8:36:56 AM",,,"c:\users\mac_1\desktop\winevt\logs\microsoft-windows-diagnosis-scripted%4operational.evtx","System.UInt32[]","System.Diagnostics.Eventing.Reader.EventBookmark","Error","Info",,"System.Collections.ObjectModel.ReadOnlyCollection`1[System.String]","System.Collections.Generic.List`1[System.Diagnostics.Eventing.Reader.EventProperty]"
"The scripted diagnostic engine started running the resolution {000000000-0000-0000-0000-000000000006}/A3344881-8C07-4BA0-8965-5F29CDE56820:-1026201300/{000000000-0000-0000-0000-000000000001} in the diagnostic package NetworkDiagnostics.","105","0",,"4","0","0","4611686052787126272","572","Microsoft-Windows-Diagnosis-Scripted","e1dd7e52-621d-44e3-a1ad-0370c2b25946","Microsoft-Windows-Diagnosis-Scripted/Operational","3784","1464","rjaf-PC4429","S-1-5-21-1634558665-2257203147-3060767804-1000","5/5/2014 8:36:53 AM",,,"c:\users\mac_1\desktop\winevt\logs\microsoft-windows-diagnosis-scripted%4operational.evtx","System.UInt32[]","System.Diagnostics.Eventing.Reader.EventBookmark","Information","Info",,"System.Collections.ObjectModel.ReadOnlyCollection`1[System.String]","System.Collections.Generic.List`1[System.Diagnostics.Eventing.Reader.EventProperty]"
"The scripted diagnostic engine completed diagnosing the diagnostic package NetworkDiagnostics.","104","0",,"4","0","0","4611686052787126272","571","Microsoft-Windows-Diagnosis-Scripted","e1dd7e52-621d-44e3-a1ad-0370c2b25946","Microsoft-Windows-Diagnosis-Scripted/Operational","3784","1464","rjaf-PC4429","S-1-5-21-1634558665-2257203147-3060767804-1000","5/5/2014 8:36:53 AM",,,"c:\users\mac_1\desktop\winevt\logs\microsoft-windows-diagnosis-scripted%4operational.evtx","System.UInt32[]","System.Diagnostics.Eventing.Reader.EventBookmark","Information","Info",,"System.Collections.ObjectModel.ReadOnlyCollection`1[System.String]","System.Collections.Generic.List`1[System.Diagnostics.Eventing.Reader.EventProperty]"
"Rootcause {000000000-0000-0000-0000-000000000006}/A3344881-8C07-4BA0-8965-5F29CDE56820:-1026201300 was detected in package NetworkDiagnostics.","401","0",,"4","0","0","4611686052787126272","570","Microsoft-Windows-Diagnosis-Scripted","e1dd7e52-621d-44e3-a1ad-0370c2b25946","Microsoft-Windows-Diagnosis-Scripted/Operational","3784","1464","rjaf-PC4429","S-1-5-21-1634558665-2257203147-3060767804-1000","5/5/2014 8:36:53 AM",,,"c:\users\mac_1\desktop\winevt\logs\microsoft-windows-diagnosis-scripted%4operational.evtx","System.UInt32[]","System.Diagnostics.Eventing.Reader.EventBookmark","Information","Info",,"System.Collections.ObjectModel.ReadOnlyCollection`1[System.String]","System.Collections.Generic.List`1[System.Diagnostics.Eventing.Reader.EventProperty]"
"The scripted diagnostic engine started diagnosing the diagnostic package NetworkDiagnostics.","103","0",,"4","0","0","4611686052787126272","569","Microsoft-Windows-Diagnosis-Scripted","e1dd7e52-621d-44e3-a1ad-0370c2b25946","Microsoft-Windows-Diagnosis-Scripted/Operational","3784","1464","rjaf-PC4429","S-1-5-21-1634558665-2257203147-3060767804-1000","5/5/2014 8:35:26 AM",,,"c:\users\mac_1\desktop\winevt\logs\microsoft-windows-diagnosis-scripted%4operational.evtx","System.UInt32[]","System.Diagnostics.Eventing.Reader.EventBookmark","Information","Info",,"System.Collections.ObjectModel.ReadOnlyCollection`1[System.String]","System.Collections.Generic.List`1[System.Diagnostics.Eventing.Reader.EventProperty]"
"The scripted diagnostic engine completed initializing a diagnostic package located at C:\Windows\diagnostics\system\networking.","102","0",,"4","0","0","4611686052787126272","568","Microsoft-Windows-Diagnosis-Scripted","e1dd7e52-621d-44e3-a1ad-0370c2b25946","Microsoft-Windows-Diagnosis-Scripted/Operational","3784","740","rjaf-PC4429","S-1-5-21-1634558665-2257203147-3060767804-1000","5/5/2014 8:35:26 AM",,,"c:\users\mac_1\desktop\winevt\logs\microsoft-windows-diagnosis-scripted%4operational.evtx","System.UInt32[]","System.Diagnostics.Eventing.Reader.EventBookmark","Information","Info",,"System.Collections.ObjectModel.ReadOnlyCollection`1[System.String]","System.Collections.Generic.List`1[System.Diagnostics.Eventing.Reader.EventProperty]"
"The scripted diagnostic engine started initializing a diagnostic package located at C:\Windows\diagnostics\system\networking.","101","0",,"4","0","0","4611686052787126272","567","Microsoft-Windows-Diagnosis-Scripted","e1dd7e52-621d-44e3-a1ad-0370c2b25946","Microsoft-Windows-Diagnosis-Scripted/Operational","3784","740","rjaf-PC4429","S-1-5-21-1634558665-2257203147-3060767804-1000","5/5/2014 8:35:25 AM",,,"c:\users\mac_1\desktop\winevt\logs\microsoft-windows-diagnosis-scripted%4operational.evtx","System.UInt32[]","System.Diagnostics.Eventing.Reader.EventBookmark","Information","Info",,"System.Collections.ObjectModel.ReadOnlyCollection`1[System.String]","System.Collections.Generic.List`1[System.Diagnostics.Eventing.Reader.EventProperty]"
"The scripted diagnostic engine has encountered an error 0x803C0100.","201","0",,"2","0","0","4611686052787126272","566","Microsoft-Windows-Diagnosis-Scripted","e1dd7e52-621d-44e3-a1ad-0370c2b25946","Microsoft-Windows-Diagnosis-Scripted/Operational","2468","1616","rjaf-PC4429","S-1-5-21-1634558665-2257203147-3060767804-1000","5/5/2014 8:18:31 AM",,,"c:\users\mac_1\desktop\winevt\logs\microsoft-windows-diagnosis-scripted%4operational.evtx","System.UInt32[]","System.Diagnostics.Eventing.Reader.EventBookmark","Error","Info",,"System.Collections.ObjectModel.ReadOnlyCollection`1[System.String]","System.Collections.Generic.List`1[System.Diagnostics.Eventing.Reader.EventProperty]"
"The scripted diagnostic engine completed diagnosing the diagnostic package NetworkDiagnostics.","104","0",,"4","0","0","4611686052787126272","565","Microsoft-Windows-Diagnosis-Scripted","e1dd7e52-621d-44e3-a1ad-0370c2b25946","Microsoft-Windows-Diagnosis-Scripted/Operational","4040","1464","rjaf-PC4429","S-1-5-21-1634558665-2257203147-3060767804-1000","5/5/2014 8:18:05 AM",,,"c:\users\mac_1\desktop\winevt\logs\microsoft-windows-diagnosis-scripted%4operational.evtx","System.UInt32[]","System.Diagnostics.Eventing.Reader.EventBookmark","Information","Info",,"System.Collections.ObjectModel.ReadOnlyCollection`1[System.String]","System.Collections.Generic.List`1[System.Diagnostics.Eventing.Reader.EventProperty]"
"Rootcause {000000000-0000-0000-0000-000000000001}/3564F41A-6610-4C46-8DF2-9B490F2F4169:-2114342204 was detected in package NetworkDiagnostics.","401","0",,"4","0","0","4611686052787126272","564","Microsoft-Windows-Diagnosis-Scripted","e1dd7e52-621d-44e3-a1ad-0370c2b25946","Microsoft-Windows-Diagnosis-Scripted/Operational","4040","1464","rjaf-PC4429","S-1-5-21-1634558665-2257203147-3060767804-1000","5/5/2014 8:18:05 AM",,,"c:\users\mac_1\desktop\winevt\logs\microsoft-windows-diagnosis-scripted%4operational.evtx","System.UInt32[]","System.Diagnostics.Eventing.Reader.EventBookmark","Information","Info",,"System.Collections.ObjectModel.ReadOnlyCollection`1[System.String]","System.Collections.Generic.List`1[System.Diagnostics.Eventing.Reader.EventProperty]"
"The scripted diagnostic engine started diagnosing the diagnostic package NetworkDiagnostics.","103","0",,"4","0","0","4611686052787126272","563","Microsoft-Windows-Diagnosis-Scripted","e1dd7e52-621d-44e3-a1ad-0370c2b25946","Microsoft-Windows-Diagnosis-Scripted/Operational","4040","1464","rjaf-PC4429","S-1-5-21-1634558665-2257203147-3060767804-1000","5/5/2014 8:18:05 AM",,,"c:\users\mac_1\desktop\winevt\logs\microsoft-windows-diagnosis-scripted%4operational.evtx","System.UInt32[]","System.Diagnostics.Eventing.Reader.EventBookmark","Information","Info",,"System.Collections.ObjectModel.ReadOnlyCollection`1[System.String]","System.Collections.Generic.List`1[System.Diagnostics.Eventing.Reader.EventProperty]"
"The scripted diagnostic engine completed initializing a diagnostic package located at C:\Windows\diagnostics\system\Networking.","102","0",,"4","0","0","4611686052787126272","562","Microsoft-Windows-Diagnosis-Scripted","e1dd7e52-621d-44e3-a1ad-0370c2b25946","Microsoft-Windows-Diagnosis-Scripted/Operational","4040","1464","rjaf-PC4429","S-1-5-21-1634558665-2257203147-3060767804-1000","5/5/2014 8:18:05 AM",,,"c:\users\mac_1\desktop\winevt\logs\microsoft-windows-diagnosis-scripted%4operational.evtx","System.UInt32[]","System.Diagnostics.Eventing.Reader.EventBookmark","Information","Info",,"System.Collections.ObjectModel.ReadOnlyCollection`1[System.String]","System.Collections.Generic.List`1[System.Diagnostics.Eventing.Reader.EventProperty]"
"The scripted diagnostic engine started initializing a diagnostic package located at C:\Windows\diagnostics\system\Networking.","101","0",,"4","0","0","4611686052787126272","561","Microsoft-Windows-Diagnosis-Scripted","e1dd7e52-621d-44e3-a1ad-0370c2b25946","Microsoft-Windows-Diagnosis-Scripted/Operational","4040","1464","rjaf-PC4429","S-1-5-21-1634558665-2257203147-3060767804-1000","5/5/2014 8:18:05 AM",,,"c:\users\mac_1\desktop\winevt\logs\microsoft-windows-diagnosis-scripted%4operational.evtx","System.UInt32[]","System.Diagnostics.Eventing.Reader.EventBookmark","Information","Info",,"System.Collections.ObjectModel.ReadOnlyCollection`1[System.String]","System.Collections.Generic.List`1[System.Diagnostics.Eventing.Reader.EventProperty]"
"The scripted diagnostic engine completed verifying the diagnostic package NetworkDiagnostics.","108","0",,"4","0","0","4611686052787126272","560","Microsoft-Windows-Diagnosis-Scripted","e1dd7e52-621d-44e3-a1ad-0370c2b25946","Microsoft-Windows-Diagnosis-Scripted/Operational","4040","1464","rjaf-PC4429","S-1-5-21-1634558665-2257203147-3060767804-1000","5/5/2014 8:18:04 AM",,,"c:\users\mac_1\desktop\winevt\logs\microsoft-windows-diagnosis-scripted%4operational.evtx","System.UInt32[]","System.Diagnostics.Eventing.Reader.EventBookmark","Information","Info",,"System.Collections.ObjectModel.ReadOnlyCollection`1[System.String]","System.Collections.Generic.List`1[System.Diagnostics.Eventing.Reader.EventProperty]"
"The scripted diagnostic engine started verifying the diagnostic package NetworkDiagnostics.","107","0",,"4","0","0","4611686052787126272","559","Microsoft-Windows-Diagnosis-Scripted","e1dd7e52-621d-44e3-a1ad-0370c2b25946","Microsoft-Windows-Diagnosis-Scripted/Operational","4040","1464","rjaf-PC4429","S-1-5-21-1634558665-2257203147-3060767804-1000","5/5/2014 8:18:04 AM",,,"c:\users\mac_1\desktop\winevt\logs\microsoft-windows-diagnosis-scripted%4operational.evtx","System.UInt32[]","System.Diagnostics.Eventing.Reader.EventBookmark","Information","Info",,"System.Collections.ObjectModel.ReadOnlyCollection`1[System.String]","System.Collections.Generic.List`1[System.Diagnostics.Eventing.Reader.EventProperty]"
"The scripted diagnostic engine completed running the resolution {000000000-0000-0000-0000-000000000001}/3564F41A-6610-4C46-8DF2-9B490F2F4169:-2114342204/{000000000-0000-0000-0000-000000000001} in the diagnostic package NetworkDiagnostics.","106","0",,"4","0","0","4611686052787126272","558","Microsoft-Windows-Diagnosis-Scripted","e1dd7e52-621d-44e3-a1ad-0370c2b25946","Microsoft-Windows-Diagnosis-Scripted/Operational","4040","1464","rjaf-PC4429","S-1-5-21-1634558665-2257203147-3060767804-1000","5/5/2014 8:18:04 AM",,,"c:\users\mac_1\desktop\winevt\logs\microsoft-windows-diagnosis-scripted%4operational.evtx","System.UInt32[]","System.Diagnostics.Eventing.Reader.EventBookmark","Information","Info",,"System.Collections.ObjectModel.ReadOnlyCollection`1[System.String]","System.Collections.Generic.List`1[System.Diagnostics.Eventing.Reader.EventProperty]"
"The scripted diagnostic engine started running the resolution {000000000-0000-0000-0000-000000000006}/A3344881-8C07-4BA0-8965-5F29CDE56820:-1026201300/{000000000-0000-0000-0000-000000000001} in the diagnostic package NetworkDiagnostics.","105","0",,"4","0","0","4611686052787126272","557","Microsoft-Windows-Diagnosis-Scripted","e1dd7e52-621d-44e3-a1ad-0370c2b25946","Microsoft-Windows-Diagnosis-Scripted/Operational","2468","1616","rjaf-PC4429","S-1-5-21-1634558665-2257203147-3060767804-1000","5/5/2014 8:18:04 AM",,,"c:\users\mac_1\desktop\winevt\logs\microsoft-windows-diagnosis-scripted%4operational.evtx","System.UInt32[]","System.Diagnostics.Eventing.Reader.EventBookmark","Information","Info",,"System.Collections.ObjectModel.ReadOnlyCollection`1[System.String]","System.Collections.Generic.List`1[System.Diagnostics.Eventing.Reader.EventProperty]"
"The scripted diagnostic engine started running the resolution {000000000-0000-0000-0000-000000000001}/3564F41A-6610-4C46-8DF2-9B490F2F4169:-2114342204/{000000000-0000-0000-0000-000000000001} in the diagnostic package NetworkDiagnostics.","105","0",,"4","0","0","4611686052787126272","556","Microsoft-Windows-Diagnosis-Scripted","e1dd7e52-621d-44e3-a1ad-0370c2b25946","Microsoft-Windows-Diagnosis-Scripted/Operational","4040","1464","rjaf-PC4429","S-1-5-21-1634558665-2257203147-3060767804-1000","5/5/2014 8:18:04 AM",,,"c:\users\mac_1\desktop\winevt\logs\microsoft-windows-diagnosis-scripted%4operational.evtx","System.UInt32[]","System.Diagnostics.Eventing.Reader.EventBookmark","Information","Info",,"System.Collections.ObjectModel.ReadOnlyCollection`1[System.String]","System.Collections.Generic.List`1[System.Diagnostics.Eventing.Reader.EventProperty]"
"The scripted diagnostic engine completed diagnosing the diagnostic package NetworkDiagnostics.","104","0",,"4","0","0","4611686052787126272","555","Microsoft-Windows-Diagnosis-Scripted","e1dd7e52-621d-44e3-a1ad-0370c2b25946","Microsoft-Windows-Diagnosis-Scripted/Operational","2468","1616","rjaf-PC4429","S-1-5-21-1634558665-2257203147-3060767804-1000","5/5/2014 8:18:04 AM",,,"c:\users\mac_1\desktop\winevt\logs\microsoft-windows-diagnosis-scripted%4operational.evtx","System.UInt32[]","System.Diagnostics.Eventing.Reader.EventBookmark","Information","Info",,"System.Collections.ObjectModel.ReadOnlyCollection`1[System.String]","System.Collections.Generic.List`1[System.Diagnostics.Eventing.Reader.EventProperty]"
"Rootcause {000000000-0000-0000-0000-000000000006}/A3344881-8C07-4BA0-8965-5F29CDE56820:-1026201300 was detected in package NetworkDiagnostics.","401","0",,"4","0","0","4611686052787126272","554","Microsoft-Windows-Diagnosis-Scripted","e1dd7e52-621d-44e3-a1ad-0370c2b25946","Microsoft-Windows-Diagnosis-Scripted/Operational","2468","1616","rjaf-PC4429","S-1-5-21-1634558665-2257203147-3060767804-1000","5/5/2014 8:18:04 AM",,,"c:\users\mac_1\desktop\winevt\logs\microsoft-windows-diagnosis-scripted%4operational.evtx","System.UInt32[]","System.Diagnostics.Eventing.Reader.EventBookmark","Information","Info",,"System.Collections.ObjectModel.ReadOnlyCollection`1[System.String]","System.Collections.Generic.List`1[System.Diagnostics.Eventing.Reader.EventProperty]"
"The scripted diagnostic engine completed diagnosing the diagnostic package NetworkDiagnostics.","104","0",,"4","0","0","4611686052787126272","553","Microsoft-Windows-Diagnosis-Scripted","e1dd7e52-621d-44e3-a1ad-0370c2b25946","Microsoft-Windows-Diagnosis-Scripted/Operational","4040","1464","rjaf-PC4429","S-1-5-21-1634558665-2257203147-3060767804-1000","5/5/2014 8:18:04 AM",,,"c:\users\mac_1\desktop\winevt\logs\microsoft-windows-diagnosis-scripted%4operational.evtx","System.UInt32[]","System.Diagnostics.Eventing.Reader.EventBookmark","Information","Info",,"System.Collections.ObjectModel.ReadOnlyCollection`1[System.String]","System.Collections.Generic.List`1[System.Diagnostics.Eventing.Reader.EventProperty]"
"Rootcause {000000000-0000-0000-0000-000000000001}/3564F41A-6610-4C46-8DF2-9B490F2F4169:-2114342204 was detected in package NetworkDiagnostics.","401","0",,"4","0","0","4611686052787126272","552","Microsoft-Windows-Diagnosis-Scripted","e1dd7e52-621d-44e3-a1ad-0370c2b25946","Microsoft-Windows-Diagnosis-Scripted/Operational","4040","1464","rjaf-PC4429","S-1-5-21-1634558665-2257203147-3060767804-1000","5/5/2014 8:18:04 AM",,,"c:\users\mac_1\desktop\winevt\logs\microsoft-windows-diagnosis-scripted%4operational.evtx","System.UInt32[]","System.Diagnostics.Eventing.Reader.EventBookmark","Information","Info",,"System.Collections.ObjectModel.ReadOnlyCollection`1[System.String]","System.Collections.Generic.List`1[System.Diagnostics.Eventing.Reader.EventProperty]"
"The scripted diagnostic engine started diagnosing the diagnostic package NetworkDiagnostics.","103","0",,"4","0","0","4611686052787126272","551","Microsoft-Windows-Diagnosis-Scripted","e1dd7e52-621d-44e3-a1ad-0370c2b25946","Microsoft-Windows-Diagnosis-Scripted/Operational","4040","1464","rjaf-PC4429","S-1-5-21-1634558665-2257203147-3060767804-1000","5/5/2014 8:17:50 AM",,,"c:\users\mac_1\desktop\winevt\logs\microsoft-windows-diagnosis-scripted%4operational.evtx","System.UInt32[]","System.Diagnostics.Eventing.Reader.EventBookmark","Information","Info",,"System.Collections.ObjectModel.ReadOnlyCollection`1[System.String]","System.Collections.Generic.List`1[System.Diagnostics.Eventing.Reader.EventProperty]"
"The scripted diagnostic engine completed initializing a diagnostic package located at C:\Windows\diagnostics\system\Networking.","102","0",,"4","0","0","4611686052787126272","550","Microsoft-Windows-Diagnosis-Scripted","e1dd7e52-621d-44e3-a1ad-0370c2b25946","Microsoft-Windows-Diagnosis-Scripted/Operational","4040","1464","rjaf-PC4429","S-1-5-21-1634558665-2257203147-3060767804-1000","5/5/2014 8:17:48 AM",,,"c:\users\mac_1\desktop\winevt\logs\microsoft-windows-diagnosis-scripted%4operational.evtx","System.UInt32[]","System.Diagnostics.Eventing.Reader.EventBookmark","Information","Info",,"System.Collections.ObjectModel.ReadOnlyCollection`1[System.String]","System.Collections.Generic.List`1[System.Diagnostics.Eventing.Reader.EventProperty]"
