"ACPI thermal zone ACPI\ThermalZone\TZ00 has engaged active cooling.             
EventTime = ?2015?-?03?-?29T16:01:57.866409400Z             
_AC0 = 358K             
_AC1 = 328K             
_AC2 = 273K             
_AC3 = 273K             
_AC4 = 273K             
_AC5 = 0K             
_AC6 = 0K             
_AC7 = 0K             
_AC8 = 0K             
_AC9 = 0K             
_TMP = 301K","84","0",,"4","81","0","1152921504606847008","301","Microsoft-Windows-Kernel-Power","331c3b3a-2005-44c2-ac5e-77220c37d6b4","Microsoft-Windows-Kernel-Power/Thermal-Operational","4","52","rjaf-PC4429","S-1-5-18","3/29/2015 6:01:57 AM",,,"c:\users\mac_1\desktop\winevt\logs\microsoft-windows-kernel-power%4thermal-operational.evtx","System.UInt32[]","System.Diagnostics.Eventing.Reader.EventBookmark","Information","Info",,"System.Collections.ObjectModel.ReadOnlyCollection`1[System.String]","System.Collections.Generic.List`1[System.Diagnostics.Eventing.Reader.EventProperty]"
"ACPI thermal zone ACPI\ThermalZone\TZ00 has engaged active cooling.             
EventTime = ?2015?-?03?-?26T08:12:44.382808500Z             
_AC0 = 358K             
_AC1 = 328K             
_AC2 = 273K             
_AC3 = 273K             
_AC4 = 273K             
_AC5 = 0K             
_AC6 = 0K             
_AC7 = 0K             
_AC8 = 0K             
_AC9 = 0K             
_TMP = 301K","84","0",,"4","81","0","1152921504606847008","300","Microsoft-Windows-Kernel-Power","331c3b3a-2005-44c2-ac5e-77220c37d6b4","Microsoft-Windows-Kernel-Power/Thermal-Operational","4","44","rjaf-PC4429","S-1-5-18","3/25/2015 11:12:44 PM",,,"c:\users\mac_1\desktop\winevt\logs\microsoft-windows-kernel-power%4thermal-operational.evtx","System.UInt32[]","System.Diagnostics.Eventing.Reader.EventBookmark","Information","Info",,"System.Collections.ObjectModel.ReadOnlyCollection`1[System.String]","System.Collections.Generic.List`1[System.Diagnostics.Eventing.Reader.EventProperty]"
"ACPI thermal zone ACPI\ThermalZone\TZ00 has engaged active cooling.             
EventTime = ?2015?-?03?-?25T09:38:53.897609400Z             
_AC0 = 358K             
_AC1 = 328K             
_AC2 = 273K             
_AC3 = 273K             
_AC4 = 273K             
_AC5 = 0K             
_AC6 = 0K             
_AC7 = 0K             
_AC8 = 0K             
_AC9 = 0K             
_TMP = 301K","84","0",,"4","81","0","1152921504606847008","299","Microsoft-Windows-Kernel-Power","331c3b3a-2005-44c2-ac5e-77220c37d6b4","Microsoft-Windows-Kernel-Power/Thermal-Operational","4","52","rjaf-PC4429","S-1-5-18","3/25/2015 12:38:53 AM",,,"c:\users\mac_1\desktop\winevt\logs\microsoft-windows-kernel-power%4thermal-operational.evtx","System.UInt32[]","System.Diagnostics.Eventing.Reader.EventBookmark","Information","Info",,"System.Collections.ObjectModel.ReadOnlyCollection`1[System.String]","System.Collections.Generic.List`1[System.Diagnostics.Eventing.Reader.EventProperty]"
"ACPI thermal zone ACPI\ThermalZone\TZ00 has engaged active cooling.             
EventTime = ?2015?-?03?-?22T21:06:06.882009400Z             
_AC0 = 358K             
_AC1 = 328K             
_AC2 = 273K             
_AC3 = 273K             
_AC4 = 273K             
_AC5 = 0K             
_AC6 = 0K             
_AC7 = 0K             
_AC8 = 0K             
_AC9 = 0K             
_TMP = 301K","84","0",,"4","81","0","1152921504606847008","298","Microsoft-Windows-Kernel-Power","331c3b3a-2005-44c2-ac5e-77220c37d6b4","Microsoft-Windows-Kernel-Power/Thermal-Operational","4","64","rjaf-PC4429","S-1-5-18","3/22/2015 12:06:06 PM",,,"c:\users\mac_1\desktop\winevt\logs\microsoft-windows-kernel-power%4thermal-operational.evtx","System.UInt32[]","System.Diagnostics.Eventing.Reader.EventBookmark","Information","Info",,"System.Collections.ObjectModel.ReadOnlyCollection`1[System.String]","System.Collections.Generic.List`1[System.Diagnostics.Eventing.Reader.EventProperty]"
"ACPI thermal zone ACPI\ThermalZone\TZ00 has engaged active cooling.             
EventTime = ?2015?-?03?-?22T12:58:54.318810200Z             
_AC0 = 358K             
_AC1 = 328K             
_AC2 = 273K             
_AC3 = 273K             
_AC4 = 273K             
_AC5 = 0K             
_AC6 = 0K             
_AC7 = 0K             
_AC8 = 0K             
_AC9 = 0K             
_TMP = 301K","84","0",,"4","81","0","1152921504606847008","297","Microsoft-Windows-Kernel-Power","331c3b3a-2005-44c2-ac5e-77220c37d6b4","Microsoft-Windows-Kernel-Power/Thermal-Operational","4","60","rjaf-PC4429","S-1-5-18","3/22/2015 3:58:54 AM",,,"c:\users\mac_1\desktop\winevt\logs\microsoft-windows-kernel-power%4thermal-operational.evtx","System.UInt32[]","System.Diagnostics.Eventing.Reader.EventBookmark","Information","Info",,"System.Collections.ObjectModel.ReadOnlyCollection`1[System.String]","System.Collections.Generic.List`1[System.Diagnostics.Eventing.Reader.EventProperty]"
"ACPI thermal zone ACPI\ThermalZone\TZ00 has engaged active cooling.             
EventTime = ?2015?-?03?-?22T12:50:10.396810300Z             
_AC0 = 358K             
_AC1 = 328K             
_AC2 = 273K             
_AC3 = 273K             
_AC4 = 273K             
_AC5 = 0K             
_AC6 = 0K             
_AC7 = 0K             
_AC8 = 0K             
_AC9 = 0K             
_TMP = 301K","84","0",,"4","81","0","1152921504606847008","296","Microsoft-Windows-Kernel-Power","331c3b3a-2005-44c2-ac5e-77220c37d6b4","Microsoft-Windows-Kernel-Power/Thermal-Operational","4","44","rjaf-PC4429","S-1-5-18","3/22/2015 3:50:10 AM",,,"c:\users\mac_1\desktop\winevt\logs\microsoft-windows-kernel-power%4thermal-operational.evtx","System.UInt32[]","System.Diagnostics.Eventing.Reader.EventBookmark","Information","Info",,"System.Collections.ObjectModel.ReadOnlyCollection`1[System.String]","System.Collections.Generic.List`1[System.Diagnostics.Eventing.Reader.EventProperty]"
"ACPI thermal zone ACPI\ThermalZone\TZ00 has engaged active cooling.             
EventTime = ?2015?-?03?-?21T20:36:20.365610300Z             
_AC0 = 358K             
_AC1 = 328K             
_AC2 = 273K             
_AC3 = 273K             
_AC4 = 273K             
_AC5 = 0K             
_AC6 = 0K             
_AC7 = 0K             
_AC8 = 0K             
_AC9 = 0K             
_TMP = 301K","84","0",,"4","81","0","1152921504606847008","295","Microsoft-Windows-Kernel-Power","331c3b3a-2005-44c2-ac5e-77220c37d6b4","Microsoft-Windows-Kernel-Power/Thermal-Operational","4","44","rjaf-PC4429","S-1-5-18","3/21/2015 11:36:20 AM",,,"c:\users\mac_1\desktop\winevt\logs\microsoft-windows-kernel-power%4thermal-operational.evtx","System.UInt32[]","System.Diagnostics.Eventing.Reader.EventBookmark","Information","Info",,"System.Collections.ObjectModel.ReadOnlyCollection`1[System.String]","System.Collections.Generic.List`1[System.Diagnostics.Eventing.Reader.EventProperty]"
"ACPI thermal zone ACPI\ThermalZone\TZ00 has engaged active cooling.             
EventTime = ?2015?-?03?-?20T17:23:48.850809400Z             
_AC0 = 358K             
_AC1 = 328K             
_AC2 = 273K             
_AC3 = 273K             
_AC4 = 273K             
_AC5 = 0K             
_AC6 = 0K             
_AC7 = 0K             
_AC8 = 0K             
_AC9 = 0K             
_TMP = 301K","84","0",,"4","81","0","1152921504606847008","294","Microsoft-Windows-Kernel-Power","331c3b3a-2005-44c2-ac5e-77220c37d6b4","Microsoft-Windows-Kernel-Power/Thermal-Operational","4","52","rjaf-PC4429","S-1-5-18","3/20/2015 8:23:48 AM",,,"c:\users\mac_1\desktop\winevt\logs\microsoft-windows-kernel-power%4thermal-operational.evtx","System.UInt32[]","System.Diagnostics.Eventing.Reader.EventBookmark","Information","Info",,"System.Collections.ObjectModel.ReadOnlyCollection`1[System.String]","System.Collections.Generic.List`1[System.Diagnostics.Eventing.Reader.EventProperty]"
"ACPI thermal zone ACPI\ThermalZone\TZ00 has engaged active cooling.             
EventTime = ?2015?-?03?-?15T10:18:26.180008200Z             
_AC0 = 358K             
_AC1 = 328K             
_AC2 = 273K             
_AC3 = 273K             
_AC4 = 273K             
_AC5 = 0K             
_AC6 = 0K             
_AC7 = 0K             
_AC8 = 0K             
_AC9 = 0K             
_TMP = 301K","84","0",,"4","81","0","1152921504606847008","293","Microsoft-Windows-Kernel-Power","331c3b3a-2005-44c2-ac5e-77220c37d6b4","Microsoft-Windows-Kernel-Power/Thermal-Operational","4","52","rjaf-PC4429","S-1-5-18","3/15/2015 1:18:26 AM",,,"c:\users\mac_1\desktop\winevt\logs\microsoft-windows-kernel-power%4thermal-operational.evtx","System.UInt32[]","System.Diagnostics.Eventing.Reader.EventBookmark","Information","Info",,"System.Collections.ObjectModel.ReadOnlyCollection`1[System.String]","System.Collections.Generic.List`1[System.Diagnostics.Eventing.Reader.EventProperty]"
"ACPI thermal zone ACPI\ThermalZone\TZ00 has engaged active cooling.             
EventTime = ?2015?-?03?-?14T20:52:47.821207500Z             
_AC0 = 358K             
_AC1 = 328K             
_AC2 = 273K             
_AC3 = 273K             
_AC4 = 273K             
_AC5 = 0K             
_AC6 = 0K             
_AC7 = 0K             
_AC8 = 0K             
_AC9 = 0K             
_TMP = 301K","84","0",,"4","81","0","1152921504606847008","292","Microsoft-Windows-Kernel-Power","331c3b3a-2005-44c2-ac5e-77220c37d6b4","Microsoft-Windows-Kernel-Power/Thermal-Operational","4","48","rjaf-PC4429","S-1-5-18","3/14/2015 11:52:47 AM",,,"c:\users\mac_1\desktop\winevt\logs\microsoft-windows-kernel-power%4thermal-operational.evtx","System.UInt32[]","System.Diagnostics.Eventing.Reader.EventBookmark","Information","Info",,"System.Collections.ObjectModel.ReadOnlyCollection`1[System.String]","System.Collections.Generic.List`1[System.Diagnostics.Eventing.Reader.EventProperty]"
"ACPI thermal zone ACPI\ThermalZone\TZ00 has engaged active cooling.             
EventTime = ?2015?-?03?-?14T16:34:55.850809400Z             
_AC0 = 358K             
_AC1 = 328K             
_AC2 = 273K             
_AC3 = 273K             
_AC4 = 273K             
_AC5 = 0K             
_AC6 = 0K             
_AC7 = 0K             
_AC8 = 0K             
_AC9 = 0K             
_TMP = 301K","84","0",,"4","81","0","1152921504606847008","291","Microsoft-Windows-Kernel-Power","331c3b3a-2005-44c2-ac5e-77220c37d6b4","Microsoft-Windows-Kernel-Power/Thermal-Operational","4","56","rjaf-PC4429","S-1-5-18","3/14/2015 7:34:55 AM",,,"c:\users\mac_1\desktop\winevt\logs\microsoft-windows-kernel-power%4thermal-operational.evtx","System.UInt32[]","System.Diagnostics.Eventing.Reader.EventBookmark","Information","Info",,"System.Collections.ObjectModel.ReadOnlyCollection`1[System.String]","System.Collections.Generic.List`1[System.Diagnostics.Eventing.Reader.EventProperty]"
"ACPI thermal zone ACPI\ThermalZone\TZ00 has engaged active cooling.             
EventTime = ?2015?-?03?-?14T16:20:27.835209300Z             
_AC0 = 358K             
_AC1 = 328K             
_AC2 = 273K             
_AC3 = 273K             
_AC4 = 273K             
_AC5 = 0K             
_AC6 = 0K             
_AC7 = 0K             
_AC8 = 0K             
_AC9 = 0K             
_TMP = 301K","84","0",,"4","81","0","1152921504606847008","290","Microsoft-Windows-Kernel-Power","331c3b3a-2005-44c2-ac5e-77220c37d6b4","Microsoft-Windows-Kernel-Power/Thermal-Operational","4","64","rjaf-PC4429","S-1-5-18","3/14/2015 7:20:27 AM",,,"c:\users\mac_1\desktop\winevt\logs\microsoft-windows-kernel-power%4thermal-operational.evtx","System.UInt32[]","System.Diagnostics.Eventing.Reader.EventBookmark","Information","Info",,"System.Collections.ObjectModel.ReadOnlyCollection`1[System.String]","System.Collections.Generic.List`1[System.Diagnostics.Eventing.Reader.EventProperty]"
"ACPI thermal zone ACPI\ThermalZone\TZ00 has engaged active cooling.             
EventTime = ?2015?-?03?-?14T16:18:59.896011200Z             
_AC0 = 358K             
_AC1 = 328K             
_AC2 = 273K             
_AC3 = 273K             
_AC4 = 273K             
_AC5 = 0K             
_AC6 = 0K             
_AC7 = 0K             
_AC8 = 0K             
_AC9 = 0K             
_TMP = 301K","84","0",,"4","81","0","1152921504606847008","289","Microsoft-Windows-Kernel-Power","331c3b3a-2005-44c2-ac5e-77220c37d6b4","Microsoft-Windows-Kernel-Power/Thermal-Operational","4","64","rjaf-PC4429","S-1-5-18","3/14/2015 7:18:59 AM",,,"c:\users\mac_1\desktop\winevt\logs\microsoft-windows-kernel-power%4thermal-operational.evtx","System.UInt32[]","System.Diagnostics.Eventing.Reader.EventBookmark","Information","Info",,"System.Collections.ObjectModel.ReadOnlyCollection`1[System.String]","System.Collections.Generic.List`1[System.Diagnostics.Eventing.Reader.EventProperty]"
"ACPI thermal zone ACPI\ThermalZone\TZ00 has engaged active cooling.             
EventTime = ?2015?-?03?-?14T12:13:05.944409500Z             
_AC0 = 358K             
_AC1 = 328K             
_AC2 = 273K             
_AC3 = 273K             
_AC4 = 273K             
_AC5 = 0K             
_AC6 = 0K             
_AC7 = 0K             
_AC8 = 0K             
_AC9 = 0K             
_TMP = 301K","84","0",,"4","81","0","1152921504606847008","288","Microsoft-Windows-Kernel-Power","331c3b3a-2005-44c2-ac5e-77220c37d6b4","Microsoft-Windows-Kernel-Power/Thermal-Operational","4","48","rjaf-PC4429","S-1-5-18","3/14/2015 3:13:05 AM",,,"c:\users\mac_1\desktop\winevt\logs\microsoft-windows-kernel-power%4thermal-operational.evtx","System.UInt32[]","System.Diagnostics.Eventing.Reader.EventBookmark","Information","Info",,"System.Collections.ObjectModel.ReadOnlyCollection`1[System.String]","System.Collections.Generic.List`1[System.Diagnostics.Eventing.Reader.EventProperty]"
"ACPI thermal zone ACPI\ThermalZone\TZ00 has engaged active cooling.             
EventTime = ?2015?-?03?-?13T22:53:13.538808800Z             
_AC0 = 358K             
_AC1 = 328K             
_AC2 = 273K             
_AC3 = 273K             
_AC4 = 273K             
_AC5 = 0K             
_AC6 = 0K             
_AC7 = 0K             
_AC8 = 0K             
_AC9 = 0K             
_TMP = 301K","84","0",,"4","81","0","1152921504606847008","287","Microsoft-Windows-Kernel-Power","331c3b3a-2005-44c2-ac5e-77220c37d6b4","Microsoft-Windows-Kernel-Power/Thermal-Operational","4","52","rjaf-PC4429","S-1-5-18","3/13/2015 1:53:13 PM",,,"c:\users\mac_1\desktop\winevt\logs\microsoft-windows-kernel-power%4thermal-operational.evtx","System.UInt32[]","System.Diagnostics.Eventing.Reader.EventBookmark","Information","Info",,"System.Collections.ObjectModel.ReadOnlyCollection`1[System.String]","System.Collections.Generic.List`1[System.Diagnostics.Eventing.Reader.EventProperty]"
"ACPI thermal zone ACPI\ThermalZone\TZ00 has engaged active cooling.             
EventTime = ?2015?-?03?-?13T22:41:42.102008000Z             
_AC0 = 358K             
_AC1 = 328K             
_AC2 = 273K             
_AC3 = 273K             
_AC4 = 273K             
_AC5 = 0K             
_AC6 = 0K             
_AC7 = 0K             
_AC8 = 0K             
_AC9 = 0K             
_TMP = 301K","84","0",,"4","81","0","1152921504606847008","286","Microsoft-Windows-Kernel-Power","331c3b3a-2005-44c2-ac5e-77220c37d6b4","Microsoft-Windows-Kernel-Power/Thermal-Operational","4","60","rjaf-PC4429","S-1-5-18","3/13/2015 1:41:42 PM",,,"c:\users\mac_1\desktop\winevt\logs\microsoft-windows-kernel-power%4thermal-operational.evtx","System.UInt32[]","System.Diagnostics.Eventing.Reader.EventBookmark","Information","Info",,"System.Collections.ObjectModel.ReadOnlyCollection`1[System.String]","System.Collections.Generic.List`1[System.Diagnostics.Eventing.Reader.EventProperty]"
"ACPI thermal zone ACPI\ThermalZone\TZ00 has engaged active cooling.             
EventTime = ?2015?-?03?-?13T14:22:26.070808000Z             
_AC0 = 358K             
_AC1 = 328K             
_AC2 = 273K             
_AC3 = 273K             
_AC4 = 273K             
_AC5 = 0K             
_AC6 = 0K             
_AC7 = 0K             
_AC8 = 0K             
_AC9 = 0K             
_TMP = 301K","84","0",,"4","81","0","1152921504606847008","285","Microsoft-Windows-Kernel-Power","331c3b3a-2005-44c2-ac5e-77220c37d6b4","Microsoft-Windows-Kernel-Power/Thermal-Operational","4","68","rjaf-PC4429","S-1-5-18","3/13/2015 5:22:26 AM",,,"c:\users\mac_1\desktop\winevt\logs\microsoft-windows-kernel-power%4thermal-operational.evtx","System.UInt32[]","System.Diagnostics.Eventing.Reader.EventBookmark","Information","Info",,"System.Collections.ObjectModel.ReadOnlyCollection`1[System.String]","System.Collections.Generic.List`1[System.Diagnostics.Eventing.Reader.EventProperty]"
"ACPI thermal zone ACPI\ThermalZone\TZ00 has engaged active cooling.             
EventTime = ?2015?-?03?-?10T13:43:40.694809100Z             
_AC0 = 358K             
_AC1 = 328K             
_AC2 = 273K             
_AC3 = 273K             
_AC4 = 273K             
_AC5 = 0K             
_AC6 = 0K             
_AC7 = 0K             
_AC8 = 0K             
_AC9 = 0K             
_TMP = 301K","84","0",,"4","81","0","1152921504606847008","284","Microsoft-Windows-Kernel-Power","331c3b3a-2005-44c2-ac5e-77220c37d6b4","Microsoft-Windows-Kernel-Power/Thermal-Operational","4","48","rjaf-PC4429","S-1-5-18","3/10/2015 4:43:40 AM",,,"c:\users\mac_1\desktop\winevt\logs\microsoft-windows-kernel-power%4thermal-operational.evtx","System.UInt32[]","System.Diagnostics.Eventing.Reader.EventBookmark","Information","Info",,"System.Collections.ObjectModel.ReadOnlyCollection`1[System.String]","System.Collections.Generic.List`1[System.Diagnostics.Eventing.Reader.EventProperty]"
"ACPI thermal zone ACPI\ThermalZone\TZ00 has engaged active cooling.             
EventTime = ?2015?-?03?-?09T11:18:10.648009000Z             
_AC0 = 358K             
_AC1 = 328K             
_AC2 = 273K             
_AC3 = 273K             
_AC4 = 273K             
_AC5 = 0K             
_AC6 = 0K             
_AC7 = 0K             
_AC8 = 0K             
_AC9 = 0K             
_TMP = 301K","84","0",,"4","81","0","1152921504606847008","283","Microsoft-Windows-Kernel-Power","331c3b3a-2005-44c2-ac5e-77220c37d6b4","Microsoft-Windows-Kernel-Power/Thermal-Operational","4","64","rjaf-PC4429","S-1-5-18","3/9/2015 2:18:10 AM",,,"c:\users\mac_1\desktop\winevt\logs\microsoft-windows-kernel-power%4thermal-operational.evtx","System.UInt32[]","System.Diagnostics.Eventing.Reader.EventBookmark","Information","Info",,"System.Collections.ObjectModel.ReadOnlyCollection`1[System.String]","System.Collections.Generic.List`1[System.Diagnostics.Eventing.Reader.EventProperty]"
"ACPI thermal zone ACPI\ThermalZone\TZ00 has engaged active cooling.             
EventTime = ?2015?-?03?-?08T10:42:54.315613700Z             
_AC0 = 358K             
_AC1 = 328K             
_AC2 = 273K             
_AC3 = 273K             
_AC4 = 273K             
_AC5 = 0K             
_AC6 = 0K             
_AC7 = 0K             
_AC8 = 0K             
_AC9 = 0K             
_TMP = 301K","84","0",,"4","81","0","1152921504606847008","282","Microsoft-Windows-Kernel-Power","331c3b3a-2005-44c2-ac5e-77220c37d6b4","Microsoft-Windows-Kernel-Power/Thermal-Operational","4","60","rjaf-PC4429","S-1-5-18","3/8/2015 12:42:54 AM",,,"c:\users\mac_1\desktop\winevt\logs\microsoft-windows-kernel-power%4thermal-operational.evtx","System.UInt32[]","System.Diagnostics.Eventing.Reader.EventBookmark","Information","Info",,"System.Collections.ObjectModel.ReadOnlyCollection`1[System.String]","System.Collections.Generic.List`1[System.Diagnostics.Eventing.Reader.EventProperty]"
"ACPI thermal zone ACPI\ThermalZone\TZ00 has engaged active cooling.             
EventTime = ?2015?-?03?-?01T12:33:03.852407600Z             
_AC0 = 358K             
_AC1 = 328K             
_AC2 = 273K             
_AC3 = 273K             
_AC4 = 273K             
_AC5 = 0K             
_AC6 = 0K             
_AC7 = 0K             
_AC8 = 0K             
_AC9 = 0K             
_TMP = 301K","84","0",,"4","81","0","1152921504606847008","281","Microsoft-Windows-Kernel-Power","331c3b3a-2005-44c2-ac5e-77220c37d6b4","Microsoft-Windows-Kernel-Power/Thermal-Operational","4","44","rjaf-PC4429","S-1-5-18","3/1/2015 2:33:03 AM",,,"c:\users\mac_1\desktop\winevt\logs\microsoft-windows-kernel-power%4thermal-operational.evtx","System.UInt32[]","System.Diagnostics.Eventing.Reader.EventBookmark","Information","Info",,"System.Collections.ObjectModel.ReadOnlyCollection`1[System.String]","System.Collections.Generic.List`1[System.Diagnostics.Eventing.Reader.EventProperty]"
"ACPI thermal zone ACPI\ThermalZone\TZ00 has engaged active cooling.             
EventTime = ?2015?-?02?-?22T22:10:17.100409800Z             
_AC0 = 358K             
_AC1 = 328K             
_AC2 = 273K             
_AC3 = 273K             
_AC4 = 273K             
_AC5 = 0K             
_AC6 = 0K             
_AC7 = 0K             
_AC8 = 0K             
_AC9 = 0K             
_TMP = 301K","84","0",,"4","81","0","1152921504606847008","280","Microsoft-Windows-Kernel-Power","331c3b3a-2005-44c2-ac5e-77220c37d6b4","Microsoft-Windows-Kernel-Power/Thermal-Operational","4","44","rjaf-PC4429","S-1-5-18","2/22/2015 12:10:17 PM",,,"c:\users\mac_1\desktop\winevt\logs\microsoft-windows-kernel-power%4thermal-operational.evtx","System.UInt32[]","System.Diagnostics.Eventing.Reader.EventBookmark","Information","Info",,"System.Collections.ObjectModel.ReadOnlyCollection`1[System.String]","System.Collections.Generic.List`1[System.Diagnostics.Eventing.Reader.EventProperty]"
"ACPI thermal zone ACPI\ThermalZone\TZ00 has engaged active cooling.             
EventTime = ?2015?-?02?-?21T16:11:06.913209500Z             
_AC0 = 358K             
_AC1 = 328K             
_AC2 = 273K             
_AC3 = 273K             
_AC4 = 273K             
_AC5 = 0K             
_AC6 = 0K             
_AC7 = 0K             
_AC8 = 0K             
_AC9 = 0K             
_TMP = 301K","84","0",,"4","81","0","1152921504606847008","279","Microsoft-Windows-Kernel-Power","331c3b3a-2005-44c2-ac5e-77220c37d6b4","Microsoft-Windows-Kernel-Power/Thermal-Operational","4","64","rjaf-PC4429","S-1-5-18","2/21/2015 6:11:06 AM",,,"c:\users\mac_1\desktop\winevt\logs\microsoft-windows-kernel-power%4thermal-operational.evtx","System.UInt32[]","System.Diagnostics.Eventing.Reader.EventBookmark","Information","Info",,"System.Collections.ObjectModel.ReadOnlyCollection`1[System.String]","System.Collections.Generic.List`1[System.Diagnostics.Eventing.Reader.EventProperty]"
"ACPI thermal zone ACPI\ThermalZone\TZ00 has engaged active cooling.             
EventTime = ?2015?-?02?-?19T08:58:05.942811300Z             
_AC0 = 358K             
_AC1 = 328K             
_AC2 = 273K             
_AC3 = 273K             
_AC4 = 273K             
_AC5 = 0K             
_AC6 = 0K             
_AC7 = 0K             
_AC8 = 0K             
_AC9 = 0K             
_TMP = 301K","84","0",,"4","81","0","1152921504606847008","278","Microsoft-Windows-Kernel-Power","331c3b3a-2005-44c2-ac5e-77220c37d6b4","Microsoft-Windows-Kernel-Power/Thermal-Operational","4","64","rjaf-PC4429","S-1-5-18","2/18/2015 10:58:05 PM",,,"c:\users\mac_1\desktop\winevt\logs\microsoft-windows-kernel-power%4thermal-operational.evtx","System.UInt32[]","System.Diagnostics.Eventing.Reader.EventBookmark","Information","Info",,"System.Collections.ObjectModel.ReadOnlyCollection`1[System.String]","System.Collections.Generic.List`1[System.Diagnostics.Eventing.Reader.EventProperty]"
"ACPI thermal zone ACPI\ThermalZone\TZ00 has engaged active cooling.             
EventTime = ?2015?-?02?-?17T14:10:16.459210400Z             
_AC0 = 358K             
_AC1 = 328K             
_AC2 = 273K             
_AC3 = 273K             
_AC4 = 273K             
_AC5 = 0K             
_AC6 = 0K             
_AC7 = 0K             
_AC8 = 0K             
_AC9 = 0K             
_TMP = 301K","84","0",,"4","81","0","1152921504606847008","277","Microsoft-Windows-Kernel-Power","331c3b3a-2005-44c2-ac5e-77220c37d6b4","Microsoft-Windows-Kernel-Power/Thermal-Operational","4","52","rjaf-PC4429","S-1-5-18","2/17/2015 4:10:16 AM",,,"c:\users\mac_1\desktop\winevt\logs\microsoft-windows-kernel-power%4thermal-operational.evtx","System.UInt32[]","System.Diagnostics.Eventing.Reader.EventBookmark","Information","Info",,"System.Collections.ObjectModel.ReadOnlyCollection`1[System.String]","System.Collections.Generic.List`1[System.Diagnostics.Eventing.Reader.EventProperty]"
"ACPI thermal zone ACPI\ThermalZone\TZ00 has engaged active cooling.             
EventTime = ?2015?-?02?-?17T12:58:26.284413600Z             
_AC0 = 358K             
_AC1 = 328K             
_AC2 = 273K             
_AC3 = 273K             
_AC4 = 273K             
_AC5 = 0K             
_AC6 = 0K             
_AC7 = 0K             
_AC8 = 0K             
_AC9 = 0K             
_TMP = 301K","84","0",,"4","81","0","1152921504606847008","276","Microsoft-Windows-Kernel-Power","331c3b3a-2005-44c2-ac5e-77220c37d6b4","Microsoft-Windows-Kernel-Power/Thermal-Operational","4","44","rjaf-PC4429","S-1-5-18","2/17/2015 2:58:26 AM",,,"c:\users\mac_1\desktop\winevt\logs\microsoft-windows-kernel-power%4thermal-operational.evtx","System.UInt32[]","System.Diagnostics.Eventing.Reader.EventBookmark","Information","Info",,"System.Collections.ObjectModel.ReadOnlyCollection`1[System.String]","System.Collections.Generic.List`1[System.Diagnostics.Eventing.Reader.EventProperty]"
"ACPI thermal zone ACPI\ThermalZone\TZ00 has engaged active cooling.             
EventTime = ?2015?-?02?-?17T12:23:57.376415500Z             
_AC0 = 358K             
_AC1 = 328K             
_AC2 = 273K             
_AC3 = 273K             
_AC4 = 273K             
_AC5 = 0K             
_AC6 = 0K             
_AC7 = 0K             
_AC8 = 0K             
_AC9 = 0K             
_TMP = 301K","84","0",,"4","81","0","1152921504606847008","275","Microsoft-Windows-Kernel-Power","331c3b3a-2005-44c2-ac5e-77220c37d6b4","Microsoft-Windows-Kernel-Power/Thermal-Operational","4","56","rjaf-PC4429","S-1-5-18","2/17/2015 2:23:57 AM",,,"c:\users\mac_1\desktop\winevt\logs\microsoft-windows-kernel-power%4thermal-operational.evtx","System.UInt32[]","System.Diagnostics.Eventing.Reader.EventBookmark","Information","Info",,"System.Collections.ObjectModel.ReadOnlyCollection`1[System.String]","System.Collections.Generic.List`1[System.Diagnostics.Eventing.Reader.EventProperty]"
"ACPI thermal zone ACPI\ThermalZone\TZ00 has engaged active cooling.             
EventTime = ?2015?-?02?-?14T22:08:13.757209200Z             
_AC0 = 358K             
_AC1 = 328K             
_AC2 = 273K             
_AC3 = 273K             
_AC4 = 273K             
_AC5 = 0K             
_AC6 = 0K             
_AC7 = 0K             
_AC8 = 0K             
_AC9 = 0K             
_TMP = 301K","84","0",,"4","81","0","1152921504606847008","274","Microsoft-Windows-Kernel-Power","331c3b3a-2005-44c2-ac5e-77220c37d6b4","Microsoft-Windows-Kernel-Power/Thermal-Operational","4","64","rjaf-PC4429","S-1-5-18","2/14/2015 12:08:13 PM",,,"c:\users\mac_1\desktop\winevt\logs\microsoft-windows-kernel-power%4thermal-operational.evtx","System.UInt32[]","System.Diagnostics.Eventing.Reader.EventBookmark","Information","Info",,"System.Collections.ObjectModel.ReadOnlyCollection`1[System.String]","System.Collections.Generic.List`1[System.Diagnostics.Eventing.Reader.EventProperty]"
"ACPI thermal zone ACPI\ThermalZone\TZ00 has engaged active cooling.             
EventTime = ?2015?-?02?-?14T14:27:34.240810000Z             
_AC0 = 358K             
_AC1 = 328K             
_AC2 = 273K             
_AC3 = 273K             
_AC4 = 273K             
_AC5 = 0K             
_AC6 = 0K             
_AC7 = 0K             
_AC8 = 0K             
_AC9 = 0K             
_TMP = 301K","84","0",,"4","81","0","1152921504606847008","273","Microsoft-Windows-Kernel-Power","331c3b3a-2005-44c2-ac5e-77220c37d6b4","Microsoft-Windows-Kernel-Power/Thermal-Operational","4","60","rjaf-PC4429","S-1-5-18","2/14/2015 4:27:34 AM",,,"c:\users\mac_1\desktop\winevt\logs\microsoft-windows-kernel-power%4thermal-operational.evtx","System.UInt32[]","System.Diagnostics.Eventing.Reader.EventBookmark","Information","Info",,"System.Collections.ObjectModel.ReadOnlyCollection`1[System.String]","System.Collections.Generic.List`1[System.Diagnostics.Eventing.Reader.EventProperty]"
"ACPI thermal zone ACPI\ThermalZone\TZ00 has engaged active cooling.             
EventTime = ?2015?-?02?-?11T10:24:06.574421200Z             
_AC0 = 358K             
_AC1 = 328K             
_AC2 = 273K             
_AC3 = 273K             
_AC4 = 273K             
_AC5 = 0K             
_AC6 = 0K             
_AC7 = 0K             
_AC8 = 0K             
_AC9 = 0K             
_TMP = 301K","84","0",,"4","81","0","1152921504606847008","272","Microsoft-Windows-Kernel-Power","331c3b3a-2005-44c2-ac5e-77220c37d6b4","Microsoft-Windows-Kernel-Power/Thermal-Operational","4","64","rjaf-PC4429","S-1-5-18","2/11/2015 12:24:06 AM",,,"c:\users\mac_1\desktop\winevt\logs\microsoft-windows-kernel-power%4thermal-operational.evtx","System.UInt32[]","System.Diagnostics.Eventing.Reader.EventBookmark","Information","Info",,"System.Collections.ObjectModel.ReadOnlyCollection`1[System.String]","System.Collections.Generic.List`1[System.Diagnostics.Eventing.Reader.EventProperty]"
"ACPI thermal zone ACPI\ThermalZone\TZ00 has engaged active cooling.             
EventTime = ?2015?-?02?-?06T19:12:14.958411300Z             
_AC0 = 358K             
_AC1 = 328K             
_AC2 = 273K             
_AC3 = 273K             
_AC4 = 273K             
_AC5 = 0K             
_AC6 = 0K             
_AC7 = 0K             
_AC8 = 0K             
_AC9 = 0K             
_TMP = 301K","84","0",,"4","81","0","1152921504606847008","271","Microsoft-Windows-Kernel-Power","331c3b3a-2005-44c2-ac5e-77220c37d6b4","Microsoft-Windows-Kernel-Power/Thermal-Operational","4","52","rjaf-PC4429","S-1-5-18","2/6/2015 9:12:14 AM",,,"c:\users\mac_1\desktop\winevt\logs\microsoft-windows-kernel-power%4thermal-operational.evtx","System.UInt32[]","System.Diagnostics.Eventing.Reader.EventBookmark","Information","Info",,"System.Collections.ObjectModel.ReadOnlyCollection`1[System.String]","System.Collections.Generic.List`1[System.Diagnostics.Eventing.Reader.EventProperty]"
"ACPI thermal zone ACPI\ThermalZone\TZ00 has engaged active cooling.             
EventTime = ?2015?-?02?-?02T10:09:01.474810500Z             
_AC0 = 358K             
_AC1 = 328K             
_AC2 = 273K             
_AC3 = 273K             
_AC4 = 273K             
_AC5 = 0K             
_AC6 = 0K             
_AC7 = 0K             
_AC8 = 0K             
_AC9 = 0K             
_TMP = 301K","84","0",,"4","81","0","1152921504606847008","270","Microsoft-Windows-Kernel-Power","331c3b3a-2005-44c2-ac5e-77220c37d6b4","Microsoft-Windows-Kernel-Power/Thermal-Operational","4","68","rjaf-PC4429","S-1-5-18","2/2/2015 12:09:01 AM",,,"c:\users\mac_1\desktop\winevt\logs\microsoft-windows-kernel-power%4thermal-operational.evtx","System.UInt32[]","System.Diagnostics.Eventing.Reader.EventBookmark","Information","Info",,"System.Collections.ObjectModel.ReadOnlyCollection`1[System.String]","System.Collections.Generic.List`1[System.Diagnostics.Eventing.Reader.EventProperty]"
"ACPI thermal zone ACPI\ThermalZone\TZ00 has engaged active cooling.             
EventTime = ?2015?-?01?-?31T10:24:51.960009500Z             
_AC0 = 358K             
_AC1 = 328K             
_AC2 = 273K             
_AC3 = 273K             
_AC4 = 273K             
_AC5 = 0K             
_AC6 = 0K             
_AC7 = 0K             
_AC8 = 0K             
_AC9 = 0K             
_TMP = 301K","84","0",,"4","81","0","1152921504606847008","269","Microsoft-Windows-Kernel-Power","331c3b3a-2005-44c2-ac5e-77220c37d6b4","Microsoft-Windows-Kernel-Power/Thermal-Operational","4","48","rjaf-PC4429","S-1-5-18","1/31/2015 12:24:51 AM",,,"c:\users\mac_1\desktop\winevt\logs\microsoft-windows-kernel-power%4thermal-operational.evtx","System.UInt32[]","System.Diagnostics.Eventing.Reader.EventBookmark","Information","Info",,"System.Collections.ObjectModel.ReadOnlyCollection`1[System.String]","System.Collections.Generic.List`1[System.Diagnostics.Eventing.Reader.EventProperty]"
"ACPI thermal zone ACPI\ThermalZone\TZ00 has engaged active cooling.             
EventTime = ?2015?-?01?-?30T21:13:49.662010800Z             
_AC0 = 358K             
_AC1 = 328K             
_AC2 = 273K             
_AC3 = 273K             
_AC4 = 273K             
_AC5 = 0K             
_AC6 = 0K             
_AC7 = 0K             
_AC8 = 0K             
_AC9 = 0K             
_TMP = 301K","84","0",,"4","81","0","1152921504606847008","268","Microsoft-Windows-Kernel-Power","331c3b3a-2005-44c2-ac5e-77220c37d6b4","Microsoft-Windows-Kernel-Power/Thermal-Operational","4","44","rjaf-PC4429","S-1-5-18","1/30/2015 11:13:49 AM",,,"c:\users\mac_1\desktop\winevt\logs\microsoft-windows-kernel-power%4thermal-operational.evtx","System.UInt32[]","System.Diagnostics.Eventing.Reader.EventBookmark","Information","Info",,"System.Collections.ObjectModel.ReadOnlyCollection`1[System.String]","System.Collections.Generic.List`1[System.Diagnostics.Eventing.Reader.EventProperty]"
"ACPI thermal zone ACPI\ThermalZone\TZ00 has engaged active cooling.             
EventTime = ?2015?-?01?-?29T14:57:15.147209900Z             
_AC0 = 358K             
_AC1 = 328K             
_AC2 = 273K             
_AC3 = 273K             
_AC4 = 273K             
_AC5 = 0K             
_AC6 = 0K             
_AC7 = 0K             
_AC8 = 0K             
_AC9 = 0K             
_TMP = 301K","84","0",,"4","81","0","1152921504606847008","267","Microsoft-Windows-Kernel-Power","331c3b3a-2005-44c2-ac5e-77220c37d6b4","Microsoft-Windows-Kernel-Power/Thermal-Operational","4","56","rjaf-PC4429","S-1-5-18","1/29/2015 4:57:15 AM",,,"c:\users\mac_1\desktop\winevt\logs\microsoft-windows-kernel-power%4thermal-operational.evtx","System.UInt32[]","System.Diagnostics.Eventing.Reader.EventBookmark","Information","Info",,"System.Collections.ObjectModel.ReadOnlyCollection`1[System.String]","System.Collections.Generic.List`1[System.Diagnostics.Eventing.Reader.EventProperty]"
"ACPI thermal zone ACPI\ThermalZone\TZ00 has engaged active cooling.             
EventTime = ?2015?-?01?-?29T14:16:37.412410300Z             
_AC0 = 358K             
_AC1 = 328K             
_AC2 = 273K             
_AC3 = 273K             
_AC4 = 273K             
_AC5 = 0K             
_AC6 = 0K             
_AC7 = 0K             
_AC8 = 0K             
_AC9 = 0K             
_TMP = 301K","84","0",,"4","81","0","1152921504606847008","266","Microsoft-Windows-Kernel-Power","331c3b3a-2005-44c2-ac5e-77220c37d6b4","Microsoft-Windows-Kernel-Power/Thermal-Operational","4","52","rjaf-PC4429","S-1-5-18","1/29/2015 4:16:37 AM",,,"c:\users\mac_1\desktop\winevt\logs\microsoft-windows-kernel-power%4thermal-operational.evtx","System.UInt32[]","System.Diagnostics.Eventing.Reader.EventBookmark","Information","Info",,"System.Collections.ObjectModel.ReadOnlyCollection`1[System.String]","System.Collections.Generic.List`1[System.Diagnostics.Eventing.Reader.EventProperty]"
"ACPI thermal zone ACPI\ThermalZone\TZ00 has engaged active cooling.             
EventTime = ?2015?-?01?-?25T15:32:10.529219300Z             
_AC0 = 358K             
_AC1 = 328K             
_AC2 = 273K             
_AC3 = 273K             
_AC4 = 273K             
_AC5 = 0K             
_AC6 = 0K             
_AC7 = 0K             
_AC8 = 0K             
_AC9 = 0K             
_TMP = 301K","84","0",,"4","81","0","1152921504606847008","265","Microsoft-Windows-Kernel-Power","331c3b3a-2005-44c2-ac5e-77220c37d6b4","Microsoft-Windows-Kernel-Power/Thermal-Operational","4","68","rjaf-PC4429","S-1-5-18","1/25/2015 5:32:10 AM",,,"c:\users\mac_1\desktop\winevt\logs\microsoft-windows-kernel-power%4thermal-operational.evtx","System.UInt32[]","System.Diagnostics.Eventing.Reader.EventBookmark","Information","Info",,"System.Collections.ObjectModel.ReadOnlyCollection`1[System.String]","System.Collections.Generic.List`1[System.Diagnostics.Eventing.Reader.EventProperty]"
"ACPI thermal zone ACPI\ThermalZone\TZ00 has engaged active cooling.             
EventTime = ?2015?-?01?-?24T16:32:54.428010400Z             
_AC0 = 358K             
_AC1 = 328K             
_AC2 = 273K             
_AC3 = 273K             
_AC4 = 273K             
_AC5 = 0K             
_AC6 = 0K             
_AC7 = 0K             
_AC8 = 0K             
_AC9 = 0K             
_TMP = 301K","84","0",,"4","81","0","1152921504606847008","264","Microsoft-Windows-Kernel-Power","331c3b3a-2005-44c2-ac5e-77220c37d6b4","Microsoft-Windows-Kernel-Power/Thermal-Operational","4","64","rjaf-PC4429","S-1-5-18","1/24/2015 6:32:54 AM",,,"c:\users\mac_1\desktop\winevt\logs\microsoft-windows-kernel-power%4thermal-operational.evtx","System.UInt32[]","System.Diagnostics.Eventing.Reader.EventBookmark","Information","Info",,"System.Collections.ObjectModel.ReadOnlyCollection`1[System.String]","System.Collections.Generic.List`1[System.Diagnostics.Eventing.Reader.EventProperty]"
"ACPI thermal zone ACPI\ThermalZone\TZ00 has engaged active cooling.             
EventTime = ?2015?-?01?-?24T08:39:51.584010600Z             
_AC0 = 358K             
_AC1 = 328K             
_AC2 = 273K             
_AC3 = 273K             
_AC4 = 273K             
_AC5 = 0K             
_AC6 = 0K             
_AC7 = 0K             
_AC8 = 0K             
_AC9 = 0K             
_TMP = 301K","84","0",,"4","81","0","1152921504606847008","263","Microsoft-Windows-Kernel-Power","331c3b3a-2005-44c2-ac5e-77220c37d6b4","Microsoft-Windows-Kernel-Power/Thermal-Operational","4","52","rjaf-PC4429","S-1-5-18","1/23/2015 10:39:51 PM",,,"c:\users\mac_1\desktop\winevt\logs\microsoft-windows-kernel-power%4thermal-operational.evtx","System.UInt32[]","System.Diagnostics.Eventing.Reader.EventBookmark","Information","Info",,"System.Collections.ObjectModel.ReadOnlyCollection`1[System.String]","System.Collections.Generic.List`1[System.Diagnostics.Eventing.Reader.EventProperty]"
"ACPI thermal zone ACPI\ThermalZone\TZ00 has engaged active cooling.             
EventTime = ?2015?-?01?-?18T10:34:09.601208900Z             
_AC0 = 358K             
_AC1 = 328K             
_AC2 = 273K             
_AC3 = 273K             
_AC4 = 273K             
_AC5 = 0K             
_AC6 = 0K             
_AC7 = 0K             
_AC8 = 0K             
_AC9 = 0K             
_TMP = 301K","84","0",,"4","81","0","1152921504606847008","262","Microsoft-Windows-Kernel-Power","331c3b3a-2005-44c2-ac5e-77220c37d6b4","Microsoft-Windows-Kernel-Power/Thermal-Operational","4","68","rjaf-PC4429","S-1-5-18","1/18/2015 12:34:09 AM",,,"c:\users\mac_1\desktop\winevt\logs\microsoft-windows-kernel-power%4thermal-operational.evtx","System.UInt32[]","System.Diagnostics.Eventing.Reader.EventBookmark","Information","Info",,"System.Collections.ObjectModel.ReadOnlyCollection`1[System.String]","System.Collections.Generic.List`1[System.Diagnostics.Eventing.Reader.EventProperty]"
"ACPI thermal zone ACPI\ThermalZone\TZ00 has engaged active cooling.             
EventTime = ?2015?-?01?-?17T09:10:14.942811300Z             
_AC0 = 358K             
_AC1 = 328K             
_AC2 = 273K             
_AC3 = 273K             
_AC4 = 273K             
_AC5 = 0K             
_AC6 = 0K             
_AC7 = 0K             
_AC8 = 0K             
_AC9 = 0K             
_TMP = 301K","84","0",,"4","81","0","1152921504606847008","261","Microsoft-Windows-Kernel-Power","331c3b3a-2005-44c2-ac5e-77220c37d6b4","Microsoft-Windows-Kernel-Power/Thermal-Operational","4","60","rjaf-PC4429","S-1-5-18","1/16/2015 11:10:14 PM",,,"c:\users\mac_1\desktop\winevt\logs\microsoft-windows-kernel-power%4thermal-operational.evtx","System.UInt32[]","System.Diagnostics.Eventing.Reader.EventBookmark","Information","Info",,"System.Collections.ObjectModel.ReadOnlyCollection`1[System.String]","System.Collections.Generic.List`1[System.Diagnostics.Eventing.Reader.EventProperty]"
"ACPI thermal zone ACPI\ThermalZone\TZ00 has engaged active cooling.             
EventTime = ?2015?-?01?-?15T14:49:00.708810900Z             
_AC0 = 358K             
_AC1 = 328K             
_AC2 = 273K             
_AC3 = 273K             
_AC4 = 273K             
_AC5 = 0K             
_AC6 = 0K             
_AC7 = 0K             
_AC8 = 0K             
_AC9 = 0K             
_TMP = 301K","84","0",,"4","81","0","1152921504606847008","260","Microsoft-Windows-Kernel-Power","331c3b3a-2005-44c2-ac5e-77220c37d6b4","Microsoft-Windows-Kernel-Power/Thermal-Operational","4","60","rjaf-PC4429","S-1-5-18","1/15/2015 4:49:00 AM",,,"c:\users\mac_1\desktop\winevt\logs\microsoft-windows-kernel-power%4thermal-operational.evtx","System.UInt32[]","System.Diagnostics.Eventing.Reader.EventBookmark","Information","Info",,"System.Collections.ObjectModel.ReadOnlyCollection`1[System.String]","System.Collections.Generic.List`1[System.Diagnostics.Eventing.Reader.EventProperty]"
"ACPI thermal zone ACPI\ThermalZone\TZ00 has engaged active cooling.             
EventTime = ?2015?-?01?-?14T14:20:32.289208400Z             
_AC0 = 358K             
_AC1 = 328K             
_AC2 = 273K             
_AC3 = 273K             
_AC4 = 273K             
_AC5 = 0K             
_AC6 = 0K             
_AC7 = 0K             
_AC8 = 0K             
_AC9 = 0K             
_TMP = 301K","84","0",,"4","81","0","1152921504606847008","259","Microsoft-Windows-Kernel-Power","331c3b3a-2005-44c2-ac5e-77220c37d6b4","Microsoft-Windows-Kernel-Power/Thermal-Operational","4","68","rjaf-PC4429","S-1-5-18","1/14/2015 4:20:32 AM",,,"c:\users\mac_1\desktop\winevt\logs\microsoft-windows-kernel-power%4thermal-operational.evtx","System.UInt32[]","System.Diagnostics.Eventing.Reader.EventBookmark","Information","Info",,"System.Collections.ObjectModel.ReadOnlyCollection`1[System.String]","System.Collections.Generic.List`1[System.Diagnostics.Eventing.Reader.EventProperty]"
"ACPI thermal zone ACPI\ThermalZone\TZ00 has engaged active cooling.             
EventTime = ?2015?-?01?-?11T11:35:51.554408800Z             
_AC0 = 358K             
_AC1 = 328K             
_AC2 = 273K             
_AC3 = 273K             
_AC4 = 273K             
_AC5 = 0K             
_AC6 = 0K             
_AC7 = 0K             
_AC8 = 0K             
_AC9 = 0K             
_TMP = 301K","84","0",,"4","81","0","1152921504606847008","258","Microsoft-Windows-Kernel-Power","331c3b3a-2005-44c2-ac5e-77220c37d6b4","Microsoft-Windows-Kernel-Power/Thermal-Operational","4","60","rjaf-PC4429","S-1-5-18","1/11/2015 1:35:51 AM",,,"c:\users\mac_1\desktop\winevt\logs\microsoft-windows-kernel-power%4thermal-operational.evtx","System.UInt32[]","System.Diagnostics.Eventing.Reader.EventBookmark","Information","Info",,"System.Collections.ObjectModel.ReadOnlyCollection`1[System.String]","System.Collections.Generic.List`1[System.Diagnostics.Eventing.Reader.EventProperty]"
"ACPI thermal zone ACPI\ThermalZone\TZ00 has engaged active cooling.             
EventTime = ?2015?-?01?-?10T20:39:06.523208800Z             
_AC0 = 358K             
_AC1 = 328K             
_AC2 = 273K             
_AC3 = 273K             
_AC4 = 273K             
_AC5 = 0K             
_AC6 = 0K             
_AC7 = 0K             
_AC8 = 0K             
_AC9 = 0K             
_TMP = 301K","84","0",,"4","81","0","1152921504606847008","257","Microsoft-Windows-Kernel-Power","331c3b3a-2005-44c2-ac5e-77220c37d6b4","Microsoft-Windows-Kernel-Power/Thermal-Operational","4","68","rjaf-PC4429","S-1-5-18","1/10/2015 10:39:06 AM",,,"c:\users\mac_1\desktop\winevt\logs\microsoft-windows-kernel-power%4thermal-operational.evtx","System.UInt32[]","System.Diagnostics.Eventing.Reader.EventBookmark","Information","Info",,"System.Collections.ObjectModel.ReadOnlyCollection`1[System.String]","System.Collections.Generic.List`1[System.Diagnostics.Eventing.Reader.EventProperty]"
"ACPI thermal zone ACPI\ThermalZone\TZ00 has engaged active cooling.             
EventTime = ?2015?-?01?-?07T10:28:56.044020200Z             
_AC0 = 358K             
_AC1 = 328K             
_AC2 = 273K             
_AC3 = 273K             
_AC4 = 273K             
_AC5 = 0K             
_AC6 = 0K             
_AC7 = 0K             
_AC8 = 0K             
_AC9 = 0K             
_TMP = 301K","84","0",,"4","81","0","1152921504606847008","256","Microsoft-Windows-Kernel-Power","331c3b3a-2005-44c2-ac5e-77220c37d6b4","Microsoft-Windows-Kernel-Power/Thermal-Operational","4","56","rjaf-PC4429","S-1-5-18","1/7/2015 12:28:56 AM",,,"c:\users\mac_1\desktop\winevt\logs\microsoft-windows-kernel-power%4thermal-operational.evtx","System.UInt32[]","System.Diagnostics.Eventing.Reader.EventBookmark","Information","Info",,"System.Collections.ObjectModel.ReadOnlyCollection`1[System.String]","System.Collections.Generic.List`1[System.Diagnostics.Eventing.Reader.EventProperty]"
"ACPI thermal zone ACPI\ThermalZone\TZ00 has engaged active cooling.             
EventTime = ?2015?-?01?-?05T10:56:56.741609200Z             
_AC0 = 358K             
_AC1 = 328K             
_AC2 = 273K             
_AC3 = 273K             
_AC4 = 273K             
_AC5 = 0K             
_AC6 = 0K             
_AC7 = 0K             
_AC8 = 0K             
_AC9 = 0K             
_TMP = 301K","84","0",,"4","81","0","1152921504606847008","255","Microsoft-Windows-Kernel-Power","331c3b3a-2005-44c2-ac5e-77220c37d6b4","Microsoft-Windows-Kernel-Power/Thermal-Operational","4","60","rjaf-PC4429","S-1-5-18","1/5/2015 12:56:56 AM",,,"c:\users\mac_1\desktop\winevt\logs\microsoft-windows-kernel-power%4thermal-operational.evtx","System.UInt32[]","System.Diagnostics.Eventing.Reader.EventBookmark","Information","Info",,"System.Collections.ObjectModel.ReadOnlyCollection`1[System.String]","System.Collections.Generic.List`1[System.Diagnostics.Eventing.Reader.EventProperty]"
"ACPI thermal zone ACPI\ThermalZone\TZ00 has engaged active cooling.             
EventTime = ?2014?-?12?-?28T21:36:51.602807200Z             
_AC0 = 358K             
_AC1 = 328K             
_AC2 = 273K             
_AC3 = 273K             
_AC4 = 273K             
_AC5 = 0K             
_AC6 = 0K             
_AC7 = 0K             
_AC8 = 0K             
_AC9 = 0K             
_TMP = 301K","84","0",,"4","81","0","1152921504606847008","254","Microsoft-Windows-Kernel-Power","331c3b3a-2005-44c2-ac5e-77220c37d6b4","Microsoft-Windows-Kernel-Power/Thermal-Operational","4","64","rjaf-PC4429","S-1-5-18","12/28/2014 11:36:51 AM",,,"c:\users\mac_1\desktop\winevt\logs\microsoft-windows-kernel-power%4thermal-operational.evtx","System.UInt32[]","System.Diagnostics.Eventing.Reader.EventBookmark","Information","Info",,"System.Collections.ObjectModel.ReadOnlyCollection`1[System.String]","System.Collections.Generic.List`1[System.Diagnostics.Eventing.Reader.EventProperty]"
"ACPI thermal zone ACPI\ThermalZone\TZ00 has engaged active cooling.             
EventTime = ?2014?-?12?-?25T13:57:01.863212900Z             
_AC0 = 358K             
_AC1 = 328K             
_AC2 = 273K             
_AC3 = 273K             
_AC4 = 273K             
_AC5 = 0K             
_AC6 = 0K             
_AC7 = 0K             
_AC8 = 0K             
_AC9 = 0K             
_TMP = 301K","84","0",,"4","81","0","1152921504606847008","253","Microsoft-Windows-Kernel-Power","331c3b3a-2005-44c2-ac5e-77220c37d6b4","Microsoft-Windows-Kernel-Power/Thermal-Operational","4","48","rjaf-PC4429","S-1-5-18","12/25/2014 3:57:01 AM",,,"c:\users\mac_1\desktop\winevt\logs\microsoft-windows-kernel-power%4thermal-operational.evtx","System.UInt32[]","System.Diagnostics.Eventing.Reader.EventBookmark","Information","Info",,"System.Collections.ObjectModel.ReadOnlyCollection`1[System.String]","System.Collections.Generic.List`1[System.Diagnostics.Eventing.Reader.EventProperty]"
"ACPI thermal zone ACPI\ThermalZone\TZ00 has engaged active cooling.             
EventTime = ?2014?-?12?-?24T10:59:56.804009300Z             
_AC0 = 358K             
_AC1 = 328K             
_AC2 = 273K             
_AC3 = 273K             
_AC4 = 273K             
_AC5 = 0K             
_AC6 = 0K             
_AC7 = 0K             
_AC8 = 0K             
_AC9 = 0K             
_TMP = 301K","84","0",,"4","81","0","1152921504606847008","252","Microsoft-Windows-Kernel-Power","331c3b3a-2005-44c2-ac5e-77220c37d6b4","Microsoft-Windows-Kernel-Power/Thermal-Operational","4","44","rjaf-PC4429","S-1-5-18","12/24/2014 12:59:56 AM",,,"c:\users\mac_1\desktop\winevt\logs\microsoft-windows-kernel-power%4thermal-operational.evtx","System.UInt32[]","System.Diagnostics.Eventing.Reader.EventBookmark","Information","Info",,"System.Collections.ObjectModel.ReadOnlyCollection`1[System.String]","System.Collections.Generic.List`1[System.Diagnostics.Eventing.Reader.EventProperty]"
