"Windows has resumed from standby: 
     Standby Duration		:	6913ms
     Standby Incident Time (UTC)	:	?2015?-?04?-?06T20:33:28.078573200Z
     Resume  Duration		:	1237ms
     Resume  Incident Time (UTC)	:	?2015?-?04?-?07T06:49:43.659129400Z
     IsDegradation			:	false","300","1",,"3","4003","36","-9223372036854710272","2411","Microsoft-Windows-Diagnostics-Performance","cfc18ec0-96b1-4eba-961b-622caee05b0a","Microsoft-Windows-Diagnostics-Performance/Operational","1408","4076","rjaf-PC4429","S-1-5-19","4/6/2015 11:50:03 PM","00000000-3b28-0000-385d-041c716fd001",,"c:\users\mac_1\desktop\winevt\logs\microsoft-windows-diagnostics-performance%4operational.evtx","System.UInt32[]","System.Diagnostics.Eventing.Reader.EventBookmark","Warning","Standby Information","Standby Performance Monitoring","System.Collections.ObjectModel.ReadOnlyCollection`1[System.String]","System.Collections.Generic.List`1[System.Diagnostics.Eventing.Reader.EventProperty]"
"Windows has resumed from standby: 
     Standby Duration		:	6705ms
     Standby Incident Time (UTC)	:	?2015?-?04?-?06T18:42:28.453964400Z
     Resume  Duration		:	1212ms
     Resume  Incident Time (UTC)	:	?2015?-?04?-?06T19:45:19.798180000Z
     IsDegradation			:	false","300","1",,"3","4003","36","-9223372036854710272","2410","Microsoft-Windows-Diagnostics-Performance","cfc18ec0-96b1-4eba-961b-622caee05b0a","Microsoft-Windows-Diagnostics-Performance/Operational","1408","1204","rjaf-PC4429","S-1-5-19","4/6/2015 12:45:35 PM","85f02a9c-b89b-0001-395d-041c716fd001",,"c:\users\mac_1\desktop\winevt\logs\microsoft-windows-diagnostics-performance%4operational.evtx","System.UInt32[]","System.Diagnostics.Eventing.Reader.EventBookmark","Warning","Standby Information","Standby Performance Monitoring","System.Collections.ObjectModel.ReadOnlyCollection`1[System.String]","System.Collections.Generic.List`1[System.Diagnostics.Eventing.Reader.EventProperty]"
"Windows has resumed from standby: 
     Standby Duration		:	6866ms
     Standby Incident Time (UTC)	:	?2015?-?04?-?06T13:31:29.765450000Z
     Resume  Duration		:	1229ms
     Resume  Incident Time (UTC)	:	?2015?-?04?-?06T17:45:02.178159100Z
     IsDegradation			:	false","300","1",,"3","4003","36","-9223372036854710272","2409","Microsoft-Windows-Diagnostics-Performance","cfc18ec0-96b1-4eba-961b-622caee05b0a","Microsoft-Windows-Diagnostics-Performance/Operational","1408","3744","rjaf-PC4429","S-1-5-19","4/6/2015 10:45:18 AM","00000000-3b28-0000-335d-041c716fd001",,"c:\users\mac_1\desktop\winevt\logs\microsoft-windows-diagnostics-performance%4operational.evtx","System.UInt32[]","System.Diagnostics.Eventing.Reader.EventBookmark","Warning","Standby Information","Standby Performance Monitoring","System.Collections.ObjectModel.ReadOnlyCollection`1[System.String]","System.Collections.Generic.List`1[System.Diagnostics.Eventing.Reader.EventProperty]"
"Windows has resumed from standby: 
     Standby Duration		:	7769ms
     Standby Incident Time (UTC)	:	?2015?-?04?-?06T08:09:30.972311200Z
     Resume  Duration		:	1242ms
     Resume  Incident Time (UTC)	:	?2015?-?04?-?06T11:47:08.556148100Z
     IsDegradation			:	false","300","1",,"3","4003","36","-9223372036854710272","2408","Microsoft-Windows-Diagnostics-Performance","cfc18ec0-96b1-4eba-961b-622caee05b0a","Microsoft-Windows-Diagnostics-Performance/Operational","1408","1644","rjaf-PC4429","S-1-5-19","4/6/2015 4:47:22 AM","85f03c9c-b89b-0003-485d-041c716fd001",,"c:\users\mac_1\desktop\winevt\logs\microsoft-windows-diagnostics-performance%4operational.evtx","System.UInt32[]","System.Diagnostics.Eventing.Reader.EventBookmark","Warning","Standby Information","Standby Performance Monitoring","System.Collections.ObjectModel.ReadOnlyCollection`1[System.String]","System.Collections.Generic.List`1[System.Diagnostics.Eventing.Reader.EventProperty]"
"Windows has resumed from standby: 
     Standby Duration		:	6341ms
     Standby Incident Time (UTC)	:	?2015?-?04?-?05T22:01:18.841329200Z
     Resume  Duration		:	1239ms
     Resume  Incident Time (UTC)	:	?2015?-?04?-?06T07:21:03.702581700Z
     IsDegradation			:	false","300","1",,"3","4003","36","-9223372036854710272","2407","Microsoft-Windows-Diagnostics-Performance","cfc18ec0-96b1-4eba-961b-622caee05b0a","Microsoft-Windows-Diagnostics-Performance/Operational","1408","3892","rjaf-PC4429","S-1-5-19","4/6/2015 12:21:16 AM","00000000-3b28-0000-2f5d-041c716fd001",,"c:\users\mac_1\desktop\winevt\logs\microsoft-windows-diagnostics-performance%4operational.evtx","System.UInt32[]","System.Diagnostics.Eventing.Reader.EventBookmark","Warning","Standby Information","Standby Performance Monitoring","System.Collections.ObjectModel.ReadOnlyCollection`1[System.String]","System.Collections.Generic.List`1[System.Diagnostics.Eventing.Reader.EventProperty]"
"This driver caused a delay during standby while servicing a device:
     Driver File Name		:	\Driver\Disk
     Driver Friendly Name		:	PnP Disk Driver
     Driver Version			:	6.1.7600.16385 (win7_rtm.090713-1255)
     Driver Total Time		:	42ms
     Driver Degradation Time	:	16ms
     Incident Time (UTC)		:	?2015?-?04?-?05T13:27:21.094743100Z
     Device Name			:	SCSI\Disk&Ven_WDC&Prod_WD5000AAKX-22ERM\4&68979c&0&000000
     Device Friendly Name		:	Disk drive
     Device Total Time		:	42ms
     Device Degradation Time	:	0ms","302","1",,"3","4003","35","-9223372036854710272","2406","Microsoft-Windows-Diagnostics-Performance","cfc18ec0-96b1-4eba-961b-622caee05b0a","Microsoft-Windows-Diagnostics-Performance/Operational","1408","3200","rjaf-PC4429","S-1-5-19","4/5/2015 1:36:39 PM","85f02a9c-b89b-0001-305d-041c716fd001",,"c:\users\mac_1\desktop\winevt\logs\microsoft-windows-diagnostics-performance%4operational.evtx","System.UInt32[]","System.Diagnostics.Eventing.Reader.EventBookmark","Warning","Standby Degradation","Standby Performance Monitoring","System.Collections.ObjectModel.ReadOnlyCollection`1[System.String]","System.Collections.Generic.List`1[System.Diagnostics.Eventing.Reader.EventProperty]"
"This driver caused a delay during standby while servicing a device:
     Driver File Name		:	\Driver\HdAudAddService
     Driver Friendly Name		:	High Definition Audio Function Driver
     Driver Version			:	6.1.7600.16385 (win7_rtm.090713-1255)
     Driver Total Time		:	31ms
     Driver Degradation Time	:	9ms
     Incident Time (UTC)		:	?2015?-?04?-?05T13:27:21.094743100Z
     Device Name			:	HDAUDIO\FUNC_01&VEN_10EC&DEV_0662&SUBSYS_8086204E&REV_1001\4&21abbdd3&0&0001
     Device Friendly Name		:	High Definition Audio Device
     Device Total Time		:	31ms
     Device Degradation Time	:	0ms","302","1",,"3","4003","35","-9223372036854710272","2405","Microsoft-Windows-Diagnostics-Performance","cfc18ec0-96b1-4eba-961b-622caee05b0a","Microsoft-Windows-Diagnostics-Performance/Operational","1408","3200","rjaf-PC4429","S-1-5-19","4/5/2015 1:36:39 PM","85f02a9c-b89b-0001-305d-041c716fd001",,"c:\users\mac_1\desktop\winevt\logs\microsoft-windows-diagnostics-performance%4operational.evtx","System.UInt32[]","System.Diagnostics.Eventing.Reader.EventBookmark","Warning","Standby Degradation","Standby Performance Monitoring","System.Collections.ObjectModel.ReadOnlyCollection`1[System.String]","System.Collections.Generic.List`1[System.Diagnostics.Eventing.Reader.EventProperty]"
"This driver caused a delay during standby while servicing a device:
     Driver File Name		:	\Driver\HidUsb
     Driver Friendly Name		:	USB Miniport Driver for Input Devices
     Driver Version			:	6.1.7600.16385 (win7_rtm.090713-1255)
     Driver Total Time		:	30ms
     Driver Degradation Time	:	10ms
     Incident Time (UTC)		:	?2015?-?04?-?05T13:27:21.094743100Z
     Device Name			:	USB\VID_15D9&PID_0A4F\6&2bf858fa&0&2
     Device Friendly Name		:	USB Input Device
     Device Total Time		:	31ms
     Device Degradation Time	:	0ms","302","1",,"3","4003","35","-9223372036854710272","2404","Microsoft-Windows-Diagnostics-Performance","cfc18ec0-96b1-4eba-961b-622caee05b0a","Microsoft-Windows-Diagnostics-Performance/Operational","1408","3200","rjaf-PC4429","S-1-5-19","4/5/2015 1:36:39 PM","85f02a9c-b89b-0001-305d-041c716fd001",,"c:\users\mac_1\desktop\winevt\logs\microsoft-windows-diagnostics-performance%4operational.evtx","System.UInt32[]","System.Diagnostics.Eventing.Reader.EventBookmark","Warning","Standby Degradation","Standby Performance Monitoring","System.Collections.ObjectModel.ReadOnlyCollection`1[System.String]","System.Collections.Generic.List`1[System.Diagnostics.Eventing.Reader.EventProperty]"
"This driver caused a delay during standby while servicing a device:
     Driver File Name		:	\Driver\HidUsb
     Driver Friendly Name		:	USB Miniport Driver for Input Devices
     Driver Version			:	6.1.7600.16385 (win7_rtm.090713-1255)
     Driver Total Time		:	30ms
     Driver Degradation Time	:	10ms
     Incident Time (UTC)		:	?2015?-?04?-?05T13:27:21.094743100Z
     Device Name			:	USB\VID_04F3&PID_0103&MI_01\7&130c8316&0&0001
     Device Friendly Name		:	USB Input Device
     Device Total Time		:	30ms
     Device Degradation Time	:	0ms","302","1",,"3","4003","35","-9223372036854710272","2403","Microsoft-Windows-Diagnostics-Performance","cfc18ec0-96b1-4eba-961b-622caee05b0a","Microsoft-Windows-Diagnostics-Performance/Operational","1408","3200","rjaf-PC4429","S-1-5-19","4/5/2015 1:36:39 PM","85f02a9c-b89b-0001-305d-041c716fd001",,"c:\users\mac_1\desktop\winevt\logs\microsoft-windows-diagnostics-performance%4operational.evtx","System.UInt32[]","System.Diagnostics.Eventing.Reader.EventBookmark","Warning","Standby Degradation","Standby Performance Monitoring","System.Collections.ObjectModel.ReadOnlyCollection`1[System.String]","System.Collections.Generic.List`1[System.Diagnostics.Eventing.Reader.EventProperty]"
"This driver caused a delay during standby while servicing a device:
     Driver File Name		:	\Driver\HidUsb
     Driver Friendly Name		:	USB Miniport Driver for Input Devices
     Driver Version			:	6.1.7600.16385 (win7_rtm.090713-1255)
     Driver Total Time		:	30ms
     Driver Degradation Time	:	10ms
     Incident Time (UTC)		:	?2015?-?04?-?05T13:27:21.094743100Z
     Device Name			:	USB\VID_04F3&PID_0103&MI_00\7&130c8316&0&0000
     Device Friendly Name		:	USB Input Device
     Device Total Time		:	30ms
     Device Degradation Time	:	0ms","302","1",,"3","4003","35","-9223372036854710272","2402","Microsoft-Windows-Diagnostics-Performance","cfc18ec0-96b1-4eba-961b-622caee05b0a","Microsoft-Windows-Diagnostics-Performance/Operational","1408","3200","rjaf-PC4429","S-1-5-19","4/5/2015 1:36:39 PM","85f02a9c-b89b-0001-305d-041c716fd001",,"c:\users\mac_1\desktop\winevt\logs\microsoft-windows-diagnostics-performance%4operational.evtx","System.UInt32[]","System.Diagnostics.Eventing.Reader.EventBookmark","Warning","Standby Degradation","Standby Performance Monitoring","System.Collections.ObjectModel.ReadOnlyCollection`1[System.String]","System.Collections.Generic.List`1[System.Diagnostics.Eventing.Reader.EventProperty]"
"Windows has resumed from standby: 
     Standby Duration		:	6020ms
     Standby Incident Time (UTC)	:	?2015?-?04?-?05T13:27:21.094743100Z
     Resume  Duration		:	1222ms
     Resume  Incident Time (UTC)	:	?2015?-?04?-?05T20:36:29.587859100Z
     IsDegradation			:	false","300","1",,"3","4003","36","-9223372036854710272","2401","Microsoft-Windows-Diagnostics-Performance","cfc18ec0-96b1-4eba-961b-622caee05b0a","Microsoft-Windows-Diagnostics-Performance/Operational","1408","3200","rjaf-PC4429","S-1-5-19","4/5/2015 1:36:39 PM","85f02a9c-b89b-0001-305d-041c716fd001",,"c:\users\mac_1\desktop\winevt\logs\microsoft-windows-diagnostics-performance%4operational.evtx","System.UInt32[]","System.Diagnostics.Eventing.Reader.EventBookmark","Warning","Standby Information","Standby Performance Monitoring","System.Collections.ObjectModel.ReadOnlyCollection`1[System.String]","System.Collections.Generic.List`1[System.Diagnostics.Eventing.Reader.EventProperty]"
"Windows has resumed from standby: 
     Standby Duration		:	6196ms
     Standby Incident Time (UTC)	:	?2015?-?04?-?05T12:55:51.097135400Z
     Resume  Duration		:	1209ms
     Resume  Incident Time (UTC)	:	?2015?-?04?-?05T12:56:10.764188900Z
     IsDegradation			:	false","300","1",,"3","4003","36","-9223372036854710272","2400","Microsoft-Windows-Diagnostics-Performance","cfc18ec0-96b1-4eba-961b-622caee05b0a","Microsoft-Windows-Diagnostics-Performance/Operational","1408","3908","rjaf-PC4429","S-1-5-19","4/5/2015 5:56:18 AM","85f03c9c-b89b-0003-425d-041c716fd001",,"c:\users\mac_1\desktop\winevt\logs\microsoft-windows-diagnostics-performance%4operational.evtx","System.UInt32[]","System.Diagnostics.Eventing.Reader.EventBookmark","Warning","Standby Information","Standby Performance Monitoring","System.Collections.ObjectModel.ReadOnlyCollection`1[System.String]","System.Collections.Generic.List`1[System.Diagnostics.Eventing.Reader.EventProperty]"
"This driver caused a delay during standby while servicing a device:
     Driver File Name		:	\Driver\usbehci
     Driver Friendly Name		:	EHCI eUSB Miniport Driver
     Driver Version			:	6.1.7600.16788 (win7_gdr.110324-1506)
     Driver Total Time		:	73ms
     Driver Degradation Time	:	24ms
     Incident Time (UTC)		:	?2015?-?04?-?05T10:20:06.543428800Z
     Device Name			:	USB\ROOT_HUB20\4&f96d45&0
     Device Friendly Name		:	USB Root Hub
     Device Total Time		:	73ms
     Device Degradation Time	:	24ms","302","1",,"3","4003","35","-9223372036854710272","2399","Microsoft-Windows-Diagnostics-Performance","cfc18ec0-96b1-4eba-961b-622caee05b0a","Microsoft-Windows-Diagnostics-Performance/Operational","1408","3460","rjaf-PC4429","S-1-5-19","4/5/2015 4:30:18 AM","85f03c9c-b89b-0003-405d-041c716fd001",,"c:\users\mac_1\desktop\winevt\logs\microsoft-windows-diagnostics-performance%4operational.evtx","System.UInt32[]","System.Diagnostics.Eventing.Reader.EventBookmark","Warning","Standby Degradation","Standby Performance Monitoring","System.Collections.ObjectModel.ReadOnlyCollection`1[System.String]","System.Collections.Generic.List`1[System.Diagnostics.Eventing.Reader.EventProperty]"
"Windows has resumed from standby: 
     Standby Duration		:	6158ms
     Standby Incident Time (UTC)	:	?2015?-?04?-?05T10:20:06.543428800Z
     Resume  Duration		:	1222ms
     Resume  Incident Time (UTC)	:	?2015?-?04?-?05T11:30:10.854520200Z
     IsDegradation			:	false","300","1",,"3","4003","36","-9223372036854710272","2398","Microsoft-Windows-Diagnostics-Performance","cfc18ec0-96b1-4eba-961b-622caee05b0a","Microsoft-Windows-Diagnostics-Performance/Operational","1408","3460","rjaf-PC4429","S-1-5-19","4/5/2015 4:30:18 AM","85f03c9c-b89b-0003-405d-041c716fd001",,"c:\users\mac_1\desktop\winevt\logs\microsoft-windows-diagnostics-performance%4operational.evtx","System.UInt32[]","System.Diagnostics.Eventing.Reader.EventBookmark","Warning","Standby Information","Standby Performance Monitoring","System.Collections.ObjectModel.ReadOnlyCollection`1[System.String]","System.Collections.Generic.List`1[System.Diagnostics.Eventing.Reader.EventProperty]"
"Windows has resumed from standby: 
     Standby Duration		:	6839ms
     Standby Incident Time (UTC)	:	?2015?-?04?-?05T09:02:06.674544000Z
     Resume  Duration		:	1224ms
     Resume  Incident Time (UTC)	:	?2015?-?04?-?05T09:17:51.281005900Z
     IsDegradation			:	false","300","1",,"3","4003","36","-9223372036854710272","2397","Microsoft-Windows-Diagnostics-Performance","cfc18ec0-96b1-4eba-961b-622caee05b0a","Microsoft-Windows-Diagnostics-Performance/Operational","1408","2464","rjaf-PC4429","S-1-5-19","4/5/2015 2:17:58 AM","00000000-3b28-0000-285d-041c716fd001",,"c:\users\mac_1\desktop\winevt\logs\microsoft-windows-diagnostics-performance%4operational.evtx","System.UInt32[]","System.Diagnostics.Eventing.Reader.EventBookmark","Warning","Standby Information","Standby Performance Monitoring","System.Collections.ObjectModel.ReadOnlyCollection`1[System.String]","System.Collections.Generic.List`1[System.Diagnostics.Eventing.Reader.EventProperty]"
"Windows has resumed from standby: 
     Standby Duration		:	9601ms
     Standby Incident Time (UTC)	:	?2015?-?04?-?05T08:02:21.792097400Z
     Resume  Duration		:	1238ms
     Resume  Incident Time (UTC)	:	?2015?-?04?-?05T08:10:29.414529100Z
     IsDegradation			:	true","300","1",,"3","4003","36","-9223372036854710272","2396","Microsoft-Windows-Diagnostics-Performance","cfc18ec0-96b1-4eba-961b-622caee05b0a","Microsoft-Windows-Diagnostics-Performance/Operational","1408","292","rjaf-PC4429","S-1-5-19","4/5/2015 1:10:37 AM","85f02a9c-b89b-0001-295d-041c716fd001",,"c:\users\mac_1\desktop\winevt\logs\microsoft-windows-diagnostics-performance%4operational.evtx","System.UInt32[]","System.Diagnostics.Eventing.Reader.EventBookmark","Warning","Standby Information","Standby Performance Monitoring","System.Collections.ObjectModel.ReadOnlyCollection`1[System.String]","System.Collections.Generic.List`1[System.Diagnostics.Eventing.Reader.EventProperty]"
"Windows has started up: 
     Boot Duration		:	29895ms
     IsDegradation		:	false
     Incident Time (UTC)	:	?2015?-?04?-?05T07:21:18.578000100Z","100","2",,"3","4002","34","-9223372036854710272","2395","Microsoft-Windows-Diagnostics-Performance","cfc18ec0-96b1-4eba-961b-622caee05b0a","Microsoft-Windows-Diagnostics-Performance/Operational","1408","2020","rjaf-PC4429","S-1-5-19","4/5/2015 12:23:11 AM","85f03c9c-b89b-0003-275d-041c716fd001",,"c:\users\mac_1\desktop\winevt\logs\microsoft-windows-diagnostics-performance%4operational.evtx","System.UInt32[]","System.Diagnostics.Eventing.Reader.EventBookmark","Warning","Boot Information","Boot Performance Monitoring","System.Collections.ObjectModel.ReadOnlyCollection`1[System.String]","System.Collections.Generic.List`1[System.Diagnostics.Eventing.Reader.EventProperty]"
"Windows has shutdown: 
     Shutdown Duration	:	8052ms
     IsDegradation		:	false
     Incident Time (UTC)	:	?2015?-?04?-?04T19:38:12.852380500Z","200","1",,"3","4007","40","-9223372036854710272","2394","Microsoft-Windows-Diagnostics-Performance","cfc18ec0-96b1-4eba-961b-622caee05b0a","Microsoft-Windows-Diagnostics-Performance/Operational","1408","1420","rjaf-PC4429","S-1-5-19","4/5/2015 12:23:11 AM","85f03c9c-b89b-0003-265d-041c716fd001",,"c:\users\mac_1\desktop\winevt\logs\microsoft-windows-diagnostics-performance%4operational.evtx","System.UInt32[]","System.Diagnostics.Eventing.Reader.EventBookmark","Warning","Shutdown Information","Shutdown Performance Monitoring","System.Collections.ObjectModel.ReadOnlyCollection`1[System.String]","System.Collections.Generic.List`1[System.Diagnostics.Eventing.Reader.EventProperty]"
"This startup service took longer than expected to startup, resulting in a performance degradation in the system start up process: 
     File Name		:	gpsvc
     Friendly Name		:	Group Policy Client
     Version		:	6.1.7600.16385 (win7_rtm.090713-1255)
     Total Time		:	1180ms
     Degradation Time	:	458ms
     Incident Time (UTC)	:	?2015?-?04?-?04T18:59:55.578000100Z","103","1",,"3","4002","33","-9223372036854710272","2393","Microsoft-Windows-Diagnostics-Performance","cfc18ec0-96b1-4eba-961b-622caee05b0a","Microsoft-Windows-Diagnostics-Performance/Operational","1368","128","rjaf-PC4429","S-1-5-19","4/4/2015 12:01:47 PM","85f02a9c-c89b-0001-a639-158a096fd001",,"c:\users\mac_1\desktop\winevt\logs\microsoft-windows-diagnostics-performance%4operational.evtx","System.UInt32[]","System.Diagnostics.Eventing.Reader.EventBookmark","Warning","Boot Degradation","Boot Performance Monitoring","System.Collections.ObjectModel.ReadOnlyCollection`1[System.String]","System.Collections.Generic.List`1[System.Diagnostics.Eventing.Reader.EventProperty]"
"This startup service took longer than expected to startup, resulting in a performance degradation in the system start up process: 
     File Name		:	themes
     Friendly Name		:	Windows Shell Theme Service Dll
     Version		:	6.1.7600.16385 (win7_rtm.090713-1255)
     Total Time		:	1178ms
     Degradation Time	:	499ms
     Incident Time (UTC)	:	?2015?-?04?-?04T18:59:55.578000100Z","103","1",,"3","4002","33","-9223372036854710272","2392","Microsoft-Windows-Diagnostics-Performance","cfc18ec0-96b1-4eba-961b-622caee05b0a","Microsoft-Windows-Diagnostics-Performance/Operational","1368","128","rjaf-PC4429","S-1-5-19","4/4/2015 12:01:47 PM","85f02a9c-c89b-0001-a639-158a096fd001",,"c:\users\mac_1\desktop\winevt\logs\microsoft-windows-diagnostics-performance%4operational.evtx","System.UInt32[]","System.Diagnostics.Eventing.Reader.EventBookmark","Warning","Boot Degradation","Boot Performance Monitoring","System.Collections.ObjectModel.ReadOnlyCollection`1[System.String]","System.Collections.Generic.List`1[System.Diagnostics.Eventing.Reader.EventProperty]"
"This startup service took longer than expected to startup, resulting in a performance degradation in the system start up process: 
     File Name		:	profsvc
     Friendly Name		:	ProfSvc
     Version		:	6.1.7600.16385 (win7_rtm.090713-1255)
     Total Time		:	1185ms
     Degradation Time	:	719ms
     Incident Time (UTC)	:	?2015?-?04?-?04T18:59:55.578000100Z","103","1",,"3","4002","33","-9223372036854710272","2391","Microsoft-Windows-Diagnostics-Performance","cfc18ec0-96b1-4eba-961b-622caee05b0a","Microsoft-Windows-Diagnostics-Performance/Operational","1368","128","rjaf-PC4429","S-1-5-19","4/4/2015 12:01:47 PM","85f02a9c-c89b-0001-a639-158a096fd001",,"c:\users\mac_1\desktop\winevt\logs\microsoft-windows-diagnostics-performance%4operational.evtx","System.UInt32[]","System.Diagnostics.Eventing.Reader.EventBookmark","Warning","Boot Degradation","Boot Performance Monitoring","System.Collections.ObjectModel.ReadOnlyCollection`1[System.String]","System.Collections.Generic.List`1[System.Diagnostics.Eventing.Reader.EventProperty]"
"Windows has started up: 
     Boot Duration		:	37716ms
     IsDegradation		:	false
     Incident Time (UTC)	:	?2015?-?04?-?04T18:59:55.578000100Z","100","2",,"3","4002","34","-9223372036854710272","2390","Microsoft-Windows-Diagnostics-Performance","cfc18ec0-96b1-4eba-961b-622caee05b0a","Microsoft-Windows-Diagnostics-Performance/Operational","1368","128","rjaf-PC4429","S-1-5-19","4/4/2015 12:01:47 PM","85f02a9c-c89b-0001-a639-158a096fd001",,"c:\users\mac_1\desktop\winevt\logs\microsoft-windows-diagnostics-performance%4operational.evtx","System.UInt32[]","System.Diagnostics.Eventing.Reader.EventBookmark","Warning","Boot Information","Boot Performance Monitoring","System.Collections.ObjectModel.ReadOnlyCollection`1[System.String]","System.Collections.Generic.List`1[System.Diagnostics.Eventing.Reader.EventProperty]"
"Windows has shutdown: 
     Shutdown Duration	:	40208ms
     IsDegradation		:	false
     Incident Time (UTC)	:	?2015?-?04?-?04T18:13:20.294462700Z","200","1",,"3","4007","40","-9223372036854710272","2389","Microsoft-Windows-Diagnostics-Performance","cfc18ec0-96b1-4eba-961b-622caee05b0a","Microsoft-Windows-Diagnostics-Performance/Operational","1368","1520","rjaf-PC4429","S-1-5-19","4/4/2015 12:01:47 PM","85f03c9c-c89b-0003-a439-158a096fd001",,"c:\users\mac_1\desktop\winevt\logs\microsoft-windows-diagnostics-performance%4operational.evtx","System.UInt32[]","System.Diagnostics.Eventing.Reader.EventBookmark","Warning","Shutdown Information","Shutdown Performance Monitoring","System.Collections.ObjectModel.ReadOnlyCollection`1[System.String]","System.Collections.Generic.List`1[System.Diagnostics.Eventing.Reader.EventProperty]"
"Windows has started up: 
     Boot Duration		:	26375ms
     IsDegradation		:	false
     Incident Time (UTC)	:	?2015?-?04?-?04T18:08:30.593600100Z","100","2",,"3","4002","34","-9223372036854710272","2388","Microsoft-Windows-Diagnostics-Performance","cfc18ec0-96b1-4eba-961b-622caee05b0a","Microsoft-Windows-Diagnostics-Performance/Operational","1352","1992","rjaf-PC4429","S-1-5-19","4/4/2015 11:10:34 AM","85f03364-989b-0002-86f6-495b026fd001",,"c:\users\mac_1\desktop\winevt\logs\microsoft-windows-diagnostics-performance%4operational.evtx","System.UInt32[]","System.Diagnostics.Eventing.Reader.EventBookmark","Warning","Boot Information","Boot Performance Monitoring","System.Collections.ObjectModel.ReadOnlyCollection`1[System.String]","System.Collections.Generic.List`1[System.Diagnostics.Eventing.Reader.EventProperty]"
"Windows has shutdown: 
     Shutdown Duration	:	38719ms
     IsDegradation		:	false
     Incident Time (UTC)	:	?2015?-?04?-?04T17:52:01.074760400Z","200","1",,"3","4007","40","-9223372036854710272","2387","Microsoft-Windows-Diagnostics-Performance","cfc18ec0-96b1-4eba-961b-622caee05b0a","Microsoft-Windows-Diagnostics-Performance/Operational","1352","1460","rjaf-PC4429","S-1-5-19","4/4/2015 11:10:33 AM","85f03c9c-989b-0003-85f6-495b026fd001",,"c:\users\mac_1\desktop\winevt\logs\microsoft-windows-diagnostics-performance%4operational.evtx","System.UInt32[]","System.Diagnostics.Eventing.Reader.EventBookmark","Warning","Shutdown Information","Shutdown Performance Monitoring","System.Collections.ObjectModel.ReadOnlyCollection`1[System.String]","System.Collections.Generic.List`1[System.Diagnostics.Eventing.Reader.EventProperty]"
"Windows has started up: 
     Boot Duration		:	32288ms
     IsDegradation		:	false
     Incident Time (UTC)	:	?2015?-?04?-?04T17:40:27.593600100Z","100","2",,"3","4002","34","-9223372036854710272","2386","Microsoft-Windows-Diagnostics-Performance","cfc18ec0-96b1-4eba-961b-622caee05b0a","Microsoft-Windows-Diagnostics-Performance/Operational","1308","2000","rjaf-PC4429","S-1-5-19","4/4/2015 10:42:31 AM","85f03364-989b-0002-0c8b-2470fe6ed001",,"c:\users\mac_1\desktop\winevt\logs\microsoft-windows-diagnostics-performance%4operational.evtx","System.UInt32[]","System.Diagnostics.Eventing.Reader.EventBookmark","Warning","Boot Information","Boot Performance Monitoring","System.Collections.ObjectModel.ReadOnlyCollection`1[System.String]","System.Collections.Generic.List`1[System.Diagnostics.Eventing.Reader.EventProperty]"
"Windows has resumed from standby: 
     Standby Duration		:	7233ms
     Standby Incident Time (UTC)	:	?2015?-?04?-?04T09:15:55.437809500Z
     Resume  Duration		:	1189ms
     Resume  Incident Time (UTC)	:	?2015?-?04?-?04T14:21:30.728225600Z
     IsDegradation			:	false","300","1",,"3","4003","36","-9223372036854710272","2385","Microsoft-Windows-Diagnostics-Performance","cfc18ec0-96b1-4eba-961b-622caee05b0a","Microsoft-Windows-Diagnostics-Performance/Operational","1352","2660","rjaf-PC4429","S-1-5-19","4/4/2015 7:21:45 AM","85f03364-989b-0002-2b9a-7d79096ed001",,"c:\users\mac_1\desktop\winevt\logs\microsoft-windows-diagnostics-performance%4operational.evtx","System.UInt32[]","System.Diagnostics.Eventing.Reader.EventBookmark","Warning","Standby Information","Standby Performance Monitoring","System.Collections.ObjectModel.ReadOnlyCollection`1[System.String]","System.Collections.Generic.List`1[System.Diagnostics.Eventing.Reader.EventProperty]"
"Windows has resumed from standby: 
     Standby Duration		:	9700ms
     Standby Incident Time (UTC)	:	?2015?-?04?-?03T13:57:00.672735600Z
     Resume  Duration		:	1238ms
     Resume  Incident Time (UTC)	:	?2015?-?04?-?04T07:52:37.271935700Z
     IsDegradation			:	false","300","1",,"3","4003","36","-9223372036854710272","2384","Microsoft-Windows-Diagnostics-Performance","cfc18ec0-96b1-4eba-961b-622caee05b0a","Microsoft-Windows-Diagnostics-Performance/Operational","1352","2204","rjaf-PC4429","S-1-5-19","4/4/2015 12:52:50 AM","85f03364-989b-0002-299a-7d79096ed001",,"c:\users\mac_1\desktop\winevt\logs\microsoft-windows-diagnostics-performance%4operational.evtx","System.UInt32[]","System.Diagnostics.Eventing.Reader.EventBookmark","Warning","Standby Information","Standby Performance Monitoring","System.Collections.ObjectModel.ReadOnlyCollection`1[System.String]","System.Collections.Generic.List`1[System.Diagnostics.Eventing.Reader.EventProperty]"
"Windows has started up: 
     Boot Duration		:	36188ms
     IsDegradation		:	false
     Incident Time (UTC)	:	?2015?-?04?-?03T12:26:56.578000100Z","100","2",,"3","4002","34","-9223372036854710272","2383","Microsoft-Windows-Diagnostics-Performance","cfc18ec0-96b1-4eba-961b-622caee05b0a","Microsoft-Windows-Diagnostics-Performance/Operational","1352","1508","rjaf-PC4429","S-1-5-19","4/3/2015 5:28:49 AM","85f03c9c-989b-0003-249a-7d79096ed001",,"c:\users\mac_1\desktop\winevt\logs\microsoft-windows-diagnostics-performance%4operational.evtx","System.UInt32[]","System.Diagnostics.Eventing.Reader.EventBookmark","Warning","Boot Information","Boot Performance Monitoring","System.Collections.ObjectModel.ReadOnlyCollection`1[System.String]","System.Collections.Generic.List`1[System.Diagnostics.Eventing.Reader.EventProperty]"
"Windows has resumed from standby: 
     Standby Duration		:	8641ms
     Standby Incident Time (UTC)	:	?2015?-?04?-?03T06:58:50.224447200Z
     Resume  Duration		:	1222ms
     Resume  Incident Time (UTC)	:	?2015?-?04?-?03T08:16:14.947242400Z
     IsDegradation			:	false","300","1",,"3","4003","36","-9223372036854710272","2382","Microsoft-Windows-Diagnostics-Performance","cfc18ec0-96b1-4eba-961b-622caee05b0a","Microsoft-Windows-Diagnostics-Performance/Operational","1332","7348","rjaf-PC4429","S-1-5-19","4/3/2015 1:16:27 AM","85f03364-389b-0002-ab3f-1316176dd001",,"c:\users\mac_1\desktop\winevt\logs\microsoft-windows-diagnostics-performance%4operational.evtx","System.UInt32[]","System.Diagnostics.Eventing.Reader.EventBookmark","Warning","Standby Information","Standby Performance Monitoring","System.Collections.ObjectModel.ReadOnlyCollection`1[System.String]","System.Collections.Generic.List`1[System.Diagnostics.Eventing.Reader.EventProperty]"
"This driver caused a delay during standby while servicing a device:
     Driver File Name		:	\Driver\HidUsb
     Driver Friendly Name		:	USB Miniport Driver for Input Devices
     Driver Version			:	6.1.7600.16385 (win7_rtm.090713-1255)
     Driver Total Time		:	17ms
     Driver Degradation Time	:	12ms
     Incident Time (UTC)		:	?2015?-?04?-?02T19:29:53.322875100Z
     Device Name			:	USB\VID_15D9&PID_0A4F\6&2bf858fa&0&2
     Device Friendly Name		:	USB Input Device
     Device Total Time		:	17ms
     Device Degradation Time	:	0ms","302","1",,"3","4003","35","-9223372036854710272","2381","Microsoft-Windows-Diagnostics-Performance","cfc18ec0-96b1-4eba-961b-622caee05b0a","Microsoft-Windows-Diagnostics-Performance/Operational","1332","676","rjaf-PC4429","S-1-5-19","4/2/2015 11:06:23 PM","85f03364-389b-0002-aa3f-1316176dd001",,"c:\users\mac_1\desktop\winevt\logs\microsoft-windows-diagnostics-performance%4operational.evtx","System.UInt32[]","System.Diagnostics.Eventing.Reader.EventBookmark","Warning","Standby Degradation","Standby Performance Monitoring","System.Collections.ObjectModel.ReadOnlyCollection`1[System.String]","System.Collections.Generic.List`1[System.Diagnostics.Eventing.Reader.EventProperty]"
"This driver caused a delay during standby while servicing a device:
     Driver File Name		:	\Driver\HidUsb
     Driver Friendly Name		:	USB Miniport Driver for Input Devices
     Driver Version			:	6.1.7600.16385 (win7_rtm.090713-1255)
     Driver Total Time		:	17ms
     Driver Degradation Time	:	12ms
     Incident Time (UTC)		:	?2015?-?04?-?02T19:29:53.322875100Z
     Device Name			:	USB\VID_04F3&PID_0103&MI_01\7&130c8316&0&0001
     Device Friendly Name		:	USB Input Device
     Device Total Time		:	17ms
     Device Degradation Time	:	0ms","302","1",,"3","4003","35","-9223372036854710272","2380","Microsoft-Windows-Diagnostics-Performance","cfc18ec0-96b1-4eba-961b-622caee05b0a","Microsoft-Windows-Diagnostics-Performance/Operational","1332","676","rjaf-PC4429","S-1-5-19","4/2/2015 11:06:23 PM","85f03364-389b-0002-aa3f-1316176dd001",,"c:\users\mac_1\desktop\winevt\logs\microsoft-windows-diagnostics-performance%4operational.evtx","System.UInt32[]","System.Diagnostics.Eventing.Reader.EventBookmark","Warning","Standby Degradation","Standby Performance Monitoring","System.Collections.ObjectModel.ReadOnlyCollection`1[System.String]","System.Collections.Generic.List`1[System.Diagnostics.Eventing.Reader.EventProperty]"
"This driver caused a delay during standby while servicing a device:
     Driver File Name		:	\Driver\HidUsb
     Driver Friendly Name		:	USB Miniport Driver for Input Devices
     Driver Version			:	6.1.7600.16385 (win7_rtm.090713-1255)
     Driver Total Time		:	17ms
     Driver Degradation Time	:	12ms
     Incident Time (UTC)		:	?2015?-?04?-?02T19:29:53.322875100Z
     Device Name			:	USB\VID_04F3&PID_0103&MI_00\7&130c8316&0&0000
     Device Friendly Name		:	USB Input Device
     Device Total Time		:	17ms
     Device Degradation Time	:	0ms","302","1",,"3","4003","35","-9223372036854710272","2379","Microsoft-Windows-Diagnostics-Performance","cfc18ec0-96b1-4eba-961b-622caee05b0a","Microsoft-Windows-Diagnostics-Performance/Operational","1332","676","rjaf-PC4429","S-1-5-19","4/2/2015 11:06:23 PM","85f03364-389b-0002-aa3f-1316176dd001",,"c:\users\mac_1\desktop\winevt\logs\microsoft-windows-diagnostics-performance%4operational.evtx","System.UInt32[]","System.Diagnostics.Eventing.Reader.EventBookmark","Warning","Standby Degradation","Standby Performance Monitoring","System.Collections.ObjectModel.ReadOnlyCollection`1[System.String]","System.Collections.Generic.List`1[System.Diagnostics.Eventing.Reader.EventProperty]"
"Windows has resumed from standby: 
     Standby Duration		:	10666ms
     Standby Incident Time (UTC)	:	?2015?-?04?-?02T19:29:53.322875100Z
     Resume  Duration		:	1207ms
     Resume  Incident Time (UTC)	:	?2015?-?04?-?03T06:06:10.370197300Z
     IsDegradation			:	false","300","1",,"3","4003","36","-9223372036854710272","2378","Microsoft-Windows-Diagnostics-Performance","cfc18ec0-96b1-4eba-961b-622caee05b0a","Microsoft-Windows-Diagnostics-Performance/Operational","1332","676","rjaf-PC4429","S-1-5-19","4/2/2015 11:06:23 PM","85f03364-389b-0002-aa3f-1316176dd001",,"c:\users\mac_1\desktop\winevt\logs\microsoft-windows-diagnostics-performance%4operational.evtx","System.UInt32[]","System.Diagnostics.Eventing.Reader.EventBookmark","Warning","Standby Information","Standby Performance Monitoring","System.Collections.ObjectModel.ReadOnlyCollection`1[System.String]","System.Collections.Generic.List`1[System.Diagnostics.Eventing.Reader.EventProperty]"
"This driver caused a delay during standby while servicing a device:
     Driver File Name		:	\Driver\HdAudAddService
     Driver Friendly Name		:	High Definition Audio Function Driver
     Driver Version			:	6.1.7600.16385 (win7_rtm.090713-1255)
     Driver Total Time		:	30ms
     Driver Degradation Time	:	13ms
     Incident Time (UTC)		:	?2015?-?04?-?02T18:37:53.384655700Z
     Device Name			:	HDAUDIO\FUNC_01&VEN_10EC&DEV_0662&SUBSYS_8086204E&REV_1001\4&21abbdd3&0&0001
     Device Friendly Name		:	High Definition Audio Device
     Device Total Time		:	30ms
     Device Degradation Time	:	0ms","302","1",,"3","4003","35","-9223372036854710272","2377","Microsoft-Windows-Diagnostics-Performance","cfc18ec0-96b1-4eba-961b-622caee05b0a","Microsoft-Windows-Diagnostics-Performance/Operational","1332","4988","rjaf-PC4429","S-1-5-19","4/2/2015 11:38:18 AM","00000000-bb28-0000-a83f-1316176dd001",,"c:\users\mac_1\desktop\winevt\logs\microsoft-windows-diagnostics-performance%4operational.evtx","System.UInt32[]","System.Diagnostics.Eventing.Reader.EventBookmark","Warning","Standby Degradation","Standby Performance Monitoring","System.Collections.ObjectModel.ReadOnlyCollection`1[System.String]","System.Collections.Generic.List`1[System.Diagnostics.Eventing.Reader.EventProperty]"
"Windows has resumed from standby: 
     Standby Duration		:	6319ms
     Standby Incident Time (UTC)	:	?2015?-?04?-?02T18:37:53.384655700Z
     Resume  Duration		:	1179ms
     Resume  Incident Time (UTC)	:	?2015?-?04?-?02T18:38:08.462157300Z
     IsDegradation			:	false","300","1",,"3","4003","36","-9223372036854710272","2376","Microsoft-Windows-Diagnostics-Performance","cfc18ec0-96b1-4eba-961b-622caee05b0a","Microsoft-Windows-Diagnostics-Performance/Operational","1332","4988","rjaf-PC4429","S-1-5-19","4/2/2015 11:38:18 AM","00000000-bb28-0000-a83f-1316176dd001",,"c:\users\mac_1\desktop\winevt\logs\microsoft-windows-diagnostics-performance%4operational.evtx","System.UInt32[]","System.Diagnostics.Eventing.Reader.EventBookmark","Warning","Standby Information","Standby Performance Monitoring","System.Collections.ObjectModel.ReadOnlyCollection`1[System.String]","System.Collections.Generic.List`1[System.Diagnostics.Eventing.Reader.EventProperty]"
"Windows has resumed from standby: 
     Standby Duration		:	6557ms
     Standby Incident Time (UTC)	:	?2015?-?04?-?02T14:03:09.408660800Z
     Resume  Duration		:	1195ms
     Resume  Incident Time (UTC)	:	?2015?-?04?-?02T17:23:26.538390500Z
     IsDegradation			:	false","300","1",,"3","4003","36","-9223372036854710272","2375","Microsoft-Windows-Diagnostics-Performance","cfc18ec0-96b1-4eba-961b-622caee05b0a","Microsoft-Windows-Diagnostics-Performance/Operational","1332","6556","rjaf-PC4429","S-1-5-19","4/2/2015 10:23:36 AM","00000000-bb28-0000-a73f-1316176dd001",,"c:\users\mac_1\desktop\winevt\logs\microsoft-windows-diagnostics-performance%4operational.evtx","System.UInt32[]","System.Diagnostics.Eventing.Reader.EventBookmark","Warning","Standby Information","Standby Performance Monitoring","System.Collections.ObjectModel.ReadOnlyCollection`1[System.String]","System.Collections.Generic.List`1[System.Diagnostics.Eventing.Reader.EventProperty]"
"Windows has resumed from standby: 
     Standby Duration		:	5591ms
     Standby Incident Time (UTC)	:	?2015?-?04?-?02T13:20:39.463811100Z
     Resume  Duration		:	1207ms
     Resume  Incident Time (UTC)	:	?2015?-?04?-?02T13:25:25.538243700Z
     IsDegradation			:	false","300","1",,"3","4003","36","-9223372036854710272","2374","Microsoft-Windows-Diagnostics-Performance","cfc18ec0-96b1-4eba-961b-622caee05b0a","Microsoft-Windows-Diagnostics-Performance/Operational","1332","4912","rjaf-PC4429","S-1-5-19","4/2/2015 6:25:34 AM","85f03c9c-389b-0003-ab3f-1316176dd001",,"c:\users\mac_1\desktop\winevt\logs\microsoft-windows-diagnostics-performance%4operational.evtx","System.UInt32[]","System.Diagnostics.Eventing.Reader.EventBookmark","Warning","Standby Information","Standby Performance Monitoring","System.Collections.ObjectModel.ReadOnlyCollection`1[System.String]","System.Collections.Generic.List`1[System.Diagnostics.Eventing.Reader.EventProperty]"
"Windows has resumed from standby: 
     Standby Duration		:	6371ms
     Standby Incident Time (UTC)	:	?2015?-?04?-?02T12:25:39.554035000Z
     Resume  Duration		:	1211ms
     Resume  Incident Time (UTC)	:	?2015?-?04?-?02T12:34:42.606434400Z
     IsDegradation			:	false","300","1",,"3","4003","36","-9223372036854710272","2373","Microsoft-Windows-Diagnostics-Performance","cfc18ec0-96b1-4eba-961b-622caee05b0a","Microsoft-Windows-Diagnostics-Performance/Operational","1332","2396","rjaf-PC4429","S-1-5-19","4/2/2015 5:34:50 AM","85f02a9c-389b-0001-aa3f-1316176dd001",,"c:\users\mac_1\desktop\winevt\logs\microsoft-windows-diagnostics-performance%4operational.evtx","System.UInt32[]","System.Diagnostics.Eventing.Reader.EventBookmark","Warning","Standby Information","Standby Performance Monitoring","System.Collections.ObjectModel.ReadOnlyCollection`1[System.String]","System.Collections.Generic.List`1[System.Diagnostics.Eventing.Reader.EventProperty]"
"Windows has resumed from standby: 
     Standby Duration		:	5675ms
     Standby Incident Time (UTC)	:	?2015?-?04?-?02T10:22:09.999625500Z
     Resume  Duration		:	1192ms
     Resume  Incident Time (UTC)	:	?2015?-?04?-?02T11:46:45.684359200Z
     IsDegradation			:	false","300","1",,"3","4003","36","-9223372036854710272","2372","Microsoft-Windows-Diagnostics-Performance","cfc18ec0-96b1-4eba-961b-622caee05b0a","Microsoft-Windows-Diagnostics-Performance/Operational","1332","728","rjaf-PC4429","S-1-5-19","4/2/2015 4:46:53 AM","85f03c9c-389b-0003-a73f-1316176dd001",,"c:\users\mac_1\desktop\winevt\logs\microsoft-windows-diagnostics-performance%4operational.evtx","System.UInt32[]","System.Diagnostics.Eventing.Reader.EventBookmark","Warning","Standby Information","Standby Performance Monitoring","System.Collections.ObjectModel.ReadOnlyCollection`1[System.String]","System.Collections.Generic.List`1[System.Diagnostics.Eventing.Reader.EventProperty]"
"Windows has resumed from standby: 
     Standby Duration		:	6014ms
     Standby Incident Time (UTC)	:	?2015?-?04?-?02T09:43:40.062500500Z
     Resume  Duration		:	1222ms
     Resume  Incident Time (UTC)	:	?2015?-?04?-?02T09:51:20.117056500Z
     IsDegradation			:	false","300","1",,"3","4003","36","-9223372036854710272","2371","Microsoft-Windows-Diagnostics-Performance","cfc18ec0-96b1-4eba-961b-622caee05b0a","Microsoft-Windows-Diagnostics-Performance/Operational","1332","3776","rjaf-PC4429","S-1-5-19","4/2/2015 2:51:27 AM","85f03c9c-389b-0003-a63f-1316176dd001",,"c:\users\mac_1\desktop\winevt\logs\microsoft-windows-diagnostics-performance%4operational.evtx","System.UInt32[]","System.Diagnostics.Eventing.Reader.EventBookmark","Warning","Standby Information","Standby Performance Monitoring","System.Collections.ObjectModel.ReadOnlyCollection`1[System.String]","System.Collections.Generic.List`1[System.Diagnostics.Eventing.Reader.EventProperty]"
"Windows has resumed from standby: 
     Standby Duration		:	11712ms
     Standby Incident Time (UTC)	:	?2015?-?04?-?02T08:08:25.358765200Z
     Resume  Duration		:	1236ms
     Resume  Incident Time (UTC)	:	?2015?-?04?-?02T09:02:55.202066700Z
     IsDegradation			:	false","300","1",,"3","4003","36","-9223372036854710272","2370","Microsoft-Windows-Diagnostics-Performance","cfc18ec0-96b1-4eba-961b-622caee05b0a","Microsoft-Windows-Diagnostics-Performance/Operational","1332","3792","rjaf-PC4429","S-1-5-19","4/2/2015 2:03:03 AM","85f03364-389b-0002-a63f-1316176dd001",,"c:\users\mac_1\desktop\winevt\logs\microsoft-windows-diagnostics-performance%4operational.evtx","System.UInt32[]","System.Diagnostics.Eventing.Reader.EventBookmark","Warning","Standby Information","Standby Performance Monitoring","System.Collections.ObjectModel.ReadOnlyCollection`1[System.String]","System.Collections.Generic.List`1[System.Diagnostics.Eventing.Reader.EventProperty]"
"This startup service took longer than expected to startup, resulting in a performance degradation in the system start up process: 
     File Name		:	windefend
     Friendly Name		:	Service Module
     Version		:	6.1.7600.16385 (win7_rtm.090713-1255)
     Total Time		:	395ms
     Degradation Time	:	132ms
     Incident Time (UTC)	:	?2015?-?04?-?02T07:31:51.578000100Z","103","1",,"3","4002","33","-9223372036854710272","2369","Microsoft-Windows-Diagnostics-Performance","cfc18ec0-96b1-4eba-961b-622caee05b0a","Microsoft-Windows-Diagnostics-Performance/Operational","1332","1980","rjaf-PC4429","S-1-5-19","4/2/2015 12:34:17 AM","85f03364-389b-0002-a33f-1316176dd001",,"c:\users\mac_1\desktop\winevt\logs\microsoft-windows-diagnostics-performance%4operational.evtx","System.UInt32[]","System.Diagnostics.Eventing.Reader.EventBookmark","Warning","Boot Degradation","Boot Performance Monitoring","System.Collections.ObjectModel.ReadOnlyCollection`1[System.String]","System.Collections.Generic.List`1[System.Diagnostics.Eventing.Reader.EventProperty]"
"This startup service took longer than expected to startup, resulting in a performance degradation in the system start up process: 
     File Name		:	cscservice
     Friendly Name		:	CSC Service DLL
     Version		:	6.1.7600.16385 (win7_rtm.090713-1255)
     Total Time		:	1061ms
     Degradation Time	:	469ms
     Incident Time (UTC)	:	?2015?-?04?-?02T07:31:51.578000100Z","103","1",,"3","4002","33","-9223372036854710272","2368","Microsoft-Windows-Diagnostics-Performance","cfc18ec0-96b1-4eba-961b-622caee05b0a","Microsoft-Windows-Diagnostics-Performance/Operational","1332","1980","rjaf-PC4429","S-1-5-19","4/2/2015 12:34:17 AM","85f03364-389b-0002-a33f-1316176dd001",,"c:\users\mac_1\desktop\winevt\logs\microsoft-windows-diagnostics-performance%4operational.evtx","System.UInt32[]","System.Diagnostics.Eventing.Reader.EventBookmark","Warning","Boot Degradation","Boot Performance Monitoring","System.Collections.ObjectModel.ReadOnlyCollection`1[System.String]","System.Collections.Generic.List`1[System.Diagnostics.Eventing.Reader.EventProperty]"
"Windows has started up: 
     Boot Duration		:	27409ms
     IsDegradation		:	false
     Incident Time (UTC)	:	?2015?-?04?-?02T07:31:51.578000100Z","100","2",,"3","4002","34","-9223372036854710272","2367","Microsoft-Windows-Diagnostics-Performance","cfc18ec0-96b1-4eba-961b-622caee05b0a","Microsoft-Windows-Diagnostics-Performance/Operational","1332","1980","rjaf-PC4429","S-1-5-19","4/2/2015 12:34:17 AM","85f03364-389b-0002-a33f-1316176dd001",,"c:\users\mac_1\desktop\winevt\logs\microsoft-windows-diagnostics-performance%4operational.evtx","System.UInt32[]","System.Diagnostics.Eventing.Reader.EventBookmark","Warning","Boot Information","Boot Performance Monitoring","System.Collections.ObjectModel.ReadOnlyCollection`1[System.String]","System.Collections.Generic.List`1[System.Diagnostics.Eventing.Reader.EventProperty]"
"Windows has resumed from standby: 
     Standby Duration		:	7801ms
     Standby Incident Time (UTC)	:	?2015?-?04?-?02T00:02:43.828202700Z
     Resume  Duration		:	1238ms
     Resume  Incident Time (UTC)	:	?2015?-?04?-?02T07:25:27.159307200Z
     IsDegradation			:	false","300","1",,"3","4003","36","-9223372036854710272","2366","Microsoft-Windows-Diagnostics-Performance","cfc18ec0-96b1-4eba-961b-622caee05b0a","Microsoft-Windows-Diagnostics-Performance/Operational","1312","8112","rjaf-PC4429","S-1-5-19","4/2/2015 12:25:51 AM","85f1fc9c-f89b-0003-cf1c-5c782c6bd001",,"c:\users\mac_1\desktop\winevt\logs\microsoft-windows-diagnostics-performance%4operational.evtx","System.UInt32[]","System.Diagnostics.Eventing.Reader.EventBookmark","Warning","Standby Information","Standby Performance Monitoring","System.Collections.ObjectModel.ReadOnlyCollection`1[System.String]","System.Collections.Generic.List`1[System.Diagnostics.Eventing.Reader.EventProperty]"
"Windows has resumed from standby: 
     Standby Duration		:	6808ms
     Standby Incident Time (UTC)	:	?2015?-?04?-?01T20:37:15.034120400Z
     Resume  Duration		:	1235ms
     Resume  Incident Time (UTC)	:	?2015?-?04?-?01T23:59:58.734817600Z
     IsDegradation			:	false","300","1",,"3","4003","36","-9223372036854710272","2365","Microsoft-Windows-Diagnostics-Performance","cfc18ec0-96b1-4eba-961b-622caee05b0a","Microsoft-Windows-Diagnostics-Performance/Operational","1312","2832","rjaf-PC4429","S-1-5-19","4/1/2015 5:00:19 PM","85f1f364-f89b-0002-c21c-5c782c6bd001",,"c:\users\mac_1\desktop\winevt\logs\microsoft-windows-diagnostics-performance%4operational.evtx","System.UInt32[]","System.Diagnostics.Eventing.Reader.EventBookmark","Warning","Standby Information","Standby Performance Monitoring","System.Collections.ObjectModel.ReadOnlyCollection`1[System.String]","System.Collections.Generic.List`1[System.Diagnostics.Eventing.Reader.EventProperty]"
"This driver caused a delay during standby while servicing a device:
     Driver File Name		:	\Driver\usbehci
     Driver Friendly Name		:	EHCI eUSB Miniport Driver
     Driver Version			:	6.1.7600.16788 (win7_gdr.110324-1506)
     Driver Total Time		:	91ms
     Driver Degradation Time	:	30ms
     Incident Time (UTC)		:	?2015?-?04?-?01T18:38:30.313146600Z
     Device Name			:	USB\ROOT_HUB20\4&f96d45&0
     Device Friendly Name		:	USB Root Hub
     Device Total Time		:	91ms
     Device Degradation Time	:	30ms","302","1",,"3","4003","35","-9223372036854710272","2364","Microsoft-Windows-Diagnostics-Performance","cfc18ec0-96b1-4eba-961b-622caee05b0a","Microsoft-Windows-Diagnostics-Performance/Operational","1312","9800","rjaf-PC4429","S-1-5-19","4/1/2015 11:53:51 AM","85f1f364-f89b-0002-c11c-5c782c6bd001",,"c:\users\mac_1\desktop\winevt\logs\microsoft-windows-diagnostics-performance%4operational.evtx","System.UInt32[]","System.Diagnostics.Eventing.Reader.EventBookmark","Warning","Standby Degradation","Standby Performance Monitoring","System.Collections.ObjectModel.ReadOnlyCollection`1[System.String]","System.Collections.Generic.List`1[System.Diagnostics.Eventing.Reader.EventProperty]"
