"ACPI thermal zone ACPI\ThermalZone\TZ00 has engaged active cooling.             
EventTime = ?2014?-?12?-?24T10:03:39.599610700Z             
_AC0 = 358K             
_AC1 = 328K             
_AC2 = 273K             
_AC3 = 273K             
_AC4 = 273K             
_AC5 = 0K             
_AC6 = 0K             
_AC7 = 0K             
_AC8 = 0K             
_AC9 = 0K             
_TMP = 301K","84","0",,"4","81","0","1152921504606847008","251","Microsoft-Windows-Kernel-Power","331c3b3a-2005-44c2-ac5e-77220c37d6b4","Microsoft-Windows-Kernel-Power/Thermal-Operational","4","60","rjaf-PC4429","S-1-5-18","12/24/2014 12:03:39 AM",,,"c:\users\mac_1\desktop\winevt\logs\microsoft-windows-kernel-power%4thermal-operational.evtx","System.UInt32[]","System.Diagnostics.Eventing.Reader.EventBookmark","Information","Info",,"System.Collections.ObjectModel.ReadOnlyCollection`1[System.String]","System.Collections.Generic.List`1[System.Diagnostics.Eventing.Reader.EventProperty]"
"ACPI thermal zone ACPI\ThermalZone\TZ00 has engaged active cooling.             
EventTime = ?2014?-?12?-?24T09:55:58.646410800Z             
_AC0 = 358K             
_AC1 = 328K             
_AC2 = 273K             
_AC3 = 273K             
_AC4 = 273K             
_AC5 = 0K             
_AC6 = 0K             
_AC7 = 0K             
_AC8 = 0K             
_AC9 = 0K             
_TMP = 301K","84","0",,"4","81","0","1152921504606847008","250","Microsoft-Windows-Kernel-Power","331c3b3a-2005-44c2-ac5e-77220c37d6b4","Microsoft-Windows-Kernel-Power/Thermal-Operational","4","48","rjaf-PC4429","S-1-5-18","12/23/2014 11:55:58 PM",,,"c:\users\mac_1\desktop\winevt\logs\microsoft-windows-kernel-power%4thermal-operational.evtx","System.UInt32[]","System.Diagnostics.Eventing.Reader.EventBookmark","Information","Info",,"System.Collections.ObjectModel.ReadOnlyCollection`1[System.String]","System.Collections.Generic.List`1[System.Diagnostics.Eventing.Reader.EventProperty]"
"ACPI thermal zone ACPI\ThermalZone\TZ00 has engaged active cooling.             
EventTime = ?2014?-?12?-?23T23:24:56.379612000Z             
_AC0 = 358K             
_AC1 = 328K             
_AC2 = 273K             
_AC3 = 273K             
_AC4 = 273K             
_AC5 = 0K             
_AC6 = 0K             
_AC7 = 0K             
_AC8 = 0K             
_AC9 = 0K             
_TMP = 301K","84","0",,"4","81","0","1152921504606847008","249","Microsoft-Windows-Kernel-Power","331c3b3a-2005-44c2-ac5e-77220c37d6b4","Microsoft-Windows-Kernel-Power/Thermal-Operational","4","60","rjaf-PC4429","S-1-5-18","12/23/2014 1:24:56 PM",,,"c:\users\mac_1\desktop\winevt\logs\microsoft-windows-kernel-power%4thermal-operational.evtx","System.UInt32[]","System.Diagnostics.Eventing.Reader.EventBookmark","Information","Info",,"System.Collections.ObjectModel.ReadOnlyCollection`1[System.String]","System.Collections.Generic.List`1[System.Diagnostics.Eventing.Reader.EventProperty]"
"ACPI thermal zone ACPI\ThermalZone\TZ00 has engaged active cooling.             
EventTime = ?2014?-?12?-?19T08:55:32.242408300Z             
_AC0 = 358K             
_AC1 = 328K             
_AC2 = 273K             
_AC3 = 273K             
_AC4 = 273K             
_AC5 = 0K             
_AC6 = 0K             
_AC7 = 0K             
_AC8 = 0K             
_AC9 = 0K             
_TMP = 301K","84","0",,"4","81","0","1152921504606847008","248","Microsoft-Windows-Kernel-Power","331c3b3a-2005-44c2-ac5e-77220c37d6b4","Microsoft-Windows-Kernel-Power/Thermal-Operational","4","56","rjaf-PC4429","S-1-5-18","12/18/2014 10:55:32 PM",,,"c:\users\mac_1\desktop\winevt\logs\microsoft-windows-kernel-power%4thermal-operational.evtx","System.UInt32[]","System.Diagnostics.Eventing.Reader.EventBookmark","Information","Info",,"System.Collections.ObjectModel.ReadOnlyCollection`1[System.String]","System.Collections.Generic.List`1[System.Diagnostics.Eventing.Reader.EventProperty]"
"ACPI thermal zone ACPI\ThermalZone\TZ00 has engaged active cooling.             
EventTime = ?2014?-?12?-?17T15:21:33.180008200Z             
_AC0 = 358K             
_AC1 = 328K             
_AC2 = 273K             
_AC3 = 273K             
_AC4 = 273K             
_AC5 = 0K             
_AC6 = 0K             
_AC7 = 0K             
_AC8 = 0K             
_AC9 = 0K             
_TMP = 301K","84","0",,"4","81","0","1152921504606847008","247","Microsoft-Windows-Kernel-Power","331c3b3a-2005-44c2-ac5e-77220c37d6b4","Microsoft-Windows-Kernel-Power/Thermal-Operational","4","52","rjaf-PC4429","S-1-5-18","12/17/2014 5:21:33 AM",,,"c:\users\mac_1\desktop\winevt\logs\microsoft-windows-kernel-power%4thermal-operational.evtx","System.UInt32[]","System.Diagnostics.Eventing.Reader.EventBookmark","Information","Info",,"System.Collections.ObjectModel.ReadOnlyCollection`1[System.String]","System.Collections.Generic.List`1[System.Diagnostics.Eventing.Reader.EventProperty]"
"ACPI thermal zone ACPI\ThermalZone\TZ00 has engaged active cooling.             
EventTime = ?2014?-?12?-?17T11:23:35.554408800Z             
_AC0 = 358K             
_AC1 = 328K             
_AC2 = 273K             
_AC3 = 273K             
_AC4 = 273K             
_AC5 = 0K             
_AC6 = 0K             
_AC7 = 0K             
_AC8 = 0K             
_AC9 = 0K             
_TMP = 301K","84","0",,"4","81","0","1152921504606847008","246","Microsoft-Windows-Kernel-Power","331c3b3a-2005-44c2-ac5e-77220c37d6b4","Microsoft-Windows-Kernel-Power/Thermal-Operational","4","48","rjaf-PC4429","S-1-5-18","12/17/2014 1:23:35 AM",,,"c:\users\mac_1\desktop\winevt\logs\microsoft-windows-kernel-power%4thermal-operational.evtx","System.UInt32[]","System.Diagnostics.Eventing.Reader.EventBookmark","Information","Info",,"System.Collections.ObjectModel.ReadOnlyCollection`1[System.String]","System.Collections.Generic.List`1[System.Diagnostics.Eventing.Reader.EventProperty]"
"ACPI thermal zone ACPI\ThermalZone\TZ00 has engaged active cooling.             
EventTime = ?2014?-?12?-?16T09:34:11.757209200Z             
_AC0 = 358K             
_AC1 = 328K             
_AC2 = 273K             
_AC3 = 273K             
_AC4 = 273K             
_AC5 = 0K             
_AC6 = 0K             
_AC7 = 0K             
_AC8 = 0K             
_AC9 = 0K             
_TMP = 301K","84","0",,"4","81","0","1152921504606847008","245","Microsoft-Windows-Kernel-Power","331c3b3a-2005-44c2-ac5e-77220c37d6b4","Microsoft-Windows-Kernel-Power/Thermal-Operational","4","48","rjaf-PC4429","S-1-5-18","12/15/2014 11:34:11 PM",,,"c:\users\mac_1\desktop\winevt\logs\microsoft-windows-kernel-power%4thermal-operational.evtx","System.UInt32[]","System.Diagnostics.Eventing.Reader.EventBookmark","Information","Info",,"System.Collections.ObjectModel.ReadOnlyCollection`1[System.String]","System.Collections.Generic.List`1[System.Diagnostics.Eventing.Reader.EventProperty]"
"ACPI thermal zone ACPI\ThermalZone\TZ00 has engaged active cooling.             
EventTime = ?2014?-?12?-?15T16:29:51.864811100Z             
_AC0 = 358K             
_AC1 = 328K             
_AC2 = 273K             
_AC3 = 273K             
_AC4 = 273K             
_AC5 = 0K             
_AC6 = 0K             
_AC7 = 0K             
_AC8 = 0K             
_AC9 = 0K             
_TMP = 301K","84","0",,"4","81","0","1152921504606847008","244","Microsoft-Windows-Kernel-Power","331c3b3a-2005-44c2-ac5e-77220c37d6b4","Microsoft-Windows-Kernel-Power/Thermal-Operational","4","48","rjaf-PC4429","S-1-5-18","12/15/2014 6:29:51 AM",,,"c:\users\mac_1\desktop\winevt\logs\microsoft-windows-kernel-power%4thermal-operational.evtx","System.UInt32[]","System.Diagnostics.Eventing.Reader.EventBookmark","Information","Info",,"System.Collections.ObjectModel.ReadOnlyCollection`1[System.String]","System.Collections.Generic.List`1[System.Diagnostics.Eventing.Reader.EventProperty]"
"ACPI thermal zone ACPI\ThermalZone\TZ00 has engaged active cooling.             
EventTime = ?2014?-?12?-?15T14:01:06.334410200Z             
_AC0 = 358K             
_AC1 = 328K             
_AC2 = 273K             
_AC3 = 273K             
_AC4 = 273K             
_AC5 = 0K             
_AC6 = 0K             
_AC7 = 0K             
_AC8 = 0K             
_AC9 = 0K             
_TMP = 301K","84","0",,"4","81","0","1152921504606847008","243","Microsoft-Windows-Kernel-Power","331c3b3a-2005-44c2-ac5e-77220c37d6b4","Microsoft-Windows-Kernel-Power/Thermal-Operational","4","48","rjaf-PC4429","S-1-5-18","12/15/2014 4:01:06 AM",,,"c:\users\mac_1\desktop\winevt\logs\microsoft-windows-kernel-power%4thermal-operational.evtx","System.UInt32[]","System.Diagnostics.Eventing.Reader.EventBookmark","Information","Info",,"System.Collections.ObjectModel.ReadOnlyCollection`1[System.String]","System.Collections.Generic.List`1[System.Diagnostics.Eventing.Reader.EventProperty]"
"ACPI thermal zone ACPI\ThermalZone\TZ00 has engaged active cooling.             
EventTime = ?2014?-?12?-?12T03:19:31.554408800Z             
_AC0 = 358K             
_AC1 = 328K             
_AC2 = 273K             
_AC3 = 273K             
_AC4 = 273K             
_AC5 = 0K             
_AC6 = 0K             
_AC7 = 0K             
_AC8 = 0K             
_AC9 = 0K             
_TMP = 301K","84","0",,"4","81","0","1152921504606847008","242","Microsoft-Windows-Kernel-Power","331c3b3a-2005-44c2-ac5e-77220c37d6b4","Microsoft-Windows-Kernel-Power/Thermal-Operational","4","48","rjaf-PC4429","S-1-5-18","12/11/2014 5:19:31 PM",,,"c:\users\mac_1\desktop\winevt\logs\microsoft-windows-kernel-power%4thermal-operational.evtx","System.UInt32[]","System.Diagnostics.Eventing.Reader.EventBookmark","Information","Info",,"System.Collections.ObjectModel.ReadOnlyCollection`1[System.String]","System.Collections.Generic.List`1[System.Diagnostics.Eventing.Reader.EventProperty]"
"ACPI thermal zone ACPI\ThermalZone\TZ00 has engaged active cooling.             
EventTime = ?2014?-?12?-?10T17:45:44.499617500Z             
_AC0 = 358K             
_AC1 = 328K             
_AC2 = 273K             
_AC3 = 273K             
_AC4 = 273K             
_AC5 = 0K             
_AC6 = 0K             
_AC7 = 0K             
_AC8 = 0K             
_AC9 = 0K             
_TMP = 301K","84","0",,"4","81","0","1152921504606847008","241","Microsoft-Windows-Kernel-Power","331c3b3a-2005-44c2-ac5e-77220c37d6b4","Microsoft-Windows-Kernel-Power/Thermal-Operational","4","60","rjaf-PC4429","S-1-5-18","12/10/2014 7:45:44 AM",,,"c:\users\mac_1\desktop\winevt\logs\microsoft-windows-kernel-power%4thermal-operational.evtx","System.UInt32[]","System.Diagnostics.Eventing.Reader.EventBookmark","Information","Info",,"System.Collections.ObjectModel.ReadOnlyCollection`1[System.String]","System.Collections.Generic.List`1[System.Diagnostics.Eventing.Reader.EventProperty]"
"ACPI thermal zone ACPI\ThermalZone\TZ00 has engaged active cooling.             
EventTime = ?2014?-?12?-?07T11:57:40.395212100Z             
_AC0 = 358K             
_AC1 = 328K             
_AC2 = 273K             
_AC3 = 273K             
_AC4 = 273K             
_AC5 = 0K             
_AC6 = 0K             
_AC7 = 0K             
_AC8 = 0K             
_AC9 = 0K             
_TMP = 301K","84","0",,"4","81","0","1152921504606847008","240","Microsoft-Windows-Kernel-Power","331c3b3a-2005-44c2-ac5e-77220c37d6b4","Microsoft-Windows-Kernel-Power/Thermal-Operational","4","68","rjaf-PC4429","S-1-5-18","12/7/2014 1:57:40 AM",,,"c:\users\mac_1\desktop\winevt\logs\microsoft-windows-kernel-power%4thermal-operational.evtx","System.UInt32[]","System.Diagnostics.Eventing.Reader.EventBookmark","Information","Info",,"System.Collections.ObjectModel.ReadOnlyCollection`1[System.String]","System.Collections.Generic.List`1[System.Diagnostics.Eventing.Reader.EventProperty]"
"ACPI thermal zone ACPI\ThermalZone\TZ00 has engaged active cooling.             
EventTime = ?2014?-?12?-?07T09:35:49.396810300Z             
_AC0 = 358K             
_AC1 = 328K             
_AC2 = 273K             
_AC3 = 273K             
_AC4 = 273K             
_AC5 = 0K             
_AC6 = 0K             
_AC7 = 0K             
_AC8 = 0K             
_AC9 = 0K             
_TMP = 301K","84","0",,"4","81","0","1152921504606847008","239","Microsoft-Windows-Kernel-Power","331c3b3a-2005-44c2-ac5e-77220c37d6b4","Microsoft-Windows-Kernel-Power/Thermal-Operational","4","52","rjaf-PC4429","S-1-5-18","12/6/2014 11:35:49 PM",,,"c:\users\mac_1\desktop\winevt\logs\microsoft-windows-kernel-power%4thermal-operational.evtx","System.UInt32[]","System.Diagnostics.Eventing.Reader.EventBookmark","Information","Info",,"System.Collections.ObjectModel.ReadOnlyCollection`1[System.String]","System.Collections.Generic.List`1[System.Diagnostics.Eventing.Reader.EventProperty]"
"ACPI thermal zone ACPI\ThermalZone\TZ00 has engaged active cooling.             
EventTime = ?2014?-?12?-?03T12:48:55.376415600Z             
_AC0 = 358K             
_AC1 = 328K             
_AC2 = 273K             
_AC3 = 273K             
_AC4 = 273K             
_AC5 = 0K             
_AC6 = 0K             
_AC7 = 0K             
_AC8 = 0K             
_AC9 = 0K             
_TMP = 301K","84","0",,"4","81","0","1152921504606847008","238","Microsoft-Windows-Kernel-Power","331c3b3a-2005-44c2-ac5e-77220c37d6b4","Microsoft-Windows-Kernel-Power/Thermal-Operational","4","68","rjaf-PC4429","S-1-5-18","12/3/2014 2:48:55 AM",,,"c:\users\mac_1\desktop\winevt\logs\microsoft-windows-kernel-power%4thermal-operational.evtx","System.UInt32[]","System.Diagnostics.Eventing.Reader.EventBookmark","Information","Info",,"System.Collections.ObjectModel.ReadOnlyCollection`1[System.String]","System.Collections.Generic.List`1[System.Diagnostics.Eventing.Reader.EventProperty]"
"ACPI thermal zone ACPI\ThermalZone\TZ00 has engaged active cooling.             
EventTime = ?2014?-?11?-?30T11:01:59.507608800Z             
_AC0 = 358K             
_AC1 = 328K             
_AC2 = 273K             
_AC3 = 273K             
_AC4 = 273K             
_AC5 = 0K             
_AC6 = 0K             
_AC7 = 0K             
_AC8 = 0K             
_AC9 = 0K             
_TMP = 301K","84","0",,"4","81","0","1152921504606847008","237","Microsoft-Windows-Kernel-Power","331c3b3a-2005-44c2-ac5e-77220c37d6b4","Microsoft-Windows-Kernel-Power/Thermal-Operational","4","52","rjaf-PC4429","S-1-5-18","11/30/2014 1:01:59 AM",,,"c:\users\mac_1\desktop\winevt\logs\microsoft-windows-kernel-power%4thermal-operational.evtx","System.UInt32[]","System.Diagnostics.Eventing.Reader.EventBookmark","Information","Info",,"System.Collections.ObjectModel.ReadOnlyCollection`1[System.String]","System.Collections.Generic.List`1[System.Diagnostics.Eventing.Reader.EventProperty]"
"ACPI thermal zone ACPI\ThermalZone\TZ00 has engaged active cooling.             
EventTime = ?2014?-?11?-?29T20:21:00.476408700Z             
_AC0 = 358K             
_AC1 = 328K             
_AC2 = 273K             
_AC3 = 273K             
_AC4 = 273K             
_AC5 = 0K             
_AC6 = 0K             
_AC7 = 0K             
_AC8 = 0K             
_AC9 = 0K             
_TMP = 301K","84","0",,"4","81","0","1152921504606847008","236","Microsoft-Windows-Kernel-Power","331c3b3a-2005-44c2-ac5e-77220c37d6b4","Microsoft-Windows-Kernel-Power/Thermal-Operational","4","64","rjaf-PC4429","S-1-5-18","11/29/2014 10:21:00 AM",,,"c:\users\mac_1\desktop\winevt\logs\microsoft-windows-kernel-power%4thermal-operational.evtx","System.UInt32[]","System.Diagnostics.Eventing.Reader.EventBookmark","Information","Info",,"System.Collections.ObjectModel.ReadOnlyCollection`1[System.String]","System.Collections.Generic.List`1[System.Diagnostics.Eventing.Reader.EventProperty]"
"ACPI thermal zone ACPI\ThermalZone\TZ00 has engaged active cooling.             
EventTime = ?2014?-?11?-?28T20:13:14.882009400Z             
_AC0 = 358K             
_AC1 = 328K             
_AC2 = 273K             
_AC3 = 273K             
_AC4 = 273K             
_AC5 = 0K             
_AC6 = 0K             
_AC7 = 0K             
_AC8 = 0K             
_AC9 = 0K             
_TMP = 301K","84","0",,"4","81","0","1152921504606847008","235","Microsoft-Windows-Kernel-Power","331c3b3a-2005-44c2-ac5e-77220c37d6b4","Microsoft-Windows-Kernel-Power/Thermal-Operational","4","60","rjaf-PC4429","S-1-5-18","11/28/2014 10:13:14 AM",,,"c:\users\mac_1\desktop\winevt\logs\microsoft-windows-kernel-power%4thermal-operational.evtx","System.UInt32[]","System.Diagnostics.Eventing.Reader.EventBookmark","Information","Info",,"System.Collections.ObjectModel.ReadOnlyCollection`1[System.String]","System.Collections.Generic.List`1[System.Diagnostics.Eventing.Reader.EventProperty]"
"ACPI thermal zone ACPI\ThermalZone\TZ00 has engaged active cooling.             
EventTime = ?2014?-?11?-?28T18:36:39.538808800Z             
_AC0 = 358K             
_AC1 = 328K             
_AC2 = 273K             
_AC3 = 273K             
_AC4 = 273K             
_AC5 = 0K             
_AC6 = 0K             
_AC7 = 0K             
_AC8 = 0K             
_AC9 = 0K             
_TMP = 301K","84","0",,"4","81","0","1152921504606847008","234","Microsoft-Windows-Kernel-Power","331c3b3a-2005-44c2-ac5e-77220c37d6b4","Microsoft-Windows-Kernel-Power/Thermal-Operational","4","48","rjaf-PC4429","S-1-5-18","11/28/2014 8:36:39 AM",,,"c:\users\mac_1\desktop\winevt\logs\microsoft-windows-kernel-power%4thermal-operational.evtx","System.UInt32[]","System.Diagnostics.Eventing.Reader.EventBookmark","Information","Info",,"System.Collections.ObjectModel.ReadOnlyCollection`1[System.String]","System.Collections.Generic.List`1[System.Diagnostics.Eventing.Reader.EventProperty]"
"ACPI thermal zone ACPI\ThermalZone\TZ00 has engaged active cooling.             
EventTime = ?2014?-?11?-?28T09:39:49.818011100Z             
_AC0 = 358K             
_AC1 = 328K             
_AC2 = 273K             
_AC3 = 273K             
_AC4 = 273K             
_AC5 = 0K             
_AC6 = 0K             
_AC7 = 0K             
_AC8 = 0K             
_AC9 = 0K             
_TMP = 301K","84","0",,"4","81","0","1152921504606847008","233","Microsoft-Windows-Kernel-Power","331c3b3a-2005-44c2-ac5e-77220c37d6b4","Microsoft-Windows-Kernel-Power/Thermal-Operational","4","44","rjaf-PC4429","S-1-5-18","11/27/2014 11:39:49 PM",,,"c:\users\mac_1\desktop\winevt\logs\microsoft-windows-kernel-power%4thermal-operational.evtx","System.UInt32[]","System.Diagnostics.Eventing.Reader.EventBookmark","Information","Info",,"System.Collections.ObjectModel.ReadOnlyCollection`1[System.String]","System.Collections.Generic.List`1[System.Diagnostics.Eventing.Reader.EventProperty]"
"ACPI thermal zone ACPI\ThermalZone\TZ00 has engaged active cooling.             
EventTime = ?2014?-?11?-?27T08:04:25.913209500Z             
_AC0 = 358K             
_AC1 = 328K             
_AC2 = 273K             
_AC3 = 273K             
_AC4 = 273K             
_AC5 = 0K             
_AC6 = 0K             
_AC7 = 0K             
_AC8 = 0K             
_AC9 = 0K             
_TMP = 301K","84","0",,"4","81","0","1152921504606847008","232","Microsoft-Windows-Kernel-Power","331c3b3a-2005-44c2-ac5e-77220c37d6b4","Microsoft-Windows-Kernel-Power/Thermal-Operational","4","52","rjaf-PC4429","S-1-5-18","11/26/2014 10:04:25 PM",,,"c:\users\mac_1\desktop\winevt\logs\microsoft-windows-kernel-power%4thermal-operational.evtx","System.UInt32[]","System.Diagnostics.Eventing.Reader.EventBookmark","Information","Info",,"System.Collections.ObjectModel.ReadOnlyCollection`1[System.String]","System.Collections.Generic.List`1[System.Diagnostics.Eventing.Reader.EventProperty]"
"ACPI thermal zone ACPI\ThermalZone\TZ00 has engaged active cooling.             
EventTime = ?2014?-?11?-?26T22:36:45.944409500Z             
_AC0 = 358K             
_AC1 = 328K             
_AC2 = 273K             
_AC3 = 273K             
_AC4 = 273K             
_AC5 = 0K             
_AC6 = 0K             
_AC7 = 0K             
_AC8 = 0K             
_AC9 = 0K             
_TMP = 301K","84","0",,"4","81","0","1152921504606847008","231","Microsoft-Windows-Kernel-Power","331c3b3a-2005-44c2-ac5e-77220c37d6b4","Microsoft-Windows-Kernel-Power/Thermal-Operational","4","48","rjaf-PC4429","S-1-5-18","11/26/2014 12:36:45 PM",,,"c:\users\mac_1\desktop\winevt\logs\microsoft-windows-kernel-power%4thermal-operational.evtx","System.UInt32[]","System.Diagnostics.Eventing.Reader.EventBookmark","Information","Info",,"System.Collections.ObjectModel.ReadOnlyCollection`1[System.String]","System.Collections.Generic.List`1[System.Diagnostics.Eventing.Reader.EventProperty]"
"ACPI thermal zone ACPI\ThermalZone\TZ00 has engaged active cooling.             
EventTime = ?2014?-?11?-?26T19:27:32.192411700Z             
_AC0 = 358K             
_AC1 = 328K             
_AC2 = 273K             
_AC3 = 273K             
_AC4 = 273K             
_AC5 = 0K             
_AC6 = 0K             
_AC7 = 0K             
_AC8 = 0K             
_AC9 = 0K             
_TMP = 301K","84","0",,"4","81","0","1152921504606847008","230","Microsoft-Windows-Kernel-Power","331c3b3a-2005-44c2-ac5e-77220c37d6b4","Microsoft-Windows-Kernel-Power/Thermal-Operational","4","48","rjaf-PC4429","S-1-5-18","11/26/2014 9:27:32 AM",,,"c:\users\mac_1\desktop\winevt\logs\microsoft-windows-kernel-power%4thermal-operational.evtx","System.UInt32[]","System.Diagnostics.Eventing.Reader.EventBookmark","Information","Info",,"System.Collections.ObjectModel.ReadOnlyCollection`1[System.String]","System.Collections.Generic.List`1[System.Diagnostics.Eventing.Reader.EventProperty]"
"ACPI thermal zone ACPI\ThermalZone\TZ00 has engaged active cooling.             
EventTime = ?2014?-?11?-?23T11:20:02.616808900Z             
_AC0 = 358K             
_AC1 = 328K             
_AC2 = 273K             
_AC3 = 273K             
_AC4 = 273K             
_AC5 = 0K             
_AC6 = 0K             
_AC7 = 0K             
_AC8 = 0K             
_AC9 = 0K             
_TMP = 301K","84","0",,"4","81","0","1152921504606847008","229","Microsoft-Windows-Kernel-Power","331c3b3a-2005-44c2-ac5e-77220c37d6b4","Microsoft-Windows-Kernel-Power/Thermal-Operational","4","56","rjaf-PC4429","S-1-5-18","11/23/2014 1:20:02 AM",,,"c:\users\mac_1\desktop\winevt\logs\microsoft-windows-kernel-power%4thermal-operational.evtx","System.UInt32[]","System.Diagnostics.Eventing.Reader.EventBookmark","Information","Info",,"System.Collections.ObjectModel.ReadOnlyCollection`1[System.String]","System.Collections.Generic.List`1[System.Diagnostics.Eventing.Reader.EventProperty]"
"ACPI thermal zone ACPI\ThermalZone\TZ00 has engaged active cooling.             
EventTime = ?2014?-?11?-?22T12:42:45.038009700Z             
_AC0 = 358K             
_AC1 = 328K             
_AC2 = 273K             
_AC3 = 273K             
_AC4 = 273K             
_AC5 = 0K             
_AC6 = 0K             
_AC7 = 0K             
_AC8 = 0K             
_AC9 = 0K             
_TMP = 301K","84","0",,"4","81","0","1152921504606847008","228","Microsoft-Windows-Kernel-Power","331c3b3a-2005-44c2-ac5e-77220c37d6b4","Microsoft-Windows-Kernel-Power/Thermal-Operational","4","56","rjaf-PC4429","S-1-5-18","11/22/2014 2:42:45 AM",,,"c:\users\mac_1\desktop\winevt\logs\microsoft-windows-kernel-power%4thermal-operational.evtx","System.UInt32[]","System.Diagnostics.Eventing.Reader.EventBookmark","Information","Info",,"System.Collections.ObjectModel.ReadOnlyCollection`1[System.String]","System.Collections.Generic.List`1[System.Diagnostics.Eventing.Reader.EventProperty]"
"ACPI thermal zone ACPI\ThermalZone\TZ00 has engaged active cooling.             
EventTime = ?2014?-?11?-?19T11:04:55.139218600Z             
_AC0 = 358K             
_AC1 = 328K             
_AC2 = 273K             
_AC3 = 273K             
_AC4 = 273K             
_AC5 = 0K             
_AC6 = 0K             
_AC7 = 0K             
_AC8 = 0K             
_AC9 = 0K             
_TMP = 301K","84","0",,"4","81","0","1152921504606847008","227","Microsoft-Windows-Kernel-Power","331c3b3a-2005-44c2-ac5e-77220c37d6b4","Microsoft-Windows-Kernel-Power/Thermal-Operational","4","64","rjaf-PC4429","S-1-5-18","11/19/2014 1:04:55 AM",,,"c:\users\mac_1\desktop\winevt\logs\microsoft-windows-kernel-power%4thermal-operational.evtx","System.UInt32[]","System.Diagnostics.Eventing.Reader.EventBookmark","Information","Info",,"System.Collections.ObjectModel.ReadOnlyCollection`1[System.String]","System.Collections.Generic.List`1[System.Diagnostics.Eventing.Reader.EventProperty]"
"ACPI thermal zone ACPI\ThermalZone\TZ00 has engaged active cooling.             
EventTime = ?2014?-?11?-?18T09:44:47.460808700Z             
_AC0 = 358K             
_AC1 = 328K             
_AC2 = 273K             
_AC3 = 273K             
_AC4 = 273K             
_AC5 = 0K             
_AC6 = 0K             
_AC7 = 0K             
_AC8 = 0K             
_AC9 = 0K             
_TMP = 301K","84","0",,"4","81","0","1152921504606847008","226","Microsoft-Windows-Kernel-Power","331c3b3a-2005-44c2-ac5e-77220c37d6b4","Microsoft-Windows-Kernel-Power/Thermal-Operational","4","44","rjaf-PC4429","S-1-5-18","11/17/2014 11:44:47 PM",,,"c:\users\mac_1\desktop\winevt\logs\microsoft-windows-kernel-power%4thermal-operational.evtx","System.UInt32[]","System.Diagnostics.Eventing.Reader.EventBookmark","Information","Info",,"System.Collections.ObjectModel.ReadOnlyCollection`1[System.String]","System.Collections.Generic.List`1[System.Diagnostics.Eventing.Reader.EventProperty]"
"ACPI thermal zone ACPI\ThermalZone\TZ00 has engaged active cooling.             
EventTime = ?2014?-?11?-?17T19:35:05.258008300Z             
_AC0 = 358K             
_AC1 = 328K             
_AC2 = 273K             
_AC3 = 273K             
_AC4 = 273K             
_AC5 = 0K             
_AC6 = 0K             
_AC7 = 0K             
_AC8 = 0K             
_AC9 = 0K             
_TMP = 301K","84","0",,"4","81","0","1152921504606847008","225","Microsoft-Windows-Kernel-Power","331c3b3a-2005-44c2-ac5e-77220c37d6b4","Microsoft-Windows-Kernel-Power/Thermal-Operational","4","56","rjaf-PC4429","S-1-5-18","11/17/2014 9:35:05 AM",,,"c:\users\mac_1\desktop\winevt\logs\microsoft-windows-kernel-power%4thermal-operational.evtx","System.UInt32[]","System.Diagnostics.Eventing.Reader.EventBookmark","Information","Info",,"System.Collections.ObjectModel.ReadOnlyCollection`1[System.String]","System.Collections.Generic.List`1[System.Diagnostics.Eventing.Reader.EventProperty]"
"ACPI thermal zone ACPI\ThermalZone\TZ00 has engaged active cooling.             
EventTime = ?2014?-?11?-?17T11:03:22.679209100Z             
_AC0 = 358K             
_AC1 = 328K             
_AC2 = 273K             
_AC3 = 273K             
_AC4 = 273K             
_AC5 = 0K             
_AC6 = 0K             
_AC7 = 0K             
_AC8 = 0K             
_AC9 = 0K             
_TMP = 301K","84","0",,"4","81","0","1152921504606847008","224","Microsoft-Windows-Kernel-Power","331c3b3a-2005-44c2-ac5e-77220c37d6b4","Microsoft-Windows-Kernel-Power/Thermal-Operational","4","64","rjaf-PC4429","S-1-5-18","11/17/2014 1:03:22 AM",,,"c:\users\mac_1\desktop\winevt\logs\microsoft-windows-kernel-power%4thermal-operational.evtx","System.UInt32[]","System.Diagnostics.Eventing.Reader.EventBookmark","Information","Info",,"System.Collections.ObjectModel.ReadOnlyCollection`1[System.String]","System.Collections.Generic.List`1[System.Diagnostics.Eventing.Reader.EventProperty]"
"ACPI thermal zone ACPI\ThermalZone\TZ00 has engaged active cooling.             
EventTime = ?2014?-?11?-?17T08:58:10.835209300Z             
_AC0 = 358K             
_AC1 = 328K             
_AC2 = 273K             
_AC3 = 273K             
_AC4 = 273K             
_AC5 = 0K             
_AC6 = 0K             
_AC7 = 0K             
_AC8 = 0K             
_AC9 = 0K             
_TMP = 301K","84","0",,"4","81","0","1152921504606847008","223","Microsoft-Windows-Kernel-Power","331c3b3a-2005-44c2-ac5e-77220c37d6b4","Microsoft-Windows-Kernel-Power/Thermal-Operational","4","44","rjaf-PC4429","S-1-5-18","11/16/2014 10:58:10 PM",,,"c:\users\mac_1\desktop\winevt\logs\microsoft-windows-kernel-power%4thermal-operational.evtx","System.UInt32[]","System.Diagnostics.Eventing.Reader.EventBookmark","Information","Info",,"System.Collections.ObjectModel.ReadOnlyCollection`1[System.String]","System.Collections.Generic.List`1[System.Diagnostics.Eventing.Reader.EventProperty]"
"ACPI thermal zone ACPI\ThermalZone\TZ00 has engaged active cooling.             
EventTime = ?2014?-?11?-?16T15:32:23.741609200Z             
_AC0 = 358K             
_AC1 = 328K             
_AC2 = 273K             
_AC3 = 273K             
_AC4 = 273K             
_AC5 = 0K             
_AC6 = 0K             
_AC7 = 0K             
_AC8 = 0K             
_AC9 = 0K             
_TMP = 301K","84","0",,"4","81","0","1152921504606847008","222","Microsoft-Windows-Kernel-Power","331c3b3a-2005-44c2-ac5e-77220c37d6b4","Microsoft-Windows-Kernel-Power/Thermal-Operational","4","60","rjaf-PC4429","S-1-5-18","11/16/2014 5:32:23 AM",,,"c:\users\mac_1\desktop\winevt\logs\microsoft-windows-kernel-power%4thermal-operational.evtx","System.UInt32[]","System.Diagnostics.Eventing.Reader.EventBookmark","Information","Info",,"System.Collections.ObjectModel.ReadOnlyCollection`1[System.String]","System.Collections.Generic.List`1[System.Diagnostics.Eventing.Reader.EventProperty]"
"ACPI thermal zone ACPI\ThermalZone\TZ00 has engaged active cooling.             
EventTime = ?2014?-?11?-?16T11:07:47.084809800Z             
_AC0 = 358K             
_AC1 = 328K             
_AC2 = 273K             
_AC3 = 273K             
_AC4 = 273K             
_AC5 = 0K             
_AC6 = 0K             
_AC7 = 0K             
_AC8 = 0K             
_AC9 = 0K             
_TMP = 301K","84","0",,"4","81","0","1152921504606847008","221","Microsoft-Windows-Kernel-Power","331c3b3a-2005-44c2-ac5e-77220c37d6b4","Microsoft-Windows-Kernel-Power/Thermal-Operational","4","48","rjaf-PC4429","S-1-5-18","11/16/2014 1:07:47 AM",,,"c:\users\mac_1\desktop\winevt\logs\microsoft-windows-kernel-power%4thermal-operational.evtx","System.UInt32[]","System.Diagnostics.Eventing.Reader.EventBookmark","Information","Info",,"System.Collections.ObjectModel.ReadOnlyCollection`1[System.String]","System.Collections.Generic.List`1[System.Diagnostics.Eventing.Reader.EventProperty]"
"ACPI thermal zone ACPI\ThermalZone\TZ00 has engaged active cooling.             
EventTime = ?2014?-?11?-?13T09:45:04.148808100Z             
_AC0 = 358K             
_AC1 = 328K             
_AC2 = 273K             
_AC3 = 273K             
_AC4 = 273K             
_AC5 = 0K             
_AC6 = 0K             
_AC7 = 0K             
_AC8 = 0K             
_AC9 = 0K             
_TMP = 301K","84","0",,"4","81","0","1152921504606847008","220","Microsoft-Windows-Kernel-Power","331c3b3a-2005-44c2-ac5e-77220c37d6b4","Microsoft-Windows-Kernel-Power/Thermal-Operational","4","44","rjaf-PC4429","S-1-5-18","11/12/2014 11:45:04 PM",,,"c:\users\mac_1\desktop\winevt\logs\microsoft-windows-kernel-power%4thermal-operational.evtx","System.UInt32[]","System.Diagnostics.Eventing.Reader.EventBookmark","Information","Info",,"System.Collections.ObjectModel.ReadOnlyCollection`1[System.String]","System.Collections.Generic.List`1[System.Diagnostics.Eventing.Reader.EventProperty]"
"ACPI thermal zone ACPI\ThermalZone\TZ00 has engaged active cooling.             
EventTime = ?2014?-?11?-?11T20:31:01.367208500Z             
_AC0 = 358K             
_AC1 = 328K             
_AC2 = 273K             
_AC3 = 273K             
_AC4 = 273K             
_AC5 = 0K             
_AC6 = 0K             
_AC7 = 0K             
_AC8 = 0K             
_AC9 = 0K             
_TMP = 301K","84","0",,"4","81","0","1152921504606847008","219","Microsoft-Windows-Kernel-Power","331c3b3a-2005-44c2-ac5e-77220c37d6b4","Microsoft-Windows-Kernel-Power/Thermal-Operational","4","68","rjaf-PC4429","S-1-5-18","11/11/2014 10:31:01 AM",,,"c:\users\mac_1\desktop\winevt\logs\microsoft-windows-kernel-power%4thermal-operational.evtx","System.UInt32[]","System.Diagnostics.Eventing.Reader.EventBookmark","Information","Info",,"System.Collections.ObjectModel.ReadOnlyCollection`1[System.String]","System.Collections.Generic.List`1[System.Diagnostics.Eventing.Reader.EventProperty]"
"ACPI thermal zone ACPI\ThermalZone\TZ00 has engaged active cooling.             
EventTime = ?2014?-?11?-?10T09:29:26.351608500Z             
_AC0 = 358K             
_AC1 = 328K             
_AC2 = 273K             
_AC3 = 273K             
_AC4 = 273K             
_AC5 = 0K             
_AC6 = 0K             
_AC7 = 0K             
_AC8 = 0K             
_AC9 = 0K             
_TMP = 301K","84","0",,"4","81","0","1152921504606847008","218","Microsoft-Windows-Kernel-Power","331c3b3a-2005-44c2-ac5e-77220c37d6b4","Microsoft-Windows-Kernel-Power/Thermal-Operational","4","56","rjaf-PC4429","S-1-5-18","11/9/2014 11:29:26 PM",,,"c:\users\mac_1\desktop\winevt\logs\microsoft-windows-kernel-power%4thermal-operational.evtx","System.UInt32[]","System.Diagnostics.Eventing.Reader.EventBookmark","Information","Info",,"System.Collections.ObjectModel.ReadOnlyCollection`1[System.String]","System.Collections.Generic.List`1[System.Diagnostics.Eventing.Reader.EventProperty]"
"ACPI thermal zone ACPI\ThermalZone\TZ00 has engaged active cooling.             
EventTime = ?2014?-?11?-?09T17:57:26.289208400Z             
_AC0 = 358K             
_AC1 = 328K             
_AC2 = 273K             
_AC3 = 273K             
_AC4 = 273K             
_AC5 = 0K             
_AC6 = 0K             
_AC7 = 0K             
_AC8 = 0K             
_AC9 = 0K             
_TMP = 301K","84","0",,"4","81","0","1152921504606847008","217","Microsoft-Windows-Kernel-Power","331c3b3a-2005-44c2-ac5e-77220c37d6b4","Microsoft-Windows-Kernel-Power/Thermal-Operational","4","52","rjaf-PC4429","S-1-5-18","11/9/2014 7:57:26 AM",,,"c:\users\mac_1\desktop\winevt\logs\microsoft-windows-kernel-power%4thermal-operational.evtx","System.UInt32[]","System.Diagnostics.Eventing.Reader.EventBookmark","Information","Info",,"System.Collections.ObjectModel.ReadOnlyCollection`1[System.String]","System.Collections.Generic.List`1[System.Diagnostics.Eventing.Reader.EventProperty]"
"ACPI thermal zone ACPI\ThermalZone\TZ00 has engaged active cooling.             
EventTime = ?2014?-?11?-?09T09:36:11.351608500Z             
_AC0 = 358K             
_AC1 = 328K             
_AC2 = 273K             
_AC3 = 273K             
_AC4 = 273K             
_AC5 = 0K             
_AC6 = 0K             
_AC7 = 0K             
_AC8 = 0K             
_AC9 = 0K             
_TMP = 301K","84","0",,"4","81","0","1152921504606847008","216","Microsoft-Windows-Kernel-Power","331c3b3a-2005-44c2-ac5e-77220c37d6b4","Microsoft-Windows-Kernel-Power/Thermal-Operational","4","44","rjaf-PC4429","S-1-5-18","11/8/2014 11:36:11 PM",,,"c:\users\mac_1\desktop\winevt\logs\microsoft-windows-kernel-power%4thermal-operational.evtx","System.UInt32[]","System.Diagnostics.Eventing.Reader.EventBookmark","Information","Info",,"System.Collections.ObjectModel.ReadOnlyCollection`1[System.String]","System.Collections.Generic.List`1[System.Diagnostics.Eventing.Reader.EventProperty]"
"ACPI thermal zone ACPI\ThermalZone\TZ00 has engaged active cooling.             
EventTime = ?2014?-?11?-?08T10:43:22.835209300Z             
_AC0 = 358K             
_AC1 = 328K             
_AC2 = 273K             
_AC3 = 273K             
_AC4 = 273K             
_AC5 = 0K             
_AC6 = 0K             
_AC7 = 0K             
_AC8 = 0K             
_AC9 = 0K             
_TMP = 301K","84","0",,"4","81","0","1152921504606847008","215","Microsoft-Windows-Kernel-Power","331c3b3a-2005-44c2-ac5e-77220c37d6b4","Microsoft-Windows-Kernel-Power/Thermal-Operational","4","60","rjaf-PC4429","S-1-5-18","11/8/2014 12:43:22 AM",,,"c:\users\mac_1\desktop\winevt\logs\microsoft-windows-kernel-power%4thermal-operational.evtx","System.UInt32[]","System.Diagnostics.Eventing.Reader.EventBookmark","Information","Info",,"System.Collections.ObjectModel.ReadOnlyCollection`1[System.String]","System.Collections.Generic.List`1[System.Diagnostics.Eventing.Reader.EventProperty]"
"ACPI thermal zone ACPI\ThermalZone\TZ00 has engaged active cooling.             
EventTime = ?2014?-?11?-?06T10:15:02.710409100Z             
_AC0 = 358K             
_AC1 = 328K             
_AC2 = 273K             
_AC3 = 273K             
_AC4 = 273K             
_AC5 = 0K             
_AC6 = 0K             
_AC7 = 0K             
_AC8 = 0K             
_AC9 = 0K             
_TMP = 301K","84","0",,"4","81","0","1152921504606847008","214","Microsoft-Windows-Kernel-Power","331c3b3a-2005-44c2-ac5e-77220c37d6b4","Microsoft-Windows-Kernel-Power/Thermal-Operational","4","56","rjaf-PC4429","S-1-5-18","11/6/2014 12:15:02 AM",,,"c:\users\mac_1\desktop\winevt\logs\microsoft-windows-kernel-power%4thermal-operational.evtx","System.UInt32[]","System.Diagnostics.Eventing.Reader.EventBookmark","Information","Info",,"System.Collections.ObjectModel.ReadOnlyCollection`1[System.String]","System.Collections.Generic.List`1[System.Diagnostics.Eventing.Reader.EventProperty]"
"ACPI thermal zone ACPI\ThermalZone\TZ00 has engaged active cooling.             
EventTime = ?2014?-?11?-?04T10:19:13.268813600Z             
_AC0 = 358K             
_AC1 = 328K             
_AC2 = 273K             
_AC3 = 273K             
_AC4 = 273K             
_AC5 = 0K             
_AC6 = 0K             
_AC7 = 0K             
_AC8 = 0K             
_AC9 = 0K             
_TMP = 301K","84","0",,"4","81","0","1152921504606847008","213","Microsoft-Windows-Kernel-Power","331c3b3a-2005-44c2-ac5e-77220c37d6b4","Microsoft-Windows-Kernel-Power/Thermal-Operational","4","52","rjaf-PC4429","S-1-5-18","11/4/2014 12:19:13 AM",,,"c:\users\mac_1\desktop\winevt\logs\microsoft-windows-kernel-power%4thermal-operational.evtx","System.UInt32[]","System.Diagnostics.Eventing.Reader.EventBookmark","Information","Info",,"System.Collections.ObjectModel.ReadOnlyCollection`1[System.String]","System.Collections.Generic.List`1[System.Diagnostics.Eventing.Reader.EventProperty]"
"ACPI thermal zone ACPI\ThermalZone\TZ00 has engaged active cooling.             
EventTime = ?2014?-?11?-?03T20:02:38.240810000Z             
_AC0 = 358K             
_AC1 = 328K             
_AC2 = 273K             
_AC3 = 273K             
_AC4 = 273K             
_AC5 = 0K             
_AC6 = 0K             
_AC7 = 0K             
_AC8 = 0K             
_AC9 = 0K             
_TMP = 301K","84","0",,"4","81","0","1152921504606847008","212","Microsoft-Windows-Kernel-Power","331c3b3a-2005-44c2-ac5e-77220c37d6b4","Microsoft-Windows-Kernel-Power/Thermal-Operational","4","64","rjaf-PC4429","S-1-5-18","11/3/2014 10:02:38 AM",,,"c:\users\mac_1\desktop\winevt\logs\microsoft-windows-kernel-power%4thermal-operational.evtx","System.UInt32[]","System.Diagnostics.Eventing.Reader.EventBookmark","Information","Info",,"System.Collections.ObjectModel.ReadOnlyCollection`1[System.String]","System.Collections.Generic.List`1[System.Diagnostics.Eventing.Reader.EventProperty]"
"ACPI thermal zone ACPI\ThermalZone\TZ00 has engaged active cooling.             
EventTime = ?2014?-?11?-?03T00:06:25.835209400Z             
_AC0 = 358K             
_AC1 = 328K             
_AC2 = 273K             
_AC3 = 273K             
_AC4 = 273K             
_AC5 = 0K             
_AC6 = 0K             
_AC7 = 0K             
_AC8 = 0K             
_AC9 = 0K             
_TMP = 301K","84","0",,"4","81","0","1152921504606847008","211","Microsoft-Windows-Kernel-Power","331c3b3a-2005-44c2-ac5e-77220c37d6b4","Microsoft-Windows-Kernel-Power/Thermal-Operational","4","48","rjaf-PC4429","S-1-5-18","11/2/2014 2:06:25 PM",,,"c:\users\mac_1\desktop\winevt\logs\microsoft-windows-kernel-power%4thermal-operational.evtx","System.UInt32[]","System.Diagnostics.Eventing.Reader.EventBookmark","Information","Info",,"System.Collections.ObjectModel.ReadOnlyCollection`1[System.String]","System.Collections.Generic.List`1[System.Diagnostics.Eventing.Reader.EventProperty]"
"ACPI thermal zone ACPI\ThermalZone\TZ00 has engaged active cooling.             
EventTime = ?2014?-?10?-?27T09:40:00.460808700Z             
_AC0 = 358K             
_AC1 = 328K             
_AC2 = 273K             
_AC3 = 273K             
_AC4 = 273K             
_AC5 = 0K             
_AC6 = 0K             
_AC7 = 0K             
_AC8 = 0K             
_AC9 = 0K             
_TMP = 301K","84","0",,"4","81","0","1152921504606847008","210","Microsoft-Windows-Kernel-Power","331c3b3a-2005-44c2-ac5e-77220c37d6b4","Microsoft-Windows-Kernel-Power/Thermal-Operational","4","52","rjaf-PC4429","S-1-5-18","10/27/2014 12:40:00 AM",,,"c:\users\mac_1\desktop\winevt\logs\microsoft-windows-kernel-power%4thermal-operational.evtx","System.UInt32[]","System.Diagnostics.Eventing.Reader.EventBookmark","Information","Info",,"System.Collections.ObjectModel.ReadOnlyCollection`1[System.String]","System.Collections.Generic.List`1[System.Diagnostics.Eventing.Reader.EventProperty]"
"ACPI thermal zone ACPI\ThermalZone\TZ00 has engaged active cooling.             
EventTime = ?2014?-?10?-?21T13:51:11.476408700Z             
_AC0 = 358K             
_AC1 = 328K             
_AC2 = 273K             
_AC3 = 273K             
_AC4 = 273K             
_AC5 = 0K             
_AC6 = 0K             
_AC7 = 0K             
_AC8 = 0K             
_AC9 = 0K             
_TMP = 301K","84","0",,"4","81","0","1152921504606847008","209","Microsoft-Windows-Kernel-Power","331c3b3a-2005-44c2-ac5e-77220c37d6b4","Microsoft-Windows-Kernel-Power/Thermal-Operational","4","52","rjaf-PC4429","S-1-5-18","10/21/2014 4:51:11 AM",,,"c:\users\mac_1\desktop\winevt\logs\microsoft-windows-kernel-power%4thermal-operational.evtx","System.UInt32[]","System.Diagnostics.Eventing.Reader.EventBookmark","Information","Info",,"System.Collections.ObjectModel.ReadOnlyCollection`1[System.String]","System.Collections.Generic.List`1[System.Diagnostics.Eventing.Reader.EventProperty]"
"ACPI thermal zone ACPI\ThermalZone\TZ00 has engaged active cooling.             
EventTime = ?2014?-?10?-?21T13:44:14.351608500Z             
_AC0 = 358K             
_AC1 = 328K             
_AC2 = 273K             
_AC3 = 273K             
_AC4 = 273K             
_AC5 = 0K             
_AC6 = 0K             
_AC7 = 0K             
_AC8 = 0K             
_AC9 = 0K             
_TMP = 301K","84","0",,"4","81","0","1152921504606847008","208","Microsoft-Windows-Kernel-Power","331c3b3a-2005-44c2-ac5e-77220c37d6b4","Microsoft-Windows-Kernel-Power/Thermal-Operational","4","64","rjaf-PC4429","S-1-5-18","10/21/2014 4:44:14 AM",,,"c:\users\mac_1\desktop\winevt\logs\microsoft-windows-kernel-power%4thermal-operational.evtx","System.UInt32[]","System.Diagnostics.Eventing.Reader.EventBookmark","Information","Info",,"System.Collections.ObjectModel.ReadOnlyCollection`1[System.String]","System.Collections.Generic.List`1[System.Diagnostics.Eventing.Reader.EventProperty]"
"ACPI thermal zone ACPI\ThermalZone\TZ00 has engaged active cooling.             
EventTime = ?2014?-?10?-?19T14:02:41.914807700Z             
_AC0 = 358K             
_AC1 = 328K             
_AC2 = 273K             
_AC3 = 273K             
_AC4 = 273K             
_AC5 = 0K             
_AC6 = 0K             
_AC7 = 0K             
_AC8 = 0K             
_AC9 = 0K             
_TMP = 301K","84","0",,"4","81","0","1152921504606847008","207","Microsoft-Windows-Kernel-Power","331c3b3a-2005-44c2-ac5e-77220c37d6b4","Microsoft-Windows-Kernel-Power/Thermal-Operational","4","48","rjaf-PC4429","S-1-5-18","10/19/2014 5:02:41 AM",,,"c:\users\mac_1\desktop\winevt\logs\microsoft-windows-kernel-power%4thermal-operational.evtx","System.UInt32[]","System.Diagnostics.Eventing.Reader.EventBookmark","Information","Info",,"System.Collections.ObjectModel.ReadOnlyCollection`1[System.String]","System.Collections.Generic.List`1[System.Diagnostics.Eventing.Reader.EventProperty]"
"ACPI thermal zone ACPI\ThermalZone\TZ00 has engaged active cooling.             
EventTime = ?2014?-?10?-?19T09:39:18.039607900Z             
_AC0 = 358K             
_AC1 = 328K             
_AC2 = 273K             
_AC3 = 273K             
_AC4 = 273K             
_AC5 = 0K             
_AC6 = 0K             
_AC7 = 0K             
_AC8 = 0K             
_AC9 = 0K             
_TMP = 301K","84","0",,"4","81","0","1152921504606847008","206","Microsoft-Windows-Kernel-Power","331c3b3a-2005-44c2-ac5e-77220c37d6b4","Microsoft-Windows-Kernel-Power/Thermal-Operational","4","56","rjaf-PC4429","S-1-5-18","10/19/2014 12:39:18 AM",,,"c:\users\mac_1\desktop\winevt\logs\microsoft-windows-kernel-power%4thermal-operational.evtx","System.UInt32[]","System.Diagnostics.Eventing.Reader.EventBookmark","Information","Info",,"System.Collections.ObjectModel.ReadOnlyCollection`1[System.String]","System.Collections.Generic.List`1[System.Diagnostics.Eventing.Reader.EventProperty]"
"ACPI thermal zone ACPI\ThermalZone\TZ00 has engaged active cooling.             
EventTime = ?2014?-?10?-?18T20:21:58.616808900Z             
_AC0 = 358K             
_AC1 = 328K             
_AC2 = 273K             
_AC3 = 273K             
_AC4 = 273K             
_AC5 = 0K             
_AC6 = 0K             
_AC7 = 0K             
_AC8 = 0K             
_AC9 = 0K             
_TMP = 301K","84","0",,"4","81","0","1152921504606847008","205","Microsoft-Windows-Kernel-Power","331c3b3a-2005-44c2-ac5e-77220c37d6b4","Microsoft-Windows-Kernel-Power/Thermal-Operational","4","64","rjaf-PC4429","S-1-5-18","10/18/2014 11:21:58 AM",,,"c:\users\mac_1\desktop\winevt\logs\microsoft-windows-kernel-power%4thermal-operational.evtx","System.UInt32[]","System.Diagnostics.Eventing.Reader.EventBookmark","Information","Info",,"System.Collections.ObjectModel.ReadOnlyCollection`1[System.String]","System.Collections.Generic.List`1[System.Diagnostics.Eventing.Reader.EventProperty]"
"ACPI thermal zone ACPI\ThermalZone\TZ00 has engaged active cooling.             
EventTime = ?2014?-?10?-?17T19:50:30.896011200Z             
_AC0 = 358K             
_AC1 = 328K             
_AC2 = 273K             
_AC3 = 273K             
_AC4 = 273K             
_AC5 = 0K             
_AC6 = 0K             
_AC7 = 0K             
_AC8 = 0K             
_AC9 = 0K             
_TMP = 301K","84","0",,"4","81","0","1152921504606847008","204","Microsoft-Windows-Kernel-Power","331c3b3a-2005-44c2-ac5e-77220c37d6b4","Microsoft-Windows-Kernel-Power/Thermal-Operational","4","52","rjaf-PC4429","S-1-5-18","10/17/2014 10:50:30 AM",,,"c:\users\mac_1\desktop\winevt\logs\microsoft-windows-kernel-power%4thermal-operational.evtx","System.UInt32[]","System.Diagnostics.Eventing.Reader.EventBookmark","Information","Info",,"System.Collections.ObjectModel.ReadOnlyCollection`1[System.String]","System.Collections.Generic.List`1[System.Diagnostics.Eventing.Reader.EventProperty]"
"ACPI thermal zone ACPI\ThermalZone\TZ00 has engaged active cooling.             
EventTime = ?2014?-?10?-?15T10:15:23.211208200Z             
_AC0 = 358K             
_AC1 = 328K             
_AC2 = 273K             
_AC3 = 273K             
_AC4 = 273K             
_AC5 = 0K             
_AC6 = 0K             
_AC7 = 0K             
_AC8 = 0K             
_AC9 = 0K             
_TMP = 301K","84","0",,"4","81","0","1152921504606847008","203","Microsoft-Windows-Kernel-Power","331c3b3a-2005-44c2-ac5e-77220c37d6b4","Microsoft-Windows-Kernel-Power/Thermal-Operational","4","56","rjaf-PC4429","S-1-5-18","10/15/2014 1:15:23 AM",,,"c:\users\mac_1\desktop\winevt\logs\microsoft-windows-kernel-power%4thermal-operational.evtx","System.UInt32[]","System.Diagnostics.Eventing.Reader.EventBookmark","Information","Info",,"System.Collections.ObjectModel.ReadOnlyCollection`1[System.String]","System.Collections.Generic.List`1[System.Diagnostics.Eventing.Reader.EventProperty]"
"ACPI thermal zone ACPI\ThermalZone\TZ00 has engaged active cooling.             
EventTime = ?2014?-?10?-?12T16:19:44.164408100Z             
_AC0 = 358K             
_AC1 = 328K             
_AC2 = 273K             
_AC3 = 273K             
_AC4 = 273K             
_AC5 = 0K             
_AC6 = 0K             
_AC7 = 0K             
_AC8 = 0K             
_AC9 = 0K             
_TMP = 301K","84","0",,"4","81","0","1152921504606847008","202","Microsoft-Windows-Kernel-Power","331c3b3a-2005-44c2-ac5e-77220c37d6b4","Microsoft-Windows-Kernel-Power/Thermal-Operational","4","60","rjaf-PC4429","S-1-5-18","10/12/2014 7:19:44 AM",,,"c:\users\mac_1\desktop\winevt\logs\microsoft-windows-kernel-power%4thermal-operational.evtx","System.UInt32[]","System.Diagnostics.Eventing.Reader.EventBookmark","Information","Info",,"System.Collections.ObjectModel.ReadOnlyCollection`1[System.String]","System.Collections.Generic.List`1[System.Diagnostics.Eventing.Reader.EventProperty]"
