"The scripted diagnostic engine executed a diagnostic package located at C:\Windows\diagnostics\scheduled\Maintenance with ID MaintenanceDiagnostic.","1","0",,"4","0","0","-9223372019674906624","192","Microsoft-Windows-Diagnosis-Scripted","e1dd7e52-621d-44e3-a1ad-0370c2b25946","Microsoft-Windows-Diagnosis-Scripted/Admin","2844","844","rjaf-PC4429","S-1-5-21-1634558665-2257203147-3060767804-1000","8/4/2014 12:52:09 AM",,,"c:\users\mac_1\desktop\winevt\logs\microsoft-windows-diagnosis-scripted%4admin.evtx","System.UInt32[]","System.Diagnostics.Eventing.Reader.EventBookmark","Information","Info",,"System.Collections.ObjectModel.ReadOnlyCollection`1[System.String]","System.Collections.Generic.List`1[System.Diagnostics.Eventing.Reader.EventProperty]"
"The scripted diagnostic engine executed a diagnostic package located at C:\Windows\diagnostics\scheduled\Maintenance with ID MaintenanceDiagnostic.","1","0",,"4","0","0","-9223372019674906624","191","Microsoft-Windows-Diagnosis-Scripted","e1dd7e52-621d-44e3-a1ad-0370c2b25946","Microsoft-Windows-Diagnosis-Scripted/Admin","2528","2968","rjaf-PC4429","S-1-5-21-1634558665-2257203147-3060767804-1000","8/3/2014 2:18:30 AM",,,"c:\users\mac_1\desktop\winevt\logs\microsoft-windows-diagnosis-scripted%4admin.evtx","System.UInt32[]","System.Diagnostics.Eventing.Reader.EventBookmark","Information","Info",,"System.Collections.ObjectModel.ReadOnlyCollection`1[System.String]","System.Collections.Generic.List`1[System.Diagnostics.Eventing.Reader.EventProperty]"
"The scripted diagnostic engine executed a diagnostic package located at C:\Windows\diagnostics\system\Device with ID DeviceDiagnostic.","1","0",,"4","0","0","-9223372019674906624","190","Microsoft-Windows-Diagnosis-Scripted","e1dd7e52-621d-44e3-a1ad-0370c2b25946","Microsoft-Windows-Diagnosis-Scripted/Admin","3860","3288","rjaf-PC4429","S-1-5-21-1634558665-2257203147-3060767804-1000","7/21/2014 3:17:55 AM",,,"c:\users\mac_1\desktop\winevt\logs\microsoft-windows-diagnosis-scripted%4admin.evtx","System.UInt32[]","System.Diagnostics.Eventing.Reader.EventBookmark","Information","Info",,"System.Collections.ObjectModel.ReadOnlyCollection`1[System.String]","System.Collections.Generic.List`1[System.Diagnostics.Eventing.Reader.EventProperty]"
"The scripted diagnostic engine executed a diagnostic package located at C:\Windows\diagnostics\system\Audio with ID AudioDiagnostic.","1","0",,"4","0","0","-9223372019674906624","189","Microsoft-Windows-Diagnosis-Scripted","e1dd7e52-621d-44e3-a1ad-0370c2b25946","Microsoft-Windows-Diagnosis-Scripted/Admin","3860","3288","rjaf-PC4429","S-1-5-21-1634558665-2257203147-3060767804-1000","7/21/2014 3:17:55 AM",,,"c:\users\mac_1\desktop\winevt\logs\microsoft-windows-diagnosis-scripted%4admin.evtx","System.UInt32[]","System.Diagnostics.Eventing.Reader.EventBookmark","Information","Info",,"System.Collections.ObjectModel.ReadOnlyCollection`1[System.String]","System.Collections.Generic.List`1[System.Diagnostics.Eventing.Reader.EventProperty]"
"The scripted diagnostic engine executed a diagnostic package located at C:\Windows\diagnostics\scheduled\Maintenance with ID MaintenanceDiagnostic.","1","0",,"4","0","0","-9223372019674906624","188","Microsoft-Windows-Diagnosis-Scripted","e1dd7e52-621d-44e3-a1ad-0370c2b25946","Microsoft-Windows-Diagnosis-Scripted/Admin","3576","3452","rjaf-PC4429","S-1-5-21-1634558665-2257203147-3060767804-1000","7/20/2014 3:33:25 AM",,,"c:\users\mac_1\desktop\winevt\logs\microsoft-windows-diagnosis-scripted%4admin.evtx","System.UInt32[]","System.Diagnostics.Eventing.Reader.EventBookmark","Information","Info",,"System.Collections.ObjectModel.ReadOnlyCollection`1[System.String]","System.Collections.Generic.List`1[System.Diagnostics.Eventing.Reader.EventProperty]"
"The scripted diagnostic engine executed a diagnostic package located at C:\Windows\diagnostics\system\networking with ID NetworkDiagnostics.","1","0",,"4","0","0","-9223372019674906624","187","Microsoft-Windows-Diagnosis-Scripted","e1dd7e52-621d-44e3-a1ad-0370c2b25946","Microsoft-Windows-Diagnosis-Scripted/Admin","332","1576","rjaf-PC4429","S-1-5-21-1634558665-2257203147-3060767804-1000","7/15/2014 12:23:14 AM",,,"c:\users\mac_1\desktop\winevt\logs\microsoft-windows-diagnosis-scripted%4admin.evtx","System.UInt32[]","System.Diagnostics.Eventing.Reader.EventBookmark","Information","Info",,"System.Collections.ObjectModel.ReadOnlyCollection`1[System.String]","System.Collections.Generic.List`1[System.Diagnostics.Eventing.Reader.EventProperty]"
"The scripted diagnostic engine executed a diagnostic package located at C:\Windows\diagnostics\system\Device with ID DeviceDiagnostic.","1","0",,"4","0","0","-9223372019674906624","186","Microsoft-Windows-Diagnosis-Scripted","e1dd7e52-621d-44e3-a1ad-0370c2b25946","Microsoft-Windows-Diagnosis-Scripted/Admin","2556","2656","rjaf-PC4429","S-1-5-21-1634558665-2257203147-3060767804-1000","7/14/2014 1:14:10 PM",,,"c:\users\mac_1\desktop\winevt\logs\microsoft-windows-diagnosis-scripted%4admin.evtx","System.UInt32[]","System.Diagnostics.Eventing.Reader.EventBookmark","Information","Info",,"System.Collections.ObjectModel.ReadOnlyCollection`1[System.String]","System.Collections.Generic.List`1[System.Diagnostics.Eventing.Reader.EventProperty]"
"The scripted diagnostic engine executed a diagnostic package located at C:\Windows\diagnostics\system\Audio with ID AudioDiagnostic.","1","0",,"4","0","0","-9223372019674906624","185","Microsoft-Windows-Diagnosis-Scripted","e1dd7e52-621d-44e3-a1ad-0370c2b25946","Microsoft-Windows-Diagnosis-Scripted/Admin","2556","2656","rjaf-PC4429","S-1-5-21-1634558665-2257203147-3060767804-1000","7/14/2014 1:14:10 PM",,,"c:\users\mac_1\desktop\winevt\logs\microsoft-windows-diagnosis-scripted%4admin.evtx","System.UInt32[]","System.Diagnostics.Eventing.Reader.EventBookmark","Information","Info",,"System.Collections.ObjectModel.ReadOnlyCollection`1[System.String]","System.Collections.Generic.List`1[System.Diagnostics.Eventing.Reader.EventProperty]"
"The scripted diagnostic engine executed a diagnostic package located at C:\Windows\diagnostics\scheduled\Maintenance with ID MaintenanceDiagnostic.","1","0",,"4","0","0","-9223372019674906624","184","Microsoft-Windows-Diagnosis-Scripted","e1dd7e52-621d-44e3-a1ad-0370c2b25946","Microsoft-Windows-Diagnosis-Scripted/Admin","3388","3404","rjaf-PC4429","S-1-5-21-1634558665-2257203147-3060767804-1000","7/14/2014 4:53:04 AM",,,"c:\users\mac_1\desktop\winevt\logs\microsoft-windows-diagnosis-scripted%4admin.evtx","System.UInt32[]","System.Diagnostics.Eventing.Reader.EventBookmark","Information","Info",,"System.Collections.ObjectModel.ReadOnlyCollection`1[System.String]","System.Collections.Generic.List`1[System.Diagnostics.Eventing.Reader.EventProperty]"
"The scripted diagnostic engine executed a diagnostic package located at C:\Windows\diagnostics\system\networking with ID NetworkDiagnostics.","1","0",,"4","0","0","-9223372019674906624","183","Microsoft-Windows-Diagnosis-Scripted","e1dd7e52-621d-44e3-a1ad-0370c2b25946","Microsoft-Windows-Diagnosis-Scripted/Admin","3156","3160","rjaf-PC4429","S-1-5-21-1634558665-2257203147-3060767804-1000","7/14/2014 3:14:13 AM",,,"c:\users\mac_1\desktop\winevt\logs\microsoft-windows-diagnosis-scripted%4admin.evtx","System.UInt32[]","System.Diagnostics.Eventing.Reader.EventBookmark","Information","Info",,"System.Collections.ObjectModel.ReadOnlyCollection`1[System.String]","System.Collections.Generic.List`1[System.Diagnostics.Eventing.Reader.EventProperty]"
"The scripted diagnostic engine executed a diagnostic package located at C:\Windows\diagnostics\scheduled\Maintenance with ID MaintenanceDiagnostic.","1","0",,"4","0","0","-9223372019674906624","182","Microsoft-Windows-Diagnosis-Scripted","e1dd7e52-621d-44e3-a1ad-0370c2b25946","Microsoft-Windows-Diagnosis-Scripted/Admin","2396","2896","rjaf-PC4429","S-1-5-21-1634558665-2257203147-3060767804-1000","7/8/2014 12:45:55 PM",,,"c:\users\mac_1\desktop\winevt\logs\microsoft-windows-diagnosis-scripted%4admin.evtx","System.UInt32[]","System.Diagnostics.Eventing.Reader.EventBookmark","Information","Info",,"System.Collections.ObjectModel.ReadOnlyCollection`1[System.String]","System.Collections.Generic.List`1[System.Diagnostics.Eventing.Reader.EventProperty]"
"The scripted diagnostic engine executed a diagnostic package located at C:\Windows\diagnostics\system\Device with ID DeviceDiagnostic.","1","0",,"4","0","0","-9223372019674906624","181","Microsoft-Windows-Diagnosis-Scripted","e1dd7e52-621d-44e3-a1ad-0370c2b25946","Microsoft-Windows-Diagnosis-Scripted/Admin","3248","2148","rjaf-PC4429","S-1-5-21-1634558665-2257203147-3060767804-1000","7/7/2014 3:17:22 PM",,,"c:\users\mac_1\desktop\winevt\logs\microsoft-windows-diagnosis-scripted%4admin.evtx","System.UInt32[]","System.Diagnostics.Eventing.Reader.EventBookmark","Information","Info",,"System.Collections.ObjectModel.ReadOnlyCollection`1[System.String]","System.Collections.Generic.List`1[System.Diagnostics.Eventing.Reader.EventProperty]"
"The scripted diagnostic engine executed a diagnostic package located at C:\Windows\diagnostics\system\Audio with ID AudioDiagnostic.","1","0",,"4","0","0","-9223372019674906624","180","Microsoft-Windows-Diagnosis-Scripted","e1dd7e52-621d-44e3-a1ad-0370c2b25946","Microsoft-Windows-Diagnosis-Scripted/Admin","3248","2148","rjaf-PC4429","S-1-5-21-1634558665-2257203147-3060767804-1000","7/7/2014 3:17:21 PM",,,"c:\users\mac_1\desktop\winevt\logs\microsoft-windows-diagnosis-scripted%4admin.evtx","System.UInt32[]","System.Diagnostics.Eventing.Reader.EventBookmark","Information","Info",,"System.Collections.ObjectModel.ReadOnlyCollection`1[System.String]","System.Collections.Generic.List`1[System.Diagnostics.Eventing.Reader.EventProperty]"
"The scripted diagnostic engine executed a diagnostic package located at C:\Windows\diagnostics\system\Device with ID DeviceDiagnostic.","1","0",,"4","0","0","-9223372019674906624","179","Microsoft-Windows-Diagnosis-Scripted","e1dd7e52-621d-44e3-a1ad-0370c2b25946","Microsoft-Windows-Diagnosis-Scripted/Admin","3248","2148","rjaf-PC4429","S-1-5-21-1634558665-2257203147-3060767804-1000","7/7/2014 3:17:13 PM",,,"c:\users\mac_1\desktop\winevt\logs\microsoft-windows-diagnosis-scripted%4admin.evtx","System.UInt32[]","System.Diagnostics.Eventing.Reader.EventBookmark","Information","Info",,"System.Collections.ObjectModel.ReadOnlyCollection`1[System.String]","System.Collections.Generic.List`1[System.Diagnostics.Eventing.Reader.EventProperty]"
"The scripted diagnostic engine executed a diagnostic package located at C:\Windows\diagnostics\system\Audio with ID AudioDiagnostic.","1","0",,"4","0","0","-9223372019674906624","178","Microsoft-Windows-Diagnosis-Scripted","e1dd7e52-621d-44e3-a1ad-0370c2b25946","Microsoft-Windows-Diagnosis-Scripted/Admin","3248","2148","rjaf-PC4429","S-1-5-21-1634558665-2257203147-3060767804-1000","7/7/2014 3:17:13 PM",,,"c:\users\mac_1\desktop\winevt\logs\microsoft-windows-diagnosis-scripted%4admin.evtx","System.UInt32[]","System.Diagnostics.Eventing.Reader.EventBookmark","Information","Info",,"System.Collections.ObjectModel.ReadOnlyCollection`1[System.String]","System.Collections.Generic.List`1[System.Diagnostics.Eventing.Reader.EventProperty]"
"The scripted diagnostic engine executed a diagnostic package located at C:\Windows\diagnostics\system\Device with ID DeviceDiagnostic.","1","0",,"4","0","0","-9223372019674906624","177","Microsoft-Windows-Diagnosis-Scripted","e1dd7e52-621d-44e3-a1ad-0370c2b25946","Microsoft-Windows-Diagnosis-Scripted/Admin","4016","3912","rjaf-PC4429","S-1-5-21-1634558665-2257203147-3060767804-1000","7/7/2014 3:17:00 PM",,,"c:\users\mac_1\desktop\winevt\logs\microsoft-windows-diagnosis-scripted%4admin.evtx","System.UInt32[]","System.Diagnostics.Eventing.Reader.EventBookmark","Information","Info",,"System.Collections.ObjectModel.ReadOnlyCollection`1[System.String]","System.Collections.Generic.List`1[System.Diagnostics.Eventing.Reader.EventProperty]"
"The scripted diagnostic engine executed a diagnostic package located at C:\Windows\diagnostics\system\Audio with ID AudioDiagnostic.","1","0",,"4","0","0","-9223372019674906624","176","Microsoft-Windows-Diagnosis-Scripted","e1dd7e52-621d-44e3-a1ad-0370c2b25946","Microsoft-Windows-Diagnosis-Scripted/Admin","4016","3912","rjaf-PC4429","S-1-5-21-1634558665-2257203147-3060767804-1000","7/7/2014 3:17:00 PM",,,"c:\users\mac_1\desktop\winevt\logs\microsoft-windows-diagnosis-scripted%4admin.evtx","System.UInt32[]","System.Diagnostics.Eventing.Reader.EventBookmark","Information","Info",,"System.Collections.ObjectModel.ReadOnlyCollection`1[System.String]","System.Collections.Generic.List`1[System.Diagnostics.Eventing.Reader.EventProperty]"
"The scripted diagnostic engine executed a diagnostic package located at C:\Windows\diagnostics\scheduled\Maintenance with ID MaintenanceDiagnostic.","1","0",,"4","0","0","-9223372019674906624","175","Microsoft-Windows-Diagnosis-Scripted","e1dd7e52-621d-44e3-a1ad-0370c2b25946","Microsoft-Windows-Diagnosis-Scripted/Admin","11704","8248","rjaf-PC4429","S-1-5-21-1634558665-2257203147-3060767804-1000","7/6/2014 1:11:53 AM",,,"c:\users\mac_1\desktop\winevt\logs\microsoft-windows-diagnosis-scripted%4admin.evtx","System.UInt32[]","System.Diagnostics.Eventing.Reader.EventBookmark","Information","Info",,"System.Collections.ObjectModel.ReadOnlyCollection`1[System.String]","System.Collections.Generic.List`1[System.Diagnostics.Eventing.Reader.EventProperty]"
"The scripted diagnostic engine executed a diagnostic package located at C:\Windows\diagnostics\system\Device with ID DeviceDiagnostic.","1","0",,"4","0","0","-9223372019674906624","174","Microsoft-Windows-Diagnosis-Scripted","e1dd7e52-621d-44e3-a1ad-0370c2b25946","Microsoft-Windows-Diagnosis-Scripted/Admin","10152","7504","rjaf-PC4429","S-1-5-21-1634558665-2257203147-3060767804-1000","7/2/2014 11:36:23 PM",,,"c:\users\mac_1\desktop\winevt\logs\microsoft-windows-diagnosis-scripted%4admin.evtx","System.UInt32[]","System.Diagnostics.Eventing.Reader.EventBookmark","Information","Info",,"System.Collections.ObjectModel.ReadOnlyCollection`1[System.String]","System.Collections.Generic.List`1[System.Diagnostics.Eventing.Reader.EventProperty]"
"The scripted diagnostic engine executed a diagnostic package located at C:\Windows\diagnostics\system\Audio with ID AudioDiagnostic.","1","0",,"4","0","0","-9223372019674906624","173","Microsoft-Windows-Diagnosis-Scripted","e1dd7e52-621d-44e3-a1ad-0370c2b25946","Microsoft-Windows-Diagnosis-Scripted/Admin","10152","7504","rjaf-PC4429","S-1-5-21-1634558665-2257203147-3060767804-1000","7/2/2014 11:36:23 PM",,,"c:\users\mac_1\desktop\winevt\logs\microsoft-windows-diagnosis-scripted%4admin.evtx","System.UInt32[]","System.Diagnostics.Eventing.Reader.EventBookmark","Information","Info",,"System.Collections.ObjectModel.ReadOnlyCollection`1[System.String]","System.Collections.Generic.List`1[System.Diagnostics.Eventing.Reader.EventProperty]"
"The scripted diagnostic engine executed a diagnostic package located at C:\Windows\diagnostics\scheduled\Maintenance with ID MaintenanceDiagnostic.","1","0",,"4","0","0","-9223372019674906624","172","Microsoft-Windows-Diagnosis-Scripted","e1dd7e52-621d-44e3-a1ad-0370c2b25946","Microsoft-Windows-Diagnosis-Scripted/Admin","1856","3972","rjaf-PC4429","S-1-5-21-1634558665-2257203147-3060767804-1000","6/30/2014 2:42:32 PM",,,"c:\users\mac_1\desktop\winevt\logs\microsoft-windows-diagnosis-scripted%4admin.evtx","System.UInt32[]","System.Diagnostics.Eventing.Reader.EventBookmark","Information","Info",,"System.Collections.ObjectModel.ReadOnlyCollection`1[System.String]","System.Collections.Generic.List`1[System.Diagnostics.Eventing.Reader.EventProperty]"
"The scripted diagnostic engine executed a diagnostic package located at C:\Windows\diagnostics\scheduled\Maintenance with ID MaintenanceDiagnostic.","1","0",,"4","0","0","-9223372019674906624","171","Microsoft-Windows-Diagnosis-Scripted","e1dd7e52-621d-44e3-a1ad-0370c2b25946","Microsoft-Windows-Diagnosis-Scripted/Admin","3848","1024","rjaf-PC4429","S-1-5-21-1634558665-2257203147-3060767804-1000","6/29/2014 11:33:07 AM",,,"c:\users\mac_1\desktop\winevt\logs\microsoft-windows-diagnosis-scripted%4admin.evtx","System.UInt32[]","System.Diagnostics.Eventing.Reader.EventBookmark","Information","Info",,"System.Collections.ObjectModel.ReadOnlyCollection`1[System.String]","System.Collections.Generic.List`1[System.Diagnostics.Eventing.Reader.EventProperty]"
"The scripted diagnostic engine executed a diagnostic package located at C:\Windows\diagnostics\scheduled\Maintenance with ID MaintenanceDiagnostic.","1","0",,"4","0","0","-9223372019674906624","170","Microsoft-Windows-Diagnosis-Scripted","e1dd7e52-621d-44e3-a1ad-0370c2b25946","Microsoft-Windows-Diagnosis-Scripted/Admin","164","5688","rjaf-PC4429","S-1-5-21-1634558665-2257203147-3060767804-1000","6/29/2014 12:45:20 AM",,,"c:\users\mac_1\desktop\winevt\logs\microsoft-windows-diagnosis-scripted%4admin.evtx","System.UInt32[]","System.Diagnostics.Eventing.Reader.EventBookmark","Information","Info",,"System.Collections.ObjectModel.ReadOnlyCollection`1[System.String]","System.Collections.Generic.List`1[System.Diagnostics.Eventing.Reader.EventProperty]"
"The scripted diagnostic engine executed a diagnostic package located at C:\Windows\diagnostics\system\Device with ID DeviceDiagnostic.","1","0",,"4","0","0","-9223372019674906624","169","Microsoft-Windows-Diagnosis-Scripted","e1dd7e52-621d-44e3-a1ad-0370c2b25946","Microsoft-Windows-Diagnosis-Scripted/Admin","1476","4384","rjaf-PC4429","S-1-5-21-1634558665-2257203147-3060767804-1000","6/24/2014 12:41:01 PM",,,"c:\users\mac_1\desktop\winevt\logs\microsoft-windows-diagnosis-scripted%4admin.evtx","System.UInt32[]","System.Diagnostics.Eventing.Reader.EventBookmark","Information","Info",,"System.Collections.ObjectModel.ReadOnlyCollection`1[System.String]","System.Collections.Generic.List`1[System.Diagnostics.Eventing.Reader.EventProperty]"
"The scripted diagnostic engine executed a diagnostic package located at C:\Windows\diagnostics\system\Audio with ID AudioDiagnostic.","1","0",,"4","0","0","-9223372019674906624","168","Microsoft-Windows-Diagnosis-Scripted","e1dd7e52-621d-44e3-a1ad-0370c2b25946","Microsoft-Windows-Diagnosis-Scripted/Admin","1476","4384","rjaf-PC4429","S-1-5-21-1634558665-2257203147-3060767804-1000","6/24/2014 12:41:00 PM",,,"c:\users\mac_1\desktop\winevt\logs\microsoft-windows-diagnosis-scripted%4admin.evtx","System.UInt32[]","System.Diagnostics.Eventing.Reader.EventBookmark","Information","Info",,"System.Collections.ObjectModel.ReadOnlyCollection`1[System.String]","System.Collections.Generic.List`1[System.Diagnostics.Eventing.Reader.EventProperty]"
"The scripted diagnostic engine executed a diagnostic package located at C:\Windows\diagnostics\scheduled\Maintenance with ID MaintenanceDiagnostic.","1","0",,"4","0","0","-9223372019674906624","167","Microsoft-Windows-Diagnosis-Scripted","e1dd7e52-621d-44e3-a1ad-0370c2b25946","Microsoft-Windows-Diagnosis-Scripted/Admin","2100","3012","rjaf-PC4429","S-1-5-21-1634558665-2257203147-3060767804-1000","6/23/2014 6:37:56 AM",,,"c:\users\mac_1\desktop\winevt\logs\microsoft-windows-diagnosis-scripted%4admin.evtx","System.UInt32[]","System.Diagnostics.Eventing.Reader.EventBookmark","Information","Info",,"System.Collections.ObjectModel.ReadOnlyCollection`1[System.String]","System.Collections.Generic.List`1[System.Diagnostics.Eventing.Reader.EventProperty]"
"The scripted diagnostic engine executed a diagnostic package located at C:\Windows\diagnostics\scheduled\Maintenance with ID MaintenanceDiagnostic.","1","0",,"4","0","0","-9223372019674906624","166","Microsoft-Windows-Diagnosis-Scripted","e1dd7e52-621d-44e3-a1ad-0370c2b25946","Microsoft-Windows-Diagnosis-Scripted/Admin","3596","3428","rjaf-PC4429","S-1-5-21-1634558665-2257203147-3060767804-1000","6/22/2014 1:50:04 AM",,,"c:\users\mac_1\desktop\winevt\logs\microsoft-windows-diagnosis-scripted%4admin.evtx","System.UInt32[]","System.Diagnostics.Eventing.Reader.EventBookmark","Information","Info",,"System.Collections.ObjectModel.ReadOnlyCollection`1[System.String]","System.Collections.Generic.List`1[System.Diagnostics.Eventing.Reader.EventProperty]"
"The scripted diagnostic engine executed a diagnostic package located at C:\Windows\diagnostics\system\Device with ID DeviceDiagnostic.","1","0",,"4","0","0","-9223372019674906624","165","Microsoft-Windows-Diagnosis-Scripted","e1dd7e52-621d-44e3-a1ad-0370c2b25946","Microsoft-Windows-Diagnosis-Scripted/Admin","4040","3224","rjaf-PC4429","S-1-5-21-1634558665-2257203147-3060767804-1000","6/18/2014 2:39:41 AM",,,"c:\users\mac_1\desktop\winevt\logs\microsoft-windows-diagnosis-scripted%4admin.evtx","System.UInt32[]","System.Diagnostics.Eventing.Reader.EventBookmark","Information","Info",,"System.Collections.ObjectModel.ReadOnlyCollection`1[System.String]","System.Collections.Generic.List`1[System.Diagnostics.Eventing.Reader.EventProperty]"
"The scripted diagnostic engine executed a diagnostic package located at C:\Windows\diagnostics\system\Audio with ID AudioDiagnostic.","1","0",,"4","0","0","-9223372019674906624","164","Microsoft-Windows-Diagnosis-Scripted","e1dd7e52-621d-44e3-a1ad-0370c2b25946","Microsoft-Windows-Diagnosis-Scripted/Admin","4040","3224","rjaf-PC4429","S-1-5-21-1634558665-2257203147-3060767804-1000","6/18/2014 2:39:41 AM",,,"c:\users\mac_1\desktop\winevt\logs\microsoft-windows-diagnosis-scripted%4admin.evtx","System.UInt32[]","System.Diagnostics.Eventing.Reader.EventBookmark","Information","Info",,"System.Collections.ObjectModel.ReadOnlyCollection`1[System.String]","System.Collections.Generic.List`1[System.Diagnostics.Eventing.Reader.EventProperty]"
"The scripted diagnostic engine executed a diagnostic package located at C:\Windows\diagnostics\system\Device with ID DeviceDiagnostic.","1","0",,"4","0","0","-9223372019674906624","163","Microsoft-Windows-Diagnosis-Scripted","e1dd7e52-621d-44e3-a1ad-0370c2b25946","Microsoft-Windows-Diagnosis-Scripted/Admin","6028","6016","rjaf-PC4429","S-1-5-21-1634558665-2257203147-3060767804-1000","6/16/2014 11:10:38 AM",,,"c:\users\mac_1\desktop\winevt\logs\microsoft-windows-diagnosis-scripted%4admin.evtx","System.UInt32[]","System.Diagnostics.Eventing.Reader.EventBookmark","Information","Info",,"System.Collections.ObjectModel.ReadOnlyCollection`1[System.String]","System.Collections.Generic.List`1[System.Diagnostics.Eventing.Reader.EventProperty]"
"The scripted diagnostic engine executed a diagnostic package located at C:\Windows\diagnostics\system\Audio with ID AudioDiagnostic.","1","0",,"4","0","0","-9223372019674906624","162","Microsoft-Windows-Diagnosis-Scripted","e1dd7e52-621d-44e3-a1ad-0370c2b25946","Microsoft-Windows-Diagnosis-Scripted/Admin","6028","6016","rjaf-PC4429","S-1-5-21-1634558665-2257203147-3060767804-1000","6/16/2014 11:10:37 AM",,,"c:\users\mac_1\desktop\winevt\logs\microsoft-windows-diagnosis-scripted%4admin.evtx","System.UInt32[]","System.Diagnostics.Eventing.Reader.EventBookmark","Information","Info",,"System.Collections.ObjectModel.ReadOnlyCollection`1[System.String]","System.Collections.Generic.List`1[System.Diagnostics.Eventing.Reader.EventProperty]"
"The scripted diagnostic engine executed a diagnostic package located at C:\Windows\diagnostics\scheduled\Maintenance with ID MaintenanceDiagnostic.","1","0",,"4","0","0","-9223372019674906624","161","Microsoft-Windows-Diagnosis-Scripted","e1dd7e52-621d-44e3-a1ad-0370c2b25946","Microsoft-Windows-Diagnosis-Scripted/Admin","596","996","rjaf-PC4429","S-1-5-21-1634558665-2257203147-3060767804-1000","6/16/2014 7:43:00 AM",,,"c:\users\mac_1\desktop\winevt\logs\microsoft-windows-diagnosis-scripted%4admin.evtx","System.UInt32[]","System.Diagnostics.Eventing.Reader.EventBookmark","Information","Info",,"System.Collections.ObjectModel.ReadOnlyCollection`1[System.String]","System.Collections.Generic.List`1[System.Diagnostics.Eventing.Reader.EventProperty]"
"The scripted diagnostic engine executed a diagnostic package located at C:\Windows\diagnostics\scheduled\Maintenance with ID MaintenanceDiagnostic.","1","0",,"4","0","0","-9223372019674906624","160","Microsoft-Windows-Diagnosis-Scripted","e1dd7e52-621d-44e3-a1ad-0370c2b25946","Microsoft-Windows-Diagnosis-Scripted/Admin","3448","3544","rjaf-PC4429","S-1-5-21-1634558665-2257203147-3060767804-1000","6/15/2014 2:54:30 AM",,,"c:\users\mac_1\desktop\winevt\logs\microsoft-windows-diagnosis-scripted%4admin.evtx","System.UInt32[]","System.Diagnostics.Eventing.Reader.EventBookmark","Information","Info",,"System.Collections.ObjectModel.ReadOnlyCollection`1[System.String]","System.Collections.Generic.List`1[System.Diagnostics.Eventing.Reader.EventProperty]"
"The scripted diagnostic engine executed a diagnostic package located at C:\Windows\diagnostics\system\Device with ID DeviceDiagnostic.","1","0",,"4","0","0","-9223372019674906624","159","Microsoft-Windows-Diagnosis-Scripted","e1dd7e52-621d-44e3-a1ad-0370c2b25946","Microsoft-Windows-Diagnosis-Scripted/Admin","12200","8572","rjaf-PC4429","S-1-5-21-1634558665-2257203147-3060767804-1000","6/14/2014 11:10:27 AM",,,"c:\users\mac_1\desktop\winevt\logs\microsoft-windows-diagnosis-scripted%4admin.evtx","System.UInt32[]","System.Diagnostics.Eventing.Reader.EventBookmark","Information","Info",,"System.Collections.ObjectModel.ReadOnlyCollection`1[System.String]","System.Collections.Generic.List`1[System.Diagnostics.Eventing.Reader.EventProperty]"
"The scripted diagnostic engine executed a diagnostic package located at C:\Windows\diagnostics\system\Audio with ID AudioDiagnostic.","1","0",,"4","0","0","-9223372019674906624","158","Microsoft-Windows-Diagnosis-Scripted","e1dd7e52-621d-44e3-a1ad-0370c2b25946","Microsoft-Windows-Diagnosis-Scripted/Admin","12200","8572","rjaf-PC4429","S-1-5-21-1634558665-2257203147-3060767804-1000","6/14/2014 11:10:26 AM",,,"c:\users\mac_1\desktop\winevt\logs\microsoft-windows-diagnosis-scripted%4admin.evtx","System.UInt32[]","System.Diagnostics.Eventing.Reader.EventBookmark","Information","Info",,"System.Collections.ObjectModel.ReadOnlyCollection`1[System.String]","System.Collections.Generic.List`1[System.Diagnostics.Eventing.Reader.EventProperty]"
"The scripted diagnostic engine executed a diagnostic package located at C:\Windows\diagnostics\system\Device with ID DeviceDiagnostic.","1","0",,"4","0","0","-9223372019674906624","157","Microsoft-Windows-Diagnosis-Scripted","e1dd7e52-621d-44e3-a1ad-0370c2b25946","Microsoft-Windows-Diagnosis-Scripted/Admin","12200","8572","rjaf-PC4429","S-1-5-21-1634558665-2257203147-3060767804-1000","6/14/2014 11:00:42 AM",,,"c:\users\mac_1\desktop\winevt\logs\microsoft-windows-diagnosis-scripted%4admin.evtx","System.UInt32[]","System.Diagnostics.Eventing.Reader.EventBookmark","Information","Info",,"System.Collections.ObjectModel.ReadOnlyCollection`1[System.String]","System.Collections.Generic.List`1[System.Diagnostics.Eventing.Reader.EventProperty]"
"The scripted diagnostic engine executed a diagnostic package located at C:\Windows\diagnostics\system\Audio with ID AudioDiagnostic.","1","0",,"4","0","0","-9223372019674906624","156","Microsoft-Windows-Diagnosis-Scripted","e1dd7e52-621d-44e3-a1ad-0370c2b25946","Microsoft-Windows-Diagnosis-Scripted/Admin","12200","8572","rjaf-PC4429","S-1-5-21-1634558665-2257203147-3060767804-1000","6/14/2014 11:00:42 AM",,,"c:\users\mac_1\desktop\winevt\logs\microsoft-windows-diagnosis-scripted%4admin.evtx","System.UInt32[]","System.Diagnostics.Eventing.Reader.EventBookmark","Information","Info",,"System.Collections.ObjectModel.ReadOnlyCollection`1[System.String]","System.Collections.Generic.List`1[System.Diagnostics.Eventing.Reader.EventProperty]"
"The scripted diagnostic engine executed a diagnostic package located at C:\Windows\diagnostics\system\Device with ID DeviceDiagnostic.","1","0",,"4","0","0","-9223372019674906624","155","Microsoft-Windows-Diagnosis-Scripted","e1dd7e52-621d-44e3-a1ad-0370c2b25946","Microsoft-Windows-Diagnosis-Scripted/Admin","13284","14440","rjaf-PC4429","S-1-5-21-1634558665-2257203147-3060767804-1000","6/14/2014 9:14:31 AM",,,"c:\users\mac_1\desktop\winevt\logs\microsoft-windows-diagnosis-scripted%4admin.evtx","System.UInt32[]","System.Diagnostics.Eventing.Reader.EventBookmark","Information","Info",,"System.Collections.ObjectModel.ReadOnlyCollection`1[System.String]","System.Collections.Generic.List`1[System.Diagnostics.Eventing.Reader.EventProperty]"
"The scripted diagnostic engine executed a diagnostic package located at C:\Windows\diagnostics\system\Audio with ID AudioDiagnostic.","1","0",,"4","0","0","-9223372019674906624","154","Microsoft-Windows-Diagnosis-Scripted","e1dd7e52-621d-44e3-a1ad-0370c2b25946","Microsoft-Windows-Diagnosis-Scripted/Admin","13284","14440","rjaf-PC4429","S-1-5-21-1634558665-2257203147-3060767804-1000","6/14/2014 9:14:31 AM",,,"c:\users\mac_1\desktop\winevt\logs\microsoft-windows-diagnosis-scripted%4admin.evtx","System.UInt32[]","System.Diagnostics.Eventing.Reader.EventBookmark","Information","Info",,"System.Collections.ObjectModel.ReadOnlyCollection`1[System.String]","System.Collections.Generic.List`1[System.Diagnostics.Eventing.Reader.EventProperty]"
"The scripted diagnostic engine executed a diagnostic package located at C:\Windows\diagnostics\system\Device with ID DeviceDiagnostic.","1","0",,"4","0","0","-9223372019674906624","153","Microsoft-Windows-Diagnosis-Scripted","e1dd7e52-621d-44e3-a1ad-0370c2b25946","Microsoft-Windows-Diagnosis-Scripted/Admin","13284","14440","rjaf-PC4429","S-1-5-21-1634558665-2257203147-3060767804-1000","6/14/2014 9:14:11 AM",,,"c:\users\mac_1\desktop\winevt\logs\microsoft-windows-diagnosis-scripted%4admin.evtx","System.UInt32[]","System.Diagnostics.Eventing.Reader.EventBookmark","Information","Info",,"System.Collections.ObjectModel.ReadOnlyCollection`1[System.String]","System.Collections.Generic.List`1[System.Diagnostics.Eventing.Reader.EventProperty]"
"The scripted diagnostic engine executed a diagnostic package located at C:\Windows\diagnostics\system\Audio with ID AudioDiagnostic.","1","0",,"4","0","0","-9223372019674906624","152","Microsoft-Windows-Diagnosis-Scripted","e1dd7e52-621d-44e3-a1ad-0370c2b25946","Microsoft-Windows-Diagnosis-Scripted/Admin","13284","14440","rjaf-PC4429","S-1-5-21-1634558665-2257203147-3060767804-1000","6/14/2014 9:14:10 AM",,,"c:\users\mac_1\desktop\winevt\logs\microsoft-windows-diagnosis-scripted%4admin.evtx","System.UInt32[]","System.Diagnostics.Eventing.Reader.EventBookmark","Information","Info",,"System.Collections.ObjectModel.ReadOnlyCollection`1[System.String]","System.Collections.Generic.List`1[System.Diagnostics.Eventing.Reader.EventProperty]"
"The scripted diagnostic engine executed a diagnostic package located at C:\Windows\diagnostics\scheduled\Maintenance with ID MaintenanceDiagnostic.","1","0",,"4","0","0","-9223372019674906624","151","Microsoft-Windows-Diagnosis-Scripted","e1dd7e52-621d-44e3-a1ad-0370c2b25946","Microsoft-Windows-Diagnosis-Scripted/Admin","2712","2976","rjaf-PC4429","S-1-5-21-1634558665-2257203147-3060767804-1000","6/9/2014 3:09:26 AM",,,"c:\users\mac_1\desktop\winevt\logs\microsoft-windows-diagnosis-scripted%4admin.evtx","System.UInt32[]","System.Diagnostics.Eventing.Reader.EventBookmark","Information","Info",,"System.Collections.ObjectModel.ReadOnlyCollection`1[System.String]","System.Collections.Generic.List`1[System.Diagnostics.Eventing.Reader.EventProperty]"
"The scripted diagnostic engine executed a diagnostic package located at C:\Windows\diagnostics\system\networking with ID NetworkDiagnostics.","1","0",,"4","0","0","-9223372019674906624","150","Microsoft-Windows-Diagnosis-Scripted","e1dd7e52-621d-44e3-a1ad-0370c2b25946","Microsoft-Windows-Diagnosis-Scripted/Admin","5820","7472","rjaf-PC4429","S-1-5-21-1634558665-2257203147-3060767804-1000","6/4/2014 11:13:44 AM",,,"c:\users\mac_1\desktop\winevt\logs\microsoft-windows-diagnosis-scripted%4admin.evtx","System.UInt32[]","System.Diagnostics.Eventing.Reader.EventBookmark","Information","Info",,"System.Collections.ObjectModel.ReadOnlyCollection`1[System.String]","System.Collections.Generic.List`1[System.Diagnostics.Eventing.Reader.EventProperty]"
"The scripted diagnostic engine executed a diagnostic package located at C:\Windows\diagnostics\scheduled\Maintenance with ID MaintenanceDiagnostic.","1","0",,"4","0","0","-9223372019674906624","149","Microsoft-Windows-Diagnosis-Scripted","e1dd7e52-621d-44e3-a1ad-0370c2b25946","Microsoft-Windows-Diagnosis-Scripted/Admin","2432","760","rjaf-PC4429","S-1-5-21-1634558665-2257203147-3060767804-1000","6/1/2014 1:29:43 AM",,,"c:\users\mac_1\desktop\winevt\logs\microsoft-windows-diagnosis-scripted%4admin.evtx","System.UInt32[]","System.Diagnostics.Eventing.Reader.EventBookmark","Information","Info",,"System.Collections.ObjectModel.ReadOnlyCollection`1[System.String]","System.Collections.Generic.List`1[System.Diagnostics.Eventing.Reader.EventProperty]"
"The scripted diagnostic engine executed a diagnostic package located at C:\Windows\diagnostics\scheduled\Maintenance with ID MaintenanceDiagnostic.","1","0",,"4","0","0","-9223372019674906624","148","Microsoft-Windows-Diagnosis-Scripted","e1dd7e52-621d-44e3-a1ad-0370c2b25946","Microsoft-Windows-Diagnosis-Scripted/Admin","3996","3824","rjaf-PC4429","S-1-5-21-1634558665-2257203147-3060767804-1000","5/25/2014 12:20:16 AM",,,"c:\users\mac_1\desktop\winevt\logs\microsoft-windows-diagnosis-scripted%4admin.evtx","System.UInt32[]","System.Diagnostics.Eventing.Reader.EventBookmark","Information","Info",,"System.Collections.ObjectModel.ReadOnlyCollection`1[System.String]","System.Collections.Generic.List`1[System.Diagnostics.Eventing.Reader.EventProperty]"
"The scripted diagnostic engine executed a diagnostic package located at C:\Windows\diagnostics\system\networking with ID NetworkDiagnostics.","1","0",,"4","0","0","-9223372019674906624","147","Microsoft-Windows-Diagnosis-Scripted","e1dd7e52-621d-44e3-a1ad-0370c2b25946","Microsoft-Windows-Diagnosis-Scripted/Admin","7044","7048","rjaf-PC4429","S-1-5-21-1634558665-2257203147-3060767804-1000","5/23/2014 11:49:58 PM",,,"c:\users\mac_1\desktop\winevt\logs\microsoft-windows-diagnosis-scripted%4admin.evtx","System.UInt32[]","System.Diagnostics.Eventing.Reader.EventBookmark","Information","Info",,"System.Collections.ObjectModel.ReadOnlyCollection`1[System.String]","System.Collections.Generic.List`1[System.Diagnostics.Eventing.Reader.EventProperty]"
"The scripted diagnostic engine executed a diagnostic package located at C:\Windows\diagnostics\scheduled\Maintenance with ID MaintenanceDiagnostic.","1","0",,"4","0","0","-9223372019674906624","146","Microsoft-Windows-Diagnosis-Scripted","e1dd7e52-621d-44e3-a1ad-0370c2b25946","Microsoft-Windows-Diagnosis-Scripted/Admin","1036","2600","rjaf-PC4429","S-1-5-21-1634558665-2257203147-3060767804-1000","5/19/2014 3:31:23 PM",,,"c:\users\mac_1\desktop\winevt\logs\microsoft-windows-diagnosis-scripted%4admin.evtx","System.UInt32[]","System.Diagnostics.Eventing.Reader.EventBookmark","Information","Info",,"System.Collections.ObjectModel.ReadOnlyCollection`1[System.String]","System.Collections.Generic.List`1[System.Diagnostics.Eventing.Reader.EventProperty]"
"The scripted diagnostic engine executed a diagnostic package located at C:\Windows\diagnostics\scheduled\Maintenance with ID MaintenanceDiagnostic.","1","0",,"4","0","0","-9223372019674906624","145","Microsoft-Windows-Diagnosis-Scripted","e1dd7e52-621d-44e3-a1ad-0370c2b25946","Microsoft-Windows-Diagnosis-Scripted/Admin","1748","1148","rjaf-PC4429","S-1-5-21-1634558665-2257203147-3060767804-1000","5/18/2014 3:27:15 AM",,,"c:\users\mac_1\desktop\winevt\logs\microsoft-windows-diagnosis-scripted%4admin.evtx","System.UInt32[]","System.Diagnostics.Eventing.Reader.EventBookmark","Information","Info",,"System.Collections.ObjectModel.ReadOnlyCollection`1[System.String]","System.Collections.Generic.List`1[System.Diagnostics.Eventing.Reader.EventProperty]"
"The scripted diagnostic engine executed a diagnostic package located at C:\Windows\diagnostics\system\Device with ID DeviceDiagnostic.","1","0",,"4","0","0","-9223372019674906624","144","Microsoft-Windows-Diagnosis-Scripted","e1dd7e52-621d-44e3-a1ad-0370c2b25946","Microsoft-Windows-Diagnosis-Scripted/Admin","2156","2136","rjaf-PC4429","S-1-5-21-1634558665-2257203147-3060767804-1000","5/15/2014 1:20:25 PM",,,"c:\users\mac_1\desktop\winevt\logs\microsoft-windows-diagnosis-scripted%4admin.evtx","System.UInt32[]","System.Diagnostics.Eventing.Reader.EventBookmark","Information","Info",,"System.Collections.ObjectModel.ReadOnlyCollection`1[System.String]","System.Collections.Generic.List`1[System.Diagnostics.Eventing.Reader.EventProperty]"
"The scripted diagnostic engine executed a diagnostic package located at C:\Windows\diagnostics\system\Audio with ID AudioDiagnostic.","1","0",,"4","0","0","-9223372019674906624","143","Microsoft-Windows-Diagnosis-Scripted","e1dd7e52-621d-44e3-a1ad-0370c2b25946","Microsoft-Windows-Diagnosis-Scripted/Admin","2156","2136","rjaf-PC4429","S-1-5-21-1634558665-2257203147-3060767804-1000","5/15/2014 1:20:24 PM",,,"c:\users\mac_1\desktop\winevt\logs\microsoft-windows-diagnosis-scripted%4admin.evtx","System.UInt32[]","System.Diagnostics.Eventing.Reader.EventBookmark","Information","Info",,"System.Collections.ObjectModel.ReadOnlyCollection`1[System.String]","System.Collections.Generic.List`1[System.Diagnostics.Eventing.Reader.EventProperty]"
"The scripted diagnostic engine executed a diagnostic package located at C:\Windows\diagnostics\scheduled\Maintenance with ID MaintenanceDiagnostic.","1","0",,"4","0","0","-9223372019674906624","142","Microsoft-Windows-Diagnosis-Scripted","e1dd7e52-621d-44e3-a1ad-0370c2b25946","Microsoft-Windows-Diagnosis-Scripted/Admin","3956","2836","rjaf-PC4429","S-1-5-21-1634558665-2257203147-3060767804-1000","5/12/2014 12:30:48 AM",,,"c:\users\mac_1\desktop\winevt\logs\microsoft-windows-diagnosis-scripted%4admin.evtx","System.UInt32[]","System.Diagnostics.Eventing.Reader.EventBookmark","Information","Info",,"System.Collections.ObjectModel.ReadOnlyCollection`1[System.String]","System.Collections.Generic.List`1[System.Diagnostics.Eventing.Reader.EventProperty]"
"The scripted diagnostic engine executed a diagnostic package located at C:\Windows\diagnostics\scheduled\Maintenance with ID MaintenanceDiagnostic.","1","0",,"4","0","0","-9223372019674906624","141","Microsoft-Windows-Diagnosis-Scripted","e1dd7e52-621d-44e3-a1ad-0370c2b25946","Microsoft-Windows-Diagnosis-Scripted/Admin","2656","4068","rjaf-PC4429","S-1-5-21-1634558665-2257203147-3060767804-1000","5/11/2014 5:01:28 AM",,,"c:\users\mac_1\desktop\winevt\logs\microsoft-windows-diagnosis-scripted%4admin.evtx","System.UInt32[]","System.Diagnostics.Eventing.Reader.EventBookmark","Information","Info",,"System.Collections.ObjectModel.ReadOnlyCollection`1[System.String]","System.Collections.Generic.List`1[System.Diagnostics.Eventing.Reader.EventProperty]"
"The scripted diagnostic engine executed a diagnostic package located at C:\Windows\diagnostics\system\networking with ID NetworkDiagnostics.","1","0",,"4","0","0","-9223372019674906624","140","Microsoft-Windows-Diagnosis-Scripted","e1dd7e52-621d-44e3-a1ad-0370c2b25946","Microsoft-Windows-Diagnosis-Scripted/Admin","5808","5788","rjaf-PC4429","S-1-5-21-1634558665-2257203147-3060767804-1000","5/8/2014 2:17:05 AM",,,"c:\users\mac_1\desktop\winevt\logs\microsoft-windows-diagnosis-scripted%4admin.evtx","System.UInt32[]","System.Diagnostics.Eventing.Reader.EventBookmark","Information","Info",,"System.Collections.ObjectModel.ReadOnlyCollection`1[System.String]","System.Collections.Generic.List`1[System.Diagnostics.Eventing.Reader.EventProperty]"
"The scripted diagnostic engine executed a diagnostic package located at C:\Windows\diagnostics\system\networking with ID NetworkDiagnostics.","1","0",,"4","0","0","-9223372019674906624","139","Microsoft-Windows-Diagnosis-Scripted","e1dd7e52-621d-44e3-a1ad-0370c2b25946","Microsoft-Windows-Diagnosis-Scripted/Admin","5808","4316","rjaf-PC4429","S-1-5-21-1634558665-2257203147-3060767804-1000","5/8/2014 2:06:02 AM",,,"c:\users\mac_1\desktop\winevt\logs\microsoft-windows-diagnosis-scripted%4admin.evtx","System.UInt32[]","System.Diagnostics.Eventing.Reader.EventBookmark","Information","Info",,"System.Collections.ObjectModel.ReadOnlyCollection`1[System.String]","System.Collections.Generic.List`1[System.Diagnostics.Eventing.Reader.EventProperty]"
"The scripted diagnostic engine executed a diagnostic package located at C:\Windows\diagnostics\system\networking with ID NetworkDiagnostics.","1","0",,"4","0","0","-9223372019674906624","138","Microsoft-Windows-Diagnosis-Scripted","e1dd7e52-621d-44e3-a1ad-0370c2b25946","Microsoft-Windows-Diagnosis-Scripted/Admin","124","3360","rjaf-PC4429","S-1-5-21-1634558665-2257203147-3060767804-1000","5/8/2014 12:31:02 AM",,,"c:\users\mac_1\desktop\winevt\logs\microsoft-windows-diagnosis-scripted%4admin.evtx","System.UInt32[]","System.Diagnostics.Eventing.Reader.EventBookmark","Information","Info",,"System.Collections.ObjectModel.ReadOnlyCollection`1[System.String]","System.Collections.Generic.List`1[System.Diagnostics.Eventing.Reader.EventProperty]"
"The scripted diagnostic engine executed a diagnostic package located at C:\Windows\diagnostics\system\networking with ID NetworkDiagnostics.","1","0",,"4","0","0","-9223372019674906624","137","Microsoft-Windows-Diagnosis-Scripted","e1dd7e52-621d-44e3-a1ad-0370c2b25946","Microsoft-Windows-Diagnosis-Scripted/Admin","4660","3960","rjaf-PC4429","S-1-5-21-1634558665-2257203147-3060767804-1000","5/8/2014 12:18:07 AM",,,"c:\users\mac_1\desktop\winevt\logs\microsoft-windows-diagnosis-scripted%4admin.evtx","System.UInt32[]","System.Diagnostics.Eventing.Reader.EventBookmark","Information","Info",,"System.Collections.ObjectModel.ReadOnlyCollection`1[System.String]","System.Collections.Generic.List`1[System.Diagnostics.Eventing.Reader.EventProperty]"
"The scripted diagnostic engine executed a diagnostic package located at C:\Windows\diagnostics\scheduled\Maintenance with ID MaintenanceDiagnostic.","1","0",,"4","0","0","-9223372019674906624","136","Microsoft-Windows-Diagnosis-Scripted","e1dd7e52-621d-44e3-a1ad-0370c2b25946","Microsoft-Windows-Diagnosis-Scripted/Admin","3560","3868","rjaf-PC4429","S-1-5-21-1634558665-2257203147-3060767804-1000","5/7/2014 1:13:54 PM",,,"c:\users\mac_1\desktop\winevt\logs\microsoft-windows-diagnosis-scripted%4admin.evtx","System.UInt32[]","System.Diagnostics.Eventing.Reader.EventBookmark","Information","Info",,"System.Collections.ObjectModel.ReadOnlyCollection`1[System.String]","System.Collections.Generic.List`1[System.Diagnostics.Eventing.Reader.EventProperty]"
"The scripted diagnostic engine executed a diagnostic package located at C:\Windows\diagnostics\system\networking with ID NetworkDiagnostics.","1","0",,"4","0","0","-9223372019674906624","135","Microsoft-Windows-Diagnosis-Scripted","e1dd7e52-621d-44e3-a1ad-0370c2b25946","Microsoft-Windows-Diagnosis-Scripted/Admin","3096","348","rjaf-PC4429","S-1-5-21-1634558665-2257203147-3060767804-1000","5/6/2014 11:26:36 AM",,,"c:\users\mac_1\desktop\winevt\logs\microsoft-windows-diagnosis-scripted%4admin.evtx","System.UInt32[]","System.Diagnostics.Eventing.Reader.EventBookmark","Information","Info",,"System.Collections.ObjectModel.ReadOnlyCollection`1[System.String]","System.Collections.Generic.List`1[System.Diagnostics.Eventing.Reader.EventProperty]"
"The scripted diagnostic engine executed a diagnostic package located at C:\Windows\diagnostics\system\networking with ID NetworkDiagnostics.","1","0",,"4","0","0","-9223372019674906624","134","Microsoft-Windows-Diagnosis-Scripted","e1dd7e52-621d-44e3-a1ad-0370c2b25946","Microsoft-Windows-Diagnosis-Scripted/Admin","3096","424","rjaf-PC4429","S-1-5-21-1634558665-2257203147-3060767804-1000","5/6/2014 11:25:08 AM",,,"c:\users\mac_1\desktop\winevt\logs\microsoft-windows-diagnosis-scripted%4admin.evtx","System.UInt32[]","System.Diagnostics.Eventing.Reader.EventBookmark","Information","Info",,"System.Collections.ObjectModel.ReadOnlyCollection`1[System.String]","System.Collections.Generic.List`1[System.Diagnostics.Eventing.Reader.EventProperty]"
"The scripted diagnostic engine executed a diagnostic package located at C:\Windows\diagnostics\system\networking with ID NetworkDiagnostics.","1","0",,"4","0","0","-9223372019674906624","133","Microsoft-Windows-Diagnosis-Scripted","e1dd7e52-621d-44e3-a1ad-0370c2b25946","Microsoft-Windows-Diagnosis-Scripted/Admin","3784","740","rjaf-PC4429","S-1-5-21-1634558665-2257203147-3060767804-1000","5/5/2014 8:35:26 AM",,,"c:\users\mac_1\desktop\winevt\logs\microsoft-windows-diagnosis-scripted%4admin.evtx","System.UInt32[]","System.Diagnostics.Eventing.Reader.EventBookmark","Information","Info",,"System.Collections.ObjectModel.ReadOnlyCollection`1[System.String]","System.Collections.Generic.List`1[System.Diagnostics.Eventing.Reader.EventProperty]"
"The scripted diagnostic engine executed a diagnostic package located at C:\Windows\diagnostics\system\Networking with ID NetworkDiagnostics.","1","0",,"4","0","0","-9223372019674906624","132","Microsoft-Windows-Diagnosis-Scripted","e1dd7e52-621d-44e3-a1ad-0370c2b25946","Microsoft-Windows-Diagnosis-Scripted/Admin","4040","1464","rjaf-PC4429","S-1-5-21-1634558665-2257203147-3060767804-1000","5/5/2014 8:18:05 AM",,,"c:\users\mac_1\desktop\winevt\logs\microsoft-windows-diagnosis-scripted%4admin.evtx","System.UInt32[]","System.Diagnostics.Eventing.Reader.EventBookmark","Information","Info",,"System.Collections.ObjectModel.ReadOnlyCollection`1[System.String]","System.Collections.Generic.List`1[System.Diagnostics.Eventing.Reader.EventProperty]"
"The scripted diagnostic engine executed a diagnostic package located at C:\Windows\diagnostics\system\Networking with ID NetworkDiagnostics.","1","0",,"4","0","0","-9223372019674906624","131","Microsoft-Windows-Diagnosis-Scripted","e1dd7e52-621d-44e3-a1ad-0370c2b25946","Microsoft-Windows-Diagnosis-Scripted/Admin","4040","1464","rjaf-PC4429","S-1-5-21-1634558665-2257203147-3060767804-1000","5/5/2014 8:17:48 AM",,,"c:\users\mac_1\desktop\winevt\logs\microsoft-windows-diagnosis-scripted%4admin.evtx","System.UInt32[]","System.Diagnostics.Eventing.Reader.EventBookmark","Information","Info",,"System.Collections.ObjectModel.ReadOnlyCollection`1[System.String]","System.Collections.Generic.List`1[System.Diagnostics.Eventing.Reader.EventProperty]"
"The scripted diagnostic engine executed a diagnostic package located at C:\Windows\diagnostics\system\Networking with ID NetworkDiagnostics.","1","0",,"4","0","0","-9223372019674906624","130","Microsoft-Windows-Diagnosis-Scripted","e1dd7e52-621d-44e3-a1ad-0370c2b25946","Microsoft-Windows-Diagnosis-Scripted/Admin","2468","1616","rjaf-PC4429","S-1-5-21-1634558665-2257203147-3060767804-1000","5/5/2014 8:16:18 AM",,,"c:\users\mac_1\desktop\winevt\logs\microsoft-windows-diagnosis-scripted%4admin.evtx","System.UInt32[]","System.Diagnostics.Eventing.Reader.EventBookmark","Information","Info",,"System.Collections.ObjectModel.ReadOnlyCollection`1[System.String]","System.Collections.Generic.List`1[System.Diagnostics.Eventing.Reader.EventProperty]"
"The scripted diagnostic engine executed a diagnostic package located at C:\Windows\diagnostics\scheduled\Maintenance with ID MaintenanceDiagnostic.","1","0",,"4","0","0","-9223372019674906624","129","Microsoft-Windows-Diagnosis-Scripted","e1dd7e52-621d-44e3-a1ad-0370c2b25946","Microsoft-Windows-Diagnosis-Scripted/Admin","2620","3132","rjaf-PC4429","S-1-5-21-1634558665-2257203147-3060767804-1000","5/4/2014 1:11:48 AM",,,"c:\users\mac_1\desktop\winevt\logs\microsoft-windows-diagnosis-scripted%4admin.evtx","System.UInt32[]","System.Diagnostics.Eventing.Reader.EventBookmark","Information","Info",,"System.Collections.ObjectModel.ReadOnlyCollection`1[System.String]","System.Collections.Generic.List`1[System.Diagnostics.Eventing.Reader.EventProperty]"
"The scripted diagnostic engine executed a diagnostic package located at C:\Windows\diagnostics\scheduled\Maintenance with ID MaintenanceDiagnostic.","1","0",,"4","0","0","-9223372019674906624","128","Microsoft-Windows-Diagnosis-Scripted","e1dd7e52-621d-44e3-a1ad-0370c2b25946","Microsoft-Windows-Diagnosis-Scripted/Admin","384","2572","rjaf-PC4429","S-1-5-21-1634558665-2257203147-3060767804-1000","4/28/2014 6:02:48 AM",,,"c:\users\mac_1\desktop\winevt\logs\microsoft-windows-diagnosis-scripted%4admin.evtx","System.UInt32[]","System.Diagnostics.Eventing.Reader.EventBookmark","Information","Info",,"System.Collections.ObjectModel.ReadOnlyCollection`1[System.String]","System.Collections.Generic.List`1[System.Diagnostics.Eventing.Reader.EventProperty]"
"The scripted diagnostic engine executed a diagnostic package located at C:\Windows\diagnostics\scheduled\Maintenance with ID MaintenanceDiagnostic.","1","0",,"4","0","0","-9223372019674906624","127","Microsoft-Windows-Diagnosis-Scripted","e1dd7e52-621d-44e3-a1ad-0370c2b25946","Microsoft-Windows-Diagnosis-Scripted/Admin","3604","4840","rjaf-PC4429","S-1-5-21-1634558665-2257203147-3060767804-1000","4/27/2014 9:27:54 AM",,,"c:\users\mac_1\desktop\winevt\logs\microsoft-windows-diagnosis-scripted%4admin.evtx","System.UInt32[]","System.Diagnostics.Eventing.Reader.EventBookmark","Information","Info",,"System.Collections.ObjectModel.ReadOnlyCollection`1[System.String]","System.Collections.Generic.List`1[System.Diagnostics.Eventing.Reader.EventProperty]"
