"Job cancelled. User: RJAF-PC4429\rjaf, job: {AC76BA86-7AD7-1033-7B44-A95000000001}, jobID: {AB23CB51-6371-48CF-9E17-1837A980EBDD}, owner: RJAF-PC4429\rjaf, filecount: 1","5","0",,"4","0","0","4611686018427387904","9965","Microsoft-Windows-Bits-Client","ef1cc15b-46c1-414e-bb95-e76b077bd51e","Microsoft-Windows-Bits-Client/Operational","984","1080","rjaf-PC4429","S-1-5-21-1634558665-2257203147-3060767804-1000","5/8/2015 4:13:47 AM","00000000-fb28-0000-8394-3dfa7f89d001",,"c:\users\mac_1\desktop\winevt\logs\microsoft-windows-bits-client%4operational.evtx","System.UInt32[]","System.Diagnostics.Eventing.Reader.EventBookmark","Information","Info",,"System.Collections.ObjectModel.ReadOnlyCollection`1[System.String]","System.Collections.Generic.List`1[System.Diagnostics.Eventing.Reader.EventProperty]"
"The BITS service provided job credentials in response to the UNIDENTIFIED authentication challenge from the 10.10.1.1:8080 server for the {AC76BA86-7AD7-1033-7B44-A95000000001} transfer job that is associated with the following URL: /arm-manifests/win/Reader9Manifest.msi.
 The credentials for the S-1-5-21-1634558665-2257203147-3060767804-1000 user were rejected.","204","1",,"2","0","0","4611686018427387904","9964","Microsoft-Windows-Bits-Client","ef1cc15b-46c1-414e-bb95-e76b077bd51e","Microsoft-Windows-Bits-Client/Operational","984","1080","rjaf-PC4429","S-1-5-21-1634558665-2257203147-3060767804-1000","5/8/2015 4:13:47 AM",,,"c:\users\mac_1\desktop\winevt\logs\microsoft-windows-bits-client%4operational.evtx","System.UInt32[]","System.Diagnostics.Eventing.Reader.EventBookmark","Error","Info",,"System.Collections.ObjectModel.ReadOnlyCollection`1[System.String]","System.Collections.Generic.List`1[System.Diagnostics.Eventing.Reader.EventProperty]"
"The BITS service created a new job: {AC76BA86-7AD7-1033-7B44-A95000000001}, with owner RJAF-PC4429\rjaf","3","0",,"4","0","0","4611686018427387904","9963","Microsoft-Windows-Bits-Client","ef1cc15b-46c1-414e-bb95-e76b077bd51e","Microsoft-Windows-Bits-Client/Operational","984","304","rjaf-PC4429","S-1-5-18","5/8/2015 4:13:36 AM","00000000-fb28-0000-8394-3dfa7f89d001",,"c:\users\mac_1\desktop\winevt\logs\microsoft-windows-bits-client%4operational.evtx","System.UInt32[]","System.Diagnostics.Eventing.Reader.EventBookmark","Information","Info",,"System.Collections.ObjectModel.ReadOnlyCollection`1[System.String]","System.Collections.Generic.List`1[System.Diagnostics.Eventing.Reader.EventProperty]"
"The BITS service loaded the job list from disk.","306","0",,"5","0","0","4611686018427387904","9962","Microsoft-Windows-Bits-Client","ef1cc15b-46c1-414e-bb95-e76b077bd51e","Microsoft-Windows-Bits-Client/Operational","984","2404","rjaf-PC4429","S-1-5-18","5/8/2015 4:13:36 AM",,,"c:\users\mac_1\desktop\winevt\logs\microsoft-windows-bits-client%4operational.evtx","System.UInt32[]","System.Diagnostics.Eventing.Reader.EventBookmark","Verbose","Info",,"System.Collections.ObjectModel.ReadOnlyCollection`1[System.String]","System.Collections.Generic.List`1[System.Diagnostics.Eventing.Reader.EventProperty]"
"Job cancelled. User: RJAF-PC4429\rjaf, job: {AC76BA86-7AD7-1033-7B44-A95000000001}, jobID: {8EC76D66-383F-4E41-BFF1-5BA9D0767A97}, owner: RJAF-PC4429\rjaf, filecount: 1","5","0",,"4","0","0","4611686018427387904","9961","Microsoft-Windows-Bits-Client","ef1cc15b-46c1-414e-bb95-e76b077bd51e","Microsoft-Windows-Bits-Client/Operational","972","980","rjaf-PC4429","S-1-5-21-1634558665-2257203147-3060767804-1000","5/6/2015 11:11:04 AM",,,"c:\users\mac_1\desktop\winevt\logs\microsoft-windows-bits-client%4operational.evtx","System.UInt32[]","System.Diagnostics.Eventing.Reader.EventBookmark","Information","Info",,"System.Collections.ObjectModel.ReadOnlyCollection`1[System.String]","System.Collections.Generic.List`1[System.Diagnostics.Eventing.Reader.EventProperty]"
"The BITS service provided job credentials in response to the UNIDENTIFIED authentication challenge from the 10.10.1.1:8080 server for the {AC76BA86-7AD7-1033-7B44-A95000000001} transfer job that is associated with the following URL: /arm-manifests/win/Upgrade/1033/LatestReaderManifest.msi.
 The credentials for the S-1-5-21-1634558665-2257203147-3060767804-1000 user were rejected.","204","1",,"2","0","0","4611686018427387904","9960","Microsoft-Windows-Bits-Client","ef1cc15b-46c1-414e-bb95-e76b077bd51e","Microsoft-Windows-Bits-Client/Operational","972","980","rjaf-PC4429","S-1-5-21-1634558665-2257203147-3060767804-1000","5/6/2015 11:11:04 AM",,,"c:\users\mac_1\desktop\winevt\logs\microsoft-windows-bits-client%4operational.evtx","System.UInt32[]","System.Diagnostics.Eventing.Reader.EventBookmark","Error","Info",,"System.Collections.ObjectModel.ReadOnlyCollection`1[System.String]","System.Collections.Generic.List`1[System.Diagnostics.Eventing.Reader.EventProperty]"
"The BITS service created a new job: {AC76BA86-7AD7-1033-7B44-A95000000001}, with owner RJAF-PC4429\rjaf","3","0",,"4","0","0","4611686018427387904","9959","Microsoft-Windows-Bits-Client","ef1cc15b-46c1-414e-bb95-e76b077bd51e","Microsoft-Windows-Bits-Client/Operational","972","328","rjaf-PC4429","S-1-5-18","5/6/2015 11:11:00 AM",,,"c:\users\mac_1\desktop\winevt\logs\microsoft-windows-bits-client%4operational.evtx","System.UInt32[]","System.Diagnostics.Eventing.Reader.EventBookmark","Information","Info",,"System.Collections.ObjectModel.ReadOnlyCollection`1[System.String]","System.Collections.Generic.List`1[System.Diagnostics.Eventing.Reader.EventProperty]"
"Job cancelled. User: RJAF-PC4429\rjaf, job: {AC76BA86-7AD7-1033-7B44-A95000000001}, jobID: {AB351651-22DB-4B20-956C-CABC0A6BB06C}, owner: RJAF-PC4429\rjaf, filecount: 1","5","0",,"4","0","0","4611686018427387904","9958","Microsoft-Windows-Bits-Client","ef1cc15b-46c1-414e-bb95-e76b077bd51e","Microsoft-Windows-Bits-Client/Operational","972","968","rjaf-PC4429","S-1-5-21-1634558665-2257203147-3060767804-1000","5/6/2015 11:10:41 AM",,,"c:\users\mac_1\desktop\winevt\logs\microsoft-windows-bits-client%4operational.evtx","System.UInt32[]","System.Diagnostics.Eventing.Reader.EventBookmark","Information","Info",,"System.Collections.ObjectModel.ReadOnlyCollection`1[System.String]","System.Collections.Generic.List`1[System.Diagnostics.Eventing.Reader.EventProperty]"
"The BITS service provided job credentials in response to the UNIDENTIFIED authentication challenge from the 10.10.1.1:8080 server for the {AC76BA86-7AD7-1033-7B44-A95000000001} transfer job that is associated with the following URL: /arm-manifests/win/Reader9Manifest.msi.
 The credentials for the S-1-5-21-1634558665-2257203147-3060767804-1000 user were rejected.","204","1",,"2","0","0","4611686018427387904","9957","Microsoft-Windows-Bits-Client","ef1cc15b-46c1-414e-bb95-e76b077bd51e","Microsoft-Windows-Bits-Client/Operational","972","968","rjaf-PC4429","S-1-5-21-1634558665-2257203147-3060767804-1000","5/6/2015 11:10:41 AM",,,"c:\users\mac_1\desktop\winevt\logs\microsoft-windows-bits-client%4operational.evtx","System.UInt32[]","System.Diagnostics.Eventing.Reader.EventBookmark","Error","Info",,"System.Collections.ObjectModel.ReadOnlyCollection`1[System.String]","System.Collections.Generic.List`1[System.Diagnostics.Eventing.Reader.EventProperty]"
"The BITS service created a new job: {AC76BA86-7AD7-1033-7B44-A95000000001}, with owner RJAF-PC4429\rjaf","3","0",,"4","0","0","4611686018427387904","9956","Microsoft-Windows-Bits-Client","ef1cc15b-46c1-414e-bb95-e76b077bd51e","Microsoft-Windows-Bits-Client/Operational","972","1176","rjaf-PC4429","S-1-5-18","5/6/2015 11:10:30 AM",,,"c:\users\mac_1\desktop\winevt\logs\microsoft-windows-bits-client%4operational.evtx","System.UInt32[]","System.Diagnostics.Eventing.Reader.EventBookmark","Information","Info",,"System.Collections.ObjectModel.ReadOnlyCollection`1[System.String]","System.Collections.Generic.List`1[System.Diagnostics.Eventing.Reader.EventProperty]"
"The BITS service loaded the job list from disk.","306","0",,"5","0","0","4611686018427387904","9955","Microsoft-Windows-Bits-Client","ef1cc15b-46c1-414e-bb95-e76b077bd51e","Microsoft-Windows-Bits-Client/Operational","972","2372","rjaf-PC4429","S-1-5-18","5/6/2015 11:10:30 AM",,,"c:\users\mac_1\desktop\winevt\logs\microsoft-windows-bits-client%4operational.evtx","System.UInt32[]","System.Diagnostics.Eventing.Reader.EventBookmark","Verbose","Info",,"System.Collections.ObjectModel.ReadOnlyCollection`1[System.String]","System.Collections.Generic.List`1[System.Diagnostics.Eventing.Reader.EventProperty]"
"Job cancelled. User: RJAF-PC4429\rjaf, job: {AC76BA86-7AD7-1033-7B44-A95000000001}, jobID: {EC733369-060E-46B4-ABE4-51E511EE0426}, owner: RJAF-PC4429\rjaf, filecount: 1","5","0",,"4","0","0","4611686018427387904","9954","Microsoft-Windows-Bits-Client","ef1cc15b-46c1-414e-bb95-e76b077bd51e","Microsoft-Windows-Bits-Client/Operational","968","1128","rjaf-PC4429","S-1-5-21-1634558665-2257203147-3060767804-1000","5/6/2015 2:07:11 AM",,,"c:\users\mac_1\desktop\winevt\logs\microsoft-windows-bits-client%4operational.evtx","System.UInt32[]","System.Diagnostics.Eventing.Reader.EventBookmark","Information","Info",,"System.Collections.ObjectModel.ReadOnlyCollection`1[System.String]","System.Collections.Generic.List`1[System.Diagnostics.Eventing.Reader.EventProperty]"
"The BITS service provided job credentials in response to the UNIDENTIFIED authentication challenge from the 10.10.1.1:8080 server for the {AC76BA86-7AD7-1033-7B44-A95000000001} transfer job that is associated with the following URL: /arm-manifests/win/Upgrade/1033/LatestReaderManifest.msi.
 The credentials for the S-1-5-21-1634558665-2257203147-3060767804-1000 user were rejected.","204","1",,"2","0","0","4611686018427387904","9953","Microsoft-Windows-Bits-Client","ef1cc15b-46c1-414e-bb95-e76b077bd51e","Microsoft-Windows-Bits-Client/Operational","968","1880","rjaf-PC4429","S-1-5-21-1634558665-2257203147-3060767804-1000","5/6/2015 2:07:11 AM",,,"c:\users\mac_1\desktop\winevt\logs\microsoft-windows-bits-client%4operational.evtx","System.UInt32[]","System.Diagnostics.Eventing.Reader.EventBookmark","Error","Info",,"System.Collections.ObjectModel.ReadOnlyCollection`1[System.String]","System.Collections.Generic.List`1[System.Diagnostics.Eventing.Reader.EventProperty]"
"The BITS service created a new job: {AC76BA86-7AD7-1033-7B44-A95000000001}, with owner RJAF-PC4429\rjaf","3","0",,"4","0","0","4611686018427387904","9952","Microsoft-Windows-Bits-Client","ef1cc15b-46c1-414e-bb95-e76b077bd51e","Microsoft-Windows-Bits-Client/Operational","968","1552","rjaf-PC4429","S-1-5-18","5/6/2015 2:07:06 AM",,,"c:\users\mac_1\desktop\winevt\logs\microsoft-windows-bits-client%4operational.evtx","System.UInt32[]","System.Diagnostics.Eventing.Reader.EventBookmark","Information","Info",,"System.Collections.ObjectModel.ReadOnlyCollection`1[System.String]","System.Collections.Generic.List`1[System.Diagnostics.Eventing.Reader.EventProperty]"
"Job cancelled. User: RJAF-PC4429\rjaf, job: {AC76BA86-7AD7-1033-7B44-A95000000001}, jobID: {F0CEE551-1F2D-44D7-8CBF-28902DB8CB8E}, owner: RJAF-PC4429\rjaf, filecount: 1","5","0",,"4","0","0","4611686018427387904","9951","Microsoft-Windows-Bits-Client","ef1cc15b-46c1-414e-bb95-e76b077bd51e","Microsoft-Windows-Bits-Client/Operational","968","1552","rjaf-PC4429","S-1-5-21-1634558665-2257203147-3060767804-1000","5/6/2015 2:06:44 AM",,,"c:\users\mac_1\desktop\winevt\logs\microsoft-windows-bits-client%4operational.evtx","System.UInt32[]","System.Diagnostics.Eventing.Reader.EventBookmark","Information","Info",,"System.Collections.ObjectModel.ReadOnlyCollection`1[System.String]","System.Collections.Generic.List`1[System.Diagnostics.Eventing.Reader.EventProperty]"
"The BITS service provided job credentials in response to the UNIDENTIFIED authentication challenge from the 10.10.1.1:8080 server for the {AC76BA86-7AD7-1033-7B44-A95000000001} transfer job that is associated with the following URL: /arm-manifests/win/Reader9Manifest.msi.
 The credentials for the S-1-5-21-1634558665-2257203147-3060767804-1000 user were rejected.","204","1",,"2","0","0","4611686018427387904","9950","Microsoft-Windows-Bits-Client","ef1cc15b-46c1-414e-bb95-e76b077bd51e","Microsoft-Windows-Bits-Client/Operational","968","1552","rjaf-PC4429","S-1-5-21-1634558665-2257203147-3060767804-1000","5/6/2015 2:06:44 AM",,,"c:\users\mac_1\desktop\winevt\logs\microsoft-windows-bits-client%4operational.evtx","System.UInt32[]","System.Diagnostics.Eventing.Reader.EventBookmark","Error","Info",,"System.Collections.ObjectModel.ReadOnlyCollection`1[System.String]","System.Collections.Generic.List`1[System.Diagnostics.Eventing.Reader.EventProperty]"
"The BITS service created a new job: {AC76BA86-7AD7-1033-7B44-A95000000001}, with owner RJAF-PC4429\rjaf","3","0",,"4","0","0","4611686018427387904","9949","Microsoft-Windows-Bits-Client","ef1cc15b-46c1-414e-bb95-e76b077bd51e","Microsoft-Windows-Bits-Client/Operational","968","1552","rjaf-PC4429","S-1-5-18","5/6/2015 2:06:33 AM",,,"c:\users\mac_1\desktop\winevt\logs\microsoft-windows-bits-client%4operational.evtx","System.UInt32[]","System.Diagnostics.Eventing.Reader.EventBookmark","Information","Info",,"System.Collections.ObjectModel.ReadOnlyCollection`1[System.String]","System.Collections.Generic.List`1[System.Diagnostics.Eventing.Reader.EventProperty]"
"The BITS service loaded the job list from disk.","306","0",,"5","0","0","4611686018427387904","9948","Microsoft-Windows-Bits-Client","ef1cc15b-46c1-414e-bb95-e76b077bd51e","Microsoft-Windows-Bits-Client/Operational","968","3020","rjaf-PC4429","S-1-5-18","5/6/2015 2:06:33 AM",,,"c:\users\mac_1\desktop\winevt\logs\microsoft-windows-bits-client%4operational.evtx","System.UInt32[]","System.Diagnostics.Eventing.Reader.EventBookmark","Verbose","Info",,"System.Collections.ObjectModel.ReadOnlyCollection`1[System.String]","System.Collections.Generic.List`1[System.Diagnostics.Eventing.Reader.EventProperty]"
"Job cancelled. User: RJAF-PC4429\rjaf, job: 3722882311-1473799391, jobID: {3A8B24AF-B81C-4E04-94F8-6C549E8CE746}, owner: RJAF-PC4429\rjaf, filecount: 1","5","0",,"4","0","0","4611686018427387904","9947","Microsoft-Windows-Bits-Client","ef1cc15b-46c1-414e-bb95-e76b077bd51e","Microsoft-Windows-Bits-Client/Operational","944","5308","rjaf-PC4429","S-1-5-21-1634558665-2257203147-3060767804-1000","5/5/2015 4:00:23 AM",,,"c:\users\mac_1\desktop\winevt\logs\microsoft-windows-bits-client%4operational.evtx","System.UInt32[]","System.Diagnostics.Eventing.Reader.EventBookmark","Information","Info",,"System.Collections.ObjectModel.ReadOnlyCollection`1[System.String]","System.Collections.Generic.List`1[System.Diagnostics.Eventing.Reader.EventProperty]"
"The BITS service provided job credentials in response to the UNIDENTIFIED authentication challenge from the 10.10.1.1:8080 server for the 3722882311-1473799391 transfer job that is associated with the following URL: /?step_id=3&sf=0&installer_id=1892086787070808224&publisher_id=24386&source_id=0&page_id=0&affiliate_id=4allprograms&country_code=JO&locale=EN&browser_id=4&download_id=632308574790761117&external_id=1430823473069656994&tag_id=0&installer_type=IX_2013&hardware_id=6952211579635778461&session_id=14165854880942087263&external_id=1430823473069656994&q=Driver+Toolkit+v8.4+Full+Serial+Key+Activation&q=Driver+Toolkit+v8.4+Full+Serial+Key+Activation&product_name=Driver+Toolkit+v8.4+Full+Serial+Key+Activation&installer_file_name=Driver+Toolkit+v8.4+Full+Serial+Key+Activation&affiliate_id=4allprograms&ifr=1&pb=http/?step_id=3&sf=0&installer_id=1892086787070808224&publisher_id=24386&source_id=0&page_id=0&affiliate_id=4allprograms&country_code=JO&locale=EN&browser_id=4&download_id=632308574790761117&external_id=1430823473069656994&tag_id=0&installer_type=IX_2013&hardware_id=6952211579635778461&session_id=14165854880942087263&external_id=1430823473069656994&q=Driver+Toolkit+v8.4+Full+Serial+Key+Activation&q=Driver+Toolkit+v8.4+Full+Serial+Key+Activation&product_name=Driver+Toolkit+v8.4+Full+Serial+Key+Activation&installer_file_name=Driver+Toolkit+v8.4+Full+Serial+Key+Activation&affiliate_id=4allprograms&ifr=1&pb=http/?step_id=3&sf=0&installer_id=1892086787070808224&publisher_id=24386&source_id=0&page_id=0&affiliate_id=4allprograms&country_code=JO&locale=EN&browser_id=4&download_id=632308574790761117&external_id=1430823473069656994&tag_id=0&installer_type=IX_2013&hardware_id=6952211579635778461&session_id=14165854880942087263&external_id=1430823473069656994&q=Driver+Toolkit+v8.4+Full+Serial+Key+Activation&q=Driver+Toolkit+v8.4+Full+Serial+Key+Activation&product_name=Driver+Toolkit+v8.4+Full+Serial+Key+Activation&installer_file_name=Driver+Toolkit+v8.4+Full+Serial+Key+Activation&affiliate_id=4allprograms&ifr=1&pb=http/?step_id=3&sf=0&installer_id=1892086787070808224&publisher_id=24386&source_id=0&page_id=0&affiliate_id=4allprograms&country_code=JO&locale=EN&browser_id=4&download_id=632308574790761117&external_id=1430823473069656994&tag_id=0&installer_type=IX_2013&hardware_id=6952211579635778461&session_id=14165854880942087263&external_id=1430823473069656994&q=Driver+Toolkit+v8.4+Full+Serial+Key+Activation&q=Driver+Toolkit+v8.4+Full+Serial+Key+Activation&product_name=Driver+Toolkit+v8.4+Full+Serial+Key+Activation&installer_file_name=Driver+Toolkit+v8.4+Full+Serial+Key+Activation&affiliate_id=4allprograms&ifr=1&pb=http%3A%2F%2Fboostads.net%2Fdownload%2F4allprograms%2FDriver+Toolkit+v8.4+Full+Serial+Key+Activation&jxbo=1&ttl=1430823473072&self_redirect=0&project_encode_id=24386&enc_u_p=1&enc_u_p=1&enc_u_p=1&st=0&st=0&IX_Startapp=1&IX_Startapp=1&filesize=&sr=1&iid=1892086787070808224&did=632308574790761117&installer_only=1&st=0&IX_Startapp=1&uuid=%252AA3722882311-1473799391F3722882311-1473799391Fboostads.net3722882311-1473799391Fdownload3722882311-1473799391F4allprograms3722882311-1473799391FDriver+Toolkit+v8.4+Full+Serial+Key+Activation&jxbo=1&ttl=1430823473072&self_redirect=0&project_encode_id=24386&enc_u_p=1&enc_u_p=1&enc_u_p=1&st=0&st=0&IX_Startapp=1&IX_Startapp=1&filesize=&sr=1&iid=1892086787070808224&did=632308574790761117&installer_only=1&st=0&IX_Startapp=1&uuid=%252AA3722882311-1473799391F3722882311-1473799391Fboostads.net3722882311-1473799391Fdownload3722882311-1473799391F4allprograms3722882311-1473799391FDriver+Toolkit+v8.4+Full+Serial+Key+Activation&jxbo=1&ttl=1430823473072&self_redirect=0&project_encode_id=24386&enc_u_p=1&enc_u_p=1&enc_u_p=1&st=0&st=0&IX_Startapp=1&IX_Startapp=1&filesize=&sr=1&iid=1892086787070808224&did=632308574790761117&installer_only=1&st=0&IX_Startapp=1&uuid=%252AA3722882311-1473799391F3722882311-1473799391Fboostads.net3722882311-1473799391Fdownload3722882311-1473799391F4allprograms3722882311-1473799391FDriver+Toolkit+v8.4+Full+Serial+Key+Activation&jxbo=1&ttl=1430823473072&self_redirect=0&project_encode_id=24386&enc_u_p=1&enc_u_p=1&enc_u_p=1&st=0&st=0&IX_Startapp=1&IX_Startapp=1&filesize=&sr=1&iid=1892086787070808224&did=632308574790761117&installer_only=1&st=0&IX_Startapp=1&uuid=%252A.
 The credentials for the S-1-5-21-1634558665-2257203147-3060767804-1000 user were rejected.","204","1",,"2","0","0","4611686018427387904","9946","Microsoft-Windows-Bits-Client","ef1cc15b-46c1-414e-bb95-e76b077bd51e","Microsoft-Windows-Bits-Client/Operational","944","5308","rjaf-PC4429","S-1-5-21-1634558665-2257203147-3060767804-1000","5/5/2015 4:00:23 AM",,,"c:\users\mac_1\desktop\winevt\logs\microsoft-windows-bits-client%4operational.evtx","System.UInt32[]","System.Diagnostics.Eventing.Reader.EventBookmark","Error","Info",,"System.Collections.ObjectModel.ReadOnlyCollection`1[System.String]","System.Collections.Generic.List`1[System.Diagnostics.Eventing.Reader.EventProperty]"
"The BITS service created a new job: 3722882311-1473799391, with owner RJAF-PC4429\rjaf","3","0",,"4","0","0","4611686018427387904","9945","Microsoft-Windows-Bits-Client","ef1cc15b-46c1-414e-bb95-e76b077bd51e","Microsoft-Windows-Bits-Client/Operational","944","5856","rjaf-PC4429","S-1-5-18","5/5/2015 4:00:23 AM",,,"c:\users\mac_1\desktop\winevt\logs\microsoft-windows-bits-client%4operational.evtx","System.UInt32[]","System.Diagnostics.Eventing.Reader.EventBookmark","Information","Info",,"System.Collections.ObjectModel.ReadOnlyCollection`1[System.String]","System.Collections.Generic.List`1[System.Diagnostics.Eventing.Reader.EventProperty]"
"Job cancelled. User: RJAF-PC4429\rjaf, job: 1841347588-3310515271, jobID: {3E211199-C0C3-4BA2-9BE4-672A451D1C87}, owner: RJAF-PC4429\rjaf, filecount: 1","5","0",,"4","0","0","4611686018427387904","9944","Microsoft-Windows-Bits-Client","ef1cc15b-46c1-414e-bb95-e76b077bd51e","Microsoft-Windows-Bits-Client/Operational","944","5512","rjaf-PC4429","S-1-5-21-1634558665-2257203147-3060767804-1000","5/5/2015 3:58:12 AM",,,"c:\users\mac_1\desktop\winevt\logs\microsoft-windows-bits-client%4operational.evtx","System.UInt32[]","System.Diagnostics.Eventing.Reader.EventBookmark","Information","Info",,"System.Collections.ObjectModel.ReadOnlyCollection`1[System.String]","System.Collections.Generic.List`1[System.Diagnostics.Eventing.Reader.EventProperty]"
"The BITS service provided job credentials in response to the UNIDENTIFIED authentication challenge from the 10.10.1.1:8080 server for the 1841347588-3310515271 transfer job that is associated with the following URL: /?step_id=3&sf=0&installer_id=1892086787070808224&publisher_id=24386&source_id=0&page_id=0&affiliate_id=4allprograms&country_code=JO&locale=EN&browser_id=4&download_id=632308574790761117&external_id=1430823473069656994&tag_id=0&installer_type=IX_2013&hardware_id=6952211579635778461&session_id=6232429131467956229&external_id=1430823473069656994&q=Driver+Toolkit+v8.4+Full+Serial+Key+Activation&q=Driver+Toolkit+v8.4+Full+Serial+Key+Activation&product_name=Driver+Toolkit+v8.4+Full+Serial+Key+Activation&installer_file_name=Driver+Toolkit+v8.4+Full+Serial+Key+Activation&affiliate_id=4allprograms&ifr=1&pb=http/?step_id=3&sf=0&installer_id=1892086787070808224&publisher_id=24386&source_id=0&page_id=0&affiliate_id=4allprograms&country_code=JO&locale=EN&browser_id=4&download_id=632308574790761117&external_id=1430823473069656994&tag_id=0&installer_type=IX_2013&hardware_id=6952211579635778461&session_id=6232429131467956229&external_id=1430823473069656994&q=Driver+Toolkit+v8.4+Full+Serial+Key+Activation&q=Driver+Toolkit+v8.4+Full+Serial+Key+Activation&product_name=Driver+Toolkit+v8.4+Full+Serial+Key+Activation&installer_file_name=Driver+Toolkit+v8.4+Full+Serial+Key+Activation&affiliate_id=4allprograms&ifr=1&pb=http/?step_id=3&sf=0&installer_id=1892086787070808224&publisher_id=24386&source_id=0&page_id=0&affiliate_id=4allprograms&country_code=JO&locale=EN&browser_id=4&download_id=632308574790761117&external_id=1430823473069656994&tag_id=0&installer_type=IX_2013&hardware_id=6952211579635778461&session_id=6232429131467956229&external_id=1430823473069656994&q=Driver+Toolkit+v8.4+Full+Serial+Key+Activation&q=Driver+Toolkit+v8.4+Full+Serial+Key+Activation&product_name=Driver+Toolkit+v8.4+Full+Serial+Key+Activation&installer_file_name=Driver+Toolkit+v8.4+Full+Serial+Key+Activation&affiliate_id=4allprograms&ifr=1&pb=http/?step_id=3&sf=0&installer_id=1892086787070808224&publisher_id=24386&source_id=0&page_id=0&affiliate_id=4allprograms&country_code=JO&locale=EN&browser_id=4&download_id=632308574790761117&external_id=1430823473069656994&tag_id=0&installer_type=IX_2013&hardware_id=6952211579635778461&session_id=6232429131467956229&external_id=1430823473069656994&q=Driver+Toolkit+v8.4+Full+Serial+Key+Activation&q=Driver+Toolkit+v8.4+Full+Serial+Key+Activation&product_name=Driver+Toolkit+v8.4+Full+Serial+Key+Activation&installer_file_name=Driver+Toolkit+v8.4+Full+Serial+Key+Activation&affiliate_id=4allprograms&ifr=1&pb=http%3A%2F%2Fboostads.net%2Fdownload%2F4allprograms%2FDriver+Toolkit+v8.4+Full+Serial+Key+Activation&jxbo=1&ttl=1430823473072&self_redirect=0&project_encode_id=24386&enc_u_p=1&enc_u_p=1&enc_u_p=1&st=0&st=0&IX_Startapp=1&IX_Startapp=1&filesize=&sr=1&iid=1892086787070808224&did=632308574790761117&installer_only=1&st=0&IX_Startapp=1&uuid=%252AA1841347588-3310515271F1841347588-3310515271Fboostads.net1841347588-3310515271Fdownload1841347588-3310515271F4allprograms1841347588-3310515271FDriver+Toolkit+v8.4+Full+Serial+Key+Activation&jxbo=1&ttl=1430823473072&self_redirect=0&project_encode_id=24386&enc_u_p=1&enc_u_p=1&enc_u_p=1&st=0&st=0&IX_Startapp=1&IX_Startapp=1&filesize=&sr=1&iid=1892086787070808224&did=632308574790761117&installer_only=1&st=0&IX_Startapp=1&uuid=%252AA1841347588-3310515271F1841347588-3310515271Fboostads.net1841347588-3310515271Fdownload1841347588-3310515271F4allprograms1841347588-3310515271FDriver+Toolkit+v8.4+Full+Serial+Key+Activation&jxbo=1&ttl=1430823473072&self_redirect=0&project_encode_id=24386&enc_u_p=1&enc_u_p=1&enc_u_p=1&st=0&st=0&IX_Startapp=1&IX_Startapp=1&filesize=&sr=1&iid=1892086787070808224&did=632308574790761117&installer_only=1&st=0&IX_Startapp=1&uuid=%252AA1841347588-3310515271F1841347588-3310515271Fboostads.net1841347588-3310515271Fdownload1841347588-3310515271F4allprograms1841347588-3310515271FDriver+Toolkit+v8.4+Full+Serial+Key+Activation&jxbo=1&ttl=1430823473072&self_redirect=0&project_encode_id=24386&enc_u_p=1&enc_u_p=1&enc_u_p=1&st=0&st=0&IX_Startapp=1&IX_Startapp=1&filesize=&sr=1&iid=1892086787070808224&did=632308574790761117&installer_only=1&st=0&IX_Startapp=1&uuid=%252A.
 The credentials for the S-1-5-21-1634558665-2257203147-3060767804-1000 user were rejected.","204","1",,"2","0","0","4611686018427387904","9943","Microsoft-Windows-Bits-Client","ef1cc15b-46c1-414e-bb95-e76b077bd51e","Microsoft-Windows-Bits-Client/Operational","944","5512","rjaf-PC4429","S-1-5-21-1634558665-2257203147-3060767804-1000","5/5/2015 3:58:12 AM",,,"c:\users\mac_1\desktop\winevt\logs\microsoft-windows-bits-client%4operational.evtx","System.UInt32[]","System.Diagnostics.Eventing.Reader.EventBookmark","Error","Info",,"System.Collections.ObjectModel.ReadOnlyCollection`1[System.String]","System.Collections.Generic.List`1[System.Diagnostics.Eventing.Reader.EventProperty]"
"The BITS service created a new job: 1841347588-3310515271, with owner RJAF-PC4429\rjaf","3","0",,"4","0","0","4611686018427387904","9942","Microsoft-Windows-Bits-Client","ef1cc15b-46c1-414e-bb95-e76b077bd51e","Microsoft-Windows-Bits-Client/Operational","944","5308","rjaf-PC4429","S-1-5-18","5/5/2015 3:58:12 AM",,,"c:\users\mac_1\desktop\winevt\logs\microsoft-windows-bits-client%4operational.evtx","System.UInt32[]","System.Diagnostics.Eventing.Reader.EventBookmark","Information","Info",,"System.Collections.ObjectModel.ReadOnlyCollection`1[System.String]","System.Collections.Generic.List`1[System.Diagnostics.Eventing.Reader.EventProperty]"
"Job cancelled. User: RJAF-PC4429\rjaf, job: 1923635152-2732713547, jobID: {B27C6755-D045-44EB-9ED9-A7C77AC18FC6}, owner: RJAF-PC4429\rjaf, filecount: 1","5","0",,"4","0","0","4611686018427387904","9941","Microsoft-Windows-Bits-Client","ef1cc15b-46c1-414e-bb95-e76b077bd51e","Microsoft-Windows-Bits-Client/Operational","944","4796","rjaf-PC4429","S-1-5-21-1634558665-2257203147-3060767804-1000","5/5/2015 3:56:53 AM",,,"c:\users\mac_1\desktop\winevt\logs\microsoft-windows-bits-client%4operational.evtx","System.UInt32[]","System.Diagnostics.Eventing.Reader.EventBookmark","Information","Info",,"System.Collections.ObjectModel.ReadOnlyCollection`1[System.String]","System.Collections.Generic.List`1[System.Diagnostics.Eventing.Reader.EventProperty]"
"The BITS service provided job credentials in response to the UNIDENTIFIED authentication challenge from the 10.10.1.1:8080 server for the 1923635152-2732713547 transfer job that is associated with the following URL: /?step_id=3&sf=0&installer_id=2670780806302851342&publisher_id=24386&source_id=0&page_id=0&affiliate_id=4allprograms&country_code=JO&locale=EN&browser_id=4&download_id=4232650280129834304&external_id=1430823289085292999&tag_id=0&installer_type=IX_2013&hardware_id=6952211579635778461&session_id=7421545647022017613&external_id=1430823289085292999&q=Driver+Toolkit+v8.3+Full+Serial+++Crack&q=Driver+Toolkit+v8.3+Full+Serial+++Crack&product_name=Driver+Toolkit+v8.3+Full+Serial+++Crack&installer_file_name=Driver+Toolkit+v8.3+Full+Serial+++Crack&affiliate_id=4allprograms&ifr=1&pb=http/?step_id=3&sf=0&installer_id=2670780806302851342&publisher_id=24386&source_id=0&page_id=0&affiliate_id=4allprograms&country_code=JO&locale=EN&browser_id=4&download_id=4232650280129834304&external_id=1430823289085292999&tag_id=0&installer_type=IX_2013&hardware_id=6952211579635778461&session_id=7421545647022017613&external_id=1430823289085292999&q=Driver+Toolkit+v8.3+Full+Serial+++Crack&q=Driver+Toolkit+v8.3+Full+Serial+++Crack&product_name=Driver+Toolkit+v8.3+Full+Serial+++Crack&installer_file_name=Driver+Toolkit+v8.3+Full+Serial+++Crack&affiliate_id=4allprograms&ifr=1&pb=http/?step_id=3&sf=0&installer_id=2670780806302851342&publisher_id=24386&source_id=0&page_id=0&affiliate_id=4allprograms&country_code=JO&locale=EN&browser_id=4&download_id=4232650280129834304&external_id=1430823289085292999&tag_id=0&installer_type=IX_2013&hardware_id=6952211579635778461&session_id=7421545647022017613&external_id=1430823289085292999&q=Driver+Toolkit+v8.3+Full+Serial+++Crack&q=Driver+Toolkit+v8.3+Full+Serial+++Crack&product_name=Driver+Toolkit+v8.3+Full+Serial+++Crack&installer_file_name=Driver+Toolkit+v8.3+Full+Serial+++Crack&affiliate_id=4allprograms&ifr=1&pb=http/?step_id=3&sf=0&installer_id=2670780806302851342&publisher_id=24386&source_id=0&page_id=0&affiliate_id=4allprograms&country_code=JO&locale=EN&browser_id=4&download_id=4232650280129834304&external_id=1430823289085292999&tag_id=0&installer_type=IX_2013&hardware_id=6952211579635778461&session_id=7421545647022017613&external_id=1430823289085292999&q=Driver+Toolkit+v8.3+Full+Serial+++Crack&q=Driver+Toolkit+v8.3+Full+Serial+++Crack&product_name=Driver+Toolkit+v8.3+Full+Serial+++Crack&installer_file_name=Driver+Toolkit+v8.3+Full+Serial+++Crack&affiliate_id=4allprograms&ifr=1&pb=http%3A%2F%2Fboostads.net%2Fdownload%2F4allprograms%2FDriver+Toolkit+v8.3+Full+Serial+%2B+Crack&jxbo=1&ttl=1430823289089&self_redirect=0&project_encode_id=24386&enc_u_p=1&enc_u_p=1&enc_u_p=1&st=0&st=0&IX_Startapp=1&IX_Startapp=1&filesize=&sr=1&iid=2670780806302851342&did=4232650280129834304&installer_only=1&st=0&IX_Startapp=1&uuid=%252AA1923635152-2732713547F1923635152-2732713547Fboostads.net1923635152-2732713547Fdownload1923635152-2732713547F4allprograms1923635152-2732713547FDriver+Toolkit+v8.3+Full+Serial+1923635152-2732713547B+Crack&jxbo=1&ttl=1430823289089&self_redirect=0&project_encode_id=24386&enc_u_p=1&enc_u_p=1&enc_u_p=1&st=0&st=0&IX_Startapp=1&IX_Startapp=1&filesize=&sr=1&iid=2670780806302851342&did=4232650280129834304&installer_only=1&st=0&IX_Startapp=1&uuid=%252AA1923635152-2732713547F1923635152-2732713547Fboostads.net1923635152-2732713547Fdownload1923635152-2732713547F4allprograms1923635152-2732713547FDriver+Toolkit+v8.3+Full+Serial+1923635152-2732713547B+Crack&jxbo=1&ttl=1430823289089&self_redirect=0&project_encode_id=24386&enc_u_p=1&enc_u_p=1&enc_u_p=1&st=0&st=0&IX_Startapp=1&IX_Startapp=1&filesize=&sr=1&iid=2670780806302851342&did=4232650280129834304&installer_only=1&st=0&IX_Startapp=1&uuid=%252AA1923635152-2732713547F1923635152-2732713547Fboostads.net1923635152-2732713547Fdownload1923635152-2732713547F4allprograms1923635152-2732713547FDriver+Toolkit+v8.3+Full+Serial+1923635152-2732713547B+Crack&jxbo=1&ttl=1430823289089&self_redirect=0&project_encode_id=24386&enc_u_p=1&enc_u_p=1&enc_u_p=1&st=0&st=0&IX_Startapp=1&IX_Startapp=1&filesize=&sr=1&iid=2670780806302851342&did=4232650280129834304&installer_only=1&st=0&IX_Startapp=1&uuid=%252A.
 The credentials for the S-1-5-21-1634558665-2257203147-3060767804-1000 user were rejected.","204","1",,"2","0","0","4611686018427387904","9940","Microsoft-Windows-Bits-Client","ef1cc15b-46c1-414e-bb95-e76b077bd51e","Microsoft-Windows-Bits-Client/Operational","944","4796","rjaf-PC4429","S-1-5-21-1634558665-2257203147-3060767804-1000","5/5/2015 3:56:53 AM",,,"c:\users\mac_1\desktop\winevt\logs\microsoft-windows-bits-client%4operational.evtx","System.UInt32[]","System.Diagnostics.Eventing.Reader.EventBookmark","Error","Info",,"System.Collections.ObjectModel.ReadOnlyCollection`1[System.String]","System.Collections.Generic.List`1[System.Diagnostics.Eventing.Reader.EventProperty]"
"The BITS service created a new job: 1923635152-2732713547, with owner RJAF-PC4429\rjaf","3","0",,"4","0","0","4611686018427387904","9939","Microsoft-Windows-Bits-Client","ef1cc15b-46c1-414e-bb95-e76b077bd51e","Microsoft-Windows-Bits-Client/Operational","944","5512","rjaf-PC4429","S-1-5-18","5/5/2015 3:56:53 AM",,,"c:\users\mac_1\desktop\winevt\logs\microsoft-windows-bits-client%4operational.evtx","System.UInt32[]","System.Diagnostics.Eventing.Reader.EventBookmark","Information","Info",,"System.Collections.ObjectModel.ReadOnlyCollection`1[System.String]","System.Collections.Generic.List`1[System.Diagnostics.Eventing.Reader.EventProperty]"
"Job cancelled. User: RJAF-PC4429\rjaf, job: 706870530-1160827914, jobID: {2F44669C-EA30-417D-88F8-CBC2297F46BD}, owner: RJAF-PC4429\rjaf, filecount: 1","5","0",,"4","0","0","4611686018427387904","9938","Microsoft-Windows-Bits-Client","ef1cc15b-46c1-414e-bb95-e76b077bd51e","Microsoft-Windows-Bits-Client/Operational","944","5512","rjaf-PC4429","S-1-5-21-1634558665-2257203147-3060767804-1000","5/5/2015 3:56:14 AM",,,"c:\users\mac_1\desktop\winevt\logs\microsoft-windows-bits-client%4operational.evtx","System.UInt32[]","System.Diagnostics.Eventing.Reader.EventBookmark","Information","Info",,"System.Collections.ObjectModel.ReadOnlyCollection`1[System.String]","System.Collections.Generic.List`1[System.Diagnostics.Eventing.Reader.EventProperty]"
"The BITS service provided job credentials in response to the UNIDENTIFIED authentication challenge from the 10.10.1.1:8080 server for the 706870530-1160827914 transfer job that is associated with the following URL: /?step_id=3&sf=0&installer_id=2670780806302851342&publisher_id=24386&source_id=0&page_id=0&affiliate_id=4allprograms&country_code=JO&locale=EN&browser_id=4&download_id=4232650280129834304&external_id=1430823289085292999&tag_id=0&installer_type=IX_2013&hardware_id=6952211579635778461&session_id=793932158689619348&external_id=1430823289085292999&q=Driver+Toolkit+v8.3+Full+Serial+++Crack&q=Driver+Toolkit+v8.3+Full+Serial+++Crack&product_name=Driver+Toolkit+v8.3+Full+Serial+++Crack&installer_file_name=Driver+Toolkit+v8.3+Full+Serial+++Crack&affiliate_id=4allprograms&ifr=1&pb=http/?step_id=3&sf=0&installer_id=2670780806302851342&publisher_id=24386&source_id=0&page_id=0&affiliate_id=4allprograms&country_code=JO&locale=EN&browser_id=4&download_id=4232650280129834304&external_id=1430823289085292999&tag_id=0&installer_type=IX_2013&hardware_id=6952211579635778461&session_id=793932158689619348&external_id=1430823289085292999&q=Driver+Toolkit+v8.3+Full+Serial+++Crack&q=Driver+Toolkit+v8.3+Full+Serial+++Crack&product_name=Driver+Toolkit+v8.3+Full+Serial+++Crack&installer_file_name=Driver+Toolkit+v8.3+Full+Serial+++Crack&affiliate_id=4allprograms&ifr=1&pb=http/?step_id=3&sf=0&installer_id=2670780806302851342&publisher_id=24386&source_id=0&page_id=0&affiliate_id=4allprograms&country_code=JO&locale=EN&browser_id=4&download_id=4232650280129834304&external_id=1430823289085292999&tag_id=0&installer_type=IX_2013&hardware_id=6952211579635778461&session_id=793932158689619348&external_id=1430823289085292999&q=Driver+Toolkit+v8.3+Full+Serial+++Crack&q=Driver+Toolkit+v8.3+Full+Serial+++Crack&product_name=Driver+Toolkit+v8.3+Full+Serial+++Crack&installer_file_name=Driver+Toolkit+v8.3+Full+Serial+++Crack&affiliate_id=4allprograms&ifr=1&pb=http/?step_id=3&sf=0&installer_id=2670780806302851342&publisher_id=24386&source_id=0&page_id=0&affiliate_id=4allprograms&country_code=JO&locale=EN&browser_id=4&download_id=4232650280129834304&external_id=1430823289085292999&tag_id=0&installer_type=IX_2013&hardware_id=6952211579635778461&session_id=793932158689619348&external_id=1430823289085292999&q=Driver+Toolkit+v8.3+Full+Serial+++Crack&q=Driver+Toolkit+v8.3+Full+Serial+++Crack&product_name=Driver+Toolkit+v8.3+Full+Serial+++Crack&installer_file_name=Driver+Toolkit+v8.3+Full+Serial+++Crack&affiliate_id=4allprograms&ifr=1&pb=http%3A%2F%2Fboostads.net%2Fdownload%2F4allprograms%2FDriver+Toolkit+v8.3+Full+Serial+%2B+Crack&jxbo=1&ttl=1430823289089&self_redirect=0&project_encode_id=24386&enc_u_p=1&enc_u_p=1&enc_u_p=1&st=0&st=0&IX_Startapp=1&IX_Startapp=1&filesize=&sr=1&iid=2670780806302851342&did=4232650280129834304&installer_only=1&st=0&IX_Startapp=1&uuid=%252AA706870530-1160827914F706870530-1160827914Fboostads.net706870530-1160827914Fdownload706870530-1160827914F4allprograms706870530-1160827914FDriver+Toolkit+v8.3+Full+Serial+706870530-1160827914B+Crack&jxbo=1&ttl=1430823289089&self_redirect=0&project_encode_id=24386&enc_u_p=1&enc_u_p=1&enc_u_p=1&st=0&st=0&IX_Startapp=1&IX_Startapp=1&filesize=&sr=1&iid=2670780806302851342&did=4232650280129834304&installer_only=1&st=0&IX_Startapp=1&uuid=%252AA706870530-1160827914F706870530-1160827914Fboostads.net706870530-1160827914Fdownload706870530-1160827914F4allprograms706870530-1160827914FDriver+Toolkit+v8.3+Full+Serial+706870530-1160827914B+Crack&jxbo=1&ttl=1430823289089&self_redirect=0&project_encode_id=24386&enc_u_p=1&enc_u_p=1&enc_u_p=1&st=0&st=0&IX_Startapp=1&IX_Startapp=1&filesize=&sr=1&iid=2670780806302851342&did=4232650280129834304&installer_only=1&st=0&IX_Startapp=1&uuid=%252AA706870530-1160827914F706870530-1160827914Fboostads.net706870530-1160827914Fdownload706870530-1160827914F4allprograms706870530-1160827914FDriver+Toolkit+v8.3+Full+Serial+706870530-1160827914B+Crack&jxbo=1&ttl=1430823289089&self_redirect=0&project_encode_id=24386&enc_u_p=1&enc_u_p=1&enc_u_p=1&st=0&st=0&IX_Startapp=1&IX_Startapp=1&filesize=&sr=1&iid=2670780806302851342&did=4232650280129834304&installer_only=1&st=0&IX_Startapp=1&uuid=%252A.
 The credentials for the S-1-5-21-1634558665-2257203147-3060767804-1000 user were rejected.","204","1",,"2","0","0","4611686018427387904","9937","Microsoft-Windows-Bits-Client","ef1cc15b-46c1-414e-bb95-e76b077bd51e","Microsoft-Windows-Bits-Client/Operational","944","5512","rjaf-PC4429","S-1-5-21-1634558665-2257203147-3060767804-1000","5/5/2015 3:56:14 AM",,,"c:\users\mac_1\desktop\winevt\logs\microsoft-windows-bits-client%4operational.evtx","System.UInt32[]","System.Diagnostics.Eventing.Reader.EventBookmark","Error","Info",,"System.Collections.ObjectModel.ReadOnlyCollection`1[System.String]","System.Collections.Generic.List`1[System.Diagnostics.Eventing.Reader.EventProperty]"
"The BITS service created a new job: 706870530-1160827914, with owner RJAF-PC4429\rjaf","3","0",,"4","0","0","4611686018427387904","9936","Microsoft-Windows-Bits-Client","ef1cc15b-46c1-414e-bb95-e76b077bd51e","Microsoft-Windows-Bits-Client/Operational","944","4796","rjaf-PC4429","S-1-5-18","5/5/2015 3:56:14 AM",,,"c:\users\mac_1\desktop\winevt\logs\microsoft-windows-bits-client%4operational.evtx","System.UInt32[]","System.Diagnostics.Eventing.Reader.EventBookmark","Information","Info",,"System.Collections.ObjectModel.ReadOnlyCollection`1[System.String]","System.Collections.Generic.List`1[System.Diagnostics.Eventing.Reader.EventProperty]"
"Job cancelled. User: RJAF-PC4429\rjaf, job: 764737807-4176455493, jobID: {34E2FC1E-0A1F-44A5-8FD2-E3D5B4D3B217}, owner: RJAF-PC4429\rjaf, filecount: 1","5","0",,"4","0","0","4611686018427387904","9935","Microsoft-Windows-Bits-Client","ef1cc15b-46c1-414e-bb95-e76b077bd51e","Microsoft-Windows-Bits-Client/Operational","944","5512","rjaf-PC4429","S-1-5-21-1634558665-2257203147-3060767804-1000","5/5/2015 3:55:31 AM",,,"c:\users\mac_1\desktop\winevt\logs\microsoft-windows-bits-client%4operational.evtx","System.UInt32[]","System.Diagnostics.Eventing.Reader.EventBookmark","Information","Info",,"System.Collections.ObjectModel.ReadOnlyCollection`1[System.String]","System.Collections.Generic.List`1[System.Diagnostics.Eventing.Reader.EventProperty]"
"The BITS service provided job credentials in response to the UNIDENTIFIED authentication challenge from the 10.10.1.1:8080 server for the 764737807-4176455493 transfer job that is associated with the following URL: /?step_id=4&sf=0&installer_id=2670780806302851342&publisher_id=24386&source_id=0&page_id=0&affiliate_id=4allprograms&country_code=JO&locale=EN&browser_id=4&download_id=4232650280129834304&external_id=1430823289085292999&tag_id=0&installer_type=IX_2013&hardware_id=6952211579635778461&session_id=2619979274614847279&external_id=1430823289085292999&q=Driver+Toolkit+v8.3+Full+Serial+++Crack&q=Driver+Toolkit+v8.3+Full+Serial+++Crack&product_name=Driver+Toolkit+v8.3+Full+Serial+++Crack&installer_file_name=Driver+Toolkit+v8.3+Full+Serial+++Crack&affiliate_id=4allprograms&ifr=1&pb=http/?step_id=4&sf=0&installer_id=2670780806302851342&publisher_id=24386&source_id=0&page_id=0&affiliate_id=4allprograms&country_code=JO&locale=EN&browser_id=4&download_id=4232650280129834304&external_id=1430823289085292999&tag_id=0&installer_type=IX_2013&hardware_id=6952211579635778461&session_id=2619979274614847279&external_id=1430823289085292999&q=Driver+Toolkit+v8.3+Full+Serial+++Crack&q=Driver+Toolkit+v8.3+Full+Serial+++Crack&product_name=Driver+Toolkit+v8.3+Full+Serial+++Crack&installer_file_name=Driver+Toolkit+v8.3+Full+Serial+++Crack&affiliate_id=4allprograms&ifr=1&pb=http/?step_id=4&sf=0&installer_id=2670780806302851342&publisher_id=24386&source_id=0&page_id=0&affiliate_id=4allprograms&country_code=JO&locale=EN&browser_id=4&download_id=4232650280129834304&external_id=1430823289085292999&tag_id=0&installer_type=IX_2013&hardware_id=6952211579635778461&session_id=2619979274614847279&external_id=1430823289085292999&q=Driver+Toolkit+v8.3+Full+Serial+++Crack&q=Driver+Toolkit+v8.3+Full+Serial+++Crack&product_name=Driver+Toolkit+v8.3+Full+Serial+++Crack&installer_file_name=Driver+Toolkit+v8.3+Full+Serial+++Crack&affiliate_id=4allprograms&ifr=1&pb=http/?step_id=4&sf=0&installer_id=2670780806302851342&publisher_id=24386&source_id=0&page_id=0&affiliate_id=4allprograms&country_code=JO&locale=EN&browser_id=4&download_id=4232650280129834304&external_id=1430823289085292999&tag_id=0&installer_type=IX_2013&hardware_id=6952211579635778461&session_id=2619979274614847279&external_id=1430823289085292999&q=Driver+Toolkit+v8.3+Full+Serial+++Crack&q=Driver+Toolkit+v8.3+Full+Serial+++Crack&product_name=Driver+Toolkit+v8.3+Full+Serial+++Crack&installer_file_name=Driver+Toolkit+v8.3+Full+Serial+++Crack&affiliate_id=4allprograms&ifr=1&pb=http%3A%2F%2Fboostads.net%2Fdownload%2F4allprograms%2FDriver+Toolkit+v8.3+Full+Serial+%2B+Crack&jxbo=1&ttl=1430823289089&self_redirect=0&project_encode_id=24386&enc_u_p=1&enc_u_p=1&enc_u_p=1&st=0&st=0&IX_Startapp=1&IX_Startapp=1&filesize=&sr=1&iid=2670780806302851342&did=4232650280129834304&installer_only=1&st=0&IX_Startapp=1&uuid=%252AA764737807-4176455493F764737807-4176455493Fboostads.net764737807-4176455493Fdownload764737807-4176455493F4allprograms764737807-4176455493FDriver+Toolkit+v8.3+Full+Serial+764737807-4176455493B+Crack&jxbo=1&ttl=1430823289089&self_redirect=0&project_encode_id=24386&enc_u_p=1&enc_u_p=1&enc_u_p=1&st=0&st=0&IX_Startapp=1&IX_Startapp=1&filesize=&sr=1&iid=2670780806302851342&did=4232650280129834304&installer_only=1&st=0&IX_Startapp=1&uuid=%252AA764737807-4176455493F764737807-4176455493Fboostads.net764737807-4176455493Fdownload764737807-4176455493F4allprograms764737807-4176455493FDriver+Toolkit+v8.3+Full+Serial+764737807-4176455493B+Crack&jxbo=1&ttl=1430823289089&self_redirect=0&project_encode_id=24386&enc_u_p=1&enc_u_p=1&enc_u_p=1&st=0&st=0&IX_Startapp=1&IX_Startapp=1&filesize=&sr=1&iid=2670780806302851342&did=4232650280129834304&installer_only=1&st=0&IX_Startapp=1&uuid=%252AA764737807-4176455493F764737807-4176455493Fboostads.net764737807-4176455493Fdownload764737807-4176455493F4allprograms764737807-4176455493FDriver+Toolkit+v8.3+Full+Serial+764737807-4176455493B+Crack&jxbo=1&ttl=1430823289089&self_redirect=0&project_encode_id=24386&enc_u_p=1&enc_u_p=1&enc_u_p=1&st=0&st=0&IX_Startapp=1&IX_Startapp=1&filesize=&sr=1&iid=2670780806302851342&did=4232650280129834304&installer_only=1&st=0&IX_Startapp=1&uuid=%252A.
 The credentials for the S-1-5-21-1634558665-2257203147-3060767804-1000 user were rejected.","204","1",,"2","0","0","4611686018427387904","9934","Microsoft-Windows-Bits-Client","ef1cc15b-46c1-414e-bb95-e76b077bd51e","Microsoft-Windows-Bits-Client/Operational","944","5512","rjaf-PC4429","S-1-5-21-1634558665-2257203147-3060767804-1000","5/5/2015 3:55:31 AM",,,"c:\users\mac_1\desktop\winevt\logs\microsoft-windows-bits-client%4operational.evtx","System.UInt32[]","System.Diagnostics.Eventing.Reader.EventBookmark","Error","Info",,"System.Collections.ObjectModel.ReadOnlyCollection`1[System.String]","System.Collections.Generic.List`1[System.Diagnostics.Eventing.Reader.EventProperty]"
"The BITS service created a new job: 764737807-4176455493, with owner RJAF-PC4429\rjaf","3","0",,"4","0","0","4611686018427387904","9933","Microsoft-Windows-Bits-Client","ef1cc15b-46c1-414e-bb95-e76b077bd51e","Microsoft-Windows-Bits-Client/Operational","944","5512","rjaf-PC4429","S-1-5-18","5/5/2015 3:55:31 AM",,,"c:\users\mac_1\desktop\winevt\logs\microsoft-windows-bits-client%4operational.evtx","System.UInt32[]","System.Diagnostics.Eventing.Reader.EventBookmark","Information","Info",,"System.Collections.ObjectModel.ReadOnlyCollection`1[System.String]","System.Collections.Generic.List`1[System.Diagnostics.Eventing.Reader.EventProperty]"
"Job cancelled. User: RJAF-PC4429\rjaf, job: {AC76BA86-7AD7-1033-7B44-A95000000001}, jobID: {7815B7A6-7865-4BD8-9359-ECB4F575234C}, owner: RJAF-PC4429\rjaf, filecount: 1","5","0",,"4","0","0","4611686018427387904","9932","Microsoft-Windows-Bits-Client","ef1cc15b-46c1-414e-bb95-e76b077bd51e","Microsoft-Windows-Bits-Client/Operational","944","3736","rjaf-PC4429","S-1-5-21-1634558665-2257203147-3060767804-1000","5/5/2015 3:23:49 AM",,,"c:\users\mac_1\desktop\winevt\logs\microsoft-windows-bits-client%4operational.evtx","System.UInt32[]","System.Diagnostics.Eventing.Reader.EventBookmark","Information","Info",,"System.Collections.ObjectModel.ReadOnlyCollection`1[System.String]","System.Collections.Generic.List`1[System.Diagnostics.Eventing.Reader.EventProperty]"
"The BITS service provided job credentials in response to the UNIDENTIFIED authentication challenge from the 10.10.1.1:8080 server for the {AC76BA86-7AD7-1033-7B44-A95000000001} transfer job that is associated with the following URL: /arm-manifests/win/Upgrade/1033/LatestReaderManifest.msi.
 The credentials for the S-1-5-21-1634558665-2257203147-3060767804-1000 user were rejected.","204","1",,"2","0","0","4611686018427387904","9931","Microsoft-Windows-Bits-Client","ef1cc15b-46c1-414e-bb95-e76b077bd51e","Microsoft-Windows-Bits-Client/Operational","944","4992","rjaf-PC4429","S-1-5-21-1634558665-2257203147-3060767804-1000","5/5/2015 3:23:48 AM",,,"c:\users\mac_1\desktop\winevt\logs\microsoft-windows-bits-client%4operational.evtx","System.UInt32[]","System.Diagnostics.Eventing.Reader.EventBookmark","Error","Info",,"System.Collections.ObjectModel.ReadOnlyCollection`1[System.String]","System.Collections.Generic.List`1[System.Diagnostics.Eventing.Reader.EventProperty]"
"The BITS service created a new job: {AC76BA86-7AD7-1033-7B44-A95000000001}, with owner RJAF-PC4429\rjaf","3","0",,"4","0","0","4611686018427387904","9930","Microsoft-Windows-Bits-Client","ef1cc15b-46c1-414e-bb95-e76b077bd51e","Microsoft-Windows-Bits-Client/Operational","944","4992","rjaf-PC4429","S-1-5-18","5/5/2015 3:23:48 AM",,,"c:\users\mac_1\desktop\winevt\logs\microsoft-windows-bits-client%4operational.evtx","System.UInt32[]","System.Diagnostics.Eventing.Reader.EventBookmark","Information","Info",,"System.Collections.ObjectModel.ReadOnlyCollection`1[System.String]","System.Collections.Generic.List`1[System.Diagnostics.Eventing.Reader.EventProperty]"
"Job cancelled. User: RJAF-PC4429\rjaf, job: {AC76BA86-7AD7-1033-7B44-A95000000001}, jobID: {4B23021B-3108-4256-B871-72EC0E7B9074}, owner: RJAF-PC4429\rjaf, filecount: 1","5","0",,"4","0","0","4611686018427387904","9929","Microsoft-Windows-Bits-Client","ef1cc15b-46c1-414e-bb95-e76b077bd51e","Microsoft-Windows-Bits-Client/Operational","944","4888","rjaf-PC4429","S-1-5-21-1634558665-2257203147-3060767804-1000","5/5/2015 3:23:45 AM",,,"c:\users\mac_1\desktop\winevt\logs\microsoft-windows-bits-client%4operational.evtx","System.UInt32[]","System.Diagnostics.Eventing.Reader.EventBookmark","Information","Info",,"System.Collections.ObjectModel.ReadOnlyCollection`1[System.String]","System.Collections.Generic.List`1[System.Diagnostics.Eventing.Reader.EventProperty]"
"The BITS service provided job credentials in response to the UNIDENTIFIED authentication challenge from the 10.10.1.1:8080 server for the {AC76BA86-7AD7-1033-7B44-A95000000001} transfer job that is associated with the following URL: /arm-manifests/win/Reader9Manifest.msi.
 The credentials for the S-1-5-21-1634558665-2257203147-3060767804-1000 user were rejected.","204","1",,"2","0","0","4611686018427387904","9928","Microsoft-Windows-Bits-Client","ef1cc15b-46c1-414e-bb95-e76b077bd51e","Microsoft-Windows-Bits-Client/Operational","944","3120","rjaf-PC4429","S-1-5-21-1634558665-2257203147-3060767804-1000","5/5/2015 3:23:45 AM",,,"c:\users\mac_1\desktop\winevt\logs\microsoft-windows-bits-client%4operational.evtx","System.UInt32[]","System.Diagnostics.Eventing.Reader.EventBookmark","Error","Info",,"System.Collections.ObjectModel.ReadOnlyCollection`1[System.String]","System.Collections.Generic.List`1[System.Diagnostics.Eventing.Reader.EventProperty]"
