"The UMDF Host is loading driver WpdFs at level 0 for device WPDBUSENUMROOT\UMB\2&37C186B&0&STORAGE#VOLUME#_??_USBSTOR#DISK&VEN_KINGSTON&PROD_DATATRAVELER_2.0&REV_PMAP#5B751B912C7A&0#.","2004","1",,"5","33","1","-9223372036854775808","30264","Microsoft-Windows-DriverFrameworks-UserMode","2e35aaeb-857f-4beb-a418-2e6c0e54d988","Microsoft-Windows-DriverFrameworks-UserMode/Operational","5948","4296","rjaf-PC4429","S-1-5-19","6/24/2015 1:44:02 PM",,,"c:\users\mac_1\desktop\winevt\logs\microsoft-windows-driverframeworks-usermode%4operational.evtx","System.UInt32[]","System.Diagnostics.Eventing.Reader.EventBookmark","Verbose","Start","Loading drivers to control a newly discovered device.","System.Collections.ObjectModel.ReadOnlyCollection`1[System.String]","System.Collections.Generic.List`1[System.Diagnostics.Eventing.Reader.EventProperty]"
"The UMDF Host Process ({1E507DF9-E0A7-4A4B-B46D-0E122109A7FD}) has successfully loaded drivers for device WPDBUSENUMROOT\UMB\2&37C186B&0&STORAGE#VOLUME#_??_USBSTOR#DISK&VEN_KINGSTON&PROD_DATATRAVELER_2.0&REV_PMAP#5B751B912C7A&0#.","2010","1",,"4","33","2","-9223372036854775808","30263","Microsoft-Windows-DriverFrameworks-UserMode","2e35aaeb-857f-4beb-a418-2e6c0e54d988","Microsoft-Windows-DriverFrameworks-UserMode/Operational","5948","4296","rjaf-PC4429","S-1-5-19","6/24/2015 1:44:02 PM",,,"c:\users\mac_1\desktop\winevt\logs\microsoft-windows-driverframeworks-usermode%4operational.evtx","System.UInt32[]","System.Diagnostics.Eventing.Reader.EventBookmark","Information","Stop","Loading drivers to control a newly discovered device.","System.Collections.ObjectModel.ReadOnlyCollection`1[System.String]","System.Collections.Generic.List`1[System.Diagnostics.Eventing.Reader.EventProperty]"
"The UMDF Host Process ({1E507DF9-E0A7-4A4B-B46D-0E122109A7FD}) has been asked to load drivers for device WPDBUSENUMROOT\UMB\2&37C186B&0&STORAGE#VOLUME#_??_USBSTOR#DISK&VEN_KINGSTON&PROD_DATATRAVELER_2.0&REV_PMAP#5B751B912C7A&0#.","2003","1",,"4","33","1","-9223372036854775808","30262","Microsoft-Windows-DriverFrameworks-UserMode","2e35aaeb-857f-4beb-a418-2e6c0e54d988","Microsoft-Windows-DriverFrameworks-UserMode/Operational","5948","4296","rjaf-PC4429","S-1-5-19","6/24/2015 1:44:02 PM",,,"c:\users\mac_1\desktop\winevt\logs\microsoft-windows-driverframeworks-usermode%4operational.evtx","System.UInt32[]","System.Diagnostics.Eventing.Reader.EventBookmark","Information","Start","Loading drivers to control a newly discovered device.","System.Collections.ObjectModel.ReadOnlyCollection`1[System.String]","System.Collections.Generic.List`1[System.Diagnostics.Eventing.Reader.EventProperty]"
"The host process ({1E507DF9-E0A7-4A4B-B46D-0E122109A7FD}) started successfully.","1004","1",,"4","17","2","-9223372036854775808","30261","Microsoft-Windows-DriverFrameworks-UserMode","2e35aaeb-857f-4beb-a418-2e6c0e54d988","Microsoft-Windows-DriverFrameworks-UserMode/Operational","1336","2600","rjaf-PC4429","S-1-5-18","6/24/2015 1:44:02 PM",,,"c:\users\mac_1\desktop\winevt\logs\microsoft-windows-driverframeworks-usermode%4operational.evtx","System.UInt32[]","System.Diagnostics.Eventing.Reader.EventBookmark","Information","Stop","Creation of a new driver host process.","System.Collections.ObjectModel.ReadOnlyCollection`1[System.String]","System.Collections.Generic.List`1[System.Diagnostics.Eventing.Reader.EventProperty]"
"The UMDF Host Process ({1E507DF9-E0A7-4A4B-B46D-0E122109A7FD}) started successfully.","2001","1",,"4","32","2","-9223372036854775808","30260","Microsoft-Windows-DriverFrameworks-UserMode","2e35aaeb-857f-4beb-a418-2e6c0e54d988","Microsoft-Windows-DriverFrameworks-UserMode/Operational","5948","3936","rjaf-PC4429","S-1-5-19","6/24/2015 1:44:02 PM",,,"c:\users\mac_1\desktop\winevt\logs\microsoft-windows-driverframeworks-usermode%4operational.evtx","System.UInt32[]","System.Diagnostics.Eventing.Reader.EventBookmark","Information","Stop","Startup of a new driver host process.","System.Collections.ObjectModel.ReadOnlyCollection`1[System.String]","System.Collections.Generic.List`1[System.Diagnostics.Eventing.Reader.EventProperty]"
"The UMDF Host Process ({1E507DF9-E0A7-4A4B-B46D-0E122109A7FD}) is starting up.","2000","1",,"4","32","1","-9223372036854775808","30259","Microsoft-Windows-DriverFrameworks-UserMode","2e35aaeb-857f-4beb-a418-2e6c0e54d988","Microsoft-Windows-DriverFrameworks-UserMode/Operational","5948","3936","rjaf-PC4429","S-1-5-19","6/24/2015 1:44:02 PM",,,"c:\users\mac_1\desktop\winevt\logs\microsoft-windows-driverframeworks-usermode%4operational.evtx","System.UInt32[]","System.Diagnostics.Eventing.Reader.EventBookmark","Information","Start","Startup of a new driver host process.","System.Collections.ObjectModel.ReadOnlyCollection`1[System.String]","System.Collections.Generic.List`1[System.Diagnostics.Eventing.Reader.EventProperty]"
"The Driver Manager service is starting a host process for device WPDBUSENUMROOT.UMB.2&37C186B&0&STORAGE#VOLUME#_??_USBSTOR#DISK&VEN_KINGSTON&PROD_DATATRAVELER_2.0&REV_PMAP#5B751B912C7A&0#.","1003","1",,"4","17","1","-9223372036854775808","30258","Microsoft-Windows-DriverFrameworks-UserMode","2e35aaeb-857f-4beb-a418-2e6c0e54d988","Microsoft-Windows-DriverFrameworks-UserMode/Operational","1336","2600","rjaf-PC4429","S-1-5-18","6/24/2015 1:44:02 PM",,,"c:\users\mac_1\desktop\winevt\logs\microsoft-windows-driverframeworks-usermode%4operational.evtx","System.UInt32[]","System.Diagnostics.Eventing.Reader.EventBookmark","Information","Start","Creation of a new driver host process.","System.Collections.ObjectModel.ReadOnlyCollection`1[System.String]","System.Collections.Generic.List`1[System.Diagnostics.Eventing.Reader.EventProperty]"
"The host process ({20F25EAE-F3ED-46F8-98C9-7F90AFCD286F}) has been shutdown.","1008","1",,"4","18","2","-9223372036854775808","30257","Microsoft-Windows-DriverFrameworks-UserMode","2e35aaeb-857f-4beb-a418-2e6c0e54d988","Microsoft-Windows-DriverFrameworks-UserMode/Operational","1336","2600","rjaf-PC4429","S-1-5-18","6/24/2015 1:26:32 PM",,,"c:\users\mac_1\desktop\winevt\logs\microsoft-windows-driverframeworks-usermode%4operational.evtx","System.UInt32[]","System.Diagnostics.Eventing.Reader.EventBookmark","Information","Stop","Shutdown of a driver host process.","System.Collections.ObjectModel.ReadOnlyCollection`1[System.String]","System.Collections.Generic.List`1[System.Diagnostics.Eventing.Reader.EventProperty]"
"The UMDF Host ({20F25EAE-F3ED-46F8-98C9-7F90AFCD286F}) has shutdown.","2901","1",,"4","41","2","-9223372036854775808","30256","Microsoft-Windows-DriverFrameworks-UserMode","2e35aaeb-857f-4beb-a418-2e6c0e54d988","Microsoft-Windows-DriverFrameworks-UserMode/Operational","5300","4888","rjaf-PC4429","S-1-5-19","6/24/2015 1:26:32 PM",,,"c:\users\mac_1\desktop\winevt\logs\microsoft-windows-driverframeworks-usermode%4operational.evtx","System.UInt32[]","System.Diagnostics.Eventing.Reader.EventBookmark","Information","Stop","Shutdown of a driver host process.","System.Collections.ObjectModel.ReadOnlyCollection`1[System.String]","System.Collections.Generic.List`1[System.Diagnostics.Eventing.Reader.EventProperty]"
"The UMDF Host ({20F25EAE-F3ED-46F8-98C9-7F90AFCD286F}) has been asked to shutdown.","2900","1",,"4","41","1","-9223372036854775808","30255","Microsoft-Windows-DriverFrameworks-UserMode","2e35aaeb-857f-4beb-a418-2e6c0e54d988","Microsoft-Windows-DriverFrameworks-UserMode/Operational","5300","5248","rjaf-PC4429","S-1-5-19","6/24/2015 1:26:32 PM",,,"c:\users\mac_1\desktop\winevt\logs\microsoft-windows-driverframeworks-usermode%4operational.evtx","System.UInt32[]","System.Diagnostics.Eventing.Reader.EventBookmark","Information","Start","Shutdown of a driver host process.","System.Collections.ObjectModel.ReadOnlyCollection`1[System.String]","System.Collections.Generic.List`1[System.Diagnostics.Eventing.Reader.EventProperty]"
"The host process ({20F25EAE-F3ED-46F8-98C9-7F90AFCD286F}) is being asked to shutdown.","1006","1",,"4","18","1","-9223372036854775808","30254","Microsoft-Windows-DriverFrameworks-UserMode","2e35aaeb-857f-4beb-a418-2e6c0e54d988","Microsoft-Windows-DriverFrameworks-UserMode/Operational","1336","2600","rjaf-PC4429","S-1-5-18","6/24/2015 1:26:32 PM",,,"c:\users\mac_1\desktop\winevt\logs\microsoft-windows-driverframeworks-usermode%4operational.evtx","System.UInt32[]","System.Diagnostics.Eventing.Reader.EventBookmark","Information","Start","Shutdown of a driver host process.","System.Collections.ObjectModel.ReadOnlyCollection`1[System.String]","System.Collections.Generic.List`1[System.Diagnostics.Eventing.Reader.EventProperty]"
"Forwarded a finished Pnp or Power operation (27, 2) to the lower driver for device WPDBUSENUMROOT\UMB\2&37C186B&0&STORAGE#VOLUME#_??_USBSTOR#DISK&VEN_KINGSTON&PROD_DATATRAVELER_2.0&REV_PMAP#5B751B912C7A&0# with status 0xC00000BB.","2102","1",,"4","37","2","-9223372036854775808","30253","Microsoft-Windows-DriverFrameworks-UserMode","2e35aaeb-857f-4beb-a418-2e6c0e54d988","Microsoft-Windows-DriverFrameworks-UserMode/Operational","5300","5248","rjaf-PC4429","S-1-5-19","6/24/2015 1:26:32 PM",,,"c:\users\mac_1\desktop\winevt\logs\microsoft-windows-driverframeworks-usermode%4operational.evtx","System.UInt32[]","System.Diagnostics.Eventing.Reader.EventBookmark","Information","Stop","Pnp or Power Management operation to a particular device.","System.Collections.ObjectModel.ReadOnlyCollection`1[System.String]","System.Collections.Generic.List`1[System.Diagnostics.Eventing.Reader.EventProperty]"
"Received a Pnp or Power operation (27, 2) for device WPDBUSENUMROOT\UMB\2&37C186B&0&STORAGE#VOLUME#_??_USBSTOR#DISK&VEN_KINGSTON&PROD_DATATRAVELER_2.0&REV_PMAP#5B751B912C7A&0#.","2100","1",,"4","37","1","-9223372036854775808","30252","Microsoft-Windows-DriverFrameworks-UserMode","2e35aaeb-857f-4beb-a418-2e6c0e54d988","Microsoft-Windows-DriverFrameworks-UserMode/Operational","5300","5248","rjaf-PC4429","S-1-5-19","6/24/2015 1:26:32 PM",,,"c:\users\mac_1\desktop\winevt\logs\microsoft-windows-driverframeworks-usermode%4operational.evtx","System.UInt32[]","System.Diagnostics.Eventing.Reader.EventBookmark","Information","Start","Pnp or Power Management operation to a particular device.","System.Collections.ObjectModel.ReadOnlyCollection`1[System.String]","System.Collections.Generic.List`1[System.Diagnostics.Eventing.Reader.EventProperty]"
"Forwarded a finished Pnp or Power operation (27, 23) to the lower driver for device WPDBUSENUMROOT\UMB\2&37C186B&0&STORAGE#VOLUME#_??_USBSTOR#DISK&VEN_KINGSTON&PROD_DATATRAVELER_2.0&REV_PMAP#5B751B912C7A&0# with status 0xC00000BB.","2102","1",,"4","37","2","-9223372036854775808","30251","Microsoft-Windows-DriverFrameworks-UserMode","2e35aaeb-857f-4beb-a418-2e6c0e54d988","Microsoft-Windows-DriverFrameworks-UserMode/Operational","5300","5248","rjaf-PC4429","S-1-5-19","6/24/2015 1:26:32 PM",,,"c:\users\mac_1\desktop\winevt\logs\microsoft-windows-driverframeworks-usermode%4operational.evtx","System.UInt32[]","System.Diagnostics.Eventing.Reader.EventBookmark","Information","Stop","Pnp or Power Management operation to a particular device.","System.Collections.ObjectModel.ReadOnlyCollection`1[System.String]","System.Collections.Generic.List`1[System.Diagnostics.Eventing.Reader.EventProperty]"
"Received a Pnp or Power operation (27, 23) for device WPDBUSENUMROOT\UMB\2&37C186B&0&STORAGE#VOLUME#_??_USBSTOR#DISK&VEN_KINGSTON&PROD_DATATRAVELER_2.0&REV_PMAP#5B751B912C7A&0#.","2100","1",,"4","37","1","-9223372036854775808","30250","Microsoft-Windows-DriverFrameworks-UserMode","2e35aaeb-857f-4beb-a418-2e6c0e54d988","Microsoft-Windows-DriverFrameworks-UserMode/Operational","5300","5248","rjaf-PC4429","S-1-5-19","6/24/2015 1:26:32 PM",,,"c:\users\mac_1\desktop\winevt\logs\microsoft-windows-driverframeworks-usermode%4operational.evtx","System.UInt32[]","System.Diagnostics.Eventing.Reader.EventBookmark","Information","Start","Pnp or Power Management operation to a particular device.","System.Collections.ObjectModel.ReadOnlyCollection`1[System.String]","System.Collections.Generic.List`1[System.Diagnostics.Eventing.Reader.EventProperty]"
"Completed a Pnp or Power operation (27, 20) for device WPDBUSENUMROOT\UMB\2&37C186B&0&STORAGE#VOLUME#_??_USBSTOR#DISK&VEN_KINGSTON&PROD_DATATRAVELER_2.0&REV_PMAP#5B751B912C7A&0# with status 0x0.","2101","1",,"4","37","2","-9223372036854775808","30249","Microsoft-Windows-DriverFrameworks-UserMode","2e35aaeb-857f-4beb-a418-2e6c0e54d988","Microsoft-Windows-DriverFrameworks-UserMode/Operational","5300","5248","rjaf-PC4429","S-1-5-19","6/24/2015 1:24:36 PM",,,"c:\users\mac_1\desktop\winevt\logs\microsoft-windows-driverframeworks-usermode%4operational.evtx","System.UInt32[]","System.Diagnostics.Eventing.Reader.EventBookmark","Information","Stop","Pnp or Power Management operation to a particular device.","System.Collections.ObjectModel.ReadOnlyCollection`1[System.String]","System.Collections.Generic.List`1[System.Diagnostics.Eventing.Reader.EventProperty]"
"Received a Pnp or Power operation (27, 20) for device WPDBUSENUMROOT\UMB\2&37C186B&0&STORAGE#VOLUME#_??_USBSTOR#DISK&VEN_KINGSTON&PROD_DATATRAVELER_2.0&REV_PMAP#5B751B912C7A&0# which was completed by the lower drivers with status 0x0","2106","1",,"4","37","1","-9223372036854775808","30248","Microsoft-Windows-DriverFrameworks-UserMode","2e35aaeb-857f-4beb-a418-2e6c0e54d988","Microsoft-Windows-DriverFrameworks-UserMode/Operational","5300","5248","rjaf-PC4429","S-1-5-19","6/24/2015 1:24:36 PM",,,"c:\users\mac_1\desktop\winevt\logs\microsoft-windows-driverframeworks-usermode%4operational.evtx","System.UInt32[]","System.Diagnostics.Eventing.Reader.EventBookmark","Information","Start","Pnp or Power Management operation to a particular device.","System.Collections.ObjectModel.ReadOnlyCollection`1[System.String]","System.Collections.Generic.List`1[System.Diagnostics.Eventing.Reader.EventProperty]"
"Forwarded a Pnp or Power operation (27, 20) for device WPDBUSENUMROOT\UMB\2&37C186B&0&STORAGE#VOLUME#_??_USBSTOR#DISK&VEN_KINGSTON&PROD_DATATRAVELER_2.0&REV_PMAP#5B751B912C7A&0# to the lower driver with status 0xC00000BB","2105","1",,"4","37","1","-9223372036854775808","30247","Microsoft-Windows-DriverFrameworks-UserMode","2e35aaeb-857f-4beb-a418-2e6c0e54d988","Microsoft-Windows-DriverFrameworks-UserMode/Operational","5300","5248","rjaf-PC4429","S-1-5-19","6/24/2015 1:24:36 PM",,,"c:\users\mac_1\desktop\winevt\logs\microsoft-windows-driverframeworks-usermode%4operational.evtx","System.UInt32[]","System.Diagnostics.Eventing.Reader.EventBookmark","Information","Start","Pnp or Power Management operation to a particular device.","System.Collections.ObjectModel.ReadOnlyCollection`1[System.String]","System.Collections.Generic.List`1[System.Diagnostics.Eventing.Reader.EventProperty]"
"Received a Pnp or Power operation (27, 20) for device WPDBUSENUMROOT\UMB\2&37C186B&0&STORAGE#VOLUME#_??_USBSTOR#DISK&VEN_KINGSTON&PROD_DATATRAVELER_2.0&REV_PMAP#5B751B912C7A&0#.","2100","1",,"4","37","1","-9223372036854775808","30246","Microsoft-Windows-DriverFrameworks-UserMode","2e35aaeb-857f-4beb-a418-2e6c0e54d988","Microsoft-Windows-DriverFrameworks-UserMode/Operational","5300","5248","rjaf-PC4429","S-1-5-19","6/24/2015 1:24:36 PM",,,"c:\users\mac_1\desktop\winevt\logs\microsoft-windows-driverframeworks-usermode%4operational.evtx","System.UInt32[]","System.Diagnostics.Eventing.Reader.EventBookmark","Information","Start","Pnp or Power Management operation to a particular device.","System.Collections.ObjectModel.ReadOnlyCollection`1[System.String]","System.Collections.Generic.List`1[System.Diagnostics.Eventing.Reader.EventProperty]"
"Completed a Pnp or Power operation (27, 9) for device WPDBUSENUMROOT\UMB\2&37C186B&0&STORAGE#VOLUME#_??_USBSTOR#DISK&VEN_KINGSTON&PROD_DATATRAVELER_2.0&REV_PMAP#5B751B912C7A&0# with status 0x0.","2101","1",,"4","37","2","-9223372036854775808","30245","Microsoft-Windows-DriverFrameworks-UserMode","2e35aaeb-857f-4beb-a418-2e6c0e54d988","Microsoft-Windows-DriverFrameworks-UserMode/Operational","5300","2176","rjaf-PC4429","S-1-5-19","6/24/2015 1:24:36 PM",,,"c:\users\mac_1\desktop\winevt\logs\microsoft-windows-driverframeworks-usermode%4operational.evtx","System.UInt32[]","System.Diagnostics.Eventing.Reader.EventBookmark","Information","Stop","Pnp or Power Management operation to a particular device.","System.Collections.ObjectModel.ReadOnlyCollection`1[System.String]","System.Collections.Generic.List`1[System.Diagnostics.Eventing.Reader.EventProperty]"
"Received a Pnp or Power operation (27, 9) for device WPDBUSENUMROOT\UMB\2&37C186B&0&STORAGE#VOLUME#_??_USBSTOR#DISK&VEN_KINGSTON&PROD_DATATRAVELER_2.0&REV_PMAP#5B751B912C7A&0# which was completed by the lower drivers with status 0x0","2106","1",,"4","37","1","-9223372036854775808","30244","Microsoft-Windows-DriverFrameworks-UserMode","2e35aaeb-857f-4beb-a418-2e6c0e54d988","Microsoft-Windows-DriverFrameworks-UserMode/Operational","5300","2176","rjaf-PC4429","S-1-5-19","6/24/2015 1:24:36 PM",,,"c:\users\mac_1\desktop\winevt\logs\microsoft-windows-driverframeworks-usermode%4operational.evtx","System.UInt32[]","System.Diagnostics.Eventing.Reader.EventBookmark","Information","Start","Pnp or Power Management operation to a particular device.","System.Collections.ObjectModel.ReadOnlyCollection`1[System.String]","System.Collections.Generic.List`1[System.Diagnostics.Eventing.Reader.EventProperty]"
"Forwarded a Pnp or Power operation (27, 9) for device WPDBUSENUMROOT\UMB\2&37C186B&0&STORAGE#VOLUME#_??_USBSTOR#DISK&VEN_KINGSTON&PROD_DATATRAVELER_2.0&REV_PMAP#5B751B912C7A&0# to the lower driver with status 0xC00000BB","2105","1",,"4","37","1","-9223372036854775808","30243","Microsoft-Windows-DriverFrameworks-UserMode","2e35aaeb-857f-4beb-a418-2e6c0e54d988","Microsoft-Windows-DriverFrameworks-UserMode/Operational","5300","2176","rjaf-PC4429","S-1-5-19","6/24/2015 1:24:36 PM",,,"c:\users\mac_1\desktop\winevt\logs\microsoft-windows-driverframeworks-usermode%4operational.evtx","System.UInt32[]","System.Diagnostics.Eventing.Reader.EventBookmark","Information","Start","Pnp or Power Management operation to a particular device.","System.Collections.ObjectModel.ReadOnlyCollection`1[System.String]","System.Collections.Generic.List`1[System.Diagnostics.Eventing.Reader.EventProperty]"
"Received a Pnp or Power operation (27, 9) for device WPDBUSENUMROOT\UMB\2&37C186B&0&STORAGE#VOLUME#_??_USBSTOR#DISK&VEN_KINGSTON&PROD_DATATRAVELER_2.0&REV_PMAP#5B751B912C7A&0#.","2100","1",,"4","37","1","-9223372036854775808","30242","Microsoft-Windows-DriverFrameworks-UserMode","2e35aaeb-857f-4beb-a418-2e6c0e54d988","Microsoft-Windows-DriverFrameworks-UserMode/Operational","5300","2176","rjaf-PC4429","S-1-5-19","6/24/2015 1:24:36 PM",,,"c:\users\mac_1\desktop\winevt\logs\microsoft-windows-driverframeworks-usermode%4operational.evtx","System.UInt32[]","System.Diagnostics.Eventing.Reader.EventBookmark","Information","Start","Pnp or Power Management operation to a particular device.","System.Collections.ObjectModel.ReadOnlyCollection`1[System.String]","System.Collections.Generic.List`1[System.Diagnostics.Eventing.Reader.EventProperty]"
"Completed a Pnp or Power operation (27, 0) for device WPDBUSENUMROOT\UMB\2&37C186B&0&STORAGE#VOLUME#_??_USBSTOR#DISK&VEN_KINGSTON&PROD_DATATRAVELER_2.0&REV_PMAP#5B751B912C7A&0# with status 0x0.","2101","1",,"4","37","2","-9223372036854775808","30241","Microsoft-Windows-DriverFrameworks-UserMode","2e35aaeb-857f-4beb-a418-2e6c0e54d988","Microsoft-Windows-DriverFrameworks-UserMode/Operational","5300","5248","rjaf-PC4429","S-1-5-19","6/24/2015 1:24:36 PM",,,"c:\users\mac_1\desktop\winevt\logs\microsoft-windows-driverframeworks-usermode%4operational.evtx","System.UInt32[]","System.Diagnostics.Eventing.Reader.EventBookmark","Information","Stop","Pnp or Power Management operation to a particular device.","System.Collections.ObjectModel.ReadOnlyCollection`1[System.String]","System.Collections.Generic.List`1[System.Diagnostics.Eventing.Reader.EventProperty]"
"Received a Pnp or Power operation (27, 0) for device WPDBUSENUMROOT\UMB\2&37C186B&0&STORAGE#VOLUME#_??_USBSTOR#DISK&VEN_KINGSTON&PROD_DATATRAVELER_2.0&REV_PMAP#5B751B912C7A&0# which was completed by the lower drivers with status 0x0","2106","1",,"4","37","1","-9223372036854775808","30240","Microsoft-Windows-DriverFrameworks-UserMode","2e35aaeb-857f-4beb-a418-2e6c0e54d988","Microsoft-Windows-DriverFrameworks-UserMode/Operational","5300","5248","rjaf-PC4429","S-1-5-19","6/24/2015 1:24:36 PM",,,"c:\users\mac_1\desktop\winevt\logs\microsoft-windows-driverframeworks-usermode%4operational.evtx","System.UInt32[]","System.Diagnostics.Eventing.Reader.EventBookmark","Information","Start","Pnp or Power Management operation to a particular device.","System.Collections.ObjectModel.ReadOnlyCollection`1[System.String]","System.Collections.Generic.List`1[System.Diagnostics.Eventing.Reader.EventProperty]"
"Forwarded a Pnp or Power operation (27, 0) for device WPDBUSENUMROOT\UMB\2&37C186B&0&STORAGE#VOLUME#_??_USBSTOR#DISK&VEN_KINGSTON&PROD_DATATRAVELER_2.0&REV_PMAP#5B751B912C7A&0# to the lower driver with status 0xC00000BB","2105","1",,"4","37","1","-9223372036854775808","30239","Microsoft-Windows-DriverFrameworks-UserMode","2e35aaeb-857f-4beb-a418-2e6c0e54d988","Microsoft-Windows-DriverFrameworks-UserMode/Operational","5300","5248","rjaf-PC4429","S-1-5-19","6/24/2015 1:24:36 PM",,,"c:\users\mac_1\desktop\winevt\logs\microsoft-windows-driverframeworks-usermode%4operational.evtx","System.UInt32[]","System.Diagnostics.Eventing.Reader.EventBookmark","Information","Start","Pnp or Power Management operation to a particular device.","System.Collections.ObjectModel.ReadOnlyCollection`1[System.String]","System.Collections.Generic.List`1[System.Diagnostics.Eventing.Reader.EventProperty]"
"Received a Pnp or Power operation (27, 0) for device WPDBUSENUMROOT\UMB\2&37C186B&0&STORAGE#VOLUME#_??_USBSTOR#DISK&VEN_KINGSTON&PROD_DATATRAVELER_2.0&REV_PMAP#5B751B912C7A&0#.","2100","1",,"4","37","1","-9223372036854775808","30238","Microsoft-Windows-DriverFrameworks-UserMode","2e35aaeb-857f-4beb-a418-2e6c0e54d988","Microsoft-Windows-DriverFrameworks-UserMode/Operational","5300","5248","rjaf-PC4429","S-1-5-19","6/24/2015 1:24:36 PM",,,"c:\users\mac_1\desktop\winevt\logs\microsoft-windows-driverframeworks-usermode%4operational.evtx","System.UInt32[]","System.Diagnostics.Eventing.Reader.EventBookmark","Information","Start","Pnp or Power Management operation to a particular device.","System.Collections.ObjectModel.ReadOnlyCollection`1[System.String]","System.Collections.Generic.List`1[System.Diagnostics.Eventing.Reader.EventProperty]"
"The UMDF Host successfully loaded the driver at level 0.","2006","1",,"5","33","2","-9223372036854775808","30237","Microsoft-Windows-DriverFrameworks-UserMode","2e35aaeb-857f-4beb-a418-2e6c0e54d988","Microsoft-Windows-DriverFrameworks-UserMode/Operational","5300","5248","rjaf-PC4429","S-1-5-19","6/24/2015 1:24:36 PM",,,"c:\users\mac_1\desktop\winevt\logs\microsoft-windows-driverframeworks-usermode%4operational.evtx","System.UInt32[]","System.Diagnostics.Eventing.Reader.EventBookmark","Verbose","Stop","Loading drivers to control a newly discovered device.","System.Collections.ObjectModel.ReadOnlyCollection`1[System.String]","System.Collections.Generic.List`1[System.Diagnostics.Eventing.Reader.EventProperty]"
"The UMDF Host Process ({20F25EAE-F3ED-46F8-98C9-7F90AFCD286F}) has loaded module C:\Windows\WinSxS\x86_microsoft.windows.gdiplus_6595b64144ccf1df_1.1.7600.17007_none_72f44f3186198a88\gdiplus.dll while loading drivers for device WPDBUSENUMROOT\UMB\2&37C186B&0&STORAGE#VOLUME#_??_USBSTOR#DISK&VEN_KINGSTON&PROD_DATATRAVELER_2.0&REV_PMAP#5B751B912C7A&0#.","2005","1",,"5","33","0","-9223372036854775808","30236","Microsoft-Windows-DriverFrameworks-UserMode","2e35aaeb-857f-4beb-a418-2e6c0e54d988","Microsoft-Windows-DriverFrameworks-UserMode/Operational","5300","5248","rjaf-PC4429","S-1-5-19","6/24/2015 1:24:36 PM",,,"c:\users\mac_1\desktop\winevt\logs\microsoft-windows-driverframeworks-usermode%4operational.evtx","System.UInt32[]","System.Diagnostics.Eventing.Reader.EventBookmark","Verbose","Info","Loading drivers to control a newly discovered device.","System.Collections.ObjectModel.ReadOnlyCollection`1[System.String]","System.Collections.Generic.List`1[System.Diagnostics.Eventing.Reader.EventProperty]"
"The UMDF Host Process ({20F25EAE-F3ED-46F8-98C9-7F90AFCD286F}) has loaded module C:\Windows\System32\WMASF.DLL while loading drivers for device WPDBUSENUMROOT\UMB\2&37C186B&0&STORAGE#VOLUME#_??_USBSTOR#DISK&VEN_KINGSTON&PROD_DATATRAVELER_2.0&REV_PMAP#5B751B912C7A&0#.","2005","1",,"5","33","0","-9223372036854775808","30235","Microsoft-Windows-DriverFrameworks-UserMode","2e35aaeb-857f-4beb-a418-2e6c0e54d988","Microsoft-Windows-DriverFrameworks-UserMode/Operational","5300","5248","rjaf-PC4429","S-1-5-19","6/24/2015 1:24:36 PM",,,"c:\users\mac_1\desktop\winevt\logs\microsoft-windows-driverframeworks-usermode%4operational.evtx","System.UInt32[]","System.Diagnostics.Eventing.Reader.EventBookmark","Verbose","Info","Loading drivers to control a newly discovered device.","System.Collections.ObjectModel.ReadOnlyCollection`1[System.String]","System.Collections.Generic.List`1[System.Diagnostics.Eventing.Reader.EventProperty]"
"The UMDF Host Process ({20F25EAE-F3ED-46F8-98C9-7F90AFCD286F}) has loaded module C:\Windows\System32\wmvcore.dll while loading drivers for device WPDBUSENUMROOT\UMB\2&37C186B&0&STORAGE#VOLUME#_??_USBSTOR#DISK&VEN_KINGSTON&PROD_DATATRAVELER_2.0&REV_PMAP#5B751B912C7A&0#.","2005","1",,"5","33","0","-9223372036854775808","30234","Microsoft-Windows-DriverFrameworks-UserMode","2e35aaeb-857f-4beb-a418-2e6c0e54d988","Microsoft-Windows-DriverFrameworks-UserMode/Operational","5300","5248","rjaf-PC4429","S-1-5-19","6/24/2015 1:24:36 PM",,,"c:\users\mac_1\desktop\winevt\logs\microsoft-windows-driverframeworks-usermode%4operational.evtx","System.UInt32[]","System.Diagnostics.Eventing.Reader.EventBookmark","Verbose","Info","Loading drivers to control a newly discovered device.","System.Collections.ObjectModel.ReadOnlyCollection`1[System.String]","System.Collections.Generic.List`1[System.Diagnostics.Eventing.Reader.EventProperty]"
"The UMDF Host Process ({20F25EAE-F3ED-46F8-98C9-7F90AFCD286F}) has loaded module C:\Windows\System32\drivers\UMDF\WpdFs.dll while loading drivers for device WPDBUSENUMROOT\UMB\2&37C186B&0&STORAGE#VOLUME#_??_USBSTOR#DISK&VEN_KINGSTON&PROD_DATATRAVELER_2.0&REV_PMAP#5B751B912C7A&0#.","2005","1",,"5","33","0","-9223372036854775808","30233","Microsoft-Windows-DriverFrameworks-UserMode","2e35aaeb-857f-4beb-a418-2e6c0e54d988","Microsoft-Windows-DriverFrameworks-UserMode/Operational","5300","5248","rjaf-PC4429","S-1-5-19","6/24/2015 1:24:36 PM",,,"c:\users\mac_1\desktop\winevt\logs\microsoft-windows-driverframeworks-usermode%4operational.evtx","System.UInt32[]","System.Diagnostics.Eventing.Reader.EventBookmark","Verbose","Info","Loading drivers to control a newly discovered device.","System.Collections.ObjectModel.ReadOnlyCollection`1[System.String]","System.Collections.Generic.List`1[System.Diagnostics.Eventing.Reader.EventProperty]"
"The UMDF Host Process ({20F25EAE-F3ED-46F8-98C9-7F90AFCD286F}) has loaded module C:\Windows\System32\WUDFx.dll while loading drivers for device WPDBUSENUMROOT\UMB\2&37C186B&0&STORAGE#VOLUME#_??_USBSTOR#DISK&VEN_KINGSTON&PROD_DATATRAVELER_2.0&REV_PMAP#5B751B912C7A&0#.","2005","1",,"5","33","0","-9223372036854775808","30232","Microsoft-Windows-DriverFrameworks-UserMode","2e35aaeb-857f-4beb-a418-2e6c0e54d988","Microsoft-Windows-DriverFrameworks-UserMode/Operational","5300","5248","rjaf-PC4429","S-1-5-19","6/24/2015 1:24:36 PM",,,"c:\users\mac_1\desktop\winevt\logs\microsoft-windows-driverframeworks-usermode%4operational.evtx","System.UInt32[]","System.Diagnostics.Eventing.Reader.EventBookmark","Verbose","Info","Loading drivers to control a newly discovered device.","System.Collections.ObjectModel.ReadOnlyCollection`1[System.String]","System.Collections.Generic.List`1[System.Diagnostics.Eventing.Reader.EventProperty]"
"The UMDF Host is loading driver WpdFs at level 0 for device WPDBUSENUMROOT\UMB\2&37C186B&0&STORAGE#VOLUME#_??_USBSTOR#DISK&VEN_KINGSTON&PROD_DATATRAVELER_2.0&REV_PMAP#5B751B912C7A&0#.","2004","1",,"5","33","1","-9223372036854775808","30231","Microsoft-Windows-DriverFrameworks-UserMode","2e35aaeb-857f-4beb-a418-2e6c0e54d988","Microsoft-Windows-DriverFrameworks-UserMode/Operational","5300","5248","rjaf-PC4429","S-1-5-19","6/24/2015 1:24:36 PM",,,"c:\users\mac_1\desktop\winevt\logs\microsoft-windows-driverframeworks-usermode%4operational.evtx","System.UInt32[]","System.Diagnostics.Eventing.Reader.EventBookmark","Verbose","Start","Loading drivers to control a newly discovered device.","System.Collections.ObjectModel.ReadOnlyCollection`1[System.String]","System.Collections.Generic.List`1[System.Diagnostics.Eventing.Reader.EventProperty]"
"The UMDF Host Process ({20F25EAE-F3ED-46F8-98C9-7F90AFCD286F}) has successfully loaded drivers for device WPDBUSENUMROOT\UMB\2&37C186B&0&STORAGE#VOLUME#_??_USBSTOR#DISK&VEN_KINGSTON&PROD_DATATRAVELER_2.0&REV_PMAP#5B751B912C7A&0#.","2010","1",,"4","33","2","-9223372036854775808","30230","Microsoft-Windows-DriverFrameworks-UserMode","2e35aaeb-857f-4beb-a418-2e6c0e54d988","Microsoft-Windows-DriverFrameworks-UserMode/Operational","5300","5248","rjaf-PC4429","S-1-5-19","6/24/2015 1:24:36 PM",,,"c:\users\mac_1\desktop\winevt\logs\microsoft-windows-driverframeworks-usermode%4operational.evtx","System.UInt32[]","System.Diagnostics.Eventing.Reader.EventBookmark","Information","Stop","Loading drivers to control a newly discovered device.","System.Collections.ObjectModel.ReadOnlyCollection`1[System.String]","System.Collections.Generic.List`1[System.Diagnostics.Eventing.Reader.EventProperty]"
"The UMDF Host Process ({20F25EAE-F3ED-46F8-98C9-7F90AFCD286F}) has been asked to load drivers for device WPDBUSENUMROOT\UMB\2&37C186B&0&STORAGE#VOLUME#_??_USBSTOR#DISK&VEN_KINGSTON&PROD_DATATRAVELER_2.0&REV_PMAP#5B751B912C7A&0#.","2003","1",,"4","33","1","-9223372036854775808","30229","Microsoft-Windows-DriverFrameworks-UserMode","2e35aaeb-857f-4beb-a418-2e6c0e54d988","Microsoft-Windows-DriverFrameworks-UserMode/Operational","5300","5248","rjaf-PC4429","S-1-5-19","6/24/2015 1:24:36 PM",,,"c:\users\mac_1\desktop\winevt\logs\microsoft-windows-driverframeworks-usermode%4operational.evtx","System.UInt32[]","System.Diagnostics.Eventing.Reader.EventBookmark","Information","Start","Loading drivers to control a newly discovered device.","System.Collections.ObjectModel.ReadOnlyCollection`1[System.String]","System.Collections.Generic.List`1[System.Diagnostics.Eventing.Reader.EventProperty]"
"The host process ({20F25EAE-F3ED-46F8-98C9-7F90AFCD286F}) started successfully.","1004","1",,"4","17","2","-9223372036854775808","30228","Microsoft-Windows-DriverFrameworks-UserMode","2e35aaeb-857f-4beb-a418-2e6c0e54d988","Microsoft-Windows-DriverFrameworks-UserMode/Operational","1336","2600","rjaf-PC4429","S-1-5-18","6/24/2015 1:24:36 PM",,,"c:\users\mac_1\desktop\winevt\logs\microsoft-windows-driverframeworks-usermode%4operational.evtx","System.UInt32[]","System.Diagnostics.Eventing.Reader.EventBookmark","Information","Stop","Creation of a new driver host process.","System.Collections.ObjectModel.ReadOnlyCollection`1[System.String]","System.Collections.Generic.List`1[System.Diagnostics.Eventing.Reader.EventProperty]"
"The UMDF Host Process ({20F25EAE-F3ED-46F8-98C9-7F90AFCD286F}) started successfully.","2001","1",,"4","32","2","-9223372036854775808","30227","Microsoft-Windows-DriverFrameworks-UserMode","2e35aaeb-857f-4beb-a418-2e6c0e54d988","Microsoft-Windows-DriverFrameworks-UserMode/Operational","5300","4888","rjaf-PC4429","S-1-5-19","6/24/2015 1:24:36 PM",,,"c:\users\mac_1\desktop\winevt\logs\microsoft-windows-driverframeworks-usermode%4operational.evtx","System.UInt32[]","System.Diagnostics.Eventing.Reader.EventBookmark","Information","Stop","Startup of a new driver host process.","System.Collections.ObjectModel.ReadOnlyCollection`1[System.String]","System.Collections.Generic.List`1[System.Diagnostics.Eventing.Reader.EventProperty]"
"The UMDF Host Process ({20F25EAE-F3ED-46F8-98C9-7F90AFCD286F}) is starting up.","2000","1",,"4","32","1","-9223372036854775808","30226","Microsoft-Windows-DriverFrameworks-UserMode","2e35aaeb-857f-4beb-a418-2e6c0e54d988","Microsoft-Windows-DriverFrameworks-UserMode/Operational","5300","4888","rjaf-PC4429","S-1-5-19","6/24/2015 1:24:36 PM",,,"c:\users\mac_1\desktop\winevt\logs\microsoft-windows-driverframeworks-usermode%4operational.evtx","System.UInt32[]","System.Diagnostics.Eventing.Reader.EventBookmark","Information","Start","Startup of a new driver host process.","System.Collections.ObjectModel.ReadOnlyCollection`1[System.String]","System.Collections.Generic.List`1[System.Diagnostics.Eventing.Reader.EventProperty]"
"The Driver Manager service is starting a host process for device WPDBUSENUMROOT.UMB.2&37C186B&0&STORAGE#VOLUME#_??_USBSTOR#DISK&VEN_KINGSTON&PROD_DATATRAVELER_2.0&REV_PMAP#5B751B912C7A&0#.","1003","1",,"4","17","1","-9223372036854775808","30225","Microsoft-Windows-DriverFrameworks-UserMode","2e35aaeb-857f-4beb-a418-2e6c0e54d988","Microsoft-Windows-DriverFrameworks-UserMode/Operational","1336","2600","rjaf-PC4429","S-1-5-18","6/24/2015 1:24:36 PM",,,"c:\users\mac_1\desktop\winevt\logs\microsoft-windows-driverframeworks-usermode%4operational.evtx","System.UInt32[]","System.Diagnostics.Eventing.Reader.EventBookmark","Information","Start","Creation of a new driver host process.","System.Collections.ObjectModel.ReadOnlyCollection`1[System.String]","System.Collections.Generic.List`1[System.Diagnostics.Eventing.Reader.EventProperty]"
"The host process ({7F7103DE-71D4-4A61-AA41-95A82C357AA6}) has been shutdown.","1008","1",,"4","18","2","-9223372036854775808","30224","Microsoft-Windows-DriverFrameworks-UserMode","2e35aaeb-857f-4beb-a418-2e6c0e54d988","Microsoft-Windows-DriverFrameworks-UserMode/Operational","1336","2600","rjaf-PC4429","S-1-5-18","6/24/2015 1:23:47 PM",,,"c:\users\mac_1\desktop\winevt\logs\microsoft-windows-driverframeworks-usermode%4operational.evtx","System.UInt32[]","System.Diagnostics.Eventing.Reader.EventBookmark","Information","Stop","Shutdown of a driver host process.","System.Collections.ObjectModel.ReadOnlyCollection`1[System.String]","System.Collections.Generic.List`1[System.Diagnostics.Eventing.Reader.EventProperty]"
"The UMDF Host ({7F7103DE-71D4-4A61-AA41-95A82C357AA6}) has shutdown.","2901","1",,"4","41","2","-9223372036854775808","30223","Microsoft-Windows-DriverFrameworks-UserMode","2e35aaeb-857f-4beb-a418-2e6c0e54d988","Microsoft-Windows-DriverFrameworks-UserMode/Operational","5936","5916","rjaf-PC4429","S-1-5-19","6/24/2015 1:23:47 PM",,,"c:\users\mac_1\desktop\winevt\logs\microsoft-windows-driverframeworks-usermode%4operational.evtx","System.UInt32[]","System.Diagnostics.Eventing.Reader.EventBookmark","Information","Stop","Shutdown of a driver host process.","System.Collections.ObjectModel.ReadOnlyCollection`1[System.String]","System.Collections.Generic.List`1[System.Diagnostics.Eventing.Reader.EventProperty]"
"The UMDF Host ({7F7103DE-71D4-4A61-AA41-95A82C357AA6}) has been asked to shutdown.","2900","1",,"4","41","1","-9223372036854775808","30222","Microsoft-Windows-DriverFrameworks-UserMode","2e35aaeb-857f-4beb-a418-2e6c0e54d988","Microsoft-Windows-DriverFrameworks-UserMode/Operational","5936","2480","rjaf-PC4429","S-1-5-19","6/24/2015 1:23:47 PM",,,"c:\users\mac_1\desktop\winevt\logs\microsoft-windows-driverframeworks-usermode%4operational.evtx","System.UInt32[]","System.Diagnostics.Eventing.Reader.EventBookmark","Information","Start","Shutdown of a driver host process.","System.Collections.ObjectModel.ReadOnlyCollection`1[System.String]","System.Collections.Generic.List`1[System.Diagnostics.Eventing.Reader.EventProperty]"
"The host process ({7F7103DE-71D4-4A61-AA41-95A82C357AA6}) is being asked to shutdown.","1006","1",,"4","18","1","-9223372036854775808","30221","Microsoft-Windows-DriverFrameworks-UserMode","2e35aaeb-857f-4beb-a418-2e6c0e54d988","Microsoft-Windows-DriverFrameworks-UserMode/Operational","1336","2600","rjaf-PC4429","S-1-5-18","6/24/2015 1:23:47 PM",,,"c:\users\mac_1\desktop\winevt\logs\microsoft-windows-driverframeworks-usermode%4operational.evtx","System.UInt32[]","System.Diagnostics.Eventing.Reader.EventBookmark","Information","Start","Shutdown of a driver host process.","System.Collections.ObjectModel.ReadOnlyCollection`1[System.String]","System.Collections.Generic.List`1[System.Diagnostics.Eventing.Reader.EventProperty]"
"Forwarded a finished Pnp or Power operation (27, 2) to the lower driver for device WPDBUSENUMROOT\UMB\2&37C186B&0&STORAGE#VOLUME#_??_USBSTOR#DISK&VEN_KINGSTON&PROD_DATATRAVELER_2.0&REV_PMAP#5B751B912C7A&0# with status 0xC00000BB.","2102","1",,"4","37","2","-9223372036854775808","30220","Microsoft-Windows-DriverFrameworks-UserMode","2e35aaeb-857f-4beb-a418-2e6c0e54d988","Microsoft-Windows-DriverFrameworks-UserMode/Operational","5936","2480","rjaf-PC4429","S-1-5-19","6/24/2015 1:23:47 PM",,,"c:\users\mac_1\desktop\winevt\logs\microsoft-windows-driverframeworks-usermode%4operational.evtx","System.UInt32[]","System.Diagnostics.Eventing.Reader.EventBookmark","Information","Stop","Pnp or Power Management operation to a particular device.","System.Collections.ObjectModel.ReadOnlyCollection`1[System.String]","System.Collections.Generic.List`1[System.Diagnostics.Eventing.Reader.EventProperty]"
"Received a Pnp or Power operation (27, 2) for device WPDBUSENUMROOT\UMB\2&37C186B&0&STORAGE#VOLUME#_??_USBSTOR#DISK&VEN_KINGSTON&PROD_DATATRAVELER_2.0&REV_PMAP#5B751B912C7A&0#.","2100","1",,"4","37","1","-9223372036854775808","30219","Microsoft-Windows-DriverFrameworks-UserMode","2e35aaeb-857f-4beb-a418-2e6c0e54d988","Microsoft-Windows-DriverFrameworks-UserMode/Operational","5936","2480","rjaf-PC4429","S-1-5-19","6/24/2015 1:23:47 PM",,,"c:\users\mac_1\desktop\winevt\logs\microsoft-windows-driverframeworks-usermode%4operational.evtx","System.UInt32[]","System.Diagnostics.Eventing.Reader.EventBookmark","Information","Start","Pnp or Power Management operation to a particular device.","System.Collections.ObjectModel.ReadOnlyCollection`1[System.String]","System.Collections.Generic.List`1[System.Diagnostics.Eventing.Reader.EventProperty]"
"Forwarded a finished Pnp or Power operation (27, 23) to the lower driver for device WPDBUSENUMROOT\UMB\2&37C186B&0&STORAGE#VOLUME#_??_USBSTOR#DISK&VEN_KINGSTON&PROD_DATATRAVELER_2.0&REV_PMAP#5B751B912C7A&0# with status 0xC00000BB.","2102","1",,"4","37","2","-9223372036854775808","30218","Microsoft-Windows-DriverFrameworks-UserMode","2e35aaeb-857f-4beb-a418-2e6c0e54d988","Microsoft-Windows-DriverFrameworks-UserMode/Operational","5936","2480","rjaf-PC4429","S-1-5-19","6/24/2015 1:23:47 PM",,,"c:\users\mac_1\desktop\winevt\logs\microsoft-windows-driverframeworks-usermode%4operational.evtx","System.UInt32[]","System.Diagnostics.Eventing.Reader.EventBookmark","Information","Stop","Pnp or Power Management operation to a particular device.","System.Collections.ObjectModel.ReadOnlyCollection`1[System.String]","System.Collections.Generic.List`1[System.Diagnostics.Eventing.Reader.EventProperty]"
"Received a Pnp or Power operation (27, 23) for device WPDBUSENUMROOT\UMB\2&37C186B&0&STORAGE#VOLUME#_??_USBSTOR#DISK&VEN_KINGSTON&PROD_DATATRAVELER_2.0&REV_PMAP#5B751B912C7A&0#.","2100","1",,"4","37","1","-9223372036854775808","30217","Microsoft-Windows-DriverFrameworks-UserMode","2e35aaeb-857f-4beb-a418-2e6c0e54d988","Microsoft-Windows-DriverFrameworks-UserMode/Operational","5936","2480","rjaf-PC4429","S-1-5-19","6/24/2015 1:23:47 PM",,,"c:\users\mac_1\desktop\winevt\logs\microsoft-windows-driverframeworks-usermode%4operational.evtx","System.UInt32[]","System.Diagnostics.Eventing.Reader.EventBookmark","Information","Start","Pnp or Power Management operation to a particular device.","System.Collections.ObjectModel.ReadOnlyCollection`1[System.String]","System.Collections.Generic.List`1[System.Diagnostics.Eventing.Reader.EventProperty]"
"The host process ({A2FDF0C0-141F-4717-A0F0-A085E42910CC}) has been shutdown.","1008","1",,"4","18","2","-9223372036854775808","30216","Microsoft-Windows-DriverFrameworks-UserMode","2e35aaeb-857f-4beb-a418-2e6c0e54d988","Microsoft-Windows-DriverFrameworks-UserMode/Operational","1336","2600","rjaf-PC4429","S-1-5-18","6/24/2015 1:13:33 PM",,,"c:\users\mac_1\desktop\winevt\logs\microsoft-windows-driverframeworks-usermode%4operational.evtx","System.UInt32[]","System.Diagnostics.Eventing.Reader.EventBookmark","Information","Stop","Shutdown of a driver host process.","System.Collections.ObjectModel.ReadOnlyCollection`1[System.String]","System.Collections.Generic.List`1[System.Diagnostics.Eventing.Reader.EventProperty]"
"The UMDF Host ({A2FDF0C0-141F-4717-A0F0-A085E42910CC}) has shutdown.","2901","1",,"4","41","2","-9223372036854775808","30215","Microsoft-Windows-DriverFrameworks-UserMode","2e35aaeb-857f-4beb-a418-2e6c0e54d988","Microsoft-Windows-DriverFrameworks-UserMode/Operational","3796","4628","rjaf-PC4429","S-1-5-19","6/24/2015 1:13:33 PM",,,"c:\users\mac_1\desktop\winevt\logs\microsoft-windows-driverframeworks-usermode%4operational.evtx","System.UInt32[]","System.Diagnostics.Eventing.Reader.EventBookmark","Information","Stop","Shutdown of a driver host process.","System.Collections.ObjectModel.ReadOnlyCollection`1[System.String]","System.Collections.Generic.List`1[System.Diagnostics.Eventing.Reader.EventProperty]"
"The UMDF Host ({A2FDF0C0-141F-4717-A0F0-A085E42910CC}) has been asked to shutdown.","2900","1",,"4","41","1","-9223372036854775808","30214","Microsoft-Windows-DriverFrameworks-UserMode","2e35aaeb-857f-4beb-a418-2e6c0e54d988","Microsoft-Windows-DriverFrameworks-UserMode/Operational","3796","5260","rjaf-PC4429","S-1-5-19","6/24/2015 1:13:33 PM",,,"c:\users\mac_1\desktop\winevt\logs\microsoft-windows-driverframeworks-usermode%4operational.evtx","System.UInt32[]","System.Diagnostics.Eventing.Reader.EventBookmark","Information","Start","Shutdown of a driver host process.","System.Collections.ObjectModel.ReadOnlyCollection`1[System.String]","System.Collections.Generic.List`1[System.Diagnostics.Eventing.Reader.EventProperty]"
"The host process ({A2FDF0C0-141F-4717-A0F0-A085E42910CC}) is being asked to shutdown.","1006","1",,"4","18","1","-9223372036854775808","30213","Microsoft-Windows-DriverFrameworks-UserMode","2e35aaeb-857f-4beb-a418-2e6c0e54d988","Microsoft-Windows-DriverFrameworks-UserMode/Operational","1336","2600","rjaf-PC4429","S-1-5-18","6/24/2015 1:13:33 PM",,,"c:\users\mac_1\desktop\winevt\logs\microsoft-windows-driverframeworks-usermode%4operational.evtx","System.UInt32[]","System.Diagnostics.Eventing.Reader.EventBookmark","Information","Start","Shutdown of a driver host process.","System.Collections.ObjectModel.ReadOnlyCollection`1[System.String]","System.Collections.Generic.List`1[System.Diagnostics.Eventing.Reader.EventProperty]"
"Forwarded a finished Pnp or Power operation (27, 2) to the lower driver for device USB\VID_04A9&PID_3218\6&EFC99F&0&1 with status 0xC00000BB.","2102","1",,"4","37","2","-9223372036854775808","30212","Microsoft-Windows-DriverFrameworks-UserMode","2e35aaeb-857f-4beb-a418-2e6c0e54d988","Microsoft-Windows-DriverFrameworks-UserMode/Operational","3796","5260","rjaf-PC4429","S-1-5-19","6/24/2015 1:13:33 PM",,,"c:\users\mac_1\desktop\winevt\logs\microsoft-windows-driverframeworks-usermode%4operational.evtx","System.UInt32[]","System.Diagnostics.Eventing.Reader.EventBookmark","Information","Stop","Pnp or Power Management operation to a particular device.","System.Collections.ObjectModel.ReadOnlyCollection`1[System.String]","System.Collections.Generic.List`1[System.Diagnostics.Eventing.Reader.EventProperty]"
"Received a Pnp or Power operation (27, 2) for device USB\VID_04A9&PID_3218\6&EFC99F&0&1.","2100","1",,"4","37","1","-9223372036854775808","30211","Microsoft-Windows-DriverFrameworks-UserMode","2e35aaeb-857f-4beb-a418-2e6c0e54d988","Microsoft-Windows-DriverFrameworks-UserMode/Operational","3796","5260","rjaf-PC4429","S-1-5-19","6/24/2015 1:13:33 PM",,,"c:\users\mac_1\desktop\winevt\logs\microsoft-windows-driverframeworks-usermode%4operational.evtx","System.UInt32[]","System.Diagnostics.Eventing.Reader.EventBookmark","Information","Start","Pnp or Power Management operation to a particular device.","System.Collections.ObjectModel.ReadOnlyCollection`1[System.String]","System.Collections.Generic.List`1[System.Diagnostics.Eventing.Reader.EventProperty]"
"Forwarded a finished Pnp or Power operation (27, 23) to the lower driver for device USB\VID_04A9&PID_3218\6&EFC99F&0&1 with status 0xC00000BB.","2102","1",,"4","37","2","-9223372036854775808","30210","Microsoft-Windows-DriverFrameworks-UserMode","2e35aaeb-857f-4beb-a418-2e6c0e54d988","Microsoft-Windows-DriverFrameworks-UserMode/Operational","3796","5260","rjaf-PC4429","S-1-5-19","6/24/2015 1:13:33 PM",,,"c:\users\mac_1\desktop\winevt\logs\microsoft-windows-driverframeworks-usermode%4operational.evtx","System.UInt32[]","System.Diagnostics.Eventing.Reader.EventBookmark","Information","Stop","Pnp or Power Management operation to a particular device.","System.Collections.ObjectModel.ReadOnlyCollection`1[System.String]","System.Collections.Generic.List`1[System.Diagnostics.Eventing.Reader.EventProperty]"
"Received a Pnp or Power operation (27, 23) for device USB\VID_04A9&PID_3218\6&EFC99F&0&1.","2100","1",,"4","37","1","-9223372036854775808","30209","Microsoft-Windows-DriverFrameworks-UserMode","2e35aaeb-857f-4beb-a418-2e6c0e54d988","Microsoft-Windows-DriverFrameworks-UserMode/Operational","3796","5260","rjaf-PC4429","S-1-5-19","6/24/2015 1:13:33 PM",,,"c:\users\mac_1\desktop\winevt\logs\microsoft-windows-driverframeworks-usermode%4operational.evtx","System.UInt32[]","System.Diagnostics.Eventing.Reader.EventBookmark","Information","Start","Pnp or Power Management operation to a particular device.","System.Collections.ObjectModel.ReadOnlyCollection`1[System.String]","System.Collections.Generic.List`1[System.Diagnostics.Eventing.Reader.EventProperty]"
"Completed a Pnp or Power operation (27, 20) for device USB\VID_04A9&PID_3218\6&EFC99F&0&1 with status 0x0.","2101","1",,"4","37","2","-9223372036854775808","30208","Microsoft-Windows-DriverFrameworks-UserMode","2e35aaeb-857f-4beb-a418-2e6c0e54d988","Microsoft-Windows-DriverFrameworks-UserMode/Operational","3796","5260","rjaf-PC4429","S-1-5-19","6/24/2015 1:11:16 PM",,,"c:\users\mac_1\desktop\winevt\logs\microsoft-windows-driverframeworks-usermode%4operational.evtx","System.UInt32[]","System.Diagnostics.Eventing.Reader.EventBookmark","Information","Stop","Pnp or Power Management operation to a particular device.","System.Collections.ObjectModel.ReadOnlyCollection`1[System.String]","System.Collections.Generic.List`1[System.Diagnostics.Eventing.Reader.EventProperty]"
"Received a Pnp or Power operation (27, 20) for device USB\VID_04A9&PID_3218\6&EFC99F&0&1 which was completed by the lower drivers with status 0x0","2106","1",,"4","37","1","-9223372036854775808","30207","Microsoft-Windows-DriverFrameworks-UserMode","2e35aaeb-857f-4beb-a418-2e6c0e54d988","Microsoft-Windows-DriverFrameworks-UserMode/Operational","3796","5260","rjaf-PC4429","S-1-5-19","6/24/2015 1:11:16 PM",,,"c:\users\mac_1\desktop\winevt\logs\microsoft-windows-driverframeworks-usermode%4operational.evtx","System.UInt32[]","System.Diagnostics.Eventing.Reader.EventBookmark","Information","Start","Pnp or Power Management operation to a particular device.","System.Collections.ObjectModel.ReadOnlyCollection`1[System.String]","System.Collections.Generic.List`1[System.Diagnostics.Eventing.Reader.EventProperty]"
"Forwarded a Pnp or Power operation (27, 20) for device USB\VID_04A9&PID_3218\6&EFC99F&0&1 to the lower driver with status 0xC00000BB","2105","1",,"4","37","1","-9223372036854775808","30206","Microsoft-Windows-DriverFrameworks-UserMode","2e35aaeb-857f-4beb-a418-2e6c0e54d988","Microsoft-Windows-DriverFrameworks-UserMode/Operational","3796","5260","rjaf-PC4429","S-1-5-19","6/24/2015 1:11:16 PM",,,"c:\users\mac_1\desktop\winevt\logs\microsoft-windows-driverframeworks-usermode%4operational.evtx","System.UInt32[]","System.Diagnostics.Eventing.Reader.EventBookmark","Information","Start","Pnp or Power Management operation to a particular device.","System.Collections.ObjectModel.ReadOnlyCollection`1[System.String]","System.Collections.Generic.List`1[System.Diagnostics.Eventing.Reader.EventProperty]"
"Received a Pnp or Power operation (27, 20) for device USB\VID_04A9&PID_3218\6&EFC99F&0&1.","2100","1",,"4","37","1","-9223372036854775808","30205","Microsoft-Windows-DriverFrameworks-UserMode","2e35aaeb-857f-4beb-a418-2e6c0e54d988","Microsoft-Windows-DriverFrameworks-UserMode/Operational","3796","5260","rjaf-PC4429","S-1-5-19","6/24/2015 1:11:16 PM",,,"c:\users\mac_1\desktop\winevt\logs\microsoft-windows-driverframeworks-usermode%4operational.evtx","System.UInt32[]","System.Diagnostics.Eventing.Reader.EventBookmark","Information","Start","Pnp or Power Management operation to a particular device.","System.Collections.ObjectModel.ReadOnlyCollection`1[System.String]","System.Collections.Generic.List`1[System.Diagnostics.Eventing.Reader.EventProperty]"
