#TYPE System.Diagnostics.Eventing.Reader.EventLogRecord
"Message","Id","Version","Qualifiers","Level","Task","Opcode","Keywords","RecordId","ProviderName","ProviderId","LogName","ProcessId","ThreadId","MachineName","UserId","TimeCreated","ActivityId","RelatedActivityId","ContainerLog","MatchedQueryIds","Bookmark","LevelDisplayName","OpcodeDisplayName","TaskDisplayName","KeywordsDisplayNames","Properties"
"An instance of Program Data Updater (PDU) ran with the following information: StartTime: ?2015?-?08?-?17T00:03:20.161733600Z, StopTime: ?2015?-?08?-?17T00:09:23.940540600Z, ExitCode: 528, Number of new programs: 0, Number of removed programs: 0, Number of updated programs: 0, Number of installed programs: 0, Number of new orphan files: 0, Number of new add-ons: 0, Number of removed add-ons: 0, Number of updated add-ons: 0, Number of installed add-ons: 0, Number of new installations: 0","800","0",,"4","0","0","576460752303423488","932","Microsoft-Windows-Application-Experience","eef54e71-0661-422d-9a98-82fd4940b820","Microsoft-Windows-Application-Experience/Program-Inventory","4724","4280","rjaf-PC4429","S-1-5-18","8/16/2015 5:09:23 PM",,,"c:\users\mac_1\desktop\winevt\logs\microsoft-windows-application-experience%4program-inventory.evtx","System.UInt32[]","System.Diagnostics.Eventing.Reader.EventBookmark","Information","Info",,"System.Collections.ObjectModel.ReadOnlyCollection`1[System.String]","System.Collections.Generic.List`1[System.Diagnostics.Eventing.Reader.EventProperty]"
"An instance of Program Data Updater (PDU) ran with the following information: StartTime: ?2015?-?08?-?16T11:01:34.967401500Z, StopTime: ?2015?-?08?-?16T11:14:05.453519600Z, ExitCode: 528, Number of new programs: 0, Number of removed programs: 0, Number of updated programs: 0, Number of installed programs: 0, Number of new orphan files: 0, Number of new add-ons: 0, Number of removed add-ons: 0, Number of updated add-ons: 0, Number of installed add-ons: 0, Number of new installations: 0","800","0",,"4","0","0","576460752303423488","931","Microsoft-Windows-Application-Experience","eef54e71-0661-422d-9a98-82fd4940b820","Microsoft-Windows-Application-Experience/Program-Inventory","316","1132","rjaf-PC4429","S-1-5-18","8/16/2015 4:14:05 AM",,,"c:\users\mac_1\desktop\winevt\logs\microsoft-windows-application-experience%4program-inventory.evtx","System.UInt32[]","System.Diagnostics.Eventing.Reader.EventBookmark","Information","Info",,"System.Collections.ObjectModel.ReadOnlyCollection`1[System.String]","System.Collections.Generic.List`1[System.Diagnostics.Eventing.Reader.EventProperty]"
"An instance of Program Data Updater (PDU) ran with the following information: StartTime: ?2015?-?08?-?16T07:34:52.301778000Z, StopTime: ?2015?-?08?-?16T07:37:08.053216400Z, ExitCode: 528, Number of new programs: 0, Number of removed programs: 0, Number of updated programs: 0, Number of installed programs: 0, Number of new orphan files: 0, Number of new add-ons: 0, Number of removed add-ons: 0, Number of updated add-ons: 0, Number of installed add-ons: 0, Number of new installations: 0","800","0",,"4","0","0","576460752303423488","930","Microsoft-Windows-Application-Experience","eef54e71-0661-422d-9a98-82fd4940b820","Microsoft-Windows-Application-Experience/Program-Inventory","3008","2324","rjaf-PC4429","S-1-5-18","8/16/2015 12:37:08 AM",,,"c:\users\mac_1\desktop\winevt\logs\microsoft-windows-application-experience%4program-inventory.evtx","System.UInt32[]","System.Diagnostics.Eventing.Reader.EventBookmark","Information","Info",,"System.Collections.ObjectModel.ReadOnlyCollection`1[System.String]","System.Collections.Generic.List`1[System.Diagnostics.Eventing.Reader.EventProperty]"
"An instance of Program Data Updater (PDU) ran with the following information: StartTime: ?2015?-?08?-?13T07:01:10.737724400Z, StopTime: ?2015?-?08?-?13T07:03:30.919570600Z, ExitCode: 528, Number of new programs: 0, Number of removed programs: 0, Number of updated programs: 0, Number of installed programs: 0, Number of new orphan files: 0, Number of new add-ons: 0, Number of removed add-ons: 0, Number of updated add-ons: 0, Number of installed add-ons: 0, Number of new installations: 0","800","0",,"4","0","0","576460752303423488","929","Microsoft-Windows-Application-Experience","eef54e71-0661-422d-9a98-82fd4940b820","Microsoft-Windows-Application-Experience/Program-Inventory","992","5900","rjaf-PC4429","S-1-5-18","8/13/2015 12:03:30 AM",,,"c:\users\mac_1\desktop\winevt\logs\microsoft-windows-application-experience%4program-inventory.evtx","System.UInt32[]","System.Diagnostics.Eventing.Reader.EventBookmark","Information","Info",,"System.Collections.ObjectModel.ReadOnlyCollection`1[System.String]","System.Collections.Generic.List`1[System.Diagnostics.Eventing.Reader.EventProperty]"
"An instance of Program Data Updater (PDU) ran with the following information: StartTime: ?2015?-?07?-?30T06:59:39.507324100Z, StopTime: ?2015?-?07?-?30T07:02:15.762261400Z, ExitCode: 528, Number of new programs: 0, Number of removed programs: 0, Number of updated programs: 0, Number of installed programs: 0, Number of new orphan files: 0, Number of new add-ons: 0, Number of removed add-ons: 0, Number of updated add-ons: 0, Number of installed add-ons: 0, Number of new installations: 0","800","0",,"4","0","0","576460752303423488","928","Microsoft-Windows-Application-Experience","eef54e71-0661-422d-9a98-82fd4940b820","Microsoft-Windows-Application-Experience/Program-Inventory","5984","5204","rjaf-PC4429","S-1-5-18","7/30/2015 12:02:15 AM",,,"c:\users\mac_1\desktop\winevt\logs\microsoft-windows-application-experience%4program-inventory.evtx","System.UInt32[]","System.Diagnostics.Eventing.Reader.EventBookmark","Information","Info",,"System.Collections.ObjectModel.ReadOnlyCollection`1[System.String]","System.Collections.Generic.List`1[System.Diagnostics.Eventing.Reader.EventProperty]"
"An instance of Program Data Updater (PDU) ran with the following information: StartTime: ?2015?-?07?-?28T06:47:59.813476200Z, StopTime: ?2015?-?07?-?28T06:50:10.054925500Z, ExitCode: 528, Number of new programs: 0, Number of removed programs: 0, Number of updated programs: 0, Number of installed programs: 0, Number of new orphan files: 0, Number of new add-ons: 0, Number of removed add-ons: 0, Number of updated add-ons: 0, Number of installed add-ons: 0, Number of new installations: 0","800","0",,"4","0","0","576460752303423488","927","Microsoft-Windows-Application-Experience","eef54e71-0661-422d-9a98-82fd4940b820","Microsoft-Windows-Application-Experience/Program-Inventory","4780","5608","rjaf-PC4429","S-1-5-18","7/27/2015 11:50:10 PM",,,"c:\users\mac_1\desktop\winevt\logs\microsoft-windows-application-experience%4program-inventory.evtx","System.UInt32[]","System.Diagnostics.Eventing.Reader.EventBookmark","Information","Info",,"System.Collections.ObjectModel.ReadOnlyCollection`1[System.String]","System.Collections.Generic.List`1[System.Diagnostics.Eventing.Reader.EventProperty]"
"An instance of Program Data Updater (PDU) ran with the following information: StartTime: ?2015?-?07?-?27T07:45:17.072516900Z, StopTime: ?2015?-?07?-?27T07:47:22.529692600Z, ExitCode: 528, Number of new programs: 0, Number of removed programs: 0, Number of updated programs: 0, Number of installed programs: 0, Number of new orphan files: 0, Number of new add-ons: 0, Number of removed add-ons: 0, Number of updated add-ons: 0, Number of installed add-ons: 0, Number of new installations: 0","800","0",,"4","0","0","576460752303423488","926","Microsoft-Windows-Application-Experience","eef54e71-0661-422d-9a98-82fd4940b820","Microsoft-Windows-Application-Experience/Program-Inventory","3288","2580","rjaf-PC4429","S-1-5-18","7/27/2015 12:47:22 AM",,,"c:\users\mac_1\desktop\winevt\logs\microsoft-windows-application-experience%4program-inventory.evtx","System.UInt32[]","System.Diagnostics.Eventing.Reader.EventBookmark","Information","Info",,"System.Collections.ObjectModel.ReadOnlyCollection`1[System.String]","System.Collections.Generic.List`1[System.Diagnostics.Eventing.Reader.EventProperty]"
"An instance of Program Data Updater (PDU) ran with the following information: StartTime: ?2015?-?07?-?23T12:13:21.842527900Z, StopTime: ?2015?-?07?-?23T12:16:32.621439800Z, ExitCode: 528, Number of new programs: 0, Number of removed programs: 0, Number of updated programs: 0, Number of installed programs: 0, Number of new orphan files: 0, Number of new add-ons: 0, Number of removed add-ons: 0, Number of updated add-ons: 0, Number of installed add-ons: 0, Number of new installations: 0","800","0",,"4","0","0","576460752303423488","925","Microsoft-Windows-Application-Experience","eef54e71-0661-422d-9a98-82fd4940b820","Microsoft-Windows-Application-Experience/Program-Inventory","4472","1372","rjaf-PC4429","S-1-5-18","7/23/2015 5:16:32 AM",,,"c:\users\mac_1\desktop\winevt\logs\microsoft-windows-application-experience%4program-inventory.evtx","System.UInt32[]","System.Diagnostics.Eventing.Reader.EventBookmark","Information","Info",,"System.Collections.ObjectModel.ReadOnlyCollection`1[System.String]","System.Collections.Generic.List`1[System.Diagnostics.Eventing.Reader.EventProperty]"
"An instance of Program Data Updater (PDU) ran with the following information: StartTime: ?2015?-?06?-?30T07:38:42.608973300Z, StopTime: ?2015?-?06?-?30T07:48:54.058089800Z, ExitCode: 528, Number of new programs: 0, Number of removed programs: 0, Number of updated programs: 0, Number of installed programs: 0, Number of new orphan files: 0, Number of new add-ons: 0, Number of removed add-ons: 0, Number of updated add-ons: 0, Number of installed add-ons: 0, Number of new installations: 0","800","0",,"4","0","0","576460752303423488","924","Microsoft-Windows-Application-Experience","eef54e71-0661-422d-9a98-82fd4940b820","Microsoft-Windows-Application-Experience/Program-Inventory","4828","5200","rjaf-PC4429","S-1-5-18","6/30/2015 12:48:54 AM",,,"c:\users\mac_1\desktop\winevt\logs\microsoft-windows-application-experience%4program-inventory.evtx","System.UInt32[]","System.Diagnostics.Eventing.Reader.EventBookmark","Information","Info",,"System.Collections.ObjectModel.ReadOnlyCollection`1[System.String]","System.Collections.Generic.List`1[System.Diagnostics.Eventing.Reader.EventProperty]"
"An instance of Program Data Updater (PDU) ran with the following information: StartTime: ?2015?-?06?-?29T21:54:04.159895000Z, StopTime: ?2015?-?06?-?29T22:03:49.816123700Z, ExitCode: 528, Number of new programs: 0, Number of removed programs: 0, Number of updated programs: 0, Number of installed programs: 0, Number of new orphan files: 0, Number of new add-ons: 0, Number of removed add-ons: 0, Number of updated add-ons: 0, Number of installed add-ons: 0, Number of new installations: 0","800","0",,"4","0","0","576460752303423488","923","Microsoft-Windows-Application-Experience","eef54e71-0661-422d-9a98-82fd4940b820","Microsoft-Windows-Application-Experience/Program-Inventory","5764","3752","rjaf-PC4429","S-1-5-18","6/29/2015 3:03:49 PM",,,"c:\users\mac_1\desktop\winevt\logs\microsoft-windows-application-experience%4program-inventory.evtx","System.UInt32[]","System.Diagnostics.Eventing.Reader.EventBookmark","Information","Info",,"System.Collections.ObjectModel.ReadOnlyCollection`1[System.String]","System.Collections.Generic.List`1[System.Diagnostics.Eventing.Reader.EventProperty]"
"An instance of Program Data Updater (PDU) ran with the following information: StartTime: ?2015?-?06?-?29T07:08:37.599603400Z, StopTime: ?2015?-?06?-?29T07:16:43.246380800Z, ExitCode: 528, Number of new programs: 0, Number of removed programs: 0, Number of updated programs: 0, Number of installed programs: 0, Number of new orphan files: 0, Number of new add-ons: 0, Number of removed add-ons: 0, Number of updated add-ons: 0, Number of installed add-ons: 0, Number of new installations: 0","800","0",,"4","0","0","576460752303423488","922","Microsoft-Windows-Application-Experience","eef54e71-0661-422d-9a98-82fd4940b820","Microsoft-Windows-Application-Experience/Program-Inventory","5092","5540","rjaf-PC4429","S-1-5-18","6/29/2015 12:16:43 AM",,,"c:\users\mac_1\desktop\winevt\logs\microsoft-windows-application-experience%4program-inventory.evtx","System.UInt32[]","System.Diagnostics.Eventing.Reader.EventBookmark","Information","Info",,"System.Collections.ObjectModel.ReadOnlyCollection`1[System.String]","System.Collections.Generic.List`1[System.Diagnostics.Eventing.Reader.EventProperty]"
"An instance of Program Data Updater (PDU) ran with the following information: StartTime: ?2015?-?06?-?28T22:21:40.143099100Z, StopTime: ?2015?-?06?-?28T22:30:17.440007700Z, ExitCode: 528, Number of new programs: 0, Number of removed programs: 0, Number of updated programs: 0, Number of installed programs: 0, Number of new orphan files: 0, Number of new add-ons: 0, Number of removed add-ons: 0, Number of updated add-ons: 0, Number of installed add-ons: 0, Number of new installations: 0","800","0",,"4","0","0","576460752303423488","921","Microsoft-Windows-Application-Experience","eef54e71-0661-422d-9a98-82fd4940b820","Microsoft-Windows-Application-Experience/Program-Inventory","6036","5848","rjaf-PC4429","S-1-5-18","6/28/2015 3:30:17 PM",,,"c:\users\mac_1\desktop\winevt\logs\microsoft-windows-application-experience%4program-inventory.evtx","System.UInt32[]","System.Diagnostics.Eventing.Reader.EventBookmark","Information","Info",,"System.Collections.ObjectModel.ReadOnlyCollection`1[System.String]","System.Collections.Generic.List`1[System.Diagnostics.Eventing.Reader.EventProperty]"
"An instance of Program Data Updater (PDU) ran with the following information: StartTime: ?2015?-?06?-?28T21:20:07.023812500Z, StopTime: ?2015?-?06?-?28T21:29:22.197587600Z, ExitCode: 528, Number of new programs: 0, Number of removed programs: 0, Number of updated programs: 0, Number of installed programs: 0, Number of new orphan files: 0, Number of new add-ons: 0, Number of removed add-ons: 0, Number of updated add-ons: 0, Number of installed add-ons: 0, Number of new installations: 0","800","0",,"4","0","0","576460752303423488","920","Microsoft-Windows-Application-Experience","eef54e71-0661-422d-9a98-82fd4940b820","Microsoft-Windows-Application-Experience/Program-Inventory","2436","756","rjaf-PC4429","S-1-5-18","6/28/2015 2:29:22 PM",,,"c:\users\mac_1\desktop\winevt\logs\microsoft-windows-application-experience%4program-inventory.evtx","System.UInt32[]","System.Diagnostics.Eventing.Reader.EventBookmark","Information","Info",,"System.Collections.ObjectModel.ReadOnlyCollection`1[System.String]","System.Collections.Generic.List`1[System.Diagnostics.Eventing.Reader.EventProperty]"
"An instance of Program Data Updater (PDU) ran with the following information: StartTime: ?2015?-?06?-?28T10:43:35.426208900Z, StopTime: ?2015?-?06?-?28T10:52:10.913514300Z, ExitCode: 528, Number of new programs: 0, Number of removed programs: 0, Number of updated programs: 0, Number of installed programs: 0, Number of new orphan files: 0, Number of new add-ons: 0, Number of removed add-ons: 0, Number of updated add-ons: 0, Number of installed add-ons: 0, Number of new installations: 0","800","0",,"4","0","0","576460752303423488","919","Microsoft-Windows-Application-Experience","eef54e71-0661-422d-9a98-82fd4940b820","Microsoft-Windows-Application-Experience/Program-Inventory","4200","332","rjaf-PC4429","S-1-5-18","6/28/2015 3:52:10 AM",,,"c:\users\mac_1\desktop\winevt\logs\microsoft-windows-application-experience%4program-inventory.evtx","System.UInt32[]","System.Diagnostics.Eventing.Reader.EventBookmark","Information","Info",,"System.Collections.ObjectModel.ReadOnlyCollection`1[System.String]","System.Collections.Generic.List`1[System.Diagnostics.Eventing.Reader.EventProperty]"
"An instance of Program Data Updater (PDU) ran with the following information: StartTime: ?2015?-?06?-?28T09:32:38.007152100Z, StopTime: ?2015?-?06?-?28T09:41:12.402434600Z, ExitCode: 528, Number of new programs: 0, Number of removed programs: 0, Number of updated programs: 0, Number of installed programs: 0, Number of new orphan files: 0, Number of new add-ons: 0, Number of removed add-ons: 0, Number of updated add-ons: 0, Number of installed add-ons: 0, Number of new installations: 0","800","0",,"4","0","0","576460752303423488","918","Microsoft-Windows-Application-Experience","eef54e71-0661-422d-9a98-82fd4940b820","Microsoft-Windows-Application-Experience/Program-Inventory","2088","692","rjaf-PC4429","S-1-5-18","6/28/2015 2:41:12 AM",,,"c:\users\mac_1\desktop\winevt\logs\microsoft-windows-application-experience%4program-inventory.evtx","System.UInt32[]","System.Diagnostics.Eventing.Reader.EventBookmark","Information","Info",,"System.Collections.ObjectModel.ReadOnlyCollection`1[System.String]","System.Collections.Generic.List`1[System.Diagnostics.Eventing.Reader.EventProperty]"
"An instance of Program Data Updater (PDU) ran with the following information: StartTime: ?2015?-?06?-?25T07:26:52.717077100Z, StopTime: ?2015?-?06?-?25T07:33:52.994115600Z, ExitCode: 528, Number of new programs: 0, Number of removed programs: 0, Number of updated programs: 0, Number of installed programs: 0, Number of new orphan files: 0, Number of new add-ons: 0, Number of removed add-ons: 0, Number of updated add-ons: 0, Number of installed add-ons: 0, Number of new installations: 0","800","0",,"4","0","0","576460752303423488","917","Microsoft-Windows-Application-Experience","eef54e71-0661-422d-9a98-82fd4940b820","Microsoft-Windows-Application-Experience/Program-Inventory","3836","888","rjaf-PC4429","S-1-5-18","6/25/2015 12:33:52 AM",,,"c:\users\mac_1\desktop\winevt\logs\microsoft-windows-application-experience%4program-inventory.evtx","System.UInt32[]","System.Diagnostics.Eventing.Reader.EventBookmark","Information","Info",,"System.Collections.ObjectModel.ReadOnlyCollection`1[System.String]","System.Collections.Generic.List`1[System.Diagnostics.Eventing.Reader.EventProperty]"
"An instance of Program Data Updater (PDU) ran with the following information: StartTime: ?2015?-?06?-?25T00:22:41.314586100Z, StopTime: ?2015?-?06?-?25T00:32:05.988777900Z, ExitCode: 528, Number of new programs: 0, Number of removed programs: 0, Number of updated programs: 0, Number of installed programs: 0, Number of new orphan files: 0, Number of new add-ons: 0, Number of removed add-ons: 0, Number of updated add-ons: 0, Number of installed add-ons: 0, Number of new installations: 0","800","0",,"4","0","0","576460752303423488","916","Microsoft-Windows-Application-Experience","eef54e71-0661-422d-9a98-82fd4940b820","Microsoft-Windows-Application-Experience/Program-Inventory","3560","5240","rjaf-PC4429","S-1-5-18","6/24/2015 5:32:05 PM",,,"c:\users\mac_1\desktop\winevt\logs\microsoft-windows-application-experience%4program-inventory.evtx","System.UInt32[]","System.Diagnostics.Eventing.Reader.EventBookmark","Information","Info",,"System.Collections.ObjectModel.ReadOnlyCollection`1[System.String]","System.Collections.Generic.List`1[System.Diagnostics.Eventing.Reader.EventProperty]"
"An instance of Program Data Updater (PDU) ran with the following information: StartTime: ?2015?-?06?-?24T00:01:42.610286800Z, StopTime: ?2015?-?06?-?24T00:11:17.096145600Z, ExitCode: 528, Number of new programs: 0, Number of removed programs: 0, Number of updated programs: 0, Number of installed programs: 0, Number of new orphan files: 0, Number of new add-ons: 0, Number of removed add-ons: 0, Number of updated add-ons: 0, Number of installed add-ons: 0, Number of new installations: 0","800","0",,"4","0","0","576460752303423488","915","Microsoft-Windows-Application-Experience","eef54e71-0661-422d-9a98-82fd4940b820","Microsoft-Windows-Application-Experience/Program-Inventory","3920","1284","rjaf-PC4429","S-1-5-18","6/23/2015 5:11:17 PM",,,"c:\users\mac_1\desktop\winevt\logs\microsoft-windows-application-experience%4program-inventory.evtx","System.UInt32[]","System.Diagnostics.Eventing.Reader.EventBookmark","Information","Info",,"System.Collections.ObjectModel.ReadOnlyCollection`1[System.String]","System.Collections.Generic.List`1[System.Diagnostics.Eventing.Reader.EventProperty]"
"An instance of Program Data Updater (PDU) ran with the following information: StartTime: ?2015?-?06?-?23T23:33:33.514676100Z, StopTime: ?2015?-?06?-?23T23:43:21.543309400Z, ExitCode: 528, Number of new programs: 0, Number of removed programs: 0, Number of updated programs: 0, Number of installed programs: 0, Number of new orphan files: 0, Number of new add-ons: 0, Number of removed add-ons: 0, Number of updated add-ons: 0, Number of installed add-ons: 0, Number of new installations: 0","800","0",,"4","0","0","576460752303423488","914","Microsoft-Windows-Application-Experience","eef54e71-0661-422d-9a98-82fd4940b820","Microsoft-Windows-Application-Experience/Program-Inventory","5776","336","rjaf-PC4429","S-1-5-18","6/23/2015 4:43:21 PM",,,"c:\users\mac_1\desktop\winevt\logs\microsoft-windows-application-experience%4program-inventory.evtx","System.UInt32[]","System.Diagnostics.Eventing.Reader.EventBookmark","Information","Info",,"System.Collections.ObjectModel.ReadOnlyCollection`1[System.String]","System.Collections.Generic.List`1[System.Diagnostics.Eventing.Reader.EventProperty]"
"An instance of Program Data Updater (PDU) ran with the following information: StartTime: ?2015?-?06?-?23T07:11:35.594245000Z, StopTime: ?2015?-?06?-?23T07:21:20.688872700Z, ExitCode: 528, Number of new programs: 0, Number of removed programs: 0, Number of updated programs: 0, Number of installed programs: 0, Number of new orphan files: 0, Number of new add-ons: 0, Number of removed add-ons: 0, Number of updated add-ons: 0, Number of installed add-ons: 0, Number of new installations: 0","800","0",,"4","0","0","576460752303423488","913","Microsoft-Windows-Application-Experience","eef54e71-0661-422d-9a98-82fd4940b820","Microsoft-Windows-Application-Experience/Program-Inventory","2940","3480","rjaf-PC4429","S-1-5-18","6/23/2015 12:21:20 AM",,,"c:\users\mac_1\desktop\winevt\logs\microsoft-windows-application-experience%4program-inventory.evtx","System.UInt32[]","System.Diagnostics.Eventing.Reader.EventBookmark","Information","Info",,"System.Collections.ObjectModel.ReadOnlyCollection`1[System.String]","System.Collections.Generic.List`1[System.Diagnostics.Eventing.Reader.EventProperty]"
"An instance of Program Data Updater (PDU) ran with the following information: StartTime: ?2015?-?06?-?22T21:47:52.487654200Z, StopTime: ?2015?-?06?-?22T21:57:28.071575700Z, ExitCode: 528, Number of new programs: 0, Number of removed programs: 0, Number of updated programs: 0, Number of installed programs: 0, Number of new orphan files: 0, Number of new add-ons: 0, Number of removed add-ons: 0, Number of updated add-ons: 0, Number of installed add-ons: 0, Number of new installations: 0","800","0",,"4","0","0","576460752303423488","912","Microsoft-Windows-Application-Experience","eef54e71-0661-422d-9a98-82fd4940b820","Microsoft-Windows-Application-Experience/Program-Inventory","3788","2436","rjaf-PC4429","S-1-5-18","6/22/2015 2:57:28 PM",,,"c:\users\mac_1\desktop\winevt\logs\microsoft-windows-application-experience%4program-inventory.evtx","System.UInt32[]","System.Diagnostics.Eventing.Reader.EventBookmark","Information","Info",,"System.Collections.ObjectModel.ReadOnlyCollection`1[System.String]","System.Collections.Generic.List`1[System.Diagnostics.Eventing.Reader.EventProperty]"
"An instance of Program Data Updater (PDU) ran with the following information: StartTime: ?2015?-?06?-?22T08:41:54.598301000Z, StopTime: ?2015?-?06?-?22T08:53:16.088280000Z, ExitCode: 528, Number of new programs: 0, Number of removed programs: 0, Number of updated programs: 0, Number of installed programs: 0, Number of new orphan files: 0, Number of new add-ons: 0, Number of removed add-ons: 0, Number of updated add-ons: 0, Number of installed add-ons: 0, Number of new installations: 0","800","0",,"4","0","0","576460752303423488","911","Microsoft-Windows-Application-Experience","eef54e71-0661-422d-9a98-82fd4940b820","Microsoft-Windows-Application-Experience/Program-Inventory","5752","3884","rjaf-PC4429","S-1-5-18","6/22/2015 1:53:16 AM",,,"c:\users\mac_1\desktop\winevt\logs\microsoft-windows-application-experience%4program-inventory.evtx","System.UInt32[]","System.Diagnostics.Eventing.Reader.EventBookmark","Information","Info",,"System.Collections.ObjectModel.ReadOnlyCollection`1[System.String]","System.Collections.Generic.List`1[System.Diagnostics.Eventing.Reader.EventProperty]"
"An instance of Program Data Updater (PDU) ran with the following information: StartTime: ?2015?-?06?-?21T21:41:31.514001400Z, StopTime: ?2015?-?06?-?21T21:52:36.768051800Z, ExitCode: 528, Number of new programs: 0, Number of removed programs: 0, Number of updated programs: 0, Number of installed programs: 0, Number of new orphan files: 0, Number of new add-ons: 0, Number of removed add-ons: 0, Number of updated add-ons: 0, Number of installed add-ons: 0, Number of new installations: 0","800","0",,"4","0","0","576460752303423488","910","Microsoft-Windows-Application-Experience","eef54e71-0661-422d-9a98-82fd4940b820","Microsoft-Windows-Application-Experience/Program-Inventory","5352","208","rjaf-PC4429","S-1-5-18","6/21/2015 2:52:36 PM",,,"c:\users\mac_1\desktop\winevt\logs\microsoft-windows-application-experience%4program-inventory.evtx","System.UInt32[]","System.Diagnostics.Eventing.Reader.EventBookmark","Information","Info",,"System.Collections.ObjectModel.ReadOnlyCollection`1[System.String]","System.Collections.Generic.List`1[System.Diagnostics.Eventing.Reader.EventProperty]"
"An instance of Program Data Updater (PDU) ran with the following information: StartTime: ?2015?-?06?-?21T10:01:14.144691000Z, StopTime: ?2015?-?06?-?21T10:11:48.474972600Z, ExitCode: 528, Number of new programs: 0, Number of removed programs: 0, Number of updated programs: 0, Number of installed programs: 0, Number of new orphan files: 0, Number of new add-ons: 0, Number of removed add-ons: 0, Number of updated add-ons: 0, Number of installed add-ons: 0, Number of new installations: 0","800","0",,"4","0","0","576460752303423488","909","Microsoft-Windows-Application-Experience","eef54e71-0661-422d-9a98-82fd4940b820","Microsoft-Windows-Application-Experience/Program-Inventory","5644","5992","rjaf-PC4429","S-1-5-18","6/21/2015 3:11:48 AM",,,"c:\users\mac_1\desktop\winevt\logs\microsoft-windows-application-experience%4program-inventory.evtx","System.UInt32[]","System.Diagnostics.Eventing.Reader.EventBookmark","Information","Info",,"System.Collections.ObjectModel.ReadOnlyCollection`1[System.String]","System.Collections.Generic.List`1[System.Diagnostics.Eventing.Reader.EventProperty]"
"An instance of Program Data Updater (PDU) ran with the following information: StartTime: ?2015?-?06?-?21T09:14:57.231860700Z, StopTime: ?2015?-?06?-?21T09:26:05.691094400Z, ExitCode: 528, Number of new programs: 0, Number of removed programs: 0, Number of updated programs: 0, Number of installed programs: 0, Number of new orphan files: 0, Number of new add-ons: 0, Number of removed add-ons: 0, Number of updated add-ons: 0, Number of installed add-ons: 0, Number of new installations: 0","800","0",,"4","0","0","576460752303423488","908","Microsoft-Windows-Application-Experience","eef54e71-0661-422d-9a98-82fd4940b820","Microsoft-Windows-Application-Experience/Program-Inventory","2772","1252","rjaf-PC4429","S-1-5-18","6/21/2015 2:26:05 AM",,,"c:\users\mac_1\desktop\winevt\logs\microsoft-windows-application-experience%4program-inventory.evtx","System.UInt32[]","System.Diagnostics.Eventing.Reader.EventBookmark","Information","Info",,"System.Collections.ObjectModel.ReadOnlyCollection`1[System.String]","System.Collections.Generic.List`1[System.Diagnostics.Eventing.Reader.EventProperty]"
"An instance of Program Data Updater (PDU) ran with the following information: StartTime: ?2015?-?06?-?17T22:59:00.720612200Z, StopTime: ?2015?-?06?-?17T23:10:03.804538400Z, ExitCode: 528, Number of new programs: 0, Number of removed programs: 0, Number of updated programs: 0, Number of installed programs: 0, Number of new orphan files: 0, Number of new add-ons: 0, Number of removed add-ons: 0, Number of updated add-ons: 0, Number of installed add-ons: 0, Number of new installations: 0","800","0",,"4","0","0","576460752303423488","907","Microsoft-Windows-Application-Experience","eef54e71-0661-422d-9a98-82fd4940b820","Microsoft-Windows-Application-Experience/Program-Inventory","6032","4236","rjaf-PC4429","S-1-5-18","6/17/2015 4:10:03 PM",,,"c:\users\mac_1\desktop\winevt\logs\microsoft-windows-application-experience%4program-inventory.evtx","System.UInt32[]","System.Diagnostics.Eventing.Reader.EventBookmark","Information","Info",,"System.Collections.ObjectModel.ReadOnlyCollection`1[System.String]","System.Collections.Generic.List`1[System.Diagnostics.Eventing.Reader.EventProperty]"
"An instance of Program Data Updater (PDU) ran with the following information: StartTime: ?2015?-?06?-?17T06:52:52.614301900Z, StopTime: ?2015?-?06?-?17T07:04:01.192542400Z, ExitCode: 528, Number of new programs: 0, Number of removed programs: 0, Number of updated programs: 0, Number of installed programs: 0, Number of new orphan files: 0, Number of new add-ons: 0, Number of removed add-ons: 0, Number of updated add-ons: 0, Number of installed add-ons: 0, Number of new installations: 0","800","0",,"4","0","0","576460752303423488","906","Microsoft-Windows-Application-Experience","eef54e71-0661-422d-9a98-82fd4940b820","Microsoft-Windows-Application-Experience/Program-Inventory","392","5828","rjaf-PC4429","S-1-5-18","6/17/2015 12:04:01 AM",,,"c:\users\mac_1\desktop\winevt\logs\microsoft-windows-application-experience%4program-inventory.evtx","System.UInt32[]","System.Diagnostics.Eventing.Reader.EventBookmark","Information","Info",,"System.Collections.ObjectModel.ReadOnlyCollection`1[System.String]","System.Collections.Generic.List`1[System.Diagnostics.Eventing.Reader.EventProperty]"
"An instance of Program Data Updater (PDU) ran with the following information: StartTime: ?2015?-?06?-?16T12:08:55.217087700Z, StopTime: ?2015?-?06?-?16T12:18:16.646473800Z, ExitCode: 528, Number of new programs: 0, Number of removed programs: 0, Number of updated programs: 0, Number of installed programs: 0, Number of new orphan files: 0, Number of new add-ons: 0, Number of removed add-ons: 0, Number of updated add-ons: 0, Number of installed add-ons: 0, Number of new installations: 0","800","0",,"4","0","0","576460752303423488","905","Microsoft-Windows-Application-Experience","eef54e71-0661-422d-9a98-82fd4940b820","Microsoft-Windows-Application-Experience/Program-Inventory","4692","5748","rjaf-PC4429","S-1-5-18","6/16/2015 5:18:16 AM",,,"c:\users\mac_1\desktop\winevt\logs\microsoft-windows-application-experience%4program-inventory.evtx","System.UInt32[]","System.Diagnostics.Eventing.Reader.EventBookmark","Information","Info",,"System.Collections.ObjectModel.ReadOnlyCollection`1[System.String]","System.Collections.Generic.List`1[System.Diagnostics.Eventing.Reader.EventProperty]"
"An instance of Program Data Updater (PDU) ran with the following information: StartTime: ?2015?-?06?-?16T11:54:08.027929400Z, StopTime: ?2015?-?06?-?16T12:03:32.062520100Z, ExitCode: 528, Number of new programs: 0, Number of removed programs: 0, Number of updated programs: 0, Number of installed programs: 0, Number of new orphan files: 0, Number of new add-ons: 0, Number of removed add-ons: 0, Number of updated add-ons: 0, Number of installed add-ons: 0, Number of new installations: 0","800","0",,"4","0","0","576460752303423488","904","Microsoft-Windows-Application-Experience","eef54e71-0661-422d-9a98-82fd4940b820","Microsoft-Windows-Application-Experience/Program-Inventory","392","6068","rjaf-PC4429","S-1-5-18","6/16/2015 5:03:32 AM",,,"c:\users\mac_1\desktop\winevt\logs\microsoft-windows-application-experience%4program-inventory.evtx","System.UInt32[]","System.Diagnostics.Eventing.Reader.EventBookmark","Information","Info",,"System.Collections.ObjectModel.ReadOnlyCollection`1[System.String]","System.Collections.Generic.List`1[System.Diagnostics.Eventing.Reader.EventProperty]"
"An instance of Program Data Updater (PDU) ran with the following information: StartTime: ?2015?-?06?-?15T09:18:38.552309200Z, StopTime: ?2015?-?06?-?15T09:26:16.740714000Z, ExitCode: 528, Number of new programs: 0, Number of removed programs: 0, Number of updated programs: 0, Number of installed programs: 0, Number of new orphan files: 0, Number of new add-ons: 0, Number of removed add-ons: 0, Number of updated add-ons: 0, Number of installed add-ons: 0, Number of new installations: 0","800","0",,"4","0","0","576460752303423488","903","Microsoft-Windows-Application-Experience","eef54e71-0661-422d-9a98-82fd4940b820","Microsoft-Windows-Application-Experience/Program-Inventory","948","4256","rjaf-PC4429","S-1-5-18","6/15/2015 2:26:16 AM",,,"c:\users\mac_1\desktop\winevt\logs\microsoft-windows-application-experience%4program-inventory.evtx","System.UInt32[]","System.Diagnostics.Eventing.Reader.EventBookmark","Information","Info",,"System.Collections.ObjectModel.ReadOnlyCollection`1[System.String]","System.Collections.Generic.List`1[System.Diagnostics.Eventing.Reader.EventProperty]"
"An instance of Program Data Updater (PDU) ran with the following information: StartTime: ?2015?-?06?-?15T07:59:00.139561100Z, StopTime: ?2015?-?06?-?15T08:08:29.132103300Z, ExitCode: 528, Number of new programs: 0, Number of removed programs: 0, Number of updated programs: 0, Number of installed programs: 0, Number of new orphan files: 0, Number of new add-ons: 0, Number of removed add-ons: 0, Number of updated add-ons: 0, Number of installed add-ons: 0, Number of new installations: 0","800","0",,"4","0","0","576460752303423488","902","Microsoft-Windows-Application-Experience","eef54e71-0661-422d-9a98-82fd4940b820","Microsoft-Windows-Application-Experience/Program-Inventory","4064","1892","rjaf-PC4429","S-1-5-18","6/15/2015 1:08:29 AM",,,"c:\users\mac_1\desktop\winevt\logs\microsoft-windows-application-experience%4program-inventory.evtx","System.UInt32[]","System.Diagnostics.Eventing.Reader.EventBookmark","Information","Info",,"System.Collections.ObjectModel.ReadOnlyCollection`1[System.String]","System.Collections.Generic.List`1[System.Diagnostics.Eventing.Reader.EventProperty]"
"An instance of Program Data Updater (PDU) ran with the following information: StartTime: ?2015?-?06?-?14T11:07:49.606562400Z, StopTime: ?2015?-?06?-?14T11:17:21.051166100Z, ExitCode: 528, Number of new programs: 0, Number of removed programs: 0, Number of updated programs: 0, Number of installed programs: 0, Number of new orphan files: 0, Number of new add-ons: 0, Number of removed add-ons: 0, Number of updated add-ons: 0, Number of installed add-ons: 0, Number of new installations: 0","800","0",,"4","0","0","576460752303423488","901","Microsoft-Windows-Application-Experience","eef54e71-0661-422d-9a98-82fd4940b820","Microsoft-Windows-Application-Experience/Program-Inventory","5488","5448","rjaf-PC4429","S-1-5-18","6/14/2015 4:17:21 AM",,,"c:\users\mac_1\desktop\winevt\logs\microsoft-windows-application-experience%4program-inventory.evtx","System.UInt32[]","System.Diagnostics.Eventing.Reader.EventBookmark","Information","Info",,"System.Collections.ObjectModel.ReadOnlyCollection`1[System.String]","System.Collections.Generic.List`1[System.Diagnostics.Eventing.Reader.EventProperty]"
"An instance of Program Data Updater (PDU) ran with the following information: StartTime: ?2015?-?06?-?13T10:15:42.725930900Z, StopTime: ?2015?-?06?-?13T10:23:09.707317400Z, ExitCode: 528, Number of new programs: 0, Number of removed programs: 0, Number of updated programs: 0, Number of installed programs: 0, Number of new orphan files: 0, Number of new add-ons: 0, Number of removed add-ons: 0, Number of updated add-ons: 0, Number of installed add-ons: 0, Number of new installations: 0","800","0",,"4","0","0","576460752303423488","900","Microsoft-Windows-Application-Experience","eef54e71-0661-422d-9a98-82fd4940b820","Microsoft-Windows-Application-Experience/Program-Inventory","4880","6112","rjaf-PC4429","S-1-5-18","6/13/2015 3:23:09 AM",,,"c:\users\mac_1\desktop\winevt\logs\microsoft-windows-application-experience%4program-inventory.evtx","System.UInt32[]","System.Diagnostics.Eventing.Reader.EventBookmark","Information","Info",,"System.Collections.ObjectModel.ReadOnlyCollection`1[System.String]","System.Collections.Generic.List`1[System.Diagnostics.Eventing.Reader.EventProperty]"
"An instance of Program Data Updater (PDU) ran with the following information: StartTime: ?2015?-?06?-?13T09:45:51.166177800Z, StopTime: ?2015?-?06?-?13T09:54:09.186254600Z, ExitCode: 528, Number of new programs: 0, Number of removed programs: 0, Number of updated programs: 0, Number of installed programs: 0, Number of new orphan files: 0, Number of new add-ons: 0, Number of removed add-ons: 0, Number of updated add-ons: 0, Number of installed add-ons: 0, Number of new installations: 0","800","0",,"4","0","0","576460752303423488","899","Microsoft-Windows-Application-Experience","eef54e71-0661-422d-9a98-82fd4940b820","Microsoft-Windows-Application-Experience/Program-Inventory","4800","2712","rjaf-PC4429","S-1-5-18","6/13/2015 2:54:09 AM",,,"c:\users\mac_1\desktop\winevt\logs\microsoft-windows-application-experience%4program-inventory.evtx","System.UInt32[]","System.Diagnostics.Eventing.Reader.EventBookmark","Information","Info",,"System.Collections.ObjectModel.ReadOnlyCollection`1[System.String]","System.Collections.Generic.List`1[System.Diagnostics.Eventing.Reader.EventProperty]"
"An instance of Program Data Updater (PDU) ran with the following information: StartTime: ?2015?-?06?-?10T08:49:03.601424600Z, StopTime: ?2015?-?06?-?10T08:56:17.212190500Z, ExitCode: 528, Number of new programs: 0, Number of removed programs: 0, Number of updated programs: 0, Number of installed programs: 0, Number of new orphan files: 0, Number of new add-ons: 0, Number of removed add-ons: 0, Number of updated add-ons: 0, Number of installed add-ons: 0, Number of new installations: 0","800","0",,"4","0","0","576460752303423488","898","Microsoft-Windows-Application-Experience","eef54e71-0661-422d-9a98-82fd4940b820","Microsoft-Windows-Application-Experience/Program-Inventory","5656","6024","rjaf-PC4429","S-1-5-18","6/10/2015 1:56:17 AM",,,"c:\users\mac_1\desktop\winevt\logs\microsoft-windows-application-experience%4program-inventory.evtx","System.UInt32[]","System.Diagnostics.Eventing.Reader.EventBookmark","Information","Info",,"System.Collections.ObjectModel.ReadOnlyCollection`1[System.String]","System.Collections.Generic.List`1[System.Diagnostics.Eventing.Reader.EventProperty]"
"An instance of Program Data Updater (PDU) ran with the following information: StartTime: ?2015?-?06?-?09T22:19:30.704354300Z, StopTime: ?2015?-?06?-?09T22:26:57.925939800Z, ExitCode: 528, Number of new programs: 0, Number of removed programs: 0, Number of updated programs: 0, Number of installed programs: 0, Number of new orphan files: 0, Number of new add-ons: 0, Number of removed add-ons: 0, Number of updated add-ons: 0, Number of installed add-ons: 0, Number of new installations: 0","800","0",,"4","0","0","576460752303423488","897","Microsoft-Windows-Application-Experience","eef54e71-0661-422d-9a98-82fd4940b820","Microsoft-Windows-Application-Experience/Program-Inventory","5208","312","rjaf-PC4429","S-1-5-18","6/9/2015 3:26:57 PM",,,"c:\users\mac_1\desktop\winevt\logs\microsoft-windows-application-experience%4program-inventory.evtx","System.UInt32[]","System.Diagnostics.Eventing.Reader.EventBookmark","Information","Info",,"System.Collections.ObjectModel.ReadOnlyCollection`1[System.String]","System.Collections.Generic.List`1[System.Diagnostics.Eventing.Reader.EventProperty]"
"An instance of Program Data Updater (PDU) ran with the following information: StartTime: ?2015?-?06?-?09T12:12:16.715464500Z, StopTime: ?2015?-?06?-?09T12:21:15.805611300Z, ExitCode: 528, Number of new programs: 0, Number of removed programs: 0, Number of updated programs: 0, Number of installed programs: 0, Number of new orphan files: 0, Number of new add-ons: 0, Number of removed add-ons: 0, Number of updated add-ons: 0, Number of installed add-ons: 0, Number of new installations: 0","800","0",,"4","0","0","576460752303423488","896","Microsoft-Windows-Application-Experience","eef54e71-0661-422d-9a98-82fd4940b820","Microsoft-Windows-Application-Experience/Program-Inventory","5796","6056","rjaf-PC4429","S-1-5-18","6/9/2015 5:21:15 AM",,,"c:\users\mac_1\desktop\winevt\logs\microsoft-windows-application-experience%4program-inventory.evtx","System.UInt32[]","System.Diagnostics.Eventing.Reader.EventBookmark","Information","Info",,"System.Collections.ObjectModel.ReadOnlyCollection`1[System.String]","System.Collections.Generic.List`1[System.Diagnostics.Eventing.Reader.EventProperty]"
"An instance of Program Data Updater (PDU) ran with the following information: StartTime: ?2015?-?06?-?09T10:21:28.950666700Z, StopTime: ?2015?-?06?-?09T10:31:12.968892500Z, ExitCode: 528, Number of new programs: 0, Number of removed programs: 0, Number of updated programs: 0, Number of installed programs: 0, Number of new orphan files: 0, Number of new add-ons: 0, Number of removed add-ons: 0, Number of updated add-ons: 0, Number of installed add-ons: 0, Number of new installations: 0","800","0",,"4","0","0","576460752303423488","895","Microsoft-Windows-Application-Experience","eef54e71-0661-422d-9a98-82fd4940b820","Microsoft-Windows-Application-Experience/Program-Inventory","6016","6020","rjaf-PC4429","S-1-5-18","6/9/2015 3:31:12 AM",,,"c:\users\mac_1\desktop\winevt\logs\microsoft-windows-application-experience%4program-inventory.evtx","System.UInt32[]","System.Diagnostics.Eventing.Reader.EventBookmark","Information","Info",,"System.Collections.ObjectModel.ReadOnlyCollection`1[System.String]","System.Collections.Generic.List`1[System.Diagnostics.Eventing.Reader.EventProperty]"
"An instance of Program Data Updater (PDU) ran with the following information: StartTime: ?2015?-?06?-?08T12:46:54.013121900Z, StopTime: ?2015?-?06?-?08T12:57:33.770725000Z, ExitCode: 528, Number of new programs: 0, Number of removed programs: 0, Number of updated programs: 0, Number of installed programs: 0, Number of new orphan files: 0, Number of new add-ons: 0, Number of removed add-ons: 0, Number of updated add-ons: 0, Number of installed add-ons: 0, Number of new installations: 0","800","0",,"4","0","0","576460752303423488","894","Microsoft-Windows-Application-Experience","eef54e71-0661-422d-9a98-82fd4940b820","Microsoft-Windows-Application-Experience/Program-Inventory","4536","5292","rjaf-PC4429","S-1-5-18","6/8/2015 5:57:33 AM",,,"c:\users\mac_1\desktop\winevt\logs\microsoft-windows-application-experience%4program-inventory.evtx","System.UInt32[]","System.Diagnostics.Eventing.Reader.EventBookmark","Information","Info",,"System.Collections.ObjectModel.ReadOnlyCollection`1[System.String]","System.Collections.Generic.List`1[System.Diagnostics.Eventing.Reader.EventProperty]"
"An instance of Program Data Updater (PDU) ran with the following information: StartTime: ?2015?-?06?-?07T09:18:52.714997300Z, StopTime: ?2015?-?06?-?07T09:27:26.800286900Z, ExitCode: 528, Number of new programs: 0, Number of removed programs: 0, Number of updated programs: 0, Number of installed programs: 0, Number of new orphan files: 0, Number of new add-ons: 0, Number of removed add-ons: 0, Number of updated add-ons: 0, Number of installed add-ons: 0, Number of new installations: 0","800","0",,"4","0","0","576460752303423488","893","Microsoft-Windows-Application-Experience","eef54e71-0661-422d-9a98-82fd4940b820","Microsoft-Windows-Application-Experience/Program-Inventory","3800","2736","rjaf-PC4429","S-1-5-18","6/7/2015 2:27:26 AM",,,"c:\users\mac_1\desktop\winevt\logs\microsoft-windows-application-experience%4program-inventory.evtx","System.UInt32[]","System.Diagnostics.Eventing.Reader.EventBookmark","Information","Info",,"System.Collections.ObjectModel.ReadOnlyCollection`1[System.String]","System.Collections.Generic.List`1[System.Diagnostics.Eventing.Reader.EventProperty]"
"An instance of Program Data Updater (PDU) ran with the following information: StartTime: ?2015?-?06?-?07T08:51:13.877432800Z, StopTime: ?2015?-?06?-?07T09:00:20.328671600Z, ExitCode: 528, Number of new programs: 0, Number of removed programs: 0, Number of updated programs: 0, Number of installed programs: 0, Number of new orphan files: 0, Number of new add-ons: 0, Number of removed add-ons: 0, Number of updated add-ons: 0, Number of installed add-ons: 0, Number of new installations: 0","800","0",,"4","0","0","576460752303423488","892","Microsoft-Windows-Application-Experience","eef54e71-0661-422d-9a98-82fd4940b820","Microsoft-Windows-Application-Experience/Program-Inventory","2768","6040","rjaf-PC4429","S-1-5-18","6/7/2015 2:00:20 AM",,,"c:\users\mac_1\desktop\winevt\logs\microsoft-windows-application-experience%4program-inventory.evtx","System.UInt32[]","System.Diagnostics.Eventing.Reader.EventBookmark","Information","Info",,"System.Collections.ObjectModel.ReadOnlyCollection`1[System.String]","System.Collections.Generic.List`1[System.Diagnostics.Eventing.Reader.EventProperty]"
"An instance of Program Data Updater (PDU) ran with the following information: StartTime: ?2015?-?06?-?06T16:26:03.538203400Z, StopTime: ?2015?-?06?-?06T16:34:44.735118800Z, ExitCode: 528, Number of new programs: 0, Number of removed programs: 0, Number of updated programs: 0, Number of installed programs: 0, Number of new orphan files: 0, Number of new add-ons: 0, Number of removed add-ons: 0, Number of updated add-ons: 0, Number of installed add-ons: 0, Number of new installations: 0","800","0",,"4","0","0","576460752303423488","891","Microsoft-Windows-Application-Experience","eef54e71-0661-422d-9a98-82fd4940b820","Microsoft-Windows-Application-Experience/Program-Inventory","3084","1696","rjaf-PC4429","S-1-5-18","6/6/2015 9:34:44 AM",,,"c:\users\mac_1\desktop\winevt\logs\microsoft-windows-application-experience%4program-inventory.evtx","System.UInt32[]","System.Diagnostics.Eventing.Reader.EventBookmark","Information","Info",,"System.Collections.ObjectModel.ReadOnlyCollection`1[System.String]","System.Collections.Generic.List`1[System.Diagnostics.Eventing.Reader.EventProperty]"
"An instance of Program Data Updater (PDU) ran with the following information: StartTime: ?2015?-?06?-?06T11:08:02.509321800Z, StopTime: ?2015?-?06?-?06T11:18:04.804569300Z, ExitCode: 528, Number of new programs: 0, Number of removed programs: 0, Number of updated programs: 0, Number of installed programs: 0, Number of new orphan files: 0, Number of new add-ons: 0, Number of removed add-ons: 0, Number of updated add-ons: 0, Number of installed add-ons: 0, Number of new installations: 0","800","0",,"4","0","0","576460752303423488","890","Microsoft-Windows-Application-Experience","eef54e71-0661-422d-9a98-82fd4940b820","Microsoft-Windows-Application-Experience/Program-Inventory","2196","2220","rjaf-PC4429","S-1-5-18","6/6/2015 4:18:04 AM",,,"c:\users\mac_1\desktop\winevt\logs\microsoft-windows-application-experience%4program-inventory.evtx","System.UInt32[]","System.Diagnostics.Eventing.Reader.EventBookmark","Information","Info",,"System.Collections.ObjectModel.ReadOnlyCollection`1[System.String]","System.Collections.Generic.List`1[System.Diagnostics.Eventing.Reader.EventProperty]"
"An instance of Program Data Updater (PDU) ran with the following information: StartTime: ?2015?-?06?-?05T07:46:25.730066900Z, StopTime: ?2015?-?06?-?05T07:53:58.676862500Z, ExitCode: 528, Number of new programs: 0, Number of removed programs: 0, Number of updated programs: 0, Number of installed programs: 0, Number of new orphan files: 0, Number of new add-ons: 0, Number of removed add-ons: 0, Number of updated add-ons: 0, Number of installed add-ons: 0, Number of new installations: 0","800","0",,"4","0","0","576460752303423488","889","Microsoft-Windows-Application-Experience","eef54e71-0661-422d-9a98-82fd4940b820","Microsoft-Windows-Application-Experience/Program-Inventory","5376","4536","rjaf-PC4429","S-1-5-18","6/5/2015 12:53:58 AM",,,"c:\users\mac_1\desktop\winevt\logs\microsoft-windows-application-experience%4program-inventory.evtx","System.UInt32[]","System.Diagnostics.Eventing.Reader.EventBookmark","Information","Info",,"System.Collections.ObjectModel.ReadOnlyCollection`1[System.String]","System.Collections.Generic.List`1[System.Diagnostics.Eventing.Reader.EventProperty]"
"An instance of Program Data Updater (PDU) ran with the following information: StartTime: ?2015?-?06?-?05T05:22:46.142490900Z, StopTime: ?2015?-?06?-?05T05:31:23.596704700Z, ExitCode: 528, Number of new programs: 0, Number of removed programs: 0, Number of updated programs: 0, Number of installed programs: 0, Number of new orphan files: 0, Number of new add-ons: 0, Number of removed add-ons: 0, Number of updated add-ons: 0, Number of installed add-ons: 0, Number of new installations: 0","800","0",,"4","0","0","576460752303423488","888","Microsoft-Windows-Application-Experience","eef54e71-0661-422d-9a98-82fd4940b820","Microsoft-Windows-Application-Experience/Program-Inventory","5416","5420","rjaf-PC4429","S-1-5-18","6/4/2015 10:31:23 PM",,,"c:\users\mac_1\desktop\winevt\logs\microsoft-windows-application-experience%4program-inventory.evtx","System.UInt32[]","System.Diagnostics.Eventing.Reader.EventBookmark","Information","Info",,"System.Collections.ObjectModel.ReadOnlyCollection`1[System.String]","System.Collections.Generic.List`1[System.Diagnostics.Eventing.Reader.EventProperty]"
