"The scripted diagnostic engine executed a diagnostic package located at C:\Windows\diagnostics\system\Device with ID DeviceDiagnostic.","1","0",,"4","0","0","-9223372019674906624","258","Microsoft-Windows-Diagnosis-Scripted","e1dd7e52-621d-44e3-a1ad-0370c2b25946","Microsoft-Windows-Diagnosis-Scripted/Admin","3508","3804","rjaf-PC4429","S-1-5-21-1634558665-2257203147-3060767804-1000","11/28/2014 8:50:25 AM",,,"c:\users\mac_1\desktop\winevt\logs\microsoft-windows-diagnosis-scripted%4admin.evtx","System.UInt32[]","System.Diagnostics.Eventing.Reader.EventBookmark","Information","Info",,"System.Collections.ObjectModel.ReadOnlyCollection`1[System.String]","System.Collections.Generic.List`1[System.Diagnostics.Eventing.Reader.EventProperty]"
"The scripted diagnostic engine executed a diagnostic package located at C:\Windows\diagnostics\system\Audio with ID AudioDiagnostic.","1","0",,"4","0","0","-9223372019674906624","257","Microsoft-Windows-Diagnosis-Scripted","e1dd7e52-621d-44e3-a1ad-0370c2b25946","Microsoft-Windows-Diagnosis-Scripted/Admin","3508","3804","rjaf-PC4429","S-1-5-21-1634558665-2257203147-3060767804-1000","11/28/2014 8:50:25 AM",,,"c:\users\mac_1\desktop\winevt\logs\microsoft-windows-diagnosis-scripted%4admin.evtx","System.UInt32[]","System.Diagnostics.Eventing.Reader.EventBookmark","Information","Info",,"System.Collections.ObjectModel.ReadOnlyCollection`1[System.String]","System.Collections.Generic.List`1[System.Diagnostics.Eventing.Reader.EventProperty]"
"The scripted diagnostic engine executed a diagnostic package located at C:\Windows\diagnostics\system\Device with ID DeviceDiagnostic.","1","0",,"4","0","0","-9223372019674906624","256","Microsoft-Windows-Diagnosis-Scripted","e1dd7e52-621d-44e3-a1ad-0370c2b25946","Microsoft-Windows-Diagnosis-Scripted/Admin","3508","3804","rjaf-PC4429","S-1-5-21-1634558665-2257203147-3060767804-1000","11/28/2014 8:49:35 AM",,,"c:\users\mac_1\desktop\winevt\logs\microsoft-windows-diagnosis-scripted%4admin.evtx","System.UInt32[]","System.Diagnostics.Eventing.Reader.EventBookmark","Information","Info",,"System.Collections.ObjectModel.ReadOnlyCollection`1[System.String]","System.Collections.Generic.List`1[System.Diagnostics.Eventing.Reader.EventProperty]"
"The scripted diagnostic engine executed a diagnostic package located at C:\Windows\diagnostics\system\Audio with ID AudioDiagnostic.","1","0",,"4","0","0","-9223372019674906624","255","Microsoft-Windows-Diagnosis-Scripted","e1dd7e52-621d-44e3-a1ad-0370c2b25946","Microsoft-Windows-Diagnosis-Scripted/Admin","3508","3804","rjaf-PC4429","S-1-5-21-1634558665-2257203147-3060767804-1000","11/28/2014 8:49:35 AM",,,"c:\users\mac_1\desktop\winevt\logs\microsoft-windows-diagnosis-scripted%4admin.evtx","System.UInt32[]","System.Diagnostics.Eventing.Reader.EventBookmark","Information","Info",,"System.Collections.ObjectModel.ReadOnlyCollection`1[System.String]","System.Collections.Generic.List`1[System.Diagnostics.Eventing.Reader.EventProperty]"
"The scripted diagnostic engine executed a diagnostic package located at C:\Windows\diagnostics\system\Device with ID DeviceDiagnostic.","1","0",,"4","0","0","-9223372019674906624","254","Microsoft-Windows-Diagnosis-Scripted","e1dd7e52-621d-44e3-a1ad-0370c2b25946","Microsoft-Windows-Diagnosis-Scripted/Admin","3712","628","rjaf-PC4429","S-1-5-21-1634558665-2257203147-3060767804-1000","11/28/2014 8:49:23 AM",,,"c:\users\mac_1\desktop\winevt\logs\microsoft-windows-diagnosis-scripted%4admin.evtx","System.UInt32[]","System.Diagnostics.Eventing.Reader.EventBookmark","Information","Info",,"System.Collections.ObjectModel.ReadOnlyCollection`1[System.String]","System.Collections.Generic.List`1[System.Diagnostics.Eventing.Reader.EventProperty]"
"The scripted diagnostic engine executed a diagnostic package located at C:\Windows\diagnostics\system\Audio with ID AudioDiagnostic.","1","0",,"4","0","0","-9223372019674906624","253","Microsoft-Windows-Diagnosis-Scripted","e1dd7e52-621d-44e3-a1ad-0370c2b25946","Microsoft-Windows-Diagnosis-Scripted/Admin","3712","628","rjaf-PC4429","S-1-5-21-1634558665-2257203147-3060767804-1000","11/28/2014 8:49:23 AM",,,"c:\users\mac_1\desktop\winevt\logs\microsoft-windows-diagnosis-scripted%4admin.evtx","System.UInt32[]","System.Diagnostics.Eventing.Reader.EventBookmark","Information","Info",,"System.Collections.ObjectModel.ReadOnlyCollection`1[System.String]","System.Collections.Generic.List`1[System.Diagnostics.Eventing.Reader.EventProperty]"
"The scripted diagnostic engine executed a diagnostic package located at C:\Windows\diagnostics\system\Device with ID DeviceDiagnostic.","1","0",,"4","0","0","-9223372019674906624","252","Microsoft-Windows-Diagnosis-Scripted","e1dd7e52-621d-44e3-a1ad-0370c2b25946","Microsoft-Windows-Diagnosis-Scripted/Admin","3712","628","rjaf-PC4429","S-1-5-21-1634558665-2257203147-3060767804-1000","11/28/2014 8:49:12 AM",,,"c:\users\mac_1\desktop\winevt\logs\microsoft-windows-diagnosis-scripted%4admin.evtx","System.UInt32[]","System.Diagnostics.Eventing.Reader.EventBookmark","Information","Info",,"System.Collections.ObjectModel.ReadOnlyCollection`1[System.String]","System.Collections.Generic.List`1[System.Diagnostics.Eventing.Reader.EventProperty]"
"The scripted diagnostic engine executed a diagnostic package located at C:\Windows\diagnostics\system\Audio with ID AudioDiagnostic.","1","0",,"4","0","0","-9223372019674906624","251","Microsoft-Windows-Diagnosis-Scripted","e1dd7e52-621d-44e3-a1ad-0370c2b25946","Microsoft-Windows-Diagnosis-Scripted/Admin","3712","628","rjaf-PC4429","S-1-5-21-1634558665-2257203147-3060767804-1000","11/28/2014 8:49:11 AM",,,"c:\users\mac_1\desktop\winevt\logs\microsoft-windows-diagnosis-scripted%4admin.evtx","System.UInt32[]","System.Diagnostics.Eventing.Reader.EventBookmark","Information","Info",,"System.Collections.ObjectModel.ReadOnlyCollection`1[System.String]","System.Collections.Generic.List`1[System.Diagnostics.Eventing.Reader.EventProperty]"
"The scripted diagnostic engine executed a diagnostic package located at C:\Windows\diagnostics\system\Device with ID DeviceDiagnostic.","1","0",,"4","0","0","-9223372019674906624","250","Microsoft-Windows-Diagnosis-Scripted","e1dd7e52-621d-44e3-a1ad-0370c2b25946","Microsoft-Windows-Diagnosis-Scripted/Admin","2200","2396","rjaf-PC4429","S-1-5-21-1634558665-2257203147-3060767804-1000","11/28/2014 8:49:04 AM",,,"c:\users\mac_1\desktop\winevt\logs\microsoft-windows-diagnosis-scripted%4admin.evtx","System.UInt32[]","System.Diagnostics.Eventing.Reader.EventBookmark","Information","Info",,"System.Collections.ObjectModel.ReadOnlyCollection`1[System.String]","System.Collections.Generic.List`1[System.Diagnostics.Eventing.Reader.EventProperty]"
"The scripted diagnostic engine executed a diagnostic package located at C:\Windows\diagnostics\system\Audio with ID AudioDiagnostic.","1","0",,"4","0","0","-9223372019674906624","249","Microsoft-Windows-Diagnosis-Scripted","e1dd7e52-621d-44e3-a1ad-0370c2b25946","Microsoft-Windows-Diagnosis-Scripted/Admin","2200","2396","rjaf-PC4429","S-1-5-21-1634558665-2257203147-3060767804-1000","11/28/2014 8:49:04 AM",,,"c:\users\mac_1\desktop\winevt\logs\microsoft-windows-diagnosis-scripted%4admin.evtx","System.UInt32[]","System.Diagnostics.Eventing.Reader.EventBookmark","Information","Info",,"System.Collections.ObjectModel.ReadOnlyCollection`1[System.String]","System.Collections.Generic.List`1[System.Diagnostics.Eventing.Reader.EventProperty]"
"The scripted diagnostic engine executed a diagnostic package located at C:\Windows\diagnostics\system\Device with ID DeviceDiagnostic.","1","0",,"4","0","0","-9223372019674906624","248","Microsoft-Windows-Diagnosis-Scripted","e1dd7e52-621d-44e3-a1ad-0370c2b25946","Microsoft-Windows-Diagnosis-Scripted/Admin","2772","3596","rjaf-PC4429","S-1-5-21-1634558665-2257203147-3060767804-1000","11/28/2014 8:48:59 AM",,,"c:\users\mac_1\desktop\winevt\logs\microsoft-windows-diagnosis-scripted%4admin.evtx","System.UInt32[]","System.Diagnostics.Eventing.Reader.EventBookmark","Information","Info",,"System.Collections.ObjectModel.ReadOnlyCollection`1[System.String]","System.Collections.Generic.List`1[System.Diagnostics.Eventing.Reader.EventProperty]"
"The scripted diagnostic engine executed a diagnostic package located at C:\Windows\diagnostics\system\Audio with ID AudioDiagnostic.","1","0",,"4","0","0","-9223372019674906624","247","Microsoft-Windows-Diagnosis-Scripted","e1dd7e52-621d-44e3-a1ad-0370c2b25946","Microsoft-Windows-Diagnosis-Scripted/Admin","2772","3596","rjaf-PC4429","S-1-5-21-1634558665-2257203147-3060767804-1000","11/28/2014 8:48:58 AM",,,"c:\users\mac_1\desktop\winevt\logs\microsoft-windows-diagnosis-scripted%4admin.evtx","System.UInt32[]","System.Diagnostics.Eventing.Reader.EventBookmark","Information","Info",,"System.Collections.ObjectModel.ReadOnlyCollection`1[System.String]","System.Collections.Generic.List`1[System.Diagnostics.Eventing.Reader.EventProperty]"
"The scripted diagnostic engine executed a diagnostic package located at C:\Windows\diagnostics\system\networking with ID NetworkDiagnostics.","1","0",,"4","0","0","-9223372019674906624","246","Microsoft-Windows-Diagnosis-Scripted","e1dd7e52-621d-44e3-a1ad-0370c2b25946","Microsoft-Windows-Diagnosis-Scripted/Admin","2736","1852","rjaf-PC4429","S-1-5-21-1634558665-2257203147-3060767804-1000","11/28/2014 8:38:48 AM",,,"c:\users\mac_1\desktop\winevt\logs\microsoft-windows-diagnosis-scripted%4admin.evtx","System.UInt32[]","System.Diagnostics.Eventing.Reader.EventBookmark","Information","Info",,"System.Collections.ObjectModel.ReadOnlyCollection`1[System.String]","System.Collections.Generic.List`1[System.Diagnostics.Eventing.Reader.EventProperty]"
"The scripted diagnostic engine executed a diagnostic package located at C:\Windows\diagnostics\system\networking with ID NetworkDiagnostics.","1","0",,"4","0","0","-9223372019674906624","245","Microsoft-Windows-Diagnosis-Scripted","e1dd7e52-621d-44e3-a1ad-0370c2b25946","Microsoft-Windows-Diagnosis-Scripted/Admin","2736","388","rjaf-PC4429","S-1-5-21-1634558665-2257203147-3060767804-1000","11/28/2014 8:38:36 AM",,,"c:\users\mac_1\desktop\winevt\logs\microsoft-windows-diagnosis-scripted%4admin.evtx","System.UInt32[]","System.Diagnostics.Eventing.Reader.EventBookmark","Information","Info",,"System.Collections.ObjectModel.ReadOnlyCollection`1[System.String]","System.Collections.Generic.List`1[System.Diagnostics.Eventing.Reader.EventProperty]"
"The scripted diagnostic engine executed a diagnostic package located at C:\Windows\diagnostics\scheduled\Maintenance with ID MaintenanceDiagnostic.","1","0",,"4","0","0","-9223372019674906624","244","Microsoft-Windows-Diagnosis-Scripted","e1dd7e52-621d-44e3-a1ad-0370c2b25946","Microsoft-Windows-Diagnosis-Scripted/Admin","2288","864","rjaf-PC4429","S-1-5-21-1634558665-2257203147-3060767804-1000","11/26/2014 10:12:54 AM",,,"c:\users\mac_1\desktop\winevt\logs\microsoft-windows-diagnosis-scripted%4admin.evtx","System.UInt32[]","System.Diagnostics.Eventing.Reader.EventBookmark","Information","Info",,"System.Collections.ObjectModel.ReadOnlyCollection`1[System.String]","System.Collections.Generic.List`1[System.Diagnostics.Eventing.Reader.EventProperty]"
"The scripted diagnostic engine executed a diagnostic package located at C:\Windows\diagnostics\system\networking with ID NetworkDiagnostics.","1","0",,"4","0","0","-9223372019674906624","243","Microsoft-Windows-Diagnosis-Scripted","e1dd7e52-621d-44e3-a1ad-0370c2b25946","Microsoft-Windows-Diagnosis-Scripted/Admin","4920","4544","rjaf-PC4429","S-1-5-21-1634558665-2257203147-3060767804-1000","11/26/2014 4:35:51 AM",,,"c:\users\mac_1\desktop\winevt\logs\microsoft-windows-diagnosis-scripted%4admin.evtx","System.UInt32[]","System.Diagnostics.Eventing.Reader.EventBookmark","Information","Info",,"System.Collections.ObjectModel.ReadOnlyCollection`1[System.String]","System.Collections.Generic.List`1[System.Diagnostics.Eventing.Reader.EventProperty]"
"The scripted diagnostic engine executed a diagnostic package located at C:\Windows\diagnostics\scheduled\Maintenance with ID MaintenanceDiagnostic.","1","0",,"4","0","0","-9223372019674906624","242","Microsoft-Windows-Diagnosis-Scripted","e1dd7e52-621d-44e3-a1ad-0370c2b25946","Microsoft-Windows-Diagnosis-Scripted/Admin","1336","2112","rjaf-PC4429","S-1-5-21-1634558665-2257203147-3060767804-1000","11/23/2014 2:48:54 AM",,,"c:\users\mac_1\desktop\winevt\logs\microsoft-windows-diagnosis-scripted%4admin.evtx","System.UInt32[]","System.Diagnostics.Eventing.Reader.EventBookmark","Information","Info",,"System.Collections.ObjectModel.ReadOnlyCollection`1[System.String]","System.Collections.Generic.List`1[System.Diagnostics.Eventing.Reader.EventProperty]"
"The scripted diagnostic engine executed a diagnostic package located at C:\Windows\diagnostics\scheduled\Maintenance with ID MaintenanceDiagnostic.","1","0",,"4","0","0","-9223372019674906624","241","Microsoft-Windows-Diagnosis-Scripted","e1dd7e52-621d-44e3-a1ad-0370c2b25946","Microsoft-Windows-Diagnosis-Scripted/Admin","3684","3648","rjaf-PC4429","S-1-5-21-1634558665-2257203147-3060767804-1000","11/16/2014 11:35:31 PM",,,"c:\users\mac_1\desktop\winevt\logs\microsoft-windows-diagnosis-scripted%4admin.evtx","System.UInt32[]","System.Diagnostics.Eventing.Reader.EventBookmark","Information","Info",,"System.Collections.ObjectModel.ReadOnlyCollection`1[System.String]","System.Collections.Generic.List`1[System.Diagnostics.Eventing.Reader.EventProperty]"
"The scripted diagnostic engine executed a diagnostic package located at C:\Windows\diagnostics\scheduled\Maintenance with ID MaintenanceDiagnostic.","1","0",,"4","0","0","-9223372019674906624","240","Microsoft-Windows-Diagnosis-Scripted","e1dd7e52-621d-44e3-a1ad-0370c2b25946","Microsoft-Windows-Diagnosis-Scripted/Admin","324","1020","rjaf-PC4429","S-1-5-21-1634558665-2257203147-3060767804-1000","11/16/2014 6:31:38 AM",,,"c:\users\mac_1\desktop\winevt\logs\microsoft-windows-diagnosis-scripted%4admin.evtx","System.UInt32[]","System.Diagnostics.Eventing.Reader.EventBookmark","Information","Info",,"System.Collections.ObjectModel.ReadOnlyCollection`1[System.String]","System.Collections.Generic.List`1[System.Diagnostics.Eventing.Reader.EventProperty]"
"The scripted diagnostic engine executed a diagnostic package located at C:\Windows\diagnostics\scheduled\Maintenance with ID MaintenanceDiagnostic.","1","0",,"4","0","0","-9223372019674906624","239","Microsoft-Windows-Diagnosis-Scripted","e1dd7e52-621d-44e3-a1ad-0370c2b25946","Microsoft-Windows-Diagnosis-Scripted/Admin","2804","2504","rjaf-PC4429","S-1-5-21-1634558665-2257203147-3060767804-1000","11/15/2014 10:56:28 PM",,,"c:\users\mac_1\desktop\winevt\logs\microsoft-windows-diagnosis-scripted%4admin.evtx","System.UInt32[]","System.Diagnostics.Eventing.Reader.EventBookmark","Information","Info",,"System.Collections.ObjectModel.ReadOnlyCollection`1[System.String]","System.Collections.Generic.List`1[System.Diagnostics.Eventing.Reader.EventProperty]"
"The scripted diagnostic engine executed a diagnostic package located at C:\Windows\diagnostics\system\Device with ID DeviceDiagnostic.","1","0",,"4","0","0","-9223372019674906624","238","Microsoft-Windows-Diagnosis-Scripted","e1dd7e52-621d-44e3-a1ad-0370c2b25946","Microsoft-Windows-Diagnosis-Scripted/Admin","2084","3488","rjaf-PC4429","S-1-5-21-1634558665-2257203147-3060767804-1000","11/15/2014 5:32:14 AM",,,"c:\users\mac_1\desktop\winevt\logs\microsoft-windows-diagnosis-scripted%4admin.evtx","System.UInt32[]","System.Diagnostics.Eventing.Reader.EventBookmark","Information","Info",,"System.Collections.ObjectModel.ReadOnlyCollection`1[System.String]","System.Collections.Generic.List`1[System.Diagnostics.Eventing.Reader.EventProperty]"
"The scripted diagnostic engine executed a diagnostic package located at C:\Windows\diagnostics\system\Audio with ID AudioDiagnostic.","1","0",,"4","0","0","-9223372019674906624","237","Microsoft-Windows-Diagnosis-Scripted","e1dd7e52-621d-44e3-a1ad-0370c2b25946","Microsoft-Windows-Diagnosis-Scripted/Admin","2084","3488","rjaf-PC4429","S-1-5-21-1634558665-2257203147-3060767804-1000","11/15/2014 5:32:14 AM",,,"c:\users\mac_1\desktop\winevt\logs\microsoft-windows-diagnosis-scripted%4admin.evtx","System.UInt32[]","System.Diagnostics.Eventing.Reader.EventBookmark","Information","Info",,"System.Collections.ObjectModel.ReadOnlyCollection`1[System.String]","System.Collections.Generic.List`1[System.Diagnostics.Eventing.Reader.EventProperty]"
"The scripted diagnostic engine executed a diagnostic package located at C:\Windows\diagnostics\system\Device with ID DeviceDiagnostic.","1","0",,"4","0","0","-9223372019674906624","236","Microsoft-Windows-Diagnosis-Scripted","e1dd7e52-621d-44e3-a1ad-0370c2b25946","Microsoft-Windows-Diagnosis-Scripted/Admin","4040","3636","rjaf-PC4429","S-1-5-21-1634558665-2257203147-3060767804-1000","11/15/2014 5:32:05 AM",,,"c:\users\mac_1\desktop\winevt\logs\microsoft-windows-diagnosis-scripted%4admin.evtx","System.UInt32[]","System.Diagnostics.Eventing.Reader.EventBookmark","Information","Info",,"System.Collections.ObjectModel.ReadOnlyCollection`1[System.String]","System.Collections.Generic.List`1[System.Diagnostics.Eventing.Reader.EventProperty]"
"The scripted diagnostic engine executed a diagnostic package located at C:\Windows\diagnostics\system\Audio with ID AudioDiagnostic.","1","0",,"4","0","0","-9223372019674906624","235","Microsoft-Windows-Diagnosis-Scripted","e1dd7e52-621d-44e3-a1ad-0370c2b25946","Microsoft-Windows-Diagnosis-Scripted/Admin","4040","3636","rjaf-PC4429","S-1-5-21-1634558665-2257203147-3060767804-1000","11/15/2014 5:32:05 AM",,,"c:\users\mac_1\desktop\winevt\logs\microsoft-windows-diagnosis-scripted%4admin.evtx","System.UInt32[]","System.Diagnostics.Eventing.Reader.EventBookmark","Information","Info",,"System.Collections.ObjectModel.ReadOnlyCollection`1[System.String]","System.Collections.Generic.List`1[System.Diagnostics.Eventing.Reader.EventProperty]"
"The scripted diagnostic engine executed a diagnostic package located at C:\Windows\diagnostics\scheduled\Maintenance with ID MaintenanceDiagnostic.","1","0",,"4","0","0","-9223372019674906624","234","Microsoft-Windows-Diagnosis-Scripted","e1dd7e52-621d-44e3-a1ad-0370c2b25946","Microsoft-Windows-Diagnosis-Scripted/Admin","3400","2780","rjaf-PC4429","S-1-5-21-1634558665-2257203147-3060767804-1000","11/11/2014 11:17:52 AM",,,"c:\users\mac_1\desktop\winevt\logs\microsoft-windows-diagnosis-scripted%4admin.evtx","System.UInt32[]","System.Diagnostics.Eventing.Reader.EventBookmark","Information","Info",,"System.Collections.ObjectModel.ReadOnlyCollection`1[System.String]","System.Collections.Generic.List`1[System.Diagnostics.Eventing.Reader.EventProperty]"
"The scripted diagnostic engine executed a diagnostic package located at C:\Windows\diagnostics\system\networking with ID NetworkDiagnostics.","1","0",,"4","0","0","-9223372019674906624","233","Microsoft-Windows-Diagnosis-Scripted","e1dd7e52-621d-44e3-a1ad-0370c2b25946","Microsoft-Windows-Diagnosis-Scripted/Admin","1808","3412","rjaf-PC4429","S-1-5-21-1634558665-2257203147-3060767804-1000","11/11/2014 2:49:29 AM",,,"c:\users\mac_1\desktop\winevt\logs\microsoft-windows-diagnosis-scripted%4admin.evtx","System.UInt32[]","System.Diagnostics.Eventing.Reader.EventBookmark","Information","Info",,"System.Collections.ObjectModel.ReadOnlyCollection`1[System.String]","System.Collections.Generic.List`1[System.Diagnostics.Eventing.Reader.EventProperty]"
"The scripted diagnostic engine executed a diagnostic package located at C:\Windows\diagnostics\scheduled\Maintenance with ID MaintenanceDiagnostic.","1","0",,"4","0","0","-9223372019674906624","232","Microsoft-Windows-Diagnosis-Scripted","e1dd7e52-621d-44e3-a1ad-0370c2b25946","Microsoft-Windows-Diagnosis-Scripted/Admin","4260","988","rjaf-PC4429","S-1-5-21-1634558665-2257203147-3060767804-1000","11/9/2014 12:25:23 AM",,,"c:\users\mac_1\desktop\winevt\logs\microsoft-windows-diagnosis-scripted%4admin.evtx","System.UInt32[]","System.Diagnostics.Eventing.Reader.EventBookmark","Information","Info",,"System.Collections.ObjectModel.ReadOnlyCollection`1[System.String]","System.Collections.Generic.List`1[System.Diagnostics.Eventing.Reader.EventProperty]"
"The scripted diagnostic engine executed a diagnostic package located at C:\Windows\diagnostics\scheduled\Maintenance with ID MaintenanceDiagnostic.","1","0",,"4","0","0","-9223372019674906624","231","Microsoft-Windows-Diagnosis-Scripted","e1dd7e52-621d-44e3-a1ad-0370c2b25946","Microsoft-Windows-Diagnosis-Scripted/Admin","3952","3560","rjaf-PC4429","S-1-5-21-1634558665-2257203147-3060767804-1000","11/3/2014 10:35:55 AM",,,"c:\users\mac_1\desktop\winevt\logs\microsoft-windows-diagnosis-scripted%4admin.evtx","System.UInt32[]","System.Diagnostics.Eventing.Reader.EventBookmark","Information","Info",,"System.Collections.ObjectModel.ReadOnlyCollection`1[System.String]","System.Collections.Generic.List`1[System.Diagnostics.Eventing.Reader.EventProperty]"
"The scripted diagnostic engine executed a diagnostic package located at C:\Windows\diagnostics\scheduled\Maintenance with ID MaintenanceDiagnostic.","1","0",,"4","0","0","-9223372019674906624","230","Microsoft-Windows-Diagnosis-Scripted","e1dd7e52-621d-44e3-a1ad-0370c2b25946","Microsoft-Windows-Diagnosis-Scripted/Admin","316","3200","rjaf-PC4429","S-1-5-21-1634558665-2257203147-3060767804-1000","11/2/2014 2:46:41 PM",,,"c:\users\mac_1\desktop\winevt\logs\microsoft-windows-diagnosis-scripted%4admin.evtx","System.UInt32[]","System.Diagnostics.Eventing.Reader.EventBookmark","Information","Info",,"System.Collections.ObjectModel.ReadOnlyCollection`1[System.String]","System.Collections.Generic.List`1[System.Diagnostics.Eventing.Reader.EventProperty]"
"The scripted diagnostic engine executed a diagnostic package located at C:\Windows\diagnostics\scheduled\Maintenance with ID MaintenanceDiagnostic.","1","0",,"4","0","0","-9223372019674906624","229","Microsoft-Windows-Diagnosis-Scripted","e1dd7e52-621d-44e3-a1ad-0370c2b25946","Microsoft-Windows-Diagnosis-Scripted/Admin","11960","5100","rjaf-PC4429","S-1-5-21-1634558665-2257203147-3060767804-1000","11/1/2014 10:44:33 PM",,,"c:\users\mac_1\desktop\winevt\logs\microsoft-windows-diagnosis-scripted%4admin.evtx","System.UInt32[]","System.Diagnostics.Eventing.Reader.EventBookmark","Information","Info",,"System.Collections.ObjectModel.ReadOnlyCollection`1[System.String]","System.Collections.Generic.List`1[System.Diagnostics.Eventing.Reader.EventProperty]"
"The scripted diagnostic engine executed a diagnostic package located at C:\Windows\diagnostics\scheduled\Maintenance with ID MaintenanceDiagnostic.","1","0",,"4","0","0","-9223372019674906624","228","Microsoft-Windows-Diagnosis-Scripted","e1dd7e52-621d-44e3-a1ad-0370c2b25946","Microsoft-Windows-Diagnosis-Scripted/Admin","3652","2548","rjaf-PC4429","S-1-5-21-1634558665-2257203147-3060767804-1000","10/27/2014 1:08:37 AM",,,"c:\users\mac_1\desktop\winevt\logs\microsoft-windows-diagnosis-scripted%4admin.evtx","System.UInt32[]","System.Diagnostics.Eventing.Reader.EventBookmark","Information","Info",,"System.Collections.ObjectModel.ReadOnlyCollection`1[System.String]","System.Collections.Generic.List`1[System.Diagnostics.Eventing.Reader.EventProperty]"
"The scripted diagnostic engine executed a diagnostic package located at C:\Windows\diagnostics\scheduled\Maintenance with ID MaintenanceDiagnostic.","1","0",,"4","0","0","-9223372019674906624","227","Microsoft-Windows-Diagnosis-Scripted","e1dd7e52-621d-44e3-a1ad-0370c2b25946","Microsoft-Windows-Diagnosis-Scripted/Admin","2768","3376","rjaf-PC4429","S-1-5-21-1634558665-2257203147-3060767804-1000","10/21/2014 6:09:03 AM",,,"c:\users\mac_1\desktop\winevt\logs\microsoft-windows-diagnosis-scripted%4admin.evtx","System.UInt32[]","System.Diagnostics.Eventing.Reader.EventBookmark","Information","Info",,"System.Collections.ObjectModel.ReadOnlyCollection`1[System.String]","System.Collections.Generic.List`1[System.Diagnostics.Eventing.Reader.EventProperty]"
"The scripted diagnostic engine executed a diagnostic package located at C:\Windows\diagnostics\scheduled\Maintenance with ID MaintenanceDiagnostic.","1","0",,"4","0","0","-9223372019674906624","226","Microsoft-Windows-Diagnosis-Scripted","e1dd7e52-621d-44e3-a1ad-0370c2b25946","Microsoft-Windows-Diagnosis-Scripted/Admin","2844","1920","rjaf-PC4429","S-1-5-21-1634558665-2257203147-3060767804-1000","10/19/2014 5:47:42 AM",,,"c:\users\mac_1\desktop\winevt\logs\microsoft-windows-diagnosis-scripted%4admin.evtx","System.UInt32[]","System.Diagnostics.Eventing.Reader.EventBookmark","Information","Info",,"System.Collections.ObjectModel.ReadOnlyCollection`1[System.String]","System.Collections.Generic.List`1[System.Diagnostics.Eventing.Reader.EventProperty]"
"The scripted diagnostic engine executed a diagnostic package located at C:\Windows\diagnostics\scheduled\Maintenance with ID MaintenanceDiagnostic.","1","0",,"4","0","0","-9223372019674906624","225","Microsoft-Windows-Diagnosis-Scripted","e1dd7e52-621d-44e3-a1ad-0370c2b25946","Microsoft-Windows-Diagnosis-Scripted/Admin","872","2728","rjaf-PC4429","S-1-5-21-1634558665-2257203147-3060767804-1000","10/15/2014 2:03:27 AM",,,"c:\users\mac_1\desktop\winevt\logs\microsoft-windows-diagnosis-scripted%4admin.evtx","System.UInt32[]","System.Diagnostics.Eventing.Reader.EventBookmark","Information","Info",,"System.Collections.ObjectModel.ReadOnlyCollection`1[System.String]","System.Collections.Generic.List`1[System.Diagnostics.Eventing.Reader.EventProperty]"
"The scripted diagnostic engine executed a diagnostic package located at C:\Windows\diagnostics\system\networking with ID NetworkDiagnostics.","1","0",,"4","0","0","-9223372019674906624","224","Microsoft-Windows-Diagnosis-Scripted","e1dd7e52-621d-44e3-a1ad-0370c2b25946","Microsoft-Windows-Diagnosis-Scripted/Admin","4204","6028","rjaf-PC4429","S-1-5-21-1634558665-2257203147-3060767804-1000","10/12/2014 8:23:06 AM",,,"c:\users\mac_1\desktop\winevt\logs\microsoft-windows-diagnosis-scripted%4admin.evtx","System.UInt32[]","System.Diagnostics.Eventing.Reader.EventBookmark","Information","Info",,"System.Collections.ObjectModel.ReadOnlyCollection`1[System.String]","System.Collections.Generic.List`1[System.Diagnostics.Eventing.Reader.EventProperty]"
"The scripted diagnostic engine executed a diagnostic package located at C:\Windows\diagnostics\scheduled\Maintenance with ID MaintenanceDiagnostic.","1","0",,"4","0","0","-9223372019674906624","223","Microsoft-Windows-Diagnosis-Scripted","e1dd7e52-621d-44e3-a1ad-0370c2b25946","Microsoft-Windows-Diagnosis-Scripted/Admin","344","3804","rjaf-PC4429","S-1-5-21-1634558665-2257203147-3060767804-1000","10/12/2014 8:21:46 AM",,,"c:\users\mac_1\desktop\winevt\logs\microsoft-windows-diagnosis-scripted%4admin.evtx","System.UInt32[]","System.Diagnostics.Eventing.Reader.EventBookmark","Information","Info",,"System.Collections.ObjectModel.ReadOnlyCollection`1[System.String]","System.Collections.Generic.List`1[System.Diagnostics.Eventing.Reader.EventProperty]"
"The scripted diagnostic engine executed a diagnostic package located at C:\Windows\diagnostics\system\networking with ID NetworkDiagnostics.","1","0",,"4","0","0","-9223372019674906624","222","Microsoft-Windows-Diagnosis-Scripted","e1dd7e52-621d-44e3-a1ad-0370c2b25946","Microsoft-Windows-Diagnosis-Scripted/Admin","1652","3012","rjaf-PC4429","S-1-5-21-1634558665-2257203147-3060767804-1000","10/10/2014 4:40:37 AM",,,"c:\users\mac_1\desktop\winevt\logs\microsoft-windows-diagnosis-scripted%4admin.evtx","System.UInt32[]","System.Diagnostics.Eventing.Reader.EventBookmark","Information","Info",,"System.Collections.ObjectModel.ReadOnlyCollection`1[System.String]","System.Collections.Generic.List`1[System.Diagnostics.Eventing.Reader.EventProperty]"
"The scripted diagnostic engine executed a diagnostic package located at C:\Windows\diagnostics\system\Device with ID DeviceDiagnostic.","1","0",,"4","0","0","-9223372019674906624","221","Microsoft-Windows-Diagnosis-Scripted","e1dd7e52-621d-44e3-a1ad-0370c2b25946","Microsoft-Windows-Diagnosis-Scripted/Admin","2472","3508","rjaf-PC4429","S-1-5-21-1634558665-2257203147-3060767804-1000","10/6/2014 6:53:07 AM",,,"c:\users\mac_1\desktop\winevt\logs\microsoft-windows-diagnosis-scripted%4admin.evtx","System.UInt32[]","System.Diagnostics.Eventing.Reader.EventBookmark","Information","Info",,"System.Collections.ObjectModel.ReadOnlyCollection`1[System.String]","System.Collections.Generic.List`1[System.Diagnostics.Eventing.Reader.EventProperty]"
"The scripted diagnostic engine executed a diagnostic package located at C:\Windows\diagnostics\system\Audio with ID AudioDiagnostic.","1","0",,"4","0","0","-9223372019674906624","220","Microsoft-Windows-Diagnosis-Scripted","e1dd7e52-621d-44e3-a1ad-0370c2b25946","Microsoft-Windows-Diagnosis-Scripted/Admin","2472","3508","rjaf-PC4429","S-1-5-21-1634558665-2257203147-3060767804-1000","10/6/2014 6:53:07 AM",,,"c:\users\mac_1\desktop\winevt\logs\microsoft-windows-diagnosis-scripted%4admin.evtx","System.UInt32[]","System.Diagnostics.Eventing.Reader.EventBookmark","Information","Info",,"System.Collections.ObjectModel.ReadOnlyCollection`1[System.String]","System.Collections.Generic.List`1[System.Diagnostics.Eventing.Reader.EventProperty]"
"The scripted diagnostic engine executed a diagnostic package located at C:\Windows\diagnostics\scheduled\Maintenance with ID MaintenanceDiagnostic.","1","0",,"4","0","0","-9223372019674906624","219","Microsoft-Windows-Diagnosis-Scripted","e1dd7e52-621d-44e3-a1ad-0370c2b25946","Microsoft-Windows-Diagnosis-Scripted/Admin","760","2172","rjaf-PC4429","S-1-5-21-1634558665-2257203147-3060767804-1000","10/5/2014 11:49:16 PM",,,"c:\users\mac_1\desktop\winevt\logs\microsoft-windows-diagnosis-scripted%4admin.evtx","System.UInt32[]","System.Diagnostics.Eventing.Reader.EventBookmark","Information","Info",,"System.Collections.ObjectModel.ReadOnlyCollection`1[System.String]","System.Collections.Generic.List`1[System.Diagnostics.Eventing.Reader.EventProperty]"
"The scripted diagnostic engine executed a diagnostic package located at C:\Windows\diagnostics\scheduled\Maintenance with ID MaintenanceDiagnostic.","1","0",,"4","0","0","-9223372019674906624","218","Microsoft-Windows-Diagnosis-Scripted","e1dd7e52-621d-44e3-a1ad-0370c2b25946","Microsoft-Windows-Diagnosis-Scripted/Admin","3452","3052","rjaf-PC4429","S-1-5-21-1634558665-2257203147-3060767804-1000","10/5/2014 2:38:50 AM",,,"c:\users\mac_1\desktop\winevt\logs\microsoft-windows-diagnosis-scripted%4admin.evtx","System.UInt32[]","System.Diagnostics.Eventing.Reader.EventBookmark","Information","Info",,"System.Collections.ObjectModel.ReadOnlyCollection`1[System.String]","System.Collections.Generic.List`1[System.Diagnostics.Eventing.Reader.EventProperty]"
"The scripted diagnostic engine executed a diagnostic package located at C:\Windows\diagnostics\system\networking with ID NetworkDiagnostics.","1","0",,"4","0","0","-9223372019674906624","217","Microsoft-Windows-Diagnosis-Scripted","e1dd7e52-621d-44e3-a1ad-0370c2b25946","Microsoft-Windows-Diagnosis-Scripted/Admin","2244","2276","rjaf-PC4429","S-1-5-21-1634558665-2257203147-3060767804-1000","10/1/2014 11:10:47 PM",,,"c:\users\mac_1\desktop\winevt\logs\microsoft-windows-diagnosis-scripted%4admin.evtx","System.UInt32[]","System.Diagnostics.Eventing.Reader.EventBookmark","Information","Info",,"System.Collections.ObjectModel.ReadOnlyCollection`1[System.String]","System.Collections.Generic.List`1[System.Diagnostics.Eventing.Reader.EventProperty]"
"The scripted diagnostic engine executed a diagnostic package located at C:\Windows\diagnostics\scheduled\Maintenance with ID MaintenanceDiagnostic.","1","0",,"4","0","0","-9223372019674906624","216","Microsoft-Windows-Diagnosis-Scripted","e1dd7e52-621d-44e3-a1ad-0370c2b25946","Microsoft-Windows-Diagnosis-Scripted/Admin","3932","976","rjaf-PC4429","S-1-5-21-1634558665-2257203147-3060767804-1000","9/29/2014 3:33:37 AM",,,"c:\users\mac_1\desktop\winevt\logs\microsoft-windows-diagnosis-scripted%4admin.evtx","System.UInt32[]","System.Diagnostics.Eventing.Reader.EventBookmark","Information","Info",,"System.Collections.ObjectModel.ReadOnlyCollection`1[System.String]","System.Collections.Generic.List`1[System.Diagnostics.Eventing.Reader.EventProperty]"
"The scripted diagnostic engine executed a diagnostic package located at C:\Windows\diagnostics\scheduled\Maintenance with ID MaintenanceDiagnostic.","1","0",,"4","0","0","-9223372019674906624","215","Microsoft-Windows-Diagnosis-Scripted","e1dd7e52-621d-44e3-a1ad-0370c2b25946","Microsoft-Windows-Diagnosis-Scripted/Admin","1940","1636","rjaf-PC4429","S-1-5-21-1634558665-2257203147-3060767804-1000","9/20/2014 11:05:48 PM",,,"c:\users\mac_1\desktop\winevt\logs\microsoft-windows-diagnosis-scripted%4admin.evtx","System.UInt32[]","System.Diagnostics.Eventing.Reader.EventBookmark","Information","Info",,"System.Collections.ObjectModel.ReadOnlyCollection`1[System.String]","System.Collections.Generic.List`1[System.Diagnostics.Eventing.Reader.EventProperty]"
"The scripted diagnostic engine executed a diagnostic package located at C:\Windows\diagnostics\scheduled\Maintenance with ID MaintenanceDiagnostic.","1","0",,"4","0","0","-9223372019674906624","214","Microsoft-Windows-Diagnosis-Scripted","e1dd7e52-621d-44e3-a1ad-0370c2b25946","Microsoft-Windows-Diagnosis-Scripted/Admin","3196","3320","rjaf-PC4429","S-1-5-21-1634558665-2257203147-3060767804-1000","9/15/2014 12:52:34 PM",,,"c:\users\mac_1\desktop\winevt\logs\microsoft-windows-diagnosis-scripted%4admin.evtx","System.UInt32[]","System.Diagnostics.Eventing.Reader.EventBookmark","Information","Info",,"System.Collections.ObjectModel.ReadOnlyCollection`1[System.String]","System.Collections.Generic.List`1[System.Diagnostics.Eventing.Reader.EventProperty]"
"The scripted diagnostic engine executed a diagnostic package located at C:\Windows\diagnostics\scheduled\Maintenance with ID MaintenanceDiagnostic.","1","0",,"4","0","0","-9223372019674906624","213","Microsoft-Windows-Diagnosis-Scripted","e1dd7e52-621d-44e3-a1ad-0370c2b25946","Microsoft-Windows-Diagnosis-Scripted/Admin","1312","3260","rjaf-PC4429","S-1-5-21-1634558665-2257203147-3060767804-1000","9/14/2014 1:34:04 AM",,,"c:\users\mac_1\desktop\winevt\logs\microsoft-windows-diagnosis-scripted%4admin.evtx","System.UInt32[]","System.Diagnostics.Eventing.Reader.EventBookmark","Information","Info",,"System.Collections.ObjectModel.ReadOnlyCollection`1[System.String]","System.Collections.Generic.List`1[System.Diagnostics.Eventing.Reader.EventProperty]"
"The scripted diagnostic engine executed a diagnostic package located at C:\Windows\diagnostics\scheduled\Maintenance with ID MaintenanceDiagnostic.","1","0",,"4","0","0","-9223372019674906624","212","Microsoft-Windows-Diagnosis-Scripted","e1dd7e52-621d-44e3-a1ad-0370c2b25946","Microsoft-Windows-Diagnosis-Scripted/Admin","1820","2824","rjaf-PC4429","S-1-5-21-1634558665-2257203147-3060767804-1000","9/8/2014 2:53:03 AM",,,"c:\users\mac_1\desktop\winevt\logs\microsoft-windows-diagnosis-scripted%4admin.evtx","System.UInt32[]","System.Diagnostics.Eventing.Reader.EventBookmark","Information","Info",,"System.Collections.ObjectModel.ReadOnlyCollection`1[System.String]","System.Collections.Generic.List`1[System.Diagnostics.Eventing.Reader.EventProperty]"
"The scripted diagnostic engine executed a diagnostic package located at C:\Windows\diagnostics\scheduled\Maintenance with ID MaintenanceDiagnostic.","1","0",,"4","0","0","-9223372019674906624","211","Microsoft-Windows-Diagnosis-Scripted","e1dd7e52-621d-44e3-a1ad-0370c2b25946","Microsoft-Windows-Diagnosis-Scripted/Admin","3712","4008","rjaf-PC4429","S-1-5-21-1634558665-2257203147-3060767804-1000","9/2/2014 3:40:07 AM",,,"c:\users\mac_1\desktop\winevt\logs\microsoft-windows-diagnosis-scripted%4admin.evtx","System.UInt32[]","System.Diagnostics.Eventing.Reader.EventBookmark","Information","Info",,"System.Collections.ObjectModel.ReadOnlyCollection`1[System.String]","System.Collections.Generic.List`1[System.Diagnostics.Eventing.Reader.EventProperty]"
"The scripted diagnostic engine executed a diagnostic package located at C:\Windows\diagnostics\scheduled\Maintenance with ID MaintenanceDiagnostic.","1","0",,"4","0","0","-9223372019674906624","210","Microsoft-Windows-Diagnosis-Scripted","e1dd7e52-621d-44e3-a1ad-0370c2b25946","Microsoft-Windows-Diagnosis-Scripted/Admin","2756","3352","rjaf-PC4429","S-1-5-21-1634558665-2257203147-3060767804-1000","8/31/2014 8:45:18 AM",,,"c:\users\mac_1\desktop\winevt\logs\microsoft-windows-diagnosis-scripted%4admin.evtx","System.UInt32[]","System.Diagnostics.Eventing.Reader.EventBookmark","Information","Info",,"System.Collections.ObjectModel.ReadOnlyCollection`1[System.String]","System.Collections.Generic.List`1[System.Diagnostics.Eventing.Reader.EventProperty]"
"The scripted diagnostic engine executed a diagnostic package located at C:\Windows\diagnostics\scheduled\Maintenance with ID MaintenanceDiagnostic.","1","0",,"4","0","0","-9223372019674906624","209","Microsoft-Windows-Diagnosis-Scripted","e1dd7e52-621d-44e3-a1ad-0370c2b25946","Microsoft-Windows-Diagnosis-Scripted/Admin","984","3472","rjaf-PC4429","S-1-5-21-1634558665-2257203147-3060767804-1000","8/31/2014 12:32:34 AM",,,"c:\users\mac_1\desktop\winevt\logs\microsoft-windows-diagnosis-scripted%4admin.evtx","System.UInt32[]","System.Diagnostics.Eventing.Reader.EventBookmark","Information","Info",,"System.Collections.ObjectModel.ReadOnlyCollection`1[System.String]","System.Collections.Generic.List`1[System.Diagnostics.Eventing.Reader.EventProperty]"
"The scripted diagnostic engine executed a diagnostic package located at C:\Windows\diagnostics\scheduled\Maintenance with ID MaintenanceDiagnostic.","1","0",,"4","0","0","-9223372019674906624","208","Microsoft-Windows-Diagnosis-Scripted","e1dd7e52-621d-44e3-a1ad-0370c2b25946","Microsoft-Windows-Diagnosis-Scripted/Admin","996","3352","rjaf-PC4429","S-1-5-21-1634558665-2257203147-3060767804-1000","8/23/2014 11:45:22 PM",,,"c:\users\mac_1\desktop\winevt\logs\microsoft-windows-diagnosis-scripted%4admin.evtx","System.UInt32[]","System.Diagnostics.Eventing.Reader.EventBookmark","Information","Info",,"System.Collections.ObjectModel.ReadOnlyCollection`1[System.String]","System.Collections.Generic.List`1[System.Diagnostics.Eventing.Reader.EventProperty]"
"The scripted diagnostic engine executed a diagnostic package located at C:\Windows\diagnostics\scheduled\Maintenance with ID MaintenanceDiagnostic.","1","0",,"4","0","0","-9223372019674906624","207","Microsoft-Windows-Diagnosis-Scripted","e1dd7e52-621d-44e3-a1ad-0370c2b25946","Microsoft-Windows-Diagnosis-Scripted/Admin","3416","2144","rjaf-PC4429","S-1-5-21-1634558665-2257203147-3060767804-1000","8/19/2014 1:39:42 PM",,,"c:\users\mac_1\desktop\winevt\logs\microsoft-windows-diagnosis-scripted%4admin.evtx","System.UInt32[]","System.Diagnostics.Eventing.Reader.EventBookmark","Information","Info",,"System.Collections.ObjectModel.ReadOnlyCollection`1[System.String]","System.Collections.Generic.List`1[System.Diagnostics.Eventing.Reader.EventProperty]"
"The scripted diagnostic engine executed a diagnostic package located at C:\Windows\diagnostics\scheduled\Maintenance with ID MaintenanceDiagnostic.","1","0",,"4","0","0","-9223372019674906624","206","Microsoft-Windows-Diagnosis-Scripted","e1dd7e52-621d-44e3-a1ad-0370c2b25946","Microsoft-Windows-Diagnosis-Scripted/Admin","3672","3504","rjaf-PC4429","S-1-5-21-1634558665-2257203147-3060767804-1000","8/17/2014 12:53:15 PM",,,"c:\users\mac_1\desktop\winevt\logs\microsoft-windows-diagnosis-scripted%4admin.evtx","System.UInt32[]","System.Diagnostics.Eventing.Reader.EventBookmark","Information","Info",,"System.Collections.ObjectModel.ReadOnlyCollection`1[System.String]","System.Collections.Generic.List`1[System.Diagnostics.Eventing.Reader.EventProperty]"
"The scripted diagnostic engine executed a diagnostic package located at C:\Windows\diagnostics\scheduled\Maintenance with ID MaintenanceDiagnostic.","1","0",,"4","0","0","-9223372019674906624","205","Microsoft-Windows-Diagnosis-Scripted","e1dd7e52-621d-44e3-a1ad-0370c2b25946","Microsoft-Windows-Diagnosis-Scripted/Admin","2660","3436","rjaf-PC4429","S-1-5-21-1634558665-2257203147-3060767804-1000","8/17/2014 2:50:08 AM",,,"c:\users\mac_1\desktop\winevt\logs\microsoft-windows-diagnosis-scripted%4admin.evtx","System.UInt32[]","System.Diagnostics.Eventing.Reader.EventBookmark","Information","Info",,"System.Collections.ObjectModel.ReadOnlyCollection`1[System.String]","System.Collections.Generic.List`1[System.Diagnostics.Eventing.Reader.EventProperty]"
"The scripted diagnostic engine executed a diagnostic package located at C:\Windows\diagnostics\system\Device with ID DeviceDiagnostic.","1","0",,"4","0","0","-9223372019674906624","204","Microsoft-Windows-Diagnosis-Scripted","e1dd7e52-621d-44e3-a1ad-0370c2b25946","Microsoft-Windows-Diagnosis-Scripted/Admin","2480","2168","rjaf-PC4429","S-1-5-21-1634558665-2257203147-3060767804-1000","8/15/2014 1:03:04 AM",,,"c:\users\mac_1\desktop\winevt\logs\microsoft-windows-diagnosis-scripted%4admin.evtx","System.UInt32[]","System.Diagnostics.Eventing.Reader.EventBookmark","Information","Info",,"System.Collections.ObjectModel.ReadOnlyCollection`1[System.String]","System.Collections.Generic.List`1[System.Diagnostics.Eventing.Reader.EventProperty]"
"The scripted diagnostic engine executed a diagnostic package located at C:\Windows\diagnostics\system\Audio with ID AudioDiagnostic.","1","0",,"4","0","0","-9223372019674906624","203","Microsoft-Windows-Diagnosis-Scripted","e1dd7e52-621d-44e3-a1ad-0370c2b25946","Microsoft-Windows-Diagnosis-Scripted/Admin","2480","2168","rjaf-PC4429","S-1-5-21-1634558665-2257203147-3060767804-1000","8/15/2014 1:03:04 AM",,,"c:\users\mac_1\desktop\winevt\logs\microsoft-windows-diagnosis-scripted%4admin.evtx","System.UInt32[]","System.Diagnostics.Eventing.Reader.EventBookmark","Information","Info",,"System.Collections.ObjectModel.ReadOnlyCollection`1[System.String]","System.Collections.Generic.List`1[System.Diagnostics.Eventing.Reader.EventProperty]"
"The scripted diagnostic engine executed a diagnostic package located at C:\Windows\diagnostics\scheduled\Maintenance with ID MaintenanceDiagnostic.","1","0",,"4","0","0","-9223372019674906624","202","Microsoft-Windows-Diagnosis-Scripted","e1dd7e52-621d-44e3-a1ad-0370c2b25946","Microsoft-Windows-Diagnosis-Scripted/Admin","612","996","rjaf-PC4429","S-1-5-21-1634558665-2257203147-3060767804-1000","8/11/2014 1:35:41 AM",,,"c:\users\mac_1\desktop\winevt\logs\microsoft-windows-diagnosis-scripted%4admin.evtx","System.UInt32[]","System.Diagnostics.Eventing.Reader.EventBookmark","Information","Info",,"System.Collections.ObjectModel.ReadOnlyCollection`1[System.String]","System.Collections.Generic.List`1[System.Diagnostics.Eventing.Reader.EventProperty]"
"The scripted diagnostic engine executed a diagnostic package located at C:\Windows\diagnostics\scheduled\Maintenance with ID MaintenanceDiagnostic.","1","0",,"4","0","0","-9223372019674906624","201","Microsoft-Windows-Diagnosis-Scripted","e1dd7e52-621d-44e3-a1ad-0370c2b25946","Microsoft-Windows-Diagnosis-Scripted/Admin","2332","3740","rjaf-PC4429","S-1-5-21-1634558665-2257203147-3060767804-1000","8/9/2014 10:57:50 PM",,,"c:\users\mac_1\desktop\winevt\logs\microsoft-windows-diagnosis-scripted%4admin.evtx","System.UInt32[]","System.Diagnostics.Eventing.Reader.EventBookmark","Information","Info",,"System.Collections.ObjectModel.ReadOnlyCollection`1[System.String]","System.Collections.Generic.List`1[System.Diagnostics.Eventing.Reader.EventProperty]"
"The scripted diagnostic engine executed a diagnostic package located at C:\Windows\diagnostics\system\Device with ID DeviceDiagnostic.","1","0",,"4","0","0","-9223372019674906624","200","Microsoft-Windows-Diagnosis-Scripted","e1dd7e52-621d-44e3-a1ad-0370c2b25946","Microsoft-Windows-Diagnosis-Scripted/Admin","2928","380","rjaf-PC4429","S-1-5-21-1634558665-2257203147-3060767804-1000","8/9/2014 11:52:45 AM",,,"c:\users\mac_1\desktop\winevt\logs\microsoft-windows-diagnosis-scripted%4admin.evtx","System.UInt32[]","System.Diagnostics.Eventing.Reader.EventBookmark","Information","Info",,"System.Collections.ObjectModel.ReadOnlyCollection`1[System.String]","System.Collections.Generic.List`1[System.Diagnostics.Eventing.Reader.EventProperty]"
"The scripted diagnostic engine executed a diagnostic package located at C:\Windows\diagnostics\system\Audio with ID AudioDiagnostic.","1","0",,"4","0","0","-9223372019674906624","199","Microsoft-Windows-Diagnosis-Scripted","e1dd7e52-621d-44e3-a1ad-0370c2b25946","Microsoft-Windows-Diagnosis-Scripted/Admin","2928","380","rjaf-PC4429","S-1-5-21-1634558665-2257203147-3060767804-1000","8/9/2014 11:52:45 AM",,,"c:\users\mac_1\desktop\winevt\logs\microsoft-windows-diagnosis-scripted%4admin.evtx","System.UInt32[]","System.Diagnostics.Eventing.Reader.EventBookmark","Information","Info",,"System.Collections.ObjectModel.ReadOnlyCollection`1[System.String]","System.Collections.Generic.List`1[System.Diagnostics.Eventing.Reader.EventProperty]"
"The scripted diagnostic engine executed a diagnostic package located at C:\Windows\diagnostics\system\Device with ID DeviceDiagnostic.","1","0",,"4","0","0","-9223372019674906624","198","Microsoft-Windows-Diagnosis-Scripted","e1dd7e52-621d-44e3-a1ad-0370c2b25946","Microsoft-Windows-Diagnosis-Scripted/Admin","2668","2984","rjaf-PC4429","S-1-5-21-1634558665-2257203147-3060767804-1000","8/8/2014 6:55:11 AM",,,"c:\users\mac_1\desktop\winevt\logs\microsoft-windows-diagnosis-scripted%4admin.evtx","System.UInt32[]","System.Diagnostics.Eventing.Reader.EventBookmark","Information","Info",,"System.Collections.ObjectModel.ReadOnlyCollection`1[System.String]","System.Collections.Generic.List`1[System.Diagnostics.Eventing.Reader.EventProperty]"
"The scripted diagnostic engine executed a diagnostic package located at C:\Windows\diagnostics\system\Audio with ID AudioDiagnostic.","1","0",,"4","0","0","-9223372019674906624","197","Microsoft-Windows-Diagnosis-Scripted","e1dd7e52-621d-44e3-a1ad-0370c2b25946","Microsoft-Windows-Diagnosis-Scripted/Admin","2668","2984","rjaf-PC4429","S-1-5-21-1634558665-2257203147-3060767804-1000","8/8/2014 6:55:11 AM",,,"c:\users\mac_1\desktop\winevt\logs\microsoft-windows-diagnosis-scripted%4admin.evtx","System.UInt32[]","System.Diagnostics.Eventing.Reader.EventBookmark","Information","Info",,"System.Collections.ObjectModel.ReadOnlyCollection`1[System.String]","System.Collections.Generic.List`1[System.Diagnostics.Eventing.Reader.EventProperty]"
"The scripted diagnostic engine executed a diagnostic package located at C:\Windows\diagnostics\system\Device with ID DeviceDiagnostic.","1","0",,"4","0","0","-9223372019674906624","196","Microsoft-Windows-Diagnosis-Scripted","e1dd7e52-621d-44e3-a1ad-0370c2b25946","Microsoft-Windows-Diagnosis-Scripted/Admin","1820","2868","rjaf-PC4429","S-1-5-21-1634558665-2257203147-3060767804-1000","8/8/2014 6:55:03 AM",,,"c:\users\mac_1\desktop\winevt\logs\microsoft-windows-diagnosis-scripted%4admin.evtx","System.UInt32[]","System.Diagnostics.Eventing.Reader.EventBookmark","Information","Info",,"System.Collections.ObjectModel.ReadOnlyCollection`1[System.String]","System.Collections.Generic.List`1[System.Diagnostics.Eventing.Reader.EventProperty]"
"The scripted diagnostic engine executed a diagnostic package located at C:\Windows\diagnostics\system\Audio with ID AudioDiagnostic.","1","0",,"4","0","0","-9223372019674906624","195","Microsoft-Windows-Diagnosis-Scripted","e1dd7e52-621d-44e3-a1ad-0370c2b25946","Microsoft-Windows-Diagnosis-Scripted/Admin","1820","2868","rjaf-PC4429","S-1-5-21-1634558665-2257203147-3060767804-1000","8/8/2014 6:55:03 AM",,,"c:\users\mac_1\desktop\winevt\logs\microsoft-windows-diagnosis-scripted%4admin.evtx","System.UInt32[]","System.Diagnostics.Eventing.Reader.EventBookmark","Information","Info",,"System.Collections.ObjectModel.ReadOnlyCollection`1[System.String]","System.Collections.Generic.List`1[System.Diagnostics.Eventing.Reader.EventProperty]"
"The scripted diagnostic engine executed a diagnostic package located at C:\Windows\diagnostics\system\Device with ID DeviceDiagnostic.","1","0",,"4","0","0","-9223372019674906624","194","Microsoft-Windows-Diagnosis-Scripted","e1dd7e52-621d-44e3-a1ad-0370c2b25946","Microsoft-Windows-Diagnosis-Scripted/Admin","1820","2868","rjaf-PC4429","S-1-5-21-1634558665-2257203147-3060767804-1000","8/8/2014 6:51:01 AM",,,"c:\users\mac_1\desktop\winevt\logs\microsoft-windows-diagnosis-scripted%4admin.evtx","System.UInt32[]","System.Diagnostics.Eventing.Reader.EventBookmark","Information","Info",,"System.Collections.ObjectModel.ReadOnlyCollection`1[System.String]","System.Collections.Generic.List`1[System.Diagnostics.Eventing.Reader.EventProperty]"
"The scripted diagnostic engine executed a diagnostic package located at C:\Windows\diagnostics\system\Audio with ID AudioDiagnostic.","1","0",,"4","0","0","-9223372019674906624","193","Microsoft-Windows-Diagnosis-Scripted","e1dd7e52-621d-44e3-a1ad-0370c2b25946","Microsoft-Windows-Diagnosis-Scripted/Admin","1820","2868","rjaf-PC4429","S-1-5-21-1634558665-2257203147-3060767804-1000","8/8/2014 6:51:01 AM",,,"c:\users\mac_1\desktop\winevt\logs\microsoft-windows-diagnosis-scripted%4admin.evtx","System.UInt32[]","System.Diagnostics.Eventing.Reader.EventBookmark","Information","Info",,"System.Collections.ObjectModel.ReadOnlyCollection`1[System.String]","System.Collections.Generic.List`1[System.Diagnostics.Eventing.Reader.EventProperty]"
