"HomeGroup status changed for HomeGroup 132. OldStatus: 4, NewStatus: %3","5013","0",,"4","0","0","-9223372036854775808","478","Microsoft-Windows-HomeGroup-ProviderService","c9bdb4eb-9287-4c8e-8378-6896f0d1c5ef","Microsoft-Windows-HomeGroup Provider Service/Operational","880","844","rjaf-PC4429","S-1-5-19","12/16/2014 7:17:01 AM",,,"c:\users\mac_1\desktop\winevt\logs\microsoft-windows-homegroup provider service%4operational.evtx","System.UInt32[]","System.Diagnostics.Eventing.Reader.EventBookmark","Information","Info",,"System.Collections.ObjectModel.ReadOnlyCollection`1[System.String]","System.Collections.Generic.List`1[System.Diagnostics.Eventing.Reader.EventProperty]"
"HomeGroup status changed for HomeGroup 4. OldStatus: 132, NewStatus: %3","5013","0",,"4","0","0","-9223372036854775808","477","Microsoft-Windows-HomeGroup-ProviderService","c9bdb4eb-9287-4c8e-8378-6896f0d1c5ef","Microsoft-Windows-HomeGroup Provider Service/Operational","880","3464","rjaf-PC4429","S-1-5-19","12/16/2014 6:43:53 AM",,,"c:\users\mac_1\desktop\winevt\logs\microsoft-windows-homegroup provider service%4operational.evtx","System.UInt32[]","System.Diagnostics.Eventing.Reader.EventBookmark","Information","Info",,"System.Collections.ObjectModel.ReadOnlyCollection`1[System.String]","System.Collections.Generic.List`1[System.Diagnostics.Eventing.Reader.EventProperty]"
"HomeGroup status changed for HomeGroup 132. OldStatus: 4, NewStatus: %3","5013","0",,"4","0","0","-9223372036854775808","476","Microsoft-Windows-HomeGroup-ProviderService","c9bdb4eb-9287-4c8e-8378-6896f0d1c5ef","Microsoft-Windows-HomeGroup Provider Service/Operational","880","3996","rjaf-PC4429","S-1-5-19","12/16/2014 3:27:46 AM",,,"c:\users\mac_1\desktop\winevt\logs\microsoft-windows-homegroup provider service%4operational.evtx","System.UInt32[]","System.Diagnostics.Eventing.Reader.EventBookmark","Information","Info",,"System.Collections.ObjectModel.ReadOnlyCollection`1[System.String]","System.Collections.Generic.List`1[System.Diagnostics.Eventing.Reader.EventProperty]"
"HomeGroup status changed for HomeGroup 4. OldStatus: 132, NewStatus: %3","5013","0",,"4","0","0","-9223372036854775808","475","Microsoft-Windows-HomeGroup-ProviderService","c9bdb4eb-9287-4c8e-8378-6896f0d1c5ef","Microsoft-Windows-HomeGroup Provider Service/Operational","880","2400","rjaf-PC4429","S-1-5-19","12/16/2014 2:52:00 AM",,,"c:\users\mac_1\desktop\winevt\logs\microsoft-windows-homegroup provider service%4operational.evtx","System.UInt32[]","System.Diagnostics.Eventing.Reader.EventBookmark","Information","Info",,"System.Collections.ObjectModel.ReadOnlyCollection`1[System.String]","System.Collections.Generic.List`1[System.Diagnostics.Eventing.Reader.EventProperty]"
"HomeGroup status changed for HomeGroup 132. OldStatus: 4, NewStatus: %3","5013","0",,"4","0","0","-9223372036854775808","474","Microsoft-Windows-HomeGroup-ProviderService","c9bdb4eb-9287-4c8e-8378-6896f0d1c5ef","Microsoft-Windows-HomeGroup Provider Service/Operational","880","2400","rjaf-PC4429","S-1-5-19","12/16/2014 2:51:47 AM",,,"c:\users\mac_1\desktop\winevt\logs\microsoft-windows-homegroup provider service%4operational.evtx","System.UInt32[]","System.Diagnostics.Eventing.Reader.EventBookmark","Information","Info",,"System.Collections.ObjectModel.ReadOnlyCollection`1[System.String]","System.Collections.Generic.List`1[System.Diagnostics.Eventing.Reader.EventProperty]"
"HomeGroup status changed for HomeGroup 4. OldStatus: 132, NewStatus: %3","5013","0",,"4","0","0","-9223372036854775808","473","Microsoft-Windows-HomeGroup-ProviderService","c9bdb4eb-9287-4c8e-8378-6896f0d1c5ef","Microsoft-Windows-HomeGroup Provider Service/Operational","880","3856","rjaf-PC4429","S-1-5-19","12/16/2014 2:03:41 AM",,,"c:\users\mac_1\desktop\winevt\logs\microsoft-windows-homegroup provider service%4operational.evtx","System.UInt32[]","System.Diagnostics.Eventing.Reader.EventBookmark","Information","Info",,"System.Collections.ObjectModel.ReadOnlyCollection`1[System.String]","System.Collections.Generic.List`1[System.Diagnostics.Eventing.Reader.EventProperty]"
"HomeGroup status changed for HomeGroup 132. OldStatus: 4, NewStatus: %3","5013","0",,"4","0","0","-9223372036854775808","472","Microsoft-Windows-HomeGroup-ProviderService","c9bdb4eb-9287-4c8e-8378-6896f0d1c5ef","Microsoft-Windows-HomeGroup Provider Service/Operational","880","4080","rjaf-PC4429","S-1-5-19","12/16/2014 1:22:30 AM",,,"c:\users\mac_1\desktop\winevt\logs\microsoft-windows-homegroup provider service%4operational.evtx","System.UInt32[]","System.Diagnostics.Eventing.Reader.EventBookmark","Information","Info",,"System.Collections.ObjectModel.ReadOnlyCollection`1[System.String]","System.Collections.Generic.List`1[System.Diagnostics.Eventing.Reader.EventProperty]"
"HomeGroup status changed for HomeGroup 4. OldStatus: 132, NewStatus: %3","5013","0",,"4","0","0","-9223372036854775808","471","Microsoft-Windows-HomeGroup-ProviderService","c9bdb4eb-9287-4c8e-8378-6896f0d1c5ef","Microsoft-Windows-HomeGroup Provider Service/Operational","880","2296","rjaf-PC4429","S-1-5-19","12/16/2014 1:18:15 AM",,,"c:\users\mac_1\desktop\winevt\logs\microsoft-windows-homegroup provider service%4operational.evtx","System.UInt32[]","System.Diagnostics.Eventing.Reader.EventBookmark","Information","Info",,"System.Collections.ObjectModel.ReadOnlyCollection`1[System.String]","System.Collections.Generic.List`1[System.Diagnostics.Eventing.Reader.EventProperty]"
"HomeGroup status changed for HomeGroup 2. OldStatus: 4, NewStatus: %3","5013","0",,"4","0","0","-9223372036854775808","470","Microsoft-Windows-HomeGroup-ProviderService","c9bdb4eb-9287-4c8e-8378-6896f0d1c5ef","Microsoft-Windows-HomeGroup Provider Service/Operational","880","896","rjaf-PC4429","S-1-5-19","12/15/2014 11:34:37 PM",,,"c:\users\mac_1\desktop\winevt\logs\microsoft-windows-homegroup provider service%4operational.evtx","System.UInt32[]","System.Diagnostics.Eventing.Reader.EventBookmark","Information","Info",,"System.Collections.ObjectModel.ReadOnlyCollection`1[System.String]","System.Collections.Generic.List`1[System.Diagnostics.Eventing.Reader.EventProperty]"
"HomeGroup status changed for HomeGroup 0. OldStatus: 2, NewStatus: %3","5013","0",,"4","0","0","-9223372036854775808","469","Microsoft-Windows-HomeGroup-ProviderService","c9bdb4eb-9287-4c8e-8378-6896f0d1c5ef","Microsoft-Windows-HomeGroup Provider Service/Operational","880","896","rjaf-PC4429","S-1-5-19","12/15/2014 11:34:37 PM",,,"c:\users\mac_1\desktop\winevt\logs\microsoft-windows-homegroup provider service%4operational.evtx","System.UInt32[]","System.Diagnostics.Eventing.Reader.EventBookmark","Information","Info",,"System.Collections.ObjectModel.ReadOnlyCollection`1[System.String]","System.Collections.Generic.List`1[System.Diagnostics.Eventing.Reader.EventProperty]"
"HomeGroup status changed for HomeGroup 2. OldStatus: 4, NewStatus: %3","5013","0",,"4","0","0","-9223372036854775808","468","Microsoft-Windows-HomeGroup-ProviderService","c9bdb4eb-9287-4c8e-8378-6896f0d1c5ef","Microsoft-Windows-HomeGroup Provider Service/Operational","884","992","rjaf-PC4429","S-1-5-19","12/15/2014 6:30:17 AM",,,"c:\users\mac_1\desktop\winevt\logs\microsoft-windows-homegroup provider service%4operational.evtx","System.UInt32[]","System.Diagnostics.Eventing.Reader.EventBookmark","Information","Info",,"System.Collections.ObjectModel.ReadOnlyCollection`1[System.String]","System.Collections.Generic.List`1[System.Diagnostics.Eventing.Reader.EventProperty]"
"HomeGroup status changed for HomeGroup 0. OldStatus: 2, NewStatus: %3","5013","0",,"4","0","0","-9223372036854775808","467","Microsoft-Windows-HomeGroup-ProviderService","c9bdb4eb-9287-4c8e-8378-6896f0d1c5ef","Microsoft-Windows-HomeGroup Provider Service/Operational","884","992","rjaf-PC4429","S-1-5-19","12/15/2014 6:30:17 AM",,,"c:\users\mac_1\desktop\winevt\logs\microsoft-windows-homegroup provider service%4operational.evtx","System.UInt32[]","System.Diagnostics.Eventing.Reader.EventBookmark","Information","Info",,"System.Collections.ObjectModel.ReadOnlyCollection`1[System.String]","System.Collections.Generic.List`1[System.Diagnostics.Eventing.Reader.EventProperty]"
"HomeGroup status changed for HomeGroup 2. OldStatus: 4, NewStatus: %3","5013","0",,"4","0","0","-9223372036854775808","466","Microsoft-Windows-HomeGroup-ProviderService","c9bdb4eb-9287-4c8e-8378-6896f0d1c5ef","Microsoft-Windows-HomeGroup Provider Service/Operational","916","1024","rjaf-PC4429","S-1-5-19","12/15/2014 4:01:32 AM",,,"c:\users\mac_1\desktop\winevt\logs\microsoft-windows-homegroup provider service%4operational.evtx","System.UInt32[]","System.Diagnostics.Eventing.Reader.EventBookmark","Information","Info",,"System.Collections.ObjectModel.ReadOnlyCollection`1[System.String]","System.Collections.Generic.List`1[System.Diagnostics.Eventing.Reader.EventProperty]"
"HomeGroup status changed for HomeGroup 0. OldStatus: 2, NewStatus: %3","5013","0",,"4","0","0","-9223372036854775808","465","Microsoft-Windows-HomeGroup-ProviderService","c9bdb4eb-9287-4c8e-8378-6896f0d1c5ef","Microsoft-Windows-HomeGroup Provider Service/Operational","916","1024","rjaf-PC4429","S-1-5-19","12/15/2014 4:01:32 AM",,,"c:\users\mac_1\desktop\winevt\logs\microsoft-windows-homegroup provider service%4operational.evtx","System.UInt32[]","System.Diagnostics.Eventing.Reader.EventBookmark","Information","Info",,"System.Collections.ObjectModel.ReadOnlyCollection`1[System.String]","System.Collections.Generic.List`1[System.Diagnostics.Eventing.Reader.EventProperty]"
"HomeGroup status changed for HomeGroup 132. OldStatus: 4, NewStatus: %3","5013","0",,"4","0","0","-9223372036854775808","464","Microsoft-Windows-HomeGroup-ProviderService","c9bdb4eb-9287-4c8e-8378-6896f0d1c5ef","Microsoft-Windows-HomeGroup Provider Service/Operational","912","4004","rjaf-PC4429","S-1-5-19","12/15/2014 3:00:56 AM",,,"c:\users\mac_1\desktop\winevt\logs\microsoft-windows-homegroup provider service%4operational.evtx","System.UInt32[]","System.Diagnostics.Eventing.Reader.EventBookmark","Information","Info",,"System.Collections.ObjectModel.ReadOnlyCollection`1[System.String]","System.Collections.Generic.List`1[System.Diagnostics.Eventing.Reader.EventProperty]"
"HomeGroup status changed for HomeGroup 4. OldStatus: 132, NewStatus: %3","5013","0",,"4","0","0","-9223372036854775808","463","Microsoft-Windows-HomeGroup-ProviderService","c9bdb4eb-9287-4c8e-8378-6896f0d1c5ef","Microsoft-Windows-HomeGroup Provider Service/Operational","912","2852","rjaf-PC4429","S-1-5-19","12/15/2014 2:48:07 AM",,,"c:\users\mac_1\desktop\winevt\logs\microsoft-windows-homegroup provider service%4operational.evtx","System.UInt32[]","System.Diagnostics.Eventing.Reader.EventBookmark","Information","Info",,"System.Collections.ObjectModel.ReadOnlyCollection`1[System.String]","System.Collections.Generic.List`1[System.Diagnostics.Eventing.Reader.EventProperty]"
"HomeGroup status changed for HomeGroup 132. OldStatus: 4, NewStatus: %3","5013","0",,"4","0","0","-9223372036854775808","462","Microsoft-Windows-HomeGroup-ProviderService","c9bdb4eb-9287-4c8e-8378-6896f0d1c5ef","Microsoft-Windows-HomeGroup Provider Service/Operational","912","2184","rjaf-PC4429","S-1-5-19","12/15/2014 2:44:30 AM",,,"c:\users\mac_1\desktop\winevt\logs\microsoft-windows-homegroup provider service%4operational.evtx","System.UInt32[]","System.Diagnostics.Eventing.Reader.EventBookmark","Information","Info",,"System.Collections.ObjectModel.ReadOnlyCollection`1[System.String]","System.Collections.Generic.List`1[System.Diagnostics.Eventing.Reader.EventProperty]"
"HomeGroup status changed for HomeGroup 4. OldStatus: 132, NewStatus: %3","5013","0",,"4","0","0","-9223372036854775808","461","Microsoft-Windows-HomeGroup-ProviderService","c9bdb4eb-9287-4c8e-8378-6896f0d1c5ef","Microsoft-Windows-HomeGroup Provider Service/Operational","912","4016","rjaf-PC4429","S-1-5-19","12/15/2014 2:33:41 AM",,,"c:\users\mac_1\desktop\winevt\logs\microsoft-windows-homegroup provider service%4operational.evtx","System.UInt32[]","System.Diagnostics.Eventing.Reader.EventBookmark","Information","Info",,"System.Collections.ObjectModel.ReadOnlyCollection`1[System.String]","System.Collections.Generic.List`1[System.Diagnostics.Eventing.Reader.EventProperty]"
"HomeGroup status changed for HomeGroup 132. OldStatus: 4, NewStatus: %3","5013","0",,"4","0","0","-9223372036854775808","460","Microsoft-Windows-HomeGroup-ProviderService","c9bdb4eb-9287-4c8e-8378-6896f0d1c5ef","Microsoft-Windows-HomeGroup Provider Service/Operational","912","3684","rjaf-PC4429","S-1-5-19","12/14/2014 2:26:41 PM",,,"c:\users\mac_1\desktop\winevt\logs\microsoft-windows-homegroup provider service%4operational.evtx","System.UInt32[]","System.Diagnostics.Eventing.Reader.EventBookmark","Information","Info",,"System.Collections.ObjectModel.ReadOnlyCollection`1[System.String]","System.Collections.Generic.List`1[System.Diagnostics.Eventing.Reader.EventProperty]"
"HomeGroup status changed for HomeGroup 4. OldStatus: 132, NewStatus: %3","5013","0",,"4","0","0","-9223372036854775808","459","Microsoft-Windows-HomeGroup-ProviderService","c9bdb4eb-9287-4c8e-8378-6896f0d1c5ef","Microsoft-Windows-HomeGroup Provider Service/Operational","912","2604","rjaf-PC4429","S-1-5-19","12/14/2014 2:21:21 PM",,,"c:\users\mac_1\desktop\winevt\logs\microsoft-windows-homegroup provider service%4operational.evtx","System.UInt32[]","System.Diagnostics.Eventing.Reader.EventBookmark","Information","Info",,"System.Collections.ObjectModel.ReadOnlyCollection`1[System.String]","System.Collections.Generic.List`1[System.Diagnostics.Eventing.Reader.EventProperty]"
"HomeGroup status changed for HomeGroup 132. OldStatus: 4, NewStatus: %3","5013","0",,"4","0","0","-9223372036854775808","458","Microsoft-Windows-HomeGroup-ProviderService","c9bdb4eb-9287-4c8e-8378-6896f0d1c5ef","Microsoft-Windows-HomeGroup Provider Service/Operational","912","2000","rjaf-PC4429","S-1-5-19","12/14/2014 2:21:08 PM",,,"c:\users\mac_1\desktop\winevt\logs\microsoft-windows-homegroup provider service%4operational.evtx","System.UInt32[]","System.Diagnostics.Eventing.Reader.EventBookmark","Information","Info",,"System.Collections.ObjectModel.ReadOnlyCollection`1[System.String]","System.Collections.Generic.List`1[System.Diagnostics.Eventing.Reader.EventProperty]"
"HomeGroup status changed for HomeGroup 4. OldStatus: 132, NewStatus: %3","5013","0",,"4","0","0","-9223372036854775808","457","Microsoft-Windows-HomeGroup-ProviderService","c9bdb4eb-9287-4c8e-8378-6896f0d1c5ef","Microsoft-Windows-HomeGroup Provider Service/Operational","912","2796","rjaf-PC4429","S-1-5-19","12/14/2014 1:02:29 PM",,,"c:\users\mac_1\desktop\winevt\logs\microsoft-windows-homegroup provider service%4operational.evtx","System.UInt32[]","System.Diagnostics.Eventing.Reader.EventBookmark","Information","Info",,"System.Collections.ObjectModel.ReadOnlyCollection`1[System.String]","System.Collections.Generic.List`1[System.Diagnostics.Eventing.Reader.EventProperty]"
"HomeGroup status changed for HomeGroup 132. OldStatus: 4, NewStatus: %3","5013","0",,"4","0","0","-9223372036854775808","456","Microsoft-Windows-HomeGroup-ProviderService","c9bdb4eb-9287-4c8e-8378-6896f0d1c5ef","Microsoft-Windows-HomeGroup Provider Service/Operational","912","328","rjaf-PC4429","S-1-5-19","12/14/2014 11:23:12 AM",,,"c:\users\mac_1\desktop\winevt\logs\microsoft-windows-homegroup provider service%4operational.evtx","System.UInt32[]","System.Diagnostics.Eventing.Reader.EventBookmark","Information","Info",,"System.Collections.ObjectModel.ReadOnlyCollection`1[System.String]","System.Collections.Generic.List`1[System.Diagnostics.Eventing.Reader.EventProperty]"
"HomeGroup status changed for HomeGroup 4. OldStatus: 132, NewStatus: %3","5013","0",,"4","0","0","-9223372036854775808","455","Microsoft-Windows-HomeGroup-ProviderService","c9bdb4eb-9287-4c8e-8378-6896f0d1c5ef","Microsoft-Windows-HomeGroup Provider Service/Operational","912","1588","rjaf-PC4429","S-1-5-19","12/14/2014 11:03:50 AM",,,"c:\users\mac_1\desktop\winevt\logs\microsoft-windows-homegroup provider service%4operational.evtx","System.UInt32[]","System.Diagnostics.Eventing.Reader.EventBookmark","Information","Info",,"System.Collections.ObjectModel.ReadOnlyCollection`1[System.String]","System.Collections.Generic.List`1[System.Diagnostics.Eventing.Reader.EventProperty]"
"HomeGroup status changed for HomeGroup 132. OldStatus: 4, NewStatus: %3","5013","0",,"4","0","0","-9223372036854775808","454","Microsoft-Windows-HomeGroup-ProviderService","c9bdb4eb-9287-4c8e-8378-6896f0d1c5ef","Microsoft-Windows-HomeGroup Provider Service/Operational","912","328","rjaf-PC4429","S-1-5-19","12/14/2014 10:36:04 AM",,,"c:\users\mac_1\desktop\winevt\logs\microsoft-windows-homegroup provider service%4operational.evtx","System.UInt32[]","System.Diagnostics.Eventing.Reader.EventBookmark","Information","Info",,"System.Collections.ObjectModel.ReadOnlyCollection`1[System.String]","System.Collections.Generic.List`1[System.Diagnostics.Eventing.Reader.EventProperty]"
"HomeGroup status changed for HomeGroup 4. OldStatus: 132, NewStatus: %3","5013","0",,"4","0","0","-9223372036854775808","453","Microsoft-Windows-HomeGroup-ProviderService","c9bdb4eb-9287-4c8e-8378-6896f0d1c5ef","Microsoft-Windows-HomeGroup Provider Service/Operational","912","1332","rjaf-PC4429","S-1-5-19","12/13/2014 11:21:35 PM",,,"c:\users\mac_1\desktop\winevt\logs\microsoft-windows-homegroup provider service%4operational.evtx","System.UInt32[]","System.Diagnostics.Eventing.Reader.EventBookmark","Information","Info",,"System.Collections.ObjectModel.ReadOnlyCollection`1[System.String]","System.Collections.Generic.List`1[System.Diagnostics.Eventing.Reader.EventProperty]"
"HomeGroup status changed for HomeGroup 2. OldStatus: 4, NewStatus: %3","5013","0",,"4","0","0","-9223372036854775808","452","Microsoft-Windows-HomeGroup-ProviderService","c9bdb4eb-9287-4c8e-8378-6896f0d1c5ef","Microsoft-Windows-HomeGroup Provider Service/Operational","912","3872","rjaf-PC4429","S-1-5-19","12/13/2014 11:21:06 PM",,,"c:\users\mac_1\desktop\winevt\logs\microsoft-windows-homegroup provider service%4operational.evtx","System.UInt32[]","System.Diagnostics.Eventing.Reader.EventBookmark","Information","Info",,"System.Collections.ObjectModel.ReadOnlyCollection`1[System.String]","System.Collections.Generic.List`1[System.Diagnostics.Eventing.Reader.EventProperty]"
"HomeGroup status changed for HomeGroup 0. OldStatus: 2, NewStatus: %3","5013","0",,"4","0","0","-9223372036854775808","451","Microsoft-Windows-HomeGroup-ProviderService","c9bdb4eb-9287-4c8e-8378-6896f0d1c5ef","Microsoft-Windows-HomeGroup Provider Service/Operational","912","3872","rjaf-PC4429","S-1-5-19","12/13/2014 11:21:06 PM",,,"c:\users\mac_1\desktop\winevt\logs\microsoft-windows-homegroup provider service%4operational.evtx","System.UInt32[]","System.Diagnostics.Eventing.Reader.EventBookmark","Information","Info",,"System.Collections.ObjectModel.ReadOnlyCollection`1[System.String]","System.Collections.Generic.List`1[System.Diagnostics.Eventing.Reader.EventProperty]"
"HomeGroup status changed for HomeGroup 132. OldStatus: 4, NewStatus: %3","5013","0",,"4","0","0","-9223372036854775808","450","Microsoft-Windows-HomeGroup-ProviderService","c9bdb4eb-9287-4c8e-8378-6896f0d1c5ef","Microsoft-Windows-HomeGroup Provider Service/Operational","880","2772","rjaf-PC4429","S-1-5-19","12/11/2014 1:33:17 AM",,,"c:\users\mac_1\desktop\winevt\logs\microsoft-windows-homegroup provider service%4operational.evtx","System.UInt32[]","System.Diagnostics.Eventing.Reader.EventBookmark","Information","Info",,"System.Collections.ObjectModel.ReadOnlyCollection`1[System.String]","System.Collections.Generic.List`1[System.Diagnostics.Eventing.Reader.EventProperty]"
"HomeGroup status changed for HomeGroup 4. OldStatus: 132, NewStatus: %3","5013","0",,"4","0","0","-9223372036854775808","449","Microsoft-Windows-HomeGroup-ProviderService","c9bdb4eb-9287-4c8e-8378-6896f0d1c5ef","Microsoft-Windows-HomeGroup Provider Service/Operational","880","3508","rjaf-PC4429","S-1-5-19","12/11/2014 12:35:55 AM",,,"c:\users\mac_1\desktop\winevt\logs\microsoft-windows-homegroup provider service%4operational.evtx","System.UInt32[]","System.Diagnostics.Eventing.Reader.EventBookmark","Information","Info",,"System.Collections.ObjectModel.ReadOnlyCollection`1[System.String]","System.Collections.Generic.List`1[System.Diagnostics.Eventing.Reader.EventProperty]"
"HomeGroup status changed for HomeGroup 132. OldStatus: 4, NewStatus: %3","5013","0",,"4","0","0","-9223372036854775808","448","Microsoft-Windows-HomeGroup-ProviderService","c9bdb4eb-9287-4c8e-8378-6896f0d1c5ef","Microsoft-Windows-HomeGroup Provider Service/Operational","880","3328","rjaf-PC4429","S-1-5-19","12/10/2014 11:45:31 PM",,,"c:\users\mac_1\desktop\winevt\logs\microsoft-windows-homegroup provider service%4operational.evtx","System.UInt32[]","System.Diagnostics.Eventing.Reader.EventBookmark","Information","Info",,"System.Collections.ObjectModel.ReadOnlyCollection`1[System.String]","System.Collections.Generic.List`1[System.Diagnostics.Eventing.Reader.EventProperty]"
"HomeGroup status changed for HomeGroup 4. OldStatus: 132, NewStatus: %3","5013","0",,"4","0","0","-9223372036854775808","447","Microsoft-Windows-HomeGroup-ProviderService","c9bdb4eb-9287-4c8e-8378-6896f0d1c5ef","Microsoft-Windows-HomeGroup Provider Service/Operational","880","3752","rjaf-PC4429","S-1-5-19","12/10/2014 11:03:38 PM",,,"c:\users\mac_1\desktop\winevt\logs\microsoft-windows-homegroup provider service%4operational.evtx","System.UInt32[]","System.Diagnostics.Eventing.Reader.EventBookmark","Information","Info",,"System.Collections.ObjectModel.ReadOnlyCollection`1[System.String]","System.Collections.Generic.List`1[System.Diagnostics.Eventing.Reader.EventProperty]"
"HomeGroup status changed for HomeGroup 2. OldStatus: 4, NewStatus: %3","5013","0",,"4","0","0","-9223372036854775808","446","Microsoft-Windows-HomeGroup-ProviderService","c9bdb4eb-9287-4c8e-8378-6896f0d1c5ef","Microsoft-Windows-HomeGroup Provider Service/Operational","880","896","rjaf-PC4429","S-1-5-19","12/10/2014 7:46:09 AM",,,"c:\users\mac_1\desktop\winevt\logs\microsoft-windows-homegroup provider service%4operational.evtx","System.UInt32[]","System.Diagnostics.Eventing.Reader.EventBookmark","Information","Info",,"System.Collections.ObjectModel.ReadOnlyCollection`1[System.String]","System.Collections.Generic.List`1[System.Diagnostics.Eventing.Reader.EventProperty]"
"HomeGroup status changed for HomeGroup 0. OldStatus: 2, NewStatus: %3","5013","0",,"4","0","0","-9223372036854775808","445","Microsoft-Windows-HomeGroup-ProviderService","c9bdb4eb-9287-4c8e-8378-6896f0d1c5ef","Microsoft-Windows-HomeGroup Provider Service/Operational","880","896","rjaf-PC4429","S-1-5-19","12/10/2014 7:46:09 AM",,,"c:\users\mac_1\desktop\winevt\logs\microsoft-windows-homegroup provider service%4operational.evtx","System.UInt32[]","System.Diagnostics.Eventing.Reader.EventBookmark","Information","Info",,"System.Collections.ObjectModel.ReadOnlyCollection`1[System.String]","System.Collections.Generic.List`1[System.Diagnostics.Eventing.Reader.EventProperty]"
"HomeGroup status changed for HomeGroup 132. OldStatus: 4, NewStatus: %3","5013","0",,"4","0","0","-9223372036854775808","444","Microsoft-Windows-HomeGroup-ProviderService","c9bdb4eb-9287-4c8e-8378-6896f0d1c5ef","Microsoft-Windows-HomeGroup Provider Service/Operational","900","1400","rjaf-PC4429","S-1-5-19","12/9/2014 6:03:18 AM",,,"c:\users\mac_1\desktop\winevt\logs\microsoft-windows-homegroup provider service%4operational.evtx","System.UInt32[]","System.Diagnostics.Eventing.Reader.EventBookmark","Information","Info",,"System.Collections.ObjectModel.ReadOnlyCollection`1[System.String]","System.Collections.Generic.List`1[System.Diagnostics.Eventing.Reader.EventProperty]"
"HomeGroup status changed for HomeGroup 4. OldStatus: 132, NewStatus: %3","5013","0",,"4","0","0","-9223372036854775808","443","Microsoft-Windows-HomeGroup-ProviderService","c9bdb4eb-9287-4c8e-8378-6896f0d1c5ef","Microsoft-Windows-HomeGroup Provider Service/Operational","900","2140","rjaf-PC4429","S-1-5-19","12/9/2014 6:01:43 AM",,,"c:\users\mac_1\desktop\winevt\logs\microsoft-windows-homegroup provider service%4operational.evtx","System.UInt32[]","System.Diagnostics.Eventing.Reader.EventBookmark","Information","Info",,"System.Collections.ObjectModel.ReadOnlyCollection`1[System.String]","System.Collections.Generic.List`1[System.Diagnostics.Eventing.Reader.EventProperty]"
"HomeGroup status changed for HomeGroup 132. OldStatus: 4, NewStatus: %3","5013","0",,"4","0","0","-9223372036854775808","442","Microsoft-Windows-HomeGroup-ProviderService","c9bdb4eb-9287-4c8e-8378-6896f0d1c5ef","Microsoft-Windows-HomeGroup Provider Service/Operational","900","2368","rjaf-PC4429","S-1-5-19","12/9/2014 1:03:37 AM",,,"c:\users\mac_1\desktop\winevt\logs\microsoft-windows-homegroup provider service%4operational.evtx","System.UInt32[]","System.Diagnostics.Eventing.Reader.EventBookmark","Information","Info",,"System.Collections.ObjectModel.ReadOnlyCollection`1[System.String]","System.Collections.Generic.List`1[System.Diagnostics.Eventing.Reader.EventProperty]"
"HomeGroup status changed for HomeGroup 4. OldStatus: 132, NewStatus: %3","5013","0",,"4","0","0","-9223372036854775808","441","Microsoft-Windows-HomeGroup-ProviderService","c9bdb4eb-9287-4c8e-8378-6896f0d1c5ef","Microsoft-Windows-HomeGroup Provider Service/Operational","900","1332","rjaf-PC4429","S-1-5-19","12/9/2014 12:38:27 AM",,,"c:\users\mac_1\desktop\winevt\logs\microsoft-windows-homegroup provider service%4operational.evtx","System.UInt32[]","System.Diagnostics.Eventing.Reader.EventBookmark","Information","Info",,"System.Collections.ObjectModel.ReadOnlyCollection`1[System.String]","System.Collections.Generic.List`1[System.Diagnostics.Eventing.Reader.EventProperty]"
"HomeGroup status changed for HomeGroup 132. OldStatus: 4, NewStatus: %3","5013","0",,"4","0","0","-9223372036854775808","440","Microsoft-Windows-HomeGroup-ProviderService","c9bdb4eb-9287-4c8e-8378-6896f0d1c5ef","Microsoft-Windows-HomeGroup Provider Service/Operational","900","2308","rjaf-PC4429","S-1-5-19","12/8/2014 2:46:39 PM",,,"c:\users\mac_1\desktop\winevt\logs\microsoft-windows-homegroup provider service%4operational.evtx","System.UInt32[]","System.Diagnostics.Eventing.Reader.EventBookmark","Information","Info",,"System.Collections.ObjectModel.ReadOnlyCollection`1[System.String]","System.Collections.Generic.List`1[System.Diagnostics.Eventing.Reader.EventProperty]"
"HomeGroup status changed for HomeGroup 4. OldStatus: 132, NewStatus: %3","5013","0",,"4","0","0","-9223372036854775808","439","Microsoft-Windows-HomeGroup-ProviderService","c9bdb4eb-9287-4c8e-8378-6896f0d1c5ef","Microsoft-Windows-HomeGroup Provider Service/Operational","900","748","rjaf-PC4429","S-1-5-19","12/8/2014 12:59:58 PM",,,"c:\users\mac_1\desktop\winevt\logs\microsoft-windows-homegroup provider service%4operational.evtx","System.UInt32[]","System.Diagnostics.Eventing.Reader.EventBookmark","Information","Info",,"System.Collections.ObjectModel.ReadOnlyCollection`1[System.String]","System.Collections.Generic.List`1[System.Diagnostics.Eventing.Reader.EventProperty]"
"HomeGroup status changed for HomeGroup 132. OldStatus: 4, NewStatus: %3","5013","0",,"4","0","0","-9223372036854775808","438","Microsoft-Windows-HomeGroup-ProviderService","c9bdb4eb-9287-4c8e-8378-6896f0d1c5ef","Microsoft-Windows-HomeGroup Provider Service/Operational","900","2872","rjaf-PC4429","S-1-5-19","12/8/2014 12:58:21 PM",,,"c:\users\mac_1\desktop\winevt\logs\microsoft-windows-homegroup provider service%4operational.evtx","System.UInt32[]","System.Diagnostics.Eventing.Reader.EventBookmark","Information","Info",,"System.Collections.ObjectModel.ReadOnlyCollection`1[System.String]","System.Collections.Generic.List`1[System.Diagnostics.Eventing.Reader.EventProperty]"
"HomeGroup status changed for HomeGroup 4. OldStatus: 132, NewStatus: %3","5013","0",,"4","0","0","-9223372036854775808","437","Microsoft-Windows-HomeGroup-ProviderService","c9bdb4eb-9287-4c8e-8378-6896f0d1c5ef","Microsoft-Windows-HomeGroup Provider Service/Operational","900","3272","rjaf-PC4429","S-1-5-19","12/8/2014 12:36:14 PM",,,"c:\users\mac_1\desktop\winevt\logs\microsoft-windows-homegroup provider service%4operational.evtx","System.UInt32[]","System.Diagnostics.Eventing.Reader.EventBookmark","Information","Info",,"System.Collections.ObjectModel.ReadOnlyCollection`1[System.String]","System.Collections.Generic.List`1[System.Diagnostics.Eventing.Reader.EventProperty]"
"HomeGroup status changed for HomeGroup 132. OldStatus: 4, NewStatus: %3","5013","0",,"4","0","0","-9223372036854775808","436","Microsoft-Windows-HomeGroup-ProviderService","c9bdb4eb-9287-4c8e-8378-6896f0d1c5ef","Microsoft-Windows-HomeGroup Provider Service/Operational","900","2204","rjaf-PC4429","S-1-5-19","12/8/2014 12:36:07 PM",,,"c:\users\mac_1\desktop\winevt\logs\microsoft-windows-homegroup provider service%4operational.evtx","System.UInt32[]","System.Diagnostics.Eventing.Reader.EventBookmark","Information","Info",,"System.Collections.ObjectModel.ReadOnlyCollection`1[System.String]","System.Collections.Generic.List`1[System.Diagnostics.Eventing.Reader.EventProperty]"
"HomeGroup status changed for HomeGroup 4. OldStatus: 132, NewStatus: %3","5013","0",,"4","0","0","-9223372036854775808","435","Microsoft-Windows-HomeGroup-ProviderService","c9bdb4eb-9287-4c8e-8378-6896f0d1c5ef","Microsoft-Windows-HomeGroup Provider Service/Operational","900","1528","rjaf-PC4429","S-1-5-19","12/8/2014 11:32:26 AM",,,"c:\users\mac_1\desktop\winevt\logs\microsoft-windows-homegroup provider service%4operational.evtx","System.UInt32[]","System.Diagnostics.Eventing.Reader.EventBookmark","Information","Info",,"System.Collections.ObjectModel.ReadOnlyCollection`1[System.String]","System.Collections.Generic.List`1[System.Diagnostics.Eventing.Reader.EventProperty]"
"HomeGroup status changed for HomeGroup 132. OldStatus: 4, NewStatus: %3","5013","0",,"4","0","0","-9223372036854775808","434","Microsoft-Windows-HomeGroup-ProviderService","c9bdb4eb-9287-4c8e-8378-6896f0d1c5ef","Microsoft-Windows-HomeGroup Provider Service/Operational","900","2256","rjaf-PC4429","S-1-5-19","12/8/2014 8:11:23 AM",,,"c:\users\mac_1\desktop\winevt\logs\microsoft-windows-homegroup provider service%4operational.evtx","System.UInt32[]","System.Diagnostics.Eventing.Reader.EventBookmark","Information","Info",,"System.Collections.ObjectModel.ReadOnlyCollection`1[System.String]","System.Collections.Generic.List`1[System.Diagnostics.Eventing.Reader.EventProperty]"
"HomeGroup status changed for HomeGroup 4. OldStatus: 132, NewStatus: %3","5013","0",,"4","0","0","-9223372036854775808","433","Microsoft-Windows-HomeGroup-ProviderService","c9bdb4eb-9287-4c8e-8378-6896f0d1c5ef","Microsoft-Windows-HomeGroup Provider Service/Operational","900","2252","rjaf-PC4429","S-1-5-19","12/8/2014 7:23:50 AM",,,"c:\users\mac_1\desktop\winevt\logs\microsoft-windows-homegroup provider service%4operational.evtx","System.UInt32[]","System.Diagnostics.Eventing.Reader.EventBookmark","Information","Info",,"System.Collections.ObjectModel.ReadOnlyCollection`1[System.String]","System.Collections.Generic.List`1[System.Diagnostics.Eventing.Reader.EventProperty]"
"HomeGroup status changed for HomeGroup 132. OldStatus: 4, NewStatus: %3","5013","0",,"4","0","0","-9223372036854775808","432","Microsoft-Windows-HomeGroup-ProviderService","c9bdb4eb-9287-4c8e-8378-6896f0d1c5ef","Microsoft-Windows-HomeGroup Provider Service/Operational","900","3412","rjaf-PC4429","S-1-5-19","12/8/2014 7:14:51 AM",,,"c:\users\mac_1\desktop\winevt\logs\microsoft-windows-homegroup provider service%4operational.evtx","System.UInt32[]","System.Diagnostics.Eventing.Reader.EventBookmark","Information","Info",,"System.Collections.ObjectModel.ReadOnlyCollection`1[System.String]","System.Collections.Generic.List`1[System.Diagnostics.Eventing.Reader.EventProperty]"
"HomeGroup status changed for HomeGroup 4. OldStatus: 132, NewStatus: %3","5013","0",,"4","0","0","-9223372036854775808","431","Microsoft-Windows-HomeGroup-ProviderService","c9bdb4eb-9287-4c8e-8378-6896f0d1c5ef","Microsoft-Windows-HomeGroup Provider Service/Operational","900","2512","rjaf-PC4429","S-1-5-19","12/8/2014 6:46:18 AM",,,"c:\users\mac_1\desktop\winevt\logs\microsoft-windows-homegroup provider service%4operational.evtx","System.UInt32[]","System.Diagnostics.Eventing.Reader.EventBookmark","Information","Info",,"System.Collections.ObjectModel.ReadOnlyCollection`1[System.String]","System.Collections.Generic.List`1[System.Diagnostics.Eventing.Reader.EventProperty]"
"HomeGroup status changed for HomeGroup 132. OldStatus: 4, NewStatus: %3","5013","0",,"4","0","0","-9223372036854775808","430","Microsoft-Windows-HomeGroup-ProviderService","c9bdb4eb-9287-4c8e-8378-6896f0d1c5ef","Microsoft-Windows-HomeGroup Provider Service/Operational","900","3392","rjaf-PC4429","S-1-5-19","12/8/2014 6:26:35 AM",,,"c:\users\mac_1\desktop\winevt\logs\microsoft-windows-homegroup provider service%4operational.evtx","System.UInt32[]","System.Diagnostics.Eventing.Reader.EventBookmark","Information","Info",,"System.Collections.ObjectModel.ReadOnlyCollection`1[System.String]","System.Collections.Generic.List`1[System.Diagnostics.Eventing.Reader.EventProperty]"
"HomeGroup status changed for HomeGroup 4. OldStatus: 132, NewStatus: %3","5013","0",,"4","0","0","-9223372036854775808","429","Microsoft-Windows-HomeGroup-ProviderService","c9bdb4eb-9287-4c8e-8378-6896f0d1c5ef","Microsoft-Windows-HomeGroup Provider Service/Operational","900","2800","rjaf-PC4429","S-1-5-19","12/8/2014 5:51:00 AM",,,"c:\users\mac_1\desktop\winevt\logs\microsoft-windows-homegroup provider service%4operational.evtx","System.UInt32[]","System.Diagnostics.Eventing.Reader.EventBookmark","Information","Info",,"System.Collections.ObjectModel.ReadOnlyCollection`1[System.String]","System.Collections.Generic.List`1[System.Diagnostics.Eventing.Reader.EventProperty]"
"HomeGroup status changed for HomeGroup 132. OldStatus: 4, NewStatus: %3","5013","0",,"4","0","0","-9223372036854775808","428","Microsoft-Windows-HomeGroup-ProviderService","c9bdb4eb-9287-4c8e-8378-6896f0d1c5ef","Microsoft-Windows-HomeGroup Provider Service/Operational","900","2800","rjaf-PC4429","S-1-5-19","12/8/2014 5:49:49 AM",,,"c:\users\mac_1\desktop\winevt\logs\microsoft-windows-homegroup provider service%4operational.evtx","System.UInt32[]","System.Diagnostics.Eventing.Reader.EventBookmark","Information","Info",,"System.Collections.ObjectModel.ReadOnlyCollection`1[System.String]","System.Collections.Generic.List`1[System.Diagnostics.Eventing.Reader.EventProperty]"
"HomeGroup status changed for HomeGroup 4. OldStatus: 132, NewStatus: %3","5013","0",,"4","0","0","-9223372036854775808","427","Microsoft-Windows-HomeGroup-ProviderService","c9bdb4eb-9287-4c8e-8378-6896f0d1c5ef","Microsoft-Windows-HomeGroup Provider Service/Operational","900","1036","rjaf-PC4429","S-1-5-19","12/8/2014 4:35:22 AM",,,"c:\users\mac_1\desktop\winevt\logs\microsoft-windows-homegroup provider service%4operational.evtx","System.UInt32[]","System.Diagnostics.Eventing.Reader.EventBookmark","Information","Info",,"System.Collections.ObjectModel.ReadOnlyCollection`1[System.String]","System.Collections.Generic.List`1[System.Diagnostics.Eventing.Reader.EventProperty]"
"HomeGroup status changed for HomeGroup 132. OldStatus: 4, NewStatus: %3","5013","0",,"4","0","0","-9223372036854775808","426","Microsoft-Windows-HomeGroup-ProviderService","c9bdb4eb-9287-4c8e-8378-6896f0d1c5ef","Microsoft-Windows-HomeGroup Provider Service/Operational","900","3520","rjaf-PC4429","S-1-5-19","12/8/2014 4:16:34 AM",,,"c:\users\mac_1\desktop\winevt\logs\microsoft-windows-homegroup provider service%4operational.evtx","System.UInt32[]","System.Diagnostics.Eventing.Reader.EventBookmark","Information","Info",,"System.Collections.ObjectModel.ReadOnlyCollection`1[System.String]","System.Collections.Generic.List`1[System.Diagnostics.Eventing.Reader.EventProperty]"
"HomeGroup status changed for HomeGroup 4. OldStatus: 132, NewStatus: %3","5013","0",,"4","0","0","-9223372036854775808","425","Microsoft-Windows-HomeGroup-ProviderService","c9bdb4eb-9287-4c8e-8378-6896f0d1c5ef","Microsoft-Windows-HomeGroup Provider Service/Operational","900","2396","rjaf-PC4429","S-1-5-19","12/8/2014 2:25:07 AM",,,"c:\users\mac_1\desktop\winevt\logs\microsoft-windows-homegroup provider service%4operational.evtx","System.UInt32[]","System.Diagnostics.Eventing.Reader.EventBookmark","Information","Info",,"System.Collections.ObjectModel.ReadOnlyCollection`1[System.String]","System.Collections.Generic.List`1[System.Diagnostics.Eventing.Reader.EventProperty]"
"HomeGroup status changed for HomeGroup 132. OldStatus: 4, NewStatus: %3","5013","0",,"4","0","0","-9223372036854775808","424","Microsoft-Windows-HomeGroup-ProviderService","c9bdb4eb-9287-4c8e-8378-6896f0d1c5ef","Microsoft-Windows-HomeGroup Provider Service/Operational","900","1960","rjaf-PC4429","S-1-5-19","12/7/2014 10:55:22 PM",,,"c:\users\mac_1\desktop\winevt\logs\microsoft-windows-homegroup provider service%4operational.evtx","System.UInt32[]","System.Diagnostics.Eventing.Reader.EventBookmark","Information","Info",,"System.Collections.ObjectModel.ReadOnlyCollection`1[System.String]","System.Collections.Generic.List`1[System.Diagnostics.Eventing.Reader.EventProperty]"
"HomeGroup status changed for HomeGroup 4. OldStatus: 132, NewStatus: %3","5013","0",,"4","0","0","-9223372036854775808","423","Microsoft-Windows-HomeGroup-ProviderService","c9bdb4eb-9287-4c8e-8378-6896f0d1c5ef","Microsoft-Windows-HomeGroup Provider Service/Operational","900","3208","rjaf-PC4429","S-1-5-19","12/7/2014 10:17:10 PM",,,"c:\users\mac_1\desktop\winevt\logs\microsoft-windows-homegroup provider service%4operational.evtx","System.UInt32[]","System.Diagnostics.Eventing.Reader.EventBookmark","Information","Info",,"System.Collections.ObjectModel.ReadOnlyCollection`1[System.String]","System.Collections.Generic.List`1[System.Diagnostics.Eventing.Reader.EventProperty]"
"HomeGroup status changed for HomeGroup 132. OldStatus: 4, NewStatus: %3","5013","0",,"4","0","0","-9223372036854775808","422","Microsoft-Windows-HomeGroup-ProviderService","c9bdb4eb-9287-4c8e-8378-6896f0d1c5ef","Microsoft-Windows-HomeGroup Provider Service/Operational","900","2836","rjaf-PC4429","S-1-5-19","12/7/2014 1:47:43 PM",,,"c:\users\mac_1\desktop\winevt\logs\microsoft-windows-homegroup provider service%4operational.evtx","System.UInt32[]","System.Diagnostics.Eventing.Reader.EventBookmark","Information","Info",,"System.Collections.ObjectModel.ReadOnlyCollection`1[System.String]","System.Collections.Generic.List`1[System.Diagnostics.Eventing.Reader.EventProperty]"
"HomeGroup status changed for HomeGroup 4. OldStatus: 132, NewStatus: %3","5013","0",,"4","0","0","-9223372036854775808","421","Microsoft-Windows-HomeGroup-ProviderService","c9bdb4eb-9287-4c8e-8378-6896f0d1c5ef","Microsoft-Windows-HomeGroup Provider Service/Operational","900","3064","rjaf-PC4429","S-1-5-19","12/7/2014 1:04:41 PM",,,"c:\users\mac_1\desktop\winevt\logs\microsoft-windows-homegroup provider service%4operational.evtx","System.UInt32[]","System.Diagnostics.Eventing.Reader.EventBookmark","Information","Info",,"System.Collections.ObjectModel.ReadOnlyCollection`1[System.String]","System.Collections.Generic.List`1[System.Diagnostics.Eventing.Reader.EventProperty]"
"HomeGroup status changed for HomeGroup 132. OldStatus: 4, NewStatus: %3","5013","0",,"4","0","0","-9223372036854775808","420","Microsoft-Windows-HomeGroup-ProviderService","c9bdb4eb-9287-4c8e-8378-6896f0d1c5ef","Microsoft-Windows-HomeGroup Provider Service/Operational","900","188","rjaf-PC4429","S-1-5-19","12/7/2014 12:57:49 PM",,,"c:\users\mac_1\desktop\winevt\logs\microsoft-windows-homegroup provider service%4operational.evtx","System.UInt32[]","System.Diagnostics.Eventing.Reader.EventBookmark","Information","Info",,"System.Collections.ObjectModel.ReadOnlyCollection`1[System.String]","System.Collections.Generic.List`1[System.Diagnostics.Eventing.Reader.EventProperty]"
"HomeGroup status changed for HomeGroup 4. OldStatus: 132, NewStatus: %3","5013","0",,"4","0","0","-9223372036854775808","419","Microsoft-Windows-HomeGroup-ProviderService","c9bdb4eb-9287-4c8e-8378-6896f0d1c5ef","Microsoft-Windows-HomeGroup Provider Service/Operational","900","2956","rjaf-PC4429","S-1-5-19","12/7/2014 12:38:50 PM",,,"c:\users\mac_1\desktop\winevt\logs\microsoft-windows-homegroup provider service%4operational.evtx","System.UInt32[]","System.Diagnostics.Eventing.Reader.EventBookmark","Information","Info",,"System.Collections.ObjectModel.ReadOnlyCollection`1[System.String]","System.Collections.Generic.List`1[System.Diagnostics.Eventing.Reader.EventProperty]"
"HomeGroup status changed for HomeGroup 132. OldStatus: 4, NewStatus: %3","5013","0",,"4","0","0","-9223372036854775808","418","Microsoft-Windows-HomeGroup-ProviderService","c9bdb4eb-9287-4c8e-8378-6896f0d1c5ef","Microsoft-Windows-HomeGroup Provider Service/Operational","900","1164","rjaf-PC4429","S-1-5-19","12/7/2014 2:37:05 AM",,,"c:\users\mac_1\desktop\winevt\logs\microsoft-windows-homegroup provider service%4operational.evtx","System.UInt32[]","System.Diagnostics.Eventing.Reader.EventBookmark","Information","Info",,"System.Collections.ObjectModel.ReadOnlyCollection`1[System.String]","System.Collections.Generic.List`1[System.Diagnostics.Eventing.Reader.EventProperty]"
"HomeGroup status changed for HomeGroup 4. OldStatus: 132, NewStatus: %3","5013","0",,"4","0","0","-9223372036854775808","417","Microsoft-Windows-HomeGroup-ProviderService","c9bdb4eb-9287-4c8e-8378-6896f0d1c5ef","Microsoft-Windows-HomeGroup Provider Service/Operational","900","3216","rjaf-PC4429","S-1-5-19","12/7/2014 2:07:39 AM",,,"c:\users\mac_1\desktop\winevt\logs\microsoft-windows-homegroup provider service%4operational.evtx","System.UInt32[]","System.Diagnostics.Eventing.Reader.EventBookmark","Information","Info",,"System.Collections.ObjectModel.ReadOnlyCollection`1[System.String]","System.Collections.Generic.List`1[System.Diagnostics.Eventing.Reader.EventProperty]"
"HomeGroup status changed for HomeGroup 2. OldStatus: 4, NewStatus: %3","5013","0",,"4","0","0","-9223372036854775808","416","Microsoft-Windows-HomeGroup-ProviderService","c9bdb4eb-9287-4c8e-8378-6896f0d1c5ef","Microsoft-Windows-HomeGroup Provider Service/Operational","900","912","rjaf-PC4429","S-1-5-19","12/7/2014 1:58:04 AM",,,"c:\users\mac_1\desktop\winevt\logs\microsoft-windows-homegroup provider service%4operational.evtx","System.UInt32[]","System.Diagnostics.Eventing.Reader.EventBookmark","Information","Info",,"System.Collections.ObjectModel.ReadOnlyCollection`1[System.String]","System.Collections.Generic.List`1[System.Diagnostics.Eventing.Reader.EventProperty]"
"HomeGroup status changed for HomeGroup 0. OldStatus: 2, NewStatus: %3","5013","0",,"4","0","0","-9223372036854775808","415","Microsoft-Windows-HomeGroup-ProviderService","c9bdb4eb-9287-4c8e-8378-6896f0d1c5ef","Microsoft-Windows-HomeGroup Provider Service/Operational","900","912","rjaf-PC4429","S-1-5-19","12/7/2014 1:58:04 AM",,,"c:\users\mac_1\desktop\winevt\logs\microsoft-windows-homegroup provider service%4operational.evtx","System.UInt32[]","System.Diagnostics.Eventing.Reader.EventBookmark","Information","Info",,"System.Collections.ObjectModel.ReadOnlyCollection`1[System.String]","System.Collections.Generic.List`1[System.Diagnostics.Eventing.Reader.EventProperty]"
"HomeGroup status changed for HomeGroup 4. OldStatus: 132, NewStatus: %3","5013","0",,"4","0","0","-9223372036854775808","414","Microsoft-Windows-HomeGroup-ProviderService","c9bdb4eb-9287-4c8e-8378-6896f0d1c5ef","Microsoft-Windows-HomeGroup Provider Service/Operational","908","1140","rjaf-PC4429","S-1-5-19","12/6/2014 11:36:22 PM",,,"c:\users\mac_1\desktop\winevt\logs\microsoft-windows-homegroup provider service%4operational.evtx","System.UInt32[]","System.Diagnostics.Eventing.Reader.EventBookmark","Information","Info",,"System.Collections.ObjectModel.ReadOnlyCollection`1[System.String]","System.Collections.Generic.List`1[System.Diagnostics.Eventing.Reader.EventProperty]"
"HomeGroup status changed for HomeGroup 2. OldStatus: 4, NewStatus: %3","5013","0",,"4","0","0","-9223372036854775808","413","Microsoft-Windows-HomeGroup-ProviderService","c9bdb4eb-9287-4c8e-8378-6896f0d1c5ef","Microsoft-Windows-HomeGroup Provider Service/Operational","908","372","rjaf-PC4429","S-1-5-19","12/6/2014 11:36:11 PM",,,"c:\users\mac_1\desktop\winevt\logs\microsoft-windows-homegroup provider service%4operational.evtx","System.UInt32[]","System.Diagnostics.Eventing.Reader.EventBookmark","Information","Info",,"System.Collections.ObjectModel.ReadOnlyCollection`1[System.String]","System.Collections.Generic.List`1[System.Diagnostics.Eventing.Reader.EventProperty]"
"HomeGroup status changed for HomeGroup 0. OldStatus: 2, NewStatus: %3","5013","0",,"4","0","0","-9223372036854775808","412","Microsoft-Windows-HomeGroup-ProviderService","c9bdb4eb-9287-4c8e-8378-6896f0d1c5ef","Microsoft-Windows-HomeGroup Provider Service/Operational","908","372","rjaf-PC4429","S-1-5-19","12/6/2014 11:36:11 PM",,,"c:\users\mac_1\desktop\winevt\logs\microsoft-windows-homegroup provider service%4operational.evtx","System.UInt32[]","System.Diagnostics.Eventing.Reader.EventBookmark","Information","Info",,"System.Collections.ObjectModel.ReadOnlyCollection`1[System.String]","System.Collections.Generic.List`1[System.Diagnostics.Eventing.Reader.EventProperty]"
"HomeGroup status changed for HomeGroup 132. OldStatus: 4, NewStatus: %3","5013","0",,"4","0","0","-9223372036854775808","411","Microsoft-Windows-HomeGroup-ProviderService","c9bdb4eb-9287-4c8e-8378-6896f0d1c5ef","Microsoft-Windows-HomeGroup Provider Service/Operational","884","5672","rjaf-PC4429","S-1-5-19","12/6/2014 12:23:15 AM",,,"c:\users\mac_1\desktop\winevt\logs\microsoft-windows-homegroup provider service%4operational.evtx","System.UInt32[]","System.Diagnostics.Eventing.Reader.EventBookmark","Information","Info",,"System.Collections.ObjectModel.ReadOnlyCollection`1[System.String]","System.Collections.Generic.List`1[System.Diagnostics.Eventing.Reader.EventProperty]"
"HomeGroup status changed for HomeGroup 4. OldStatus: 132, NewStatus: %3","5013","0",,"4","0","0","-9223372036854775808","410","Microsoft-Windows-HomeGroup-ProviderService","c9bdb4eb-9287-4c8e-8378-6896f0d1c5ef","Microsoft-Windows-HomeGroup Provider Service/Operational","884","4572","rjaf-PC4429","S-1-5-19","12/6/2014 12:20:35 AM",,,"c:\users\mac_1\desktop\winevt\logs\microsoft-windows-homegroup provider service%4operational.evtx","System.UInt32[]","System.Diagnostics.Eventing.Reader.EventBookmark","Information","Info",,"System.Collections.ObjectModel.ReadOnlyCollection`1[System.String]","System.Collections.Generic.List`1[System.Diagnostics.Eventing.Reader.EventProperty]"
"HomeGroup status changed for HomeGroup 132. OldStatus: 4, NewStatus: %3","5013","0",,"4","0","0","-9223372036854775808","409","Microsoft-Windows-HomeGroup-ProviderService","c9bdb4eb-9287-4c8e-8378-6896f0d1c5ef","Microsoft-Windows-HomeGroup Provider Service/Operational","884","3496","rjaf-PC4429","S-1-5-19","12/5/2014 5:00:17 PM",,,"c:\users\mac_1\desktop\winevt\logs\microsoft-windows-homegroup provider service%4operational.evtx","System.UInt32[]","System.Diagnostics.Eventing.Reader.EventBookmark","Information","Info",,"System.Collections.ObjectModel.ReadOnlyCollection`1[System.String]","System.Collections.Generic.List`1[System.Diagnostics.Eventing.Reader.EventProperty]"
"HomeGroup status changed for HomeGroup 4. OldStatus: 132, NewStatus: %3","5013","0",,"4","0","0","-9223372036854775808","408","Microsoft-Windows-HomeGroup-ProviderService","c9bdb4eb-9287-4c8e-8378-6896f0d1c5ef","Microsoft-Windows-HomeGroup Provider Service/Operational","884","5048","rjaf-PC4429","S-1-5-19","12/5/2014 4:00:00 AM",,,"c:\users\mac_1\desktop\winevt\logs\microsoft-windows-homegroup provider service%4operational.evtx","System.UInt32[]","System.Diagnostics.Eventing.Reader.EventBookmark","Information","Info",,"System.Collections.ObjectModel.ReadOnlyCollection`1[System.String]","System.Collections.Generic.List`1[System.Diagnostics.Eventing.Reader.EventProperty]"
"HomeGroup status changed for HomeGroup 132. OldStatus: 4, NewStatus: %3","5013","0",,"4","0","0","-9223372036854775808","407","Microsoft-Windows-HomeGroup-ProviderService","c9bdb4eb-9287-4c8e-8378-6896f0d1c5ef","Microsoft-Windows-HomeGroup Provider Service/Operational","884","3184","rjaf-PC4429","S-1-5-19","12/4/2014 1:03:24 AM",,,"c:\users\mac_1\desktop\winevt\logs\microsoft-windows-homegroup provider service%4operational.evtx","System.UInt32[]","System.Diagnostics.Eventing.Reader.EventBookmark","Information","Info",,"System.Collections.ObjectModel.ReadOnlyCollection`1[System.String]","System.Collections.Generic.List`1[System.Diagnostics.Eventing.Reader.EventProperty]"
"HomeGroup status changed for HomeGroup 4. OldStatus: 132, NewStatus: %3","5013","0",,"4","0","0","-9223372036854775808","406","Microsoft-Windows-HomeGroup-ProviderService","c9bdb4eb-9287-4c8e-8378-6896f0d1c5ef","Microsoft-Windows-HomeGroup Provider Service/Operational","884","5464","rjaf-PC4429","S-1-5-19","12/4/2014 12:32:49 AM",,,"c:\users\mac_1\desktop\winevt\logs\microsoft-windows-homegroup provider service%4operational.evtx","System.UInt32[]","System.Diagnostics.Eventing.Reader.EventBookmark","Information","Info",,"System.Collections.ObjectModel.ReadOnlyCollection`1[System.String]","System.Collections.Generic.List`1[System.Diagnostics.Eventing.Reader.EventProperty]"
