"Error 0x80070002 occurred while verifying known folder {1777F761-68AD-4D8A-87BD-30B759FA33DD} with path 'C:\Windows\system32\config\systemprofile\Favorites'.","1002","0",,"3","0","0","-9223372036854775808","2897","Microsoft-Windows-KnownFolders","8939299f-2315-4c5c-9b91-abb86aa0627d","Microsoft-Windows-Known Folders API Service","3068","3176","rjaf-PC4429","S-1-5-18","4/8/2015 11:47:29 PM",,,"c:\users\mac_1\desktop\winevt\logs\microsoft-windows-known folders api service.evtx","System.UInt32[]","System.Diagnostics.Eventing.Reader.EventBookmark","Warning","Info",,"System.Collections.ObjectModel.ReadOnlyCollection`1[System.String]","System.Collections.Generic.List`1[System.Diagnostics.Eventing.Reader.EventProperty]"
"Error 0x80070002 occurred while verifying known folder {B4BFCC3A-DB2C-424C-B029-7FE99A87C641} with path 'C:\Windows\system32\config\systemprofile\Desktop'.","1002","0",,"3","0","0","-9223372036854775808","2896","Microsoft-Windows-KnownFolders","8939299f-2315-4c5c-9b91-abb86aa0627d","Microsoft-Windows-Known Folders API Service","2960","3056","rjaf-PC4429","S-1-5-18","4/8/2015 4:32:57 AM",,,"c:\users\mac_1\desktop\winevt\logs\microsoft-windows-known folders api service.evtx","System.UInt32[]","System.Diagnostics.Eventing.Reader.EventBookmark","Warning","Info",,"System.Collections.ObjectModel.ReadOnlyCollection`1[System.String]","System.Collections.Generic.List`1[System.Diagnostics.Eventing.Reader.EventProperty]"
"Error 0x80070002 occurred while verifying known folder {FDD39AD0-238F-46AF-ADB4-6C85480369C7} with path 'C:\Windows\system32\config\systemprofile\Documents'.","1002","0",,"3","0","0","-9223372036854775808","2895","Microsoft-Windows-KnownFolders","8939299f-2315-4c5c-9b91-abb86aa0627d","Microsoft-Windows-Known Folders API Service","2960","3056","rjaf-PC4429","S-1-5-18","4/8/2015 4:32:57 AM",,,"c:\users\mac_1\desktop\winevt\logs\microsoft-windows-known folders api service.evtx","System.UInt32[]","System.Diagnostics.Eventing.Reader.EventBookmark","Warning","Info",,"System.Collections.ObjectModel.ReadOnlyCollection`1[System.String]","System.Collections.Generic.List`1[System.Diagnostics.Eventing.Reader.EventProperty]"
"Error 0x80070002 occurred while verifying known folder {625B53C3-AB48-4EC1-BA1F-A1EF4146FC19} with path 'C:\Windows\system32\config\systemprofile\AppData\Roaming\Microsoft\Windows\Start Menu'.","1002","0",,"3","0","0","-9223372036854775808","2894","Microsoft-Windows-KnownFolders","8939299f-2315-4c5c-9b91-abb86aa0627d","Microsoft-Windows-Known Folders API Service","2960","3056","rjaf-PC4429","S-1-5-18","4/8/2015 4:32:57 AM",,,"c:\users\mac_1\desktop\winevt\logs\microsoft-windows-known folders api service.evtx","System.UInt32[]","System.Diagnostics.Eventing.Reader.EventBookmark","Warning","Info",,"System.Collections.ObjectModel.ReadOnlyCollection`1[System.String]","System.Collections.Generic.List`1[System.Diagnostics.Eventing.Reader.EventProperty]"
"Error 0x80070002 occurred while verifying known folder {1777F761-68AD-4D8A-87BD-30B759FA33DD} with path 'C:\Windows\system32\config\systemprofile\Favorites'.","1002","0",,"3","0","0","-9223372036854775808","2893","Microsoft-Windows-KnownFolders","8939299f-2315-4c5c-9b91-abb86aa0627d","Microsoft-Windows-Known Folders API Service","2960","3056","rjaf-PC4429","S-1-5-18","4/8/2015 4:32:57 AM",,,"c:\users\mac_1\desktop\winevt\logs\microsoft-windows-known folders api service.evtx","System.UInt32[]","System.Diagnostics.Eventing.Reader.EventBookmark","Warning","Info",,"System.Collections.ObjectModel.ReadOnlyCollection`1[System.String]","System.Collections.Generic.List`1[System.Diagnostics.Eventing.Reader.EventProperty]"
"Error 0x80070005 occurred while verifying known folder {F1B32785-6FBA-4FCF-9D55-7B8E7F157091} with path 'C:\Windows\system32\config\systemprofile\AppData\Local'.","1002","0",,"3","0","0","-9223372036854775808","2892","Microsoft-Windows-KnownFolders","8939299f-2315-4c5c-9b91-abb86aa0627d","Microsoft-Windows-Known Folders API Service","3300","2500","rjaf-PC4429","S-1-5-18","4/8/2015 2:31:04 AM",,,"c:\users\mac_1\desktop\winevt\logs\microsoft-windows-known folders api service.evtx","System.UInt32[]","System.Diagnostics.Eventing.Reader.EventBookmark","Warning","Info",,"System.Collections.ObjectModel.ReadOnlyCollection`1[System.String]","System.Collections.Generic.List`1[System.Diagnostics.Eventing.Reader.EventProperty]"
"Error 0x80070002 occurred while verifying known folder {B4BFCC3A-DB2C-424C-B029-7FE99A87C641} with path 'C:\Windows\system32\config\systemprofile\Desktop'.","1002","0",,"3","0","0","-9223372036854775808","2891","Microsoft-Windows-KnownFolders","8939299f-2315-4c5c-9b91-abb86aa0627d","Microsoft-Windows-Known Folders API Service","3016","3104","rjaf-PC4429","S-1-5-18","4/7/2015 4:43:56 AM",,,"c:\users\mac_1\desktop\winevt\logs\microsoft-windows-known folders api service.evtx","System.UInt32[]","System.Diagnostics.Eventing.Reader.EventBookmark","Warning","Info",,"System.Collections.ObjectModel.ReadOnlyCollection`1[System.String]","System.Collections.Generic.List`1[System.Diagnostics.Eventing.Reader.EventProperty]"
"Error 0x80070002 occurred while verifying known folder {FDD39AD0-238F-46AF-ADB4-6C85480369C7} with path 'C:\Windows\system32\config\systemprofile\Documents'.","1002","0",,"3","0","0","-9223372036854775808","2890","Microsoft-Windows-KnownFolders","8939299f-2315-4c5c-9b91-abb86aa0627d","Microsoft-Windows-Known Folders API Service","3016","3104","rjaf-PC4429","S-1-5-18","4/7/2015 4:43:56 AM",,,"c:\users\mac_1\desktop\winevt\logs\microsoft-windows-known folders api service.evtx","System.UInt32[]","System.Diagnostics.Eventing.Reader.EventBookmark","Warning","Info",,"System.Collections.ObjectModel.ReadOnlyCollection`1[System.String]","System.Collections.Generic.List`1[System.Diagnostics.Eventing.Reader.EventProperty]"
"Error 0x80070002 occurred while verifying known folder {625B53C3-AB48-4EC1-BA1F-A1EF4146FC19} with path 'C:\Windows\system32\config\systemprofile\AppData\Roaming\Microsoft\Windows\Start Menu'.","1002","0",,"3","0","0","-9223372036854775808","2889","Microsoft-Windows-KnownFolders","8939299f-2315-4c5c-9b91-abb86aa0627d","Microsoft-Windows-Known Folders API Service","3016","3104","rjaf-PC4429","S-1-5-18","4/7/2015 4:43:56 AM",,,"c:\users\mac_1\desktop\winevt\logs\microsoft-windows-known folders api service.evtx","System.UInt32[]","System.Diagnostics.Eventing.Reader.EventBookmark","Warning","Info",,"System.Collections.ObjectModel.ReadOnlyCollection`1[System.String]","System.Collections.Generic.List`1[System.Diagnostics.Eventing.Reader.EventProperty]"
"Error 0x80070002 occurred while verifying known folder {1777F761-68AD-4D8A-87BD-30B759FA33DD} with path 'C:\Windows\system32\config\systemprofile\Favorites'.","1002","0",,"3","0","0","-9223372036854775808","2888","Microsoft-Windows-KnownFolders","8939299f-2315-4c5c-9b91-abb86aa0627d","Microsoft-Windows-Known Folders API Service","3016","3104","rjaf-PC4429","S-1-5-18","4/7/2015 4:43:56 AM",,,"c:\users\mac_1\desktop\winevt\logs\microsoft-windows-known folders api service.evtx","System.UInt32[]","System.Diagnostics.Eventing.Reader.EventBookmark","Warning","Info",,"System.Collections.ObjectModel.ReadOnlyCollection`1[System.String]","System.Collections.Generic.List`1[System.Diagnostics.Eventing.Reader.EventProperty]"
"Error 0x80070002 occurred while verifying known folder {B4BFCC3A-DB2C-424C-B029-7FE99A87C641} with path 'C:\Windows\system32\config\systemprofile\Desktop'.","1002","0",,"3","0","0","-9223372036854775808","2887","Microsoft-Windows-KnownFolders","8939299f-2315-4c5c-9b91-abb86aa0627d","Microsoft-Windows-Known Folders API Service","3084","3160","rjaf-PC4429","S-1-5-18","4/5/2015 12:21:45 AM",,,"c:\users\mac_1\desktop\winevt\logs\microsoft-windows-known folders api service.evtx","System.UInt32[]","System.Diagnostics.Eventing.Reader.EventBookmark","Warning","Info",,"System.Collections.ObjectModel.ReadOnlyCollection`1[System.String]","System.Collections.Generic.List`1[System.Diagnostics.Eventing.Reader.EventProperty]"
"Error 0x80070002 occurred while verifying known folder {FDD39AD0-238F-46AF-ADB4-6C85480369C7} with path 'C:\Windows\system32\config\systemprofile\Documents'.","1002","0",,"3","0","0","-9223372036854775808","2886","Microsoft-Windows-KnownFolders","8939299f-2315-4c5c-9b91-abb86aa0627d","Microsoft-Windows-Known Folders API Service","3084","3160","rjaf-PC4429","S-1-5-18","4/5/2015 12:21:45 AM",,,"c:\users\mac_1\desktop\winevt\logs\microsoft-windows-known folders api service.evtx","System.UInt32[]","System.Diagnostics.Eventing.Reader.EventBookmark","Warning","Info",,"System.Collections.ObjectModel.ReadOnlyCollection`1[System.String]","System.Collections.Generic.List`1[System.Diagnostics.Eventing.Reader.EventProperty]"
"Error 0x80070002 occurred while verifying known folder {625B53C3-AB48-4EC1-BA1F-A1EF4146FC19} with path 'C:\Windows\system32\config\systemprofile\AppData\Roaming\Microsoft\Windows\Start Menu'.","1002","0",,"3","0","0","-9223372036854775808","2885","Microsoft-Windows-KnownFolders","8939299f-2315-4c5c-9b91-abb86aa0627d","Microsoft-Windows-Known Folders API Service","3084","3160","rjaf-PC4429","S-1-5-18","4/5/2015 12:21:45 AM",,,"c:\users\mac_1\desktop\winevt\logs\microsoft-windows-known folders api service.evtx","System.UInt32[]","System.Diagnostics.Eventing.Reader.EventBookmark","Warning","Info",,"System.Collections.ObjectModel.ReadOnlyCollection`1[System.String]","System.Collections.Generic.List`1[System.Diagnostics.Eventing.Reader.EventProperty]"
"Error 0x80070002 occurred while verifying known folder {1777F761-68AD-4D8A-87BD-30B759FA33DD} with path 'C:\Windows\system32\config\systemprofile\Favorites'.","1002","0",,"3","0","0","-9223372036854775808","2884","Microsoft-Windows-KnownFolders","8939299f-2315-4c5c-9b91-abb86aa0627d","Microsoft-Windows-Known Folders API Service","3084","3160","rjaf-PC4429","S-1-5-18","4/5/2015 12:21:45 AM",,,"c:\users\mac_1\desktop\winevt\logs\microsoft-windows-known folders api service.evtx","System.UInt32[]","System.Diagnostics.Eventing.Reader.EventBookmark","Warning","Info",,"System.Collections.ObjectModel.ReadOnlyCollection`1[System.String]","System.Collections.Generic.List`1[System.Diagnostics.Eventing.Reader.EventProperty]"
"Error 0x80070002 occurred while verifying known folder {B4BFCC3A-DB2C-424C-B029-7FE99A87C641} with path 'C:\Windows\system32\config\systemprofile\Desktop'.","1002","0",,"3","0","0","-9223372036854775808","2883","Microsoft-Windows-KnownFolders","8939299f-2315-4c5c-9b91-abb86aa0627d","Microsoft-Windows-Known Folders API Service","3000","3084","rjaf-PC4429","S-1-5-18","4/4/2015 12:00:23 PM",,,"c:\users\mac_1\desktop\winevt\logs\microsoft-windows-known folders api service.evtx","System.UInt32[]","System.Diagnostics.Eventing.Reader.EventBookmark","Warning","Info",,"System.Collections.ObjectModel.ReadOnlyCollection`1[System.String]","System.Collections.Generic.List`1[System.Diagnostics.Eventing.Reader.EventProperty]"
"Error 0x80070002 occurred while verifying known folder {FDD39AD0-238F-46AF-ADB4-6C85480369C7} with path 'C:\Windows\system32\config\systemprofile\Documents'.","1002","0",,"3","0","0","-9223372036854775808","2882","Microsoft-Windows-KnownFolders","8939299f-2315-4c5c-9b91-abb86aa0627d","Microsoft-Windows-Known Folders API Service","3000","3084","rjaf-PC4429","S-1-5-18","4/4/2015 12:00:23 PM",,,"c:\users\mac_1\desktop\winevt\logs\microsoft-windows-known folders api service.evtx","System.UInt32[]","System.Diagnostics.Eventing.Reader.EventBookmark","Warning","Info",,"System.Collections.ObjectModel.ReadOnlyCollection`1[System.String]","System.Collections.Generic.List`1[System.Diagnostics.Eventing.Reader.EventProperty]"
"Error 0x80070002 occurred while verifying known folder {625B53C3-AB48-4EC1-BA1F-A1EF4146FC19} with path 'C:\Windows\system32\config\systemprofile\AppData\Roaming\Microsoft\Windows\Start Menu'.","1002","0",,"3","0","0","-9223372036854775808","2881","Microsoft-Windows-KnownFolders","8939299f-2315-4c5c-9b91-abb86aa0627d","Microsoft-Windows-Known Folders API Service","3000","3084","rjaf-PC4429","S-1-5-18","4/4/2015 12:00:23 PM",,,"c:\users\mac_1\desktop\winevt\logs\microsoft-windows-known folders api service.evtx","System.UInt32[]","System.Diagnostics.Eventing.Reader.EventBookmark","Warning","Info",,"System.Collections.ObjectModel.ReadOnlyCollection`1[System.String]","System.Collections.Generic.List`1[System.Diagnostics.Eventing.Reader.EventProperty]"
"Error 0x80070002 occurred while verifying known folder {1777F761-68AD-4D8A-87BD-30B759FA33DD} with path 'C:\Windows\system32\config\systemprofile\Favorites'.","1002","0",,"3","0","0","-9223372036854775808","2880","Microsoft-Windows-KnownFolders","8939299f-2315-4c5c-9b91-abb86aa0627d","Microsoft-Windows-Known Folders API Service","3000","3084","rjaf-PC4429","S-1-5-18","4/4/2015 12:00:23 PM",,,"c:\users\mac_1\desktop\winevt\logs\microsoft-windows-known folders api service.evtx","System.UInt32[]","System.Diagnostics.Eventing.Reader.EventBookmark","Warning","Info",,"System.Collections.ObjectModel.ReadOnlyCollection`1[System.String]","System.Collections.Generic.List`1[System.Diagnostics.Eventing.Reader.EventProperty]"
"Error 0x80070002 occurred while verifying known folder {B4BFCC3A-DB2C-424C-B029-7FE99A87C641} with path 'C:\Windows\system32\config\systemprofile\Desktop'.","1002","0",,"3","0","0","-9223372036854775808","2879","Microsoft-Windows-KnownFolders","8939299f-2315-4c5c-9b91-abb86aa0627d","Microsoft-Windows-Known Folders API Service","2848","2932","rjaf-PC4429","S-1-5-18","4/4/2015 11:09:08 AM",,,"c:\users\mac_1\desktop\winevt\logs\microsoft-windows-known folders api service.evtx","System.UInt32[]","System.Diagnostics.Eventing.Reader.EventBookmark","Warning","Info",,"System.Collections.ObjectModel.ReadOnlyCollection`1[System.String]","System.Collections.Generic.List`1[System.Diagnostics.Eventing.Reader.EventProperty]"
"Error 0x80070002 occurred while verifying known folder {FDD39AD0-238F-46AF-ADB4-6C85480369C7} with path 'C:\Windows\system32\config\systemprofile\Documents'.","1002","0",,"3","0","0","-9223372036854775808","2878","Microsoft-Windows-KnownFolders","8939299f-2315-4c5c-9b91-abb86aa0627d","Microsoft-Windows-Known Folders API Service","2848","2932","rjaf-PC4429","S-1-5-18","4/4/2015 11:09:08 AM",,,"c:\users\mac_1\desktop\winevt\logs\microsoft-windows-known folders api service.evtx","System.UInt32[]","System.Diagnostics.Eventing.Reader.EventBookmark","Warning","Info",,"System.Collections.ObjectModel.ReadOnlyCollection`1[System.String]","System.Collections.Generic.List`1[System.Diagnostics.Eventing.Reader.EventProperty]"
"Error 0x80070002 occurred while verifying known folder {625B53C3-AB48-4EC1-BA1F-A1EF4146FC19} with path 'C:\Windows\system32\config\systemprofile\AppData\Roaming\Microsoft\Windows\Start Menu'.","1002","0",,"3","0","0","-9223372036854775808","2877","Microsoft-Windows-KnownFolders","8939299f-2315-4c5c-9b91-abb86aa0627d","Microsoft-Windows-Known Folders API Service","2848","2932","rjaf-PC4429","S-1-5-18","4/4/2015 11:09:08 AM",,,"c:\users\mac_1\desktop\winevt\logs\microsoft-windows-known folders api service.evtx","System.UInt32[]","System.Diagnostics.Eventing.Reader.EventBookmark","Warning","Info",,"System.Collections.ObjectModel.ReadOnlyCollection`1[System.String]","System.Collections.Generic.List`1[System.Diagnostics.Eventing.Reader.EventProperty]"
"Error 0x80070002 occurred while verifying known folder {1777F761-68AD-4D8A-87BD-30B759FA33DD} with path 'C:\Windows\system32\config\systemprofile\Favorites'.","1002","0",,"3","0","0","-9223372036854775808","2876","Microsoft-Windows-KnownFolders","8939299f-2315-4c5c-9b91-abb86aa0627d","Microsoft-Windows-Known Folders API Service","2848","2932","rjaf-PC4429","S-1-5-18","4/4/2015 11:09:08 AM",,,"c:\users\mac_1\desktop\winevt\logs\microsoft-windows-known folders api service.evtx","System.UInt32[]","System.Diagnostics.Eventing.Reader.EventBookmark","Warning","Info",,"System.Collections.ObjectModel.ReadOnlyCollection`1[System.String]","System.Collections.Generic.List`1[System.Diagnostics.Eventing.Reader.EventProperty]"
"Error 0x80070002 occurred while verifying known folder {B4BFCC3A-DB2C-424C-B029-7FE99A87C641} with path 'C:\Windows\system32\config\systemprofile\Desktop'.","1002","0",,"3","0","0","-9223372036854775808","2875","Microsoft-Windows-KnownFolders","8939299f-2315-4c5c-9b91-abb86aa0627d","Microsoft-Windows-Known Folders API Service","2984","3080","rjaf-PC4429","S-1-5-18","4/4/2015 10:41:05 AM",,,"c:\users\mac_1\desktop\winevt\logs\microsoft-windows-known folders api service.evtx","System.UInt32[]","System.Diagnostics.Eventing.Reader.EventBookmark","Warning","Info",,"System.Collections.ObjectModel.ReadOnlyCollection`1[System.String]","System.Collections.Generic.List`1[System.Diagnostics.Eventing.Reader.EventProperty]"
"Error 0x80070002 occurred while verifying known folder {FDD39AD0-238F-46AF-ADB4-6C85480369C7} with path 'C:\Windows\system32\config\systemprofile\Documents'.","1002","0",,"3","0","0","-9223372036854775808","2874","Microsoft-Windows-KnownFolders","8939299f-2315-4c5c-9b91-abb86aa0627d","Microsoft-Windows-Known Folders API Service","2984","3080","rjaf-PC4429","S-1-5-18","4/4/2015 10:41:05 AM",,,"c:\users\mac_1\desktop\winevt\logs\microsoft-windows-known folders api service.evtx","System.UInt32[]","System.Diagnostics.Eventing.Reader.EventBookmark","Warning","Info",,"System.Collections.ObjectModel.ReadOnlyCollection`1[System.String]","System.Collections.Generic.List`1[System.Diagnostics.Eventing.Reader.EventProperty]"
"Error 0x80070002 occurred while verifying known folder {625B53C3-AB48-4EC1-BA1F-A1EF4146FC19} with path 'C:\Windows\system32\config\systemprofile\AppData\Roaming\Microsoft\Windows\Start Menu'.","1002","0",,"3","0","0","-9223372036854775808","2873","Microsoft-Windows-KnownFolders","8939299f-2315-4c5c-9b91-abb86aa0627d","Microsoft-Windows-Known Folders API Service","2984","3080","rjaf-PC4429","S-1-5-18","4/4/2015 10:41:05 AM",,,"c:\users\mac_1\desktop\winevt\logs\microsoft-windows-known folders api service.evtx","System.UInt32[]","System.Diagnostics.Eventing.Reader.EventBookmark","Warning","Info",,"System.Collections.ObjectModel.ReadOnlyCollection`1[System.String]","System.Collections.Generic.List`1[System.Diagnostics.Eventing.Reader.EventProperty]"
"Error 0x80070002 occurred while verifying known folder {1777F761-68AD-4D8A-87BD-30B759FA33DD} with path 'C:\Windows\system32\config\systemprofile\Favorites'.","1002","0",,"3","0","0","-9223372036854775808","2872","Microsoft-Windows-KnownFolders","8939299f-2315-4c5c-9b91-abb86aa0627d","Microsoft-Windows-Known Folders API Service","2984","3080","rjaf-PC4429","S-1-5-18","4/4/2015 10:41:05 AM",,,"c:\users\mac_1\desktop\winevt\logs\microsoft-windows-known folders api service.evtx","System.UInt32[]","System.Diagnostics.Eventing.Reader.EventBookmark","Warning","Info",,"System.Collections.ObjectModel.ReadOnlyCollection`1[System.String]","System.Collections.Generic.List`1[System.Diagnostics.Eventing.Reader.EventProperty]"
"Error 0x80070002 occurred while verifying known folder {B4BFCC3A-DB2C-424C-B029-7FE99A87C641} with path 'C:\Windows\system32\config\systemprofile\Desktop'.","1002","0",,"3","0","0","-9223372036854775808","2871","Microsoft-Windows-KnownFolders","8939299f-2315-4c5c-9b91-abb86aa0627d","Microsoft-Windows-Known Folders API Service","2992","3092","rjaf-PC4429","S-1-5-18","4/3/2015 5:27:23 AM",,,"c:\users\mac_1\desktop\winevt\logs\microsoft-windows-known folders api service.evtx","System.UInt32[]","System.Diagnostics.Eventing.Reader.EventBookmark","Warning","Info",,"System.Collections.ObjectModel.ReadOnlyCollection`1[System.String]","System.Collections.Generic.List`1[System.Diagnostics.Eventing.Reader.EventProperty]"
"Error 0x80070002 occurred while verifying known folder {FDD39AD0-238F-46AF-ADB4-6C85480369C7} with path 'C:\Windows\system32\config\systemprofile\Documents'.","1002","0",,"3","0","0","-9223372036854775808","2870","Microsoft-Windows-KnownFolders","8939299f-2315-4c5c-9b91-abb86aa0627d","Microsoft-Windows-Known Folders API Service","2992","3092","rjaf-PC4429","S-1-5-18","4/3/2015 5:27:23 AM",,,"c:\users\mac_1\desktop\winevt\logs\microsoft-windows-known folders api service.evtx","System.UInt32[]","System.Diagnostics.Eventing.Reader.EventBookmark","Warning","Info",,"System.Collections.ObjectModel.ReadOnlyCollection`1[System.String]","System.Collections.Generic.List`1[System.Diagnostics.Eventing.Reader.EventProperty]"
"Error 0x80070002 occurred while verifying known folder {625B53C3-AB48-4EC1-BA1F-A1EF4146FC19} with path 'C:\Windows\system32\config\systemprofile\AppData\Roaming\Microsoft\Windows\Start Menu'.","1002","0",,"3","0","0","-9223372036854775808","2869","Microsoft-Windows-KnownFolders","8939299f-2315-4c5c-9b91-abb86aa0627d","Microsoft-Windows-Known Folders API Service","2992","3092","rjaf-PC4429","S-1-5-18","4/3/2015 5:27:23 AM",,,"c:\users\mac_1\desktop\winevt\logs\microsoft-windows-known folders api service.evtx","System.UInt32[]","System.Diagnostics.Eventing.Reader.EventBookmark","Warning","Info",,"System.Collections.ObjectModel.ReadOnlyCollection`1[System.String]","System.Collections.Generic.List`1[System.Diagnostics.Eventing.Reader.EventProperty]"
"Error 0x80070002 occurred while verifying known folder {1777F761-68AD-4D8A-87BD-30B759FA33DD} with path 'C:\Windows\system32\config\systemprofile\Favorites'.","1002","0",,"3","0","0","-9223372036854775808","2868","Microsoft-Windows-KnownFolders","8939299f-2315-4c5c-9b91-abb86aa0627d","Microsoft-Windows-Known Folders API Service","2992","3092","rjaf-PC4429","S-1-5-18","4/3/2015 5:27:23 AM",,,"c:\users\mac_1\desktop\winevt\logs\microsoft-windows-known folders api service.evtx","System.UInt32[]","System.Diagnostics.Eventing.Reader.EventBookmark","Warning","Info",,"System.Collections.ObjectModel.ReadOnlyCollection`1[System.String]","System.Collections.Generic.List`1[System.Diagnostics.Eventing.Reader.EventProperty]"
"Error 0x80070002 occurred while verifying known folder {B4BFCC3A-DB2C-424C-B029-7FE99A87C641} with path 'C:\Windows\system32\config\systemprofile\Desktop'.","1002","0",,"3","0","0","-9223372036854775808","2867","Microsoft-Windows-KnownFolders","8939299f-2315-4c5c-9b91-abb86aa0627d","Microsoft-Windows-Known Folders API Service","2876","2980","rjaf-PC4429","S-1-5-18","4/2/2015 12:32:51 AM",,,"c:\users\mac_1\desktop\winevt\logs\microsoft-windows-known folders api service.evtx","System.UInt32[]","System.Diagnostics.Eventing.Reader.EventBookmark","Warning","Info",,"System.Collections.ObjectModel.ReadOnlyCollection`1[System.String]","System.Collections.Generic.List`1[System.Diagnostics.Eventing.Reader.EventProperty]"
"Error 0x80070002 occurred while verifying known folder {FDD39AD0-238F-46AF-ADB4-6C85480369C7} with path 'C:\Windows\system32\config\systemprofile\Documents'.","1002","0",,"3","0","0","-9223372036854775808","2866","Microsoft-Windows-KnownFolders","8939299f-2315-4c5c-9b91-abb86aa0627d","Microsoft-Windows-Known Folders API Service","2876","2980","rjaf-PC4429","S-1-5-18","4/2/2015 12:32:51 AM",,,"c:\users\mac_1\desktop\winevt\logs\microsoft-windows-known folders api service.evtx","System.UInt32[]","System.Diagnostics.Eventing.Reader.EventBookmark","Warning","Info",,"System.Collections.ObjectModel.ReadOnlyCollection`1[System.String]","System.Collections.Generic.List`1[System.Diagnostics.Eventing.Reader.EventProperty]"
"Error 0x80070002 occurred while verifying known folder {625B53C3-AB48-4EC1-BA1F-A1EF4146FC19} with path 'C:\Windows\system32\config\systemprofile\AppData\Roaming\Microsoft\Windows\Start Menu'.","1002","0",,"3","0","0","-9223372036854775808","2865","Microsoft-Windows-KnownFolders","8939299f-2315-4c5c-9b91-abb86aa0627d","Microsoft-Windows-Known Folders API Service","2876","2980","rjaf-PC4429","S-1-5-18","4/2/2015 12:32:51 AM",,,"c:\users\mac_1\desktop\winevt\logs\microsoft-windows-known folders api service.evtx","System.UInt32[]","System.Diagnostics.Eventing.Reader.EventBookmark","Warning","Info",,"System.Collections.ObjectModel.ReadOnlyCollection`1[System.String]","System.Collections.Generic.List`1[System.Diagnostics.Eventing.Reader.EventProperty]"
"Error 0x80070002 occurred while verifying known folder {1777F761-68AD-4D8A-87BD-30B759FA33DD} with path 'C:\Windows\system32\config\systemprofile\Favorites'.","1002","0",,"3","0","0","-9223372036854775808","2864","Microsoft-Windows-KnownFolders","8939299f-2315-4c5c-9b91-abb86aa0627d","Microsoft-Windows-Known Folders API Service","2876","2980","rjaf-PC4429","S-1-5-18","4/2/2015 12:32:51 AM",,,"c:\users\mac_1\desktop\winevt\logs\microsoft-windows-known folders api service.evtx","System.UInt32[]","System.Diagnostics.Eventing.Reader.EventBookmark","Warning","Info",,"System.Collections.ObjectModel.ReadOnlyCollection`1[System.String]","System.Collections.Generic.List`1[System.Diagnostics.Eventing.Reader.EventProperty]"
"Error 0x80070005 occurred while verifying known folder {F1B32785-6FBA-4FCF-9D55-7B8E7F157091} with path 'C:\Windows\system32\config\systemprofile\AppData\Local'.","1002","0",,"3","0","0","-9223372036854775808","2863","Microsoft-Windows-KnownFolders","8939299f-2315-4c5c-9b91-abb86aa0627d","Microsoft-Windows-Known Folders API Service","4972","6512","rjaf-PC4429","S-1-5-18","4/1/2015 5:00:22 PM",,,"c:\users\mac_1\desktop\winevt\logs\microsoft-windows-known folders api service.evtx","System.UInt32[]","System.Diagnostics.Eventing.Reader.EventBookmark","Warning","Info",,"System.Collections.ObjectModel.ReadOnlyCollection`1[System.String]","System.Collections.Generic.List`1[System.Diagnostics.Eventing.Reader.EventProperty]"
"Error 0x80070005 occurred while verifying known folder {F1B32785-6FBA-4FCF-9D55-7B8E7F157091} with path 'C:\Windows\system32\config\systemprofile\AppData\Local'.","1002","0",,"3","0","0","-9223372036854775808","2862","Microsoft-Windows-KnownFolders","8939299f-2315-4c5c-9b91-abb86aa0627d","Microsoft-Windows-Known Folders API Service","9924","8464","rjaf-PC4429","S-1-5-18","4/1/2015 11:53:52 AM",,,"c:\users\mac_1\desktop\winevt\logs\microsoft-windows-known folders api service.evtx","System.UInt32[]","System.Diagnostics.Eventing.Reader.EventBookmark","Warning","Info",,"System.Collections.ObjectModel.ReadOnlyCollection`1[System.String]","System.Collections.Generic.List`1[System.Diagnostics.Eventing.Reader.EventProperty]"
"Error 0x80070005 occurred while verifying known folder {F1B32785-6FBA-4FCF-9D55-7B8E7F157091} with path 'C:\Windows\system32\config\systemprofile\AppData\Local'.","1002","0",,"3","0","0","-9223372036854775808","2861","Microsoft-Windows-KnownFolders","8939299f-2315-4c5c-9b91-abb86aa0627d","Microsoft-Windows-Known Folders API Service","4464","5496","rjaf-PC4429","S-1-5-18","4/1/2015 10:48:10 AM",,,"c:\users\mac_1\desktop\winevt\logs\microsoft-windows-known folders api service.evtx","System.UInt32[]","System.Diagnostics.Eventing.Reader.EventBookmark","Warning","Info",,"System.Collections.ObjectModel.ReadOnlyCollection`1[System.String]","System.Collections.Generic.List`1[System.Diagnostics.Eventing.Reader.EventProperty]"
"Error 0x80070005 occurred while verifying known folder {F1B32785-6FBA-4FCF-9D55-7B8E7F157091} with path 'C:\Windows\system32\config\systemprofile\AppData\Local'.","1002","0",,"3","0","0","-9223372036854775808","2860","Microsoft-Windows-KnownFolders","8939299f-2315-4c5c-9b91-abb86aa0627d","Microsoft-Windows-Known Folders API Service","10172","7924","rjaf-PC4429","S-1-5-18","4/1/2015 10:45:56 AM",,,"c:\users\mac_1\desktop\winevt\logs\microsoft-windows-known folders api service.evtx","System.UInt32[]","System.Diagnostics.Eventing.Reader.EventBookmark","Warning","Info",,"System.Collections.ObjectModel.ReadOnlyCollection`1[System.String]","System.Collections.Generic.List`1[System.Diagnostics.Eventing.Reader.EventProperty]"
"Error 0x80070005 occurred while verifying known folder {F1B32785-6FBA-4FCF-9D55-7B8E7F157091} with path 'C:\Windows\system32\config\systemprofile\AppData\Local'.","1002","0",,"3","0","0","-9223372036854775808","2859","Microsoft-Windows-KnownFolders","8939299f-2315-4c5c-9b91-abb86aa0627d","Microsoft-Windows-Known Folders API Service","4900","7188","rjaf-PC4429","S-1-5-18","4/1/2015 10:44:10 AM",,,"c:\users\mac_1\desktop\winevt\logs\microsoft-windows-known folders api service.evtx","System.UInt32[]","System.Diagnostics.Eventing.Reader.EventBookmark","Warning","Info",,"System.Collections.ObjectModel.ReadOnlyCollection`1[System.String]","System.Collections.Generic.List`1[System.Diagnostics.Eventing.Reader.EventProperty]"
"Error 0x80070005 occurred while creating known folder {F1B32785-6FBA-4FCF-9D55-7B8E7F157091} with path 'C:\Windows\system32\config\systemprofile\AppData\Local'.","1000","0",,"3","0","0","-9223372036854775808","2858","Microsoft-Windows-KnownFolders","8939299f-2315-4c5c-9b91-abb86aa0627d","Microsoft-Windows-Known Folders API Service","6068","8380","rjaf-PC4429","S-1-5-18","4/1/2015 10:43:48 AM",,,"c:\users\mac_1\desktop\winevt\logs\microsoft-windows-known folders api service.evtx","System.UInt32[]","System.Diagnostics.Eventing.Reader.EventBookmark","Warning","Info",,"System.Collections.ObjectModel.ReadOnlyCollection`1[System.String]","System.Collections.Generic.List`1[System.Diagnostics.Eventing.Reader.EventProperty]"
"Error 0x80070005 occurred while creating known folder {5E6C858F-0E22-4760-9AFE-EA3317B67173} with path 'C:\Windows\system32\config\systemprofile'.","1000","0",,"3","0","0","-9223372036854775808","2857","Microsoft-Windows-KnownFolders","8939299f-2315-4c5c-9b91-abb86aa0627d","Microsoft-Windows-Known Folders API Service","6068","8380","rjaf-PC4429","S-1-5-18","4/1/2015 10:43:48 AM",,,"c:\users\mac_1\desktop\winevt\logs\microsoft-windows-known folders api service.evtx","System.UInt32[]","System.Diagnostics.Eventing.Reader.EventBookmark","Warning","Info",,"System.Collections.ObjectModel.ReadOnlyCollection`1[System.String]","System.Collections.Generic.List`1[System.Diagnostics.Eventing.Reader.EventProperty]"
"Error 0x80070005 occurred while creating known folder {F1B32785-6FBA-4FCF-9D55-7B8E7F157091} with path 'C:\Windows\system32\config\systemprofile\AppData\Local'.","1000","0",,"3","0","0","-9223372036854775808","2856","Microsoft-Windows-KnownFolders","8939299f-2315-4c5c-9b91-abb86aa0627d","Microsoft-Windows-Known Folders API Service","6068","8380","rjaf-PC4429","S-1-5-18","4/1/2015 10:43:48 AM",,,"c:\users\mac_1\desktop\winevt\logs\microsoft-windows-known folders api service.evtx","System.UInt32[]","System.Diagnostics.Eventing.Reader.EventBookmark","Warning","Info",,"System.Collections.ObjectModel.ReadOnlyCollection`1[System.String]","System.Collections.Generic.List`1[System.Diagnostics.Eventing.Reader.EventProperty]"
"Error 0x80070005 occurred while creating known folder {5E6C858F-0E22-4760-9AFE-EA3317B67173} with path 'C:\Windows\system32\config\systemprofile'.","1000","0",,"3","0","0","-9223372036854775808","2855","Microsoft-Windows-KnownFolders","8939299f-2315-4c5c-9b91-abb86aa0627d","Microsoft-Windows-Known Folders API Service","6068","8380","rjaf-PC4429","S-1-5-18","4/1/2015 10:43:48 AM",,,"c:\users\mac_1\desktop\winevt\logs\microsoft-windows-known folders api service.evtx","System.UInt32[]","System.Diagnostics.Eventing.Reader.EventBookmark","Warning","Info",,"System.Collections.ObjectModel.ReadOnlyCollection`1[System.String]","System.Collections.Generic.List`1[System.Diagnostics.Eventing.Reader.EventProperty]"
"Error 0x80070005 occurred while creating known folder {F1B32785-6FBA-4FCF-9D55-7B8E7F157091} with path 'C:\Windows\system32\config\systemprofile\AppData\Local'.","1000","0",,"3","0","0","-9223372036854775808","2854","Microsoft-Windows-KnownFolders","8939299f-2315-4c5c-9b91-abb86aa0627d","Microsoft-Windows-Known Folders API Service","6068","8380","rjaf-PC4429","S-1-5-18","4/1/2015 10:43:48 AM",,,"c:\users\mac_1\desktop\winevt\logs\microsoft-windows-known folders api service.evtx","System.UInt32[]","System.Diagnostics.Eventing.Reader.EventBookmark","Warning","Info",,"System.Collections.ObjectModel.ReadOnlyCollection`1[System.String]","System.Collections.Generic.List`1[System.Diagnostics.Eventing.Reader.EventProperty]"
"Error 0x80070005 occurred while creating known folder {5E6C858F-0E22-4760-9AFE-EA3317B67173} with path 'C:\Windows\system32\config\systemprofile'.","1000","0",,"3","0","0","-9223372036854775808","2853","Microsoft-Windows-KnownFolders","8939299f-2315-4c5c-9b91-abb86aa0627d","Microsoft-Windows-Known Folders API Service","6068","8380","rjaf-PC4429","S-1-5-18","4/1/2015 10:43:48 AM",,,"c:\users\mac_1\desktop\winevt\logs\microsoft-windows-known folders api service.evtx","System.UInt32[]","System.Diagnostics.Eventing.Reader.EventBookmark","Warning","Info",,"System.Collections.ObjectModel.ReadOnlyCollection`1[System.String]","System.Collections.Generic.List`1[System.Diagnostics.Eventing.Reader.EventProperty]"
"Error 0x80070005 occurred while verifying known folder {F1B32785-6FBA-4FCF-9D55-7B8E7F157091} with path 'C:\Windows\system32\config\systemprofile\AppData\Local'.","1002","0",,"3","0","0","-9223372036854775808","2852","Microsoft-Windows-KnownFolders","8939299f-2315-4c5c-9b91-abb86aa0627d","Microsoft-Windows-Known Folders API Service","6068","8380","rjaf-PC4429","S-1-5-18","4/1/2015 10:41:55 AM",,,"c:\users\mac_1\desktop\winevt\logs\microsoft-windows-known folders api service.evtx","System.UInt32[]","System.Diagnostics.Eventing.Reader.EventBookmark","Warning","Info",,"System.Collections.ObjectModel.ReadOnlyCollection`1[System.String]","System.Collections.Generic.List`1[System.Diagnostics.Eventing.Reader.EventProperty]"
"Error 0x80070005 occurred while verifying known folder {F1B32785-6FBA-4FCF-9D55-7B8E7F157091} with path 'C:\Windows\system32\config\systemprofile\AppData\Local'.","1002","0",,"3","0","0","-9223372036854775808","2851","Microsoft-Windows-KnownFolders","8939299f-2315-4c5c-9b91-abb86aa0627d","Microsoft-Windows-Known Folders API Service","5336","4128","rjaf-PC4429","S-1-5-18","4/1/2015 10:39:46 AM",,,"c:\users\mac_1\desktop\winevt\logs\microsoft-windows-known folders api service.evtx","System.UInt32[]","System.Diagnostics.Eventing.Reader.EventBookmark","Warning","Info",,"System.Collections.ObjectModel.ReadOnlyCollection`1[System.String]","System.Collections.Generic.List`1[System.Diagnostics.Eventing.Reader.EventProperty]"
"Error 0x80070005 occurred while verifying known folder {F1B32785-6FBA-4FCF-9D55-7B8E7F157091} with path 'C:\Windows\system32\config\systemprofile\AppData\Local'.","1002","0",,"3","0","0","-9223372036854775808","2850","Microsoft-Windows-KnownFolders","8939299f-2315-4c5c-9b91-abb86aa0627d","Microsoft-Windows-Known Folders API Service","2696","7164","rjaf-PC4429","S-1-5-18","4/1/2015 10:37:09 AM",,,"c:\users\mac_1\desktop\winevt\logs\microsoft-windows-known folders api service.evtx","System.UInt32[]","System.Diagnostics.Eventing.Reader.EventBookmark","Warning","Info",,"System.Collections.ObjectModel.ReadOnlyCollection`1[System.String]","System.Collections.Generic.List`1[System.Diagnostics.Eventing.Reader.EventProperty]"
"Error 0x80070005 occurred while verifying known folder {F1B32785-6FBA-4FCF-9D55-7B8E7F157091} with path 'C:\Windows\system32\config\systemprofile\AppData\Local'.","1002","0",,"3","0","0","-9223372036854775808","2849","Microsoft-Windows-KnownFolders","8939299f-2315-4c5c-9b91-abb86aa0627d","Microsoft-Windows-Known Folders API Service","10184","8240","rjaf-PC4429","S-1-5-18","4/1/2015 10:34:14 AM",,,"c:\users\mac_1\desktop\winevt\logs\microsoft-windows-known folders api service.evtx","System.UInt32[]","System.Diagnostics.Eventing.Reader.EventBookmark","Warning","Info",,"System.Collections.ObjectModel.ReadOnlyCollection`1[System.String]","System.Collections.Generic.List`1[System.Diagnostics.Eventing.Reader.EventProperty]"
"Error 0x80070005 occurred while verifying known folder {F1B32785-6FBA-4FCF-9D55-7B8E7F157091} with path 'C:\Windows\system32\config\systemprofile\AppData\Local'.","1002","0",,"3","0","0","-9223372036854775808","2848","Microsoft-Windows-KnownFolders","8939299f-2315-4c5c-9b91-abb86aa0627d","Microsoft-Windows-Known Folders API Service","4904","8892","rjaf-PC4429","S-1-5-18","4/1/2015 10:32:04 AM",,,"c:\users\mac_1\desktop\winevt\logs\microsoft-windows-known folders api service.evtx","System.UInt32[]","System.Diagnostics.Eventing.Reader.EventBookmark","Warning","Info",,"System.Collections.ObjectModel.ReadOnlyCollection`1[System.String]","System.Collections.Generic.List`1[System.Diagnostics.Eventing.Reader.EventProperty]"
"Error 0x80070005 occurred while verifying known folder {F1B32785-6FBA-4FCF-9D55-7B8E7F157091} with path 'C:\Windows\system32\config\systemprofile\AppData\Local'.","1002","0",,"3","0","0","-9223372036854775808","2847","Microsoft-Windows-KnownFolders","8939299f-2315-4c5c-9b91-abb86aa0627d","Microsoft-Windows-Known Folders API Service","6320","8896","rjaf-PC4429","S-1-5-18","4/1/2015 10:29:39 AM",,,"c:\users\mac_1\desktop\winevt\logs\microsoft-windows-known folders api service.evtx","System.UInt32[]","System.Diagnostics.Eventing.Reader.EventBookmark","Warning","Info",,"System.Collections.ObjectModel.ReadOnlyCollection`1[System.String]","System.Collections.Generic.List`1[System.Diagnostics.Eventing.Reader.EventProperty]"
"Error 0x80070005 occurred while verifying known folder {F1B32785-6FBA-4FCF-9D55-7B8E7F157091} with path 'C:\Windows\system32\config\systemprofile\AppData\Local'.","1002","0",,"3","0","0","-9223372036854775808","2846","Microsoft-Windows-KnownFolders","8939299f-2315-4c5c-9b91-abb86aa0627d","Microsoft-Windows-Known Folders API Service","9140","7364","rjaf-PC4429","S-1-5-18","4/1/2015 10:27:26 AM",,,"c:\users\mac_1\desktop\winevt\logs\microsoft-windows-known folders api service.evtx","System.UInt32[]","System.Diagnostics.Eventing.Reader.EventBookmark","Warning","Info",,"System.Collections.ObjectModel.ReadOnlyCollection`1[System.String]","System.Collections.Generic.List`1[System.Diagnostics.Eventing.Reader.EventProperty]"
"Error 0x80070005 occurred while verifying known folder {F1B32785-6FBA-4FCF-9D55-7B8E7F157091} with path 'C:\Windows\system32\config\systemprofile\AppData\Local'.","1002","0",,"3","0","0","-9223372036854775808","2845","Microsoft-Windows-KnownFolders","8939299f-2315-4c5c-9b91-abb86aa0627d","Microsoft-Windows-Known Folders API Service","2208","9260","rjaf-PC4429","S-1-5-18","4/1/2015 10:23:36 AM",,,"c:\users\mac_1\desktop\winevt\logs\microsoft-windows-known folders api service.evtx","System.UInt32[]","System.Diagnostics.Eventing.Reader.EventBookmark","Warning","Info",,"System.Collections.ObjectModel.ReadOnlyCollection`1[System.String]","System.Collections.Generic.List`1[System.Diagnostics.Eventing.Reader.EventProperty]"
"Error 0x80070005 occurred while verifying known folder {F1B32785-6FBA-4FCF-9D55-7B8E7F157091} with path 'C:\Windows\system32\config\systemprofile\AppData\Local'.","1002","0",,"3","0","0","-9223372036854775808","2844","Microsoft-Windows-KnownFolders","8939299f-2315-4c5c-9b91-abb86aa0627d","Microsoft-Windows-Known Folders API Service","624","5304","rjaf-PC4429","S-1-5-18","4/1/2015 10:21:32 AM",,,"c:\users\mac_1\desktop\winevt\logs\microsoft-windows-known folders api service.evtx","System.UInt32[]","System.Diagnostics.Eventing.Reader.EventBookmark","Warning","Info",,"System.Collections.ObjectModel.ReadOnlyCollection`1[System.String]","System.Collections.Generic.List`1[System.Diagnostics.Eventing.Reader.EventProperty]"
"Error 0x80070005 occurred while verifying known folder {F1B32785-6FBA-4FCF-9D55-7B8E7F157091} with path 'C:\Windows\system32\config\systemprofile\AppData\Local'.","1002","0",,"3","0","0","-9223372036854775808","2843","Microsoft-Windows-KnownFolders","8939299f-2315-4c5c-9b91-abb86aa0627d","Microsoft-Windows-Known Folders API Service","5148","7648","rjaf-PC4429","S-1-5-18","4/1/2015 10:19:30 AM",,,"c:\users\mac_1\desktop\winevt\logs\microsoft-windows-known folders api service.evtx","System.UInt32[]","System.Diagnostics.Eventing.Reader.EventBookmark","Warning","Info",,"System.Collections.ObjectModel.ReadOnlyCollection`1[System.String]","System.Collections.Generic.List`1[System.Diagnostics.Eventing.Reader.EventProperty]"
"Error 0x80070005 occurred while verifying known folder {F1B32785-6FBA-4FCF-9D55-7B8E7F157091} with path 'C:\Windows\system32\config\systemprofile\AppData\Local'.","1002","0",,"3","0","0","-9223372036854775808","2842","Microsoft-Windows-KnownFolders","8939299f-2315-4c5c-9b91-abb86aa0627d","Microsoft-Windows-Known Folders API Service","3580","10076","rjaf-PC4429","S-1-5-18","4/1/2015 10:17:30 AM",,,"c:\users\mac_1\desktop\winevt\logs\microsoft-windows-known folders api service.evtx","System.UInt32[]","System.Diagnostics.Eventing.Reader.EventBookmark","Warning","Info",,"System.Collections.ObjectModel.ReadOnlyCollection`1[System.String]","System.Collections.Generic.List`1[System.Diagnostics.Eventing.Reader.EventProperty]"
"Error 0x80070005 occurred while verifying known folder {F1B32785-6FBA-4FCF-9D55-7B8E7F157091} with path 'C:\Windows\system32\config\systemprofile\AppData\Local'.","1002","0",,"3","0","0","-9223372036854775808","2841","Microsoft-Windows-KnownFolders","8939299f-2315-4c5c-9b91-abb86aa0627d","Microsoft-Windows-Known Folders API Service","6096","9744","rjaf-PC4429","S-1-5-18","4/1/2015 10:15:22 AM",,,"c:\users\mac_1\desktop\winevt\logs\microsoft-windows-known folders api service.evtx","System.UInt32[]","System.Diagnostics.Eventing.Reader.EventBookmark","Warning","Info",,"System.Collections.ObjectModel.ReadOnlyCollection`1[System.String]","System.Collections.Generic.List`1[System.Diagnostics.Eventing.Reader.EventProperty]"
"Error 0x80070005 occurred while creating known folder {F1B32785-6FBA-4FCF-9D55-7B8E7F157091} with path 'C:\Windows\system32\config\systemprofile\AppData\Local'.","1000","0",,"3","0","0","-9223372036854775808","2840","Microsoft-Windows-KnownFolders","8939299f-2315-4c5c-9b91-abb86aa0627d","Microsoft-Windows-Known Folders API Service","4760","9860","rjaf-PC4429","S-1-5-18","4/1/2015 10:14:09 AM",,,"c:\users\mac_1\desktop\winevt\logs\microsoft-windows-known folders api service.evtx","System.UInt32[]","System.Diagnostics.Eventing.Reader.EventBookmark","Warning","Info",,"System.Collections.ObjectModel.ReadOnlyCollection`1[System.String]","System.Collections.Generic.List`1[System.Diagnostics.Eventing.Reader.EventProperty]"
"Error 0x80070005 occurred while creating known folder {5E6C858F-0E22-4760-9AFE-EA3317B67173} with path 'C:\Windows\system32\config\systemprofile'.","1000","0",,"3","0","0","-9223372036854775808","2839","Microsoft-Windows-KnownFolders","8939299f-2315-4c5c-9b91-abb86aa0627d","Microsoft-Windows-Known Folders API Service","4760","9860","rjaf-PC4429","S-1-5-18","4/1/2015 10:14:09 AM",,,"c:\users\mac_1\desktop\winevt\logs\microsoft-windows-known folders api service.evtx","System.UInt32[]","System.Diagnostics.Eventing.Reader.EventBookmark","Warning","Info",,"System.Collections.ObjectModel.ReadOnlyCollection`1[System.String]","System.Collections.Generic.List`1[System.Diagnostics.Eventing.Reader.EventProperty]"
"Error 0x80070005 occurred while creating known folder {F1B32785-6FBA-4FCF-9D55-7B8E7F157091} with path 'C:\Windows\system32\config\systemprofile\AppData\Local'.","1000","0",,"3","0","0","-9223372036854775808","2838","Microsoft-Windows-KnownFolders","8939299f-2315-4c5c-9b91-abb86aa0627d","Microsoft-Windows-Known Folders API Service","4760","9860","rjaf-PC4429","S-1-5-18","4/1/2015 10:14:09 AM",,,"c:\users\mac_1\desktop\winevt\logs\microsoft-windows-known folders api service.evtx","System.UInt32[]","System.Diagnostics.Eventing.Reader.EventBookmark","Warning","Info",,"System.Collections.ObjectModel.ReadOnlyCollection`1[System.String]","System.Collections.Generic.List`1[System.Diagnostics.Eventing.Reader.EventProperty]"
"Error 0x80070005 occurred while creating known folder {5E6C858F-0E22-4760-9AFE-EA3317B67173} with path 'C:\Windows\system32\config\systemprofile'.","1000","0",,"3","0","0","-9223372036854775808","2837","Microsoft-Windows-KnownFolders","8939299f-2315-4c5c-9b91-abb86aa0627d","Microsoft-Windows-Known Folders API Service","4760","9860","rjaf-PC4429","S-1-5-18","4/1/2015 10:14:09 AM",,,"c:\users\mac_1\desktop\winevt\logs\microsoft-windows-known folders api service.evtx","System.UInt32[]","System.Diagnostics.Eventing.Reader.EventBookmark","Warning","Info",,"System.Collections.ObjectModel.ReadOnlyCollection`1[System.String]","System.Collections.Generic.List`1[System.Diagnostics.Eventing.Reader.EventProperty]"
"Error 0x80070005 occurred while creating known folder {F1B32785-6FBA-4FCF-9D55-7B8E7F157091} with path 'C:\Windows\system32\config\systemprofile\AppData\Local'.","1000","0",,"3","0","0","-9223372036854775808","2836","Microsoft-Windows-KnownFolders","8939299f-2315-4c5c-9b91-abb86aa0627d","Microsoft-Windows-Known Folders API Service","4760","9860","rjaf-PC4429","S-1-5-18","4/1/2015 10:14:09 AM",,,"c:\users\mac_1\desktop\winevt\logs\microsoft-windows-known folders api service.evtx","System.UInt32[]","System.Diagnostics.Eventing.Reader.EventBookmark","Warning","Info",,"System.Collections.ObjectModel.ReadOnlyCollection`1[System.String]","System.Collections.Generic.List`1[System.Diagnostics.Eventing.Reader.EventProperty]"
"Error 0x80070005 occurred while creating known folder {5E6C858F-0E22-4760-9AFE-EA3317B67173} with path 'C:\Windows\system32\config\systemprofile'.","1000","0",,"3","0","0","-9223372036854775808","2835","Microsoft-Windows-KnownFolders","8939299f-2315-4c5c-9b91-abb86aa0627d","Microsoft-Windows-Known Folders API Service","4760","9860","rjaf-PC4429","S-1-5-18","4/1/2015 10:14:09 AM",,,"c:\users\mac_1\desktop\winevt\logs\microsoft-windows-known folders api service.evtx","System.UInt32[]","System.Diagnostics.Eventing.Reader.EventBookmark","Warning","Info",,"System.Collections.ObjectModel.ReadOnlyCollection`1[System.String]","System.Collections.Generic.List`1[System.Diagnostics.Eventing.Reader.EventProperty]"
"Error 0x80070005 occurred while verifying known folder {F1B32785-6FBA-4FCF-9D55-7B8E7F157091} with path 'C:\Windows\system32\config\systemprofile\AppData\Local'.","1002","0",,"3","0","0","-9223372036854775808","2834","Microsoft-Windows-KnownFolders","8939299f-2315-4c5c-9b91-abb86aa0627d","Microsoft-Windows-Known Folders API Service","4760","9860","rjaf-PC4429","S-1-5-18","4/1/2015 10:13:18 AM",,,"c:\users\mac_1\desktop\winevt\logs\microsoft-windows-known folders api service.evtx","System.UInt32[]","System.Diagnostics.Eventing.Reader.EventBookmark","Warning","Info",,"System.Collections.ObjectModel.ReadOnlyCollection`1[System.String]","System.Collections.Generic.List`1[System.Diagnostics.Eventing.Reader.EventProperty]"
"Error 0x80070005 occurred while creating known folder {F1B32785-6FBA-4FCF-9D55-7B8E7F157091} with path 'C:\Windows\system32\config\systemprofile\AppData\Local'.","1000","0",,"3","0","0","-9223372036854775808","2833","Microsoft-Windows-KnownFolders","8939299f-2315-4c5c-9b91-abb86aa0627d","Microsoft-Windows-Known Folders API Service","8392","3872","rjaf-PC4429","S-1-5-18","4/1/2015 10:12:51 AM",,,"c:\users\mac_1\desktop\winevt\logs\microsoft-windows-known folders api service.evtx","System.UInt32[]","System.Diagnostics.Eventing.Reader.EventBookmark","Warning","Info",,"System.Collections.ObjectModel.ReadOnlyCollection`1[System.String]","System.Collections.Generic.List`1[System.Diagnostics.Eventing.Reader.EventProperty]"
"Error 0x80070005 occurred while creating known folder {5E6C858F-0E22-4760-9AFE-EA3317B67173} with path 'C:\Windows\system32\config\systemprofile'.","1000","0",,"3","0","0","-9223372036854775808","2832","Microsoft-Windows-KnownFolders","8939299f-2315-4c5c-9b91-abb86aa0627d","Microsoft-Windows-Known Folders API Service","8392","3872","rjaf-PC4429","S-1-5-18","4/1/2015 10:12:51 AM",,,"c:\users\mac_1\desktop\winevt\logs\microsoft-windows-known folders api service.evtx","System.UInt32[]","System.Diagnostics.Eventing.Reader.EventBookmark","Warning","Info",,"System.Collections.ObjectModel.ReadOnlyCollection`1[System.String]","System.Collections.Generic.List`1[System.Diagnostics.Eventing.Reader.EventProperty]"
"Error 0x80070005 occurred while creating known folder {F1B32785-6FBA-4FCF-9D55-7B8E7F157091} with path 'C:\Windows\system32\config\systemprofile\AppData\Local'.","1000","0",,"3","0","0","-9223372036854775808","2831","Microsoft-Windows-KnownFolders","8939299f-2315-4c5c-9b91-abb86aa0627d","Microsoft-Windows-Known Folders API Service","8392","3872","rjaf-PC4429","S-1-5-18","4/1/2015 10:12:51 AM",,,"c:\users\mac_1\desktop\winevt\logs\microsoft-windows-known folders api service.evtx","System.UInt32[]","System.Diagnostics.Eventing.Reader.EventBookmark","Warning","Info",,"System.Collections.ObjectModel.ReadOnlyCollection`1[System.String]","System.Collections.Generic.List`1[System.Diagnostics.Eventing.Reader.EventProperty]"
"Error 0x80070005 occurred while creating known folder {5E6C858F-0E22-4760-9AFE-EA3317B67173} with path 'C:\Windows\system32\config\systemprofile'.","1000","0",,"3","0","0","-9223372036854775808","2830","Microsoft-Windows-KnownFolders","8939299f-2315-4c5c-9b91-abb86aa0627d","Microsoft-Windows-Known Folders API Service","8392","3872","rjaf-PC4429","S-1-5-18","4/1/2015 10:12:51 AM",,,"c:\users\mac_1\desktop\winevt\logs\microsoft-windows-known folders api service.evtx","System.UInt32[]","System.Diagnostics.Eventing.Reader.EventBookmark","Warning","Info",,"System.Collections.ObjectModel.ReadOnlyCollection`1[System.String]","System.Collections.Generic.List`1[System.Diagnostics.Eventing.Reader.EventProperty]"
