     Boot Prefetch Time (us): 24855216
     Boot Prefetch Bytes: 236675072
     Boot Prefetch Read Count: 5825
","1015","1",,"4","1016","0","-9223372036854767616","295","Microsoft-Windows-ReadyBoost","e6307a09-292c-497e-aad6-498f68e2b619","Microsoft-Windows-ReadyBoost/Operational","960","1080","rjaf-PC4429","S-1-5-18","3/8/2014 9:40:07 AM",,,"c:\users\mac_1\desktop\winevt\logs\microsoft-windows-readyboost%4operational.evtx","System.UInt32[]","System.Diagnostics.Eventing.Reader.EventBookmark","Information","Info",,"System.Collections.ObjectModel.ReadOnlyCollection`1[System.String]","System.Collections.Generic.List`1[System.Diagnostics.Eventing.Reader.EventProperty]"
"Boot plan calculation completed in 1201 ms.
     Boot Plan Timestamp: ?2014?-?03?-?08T15:18:27.048149300Z
     Reason: Disk defragmentation
     Result: 0x0","1016","1",,"4","1016","0","-9223372036854767616","294","Microsoft-Windows-ReadyBoost","e6307a09-292c-497e-aad6-498f68e2b619","Microsoft-Windows-ReadyBoost/Operational","932","608","rjaf-PC4429","S-1-5-18","3/8/2014 5:18:28 AM",,,"c:\users\mac_1\desktop\winevt\logs\microsoft-windows-readyboost%4operational.evtx","System.UInt32[]","System.Diagnostics.Eventing.Reader.EventBookmark","Information","Info",,"System.Collections.ObjectModel.ReadOnlyCollection`1[System.String]","System.Collections.Generic.List`1[System.Diagnostics.Eventing.Reader.EventProperty]"
"Boot plan calculation completed in 1825 ms.
     Boot Plan Timestamp: ?2014?-?03?-?04T08:58:11.038289500Z
     Reason: Disk defragmentation
     Result: 0x0","1016","1",,"4","1016","0","-9223372036854767616","293","Microsoft-Windows-ReadyBoost","e6307a09-292c-497e-aad6-498f68e2b619","Microsoft-Windows-ReadyBoost/Operational","932","1636","rjaf-PC4429","S-1-5-18","3/3/2014 10:58:12 PM",,,"c:\users\mac_1\desktop\winevt\logs\microsoft-windows-readyboost%4operational.evtx","System.UInt32[]","System.Diagnostics.Eventing.Reader.EventBookmark","Information","Info",,"System.Collections.ObjectModel.ReadOnlyCollection`1[System.String]","System.Collections.Generic.List`1[System.Diagnostics.Eventing.Reader.EventProperty]"
"Boot plan calculation completed in 7535 ms.
     Boot Plan Timestamp: ?2014?-?03?-?04T08:37:31.366512100Z
     Reason: System boot completion
     Result: 0x0","1016","1",,"4","1016","0","-9223372036854767616","292","Microsoft-Windows-ReadyBoost","e6307a09-292c-497e-aad6-498f68e2b619","Microsoft-Windows-ReadyBoost/Operational","932","3440","rjaf-PC4429","S-1-5-18","3/3/2014 10:37:38 PM",,,"c:\users\mac_1\desktop\winevt\logs\microsoft-windows-readyboost%4operational.evtx","System.UInt32[]","System.Diagnostics.Eventing.Reader.EventBookmark","Information","Info",,"System.Collections.ObjectModel.ReadOnlyCollection`1[System.String]","System.Collections.Generic.List`1[System.Diagnostics.Eventing.Reader.EventProperty]"
"Summary of ReadyBoot Performance:
     Io Read Count: 13915
     Io Read Bytes: 332166144
     Cache Hit Count: 12978
     Cache Hit Bytes: 246383616
     Cache Hit Percentage: 0.932662594322673
     Boot Prefetch Time (us): 33343195
     Boot Prefetch Bytes: 275763200
     Boot Prefetch Read Count: 6403
","1015","1",,"4","1016","0","-9223372036854767616","291","Microsoft-Windows-ReadyBoost","e6307a09-292c-497e-aad6-498f68e2b619","Microsoft-Windows-ReadyBoost/Operational","932","3440","rjaf-PC4429","S-1-5-18","3/3/2014 10:37:33 PM",,,"c:\users\mac_1\desktop\winevt\logs\microsoft-windows-readyboost%4operational.evtx","System.UInt32[]","System.Diagnostics.Eventing.Reader.EventBookmark","Information","Info",,"System.Collections.ObjectModel.ReadOnlyCollection`1[System.String]","System.Collections.Generic.List`1[System.Diagnostics.Eventing.Reader.EventProperty]"
"Boot plan calculation completed in 2714 ms.
     Boot Plan Timestamp: ?2014?-?03?-?03T18:07:22.227710100Z
     Reason: System boot completion
     Result: 0x0","1016","1",,"4","1016","0","-9223372036854767616","290","Microsoft-Windows-ReadyBoost","e6307a09-292c-497e-aad6-498f68e2b619","Microsoft-Windows-ReadyBoost/Operational","948","3872","rjaf-PC4429","S-1-5-18","3/3/2014 8:07:24 AM",,,"c:\users\mac_1\desktop\winevt\logs\microsoft-windows-readyboost%4operational.evtx","System.UInt32[]","System.Diagnostics.Eventing.Reader.EventBookmark","Information","Info",,"System.Collections.ObjectModel.ReadOnlyCollection`1[System.String]","System.Collections.Generic.List`1[System.Diagnostics.Eventing.Reader.EventProperty]"
"Summary of ReadyBoot Performance:
     Io Read Count: 15944
     Io Read Bytes: 369500672
     Cache Hit Count: 12235
     Cache Hit Bytes: 223413248
     Cache Hit Percentage: 0.767373306573006
     Boot Prefetch Time (us): 24777011
     Boot Prefetch Bytes: 253345792
     Boot Prefetch Read Count: 5873
","1015","1",,"4","1016","0","-9223372036854767616","289","Microsoft-Windows-ReadyBoost","e6307a09-292c-497e-aad6-498f68e2b619","Microsoft-Windows-ReadyBoost/Operational","948","3872","rjaf-PC4429","S-1-5-18","3/3/2014 8:07:23 AM",,,"c:\users\mac_1\desktop\winevt\logs\microsoft-windows-readyboost%4operational.evtx","System.UInt32[]","System.Diagnostics.Eventing.Reader.EventBookmark","Information","Info",,"System.Collections.ObjectModel.ReadOnlyCollection`1[System.String]","System.Collections.Generic.List`1[System.Diagnostics.Eventing.Reader.EventProperty]"
"Boot plan calculation completed in 717 ms.
     Boot Plan Timestamp: ?2014?-?03?-?02T11:14:23.658414500Z
     Reason: Disk defragmentation
     Result: 0x0","1016","1",,"4","1016","0","-9223372036854767616","288","Microsoft-Windows-ReadyBoost","e6307a09-292c-497e-aad6-498f68e2b619","Microsoft-Windows-ReadyBoost/Operational","936","3504","rjaf-PC4429","S-1-5-18","3/2/2014 1:14:24 AM",,,"c:\users\mac_1\desktop\winevt\logs\microsoft-windows-readyboost%4operational.evtx","System.UInt32[]","System.Diagnostics.Eventing.Reader.EventBookmark","Information","Info",,"System.Collections.ObjectModel.ReadOnlyCollection`1[System.String]","System.Collections.Generic.List`1[System.Diagnostics.Eventing.Reader.EventProperty]"
"Boot plan calculation completed in 3104 ms.
     Boot Plan Timestamp: ?2014?-?03?-?02T10:33:59.976511400Z
     Reason: System boot completion
     Result: 0x0","1016","1",,"4","1016","0","-9223372036854767616","287","Microsoft-Windows-ReadyBoost","e6307a09-292c-497e-aad6-498f68e2b619","Microsoft-Windows-ReadyBoost/Operational","936","1172","rjaf-PC4429","S-1-5-18","3/2/2014 12:34:03 AM",,,"c:\users\mac_1\desktop\winevt\logs\microsoft-windows-readyboost%4operational.evtx","System.UInt32[]","System.Diagnostics.Eventing.Reader.EventBookmark","Information","Info",,"System.Collections.ObjectModel.ReadOnlyCollection`1[System.String]","System.Collections.Generic.List`1[System.Diagnostics.Eventing.Reader.EventProperty]"
"Summary of ReadyBoot Performance:
     Io Read Count: 13670
     Io Read Bytes: 365468160
     Cache Hit Count: 11322
     Cache Hit Bytes: 221872128
     Cache Hit Percentage: 0.828237015362107
     Boot Prefetch Time (us): 24157821
     Boot Prefetch Bytes: 243204096
     Boot Prefetch Read Count: 5962
","1015","1",,"4","1016","0","-9223372036854767616","286","Microsoft-Windows-ReadyBoost","e6307a09-292c-497e-aad6-498f68e2b619","Microsoft-Windows-ReadyBoost/Operational","936","1172","rjaf-PC4429","S-1-5-18","3/2/2014 12:34:01 AM",,,"c:\users\mac_1\desktop\winevt\logs\microsoft-windows-readyboost%4operational.evtx","System.UInt32[]","System.Diagnostics.Eventing.Reader.EventBookmark","Information","Info",,"System.Collections.ObjectModel.ReadOnlyCollection`1[System.String]","System.Collections.Generic.List`1[System.Diagnostics.Eventing.Reader.EventProperty]"
"Boot plan calculation completed in 686 ms.
     Boot Plan Timestamp: ?2014?-?03?-?01T00:27:59.671272500Z
     Reason: Disk defragmentation
     Result: 0x0","1016","1",,"4","1016","0","-9223372036854767616","285","Microsoft-Windows-ReadyBoost","e6307a09-292c-497e-aad6-498f68e2b619","Microsoft-Windows-ReadyBoost/Operational","968","3152","rjaf-PC4429","S-1-5-18","2/28/2014 2:28:00 PM",,,"c:\users\mac_1\desktop\winevt\logs\microsoft-windows-readyboost%4operational.evtx","System.UInt32[]","System.Diagnostics.Eventing.Reader.EventBookmark","Information","Info",,"System.Collections.ObjectModel.ReadOnlyCollection`1[System.String]","System.Collections.Generic.List`1[System.Diagnostics.Eventing.Reader.EventProperty]"
"Boot plan calculation completed in 858 ms.
     Boot Plan Timestamp: ?2014?-?02?-?28T22:11:47.642011000Z
     Reason: Disk defragmentation
     Result: 0x0","1016","1",,"4","1016","0","-9223372036854767616","284","Microsoft-Windows-ReadyBoost","e6307a09-292c-497e-aad6-498f68e2b619","Microsoft-Windows-ReadyBoost/Operational","968","2300","rjaf-PC4429","S-1-5-18","2/28/2014 12:11:48 PM",,,"c:\users\mac_1\desktop\winevt\logs\microsoft-windows-readyboost%4operational.evtx","System.UInt32[]","System.Diagnostics.Eventing.Reader.EventBookmark","Information","Info",,"System.Collections.ObjectModel.ReadOnlyCollection`1[System.String]","System.Collections.Generic.List`1[System.Diagnostics.Eventing.Reader.EventProperty]"
"Boot plan calculation completed in 561 ms.
     Boot Plan Timestamp: ?2014?-?02?-?26T21:49:28.660446900Z
     Reason: Disk defragmentation
     Result: 0x0","1016","1",,"4","1016","0","-9223372036854767616","283","Microsoft-Windows-ReadyBoost","e6307a09-292c-497e-aad6-498f68e2b619","Microsoft-Windows-ReadyBoost/Operational","968","3536","rjaf-PC4429","S-1-5-18","2/26/2014 11:49:29 AM",,,"c:\users\mac_1\desktop\winevt\logs\microsoft-windows-readyboost%4operational.evtx","System.UInt32[]","System.Diagnostics.Eventing.Reader.EventBookmark","Information","Info",,"System.Collections.ObjectModel.ReadOnlyCollection`1[System.String]","System.Collections.Generic.List`1[System.Diagnostics.Eventing.Reader.EventProperty]"
"Boot plan calculation completed in 3074 ms.
     Boot Plan Timestamp: ?2014?-?02?-?26T21:27:17.822109400Z
     Reason: System boot completion
     Result: 0x0","1016","1",,"4","1016","0","-9223372036854767616","282","Microsoft-Windows-ReadyBoost","e6307a09-292c-497e-aad6-498f68e2b619","Microsoft-Windows-ReadyBoost/Operational","968","3276","rjaf-PC4429","S-1-5-18","2/26/2014 11:27:20 AM",,,"c:\users\mac_1\desktop\winevt\logs\microsoft-windows-readyboost%4operational.evtx","System.UInt32[]","System.Diagnostics.Eventing.Reader.EventBookmark","Information","Info",,"System.Collections.ObjectModel.ReadOnlyCollection`1[System.String]","System.Collections.Generic.List`1[System.Diagnostics.Eventing.Reader.EventProperty]"
"Summary of ReadyBoot Performance:
     Io Read Count: 14054
     Io Read Bytes: 332338176
     Cache Hit Count: 13322
     Cache Hit Bytes: 249887744
     Cache Hit Percentage: 0.94791518428917
     Boot Prefetch Time (us): 24392557
     Boot Prefetch Bytes: 261902336
     Boot Prefetch Read Count: 6513
","1015","1",,"4","1016","0","-9223372036854767616","281","Microsoft-Windows-ReadyBoost","e6307a09-292c-497e-aad6-498f68e2b619","Microsoft-Windows-ReadyBoost/Operational","968","3276","rjaf-PC4429","S-1-5-18","2/26/2014 11:27:20 AM",,,"c:\users\mac_1\desktop\winevt\logs\microsoft-windows-readyboost%4operational.evtx","System.UInt32[]","System.Diagnostics.Eventing.Reader.EventBookmark","Information","Info",,"System.Collections.ObjectModel.ReadOnlyCollection`1[System.String]","System.Collections.Generic.List`1[System.Diagnostics.Eventing.Reader.EventProperty]"
"Boot plan calculation completed in 65535 ms.
     Boot Plan Timestamp: ?2014?-?02?-?26T18:29:58.644100700Z
     Reason: Disk defragmentation
     Result: 0x0","1016","1",,"4","1016","0","-9223372036854767616","280","Microsoft-Windows-ReadyBoost","e6307a09-292c-497e-aad6-498f68e2b619","Microsoft-Windows-ReadyBoost/Operational","952","4088","rjaf-PC4429","S-1-5-18","2/26/2014 10:51:09 AM",,,"c:\users\mac_1\desktop\winevt\logs\microsoft-windows-readyboost%4operational.evtx","System.UInt32[]","System.Diagnostics.Eventing.Reader.EventBookmark","Information","Info",,"System.Collections.ObjectModel.ReadOnlyCollection`1[System.String]","System.Collections.Generic.List`1[System.Diagnostics.Eventing.Reader.EventProperty]"
"Boot plan calculation completed in 6521 ms.
     Boot Plan Timestamp: ?2014?-?02?-?26T17:24:40.772112800Z
     Reason: System boot completion
     Result: 0x0","1016","1",,"4","1016","0","-9223372036854767616","279","Microsoft-Windows-ReadyBoost","e6307a09-292c-497e-aad6-498f68e2b619","Microsoft-Windows-ReadyBoost/Operational","952","3472","rjaf-PC4429","S-1-5-18","2/26/2014 7:24:47 AM",,,"c:\users\mac_1\desktop\winevt\logs\microsoft-windows-readyboost%4operational.evtx","System.UInt32[]","System.Diagnostics.Eventing.Reader.EventBookmark","Information","Info",,"System.Collections.ObjectModel.ReadOnlyCollection`1[System.String]","System.Collections.Generic.List`1[System.Diagnostics.Eventing.Reader.EventProperty]"
"Summary of ReadyBoot Performance:
     Io Read Count: 15876
     Io Read Bytes: 347132416
     Cache Hit Count: 14667
     Cache Hit Bytes: 261697536
     Cache Hit Percentage: 0.92384731670446
     Boot Prefetch Time (us): 28594402
     Boot Prefetch Bytes: 264241152
     Boot Prefetch Read Count: 6604
","1015","1",,"4","1016","0","-9223372036854767616","278","Microsoft-Windows-ReadyBoost","e6307a09-292c-497e-aad6-498f68e2b619","Microsoft-Windows-ReadyBoost/Operational","952","3472","rjaf-PC4429","S-1-5-18","2/26/2014 7:24:45 AM",,,"c:\users\mac_1\desktop\winevt\logs\microsoft-windows-readyboost%4operational.evtx","System.UInt32[]","System.Diagnostics.Eventing.Reader.EventBookmark","Information","Info",,"System.Collections.ObjectModel.ReadOnlyCollection`1[System.String]","System.Collections.Generic.List`1[System.Diagnostics.Eventing.Reader.EventProperty]"
"Boot plan calculation completed in 1077 ms.
     Boot Plan Timestamp: ?2014?-?02?-?26T09:33:28.642696300Z
     Reason: Disk defragmentation
     Result: 0x0","1016","1",,"4","1016","0","-9223372036854767616","277","Microsoft-Windows-ReadyBoost","e6307a09-292c-497e-aad6-498f68e2b619","Microsoft-Windows-ReadyBoost/Operational","956","1996","rjaf-PC4429","S-1-5-18","2/25/2014 11:33:29 PM",,,"c:\users\mac_1\desktop\winevt\logs\microsoft-windows-readyboost%4operational.evtx","System.UInt32[]","System.Diagnostics.Eventing.Reader.EventBookmark","Information","Info",,"System.Collections.ObjectModel.ReadOnlyCollection`1[System.String]","System.Collections.Generic.List`1[System.Diagnostics.Eventing.Reader.EventProperty]"
"Boot plan calculation completed in 983 ms.
     Boot Plan Timestamp: ?2014?-?02?-?25T17:04:21.648828300Z
     Reason: Disk defragmentation
     Result: 0x0","1016","1",,"4","1016","0","-9223372036854767616","276","Microsoft-Windows-ReadyBoost","e6307a09-292c-497e-aad6-498f68e2b619","Microsoft-Windows-ReadyBoost/Operational","956","6036","rjaf-PC4429","S-1-5-18","2/25/2014 7:04:22 AM",,,"c:\users\mac_1\desktop\winevt\logs\microsoft-windows-readyboost%4operational.evtx","System.UInt32[]","System.Diagnostics.Eventing.Reader.EventBookmark","Information","Info",,"System.Collections.ObjectModel.ReadOnlyCollection`1[System.String]","System.Collections.Generic.List`1[System.Diagnostics.Eventing.Reader.EventProperty]"
"Boot plan calculation completed in 1420 ms.
     Boot Plan Timestamp: ?2014?-?02?-?25T16:48:05.648714000Z
     Reason: Disk defragmentation
     Result: 0x0","1016","1",,"4","1016","0","-9223372036854767616","275","Microsoft-Windows-ReadyBoost","e6307a09-292c-497e-aad6-498f68e2b619","Microsoft-Windows-ReadyBoost/Operational","956","3392","rjaf-PC4429","S-1-5-18","2/25/2014 6:48:07 AM",,,"c:\users\mac_1\desktop\winevt\logs\microsoft-windows-readyboost%4operational.evtx","System.UInt32[]","System.Diagnostics.Eventing.Reader.EventBookmark","Information","Info",,"System.Collections.ObjectModel.ReadOnlyCollection`1[System.String]","System.Collections.Generic.List`1[System.Diagnostics.Eventing.Reader.EventProperty]"
"Boot plan calculation completed in 1420 ms.
     Boot Plan Timestamp: ?2014?-?02?-?25T09:05:02.673173400Z
     Reason: Disk defragmentation
     Result: 0x0","1016","1",,"4","1016","0","-9223372036854767616","274","Microsoft-Windows-ReadyBoost","e6307a09-292c-497e-aad6-498f68e2b619","Microsoft-Windows-ReadyBoost/Operational","956","3940","rjaf-PC4429","S-1-5-18","2/24/2014 11:05:04 PM",,,"c:\users\mac_1\desktop\winevt\logs\microsoft-windows-readyboost%4operational.evtx","System.UInt32[]","System.Diagnostics.Eventing.Reader.EventBookmark","Information","Info",,"System.Collections.ObjectModel.ReadOnlyCollection`1[System.String]","System.Collections.Generic.List`1[System.Diagnostics.Eventing.Reader.EventProperty]"
"Boot plan calculation completed in 10280 ms.
     Boot Plan Timestamp: ?2014?-?02?-?25T08:51:30.224513600Z
     Reason: System boot completion
     Result: 0x0","1016","1",,"4","1016","0","-9223372036854767616","273","Microsoft-Windows-ReadyBoost","e6307a09-292c-497e-aad6-498f68e2b619","Microsoft-Windows-ReadyBoost/Operational","956","1160","rjaf-PC4429","S-1-5-18","2/24/2014 10:51:40 PM",,,"c:\users\mac_1\desktop\winevt\logs\microsoft-windows-readyboost%4operational.evtx","System.UInt32[]","System.Diagnostics.Eventing.Reader.EventBookmark","Information","Info",,"System.Collections.ObjectModel.ReadOnlyCollection`1[System.String]","System.Collections.Generic.List`1[System.Diagnostics.Eventing.Reader.EventProperty]"
"Summary of ReadyBoot Performance:
     Io Read Count: 13829
     Io Read Bytes: 370677248
     Cache Hit Count: 11361
     Cache Hit Bytes: 221391360
     Cache Hit Percentage: 0.821534456576759
     Boot Prefetch Time (us): 25477839
     Boot Prefetch Bytes: 261464064
     Boot Prefetch Read Count: 6511
","1015","1",,"4","1016","0","-9223372036854767616","272","Microsoft-Windows-ReadyBoost","e6307a09-292c-497e-aad6-498f68e2b619","Microsoft-Windows-ReadyBoost/Operational","956","1160","rjaf-PC4429","S-1-5-18","2/24/2014 10:51:39 PM",,,"c:\users\mac_1\desktop\winevt\logs\microsoft-windows-readyboost%4operational.evtx","System.UInt32[]","System.Diagnostics.Eventing.Reader.EventBookmark","Information","Info",,"System.Collections.ObjectModel.ReadOnlyCollection`1[System.String]","System.Collections.Generic.List`1[System.Diagnostics.Eventing.Reader.EventProperty]"
"The device (Kingston DataTraveler II+) will not be used for a ReadyBoost cache because the device is too small. Size: 196 MB.  Minimum Size: 235 MB","1009","0",,"4","1019","0","-9223372036854759424","271","Microsoft-Windows-ReadyBoost","e6307a09-292c-497e-aad6-498f68e2b619","Microsoft-Windows-ReadyBoost/Operational","964","1708","rjaf-PC4429","S-1-5-18","2/24/2014 12:41:18 AM",,,"c:\users\mac_1\desktop\winevt\logs\microsoft-windows-readyboost%4operational.evtx","System.UInt32[]","System.Diagnostics.Eventing.Reader.EventBookmark","Information","Info",,"System.Collections.ObjectModel.ReadOnlyCollection`1[System.String]","System.Collections.Generic.List`1[System.Diagnostics.Eventing.Reader.EventProperty]"
"Boot plan calculation completed in 3993 ms.
     Boot Plan Timestamp: ?2014?-?02?-?23T14:25:46.720518000Z
     Reason: System boot completion
     Result: 0x0","1016","1",,"4","1016","0","-9223372036854767616","270","Microsoft-Windows-ReadyBoost","e6307a09-292c-497e-aad6-498f68e2b619","Microsoft-Windows-ReadyBoost/Operational","964","1200","rjaf-PC4429","S-1-5-18","2/23/2014 4:25:50 AM",,,"c:\users\mac_1\desktop\winevt\logs\microsoft-windows-readyboost%4operational.evtx","System.UInt32[]","System.Diagnostics.Eventing.Reader.EventBookmark","Information","Info",,"System.Collections.ObjectModel.ReadOnlyCollection`1[System.String]","System.Collections.Generic.List`1[System.Diagnostics.Eventing.Reader.EventProperty]"
"Summary of ReadyBoot Performance:
     Io Read Count: 15918
     Io Read Bytes: 407198720
     Cache Hit Count: 10903
     Cache Hit Bytes: 204236288
     Cache Hit Percentage: 0.684947857771077
     Boot Prefetch Time (us): 22313067
     Boot Prefetch Bytes: 255717376
     Boot Prefetch Read Count: 6418
","1015","1",,"4","1016","0","-9223372036854767616","269","Microsoft-Windows-ReadyBoost","e6307a09-292c-497e-aad6-498f68e2b619","Microsoft-Windows-ReadyBoost/Operational","964","1200","rjaf-PC4429","S-1-5-18","2/23/2014 4:25:49 AM",,,"c:\users\mac_1\desktop\winevt\logs\microsoft-windows-readyboost%4operational.evtx","System.UInt32[]","System.Diagnostics.Eventing.Reader.EventBookmark","Information","Info",,"System.Collections.ObjectModel.ReadOnlyCollection`1[System.String]","System.Collections.Generic.List`1[System.Diagnostics.Eventing.Reader.EventProperty]"
"Boot plan calculation completed in 749 ms.
     Boot Plan Timestamp: ?2014?-?02?-?22T09:56:41.039524200Z
     Reason: Disk defragmentation
     Result: 0x0","1016","1",,"4","1016","0","-9223372036854767616","268","Microsoft-Windows-ReadyBoost","e6307a09-292c-497e-aad6-498f68e2b619","Microsoft-Windows-ReadyBoost/Operational","944","3600","rjaf-PC4429","S-1-5-18","2/21/2014 11:56:41 PM",,,"c:\users\mac_1\desktop\winevt\logs\microsoft-windows-readyboost%4operational.evtx","System.UInt32[]","System.Diagnostics.Eventing.Reader.EventBookmark","Information","Info",,"System.Collections.ObjectModel.ReadOnlyCollection`1[System.String]","System.Collections.Generic.List`1[System.Diagnostics.Eventing.Reader.EventProperty]"
"Boot plan calculation completed in 1045 ms.
     Boot Plan Timestamp: ?2014?-?02?-?22T09:45:03.297194200Z
     Reason: Disk defragmentation
     Result: 0x0","1016","1",,"4","1016","0","-9223372036854767616","267","Microsoft-Windows-ReadyBoost","e6307a09-292c-497e-aad6-498f68e2b619","Microsoft-Windows-ReadyBoost/Operational","944","3908","rjaf-PC4429","S-1-5-18","2/21/2014 11:45:04 PM",,,"c:\users\mac_1\desktop\winevt\logs\microsoft-windows-readyboost%4operational.evtx","System.UInt32[]","System.Diagnostics.Eventing.Reader.EventBookmark","Information","Info",,"System.Collections.ObjectModel.ReadOnlyCollection`1[System.String]","System.Collections.Generic.List`1[System.Diagnostics.Eventing.Reader.EventProperty]"
"Boot plan calculation completed in 4509 ms.
     Boot Plan Timestamp: ?2014?-?02?-?22T09:18:50.119411700Z
     Reason: System boot completion
     Result: 0x0","1016","1",,"4","1016","0","-9223372036854767616","266","Microsoft-Windows-ReadyBoost","e6307a09-292c-497e-aad6-498f68e2b619","Microsoft-Windows-ReadyBoost/Operational","944","4024","rjaf-PC4429","S-1-5-18","2/21/2014 11:18:54 PM",,,"c:\users\mac_1\desktop\winevt\logs\microsoft-windows-readyboost%4operational.evtx","System.UInt32[]","System.Diagnostics.Eventing.Reader.EventBookmark","Information","Info",,"System.Collections.ObjectModel.ReadOnlyCollection`1[System.String]","System.Collections.Generic.List`1[System.Diagnostics.Eventing.Reader.EventProperty]"
"Summary of ReadyBoot Performance:
     Io Read Count: 16523
     Io Read Bytes: 390300672
     Cache Hit Count: 14784
     Cache Hit Bytes: 266922496
     Cache Hit Percentage: 0.894752768867639
     Boot Prefetch Time (us): 29452244
     Boot Prefetch Bytes: 254861312
     Boot Prefetch Read Count: 6384
","1015","1",,"4","1016","0","-9223372036854767616","265","Microsoft-Windows-ReadyBoost","e6307a09-292c-497e-aad6-498f68e2b619","Microsoft-Windows-ReadyBoost/Operational","944","4024","rjaf-PC4429","S-1-5-18","2/21/2014 11:18:53 PM",,,"c:\users\mac_1\desktop\winevt\logs\microsoft-windows-readyboost%4operational.evtx","System.UInt32[]","System.Diagnostics.Eventing.Reader.EventBookmark","Information","Info",,"System.Collections.ObjectModel.ReadOnlyCollection`1[System.String]","System.Collections.Generic.List`1[System.Diagnostics.Eventing.Reader.EventProperty]"
"Boot plan calculation completed in 796 ms.
     Boot Plan Timestamp: ?2014?-?02?-?19T10:07:22.650509400Z
     Reason: Disk defragmentation
     Result: 0x0","1016","1",,"4","1016","0","-9223372036854767616","264","Microsoft-Windows-ReadyBoost","e6307a09-292c-497e-aad6-498f68e2b619","Microsoft-Windows-ReadyBoost/Operational","948","660","rjaf-PC4429","S-1-5-18","2/19/2014 12:07:23 AM",,,"c:\users\mac_1\desktop\winevt\logs\microsoft-windows-readyboost%4operational.evtx","System.UInt32[]","System.Diagnostics.Eventing.Reader.EventBookmark","Information","Info",,"System.Collections.ObjectModel.ReadOnlyCollection`1[System.String]","System.Collections.Generic.List`1[System.Diagnostics.Eventing.Reader.EventProperty]"
"Boot plan calculation completed in 1108 ms.
     Boot Plan Timestamp: ?2014?-?02?-?19T09:56:11.646530800Z
     Reason: Disk defragmentation
     Result: 0x0","1016","1",,"4","1016","0","-9223372036854767616","263","Microsoft-Windows-ReadyBoost","e6307a09-292c-497e-aad6-498f68e2b619","Microsoft-Windows-ReadyBoost/Operational","948","3316","rjaf-PC4429","S-1-5-18","2/18/2014 11:56:12 PM",,,"c:\users\mac_1\desktop\winevt\logs\microsoft-windows-readyboost%4operational.evtx","System.UInt32[]","System.Diagnostics.Eventing.Reader.EventBookmark","Information","Info",,"System.Collections.ObjectModel.ReadOnlyCollection`1[System.String]","System.Collections.Generic.List`1[System.Diagnostics.Eventing.Reader.EventProperty]"
"Boot plan calculation completed in 702 ms.
     Boot Plan Timestamp: ?2014?-?02?-?19T09:42:27.668683600Z
     Reason: Disk defragmentation
     Result: 0x0","1016","1",,"4","1016","0","-9223372036854767616","262","Microsoft-Windows-ReadyBoost","e6307a09-292c-497e-aad6-498f68e2b619","Microsoft-Windows-ReadyBoost/Operational","948","1060","rjaf-PC4429","S-1-5-18","2/18/2014 11:42:28 PM",,,"c:\users\mac_1\desktop\winevt\logs\microsoft-windows-readyboost%4operational.evtx","System.UInt32[]","System.Diagnostics.Eventing.Reader.EventBookmark","Information","Info",,"System.Collections.ObjectModel.ReadOnlyCollection`1[System.String]","System.Collections.Generic.List`1[System.Diagnostics.Eventing.Reader.EventProperty]"
"Boot plan calculation completed in 3338 ms.
     Boot Plan Timestamp: ?2014?-?02?-?19T09:21:51.725312800Z
     Reason: System boot completion
     Result: 0x0","1016","1",,"4","1016","0","-9223372036854767616","261","Microsoft-Windows-ReadyBoost","e6307a09-292c-497e-aad6-498f68e2b619","Microsoft-Windows-ReadyBoost/Operational","948","3984","rjaf-PC4429","S-1-5-18","2/18/2014 11:21:55 PM",,,"c:\users\mac_1\desktop\winevt\logs\microsoft-windows-readyboost%4operational.evtx","System.UInt32[]","System.Diagnostics.Eventing.Reader.EventBookmark","Information","Info",,"System.Collections.ObjectModel.ReadOnlyCollection`1[System.String]","System.Collections.Generic.List`1[System.Diagnostics.Eventing.Reader.EventProperty]"
"Summary of ReadyBoot Performance:
     Io Read Count: 18068
     Io Read Bytes: 395412992
     Cache Hit Count: 14652
     Cache Hit Bytes: 258524672
     Cache Hit Percentage: 0.810936462253708
     Boot Prefetch Time (us): 22467709
     Boot Prefetch Bytes: 253747200
     Boot Prefetch Read Count: 6330
","1015","1",,"4","1016","0","-9223372036854767616","260","Microsoft-Windows-ReadyBoost","e6307a09-292c-497e-aad6-498f68e2b619","Microsoft-Windows-ReadyBoost/Operational","948","3984","rjaf-PC4429","S-1-5-18","2/18/2014 11:21:54 PM",,,"c:\users\mac_1\desktop\winevt\logs\microsoft-windows-readyboost%4operational.evtx","System.UInt32[]","System.Diagnostics.Eventing.Reader.EventBookmark","Information","Info",,"System.Collections.ObjectModel.ReadOnlyCollection`1[System.String]","System.Collections.Generic.List`1[System.Diagnostics.Eventing.Reader.EventProperty]"
"Boot plan calculation completed in 1077 ms.
     Boot Plan Timestamp: ?2014?-?02?-?19T00:31:01.651384000Z
     Reason: Disk defragmentation
     Result: 0x0","1016","1",,"4","1016","0","-9223372036854767616","259","Microsoft-Windows-ReadyBoost","e6307a09-292c-497e-aad6-498f68e2b619","Microsoft-Windows-ReadyBoost/Operational","944","3124","rjaf-PC4429","S-1-5-18","2/18/2014 2:31:02 PM",,,"c:\users\mac_1\desktop\winevt\logs\microsoft-windows-readyboost%4operational.evtx","System.UInt32[]","System.Diagnostics.Eventing.Reader.EventBookmark","Information","Info",,"System.Collections.ObjectModel.ReadOnlyCollection`1[System.String]","System.Collections.Generic.List`1[System.Diagnostics.Eventing.Reader.EventProperty]"
"Boot plan calculation completed in 764 ms.
     Boot Plan Timestamp: ?2014?-?02?-?18T09:37:36.642434100Z
     Reason: Disk defragmentation
     Result: 0x0","1016","1",,"4","1016","0","-9223372036854767616","258","Microsoft-Windows-ReadyBoost","e6307a09-292c-497e-aad6-498f68e2b619","Microsoft-Windows-ReadyBoost/Operational","944","3272","rjaf-PC4429","S-1-5-18","2/17/2014 11:37:37 PM",,,"c:\users\mac_1\desktop\winevt\logs\microsoft-windows-readyboost%4operational.evtx","System.UInt32[]","System.Diagnostics.Eventing.Reader.EventBookmark","Information","Info",,"System.Collections.ObjectModel.ReadOnlyCollection`1[System.String]","System.Collections.Generic.List`1[System.Diagnostics.Eventing.Reader.EventProperty]"
"Boot plan calculation completed in 3838 ms.
     Boot Plan Timestamp: ?2014?-?02?-?18T09:30:40.719644700Z
     Reason: System boot completion
     Result: 0x0","1016","1",,"4","1016","0","-9223372036854767616","257","Microsoft-Windows-ReadyBoost","e6307a09-292c-497e-aad6-498f68e2b619","Microsoft-Windows-ReadyBoost/Operational","944","3256","rjaf-PC4429","S-1-5-18","2/17/2014 11:30:44 PM",,,"c:\users\mac_1\desktop\winevt\logs\microsoft-windows-readyboost%4operational.evtx","System.UInt32[]","System.Diagnostics.Eventing.Reader.EventBookmark","Information","Info",,"System.Collections.ObjectModel.ReadOnlyCollection`1[System.String]","System.Collections.Generic.List`1[System.Diagnostics.Eventing.Reader.EventProperty]"
"Summary of ReadyBoot Performance:
     Io Read Count: 19077
     Io Read Bytes: 466369536
     Cache Hit Count: 15024
     Cache Hit Bytes: 269943808
     Cache Hit Percentage: 0.787545211511244
     Boot Prefetch Time (us): 29604165
     Boot Prefetch Bytes: 288292864
     Boot Prefetch Read Count: 6901
","1015","1",,"4","1016","0","-9223372036854767616","256","Microsoft-Windows-ReadyBoost","e6307a09-292c-497e-aad6-498f68e2b619","Microsoft-Windows-ReadyBoost/Operational","944","3256","rjaf-PC4429","S-1-5-18","2/17/2014 11:30:43 PM",,,"c:\users\mac_1\desktop\winevt\logs\microsoft-windows-readyboost%4operational.evtx","System.UInt32[]","System.Diagnostics.Eventing.Reader.EventBookmark","Information","Info",,"System.Collections.ObjectModel.ReadOnlyCollection`1[System.String]","System.Collections.Generic.List`1[System.Diagnostics.Eventing.Reader.EventProperty]"
"Boot plan calculation completed in 2559 ms.
     Boot Plan Timestamp: ?2014?-?02?-?17T10:16:30.113584700Z
     Reason: System boot completion
     Result: 0x0","1016","1",,"4","1016","0","-9223372036854767616","255","Microsoft-Windows-ReadyBoost","e6307a09-292c-497e-aad6-498f68e2b619","Microsoft-Windows-ReadyBoost/Operational","956","3032","rjaf-PC4429","S-1-5-18","2/17/2014 12:16:32 AM",,,"c:\users\mac_1\desktop\winevt\logs\microsoft-windows-readyboost%4operational.evtx","System.UInt32[]","System.Diagnostics.Eventing.Reader.EventBookmark","Information","Info",,"System.Collections.ObjectModel.ReadOnlyCollection`1[System.String]","System.Collections.Generic.List`1[System.Diagnostics.Eventing.Reader.EventProperty]"
"Summary of ReadyBoot Performance:
     Io Read Count: 21185
     Io Read Bytes: 521100800
     Cache Hit Count: 15036
     Cache Hit Bytes: 266525696
     Cache Hit Percentage: 0.709747462827472
     Boot Prefetch Time (us): 29720125
     Boot Prefetch Bytes: 260714496
     Boot Prefetch Read Count: 6432
","1015","1",,"4","1016","0","-9223372036854767616","254","Microsoft-Windows-ReadyBoost","e6307a09-292c-497e-aad6-498f68e2b619","Microsoft-Windows-ReadyBoost/Operational","956","3032","rjaf-PC4429","S-1-5-18","2/17/2014 12:16:31 AM",,,"c:\users\mac_1\desktop\winevt\logs\microsoft-windows-readyboost%4operational.evtx","System.UInt32[]","System.Diagnostics.Eventing.Reader.EventBookmark","Information","Info",,"System.Collections.ObjectModel.ReadOnlyCollection`1[System.String]","System.Collections.Generic.List`1[System.Diagnostics.Eventing.Reader.EventProperty]"
"Boot plan calculation completed in 3681 ms.
     Boot Plan Timestamp: ?2014?-?02?-?16T17:36:20.243310200Z
     Reason: System boot completion
     Result: 0x0","1016","1",,"4","1016","0","-9223372036854767616","253","Microsoft-Windows-ReadyBoost","e6307a09-292c-497e-aad6-498f68e2b619","Microsoft-Windows-ReadyBoost/Operational","940","3608","rjaf-PC4429","S-1-5-18","2/16/2014 7:36:23 AM",,,"c:\users\mac_1\desktop\winevt\logs\microsoft-windows-readyboost%4operational.evtx","System.UInt32[]","System.Diagnostics.Eventing.Reader.EventBookmark","Information","Info",,"System.Collections.ObjectModel.ReadOnlyCollection`1[System.String]","System.Collections.Generic.List`1[System.Diagnostics.Eventing.Reader.EventProperty]"
"Summary of ReadyBoot Performance:
     Io Read Count: 15637
     Io Read Bytes: 348968448
     Cache Hit Count: 14544
     Cache Hit Bytes: 263740416
     Cache Hit Percentage: 0.930101681908294
     Boot Prefetch Time (us): 22007161
     Boot Prefetch Bytes: 258568192
     Boot Prefetch Read Count: 6345
","1015","1",,"4","1016","0","-9223372036854767616","252","Microsoft-Windows-ReadyBoost","e6307a09-292c-497e-aad6-498f68e2b619","Microsoft-Windows-ReadyBoost/Operational","940","3608","rjaf-PC4429","S-1-5-18","2/16/2014 7:36:22 AM",,,"c:\users\mac_1\desktop\winevt\logs\microsoft-windows-readyboost%4operational.evtx","System.UInt32[]","System.Diagnostics.Eventing.Reader.EventBookmark","Information","Info",,"System.Collections.ObjectModel.ReadOnlyCollection`1[System.String]","System.Collections.Generic.List`1[System.Diagnostics.Eventing.Reader.EventProperty]"
"Boot plan calculation completed in 811 ms.
     Boot Plan Timestamp: ?2014?-?02?-?15T16:15:23.059129600Z
     Reason: Disk defragmentation
     Result: 0x0","1016","1",,"4","1016","0","-9223372036854767616","251","Microsoft-Windows-ReadyBoost","e6307a09-292c-497e-aad6-498f68e2b619","Microsoft-Windows-ReadyBoost/Operational","980","2276","rjaf-PC4429","S-1-5-18","2/15/2014 6:15:23 AM",,,"c:\users\mac_1\desktop\winevt\logs\microsoft-windows-readyboost%4operational.evtx","System.UInt32[]","System.Diagnostics.Eventing.Reader.EventBookmark","Information","Info",,"System.Collections.ObjectModel.ReadOnlyCollection`1[System.String]","System.Collections.Generic.List`1[System.Diagnostics.Eventing.Reader.EventProperty]"
"Boot plan calculation completed in 4118 ms.
     Boot Plan Timestamp: ?2014?-?02?-?15T15:27:47.115313400Z
     Reason: System boot completion
     Result: 0x0","1016","1",,"4","1016","0","-9223372036854767616","250","Microsoft-Windows-ReadyBoost","e6307a09-292c-497e-aad6-498f68e2b619","Microsoft-Windows-ReadyBoost/Operational","980","3852","rjaf-PC4429","S-1-5-18","2/15/2014 5:27:51 AM",,,"c:\users\mac_1\desktop\winevt\logs\microsoft-windows-readyboost%4operational.evtx","System.UInt32[]","System.Diagnostics.Eventing.Reader.EventBookmark","Information","Info",,"System.Collections.ObjectModel.ReadOnlyCollection`1[System.String]","System.Collections.Generic.List`1[System.Diagnostics.Eventing.Reader.EventProperty]"
"Summary of ReadyBoot Performance:
     Io Read Count: 15709
     Io Read Bytes: 370649088
     Cache Hit Count: 14744
     Cache Hit Bytes: 267969024
     Cache Hit Percentage: 0.938570246355592
     Boot Prefetch Time (us): 27536894
     Boot Prefetch Bytes: 262397952
     Boot Prefetch Read Count: 6503
","1015","1",,"4","1016","0","-9223372036854767616","249","Microsoft-Windows-ReadyBoost","e6307a09-292c-497e-aad6-498f68e2b619","Microsoft-Windows-ReadyBoost/Operational","980","3852","rjaf-PC4429","S-1-5-18","2/15/2014 5:27:50 AM",,,"c:\users\mac_1\desktop\winevt\logs\microsoft-windows-readyboost%4operational.evtx","System.UInt32[]","System.Diagnostics.Eventing.Reader.EventBookmark","Information","Info",,"System.Collections.ObjectModel.ReadOnlyCollection`1[System.String]","System.Collections.Generic.List`1[System.Diagnostics.Eventing.Reader.EventProperty]"
"Boot plan calculation completed in 4789 ms.
     Boot Plan Timestamp: ?2014?-?02?-?15T11:43:29.929711400Z
     Reason: System boot completion
     Result: 0x0","1016","1",,"4","1016","0","-9223372036854767616","248","Microsoft-Windows-ReadyBoost","e6307a09-292c-497e-aad6-498f68e2b619","Microsoft-Windows-ReadyBoost/Operational","976","3936","rjaf-PC4429","S-1-5-18","2/15/2014 1:43:34 AM",,,"c:\users\mac_1\desktop\winevt\logs\microsoft-windows-readyboost%4operational.evtx","System.UInt32[]","System.Diagnostics.Eventing.Reader.EventBookmark","Information","Info",,"System.Collections.ObjectModel.ReadOnlyCollection`1[System.String]","System.Collections.Generic.List`1[System.Diagnostics.Eventing.Reader.EventProperty]"
"Summary of ReadyBoot Performance:
     Io Read Count: 16409
     Io Read Bytes: 387730432
     Cache Hit Count: 14551
     Cache Hit Bytes: 264319488
     Cache Hit Percentage: 0.886769455786459
     Boot Prefetch Time (us): 21969456
     Boot Prefetch Bytes: 256016384
     Boot Prefetch Read Count: 6345
","1015","1",,"4","1016","0","-9223372036854767616","247","Microsoft-Windows-ReadyBoost","e6307a09-292c-497e-aad6-498f68e2b619","Microsoft-Windows-ReadyBoost/Operational","976","3936","rjaf-PC4429","S-1-5-18","2/15/2014 1:43:33 AM",,,"c:\users\mac_1\desktop\winevt\logs\microsoft-windows-readyboost%4operational.evtx","System.UInt32[]","System.Diagnostics.Eventing.Reader.EventBookmark","Information","Info",,"System.Collections.ObjectModel.ReadOnlyCollection`1[System.String]","System.Collections.Generic.List`1[System.Diagnostics.Eventing.Reader.EventProperty]"
"Boot plan calculation completed in 702 ms.
     Boot Plan Timestamp: ?2014?-?02?-?15T03:02:28.641439100Z
     Reason: Disk defragmentation
     Result: 0x0","1016","1",,"4","1016","0","-9223372036854767616","246","Microsoft-Windows-ReadyBoost","e6307a09-292c-497e-aad6-498f68e2b619","Microsoft-Windows-ReadyBoost/Operational","960","1812","rjaf-PC4429","S-1-5-18","2/14/2014 5:02:29 PM",,,"c:\users\mac_1\desktop\winevt\logs\microsoft-windows-readyboost%4operational.evtx","System.UInt32[]","System.Diagnostics.Eventing.Reader.EventBookmark","Information","Info",,"System.Collections.ObjectModel.ReadOnlyCollection`1[System.String]","System.Collections.Generic.List`1[System.Diagnostics.Eventing.Reader.EventProperty]"
"Boot plan calculation completed in 1154 ms.
     Boot Plan Timestamp: ?2014?-?02?-?14T10:55:26.638545200Z
     Reason: Disk defragmentation
     Result: 0x0","1016","1",,"4","1016","0","-9223372036854767616","245","Microsoft-Windows-ReadyBoost","e6307a09-292c-497e-aad6-498f68e2b619","Microsoft-Windows-ReadyBoost/Operational","960","340","rjaf-PC4429","S-1-5-18","2/14/2014 12:55:27 AM",,,"c:\users\mac_1\desktop\winevt\logs\microsoft-windows-readyboost%4operational.evtx","System.UInt32[]","System.Diagnostics.Eventing.Reader.EventBookmark","Information","Info",,"System.Collections.ObjectModel.ReadOnlyCollection`1[System.String]","System.Collections.Generic.List`1[System.Diagnostics.Eventing.Reader.EventProperty]"
"Boot plan calculation completed in 905 ms.
     Boot Plan Timestamp: ?2014?-?02?-?12T15:40:26.629249500Z
     Reason: Disk defragmentation
     Result: 0x0","1016","1",,"4","1016","0","-9223372036854767616","244","Microsoft-Windows-ReadyBoost","e6307a09-292c-497e-aad6-498f68e2b619","Microsoft-Windows-ReadyBoost/Operational","960","368","rjaf-PC4429","S-1-5-18","2/12/2014 5:40:27 AM",,,"c:\users\mac_1\desktop\winevt\logs\microsoft-windows-readyboost%4operational.evtx","System.UInt32[]","System.Diagnostics.Eventing.Reader.EventBookmark","Information","Info",,"System.Collections.ObjectModel.ReadOnlyCollection`1[System.String]","System.Collections.Generic.List`1[System.Diagnostics.Eventing.Reader.EventProperty]"
"Boot plan calculation completed in 921 ms.
     Boot Plan Timestamp: ?2014?-?02?-?12T12:40:31.648644700Z
     Reason: Disk defragmentation
     Result: 0x0","1016","1",,"4","1016","0","-9223372036854767616","243","Microsoft-Windows-ReadyBoost","e6307a09-292c-497e-aad6-498f68e2b619","Microsoft-Windows-ReadyBoost/Operational","960","1176","rjaf-PC4429","S-1-5-18","2/12/2014 2:40:32 AM",,,"c:\users\mac_1\desktop\winevt\logs\microsoft-windows-readyboost%4operational.evtx","System.UInt32[]","System.Diagnostics.Eventing.Reader.EventBookmark","Information","Info",,"System.Collections.ObjectModel.ReadOnlyCollection`1[System.String]","System.Collections.Generic.List`1[System.Diagnostics.Eventing.Reader.EventProperty]"
"Boot plan calculation completed in 640 ms.
     Boot Plan Timestamp: ?2014?-?02?-?12T08:31:33.632255100Z
     Reason: Disk defragmentation
     Result: 0x0","1016","1",,"4","1016","0","-9223372036854767616","242","Microsoft-Windows-ReadyBoost","e6307a09-292c-497e-aad6-498f68e2b619","Microsoft-Windows-ReadyBoost/Operational","960","732","rjaf-PC4429","S-1-5-18","2/11/2014 10:31:34 PM",,,"c:\users\mac_1\desktop\winevt\logs\microsoft-windows-readyboost%4operational.evtx","System.UInt32[]","System.Diagnostics.Eventing.Reader.EventBookmark","Information","Info",,"System.Collections.ObjectModel.ReadOnlyCollection`1[System.String]","System.Collections.Generic.List`1[System.Diagnostics.Eventing.Reader.EventProperty]"
"Boot plan calculation completed in 5694 ms.
     Boot Plan Timestamp: ?2014?-?02?-?11T08:53:52.754532200Z
     Reason: System boot completion
     Result: 0x0","1016","1",,"4","1016","0","-9223372036854767616","241","Microsoft-Windows-ReadyBoost","e6307a09-292c-497e-aad6-498f68e2b619","Microsoft-Windows-ReadyBoost/Operational","960","4092","rjaf-PC4429","S-1-5-18","2/10/2014 10:53:58 PM",,,"c:\users\mac_1\desktop\winevt\logs\microsoft-windows-readyboost%4operational.evtx","System.UInt32[]","System.Diagnostics.Eventing.Reader.EventBookmark","Information","Info",,"System.Collections.ObjectModel.ReadOnlyCollection`1[System.String]","System.Collections.Generic.List`1[System.Diagnostics.Eventing.Reader.EventProperty]"
"Summary of ReadyBoot Performance:
     Io Read Count: 21625
     Io Read Bytes: 448403456
     Cache Hit Count: 15251
     Cache Hit Bytes: 273207296
     Cache Hit Percentage: 0.705248554913295
     Boot Prefetch Time (us): 27580182
     Boot Prefetch Bytes: 262361088
     Boot Prefetch Read Count: 6547
","1015","1",,"4","1016","0","-9223372036854767616","240","Microsoft-Windows-ReadyBoost","e6307a09-292c-497e-aad6-498f68e2b619","Microsoft-Windows-ReadyBoost/Operational","960","4092","rjaf-PC4429","S-1-5-18","2/10/2014 10:53:57 PM",,,"c:\users\mac_1\desktop\winevt\logs\microsoft-windows-readyboost%4operational.evtx","System.UInt32[]","System.Diagnostics.Eventing.Reader.EventBookmark","Information","Info",,"System.Collections.ObjectModel.ReadOnlyCollection`1[System.String]","System.Collections.Generic.List`1[System.Diagnostics.Eventing.Reader.EventProperty]"
"Boot plan calculation completed in 4352 ms.
     Boot Plan Timestamp: ?2014?-?02?-?11T07:30:02.120275400Z
     Reason: System boot completion
     Result: 0x0","1016","1",,"4","1016","0","-9223372036854767616","239","Microsoft-Windows-ReadyBoost","e6307a09-292c-497e-aad6-498f68e2b619","Microsoft-Windows-ReadyBoost/Operational","956","3148","rjaf-PC4429","S-1-5-18","2/10/2014 9:30:06 PM",,,"c:\users\mac_1\desktop\winevt\logs\microsoft-windows-readyboost%4operational.evtx","System.UInt32[]","System.Diagnostics.Eventing.Reader.EventBookmark","Information","Info",,"System.Collections.ObjectModel.ReadOnlyCollection`1[System.String]","System.Collections.Generic.List`1[System.Diagnostics.Eventing.Reader.EventProperty]"
"Summary of ReadyBoot Performance:
     Io Read Count: 20293
     Io Read Bytes: 461572608
     Cache Hit Count: 14529
     Cache Hit Bytes: 266726912
     Cache Hit Percentage: 0.715961168875967
     Boot Prefetch Time (us): 26639798
     Boot Prefetch Bytes: 256090112
     Boot Prefetch Read Count: 6350
","1015","1",,"4","1016","0","-9223372036854767616","238","Microsoft-Windows-ReadyBoost","e6307a09-292c-497e-aad6-498f68e2b619","Microsoft-Windows-ReadyBoost/Operational","956","3148","rjaf-PC4429","S-1-5-18","2/10/2014 9:30:05 PM",,,"c:\users\mac_1\desktop\winevt\logs\microsoft-windows-readyboost%4operational.evtx","System.UInt32[]","System.Diagnostics.Eventing.Reader.EventBookmark","Information","Info",,"System.Collections.ObjectModel.ReadOnlyCollection`1[System.String]","System.Collections.Generic.List`1[System.Diagnostics.Eventing.Reader.EventProperty]"
"Boot plan calculation completed in 936 ms.
     Boot Plan Timestamp: ?2014?-?02?-?10T15:00:07.153060700Z
     Reason: Disk defragmentation
     Result: 0x0","1016","1",,"4","1016","0","-9223372036854767616","237","Microsoft-Windows-ReadyBoost","e6307a09-292c-497e-aad6-498f68e2b619","Microsoft-Windows-ReadyBoost/Operational","936","288","rjaf-PC4429","S-1-5-18","2/10/2014 5:00:08 AM",,,"c:\users\mac_1\desktop\winevt\logs\microsoft-windows-readyboost%4operational.evtx","System.UInt32[]","System.Diagnostics.Eventing.Reader.EventBookmark","Information","Info",,"System.Collections.ObjectModel.ReadOnlyCollection`1[System.String]","System.Collections.Generic.List`1[System.Diagnostics.Eventing.Reader.EventProperty]"
"Boot plan calculation completed in 671 ms.
     Boot Plan Timestamp: ?2014?-?02?-?09T11:01:07.893104100Z
     Reason: Disk defragmentation
     Result: 0x0","1016","1",,"4","1016","0","-9223372036854767616","236","Microsoft-Windows-ReadyBoost","e6307a09-292c-497e-aad6-498f68e2b619","Microsoft-Windows-ReadyBoost/Operational","936","2868","rjaf-PC4429","S-1-5-18","2/9/2014 1:01:08 AM",,,"c:\users\mac_1\desktop\winevt\logs\microsoft-windows-readyboost%4operational.evtx","System.UInt32[]","System.Diagnostics.Eventing.Reader.EventBookmark","Information","Info",,"System.Collections.ObjectModel.ReadOnlyCollection`1[System.String]","System.Collections.Generic.List`1[System.Diagnostics.Eventing.Reader.EventProperty]"
"Boot plan calculation completed in 702 ms.
     Boot Plan Timestamp: ?2014?-?02?-?06T08:07:37.652541400Z
     Reason: Disk defragmentation
     Result: 0x0","1016","1",,"4","1016","0","-9223372036854767616","235","Microsoft-Windows-ReadyBoost","e6307a09-292c-497e-aad6-498f68e2b619","Microsoft-Windows-ReadyBoost/Operational","936","4064","rjaf-PC4429","S-1-5-18","2/5/2014 10:07:38 PM",,,"c:\users\mac_1\desktop\winevt\logs\microsoft-windows-readyboost%4operational.evtx","System.UInt32[]","System.Diagnostics.Eventing.Reader.EventBookmark","Information","Info",,"System.Collections.ObjectModel.ReadOnlyCollection`1[System.String]","System.Collections.Generic.List`1[System.Diagnostics.Eventing.Reader.EventProperty]"
"Boot plan calculation completed in 3744 ms.
     Boot Plan Timestamp: ?2014?-?02?-?06T07:33:10.976511400Z
     Reason: System boot completion
     Result: 0x0","1016","1",,"4","1016","0","-9223372036854767616","234","Microsoft-Windows-ReadyBoost","e6307a09-292c-497e-aad6-498f68e2b619","Microsoft-Windows-ReadyBoost/Operational","936","1184","rjaf-PC4429","S-1-5-18","2/5/2014 9:33:14 PM",,,"c:\users\mac_1\desktop\winevt\logs\microsoft-windows-readyboost%4operational.evtx","System.UInt32[]","System.Diagnostics.Eventing.Reader.EventBookmark","Information","Info",,"System.Collections.ObjectModel.ReadOnlyCollection`1[System.String]","System.Collections.Generic.List`1[System.Diagnostics.Eventing.Reader.EventProperty]"
"Summary of ReadyBoot Performance:
     Io Read Count: 12807
     Io Read Bytes: 368998912
     Cache Hit Count: 11636
     Cache Hit Bytes: 232585728
     Cache Hit Percentage: 0.908565628172093
     Boot Prefetch Time (us): 23223433
     Boot Prefetch Bytes: 266948608
     Boot Prefetch Read Count: 6690
","1015","1",,"4","1016","0","-9223372036854767616","233","Microsoft-Windows-ReadyBoost","e6307a09-292c-497e-aad6-498f68e2b619","Microsoft-Windows-ReadyBoost/Operational","936","1184","rjaf-PC4429","S-1-5-18","2/5/2014 9:33:14 PM",,,"c:\users\mac_1\desktop\winevt\logs\microsoft-windows-readyboost%4operational.evtx","System.UInt32[]","System.Diagnostics.Eventing.Reader.EventBookmark","Information","Info",,"System.Collections.ObjectModel.ReadOnlyCollection`1[System.String]","System.Collections.Generic.List`1[System.Diagnostics.Eventing.Reader.EventProperty]"
"Boot plan calculation completed in 4883 ms.
     Boot Plan Timestamp: ?2014?-?02?-?05T20:39:26.722116300Z
     Reason: System boot completion
     Result: 0x0","1016","1",,"4","1016","0","-9223372036854767616","232","Microsoft-Windows-ReadyBoost","e6307a09-292c-497e-aad6-498f68e2b619","Microsoft-Windows-ReadyBoost/Operational","940","3836","rjaf-PC4429","S-1-5-18","2/5/2014 10:39:31 AM",,,"c:\users\mac_1\desktop\winevt\logs\microsoft-windows-readyboost%4operational.evtx","System.UInt32[]","System.Diagnostics.Eventing.Reader.EventBookmark","Information","Info",,"System.Collections.ObjectModel.ReadOnlyCollection`1[System.String]","System.Collections.Generic.List`1[System.Diagnostics.Eventing.Reader.EventProperty]"
"Summary of ReadyBoot Performance:
     Io Read Count: 18766
     Io Read Bytes: 409893888
     Cache Hit Count: 14841
     Cache Hit Bytes: 259200512
     Cache Hit Percentage: 0.790845145475861
     Boot Prefetch Time (us): 25503099
     Boot Prefetch Bytes: 259334144
     Boot Prefetch Read Count: 6514
","1015","1",,"4","1016","0","-9223372036854767616","231","Microsoft-Windows-ReadyBoost","e6307a09-292c-497e-aad6-498f68e2b619","Microsoft-Windows-ReadyBoost/Operational","940","3836","rjaf-PC4429","S-1-5-18","2/5/2014 10:39:31 AM",,,"c:\users\mac_1\desktop\winevt\logs\microsoft-windows-readyboost%4operational.evtx","System.UInt32[]","System.Diagnostics.Eventing.Reader.EventBookmark","Information","Info",,"System.Collections.ObjectModel.ReadOnlyCollection`1[System.String]","System.Collections.Generic.List`1[System.Diagnostics.Eventing.Reader.EventProperty]"
