"Network Connected
	Name: Identifying...
	Desc: Identifying...
	Type: Unmanaged
	State: Connected,IPV4 (Internet)
	Category: Public
","10000","0",,"4","0","0","4611721202799476736","10098","Microsoft-Windows-NetworkProfile","fbcfac3f-8459-419f-8e48-1f0b49cdb85e","Microsoft-Windows-NetworkProfile/Operational","1104","408","rjaf-PC4429","S-1-5-19","5/8/2015 7:27:51 AM",,,"c:\users\mac_1\desktop\winevt\logs\microsoft-windows-networkprofile%4operational.evtx","System.UInt32[]","System.Diagnostics.Eventing.Reader.EventBookmark","Information","Info",,"System.Collections.ObjectModel.ReadOnlyCollection`1[System.String]","System.Collections.Generic.List`1[System.Diagnostics.Eventing.Reader.EventProperty]"
"Entered State: Identifying Network Interface Guid: {9819BC20-693D-4F54-9CE8-7BFD5AD735CE}","4001","0",,"4","1","1","4611721202799476736","10097","Microsoft-Windows-NetworkProfile","fbcfac3f-8459-419f-8e48-1f0b49cdb85e","Microsoft-Windows-NetworkProfile/Operational","1104","2420","rjaf-PC4429","S-1-5-19","5/8/2015 7:27:51 AM",,,"c:\users\mac_1\desktop\winevt\logs\microsoft-windows-networkprofile%4operational.evtx","System.UInt32[]","System.Diagnostics.Eventing.Reader.EventBookmark","Information","Start","Wait for Identification","System.Collections.ObjectModel.ReadOnlyCollection`1[System.String]","System.Collections.Generic.List`1[System.Diagnostics.Eventing.Reader.EventProperty]"
"Network Disconnected
	Name: Network  3
	Desc: Network
	Type: Unmanaged
	State: Disconnected
	Category: Public
","10001","0",,"4","0","0","4611721202799476736","10096","Microsoft-Windows-NetworkProfile","fbcfac3f-8459-419f-8e48-1f0b49cdb85e","Microsoft-Windows-NetworkProfile/Operational","1104","408","rjaf-PC4429","S-1-5-19","5/8/2015 7:27:51 AM",,,"c:\users\mac_1\desktop\winevt\logs\microsoft-windows-networkprofile%4operational.evtx","System.UInt32[]","System.Diagnostics.Eventing.Reader.EventBookmark","Information","Info",,"System.Collections.ObjectModel.ReadOnlyCollection`1[System.String]","System.Collections.Generic.List`1[System.Diagnostics.Eventing.Reader.EventProperty]"
"Network Connected
	Name: Network  3
	Desc: Network
	Type: Unmanaged
	State: Connected,IPV4 (Local)
	Category: Public
","10000","0",,"4","0","0","4611721202799476736","10095","Microsoft-Windows-NetworkProfile","fbcfac3f-8459-419f-8e48-1f0b49cdb85e","Microsoft-Windows-NetworkProfile/Operational","1104","408","rjaf-PC4429","S-1-5-19","5/8/2015 7:07:01 AM",,,"c:\users\mac_1\desktop\winevt\logs\microsoft-windows-networkprofile%4operational.evtx","System.UInt32[]","System.Diagnostics.Eventing.Reader.EventBookmark","Information","Info",,"System.Collections.ObjectModel.ReadOnlyCollection`1[System.String]","System.Collections.Generic.List`1[System.Diagnostics.Eventing.Reader.EventProperty]"
"Transitioning to State: Identified Network Interface Guid: {9819BC20-693D-4F54-9CE8-7BFD5AD735CE}","4002","0",,"4","1","2","4612002677776187392","10094","Microsoft-Windows-NetworkProfile","fbcfac3f-8459-419f-8e48-1f0b49cdb85e","Microsoft-Windows-NetworkProfile/Operational","1104","340","rjaf-PC4429","S-1-5-19","5/8/2015 7:07:01 AM",,,"c:\users\mac_1\desktop\winevt\logs\microsoft-windows-networkprofile%4operational.evtx","System.UInt32[]","System.Diagnostics.Eventing.Reader.EventBookmark","Information","Stop","Wait for Identification","System.Collections.ObjectModel.ReadOnlyCollection`1[System.String]","System.Collections.Generic.List`1[System.Diagnostics.Eventing.Reader.EventProperty]"
"Network Connected
	Name: Identifying...
	Desc: Identifying...
	Type: Unmanaged
	State: Connected
	Category: Public
","10000","0",,"4","0","0","4611721202799476736","10093","Microsoft-Windows-NetworkProfile","fbcfac3f-8459-419f-8e48-1f0b49cdb85e","Microsoft-Windows-NetworkProfile/Operational","1104","408","rjaf-PC4429","S-1-5-19","5/8/2015 7:07:01 AM",,,"c:\users\mac_1\desktop\winevt\logs\microsoft-windows-networkprofile%4operational.evtx","System.UInt32[]","System.Diagnostics.Eventing.Reader.EventBookmark","Information","Info",,"System.Collections.ObjectModel.ReadOnlyCollection`1[System.String]","System.Collections.Generic.List`1[System.Diagnostics.Eventing.Reader.EventProperty]"
"Entered State: Identifying Network Interface Guid: {9819BC20-693D-4F54-9CE8-7BFD5AD735CE}","4001","0",,"4","1","1","4611721202799476736","10092","Microsoft-Windows-NetworkProfile","fbcfac3f-8459-419f-8e48-1f0b49cdb85e","Microsoft-Windows-NetworkProfile/Operational","1104","400","rjaf-PC4429","S-1-5-19","5/8/2015 7:07:01 AM",,,"c:\users\mac_1\desktop\winevt\logs\microsoft-windows-networkprofile%4operational.evtx","System.UInt32[]","System.Diagnostics.Eventing.Reader.EventBookmark","Information","Start","Wait for Identification","System.Collections.ObjectModel.ReadOnlyCollection`1[System.String]","System.Collections.Generic.List`1[System.Diagnostics.Eventing.Reader.EventProperty]"
"Network Disconnected
	Name: Network  3
	Desc: Network
	Type: Unmanaged
	State: Disconnected
	Category: Public
","10001","0",,"4","0","0","4611721202799476736","10091","Microsoft-Windows-NetworkProfile","fbcfac3f-8459-419f-8e48-1f0b49cdb85e","Microsoft-Windows-NetworkProfile/Operational","1116","392","rjaf-PC4429","S-1-5-19","5/8/2015 4:38:52 AM",,,"c:\users\mac_1\desktop\winevt\logs\microsoft-windows-networkprofile%4operational.evtx","System.UInt32[]","System.Diagnostics.Eventing.Reader.EventBookmark","Information","Info",,"System.Collections.ObjectModel.ReadOnlyCollection`1[System.String]","System.Collections.Generic.List`1[System.Diagnostics.Eventing.Reader.EventProperty]"
"Network Connected
	Name: Identifying...
	Desc: Identifying...
	Type: Unmanaged
	State: Connected,IPV4 (Internet)
	Category: Public
","10000","0",,"4","0","0","4611721202799476736","10090","Microsoft-Windows-NetworkProfile","fbcfac3f-8459-419f-8e48-1f0b49cdb85e","Microsoft-Windows-NetworkProfile/Operational","1116","392","rjaf-PC4429","S-1-5-19","5/8/2015 4:38:52 AM",,,"c:\users\mac_1\desktop\winevt\logs\microsoft-windows-networkprofile%4operational.evtx","System.UInt32[]","System.Diagnostics.Eventing.Reader.EventBookmark","Information","Info",,"System.Collections.ObjectModel.ReadOnlyCollection`1[System.String]","System.Collections.Generic.List`1[System.Diagnostics.Eventing.Reader.EventProperty]"
"Entered State: Identifying Network Interface Guid: {9819BC20-693D-4F54-9CE8-7BFD5AD735CE}","4001","0",,"4","1","1","4611721202799476736","10089","Microsoft-Windows-NetworkProfile","fbcfac3f-8459-419f-8e48-1f0b49cdb85e","Microsoft-Windows-NetworkProfile/Operational","1116","3564","rjaf-PC4429","S-1-5-19","5/8/2015 4:38:52 AM",,,"c:\users\mac_1\desktop\winevt\logs\microsoft-windows-networkprofile%4operational.evtx","System.UInt32[]","System.Diagnostics.Eventing.Reader.EventBookmark","Information","Start","Wait for Identification","System.Collections.ObjectModel.ReadOnlyCollection`1[System.String]","System.Collections.Generic.List`1[System.Diagnostics.Eventing.Reader.EventProperty]"
"Network Connected
	Name: Network  3
	Desc: Network
	Type: Unmanaged
	State: Connected,IPV4 (Local)
	Category: Public
","10000","0",,"4","0","0","4611721202799476736","10088","Microsoft-Windows-NetworkProfile","fbcfac3f-8459-419f-8e48-1f0b49cdb85e","Microsoft-Windows-NetworkProfile/Operational","1116","392","rjaf-PC4429","S-1-5-19","5/8/2015 4:28:32 AM",,,"c:\users\mac_1\desktop\winevt\logs\microsoft-windows-networkprofile%4operational.evtx","System.UInt32[]","System.Diagnostics.Eventing.Reader.EventBookmark","Information","Info",,"System.Collections.ObjectModel.ReadOnlyCollection`1[System.String]","System.Collections.Generic.List`1[System.Diagnostics.Eventing.Reader.EventProperty]"
"Transitioning to State: Identified Network Interface Guid: {9819BC20-693D-4F54-9CE8-7BFD5AD735CE}","4002","0",,"4","1","2","4612002677776187392","10087","Microsoft-Windows-NetworkProfile","fbcfac3f-8459-419f-8e48-1f0b49cdb85e","Microsoft-Windows-NetworkProfile/Operational","1116","1140","rjaf-PC4429","S-1-5-19","5/8/2015 4:28:32 AM",,,"c:\users\mac_1\desktop\winevt\logs\microsoft-windows-networkprofile%4operational.evtx","System.UInt32[]","System.Diagnostics.Eventing.Reader.EventBookmark","Information","Stop","Wait for Identification","System.Collections.ObjectModel.ReadOnlyCollection`1[System.String]","System.Collections.Generic.List`1[System.Diagnostics.Eventing.Reader.EventProperty]"
"Network Connected
	Name: Identifying...
	Desc: Identifying...
	Type: Unmanaged
	State: Connected
	Category: Public
","10000","0",,"4","0","0","4611721202799476736","10086","Microsoft-Windows-NetworkProfile","fbcfac3f-8459-419f-8e48-1f0b49cdb85e","Microsoft-Windows-NetworkProfile/Operational","1116","392","rjaf-PC4429","S-1-5-19","5/8/2015 4:28:31 AM",,,"c:\users\mac_1\desktop\winevt\logs\microsoft-windows-networkprofile%4operational.evtx","System.UInt32[]","System.Diagnostics.Eventing.Reader.EventBookmark","Information","Info",,"System.Collections.ObjectModel.ReadOnlyCollection`1[System.String]","System.Collections.Generic.List`1[System.Diagnostics.Eventing.Reader.EventProperty]"
"Entered State: Identifying Network Interface Guid: {9819BC20-693D-4F54-9CE8-7BFD5AD735CE}","4001","0",,"4","1","1","4611721202799476736","10085","Microsoft-Windows-NetworkProfile","fbcfac3f-8459-419f-8e48-1f0b49cdb85e","Microsoft-Windows-NetworkProfile/Operational","1116","2040","rjaf-PC4429","S-1-5-19","5/8/2015 4:28:31 AM",,,"c:\users\mac_1\desktop\winevt\logs\microsoft-windows-networkprofile%4operational.evtx","System.UInt32[]","System.Diagnostics.Eventing.Reader.EventBookmark","Information","Start","Wait for Identification","System.Collections.ObjectModel.ReadOnlyCollection`1[System.String]","System.Collections.Generic.List`1[System.Diagnostics.Eventing.Reader.EventProperty]"
"Network Disconnected
	Name: Network  3
	Desc: Network
	Type: Unmanaged
	State: Disconnected
	Category: Public
","10001","0",,"4","0","0","4611721202799476736","10084","Microsoft-Windows-NetworkProfile","fbcfac3f-8459-419f-8e48-1f0b49cdb85e","Microsoft-Windows-NetworkProfile/Operational","1108","116","rjaf-PC4429","S-1-5-19","5/8/2015 4:27:37 AM",,,"c:\users\mac_1\desktop\winevt\logs\microsoft-windows-networkprofile%4operational.evtx","System.UInt32[]","System.Diagnostics.Eventing.Reader.EventBookmark","Information","Info",,"System.Collections.ObjectModel.ReadOnlyCollection`1[System.String]","System.Collections.Generic.List`1[System.Diagnostics.Eventing.Reader.EventProperty]"
"Network Connected
	Name: Identifying...
	Desc: Identifying...
	Type: Unmanaged
	State: Connected,IPV4 (Internet)
	Category: Public
","10000","0",,"4","0","0","4611721202799476736","10083","Microsoft-Windows-NetworkProfile","fbcfac3f-8459-419f-8e48-1f0b49cdb85e","Microsoft-Windows-NetworkProfile/Operational","1108","116","rjaf-PC4429","S-1-5-19","5/8/2015 4:27:37 AM",,,"c:\users\mac_1\desktop\winevt\logs\microsoft-windows-networkprofile%4operational.evtx","System.UInt32[]","System.Diagnostics.Eventing.Reader.EventBookmark","Information","Info",,"System.Collections.ObjectModel.ReadOnlyCollection`1[System.String]","System.Collections.Generic.List`1[System.Diagnostics.Eventing.Reader.EventProperty]"
"Entered State: Identifying Network Interface Guid: {9819BC20-693D-4F54-9CE8-7BFD5AD735CE}","4001","0",,"4","1","1","4611721202799476736","10082","Microsoft-Windows-NetworkProfile","fbcfac3f-8459-419f-8e48-1f0b49cdb85e","Microsoft-Windows-NetworkProfile/Operational","1108","1264","rjaf-PC4429","S-1-5-19","5/8/2015 4:27:37 AM",,,"c:\users\mac_1\desktop\winevt\logs\microsoft-windows-networkprofile%4operational.evtx","System.UInt32[]","System.Diagnostics.Eventing.Reader.EventBookmark","Information","Start","Wait for Identification","System.Collections.ObjectModel.ReadOnlyCollection`1[System.String]","System.Collections.Generic.List`1[System.Diagnostics.Eventing.Reader.EventProperty]"
"Network Connected
	Name: Network  3
	Desc: Network
	Type: Unmanaged
	State: Connected,IPV4 (Local)
	Category: Public
","10000","0",,"4","0","0","4611721202799476736","10081","Microsoft-Windows-NetworkProfile","fbcfac3f-8459-419f-8e48-1f0b49cdb85e","Microsoft-Windows-NetworkProfile/Operational","1108","116","rjaf-PC4429","S-1-5-19","5/8/2015 4:26:45 AM",,,"c:\users\mac_1\desktop\winevt\logs\microsoft-windows-networkprofile%4operational.evtx","System.UInt32[]","System.Diagnostics.Eventing.Reader.EventBookmark","Information","Info",,"System.Collections.ObjectModel.ReadOnlyCollection`1[System.String]","System.Collections.Generic.List`1[System.Diagnostics.Eventing.Reader.EventProperty]"
"Transitioning to State: Identified Network Interface Guid: {9819BC20-693D-4F54-9CE8-7BFD5AD735CE}","4002","0",,"4","1","2","4612002677776187392","10080","Microsoft-Windows-NetworkProfile","fbcfac3f-8459-419f-8e48-1f0b49cdb85e","Microsoft-Windows-NetworkProfile/Operational","1108","1132","rjaf-PC4429","S-1-5-19","5/8/2015 4:26:45 AM",,,"c:\users\mac_1\desktop\winevt\logs\microsoft-windows-networkprofile%4operational.evtx","System.UInt32[]","System.Diagnostics.Eventing.Reader.EventBookmark","Information","Stop","Wait for Identification","System.Collections.ObjectModel.ReadOnlyCollection`1[System.String]","System.Collections.Generic.List`1[System.Diagnostics.Eventing.Reader.EventProperty]"
"Network Connected
	Name: Identifying...
	Desc: Identifying...
	Type: Unmanaged
	State: Connected
	Category: Public
","10000","0",,"4","0","0","4611721202799476736","10079","Microsoft-Windows-NetworkProfile","fbcfac3f-8459-419f-8e48-1f0b49cdb85e","Microsoft-Windows-NetworkProfile/Operational","1108","116","rjaf-PC4429","S-1-5-19","5/8/2015 4:26:43 AM",,,"c:\users\mac_1\desktop\winevt\logs\microsoft-windows-networkprofile%4operational.evtx","System.UInt32[]","System.Diagnostics.Eventing.Reader.EventBookmark","Information","Info",,"System.Collections.ObjectModel.ReadOnlyCollection`1[System.String]","System.Collections.Generic.List`1[System.Diagnostics.Eventing.Reader.EventProperty]"
"Entered State: Identifying Network Interface Guid: {9819BC20-693D-4F54-9CE8-7BFD5AD735CE}","4001","0",,"4","1","1","4611721202799476736","10078","Microsoft-Windows-NetworkProfile","fbcfac3f-8459-419f-8e48-1f0b49cdb85e","Microsoft-Windows-NetworkProfile/Operational","1108","128","rjaf-PC4429","S-1-5-19","5/8/2015 4:26:43 AM",,,"c:\users\mac_1\desktop\winevt\logs\microsoft-windows-networkprofile%4operational.evtx","System.UInt32[]","System.Diagnostics.Eventing.Reader.EventBookmark","Information","Start","Wait for Identification","System.Collections.ObjectModel.ReadOnlyCollection`1[System.String]","System.Collections.Generic.List`1[System.Diagnostics.Eventing.Reader.EventProperty]"
"Network Disconnected
	Name: Network  3
	Desc: Network
	Type: Unmanaged
	State: Disconnected
	Category: Public
","10001","0",,"4","0","0","4611721202799476736","10077","Microsoft-Windows-NetworkProfile","fbcfac3f-8459-419f-8e48-1f0b49cdb85e","Microsoft-Windows-NetworkProfile/Operational","1072","2036","rjaf-PC4429","S-1-5-19","5/8/2015 4:15:33 AM",,,"c:\users\mac_1\desktop\winevt\logs\microsoft-windows-networkprofile%4operational.evtx","System.UInt32[]","System.Diagnostics.Eventing.Reader.EventBookmark","Information","Info",,"System.Collections.ObjectModel.ReadOnlyCollection`1[System.String]","System.Collections.Generic.List`1[System.Diagnostics.Eventing.Reader.EventProperty]"
"Network Connected
	Name: Identifying...
	Desc: Identifying...
	Type: Unmanaged
	State: Connected,IPV4 (Internet)
	Category: Public
","10000","0",,"4","0","0","4611721202799476736","10076","Microsoft-Windows-NetworkProfile","fbcfac3f-8459-419f-8e48-1f0b49cdb85e","Microsoft-Windows-NetworkProfile/Operational","1072","2036","rjaf-PC4429","S-1-5-19","5/8/2015 4:15:33 AM",,,"c:\users\mac_1\desktop\winevt\logs\microsoft-windows-networkprofile%4operational.evtx","System.UInt32[]","System.Diagnostics.Eventing.Reader.EventBookmark","Information","Info",,"System.Collections.ObjectModel.ReadOnlyCollection`1[System.String]","System.Collections.Generic.List`1[System.Diagnostics.Eventing.Reader.EventProperty]"
"Entered State: Identifying Network Interface Guid: {9819BC20-693D-4F54-9CE8-7BFD5AD735CE}","4001","0",,"4","1","1","4611721202799476736","10075","Microsoft-Windows-NetworkProfile","fbcfac3f-8459-419f-8e48-1f0b49cdb85e","Microsoft-Windows-NetworkProfile/Operational","1072","1100","rjaf-PC4429","S-1-5-19","5/8/2015 4:15:33 AM",,,"c:\users\mac_1\desktop\winevt\logs\microsoft-windows-networkprofile%4operational.evtx","System.UInt32[]","System.Diagnostics.Eventing.Reader.EventBookmark","Information","Start","Wait for Identification","System.Collections.ObjectModel.ReadOnlyCollection`1[System.String]","System.Collections.Generic.List`1[System.Diagnostics.Eventing.Reader.EventProperty]"
"Network Connected
	Name: Network  3
	Desc: Network
	Type: Unmanaged
	State: Connected,IPV4 (Local)
	Category: Public
","10000","0",,"4","0","0","4611721202799476736","10074","Microsoft-Windows-NetworkProfile","fbcfac3f-8459-419f-8e48-1f0b49cdb85e","Microsoft-Windows-NetworkProfile/Operational","1072","2036","rjaf-PC4429","S-1-5-19","5/8/2015 4:13:34 AM",,,"c:\users\mac_1\desktop\winevt\logs\microsoft-windows-networkprofile%4operational.evtx","System.UInt32[]","System.Diagnostics.Eventing.Reader.EventBookmark","Information","Info",,"System.Collections.ObjectModel.ReadOnlyCollection`1[System.String]","System.Collections.Generic.List`1[System.Diagnostics.Eventing.Reader.EventProperty]"
"Transitioning to State: Identified Network Interface Guid: {9819BC20-693D-4F54-9CE8-7BFD5AD735CE}","4002","0",,"4","1","2","4612002677776187392","10073","Microsoft-Windows-NetworkProfile","fbcfac3f-8459-419f-8e48-1f0b49cdb85e","Microsoft-Windows-NetworkProfile/Operational","1072","1096","rjaf-PC4429","S-1-5-19","5/8/2015 4:13:34 AM",,,"c:\users\mac_1\desktop\winevt\logs\microsoft-windows-networkprofile%4operational.evtx","System.UInt32[]","System.Diagnostics.Eventing.Reader.EventBookmark","Information","Stop","Wait for Identification","System.Collections.ObjectModel.ReadOnlyCollection`1[System.String]","System.Collections.Generic.List`1[System.Diagnostics.Eventing.Reader.EventProperty]"
"Network Connected
	Name: Identifying...
	Desc: Identifying...
	Type: Unmanaged
	State: Connected
	Category: Public
","10000","0",,"4","0","0","4611721202799476736","10072","Microsoft-Windows-NetworkProfile","fbcfac3f-8459-419f-8e48-1f0b49cdb85e","Microsoft-Windows-NetworkProfile/Operational","1072","2036","rjaf-PC4429","S-1-5-19","5/8/2015 4:13:33 AM",,,"c:\users\mac_1\desktop\winevt\logs\microsoft-windows-networkprofile%4operational.evtx","System.UInt32[]","System.Diagnostics.Eventing.Reader.EventBookmark","Information","Info",,"System.Collections.ObjectModel.ReadOnlyCollection`1[System.String]","System.Collections.Generic.List`1[System.Diagnostics.Eventing.Reader.EventProperty]"
"Entered State: Identifying Network Interface Guid: {9819BC20-693D-4F54-9CE8-7BFD5AD735CE}","4001","0",,"4","1","1","4611721202799476736","10071","Microsoft-Windows-NetworkProfile","fbcfac3f-8459-419f-8e48-1f0b49cdb85e","Microsoft-Windows-NetworkProfile/Operational","1072","2032","rjaf-PC4429","S-1-5-19","5/8/2015 4:13:33 AM",,,"c:\users\mac_1\desktop\winevt\logs\microsoft-windows-networkprofile%4operational.evtx","System.UInt32[]","System.Diagnostics.Eventing.Reader.EventBookmark","Information","Start","Wait for Identification","System.Collections.ObjectModel.ReadOnlyCollection`1[System.String]","System.Collections.Generic.List`1[System.Diagnostics.Eventing.Reader.EventProperty]"
"Network Disconnected
	Name: Network  3
	Desc: Network
	Type: Unmanaged
	State: Disconnected
	Category: Public
","10001","0",,"4","0","0","4611721202799476736","10070","Microsoft-Windows-NetworkProfile","fbcfac3f-8459-419f-8e48-1f0b49cdb85e","Microsoft-Windows-NetworkProfile/Operational","1096","300","rjaf-PC4429","S-1-5-19","5/7/2015 8:17:44 AM",,,"c:\users\mac_1\desktop\winevt\logs\microsoft-windows-networkprofile%4operational.evtx","System.UInt32[]","System.Diagnostics.Eventing.Reader.EventBookmark","Information","Info",,"System.Collections.ObjectModel.ReadOnlyCollection`1[System.String]","System.Collections.Generic.List`1[System.Diagnostics.Eventing.Reader.EventProperty]"
"Network Connected
	Name: Identifying...
	Desc: Identifying...
	Type: Unmanaged
	State: Connected,IPV4 (Internet)
	Category: Public
","10000","0",,"4","0","0","4611721202799476736","10069","Microsoft-Windows-NetworkProfile","fbcfac3f-8459-419f-8e48-1f0b49cdb85e","Microsoft-Windows-NetworkProfile/Operational","1096","300","rjaf-PC4429","S-1-5-19","5/7/2015 8:17:44 AM",,,"c:\users\mac_1\desktop\winevt\logs\microsoft-windows-networkprofile%4operational.evtx","System.UInt32[]","System.Diagnostics.Eventing.Reader.EventBookmark","Information","Info",,"System.Collections.ObjectModel.ReadOnlyCollection`1[System.String]","System.Collections.Generic.List`1[System.Diagnostics.Eventing.Reader.EventProperty]"
"Entered State: Identifying Network Interface Guid: {9819BC20-693D-4F54-9CE8-7BFD5AD735CE}","4001","0",,"4","1","1","4611721202799476736","10068","Microsoft-Windows-NetworkProfile","fbcfac3f-8459-419f-8e48-1f0b49cdb85e","Microsoft-Windows-NetworkProfile/Operational","1096","1508","rjaf-PC4429","S-1-5-19","5/7/2015 8:17:43 AM",,,"c:\users\mac_1\desktop\winevt\logs\microsoft-windows-networkprofile%4operational.evtx","System.UInt32[]","System.Diagnostics.Eventing.Reader.EventBookmark","Information","Start","Wait for Identification","System.Collections.ObjectModel.ReadOnlyCollection`1[System.String]","System.Collections.Generic.List`1[System.Diagnostics.Eventing.Reader.EventProperty]"
"Network Connected
	Name: Network  3
	Desc: Network
	Type: Unmanaged
	State: Connected,IPV4 (Internet)
	Category: Public
","10000","0",,"4","0","0","4611721202799476736","10067","Microsoft-Windows-NetworkProfile","fbcfac3f-8459-419f-8e48-1f0b49cdb85e","Microsoft-Windows-NetworkProfile/Operational","1096","300","rjaf-PC4429","S-1-5-19","5/7/2015 7:57:01 AM",,,"c:\users\mac_1\desktop\winevt\logs\microsoft-windows-networkprofile%4operational.evtx","System.UInt32[]","System.Diagnostics.Eventing.Reader.EventBookmark","Information","Info",,"System.Collections.ObjectModel.ReadOnlyCollection`1[System.String]","System.Collections.Generic.List`1[System.Diagnostics.Eventing.Reader.EventProperty]"
"Transitioning to State: Identified Network Interface Guid: {9819BC20-693D-4F54-9CE8-7BFD5AD735CE}","4002","0",,"4","1","2","4612002677776187392","10066","Microsoft-Windows-NetworkProfile","fbcfac3f-8459-419f-8e48-1f0b49cdb85e","Microsoft-Windows-NetworkProfile/Operational","1096","732","rjaf-PC4429","S-1-5-19","5/7/2015 7:57:01 AM",,,"c:\users\mac_1\desktop\winevt\logs\microsoft-windows-networkprofile%4operational.evtx","System.UInt32[]","System.Diagnostics.Eventing.Reader.EventBookmark","Information","Stop","Wait for Identification","System.Collections.ObjectModel.ReadOnlyCollection`1[System.String]","System.Collections.Generic.List`1[System.Diagnostics.Eventing.Reader.EventProperty]"
"Network Connected
	Name: Identifying...
	Desc: Identifying...
	Type: Unmanaged
	State: Connected
	Category: Public
","10000","0",,"4","0","0","4611721202799476736","10065","Microsoft-Windows-NetworkProfile","fbcfac3f-8459-419f-8e48-1f0b49cdb85e","Microsoft-Windows-NetworkProfile/Operational","1096","300","rjaf-PC4429","S-1-5-19","5/7/2015 7:56:57 AM",,,"c:\users\mac_1\desktop\winevt\logs\microsoft-windows-networkprofile%4operational.evtx","System.UInt32[]","System.Diagnostics.Eventing.Reader.EventBookmark","Information","Info",,"System.Collections.ObjectModel.ReadOnlyCollection`1[System.String]","System.Collections.Generic.List`1[System.Diagnostics.Eventing.Reader.EventProperty]"
"Entered State: Identifying Network Interface Guid: {9819BC20-693D-4F54-9CE8-7BFD5AD735CE}","4001","0",,"4","1","1","4611721202799476736","10064","Microsoft-Windows-NetworkProfile","fbcfac3f-8459-419f-8e48-1f0b49cdb85e","Microsoft-Windows-NetworkProfile/Operational","1096","732","rjaf-PC4429","S-1-5-19","5/7/2015 7:56:57 AM",,,"c:\users\mac_1\desktop\winevt\logs\microsoft-windows-networkprofile%4operational.evtx","System.UInt32[]","System.Diagnostics.Eventing.Reader.EventBookmark","Information","Start","Wait for Identification","System.Collections.ObjectModel.ReadOnlyCollection`1[System.String]","System.Collections.Generic.List`1[System.Diagnostics.Eventing.Reader.EventProperty]"
"Network Disconnected
	Name: Network  3
	Desc: Network
	Type: Unmanaged
	State: Disconnected
	Category: Public
","10001","0",,"4","0","0","4611721202799476736","10063","Microsoft-Windows-NetworkProfile","fbcfac3f-8459-419f-8e48-1f0b49cdb85e","Microsoft-Windows-NetworkProfile/Operational","1096","300","rjaf-PC4429","S-1-5-19","5/7/2015 7:56:54 AM",,,"c:\users\mac_1\desktop\winevt\logs\microsoft-windows-networkprofile%4operational.evtx","System.UInt32[]","System.Diagnostics.Eventing.Reader.EventBookmark","Information","Info",,"System.Collections.ObjectModel.ReadOnlyCollection`1[System.String]","System.Collections.Generic.List`1[System.Diagnostics.Eventing.Reader.EventProperty]"
"Network Connected
	Name: Network  3
	Desc: Network
	Type: Unmanaged
	State: Connected
	Category: Public
","10000","0",,"4","0","0","4611721202799476736","10062","Microsoft-Windows-NetworkProfile","fbcfac3f-8459-419f-8e48-1f0b49cdb85e","Microsoft-Windows-NetworkProfile/Operational","1096","300","rjaf-PC4429","S-1-5-19","5/6/2015 11:36:38 PM",,,"c:\users\mac_1\desktop\winevt\logs\microsoft-windows-networkprofile%4operational.evtx","System.UInt32[]","System.Diagnostics.Eventing.Reader.EventBookmark","Information","Info",,"System.Collections.ObjectModel.ReadOnlyCollection`1[System.String]","System.Collections.Generic.List`1[System.Diagnostics.Eventing.Reader.EventProperty]"
"Transitioning to State: Identified Network Interface Guid: {9819BC20-693D-4F54-9CE8-7BFD5AD735CE}","4002","0",,"4","1","2","4612002677776187392","10061","Microsoft-Windows-NetworkProfile","fbcfac3f-8459-419f-8e48-1f0b49cdb85e","Microsoft-Windows-NetworkProfile/Operational","1096","4020","rjaf-PC4429","S-1-5-19","5/6/2015 11:36:38 PM",,,"c:\users\mac_1\desktop\winevt\logs\microsoft-windows-networkprofile%4operational.evtx","System.UInt32[]","System.Diagnostics.Eventing.Reader.EventBookmark","Information","Stop","Wait for Identification","System.Collections.ObjectModel.ReadOnlyCollection`1[System.String]","System.Collections.Generic.List`1[System.Diagnostics.Eventing.Reader.EventProperty]"
"Network Disconnected
	Name: Network  3
	Desc: Network
	Type: Unmanaged
	State: Disconnected
	Category: Public
","10001","0",,"4","0","0","4611721202799476736","10060","Microsoft-Windows-NetworkProfile","fbcfac3f-8459-419f-8e48-1f0b49cdb85e","Microsoft-Windows-NetworkProfile/Operational","1096","300","rjaf-PC4429","S-1-5-19","5/6/2015 11:36:36 PM",,,"c:\users\mac_1\desktop\winevt\logs\microsoft-windows-networkprofile%4operational.evtx","System.UInt32[]","System.Diagnostics.Eventing.Reader.EventBookmark","Information","Info",,"System.Collections.ObjectModel.ReadOnlyCollection`1[System.String]","System.Collections.Generic.List`1[System.Diagnostics.Eventing.Reader.EventProperty]"
"Network Connected
	Name: Network  3
	Desc: Network
	Type: Unmanaged
	State: Connected,IPV4 (Local)
	Category: Public
","10000","0",,"4","0","0","4611721202799476736","10059","Microsoft-Windows-NetworkProfile","fbcfac3f-8459-419f-8e48-1f0b49cdb85e","Microsoft-Windows-NetworkProfile/Operational","1096","300","rjaf-PC4429","S-1-5-19","5/6/2015 11:10:27 AM",,,"c:\users\mac_1\desktop\winevt\logs\microsoft-windows-networkprofile%4operational.evtx","System.UInt32[]","System.Diagnostics.Eventing.Reader.EventBookmark","Information","Info",,"System.Collections.ObjectModel.ReadOnlyCollection`1[System.String]","System.Collections.Generic.List`1[System.Diagnostics.Eventing.Reader.EventProperty]"
"Transitioning to State: Identified Network Interface Guid: {9819BC20-693D-4F54-9CE8-7BFD5AD735CE}","4002","0",,"4","1","2","4612002677776187392","10058","Microsoft-Windows-NetworkProfile","fbcfac3f-8459-419f-8e48-1f0b49cdb85e","Microsoft-Windows-NetworkProfile/Operational","1096","1764","rjaf-PC4429","S-1-5-19","5/6/2015 11:10:27 AM",,,"c:\users\mac_1\desktop\winevt\logs\microsoft-windows-networkprofile%4operational.evtx","System.UInt32[]","System.Diagnostics.Eventing.Reader.EventBookmark","Information","Stop","Wait for Identification","System.Collections.ObjectModel.ReadOnlyCollection`1[System.String]","System.Collections.Generic.List`1[System.Diagnostics.Eventing.Reader.EventProperty]"
"Network Connected
	Name: Identifying...
	Desc: Identifying...
	Type: Unmanaged
	State: Connected
	Category: Public
","10000","0",,"4","0","0","4611721202799476736","10057","Microsoft-Windows-NetworkProfile","fbcfac3f-8459-419f-8e48-1f0b49cdb85e","Microsoft-Windows-NetworkProfile/Operational","1096","300","rjaf-PC4429","S-1-5-19","5/6/2015 11:10:26 AM",,,"c:\users\mac_1\desktop\winevt\logs\microsoft-windows-networkprofile%4operational.evtx","System.UInt32[]","System.Diagnostics.Eventing.Reader.EventBookmark","Information","Info",,"System.Collections.ObjectModel.ReadOnlyCollection`1[System.String]","System.Collections.Generic.List`1[System.Diagnostics.Eventing.Reader.EventProperty]"
"Entered State: Identifying Network Interface Guid: {9819BC20-693D-4F54-9CE8-7BFD5AD735CE}","4001","0",,"4","1","1","4611721202799476736","10056","Microsoft-Windows-NetworkProfile","fbcfac3f-8459-419f-8e48-1f0b49cdb85e","Microsoft-Windows-NetworkProfile/Operational","1096","124","rjaf-PC4429","S-1-5-19","5/6/2015 11:10:26 AM",,,"c:\users\mac_1\desktop\winevt\logs\microsoft-windows-networkprofile%4operational.evtx","System.UInt32[]","System.Diagnostics.Eventing.Reader.EventBookmark","Information","Start","Wait for Identification","System.Collections.ObjectModel.ReadOnlyCollection`1[System.String]","System.Collections.Generic.List`1[System.Diagnostics.Eventing.Reader.EventProperty]"
"Network Disconnected
	Name: Network  3
	Desc: Network
	Type: Unmanaged
	State: Disconnected
	Category: Public
","10001","0",,"4","0","0","4611721202799476736","10055","Microsoft-Windows-NetworkProfile","fbcfac3f-8459-419f-8e48-1f0b49cdb85e","Microsoft-Windows-NetworkProfile/Operational","1060","1588","rjaf-PC4429","S-1-5-19","5/6/2015 9:19:31 AM",,,"c:\users\mac_1\desktop\winevt\logs\microsoft-windows-networkprofile%4operational.evtx","System.UInt32[]","System.Diagnostics.Eventing.Reader.EventBookmark","Information","Info",,"System.Collections.ObjectModel.ReadOnlyCollection`1[System.String]","System.Collections.Generic.List`1[System.Diagnostics.Eventing.Reader.EventProperty]"
"Network Connected
	Name: Identifying...
	Desc: Identifying...
	Type: Unmanaged
	State: Connected,IPV4 (Internet)
	Category: Public
","10000","0",,"4","0","0","4611721202799476736","10054","Microsoft-Windows-NetworkProfile","fbcfac3f-8459-419f-8e48-1f0b49cdb85e","Microsoft-Windows-NetworkProfile/Operational","1060","1588","rjaf-PC4429","S-1-5-19","5/6/2015 9:19:31 AM",,,"c:\users\mac_1\desktop\winevt\logs\microsoft-windows-networkprofile%4operational.evtx","System.UInt32[]","System.Diagnostics.Eventing.Reader.EventBookmark","Information","Info",,"System.Collections.ObjectModel.ReadOnlyCollection`1[System.String]","System.Collections.Generic.List`1[System.Diagnostics.Eventing.Reader.EventProperty]"
"Entered State: Identifying Network Interface Guid: {9819BC20-693D-4F54-9CE8-7BFD5AD735CE}","4001","0",,"4","1","1","4611721202799476736","10053","Microsoft-Windows-NetworkProfile","fbcfac3f-8459-419f-8e48-1f0b49cdb85e","Microsoft-Windows-NetworkProfile/Operational","1060","1244","rjaf-PC4429","S-1-5-19","5/6/2015 9:19:31 AM",,,"c:\users\mac_1\desktop\winevt\logs\microsoft-windows-networkprofile%4operational.evtx","System.UInt32[]","System.Diagnostics.Eventing.Reader.EventBookmark","Information","Start","Wait for Identification","System.Collections.ObjectModel.ReadOnlyCollection`1[System.String]","System.Collections.Generic.List`1[System.Diagnostics.Eventing.Reader.EventProperty]"
"Network Connected
	Name: Network  3
	Desc: Network
	Type: Unmanaged
	State: Connected,IPV4 (Local)
	Category: Public
","10000","0",,"4","0","0","4611721202799476736","10052","Microsoft-Windows-NetworkProfile","fbcfac3f-8459-419f-8e48-1f0b49cdb85e","Microsoft-Windows-NetworkProfile/Operational","1060","1588","rjaf-PC4429","S-1-5-19","5/6/2015 8:12:31 AM",,,"c:\users\mac_1\desktop\winevt\logs\microsoft-windows-networkprofile%4operational.evtx","System.UInt32[]","System.Diagnostics.Eventing.Reader.EventBookmark","Information","Info",,"System.Collections.ObjectModel.ReadOnlyCollection`1[System.String]","System.Collections.Generic.List`1[System.Diagnostics.Eventing.Reader.EventProperty]"
"Network Disconnected
	Name: Network  3
	Desc: Network
	Type: Unmanaged
	State: Disconnected
	Category: Public
","10001","0",,"4","0","0","4611721202799476736","10051","Microsoft-Windows-NetworkProfile","fbcfac3f-8459-419f-8e48-1f0b49cdb85e","Microsoft-Windows-NetworkProfile/Operational","1060","1588","rjaf-PC4429","S-1-5-19","5/6/2015 8:12:29 AM",,,"c:\users\mac_1\desktop\winevt\logs\microsoft-windows-networkprofile%4operational.evtx","System.UInt32[]","System.Diagnostics.Eventing.Reader.EventBookmark","Information","Info",,"System.Collections.ObjectModel.ReadOnlyCollection`1[System.String]","System.Collections.Generic.List`1[System.Diagnostics.Eventing.Reader.EventProperty]"
"Transitioning to State: Identified Network Interface Guid: {9819BC20-693D-4F54-9CE8-7BFD5AD735CE}","4002","0",,"4","1","2","4612002677776187392","10050","Microsoft-Windows-NetworkProfile","fbcfac3f-8459-419f-8e48-1f0b49cdb85e","Microsoft-Windows-NetworkProfile/Operational","1060","2348","rjaf-PC4429","S-1-5-19","5/6/2015 8:12:29 AM",,,"c:\users\mac_1\desktop\winevt\logs\microsoft-windows-networkprofile%4operational.evtx","System.UInt32[]","System.Diagnostics.Eventing.Reader.EventBookmark","Information","Stop","Wait for Identification","System.Collections.ObjectModel.ReadOnlyCollection`1[System.String]","System.Collections.Generic.List`1[System.Diagnostics.Eventing.Reader.EventProperty]"
"Entered State: Identifying Network Interface Guid: {9819BC20-693D-4F54-9CE8-7BFD5AD735CE}","4001","0",,"4","1","1","4611721202799476736","10049","Microsoft-Windows-NetworkProfile","fbcfac3f-8459-419f-8e48-1f0b49cdb85e","Microsoft-Windows-NetworkProfile/Operational","1060","2348","rjaf-PC4429","S-1-5-19","5/6/2015 8:12:29 AM",,,"c:\users\mac_1\desktop\winevt\logs\microsoft-windows-networkprofile%4operational.evtx","System.UInt32[]","System.Diagnostics.Eventing.Reader.EventBookmark","Information","Start","Wait for Identification","System.Collections.ObjectModel.ReadOnlyCollection`1[System.String]","System.Collections.Generic.List`1[System.Diagnostics.Eventing.Reader.EventProperty]"
"Network Connected
	Name: Network  3
	Desc: Network
	Type: Unmanaged
	State: Connected,IPV4 (Local)
	Category: Public
","10000","0",,"4","0","0","4611721202799476736","10048","Microsoft-Windows-NetworkProfile","fbcfac3f-8459-419f-8e48-1f0b49cdb85e","Microsoft-Windows-NetworkProfile/Operational","1060","1588","rjaf-PC4429","S-1-5-19","5/6/2015 2:06:27 AM",,,"c:\users\mac_1\desktop\winevt\logs\microsoft-windows-networkprofile%4operational.evtx","System.UInt32[]","System.Diagnostics.Eventing.Reader.EventBookmark","Information","Info",,"System.Collections.ObjectModel.ReadOnlyCollection`1[System.String]","System.Collections.Generic.List`1[System.Diagnostics.Eventing.Reader.EventProperty]"
"Transitioning to State: Identified Network Interface Guid: {9819BC20-693D-4F54-9CE8-7BFD5AD735CE}","4002","0",,"4","1","2","4612002677776187392","10047","Microsoft-Windows-NetworkProfile","fbcfac3f-8459-419f-8e48-1f0b49cdb85e","Microsoft-Windows-NetworkProfile/Operational","1060","1768","rjaf-PC4429","S-1-5-19","5/6/2015 2:06:27 AM",,,"c:\users\mac_1\desktop\winevt\logs\microsoft-windows-networkprofile%4operational.evtx","System.UInt32[]","System.Diagnostics.Eventing.Reader.EventBookmark","Information","Stop","Wait for Identification","System.Collections.ObjectModel.ReadOnlyCollection`1[System.String]","System.Collections.Generic.List`1[System.Diagnostics.Eventing.Reader.EventProperty]"
"Network Connected
	Name: Identifying...
	Desc: Identifying...
	Type: Unmanaged
	State: Connected
	Category: Public
","10000","0",,"4","0","0","4611721202799476736","10046","Microsoft-Windows-NetworkProfile","fbcfac3f-8459-419f-8e48-1f0b49cdb85e","Microsoft-Windows-NetworkProfile/Operational","1060","1588","rjaf-PC4429","S-1-5-19","5/6/2015 2:06:26 AM",,,"c:\users\mac_1\desktop\winevt\logs\microsoft-windows-networkprofile%4operational.evtx","System.UInt32[]","System.Diagnostics.Eventing.Reader.EventBookmark","Information","Info",,"System.Collections.ObjectModel.ReadOnlyCollection`1[System.String]","System.Collections.Generic.List`1[System.Diagnostics.Eventing.Reader.EventProperty]"
"Entered State: Identifying Network Interface Guid: {9819BC20-693D-4F54-9CE8-7BFD5AD735CE}","4001","0",,"4","1","1","4611721202799476736","10045","Microsoft-Windows-NetworkProfile","fbcfac3f-8459-419f-8e48-1f0b49cdb85e","Microsoft-Windows-NetworkProfile/Operational","1060","1556","rjaf-PC4429","S-1-5-19","5/6/2015 2:06:26 AM",,,"c:\users\mac_1\desktop\winevt\logs\microsoft-windows-networkprofile%4operational.evtx","System.UInt32[]","System.Diagnostics.Eventing.Reader.EventBookmark","Information","Start","Wait for Identification","System.Collections.ObjectModel.ReadOnlyCollection`1[System.String]","System.Collections.Generic.List`1[System.Diagnostics.Eventing.Reader.EventProperty]"
"Network Connected
	Name: Network  3
	Desc: Network
	Type: Unmanaged
	State: Connected,IPV4 (Internet)
	Category: Public
","10000","0",,"4","0","0","4611721202799476736","10044","Microsoft-Windows-NetworkProfile","fbcfac3f-8459-419f-8e48-1f0b49cdb85e","Microsoft-Windows-NetworkProfile/Operational","1104","396","rjaf-PC4429","S-1-5-19","5/5/2015 11:16:35 PM",,,"c:\users\mac_1\desktop\winevt\logs\microsoft-windows-networkprofile%4operational.evtx","System.UInt32[]","System.Diagnostics.Eventing.Reader.EventBookmark","Information","Info",,"System.Collections.ObjectModel.ReadOnlyCollection`1[System.String]","System.Collections.Generic.List`1[System.Diagnostics.Eventing.Reader.EventProperty]"
"Transitioning to State: Identified Network Interface Guid: {9819BC20-693D-4F54-9CE8-7BFD5AD735CE}","4002","0",,"4","1","2","4612002677776187392","10043","Microsoft-Windows-NetworkProfile","fbcfac3f-8459-419f-8e48-1f0b49cdb85e","Microsoft-Windows-NetworkProfile/Operational","1104","3444","rjaf-PC4429","S-1-5-19","5/5/2015 11:16:35 PM",,,"c:\users\mac_1\desktop\winevt\logs\microsoft-windows-networkprofile%4operational.evtx","System.UInt32[]","System.Diagnostics.Eventing.Reader.EventBookmark","Information","Stop","Wait for Identification","System.Collections.ObjectModel.ReadOnlyCollection`1[System.String]","System.Collections.Generic.List`1[System.Diagnostics.Eventing.Reader.EventProperty]"
"Network Disconnected
	Name: Network  3
	Desc: Network
	Type: Unmanaged
	State: Disconnected
	Category: Public
","10001","0",,"4","0","0","4611721202799476736","10042","Microsoft-Windows-NetworkProfile","fbcfac3f-8459-419f-8e48-1f0b49cdb85e","Microsoft-Windows-NetworkProfile/Operational","1104","396","rjaf-PC4429","S-1-5-19","5/5/2015 11:16:30 PM",,,"c:\users\mac_1\desktop\winevt\logs\microsoft-windows-networkprofile%4operational.evtx","System.UInt32[]","System.Diagnostics.Eventing.Reader.EventBookmark","Information","Info",,"System.Collections.ObjectModel.ReadOnlyCollection`1[System.String]","System.Collections.Generic.List`1[System.Diagnostics.Eventing.Reader.EventProperty]"
"Network Connected
	Name: Network  3
	Desc: Network
	Type: Unmanaged
	State: Connected,IPV4 (Internet)
	Category: Public
","10000","0",,"4","0","0","4611721202799476736","10041","Microsoft-Windows-NetworkProfile","fbcfac3f-8459-419f-8e48-1f0b49cdb85e","Microsoft-Windows-NetworkProfile/Operational","1104","396","rjaf-PC4429","S-1-5-19","5/4/2015 10:27:52 PM",,,"c:\users\mac_1\desktop\winevt\logs\microsoft-windows-networkprofile%4operational.evtx","System.UInt32[]","System.Diagnostics.Eventing.Reader.EventBookmark","Information","Info",,"System.Collections.ObjectModel.ReadOnlyCollection`1[System.String]","System.Collections.Generic.List`1[System.Diagnostics.Eventing.Reader.EventProperty]"
"Transitioning to State: Identified Network Interface Guid: {9819BC20-693D-4F54-9CE8-7BFD5AD735CE}","4002","0",,"4","1","2","4612002677776187392","10040","Microsoft-Windows-NetworkProfile","fbcfac3f-8459-419f-8e48-1f0b49cdb85e","Microsoft-Windows-NetworkProfile/Operational","1104","3960","rjaf-PC4429","S-1-5-19","5/4/2015 10:27:52 PM",,,"c:\users\mac_1\desktop\winevt\logs\microsoft-windows-networkprofile%4operational.evtx","System.UInt32[]","System.Diagnostics.Eventing.Reader.EventBookmark","Information","Stop","Wait for Identification","System.Collections.ObjectModel.ReadOnlyCollection`1[System.String]","System.Collections.Generic.List`1[System.Diagnostics.Eventing.Reader.EventProperty]"
"Network Connected
	Name: Identifying...
	Desc: Identifying...
	Type: Unmanaged
	State: Connected
	Category: Public
","10000","0",,"4","0","0","4611721202799476736","10039","Microsoft-Windows-NetworkProfile","fbcfac3f-8459-419f-8e48-1f0b49cdb85e","Microsoft-Windows-NetworkProfile/Operational","1104","396","rjaf-PC4429","S-1-5-19","5/4/2015 10:27:48 PM",,,"c:\users\mac_1\desktop\winevt\logs\microsoft-windows-networkprofile%4operational.evtx","System.UInt32[]","System.Diagnostics.Eventing.Reader.EventBookmark","Information","Info",,"System.Collections.ObjectModel.ReadOnlyCollection`1[System.String]","System.Collections.Generic.List`1[System.Diagnostics.Eventing.Reader.EventProperty]"
"Entered State: Identifying Network Interface Guid: {9819BC20-693D-4F54-9CE8-7BFD5AD735CE}","4001","0",,"4","1","1","4611721202799476736","10038","Microsoft-Windows-NetworkProfile","fbcfac3f-8459-419f-8e48-1f0b49cdb85e","Microsoft-Windows-NetworkProfile/Operational","1104","976","rjaf-PC4429","S-1-5-19","5/4/2015 10:27:48 PM",,,"c:\users\mac_1\desktop\winevt\logs\microsoft-windows-networkprofile%4operational.evtx","System.UInt32[]","System.Diagnostics.Eventing.Reader.EventBookmark","Information","Start","Wait for Identification","System.Collections.ObjectModel.ReadOnlyCollection`1[System.String]","System.Collections.Generic.List`1[System.Diagnostics.Eventing.Reader.EventProperty]"
"Network Disconnected
	Name: Network  3
	Desc: Network
	Type: Unmanaged
	State: Disconnected
	Category: Public
","10001","0",,"4","0","0","4611721202799476736","10037","Microsoft-Windows-NetworkProfile","fbcfac3f-8459-419f-8e48-1f0b49cdb85e","Microsoft-Windows-NetworkProfile/Operational","1104","396","rjaf-PC4429","S-1-5-19","5/4/2015 10:27:45 PM",,,"c:\users\mac_1\desktop\winevt\logs\microsoft-windows-networkprofile%4operational.evtx","System.UInt32[]","System.Diagnostics.Eventing.Reader.EventBookmark","Information","Info",,"System.Collections.ObjectModel.ReadOnlyCollection`1[System.String]","System.Collections.Generic.List`1[System.Diagnostics.Eventing.Reader.EventProperty]"
"Network Connected
	Name: Network  3
	Desc: Network
	Type: Unmanaged
	State: Connected,IPV4 (Internet)
	Category: Public
","10000","0",,"4","0","0","4611721202799476736","10036","Microsoft-Windows-NetworkProfile","fbcfac3f-8459-419f-8e48-1f0b49cdb85e","Microsoft-Windows-NetworkProfile/Operational","1104","396","rjaf-PC4429","S-1-5-19","5/4/2015 10:00:24 AM",,,"c:\users\mac_1\desktop\winevt\logs\microsoft-windows-networkprofile%4operational.evtx","System.UInt32[]","System.Diagnostics.Eventing.Reader.EventBookmark","Information","Info",,"System.Collections.ObjectModel.ReadOnlyCollection`1[System.String]","System.Collections.Generic.List`1[System.Diagnostics.Eventing.Reader.EventProperty]"
"Transitioning to State: Identified Network Interface Guid: {9819BC20-693D-4F54-9CE8-7BFD5AD735CE}","4002","0",,"4","1","2","4612002677776187392","10035","Microsoft-Windows-NetworkProfile","fbcfac3f-8459-419f-8e48-1f0b49cdb85e","Microsoft-Windows-NetworkProfile/Operational","1104","3416","rjaf-PC4429","S-1-5-19","5/4/2015 10:00:24 AM",,,"c:\users\mac_1\desktop\winevt\logs\microsoft-windows-networkprofile%4operational.evtx","System.UInt32[]","System.Diagnostics.Eventing.Reader.EventBookmark","Information","Stop","Wait for Identification","System.Collections.ObjectModel.ReadOnlyCollection`1[System.String]","System.Collections.Generic.List`1[System.Diagnostics.Eventing.Reader.EventProperty]"
"Network Connected
	Name: Identifying...
	Desc: Identifying...
	Type: Unmanaged
	State: Connected,IPV4 (Internet)
	Category: Public
","10000","0",,"4","0","0","4611721202799476736","10034","Microsoft-Windows-NetworkProfile","fbcfac3f-8459-419f-8e48-1f0b49cdb85e","Microsoft-Windows-NetworkProfile/Operational","1104","396","rjaf-PC4429","S-1-5-19","5/4/2015 10:00:23 AM",,,"c:\users\mac_1\desktop\winevt\logs\microsoft-windows-networkprofile%4operational.evtx","System.UInt32[]","System.Diagnostics.Eventing.Reader.EventBookmark","Information","Info",,"System.Collections.ObjectModel.ReadOnlyCollection`1[System.String]","System.Collections.Generic.List`1[System.Diagnostics.Eventing.Reader.EventProperty]"
"Entered State: Identifying Network Interface Guid: {9819BC20-693D-4F54-9CE8-7BFD5AD735CE}","4001","0",,"4","1","1","4611721202799476736","10033","Microsoft-Windows-NetworkProfile","fbcfac3f-8459-419f-8e48-1f0b49cdb85e","Microsoft-Windows-NetworkProfile/Operational","1104","2184","rjaf-PC4429","S-1-5-19","5/4/2015 10:00:23 AM",,,"c:\users\mac_1\desktop\winevt\logs\microsoft-windows-networkprofile%4operational.evtx","System.UInt32[]","System.Diagnostics.Eventing.Reader.EventBookmark","Information","Start","Wait for Identification","System.Collections.ObjectModel.ReadOnlyCollection`1[System.String]","System.Collections.Generic.List`1[System.Diagnostics.Eventing.Reader.EventProperty]"
"Network Disconnected
	Name: Network  3
	Desc: Network
	Type: Unmanaged
	State: Disconnected
	Category: Public
","10001","0",,"4","0","0","4611721202799476736","10032","Microsoft-Windows-NetworkProfile","fbcfac3f-8459-419f-8e48-1f0b49cdb85e","Microsoft-Windows-NetworkProfile/Operational","1104","396","rjaf-PC4429","S-1-5-19","5/4/2015 10:00:16 AM",,,"c:\users\mac_1\desktop\winevt\logs\microsoft-windows-networkprofile%4operational.evtx","System.UInt32[]","System.Diagnostics.Eventing.Reader.EventBookmark","Information","Info",,"System.Collections.ObjectModel.ReadOnlyCollection`1[System.String]","System.Collections.Generic.List`1[System.Diagnostics.Eventing.Reader.EventProperty]"
"Network Connected
	Name: Network  3
	Desc: Network
	Type: Unmanaged
	State: Connected,IPV4 (Internet)
	Category: Public
","10000","0",,"4","0","0","4611721202799476736","10031","Microsoft-Windows-NetworkProfile","fbcfac3f-8459-419f-8e48-1f0b49cdb85e","Microsoft-Windows-NetworkProfile/Operational","1104","396","rjaf-PC4429","S-1-5-19","5/3/2015 11:46:34 PM",,,"c:\users\mac_1\desktop\winevt\logs\microsoft-windows-networkprofile%4operational.evtx","System.UInt32[]","System.Diagnostics.Eventing.Reader.EventBookmark","Information","Info",,"System.Collections.ObjectModel.ReadOnlyCollection`1[System.String]","System.Collections.Generic.List`1[System.Diagnostics.Eventing.Reader.EventProperty]"
"Transitioning to State: Identified Network Interface Guid: {9819BC20-693D-4F54-9CE8-7BFD5AD735CE}","4002","0",,"4","1","2","4612002677776187392","10030","Microsoft-Windows-NetworkProfile","fbcfac3f-8459-419f-8e48-1f0b49cdb85e","Microsoft-Windows-NetworkProfile/Operational","1104","2116","rjaf-PC4429","S-1-5-19","5/3/2015 11:46:34 PM",,,"c:\users\mac_1\desktop\winevt\logs\microsoft-windows-networkprofile%4operational.evtx","System.UInt32[]","System.Diagnostics.Eventing.Reader.EventBookmark","Information","Stop","Wait for Identification","System.Collections.ObjectModel.ReadOnlyCollection`1[System.String]","System.Collections.Generic.List`1[System.Diagnostics.Eventing.Reader.EventProperty]"
"Network Disconnected
	Name: Network  3
	Desc: Network
	Type: Unmanaged
	State: Disconnected
	Category: Public
","10001","0",,"4","0","0","4611721202799476736","10029","Microsoft-Windows-NetworkProfile","fbcfac3f-8459-419f-8e48-1f0b49cdb85e","Microsoft-Windows-NetworkProfile/Operational","1104","396","rjaf-PC4429","S-1-5-19","5/3/2015 11:46:33 PM",,,"c:\users\mac_1\desktop\winevt\logs\microsoft-windows-networkprofile%4operational.evtx","System.UInt32[]","System.Diagnostics.Eventing.Reader.EventBookmark","Information","Info",,"System.Collections.ObjectModel.ReadOnlyCollection`1[System.String]","System.Collections.Generic.List`1[System.Diagnostics.Eventing.Reader.EventProperty]"
