"The Application Impact Telemetry (AIT) Agent is not running because AIT is disabled.","701","0",,"4","0","0","1152921504606846976","411","Microsoft-Windows-Application-Experience","eef54e71-0661-422d-9a98-82fd4940b820","Microsoft-Windows-Application-Experience/Program-Telemetry","3412","3320","rjaf-PC4429","S-1-5-18","3/15/2015 1:40:03 AM",,,"c:\users\mac_1\desktop\winevt\logs\microsoft-windows-application-experience%4program-telemetry.evtx","System.UInt32[]","System.Diagnostics.Eventing.Reader.EventBookmark","Information","Info",,"System.Collections.ObjectModel.ReadOnlyCollection`1[System.String]","System.Collections.Generic.List`1[System.Diagnostics.Eventing.Reader.EventProperty]"
"The Application Impact Telemetry (AIT) Agent is not running because AIT is disabled.","701","0",,"4","0","0","1152921504606846976","410","Microsoft-Windows-Application-Experience","eef54e71-0661-422d-9a98-82fd4940b820","Microsoft-Windows-Application-Experience/Program-Telemetry","2692","2272","rjaf-PC4429","S-1-5-18","3/14/2015 8:06:09 AM",,,"c:\users\mac_1\desktop\winevt\logs\microsoft-windows-application-experience%4program-telemetry.evtx","System.UInt32[]","System.Diagnostics.Eventing.Reader.EventBookmark","Information","Info",,"System.Collections.ObjectModel.ReadOnlyCollection`1[System.String]","System.Collections.Generic.List`1[System.Diagnostics.Eventing.Reader.EventProperty]"
"The Application Impact Telemetry (AIT) Agent is not running because AIT is disabled.","701","0",,"4","0","0","1152921504606846976","409","Microsoft-Windows-Application-Experience","eef54e71-0661-422d-9a98-82fd4940b820","Microsoft-Windows-Application-Experience/Program-Telemetry","2244","4036","rjaf-PC4429","S-1-5-18","3/14/2015 3:34:40 AM",,,"c:\users\mac_1\desktop\winevt\logs\microsoft-windows-application-experience%4program-telemetry.evtx","System.UInt32[]","System.Diagnostics.Eventing.Reader.EventBookmark","Information","Info",,"System.Collections.ObjectModel.ReadOnlyCollection`1[System.String]","System.Collections.Generic.List`1[System.Diagnostics.Eventing.Reader.EventProperty]"
"The Application Impact Telemetry (AIT) Agent is not running because AIT is disabled.","701","0",,"4","0","0","1152921504606846976","408","Microsoft-Windows-Application-Experience","eef54e71-0661-422d-9a98-82fd4940b820","Microsoft-Windows-Application-Experience/Program-Telemetry","2824","2488","rjaf-PC4429","S-1-5-18","3/13/2015 6:06:20 AM",,,"c:\users\mac_1\desktop\winevt\logs\microsoft-windows-application-experience%4program-telemetry.evtx","System.UInt32[]","System.Diagnostics.Eventing.Reader.EventBookmark","Information","Info",,"System.Collections.ObjectModel.ReadOnlyCollection`1[System.String]","System.Collections.Generic.List`1[System.Diagnostics.Eventing.Reader.EventProperty]"
"The Application Impact Telemetry (AIT) Agent is not running because AIT is disabled.","701","0",,"4","0","0","1152921504606846976","407","Microsoft-Windows-Application-Experience","eef54e71-0661-422d-9a98-82fd4940b820","Microsoft-Windows-Application-Experience/Program-Telemetry","13764","3008","rjaf-PC4429","S-1-5-18","3/11/2015 6:03:19 PM",,,"c:\users\mac_1\desktop\winevt\logs\microsoft-windows-application-experience%4program-telemetry.evtx","System.UInt32[]","System.Diagnostics.Eventing.Reader.EventBookmark","Information","Info",,"System.Collections.ObjectModel.ReadOnlyCollection`1[System.String]","System.Collections.Generic.List`1[System.Diagnostics.Eventing.Reader.EventProperty]"
"The Application Impact Telemetry (AIT) Agent is not running because AIT is disabled.","701","0",,"4","0","0","1152921504606846976","406","Microsoft-Windows-Application-Experience","eef54e71-0661-422d-9a98-82fd4940b820","Microsoft-Windows-Application-Experience/Program-Telemetry","9500","1596","rjaf-PC4429","S-1-5-18","3/11/2015 1:33:34 AM",,,"c:\users\mac_1\desktop\winevt\logs\microsoft-windows-application-experience%4program-telemetry.evtx","System.UInt32[]","System.Diagnostics.Eventing.Reader.EventBookmark","Information","Info",,"System.Collections.ObjectModel.ReadOnlyCollection`1[System.String]","System.Collections.Generic.List`1[System.Diagnostics.Eventing.Reader.EventProperty]"
"The Application Impact Telemetry (AIT) Agent is not running because AIT is disabled.","701","0",,"4","0","0","1152921504606846976","405","Microsoft-Windows-Application-Experience","eef54e71-0661-422d-9a98-82fd4940b820","Microsoft-Windows-Application-Experience/Program-Telemetry","4324","6072","rjaf-PC4429","S-1-5-18","3/9/2015 11:51:36 PM",,,"c:\users\mac_1\desktop\winevt\logs\microsoft-windows-application-experience%4program-telemetry.evtx","System.UInt32[]","System.Diagnostics.Eventing.Reader.EventBookmark","Information","Info",,"System.Collections.ObjectModel.ReadOnlyCollection`1[System.String]","System.Collections.Generic.List`1[System.Diagnostics.Eventing.Reader.EventProperty]"
"The Application Impact Telemetry (AIT) Agent is not running because AIT is disabled.","701","0",,"4","0","0","1152921504606846976","404","Microsoft-Windows-Application-Experience","eef54e71-0661-422d-9a98-82fd4940b820","Microsoft-Windows-Application-Experience/Program-Telemetry","2192","2108","rjaf-PC4429","S-1-5-18","3/9/2015 2:47:53 AM",,,"c:\users\mac_1\desktop\winevt\logs\microsoft-windows-application-experience%4program-telemetry.evtx","System.UInt32[]","System.Diagnostics.Eventing.Reader.EventBookmark","Information","Info",,"System.Collections.ObjectModel.ReadOnlyCollection`1[System.String]","System.Collections.Generic.List`1[System.Diagnostics.Eventing.Reader.EventProperty]"
"The Application Impact Telemetry (AIT) Agent is not running because AIT is disabled.","701","0",,"4","0","0","1152921504606846976","403","Microsoft-Windows-Application-Experience","eef54e71-0661-422d-9a98-82fd4940b820","Microsoft-Windows-Application-Experience/Program-Telemetry","2352","3912","rjaf-PC4429","S-1-5-18","3/8/2015 1:50:59 AM",,,"c:\users\mac_1\desktop\winevt\logs\microsoft-windows-application-experience%4program-telemetry.evtx","System.UInt32[]","System.Diagnostics.Eventing.Reader.EventBookmark","Information","Info",,"System.Collections.ObjectModel.ReadOnlyCollection`1[System.String]","System.Collections.Generic.List`1[System.Diagnostics.Eventing.Reader.EventProperty]"
"The Application Impact Telemetry (AIT) Agent is not running because AIT is disabled.","701","0",,"4","0","0","1152921504606846976","402","Microsoft-Windows-Application-Experience","eef54e71-0661-422d-9a98-82fd4940b820","Microsoft-Windows-Application-Experience/Program-Telemetry","3496","5344","rjaf-PC4429","S-1-5-18","3/7/2015 3:10:27 AM",,,"c:\users\mac_1\desktop\winevt\logs\microsoft-windows-application-experience%4program-telemetry.evtx","System.UInt32[]","System.Diagnostics.Eventing.Reader.EventBookmark","Information","Info",,"System.Collections.ObjectModel.ReadOnlyCollection`1[System.String]","System.Collections.Generic.List`1[System.Diagnostics.Eventing.Reader.EventProperty]"
"The Application Impact Telemetry (AIT) Agent is not running because AIT is disabled.","701","0",,"4","0","0","1152921504606846976","401","Microsoft-Windows-Application-Experience","eef54e71-0661-422d-9a98-82fd4940b820","Microsoft-Windows-Application-Experience/Program-Telemetry","4952","8292","rjaf-PC4429","S-1-5-18","3/6/2015 6:24:49 AM",,,"c:\users\mac_1\desktop\winevt\logs\microsoft-windows-application-experience%4program-telemetry.evtx","System.UInt32[]","System.Diagnostics.Eventing.Reader.EventBookmark","Information","Info",,"System.Collections.ObjectModel.ReadOnlyCollection`1[System.String]","System.Collections.Generic.List`1[System.Diagnostics.Eventing.Reader.EventProperty]"
"The Application Impact Telemetry (AIT) Agent is not running because AIT is disabled.","701","0",,"4","0","0","1152921504606846976","400","Microsoft-Windows-Application-Experience","eef54e71-0661-422d-9a98-82fd4940b820","Microsoft-Windows-Application-Experience/Program-Telemetry","960","12088","rjaf-PC4429","S-1-5-18","3/5/2015 12:17:28 AM",,,"c:\users\mac_1\desktop\winevt\logs\microsoft-windows-application-experience%4program-telemetry.evtx","System.UInt32[]","System.Diagnostics.Eventing.Reader.EventBookmark","Information","Info",,"System.Collections.ObjectModel.ReadOnlyCollection`1[System.String]","System.Collections.Generic.List`1[System.Diagnostics.Eventing.Reader.EventProperty]"
"The Application Impact Telemetry (AIT) Agent is not running because AIT is disabled.","701","0",,"4","0","0","1152921504606846976","399","Microsoft-Windows-Application-Experience","eef54e71-0661-422d-9a98-82fd4940b820","Microsoft-Windows-Application-Experience/Program-Telemetry","4708","5576","rjaf-PC4429","S-1-5-18","3/4/2015 2:50:06 AM",,,"c:\users\mac_1\desktop\winevt\logs\microsoft-windows-application-experience%4program-telemetry.evtx","System.UInt32[]","System.Diagnostics.Eventing.Reader.EventBookmark","Information","Info",,"System.Collections.ObjectModel.ReadOnlyCollection`1[System.String]","System.Collections.Generic.List`1[System.Diagnostics.Eventing.Reader.EventProperty]"
"The Application Impact Telemetry (AIT) Agent is not running because AIT is disabled.","701","0",,"4","0","0","1152921504606846976","398","Microsoft-Windows-Application-Experience","eef54e71-0661-422d-9a98-82fd4940b820","Microsoft-Windows-Application-Experience/Program-Telemetry","2384","5064","rjaf-PC4429","S-1-5-18","3/2/2015 11:13:25 PM",,,"c:\users\mac_1\desktop\winevt\logs\microsoft-windows-application-experience%4program-telemetry.evtx","System.UInt32[]","System.Diagnostics.Eventing.Reader.EventBookmark","Information","Info",,"System.Collections.ObjectModel.ReadOnlyCollection`1[System.String]","System.Collections.Generic.List`1[System.Diagnostics.Eventing.Reader.EventProperty]"
"The Application Impact Telemetry (AIT) Agent is not running because AIT is disabled.","701","0",,"4","0","0","1152921504606846976","397","Microsoft-Windows-Application-Experience","eef54e71-0661-422d-9a98-82fd4940b820","Microsoft-Windows-Application-Experience/Program-Telemetry","6096","3444","rjaf-PC4429","S-1-5-18","3/1/2015 11:08:03 PM",,,"c:\users\mac_1\desktop\winevt\logs\microsoft-windows-application-experience%4program-telemetry.evtx","System.UInt32[]","System.Diagnostics.Eventing.Reader.EventBookmark","Information","Info",,"System.Collections.ObjectModel.ReadOnlyCollection`1[System.String]","System.Collections.Generic.List`1[System.Diagnostics.Eventing.Reader.EventProperty]"
"The Application Impact Telemetry (AIT) Agent is not running because AIT is disabled.","701","0",,"4","0","0","1152921504606846976","396","Microsoft-Windows-Application-Experience","eef54e71-0661-422d-9a98-82fd4940b820","Microsoft-Windows-Application-Experience/Program-Telemetry","3740","2292","rjaf-PC4429","S-1-5-18","3/1/2015 3:25:48 AM",,,"c:\users\mac_1\desktop\winevt\logs\microsoft-windows-application-experience%4program-telemetry.evtx","System.UInt32[]","System.Diagnostics.Eventing.Reader.EventBookmark","Information","Info",,"System.Collections.ObjectModel.ReadOnlyCollection`1[System.String]","System.Collections.Generic.List`1[System.Diagnostics.Eventing.Reader.EventProperty]"
"The Application Impact Telemetry (AIT) Agent is not running because AIT is disabled.","701","0",,"4","0","0","1152921504606846976","395","Microsoft-Windows-Application-Experience","eef54e71-0661-422d-9a98-82fd4940b820","Microsoft-Windows-Application-Experience/Program-Telemetry","1656","5816","rjaf-PC4429","S-1-5-18","2/26/2015 12:28:15 AM",,,"c:\users\mac_1\desktop\winevt\logs\microsoft-windows-application-experience%4program-telemetry.evtx","System.UInt32[]","System.Diagnostics.Eventing.Reader.EventBookmark","Information","Info",,"System.Collections.ObjectModel.ReadOnlyCollection`1[System.String]","System.Collections.Generic.List`1[System.Diagnostics.Eventing.Reader.EventProperty]"
"The Application Impact Telemetry (AIT) Agent is not running because AIT is disabled.","701","0",,"4","0","0","1152921504606846976","394","Microsoft-Windows-Application-Experience","eef54e71-0661-422d-9a98-82fd4940b820","Microsoft-Windows-Application-Experience/Program-Telemetry","3680","2180","rjaf-PC4429","S-1-5-18","2/24/2015 10:42:09 PM",,,"c:\users\mac_1\desktop\winevt\logs\microsoft-windows-application-experience%4program-telemetry.evtx","System.UInt32[]","System.Diagnostics.Eventing.Reader.EventBookmark","Information","Info",,"System.Collections.ObjectModel.ReadOnlyCollection`1[System.String]","System.Collections.Generic.List`1[System.Diagnostics.Eventing.Reader.EventProperty]"
"The Application Impact Telemetry (AIT) Agent is not running because AIT is disabled.","701","0",,"4","0","0","1152921504606846976","393","Microsoft-Windows-Application-Experience","eef54e71-0661-422d-9a98-82fd4940b820","Microsoft-Windows-Application-Experience/Program-Telemetry","1112","1568","rjaf-PC4429","S-1-5-18","2/23/2015 11:12:20 PM",,,"c:\users\mac_1\desktop\winevt\logs\microsoft-windows-application-experience%4program-telemetry.evtx","System.UInt32[]","System.Diagnostics.Eventing.Reader.EventBookmark","Information","Info",,"System.Collections.ObjectModel.ReadOnlyCollection`1[System.String]","System.Collections.Generic.List`1[System.Diagnostics.Eventing.Reader.EventProperty]"
"The Application Impact Telemetry (AIT) Agent is not running because AIT is disabled.","701","0",,"4","0","0","1152921504606846976","392","Microsoft-Windows-Application-Experience","eef54e71-0661-422d-9a98-82fd4940b820","Microsoft-Windows-Application-Experience/Program-Telemetry","2248","1344","rjaf-PC4429","S-1-5-18","2/22/2015 5:03:13 PM",,,"c:\users\mac_1\desktop\winevt\logs\microsoft-windows-application-experience%4program-telemetry.evtx","System.UInt32[]","System.Diagnostics.Eventing.Reader.EventBookmark","Information","Info",,"System.Collections.ObjectModel.ReadOnlyCollection`1[System.String]","System.Collections.Generic.List`1[System.Diagnostics.Eventing.Reader.EventProperty]"
"The Application Impact Telemetry (AIT) Agent is not running because AIT is disabled.","701","0",,"4","0","0","1152921504606846976","391","Microsoft-Windows-Application-Experience","eef54e71-0661-422d-9a98-82fd4940b820","Microsoft-Windows-Application-Experience/Program-Telemetry","2188","4048","rjaf-PC4429","S-1-5-18","2/22/2015 12:43:44 PM",,,"c:\users\mac_1\desktop\winevt\logs\microsoft-windows-application-experience%4program-telemetry.evtx","System.UInt32[]","System.Diagnostics.Eventing.Reader.EventBookmark","Information","Info",,"System.Collections.ObjectModel.ReadOnlyCollection`1[System.String]","System.Collections.Generic.List`1[System.Diagnostics.Eventing.Reader.EventProperty]"
"The Application Impact Telemetry (AIT) Agent is not running because AIT is disabled.","701","0",,"4","0","0","1152921504606846976","390","Microsoft-Windows-Application-Experience","eef54e71-0661-422d-9a98-82fd4940b820","Microsoft-Windows-Application-Experience/Program-Telemetry","2172","2728","rjaf-PC4429","S-1-5-18","2/21/2015 7:01:24 AM",,,"c:\users\mac_1\desktop\winevt\logs\microsoft-windows-application-experience%4program-telemetry.evtx","System.UInt32[]","System.Diagnostics.Eventing.Reader.EventBookmark","Information","Info",,"System.Collections.ObjectModel.ReadOnlyCollection`1[System.String]","System.Collections.Generic.List`1[System.Diagnostics.Eventing.Reader.EventProperty]"
"The Application Impact Telemetry (AIT) Agent is not running because AIT is disabled.","701","0",,"4","0","0","1152921504606846976","389","Microsoft-Windows-Application-Experience","eef54e71-0661-422d-9a98-82fd4940b820","Microsoft-Windows-Application-Experience/Program-Telemetry","3644","2284","rjaf-PC4429","S-1-5-18","2/20/2015 12:21:17 AM",,,"c:\users\mac_1\desktop\winevt\logs\microsoft-windows-application-experience%4program-telemetry.evtx","System.UInt32[]","System.Diagnostics.Eventing.Reader.EventBookmark","Information","Info",,"System.Collections.ObjectModel.ReadOnlyCollection`1[System.String]","System.Collections.Generic.List`1[System.Diagnostics.Eventing.Reader.EventProperty]"
"The Application Impact Telemetry (AIT) Agent is not running because AIT is disabled.","701","0",,"4","0","0","1152921504606846976","388","Microsoft-Windows-Application-Experience","eef54e71-0661-422d-9a98-82fd4940b820","Microsoft-Windows-Application-Experience/Program-Telemetry","3952","3708","rjaf-PC4429","S-1-5-18","2/18/2015 11:41:50 PM",,,"c:\users\mac_1\desktop\winevt\logs\microsoft-windows-application-experience%4program-telemetry.evtx","System.UInt32[]","System.Diagnostics.Eventing.Reader.EventBookmark","Information","Info",,"System.Collections.ObjectModel.ReadOnlyCollection`1[System.String]","System.Collections.Generic.List`1[System.Diagnostics.Eventing.Reader.EventProperty]"
"The Application Impact Telemetry (AIT) Agent is not running because AIT is disabled.","701","0",,"4","0","0","1152921504606846976","387","Microsoft-Windows-Application-Experience","eef54e71-0661-422d-9a98-82fd4940b820","Microsoft-Windows-Application-Experience/Program-Telemetry","1600","1620","rjaf-PC4429","S-1-5-18","2/18/2015 12:16:32 AM",,,"c:\users\mac_1\desktop\winevt\logs\microsoft-windows-application-experience%4program-telemetry.evtx","System.UInt32[]","System.Diagnostics.Eventing.Reader.EventBookmark","Information","Info",,"System.Collections.ObjectModel.ReadOnlyCollection`1[System.String]","System.Collections.Generic.List`1[System.Diagnostics.Eventing.Reader.EventProperty]"
"The Application Impact Telemetry (AIT) Agent is not running because AIT is disabled.","701","0",,"4","0","0","1152921504606846976","386","Microsoft-Windows-Application-Experience","eef54e71-0661-422d-9a98-82fd4940b820","Microsoft-Windows-Application-Experience/Program-Telemetry","1508","3080","rjaf-PC4429","S-1-5-18","2/16/2015 11:21:10 PM",,,"c:\users\mac_1\desktop\winevt\logs\microsoft-windows-application-experience%4program-telemetry.evtx","System.UInt32[]","System.Diagnostics.Eventing.Reader.EventBookmark","Information","Info",,"System.Collections.ObjectModel.ReadOnlyCollection`1[System.String]","System.Collections.Generic.List`1[System.Diagnostics.Eventing.Reader.EventProperty]"
"The Application Impact Telemetry (AIT) Agent is not running because AIT is disabled.","701","0",,"4","0","0","1152921504606846976","385","Microsoft-Windows-Application-Experience","eef54e71-0661-422d-9a98-82fd4940b820","Microsoft-Windows-Application-Experience/Program-Telemetry","364","2388","rjaf-PC4429","S-1-5-18","2/15/2015 11:52:43 PM",,,"c:\users\mac_1\desktop\winevt\logs\microsoft-windows-application-experience%4program-telemetry.evtx","System.UInt32[]","System.Diagnostics.Eventing.Reader.EventBookmark","Information","Info",,"System.Collections.ObjectModel.ReadOnlyCollection`1[System.String]","System.Collections.Generic.List`1[System.Diagnostics.Eventing.Reader.EventProperty]"
"The Application Impact Telemetry (AIT) Agent is not running because AIT is disabled.","701","0",,"4","0","0","1152921504606846976","384","Microsoft-Windows-Application-Experience","eef54e71-0661-422d-9a98-82fd4940b820","Microsoft-Windows-Application-Experience/Program-Telemetry","3352","3112","rjaf-PC4429","S-1-5-18","2/14/2015 5:03:14 PM",,,"c:\users\mac_1\desktop\winevt\logs\microsoft-windows-application-experience%4program-telemetry.evtx","System.UInt32[]","System.Diagnostics.Eventing.Reader.EventBookmark","Information","Info",,"System.Collections.ObjectModel.ReadOnlyCollection`1[System.String]","System.Collections.Generic.List`1[System.Diagnostics.Eventing.Reader.EventProperty]"
"The Application Impact Telemetry (AIT) Agent is not running because AIT is disabled.","701","0",,"4","0","0","1152921504606846976","383","Microsoft-Windows-Application-Experience","eef54e71-0661-422d-9a98-82fd4940b820","Microsoft-Windows-Application-Experience/Program-Telemetry","1644","520","rjaf-PC4429","S-1-5-18","2/14/2015 1:30:30 AM",,,"c:\users\mac_1\desktop\winevt\logs\microsoft-windows-application-experience%4program-telemetry.evtx","System.UInt32[]","System.Diagnostics.Eventing.Reader.EventBookmark","Information","Info",,"System.Collections.ObjectModel.ReadOnlyCollection`1[System.String]","System.Collections.Generic.List`1[System.Diagnostics.Eventing.Reader.EventProperty]"
"The Application Impact Telemetry (AIT) Agent is not running because AIT is disabled.","701","0",,"4","0","0","1152921504606846976","382","Microsoft-Windows-Application-Experience","eef54e71-0661-422d-9a98-82fd4940b820","Microsoft-Windows-Application-Experience/Program-Telemetry","3108","296","rjaf-PC4429","S-1-5-18","2/11/2015 5:03:12 PM",,,"c:\users\mac_1\desktop\winevt\logs\microsoft-windows-application-experience%4program-telemetry.evtx","System.UInt32[]","System.Diagnostics.Eventing.Reader.EventBookmark","Information","Info",,"System.Collections.ObjectModel.ReadOnlyCollection`1[System.String]","System.Collections.Generic.List`1[System.Diagnostics.Eventing.Reader.EventProperty]"
"The Application Impact Telemetry (AIT) Agent is not running because AIT is disabled.","701","0",,"4","0","0","1152921504606846976","381","Microsoft-Windows-Application-Experience","eef54e71-0661-422d-9a98-82fd4940b820","Microsoft-Windows-Application-Experience/Program-Telemetry","3948","1000","rjaf-PC4429","S-1-5-18","2/11/2015 1:24:40 AM",,,"c:\users\mac_1\desktop\winevt\logs\microsoft-windows-application-experience%4program-telemetry.evtx","System.UInt32[]","System.Diagnostics.Eventing.Reader.EventBookmark","Information","Info",,"System.Collections.ObjectModel.ReadOnlyCollection`1[System.String]","System.Collections.Generic.List`1[System.Diagnostics.Eventing.Reader.EventProperty]"
"The Application Impact Telemetry (AIT) Agent is not running because AIT is disabled.","701","0",,"4","0","0","1152921504606846976","380","Microsoft-Windows-Application-Experience","eef54e71-0661-422d-9a98-82fd4940b820","Microsoft-Windows-Application-Experience/Program-Telemetry","4804","4536","rjaf-PC4429","S-1-5-18","2/10/2015 2:28:23 AM",,,"c:\users\mac_1\desktop\winevt\logs\microsoft-windows-application-experience%4program-telemetry.evtx","System.UInt32[]","System.Diagnostics.Eventing.Reader.EventBookmark","Information","Info",,"System.Collections.ObjectModel.ReadOnlyCollection`1[System.String]","System.Collections.Generic.List`1[System.Diagnostics.Eventing.Reader.EventProperty]"
"The Application Impact Telemetry (AIT) Agent is not running because AIT is disabled.","701","0",,"4","0","0","1152921504606846976","379","Microsoft-Windows-Application-Experience","eef54e71-0661-422d-9a98-82fd4940b820","Microsoft-Windows-Application-Experience/Program-Telemetry","2884","3732","rjaf-PC4429","S-1-5-18","2/9/2015 12:36:40 AM",,,"c:\users\mac_1\desktop\winevt\logs\microsoft-windows-application-experience%4program-telemetry.evtx","System.UInt32[]","System.Diagnostics.Eventing.Reader.EventBookmark","Information","Info",,"System.Collections.ObjectModel.ReadOnlyCollection`1[System.String]","System.Collections.Generic.List`1[System.Diagnostics.Eventing.Reader.EventProperty]"
"The Application Impact Telemetry (AIT) Agent is not running because AIT is disabled.","701","0",,"4","0","0","1152921504606846976","378","Microsoft-Windows-Application-Experience","eef54e71-0661-422d-9a98-82fd4940b820","Microsoft-Windows-Application-Experience/Program-Telemetry","3572","5752","rjaf-PC4429","S-1-5-18","2/8/2015 1:44:16 AM",,,"c:\users\mac_1\desktop\winevt\logs\microsoft-windows-application-experience%4program-telemetry.evtx","System.UInt32[]","System.Diagnostics.Eventing.Reader.EventBookmark","Information","Info",,"System.Collections.ObjectModel.ReadOnlyCollection`1[System.String]","System.Collections.Generic.List`1[System.Diagnostics.Eventing.Reader.EventProperty]"
"The Application Impact Telemetry (AIT) Agent is not running because AIT is disabled.","701","0",,"4","0","0","1152921504606846976","377","Microsoft-Windows-Application-Experience","eef54e71-0661-422d-9a98-82fd4940b820","Microsoft-Windows-Application-Experience/Program-Telemetry","4248","3444","rjaf-PC4429","S-1-5-18","2/6/2015 5:03:12 PM",,,"c:\users\mac_1\desktop\winevt\logs\microsoft-windows-application-experience%4program-telemetry.evtx","System.UInt32[]","System.Diagnostics.Eventing.Reader.EventBookmark","Information","Info",,"System.Collections.ObjectModel.ReadOnlyCollection`1[System.String]","System.Collections.Generic.List`1[System.Diagnostics.Eventing.Reader.EventProperty]"
"The Application Impact Telemetry (AIT) Agent is not running because AIT is disabled.","701","0",,"4","0","0","1152921504606846976","376","Microsoft-Windows-Application-Experience","eef54e71-0661-422d-9a98-82fd4940b820","Microsoft-Windows-Application-Experience/Program-Telemetry","3904","796","rjaf-PC4429","S-1-5-18","2/5/2015 5:03:12 PM",,,"c:\users\mac_1\desktop\winevt\logs\microsoft-windows-application-experience%4program-telemetry.evtx","System.UInt32[]","System.Diagnostics.Eventing.Reader.EventBookmark","Information","Info",,"System.Collections.ObjectModel.ReadOnlyCollection`1[System.String]","System.Collections.Generic.List`1[System.Diagnostics.Eventing.Reader.EventProperty]"
"The Application Impact Telemetry (AIT) Agent is not running because AIT is disabled.","701","0",,"4","0","0","1152921504606846976","375","Microsoft-Windows-Application-Experience","eef54e71-0661-422d-9a98-82fd4940b820","Microsoft-Windows-Application-Experience/Program-Telemetry","3632","1792","rjaf-PC4429","S-1-5-18","2/5/2015 12:15:04 AM",,,"c:\users\mac_1\desktop\winevt\logs\microsoft-windows-application-experience%4program-telemetry.evtx","System.UInt32[]","System.Diagnostics.Eventing.Reader.EventBookmark","Information","Info",,"System.Collections.ObjectModel.ReadOnlyCollection`1[System.String]","System.Collections.Generic.List`1[System.Diagnostics.Eventing.Reader.EventProperty]"
"The Application Impact Telemetry (AIT) Agent is not running because AIT is disabled.","701","0",,"4","0","0","1152921504606846976","374","Microsoft-Windows-Application-Experience","eef54e71-0661-422d-9a98-82fd4940b820","Microsoft-Windows-Application-Experience/Program-Telemetry","3364","3120","rjaf-PC4429","S-1-5-18","2/4/2015 12:07:59 AM",,,"c:\users\mac_1\desktop\winevt\logs\microsoft-windows-application-experience%4program-telemetry.evtx","System.UInt32[]","System.Diagnostics.Eventing.Reader.EventBookmark","Information","Info",,"System.Collections.ObjectModel.ReadOnlyCollection`1[System.String]","System.Collections.Generic.List`1[System.Diagnostics.Eventing.Reader.EventProperty]"
"The Application Impact Telemetry (AIT) Agent is not running because AIT is disabled.","701","0",,"4","0","0","1152921504606846976","373","Microsoft-Windows-Application-Experience","eef54e71-0661-422d-9a98-82fd4940b820","Microsoft-Windows-Application-Experience/Program-Telemetry","3900","2212","rjaf-PC4429","S-1-5-18","2/3/2015 1:22:57 AM",,,"c:\users\mac_1\desktop\winevt\logs\microsoft-windows-application-experience%4program-telemetry.evtx","System.UInt32[]","System.Diagnostics.Eventing.Reader.EventBookmark","Information","Info",,"System.Collections.ObjectModel.ReadOnlyCollection`1[System.String]","System.Collections.Generic.List`1[System.Diagnostics.Eventing.Reader.EventProperty]"
"The Application Impact Telemetry (AIT) Agent is not running because AIT is disabled.","701","0",,"4","0","0","1152921504606846976","372","Microsoft-Windows-Application-Experience","eef54e71-0661-422d-9a98-82fd4940b820","Microsoft-Windows-Application-Experience/Program-Telemetry","1644","3856","rjaf-PC4429","S-1-5-18","2/2/2015 12:37:15 AM",,,"c:\users\mac_1\desktop\winevt\logs\microsoft-windows-application-experience%4program-telemetry.evtx","System.UInt32[]","System.Diagnostics.Eventing.Reader.EventBookmark","Information","Info",,"System.Collections.ObjectModel.ReadOnlyCollection`1[System.String]","System.Collections.Generic.List`1[System.Diagnostics.Eventing.Reader.EventProperty]"
"The Application Impact Telemetry (AIT) Agent is not running because AIT is disabled.","701","0",,"4","0","0","1152921504606846976","371","Microsoft-Windows-Application-Experience","eef54e71-0661-422d-9a98-82fd4940b820","Microsoft-Windows-Application-Experience/Program-Telemetry","1968","784","rjaf-PC4429","S-1-5-18","2/1/2015 12:28:04 AM",,,"c:\users\mac_1\desktop\winevt\logs\microsoft-windows-application-experience%4program-telemetry.evtx","System.UInt32[]","System.Diagnostics.Eventing.Reader.EventBookmark","Information","Info",,"System.Collections.ObjectModel.ReadOnlyCollection`1[System.String]","System.Collections.Generic.List`1[System.Diagnostics.Eventing.Reader.EventProperty]"
"The Application Impact Telemetry (AIT) Agent is not running because AIT is disabled.","701","0",,"4","0","0","1152921504606846976","370","Microsoft-Windows-Application-Experience","eef54e71-0661-422d-9a98-82fd4940b820","Microsoft-Windows-Application-Experience/Program-Telemetry","320","4044","rjaf-PC4429","S-1-5-18","1/31/2015 1:44:15 AM",,,"c:\users\mac_1\desktop\winevt\logs\microsoft-windows-application-experience%4program-telemetry.evtx","System.UInt32[]","System.Diagnostics.Eventing.Reader.EventBookmark","Information","Info",,"System.Collections.ObjectModel.ReadOnlyCollection`1[System.String]","System.Collections.Generic.List`1[System.Diagnostics.Eventing.Reader.EventProperty]"
"The Application Impact Telemetry (AIT) Agent is not running because AIT is disabled.","701","0",,"4","0","0","1152921504606846976","369","Microsoft-Windows-Application-Experience","eef54e71-0661-422d-9a98-82fd4940b820","Microsoft-Windows-Application-Experience/Program-Telemetry","5776","3856","rjaf-PC4429","S-1-5-18","1/30/2015 12:43:30 AM",,,"c:\users\mac_1\desktop\winevt\logs\microsoft-windows-application-experience%4program-telemetry.evtx","System.UInt32[]","System.Diagnostics.Eventing.Reader.EventBookmark","Information","Info",,"System.Collections.ObjectModel.ReadOnlyCollection`1[System.String]","System.Collections.Generic.List`1[System.Diagnostics.Eventing.Reader.EventProperty]"
"The Application Impact Telemetry (AIT) Agent is not running because AIT is disabled.","701","0",,"4","0","0","1152921504606846976","368","Microsoft-Windows-Application-Experience","eef54e71-0661-422d-9a98-82fd4940b820","Microsoft-Windows-Application-Experience/Program-Telemetry","5276","2092","rjaf-PC4429","S-1-5-18","1/29/2015 12:16:35 AM",,,"c:\users\mac_1\desktop\winevt\logs\microsoft-windows-application-experience%4program-telemetry.evtx","System.UInt32[]","System.Diagnostics.Eventing.Reader.EventBookmark","Information","Info",,"System.Collections.ObjectModel.ReadOnlyCollection`1[System.String]","System.Collections.Generic.List`1[System.Diagnostics.Eventing.Reader.EventProperty]"
"The Application Impact Telemetry (AIT) Agent is not running because AIT is disabled.","701","0",,"4","0","0","1152921504606846976","367","Microsoft-Windows-Application-Experience","eef54e71-0661-422d-9a98-82fd4940b820","Microsoft-Windows-Application-Experience/Program-Telemetry","2560","3204","rjaf-PC4429","S-1-5-18","1/27/2015 5:03:12 PM",,,"c:\users\mac_1\desktop\winevt\logs\microsoft-windows-application-experience%4program-telemetry.evtx","System.UInt32[]","System.Diagnostics.Eventing.Reader.EventBookmark","Information","Info",,"System.Collections.ObjectModel.ReadOnlyCollection`1[System.String]","System.Collections.Generic.List`1[System.Diagnostics.Eventing.Reader.EventProperty]"
"The Application Impact Telemetry (AIT) Agent is not running because AIT is disabled.","701","0",,"4","0","0","1152921504606846976","366","Microsoft-Windows-Application-Experience","eef54e71-0661-422d-9a98-82fd4940b820","Microsoft-Windows-Application-Experience/Program-Telemetry","3376","3256","rjaf-PC4429","S-1-5-18","1/26/2015 11:04:08 PM",,,"c:\users\mac_1\desktop\winevt\logs\microsoft-windows-application-experience%4program-telemetry.evtx","System.UInt32[]","System.Diagnostics.Eventing.Reader.EventBookmark","Information","Info",,"System.Collections.ObjectModel.ReadOnlyCollection`1[System.String]","System.Collections.Generic.List`1[System.Diagnostics.Eventing.Reader.EventProperty]"
"The Application Impact Telemetry (AIT) Agent is not running because AIT is disabled.","701","0",,"4","0","0","1152921504606846976","365","Microsoft-Windows-Application-Experience","eef54e71-0661-422d-9a98-82fd4940b820","Microsoft-Windows-Application-Experience/Program-Telemetry","1976","3988","rjaf-PC4429","S-1-5-18","1/25/2015 5:03:12 PM",,,"c:\users\mac_1\desktop\winevt\logs\microsoft-windows-application-experience%4program-telemetry.evtx","System.UInt32[]","System.Diagnostics.Eventing.Reader.EventBookmark","Information","Info",,"System.Collections.ObjectModel.ReadOnlyCollection`1[System.String]","System.Collections.Generic.List`1[System.Diagnostics.Eventing.Reader.EventProperty]"
"The Application Impact Telemetry (AIT) Agent is not running because AIT is disabled.","701","0",,"4","0","0","1152921504606846976","364","Microsoft-Windows-Application-Experience","eef54e71-0661-422d-9a98-82fd4940b820","Microsoft-Windows-Application-Experience/Program-Telemetry","4052","2408","rjaf-PC4429","S-1-5-18","1/24/2015 10:22:21 PM",,,"c:\users\mac_1\desktop\winevt\logs\microsoft-windows-application-experience%4program-telemetry.evtx","System.UInt32[]","System.Diagnostics.Eventing.Reader.EventBookmark","Information","Info",,"System.Collections.ObjectModel.ReadOnlyCollection`1[System.String]","System.Collections.Generic.List`1[System.Diagnostics.Eventing.Reader.EventProperty]"
"The Application Impact Telemetry (AIT) Agent is not running because AIT is disabled.","701","0",,"4","0","0","1152921504606846976","363","Microsoft-Windows-Application-Experience","eef54e71-0661-422d-9a98-82fd4940b820","Microsoft-Windows-Application-Experience/Program-Telemetry","212","328","rjaf-PC4429","S-1-5-18","1/23/2015 11:40:41 PM",,,"c:\users\mac_1\desktop\winevt\logs\microsoft-windows-application-experience%4program-telemetry.evtx","System.UInt32[]","System.Diagnostics.Eventing.Reader.EventBookmark","Information","Info",,"System.Collections.ObjectModel.ReadOnlyCollection`1[System.String]","System.Collections.Generic.List`1[System.Diagnostics.Eventing.Reader.EventProperty]"
"The Application Impact Telemetry (AIT) Agent is not running because AIT is disabled.","701","0",,"4","0","0","1152921504606846976","362","Microsoft-Windows-Application-Experience","eef54e71-0661-422d-9a98-82fd4940b820","Microsoft-Windows-Application-Experience/Program-Telemetry","3428","3220","rjaf-PC4429","S-1-5-18","1/22/2015 11:45:34 PM",,,"c:\users\mac_1\desktop\winevt\logs\microsoft-windows-application-experience%4program-telemetry.evtx","System.UInt32[]","System.Diagnostics.Eventing.Reader.EventBookmark","Information","Info",,"System.Collections.ObjectModel.ReadOnlyCollection`1[System.String]","System.Collections.Generic.List`1[System.Diagnostics.Eventing.Reader.EventProperty]"
"The Application Impact Telemetry (AIT) Agent is not running because AIT is disabled.","701","0",,"4","0","0","1152921504606846976","361","Microsoft-Windows-Application-Experience","eef54e71-0661-422d-9a98-82fd4940b820","Microsoft-Windows-Application-Experience/Program-Telemetry","316","3416","rjaf-PC4429","S-1-5-18","1/22/2015 12:09:15 AM",,,"c:\users\mac_1\desktop\winevt\logs\microsoft-windows-application-experience%4program-telemetry.evtx","System.UInt32[]","System.Diagnostics.Eventing.Reader.EventBookmark","Information","Info",,"System.Collections.ObjectModel.ReadOnlyCollection`1[System.String]","System.Collections.Generic.List`1[System.Diagnostics.Eventing.Reader.EventProperty]"
"The Application Impact Telemetry (AIT) Agent is not running because AIT is disabled.","701","0",,"4","0","0","1152921504606846976","360","Microsoft-Windows-Application-Experience","eef54e71-0661-422d-9a98-82fd4940b820","Microsoft-Windows-Application-Experience/Program-Telemetry","3504","2792","rjaf-PC4429","S-1-5-18","1/21/2015 12:23:57 AM",,,"c:\users\mac_1\desktop\winevt\logs\microsoft-windows-application-experience%4program-telemetry.evtx","System.UInt32[]","System.Diagnostics.Eventing.Reader.EventBookmark","Information","Info",,"System.Collections.ObjectModel.ReadOnlyCollection`1[System.String]","System.Collections.Generic.List`1[System.Diagnostics.Eventing.Reader.EventProperty]"
"The Application Impact Telemetry (AIT) Agent is not running because AIT is disabled.","701","0",,"4","0","0","1152921504606846976","359","Microsoft-Windows-Application-Experience","eef54e71-0661-422d-9a98-82fd4940b820","Microsoft-Windows-Application-Experience/Program-Telemetry","620","2500","rjaf-PC4429","S-1-5-18","1/19/2015 10:58:48 PM",,,"c:\users\mac_1\desktop\winevt\logs\microsoft-windows-application-experience%4program-telemetry.evtx","System.UInt32[]","System.Diagnostics.Eventing.Reader.EventBookmark","Information","Info",,"System.Collections.ObjectModel.ReadOnlyCollection`1[System.String]","System.Collections.Generic.List`1[System.Diagnostics.Eventing.Reader.EventProperty]"
"The Application Impact Telemetry (AIT) Agent is not running because AIT is disabled.","701","0",,"4","0","0","1152921504606846976","358","Microsoft-Windows-Application-Experience","eef54e71-0661-422d-9a98-82fd4940b820","Microsoft-Windows-Application-Experience/Program-Telemetry","1424","2908","rjaf-PC4429","S-1-5-18","1/18/2015 5:03:16 PM",,,"c:\users\mac_1\desktop\winevt\logs\microsoft-windows-application-experience%4program-telemetry.evtx","System.UInt32[]","System.Diagnostics.Eventing.Reader.EventBookmark","Information","Info",,"System.Collections.ObjectModel.ReadOnlyCollection`1[System.String]","System.Collections.Generic.List`1[System.Diagnostics.Eventing.Reader.EventProperty]"
"The Application Impact Telemetry (AIT) Agent is not running because AIT is disabled.","701","0",,"4","0","0","1152921504606846976","357","Microsoft-Windows-Application-Experience","eef54e71-0661-422d-9a98-82fd4940b820","Microsoft-Windows-Application-Experience/Program-Telemetry","1964","164","rjaf-PC4429","S-1-5-18","1/18/2015 1:52:05 AM",,,"c:\users\mac_1\desktop\winevt\logs\microsoft-windows-application-experience%4program-telemetry.evtx","System.UInt32[]","System.Diagnostics.Eventing.Reader.EventBookmark","Information","Info",,"System.Collections.ObjectModel.ReadOnlyCollection`1[System.String]","System.Collections.Generic.List`1[System.Diagnostics.Eventing.Reader.EventProperty]"
"The Application Impact Telemetry (AIT) Agent is not running because AIT is disabled.","701","0",,"4","0","0","1152921504606846976","356","Microsoft-Windows-Application-Experience","eef54e71-0661-422d-9a98-82fd4940b820","Microsoft-Windows-Application-Experience/Program-Telemetry","1492","2240","rjaf-PC4429","S-1-5-18","1/17/2015 12:01:48 AM",,,"c:\users\mac_1\desktop\winevt\logs\microsoft-windows-application-experience%4program-telemetry.evtx","System.UInt32[]","System.Diagnostics.Eventing.Reader.EventBookmark","Information","Info",,"System.Collections.ObjectModel.ReadOnlyCollection`1[System.String]","System.Collections.Generic.List`1[System.Diagnostics.Eventing.Reader.EventProperty]"
"The Application Impact Telemetry (AIT) Agent is not running because AIT is disabled.","701","0",,"4","0","0","1152921504606846976","355","Microsoft-Windows-Application-Experience","eef54e71-0661-422d-9a98-82fd4940b820","Microsoft-Windows-Application-Experience/Program-Telemetry","14856","3396","rjaf-PC4429","S-1-5-18","1/15/2015 1:08:45 AM",,,"c:\users\mac_1\desktop\winevt\logs\microsoft-windows-application-experience%4program-telemetry.evtx","System.UInt32[]","System.Diagnostics.Eventing.Reader.EventBookmark","Information","Info",,"System.Collections.ObjectModel.ReadOnlyCollection`1[System.String]","System.Collections.Generic.List`1[System.Diagnostics.Eventing.Reader.EventProperty]"
"The Application Impact Telemetry (AIT) Agent is not running because AIT is disabled.","701","0",,"4","0","0","1152921504606846976","354","Microsoft-Windows-Application-Experience","eef54e71-0661-422d-9a98-82fd4940b820","Microsoft-Windows-Application-Experience/Program-Telemetry","1844","5788","rjaf-PC4429","S-1-5-18","1/14/2015 2:36:32 AM",,,"c:\users\mac_1\desktop\winevt\logs\microsoft-windows-application-experience%4program-telemetry.evtx","System.UInt32[]","System.Diagnostics.Eventing.Reader.EventBookmark","Information","Info",,"System.Collections.ObjectModel.ReadOnlyCollection`1[System.String]","System.Collections.Generic.List`1[System.Diagnostics.Eventing.Reader.EventProperty]"
"The Application Impact Telemetry (AIT) Agent is not running because AIT is disabled.","701","0",,"4","0","0","1152921504606846976","353","Microsoft-Windows-Application-Experience","eef54e71-0661-422d-9a98-82fd4940b820","Microsoft-Windows-Application-Experience/Program-Telemetry","5872","3368","rjaf-PC4429","S-1-5-18","1/12/2015 10:50:09 PM",,,"c:\users\mac_1\desktop\winevt\logs\microsoft-windows-application-experience%4program-telemetry.evtx","System.UInt32[]","System.Diagnostics.Eventing.Reader.EventBookmark","Information","Info",,"System.Collections.ObjectModel.ReadOnlyCollection`1[System.String]","System.Collections.Generic.List`1[System.Diagnostics.Eventing.Reader.EventProperty]"
"The Application Impact Telemetry (AIT) Agent is not running because AIT is disabled.","701","0",,"4","0","0","1152921504606846976","352","Microsoft-Windows-Application-Experience","eef54e71-0661-422d-9a98-82fd4940b820","Microsoft-Windows-Application-Experience/Program-Telemetry","2804","4108","rjaf-PC4429","S-1-5-18","1/11/2015 5:03:12 PM",,,"c:\users\mac_1\desktop\winevt\logs\microsoft-windows-application-experience%4program-telemetry.evtx","System.UInt32[]","System.Diagnostics.Eventing.Reader.EventBookmark","Information","Info",,"System.Collections.ObjectModel.ReadOnlyCollection`1[System.String]","System.Collections.Generic.List`1[System.Diagnostics.Eventing.Reader.EventProperty]"
"The Application Impact Telemetry (AIT) Agent is not running because AIT is disabled.","701","0",,"4","0","0","1152921504606846976","351","Microsoft-Windows-Application-Experience","eef54e71-0661-422d-9a98-82fd4940b820","Microsoft-Windows-Application-Experience/Program-Telemetry","5668","5672","rjaf-PC4429","S-1-5-18","1/11/2015 3:18:05 AM",,,"c:\users\mac_1\desktop\winevt\logs\microsoft-windows-application-experience%4program-telemetry.evtx","System.UInt32[]","System.Diagnostics.Eventing.Reader.EventBookmark","Information","Info",,"System.Collections.ObjectModel.ReadOnlyCollection`1[System.String]","System.Collections.Generic.List`1[System.Diagnostics.Eventing.Reader.EventProperty]"
"The Application Impact Telemetry (AIT) Agent is not running because AIT is disabled.","701","0",,"4","0","0","1152921504606846976","350","Microsoft-Windows-Application-Experience","eef54e71-0661-422d-9a98-82fd4940b820","Microsoft-Windows-Application-Experience/Program-Telemetry","2892","3140","rjaf-PC4429","S-1-5-18","1/7/2015 1:20:33 AM",,,"c:\users\mac_1\desktop\winevt\logs\microsoft-windows-application-experience%4program-telemetry.evtx","System.UInt32[]","System.Diagnostics.Eventing.Reader.EventBookmark","Information","Info",,"System.Collections.ObjectModel.ReadOnlyCollection`1[System.String]","System.Collections.Generic.List`1[System.Diagnostics.Eventing.Reader.EventProperty]"
"The Application Impact Telemetry (AIT) Agent is not running because AIT is disabled.","701","0",,"4","0","0","1152921504606846976","349","Microsoft-Windows-Application-Experience","eef54e71-0661-422d-9a98-82fd4940b820","Microsoft-Windows-Application-Experience/Program-Telemetry","3348","3240","rjaf-PC4429","S-1-5-18","1/6/2015 1:48:46 AM",,,"c:\users\mac_1\desktop\winevt\logs\microsoft-windows-application-experience%4program-telemetry.evtx","System.UInt32[]","System.Diagnostics.Eventing.Reader.EventBookmark","Information","Info",,"System.Collections.ObjectModel.ReadOnlyCollection`1[System.String]","System.Collections.Generic.List`1[System.Diagnostics.Eventing.Reader.EventProperty]"
"The Application Impact Telemetry (AIT) Agent is not running because AIT is disabled.","701","0",,"4","0","0","1152921504606846976","348","Microsoft-Windows-Application-Experience","eef54e71-0661-422d-9a98-82fd4940b820","Microsoft-Windows-Application-Experience/Program-Telemetry","3560","3040","rjaf-PC4429","S-1-5-18","1/5/2015 1:36:07 AM",,,"c:\users\mac_1\desktop\winevt\logs\microsoft-windows-application-experience%4program-telemetry.evtx","System.UInt32[]","System.Diagnostics.Eventing.Reader.EventBookmark","Information","Info",,"System.Collections.ObjectModel.ReadOnlyCollection`1[System.String]","System.Collections.Generic.List`1[System.Diagnostics.Eventing.Reader.EventProperty]"
"The Application Impact Telemetry (AIT) Agent is not running because AIT is disabled.","701","0",,"4","0","0","1152921504606846976","347","Microsoft-Windows-Application-Experience","eef54e71-0661-422d-9a98-82fd4940b820","Microsoft-Windows-Application-Experience/Program-Telemetry","2876","3396","rjaf-PC4429","S-1-5-18","1/4/2015 6:29:32 AM",,,"c:\users\mac_1\desktop\winevt\logs\microsoft-windows-application-experience%4program-telemetry.evtx","System.UInt32[]","System.Diagnostics.Eventing.Reader.EventBookmark","Information","Info",,"System.Collections.ObjectModel.ReadOnlyCollection`1[System.String]","System.Collections.Generic.List`1[System.Diagnostics.Eventing.Reader.EventProperty]"
"The Application Impact Telemetry (AIT) Agent is not running because AIT is disabled.","701","0",,"4","0","0","1152921504606846976","346","Microsoft-Windows-Application-Experience","eef54e71-0661-422d-9a98-82fd4940b820","Microsoft-Windows-Application-Experience/Program-Telemetry","2580","5976","rjaf-PC4429","S-1-5-18","1/2/2015 5:00:45 PM",,,"c:\users\mac_1\desktop\winevt\logs\microsoft-windows-application-experience%4program-telemetry.evtx","System.UInt32[]","System.Diagnostics.Eventing.Reader.EventBookmark","Information","Info",,"System.Collections.ObjectModel.ReadOnlyCollection`1[System.String]","System.Collections.Generic.List`1[System.Diagnostics.Eventing.Reader.EventProperty]"
"The Application Impact Telemetry (AIT) Agent is not running because AIT is disabled.","701","0",,"4","0","0","1152921504606846976","345","Microsoft-Windows-Application-Experience","eef54e71-0661-422d-9a98-82fd4940b820","Microsoft-Windows-Application-Experience/Program-Telemetry","628","1280","rjaf-PC4429","S-1-5-18","12/31/2014 11:29:02 PM",,,"c:\users\mac_1\desktop\winevt\logs\microsoft-windows-application-experience%4program-telemetry.evtx","System.UInt32[]","System.Diagnostics.Eventing.Reader.EventBookmark","Information","Info",,"System.Collections.ObjectModel.ReadOnlyCollection`1[System.String]","System.Collections.Generic.List`1[System.Diagnostics.Eventing.Reader.EventProperty]"
"The Application Impact Telemetry (AIT) Agent is not running because AIT is disabled.","701","0",,"4","0","0","1152921504606846976","344","Microsoft-Windows-Application-Experience","eef54e71-0661-422d-9a98-82fd4940b820","Microsoft-Windows-Application-Experience/Program-Telemetry","2368","2596","rjaf-PC4429","S-1-5-18","12/31/2014 12:03:43 AM",,,"c:\users\mac_1\desktop\winevt\logs\microsoft-windows-application-experience%4program-telemetry.evtx","System.UInt32[]","System.Diagnostics.Eventing.Reader.EventBookmark","Information","Info",,"System.Collections.ObjectModel.ReadOnlyCollection`1[System.String]","System.Collections.Generic.List`1[System.Diagnostics.Eventing.Reader.EventProperty]"
"The Application Impact Telemetry (AIT) Agent is not running because AIT is disabled.","701","0",,"4","0","0","1152921504606846976","343","Microsoft-Windows-Application-Experience","eef54e71-0661-422d-9a98-82fd4940b820","Microsoft-Windows-Application-Experience/Program-Telemetry","2568","296","rjaf-PC4429","S-1-5-18","12/30/2014 2:10:39 AM",,,"c:\users\mac_1\desktop\winevt\logs\microsoft-windows-application-experience%4program-telemetry.evtx","System.UInt32[]","System.Diagnostics.Eventing.Reader.EventBookmark","Information","Info",,"System.Collections.ObjectModel.ReadOnlyCollection`1[System.String]","System.Collections.Generic.List`1[System.Diagnostics.Eventing.Reader.EventProperty]"
"The Application Impact Telemetry (AIT) Agent is not running because AIT is disabled.","701","0",,"4","0","0","1152921504606846976","342","Microsoft-Windows-Application-Experience","eef54e71-0661-422d-9a98-82fd4940b820","Microsoft-Windows-Application-Experience/Program-Telemetry","304","1152","rjaf-PC4429","S-1-5-18","12/28/2014 9:46:49 PM",,,"c:\users\mac_1\desktop\winevt\logs\microsoft-windows-application-experience%4program-telemetry.evtx","System.UInt32[]","System.Diagnostics.Eventing.Reader.EventBookmark","Information","Info",,"System.Collections.ObjectModel.ReadOnlyCollection`1[System.String]","System.Collections.Generic.List`1[System.Diagnostics.Eventing.Reader.EventProperty]"
"The Application Impact Telemetry (AIT) Agent is not running because AIT is disabled.","701","0",,"4","0","0","1152921504606846976","341","Microsoft-Windows-Application-Experience","eef54e71-0661-422d-9a98-82fd4940b820","Microsoft-Windows-Application-Experience/Program-Telemetry","392","2624","rjaf-PC4429","S-1-5-18","12/28/2014 2:59:46 AM",,,"c:\users\mac_1\desktop\winevt\logs\microsoft-windows-application-experience%4program-telemetry.evtx","System.UInt32[]","System.Diagnostics.Eventing.Reader.EventBookmark","Information","Info",,"System.Collections.ObjectModel.ReadOnlyCollection`1[System.String]","System.Collections.Generic.List`1[System.Diagnostics.Eventing.Reader.EventProperty]"
"The Application Impact Telemetry (AIT) Agent is not running because AIT is disabled.","701","0",,"4","0","0","1152921504606846976","340","Microsoft-Windows-Application-Experience","eef54e71-0661-422d-9a98-82fd4940b820","Microsoft-Windows-Application-Experience/Program-Telemetry","1168","3300","rjaf-PC4429","S-1-5-18","12/27/2014 1:12:22 AM",,,"c:\users\mac_1\desktop\winevt\logs\microsoft-windows-application-experience%4program-telemetry.evtx","System.UInt32[]","System.Diagnostics.Eventing.Reader.EventBookmark","Information","Info",,"System.Collections.ObjectModel.ReadOnlyCollection`1[System.String]","System.Collections.Generic.List`1[System.Diagnostics.Eventing.Reader.EventProperty]"
