#TYPE System.Diagnostics.Eventing.Reader.EventLogRecord
"Message","Id","Version","Qualifiers","Level","Task","Opcode","Keywords","RecordId","ProviderName","ProviderId","LogName","ProcessId","ThreadId","MachineName","UserId","TimeCreated","ActivityId","RelatedActivityId","ContainerLog","MatchedQueryIds","Bookmark","LevelDisplayName","OpcodeDisplayName","TaskDisplayName","KeywordsDisplayNames","Properties"
"Error 0x80070002 occurred while verifying known folder {B4BFCC3A-DB2C-424C-B029-7FE99A87C641} with path 'C:\Windows\system32\config\systemprofile\Desktop'.","1002","0",,"3","0","0","-9223372036854775808","4364","Microsoft-Windows-KnownFolders","8939299f-2315-4c5c-9b91-abb86aa0627d","Microsoft-Windows-Known Folders API Service","3448","3644","rjaf-PC4429","S-1-5-18","9/10/2015 3:29:58 AM",,,"c:\users\mac_1\desktop\winevt\logs\microsoft-windows-known folders api service.evtx","System.UInt32[]","System.Diagnostics.Eventing.Reader.EventBookmark","Warning","Info",,"System.Collections.ObjectModel.ReadOnlyCollection`1[System.String]","System.Collections.Generic.List`1[System.Diagnostics.Eventing.Reader.EventProperty]"
"Error 0x80070002 occurred while verifying known folder {FDD39AD0-238F-46AF-ADB4-6C85480369C7} with path 'C:\Windows\system32\config\systemprofile\Documents'.","1002","0",,"3","0","0","-9223372036854775808","4363","Microsoft-Windows-KnownFolders","8939299f-2315-4c5c-9b91-abb86aa0627d","Microsoft-Windows-Known Folders API Service","3448","3644","rjaf-PC4429","S-1-5-18","9/10/2015 3:29:58 AM",,,"c:\users\mac_1\desktop\winevt\logs\microsoft-windows-known folders api service.evtx","System.UInt32[]","System.Diagnostics.Eventing.Reader.EventBookmark","Warning","Info",,"System.Collections.ObjectModel.ReadOnlyCollection`1[System.String]","System.Collections.Generic.List`1[System.Diagnostics.Eventing.Reader.EventProperty]"
"Error 0x80070002 occurred while verifying known folder {625B53C3-AB48-4EC1-BA1F-A1EF4146FC19} with path 'C:\Windows\system32\config\systemprofile\AppData\Roaming\Microsoft\Windows\Start Menu'.","1002","0",,"3","0","0","-9223372036854775808","4362","Microsoft-Windows-KnownFolders","8939299f-2315-4c5c-9b91-abb86aa0627d","Microsoft-Windows-Known Folders API Service","3448","3644","rjaf-PC4429","S-1-5-18","9/10/2015 3:29:58 AM",,,"c:\users\mac_1\desktop\winevt\logs\microsoft-windows-known folders api service.evtx","System.UInt32[]","System.Diagnostics.Eventing.Reader.EventBookmark","Warning","Info",,"System.Collections.ObjectModel.ReadOnlyCollection`1[System.String]","System.Collections.Generic.List`1[System.Diagnostics.Eventing.Reader.EventProperty]"
"Error 0x80070002 occurred while verifying known folder {1777F761-68AD-4D8A-87BD-30B759FA33DD} with path 'C:\Windows\system32\config\systemprofile\Favorites'.","1002","0",,"3","0","0","-9223372036854775808","4361","Microsoft-Windows-KnownFolders","8939299f-2315-4c5c-9b91-abb86aa0627d","Microsoft-Windows-Known Folders API Service","3448","3644","rjaf-PC4429","S-1-5-18","9/10/2015 3:29:58 AM",,,"c:\users\mac_1\desktop\winevt\logs\microsoft-windows-known folders api service.evtx","System.UInt32[]","System.Diagnostics.Eventing.Reader.EventBookmark","Warning","Info",,"System.Collections.ObjectModel.ReadOnlyCollection`1[System.String]","System.Collections.Generic.List`1[System.Diagnostics.Eventing.Reader.EventProperty]"
"Error 0x80070002 occurred while verifying known folder {B4BFCC3A-DB2C-424C-B029-7FE99A87C641} with path 'C:\Windows\system32\config\systemprofile\Desktop'.","1002","0",,"3","0","0","-9223372036854775808","4360","Microsoft-Windows-KnownFolders","8939299f-2315-4c5c-9b91-abb86aa0627d","Microsoft-Windows-Known Folders API Service","3980","3456","rjaf-PC4429","S-1-5-18","9/3/2015 2:23:59 AM",,,"c:\users\mac_1\desktop\winevt\logs\microsoft-windows-known folders api service.evtx","System.UInt32[]","System.Diagnostics.Eventing.Reader.EventBookmark","Warning","Info",,"System.Collections.ObjectModel.ReadOnlyCollection`1[System.String]","System.Collections.Generic.List`1[System.Diagnostics.Eventing.Reader.EventProperty]"
"Error 0x80070002 occurred while verifying known folder {FDD39AD0-238F-46AF-ADB4-6C85480369C7} with path 'C:\Windows\system32\config\systemprofile\Documents'.","1002","0",,"3","0","0","-9223372036854775808","4359","Microsoft-Windows-KnownFolders","8939299f-2315-4c5c-9b91-abb86aa0627d","Microsoft-Windows-Known Folders API Service","3980","3456","rjaf-PC4429","S-1-5-18","9/3/2015 2:23:59 AM",,,"c:\users\mac_1\desktop\winevt\logs\microsoft-windows-known folders api service.evtx","System.UInt32[]","System.Diagnostics.Eventing.Reader.EventBookmark","Warning","Info",,"System.Collections.ObjectModel.ReadOnlyCollection`1[System.String]","System.Collections.Generic.List`1[System.Diagnostics.Eventing.Reader.EventProperty]"
"Error 0x80070002 occurred while verifying known folder {625B53C3-AB48-4EC1-BA1F-A1EF4146FC19} with path 'C:\Windows\system32\config\systemprofile\AppData\Roaming\Microsoft\Windows\Start Menu'.","1002","0",,"3","0","0","-9223372036854775808","4358","Microsoft-Windows-KnownFolders","8939299f-2315-4c5c-9b91-abb86aa0627d","Microsoft-Windows-Known Folders API Service","3980","3456","rjaf-PC4429","S-1-5-18","9/3/2015 2:23:59 AM",,,"c:\users\mac_1\desktop\winevt\logs\microsoft-windows-known folders api service.evtx","System.UInt32[]","System.Diagnostics.Eventing.Reader.EventBookmark","Warning","Info",,"System.Collections.ObjectModel.ReadOnlyCollection`1[System.String]","System.Collections.Generic.List`1[System.Diagnostics.Eventing.Reader.EventProperty]"
"Error 0x80070002 occurred while verifying known folder {1777F761-68AD-4D8A-87BD-30B759FA33DD} with path 'C:\Windows\system32\config\systemprofile\Favorites'.","1002","0",,"3","0","0","-9223372036854775808","4357","Microsoft-Windows-KnownFolders","8939299f-2315-4c5c-9b91-abb86aa0627d","Microsoft-Windows-Known Folders API Service","3980","3456","rjaf-PC4429","S-1-5-18","9/3/2015 2:23:59 AM",,,"c:\users\mac_1\desktop\winevt\logs\microsoft-windows-known folders api service.evtx","System.UInt32[]","System.Diagnostics.Eventing.Reader.EventBookmark","Warning","Info",,"System.Collections.ObjectModel.ReadOnlyCollection`1[System.String]","System.Collections.Generic.List`1[System.Diagnostics.Eventing.Reader.EventProperty]"
"Error 0x80070002 occurred while verifying known folder {B4BFCC3A-DB2C-424C-B029-7FE99A87C641} with path 'C:\Windows\system32\config\systemprofile\Desktop'.","1002","0",,"3","0","0","-9223372036854775808","4356","Microsoft-Windows-KnownFolders","8939299f-2315-4c5c-9b91-abb86aa0627d","Microsoft-Windows-Known Folders API Service","3360","3548","rjaf-PC4429","S-1-5-18","8/24/2015 4:43:55 AM",,,"c:\users\mac_1\desktop\winevt\logs\microsoft-windows-known folders api service.evtx","System.UInt32[]","System.Diagnostics.Eventing.Reader.EventBookmark","Warning","Info",,"System.Collections.ObjectModel.ReadOnlyCollection`1[System.String]","System.Collections.Generic.List`1[System.Diagnostics.Eventing.Reader.EventProperty]"
"Error 0x80070002 occurred while verifying known folder {FDD39AD0-238F-46AF-ADB4-6C85480369C7} with path 'C:\Windows\system32\config\systemprofile\Documents'.","1002","0",,"3","0","0","-9223372036854775808","4355","Microsoft-Windows-KnownFolders","8939299f-2315-4c5c-9b91-abb86aa0627d","Microsoft-Windows-Known Folders API Service","3360","3548","rjaf-PC4429","S-1-5-18","8/24/2015 4:43:55 AM",,,"c:\users\mac_1\desktop\winevt\logs\microsoft-windows-known folders api service.evtx","System.UInt32[]","System.Diagnostics.Eventing.Reader.EventBookmark","Warning","Info",,"System.Collections.ObjectModel.ReadOnlyCollection`1[System.String]","System.Collections.Generic.List`1[System.Diagnostics.Eventing.Reader.EventProperty]"
"Error 0x80070002 occurred while verifying known folder {625B53C3-AB48-4EC1-BA1F-A1EF4146FC19} with path 'C:\Windows\system32\config\systemprofile\AppData\Roaming\Microsoft\Windows\Start Menu'.","1002","0",,"3","0","0","-9223372036854775808","4354","Microsoft-Windows-KnownFolders","8939299f-2315-4c5c-9b91-abb86aa0627d","Microsoft-Windows-Known Folders API Service","3360","3548","rjaf-PC4429","S-1-5-18","8/24/2015 4:43:55 AM",,,"c:\users\mac_1\desktop\winevt\logs\microsoft-windows-known folders api service.evtx","System.UInt32[]","System.Diagnostics.Eventing.Reader.EventBookmark","Warning","Info",,"System.Collections.ObjectModel.ReadOnlyCollection`1[System.String]","System.Collections.Generic.List`1[System.Diagnostics.Eventing.Reader.EventProperty]"
"Error 0x80070002 occurred while verifying known folder {1777F761-68AD-4D8A-87BD-30B759FA33DD} with path 'C:\Windows\system32\config\systemprofile\Favorites'.","1002","0",,"3","0","0","-9223372036854775808","4353","Microsoft-Windows-KnownFolders","8939299f-2315-4c5c-9b91-abb86aa0627d","Microsoft-Windows-Known Folders API Service","3360","3548","rjaf-PC4429","S-1-5-18","8/24/2015 4:43:55 AM",,,"c:\users\mac_1\desktop\winevt\logs\microsoft-windows-known folders api service.evtx","System.UInt32[]","System.Diagnostics.Eventing.Reader.EventBookmark","Warning","Info",,"System.Collections.ObjectModel.ReadOnlyCollection`1[System.String]","System.Collections.Generic.List`1[System.Diagnostics.Eventing.Reader.EventProperty]"
"Error 0x80070002 occurred while verifying known folder {B4BFCC3A-DB2C-424C-B029-7FE99A87C641} with path 'C:\Windows\system32\config\systemprofile\Desktop'.","1002","0",,"3","0","0","-9223372036854775808","4352","Microsoft-Windows-KnownFolders","8939299f-2315-4c5c-9b91-abb86aa0627d","Microsoft-Windows-Known Folders API Service","5460","4168","rjaf-PC4429","S-1-5-18","8/16/2015 5:07:41 PM",,,"c:\users\mac_1\desktop\winevt\logs\microsoft-windows-known folders api service.evtx","System.UInt32[]","System.Diagnostics.Eventing.Reader.EventBookmark","Warning","Info",,"System.Collections.ObjectModel.ReadOnlyCollection`1[System.String]","System.Collections.Generic.List`1[System.Diagnostics.Eventing.Reader.EventProperty]"
"Error 0x80070003 occurred while verifying known folder {A77F5D77-2E2B-44C3-A6A2-ABA601054A51} with path 'C:\Windows\system32\config\systemprofile\AppData\Roaming\Microsoft\Windows\Start Menu\Programs'.","1002","0",,"3","0","0","-9223372036854775808","4351","Microsoft-Windows-KnownFolders","8939299f-2315-4c5c-9b91-abb86aa0627d","Microsoft-Windows-Known Folders API Service","5460","4168","rjaf-PC4429","S-1-5-18","8/16/2015 5:07:41 PM",,,"c:\users\mac_1\desktop\winevt\logs\microsoft-windows-known folders api service.evtx","System.UInt32[]","System.Diagnostics.Eventing.Reader.EventBookmark","Warning","Info",,"System.Collections.ObjectModel.ReadOnlyCollection`1[System.String]","System.Collections.Generic.List`1[System.Diagnostics.Eventing.Reader.EventProperty]"
"Error 0x80070002 occurred while verifying known folder {FDD39AD0-238F-46AF-ADB4-6C85480369C7} with path 'C:\Windows\system32\config\systemprofile\Documents'.","1002","0",,"3","0","0","-9223372036854775808","4350","Microsoft-Windows-KnownFolders","8939299f-2315-4c5c-9b91-abb86aa0627d","Microsoft-Windows-Known Folders API Service","5460","4168","rjaf-PC4429","S-1-5-18","8/16/2015 5:07:41 PM",,,"c:\users\mac_1\desktop\winevt\logs\microsoft-windows-known folders api service.evtx","System.UInt32[]","System.Diagnostics.Eventing.Reader.EventBookmark","Warning","Info",,"System.Collections.ObjectModel.ReadOnlyCollection`1[System.String]","System.Collections.Generic.List`1[System.Diagnostics.Eventing.Reader.EventProperty]"
"Error 0x80070002 occurred while verifying known folder {625B53C3-AB48-4EC1-BA1F-A1EF4146FC19} with path 'C:\Windows\system32\config\systemprofile\AppData\Roaming\Microsoft\Windows\Start Menu'.","1002","0",,"3","0","0","-9223372036854775808","4349","Microsoft-Windows-KnownFolders","8939299f-2315-4c5c-9b91-abb86aa0627d","Microsoft-Windows-Known Folders API Service","5460","4168","rjaf-PC4429","S-1-5-18","8/16/2015 5:07:41 PM",,,"c:\users\mac_1\desktop\winevt\logs\microsoft-windows-known folders api service.evtx","System.UInt32[]","System.Diagnostics.Eventing.Reader.EventBookmark","Warning","Info",,"System.Collections.ObjectModel.ReadOnlyCollection`1[System.String]","System.Collections.Generic.List`1[System.Diagnostics.Eventing.Reader.EventProperty]"
"Error 0x80070003 occurred while verifying known folder {B97D20BB-F46A-4C97-BA10-5E3608430854} with path 'C:\Windows\system32\config\systemprofile\AppData\Roaming\Microsoft\Windows\Start Menu\Programs\Startup'.","1002","0",,"3","0","0","-9223372036854775808","4348","Microsoft-Windows-KnownFolders","8939299f-2315-4c5c-9b91-abb86aa0627d","Microsoft-Windows-Known Folders API Service","5460","4168","rjaf-PC4429","S-1-5-18","8/16/2015 5:07:41 PM",,,"c:\users\mac_1\desktop\winevt\logs\microsoft-windows-known folders api service.evtx","System.UInt32[]","System.Diagnostics.Eventing.Reader.EventBookmark","Warning","Info",,"System.Collections.ObjectModel.ReadOnlyCollection`1[System.String]","System.Collections.Generic.List`1[System.Diagnostics.Eventing.Reader.EventProperty]"
"Error 0x80070002 occurred while verifying known folder {B4BFCC3A-DB2C-424C-B029-7FE99A87C641} with path 'C:\Windows\system32\config\systemprofile\Desktop'.","1002","0",,"3","0","0","-9223372036854775808","4347","Microsoft-Windows-KnownFolders","8939299f-2315-4c5c-9b91-abb86aa0627d","Microsoft-Windows-Known Folders API Service","4724","1476","rjaf-PC4429","S-1-5-18","8/16/2015 5:06:00 PM",,,"c:\users\mac_1\desktop\winevt\logs\microsoft-windows-known folders api service.evtx","System.UInt32[]","System.Diagnostics.Eventing.Reader.EventBookmark","Warning","Info",,"System.Collections.ObjectModel.ReadOnlyCollection`1[System.String]","System.Collections.Generic.List`1[System.Diagnostics.Eventing.Reader.EventProperty]"
"Error 0x80070002 occurred while verifying known folder {625B53C3-AB48-4EC1-BA1F-A1EF4146FC19} with path 'C:\Windows\system32\config\systemprofile\AppData\Roaming\Microsoft\Windows\Start Menu'.","1002","0",,"3","0","0","-9223372036854775808","4346","Microsoft-Windows-KnownFolders","8939299f-2315-4c5c-9b91-abb86aa0627d","Microsoft-Windows-Known Folders API Service","4724","1476","rjaf-PC4429","S-1-5-18","8/16/2015 5:06:00 PM",,,"c:\users\mac_1\desktop\winevt\logs\microsoft-windows-known folders api service.evtx","System.UInt32[]","System.Diagnostics.Eventing.Reader.EventBookmark","Warning","Info",,"System.Collections.ObjectModel.ReadOnlyCollection`1[System.String]","System.Collections.Generic.List`1[System.Diagnostics.Eventing.Reader.EventProperty]"
"Error 0x80070002 occurred while verifying known folder {B4BFCC3A-DB2C-424C-B029-7FE99A87C641} with path 'C:\Windows\system32\config\systemprofile\Desktop'.","1002","0",,"3","0","0","-9223372036854775808","4345","Microsoft-Windows-KnownFolders","8939299f-2315-4c5c-9b91-abb86aa0627d","Microsoft-Windows-Known Folders API Service","4880","608","rjaf-PC4429","S-1-5-18","8/16/2015 5:06:00 PM",,,"c:\users\mac_1\desktop\winevt\logs\microsoft-windows-known folders api service.evtx","System.UInt32[]","System.Diagnostics.Eventing.Reader.EventBookmark","Warning","Info",,"System.Collections.ObjectModel.ReadOnlyCollection`1[System.String]","System.Collections.Generic.List`1[System.Diagnostics.Eventing.Reader.EventProperty]"
"Error 0x80070003 occurred while verifying known folder {A77F5D77-2E2B-44C3-A6A2-ABA601054A51} with path 'C:\Windows\system32\config\systemprofile\AppData\Roaming\Microsoft\Windows\Start Menu\Programs'.","1002","0",,"3","0","0","-9223372036854775808","4344","Microsoft-Windows-KnownFolders","8939299f-2315-4c5c-9b91-abb86aa0627d","Microsoft-Windows-Known Folders API Service","4880","608","rjaf-PC4429","S-1-5-18","8/16/2015 5:06:00 PM",,,"c:\users\mac_1\desktop\winevt\logs\microsoft-windows-known folders api service.evtx","System.UInt32[]","System.Diagnostics.Eventing.Reader.EventBookmark","Warning","Info",,"System.Collections.ObjectModel.ReadOnlyCollection`1[System.String]","System.Collections.Generic.List`1[System.Diagnostics.Eventing.Reader.EventProperty]"
"Error 0x80070002 occurred while verifying known folder {FDD39AD0-238F-46AF-ADB4-6C85480369C7} with path 'C:\Windows\system32\config\systemprofile\Documents'.","1002","0",,"3","0","0","-9223372036854775808","4343","Microsoft-Windows-KnownFolders","8939299f-2315-4c5c-9b91-abb86aa0627d","Microsoft-Windows-Known Folders API Service","4880","608","rjaf-PC4429","S-1-5-18","8/16/2015 5:06:00 PM",,,"c:\users\mac_1\desktop\winevt\logs\microsoft-windows-known folders api service.evtx","System.UInt32[]","System.Diagnostics.Eventing.Reader.EventBookmark","Warning","Info",,"System.Collections.ObjectModel.ReadOnlyCollection`1[System.String]","System.Collections.Generic.List`1[System.Diagnostics.Eventing.Reader.EventProperty]"
"Error 0x80070002 occurred while verifying known folder {625B53C3-AB48-4EC1-BA1F-A1EF4146FC19} with path 'C:\Windows\system32\config\systemprofile\AppData\Roaming\Microsoft\Windows\Start Menu'.","1002","0",,"3","0","0","-9223372036854775808","4342","Microsoft-Windows-KnownFolders","8939299f-2315-4c5c-9b91-abb86aa0627d","Microsoft-Windows-Known Folders API Service","4880","608","rjaf-PC4429","S-1-5-18","8/16/2015 5:06:00 PM",,,"c:\users\mac_1\desktop\winevt\logs\microsoft-windows-known folders api service.evtx","System.UInt32[]","System.Diagnostics.Eventing.Reader.EventBookmark","Warning","Info",,"System.Collections.ObjectModel.ReadOnlyCollection`1[System.String]","System.Collections.Generic.List`1[System.Diagnostics.Eventing.Reader.EventProperty]"
"Error 0x80070003 occurred while verifying known folder {B97D20BB-F46A-4C97-BA10-5E3608430854} with path 'C:\Windows\system32\config\systemprofile\AppData\Roaming\Microsoft\Windows\Start Menu\Programs\Startup'.","1002","0",,"3","0","0","-9223372036854775808","4341","Microsoft-Windows-KnownFolders","8939299f-2315-4c5c-9b91-abb86aa0627d","Microsoft-Windows-Known Folders API Service","4880","608","rjaf-PC4429","S-1-5-18","8/16/2015 5:06:00 PM",,,"c:\users\mac_1\desktop\winevt\logs\microsoft-windows-known folders api service.evtx","System.UInt32[]","System.Diagnostics.Eventing.Reader.EventBookmark","Warning","Info",,"System.Collections.ObjectModel.ReadOnlyCollection`1[System.String]","System.Collections.Generic.List`1[System.Diagnostics.Eventing.Reader.EventProperty]"
"Error 0x80070002 occurred while verifying known folder {B4BFCC3A-DB2C-424C-B029-7FE99A87C641} with path 'C:\Windows\system32\config\systemprofile\Desktop'.","1002","0",,"3","0","0","-9223372036854775808","4340","Microsoft-Windows-KnownFolders","8939299f-2315-4c5c-9b91-abb86aa0627d","Microsoft-Windows-Known Folders API Service","3528","1504","rjaf-PC4429","S-1-5-18","8/16/2015 4:12:00 AM",,,"c:\users\mac_1\desktop\winevt\logs\microsoft-windows-known folders api service.evtx","System.UInt32[]","System.Diagnostics.Eventing.Reader.EventBookmark","Warning","Info",,"System.Collections.ObjectModel.ReadOnlyCollection`1[System.String]","System.Collections.Generic.List`1[System.Diagnostics.Eventing.Reader.EventProperty]"
"Error 0x80070003 occurred while verifying known folder {A77F5D77-2E2B-44C3-A6A2-ABA601054A51} with path 'C:\Windows\system32\config\systemprofile\AppData\Roaming\Microsoft\Windows\Start Menu\Programs'.","1002","0",,"3","0","0","-9223372036854775808","4339","Microsoft-Windows-KnownFolders","8939299f-2315-4c5c-9b91-abb86aa0627d","Microsoft-Windows-Known Folders API Service","3528","1504","rjaf-PC4429","S-1-5-18","8/16/2015 4:12:00 AM",,,"c:\users\mac_1\desktop\winevt\logs\microsoft-windows-known folders api service.evtx","System.UInt32[]","System.Diagnostics.Eventing.Reader.EventBookmark","Warning","Info",,"System.Collections.ObjectModel.ReadOnlyCollection`1[System.String]","System.Collections.Generic.List`1[System.Diagnostics.Eventing.Reader.EventProperty]"
"Error 0x80070002 occurred while verifying known folder {FDD39AD0-238F-46AF-ADB4-6C85480369C7} with path 'C:\Windows\system32\config\systemprofile\Documents'.","1002","0",,"3","0","0","-9223372036854775808","4338","Microsoft-Windows-KnownFolders","8939299f-2315-4c5c-9b91-abb86aa0627d","Microsoft-Windows-Known Folders API Service","3528","1504","rjaf-PC4429","S-1-5-18","8/16/2015 4:12:00 AM",,,"c:\users\mac_1\desktop\winevt\logs\microsoft-windows-known folders api service.evtx","System.UInt32[]","System.Diagnostics.Eventing.Reader.EventBookmark","Warning","Info",,"System.Collections.ObjectModel.ReadOnlyCollection`1[System.String]","System.Collections.Generic.List`1[System.Diagnostics.Eventing.Reader.EventProperty]"
"Error 0x80070002 occurred while verifying known folder {625B53C3-AB48-4EC1-BA1F-A1EF4146FC19} with path 'C:\Windows\system32\config\systemprofile\AppData\Roaming\Microsoft\Windows\Start Menu'.","1002","0",,"3","0","0","-9223372036854775808","4337","Microsoft-Windows-KnownFolders","8939299f-2315-4c5c-9b91-abb86aa0627d","Microsoft-Windows-Known Folders API Service","3528","1504","rjaf-PC4429","S-1-5-18","8/16/2015 4:12:00 AM",,,"c:\users\mac_1\desktop\winevt\logs\microsoft-windows-known folders api service.evtx","System.UInt32[]","System.Diagnostics.Eventing.Reader.EventBookmark","Warning","Info",,"System.Collections.ObjectModel.ReadOnlyCollection`1[System.String]","System.Collections.Generic.List`1[System.Diagnostics.Eventing.Reader.EventProperty]"
"Error 0x80070003 occurred while verifying known folder {B97D20BB-F46A-4C97-BA10-5E3608430854} with path 'C:\Windows\system32\config\systemprofile\AppData\Roaming\Microsoft\Windows\Start Menu\Programs\Startup'.","1002","0",,"3","0","0","-9223372036854775808","4336","Microsoft-Windows-KnownFolders","8939299f-2315-4c5c-9b91-abb86aa0627d","Microsoft-Windows-Known Folders API Service","3528","1504","rjaf-PC4429","S-1-5-18","8/16/2015 4:12:00 AM",,,"c:\users\mac_1\desktop\winevt\logs\microsoft-windows-known folders api service.evtx","System.UInt32[]","System.Diagnostics.Eventing.Reader.EventBookmark","Warning","Info",,"System.Collections.ObjectModel.ReadOnlyCollection`1[System.String]","System.Collections.Generic.List`1[System.Diagnostics.Eventing.Reader.EventProperty]"
"Error 0x80070002 occurred while verifying known folder {B4BFCC3A-DB2C-424C-B029-7FE99A87C641} with path 'C:\Windows\system32\config\systemprofile\Desktop'.","1002","0",,"3","0","0","-9223372036854775808","4335","Microsoft-Windows-KnownFolders","8939299f-2315-4c5c-9b91-abb86aa0627d","Microsoft-Windows-Known Folders API Service","3244","3316","rjaf-PC4429","S-1-5-18","8/16/2015 4:08:24 AM",,,"c:\users\mac_1\desktop\winevt\logs\microsoft-windows-known folders api service.evtx","System.UInt32[]","System.Diagnostics.Eventing.Reader.EventBookmark","Warning","Info",,"System.Collections.ObjectModel.ReadOnlyCollection`1[System.String]","System.Collections.Generic.List`1[System.Diagnostics.Eventing.Reader.EventProperty]"
"Error 0x80070002 occurred while verifying known folder {FDD39AD0-238F-46AF-ADB4-6C85480369C7} with path 'C:\Windows\system32\config\systemprofile\Documents'.","1002","0",,"3","0","0","-9223372036854775808","4334","Microsoft-Windows-KnownFolders","8939299f-2315-4c5c-9b91-abb86aa0627d","Microsoft-Windows-Known Folders API Service","3244","3316","rjaf-PC4429","S-1-5-18","8/16/2015 4:08:24 AM",,,"c:\users\mac_1\desktop\winevt\logs\microsoft-windows-known folders api service.evtx","System.UInt32[]","System.Diagnostics.Eventing.Reader.EventBookmark","Warning","Info",,"System.Collections.ObjectModel.ReadOnlyCollection`1[System.String]","System.Collections.Generic.List`1[System.Diagnostics.Eventing.Reader.EventProperty]"
"Error 0x80070002 occurred while verifying known folder {625B53C3-AB48-4EC1-BA1F-A1EF4146FC19} with path 'C:\Windows\system32\config\systemprofile\AppData\Roaming\Microsoft\Windows\Start Menu'.","1002","0",,"3","0","0","-9223372036854775808","4333","Microsoft-Windows-KnownFolders","8939299f-2315-4c5c-9b91-abb86aa0627d","Microsoft-Windows-Known Folders API Service","3244","3316","rjaf-PC4429","S-1-5-18","8/16/2015 4:08:24 AM",,,"c:\users\mac_1\desktop\winevt\logs\microsoft-windows-known folders api service.evtx","System.UInt32[]","System.Diagnostics.Eventing.Reader.EventBookmark","Warning","Info",,"System.Collections.ObjectModel.ReadOnlyCollection`1[System.String]","System.Collections.Generic.List`1[System.Diagnostics.Eventing.Reader.EventProperty]"
"Error 0x80070002 occurred while verifying known folder {1777F761-68AD-4D8A-87BD-30B759FA33DD} with path 'C:\Windows\system32\config\systemprofile\Favorites'.","1002","0",,"3","0","0","-9223372036854775808","4332","Microsoft-Windows-KnownFolders","8939299f-2315-4c5c-9b91-abb86aa0627d","Microsoft-Windows-Known Folders API Service","3244","3316","rjaf-PC4429","S-1-5-18","8/16/2015 4:08:24 AM",,,"c:\users\mac_1\desktop\winevt\logs\microsoft-windows-known folders api service.evtx","System.UInt32[]","System.Diagnostics.Eventing.Reader.EventBookmark","Warning","Info",,"System.Collections.ObjectModel.ReadOnlyCollection`1[System.String]","System.Collections.Generic.List`1[System.Diagnostics.Eventing.Reader.EventProperty]"
"Error 0x80070002 occurred while verifying known folder {B4BFCC3A-DB2C-424C-B029-7FE99A87C641} with path 'C:\Windows\system32\config\systemprofile\Desktop'.","1002","0",,"3","0","0","-9223372036854775808","4331","Microsoft-Windows-KnownFolders","8939299f-2315-4c5c-9b91-abb86aa0627d","Microsoft-Windows-Known Folders API Service","316","2000","rjaf-PC4429","S-1-5-18","8/16/2015 4:08:15 AM",,,"c:\users\mac_1\desktop\winevt\logs\microsoft-windows-known folders api service.evtx","System.UInt32[]","System.Diagnostics.Eventing.Reader.EventBookmark","Warning","Info",,"System.Collections.ObjectModel.ReadOnlyCollection`1[System.String]","System.Collections.Generic.List`1[System.Diagnostics.Eventing.Reader.EventProperty]"
"Error 0x80070002 occurred while verifying known folder {625B53C3-AB48-4EC1-BA1F-A1EF4146FC19} with path 'C:\Windows\system32\config\systemprofile\AppData\Roaming\Microsoft\Windows\Start Menu'.","1002","0",,"3","0","0","-9223372036854775808","4330","Microsoft-Windows-KnownFolders","8939299f-2315-4c5c-9b91-abb86aa0627d","Microsoft-Windows-Known Folders API Service","316","2000","rjaf-PC4429","S-1-5-18","8/16/2015 4:08:15 AM",,,"c:\users\mac_1\desktop\winevt\logs\microsoft-windows-known folders api service.evtx","System.UInt32[]","System.Diagnostics.Eventing.Reader.EventBookmark","Warning","Info",,"System.Collections.ObjectModel.ReadOnlyCollection`1[System.String]","System.Collections.Generic.List`1[System.Diagnostics.Eventing.Reader.EventProperty]"
"Error 0x80070002 occurred while verifying known folder {B4BFCC3A-DB2C-424C-B029-7FE99A87C641} with path 'C:\Windows\system32\config\systemprofile\Desktop'.","1002","0",,"3","0","0","-9223372036854775808","4329","Microsoft-Windows-KnownFolders","8939299f-2315-4c5c-9b91-abb86aa0627d","Microsoft-Windows-Known Folders API Service","4016","2532","rjaf-PC4429","S-1-5-18","8/16/2015 4:08:14 AM",,,"c:\users\mac_1\desktop\winevt\logs\microsoft-windows-known folders api service.evtx","System.UInt32[]","System.Diagnostics.Eventing.Reader.EventBookmark","Warning","Info",,"System.Collections.ObjectModel.ReadOnlyCollection`1[System.String]","System.Collections.Generic.List`1[System.Diagnostics.Eventing.Reader.EventProperty]"
"Error 0x80070003 occurred while verifying known folder {A77F5D77-2E2B-44C3-A6A2-ABA601054A51} with path 'C:\Windows\system32\config\systemprofile\AppData\Roaming\Microsoft\Windows\Start Menu\Programs'.","1002","0",,"3","0","0","-9223372036854775808","4328","Microsoft-Windows-KnownFolders","8939299f-2315-4c5c-9b91-abb86aa0627d","Microsoft-Windows-Known Folders API Service","4016","2532","rjaf-PC4429","S-1-5-18","8/16/2015 4:08:14 AM",,,"c:\users\mac_1\desktop\winevt\logs\microsoft-windows-known folders api service.evtx","System.UInt32[]","System.Diagnostics.Eventing.Reader.EventBookmark","Warning","Info",,"System.Collections.ObjectModel.ReadOnlyCollection`1[System.String]","System.Collections.Generic.List`1[System.Diagnostics.Eventing.Reader.EventProperty]"
"Error 0x80070002 occurred while verifying known folder {FDD39AD0-238F-46AF-ADB4-6C85480369C7} with path 'C:\Windows\system32\config\systemprofile\Documents'.","1002","0",,"3","0","0","-9223372036854775808","4327","Microsoft-Windows-KnownFolders","8939299f-2315-4c5c-9b91-abb86aa0627d","Microsoft-Windows-Known Folders API Service","4016","2532","rjaf-PC4429","S-1-5-18","8/16/2015 4:08:14 AM",,,"c:\users\mac_1\desktop\winevt\logs\microsoft-windows-known folders api service.evtx","System.UInt32[]","System.Diagnostics.Eventing.Reader.EventBookmark","Warning","Info",,"System.Collections.ObjectModel.ReadOnlyCollection`1[System.String]","System.Collections.Generic.List`1[System.Diagnostics.Eventing.Reader.EventProperty]"
"Error 0x80070002 occurred while verifying known folder {625B53C3-AB48-4EC1-BA1F-A1EF4146FC19} with path 'C:\Windows\system32\config\systemprofile\AppData\Roaming\Microsoft\Windows\Start Menu'.","1002","0",,"3","0","0","-9223372036854775808","4326","Microsoft-Windows-KnownFolders","8939299f-2315-4c5c-9b91-abb86aa0627d","Microsoft-Windows-Known Folders API Service","4016","2532","rjaf-PC4429","S-1-5-18","8/16/2015 4:08:14 AM",,,"c:\users\mac_1\desktop\winevt\logs\microsoft-windows-known folders api service.evtx","System.UInt32[]","System.Diagnostics.Eventing.Reader.EventBookmark","Warning","Info",,"System.Collections.ObjectModel.ReadOnlyCollection`1[System.String]","System.Collections.Generic.List`1[System.Diagnostics.Eventing.Reader.EventProperty]"
"Error 0x80070003 occurred while verifying known folder {B97D20BB-F46A-4C97-BA10-5E3608430854} with path 'C:\Windows\system32\config\systemprofile\AppData\Roaming\Microsoft\Windows\Start Menu\Programs\Startup'.","1002","0",,"3","0","0","-9223372036854775808","4325","Microsoft-Windows-KnownFolders","8939299f-2315-4c5c-9b91-abb86aa0627d","Microsoft-Windows-Known Folders API Service","4016","2532","rjaf-PC4429","S-1-5-18","8/16/2015 4:08:14 AM",,,"c:\users\mac_1\desktop\winevt\logs\microsoft-windows-known folders api service.evtx","System.UInt32[]","System.Diagnostics.Eventing.Reader.EventBookmark","Warning","Info",,"System.Collections.ObjectModel.ReadOnlyCollection`1[System.String]","System.Collections.Generic.List`1[System.Diagnostics.Eventing.Reader.EventProperty]"
"Error 0x80070002 occurred while verifying known folder {AE50C081-EBD2-438A-8655-8A092E34987A} with path 'C:\Windows\system32\config\systemprofile\AppData\Roaming\Microsoft\Windows\Recent'.","1002","0",,"3","0","0","-9223372036854775808","4324","Microsoft-Windows-KnownFolders","8939299f-2315-4c5c-9b91-abb86aa0627d","Microsoft-Windows-Known Folders API Service","2900","216","rjaf-PC4429","S-1-5-18","8/16/2015 4:08:10 AM",,,"c:\users\mac_1\desktop\winevt\logs\microsoft-windows-known folders api service.evtx","System.UInt32[]","System.Diagnostics.Eventing.Reader.EventBookmark","Warning","Info",,"System.Collections.ObjectModel.ReadOnlyCollection`1[System.String]","System.Collections.Generic.List`1[System.Diagnostics.Eventing.Reader.EventProperty]"
"Error 0x80070002 occurred while verifying known folder {B4BFCC3A-DB2C-424C-B029-7FE99A87C641} with path 'C:\Windows\system32\config\systemprofile\Desktop'.","1002","0",,"3","0","0","-9223372036854775808","4323","Microsoft-Windows-KnownFolders","8939299f-2315-4c5c-9b91-abb86aa0627d","Microsoft-Windows-Known Folders API Service","2900","216","rjaf-PC4429","S-1-5-18","8/16/2015 4:08:10 AM",,,"c:\users\mac_1\desktop\winevt\logs\microsoft-windows-known folders api service.evtx","System.UInt32[]","System.Diagnostics.Eventing.Reader.EventBookmark","Warning","Info",,"System.Collections.ObjectModel.ReadOnlyCollection`1[System.String]","System.Collections.Generic.List`1[System.Diagnostics.Eventing.Reader.EventProperty]"
"Error 0x80070003 occurred while verifying known folder {7B0DB17D-9CD2-4A93-9733-46CC89022E7C} with path 'C:\Users\Administrator\AppData\Roaming\Microsoft\Windows\Libraries\Documents.library-ms'.","1002","0",,"3","0","0","-9223372036854775808","4322","Microsoft-Windows-KnownFolders","8939299f-2315-4c5c-9b91-abb86aa0627d","Microsoft-Windows-Known Folders API Service","2308","2536","rjaf-PC4429","S-1-5-21-1634558665-2257203147-3060767804-500","8/16/2015 4:07:54 AM",,,"c:\users\mac_1\desktop\winevt\logs\microsoft-windows-known folders api service.evtx","System.UInt32[]","System.Diagnostics.Eventing.Reader.EventBookmark","Warning","Info",,"System.Collections.ObjectModel.ReadOnlyCollection`1[System.String]","System.Collections.Generic.List`1[System.Diagnostics.Eventing.Reader.EventProperty]"
"Error 0x80070002 occurred while verifying known folder {B4BFCC3A-DB2C-424C-B029-7FE99A87C641} with path 'C:\Windows\system32\config\systemprofile\Desktop'.","1002","0",,"3","0","0","-9223372036854775808","4321","Microsoft-Windows-KnownFolders","8939299f-2315-4c5c-9b91-abb86aa0627d","Microsoft-Windows-Known Folders API Service","4084","3196","rjaf-PC4429","S-1-5-18","8/16/2015 12:36:23 AM",,,"c:\users\mac_1\desktop\winevt\logs\microsoft-windows-known folders api service.evtx","System.UInt32[]","System.Diagnostics.Eventing.Reader.EventBookmark","Warning","Info",,"System.Collections.ObjectModel.ReadOnlyCollection`1[System.String]","System.Collections.Generic.List`1[System.Diagnostics.Eventing.Reader.EventProperty]"
"Error 0x80070003 occurred while verifying known folder {A77F5D77-2E2B-44C3-A6A2-ABA601054A51} with path 'C:\Windows\system32\config\systemprofile\AppData\Roaming\Microsoft\Windows\Start Menu\Programs'.","1002","0",,"3","0","0","-9223372036854775808","4320","Microsoft-Windows-KnownFolders","8939299f-2315-4c5c-9b91-abb86aa0627d","Microsoft-Windows-Known Folders API Service","4084","3196","rjaf-PC4429","S-1-5-18","8/16/2015 12:36:23 AM",,,"c:\users\mac_1\desktop\winevt\logs\microsoft-windows-known folders api service.evtx","System.UInt32[]","System.Diagnostics.Eventing.Reader.EventBookmark","Warning","Info",,"System.Collections.ObjectModel.ReadOnlyCollection`1[System.String]","System.Collections.Generic.List`1[System.Diagnostics.Eventing.Reader.EventProperty]"
"Error 0x80070002 occurred while verifying known folder {FDD39AD0-238F-46AF-ADB4-6C85480369C7} with path 'C:\Windows\system32\config\systemprofile\Documents'.","1002","0",,"3","0","0","-9223372036854775808","4319","Microsoft-Windows-KnownFolders","8939299f-2315-4c5c-9b91-abb86aa0627d","Microsoft-Windows-Known Folders API Service","4084","3196","rjaf-PC4429","S-1-5-18","8/16/2015 12:36:23 AM",,,"c:\users\mac_1\desktop\winevt\logs\microsoft-windows-known folders api service.evtx","System.UInt32[]","System.Diagnostics.Eventing.Reader.EventBookmark","Warning","Info",,"System.Collections.ObjectModel.ReadOnlyCollection`1[System.String]","System.Collections.Generic.List`1[System.Diagnostics.Eventing.Reader.EventProperty]"
"Error 0x80070002 occurred while verifying known folder {625B53C3-AB48-4EC1-BA1F-A1EF4146FC19} with path 'C:\Windows\system32\config\systemprofile\AppData\Roaming\Microsoft\Windows\Start Menu'.","1002","0",,"3","0","0","-9223372036854775808","4318","Microsoft-Windows-KnownFolders","8939299f-2315-4c5c-9b91-abb86aa0627d","Microsoft-Windows-Known Folders API Service","4084","3196","rjaf-PC4429","S-1-5-18","8/16/2015 12:36:23 AM",,,"c:\users\mac_1\desktop\winevt\logs\microsoft-windows-known folders api service.evtx","System.UInt32[]","System.Diagnostics.Eventing.Reader.EventBookmark","Warning","Info",,"System.Collections.ObjectModel.ReadOnlyCollection`1[System.String]","System.Collections.Generic.List`1[System.Diagnostics.Eventing.Reader.EventProperty]"
"Error 0x80070003 occurred while verifying known folder {B97D20BB-F46A-4C97-BA10-5E3608430854} with path 'C:\Windows\system32\config\systemprofile\AppData\Roaming\Microsoft\Windows\Start Menu\Programs\Startup'.","1002","0",,"3","0","0","-9223372036854775808","4317","Microsoft-Windows-KnownFolders","8939299f-2315-4c5c-9b91-abb86aa0627d","Microsoft-Windows-Known Folders API Service","4084","3196","rjaf-PC4429","S-1-5-18","8/16/2015 12:36:23 AM",,,"c:\users\mac_1\desktop\winevt\logs\microsoft-windows-known folders api service.evtx","System.UInt32[]","System.Diagnostics.Eventing.Reader.EventBookmark","Warning","Info",,"System.Collections.ObjectModel.ReadOnlyCollection`1[System.String]","System.Collections.Generic.List`1[System.Diagnostics.Eventing.Reader.EventProperty]"
"Error 0x80070002 occurred while verifying known folder {B4BFCC3A-DB2C-424C-B029-7FE99A87C641} with path 'C:\Windows\system32\config\systemprofile\Desktop'.","1002","0",,"3","0","0","-9223372036854775808","4316","Microsoft-Windows-KnownFolders","8939299f-2315-4c5c-9b91-abb86aa0627d","Microsoft-Windows-Known Folders API Service","3008","3164","rjaf-PC4429","S-1-5-18","8/16/2015 12:35:40 AM",,,"c:\users\mac_1\desktop\winevt\logs\microsoft-windows-known folders api service.evtx","System.UInt32[]","System.Diagnostics.Eventing.Reader.EventBookmark","Warning","Info",,"System.Collections.ObjectModel.ReadOnlyCollection`1[System.String]","System.Collections.Generic.List`1[System.Diagnostics.Eventing.Reader.EventProperty]"
"Error 0x80070002 occurred while verifying known folder {625B53C3-AB48-4EC1-BA1F-A1EF4146FC19} with path 'C:\Windows\system32\config\systemprofile\AppData\Roaming\Microsoft\Windows\Start Menu'.","1002","0",,"3","0","0","-9223372036854775808","4315","Microsoft-Windows-KnownFolders","8939299f-2315-4c5c-9b91-abb86aa0627d","Microsoft-Windows-Known Folders API Service","3008","3164","rjaf-PC4429","S-1-5-18","8/16/2015 12:35:40 AM",,,"c:\users\mac_1\desktop\winevt\logs\microsoft-windows-known folders api service.evtx","System.UInt32[]","System.Diagnostics.Eventing.Reader.EventBookmark","Warning","Info",,"System.Collections.ObjectModel.ReadOnlyCollection`1[System.String]","System.Collections.Generic.List`1[System.Diagnostics.Eventing.Reader.EventProperty]"
"Error 0x80070002 occurred while verifying known folder {B4BFCC3A-DB2C-424C-B029-7FE99A87C641} with path 'C:\Windows\system32\config\systemprofile\Desktop'.","1002","0",,"3","0","0","-9223372036854775808","4314","Microsoft-Windows-KnownFolders","8939299f-2315-4c5c-9b91-abb86aa0627d","Microsoft-Windows-Known Folders API Service","4092","2664","rjaf-PC4429","S-1-5-18","8/16/2015 12:35:40 AM",,,"c:\users\mac_1\desktop\winevt\logs\microsoft-windows-known folders api service.evtx","System.UInt32[]","System.Diagnostics.Eventing.Reader.EventBookmark","Warning","Info",,"System.Collections.ObjectModel.ReadOnlyCollection`1[System.String]","System.Collections.Generic.List`1[System.Diagnostics.Eventing.Reader.EventProperty]"
"Error 0x80070003 occurred while verifying known folder {A77F5D77-2E2B-44C3-A6A2-ABA601054A51} with path 'C:\Windows\system32\config\systemprofile\AppData\Roaming\Microsoft\Windows\Start Menu\Programs'.","1002","0",,"3","0","0","-9223372036854775808","4313","Microsoft-Windows-KnownFolders","8939299f-2315-4c5c-9b91-abb86aa0627d","Microsoft-Windows-Known Folders API Service","4092","2664","rjaf-PC4429","S-1-5-18","8/16/2015 12:35:40 AM",,,"c:\users\mac_1\desktop\winevt\logs\microsoft-windows-known folders api service.evtx","System.UInt32[]","System.Diagnostics.Eventing.Reader.EventBookmark","Warning","Info",,"System.Collections.ObjectModel.ReadOnlyCollection`1[System.String]","System.Collections.Generic.List`1[System.Diagnostics.Eventing.Reader.EventProperty]"
"Error 0x80070002 occurred while verifying known folder {FDD39AD0-238F-46AF-ADB4-6C85480369C7} with path 'C:\Windows\system32\config\systemprofile\Documents'.","1002","0",,"3","0","0","-9223372036854775808","4312","Microsoft-Windows-KnownFolders","8939299f-2315-4c5c-9b91-abb86aa0627d","Microsoft-Windows-Known Folders API Service","4092","2664","rjaf-PC4429","S-1-5-18","8/16/2015 12:35:40 AM",,,"c:\users\mac_1\desktop\winevt\logs\microsoft-windows-known folders api service.evtx","System.UInt32[]","System.Diagnostics.Eventing.Reader.EventBookmark","Warning","Info",,"System.Collections.ObjectModel.ReadOnlyCollection`1[System.String]","System.Collections.Generic.List`1[System.Diagnostics.Eventing.Reader.EventProperty]"
"Error 0x80070002 occurred while verifying known folder {625B53C3-AB48-4EC1-BA1F-A1EF4146FC19} with path 'C:\Windows\system32\config\systemprofile\AppData\Roaming\Microsoft\Windows\Start Menu'.","1002","0",,"3","0","0","-9223372036854775808","4311","Microsoft-Windows-KnownFolders","8939299f-2315-4c5c-9b91-abb86aa0627d","Microsoft-Windows-Known Folders API Service","4092","2664","rjaf-PC4429","S-1-5-18","8/16/2015 12:35:40 AM",,,"c:\users\mac_1\desktop\winevt\logs\microsoft-windows-known folders api service.evtx","System.UInt32[]","System.Diagnostics.Eventing.Reader.EventBookmark","Warning","Info",,"System.Collections.ObjectModel.ReadOnlyCollection`1[System.String]","System.Collections.Generic.List`1[System.Diagnostics.Eventing.Reader.EventProperty]"
"Error 0x80070003 occurred while verifying known folder {B97D20BB-F46A-4C97-BA10-5E3608430854} with path 'C:\Windows\system32\config\systemprofile\AppData\Roaming\Microsoft\Windows\Start Menu\Programs\Startup'.","1002","0",,"3","0","0","-9223372036854775808","4310","Microsoft-Windows-KnownFolders","8939299f-2315-4c5c-9b91-abb86aa0627d","Microsoft-Windows-Known Folders API Service","4092","2664","rjaf-PC4429","S-1-5-18","8/16/2015 12:35:40 AM",,,"c:\users\mac_1\desktop\winevt\logs\microsoft-windows-known folders api service.evtx","System.UInt32[]","System.Diagnostics.Eventing.Reader.EventBookmark","Warning","Info",,"System.Collections.ObjectModel.ReadOnlyCollection`1[System.String]","System.Collections.Generic.List`1[System.Diagnostics.Eventing.Reader.EventProperty]"
"Error 0x80070002 occurred while verifying known folder {B4BFCC3A-DB2C-424C-B029-7FE99A87C641} with path 'C:\Windows\system32\config\systemprofile\Desktop'.","1002","0",,"3","0","0","-9223372036854775808","4309","Microsoft-Windows-KnownFolders","8939299f-2315-4c5c-9b91-abb86aa0627d","Microsoft-Windows-Known Folders API Service","3332","3472","rjaf-PC4429","S-1-5-18","8/15/2015 11:05:20 PM",,,"c:\users\mac_1\desktop\winevt\logs\microsoft-windows-known folders api service.evtx","System.UInt32[]","System.Diagnostics.Eventing.Reader.EventBookmark","Warning","Info",,"System.Collections.ObjectModel.ReadOnlyCollection`1[System.String]","System.Collections.Generic.List`1[System.Diagnostics.Eventing.Reader.EventProperty]"
"Error 0x80070002 occurred while verifying known folder {FDD39AD0-238F-46AF-ADB4-6C85480369C7} with path 'C:\Windows\system32\config\systemprofile\Documents'.","1002","0",,"3","0","0","-9223372036854775808","4308","Microsoft-Windows-KnownFolders","8939299f-2315-4c5c-9b91-abb86aa0627d","Microsoft-Windows-Known Folders API Service","3332","3472","rjaf-PC4429","S-1-5-18","8/15/2015 11:05:20 PM",,,"c:\users\mac_1\desktop\winevt\logs\microsoft-windows-known folders api service.evtx","System.UInt32[]","System.Diagnostics.Eventing.Reader.EventBookmark","Warning","Info",,"System.Collections.ObjectModel.ReadOnlyCollection`1[System.String]","System.Collections.Generic.List`1[System.Diagnostics.Eventing.Reader.EventProperty]"
"Error 0x80070002 occurred while verifying known folder {625B53C3-AB48-4EC1-BA1F-A1EF4146FC19} with path 'C:\Windows\system32\config\systemprofile\AppData\Roaming\Microsoft\Windows\Start Menu'.","1002","0",,"3","0","0","-9223372036854775808","4307","Microsoft-Windows-KnownFolders","8939299f-2315-4c5c-9b91-abb86aa0627d","Microsoft-Windows-Known Folders API Service","3332","3472","rjaf-PC4429","S-1-5-18","8/15/2015 11:05:20 PM",,,"c:\users\mac_1\desktop\winevt\logs\microsoft-windows-known folders api service.evtx","System.UInt32[]","System.Diagnostics.Eventing.Reader.EventBookmark","Warning","Info",,"System.Collections.ObjectModel.ReadOnlyCollection`1[System.String]","System.Collections.Generic.List`1[System.Diagnostics.Eventing.Reader.EventProperty]"
"Error 0x80070002 occurred while verifying known folder {1777F761-68AD-4D8A-87BD-30B759FA33DD} with path 'C:\Windows\system32\config\systemprofile\Favorites'.","1002","0",,"3","0","0","-9223372036854775808","4306","Microsoft-Windows-KnownFolders","8939299f-2315-4c5c-9b91-abb86aa0627d","Microsoft-Windows-Known Folders API Service","3332","3472","rjaf-PC4429","S-1-5-18","8/15/2015 11:05:20 PM",,,"c:\users\mac_1\desktop\winevt\logs\microsoft-windows-known folders api service.evtx","System.UInt32[]","System.Diagnostics.Eventing.Reader.EventBookmark","Warning","Info",,"System.Collections.ObjectModel.ReadOnlyCollection`1[System.String]","System.Collections.Generic.List`1[System.Diagnostics.Eventing.Reader.EventProperty]"
"Error 0x80070002 occurred while verifying known folder {B4BFCC3A-DB2C-424C-B029-7FE99A87C641} with path 'C:\Windows\system32\config\systemprofile\Desktop'.","1002","0",,"3","0","0","-9223372036854775808","4305","Microsoft-Windows-KnownFolders","8939299f-2315-4c5c-9b91-abb86aa0627d","Microsoft-Windows-Known Folders API Service","4960","4864","rjaf-PC4429","S-1-5-18","8/13/2015 12:02:30 AM",,,"c:\users\mac_1\desktop\winevt\logs\microsoft-windows-known folders api service.evtx","System.UInt32[]","System.Diagnostics.Eventing.Reader.EventBookmark","Warning","Info",,"System.Collections.ObjectModel.ReadOnlyCollection`1[System.String]","System.Collections.Generic.List`1[System.Diagnostics.Eventing.Reader.EventProperty]"
"Error 0x80070003 occurred while verifying known folder {A77F5D77-2E2B-44C3-A6A2-ABA601054A51} with path 'C:\Windows\system32\config\systemprofile\AppData\Roaming\Microsoft\Windows\Start Menu\Programs'.","1002","0",,"3","0","0","-9223372036854775808","4304","Microsoft-Windows-KnownFolders","8939299f-2315-4c5c-9b91-abb86aa0627d","Microsoft-Windows-Known Folders API Service","4960","4864","rjaf-PC4429","S-1-5-18","8/13/2015 12:02:30 AM",,,"c:\users\mac_1\desktop\winevt\logs\microsoft-windows-known folders api service.evtx","System.UInt32[]","System.Diagnostics.Eventing.Reader.EventBookmark","Warning","Info",,"System.Collections.ObjectModel.ReadOnlyCollection`1[System.String]","System.Collections.Generic.List`1[System.Diagnostics.Eventing.Reader.EventProperty]"
"Error 0x80070002 occurred while verifying known folder {FDD39AD0-238F-46AF-ADB4-6C85480369C7} with path 'C:\Windows\system32\config\systemprofile\Documents'.","1002","0",,"3","0","0","-9223372036854775808","4303","Microsoft-Windows-KnownFolders","8939299f-2315-4c5c-9b91-abb86aa0627d","Microsoft-Windows-Known Folders API Service","4960","4864","rjaf-PC4429","S-1-5-18","8/13/2015 12:02:30 AM",,,"c:\users\mac_1\desktop\winevt\logs\microsoft-windows-known folders api service.evtx","System.UInt32[]","System.Diagnostics.Eventing.Reader.EventBookmark","Warning","Info",,"System.Collections.ObjectModel.ReadOnlyCollection`1[System.String]","System.Collections.Generic.List`1[System.Diagnostics.Eventing.Reader.EventProperty]"
"Error 0x80070002 occurred while verifying known folder {625B53C3-AB48-4EC1-BA1F-A1EF4146FC19} with path 'C:\Windows\system32\config\systemprofile\AppData\Roaming\Microsoft\Windows\Start Menu'.","1002","0",,"3","0","0","-9223372036854775808","4302","Microsoft-Windows-KnownFolders","8939299f-2315-4c5c-9b91-abb86aa0627d","Microsoft-Windows-Known Folders API Service","4960","4864","rjaf-PC4429","S-1-5-18","8/13/2015 12:02:30 AM",,,"c:\users\mac_1\desktop\winevt\logs\microsoft-windows-known folders api service.evtx","System.UInt32[]","System.Diagnostics.Eventing.Reader.EventBookmark","Warning","Info",,"System.Collections.ObjectModel.ReadOnlyCollection`1[System.String]","System.Collections.Generic.List`1[System.Diagnostics.Eventing.Reader.EventProperty]"
"Error 0x80070003 occurred while verifying known folder {B97D20BB-F46A-4C97-BA10-5E3608430854} with path 'C:\Windows\system32\config\systemprofile\AppData\Roaming\Microsoft\Windows\Start Menu\Programs\Startup'.","1002","0",,"3","0","0","-9223372036854775808","4301","Microsoft-Windows-KnownFolders","8939299f-2315-4c5c-9b91-abb86aa0627d","Microsoft-Windows-Known Folders API Service","4960","4864","rjaf-PC4429","S-1-5-18","8/13/2015 12:02:30 AM",,,"c:\users\mac_1\desktop\winevt\logs\microsoft-windows-known folders api service.evtx","System.UInt32[]","System.Diagnostics.Eventing.Reader.EventBookmark","Warning","Info",,"System.Collections.ObjectModel.ReadOnlyCollection`1[System.String]","System.Collections.Generic.List`1[System.Diagnostics.Eventing.Reader.EventProperty]"
"Error 0x80070002 occurred while verifying known folder {B4BFCC3A-DB2C-424C-B029-7FE99A87C641} with path 'C:\Windows\system32\config\systemprofile\Desktop'.","1002","0",,"3","0","0","-9223372036854775808","4300","Microsoft-Windows-KnownFolders","8939299f-2315-4c5c-9b91-abb86aa0627d","Microsoft-Windows-Known Folders API Service","992","5608","rjaf-PC4429","S-1-5-18","8/13/2015 12:01:47 AM",,,"c:\users\mac_1\desktop\winevt\logs\microsoft-windows-known folders api service.evtx","System.UInt32[]","System.Diagnostics.Eventing.Reader.EventBookmark","Warning","Info",,"System.Collections.ObjectModel.ReadOnlyCollection`1[System.String]","System.Collections.Generic.List`1[System.Diagnostics.Eventing.Reader.EventProperty]"
"Error 0x80070002 occurred while verifying known folder {625B53C3-AB48-4EC1-BA1F-A1EF4146FC19} with path 'C:\Windows\system32\config\systemprofile\AppData\Roaming\Microsoft\Windows\Start Menu'.","1002","0",,"3","0","0","-9223372036854775808","4299","Microsoft-Windows-KnownFolders","8939299f-2315-4c5c-9b91-abb86aa0627d","Microsoft-Windows-Known Folders API Service","992","5608","rjaf-PC4429","S-1-5-18","8/13/2015 12:01:47 AM",,,"c:\users\mac_1\desktop\winevt\logs\microsoft-windows-known folders api service.evtx","System.UInt32[]","System.Diagnostics.Eventing.Reader.EventBookmark","Warning","Info",,"System.Collections.ObjectModel.ReadOnlyCollection`1[System.String]","System.Collections.Generic.List`1[System.Diagnostics.Eventing.Reader.EventProperty]"
