"The scripted diagnostic engine executed a diagnostic package located at C:\Windows\diagnostics\system\Device with ID DeviceDiagnostic.","1","0",,"4","0","0","-9223372019674906624","324","Microsoft-Windows-Diagnosis-Scripted","e1dd7e52-621d-44e3-a1ad-0370c2b25946","Microsoft-Windows-Diagnosis-Scripted/Admin","9504","8680","rjaf-PC4429","S-1-5-21-1634558665-2257203147-3060767804-1000","3/4/2015 8:21:29 AM",,,"c:\users\mac_1\desktop\winevt\logs\microsoft-windows-diagnosis-scripted%4admin.evtx","System.UInt32[]","System.Diagnostics.Eventing.Reader.EventBookmark","Information","Info",,"System.Collections.ObjectModel.ReadOnlyCollection`1[System.String]","System.Collections.Generic.List`1[System.Diagnostics.Eventing.Reader.EventProperty]"
"The scripted diagnostic engine executed a diagnostic package located at C:\Windows\diagnostics\system\Audio with ID AudioDiagnostic.","1","0",,"4","0","0","-9223372019674906624","323","Microsoft-Windows-Diagnosis-Scripted","e1dd7e52-621d-44e3-a1ad-0370c2b25946","Microsoft-Windows-Diagnosis-Scripted/Admin","9504","8680","rjaf-PC4429","S-1-5-21-1634558665-2257203147-3060767804-1000","3/4/2015 8:21:29 AM",,,"c:\users\mac_1\desktop\winevt\logs\microsoft-windows-diagnosis-scripted%4admin.evtx","System.UInt32[]","System.Diagnostics.Eventing.Reader.EventBookmark","Information","Info",,"System.Collections.ObjectModel.ReadOnlyCollection`1[System.String]","System.Collections.Generic.List`1[System.Diagnostics.Eventing.Reader.EventProperty]"
"The scripted diagnostic engine executed a diagnostic package located at C:\Windows\diagnostics\scheduled\Maintenance with ID MaintenanceDiagnostic.","1","0",,"4","0","0","-9223372019674906624","322","Microsoft-Windows-Diagnosis-Scripted","e1dd7e52-621d-44e3-a1ad-0370c2b25946","Microsoft-Windows-Diagnosis-Scripted/Admin","324","836","rjaf-PC4429","S-1-5-21-1634558665-2257203147-3060767804-1000","3/1/2015 4:26:21 AM",,,"c:\users\mac_1\desktop\winevt\logs\microsoft-windows-diagnosis-scripted%4admin.evtx","System.UInt32[]","System.Diagnostics.Eventing.Reader.EventBookmark","Information","Info",,"System.Collections.ObjectModel.ReadOnlyCollection`1[System.String]","System.Collections.Generic.List`1[System.Diagnostics.Eventing.Reader.EventProperty]"
"The scripted diagnostic engine executed a diagnostic package located at C:\Windows\diagnostics\system\Device with ID DeviceDiagnostic.","1","0",,"4","0","0","-9223372019674906624","321","Microsoft-Windows-Diagnosis-Scripted","e1dd7e52-621d-44e3-a1ad-0370c2b25946","Microsoft-Windows-Diagnosis-Scripted/Admin","4368","5232","rjaf-PC4429","S-1-5-21-1634558665-2257203147-3060767804-1000","2/26/2015 1:28:06 AM",,,"c:\users\mac_1\desktop\winevt\logs\microsoft-windows-diagnosis-scripted%4admin.evtx","System.UInt32[]","System.Diagnostics.Eventing.Reader.EventBookmark","Information","Info",,"System.Collections.ObjectModel.ReadOnlyCollection`1[System.String]","System.Collections.Generic.List`1[System.Diagnostics.Eventing.Reader.EventProperty]"
"The scripted diagnostic engine executed a diagnostic package located at C:\Windows\diagnostics\system\Audio with ID AudioDiagnostic.","1","0",,"4","0","0","-9223372019674906624","320","Microsoft-Windows-Diagnosis-Scripted","e1dd7e52-621d-44e3-a1ad-0370c2b25946","Microsoft-Windows-Diagnosis-Scripted/Admin","4368","5232","rjaf-PC4429","S-1-5-21-1634558665-2257203147-3060767804-1000","2/26/2015 1:28:05 AM",,,"c:\users\mac_1\desktop\winevt\logs\microsoft-windows-diagnosis-scripted%4admin.evtx","System.UInt32[]","System.Diagnostics.Eventing.Reader.EventBookmark","Information","Info",,"System.Collections.ObjectModel.ReadOnlyCollection`1[System.String]","System.Collections.Generic.List`1[System.Diagnostics.Eventing.Reader.EventProperty]"
"The scripted diagnostic engine executed a diagnostic package located at C:\Windows\diagnostics\system\Device with ID DeviceDiagnostic.","1","0",,"4","0","0","-9223372019674906624","319","Microsoft-Windows-Diagnosis-Scripted","e1dd7e52-621d-44e3-a1ad-0370c2b25946","Microsoft-Windows-Diagnosis-Scripted/Admin","4368","5232","rjaf-PC4429","S-1-5-21-1634558665-2257203147-3060767804-1000","2/26/2015 1:27:45 AM",,,"c:\users\mac_1\desktop\winevt\logs\microsoft-windows-diagnosis-scripted%4admin.evtx","System.UInt32[]","System.Diagnostics.Eventing.Reader.EventBookmark","Information","Info",,"System.Collections.ObjectModel.ReadOnlyCollection`1[System.String]","System.Collections.Generic.List`1[System.Diagnostics.Eventing.Reader.EventProperty]"
"The scripted diagnostic engine executed a diagnostic package located at C:\Windows\diagnostics\system\Audio with ID AudioDiagnostic.","1","0",,"4","0","0","-9223372019674906624","318","Microsoft-Windows-Diagnosis-Scripted","e1dd7e52-621d-44e3-a1ad-0370c2b25946","Microsoft-Windows-Diagnosis-Scripted/Admin","4368","5232","rjaf-PC4429","S-1-5-21-1634558665-2257203147-3060767804-1000","2/26/2015 1:27:45 AM",,,"c:\users\mac_1\desktop\winevt\logs\microsoft-windows-diagnosis-scripted%4admin.evtx","System.UInt32[]","System.Diagnostics.Eventing.Reader.EventBookmark","Information","Info",,"System.Collections.ObjectModel.ReadOnlyCollection`1[System.String]","System.Collections.Generic.List`1[System.Diagnostics.Eventing.Reader.EventProperty]"
"The scripted diagnostic engine executed a diagnostic package located at C:\Windows\diagnostics\scheduled\Maintenance with ID MaintenanceDiagnostic.","1","0",,"4","0","0","-9223372019674906624","317","Microsoft-Windows-Diagnosis-Scripted","e1dd7e52-621d-44e3-a1ad-0370c2b25946","Microsoft-Windows-Diagnosis-Scripted/Admin","2672","256","rjaf-PC4429","S-1-5-21-1634558665-2257203147-3060767804-1000","2/22/2015 5:00:22 PM",,,"c:\users\mac_1\desktop\winevt\logs\microsoft-windows-diagnosis-scripted%4admin.evtx","System.UInt32[]","System.Diagnostics.Eventing.Reader.EventBookmark","Information","Info",,"System.Collections.ObjectModel.ReadOnlyCollection`1[System.String]","System.Collections.Generic.List`1[System.Diagnostics.Eventing.Reader.EventProperty]"
"The scripted diagnostic engine executed a diagnostic package located at C:\Windows\diagnostics\scheduled\Maintenance with ID MaintenanceDiagnostic.","1","0",,"4","0","0","-9223372019674906624","316","Microsoft-Windows-Diagnosis-Scripted","e1dd7e52-621d-44e3-a1ad-0370c2b25946","Microsoft-Windows-Diagnosis-Scripted/Admin","1800","2744","rjaf-PC4429","S-1-5-21-1634558665-2257203147-3060767804-1000","2/17/2015 5:25:24 AM",,,"c:\users\mac_1\desktop\winevt\logs\microsoft-windows-diagnosis-scripted%4admin.evtx","System.UInt32[]","System.Diagnostics.Eventing.Reader.EventBookmark","Information","Info",,"System.Collections.ObjectModel.ReadOnlyCollection`1[System.String]","System.Collections.Generic.List`1[System.Diagnostics.Eventing.Reader.EventProperty]"
"The scripted diagnostic engine executed a diagnostic package located at C:\Windows\diagnostics\scheduled\Maintenance with ID MaintenanceDiagnostic.","1","0",,"4","0","0","-9223372019674906624","315","Microsoft-Windows-Diagnosis-Scripted","e1dd7e52-621d-44e3-a1ad-0370c2b25946","Microsoft-Windows-Diagnosis-Scripted/Admin","1672","2316","rjaf-PC4429","S-1-5-21-1634558665-2257203147-3060767804-1000","2/11/2015 1:31:41 AM",,,"c:\users\mac_1\desktop\winevt\logs\microsoft-windows-diagnosis-scripted%4admin.evtx","System.UInt32[]","System.Diagnostics.Eventing.Reader.EventBookmark","Information","Info",,"System.Collections.ObjectModel.ReadOnlyCollection`1[System.String]","System.Collections.Generic.List`1[System.Diagnostics.Eventing.Reader.EventProperty]"
"The scripted diagnostic engine executed a diagnostic package located at C:\Windows\diagnostics\system\Device with ID DeviceDiagnostic.","1","0",,"4","0","0","-9223372019674906624","314","Microsoft-Windows-Diagnosis-Scripted","e1dd7e52-621d-44e3-a1ad-0370c2b25946","Microsoft-Windows-Diagnosis-Scripted/Admin","3740","3760","rjaf-PC4429","S-1-5-21-1634558665-2257203147-3060767804-1000","2/11/2015 12:24:47 AM",,,"c:\users\mac_1\desktop\winevt\logs\microsoft-windows-diagnosis-scripted%4admin.evtx","System.UInt32[]","System.Diagnostics.Eventing.Reader.EventBookmark","Information","Info",,"System.Collections.ObjectModel.ReadOnlyCollection`1[System.String]","System.Collections.Generic.List`1[System.Diagnostics.Eventing.Reader.EventProperty]"
"The scripted diagnostic engine executed a diagnostic package located at C:\Windows\diagnostics\system\Audio with ID AudioDiagnostic.","1","0",,"4","0","0","-9223372019674906624","313","Microsoft-Windows-Diagnosis-Scripted","e1dd7e52-621d-44e3-a1ad-0370c2b25946","Microsoft-Windows-Diagnosis-Scripted/Admin","3740","3760","rjaf-PC4429","S-1-5-21-1634558665-2257203147-3060767804-1000","2/11/2015 12:24:46 AM",,,"c:\users\mac_1\desktop\winevt\logs\microsoft-windows-diagnosis-scripted%4admin.evtx","System.UInt32[]","System.Diagnostics.Eventing.Reader.EventBookmark","Information","Info",,"System.Collections.ObjectModel.ReadOnlyCollection`1[System.String]","System.Collections.Generic.List`1[System.Diagnostics.Eventing.Reader.EventProperty]"
"The scripted diagnostic engine executed a diagnostic package located at C:\Windows\diagnostics\scheduled\Maintenance with ID MaintenanceDiagnostic.","1","0",,"4","0","0","-9223372019674906624","312","Microsoft-Windows-Diagnosis-Scripted","e1dd7e52-621d-44e3-a1ad-0370c2b25946","Microsoft-Windows-Diagnosis-Scripted/Admin","2640","1656","rjaf-PC4429","S-1-5-21-1634558665-2257203147-3060767804-1000","2/8/2015 2:02:51 AM",,,"c:\users\mac_1\desktop\winevt\logs\microsoft-windows-diagnosis-scripted%4admin.evtx","System.UInt32[]","System.Diagnostics.Eventing.Reader.EventBookmark","Information","Info",,"System.Collections.ObjectModel.ReadOnlyCollection`1[System.String]","System.Collections.Generic.List`1[System.Diagnostics.Eventing.Reader.EventProperty]"
"The scripted diagnostic engine executed a diagnostic package located at C:\Windows\diagnostics\scheduled\Maintenance with ID MaintenanceDiagnostic.","1","0",,"4","0","0","-9223372019674906624","311","Microsoft-Windows-Diagnosis-Scripted","e1dd7e52-621d-44e3-a1ad-0370c2b25946","Microsoft-Windows-Diagnosis-Scripted/Admin","4020","2660","rjaf-PC4429","S-1-5-21-1634558665-2257203147-3060767804-1000","2/2/2015 12:44:16 AM",,,"c:\users\mac_1\desktop\winevt\logs\microsoft-windows-diagnosis-scripted%4admin.evtx","System.UInt32[]","System.Diagnostics.Eventing.Reader.EventBookmark","Information","Info",,"System.Collections.ObjectModel.ReadOnlyCollection`1[System.String]","System.Collections.Generic.List`1[System.Diagnostics.Eventing.Reader.EventProperty]"
"The scripted diagnostic engine executed a diagnostic package located at C:\Windows\diagnostics\scheduled\Maintenance with ID MaintenanceDiagnostic.","1","0",,"4","0","0","-9223372019674906624","310","Microsoft-Windows-Diagnosis-Scripted","e1dd7e52-621d-44e3-a1ad-0370c2b25946","Microsoft-Windows-Diagnosis-Scripted/Admin","2092","1976","rjaf-PC4429","S-1-5-21-1634558665-2257203147-3060767804-1000","2/1/2015 12:38:27 AM",,,"c:\users\mac_1\desktop\winevt\logs\microsoft-windows-diagnosis-scripted%4admin.evtx","System.UInt32[]","System.Diagnostics.Eventing.Reader.EventBookmark","Information","Info",,"System.Collections.ObjectModel.ReadOnlyCollection`1[System.String]","System.Collections.Generic.List`1[System.Diagnostics.Eventing.Reader.EventProperty]"
"The scripted diagnostic engine executed a diagnostic package located at C:\Windows\diagnostics\scheduled\Maintenance with ID MaintenanceDiagnostic.","1","0",,"4","0","0","-9223372019674906624","309","Microsoft-Windows-Diagnosis-Scripted","e1dd7e52-621d-44e3-a1ad-0370c2b25946","Microsoft-Windows-Diagnosis-Scripted/Admin","4660","5336","rjaf-PC4429","S-1-5-21-1634558665-2257203147-3060767804-1000","1/29/2015 5:51:46 AM",,,"c:\users\mac_1\desktop\winevt\logs\microsoft-windows-diagnosis-scripted%4admin.evtx","System.UInt32[]","System.Diagnostics.Eventing.Reader.EventBookmark","Information","Info",,"System.Collections.ObjectModel.ReadOnlyCollection`1[System.String]","System.Collections.Generic.List`1[System.Diagnostics.Eventing.Reader.EventProperty]"
"The scripted diagnostic engine executed a diagnostic package located at C:\Windows\diagnostics\scheduled\Maintenance with ID MaintenanceDiagnostic.","1","0",,"4","0","0","-9223372019674906624","308","Microsoft-Windows-Diagnosis-Scripted","e1dd7e52-621d-44e3-a1ad-0370c2b25946","Microsoft-Windows-Diagnosis-Scripted/Admin","1996","2436","rjaf-PC4429","S-1-5-21-1634558665-2257203147-3060767804-1000","1/25/2015 6:04:05 AM",,,"c:\users\mac_1\desktop\winevt\logs\microsoft-windows-diagnosis-scripted%4admin.evtx","System.UInt32[]","System.Diagnostics.Eventing.Reader.EventBookmark","Information","Info",,"System.Collections.ObjectModel.ReadOnlyCollection`1[System.String]","System.Collections.Generic.List`1[System.Diagnostics.Eventing.Reader.EventProperty]"
"The scripted diagnostic engine executed a diagnostic package located at C:\Windows\diagnostics\system\Device with ID DeviceDiagnostic.","1","0",,"4","0","0","-9223372019674906624","307","Microsoft-Windows-Diagnosis-Scripted","e1dd7e52-621d-44e3-a1ad-0370c2b25946","Microsoft-Windows-Diagnosis-Scripted/Admin","3932","2644","rjaf-PC4429","S-1-5-21-1634558665-2257203147-3060767804-1000","1/23/2015 7:56:52 AM",,,"c:\users\mac_1\desktop\winevt\logs\microsoft-windows-diagnosis-scripted%4admin.evtx","System.UInt32[]","System.Diagnostics.Eventing.Reader.EventBookmark","Information","Info",,"System.Collections.ObjectModel.ReadOnlyCollection`1[System.String]","System.Collections.Generic.List`1[System.Diagnostics.Eventing.Reader.EventProperty]"
"The scripted diagnostic engine executed a diagnostic package located at C:\Windows\diagnostics\system\Audio with ID AudioDiagnostic.","1","0",,"4","0","0","-9223372019674906624","306","Microsoft-Windows-Diagnosis-Scripted","e1dd7e52-621d-44e3-a1ad-0370c2b25946","Microsoft-Windows-Diagnosis-Scripted/Admin","3932","2644","rjaf-PC4429","S-1-5-21-1634558665-2257203147-3060767804-1000","1/23/2015 7:56:51 AM",,,"c:\users\mac_1\desktop\winevt\logs\microsoft-windows-diagnosis-scripted%4admin.evtx","System.UInt32[]","System.Diagnostics.Eventing.Reader.EventBookmark","Information","Info",,"System.Collections.ObjectModel.ReadOnlyCollection`1[System.String]","System.Collections.Generic.List`1[System.Diagnostics.Eventing.Reader.EventProperty]"
"The scripted diagnostic engine executed a diagnostic package located at C:\Windows\diagnostics\system\Device with ID DeviceDiagnostic.","1","0",,"4","0","0","-9223372019674906624","305","Microsoft-Windows-Diagnosis-Scripted","e1dd7e52-621d-44e3-a1ad-0370c2b25946","Microsoft-Windows-Diagnosis-Scripted/Admin","3964","1236","rjaf-PC4429","S-1-5-21-1634558665-2257203147-3060767804-1000","1/23/2015 7:53:00 AM",,,"c:\users\mac_1\desktop\winevt\logs\microsoft-windows-diagnosis-scripted%4admin.evtx","System.UInt32[]","System.Diagnostics.Eventing.Reader.EventBookmark","Information","Info",,"System.Collections.ObjectModel.ReadOnlyCollection`1[System.String]","System.Collections.Generic.List`1[System.Diagnostics.Eventing.Reader.EventProperty]"
"The scripted diagnostic engine executed a diagnostic package located at C:\Windows\diagnostics\system\Audio with ID AudioDiagnostic.","1","0",,"4","0","0","-9223372019674906624","304","Microsoft-Windows-Diagnosis-Scripted","e1dd7e52-621d-44e3-a1ad-0370c2b25946","Microsoft-Windows-Diagnosis-Scripted/Admin","3964","1236","rjaf-PC4429","S-1-5-21-1634558665-2257203147-3060767804-1000","1/23/2015 7:53:00 AM",,,"c:\users\mac_1\desktop\winevt\logs\microsoft-windows-diagnosis-scripted%4admin.evtx","System.UInt32[]","System.Diagnostics.Eventing.Reader.EventBookmark","Information","Info",,"System.Collections.ObjectModel.ReadOnlyCollection`1[System.String]","System.Collections.Generic.List`1[System.Diagnostics.Eventing.Reader.EventProperty]"
"The scripted diagnostic engine executed a diagnostic package located at C:\Windows\diagnostics\system\Device with ID DeviceDiagnostic.","1","0",,"4","0","0","-9223372019674906624","303","Microsoft-Windows-Diagnosis-Scripted","e1dd7e52-621d-44e3-a1ad-0370c2b25946","Microsoft-Windows-Diagnosis-Scripted/Admin","548","3324","rjaf-PC4429","S-1-5-21-1634558665-2257203147-3060767804-1000","1/23/2015 7:52:50 AM",,,"c:\users\mac_1\desktop\winevt\logs\microsoft-windows-diagnosis-scripted%4admin.evtx","System.UInt32[]","System.Diagnostics.Eventing.Reader.EventBookmark","Information","Info",,"System.Collections.ObjectModel.ReadOnlyCollection`1[System.String]","System.Collections.Generic.List`1[System.Diagnostics.Eventing.Reader.EventProperty]"
"The scripted diagnostic engine executed a diagnostic package located at C:\Windows\diagnostics\system\Audio with ID AudioDiagnostic.","1","0",,"4","0","0","-9223372019674906624","302","Microsoft-Windows-Diagnosis-Scripted","e1dd7e52-621d-44e3-a1ad-0370c2b25946","Microsoft-Windows-Diagnosis-Scripted/Admin","548","3324","rjaf-PC4429","S-1-5-21-1634558665-2257203147-3060767804-1000","1/23/2015 7:52:50 AM",,,"c:\users\mac_1\desktop\winevt\logs\microsoft-windows-diagnosis-scripted%4admin.evtx","System.UInt32[]","System.Diagnostics.Eventing.Reader.EventBookmark","Information","Info",,"System.Collections.ObjectModel.ReadOnlyCollection`1[System.String]","System.Collections.Generic.List`1[System.Diagnostics.Eventing.Reader.EventProperty]"
"The scripted diagnostic engine executed a diagnostic package located at C:\Windows\diagnostics\scheduled\Maintenance with ID MaintenanceDiagnostic.","1","0",,"4","0","0","-9223372019674906624","301","Microsoft-Windows-Diagnosis-Scripted","e1dd7e52-621d-44e3-a1ad-0370c2b25946","Microsoft-Windows-Diagnosis-Scripted/Admin","208","1972","rjaf-PC4429","S-1-5-21-1634558665-2257203147-3060767804-1000","1/18/2015 1:59:05 AM",,,"c:\users\mac_1\desktop\winevt\logs\microsoft-windows-diagnosis-scripted%4admin.evtx","System.UInt32[]","System.Diagnostics.Eventing.Reader.EventBookmark","Information","Info",,"System.Collections.ObjectModel.ReadOnlyCollection`1[System.String]","System.Collections.Generic.List`1[System.Diagnostics.Eventing.Reader.EventProperty]"
"The scripted diagnostic engine executed a diagnostic package located at C:\Windows\diagnostics\scheduled\Maintenance with ID MaintenanceDiagnostic.","1","0",,"4","0","0","-9223372019674906624","300","Microsoft-Windows-Diagnosis-Scripted","e1dd7e52-621d-44e3-a1ad-0370c2b25946","Microsoft-Windows-Diagnosis-Scripted/Admin","3604","2752","rjaf-PC4429","S-1-5-21-1634558665-2257203147-3060767804-1000","1/14/2015 6:17:28 AM",,,"c:\users\mac_1\desktop\winevt\logs\microsoft-windows-diagnosis-scripted%4admin.evtx","System.UInt32[]","System.Diagnostics.Eventing.Reader.EventBookmark","Information","Info",,"System.Collections.ObjectModel.ReadOnlyCollection`1[System.String]","System.Collections.Generic.List`1[System.Diagnostics.Eventing.Reader.EventProperty]"
"The scripted diagnostic engine executed a diagnostic package located at C:\Windows\diagnostics\system\networking with ID NetworkDiagnostics.","1","0",,"4","0","0","-9223372019674906624","299","Microsoft-Windows-Diagnosis-Scripted","e1dd7e52-621d-44e3-a1ad-0370c2b25946","Microsoft-Windows-Diagnosis-Scripted/Admin","2908","5372","rjaf-PC4429","S-1-5-21-1634558665-2257203147-3060767804-1000","1/13/2015 9:34:26 AM",,,"c:\users\mac_1\desktop\winevt\logs\microsoft-windows-diagnosis-scripted%4admin.evtx","System.UInt32[]","System.Diagnostics.Eventing.Reader.EventBookmark","Information","Info",,"System.Collections.ObjectModel.ReadOnlyCollection`1[System.String]","System.Collections.Generic.List`1[System.Diagnostics.Eventing.Reader.EventProperty]"
"The scripted diagnostic engine executed a diagnostic package located at C:\Windows\diagnostics\scheduled\Maintenance with ID MaintenanceDiagnostic.","1","0",,"4","0","0","-9223372019674906624","298","Microsoft-Windows-Diagnosis-Scripted","e1dd7e52-621d-44e3-a1ad-0370c2b25946","Microsoft-Windows-Diagnosis-Scripted/Admin","164","2676","rjaf-PC4429","S-1-5-21-1634558665-2257203147-3060767804-1000","1/11/2015 3:25:06 AM",,,"c:\users\mac_1\desktop\winevt\logs\microsoft-windows-diagnosis-scripted%4admin.evtx","System.UInt32[]","System.Diagnostics.Eventing.Reader.EventBookmark","Information","Info",,"System.Collections.ObjectModel.ReadOnlyCollection`1[System.String]","System.Collections.Generic.List`1[System.Diagnostics.Eventing.Reader.EventProperty]"
"The scripted diagnostic engine executed a diagnostic package located at C:\Windows\diagnostics\scheduled\Maintenance with ID MaintenanceDiagnostic.","1","0",,"4","0","0","-9223372019674906624","297","Microsoft-Windows-Diagnosis-Scripted","e1dd7e52-621d-44e3-a1ad-0370c2b25946","Microsoft-Windows-Diagnosis-Scripted/Admin","1652","3732","rjaf-PC4429","S-1-5-21-1634558665-2257203147-3060767804-1000","1/5/2015 2:11:34 AM",,,"c:\users\mac_1\desktop\winevt\logs\microsoft-windows-diagnosis-scripted%4admin.evtx","System.UInt32[]","System.Diagnostics.Eventing.Reader.EventBookmark","Information","Info",,"System.Collections.ObjectModel.ReadOnlyCollection`1[System.String]","System.Collections.Generic.List`1[System.Diagnostics.Eventing.Reader.EventProperty]"
"The scripted diagnostic engine executed a diagnostic package located at C:\Windows\diagnostics\scheduled\Maintenance with ID MaintenanceDiagnostic.","1","0",,"4","0","0","-9223372019674906624","296","Microsoft-Windows-Diagnosis-Scripted","e1dd7e52-621d-44e3-a1ad-0370c2b25946","Microsoft-Windows-Diagnosis-Scripted/Admin","6116","4452","rjaf-PC4429","S-1-5-21-1634558665-2257203147-3060767804-1000","1/4/2015 5:07:41 AM",,,"c:\users\mac_1\desktop\winevt\logs\microsoft-windows-diagnosis-scripted%4admin.evtx","System.UInt32[]","System.Diagnostics.Eventing.Reader.EventBookmark","Information","Info",,"System.Collections.ObjectModel.ReadOnlyCollection`1[System.String]","System.Collections.Generic.List`1[System.Diagnostics.Eventing.Reader.EventProperty]"
"The scripted diagnostic engine executed a diagnostic package located at C:\Windows\diagnostics\scheduled\Maintenance with ID MaintenanceDiagnostic.","1","0",,"4","0","0","-9223372019674906624","295","Microsoft-Windows-Diagnosis-Scripted","e1dd7e52-621d-44e3-a1ad-0370c2b25946","Microsoft-Windows-Diagnosis-Scripted/Admin","3780","1804","rjaf-PC4429","S-1-5-21-1634558665-2257203147-3060767804-1000","12/28/2014 12:10:05 PM",,,"c:\users\mac_1\desktop\winevt\logs\microsoft-windows-diagnosis-scripted%4admin.evtx","System.UInt32[]","System.Diagnostics.Eventing.Reader.EventBookmark","Information","Info",,"System.Collections.ObjectModel.ReadOnlyCollection`1[System.String]","System.Collections.Generic.List`1[System.Diagnostics.Eventing.Reader.EventProperty]"
"The scripted diagnostic engine executed a diagnostic package located at C:\Windows\diagnostics\scheduled\Maintenance with ID MaintenanceDiagnostic.","1","0",,"4","0","0","-9223372019674906624","294","Microsoft-Windows-Diagnosis-Scripted","e1dd7e52-621d-44e3-a1ad-0370c2b25946","Microsoft-Windows-Diagnosis-Scripted/Admin","3104","2376","rjaf-PC4429","S-1-5-21-1634558665-2257203147-3060767804-1000","12/28/2014 3:06:46 AM",,,"c:\users\mac_1\desktop\winevt\logs\microsoft-windows-diagnosis-scripted%4admin.evtx","System.UInt32[]","System.Diagnostics.Eventing.Reader.EventBookmark","Information","Info",,"System.Collections.ObjectModel.ReadOnlyCollection`1[System.String]","System.Collections.Generic.List`1[System.Diagnostics.Eventing.Reader.EventProperty]"
"The scripted diagnostic engine executed a diagnostic package located at C:\Windows\diagnostics\scheduled\Maintenance with ID MaintenanceDiagnostic.","1","0",,"4","0","0","-9223372019674906624","293","Microsoft-Windows-Diagnosis-Scripted","e1dd7e52-621d-44e3-a1ad-0370c2b25946","Microsoft-Windows-Diagnosis-Scripted/Admin","2932","2452","rjaf-PC4429","S-1-5-21-1634558665-2257203147-3060767804-1000","12/23/2014 2:11:22 PM",,,"c:\users\mac_1\desktop\winevt\logs\microsoft-windows-diagnosis-scripted%4admin.evtx","System.UInt32[]","System.Diagnostics.Eventing.Reader.EventBookmark","Information","Info",,"System.Collections.ObjectModel.ReadOnlyCollection`1[System.String]","System.Collections.Generic.List`1[System.Diagnostics.Eventing.Reader.EventProperty]"
"The scripted diagnostic engine executed a diagnostic package located at C:\Windows\diagnostics\system\Device with ID DeviceDiagnostic.","1","0",,"4","0","0","-9223372019674906624","292","Microsoft-Windows-Diagnosis-Scripted","e1dd7e52-621d-44e3-a1ad-0370c2b25946","Microsoft-Windows-Diagnosis-Scripted/Admin","7108","4596","rjaf-PC4429","S-1-5-21-1634558665-2257203147-3060767804-1000","12/23/2014 5:18:24 AM",,,"c:\users\mac_1\desktop\winevt\logs\microsoft-windows-diagnosis-scripted%4admin.evtx","System.UInt32[]","System.Diagnostics.Eventing.Reader.EventBookmark","Information","Info",,"System.Collections.ObjectModel.ReadOnlyCollection`1[System.String]","System.Collections.Generic.List`1[System.Diagnostics.Eventing.Reader.EventProperty]"
"The scripted diagnostic engine executed a diagnostic package located at C:\Windows\diagnostics\system\Audio with ID AudioDiagnostic.","1","0",,"4","0","0","-9223372019674906624","291","Microsoft-Windows-Diagnosis-Scripted","e1dd7e52-621d-44e3-a1ad-0370c2b25946","Microsoft-Windows-Diagnosis-Scripted/Admin","7108","4596","rjaf-PC4429","S-1-5-21-1634558665-2257203147-3060767804-1000","12/23/2014 5:18:24 AM",,,"c:\users\mac_1\desktop\winevt\logs\microsoft-windows-diagnosis-scripted%4admin.evtx","System.UInt32[]","System.Diagnostics.Eventing.Reader.EventBookmark","Information","Info",,"System.Collections.ObjectModel.ReadOnlyCollection`1[System.String]","System.Collections.Generic.List`1[System.Diagnostics.Eventing.Reader.EventProperty]"
"The scripted diagnostic engine executed a diagnostic package located at C:\Windows\diagnostics\system\Device with ID DeviceDiagnostic.","1","0",,"4","0","0","-9223372019674906624","290","Microsoft-Windows-Diagnosis-Scripted","e1dd7e52-621d-44e3-a1ad-0370c2b25946","Microsoft-Windows-Diagnosis-Scripted/Admin","7108","4596","rjaf-PC4429","S-1-5-21-1634558665-2257203147-3060767804-1000","12/23/2014 5:18:12 AM",,,"c:\users\mac_1\desktop\winevt\logs\microsoft-windows-diagnosis-scripted%4admin.evtx","System.UInt32[]","System.Diagnostics.Eventing.Reader.EventBookmark","Information","Info",,"System.Collections.ObjectModel.ReadOnlyCollection`1[System.String]","System.Collections.Generic.List`1[System.Diagnostics.Eventing.Reader.EventProperty]"
"The scripted diagnostic engine executed a diagnostic package located at C:\Windows\diagnostics\system\Audio with ID AudioDiagnostic.","1","0",,"4","0","0","-9223372019674906624","289","Microsoft-Windows-Diagnosis-Scripted","e1dd7e52-621d-44e3-a1ad-0370c2b25946","Microsoft-Windows-Diagnosis-Scripted/Admin","7108","4596","rjaf-PC4429","S-1-5-21-1634558665-2257203147-3060767804-1000","12/23/2014 5:18:12 AM",,,"c:\users\mac_1\desktop\winevt\logs\microsoft-windows-diagnosis-scripted%4admin.evtx","System.UInt32[]","System.Diagnostics.Eventing.Reader.EventBookmark","Information","Info",,"System.Collections.ObjectModel.ReadOnlyCollection`1[System.String]","System.Collections.Generic.List`1[System.Diagnostics.Eventing.Reader.EventProperty]"
"The scripted diagnostic engine executed a diagnostic package located at C:\Windows\diagnostics\system\Device with ID DeviceDiagnostic.","1","0",,"4","0","0","-9223372019674906624","288","Microsoft-Windows-Diagnosis-Scripted","e1dd7e52-621d-44e3-a1ad-0370c2b25946","Microsoft-Windows-Diagnosis-Scripted/Admin","7472","11508","rjaf-PC4429","S-1-5-21-1634558665-2257203147-3060767804-1000","12/23/2014 5:17:12 AM",,,"c:\users\mac_1\desktop\winevt\logs\microsoft-windows-diagnosis-scripted%4admin.evtx","System.UInt32[]","System.Diagnostics.Eventing.Reader.EventBookmark","Information","Info",,"System.Collections.ObjectModel.ReadOnlyCollection`1[System.String]","System.Collections.Generic.List`1[System.Diagnostics.Eventing.Reader.EventProperty]"
"The scripted diagnostic engine executed a diagnostic package located at C:\Windows\diagnostics\system\Audio with ID AudioDiagnostic.","1","0",,"4","0","0","-9223372019674906624","287","Microsoft-Windows-Diagnosis-Scripted","e1dd7e52-621d-44e3-a1ad-0370c2b25946","Microsoft-Windows-Diagnosis-Scripted/Admin","7472","11508","rjaf-PC4429","S-1-5-21-1634558665-2257203147-3060767804-1000","12/23/2014 5:17:12 AM",,,"c:\users\mac_1\desktop\winevt\logs\microsoft-windows-diagnosis-scripted%4admin.evtx","System.UInt32[]","System.Diagnostics.Eventing.Reader.EventBookmark","Information","Info",,"System.Collections.ObjectModel.ReadOnlyCollection`1[System.String]","System.Collections.Generic.List`1[System.Diagnostics.Eventing.Reader.EventProperty]"
"The scripted diagnostic engine executed a diagnostic package located at C:\Windows\diagnostics\system\Device with ID DeviceDiagnostic.","1","0",,"4","0","0","-9223372019674906624","286","Microsoft-Windows-Diagnosis-Scripted","e1dd7e52-621d-44e3-a1ad-0370c2b25946","Microsoft-Windows-Diagnosis-Scripted/Admin","7472","11508","rjaf-PC4429","S-1-5-21-1634558665-2257203147-3060767804-1000","12/23/2014 5:16:44 AM",,,"c:\users\mac_1\desktop\winevt\logs\microsoft-windows-diagnosis-scripted%4admin.evtx","System.UInt32[]","System.Diagnostics.Eventing.Reader.EventBookmark","Information","Info",,"System.Collections.ObjectModel.ReadOnlyCollection`1[System.String]","System.Collections.Generic.List`1[System.Diagnostics.Eventing.Reader.EventProperty]"
"The scripted diagnostic engine executed a diagnostic package located at C:\Windows\diagnostics\system\Audio with ID AudioDiagnostic.","1","0",,"4","0","0","-9223372019674906624","285","Microsoft-Windows-Diagnosis-Scripted","e1dd7e52-621d-44e3-a1ad-0370c2b25946","Microsoft-Windows-Diagnosis-Scripted/Admin","7472","11508","rjaf-PC4429","S-1-5-21-1634558665-2257203147-3060767804-1000","12/23/2014 5:16:44 AM",,,"c:\users\mac_1\desktop\winevt\logs\microsoft-windows-diagnosis-scripted%4admin.evtx","System.UInt32[]","System.Diagnostics.Eventing.Reader.EventBookmark","Information","Info",,"System.Collections.ObjectModel.ReadOnlyCollection`1[System.String]","System.Collections.Generic.List`1[System.Diagnostics.Eventing.Reader.EventProperty]"
"The scripted diagnostic engine executed a diagnostic package located at C:\Windows\diagnostics\scheduled\Maintenance with ID MaintenanceDiagnostic.","1","0",,"4","0","0","-9223372019674906624","284","Microsoft-Windows-Diagnosis-Scripted","e1dd7e52-621d-44e3-a1ad-0370c2b25946","Microsoft-Windows-Diagnosis-Scripted/Admin","2400","3476","rjaf-PC4429","S-1-5-21-1634558665-2257203147-3060767804-1000","12/20/2014 10:29:23 PM",,,"c:\users\mac_1\desktop\winevt\logs\microsoft-windows-diagnosis-scripted%4admin.evtx","System.UInt32[]","System.Diagnostics.Eventing.Reader.EventBookmark","Information","Info",,"System.Collections.ObjectModel.ReadOnlyCollection`1[System.String]","System.Collections.Generic.List`1[System.Diagnostics.Eventing.Reader.EventProperty]"
"The scripted diagnostic engine executed a diagnostic package located at C:\Windows\diagnostics\scheduled\Maintenance with ID MaintenanceDiagnostic.","1","0",,"4","0","0","-9223372019674906624","283","Microsoft-Windows-Diagnosis-Scripted","e1dd7e52-621d-44e3-a1ad-0370c2b25946","Microsoft-Windows-Diagnosis-Scripted/Admin","596","1256","rjaf-PC4429","S-1-5-21-1634558665-2257203147-3060767804-1000","12/15/2014 7:26:32 AM",,,"c:\users\mac_1\desktop\winevt\logs\microsoft-windows-diagnosis-scripted%4admin.evtx","System.UInt32[]","System.Diagnostics.Eventing.Reader.EventBookmark","Information","Info",,"System.Collections.ObjectModel.ReadOnlyCollection`1[System.String]","System.Collections.Generic.List`1[System.Diagnostics.Eventing.Reader.EventProperty]"
"The scripted diagnostic engine executed a diagnostic package located at C:\Windows\diagnostics\scheduled\Maintenance with ID MaintenanceDiagnostic.","1","0",,"4","0","0","-9223372019674906624","282","Microsoft-Windows-Diagnosis-Scripted","e1dd7e52-621d-44e3-a1ad-0370c2b25946","Microsoft-Windows-Diagnosis-Scripted/Admin","3556","256","rjaf-PC4429","S-1-5-21-1634558665-2257203147-3060767804-1000","12/13/2014 11:54:01 PM",,,"c:\users\mac_1\desktop\winevt\logs\microsoft-windows-diagnosis-scripted%4admin.evtx","System.UInt32[]","System.Diagnostics.Eventing.Reader.EventBookmark","Information","Info",,"System.Collections.ObjectModel.ReadOnlyCollection`1[System.String]","System.Collections.Generic.List`1[System.Diagnostics.Eventing.Reader.EventProperty]"
"The scripted diagnostic engine executed a diagnostic package located at C:\Windows\diagnostics\system\networking with ID NetworkDiagnostics.","1","0",,"4","0","0","-9223372019674906624","281","Microsoft-Windows-Diagnosis-Scripted","e1dd7e52-621d-44e3-a1ad-0370c2b25946","Microsoft-Windows-Diagnosis-Scripted/Admin","3800","3796","rjaf-PC4429","S-1-5-21-1634558665-2257203147-3060767804-1000","12/7/2014 10:57:21 PM",,,"c:\users\mac_1\desktop\winevt\logs\microsoft-windows-diagnosis-scripted%4admin.evtx","System.UInt32[]","System.Diagnostics.Eventing.Reader.EventBookmark","Information","Info",,"System.Collections.ObjectModel.ReadOnlyCollection`1[System.String]","System.Collections.Generic.List`1[System.Diagnostics.Eventing.Reader.EventProperty]"
"The scripted diagnostic engine executed a diagnostic package located at C:\Windows\diagnostics\system\networking with ID NetworkDiagnostics.","1","0",,"4","0","0","-9223372019674906624","280","Microsoft-Windows-Diagnosis-Scripted","e1dd7e52-621d-44e3-a1ad-0370c2b25946","Microsoft-Windows-Diagnosis-Scripted/Admin","3800","2444","rjaf-PC4429","S-1-5-21-1634558665-2257203147-3060767804-1000","12/7/2014 10:56:41 PM",,,"c:\users\mac_1\desktop\winevt\logs\microsoft-windows-diagnosis-scripted%4admin.evtx","System.UInt32[]","System.Diagnostics.Eventing.Reader.EventBookmark","Information","Info",,"System.Collections.ObjectModel.ReadOnlyCollection`1[System.String]","System.Collections.Generic.List`1[System.Diagnostics.Eventing.Reader.EventProperty]"
"The scripted diagnostic engine executed a diagnostic package located at C:\Windows\diagnostics\scheduled\Maintenance with ID MaintenanceDiagnostic.","1","0",,"4","0","0","-9223372019674906624","279","Microsoft-Windows-Diagnosis-Scripted","e1dd7e52-621d-44e3-a1ad-0370c2b25946","Microsoft-Windows-Diagnosis-Scripted/Admin","3164","3812","rjaf-PC4429","S-1-5-21-1634558665-2257203147-3060767804-1000","12/7/2014 2:36:03 AM",,,"c:\users\mac_1\desktop\winevt\logs\microsoft-windows-diagnosis-scripted%4admin.evtx","System.UInt32[]","System.Diagnostics.Eventing.Reader.EventBookmark","Information","Info",,"System.Collections.ObjectModel.ReadOnlyCollection`1[System.String]","System.Collections.Generic.List`1[System.Diagnostics.Eventing.Reader.EventProperty]"
"The scripted diagnostic engine executed a diagnostic package located at C:\Windows\diagnostics\scheduled\Maintenance with ID MaintenanceDiagnostic.","1","0",,"4","0","0","-9223372019674906624","278","Microsoft-Windows-Diagnosis-Scripted","e1dd7e52-621d-44e3-a1ad-0370c2b25946","Microsoft-Windows-Diagnosis-Scripted/Admin","5784","5836","rjaf-PC4429","S-1-5-21-1634558665-2257203147-3060767804-1000","12/3/2014 3:23:27 AM",,,"c:\users\mac_1\desktop\winevt\logs\microsoft-windows-diagnosis-scripted%4admin.evtx","System.UInt32[]","System.Diagnostics.Eventing.Reader.EventBookmark","Information","Info",,"System.Collections.ObjectModel.ReadOnlyCollection`1[System.String]","System.Collections.Generic.List`1[System.Diagnostics.Eventing.Reader.EventProperty]"
"The scripted diagnostic engine executed a diagnostic package located at C:\Windows\diagnostics\scheduled\Maintenance with ID MaintenanceDiagnostic.","1","0",,"4","0","0","-9223372019674906624","277","Microsoft-Windows-Diagnosis-Scripted","e1dd7e52-621d-44e3-a1ad-0370c2b25946","Microsoft-Windows-Diagnosis-Scripted/Admin","1948","3740","rjaf-PC4429","S-1-5-21-1634558665-2257203147-3060767804-1000","11/30/2014 1:36:32 AM",,,"c:\users\mac_1\desktop\winevt\logs\microsoft-windows-diagnosis-scripted%4admin.evtx","System.UInt32[]","System.Diagnostics.Eventing.Reader.EventBookmark","Information","Info",,"System.Collections.ObjectModel.ReadOnlyCollection`1[System.String]","System.Collections.Generic.List`1[System.Diagnostics.Eventing.Reader.EventProperty]"
"The scripted diagnostic engine executed a diagnostic package located at C:\Windows\diagnostics\system\Device with ID DeviceDiagnostic.","1","0",,"4","0","0","-9223372019674906624","276","Microsoft-Windows-Diagnosis-Scripted","e1dd7e52-621d-44e3-a1ad-0370c2b25946","Microsoft-Windows-Diagnosis-Scripted/Admin","4076","2792","rjaf-PC4429","S-1-5-21-1634558665-2257203147-3060767804-1000","11/28/2014 10:15:01 AM",,,"c:\users\mac_1\desktop\winevt\logs\microsoft-windows-diagnosis-scripted%4admin.evtx","System.UInt32[]","System.Diagnostics.Eventing.Reader.EventBookmark","Information","Info",,"System.Collections.ObjectModel.ReadOnlyCollection`1[System.String]","System.Collections.Generic.List`1[System.Diagnostics.Eventing.Reader.EventProperty]"
"The scripted diagnostic engine executed a diagnostic package located at C:\Windows\diagnostics\system\Audio with ID AudioDiagnostic.","1","0",,"4","0","0","-9223372019674906624","275","Microsoft-Windows-Diagnosis-Scripted","e1dd7e52-621d-44e3-a1ad-0370c2b25946","Microsoft-Windows-Diagnosis-Scripted/Admin","4076","2792","rjaf-PC4429","S-1-5-21-1634558665-2257203147-3060767804-1000","11/28/2014 10:15:01 AM",,,"c:\users\mac_1\desktop\winevt\logs\microsoft-windows-diagnosis-scripted%4admin.evtx","System.UInt32[]","System.Diagnostics.Eventing.Reader.EventBookmark","Information","Info",,"System.Collections.ObjectModel.ReadOnlyCollection`1[System.String]","System.Collections.Generic.List`1[System.Diagnostics.Eventing.Reader.EventProperty]"
"The scripted diagnostic engine executed a diagnostic package located at C:\Windows\diagnostics\system\Device with ID DeviceDiagnostic.","1","0",,"4","0","0","-9223372019674906624","274","Microsoft-Windows-Diagnosis-Scripted","e1dd7e52-621d-44e3-a1ad-0370c2b25946","Microsoft-Windows-Diagnosis-Scripted/Admin","2644","3112","rjaf-PC4429","S-1-5-21-1634558665-2257203147-3060767804-1000","11/28/2014 8:54:24 AM",,,"c:\users\mac_1\desktop\winevt\logs\microsoft-windows-diagnosis-scripted%4admin.evtx","System.UInt32[]","System.Diagnostics.Eventing.Reader.EventBookmark","Information","Info",,"System.Collections.ObjectModel.ReadOnlyCollection`1[System.String]","System.Collections.Generic.List`1[System.Diagnostics.Eventing.Reader.EventProperty]"
"The scripted diagnostic engine executed a diagnostic package located at C:\Windows\diagnostics\system\Audio with ID AudioDiagnostic.","1","0",,"4","0","0","-9223372019674906624","273","Microsoft-Windows-Diagnosis-Scripted","e1dd7e52-621d-44e3-a1ad-0370c2b25946","Microsoft-Windows-Diagnosis-Scripted/Admin","2644","3112","rjaf-PC4429","S-1-5-21-1634558665-2257203147-3060767804-1000","11/28/2014 8:54:24 AM",,,"c:\users\mac_1\desktop\winevt\logs\microsoft-windows-diagnosis-scripted%4admin.evtx","System.UInt32[]","System.Diagnostics.Eventing.Reader.EventBookmark","Information","Info",,"System.Collections.ObjectModel.ReadOnlyCollection`1[System.String]","System.Collections.Generic.List`1[System.Diagnostics.Eventing.Reader.EventProperty]"
"The scripted diagnostic engine executed a diagnostic package located at C:\Windows\diagnostics\system\Device with ID DeviceDiagnostic.","1","0",,"4","0","0","-9223372019674906624","272","Microsoft-Windows-Diagnosis-Scripted","e1dd7e52-621d-44e3-a1ad-0370c2b25946","Microsoft-Windows-Diagnosis-Scripted/Admin","2644","3112","rjaf-PC4429","S-1-5-21-1634558665-2257203147-3060767804-1000","11/28/2014 8:54:15 AM",,,"c:\users\mac_1\desktop\winevt\logs\microsoft-windows-diagnosis-scripted%4admin.evtx","System.UInt32[]","System.Diagnostics.Eventing.Reader.EventBookmark","Information","Info",,"System.Collections.ObjectModel.ReadOnlyCollection`1[System.String]","System.Collections.Generic.List`1[System.Diagnostics.Eventing.Reader.EventProperty]"
"The scripted diagnostic engine executed a diagnostic package located at C:\Windows\diagnostics\system\Audio with ID AudioDiagnostic.","1","0",,"4","0","0","-9223372019674906624","271","Microsoft-Windows-Diagnosis-Scripted","e1dd7e52-621d-44e3-a1ad-0370c2b25946","Microsoft-Windows-Diagnosis-Scripted/Admin","2644","3112","rjaf-PC4429","S-1-5-21-1634558665-2257203147-3060767804-1000","11/28/2014 8:54:15 AM",,,"c:\users\mac_1\desktop\winevt\logs\microsoft-windows-diagnosis-scripted%4admin.evtx","System.UInt32[]","System.Diagnostics.Eventing.Reader.EventBookmark","Information","Info",,"System.Collections.ObjectModel.ReadOnlyCollection`1[System.String]","System.Collections.Generic.List`1[System.Diagnostics.Eventing.Reader.EventProperty]"
"The scripted diagnostic engine executed a diagnostic package located at C:\Windows\diagnostics\system\Device with ID DeviceDiagnostic.","1","0",,"4","0","0","-9223372019674906624","270","Microsoft-Windows-Diagnosis-Scripted","e1dd7e52-621d-44e3-a1ad-0370c2b25946","Microsoft-Windows-Diagnosis-Scripted/Admin","3804","3508","rjaf-PC4429","S-1-5-21-1634558665-2257203147-3060767804-1000","11/28/2014 8:51:27 AM",,,"c:\users\mac_1\desktop\winevt\logs\microsoft-windows-diagnosis-scripted%4admin.evtx","System.UInt32[]","System.Diagnostics.Eventing.Reader.EventBookmark","Information","Info",,"System.Collections.ObjectModel.ReadOnlyCollection`1[System.String]","System.Collections.Generic.List`1[System.Diagnostics.Eventing.Reader.EventProperty]"
"The scripted diagnostic engine executed a diagnostic package located at C:\Windows\diagnostics\system\Audio with ID AudioDiagnostic.","1","0",,"4","0","0","-9223372019674906624","269","Microsoft-Windows-Diagnosis-Scripted","e1dd7e52-621d-44e3-a1ad-0370c2b25946","Microsoft-Windows-Diagnosis-Scripted/Admin","3804","3508","rjaf-PC4429","S-1-5-21-1634558665-2257203147-3060767804-1000","11/28/2014 8:51:27 AM",,,"c:\users\mac_1\desktop\winevt\logs\microsoft-windows-diagnosis-scripted%4admin.evtx","System.UInt32[]","System.Diagnostics.Eventing.Reader.EventBookmark","Information","Info",,"System.Collections.ObjectModel.ReadOnlyCollection`1[System.String]","System.Collections.Generic.List`1[System.Diagnostics.Eventing.Reader.EventProperty]"
"The scripted diagnostic engine executed a diagnostic package located at C:\Windows\diagnostics\system\Device with ID DeviceDiagnostic.","1","0",,"4","0","0","-9223372019674906624","268","Microsoft-Windows-Diagnosis-Scripted","e1dd7e52-621d-44e3-a1ad-0370c2b25946","Microsoft-Windows-Diagnosis-Scripted/Admin","3216","2500","rjaf-PC4429","S-1-5-21-1634558665-2257203147-3060767804-1000","11/28/2014 8:51:18 AM",,,"c:\users\mac_1\desktop\winevt\logs\microsoft-windows-diagnosis-scripted%4admin.evtx","System.UInt32[]","System.Diagnostics.Eventing.Reader.EventBookmark","Information","Info",,"System.Collections.ObjectModel.ReadOnlyCollection`1[System.String]","System.Collections.Generic.List`1[System.Diagnostics.Eventing.Reader.EventProperty]"
"The scripted diagnostic engine executed a diagnostic package located at C:\Windows\diagnostics\system\Audio with ID AudioDiagnostic.","1","0",,"4","0","0","-9223372019674906624","267","Microsoft-Windows-Diagnosis-Scripted","e1dd7e52-621d-44e3-a1ad-0370c2b25946","Microsoft-Windows-Diagnosis-Scripted/Admin","3216","2500","rjaf-PC4429","S-1-5-21-1634558665-2257203147-3060767804-1000","11/28/2014 8:51:17 AM",,,"c:\users\mac_1\desktop\winevt\logs\microsoft-windows-diagnosis-scripted%4admin.evtx","System.UInt32[]","System.Diagnostics.Eventing.Reader.EventBookmark","Information","Info",,"System.Collections.ObjectModel.ReadOnlyCollection`1[System.String]","System.Collections.Generic.List`1[System.Diagnostics.Eventing.Reader.EventProperty]"
"The scripted diagnostic engine executed a diagnostic package located at C:\Windows\diagnostics\system\Device with ID DeviceDiagnostic.","1","0",,"4","0","0","-9223372019674906624","266","Microsoft-Windows-Diagnosis-Scripted","e1dd7e52-621d-44e3-a1ad-0370c2b25946","Microsoft-Windows-Diagnosis-Scripted/Admin","3036","2632","rjaf-PC4429","S-1-5-21-1634558665-2257203147-3060767804-1000","11/28/2014 8:51:01 AM",,,"c:\users\mac_1\desktop\winevt\logs\microsoft-windows-diagnosis-scripted%4admin.evtx","System.UInt32[]","System.Diagnostics.Eventing.Reader.EventBookmark","Information","Info",,"System.Collections.ObjectModel.ReadOnlyCollection`1[System.String]","System.Collections.Generic.List`1[System.Diagnostics.Eventing.Reader.EventProperty]"
"The scripted diagnostic engine executed a diagnostic package located at C:\Windows\diagnostics\system\Audio with ID AudioDiagnostic.","1","0",,"4","0","0","-9223372019674906624","265","Microsoft-Windows-Diagnosis-Scripted","e1dd7e52-621d-44e3-a1ad-0370c2b25946","Microsoft-Windows-Diagnosis-Scripted/Admin","3036","2632","rjaf-PC4429","S-1-5-21-1634558665-2257203147-3060767804-1000","11/28/2014 8:51:01 AM",,,"c:\users\mac_1\desktop\winevt\logs\microsoft-windows-diagnosis-scripted%4admin.evtx","System.UInt32[]","System.Diagnostics.Eventing.Reader.EventBookmark","Information","Info",,"System.Collections.ObjectModel.ReadOnlyCollection`1[System.String]","System.Collections.Generic.List`1[System.Diagnostics.Eventing.Reader.EventProperty]"
"The scripted diagnostic engine executed a diagnostic package located at C:\Windows\diagnostics\system\Device with ID DeviceDiagnostic.","1","0",,"4","0","0","-9223372019674906624","264","Microsoft-Windows-Diagnosis-Scripted","e1dd7e52-621d-44e3-a1ad-0370c2b25946","Microsoft-Windows-Diagnosis-Scripted/Admin","3036","2632","rjaf-PC4429","S-1-5-21-1634558665-2257203147-3060767804-1000","11/28/2014 8:50:44 AM",,,"c:\users\mac_1\desktop\winevt\logs\microsoft-windows-diagnosis-scripted%4admin.evtx","System.UInt32[]","System.Diagnostics.Eventing.Reader.EventBookmark","Information","Info",,"System.Collections.ObjectModel.ReadOnlyCollection`1[System.String]","System.Collections.Generic.List`1[System.Diagnostics.Eventing.Reader.EventProperty]"
"The scripted diagnostic engine executed a diagnostic package located at C:\Windows\diagnostics\system\Audio with ID AudioDiagnostic.","1","0",,"4","0","0","-9223372019674906624","263","Microsoft-Windows-Diagnosis-Scripted","e1dd7e52-621d-44e3-a1ad-0370c2b25946","Microsoft-Windows-Diagnosis-Scripted/Admin","3036","2632","rjaf-PC4429","S-1-5-21-1634558665-2257203147-3060767804-1000","11/28/2014 8:50:44 AM",,,"c:\users\mac_1\desktop\winevt\logs\microsoft-windows-diagnosis-scripted%4admin.evtx","System.UInt32[]","System.Diagnostics.Eventing.Reader.EventBookmark","Information","Info",,"System.Collections.ObjectModel.ReadOnlyCollection`1[System.String]","System.Collections.Generic.List`1[System.Diagnostics.Eventing.Reader.EventProperty]"
"The scripted diagnostic engine executed a diagnostic package located at C:\Windows\diagnostics\system\Device with ID DeviceDiagnostic.","1","0",,"4","0","0","-9223372019674906624","262","Microsoft-Windows-Diagnosis-Scripted","e1dd7e52-621d-44e3-a1ad-0370c2b25946","Microsoft-Windows-Diagnosis-Scripted/Admin","2236","2500","rjaf-PC4429","S-1-5-21-1634558665-2257203147-3060767804-1000","11/28/2014 8:50:38 AM",,,"c:\users\mac_1\desktop\winevt\logs\microsoft-windows-diagnosis-scripted%4admin.evtx","System.UInt32[]","System.Diagnostics.Eventing.Reader.EventBookmark","Information","Info",,"System.Collections.ObjectModel.ReadOnlyCollection`1[System.String]","System.Collections.Generic.List`1[System.Diagnostics.Eventing.Reader.EventProperty]"
"The scripted diagnostic engine executed a diagnostic package located at C:\Windows\diagnostics\system\Audio with ID AudioDiagnostic.","1","0",,"4","0","0","-9223372019674906624","261","Microsoft-Windows-Diagnosis-Scripted","e1dd7e52-621d-44e3-a1ad-0370c2b25946","Microsoft-Windows-Diagnosis-Scripted/Admin","2236","2500","rjaf-PC4429","S-1-5-21-1634558665-2257203147-3060767804-1000","11/28/2014 8:50:38 AM",,,"c:\users\mac_1\desktop\winevt\logs\microsoft-windows-diagnosis-scripted%4admin.evtx","System.UInt32[]","System.Diagnostics.Eventing.Reader.EventBookmark","Information","Info",,"System.Collections.ObjectModel.ReadOnlyCollection`1[System.String]","System.Collections.Generic.List`1[System.Diagnostics.Eventing.Reader.EventProperty]"
"The scripted diagnostic engine executed a diagnostic package located at C:\Windows\diagnostics\system\Device with ID DeviceDiagnostic.","1","0",,"4","0","0","-9223372019674906624","260","Microsoft-Windows-Diagnosis-Scripted","e1dd7e52-621d-44e3-a1ad-0370c2b25946","Microsoft-Windows-Diagnosis-Scripted/Admin","3400","1364","rjaf-PC4429","S-1-5-21-1634558665-2257203147-3060767804-1000","11/28/2014 8:50:31 AM",,,"c:\users\mac_1\desktop\winevt\logs\microsoft-windows-diagnosis-scripted%4admin.evtx","System.UInt32[]","System.Diagnostics.Eventing.Reader.EventBookmark","Information","Info",,"System.Collections.ObjectModel.ReadOnlyCollection`1[System.String]","System.Collections.Generic.List`1[System.Diagnostics.Eventing.Reader.EventProperty]"
"The scripted diagnostic engine executed a diagnostic package located at C:\Windows\diagnostics\system\Audio with ID AudioDiagnostic.","1","0",,"4","0","0","-9223372019674906624","259","Microsoft-Windows-Diagnosis-Scripted","e1dd7e52-621d-44e3-a1ad-0370c2b25946","Microsoft-Windows-Diagnosis-Scripted/Admin","3400","1364","rjaf-PC4429","S-1-5-21-1634558665-2257203147-3060767804-1000","11/28/2014 8:50:31 AM",,,"c:\users\mac_1\desktop\winevt\logs\microsoft-windows-diagnosis-scripted%4admin.evtx","System.UInt32[]","System.Diagnostics.Eventing.Reader.EventBookmark","Information","Info",,"System.Collections.ObjectModel.ReadOnlyCollection`1[System.String]","System.Collections.Generic.List`1[System.Diagnostics.Eventing.Reader.EventProperty]"
