"The Windows Resource Exhaustion Detector started.","1001","0",,"4","1","11","4611686018695823360","460","Microsoft-Windows-Resource-Exhaustion-Detector","9988748e-c2e8-4054-85f6-0c3e1cad2470","Microsoft-Windows-Resource-Exhaustion-Detector/Operational","1348","2004","rjaf-PC4429","S-1-5-19","12/28/2014 11:37:05 AM",,,"c:\users\mac_1\desktop\winevt\logs\microsoft-windows-resource-exhaustion-detector%4operational.evtx","System.UInt32[]","System.Diagnostics.Eventing.Reader.EventBookmark","Information","Events logged when the resource exhaustion detector is started.","Lifecycle Events","System.Collections.ObjectModel.ReadOnlyCollection`1[System.String]","System.Collections.Generic.List`1[System.Diagnostics.Eventing.Reader.EventProperty]"
"The Windows Resource Exhaustion Detector stopped.","1002","0",,"4","1","12","4611686018695823360","459","Microsoft-Windows-Resource-Exhaustion-Detector","9988748e-c2e8-4054-85f6-0c3e1cad2470","Microsoft-Windows-Resource-Exhaustion-Detector/Operational","1332","4036","rjaf-PC4429","S-1-5-19","12/28/2014 10:40:51 AM",,,"c:\users\mac_1\desktop\winevt\logs\microsoft-windows-resource-exhaustion-detector%4operational.evtx","System.UInt32[]","System.Diagnostics.Eventing.Reader.EventBookmark","Information","Events logged when the resource exhaustion detector is stopped.","Lifecycle Events","System.Collections.ObjectModel.ReadOnlyCollection`1[System.String]","System.Collections.Generic.List`1[System.Diagnostics.Eventing.Reader.EventProperty]"
"The Windows Resource Exhaustion Detector started.","1001","0",,"4","1","11","4611686018695823360","458","Microsoft-Windows-Resource-Exhaustion-Detector","9988748e-c2e8-4054-85f6-0c3e1cad2470","Microsoft-Windows-Resource-Exhaustion-Detector/Operational","1332","1796","rjaf-PC4429","S-1-5-19","12/25/2014 3:59:35 AM",,,"c:\users\mac_1\desktop\winevt\logs\microsoft-windows-resource-exhaustion-detector%4operational.evtx","System.UInt32[]","System.Diagnostics.Eventing.Reader.EventBookmark","Information","Events logged when the resource exhaustion detector is started.","Lifecycle Events","System.Collections.ObjectModel.ReadOnlyCollection`1[System.String]","System.Collections.Generic.List`1[System.Diagnostics.Eventing.Reader.EventProperty]"
"The Windows Resource Exhaustion Detector stopped.","1002","0",,"4","1","12","4611686018695823360","457","Microsoft-Windows-Resource-Exhaustion-Detector","9988748e-c2e8-4054-85f6-0c3e1cad2470","Microsoft-Windows-Resource-Exhaustion-Detector/Operational","1340","3376","rjaf-PC4429","S-1-5-19","12/25/2014 1:16:36 AM",,,"c:\users\mac_1\desktop\winevt\logs\microsoft-windows-resource-exhaustion-detector%4operational.evtx","System.UInt32[]","System.Diagnostics.Eventing.Reader.EventBookmark","Information","Events logged when the resource exhaustion detector is stopped.","Lifecycle Events","System.Collections.ObjectModel.ReadOnlyCollection`1[System.String]","System.Collections.Generic.List`1[System.Diagnostics.Eventing.Reader.EventProperty]"
"The Windows Resource Exhaustion Detector started.","1001","0",,"4","1","11","4611686018695823360","456","Microsoft-Windows-Resource-Exhaustion-Detector","9988748e-c2e8-4054-85f6-0c3e1cad2470","Microsoft-Windows-Resource-Exhaustion-Detector/Operational","1340","1352","rjaf-PC4429","S-1-5-19","12/24/2014 1:00:11 AM",,,"c:\users\mac_1\desktop\winevt\logs\microsoft-windows-resource-exhaustion-detector%4operational.evtx","System.UInt32[]","System.Diagnostics.Eventing.Reader.EventBookmark","Information","Events logged when the resource exhaustion detector is started.","Lifecycle Events","System.Collections.ObjectModel.ReadOnlyCollection`1[System.String]","System.Collections.Generic.List`1[System.Diagnostics.Eventing.Reader.EventProperty]"
"The Windows Resource Exhaustion Detector stopped.","1002","0",,"4","1","12","4611686018695823360","455","Microsoft-Windows-Resource-Exhaustion-Detector","9988748e-c2e8-4054-85f6-0c3e1cad2470","Microsoft-Windows-Resource-Exhaustion-Detector/Operational","1348","2028","rjaf-PC4429","S-1-5-19","12/24/2014 12:05:05 AM",,,"c:\users\mac_1\desktop\winevt\logs\microsoft-windows-resource-exhaustion-detector%4operational.evtx","System.UInt32[]","System.Diagnostics.Eventing.Reader.EventBookmark","Information","Events logged when the resource exhaustion detector is stopped.","Lifecycle Events","System.Collections.ObjectModel.ReadOnlyCollection`1[System.String]","System.Collections.Generic.List`1[System.Diagnostics.Eventing.Reader.EventProperty]"
"The Windows Resource Exhaustion Detector started.","1001","0",,"4","1","11","4611686018695823360","454","Microsoft-Windows-Resource-Exhaustion-Detector","9988748e-c2e8-4054-85f6-0c3e1cad2470","Microsoft-Windows-Resource-Exhaustion-Detector/Operational","1348","1452","rjaf-PC4429","S-1-5-19","12/24/2014 12:04:08 AM",,,"c:\users\mac_1\desktop\winevt\logs\microsoft-windows-resource-exhaustion-detector%4operational.evtx","System.UInt32[]","System.Diagnostics.Eventing.Reader.EventBookmark","Information","Events logged when the resource exhaustion detector is started.","Lifecycle Events","System.Collections.ObjectModel.ReadOnlyCollection`1[System.String]","System.Collections.Generic.List`1[System.Diagnostics.Eventing.Reader.EventProperty]"
"The Windows Resource Exhaustion Detector stopped.","1002","0",,"4","1","12","4611686018695823360","453","Microsoft-Windows-Resource-Exhaustion-Detector","9988748e-c2e8-4054-85f6-0c3e1cad2470","Microsoft-Windows-Resource-Exhaustion-Detector/Operational","1312","2696","rjaf-PC4429","S-1-5-19","12/23/2014 11:59:38 PM",,,"c:\users\mac_1\desktop\winevt\logs\microsoft-windows-resource-exhaustion-detector%4operational.evtx","System.UInt32[]","System.Diagnostics.Eventing.Reader.EventBookmark","Information","Events logged when the resource exhaustion detector is stopped.","Lifecycle Events","System.Collections.ObjectModel.ReadOnlyCollection`1[System.String]","System.Collections.Generic.List`1[System.Diagnostics.Eventing.Reader.EventProperty]"
"The Windows Resource Exhaustion Detector started.","1001","0",,"4","1","11","4611686018695823360","452","Microsoft-Windows-Resource-Exhaustion-Detector","9988748e-c2e8-4054-85f6-0c3e1cad2470","Microsoft-Windows-Resource-Exhaustion-Detector/Operational","1312","2036","rjaf-PC4429","S-1-5-19","12/23/2014 11:56:33 PM",,,"c:\users\mac_1\desktop\winevt\logs\microsoft-windows-resource-exhaustion-detector%4operational.evtx","System.UInt32[]","System.Diagnostics.Eventing.Reader.EventBookmark","Information","Events logged when the resource exhaustion detector is started.","Lifecycle Events","System.Collections.ObjectModel.ReadOnlyCollection`1[System.String]","System.Collections.Generic.List`1[System.Diagnostics.Eventing.Reader.EventProperty]"
"The Windows Resource Exhaustion Detector stopped.","1002","0",,"4","1","12","4611686018695823360","451","Microsoft-Windows-Resource-Exhaustion-Detector","9988748e-c2e8-4054-85f6-0c3e1cad2470","Microsoft-Windows-Resource-Exhaustion-Detector/Operational","1340","3384","rjaf-PC4429","S-1-5-19","12/23/2014 3:05:44 PM",,,"c:\users\mac_1\desktop\winevt\logs\microsoft-windows-resource-exhaustion-detector%4operational.evtx","System.UInt32[]","System.Diagnostics.Eventing.Reader.EventBookmark","Information","Events logged when the resource exhaustion detector is stopped.","Lifecycle Events","System.Collections.ObjectModel.ReadOnlyCollection`1[System.String]","System.Collections.Generic.List`1[System.Diagnostics.Eventing.Reader.EventProperty]"
"The Windows Resource Exhaustion Detector started.","1001","0",,"4","1","11","4611686018695823360","450","Microsoft-Windows-Resource-Exhaustion-Detector","9988748e-c2e8-4054-85f6-0c3e1cad2470","Microsoft-Windows-Resource-Exhaustion-Detector/Operational","1340","1456","rjaf-PC4429","S-1-5-19","12/23/2014 1:25:23 PM",,,"c:\users\mac_1\desktop\winevt\logs\microsoft-windows-resource-exhaustion-detector%4operational.evtx","System.UInt32[]","System.Diagnostics.Eventing.Reader.EventBookmark","Information","Events logged when the resource exhaustion detector is started.","Lifecycle Events","System.Collections.ObjectModel.ReadOnlyCollection`1[System.String]","System.Collections.Generic.List`1[System.Diagnostics.Eventing.Reader.EventProperty]"
"The Windows Resource Exhaustion Detector started.","1001","0",,"4","1","11","4611686018695823360","449","Microsoft-Windows-Resource-Exhaustion-Detector","9988748e-c2e8-4054-85f6-0c3e1cad2470","Microsoft-Windows-Resource-Exhaustion-Detector/Operational","1316","2040","rjaf-PC4429","S-1-5-19","12/18/2014 10:55:47 PM",,,"c:\users\mac_1\desktop\winevt\logs\microsoft-windows-resource-exhaustion-detector%4operational.evtx","System.UInt32[]","System.Diagnostics.Eventing.Reader.EventBookmark","Information","Events logged when the resource exhaustion detector is started.","Lifecycle Events","System.Collections.ObjectModel.ReadOnlyCollection`1[System.String]","System.Collections.Generic.List`1[System.Diagnostics.Eventing.Reader.EventProperty]"
"The Windows Resource Exhaustion Detector stopped.","1002","0",,"4","1","12","4611686018695823360","448","Microsoft-Windows-Resource-Exhaustion-Detector","9988748e-c2e8-4054-85f6-0c3e1cad2470","Microsoft-Windows-Resource-Exhaustion-Detector/Operational","1320","3768","rjaf-PC4429","S-1-5-19","12/18/2014 12:41:28 PM",,,"c:\users\mac_1\desktop\winevt\logs\microsoft-windows-resource-exhaustion-detector%4operational.evtx","System.UInt32[]","System.Diagnostics.Eventing.Reader.EventBookmark","Information","Events logged when the resource exhaustion detector is stopped.","Lifecycle Events","System.Collections.ObjectModel.ReadOnlyCollection`1[System.String]","System.Collections.Generic.List`1[System.Diagnostics.Eventing.Reader.EventProperty]"
"The Windows Resource Exhaustion Detector started.","1001","0",,"4","1","11","4611686018695823360","447","Microsoft-Windows-Resource-Exhaustion-Detector","9988748e-c2e8-4054-85f6-0c3e1cad2470","Microsoft-Windows-Resource-Exhaustion-Detector/Operational","1320","2140","rjaf-PC4429","S-1-5-19","12/17/2014 5:21:47 AM",,,"c:\users\mac_1\desktop\winevt\logs\microsoft-windows-resource-exhaustion-detector%4operational.evtx","System.UInt32[]","System.Diagnostics.Eventing.Reader.EventBookmark","Information","Events logged when the resource exhaustion detector is started.","Lifecycle Events","System.Collections.ObjectModel.ReadOnlyCollection`1[System.String]","System.Collections.Generic.List`1[System.Diagnostics.Eventing.Reader.EventProperty]"
"The Windows Resource Exhaustion Detector stopped.","1002","0",,"4","1","12","4611686018695823360","446","Microsoft-Windows-Resource-Exhaustion-Detector","9988748e-c2e8-4054-85f6-0c3e1cad2470","Microsoft-Windows-Resource-Exhaustion-Detector/Operational","1296","3940","rjaf-PC4429","S-1-5-19","12/17/2014 3:51:41 AM",,,"c:\users\mac_1\desktop\winevt\logs\microsoft-windows-resource-exhaustion-detector%4operational.evtx","System.UInt32[]","System.Diagnostics.Eventing.Reader.EventBookmark","Information","Events logged when the resource exhaustion detector is stopped.","Lifecycle Events","System.Collections.ObjectModel.ReadOnlyCollection`1[System.String]","System.Collections.Generic.List`1[System.Diagnostics.Eventing.Reader.EventProperty]"
"The Windows Resource Exhaustion Detector started.","1001","0",,"4","1","11","4611686018695823360","445","Microsoft-Windows-Resource-Exhaustion-Detector","9988748e-c2e8-4054-85f6-0c3e1cad2470","Microsoft-Windows-Resource-Exhaustion-Detector/Operational","1296","2040","rjaf-PC4429","S-1-5-19","12/17/2014 1:23:50 AM",,,"c:\users\mac_1\desktop\winevt\logs\microsoft-windows-resource-exhaustion-detector%4operational.evtx","System.UInt32[]","System.Diagnostics.Eventing.Reader.EventBookmark","Information","Events logged when the resource exhaustion detector is started.","Lifecycle Events","System.Collections.ObjectModel.ReadOnlyCollection`1[System.String]","System.Collections.Generic.List`1[System.Diagnostics.Eventing.Reader.EventProperty]"
"The Windows Resource Exhaustion Detector stopped.","1002","0",,"4","1","12","4611686018695823360","444","Microsoft-Windows-Resource-Exhaustion-Detector","9988748e-c2e8-4054-85f6-0c3e1cad2470","Microsoft-Windows-Resource-Exhaustion-Detector/Operational","1312","3124","rjaf-PC4429","S-1-5-19","12/16/2014 1:56:07 PM",,,"c:\users\mac_1\desktop\winevt\logs\microsoft-windows-resource-exhaustion-detector%4operational.evtx","System.UInt32[]","System.Diagnostics.Eventing.Reader.EventBookmark","Information","Events logged when the resource exhaustion detector is stopped.","Lifecycle Events","System.Collections.ObjectModel.ReadOnlyCollection`1[System.String]","System.Collections.Generic.List`1[System.Diagnostics.Eventing.Reader.EventProperty]"
"The Windows Resource Exhaustion Detector started.","1001","0",,"4","1","11","4611686018695823360","443","Microsoft-Windows-Resource-Exhaustion-Detector","9988748e-c2e8-4054-85f6-0c3e1cad2470","Microsoft-Windows-Resource-Exhaustion-Detector/Operational","1312","1500","rjaf-PC4429","S-1-5-19","12/15/2014 11:34:29 PM",,,"c:\users\mac_1\desktop\winevt\logs\microsoft-windows-resource-exhaustion-detector%4operational.evtx","System.UInt32[]","System.Diagnostics.Eventing.Reader.EventBookmark","Information","Events logged when the resource exhaustion detector is started.","Lifecycle Events","System.Collections.ObjectModel.ReadOnlyCollection`1[System.String]","System.Collections.Generic.List`1[System.Diagnostics.Eventing.Reader.EventProperty]"
"The Windows Resource Exhaustion Detector stopped.","1002","0",,"4","1","12","4611686018695823360","442","Microsoft-Windows-Resource-Exhaustion-Detector","9988748e-c2e8-4054-85f6-0c3e1cad2470","Microsoft-Windows-Resource-Exhaustion-Detector/Operational","1360","2556","rjaf-PC4429","S-1-5-19","12/15/2014 3:21:52 PM",,,"c:\users\mac_1\desktop\winevt\logs\microsoft-windows-resource-exhaustion-detector%4operational.evtx","System.UInt32[]","System.Diagnostics.Eventing.Reader.EventBookmark","Information","Events logged when the resource exhaustion detector is stopped.","Lifecycle Events","System.Collections.ObjectModel.ReadOnlyCollection`1[System.String]","System.Collections.Generic.List`1[System.Diagnostics.Eventing.Reader.EventProperty]"
"The Windows Resource Exhaustion Detector started.","1001","0",,"4","1","11","4611686018695823360","441","Microsoft-Windows-Resource-Exhaustion-Detector","9988748e-c2e8-4054-85f6-0c3e1cad2470","Microsoft-Windows-Resource-Exhaustion-Detector/Operational","1360","2020","rjaf-PC4429","S-1-5-19","12/15/2014 6:30:09 AM",,,"c:\users\mac_1\desktop\winevt\logs\microsoft-windows-resource-exhaustion-detector%4operational.evtx","System.UInt32[]","System.Diagnostics.Eventing.Reader.EventBookmark","Information","Events logged when the resource exhaustion detector is started.","Lifecycle Events","System.Collections.ObjectModel.ReadOnlyCollection`1[System.String]","System.Collections.Generic.List`1[System.Diagnostics.Eventing.Reader.EventProperty]"
"The Windows Resource Exhaustion Detector started.","1001","0",,"4","1","11","4611686018695823360","440","Microsoft-Windows-Resource-Exhaustion-Detector","9988748e-c2e8-4054-85f6-0c3e1cad2470","Microsoft-Windows-Resource-Exhaustion-Detector/Operational","1308","1508","rjaf-PC4429","S-1-5-19","12/15/2014 4:01:24 AM",,,"c:\users\mac_1\desktop\winevt\logs\microsoft-windows-resource-exhaustion-detector%4operational.evtx","System.UInt32[]","System.Diagnostics.Eventing.Reader.EventBookmark","Information","Events logged when the resource exhaustion detector is started.","Lifecycle Events","System.Collections.ObjectModel.ReadOnlyCollection`1[System.String]","System.Collections.Generic.List`1[System.Diagnostics.Eventing.Reader.EventProperty]"
"The Windows Resource Exhaustion Detector stopped.","1002","0",,"4","1","12","4611686018695823360","439","Microsoft-Windows-Resource-Exhaustion-Detector","9988748e-c2e8-4054-85f6-0c3e1cad2470","Microsoft-Windows-Resource-Exhaustion-Detector/Operational","1352","188","rjaf-PC4429","S-1-5-19","12/15/2014 3:00:50 AM",,,"c:\users\mac_1\desktop\winevt\logs\microsoft-windows-resource-exhaustion-detector%4operational.evtx","System.UInt32[]","System.Diagnostics.Eventing.Reader.EventBookmark","Information","Events logged when the resource exhaustion detector is stopped.","Lifecycle Events","System.Collections.ObjectModel.ReadOnlyCollection`1[System.String]","System.Collections.Generic.List`1[System.Diagnostics.Eventing.Reader.EventProperty]"
"The Windows Resource Exhaustion Detector started.","1001","0",,"4","1","11","4611686018695823360","438","Microsoft-Windows-Resource-Exhaustion-Detector","9988748e-c2e8-4054-85f6-0c3e1cad2470","Microsoft-Windows-Resource-Exhaustion-Detector/Operational","1352","888","rjaf-PC4429","S-1-5-19","12/11/2014 5:29:42 PM",,,"c:\users\mac_1\desktop\winevt\logs\microsoft-windows-resource-exhaustion-detector%4operational.evtx","System.UInt32[]","System.Diagnostics.Eventing.Reader.EventBookmark","Information","Events logged when the resource exhaustion detector is started.","Lifecycle Events","System.Collections.ObjectModel.ReadOnlyCollection`1[System.String]","System.Collections.Generic.List`1[System.Diagnostics.Eventing.Reader.EventProperty]"
"The Windows Resource Exhaustion Detector stopped.","1002","0",,"4","1","12","4611686018695823360","437","Microsoft-Windows-Resource-Exhaustion-Detector","9988748e-c2e8-4054-85f6-0c3e1cad2470","Microsoft-Windows-Resource-Exhaustion-Detector/Operational","1320","2472","rjaf-PC4429","S-1-5-19","12/11/2014 5:19:11 PM",,,"c:\users\mac_1\desktop\winevt\logs\microsoft-windows-resource-exhaustion-detector%4operational.evtx","System.UInt32[]","System.Diagnostics.Eventing.Reader.EventBookmark","Information","Events logged when the resource exhaustion detector is stopped.","Lifecycle Events","System.Collections.ObjectModel.ReadOnlyCollection`1[System.String]","System.Collections.Generic.List`1[System.Diagnostics.Eventing.Reader.EventProperty]"
"The Windows Resource Exhaustion Detector stopped.","1002","0",,"4","1","12","4611686018695823360","436","Microsoft-Windows-Resource-Exhaustion-Detector","9988748e-c2e8-4054-85f6-0c3e1cad2470","Microsoft-Windows-Resource-Exhaustion-Detector/Operational","920","3992","rjaf-PC4429","S-1-5-18","12/10/2014 10:10:17 AM",,,"c:\users\mac_1\desktop\winevt\logs\microsoft-windows-resource-exhaustion-detector%4operational.evtx","System.UInt32[]","System.Diagnostics.Eventing.Reader.EventBookmark","Information","Events logged when the resource exhaustion detector is stopped.","Lifecycle Events","System.Collections.ObjectModel.ReadOnlyCollection`1[System.String]","System.Collections.Generic.List`1[System.Diagnostics.Eventing.Reader.EventProperty]"
"The Windows Resource Exhaustion Detector started.","1001","0",,"4","1","11","4611686018695823360","435","Microsoft-Windows-Resource-Exhaustion-Detector","9988748e-c2e8-4054-85f6-0c3e1cad2470","Microsoft-Windows-Resource-Exhaustion-Detector/Operational","920","3564","rjaf-PC4429","S-1-5-18","12/10/2014 9:50:19 AM",,,"c:\users\mac_1\desktop\winevt\logs\microsoft-windows-resource-exhaustion-detector%4operational.evtx","System.UInt32[]","System.Diagnostics.Eventing.Reader.EventBookmark","Information","Events logged when the resource exhaustion detector is started.","Lifecycle Events","System.Collections.ObjectModel.ReadOnlyCollection`1[System.String]","System.Collections.Generic.List`1[System.Diagnostics.Eventing.Reader.EventProperty]"
"The Windows Resource Exhaustion Detector started.","1001","0",,"4","1","11","4611686018695823360","434","Microsoft-Windows-Resource-Exhaustion-Detector","9988748e-c2e8-4054-85f6-0c3e1cad2470","Microsoft-Windows-Resource-Exhaustion-Detector/Operational","1320","1976","rjaf-PC4429","S-1-5-19","12/10/2014 7:45:59 AM",,,"c:\users\mac_1\desktop\winevt\logs\microsoft-windows-resource-exhaustion-detector%4operational.evtx","System.UInt32[]","System.Diagnostics.Eventing.Reader.EventBookmark","Information","Events logged when the resource exhaustion detector is started.","Lifecycle Events","System.Collections.ObjectModel.ReadOnlyCollection`1[System.String]","System.Collections.Generic.List`1[System.Diagnostics.Eventing.Reader.EventProperty]"
"The Windows Resource Exhaustion Detector started.","1001","0",,"4","1","11","4611686018695823360","433","Microsoft-Windows-Resource-Exhaustion-Detector","9988748e-c2e8-4054-85f6-0c3e1cad2470","Microsoft-Windows-Resource-Exhaustion-Detector/Operational","1308","256","rjaf-PC4429","S-1-5-19","12/7/2014 1:57:56 AM",,,"c:\users\mac_1\desktop\winevt\logs\microsoft-windows-resource-exhaustion-detector%4operational.evtx","System.UInt32[]","System.Diagnostics.Eventing.Reader.EventBookmark","Information","Events logged when the resource exhaustion detector is started.","Lifecycle Events","System.Collections.ObjectModel.ReadOnlyCollection`1[System.String]","System.Collections.Generic.List`1[System.Diagnostics.Eventing.Reader.EventProperty]"
"The Windows Resource Exhaustion Detector started.","1001","0",,"4","1","11","4611686018695823360","432","Microsoft-Windows-Resource-Exhaustion-Detector","9988748e-c2e8-4054-85f6-0c3e1cad2470","Microsoft-Windows-Resource-Exhaustion-Detector/Operational","1332","1492","rjaf-PC4429","S-1-5-19","12/6/2014 11:36:04 PM",,,"c:\users\mac_1\desktop\winevt\logs\microsoft-windows-resource-exhaustion-detector%4operational.evtx","System.UInt32[]","System.Diagnostics.Eventing.Reader.EventBookmark","Information","Events logged when the resource exhaustion detector is started.","Lifecycle Events","System.Collections.ObjectModel.ReadOnlyCollection`1[System.String]","System.Collections.Generic.List`1[System.Diagnostics.Eventing.Reader.EventProperty]"
"The Windows Resource Exhaustion Detector stopped.","1002","0",,"4","1","12","4611686018695823360","431","Microsoft-Windows-Resource-Exhaustion-Detector","9988748e-c2e8-4054-85f6-0c3e1cad2470","Microsoft-Windows-Resource-Exhaustion-Detector/Operational","1336","4480","rjaf-PC4429","S-1-5-19","12/6/2014 9:26:14 AM",,,"c:\users\mac_1\desktop\winevt\logs\microsoft-windows-resource-exhaustion-detector%4operational.evtx","System.UInt32[]","System.Diagnostics.Eventing.Reader.EventBookmark","Information","Events logged when the resource exhaustion detector is stopped.","Lifecycle Events","System.Collections.ObjectModel.ReadOnlyCollection`1[System.String]","System.Collections.Generic.List`1[System.Diagnostics.Eventing.Reader.EventProperty]"
"The Windows Resource Exhaustion Detector started.","1001","0",,"4","1","11","4611686018695823360","430","Microsoft-Windows-Resource-Exhaustion-Detector","9988748e-c2e8-4054-85f6-0c3e1cad2470","Microsoft-Windows-Resource-Exhaustion-Detector/Operational","1336","296","rjaf-PC4429","S-1-5-19","12/3/2014 2:49:10 AM",,,"c:\users\mac_1\desktop\winevt\logs\microsoft-windows-resource-exhaustion-detector%4operational.evtx","System.UInt32[]","System.Diagnostics.Eventing.Reader.EventBookmark","Information","Events logged when the resource exhaustion detector is started.","Lifecycle Events","System.Collections.ObjectModel.ReadOnlyCollection`1[System.String]","System.Collections.Generic.List`1[System.Diagnostics.Eventing.Reader.EventProperty]"
"The Windows Resource Exhaustion Detector started.","1001","0",,"4","1","11","4611686018695823360","429","Microsoft-Windows-Resource-Exhaustion-Detector","9988748e-c2e8-4054-85f6-0c3e1cad2470","Microsoft-Windows-Resource-Exhaustion-Detector/Operational","1304","1772","rjaf-PC4429","S-1-5-19","11/30/2014 1:02:13 AM",,,"c:\users\mac_1\desktop\winevt\logs\microsoft-windows-resource-exhaustion-detector%4operational.evtx","System.UInt32[]","System.Diagnostics.Eventing.Reader.EventBookmark","Information","Events logged when the resource exhaustion detector is started.","Lifecycle Events","System.Collections.ObjectModel.ReadOnlyCollection`1[System.String]","System.Collections.Generic.List`1[System.Diagnostics.Eventing.Reader.EventProperty]"
"The Windows Resource Exhaustion Detector stopped.","1002","0",,"4","1","12","4611686018695823360","428","Microsoft-Windows-Resource-Exhaustion-Detector","9988748e-c2e8-4054-85f6-0c3e1cad2470","Microsoft-Windows-Resource-Exhaustion-Detector/Operational","1316","3304","rjaf-PC4429","S-1-5-19","11/30/2014 12:15:26 AM",,,"c:\users\mac_1\desktop\winevt\logs\microsoft-windows-resource-exhaustion-detector%4operational.evtx","System.UInt32[]","System.Diagnostics.Eventing.Reader.EventBookmark","Information","Events logged when the resource exhaustion detector is stopped.","Lifecycle Events","System.Collections.ObjectModel.ReadOnlyCollection`1[System.String]","System.Collections.Generic.List`1[System.Diagnostics.Eventing.Reader.EventProperty]"
"The Windows Resource Exhaustion Detector started.","1001","0",,"4","1","11","4611686018695823360","427","Microsoft-Windows-Resource-Exhaustion-Detector","9988748e-c2e8-4054-85f6-0c3e1cad2470","Microsoft-Windows-Resource-Exhaustion-Detector/Operational","1316","1988","rjaf-PC4429","S-1-5-19","11/29/2014 10:21:34 AM",,,"c:\users\mac_1\desktop\winevt\logs\microsoft-windows-resource-exhaustion-detector%4operational.evtx","System.UInt32[]","System.Diagnostics.Eventing.Reader.EventBookmark","Information","Events logged when the resource exhaustion detector is started.","Lifecycle Events","System.Collections.ObjectModel.ReadOnlyCollection`1[System.String]","System.Collections.Generic.List`1[System.Diagnostics.Eventing.Reader.EventProperty]"
"The Windows Resource Exhaustion Detector stopped.","1002","0",,"4","1","12","4611686018695823360","426","Microsoft-Windows-Resource-Exhaustion-Detector","9988748e-c2e8-4054-85f6-0c3e1cad2470","Microsoft-Windows-Resource-Exhaustion-Detector/Operational","1320","2096","rjaf-PC4429","S-1-5-19","11/29/2014 2:19:45 AM",,,"c:\users\mac_1\desktop\winevt\logs\microsoft-windows-resource-exhaustion-detector%4operational.evtx","System.UInt32[]","System.Diagnostics.Eventing.Reader.EventBookmark","Information","Events logged when the resource exhaustion detector is stopped.","Lifecycle Events","System.Collections.ObjectModel.ReadOnlyCollection`1[System.String]","System.Collections.Generic.List`1[System.Diagnostics.Eventing.Reader.EventProperty]"
"The Windows Resource Exhaustion Detector started.","1001","0",,"4","1","11","4611686018695823360","425","Microsoft-Windows-Resource-Exhaustion-Detector","9988748e-c2e8-4054-85f6-0c3e1cad2470","Microsoft-Windows-Resource-Exhaustion-Detector/Operational","1320","1492","rjaf-PC4429","S-1-5-19","11/28/2014 10:13:30 AM",,,"c:\users\mac_1\desktop\winevt\logs\microsoft-windows-resource-exhaustion-detector%4operational.evtx","System.UInt32[]","System.Diagnostics.Eventing.Reader.EventBookmark","Information","Events logged when the resource exhaustion detector is started.","Lifecycle Events","System.Collections.ObjectModel.ReadOnlyCollection`1[System.String]","System.Collections.Generic.List`1[System.Diagnostics.Eventing.Reader.EventProperty]"
"The Windows Resource Exhaustion Detector stopped.","1002","0",,"4","1","12","4611686018695823360","424","Microsoft-Windows-Resource-Exhaustion-Detector","9988748e-c2e8-4054-85f6-0c3e1cad2470","Microsoft-Windows-Resource-Exhaustion-Detector/Operational","1312","3960","rjaf-PC4429","S-1-5-19","11/28/2014 8:55:15 AM",,,"c:\users\mac_1\desktop\winevt\logs\microsoft-windows-resource-exhaustion-detector%4operational.evtx","System.UInt32[]","System.Diagnostics.Eventing.Reader.EventBookmark","Information","Events logged when the resource exhaustion detector is stopped.","Lifecycle Events","System.Collections.ObjectModel.ReadOnlyCollection`1[System.String]","System.Collections.Generic.List`1[System.Diagnostics.Eventing.Reader.EventProperty]"
"The Windows Resource Exhaustion Detector started.","1001","0",,"4","1","11","4611686018695823360","423","Microsoft-Windows-Resource-Exhaustion-Detector","9988748e-c2e8-4054-85f6-0c3e1cad2470","Microsoft-Windows-Resource-Exhaustion-Detector/Operational","1312","1444","rjaf-PC4429","S-1-5-19","11/28/2014 8:36:53 AM",,,"c:\users\mac_1\desktop\winevt\logs\microsoft-windows-resource-exhaustion-detector%4operational.evtx","System.UInt32[]","System.Diagnostics.Eventing.Reader.EventBookmark","Information","Events logged when the resource exhaustion detector is started.","Lifecycle Events","System.Collections.ObjectModel.ReadOnlyCollection`1[System.String]","System.Collections.Generic.List`1[System.Diagnostics.Eventing.Reader.EventProperty]"
"The Windows Resource Exhaustion Detector stopped.","1002","0",,"4","1","12","4611686018695823360","422","Microsoft-Windows-Resource-Exhaustion-Detector","9988748e-c2e8-4054-85f6-0c3e1cad2470","Microsoft-Windows-Resource-Exhaustion-Detector/Operational","1364","308","rjaf-PC4429","S-1-5-19","11/28/2014 12:09:17 AM",,,"c:\users\mac_1\desktop\winevt\logs\microsoft-windows-resource-exhaustion-detector%4operational.evtx","System.UInt32[]","System.Diagnostics.Eventing.Reader.EventBookmark","Information","Events logged when the resource exhaustion detector is stopped.","Lifecycle Events","System.Collections.ObjectModel.ReadOnlyCollection`1[System.String]","System.Collections.Generic.List`1[System.Diagnostics.Eventing.Reader.EventProperty]"
"The Windows Resource Exhaustion Detector started.","1001","0",,"4","1","11","4611686018695823360","421","Microsoft-Windows-Resource-Exhaustion-Detector","9988748e-c2e8-4054-85f6-0c3e1cad2470","Microsoft-Windows-Resource-Exhaustion-Detector/Operational","1364","116","rjaf-PC4429","S-1-5-19","11/27/2014 11:40:22 PM",,,"c:\users\mac_1\desktop\winevt\logs\microsoft-windows-resource-exhaustion-detector%4operational.evtx","System.UInt32[]","System.Diagnostics.Eventing.Reader.EventBookmark","Information","Events logged when the resource exhaustion detector is started.","Lifecycle Events","System.Collections.ObjectModel.ReadOnlyCollection`1[System.String]","System.Collections.Generic.List`1[System.Diagnostics.Eventing.Reader.EventProperty]"
"The Windows Resource Exhaustion Detector started.","1001","0",,"4","1","11","4611686018695823360","420","Microsoft-Windows-Resource-Exhaustion-Detector","9988748e-c2e8-4054-85f6-0c3e1cad2470","Microsoft-Windows-Resource-Exhaustion-Detector/Operational","1320","1488","rjaf-PC4429","S-1-5-19","11/26/2014 10:04:48 PM",,,"c:\users\mac_1\desktop\winevt\logs\microsoft-windows-resource-exhaustion-detector%4operational.evtx","System.UInt32[]","System.Diagnostics.Eventing.Reader.EventBookmark","Information","Events logged when the resource exhaustion detector is started.","Lifecycle Events","System.Collections.ObjectModel.ReadOnlyCollection`1[System.String]","System.Collections.Generic.List`1[System.Diagnostics.Eventing.Reader.EventProperty]"
"The Windows Resource Exhaustion Detector stopped.","1002","0",,"4","1","12","4611686018695823360","419","Microsoft-Windows-Resource-Exhaustion-Detector","9988748e-c2e8-4054-85f6-0c3e1cad2470","Microsoft-Windows-Resource-Exhaustion-Detector/Operational","1316","1996","rjaf-PC4429","S-1-5-19","11/26/2014 12:42:08 PM","86432a0b-3c7d-4ddf-a89c-172faa90485d",,"c:\users\mac_1\desktop\winevt\logs\microsoft-windows-resource-exhaustion-detector%4operational.evtx","System.UInt32[]","System.Diagnostics.Eventing.Reader.EventBookmark","Information","Events logged when the resource exhaustion detector is stopped.","Lifecycle Events","System.Collections.ObjectModel.ReadOnlyCollection`1[System.String]","System.Collections.Generic.List`1[System.Diagnostics.Eventing.Reader.EventProperty]"
"The Windows Resource Exhaustion Detector started.","1001","0",,"4","1","11","4611686018695823360","418","Microsoft-Windows-Resource-Exhaustion-Detector","9988748e-c2e8-4054-85f6-0c3e1cad2470","Microsoft-Windows-Resource-Exhaustion-Detector/Operational","1316","1328","rjaf-PC4429","S-1-5-19","11/26/2014 12:37:00 PM",,,"c:\users\mac_1\desktop\winevt\logs\microsoft-windows-resource-exhaustion-detector%4operational.evtx","System.UInt32[]","System.Diagnostics.Eventing.Reader.EventBookmark","Information","Events logged when the resource exhaustion detector is started.","Lifecycle Events","System.Collections.ObjectModel.ReadOnlyCollection`1[System.String]","System.Collections.Generic.List`1[System.Diagnostics.Eventing.Reader.EventProperty]"
"The Windows Resource Exhaustion Detector stopped.","1002","0",,"4","1","12","4611686018695823360","417","Microsoft-Windows-Resource-Exhaustion-Detector","9988748e-c2e8-4054-85f6-0c3e1cad2470","Microsoft-Windows-Resource-Exhaustion-Detector/Operational","1300","384","rjaf-PC4429","S-1-5-19","11/26/2014 11:34:07 AM",,,"c:\users\mac_1\desktop\winevt\logs\microsoft-windows-resource-exhaustion-detector%4operational.evtx","System.UInt32[]","System.Diagnostics.Eventing.Reader.EventBookmark","Information","Events logged when the resource exhaustion detector is stopped.","Lifecycle Events","System.Collections.ObjectModel.ReadOnlyCollection`1[System.String]","System.Collections.Generic.List`1[System.Diagnostics.Eventing.Reader.EventProperty]"
"The Windows Resource Exhaustion Detector started.","1001","0",,"4","1","11","4611686018695823360","416","Microsoft-Windows-Resource-Exhaustion-Detector","9988748e-c2e8-4054-85f6-0c3e1cad2470","Microsoft-Windows-Resource-Exhaustion-Detector/Operational","1300","1984","rjaf-PC4429","S-1-5-19","11/26/2014 9:28:01 AM",,,"c:\users\mac_1\desktop\winevt\logs\microsoft-windows-resource-exhaustion-detector%4operational.evtx","System.UInt32[]","System.Diagnostics.Eventing.Reader.EventBookmark","Information","Events logged when the resource exhaustion detector is started.","Lifecycle Events","System.Collections.ObjectModel.ReadOnlyCollection`1[System.String]","System.Collections.Generic.List`1[System.Diagnostics.Eventing.Reader.EventProperty]"
"The Windows Resource Exhaustion Detector stopped.","1002","0",,"4","1","12","4611686018695823360","415","Microsoft-Windows-Resource-Exhaustion-Detector","9988748e-c2e8-4054-85f6-0c3e1cad2470","Microsoft-Windows-Resource-Exhaustion-Detector/Operational","928","2956","rjaf-PC4429","S-1-5-18","11/24/2014 1:07:46 AM",,,"c:\users\mac_1\desktop\winevt\logs\microsoft-windows-resource-exhaustion-detector%4operational.evtx","System.UInt32[]","System.Diagnostics.Eventing.Reader.EventBookmark","Information","Events logged when the resource exhaustion detector is stopped.","Lifecycle Events","System.Collections.ObjectModel.ReadOnlyCollection`1[System.String]","System.Collections.Generic.List`1[System.Diagnostics.Eventing.Reader.EventProperty]"
"The Windows Resource Exhaustion Detector started.","1001","0",,"4","1","11","4611686018695823360","414","Microsoft-Windows-Resource-Exhaustion-Detector","9988748e-c2e8-4054-85f6-0c3e1cad2470","Microsoft-Windows-Resource-Exhaustion-Detector/Operational","928","2312","rjaf-PC4429","S-1-5-18","11/24/2014 12:42:47 AM",,,"c:\users\mac_1\desktop\winevt\logs\microsoft-windows-resource-exhaustion-detector%4operational.evtx","System.UInt32[]","System.Diagnostics.Eventing.Reader.EventBookmark","Information","Events logged when the resource exhaustion detector is started.","Lifecycle Events","System.Collections.ObjectModel.ReadOnlyCollection`1[System.String]","System.Collections.Generic.List`1[System.Diagnostics.Eventing.Reader.EventProperty]"
"The Windows Resource Exhaustion Detector started.","1001","0",,"4","1","11","4611686018695823360","413","Microsoft-Windows-Resource-Exhaustion-Detector","9988748e-c2e8-4054-85f6-0c3e1cad2470","Microsoft-Windows-Resource-Exhaustion-Detector/Operational","1312","2000","rjaf-PC4429","S-1-5-19","11/23/2014 1:20:39 AM",,,"c:\users\mac_1\desktop\winevt\logs\microsoft-windows-resource-exhaustion-detector%4operational.evtx","System.UInt32[]","System.Diagnostics.Eventing.Reader.EventBookmark","Information","Events logged when the resource exhaustion detector is started.","Lifecycle Events","System.Collections.ObjectModel.ReadOnlyCollection`1[System.String]","System.Collections.Generic.List`1[System.Diagnostics.Eventing.Reader.EventProperty]"
"The Windows Resource Exhaustion Detector stopped.","1002","0",,"4","1","12","4611686018695823360","412","Microsoft-Windows-Resource-Exhaustion-Detector","9988748e-c2e8-4054-85f6-0c3e1cad2470","Microsoft-Windows-Resource-Exhaustion-Detector/Operational","1336","3936","rjaf-PC4429","S-1-5-19","11/22/2014 3:10:42 AM",,,"c:\users\mac_1\desktop\winevt\logs\microsoft-windows-resource-exhaustion-detector%4operational.evtx","System.UInt32[]","System.Diagnostics.Eventing.Reader.EventBookmark","Information","Events logged when the resource exhaustion detector is stopped.","Lifecycle Events","System.Collections.ObjectModel.ReadOnlyCollection`1[System.String]","System.Collections.Generic.List`1[System.Diagnostics.Eventing.Reader.EventProperty]"
"The Windows Resource Exhaustion Detector started.","1001","0",,"4","1","11","4611686018695823360","411","Microsoft-Windows-Resource-Exhaustion-Detector","9988748e-c2e8-4054-85f6-0c3e1cad2470","Microsoft-Windows-Resource-Exhaustion-Detector/Operational","1336","768","rjaf-PC4429","S-1-5-19","11/22/2014 2:43:00 AM",,,"c:\users\mac_1\desktop\winevt\logs\microsoft-windows-resource-exhaustion-detector%4operational.evtx","System.UInt32[]","System.Diagnostics.Eventing.Reader.EventBookmark","Information","Events logged when the resource exhaustion detector is started.","Lifecycle Events","System.Collections.ObjectModel.ReadOnlyCollection`1[System.String]","System.Collections.Generic.List`1[System.Diagnostics.Eventing.Reader.EventProperty]"
"The Windows Resource Exhaustion Detector stopped.","1002","0",,"4","1","12","4611686018695823360","410","Microsoft-Windows-Resource-Exhaustion-Detector","9988748e-c2e8-4054-85f6-0c3e1cad2470","Microsoft-Windows-Resource-Exhaustion-Detector/Operational","1304","5276","rjaf-PC4429","S-1-5-19","11/21/2014 9:56:30 AM",,,"c:\users\mac_1\desktop\winevt\logs\microsoft-windows-resource-exhaustion-detector%4operational.evtx","System.UInt32[]","System.Diagnostics.Eventing.Reader.EventBookmark","Information","Events logged when the resource exhaustion detector is stopped.","Lifecycle Events","System.Collections.ObjectModel.ReadOnlyCollection`1[System.String]","System.Collections.Generic.List`1[System.Diagnostics.Eventing.Reader.EventProperty]"
"The Windows Resource Exhaustion Detector started.","1001","0",,"4","1","11","4611686018695823360","409","Microsoft-Windows-Resource-Exhaustion-Detector","9988748e-c2e8-4054-85f6-0c3e1cad2470","Microsoft-Windows-Resource-Exhaustion-Detector/Operational","1304","2036","rjaf-PC4429","S-1-5-19","11/19/2014 1:05:09 AM",,,"c:\users\mac_1\desktop\winevt\logs\microsoft-windows-resource-exhaustion-detector%4operational.evtx","System.UInt32[]","System.Diagnostics.Eventing.Reader.EventBookmark","Information","Events logged when the resource exhaustion detector is started.","Lifecycle Events","System.Collections.ObjectModel.ReadOnlyCollection`1[System.String]","System.Collections.Generic.List`1[System.Diagnostics.Eventing.Reader.EventProperty]"
"The Windows Resource Exhaustion Detector started.","1001","0",,"4","1","11","4611686018695823360","408","Microsoft-Windows-Resource-Exhaustion-Detector","9988748e-c2e8-4054-85f6-0c3e1cad2470","Microsoft-Windows-Resource-Exhaustion-Detector/Operational","1328","1444","rjaf-PC4429","S-1-5-19","11/17/2014 11:45:40 PM",,,"c:\users\mac_1\desktop\winevt\logs\microsoft-windows-resource-exhaustion-detector%4operational.evtx","System.UInt32[]","System.Diagnostics.Eventing.Reader.EventBookmark","Information","Events logged when the resource exhaustion detector is started.","Lifecycle Events","System.Collections.ObjectModel.ReadOnlyCollection`1[System.String]","System.Collections.Generic.List`1[System.Diagnostics.Eventing.Reader.EventProperty]"
"The Windows Resource Exhaustion Detector stopped.","1002","0",,"4","1","12","4611686018695823360","407","Microsoft-Windows-Resource-Exhaustion-Detector","9988748e-c2e8-4054-85f6-0c3e1cad2470","Microsoft-Windows-Resource-Exhaustion-Detector/Operational","1304","1552","rjaf-PC4429","S-1-5-19","11/17/2014 9:40:33 AM",,,"c:\users\mac_1\desktop\winevt\logs\microsoft-windows-resource-exhaustion-detector%4operational.evtx","System.UInt32[]","System.Diagnostics.Eventing.Reader.EventBookmark","Information","Events logged when the resource exhaustion detector is stopped.","Lifecycle Events","System.Collections.ObjectModel.ReadOnlyCollection`1[System.String]","System.Collections.Generic.List`1[System.Diagnostics.Eventing.Reader.EventProperty]"
"The Windows Resource Exhaustion Detector started.","1001","0",,"4","1","11","4611686018695823360","406","Microsoft-Windows-Resource-Exhaustion-Detector","9988748e-c2e8-4054-85f6-0c3e1cad2470","Microsoft-Windows-Resource-Exhaustion-Detector/Operational","1304","2000","rjaf-PC4429","S-1-5-19","11/17/2014 9:35:18 AM",,,"c:\users\mac_1\desktop\winevt\logs\microsoft-windows-resource-exhaustion-detector%4operational.evtx","System.UInt32[]","System.Diagnostics.Eventing.Reader.EventBookmark","Information","Events logged when the resource exhaustion detector is started.","Lifecycle Events","System.Collections.ObjectModel.ReadOnlyCollection`1[System.String]","System.Collections.Generic.List`1[System.Diagnostics.Eventing.Reader.EventProperty]"
"The Windows Resource Exhaustion Detector stopped.","1002","0",,"4","1","12","4611686018695823360","405","Microsoft-Windows-Resource-Exhaustion-Detector","9988748e-c2e8-4054-85f6-0c3e1cad2470","Microsoft-Windows-Resource-Exhaustion-Detector/Operational","1324","3648","rjaf-PC4429","S-1-5-19","11/17/2014 5:41:26 AM",,,"c:\users\mac_1\desktop\winevt\logs\microsoft-windows-resource-exhaustion-detector%4operational.evtx","System.UInt32[]","System.Diagnostics.Eventing.Reader.EventBookmark","Information","Events logged when the resource exhaustion detector is stopped.","Lifecycle Events","System.Collections.ObjectModel.ReadOnlyCollection`1[System.String]","System.Collections.Generic.List`1[System.Diagnostics.Eventing.Reader.EventProperty]"
"The Windows Resource Exhaustion Detector started.","1001","0",,"4","1","11","4611686018695823360","404","Microsoft-Windows-Resource-Exhaustion-Detector","9988748e-c2e8-4054-85f6-0c3e1cad2470","Microsoft-Windows-Resource-Exhaustion-Detector/Operational","1324","452","rjaf-PC4429","S-1-5-19","11/17/2014 1:03:37 AM",,,"c:\users\mac_1\desktop\winevt\logs\microsoft-windows-resource-exhaustion-detector%4operational.evtx","System.UInt32[]","System.Diagnostics.Eventing.Reader.EventBookmark","Information","Events logged when the resource exhaustion detector is started.","Lifecycle Events","System.Collections.ObjectModel.ReadOnlyCollection`1[System.String]","System.Collections.Generic.List`1[System.Diagnostics.Eventing.Reader.EventProperty]"
"The Windows Resource Exhaustion Detector stopped.","1002","0",,"4","1","12","4611686018695823360","403","Microsoft-Windows-Resource-Exhaustion-Detector","9988748e-c2e8-4054-85f6-0c3e1cad2470","Microsoft-Windows-Resource-Exhaustion-Detector/Operational","1324","3248","rjaf-PC4429","S-1-5-19","11/17/2014 12:16:23 AM",,,"c:\users\mac_1\desktop\winevt\logs\microsoft-windows-resource-exhaustion-detector%4operational.evtx","System.UInt32[]","System.Diagnostics.Eventing.Reader.EventBookmark","Information","Events logged when the resource exhaustion detector is stopped.","Lifecycle Events","System.Collections.ObjectModel.ReadOnlyCollection`1[System.String]","System.Collections.Generic.List`1[System.Diagnostics.Eventing.Reader.EventProperty]"
"The Windows Resource Exhaustion Detector started.","1001","0",,"4","1","11","4611686018695823360","402","Microsoft-Windows-Resource-Exhaustion-Detector","9988748e-c2e8-4054-85f6-0c3e1cad2470","Microsoft-Windows-Resource-Exhaustion-Detector/Operational","1324","128","rjaf-PC4429","S-1-5-19","11/16/2014 11:00:05 PM",,,"c:\users\mac_1\desktop\winevt\logs\microsoft-windows-resource-exhaustion-detector%4operational.evtx","System.UInt32[]","System.Diagnostics.Eventing.Reader.EventBookmark","Information","Events logged when the resource exhaustion detector is started.","Lifecycle Events","System.Collections.ObjectModel.ReadOnlyCollection`1[System.String]","System.Collections.Generic.List`1[System.Diagnostics.Eventing.Reader.EventProperty]"
"The Windows Resource Exhaustion Detector stopped.","1002","0",,"4","1","12","4611686018695823360","401","Microsoft-Windows-Resource-Exhaustion-Detector","9988748e-c2e8-4054-85f6-0c3e1cad2470","Microsoft-Windows-Resource-Exhaustion-Detector/Operational","1324","3936","rjaf-PC4429","S-1-5-19","11/16/2014 12:37:18 PM",,,"c:\users\mac_1\desktop\winevt\logs\microsoft-windows-resource-exhaustion-detector%4operational.evtx","System.UInt32[]","System.Diagnostics.Eventing.Reader.EventBookmark","Information","Events logged when the resource exhaustion detector is stopped.","Lifecycle Events","System.Collections.ObjectModel.ReadOnlyCollection`1[System.String]","System.Collections.Generic.List`1[System.Diagnostics.Eventing.Reader.EventProperty]"
"The Windows Resource Exhaustion Detector started.","1001","0",,"4","1","11","4611686018695823360","400","Microsoft-Windows-Resource-Exhaustion-Detector","9988748e-c2e8-4054-85f6-0c3e1cad2470","Microsoft-Windows-Resource-Exhaustion-Detector/Operational","1324","128","rjaf-PC4429","S-1-5-19","11/16/2014 5:32:38 AM",,,"c:\users\mac_1\desktop\winevt\logs\microsoft-windows-resource-exhaustion-detector%4operational.evtx","System.UInt32[]","System.Diagnostics.Eventing.Reader.EventBookmark","Information","Events logged when the resource exhaustion detector is started.","Lifecycle Events","System.Collections.ObjectModel.ReadOnlyCollection`1[System.String]","System.Collections.Generic.List`1[System.Diagnostics.Eventing.Reader.EventProperty]"
"The Windows Resource Exhaustion Detector stopped.","1002","0",,"4","1","12","4611686018695823360","399","Microsoft-Windows-Resource-Exhaustion-Detector","9988748e-c2e8-4054-85f6-0c3e1cad2470","Microsoft-Windows-Resource-Exhaustion-Detector/Operational","1376","3444","rjaf-PC4429","S-1-5-19","11/16/2014 3:03:42 AM",,,"c:\users\mac_1\desktop\winevt\logs\microsoft-windows-resource-exhaustion-detector%4operational.evtx","System.UInt32[]","System.Diagnostics.Eventing.Reader.EventBookmark","Information","Events logged when the resource exhaustion detector is stopped.","Lifecycle Events","System.Collections.ObjectModel.ReadOnlyCollection`1[System.String]","System.Collections.Generic.List`1[System.Diagnostics.Eventing.Reader.EventProperty]"
"The Windows Resource Exhaustion Detector started.","1001","0",,"4","1","11","4611686018695823360","398","Microsoft-Windows-Resource-Exhaustion-Detector","9988748e-c2e8-4054-85f6-0c3e1cad2470","Microsoft-Windows-Resource-Exhaustion-Detector/Operational","1376","684","rjaf-PC4429","S-1-5-19","11/16/2014 1:17:57 AM",,,"c:\users\mac_1\desktop\winevt\logs\microsoft-windows-resource-exhaustion-detector%4operational.evtx","System.UInt32[]","System.Diagnostics.Eventing.Reader.EventBookmark","Information","Events logged when the resource exhaustion detector is started.","Lifecycle Events","System.Collections.ObjectModel.ReadOnlyCollection`1[System.String]","System.Collections.Generic.List`1[System.Diagnostics.Eventing.Reader.EventProperty]"
"The Windows Resource Exhaustion Detector started.","1001","0",,"4","1","11","4611686018695823360","397","Microsoft-Windows-Resource-Exhaustion-Detector","9988748e-c2e8-4054-85f6-0c3e1cad2470","Microsoft-Windows-Resource-Exhaustion-Detector/Operational","1328","1792","rjaf-PC4429","S-1-5-19","11/12/2014 11:45:32 PM",,,"c:\users\mac_1\desktop\winevt\logs\microsoft-windows-resource-exhaustion-detector%4operational.evtx","System.UInt32[]","System.Diagnostics.Eventing.Reader.EventBookmark","Information","Events logged when the resource exhaustion detector is started.","Lifecycle Events","System.Collections.ObjectModel.ReadOnlyCollection`1[System.String]","System.Collections.Generic.List`1[System.Diagnostics.Eventing.Reader.EventProperty]"
"The Windows Resource Exhaustion Detector stopped.","1002","0",,"4","1","12","4611686018695823360","396","Microsoft-Windows-Resource-Exhaustion-Detector","9988748e-c2e8-4054-85f6-0c3e1cad2470","Microsoft-Windows-Resource-Exhaustion-Detector/Operational","1316","3532","rjaf-PC4429","S-1-5-19","11/12/2014 1:27:33 PM",,,"c:\users\mac_1\desktop\winevt\logs\microsoft-windows-resource-exhaustion-detector%4operational.evtx","System.UInt32[]","System.Diagnostics.Eventing.Reader.EventBookmark","Information","Events logged when the resource exhaustion detector is stopped.","Lifecycle Events","System.Collections.ObjectModel.ReadOnlyCollection`1[System.String]","System.Collections.Generic.List`1[System.Diagnostics.Eventing.Reader.EventProperty]"
"The Windows Resource Exhaustion Detector started.","1001","0",,"4","1","11","4611686018695823360","395","Microsoft-Windows-Resource-Exhaustion-Detector","9988748e-c2e8-4054-85f6-0c3e1cad2470","Microsoft-Windows-Resource-Exhaustion-Detector/Operational","1316","1328","rjaf-PC4429","S-1-5-19","11/11/2014 10:31:16 AM",,,"c:\users\mac_1\desktop\winevt\logs\microsoft-windows-resource-exhaustion-detector%4operational.evtx","System.UInt32[]","System.Diagnostics.Eventing.Reader.EventBookmark","Information","Events logged when the resource exhaustion detector is started.","Lifecycle Events","System.Collections.ObjectModel.ReadOnlyCollection`1[System.String]","System.Collections.Generic.List`1[System.Diagnostics.Eventing.Reader.EventProperty]"
"The Windows Resource Exhaustion Detector stopped.","1002","0",,"4","1","12","4611686018695823360","394","Microsoft-Windows-Resource-Exhaustion-Detector","9988748e-c2e8-4054-85f6-0c3e1cad2470","Microsoft-Windows-Resource-Exhaustion-Detector/Operational","1332","2364","rjaf-PC4429","S-1-5-19","11/11/2014 10:30:38 AM",,,"c:\users\mac_1\desktop\winevt\logs\microsoft-windows-resource-exhaustion-detector%4operational.evtx","System.UInt32[]","System.Diagnostics.Eventing.Reader.EventBookmark","Information","Events logged when the resource exhaustion detector is stopped.","Lifecycle Events","System.Collections.ObjectModel.ReadOnlyCollection`1[System.String]","System.Collections.Generic.List`1[System.Diagnostics.Eventing.Reader.EventProperty]"
