#TYPE System.Diagnostics.Eventing.Reader.EventLogRecord
"Message","Id","Version","Qualifiers","Level","Task","Opcode","Keywords","RecordId","ProviderName","ProviderId","LogName","ProcessId","ThreadId","MachineName","UserId","TimeCreated","ActivityId","RelatedActivityId","ContainerLog","MatchedQueryIds","Bookmark","LevelDisplayName","OpcodeDisplayName","TaskDisplayName","KeywordsDisplayNames","Properties"
"The Windows Resource Exhaustion Detector stopped.","1002","0",,"4","1","12","4611686018695823360","727","Microsoft-Windows-Resource-Exhaustion-Detector","9988748e-c2e8-4054-85f6-0c3e1cad2470","Microsoft-Windows-Resource-Exhaustion-Detector/Operational","1724","1172","rjaf-PC4429","S-1-5-19","10/17/2015 11:36:40 PM",,,"c:\users\mac_1\desktop\winevt\logs\microsoft-windows-resource-exhaustion-detector%4operational.evtx","System.UInt32[]","System.Diagnostics.Eventing.Reader.EventBookmark","Information","Events logged when the resource exhaustion detector is stopped.","Lifecycle Events","System.Collections.ObjectModel.ReadOnlyCollection`1[System.String]","System.Collections.Generic.List`1[System.Diagnostics.Eventing.Reader.EventProperty]"
"The Windows Resource Exhaustion Detector stopped.","1002","0",,"4","1","12","4611686018695823360","726","Microsoft-Windows-Resource-Exhaustion-Detector","9988748e-c2e8-4054-85f6-0c3e1cad2470","Microsoft-Windows-Resource-Exhaustion-Detector/Operational","1364","3356","rjaf-PC4429","S-1-5-18","9/10/2015 4:46:29 AM",,,"c:\users\mac_1\desktop\winevt\logs\microsoft-windows-resource-exhaustion-detector%4operational.evtx","System.UInt32[]","System.Diagnostics.Eventing.Reader.EventBookmark","Information","Events logged when the resource exhaustion detector is stopped.","Lifecycle Events","System.Collections.ObjectModel.ReadOnlyCollection`1[System.String]","System.Collections.Generic.List`1[System.Diagnostics.Eventing.Reader.EventProperty]"
"The Windows Resource Exhaustion Detector started.","1001","0",,"4","1","11","4611686018695823360","725","Microsoft-Windows-Resource-Exhaustion-Detector","9988748e-c2e8-4054-85f6-0c3e1cad2470","Microsoft-Windows-Resource-Exhaustion-Detector/Operational","1364","2812","rjaf-PC4429","S-1-5-18","9/10/2015 4:26:33 AM",,,"c:\users\mac_1\desktop\winevt\logs\microsoft-windows-resource-exhaustion-detector%4operational.evtx","System.UInt32[]","System.Diagnostics.Eventing.Reader.EventBookmark","Information","Events logged when the resource exhaustion detector is started.","Lifecycle Events","System.Collections.ObjectModel.ReadOnlyCollection`1[System.String]","System.Collections.Generic.List`1[System.Diagnostics.Eventing.Reader.EventProperty]"
"The Windows Resource Exhaustion Detector started.","1001","0",,"4","1","11","4611686018695823360","724","Microsoft-Windows-Resource-Exhaustion-Detector","9988748e-c2e8-4054-85f6-0c3e1cad2470","Microsoft-Windows-Resource-Exhaustion-Detector/Operational","1724","3684","rjaf-PC4429","S-1-5-19","9/10/2015 3:29:45 AM",,,"c:\users\mac_1\desktop\winevt\logs\microsoft-windows-resource-exhaustion-detector%4operational.evtx","System.UInt32[]","System.Diagnostics.Eventing.Reader.EventBookmark","Information","Events logged when the resource exhaustion detector is started.","Lifecycle Events","System.Collections.ObjectModel.ReadOnlyCollection`1[System.String]","System.Collections.Generic.List`1[System.Diagnostics.Eventing.Reader.EventProperty]"
"The Windows Resource Exhaustion Detector stopped.","1002","0",,"4","1","12","4611686018695823360","723","Microsoft-Windows-Resource-Exhaustion-Detector","9988748e-c2e8-4054-85f6-0c3e1cad2470","Microsoft-Windows-Resource-Exhaustion-Detector/Operational","1764","6292","rjaf-PC4429","S-1-5-19","9/7/2015 5:18:31 AM",,,"c:\users\mac_1\desktop\winevt\logs\microsoft-windows-resource-exhaustion-detector%4operational.evtx","System.UInt32[]","System.Diagnostics.Eventing.Reader.EventBookmark","Information","Events logged when the resource exhaustion detector is stopped.","Lifecycle Events","System.Collections.ObjectModel.ReadOnlyCollection`1[System.String]","System.Collections.Generic.List`1[System.Diagnostics.Eventing.Reader.EventProperty]"
"The Windows Resource Exhaustion Detector stopped.","1002","0",,"4","1","12","4611686018695823360","722","Microsoft-Windows-Resource-Exhaustion-Detector","9988748e-c2e8-4054-85f6-0c3e1cad2470","Microsoft-Windows-Resource-Exhaustion-Detector/Operational","1364","4716","rjaf-PC4429","S-1-5-18","9/3/2015 4:15:17 AM",,,"c:\users\mac_1\desktop\winevt\logs\microsoft-windows-resource-exhaustion-detector%4operational.evtx","System.UInt32[]","System.Diagnostics.Eventing.Reader.EventBookmark","Information","Events logged when the resource exhaustion detector is stopped.","Lifecycle Events","System.Collections.ObjectModel.ReadOnlyCollection`1[System.String]","System.Collections.Generic.List`1[System.Diagnostics.Eventing.Reader.EventProperty]"
"The Windows Resource Exhaustion Detector started.","1001","0",,"4","1","11","4611686018695823360","721","Microsoft-Windows-Resource-Exhaustion-Detector","9988748e-c2e8-4054-85f6-0c3e1cad2470","Microsoft-Windows-Resource-Exhaustion-Detector/Operational","1364","4172","rjaf-PC4429","S-1-5-18","9/3/2015 3:55:20 AM",,,"c:\users\mac_1\desktop\winevt\logs\microsoft-windows-resource-exhaustion-detector%4operational.evtx","System.UInt32[]","System.Diagnostics.Eventing.Reader.EventBookmark","Information","Events logged when the resource exhaustion detector is started.","Lifecycle Events","System.Collections.ObjectModel.ReadOnlyCollection`1[System.String]","System.Collections.Generic.List`1[System.Diagnostics.Eventing.Reader.EventProperty]"
"The Windows Resource Exhaustion Detector started.","1001","0",,"4","1","11","4611686018695823360","720","Microsoft-Windows-Resource-Exhaustion-Detector","9988748e-c2e8-4054-85f6-0c3e1cad2470","Microsoft-Windows-Resource-Exhaustion-Detector/Operational","1764","2348","rjaf-PC4429","S-1-5-19","9/3/2015 2:20:12 AM",,,"c:\users\mac_1\desktop\winevt\logs\microsoft-windows-resource-exhaustion-detector%4operational.evtx","System.UInt32[]","System.Diagnostics.Eventing.Reader.EventBookmark","Information","Events logged when the resource exhaustion detector is started.","Lifecycle Events","System.Collections.ObjectModel.ReadOnlyCollection`1[System.String]","System.Collections.Generic.List`1[System.Diagnostics.Eventing.Reader.EventProperty]"
"The Windows Resource Exhaustion Detector started.","1001","0",,"4","1","11","4611686018695823360","719","Microsoft-Windows-Resource-Exhaustion-Detector","9988748e-c2e8-4054-85f6-0c3e1cad2470","Microsoft-Windows-Resource-Exhaustion-Detector/Operational","1868","3716","rjaf-PC4429","S-1-5-19","8/24/2015 4:43:46 AM",,,"c:\users\mac_1\desktop\winevt\logs\microsoft-windows-resource-exhaustion-detector%4operational.evtx","System.UInt32[]","System.Diagnostics.Eventing.Reader.EventBookmark","Information","Events logged when the resource exhaustion detector is started.","Lifecycle Events","System.Collections.ObjectModel.ReadOnlyCollection`1[System.String]","System.Collections.Generic.List`1[System.Diagnostics.Eventing.Reader.EventProperty]"
"The Windows Resource Exhaustion Detector stopped.","1002","0",,"4","1","12","4611686018695823360","718","Microsoft-Windows-Resource-Exhaustion-Detector","9988748e-c2e8-4054-85f6-0c3e1cad2470","Microsoft-Windows-Resource-Exhaustion-Detector/Operational","1616","4900","rjaf-PC4429","S-1-5-19","8/16/2015 5:25:02 PM",,,"c:\users\mac_1\desktop\winevt\logs\microsoft-windows-resource-exhaustion-detector%4operational.evtx","System.UInt32[]","System.Diagnostics.Eventing.Reader.EventBookmark","Information","Events logged when the resource exhaustion detector is stopped.","Lifecycle Events","System.Collections.ObjectModel.ReadOnlyCollection`1[System.String]","System.Collections.Generic.List`1[System.Diagnostics.Eventing.Reader.EventProperty]"
"The Windows Resource Exhaustion Detector started.","1001","0",,"4","1","11","4611686018695823360","717","Microsoft-Windows-Resource-Exhaustion-Detector","9988748e-c2e8-4054-85f6-0c3e1cad2470","Microsoft-Windows-Resource-Exhaustion-Detector/Operational","1616","3376","rjaf-PC4429","S-1-5-19","8/16/2015 4:06:11 AM",,,"c:\users\mac_1\desktop\winevt\logs\microsoft-windows-resource-exhaustion-detector%4operational.evtx","System.UInt32[]","System.Diagnostics.Eventing.Reader.EventBookmark","Information","Events logged when the resource exhaustion detector is started.","Lifecycle Events","System.Collections.ObjectModel.ReadOnlyCollection`1[System.String]","System.Collections.Generic.List`1[System.Diagnostics.Eventing.Reader.EventProperty]"
"The Windows Resource Exhaustion Detector stopped.","1002","0",,"4","1","12","4611686018695823360","716","Microsoft-Windows-Resource-Exhaustion-Detector","9988748e-c2e8-4054-85f6-0c3e1cad2470","Microsoft-Windows-Resource-Exhaustion-Detector/Operational","1740","2004","rjaf-PC4429","S-1-5-19","8/16/2015 3:42:08 AM",,,"c:\users\mac_1\desktop\winevt\logs\microsoft-windows-resource-exhaustion-detector%4operational.evtx","System.UInt32[]","System.Diagnostics.Eventing.Reader.EventBookmark","Information","Events logged when the resource exhaustion detector is stopped.","Lifecycle Events","System.Collections.ObjectModel.ReadOnlyCollection`1[System.String]","System.Collections.Generic.List`1[System.Diagnostics.Eventing.Reader.EventProperty]"
"The Windows Resource Exhaustion Detector started.","1001","0",,"4","1","11","4611686018695823360","715","Microsoft-Windows-Resource-Exhaustion-Detector","9988748e-c2e8-4054-85f6-0c3e1cad2470","Microsoft-Windows-Resource-Exhaustion-Detector/Operational","1740","1076","rjaf-PC4429","S-1-5-19","8/15/2015 11:05:12 PM",,,"c:\users\mac_1\desktop\winevt\logs\microsoft-windows-resource-exhaustion-detector%4operational.evtx","System.UInt32[]","System.Diagnostics.Eventing.Reader.EventBookmark","Information","Events logged when the resource exhaustion detector is started.","Lifecycle Events","System.Collections.ObjectModel.ReadOnlyCollection`1[System.String]","System.Collections.Generic.List`1[System.Diagnostics.Eventing.Reader.EventProperty]"
"The Windows Resource Exhaustion Detector stopped.","1002","0",,"4","1","12","4611686018695823360","714","Microsoft-Windows-Resource-Exhaustion-Detector","9988748e-c2e8-4054-85f6-0c3e1cad2470","Microsoft-Windows-Resource-Exhaustion-Detector/Operational","1720","5740","rjaf-PC4429","S-1-5-19","8/13/2015 5:47:45 AM",,,"c:\users\mac_1\desktop\winevt\logs\microsoft-windows-resource-exhaustion-detector%4operational.evtx","System.UInt32[]","System.Diagnostics.Eventing.Reader.EventBookmark","Information","Events logged when the resource exhaustion detector is stopped.","Lifecycle Events","System.Collections.ObjectModel.ReadOnlyCollection`1[System.String]","System.Collections.Generic.List`1[System.Diagnostics.Eventing.Reader.EventProperty]"
"The Windows Resource Exhaustion Detector started.","1001","0",,"4","1","11","4611686018695823360","713","Microsoft-Windows-Resource-Exhaustion-Detector","9988748e-c2e8-4054-85f6-0c3e1cad2470","Microsoft-Windows-Resource-Exhaustion-Detector/Operational","1720","2476","rjaf-PC4429","S-1-5-19","8/12/2015 11:01:56 PM",,,"c:\users\mac_1\desktop\winevt\logs\microsoft-windows-resource-exhaustion-detector%4operational.evtx","System.UInt32[]","System.Diagnostics.Eventing.Reader.EventBookmark","Information","Events logged when the resource exhaustion detector is started.","Lifecycle Events","System.Collections.ObjectModel.ReadOnlyCollection`1[System.String]","System.Collections.Generic.List`1[System.Diagnostics.Eventing.Reader.EventProperty]"
"The Windows Resource Exhaustion Detector stopped.","1002","0",,"4","1","12","4611686018695823360","712","Microsoft-Windows-Resource-Exhaustion-Detector","9988748e-c2e8-4054-85f6-0c3e1cad2470","Microsoft-Windows-Resource-Exhaustion-Detector/Operational","1600","2612","rjaf-PC4429","S-1-5-19","7/30/2015 5:28:04 AM",,,"c:\users\mac_1\desktop\winevt\logs\microsoft-windows-resource-exhaustion-detector%4operational.evtx","System.UInt32[]","System.Diagnostics.Eventing.Reader.EventBookmark","Information","Events logged when the resource exhaustion detector is stopped.","Lifecycle Events","System.Collections.ObjectModel.ReadOnlyCollection`1[System.String]","System.Collections.Generic.List`1[System.Diagnostics.Eventing.Reader.EventProperty]"
"The Windows Resource Exhaustion Detector stopped.","1002","0",,"4","1","12","4611686018695823360","711","Microsoft-Windows-Resource-Exhaustion-Detector","9988748e-c2e8-4054-85f6-0c3e1cad2470","Microsoft-Windows-Resource-Exhaustion-Detector/Operational","1248","1428","rjaf-PC4429","S-1-5-18","7/27/2015 8:51:06 AM",,,"c:\users\mac_1\desktop\winevt\logs\microsoft-windows-resource-exhaustion-detector%4operational.evtx","System.UInt32[]","System.Diagnostics.Eventing.Reader.EventBookmark","Information","Events logged when the resource exhaustion detector is stopped.","Lifecycle Events","System.Collections.ObjectModel.ReadOnlyCollection`1[System.String]","System.Collections.Generic.List`1[System.Diagnostics.Eventing.Reader.EventProperty]"
"The Windows Resource Exhaustion Detector started.","1001","0",,"4","1","11","4611686018695823360","710","Microsoft-Windows-Resource-Exhaustion-Detector","9988748e-c2e8-4054-85f6-0c3e1cad2470","Microsoft-Windows-Resource-Exhaustion-Detector/Operational","1248","1428","rjaf-PC4429","S-1-5-18","7/27/2015 8:26:07 AM",,,"c:\users\mac_1\desktop\winevt\logs\microsoft-windows-resource-exhaustion-detector%4operational.evtx","System.UInt32[]","System.Diagnostics.Eventing.Reader.EventBookmark","Information","Events logged when the resource exhaustion detector is started.","Lifecycle Events","System.Collections.ObjectModel.ReadOnlyCollection`1[System.String]","System.Collections.Generic.List`1[System.Diagnostics.Eventing.Reader.EventProperty]"
"The Windows Resource Exhaustion Detector started.","1001","0",,"4","1","11","4611686018695823360","709","Microsoft-Windows-Resource-Exhaustion-Detector","9988748e-c2e8-4054-85f6-0c3e1cad2470","Microsoft-Windows-Resource-Exhaustion-Detector/Operational","1600","2520","rjaf-PC4429","S-1-5-19","7/26/2015 10:44:11 PM",,,"c:\users\mac_1\desktop\winevt\logs\microsoft-windows-resource-exhaustion-detector%4operational.evtx","System.UInt32[]","System.Diagnostics.Eventing.Reader.EventBookmark","Information","Events logged when the resource exhaustion detector is started.","Lifecycle Events","System.Collections.ObjectModel.ReadOnlyCollection`1[System.String]","System.Collections.Generic.List`1[System.Diagnostics.Eventing.Reader.EventProperty]"
"The Windows Resource Exhaustion Detector stopped.","1002","0",,"4","1","12","4611686018695823360","708","Microsoft-Windows-Resource-Exhaustion-Detector","9988748e-c2e8-4054-85f6-0c3e1cad2470","Microsoft-Windows-Resource-Exhaustion-Detector/Operational","1704","2744","rjaf-PC4429","S-1-5-19","7/23/2015 5:28:35 AM",,,"c:\users\mac_1\desktop\winevt\logs\microsoft-windows-resource-exhaustion-detector%4operational.evtx","System.UInt32[]","System.Diagnostics.Eventing.Reader.EventBookmark","Information","Events logged when the resource exhaustion detector is stopped.","Lifecycle Events","System.Collections.ObjectModel.ReadOnlyCollection`1[System.String]","System.Collections.Generic.List`1[System.Diagnostics.Eventing.Reader.EventProperty]"
"The Windows Resource Exhaustion Detector started.","1001","0",,"4","1","11","4611686018695823360","707","Microsoft-Windows-Resource-Exhaustion-Detector","9988748e-c2e8-4054-85f6-0c3e1cad2470","Microsoft-Windows-Resource-Exhaustion-Detector/Operational","1704","1716","rjaf-PC4429","S-1-5-19","7/23/2015 3:25:19 AM",,,"c:\users\mac_1\desktop\winevt\logs\microsoft-windows-resource-exhaustion-detector%4operational.evtx","System.UInt32[]","System.Diagnostics.Eventing.Reader.EventBookmark","Information","Events logged when the resource exhaustion detector is started.","Lifecycle Events","System.Collections.ObjectModel.ReadOnlyCollection`1[System.String]","System.Collections.Generic.List`1[System.Diagnostics.Eventing.Reader.EventProperty]"
"The Windows Resource Exhaustion Detector stopped.","1002","0",,"4","1","12","4611686018695823360","706","Microsoft-Windows-Resource-Exhaustion-Detector","9988748e-c2e8-4054-85f6-0c3e1cad2470","Microsoft-Windows-Resource-Exhaustion-Detector/Operational","1712","1312","rjaf-PC4429","S-1-5-19","7/9/2015 3:38:48 AM",,,"c:\users\mac_1\desktop\winevt\logs\microsoft-windows-resource-exhaustion-detector%4operational.evtx","System.UInt32[]","System.Diagnostics.Eventing.Reader.EventBookmark","Information","Events logged when the resource exhaustion detector is stopped.","Lifecycle Events","System.Collections.ObjectModel.ReadOnlyCollection`1[System.String]","System.Collections.Generic.List`1[System.Diagnostics.Eventing.Reader.EventProperty]"
"The Windows Resource Exhaustion Detector started.","1001","0",,"4","1","11","4611686018695823360","705","Microsoft-Windows-Resource-Exhaustion-Detector","9988748e-c2e8-4054-85f6-0c3e1cad2470","Microsoft-Windows-Resource-Exhaustion-Detector/Operational","1712","1860","rjaf-PC4429","S-1-5-19","7/9/2015 2:17:38 AM",,,"c:\users\mac_1\desktop\winevt\logs\microsoft-windows-resource-exhaustion-detector%4operational.evtx","System.UInt32[]","System.Diagnostics.Eventing.Reader.EventBookmark","Information","Events logged when the resource exhaustion detector is started.","Lifecycle Events","System.Collections.ObjectModel.ReadOnlyCollection`1[System.String]","System.Collections.Generic.List`1[System.Diagnostics.Eventing.Reader.EventProperty]"
"The Windows Resource Exhaustion Detector stopped.","1002","0",,"4","1","12","4611686018695823360","704","Microsoft-Windows-Resource-Exhaustion-Detector","9988748e-c2e8-4054-85f6-0c3e1cad2470","Microsoft-Windows-Resource-Exhaustion-Detector/Operational","1796","3096","rjaf-PC4429","S-1-5-19","7/7/2015 2:05:09 AM",,,"c:\users\mac_1\desktop\winevt\logs\microsoft-windows-resource-exhaustion-detector%4operational.evtx","System.UInt32[]","System.Diagnostics.Eventing.Reader.EventBookmark","Information","Events logged when the resource exhaustion detector is stopped.","Lifecycle Events","System.Collections.ObjectModel.ReadOnlyCollection`1[System.String]","System.Collections.Generic.List`1[System.Diagnostics.Eventing.Reader.EventProperty]"
"The Windows Resource Exhaustion Detector started.","1001","0",,"4","1","11","4611686018695823360","703","Microsoft-Windows-Resource-Exhaustion-Detector","9988748e-c2e8-4054-85f6-0c3e1cad2470","Microsoft-Windows-Resource-Exhaustion-Detector/Operational","1796","2460","rjaf-PC4429","S-1-5-19","7/7/2015 12:23:42 AM",,,"c:\users\mac_1\desktop\winevt\logs\microsoft-windows-resource-exhaustion-detector%4operational.evtx","System.UInt32[]","System.Diagnostics.Eventing.Reader.EventBookmark","Information","Events logged when the resource exhaustion detector is started.","Lifecycle Events","System.Collections.ObjectModel.ReadOnlyCollection`1[System.String]","System.Collections.Generic.List`1[System.Diagnostics.Eventing.Reader.EventProperty]"
"The Windows Resource Exhaustion Detector stopped.","1002","0",,"4","1","12","4611686018695823360","702","Microsoft-Windows-Resource-Exhaustion-Detector","9988748e-c2e8-4054-85f6-0c3e1cad2470","Microsoft-Windows-Resource-Exhaustion-Detector/Operational","1676","3996","rjaf-PC4429","S-1-5-19","7/2/2015 5:04:19 AM",,,"c:\users\mac_1\desktop\winevt\logs\microsoft-windows-resource-exhaustion-detector%4operational.evtx","System.UInt32[]","System.Diagnostics.Eventing.Reader.EventBookmark","Information","Events logged when the resource exhaustion detector is stopped.","Lifecycle Events","System.Collections.ObjectModel.ReadOnlyCollection`1[System.String]","System.Collections.Generic.List`1[System.Diagnostics.Eventing.Reader.EventProperty]"
"The Windows Resource Exhaustion Detector started.","1001","0",,"4","1","11","4611686018695823360","701","Microsoft-Windows-Resource-Exhaustion-Detector","9988748e-c2e8-4054-85f6-0c3e1cad2470","Microsoft-Windows-Resource-Exhaustion-Detector/Operational","1676","2840","rjaf-PC4429","S-1-5-19","7/2/2015 1:56:17 AM",,,"c:\users\mac_1\desktop\winevt\logs\microsoft-windows-resource-exhaustion-detector%4operational.evtx","System.UInt32[]","System.Diagnostics.Eventing.Reader.EventBookmark","Information","Events logged when the resource exhaustion detector is started.","Lifecycle Events","System.Collections.ObjectModel.ReadOnlyCollection`1[System.String]","System.Collections.Generic.List`1[System.Diagnostics.Eventing.Reader.EventProperty]"
"The Windows Resource Exhaustion Detector stopped.","1002","0",,"4","1","12","4611686018695823360","700","Microsoft-Windows-Resource-Exhaustion-Detector","9988748e-c2e8-4054-85f6-0c3e1cad2470","Microsoft-Windows-Resource-Exhaustion-Detector/Operational","1768","2024","rjaf-PC4429","S-1-5-19","6/30/2015 4:05:29 AM",,,"c:\users\mac_1\desktop\winevt\logs\microsoft-windows-resource-exhaustion-detector%4operational.evtx","System.UInt32[]","System.Diagnostics.Eventing.Reader.EventBookmark","Information","Events logged when the resource exhaustion detector is stopped.","Lifecycle Events","System.Collections.ObjectModel.ReadOnlyCollection`1[System.String]","System.Collections.Generic.List`1[System.Diagnostics.Eventing.Reader.EventProperty]"
"The Windows Resource Exhaustion Detector started.","1001","0",,"4","1","11","4611686018695823360","699","Microsoft-Windows-Resource-Exhaustion-Detector","9988748e-c2e8-4054-85f6-0c3e1cad2470","Microsoft-Windows-Resource-Exhaustion-Detector/Operational","1768","2324","rjaf-PC4429","S-1-5-19","6/30/2015 3:58:22 AM",,,"c:\users\mac_1\desktop\winevt\logs\microsoft-windows-resource-exhaustion-detector%4operational.evtx","System.UInt32[]","System.Diagnostics.Eventing.Reader.EventBookmark","Information","Events logged when the resource exhaustion detector is started.","Lifecycle Events","System.Collections.ObjectModel.ReadOnlyCollection`1[System.String]","System.Collections.Generic.List`1[System.Diagnostics.Eventing.Reader.EventProperty]"
"The Windows Resource Exhaustion Detector stopped.","1002","0",,"4","1","12","4611686018695823360","698","Microsoft-Windows-Resource-Exhaustion-Detector","9988748e-c2e8-4054-85f6-0c3e1cad2470","Microsoft-Windows-Resource-Exhaustion-Detector/Operational","1808","652","rjaf-PC4429","S-1-5-19","6/30/2015 3:39:51 AM",,,"c:\users\mac_1\desktop\winevt\logs\microsoft-windows-resource-exhaustion-detector%4operational.evtx","System.UInt32[]","System.Diagnostics.Eventing.Reader.EventBookmark","Information","Events logged when the resource exhaustion detector is stopped.","Lifecycle Events","System.Collections.ObjectModel.ReadOnlyCollection`1[System.String]","System.Collections.Generic.List`1[System.Diagnostics.Eventing.Reader.EventProperty]"
"The Windows Resource Exhaustion Detector started.","1001","0",,"4","1","11","4611686018695823360","697","Microsoft-Windows-Resource-Exhaustion-Detector","9988748e-c2e8-4054-85f6-0c3e1cad2470","Microsoft-Windows-Resource-Exhaustion-Detector/Operational","1808","3084","rjaf-PC4429","S-1-5-19","6/28/2015 1:31:42 PM",,,"c:\users\mac_1\desktop\winevt\logs\microsoft-windows-resource-exhaustion-detector%4operational.evtx","System.UInt32[]","System.Diagnostics.Eventing.Reader.EventBookmark","Information","Events logged when the resource exhaustion detector is started.","Lifecycle Events","System.Collections.ObjectModel.ReadOnlyCollection`1[System.String]","System.Collections.Generic.List`1[System.Diagnostics.Eventing.Reader.EventProperty]"
"The Windows Resource Exhaustion Detector stopped.","1002","0",,"4","1","12","4611686018695823360","696","Microsoft-Windows-Resource-Exhaustion-Detector","9988748e-c2e8-4054-85f6-0c3e1cad2470","Microsoft-Windows-Resource-Exhaustion-Detector/Operational","1760","3684","rjaf-PC4429","S-1-5-19","6/28/2015 1:26:57 PM",,,"c:\users\mac_1\desktop\winevt\logs\microsoft-windows-resource-exhaustion-detector%4operational.evtx","System.UInt32[]","System.Diagnostics.Eventing.Reader.EventBookmark","Information","Events logged when the resource exhaustion detector is stopped.","Lifecycle Events","System.Collections.ObjectModel.ReadOnlyCollection`1[System.String]","System.Collections.Generic.List`1[System.Diagnostics.Eventing.Reader.EventProperty]"
"The Windows Resource Exhaustion Detector started.","1001","0",,"4","1","11","4611686018695823360","695","Microsoft-Windows-Resource-Exhaustion-Detector","9988748e-c2e8-4054-85f6-0c3e1cad2470","Microsoft-Windows-Resource-Exhaustion-Detector/Operational","1760","3716","rjaf-PC4429","S-1-5-19","6/28/2015 2:29:47 AM",,,"c:\users\mac_1\desktop\winevt\logs\microsoft-windows-resource-exhaustion-detector%4operational.evtx","System.UInt32[]","System.Diagnostics.Eventing.Reader.EventBookmark","Information","Events logged when the resource exhaustion detector is started.","Lifecycle Events","System.Collections.ObjectModel.ReadOnlyCollection`1[System.String]","System.Collections.Generic.List`1[System.Diagnostics.Eventing.Reader.EventProperty]"
"The Windows Resource Exhaustion Detector stopped.","1002","0",,"4","1","12","4611686018695823360","694","Microsoft-Windows-Resource-Exhaustion-Detector","9988748e-c2e8-4054-85f6-0c3e1cad2470","Microsoft-Windows-Resource-Exhaustion-Detector/Operational","1840","2404","rjaf-PC4429","S-1-5-19","6/25/2015 1:53:19 PM",,,"c:\users\mac_1\desktop\winevt\logs\microsoft-windows-resource-exhaustion-detector%4operational.evtx","System.UInt32[]","System.Diagnostics.Eventing.Reader.EventBookmark","Information","Events logged when the resource exhaustion detector is stopped.","Lifecycle Events","System.Collections.ObjectModel.ReadOnlyCollection`1[System.String]","System.Collections.Generic.List`1[System.Diagnostics.Eventing.Reader.EventProperty]"
"The Windows Resource Exhaustion Detector started.","1001","0",,"4","1","11","4611686018695823360","693","Microsoft-Windows-Resource-Exhaustion-Detector","9988748e-c2e8-4054-85f6-0c3e1cad2470","Microsoft-Windows-Resource-Exhaustion-Detector/Operational","1840","3664","rjaf-PC4429","S-1-5-19","6/25/2015 11:12:58 AM",,,"c:\users\mac_1\desktop\winevt\logs\microsoft-windows-resource-exhaustion-detector%4operational.evtx","System.UInt32[]","System.Diagnostics.Eventing.Reader.EventBookmark","Information","Events logged when the resource exhaustion detector is started.","Lifecycle Events","System.Collections.ObjectModel.ReadOnlyCollection`1[System.String]","System.Collections.Generic.List`1[System.Diagnostics.Eventing.Reader.EventProperty]"
"The Windows Resource Exhaustion Detector stopped.","1002","0",,"4","1","12","4611686018695823360","692","Microsoft-Windows-Resource-Exhaustion-Detector","9988748e-c2e8-4054-85f6-0c3e1cad2470","Microsoft-Windows-Resource-Exhaustion-Detector/Operational","1736","3684","rjaf-PC4429","S-1-5-19","6/25/2015 4:59:45 AM",,,"c:\users\mac_1\desktop\winevt\logs\microsoft-windows-resource-exhaustion-detector%4operational.evtx","System.UInt32[]","System.Diagnostics.Eventing.Reader.EventBookmark","Information","Events logged when the resource exhaustion detector is stopped.","Lifecycle Events","System.Collections.ObjectModel.ReadOnlyCollection`1[System.String]","System.Collections.Generic.List`1[System.Diagnostics.Eventing.Reader.EventProperty]"
"The Windows Resource Exhaustion Detector started.","1001","0",,"4","1","11","4611686018695823360","691","Microsoft-Windows-Resource-Exhaustion-Detector","9988748e-c2e8-4054-85f6-0c3e1cad2470","Microsoft-Windows-Resource-Exhaustion-Detector/Operational","1736","3608","rjaf-PC4429","S-1-5-19","6/24/2015 11:54:28 AM",,,"c:\users\mac_1\desktop\winevt\logs\microsoft-windows-resource-exhaustion-detector%4operational.evtx","System.UInt32[]","System.Diagnostics.Eventing.Reader.EventBookmark","Information","Events logged when the resource exhaustion detector is started.","Lifecycle Events","System.Collections.ObjectModel.ReadOnlyCollection`1[System.String]","System.Collections.Generic.List`1[System.Diagnostics.Eventing.Reader.EventProperty]"
"The Windows Resource Exhaustion Detector stopped.","1002","0",,"4","1","12","4611686018695823360","690","Microsoft-Windows-Resource-Exhaustion-Detector","9988748e-c2e8-4054-85f6-0c3e1cad2470","Microsoft-Windows-Resource-Exhaustion-Detector/Operational","1740","1688","rjaf-PC4429","S-1-5-19","6/24/2015 5:17:06 AM",,,"c:\users\mac_1\desktop\winevt\logs\microsoft-windows-resource-exhaustion-detector%4operational.evtx","System.UInt32[]","System.Diagnostics.Eventing.Reader.EventBookmark","Information","Events logged when the resource exhaustion detector is stopped.","Lifecycle Events","System.Collections.ObjectModel.ReadOnlyCollection`1[System.String]","System.Collections.Generic.List`1[System.Diagnostics.Eventing.Reader.EventProperty]"
"The Windows Resource Exhaustion Detector started.","1001","0",,"4","1","11","4611686018695823360","689","Microsoft-Windows-Resource-Exhaustion-Detector","9988748e-c2e8-4054-85f6-0c3e1cad2470","Microsoft-Windows-Resource-Exhaustion-Detector/Operational","1740","1980","rjaf-PC4429","S-1-5-19","6/21/2015 2:07:10 AM",,,"c:\users\mac_1\desktop\winevt\logs\microsoft-windows-resource-exhaustion-detector%4operational.evtx","System.UInt32[]","System.Diagnostics.Eventing.Reader.EventBookmark","Information","Events logged when the resource exhaustion detector is started.","Lifecycle Events","System.Collections.ObjectModel.ReadOnlyCollection`1[System.String]","System.Collections.Generic.List`1[System.Diagnostics.Eventing.Reader.EventProperty]"
"The Windows Resource Exhaustion Detector started.","1001","0",,"4","1","11","4611686018695823360","688","Microsoft-Windows-Resource-Exhaustion-Detector","9988748e-c2e8-4054-85f6-0c3e1cad2470","Microsoft-Windows-Resource-Exhaustion-Detector/Operational","1768","3796","rjaf-PC4429","S-1-5-19","6/15/2015 12:56:10 AM",,,"c:\users\mac_1\desktop\winevt\logs\microsoft-windows-resource-exhaustion-detector%4operational.evtx","System.UInt32[]","System.Diagnostics.Eventing.Reader.EventBookmark","Information","Events logged when the resource exhaustion detector is started.","Lifecycle Events","System.Collections.ObjectModel.ReadOnlyCollection`1[System.String]","System.Collections.Generic.List`1[System.Diagnostics.Eventing.Reader.EventProperty]"
"The Windows Resource Exhaustion Detector stopped.","1002","0",,"4","1","12","4611686018695823360","687","Microsoft-Windows-Resource-Exhaustion-Detector","9988748e-c2e8-4054-85f6-0c3e1cad2470","Microsoft-Windows-Resource-Exhaustion-Detector/Operational","1732","1688","rjaf-PC4429","S-1-5-19","6/14/2015 1:15:34 PM",,,"c:\users\mac_1\desktop\winevt\logs\microsoft-windows-resource-exhaustion-detector%4operational.evtx","System.UInt32[]","System.Diagnostics.Eventing.Reader.EventBookmark","Information","Events logged when the resource exhaustion detector is stopped.","Lifecycle Events","System.Collections.ObjectModel.ReadOnlyCollection`1[System.String]","System.Collections.Generic.List`1[System.Diagnostics.Eventing.Reader.EventProperty]"
"The Windows Resource Exhaustion Detector started.","1001","0",,"4","1","11","4611686018695823360","686","Microsoft-Windows-Resource-Exhaustion-Detector","9988748e-c2e8-4054-85f6-0c3e1cad2470","Microsoft-Windows-Resource-Exhaustion-Detector/Operational","1732","3772","rjaf-PC4429","S-1-5-19","6/9/2015 3:15:38 AM",,,"c:\users\mac_1\desktop\winevt\logs\microsoft-windows-resource-exhaustion-detector%4operational.evtx","System.UInt32[]","System.Diagnostics.Eventing.Reader.EventBookmark","Information","Events logged when the resource exhaustion detector is started.","Lifecycle Events","System.Collections.ObjectModel.ReadOnlyCollection`1[System.String]","System.Collections.Generic.List`1[System.Diagnostics.Eventing.Reader.EventProperty]"
"The Windows Resource Exhaustion Detector stopped.","1002","0",,"4","1","12","4611686018695823360","685","Microsoft-Windows-Resource-Exhaustion-Detector","9988748e-c2e8-4054-85f6-0c3e1cad2470","Microsoft-Windows-Resource-Exhaustion-Detector/Operational","1724","5780","rjaf-PC4429","S-1-5-19","6/8/2015 3:02:05 PM",,,"c:\users\mac_1\desktop\winevt\logs\microsoft-windows-resource-exhaustion-detector%4operational.evtx","System.UInt32[]","System.Diagnostics.Eventing.Reader.EventBookmark","Information","Events logged when the resource exhaustion detector is stopped.","Lifecycle Events","System.Collections.ObjectModel.ReadOnlyCollection`1[System.String]","System.Collections.Generic.List`1[System.Diagnostics.Eventing.Reader.EventProperty]"
"The Windows Resource Exhaustion Detector started.","1001","0",,"4","1","11","4611686018695823360","684","Microsoft-Windows-Resource-Exhaustion-Detector","9988748e-c2e8-4054-85f6-0c3e1cad2470","Microsoft-Windows-Resource-Exhaustion-Detector/Operational","1724","3532","rjaf-PC4429","S-1-5-19","6/6/2015 8:36:22 AM",,,"c:\users\mac_1\desktop\winevt\logs\microsoft-windows-resource-exhaustion-detector%4operational.evtx","System.UInt32[]","System.Diagnostics.Eventing.Reader.EventBookmark","Information","Events logged when the resource exhaustion detector is started.","Lifecycle Events","System.Collections.ObjectModel.ReadOnlyCollection`1[System.String]","System.Collections.Generic.List`1[System.Diagnostics.Eventing.Reader.EventProperty]"
"The Windows Resource Exhaustion Detector stopped.","1002","0",,"4","1","12","4611686018695823360","683","Microsoft-Windows-Resource-Exhaustion-Detector","9988748e-c2e8-4054-85f6-0c3e1cad2470","Microsoft-Windows-Resource-Exhaustion-Detector/Operational","1712","3960","rjaf-PC4429","S-1-5-19","6/6/2015 5:58:52 AM",,,"c:\users\mac_1\desktop\winevt\logs\microsoft-windows-resource-exhaustion-detector%4operational.evtx","System.UInt32[]","System.Diagnostics.Eventing.Reader.EventBookmark","Information","Events logged when the resource exhaustion detector is stopped.","Lifecycle Events","System.Collections.ObjectModel.ReadOnlyCollection`1[System.String]","System.Collections.Generic.List`1[System.Diagnostics.Eventing.Reader.EventProperty]"
"The Windows Resource Exhaustion Detector started.","1001","0",,"4","1","11","4611686018695823360","682","Microsoft-Windows-Resource-Exhaustion-Detector","9988748e-c2e8-4054-85f6-0c3e1cad2470","Microsoft-Windows-Resource-Exhaustion-Detector/Operational","1712","3692","rjaf-PC4429","S-1-5-19","6/6/2015 5:52:50 AM",,,"c:\users\mac_1\desktop\winevt\logs\microsoft-windows-resource-exhaustion-detector%4operational.evtx","System.UInt32[]","System.Diagnostics.Eventing.Reader.EventBookmark","Information","Events logged when the resource exhaustion detector is started.","Lifecycle Events","System.Collections.ObjectModel.ReadOnlyCollection`1[System.String]","System.Collections.Generic.List`1[System.Diagnostics.Eventing.Reader.EventProperty]"
"The Windows Resource Exhaustion Detector stopped.","1002","0",,"4","1","12","4611686018695823360","681","Microsoft-Windows-Resource-Exhaustion-Detector","9988748e-c2e8-4054-85f6-0c3e1cad2470","Microsoft-Windows-Resource-Exhaustion-Detector/Operational","1828","2304","rjaf-PC4429","S-1-5-19","6/6/2015 5:33:58 AM",,,"c:\users\mac_1\desktop\winevt\logs\microsoft-windows-resource-exhaustion-detector%4operational.evtx","System.UInt32[]","System.Diagnostics.Eventing.Reader.EventBookmark","Information","Events logged when the resource exhaustion detector is stopped.","Lifecycle Events","System.Collections.ObjectModel.ReadOnlyCollection`1[System.String]","System.Collections.Generic.List`1[System.Diagnostics.Eventing.Reader.EventProperty]"
"The Windows Resource Exhaustion Detector started.","1001","0",,"4","1","11","4611686018695823360","680","Microsoft-Windows-Resource-Exhaustion-Detector","9988748e-c2e8-4054-85f6-0c3e1cad2470","Microsoft-Windows-Resource-Exhaustion-Detector/Operational","1828","3448","rjaf-PC4429","S-1-5-19","6/6/2015 5:11:04 AM",,,"c:\users\mac_1\desktop\winevt\logs\microsoft-windows-resource-exhaustion-detector%4operational.evtx","System.UInt32[]","System.Diagnostics.Eventing.Reader.EventBookmark","Information","Events logged when the resource exhaustion detector is started.","Lifecycle Events","System.Collections.ObjectModel.ReadOnlyCollection`1[System.String]","System.Collections.Generic.List`1[System.Diagnostics.Eventing.Reader.EventProperty]"
"The Windows Resource Exhaustion Detector stopped.","1002","0",,"4","1","12","4611686018695823360","679","Microsoft-Windows-Resource-Exhaustion-Detector","9988748e-c2e8-4054-85f6-0c3e1cad2470","Microsoft-Windows-Resource-Exhaustion-Detector/Operational","1748","5444","rjaf-PC4429","S-1-5-19","6/6/2015 4:42:31 AM",,,"c:\users\mac_1\desktop\winevt\logs\microsoft-windows-resource-exhaustion-detector%4operational.evtx","System.UInt32[]","System.Diagnostics.Eventing.Reader.EventBookmark","Information","Events logged when the resource exhaustion detector is stopped.","Lifecycle Events","System.Collections.ObjectModel.ReadOnlyCollection`1[System.String]","System.Collections.Generic.List`1[System.Diagnostics.Eventing.Reader.EventProperty]"
"The Windows Resource Exhaustion Detector started.","1001","0",,"4","1","11","4611686018695823360","678","Microsoft-Windows-Resource-Exhaustion-Detector","9988748e-c2e8-4054-85f6-0c3e1cad2470","Microsoft-Windows-Resource-Exhaustion-Detector/Operational","1748","1760","rjaf-PC4429","S-1-5-19","6/6/2015 3:59:11 AM",,,"c:\users\mac_1\desktop\winevt\logs\microsoft-windows-resource-exhaustion-detector%4operational.evtx","System.UInt32[]","System.Diagnostics.Eventing.Reader.EventBookmark","Information","Events logged when the resource exhaustion detector is started.","Lifecycle Events","System.Collections.ObjectModel.ReadOnlyCollection`1[System.String]","System.Collections.Generic.List`1[System.Diagnostics.Eventing.Reader.EventProperty]"
"The Windows Resource Exhaustion Detector stopped.","1002","0",,"4","1","12","4611686018695823360","677","Microsoft-Windows-Resource-Exhaustion-Detector","9988748e-c2e8-4054-85f6-0c3e1cad2470","Microsoft-Windows-Resource-Exhaustion-Detector/Operational","1632","3480","rjaf-PC4429","S-1-5-19","6/5/2015 1:55:46 PM",,,"c:\users\mac_1\desktop\winevt\logs\microsoft-windows-resource-exhaustion-detector%4operational.evtx","System.UInt32[]","System.Diagnostics.Eventing.Reader.EventBookmark","Information","Events logged when the resource exhaustion detector is stopped.","Lifecycle Events","System.Collections.ObjectModel.ReadOnlyCollection`1[System.String]","System.Collections.Generic.List`1[System.Diagnostics.Eventing.Reader.EventProperty]"
"The Windows Resource Exhaustion Detector started.","1001","0",,"4","1","11","4611686018695823360","676","Microsoft-Windows-Resource-Exhaustion-Detector","9988748e-c2e8-4054-85f6-0c3e1cad2470","Microsoft-Windows-Resource-Exhaustion-Detector/Operational","1632","2556","rjaf-PC4429","S-1-5-19","6/5/2015 9:54:30 AM",,,"c:\users\mac_1\desktop\winevt\logs\microsoft-windows-resource-exhaustion-detector%4operational.evtx","System.UInt32[]","System.Diagnostics.Eventing.Reader.EventBookmark","Information","Events logged when the resource exhaustion detector is started.","Lifecycle Events","System.Collections.ObjectModel.ReadOnlyCollection`1[System.String]","System.Collections.Generic.List`1[System.Diagnostics.Eventing.Reader.EventProperty]"
"The Windows Resource Exhaustion Detector stopped.","1002","0",,"4","1","12","4611686018695823360","675","Microsoft-Windows-Resource-Exhaustion-Detector","9988748e-c2e8-4054-85f6-0c3e1cad2470","Microsoft-Windows-Resource-Exhaustion-Detector/Operational","1828","3740","rjaf-PC4429","S-1-5-19","6/5/2015 6:54:40 AM",,,"c:\users\mac_1\desktop\winevt\logs\microsoft-windows-resource-exhaustion-detector%4operational.evtx","System.UInt32[]","System.Diagnostics.Eventing.Reader.EventBookmark","Information","Events logged when the resource exhaustion detector is stopped.","Lifecycle Events","System.Collections.ObjectModel.ReadOnlyCollection`1[System.String]","System.Collections.Generic.List`1[System.Diagnostics.Eventing.Reader.EventProperty]"
"The Windows Resource Exhaustion Detector started.","1001","0",,"4","1","11","4611686018695823360","674","Microsoft-Windows-Resource-Exhaustion-Detector","9988748e-c2e8-4054-85f6-0c3e1cad2470","Microsoft-Windows-Resource-Exhaustion-Detector/Operational","1828","2392","rjaf-PC4429","S-1-5-19","6/4/2015 10:18:19 PM",,,"c:\users\mac_1\desktop\winevt\logs\microsoft-windows-resource-exhaustion-detector%4operational.evtx","System.UInt32[]","System.Diagnostics.Eventing.Reader.EventBookmark","Information","Events logged when the resource exhaustion detector is started.","Lifecycle Events","System.Collections.ObjectModel.ReadOnlyCollection`1[System.String]","System.Collections.Generic.List`1[System.Diagnostics.Eventing.Reader.EventProperty]"
"The Windows Resource Exhaustion Detector stopped.","1002","0",,"4","1","12","4611686018695823360","673","Microsoft-Windows-Resource-Exhaustion-Detector","9988748e-c2e8-4054-85f6-0c3e1cad2470","Microsoft-Windows-Resource-Exhaustion-Detector/Operational","1760","3372","rjaf-PC4429","S-1-5-19","6/4/2015 11:51:33 AM",,,"c:\users\mac_1\desktop\winevt\logs\microsoft-windows-resource-exhaustion-detector%4operational.evtx","System.UInt32[]","System.Diagnostics.Eventing.Reader.EventBookmark","Information","Events logged when the resource exhaustion detector is stopped.","Lifecycle Events","System.Collections.ObjectModel.ReadOnlyCollection`1[System.String]","System.Collections.Generic.List`1[System.Diagnostics.Eventing.Reader.EventProperty]"
"The Windows Resource Exhaustion Detector started.","1001","0",,"4","1","11","4611686018695823360","672","Microsoft-Windows-Resource-Exhaustion-Detector","9988748e-c2e8-4054-85f6-0c3e1cad2470","Microsoft-Windows-Resource-Exhaustion-Detector/Operational","1760","1988","rjaf-PC4429","S-1-5-19","6/3/2015 4:15:15 AM",,,"c:\users\mac_1\desktop\winevt\logs\microsoft-windows-resource-exhaustion-detector%4operational.evtx","System.UInt32[]","System.Diagnostics.Eventing.Reader.EventBookmark","Information","Events logged when the resource exhaustion detector is started.","Lifecycle Events","System.Collections.ObjectModel.ReadOnlyCollection`1[System.String]","System.Collections.Generic.List`1[System.Diagnostics.Eventing.Reader.EventProperty]"
"The Windows Resource Exhaustion Detector stopped.","1002","0",,"4","1","12","4611686018695823360","671","Microsoft-Windows-Resource-Exhaustion-Detector","9988748e-c2e8-4054-85f6-0c3e1cad2470","Microsoft-Windows-Resource-Exhaustion-Detector/Operational","1324","3896","rjaf-PC4429","S-1-5-18","6/2/2015 12:55:04 PM",,,"c:\users\mac_1\desktop\winevt\logs\microsoft-windows-resource-exhaustion-detector%4operational.evtx","System.UInt32[]","System.Diagnostics.Eventing.Reader.EventBookmark","Information","Events logged when the resource exhaustion detector is stopped.","Lifecycle Events","System.Collections.ObjectModel.ReadOnlyCollection`1[System.String]","System.Collections.Generic.List`1[System.Diagnostics.Eventing.Reader.EventProperty]"
"The Windows Resource Exhaustion Detector started.","1001","0",,"4","1","11","4611686018695823360","670","Microsoft-Windows-Resource-Exhaustion-Detector","9988748e-c2e8-4054-85f6-0c3e1cad2470","Microsoft-Windows-Resource-Exhaustion-Detector/Operational","1324","4952","rjaf-PC4429","S-1-5-18","6/2/2015 12:35:05 PM",,,"c:\users\mac_1\desktop\winevt\logs\microsoft-windows-resource-exhaustion-detector%4operational.evtx","System.UInt32[]","System.Diagnostics.Eventing.Reader.EventBookmark","Information","Events logged when the resource exhaustion detector is started.","Lifecycle Events","System.Collections.ObjectModel.ReadOnlyCollection`1[System.String]","System.Collections.Generic.List`1[System.Diagnostics.Eventing.Reader.EventProperty]"
"The Windows Resource Exhaustion Detector started.","1001","0",,"4","1","11","4611686018695823360","669","Microsoft-Windows-Resource-Exhaustion-Detector","9988748e-c2e8-4054-85f6-0c3e1cad2470","Microsoft-Windows-Resource-Exhaustion-Detector/Operational","1776","3112","rjaf-PC4429","S-1-5-19","6/1/2015 10:28:13 PM",,,"c:\users\mac_1\desktop\winevt\logs\microsoft-windows-resource-exhaustion-detector%4operational.evtx","System.UInt32[]","System.Diagnostics.Eventing.Reader.EventBookmark","Information","Events logged when the resource exhaustion detector is started.","Lifecycle Events","System.Collections.ObjectModel.ReadOnlyCollection`1[System.String]","System.Collections.Generic.List`1[System.Diagnostics.Eventing.Reader.EventProperty]"
"The Windows Resource Exhaustion Detector started.","1001","0",,"4","1","11","4611686018695823360","668","Microsoft-Windows-Resource-Exhaustion-Detector","9988748e-c2e8-4054-85f6-0c3e1cad2470","Microsoft-Windows-Resource-Exhaustion-Detector/Operational","1756","2316","rjaf-PC4429","S-1-5-19","5/31/2015 10:01:41 PM",,,"c:\users\mac_1\desktop\winevt\logs\microsoft-windows-resource-exhaustion-detector%4operational.evtx","System.UInt32[]","System.Diagnostics.Eventing.Reader.EventBookmark","Information","Events logged when the resource exhaustion detector is started.","Lifecycle Events","System.Collections.ObjectModel.ReadOnlyCollection`1[System.String]","System.Collections.Generic.List`1[System.Diagnostics.Eventing.Reader.EventProperty]"
"The Windows Resource Exhaustion Detector stopped.","1002","0",,"4","1","12","4611686018695823360","667","Microsoft-Windows-Resource-Exhaustion-Detector","9988748e-c2e8-4054-85f6-0c3e1cad2470","Microsoft-Windows-Resource-Exhaustion-Detector/Operational","1760","5668","rjaf-PC4429","S-1-5-19","5/31/2015 3:13:24 PM",,,"c:\users\mac_1\desktop\winevt\logs\microsoft-windows-resource-exhaustion-detector%4operational.evtx","System.UInt32[]","System.Diagnostics.Eventing.Reader.EventBookmark","Information","Events logged when the resource exhaustion detector is stopped.","Lifecycle Events","System.Collections.ObjectModel.ReadOnlyCollection`1[System.String]","System.Collections.Generic.List`1[System.Diagnostics.Eventing.Reader.EventProperty]"
"The Windows Resource Exhaustion Detector started.","1001","0",,"4","1","11","4611686018695823360","666","Microsoft-Windows-Resource-Exhaustion-Detector","9988748e-c2e8-4054-85f6-0c3e1cad2470","Microsoft-Windows-Resource-Exhaustion-Detector/Operational","1760","2948","rjaf-PC4429","S-1-5-19","5/26/2015 2:07:42 PM",,,"c:\users\mac_1\desktop\winevt\logs\microsoft-windows-resource-exhaustion-detector%4operational.evtx","System.UInt32[]","System.Diagnostics.Eventing.Reader.EventBookmark","Information","Events logged when the resource exhaustion detector is started.","Lifecycle Events","System.Collections.ObjectModel.ReadOnlyCollection`1[System.String]","System.Collections.Generic.List`1[System.Diagnostics.Eventing.Reader.EventProperty]"
"The Windows Resource Exhaustion Detector stopped.","1002","0",,"4","1","12","4611686018695823360","665","Microsoft-Windows-Resource-Exhaustion-Detector","9988748e-c2e8-4054-85f6-0c3e1cad2470","Microsoft-Windows-Resource-Exhaustion-Detector/Operational","1760","4256","rjaf-PC4429","S-1-5-19","5/26/2015 2:06:53 PM",,,"c:\users\mac_1\desktop\winevt\logs\microsoft-windows-resource-exhaustion-detector%4operational.evtx","System.UInt32[]","System.Diagnostics.Eventing.Reader.EventBookmark","Information","Events logged when the resource exhaustion detector is stopped.","Lifecycle Events","System.Collections.ObjectModel.ReadOnlyCollection`1[System.String]","System.Collections.Generic.List`1[System.Diagnostics.Eventing.Reader.EventProperty]"
"The Windows Resource Exhaustion Detector started.","1001","0",,"4","1","11","4611686018695823360","664","Microsoft-Windows-Resource-Exhaustion-Detector","9988748e-c2e8-4054-85f6-0c3e1cad2470","Microsoft-Windows-Resource-Exhaustion-Detector/Operational","1760","3576","rjaf-PC4429","S-1-5-19","5/26/2015 12:44:12 AM",,,"c:\users\mac_1\desktop\winevt\logs\microsoft-windows-resource-exhaustion-detector%4operational.evtx","System.UInt32[]","System.Diagnostics.Eventing.Reader.EventBookmark","Information","Events logged when the resource exhaustion detector is started.","Lifecycle Events","System.Collections.ObjectModel.ReadOnlyCollection`1[System.String]","System.Collections.Generic.List`1[System.Diagnostics.Eventing.Reader.EventProperty]"
"The Windows Resource Exhaustion Detector stopped.","1002","0",,"4","1","12","4611686018695823360","663","Microsoft-Windows-Resource-Exhaustion-Detector","9988748e-c2e8-4054-85f6-0c3e1cad2470","Microsoft-Windows-Resource-Exhaustion-Detector/Operational","1604","3372","rjaf-PC4429","S-1-5-19","5/25/2015 3:09:15 PM",,,"c:\users\mac_1\desktop\winevt\logs\microsoft-windows-resource-exhaustion-detector%4operational.evtx","System.UInt32[]","System.Diagnostics.Eventing.Reader.EventBookmark","Information","Events logged when the resource exhaustion detector is stopped.","Lifecycle Events","System.Collections.ObjectModel.ReadOnlyCollection`1[System.String]","System.Collections.Generic.List`1[System.Diagnostics.Eventing.Reader.EventProperty]"
"The Windows Resource Exhaustion Detector started.","1001","0",,"4","1","11","4611686018695823360","662","Microsoft-Windows-Resource-Exhaustion-Detector","9988748e-c2e8-4054-85f6-0c3e1cad2470","Microsoft-Windows-Resource-Exhaustion-Detector/Operational","1604","3500","rjaf-PC4429","S-1-5-19","5/24/2015 11:42:28 PM",,,"c:\users\mac_1\desktop\winevt\logs\microsoft-windows-resource-exhaustion-detector%4operational.evtx","System.UInt32[]","System.Diagnostics.Eventing.Reader.EventBookmark","Information","Events logged when the resource exhaustion detector is started.","Lifecycle Events","System.Collections.ObjectModel.ReadOnlyCollection`1[System.String]","System.Collections.Generic.List`1[System.Diagnostics.Eventing.Reader.EventProperty]"
