"The scripted diagnostic engine completed diagnosing the diagnostic package NetworkDiagnostics.","104","0",,"4","0","0","4611686052787126272","1487","Microsoft-Windows-Diagnosis-Scripted","e1dd7e52-621d-44e3-a1ad-0370c2b25946","Microsoft-Windows-Diagnosis-Scripted/Operational","5388","4796","rjaf-PC4429","S-1-5-21-1634558665-2257203147-3060767804-1000","4/1/2015 2:50:41 AM",,,"c:\users\mac_1\desktop\winevt\logs\microsoft-windows-diagnosis-scripted%4operational.evtx","System.UInt32[]","System.Diagnostics.Eventing.Reader.EventBookmark","Information","Info",,"System.Collections.ObjectModel.ReadOnlyCollection`1[System.String]","System.Collections.Generic.List`1[System.Diagnostics.Eventing.Reader.EventProperty]"
"Rootcause {000000000-0000-0000-0000-000000000001}/D9C1EBD7-4803-4BFB-BFFC-2D831D79265E:709264155 was detected in package NetworkDiagnostics.","401","0",,"4","0","0","4611686052787126272","1486","Microsoft-Windows-Diagnosis-Scripted","e1dd7e52-621d-44e3-a1ad-0370c2b25946","Microsoft-Windows-Diagnosis-Scripted/Operational","5388","4796","rjaf-PC4429","S-1-5-21-1634558665-2257203147-3060767804-1000","4/1/2015 2:50:41 AM",,,"c:\users\mac_1\desktop\winevt\logs\microsoft-windows-diagnosis-scripted%4operational.evtx","System.UInt32[]","System.Diagnostics.Eventing.Reader.EventBookmark","Information","Info",,"System.Collections.ObjectModel.ReadOnlyCollection`1[System.String]","System.Collections.Generic.List`1[System.Diagnostics.Eventing.Reader.EventProperty]"
"The scripted diagnostic engine started diagnosing the diagnostic package NetworkDiagnostics.","103","0",,"4","0","0","4611686052787126272","1485","Microsoft-Windows-Diagnosis-Scripted","e1dd7e52-621d-44e3-a1ad-0370c2b25946","Microsoft-Windows-Diagnosis-Scripted/Operational","5388","4796","rjaf-PC4429","S-1-5-21-1634558665-2257203147-3060767804-1000","4/1/2015 2:50:37 AM",,,"c:\users\mac_1\desktop\winevt\logs\microsoft-windows-diagnosis-scripted%4operational.evtx","System.UInt32[]","System.Diagnostics.Eventing.Reader.EventBookmark","Information","Info",,"System.Collections.ObjectModel.ReadOnlyCollection`1[System.String]","System.Collections.Generic.List`1[System.Diagnostics.Eventing.Reader.EventProperty]"
"The scripted diagnostic engine completed initializing a diagnostic package located at C:\Windows\diagnostics\system\networking.","102","0",,"4","0","0","4611686052787126272","1484","Microsoft-Windows-Diagnosis-Scripted","e1dd7e52-621d-44e3-a1ad-0370c2b25946","Microsoft-Windows-Diagnosis-Scripted/Operational","5388","2032","rjaf-PC4429","S-1-5-21-1634558665-2257203147-3060767804-1000","4/1/2015 2:50:37 AM",,,"c:\users\mac_1\desktop\winevt\logs\microsoft-windows-diagnosis-scripted%4operational.evtx","System.UInt32[]","System.Diagnostics.Eventing.Reader.EventBookmark","Information","Info",,"System.Collections.ObjectModel.ReadOnlyCollection`1[System.String]","System.Collections.Generic.List`1[System.Diagnostics.Eventing.Reader.EventProperty]"
"The scripted diagnostic engine started initializing a diagnostic package located at C:\Windows\diagnostics\system\networking.","101","0",,"4","0","0","4611686052787126272","1483","Microsoft-Windows-Diagnosis-Scripted","e1dd7e52-621d-44e3-a1ad-0370c2b25946","Microsoft-Windows-Diagnosis-Scripted/Operational","5388","2032","rjaf-PC4429","S-1-5-21-1634558665-2257203147-3060767804-1000","4/1/2015 2:50:37 AM",,,"c:\users\mac_1\desktop\winevt\logs\microsoft-windows-diagnosis-scripted%4operational.evtx","System.UInt32[]","System.Diagnostics.Eventing.Reader.EventBookmark","Information","Info",,"System.Collections.ObjectModel.ReadOnlyCollection`1[System.String]","System.Collections.Generic.List`1[System.Diagnostics.Eventing.Reader.EventProperty]"
"The scripted diagnostic engine has encountered an error 0x803C0100.","201","0",,"2","0","0","4611686052787126272","1482","Microsoft-Windows-Diagnosis-Scripted","e1dd7e52-621d-44e3-a1ad-0370c2b25946","Microsoft-Windows-Diagnosis-Scripted/Operational","9452","9552","rjaf-PC4429","S-1-5-21-1634558665-2257203147-3060767804-1000","4/1/2015 1:52:28 AM",,,"c:\users\mac_1\desktop\winevt\logs\microsoft-windows-diagnosis-scripted%4operational.evtx","System.UInt32[]","System.Diagnostics.Eventing.Reader.EventBookmark","Error","Info",,"System.Collections.ObjectModel.ReadOnlyCollection`1[System.String]","System.Collections.Generic.List`1[System.Diagnostics.Eventing.Reader.EventProperty]"
"The scripted diagnostic engine started running the resolution {000000000-0000-0000-0000-000000000001}/D9C1EBD7-4803-4BFB-BFFC-2D831D79265E:709264155/{000000000-0000-0000-0000-000000000001} in the diagnostic package NetworkDiagnostics.","105","0",,"4","0","0","4611686052787126272","1481","Microsoft-Windows-Diagnosis-Scripted","e1dd7e52-621d-44e3-a1ad-0370c2b25946","Microsoft-Windows-Diagnosis-Scripted/Operational","9452","9552","rjaf-PC4429","S-1-5-21-1634558665-2257203147-3060767804-1000","4/1/2015 1:52:25 AM",,,"c:\users\mac_1\desktop\winevt\logs\microsoft-windows-diagnosis-scripted%4operational.evtx","System.UInt32[]","System.Diagnostics.Eventing.Reader.EventBookmark","Information","Info",,"System.Collections.ObjectModel.ReadOnlyCollection`1[System.String]","System.Collections.Generic.List`1[System.Diagnostics.Eventing.Reader.EventProperty]"
"The scripted diagnostic engine completed diagnosing the diagnostic package NetworkDiagnostics.","104","0",,"4","0","0","4611686052787126272","1480","Microsoft-Windows-Diagnosis-Scripted","e1dd7e52-621d-44e3-a1ad-0370c2b25946","Microsoft-Windows-Diagnosis-Scripted/Operational","9452","9552","rjaf-PC4429","S-1-5-21-1634558665-2257203147-3060767804-1000","4/1/2015 1:52:25 AM",,,"c:\users\mac_1\desktop\winevt\logs\microsoft-windows-diagnosis-scripted%4operational.evtx","System.UInt32[]","System.Diagnostics.Eventing.Reader.EventBookmark","Information","Info",,"System.Collections.ObjectModel.ReadOnlyCollection`1[System.String]","System.Collections.Generic.List`1[System.Diagnostics.Eventing.Reader.EventProperty]"
"Rootcause {000000000-0000-0000-0000-000000000001}/D9C1EBD7-4803-4BFB-BFFC-2D831D79265E:709264155 was detected in package NetworkDiagnostics.","401","0",,"4","0","0","4611686052787126272","1479","Microsoft-Windows-Diagnosis-Scripted","e1dd7e52-621d-44e3-a1ad-0370c2b25946","Microsoft-Windows-Diagnosis-Scripted/Operational","9452","9552","rjaf-PC4429","S-1-5-21-1634558665-2257203147-3060767804-1000","4/1/2015 1:52:25 AM",,,"c:\users\mac_1\desktop\winevt\logs\microsoft-windows-diagnosis-scripted%4operational.evtx","System.UInt32[]","System.Diagnostics.Eventing.Reader.EventBookmark","Information","Info",,"System.Collections.ObjectModel.ReadOnlyCollection`1[System.String]","System.Collections.Generic.List`1[System.Diagnostics.Eventing.Reader.EventProperty]"
"The scripted diagnostic engine started diagnosing the diagnostic package NetworkDiagnostics.","103","0",,"4","0","0","4611686052787126272","1478","Microsoft-Windows-Diagnosis-Scripted","e1dd7e52-621d-44e3-a1ad-0370c2b25946","Microsoft-Windows-Diagnosis-Scripted/Operational","9452","9552","rjaf-PC4429","S-1-5-21-1634558665-2257203147-3060767804-1000","4/1/2015 1:52:19 AM",,,"c:\users\mac_1\desktop\winevt\logs\microsoft-windows-diagnosis-scripted%4operational.evtx","System.UInt32[]","System.Diagnostics.Eventing.Reader.EventBookmark","Information","Info",,"System.Collections.ObjectModel.ReadOnlyCollection`1[System.String]","System.Collections.Generic.List`1[System.Diagnostics.Eventing.Reader.EventProperty]"
"The scripted diagnostic engine completed initializing a diagnostic package located at C:\Windows\diagnostics\system\networking.","102","0",,"4","0","0","4611686052787126272","1477","Microsoft-Windows-Diagnosis-Scripted","e1dd7e52-621d-44e3-a1ad-0370c2b25946","Microsoft-Windows-Diagnosis-Scripted/Operational","9452","9244","rjaf-PC4429","S-1-5-21-1634558665-2257203147-3060767804-1000","4/1/2015 1:52:19 AM",,,"c:\users\mac_1\desktop\winevt\logs\microsoft-windows-diagnosis-scripted%4operational.evtx","System.UInt32[]","System.Diagnostics.Eventing.Reader.EventBookmark","Information","Info",,"System.Collections.ObjectModel.ReadOnlyCollection`1[System.String]","System.Collections.Generic.List`1[System.Diagnostics.Eventing.Reader.EventProperty]"
"The scripted diagnostic engine started initializing a diagnostic package located at C:\Windows\diagnostics\system\networking.","101","0",,"4","0","0","4611686052787126272","1476","Microsoft-Windows-Diagnosis-Scripted","e1dd7e52-621d-44e3-a1ad-0370c2b25946","Microsoft-Windows-Diagnosis-Scripted/Operational","9452","9244","rjaf-PC4429","S-1-5-21-1634558665-2257203147-3060767804-1000","4/1/2015 1:52:18 AM",,,"c:\users\mac_1\desktop\winevt\logs\microsoft-windows-diagnosis-scripted%4operational.evtx","System.UInt32[]","System.Diagnostics.Eventing.Reader.EventBookmark","Information","Info",,"System.Collections.ObjectModel.ReadOnlyCollection`1[System.String]","System.Collections.Generic.List`1[System.Diagnostics.Eventing.Reader.EventProperty]"
"The scripted diagnostic engine completed diagnosing the diagnostic package MaintenanceDiagnostic.","104","0",,"4","0","0","4611686052787126272","1475","Microsoft-Windows-Diagnosis-Scripted","e1dd7e52-621d-44e3-a1ad-0370c2b25946","Microsoft-Windows-Diagnosis-Scripted/Operational","2628","2220","rjaf-PC4429","S-1-5-21-1634558665-2257203147-3060767804-1000","3/29/2015 10:53:26 PM",,,"c:\users\mac_1\desktop\winevt\logs\microsoft-windows-diagnosis-scripted%4operational.evtx","System.UInt32[]","System.Diagnostics.Eventing.Reader.EventBookmark","Information","Info",,"System.Collections.ObjectModel.ReadOnlyCollection`1[System.String]","System.Collections.Generic.List`1[System.Diagnostics.Eventing.Reader.EventProperty]"
"The scripted diagnostic engine started diagnosing the diagnostic package MaintenanceDiagnostic.","103","0",,"4","0","0","4611686052787126272","1474","Microsoft-Windows-Diagnosis-Scripted","e1dd7e52-621d-44e3-a1ad-0370c2b25946","Microsoft-Windows-Diagnosis-Scripted/Operational","2628","2220","rjaf-PC4429","S-1-5-21-1634558665-2257203147-3060767804-1000","3/29/2015 10:53:11 PM",,,"c:\users\mac_1\desktop\winevt\logs\microsoft-windows-diagnosis-scripted%4operational.evtx","System.UInt32[]","System.Diagnostics.Eventing.Reader.EventBookmark","Information","Info",,"System.Collections.ObjectModel.ReadOnlyCollection`1[System.String]","System.Collections.Generic.List`1[System.Diagnostics.Eventing.Reader.EventProperty]"
"The scripted diagnostic engine completed initializing a diagnostic package located at C:\Windows\diagnostics\scheduled\Maintenance.","102","0",,"4","0","0","4611686052787126272","1473","Microsoft-Windows-Diagnosis-Scripted","e1dd7e52-621d-44e3-a1ad-0370c2b25946","Microsoft-Windows-Diagnosis-Scripted/Operational","2628","2220","rjaf-PC4429","S-1-5-21-1634558665-2257203147-3060767804-1000","3/29/2015 10:53:11 PM",,,"c:\users\mac_1\desktop\winevt\logs\microsoft-windows-diagnosis-scripted%4operational.evtx","System.UInt32[]","System.Diagnostics.Eventing.Reader.EventBookmark","Information","Info",,"System.Collections.ObjectModel.ReadOnlyCollection`1[System.String]","System.Collections.Generic.List`1[System.Diagnostics.Eventing.Reader.EventProperty]"
"The scripted diagnostic engine started initializing a diagnostic package located at C:\Windows\diagnostics\scheduled\Maintenance.","101","0",,"4","0","0","4611686052787126272","1472","Microsoft-Windows-Diagnosis-Scripted","e1dd7e52-621d-44e3-a1ad-0370c2b25946","Microsoft-Windows-Diagnosis-Scripted/Operational","2628","2220","rjaf-PC4429","S-1-5-21-1634558665-2257203147-3060767804-1000","3/29/2015 10:53:10 PM",,,"c:\users\mac_1\desktop\winevt\logs\microsoft-windows-diagnosis-scripted%4operational.evtx","System.UInt32[]","System.Diagnostics.Eventing.Reader.EventBookmark","Information","Info",,"System.Collections.ObjectModel.ReadOnlyCollection`1[System.String]","System.Collections.Generic.List`1[System.Diagnostics.Eventing.Reader.EventProperty]"
"The scripted diagnostic engine completed diagnosing the diagnostic package MaintenanceDiagnostic.","104","0",,"4","0","0","4611686052787126272","1471","Microsoft-Windows-Diagnosis-Scripted","e1dd7e52-621d-44e3-a1ad-0370c2b25946","Microsoft-Windows-Diagnosis-Scripted/Operational","544","2528","rjaf-PC4429","S-1-5-21-1634558665-2257203147-3060767804-1000","3/29/2015 11:17:50 AM",,,"c:\users\mac_1\desktop\winevt\logs\microsoft-windows-diagnosis-scripted%4operational.evtx","System.UInt32[]","System.Diagnostics.Eventing.Reader.EventBookmark","Information","Info",,"System.Collections.ObjectModel.ReadOnlyCollection`1[System.String]","System.Collections.Generic.List`1[System.Diagnostics.Eventing.Reader.EventProperty]"
"The scripted diagnostic engine started diagnosing the diagnostic package MaintenanceDiagnostic.","103","0",,"4","0","0","4611686052787126272","1470","Microsoft-Windows-Diagnosis-Scripted","e1dd7e52-621d-44e3-a1ad-0370c2b25946","Microsoft-Windows-Diagnosis-Scripted/Operational","544","2528","rjaf-PC4429","S-1-5-21-1634558665-2257203147-3060767804-1000","3/29/2015 11:17:28 AM",,,"c:\users\mac_1\desktop\winevt\logs\microsoft-windows-diagnosis-scripted%4operational.evtx","System.UInt32[]","System.Diagnostics.Eventing.Reader.EventBookmark","Information","Info",,"System.Collections.ObjectModel.ReadOnlyCollection`1[System.String]","System.Collections.Generic.List`1[System.Diagnostics.Eventing.Reader.EventProperty]"
"The scripted diagnostic engine completed initializing a diagnostic package located at C:\Windows\diagnostics\scheduled\Maintenance.","102","0",,"4","0","0","4611686052787126272","1469","Microsoft-Windows-Diagnosis-Scripted","e1dd7e52-621d-44e3-a1ad-0370c2b25946","Microsoft-Windows-Diagnosis-Scripted/Operational","544","2528","rjaf-PC4429","S-1-5-21-1634558665-2257203147-3060767804-1000","3/29/2015 11:17:28 AM",,,"c:\users\mac_1\desktop\winevt\logs\microsoft-windows-diagnosis-scripted%4operational.evtx","System.UInt32[]","System.Diagnostics.Eventing.Reader.EventBookmark","Information","Info",,"System.Collections.ObjectModel.ReadOnlyCollection`1[System.String]","System.Collections.Generic.List`1[System.Diagnostics.Eventing.Reader.EventProperty]"
"The scripted diagnostic engine started initializing a diagnostic package located at C:\Windows\diagnostics\scheduled\Maintenance.","101","0",,"4","0","0","4611686052787126272","1468","Microsoft-Windows-Diagnosis-Scripted","e1dd7e52-621d-44e3-a1ad-0370c2b25946","Microsoft-Windows-Diagnosis-Scripted/Operational","544","2528","rjaf-PC4429","S-1-5-21-1634558665-2257203147-3060767804-1000","3/29/2015 11:17:23 AM",,,"c:\users\mac_1\desktop\winevt\logs\microsoft-windows-diagnosis-scripted%4operational.evtx","System.UInt32[]","System.Diagnostics.Eventing.Reader.EventBookmark","Information","Info",,"System.Collections.ObjectModel.ReadOnlyCollection`1[System.String]","System.Collections.Generic.List`1[System.Diagnostics.Eventing.Reader.EventProperty]"
"The scripted diagnostic engine completed diagnosing the diagnostic package MaintenanceDiagnostic.","104","0",,"4","0","0","4611686052787126272","1467","Microsoft-Windows-Diagnosis-Scripted","e1dd7e52-621d-44e3-a1ad-0370c2b25946","Microsoft-Windows-Diagnosis-Scripted/Operational","3856","4052","rjaf-PC4429","S-1-5-21-1634558665-2257203147-3060767804-1000","3/25/2015 3:20:21 AM",,,"c:\users\mac_1\desktop\winevt\logs\microsoft-windows-diagnosis-scripted%4operational.evtx","System.UInt32[]","System.Diagnostics.Eventing.Reader.EventBookmark","Information","Info",,"System.Collections.ObjectModel.ReadOnlyCollection`1[System.String]","System.Collections.Generic.List`1[System.Diagnostics.Eventing.Reader.EventProperty]"
"The scripted diagnostic engine started diagnosing the diagnostic package MaintenanceDiagnostic.","103","0",,"4","0","0","4611686052787126272","1466","Microsoft-Windows-Diagnosis-Scripted","e1dd7e52-621d-44e3-a1ad-0370c2b25946","Microsoft-Windows-Diagnosis-Scripted/Operational","3856","4052","rjaf-PC4429","S-1-5-21-1634558665-2257203147-3060767804-1000","3/25/2015 3:20:05 AM",,,"c:\users\mac_1\desktop\winevt\logs\microsoft-windows-diagnosis-scripted%4operational.evtx","System.UInt32[]","System.Diagnostics.Eventing.Reader.EventBookmark","Information","Info",,"System.Collections.ObjectModel.ReadOnlyCollection`1[System.String]","System.Collections.Generic.List`1[System.Diagnostics.Eventing.Reader.EventProperty]"
"The scripted diagnostic engine completed initializing a diagnostic package located at C:\Windows\diagnostics\scheduled\Maintenance.","102","0",,"4","0","0","4611686052787126272","1465","Microsoft-Windows-Diagnosis-Scripted","e1dd7e52-621d-44e3-a1ad-0370c2b25946","Microsoft-Windows-Diagnosis-Scripted/Operational","3856","4052","rjaf-PC4429","S-1-5-21-1634558665-2257203147-3060767804-1000","3/25/2015 3:20:05 AM",,,"c:\users\mac_1\desktop\winevt\logs\microsoft-windows-diagnosis-scripted%4operational.evtx","System.UInt32[]","System.Diagnostics.Eventing.Reader.EventBookmark","Information","Info",,"System.Collections.ObjectModel.ReadOnlyCollection`1[System.String]","System.Collections.Generic.List`1[System.Diagnostics.Eventing.Reader.EventProperty]"
"The scripted diagnostic engine started initializing a diagnostic package located at C:\Windows\diagnostics\scheduled\Maintenance.","101","0",,"4","0","0","4611686052787126272","1464","Microsoft-Windows-Diagnosis-Scripted","e1dd7e52-621d-44e3-a1ad-0370c2b25946","Microsoft-Windows-Diagnosis-Scripted/Operational","3856","4052","rjaf-PC4429","S-1-5-21-1634558665-2257203147-3060767804-1000","3/25/2015 3:20:03 AM",,,"c:\users\mac_1\desktop\winevt\logs\microsoft-windows-diagnosis-scripted%4operational.evtx","System.UInt32[]","System.Diagnostics.Eventing.Reader.EventBookmark","Information","Info",,"System.Collections.ObjectModel.ReadOnlyCollection`1[System.String]","System.Collections.Generic.List`1[System.Diagnostics.Eventing.Reader.EventProperty]"
"The scripted diagnostic engine completed diagnosing the diagnostic package MaintenanceDiagnostic.","104","0",,"4","0","0","4611686052787126272","1463","Microsoft-Windows-Diagnosis-Scripted","e1dd7e52-621d-44e3-a1ad-0370c2b25946","Microsoft-Windows-Diagnosis-Scripted/Operational","3836","1452","rjaf-PC4429","S-1-5-21-1634558665-2257203147-3060767804-1000","3/22/2015 12:34:17 PM",,,"c:\users\mac_1\desktop\winevt\logs\microsoft-windows-diagnosis-scripted%4operational.evtx","System.UInt32[]","System.Diagnostics.Eventing.Reader.EventBookmark","Information","Info",,"System.Collections.ObjectModel.ReadOnlyCollection`1[System.String]","System.Collections.Generic.List`1[System.Diagnostics.Eventing.Reader.EventProperty]"
"The scripted diagnostic engine started diagnosing the diagnostic package MaintenanceDiagnostic.","103","0",,"4","0","0","4611686052787126272","1462","Microsoft-Windows-Diagnosis-Scripted","e1dd7e52-621d-44e3-a1ad-0370c2b25946","Microsoft-Windows-Diagnosis-Scripted/Operational","3836","1452","rjaf-PC4429","S-1-5-21-1634558665-2257203147-3060767804-1000","3/22/2015 12:33:59 PM",,,"c:\users\mac_1\desktop\winevt\logs\microsoft-windows-diagnosis-scripted%4operational.evtx","System.UInt32[]","System.Diagnostics.Eventing.Reader.EventBookmark","Information","Info",,"System.Collections.ObjectModel.ReadOnlyCollection`1[System.String]","System.Collections.Generic.List`1[System.Diagnostics.Eventing.Reader.EventProperty]"
"The scripted diagnostic engine completed initializing a diagnostic package located at C:\Windows\diagnostics\scheduled\Maintenance.","102","0",,"4","0","0","4611686052787126272","1461","Microsoft-Windows-Diagnosis-Scripted","e1dd7e52-621d-44e3-a1ad-0370c2b25946","Microsoft-Windows-Diagnosis-Scripted/Operational","3836","1452","rjaf-PC4429","S-1-5-21-1634558665-2257203147-3060767804-1000","3/22/2015 12:33:59 PM",,,"c:\users\mac_1\desktop\winevt\logs\microsoft-windows-diagnosis-scripted%4operational.evtx","System.UInt32[]","System.Diagnostics.Eventing.Reader.EventBookmark","Information","Info",,"System.Collections.ObjectModel.ReadOnlyCollection`1[System.String]","System.Collections.Generic.List`1[System.Diagnostics.Eventing.Reader.EventProperty]"
"The scripted diagnostic engine started initializing a diagnostic package located at C:\Windows\diagnostics\scheduled\Maintenance.","101","0",,"4","0","0","4611686052787126272","1460","Microsoft-Windows-Diagnosis-Scripted","e1dd7e52-621d-44e3-a1ad-0370c2b25946","Microsoft-Windows-Diagnosis-Scripted/Operational","3836","1452","rjaf-PC4429","S-1-5-21-1634558665-2257203147-3060767804-1000","3/22/2015 12:33:59 PM",,,"c:\users\mac_1\desktop\winevt\logs\microsoft-windows-diagnosis-scripted%4operational.evtx","System.UInt32[]","System.Diagnostics.Eventing.Reader.EventBookmark","Information","Info",,"System.Collections.ObjectModel.ReadOnlyCollection`1[System.String]","System.Collections.Generic.List`1[System.Diagnostics.Eventing.Reader.EventProperty]"
"The scripted diagnostic engine completed diagnosing the diagnostic package MaintenanceDiagnostic.","104","0",,"4","0","0","4611686052787126272","1459","Microsoft-Windows-Diagnosis-Scripted","e1dd7e52-621d-44e3-a1ad-0370c2b25946","Microsoft-Windows-Diagnosis-Scripted/Operational","1164","3800","rjaf-PC4429","S-1-5-21-1634558665-2257203147-3060767804-1000","3/22/2015 4:26:32 AM",,,"c:\users\mac_1\desktop\winevt\logs\microsoft-windows-diagnosis-scripted%4operational.evtx","System.UInt32[]","System.Diagnostics.Eventing.Reader.EventBookmark","Information","Info",,"System.Collections.ObjectModel.ReadOnlyCollection`1[System.String]","System.Collections.Generic.List`1[System.Diagnostics.Eventing.Reader.EventProperty]"
"The scripted diagnostic engine started diagnosing the diagnostic package MaintenanceDiagnostic.","103","0",,"4","0","0","4611686052787126272","1458","Microsoft-Windows-Diagnosis-Scripted","e1dd7e52-621d-44e3-a1ad-0370c2b25946","Microsoft-Windows-Diagnosis-Scripted/Operational","1164","3800","rjaf-PC4429","S-1-5-21-1634558665-2257203147-3060767804-1000","3/22/2015 4:26:12 AM",,,"c:\users\mac_1\desktop\winevt\logs\microsoft-windows-diagnosis-scripted%4operational.evtx","System.UInt32[]","System.Diagnostics.Eventing.Reader.EventBookmark","Information","Info",,"System.Collections.ObjectModel.ReadOnlyCollection`1[System.String]","System.Collections.Generic.List`1[System.Diagnostics.Eventing.Reader.EventProperty]"
"The scripted diagnostic engine completed initializing a diagnostic package located at C:\Windows\diagnostics\scheduled\Maintenance.","102","0",,"4","0","0","4611686052787126272","1457","Microsoft-Windows-Diagnosis-Scripted","e1dd7e52-621d-44e3-a1ad-0370c2b25946","Microsoft-Windows-Diagnosis-Scripted/Operational","1164","3800","rjaf-PC4429","S-1-5-21-1634558665-2257203147-3060767804-1000","3/22/2015 4:26:12 AM",,,"c:\users\mac_1\desktop\winevt\logs\microsoft-windows-diagnosis-scripted%4operational.evtx","System.UInt32[]","System.Diagnostics.Eventing.Reader.EventBookmark","Information","Info",,"System.Collections.ObjectModel.ReadOnlyCollection`1[System.String]","System.Collections.Generic.List`1[System.Diagnostics.Eventing.Reader.EventProperty]"
"The scripted diagnostic engine started initializing a diagnostic package located at C:\Windows\diagnostics\scheduled\Maintenance.","101","0",,"4","0","0","4611686052787126272","1456","Microsoft-Windows-Diagnosis-Scripted","e1dd7e52-621d-44e3-a1ad-0370c2b25946","Microsoft-Windows-Diagnosis-Scripted/Operational","1164","3800","rjaf-PC4429","S-1-5-21-1634558665-2257203147-3060767804-1000","3/22/2015 4:26:12 AM",,,"c:\users\mac_1\desktop\winevt\logs\microsoft-windows-diagnosis-scripted%4operational.evtx","System.UInt32[]","System.Diagnostics.Eventing.Reader.EventBookmark","Information","Info",,"System.Collections.ObjectModel.ReadOnlyCollection`1[System.String]","System.Collections.Generic.List`1[System.Diagnostics.Eventing.Reader.EventProperty]"
"The scripted diagnostic engine has encountered an error 0x803C0100.","201","0",,"2","0","0","4611686052787126272","1455","Microsoft-Windows-Diagnosis-Scripted","e1dd7e52-621d-44e3-a1ad-0370c2b25946","Microsoft-Windows-Diagnosis-Scripted/Operational","1936","1320","rjaf-PC4429","S-1-5-21-1634558665-2257203147-3060767804-1000","3/16/2015 9:23:43 AM",,,"c:\users\mac_1\desktop\winevt\logs\microsoft-windows-diagnosis-scripted%4operational.evtx","System.UInt32[]","System.Diagnostics.Eventing.Reader.EventBookmark","Error","Info",,"System.Collections.ObjectModel.ReadOnlyCollection`1[System.String]","System.Collections.Generic.List`1[System.Diagnostics.Eventing.Reader.EventProperty]"
"The scripted diagnostic engine started diagnosing the diagnostic package AudioDiagnostic.","103","0",,"4","0","0","4611686052787126272","1454","Microsoft-Windows-Diagnosis-Scripted","e1dd7e52-621d-44e3-a1ad-0370c2b25946","Microsoft-Windows-Diagnosis-Scripted/Operational","1936","1320","rjaf-PC4429","S-1-5-21-1634558665-2257203147-3060767804-1000","3/16/2015 9:23:11 AM",,,"c:\users\mac_1\desktop\winevt\logs\microsoft-windows-diagnosis-scripted%4operational.evtx","System.UInt32[]","System.Diagnostics.Eventing.Reader.EventBookmark","Information","Info",,"System.Collections.ObjectModel.ReadOnlyCollection`1[System.String]","System.Collections.Generic.List`1[System.Diagnostics.Eventing.Reader.EventProperty]"
"The scripted diagnostic engine completed initializing a diagnostic package located at C:\Windows\diagnostics\system\Device.","102","0",,"4","0","0","4611686052787126272","1453","Microsoft-Windows-Diagnosis-Scripted","e1dd7e52-621d-44e3-a1ad-0370c2b25946","Microsoft-Windows-Diagnosis-Scripted/Operational","1936","1320","rjaf-PC4429","S-1-5-21-1634558665-2257203147-3060767804-1000","3/16/2015 9:23:11 AM",,,"c:\users\mac_1\desktop\winevt\logs\microsoft-windows-diagnosis-scripted%4operational.evtx","System.UInt32[]","System.Diagnostics.Eventing.Reader.EventBookmark","Information","Info",,"System.Collections.ObjectModel.ReadOnlyCollection`1[System.String]","System.Collections.Generic.List`1[System.Diagnostics.Eventing.Reader.EventProperty]"
"The scripted diagnostic engine started initializing a diagnostic package located at C:\Windows\diagnostics\system\Device.","101","0",,"4","0","0","4611686052787126272","1452","Microsoft-Windows-Diagnosis-Scripted","e1dd7e52-621d-44e3-a1ad-0370c2b25946","Microsoft-Windows-Diagnosis-Scripted/Operational","1936","1320","rjaf-PC4429","S-1-5-21-1634558665-2257203147-3060767804-1000","3/16/2015 9:23:11 AM",,,"c:\users\mac_1\desktop\winevt\logs\microsoft-windows-diagnosis-scripted%4operational.evtx","System.UInt32[]","System.Diagnostics.Eventing.Reader.EventBookmark","Information","Info",,"System.Collections.ObjectModel.ReadOnlyCollection`1[System.String]","System.Collections.Generic.List`1[System.Diagnostics.Eventing.Reader.EventProperty]"
"The scripted diagnostic engine completed initializing a diagnostic package located at C:\Windows\diagnostics\system\Audio.","102","0",,"4","0","0","4611686052787126272","1451","Microsoft-Windows-Diagnosis-Scripted","e1dd7e52-621d-44e3-a1ad-0370c2b25946","Microsoft-Windows-Diagnosis-Scripted/Operational","1936","1320","rjaf-PC4429","S-1-5-21-1634558665-2257203147-3060767804-1000","3/16/2015 9:23:11 AM",,,"c:\users\mac_1\desktop\winevt\logs\microsoft-windows-diagnosis-scripted%4operational.evtx","System.UInt32[]","System.Diagnostics.Eventing.Reader.EventBookmark","Information","Info",,"System.Collections.ObjectModel.ReadOnlyCollection`1[System.String]","System.Collections.Generic.List`1[System.Diagnostics.Eventing.Reader.EventProperty]"
"The scripted diagnostic engine started initializing a diagnostic package located at C:\Windows\diagnostics\system\Audio.","101","0",,"4","0","0","4611686052787126272","1450","Microsoft-Windows-Diagnosis-Scripted","e1dd7e52-621d-44e3-a1ad-0370c2b25946","Microsoft-Windows-Diagnosis-Scripted/Operational","1936","1320","rjaf-PC4429","S-1-5-21-1634558665-2257203147-3060767804-1000","3/16/2015 9:23:11 AM",,,"c:\users\mac_1\desktop\winevt\logs\microsoft-windows-diagnosis-scripted%4operational.evtx","System.UInt32[]","System.Diagnostics.Eventing.Reader.EventBookmark","Information","Info",,"System.Collections.ObjectModel.ReadOnlyCollection`1[System.String]","System.Collections.Generic.List`1[System.Diagnostics.Eventing.Reader.EventProperty]"
"Rootcause RC_DiagnosticHistory/DefaultInstanceId was resolved in package MaintenanceDiagnostic.","402","0",,"4","0","0","4611686052787126272","1449","Microsoft-Windows-Diagnosis-Scripted","e1dd7e52-621d-44e3-a1ad-0370c2b25946","Microsoft-Windows-Diagnosis-Scripted/Operational","1040","3272","rjaf-PC4429","S-1-5-21-1634558665-2257203147-3060767804-1000","3/15/2015 1:47:28 AM",,,"c:\users\mac_1\desktop\winevt\logs\microsoft-windows-diagnosis-scripted%4operational.evtx","System.UInt32[]","System.Diagnostics.Eventing.Reader.EventBookmark","Information","Info",,"System.Collections.ObjectModel.ReadOnlyCollection`1[System.String]","System.Collections.Generic.List`1[System.Diagnostics.Eventing.Reader.EventProperty]"
"The scripted diagnostic engine completed verifying the diagnostic package MaintenanceDiagnostic.","108","0",,"4","0","0","4611686052787126272","1448","Microsoft-Windows-Diagnosis-Scripted","e1dd7e52-621d-44e3-a1ad-0370c2b25946","Microsoft-Windows-Diagnosis-Scripted/Operational","1040","3272","rjaf-PC4429","S-1-5-21-1634558665-2257203147-3060767804-1000","3/15/2015 1:47:28 AM",,,"c:\users\mac_1\desktop\winevt\logs\microsoft-windows-diagnosis-scripted%4operational.evtx","System.UInt32[]","System.Diagnostics.Eventing.Reader.EventBookmark","Information","Info",,"System.Collections.ObjectModel.ReadOnlyCollection`1[System.String]","System.Collections.Generic.List`1[System.Diagnostics.Eventing.Reader.EventProperty]"
"The scripted diagnostic engine started verifying the diagnostic package MaintenanceDiagnostic.","107","0",,"4","0","0","4611686052787126272","1447","Microsoft-Windows-Diagnosis-Scripted","e1dd7e52-621d-44e3-a1ad-0370c2b25946","Microsoft-Windows-Diagnosis-Scripted/Operational","1040","3272","rjaf-PC4429","S-1-5-21-1634558665-2257203147-3060767804-1000","3/15/2015 1:47:28 AM",,,"c:\users\mac_1\desktop\winevt\logs\microsoft-windows-diagnosis-scripted%4operational.evtx","System.UInt32[]","System.Diagnostics.Eventing.Reader.EventBookmark","Information","Info",,"System.Collections.ObjectModel.ReadOnlyCollection`1[System.String]","System.Collections.Generic.List`1[System.Diagnostics.Eventing.Reader.EventProperty]"
"The scripted diagnostic engine completed running the resolution RC_DiagnosticHistory/DefaultInstanceId/RS_AdminDiagnosticHistory in the diagnostic package MaintenanceDiagnostic.","106","0",,"4","0","0","4611686052787126272","1446","Microsoft-Windows-Diagnosis-Scripted","e1dd7e52-621d-44e3-a1ad-0370c2b25946","Microsoft-Windows-Diagnosis-Scripted/Operational","1040","3272","rjaf-PC4429","S-1-5-21-1634558665-2257203147-3060767804-1000","3/15/2015 1:47:28 AM",,,"c:\users\mac_1\desktop\winevt\logs\microsoft-windows-diagnosis-scripted%4operational.evtx","System.UInt32[]","System.Diagnostics.Eventing.Reader.EventBookmark","Information","Info",,"System.Collections.ObjectModel.ReadOnlyCollection`1[System.String]","System.Collections.Generic.List`1[System.Diagnostics.Eventing.Reader.EventProperty]"
"The scripted diagnostic engine started running the resolution RC_DiagnosticHistory/DefaultInstanceId/RS_AdminDiagnosticHistory in the diagnostic package MaintenanceDiagnostic.","105","0",,"4","0","0","4611686052787126272","1445","Microsoft-Windows-Diagnosis-Scripted","e1dd7e52-621d-44e3-a1ad-0370c2b25946","Microsoft-Windows-Diagnosis-Scripted/Operational","1040","3272","rjaf-PC4429","S-1-5-21-1634558665-2257203147-3060767804-1000","3/15/2015 1:47:27 AM",,,"c:\users\mac_1\desktop\winevt\logs\microsoft-windows-diagnosis-scripted%4operational.evtx","System.UInt32[]","System.Diagnostics.Eventing.Reader.EventBookmark","Information","Info",,"System.Collections.ObjectModel.ReadOnlyCollection`1[System.String]","System.Collections.Generic.List`1[System.Diagnostics.Eventing.Reader.EventProperty]"
"The scripted diagnostic engine completed verifying the diagnostic package MaintenanceDiagnostic.","108","0",,"4","0","0","4611686052787126272","1444","Microsoft-Windows-Diagnosis-Scripted","e1dd7e52-621d-44e3-a1ad-0370c2b25946","Microsoft-Windows-Diagnosis-Scripted/Operational","1040","3272","rjaf-PC4429","S-1-5-21-1634558665-2257203147-3060767804-1000","3/15/2015 1:47:27 AM",,,"c:\users\mac_1\desktop\winevt\logs\microsoft-windows-diagnosis-scripted%4operational.evtx","System.UInt32[]","System.Diagnostics.Eventing.Reader.EventBookmark","Information","Info",,"System.Collections.ObjectModel.ReadOnlyCollection`1[System.String]","System.Collections.Generic.List`1[System.Diagnostics.Eventing.Reader.EventProperty]"
"The scripted diagnostic engine started verifying the diagnostic package MaintenanceDiagnostic.","107","0",,"4","0","0","4611686052787126272","1443","Microsoft-Windows-Diagnosis-Scripted","e1dd7e52-621d-44e3-a1ad-0370c2b25946","Microsoft-Windows-Diagnosis-Scripted/Operational","1040","3272","rjaf-PC4429","S-1-5-21-1634558665-2257203147-3060767804-1000","3/15/2015 1:47:27 AM",,,"c:\users\mac_1\desktop\winevt\logs\microsoft-windows-diagnosis-scripted%4operational.evtx","System.UInt32[]","System.Diagnostics.Eventing.Reader.EventBookmark","Information","Info",,"System.Collections.ObjectModel.ReadOnlyCollection`1[System.String]","System.Collections.Generic.List`1[System.Diagnostics.Eventing.Reader.EventProperty]"
"The scripted diagnostic engine completed running the resolution RC_DiagnosticHistory/DefaultInstanceId/RS_UserDiagnosticHistory in the diagnostic package MaintenanceDiagnostic.","106","0",,"4","0","0","4611686052787126272","1442","Microsoft-Windows-Diagnosis-Scripted","e1dd7e52-621d-44e3-a1ad-0370c2b25946","Microsoft-Windows-Diagnosis-Scripted/Operational","1040","3272","rjaf-PC4429","S-1-5-21-1634558665-2257203147-3060767804-1000","3/15/2015 1:47:27 AM",,,"c:\users\mac_1\desktop\winevt\logs\microsoft-windows-diagnosis-scripted%4operational.evtx","System.UInt32[]","System.Diagnostics.Eventing.Reader.EventBookmark","Information","Info",,"System.Collections.ObjectModel.ReadOnlyCollection`1[System.String]","System.Collections.Generic.List`1[System.Diagnostics.Eventing.Reader.EventProperty]"
"The scripted diagnostic engine started running the resolution RC_DiagnosticHistory/DefaultInstanceId/RS_UserDiagnosticHistory in the diagnostic package MaintenanceDiagnostic.","105","0",,"4","0","0","4611686052787126272","1441","Microsoft-Windows-Diagnosis-Scripted","e1dd7e52-621d-44e3-a1ad-0370c2b25946","Microsoft-Windows-Diagnosis-Scripted/Operational","1040","3272","rjaf-PC4429","S-1-5-21-1634558665-2257203147-3060767804-1000","3/15/2015 1:47:27 AM",,,"c:\users\mac_1\desktop\winevt\logs\microsoft-windows-diagnosis-scripted%4operational.evtx","System.UInt32[]","System.Diagnostics.Eventing.Reader.EventBookmark","Information","Info",,"System.Collections.ObjectModel.ReadOnlyCollection`1[System.String]","System.Collections.Generic.List`1[System.Diagnostics.Eventing.Reader.EventProperty]"
"The scripted diagnostic engine completed diagnosing the diagnostic package MaintenanceDiagnostic.","104","0",,"4","0","0","4611686052787126272","1440","Microsoft-Windows-Diagnosis-Scripted","e1dd7e52-621d-44e3-a1ad-0370c2b25946","Microsoft-Windows-Diagnosis-Scripted/Operational","1040","3272","rjaf-PC4429","S-1-5-21-1634558665-2257203147-3060767804-1000","3/15/2015 1:47:27 AM",,,"c:\users\mac_1\desktop\winevt\logs\microsoft-windows-diagnosis-scripted%4operational.evtx","System.UInt32[]","System.Diagnostics.Eventing.Reader.EventBookmark","Information","Info",,"System.Collections.ObjectModel.ReadOnlyCollection`1[System.String]","System.Collections.Generic.List`1[System.Diagnostics.Eventing.Reader.EventProperty]"
"Rootcause RC_DiagnosticHistory/DefaultInstanceId was detected in package MaintenanceDiagnostic.","401","0",,"4","0","0","4611686052787126272","1439","Microsoft-Windows-Diagnosis-Scripted","e1dd7e52-621d-44e3-a1ad-0370c2b25946","Microsoft-Windows-Diagnosis-Scripted/Operational","1040","3272","rjaf-PC4429","S-1-5-21-1634558665-2257203147-3060767804-1000","3/15/2015 1:47:27 AM",,,"c:\users\mac_1\desktop\winevt\logs\microsoft-windows-diagnosis-scripted%4operational.evtx","System.UInt32[]","System.Diagnostics.Eventing.Reader.EventBookmark","Information","Info",,"System.Collections.ObjectModel.ReadOnlyCollection`1[System.String]","System.Collections.Generic.List`1[System.Diagnostics.Eventing.Reader.EventProperty]"
"The scripted diagnostic engine started diagnosing the diagnostic package MaintenanceDiagnostic.","103","0",,"4","0","0","4611686052787126272","1438","Microsoft-Windows-Diagnosis-Scripted","e1dd7e52-621d-44e3-a1ad-0370c2b25946","Microsoft-Windows-Diagnosis-Scripted/Operational","1040","3272","rjaf-PC4429","S-1-5-21-1634558665-2257203147-3060767804-1000","3/15/2015 1:47:03 AM",,,"c:\users\mac_1\desktop\winevt\logs\microsoft-windows-diagnosis-scripted%4operational.evtx","System.UInt32[]","System.Diagnostics.Eventing.Reader.EventBookmark","Information","Info",,"System.Collections.ObjectModel.ReadOnlyCollection`1[System.String]","System.Collections.Generic.List`1[System.Diagnostics.Eventing.Reader.EventProperty]"
"The scripted diagnostic engine completed initializing a diagnostic package located at C:\Windows\diagnostics\scheduled\Maintenance.","102","0",,"4","0","0","4611686052787126272","1437","Microsoft-Windows-Diagnosis-Scripted","e1dd7e52-621d-44e3-a1ad-0370c2b25946","Microsoft-Windows-Diagnosis-Scripted/Operational","1040","3272","rjaf-PC4429","S-1-5-21-1634558665-2257203147-3060767804-1000","3/15/2015 1:47:03 AM",,,"c:\users\mac_1\desktop\winevt\logs\microsoft-windows-diagnosis-scripted%4operational.evtx","System.UInt32[]","System.Diagnostics.Eventing.Reader.EventBookmark","Information","Info",,"System.Collections.ObjectModel.ReadOnlyCollection`1[System.String]","System.Collections.Generic.List`1[System.Diagnostics.Eventing.Reader.EventProperty]"
"The scripted diagnostic engine started initializing a diagnostic package located at C:\Windows\diagnostics\scheduled\Maintenance.","101","0",,"4","0","0","4611686052787126272","1436","Microsoft-Windows-Diagnosis-Scripted","e1dd7e52-621d-44e3-a1ad-0370c2b25946","Microsoft-Windows-Diagnosis-Scripted/Operational","1040","3272","rjaf-PC4429","S-1-5-21-1634558665-2257203147-3060767804-1000","3/15/2015 1:47:02 AM",,,"c:\users\mac_1\desktop\winevt\logs\microsoft-windows-diagnosis-scripted%4operational.evtx","System.UInt32[]","System.Diagnostics.Eventing.Reader.EventBookmark","Information","Info",,"System.Collections.ObjectModel.ReadOnlyCollection`1[System.String]","System.Collections.Generic.List`1[System.Diagnostics.Eventing.Reader.EventProperty]"
"The scripted diagnostic engine has encountered an error 0x803C0100.","201","0",,"2","0","0","4611686052787126272","1435","Microsoft-Windows-Diagnosis-Scripted","e1dd7e52-621d-44e3-a1ad-0370c2b25946","Microsoft-Windows-Diagnosis-Scripted/Operational","3196","4008","rjaf-PC4429","S-1-5-21-1634558665-2257203147-3060767804-1000","3/14/2015 7:46:05 AM",,,"c:\users\mac_1\desktop\winevt\logs\microsoft-windows-diagnosis-scripted%4operational.evtx","System.UInt32[]","System.Diagnostics.Eventing.Reader.EventBookmark","Error","Info",,"System.Collections.ObjectModel.ReadOnlyCollection`1[System.String]","System.Collections.Generic.List`1[System.Diagnostics.Eventing.Reader.EventProperty]"
"The scripted diagnostic engine started diagnosing the diagnostic package NetworkDiagnostics.","103","0",,"4","0","0","4611686052787126272","1434","Microsoft-Windows-Diagnosis-Scripted","e1dd7e52-621d-44e3-a1ad-0370c2b25946","Microsoft-Windows-Diagnosis-Scripted/Operational","3196","4008","rjaf-PC4429","S-1-5-21-1634558665-2257203147-3060767804-1000","3/14/2015 7:46:01 AM",,,"c:\users\mac_1\desktop\winevt\logs\microsoft-windows-diagnosis-scripted%4operational.evtx","System.UInt32[]","System.Diagnostics.Eventing.Reader.EventBookmark","Information","Info",,"System.Collections.ObjectModel.ReadOnlyCollection`1[System.String]","System.Collections.Generic.List`1[System.Diagnostics.Eventing.Reader.EventProperty]"
"The scripted diagnostic engine completed initializing a diagnostic package located at C:\Windows\diagnostics\system\networking.","102","0",,"4","0","0","4611686052787126272","1433","Microsoft-Windows-Diagnosis-Scripted","e1dd7e52-621d-44e3-a1ad-0370c2b25946","Microsoft-Windows-Diagnosis-Scripted/Operational","3196","3384","rjaf-PC4429","S-1-5-21-1634558665-2257203147-3060767804-1000","3/14/2015 7:46:00 AM",,,"c:\users\mac_1\desktop\winevt\logs\microsoft-windows-diagnosis-scripted%4operational.evtx","System.UInt32[]","System.Diagnostics.Eventing.Reader.EventBookmark","Information","Info",,"System.Collections.ObjectModel.ReadOnlyCollection`1[System.String]","System.Collections.Generic.List`1[System.Diagnostics.Eventing.Reader.EventProperty]"
"The scripted diagnostic engine started initializing a diagnostic package located at C:\Windows\diagnostics\system\networking.","101","0",,"4","0","0","4611686052787126272","1432","Microsoft-Windows-Diagnosis-Scripted","e1dd7e52-621d-44e3-a1ad-0370c2b25946","Microsoft-Windows-Diagnosis-Scripted/Operational","3196","3384","rjaf-PC4429","S-1-5-21-1634558665-2257203147-3060767804-1000","3/14/2015 7:45:59 AM",,,"c:\users\mac_1\desktop\winevt\logs\microsoft-windows-diagnosis-scripted%4operational.evtx","System.UInt32[]","System.Diagnostics.Eventing.Reader.EventBookmark","Information","Info",,"System.Collections.ObjectModel.ReadOnlyCollection`1[System.String]","System.Collections.Generic.List`1[System.Diagnostics.Eventing.Reader.EventProperty]"
"The scripted diagnostic engine completed diagnosing the diagnostic package MaintenanceDiagnostic.","104","0",,"4","0","0","4611686052787126272","1431","Microsoft-Windows-Diagnosis-Scripted","e1dd7e52-621d-44e3-a1ad-0370c2b25946","Microsoft-Windows-Diagnosis-Scripted/Operational","9628","11528","rjaf-PC4429","S-1-5-21-1634558665-2257203147-3060767804-1000","3/10/2015 5:26:54 AM",,,"c:\users\mac_1\desktop\winevt\logs\microsoft-windows-diagnosis-scripted%4operational.evtx","System.UInt32[]","System.Diagnostics.Eventing.Reader.EventBookmark","Information","Info",,"System.Collections.ObjectModel.ReadOnlyCollection`1[System.String]","System.Collections.Generic.List`1[System.Diagnostics.Eventing.Reader.EventProperty]"
"The scripted diagnostic engine started diagnosing the diagnostic package MaintenanceDiagnostic.","103","0",,"4","0","0","4611686052787126272","1430","Microsoft-Windows-Diagnosis-Scripted","e1dd7e52-621d-44e3-a1ad-0370c2b25946","Microsoft-Windows-Diagnosis-Scripted/Operational","9628","11528","rjaf-PC4429","S-1-5-21-1634558665-2257203147-3060767804-1000","3/10/2015 5:26:35 AM",,,"c:\users\mac_1\desktop\winevt\logs\microsoft-windows-diagnosis-scripted%4operational.evtx","System.UInt32[]","System.Diagnostics.Eventing.Reader.EventBookmark","Information","Info",,"System.Collections.ObjectModel.ReadOnlyCollection`1[System.String]","System.Collections.Generic.List`1[System.Diagnostics.Eventing.Reader.EventProperty]"
"The scripted diagnostic engine completed initializing a diagnostic package located at C:\Windows\diagnostics\scheduled\Maintenance.","102","0",,"4","0","0","4611686052787126272","1429","Microsoft-Windows-Diagnosis-Scripted","e1dd7e52-621d-44e3-a1ad-0370c2b25946","Microsoft-Windows-Diagnosis-Scripted/Operational","9628","11528","rjaf-PC4429","S-1-5-21-1634558665-2257203147-3060767804-1000","3/10/2015 5:26:35 AM",,,"c:\users\mac_1\desktop\winevt\logs\microsoft-windows-diagnosis-scripted%4operational.evtx","System.UInt32[]","System.Diagnostics.Eventing.Reader.EventBookmark","Information","Info",,"System.Collections.ObjectModel.ReadOnlyCollection`1[System.String]","System.Collections.Generic.List`1[System.Diagnostics.Eventing.Reader.EventProperty]"
"The scripted diagnostic engine started initializing a diagnostic package located at C:\Windows\diagnostics\scheduled\Maintenance.","101","0",,"4","0","0","4611686052787126272","1428","Microsoft-Windows-Diagnosis-Scripted","e1dd7e52-621d-44e3-a1ad-0370c2b25946","Microsoft-Windows-Diagnosis-Scripted/Operational","9628","11528","rjaf-PC4429","S-1-5-21-1634558665-2257203147-3060767804-1000","3/10/2015 5:26:34 AM",,,"c:\users\mac_1\desktop\winevt\logs\microsoft-windows-diagnosis-scripted%4operational.evtx","System.UInt32[]","System.Diagnostics.Eventing.Reader.EventBookmark","Information","Info",,"System.Collections.ObjectModel.ReadOnlyCollection`1[System.String]","System.Collections.Generic.List`1[System.Diagnostics.Eventing.Reader.EventProperty]"
"The scripted diagnostic engine completed diagnosing the diagnostic package MaintenanceDiagnostic.","104","0",,"4","0","0","4611686052787126272","1427","Microsoft-Windows-Diagnosis-Scripted","e1dd7e52-621d-44e3-a1ad-0370c2b25946","Microsoft-Windows-Diagnosis-Scripted/Operational","1064","3020","rjaf-PC4429","S-1-5-21-1634558665-2257203147-3060767804-1000","3/8/2015 1:58:16 AM",,,"c:\users\mac_1\desktop\winevt\logs\microsoft-windows-diagnosis-scripted%4operational.evtx","System.UInt32[]","System.Diagnostics.Eventing.Reader.EventBookmark","Information","Info",,"System.Collections.ObjectModel.ReadOnlyCollection`1[System.String]","System.Collections.Generic.List`1[System.Diagnostics.Eventing.Reader.EventProperty]"
"The scripted diagnostic engine started diagnosing the diagnostic package MaintenanceDiagnostic.","103","0",,"4","0","0","4611686052787126272","1426","Microsoft-Windows-Diagnosis-Scripted","e1dd7e52-621d-44e3-a1ad-0370c2b25946","Microsoft-Windows-Diagnosis-Scripted/Operational","1064","3020","rjaf-PC4429","S-1-5-21-1634558665-2257203147-3060767804-1000","3/8/2015 1:57:58 AM",,,"c:\users\mac_1\desktop\winevt\logs\microsoft-windows-diagnosis-scripted%4operational.evtx","System.UInt32[]","System.Diagnostics.Eventing.Reader.EventBookmark","Information","Info",,"System.Collections.ObjectModel.ReadOnlyCollection`1[System.String]","System.Collections.Generic.List`1[System.Diagnostics.Eventing.Reader.EventProperty]"
"The scripted diagnostic engine completed initializing a diagnostic package located at C:\Windows\diagnostics\scheduled\Maintenance.","102","0",,"4","0","0","4611686052787126272","1425","Microsoft-Windows-Diagnosis-Scripted","e1dd7e52-621d-44e3-a1ad-0370c2b25946","Microsoft-Windows-Diagnosis-Scripted/Operational","1064","3020","rjaf-PC4429","S-1-5-21-1634558665-2257203147-3060767804-1000","3/8/2015 1:57:58 AM",,,"c:\users\mac_1\desktop\winevt\logs\microsoft-windows-diagnosis-scripted%4operational.evtx","System.UInt32[]","System.Diagnostics.Eventing.Reader.EventBookmark","Information","Info",,"System.Collections.ObjectModel.ReadOnlyCollection`1[System.String]","System.Collections.Generic.List`1[System.Diagnostics.Eventing.Reader.EventProperty]"
"The scripted diagnostic engine started initializing a diagnostic package located at C:\Windows\diagnostics\scheduled\Maintenance.","101","0",,"4","0","0","4611686052787126272","1424","Microsoft-Windows-Diagnosis-Scripted","e1dd7e52-621d-44e3-a1ad-0370c2b25946","Microsoft-Windows-Diagnosis-Scripted/Operational","1064","3020","rjaf-PC4429","S-1-5-21-1634558665-2257203147-3060767804-1000","3/8/2015 1:57:57 AM",,,"c:\users\mac_1\desktop\winevt\logs\microsoft-windows-diagnosis-scripted%4operational.evtx","System.UInt32[]","System.Diagnostics.Eventing.Reader.EventBookmark","Information","Info",,"System.Collections.ObjectModel.ReadOnlyCollection`1[System.String]","System.Collections.Generic.List`1[System.Diagnostics.Eventing.Reader.EventProperty]"
"The scripted diagnostic engine has encountered an error 0x803C0100.","201","0",,"2","0","0","4611686052787126272","1423","Microsoft-Windows-Diagnosis-Scripted","e1dd7e52-621d-44e3-a1ad-0370c2b25946","Microsoft-Windows-Diagnosis-Scripted/Operational","9504","8680","rjaf-PC4429","S-1-5-21-1634558665-2257203147-3060767804-1000","3/4/2015 8:21:39 AM",,,"c:\users\mac_1\desktop\winevt\logs\microsoft-windows-diagnosis-scripted%4operational.evtx","System.UInt32[]","System.Diagnostics.Eventing.Reader.EventBookmark","Error","Info",,"System.Collections.ObjectModel.ReadOnlyCollection`1[System.String]","System.Collections.Generic.List`1[System.Diagnostics.Eventing.Reader.EventProperty]"
"The scripted diagnostic engine started diagnosing the diagnostic package AudioDiagnostic.","103","0",,"4","0","0","4611686052787126272","1422","Microsoft-Windows-Diagnosis-Scripted","e1dd7e52-621d-44e3-a1ad-0370c2b25946","Microsoft-Windows-Diagnosis-Scripted/Operational","9504","8680","rjaf-PC4429","S-1-5-21-1634558665-2257203147-3060767804-1000","3/4/2015 8:21:29 AM",,,"c:\users\mac_1\desktop\winevt\logs\microsoft-windows-diagnosis-scripted%4operational.evtx","System.UInt32[]","System.Diagnostics.Eventing.Reader.EventBookmark","Information","Info",,"System.Collections.ObjectModel.ReadOnlyCollection`1[System.String]","System.Collections.Generic.List`1[System.Diagnostics.Eventing.Reader.EventProperty]"
"The scripted diagnostic engine completed initializing a diagnostic package located at C:\Windows\diagnostics\system\Device.","102","0",,"4","0","0","4611686052787126272","1421","Microsoft-Windows-Diagnosis-Scripted","e1dd7e52-621d-44e3-a1ad-0370c2b25946","Microsoft-Windows-Diagnosis-Scripted/Operational","9504","8680","rjaf-PC4429","S-1-5-21-1634558665-2257203147-3060767804-1000","3/4/2015 8:21:29 AM",,,"c:\users\mac_1\desktop\winevt\logs\microsoft-windows-diagnosis-scripted%4operational.evtx","System.UInt32[]","System.Diagnostics.Eventing.Reader.EventBookmark","Information","Info",,"System.Collections.ObjectModel.ReadOnlyCollection`1[System.String]","System.Collections.Generic.List`1[System.Diagnostics.Eventing.Reader.EventProperty]"
