"Reliability Analysis calculated system stability of 8.478 for the one-day period starting at ?2014?-?11?-?18T00:00:00.000000000Z.","2005","0",,"4","0","0","-9223372036854771712","351","Microsoft-Windows-Reliability-Analysis-Engine","4ba32972-6fc5-488a-8368-5da620d05127","Microsoft-Windows-ReliabilityAnalysisComponent/Operational","2292","1316","rjaf-PC4429","S-1-5-19","11/17/2014 11:53:55 PM",,,"c:\users\mac_1\desktop\winevt\logs\microsoft-windows-reliabilityanalysiscomponent%4operational.evtx","System.UInt32[]","System.Diagnostics.Eventing.Reader.EventBookmark","Information","Info",,"System.Collections.ObjectModel.ReadOnlyCollection`1[System.String]","System.Collections.Generic.List`1[System.Diagnostics.Eventing.Reader.EventProperty]"
"Reliability Analysis calculated system stability of 8.18 for the one-day period starting at ?2014?-?11?-?17T00:00:00.000000000Z.","2005","0",,"4","0","0","-9223372036854771712","350","Microsoft-Windows-Reliability-Analysis-Engine","4ba32972-6fc5-488a-8368-5da620d05127","Microsoft-Windows-ReliabilityAnalysisComponent/Operational","2336","1884","rjaf-PC4429","S-1-5-19","11/16/2014 11:03:21 PM",,,"c:\users\mac_1\desktop\winevt\logs\microsoft-windows-reliabilityanalysiscomponent%4operational.evtx","System.UInt32[]","System.Diagnostics.Eventing.Reader.EventBookmark","Information","Info",,"System.Collections.ObjectModel.ReadOnlyCollection`1[System.String]","System.Collections.Generic.List`1[System.Diagnostics.Eventing.Reader.EventProperty]"
"Reliability Analysis calculated system stability of 9.4 for the one-day period starting at ?2014?-?11?-?16T00:00:00.000000000Z.","2005","0",,"4","0","0","-9223372036854771712","349","Microsoft-Windows-Reliability-Analysis-Engine","4ba32972-6fc5-488a-8368-5da620d05127","Microsoft-Windows-ReliabilityAnalysisComponent/Operational","5268","3292","rjaf-PC4429","S-1-5-19","11/15/2014 10:58:34 PM",,,"c:\users\mac_1\desktop\winevt\logs\microsoft-windows-reliabilityanalysiscomponent%4operational.evtx","System.UInt32[]","System.Diagnostics.Eventing.Reader.EventBookmark","Information","Info",,"System.Collections.ObjectModel.ReadOnlyCollection`1[System.String]","System.Collections.Generic.List`1[System.Diagnostics.Eventing.Reader.EventProperty]"
"Reliability Analysis calculated system stability of 9.206 for the one-day period starting at ?2014?-?11?-?15T00:00:00.000000000Z.","2005","0",,"4","0","0","-9223372036854771712","348","Microsoft-Windows-Reliability-Analysis-Engine","4ba32972-6fc5-488a-8368-5da620d05127","Microsoft-Windows-ReliabilityAnalysisComponent/Operational","2116","3292","rjaf-PC4429","S-1-5-19","11/15/2014 3:03:31 AM",,,"c:\users\mac_1\desktop\winevt\logs\microsoft-windows-reliabilityanalysiscomponent%4operational.evtx","System.UInt32[]","System.Diagnostics.Eventing.Reader.EventBookmark","Information","Info",,"System.Collections.ObjectModel.ReadOnlyCollection`1[System.String]","System.Collections.Generic.List`1[System.Diagnostics.Eventing.Reader.EventProperty]"
"Reliability Analysis calculated system stability of 9.197 for the one-day period starting at ?2014?-?11?-?14T00:00:00.000000000Z.","2005","0",,"4","0","0","-9223372036854771712","347","Microsoft-Windows-Reliability-Analysis-Engine","4ba32972-6fc5-488a-8368-5da620d05127","Microsoft-Windows-ReliabilityAnalysisComponent/Operational","2116","3292","rjaf-PC4429","S-1-5-19","11/15/2014 3:03:30 AM",,,"c:\users\mac_1\desktop\winevt\logs\microsoft-windows-reliabilityanalysiscomponent%4operational.evtx","System.UInt32[]","System.Diagnostics.Eventing.Reader.EventBookmark","Information","Info",,"System.Collections.ObjectModel.ReadOnlyCollection`1[System.String]","System.Collections.Generic.List`1[System.Diagnostics.Eventing.Reader.EventProperty]"
"Reliability Analysis calculated system stability of 8.991 for the one-day period starting at ?2014?-?11?-?13T00:00:00.000000000Z.","2005","0",,"4","0","0","-9223372036854771712","346","Microsoft-Windows-Reliability-Analysis-Engine","4ba32972-6fc5-488a-8368-5da620d05127","Microsoft-Windows-ReliabilityAnalysisComponent/Operational","2680","1060","rjaf-PC4429","S-1-5-19","11/12/2014 11:50:14 PM",,,"c:\users\mac_1\desktop\winevt\logs\microsoft-windows-reliabilityanalysiscomponent%4operational.evtx","System.UInt32[]","System.Diagnostics.Eventing.Reader.EventBookmark","Information","Info",,"System.Collections.ObjectModel.ReadOnlyCollection`1[System.String]","System.Collections.Generic.List`1[System.Diagnostics.Eventing.Reader.EventProperty]"
"Reliability Analysis calculated system stability of 8.751 for the one-day period starting at ?2014?-?11?-?12T00:00:00.000000000Z.","2005","0",,"4","0","0","-9223372036854771712","345","Microsoft-Windows-Reliability-Analysis-Engine","4ba32972-6fc5-488a-8368-5da620d05127","Microsoft-Windows-ReliabilityAnalysisComponent/Operational","3768","3488","rjaf-PC4429","S-1-5-19","11/11/2014 11:04:43 PM",,,"c:\users\mac_1\desktop\winevt\logs\microsoft-windows-reliabilityanalysiscomponent%4operational.evtx","System.UInt32[]","System.Diagnostics.Eventing.Reader.EventBookmark","Information","Info",,"System.Collections.ObjectModel.ReadOnlyCollection`1[System.String]","System.Collections.Generic.List`1[System.Diagnostics.Eventing.Reader.EventProperty]"
"Reliability Analysis calculated system stability of 8.484 for the one-day period starting at ?2014?-?11?-?11T00:00:00.000000000Z.","2005","0",,"4","0","0","-9223372036854771712","344","Microsoft-Windows-Reliability-Analysis-Engine","4ba32972-6fc5-488a-8368-5da620d05127","Microsoft-Windows-ReliabilityAnalysisComponent/Operational","4060","2912","rjaf-PC4429","S-1-5-19","11/11/2014 2:11:05 AM",,,"c:\users\mac_1\desktop\winevt\logs\microsoft-windows-reliabilityanalysiscomponent%4operational.evtx","System.UInt32[]","System.Diagnostics.Eventing.Reader.EventBookmark","Information","Info",,"System.Collections.ObjectModel.ReadOnlyCollection`1[System.String]","System.Collections.Generic.List`1[System.Diagnostics.Eventing.Reader.EventProperty]"
"Reliability Analysis calculated system stability of 8.187 for the one-day period starting at ?2014?-?11?-?10T00:00:00.000000000Z.","2005","0",,"4","0","0","-9223372036854771712","343","Microsoft-Windows-Reliability-Analysis-Engine","4ba32972-6fc5-488a-8368-5da620d05127","Microsoft-Windows-ReliabilityAnalysisComponent/Operational","2240","2316","rjaf-PC4429","S-1-5-19","11/9/2014 11:34:36 PM",,,"c:\users\mac_1\desktop\winevt\logs\microsoft-windows-reliabilityanalysiscomponent%4operational.evtx","System.UInt32[]","System.Diagnostics.Eventing.Reader.EventBookmark","Information","Info",,"System.Collections.ObjectModel.ReadOnlyCollection`1[System.String]","System.Collections.Generic.List`1[System.Diagnostics.Eventing.Reader.EventProperty]"
"Reliability Analysis calculated system stability of 7.857 for the one-day period starting at ?2014?-?11?-?09T00:00:00.000000000Z.","2005","0",,"4","0","0","-9223372036854771712","342","Microsoft-Windows-Reliability-Analysis-Engine","4ba32972-6fc5-488a-8368-5da620d05127","Microsoft-Windows-ReliabilityAnalysisComponent/Operational","1408","1732","rjaf-PC4429","S-1-5-19","11/8/2014 11:45:24 PM",,,"c:\users\mac_1\desktop\winevt\logs\microsoft-windows-reliabilityanalysiscomponent%4operational.evtx","System.UInt32[]","System.Diagnostics.Eventing.Reader.EventBookmark","Information","Info",,"System.Collections.ObjectModel.ReadOnlyCollection`1[System.String]","System.Collections.Generic.List`1[System.Diagnostics.Eventing.Reader.EventProperty]"
"Reliability Analysis calculated system stability of 7.489 for the one-day period starting at ?2014?-?11?-?08T00:00:00.000000000Z.","2005","0",,"4","0","0","-9223372036854771712","341","Microsoft-Windows-Reliability-Analysis-Engine","4ba32972-6fc5-488a-8368-5da620d05127","Microsoft-Windows-ReliabilityAnalysisComponent/Operational","2700","1508","rjaf-PC4429","S-1-5-19","11/8/2014 12:48:33 AM",,,"c:\users\mac_1\desktop\winevt\logs\microsoft-windows-reliabilityanalysiscomponent%4operational.evtx","System.UInt32[]","System.Diagnostics.Eventing.Reader.EventBookmark","Information","Info",,"System.Collections.ObjectModel.ReadOnlyCollection`1[System.String]","System.Collections.Generic.List`1[System.Diagnostics.Eventing.Reader.EventProperty]"
"Reliability Analysis calculated system stability of 7.473 for the one-day period starting at ?2014?-?11?-?07T00:00:00.000000000Z.","2005","0",,"4","0","0","-9223372036854771712","340","Microsoft-Windows-Reliability-Analysis-Engine","4ba32972-6fc5-488a-8368-5da620d05127","Microsoft-Windows-ReliabilityAnalysisComponent/Operational","2700","1508","rjaf-PC4429","S-1-5-19","11/8/2014 12:48:32 AM",,,"c:\users\mac_1\desktop\winevt\logs\microsoft-windows-reliabilityanalysiscomponent%4operational.evtx","System.UInt32[]","System.Diagnostics.Eventing.Reader.EventBookmark","Information","Info",,"System.Collections.ObjectModel.ReadOnlyCollection`1[System.String]","System.Collections.Generic.List`1[System.Diagnostics.Eventing.Reader.EventProperty]"
"Reliability Analysis calculated system stability of 7.08 for the one-day period starting at ?2014?-?11?-?06T00:00:00.000000000Z.","2005","0",,"4","0","0","-9223372036854771712","339","Microsoft-Windows-Reliability-Analysis-Engine","4ba32972-6fc5-488a-8368-5da620d05127","Microsoft-Windows-ReliabilityAnalysisComponent/Operational","1108","3920","rjaf-PC4429","S-1-5-19","11/6/2014 12:20:09 AM",,,"c:\users\mac_1\desktop\winevt\logs\microsoft-windows-reliabilityanalysiscomponent%4operational.evtx","System.UInt32[]","System.Diagnostics.Eventing.Reader.EventBookmark","Information","Info",,"System.Collections.ObjectModel.ReadOnlyCollection`1[System.String]","System.Collections.Generic.List`1[System.Diagnostics.Eventing.Reader.EventProperty]"
"Reliability Analysis calculated system stability of 6.624 for the one-day period starting at ?2014?-?11?-?05T00:00:00.000000000Z.","2005","0",,"4","0","0","-9223372036854771712","338","Microsoft-Windows-Reliability-Analysis-Engine","4ba32972-6fc5-488a-8368-5da620d05127","Microsoft-Windows-ReliabilityAnalysisComponent/Operational","2056","2428","rjaf-PC4429","S-1-5-19","11/5/2014 12:43:06 AM",,,"c:\users\mac_1\desktop\winevt\logs\microsoft-windows-reliabilityanalysiscomponent%4operational.evtx","System.UInt32[]","System.Diagnostics.Eventing.Reader.EventBookmark","Information","Info",,"System.Collections.ObjectModel.ReadOnlyCollection`1[System.String]","System.Collections.Generic.List`1[System.Diagnostics.Eventing.Reader.EventProperty]"
"Reliability Analysis calculated system stability of 6.117 for the one-day period starting at ?2014?-?11?-?04T00:00:00.000000000Z.","2005","0",,"4","0","0","-9223372036854771712","337","Microsoft-Windows-Reliability-Analysis-Engine","4ba32972-6fc5-488a-8368-5da620d05127","Microsoft-Windows-ReliabilityAnalysisComponent/Operational","3664","628","rjaf-PC4429","S-1-5-19","11/4/2014 12:24:20 AM",,,"c:\users\mac_1\desktop\winevt\logs\microsoft-windows-reliabilityanalysiscomponent%4operational.evtx","System.UInt32[]","System.Diagnostics.Eventing.Reader.EventBookmark","Information","Info",,"System.Collections.ObjectModel.ReadOnlyCollection`1[System.String]","System.Collections.Generic.List`1[System.Diagnostics.Eventing.Reader.EventProperty]"
"Reliability Analysis calculated system stability of 6.758 for the one-day period starting at ?2014?-?11?-?03T00:00:00.000000000Z.","2005","0",,"4","0","0","-9223372036854771712","336","Microsoft-Windows-Reliability-Analysis-Engine","4ba32972-6fc5-488a-8368-5da620d05127","Microsoft-Windows-ReliabilityAnalysisComponent/Operational","1192","2748","rjaf-PC4429","S-1-5-19","11/2/2014 11:19:43 PM",,,"c:\users\mac_1\desktop\winevt\logs\microsoft-windows-reliabilityanalysiscomponent%4operational.evtx","System.UInt32[]","System.Diagnostics.Eventing.Reader.EventBookmark","Information","Info",,"System.Collections.ObjectModel.ReadOnlyCollection`1[System.String]","System.Collections.Generic.List`1[System.Diagnostics.Eventing.Reader.EventProperty]"
"Reliability Analysis calculated system stability of 10 for the one-day period starting at ?2014?-?11?-?02T00:00:00.000000000Z.","2005","0",,"4","0","0","-9223372036854771712","335","Microsoft-Windows-Reliability-Analysis-Engine","4ba32972-6fc5-488a-8368-5da620d05127","Microsoft-Windows-ReliabilityAnalysisComponent/Operational","8700","8964","rjaf-PC4429","S-1-5-19","11/1/2014 10:24:46 PM",,,"c:\users\mac_1\desktop\winevt\logs\microsoft-windows-reliabilityanalysiscomponent%4operational.evtx","System.UInt32[]","System.Diagnostics.Eventing.Reader.EventBookmark","Information","Info",,"System.Collections.ObjectModel.ReadOnlyCollection`1[System.String]","System.Collections.Generic.List`1[System.Diagnostics.Eventing.Reader.EventProperty]"
"Reliability Analysis calculated system stability of 10 for the one-day period starting at ?2014?-?11?-?01T00:00:00.000000000Z.","2005","0",,"4","0","0","-9223372036854771712","334","Microsoft-Windows-Reliability-Analysis-Engine","4ba32972-6fc5-488a-8368-5da620d05127","Microsoft-Windows-ReliabilityAnalysisComponent/Operational","8700","8964","rjaf-PC4429","S-1-5-19","11/1/2014 10:24:45 PM",,,"c:\users\mac_1\desktop\winevt\logs\microsoft-windows-reliabilityanalysiscomponent%4operational.evtx","System.UInt32[]","System.Diagnostics.Eventing.Reader.EventBookmark","Information","Info",,"System.Collections.ObjectModel.ReadOnlyCollection`1[System.String]","System.Collections.Generic.List`1[System.Diagnostics.Eventing.Reader.EventProperty]"
"Reliability Analysis calculated system stability of 10 for the one-day period starting at ?2014?-?10?-?31T00:00:00.000000000Z.","2005","0",,"4","0","0","-9223372036854771712","333","Microsoft-Windows-Reliability-Analysis-Engine","4ba32972-6fc5-488a-8368-5da620d05127","Microsoft-Windows-ReliabilityAnalysisComponent/Operational","8700","8964","rjaf-PC4429","S-1-5-19","11/1/2014 10:24:44 PM",,,"c:\users\mac_1\desktop\winevt\logs\microsoft-windows-reliabilityanalysiscomponent%4operational.evtx","System.UInt32[]","System.Diagnostics.Eventing.Reader.EventBookmark","Information","Info",,"System.Collections.ObjectModel.ReadOnlyCollection`1[System.String]","System.Collections.Generic.List`1[System.Diagnostics.Eventing.Reader.EventProperty]"
"Reliability Analysis calculated system stability of 10 for the one-day period starting at ?2014?-?10?-?30T00:00:00.000000000Z.","2005","0",,"4","0","0","-9223372036854771712","332","Microsoft-Windows-Reliability-Analysis-Engine","4ba32972-6fc5-488a-8368-5da620d05127","Microsoft-Windows-ReliabilityAnalysisComponent/Operational","10936","10844","rjaf-PC4429","S-1-5-19","10/29/2014 11:00:15 PM",,,"c:\users\mac_1\desktop\winevt\logs\microsoft-windows-reliabilityanalysiscomponent%4operational.evtx","System.UInt32[]","System.Diagnostics.Eventing.Reader.EventBookmark","Information","Info",,"System.Collections.ObjectModel.ReadOnlyCollection`1[System.String]","System.Collections.Generic.List`1[System.Diagnostics.Eventing.Reader.EventProperty]"
"Reliability Analysis calculated system stability of 10 for the one-day period starting at ?2014?-?10?-?29T00:00:00.000000000Z.","2005","0",,"4","0","0","-9223372036854771712","331","Microsoft-Windows-Reliability-Analysis-Engine","4ba32972-6fc5-488a-8368-5da620d05127","Microsoft-Windows-ReliabilityAnalysisComponent/Operational","6052","4328","rjaf-PC4429","S-1-5-19","10/29/2014 4:51:42 AM",,,"c:\users\mac_1\desktop\winevt\logs\microsoft-windows-reliabilityanalysiscomponent%4operational.evtx","System.UInt32[]","System.Diagnostics.Eventing.Reader.EventBookmark","Information","Info",,"System.Collections.ObjectModel.ReadOnlyCollection`1[System.String]","System.Collections.Generic.List`1[System.Diagnostics.Eventing.Reader.EventProperty]"
"Reliability Analysis calculated system stability of 10 for the one-day period starting at ?2014?-?10?-?28T00:00:00.000000000Z.","2005","0",,"4","0","0","-9223372036854771712","330","Microsoft-Windows-Reliability-Analysis-Engine","4ba32972-6fc5-488a-8368-5da620d05127","Microsoft-Windows-ReliabilityAnalysisComponent/Operational","7528","7664","rjaf-PC4429","S-1-5-19","10/27/2014 11:37:19 PM",,,"c:\users\mac_1\desktop\winevt\logs\microsoft-windows-reliabilityanalysiscomponent%4operational.evtx","System.UInt32[]","System.Diagnostics.Eventing.Reader.EventBookmark","Information","Info",,"System.Collections.ObjectModel.ReadOnlyCollection`1[System.String]","System.Collections.Generic.List`1[System.Diagnostics.Eventing.Reader.EventProperty]"
"Reliability Analysis calculated system stability of 10 for the one-day period starting at ?2014?-?10?-?27T00:00:00.000000000Z.","2005","0",,"4","0","0","-9223372036854771712","329","Microsoft-Windows-Reliability-Analysis-Engine","4ba32972-6fc5-488a-8368-5da620d05127","Microsoft-Windows-ReliabilityAnalysisComponent/Operational","4044","3108","rjaf-PC4429","S-1-5-19","10/27/2014 12:45:14 AM",,,"c:\users\mac_1\desktop\winevt\logs\microsoft-windows-reliabilityanalysiscomponent%4operational.evtx","System.UInt32[]","System.Diagnostics.Eventing.Reader.EventBookmark","Information","Info",,"System.Collections.ObjectModel.ReadOnlyCollection`1[System.String]","System.Collections.Generic.List`1[System.Diagnostics.Eventing.Reader.EventProperty]"
"Reliability Analysis calculated system stability of 9.998 for the one-day period starting at ?2014?-?10?-?26T00:00:00.000000000Z.","2005","0",,"4","0","0","-9223372036854771712","328","Microsoft-Windows-Reliability-Analysis-Engine","4ba32972-6fc5-488a-8368-5da620d05127","Microsoft-Windows-ReliabilityAnalysisComponent/Operational","2552","1416","rjaf-PC4429","S-1-5-19","10/26/2014 12:38:36 AM",,,"c:\users\mac_1\desktop\winevt\logs\microsoft-windows-reliabilityanalysiscomponent%4operational.evtx","System.UInt32[]","System.Diagnostics.Eventing.Reader.EventBookmark","Information","Info",,"System.Collections.ObjectModel.ReadOnlyCollection`1[System.String]","System.Collections.Generic.List`1[System.Diagnostics.Eventing.Reader.EventProperty]"
"Reliability Analysis calculated system stability of 9.919 for the one-day period starting at ?2014?-?10?-?25T00:00:00.000000000Z.","2005","0",,"4","0","0","-9223372036854771712","327","Microsoft-Windows-Reliability-Analysis-Engine","4ba32972-6fc5-488a-8368-5da620d05127","Microsoft-Windows-ReliabilityAnalysisComponent/Operational","2852","2924","rjaf-PC4429","S-1-5-19","10/25/2014 8:30:12 AM",,,"c:\users\mac_1\desktop\winevt\logs\microsoft-windows-reliabilityanalysiscomponent%4operational.evtx","System.UInt32[]","System.Diagnostics.Eventing.Reader.EventBookmark","Information","Info",,"System.Collections.ObjectModel.ReadOnlyCollection`1[System.String]","System.Collections.Generic.List`1[System.Diagnostics.Eventing.Reader.EventProperty]"
"Reliability Analysis calculated system stability of 9.914 for the one-day period starting at ?2014?-?10?-?24T00:00:00.000000000Z.","2005","0",,"4","0","0","-9223372036854771712","326","Microsoft-Windows-Reliability-Analysis-Engine","4ba32972-6fc5-488a-8368-5da620d05127","Microsoft-Windows-ReliabilityAnalysisComponent/Operational","2852","2924","rjaf-PC4429","S-1-5-19","10/25/2014 8:30:11 AM",,,"c:\users\mac_1\desktop\winevt\logs\microsoft-windows-reliabilityanalysiscomponent%4operational.evtx","System.UInt32[]","System.Diagnostics.Eventing.Reader.EventBookmark","Information","Info",,"System.Collections.ObjectModel.ReadOnlyCollection`1[System.String]","System.Collections.Generic.List`1[System.Diagnostics.Eventing.Reader.EventProperty]"
"Reliability Analysis calculated system stability of 9.785 for the one-day period starting at ?2014?-?10?-?23T00:00:00.000000000Z.","2005","0",,"4","0","0","-9223372036854771712","325","Microsoft-Windows-Reliability-Analysis-Engine","4ba32972-6fc5-488a-8368-5da620d05127","Microsoft-Windows-ReliabilityAnalysisComponent/Operational","1384","1824","rjaf-PC4429","S-1-5-19","10/22/2014 11:22:49 PM",,,"c:\users\mac_1\desktop\winevt\logs\microsoft-windows-reliabilityanalysiscomponent%4operational.evtx","System.UInt32[]","System.Diagnostics.Eventing.Reader.EventBookmark","Information","Info",,"System.Collections.ObjectModel.ReadOnlyCollection`1[System.String]","System.Collections.Generic.List`1[System.Diagnostics.Eventing.Reader.EventProperty]"
"Reliability Analysis calculated system stability of 9.635 for the one-day period starting at ?2014?-?10?-?22T00:00:00.000000000Z.","2005","0",,"4","0","0","-9223372036854771712","324","Microsoft-Windows-Reliability-Analysis-Engine","4ba32972-6fc5-488a-8368-5da620d05127","Microsoft-Windows-ReliabilityAnalysisComponent/Operational","820","3852","rjaf-PC4429","S-1-5-19","10/22/2014 12:56:11 AM",,,"c:\users\mac_1\desktop\winevt\logs\microsoft-windows-reliabilityanalysiscomponent%4operational.evtx","System.UInt32[]","System.Diagnostics.Eventing.Reader.EventBookmark","Information","Info",,"System.Collections.ObjectModel.ReadOnlyCollection`1[System.String]","System.Collections.Generic.List`1[System.Diagnostics.Eventing.Reader.EventProperty]"
"Reliability Analysis calculated system stability of 9.468 for the one-day period starting at ?2014?-?10?-?21T00:00:00.000000000Z.","2005","0",,"4","0","0","-9223372036854771712","323","Microsoft-Windows-Reliability-Analysis-Engine","4ba32972-6fc5-488a-8368-5da620d05127","Microsoft-Windows-ReliabilityAnalysisComponent/Operational","1336","3692","rjaf-PC4429","S-1-5-19","10/21/2014 4:49:28 AM",,,"c:\users\mac_1\desktop\winevt\logs\microsoft-windows-reliabilityanalysiscomponent%4operational.evtx","System.UInt32[]","System.Diagnostics.Eventing.Reader.EventBookmark","Information","Info",,"System.Collections.ObjectModel.ReadOnlyCollection`1[System.String]","System.Collections.Generic.List`1[System.Diagnostics.Eventing.Reader.EventProperty]"
"Reliability Analysis calculated system stability of 9.282 for the one-day period starting at ?2014?-?10?-?20T00:00:00.000000000Z.","2005","0",,"4","0","0","-9223372036854771712","322","Microsoft-Windows-Reliability-Analysis-Engine","4ba32972-6fc5-488a-8368-5da620d05127","Microsoft-Windows-ReliabilityAnalysisComponent/Operational","3896","2964","rjaf-PC4429","S-1-5-19","10/20/2014 12:30:25 AM",,,"c:\users\mac_1\desktop\winevt\logs\microsoft-windows-reliabilityanalysiscomponent%4operational.evtx","System.UInt32[]","System.Diagnostics.Eventing.Reader.EventBookmark","Information","Info",,"System.Collections.ObjectModel.ReadOnlyCollection`1[System.String]","System.Collections.Generic.List`1[System.Diagnostics.Eventing.Reader.EventProperty]"
"Reliability Analysis calculated system stability of 9.075 for the one-day period starting at ?2014?-?10?-?19T00:00:00.000000000Z.","2005","0",,"4","0","0","-9223372036854771712","321","Microsoft-Windows-Reliability-Analysis-Engine","4ba32972-6fc5-488a-8368-5da620d05127","Microsoft-Windows-ReliabilityAnalysisComponent/Operational","3456","3576","rjaf-PC4429","S-1-5-19","10/19/2014 5:12:01 AM",,,"c:\users\mac_1\desktop\winevt\logs\microsoft-windows-reliabilityanalysiscomponent%4operational.evtx","System.UInt32[]","System.Diagnostics.Eventing.Reader.EventBookmark","Information","Info",,"System.Collections.ObjectModel.ReadOnlyCollection`1[System.String]","System.Collections.Generic.List`1[System.Diagnostics.Eventing.Reader.EventProperty]"
"Reliability Analysis calculated system stability of 8.845 for the one-day period starting at ?2014?-?10?-?18T00:00:00.000000000Z.","2005","0",,"4","0","0","-9223372036854771712","320","Microsoft-Windows-Reliability-Analysis-Engine","4ba32972-6fc5-488a-8368-5da620d05127","Microsoft-Windows-ReliabilityAnalysisComponent/Operational","1016","3976","rjaf-PC4429","S-1-5-19","10/18/2014 11:33:17 AM",,,"c:\users\mac_1\desktop\winevt\logs\microsoft-windows-reliabilityanalysiscomponent%4operational.evtx","System.UInt32[]","System.Diagnostics.Eventing.Reader.EventBookmark","Information","Info",,"System.Collections.ObjectModel.ReadOnlyCollection`1[System.String]","System.Collections.Generic.List`1[System.Diagnostics.Eventing.Reader.EventProperty]"
"Reliability Analysis calculated system stability of 8.589 for the one-day period starting at ?2014?-?10?-?17T00:00:00.000000000Z.","2005","0",,"4","0","0","-9223372036854771712","319","Microsoft-Windows-Reliability-Analysis-Engine","4ba32972-6fc5-488a-8368-5da620d05127","Microsoft-Windows-ReliabilityAnalysisComponent/Operational","1016","3976","rjaf-PC4429","S-1-5-19","10/18/2014 11:33:16 AM",,,"c:\users\mac_1\desktop\winevt\logs\microsoft-windows-reliabilityanalysiscomponent%4operational.evtx","System.UInt32[]","System.Diagnostics.Eventing.Reader.EventBookmark","Information","Info",,"System.Collections.ObjectModel.ReadOnlyCollection`1[System.String]","System.Collections.Generic.List`1[System.Diagnostics.Eventing.Reader.EventProperty]"
"Reliability Analysis calculated system stability of 10 for the one-day period starting at ?2014?-?10?-?16T00:00:00.000000000Z.","2005","0",,"4","0","0","-9223372036854771712","318","Microsoft-Windows-Reliability-Analysis-Engine","4ba32972-6fc5-488a-8368-5da620d05127","Microsoft-Windows-ReliabilityAnalysisComponent/Operational","844","1212","rjaf-PC4429","S-1-5-19","10/16/2014 2:10:42 AM",,,"c:\users\mac_1\desktop\winevt\logs\microsoft-windows-reliabilityanalysiscomponent%4operational.evtx","System.UInt32[]","System.Diagnostics.Eventing.Reader.EventBookmark","Information","Info",,"System.Collections.ObjectModel.ReadOnlyCollection`1[System.String]","System.Collections.Generic.List`1[System.Diagnostics.Eventing.Reader.EventProperty]"
"Reliability Analysis calculated system stability of 10 for the one-day period starting at ?2014?-?10?-?15T00:00:00.000000000Z.","2005","0",,"4","0","0","-9223372036854771712","317","Microsoft-Windows-Reliability-Analysis-Engine","4ba32972-6fc5-488a-8368-5da620d05127","Microsoft-Windows-ReliabilityAnalysisComponent/Operational","2028","2484","rjaf-PC4429","S-1-5-19","10/15/2014 1:20:34 AM",,,"c:\users\mac_1\desktop\winevt\logs\microsoft-windows-reliabilityanalysiscomponent%4operational.evtx","System.UInt32[]","System.Diagnostics.Eventing.Reader.EventBookmark","Information","Info",,"System.Collections.ObjectModel.ReadOnlyCollection`1[System.String]","System.Collections.Generic.List`1[System.Diagnostics.Eventing.Reader.EventProperty]"
"Reliability Analysis calculated system stability of 9.959 for the one-day period starting at ?2014?-?10?-?14T00:00:00.000000000Z.","2005","0",,"4","0","0","-9223372036854771712","316","Microsoft-Windows-Reliability-Analysis-Engine","4ba32972-6fc5-488a-8368-5da620d05127","Microsoft-Windows-ReliabilityAnalysisComponent/Operational","4800","3020","rjaf-PC4429","S-1-5-19","10/14/2014 1:17:09 AM",,,"c:\users\mac_1\desktop\winevt\logs\microsoft-windows-reliabilityanalysiscomponent%4operational.evtx","System.UInt32[]","System.Diagnostics.Eventing.Reader.EventBookmark","Information","Info",,"System.Collections.ObjectModel.ReadOnlyCollection`1[System.String]","System.Collections.Generic.List`1[System.Diagnostics.Eventing.Reader.EventProperty]"
"Reliability Analysis calculated system stability of 9.829 for the one-day period starting at ?2014?-?10?-?13T00:00:00.000000000Z.","2005","0",,"4","0","0","-9223372036854771712","315","Microsoft-Windows-Reliability-Analysis-Engine","4ba32972-6fc5-488a-8368-5da620d05127","Microsoft-Windows-ReliabilityAnalysisComponent/Operational","3028","332","rjaf-PC4429","S-1-5-19","10/13/2014 12:27:27 AM",,,"c:\users\mac_1\desktop\winevt\logs\microsoft-windows-reliabilityanalysiscomponent%4operational.evtx","System.UInt32[]","System.Diagnostics.Eventing.Reader.EventBookmark","Information","Info",,"System.Collections.ObjectModel.ReadOnlyCollection`1[System.String]","System.Collections.Generic.List`1[System.Diagnostics.Eventing.Reader.EventProperty]"
"Reliability Analysis calculated system stability of 9.684 for the one-day period starting at ?2014?-?10?-?12T00:00:00.000000000Z.","2005","0",,"4","0","0","-9223372036854771712","314","Microsoft-Windows-Reliability-Analysis-Engine","4ba32972-6fc5-488a-8368-5da620d05127","Microsoft-Windows-ReliabilityAnalysisComponent/Operational","1620","400","rjaf-PC4429","S-1-5-19","10/11/2014 11:32:26 PM",,,"c:\users\mac_1\desktop\winevt\logs\microsoft-windows-reliabilityanalysiscomponent%4operational.evtx","System.UInt32[]","System.Diagnostics.Eventing.Reader.EventBookmark","Information","Info",,"System.Collections.ObjectModel.ReadOnlyCollection`1[System.String]","System.Collections.Generic.List`1[System.Diagnostics.Eventing.Reader.EventProperty]"
"Reliability Analysis calculated system stability of 9.523 for the one-day period starting at ?2014?-?10?-?11T00:00:00.000000000Z.","2005","0",,"4","0","0","-9223372036854771712","313","Microsoft-Windows-Reliability-Analysis-Engine","4ba32972-6fc5-488a-8368-5da620d05127","Microsoft-Windows-ReliabilityAnalysisComponent/Operational","2712","1372","rjaf-PC4429","S-1-5-19","10/11/2014 10:40:16 AM",,,"c:\users\mac_1\desktop\winevt\logs\microsoft-windows-reliabilityanalysiscomponent%4operational.evtx","System.UInt32[]","System.Diagnostics.Eventing.Reader.EventBookmark","Information","Info",,"System.Collections.ObjectModel.ReadOnlyCollection`1[System.String]","System.Collections.Generic.List`1[System.Diagnostics.Eventing.Reader.EventProperty]"
"Reliability Analysis calculated system stability of 9.343 for the one-day period starting at ?2014?-?10?-?10T00:00:00.000000000Z.","2005","0",,"4","0","0","-9223372036854771712","312","Microsoft-Windows-Reliability-Analysis-Engine","4ba32972-6fc5-488a-8368-5da620d05127","Microsoft-Windows-ReliabilityAnalysisComponent/Operational","2504","2544","rjaf-PC4429","S-1-5-19","10/10/2014 4:42:56 AM",,,"c:\users\mac_1\desktop\winevt\logs\microsoft-windows-reliabilityanalysiscomponent%4operational.evtx","System.UInt32[]","System.Diagnostics.Eventing.Reader.EventBookmark","Information","Info",,"System.Collections.ObjectModel.ReadOnlyCollection`1[System.String]","System.Collections.Generic.List`1[System.Diagnostics.Eventing.Reader.EventProperty]"
"Reliability Analysis calculated system stability of 9.143 for the one-day period starting at ?2014?-?10?-?09T00:00:00.000000000Z.","2005","0",,"4","0","0","-9223372036854771712","311","Microsoft-Windows-Reliability-Analysis-Engine","4ba32972-6fc5-488a-8368-5da620d05127","Microsoft-Windows-ReliabilityAnalysisComponent/Operational","3716","4088","rjaf-PC4429","S-1-5-19","10/8/2014 11:28:21 PM",,,"c:\users\mac_1\desktop\winevt\logs\microsoft-windows-reliabilityanalysiscomponent%4operational.evtx","System.UInt32[]","System.Diagnostics.Eventing.Reader.EventBookmark","Information","Info",,"System.Collections.ObjectModel.ReadOnlyCollection`1[System.String]","System.Collections.Generic.List`1[System.Diagnostics.Eventing.Reader.EventProperty]"
"Reliability Analysis calculated system stability of 8.921 for the one-day period starting at ?2014?-?10?-?08T00:00:00.000000000Z.","2005","0",,"4","0","0","-9223372036854771712","310","Microsoft-Windows-Reliability-Analysis-Engine","4ba32972-6fc5-488a-8368-5da620d05127","Microsoft-Windows-ReliabilityAnalysisComponent/Operational","2524","4016","rjaf-PC4429","S-1-5-19","10/7/2014 10:53:41 PM",,,"c:\users\mac_1\desktop\winevt\logs\microsoft-windows-reliabilityanalysiscomponent%4operational.evtx","System.UInt32[]","System.Diagnostics.Eventing.Reader.EventBookmark","Information","Info",,"System.Collections.ObjectModel.ReadOnlyCollection`1[System.String]","System.Collections.Generic.List`1[System.Diagnostics.Eventing.Reader.EventProperty]"
"Reliability Analysis calculated system stability of 8.673 for the one-day period starting at ?2014?-?10?-?07T00:00:00.000000000Z.","2005","0",,"4","0","0","-9223372036854771712","309","Microsoft-Windows-Reliability-Analysis-Engine","4ba32972-6fc5-488a-8368-5da620d05127","Microsoft-Windows-ReliabilityAnalysisComponent/Operational","3336","312","rjaf-PC4429","S-1-5-19","10/7/2014 4:40:29 AM",,,"c:\users\mac_1\desktop\winevt\logs\microsoft-windows-reliabilityanalysiscomponent%4operational.evtx","System.UInt32[]","System.Diagnostics.Eventing.Reader.EventBookmark","Information","Info",,"System.Collections.ObjectModel.ReadOnlyCollection`1[System.String]","System.Collections.Generic.List`1[System.Diagnostics.Eventing.Reader.EventProperty]"
"Reliability Analysis calculated system stability of 8.397 for the one-day period starting at ?2014?-?10?-?06T00:00:00.000000000Z.","2005","0",,"4","0","0","-9223372036854771712","308","Microsoft-Windows-Reliability-Analysis-Engine","4ba32972-6fc5-488a-8368-5da620d05127","Microsoft-Windows-ReliabilityAnalysisComponent/Operational","396","436","rjaf-PC4429","S-1-5-19","10/5/2014 11:24:54 PM",,,"c:\users\mac_1\desktop\winevt\logs\microsoft-windows-reliabilityanalysiscomponent%4operational.evtx","System.UInt32[]","System.Diagnostics.Eventing.Reader.EventBookmark","Information","Info",,"System.Collections.ObjectModel.ReadOnlyCollection`1[System.String]","System.Collections.Generic.List`1[System.Diagnostics.Eventing.Reader.EventProperty]"
"Reliability Analysis calculated system stability of 8.091 for the one-day period starting at ?2014?-?10?-?05T00:00:00.000000000Z.","2005","0",,"4","0","0","-9223372036854771712","307","Microsoft-Windows-Reliability-Analysis-Engine","4ba32972-6fc5-488a-8368-5da620d05127","Microsoft-Windows-ReliabilityAnalysisComponent/Operational","4680","4692","rjaf-PC4429","S-1-5-19","10/5/2014 1:10:58 AM",,,"c:\users\mac_1\desktop\winevt\logs\microsoft-windows-reliabilityanalysiscomponent%4operational.evtx","System.UInt32[]","System.Diagnostics.Eventing.Reader.EventBookmark","Information","Info",,"System.Collections.ObjectModel.ReadOnlyCollection`1[System.String]","System.Collections.Generic.List`1[System.Diagnostics.Eventing.Reader.EventProperty]"
"Reliability Analysis calculated system stability of 7.749 for the one-day period starting at ?2014?-?10?-?04T00:00:00.000000000Z.","2005","0",,"4","0","0","-9223372036854771712","306","Microsoft-Windows-Reliability-Analysis-Engine","4ba32972-6fc5-488a-8368-5da620d05127","Microsoft-Windows-ReliabilityAnalysisComponent/Operational","12868","12956","rjaf-PC4429","S-1-5-19","10/4/2014 8:57:45 AM",,,"c:\users\mac_1\desktop\winevt\logs\microsoft-windows-reliabilityanalysiscomponent%4operational.evtx","System.UInt32[]","System.Diagnostics.Eventing.Reader.EventBookmark","Information","Info",,"System.Collections.ObjectModel.ReadOnlyCollection`1[System.String]","System.Collections.Generic.List`1[System.Diagnostics.Eventing.Reader.EventProperty]"
"Reliability Analysis calculated system stability of 7.369 for the one-day period starting at ?2014?-?10?-?03T00:00:00.000000000Z.","2005","0",,"4","0","0","-9223372036854771712","305","Microsoft-Windows-Reliability-Analysis-Engine","4ba32972-6fc5-488a-8368-5da620d05127","Microsoft-Windows-ReliabilityAnalysisComponent/Operational","10124","9872","rjaf-PC4429","S-1-5-19","10/3/2014 12:47:01 AM",,,"c:\users\mac_1\desktop\winevt\logs\microsoft-windows-reliabilityanalysiscomponent%4operational.evtx","System.UInt32[]","System.Diagnostics.Eventing.Reader.EventBookmark","Information","Info",,"System.Collections.ObjectModel.ReadOnlyCollection`1[System.String]","System.Collections.Generic.List`1[System.Diagnostics.Eventing.Reader.EventProperty]"
"Reliability Analysis calculated system stability of 8.432 for the one-day period starting at ?2014?-?10?-?02T00:00:00.000000000Z.","2005","0",,"4","0","0","-9223372036854771712","304","Microsoft-Windows-Reliability-Analysis-Engine","4ba32972-6fc5-488a-8368-5da620d05127","Microsoft-Windows-ReliabilityAnalysisComponent/Operational","2144","568","rjaf-PC4429","S-1-5-19","10/1/2014 11:14:31 PM",,,"c:\users\mac_1\desktop\winevt\logs\microsoft-windows-reliabilityanalysiscomponent%4operational.evtx","System.UInt32[]","System.Diagnostics.Eventing.Reader.EventBookmark","Information","Info",,"System.Collections.ObjectModel.ReadOnlyCollection`1[System.String]","System.Collections.Generic.List`1[System.Diagnostics.Eventing.Reader.EventProperty]"
"Reliability Analysis calculated system stability of 8.129 for the one-day period starting at ?2014?-?10?-?01T00:00:00.000000000Z.","2005","0",,"4","0","0","-9223372036854771712","303","Microsoft-Windows-Reliability-Analysis-Engine","4ba32972-6fc5-488a-8368-5da620d05127","Microsoft-Windows-ReliabilityAnalysisComponent/Operational","924","4088","rjaf-PC4429","S-1-5-19","10/1/2014 3:03:25 AM",,,"c:\users\mac_1\desktop\winevt\logs\microsoft-windows-reliabilityanalysiscomponent%4operational.evtx","System.UInt32[]","System.Diagnostics.Eventing.Reader.EventBookmark","Information","Info",,"System.Collections.ObjectModel.ReadOnlyCollection`1[System.String]","System.Collections.Generic.List`1[System.Diagnostics.Eventing.Reader.EventProperty]"
"Reliability Analysis calculated system stability of 9.312 for the one-day period starting at ?2014?-?09?-?30T00:00:00.000000000Z.","2005","0",,"4","0","0","-9223372036854771712","302","Microsoft-Windows-Reliability-Analysis-Engine","4ba32972-6fc5-488a-8368-5da620d05127","Microsoft-Windows-ReliabilityAnalysisComponent/Operational","2848","916","rjaf-PC4429","S-1-5-19","9/29/2014 11:54:27 PM",,,"c:\users\mac_1\desktop\winevt\logs\microsoft-windows-reliabilityanalysiscomponent%4operational.evtx","System.UInt32[]","System.Diagnostics.Eventing.Reader.EventBookmark","Information","Info",,"System.Collections.ObjectModel.ReadOnlyCollection`1[System.String]","System.Collections.Generic.List`1[System.Diagnostics.Eventing.Reader.EventProperty]"
"Reliability Analysis calculated system stability of 9.108 for the one-day period starting at ?2014?-?09?-?29T00:00:00.000000000Z.","2005","0",,"4","0","0","-9223372036854771712","301","Microsoft-Windows-Reliability-Analysis-Engine","4ba32972-6fc5-488a-8368-5da620d05127","Microsoft-Windows-ReliabilityAnalysisComponent/Operational","3264","1544","rjaf-PC4429","S-1-5-19","9/29/2014 1:49:57 AM",,,"c:\users\mac_1\desktop\winevt\logs\microsoft-windows-reliabilityanalysiscomponent%4operational.evtx","System.UInt32[]","System.Diagnostics.Eventing.Reader.EventBookmark","Information","Info",,"System.Collections.ObjectModel.ReadOnlyCollection`1[System.String]","System.Collections.Generic.List`1[System.Diagnostics.Eventing.Reader.EventProperty]"
"Reliability Analysis calculated system stability of 8.882 for the one-day period starting at ?2014?-?09?-?28T00:00:00.000000000Z.","2005","0",,"4","0","0","-9223372036854771712","300","Microsoft-Windows-Reliability-Analysis-Engine","4ba32972-6fc5-488a-8368-5da620d05127","Microsoft-Windows-ReliabilityAnalysisComponent/Operational","460","1880","rjaf-PC4429","S-1-5-19","9/28/2014 12:40:49 AM",,,"c:\users\mac_1\desktop\winevt\logs\microsoft-windows-reliabilityanalysiscomponent%4operational.evtx","System.UInt32[]","System.Diagnostics.Eventing.Reader.EventBookmark","Information","Info",,"System.Collections.ObjectModel.ReadOnlyCollection`1[System.String]","System.Collections.Generic.List`1[System.Diagnostics.Eventing.Reader.EventProperty]"
"Reliability Analysis calculated system stability of 8.63 for the one-day period starting at ?2014?-?09?-?27T00:00:00.000000000Z.","2005","0",,"4","0","0","-9223372036854771712","299","Microsoft-Windows-Reliability-Analysis-Engine","4ba32972-6fc5-488a-8368-5da620d05127","Microsoft-Windows-ReliabilityAnalysisComponent/Operational","2936","3348","rjaf-PC4429","S-1-5-19","9/27/2014 12:33:59 AM",,,"c:\users\mac_1\desktop\winevt\logs\microsoft-windows-reliabilityanalysiscomponent%4operational.evtx","System.UInt32[]","System.Diagnostics.Eventing.Reader.EventBookmark","Information","Info",,"System.Collections.ObjectModel.ReadOnlyCollection`1[System.String]","System.Collections.Generic.List`1[System.Diagnostics.Eventing.Reader.EventProperty]"
"Reliability Analysis calculated system stability of 8.619 for the one-day period starting at ?2014?-?09?-?26T00:00:00.000000000Z.","2005","0",,"4","0","0","-9223372036854771712","298","Microsoft-Windows-Reliability-Analysis-Engine","4ba32972-6fc5-488a-8368-5da620d05127","Microsoft-Windows-ReliabilityAnalysisComponent/Operational","2936","3348","rjaf-PC4429","S-1-5-19","9/27/2014 12:33:58 AM",,,"c:\users\mac_1\desktop\winevt\logs\microsoft-windows-reliabilityanalysiscomponent%4operational.evtx","System.UInt32[]","System.Diagnostics.Eventing.Reader.EventBookmark","Information","Info",,"System.Collections.ObjectModel.ReadOnlyCollection`1[System.String]","System.Collections.Generic.List`1[System.Diagnostics.Eventing.Reader.EventProperty]"
"Reliability Analysis calculated system stability of 8.349 for the one-day period starting at ?2014?-?09?-?25T00:00:00.000000000Z.","2005","0",,"4","0","0","-9223372036854771712","297","Microsoft-Windows-Reliability-Analysis-Engine","4ba32972-6fc5-488a-8368-5da620d05127","Microsoft-Windows-ReliabilityAnalysisComponent/Operational","1008","2480","rjaf-PC4429","S-1-5-19","9/24/2014 11:02:10 PM",,,"c:\users\mac_1\desktop\winevt\logs\microsoft-windows-reliabilityanalysiscomponent%4operational.evtx","System.UInt32[]","System.Diagnostics.Eventing.Reader.EventBookmark","Information","Info",,"System.Collections.ObjectModel.ReadOnlyCollection`1[System.String]","System.Collections.Generic.List`1[System.Diagnostics.Eventing.Reader.EventProperty]"
"Reliability Analysis calculated system stability of 8.037 for the one-day period starting at ?2014?-?09?-?24T00:00:00.000000000Z.","2005","0",,"4","0","0","-9223372036854771712","296","Microsoft-Windows-Reliability-Analysis-Engine","4ba32972-6fc5-488a-8368-5da620d05127","Microsoft-Windows-ReliabilityAnalysisComponent/Operational","3756","4032","rjaf-PC4429","S-1-5-19","9/24/2014 1:14:51 AM",,,"c:\users\mac_1\desktop\winevt\logs\microsoft-windows-reliabilityanalysiscomponent%4operational.evtx","System.UInt32[]","System.Diagnostics.Eventing.Reader.EventBookmark","Information","Info",,"System.Collections.ObjectModel.ReadOnlyCollection`1[System.String]","System.Collections.Generic.List`1[System.Diagnostics.Eventing.Reader.EventProperty]"
"Reliability Analysis calculated system stability of 7.69 for the one-day period starting at ?2014?-?09?-?23T00:00:00.000000000Z.","2005","0",,"4","0","0","-9223372036854771712","295","Microsoft-Windows-Reliability-Analysis-Engine","4ba32972-6fc5-488a-8368-5da620d05127","Microsoft-Windows-ReliabilityAnalysisComponent/Operational","2064","2124","rjaf-PC4429","S-1-5-19","9/22/2014 10:50:59 PM",,,"c:\users\mac_1\desktop\winevt\logs\microsoft-windows-reliabilityanalysiscomponent%4operational.evtx","System.UInt32[]","System.Diagnostics.Eventing.Reader.EventBookmark","Information","Info",,"System.Collections.ObjectModel.ReadOnlyCollection`1[System.String]","System.Collections.Generic.List`1[System.Diagnostics.Eventing.Reader.EventProperty]"
"Reliability Analysis calculated system stability of 7.303 for the one-day period starting at ?2014?-?09?-?22T00:00:00.000000000Z.","2005","0",,"4","0","0","-9223372036854771712","294","Microsoft-Windows-Reliability-Analysis-Engine","4ba32972-6fc5-488a-8368-5da620d05127","Microsoft-Windows-ReliabilityAnalysisComponent/Operational","3204","2808","rjaf-PC4429","S-1-5-19","9/22/2014 12:02:05 AM",,,"c:\users\mac_1\desktop\winevt\logs\microsoft-windows-reliabilityanalysiscomponent%4operational.evtx","System.UInt32[]","System.Diagnostics.Eventing.Reader.EventBookmark","Information","Info",,"System.Collections.ObjectModel.ReadOnlyCollection`1[System.String]","System.Collections.Generic.List`1[System.Diagnostics.Eventing.Reader.EventProperty]"
"Reliability Analysis calculated system stability of 6.873 for the one-day period starting at ?2014?-?09?-?21T00:00:00.000000000Z.","2005","0",,"4","0","0","-9223372036854771712","293","Microsoft-Windows-Reliability-Analysis-Engine","4ba32972-6fc5-488a-8368-5da620d05127","Microsoft-Windows-ReliabilityAnalysisComponent/Operational","3540","492","rjaf-PC4429","S-1-5-19","9/20/2014 10:36:09 PM",,,"c:\users\mac_1\desktop\winevt\logs\microsoft-windows-reliabilityanalysiscomponent%4operational.evtx","System.UInt32[]","System.Diagnostics.Eventing.Reader.EventBookmark","Information","Info",,"System.Collections.ObjectModel.ReadOnlyCollection`1[System.String]","System.Collections.Generic.List`1[System.Diagnostics.Eventing.Reader.EventProperty]"
"Reliability Analysis calculated system stability of 7.642 for the one-day period starting at ?2014?-?09?-?20T00:00:00.000000000Z.","2005","0",,"4","0","0","-9223372036854771712","292","Microsoft-Windows-Reliability-Analysis-Engine","4ba32972-6fc5-488a-8368-5da620d05127","Microsoft-Windows-ReliabilityAnalysisComponent/Operational","976","1972","rjaf-PC4429","S-1-5-19","9/20/2014 1:07:16 AM",,,"c:\users\mac_1\desktop\winevt\logs\microsoft-windows-reliabilityanalysiscomponent%4operational.evtx","System.UInt32[]","System.Diagnostics.Eventing.Reader.EventBookmark","Information","Info",,"System.Collections.ObjectModel.ReadOnlyCollection`1[System.String]","System.Collections.Generic.List`1[System.Diagnostics.Eventing.Reader.EventProperty]"
"Reliability Analysis calculated system stability of 8.706 for the one-day period starting at ?2014?-?09?-?19T00:00:00.000000000Z.","2005","0",,"4","0","0","-9223372036854771712","291","Microsoft-Windows-Reliability-Analysis-Engine","4ba32972-6fc5-488a-8368-5da620d05127","Microsoft-Windows-ReliabilityAnalysisComponent/Operational","3100","2840","rjaf-PC4429","S-1-5-19","9/19/2014 4:43:06 AM",,,"c:\users\mac_1\desktop\winevt\logs\microsoft-windows-reliabilityanalysiscomponent%4operational.evtx","System.UInt32[]","System.Diagnostics.Eventing.Reader.EventBookmark","Information","Info",,"System.Collections.ObjectModel.ReadOnlyCollection`1[System.String]","System.Collections.Generic.List`1[System.Diagnostics.Eventing.Reader.EventProperty]"
"Reliability Analysis calculated system stability of 8.434 for the one-day period starting at ?2014?-?09?-?18T00:00:00.000000000Z.","2005","0",,"4","0","0","-9223372036854771712","290","Microsoft-Windows-Reliability-Analysis-Engine","4ba32972-6fc5-488a-8368-5da620d05127","Microsoft-Windows-ReliabilityAnalysisComponent/Operational","3208","1596","rjaf-PC4429","S-1-5-19","9/17/2014 11:48:12 PM",,,"c:\users\mac_1\desktop\winevt\logs\microsoft-windows-reliabilityanalysiscomponent%4operational.evtx","System.UInt32[]","System.Diagnostics.Eventing.Reader.EventBookmark","Information","Info",,"System.Collections.ObjectModel.ReadOnlyCollection`1[System.String]","System.Collections.Generic.List`1[System.Diagnostics.Eventing.Reader.EventProperty]"
"Reliability Analysis calculated system stability of 9.874 for the one-day period starting at ?2014?-?09?-?17T00:00:00.000000000Z.","2005","0",,"4","0","0","-9223372036854771712","289","Microsoft-Windows-Reliability-Analysis-Engine","4ba32972-6fc5-488a-8368-5da620d05127","Microsoft-Windows-ReliabilityAnalysisComponent/Operational","2596","4056","rjaf-PC4429","S-1-5-19","9/16/2014 11:41:40 PM",,,"c:\users\mac_1\desktop\winevt\logs\microsoft-windows-reliabilityanalysiscomponent%4operational.evtx","System.UInt32[]","System.Diagnostics.Eventing.Reader.EventBookmark","Information","Info",,"System.Collections.ObjectModel.ReadOnlyCollection`1[System.String]","System.Collections.Generic.List`1[System.Diagnostics.Eventing.Reader.EventProperty]"
"Reliability Analysis calculated system stability of 9.735 for the one-day period starting at ?2014?-?09?-?16T00:00:00.000000000Z.","2005","0",,"4","0","0","-9223372036854771712","288","Microsoft-Windows-Reliability-Analysis-Engine","4ba32972-6fc5-488a-8368-5da620d05127","Microsoft-Windows-ReliabilityAnalysisComponent/Operational","3820","3576","rjaf-PC4429","S-1-5-19","9/16/2014 6:34:52 AM",,,"c:\users\mac_1\desktop\winevt\logs\microsoft-windows-reliabilityanalysiscomponent%4operational.evtx","System.UInt32[]","System.Diagnostics.Eventing.Reader.EventBookmark","Information","Info",,"System.Collections.ObjectModel.ReadOnlyCollection`1[System.String]","System.Collections.Generic.List`1[System.Diagnostics.Eventing.Reader.EventProperty]"
"Reliability Analysis calculated system stability of 9.579 for the one-day period starting at ?2014?-?09?-?15T00:00:00.000000000Z.","2005","0",,"4","0","0","-9223372036854771712","287","Microsoft-Windows-Reliability-Analysis-Engine","4ba32972-6fc5-488a-8368-5da620d05127","Microsoft-Windows-ReliabilityAnalysisComponent/Operational","3228","996","rjaf-PC4429","S-1-5-19","9/15/2014 2:25:21 AM",,,"c:\users\mac_1\desktop\winevt\logs\microsoft-windows-reliabilityanalysiscomponent%4operational.evtx","System.UInt32[]","System.Diagnostics.Eventing.Reader.EventBookmark","Information","Info",,"System.Collections.ObjectModel.ReadOnlyCollection`1[System.String]","System.Collections.Generic.List`1[System.Diagnostics.Eventing.Reader.EventProperty]"
"Reliability Analysis calculated system stability of 9.406 for the one-day period starting at ?2014?-?09?-?14T00:00:00.000000000Z.","2005","0",,"4","0","0","-9223372036854771712","286","Microsoft-Windows-Reliability-Analysis-Engine","4ba32972-6fc5-488a-8368-5da620d05127","Microsoft-Windows-ReliabilityAnalysisComponent/Operational","3824","4036","rjaf-PC4429","S-1-5-19","9/14/2014 12:50:03 AM",,,"c:\users\mac_1\desktop\winevt\logs\microsoft-windows-reliabilityanalysiscomponent%4operational.evtx","System.UInt32[]","System.Diagnostics.Eventing.Reader.EventBookmark","Information","Info",,"System.Collections.ObjectModel.ReadOnlyCollection`1[System.String]","System.Collections.Generic.List`1[System.Diagnostics.Eventing.Reader.EventProperty]"
