"Windows has resumed from standby: 
     Standby Duration		:	6973ms
     Standby Incident Time (UTC)	:	?2015?-?03?-?03T13:52:17.434326200Z
     Resume  Duration		:	1184ms
     Resume  Incident Time (UTC)	:	?2015?-?03?-?03T14:32:41.945049200Z
     IsDegradation			:	false","300","1",,"3","4003","36","-9223372036854710272","2166","Microsoft-Windows-Diagnostics-Performance","cfc18ec0-96b1-4eba-961b-622caee05b0a","Microsoft-Windows-Diagnostics-Performance/Operational","1384","1272","rjaf-PC4429","S-1-5-19","3/3/2015 6:33:10 AM","85f03364-b89b-0002-be71-b0160b54d001",,"c:\users\mac_1\desktop\winevt\logs\microsoft-windows-diagnostics-performance%4operational.evtx","System.UInt32[]","System.Diagnostics.Eventing.Reader.EventBookmark","Warning","Standby Information","Standby Performance Monitoring","System.Collections.ObjectModel.ReadOnlyCollection`1[System.String]","System.Collections.Generic.List`1[System.Diagnostics.Eventing.Reader.EventProperty]"
"Windows has resumed from standby: 
     Standby Duration		:	8356ms
     Standby Incident Time (UTC)	:	?2015?-?03?-?03T10:43:48.222092300Z
     Resume  Duration		:	1189ms
     Resume  Incident Time (UTC)	:	?2015?-?03?-?03T12:46:59.296162400Z
     IsDegradation			:	false","300","1",,"3","4003","36","-9223372036854710272","2165","Microsoft-Windows-Diagnostics-Performance","cfc18ec0-96b1-4eba-961b-622caee05b0a","Microsoft-Windows-Diagnostics-Performance/Operational","1384","5204","rjaf-PC4429","S-1-5-19","3/3/2015 4:47:29 AM","85f02a9c-b89b-0001-bd71-b0160b54d001",,"c:\users\mac_1\desktop\winevt\logs\microsoft-windows-diagnostics-performance%4operational.evtx","System.UInt32[]","System.Diagnostics.Eventing.Reader.EventBookmark","Warning","Standby Information","Standby Performance Monitoring","System.Collections.ObjectModel.ReadOnlyCollection`1[System.String]","System.Collections.Generic.List`1[System.Diagnostics.Eventing.Reader.EventProperty]"
"Windows has resumed from standby: 
     Standby Duration		:	7556ms
     Standby Incident Time (UTC)	:	?2015?-?03?-?03T08:28:03.928484200Z
     Resume  Duration		:	1271ms
     Resume  Incident Time (UTC)	:	?2015?-?03?-?03T10:12:37.070509500Z
     IsDegradation			:	false","300","1",,"3","4003","36","-9223372036854710272","2164","Microsoft-Windows-Diagnostics-Performance","cfc18ec0-96b1-4eba-961b-622caee05b0a","Microsoft-Windows-Diagnostics-Performance/Operational","1384","5788","rjaf-PC4429","S-1-5-19","3/3/2015 2:13:04 AM","85f03364-b89b-0002-bb71-b0160b54d001",,"c:\users\mac_1\desktop\winevt\logs\microsoft-windows-diagnostics-performance%4operational.evtx","System.UInt32[]","System.Diagnostics.Eventing.Reader.EventBookmark","Warning","Standby Information","Standby Performance Monitoring","System.Collections.ObjectModel.ReadOnlyCollection`1[System.String]","System.Collections.Generic.List`1[System.Diagnostics.Eventing.Reader.EventProperty]"
"Windows has resumed from standby: 
     Standby Duration		:	8483ms
     Standby Incident Time (UTC)	:	?2015?-?03?-?03T01:02:36.114591300Z
     Resume  Duration		:	1173ms
     Resume  Incident Time (UTC)	:	?2015?-?03?-?03T06:52:08.854427300Z
     IsDegradation			:	false","300","1",,"3","4003","36","-9223372036854710272","2163","Microsoft-Windows-Diagnostics-Performance","cfc18ec0-96b1-4eba-961b-622caee05b0a","Microsoft-Windows-Diagnostics-Performance/Operational","1384","2380","rjaf-PC4429","S-1-5-19","3/2/2015 10:52:36 PM","85f02a9c-b89b-0001-b771-b0160b54d001",,"c:\users\mac_1\desktop\winevt\logs\microsoft-windows-diagnostics-performance%4operational.evtx","System.UInt32[]","System.Diagnostics.Eventing.Reader.EventBookmark","Warning","Standby Information","Standby Performance Monitoring","System.Collections.ObjectModel.ReadOnlyCollection`1[System.String]","System.Collections.Generic.List`1[System.Diagnostics.Eventing.Reader.EventProperty]"
"Windows has resumed from standby: 
     Standby Duration		:	7672ms
     Standby Incident Time (UTC)	:	?2015?-?03?-?02T21:44:22.260680000Z
     Resume  Duration		:	1246ms
     Resume  Incident Time (UTC)	:	?2015?-?03?-?03T00:59:54.882581300Z
     IsDegradation			:	false","300","1",,"3","4003","36","-9223372036854710272","2162","Microsoft-Windows-Diagnostics-Performance","cfc18ec0-96b1-4eba-961b-622caee05b0a","Microsoft-Windows-Diagnostics-Performance/Operational","1384","2600","rjaf-PC4429","S-1-5-19","3/2/2015 5:00:20 PM","85f02a9c-b89b-0001-b671-b0160b54d001",,"c:\users\mac_1\desktop\winevt\logs\microsoft-windows-diagnostics-performance%4operational.evtx","System.UInt32[]","System.Diagnostics.Eventing.Reader.EventBookmark","Warning","Standby Information","Standby Performance Monitoring","System.Collections.ObjectModel.ReadOnlyCollection`1[System.String]","System.Collections.Generic.List`1[System.Diagnostics.Eventing.Reader.EventProperty]"
"Windows has resumed from standby: 
     Standby Duration		:	8786ms
     Standby Incident Time (UTC)	:	?2015?-?03?-?02T19:28:07.898450600Z
     Resume  Duration		:	1190ms
     Resume  Incident Time (UTC)	:	?2015?-?03?-?02T21:11:43.074873900Z
     IsDegradation			:	false","300","1",,"3","4003","36","-9223372036854710272","2161","Microsoft-Windows-Diagnostics-Performance","cfc18ec0-96b1-4eba-961b-622caee05b0a","Microsoft-Windows-Diagnostics-Performance/Operational","1384","1812","rjaf-PC4429","S-1-5-19","3/2/2015 1:12:07 PM","85f03c9c-b89b-0003-b271-b0160b54d001",,"c:\users\mac_1\desktop\winevt\logs\microsoft-windows-diagnostics-performance%4operational.evtx","System.UInt32[]","System.Diagnostics.Eventing.Reader.EventBookmark","Warning","Standby Information","Standby Performance Monitoring","System.Collections.ObjectModel.ReadOnlyCollection`1[System.String]","System.Collections.Generic.List`1[System.Diagnostics.Eventing.Reader.EventProperty]"
"Windows has resumed from standby: 
     Standby Duration		:	14993ms
     Standby Incident Time (UTC)	:	?2015?-?03?-?02T10:24:40.828185600Z
     Resume  Duration		:	1216ms
     Resume  Incident Time (UTC)	:	?2015?-?03?-?02T18:32:57.778139600Z
     IsDegradation			:	false","300","1",,"3","4003","36","-9223372036854710272","2160","Microsoft-Windows-Diagnostics-Performance","cfc18ec0-96b1-4eba-961b-622caee05b0a","Microsoft-Windows-Diagnostics-Performance/Operational","1384","3484","rjaf-PC4429","S-1-5-19","3/2/2015 10:33:21 AM","85f03364-b89b-0002-b671-b0160b54d001",,"c:\users\mac_1\desktop\winevt\logs\microsoft-windows-diagnostics-performance%4operational.evtx","System.UInt32[]","System.Diagnostics.Eventing.Reader.EventBookmark","Warning","Standby Information","Standby Performance Monitoring","System.Collections.ObjectModel.ReadOnlyCollection`1[System.String]","System.Collections.Generic.List`1[System.Diagnostics.Eventing.Reader.EventProperty]"
"Windows has resumed from standby: 
     Standby Duration		:	7092ms
     Standby Incident Time (UTC)	:	?2015?-?03?-?02T09:26:41.010560800Z
     Resume  Duration		:	1201ms
     Resume  Incident Time (UTC)	:	?2015?-?03?-?02T09:45:24.684151200Z
     IsDegradation			:	false","300","1",,"3","4003","36","-9223372036854710272","2159","Microsoft-Windows-Diagnostics-Performance","cfc18ec0-96b1-4eba-961b-622caee05b0a","Microsoft-Windows-Diagnostics-Performance/Operational","1384","3648","rjaf-PC4429","S-1-5-19","3/2/2015 1:45:44 AM","85f03c9c-b89b-0003-b071-b0160b54d001",,"c:\users\mac_1\desktop\winevt\logs\microsoft-windows-diagnostics-performance%4operational.evtx","System.UInt32[]","System.Diagnostics.Eventing.Reader.EventBookmark","Warning","Standby Information","Standby Performance Monitoring","System.Collections.ObjectModel.ReadOnlyCollection`1[System.String]","System.Collections.Generic.List`1[System.Diagnostics.Eventing.Reader.EventProperty]"
"Windows has resumed from standby: 
     Standby Duration		:	7479ms
     Standby Incident Time (UTC)	:	?2015?-?03?-?02T07:41:26.482306900Z
     Resume  Duration		:	1209ms
     Resume  Incident Time (UTC)	:	?2015?-?03?-?02T08:53:49.852429500Z
     IsDegradation			:	false","300","1",,"3","4003","36","-9223372036854710272","2158","Microsoft-Windows-Diagnostics-Performance","cfc18ec0-96b1-4eba-961b-622caee05b0a","Microsoft-Windows-Diagnostics-Performance/Operational","1384","2904","rjaf-PC4429","S-1-5-19","3/2/2015 12:54:09 AM","00000000-3b28-0000-aa71-b0160b54d001",,"c:\users\mac_1\desktop\winevt\logs\microsoft-windows-diagnostics-performance%4operational.evtx","System.UInt32[]","System.Diagnostics.Eventing.Reader.EventBookmark","Warning","Standby Information","Standby Performance Monitoring","System.Collections.ObjectModel.ReadOnlyCollection`1[System.String]","System.Collections.Generic.List`1[System.Diagnostics.Eventing.Reader.EventProperty]"
"This driver caused a delay during standby while servicing a device:
     Driver File Name		:	\Driver\HdAudAddService
     Driver Friendly Name		:	High Definition Audio Function Driver
     Driver Version			:	6.1.7600.16385 (win7_rtm.090713-1255)
     Driver Total Time		:	30ms
     Driver Degradation Time	:	12ms
     Incident Time (UTC)		:	?2015?-?03?-?02T01:02:43.696916300Z
     Device Name			:	HDAUDIO\FUNC_01&VEN_10EC&DEV_0662&SUBSYS_8086204E&REV_1001\4&21abbdd3&0&0001
     Device Friendly Name		:	High Definition Audio Device
     Device Total Time		:	30ms
     Device Degradation Time	:	0ms","302","1",,"3","4003","35","-9223372036854710272","2157","Microsoft-Windows-Diagnostics-Performance","cfc18ec0-96b1-4eba-961b-622caee05b0a","Microsoft-Windows-Diagnostics-Performance/Operational","1384","4472","rjaf-PC4429","S-1-5-19","3/1/2015 11:07:56 PM","85f02a9c-b89b-0001-b171-b0160b54d001",,"c:\users\mac_1\desktop\winevt\logs\microsoft-windows-diagnostics-performance%4operational.evtx","System.UInt32[]","System.Diagnostics.Eventing.Reader.EventBookmark","Warning","Standby Degradation","Standby Performance Monitoring","System.Collections.ObjectModel.ReadOnlyCollection`1[System.String]","System.Collections.Generic.List`1[System.Diagnostics.Eventing.Reader.EventProperty]"
"Windows has resumed from standby: 
     Standby Duration		:	7659ms
     Standby Incident Time (UTC)	:	?2015?-?03?-?02T01:02:43.696916300Z
     Resume  Duration		:	1279ms
     Resume  Incident Time (UTC)	:	?2015?-?03?-?02T07:07:36.335723100Z
     IsDegradation			:	false","300","1",,"3","4003","36","-9223372036854710272","2156","Microsoft-Windows-Diagnostics-Performance","cfc18ec0-96b1-4eba-961b-622caee05b0a","Microsoft-Windows-Diagnostics-Performance/Operational","1384","4472","rjaf-PC4429","S-1-5-19","3/1/2015 11:07:56 PM","85f02a9c-b89b-0001-b171-b0160b54d001",,"c:\users\mac_1\desktop\winevt\logs\microsoft-windows-diagnostics-performance%4operational.evtx","System.UInt32[]","System.Diagnostics.Eventing.Reader.EventBookmark","Warning","Standby Information","Standby Performance Monitoring","System.Collections.ObjectModel.ReadOnlyCollection`1[System.String]","System.Collections.Generic.List`1[System.Diagnostics.Eventing.Reader.EventProperty]"
"Windows has resumed from standby: 
     Standby Duration		:	8468ms
     Standby Incident Time (UTC)	:	?2015?-?03?-?01T19:32:30.602126200Z
     Resume  Duration		:	1218ms
     Resume  Incident Time (UTC)	:	?2015?-?03?-?02T01:00:02.465584700Z
     IsDegradation			:	false","300","1",,"3","4003","36","-9223372036854710272","2155","Microsoft-Windows-Diagnostics-Performance","cfc18ec0-96b1-4eba-961b-622caee05b0a","Microsoft-Windows-Diagnostics-Performance/Operational","1384","6020","rjaf-PC4429","S-1-5-19","3/1/2015 5:00:20 PM","00000000-3b28-0000-a871-b0160b54d001",,"c:\users\mac_1\desktop\winevt\logs\microsoft-windows-diagnostics-performance%4operational.evtx","System.UInt32[]","System.Diagnostics.Eventing.Reader.EventBookmark","Warning","Standby Information","Standby Performance Monitoring","System.Collections.ObjectModel.ReadOnlyCollection`1[System.String]","System.Collections.Generic.List`1[System.Diagnostics.Eventing.Reader.EventProperty]"
"Windows has resumed from standby: 
     Standby Duration		:	6699ms
     Standby Incident Time (UTC)	:	?2015?-?03?-?01T15:45:01.777223900Z
     Resume  Duration		:	1226ms
     Resume  Incident Time (UTC)	:	?2015?-?03?-?01T18:50:47.454355000Z
     IsDegradation			:	false","300","1",,"3","4003","36","-9223372036854710272","2154","Microsoft-Windows-Diagnostics-Performance","cfc18ec0-96b1-4eba-961b-622caee05b0a","Microsoft-Windows-Diagnostics-Performance/Operational","1384","432","rjaf-PC4429","S-1-5-19","3/1/2015 10:51:02 AM","85f03c9c-b89b-0003-ae71-b0160b54d001",,"c:\users\mac_1\desktop\winevt\logs\microsoft-windows-diagnostics-performance%4operational.evtx","System.UInt32[]","System.Diagnostics.Eventing.Reader.EventBookmark","Warning","Standby Information","Standby Performance Monitoring","System.Collections.ObjectModel.ReadOnlyCollection`1[System.String]","System.Collections.Generic.List`1[System.Diagnostics.Eventing.Reader.EventProperty]"
"Windows has resumed from standby: 
     Standby Duration		:	7583ms
     Standby Incident Time (UTC)	:	?2015?-?03?-?01T13:53:02.162752200Z
     Resume  Duration		:	1180ms
     Resume  Incident Time (UTC)	:	?2015?-?03?-?01T14:36:37.655798300Z
     IsDegradation			:	false","300","1",,"3","4003","36","-9223372036854710272","2153","Microsoft-Windows-Diagnostics-Performance","cfc18ec0-96b1-4eba-961b-622caee05b0a","Microsoft-Windows-Diagnostics-Performance/Operational","1384","4424","rjaf-PC4429","S-1-5-19","3/1/2015 6:36:52 AM","85f03364-b89b-0002-b171-b0160b54d001",,"c:\users\mac_1\desktop\winevt\logs\microsoft-windows-diagnostics-performance%4operational.evtx","System.UInt32[]","System.Diagnostics.Eventing.Reader.EventBookmark","Warning","Standby Information","Standby Performance Monitoring","System.Collections.ObjectModel.ReadOnlyCollection`1[System.String]","System.Collections.Generic.List`1[System.Diagnostics.Eventing.Reader.EventProperty]"
"Windows has resumed from standby: 
     Standby Duration		:	10792ms
     Standby Incident Time (UTC)	:	?2015?-?03?-?01T11:30:47.627321800Z
     Resume  Duration		:	1182ms
     Resume  Incident Time (UTC)	:	?2015?-?03?-?01T12:26:05.065041000Z
     IsDegradation			:	false","300","1",,"3","4003","36","-9223372036854710272","2152","Microsoft-Windows-Diagnostics-Performance","cfc18ec0-96b1-4eba-961b-622caee05b0a","Microsoft-Windows-Diagnostics-Performance/Operational","1384","1024","rjaf-PC4429","S-1-5-19","3/1/2015 4:26:19 AM","85f02a9c-b89b-0001-a471-b0160b54d001",,"c:\users\mac_1\desktop\winevt\logs\microsoft-windows-diagnostics-performance%4operational.evtx","System.UInt32[]","System.Diagnostics.Eventing.Reader.EventBookmark","Warning","Standby Information","Standby Performance Monitoring","System.Collections.ObjectModel.ReadOnlyCollection`1[System.String]","System.Collections.Generic.List`1[System.Diagnostics.Eventing.Reader.EventProperty]"
"This startup service took longer than expected to startup, resulting in a performance degradation in the system start up process: 
     File Name		:	eventlog
     Friendly Name		:	
     Version		:	
     Total Time		:	449ms
     Degradation Time	:	361ms
     Incident Time (UTC)	:	?2015?-?03?-?01T10:32:59.578000100Z","103","1",,"3","4002","33","-9223372036854710272","2151","Microsoft-Windows-Diagnostics-Performance","cfc18ec0-96b1-4eba-961b-622caee05b0a","Microsoft-Windows-Diagnostics-Performance/Operational","1384","124","rjaf-PC4429","S-1-5-19","3/1/2015 2:34:54 AM","85f03c9c-b89b-0003-a471-b0160b54d001",,"c:\users\mac_1\desktop\winevt\logs\microsoft-windows-diagnostics-performance%4operational.evtx","System.UInt32[]","System.Diagnostics.Eventing.Reader.EventBookmark","Warning","Boot Degradation","Boot Performance Monitoring","System.Collections.ObjectModel.ReadOnlyCollection`1[System.String]","System.Collections.Generic.List`1[System.Diagnostics.Eventing.Reader.EventProperty]"
"Windows has started up: 
     Boot Duration		:	27569ms
     IsDegradation		:	false
     Incident Time (UTC)	:	?2015?-?03?-?01T10:32:59.578000100Z","100","2",,"3","4002","34","-9223372036854710272","2150","Microsoft-Windows-Diagnostics-Performance","cfc18ec0-96b1-4eba-961b-622caee05b0a","Microsoft-Windows-Diagnostics-Performance/Operational","1384","124","rjaf-PC4429","S-1-5-19","3/1/2015 2:34:54 AM","85f03c9c-b89b-0003-a471-b0160b54d001",,"c:\users\mac_1\desktop\winevt\logs\microsoft-windows-diagnostics-performance%4operational.evtx","System.UInt32[]","System.Diagnostics.Eventing.Reader.EventBookmark","Warning","Boot Information","Boot Performance Monitoring","System.Collections.ObjectModel.ReadOnlyCollection`1[System.String]","System.Collections.Generic.List`1[System.Diagnostics.Eventing.Reader.EventProperty]"
"Windows has resumed from standby: 
     Standby Duration		:	7411ms
     Standby Incident Time (UTC)	:	?2015?-?02?-?26T09:17:48.586354100Z
     Resume  Duration		:	1207ms
     Resume  Incident Time (UTC)	:	?2015?-?02?-?26T09:21:02.677328600Z
     IsDegradation			:	false","300","1",,"3","4003","36","-9223372036854710272","2149","Microsoft-Windows-Diagnostics-Performance","cfc18ec0-96b1-4eba-961b-622caee05b0a","Microsoft-Windows-Diagnostics-Performance/Operational","1412","2820","rjaf-PC4429","S-1-5-19","2/26/2015 1:21:41 AM","85f02a9c-489b-0001-b005-1490db4ed001",,"c:\users\mac_1\desktop\winevt\logs\microsoft-windows-diagnostics-performance%4operational.evtx","System.UInt32[]","System.Diagnostics.Eventing.Reader.EventBookmark","Warning","Standby Information","Standby Performance Monitoring","System.Collections.ObjectModel.ReadOnlyCollection`1[System.String]","System.Collections.Generic.List`1[System.Diagnostics.Eventing.Reader.EventProperty]"
"Windows has resumed from standby: 
     Standby Duration		:	7296ms
     Standby Incident Time (UTC)	:	?2015?-?02?-?26T01:02:21.139873000Z
     Resume  Duration		:	1191ms
     Resume  Incident Time (UTC)	:	?2015?-?02?-?26T08:09:06.820412800Z
     IsDegradation			:	false","300","1",,"3","4003","36","-9223372036854710272","2148","Microsoft-Windows-Diagnostics-Performance","cfc18ec0-96b1-4eba-961b-622caee05b0a","Microsoft-Windows-Diagnostics-Performance/Operational","1412","4336","rjaf-PC4429","S-1-5-19","2/26/2015 12:09:47 AM","85f03364-489b-0002-b405-1490db4ed001",,"c:\users\mac_1\desktop\winevt\logs\microsoft-windows-diagnostics-performance%4operational.evtx","System.UInt32[]","System.Diagnostics.Eventing.Reader.EventBookmark","Warning","Standby Information","Standby Performance Monitoring","System.Collections.ObjectModel.ReadOnlyCollection`1[System.String]","System.Collections.Generic.List`1[System.Diagnostics.Eventing.Reader.EventProperty]"
"Windows has resumed from standby: 
     Standby Duration		:	6100ms
     Standby Incident Time (UTC)	:	?2015?-?02?-?25T18:36:53.248499600Z
     Resume  Duration		:	1234ms
     Resume  Incident Time (UTC)	:	?2015?-?02?-?26T00:59:43.231062700Z
     IsDegradation			:	false","300","1",,"3","4003","36","-9223372036854710272","2147","Microsoft-Windows-Diagnostics-Performance","cfc18ec0-96b1-4eba-961b-622caee05b0a","Microsoft-Windows-Diagnostics-Performance/Operational","1412","4336","rjaf-PC4429","S-1-5-19","2/25/2015 5:00:19 PM","85f03364-489b-0002-b305-1490db4ed001",,"c:\users\mac_1\desktop\winevt\logs\microsoft-windows-diagnostics-performance%4operational.evtx","System.UInt32[]","System.Diagnostics.Eventing.Reader.EventBookmark","Warning","Standby Information","Standby Performance Monitoring","System.Collections.ObjectModel.ReadOnlyCollection`1[System.String]","System.Collections.Generic.List`1[System.Diagnostics.Eventing.Reader.EventProperty]"
"Windows has resumed from standby: 
     Standby Duration		:	6207ms
     Standby Incident Time (UTC)	:	?2015?-?02?-?25T16:43:38.776751000Z
     Resume  Duration		:	1223ms
     Resume  Incident Time (UTC)	:	?2015?-?02?-?25T18:06:49.440681200Z
     IsDegradation			:	false","300","1",,"3","4003","36","-9223372036854710272","2146","Microsoft-Windows-Diagnostics-Performance","cfc18ec0-96b1-4eba-961b-622caee05b0a","Microsoft-Windows-Diagnostics-Performance/Operational","1412","6048","rjaf-PC4429","S-1-5-19","2/25/2015 10:07:23 AM","85f03c9c-489b-0003-ad05-1490db4ed001",,"c:\users\mac_1\desktop\winevt\logs\microsoft-windows-diagnostics-performance%4operational.evtx","System.UInt32[]","System.Diagnostics.Eventing.Reader.EventBookmark","Warning","Standby Information","Standby Performance Monitoring","System.Collections.ObjectModel.ReadOnlyCollection`1[System.String]","System.Collections.Generic.List`1[System.Diagnostics.Eventing.Reader.EventProperty]"
"This driver caused a delay during standby while servicing a device:
     Driver File Name		:	\Driver\usbhub
     Driver Friendly Name		:	Default Hub Driver for USB
     Driver Version			:	6.1.7600.16385 (win7_rtm.090713-1255)
     Driver Total Time		:	128ms
     Driver Degradation Time	:	29ms
     Incident Time (UTC)		:	?2015?-?02?-?25T11:12:40.543046700Z
     Device Name			:	USB\VID_8087&PID_0024\5&63440b9&0&1
     Device Friendly Name		:	Generic USB Hub
     Device Total Time		:	128ms
     Device Degradation Time	:	29ms","302","1",,"3","4003","35","-9223372036854710272","2145","Microsoft-Windows-Diagnostics-Performance","cfc18ec0-96b1-4eba-961b-622caee05b0a","Microsoft-Windows-Diagnostics-Performance/Operational","1412","5612","rjaf-PC4429","S-1-5-19","2/25/2015 8:14:03 AM","85f02a9c-489b-0001-ae05-1490db4ed001",,"c:\users\mac_1\desktop\winevt\logs\microsoft-windows-diagnostics-performance%4operational.evtx","System.UInt32[]","System.Diagnostics.Eventing.Reader.EventBookmark","Warning","Standby Degradation","Standby Performance Monitoring","System.Collections.ObjectModel.ReadOnlyCollection`1[System.String]","System.Collections.Generic.List`1[System.Diagnostics.Eventing.Reader.EventProperty]"
"Windows has resumed from standby: 
     Standby Duration		:	6687ms
     Standby Incident Time (UTC)	:	?2015?-?02?-?25T11:12:40.543046700Z
     Resume  Duration		:	1220ms
     Resume  Incident Time (UTC)	:	?2015?-?02?-?25T16:13:29.971177200Z
     IsDegradation			:	false","300","1",,"3","4003","36","-9223372036854710272","2144","Microsoft-Windows-Diagnostics-Performance","cfc18ec0-96b1-4eba-961b-622caee05b0a","Microsoft-Windows-Diagnostics-Performance/Operational","1412","5612","rjaf-PC4429","S-1-5-19","2/25/2015 8:14:03 AM","85f02a9c-489b-0001-ae05-1490db4ed001",,"c:\users\mac_1\desktop\winevt\logs\microsoft-windows-diagnostics-performance%4operational.evtx","System.UInt32[]","System.Diagnostics.Eventing.Reader.EventBookmark","Warning","Standby Information","Standby Performance Monitoring","System.Collections.ObjectModel.ReadOnlyCollection`1[System.String]","System.Collections.Generic.List`1[System.Diagnostics.Eventing.Reader.EventProperty]"
"This driver caused a delay during standby while servicing a device:
     Driver File Name		:	\Driver\usbhub
     Driver Friendly Name		:	Default Hub Driver for USB
     Driver Version			:	6.1.7600.16385 (win7_rtm.090713-1255)
     Driver Total Time		:	30ms
     Driver Degradation Time	:	12ms
     Incident Time (UTC)		:	?2015?-?02?-?25T08:03:26.437906500Z
     Device Name			:	USB\VID_8087&PID_0024\5&31a83182&0&1
     Device Friendly Name		:	Generic USB Hub
     Device Total Time		:	30ms
     Device Degradation Time	:	0ms","302","1",,"3","4003","35","-9223372036854710272","2143","Microsoft-Windows-Diagnostics-Performance","cfc18ec0-96b1-4eba-961b-622caee05b0a","Microsoft-Windows-Diagnostics-Performance/Operational","1412","3580","rjaf-PC4429","S-1-5-19","2/25/2015 2:25:22 AM","85f03364-489b-0002-b105-1490db4ed001",,"c:\users\mac_1\desktop\winevt\logs\microsoft-windows-diagnostics-performance%4operational.evtx","System.UInt32[]","System.Diagnostics.Eventing.Reader.EventBookmark","Warning","Standby Degradation","Standby Performance Monitoring","System.Collections.ObjectModel.ReadOnlyCollection`1[System.String]","System.Collections.Generic.List`1[System.Diagnostics.Eventing.Reader.EventProperty]"
"This driver caused a delay during standby while servicing a device:
     Driver File Name		:	\Driver\usbehci
     Driver Friendly Name		:	EHCI eUSB Miniport Driver
     Driver Version			:	6.1.7600.16788 (win7_gdr.110324-1506)
     Driver Total Time		:	342ms
     Driver Degradation Time	:	146ms
     Incident Time (UTC)		:	?2015?-?02?-?25T08:03:26.437906500Z
     Device Name			:	USB\ROOT_HUB20\4&605ea8b&0
     Device Friendly Name		:	USB Root Hub
     Device Total Time		:	342ms
     Device Degradation Time	:	146ms","302","1",,"3","4003","35","-9223372036854710272","2142","Microsoft-Windows-Diagnostics-Performance","cfc18ec0-96b1-4eba-961b-622caee05b0a","Microsoft-Windows-Diagnostics-Performance/Operational","1412","3580","rjaf-PC4429","S-1-5-19","2/25/2015 2:25:22 AM","85f03364-489b-0002-b105-1490db4ed001",,"c:\users\mac_1\desktop\winevt\logs\microsoft-windows-diagnostics-performance%4operational.evtx","System.UInt32[]","System.Diagnostics.Eventing.Reader.EventBookmark","Warning","Standby Degradation","Standby Performance Monitoring","System.Collections.ObjectModel.ReadOnlyCollection`1[System.String]","System.Collections.Generic.List`1[System.Diagnostics.Eventing.Reader.EventProperty]"
"Windows has resumed from standby: 
     Standby Duration		:	13009ms
     Standby Incident Time (UTC)	:	?2015?-?02?-?25T08:03:26.437906500Z
     Resume  Duration		:	1207ms
     Resume  Incident Time (UTC)	:	?2015?-?02?-?25T10:24:49.745515300Z
     IsDegradation			:	false","300","1",,"3","4003","36","-9223372036854710272","2141","Microsoft-Windows-Diagnostics-Performance","cfc18ec0-96b1-4eba-961b-622caee05b0a","Microsoft-Windows-Diagnostics-Performance/Operational","1412","3580","rjaf-PC4429","S-1-5-19","2/25/2015 2:25:22 AM","85f03364-489b-0002-b105-1490db4ed001",,"c:\users\mac_1\desktop\winevt\logs\microsoft-windows-diagnostics-performance%4operational.evtx","System.UInt32[]","System.Diagnostics.Eventing.Reader.EventBookmark","Warning","Standby Information","Standby Performance Monitoring","System.Collections.ObjectModel.ReadOnlyCollection`1[System.String]","System.Collections.Generic.List`1[System.Diagnostics.Eventing.Reader.EventProperty]"
"Windows has resumed from standby: 
     Standby Duration		:	7127ms
     Standby Incident Time (UTC)	:	?2015?-?02?-?25T01:02:28.542363200Z
     Resume  Duration		:	1225ms
     Resume  Incident Time (UTC)	:	?2015?-?02?-?25T06:41:27.769166300Z
     IsDegradation			:	false","300","1",,"3","4003","36","-9223372036854710272","2140","Microsoft-Windows-Diagnostics-Performance","cfc18ec0-96b1-4eba-961b-622caee05b0a","Microsoft-Windows-Diagnostics-Performance/Operational","1412","3996","rjaf-PC4429","S-1-5-19","2/24/2015 10:42:00 PM","85f03c9c-489b-0003-ac05-1490db4ed001",,"c:\users\mac_1\desktop\winevt\logs\microsoft-windows-diagnostics-performance%4operational.evtx","System.UInt32[]","System.Diagnostics.Eventing.Reader.EventBookmark","Warning","Standby Information","Standby Performance Monitoring","System.Collections.ObjectModel.ReadOnlyCollection`1[System.String]","System.Collections.Generic.List`1[System.Diagnostics.Eventing.Reader.EventProperty]"
"Windows has resumed from standby: 
     Standby Duration		:	6765ms
     Standby Incident Time (UTC)	:	?2015?-?02?-?24T18:13:15.850465300Z
     Resume  Duration		:	1221ms
     Resume  Incident Time (UTC)	:	?2015?-?02?-?25T00:59:50.679755100Z
     IsDegradation			:	false","300","1",,"3","4003","36","-9223372036854710272","2139","Microsoft-Windows-Diagnostics-Performance","cfc18ec0-96b1-4eba-961b-622caee05b0a","Microsoft-Windows-Diagnostics-Performance/Operational","1412","2028","rjaf-PC4429","S-1-5-19","2/24/2015 5:00:20 PM","85f02a9c-489b-0001-ac05-1490db4ed001",,"c:\users\mac_1\desktop\winevt\logs\microsoft-windows-diagnostics-performance%4operational.evtx","System.UInt32[]","System.Diagnostics.Eventing.Reader.EventBookmark","Warning","Standby Information","Standby Performance Monitoring","System.Collections.ObjectModel.ReadOnlyCollection`1[System.String]","System.Collections.Generic.List`1[System.Diagnostics.Eventing.Reader.EventProperty]"
"Windows has resumed from standby: 
     Standby Duration		:	6960ms
     Standby Incident Time (UTC)	:	?2015?-?02?-?24T17:05:45.982364600Z
     Resume  Duration		:	1240ms
     Resume  Incident Time (UTC)	:	?2015?-?02?-?24T17:07:25.070340600Z
     IsDegradation			:	false","300","1",,"3","4003","36","-9223372036854710272","2138","Microsoft-Windows-Diagnostics-Performance","cfc18ec0-96b1-4eba-961b-622caee05b0a","Microsoft-Windows-Diagnostics-Performance/Operational","1412","952","rjaf-PC4429","S-1-5-19","2/24/2015 9:07:52 AM","85f02a9c-489b-0001-ab05-1490db4ed001",,"c:\users\mac_1\desktop\winevt\logs\microsoft-windows-diagnostics-performance%4operational.evtx","System.UInt32[]","System.Diagnostics.Eventing.Reader.EventBookmark","Warning","Standby Information","Standby Performance Monitoring","System.Collections.ObjectModel.ReadOnlyCollection`1[System.String]","System.Collections.Generic.List`1[System.Diagnostics.Eventing.Reader.EventProperty]"
"Windows has resumed from standby: 
     Standby Duration		:	7206ms
     Standby Incident Time (UTC)	:	?2015?-?02?-?24T08:59:18.224831400Z
     Resume  Duration		:	1190ms
     Resume  Incident Time (UTC)	:	?2015?-?02?-?24T15:11:28.270196500Z
     IsDegradation			:	false","300","1",,"3","4003","36","-9223372036854710272","2137","Microsoft-Windows-Diagnostics-Performance","cfc18ec0-96b1-4eba-961b-622caee05b0a","Microsoft-Windows-Diagnostics-Performance/Operational","1412","3168","rjaf-PC4429","S-1-5-19","2/24/2015 7:11:57 AM","85f02a9c-489b-0001-a905-1490db4ed001",,"c:\users\mac_1\desktop\winevt\logs\microsoft-windows-diagnostics-performance%4operational.evtx","System.UInt32[]","System.Diagnostics.Eventing.Reader.EventBookmark","Warning","Standby Information","Standby Performance Monitoring","System.Collections.ObjectModel.ReadOnlyCollection`1[System.String]","System.Collections.Generic.List`1[System.Diagnostics.Eventing.Reader.EventProperty]"
"Windows has resumed from standby: 
     Standby Duration		:	6877ms
     Standby Incident Time (UTC)	:	?2015?-?02?-?24T07:45:03.488677200Z
     Resume  Duration		:	1201ms
     Resume  Incident Time (UTC)	:	?2015?-?02?-?24T08:23:57.412471700Z
     IsDegradation			:	false","300","1",,"3","4003","36","-9223372036854710272","2136","Microsoft-Windows-Diagnostics-Performance","cfc18ec0-96b1-4eba-961b-622caee05b0a","Microsoft-Windows-Diagnostics-Performance/Operational","1412","3044","rjaf-PC4429","S-1-5-19","2/24/2015 12:24:23 AM","85f03c9c-489b-0003-a905-1490db4ed001",,"c:\users\mac_1\desktop\winevt\logs\microsoft-windows-diagnostics-performance%4operational.evtx","System.UInt32[]","System.Diagnostics.Eventing.Reader.EventBookmark","Warning","Standby Information","Standby Performance Monitoring","System.Collections.ObjectModel.ReadOnlyCollection`1[System.String]","System.Collections.Generic.List`1[System.Diagnostics.Eventing.Reader.EventProperty]"
"Windows has resumed from standby: 
     Standby Duration		:	7779ms
     Standby Incident Time (UTC)	:	?2015?-?02?-?24T01:02:35.629175400Z
     Resume  Duration		:	1184ms
     Resume  Incident Time (UTC)	:	?2015?-?02?-?24T07:11:45.685210900Z
     IsDegradation			:	false","300","1",,"3","4003","36","-9223372036854710272","2135","Microsoft-Windows-Diagnostics-Performance","cfc18ec0-96b1-4eba-961b-622caee05b0a","Microsoft-Windows-Diagnostics-Performance/Operational","1412","868","rjaf-PC4429","S-1-5-19","2/23/2015 11:12:11 PM","85f03c9c-489b-0003-a805-1490db4ed001",,"c:\users\mac_1\desktop\winevt\logs\microsoft-windows-diagnostics-performance%4operational.evtx","System.UInt32[]","System.Diagnostics.Eventing.Reader.EventBookmark","Warning","Standby Information","Standby Performance Monitoring","System.Collections.ObjectModel.ReadOnlyCollection`1[System.String]","System.Collections.Generic.List`1[System.Diagnostics.Eventing.Reader.EventProperty]"
"Windows has resumed from standby: 
     Standby Duration		:	8510ms
     Standby Incident Time (UTC)	:	?2015?-?02?-?23T18:59:07.667008900Z
     Resume  Duration		:	1217ms
     Resume  Incident Time (UTC)	:	?2015?-?02?-?24T00:59:57.758713100Z
     IsDegradation			:	false","300","1",,"3","4003","36","-9223372036854710272","2134","Microsoft-Windows-Diagnostics-Performance","cfc18ec0-96b1-4eba-961b-622caee05b0a","Microsoft-Windows-Diagnostics-Performance/Operational","1412","3360","rjaf-PC4429","S-1-5-19","2/23/2015 5:00:23 PM","00000000-cb28-0000-a405-1490db4ed001",,"c:\users\mac_1\desktop\winevt\logs\microsoft-windows-diagnostics-performance%4operational.evtx","System.UInt32[]","System.Diagnostics.Eventing.Reader.EventBookmark","Warning","Standby Information","Standby Performance Monitoring","System.Collections.ObjectModel.ReadOnlyCollection`1[System.String]","System.Collections.Generic.List`1[System.Diagnostics.Eventing.Reader.EventProperty]"
"Windows has resumed from standby: 
     Standby Duration		:	6511ms
     Standby Incident Time (UTC)	:	?2015?-?02?-?23T06:17:41.598280100Z
     Resume  Duration		:	1222ms
     Resume  Incident Time (UTC)	:	?2015?-?02?-?23T17:36:26.922977400Z
     IsDegradation			:	false","300","1",,"3","4003","36","-9223372036854710272","2133","Microsoft-Windows-Diagnostics-Performance","cfc18ec0-96b1-4eba-961b-622caee05b0a","Microsoft-Windows-Diagnostics-Performance/Operational","1412","3048","rjaf-PC4429","S-1-5-19","2/23/2015 9:36:46 AM","85f02a9c-489b-0001-a405-1490db4ed001",,"c:\users\mac_1\desktop\winevt\logs\microsoft-windows-diagnostics-performance%4operational.evtx","System.UInt32[]","System.Diagnostics.Eventing.Reader.EventBookmark","Warning","Standby Information","Standby Performance Monitoring","System.Collections.ObjectModel.ReadOnlyCollection`1[System.String]","System.Collections.Generic.List`1[System.Diagnostics.Eventing.Reader.EventProperty]"
"Windows has resumed from standby: 
     Standby Duration		:	8352ms
     Standby Incident Time (UTC)	:	?2015?-?02?-?23T01:04:58.247699400Z
     Resume  Duration		:	1219ms
     Resume  Incident Time (UTC)	:	?2015?-?02?-?23T05:45:37.794850100Z
     IsDegradation			:	false","300","1",,"3","4003","36","-9223372036854710272","2132","Microsoft-Windows-Diagnostics-Performance","cfc18ec0-96b1-4eba-961b-622caee05b0a","Microsoft-Windows-Diagnostics-Performance/Operational","1412","3360","rjaf-PC4429","S-1-5-19","2/22/2015 9:45:54 PM","85f03364-489b-0002-a905-1490db4ed001",,"c:\users\mac_1\desktop\winevt\logs\microsoft-windows-diagnostics-performance%4operational.evtx","System.UInt32[]","System.Diagnostics.Eventing.Reader.EventBookmark","Warning","Standby Information","Standby Performance Monitoring","System.Collections.ObjectModel.ReadOnlyCollection`1[System.String]","System.Collections.Generic.List`1[System.Diagnostics.Eventing.Reader.EventProperty]"
"This driver caused a delay during standby while servicing a device:
     Driver File Name		:	\Driver\HdAudAddService
     Driver Friendly Name		:	High Definition Audio Function Driver
     Driver Version			:	6.1.7600.16385 (win7_rtm.090713-1255)
     Driver Total Time		:	26ms
     Driver Degradation Time	:	11ms
     Incident Time (UTC)		:	?2015?-?02?-?22T20:44:14.768016600Z
     Device Name			:	HDAUDIO\FUNC_01&VEN_10EC&DEV_0662&SUBSYS_8086204E&REV_1001\4&21abbdd3&0&0001
     Device Friendly Name		:	High Definition Audio Device
     Device Total Time		:	26ms
     Device Degradation Time	:	0ms","302","1",,"3","4003","35","-9223372036854710272","2131","Microsoft-Windows-Diagnostics-Performance","cfc18ec0-96b1-4eba-961b-622caee05b0a","Microsoft-Windows-Diagnostics-Performance/Operational","1412","3544","rjaf-PC4429","S-1-5-19","2/22/2015 5:00:20 PM","85f03364-489b-0002-a705-1490db4ed001",,"c:\users\mac_1\desktop\winevt\logs\microsoft-windows-diagnostics-performance%4operational.evtx","System.UInt32[]","System.Diagnostics.Eventing.Reader.EventBookmark","Warning","Standby Degradation","Standby Performance Monitoring","System.Collections.ObjectModel.ReadOnlyCollection`1[System.String]","System.Collections.Generic.List`1[System.Diagnostics.Eventing.Reader.EventProperty]"
"Windows has resumed from standby: 
     Standby Duration		:	9824ms
     Standby Incident Time (UTC)	:	?2015?-?02?-?22T20:44:14.768016600Z
     Resume  Duration		:	1254ms
     Resume  Incident Time (UTC)	:	?2015?-?02?-?23T01:00:05.385814600Z
     IsDegradation			:	false","300","1",,"3","4003","36","-9223372036854710272","2130","Microsoft-Windows-Diagnostics-Performance","cfc18ec0-96b1-4eba-961b-622caee05b0a","Microsoft-Windows-Diagnostics-Performance/Operational","1412","3544","rjaf-PC4429","S-1-5-19","2/22/2015 5:00:20 PM","85f03364-489b-0002-a705-1490db4ed001",,"c:\users\mac_1\desktop\winevt\logs\microsoft-windows-diagnostics-performance%4operational.evtx","System.UInt32[]","System.Diagnostics.Eventing.Reader.EventBookmark","Warning","Standby Information","Standby Performance Monitoring","System.Collections.ObjectModel.ReadOnlyCollection`1[System.String]","System.Collections.Generic.List`1[System.Diagnostics.Eventing.Reader.EventProperty]"
"Windows has started up: 
     Boot Duration		:	30884ms
     IsDegradation		:	false
     Incident Time (UTC)	:	?2015?-?02?-?22T20:10:11.578000100Z","100","2",,"3","4002","34","-9223372036854710272","2129","Microsoft-Windows-Diagnostics-Performance","cfc18ec0-96b1-4eba-961b-622caee05b0a","Microsoft-Windows-Diagnostics-Performance/Operational","1412","1524","rjaf-PC4429","S-1-5-19","2/22/2015 12:12:09 PM","85f03364-489b-0002-a405-1490db4ed001",,"c:\users\mac_1\desktop\winevt\logs\microsoft-windows-diagnostics-performance%4operational.evtx","System.UInt32[]","System.Diagnostics.Eventing.Reader.EventBookmark","Warning","Boot Information","Boot Performance Monitoring","System.Collections.ObjectModel.ReadOnlyCollection`1[System.String]","System.Collections.Generic.List`1[System.Diagnostics.Eventing.Reader.EventProperty]"
"Windows has resumed from standby: 
     Standby Duration		:	6634ms
     Standby Incident Time (UTC)	:	?2015?-?02?-?21T18:40:18.810227000Z
     Resume  Duration		:	1166ms
     Resume  Incident Time (UTC)	:	?2015?-?02?-?21T18:49:05.469061400Z
     IsDegradation			:	false","300","1",,"3","4003","36","-9223372036854710272","2128","Microsoft-Windows-Diagnostics-Performance","cfc18ec0-96b1-4eba-961b-622caee05b0a","Microsoft-Windows-Diagnostics-Performance/Operational","1408","796","rjaf-PC4429","S-1-5-19","2/21/2015 10:49:13 AM","85f03364-a89b-0002-a63a-dd38e04dd001",,"c:\users\mac_1\desktop\winevt\logs\microsoft-windows-diagnostics-performance%4operational.evtx","System.UInt32[]","System.Diagnostics.Eventing.Reader.EventBookmark","Warning","Standby Information","Standby Performance Monitoring","System.Collections.ObjectModel.ReadOnlyCollection`1[System.String]","System.Collections.Generic.List`1[System.Diagnostics.Eventing.Reader.EventProperty]"
"Windows has resumed from standby: 
     Standby Duration		:	10275ms
     Standby Incident Time (UTC)	:	?2015?-?02?-?21T15:14:04.706922100Z
     Resume  Duration		:	1219ms
     Resume  Incident Time (UTC)	:	?2015?-?02?-?21T17:40:55.601754800Z
     IsDegradation			:	false","300","1",,"3","4003","36","-9223372036854710272","2127","Microsoft-Windows-Diagnostics-Performance","cfc18ec0-96b1-4eba-961b-622caee05b0a","Microsoft-Windows-Diagnostics-Performance/Operational","1408","2044","rjaf-PC4429","S-1-5-19","2/21/2015 9:41:03 AM","85f03c9c-a89b-0003-a93a-dd38e04dd001",,"c:\users\mac_1\desktop\winevt\logs\microsoft-windows-diagnostics-performance%4operational.evtx","System.UInt32[]","System.Diagnostics.Eventing.Reader.EventBookmark","Warning","Standby Information","Standby Performance Monitoring","System.Collections.ObjectModel.ReadOnlyCollection`1[System.String]","System.Collections.Generic.List`1[System.Diagnostics.Eventing.Reader.EventProperty]"
"This startup service took longer than expected to startup, resulting in a performance degradation in the system start up process: 
     File Name		:	cscservice
     Friendly Name		:	CSC Service DLL
     Version		:	6.1.7600.16385 (win7_rtm.090713-1255)
     Total Time		:	2987ms
     Degradation Time	:	1376ms
     Incident Time (UTC)	:	?2015?-?02?-?21T14:11:01.578000100Z","103","1",,"3","4002","33","-9223372036854710272","2126","Microsoft-Windows-Diagnostics-Performance","cfc18ec0-96b1-4eba-961b-622caee05b0a","Microsoft-Windows-Diagnostics-Performance/Operational","1408","2348","rjaf-PC4429","S-1-5-19","2/21/2015 6:13:00 AM","85f03c9c-a89b-0003-a63a-dd38e04dd001",,"c:\users\mac_1\desktop\winevt\logs\microsoft-windows-diagnostics-performance%4operational.evtx","System.UInt32[]","System.Diagnostics.Eventing.Reader.EventBookmark","Warning","Boot Degradation","Boot Performance Monitoring","System.Collections.ObjectModel.ReadOnlyCollection`1[System.String]","System.Collections.Generic.List`1[System.Diagnostics.Eventing.Reader.EventProperty]"
"Windows has started up: 
     Boot Duration		:	31397ms
     IsDegradation		:	false
     Incident Time (UTC)	:	?2015?-?02?-?21T14:11:01.578000100Z","100","2",,"3","4002","34","-9223372036854710272","2125","Microsoft-Windows-Diagnostics-Performance","cfc18ec0-96b1-4eba-961b-622caee05b0a","Microsoft-Windows-Diagnostics-Performance/Operational","1408","2348","rjaf-PC4429","S-1-5-19","2/21/2015 6:13:00 AM","85f03c9c-a89b-0003-a63a-dd38e04dd001",,"c:\users\mac_1\desktop\winevt\logs\microsoft-windows-diagnostics-performance%4operational.evtx","System.UInt32[]","System.Diagnostics.Eventing.Reader.EventBookmark","Warning","Boot Information","Boot Performance Monitoring","System.Collections.ObjectModel.ReadOnlyCollection`1[System.String]","System.Collections.Generic.List`1[System.Diagnostics.Eventing.Reader.EventProperty]"
"Windows has resumed from standby: 
     Standby Duration		:	6781ms
     Standby Incident Time (UTC)	:	?2015?-?02?-?20T09:24:56.174635800Z
     Resume  Duration		:	1301ms
     Resume  Incident Time (UTC)	:	?2015?-?02?-?20T17:51:18.817849200Z
     IsDegradation			:	false","300","1",,"3","4003","36","-9223372036854710272","2124","Microsoft-Windows-Diagnostics-Performance","cfc18ec0-96b1-4eba-961b-622caee05b0a","Microsoft-Windows-Diagnostics-Performance/Operational","1400","3592","rjaf-PC4429","S-1-5-19","2/20/2015 9:51:35 AM","00000000-db28-0000-a727-8f65114cd001",,"c:\users\mac_1\desktop\winevt\logs\microsoft-windows-diagnostics-performance%4operational.evtx","System.UInt32[]","System.Diagnostics.Eventing.Reader.EventBookmark","Warning","Standby Information","Standby Performance Monitoring","System.Collections.ObjectModel.ReadOnlyCollection`1[System.String]","System.Collections.Generic.List`1[System.Diagnostics.Eventing.Reader.EventProperty]"
"Windows has resumed from standby: 
     Standby Duration		:	8504ms
     Standby Incident Time (UTC)	:	?2015?-?02?-?20T08:24:26.352310800Z
     Resume  Duration		:	1174ms
     Resume  Incident Time (UTC)	:	?2015?-?02?-?20T08:49:59.399515500Z
     IsDegradation			:	false","300","1",,"3","4003","36","-9223372036854710272","2123","Microsoft-Windows-Diagnostics-Performance","cfc18ec0-96b1-4eba-961b-622caee05b0a","Microsoft-Windows-Diagnostics-Performance/Operational","1400","688","rjaf-PC4429","S-1-5-19","2/20/2015 12:50:14 AM","85f1ca9c-589b-0001-af27-8f65114cd001",,"c:\users\mac_1\desktop\winevt\logs\microsoft-windows-diagnostics-performance%4operational.evtx","System.UInt32[]","System.Diagnostics.Eventing.Reader.EventBookmark","Warning","Standby Information","Standby Performance Monitoring","System.Collections.ObjectModel.ReadOnlyCollection`1[System.String]","System.Collections.Generic.List`1[System.Diagnostics.Eventing.Reader.EventProperty]"
"Windows has resumed from standby: 
     Standby Duration		:	7289ms
     Standby Incident Time (UTC)	:	?2015?-?02?-?20T01:02:43.290360400Z
     Resume  Duration		:	1316ms
     Resume  Incident Time (UTC)	:	?2015?-?02?-?20T07:14:43.606659300Z
     IsDegradation			:	false","300","1",,"3","4003","36","-9223372036854710272","2122","Microsoft-Windows-Diagnostics-Performance","cfc18ec0-96b1-4eba-961b-622caee05b0a","Microsoft-Windows-Diagnostics-Performance/Operational","1400","3900","rjaf-PC4429","S-1-5-19","2/19/2015 11:14:57 PM","85f1d364-589b-0002-ad27-8f65114cd001",,"c:\users\mac_1\desktop\winevt\logs\microsoft-windows-diagnostics-performance%4operational.evtx","System.UInt32[]","System.Diagnostics.Eventing.Reader.EventBookmark","Warning","Standby Information","Standby Performance Monitoring","System.Collections.ObjectModel.ReadOnlyCollection`1[System.String]","System.Collections.Generic.List`1[System.Diagnostics.Eventing.Reader.EventProperty]"
"Windows has resumed from standby: 
     Standby Duration		:	6293ms
     Standby Incident Time (UTC)	:	?2015?-?02?-?19T10:26:02.645515800Z
     Resume  Duration		:	1218ms
     Resume  Incident Time (UTC)	:	?2015?-?02?-?20T01:00:07.477956000Z
     IsDegradation			:	false","300","1",,"3","4003","36","-9223372036854710272","2121","Microsoft-Windows-Diagnostics-Performance","cfc18ec0-96b1-4eba-961b-622caee05b0a","Microsoft-Windows-Diagnostics-Performance/Operational","1400","2212","rjaf-PC4429","S-1-5-19","2/19/2015 5:00:19 PM","85f1d364-589b-0002-ac27-8f65114cd001",,"c:\users\mac_1\desktop\winevt\logs\microsoft-windows-diagnostics-performance%4operational.evtx","System.UInt32[]","System.Diagnostics.Eventing.Reader.EventBookmark","Warning","Standby Information","Standby Performance Monitoring","System.Collections.ObjectModel.ReadOnlyCollection`1[System.String]","System.Collections.Generic.List`1[System.Diagnostics.Eventing.Reader.EventProperty]"
"Windows has resumed from standby: 
     Standby Duration		:	13563ms
     Standby Incident Time (UTC)	:	?2015?-?02?-?19T07:54:33.254135400Z
     Resume  Duration		:	1171ms
     Resume  Incident Time (UTC)	:	?2015?-?02?-?19T09:45:00.887438700Z
     IsDegradation			:	false","300","1",,"3","4003","36","-9223372036854710272","2120","Microsoft-Windows-Diagnostics-Performance","cfc18ec0-96b1-4eba-961b-622caee05b0a","Microsoft-Windows-Diagnostics-Performance/Operational","1400","2284","rjaf-PC4429","S-1-5-19","2/19/2015 1:45:10 AM","85f1dc9c-589b-0003-ad27-8f65114cd001",,"c:\users\mac_1\desktop\winevt\logs\microsoft-windows-diagnostics-performance%4operational.evtx","System.UInt32[]","System.Diagnostics.Eventing.Reader.EventBookmark","Warning","Standby Information","Standby Performance Monitoring","System.Collections.ObjectModel.ReadOnlyCollection`1[System.String]","System.Collections.Generic.List`1[System.Diagnostics.Eventing.Reader.EventProperty]"
"Windows has started up: 
     Boot Duration		:	53242ms
     IsDegradation		:	false
     Incident Time (UTC)	:	?2015?-?02?-?19T06:57:59.578000100Z","100","2",,"2","4002","34","-9223372036854710272","2119","Microsoft-Windows-Diagnostics-Performance","cfc18ec0-96b1-4eba-961b-622caee05b0a","Microsoft-Windows-Diagnostics-Performance/Operational","1400","972","rjaf-PC4429","S-1-5-19","2/18/2015 10:59:52 PM","85f1dc9c-589b-0003-a427-8f65114cd001",,"c:\users\mac_1\desktop\winevt\logs\microsoft-windows-diagnostics-performance%4operational.evtx","System.UInt32[]","System.Diagnostics.Eventing.Reader.EventBookmark","Error","Boot Information","Boot Performance Monitoring","System.Collections.ObjectModel.ReadOnlyCollection`1[System.String]","System.Collections.Generic.List`1[System.Diagnostics.Eventing.Reader.EventProperty]"
"Windows has resumed from standby: 
     Standby Duration		:	7673ms
     Standby Incident Time (UTC)	:	?2015?-?02?-?18T11:19:52.700607500Z
     Resume  Duration		:	1194ms
     Resume  Incident Time (UTC)	:	?2015?-?02?-?18T13:29:35.292448300Z
     IsDegradation			:	false","300","1",,"3","4003","36","-9223372036854710272","2118","Microsoft-Windows-Diagnostics-Performance","cfc18ec0-96b1-4eba-961b-622caee05b0a","Microsoft-Windows-Diagnostics-Performance/Operational","1396","736","rjaf-PC4429","S-1-5-19","2/18/2015 5:29:50 AM","00000000-1b28-0000-286f-47adaa4ad001",,"c:\users\mac_1\desktop\winevt\logs\microsoft-windows-diagnostics-performance%4operational.evtx","System.UInt32[]","System.Diagnostics.Eventing.Reader.EventBookmark","Warning","Standby Information","Standby Performance Monitoring","System.Collections.ObjectModel.ReadOnlyCollection`1[System.String]","System.Collections.Generic.List`1[System.Diagnostics.Eventing.Reader.EventProperty]"
"Windows has resumed from standby: 
     Standby Duration		:	6838ms
     Standby Incident Time (UTC)	:	?2015?-?02?-?18T10:06:37.921276500Z
     Resume  Duration		:	1285ms
     Resume  Incident Time (UTC)	:	?2015?-?02?-?18T10:25:55.145681500Z
     IsDegradation			:	false","300","1",,"3","4003","36","-9223372036854710272","2117","Microsoft-Windows-Diagnostics-Performance","cfc18ec0-96b1-4eba-961b-622caee05b0a","Microsoft-Windows-Diagnostics-Performance/Operational","1396","3416","rjaf-PC4429","S-1-5-19","2/18/2015 2:26:09 AM","85f21c9c-989b-0003-2e6f-47adaa4ad001",,"c:\users\mac_1\desktop\winevt\logs\microsoft-windows-diagnostics-performance%4operational.evtx","System.UInt32[]","System.Diagnostics.Eventing.Reader.EventBookmark","Warning","Standby Information","Standby Performance Monitoring","System.Collections.ObjectModel.ReadOnlyCollection`1[System.String]","System.Collections.Generic.List`1[System.Diagnostics.Eventing.Reader.EventProperty]"
