"LPRemove terminating.","4001","0",,"4","35","2","4611686018427387904","80","Microsoft-Windows-LanguagePackSetup","7237fff9-a08a-4804-9c79-4a8704b70b87","Microsoft-Windows-LanguagePackSetup/Operational","3516","652","rjaf-PC4429","S-1-5-18","2/10/2014 10:21:28 PM",,,"c:\users\mac_1\desktop\winevt\logs\microsoft-windows-languagepacksetup%4operational.evtx","System.UInt32[]","System.Diagnostics.Eventing.Reader.EventBookmark","Information","Stop","Language Pack cleanup functionality","System.Collections.ObjectModel.ReadOnlyCollection`1[System.String]","System.Collections.Generic.List`1[System.Diagnostics.Eventing.Reader.EventProperty]"
"LPRemove launched.","4000","0",,"4","35","1","4611686018427387904","79","Microsoft-Windows-LanguagePackSetup","7237fff9-a08a-4804-9c79-4a8704b70b87","Microsoft-Windows-LanguagePackSetup/Operational","3516","652","rjaf-PC4429","S-1-5-18","2/10/2014 10:21:28 PM",,,"c:\users\mac_1\desktop\winevt\logs\microsoft-windows-languagepacksetup%4operational.evtx","System.UInt32[]","System.Diagnostics.Eventing.Reader.EventBookmark","Information","Start","Language Pack cleanup functionality","System.Collections.ObjectModel.ReadOnlyCollection`1[System.String]","System.Collections.Generic.List`1[System.Diagnostics.Eventing.Reader.EventProperty]"
"LPRemove terminating.","4001","0",,"4","35","2","4611686018427387904","78","Microsoft-Windows-LanguagePackSetup","7237fff9-a08a-4804-9c79-4a8704b70b87","Microsoft-Windows-LanguagePackSetup/Operational","2556","2156","rjaf-PC4429","S-1-5-18","2/5/2014 10:16:39 PM",,,"c:\users\mac_1\desktop\winevt\logs\microsoft-windows-languagepacksetup%4operational.evtx","System.UInt32[]","System.Diagnostics.Eventing.Reader.EventBookmark","Information","Stop","Language Pack cleanup functionality","System.Collections.ObjectModel.ReadOnlyCollection`1[System.String]","System.Collections.Generic.List`1[System.Diagnostics.Eventing.Reader.EventProperty]"
"LPRemove launched.","4000","0",,"4","35","1","4611686018427387904","77","Microsoft-Windows-LanguagePackSetup","7237fff9-a08a-4804-9c79-4a8704b70b87","Microsoft-Windows-LanguagePackSetup/Operational","2556","2156","rjaf-PC4429","S-1-5-18","2/5/2014 10:16:39 PM",,,"c:\users\mac_1\desktop\winevt\logs\microsoft-windows-languagepacksetup%4operational.evtx","System.UInt32[]","System.Diagnostics.Eventing.Reader.EventBookmark","Information","Start","Language Pack cleanup functionality","System.Collections.ObjectModel.ReadOnlyCollection`1[System.String]","System.Collections.Generic.List`1[System.Diagnostics.Eventing.Reader.EventProperty]"
"LPRemove terminating.","4001","0",,"4","35","2","4611686018427387904","76","Microsoft-Windows-LanguagePackSetup","7237fff9-a08a-4804-9c79-4a8704b70b87","Microsoft-Windows-LanguagePackSetup/Operational","4060","460","rjaf-PC4429","S-1-5-18","2/5/2014 1:41:54 AM",,,"c:\users\mac_1\desktop\winevt\logs\microsoft-windows-languagepacksetup%4operational.evtx","System.UInt32[]","System.Diagnostics.Eventing.Reader.EventBookmark","Information","Stop","Language Pack cleanup functionality","System.Collections.ObjectModel.ReadOnlyCollection`1[System.String]","System.Collections.Generic.List`1[System.Diagnostics.Eventing.Reader.EventProperty]"
"LPRemove launched.","4000","0",,"4","35","1","4611686018427387904","75","Microsoft-Windows-LanguagePackSetup","7237fff9-a08a-4804-9c79-4a8704b70b87","Microsoft-Windows-LanguagePackSetup/Operational","4060","460","rjaf-PC4429","S-1-5-18","2/5/2014 1:41:54 AM",,,"c:\users\mac_1\desktop\winevt\logs\microsoft-windows-languagepacksetup%4operational.evtx","System.UInt32[]","System.Diagnostics.Eventing.Reader.EventBookmark","Information","Start","Language Pack cleanup functionality","System.Collections.ObjectModel.ReadOnlyCollection`1[System.String]","System.Collections.Generic.List`1[System.Diagnostics.Eventing.Reader.EventProperty]"
"LPRemove terminating.","4001","0",,"4","35","2","4611686018427387904","74","Microsoft-Windows-LanguagePackSetup","7237fff9-a08a-4804-9c79-4a8704b70b87","Microsoft-Windows-LanguagePackSetup/Operational","1232","3488","rjaf-PC4429","S-1-5-18","2/2/2014 1:36:49 AM",,,"c:\users\mac_1\desktop\winevt\logs\microsoft-windows-languagepacksetup%4operational.evtx","System.UInt32[]","System.Diagnostics.Eventing.Reader.EventBookmark","Information","Stop","Language Pack cleanup functionality","System.Collections.ObjectModel.ReadOnlyCollection`1[System.String]","System.Collections.Generic.List`1[System.Diagnostics.Eventing.Reader.EventProperty]"
"LPRemove launched.","4000","0",,"4","35","1","4611686018427387904","73","Microsoft-Windows-LanguagePackSetup","7237fff9-a08a-4804-9c79-4a8704b70b87","Microsoft-Windows-LanguagePackSetup/Operational","1232","3488","rjaf-PC4429","S-1-5-18","2/2/2014 1:36:49 AM",,,"c:\users\mac_1\desktop\winevt\logs\microsoft-windows-languagepacksetup%4operational.evtx","System.UInt32[]","System.Diagnostics.Eventing.Reader.EventBookmark","Information","Start","Language Pack cleanup functionality","System.Collections.ObjectModel.ReadOnlyCollection`1[System.String]","System.Collections.Generic.List`1[System.Diagnostics.Eventing.Reader.EventProperty]"
"LPRemove terminating.","4001","0",,"4","35","2","4611686018427387904","72","Microsoft-Windows-LanguagePackSetup","7237fff9-a08a-4804-9c79-4a8704b70b87","Microsoft-Windows-LanguagePackSetup/Operational","2008","2868","rjaf-PC4429","S-1-5-18","1/31/2014 4:03:42 AM",,,"c:\users\mac_1\desktop\winevt\logs\microsoft-windows-languagepacksetup%4operational.evtx","System.UInt32[]","System.Diagnostics.Eventing.Reader.EventBookmark","Information","Stop","Language Pack cleanup functionality","System.Collections.ObjectModel.ReadOnlyCollection`1[System.String]","System.Collections.Generic.List`1[System.Diagnostics.Eventing.Reader.EventProperty]"
"LPRemove launched.","4000","0",,"4","35","1","4611686018427387904","71","Microsoft-Windows-LanguagePackSetup","7237fff9-a08a-4804-9c79-4a8704b70b87","Microsoft-Windows-LanguagePackSetup/Operational","2008","2868","rjaf-PC4429","S-1-5-18","1/31/2014 4:03:42 AM",,,"c:\users\mac_1\desktop\winevt\logs\microsoft-windows-languagepacksetup%4operational.evtx","System.UInt32[]","System.Diagnostics.Eventing.Reader.EventBookmark","Information","Start","Language Pack cleanup functionality","System.Collections.ObjectModel.ReadOnlyCollection`1[System.String]","System.Collections.Generic.List`1[System.Diagnostics.Eventing.Reader.EventProperty]"
"LPRemove terminating.","4001","0",,"4","35","2","4611686018427387904","70","Microsoft-Windows-LanguagePackSetup","7237fff9-a08a-4804-9c79-4a8704b70b87","Microsoft-Windows-LanguagePackSetup/Operational","2060","3608","rjaf-PC4429","S-1-5-18","1/30/2014 3:33:03 AM",,,"c:\users\mac_1\desktop\winevt\logs\microsoft-windows-languagepacksetup%4operational.evtx","System.UInt32[]","System.Diagnostics.Eventing.Reader.EventBookmark","Information","Stop","Language Pack cleanup functionality","System.Collections.ObjectModel.ReadOnlyCollection`1[System.String]","System.Collections.Generic.List`1[System.Diagnostics.Eventing.Reader.EventProperty]"
"LPRemove launched.","4000","0",,"4","35","1","4611686018427387904","69","Microsoft-Windows-LanguagePackSetup","7237fff9-a08a-4804-9c79-4a8704b70b87","Microsoft-Windows-LanguagePackSetup/Operational","2060","3608","rjaf-PC4429","S-1-5-18","1/30/2014 3:33:03 AM",,,"c:\users\mac_1\desktop\winevt\logs\microsoft-windows-languagepacksetup%4operational.evtx","System.UInt32[]","System.Diagnostics.Eventing.Reader.EventBookmark","Information","Start","Language Pack cleanup functionality","System.Collections.ObjectModel.ReadOnlyCollection`1[System.String]","System.Collections.Generic.List`1[System.Diagnostics.Eventing.Reader.EventProperty]"
"LPRemove terminating.","4001","0",,"4","35","2","4611686018427387904","68","Microsoft-Windows-LanguagePackSetup","7237fff9-a08a-4804-9c79-4a8704b70b87","Microsoft-Windows-LanguagePackSetup/Operational","2600","2572","rjaf-PC4429","S-1-5-18","1/27/2014 11:28:16 PM",,,"c:\users\mac_1\desktop\winevt\logs\microsoft-windows-languagepacksetup%4operational.evtx","System.UInt32[]","System.Diagnostics.Eventing.Reader.EventBookmark","Information","Stop","Language Pack cleanup functionality","System.Collections.ObjectModel.ReadOnlyCollection`1[System.String]","System.Collections.Generic.List`1[System.Diagnostics.Eventing.Reader.EventProperty]"
"LPRemove launched.","4000","0",,"4","35","1","4611686018427387904","67","Microsoft-Windows-LanguagePackSetup","7237fff9-a08a-4804-9c79-4a8704b70b87","Microsoft-Windows-LanguagePackSetup/Operational","2600","2572","rjaf-PC4429","S-1-5-18","1/27/2014 11:28:16 PM",,,"c:\users\mac_1\desktop\winevt\logs\microsoft-windows-languagepacksetup%4operational.evtx","System.UInt32[]","System.Diagnostics.Eventing.Reader.EventBookmark","Information","Start","Language Pack cleanup functionality","System.Collections.ObjectModel.ReadOnlyCollection`1[System.String]","System.Collections.Generic.List`1[System.Diagnostics.Eventing.Reader.EventProperty]"
"LPRemove terminating.","4001","0",,"4","35","2","4611686018427387904","66","Microsoft-Windows-LanguagePackSetup","7237fff9-a08a-4804-9c79-4a8704b70b87","Microsoft-Windows-LanguagePackSetup/Operational","1512","3552","rjaf-PC4429","S-1-5-18","1/26/2014 12:54:58 AM",,,"c:\users\mac_1\desktop\winevt\logs\microsoft-windows-languagepacksetup%4operational.evtx","System.UInt32[]","System.Diagnostics.Eventing.Reader.EventBookmark","Information","Stop","Language Pack cleanup functionality","System.Collections.ObjectModel.ReadOnlyCollection`1[System.String]","System.Collections.Generic.List`1[System.Diagnostics.Eventing.Reader.EventProperty]"
"LPRemove launched.","4000","0",,"4","35","1","4611686018427387904","65","Microsoft-Windows-LanguagePackSetup","7237fff9-a08a-4804-9c79-4a8704b70b87","Microsoft-Windows-LanguagePackSetup/Operational","1512","3552","rjaf-PC4429","S-1-5-18","1/26/2014 12:54:58 AM",,,"c:\users\mac_1\desktop\winevt\logs\microsoft-windows-languagepacksetup%4operational.evtx","System.UInt32[]","System.Diagnostics.Eventing.Reader.EventBookmark","Information","Start","Language Pack cleanup functionality","System.Collections.ObjectModel.ReadOnlyCollection`1[System.String]","System.Collections.Generic.List`1[System.Diagnostics.Eventing.Reader.EventProperty]"
"LPRemove terminating.","4001","0",,"4","35","2","4611686018427387904","64","Microsoft-Windows-LanguagePackSetup","7237fff9-a08a-4804-9c79-4a8704b70b87","Microsoft-Windows-LanguagePackSetup/Operational","3632","1828","rjaf-PC4429","S-1-5-18","1/24/2014 4:08:19 AM",,,"c:\users\mac_1\desktop\winevt\logs\microsoft-windows-languagepacksetup%4operational.evtx","System.UInt32[]","System.Diagnostics.Eventing.Reader.EventBookmark","Information","Stop","Language Pack cleanup functionality","System.Collections.ObjectModel.ReadOnlyCollection`1[System.String]","System.Collections.Generic.List`1[System.Diagnostics.Eventing.Reader.EventProperty]"
"LPRemove launched.","4000","0",,"4","35","1","4611686018427387904","63","Microsoft-Windows-LanguagePackSetup","7237fff9-a08a-4804-9c79-4a8704b70b87","Microsoft-Windows-LanguagePackSetup/Operational","3632","1828","rjaf-PC4429","S-1-5-18","1/24/2014 4:08:19 AM",,,"c:\users\mac_1\desktop\winevt\logs\microsoft-windows-languagepacksetup%4operational.evtx","System.UInt32[]","System.Diagnostics.Eventing.Reader.EventBookmark","Information","Start","Language Pack cleanup functionality","System.Collections.ObjectModel.ReadOnlyCollection`1[System.String]","System.Collections.Generic.List`1[System.Diagnostics.Eventing.Reader.EventProperty]"
"LPRemove terminating.","4001","0",,"4","35","2","4611686018427387904","62","Microsoft-Windows-LanguagePackSetup","7237fff9-a08a-4804-9c79-4a8704b70b87","Microsoft-Windows-LanguagePackSetup/Operational","3612","3664","rjaf-PC4429","S-1-5-18","1/22/2014 12:28:37 AM",,,"c:\users\mac_1\desktop\winevt\logs\microsoft-windows-languagepacksetup%4operational.evtx","System.UInt32[]","System.Diagnostics.Eventing.Reader.EventBookmark","Information","Stop","Language Pack cleanup functionality","System.Collections.ObjectModel.ReadOnlyCollection`1[System.String]","System.Collections.Generic.List`1[System.Diagnostics.Eventing.Reader.EventProperty]"
"LPRemove launched.","4000","0",,"4","35","1","4611686018427387904","61","Microsoft-Windows-LanguagePackSetup","7237fff9-a08a-4804-9c79-4a8704b70b87","Microsoft-Windows-LanguagePackSetup/Operational","3612","3664","rjaf-PC4429","S-1-5-18","1/22/2014 12:28:37 AM",,,"c:\users\mac_1\desktop\winevt\logs\microsoft-windows-languagepacksetup%4operational.evtx","System.UInt32[]","System.Diagnostics.Eventing.Reader.EventBookmark","Information","Start","Language Pack cleanup functionality","System.Collections.ObjectModel.ReadOnlyCollection`1[System.String]","System.Collections.Generic.List`1[System.Diagnostics.Eventing.Reader.EventProperty]"
"LPRemove terminating.","4001","0",,"4","35","2","4611686018427387904","60","Microsoft-Windows-LanguagePackSetup","7237fff9-a08a-4804-9c79-4a8704b70b87","Microsoft-Windows-LanguagePackSetup/Operational","2756","3992","rjaf-PC4429","S-1-5-18","1/20/2014 8:50:29 AM",,,"c:\users\mac_1\desktop\winevt\logs\microsoft-windows-languagepacksetup%4operational.evtx","System.UInt32[]","System.Diagnostics.Eventing.Reader.EventBookmark","Information","Stop","Language Pack cleanup functionality","System.Collections.ObjectModel.ReadOnlyCollection`1[System.String]","System.Collections.Generic.List`1[System.Diagnostics.Eventing.Reader.EventProperty]"
"LPRemove launched.","4000","0",,"4","35","1","4611686018427387904","59","Microsoft-Windows-LanguagePackSetup","7237fff9-a08a-4804-9c79-4a8704b70b87","Microsoft-Windows-LanguagePackSetup/Operational","2756","3992","rjaf-PC4429","S-1-5-18","1/20/2014 8:50:29 AM",,,"c:\users\mac_1\desktop\winevt\logs\microsoft-windows-languagepacksetup%4operational.evtx","System.UInt32[]","System.Diagnostics.Eventing.Reader.EventBookmark","Information","Start","Language Pack cleanup functionality","System.Collections.ObjectModel.ReadOnlyCollection`1[System.String]","System.Collections.Generic.List`1[System.Diagnostics.Eventing.Reader.EventProperty]"
"LPRemove terminating.","4001","0",,"4","35","2","4611686018427387904","58","Microsoft-Windows-LanguagePackSetup","7237fff9-a08a-4804-9c79-4a8704b70b87","Microsoft-Windows-LanguagePackSetup/Operational","2128","388","rjaf-PC4429","S-1-5-18","1/20/2014 2:10:17 AM",,,"c:\users\mac_1\desktop\winevt\logs\microsoft-windows-languagepacksetup%4operational.evtx","System.UInt32[]","System.Diagnostics.Eventing.Reader.EventBookmark","Information","Stop","Language Pack cleanup functionality","System.Collections.ObjectModel.ReadOnlyCollection`1[System.String]","System.Collections.Generic.List`1[System.Diagnostics.Eventing.Reader.EventProperty]"
"LPRemove launched.","4000","0",,"4","35","1","4611686018427387904","57","Microsoft-Windows-LanguagePackSetup","7237fff9-a08a-4804-9c79-4a8704b70b87","Microsoft-Windows-LanguagePackSetup/Operational","2128","388","rjaf-PC4429","S-1-5-18","1/20/2014 2:10:17 AM",,,"c:\users\mac_1\desktop\winevt\logs\microsoft-windows-languagepacksetup%4operational.evtx","System.UInt32[]","System.Diagnostics.Eventing.Reader.EventBookmark","Information","Start","Language Pack cleanup functionality","System.Collections.ObjectModel.ReadOnlyCollection`1[System.String]","System.Collections.Generic.List`1[System.Diagnostics.Eventing.Reader.EventProperty]"
"LPRemove terminating.","4001","0",,"4","35","2","4611686018427387904","56","Microsoft-Windows-LanguagePackSetup","7237fff9-a08a-4804-9c79-4a8704b70b87","Microsoft-Windows-LanguagePackSetup/Operational","3220","3288","rjaf-PC4429","S-1-5-18","1/18/2014 1:44:20 AM",,,"c:\users\mac_1\desktop\winevt\logs\microsoft-windows-languagepacksetup%4operational.evtx","System.UInt32[]","System.Diagnostics.Eventing.Reader.EventBookmark","Information","Stop","Language Pack cleanup functionality","System.Collections.ObjectModel.ReadOnlyCollection`1[System.String]","System.Collections.Generic.List`1[System.Diagnostics.Eventing.Reader.EventProperty]"
"LPRemove launched.","4000","0",,"4","35","1","4611686018427387904","55","Microsoft-Windows-LanguagePackSetup","7237fff9-a08a-4804-9c79-4a8704b70b87","Microsoft-Windows-LanguagePackSetup/Operational","3220","3288","rjaf-PC4429","S-1-5-18","1/18/2014 1:44:20 AM",,,"c:\users\mac_1\desktop\winevt\logs\microsoft-windows-languagepacksetup%4operational.evtx","System.UInt32[]","System.Diagnostics.Eventing.Reader.EventBookmark","Information","Start","Language Pack cleanup functionality","System.Collections.ObjectModel.ReadOnlyCollection`1[System.String]","System.Collections.Generic.List`1[System.Diagnostics.Eventing.Reader.EventProperty]"
"LPRemove terminating.","4001","0",,"4","35","2","4611686018427387904","54","Microsoft-Windows-LanguagePackSetup","7237fff9-a08a-4804-9c79-4a8704b70b87","Microsoft-Windows-LanguagePackSetup/Operational","696","2856","rjaf-PC4429","S-1-5-18","1/17/2014 9:42:55 AM",,,"c:\users\mac_1\desktop\winevt\logs\microsoft-windows-languagepacksetup%4operational.evtx","System.UInt32[]","System.Diagnostics.Eventing.Reader.EventBookmark","Information","Stop","Language Pack cleanup functionality","System.Collections.ObjectModel.ReadOnlyCollection`1[System.String]","System.Collections.Generic.List`1[System.Diagnostics.Eventing.Reader.EventProperty]"
"LPRemove launched.","4000","0",,"4","35","1","4611686018427387904","53","Microsoft-Windows-LanguagePackSetup","7237fff9-a08a-4804-9c79-4a8704b70b87","Microsoft-Windows-LanguagePackSetup/Operational","696","2856","rjaf-PC4429","S-1-5-18","1/17/2014 9:42:55 AM",,,"c:\users\mac_1\desktop\winevt\logs\microsoft-windows-languagepacksetup%4operational.evtx","System.UInt32[]","System.Diagnostics.Eventing.Reader.EventBookmark","Information","Start","Language Pack cleanup functionality","System.Collections.ObjectModel.ReadOnlyCollection`1[System.String]","System.Collections.Generic.List`1[System.Diagnostics.Eventing.Reader.EventProperty]"
"LPRemove terminating.","4001","0",,"4","35","2","4611686018427387904","52","Microsoft-Windows-LanguagePackSetup","7237fff9-a08a-4804-9c79-4a8704b70b87","Microsoft-Windows-LanguagePackSetup/Operational","3628","2980","rjaf-PC4429","S-1-5-18","1/16/2014 7:26:52 AM",,,"c:\users\mac_1\desktop\winevt\logs\microsoft-windows-languagepacksetup%4operational.evtx","System.UInt32[]","System.Diagnostics.Eventing.Reader.EventBookmark","Information","Stop","Language Pack cleanup functionality","System.Collections.ObjectModel.ReadOnlyCollection`1[System.String]","System.Collections.Generic.List`1[System.Diagnostics.Eventing.Reader.EventProperty]"
"LPRemove launched.","4000","0",,"4","35","1","4611686018427387904","51","Microsoft-Windows-LanguagePackSetup","7237fff9-a08a-4804-9c79-4a8704b70b87","Microsoft-Windows-LanguagePackSetup/Operational","3628","2980","rjaf-PC4429","S-1-5-18","1/16/2014 7:26:52 AM",,,"c:\users\mac_1\desktop\winevt\logs\microsoft-windows-languagepacksetup%4operational.evtx","System.UInt32[]","System.Diagnostics.Eventing.Reader.EventBookmark","Information","Start","Language Pack cleanup functionality","System.Collections.ObjectModel.ReadOnlyCollection`1[System.String]","System.Collections.Generic.List`1[System.Diagnostics.Eventing.Reader.EventProperty]"
"LPRemove terminating.","4001","0",,"4","35","2","4611686018427387904","50","Microsoft-Windows-LanguagePackSetup","7237fff9-a08a-4804-9c79-4a8704b70b87","Microsoft-Windows-LanguagePackSetup/Operational","2924","3748","rjaf-PC4429","S-1-5-18","1/15/2014 2:40:43 AM",,,"c:\users\mac_1\desktop\winevt\logs\microsoft-windows-languagepacksetup%4operational.evtx","System.UInt32[]","System.Diagnostics.Eventing.Reader.EventBookmark","Information","Stop","Language Pack cleanup functionality","System.Collections.ObjectModel.ReadOnlyCollection`1[System.String]","System.Collections.Generic.List`1[System.Diagnostics.Eventing.Reader.EventProperty]"
"LPRemove launched.","4000","0",,"4","35","1","4611686018427387904","49","Microsoft-Windows-LanguagePackSetup","7237fff9-a08a-4804-9c79-4a8704b70b87","Microsoft-Windows-LanguagePackSetup/Operational","2924","3748","rjaf-PC4429","S-1-5-18","1/15/2014 2:40:43 AM",,,"c:\users\mac_1\desktop\winevt\logs\microsoft-windows-languagepacksetup%4operational.evtx","System.UInt32[]","System.Diagnostics.Eventing.Reader.EventBookmark","Information","Start","Language Pack cleanup functionality","System.Collections.ObjectModel.ReadOnlyCollection`1[System.String]","System.Collections.Generic.List`1[System.Diagnostics.Eventing.Reader.EventProperty]"
"LPRemove terminating.","4001","0",,"4","35","2","4611686018427387904","48","Microsoft-Windows-LanguagePackSetup","7237fff9-a08a-4804-9c79-4a8704b70b87","Microsoft-Windows-LanguagePackSetup/Operational","4020","368","rjaf-PC4429","S-1-5-18","1/10/2014 6:21:51 AM",,,"c:\users\mac_1\desktop\winevt\logs\microsoft-windows-languagepacksetup%4operational.evtx","System.UInt32[]","System.Diagnostics.Eventing.Reader.EventBookmark","Information","Stop","Language Pack cleanup functionality","System.Collections.ObjectModel.ReadOnlyCollection`1[System.String]","System.Collections.Generic.List`1[System.Diagnostics.Eventing.Reader.EventProperty]"
"LPRemove launched.","4000","0",,"4","35","1","4611686018427387904","47","Microsoft-Windows-LanguagePackSetup","7237fff9-a08a-4804-9c79-4a8704b70b87","Microsoft-Windows-LanguagePackSetup/Operational","4020","368","rjaf-PC4429","S-1-5-18","1/10/2014 6:21:51 AM",,,"c:\users\mac_1\desktop\winevt\logs\microsoft-windows-languagepacksetup%4operational.evtx","System.UInt32[]","System.Diagnostics.Eventing.Reader.EventBookmark","Information","Start","Language Pack cleanup functionality","System.Collections.ObjectModel.ReadOnlyCollection`1[System.String]","System.Collections.Generic.List`1[System.Diagnostics.Eventing.Reader.EventProperty]"
"LPRemove terminating.","4001","0",,"4","35","2","4611686018427387904","46","Microsoft-Windows-LanguagePackSetup","7237fff9-a08a-4804-9c79-4a8704b70b87","Microsoft-Windows-LanguagePackSetup/Operational","1464","2332","rjaf-PC4429","S-1-5-18","1/9/2014 3:32:09 AM",,,"c:\users\mac_1\desktop\winevt\logs\microsoft-windows-languagepacksetup%4operational.evtx","System.UInt32[]","System.Diagnostics.Eventing.Reader.EventBookmark","Information","Stop","Language Pack cleanup functionality","System.Collections.ObjectModel.ReadOnlyCollection`1[System.String]","System.Collections.Generic.List`1[System.Diagnostics.Eventing.Reader.EventProperty]"
"LPRemove launched.","4000","0",,"4","35","1","4611686018427387904","45","Microsoft-Windows-LanguagePackSetup","7237fff9-a08a-4804-9c79-4a8704b70b87","Microsoft-Windows-LanguagePackSetup/Operational","1464","2332","rjaf-PC4429","S-1-5-18","1/9/2014 3:32:09 AM",,,"c:\users\mac_1\desktop\winevt\logs\microsoft-windows-languagepacksetup%4operational.evtx","System.UInt32[]","System.Diagnostics.Eventing.Reader.EventBookmark","Information","Start","Language Pack cleanup functionality","System.Collections.ObjectModel.ReadOnlyCollection`1[System.String]","System.Collections.Generic.List`1[System.Diagnostics.Eventing.Reader.EventProperty]"
"LPRemove terminating.","4001","0",,"4","35","2","4611686018427387904","44","Microsoft-Windows-LanguagePackSetup","7237fff9-a08a-4804-9c79-4a8704b70b87","Microsoft-Windows-LanguagePackSetup/Operational","3480","3868","rjaf-PC4429","S-1-5-18","1/9/2014 1:58:07 AM",,,"c:\users\mac_1\desktop\winevt\logs\microsoft-windows-languagepacksetup%4operational.evtx","System.UInt32[]","System.Diagnostics.Eventing.Reader.EventBookmark","Information","Stop","Language Pack cleanup functionality","System.Collections.ObjectModel.ReadOnlyCollection`1[System.String]","System.Collections.Generic.List`1[System.Diagnostics.Eventing.Reader.EventProperty]"
"LPRemove launched.","4000","0",,"4","35","1","4611686018427387904","43","Microsoft-Windows-LanguagePackSetup","7237fff9-a08a-4804-9c79-4a8704b70b87","Microsoft-Windows-LanguagePackSetup/Operational","3480","3868","rjaf-PC4429","S-1-5-18","1/9/2014 1:58:07 AM",,,"c:\users\mac_1\desktop\winevt\logs\microsoft-windows-languagepacksetup%4operational.evtx","System.UInt32[]","System.Diagnostics.Eventing.Reader.EventBookmark","Information","Start","Language Pack cleanup functionality","System.Collections.ObjectModel.ReadOnlyCollection`1[System.String]","System.Collections.Generic.List`1[System.Diagnostics.Eventing.Reader.EventProperty]"
"LPRemove terminating.","4001","0",,"4","35","2","4611686018427387904","42","Microsoft-Windows-LanguagePackSetup","7237fff9-a08a-4804-9c79-4a8704b70b87","Microsoft-Windows-LanguagePackSetup/Operational","4032","2280","rjaf-PC4429","S-1-5-18","1/8/2014 9:37:49 AM",,,"c:\users\mac_1\desktop\winevt\logs\microsoft-windows-languagepacksetup%4operational.evtx","System.UInt32[]","System.Diagnostics.Eventing.Reader.EventBookmark","Information","Stop","Language Pack cleanup functionality","System.Collections.ObjectModel.ReadOnlyCollection`1[System.String]","System.Collections.Generic.List`1[System.Diagnostics.Eventing.Reader.EventProperty]"
"LPRemove launched.","4000","0",,"4","35","1","4611686018427387904","41","Microsoft-Windows-LanguagePackSetup","7237fff9-a08a-4804-9c79-4a8704b70b87","Microsoft-Windows-LanguagePackSetup/Operational","4032","2280","rjaf-PC4429","S-1-5-18","1/8/2014 9:37:49 AM",,,"c:\users\mac_1\desktop\winevt\logs\microsoft-windows-languagepacksetup%4operational.evtx","System.UInt32[]","System.Diagnostics.Eventing.Reader.EventBookmark","Information","Start","Language Pack cleanup functionality","System.Collections.ObjectModel.ReadOnlyCollection`1[System.String]","System.Collections.Generic.List`1[System.Diagnostics.Eventing.Reader.EventProperty]"
"LPRemove terminating.","4001","0",,"4","35","2","4611686018427387904","40","Microsoft-Windows-LanguagePackSetup","7237fff9-a08a-4804-9c79-4a8704b70b87","Microsoft-Windows-LanguagePackSetup/Operational","3304","4020","rjaf-PC4429","S-1-5-18","1/8/2014 12:13:23 AM",,,"c:\users\mac_1\desktop\winevt\logs\microsoft-windows-languagepacksetup%4operational.evtx","System.UInt32[]","System.Diagnostics.Eventing.Reader.EventBookmark","Information","Stop","Language Pack cleanup functionality","System.Collections.ObjectModel.ReadOnlyCollection`1[System.String]","System.Collections.Generic.List`1[System.Diagnostics.Eventing.Reader.EventProperty]"
"LPRemove launched.","4000","0",,"4","35","1","4611686018427387904","39","Microsoft-Windows-LanguagePackSetup","7237fff9-a08a-4804-9c79-4a8704b70b87","Microsoft-Windows-LanguagePackSetup/Operational","3304","4020","rjaf-PC4429","S-1-5-18","1/8/2014 12:13:23 AM",,,"c:\users\mac_1\desktop\winevt\logs\microsoft-windows-languagepacksetup%4operational.evtx","System.UInt32[]","System.Diagnostics.Eventing.Reader.EventBookmark","Information","Start","Language Pack cleanup functionality","System.Collections.ObjectModel.ReadOnlyCollection`1[System.String]","System.Collections.Generic.List`1[System.Diagnostics.Eventing.Reader.EventProperty]"
"LPRemove terminating.","4001","0",,"4","35","2","4611686018427387904","38","Microsoft-Windows-LanguagePackSetup","7237fff9-a08a-4804-9c79-4a8704b70b87","Microsoft-Windows-LanguagePackSetup/Operational","2868","1988","rjaf-PC4429","S-1-5-18","1/7/2014 12:41:41 AM",,,"c:\users\mac_1\desktop\winevt\logs\microsoft-windows-languagepacksetup%4operational.evtx","System.UInt32[]","System.Diagnostics.Eventing.Reader.EventBookmark","Information","Stop","Language Pack cleanup functionality","System.Collections.ObjectModel.ReadOnlyCollection`1[System.String]","System.Collections.Generic.List`1[System.Diagnostics.Eventing.Reader.EventProperty]"
"LPRemove launched.","4000","0",,"4","35","1","4611686018427387904","37","Microsoft-Windows-LanguagePackSetup","7237fff9-a08a-4804-9c79-4a8704b70b87","Microsoft-Windows-LanguagePackSetup/Operational","2868","1988","rjaf-PC4429","S-1-5-18","1/7/2014 12:41:41 AM",,,"c:\users\mac_1\desktop\winevt\logs\microsoft-windows-languagepacksetup%4operational.evtx","System.UInt32[]","System.Diagnostics.Eventing.Reader.EventBookmark","Information","Start","Language Pack cleanup functionality","System.Collections.ObjectModel.ReadOnlyCollection`1[System.String]","System.Collections.Generic.List`1[System.Diagnostics.Eventing.Reader.EventProperty]"
"LPRemove terminating.","4001","0",,"4","35","2","4611686018427387904","36","Microsoft-Windows-LanguagePackSetup","7237fff9-a08a-4804-9c79-4a8704b70b87","Microsoft-Windows-LanguagePackSetup/Operational","3920","3532","rjaf-PC4429","S-1-5-18","1/5/2014 3:25:23 AM",,,"c:\users\mac_1\desktop\winevt\logs\microsoft-windows-languagepacksetup%4operational.evtx","System.UInt32[]","System.Diagnostics.Eventing.Reader.EventBookmark","Information","Stop","Language Pack cleanup functionality","System.Collections.ObjectModel.ReadOnlyCollection`1[System.String]","System.Collections.Generic.List`1[System.Diagnostics.Eventing.Reader.EventProperty]"
"LPRemove launched.","4000","0",,"4","35","1","4611686018427387904","35","Microsoft-Windows-LanguagePackSetup","7237fff9-a08a-4804-9c79-4a8704b70b87","Microsoft-Windows-LanguagePackSetup/Operational","3920","3532","rjaf-PC4429","S-1-5-18","1/5/2014 3:25:23 AM",,,"c:\users\mac_1\desktop\winevt\logs\microsoft-windows-languagepacksetup%4operational.evtx","System.UInt32[]","System.Diagnostics.Eventing.Reader.EventBookmark","Information","Start","Language Pack cleanup functionality","System.Collections.ObjectModel.ReadOnlyCollection`1[System.String]","System.Collections.Generic.List`1[System.Diagnostics.Eventing.Reader.EventProperty]"
"LPRemove terminating.","4001","0",,"4","35","2","4611686018427387904","34","Microsoft-Windows-LanguagePackSetup","7237fff9-a08a-4804-9c79-4a8704b70b87","Microsoft-Windows-LanguagePackSetup/Operational","2560","880","rjaf-PC4429","S-1-5-18","12/31/2013 2:30:26 AM",,,"c:\users\mac_1\desktop\winevt\logs\microsoft-windows-languagepacksetup%4operational.evtx","System.UInt32[]","System.Diagnostics.Eventing.Reader.EventBookmark","Information","Stop","Language Pack cleanup functionality","System.Collections.ObjectModel.ReadOnlyCollection`1[System.String]","System.Collections.Generic.List`1[System.Diagnostics.Eventing.Reader.EventProperty]"
"LPRemove launched.","4000","0",,"4","35","1","4611686018427387904","33","Microsoft-Windows-LanguagePackSetup","7237fff9-a08a-4804-9c79-4a8704b70b87","Microsoft-Windows-LanguagePackSetup/Operational","2560","880","rjaf-PC4429","S-1-5-18","12/31/2013 2:30:26 AM",,,"c:\users\mac_1\desktop\winevt\logs\microsoft-windows-languagepacksetup%4operational.evtx","System.UInt32[]","System.Diagnostics.Eventing.Reader.EventBookmark","Information","Start","Language Pack cleanup functionality","System.Collections.ObjectModel.ReadOnlyCollection`1[System.String]","System.Collections.Generic.List`1[System.Diagnostics.Eventing.Reader.EventProperty]"
"LPRemove terminating.","4001","0",,"4","35","2","4611686018427387904","32","Microsoft-Windows-LanguagePackSetup","7237fff9-a08a-4804-9c79-4a8704b70b87","Microsoft-Windows-LanguagePackSetup/Operational","3900","2428","rjaf-PC4429","S-1-5-18","12/30/2013 9:05:25 AM",,,"c:\users\mac_1\desktop\winevt\logs\microsoft-windows-languagepacksetup%4operational.evtx","System.UInt32[]","System.Diagnostics.Eventing.Reader.EventBookmark","Information","Stop","Language Pack cleanup functionality","System.Collections.ObjectModel.ReadOnlyCollection`1[System.String]","System.Collections.Generic.List`1[System.Diagnostics.Eventing.Reader.EventProperty]"
"LPRemove launched.","4000","0",,"4","35","1","4611686018427387904","31","Microsoft-Windows-LanguagePackSetup","7237fff9-a08a-4804-9c79-4a8704b70b87","Microsoft-Windows-LanguagePackSetup/Operational","3900","2428","rjaf-PC4429","S-1-5-18","12/30/2013 9:05:25 AM",,,"c:\users\mac_1\desktop\winevt\logs\microsoft-windows-languagepacksetup%4operational.evtx","System.UInt32[]","System.Diagnostics.Eventing.Reader.EventBookmark","Information","Start","Language Pack cleanup functionality","System.Collections.ObjectModel.ReadOnlyCollection`1[System.String]","System.Collections.Generic.List`1[System.Diagnostics.Eventing.Reader.EventProperty]"
"LPRemove terminating.","4001","0",,"4","35","2","4611686018427387904","30","Microsoft-Windows-LanguagePackSetup","7237fff9-a08a-4804-9c79-4a8704b70b87","Microsoft-Windows-LanguagePackSetup/Operational","3700","2364","rjaf-PC4429","S-1-5-18","12/29/2013 5:01:10 AM",,,"c:\users\mac_1\desktop\winevt\logs\microsoft-windows-languagepacksetup%4operational.evtx","System.UInt32[]","System.Diagnostics.Eventing.Reader.EventBookmark","Information","Stop","Language Pack cleanup functionality","System.Collections.ObjectModel.ReadOnlyCollection`1[System.String]","System.Collections.Generic.List`1[System.Diagnostics.Eventing.Reader.EventProperty]"
"LPRemove launched.","4000","0",,"4","35","1","4611686018427387904","29","Microsoft-Windows-LanguagePackSetup","7237fff9-a08a-4804-9c79-4a8704b70b87","Microsoft-Windows-LanguagePackSetup/Operational","3700","2364","rjaf-PC4429","S-1-5-18","12/29/2013 5:01:10 AM",,,"c:\users\mac_1\desktop\winevt\logs\microsoft-windows-languagepacksetup%4operational.evtx","System.UInt32[]","System.Diagnostics.Eventing.Reader.EventBookmark","Information","Start","Language Pack cleanup functionality","System.Collections.ObjectModel.ReadOnlyCollection`1[System.String]","System.Collections.Generic.List`1[System.Diagnostics.Eventing.Reader.EventProperty]"
"LPRemove terminating.","4001","0",,"4","35","2","4611686018427387904","28","Microsoft-Windows-LanguagePackSetup","7237fff9-a08a-4804-9c79-4a8704b70b87","Microsoft-Windows-LanguagePackSetup/Operational","1176","2360","rjaf-PC4429","S-1-5-18","12/24/2013 11:17:35 PM",,,"c:\users\mac_1\desktop\winevt\logs\microsoft-windows-languagepacksetup%4operational.evtx","System.UInt32[]","System.Diagnostics.Eventing.Reader.EventBookmark","Information","Stop","Language Pack cleanup functionality","System.Collections.ObjectModel.ReadOnlyCollection`1[System.String]","System.Collections.Generic.List`1[System.Diagnostics.Eventing.Reader.EventProperty]"
"LPRemove launched.","4000","0",,"4","35","1","4611686018427387904","27","Microsoft-Windows-LanguagePackSetup","7237fff9-a08a-4804-9c79-4a8704b70b87","Microsoft-Windows-LanguagePackSetup/Operational","1176","2360","rjaf-PC4429","S-1-5-18","12/24/2013 11:17:35 PM",,,"c:\users\mac_1\desktop\winevt\logs\microsoft-windows-languagepacksetup%4operational.evtx","System.UInt32[]","System.Diagnostics.Eventing.Reader.EventBookmark","Information","Start","Language Pack cleanup functionality","System.Collections.ObjectModel.ReadOnlyCollection`1[System.String]","System.Collections.Generic.List`1[System.Diagnostics.Eventing.Reader.EventProperty]"
"LPRemove terminating.","4001","0",,"4","35","2","4611686018427387904","26","Microsoft-Windows-LanguagePackSetup","7237fff9-a08a-4804-9c79-4a8704b70b87","Microsoft-Windows-LanguagePackSetup/Operational","3868","984","rjaf-PC4429","S-1-5-18","12/22/2013 8:14:19 AM",,,"c:\users\mac_1\desktop\winevt\logs\microsoft-windows-languagepacksetup%4operational.evtx","System.UInt32[]","System.Diagnostics.Eventing.Reader.EventBookmark","Information","Stop","Language Pack cleanup functionality","System.Collections.ObjectModel.ReadOnlyCollection`1[System.String]","System.Collections.Generic.List`1[System.Diagnostics.Eventing.Reader.EventProperty]"
"LPRemove launched.","4000","0",,"4","35","1","4611686018427387904","25","Microsoft-Windows-LanguagePackSetup","7237fff9-a08a-4804-9c79-4a8704b70b87","Microsoft-Windows-LanguagePackSetup/Operational","3868","984","rjaf-PC4429","S-1-5-18","12/22/2013 8:14:19 AM",,,"c:\users\mac_1\desktop\winevt\logs\microsoft-windows-languagepacksetup%4operational.evtx","System.UInt32[]","System.Diagnostics.Eventing.Reader.EventBookmark","Information","Start","Language Pack cleanup functionality","System.Collections.ObjectModel.ReadOnlyCollection`1[System.String]","System.Collections.Generic.List`1[System.Diagnostics.Eventing.Reader.EventProperty]"
"LPRemove terminating.","4001","0",,"4","35","2","4611686018427387904","24","Microsoft-Windows-LanguagePackSetup","7237fff9-a08a-4804-9c79-4a8704b70b87","Microsoft-Windows-LanguagePackSetup/Operational","4020","1040","rjaf-PC4429","S-1-5-18","12/21/2013 2:07:05 PM",,,"c:\users\mac_1\desktop\winevt\logs\microsoft-windows-languagepacksetup%4operational.evtx","System.UInt32[]","System.Diagnostics.Eventing.Reader.EventBookmark","Information","Stop","Language Pack cleanup functionality","System.Collections.ObjectModel.ReadOnlyCollection`1[System.String]","System.Collections.Generic.List`1[System.Diagnostics.Eventing.Reader.EventProperty]"
"LPRemove launched.","4000","0",,"4","35","1","4611686018427387904","23","Microsoft-Windows-LanguagePackSetup","7237fff9-a08a-4804-9c79-4a8704b70b87","Microsoft-Windows-LanguagePackSetup/Operational","4020","1040","rjaf-PC4429","S-1-5-18","12/21/2013 2:07:05 PM",,,"c:\users\mac_1\desktop\winevt\logs\microsoft-windows-languagepacksetup%4operational.evtx","System.UInt32[]","System.Diagnostics.Eventing.Reader.EventBookmark","Information","Start","Language Pack cleanup functionality","System.Collections.ObjectModel.ReadOnlyCollection`1[System.String]","System.Collections.Generic.List`1[System.Diagnostics.Eventing.Reader.EventProperty]"
"LPRemove terminating.","4001","0",,"4","35","2","4611686018427387904","22","Microsoft-Windows-LanguagePackSetup","7237fff9-a08a-4804-9c79-4a8704b70b87","Microsoft-Windows-LanguagePackSetup/Operational","844","3568","rjaf-PC4429","S-1-5-18","12/19/2013 10:34:58 AM",,,"c:\users\mac_1\desktop\winevt\logs\microsoft-windows-languagepacksetup%4operational.evtx","System.UInt32[]","System.Diagnostics.Eventing.Reader.EventBookmark","Information","Stop","Language Pack cleanup functionality","System.Collections.ObjectModel.ReadOnlyCollection`1[System.String]","System.Collections.Generic.List`1[System.Diagnostics.Eventing.Reader.EventProperty]"
"LPRemove launched.","4000","0",,"4","35","1","4611686018427387904","21","Microsoft-Windows-LanguagePackSetup","7237fff9-a08a-4804-9c79-4a8704b70b87","Microsoft-Windows-LanguagePackSetup/Operational","844","3568","rjaf-PC4429","S-1-5-18","12/19/2013 10:34:58 AM",,,"c:\users\mac_1\desktop\winevt\logs\microsoft-windows-languagepacksetup%4operational.evtx","System.UInt32[]","System.Diagnostics.Eventing.Reader.EventBookmark","Information","Start","Language Pack cleanup functionality","System.Collections.ObjectModel.ReadOnlyCollection`1[System.String]","System.Collections.Generic.List`1[System.Diagnostics.Eventing.Reader.EventProperty]"
"LPRemove terminating.","4001","0",,"4","35","2","4611686018427387904","20","Microsoft-Windows-LanguagePackSetup","7237fff9-a08a-4804-9c79-4a8704b70b87","Microsoft-Windows-LanguagePackSetup/Operational","3024","1176","rjaf-PC4429","S-1-5-18","12/18/2013 4:33:53 PM",,,"c:\users\mac_1\desktop\winevt\logs\microsoft-windows-languagepacksetup%4operational.evtx","System.UInt32[]","System.Diagnostics.Eventing.Reader.EventBookmark","Information","Stop","Language Pack cleanup functionality","System.Collections.ObjectModel.ReadOnlyCollection`1[System.String]","System.Collections.Generic.List`1[System.Diagnostics.Eventing.Reader.EventProperty]"
"LPRemove launched.","4000","0",,"4","35","1","4611686018427387904","19","Microsoft-Windows-LanguagePackSetup","7237fff9-a08a-4804-9c79-4a8704b70b87","Microsoft-Windows-LanguagePackSetup/Operational","3024","1176","rjaf-PC4429","S-1-5-18","12/18/2013 4:33:53 PM",,,"c:\users\mac_1\desktop\winevt\logs\microsoft-windows-languagepacksetup%4operational.evtx","System.UInt32[]","System.Diagnostics.Eventing.Reader.EventBookmark","Information","Start","Language Pack cleanup functionality","System.Collections.ObjectModel.ReadOnlyCollection`1[System.String]","System.Collections.Generic.List`1[System.Diagnostics.Eventing.Reader.EventProperty]"
"LPRemove terminating.","4001","0",,"4","35","2","4611686018427387904","18","Microsoft-Windows-LanguagePackSetup","7237fff9-a08a-4804-9c79-4a8704b70b87","Microsoft-Windows-LanguagePackSetup/Operational","496","3632","rjaf-PC4429","S-1-5-18","12/18/2013 9:02:44 AM",,,"c:\users\mac_1\desktop\winevt\logs\microsoft-windows-languagepacksetup%4operational.evtx","System.UInt32[]","System.Diagnostics.Eventing.Reader.EventBookmark","Information","Stop","Language Pack cleanup functionality","System.Collections.ObjectModel.ReadOnlyCollection`1[System.String]","System.Collections.Generic.List`1[System.Diagnostics.Eventing.Reader.EventProperty]"
"LPRemove launched.","4000","0",,"4","35","1","4611686018427387904","17","Microsoft-Windows-LanguagePackSetup","7237fff9-a08a-4804-9c79-4a8704b70b87","Microsoft-Windows-LanguagePackSetup/Operational","496","3632","rjaf-PC4429","S-1-5-18","12/18/2013 9:02:44 AM",,,"c:\users\mac_1\desktop\winevt\logs\microsoft-windows-languagepacksetup%4operational.evtx","System.UInt32[]","System.Diagnostics.Eventing.Reader.EventBookmark","Information","Start","Language Pack cleanup functionality","System.Collections.ObjectModel.ReadOnlyCollection`1[System.String]","System.Collections.Generic.List`1[System.Diagnostics.Eventing.Reader.EventProperty]"
"LPRemove terminating.","4001","0",,"4","35","2","4611686018427387904","16","Microsoft-Windows-LanguagePackSetup","7237fff9-a08a-4804-9c79-4a8704b70b87","Microsoft-Windows-LanguagePackSetup/Operational","380","3000","rjaf-PC4429","S-1-5-18","12/17/2013 1:03:33 PM",,,"c:\users\mac_1\desktop\winevt\logs\microsoft-windows-languagepacksetup%4operational.evtx","System.UInt32[]","System.Diagnostics.Eventing.Reader.EventBookmark","Information","Stop","Language Pack cleanup functionality","System.Collections.ObjectModel.ReadOnlyCollection`1[System.String]","System.Collections.Generic.List`1[System.Diagnostics.Eventing.Reader.EventProperty]"
"LPRemove launched.","4000","0",,"4","35","1","4611686018427387904","15","Microsoft-Windows-LanguagePackSetup","7237fff9-a08a-4804-9c79-4a8704b70b87","Microsoft-Windows-LanguagePackSetup/Operational","380","3000","rjaf-PC4429","S-1-5-18","12/17/2013 1:03:33 PM",,,"c:\users\mac_1\desktop\winevt\logs\microsoft-windows-languagepacksetup%4operational.evtx","System.UInt32[]","System.Diagnostics.Eventing.Reader.EventBookmark","Information","Start","Language Pack cleanup functionality","System.Collections.ObjectModel.ReadOnlyCollection`1[System.String]","System.Collections.Generic.List`1[System.Diagnostics.Eventing.Reader.EventProperty]"
"LPRemove terminating.","4001","0",,"4","35","2","4611686018427387904","14","Microsoft-Windows-LanguagePackSetup","7237fff9-a08a-4804-9c79-4a8704b70b87","Microsoft-Windows-LanguagePackSetup/Operational","2072","696","rjaf-PC4429","S-1-5-18","12/16/2013 11:04:33 AM",,,"c:\users\mac_1\desktop\winevt\logs\microsoft-windows-languagepacksetup%4operational.evtx","System.UInt32[]","System.Diagnostics.Eventing.Reader.EventBookmark","Information","Stop","Language Pack cleanup functionality","System.Collections.ObjectModel.ReadOnlyCollection`1[System.String]","System.Collections.Generic.List`1[System.Diagnostics.Eventing.Reader.EventProperty]"
"LPRemove launched.","4000","0",,"4","35","1","4611686018427387904","13","Microsoft-Windows-LanguagePackSetup","7237fff9-a08a-4804-9c79-4a8704b70b87","Microsoft-Windows-LanguagePackSetup/Operational","2072","696","rjaf-PC4429","S-1-5-18","12/16/2013 11:04:33 AM",,,"c:\users\mac_1\desktop\winevt\logs\microsoft-windows-languagepacksetup%4operational.evtx","System.UInt32[]","System.Diagnostics.Eventing.Reader.EventBookmark","Information","Start","Language Pack cleanup functionality","System.Collections.ObjectModel.ReadOnlyCollection`1[System.String]","System.Collections.Generic.List`1[System.Diagnostics.Eventing.Reader.EventProperty]"
"LPRemove terminating.","4001","0",,"4","35","2","4611686018427387904","12","Microsoft-Windows-LanguagePackSetup","7237fff9-a08a-4804-9c79-4a8704b70b87","Microsoft-Windows-LanguagePackSetup/Operational","2336","2972","rjaf-PC4429","S-1-5-18","12/16/2013 2:33:17 AM",,,"c:\users\mac_1\desktop\winevt\logs\microsoft-windows-languagepacksetup%4operational.evtx","System.UInt32[]","System.Diagnostics.Eventing.Reader.EventBookmark","Information","Stop","Language Pack cleanup functionality","System.Collections.ObjectModel.ReadOnlyCollection`1[System.String]","System.Collections.Generic.List`1[System.Diagnostics.Eventing.Reader.EventProperty]"
"LPRemove launched.","4000","0",,"4","35","1","4611686018427387904","11","Microsoft-Windows-LanguagePackSetup","7237fff9-a08a-4804-9c79-4a8704b70b87","Microsoft-Windows-LanguagePackSetup/Operational","2336","2972","rjaf-PC4429","S-1-5-18","12/16/2013 2:33:17 AM",,,"c:\users\mac_1\desktop\winevt\logs\microsoft-windows-languagepacksetup%4operational.evtx","System.UInt32[]","System.Diagnostics.Eventing.Reader.EventBookmark","Information","Start","Language Pack cleanup functionality","System.Collections.ObjectModel.ReadOnlyCollection`1[System.String]","System.Collections.Generic.List`1[System.Diagnostics.Eventing.Reader.EventProperty]"
"LPRemove terminating.","4001","0",,"4","35","2","4611686018427387904","10","Microsoft-Windows-LanguagePackSetup","7237fff9-a08a-4804-9c79-4a8704b70b87","Microsoft-Windows-LanguagePackSetup/Operational","1540","2224","rjaf-PC4429","S-1-5-18","12/14/2013 5:00:26 AM",,,"c:\users\mac_1\desktop\winevt\logs\microsoft-windows-languagepacksetup%4operational.evtx","System.UInt32[]","System.Diagnostics.Eventing.Reader.EventBookmark","Information","Stop","Language Pack cleanup functionality","System.Collections.ObjectModel.ReadOnlyCollection`1[System.String]","System.Collections.Generic.List`1[System.Diagnostics.Eventing.Reader.EventProperty]"
"LPRemove launched.","4000","0",,"4","35","1","4611686018427387904","9","Microsoft-Windows-LanguagePackSetup","7237fff9-a08a-4804-9c79-4a8704b70b87","Microsoft-Windows-LanguagePackSetup/Operational","1540","2224","rjaf-PC4429","S-1-5-18","12/14/2013 5:00:26 AM",,,"c:\users\mac_1\desktop\winevt\logs\microsoft-windows-languagepacksetup%4operational.evtx","System.UInt32[]","System.Diagnostics.Eventing.Reader.EventBookmark","Information","Start","Language Pack cleanup functionality","System.Collections.ObjectModel.ReadOnlyCollection`1[System.String]","System.Collections.Generic.List`1[System.Diagnostics.Eventing.Reader.EventProperty]"
"LPRemove terminating.","4001","0",,"4","35","2","4611686018427387904","8","Microsoft-Windows-LanguagePackSetup","7237fff9-a08a-4804-9c79-4a8704b70b87","Microsoft-Windows-LanguagePackSetup/Operational","3832","3000","rjaf-PC4429","S-1-5-18","12/13/2013 7:56:50 AM",,,"c:\users\mac_1\desktop\winevt\logs\microsoft-windows-languagepacksetup%4operational.evtx","System.UInt32[]","System.Diagnostics.Eventing.Reader.EventBookmark","Information","Stop","Language Pack cleanup functionality","System.Collections.ObjectModel.ReadOnlyCollection`1[System.String]","System.Collections.Generic.List`1[System.Diagnostics.Eventing.Reader.EventProperty]"
"LPRemove launched.","4000","0",,"4","35","1","4611686018427387904","7","Microsoft-Windows-LanguagePackSetup","7237fff9-a08a-4804-9c79-4a8704b70b87","Microsoft-Windows-LanguagePackSetup/Operational","3832","3000","rjaf-PC4429","S-1-5-18","12/13/2013 7:56:50 AM",,,"c:\users\mac_1\desktop\winevt\logs\microsoft-windows-languagepacksetup%4operational.evtx","System.UInt32[]","System.Diagnostics.Eventing.Reader.EventBookmark","Information","Start","Language Pack cleanup functionality","System.Collections.ObjectModel.ReadOnlyCollection`1[System.String]","System.Collections.Generic.List`1[System.Diagnostics.Eventing.Reader.EventProperty]"
"LPRemove terminating.","4001","0",,"4","35","2","4611686018427387904","6","Microsoft-Windows-LanguagePackSetup","7237fff9-a08a-4804-9c79-4a8704b70b87","Microsoft-Windows-LanguagePackSetup/Operational","1516","2008","rjaf-PC4429","S-1-5-18","12/12/2013 7:51:56 AM",,,"c:\users\mac_1\desktop\winevt\logs\microsoft-windows-languagepacksetup%4operational.evtx","System.UInt32[]","System.Diagnostics.Eventing.Reader.EventBookmark","Information","Stop","Language Pack cleanup functionality","System.Collections.ObjectModel.ReadOnlyCollection`1[System.String]","System.Collections.Generic.List`1[System.Diagnostics.Eventing.Reader.EventProperty]"
"LPRemove launched.","4000","0",,"4","35","1","4611686018427387904","5","Microsoft-Windows-LanguagePackSetup","7237fff9-a08a-4804-9c79-4a8704b70b87","Microsoft-Windows-LanguagePackSetup/Operational","1516","2008","rjaf-PC4429","S-1-5-18","12/12/2013 7:51:56 AM",,,"c:\users\mac_1\desktop\winevt\logs\microsoft-windows-languagepacksetup%4operational.evtx","System.UInt32[]","System.Diagnostics.Eventing.Reader.EventBookmark","Information","Start","Language Pack cleanup functionality","System.Collections.ObjectModel.ReadOnlyCollection`1[System.String]","System.Collections.Generic.List`1[System.Diagnostics.Eventing.Reader.EventProperty]"
"LPRemove terminating.","4001","0",,"4","35","2","4611686018427387904","4","Microsoft-Windows-LanguagePackSetup","7237fff9-a08a-4804-9c79-4a8704b70b87","Microsoft-Windows-LanguagePackSetup/Operational","2820","3240","rjaf-PC4429","S-1-5-18","12/11/2013 12:13:38 AM",,,"c:\users\mac_1\desktop\winevt\logs\microsoft-windows-languagepacksetup%4operational.evtx","System.UInt32[]","System.Diagnostics.Eventing.Reader.EventBookmark","Information","Stop","Language Pack cleanup functionality","System.Collections.ObjectModel.ReadOnlyCollection`1[System.String]","System.Collections.Generic.List`1[System.Diagnostics.Eventing.Reader.EventProperty]"
