     Boot Prefetch Time (us): 32496710
     Boot Prefetch Bytes: 293613568
     Boot Prefetch Read Count: 7007
","1015","1",,"4","1016","0","-9223372036854767616","1202","Microsoft-Windows-ReadyBoost","e6307a09-292c-497e-aad6-498f68e2b619","Microsoft-Windows-ReadyBoost/Operational","932","3784","rjaf-PC4429","S-1-5-18","4/24/2015 11:43:42 PM",,,"c:\users\mac_1\desktop\winevt\logs\microsoft-windows-readyboost%4operational.evtx","System.UInt32[]","System.Diagnostics.Eventing.Reader.EventBookmark","Information","Info",,"System.Collections.ObjectModel.ReadOnlyCollection`1[System.String]","System.Collections.Generic.List`1[System.Diagnostics.Eventing.Reader.EventProperty]"
"Boot plan calculation completed in 1482 ms.
     Boot Plan Timestamp: ?2015?-?04?-?23T10:41:16.043412500Z
     Reason: Disk defragmentation
     Result: 0x0","1016","1",,"4","1016","0","-9223372036854767616","1201","Microsoft-Windows-ReadyBoost","e6307a09-292c-497e-aad6-498f68e2b619","Microsoft-Windows-ReadyBoost/Operational","936","2984","rjaf-PC4429","S-1-5-18","4/23/2015 12:41:17 AM",,,"c:\users\mac_1\desktop\winevt\logs\microsoft-windows-readyboost%4operational.evtx","System.UInt32[]","System.Diagnostics.Eventing.Reader.EventBookmark","Information","Info",,"System.Collections.ObjectModel.ReadOnlyCollection`1[System.String]","System.Collections.Generic.List`1[System.Diagnostics.Eventing.Reader.EventProperty]"
"Boot plan calculation completed in 1420 ms.
     Boot Plan Timestamp: ?2015?-?04?-?23T10:19:59.025169500Z
     Reason: Disk defragmentation
     Result: 0x0","1016","1",,"4","1016","0","-9223372036854767616","1200","Microsoft-Windows-ReadyBoost","e6307a09-292c-497e-aad6-498f68e2b619","Microsoft-Windows-ReadyBoost/Operational","936","4004","rjaf-PC4429","S-1-5-18","4/23/2015 12:20:00 AM",,,"c:\users\mac_1\desktop\winevt\logs\microsoft-windows-readyboost%4operational.evtx","System.UInt32[]","System.Diagnostics.Eventing.Reader.EventBookmark","Information","Info",,"System.Collections.ObjectModel.ReadOnlyCollection`1[System.String]","System.Collections.Generic.List`1[System.Diagnostics.Eventing.Reader.EventProperty]"
"Boot plan calculation completed in 5943 ms.
     Boot Plan Timestamp: ?2015?-?04?-?23T09:52:14.598914300Z
     Reason: System boot completion
     Result: 0x0","1016","1",,"4","1016","0","-9223372036854767616","1199","Microsoft-Windows-ReadyBoost","e6307a09-292c-497e-aad6-498f68e2b619","Microsoft-Windows-ReadyBoost/Operational","936","1868","rjaf-PC4429","S-1-5-18","4/22/2015 11:52:20 PM",,,"c:\users\mac_1\desktop\winevt\logs\microsoft-windows-readyboost%4operational.evtx","System.UInt32[]","System.Diagnostics.Eventing.Reader.EventBookmark","Information","Info",,"System.Collections.ObjectModel.ReadOnlyCollection`1[System.String]","System.Collections.Generic.List`1[System.Diagnostics.Eventing.Reader.EventProperty]"
"Summary of ReadyBoot Performance:
     Io Read Count: 14119
     Io Read Bytes: 396179456
     Cache Hit Count: 12735
     Cache Hit Bytes: 262770176
     Cache Hit Percentage: 0.901976060627523
     Boot Prefetch Time (us): 31187348
     Boot Prefetch Bytes: 295727104
     Boot Prefetch Read Count: 7124
","1015","1",,"4","1016","0","-9223372036854767616","1198","Microsoft-Windows-ReadyBoost","e6307a09-292c-497e-aad6-498f68e2b619","Microsoft-Windows-ReadyBoost/Operational","936","1868","rjaf-PC4429","S-1-5-18","4/22/2015 11:52:19 PM",,,"c:\users\mac_1\desktop\winevt\logs\microsoft-windows-readyboost%4operational.evtx","System.UInt32[]","System.Diagnostics.Eventing.Reader.EventBookmark","Information","Info",,"System.Collections.ObjectModel.ReadOnlyCollection`1[System.String]","System.Collections.Generic.List`1[System.Diagnostics.Eventing.Reader.EventProperty]"
"Boot plan calculation completed in 952 ms.
     Boot Plan Timestamp: ?2015?-?04?-?22T22:52:42.033256100Z
     Reason: Disk defragmentation
     Result: 0x0","1016","1",,"4","1016","0","-9223372036854767616","1197","Microsoft-Windows-ReadyBoost","e6307a09-292c-497e-aad6-498f68e2b619","Microsoft-Windows-ReadyBoost/Operational","924","828","rjaf-PC4429","S-1-5-18","4/22/2015 12:52:42 PM",,,"c:\users\mac_1\desktop\winevt\logs\microsoft-windows-readyboost%4operational.evtx","System.UInt32[]","System.Diagnostics.Eventing.Reader.EventBookmark","Information","Info",,"System.Collections.ObjectModel.ReadOnlyCollection`1[System.String]","System.Collections.Generic.List`1[System.Diagnostics.Eventing.Reader.EventProperty]"
"Boot plan calculation completed in 4836 ms.
     Boot Plan Timestamp: ?2015?-?04?-?22T22:00:34.115313400Z
     Reason: System boot completion
     Result: 0x0","1016","1",,"4","1016","0","-9223372036854767616","1196","Microsoft-Windows-ReadyBoost","e6307a09-292c-497e-aad6-498f68e2b619","Microsoft-Windows-ReadyBoost/Operational","924","3476","rjaf-PC4429","S-1-5-18","4/22/2015 12:00:38 PM",,,"c:\users\mac_1\desktop\winevt\logs\microsoft-windows-readyboost%4operational.evtx","System.UInt32[]","System.Diagnostics.Eventing.Reader.EventBookmark","Information","Info",,"System.Collections.ObjectModel.ReadOnlyCollection`1[System.String]","System.Collections.Generic.List`1[System.Diagnostics.Eventing.Reader.EventProperty]"
"Summary of ReadyBoot Performance:
     Io Read Count: 16019
     Io Read Bytes: 394835968
     Cache Hit Count: 14902
     Cache Hit Bytes: 308844032
     Cache Hit Percentage: 0.930270304013983
     Boot Prefetch Time (us): 30021990
     Boot Prefetch Bytes: 301633536
     Boot Prefetch Read Count: 7264
","1015","1",,"4","1016","0","-9223372036854767616","1195","Microsoft-Windows-ReadyBoost","e6307a09-292c-497e-aad6-498f68e2b619","Microsoft-Windows-ReadyBoost/Operational","924","3476","rjaf-PC4429","S-1-5-18","4/22/2015 12:00:37 PM",,,"c:\users\mac_1\desktop\winevt\logs\microsoft-windows-readyboost%4operational.evtx","System.UInt32[]","System.Diagnostics.Eventing.Reader.EventBookmark","Information","Info",,"System.Collections.ObjectModel.ReadOnlyCollection`1[System.String]","System.Collections.Generic.List`1[System.Diagnostics.Eventing.Reader.EventProperty]"
"Boot plan calculation completed in 5741 ms.
     Boot Plan Timestamp: ?2015?-?04?-?22T20:30:01.820511200Z
     Reason: System boot completion
     Result: 0x0","1016","1",,"4","1016","0","-9223372036854767616","1194","Microsoft-Windows-ReadyBoost","e6307a09-292c-497e-aad6-498f68e2b619","Microsoft-Windows-ReadyBoost/Operational","924","3876","rjaf-PC4429","S-1-5-18","4/22/2015 10:30:07 AM",,,"c:\users\mac_1\desktop\winevt\logs\microsoft-windows-readyboost%4operational.evtx","System.UInt32[]","System.Diagnostics.Eventing.Reader.EventBookmark","Information","Info",,"System.Collections.ObjectModel.ReadOnlyCollection`1[System.String]","System.Collections.Generic.List`1[System.Diagnostics.Eventing.Reader.EventProperty]"
"Summary of ReadyBoot Performance:
     Io Read Count: 16694
     Io Read Bytes: 407226368
     Cache Hit Count: 15150
     Cache Hit Bytes: 309576192
     Cache Hit Percentage: 0.907511680843417
     Boot Prefetch Time (us): 30834057
     Boot Prefetch Bytes: 299831296
     Boot Prefetch Read Count: 7200
","1015","1",,"4","1016","0","-9223372036854767616","1193","Microsoft-Windows-ReadyBoost","e6307a09-292c-497e-aad6-498f68e2b619","Microsoft-Windows-ReadyBoost/Operational","924","3876","rjaf-PC4429","S-1-5-18","4/22/2015 10:30:06 AM",,,"c:\users\mac_1\desktop\winevt\logs\microsoft-windows-readyboost%4operational.evtx","System.UInt32[]","System.Diagnostics.Eventing.Reader.EventBookmark","Information","Info",,"System.Collections.ObjectModel.ReadOnlyCollection`1[System.String]","System.Collections.Generic.List`1[System.Diagnostics.Eventing.Reader.EventProperty]"
"Boot plan calculation completed in 889 ms.
     Boot Plan Timestamp: ?2015?-?04?-?22T15:51:05.666452100Z
     Reason: Disk defragmentation
     Result: 0x0","1016","1",,"4","1016","0","-9223372036854767616","1192","Microsoft-Windows-ReadyBoost","e6307a09-292c-497e-aad6-498f68e2b619","Microsoft-Windows-ReadyBoost/Operational","936","976","rjaf-PC4429","S-1-5-18","4/22/2015 5:51:06 AM",,,"c:\users\mac_1\desktop\winevt\logs\microsoft-windows-readyboost%4operational.evtx","System.UInt32[]","System.Diagnostics.Eventing.Reader.EventBookmark","Information","Info",,"System.Collections.ObjectModel.ReadOnlyCollection`1[System.String]","System.Collections.Generic.List`1[System.Diagnostics.Eventing.Reader.EventProperty]"
"Boot plan calculation completed in 1014 ms.
     Boot Plan Timestamp: ?2015?-?04?-?22T15:34:47.653934400Z
     Reason: Disk defragmentation
     Result: 0x0","1016","1",,"4","1016","0","-9223372036854767616","1191","Microsoft-Windows-ReadyBoost","e6307a09-292c-497e-aad6-498f68e2b619","Microsoft-Windows-ReadyBoost/Operational","936","2080","rjaf-PC4429","S-1-5-18","4/22/2015 5:34:48 AM",,,"c:\users\mac_1\desktop\winevt\logs\microsoft-windows-readyboost%4operational.evtx","System.UInt32[]","System.Diagnostics.Eventing.Reader.EventBookmark","Information","Info",,"System.Collections.ObjectModel.ReadOnlyCollection`1[System.String]","System.Collections.Generic.List`1[System.Diagnostics.Eventing.Reader.EventProperty]"
"Boot plan calculation completed in 795 ms.
     Boot Plan Timestamp: ?2015?-?04?-?22T02:44:41.683546300Z
     Reason: Disk defragmentation
     Result: 0x0","1016","1",,"4","1016","0","-9223372036854767616","1190","Microsoft-Windows-ReadyBoost","e6307a09-292c-497e-aad6-498f68e2b619","Microsoft-Windows-ReadyBoost/Operational","936","3812","rjaf-PC4429","S-1-5-18","4/21/2015 4:44:42 PM",,,"c:\users\mac_1\desktop\winevt\logs\microsoft-windows-readyboost%4operational.evtx","System.UInt32[]","System.Diagnostics.Eventing.Reader.EventBookmark","Information","Info",,"System.Collections.ObjectModel.ReadOnlyCollection`1[System.String]","System.Collections.Generic.List`1[System.Diagnostics.Eventing.Reader.EventProperty]"
"Boot plan calculation completed in 3494 ms.
     Boot Plan Timestamp: ?2015?-?04?-?21T23:02:59.649382500Z
     Reason: Disk defragmentation
     Result: 0x0","1016","1",,"4","1016","0","-9223372036854767616","1189","Microsoft-Windows-ReadyBoost","e6307a09-292c-497e-aad6-498f68e2b619","Microsoft-Windows-ReadyBoost/Operational","936","1420","rjaf-PC4429","S-1-5-18","4/21/2015 1:03:03 PM",,,"c:\users\mac_1\desktop\winevt\logs\microsoft-windows-readyboost%4operational.evtx","System.UInt32[]","System.Diagnostics.Eventing.Reader.EventBookmark","Information","Info",,"System.Collections.ObjectModel.ReadOnlyCollection`1[System.String]","System.Collections.Generic.List`1[System.Diagnostics.Eventing.Reader.EventProperty]"
"Boot plan calculation completed in 4056 ms.
     Boot Plan Timestamp: ?2015?-?04?-?19T22:10:16.722116300Z
     Reason: System boot completion
     Result: 0x0","1016","1",,"4","1016","0","-9223372036854767616","1188","Microsoft-Windows-ReadyBoost","e6307a09-292c-497e-aad6-498f68e2b619","Microsoft-Windows-ReadyBoost/Operational","936","3552","rjaf-PC4429","S-1-5-18","4/19/2015 12:10:20 PM",,,"c:\users\mac_1\desktop\winevt\logs\microsoft-windows-readyboost%4operational.evtx","System.UInt32[]","System.Diagnostics.Eventing.Reader.EventBookmark","Information","Info",,"System.Collections.ObjectModel.ReadOnlyCollection`1[System.String]","System.Collections.Generic.List`1[System.Diagnostics.Eventing.Reader.EventProperty]"
"Summary of ReadyBoot Performance:
     Io Read Count: 18029
     Io Read Bytes: 419851776
     Cache Hit Count: 15178
     Cache Hit Bytes: 307890688
     Cache Hit Percentage: 0.841865882744467
     Boot Prefetch Time (us): 27017124
     Boot Prefetch Bytes: 347774976
     Boot Prefetch Read Count: 7967
","1015","1",,"4","1016","0","-9223372036854767616","1187","Microsoft-Windows-ReadyBoost","e6307a09-292c-497e-aad6-498f68e2b619","Microsoft-Windows-ReadyBoost/Operational","936","3552","rjaf-PC4429","S-1-5-18","4/19/2015 12:10:19 PM",,,"c:\users\mac_1\desktop\winevt\logs\microsoft-windows-readyboost%4operational.evtx","System.UInt32[]","System.Diagnostics.Eventing.Reader.EventBookmark","Information","Info",,"System.Collections.ObjectModel.ReadOnlyCollection`1[System.String]","System.Collections.Generic.List`1[System.Diagnostics.Eventing.Reader.EventProperty]"
"Boot plan calculation completed in 764 ms.
     Boot Plan Timestamp: ?2015?-?04?-?19T13:30:24.647245000Z
     Reason: Disk defragmentation
     Result: 0x0","1016","1",,"4","1016","0","-9223372036854767616","1186","Microsoft-Windows-ReadyBoost","e6307a09-292c-497e-aad6-498f68e2b619","Microsoft-Windows-ReadyBoost/Operational","912","2004","rjaf-PC4429","S-1-5-18","4/19/2015 3:30:25 AM",,,"c:\users\mac_1\desktop\winevt\logs\microsoft-windows-readyboost%4operational.evtx","System.UInt32[]","System.Diagnostics.Eventing.Reader.EventBookmark","Information","Info",,"System.Collections.ObjectModel.ReadOnlyCollection`1[System.String]","System.Collections.Generic.List`1[System.Diagnostics.Eventing.Reader.EventProperty]"
"Boot plan calculation completed in 6255 ms.
     Boot Plan Timestamp: ?2015?-?04?-?19T12:57:32.296226300Z
     Reason: System boot completion
     Result: 0x0","1016","1",,"4","1016","0","-9223372036854767616","1185","Microsoft-Windows-ReadyBoost","e6307a09-292c-497e-aad6-498f68e2b619","Microsoft-Windows-ReadyBoost/Operational","912","3972","rjaf-PC4429","S-1-5-18","4/19/2015 2:57:38 AM",,,"c:\users\mac_1\desktop\winevt\logs\microsoft-windows-readyboost%4operational.evtx","System.UInt32[]","System.Diagnostics.Eventing.Reader.EventBookmark","Information","Info",,"System.Collections.ObjectModel.ReadOnlyCollection`1[System.String]","System.Collections.Generic.List`1[System.Diagnostics.Eventing.Reader.EventProperty]"
"Summary of ReadyBoot Performance:
     Io Read Count: 19075
     Io Read Bytes: 544724992
     Cache Hit Count: 15199
     Cache Hit Bytes: 313336320
     Cache Hit Percentage: 0.796802096985583
     Boot Prefetch Time (us): 30182778
     Boot Prefetch Bytes: 350367744
     Boot Prefetch Read Count: 8019
","1015","1",,"4","1016","0","-9223372036854767616","1184","Microsoft-Windows-ReadyBoost","e6307a09-292c-497e-aad6-498f68e2b619","Microsoft-Windows-ReadyBoost/Operational","912","3972","rjaf-PC4429","S-1-5-18","4/19/2015 2:57:37 AM",,,"c:\users\mac_1\desktop\winevt\logs\microsoft-windows-readyboost%4operational.evtx","System.UInt32[]","System.Diagnostics.Eventing.Reader.EventBookmark","Information","Info",,"System.Collections.ObjectModel.ReadOnlyCollection`1[System.String]","System.Collections.Generic.List`1[System.Diagnostics.Eventing.Reader.EventProperty]"
"Boot plan calculation completed in 6302 ms.
     Boot Plan Timestamp: ?2015?-?04?-?17T21:06:18.631712600Z
     Reason: System boot completion
     Result: 0x0","1016","1",,"4","1016","0","-9223372036854767616","1183","Microsoft-Windows-ReadyBoost","e6307a09-292c-497e-aad6-498f68e2b619","Microsoft-Windows-ReadyBoost/Operational","924","3800","rjaf-PC4429","S-1-5-18","4/17/2015 11:06:24 AM",,,"c:\users\mac_1\desktop\winevt\logs\microsoft-windows-readyboost%4operational.evtx","System.UInt32[]","System.Diagnostics.Eventing.Reader.EventBookmark","Information","Info",,"System.Collections.ObjectModel.ReadOnlyCollection`1[System.String]","System.Collections.Generic.List`1[System.Diagnostics.Eventing.Reader.EventProperty]"
"Summary of ReadyBoot Performance:
     Io Read Count: 17276
     Io Read Bytes: 465706496
     Cache Hit Count: 15486
     Cache Hit Bytes: 317073920
     Cache Hit Percentage: 0.896388052789998
     Boot Prefetch Time (us): 30082312
     Boot Prefetch Bytes: 298569728
     Boot Prefetch Read Count: 7130
","1015","1",,"4","1016","0","-9223372036854767616","1182","Microsoft-Windows-ReadyBoost","e6307a09-292c-497e-aad6-498f68e2b619","Microsoft-Windows-ReadyBoost/Operational","924","3800","rjaf-PC4429","S-1-5-18","4/17/2015 11:06:24 AM",,,"c:\users\mac_1\desktop\winevt\logs\microsoft-windows-readyboost%4operational.evtx","System.UInt32[]","System.Diagnostics.Eventing.Reader.EventBookmark","Information","Info",,"System.Collections.ObjectModel.ReadOnlyCollection`1[System.String]","System.Collections.Generic.List`1[System.Diagnostics.Eventing.Reader.EventProperty]"
"Boot plan calculation completed in 889 ms.
     Boot Plan Timestamp: ?2015?-?04?-?16T23:14:21.643277200Z
     Reason: Disk defragmentation
     Result: 0x0","1016","1",,"4","1016","0","-9223372036854767616","1181","Microsoft-Windows-ReadyBoost","e6307a09-292c-497e-aad6-498f68e2b619","Microsoft-Windows-ReadyBoost/Operational","928","2188","rjaf-PC4429","S-1-5-18","4/16/2015 1:14:22 PM",,,"c:\users\mac_1\desktop\winevt\logs\microsoft-windows-readyboost%4operational.evtx","System.UInt32[]","System.Diagnostics.Eventing.Reader.EventBookmark","Information","Info",,"System.Collections.ObjectModel.ReadOnlyCollection`1[System.String]","System.Collections.Generic.List`1[System.Diagnostics.Eventing.Reader.EventProperty]"
"Boot plan calculation completed in 1435 ms.
     Boot Plan Timestamp: ?2015?-?04?-?16T23:11:48.653808500Z
     Reason: Disk defragmentation
     Result: 0x0","1016","1",,"4","1016","0","-9223372036854767616","1180","Microsoft-Windows-ReadyBoost","e6307a09-292c-497e-aad6-498f68e2b619","Microsoft-Windows-ReadyBoost/Operational","928","4040","rjaf-PC4429","S-1-5-18","4/16/2015 1:11:50 PM",,,"c:\users\mac_1\desktop\winevt\logs\microsoft-windows-readyboost%4operational.evtx","System.UInt32[]","System.Diagnostics.Eventing.Reader.EventBookmark","Information","Info",,"System.Collections.ObjectModel.ReadOnlyCollection`1[System.String]","System.Collections.Generic.List`1[System.Diagnostics.Eventing.Reader.EventProperty]"
"Boot plan calculation completed in 4040 ms.
     Boot Plan Timestamp: ?2015?-?04?-?16T22:48:08.224513600Z
     Reason: System boot completion
     Result: 0x0","1016","1",,"4","1016","0","-9223372036854767616","1179","Microsoft-Windows-ReadyBoost","e6307a09-292c-497e-aad6-498f68e2b619","Microsoft-Windows-ReadyBoost/Operational","928","1308","rjaf-PC4429","S-1-5-18","4/16/2015 12:48:12 PM",,,"c:\users\mac_1\desktop\winevt\logs\microsoft-windows-readyboost%4operational.evtx","System.UInt32[]","System.Diagnostics.Eventing.Reader.EventBookmark","Information","Info",,"System.Collections.ObjectModel.ReadOnlyCollection`1[System.String]","System.Collections.Generic.List`1[System.Diagnostics.Eventing.Reader.EventProperty]"
"Summary of ReadyBoot Performance:
     Io Read Count: 14703
     Io Read Bytes: 399607808
     Cache Hit Count: 13544
     Cache Hit Bytes: 283929600
     Cache Hit Percentage: 0.921172549819765
     Boot Prefetch Time (us): 31331579
     Boot Prefetch Bytes: 299835392
     Boot Prefetch Read Count: 7202
","1015","1",,"4","1016","0","-9223372036854767616","1178","Microsoft-Windows-ReadyBoost","e6307a09-292c-497e-aad6-498f68e2b619","Microsoft-Windows-ReadyBoost/Operational","928","1308","rjaf-PC4429","S-1-5-18","4/16/2015 12:48:11 PM",,,"c:\users\mac_1\desktop\winevt\logs\microsoft-windows-readyboost%4operational.evtx","System.UInt32[]","System.Diagnostics.Eventing.Reader.EventBookmark","Information","Info",,"System.Collections.ObjectModel.ReadOnlyCollection`1[System.String]","System.Collections.Generic.List`1[System.Diagnostics.Eventing.Reader.EventProperty]"
"The device (USB2.0 Flash Disk) will not be used for a ReadyBoost cache because the device is too small. Size: 9 MB.  Minimum Size: 235 MB","1009","0",,"4","1019","0","-9223372036854759424","1177","Microsoft-Windows-ReadyBoost","e6307a09-292c-497e-aad6-498f68e2b619","Microsoft-Windows-ReadyBoost/Operational","920","1692","rjaf-PC4429","S-1-5-18","4/16/2015 2:45:05 AM",,,"c:\users\mac_1\desktop\winevt\logs\microsoft-windows-readyboost%4operational.evtx","System.UInt32[]","System.Diagnostics.Eventing.Reader.EventBookmark","Information","Info",,"System.Collections.ObjectModel.ReadOnlyCollection`1[System.String]","System.Collections.Generic.List`1[System.Diagnostics.Eventing.Reader.EventProperty]"
"Boot plan calculation completed in 1061 ms.
     Boot Plan Timestamp: ?2015?-?04?-?15T12:31:21.023213700Z
     Reason: Disk defragmentation
     Result: 0x0","1016","1",,"4","1016","0","-9223372036854767616","1176","Microsoft-Windows-ReadyBoost","e6307a09-292c-497e-aad6-498f68e2b619","Microsoft-Windows-ReadyBoost/Operational","920","3124","rjaf-PC4429","S-1-5-18","4/15/2015 2:31:22 AM",,,"c:\users\mac_1\desktop\winevt\logs\microsoft-windows-readyboost%4operational.evtx","System.UInt32[]","System.Diagnostics.Eventing.Reader.EventBookmark","Information","Info",,"System.Collections.ObjectModel.ReadOnlyCollection`1[System.String]","System.Collections.Generic.List`1[System.Diagnostics.Eventing.Reader.EventProperty]"
"Boot plan calculation completed in 7316 ms.
     Boot Plan Timestamp: ?2015?-?04?-?15T11:49:52.099713400Z
     Reason: System boot completion
     Result: 0x0","1016","1",,"4","1016","0","-9223372036854767616","1175","Microsoft-Windows-ReadyBoost","e6307a09-292c-497e-aad6-498f68e2b619","Microsoft-Windows-ReadyBoost/Operational","920","3664","rjaf-PC4429","S-1-5-18","4/15/2015 1:49:59 AM",,,"c:\users\mac_1\desktop\winevt\logs\microsoft-windows-readyboost%4operational.evtx","System.UInt32[]","System.Diagnostics.Eventing.Reader.EventBookmark","Information","Info",,"System.Collections.ObjectModel.ReadOnlyCollection`1[System.String]","System.Collections.Generic.List`1[System.Diagnostics.Eventing.Reader.EventProperty]"
"Summary of ReadyBoot Performance:
     Io Read Count: 17421
     Io Read Bytes: 453047296
     Cache Hit Count: 15731
     Cache Hit Bytes: 319622656
     Cache Hit Percentage: 0.902990643476264
     Boot Prefetch Time (us): 34108756
     Boot Prefetch Bytes: 298160128
     Boot Prefetch Read Count: 7255
","1015","1",,"4","1016","0","-9223372036854767616","1174","Microsoft-Windows-ReadyBoost","e6307a09-292c-497e-aad6-498f68e2b619","Microsoft-Windows-ReadyBoost/Operational","920","3664","rjaf-PC4429","S-1-5-18","4/15/2015 1:49:58 AM",,,"c:\users\mac_1\desktop\winevt\logs\microsoft-windows-readyboost%4operational.evtx","System.UInt32[]","System.Diagnostics.Eventing.Reader.EventBookmark","Information","Info",,"System.Collections.ObjectModel.ReadOnlyCollection`1[System.String]","System.Collections.Generic.List`1[System.Diagnostics.Eventing.Reader.EventProperty]"
"Boot plan calculation completed in 4431 ms.
     Boot Plan Timestamp: ?2015?-?04?-?14T21:47:14.756624800Z
     Reason: System boot completion
     Result: 0x0","1016","1",,"4","1016","0","-9223372036854767616","1173","Microsoft-Windows-ReadyBoost","e6307a09-292c-497e-aad6-498f68e2b619","Microsoft-Windows-ReadyBoost/Operational","908","3808","rjaf-PC4429","S-1-5-18","4/14/2015 11:47:19 AM",,,"c:\users\mac_1\desktop\winevt\logs\microsoft-windows-readyboost%4operational.evtx","System.UInt32[]","System.Diagnostics.Eventing.Reader.EventBookmark","Information","Info",,"System.Collections.ObjectModel.ReadOnlyCollection`1[System.String]","System.Collections.Generic.List`1[System.Diagnostics.Eventing.Reader.EventProperty]"
"Summary of ReadyBoot Performance:
     Io Read Count: 17689
     Io Read Bytes: 477016064
     Cache Hit Count: 15088
     Cache Hit Bytes: 311790080
     Cache Hit Percentage: 0.85295946633501
     Boot Prefetch Time (us): 30683426
     Boot Prefetch Bytes: 292700160
     Boot Prefetch Read Count: 6893
","1015","1",,"4","1016","0","-9223372036854767616","1172","Microsoft-Windows-ReadyBoost","e6307a09-292c-497e-aad6-498f68e2b619","Microsoft-Windows-ReadyBoost/Operational","908","3808","rjaf-PC4429","S-1-5-18","4/14/2015 11:47:18 AM",,,"c:\users\mac_1\desktop\winevt\logs\microsoft-windows-readyboost%4operational.evtx","System.UInt32[]","System.Diagnostics.Eventing.Reader.EventBookmark","Information","Info",,"System.Collections.ObjectModel.ReadOnlyCollection`1[System.String]","System.Collections.Generic.List`1[System.Diagnostics.Eventing.Reader.EventProperty]"
"Boot plan calculation completed in 4805 ms.
     Boot Plan Timestamp: ?2015?-?04?-?14T19:45:10.787712900Z
     Reason: System boot completion
     Result: 0x0","1016","1",,"4","1016","0","-9223372036854767616","1171","Microsoft-Windows-ReadyBoost","e6307a09-292c-497e-aad6-498f68e2b619","Microsoft-Windows-ReadyBoost/Operational","928","360","rjaf-PC4429","S-1-5-18","4/14/2015 9:45:15 AM",,,"c:\users\mac_1\desktop\winevt\logs\microsoft-windows-readyboost%4operational.evtx","System.UInt32[]","System.Diagnostics.Eventing.Reader.EventBookmark","Information","Info",,"System.Collections.ObjectModel.ReadOnlyCollection`1[System.String]","System.Collections.Generic.List`1[System.Diagnostics.Eventing.Reader.EventProperty]"
"Summary of ReadyBoot Performance:
     Io Read Count: 16333
     Io Read Bytes: 402353152
     Cache Hit Count: 12819
     Cache Hit Bytes: 270570496
     Cache Hit Percentage: 0.784852752096982
     Boot Prefetch Time (us): 25390321
     Boot Prefetch Bytes: 291958784
     Boot Prefetch Read Count: 6937
","1015","1",,"4","1016","0","-9223372036854767616","1170","Microsoft-Windows-ReadyBoost","e6307a09-292c-497e-aad6-498f68e2b619","Microsoft-Windows-ReadyBoost/Operational","928","360","rjaf-PC4429","S-1-5-18","4/14/2015 9:45:14 AM",,,"c:\users\mac_1\desktop\winevt\logs\microsoft-windows-readyboost%4operational.evtx","System.UInt32[]","System.Diagnostics.Eventing.Reader.EventBookmark","Information","Info",,"System.Collections.ObjectModel.ReadOnlyCollection`1[System.String]","System.Collections.Generic.List`1[System.Diagnostics.Eventing.Reader.EventProperty]"
"Boot plan calculation completed in 4150 ms.
     Boot Plan Timestamp: ?2015?-?04?-?13T09:04:31.617710800Z
     Reason: System boot completion
     Result: 0x0","1016","1",,"4","1016","0","-9223372036854767616","1169","Microsoft-Windows-ReadyBoost","e6307a09-292c-497e-aad6-498f68e2b619","Microsoft-Windows-ReadyBoost/Operational","888","3652","rjaf-PC4429","S-1-5-18","4/12/2015 11:04:35 PM",,,"c:\users\mac_1\desktop\winevt\logs\microsoft-windows-readyboost%4operational.evtx","System.UInt32[]","System.Diagnostics.Eventing.Reader.EventBookmark","Information","Info",,"System.Collections.ObjectModel.ReadOnlyCollection`1[System.String]","System.Collections.Generic.List`1[System.Diagnostics.Eventing.Reader.EventProperty]"
"Summary of ReadyBoot Performance:
     Io Read Count: 17341
     Io Read Bytes: 405196800
     Cache Hit Count: 14899
     Cache Hit Bytes: 306530304
     Cache Hit Percentage: 0.859177671414567
     Boot Prefetch Time (us): 24503600
     Boot Prefetch Bytes: 289546240
     Boot Prefetch Read Count: 6808
","1015","1",,"4","1016","0","-9223372036854767616","1168","Microsoft-Windows-ReadyBoost","e6307a09-292c-497e-aad6-498f68e2b619","Microsoft-Windows-ReadyBoost/Operational","888","3652","rjaf-PC4429","S-1-5-18","4/12/2015 11:04:35 PM",,,"c:\users\mac_1\desktop\winevt\logs\microsoft-windows-readyboost%4operational.evtx","System.UInt32[]","System.Diagnostics.Eventing.Reader.EventBookmark","Information","Info",,"System.Collections.ObjectModel.ReadOnlyCollection`1[System.String]","System.Collections.Generic.List`1[System.Diagnostics.Eventing.Reader.EventProperty]"
"Boot plan calculation completed in 1170 ms.
     Boot Plan Timestamp: ?2015?-?04?-?12T09:36:08.655800600Z
     Reason: Disk defragmentation
     Result: 0x0","1016","1",,"4","1016","0","-9223372036854767616","1167","Microsoft-Windows-ReadyBoost","e6307a09-292c-497e-aad6-498f68e2b619","Microsoft-Windows-ReadyBoost/Operational","928","4068","rjaf-PC4429","S-1-5-18","4/11/2015 11:36:09 PM",,,"c:\users\mac_1\desktop\winevt\logs\microsoft-windows-readyboost%4operational.evtx","System.UInt32[]","System.Diagnostics.Eventing.Reader.EventBookmark","Information","Info",,"System.Collections.ObjectModel.ReadOnlyCollection`1[System.String]","System.Collections.Generic.List`1[System.Diagnostics.Eventing.Reader.EventProperty]"
"Boot plan calculation completed in 3806 ms.
     Boot Plan Timestamp: ?2015?-?04?-?12T08:44:01.725312800Z
     Reason: System boot completion
     Result: 0x0","1016","1",,"4","1016","0","-9223372036854767616","1166","Microsoft-Windows-ReadyBoost","e6307a09-292c-497e-aad6-498f68e2b619","Microsoft-Windows-ReadyBoost/Operational","928","3364","rjaf-PC4429","S-1-5-18","4/11/2015 10:44:05 PM",,,"c:\users\mac_1\desktop\winevt\logs\microsoft-windows-readyboost%4operational.evtx","System.UInt32[]","System.Diagnostics.Eventing.Reader.EventBookmark","Information","Info",,"System.Collections.ObjectModel.ReadOnlyCollection`1[System.String]","System.Collections.Generic.List`1[System.Diagnostics.Eventing.Reader.EventProperty]"
"Summary of ReadyBoot Performance:
     Io Read Count: 16483
     Io Read Bytes: 392398336
     Cache Hit Count: 14860
     Cache Hit Bytes: 306487296
     Cache Hit Percentage: 0.901534914760663
     Boot Prefetch Time (us): 29462194
     Boot Prefetch Bytes: 295456768
     Boot Prefetch Read Count: 6987
","1015","1",,"4","1016","0","-9223372036854767616","1165","Microsoft-Windows-ReadyBoost","e6307a09-292c-497e-aad6-498f68e2b619","Microsoft-Windows-ReadyBoost/Operational","928","3364","rjaf-PC4429","S-1-5-18","4/11/2015 10:44:04 PM",,,"c:\users\mac_1\desktop\winevt\logs\microsoft-windows-readyboost%4operational.evtx","System.UInt32[]","System.Diagnostics.Eventing.Reader.EventBookmark","Information","Info",,"System.Collections.ObjectModel.ReadOnlyCollection`1[System.String]","System.Collections.Generic.List`1[System.Diagnostics.Eventing.Reader.EventProperty]"
"Boot plan calculation completed in 764 ms.
     Boot Plan Timestamp: ?2015?-?04?-?09T10:21:48.898494400Z
     Reason: Disk defragmentation
     Result: 0x0","1016","1",,"4","1016","0","-9223372036854767616","1164","Microsoft-Windows-ReadyBoost","e6307a09-292c-497e-aad6-498f68e2b619","Microsoft-Windows-ReadyBoost/Operational","924","2908","rjaf-PC4429","S-1-5-18","4/9/2015 12:21:49 AM",,,"c:\users\mac_1\desktop\winevt\logs\microsoft-windows-readyboost%4operational.evtx","System.UInt32[]","System.Diagnostics.Eventing.Reader.EventBookmark","Information","Info",,"System.Collections.ObjectModel.ReadOnlyCollection`1[System.String]","System.Collections.Generic.List`1[System.Diagnostics.Eventing.Reader.EventProperty]"
"Boot plan calculation completed in 4462 ms.
     Boot Plan Timestamp: ?2015?-?04?-?09T09:44:00.226111900Z
     Reason: System boot completion
     Result: 0x0","1016","1",,"4","1016","0","-9223372036854767616","1163","Microsoft-Windows-ReadyBoost","e6307a09-292c-497e-aad6-498f68e2b619","Microsoft-Windows-ReadyBoost/Operational","924","1060","rjaf-PC4429","S-1-5-18","4/8/2015 11:44:04 PM",,,"c:\users\mac_1\desktop\winevt\logs\microsoft-windows-readyboost%4operational.evtx","System.UInt32[]","System.Diagnostics.Eventing.Reader.EventBookmark","Information","Info",,"System.Collections.ObjectModel.ReadOnlyCollection`1[System.String]","System.Collections.Generic.List`1[System.Diagnostics.Eventing.Reader.EventProperty]"
"Summary of ReadyBoot Performance:
     Io Read Count: 14415
     Io Read Bytes: 390593536
     Cache Hit Count: 12338
     Cache Hit Bytes: 254598656
     Cache Hit Percentage: 0.855913978494624
     Boot Prefetch Time (us): 26791493
     Boot Prefetch Bytes: 297791488
     Boot Prefetch Read Count: 7130
","1015","1",,"4","1016","0","-9223372036854767616","1162","Microsoft-Windows-ReadyBoost","e6307a09-292c-497e-aad6-498f68e2b619","Microsoft-Windows-ReadyBoost/Operational","924","1060","rjaf-PC4429","S-1-5-18","4/8/2015 11:44:04 PM",,,"c:\users\mac_1\desktop\winevt\logs\microsoft-windows-readyboost%4operational.evtx","System.UInt32[]","System.Diagnostics.Eventing.Reader.EventBookmark","Information","Info",,"System.Collections.ObjectModel.ReadOnlyCollection`1[System.String]","System.Collections.Generic.List`1[System.Diagnostics.Eventing.Reader.EventProperty]"
"Boot plan calculation completed in 686 ms.
     Boot Plan Timestamp: ?2015?-?04?-?08T15:11:04.037760400Z
     Reason: Disk defragmentation
     Result: 0x0","1016","1",,"4","1016","0","-9223372036854767616","1161","Microsoft-Windows-ReadyBoost","e6307a09-292c-497e-aad6-498f68e2b619","Microsoft-Windows-ReadyBoost/Operational","932","3696","rjaf-PC4429","S-1-5-18","4/8/2015 5:11:04 AM",,,"c:\users\mac_1\desktop\winevt\logs\microsoft-windows-readyboost%4operational.evtx","System.UInt32[]","System.Diagnostics.Eventing.Reader.EventBookmark","Information","Info",,"System.Collections.ObjectModel.ReadOnlyCollection`1[System.String]","System.Collections.Generic.List`1[System.Diagnostics.Eventing.Reader.EventProperty]"
"Boot plan calculation completed in 3713 ms.
     Boot Plan Timestamp: ?2015?-?04?-?08T14:33:34.090770400Z
     Reason: System boot completion
     Result: 0x0","1016","1",,"4","1016","0","-9223372036854767616","1160","Microsoft-Windows-ReadyBoost","e6307a09-292c-497e-aad6-498f68e2b619","Microsoft-Windows-ReadyBoost/Operational","932","3816","rjaf-PC4429","S-1-5-18","4/8/2015 4:33:37 AM",,,"c:\users\mac_1\desktop\winevt\logs\microsoft-windows-readyboost%4operational.evtx","System.UInt32[]","System.Diagnostics.Eventing.Reader.EventBookmark","Information","Info",,"System.Collections.ObjectModel.ReadOnlyCollection`1[System.String]","System.Collections.Generic.List`1[System.Diagnostics.Eventing.Reader.EventProperty]"
"Summary of ReadyBoot Performance:
     Io Read Count: 18592
     Io Read Bytes: 557590528
     Cache Hit Count: 15047
     Cache Hit Bytes: 296843264
     Cache Hit Percentage: 0.809326592082616
     Boot Prefetch Time (us): 25296113
     Boot Prefetch Bytes: 292077568
     Boot Prefetch Read Count: 7015
","1015","1",,"4","1016","0","-9223372036854767616","1159","Microsoft-Windows-ReadyBoost","e6307a09-292c-497e-aad6-498f68e2b619","Microsoft-Windows-ReadyBoost/Operational","932","3816","rjaf-PC4429","S-1-5-18","4/8/2015 4:33:37 AM",,,"c:\users\mac_1\desktop\winevt\logs\microsoft-windows-readyboost%4operational.evtx","System.UInt32[]","System.Diagnostics.Eventing.Reader.EventBookmark","Information","Info",,"System.Collections.ObjectModel.ReadOnlyCollection`1[System.String]","System.Collections.Generic.List`1[System.Diagnostics.Eventing.Reader.EventProperty]"
"Boot plan calculation completed in 1482 ms.
     Boot Plan Timestamp: ?2015?-?04?-?08T09:59:42.282750000Z
     Reason: Disk defragmentation
     Result: 0x0","1016","1",,"4","1016","0","-9223372036854767616","1158","Microsoft-Windows-ReadyBoost","e6307a09-292c-497e-aad6-498f68e2b619","Microsoft-Windows-ReadyBoost/Operational","896","2772","rjaf-PC4429","S-1-5-18","4/7/2015 11:59:43 PM",,,"c:\users\mac_1\desktop\winevt\logs\microsoft-windows-readyboost%4operational.evtx","System.UInt32[]","System.Diagnostics.Eventing.Reader.EventBookmark","Information","Info",,"System.Collections.ObjectModel.ReadOnlyCollection`1[System.String]","System.Collections.Generic.List`1[System.Diagnostics.Eventing.Reader.EventProperty]"
"Boot plan calculation completed in 3744 ms.
     Boot Plan Timestamp: ?2015?-?04?-?07T14:44:34.116911700Z
     Reason: System boot completion
     Result: 0x0","1016","1",,"4","1016","0","-9223372036854767616","1157","Microsoft-Windows-ReadyBoost","e6307a09-292c-497e-aad6-498f68e2b619","Microsoft-Windows-ReadyBoost/Operational","896","3400","rjaf-PC4429","S-1-5-18","4/7/2015 4:44:37 AM",,,"c:\users\mac_1\desktop\winevt\logs\microsoft-windows-readyboost%4operational.evtx","System.UInt32[]","System.Diagnostics.Eventing.Reader.EventBookmark","Information","Info",,"System.Collections.ObjectModel.ReadOnlyCollection`1[System.String]","System.Collections.Generic.List`1[System.Diagnostics.Eventing.Reader.EventProperty]"
"Summary of ReadyBoot Performance:
     Io Read Count: 16473
     Io Read Bytes: 396957184
     Cache Hit Count: 12863
     Cache Hit Bytes: 239970304
     Cache Hit Percentage: 0.780853517877739
     Boot Prefetch Time (us): 24064239
     Boot Prefetch Bytes: 328044544
     Boot Prefetch Read Count: 7523
","1015","1",,"4","1016","0","-9223372036854767616","1156","Microsoft-Windows-ReadyBoost","e6307a09-292c-497e-aad6-498f68e2b619","Microsoft-Windows-ReadyBoost/Operational","896","3400","rjaf-PC4429","S-1-5-18","4/7/2015 4:44:37 AM",,,"c:\users\mac_1\desktop\winevt\logs\microsoft-windows-readyboost%4operational.evtx","System.UInt32[]","System.Diagnostics.Eventing.Reader.EventBookmark","Information","Info",,"System.Collections.ObjectModel.ReadOnlyCollection`1[System.String]","System.Collections.Generic.List`1[System.Diagnostics.Eventing.Reader.EventProperty]"
"Boot plan calculation completed in 1155 ms.
     Boot Plan Timestamp: ?2015?-?04?-?05T11:51:03.653209800Z
     Reason: Disk defragmentation
     Result: 0x0","1016","1",,"4","1016","0","-9223372036854767616","1155","Microsoft-Windows-ReadyBoost","e6307a09-292c-497e-aad6-498f68e2b619","Microsoft-Windows-ReadyBoost/Operational","928","1016","rjaf-PC4429","S-1-5-18","4/5/2015 1:51:04 AM",,,"c:\users\mac_1\desktop\winevt\logs\microsoft-windows-readyboost%4operational.evtx","System.UInt32[]","System.Diagnostics.Eventing.Reader.EventBookmark","Information","Info",,"System.Collections.ObjectModel.ReadOnlyCollection`1[System.String]","System.Collections.Generic.List`1[System.Diagnostics.Eventing.Reader.EventProperty]"
"Boot plan calculation completed in 3447 ms.
     Boot Plan Timestamp: ?2015?-?04?-?05T10:22:23.728226300Z
     Reason: System boot completion
     Result: 0x0","1016","1",,"4","1016","0","-9223372036854767616","1154","Microsoft-Windows-ReadyBoost","e6307a09-292c-497e-aad6-498f68e2b619","Microsoft-Windows-ReadyBoost/Operational","928","3736","rjaf-PC4429","S-1-5-18","4/5/2015 12:22:27 AM",,,"c:\users\mac_1\desktop\winevt\logs\microsoft-windows-readyboost%4operational.evtx","System.UInt32[]","System.Diagnostics.Eventing.Reader.EventBookmark","Information","Info",,"System.Collections.ObjectModel.ReadOnlyCollection`1[System.String]","System.Collections.Generic.List`1[System.Diagnostics.Eventing.Reader.EventProperty]"
"Summary of ReadyBoot Performance:
     Io Read Count: 17310
     Io Read Bytes: 465839104
     Cache Hit Count: 15113
     Cache Hit Bytes: 308899328
     Cache Hit Percentage: 0.873079145002889
     Boot Prefetch Time (us): 28659728
     Boot Prefetch Bytes: 298196992
     Boot Prefetch Read Count: 7157
","1015","1",,"4","1016","0","-9223372036854767616","1153","Microsoft-Windows-ReadyBoost","e6307a09-292c-497e-aad6-498f68e2b619","Microsoft-Windows-ReadyBoost/Operational","928","3736","rjaf-PC4429","S-1-5-18","4/5/2015 12:22:26 AM",,,"c:\users\mac_1\desktop\winevt\logs\microsoft-windows-readyboost%4operational.evtx","System.UInt32[]","System.Diagnostics.Eventing.Reader.EventBookmark","Information","Info",,"System.Collections.ObjectModel.ReadOnlyCollection`1[System.String]","System.Collections.Generic.List`1[System.Diagnostics.Eventing.Reader.EventProperty]"
"Boot plan calculation completed in 6630 ms.
     Boot Plan Timestamp: ?2015?-?04?-?04T22:01:01.734229000Z
     Reason: System boot completion
     Result: 0x0","1016","1",,"4","1016","0","-9223372036854767616","1152","Microsoft-Windows-ReadyBoost","e6307a09-292c-497e-aad6-498f68e2b619","Microsoft-Windows-ReadyBoost/Operational","940","3740","rjaf-PC4429","S-1-5-18","4/4/2015 12:01:08 PM",,,"c:\users\mac_1\desktop\winevt\logs\microsoft-windows-readyboost%4operational.evtx","System.UInt32[]","System.Diagnostics.Eventing.Reader.EventBookmark","Information","Info",,"System.Collections.ObjectModel.ReadOnlyCollection`1[System.String]","System.Collections.Generic.List`1[System.Diagnostics.Eventing.Reader.EventProperty]"
"Summary of ReadyBoot Performance:
     Io Read Count: 17425
     Io Read Bytes: 468326400
     Cache Hit Count: 15378
     Cache Hit Bytes: 314452480
     Cache Hit Percentage: 0.882525107604017
     Boot Prefetch Time (us): 35398623
     Boot Prefetch Bytes: 295104512
     Boot Prefetch Read Count: 6998
","1015","1",,"4","1016","0","-9223372036854767616","1151","Microsoft-Windows-ReadyBoost","e6307a09-292c-497e-aad6-498f68e2b619","Microsoft-Windows-ReadyBoost/Operational","940","3740","rjaf-PC4429","S-1-5-18","4/4/2015 12:01:07 PM",,,"c:\users\mac_1\desktop\winevt\logs\microsoft-windows-readyboost%4operational.evtx","System.UInt32[]","System.Diagnostics.Eventing.Reader.EventBookmark","Information","Info",,"System.Collections.ObjectModel.ReadOnlyCollection`1[System.String]","System.Collections.Generic.List`1[System.Diagnostics.Eventing.Reader.EventProperty]"
"Boot plan calculation completed in 7223 ms.
     Boot Plan Timestamp: ?2015?-?04?-?04T21:09:36.597316100Z
     Reason: System boot completion
     Result: 0x0","1016","1",,"4","1016","0","-9223372036854767616","1150","Microsoft-Windows-ReadyBoost","e6307a09-292c-497e-aad6-498f68e2b619","Microsoft-Windows-ReadyBoost/Operational","928","3352","rjaf-PC4429","S-1-5-18","4/4/2015 11:09:43 AM",,,"c:\users\mac_1\desktop\winevt\logs\microsoft-windows-readyboost%4operational.evtx","System.UInt32[]","System.Diagnostics.Eventing.Reader.EventBookmark","Information","Info",,"System.Collections.ObjectModel.ReadOnlyCollection`1[System.String]","System.Collections.Generic.List`1[System.Diagnostics.Eventing.Reader.EventProperty]"
"Summary of ReadyBoot Performance:
     Io Read Count: 17262
     Io Read Bytes: 429626880
     Cache Hit Count: 15347
     Cache Hit Bytes: 312504320
     Cache Hit Percentage: 0.889062681033484
     Boot Prefetch Time (us): 35926535
     Boot Prefetch Bytes: 320524288
     Boot Prefetch Read Count: 7699
","1015","1",,"4","1016","0","-9223372036854767616","1149","Microsoft-Windows-ReadyBoost","e6307a09-292c-497e-aad6-498f68e2b619","Microsoft-Windows-ReadyBoost/Operational","928","3352","rjaf-PC4429","S-1-5-18","4/4/2015 11:09:42 AM",,,"c:\users\mac_1\desktop\winevt\logs\microsoft-windows-readyboost%4operational.evtx","System.UInt32[]","System.Diagnostics.Eventing.Reader.EventBookmark","Information","Info",,"System.Collections.ObjectModel.ReadOnlyCollection`1[System.String]","System.Collections.Generic.List`1[System.Diagnostics.Eventing.Reader.EventProperty]"
"Boot plan calculation completed in 7082 ms.
     Boot Plan Timestamp: ?2015?-?04?-?04T20:41:35.141718800Z
     Reason: System boot completion
     Result: 0x0","1016","1",,"4","1016","0","-9223372036854767616","1148","Microsoft-Windows-ReadyBoost","e6307a09-292c-497e-aad6-498f68e2b619","Microsoft-Windows-ReadyBoost/Operational","940","3480","rjaf-PC4429","S-1-5-18","4/4/2015 10:41:42 AM",,,"c:\users\mac_1\desktop\winevt\logs\microsoft-windows-readyboost%4operational.evtx","System.UInt32[]","System.Diagnostics.Eventing.Reader.EventBookmark","Information","Info",,"System.Collections.ObjectModel.ReadOnlyCollection`1[System.String]","System.Collections.Generic.List`1[System.Diagnostics.Eventing.Reader.EventProperty]"
"Summary of ReadyBoot Performance:
     Io Read Count: 17710
     Io Read Bytes: 422210560
     Cache Hit Count: 14627
     Cache Hit Bytes: 295477248
     Cache Hit Percentage: 0.825917560700169
     Boot Prefetch Time (us): 35002567
     Boot Prefetch Bytes: 317599744
     Boot Prefetch Read Count: 7627
","1015","1",,"4","1016","0","-9223372036854767616","1147","Microsoft-Windows-ReadyBoost","e6307a09-292c-497e-aad6-498f68e2b619","Microsoft-Windows-ReadyBoost/Operational","940","3480","rjaf-PC4429","S-1-5-18","4/4/2015 10:41:40 AM",,,"c:\users\mac_1\desktop\winevt\logs\microsoft-windows-readyboost%4operational.evtx","System.UInt32[]","System.Diagnostics.Eventing.Reader.EventBookmark","Information","Info",,"System.Collections.ObjectModel.ReadOnlyCollection`1[System.String]","System.Collections.Generic.List`1[System.Diagnostics.Eventing.Reader.EventProperty]"
"Boot plan calculation completed in 6958 ms.
     Boot Plan Timestamp: ?2015?-?04?-?03T15:28:01.228415000Z
     Reason: System boot completion
     Result: 0x0","1016","1",,"4","1016","0","-9223372036854767616","1146","Microsoft-Windows-ReadyBoost","e6307a09-292c-497e-aad6-498f68e2b619","Microsoft-Windows-ReadyBoost/Operational","924","3660","rjaf-PC4429","S-1-5-18","4/3/2015 5:28:08 AM",,,"c:\users\mac_1\desktop\winevt\logs\microsoft-windows-readyboost%4operational.evtx","System.UInt32[]","System.Diagnostics.Eventing.Reader.EventBookmark","Information","Info",,"System.Collections.ObjectModel.ReadOnlyCollection`1[System.String]","System.Collections.Generic.List`1[System.Diagnostics.Eventing.Reader.EventProperty]"
"Summary of ReadyBoot Performance:
     Io Read Count: 17840
     Io Read Bytes: 467397632
     Cache Hit Count: 14639
     Cache Hit Bytes: 300331008
     Cache Hit Percentage: 0.820571748878924
     Boot Prefetch Time (us): 31331189
     Boot Prefetch Bytes: 313434112
     Boot Prefetch Read Count: 7515
","1015","1",,"4","1016","0","-9223372036854767616","1145","Microsoft-Windows-ReadyBoost","e6307a09-292c-497e-aad6-498f68e2b619","Microsoft-Windows-ReadyBoost/Operational","924","3660","rjaf-PC4429","S-1-5-18","4/3/2015 5:28:06 AM",,,"c:\users\mac_1\desktop\winevt\logs\microsoft-windows-readyboost%4operational.evtx","System.UInt32[]","System.Diagnostics.Eventing.Reader.EventBookmark","Information","Info",,"System.Collections.ObjectModel.ReadOnlyCollection`1[System.String]","System.Collections.Generic.List`1[System.Diagnostics.Eventing.Reader.EventProperty]"
"Boot plan calculation completed in 1030 ms.
     Boot Plan Timestamp: ?2015?-?04?-?02T11:01:43.644246300Z
     Reason: Disk defragmentation
     Result: 0x0","1016","1",,"4","1016","0","-9223372036854767616","1144","Microsoft-Windows-ReadyBoost","e6307a09-292c-497e-aad6-498f68e2b619","Microsoft-Windows-ReadyBoost/Operational","900","1136","rjaf-PC4429","S-1-5-18","4/2/2015 1:01:44 AM",,,"c:\users\mac_1\desktop\winevt\logs\microsoft-windows-readyboost%4operational.evtx","System.UInt32[]","System.Diagnostics.Eventing.Reader.EventBookmark","Information","Info",,"System.Collections.ObjectModel.ReadOnlyCollection`1[System.String]","System.Collections.Generic.List`1[System.Diagnostics.Eventing.Reader.EventProperty]"
"Boot plan calculation completed in 7410 ms.
     Boot Plan Timestamp: ?2015?-?04?-?02T10:32:55.756512800Z
     Reason: System boot completion
     Result: 0x0","1016","1",,"4","1016","0","-9223372036854767616","1143","Microsoft-Windows-ReadyBoost","e6307a09-292c-497e-aad6-498f68e2b619","Microsoft-Windows-ReadyBoost/Operational","900","3108","rjaf-PC4429","S-1-5-18","4/2/2015 12:33:03 AM",,,"c:\users\mac_1\desktop\winevt\logs\microsoft-windows-readyboost%4operational.evtx","System.UInt32[]","System.Diagnostics.Eventing.Reader.EventBookmark","Information","Info",,"System.Collections.ObjectModel.ReadOnlyCollection`1[System.String]","System.Collections.Generic.List`1[System.Diagnostics.Eventing.Reader.EventProperty]"
"Summary of ReadyBoot Performance:
     Io Read Count: 15860
     Io Read Bytes: 394612224
     Cache Hit Count: 14713
     Cache Hit Bytes: 301754880
     Cache Hit Percentage: 0.927679697351829
     Boot Prefetch Time (us): 28286974
     Boot Prefetch Bytes: 315899904
     Boot Prefetch Read Count: 7584
","1015","1",,"4","1016","0","-9223372036854767616","1142","Microsoft-Windows-ReadyBoost","e6307a09-292c-497e-aad6-498f68e2b619","Microsoft-Windows-ReadyBoost/Operational","900","3108","rjaf-PC4429","S-1-5-18","4/2/2015 12:33:02 AM",,,"c:\users\mac_1\desktop\winevt\logs\microsoft-windows-readyboost%4operational.evtx","System.UInt32[]","System.Diagnostics.Eventing.Reader.EventBookmark","Information","Info",,"System.Collections.ObjectModel.ReadOnlyCollection`1[System.String]","System.Collections.Generic.List`1[System.Diagnostics.Eventing.Reader.EventProperty]"
"Boot plan calculation completed in 1654 ms.
     Boot Plan Timestamp: ?2015?-?04?-?02T03:02:28.906639600Z
     Reason: Disk defragmentation
     Result: 0x0","1016","1",,"4","1016","0","-9223372036854767616","1141","Microsoft-Windows-ReadyBoost","e6307a09-292c-497e-aad6-498f68e2b619","Microsoft-Windows-ReadyBoost/Operational","936","8140","rjaf-PC4429","S-1-5-18","4/1/2015 5:02:30 PM",,,"c:\users\mac_1\desktop\winevt\logs\microsoft-windows-readyboost%4operational.evtx","System.UInt32[]","System.Diagnostics.Eventing.Reader.EventBookmark","Information","Info",,"System.Collections.ObjectModel.ReadOnlyCollection`1[System.String]","System.Collections.Generic.List`1[System.Diagnostics.Eventing.Reader.EventProperty]"
"Boot plan calculation completed in 1701 ms.
     Boot Plan Timestamp: ?2015?-?04?-?01T09:52:11.668307500Z
     Reason: Disk defragmentation
     Result: 0x0","1016","1",,"4","1016","0","-9223372036854767616","1140","Microsoft-Windows-ReadyBoost","e6307a09-292c-497e-aad6-498f68e2b619","Microsoft-Windows-ReadyBoost/Operational","936","8268","rjaf-PC4429","S-1-5-18","3/31/2015 11:52:13 PM",,,"c:\users\mac_1\desktop\winevt\logs\microsoft-windows-readyboost%4operational.evtx","System.UInt32[]","System.Diagnostics.Eventing.Reader.EventBookmark","Information","Info",,"System.Collections.ObjectModel.ReadOnlyCollection`1[System.String]","System.Collections.Generic.List`1[System.Diagnostics.Eventing.Reader.EventProperty]"
"Boot plan calculation completed in 1981 ms.
     Boot Plan Timestamp: ?2015?-?04?-?01T03:02:51.650231100Z
     Reason: Disk defragmentation
     Result: 0x0","1016","1",,"4","1016","0","-9223372036854767616","1139","Microsoft-Windows-ReadyBoost","e6307a09-292c-497e-aad6-498f68e2b619","Microsoft-Windows-ReadyBoost/Operational","936","9700","rjaf-PC4429","S-1-5-18","3/31/2015 5:02:53 PM",,,"c:\users\mac_1\desktop\winevt\logs\microsoft-windows-readyboost%4operational.evtx","System.UInt32[]","System.Diagnostics.Eventing.Reader.EventBookmark","Information","Info",,"System.Collections.ObjectModel.ReadOnlyCollection`1[System.String]","System.Collections.Generic.List`1[System.Diagnostics.Eventing.Reader.EventProperty]"
