"WinSAT Application Command Line C:\Windows\system32\winsat.exe formal -log -cancelevent 1cf90ce9-961b-40bb-a3e2-88d9af8a78e2","2","0",,"0","1","0","-9223372036854775808","237","Microsoft-Windows-WindowsSystemAssessmentTool","11a75546-3234-465e-bec8-2d301cb501ac","Microsoft-Windows-WindowsSystemAssessmentTool/Operational","3800","2632","rjaf-PC4429","S-1-5-21-1634558665-2257203147-3060767804-1000","3/1/2014 3:00:01 PM",,,"c:\users\mac_1\desktop\winevt\logs\microsoft-windows-windowssystemassessmenttool%4operational.evtx","System.UInt32[]","System.Diagnostics.Eventing.Reader.EventBookmark","Information","Info",,"System.Collections.ObjectModel.ReadOnlyCollection`1[System.String]","System.Collections.Generic.List`1[System.Diagnostics.Eventing.Reader.EventProperty]"
"10:Application Intializaton","9","0",,"4","1","0","-9223372036854775808","236","Microsoft-Windows-WindowsSystemAssessmentTool","11a75546-3234-465e-bec8-2d301cb501ac","Microsoft-Windows-WindowsSystemAssessmentTool/Operational","3800","2632","rjaf-PC4429","S-1-5-21-1634558665-2257203147-3060767804-1000","3/1/2014 3:00:01 PM",,,"c:\users\mac_1\desktop\winevt\logs\microsoft-windows-windowssystemassessmenttool%4operational.evtx","System.UInt32[]","System.Diagnostics.Eventing.Reader.EventBookmark","Information","Info",,"System.Collections.ObjectModel.ReadOnlyCollection`1[System.String]","System.Collections.Generic.List`1[System.Diagnostics.Eventing.Reader.EventProperty]"
"WinSAT Application Start: ?2014?-?03?-?01T23:00:01.638170900Z","1","0",,"0","1","1","-9223372036854775808","235","Microsoft-Windows-WindowsSystemAssessmentTool","11a75546-3234-465e-bec8-2d301cb501ac","Microsoft-Windows-WindowsSystemAssessmentTool/Operational","3800","2632","rjaf-PC4429","S-1-5-21-1634558665-2257203147-3060767804-1000","3/1/2014 3:00:01 PM",,,"c:\users\mac_1\desktop\winevt\logs\microsoft-windows-windowssystemassessmenttool%4operational.evtx","System.UInt32[]","System.Diagnostics.Eventing.Reader.EventBookmark","Information","Start",,"System.Collections.ObjectModel.ReadOnlyCollection`1[System.String]","System.Collections.Generic.List`1[System.Diagnostics.Eventing.Reader.EventProperty]"
"WinSAT Application Stop: 0","3","0",,"0","1","2","-9223372036854775808","234","Microsoft-Windows-WindowsSystemAssessmentTool","11a75546-3234-465e-bec8-2d301cb501ac","Microsoft-Windows-WindowsSystemAssessmentTool/Operational","4080","4068","rjaf-PC4429","S-1-5-21-1634558665-2257203147-3060767804-1000","12/11/2013 9:16:07 AM",,,"c:\users\mac_1\desktop\winevt\logs\microsoft-windows-windowssystemassessmenttool%4operational.evtx","System.UInt32[]","System.Diagnostics.Eventing.Reader.EventBookmark","Information","Stop",,"System.Collections.ObjectModel.ReadOnlyCollection`1[System.String]","System.Collections.Generic.List`1[System.Diagnostics.Eventing.Reader.EventProperty]"
"140","10","0",,"4","1","0","-9223372036854775808","233","Microsoft-Windows-WindowsSystemAssessmentTool","11a75546-3234-465e-bec8-2d301cb501ac","Microsoft-Windows-WindowsSystemAssessmentTool/Operational","4080","4068","rjaf-PC4429","S-1-5-21-1634558665-2257203147-3060767804-1000","12/11/2013 9:16:07 AM",,,"c:\users\mac_1\desktop\winevt\logs\microsoft-windows-windowssystemassessmenttool%4operational.evtx","System.UInt32[]","System.Diagnostics.Eventing.Reader.EventBookmark","Information","Info",,"System.Collections.ObjectModel.ReadOnlyCollection`1[System.String]","System.Collections.Generic.List`1[System.Diagnostics.Eventing.Reader.EventProperty]"
"140:Restore system policies","9","0",,"4","1","0","-9223372036854775808","232","Microsoft-Windows-WindowsSystemAssessmentTool","11a75546-3234-465e-bec8-2d301cb501ac","Microsoft-Windows-WindowsSystemAssessmentTool/Operational","4080","4068","rjaf-PC4429","S-1-5-21-1634558665-2257203147-3060767804-1000","12/11/2013 9:16:07 AM",,,"c:\users\mac_1\desktop\winevt\logs\microsoft-windows-windowssystemassessmenttool%4operational.evtx","System.UInt32[]","System.Diagnostics.Eventing.Reader.EventBookmark","Information","Info",,"System.Collections.ObjectModel.ReadOnlyCollection`1[System.String]","System.Collections.Generic.List`1[System.Diagnostics.Eventing.Reader.EventProperty]"
"150:Cleanup and exit","9","0",,"4","1","0","-9223372036854775808","231","Microsoft-Windows-WindowsSystemAssessmentTool","11a75546-3234-465e-bec8-2d301cb501ac","Microsoft-Windows-WindowsSystemAssessmentTool/Operational","4080","4068","rjaf-PC4429","S-1-5-21-1634558665-2257203147-3060767804-1000","12/11/2013 9:16:07 AM",,,"c:\users\mac_1\desktop\winevt\logs\microsoft-windows-windowssystemassessmenttool%4operational.evtx","System.UInt32[]","System.Diagnostics.Eventing.Reader.EventBookmark","Information","Info",,"System.Collections.ObjectModel.ReadOnlyCollection`1[System.String]","System.Collections.Generic.List`1[System.Diagnostics.Eventing.Reader.EventProperty]"
"130","10","0",,"4","1","0","-9223372036854775808","230","Microsoft-Windows-WindowsSystemAssessmentTool","11a75546-3234-465e-bec8-2d301cb501ac","Microsoft-Windows-WindowsSystemAssessmentTool/Operational","4080","4068","rjaf-PC4429","S-1-5-21-1634558665-2257203147-3060767804-1000","12/11/2013 9:16:07 AM",,,"c:\users\mac_1\desktop\winevt\logs\microsoft-windows-windowssystemassessmenttool%4operational.evtx","System.UInt32[]","System.Diagnostics.Eventing.Reader.EventBookmark","Information","Info",,"System.Collections.ObjectModel.ReadOnlyCollection`1[System.String]","System.Collections.Generic.List`1[System.Diagnostics.Eventing.Reader.EventProperty]"
"130:Process Results","9","0",,"4","1","0","-9223372036854775808","229","Microsoft-Windows-WindowsSystemAssessmentTool","11a75546-3234-465e-bec8-2d301cb501ac","Microsoft-Windows-WindowsSystemAssessmentTool/Operational","4080","4068","rjaf-PC4429","S-1-5-21-1634558665-2257203147-3060767804-1000","12/11/2013 9:16:06 AM",,,"c:\users\mac_1\desktop\winevt\logs\microsoft-windows-windowssystemassessmenttool%4operational.evtx","System.UInt32[]","System.Diagnostics.Eventing.Reader.EventBookmark","Information","Info",,"System.Collections.ObjectModel.ReadOnlyCollection`1[System.String]","System.Collections.Generic.List`1[System.Diagnostics.Eventing.Reader.EventProperty]"
"1009","10","0",,"4","1","0","-9223372036854775808","228","Microsoft-Windows-WindowsSystemAssessmentTool","11a75546-3234-465e-bec8-2d301cb501ac","Microsoft-Windows-WindowsSystemAssessmentTool/Operational","4080","4068","rjaf-PC4429","S-1-5-21-1634558665-2257203147-3060767804-1000","12/11/2013 9:16:06 AM",,,"c:\users\mac_1\desktop\winevt\logs\microsoft-windows-windowssystemassessmenttool%4operational.evtx","System.UInt32[]","System.Diagnostics.Eventing.Reader.EventBookmark","Information","Info",,"System.Collections.ObjectModel.ReadOnlyCollection`1[System.String]","System.Collections.Generic.List`1[System.Diagnostics.Eventing.Reader.EventProperty]"
"1009:Run Assessment, mediaex, -input C:\Windows\Performance\WinSAT\Clip_480_5sec_6mbps_h264.mp4 -video offscreen -audio mute -width 100%m -height 100%m -constrain -savereg -autoprofname -expfrmmin 270 -expfrmmax 300 -overrideframetype int2fps","9","0",,"4","1","0","-9223372036854775808","227","Microsoft-Windows-WindowsSystemAssessmentTool","11a75546-3234-465e-bec8-2d301cb501ac","Microsoft-Windows-WindowsSystemAssessmentTool/Operational","4080","4068","rjaf-PC4429","S-1-5-21-1634558665-2257203147-3060767804-1000","12/11/2013 9:16:00 AM",,,"c:\users\mac_1\desktop\winevt\logs\microsoft-windows-windowssystemassessmenttool%4operational.evtx","System.UInt32[]","System.Diagnostics.Eventing.Reader.EventBookmark","Information","Info",,"System.Collections.ObjectModel.ReadOnlyCollection`1[System.String]","System.Collections.Generic.List`1[System.Diagnostics.Eventing.Reader.EventProperty]"
"1009","10","0",,"4","1","0","-9223372036854775808","226","Microsoft-Windows-WindowsSystemAssessmentTool","11a75546-3234-465e-bec8-2d301cb501ac","Microsoft-Windows-WindowsSystemAssessmentTool/Operational","4080","4068","rjaf-PC4429","S-1-5-21-1634558665-2257203147-3060767804-1000","12/11/2013 9:16:00 AM",,,"c:\users\mac_1\desktop\winevt\logs\microsoft-windows-windowssystemassessmenttool%4operational.evtx","System.UInt32[]","System.Diagnostics.Eventing.Reader.EventBookmark","Information","Info",,"System.Collections.ObjectModel.ReadOnlyCollection`1[System.String]","System.Collections.Generic.List`1[System.Diagnostics.Eventing.Reader.EventProperty]"
"1009:Run Assessment, mediaex, -input C:\Windows\Performance\WinSAT\Clip_1080_5sec_10mbps_h264.mp4 -video offscreen -audio mute -width 100%m -height 100%m -constrain -savereg -autoprofname -expfrmmin 135 -expfrmmax 150 -overrideframetype prog","9","0",,"4","1","0","-9223372036854775808","225","Microsoft-Windows-WindowsSystemAssessmentTool","11a75546-3234-465e-bec8-2d301cb501ac","Microsoft-Windows-WindowsSystemAssessmentTool/Operational","4080","4068","rjaf-PC4429","S-1-5-21-1634558665-2257203147-3060767804-1000","12/11/2013 9:15:54 AM",,,"c:\users\mac_1\desktop\winevt\logs\microsoft-windows-windowssystemassessmenttool%4operational.evtx","System.UInt32[]","System.Diagnostics.Eventing.Reader.EventBookmark","Information","Info",,"System.Collections.ObjectModel.ReadOnlyCollection`1[System.String]","System.Collections.Generic.List`1[System.Diagnostics.Eventing.Reader.EventProperty]"
"1009","10","0",,"4","1","0","-9223372036854775808","224","Microsoft-Windows-WindowsSystemAssessmentTool","11a75546-3234-465e-bec8-2d301cb501ac","Microsoft-Windows-WindowsSystemAssessmentTool/Operational","4080","4068","rjaf-PC4429","S-1-5-21-1634558665-2257203147-3060767804-1000","12/11/2013 9:15:54 AM",,,"c:\users\mac_1\desktop\winevt\logs\microsoft-windows-windowssystemassessmenttool%4operational.evtx","System.UInt32[]","System.Diagnostics.Eventing.Reader.EventBookmark","Information","Info",,"System.Collections.ObjectModel.ReadOnlyCollection`1[System.String]","System.Collections.Generic.List`1[System.Diagnostics.Eventing.Reader.EventProperty]"
"1009:Run Assessment, mediaex, -input C:\Windows\Performance\WinSAT\Clip_480p_5sec_6mbps_new.mpg -dshow -video offscreen -audio mute -width 100%m -height 100%m -constrain -savereg -autoprofname -expfrmmin 135 -expfrmmax 150 -overrideframetype prog","9","0",,"4","1","0","-9223372036854775808","223","Microsoft-Windows-WindowsSystemAssessmentTool","11a75546-3234-465e-bec8-2d301cb501ac","Microsoft-Windows-WindowsSystemAssessmentTool/Operational","4080","4068","rjaf-PC4429","S-1-5-21-1634558665-2257203147-3060767804-1000","12/11/2013 9:15:48 AM",,,"c:\users\mac_1\desktop\winevt\logs\microsoft-windows-windowssystemassessmenttool%4operational.evtx","System.UInt32[]","System.Diagnostics.Eventing.Reader.EventBookmark","Information","Info",,"System.Collections.ObjectModel.ReadOnlyCollection`1[System.String]","System.Collections.Generic.List`1[System.Diagnostics.Eventing.Reader.EventProperty]"
"1009","10","0",,"4","1","0","-9223372036854775808","222","Microsoft-Windows-WindowsSystemAssessmentTool","11a75546-3234-465e-bec8-2d301cb501ac","Microsoft-Windows-WindowsSystemAssessmentTool/Operational","4080","4068","rjaf-PC4429","S-1-5-21-1634558665-2257203147-3060767804-1000","12/11/2013 9:15:48 AM",,,"c:\users\mac_1\desktop\winevt\logs\microsoft-windows-windowssystemassessmenttool%4operational.evtx","System.UInt32[]","System.Diagnostics.Eventing.Reader.EventBookmark","Information","Info",,"System.Collections.ObjectModel.ReadOnlyCollection`1[System.String]","System.Collections.Generic.List`1[System.Diagnostics.Eventing.Reader.EventProperty]"
"1009:Run Assessment, mediaex, -input C:\Windows\Performance\WinSAT\Clip_480i_5sec_6mbps_new.mpg -dshow -video offscreen -audio mute -width 100%m -height 100%m -constrain -savereg -autoprofname -expfrmmin 270 -expfrmmax 300 -overrideframetype int2fps","9","0",,"4","1","0","-9223372036854775808","221","Microsoft-Windows-WindowsSystemAssessmentTool","11a75546-3234-465e-bec8-2d301cb501ac","Microsoft-Windows-WindowsSystemAssessmentTool/Operational","4080","4068","rjaf-PC4429","S-1-5-21-1634558665-2257203147-3060767804-1000","12/11/2013 9:15:42 AM",,,"c:\users\mac_1\desktop\winevt\logs\microsoft-windows-windowssystemassessmenttool%4operational.evtx","System.UInt32[]","System.Diagnostics.Eventing.Reader.EventBookmark","Information","Info",,"System.Collections.ObjectModel.ReadOnlyCollection`1[System.String]","System.Collections.Generic.List`1[System.Diagnostics.Eventing.Reader.EventProperty]"
"1009","10","0",,"4","1","0","-9223372036854775808","220","Microsoft-Windows-WindowsSystemAssessmentTool","11a75546-3234-465e-bec8-2d301cb501ac","Microsoft-Windows-WindowsSystemAssessmentTool/Operational","4080","4068","rjaf-PC4429","S-1-5-21-1634558665-2257203147-3060767804-1000","12/11/2013 9:15:42 AM",,,"c:\users\mac_1\desktop\winevt\logs\microsoft-windows-windowssystemassessmenttool%4operational.evtx","System.UInt32[]","System.Diagnostics.Eventing.Reader.EventBookmark","Information","Info",,"System.Collections.ObjectModel.ReadOnlyCollection`1[System.String]","System.Collections.Generic.List`1[System.Diagnostics.Eventing.Reader.EventProperty]"
"1009:Run Assessment, mediaex, -input C:\Windows\Performance\WinSAT\Clip_1080_5sec_VC1_15mbps.wmv -video offscreen -audio mute -width 100%m -height 100%m -constrain -savereg -autoprofname -expfrmmin 135 -expfrmmax 150 -overrideframetype prog","9","0",,"4","1","0","-9223372036854775808","219","Microsoft-Windows-WindowsSystemAssessmentTool","11a75546-3234-465e-bec8-2d301cb501ac","Microsoft-Windows-WindowsSystemAssessmentTool/Operational","4080","4068","rjaf-PC4429","S-1-5-21-1634558665-2257203147-3060767804-1000","12/11/2013 9:15:22 AM",,,"c:\users\mac_1\desktop\winevt\logs\microsoft-windows-windowssystemassessmenttool%4operational.evtx","System.UInt32[]","System.Diagnostics.Eventing.Reader.EventBookmark","Information","Info",,"System.Collections.ObjectModel.ReadOnlyCollection`1[System.String]","System.Collections.Generic.List`1[System.Diagnostics.Eventing.Reader.EventProperty]"
"1009","10","0",,"4","1","0","-9223372036854775808","218","Microsoft-Windows-WindowsSystemAssessmentTool","11a75546-3234-465e-bec8-2d301cb501ac","Microsoft-Windows-WindowsSystemAssessmentTool/Operational","4080","4068","rjaf-PC4429","S-1-5-21-1634558665-2257203147-3060767804-1000","12/11/2013 9:15:22 AM",,,"c:\users\mac_1\desktop\winevt\logs\microsoft-windows-windowssystemassessmenttool%4operational.evtx","System.UInt32[]","System.Diagnostics.Eventing.Reader.EventBookmark","Information","Info",,"System.Collections.ObjectModel.ReadOnlyCollection`1[System.String]","System.Collections.Generic.List`1[System.Diagnostics.Eventing.Reader.EventProperty]"
"1009:Run Assessment, mediaex, -input C:\Windows\Performance\WinSAT\Clip_1080_5sec_MPEG2_HD_15mbps.mpg -dshow -video offscreen -audio mute -width 100%m -height 100%m -constrain -savereg -autoprofname -expfrmmin 270 -expfrmmax 300 -overrideframetype int2fps","9","0",,"4","1","0","-9223372036854775808","217","Microsoft-Windows-WindowsSystemAssessmentTool","11a75546-3234-465e-bec8-2d301cb501ac","Microsoft-Windows-WindowsSystemAssessmentTool/Operational","4080","4068","rjaf-PC4429","S-1-5-21-1634558665-2257203147-3060767804-1000","12/11/2013 9:15:15 AM",,,"c:\users\mac_1\desktop\winevt\logs\microsoft-windows-windowssystemassessmenttool%4operational.evtx","System.UInt32[]","System.Diagnostics.Eventing.Reader.EventBookmark","Information","Info",,"System.Collections.ObjectModel.ReadOnlyCollection`1[System.String]","System.Collections.Generic.List`1[System.Diagnostics.Eventing.Reader.EventProperty]"
"1008","10","0",,"4","1","0","-9223372036854775808","216","Microsoft-Windows-WindowsSystemAssessmentTool","11a75546-3234-465e-bec8-2d301cb501ac","Microsoft-Windows-WindowsSystemAssessmentTool/Operational","4080","4068","rjaf-PC4429","S-1-5-21-1634558665-2257203147-3060767804-1000","12/11/2013 9:15:15 AM",,,"c:\users\mac_1\desktop\winevt\logs\microsoft-windows-windowssystemassessmenttool%4operational.evtx","System.UInt32[]","System.Diagnostics.Eventing.Reader.EventBookmark","Information","Info",,"System.Collections.ObjectModel.ReadOnlyCollection`1[System.String]","System.Collections.Generic.List`1[System.Diagnostics.Eventing.Reader.EventProperty]"
"1008:Run Assessment, mfmedia, -input C:\Windows\Performance\WinSAT\winsat.wmv -nopmp","9","0",,"4","1","0","-9223372036854775808","215","Microsoft-Windows-WindowsSystemAssessmentTool","11a75546-3234-465e-bec8-2d301cb501ac","Microsoft-Windows-WindowsSystemAssessmentTool/Operational","4080","4068","rjaf-PC4429","S-1-5-21-1634558665-2257203147-3060767804-1000","12/11/2013 9:15:13 AM",,,"c:\users\mac_1\desktop\winevt\logs\microsoft-windows-windowssystemassessmenttool%4operational.evtx","System.UInt32[]","System.Diagnostics.Eventing.Reader.EventBookmark","Information","Info",,"System.Collections.ObjectModel.ReadOnlyCollection`1[System.String]","System.Collections.Generic.List`1[System.Diagnostics.Eventing.Reader.EventProperty]"
"1006","10","0",,"4","1","0","-9223372036854775808","214","Microsoft-Windows-WindowsSystemAssessmentTool","11a75546-3234-465e-bec8-2d301cb501ac","Microsoft-Windows-WindowsSystemAssessmentTool/Operational","4080","4068","rjaf-PC4429","S-1-5-21-1634558665-2257203147-3060767804-1000","12/11/2013 9:15:13 AM",,,"c:\users\mac_1\desktop\winevt\logs\microsoft-windows-windowssystemassessmenttool%4operational.evtx","System.UInt32[]","System.Diagnostics.Eventing.Reader.EventBookmark","Information","Info",,"System.Collections.ObjectModel.ReadOnlyCollection`1[System.String]","System.Collections.Generic.List`1[System.Diagnostics.Eventing.Reader.EventProperty]"
"1006:Run Assessment, d3d, -dx10  -aname CBuffer -time 5 -fbc 10 -disp off -animate 10 -width 1280 -height 1024 -totalobj 75 -batchcnt C(25) -objs C(8) -rendertotex 6 -rtdelta 3 -texpobj C(1) -cbuffershader -cbufa 2 -cbuff 5 -cbufp 6","9","0",,"4","1","0","-9223372036854775808","213","Microsoft-Windows-WindowsSystemAssessmentTool","11a75546-3234-465e-bec8-2d301cb501ac","Microsoft-Windows-WindowsSystemAssessmentTool/Operational","4080","4068","rjaf-PC4429","S-1-5-21-1634558665-2257203147-3060767804-1000","12/11/2013 9:15:07 AM",,,"c:\users\mac_1\desktop\winevt\logs\microsoft-windows-windowssystemassessmenttool%4operational.evtx","System.UInt32[]","System.Diagnostics.Eventing.Reader.EventBookmark","Information","Info",,"System.Collections.ObjectModel.ReadOnlyCollection`1[System.String]","System.Collections.Generic.List`1[System.Diagnostics.Eventing.Reader.EventProperty]"
"1006","10","0",,"4","1","0","-9223372036854775808","212","Microsoft-Windows-WindowsSystemAssessmentTool","11a75546-3234-465e-bec8-2d301cb501ac","Microsoft-Windows-WindowsSystemAssessmentTool/Operational","4080","4068","rjaf-PC4429","S-1-5-21-1634558665-2257203147-3060767804-1000","12/11/2013 9:15:07 AM",,,"c:\users\mac_1\desktop\winevt\logs\microsoft-windows-windowssystemassessmenttool%4operational.evtx","System.UInt32[]","System.Diagnostics.Eventing.Reader.EventBookmark","Information","Info",,"System.Collections.ObjectModel.ReadOnlyCollection`1[System.String]","System.Collections.Generic.List`1[System.Diagnostics.Eventing.Reader.EventProperty]"
"1006:Run Assessment, d3d, -dx10  -aname GeomV8 -time 7 -fbc 10 -disp off -animate 10 -width 1280 -height 1024 -totalobj 75;100;120 -batchcnt C(25);C(100);C(150) -objs C(8);C(17);C(29) -noalpha -geomv8shader -texpobj C(0) -rendertotex 6 -rtdelta 3 -tierframes 60 -tiertime 1","9","0",,"4","1","0","-9223372036854775808","211","Microsoft-Windows-WindowsSystemAssessmentTool","11a75546-3234-465e-bec8-2d301cb501ac","Microsoft-Windows-WindowsSystemAssessmentTool/Operational","4080","4068","rjaf-PC4429","S-1-5-21-1634558665-2257203147-3060767804-1000","12/11/2013 9:14:59 AM",,,"c:\users\mac_1\desktop\winevt\logs\microsoft-windows-windowssystemassessmenttool%4operational.evtx","System.UInt32[]","System.Diagnostics.Eventing.Reader.EventBookmark","Information","Info",,"System.Collections.ObjectModel.ReadOnlyCollection`1[System.String]","System.Collections.Generic.List`1[System.Diagnostics.Eventing.Reader.EventProperty]"
"1006","10","0",,"4","1","0","-9223372036854775808","210","Microsoft-Windows-WindowsSystemAssessmentTool","11a75546-3234-465e-bec8-2d301cb501ac","Microsoft-Windows-WindowsSystemAssessmentTool/Operational","4080","4068","rjaf-PC4429","S-1-5-21-1634558665-2257203147-3060767804-1000","12/11/2013 9:14:59 AM",,,"c:\users\mac_1\desktop\winevt\logs\microsoft-windows-windowssystemassessmenttool%4operational.evtx","System.UInt32[]","System.Diagnostics.Eventing.Reader.EventBookmark","Information","Info",,"System.Collections.ObjectModel.ReadOnlyCollection`1[System.String]","System.Collections.Generic.List`1[System.Diagnostics.Eventing.Reader.EventProperty]"
"1006:Run Assessment, d3d, -dx10  -aname GeomF4 -time 7 -fbc 10 -disp off -animate 10 -width 1280 -height 1024 -totalobj 150;200;241 -batchcnt C(50);C(200);C(300) -objs C(12);C(26);C(45) -noalpha -geomf4shader -texpobj C(0) -rendertotex 6 -rtdelta 3 -tierframes 60 -tiertime 1","9","0",,"4","1","0","-9223372036854775808","209","Microsoft-Windows-WindowsSystemAssessmentTool","11a75546-3234-465e-bec8-2d301cb501ac","Microsoft-Windows-WindowsSystemAssessmentTool/Operational","4080","4068","rjaf-PC4429","S-1-5-21-1634558665-2257203147-3060767804-1000","12/11/2013 9:14:51 AM",,,"c:\users\mac_1\desktop\winevt\logs\microsoft-windows-windowssystemassessmenttool%4operational.evtx","System.UInt32[]","System.Diagnostics.Eventing.Reader.EventBookmark","Information","Info",,"System.Collections.ObjectModel.ReadOnlyCollection`1[System.String]","System.Collections.Generic.List`1[System.Diagnostics.Eventing.Reader.EventProperty]"
"1006","10","0",,"4","1","0","-9223372036854775808","208","Microsoft-Windows-WindowsSystemAssessmentTool","11a75546-3234-465e-bec8-2d301cb501ac","Microsoft-Windows-WindowsSystemAssessmentTool/Operational","4080","4068","rjaf-PC4429","S-1-5-21-1634558665-2257203147-3060767804-1000","12/11/2013 9:14:51 AM",,,"c:\users\mac_1\desktop\winevt\logs\microsoft-windows-windowssystemassessmenttool%4operational.evtx","System.UInt32[]","System.Diagnostics.Eventing.Reader.EventBookmark","Information","Info",,"System.Collections.ObjectModel.ReadOnlyCollection`1[System.String]","System.Collections.Generic.List`1[System.Diagnostics.Eventing.Reader.EventProperty]"
"1006:Run Assessment, d3d, -dx10  -aname ALU -time 5 -fbc 10 -disp off -animate 10 -width 1280 -height 1024 -totalobj 500 -batchcnt C(125) -objs C(20) -noalpha -alushader -totaltex 10 -texpobj C(1) -rendertotex 6 -rtdelta 3","9","0",,"4","1","0","-9223372036854775808","207","Microsoft-Windows-WindowsSystemAssessmentTool","11a75546-3234-465e-bec8-2d301cb501ac","Microsoft-Windows-WindowsSystemAssessmentTool/Operational","4080","4068","rjaf-PC4429","S-1-5-21-1634558665-2257203147-3060767804-1000","12/11/2013 9:14:30 AM",,,"c:\users\mac_1\desktop\winevt\logs\microsoft-windows-windowssystemassessmenttool%4operational.evtx","System.UInt32[]","System.Diagnostics.Eventing.Reader.EventBookmark","Information","Info",,"System.Collections.ObjectModel.ReadOnlyCollection`1[System.String]","System.Collections.Generic.List`1[System.Diagnostics.Eventing.Reader.EventProperty]"
"1006","10","0",,"4","1","0","-9223372036854775808","206","Microsoft-Windows-WindowsSystemAssessmentTool","11a75546-3234-465e-bec8-2d301cb501ac","Microsoft-Windows-WindowsSystemAssessmentTool/Operational","4080","4068","rjaf-PC4429","S-1-5-21-1634558665-2257203147-3060767804-1000","12/11/2013 9:14:30 AM",,,"c:\users\mac_1\desktop\winevt\logs\microsoft-windows-windowssystemassessmenttool%4operational.evtx","System.UInt32[]","System.Diagnostics.Eventing.Reader.EventBookmark","Information","Info",,"System.Collections.ObjectModel.ReadOnlyCollection`1[System.String]","System.Collections.Generic.List`1[System.Diagnostics.Eventing.Reader.EventProperty]"
"1006:Run Assessment, d3d, -dx10  -aname Tex -time 5 -fbc 10 -disp off -animate 10 -width 1280 -height 1024 -totalobj 500 -batchcnt C(125) -objs C(20) -noalpha -texshader -totaltex 10 -texpobj C(4) -rendertotex 6 -rtdelta 3","9","0",,"4","1","0","-9223372036854775808","205","Microsoft-Windows-WindowsSystemAssessmentTool","11a75546-3234-465e-bec8-2d301cb501ac","Microsoft-Windows-WindowsSystemAssessmentTool/Operational","4080","4068","rjaf-PC4429","S-1-5-21-1634558665-2257203147-3060767804-1000","12/11/2013 9:14:17 AM",,,"c:\users\mac_1\desktop\winevt\logs\microsoft-windows-windowssystemassessmenttool%4operational.evtx","System.UInt32[]","System.Diagnostics.Eventing.Reader.EventBookmark","Information","Info",,"System.Collections.ObjectModel.ReadOnlyCollection`1[System.String]","System.Collections.Generic.List`1[System.Diagnostics.Eventing.Reader.EventProperty]"
"1006","10","0",,"4","1","0","-9223372036854775808","204","Microsoft-Windows-WindowsSystemAssessmentTool","11a75546-3234-465e-bec8-2d301cb501ac","Microsoft-Windows-WindowsSystemAssessmentTool/Operational","4080","4068","rjaf-PC4429","S-1-5-21-1634558665-2257203147-3060767804-1000","12/11/2013 9:14:17 AM",,,"c:\users\mac_1\desktop\winevt\logs\microsoft-windows-windowssystemassessmenttool%4operational.evtx","System.UInt32[]","System.Diagnostics.Eventing.Reader.EventBookmark","Information","Info",,"System.Collections.ObjectModel.ReadOnlyCollection`1[System.String]","System.Collections.Generic.List`1[System.Diagnostics.Eventing.Reader.EventProperty]"
"1006:Run Assessment, d3d, -dx10  -aname Alpha -time 5 -fbc 10 -disp off -animate 10 -width 1280 -height 1024 -totalobj 300 -batchcnt C(75) -objs C(26) -rendertotex 6 -rtdelta 3 -texpobj C(1)","9","0",,"4","1","0","-9223372036854775808","203","Microsoft-Windows-WindowsSystemAssessmentTool","11a75546-3234-465e-bec8-2d301cb501ac","Microsoft-Windows-WindowsSystemAssessmentTool/Operational","4080","4068","rjaf-PC4429","S-1-5-21-1634558665-2257203147-3060767804-1000","12/11/2013 9:14:11 AM",,,"c:\users\mac_1\desktop\winevt\logs\microsoft-windows-windowssystemassessmenttool%4operational.evtx","System.UInt32[]","System.Diagnostics.Eventing.Reader.EventBookmark","Information","Info",,"System.Collections.ObjectModel.ReadOnlyCollection`1[System.String]","System.Collections.Generic.List`1[System.Diagnostics.Eventing.Reader.EventProperty]"
"1006","10","0",,"4","1","0","-9223372036854775808","202","Microsoft-Windows-WindowsSystemAssessmentTool","11a75546-3234-465e-bec8-2d301cb501ac","Microsoft-Windows-WindowsSystemAssessmentTool/Operational","4080","4068","rjaf-PC4429","S-1-5-21-1634558665-2257203147-3060767804-1000","12/11/2013 9:14:11 AM",,,"c:\users\mac_1\desktop\winevt\logs\microsoft-windows-windowssystemassessmenttool%4operational.evtx","System.UInt32[]","System.Diagnostics.Eventing.Reader.EventBookmark","Information","Info",,"System.Collections.ObjectModel.ReadOnlyCollection`1[System.String]","System.Collections.Generic.List`1[System.Diagnostics.Eventing.Reader.EventProperty]"
"1006:Run Assessment, d3d, -dx10  -aname Batch -time 5 -fbc 10 -disp off -animate 10 -width 1280 -height 1024 -totalobj 300 -batchcnt C(10) -objs C(26) -rendertotex 6 -rtdelta 3 -texpobj C(1)","9","0",,"4","1","0","-9223372036854775808","201","Microsoft-Windows-WindowsSystemAssessmentTool","11a75546-3234-465e-bec8-2d301cb501ac","Microsoft-Windows-WindowsSystemAssessmentTool/Operational","4080","4068","rjaf-PC4429","S-1-5-21-1634558665-2257203147-3060767804-1000","12/11/2013 9:14:04 AM",,,"c:\users\mac_1\desktop\winevt\logs\microsoft-windows-windowssystemassessmenttool%4operational.evtx","System.UInt32[]","System.Diagnostics.Eventing.Reader.EventBookmark","Information","Info",,"System.Collections.ObjectModel.ReadOnlyCollection`1[System.String]","System.Collections.Generic.List`1[System.Diagnostics.Eventing.Reader.EventProperty]"
"1006","10","0",,"4","1","0","-9223372036854775808","200","Microsoft-Windows-WindowsSystemAssessmentTool","11a75546-3234-465e-bec8-2d301cb501ac","Microsoft-Windows-WindowsSystemAssessmentTool/Operational","4080","4068","rjaf-PC4429","S-1-5-21-1634558665-2257203147-3060767804-1000","12/11/2013 9:14:04 AM",,,"c:\users\mac_1\desktop\winevt\logs\microsoft-windows-windowssystemassessmenttool%4operational.evtx","System.UInt32[]","System.Diagnostics.Eventing.Reader.EventBookmark","Information","Info",,"System.Collections.ObjectModel.ReadOnlyCollection`1[System.String]","System.Collections.Generic.List`1[System.Diagnostics.Eventing.Reader.EventProperty]"
"1006:Run Assessment, d3d, -aname ALU -time 5 -fbc 10 -disp off -animate 10 -width 1280 -height 1024 -totalobj 500 -batchcnt C(125) -objs C(20) -noalpha -alushader -totaltex 10 -texpobj C(1) -rendertotex 6 -rtdelta 3","9","0",,"4","1","0","-9223372036854775808","199","Microsoft-Windows-WindowsSystemAssessmentTool","11a75546-3234-465e-bec8-2d301cb501ac","Microsoft-Windows-WindowsSystemAssessmentTool/Operational","4080","4068","rjaf-PC4429","S-1-5-21-1634558665-2257203147-3060767804-1000","12/11/2013 9:13:55 AM",,,"c:\users\mac_1\desktop\winevt\logs\microsoft-windows-windowssystemassessmenttool%4operational.evtx","System.UInt32[]","System.Diagnostics.Eventing.Reader.EventBookmark","Information","Info",,"System.Collections.ObjectModel.ReadOnlyCollection`1[System.String]","System.Collections.Generic.List`1[System.Diagnostics.Eventing.Reader.EventProperty]"
"1006","10","0",,"4","1","0","-9223372036854775808","198","Microsoft-Windows-WindowsSystemAssessmentTool","11a75546-3234-465e-bec8-2d301cb501ac","Microsoft-Windows-WindowsSystemAssessmentTool/Operational","4080","4068","rjaf-PC4429","S-1-5-21-1634558665-2257203147-3060767804-1000","12/11/2013 9:13:55 AM",,,"c:\users\mac_1\desktop\winevt\logs\microsoft-windows-windowssystemassessmenttool%4operational.evtx","System.UInt32[]","System.Diagnostics.Eventing.Reader.EventBookmark","Information","Info",,"System.Collections.ObjectModel.ReadOnlyCollection`1[System.String]","System.Collections.Generic.List`1[System.Diagnostics.Eventing.Reader.EventProperty]"
"1006:Run Assessment, d3d, -aname Tex -time 5 -fbc 10 -disp off -animate 10 -width 1280 -height 1024 -totalobj 500 -batchcnt C(125) -objs C(20) -noalpha -texshader -totaltex 10 -texpobj C(4) -rendertotex 6 -rtdelta 3","9","0",,"4","1","0","-9223372036854775808","197","Microsoft-Windows-WindowsSystemAssessmentTool","11a75546-3234-465e-bec8-2d301cb501ac","Microsoft-Windows-WindowsSystemAssessmentTool/Operational","4080","4068","rjaf-PC4429","S-1-5-21-1634558665-2257203147-3060767804-1000","12/11/2013 9:13:46 AM",,,"c:\users\mac_1\desktop\winevt\logs\microsoft-windows-windowssystemassessmenttool%4operational.evtx","System.UInt32[]","System.Diagnostics.Eventing.Reader.EventBookmark","Information","Info",,"System.Collections.ObjectModel.ReadOnlyCollection`1[System.String]","System.Collections.Generic.List`1[System.Diagnostics.Eventing.Reader.EventProperty]"
"1006","10","0",,"4","1","0","-9223372036854775808","196","Microsoft-Windows-WindowsSystemAssessmentTool","11a75546-3234-465e-bec8-2d301cb501ac","Microsoft-Windows-WindowsSystemAssessmentTool/Operational","4080","4068","rjaf-PC4429","S-1-5-21-1634558665-2257203147-3060767804-1000","12/11/2013 9:13:46 AM",,,"c:\users\mac_1\desktop\winevt\logs\microsoft-windows-windowssystemassessmenttool%4operational.evtx","System.UInt32[]","System.Diagnostics.Eventing.Reader.EventBookmark","Information","Info",,"System.Collections.ObjectModel.ReadOnlyCollection`1[System.String]","System.Collections.Generic.List`1[System.Diagnostics.Eventing.Reader.EventProperty]"
"1006:Run Assessment, d3d, -aname Alpha -time 5 -fbc 10 -disp off -animate 10 -width 1280 -height 1024 -totalobj 300 -batchcnt C(75) -objs C(26) -rendertotex 6 -rtdelta 3 -texpobj C(1)","9","0",,"4","1","0","-9223372036854775808","195","Microsoft-Windows-WindowsSystemAssessmentTool","11a75546-3234-465e-bec8-2d301cb501ac","Microsoft-Windows-WindowsSystemAssessmentTool/Operational","4080","4068","rjaf-PC4429","S-1-5-21-1634558665-2257203147-3060767804-1000","12/11/2013 9:13:41 AM",,,"c:\users\mac_1\desktop\winevt\logs\microsoft-windows-windowssystemassessmenttool%4operational.evtx","System.UInt32[]","System.Diagnostics.Eventing.Reader.EventBookmark","Information","Info",,"System.Collections.ObjectModel.ReadOnlyCollection`1[System.String]","System.Collections.Generic.List`1[System.Diagnostics.Eventing.Reader.EventProperty]"
"1006","10","0",,"4","1","0","-9223372036854775808","194","Microsoft-Windows-WindowsSystemAssessmentTool","11a75546-3234-465e-bec8-2d301cb501ac","Microsoft-Windows-WindowsSystemAssessmentTool/Operational","4080","4068","rjaf-PC4429","S-1-5-21-1634558665-2257203147-3060767804-1000","12/11/2013 9:13:41 AM",,,"c:\users\mac_1\desktop\winevt\logs\microsoft-windows-windowssystemassessmenttool%4operational.evtx","System.UInt32[]","System.Diagnostics.Eventing.Reader.EventBookmark","Information","Info",,"System.Collections.ObjectModel.ReadOnlyCollection`1[System.String]","System.Collections.Generic.List`1[System.Diagnostics.Eventing.Reader.EventProperty]"
"1006:Run Assessment, d3d, -aname Batch -time 5 -fbc 10 -disp off -animate 10 -width 1280 -height 1024 -totalobj 300 -batchcnt C(10) -objs C(26) -rendertotex 6 -rtdelta 3 -texpobj C(1)","9","0",,"4","1","0","-9223372036854775808","193","Microsoft-Windows-WindowsSystemAssessmentTool","11a75546-3234-465e-bec8-2d301cb501ac","Microsoft-Windows-WindowsSystemAssessmentTool/Operational","4080","4068","rjaf-PC4429","S-1-5-21-1634558665-2257203147-3060767804-1000","12/11/2013 9:13:35 AM",,,"c:\users\mac_1\desktop\winevt\logs\microsoft-windows-windowssystemassessmenttool%4operational.evtx","System.UInt32[]","System.Diagnostics.Eventing.Reader.EventBookmark","Information","Info",,"System.Collections.ObjectModel.ReadOnlyCollection`1[System.String]","System.Collections.Generic.List`1[System.Diagnostics.Eventing.Reader.EventProperty]"
"1005","10","0",,"4","1","0","-9223372036854775808","192","Microsoft-Windows-WindowsSystemAssessmentTool","11a75546-3234-465e-bec8-2d301cb501ac","Microsoft-Windows-WindowsSystemAssessmentTool/Operational","4080","4068","rjaf-PC4429","S-1-5-21-1634558665-2257203147-3060767804-1000","12/11/2013 9:13:35 AM",,,"c:\users\mac_1\desktop\winevt\logs\microsoft-windows-windowssystemassessmenttool%4operational.evtx","System.UInt32[]","System.Diagnostics.Eventing.Reader.EventBookmark","Information","Info",,"System.Collections.ObjectModel.ReadOnlyCollection`1[System.String]","System.Collections.Generic.List`1[System.Diagnostics.Eventing.Reader.EventProperty]"
"1005:Run Assessment, dwm, -aname DWM -time 10 -fbc 10 -disp off -normalw 12 -width 1280 -height 1024 -winwidth C(1144) -winheight C(915) -rendertotex 6 -rtdelta 3 -nolock","9","0",,"4","1","0","-9223372036854775808","191","Microsoft-Windows-WindowsSystemAssessmentTool","11a75546-3234-465e-bec8-2d301cb501ac","Microsoft-Windows-WindowsSystemAssessmentTool/Operational","4080","4068","rjaf-PC4429","S-1-5-21-1634558665-2257203147-3060767804-1000","12/11/2013 9:13:23 AM",,,"c:\users\mac_1\desktop\winevt\logs\microsoft-windows-windowssystemassessmenttool%4operational.evtx","System.UInt32[]","System.Diagnostics.Eventing.Reader.EventBookmark","Information","Info",,"System.Collections.ObjectModel.ReadOnlyCollection`1[System.String]","System.Collections.Generic.List`1[System.Diagnostics.Eventing.Reader.EventProperty]"
"1001","10","0",,"4","1","0","-9223372036854775808","190","Microsoft-Windows-WindowsSystemAssessmentTool","11a75546-3234-465e-bec8-2d301cb501ac","Microsoft-Windows-WindowsSystemAssessmentTool/Operational","4080","4068","rjaf-PC4429","S-1-5-21-1634558665-2257203147-3060767804-1000","12/11/2013 9:13:23 AM",,,"c:\users\mac_1\desktop\winevt\logs\microsoft-windows-windowssystemassessmenttool%4operational.evtx","System.UInt32[]","System.Diagnostics.Eventing.Reader.EventBookmark","Information","Info",,"System.Collections.ObjectModel.ReadOnlyCollection`1[System.String]","System.Collections.Generic.List`1[System.Diagnostics.Eventing.Reader.EventProperty]"
"120","10","0",,"4","1","0","-9223372036854775808","189","Microsoft-Windows-WindowsSystemAssessmentTool","11a75546-3234-465e-bec8-2d301cb501ac","Microsoft-Windows-WindowsSystemAssessmentTool/Operational","4080","4068","rjaf-PC4429","S-1-5-21-1634558665-2257203147-3060767804-1000","12/11/2013 9:13:23 AM",,,"c:\users\mac_1\desktop\winevt\logs\microsoft-windows-windowssystemassessmenttool%4operational.evtx","System.UInt32[]","System.Diagnostics.Eventing.Reader.EventBookmark","Information","Info",,"System.Collections.ObjectModel.ReadOnlyCollection`1[System.String]","System.Collections.Generic.List`1[System.Diagnostics.Eventing.Reader.EventProperty]"
"120:Get graphics adapter information","9","0",,"4","1","0","-9223372036854775808","188","Microsoft-Windows-WindowsSystemAssessmentTool","11a75546-3234-465e-bec8-2d301cb501ac","Microsoft-Windows-WindowsSystemAssessmentTool/Operational","4080","4068","rjaf-PC4429","S-1-5-21-1634558665-2257203147-3060767804-1000","12/11/2013 9:13:23 AM",,,"c:\users\mac_1\desktop\winevt\logs\microsoft-windows-windowssystemassessmenttool%4operational.evtx","System.UInt32[]","System.Diagnostics.Eventing.Reader.EventBookmark","Information","Info",,"System.Collections.ObjectModel.ReadOnlyCollection`1[System.String]","System.Collections.Generic.List`1[System.Diagnostics.Eventing.Reader.EventProperty]"
"1001:Run Assessment, features, ","9","0",,"4","1","0","-9223372036854775808","187","Microsoft-Windows-WindowsSystemAssessmentTool","11a75546-3234-465e-bec8-2d301cb501ac","Microsoft-Windows-WindowsSystemAssessmentTool/Operational","4080","4068","rjaf-PC4429","S-1-5-21-1634558665-2257203147-3060767804-1000","12/11/2013 9:13:23 AM",,,"c:\users\mac_1\desktop\winevt\logs\microsoft-windows-windowssystemassessmenttool%4operational.evtx","System.UInt32[]","System.Diagnostics.Eventing.Reader.EventBookmark","Information","Info",,"System.Collections.ObjectModel.ReadOnlyCollection`1[System.String]","System.Collections.Generic.List`1[System.Diagnostics.Eventing.Reader.EventProperty]"
"10","10","0",,"4","1","0","-9223372036854775808","186","Microsoft-Windows-WindowsSystemAssessmentTool","11a75546-3234-465e-bec8-2d301cb501ac","Microsoft-Windows-WindowsSystemAssessmentTool/Operational","4080","4068","rjaf-PC4429","S-1-5-21-1634558665-2257203147-3060767804-1000","12/11/2013 9:13:23 AM",,,"c:\users\mac_1\desktop\winevt\logs\microsoft-windows-windowssystemassessmenttool%4operational.evtx","System.UInt32[]","System.Diagnostics.Eventing.Reader.EventBookmark","Information","Info",,"System.Collections.ObjectModel.ReadOnlyCollection`1[System.String]","System.Collections.Generic.List`1[System.Diagnostics.Eventing.Reader.EventProperty]"
"30","10","0",,"4","1","0","-9223372036854775808","185","Microsoft-Windows-WindowsSystemAssessmentTool","11a75546-3234-465e-bec8-2d301cb501ac","Microsoft-Windows-WindowsSystemAssessmentTool/Operational","4080","4068","rjaf-PC4429","S-1-5-21-1634558665-2257203147-3060767804-1000","12/11/2013 9:13:23 AM",,,"c:\users\mac_1\desktop\winevt\logs\microsoft-windows-windowssystemassessmenttool%4operational.evtx","System.UInt32[]","System.Diagnostics.Eventing.Reader.EventBookmark","Information","Info",,"System.Collections.ObjectModel.ReadOnlyCollection`1[System.String]","System.Collections.Generic.List`1[System.Diagnostics.Eventing.Reader.EventProperty]"
"50","10","0",,"4","1","0","-9223372036854775808","184","Microsoft-Windows-WindowsSystemAssessmentTool","11a75546-3234-465e-bec8-2d301cb501ac","Microsoft-Windows-WindowsSystemAssessmentTool/Operational","4080","4068","rjaf-PC4429","S-1-5-21-1634558665-2257203147-3060767804-1000","12/11/2013 9:13:23 AM",,,"c:\users\mac_1\desktop\winevt\logs\microsoft-windows-windowssystemassessmenttool%4operational.evtx","System.UInt32[]","System.Diagnostics.Eventing.Reader.EventBookmark","Information","Info",,"System.Collections.ObjectModel.ReadOnlyCollection`1[System.String]","System.Collections.Generic.List`1[System.Diagnostics.Eventing.Reader.EventProperty]"
"110","10","0",,"4","1","0","-9223372036854775808","183","Microsoft-Windows-WindowsSystemAssessmentTool","11a75546-3234-465e-bec8-2d301cb501ac","Microsoft-Windows-WindowsSystemAssessmentTool/Operational","4080","4068","rjaf-PC4429","S-1-5-21-1634558665-2257203147-3060767804-1000","12/11/2013 9:13:23 AM",,,"c:\users\mac_1\desktop\winevt\logs\microsoft-windows-windowssystemassessmenttool%4operational.evtx","System.UInt32[]","System.Diagnostics.Eventing.Reader.EventBookmark","Information","Info",,"System.Collections.ObjectModel.ReadOnlyCollection`1[System.String]","System.Collections.Generic.List`1[System.Diagnostics.Eventing.Reader.EventProperty]"
"110:Get WDDM support","9","0",,"4","1","0","-9223372036854775808","182","Microsoft-Windows-WindowsSystemAssessmentTool","11a75546-3234-465e-bec8-2d301cb501ac","Microsoft-Windows-WindowsSystemAssessmentTool/Operational","4080","4068","rjaf-PC4429","S-1-5-21-1634558665-2257203147-3060767804-1000","12/11/2013 9:13:23 AM",,,"c:\users\mac_1\desktop\winevt\logs\microsoft-windows-windowssystemassessmenttool%4operational.evtx","System.UInt32[]","System.Diagnostics.Eventing.Reader.EventBookmark","Information","Info",,"System.Collections.ObjectModel.ReadOnlyCollection`1[System.String]","System.Collections.Generic.List`1[System.Diagnostics.Eventing.Reader.EventProperty]"
"100","10","0",,"4","1","0","-9223372036854775808","181","Microsoft-Windows-WindowsSystemAssessmentTool","11a75546-3234-465e-bec8-2d301cb501ac","Microsoft-Windows-WindowsSystemAssessmentTool/Operational","4080","4068","rjaf-PC4429","S-1-5-21-1634558665-2257203147-3060767804-1000","12/11/2013 9:13:23 AM",,,"c:\users\mac_1\desktop\winevt\logs\microsoft-windows-windowssystemassessmenttool%4operational.evtx","System.UInt32[]","System.Diagnostics.Eventing.Reader.EventBookmark","Information","Info",,"System.Collections.ObjectModel.ReadOnlyCollection`1[System.String]","System.Collections.Generic.List`1[System.Diagnostics.Eventing.Reader.EventProperty]"
"100:Get shader support","9","0",,"4","1","0","-9223372036854775808","180","Microsoft-Windows-WindowsSystemAssessmentTool","11a75546-3234-465e-bec8-2d301cb501ac","Microsoft-Windows-WindowsSystemAssessmentTool/Operational","4080","4068","rjaf-PC4429","S-1-5-21-1634558665-2257203147-3060767804-1000","12/11/2013 9:13:23 AM",,,"c:\users\mac_1\desktop\winevt\logs\microsoft-windows-windowssystemassessmenttool%4operational.evtx","System.UInt32[]","System.Diagnostics.Eventing.Reader.EventBookmark","Information","Info",,"System.Collections.ObjectModel.ReadOnlyCollection`1[System.String]","System.Collections.Generic.List`1[System.Diagnostics.Eventing.Reader.EventProperty]"
"90","10","0",,"4","1","0","-9223372036854775808","179","Microsoft-Windows-WindowsSystemAssessmentTool","11a75546-3234-465e-bec8-2d301cb501ac","Microsoft-Windows-WindowsSystemAssessmentTool/Operational","4080","4068","rjaf-PC4429","S-1-5-21-1634558665-2257203147-3060767804-1000","12/11/2013 9:13:23 AM",,,"c:\users\mac_1\desktop\winevt\logs\microsoft-windows-windowssystemassessmenttool%4operational.evtx","System.UInt32[]","System.Diagnostics.Eventing.Reader.EventBookmark","Information","Info",,"System.Collections.ObjectModel.ReadOnlyCollection`1[System.String]","System.Collections.Generic.List`1[System.Diagnostics.Eventing.Reader.EventProperty]"
"90:Get Adapter Description","9","0",,"4","1","0","-9223372036854775808","178","Microsoft-Windows-WindowsSystemAssessmentTool","11a75546-3234-465e-bec8-2d301cb501ac","Microsoft-Windows-WindowsSystemAssessmentTool/Operational","4080","4068","rjaf-PC4429","S-1-5-21-1634558665-2257203147-3060767804-1000","12/11/2013 9:13:23 AM",,,"c:\users\mac_1\desktop\winevt\logs\microsoft-windows-windowssystemassessmenttool%4operational.evtx","System.UInt32[]","System.Diagnostics.Eventing.Reader.EventBookmark","Information","Info",,"System.Collections.ObjectModel.ReadOnlyCollection`1[System.String]","System.Collections.Generic.List`1[System.Diagnostics.Eventing.Reader.EventProperty]"
"80","10","0",,"4","1","0","-9223372036854775808","177","Microsoft-Windows-WindowsSystemAssessmentTool","11a75546-3234-465e-bec8-2d301cb501ac","Microsoft-Windows-WindowsSystemAssessmentTool/Operational","4080","4068","rjaf-PC4429","S-1-5-21-1634558665-2257203147-3060767804-1000","12/11/2013 9:13:23 AM",,,"c:\users\mac_1\desktop\winevt\logs\microsoft-windows-windowssystemassessmenttool%4operational.evtx","System.UInt32[]","System.Diagnostics.Eventing.Reader.EventBookmark","Information","Info",,"System.Collections.ObjectModel.ReadOnlyCollection`1[System.String]","System.Collections.Generic.List`1[System.Diagnostics.Eventing.Reader.EventProperty]"
"80:Get DX9 Device capabilities","9","0",,"4","1","0","-9223372036854775808","176","Microsoft-Windows-WindowsSystemAssessmentTool","11a75546-3234-465e-bec8-2d301cb501ac","Microsoft-Windows-WindowsSystemAssessmentTool/Operational","4080","4068","rjaf-PC4429","S-1-5-21-1634558665-2257203147-3060767804-1000","12/11/2013 9:13:23 AM",,,"c:\users\mac_1\desktop\winevt\logs\microsoft-windows-windowssystemassessmenttool%4operational.evtx","System.UInt32[]","System.Diagnostics.Eventing.Reader.EventBookmark","Information","Info",,"System.Collections.ObjectModel.ReadOnlyCollection`1[System.String]","System.Collections.Generic.List`1[System.Diagnostics.Eventing.Reader.EventProperty]"
"70","10","0",,"4","1","0","-9223372036854775808","175","Microsoft-Windows-WindowsSystemAssessmentTool","11a75546-3234-465e-bec8-2d301cb501ac","Microsoft-Windows-WindowsSystemAssessmentTool/Operational","4080","4068","rjaf-PC4429","S-1-5-21-1634558665-2257203147-3060767804-1000","12/11/2013 9:13:23 AM",,,"c:\users\mac_1\desktop\winevt\logs\microsoft-windows-windowssystemassessmenttool%4operational.evtx","System.UInt32[]","System.Diagnostics.Eventing.Reader.EventBookmark","Information","Info",,"System.Collections.ObjectModel.ReadOnlyCollection`1[System.String]","System.Collections.Generic.List`1[System.Diagnostics.Eventing.Reader.EventProperty]"
"70:Initializing DX9","9","0",,"4","1","0","-9223372036854775808","174","Microsoft-Windows-WindowsSystemAssessmentTool","11a75546-3234-465e-bec8-2d301cb501ac","Microsoft-Windows-WindowsSystemAssessmentTool/Operational","4080","4068","rjaf-PC4429","S-1-5-21-1634558665-2257203147-3060767804-1000","12/11/2013 9:13:23 AM",,,"c:\users\mac_1\desktop\winevt\logs\microsoft-windows-windowssystemassessmenttool%4operational.evtx","System.UInt32[]","System.Diagnostics.Eventing.Reader.EventBookmark","Information","Info",,"System.Collections.ObjectModel.ReadOnlyCollection`1[System.String]","System.Collections.Generic.List`1[System.Diagnostics.Eventing.Reader.EventProperty]"
"60","10","0",,"4","1","0","-9223372036854775808","173","Microsoft-Windows-WindowsSystemAssessmentTool","11a75546-3234-465e-bec8-2d301cb501ac","Microsoft-Windows-WindowsSystemAssessmentTool/Operational","4080","4068","rjaf-PC4429","S-1-5-21-1634558665-2257203147-3060767804-1000","12/11/2013 9:13:23 AM",,,"c:\users\mac_1\desktop\winevt\logs\microsoft-windows-windowssystemassessmenttool%4operational.evtx","System.UInt32[]","System.Diagnostics.Eventing.Reader.EventBookmark","Information","Info",,"System.Collections.ObjectModel.ReadOnlyCollection`1[System.String]","System.Collections.Generic.List`1[System.Diagnostics.Eventing.Reader.EventProperty]"
"60:Gather Monitor information","9","0",,"4","1","0","-9223372036854775808","172","Microsoft-Windows-WindowsSystemAssessmentTool","11a75546-3234-465e-bec8-2d301cb501ac","Microsoft-Windows-WindowsSystemAssessmentTool/Operational","4080","4068","rjaf-PC4429","S-1-5-21-1634558665-2257203147-3060767804-1000","12/11/2013 9:13:23 AM",,,"c:\users\mac_1\desktop\winevt\logs\microsoft-windows-windowssystemassessmenttool%4operational.evtx","System.UInt32[]","System.Diagnostics.Eventing.Reader.EventBookmark","Information","Info",,"System.Collections.ObjectModel.ReadOnlyCollection`1[System.String]","System.Collections.Generic.List`1[System.Diagnostics.Eventing.Reader.EventProperty]"
"50:Gather Graphics information","9","0",,"4","1","0","-9223372036854775808","171","Microsoft-Windows-WindowsSystemAssessmentTool","11a75546-3234-465e-bec8-2d301cb501ac","Microsoft-Windows-WindowsSystemAssessmentTool/Operational","4080","4068","rjaf-PC4429","S-1-5-21-1634558665-2257203147-3060767804-1000","12/11/2013 9:13:23 AM",,,"c:\users\mac_1\desktop\winevt\logs\microsoft-windows-windowssystemassessmenttool%4operational.evtx","System.UInt32[]","System.Diagnostics.Eventing.Reader.EventBookmark","Information","Info",,"System.Collections.ObjectModel.ReadOnlyCollection`1[System.String]","System.Collections.Generic.List`1[System.Diagnostics.Eventing.Reader.EventProperty]"
"40","10","0",,"4","1","0","-9223372036854775808","170","Microsoft-Windows-WindowsSystemAssessmentTool","11a75546-3234-465e-bec8-2d301cb501ac","Microsoft-Windows-WindowsSystemAssessmentTool/Operational","4080","4068","rjaf-PC4429","S-1-5-21-1634558665-2257203147-3060767804-1000","12/11/2013 9:13:23 AM",,,"c:\users\mac_1\desktop\winevt\logs\microsoft-windows-windowssystemassessmenttool%4operational.evtx","System.UInt32[]","System.Diagnostics.Eventing.Reader.EventBookmark","Information","Info",,"System.Collections.ObjectModel.ReadOnlyCollection`1[System.String]","System.Collections.Generic.List`1[System.Diagnostics.Eventing.Reader.EventProperty]"
"40:Gather CPU information","9","0",,"4","1","0","-9223372036854775808","169","Microsoft-Windows-WindowsSystemAssessmentTool","11a75546-3234-465e-bec8-2d301cb501ac","Microsoft-Windows-WindowsSystemAssessmentTool/Operational","4080","4068","rjaf-PC4429","S-1-5-21-1634558665-2257203147-3060767804-1000","12/11/2013 9:13:23 AM",,,"c:\users\mac_1\desktop\winevt\logs\microsoft-windows-windowssystemassessmenttool%4operational.evtx","System.UInt32[]","System.Diagnostics.Eventing.Reader.EventBookmark","Information","Info",,"System.Collections.ObjectModel.ReadOnlyCollection`1[System.String]","System.Collections.Generic.List`1[System.Diagnostics.Eventing.Reader.EventProperty]"
