"The scripted diagnostic engine started diagnosing the diagnostic package MaintenanceDiagnostic.","103","0",,"4","0","0","4611686052787126272","1019","Microsoft-Windows-Diagnosis-Scripted","e1dd7e52-621d-44e3-a1ad-0370c2b25946","Microsoft-Windows-Diagnosis-Scripted/Operational","3952","3560","rjaf-PC4429","S-1-5-21-1634558665-2257203147-3060767804-1000","11/3/2014 10:35:55 AM",,,"c:\users\mac_1\desktop\winevt\logs\microsoft-windows-diagnosis-scripted%4operational.evtx","System.UInt32[]","System.Diagnostics.Eventing.Reader.EventBookmark","Information","Info",,"System.Collections.ObjectModel.ReadOnlyCollection`1[System.String]","System.Collections.Generic.List`1[System.Diagnostics.Eventing.Reader.EventProperty]"
"The scripted diagnostic engine completed initializing a diagnostic package located at C:\Windows\diagnostics\scheduled\Maintenance.","102","0",,"4","0","0","4611686052787126272","1018","Microsoft-Windows-Diagnosis-Scripted","e1dd7e52-621d-44e3-a1ad-0370c2b25946","Microsoft-Windows-Diagnosis-Scripted/Operational","3952","3560","rjaf-PC4429","S-1-5-21-1634558665-2257203147-3060767804-1000","11/3/2014 10:35:55 AM",,,"c:\users\mac_1\desktop\winevt\logs\microsoft-windows-diagnosis-scripted%4operational.evtx","System.UInt32[]","System.Diagnostics.Eventing.Reader.EventBookmark","Information","Info",,"System.Collections.ObjectModel.ReadOnlyCollection`1[System.String]","System.Collections.Generic.List`1[System.Diagnostics.Eventing.Reader.EventProperty]"
"The scripted diagnostic engine started initializing a diagnostic package located at C:\Windows\diagnostics\scheduled\Maintenance.","101","0",,"4","0","0","4611686052787126272","1017","Microsoft-Windows-Diagnosis-Scripted","e1dd7e52-621d-44e3-a1ad-0370c2b25946","Microsoft-Windows-Diagnosis-Scripted/Operational","3952","3560","rjaf-PC4429","S-1-5-21-1634558665-2257203147-3060767804-1000","11/3/2014 10:35:54 AM",,,"c:\users\mac_1\desktop\winevt\logs\microsoft-windows-diagnosis-scripted%4operational.evtx","System.UInt32[]","System.Diagnostics.Eventing.Reader.EventBookmark","Information","Info",,"System.Collections.ObjectModel.ReadOnlyCollection`1[System.String]","System.Collections.Generic.List`1[System.Diagnostics.Eventing.Reader.EventProperty]"
"Rootcause RC_DiagnosticHistory/DefaultInstanceId was resolved in package MaintenanceDiagnostic.","402","0",,"4","0","0","4611686052787126272","1016","Microsoft-Windows-Diagnosis-Scripted","e1dd7e52-621d-44e3-a1ad-0370c2b25946","Microsoft-Windows-Diagnosis-Scripted/Operational","316","3200","rjaf-PC4429","S-1-5-21-1634558665-2257203147-3060767804-1000","11/2/2014 2:46:58 PM",,,"c:\users\mac_1\desktop\winevt\logs\microsoft-windows-diagnosis-scripted%4operational.evtx","System.UInt32[]","System.Diagnostics.Eventing.Reader.EventBookmark","Information","Info",,"System.Collections.ObjectModel.ReadOnlyCollection`1[System.String]","System.Collections.Generic.List`1[System.Diagnostics.Eventing.Reader.EventProperty]"
"The scripted diagnostic engine completed verifying the diagnostic package MaintenanceDiagnostic.","108","0",,"4","0","0","4611686052787126272","1015","Microsoft-Windows-Diagnosis-Scripted","e1dd7e52-621d-44e3-a1ad-0370c2b25946","Microsoft-Windows-Diagnosis-Scripted/Operational","316","3200","rjaf-PC4429","S-1-5-21-1634558665-2257203147-3060767804-1000","11/2/2014 2:46:58 PM",,,"c:\users\mac_1\desktop\winevt\logs\microsoft-windows-diagnosis-scripted%4operational.evtx","System.UInt32[]","System.Diagnostics.Eventing.Reader.EventBookmark","Information","Info",,"System.Collections.ObjectModel.ReadOnlyCollection`1[System.String]","System.Collections.Generic.List`1[System.Diagnostics.Eventing.Reader.EventProperty]"
"The scripted diagnostic engine started verifying the diagnostic package MaintenanceDiagnostic.","107","0",,"4","0","0","4611686052787126272","1014","Microsoft-Windows-Diagnosis-Scripted","e1dd7e52-621d-44e3-a1ad-0370c2b25946","Microsoft-Windows-Diagnosis-Scripted/Operational","316","3200","rjaf-PC4429","S-1-5-21-1634558665-2257203147-3060767804-1000","11/2/2014 2:46:58 PM",,,"c:\users\mac_1\desktop\winevt\logs\microsoft-windows-diagnosis-scripted%4operational.evtx","System.UInt32[]","System.Diagnostics.Eventing.Reader.EventBookmark","Information","Info",,"System.Collections.ObjectModel.ReadOnlyCollection`1[System.String]","System.Collections.Generic.List`1[System.Diagnostics.Eventing.Reader.EventProperty]"
"The scripted diagnostic engine completed running the resolution RC_DiagnosticHistory/DefaultInstanceId/RS_UserDiagnosticHistory in the diagnostic package MaintenanceDiagnostic.","106","0",,"4","0","0","4611686052787126272","1013","Microsoft-Windows-Diagnosis-Scripted","e1dd7e52-621d-44e3-a1ad-0370c2b25946","Microsoft-Windows-Diagnosis-Scripted/Operational","316","3200","rjaf-PC4429","S-1-5-21-1634558665-2257203147-3060767804-1000","11/2/2014 2:46:58 PM",,,"c:\users\mac_1\desktop\winevt\logs\microsoft-windows-diagnosis-scripted%4operational.evtx","System.UInt32[]","System.Diagnostics.Eventing.Reader.EventBookmark","Information","Info",,"System.Collections.ObjectModel.ReadOnlyCollection`1[System.String]","System.Collections.Generic.List`1[System.Diagnostics.Eventing.Reader.EventProperty]"
"The scripted diagnostic engine started running the resolution RC_DiagnosticHistory/DefaultInstanceId/RS_UserDiagnosticHistory in the diagnostic package MaintenanceDiagnostic.","105","0",,"4","0","0","4611686052787126272","1012","Microsoft-Windows-Diagnosis-Scripted","e1dd7e52-621d-44e3-a1ad-0370c2b25946","Microsoft-Windows-Diagnosis-Scripted/Operational","316","3200","rjaf-PC4429","S-1-5-21-1634558665-2257203147-3060767804-1000","11/2/2014 2:46:58 PM",,,"c:\users\mac_1\desktop\winevt\logs\microsoft-windows-diagnosis-scripted%4operational.evtx","System.UInt32[]","System.Diagnostics.Eventing.Reader.EventBookmark","Information","Info",,"System.Collections.ObjectModel.ReadOnlyCollection`1[System.String]","System.Collections.Generic.List`1[System.Diagnostics.Eventing.Reader.EventProperty]"
"The scripted diagnostic engine completed diagnosing the diagnostic package MaintenanceDiagnostic.","104","0",,"4","0","0","4611686052787126272","1011","Microsoft-Windows-Diagnosis-Scripted","e1dd7e52-621d-44e3-a1ad-0370c2b25946","Microsoft-Windows-Diagnosis-Scripted/Operational","316","3200","rjaf-PC4429","S-1-5-21-1634558665-2257203147-3060767804-1000","11/2/2014 2:46:58 PM",,,"c:\users\mac_1\desktop\winevt\logs\microsoft-windows-diagnosis-scripted%4operational.evtx","System.UInt32[]","System.Diagnostics.Eventing.Reader.EventBookmark","Information","Info",,"System.Collections.ObjectModel.ReadOnlyCollection`1[System.String]","System.Collections.Generic.List`1[System.Diagnostics.Eventing.Reader.EventProperty]"
"Rootcause RC_DiagnosticHistory/DefaultInstanceId was detected in package MaintenanceDiagnostic.","401","0",,"4","0","0","4611686052787126272","1010","Microsoft-Windows-Diagnosis-Scripted","e1dd7e52-621d-44e3-a1ad-0370c2b25946","Microsoft-Windows-Diagnosis-Scripted/Operational","316","3200","rjaf-PC4429","S-1-5-21-1634558665-2257203147-3060767804-1000","11/2/2014 2:46:58 PM",,,"c:\users\mac_1\desktop\winevt\logs\microsoft-windows-diagnosis-scripted%4operational.evtx","System.UInt32[]","System.Diagnostics.Eventing.Reader.EventBookmark","Information","Info",,"System.Collections.ObjectModel.ReadOnlyCollection`1[System.String]","System.Collections.Generic.List`1[System.Diagnostics.Eventing.Reader.EventProperty]"
"The scripted diagnostic engine started diagnosing the diagnostic package MaintenanceDiagnostic.","103","0",,"4","0","0","4611686052787126272","1009","Microsoft-Windows-Diagnosis-Scripted","e1dd7e52-621d-44e3-a1ad-0370c2b25946","Microsoft-Windows-Diagnosis-Scripted/Operational","316","3200","rjaf-PC4429","S-1-5-21-1634558665-2257203147-3060767804-1000","11/2/2014 2:46:41 PM",,,"c:\users\mac_1\desktop\winevt\logs\microsoft-windows-diagnosis-scripted%4operational.evtx","System.UInt32[]","System.Diagnostics.Eventing.Reader.EventBookmark","Information","Info",,"System.Collections.ObjectModel.ReadOnlyCollection`1[System.String]","System.Collections.Generic.List`1[System.Diagnostics.Eventing.Reader.EventProperty]"
"The scripted diagnostic engine completed initializing a diagnostic package located at C:\Windows\diagnostics\scheduled\Maintenance.","102","0",,"4","0","0","4611686052787126272","1008","Microsoft-Windows-Diagnosis-Scripted","e1dd7e52-621d-44e3-a1ad-0370c2b25946","Microsoft-Windows-Diagnosis-Scripted/Operational","316","3200","rjaf-PC4429","S-1-5-21-1634558665-2257203147-3060767804-1000","11/2/2014 2:46:41 PM",,,"c:\users\mac_1\desktop\winevt\logs\microsoft-windows-diagnosis-scripted%4operational.evtx","System.UInt32[]","System.Diagnostics.Eventing.Reader.EventBookmark","Information","Info",,"System.Collections.ObjectModel.ReadOnlyCollection`1[System.String]","System.Collections.Generic.List`1[System.Diagnostics.Eventing.Reader.EventProperty]"
"The scripted diagnostic engine started initializing a diagnostic package located at C:\Windows\diagnostics\scheduled\Maintenance.","101","0",,"4","0","0","4611686052787126272","1007","Microsoft-Windows-Diagnosis-Scripted","e1dd7e52-621d-44e3-a1ad-0370c2b25946","Microsoft-Windows-Diagnosis-Scripted/Operational","316","3200","rjaf-PC4429","S-1-5-21-1634558665-2257203147-3060767804-1000","11/2/2014 2:46:41 PM",,,"c:\users\mac_1\desktop\winevt\logs\microsoft-windows-diagnosis-scripted%4operational.evtx","System.UInt32[]","System.Diagnostics.Eventing.Reader.EventBookmark","Information","Info",,"System.Collections.ObjectModel.ReadOnlyCollection`1[System.String]","System.Collections.Generic.List`1[System.Diagnostics.Eventing.Reader.EventProperty]"
"The scripted diagnostic engine completed diagnosing the diagnostic package MaintenanceDiagnostic.","104","0",,"4","0","0","4611686052787126272","1006","Microsoft-Windows-Diagnosis-Scripted","e1dd7e52-621d-44e3-a1ad-0370c2b25946","Microsoft-Windows-Diagnosis-Scripted/Operational","11960","5100","rjaf-PC4429","S-1-5-21-1634558665-2257203147-3060767804-1000","11/1/2014 10:44:50 PM",,,"c:\users\mac_1\desktop\winevt\logs\microsoft-windows-diagnosis-scripted%4operational.evtx","System.UInt32[]","System.Diagnostics.Eventing.Reader.EventBookmark","Information","Info",,"System.Collections.ObjectModel.ReadOnlyCollection`1[System.String]","System.Collections.Generic.List`1[System.Diagnostics.Eventing.Reader.EventProperty]"
"The scripted diagnostic engine started diagnosing the diagnostic package MaintenanceDiagnostic.","103","0",,"4","0","0","4611686052787126272","1005","Microsoft-Windows-Diagnosis-Scripted","e1dd7e52-621d-44e3-a1ad-0370c2b25946","Microsoft-Windows-Diagnosis-Scripted/Operational","11960","5100","rjaf-PC4429","S-1-5-21-1634558665-2257203147-3060767804-1000","11/1/2014 10:44:33 PM",,,"c:\users\mac_1\desktop\winevt\logs\microsoft-windows-diagnosis-scripted%4operational.evtx","System.UInt32[]","System.Diagnostics.Eventing.Reader.EventBookmark","Information","Info",,"System.Collections.ObjectModel.ReadOnlyCollection`1[System.String]","System.Collections.Generic.List`1[System.Diagnostics.Eventing.Reader.EventProperty]"
"The scripted diagnostic engine completed initializing a diagnostic package located at C:\Windows\diagnostics\scheduled\Maintenance.","102","0",,"4","0","0","4611686052787126272","1004","Microsoft-Windows-Diagnosis-Scripted","e1dd7e52-621d-44e3-a1ad-0370c2b25946","Microsoft-Windows-Diagnosis-Scripted/Operational","11960","5100","rjaf-PC4429","S-1-5-21-1634558665-2257203147-3060767804-1000","11/1/2014 10:44:33 PM",,,"c:\users\mac_1\desktop\winevt\logs\microsoft-windows-diagnosis-scripted%4operational.evtx","System.UInt32[]","System.Diagnostics.Eventing.Reader.EventBookmark","Information","Info",,"System.Collections.ObjectModel.ReadOnlyCollection`1[System.String]","System.Collections.Generic.List`1[System.Diagnostics.Eventing.Reader.EventProperty]"
"The scripted diagnostic engine started initializing a diagnostic package located at C:\Windows\diagnostics\scheduled\Maintenance.","101","0",,"4","0","0","4611686052787126272","1003","Microsoft-Windows-Diagnosis-Scripted","e1dd7e52-621d-44e3-a1ad-0370c2b25946","Microsoft-Windows-Diagnosis-Scripted/Operational","11960","5100","rjaf-PC4429","S-1-5-21-1634558665-2257203147-3060767804-1000","11/1/2014 10:44:33 PM",,,"c:\users\mac_1\desktop\winevt\logs\microsoft-windows-diagnosis-scripted%4operational.evtx","System.UInt32[]","System.Diagnostics.Eventing.Reader.EventBookmark","Information","Info",,"System.Collections.ObjectModel.ReadOnlyCollection`1[System.String]","System.Collections.Generic.List`1[System.Diagnostics.Eventing.Reader.EventProperty]"
"The scripted diagnostic engine completed diagnosing the diagnostic package MaintenanceDiagnostic.","104","0",,"4","0","0","4611686052787126272","1002","Microsoft-Windows-Diagnosis-Scripted","e1dd7e52-621d-44e3-a1ad-0370c2b25946","Microsoft-Windows-Diagnosis-Scripted/Operational","3652","2548","rjaf-PC4429","S-1-5-21-1634558665-2257203147-3060767804-1000","10/27/2014 1:08:56 AM",,,"c:\users\mac_1\desktop\winevt\logs\microsoft-windows-diagnosis-scripted%4operational.evtx","System.UInt32[]","System.Diagnostics.Eventing.Reader.EventBookmark","Information","Info",,"System.Collections.ObjectModel.ReadOnlyCollection`1[System.String]","System.Collections.Generic.List`1[System.Diagnostics.Eventing.Reader.EventProperty]"
"The scripted diagnostic engine started diagnosing the diagnostic package MaintenanceDiagnostic.","103","0",,"4","0","0","4611686052787126272","1001","Microsoft-Windows-Diagnosis-Scripted","e1dd7e52-621d-44e3-a1ad-0370c2b25946","Microsoft-Windows-Diagnosis-Scripted/Operational","3652","2548","rjaf-PC4429","S-1-5-21-1634558665-2257203147-3060767804-1000","10/27/2014 1:08:37 AM",,,"c:\users\mac_1\desktop\winevt\logs\microsoft-windows-diagnosis-scripted%4operational.evtx","System.UInt32[]","System.Diagnostics.Eventing.Reader.EventBookmark","Information","Info",,"System.Collections.ObjectModel.ReadOnlyCollection`1[System.String]","System.Collections.Generic.List`1[System.Diagnostics.Eventing.Reader.EventProperty]"
"The scripted diagnostic engine completed initializing a diagnostic package located at C:\Windows\diagnostics\scheduled\Maintenance.","102","0",,"4","0","0","4611686052787126272","1000","Microsoft-Windows-Diagnosis-Scripted","e1dd7e52-621d-44e3-a1ad-0370c2b25946","Microsoft-Windows-Diagnosis-Scripted/Operational","3652","2548","rjaf-PC4429","S-1-5-21-1634558665-2257203147-3060767804-1000","10/27/2014 1:08:37 AM",,,"c:\users\mac_1\desktop\winevt\logs\microsoft-windows-diagnosis-scripted%4operational.evtx","System.UInt32[]","System.Diagnostics.Eventing.Reader.EventBookmark","Information","Info",,"System.Collections.ObjectModel.ReadOnlyCollection`1[System.String]","System.Collections.Generic.List`1[System.Diagnostics.Eventing.Reader.EventProperty]"
"The scripted diagnostic engine started initializing a diagnostic package located at C:\Windows\diagnostics\scheduled\Maintenance.","101","0",,"4","0","0","4611686052787126272","999","Microsoft-Windows-Diagnosis-Scripted","e1dd7e52-621d-44e3-a1ad-0370c2b25946","Microsoft-Windows-Diagnosis-Scripted/Operational","3652","2548","rjaf-PC4429","S-1-5-21-1634558665-2257203147-3060767804-1000","10/27/2014 1:08:37 AM",,,"c:\users\mac_1\desktop\winevt\logs\microsoft-windows-diagnosis-scripted%4operational.evtx","System.UInt32[]","System.Diagnostics.Eventing.Reader.EventBookmark","Information","Info",,"System.Collections.ObjectModel.ReadOnlyCollection`1[System.String]","System.Collections.Generic.List`1[System.Diagnostics.Eventing.Reader.EventProperty]"
"The scripted diagnostic engine completed diagnosing the diagnostic package MaintenanceDiagnostic.","104","0",,"4","0","0","4611686052787126272","998","Microsoft-Windows-Diagnosis-Scripted","e1dd7e52-621d-44e3-a1ad-0370c2b25946","Microsoft-Windows-Diagnosis-Scripted/Operational","2768","3376","rjaf-PC4429","S-1-5-21-1634558665-2257203147-3060767804-1000","10/21/2014 6:09:18 AM",,,"c:\users\mac_1\desktop\winevt\logs\microsoft-windows-diagnosis-scripted%4operational.evtx","System.UInt32[]","System.Diagnostics.Eventing.Reader.EventBookmark","Information","Info",,"System.Collections.ObjectModel.ReadOnlyCollection`1[System.String]","System.Collections.Generic.List`1[System.Diagnostics.Eventing.Reader.EventProperty]"
"The scripted diagnostic engine started diagnosing the diagnostic package MaintenanceDiagnostic.","103","0",,"4","0","0","4611686052787126272","997","Microsoft-Windows-Diagnosis-Scripted","e1dd7e52-621d-44e3-a1ad-0370c2b25946","Microsoft-Windows-Diagnosis-Scripted/Operational","2768","3376","rjaf-PC4429","S-1-5-21-1634558665-2257203147-3060767804-1000","10/21/2014 6:09:03 AM",,,"c:\users\mac_1\desktop\winevt\logs\microsoft-windows-diagnosis-scripted%4operational.evtx","System.UInt32[]","System.Diagnostics.Eventing.Reader.EventBookmark","Information","Info",,"System.Collections.ObjectModel.ReadOnlyCollection`1[System.String]","System.Collections.Generic.List`1[System.Diagnostics.Eventing.Reader.EventProperty]"
"The scripted diagnostic engine completed initializing a diagnostic package located at C:\Windows\diagnostics\scheduled\Maintenance.","102","0",,"4","0","0","4611686052787126272","996","Microsoft-Windows-Diagnosis-Scripted","e1dd7e52-621d-44e3-a1ad-0370c2b25946","Microsoft-Windows-Diagnosis-Scripted/Operational","2768","3376","rjaf-PC4429","S-1-5-21-1634558665-2257203147-3060767804-1000","10/21/2014 6:09:03 AM",,,"c:\users\mac_1\desktop\winevt\logs\microsoft-windows-diagnosis-scripted%4operational.evtx","System.UInt32[]","System.Diagnostics.Eventing.Reader.EventBookmark","Information","Info",,"System.Collections.ObjectModel.ReadOnlyCollection`1[System.String]","System.Collections.Generic.List`1[System.Diagnostics.Eventing.Reader.EventProperty]"
"The scripted diagnostic engine started initializing a diagnostic package located at C:\Windows\diagnostics\scheduled\Maintenance.","101","0",,"4","0","0","4611686052787126272","995","Microsoft-Windows-Diagnosis-Scripted","e1dd7e52-621d-44e3-a1ad-0370c2b25946","Microsoft-Windows-Diagnosis-Scripted/Operational","2768","3376","rjaf-PC4429","S-1-5-21-1634558665-2257203147-3060767804-1000","10/21/2014 6:09:03 AM",,,"c:\users\mac_1\desktop\winevt\logs\microsoft-windows-diagnosis-scripted%4operational.evtx","System.UInt32[]","System.Diagnostics.Eventing.Reader.EventBookmark","Information","Info",,"System.Collections.ObjectModel.ReadOnlyCollection`1[System.String]","System.Collections.Generic.List`1[System.Diagnostics.Eventing.Reader.EventProperty]"
"The scripted diagnostic engine completed diagnosing the diagnostic package MaintenanceDiagnostic.","104","0",,"4","0","0","4611686052787126272","994","Microsoft-Windows-Diagnosis-Scripted","e1dd7e52-621d-44e3-a1ad-0370c2b25946","Microsoft-Windows-Diagnosis-Scripted/Operational","2844","1920","rjaf-PC4429","S-1-5-21-1634558665-2257203147-3060767804-1000","10/19/2014 5:48:01 AM",,,"c:\users\mac_1\desktop\winevt\logs\microsoft-windows-diagnosis-scripted%4operational.evtx","System.UInt32[]","System.Diagnostics.Eventing.Reader.EventBookmark","Information","Info",,"System.Collections.ObjectModel.ReadOnlyCollection`1[System.String]","System.Collections.Generic.List`1[System.Diagnostics.Eventing.Reader.EventProperty]"
"The scripted diagnostic engine started diagnosing the diagnostic package MaintenanceDiagnostic.","103","0",,"4","0","0","4611686052787126272","993","Microsoft-Windows-Diagnosis-Scripted","e1dd7e52-621d-44e3-a1ad-0370c2b25946","Microsoft-Windows-Diagnosis-Scripted/Operational","2844","1920","rjaf-PC4429","S-1-5-21-1634558665-2257203147-3060767804-1000","10/19/2014 5:47:42 AM",,,"c:\users\mac_1\desktop\winevt\logs\microsoft-windows-diagnosis-scripted%4operational.evtx","System.UInt32[]","System.Diagnostics.Eventing.Reader.EventBookmark","Information","Info",,"System.Collections.ObjectModel.ReadOnlyCollection`1[System.String]","System.Collections.Generic.List`1[System.Diagnostics.Eventing.Reader.EventProperty]"
"The scripted diagnostic engine completed initializing a diagnostic package located at C:\Windows\diagnostics\scheduled\Maintenance.","102","0",,"4","0","0","4611686052787126272","992","Microsoft-Windows-Diagnosis-Scripted","e1dd7e52-621d-44e3-a1ad-0370c2b25946","Microsoft-Windows-Diagnosis-Scripted/Operational","2844","1920","rjaf-PC4429","S-1-5-21-1634558665-2257203147-3060767804-1000","10/19/2014 5:47:42 AM",,,"c:\users\mac_1\desktop\winevt\logs\microsoft-windows-diagnosis-scripted%4operational.evtx","System.UInt32[]","System.Diagnostics.Eventing.Reader.EventBookmark","Information","Info",,"System.Collections.ObjectModel.ReadOnlyCollection`1[System.String]","System.Collections.Generic.List`1[System.Diagnostics.Eventing.Reader.EventProperty]"
"The scripted diagnostic engine started initializing a diagnostic package located at C:\Windows\diagnostics\scheduled\Maintenance.","101","0",,"4","0","0","4611686052787126272","991","Microsoft-Windows-Diagnosis-Scripted","e1dd7e52-621d-44e3-a1ad-0370c2b25946","Microsoft-Windows-Diagnosis-Scripted/Operational","2844","1920","rjaf-PC4429","S-1-5-21-1634558665-2257203147-3060767804-1000","10/19/2014 5:47:42 AM",,,"c:\users\mac_1\desktop\winevt\logs\microsoft-windows-diagnosis-scripted%4operational.evtx","System.UInt32[]","System.Diagnostics.Eventing.Reader.EventBookmark","Information","Info",,"System.Collections.ObjectModel.ReadOnlyCollection`1[System.String]","System.Collections.Generic.List`1[System.Diagnostics.Eventing.Reader.EventProperty]"
"The scripted diagnostic engine completed diagnosing the diagnostic package MaintenanceDiagnostic.","104","0",,"4","0","0","4611686052787126272","990","Microsoft-Windows-Diagnosis-Scripted","e1dd7e52-621d-44e3-a1ad-0370c2b25946","Microsoft-Windows-Diagnosis-Scripted/Operational","872","2728","rjaf-PC4429","S-1-5-21-1634558665-2257203147-3060767804-1000","10/15/2014 2:03:47 AM",,,"c:\users\mac_1\desktop\winevt\logs\microsoft-windows-diagnosis-scripted%4operational.evtx","System.UInt32[]","System.Diagnostics.Eventing.Reader.EventBookmark","Information","Info",,"System.Collections.ObjectModel.ReadOnlyCollection`1[System.String]","System.Collections.Generic.List`1[System.Diagnostics.Eventing.Reader.EventProperty]"
"The scripted diagnostic engine started diagnosing the diagnostic package MaintenanceDiagnostic.","103","0",,"4","0","0","4611686052787126272","989","Microsoft-Windows-Diagnosis-Scripted","e1dd7e52-621d-44e3-a1ad-0370c2b25946","Microsoft-Windows-Diagnosis-Scripted/Operational","872","2728","rjaf-PC4429","S-1-5-21-1634558665-2257203147-3060767804-1000","10/15/2014 2:03:27 AM",,,"c:\users\mac_1\desktop\winevt\logs\microsoft-windows-diagnosis-scripted%4operational.evtx","System.UInt32[]","System.Diagnostics.Eventing.Reader.EventBookmark","Information","Info",,"System.Collections.ObjectModel.ReadOnlyCollection`1[System.String]","System.Collections.Generic.List`1[System.Diagnostics.Eventing.Reader.EventProperty]"
"The scripted diagnostic engine completed initializing a diagnostic package located at C:\Windows\diagnostics\scheduled\Maintenance.","102","0",,"4","0","0","4611686052787126272","988","Microsoft-Windows-Diagnosis-Scripted","e1dd7e52-621d-44e3-a1ad-0370c2b25946","Microsoft-Windows-Diagnosis-Scripted/Operational","872","2728","rjaf-PC4429","S-1-5-21-1634558665-2257203147-3060767804-1000","10/15/2014 2:03:27 AM",,,"c:\users\mac_1\desktop\winevt\logs\microsoft-windows-diagnosis-scripted%4operational.evtx","System.UInt32[]","System.Diagnostics.Eventing.Reader.EventBookmark","Information","Info",,"System.Collections.ObjectModel.ReadOnlyCollection`1[System.String]","System.Collections.Generic.List`1[System.Diagnostics.Eventing.Reader.EventProperty]"
"The scripted diagnostic engine started initializing a diagnostic package located at C:\Windows\diagnostics\scheduled\Maintenance.","101","0",,"4","0","0","4611686052787126272","987","Microsoft-Windows-Diagnosis-Scripted","e1dd7e52-621d-44e3-a1ad-0370c2b25946","Microsoft-Windows-Diagnosis-Scripted/Operational","872","2728","rjaf-PC4429","S-1-5-21-1634558665-2257203147-3060767804-1000","10/15/2014 2:03:27 AM",,,"c:\users\mac_1\desktop\winevt\logs\microsoft-windows-diagnosis-scripted%4operational.evtx","System.UInt32[]","System.Diagnostics.Eventing.Reader.EventBookmark","Information","Info",,"System.Collections.ObjectModel.ReadOnlyCollection`1[System.String]","System.Collections.Generic.List`1[System.Diagnostics.Eventing.Reader.EventProperty]"
"The scripted diagnostic engine has encountered an error 0x803C0100.","201","0",,"2","0","0","4611686052787126272","986","Microsoft-Windows-Diagnosis-Scripted","e1dd7e52-621d-44e3-a1ad-0370c2b25946","Microsoft-Windows-Diagnosis-Scripted/Operational","4204","2176","rjaf-PC4429","S-1-5-21-1634558665-2257203147-3060767804-1000","10/12/2014 8:23:21 AM",,,"c:\users\mac_1\desktop\winevt\logs\microsoft-windows-diagnosis-scripted%4operational.evtx","System.UInt32[]","System.Diagnostics.Eventing.Reader.EventBookmark","Error","Info",,"System.Collections.ObjectModel.ReadOnlyCollection`1[System.String]","System.Collections.Generic.List`1[System.Diagnostics.Eventing.Reader.EventProperty]"
"The scripted diagnostic engine started diagnosing the diagnostic package NetworkDiagnostics.","103","0",,"4","0","0","4611686052787126272","985","Microsoft-Windows-Diagnosis-Scripted","e1dd7e52-621d-44e3-a1ad-0370c2b25946","Microsoft-Windows-Diagnosis-Scripted/Operational","4204","2176","rjaf-PC4429","S-1-5-21-1634558665-2257203147-3060767804-1000","10/12/2014 8:23:06 AM",,,"c:\users\mac_1\desktop\winevt\logs\microsoft-windows-diagnosis-scripted%4operational.evtx","System.UInt32[]","System.Diagnostics.Eventing.Reader.EventBookmark","Information","Info",,"System.Collections.ObjectModel.ReadOnlyCollection`1[System.String]","System.Collections.Generic.List`1[System.Diagnostics.Eventing.Reader.EventProperty]"
"The scripted diagnostic engine completed initializing a diagnostic package located at C:\Windows\diagnostics\system\networking.","102","0",,"4","0","0","4611686052787126272","984","Microsoft-Windows-Diagnosis-Scripted","e1dd7e52-621d-44e3-a1ad-0370c2b25946","Microsoft-Windows-Diagnosis-Scripted/Operational","4204","6028","rjaf-PC4429","S-1-5-21-1634558665-2257203147-3060767804-1000","10/12/2014 8:23:06 AM",,,"c:\users\mac_1\desktop\winevt\logs\microsoft-windows-diagnosis-scripted%4operational.evtx","System.UInt32[]","System.Diagnostics.Eventing.Reader.EventBookmark","Information","Info",,"System.Collections.ObjectModel.ReadOnlyCollection`1[System.String]","System.Collections.Generic.List`1[System.Diagnostics.Eventing.Reader.EventProperty]"
"The scripted diagnostic engine started initializing a diagnostic package located at C:\Windows\diagnostics\system\networking.","101","0",,"4","0","0","4611686052787126272","983","Microsoft-Windows-Diagnosis-Scripted","e1dd7e52-621d-44e3-a1ad-0370c2b25946","Microsoft-Windows-Diagnosis-Scripted/Operational","4204","6028","rjaf-PC4429","S-1-5-21-1634558665-2257203147-3060767804-1000","10/12/2014 8:23:05 AM",,,"c:\users\mac_1\desktop\winevt\logs\microsoft-windows-diagnosis-scripted%4operational.evtx","System.UInt32[]","System.Diagnostics.Eventing.Reader.EventBookmark","Information","Info",,"System.Collections.ObjectModel.ReadOnlyCollection`1[System.String]","System.Collections.Generic.List`1[System.Diagnostics.Eventing.Reader.EventProperty]"
"The scripted diagnostic engine completed diagnosing the diagnostic package MaintenanceDiagnostic.","104","0",,"4","0","0","4611686052787126272","982","Microsoft-Windows-Diagnosis-Scripted","e1dd7e52-621d-44e3-a1ad-0370c2b25946","Microsoft-Windows-Diagnosis-Scripted/Operational","344","3804","rjaf-PC4429","S-1-5-21-1634558665-2257203147-3060767804-1000","10/12/2014 8:22:19 AM",,,"c:\users\mac_1\desktop\winevt\logs\microsoft-windows-diagnosis-scripted%4operational.evtx","System.UInt32[]","System.Diagnostics.Eventing.Reader.EventBookmark","Information","Info",,"System.Collections.ObjectModel.ReadOnlyCollection`1[System.String]","System.Collections.Generic.List`1[System.Diagnostics.Eventing.Reader.EventProperty]"
"The scripted diagnostic engine started diagnosing the diagnostic package MaintenanceDiagnostic.","103","0",,"4","0","0","4611686052787126272","981","Microsoft-Windows-Diagnosis-Scripted","e1dd7e52-621d-44e3-a1ad-0370c2b25946","Microsoft-Windows-Diagnosis-Scripted/Operational","344","3804","rjaf-PC4429","S-1-5-21-1634558665-2257203147-3060767804-1000","10/12/2014 8:21:46 AM",,,"c:\users\mac_1\desktop\winevt\logs\microsoft-windows-diagnosis-scripted%4operational.evtx","System.UInt32[]","System.Diagnostics.Eventing.Reader.EventBookmark","Information","Info",,"System.Collections.ObjectModel.ReadOnlyCollection`1[System.String]","System.Collections.Generic.List`1[System.Diagnostics.Eventing.Reader.EventProperty]"
"The scripted diagnostic engine completed initializing a diagnostic package located at C:\Windows\diagnostics\scheduled\Maintenance.","102","0",,"4","0","0","4611686052787126272","980","Microsoft-Windows-Diagnosis-Scripted","e1dd7e52-621d-44e3-a1ad-0370c2b25946","Microsoft-Windows-Diagnosis-Scripted/Operational","344","3804","rjaf-PC4429","S-1-5-21-1634558665-2257203147-3060767804-1000","10/12/2014 8:21:46 AM",,,"c:\users\mac_1\desktop\winevt\logs\microsoft-windows-diagnosis-scripted%4operational.evtx","System.UInt32[]","System.Diagnostics.Eventing.Reader.EventBookmark","Information","Info",,"System.Collections.ObjectModel.ReadOnlyCollection`1[System.String]","System.Collections.Generic.List`1[System.Diagnostics.Eventing.Reader.EventProperty]"
"The scripted diagnostic engine started initializing a diagnostic package located at C:\Windows\diagnostics\scheduled\Maintenance.","101","0",,"4","0","0","4611686052787126272","979","Microsoft-Windows-Diagnosis-Scripted","e1dd7e52-621d-44e3-a1ad-0370c2b25946","Microsoft-Windows-Diagnosis-Scripted/Operational","344","3804","rjaf-PC4429","S-1-5-21-1634558665-2257203147-3060767804-1000","10/12/2014 8:21:45 AM",,,"c:\users\mac_1\desktop\winevt\logs\microsoft-windows-diagnosis-scripted%4operational.evtx","System.UInt32[]","System.Diagnostics.Eventing.Reader.EventBookmark","Information","Info",,"System.Collections.ObjectModel.ReadOnlyCollection`1[System.String]","System.Collections.Generic.List`1[System.Diagnostics.Eventing.Reader.EventProperty]"
"The scripted diagnostic engine has encountered an error 0x803C0100.","201","0",,"2","0","0","4611686052787126272","978","Microsoft-Windows-Diagnosis-Scripted","e1dd7e52-621d-44e3-a1ad-0370c2b25946","Microsoft-Windows-Diagnosis-Scripted/Operational","1652","2328","rjaf-PC4429","S-1-5-21-1634558665-2257203147-3060767804-1000","10/10/2014 4:41:15 AM",,,"c:\users\mac_1\desktop\winevt\logs\microsoft-windows-diagnosis-scripted%4operational.evtx","System.UInt32[]","System.Diagnostics.Eventing.Reader.EventBookmark","Error","Info",,"System.Collections.ObjectModel.ReadOnlyCollection`1[System.String]","System.Collections.Generic.List`1[System.Diagnostics.Eventing.Reader.EventProperty]"
"The scripted diagnostic engine started running the resolution {4DA030B8-86E5-4b6a-A879-2FFF8443B527}/4DA030B8-86E5-4B6A-A879-2FFF8443B527:-677141248/{1296DFF0-D04E-4be1-A512-90F04DDFA3E6} in the diagnostic package NetworkDiagnostics.","105","0",,"4","0","0","4611686052787126272","977","Microsoft-Windows-Diagnosis-Scripted","e1dd7e52-621d-44e3-a1ad-0370c2b25946","Microsoft-Windows-Diagnosis-Scripted/Operational","1652","2328","rjaf-PC4429","S-1-5-21-1634558665-2257203147-3060767804-1000","10/10/2014 4:40:44 AM",,,"c:\users\mac_1\desktop\winevt\logs\microsoft-windows-diagnosis-scripted%4operational.evtx","System.UInt32[]","System.Diagnostics.Eventing.Reader.EventBookmark","Information","Info",,"System.Collections.ObjectModel.ReadOnlyCollection`1[System.String]","System.Collections.Generic.List`1[System.Diagnostics.Eventing.Reader.EventProperty]"
"The scripted diagnostic engine completed diagnosing the diagnostic package NetworkDiagnostics.","104","0",,"4","0","0","4611686052787126272","976","Microsoft-Windows-Diagnosis-Scripted","e1dd7e52-621d-44e3-a1ad-0370c2b25946","Microsoft-Windows-Diagnosis-Scripted/Operational","1652","2328","rjaf-PC4429","S-1-5-21-1634558665-2257203147-3060767804-1000","10/10/2014 4:40:44 AM",,,"c:\users\mac_1\desktop\winevt\logs\microsoft-windows-diagnosis-scripted%4operational.evtx","System.UInt32[]","System.Diagnostics.Eventing.Reader.EventBookmark","Information","Info",,"System.Collections.ObjectModel.ReadOnlyCollection`1[System.String]","System.Collections.Generic.List`1[System.Diagnostics.Eventing.Reader.EventProperty]"
"Rootcause {4DA030B8-86E5-4b6a-A879-2FFF8443B527}/4DA030B8-86E5-4B6A-A879-2FFF8443B527:-677141248 was detected in package NetworkDiagnostics.","401","0",,"4","0","0","4611686052787126272","975","Microsoft-Windows-Diagnosis-Scripted","e1dd7e52-621d-44e3-a1ad-0370c2b25946","Microsoft-Windows-Diagnosis-Scripted/Operational","1652","2328","rjaf-PC4429","S-1-5-21-1634558665-2257203147-3060767804-1000","10/10/2014 4:40:44 AM",,,"c:\users\mac_1\desktop\winevt\logs\microsoft-windows-diagnosis-scripted%4operational.evtx","System.UInt32[]","System.Diagnostics.Eventing.Reader.EventBookmark","Information","Info",,"System.Collections.ObjectModel.ReadOnlyCollection`1[System.String]","System.Collections.Generic.List`1[System.Diagnostics.Eventing.Reader.EventProperty]"
"The scripted diagnostic engine started diagnosing the diagnostic package NetworkDiagnostics.","103","0",,"4","0","0","4611686052787126272","974","Microsoft-Windows-Diagnosis-Scripted","e1dd7e52-621d-44e3-a1ad-0370c2b25946","Microsoft-Windows-Diagnosis-Scripted/Operational","1652","2328","rjaf-PC4429","S-1-5-21-1634558665-2257203147-3060767804-1000","10/10/2014 4:40:37 AM",,,"c:\users\mac_1\desktop\winevt\logs\microsoft-windows-diagnosis-scripted%4operational.evtx","System.UInt32[]","System.Diagnostics.Eventing.Reader.EventBookmark","Information","Info",,"System.Collections.ObjectModel.ReadOnlyCollection`1[System.String]","System.Collections.Generic.List`1[System.Diagnostics.Eventing.Reader.EventProperty]"
"The scripted diagnostic engine completed initializing a diagnostic package located at C:\Windows\diagnostics\system\networking.","102","0",,"4","0","0","4611686052787126272","973","Microsoft-Windows-Diagnosis-Scripted","e1dd7e52-621d-44e3-a1ad-0370c2b25946","Microsoft-Windows-Diagnosis-Scripted/Operational","1652","3012","rjaf-PC4429","S-1-5-21-1634558665-2257203147-3060767804-1000","10/10/2014 4:40:37 AM",,,"c:\users\mac_1\desktop\winevt\logs\microsoft-windows-diagnosis-scripted%4operational.evtx","System.UInt32[]","System.Diagnostics.Eventing.Reader.EventBookmark","Information","Info",,"System.Collections.ObjectModel.ReadOnlyCollection`1[System.String]","System.Collections.Generic.List`1[System.Diagnostics.Eventing.Reader.EventProperty]"
"The scripted diagnostic engine started initializing a diagnostic package located at C:\Windows\diagnostics\system\networking.","101","0",,"4","0","0","4611686052787126272","972","Microsoft-Windows-Diagnosis-Scripted","e1dd7e52-621d-44e3-a1ad-0370c2b25946","Microsoft-Windows-Diagnosis-Scripted/Operational","1652","3012","rjaf-PC4429","S-1-5-21-1634558665-2257203147-3060767804-1000","10/10/2014 4:40:36 AM",,,"c:\users\mac_1\desktop\winevt\logs\microsoft-windows-diagnosis-scripted%4operational.evtx","System.UInt32[]","System.Diagnostics.Eventing.Reader.EventBookmark","Information","Info",,"System.Collections.ObjectModel.ReadOnlyCollection`1[System.String]","System.Collections.Generic.List`1[System.Diagnostics.Eventing.Reader.EventProperty]"
"The scripted diagnostic engine has encountered an error 0x803C0100.","201","0",,"2","0","0","4611686052787126272","971","Microsoft-Windows-Diagnosis-Scripted","e1dd7e52-621d-44e3-a1ad-0370c2b25946","Microsoft-Windows-Diagnosis-Scripted/Operational","2472","3508","rjaf-PC4429","S-1-5-21-1634558665-2257203147-3060767804-1000","10/6/2014 6:53:14 AM",,,"c:\users\mac_1\desktop\winevt\logs\microsoft-windows-diagnosis-scripted%4operational.evtx","System.UInt32[]","System.Diagnostics.Eventing.Reader.EventBookmark","Error","Info",,"System.Collections.ObjectModel.ReadOnlyCollection`1[System.String]","System.Collections.Generic.List`1[System.Diagnostics.Eventing.Reader.EventProperty]"
"The scripted diagnostic engine started diagnosing the diagnostic package AudioDiagnostic.","103","0",,"4","0","0","4611686052787126272","970","Microsoft-Windows-Diagnosis-Scripted","e1dd7e52-621d-44e3-a1ad-0370c2b25946","Microsoft-Windows-Diagnosis-Scripted/Operational","2472","3508","rjaf-PC4429","S-1-5-21-1634558665-2257203147-3060767804-1000","10/6/2014 6:53:07 AM",,,"c:\users\mac_1\desktop\winevt\logs\microsoft-windows-diagnosis-scripted%4operational.evtx","System.UInt32[]","System.Diagnostics.Eventing.Reader.EventBookmark","Information","Info",,"System.Collections.ObjectModel.ReadOnlyCollection`1[System.String]","System.Collections.Generic.List`1[System.Diagnostics.Eventing.Reader.EventProperty]"
"The scripted diagnostic engine completed initializing a diagnostic package located at C:\Windows\diagnostics\system\Device.","102","0",,"4","0","0","4611686052787126272","969","Microsoft-Windows-Diagnosis-Scripted","e1dd7e52-621d-44e3-a1ad-0370c2b25946","Microsoft-Windows-Diagnosis-Scripted/Operational","2472","3508","rjaf-PC4429","S-1-5-21-1634558665-2257203147-3060767804-1000","10/6/2014 6:53:07 AM",,,"c:\users\mac_1\desktop\winevt\logs\microsoft-windows-diagnosis-scripted%4operational.evtx","System.UInt32[]","System.Diagnostics.Eventing.Reader.EventBookmark","Information","Info",,"System.Collections.ObjectModel.ReadOnlyCollection`1[System.String]","System.Collections.Generic.List`1[System.Diagnostics.Eventing.Reader.EventProperty]"
"The scripted diagnostic engine started initializing a diagnostic package located at C:\Windows\diagnostics\system\Device.","101","0",,"4","0","0","4611686052787126272","968","Microsoft-Windows-Diagnosis-Scripted","e1dd7e52-621d-44e3-a1ad-0370c2b25946","Microsoft-Windows-Diagnosis-Scripted/Operational","2472","3508","rjaf-PC4429","S-1-5-21-1634558665-2257203147-3060767804-1000","10/6/2014 6:53:07 AM",,,"c:\users\mac_1\desktop\winevt\logs\microsoft-windows-diagnosis-scripted%4operational.evtx","System.UInt32[]","System.Diagnostics.Eventing.Reader.EventBookmark","Information","Info",,"System.Collections.ObjectModel.ReadOnlyCollection`1[System.String]","System.Collections.Generic.List`1[System.Diagnostics.Eventing.Reader.EventProperty]"
"The scripted diagnostic engine completed initializing a diagnostic package located at C:\Windows\diagnostics\system\Audio.","102","0",,"4","0","0","4611686052787126272","967","Microsoft-Windows-Diagnosis-Scripted","e1dd7e52-621d-44e3-a1ad-0370c2b25946","Microsoft-Windows-Diagnosis-Scripted/Operational","2472","3508","rjaf-PC4429","S-1-5-21-1634558665-2257203147-3060767804-1000","10/6/2014 6:53:07 AM",,,"c:\users\mac_1\desktop\winevt\logs\microsoft-windows-diagnosis-scripted%4operational.evtx","System.UInt32[]","System.Diagnostics.Eventing.Reader.EventBookmark","Information","Info",,"System.Collections.ObjectModel.ReadOnlyCollection`1[System.String]","System.Collections.Generic.List`1[System.Diagnostics.Eventing.Reader.EventProperty]"
"The scripted diagnostic engine started initializing a diagnostic package located at C:\Windows\diagnostics\system\Audio.","101","0",,"4","0","0","4611686052787126272","966","Microsoft-Windows-Diagnosis-Scripted","e1dd7e52-621d-44e3-a1ad-0370c2b25946","Microsoft-Windows-Diagnosis-Scripted/Operational","2472","3508","rjaf-PC4429","S-1-5-21-1634558665-2257203147-3060767804-1000","10/6/2014 6:53:06 AM",,,"c:\users\mac_1\desktop\winevt\logs\microsoft-windows-diagnosis-scripted%4operational.evtx","System.UInt32[]","System.Diagnostics.Eventing.Reader.EventBookmark","Information","Info",,"System.Collections.ObjectModel.ReadOnlyCollection`1[System.String]","System.Collections.Generic.List`1[System.Diagnostics.Eventing.Reader.EventProperty]"
"The scripted diagnostic engine completed diagnosing the diagnostic package MaintenanceDiagnostic.","104","0",,"4","0","0","4611686052787126272","965","Microsoft-Windows-Diagnosis-Scripted","e1dd7e52-621d-44e3-a1ad-0370c2b25946","Microsoft-Windows-Diagnosis-Scripted/Operational","760","2172","rjaf-PC4429","S-1-5-21-1634558665-2257203147-3060767804-1000","10/5/2014 11:49:34 PM",,,"c:\users\mac_1\desktop\winevt\logs\microsoft-windows-diagnosis-scripted%4operational.evtx","System.UInt32[]","System.Diagnostics.Eventing.Reader.EventBookmark","Information","Info",,"System.Collections.ObjectModel.ReadOnlyCollection`1[System.String]","System.Collections.Generic.List`1[System.Diagnostics.Eventing.Reader.EventProperty]"
"The scripted diagnostic engine started diagnosing the diagnostic package MaintenanceDiagnostic.","103","0",,"4","0","0","4611686052787126272","964","Microsoft-Windows-Diagnosis-Scripted","e1dd7e52-621d-44e3-a1ad-0370c2b25946","Microsoft-Windows-Diagnosis-Scripted/Operational","760","2172","rjaf-PC4429","S-1-5-21-1634558665-2257203147-3060767804-1000","10/5/2014 11:49:16 PM",,,"c:\users\mac_1\desktop\winevt\logs\microsoft-windows-diagnosis-scripted%4operational.evtx","System.UInt32[]","System.Diagnostics.Eventing.Reader.EventBookmark","Information","Info",,"System.Collections.ObjectModel.ReadOnlyCollection`1[System.String]","System.Collections.Generic.List`1[System.Diagnostics.Eventing.Reader.EventProperty]"
"The scripted diagnostic engine completed initializing a diagnostic package located at C:\Windows\diagnostics\scheduled\Maintenance.","102","0",,"4","0","0","4611686052787126272","963","Microsoft-Windows-Diagnosis-Scripted","e1dd7e52-621d-44e3-a1ad-0370c2b25946","Microsoft-Windows-Diagnosis-Scripted/Operational","760","2172","rjaf-PC4429","S-1-5-21-1634558665-2257203147-3060767804-1000","10/5/2014 11:49:16 PM",,,"c:\users\mac_1\desktop\winevt\logs\microsoft-windows-diagnosis-scripted%4operational.evtx","System.UInt32[]","System.Diagnostics.Eventing.Reader.EventBookmark","Information","Info",,"System.Collections.ObjectModel.ReadOnlyCollection`1[System.String]","System.Collections.Generic.List`1[System.Diagnostics.Eventing.Reader.EventProperty]"
"The scripted diagnostic engine started initializing a diagnostic package located at C:\Windows\diagnostics\scheduled\Maintenance.","101","0",,"4","0","0","4611686052787126272","962","Microsoft-Windows-Diagnosis-Scripted","e1dd7e52-621d-44e3-a1ad-0370c2b25946","Microsoft-Windows-Diagnosis-Scripted/Operational","760","2172","rjaf-PC4429","S-1-5-21-1634558665-2257203147-3060767804-1000","10/5/2014 11:49:16 PM",,,"c:\users\mac_1\desktop\winevt\logs\microsoft-windows-diagnosis-scripted%4operational.evtx","System.UInt32[]","System.Diagnostics.Eventing.Reader.EventBookmark","Information","Info",,"System.Collections.ObjectModel.ReadOnlyCollection`1[System.String]","System.Collections.Generic.List`1[System.Diagnostics.Eventing.Reader.EventProperty]"
"The scripted diagnostic engine completed diagnosing the diagnostic package MaintenanceDiagnostic.","104","0",,"4","0","0","4611686052787126272","961","Microsoft-Windows-Diagnosis-Scripted","e1dd7e52-621d-44e3-a1ad-0370c2b25946","Microsoft-Windows-Diagnosis-Scripted/Operational","3452","3052","rjaf-PC4429","S-1-5-21-1634558665-2257203147-3060767804-1000","10/5/2014 2:39:14 AM",,,"c:\users\mac_1\desktop\winevt\logs\microsoft-windows-diagnosis-scripted%4operational.evtx","System.UInt32[]","System.Diagnostics.Eventing.Reader.EventBookmark","Information","Info",,"System.Collections.ObjectModel.ReadOnlyCollection`1[System.String]","System.Collections.Generic.List`1[System.Diagnostics.Eventing.Reader.EventProperty]"
"The scripted diagnostic engine started diagnosing the diagnostic package MaintenanceDiagnostic.","103","0",,"4","0","0","4611686052787126272","960","Microsoft-Windows-Diagnosis-Scripted","e1dd7e52-621d-44e3-a1ad-0370c2b25946","Microsoft-Windows-Diagnosis-Scripted/Operational","3452","3052","rjaf-PC4429","S-1-5-21-1634558665-2257203147-3060767804-1000","10/5/2014 2:38:50 AM",,,"c:\users\mac_1\desktop\winevt\logs\microsoft-windows-diagnosis-scripted%4operational.evtx","System.UInt32[]","System.Diagnostics.Eventing.Reader.EventBookmark","Information","Info",,"System.Collections.ObjectModel.ReadOnlyCollection`1[System.String]","System.Collections.Generic.List`1[System.Diagnostics.Eventing.Reader.EventProperty]"
"The scripted diagnostic engine completed initializing a diagnostic package located at C:\Windows\diagnostics\scheduled\Maintenance.","102","0",,"4","0","0","4611686052787126272","959","Microsoft-Windows-Diagnosis-Scripted","e1dd7e52-621d-44e3-a1ad-0370c2b25946","Microsoft-Windows-Diagnosis-Scripted/Operational","3452","3052","rjaf-PC4429","S-1-5-21-1634558665-2257203147-3060767804-1000","10/5/2014 2:38:50 AM",,,"c:\users\mac_1\desktop\winevt\logs\microsoft-windows-diagnosis-scripted%4operational.evtx","System.UInt32[]","System.Diagnostics.Eventing.Reader.EventBookmark","Information","Info",,"System.Collections.ObjectModel.ReadOnlyCollection`1[System.String]","System.Collections.Generic.List`1[System.Diagnostics.Eventing.Reader.EventProperty]"
"The scripted diagnostic engine started initializing a diagnostic package located at C:\Windows\diagnostics\scheduled\Maintenance.","101","0",,"4","0","0","4611686052787126272","958","Microsoft-Windows-Diagnosis-Scripted","e1dd7e52-621d-44e3-a1ad-0370c2b25946","Microsoft-Windows-Diagnosis-Scripted/Operational","3452","3052","rjaf-PC4429","S-1-5-21-1634558665-2257203147-3060767804-1000","10/5/2014 2:38:50 AM",,,"c:\users\mac_1\desktop\winevt\logs\microsoft-windows-diagnosis-scripted%4operational.evtx","System.UInt32[]","System.Diagnostics.Eventing.Reader.EventBookmark","Information","Info",,"System.Collections.ObjectModel.ReadOnlyCollection`1[System.String]","System.Collections.Generic.List`1[System.Diagnostics.Eventing.Reader.EventProperty]"
"The scripted diagnostic engine has encountered an error 0x803C0100.","201","0",,"2","0","0","4611686052787126272","957","Microsoft-Windows-Diagnosis-Scripted","e1dd7e52-621d-44e3-a1ad-0370c2b25946","Microsoft-Windows-Diagnosis-Scripted/Operational","2244","3424","rjaf-PC4429","S-1-5-21-1634558665-2257203147-3060767804-1000","10/1/2014 11:11:03 PM",,,"c:\users\mac_1\desktop\winevt\logs\microsoft-windows-diagnosis-scripted%4operational.evtx","System.UInt32[]","System.Diagnostics.Eventing.Reader.EventBookmark","Error","Info",,"System.Collections.ObjectModel.ReadOnlyCollection`1[System.String]","System.Collections.Generic.List`1[System.Diagnostics.Eventing.Reader.EventProperty]"
"The scripted diagnostic engine started diagnosing the diagnostic package NetworkDiagnostics.","103","0",,"4","0","0","4611686052787126272","956","Microsoft-Windows-Diagnosis-Scripted","e1dd7e52-621d-44e3-a1ad-0370c2b25946","Microsoft-Windows-Diagnosis-Scripted/Operational","2244","3424","rjaf-PC4429","S-1-5-21-1634558665-2257203147-3060767804-1000","10/1/2014 11:10:47 PM",,,"c:\users\mac_1\desktop\winevt\logs\microsoft-windows-diagnosis-scripted%4operational.evtx","System.UInt32[]","System.Diagnostics.Eventing.Reader.EventBookmark","Information","Info",,"System.Collections.ObjectModel.ReadOnlyCollection`1[System.String]","System.Collections.Generic.List`1[System.Diagnostics.Eventing.Reader.EventProperty]"
"The scripted diagnostic engine completed initializing a diagnostic package located at C:\Windows\diagnostics\system\networking.","102","0",,"4","0","0","4611686052787126272","955","Microsoft-Windows-Diagnosis-Scripted","e1dd7e52-621d-44e3-a1ad-0370c2b25946","Microsoft-Windows-Diagnosis-Scripted/Operational","2244","2276","rjaf-PC4429","S-1-5-21-1634558665-2257203147-3060767804-1000","10/1/2014 11:10:47 PM",,,"c:\users\mac_1\desktop\winevt\logs\microsoft-windows-diagnosis-scripted%4operational.evtx","System.UInt32[]","System.Diagnostics.Eventing.Reader.EventBookmark","Information","Info",,"System.Collections.ObjectModel.ReadOnlyCollection`1[System.String]","System.Collections.Generic.List`1[System.Diagnostics.Eventing.Reader.EventProperty]"
"The scripted diagnostic engine started initializing a diagnostic package located at C:\Windows\diagnostics\system\networking.","101","0",,"4","0","0","4611686052787126272","954","Microsoft-Windows-Diagnosis-Scripted","e1dd7e52-621d-44e3-a1ad-0370c2b25946","Microsoft-Windows-Diagnosis-Scripted/Operational","2244","2276","rjaf-PC4429","S-1-5-21-1634558665-2257203147-3060767804-1000","10/1/2014 11:10:46 PM",,,"c:\users\mac_1\desktop\winevt\logs\microsoft-windows-diagnosis-scripted%4operational.evtx","System.UInt32[]","System.Diagnostics.Eventing.Reader.EventBookmark","Information","Info",,"System.Collections.ObjectModel.ReadOnlyCollection`1[System.String]","System.Collections.Generic.List`1[System.Diagnostics.Eventing.Reader.EventProperty]"
"The scripted diagnostic engine completed diagnosing the diagnostic package MaintenanceDiagnostic.","104","0",,"4","0","0","4611686052787126272","953","Microsoft-Windows-Diagnosis-Scripted","e1dd7e52-621d-44e3-a1ad-0370c2b25946","Microsoft-Windows-Diagnosis-Scripted/Operational","3932","976","rjaf-PC4429","S-1-5-21-1634558665-2257203147-3060767804-1000","9/29/2014 3:33:53 AM",,,"c:\users\mac_1\desktop\winevt\logs\microsoft-windows-diagnosis-scripted%4operational.evtx","System.UInt32[]","System.Diagnostics.Eventing.Reader.EventBookmark","Information","Info",,"System.Collections.ObjectModel.ReadOnlyCollection`1[System.String]","System.Collections.Generic.List`1[System.Diagnostics.Eventing.Reader.EventProperty]"
