"Reliability Analysis calculated system stability of 8.73 for the one-day period starting at ?2015?-?04?-?01T00:00:00.000000000Z.","2005","0",,"4","0","0","-9223372036854771712","485","Microsoft-Windows-Reliability-Analysis-Engine","4ba32972-6fc5-488a-8368-5da620d05127","Microsoft-Windows-ReliabilityAnalysisComponent/Operational","4488","6184","rjaf-PC4429","S-1-5-19","3/31/2015 10:48:09 PM",,,"c:\users\mac_1\desktop\winevt\logs\microsoft-windows-reliabilityanalysiscomponent%4operational.evtx","System.UInt32[]","System.Diagnostics.Eventing.Reader.EventBookmark","Information","Info",,"System.Collections.ObjectModel.ReadOnlyCollection`1[System.String]","System.Collections.Generic.List`1[System.Diagnostics.Eventing.Reader.EventProperty]"
"Reliability Analysis calculated system stability of 8.461 for the one-day period starting at ?2015?-?03?-?31T00:00:00.000000000Z.","2005","0",,"4","0","0","-9223372036854771712","484","Microsoft-Windows-Reliability-Analysis-Engine","4ba32972-6fc5-488a-8368-5da620d05127","Microsoft-Windows-ReliabilityAnalysisComponent/Operational","2856","3764","rjaf-PC4429","S-1-5-19","3/30/2015 11:32:26 PM",,,"c:\users\mac_1\desktop\winevt\logs\microsoft-windows-reliabilityanalysiscomponent%4operational.evtx","System.UInt32[]","System.Diagnostics.Eventing.Reader.EventBookmark","Information","Info",,"System.Collections.ObjectModel.ReadOnlyCollection`1[System.String]","System.Collections.Generic.List`1[System.Diagnostics.Eventing.Reader.EventProperty]"
"Reliability Analysis calculated system stability of 9.937 for the one-day period starting at ?2015?-?03?-?30T00:00:00.000000000Z.","2005","0",,"4","0","0","-9223372036854771712","483","Microsoft-Windows-Reliability-Analysis-Engine","4ba32972-6fc5-488a-8368-5da620d05127","Microsoft-Windows-ReliabilityAnalysisComponent/Operational","3904","2036","rjaf-PC4429","S-1-5-19","3/29/2015 10:20:36 PM",,,"c:\users\mac_1\desktop\winevt\logs\microsoft-windows-reliabilityanalysiscomponent%4operational.evtx","System.UInt32[]","System.Diagnostics.Eventing.Reader.EventBookmark","Information","Info",,"System.Collections.ObjectModel.ReadOnlyCollection`1[System.String]","System.Collections.Generic.List`1[System.Diagnostics.Eventing.Reader.EventProperty]"
"Reliability Analysis calculated system stability of 9.805 for the one-day period starting at ?2015?-?03?-?29T00:00:00.000000000Z.","2005","0",,"4","0","0","-9223372036854771712","482","Microsoft-Windows-Reliability-Analysis-Engine","4ba32972-6fc5-488a-8368-5da620d05127","Microsoft-Windows-ReliabilityAnalysisComponent/Operational","3992","304","rjaf-PC4429","S-1-5-19","3/29/2015 6:11:08 AM",,,"c:\users\mac_1\desktop\winevt\logs\microsoft-windows-reliabilityanalysiscomponent%4operational.evtx","System.UInt32[]","System.Diagnostics.Eventing.Reader.EventBookmark","Information","Info",,"System.Collections.ObjectModel.ReadOnlyCollection`1[System.String]","System.Collections.Generic.List`1[System.Diagnostics.Eventing.Reader.EventProperty]"
"Reliability Analysis calculated system stability of 9.657 for the one-day period starting at ?2015?-?03?-?28T00:00:00.000000000Z.","2005","0",,"4","0","0","-9223372036854771712","481","Microsoft-Windows-Reliability-Analysis-Engine","4ba32972-6fc5-488a-8368-5da620d05127","Microsoft-Windows-ReliabilityAnalysisComponent/Operational","2792","2736","rjaf-PC4429","S-1-5-19","3/28/2015 8:26:41 AM",,,"c:\users\mac_1\desktop\winevt\logs\microsoft-windows-reliabilityanalysiscomponent%4operational.evtx","System.UInt32[]","System.Diagnostics.Eventing.Reader.EventBookmark","Information","Info",,"System.Collections.ObjectModel.ReadOnlyCollection`1[System.String]","System.Collections.Generic.List`1[System.Diagnostics.Eventing.Reader.EventProperty]"
"Reliability Analysis calculated system stability of 9.493 for the one-day period starting at ?2015?-?03?-?27T00:00:00.000000000Z.","2005","0",,"4","0","0","-9223372036854771712","480","Microsoft-Windows-Reliability-Analysis-Engine","4ba32972-6fc5-488a-8368-5da620d05127","Microsoft-Windows-ReliabilityAnalysisComponent/Operational","3832","764","rjaf-PC4429","S-1-5-19","3/27/2015 5:02:24 PM",,,"c:\users\mac_1\desktop\winevt\logs\microsoft-windows-reliabilityanalysiscomponent%4operational.evtx","System.UInt32[]","System.Diagnostics.Eventing.Reader.EventBookmark","Information","Info",,"System.Collections.ObjectModel.ReadOnlyCollection`1[System.String]","System.Collections.Generic.List`1[System.Diagnostics.Eventing.Reader.EventProperty]"
"Reliability Analysis calculated system stability of 9.31 for the one-day period starting at ?2015?-?03?-?26T00:00:00.000000000Z.","2005","0",,"4","0","0","-9223372036854771712","479","Microsoft-Windows-Reliability-Analysis-Engine","4ba32972-6fc5-488a-8368-5da620d05127","Microsoft-Windows-ReliabilityAnalysisComponent/Operational","2324","3664","rjaf-PC4429","S-1-5-19","3/25/2015 11:19:51 PM",,,"c:\users\mac_1\desktop\winevt\logs\microsoft-windows-reliabilityanalysiscomponent%4operational.evtx","System.UInt32[]","System.Diagnostics.Eventing.Reader.EventBookmark","Information","Info",,"System.Collections.ObjectModel.ReadOnlyCollection`1[System.String]","System.Collections.Generic.List`1[System.Diagnostics.Eventing.Reader.EventProperty]"
"Reliability Analysis calculated system stability of 9.106 for the one-day period starting at ?2015?-?03?-?25T00:00:00.000000000Z.","2005","0",,"4","0","0","-9223372036854771712","478","Microsoft-Windows-Reliability-Analysis-Engine","4ba32972-6fc5-488a-8368-5da620d05127","Microsoft-Windows-ReliabilityAnalysisComponent/Operational","3632","540","rjaf-PC4429","S-1-5-19","3/25/2015 12:46:03 AM",,,"c:\users\mac_1\desktop\winevt\logs\microsoft-windows-reliabilityanalysiscomponent%4operational.evtx","System.UInt32[]","System.Diagnostics.Eventing.Reader.EventBookmark","Information","Info",,"System.Collections.ObjectModel.ReadOnlyCollection`1[System.String]","System.Collections.Generic.List`1[System.Diagnostics.Eventing.Reader.EventProperty]"
"Reliability Analysis calculated system stability of 8.879 for the one-day period starting at ?2015?-?03?-?24T00:00:00.000000000Z.","2005","0",,"4","0","0","-9223372036854771712","477","Microsoft-Windows-Reliability-Analysis-Engine","4ba32972-6fc5-488a-8368-5da620d05127","Microsoft-Windows-ReliabilityAnalysisComponent/Operational","3748","1172","rjaf-PC4429","S-1-5-19","3/23/2015 11:40:38 PM",,,"c:\users\mac_1\desktop\winevt\logs\microsoft-windows-reliabilityanalysiscomponent%4operational.evtx","System.UInt32[]","System.Diagnostics.Eventing.Reader.EventBookmark","Information","Info",,"System.Collections.ObjectModel.ReadOnlyCollection`1[System.String]","System.Collections.Generic.List`1[System.Diagnostics.Eventing.Reader.EventProperty]"
"Reliability Analysis calculated system stability of 8.627 for the one-day period starting at ?2015?-?03?-?23T00:00:00.000000000Z.","2005","0",,"4","0","0","-9223372036854771712","476","Microsoft-Windows-Reliability-Analysis-Engine","4ba32972-6fc5-488a-8368-5da620d05127","Microsoft-Windows-ReliabilityAnalysisComponent/Operational","840","548","rjaf-PC4429","S-1-5-19","3/23/2015 12:53:46 AM",,,"c:\users\mac_1\desktop\winevt\logs\microsoft-windows-reliabilityanalysiscomponent%4operational.evtx","System.UInt32[]","System.Diagnostics.Eventing.Reader.EventBookmark","Information","Info",,"System.Collections.ObjectModel.ReadOnlyCollection`1[System.String]","System.Collections.Generic.List`1[System.Diagnostics.Eventing.Reader.EventProperty]"
"Reliability Analysis calculated system stability of 8.346 for the one-day period starting at ?2015?-?03?-?22T00:00:00.000000000Z.","2005","0",,"4","0","0","-9223372036854771712","475","Microsoft-Windows-Reliability-Analysis-Engine","4ba32972-6fc5-488a-8368-5da620d05127","Microsoft-Windows-ReliabilityAnalysisComponent/Operational","360","304","rjaf-PC4429","S-1-5-19","3/22/2015 4:05:50 AM",,,"c:\users\mac_1\desktop\winevt\logs\microsoft-windows-reliabilityanalysiscomponent%4operational.evtx","System.UInt32[]","System.Diagnostics.Eventing.Reader.EventBookmark","Information","Info",,"System.Collections.ObjectModel.ReadOnlyCollection`1[System.String]","System.Collections.Generic.List`1[System.Diagnostics.Eventing.Reader.EventProperty]"
"Reliability Analysis calculated system stability of 8.034 for the one-day period starting at ?2015?-?03?-?21T00:00:00.000000000Z.","2005","0",,"4","0","0","-9223372036854771712","474","Microsoft-Windows-Reliability-Analysis-Engine","4ba32972-6fc5-488a-8368-5da620d05127","Microsoft-Windows-ReliabilityAnalysisComponent/Operational","2248","1504","rjaf-PC4429","S-1-5-19","3/21/2015 11:41:32 AM",,,"c:\users\mac_1\desktop\winevt\logs\microsoft-windows-reliabilityanalysiscomponent%4operational.evtx","System.UInt32[]","System.Diagnostics.Eventing.Reader.EventBookmark","Information","Info",,"System.Collections.ObjectModel.ReadOnlyCollection`1[System.String]","System.Collections.Generic.List`1[System.Diagnostics.Eventing.Reader.EventProperty]"
"Reliability Analysis calculated system stability of 7.686 for the one-day period starting at ?2015?-?03?-?20T00:00:00.000000000Z.","2005","0",,"4","0","0","-9223372036854771712","473","Microsoft-Windows-Reliability-Analysis-Engine","4ba32972-6fc5-488a-8368-5da620d05127","Microsoft-Windows-ReliabilityAnalysisComponent/Operational","2532","5176","rjaf-PC4429","S-1-5-19","3/20/2015 6:29:23 AM",,,"c:\users\mac_1\desktop\winevt\logs\microsoft-windows-reliabilityanalysiscomponent%4operational.evtx","System.UInt32[]","System.Diagnostics.Eventing.Reader.EventBookmark","Information","Info",,"System.Collections.ObjectModel.ReadOnlyCollection`1[System.String]","System.Collections.Generic.List`1[System.Diagnostics.Eventing.Reader.EventProperty]"
"Reliability Analysis calculated system stability of 7.299 for the one-day period starting at ?2015?-?03?-?19T00:00:00.000000000Z.","2005","0",,"4","0","0","-9223372036854771712","472","Microsoft-Windows-Reliability-Analysis-Engine","4ba32972-6fc5-488a-8368-5da620d05127","Microsoft-Windows-ReliabilityAnalysisComponent/Operational","5056","4112","rjaf-PC4429","S-1-5-19","3/19/2015 1:11:29 AM",,,"c:\users\mac_1\desktop\winevt\logs\microsoft-windows-reliabilityanalysiscomponent%4operational.evtx","System.UInt32[]","System.Diagnostics.Eventing.Reader.EventBookmark","Information","Info",,"System.Collections.ObjectModel.ReadOnlyCollection`1[System.String]","System.Collections.Generic.List`1[System.Diagnostics.Eventing.Reader.EventProperty]"
"Reliability Analysis calculated system stability of 6.868 for the one-day period starting at ?2015?-?03?-?18T00:00:00.000000000Z.","2005","0",,"4","0","0","-9223372036854771712","471","Microsoft-Windows-Reliability-Analysis-Engine","4ba32972-6fc5-488a-8368-5da620d05127","Microsoft-Windows-ReliabilityAnalysisComponent/Operational","976","4116","rjaf-PC4429","S-1-5-19","3/18/2015 1:56:45 AM",,,"c:\users\mac_1\desktop\winevt\logs\microsoft-windows-reliabilityanalysiscomponent%4operational.evtx","System.UInt32[]","System.Diagnostics.Eventing.Reader.EventBookmark","Information","Info",,"System.Collections.ObjectModel.ReadOnlyCollection`1[System.String]","System.Collections.Generic.List`1[System.Diagnostics.Eventing.Reader.EventProperty]"
"Reliability Analysis calculated system stability of 6.388 for the one-day period starting at ?2015?-?03?-?17T00:00:00.000000000Z.","2005","0",,"4","0","0","-9223372036854771712","470","Microsoft-Windows-Reliability-Analysis-Engine","4ba32972-6fc5-488a-8368-5da620d05127","Microsoft-Windows-ReliabilityAnalysisComponent/Operational","480","1828","rjaf-PC4429","S-1-5-19","3/17/2015 2:10:02 AM",,,"c:\users\mac_1\desktop\winevt\logs\microsoft-windows-reliabilityanalysiscomponent%4operational.evtx","System.UInt32[]","System.Diagnostics.Eventing.Reader.EventBookmark","Information","Info",,"System.Collections.ObjectModel.ReadOnlyCollection`1[System.String]","System.Collections.Generic.List`1[System.Diagnostics.Eventing.Reader.EventProperty]"
"Reliability Analysis calculated system stability of 5.854 for the one-day period starting at ?2015?-?03?-?16T00:00:00.000000000Z.","2005","0",,"4","0","0","-9223372036854771712","469","Microsoft-Windows-Reliability-Analysis-Engine","4ba32972-6fc5-488a-8368-5da620d05127","Microsoft-Windows-ReliabilityAnalysisComponent/Operational","1784","2436","rjaf-PC4429","S-1-5-19","3/16/2015 12:36:54 AM",,,"c:\users\mac_1\desktop\winevt\logs\microsoft-windows-reliabilityanalysiscomponent%4operational.evtx","System.UInt32[]","System.Diagnostics.Eventing.Reader.EventBookmark","Information","Info",,"System.Collections.ObjectModel.ReadOnlyCollection`1[System.String]","System.Collections.Generic.List`1[System.Diagnostics.Eventing.Reader.EventProperty]"
"Reliability Analysis calculated system stability of 5.26 for the one-day period starting at ?2015?-?03?-?15T00:00:00.000000000Z.","2005","0",,"4","0","0","-9223372036854771712","468","Microsoft-Windows-Reliability-Analysis-Engine","4ba32972-6fc5-488a-8368-5da620d05127","Microsoft-Windows-ReliabilityAnalysisComponent/Operational","3924","4028","rjaf-PC4429","S-1-5-19","3/15/2015 1:23:43 AM",,,"c:\users\mac_1\desktop\winevt\logs\microsoft-windows-reliabilityanalysiscomponent%4operational.evtx","System.UInt32[]","System.Diagnostics.Eventing.Reader.EventBookmark","Information","Info",,"System.Collections.ObjectModel.ReadOnlyCollection`1[System.String]","System.Collections.Generic.List`1[System.Diagnostics.Eventing.Reader.EventProperty]"
"Reliability Analysis calculated system stability of 8.462 for the one-day period starting at ?2015?-?03?-?14T00:00:00.000000000Z.","2005","0",,"4","0","0","-9223372036854771712","467","Microsoft-Windows-Reliability-Analysis-Engine","4ba32972-6fc5-488a-8368-5da620d05127","Microsoft-Windows-ReliabilityAnalysisComponent/Operational","4084","2220","rjaf-PC4429","S-1-5-19","3/14/2015 3:18:15 AM",,,"c:\users\mac_1\desktop\winevt\logs\microsoft-windows-reliabilityanalysiscomponent%4operational.evtx","System.UInt32[]","System.Diagnostics.Eventing.Reader.EventBookmark","Information","Info",,"System.Collections.ObjectModel.ReadOnlyCollection`1[System.String]","System.Collections.Generic.List`1[System.Diagnostics.Eventing.Reader.EventProperty]"
"Reliability Analysis calculated system stability of 10 for the one-day period starting at ?2015?-?03?-?13T00:00:00.000000000Z.","2005","0",,"4","0","0","-9223372036854771712","466","Microsoft-Windows-Reliability-Analysis-Engine","4ba32972-6fc5-488a-8368-5da620d05127","Microsoft-Windows-ReliabilityAnalysisComponent/Operational","3180","2840","rjaf-PC4429","S-1-5-19","3/13/2015 5:29:36 AM",,,"c:\users\mac_1\desktop\winevt\logs\microsoft-windows-reliabilityanalysiscomponent%4operational.evtx","System.UInt32[]","System.Diagnostics.Eventing.Reader.EventBookmark","Information","Info",,"System.Collections.ObjectModel.ReadOnlyCollection`1[System.String]","System.Collections.Generic.List`1[System.Diagnostics.Eventing.Reader.EventProperty]"
"Reliability Analysis calculated system stability of 10 for the one-day period starting at ?2015?-?03?-?12T00:00:00.000000000Z.","2005","0",,"4","0","0","-9223372036854771712","465","Microsoft-Windows-Reliability-Analysis-Engine","4ba32972-6fc5-488a-8368-5da620d05127","Microsoft-Windows-ReliabilityAnalysisComponent/Operational","12904","1196","rjaf-PC4429","S-1-5-19","3/11/2015 6:05:13 PM",,,"c:\users\mac_1\desktop\winevt\logs\microsoft-windows-reliabilityanalysiscomponent%4operational.evtx","System.UInt32[]","System.Diagnostics.Eventing.Reader.EventBookmark","Information","Info",,"System.Collections.ObjectModel.ReadOnlyCollection`1[System.String]","System.Collections.Generic.List`1[System.Diagnostics.Eventing.Reader.EventProperty]"
"Reliability Analysis calculated system stability of 10 for the one-day period starting at ?2015?-?03?-?11T00:00:00.000000000Z.","2005","0",,"4","0","0","-9223372036854771712","464","Microsoft-Windows-Reliability-Analysis-Engine","4ba32972-6fc5-488a-8368-5da620d05127","Microsoft-Windows-ReliabilityAnalysisComponent/Operational","7960","10636","rjaf-PC4429","S-1-5-19","3/11/2015 1:05:43 AM",,,"c:\users\mac_1\desktop\winevt\logs\microsoft-windows-reliabilityanalysiscomponent%4operational.evtx","System.UInt32[]","System.Diagnostics.Eventing.Reader.EventBookmark","Information","Info",,"System.Collections.ObjectModel.ReadOnlyCollection`1[System.String]","System.Collections.Generic.List`1[System.Diagnostics.Eventing.Reader.EventProperty]"
"Reliability Analysis calculated system stability of 10 for the one-day period starting at ?2015?-?03?-?10T00:00:00.000000000Z.","2005","0",,"4","0","0","-9223372036854771712","463","Microsoft-Windows-Reliability-Analysis-Engine","4ba32972-6fc5-488a-8368-5da620d05127","Microsoft-Windows-ReliabilityAnalysisComponent/Operational","5192","4592","rjaf-PC4429","S-1-5-19","3/9/2015 11:53:37 PM",,,"c:\users\mac_1\desktop\winevt\logs\microsoft-windows-reliabilityanalysiscomponent%4operational.evtx","System.UInt32[]","System.Diagnostics.Eventing.Reader.EventBookmark","Information","Info",,"System.Collections.ObjectModel.ReadOnlyCollection`1[System.String]","System.Collections.Generic.List`1[System.Diagnostics.Eventing.Reader.EventProperty]"
"Reliability Analysis calculated system stability of 9.999 for the one-day period starting at ?2015?-?03?-?09T00:00:00.000000000Z.","2005","0",,"4","0","0","-9223372036854771712","462","Microsoft-Windows-Reliability-Analysis-Engine","4ba32972-6fc5-488a-8368-5da620d05127","Microsoft-Windows-ReliabilityAnalysisComponent/Operational","3032","3180","rjaf-PC4429","S-1-5-19","3/9/2015 2:29:21 AM",,,"c:\users\mac_1\desktop\winevt\logs\microsoft-windows-reliabilityanalysiscomponent%4operational.evtx","System.UInt32[]","System.Diagnostics.Eventing.Reader.EventBookmark","Information","Info",,"System.Collections.ObjectModel.ReadOnlyCollection`1[System.String]","System.Collections.Generic.List`1[System.Diagnostics.Eventing.Reader.EventProperty]"
"Reliability Analysis calculated system stability of 9.991 for the one-day period starting at ?2015?-?03?-?08T00:00:00.000000000Z.","2005","0",,"4","0","0","-9223372036854771712","461","Microsoft-Windows-Reliability-Analysis-Engine","4ba32972-6fc5-488a-8368-5da620d05127","Microsoft-Windows-ReliabilityAnalysisComponent/Operational","732","1964","rjaf-PC4429","S-1-5-19","3/8/2015 12:54:09 AM",,,"c:\users\mac_1\desktop\winevt\logs\microsoft-windows-reliabilityanalysiscomponent%4operational.evtx","System.UInt32[]","System.Diagnostics.Eventing.Reader.EventBookmark","Information","Info",,"System.Collections.ObjectModel.ReadOnlyCollection`1[System.String]","System.Collections.Generic.List`1[System.Diagnostics.Eventing.Reader.EventProperty]"
"Reliability Analysis calculated system stability of 9.864 for the one-day period starting at ?2015?-?03?-?07T00:00:00.000000000Z.","2005","0",,"4","0","0","-9223372036854771712","460","Microsoft-Windows-Reliability-Analysis-Engine","4ba32972-6fc5-488a-8368-5da620d05127","Microsoft-Windows-ReliabilityAnalysisComponent/Operational","6864","11880","rjaf-PC4429","S-1-5-19","3/7/2015 2:49:35 AM",,,"c:\users\mac_1\desktop\winevt\logs\microsoft-windows-reliabilityanalysiscomponent%4operational.evtx","System.UInt32[]","System.Diagnostics.Eventing.Reader.EventBookmark","Information","Info",,"System.Collections.ObjectModel.ReadOnlyCollection`1[System.String]","System.Collections.Generic.List`1[System.Diagnostics.Eventing.Reader.EventProperty]"
"Reliability Analysis calculated system stability of 9.723 for the one-day period starting at ?2015?-?03?-?06T00:00:00.000000000Z.","2005","0",,"4","0","0","-9223372036854771712","459","Microsoft-Windows-Reliability-Analysis-Engine","4ba32972-6fc5-488a-8368-5da620d05127","Microsoft-Windows-ReliabilityAnalysisComponent/Operational","9828","11796","rjaf-PC4429","S-1-5-19","3/6/2015 5:16:01 AM",,,"c:\users\mac_1\desktop\winevt\logs\microsoft-windows-reliabilityanalysiscomponent%4operational.evtx","System.UInt32[]","System.Diagnostics.Eventing.Reader.EventBookmark","Information","Info",,"System.Collections.ObjectModel.ReadOnlyCollection`1[System.String]","System.Collections.Generic.List`1[System.Diagnostics.Eventing.Reader.EventProperty]"
"Reliability Analysis calculated system stability of 9.566 for the one-day period starting at ?2015?-?03?-?05T00:00:00.000000000Z.","2005","0",,"4","0","0","-9223372036854771712","458","Microsoft-Windows-Reliability-Analysis-Engine","4ba32972-6fc5-488a-8368-5da620d05127","Microsoft-Windows-ReliabilityAnalysisComponent/Operational","5060","4064","rjaf-PC4429","S-1-5-19","3/4/2015 11:17:05 PM",,,"c:\users\mac_1\desktop\winevt\logs\microsoft-windows-reliabilityanalysiscomponent%4operational.evtx","System.UInt32[]","System.Diagnostics.Eventing.Reader.EventBookmark","Information","Info",,"System.Collections.ObjectModel.ReadOnlyCollection`1[System.String]","System.Collections.Generic.List`1[System.Diagnostics.Eventing.Reader.EventProperty]"
"Reliability Analysis calculated system stability of 9.391 for the one-day period starting at ?2015?-?03?-?04T00:00:00.000000000Z.","2005","0",,"4","0","0","-9223372036854771712","457","Microsoft-Windows-Reliability-Analysis-Engine","4ba32972-6fc5-488a-8368-5da620d05127","Microsoft-Windows-ReliabilityAnalysisComponent/Operational","7380","8532","rjaf-PC4429","S-1-5-19","3/4/2015 2:15:47 AM",,,"c:\users\mac_1\desktop\winevt\logs\microsoft-windows-reliabilityanalysiscomponent%4operational.evtx","System.UInt32[]","System.Diagnostics.Eventing.Reader.EventBookmark","Information","Info",,"System.Collections.ObjectModel.ReadOnlyCollection`1[System.String]","System.Collections.Generic.List`1[System.Diagnostics.Eventing.Reader.EventProperty]"
"Reliability Analysis calculated system stability of 9.197 for the one-day period starting at ?2015?-?03?-?03T00:00:00.000000000Z.","2005","0",,"4","0","0","-9223372036854771712","456","Microsoft-Windows-Reliability-Analysis-Engine","4ba32972-6fc5-488a-8368-5da620d05127","Microsoft-Windows-ReliabilityAnalysisComponent/Operational","4464","2148","rjaf-PC4429","S-1-5-19","3/2/2015 10:54:42 PM",,,"c:\users\mac_1\desktop\winevt\logs\microsoft-windows-reliabilityanalysiscomponent%4operational.evtx","System.UInt32[]","System.Diagnostics.Eventing.Reader.EventBookmark","Information","Info",,"System.Collections.ObjectModel.ReadOnlyCollection`1[System.String]","System.Collections.Generic.List`1[System.Diagnostics.Eventing.Reader.EventProperty]"
"Reliability Analysis calculated system stability of 8.98 for the one-day period starting at ?2015?-?03?-?02T00:00:00.000000000Z.","2005","0",,"4","0","0","-9223372036854771712","455","Microsoft-Windows-Reliability-Analysis-Engine","4ba32972-6fc5-488a-8368-5da620d05127","Microsoft-Windows-ReliabilityAnalysisComponent/Operational","5308","3916","rjaf-PC4429","S-1-5-19","3/1/2015 11:10:04 PM",,,"c:\users\mac_1\desktop\winevt\logs\microsoft-windows-reliabilityanalysiscomponent%4operational.evtx","System.UInt32[]","System.Diagnostics.Eventing.Reader.EventBookmark","Information","Info",,"System.Collections.ObjectModel.ReadOnlyCollection`1[System.String]","System.Collections.Generic.List`1[System.Diagnostics.Eventing.Reader.EventProperty]"
"Reliability Analysis calculated system stability of 8.739 for the one-day period starting at ?2015?-?03?-?01T00:00:00.000000000Z.","2005","0",,"4","0","0","-9223372036854771712","454","Microsoft-Windows-Reliability-Analysis-Engine","4ba32972-6fc5-488a-8368-5da620d05127","Microsoft-Windows-ReliabilityAnalysisComponent/Operational","3552","4008","rjaf-PC4429","S-1-5-19","3/1/2015 2:42:22 AM",,,"c:\users\mac_1\desktop\winevt\logs\microsoft-windows-reliabilityanalysiscomponent%4operational.evtx","System.UInt32[]","System.Diagnostics.Eventing.Reader.EventBookmark","Information","Info",,"System.Collections.ObjectModel.ReadOnlyCollection`1[System.String]","System.Collections.Generic.List`1[System.Diagnostics.Eventing.Reader.EventProperty]"
"Reliability Analysis calculated system stability of 8.729 for the one-day period starting at ?2015?-?02?-?28T00:00:00.000000000Z.","2005","0",,"4","0","0","-9223372036854771712","453","Microsoft-Windows-Reliability-Analysis-Engine","4ba32972-6fc5-488a-8368-5da620d05127","Microsoft-Windows-ReliabilityAnalysisComponent/Operational","3552","4008","rjaf-PC4429","S-1-5-19","3/1/2015 2:42:21 AM",,,"c:\users\mac_1\desktop\winevt\logs\microsoft-windows-reliabilityanalysiscomponent%4operational.evtx","System.UInt32[]","System.Diagnostics.Eventing.Reader.EventBookmark","Information","Info",,"System.Collections.ObjectModel.ReadOnlyCollection`1[System.String]","System.Collections.Generic.List`1[System.Diagnostics.Eventing.Reader.EventProperty]"
"Reliability Analysis calculated system stability of 8.729 for the one-day period starting at ?2015?-?02?-?27T00:00:00.000000000Z.","2005","0",,"4","0","0","-9223372036854771712","452","Microsoft-Windows-Reliability-Analysis-Engine","4ba32972-6fc5-488a-8368-5da620d05127","Microsoft-Windows-ReliabilityAnalysisComponent/Operational","3552","4008","rjaf-PC4429","S-1-5-19","3/1/2015 2:42:21 AM",,,"c:\users\mac_1\desktop\winevt\logs\microsoft-windows-reliabilityanalysiscomponent%4operational.evtx","System.UInt32[]","System.Diagnostics.Eventing.Reader.EventBookmark","Information","Info",,"System.Collections.ObjectModel.ReadOnlyCollection`1[System.String]","System.Collections.Generic.List`1[System.Diagnostics.Eventing.Reader.EventProperty]"
"Reliability Analysis calculated system stability of 8.471 for the one-day period starting at ?2015?-?02?-?26T00:00:00.000000000Z.","2005","0",,"4","0","0","-9223372036854771712","451","Microsoft-Windows-Reliability-Analysis-Engine","4ba32972-6fc5-488a-8368-5da620d05127","Microsoft-Windows-ReliabilityAnalysisComponent/Operational","5556","2520","rjaf-PC4429","S-1-5-19","2/26/2015 12:11:57 AM",,,"c:\users\mac_1\desktop\winevt\logs\microsoft-windows-reliabilityanalysiscomponent%4operational.evtx","System.UInt32[]","System.Diagnostics.Eventing.Reader.EventBookmark","Information","Info",,"System.Collections.ObjectModel.ReadOnlyCollection`1[System.String]","System.Collections.Generic.List`1[System.Diagnostics.Eventing.Reader.EventProperty]"
"Reliability Analysis calculated system stability of 8.173 for the one-day period starting at ?2015?-?02?-?25T00:00:00.000000000Z.","2005","0",,"4","0","0","-9223372036854771712","450","Microsoft-Windows-Reliability-Analysis-Engine","4ba32972-6fc5-488a-8368-5da620d05127","Microsoft-Windows-ReliabilityAnalysisComponent/Operational","3188","2532","rjaf-PC4429","S-1-5-19","2/24/2015 10:44:12 PM",,,"c:\users\mac_1\desktop\winevt\logs\microsoft-windows-reliabilityanalysiscomponent%4operational.evtx","System.UInt32[]","System.Diagnostics.Eventing.Reader.EventBookmark","Information","Info",,"System.Collections.ObjectModel.ReadOnlyCollection`1[System.String]","System.Collections.Generic.List`1[System.Diagnostics.Eventing.Reader.EventProperty]"
"Reliability Analysis calculated system stability of 7.841 for the one-day period starting at ?2015?-?02?-?24T00:00:00.000000000Z.","2005","0",,"4","0","0","-9223372036854771712","449","Microsoft-Windows-Reliability-Analysis-Engine","4ba32972-6fc5-488a-8368-5da620d05127","Microsoft-Windows-ReliabilityAnalysisComponent/Operational","312","3760","rjaf-PC4429","S-1-5-19","2/23/2015 11:14:20 PM",,,"c:\users\mac_1\desktop\winevt\logs\microsoft-windows-reliabilityanalysiscomponent%4operational.evtx","System.UInt32[]","System.Diagnostics.Eventing.Reader.EventBookmark","Information","Info",,"System.Collections.ObjectModel.ReadOnlyCollection`1[System.String]","System.Collections.Generic.List`1[System.Diagnostics.Eventing.Reader.EventProperty]"
"Reliability Analysis calculated system stability of 7.471 for the one-day period starting at ?2015?-?02?-?23T00:00:00.000000000Z.","2005","0",,"4","0","0","-9223372036854771712","448","Microsoft-Windows-Reliability-Analysis-Engine","4ba32972-6fc5-488a-8368-5da620d05127","Microsoft-Windows-ReliabilityAnalysisComponent/Operational","4068","2680","rjaf-PC4429","S-1-5-19","2/22/2015 9:45:46 PM",,,"c:\users\mac_1\desktop\winevt\logs\microsoft-windows-reliabilityanalysiscomponent%4operational.evtx","System.UInt32[]","System.Diagnostics.Eventing.Reader.EventBookmark","Information","Info",,"System.Collections.ObjectModel.ReadOnlyCollection`1[System.String]","System.Collections.Generic.List`1[System.Diagnostics.Eventing.Reader.EventProperty]"
"Reliability Analysis calculated system stability of 7.06 for the one-day period starting at ?2015?-?02?-?22T00:00:00.000000000Z.","2005","0",,"4","0","0","-9223372036854771712","447","Microsoft-Windows-Reliability-Analysis-Engine","4ba32972-6fc5-488a-8368-5da620d05127","Microsoft-Windows-ReliabilityAnalysisComponent/Operational","1052","2172","rjaf-PC4429","S-1-5-19","2/22/2015 12:18:33 PM",,,"c:\users\mac_1\desktop\winevt\logs\microsoft-windows-reliabilityanalysiscomponent%4operational.evtx","System.UInt32[]","System.Diagnostics.Eventing.Reader.EventBookmark","Information","Info",,"System.Collections.ObjectModel.ReadOnlyCollection`1[System.String]","System.Collections.Generic.List`1[System.Diagnostics.Eventing.Reader.EventProperty]"
"Reliability Analysis calculated system stability of 6.602 for the one-day period starting at ?2015?-?02?-?21T00:00:00.000000000Z.","2005","0",,"4","0","0","-9223372036854771712","446","Microsoft-Windows-Reliability-Analysis-Engine","4ba32972-6fc5-488a-8368-5da620d05127","Microsoft-Windows-ReliabilityAnalysisComponent/Operational","2840","3488","rjaf-PC4429","S-1-5-19","2/21/2015 6:20:18 AM",,,"c:\users\mac_1\desktop\winevt\logs\microsoft-windows-reliabilityanalysiscomponent%4operational.evtx","System.UInt32[]","System.Diagnostics.Eventing.Reader.EventBookmark","Information","Info",,"System.Collections.ObjectModel.ReadOnlyCollection`1[System.String]","System.Collections.Generic.List`1[System.Diagnostics.Eventing.Reader.EventProperty]"
"Reliability Analysis calculated system stability of 6.092 for the one-day period starting at ?2015?-?02?-?20T00:00:00.000000000Z.","2005","0",,"4","0","0","-9223372036854771712","445","Microsoft-Windows-Reliability-Analysis-Engine","4ba32972-6fc5-488a-8368-5da620d05127","Microsoft-Windows-ReliabilityAnalysisComponent/Operational","2132","2124","rjaf-PC4429","S-1-5-19","2/19/2015 11:17:11 PM",,,"c:\users\mac_1\desktop\winevt\logs\microsoft-windows-reliabilityanalysiscomponent%4operational.evtx","System.UInt32[]","System.Diagnostics.Eventing.Reader.EventBookmark","Information","Info",,"System.Collections.ObjectModel.ReadOnlyCollection`1[System.String]","System.Collections.Generic.List`1[System.Diagnostics.Eventing.Reader.EventProperty]"
"Reliability Analysis calculated system stability of 5.525 for the one-day period starting at ?2015?-?02?-?19T00:00:00.000000000Z.","2005","0",,"4","0","0","-9223372036854771712","444","Microsoft-Windows-Reliability-Analysis-Engine","4ba32972-6fc5-488a-8368-5da620d05127","Microsoft-Windows-ReliabilityAnalysisComponent/Operational","3368","2944","rjaf-PC4429","S-1-5-19","2/18/2015 11:03:16 PM",,,"c:\users\mac_1\desktop\winevt\logs\microsoft-windows-reliabilityanalysiscomponent%4operational.evtx","System.UInt32[]","System.Diagnostics.Eventing.Reader.EventBookmark","Information","Info",,"System.Collections.ObjectModel.ReadOnlyCollection`1[System.String]","System.Collections.Generic.List`1[System.Diagnostics.Eventing.Reader.EventProperty]"
"Reliability Analysis calculated system stability of 5.88 for the one-day period starting at ?2015?-?02?-?18T00:00:00.000000000Z.","2005","0",,"4","0","0","-9223372036854771712","443","Microsoft-Windows-Reliability-Analysis-Engine","4ba32972-6fc5-488a-8368-5da620d05127","Microsoft-Windows-ReliabilityAnalysisComponent/Operational","3960","1760","rjaf-PC4429","S-1-5-19","2/17/2015 11:50:44 PM",,,"c:\users\mac_1\desktop\winevt\logs\microsoft-windows-reliabilityanalysiscomponent%4operational.evtx","System.UInt32[]","System.Diagnostics.Eventing.Reader.EventBookmark","Information","Info",,"System.Collections.ObjectModel.ReadOnlyCollection`1[System.String]","System.Collections.Generic.List`1[System.Diagnostics.Eventing.Reader.EventProperty]"
"Reliability Analysis calculated system stability of 9.098 for the one-day period starting at ?2015?-?02?-?17T00:00:00.000000000Z.","2005","0",,"4","0","0","-9223372036854771712","442","Microsoft-Windows-Reliability-Analysis-Engine","4ba32972-6fc5-488a-8368-5da620d05127","Microsoft-Windows-ReliabilityAnalysisComponent/Operational","3020","4056","rjaf-PC4429","S-1-5-19","2/16/2015 10:50:05 PM",,,"c:\users\mac_1\desktop\winevt\logs\microsoft-windows-reliabilityanalysiscomponent%4operational.evtx","System.UInt32[]","System.Diagnostics.Eventing.Reader.EventBookmark","Information","Info",,"System.Collections.ObjectModel.ReadOnlyCollection`1[System.String]","System.Collections.Generic.List`1[System.Diagnostics.Eventing.Reader.EventProperty]"
"Reliability Analysis calculated system stability of 8.871 for the one-day period starting at ?2015?-?02?-?16T00:00:00.000000000Z.","2005","0",,"4","0","0","-9223372036854771712","441","Microsoft-Windows-Reliability-Analysis-Engine","4ba32972-6fc5-488a-8368-5da620d05127","Microsoft-Windows-ReliabilityAnalysisComponent/Operational","2992","3716","rjaf-PC4429","S-1-5-19","2/15/2015 11:07:00 PM",,,"c:\users\mac_1\desktop\winevt\logs\microsoft-windows-reliabilityanalysiscomponent%4operational.evtx","System.UInt32[]","System.Diagnostics.Eventing.Reader.EventBookmark","Information","Info",,"System.Collections.ObjectModel.ReadOnlyCollection`1[System.String]","System.Collections.Generic.List`1[System.Diagnostics.Eventing.Reader.EventProperty]"
"Reliability Analysis calculated system stability of 8.618 for the one-day period starting at ?2015?-?02?-?15T00:00:00.000000000Z.","2005","0",,"4","0","0","-9223372036854771712","440","Microsoft-Windows-Reliability-Analysis-Engine","4ba32972-6fc5-488a-8368-5da620d05127","Microsoft-Windows-ReliabilityAnalysisComponent/Operational","3644","3880","rjaf-PC4429","S-1-5-19","2/15/2015 4:18:54 AM",,,"c:\users\mac_1\desktop\winevt\logs\microsoft-windows-reliabilityanalysiscomponent%4operational.evtx","System.UInt32[]","System.Diagnostics.Eventing.Reader.EventBookmark","Information","Info",,"System.Collections.ObjectModel.ReadOnlyCollection`1[System.String]","System.Collections.Generic.List`1[System.Diagnostics.Eventing.Reader.EventProperty]"
"Reliability Analysis calculated system stability of 8.336 for the one-day period starting at ?2015?-?02?-?14T00:00:00.000000000Z.","2005","0",,"4","0","0","-9223372036854771712","439","Microsoft-Windows-Reliability-Analysis-Engine","4ba32972-6fc5-488a-8368-5da620d05127","Microsoft-Windows-ReliabilityAnalysisComponent/Operational","860","3736","rjaf-PC4429","S-1-5-19","2/14/2015 12:54:01 AM",,,"c:\users\mac_1\desktop\winevt\logs\microsoft-windows-reliabilityanalysiscomponent%4operational.evtx","System.UInt32[]","System.Diagnostics.Eventing.Reader.EventBookmark","Information","Info",,"System.Collections.ObjectModel.ReadOnlyCollection`1[System.String]","System.Collections.Generic.List`1[System.Diagnostics.Eventing.Reader.EventProperty]"
"Reliability Analysis calculated system stability of 8.323 for the one-day period starting at ?2015?-?02?-?13T00:00:00.000000000Z.","2005","0",,"4","0","0","-9223372036854771712","438","Microsoft-Windows-Reliability-Analysis-Engine","4ba32972-6fc5-488a-8368-5da620d05127","Microsoft-Windows-ReliabilityAnalysisComponent/Operational","860","3736","rjaf-PC4429","S-1-5-19","2/14/2015 12:54:01 AM",,,"c:\users\mac_1\desktop\winevt\logs\microsoft-windows-reliabilityanalysiscomponent%4operational.evtx","System.UInt32[]","System.Diagnostics.Eventing.Reader.EventBookmark","Information","Info",,"System.Collections.ObjectModel.ReadOnlyCollection`1[System.String]","System.Collections.Generic.List`1[System.Diagnostics.Eventing.Reader.EventProperty]"
"Reliability Analysis calculated system stability of 8.022 for the one-day period starting at ?2015?-?02?-?12T00:00:00.000000000Z.","2005","0",,"4","0","0","-9223372036854771712","437","Microsoft-Windows-Reliability-Analysis-Engine","4ba32972-6fc5-488a-8368-5da620d05127","Microsoft-Windows-ReliabilityAnalysisComponent/Operational","2964","2432","rjaf-PC4429","S-1-5-19","2/11/2015 5:05:13 PM",,,"c:\users\mac_1\desktop\winevt\logs\microsoft-windows-reliabilityanalysiscomponent%4operational.evtx","System.UInt32[]","System.Diagnostics.Eventing.Reader.EventBookmark","Information","Info",,"System.Collections.ObjectModel.ReadOnlyCollection`1[System.String]","System.Collections.Generic.List`1[System.Diagnostics.Eventing.Reader.EventProperty]"
"Reliability Analysis calculated system stability of 7.673 for the one-day period starting at ?2015?-?02?-?11T00:00:00.000000000Z.","2005","0",,"4","0","0","-9223372036854771712","436","Microsoft-Windows-Reliability-Analysis-Engine","4ba32972-6fc5-488a-8368-5da620d05127","Microsoft-Windows-ReliabilityAnalysisComponent/Operational","3644","2976","rjaf-PC4429","S-1-5-19","2/11/2015 12:35:22 AM",,,"c:\users\mac_1\desktop\winevt\logs\microsoft-windows-reliabilityanalysiscomponent%4operational.evtx","System.UInt32[]","System.Diagnostics.Eventing.Reader.EventBookmark","Information","Info",,"System.Collections.ObjectModel.ReadOnlyCollection`1[System.String]","System.Collections.Generic.List`1[System.Diagnostics.Eventing.Reader.EventProperty]"
"Reliability Analysis calculated system stability of 8.872 for the one-day period starting at ?2015?-?02?-?10T00:00:00.000000000Z.","2005","0",,"4","0","0","-9223372036854771712","435","Microsoft-Windows-Reliability-Analysis-Engine","4ba32972-6fc5-488a-8368-5da620d05127","Microsoft-Windows-ReliabilityAnalysisComponent/Operational","6136","476","rjaf-PC4429","S-1-5-19","2/10/2015 2:12:34 AM",,,"c:\users\mac_1\desktop\winevt\logs\microsoft-windows-reliabilityanalysiscomponent%4operational.evtx","System.UInt32[]","System.Diagnostics.Eventing.Reader.EventBookmark","Information","Info",,"System.Collections.ObjectModel.ReadOnlyCollection`1[System.String]","System.Collections.Generic.List`1[System.Diagnostics.Eventing.Reader.EventProperty]"
"Reliability Analysis calculated system stability of 8.619 for the one-day period starting at ?2015?-?02?-?09T00:00:00.000000000Z.","2005","0",,"4","0","0","-9223372036854771712","434","Microsoft-Windows-Reliability-Analysis-Engine","4ba32972-6fc5-488a-8368-5da620d05127","Microsoft-Windows-ReliabilityAnalysisComponent/Operational","328","4192","rjaf-PC4429","S-1-5-19","2/9/2015 12:17:33 AM",,,"c:\users\mac_1\desktop\winevt\logs\microsoft-windows-reliabilityanalysiscomponent%4operational.evtx","System.UInt32[]","System.Diagnostics.Eventing.Reader.EventBookmark","Information","Info",,"System.Collections.ObjectModel.ReadOnlyCollection`1[System.String]","System.Collections.Generic.List`1[System.Diagnostics.Eventing.Reader.EventProperty]"
"Reliability Analysis calculated system stability of 8.338 for the one-day period starting at ?2015?-?02?-?08T00:00:00.000000000Z.","2005","0",,"4","0","0","-9223372036854771712","433","Microsoft-Windows-Reliability-Analysis-Engine","4ba32972-6fc5-488a-8368-5da620d05127","Microsoft-Windows-ReliabilityAnalysisComponent/Operational","3888","2112","rjaf-PC4429","S-1-5-19","2/8/2015 12:48:06 AM",,,"c:\users\mac_1\desktop\winevt\logs\microsoft-windows-reliabilityanalysiscomponent%4operational.evtx","System.UInt32[]","System.Diagnostics.Eventing.Reader.EventBookmark","Information","Info",,"System.Collections.ObjectModel.ReadOnlyCollection`1[System.String]","System.Collections.Generic.List`1[System.Diagnostics.Eventing.Reader.EventProperty]"
"Reliability Analysis calculated system stability of 8.024 for the one-day period starting at ?2015?-?02?-?07T00:00:00.000000000Z.","2005","0",,"4","0","0","-9223372036854771712","432","Microsoft-Windows-Reliability-Analysis-Engine","4ba32972-6fc5-488a-8368-5da620d05127","Microsoft-Windows-ReliabilityAnalysisComponent/Operational","836","2848","rjaf-PC4429","S-1-5-19","2/7/2015 12:15:06 AM",,,"c:\users\mac_1\desktop\winevt\logs\microsoft-windows-reliabilityanalysiscomponent%4operational.evtx","System.UInt32[]","System.Diagnostics.Eventing.Reader.EventBookmark","Information","Info",,"System.Collections.ObjectModel.ReadOnlyCollection`1[System.String]","System.Collections.Generic.List`1[System.Diagnostics.Eventing.Reader.EventProperty]"
"Reliability Analysis calculated system stability of 9.271 for the one-day period starting at ?2015?-?02?-?06T00:00:00.000000000Z.","2005","0",,"4","0","0","-9223372036854771712","431","Microsoft-Windows-Reliability-Analysis-Engine","4ba32972-6fc5-488a-8368-5da620d05127","Microsoft-Windows-ReliabilityAnalysisComponent/Operational","2868","4040","rjaf-PC4429","S-1-5-19","2/6/2015 1:14:25 AM",,,"c:\users\mac_1\desktop\winevt\logs\microsoft-windows-reliabilityanalysiscomponent%4operational.evtx","System.UInt32[]","System.Diagnostics.Eventing.Reader.EventBookmark","Information","Info",,"System.Collections.ObjectModel.ReadOnlyCollection`1[System.String]","System.Collections.Generic.List`1[System.Diagnostics.Eventing.Reader.EventProperty]"
"Reliability Analysis calculated system stability of 9.063 for the one-day period starting at ?2015?-?02?-?05T00:00:00.000000000Z.","2005","0",,"4","0","0","-9223372036854771712","430","Microsoft-Windows-Reliability-Analysis-Engine","4ba32972-6fc5-488a-8368-5da620d05127","Microsoft-Windows-ReliabilityAnalysisComponent/Operational","2168","3728","rjaf-PC4429","S-1-5-19","2/4/2015 11:06:45 PM",,,"c:\users\mac_1\desktop\winevt\logs\microsoft-windows-reliabilityanalysiscomponent%4operational.evtx","System.UInt32[]","System.Diagnostics.Eventing.Reader.EventBookmark","Information","Info",,"System.Collections.ObjectModel.ReadOnlyCollection`1[System.String]","System.Collections.Generic.List`1[System.Diagnostics.Eventing.Reader.EventProperty]"
"Reliability Analysis calculated system stability of 8.831 for the one-day period starting at ?2015?-?02?-?04T00:00:00.000000000Z.","2005","0",,"4","0","0","-9223372036854771712","429","Microsoft-Windows-Reliability-Analysis-Engine","4ba32972-6fc5-488a-8368-5da620d05127","Microsoft-Windows-ReliabilityAnalysisComponent/Operational","1320","1392","rjaf-PC4429","S-1-5-19","2/3/2015 11:27:50 PM",,,"c:\users\mac_1\desktop\winevt\logs\microsoft-windows-reliabilityanalysiscomponent%4operational.evtx","System.UInt32[]","System.Diagnostics.Eventing.Reader.EventBookmark","Information","Info",,"System.Collections.ObjectModel.ReadOnlyCollection`1[System.String]","System.Collections.Generic.List`1[System.Diagnostics.Eventing.Reader.EventProperty]"
"Reliability Analysis calculated system stability of 8.574 for the one-day period starting at ?2015?-?02?-?03T00:00:00.000000000Z.","2005","0",,"4","0","0","-9223372036854771712","428","Microsoft-Windows-Reliability-Analysis-Engine","4ba32972-6fc5-488a-8368-5da620d05127","Microsoft-Windows-ReliabilityAnalysisComponent/Operational","3340","2524","rjaf-PC4429","S-1-5-19","2/3/2015 1:24:58 AM",,,"c:\users\mac_1\desktop\winevt\logs\microsoft-windows-reliabilityanalysiscomponent%4operational.evtx","System.UInt32[]","System.Diagnostics.Eventing.Reader.EventBookmark","Information","Info",,"System.Collections.ObjectModel.ReadOnlyCollection`1[System.String]","System.Collections.Generic.List`1[System.Diagnostics.Eventing.Reader.EventProperty]"
"Reliability Analysis calculated system stability of 9.919 for the one-day period starting at ?2015?-?02?-?02T00:00:00.000000000Z.","2005","0",,"4","0","0","-9223372036854771712","427","Microsoft-Windows-Reliability-Analysis-Engine","4ba32972-6fc5-488a-8368-5da620d05127","Microsoft-Windows-ReliabilityAnalysisComponent/Operational","1364","2016","rjaf-PC4429","S-1-5-19","2/1/2015 11:08:07 PM",,,"c:\users\mac_1\desktop\winevt\logs\microsoft-windows-reliabilityanalysiscomponent%4operational.evtx","System.UInt32[]","System.Diagnostics.Eventing.Reader.EventBookmark","Information","Info",,"System.Collections.ObjectModel.ReadOnlyCollection`1[System.String]","System.Collections.Generic.List`1[System.Diagnostics.Eventing.Reader.EventProperty]"
"Reliability Analysis calculated system stability of 9.785 for the one-day period starting at ?2015?-?02?-?01T00:00:00.000000000Z.","2005","0",,"4","0","0","-9223372036854771712","426","Microsoft-Windows-Reliability-Analysis-Engine","4ba32972-6fc5-488a-8368-5da620d05127","Microsoft-Windows-ReliabilityAnalysisComponent/Operational","2936","3824","rjaf-PC4429","S-1-5-19","1/31/2015 11:58:00 PM",,,"c:\users\mac_1\desktop\winevt\logs\microsoft-windows-reliabilityanalysiscomponent%4operational.evtx","System.UInt32[]","System.Diagnostics.Eventing.Reader.EventBookmark","Information","Info",,"System.Collections.ObjectModel.ReadOnlyCollection`1[System.String]","System.Collections.Generic.List`1[System.Diagnostics.Eventing.Reader.EventProperty]"
"Reliability Analysis calculated system stability of 9.635 for the one-day period starting at ?2015?-?01?-?31T00:00:00.000000000Z.","2005","0",,"4","0","0","-9223372036854771712","425","Microsoft-Windows-Reliability-Analysis-Engine","4ba32972-6fc5-488a-8368-5da620d05127","Microsoft-Windows-ReliabilityAnalysisComponent/Operational","3796","540","rjaf-PC4429","S-1-5-19","1/31/2015 12:35:01 AM",,,"c:\users\mac_1\desktop\winevt\logs\microsoft-windows-reliabilityanalysiscomponent%4operational.evtx","System.UInt32[]","System.Diagnostics.Eventing.Reader.EventBookmark","Information","Info",,"System.Collections.ObjectModel.ReadOnlyCollection`1[System.String]","System.Collections.Generic.List`1[System.Diagnostics.Eventing.Reader.EventProperty]"
"Reliability Analysis calculated system stability of 9.468 for the one-day period starting at ?2015?-?01?-?30T00:00:00.000000000Z.","2005","0",,"4","0","0","-9223372036854771712","424","Microsoft-Windows-Reliability-Analysis-Engine","4ba32972-6fc5-488a-8368-5da620d05127","Microsoft-Windows-ReliabilityAnalysisComponent/Operational","1676","832","rjaf-PC4429","S-1-5-19","1/30/2015 12:45:31 AM",,,"c:\users\mac_1\desktop\winevt\logs\microsoft-windows-reliabilityanalysiscomponent%4operational.evtx","System.UInt32[]","System.Diagnostics.Eventing.Reader.EventBookmark","Information","Info",,"System.Collections.ObjectModel.ReadOnlyCollection`1[System.String]","System.Collections.Generic.List`1[System.Diagnostics.Eventing.Reader.EventProperty]"
"Reliability Analysis calculated system stability of 9.282 for the one-day period starting at ?2015?-?01?-?29T00:00:00.000000000Z.","2005","0",,"4","0","0","-9223372036854771712","423","Microsoft-Windows-Reliability-Analysis-Engine","4ba32972-6fc5-488a-8368-5da620d05127","Microsoft-Windows-ReliabilityAnalysisComponent/Operational","5700","5748","rjaf-PC4429","S-1-5-19","1/28/2015 11:44:05 PM",,,"c:\users\mac_1\desktop\winevt\logs\microsoft-windows-reliabilityanalysiscomponent%4operational.evtx","System.UInt32[]","System.Diagnostics.Eventing.Reader.EventBookmark","Information","Info",,"System.Collections.ObjectModel.ReadOnlyCollection`1[System.String]","System.Collections.Generic.List`1[System.Diagnostics.Eventing.Reader.EventProperty]"
"Reliability Analysis calculated system stability of 9.075 for the one-day period starting at ?2015?-?01?-?28T00:00:00.000000000Z.","2005","0",,"4","0","0","-9223372036854771712","422","Microsoft-Windows-Reliability-Analysis-Engine","4ba32972-6fc5-488a-8368-5da620d05127","Microsoft-Windows-ReliabilityAnalysisComponent/Operational","3652","744","rjaf-PC4429","S-1-5-19","1/28/2015 8:45:20 AM",,,"c:\users\mac_1\desktop\winevt\logs\microsoft-windows-reliabilityanalysiscomponent%4operational.evtx","System.UInt32[]","System.Diagnostics.Eventing.Reader.EventBookmark","Information","Info",,"System.Collections.ObjectModel.ReadOnlyCollection`1[System.String]","System.Collections.Generic.List`1[System.Diagnostics.Eventing.Reader.EventProperty]"
"Reliability Analysis calculated system stability of 8.845 for the one-day period starting at ?2015?-?01?-?27T00:00:00.000000000Z.","2005","0",,"4","0","0","-9223372036854771712","421","Microsoft-Windows-Reliability-Analysis-Engine","4ba32972-6fc5-488a-8368-5da620d05127","Microsoft-Windows-ReliabilityAnalysisComponent/Operational","3280","2420","rjaf-PC4429","S-1-5-19","1/26/2015 11:06:08 PM",,,"c:\users\mac_1\desktop\winevt\logs\microsoft-windows-reliabilityanalysiscomponent%4operational.evtx","System.UInt32[]","System.Diagnostics.Eventing.Reader.EventBookmark","Information","Info",,"System.Collections.ObjectModel.ReadOnlyCollection`1[System.String]","System.Collections.Generic.List`1[System.Diagnostics.Eventing.Reader.EventProperty]"
"Reliability Analysis calculated system stability of 8.589 for the one-day period starting at ?2015?-?01?-?26T00:00:00.000000000Z.","2005","0",,"4","0","0","-9223372036854771712","420","Microsoft-Windows-Reliability-Analysis-Engine","4ba32972-6fc5-488a-8368-5da620d05127","Microsoft-Windows-ReliabilityAnalysisComponent/Operational","3720","1052","rjaf-PC4429","S-1-5-19","1/25/2015 11:49:51 PM",,,"c:\users\mac_1\desktop\winevt\logs\microsoft-windows-reliabilityanalysiscomponent%4operational.evtx","System.UInt32[]","System.Diagnostics.Eventing.Reader.EventBookmark","Information","Info",,"System.Collections.ObjectModel.ReadOnlyCollection`1[System.String]","System.Collections.Generic.List`1[System.Diagnostics.Eventing.Reader.EventProperty]"
"Reliability Analysis calculated system stability of 10 for the one-day period starting at ?2015?-?01?-?25T00:00:00.000000000Z.","2005","0",,"4","0","0","-9223372036854771712","419","Microsoft-Windows-Reliability-Analysis-Engine","4ba32972-6fc5-488a-8368-5da620d05127","Microsoft-Windows-ReliabilityAnalysisComponent/Operational","2172","544","rjaf-PC4429","S-1-5-19","1/24/2015 10:24:21 PM",,,"c:\users\mac_1\desktop\winevt\logs\microsoft-windows-reliabilityanalysiscomponent%4operational.evtx","System.UInt32[]","System.Diagnostics.Eventing.Reader.EventBookmark","Information","Info",,"System.Collections.ObjectModel.ReadOnlyCollection`1[System.String]","System.Collections.Generic.List`1[System.Diagnostics.Eventing.Reader.EventProperty]"
