"Diagnostic module {15FBA3B8-A37A-4F91-BDBA-FBB98FE804BF} (%SystemRoot%\system32\diagperf.dll) started troubleshooting scenario {2698178D-FDAD-40AE-9D3C-1371703ADC5B}, instance {07168A55-27F0-4B98-A55D-CA3AC7858E47}, original activity ID {2698178D-FDAD-40AE-9D3C-1371703ADC5B}.","105","0",,"4","1","13","4611686052787126272","5248","Microsoft-Windows-Diagnosis-DPS","6bba3851-2c7e-4dea-8f54-31e5afd029e3","Microsoft-Windows-Diagnosis-DPS/Operational","1400","400","rjaf-PC4429","S-1-5-19","5/9/2015 4:44:45 AM","07168a55-27f0-4b98-a55d-ca3ac7858e47",,"c:\users\mac_1\desktop\winevt\logs\microsoft-windows-diagnosis-dps%4operational.evtx","System.UInt32[]","System.Diagnostics.Eventing.Reader.EventBookmark","Information","A scenario instance was dispatched for troubleshooting","Scenario Lifecycle","System.Collections.ObjectModel.ReadOnlyCollection`1[System.String]","System.Collections.Generic.List`1[System.Diagnostics.Eventing.Reader.EventProperty]"
"Diagnostic module {15FBA3B8-A37A-4F91-BDBA-FBB98FE804BF} (%SystemRoot%\system32\diagperf.dll) detected a problem for scenario {2698178D-FDAD-40AE-9D3C-1371703ADC5B}, instance {07168A55-27F0-4B98-A55D-CA3AC7858E47}, original activity ID {2698178D-FDAD-40AE-9D3C-1371703ADC5B}.","100","0",,"4","1","12","4611686052787126272","5247","Microsoft-Windows-Diagnosis-DPS","6bba3851-2c7e-4dea-8f54-31e5afd029e3","Microsoft-Windows-Diagnosis-DPS/Operational","1400","400","rjaf-PC4429","S-1-5-19","5/9/2015 4:44:45 AM","07168a55-27f0-4b98-a55d-ca3ac7858e47",,"c:\users\mac_1\desktop\winevt\logs\microsoft-windows-diagnosis-dps%4operational.evtx","System.UInt32[]","System.Diagnostics.Eventing.Reader.EventBookmark","Information","A diagnostic module detected a problem","Scenario Lifecycle","System.Collections.ObjectModel.ReadOnlyCollection`1[System.String]","System.Collections.Generic.List`1[System.Diagnostics.Eventing.Reader.EventProperty]"
"Diagnostic module {15FBA3B8-A37A-4F91-BDBA-FBB98FE804BF} (%SystemRoot%\system32\diagperf.dll) finished troubleshooting scenario {2698178D-FDAD-40AE-9D3C-1371703ADC5B}, instance {CD299DA3-39B4-42DA-A030-33CC72F63D10}, original activity ID {2698178D-FDAD-40AE-9D3C-1371703ADC5B}.  No resolution was set by the diagnostic module.","110","0",,"4","1","14","4611686052787126272","5246","Microsoft-Windows-Diagnosis-DPS","6bba3851-2c7e-4dea-8f54-31e5afd029e3","Microsoft-Windows-Diagnosis-DPS/Operational","1412","1424","rjaf-PC4429","S-1-5-19","5/9/2015 4:35:18 AM","cd299da3-39b4-42da-a030-33cc72f63d10",,"c:\users\mac_1\desktop\winevt\logs\microsoft-windows-diagnosis-dps%4operational.evtx","System.UInt32[]","System.Diagnostics.Eventing.Reader.EventBookmark","Information","A diagnostic module completed troubleshooting without setting a resolution","Scenario Lifecycle","System.Collections.ObjectModel.ReadOnlyCollection`1[System.String]","System.Collections.Generic.List`1[System.Diagnostics.Eventing.Reader.EventProperty]"
"Diagnostic module {C8544339-5BE9-4F25-862E-485F1B1A6935} (%SystemRoot%\system32\diagperf.dll) finished troubleshooting scenario {86432A0B-3C7D-4DDF-A89C-172FAA90485D}, instance {3404D1D2-651D-4E73-9299-D0D56B2AA8F9}, original activity ID {86432A0B-3C7D-4DDF-A89C-172FAA90485D}.  No resolution was set by the diagnostic module.","110","0",,"4","1","14","4611686052787126272","5245","Microsoft-Windows-Diagnosis-DPS","6bba3851-2c7e-4dea-8f54-31e5afd029e3","Microsoft-Windows-Diagnosis-DPS/Operational","1412","1424","rjaf-PC4429","S-1-5-19","5/9/2015 4:35:18 AM","3404d1d2-651d-4e73-9299-d0d56b2aa8f9",,"c:\users\mac_1\desktop\winevt\logs\microsoft-windows-diagnosis-dps%4operational.evtx","System.UInt32[]","System.Diagnostics.Eventing.Reader.EventBookmark","Information","A diagnostic module completed troubleshooting without setting a resolution","Scenario Lifecycle","System.Collections.ObjectModel.ReadOnlyCollection`1[System.String]","System.Collections.Generic.List`1[System.Diagnostics.Eventing.Reader.EventProperty]"
"Diagnostic module {C8544339-5BE9-4F25-862E-485F1B1A6935} (%SystemRoot%\system32\diagperf.dll) started troubleshooting scenario {86432A0B-3C7D-4DDF-A89C-172FAA90485D}, instance {3404D1D2-651D-4E73-9299-D0D56B2AA8F9}, original activity ID {86432A0B-3C7D-4DDF-A89C-172FAA90485D}.","105","0",,"4","1","13","4611686052787126272","5244","Microsoft-Windows-Diagnosis-DPS","6bba3851-2c7e-4dea-8f54-31e5afd029e3","Microsoft-Windows-Diagnosis-DPS/Operational","1412","1424","rjaf-PC4429","S-1-5-19","5/9/2015 4:35:16 AM","3404d1d2-651d-4e73-9299-d0d56b2aa8f9",,"c:\users\mac_1\desktop\winevt\logs\microsoft-windows-diagnosis-dps%4operational.evtx","System.UInt32[]","System.Diagnostics.Eventing.Reader.EventBookmark","Information","A scenario instance was dispatched for troubleshooting","Scenario Lifecycle","System.Collections.ObjectModel.ReadOnlyCollection`1[System.String]","System.Collections.Generic.List`1[System.Diagnostics.Eventing.Reader.EventProperty]"
"Diagnostic module {C8544339-5BE9-4F25-862E-485F1B1A6935} (%SystemRoot%\system32\diagperf.dll) detected a problem for scenario {86432A0B-3C7D-4DDF-A89C-172FAA90485D}, instance {3404D1D2-651D-4E73-9299-D0D56B2AA8F9}, original activity ID {86432A0B-3C7D-4DDF-A89C-172FAA90485D}.","100","0",,"4","1","12","4611686052787126272","5243","Microsoft-Windows-Diagnosis-DPS","6bba3851-2c7e-4dea-8f54-31e5afd029e3","Microsoft-Windows-Diagnosis-DPS/Operational","1412","1424","rjaf-PC4429","S-1-5-19","5/9/2015 4:35:16 AM","3404d1d2-651d-4e73-9299-d0d56b2aa8f9",,"c:\users\mac_1\desktop\winevt\logs\microsoft-windows-diagnosis-dps%4operational.evtx","System.UInt32[]","System.Diagnostics.Eventing.Reader.EventBookmark","Information","A diagnostic module detected a problem","Scenario Lifecycle","System.Collections.ObjectModel.ReadOnlyCollection`1[System.String]","System.Collections.Generic.List`1[System.Diagnostics.Eventing.Reader.EventProperty]"
"Diagnostic module {15FBA3B8-A37A-4F91-BDBA-FBB98FE804BF} (%SystemRoot%\system32\diagperf.dll) started troubleshooting scenario {2698178D-FDAD-40AE-9D3C-1371703ADC5B}, instance {CD299DA3-39B4-42DA-A030-33CC72F63D10}, original activity ID {2698178D-FDAD-40AE-9D3C-1371703ADC5B}.","105","0",,"4","1","13","4611686052787126272","5242","Microsoft-Windows-Diagnosis-DPS","6bba3851-2c7e-4dea-8f54-31e5afd029e3","Microsoft-Windows-Diagnosis-DPS/Operational","1412","956","rjaf-PC4429","S-1-5-19","5/9/2015 4:33:15 AM","cd299da3-39b4-42da-a030-33cc72f63d10",,"c:\users\mac_1\desktop\winevt\logs\microsoft-windows-diagnosis-dps%4operational.evtx","System.UInt32[]","System.Diagnostics.Eventing.Reader.EventBookmark","Information","A scenario instance was dispatched for troubleshooting","Scenario Lifecycle","System.Collections.ObjectModel.ReadOnlyCollection`1[System.String]","System.Collections.Generic.List`1[System.Diagnostics.Eventing.Reader.EventProperty]"
"Diagnostic module {15FBA3B8-A37A-4F91-BDBA-FBB98FE804BF} (%SystemRoot%\system32\diagperf.dll) detected a problem for scenario {2698178D-FDAD-40AE-9D3C-1371703ADC5B}, instance {CD299DA3-39B4-42DA-A030-33CC72F63D10}, original activity ID {2698178D-FDAD-40AE-9D3C-1371703ADC5B}.","100","0",,"4","1","12","4611686052787126272","5241","Microsoft-Windows-Diagnosis-DPS","6bba3851-2c7e-4dea-8f54-31e5afd029e3","Microsoft-Windows-Diagnosis-DPS/Operational","1412","956","rjaf-PC4429","S-1-5-19","5/9/2015 4:33:15 AM","cd299da3-39b4-42da-a030-33cc72f63d10",,"c:\users\mac_1\desktop\winevt\logs\microsoft-windows-diagnosis-dps%4operational.evtx","System.UInt32[]","System.Diagnostics.Eventing.Reader.EventBookmark","Information","A diagnostic module detected a problem","Scenario Lifecycle","System.Collections.ObjectModel.ReadOnlyCollection`1[System.String]","System.Collections.Generic.List`1[System.Diagnostics.Eventing.Reader.EventProperty]"
"Diagnostic module {C8544339-5BE9-4F25-862E-485F1B1A6935} (%SystemRoot%\system32\diagperf.dll) finished troubleshooting scenario {86432A0B-3C7D-4DDF-A89C-172FAA90485D}, instance {5EA6ADEC-B780-47F8-8275-6D7F281B1007}, original activity ID {86432A0B-3C7D-4DDF-A89C-172FAA90485D}.  No resolution was set by the diagnostic module.","110","0",,"4","1","14","4611686052787126272","5240","Microsoft-Windows-Diagnosis-DPS","6bba3851-2c7e-4dea-8f54-31e5afd029e3","Microsoft-Windows-Diagnosis-DPS/Operational","1408","1560","rjaf-PC4429","S-1-5-19","5/8/2015 7:46:25 PM","5ea6adec-b780-47f8-8275-6d7f281b1007",,"c:\users\mac_1\desktop\winevt\logs\microsoft-windows-diagnosis-dps%4operational.evtx","System.UInt32[]","System.Diagnostics.Eventing.Reader.EventBookmark","Information","A diagnostic module completed troubleshooting without setting a resolution","Scenario Lifecycle","System.Collections.ObjectModel.ReadOnlyCollection`1[System.String]","System.Collections.Generic.List`1[System.Diagnostics.Eventing.Reader.EventProperty]"
"Diagnostic module {15FBA3B8-A37A-4F91-BDBA-FBB98FE804BF} (%SystemRoot%\system32\diagperf.dll) finished troubleshooting scenario {2698178D-FDAD-40AE-9D3C-1371703ADC5B}, instance {A8B4A0E0-DDF0-4DC1-9EFF-957DD7B17B8C}, original activity ID {2698178D-FDAD-40AE-9D3C-1371703ADC5B}.  No resolution was set by the diagnostic module.","110","0",,"4","1","14","4611686052787126272","5239","Microsoft-Windows-Diagnosis-DPS","6bba3851-2c7e-4dea-8f54-31e5afd029e3","Microsoft-Windows-Diagnosis-DPS/Operational","1408","1560","rjaf-PC4429","S-1-5-19","5/8/2015 7:46:25 PM","a8b4a0e0-ddf0-4dc1-9eff-957dd7b17b8c",,"c:\users\mac_1\desktop\winevt\logs\microsoft-windows-diagnosis-dps%4operational.evtx","System.UInt32[]","System.Diagnostics.Eventing.Reader.EventBookmark","Information","A diagnostic module completed troubleshooting without setting a resolution","Scenario Lifecycle","System.Collections.ObjectModel.ReadOnlyCollection`1[System.String]","System.Collections.Generic.List`1[System.Diagnostics.Eventing.Reader.EventProperty]"
"Diagnostic module {C8544339-5BE9-4F25-862E-485F1B1A6935} (%SystemRoot%\system32\diagperf.dll) started troubleshooting scenario {86432A0B-3C7D-4DDF-A89C-172FAA90485D}, instance {5EA6ADEC-B780-47F8-8275-6D7F281B1007}, original activity ID {86432A0B-3C7D-4DDF-A89C-172FAA90485D}.","105","0",,"4","1","13","4611686052787126272","5238","Microsoft-Windows-Diagnosis-DPS","6bba3851-2c7e-4dea-8f54-31e5afd029e3","Microsoft-Windows-Diagnosis-DPS/Operational","1408","1560","rjaf-PC4429","S-1-5-19","5/8/2015 7:46:24 PM","5ea6adec-b780-47f8-8275-6d7f281b1007",,"c:\users\mac_1\desktop\winevt\logs\microsoft-windows-diagnosis-dps%4operational.evtx","System.UInt32[]","System.Diagnostics.Eventing.Reader.EventBookmark","Information","A scenario instance was dispatched for troubleshooting","Scenario Lifecycle","System.Collections.ObjectModel.ReadOnlyCollection`1[System.String]","System.Collections.Generic.List`1[System.Diagnostics.Eventing.Reader.EventProperty]"
"Diagnostic module {C8544339-5BE9-4F25-862E-485F1B1A6935} (%SystemRoot%\system32\diagperf.dll) detected a problem for scenario {86432A0B-3C7D-4DDF-A89C-172FAA90485D}, instance {5EA6ADEC-B780-47F8-8275-6D7F281B1007}, original activity ID {86432A0B-3C7D-4DDF-A89C-172FAA90485D}.","100","0",,"4","1","12","4611686052787126272","5237","Microsoft-Windows-Diagnosis-DPS","6bba3851-2c7e-4dea-8f54-31e5afd029e3","Microsoft-Windows-Diagnosis-DPS/Operational","1408","1560","rjaf-PC4429","S-1-5-19","5/8/2015 7:46:24 PM","5ea6adec-b780-47f8-8275-6d7f281b1007",,"c:\users\mac_1\desktop\winevt\logs\microsoft-windows-diagnosis-dps%4operational.evtx","System.UInt32[]","System.Diagnostics.Eventing.Reader.EventBookmark","Information","A diagnostic module detected a problem","Scenario Lifecycle","System.Collections.ObjectModel.ReadOnlyCollection`1[System.String]","System.Collections.Generic.List`1[System.Diagnostics.Eventing.Reader.EventProperty]"
"Diagnostic module {15FBA3B8-A37A-4F91-BDBA-FBB98FE804BF} (%SystemRoot%\system32\diagperf.dll) started troubleshooting scenario {2698178D-FDAD-40AE-9D3C-1371703ADC5B}, instance {A8B4A0E0-DDF0-4DC1-9EFF-957DD7B17B8C}, original activity ID {2698178D-FDAD-40AE-9D3C-1371703ADC5B}.","105","0",,"4","1","13","4611686052787126272","5236","Microsoft-Windows-Diagnosis-DPS","6bba3851-2c7e-4dea-8f54-31e5afd029e3","Microsoft-Windows-Diagnosis-DPS/Operational","1408","400","rjaf-PC4429","S-1-5-19","5/8/2015 7:44:50 PM","a8b4a0e0-ddf0-4dc1-9eff-957dd7b17b8c",,"c:\users\mac_1\desktop\winevt\logs\microsoft-windows-diagnosis-dps%4operational.evtx","System.UInt32[]","System.Diagnostics.Eventing.Reader.EventBookmark","Information","A scenario instance was dispatched for troubleshooting","Scenario Lifecycle","System.Collections.ObjectModel.ReadOnlyCollection`1[System.String]","System.Collections.Generic.List`1[System.Diagnostics.Eventing.Reader.EventProperty]"
"Diagnostic module {15FBA3B8-A37A-4F91-BDBA-FBB98FE804BF} (%SystemRoot%\system32\diagperf.dll) detected a problem for scenario {2698178D-FDAD-40AE-9D3C-1371703ADC5B}, instance {A8B4A0E0-DDF0-4DC1-9EFF-957DD7B17B8C}, original activity ID {2698178D-FDAD-40AE-9D3C-1371703ADC5B}.","100","0",,"4","1","12","4611686052787126272","5235","Microsoft-Windows-Diagnosis-DPS","6bba3851-2c7e-4dea-8f54-31e5afd029e3","Microsoft-Windows-Diagnosis-DPS/Operational","1408","400","rjaf-PC4429","S-1-5-19","5/8/2015 7:44:50 PM","a8b4a0e0-ddf0-4dc1-9eff-957dd7b17b8c",,"c:\users\mac_1\desktop\winevt\logs\microsoft-windows-diagnosis-dps%4operational.evtx","System.UInt32[]","System.Diagnostics.Eventing.Reader.EventBookmark","Information","A diagnostic module detected a problem","Scenario Lifecycle","System.Collections.ObjectModel.ReadOnlyCollection`1[System.String]","System.Collections.Generic.List`1[System.Diagnostics.Eventing.Reader.EventProperty]"
"Diagnostic module {C8544339-5BE9-4F25-862E-485F1B1A6935} (%SystemRoot%\system32\diagperf.dll) finished troubleshooting scenario {86432A0B-3C7D-4DDF-A89C-172FAA90485D}, instance {A133D15D-7D70-4908-A1E0-5474BF34EAEE}, original activity ID {86432A0B-3C7D-4DDF-A89C-172FAA90485D}.  No resolution was set by the diagnostic module.","110","0",,"4","1","14","4611686052787126272","5234","Microsoft-Windows-Diagnosis-DPS","6bba3851-2c7e-4dea-8f54-31e5afd029e3","Microsoft-Windows-Diagnosis-DPS/Operational","1380","400","rjaf-PC4429","S-1-5-19","5/8/2015 11:22:41 AM","a133d15d-7d70-4908-a1e0-5474bf34eaee",,"c:\users\mac_1\desktop\winevt\logs\microsoft-windows-diagnosis-dps%4operational.evtx","System.UInt32[]","System.Diagnostics.Eventing.Reader.EventBookmark","Information","A diagnostic module completed troubleshooting without setting a resolution","Scenario Lifecycle","System.Collections.ObjectModel.ReadOnlyCollection`1[System.String]","System.Collections.Generic.List`1[System.Diagnostics.Eventing.Reader.EventProperty]"
"Diagnostic module {C8544339-5BE9-4F25-862E-485F1B1A6935} (%SystemRoot%\system32\diagperf.dll) started troubleshooting scenario {86432A0B-3C7D-4DDF-A89C-172FAA90485D}, instance {A133D15D-7D70-4908-A1E0-5474BF34EAEE}, original activity ID {86432A0B-3C7D-4DDF-A89C-172FAA90485D}.","105","0",,"4","1","13","4611686052787126272","5233","Microsoft-Windows-Diagnosis-DPS","6bba3851-2c7e-4dea-8f54-31e5afd029e3","Microsoft-Windows-Diagnosis-DPS/Operational","1380","400","rjaf-PC4429","S-1-5-19","5/8/2015 11:22:40 AM","a133d15d-7d70-4908-a1e0-5474bf34eaee",,"c:\users\mac_1\desktop\winevt\logs\microsoft-windows-diagnosis-dps%4operational.evtx","System.UInt32[]","System.Diagnostics.Eventing.Reader.EventBookmark","Information","A scenario instance was dispatched for troubleshooting","Scenario Lifecycle","System.Collections.ObjectModel.ReadOnlyCollection`1[System.String]","System.Collections.Generic.List`1[System.Diagnostics.Eventing.Reader.EventProperty]"
"Diagnostic module {C8544339-5BE9-4F25-862E-485F1B1A6935} (%SystemRoot%\system32\diagperf.dll) detected a problem for scenario {86432A0B-3C7D-4DDF-A89C-172FAA90485D}, instance {A133D15D-7D70-4908-A1E0-5474BF34EAEE}, original activity ID {86432A0B-3C7D-4DDF-A89C-172FAA90485D}.","100","0",,"4","1","12","4611686052787126272","5232","Microsoft-Windows-Diagnosis-DPS","6bba3851-2c7e-4dea-8f54-31e5afd029e3","Microsoft-Windows-Diagnosis-DPS/Operational","1380","400","rjaf-PC4429","S-1-5-19","5/8/2015 11:22:40 AM","a133d15d-7d70-4908-a1e0-5474bf34eaee",,"c:\users\mac_1\desktop\winevt\logs\microsoft-windows-diagnosis-dps%4operational.evtx","System.UInt32[]","System.Diagnostics.Eventing.Reader.EventBookmark","Information","A diagnostic module detected a problem","Scenario Lifecycle","System.Collections.ObjectModel.ReadOnlyCollection`1[System.String]","System.Collections.Generic.List`1[System.Diagnostics.Eventing.Reader.EventProperty]"
"Diagnostic module {C8544339-5BE9-4F25-862E-485F1B1A6935} (%SystemRoot%\system32\diagperf.dll) finished troubleshooting scenario {86432A0B-3C7D-4DDF-A89C-172FAA90485D}, instance {7820F962-4C75-4615-AFC5-BA53910F0094}, original activity ID {86432A0B-3C7D-4DDF-A89C-172FAA90485D}.  No resolution was set by the diagnostic module.","110","0",,"4","1","14","4611686052787126272","5231","Microsoft-Windows-Diagnosis-DPS","6bba3851-2c7e-4dea-8f54-31e5afd029e3","Microsoft-Windows-Diagnosis-DPS/Operational","1416","332","rjaf-PC4429","S-1-5-19","5/8/2015 11:18:18 AM","7820f962-4c75-4615-afc5-ba53910f0094",,"c:\users\mac_1\desktop\winevt\logs\microsoft-windows-diagnosis-dps%4operational.evtx","System.UInt32[]","System.Diagnostics.Eventing.Reader.EventBookmark","Information","A diagnostic module completed troubleshooting without setting a resolution","Scenario Lifecycle","System.Collections.ObjectModel.ReadOnlyCollection`1[System.String]","System.Collections.Generic.List`1[System.Diagnostics.Eventing.Reader.EventProperty]"
"Diagnostic module {15FBA3B8-A37A-4F91-BDBA-FBB98FE804BF} (%SystemRoot%\system32\diagperf.dll) finished troubleshooting scenario {2698178D-FDAD-40AE-9D3C-1371703ADC5B}, instance {2DAF8FAD-B64B-41B7-A183-93CE703DAE87}, original activity ID {2698178D-FDAD-40AE-9D3C-1371703ADC5B}.  No resolution was set by the diagnostic module.","110","0",,"4","1","14","4611686052787126272","5230","Microsoft-Windows-Diagnosis-DPS","6bba3851-2c7e-4dea-8f54-31e5afd029e3","Microsoft-Windows-Diagnosis-DPS/Operational","1416","332","rjaf-PC4429","S-1-5-19","5/8/2015 11:18:18 AM","2daf8fad-b64b-41b7-a183-93ce703dae87",,"c:\users\mac_1\desktop\winevt\logs\microsoft-windows-diagnosis-dps%4operational.evtx","System.UInt32[]","System.Diagnostics.Eventing.Reader.EventBookmark","Information","A diagnostic module completed troubleshooting without setting a resolution","Scenario Lifecycle","System.Collections.ObjectModel.ReadOnlyCollection`1[System.String]","System.Collections.Generic.List`1[System.Diagnostics.Eventing.Reader.EventProperty]"
"Diagnostic module {C8544339-5BE9-4F25-862E-485F1B1A6935} (%SystemRoot%\system32\diagperf.dll) started troubleshooting scenario {86432A0B-3C7D-4DDF-A89C-172FAA90485D}, instance {7820F962-4C75-4615-AFC5-BA53910F0094}, original activity ID {86432A0B-3C7D-4DDF-A89C-172FAA90485D}.","105","0",,"4","1","13","4611686052787126272","5229","Microsoft-Windows-Diagnosis-DPS","6bba3851-2c7e-4dea-8f54-31e5afd029e3","Microsoft-Windows-Diagnosis-DPS/Operational","1416","332","rjaf-PC4429","S-1-5-19","5/8/2015 11:18:18 AM","7820f962-4c75-4615-afc5-ba53910f0094",,"c:\users\mac_1\desktop\winevt\logs\microsoft-windows-diagnosis-dps%4operational.evtx","System.UInt32[]","System.Diagnostics.Eventing.Reader.EventBookmark","Information","A scenario instance was dispatched for troubleshooting","Scenario Lifecycle","System.Collections.ObjectModel.ReadOnlyCollection`1[System.String]","System.Collections.Generic.List`1[System.Diagnostics.Eventing.Reader.EventProperty]"
"Diagnostic module {C8544339-5BE9-4F25-862E-485F1B1A6935} (%SystemRoot%\system32\diagperf.dll) detected a problem for scenario {86432A0B-3C7D-4DDF-A89C-172FAA90485D}, instance {7820F962-4C75-4615-AFC5-BA53910F0094}, original activity ID {86432A0B-3C7D-4DDF-A89C-172FAA90485D}.","100","0",,"4","1","12","4611686052787126272","5228","Microsoft-Windows-Diagnosis-DPS","6bba3851-2c7e-4dea-8f54-31e5afd029e3","Microsoft-Windows-Diagnosis-DPS/Operational","1416","332","rjaf-PC4429","S-1-5-19","5/8/2015 11:18:18 AM","7820f962-4c75-4615-afc5-ba53910f0094",,"c:\users\mac_1\desktop\winevt\logs\microsoft-windows-diagnosis-dps%4operational.evtx","System.UInt32[]","System.Diagnostics.Eventing.Reader.EventBookmark","Information","A diagnostic module detected a problem","Scenario Lifecycle","System.Collections.ObjectModel.ReadOnlyCollection`1[System.String]","System.Collections.Generic.List`1[System.Diagnostics.Eventing.Reader.EventProperty]"
"Diagnostic module {15FBA3B8-A37A-4F91-BDBA-FBB98FE804BF} (%SystemRoot%\system32\diagperf.dll) started troubleshooting scenario {2698178D-FDAD-40AE-9D3C-1371703ADC5B}, instance {2DAF8FAD-B64B-41B7-A183-93CE703DAE87}, original activity ID {2698178D-FDAD-40AE-9D3C-1371703ADC5B}.","105","0",,"4","1","13","4611686052787126272","5227","Microsoft-Windows-Diagnosis-DPS","6bba3851-2c7e-4dea-8f54-31e5afd029e3","Microsoft-Windows-Diagnosis-DPS/Operational","1416","612","rjaf-PC4429","S-1-5-19","5/8/2015 11:16:44 AM","2daf8fad-b64b-41b7-a183-93ce703dae87",,"c:\users\mac_1\desktop\winevt\logs\microsoft-windows-diagnosis-dps%4operational.evtx","System.UInt32[]","System.Diagnostics.Eventing.Reader.EventBookmark","Information","A scenario instance was dispatched for troubleshooting","Scenario Lifecycle","System.Collections.ObjectModel.ReadOnlyCollection`1[System.String]","System.Collections.Generic.List`1[System.Diagnostics.Eventing.Reader.EventProperty]"
"Diagnostic module {15FBA3B8-A37A-4F91-BDBA-FBB98FE804BF} (%SystemRoot%\system32\diagperf.dll) detected a problem for scenario {2698178D-FDAD-40AE-9D3C-1371703ADC5B}, instance {2DAF8FAD-B64B-41B7-A183-93CE703DAE87}, original activity ID {2698178D-FDAD-40AE-9D3C-1371703ADC5B}.","100","0",,"4","1","12","4611686052787126272","5226","Microsoft-Windows-Diagnosis-DPS","6bba3851-2c7e-4dea-8f54-31e5afd029e3","Microsoft-Windows-Diagnosis-DPS/Operational","1416","612","rjaf-PC4429","S-1-5-19","5/8/2015 11:16:44 AM","2daf8fad-b64b-41b7-a183-93ce703dae87",,"c:\users\mac_1\desktop\winevt\logs\microsoft-windows-diagnosis-dps%4operational.evtx","System.UInt32[]","System.Diagnostics.Eventing.Reader.EventBookmark","Information","A diagnostic module detected a problem","Scenario Lifecycle","System.Collections.ObjectModel.ReadOnlyCollection`1[System.String]","System.Collections.Generic.List`1[System.Diagnostics.Eventing.Reader.EventProperty]"
"Diagnostic module {C8544339-5BE9-4F25-862E-485F1B1A6935} (%SystemRoot%\system32\diagperf.dll) finished troubleshooting scenario {86432A0B-3C7D-4DDF-A89C-172FAA90485D}, instance {79AAB2C8-502A-4C4B-B05F-DE71F70847D8}, original activity ID {86432A0B-3C7D-4DDF-A89C-172FAA90485D}.  No resolution was set by the diagnostic module.","110","0",,"4","1","14","4611686052787126272","5225","Microsoft-Windows-Diagnosis-DPS","6bba3851-2c7e-4dea-8f54-31e5afd029e3","Microsoft-Windows-Diagnosis-DPS/Operational","1408","308","rjaf-PC4429","S-1-5-19","5/8/2015 7:08:36 AM","79aab2c8-502a-4c4b-b05f-de71f70847d8",,"c:\users\mac_1\desktop\winevt\logs\microsoft-windows-diagnosis-dps%4operational.evtx","System.UInt32[]","System.Diagnostics.Eventing.Reader.EventBookmark","Information","A diagnostic module completed troubleshooting without setting a resolution","Scenario Lifecycle","System.Collections.ObjectModel.ReadOnlyCollection`1[System.String]","System.Collections.Generic.List`1[System.Diagnostics.Eventing.Reader.EventProperty]"
"Diagnostic module {15FBA3B8-A37A-4F91-BDBA-FBB98FE804BF} (%SystemRoot%\system32\diagperf.dll) finished troubleshooting scenario {2698178D-FDAD-40AE-9D3C-1371703ADC5B}, instance {A4777191-CDBF-43E1-83C7-157383CA4E3F}, original activity ID {2698178D-FDAD-40AE-9D3C-1371703ADC5B}.  No resolution was set by the diagnostic module.","110","0",,"4","1","14","4611686052787126272","5224","Microsoft-Windows-Diagnosis-DPS","6bba3851-2c7e-4dea-8f54-31e5afd029e3","Microsoft-Windows-Diagnosis-DPS/Operational","1408","308","rjaf-PC4429","S-1-5-19","5/8/2015 7:08:36 AM","a4777191-cdbf-43e1-83c7-157383ca4e3f",,"c:\users\mac_1\desktop\winevt\logs\microsoft-windows-diagnosis-dps%4operational.evtx","System.UInt32[]","System.Diagnostics.Eventing.Reader.EventBookmark","Information","A diagnostic module completed troubleshooting without setting a resolution","Scenario Lifecycle","System.Collections.ObjectModel.ReadOnlyCollection`1[System.String]","System.Collections.Generic.List`1[System.Diagnostics.Eventing.Reader.EventProperty]"
"Diagnostic module {C8544339-5BE9-4F25-862E-485F1B1A6935} (%SystemRoot%\system32\diagperf.dll) started troubleshooting scenario {86432A0B-3C7D-4DDF-A89C-172FAA90485D}, instance {79AAB2C8-502A-4C4B-B05F-DE71F70847D8}, original activity ID {86432A0B-3C7D-4DDF-A89C-172FAA90485D}.","105","0",,"4","1","13","4611686052787126272","5223","Microsoft-Windows-Diagnosis-DPS","6bba3851-2c7e-4dea-8f54-31e5afd029e3","Microsoft-Windows-Diagnosis-DPS/Operational","1408","308","rjaf-PC4429","S-1-5-19","5/8/2015 7:08:35 AM","79aab2c8-502a-4c4b-b05f-de71f70847d8",,"c:\users\mac_1\desktop\winevt\logs\microsoft-windows-diagnosis-dps%4operational.evtx","System.UInt32[]","System.Diagnostics.Eventing.Reader.EventBookmark","Information","A scenario instance was dispatched for troubleshooting","Scenario Lifecycle","System.Collections.ObjectModel.ReadOnlyCollection`1[System.String]","System.Collections.Generic.List`1[System.Diagnostics.Eventing.Reader.EventProperty]"
"Diagnostic module {C8544339-5BE9-4F25-862E-485F1B1A6935} (%SystemRoot%\system32\diagperf.dll) detected a problem for scenario {86432A0B-3C7D-4DDF-A89C-172FAA90485D}, instance {79AAB2C8-502A-4C4B-B05F-DE71F70847D8}, original activity ID {86432A0B-3C7D-4DDF-A89C-172FAA90485D}.","100","0",,"4","1","12","4611686052787126272","5222","Microsoft-Windows-Diagnosis-DPS","6bba3851-2c7e-4dea-8f54-31e5afd029e3","Microsoft-Windows-Diagnosis-DPS/Operational","1408","308","rjaf-PC4429","S-1-5-19","5/8/2015 7:08:35 AM","79aab2c8-502a-4c4b-b05f-de71f70847d8",,"c:\users\mac_1\desktop\winevt\logs\microsoft-windows-diagnosis-dps%4operational.evtx","System.UInt32[]","System.Diagnostics.Eventing.Reader.EventBookmark","Information","A diagnostic module detected a problem","Scenario Lifecycle","System.Collections.ObjectModel.ReadOnlyCollection`1[System.String]","System.Collections.Generic.List`1[System.Diagnostics.Eventing.Reader.EventProperty]"
"Diagnostic module {15FBA3B8-A37A-4F91-BDBA-FBB98FE804BF} (%SystemRoot%\system32\diagperf.dll) started troubleshooting scenario {2698178D-FDAD-40AE-9D3C-1371703ADC5B}, instance {A4777191-CDBF-43E1-83C7-157383CA4E3F}, original activity ID {2698178D-FDAD-40AE-9D3C-1371703ADC5B}.","105","0",,"4","1","13","4611686052787126272","5221","Microsoft-Windows-Diagnosis-DPS","6bba3851-2c7e-4dea-8f54-31e5afd029e3","Microsoft-Windows-Diagnosis-DPS/Operational","1408","1508","rjaf-PC4429","S-1-5-19","5/8/2015 7:07:00 AM","a4777191-cdbf-43e1-83c7-157383ca4e3f",,"c:\users\mac_1\desktop\winevt\logs\microsoft-windows-diagnosis-dps%4operational.evtx","System.UInt32[]","System.Diagnostics.Eventing.Reader.EventBookmark","Information","A scenario instance was dispatched for troubleshooting","Scenario Lifecycle","System.Collections.ObjectModel.ReadOnlyCollection`1[System.String]","System.Collections.Generic.List`1[System.Diagnostics.Eventing.Reader.EventProperty]"
"Diagnostic module {15FBA3B8-A37A-4F91-BDBA-FBB98FE804BF} (%SystemRoot%\system32\diagperf.dll) detected a problem for scenario {2698178D-FDAD-40AE-9D3C-1371703ADC5B}, instance {A4777191-CDBF-43E1-83C7-157383CA4E3F}, original activity ID {2698178D-FDAD-40AE-9D3C-1371703ADC5B}.","100","0",,"4","1","12","4611686052787126272","5220","Microsoft-Windows-Diagnosis-DPS","6bba3851-2c7e-4dea-8f54-31e5afd029e3","Microsoft-Windows-Diagnosis-DPS/Operational","1408","1508","rjaf-PC4429","S-1-5-19","5/8/2015 7:07:00 AM","a4777191-cdbf-43e1-83c7-157383ca4e3f",,"c:\users\mac_1\desktop\winevt\logs\microsoft-windows-diagnosis-dps%4operational.evtx","System.UInt32[]","System.Diagnostics.Eventing.Reader.EventBookmark","Information","A diagnostic module detected a problem","Scenario Lifecycle","System.Collections.ObjectModel.ReadOnlyCollection`1[System.String]","System.Collections.Generic.List`1[System.Diagnostics.Eventing.Reader.EventProperty]"
"Diagnostic module {C8544339-5BE9-4F25-862E-485F1B1A6935} (%SystemRoot%\system32\diagperf.dll) finished troubleshooting scenario {86432A0B-3C7D-4DDF-A89C-172FAA90485D}, instance {BD99A0B0-1C9C-49D8-993C-F8CAEBB03763}, original activity ID {86432A0B-3C7D-4DDF-A89C-172FAA90485D}.  No resolution was set by the diagnostic module.","110","0",,"4","1","14","4611686052787126272","5219","Microsoft-Windows-Diagnosis-DPS","6bba3851-2c7e-4dea-8f54-31e5afd029e3","Microsoft-Windows-Diagnosis-DPS/Operational","1388","2544","rjaf-PC4429","S-1-5-19","5/8/2015 4:30:08 AM","bd99a0b0-1c9c-49d8-993c-f8caebb03763",,"c:\users\mac_1\desktop\winevt\logs\microsoft-windows-diagnosis-dps%4operational.evtx","System.UInt32[]","System.Diagnostics.Eventing.Reader.EventBookmark","Information","A diagnostic module completed troubleshooting without setting a resolution","Scenario Lifecycle","System.Collections.ObjectModel.ReadOnlyCollection`1[System.String]","System.Collections.Generic.List`1[System.Diagnostics.Eventing.Reader.EventProperty]"
"Diagnostic module {15FBA3B8-A37A-4F91-BDBA-FBB98FE804BF} (%SystemRoot%\system32\diagperf.dll) finished troubleshooting scenario {2698178D-FDAD-40AE-9D3C-1371703ADC5B}, instance {9938BE12-7FA9-4A1B-A903-11E74CA1B1EA}, original activity ID {2698178D-FDAD-40AE-9D3C-1371703ADC5B}.  No resolution was set by the diagnostic module.","110","0",,"4","1","14","4611686052787126272","5218","Microsoft-Windows-Diagnosis-DPS","6bba3851-2c7e-4dea-8f54-31e5afd029e3","Microsoft-Windows-Diagnosis-DPS/Operational","1388","2544","rjaf-PC4429","S-1-5-19","5/8/2015 4:30:07 AM","9938be12-7fa9-4a1b-a903-11e74ca1b1ea",,"c:\users\mac_1\desktop\winevt\logs\microsoft-windows-diagnosis-dps%4operational.evtx","System.UInt32[]","System.Diagnostics.Eventing.Reader.EventBookmark","Information","A diagnostic module completed troubleshooting without setting a resolution","Scenario Lifecycle","System.Collections.ObjectModel.ReadOnlyCollection`1[System.String]","System.Collections.Generic.List`1[System.Diagnostics.Eventing.Reader.EventProperty]"
"Diagnostic module {C8544339-5BE9-4F25-862E-485F1B1A6935} (%SystemRoot%\system32\diagperf.dll) started troubleshooting scenario {86432A0B-3C7D-4DDF-A89C-172FAA90485D}, instance {BD99A0B0-1C9C-49D8-993C-F8CAEBB03763}, original activity ID {86432A0B-3C7D-4DDF-A89C-172FAA90485D}.","105","0",,"4","1","13","4611686052787126272","5217","Microsoft-Windows-Diagnosis-DPS","6bba3851-2c7e-4dea-8f54-31e5afd029e3","Microsoft-Windows-Diagnosis-DPS/Operational","1388","2544","rjaf-PC4429","S-1-5-19","5/8/2015 4:30:07 AM","bd99a0b0-1c9c-49d8-993c-f8caebb03763",,"c:\users\mac_1\desktop\winevt\logs\microsoft-windows-diagnosis-dps%4operational.evtx","System.UInt32[]","System.Diagnostics.Eventing.Reader.EventBookmark","Information","A scenario instance was dispatched for troubleshooting","Scenario Lifecycle","System.Collections.ObjectModel.ReadOnlyCollection`1[System.String]","System.Collections.Generic.List`1[System.Diagnostics.Eventing.Reader.EventProperty]"
"Diagnostic module {C8544339-5BE9-4F25-862E-485F1B1A6935} (%SystemRoot%\system32\diagperf.dll) detected a problem for scenario {86432A0B-3C7D-4DDF-A89C-172FAA90485D}, instance {BD99A0B0-1C9C-49D8-993C-F8CAEBB03763}, original activity ID {86432A0B-3C7D-4DDF-A89C-172FAA90485D}.","100","0",,"4","1","12","4611686052787126272","5216","Microsoft-Windows-Diagnosis-DPS","6bba3851-2c7e-4dea-8f54-31e5afd029e3","Microsoft-Windows-Diagnosis-DPS/Operational","1388","2544","rjaf-PC4429","S-1-5-19","5/8/2015 4:30:07 AM","bd99a0b0-1c9c-49d8-993c-f8caebb03763",,"c:\users\mac_1\desktop\winevt\logs\microsoft-windows-diagnosis-dps%4operational.evtx","System.UInt32[]","System.Diagnostics.Eventing.Reader.EventBookmark","Information","A diagnostic module detected a problem","Scenario Lifecycle","System.Collections.ObjectModel.ReadOnlyCollection`1[System.String]","System.Collections.Generic.List`1[System.Diagnostics.Eventing.Reader.EventProperty]"
"Diagnostic module {15FBA3B8-A37A-4F91-BDBA-FBB98FE804BF} (%SystemRoot%\system32\diagperf.dll) started troubleshooting scenario {2698178D-FDAD-40AE-9D3C-1371703ADC5B}, instance {9938BE12-7FA9-4A1B-A903-11E74CA1B1EA}, original activity ID {2698178D-FDAD-40AE-9D3C-1371703ADC5B}.","105","0",,"4","1","13","4611686052787126272","5215","Microsoft-Windows-Diagnosis-DPS","6bba3851-2c7e-4dea-8f54-31e5afd029e3","Microsoft-Windows-Diagnosis-DPS/Operational","1388","1504","rjaf-PC4429","S-1-5-19","5/8/2015 4:28:31 AM","9938be12-7fa9-4a1b-a903-11e74ca1b1ea",,"c:\users\mac_1\desktop\winevt\logs\microsoft-windows-diagnosis-dps%4operational.evtx","System.UInt32[]","System.Diagnostics.Eventing.Reader.EventBookmark","Information","A scenario instance was dispatched for troubleshooting","Scenario Lifecycle","System.Collections.ObjectModel.ReadOnlyCollection`1[System.String]","System.Collections.Generic.List`1[System.Diagnostics.Eventing.Reader.EventProperty]"
"Diagnostic module {15FBA3B8-A37A-4F91-BDBA-FBB98FE804BF} (%SystemRoot%\system32\diagperf.dll) detected a problem for scenario {2698178D-FDAD-40AE-9D3C-1371703ADC5B}, instance {9938BE12-7FA9-4A1B-A903-11E74CA1B1EA}, original activity ID {2698178D-FDAD-40AE-9D3C-1371703ADC5B}.","100","0",,"4","1","12","4611686052787126272","5214","Microsoft-Windows-Diagnosis-DPS","6bba3851-2c7e-4dea-8f54-31e5afd029e3","Microsoft-Windows-Diagnosis-DPS/Operational","1388","1504","rjaf-PC4429","S-1-5-19","5/8/2015 4:28:31 AM","9938be12-7fa9-4a1b-a903-11e74ca1b1ea",,"c:\users\mac_1\desktop\winevt\logs\microsoft-windows-diagnosis-dps%4operational.evtx","System.UInt32[]","System.Diagnostics.Eventing.Reader.EventBookmark","Information","A diagnostic module detected a problem","Scenario Lifecycle","System.Collections.ObjectModel.ReadOnlyCollection`1[System.String]","System.Collections.Generic.List`1[System.Diagnostics.Eventing.Reader.EventProperty]"
"Diagnostic module {15FBA3B8-A37A-4F91-BDBA-FBB98FE804BF} (%SystemRoot%\system32\diagperf.dll) started troubleshooting scenario {2698178D-FDAD-40AE-9D3C-1371703ADC5B}, instance {ECEFC673-4AEA-464E-BAFA-E10B26663E3B}, original activity ID {2698178D-FDAD-40AE-9D3C-1371703ADC5B}.","105","0",,"4","1","13","4611686052787126272","5213","Microsoft-Windows-Diagnosis-DPS","6bba3851-2c7e-4dea-8f54-31e5afd029e3","Microsoft-Windows-Diagnosis-DPS/Operational","1396","1564","rjaf-PC4429","S-1-5-19","5/8/2015 4:26:43 AM","ecefc673-4aea-464e-bafa-e10b26663e3b",,"c:\users\mac_1\desktop\winevt\logs\microsoft-windows-diagnosis-dps%4operational.evtx","System.UInt32[]","System.Diagnostics.Eventing.Reader.EventBookmark","Information","A scenario instance was dispatched for troubleshooting","Scenario Lifecycle","System.Collections.ObjectModel.ReadOnlyCollection`1[System.String]","System.Collections.Generic.List`1[System.Diagnostics.Eventing.Reader.EventProperty]"
"Diagnostic module {15FBA3B8-A37A-4F91-BDBA-FBB98FE804BF} (%SystemRoot%\system32\diagperf.dll) detected a problem for scenario {2698178D-FDAD-40AE-9D3C-1371703ADC5B}, instance {ECEFC673-4AEA-464E-BAFA-E10B26663E3B}, original activity ID {2698178D-FDAD-40AE-9D3C-1371703ADC5B}.","100","0",,"4","1","12","4611686052787126272","5212","Microsoft-Windows-Diagnosis-DPS","6bba3851-2c7e-4dea-8f54-31e5afd029e3","Microsoft-Windows-Diagnosis-DPS/Operational","1396","1564","rjaf-PC4429","S-1-5-19","5/8/2015 4:26:43 AM","ecefc673-4aea-464e-bafa-e10b26663e3b",,"c:\users\mac_1\desktop\winevt\logs\microsoft-windows-diagnosis-dps%4operational.evtx","System.UInt32[]","System.Diagnostics.Eventing.Reader.EventBookmark","Information","A diagnostic module detected a problem","Scenario Lifecycle","System.Collections.ObjectModel.ReadOnlyCollection`1[System.String]","System.Collections.Generic.List`1[System.Diagnostics.Eventing.Reader.EventProperty]"
"Diagnostic module {C8544339-5BE9-4F25-862E-485F1B1A6935} (%SystemRoot%\system32\diagperf.dll) finished troubleshooting scenario {86432A0B-3C7D-4DDF-A89C-172FAA90485D}, instance {1DAFD819-2000-4D2A-9E9E-C100FBEA4D33}, original activity ID {86432A0B-3C7D-4DDF-A89C-172FAA90485D}.  No resolution was set by the diagnostic module.","110","0",,"4","1","14","4611686052787126272","5211","Microsoft-Windows-Diagnosis-DPS","6bba3851-2c7e-4dea-8f54-31e5afd029e3","Microsoft-Windows-Diagnosis-DPS/Operational","1380","1400","rjaf-PC4429","S-1-5-19","5/8/2015 4:15:08 AM","1dafd819-2000-4d2a-9e9e-c100fbea4d33",,"c:\users\mac_1\desktop\winevt\logs\microsoft-windows-diagnosis-dps%4operational.evtx","System.UInt32[]","System.Diagnostics.Eventing.Reader.EventBookmark","Information","A diagnostic module completed troubleshooting without setting a resolution","Scenario Lifecycle","System.Collections.ObjectModel.ReadOnlyCollection`1[System.String]","System.Collections.Generic.List`1[System.Diagnostics.Eventing.Reader.EventProperty]"
"Diagnostic module {C8544339-5BE9-4F25-862E-485F1B1A6935} (%SystemRoot%\system32\diagperf.dll) started troubleshooting scenario {86432A0B-3C7D-4DDF-A89C-172FAA90485D}, instance {1DAFD819-2000-4D2A-9E9E-C100FBEA4D33}, original activity ID {86432A0B-3C7D-4DDF-A89C-172FAA90485D}.","105","0",,"4","1","13","4611686052787126272","5210","Microsoft-Windows-Diagnosis-DPS","6bba3851-2c7e-4dea-8f54-31e5afd029e3","Microsoft-Windows-Diagnosis-DPS/Operational","1380","1400","rjaf-PC4429","S-1-5-19","5/8/2015 4:15:07 AM","1dafd819-2000-4d2a-9e9e-c100fbea4d33",,"c:\users\mac_1\desktop\winevt\logs\microsoft-windows-diagnosis-dps%4operational.evtx","System.UInt32[]","System.Diagnostics.Eventing.Reader.EventBookmark","Information","A scenario instance was dispatched for troubleshooting","Scenario Lifecycle","System.Collections.ObjectModel.ReadOnlyCollection`1[System.String]","System.Collections.Generic.List`1[System.Diagnostics.Eventing.Reader.EventProperty]"
"Diagnostic module {C8544339-5BE9-4F25-862E-485F1B1A6935} (%SystemRoot%\system32\diagperf.dll) detected a problem for scenario {86432A0B-3C7D-4DDF-A89C-172FAA90485D}, instance {1DAFD819-2000-4D2A-9E9E-C100FBEA4D33}, original activity ID {86432A0B-3C7D-4DDF-A89C-172FAA90485D}.","100","0",,"4","1","12","4611686052787126272","5209","Microsoft-Windows-Diagnosis-DPS","6bba3851-2c7e-4dea-8f54-31e5afd029e3","Microsoft-Windows-Diagnosis-DPS/Operational","1380","1400","rjaf-PC4429","S-1-5-19","5/8/2015 4:15:07 AM","1dafd819-2000-4d2a-9e9e-c100fbea4d33",,"c:\users\mac_1\desktop\winevt\logs\microsoft-windows-diagnosis-dps%4operational.evtx","System.UInt32[]","System.Diagnostics.Eventing.Reader.EventBookmark","Information","A diagnostic module detected a problem","Scenario Lifecycle","System.Collections.ObjectModel.ReadOnlyCollection`1[System.String]","System.Collections.Generic.List`1[System.Diagnostics.Eventing.Reader.EventProperty]"
"Diagnostic module {15FBA3B8-A37A-4F91-BDBA-FBB98FE804BF} (%SystemRoot%\system32\diagperf.dll) started troubleshooting scenario {2698178D-FDAD-40AE-9D3C-1371703ADC5B}, instance {4DF73E36-8E59-4223-AAC3-7B9533FB0729}, original activity ID {2698178D-FDAD-40AE-9D3C-1371703ADC5B}.","105","0",,"4","1","13","4611686052787126272","5208","Microsoft-Windows-Diagnosis-DPS","6bba3851-2c7e-4dea-8f54-31e5afd029e3","Microsoft-Windows-Diagnosis-DPS/Operational","1380","400","rjaf-PC4429","S-1-5-19","5/8/2015 4:13:33 AM","4df73e36-8e59-4223-aac3-7b9533fb0729",,"c:\users\mac_1\desktop\winevt\logs\microsoft-windows-diagnosis-dps%4operational.evtx","System.UInt32[]","System.Diagnostics.Eventing.Reader.EventBookmark","Information","A scenario instance was dispatched for troubleshooting","Scenario Lifecycle","System.Collections.ObjectModel.ReadOnlyCollection`1[System.String]","System.Collections.Generic.List`1[System.Diagnostics.Eventing.Reader.EventProperty]"
"Diagnostic module {15FBA3B8-A37A-4F91-BDBA-FBB98FE804BF} (%SystemRoot%\system32\diagperf.dll) detected a problem for scenario {2698178D-FDAD-40AE-9D3C-1371703ADC5B}, instance {4DF73E36-8E59-4223-AAC3-7B9533FB0729}, original activity ID {2698178D-FDAD-40AE-9D3C-1371703ADC5B}.","100","0",,"4","1","12","4611686052787126272","5207","Microsoft-Windows-Diagnosis-DPS","6bba3851-2c7e-4dea-8f54-31e5afd029e3","Microsoft-Windows-Diagnosis-DPS/Operational","1380","400","rjaf-PC4429","S-1-5-19","5/8/2015 4:13:33 AM","4df73e36-8e59-4223-aac3-7b9533fb0729",,"c:\users\mac_1\desktop\winevt\logs\microsoft-windows-diagnosis-dps%4operational.evtx","System.UInt32[]","System.Diagnostics.Eventing.Reader.EventBookmark","Information","A diagnostic module detected a problem","Scenario Lifecycle","System.Collections.ObjectModel.ReadOnlyCollection`1[System.String]","System.Collections.Generic.List`1[System.Diagnostics.Eventing.Reader.EventProperty]"
"Diagnostic module {A59F0643-A6CA-48E0-A7C4-4CDD258439E2} (%SystemRoot%\system32\diagperf.dll) finished troubleshooting scenario {FFC42108-4920-4ACF-A4FC-8ABDCC68ADA4}, instance {D9BE831F-4F1A-43CF-8D36-70B31EAC0097}, original activity ID {85F02C9C-D89B-0002-97FD-52E22788D001}.  No resolution was set by the diagnostic module.","110","0",,"4","1","14","4611686052787126272","5206","Microsoft-Windows-Diagnosis-DPS","6bba3851-2c7e-4dea-8f54-31e5afd029e3","Microsoft-Windows-Diagnosis-DPS/Operational","1408","884","rjaf-PC4429","S-1-5-19","5/7/2015 7:57:02 AM","d9be831f-4f1a-43cf-8d36-70b31eac0097",,"c:\users\mac_1\desktop\winevt\logs\microsoft-windows-diagnosis-dps%4operational.evtx","System.UInt32[]","System.Diagnostics.Eventing.Reader.EventBookmark","Information","A diagnostic module completed troubleshooting without setting a resolution","Scenario Lifecycle","System.Collections.ObjectModel.ReadOnlyCollection`1[System.String]","System.Collections.Generic.List`1[System.Diagnostics.Eventing.Reader.EventProperty]"
"Diagnostic module {A59F0643-A6CA-48E0-A7C4-4CDD258439E2} (%SystemRoot%\system32\diagperf.dll) started troubleshooting scenario {FFC42108-4920-4ACF-A4FC-8ABDCC68ADA4}, instance {D9BE831F-4F1A-43CF-8D36-70B31EAC0097}, original activity ID {85F02C9C-D89B-0002-97FD-52E22788D001}.","105","0",,"4","1","13","4611686052787126272","5205","Microsoft-Windows-Diagnosis-DPS","6bba3851-2c7e-4dea-8f54-31e5afd029e3","Microsoft-Windows-Diagnosis-DPS/Operational","1408","884","rjaf-PC4429","S-1-5-19","5/7/2015 7:57:02 AM","d9be831f-4f1a-43cf-8d36-70b31eac0097",,"c:\users\mac_1\desktop\winevt\logs\microsoft-windows-diagnosis-dps%4operational.evtx","System.UInt32[]","System.Diagnostics.Eventing.Reader.EventBookmark","Information","A scenario instance was dispatched for troubleshooting","Scenario Lifecycle","System.Collections.ObjectModel.ReadOnlyCollection`1[System.String]","System.Collections.Generic.List`1[System.Diagnostics.Eventing.Reader.EventProperty]"
"Diagnostic module {A59F0643-A6CA-48E0-A7C4-4CDD258439E2} (%SystemRoot%\system32\diagperf.dll) detected a problem for scenario {FFC42108-4920-4ACF-A4FC-8ABDCC68ADA4}, instance {D9BE831F-4F1A-43CF-8D36-70B31EAC0097}, original activity ID {85F02C9C-D89B-0002-97FD-52E22788D001}.","100","0",,"4","1","12","4611686052787126272","5204","Microsoft-Windows-Diagnosis-DPS","6bba3851-2c7e-4dea-8f54-31e5afd029e3","Microsoft-Windows-Diagnosis-DPS/Operational","1408","884","rjaf-PC4429","S-1-5-19","5/7/2015 7:57:02 AM","d9be831f-4f1a-43cf-8d36-70b31eac0097",,"c:\users\mac_1\desktop\winevt\logs\microsoft-windows-diagnosis-dps%4operational.evtx","System.UInt32[]","System.Diagnostics.Eventing.Reader.EventBookmark","Information","A diagnostic module detected a problem","Scenario Lifecycle","System.Collections.ObjectModel.ReadOnlyCollection`1[System.String]","System.Collections.Generic.List`1[System.Diagnostics.Eventing.Reader.EventProperty]"
"Diagnostic module {A59F0643-A6CA-48E0-A7C4-4CDD258439E2} (%SystemRoot%\system32\diagperf.dll) finished troubleshooting scenario {FFC42108-4920-4ACF-A4FC-8ABDCC68ADA4}, instance {E20C536B-B57C-46D0-89C3-9D1BA3E9B689}, original activity ID {85F02C9C-D89B-0002-97FD-52E22788D001}.  No resolution was set by the diagnostic module.","110","0",,"4","1","14","4611686052787126272","5203","Microsoft-Windows-Diagnosis-DPS","6bba3851-2c7e-4dea-8f54-31e5afd029e3","Microsoft-Windows-Diagnosis-DPS/Operational","1408","2920","rjaf-PC4429","S-1-5-19","5/6/2015 11:36:43 PM","e20c536b-b57c-46d0-89c3-9d1ba3e9b689",,"c:\users\mac_1\desktop\winevt\logs\microsoft-windows-diagnosis-dps%4operational.evtx","System.UInt32[]","System.Diagnostics.Eventing.Reader.EventBookmark","Information","A diagnostic module completed troubleshooting without setting a resolution","Scenario Lifecycle","System.Collections.ObjectModel.ReadOnlyCollection`1[System.String]","System.Collections.Generic.List`1[System.Diagnostics.Eventing.Reader.EventProperty]"
"Diagnostic module {A59F0643-A6CA-48E0-A7C4-4CDD258439E2} (%SystemRoot%\system32\diagperf.dll) started troubleshooting scenario {FFC42108-4920-4ACF-A4FC-8ABDCC68ADA4}, instance {E20C536B-B57C-46D0-89C3-9D1BA3E9B689}, original activity ID {85F02C9C-D89B-0002-97FD-52E22788D001}.","105","0",,"4","1","13","4611686052787126272","5202","Microsoft-Windows-Diagnosis-DPS","6bba3851-2c7e-4dea-8f54-31e5afd029e3","Microsoft-Windows-Diagnosis-DPS/Operational","1408","2920","rjaf-PC4429","S-1-5-19","5/6/2015 11:36:43 PM","e20c536b-b57c-46d0-89c3-9d1ba3e9b689",,"c:\users\mac_1\desktop\winevt\logs\microsoft-windows-diagnosis-dps%4operational.evtx","System.UInt32[]","System.Diagnostics.Eventing.Reader.EventBookmark","Information","A scenario instance was dispatched for troubleshooting","Scenario Lifecycle","System.Collections.ObjectModel.ReadOnlyCollection`1[System.String]","System.Collections.Generic.List`1[System.Diagnostics.Eventing.Reader.EventProperty]"
"Diagnostic module {A59F0643-A6CA-48E0-A7C4-4CDD258439E2} (%SystemRoot%\system32\diagperf.dll) detected a problem for scenario {FFC42108-4920-4ACF-A4FC-8ABDCC68ADA4}, instance {E20C536B-B57C-46D0-89C3-9D1BA3E9B689}, original activity ID {85F02C9C-D89B-0002-97FD-52E22788D001}.","100","0",,"4","1","12","4611686052787126272","5201","Microsoft-Windows-Diagnosis-DPS","6bba3851-2c7e-4dea-8f54-31e5afd029e3","Microsoft-Windows-Diagnosis-DPS/Operational","1408","2920","rjaf-PC4429","S-1-5-19","5/6/2015 11:36:43 PM","e20c536b-b57c-46d0-89c3-9d1ba3e9b689",,"c:\users\mac_1\desktop\winevt\logs\microsoft-windows-diagnosis-dps%4operational.evtx","System.UInt32[]","System.Diagnostics.Eventing.Reader.EventBookmark","Information","A diagnostic module detected a problem","Scenario Lifecycle","System.Collections.ObjectModel.ReadOnlyCollection`1[System.String]","System.Collections.Generic.List`1[System.Diagnostics.Eventing.Reader.EventProperty]"
"Diagnostic module {C8544339-5BE9-4F25-862E-485F1B1A6935} (%SystemRoot%\system32\diagperf.dll) finished troubleshooting scenario {86432A0B-3C7D-4DDF-A89C-172FAA90485D}, instance {9C690C07-68CE-4266-9C9D-6F61D53E646F}, original activity ID {86432A0B-3C7D-4DDF-A89C-172FAA90485D}.  No resolution was set by the diagnostic module.","110","0",,"4","1","14","4611686052787126272","5200","Microsoft-Windows-Diagnosis-DPS","6bba3851-2c7e-4dea-8f54-31e5afd029e3","Microsoft-Windows-Diagnosis-DPS/Operational","1408","1864","rjaf-PC4429","S-1-5-19","5/6/2015 11:12:02 AM","9c690c07-68ce-4266-9c9d-6f61d53e646f",,"c:\users\mac_1\desktop\winevt\logs\microsoft-windows-diagnosis-dps%4operational.evtx","System.UInt32[]","System.Diagnostics.Eventing.Reader.EventBookmark","Information","A diagnostic module completed troubleshooting without setting a resolution","Scenario Lifecycle","System.Collections.ObjectModel.ReadOnlyCollection`1[System.String]","System.Collections.Generic.List`1[System.Diagnostics.Eventing.Reader.EventProperty]"
"Diagnostic module {C8544339-5BE9-4F25-862E-485F1B1A6935} (%SystemRoot%\system32\diagperf.dll) started troubleshooting scenario {86432A0B-3C7D-4DDF-A89C-172FAA90485D}, instance {9C690C07-68CE-4266-9C9D-6F61D53E646F}, original activity ID {86432A0B-3C7D-4DDF-A89C-172FAA90485D}.","105","0",,"4","1","13","4611686052787126272","5199","Microsoft-Windows-Diagnosis-DPS","6bba3851-2c7e-4dea-8f54-31e5afd029e3","Microsoft-Windows-Diagnosis-DPS/Operational","1408","1864","rjaf-PC4429","S-1-5-19","5/6/2015 11:12:01 AM","9c690c07-68ce-4266-9c9d-6f61d53e646f",,"c:\users\mac_1\desktop\winevt\logs\microsoft-windows-diagnosis-dps%4operational.evtx","System.UInt32[]","System.Diagnostics.Eventing.Reader.EventBookmark","Information","A scenario instance was dispatched for troubleshooting","Scenario Lifecycle","System.Collections.ObjectModel.ReadOnlyCollection`1[System.String]","System.Collections.Generic.List`1[System.Diagnostics.Eventing.Reader.EventProperty]"
"Diagnostic module {C8544339-5BE9-4F25-862E-485F1B1A6935} (%SystemRoot%\system32\diagperf.dll) detected a problem for scenario {86432A0B-3C7D-4DDF-A89C-172FAA90485D}, instance {9C690C07-68CE-4266-9C9D-6F61D53E646F}, original activity ID {86432A0B-3C7D-4DDF-A89C-172FAA90485D}.","100","0",,"4","1","12","4611686052787126272","5198","Microsoft-Windows-Diagnosis-DPS","6bba3851-2c7e-4dea-8f54-31e5afd029e3","Microsoft-Windows-Diagnosis-DPS/Operational","1408","1864","rjaf-PC4429","S-1-5-19","5/6/2015 11:12:01 AM","9c690c07-68ce-4266-9c9d-6f61d53e646f",,"c:\users\mac_1\desktop\winevt\logs\microsoft-windows-diagnosis-dps%4operational.evtx","System.UInt32[]","System.Diagnostics.Eventing.Reader.EventBookmark","Information","A diagnostic module detected a problem","Scenario Lifecycle","System.Collections.ObjectModel.ReadOnlyCollection`1[System.String]","System.Collections.Generic.List`1[System.Diagnostics.Eventing.Reader.EventProperty]"
