"LPRemove launched.","4000","0",,"4","35","1","4611686018427387904","465","Microsoft-Windows-LanguagePackSetup","7237fff9-a08a-4804-9c79-4a8704b70b87","Microsoft-Windows-LanguagePackSetup/Operational","8060","7984","rjaf-PC4429","S-1-5-18","4/30/2015 12:40:35 AM",,,"c:\users\mac_1\desktop\winevt\logs\microsoft-windows-languagepacksetup%4operational.evtx","System.UInt32[]","System.Diagnostics.Eventing.Reader.EventBookmark","Information","Start","Language Pack cleanup functionality","System.Collections.ObjectModel.ReadOnlyCollection`1[System.String]","System.Collections.Generic.List`1[System.Diagnostics.Eventing.Reader.EventProperty]"
"LPRemove terminating.","4001","0",,"4","35","2","4611686018427387904","464","Microsoft-Windows-LanguagePackSetup","7237fff9-a08a-4804-9c79-4a8704b70b87","Microsoft-Windows-LanguagePackSetup/Operational","4084","4064","rjaf-PC4429","S-1-5-18","4/29/2015 2:50:51 AM",,,"c:\users\mac_1\desktop\winevt\logs\microsoft-windows-languagepacksetup%4operational.evtx","System.UInt32[]","System.Diagnostics.Eventing.Reader.EventBookmark","Information","Stop","Language Pack cleanup functionality","System.Collections.ObjectModel.ReadOnlyCollection`1[System.String]","System.Collections.Generic.List`1[System.Diagnostics.Eventing.Reader.EventProperty]"
"LPRemove launched.","4000","0",,"4","35","1","4611686018427387904","463","Microsoft-Windows-LanguagePackSetup","7237fff9-a08a-4804-9c79-4a8704b70b87","Microsoft-Windows-LanguagePackSetup/Operational","4084","4064","rjaf-PC4429","S-1-5-18","4/29/2015 2:50:51 AM",,,"c:\users\mac_1\desktop\winevt\logs\microsoft-windows-languagepacksetup%4operational.evtx","System.UInt32[]","System.Diagnostics.Eventing.Reader.EventBookmark","Information","Start","Language Pack cleanup functionality","System.Collections.ObjectModel.ReadOnlyCollection`1[System.String]","System.Collections.Generic.List`1[System.Diagnostics.Eventing.Reader.EventProperty]"
"LPRemove terminating.","4001","0",,"4","35","2","4611686018427387904","462","Microsoft-Windows-LanguagePackSetup","7237fff9-a08a-4804-9c79-4a8704b70b87","Microsoft-Windows-LanguagePackSetup/Operational","4060","3440","rjaf-PC4429","S-1-5-18","4/25/2015 11:55:57 PM",,,"c:\users\mac_1\desktop\winevt\logs\microsoft-windows-languagepacksetup%4operational.evtx","System.UInt32[]","System.Diagnostics.Eventing.Reader.EventBookmark","Information","Stop","Language Pack cleanup functionality","System.Collections.ObjectModel.ReadOnlyCollection`1[System.String]","System.Collections.Generic.List`1[System.Diagnostics.Eventing.Reader.EventProperty]"
"LPRemove launched.","4000","0",,"4","35","1","4611686018427387904","461","Microsoft-Windows-LanguagePackSetup","7237fff9-a08a-4804-9c79-4a8704b70b87","Microsoft-Windows-LanguagePackSetup/Operational","4060","3440","rjaf-PC4429","S-1-5-18","4/25/2015 11:55:57 PM",,,"c:\users\mac_1\desktop\winevt\logs\microsoft-windows-languagepacksetup%4operational.evtx","System.UInt32[]","System.Diagnostics.Eventing.Reader.EventBookmark","Information","Start","Language Pack cleanup functionality","System.Collections.ObjectModel.ReadOnlyCollection`1[System.String]","System.Collections.Generic.List`1[System.Diagnostics.Eventing.Reader.EventProperty]"
"LPRemove terminating.","4001","0",,"4","35","2","4611686018427387904","460","Microsoft-Windows-LanguagePackSetup","7237fff9-a08a-4804-9c79-4a8704b70b87","Microsoft-Windows-LanguagePackSetup/Operational","2520","616","rjaf-PC4429","S-1-5-18","4/23/2015 12:41:15 AM",,,"c:\users\mac_1\desktop\winevt\logs\microsoft-windows-languagepacksetup%4operational.evtx","System.UInt32[]","System.Diagnostics.Eventing.Reader.EventBookmark","Information","Stop","Language Pack cleanup functionality","System.Collections.ObjectModel.ReadOnlyCollection`1[System.String]","System.Collections.Generic.List`1[System.Diagnostics.Eventing.Reader.EventProperty]"
"LPRemove launched.","4000","0",,"4","35","1","4611686018427387904","459","Microsoft-Windows-LanguagePackSetup","7237fff9-a08a-4804-9c79-4a8704b70b87","Microsoft-Windows-LanguagePackSetup/Operational","2520","616","rjaf-PC4429","S-1-5-18","4/23/2015 12:41:15 AM",,,"c:\users\mac_1\desktop\winevt\logs\microsoft-windows-languagepacksetup%4operational.evtx","System.UInt32[]","System.Diagnostics.Eventing.Reader.EventBookmark","Information","Start","Language Pack cleanup functionality","System.Collections.ObjectModel.ReadOnlyCollection`1[System.String]","System.Collections.Generic.List`1[System.Diagnostics.Eventing.Reader.EventProperty]"
"LPRemove terminating.","4001","0",,"4","35","2","4611686018427387904","458","Microsoft-Windows-LanguagePackSetup","7237fff9-a08a-4804-9c79-4a8704b70b87","Microsoft-Windows-LanguagePackSetup/Operational","908","4048","rjaf-PC4429","S-1-5-18","4/22/2015 12:52:49 PM",,,"c:\users\mac_1\desktop\winevt\logs\microsoft-windows-languagepacksetup%4operational.evtx","System.UInt32[]","System.Diagnostics.Eventing.Reader.EventBookmark","Information","Stop","Language Pack cleanup functionality","System.Collections.ObjectModel.ReadOnlyCollection`1[System.String]","System.Collections.Generic.List`1[System.Diagnostics.Eventing.Reader.EventProperty]"
"LPRemove launched.","4000","0",,"4","35","1","4611686018427387904","457","Microsoft-Windows-LanguagePackSetup","7237fff9-a08a-4804-9c79-4a8704b70b87","Microsoft-Windows-LanguagePackSetup/Operational","908","4048","rjaf-PC4429","S-1-5-18","4/22/2015 12:52:49 PM",,,"c:\users\mac_1\desktop\winevt\logs\microsoft-windows-languagepacksetup%4operational.evtx","System.UInt32[]","System.Diagnostics.Eventing.Reader.EventBookmark","Information","Start","Language Pack cleanup functionality","System.Collections.ObjectModel.ReadOnlyCollection`1[System.String]","System.Collections.Generic.List`1[System.Diagnostics.Eventing.Reader.EventProperty]"
"LPRemove terminating.","4001","0",,"4","35","2","4611686018427387904","456","Microsoft-Windows-LanguagePackSetup","7237fff9-a08a-4804-9c79-4a8704b70b87","Microsoft-Windows-LanguagePackSetup/Operational","3524","1136","rjaf-PC4429","S-1-5-18","4/19/2015 12:36:00 PM",,,"c:\users\mac_1\desktop\winevt\logs\microsoft-windows-languagepacksetup%4operational.evtx","System.UInt32[]","System.Diagnostics.Eventing.Reader.EventBookmark","Information","Stop","Language Pack cleanup functionality","System.Collections.ObjectModel.ReadOnlyCollection`1[System.String]","System.Collections.Generic.List`1[System.Diagnostics.Eventing.Reader.EventProperty]"
"LPRemove launched.","4000","0",,"4","35","1","4611686018427387904","455","Microsoft-Windows-LanguagePackSetup","7237fff9-a08a-4804-9c79-4a8704b70b87","Microsoft-Windows-LanguagePackSetup/Operational","3524","1136","rjaf-PC4429","S-1-5-18","4/19/2015 12:36:00 PM",,,"c:\users\mac_1\desktop\winevt\logs\microsoft-windows-languagepacksetup%4operational.evtx","System.UInt32[]","System.Diagnostics.Eventing.Reader.EventBookmark","Information","Start","Language Pack cleanup functionality","System.Collections.ObjectModel.ReadOnlyCollection`1[System.String]","System.Collections.Generic.List`1[System.Diagnostics.Eventing.Reader.EventProperty]"
"LPRemove terminating.","4001","0",,"4","35","2","4611686018427387904","454","Microsoft-Windows-LanguagePackSetup","7237fff9-a08a-4804-9c79-4a8704b70b87","Microsoft-Windows-LanguagePackSetup/Operational","1076","2412","rjaf-PC4429","S-1-5-18","4/19/2015 3:36:23 AM",,,"c:\users\mac_1\desktop\winevt\logs\microsoft-windows-languagepacksetup%4operational.evtx","System.UInt32[]","System.Diagnostics.Eventing.Reader.EventBookmark","Information","Stop","Language Pack cleanup functionality","System.Collections.ObjectModel.ReadOnlyCollection`1[System.String]","System.Collections.Generic.List`1[System.Diagnostics.Eventing.Reader.EventProperty]"
"LPRemove launched.","4000","0",,"4","35","1","4611686018427387904","453","Microsoft-Windows-LanguagePackSetup","7237fff9-a08a-4804-9c79-4a8704b70b87","Microsoft-Windows-LanguagePackSetup/Operational","1076","2412","rjaf-PC4429","S-1-5-18","4/19/2015 3:36:23 AM",,,"c:\users\mac_1\desktop\winevt\logs\microsoft-windows-languagepacksetup%4operational.evtx","System.UInt32[]","System.Diagnostics.Eventing.Reader.EventBookmark","Information","Start","Language Pack cleanup functionality","System.Collections.ObjectModel.ReadOnlyCollection`1[System.String]","System.Collections.Generic.List`1[System.Diagnostics.Eventing.Reader.EventProperty]"
"LPRemove terminating.","4001","0",,"4","35","2","4611686018427387904","452","Microsoft-Windows-LanguagePackSetup","7237fff9-a08a-4804-9c79-4a8704b70b87","Microsoft-Windows-LanguagePackSetup/Operational","1016","1464","rjaf-PC4429","S-1-5-18","4/16/2015 1:12:17 PM",,,"c:\users\mac_1\desktop\winevt\logs\microsoft-windows-languagepacksetup%4operational.evtx","System.UInt32[]","System.Diagnostics.Eventing.Reader.EventBookmark","Information","Stop","Language Pack cleanup functionality","System.Collections.ObjectModel.ReadOnlyCollection`1[System.String]","System.Collections.Generic.List`1[System.Diagnostics.Eventing.Reader.EventProperty]"
"LPRemove launched.","4000","0",,"4","35","1","4611686018427387904","451","Microsoft-Windows-LanguagePackSetup","7237fff9-a08a-4804-9c79-4a8704b70b87","Microsoft-Windows-LanguagePackSetup/Operational","1016","1464","rjaf-PC4429","S-1-5-18","4/16/2015 1:12:17 PM",,,"c:\users\mac_1\desktop\winevt\logs\microsoft-windows-languagepacksetup%4operational.evtx","System.UInt32[]","System.Diagnostics.Eventing.Reader.EventBookmark","Information","Start","Language Pack cleanup functionality","System.Collections.ObjectModel.ReadOnlyCollection`1[System.String]","System.Collections.Generic.List`1[System.Diagnostics.Eventing.Reader.EventProperty]"
"LPRemove terminating.","4001","0",,"4","35","2","4611686018427387904","450","Microsoft-Windows-LanguagePackSetup","7237fff9-a08a-4804-9c79-4a8704b70b87","Microsoft-Windows-LanguagePackSetup/Operational","3036","3584","rjaf-PC4429","S-1-5-18","4/15/2015 2:31:11 AM",,,"c:\users\mac_1\desktop\winevt\logs\microsoft-windows-languagepacksetup%4operational.evtx","System.UInt32[]","System.Diagnostics.Eventing.Reader.EventBookmark","Information","Stop","Language Pack cleanup functionality","System.Collections.ObjectModel.ReadOnlyCollection`1[System.String]","System.Collections.Generic.List`1[System.Diagnostics.Eventing.Reader.EventProperty]"
"LPRemove launched.","4000","0",,"4","35","1","4611686018427387904","449","Microsoft-Windows-LanguagePackSetup","7237fff9-a08a-4804-9c79-4a8704b70b87","Microsoft-Windows-LanguagePackSetup/Operational","3036","3584","rjaf-PC4429","S-1-5-18","4/15/2015 2:31:11 AM",,,"c:\users\mac_1\desktop\winevt\logs\microsoft-windows-languagepacksetup%4operational.evtx","System.UInt32[]","System.Diagnostics.Eventing.Reader.EventBookmark","Information","Start","Language Pack cleanup functionality","System.Collections.ObjectModel.ReadOnlyCollection`1[System.String]","System.Collections.Generic.List`1[System.Diagnostics.Eventing.Reader.EventProperty]"
"LPRemove terminating.","4001","0",,"4","35","2","4611686018427387904","448","Microsoft-Windows-LanguagePackSetup","7237fff9-a08a-4804-9c79-4a8704b70b87","Microsoft-Windows-LanguagePackSetup/Operational","16928","15604","rjaf-PC4429","S-1-5-18","4/14/2015 12:32:24 PM",,,"c:\users\mac_1\desktop\winevt\logs\microsoft-windows-languagepacksetup%4operational.evtx","System.UInt32[]","System.Diagnostics.Eventing.Reader.EventBookmark","Information","Stop","Language Pack cleanup functionality","System.Collections.ObjectModel.ReadOnlyCollection`1[System.String]","System.Collections.Generic.List`1[System.Diagnostics.Eventing.Reader.EventProperty]"
"LPRemove launched.","4000","0",,"4","35","1","4611686018427387904","447","Microsoft-Windows-LanguagePackSetup","7237fff9-a08a-4804-9c79-4a8704b70b87","Microsoft-Windows-LanguagePackSetup/Operational","16928","15604","rjaf-PC4429","S-1-5-18","4/14/2015 12:32:24 PM",,,"c:\users\mac_1\desktop\winevt\logs\microsoft-windows-languagepacksetup%4operational.evtx","System.UInt32[]","System.Diagnostics.Eventing.Reader.EventBookmark","Information","Start","Language Pack cleanup functionality","System.Collections.ObjectModel.ReadOnlyCollection`1[System.String]","System.Collections.Generic.List`1[System.Diagnostics.Eventing.Reader.EventProperty]"
"LPRemove terminating.","4001","0",,"4","35","2","4611686018427387904","446","Microsoft-Windows-LanguagePackSetup","7237fff9-a08a-4804-9c79-4a8704b70b87","Microsoft-Windows-LanguagePackSetup/Operational","2136","3428","rjaf-PC4429","S-1-5-18","4/13/2015 12:26:06 AM",,,"c:\users\mac_1\desktop\winevt\logs\microsoft-windows-languagepacksetup%4operational.evtx","System.UInt32[]","System.Diagnostics.Eventing.Reader.EventBookmark","Information","Stop","Language Pack cleanup functionality","System.Collections.ObjectModel.ReadOnlyCollection`1[System.String]","System.Collections.Generic.List`1[System.Diagnostics.Eventing.Reader.EventProperty]"
"LPRemove launched.","4000","0",,"4","35","1","4611686018427387904","445","Microsoft-Windows-LanguagePackSetup","7237fff9-a08a-4804-9c79-4a8704b70b87","Microsoft-Windows-LanguagePackSetup/Operational","2136","3428","rjaf-PC4429","S-1-5-18","4/13/2015 12:26:06 AM",,,"c:\users\mac_1\desktop\winevt\logs\microsoft-windows-languagepacksetup%4operational.evtx","System.UInt32[]","System.Diagnostics.Eventing.Reader.EventBookmark","Information","Start","Language Pack cleanup functionality","System.Collections.ObjectModel.ReadOnlyCollection`1[System.String]","System.Collections.Generic.List`1[System.Diagnostics.Eventing.Reader.EventProperty]"
"LPRemove terminating.","4001","0",,"4","35","2","4611686018427387904","444","Microsoft-Windows-LanguagePackSetup","7237fff9-a08a-4804-9c79-4a8704b70b87","Microsoft-Windows-LanguagePackSetup/Operational","3900","3612","rjaf-PC4429","S-1-5-18","4/11/2015 11:40:56 PM",,,"c:\users\mac_1\desktop\winevt\logs\microsoft-windows-languagepacksetup%4operational.evtx","System.UInt32[]","System.Diagnostics.Eventing.Reader.EventBookmark","Information","Stop","Language Pack cleanup functionality","System.Collections.ObjectModel.ReadOnlyCollection`1[System.String]","System.Collections.Generic.List`1[System.Diagnostics.Eventing.Reader.EventProperty]"
"LPRemove launched.","4000","0",,"4","35","1","4611686018427387904","443","Microsoft-Windows-LanguagePackSetup","7237fff9-a08a-4804-9c79-4a8704b70b87","Microsoft-Windows-LanguagePackSetup/Operational","3900","3612","rjaf-PC4429","S-1-5-18","4/11/2015 11:40:56 PM",,,"c:\users\mac_1\desktop\winevt\logs\microsoft-windows-languagepacksetup%4operational.evtx","System.UInt32[]","System.Diagnostics.Eventing.Reader.EventBookmark","Information","Start","Language Pack cleanup functionality","System.Collections.ObjectModel.ReadOnlyCollection`1[System.String]","System.Collections.Generic.List`1[System.Diagnostics.Eventing.Reader.EventProperty]"
"LPRemove terminating.","4001","0",,"4","35","2","4611686018427387904","442","Microsoft-Windows-LanguagePackSetup","7237fff9-a08a-4804-9c79-4a8704b70b87","Microsoft-Windows-LanguagePackSetup/Operational","2160","2564","rjaf-PC4429","S-1-5-18","4/9/2015 12:19:13 AM",,,"c:\users\mac_1\desktop\winevt\logs\microsoft-windows-languagepacksetup%4operational.evtx","System.UInt32[]","System.Diagnostics.Eventing.Reader.EventBookmark","Information","Stop","Language Pack cleanup functionality","System.Collections.ObjectModel.ReadOnlyCollection`1[System.String]","System.Collections.Generic.List`1[System.Diagnostics.Eventing.Reader.EventProperty]"
"LPRemove launched.","4000","0",,"4","35","1","4611686018427387904","441","Microsoft-Windows-LanguagePackSetup","7237fff9-a08a-4804-9c79-4a8704b70b87","Microsoft-Windows-LanguagePackSetup/Operational","2160","2564","rjaf-PC4429","S-1-5-18","4/9/2015 12:19:13 AM",,,"c:\users\mac_1\desktop\winevt\logs\microsoft-windows-languagepacksetup%4operational.evtx","System.UInt32[]","System.Diagnostics.Eventing.Reader.EventBookmark","Information","Start","Language Pack cleanup functionality","System.Collections.ObjectModel.ReadOnlyCollection`1[System.String]","System.Collections.Generic.List`1[System.Diagnostics.Eventing.Reader.EventProperty]"
"LPRemove terminating.","4001","0",,"4","35","2","4611686018427387904","440","Microsoft-Windows-LanguagePackSetup","7237fff9-a08a-4804-9c79-4a8704b70b87","Microsoft-Windows-LanguagePackSetup/Operational","9104","9120","rjaf-PC4429","S-1-5-18","4/8/2015 8:48:14 AM",,,"c:\users\mac_1\desktop\winevt\logs\microsoft-windows-languagepacksetup%4operational.evtx","System.UInt32[]","System.Diagnostics.Eventing.Reader.EventBookmark","Information","Stop","Language Pack cleanup functionality","System.Collections.ObjectModel.ReadOnlyCollection`1[System.String]","System.Collections.Generic.List`1[System.Diagnostics.Eventing.Reader.EventProperty]"
"LPRemove launched.","4000","0",,"4","35","1","4611686018427387904","439","Microsoft-Windows-LanguagePackSetup","7237fff9-a08a-4804-9c79-4a8704b70b87","Microsoft-Windows-LanguagePackSetup/Operational","9104","9120","rjaf-PC4429","S-1-5-18","4/8/2015 8:48:14 AM",,,"c:\users\mac_1\desktop\winevt\logs\microsoft-windows-languagepacksetup%4operational.evtx","System.UInt32[]","System.Diagnostics.Eventing.Reader.EventBookmark","Information","Start","Language Pack cleanup functionality","System.Collections.ObjectModel.ReadOnlyCollection`1[System.String]","System.Collections.Generic.List`1[System.Diagnostics.Eventing.Reader.EventProperty]"
"LPRemove terminating.","4001","0",,"4","35","2","4611686018427387904","438","Microsoft-Windows-LanguagePackSetup","7237fff9-a08a-4804-9c79-4a8704b70b87","Microsoft-Windows-LanguagePackSetup/Operational","3932","3856","rjaf-PC4429","S-1-5-18","4/7/2015 5:42:17 AM",,,"c:\users\mac_1\desktop\winevt\logs\microsoft-windows-languagepacksetup%4operational.evtx","System.UInt32[]","System.Diagnostics.Eventing.Reader.EventBookmark","Information","Stop","Language Pack cleanup functionality","System.Collections.ObjectModel.ReadOnlyCollection`1[System.String]","System.Collections.Generic.List`1[System.Diagnostics.Eventing.Reader.EventProperty]"
"LPRemove launched.","4000","0",,"4","35","1","4611686018427387904","437","Microsoft-Windows-LanguagePackSetup","7237fff9-a08a-4804-9c79-4a8704b70b87","Microsoft-Windows-LanguagePackSetup/Operational","3932","3856","rjaf-PC4429","S-1-5-18","4/7/2015 5:42:17 AM",,,"c:\users\mac_1\desktop\winevt\logs\microsoft-windows-languagepacksetup%4operational.evtx","System.UInt32[]","System.Diagnostics.Eventing.Reader.EventBookmark","Information","Start","Language Pack cleanup functionality","System.Collections.ObjectModel.ReadOnlyCollection`1[System.String]","System.Collections.Generic.List`1[System.Diagnostics.Eventing.Reader.EventProperty]"
"LPRemove terminating.","4001","0",,"4","35","2","4611686018427387904","436","Microsoft-Windows-LanguagePackSetup","7237fff9-a08a-4804-9c79-4a8704b70b87","Microsoft-Windows-LanguagePackSetup/Operational","2164","2272","rjaf-PC4429","S-1-5-18","4/5/2015 12:56:48 AM",,,"c:\users\mac_1\desktop\winevt\logs\microsoft-windows-languagepacksetup%4operational.evtx","System.UInt32[]","System.Diagnostics.Eventing.Reader.EventBookmark","Information","Stop","Language Pack cleanup functionality","System.Collections.ObjectModel.ReadOnlyCollection`1[System.String]","System.Collections.Generic.List`1[System.Diagnostics.Eventing.Reader.EventProperty]"
"LPRemove launched.","4000","0",,"4","35","1","4611686018427387904","435","Microsoft-Windows-LanguagePackSetup","7237fff9-a08a-4804-9c79-4a8704b70b87","Microsoft-Windows-LanguagePackSetup/Operational","2164","2272","rjaf-PC4429","S-1-5-18","4/5/2015 12:56:48 AM",,,"c:\users\mac_1\desktop\winevt\logs\microsoft-windows-languagepacksetup%4operational.evtx","System.UInt32[]","System.Diagnostics.Eventing.Reader.EventBookmark","Information","Start","Language Pack cleanup functionality","System.Collections.ObjectModel.ReadOnlyCollection`1[System.String]","System.Collections.Generic.List`1[System.Diagnostics.Eventing.Reader.EventProperty]"
"LPRemove terminating.","4001","0",,"4","35","2","4611686018427387904","434","Microsoft-Windows-LanguagePackSetup","7237fff9-a08a-4804-9c79-4a8704b70b87","Microsoft-Windows-LanguagePackSetup/Operational","3008","3592","rjaf-PC4429","S-1-5-18","4/3/2015 6:51:23 AM",,,"c:\users\mac_1\desktop\winevt\logs\microsoft-windows-languagepacksetup%4operational.evtx","System.UInt32[]","System.Diagnostics.Eventing.Reader.EventBookmark","Information","Stop","Language Pack cleanup functionality","System.Collections.ObjectModel.ReadOnlyCollection`1[System.String]","System.Collections.Generic.List`1[System.Diagnostics.Eventing.Reader.EventProperty]"
"LPRemove launched.","4000","0",,"4","35","1","4611686018427387904","433","Microsoft-Windows-LanguagePackSetup","7237fff9-a08a-4804-9c79-4a8704b70b87","Microsoft-Windows-LanguagePackSetup/Operational","3008","3592","rjaf-PC4429","S-1-5-18","4/3/2015 6:51:23 AM",,,"c:\users\mac_1\desktop\winevt\logs\microsoft-windows-languagepacksetup%4operational.evtx","System.UInt32[]","System.Diagnostics.Eventing.Reader.EventBookmark","Information","Start","Language Pack cleanup functionality","System.Collections.ObjectModel.ReadOnlyCollection`1[System.String]","System.Collections.Generic.List`1[System.Diagnostics.Eventing.Reader.EventProperty]"
"LPRemove terminating.","4001","0",,"4","35","2","4611686018427387904","432","Microsoft-Windows-LanguagePackSetup","7237fff9-a08a-4804-9c79-4a8704b70b87","Microsoft-Windows-LanguagePackSetup/Operational","2960","776","rjaf-PC4429","S-1-5-18","4/2/2015 1:02:45 AM",,,"c:\users\mac_1\desktop\winevt\logs\microsoft-windows-languagepacksetup%4operational.evtx","System.UInt32[]","System.Diagnostics.Eventing.Reader.EventBookmark","Information","Stop","Language Pack cleanup functionality","System.Collections.ObjectModel.ReadOnlyCollection`1[System.String]","System.Collections.Generic.List`1[System.Diagnostics.Eventing.Reader.EventProperty]"
"LPRemove launched.","4000","0",,"4","35","1","4611686018427387904","431","Microsoft-Windows-LanguagePackSetup","7237fff9-a08a-4804-9c79-4a8704b70b87","Microsoft-Windows-LanguagePackSetup/Operational","2960","776","rjaf-PC4429","S-1-5-18","4/2/2015 1:02:45 AM",,,"c:\users\mac_1\desktop\winevt\logs\microsoft-windows-languagepacksetup%4operational.evtx","System.UInt32[]","System.Diagnostics.Eventing.Reader.EventBookmark","Information","Start","Language Pack cleanup functionality","System.Collections.ObjectModel.ReadOnlyCollection`1[System.String]","System.Collections.Generic.List`1[System.Diagnostics.Eventing.Reader.EventProperty]"
"LPRemove terminating.","4001","0",,"4","35","2","4611686018427387904","430","Microsoft-Windows-LanguagePackSetup","7237fff9-a08a-4804-9c79-4a8704b70b87","Microsoft-Windows-LanguagePackSetup/Operational","2252","4076","rjaf-PC4429","S-1-5-18","3/30/2015 2:33:47 PM",,,"c:\users\mac_1\desktop\winevt\logs\microsoft-windows-languagepacksetup%4operational.evtx","System.UInt32[]","System.Diagnostics.Eventing.Reader.EventBookmark","Information","Stop","Language Pack cleanup functionality","System.Collections.ObjectModel.ReadOnlyCollection`1[System.String]","System.Collections.Generic.List`1[System.Diagnostics.Eventing.Reader.EventProperty]"
"LPRemove launched.","4000","0",,"4","35","1","4611686018427387904","429","Microsoft-Windows-LanguagePackSetup","7237fff9-a08a-4804-9c79-4a8704b70b87","Microsoft-Windows-LanguagePackSetup/Operational","2252","4076","rjaf-PC4429","S-1-5-18","3/30/2015 2:33:47 PM",,,"c:\users\mac_1\desktop\winevt\logs\microsoft-windows-languagepacksetup%4operational.evtx","System.UInt32[]","System.Diagnostics.Eventing.Reader.EventBookmark","Information","Start","Language Pack cleanup functionality","System.Collections.ObjectModel.ReadOnlyCollection`1[System.String]","System.Collections.Generic.List`1[System.Diagnostics.Eventing.Reader.EventProperty]"
"LPRemove terminating.","4001","0",,"4","35","2","4611686018427387904","428","Microsoft-Windows-LanguagePackSetup","7237fff9-a08a-4804-9c79-4a8704b70b87","Microsoft-Windows-LanguagePackSetup/Operational","704","2156","rjaf-PC4429","S-1-5-18","3/29/2015 10:53:10 PM",,,"c:\users\mac_1\desktop\winevt\logs\microsoft-windows-languagepacksetup%4operational.evtx","System.UInt32[]","System.Diagnostics.Eventing.Reader.EventBookmark","Information","Stop","Language Pack cleanup functionality","System.Collections.ObjectModel.ReadOnlyCollection`1[System.String]","System.Collections.Generic.List`1[System.Diagnostics.Eventing.Reader.EventProperty]"
"LPRemove launched.","4000","0",,"4","35","1","4611686018427387904","427","Microsoft-Windows-LanguagePackSetup","7237fff9-a08a-4804-9c79-4a8704b70b87","Microsoft-Windows-LanguagePackSetup/Operational","704","2156","rjaf-PC4429","S-1-5-18","3/29/2015 10:53:10 PM",,,"c:\users\mac_1\desktop\winevt\logs\microsoft-windows-languagepacksetup%4operational.evtx","System.UInt32[]","System.Diagnostics.Eventing.Reader.EventBookmark","Information","Start","Language Pack cleanup functionality","System.Collections.ObjectModel.ReadOnlyCollection`1[System.String]","System.Collections.Generic.List`1[System.Diagnostics.Eventing.Reader.EventProperty]"
"LPRemove terminating.","4001","0",,"4","35","2","4611686018427387904","426","Microsoft-Windows-LanguagePackSetup","7237fff9-a08a-4804-9c79-4a8704b70b87","Microsoft-Windows-LanguagePackSetup/Operational","3460","968","rjaf-PC4429","S-1-5-18","3/29/2015 11:17:22 AM",,,"c:\users\mac_1\desktop\winevt\logs\microsoft-windows-languagepacksetup%4operational.evtx","System.UInt32[]","System.Diagnostics.Eventing.Reader.EventBookmark","Information","Stop","Language Pack cleanup functionality","System.Collections.ObjectModel.ReadOnlyCollection`1[System.String]","System.Collections.Generic.List`1[System.Diagnostics.Eventing.Reader.EventProperty]"
"LPRemove launched.","4000","0",,"4","35","1","4611686018427387904","425","Microsoft-Windows-LanguagePackSetup","7237fff9-a08a-4804-9c79-4a8704b70b87","Microsoft-Windows-LanguagePackSetup/Operational","3460","968","rjaf-PC4429","S-1-5-18","3/29/2015 11:17:22 AM",,,"c:\users\mac_1\desktop\winevt\logs\microsoft-windows-languagepacksetup%4operational.evtx","System.UInt32[]","System.Diagnostics.Eventing.Reader.EventBookmark","Information","Start","Language Pack cleanup functionality","System.Collections.ObjectModel.ReadOnlyCollection`1[System.String]","System.Collections.Generic.List`1[System.Diagnostics.Eventing.Reader.EventProperty]"
"LPRemove terminating.","4001","0",,"4","35","2","4611686018427387904","424","Microsoft-Windows-LanguagePackSetup","7237fff9-a08a-4804-9c79-4a8704b70b87","Microsoft-Windows-LanguagePackSetup/Operational","2352","2844","rjaf-PC4429","S-1-5-18","3/25/2015 11:48:21 PM",,,"c:\users\mac_1\desktop\winevt\logs\microsoft-windows-languagepacksetup%4operational.evtx","System.UInt32[]","System.Diagnostics.Eventing.Reader.EventBookmark","Information","Stop","Language Pack cleanup functionality","System.Collections.ObjectModel.ReadOnlyCollection`1[System.String]","System.Collections.Generic.List`1[System.Diagnostics.Eventing.Reader.EventProperty]"
"LPRemove launched.","4000","0",,"4","35","1","4611686018427387904","423","Microsoft-Windows-LanguagePackSetup","7237fff9-a08a-4804-9c79-4a8704b70b87","Microsoft-Windows-LanguagePackSetup/Operational","2352","2844","rjaf-PC4429","S-1-5-18","3/25/2015 11:48:21 PM",,,"c:\users\mac_1\desktop\winevt\logs\microsoft-windows-languagepacksetup%4operational.evtx","System.UInt32[]","System.Diagnostics.Eventing.Reader.EventBookmark","Information","Start","Language Pack cleanup functionality","System.Collections.ObjectModel.ReadOnlyCollection`1[System.String]","System.Collections.Generic.List`1[System.Diagnostics.Eventing.Reader.EventProperty]"
"LPRemove terminating.","4001","0",,"4","35","2","4611686018427387904","422","Microsoft-Windows-LanguagePackSetup","7237fff9-a08a-4804-9c79-4a8704b70b87","Microsoft-Windows-LanguagePackSetup/Operational","2148","124","rjaf-PC4429","S-1-5-18","3/25/2015 3:20:03 AM",,,"c:\users\mac_1\desktop\winevt\logs\microsoft-windows-languagepacksetup%4operational.evtx","System.UInt32[]","System.Diagnostics.Eventing.Reader.EventBookmark","Information","Stop","Language Pack cleanup functionality","System.Collections.ObjectModel.ReadOnlyCollection`1[System.String]","System.Collections.Generic.List`1[System.Diagnostics.Eventing.Reader.EventProperty]"
"LPRemove launched.","4000","0",,"4","35","1","4611686018427387904","421","Microsoft-Windows-LanguagePackSetup","7237fff9-a08a-4804-9c79-4a8704b70b87","Microsoft-Windows-LanguagePackSetup/Operational","2148","124","rjaf-PC4429","S-1-5-18","3/25/2015 3:20:03 AM",,,"c:\users\mac_1\desktop\winevt\logs\microsoft-windows-languagepacksetup%4operational.evtx","System.UInt32[]","System.Diagnostics.Eventing.Reader.EventBookmark","Information","Start","Language Pack cleanup functionality","System.Collections.ObjectModel.ReadOnlyCollection`1[System.String]","System.Collections.Generic.List`1[System.Diagnostics.Eventing.Reader.EventProperty]"
"LPRemove terminating.","4001","0",,"4","35","2","4611686018427387904","420","Microsoft-Windows-LanguagePackSetup","7237fff9-a08a-4804-9c79-4a8704b70b87","Microsoft-Windows-LanguagePackSetup/Operational","3856","3296","rjaf-PC4429","S-1-5-18","3/22/2015 12:33:59 PM",,,"c:\users\mac_1\desktop\winevt\logs\microsoft-windows-languagepacksetup%4operational.evtx","System.UInt32[]","System.Diagnostics.Eventing.Reader.EventBookmark","Information","Stop","Language Pack cleanup functionality","System.Collections.ObjectModel.ReadOnlyCollection`1[System.String]","System.Collections.Generic.List`1[System.Diagnostics.Eventing.Reader.EventProperty]"
"LPRemove launched.","4000","0",,"4","35","1","4611686018427387904","419","Microsoft-Windows-LanguagePackSetup","7237fff9-a08a-4804-9c79-4a8704b70b87","Microsoft-Windows-LanguagePackSetup/Operational","3856","3296","rjaf-PC4429","S-1-5-18","3/22/2015 12:33:59 PM",,,"c:\users\mac_1\desktop\winevt\logs\microsoft-windows-languagepacksetup%4operational.evtx","System.UInt32[]","System.Diagnostics.Eventing.Reader.EventBookmark","Information","Start","Language Pack cleanup functionality","System.Collections.ObjectModel.ReadOnlyCollection`1[System.String]","System.Collections.Generic.List`1[System.Diagnostics.Eventing.Reader.EventProperty]"
"LPRemove terminating.","4001","0",,"4","35","2","4611686018427387904","418","Microsoft-Windows-LanguagePackSetup","7237fff9-a08a-4804-9c79-4a8704b70b87","Microsoft-Windows-LanguagePackSetup/Operational","3016","2448","rjaf-PC4429","S-1-5-18","3/22/2015 4:26:12 AM",,,"c:\users\mac_1\desktop\winevt\logs\microsoft-windows-languagepacksetup%4operational.evtx","System.UInt32[]","System.Diagnostics.Eventing.Reader.EventBookmark","Information","Stop","Language Pack cleanup functionality","System.Collections.ObjectModel.ReadOnlyCollection`1[System.String]","System.Collections.Generic.List`1[System.Diagnostics.Eventing.Reader.EventProperty]"
"LPRemove launched.","4000","0",,"4","35","1","4611686018427387904","417","Microsoft-Windows-LanguagePackSetup","7237fff9-a08a-4804-9c79-4a8704b70b87","Microsoft-Windows-LanguagePackSetup/Operational","3016","2448","rjaf-PC4429","S-1-5-18","3/22/2015 4:26:12 AM",,,"c:\users\mac_1\desktop\winevt\logs\microsoft-windows-languagepacksetup%4operational.evtx","System.UInt32[]","System.Diagnostics.Eventing.Reader.EventBookmark","Information","Start","Language Pack cleanup functionality","System.Collections.ObjectModel.ReadOnlyCollection`1[System.String]","System.Collections.Generic.List`1[System.Diagnostics.Eventing.Reader.EventProperty]"
"LPRemove terminating.","4001","0",,"4","35","2","4611686018427387904","416","Microsoft-Windows-LanguagePackSetup","7237fff9-a08a-4804-9c79-4a8704b70b87","Microsoft-Windows-LanguagePackSetup/Operational","2140","848","rjaf-PC4429","S-1-5-18","3/15/2015 1:47:02 AM",,,"c:\users\mac_1\desktop\winevt\logs\microsoft-windows-languagepacksetup%4operational.evtx","System.UInt32[]","System.Diagnostics.Eventing.Reader.EventBookmark","Information","Stop","Language Pack cleanup functionality","System.Collections.ObjectModel.ReadOnlyCollection`1[System.String]","System.Collections.Generic.List`1[System.Diagnostics.Eventing.Reader.EventProperty]"
"LPRemove launched.","4000","0",,"4","35","1","4611686018427387904","415","Microsoft-Windows-LanguagePackSetup","7237fff9-a08a-4804-9c79-4a8704b70b87","Microsoft-Windows-LanguagePackSetup/Operational","2140","848","rjaf-PC4429","S-1-5-18","3/15/2015 1:47:02 AM",,,"c:\users\mac_1\desktop\winevt\logs\microsoft-windows-languagepacksetup%4operational.evtx","System.UInt32[]","System.Diagnostics.Eventing.Reader.EventBookmark","Information","Start","Language Pack cleanup functionality","System.Collections.ObjectModel.ReadOnlyCollection`1[System.String]","System.Collections.Generic.List`1[System.Diagnostics.Eventing.Reader.EventProperty]"
"LPRemove terminating.","4001","0",,"4","35","2","4611686018427387904","414","Microsoft-Windows-LanguagePackSetup","7237fff9-a08a-4804-9c79-4a8704b70b87","Microsoft-Windows-LanguagePackSetup/Operational","2432","3876","rjaf-PC4429","S-1-5-18","3/14/2015 8:13:09 AM",,,"c:\users\mac_1\desktop\winevt\logs\microsoft-windows-languagepacksetup%4operational.evtx","System.UInt32[]","System.Diagnostics.Eventing.Reader.EventBookmark","Information","Stop","Language Pack cleanup functionality","System.Collections.ObjectModel.ReadOnlyCollection`1[System.String]","System.Collections.Generic.List`1[System.Diagnostics.Eventing.Reader.EventProperty]"
"LPRemove launched.","4000","0",,"4","35","1","4611686018427387904","413","Microsoft-Windows-LanguagePackSetup","7237fff9-a08a-4804-9c79-4a8704b70b87","Microsoft-Windows-LanguagePackSetup/Operational","2432","3876","rjaf-PC4429","S-1-5-18","3/14/2015 8:13:09 AM",,,"c:\users\mac_1\desktop\winevt\logs\microsoft-windows-languagepacksetup%4operational.evtx","System.UInt32[]","System.Diagnostics.Eventing.Reader.EventBookmark","Information","Start","Language Pack cleanup functionality","System.Collections.ObjectModel.ReadOnlyCollection`1[System.String]","System.Collections.Generic.List`1[System.Diagnostics.Eventing.Reader.EventProperty]"
"LPRemove terminating.","4001","0",,"4","35","2","4611686018427387904","412","Microsoft-Windows-LanguagePackSetup","7237fff9-a08a-4804-9c79-4a8704b70b87","Microsoft-Windows-LanguagePackSetup/Operational","3124","836","rjaf-PC4429","S-1-5-18","3/14/2015 3:41:38 AM",,,"c:\users\mac_1\desktop\winevt\logs\microsoft-windows-languagepacksetup%4operational.evtx","System.UInt32[]","System.Diagnostics.Eventing.Reader.EventBookmark","Information","Stop","Language Pack cleanup functionality","System.Collections.ObjectModel.ReadOnlyCollection`1[System.String]","System.Collections.Generic.List`1[System.Diagnostics.Eventing.Reader.EventProperty]"
"LPRemove launched.","4000","0",,"4","35","1","4611686018427387904","411","Microsoft-Windows-LanguagePackSetup","7237fff9-a08a-4804-9c79-4a8704b70b87","Microsoft-Windows-LanguagePackSetup/Operational","3124","836","rjaf-PC4429","S-1-5-18","3/14/2015 3:41:38 AM",,,"c:\users\mac_1\desktop\winevt\logs\microsoft-windows-languagepacksetup%4operational.evtx","System.UInt32[]","System.Diagnostics.Eventing.Reader.EventBookmark","Information","Start","Language Pack cleanup functionality","System.Collections.ObjectModel.ReadOnlyCollection`1[System.String]","System.Collections.Generic.List`1[System.Diagnostics.Eventing.Reader.EventProperty]"
"LPRemove terminating.","4001","0",,"4","35","2","4611686018427387904","410","Microsoft-Windows-LanguagePackSetup","7237fff9-a08a-4804-9c79-4a8704b70b87","Microsoft-Windows-LanguagePackSetup/Operational","644","2648","rjaf-PC4429","S-1-5-18","3/13/2015 6:13:20 AM",,,"c:\users\mac_1\desktop\winevt\logs\microsoft-windows-languagepacksetup%4operational.evtx","System.UInt32[]","System.Diagnostics.Eventing.Reader.EventBookmark","Information","Stop","Language Pack cleanup functionality","System.Collections.ObjectModel.ReadOnlyCollection`1[System.String]","System.Collections.Generic.List`1[System.Diagnostics.Eventing.Reader.EventProperty]"
"LPRemove launched.","4000","0",,"4","35","1","4611686018427387904","409","Microsoft-Windows-LanguagePackSetup","7237fff9-a08a-4804-9c79-4a8704b70b87","Microsoft-Windows-LanguagePackSetup/Operational","644","2648","rjaf-PC4429","S-1-5-18","3/13/2015 6:13:20 AM",,,"c:\users\mac_1\desktop\winevt\logs\microsoft-windows-languagepacksetup%4operational.evtx","System.UInt32[]","System.Diagnostics.Eventing.Reader.EventBookmark","Information","Start","Language Pack cleanup functionality","System.Collections.ObjectModel.ReadOnlyCollection`1[System.String]","System.Collections.Generic.List`1[System.Diagnostics.Eventing.Reader.EventProperty]"
"LPRemove terminating.","4001","0",,"4","35","2","4611686018427387904","408","Microsoft-Windows-LanguagePackSetup","7237fff9-a08a-4804-9c79-4a8704b70b87","Microsoft-Windows-LanguagePackSetup/Operational","11680","372","rjaf-PC4429","S-1-5-18","3/10/2015 5:26:34 AM",,,"c:\users\mac_1\desktop\winevt\logs\microsoft-windows-languagepacksetup%4operational.evtx","System.UInt32[]","System.Diagnostics.Eventing.Reader.EventBookmark","Information","Stop","Language Pack cleanup functionality","System.Collections.ObjectModel.ReadOnlyCollection`1[System.String]","System.Collections.Generic.List`1[System.Diagnostics.Eventing.Reader.EventProperty]"
"LPRemove launched.","4000","0",,"4","35","1","4611686018427387904","407","Microsoft-Windows-LanguagePackSetup","7237fff9-a08a-4804-9c79-4a8704b70b87","Microsoft-Windows-LanguagePackSetup/Operational","11680","372","rjaf-PC4429","S-1-5-18","3/10/2015 5:26:34 AM",,,"c:\users\mac_1\desktop\winevt\logs\microsoft-windows-languagepacksetup%4operational.evtx","System.UInt32[]","System.Diagnostics.Eventing.Reader.EventBookmark","Information","Start","Language Pack cleanup functionality","System.Collections.ObjectModel.ReadOnlyCollection`1[System.String]","System.Collections.Generic.List`1[System.Diagnostics.Eventing.Reader.EventProperty]"
"LPRemove terminating.","4001","0",,"4","35","2","4611686018427387904","406","Microsoft-Windows-LanguagePackSetup","7237fff9-a08a-4804-9c79-4a8704b70b87","Microsoft-Windows-LanguagePackSetup/Operational","544","2476","rjaf-PC4429","S-1-5-18","3/9/2015 9:27:07 AM",,,"c:\users\mac_1\desktop\winevt\logs\microsoft-windows-languagepacksetup%4operational.evtx","System.UInt32[]","System.Diagnostics.Eventing.Reader.EventBookmark","Information","Stop","Language Pack cleanup functionality","System.Collections.ObjectModel.ReadOnlyCollection`1[System.String]","System.Collections.Generic.List`1[System.Diagnostics.Eventing.Reader.EventProperty]"
"LPRemove launched.","4000","0",,"4","35","1","4611686018427387904","405","Microsoft-Windows-LanguagePackSetup","7237fff9-a08a-4804-9c79-4a8704b70b87","Microsoft-Windows-LanguagePackSetup/Operational","544","2476","rjaf-PC4429","S-1-5-18","3/9/2015 9:27:07 AM",,,"c:\users\mac_1\desktop\winevt\logs\microsoft-windows-languagepacksetup%4operational.evtx","System.UInt32[]","System.Diagnostics.Eventing.Reader.EventBookmark","Information","Start","Language Pack cleanup functionality","System.Collections.ObjectModel.ReadOnlyCollection`1[System.String]","System.Collections.Generic.List`1[System.Diagnostics.Eventing.Reader.EventProperty]"
"LPRemove terminating.","4001","0",,"4","35","2","4611686018427387904","404","Microsoft-Windows-LanguagePackSetup","7237fff9-a08a-4804-9c79-4a8704b70b87","Microsoft-Windows-LanguagePackSetup/Operational","2940","164","rjaf-PC4429","S-1-5-18","3/8/2015 1:57:57 AM",,,"c:\users\mac_1\desktop\winevt\logs\microsoft-windows-languagepacksetup%4operational.evtx","System.UInt32[]","System.Diagnostics.Eventing.Reader.EventBookmark","Information","Stop","Language Pack cleanup functionality","System.Collections.ObjectModel.ReadOnlyCollection`1[System.String]","System.Collections.Generic.List`1[System.Diagnostics.Eventing.Reader.EventProperty]"
"LPRemove launched.","4000","0",,"4","35","1","4611686018427387904","403","Microsoft-Windows-LanguagePackSetup","7237fff9-a08a-4804-9c79-4a8704b70b87","Microsoft-Windows-LanguagePackSetup/Operational","2940","164","rjaf-PC4429","S-1-5-18","3/8/2015 1:57:57 AM",,,"c:\users\mac_1\desktop\winevt\logs\microsoft-windows-languagepacksetup%4operational.evtx","System.UInt32[]","System.Diagnostics.Eventing.Reader.EventBookmark","Information","Start","Language Pack cleanup functionality","System.Collections.ObjectModel.ReadOnlyCollection`1[System.String]","System.Collections.Generic.List`1[System.Diagnostics.Eventing.Reader.EventProperty]"
"LPRemove terminating.","4001","0",,"4","35","2","4611686018427387904","402","Microsoft-Windows-LanguagePackSetup","7237fff9-a08a-4804-9c79-4a8704b70b87","Microsoft-Windows-LanguagePackSetup/Operational","2064","4040","rjaf-PC4429","S-1-5-18","3/1/2015 4:26:18 AM",,,"c:\users\mac_1\desktop\winevt\logs\microsoft-windows-languagepacksetup%4operational.evtx","System.UInt32[]","System.Diagnostics.Eventing.Reader.EventBookmark","Information","Stop","Language Pack cleanup functionality","System.Collections.ObjectModel.ReadOnlyCollection`1[System.String]","System.Collections.Generic.List`1[System.Diagnostics.Eventing.Reader.EventProperty]"
"LPRemove launched.","4000","0",,"4","35","1","4611686018427387904","401","Microsoft-Windows-LanguagePackSetup","7237fff9-a08a-4804-9c79-4a8704b70b87","Microsoft-Windows-LanguagePackSetup/Operational","2064","4040","rjaf-PC4429","S-1-5-18","3/1/2015 4:26:18 AM",,,"c:\users\mac_1\desktop\winevt\logs\microsoft-windows-languagepacksetup%4operational.evtx","System.UInt32[]","System.Diagnostics.Eventing.Reader.EventBookmark","Information","Start","Language Pack cleanup functionality","System.Collections.ObjectModel.ReadOnlyCollection`1[System.String]","System.Collections.Generic.List`1[System.Diagnostics.Eventing.Reader.EventProperty]"
"LPRemove terminating.","4001","0",,"4","35","2","4611686018427387904","400","Microsoft-Windows-LanguagePackSetup","7237fff9-a08a-4804-9c79-4a8704b70b87","Microsoft-Windows-LanguagePackSetup/Operational","1816","1012","rjaf-PC4429","S-1-5-18","2/22/2015 5:00:19 PM",,,"c:\users\mac_1\desktop\winevt\logs\microsoft-windows-languagepacksetup%4operational.evtx","System.UInt32[]","System.Diagnostics.Eventing.Reader.EventBookmark","Information","Stop","Language Pack cleanup functionality","System.Collections.ObjectModel.ReadOnlyCollection`1[System.String]","System.Collections.Generic.List`1[System.Diagnostics.Eventing.Reader.EventProperty]"
"LPRemove launched.","4000","0",,"4","35","1","4611686018427387904","399","Microsoft-Windows-LanguagePackSetup","7237fff9-a08a-4804-9c79-4a8704b70b87","Microsoft-Windows-LanguagePackSetup/Operational","1816","1012","rjaf-PC4429","S-1-5-18","2/22/2015 5:00:19 PM",,,"c:\users\mac_1\desktop\winevt\logs\microsoft-windows-languagepacksetup%4operational.evtx","System.UInt32[]","System.Diagnostics.Eventing.Reader.EventBookmark","Information","Start","Language Pack cleanup functionality","System.Collections.ObjectModel.ReadOnlyCollection`1[System.String]","System.Collections.Generic.List`1[System.Diagnostics.Eventing.Reader.EventProperty]"
"LPRemove terminating.","4001","0",,"4","35","2","4611686018427387904","398","Microsoft-Windows-LanguagePackSetup","7237fff9-a08a-4804-9c79-4a8704b70b87","Microsoft-Windows-LanguagePackSetup/Operational","1404","1796","rjaf-PC4429","S-1-5-18","2/21/2015 7:08:22 AM",,,"c:\users\mac_1\desktop\winevt\logs\microsoft-windows-languagepacksetup%4operational.evtx","System.UInt32[]","System.Diagnostics.Eventing.Reader.EventBookmark","Information","Stop","Language Pack cleanup functionality","System.Collections.ObjectModel.ReadOnlyCollection`1[System.String]","System.Collections.Generic.List`1[System.Diagnostics.Eventing.Reader.EventProperty]"
"LPRemove launched.","4000","0",,"4","35","1","4611686018427387904","397","Microsoft-Windows-LanguagePackSetup","7237fff9-a08a-4804-9c79-4a8704b70b87","Microsoft-Windows-LanguagePackSetup/Operational","1404","1796","rjaf-PC4429","S-1-5-18","2/21/2015 7:08:22 AM",,,"c:\users\mac_1\desktop\winevt\logs\microsoft-windows-languagepacksetup%4operational.evtx","System.UInt32[]","System.Diagnostics.Eventing.Reader.EventBookmark","Information","Start","Language Pack cleanup functionality","System.Collections.ObjectModel.ReadOnlyCollection`1[System.String]","System.Collections.Generic.List`1[System.Diagnostics.Eventing.Reader.EventProperty]"
"LPRemove terminating.","4001","0",,"4","35","2","4611686018427387904","396","Microsoft-Windows-LanguagePackSetup","7237fff9-a08a-4804-9c79-4a8704b70b87","Microsoft-Windows-LanguagePackSetup/Operational","3376","208","rjaf-PC4429","S-1-5-18","2/18/2015 11:48:51 PM",,,"c:\users\mac_1\desktop\winevt\logs\microsoft-windows-languagepacksetup%4operational.evtx","System.UInt32[]","System.Diagnostics.Eventing.Reader.EventBookmark","Information","Stop","Language Pack cleanup functionality","System.Collections.ObjectModel.ReadOnlyCollection`1[System.String]","System.Collections.Generic.List`1[System.Diagnostics.Eventing.Reader.EventProperty]"
"LPRemove launched.","4000","0",,"4","35","1","4611686018427387904","395","Microsoft-Windows-LanguagePackSetup","7237fff9-a08a-4804-9c79-4a8704b70b87","Microsoft-Windows-LanguagePackSetup/Operational","3376","208","rjaf-PC4429","S-1-5-18","2/18/2015 11:48:51 PM",,,"c:\users\mac_1\desktop\winevt\logs\microsoft-windows-languagepacksetup%4operational.evtx","System.UInt32[]","System.Diagnostics.Eventing.Reader.EventBookmark","Information","Start","Language Pack cleanup functionality","System.Collections.ObjectModel.ReadOnlyCollection`1[System.String]","System.Collections.Generic.List`1[System.Diagnostics.Eventing.Reader.EventProperty]"
"LPRemove terminating.","4001","0",,"4","35","2","4611686018427387904","394","Microsoft-Windows-LanguagePackSetup","7237fff9-a08a-4804-9c79-4a8704b70b87","Microsoft-Windows-LanguagePackSetup/Operational","2120","3780","rjaf-PC4429","S-1-5-18","2/17/2015 5:25:23 AM",,,"c:\users\mac_1\desktop\winevt\logs\microsoft-windows-languagepacksetup%4operational.evtx","System.UInt32[]","System.Diagnostics.Eventing.Reader.EventBookmark","Information","Stop","Language Pack cleanup functionality","System.Collections.ObjectModel.ReadOnlyCollection`1[System.String]","System.Collections.Generic.List`1[System.Diagnostics.Eventing.Reader.EventProperty]"
"LPRemove launched.","4000","0",,"4","35","1","4611686018427387904","393","Microsoft-Windows-LanguagePackSetup","7237fff9-a08a-4804-9c79-4a8704b70b87","Microsoft-Windows-LanguagePackSetup/Operational","2120","3780","rjaf-PC4429","S-1-5-18","2/17/2015 5:25:23 AM",,,"c:\users\mac_1\desktop\winevt\logs\microsoft-windows-languagepacksetup%4operational.evtx","System.UInt32[]","System.Diagnostics.Eventing.Reader.EventBookmark","Information","Start","Language Pack cleanup functionality","System.Collections.ObjectModel.ReadOnlyCollection`1[System.String]","System.Collections.Generic.List`1[System.Diagnostics.Eventing.Reader.EventProperty]"
"LPRemove terminating.","4001","0",,"4","35","2","4611686018427387904","392","Microsoft-Windows-LanguagePackSetup","7237fff9-a08a-4804-9c79-4a8704b70b87","Microsoft-Windows-LanguagePackSetup/Operational","432","1416","rjaf-PC4429","S-1-5-18","2/14/2015 5:00:19 PM",,,"c:\users\mac_1\desktop\winevt\logs\microsoft-windows-languagepacksetup%4operational.evtx","System.UInt32[]","System.Diagnostics.Eventing.Reader.EventBookmark","Information","Stop","Language Pack cleanup functionality","System.Collections.ObjectModel.ReadOnlyCollection`1[System.String]","System.Collections.Generic.List`1[System.Diagnostics.Eventing.Reader.EventProperty]"
"LPRemove launched.","4000","0",,"4","35","1","4611686018427387904","391","Microsoft-Windows-LanguagePackSetup","7237fff9-a08a-4804-9c79-4a8704b70b87","Microsoft-Windows-LanguagePackSetup/Operational","432","1416","rjaf-PC4429","S-1-5-18","2/14/2015 5:00:19 PM",,,"c:\users\mac_1\desktop\winevt\logs\microsoft-windows-languagepacksetup%4operational.evtx","System.UInt32[]","System.Diagnostics.Eventing.Reader.EventBookmark","Information","Start","Language Pack cleanup functionality","System.Collections.ObjectModel.ReadOnlyCollection`1[System.String]","System.Collections.Generic.List`1[System.Diagnostics.Eventing.Reader.EventProperty]"
"LPRemove terminating.","4001","0",,"4","35","2","4611686018427387904","390","Microsoft-Windows-LanguagePackSetup","7237fff9-a08a-4804-9c79-4a8704b70b87","Microsoft-Windows-LanguagePackSetup/Operational","2224","3968","rjaf-PC4429","S-1-5-18","2/14/2015 5:38:59 AM",,,"c:\users\mac_1\desktop\winevt\logs\microsoft-windows-languagepacksetup%4operational.evtx","System.UInt32[]","System.Diagnostics.Eventing.Reader.EventBookmark","Information","Stop","Language Pack cleanup functionality","System.Collections.ObjectModel.ReadOnlyCollection`1[System.String]","System.Collections.Generic.List`1[System.Diagnostics.Eventing.Reader.EventProperty]"
"LPRemove launched.","4000","0",,"4","35","1","4611686018427387904","389","Microsoft-Windows-LanguagePackSetup","7237fff9-a08a-4804-9c79-4a8704b70b87","Microsoft-Windows-LanguagePackSetup/Operational","2224","3968","rjaf-PC4429","S-1-5-18","2/14/2015 5:38:59 AM",,,"c:\users\mac_1\desktop\winevt\logs\microsoft-windows-languagepacksetup%4operational.evtx","System.UInt32[]","System.Diagnostics.Eventing.Reader.EventBookmark","Information","Start","Language Pack cleanup functionality","System.Collections.ObjectModel.ReadOnlyCollection`1[System.String]","System.Collections.Generic.List`1[System.Diagnostics.Eventing.Reader.EventProperty]"
