 The credentials for the S-1-5-21-1634558665-2257203147-3060767804-1000 user were rejected.","204","1",,"2","0","0","4611686018427387904","9704","Microsoft-Windows-Bits-Client","ef1cc15b-46c1-414e-bb95-e76b077bd51e","Microsoft-Windows-Bits-Client/Operational","968","2680","rjaf-PC4429","S-1-5-21-1634558665-2257203147-3060767804-1000","4/17/2015 8:55:30 AM",,,"c:\users\mac_1\desktop\winevt\logs\microsoft-windows-bits-client%4operational.evtx","System.UInt32[]","System.Diagnostics.Eventing.Reader.EventBookmark","Error","Info",,"System.Collections.ObjectModel.ReadOnlyCollection`1[System.String]","System.Collections.Generic.List`1[System.Diagnostics.Eventing.Reader.EventProperty]"
"The BITS service created a new job: {AC76BA86-7AD7-1033-7B44-A95000000001}, with owner RJAF-PC4429\rjaf","3","0",,"4","0","0","4611686018427387904","9703","Microsoft-Windows-Bits-Client","ef1cc15b-46c1-414e-bb95-e76b077bd51e","Microsoft-Windows-Bits-Client/Operational","968","3484","rjaf-PC4429","S-1-5-18","4/17/2015 8:55:30 AM","85f03c9c-889b-0003-a3c7-a81c7e78d001",,"c:\users\mac_1\desktop\winevt\logs\microsoft-windows-bits-client%4operational.evtx","System.UInt32[]","System.Diagnostics.Eventing.Reader.EventBookmark","Information","Info",,"System.Collections.ObjectModel.ReadOnlyCollection`1[System.String]","System.Collections.Generic.List`1[System.Diagnostics.Eventing.Reader.EventProperty]"
"Job cancelled. User: RJAF-PC4429\rjaf, job: {AC76BA86-7AD7-1033-7B44-A95000000001}, jobID: {C05157FF-34A8-4DD9-9507-7B2DB99C45D4}, owner: RJAF-PC4429\rjaf, filecount: 1","5","0",,"4","0","0","4611686018427387904","9702","Microsoft-Windows-Bits-Client","ef1cc15b-46c1-414e-bb95-e76b077bd51e","Microsoft-Windows-Bits-Client/Operational","968","2680","rjaf-PC4429","S-1-5-21-1634558665-2257203147-3060767804-1000","4/17/2015 8:55:24 AM","85f03c9c-889b-0003-a3c7-a81c7e78d001",,"c:\users\mac_1\desktop\winevt\logs\microsoft-windows-bits-client%4operational.evtx","System.UInt32[]","System.Diagnostics.Eventing.Reader.EventBookmark","Information","Info",,"System.Collections.ObjectModel.ReadOnlyCollection`1[System.String]","System.Collections.Generic.List`1[System.Diagnostics.Eventing.Reader.EventProperty]"
"The BITS service provided job credentials in response to the UNIDENTIFIED authentication challenge from the 10.10.1.1:8080 server for the {AC76BA86-7AD7-1033-7B44-A95000000001} transfer job that is associated with the following URL: /arm-manifests/win/Reader9Manifest.msi.
 The credentials for the S-1-5-21-1634558665-2257203147-3060767804-1000 user were rejected.","204","1",,"2","0","0","4611686018427387904","9701","Microsoft-Windows-Bits-Client","ef1cc15b-46c1-414e-bb95-e76b077bd51e","Microsoft-Windows-Bits-Client/Operational","968","3144","rjaf-PC4429","S-1-5-21-1634558665-2257203147-3060767804-1000","4/17/2015 8:55:23 AM",,,"c:\users\mac_1\desktop\winevt\logs\microsoft-windows-bits-client%4operational.evtx","System.UInt32[]","System.Diagnostics.Eventing.Reader.EventBookmark","Error","Info",,"System.Collections.ObjectModel.ReadOnlyCollection`1[System.String]","System.Collections.Generic.List`1[System.Diagnostics.Eventing.Reader.EventProperty]"
"The BITS service created a new job: {AC76BA86-7AD7-1033-7B44-A95000000001}, with owner RJAF-PC4429\rjaf","3","0",,"4","0","0","4611686018427387904","9700","Microsoft-Windows-Bits-Client","ef1cc15b-46c1-414e-bb95-e76b077bd51e","Microsoft-Windows-Bits-Client/Operational","968","3144","rjaf-PC4429","S-1-5-18","4/17/2015 8:55:23 AM","85f03c9c-889b-0003-a3c7-a81c7e78d001",,"c:\users\mac_1\desktop\winevt\logs\microsoft-windows-bits-client%4operational.evtx","System.UInt32[]","System.Diagnostics.Eventing.Reader.EventBookmark","Information","Info",,"System.Collections.ObjectModel.ReadOnlyCollection`1[System.String]","System.Collections.Generic.List`1[System.Diagnostics.Eventing.Reader.EventProperty]"
"The BITS service loaded the job list from disk.","306","0",,"5","0","0","4611686018427387904","9699","Microsoft-Windows-Bits-Client","ef1cc15b-46c1-414e-bb95-e76b077bd51e","Microsoft-Windows-Bits-Client/Operational","968","3824","rjaf-PC4429","S-1-5-18","4/17/2015 8:55:19 AM",,,"c:\users\mac_1\desktop\winevt\logs\microsoft-windows-bits-client%4operational.evtx","System.UInt32[]","System.Diagnostics.Eventing.Reader.EventBookmark","Verbose","Info",,"System.Collections.ObjectModel.ReadOnlyCollection`1[System.String]","System.Collections.Generic.List`1[System.Diagnostics.Eventing.Reader.EventProperty]"
"Job cancelled. User: RJAF-PC4429\rjaf, job: {AC76BA86-7AD7-1033-7B44-A95000000001}, jobID: {CC533CF1-BB73-4847-8CE9-3D9342DE76D0}, owner: RJAF-PC4429\rjaf, filecount: 1","5","0",,"4","0","0","4611686018427387904","9698","Microsoft-Windows-Bits-Client","ef1cc15b-46c1-414e-bb95-e76b077bd51e","Microsoft-Windows-Bits-Client/Operational","968","388","rjaf-PC4429","S-1-5-21-1634558665-2257203147-3060767804-1000","4/15/2015 1:49:36 AM","85f02a9c-c89b-0001-0315-cefc5877d001",,"c:\users\mac_1\desktop\winevt\logs\microsoft-windows-bits-client%4operational.evtx","System.UInt32[]","System.Diagnostics.Eventing.Reader.EventBookmark","Information","Info",,"System.Collections.ObjectModel.ReadOnlyCollection`1[System.String]","System.Collections.Generic.List`1[System.Diagnostics.Eventing.Reader.EventProperty]"
"The BITS service provided job credentials in response to the UNIDENTIFIED authentication challenge from the 10.10.1.1:8080 server for the {AC76BA86-7AD7-1033-7B44-A95000000001} transfer job that is associated with the following URL: /arm-manifests/win/Upgrade/1033/LatestReaderManifest.msi.
 The credentials for the S-1-5-21-1634558665-2257203147-3060767804-1000 user were rejected.","204","1",,"2","0","0","4611686018427387904","9697","Microsoft-Windows-Bits-Client","ef1cc15b-46c1-414e-bb95-e76b077bd51e","Microsoft-Windows-Bits-Client/Operational","968","388","rjaf-PC4429","S-1-5-21-1634558665-2257203147-3060767804-1000","4/15/2015 1:49:35 AM",,,"c:\users\mac_1\desktop\winevt\logs\microsoft-windows-bits-client%4operational.evtx","System.UInt32[]","System.Diagnostics.Eventing.Reader.EventBookmark","Error","Info",,"System.Collections.ObjectModel.ReadOnlyCollection`1[System.String]","System.Collections.Generic.List`1[System.Diagnostics.Eventing.Reader.EventProperty]"
"The BITS service created a new job: {AC76BA86-7AD7-1033-7B44-A95000000001}, with owner RJAF-PC4429\rjaf","3","0",,"4","0","0","4611686018427387904","9696","Microsoft-Windows-Bits-Client","ef1cc15b-46c1-414e-bb95-e76b077bd51e","Microsoft-Windows-Bits-Client/Operational","968","388","rjaf-PC4429","S-1-5-18","4/15/2015 1:49:35 AM","85f02a9c-c89b-0001-0315-cefc5877d001",,"c:\users\mac_1\desktop\winevt\logs\microsoft-windows-bits-client%4operational.evtx","System.UInt32[]","System.Diagnostics.Eventing.Reader.EventBookmark","Information","Info",,"System.Collections.ObjectModel.ReadOnlyCollection`1[System.String]","System.Collections.Generic.List`1[System.Diagnostics.Eventing.Reader.EventProperty]"
"Job cancelled. User: RJAF-PC4429\rjaf, job: {AC76BA86-7AD7-1033-7B44-A95000000001}, jobID: {ACDC2C5F-54CC-4D13-B8F3-25320758F766}, owner: RJAF-PC4429\rjaf, filecount: 1","5","0",,"4","0","0","4611686018427387904","9695","Microsoft-Windows-Bits-Client","ef1cc15b-46c1-414e-bb95-e76b077bd51e","Microsoft-Windows-Bits-Client/Operational","968","452","rjaf-PC4429","S-1-5-21-1634558665-2257203147-3060767804-1000","4/15/2015 1:49:34 AM","85f02a9c-c89b-0001-0315-cefc5877d001",,"c:\users\mac_1\desktop\winevt\logs\microsoft-windows-bits-client%4operational.evtx","System.UInt32[]","System.Diagnostics.Eventing.Reader.EventBookmark","Information","Info",,"System.Collections.ObjectModel.ReadOnlyCollection`1[System.String]","System.Collections.Generic.List`1[System.Diagnostics.Eventing.Reader.EventProperty]"
"The BITS service provided job credentials in response to the UNIDENTIFIED authentication challenge from the 10.10.1.1:8080 server for the {AC76BA86-7AD7-1033-7B44-A95000000001} transfer job that is associated with the following URL: /arm-manifests/win/Reader9Manifest.msi.
 The credentials for the S-1-5-21-1634558665-2257203147-3060767804-1000 user were rejected.","204","1",,"2","0","0","4611686018427387904","9694","Microsoft-Windows-Bits-Client","ef1cc15b-46c1-414e-bb95-e76b077bd51e","Microsoft-Windows-Bits-Client/Operational","968","452","rjaf-PC4429","S-1-5-21-1634558665-2257203147-3060767804-1000","4/15/2015 1:49:33 AM",,,"c:\users\mac_1\desktop\winevt\logs\microsoft-windows-bits-client%4operational.evtx","System.UInt32[]","System.Diagnostics.Eventing.Reader.EventBookmark","Error","Info",,"System.Collections.ObjectModel.ReadOnlyCollection`1[System.String]","System.Collections.Generic.List`1[System.Diagnostics.Eventing.Reader.EventProperty]"
"The BITS service created a new job: {AC76BA86-7AD7-1033-7B44-A95000000001}, with owner RJAF-PC4429\rjaf","3","0",,"4","0","0","4611686018427387904","9693","Microsoft-Windows-Bits-Client","ef1cc15b-46c1-414e-bb95-e76b077bd51e","Microsoft-Windows-Bits-Client/Operational","968","452","rjaf-PC4429","S-1-5-18","4/15/2015 1:49:33 AM","85f02a9c-c89b-0001-0315-cefc5877d001",,"c:\users\mac_1\desktop\winevt\logs\microsoft-windows-bits-client%4operational.evtx","System.UInt32[]","System.Diagnostics.Eventing.Reader.EventBookmark","Information","Info",,"System.Collections.ObjectModel.ReadOnlyCollection`1[System.String]","System.Collections.Generic.List`1[System.Diagnostics.Eventing.Reader.EventProperty]"
"Job cancelled. User: RJAF-PC4429\rjaf, job: {AC76BA86-7AD7-1033-7B44-A95000000001}, jobID: {4F13C7ED-1181-4EFE-A4EB-B0AC8EE7DAB7}, owner: RJAF-PC4429\rjaf, filecount: 1","5","0",,"4","0","0","4611686018427387904","9692","Microsoft-Windows-Bits-Client","ef1cc15b-46c1-414e-bb95-e76b077bd51e","Microsoft-Windows-Bits-Client/Operational","968","452","rjaf-PC4429","S-1-5-21-1634558665-2257203147-3060767804-1000","4/15/2015 1:49:33 AM","85f02a9c-c89b-0001-0315-cefc5877d001",,"c:\users\mac_1\desktop\winevt\logs\microsoft-windows-bits-client%4operational.evtx","System.UInt32[]","System.Diagnostics.Eventing.Reader.EventBookmark","Information","Info",,"System.Collections.ObjectModel.ReadOnlyCollection`1[System.String]","System.Collections.Generic.List`1[System.Diagnostics.Eventing.Reader.EventProperty]"
"The BITS job named ""{AC76BA86-7AD7-1033-7B44-A95000000001}"" was unable to contact any HTTP proxy server in its proxy list.  This may indicate a problem with the proxy servers or with the client's network configuration.  An administrator should verify whether the proxy list is correct.  BITS will periodically try to transfer the job.  The HTTP proxy list is ""10.10.1.1:8080"".  The proxy-bypass list is ""<local>"".","201","0",,"3","0","0","4611686018427387904","9691","Microsoft-Windows-Bits-Client","ef1cc15b-46c1-414e-bb95-e76b077bd51e","Microsoft-Windows-Bits-Client/Operational","968","372","rjaf-PC4429","S-1-5-21-1634558665-2257203147-3060767804-1000","4/15/2015 1:49:31 AM",,,"c:\users\mac_1\desktop\winevt\logs\microsoft-windows-bits-client%4operational.evtx","System.UInt32[]","System.Diagnostics.Eventing.Reader.EventBookmark","Warning","Info",,"System.Collections.ObjectModel.ReadOnlyCollection`1[System.String]","System.Collections.Generic.List`1[System.Diagnostics.Eventing.Reader.EventProperty]"
"The BITS service created a new job: {AC76BA86-7AD7-1033-7B44-A95000000001}, with owner RJAF-PC4429\rjaf","3","0",,"4","0","0","4611686018427387904","9690","Microsoft-Windows-Bits-Client","ef1cc15b-46c1-414e-bb95-e76b077bd51e","Microsoft-Windows-Bits-Client/Operational","968","432","rjaf-PC4429","S-1-5-18","4/15/2015 1:49:10 AM","85f02a9c-c89b-0001-0315-cefc5877d001",,"c:\users\mac_1\desktop\winevt\logs\microsoft-windows-bits-client%4operational.evtx","System.UInt32[]","System.Diagnostics.Eventing.Reader.EventBookmark","Information","Info",,"System.Collections.ObjectModel.ReadOnlyCollection`1[System.String]","System.Collections.Generic.List`1[System.Diagnostics.Eventing.Reader.EventProperty]"
"The BITS service loaded the job list from disk.","306","0",,"5","0","0","4611686018427387904","9689","Microsoft-Windows-Bits-Client","ef1cc15b-46c1-414e-bb95-e76b077bd51e","Microsoft-Windows-Bits-Client/Operational","968","2688","rjaf-PC4429","S-1-5-18","4/15/2015 1:49:10 AM",,,"c:\users\mac_1\desktop\winevt\logs\microsoft-windows-bits-client%4operational.evtx","System.UInt32[]","System.Diagnostics.Eventing.Reader.EventBookmark","Verbose","Info",,"System.Collections.ObjectModel.ReadOnlyCollection`1[System.String]","System.Collections.Generic.List`1[System.Diagnostics.Eventing.Reader.EventProperty]"
"Job cancelled. User: RJAF-PC4429\rjaf, job: {AC76BA86-7AD7-1033-7B44-A95000000001}, jobID: {7F192F31-D45A-45A2-A58D-9547C4F039E9}, owner: RJAF-PC4429\rjaf, filecount: 1","5","0",,"4","0","0","4611686018427387904","9688","Microsoft-Windows-Bits-Client","ef1cc15b-46c1-414e-bb95-e76b077bd51e","Microsoft-Windows-Bits-Client/Operational","972","1460","rjaf-PC4429","S-1-5-21-1634558665-2257203147-3060767804-1000","4/14/2015 11:46:58 AM",,,"c:\users\mac_1\desktop\winevt\logs\microsoft-windows-bits-client%4operational.evtx","System.UInt32[]","System.Diagnostics.Eventing.Reader.EventBookmark","Information","Info",,"System.Collections.ObjectModel.ReadOnlyCollection`1[System.String]","System.Collections.Generic.List`1[System.Diagnostics.Eventing.Reader.EventProperty]"
"The BITS service provided job credentials in response to the UNIDENTIFIED authentication challenge from the 10.10.1.1:8080 server for the {AC76BA86-7AD7-1033-7B44-A95000000001} transfer job that is associated with the following URL: /arm-manifests/win/Upgrade/1033/LatestReaderManifest.msi.
 The credentials for the S-1-5-21-1634558665-2257203147-3060767804-1000 user were rejected.","204","1",,"2","0","0","4611686018427387904","9687","Microsoft-Windows-Bits-Client","ef1cc15b-46c1-414e-bb95-e76b077bd51e","Microsoft-Windows-Bits-Client/Operational","972","608","rjaf-PC4429","S-1-5-21-1634558665-2257203147-3060767804-1000","4/14/2015 11:46:58 AM",,,"c:\users\mac_1\desktop\winevt\logs\microsoft-windows-bits-client%4operational.evtx","System.UInt32[]","System.Diagnostics.Eventing.Reader.EventBookmark","Error","Info",,"System.Collections.ObjectModel.ReadOnlyCollection`1[System.String]","System.Collections.Generic.List`1[System.Diagnostics.Eventing.Reader.EventProperty]"
"The BITS service created a new job: {AC76BA86-7AD7-1033-7B44-A95000000001}, with owner RJAF-PC4429\rjaf","3","0",,"4","0","0","4611686018427387904","9686","Microsoft-Windows-Bits-Client","ef1cc15b-46c1-414e-bb95-e76b077bd51e","Microsoft-Windows-Bits-Client/Operational","972","608","rjaf-PC4429","S-1-5-18","4/14/2015 11:46:58 AM",,,"c:\users\mac_1\desktop\winevt\logs\microsoft-windows-bits-client%4operational.evtx","System.UInt32[]","System.Diagnostics.Eventing.Reader.EventBookmark","Information","Info",,"System.Collections.ObjectModel.ReadOnlyCollection`1[System.String]","System.Collections.Generic.List`1[System.Diagnostics.Eventing.Reader.EventProperty]"
"Job cancelled. User: RJAF-PC4429\rjaf, job: {AC76BA86-7AD7-1033-7B44-A95000000001}, jobID: {EA03417E-2763-45F3-A864-352015ABED89}, owner: RJAF-PC4429\rjaf, filecount: 1","5","0",,"4","0","0","4611686018427387904","9685","Microsoft-Windows-Bits-Client","ef1cc15b-46c1-414e-bb95-e76b077bd51e","Microsoft-Windows-Bits-Client/Operational","972","608","rjaf-PC4429","S-1-5-21-1634558665-2257203147-3060767804-1000","4/14/2015 11:46:49 AM",,,"c:\users\mac_1\desktop\winevt\logs\microsoft-windows-bits-client%4operational.evtx","System.UInt32[]","System.Diagnostics.Eventing.Reader.EventBookmark","Information","Info",,"System.Collections.ObjectModel.ReadOnlyCollection`1[System.String]","System.Collections.Generic.List`1[System.Diagnostics.Eventing.Reader.EventProperty]"
"The BITS service provided job credentials in response to the UNIDENTIFIED authentication challenge from the 10.10.1.1:8080 server for the {AC76BA86-7AD7-1033-7B44-A95000000001} transfer job that is associated with the following URL: /arm-manifests/win/Reader9Manifest.msi.
 The credentials for the S-1-5-21-1634558665-2257203147-3060767804-1000 user were rejected.","204","1",,"2","0","0","4611686018427387904","9684","Microsoft-Windows-Bits-Client","ef1cc15b-46c1-414e-bb95-e76b077bd51e","Microsoft-Windows-Bits-Client/Operational","972","608","rjaf-PC4429","S-1-5-21-1634558665-2257203147-3060767804-1000","4/14/2015 11:46:49 AM",,,"c:\users\mac_1\desktop\winevt\logs\microsoft-windows-bits-client%4operational.evtx","System.UInt32[]","System.Diagnostics.Eventing.Reader.EventBookmark","Error","Info",,"System.Collections.ObjectModel.ReadOnlyCollection`1[System.String]","System.Collections.Generic.List`1[System.Diagnostics.Eventing.Reader.EventProperty]"
"The BITS service created a new job: {AC76BA86-7AD7-1033-7B44-A95000000001}, with owner RJAF-PC4429\rjaf","3","0",,"4","0","0","4611686018427387904","9683","Microsoft-Windows-Bits-Client","ef1cc15b-46c1-414e-bb95-e76b077bd51e","Microsoft-Windows-Bits-Client/Operational","972","2012","rjaf-PC4429","S-1-5-18","4/14/2015 11:46:37 AM",,,"c:\users\mac_1\desktop\winevt\logs\microsoft-windows-bits-client%4operational.evtx","System.UInt32[]","System.Diagnostics.Eventing.Reader.EventBookmark","Information","Info",,"System.Collections.ObjectModel.ReadOnlyCollection`1[System.String]","System.Collections.Generic.List`1[System.Diagnostics.Eventing.Reader.EventProperty]"
"The BITS service loaded the job list from disk.","306","0",,"5","0","0","4611686018427387904","9682","Microsoft-Windows-Bits-Client","ef1cc15b-46c1-414e-bb95-e76b077bd51e","Microsoft-Windows-Bits-Client/Operational","972","2832","rjaf-PC4429","S-1-5-18","4/14/2015 11:46:37 AM",,,"c:\users\mac_1\desktop\winevt\logs\microsoft-windows-bits-client%4operational.evtx","System.UInt32[]","System.Diagnostics.Eventing.Reader.EventBookmark","Verbose","Info",,"System.Collections.ObjectModel.ReadOnlyCollection`1[System.String]","System.Collections.Generic.List`1[System.Diagnostics.Eventing.Reader.EventProperty]"
"Job cancelled. User: RJAF-PC4429\rjaf, job: {AC76BA86-7AD7-1033-7B44-A95000000001}, jobID: {47DA7BC7-9049-43EC-BF59-A12C5F150AE9}, owner: RJAF-PC4429\rjaf, filecount: 1","5","0",,"4","0","0","4611686018427387904","9681","Microsoft-Windows-Bits-Client","ef1cc15b-46c1-414e-bb95-e76b077bd51e","Microsoft-Windows-Bits-Client/Operational","936","2152","rjaf-PC4429","S-1-5-21-1634558665-2257203147-3060767804-1000","4/12/2015 11:03:53 PM","85f03364-b89b-0002-834b-cb8faf75d001",,"c:\users\mac_1\desktop\winevt\logs\microsoft-windows-bits-client%4operational.evtx","System.UInt32[]","System.Diagnostics.Eventing.Reader.EventBookmark","Information","Info",,"System.Collections.ObjectModel.ReadOnlyCollection`1[System.String]","System.Collections.Generic.List`1[System.Diagnostics.Eventing.Reader.EventProperty]"
"The BITS service provided job credentials in response to the UNIDENTIFIED authentication challenge from the 10.10.1.1:8080 server for the {AC76BA86-7AD7-1033-7B44-A95000000001} transfer job that is associated with the following URL: /arm-manifests/win/Upgrade/1033/LatestReaderManifest.msi.
 The credentials for the S-1-5-21-1634558665-2257203147-3060767804-1000 user were rejected.","204","1",,"2","0","0","4611686018427387904","9680","Microsoft-Windows-Bits-Client","ef1cc15b-46c1-414e-bb95-e76b077bd51e","Microsoft-Windows-Bits-Client/Operational","936","2152","rjaf-PC4429","S-1-5-21-1634558665-2257203147-3060767804-1000","4/12/2015 11:03:53 PM",,,"c:\users\mac_1\desktop\winevt\logs\microsoft-windows-bits-client%4operational.evtx","System.UInt32[]","System.Diagnostics.Eventing.Reader.EventBookmark","Error","Info",,"System.Collections.ObjectModel.ReadOnlyCollection`1[System.String]","System.Collections.Generic.List`1[System.Diagnostics.Eventing.Reader.EventProperty]"
"The BITS service created a new job: {AC76BA86-7AD7-1033-7B44-A95000000001}, with owner RJAF-PC4429\rjaf","3","0",,"4","0","0","4611686018427387904","9679","Microsoft-Windows-Bits-Client","ef1cc15b-46c1-414e-bb95-e76b077bd51e","Microsoft-Windows-Bits-Client/Operational","936","2152","rjaf-PC4429","S-1-5-18","4/12/2015 11:03:52 PM","85f03364-b89b-0002-834b-cb8faf75d001",,"c:\users\mac_1\desktop\winevt\logs\microsoft-windows-bits-client%4operational.evtx","System.UInt32[]","System.Diagnostics.Eventing.Reader.EventBookmark","Information","Info",,"System.Collections.ObjectModel.ReadOnlyCollection`1[System.String]","System.Collections.Generic.List`1[System.Diagnostics.Eventing.Reader.EventProperty]"
"Job cancelled. User: RJAF-PC4429\rjaf, job: {AC76BA86-7AD7-1033-7B44-A95000000001}, jobID: {7920EC19-92E3-4939-9535-5D6513615B51}, owner: RJAF-PC4429\rjaf, filecount: 1","5","0",,"4","0","0","4611686018427387904","9678","Microsoft-Windows-Bits-Client","ef1cc15b-46c1-414e-bb95-e76b077bd51e","Microsoft-Windows-Bits-Client/Operational","936","1128","rjaf-PC4429","S-1-5-21-1634558665-2257203147-3060767804-1000","4/12/2015 11:03:51 PM","85f03364-b89b-0002-834b-cb8faf75d001",,"c:\users\mac_1\desktop\winevt\logs\microsoft-windows-bits-client%4operational.evtx","System.UInt32[]","System.Diagnostics.Eventing.Reader.EventBookmark","Information","Info",,"System.Collections.ObjectModel.ReadOnlyCollection`1[System.String]","System.Collections.Generic.List`1[System.Diagnostics.Eventing.Reader.EventProperty]"
"The BITS service provided job credentials in response to the UNIDENTIFIED authentication challenge from the 10.10.1.1:8080 server for the {AC76BA86-7AD7-1033-7B44-A95000000001} transfer job that is associated with the following URL: /arm-manifests/win/Reader9Manifest.msi.
 The credentials for the S-1-5-21-1634558665-2257203147-3060767804-1000 user were rejected.","204","1",,"2","0","0","4611686018427387904","9677","Microsoft-Windows-Bits-Client","ef1cc15b-46c1-414e-bb95-e76b077bd51e","Microsoft-Windows-Bits-Client/Operational","936","1128","rjaf-PC4429","S-1-5-21-1634558665-2257203147-3060767804-1000","4/12/2015 11:03:50 PM",,,"c:\users\mac_1\desktop\winevt\logs\microsoft-windows-bits-client%4operational.evtx","System.UInt32[]","System.Diagnostics.Eventing.Reader.EventBookmark","Error","Info",,"System.Collections.ObjectModel.ReadOnlyCollection`1[System.String]","System.Collections.Generic.List`1[System.Diagnostics.Eventing.Reader.EventProperty]"
"The BITS service created a new job: {AC76BA86-7AD7-1033-7B44-A95000000001}, with owner RJAF-PC4429\rjaf","3","0",,"4","0","0","4611686018427387904","9676","Microsoft-Windows-Bits-Client","ef1cc15b-46c1-414e-bb95-e76b077bd51e","Microsoft-Windows-Bits-Client/Operational","936","1128","rjaf-PC4429","S-1-5-18","4/12/2015 11:03:50 PM","85f03364-b89b-0002-834b-cb8faf75d001",,"c:\users\mac_1\desktop\winevt\logs\microsoft-windows-bits-client%4operational.evtx","System.UInt32[]","System.Diagnostics.Eventing.Reader.EventBookmark","Information","Info",,"System.Collections.ObjectModel.ReadOnlyCollection`1[System.String]","System.Collections.Generic.List`1[System.Diagnostics.Eventing.Reader.EventProperty]"
"The BITS service loaded the job list from disk.","306","0",,"5","0","0","4611686018427387904","9675","Microsoft-Windows-Bits-Client","ef1cc15b-46c1-414e-bb95-e76b077bd51e","Microsoft-Windows-Bits-Client/Operational","936","2376","rjaf-PC4429","S-1-5-18","4/12/2015 11:03:49 PM",,,"c:\users\mac_1\desktop\winevt\logs\microsoft-windows-bits-client%4operational.evtx","System.UInt32[]","System.Diagnostics.Eventing.Reader.EventBookmark","Verbose","Info",,"System.Collections.ObjectModel.ReadOnlyCollection`1[System.String]","System.Collections.Generic.List`1[System.Diagnostics.Eventing.Reader.EventProperty]"
"Job cancelled. User: NT AUTHORITY\SYSTEM, job: C:\Windows\TEMP\GUR6EA9.exe, jobID: {9F449A52-787B-44CC-92E2-3FA6340ECA2F}, owner: NT AUTHORITY\SYSTEM, filecount: 1","5","0",,"4","0","0","4611686018427387904","9674","Microsoft-Windows-Bits-Client","ef1cc15b-46c1-414e-bb95-e76b077bd51e","Microsoft-Windows-Bits-Client/Operational","976","3964","rjaf-PC4429","S-1-5-18","4/11/2015 10:47:10 PM",,,"c:\users\mac_1\desktop\winevt\logs\microsoft-windows-bits-client%4operational.evtx","System.UInt32[]","System.Diagnostics.Eventing.Reader.EventBookmark","Information","Info",,"System.Collections.ObjectModel.ReadOnlyCollection`1[System.String]","System.Collections.Generic.List`1[System.Diagnostics.Eventing.Reader.EventProperty]"
"The BITS service created a new job: C:\Windows\TEMP\GUR6EA9.exe, with owner NT AUTHORITY\SYSTEM","3","0",,"4","0","0","4611686018427387904","9673","Microsoft-Windows-Bits-Client","ef1cc15b-46c1-414e-bb95-e76b077bd51e","Microsoft-Windows-Bits-Client/Operational","976","1940","rjaf-PC4429","S-1-5-18","4/11/2015 10:46:48 PM","00000000-3b28-0000-a278-a387e374d001",,"c:\users\mac_1\desktop\winevt\logs\microsoft-windows-bits-client%4operational.evtx","System.UInt32[]","System.Diagnostics.Eventing.Reader.EventBookmark","Information","Info",,"System.Collections.ObjectModel.ReadOnlyCollection`1[System.String]","System.Collections.Generic.List`1[System.Diagnostics.Eventing.Reader.EventProperty]"
"Job cancelled. User: RJAF-PC4429\rjaf, job: {AC76BA86-7AD7-1033-7B44-A95000000001}, jobID: {A0A82E10-DFEB-4B22-A15E-9D0971CFD354}, owner: RJAF-PC4429\rjaf, filecount: 1","5","0",,"4","0","0","4611686018427387904","9672","Microsoft-Windows-Bits-Client","ef1cc15b-46c1-414e-bb95-e76b077bd51e","Microsoft-Windows-Bits-Client/Operational","976","1940","rjaf-PC4429","S-1-5-21-1634558665-2257203147-3060767804-1000","4/11/2015 10:46:44 PM","00000000-3b28-0000-a278-a387e374d001",,"c:\users\mac_1\desktop\winevt\logs\microsoft-windows-bits-client%4operational.evtx","System.UInt32[]","System.Diagnostics.Eventing.Reader.EventBookmark","Information","Info",,"System.Collections.ObjectModel.ReadOnlyCollection`1[System.String]","System.Collections.Generic.List`1[System.Diagnostics.Eventing.Reader.EventProperty]"
"The BITS service provided job credentials in response to the UNIDENTIFIED authentication challenge from the 10.10.1.1:8080 server for the {AC76BA86-7AD7-1033-7B44-A95000000001} transfer job that is associated with the following URL: /arm-manifests/win/Upgrade/1033/LatestReaderManifest.msi.
 The credentials for the S-1-5-21-1634558665-2257203147-3060767804-1000 user were rejected.","204","1",,"2","0","0","4611686018427387904","9671","Microsoft-Windows-Bits-Client","ef1cc15b-46c1-414e-bb95-e76b077bd51e","Microsoft-Windows-Bits-Client/Operational","976","1940","rjaf-PC4429","S-1-5-21-1634558665-2257203147-3060767804-1000","4/11/2015 10:46:44 PM",,,"c:\users\mac_1\desktop\winevt\logs\microsoft-windows-bits-client%4operational.evtx","System.UInt32[]","System.Diagnostics.Eventing.Reader.EventBookmark","Error","Info",,"System.Collections.ObjectModel.ReadOnlyCollection`1[System.String]","System.Collections.Generic.List`1[System.Diagnostics.Eventing.Reader.EventProperty]"
"The BITS service created a new job: {AC76BA86-7AD7-1033-7B44-A95000000001}, with owner RJAF-PC4429\rjaf","3","0",,"4","0","0","4611686018427387904","9670","Microsoft-Windows-Bits-Client","ef1cc15b-46c1-414e-bb95-e76b077bd51e","Microsoft-Windows-Bits-Client/Operational","976","1940","rjaf-PC4429","S-1-5-18","4/11/2015 10:46:44 PM","00000000-3b28-0000-a278-a387e374d001",,"c:\users\mac_1\desktop\winevt\logs\microsoft-windows-bits-client%4operational.evtx","System.UInt32[]","System.Diagnostics.Eventing.Reader.EventBookmark","Information","Info",,"System.Collections.ObjectModel.ReadOnlyCollection`1[System.String]","System.Collections.Generic.List`1[System.Diagnostics.Eventing.Reader.EventProperty]"
"Job cancelled. User: RJAF-PC4429\rjaf, job: {AC76BA86-7AD7-1033-7B44-A95000000001}, jobID: {34C35C11-FE43-4A1B-9CE5-DE960AA1023A}, owner: RJAF-PC4429\rjaf, filecount: 1","5","0",,"4","0","0","4611686018427387904","9669","Microsoft-Windows-Bits-Client","ef1cc15b-46c1-414e-bb95-e76b077bd51e","Microsoft-Windows-Bits-Client/Operational","976","1924","rjaf-PC4429","S-1-5-21-1634558665-2257203147-3060767804-1000","4/11/2015 10:46:41 PM","00000000-3b28-0000-a278-a387e374d001",,"c:\users\mac_1\desktop\winevt\logs\microsoft-windows-bits-client%4operational.evtx","System.UInt32[]","System.Diagnostics.Eventing.Reader.EventBookmark","Information","Info",,"System.Collections.ObjectModel.ReadOnlyCollection`1[System.String]","System.Collections.Generic.List`1[System.Diagnostics.Eventing.Reader.EventProperty]"
"The BITS service provided job credentials in response to the UNIDENTIFIED authentication challenge from the 10.10.1.1:8080 server for the {AC76BA86-7AD7-1033-7B44-A95000000001} transfer job that is associated with the following URL: /arm-manifests/win/Reader9Manifest.msi.
 The credentials for the S-1-5-21-1634558665-2257203147-3060767804-1000 user were rejected.","204","1",,"2","0","0","4611686018427387904","9668","Microsoft-Windows-Bits-Client","ef1cc15b-46c1-414e-bb95-e76b077bd51e","Microsoft-Windows-Bits-Client/Operational","976","1924","rjaf-PC4429","S-1-5-21-1634558665-2257203147-3060767804-1000","4/11/2015 10:46:39 PM",,,"c:\users\mac_1\desktop\winevt\logs\microsoft-windows-bits-client%4operational.evtx","System.UInt32[]","System.Diagnostics.Eventing.Reader.EventBookmark","Error","Info",,"System.Collections.ObjectModel.ReadOnlyCollection`1[System.String]","System.Collections.Generic.List`1[System.Diagnostics.Eventing.Reader.EventProperty]"
"Job cancelled. User: NT AUTHORITY\SYSTEM, job: C:\Windows\TEMP\GUR6EA9.exe, jobID: {FCA82D83-7695-4FD0-BE67-6D7317DC44FB}, owner: NT AUTHORITY\SYSTEM, filecount: 1","5","0",,"4","0","0","4611686018427387904","9667","Microsoft-Windows-Bits-Client","ef1cc15b-46c1-414e-bb95-e76b077bd51e","Microsoft-Windows-Bits-Client/Operational","976","1924","rjaf-PC4429","S-1-5-18","4/11/2015 10:46:27 PM","00000000-3b28-0000-a278-a387e374d001",,"c:\users\mac_1\desktop\winevt\logs\microsoft-windows-bits-client%4operational.evtx","System.UInt32[]","System.Diagnostics.Eventing.Reader.EventBookmark","Information","Info",,"System.Collections.ObjectModel.ReadOnlyCollection`1[System.String]","System.Collections.Generic.List`1[System.Diagnostics.Eventing.Reader.EventProperty]"
"The BITS service created a new job: C:\Windows\TEMP\GUR6EA9.exe, with owner NT AUTHORITY\SYSTEM","3","0",,"4","0","0","4611686018427387904","9666","Microsoft-Windows-Bits-Client","ef1cc15b-46c1-414e-bb95-e76b077bd51e","Microsoft-Windows-Bits-Client/Operational","976","2560","rjaf-PC4429","S-1-5-18","4/11/2015 10:46:03 PM",,,"c:\users\mac_1\desktop\winevt\logs\microsoft-windows-bits-client%4operational.evtx","System.UInt32[]","System.Diagnostics.Eventing.Reader.EventBookmark","Information","Info",,"System.Collections.ObjectModel.ReadOnlyCollection`1[System.String]","System.Collections.Generic.List`1[System.Diagnostics.Eventing.Reader.EventProperty]"
"Job cancelled. User: NT AUTHORITY\SYSTEM, job: C:\Users\rjaf\AppData\Local\{69E49B57-CA79-47FA-9ED7-DBD7DBA86FE9}, jobID: {EDA6DBA1-8630-4F91-B443-55850772C897}, owner: NT AUTHORITY\SYSTEM, filecount: 1","5","0",,"4","0","0","4611686018427387904","9665","Microsoft-Windows-Bits-Client","ef1cc15b-46c1-414e-bb95-e76b077bd51e","Microsoft-Windows-Bits-Client/Operational","976","1924","rjaf-PC4429","S-1-5-18","4/11/2015 10:45:39 PM","00000000-3b28-0000-a278-a387e374d001",,"c:\users\mac_1\desktop\winevt\logs\microsoft-windows-bits-client%4operational.evtx","System.UInt32[]","System.Diagnostics.Eventing.Reader.EventBookmark","Information","Info",,"System.Collections.ObjectModel.ReadOnlyCollection`1[System.String]","System.Collections.Generic.List`1[System.Diagnostics.Eventing.Reader.EventProperty]"
"The BITS service created a new job: C:\Users\rjaf\AppData\Local\{69E49B57-CA79-47FA-9ED7-DBD7DBA86FE9}, with owner NT AUTHORITY\SYSTEM","3","0",,"4","0","0","4611686018427387904","9664","Microsoft-Windows-Bits-Client","ef1cc15b-46c1-414e-bb95-e76b077bd51e","Microsoft-Windows-Bits-Client/Operational","976","1924","rjaf-PC4429","S-1-5-18","4/11/2015 10:45:18 PM","00000000-3b28-0000-a278-a387e374d001",,"c:\users\mac_1\desktop\winevt\logs\microsoft-windows-bits-client%4operational.evtx","System.UInt32[]","System.Diagnostics.Eventing.Reader.EventBookmark","Information","Info",,"System.Collections.ObjectModel.ReadOnlyCollection`1[System.String]","System.Collections.Generic.List`1[System.Diagnostics.Eventing.Reader.EventProperty]"
"Job cancelled. User: NT AUTHORITY\SYSTEM, job: C:\Users\rjaf\AppData\Local\{69E49B57-CA79-47FA-9ED7-DBD7DBA86FE9}, jobID: {76921889-8884-4B80-98EB-5433FFE0CD9C}, owner: NT AUTHORITY\SYSTEM, filecount: 1","5","0",,"4","0","0","4611686018427387904","9663","Microsoft-Windows-Bits-Client","ef1cc15b-46c1-414e-bb95-e76b077bd51e","Microsoft-Windows-Bits-Client/Operational","976","2016","rjaf-PC4429","S-1-5-18","4/11/2015 10:44:57 PM",,,"c:\users\mac_1\desktop\winevt\logs\microsoft-windows-bits-client%4operational.evtx","System.UInt32[]","System.Diagnostics.Eventing.Reader.EventBookmark","Information","Info",,"System.Collections.ObjectModel.ReadOnlyCollection`1[System.String]","System.Collections.Generic.List`1[System.Diagnostics.Eventing.Reader.EventProperty]"
"The BITS service created a new job: C:\Users\rjaf\AppData\Local\{69E49B57-CA79-47FA-9ED7-DBD7DBA86FE9}, with owner NT AUTHORITY\SYSTEM","3","0",,"4","0","0","4611686018427387904","9662","Microsoft-Windows-Bits-Client","ef1cc15b-46c1-414e-bb95-e76b077bd51e","Microsoft-Windows-Bits-Client/Operational","976","1924","rjaf-PC4429","S-1-5-18","4/11/2015 10:44:32 PM","00000000-3b28-0000-a278-a387e374d001",,"c:\users\mac_1\desktop\winevt\logs\microsoft-windows-bits-client%4operational.evtx","System.UInt32[]","System.Diagnostics.Eventing.Reader.EventBookmark","Information","Info",,"System.Collections.ObjectModel.ReadOnlyCollection`1[System.String]","System.Collections.Generic.List`1[System.Diagnostics.Eventing.Reader.EventProperty]"
"The BITS job named ""{AC76BA86-7AD7-1033-7B44-A95000000001}"" was unable to contact any HTTP proxy server in its proxy list.  This may indicate a problem with the proxy servers or with the client's network configuration.  An administrator should verify whether the proxy list is correct.  BITS will periodically try to transfer the job.  The HTTP proxy list is ""10.10.1.1:8080"".  The proxy-bypass list is ""<local>"".","201","0",,"3","0","0","4611686018427387904","9661","Microsoft-Windows-Bits-Client","ef1cc15b-46c1-414e-bb95-e76b077bd51e","Microsoft-Windows-Bits-Client/Operational","976","2016","rjaf-PC4429","S-1-5-21-1634558665-2257203147-3060767804-1000","4/11/2015 10:44:10 PM",,,"c:\users\mac_1\desktop\winevt\logs\microsoft-windows-bits-client%4operational.evtx","System.UInt32[]","System.Diagnostics.Eventing.Reader.EventBookmark","Warning","Info",,"System.Collections.ObjectModel.ReadOnlyCollection`1[System.String]","System.Collections.Generic.List`1[System.Diagnostics.Eventing.Reader.EventProperty]"
"Job cancelled. User: NT AUTHORITY\SYSTEM, job: C:\Users\rjaf\AppData\Local\{69E49B57-CA79-47FA-9ED7-DBD7DBA86FE9}, jobID: {93D8F65B-F568-4422-A7F9-9D66677736DB}, owner: NT AUTHORITY\SYSTEM, filecount: 1","5","0",,"4","0","0","4611686018427387904","9660","Microsoft-Windows-Bits-Client","ef1cc15b-46c1-414e-bb95-e76b077bd51e","Microsoft-Windows-Bits-Client/Operational","976","2016","rjaf-PC4429","S-1-5-18","4/11/2015 10:44:09 PM",,,"c:\users\mac_1\desktop\winevt\logs\microsoft-windows-bits-client%4operational.evtx","System.UInt32[]","System.Diagnostics.Eventing.Reader.EventBookmark","Information","Info",,"System.Collections.ObjectModel.ReadOnlyCollection`1[System.String]","System.Collections.Generic.List`1[System.Diagnostics.Eventing.Reader.EventProperty]"
"The BITS job named ""C:\Users\rjaf\AppData\Local\{69E49B57-CA79-47FA-9ED7-DBD7DBA86FE9}"" was unable to contact any HTTP proxy server in its proxy list.  This may indicate a problem with the proxy servers or with the client's network configuration.  An administrator should verify whether the proxy list is correct.  BITS will periodically try to transfer the job.  The HTTP proxy list is ""10.10.1.1:8080"".  The proxy-bypass list is ""<local>"".","201","0",,"3","0","0","4611686018427387904","9659","Microsoft-Windows-Bits-Client","ef1cc15b-46c1-414e-bb95-e76b077bd51e","Microsoft-Windows-Bits-Client/Operational","976","2016","rjaf-PC4429","S-1-5-18","4/11/2015 10:44:09 PM",,,"c:\users\mac_1\desktop\winevt\logs\microsoft-windows-bits-client%4operational.evtx","System.UInt32[]","System.Diagnostics.Eventing.Reader.EventBookmark","Warning","Info",,"System.Collections.ObjectModel.ReadOnlyCollection`1[System.String]","System.Collections.Generic.List`1[System.Diagnostics.Eventing.Reader.EventProperty]"
"The BITS service created a new job: {AC76BA86-7AD7-1033-7B44-A95000000001}, with owner RJAF-PC4429\rjaf","3","0",,"4","0","0","4611686018427387904","9658","Microsoft-Windows-Bits-Client","ef1cc15b-46c1-414e-bb95-e76b077bd51e","Microsoft-Windows-Bits-Client/Operational","976","1940","rjaf-PC4429","S-1-5-18","4/11/2015 10:43:49 PM","00000000-3b28-0000-a278-a387e374d001",,"c:\users\mac_1\desktop\winevt\logs\microsoft-windows-bits-client%4operational.evtx","System.UInt32[]","System.Diagnostics.Eventing.Reader.EventBookmark","Information","Info",,"System.Collections.ObjectModel.ReadOnlyCollection`1[System.String]","System.Collections.Generic.List`1[System.Diagnostics.Eventing.Reader.EventProperty]"
"Job cancelled. User: RJAF-PC4429\rjaf, job: {AC76BA86-7AD7-1033-7B44-A95000000001}, jobID: {766EFB4E-1303-48A0-B8C4-B591676BE648}, owner: RJAF-PC4429\rjaf, filecount: 1","5","0",,"4","0","0","4611686018427387904","9657","Microsoft-Windows-Bits-Client","ef1cc15b-46c1-414e-bb95-e76b077bd51e","Microsoft-Windows-Bits-Client/Operational","976","1940","rjaf-PC4429","S-1-5-21-1634558665-2257203147-3060767804-1000","4/11/2015 10:43:49 PM","00000000-3b28-0000-a278-a387e374d001",,"c:\users\mac_1\desktop\winevt\logs\microsoft-windows-bits-client%4operational.evtx","System.UInt32[]","System.Diagnostics.Eventing.Reader.EventBookmark","Information","Info",,"System.Collections.ObjectModel.ReadOnlyCollection`1[System.String]","System.Collections.Generic.List`1[System.Diagnostics.Eventing.Reader.EventProperty]"
"The BITS job named ""{AC76BA86-7AD7-1033-7B44-A95000000001}"" was unable to contact any HTTP proxy server in its proxy list.  This may indicate a problem with the proxy servers or with the client's network configuration.  An administrator should verify whether the proxy list is correct.  BITS will periodically try to transfer the job.  The HTTP proxy list is ""10.10.1.1:8080"".  The proxy-bypass list is ""<local>"".","201","0",,"3","0","0","4611686018427387904","9656","Microsoft-Windows-Bits-Client","ef1cc15b-46c1-414e-bb95-e76b077bd51e","Microsoft-Windows-Bits-Client/Operational","976","396","rjaf-PC4429","S-1-5-21-1634558665-2257203147-3060767804-1000","4/11/2015 10:43:47 PM",,,"c:\users\mac_1\desktop\winevt\logs\microsoft-windows-bits-client%4operational.evtx","System.UInt32[]","System.Diagnostics.Eventing.Reader.EventBookmark","Warning","Info",,"System.Collections.ObjectModel.ReadOnlyCollection`1[System.String]","System.Collections.Generic.List`1[System.Diagnostics.Eventing.Reader.EventProperty]"
"The BITS service created a new job: C:\Users\rjaf\AppData\Local\{69E49B57-CA79-47FA-9ED7-DBD7DBA86FE9}, with owner NT AUTHORITY\SYSTEM","3","0",,"4","0","0","4611686018427387904","9655","Microsoft-Windows-Bits-Client","ef1cc15b-46c1-414e-bb95-e76b077bd51e","Microsoft-Windows-Bits-Client/Operational","976","1940","rjaf-PC4429","S-1-5-18","4/11/2015 10:43:46 PM","00000000-3b28-0000-a278-a387e374d001",,"c:\users\mac_1\desktop\winevt\logs\microsoft-windows-bits-client%4operational.evtx","System.UInt32[]","System.Diagnostics.Eventing.Reader.EventBookmark","Information","Info",,"System.Collections.ObjectModel.ReadOnlyCollection`1[System.String]","System.Collections.Generic.List`1[System.Diagnostics.Eventing.Reader.EventProperty]"
"The BITS service created a new job: {AC76BA86-7AD7-1033-7B44-A95000000001}, with owner RJAF-PC4429\rjaf","3","0",,"4","0","0","4611686018427387904","9654","Microsoft-Windows-Bits-Client","ef1cc15b-46c1-414e-bb95-e76b077bd51e","Microsoft-Windows-Bits-Client/Operational","976","1956","rjaf-PC4429","S-1-5-18","4/11/2015 10:43:26 PM","00000000-3b28-0000-a278-a387e374d001",,"c:\users\mac_1\desktop\winevt\logs\microsoft-windows-bits-client%4operational.evtx","System.UInt32[]","System.Diagnostics.Eventing.Reader.EventBookmark","Information","Info",,"System.Collections.ObjectModel.ReadOnlyCollection`1[System.String]","System.Collections.Generic.List`1[System.Diagnostics.Eventing.Reader.EventProperty]"
"The BITS service loaded the job list from disk.","306","0",,"5","0","0","4611686018427387904","9653","Microsoft-Windows-Bits-Client","ef1cc15b-46c1-414e-bb95-e76b077bd51e","Microsoft-Windows-Bits-Client/Operational","976","2404","rjaf-PC4429","S-1-5-18","4/11/2015 10:43:25 PM",,,"c:\users\mac_1\desktop\winevt\logs\microsoft-windows-bits-client%4operational.evtx","System.UInt32[]","System.Diagnostics.Eventing.Reader.EventBookmark","Verbose","Info",,"System.Collections.ObjectModel.ReadOnlyCollection`1[System.String]","System.Collections.Generic.List`1[System.Diagnostics.Eventing.Reader.EventProperty]"
"Job cancelled. User: NT AUTHORITY\SYSTEM, job: C:\Windows\TEMP\GUR97EF.exe, jobID: {D86DCA5F-9833-43B6-9188-79799D1B46EC}, owner: NT AUTHORITY\SYSTEM, filecount: 1","5","0",,"4","0","0","4611686018427387904","9652","Microsoft-Windows-Bits-Client","ef1cc15b-46c1-414e-bb95-e76b077bd51e","Microsoft-Windows-Bits-Client/Operational","976","3428","rjaf-PC4429","S-1-5-18","4/10/2015 8:28:39 AM","85f02a9c-f89b-0001-836b-94699072d001",,"c:\users\mac_1\desktop\winevt\logs\microsoft-windows-bits-client%4operational.evtx","System.UInt32[]","System.Diagnostics.Eventing.Reader.EventBookmark","Information","Info",,"System.Collections.ObjectModel.ReadOnlyCollection`1[System.String]","System.Collections.Generic.List`1[System.Diagnostics.Eventing.Reader.EventProperty]"
"The BITS service created a new job: C:\Windows\TEMP\GUR97EF.exe, with owner NT AUTHORITY\SYSTEM","3","0",,"4","0","0","4611686018427387904","9651","Microsoft-Windows-Bits-Client","ef1cc15b-46c1-414e-bb95-e76b077bd51e","Microsoft-Windows-Bits-Client/Operational","976","3428","rjaf-PC4429","S-1-5-18","4/10/2015 8:28:38 AM","85f02a9c-f89b-0001-836b-94699072d001",,"c:\users\mac_1\desktop\winevt\logs\microsoft-windows-bits-client%4operational.evtx","System.UInt32[]","System.Diagnostics.Eventing.Reader.EventBookmark","Information","Info",,"System.Collections.ObjectModel.ReadOnlyCollection`1[System.String]","System.Collections.Generic.List`1[System.Diagnostics.Eventing.Reader.EventProperty]"
"Job cancelled. User: NT AUTHORITY\SYSTEM, job: C:\Windows\TEMP\GUR97EF.exe, jobID: {DA957A9A-2C0D-47C5-AA22-7D4B71A0D605}, owner: NT AUTHORITY\SYSTEM, filecount: 1","5","0",,"4","0","0","4611686018427387904","9650","Microsoft-Windows-Bits-Client","ef1cc15b-46c1-414e-bb95-e76b077bd51e","Microsoft-Windows-Bits-Client/Operational","976","3428","rjaf-PC4429","S-1-5-18","4/10/2015 8:28:38 AM","85f02a9c-f89b-0001-836b-94699072d001",,"c:\users\mac_1\desktop\winevt\logs\microsoft-windows-bits-client%4operational.evtx","System.UInt32[]","System.Diagnostics.Eventing.Reader.EventBookmark","Information","Info",,"System.Collections.ObjectModel.ReadOnlyCollection`1[System.String]","System.Collections.Generic.List`1[System.Diagnostics.Eventing.Reader.EventProperty]"
"The BITS service created a new job: C:\Windows\TEMP\GUR97EF.exe, with owner NT AUTHORITY\SYSTEM","3","0",,"4","0","0","4611686018427387904","9649","Microsoft-Windows-Bits-Client","ef1cc15b-46c1-414e-bb95-e76b077bd51e","Microsoft-Windows-Bits-Client/Operational","976","1688","rjaf-PC4429","S-1-5-18","4/10/2015 8:28:38 AM",,,"c:\users\mac_1\desktop\winevt\logs\microsoft-windows-bits-client%4operational.evtx","System.UInt32[]","System.Diagnostics.Eventing.Reader.EventBookmark","Information","Info",,"System.Collections.ObjectModel.ReadOnlyCollection`1[System.String]","System.Collections.Generic.List`1[System.Diagnostics.Eventing.Reader.EventProperty]"
"Job cancelled. User: NT AUTHORITY\SYSTEM, job: C:\Users\rjaf\AppData\Local\{CECC23A7-B42A-4D4B-BF63-8BE03EAE4EC1}, jobID: {7F7E2923-A32B-4DAC-96FB-AB67E67E9284}, owner: NT AUTHORITY\SYSTEM, filecount: 1","5","0",,"4","0","0","4611686018427387904","9648","Microsoft-Windows-Bits-Client","ef1cc15b-46c1-414e-bb95-e76b077bd51e","Microsoft-Windows-Bits-Client/Operational","976","1688","rjaf-PC4429","S-1-5-18","4/10/2015 8:28:38 AM",,,"c:\users\mac_1\desktop\winevt\logs\microsoft-windows-bits-client%4operational.evtx","System.UInt32[]","System.Diagnostics.Eventing.Reader.EventBookmark","Information","Info",,"System.Collections.ObjectModel.ReadOnlyCollection`1[System.String]","System.Collections.Generic.List`1[System.Diagnostics.Eventing.Reader.EventProperty]"
"The BITS service created a new job: C:\Users\rjaf\AppData\Local\{CECC23A7-B42A-4D4B-BF63-8BE03EAE4EC1}, with owner NT AUTHORITY\SYSTEM","3","0",,"4","0","0","4611686018427387904","9647","Microsoft-Windows-Bits-Client","ef1cc15b-46c1-414e-bb95-e76b077bd51e","Microsoft-Windows-Bits-Client/Operational","976","1688","rjaf-PC4429","S-1-5-18","4/10/2015 8:28:38 AM",,,"c:\users\mac_1\desktop\winevt\logs\microsoft-windows-bits-client%4operational.evtx","System.UInt32[]","System.Diagnostics.Eventing.Reader.EventBookmark","Information","Info",,"System.Collections.ObjectModel.ReadOnlyCollection`1[System.String]","System.Collections.Generic.List`1[System.Diagnostics.Eventing.Reader.EventProperty]"
"Job cancelled. User: NT AUTHORITY\SYSTEM, job: C:\Users\rjaf\AppData\Local\{CECC23A7-B42A-4D4B-BF63-8BE03EAE4EC1}, jobID: {9A07BE6A-3FD0-4A7D-8C52-E42492B3B13D}, owner: NT AUTHORITY\SYSTEM, filecount: 1","5","0",,"4","0","0","4611686018427387904","9646","Microsoft-Windows-Bits-Client","ef1cc15b-46c1-414e-bb95-e76b077bd51e","Microsoft-Windows-Bits-Client/Operational","976","1688","rjaf-PC4429","S-1-5-18","4/10/2015 8:28:37 AM",,,"c:\users\mac_1\desktop\winevt\logs\microsoft-windows-bits-client%4operational.evtx","System.UInt32[]","System.Diagnostics.Eventing.Reader.EventBookmark","Information","Info",,"System.Collections.ObjectModel.ReadOnlyCollection`1[System.String]","System.Collections.Generic.List`1[System.Diagnostics.Eventing.Reader.EventProperty]"
"The BITS service created a new job: C:\Users\rjaf\AppData\Local\{CECC23A7-B42A-4D4B-BF63-8BE03EAE4EC1}, with owner NT AUTHORITY\SYSTEM","3","0",,"4","0","0","4611686018427387904","9645","Microsoft-Windows-Bits-Client","ef1cc15b-46c1-414e-bb95-e76b077bd51e","Microsoft-Windows-Bits-Client/Operational","976","1688","rjaf-PC4429","S-1-5-18","4/10/2015 8:28:37 AM",,,"c:\users\mac_1\desktop\winevt\logs\microsoft-windows-bits-client%4operational.evtx","System.UInt32[]","System.Diagnostics.Eventing.Reader.EventBookmark","Information","Info",,"System.Collections.ObjectModel.ReadOnlyCollection`1[System.String]","System.Collections.Generic.List`1[System.Diagnostics.Eventing.Reader.EventProperty]"
"Job cancelled. User: NT AUTHORITY\SYSTEM, job: C:\Users\rjaf\AppData\Local\{CECC23A7-B42A-4D4B-BF63-8BE03EAE4EC1}, jobID: {E95B05A3-2FC9-4BEA-92C7-EC06AABB4858}, owner: NT AUTHORITY\SYSTEM, filecount: 1","5","0",,"4","0","0","4611686018427387904","9644","Microsoft-Windows-Bits-Client","ef1cc15b-46c1-414e-bb95-e76b077bd51e","Microsoft-Windows-Bits-Client/Operational","976","1688","rjaf-PC4429","S-1-5-18","4/10/2015 8:28:37 AM",,,"c:\users\mac_1\desktop\winevt\logs\microsoft-windows-bits-client%4operational.evtx","System.UInt32[]","System.Diagnostics.Eventing.Reader.EventBookmark","Information","Info",,"System.Collections.ObjectModel.ReadOnlyCollection`1[System.String]","System.Collections.Generic.List`1[System.Diagnostics.Eventing.Reader.EventProperty]"
"The BITS service created a new job: C:\Users\rjaf\AppData\Local\{CECC23A7-B42A-4D4B-BF63-8BE03EAE4EC1}, with owner NT AUTHORITY\SYSTEM","3","0",,"4","0","0","4611686018427387904","9643","Microsoft-Windows-Bits-Client","ef1cc15b-46c1-414e-bb95-e76b077bd51e","Microsoft-Windows-Bits-Client/Operational","976","3280","rjaf-PC4429","S-1-5-18","4/10/2015 8:28:34 AM","85f02a9c-f89b-0001-836b-94699072d001",,"c:\users\mac_1\desktop\winevt\logs\microsoft-windows-bits-client%4operational.evtx","System.UInt32[]","System.Diagnostics.Eventing.Reader.EventBookmark","Information","Info",,"System.Collections.ObjectModel.ReadOnlyCollection`1[System.String]","System.Collections.Generic.List`1[System.Diagnostics.Eventing.Reader.EventProperty]"
"Job cancelled. User: RJAF-PC4429\rjaf, job: {AC76BA86-7AD7-1033-7B44-A95000000001}, jobID: {631E38F2-80B5-4FD0-80F1-4F64AAAD6957}, owner: RJAF-PC4429\rjaf, filecount: 1","5","0",,"4","0","0","4611686018427387904","9642","Microsoft-Windows-Bits-Client","ef1cc15b-46c1-414e-bb95-e76b077bd51e","Microsoft-Windows-Bits-Client/Operational","976","1004","rjaf-PC4429","S-1-5-21-1634558665-2257203147-3060767804-1000","4/8/2015 11:44:25 PM",,,"c:\users\mac_1\desktop\winevt\logs\microsoft-windows-bits-client%4operational.evtx","System.UInt32[]","System.Diagnostics.Eventing.Reader.EventBookmark","Information","Info",,"System.Collections.ObjectModel.ReadOnlyCollection`1[System.String]","System.Collections.Generic.List`1[System.Diagnostics.Eventing.Reader.EventProperty]"
"The BITS service provided job credentials in response to the UNIDENTIFIED authentication challenge from the 10.10.1.1:8080 server for the {AC76BA86-7AD7-1033-7B44-A95000000001} transfer job that is associated with the following URL: /arm-manifests/win/Upgrade/1033/LatestReaderManifest.msi.
