"Network Connected
	Name: Network  3
	Desc: Network
	Type: Unmanaged
	State: Connected
	Category: Public
","10000","0",,"4","0","0","4611721202799476736","10169","Microsoft-Windows-NetworkProfile","fbcfac3f-8459-419f-8e48-1f0b49cdb85e","Microsoft-Windows-NetworkProfile/Operational","1132","2328","rjaf-PC4429","S-1-5-19","5/12/2015 2:30:29 AM",,,"c:\users\mac_1\desktop\winevt\logs\microsoft-windows-networkprofile%4operational.evtx","System.UInt32[]","System.Diagnostics.Eventing.Reader.EventBookmark","Information","Info",,"System.Collections.ObjectModel.ReadOnlyCollection`1[System.String]","System.Collections.Generic.List`1[System.Diagnostics.Eventing.Reader.EventProperty]"
"Transitioning to State: Identified Network Interface Guid: {9819BC20-693D-4F54-9CE8-7BFD5AD735CE}","4002","0",,"4","1","2","4612002677776187392","10168","Microsoft-Windows-NetworkProfile","fbcfac3f-8459-419f-8e48-1f0b49cdb85e","Microsoft-Windows-NetworkProfile/Operational","1132","1288","rjaf-PC4429","S-1-5-19","5/12/2015 2:30:28 AM",,,"c:\users\mac_1\desktop\winevt\logs\microsoft-windows-networkprofile%4operational.evtx","System.UInt32[]","System.Diagnostics.Eventing.Reader.EventBookmark","Information","Stop","Wait for Identification","System.Collections.ObjectModel.ReadOnlyCollection`1[System.String]","System.Collections.Generic.List`1[System.Diagnostics.Eventing.Reader.EventProperty]"
"Network Connected
	Name: Identifying...
	Desc: Identifying...
	Type: Unmanaged
	State: Connected
	Category: Public
","10000","0",,"4","0","0","4611721202799476736","10167","Microsoft-Windows-NetworkProfile","fbcfac3f-8459-419f-8e48-1f0b49cdb85e","Microsoft-Windows-NetworkProfile/Operational","1132","2328","rjaf-PC4429","S-1-5-19","5/12/2015 2:30:28 AM",,,"c:\users\mac_1\desktop\winevt\logs\microsoft-windows-networkprofile%4operational.evtx","System.UInt32[]","System.Diagnostics.Eventing.Reader.EventBookmark","Information","Info",,"System.Collections.ObjectModel.ReadOnlyCollection`1[System.String]","System.Collections.Generic.List`1[System.Diagnostics.Eventing.Reader.EventProperty]"
"Entered State: Identifying Network Interface Guid: {9819BC20-693D-4F54-9CE8-7BFD5AD735CE}","4001","0",,"4","1","1","4611721202799476736","10166","Microsoft-Windows-NetworkProfile","fbcfac3f-8459-419f-8e48-1f0b49cdb85e","Microsoft-Windows-NetworkProfile/Operational","1132","2316","rjaf-PC4429","S-1-5-19","5/12/2015 2:30:28 AM",,,"c:\users\mac_1\desktop\winevt\logs\microsoft-windows-networkprofile%4operational.evtx","System.UInt32[]","System.Diagnostics.Eventing.Reader.EventBookmark","Information","Start","Wait for Identification","System.Collections.ObjectModel.ReadOnlyCollection`1[System.String]","System.Collections.Generic.List`1[System.Diagnostics.Eventing.Reader.EventProperty]"
"Network Connected
	Name: Network  3
	Desc: Network
	Type: Unmanaged
	State: Connected
	Category: Public
","10000","0",,"4","0","0","4611721202799476736","10165","Microsoft-Windows-NetworkProfile","fbcfac3f-8459-419f-8e48-1f0b49cdb85e","Microsoft-Windows-NetworkProfile/Operational","1136","608","rjaf-PC4429","S-1-5-19","5/12/2015 2:20:45 AM",,,"c:\users\mac_1\desktop\winevt\logs\microsoft-windows-networkprofile%4operational.evtx","System.UInt32[]","System.Diagnostics.Eventing.Reader.EventBookmark","Information","Info",,"System.Collections.ObjectModel.ReadOnlyCollection`1[System.String]","System.Collections.Generic.List`1[System.Diagnostics.Eventing.Reader.EventProperty]"
"Network Connected
	Name: Identifying...
	Desc: Identifying...
	Type: Unmanaged
	State: Connected
	Category: Public
","10000","0",,"4","0","0","4611721202799476736","10164","Microsoft-Windows-NetworkProfile","fbcfac3f-8459-419f-8e48-1f0b49cdb85e","Microsoft-Windows-NetworkProfile/Operational","1136","608","rjaf-PC4429","S-1-5-19","5/12/2015 2:20:45 AM",,,"c:\users\mac_1\desktop\winevt\logs\microsoft-windows-networkprofile%4operational.evtx","System.UInt32[]","System.Diagnostics.Eventing.Reader.EventBookmark","Information","Info",,"System.Collections.ObjectModel.ReadOnlyCollection`1[System.String]","System.Collections.Generic.List`1[System.Diagnostics.Eventing.Reader.EventProperty]"
"Transitioning to State: Identified Network Interface Guid: {9819BC20-693D-4F54-9CE8-7BFD5AD735CE}","4002","0",,"4","1","2","4612002677776187392","10163","Microsoft-Windows-NetworkProfile","fbcfac3f-8459-419f-8e48-1f0b49cdb85e","Microsoft-Windows-NetworkProfile/Operational","1136","1776","rjaf-PC4429","S-1-5-19","5/12/2015 2:20:43 AM",,,"c:\users\mac_1\desktop\winevt\logs\microsoft-windows-networkprofile%4operational.evtx","System.UInt32[]","System.Diagnostics.Eventing.Reader.EventBookmark","Information","Stop","Wait for Identification","System.Collections.ObjectModel.ReadOnlyCollection`1[System.String]","System.Collections.Generic.List`1[System.Diagnostics.Eventing.Reader.EventProperty]"
"Entered State: Identifying Network Interface Guid: {9819BC20-693D-4F54-9CE8-7BFD5AD735CE}","4001","0",,"4","1","1","4611721202799476736","10162","Microsoft-Windows-NetworkProfile","fbcfac3f-8459-419f-8e48-1f0b49cdb85e","Microsoft-Windows-NetworkProfile/Operational","1136","476","rjaf-PC4429","S-1-5-19","5/12/2015 2:20:43 AM",,,"c:\users\mac_1\desktop\winevt\logs\microsoft-windows-networkprofile%4operational.evtx","System.UInt32[]","System.Diagnostics.Eventing.Reader.EventBookmark","Information","Start","Wait for Identification","System.Collections.ObjectModel.ReadOnlyCollection`1[System.String]","System.Collections.Generic.List`1[System.Diagnostics.Eventing.Reader.EventProperty]"
"Network Connected
	Name: Network  3
	Desc: Network
	Type: Unmanaged
	State: Connected,IPV4 (Local)
	Category: Public
","10000","0",,"4","0","0","4611721202799476736","10161","Microsoft-Windows-NetworkProfile","fbcfac3f-8459-419f-8e48-1f0b49cdb85e","Microsoft-Windows-NetworkProfile/Operational","1100","2892","rjaf-PC4429","S-1-5-19","5/12/2015 12:12:05 AM",,,"c:\users\mac_1\desktop\winevt\logs\microsoft-windows-networkprofile%4operational.evtx","System.UInt32[]","System.Diagnostics.Eventing.Reader.EventBookmark","Information","Info",,"System.Collections.ObjectModel.ReadOnlyCollection`1[System.String]","System.Collections.Generic.List`1[System.Diagnostics.Eventing.Reader.EventProperty]"
"Transitioning to State: Identified Network Interface Guid: {9819BC20-693D-4F54-9CE8-7BFD5AD735CE}","4002","0",,"4","1","2","4612002677776187392","10160","Microsoft-Windows-NetworkProfile","fbcfac3f-8459-419f-8e48-1f0b49cdb85e","Microsoft-Windows-NetworkProfile/Operational","1100","2864","rjaf-PC4429","S-1-5-19","5/12/2015 12:12:05 AM",,,"c:\users\mac_1\desktop\winevt\logs\microsoft-windows-networkprofile%4operational.evtx","System.UInt32[]","System.Diagnostics.Eventing.Reader.EventBookmark","Information","Stop","Wait for Identification","System.Collections.ObjectModel.ReadOnlyCollection`1[System.String]","System.Collections.Generic.List`1[System.Diagnostics.Eventing.Reader.EventProperty]"
"Network Connected
	Name: Identifying...
	Desc: Identifying...
	Type: Unmanaged
	State: Connected,IPV4 (Internet),IPV6 (Local)
	Category: Public
","10000","0",,"4","0","0","4611721202799476736","10159","Microsoft-Windows-NetworkProfile","fbcfac3f-8459-419f-8e48-1f0b49cdb85e","Microsoft-Windows-NetworkProfile/Operational","1120","376","rjaf-PC4429","S-1-5-19","5/11/2015 2:25:37 PM",,,"c:\users\mac_1\desktop\winevt\logs\microsoft-windows-networkprofile%4operational.evtx","System.UInt32[]","System.Diagnostics.Eventing.Reader.EventBookmark","Information","Info",,"System.Collections.ObjectModel.ReadOnlyCollection`1[System.String]","System.Collections.Generic.List`1[System.Diagnostics.Eventing.Reader.EventProperty]"
"Entered State: Identifying Network Interface Guid: {9819BC20-693D-4F54-9CE8-7BFD5AD735CE}","4001","0",,"4","1","1","4611721202799476736","10158","Microsoft-Windows-NetworkProfile","fbcfac3f-8459-419f-8e48-1f0b49cdb85e","Microsoft-Windows-NetworkProfile/Operational","1120","432","rjaf-PC4429","S-1-5-19","5/11/2015 2:25:37 PM",,,"c:\users\mac_1\desktop\winevt\logs\microsoft-windows-networkprofile%4operational.evtx","System.UInt32[]","System.Diagnostics.Eventing.Reader.EventBookmark","Information","Start","Wait for Identification","System.Collections.ObjectModel.ReadOnlyCollection`1[System.String]","System.Collections.Generic.List`1[System.Diagnostics.Eventing.Reader.EventProperty]"
"Network Disconnected
	Name: Network  3
	Desc: Network
	Type: Unmanaged
	State: Disconnected
	Category: Public
","10001","0",,"4","0","0","4611721202799476736","10157","Microsoft-Windows-NetworkProfile","fbcfac3f-8459-419f-8e48-1f0b49cdb85e","Microsoft-Windows-NetworkProfile/Operational","1120","376","rjaf-PC4429","S-1-5-19","5/11/2015 2:25:37 PM",,,"c:\users\mac_1\desktop\winevt\logs\microsoft-windows-networkprofile%4operational.evtx","System.UInt32[]","System.Diagnostics.Eventing.Reader.EventBookmark","Information","Info",,"System.Collections.ObjectModel.ReadOnlyCollection`1[System.String]","System.Collections.Generic.List`1[System.Diagnostics.Eventing.Reader.EventProperty]"
"Network Connected
	Name: Network  3
	Desc: Network
	Type: Unmanaged
	State: Connected,IPV4 (Local)
	Category: Public
","10000","0",,"4","0","0","4611721202799476736","10156","Microsoft-Windows-NetworkProfile","fbcfac3f-8459-419f-8e48-1f0b49cdb85e","Microsoft-Windows-NetworkProfile/Operational","1120","376","rjaf-PC4429","S-1-5-19","5/11/2015 9:16:51 AM",,,"c:\users\mac_1\desktop\winevt\logs\microsoft-windows-networkprofile%4operational.evtx","System.UInt32[]","System.Diagnostics.Eventing.Reader.EventBookmark","Information","Info",,"System.Collections.ObjectModel.ReadOnlyCollection`1[System.String]","System.Collections.Generic.List`1[System.Diagnostics.Eventing.Reader.EventProperty]"
"Transitioning to State: Identified Network Interface Guid: {9819BC20-693D-4F54-9CE8-7BFD5AD735CE}","4002","0",,"4","1","2","4612002677776187392","10155","Microsoft-Windows-NetworkProfile","fbcfac3f-8459-419f-8e48-1f0b49cdb85e","Microsoft-Windows-NetworkProfile/Operational","1120","2068","rjaf-PC4429","S-1-5-19","5/11/2015 9:16:51 AM",,,"c:\users\mac_1\desktop\winevt\logs\microsoft-windows-networkprofile%4operational.evtx","System.UInt32[]","System.Diagnostics.Eventing.Reader.EventBookmark","Information","Stop","Wait for Identification","System.Collections.ObjectModel.ReadOnlyCollection`1[System.String]","System.Collections.Generic.List`1[System.Diagnostics.Eventing.Reader.EventProperty]"
"Network Connected
	Name: Identifying...
	Desc: Identifying...
	Type: Unmanaged
	State: Connected
	Category: Public
","10000","0",,"4","0","0","4611721202799476736","10154","Microsoft-Windows-NetworkProfile","fbcfac3f-8459-419f-8e48-1f0b49cdb85e","Microsoft-Windows-NetworkProfile/Operational","1120","376","rjaf-PC4429","S-1-5-19","5/11/2015 9:16:47 AM",,,"c:\users\mac_1\desktop\winevt\logs\microsoft-windows-networkprofile%4operational.evtx","System.UInt32[]","System.Diagnostics.Eventing.Reader.EventBookmark","Information","Info",,"System.Collections.ObjectModel.ReadOnlyCollection`1[System.String]","System.Collections.Generic.List`1[System.Diagnostics.Eventing.Reader.EventProperty]"
"Entered State: Identifying Network Interface Guid: {9819BC20-693D-4F54-9CE8-7BFD5AD735CE}","4001","0",,"4","1","1","4611721202799476736","10153","Microsoft-Windows-NetworkProfile","fbcfac3f-8459-419f-8e48-1f0b49cdb85e","Microsoft-Windows-NetworkProfile/Operational","1120","3992","rjaf-PC4429","S-1-5-19","5/11/2015 9:16:47 AM",,,"c:\users\mac_1\desktop\winevt\logs\microsoft-windows-networkprofile%4operational.evtx","System.UInt32[]","System.Diagnostics.Eventing.Reader.EventBookmark","Information","Start","Wait for Identification","System.Collections.ObjectModel.ReadOnlyCollection`1[System.String]","System.Collections.Generic.List`1[System.Diagnostics.Eventing.Reader.EventProperty]"
"Network Disconnected
	Name: Network  3
	Desc: Network
	Type: Unmanaged
	State: Disconnected
	Category: Public
","10001","0",,"4","0","0","4611721202799476736","10152","Microsoft-Windows-NetworkProfile","fbcfac3f-8459-419f-8e48-1f0b49cdb85e","Microsoft-Windows-NetworkProfile/Operational","1120","376","rjaf-PC4429","S-1-5-19","5/11/2015 9:16:44 AM",,,"c:\users\mac_1\desktop\winevt\logs\microsoft-windows-networkprofile%4operational.evtx","System.UInt32[]","System.Diagnostics.Eventing.Reader.EventBookmark","Information","Info",,"System.Collections.ObjectModel.ReadOnlyCollection`1[System.String]","System.Collections.Generic.List`1[System.Diagnostics.Eventing.Reader.EventProperty]"
"Network Connected
	Name: Network  3
	Desc: Network
	Type: Unmanaged
	State: Connected,IPV4 (Local)
	Category: Public
","10000","0",,"4","0","0","4611721202799476736","10151","Microsoft-Windows-NetworkProfile","fbcfac3f-8459-419f-8e48-1f0b49cdb85e","Microsoft-Windows-NetworkProfile/Operational","1120","376","rjaf-PC4429","S-1-5-19","5/11/2015 12:29:55 AM",,,"c:\users\mac_1\desktop\winevt\logs\microsoft-windows-networkprofile%4operational.evtx","System.UInt32[]","System.Diagnostics.Eventing.Reader.EventBookmark","Information","Info",,"System.Collections.ObjectModel.ReadOnlyCollection`1[System.String]","System.Collections.Generic.List`1[System.Diagnostics.Eventing.Reader.EventProperty]"
"Transitioning to State: Identified Network Interface Guid: {9819BC20-693D-4F54-9CE8-7BFD5AD735CE}","4002","0",,"4","1","2","4612002677776187392","10150","Microsoft-Windows-NetworkProfile","fbcfac3f-8459-419f-8e48-1f0b49cdb85e","Microsoft-Windows-NetworkProfile/Operational","1120","1848","rjaf-PC4429","S-1-5-19","5/11/2015 12:29:55 AM",,,"c:\users\mac_1\desktop\winevt\logs\microsoft-windows-networkprofile%4operational.evtx","System.UInt32[]","System.Diagnostics.Eventing.Reader.EventBookmark","Information","Stop","Wait for Identification","System.Collections.ObjectModel.ReadOnlyCollection`1[System.String]","System.Collections.Generic.List`1[System.Diagnostics.Eventing.Reader.EventProperty]"
"Network Connected
	Name: Identifying...
	Desc: Identifying...
	Type: Unmanaged
	State: Connected
	Category: Public
","10000","0",,"4","0","0","4611721202799476736","10149","Microsoft-Windows-NetworkProfile","fbcfac3f-8459-419f-8e48-1f0b49cdb85e","Microsoft-Windows-NetworkProfile/Operational","1120","376","rjaf-PC4429","S-1-5-19","5/11/2015 12:29:55 AM",,,"c:\users\mac_1\desktop\winevt\logs\microsoft-windows-networkprofile%4operational.evtx","System.UInt32[]","System.Diagnostics.Eventing.Reader.EventBookmark","Information","Info",,"System.Collections.ObjectModel.ReadOnlyCollection`1[System.String]","System.Collections.Generic.List`1[System.Diagnostics.Eventing.Reader.EventProperty]"
"Entered State: Identifying Network Interface Guid: {9819BC20-693D-4F54-9CE8-7BFD5AD735CE}","4001","0",,"4","1","1","4611721202799476736","10148","Microsoft-Windows-NetworkProfile","fbcfac3f-8459-419f-8e48-1f0b49cdb85e","Microsoft-Windows-NetworkProfile/Operational","1120","332","rjaf-PC4429","S-1-5-19","5/11/2015 12:29:55 AM",,,"c:\users\mac_1\desktop\winevt\logs\microsoft-windows-networkprofile%4operational.evtx","System.UInt32[]","System.Diagnostics.Eventing.Reader.EventBookmark","Information","Start","Wait for Identification","System.Collections.ObjectModel.ReadOnlyCollection`1[System.String]","System.Collections.Generic.List`1[System.Diagnostics.Eventing.Reader.EventProperty]"
"Network Disconnected
	Name: Network  3
	Desc: Network
	Type: Unmanaged
	State: Disconnected
	Category: Public
","10001","0",,"4","0","0","4611721202799476736","10147","Microsoft-Windows-NetworkProfile","fbcfac3f-8459-419f-8e48-1f0b49cdb85e","Microsoft-Windows-NetworkProfile/Operational","1120","556","rjaf-PC4429","S-1-5-19","5/10/2015 6:48:07 AM",,,"c:\users\mac_1\desktop\winevt\logs\microsoft-windows-networkprofile%4operational.evtx","System.UInt32[]","System.Diagnostics.Eventing.Reader.EventBookmark","Information","Info",,"System.Collections.ObjectModel.ReadOnlyCollection`1[System.String]","System.Collections.Generic.List`1[System.Diagnostics.Eventing.Reader.EventProperty]"
"Network Connected
	Name: Identifying...
	Desc: Identifying...
	Type: Unmanaged
	State: Connected,IPV4 (Internet),IPV6 (Local)
	Category: Public
","10000","0",,"4","0","0","4611721202799476736","10146","Microsoft-Windows-NetworkProfile","fbcfac3f-8459-419f-8e48-1f0b49cdb85e","Microsoft-Windows-NetworkProfile/Operational","1120","556","rjaf-PC4429","S-1-5-19","5/10/2015 6:48:07 AM",,,"c:\users\mac_1\desktop\winevt\logs\microsoft-windows-networkprofile%4operational.evtx","System.UInt32[]","System.Diagnostics.Eventing.Reader.EventBookmark","Information","Info",,"System.Collections.ObjectModel.ReadOnlyCollection`1[System.String]","System.Collections.Generic.List`1[System.Diagnostics.Eventing.Reader.EventProperty]"
"Entered State: Identifying Network Interface Guid: {9819BC20-693D-4F54-9CE8-7BFD5AD735CE}","4001","0",,"4","1","1","4611721202799476736","10145","Microsoft-Windows-NetworkProfile","fbcfac3f-8459-419f-8e48-1f0b49cdb85e","Microsoft-Windows-NetworkProfile/Operational","1120","2116","rjaf-PC4429","S-1-5-19","5/10/2015 6:48:07 AM",,,"c:\users\mac_1\desktop\winevt\logs\microsoft-windows-networkprofile%4operational.evtx","System.UInt32[]","System.Diagnostics.Eventing.Reader.EventBookmark","Information","Start","Wait for Identification","System.Collections.ObjectModel.ReadOnlyCollection`1[System.String]","System.Collections.Generic.List`1[System.Diagnostics.Eventing.Reader.EventProperty]"
"Network Connected
	Name: Network  3
	Desc: Network
	Type: Unmanaged
	State: Connected
	Category: Public
","10000","0",,"4","0","0","4611721202799476736","10144","Microsoft-Windows-NetworkProfile","fbcfac3f-8459-419f-8e48-1f0b49cdb85e","Microsoft-Windows-NetworkProfile/Operational","1120","556","rjaf-PC4429","S-1-5-19","5/10/2015 3:56:35 AM",,,"c:\users\mac_1\desktop\winevt\logs\microsoft-windows-networkprofile%4operational.evtx","System.UInt32[]","System.Diagnostics.Eventing.Reader.EventBookmark","Information","Info",,"System.Collections.ObjectModel.ReadOnlyCollection`1[System.String]","System.Collections.Generic.List`1[System.Diagnostics.Eventing.Reader.EventProperty]"
"Transitioning to State: Identified Network Interface Guid: {9819BC20-693D-4F54-9CE8-7BFD5AD735CE}","4002","0",,"4","1","2","4612002677776187392","10143","Microsoft-Windows-NetworkProfile","fbcfac3f-8459-419f-8e48-1f0b49cdb85e","Microsoft-Windows-NetworkProfile/Operational","1120","2164","rjaf-PC4429","S-1-5-19","5/10/2015 3:56:35 AM",,,"c:\users\mac_1\desktop\winevt\logs\microsoft-windows-networkprofile%4operational.evtx","System.UInt32[]","System.Diagnostics.Eventing.Reader.EventBookmark","Information","Stop","Wait for Identification","System.Collections.ObjectModel.ReadOnlyCollection`1[System.String]","System.Collections.Generic.List`1[System.Diagnostics.Eventing.Reader.EventProperty]"
"Network Disconnected
	Name: Network  3
	Desc: Network
	Type: Unmanaged
	State: Disconnected
	Category: Public
","10001","0",,"4","0","0","4611721202799476736","10142","Microsoft-Windows-NetworkProfile","fbcfac3f-8459-419f-8e48-1f0b49cdb85e","Microsoft-Windows-NetworkProfile/Operational","1120","556","rjaf-PC4429","S-1-5-19","5/10/2015 3:56:33 AM",,,"c:\users\mac_1\desktop\winevt\logs\microsoft-windows-networkprofile%4operational.evtx","System.UInt32[]","System.Diagnostics.Eventing.Reader.EventBookmark","Information","Info",,"System.Collections.ObjectModel.ReadOnlyCollection`1[System.String]","System.Collections.Generic.List`1[System.Diagnostics.Eventing.Reader.EventProperty]"
"Network Connected
	Name: Network  3
	Desc: Network
	Type: Unmanaged
	State: Connected,IPV4 (Local)
	Category: Public
","10000","0",,"4","0","0","4611721202799476736","10141","Microsoft-Windows-NetworkProfile","fbcfac3f-8459-419f-8e48-1f0b49cdb85e","Microsoft-Windows-NetworkProfile/Operational","1120","556","rjaf-PC4429","S-1-5-19","5/10/2015 12:57:53 AM",,,"c:\users\mac_1\desktop\winevt\logs\microsoft-windows-networkprofile%4operational.evtx","System.UInt32[]","System.Diagnostics.Eventing.Reader.EventBookmark","Information","Info",,"System.Collections.ObjectModel.ReadOnlyCollection`1[System.String]","System.Collections.Generic.List`1[System.Diagnostics.Eventing.Reader.EventProperty]"
"Transitioning to State: Identified Network Interface Guid: {9819BC20-693D-4F54-9CE8-7BFD5AD735CE}","4002","0",,"4","1","2","4612002677776187392","10140","Microsoft-Windows-NetworkProfile","fbcfac3f-8459-419f-8e48-1f0b49cdb85e","Microsoft-Windows-NetworkProfile/Operational","1120","1140","rjaf-PC4429","S-1-5-19","5/10/2015 12:57:53 AM",,,"c:\users\mac_1\desktop\winevt\logs\microsoft-windows-networkprofile%4operational.evtx","System.UInt32[]","System.Diagnostics.Eventing.Reader.EventBookmark","Information","Stop","Wait for Identification","System.Collections.ObjectModel.ReadOnlyCollection`1[System.String]","System.Collections.Generic.List`1[System.Diagnostics.Eventing.Reader.EventProperty]"
"Network Connected
	Name: Identifying...
	Desc: Identifying...
	Type: Unmanaged
	State: Connected
	Category: Public
","10000","0",,"4","0","0","4611721202799476736","10139","Microsoft-Windows-NetworkProfile","fbcfac3f-8459-419f-8e48-1f0b49cdb85e","Microsoft-Windows-NetworkProfile/Operational","1120","556","rjaf-PC4429","S-1-5-19","5/10/2015 12:57:53 AM",,,"c:\users\mac_1\desktop\winevt\logs\microsoft-windows-networkprofile%4operational.evtx","System.UInt32[]","System.Diagnostics.Eventing.Reader.EventBookmark","Information","Info",,"System.Collections.ObjectModel.ReadOnlyCollection`1[System.String]","System.Collections.Generic.List`1[System.Diagnostics.Eventing.Reader.EventProperty]"
"Entered State: Identifying Network Interface Guid: {9819BC20-693D-4F54-9CE8-7BFD5AD735CE}","4001","0",,"4","1","1","4611721202799476736","10138","Microsoft-Windows-NetworkProfile","fbcfac3f-8459-419f-8e48-1f0b49cdb85e","Microsoft-Windows-NetworkProfile/Operational","1120","476","rjaf-PC4429","S-1-5-19","5/10/2015 12:57:53 AM",,,"c:\users\mac_1\desktop\winevt\logs\microsoft-windows-networkprofile%4operational.evtx","System.UInt32[]","System.Diagnostics.Eventing.Reader.EventBookmark","Information","Start","Wait for Identification","System.Collections.ObjectModel.ReadOnlyCollection`1[System.String]","System.Collections.Generic.List`1[System.Diagnostics.Eventing.Reader.EventProperty]"
"Network Connected
	Name: Identifying...
	Desc: Identifying...
	Type: Unmanaged
	State: Connected,IPV4 (Internet)
	Category: Public
","10000","0",,"4","0","0","4611721202799476736","10137","Microsoft-Windows-NetworkProfile","fbcfac3f-8459-419f-8e48-1f0b49cdb85e","Microsoft-Windows-NetworkProfile/Operational","1080","304","rjaf-PC4429","S-1-5-19","5/9/2015 7:14:12 AM",,,"c:\users\mac_1\desktop\winevt\logs\microsoft-windows-networkprofile%4operational.evtx","System.UInt32[]","System.Diagnostics.Eventing.Reader.EventBookmark","Information","Info",,"System.Collections.ObjectModel.ReadOnlyCollection`1[System.String]","System.Collections.Generic.List`1[System.Diagnostics.Eventing.Reader.EventProperty]"
"Entered State: Identifying Network Interface Guid: {9819BC20-693D-4F54-9CE8-7BFD5AD735CE}","4001","0",,"4","1","1","4611721202799476736","10136","Microsoft-Windows-NetworkProfile","fbcfac3f-8459-419f-8e48-1f0b49cdb85e","Microsoft-Windows-NetworkProfile/Operational","1080","332","rjaf-PC4429","S-1-5-19","5/9/2015 7:14:12 AM",,,"c:\users\mac_1\desktop\winevt\logs\microsoft-windows-networkprofile%4operational.evtx","System.UInt32[]","System.Diagnostics.Eventing.Reader.EventBookmark","Information","Start","Wait for Identification","System.Collections.ObjectModel.ReadOnlyCollection`1[System.String]","System.Collections.Generic.List`1[System.Diagnostics.Eventing.Reader.EventProperty]"
"Network Disconnected
	Name: Network  3
	Desc: Network
	Type: Unmanaged
	State: Disconnected
	Category: Public
","10001","0",,"4","0","0","4611721202799476736","10135","Microsoft-Windows-NetworkProfile","fbcfac3f-8459-419f-8e48-1f0b49cdb85e","Microsoft-Windows-NetworkProfile/Operational","1080","304","rjaf-PC4429","S-1-5-19","5/9/2015 7:14:12 AM",,,"c:\users\mac_1\desktop\winevt\logs\microsoft-windows-networkprofile%4operational.evtx","System.UInt32[]","System.Diagnostics.Eventing.Reader.EventBookmark","Information","Info",,"System.Collections.ObjectModel.ReadOnlyCollection`1[System.String]","System.Collections.Generic.List`1[System.Diagnostics.Eventing.Reader.EventProperty]"
"Network Connected
	Name: Network  3
	Desc: Network
	Type: Unmanaged
	State: Connected,IPV4 (Local)
	Category: Public
","10000","0",,"4","0","0","4611721202799476736","10134","Microsoft-Windows-NetworkProfile","fbcfac3f-8459-419f-8e48-1f0b49cdb85e","Microsoft-Windows-NetworkProfile/Operational","1080","304","rjaf-PC4429","S-1-5-19","5/9/2015 7:12:03 AM",,,"c:\users\mac_1\desktop\winevt\logs\microsoft-windows-networkprofile%4operational.evtx","System.UInt32[]","System.Diagnostics.Eventing.Reader.EventBookmark","Information","Info",,"System.Collections.ObjectModel.ReadOnlyCollection`1[System.String]","System.Collections.Generic.List`1[System.Diagnostics.Eventing.Reader.EventProperty]"
"Transitioning to State: Identified Network Interface Guid: {9819BC20-693D-4F54-9CE8-7BFD5AD735CE}","4002","0",,"4","1","2","4612002677776187392","10133","Microsoft-Windows-NetworkProfile","fbcfac3f-8459-419f-8e48-1f0b49cdb85e","Microsoft-Windows-NetworkProfile/Operational","1080","1116","rjaf-PC4429","S-1-5-19","5/9/2015 7:12:03 AM",,,"c:\users\mac_1\desktop\winevt\logs\microsoft-windows-networkprofile%4operational.evtx","System.UInt32[]","System.Diagnostics.Eventing.Reader.EventBookmark","Information","Stop","Wait for Identification","System.Collections.ObjectModel.ReadOnlyCollection`1[System.String]","System.Collections.Generic.List`1[System.Diagnostics.Eventing.Reader.EventProperty]"
"Network Connected
	Name: Identifying...
	Desc: Identifying...
	Type: Unmanaged
	State: Connected
	Category: Public
","10000","0",,"4","0","0","4611721202799476736","10132","Microsoft-Windows-NetworkProfile","fbcfac3f-8459-419f-8e48-1f0b49cdb85e","Microsoft-Windows-NetworkProfile/Operational","1080","304","rjaf-PC4429","S-1-5-19","5/9/2015 7:12:00 AM",,,"c:\users\mac_1\desktop\winevt\logs\microsoft-windows-networkprofile%4operational.evtx","System.UInt32[]","System.Diagnostics.Eventing.Reader.EventBookmark","Information","Info",,"System.Collections.ObjectModel.ReadOnlyCollection`1[System.String]","System.Collections.Generic.List`1[System.Diagnostics.Eventing.Reader.EventProperty]"
"Entered State: Identifying Network Interface Guid: {9819BC20-693D-4F54-9CE8-7BFD5AD735CE}","4001","0",,"4","1","1","4611721202799476736","10131","Microsoft-Windows-NetworkProfile","fbcfac3f-8459-419f-8e48-1f0b49cdb85e","Microsoft-Windows-NetworkProfile/Operational","1080","2016","rjaf-PC4429","S-1-5-19","5/9/2015 7:12:00 AM",,,"c:\users\mac_1\desktop\winevt\logs\microsoft-windows-networkprofile%4operational.evtx","System.UInt32[]","System.Diagnostics.Eventing.Reader.EventBookmark","Information","Start","Wait for Identification","System.Collections.ObjectModel.ReadOnlyCollection`1[System.String]","System.Collections.Generic.List`1[System.Diagnostics.Eventing.Reader.EventProperty]"
"Network Connected
	Name: Identifying...
	Desc: Identifying...
	Type: Unmanaged
	State: Connected,IPV4 (Internet)
	Category: Public
","10000","0",,"4","0","0","4611721202799476736","10130","Microsoft-Windows-NetworkProfile","fbcfac3f-8459-419f-8e48-1f0b49cdb85e","Microsoft-Windows-NetworkProfile/Operational","1128","2028","rjaf-PC4429","S-1-5-19","5/9/2015 5:14:21 AM",,,"c:\users\mac_1\desktop\winevt\logs\microsoft-windows-networkprofile%4operational.evtx","System.UInt32[]","System.Diagnostics.Eventing.Reader.EventBookmark","Information","Info",,"System.Collections.ObjectModel.ReadOnlyCollection`1[System.String]","System.Collections.Generic.List`1[System.Diagnostics.Eventing.Reader.EventProperty]"
"Entered State: Identifying Network Interface Guid: {9819BC20-693D-4F54-9CE8-7BFD5AD735CE}","4001","0",,"4","1","1","4611721202799476736","10129","Microsoft-Windows-NetworkProfile","fbcfac3f-8459-419f-8e48-1f0b49cdb85e","Microsoft-Windows-NetworkProfile/Operational","1128","1660","rjaf-PC4429","S-1-5-19","5/9/2015 5:14:21 AM",,,"c:\users\mac_1\desktop\winevt\logs\microsoft-windows-networkprofile%4operational.evtx","System.UInt32[]","System.Diagnostics.Eventing.Reader.EventBookmark","Information","Start","Wait for Identification","System.Collections.ObjectModel.ReadOnlyCollection`1[System.String]","System.Collections.Generic.List`1[System.Diagnostics.Eventing.Reader.EventProperty]"
"Network Disconnected
	Name: Network  3
	Desc: Network
	Type: Unmanaged
	State: Disconnected
	Category: Public
","10001","0",,"4","0","0","4611721202799476736","10128","Microsoft-Windows-NetworkProfile","fbcfac3f-8459-419f-8e48-1f0b49cdb85e","Microsoft-Windows-NetworkProfile/Operational","1128","2028","rjaf-PC4429","S-1-5-19","5/9/2015 5:14:21 AM",,,"c:\users\mac_1\desktop\winevt\logs\microsoft-windows-networkprofile%4operational.evtx","System.UInt32[]","System.Diagnostics.Eventing.Reader.EventBookmark","Information","Info",,"System.Collections.ObjectModel.ReadOnlyCollection`1[System.String]","System.Collections.Generic.List`1[System.Diagnostics.Eventing.Reader.EventProperty]"
"Network Connected
	Name: Network  3
	Desc: Network
	Type: Unmanaged
	State: Connected,IPV4 (Local)
	Category: Public
","10000","0",,"4","0","0","4611721202799476736","10127","Microsoft-Windows-NetworkProfile","fbcfac3f-8459-419f-8e48-1f0b49cdb85e","Microsoft-Windows-NetworkProfile/Operational","1128","2028","rjaf-PC4429","S-1-5-19","5/9/2015 4:44:45 AM",,,"c:\users\mac_1\desktop\winevt\logs\microsoft-windows-networkprofile%4operational.evtx","System.UInt32[]","System.Diagnostics.Eventing.Reader.EventBookmark","Information","Info",,"System.Collections.ObjectModel.ReadOnlyCollection`1[System.String]","System.Collections.Generic.List`1[System.Diagnostics.Eventing.Reader.EventProperty]"
"Transitioning to State: Identified Network Interface Guid: {9819BC20-693D-4F54-9CE8-7BFD5AD735CE}","4002","0",,"4","1","2","4612002677776187392","10126","Microsoft-Windows-NetworkProfile","fbcfac3f-8459-419f-8e48-1f0b49cdb85e","Microsoft-Windows-NetworkProfile/Operational","1128","1144","rjaf-PC4429","S-1-5-19","5/9/2015 4:44:45 AM",,,"c:\users\mac_1\desktop\winevt\logs\microsoft-windows-networkprofile%4operational.evtx","System.UInt32[]","System.Diagnostics.Eventing.Reader.EventBookmark","Information","Stop","Wait for Identification","System.Collections.ObjectModel.ReadOnlyCollection`1[System.String]","System.Collections.Generic.List`1[System.Diagnostics.Eventing.Reader.EventProperty]"
"Network Connected
	Name: Identifying...
	Desc: Identifying...
	Type: Unmanaged
	State: Connected
	Category: Public
","10000","0",,"4","0","0","4611721202799476736","10125","Microsoft-Windows-NetworkProfile","fbcfac3f-8459-419f-8e48-1f0b49cdb85e","Microsoft-Windows-NetworkProfile/Operational","1128","2028","rjaf-PC4429","S-1-5-19","5/9/2015 4:44:45 AM",,,"c:\users\mac_1\desktop\winevt\logs\microsoft-windows-networkprofile%4operational.evtx","System.UInt32[]","System.Diagnostics.Eventing.Reader.EventBookmark","Information","Info",,"System.Collections.ObjectModel.ReadOnlyCollection`1[System.String]","System.Collections.Generic.List`1[System.Diagnostics.Eventing.Reader.EventProperty]"
"Entered State: Identifying Network Interface Guid: {9819BC20-693D-4F54-9CE8-7BFD5AD735CE}","4001","0",,"4","1","1","4611721202799476736","10124","Microsoft-Windows-NetworkProfile","fbcfac3f-8459-419f-8e48-1f0b49cdb85e","Microsoft-Windows-NetworkProfile/Operational","1128","2024","rjaf-PC4429","S-1-5-19","5/9/2015 4:44:45 AM",,,"c:\users\mac_1\desktop\winevt\logs\microsoft-windows-networkprofile%4operational.evtx","System.UInt32[]","System.Diagnostics.Eventing.Reader.EventBookmark","Information","Start","Wait for Identification","System.Collections.ObjectModel.ReadOnlyCollection`1[System.String]","System.Collections.Generic.List`1[System.Diagnostics.Eventing.Reader.EventProperty]"
"Network Connected
	Name: Identifying...
	Desc: Identifying...
	Type: Unmanaged
	State: Connected,IPV4 (Internet)
	Category: Public
","10000","0",,"4","0","0","4611721202799476736","10123","Microsoft-Windows-NetworkProfile","fbcfac3f-8459-419f-8e48-1f0b49cdb85e","Microsoft-Windows-NetworkProfile/Operational","1120","2040","rjaf-PC4429","S-1-5-19","5/9/2015 4:38:27 AM",,,"c:\users\mac_1\desktop\winevt\logs\microsoft-windows-networkprofile%4operational.evtx","System.UInt32[]","System.Diagnostics.Eventing.Reader.EventBookmark","Information","Info",,"System.Collections.ObjectModel.ReadOnlyCollection`1[System.String]","System.Collections.Generic.List`1[System.Diagnostics.Eventing.Reader.EventProperty]"
"Entered State: Identifying Network Interface Guid: {9819BC20-693D-4F54-9CE8-7BFD5AD735CE}","4001","0",,"4","1","1","4611721202799476736","10122","Microsoft-Windows-NetworkProfile","fbcfac3f-8459-419f-8e48-1f0b49cdb85e","Microsoft-Windows-NetworkProfile/Operational","1120","616","rjaf-PC4429","S-1-5-19","5/9/2015 4:38:27 AM",,,"c:\users\mac_1\desktop\winevt\logs\microsoft-windows-networkprofile%4operational.evtx","System.UInt32[]","System.Diagnostics.Eventing.Reader.EventBookmark","Information","Start","Wait for Identification","System.Collections.ObjectModel.ReadOnlyCollection`1[System.String]","System.Collections.Generic.List`1[System.Diagnostics.Eventing.Reader.EventProperty]"
"Network Disconnected
	Name: Network  3
	Desc: Network
	Type: Unmanaged
	State: Disconnected
	Category: Public
","10001","0",,"4","0","0","4611721202799476736","10121","Microsoft-Windows-NetworkProfile","fbcfac3f-8459-419f-8e48-1f0b49cdb85e","Microsoft-Windows-NetworkProfile/Operational","1120","2040","rjaf-PC4429","S-1-5-19","5/9/2015 4:38:27 AM",,,"c:\users\mac_1\desktop\winevt\logs\microsoft-windows-networkprofile%4operational.evtx","System.UInt32[]","System.Diagnostics.Eventing.Reader.EventBookmark","Information","Info",,"System.Collections.ObjectModel.ReadOnlyCollection`1[System.String]","System.Collections.Generic.List`1[System.Diagnostics.Eventing.Reader.EventProperty]"
"Network Connected
	Name: Network  3
	Desc: Network
	Type: Unmanaged
	State: Connected,IPV4 (Local)
	Category: Public
","10000","0",,"4","0","0","4611721202799476736","10120","Microsoft-Windows-NetworkProfile","fbcfac3f-8459-419f-8e48-1f0b49cdb85e","Microsoft-Windows-NetworkProfile/Operational","1120","2040","rjaf-PC4429","S-1-5-19","5/9/2015 4:33:15 AM",,,"c:\users\mac_1\desktop\winevt\logs\microsoft-windows-networkprofile%4operational.evtx","System.UInt32[]","System.Diagnostics.Eventing.Reader.EventBookmark","Information","Info",,"System.Collections.ObjectModel.ReadOnlyCollection`1[System.String]","System.Collections.Generic.List`1[System.Diagnostics.Eventing.Reader.EventProperty]"
"Transitioning to State: Identified Network Interface Guid: {9819BC20-693D-4F54-9CE8-7BFD5AD735CE}","4002","0",,"4","1","2","4612002677776187392","10119","Microsoft-Windows-NetworkProfile","fbcfac3f-8459-419f-8e48-1f0b49cdb85e","Microsoft-Windows-NetworkProfile/Operational","1120","320","rjaf-PC4429","S-1-5-19","5/9/2015 4:33:15 AM",,,"c:\users\mac_1\desktop\winevt\logs\microsoft-windows-networkprofile%4operational.evtx","System.UInt32[]","System.Diagnostics.Eventing.Reader.EventBookmark","Information","Stop","Wait for Identification","System.Collections.ObjectModel.ReadOnlyCollection`1[System.String]","System.Collections.Generic.List`1[System.Diagnostics.Eventing.Reader.EventProperty]"
"Network Connected
	Name: Identifying...
	Desc: Identifying...
	Type: Unmanaged
	State: Connected
	Category: Public
","10000","0",,"4","0","0","4611721202799476736","10118","Microsoft-Windows-NetworkProfile","fbcfac3f-8459-419f-8e48-1f0b49cdb85e","Microsoft-Windows-NetworkProfile/Operational","1120","2040","rjaf-PC4429","S-1-5-19","5/9/2015 4:33:15 AM",,,"c:\users\mac_1\desktop\winevt\logs\microsoft-windows-networkprofile%4operational.evtx","System.UInt32[]","System.Diagnostics.Eventing.Reader.EventBookmark","Information","Info",,"System.Collections.ObjectModel.ReadOnlyCollection`1[System.String]","System.Collections.Generic.List`1[System.Diagnostics.Eventing.Reader.EventProperty]"
"Entered State: Identifying Network Interface Guid: {9819BC20-693D-4F54-9CE8-7BFD5AD735CE}","4001","0",,"4","1","1","4611721202799476736","10117","Microsoft-Windows-NetworkProfile","fbcfac3f-8459-419f-8e48-1f0b49cdb85e","Microsoft-Windows-NetworkProfile/Operational","1120","2028","rjaf-PC4429","S-1-5-19","5/9/2015 4:33:15 AM",,,"c:\users\mac_1\desktop\winevt\logs\microsoft-windows-networkprofile%4operational.evtx","System.UInt32[]","System.Diagnostics.Eventing.Reader.EventBookmark","Information","Start","Wait for Identification","System.Collections.ObjectModel.ReadOnlyCollection`1[System.String]","System.Collections.Generic.List`1[System.Diagnostics.Eventing.Reader.EventProperty]"
"Network Disconnected
	Name: Network  3
	Desc: Network
	Type: Unmanaged
	State: Disconnected
	Category: Public
","10001","0",,"4","0","0","4611721202799476736","10116","Microsoft-Windows-NetworkProfile","fbcfac3f-8459-419f-8e48-1f0b49cdb85e","Microsoft-Windows-NetworkProfile/Operational","1104","612","rjaf-PC4429","S-1-5-19","5/8/2015 7:47:04 PM",,,"c:\users\mac_1\desktop\winevt\logs\microsoft-windows-networkprofile%4operational.evtx","System.UInt32[]","System.Diagnostics.Eventing.Reader.EventBookmark","Information","Info",,"System.Collections.ObjectModel.ReadOnlyCollection`1[System.String]","System.Collections.Generic.List`1[System.Diagnostics.Eventing.Reader.EventProperty]"
"Network Connected
	Name: Identifying...
	Desc: Identifying...
	Type: Unmanaged
	State: Connected,IPV4 (Internet)
	Category: Public
","10000","0",,"4","0","0","4611721202799476736","10115","Microsoft-Windows-NetworkProfile","fbcfac3f-8459-419f-8e48-1f0b49cdb85e","Microsoft-Windows-NetworkProfile/Operational","1104","612","rjaf-PC4429","S-1-5-19","5/8/2015 7:47:04 PM",,,"c:\users\mac_1\desktop\winevt\logs\microsoft-windows-networkprofile%4operational.evtx","System.UInt32[]","System.Diagnostics.Eventing.Reader.EventBookmark","Information","Info",,"System.Collections.ObjectModel.ReadOnlyCollection`1[System.String]","System.Collections.Generic.List`1[System.Diagnostics.Eventing.Reader.EventProperty]"
"Entered State: Identifying Network Interface Guid: {9819BC20-693D-4F54-9CE8-7BFD5AD735CE}","4001","0",,"4","1","1","4611721202799476736","10114","Microsoft-Windows-NetworkProfile","fbcfac3f-8459-419f-8e48-1f0b49cdb85e","Microsoft-Windows-NetworkProfile/Operational","1104","748","rjaf-PC4429","S-1-5-19","5/8/2015 7:47:04 PM",,,"c:\users\mac_1\desktop\winevt\logs\microsoft-windows-networkprofile%4operational.evtx","System.UInt32[]","System.Diagnostics.Eventing.Reader.EventBookmark","Information","Start","Wait for Identification","System.Collections.ObjectModel.ReadOnlyCollection`1[System.String]","System.Collections.Generic.List`1[System.Diagnostics.Eventing.Reader.EventProperty]"
"Network Connected
	Name: Network  3
	Desc: Network
	Type: Unmanaged
	State: Connected,IPV4 (Local)
	Category: Public
","10000","0",,"4","0","0","4611721202799476736","10113","Microsoft-Windows-NetworkProfile","fbcfac3f-8459-419f-8e48-1f0b49cdb85e","Microsoft-Windows-NetworkProfile/Operational","1104","612","rjaf-PC4429","S-1-5-19","5/8/2015 7:44:51 PM",,,"c:\users\mac_1\desktop\winevt\logs\microsoft-windows-networkprofile%4operational.evtx","System.UInt32[]","System.Diagnostics.Eventing.Reader.EventBookmark","Information","Info",,"System.Collections.ObjectModel.ReadOnlyCollection`1[System.String]","System.Collections.Generic.List`1[System.Diagnostics.Eventing.Reader.EventProperty]"
"Transitioning to State: Identified Network Interface Guid: {9819BC20-693D-4F54-9CE8-7BFD5AD735CE}","4002","0",,"4","1","2","4612002677776187392","10112","Microsoft-Windows-NetworkProfile","fbcfac3f-8459-419f-8e48-1f0b49cdb85e","Microsoft-Windows-NetworkProfile/Operational","1104","1748","rjaf-PC4429","S-1-5-19","5/8/2015 7:44:51 PM",,,"c:\users\mac_1\desktop\winevt\logs\microsoft-windows-networkprofile%4operational.evtx","System.UInt32[]","System.Diagnostics.Eventing.Reader.EventBookmark","Information","Stop","Wait for Identification","System.Collections.ObjectModel.ReadOnlyCollection`1[System.String]","System.Collections.Generic.List`1[System.Diagnostics.Eventing.Reader.EventProperty]"
"Network Connected
	Name: Identifying...
	Desc: Identifying...
	Type: Unmanaged
	State: Connected
	Category: Public
","10000","0",,"4","0","0","4611721202799476736","10111","Microsoft-Windows-NetworkProfile","fbcfac3f-8459-419f-8e48-1f0b49cdb85e","Microsoft-Windows-NetworkProfile/Operational","1104","612","rjaf-PC4429","S-1-5-19","5/8/2015 7:44:50 PM",,,"c:\users\mac_1\desktop\winevt\logs\microsoft-windows-networkprofile%4operational.evtx","System.UInt32[]","System.Diagnostics.Eventing.Reader.EventBookmark","Information","Info",,"System.Collections.ObjectModel.ReadOnlyCollection`1[System.String]","System.Collections.Generic.List`1[System.Diagnostics.Eventing.Reader.EventProperty]"
"Entered State: Identifying Network Interface Guid: {9819BC20-693D-4F54-9CE8-7BFD5AD735CE}","4001","0",,"4","1","1","4611721202799476736","10110","Microsoft-Windows-NetworkProfile","fbcfac3f-8459-419f-8e48-1f0b49cdb85e","Microsoft-Windows-NetworkProfile/Operational","1104","392","rjaf-PC4429","S-1-5-19","5/8/2015 7:44:50 PM",,,"c:\users\mac_1\desktop\winevt\logs\microsoft-windows-networkprofile%4operational.evtx","System.UInt32[]","System.Diagnostics.Eventing.Reader.EventBookmark","Information","Start","Wait for Identification","System.Collections.ObjectModel.ReadOnlyCollection`1[System.String]","System.Collections.Generic.List`1[System.Diagnostics.Eventing.Reader.EventProperty]"
"Network Disconnected
	Name: Network  3
	Desc: Network
	Type: Unmanaged
	State: Disconnected
	Category: Public
","10001","0",,"4","0","0","4611721202799476736","10109","Microsoft-Windows-NetworkProfile","fbcfac3f-8459-419f-8e48-1f0b49cdb85e","Microsoft-Windows-NetworkProfile/Operational","1080","392","rjaf-PC4429","S-1-5-19","5/8/2015 12:07:04 PM",,,"c:\users\mac_1\desktop\winevt\logs\microsoft-windows-networkprofile%4operational.evtx","System.UInt32[]","System.Diagnostics.Eventing.Reader.EventBookmark","Information","Info",,"System.Collections.ObjectModel.ReadOnlyCollection`1[System.String]","System.Collections.Generic.List`1[System.Diagnostics.Eventing.Reader.EventProperty]"
"Network Connected
	Name: Identifying...
	Desc: Identifying...
	Type: Unmanaged
	State: Connected,IPV4 (Internet)
	Category: Public
","10000","0",,"4","0","0","4611721202799476736","10108","Microsoft-Windows-NetworkProfile","fbcfac3f-8459-419f-8e48-1f0b49cdb85e","Microsoft-Windows-NetworkProfile/Operational","1080","392","rjaf-PC4429","S-1-5-19","5/8/2015 12:07:04 PM",,,"c:\users\mac_1\desktop\winevt\logs\microsoft-windows-networkprofile%4operational.evtx","System.UInt32[]","System.Diagnostics.Eventing.Reader.EventBookmark","Information","Info",,"System.Collections.ObjectModel.ReadOnlyCollection`1[System.String]","System.Collections.Generic.List`1[System.Diagnostics.Eventing.Reader.EventProperty]"
"Entered State: Identifying Network Interface Guid: {9819BC20-693D-4F54-9CE8-7BFD5AD735CE}","4001","0",,"4","1","1","4611721202799476736","10107","Microsoft-Windows-NetworkProfile","fbcfac3f-8459-419f-8e48-1f0b49cdb85e","Microsoft-Windows-NetworkProfile/Operational","1080","644","rjaf-PC4429","S-1-5-19","5/8/2015 12:07:04 PM",,,"c:\users\mac_1\desktop\winevt\logs\microsoft-windows-networkprofile%4operational.evtx","System.UInt32[]","System.Diagnostics.Eventing.Reader.EventBookmark","Information","Start","Wait for Identification","System.Collections.ObjectModel.ReadOnlyCollection`1[System.String]","System.Collections.Generic.List`1[System.Diagnostics.Eventing.Reader.EventProperty]"
"Network Connected
	Name: Network  3
	Desc: Network
	Type: Unmanaged
	State: Connected,IPV4 (Local)
	Category: Public
","10000","0",,"4","0","0","4611721202799476736","10106","Microsoft-Windows-NetworkProfile","fbcfac3f-8459-419f-8e48-1f0b49cdb85e","Microsoft-Windows-NetworkProfile/Operational","1080","392","rjaf-PC4429","S-1-5-19","5/8/2015 11:21:05 AM",,,"c:\users\mac_1\desktop\winevt\logs\microsoft-windows-networkprofile%4operational.evtx","System.UInt32[]","System.Diagnostics.Eventing.Reader.EventBookmark","Information","Info",,"System.Collections.ObjectModel.ReadOnlyCollection`1[System.String]","System.Collections.Generic.List`1[System.Diagnostics.Eventing.Reader.EventProperty]"
"Transitioning to State: Identified Network Interface Guid: {9819BC20-693D-4F54-9CE8-7BFD5AD735CE}","4002","0",,"4","1","2","4612002677776187392","10105","Microsoft-Windows-NetworkProfile","fbcfac3f-8459-419f-8e48-1f0b49cdb85e","Microsoft-Windows-NetworkProfile/Operational","1080","1096","rjaf-PC4429","S-1-5-19","5/8/2015 11:21:05 AM",,,"c:\users\mac_1\desktop\winevt\logs\microsoft-windows-networkprofile%4operational.evtx","System.UInt32[]","System.Diagnostics.Eventing.Reader.EventBookmark","Information","Stop","Wait for Identification","System.Collections.ObjectModel.ReadOnlyCollection`1[System.String]","System.Collections.Generic.List`1[System.Diagnostics.Eventing.Reader.EventProperty]"
"Network Connected
	Name: Identifying...
	Desc: Identifying...
	Type: Unmanaged
	State: Connected
	Category: Public
","10000","0",,"4","0","0","4611721202799476736","10104","Microsoft-Windows-NetworkProfile","fbcfac3f-8459-419f-8e48-1f0b49cdb85e","Microsoft-Windows-NetworkProfile/Operational","1080","392","rjaf-PC4429","S-1-5-19","5/8/2015 11:21:04 AM",,,"c:\users\mac_1\desktop\winevt\logs\microsoft-windows-networkprofile%4operational.evtx","System.UInt32[]","System.Diagnostics.Eventing.Reader.EventBookmark","Information","Info",,"System.Collections.ObjectModel.ReadOnlyCollection`1[System.String]","System.Collections.Generic.List`1[System.Diagnostics.Eventing.Reader.EventProperty]"
"Entered State: Identifying Network Interface Guid: {9819BC20-693D-4F54-9CE8-7BFD5AD735CE}","4001","0",,"4","1","1","4611721202799476736","10103","Microsoft-Windows-NetworkProfile","fbcfac3f-8459-419f-8e48-1f0b49cdb85e","Microsoft-Windows-NetworkProfile/Operational","1080","356","rjaf-PC4429","S-1-5-19","5/8/2015 11:21:04 AM",,,"c:\users\mac_1\desktop\winevt\logs\microsoft-windows-networkprofile%4operational.evtx","System.UInt32[]","System.Diagnostics.Eventing.Reader.EventBookmark","Information","Start","Wait for Identification","System.Collections.ObjectModel.ReadOnlyCollection`1[System.String]","System.Collections.Generic.List`1[System.Diagnostics.Eventing.Reader.EventProperty]"
"Network Connected
	Name: Network  3
	Desc: Network
	Type: Unmanaged
	State: Connected,IPV4 (Local)
	Category: Public
","10000","0",,"4","0","0","4611721202799476736","10102","Microsoft-Windows-NetworkProfile","fbcfac3f-8459-419f-8e48-1f0b49cdb85e","Microsoft-Windows-NetworkProfile/Operational","1092","956","rjaf-PC4429","S-1-5-19","5/8/2015 11:16:44 AM",,,"c:\users\mac_1\desktop\winevt\logs\microsoft-windows-networkprofile%4operational.evtx","System.UInt32[]","System.Diagnostics.Eventing.Reader.EventBookmark","Information","Info",,"System.Collections.ObjectModel.ReadOnlyCollection`1[System.String]","System.Collections.Generic.List`1[System.Diagnostics.Eventing.Reader.EventProperty]"
"Transitioning to State: Identified Network Interface Guid: {9819BC20-693D-4F54-9CE8-7BFD5AD735CE}","4002","0",,"4","1","2","4612002677776187392","10101","Microsoft-Windows-NetworkProfile","fbcfac3f-8459-419f-8e48-1f0b49cdb85e","Microsoft-Windows-NetworkProfile/Operational","1092","1056","rjaf-PC4429","S-1-5-19","5/8/2015 11:16:44 AM",,,"c:\users\mac_1\desktop\winevt\logs\microsoft-windows-networkprofile%4operational.evtx","System.UInt32[]","System.Diagnostics.Eventing.Reader.EventBookmark","Information","Stop","Wait for Identification","System.Collections.ObjectModel.ReadOnlyCollection`1[System.String]","System.Collections.Generic.List`1[System.Diagnostics.Eventing.Reader.EventProperty]"
"Network Connected
	Name: Identifying...
	Desc: Identifying...
	Type: Unmanaged
	State: Connected
	Category: Public
","10000","0",,"4","0","0","4611721202799476736","10100","Microsoft-Windows-NetworkProfile","fbcfac3f-8459-419f-8e48-1f0b49cdb85e","Microsoft-Windows-NetworkProfile/Operational","1092","956","rjaf-PC4429","S-1-5-19","5/8/2015 11:16:44 AM",,,"c:\users\mac_1\desktop\winevt\logs\microsoft-windows-networkprofile%4operational.evtx","System.UInt32[]","System.Diagnostics.Eventing.Reader.EventBookmark","Information","Info",,"System.Collections.ObjectModel.ReadOnlyCollection`1[System.String]","System.Collections.Generic.List`1[System.Diagnostics.Eventing.Reader.EventProperty]"
"Entered State: Identifying Network Interface Guid: {9819BC20-693D-4F54-9CE8-7BFD5AD735CE}","4001","0",,"4","1","1","4611721202799476736","10099","Microsoft-Windows-NetworkProfile","fbcfac3f-8459-419f-8e48-1f0b49cdb85e","Microsoft-Windows-NetworkProfile/Operational","1092","848","rjaf-PC4429","S-1-5-19","5/8/2015 11:16:44 AM",,,"c:\users\mac_1\desktop\winevt\logs\microsoft-windows-networkprofile%4operational.evtx","System.UInt32[]","System.Diagnostics.Eventing.Reader.EventBookmark","Information","Start","Wait for Identification","System.Collections.ObjectModel.ReadOnlyCollection`1[System.String]","System.Collections.Generic.List`1[System.Diagnostics.Eventing.Reader.EventProperty]"
