"The Application Impact Telemetry (AIT) Agent is not running because AIT is disabled.","701","0",,"4","0","0","1152921504606846976","272","Microsoft-Windows-Application-Experience","eef54e71-0661-422d-9a98-82fd4940b820","Microsoft-Windows-Application-Experience/Program-Telemetry","2180","300","rjaf-PC4429","S-1-5-18","11/11/2014 11:34:44 PM",,,"c:\users\mac_1\desktop\winevt\logs\microsoft-windows-application-experience%4program-telemetry.evtx","System.UInt32[]","System.Diagnostics.Eventing.Reader.EventBookmark","Information","Info",,"System.Collections.ObjectModel.ReadOnlyCollection`1[System.String]","System.Collections.Generic.List`1[System.Diagnostics.Eventing.Reader.EventProperty]"
"The Application Impact Telemetry (AIT) Agent is not running because AIT is disabled.","701","0",,"4","0","0","1152921504606846976","271","Microsoft-Windows-Application-Experience","eef54e71-0661-422d-9a98-82fd4940b820","Microsoft-Windows-Application-Experience/Program-Telemetry","3644","3660","rjaf-PC4429","S-1-5-18","11/11/2014 3:10:06 AM",,,"c:\users\mac_1\desktop\winevt\logs\microsoft-windows-application-experience%4program-telemetry.evtx","System.UInt32[]","System.Diagnostics.Eventing.Reader.EventBookmark","Information","Info",,"System.Collections.ObjectModel.ReadOnlyCollection`1[System.String]","System.Collections.Generic.List`1[System.Diagnostics.Eventing.Reader.EventProperty]"
"The Application Impact Telemetry (AIT) Agent is not running because AIT is disabled.","701","0",,"4","0","0","1152921504606846976","270","Microsoft-Windows-Application-Experience","eef54e71-0661-422d-9a98-82fd4940b820","Microsoft-Windows-Application-Experience/Program-Telemetry","3872","2624","rjaf-PC4429","S-1-5-18","11/10/2014 12:09:03 AM",,,"c:\users\mac_1\desktop\winevt\logs\microsoft-windows-application-experience%4program-telemetry.evtx","System.UInt32[]","System.Diagnostics.Eventing.Reader.EventBookmark","Information","Info",,"System.Collections.ObjectModel.ReadOnlyCollection`1[System.String]","System.Collections.Generic.List`1[System.Diagnostics.Eventing.Reader.EventProperty]"
"The Application Impact Telemetry (AIT) Agent is not running because AIT is disabled.","701","0",,"4","0","0","1152921504606846976","269","Microsoft-Windows-Application-Experience","eef54e71-0661-422d-9a98-82fd4940b820","Microsoft-Windows-Application-Experience/Program-Telemetry","4624","4564","rjaf-PC4429","S-1-5-18","11/9/2014 12:18:24 AM",,,"c:\users\mac_1\desktop\winevt\logs\microsoft-windows-application-experience%4program-telemetry.evtx","System.UInt32[]","System.Diagnostics.Eventing.Reader.EventBookmark","Information","Info",,"System.Collections.ObjectModel.ReadOnlyCollection`1[System.String]","System.Collections.Generic.List`1[System.Diagnostics.Eventing.Reader.EventProperty]"
"The Application Impact Telemetry (AIT) Agent is not running because AIT is disabled.","701","0",,"4","0","0","1152921504606846976","268","Microsoft-Windows-Application-Experience","eef54e71-0661-422d-9a98-82fd4940b820","Microsoft-Windows-Application-Experience/Program-Telemetry","2252","2384","rjaf-PC4429","S-1-5-18","11/6/2014 12:35:08 AM",,,"c:\users\mac_1\desktop\winevt\logs\microsoft-windows-application-experience%4program-telemetry.evtx","System.UInt32[]","System.Diagnostics.Eventing.Reader.EventBookmark","Information","Info",,"System.Collections.ObjectModel.ReadOnlyCollection`1[System.String]","System.Collections.Generic.List`1[System.Diagnostics.Eventing.Reader.EventProperty]"
"The Application Impact Telemetry (AIT) Agent is not running because AIT is disabled.","701","0",,"4","0","0","1152921504606846976","267","Microsoft-Windows-Application-Experience","eef54e71-0661-422d-9a98-82fd4940b820","Microsoft-Windows-Application-Experience/Program-Telemetry","3104","932","rjaf-PC4429","S-1-5-18","11/5/2014 1:09:20 AM",,,"c:\users\mac_1\desktop\winevt\logs\microsoft-windows-application-experience%4program-telemetry.evtx","System.UInt32[]","System.Diagnostics.Eventing.Reader.EventBookmark","Information","Info",,"System.Collections.ObjectModel.ReadOnlyCollection`1[System.String]","System.Collections.Generic.List`1[System.Diagnostics.Eventing.Reader.EventProperty]"
"The Application Impact Telemetry (AIT) Agent is not running because AIT is disabled.","701","0",,"4","0","0","1152921504606846976","266","Microsoft-Windows-Application-Experience","eef54e71-0661-422d-9a98-82fd4940b820","Microsoft-Windows-Application-Experience/Program-Telemetry","1732","3020","rjaf-PC4429","S-1-5-18","11/4/2014 12:41:21 AM",,,"c:\users\mac_1\desktop\winevt\logs\microsoft-windows-application-experience%4program-telemetry.evtx","System.UInt32[]","System.Diagnostics.Eventing.Reader.EventBookmark","Information","Info",,"System.Collections.ObjectModel.ReadOnlyCollection`1[System.String]","System.Collections.Generic.List`1[System.Diagnostics.Eventing.Reader.EventProperty]"
"Compatibility fix applied to G:\35 ECLS\ECL_PT.EXE.
Fix information: Macromedia Director, {EBA139AF-824B-4F9E-B9D7-4CC9EE0C613A}, 0x10101.","500","0",,"4","0","0","1152921504606846976","265","Microsoft-Windows-Application-Experience","eef54e71-0661-422d-9a98-82fd4940b820","Microsoft-Windows-Application-Experience/Program-Telemetry","3220","3096","rjaf-PC4429","S-1-5-21-1634558665-2257203147-3060767804-1000","11/3/2014 5:47:40 AM",,,"c:\users\mac_1\desktop\winevt\logs\microsoft-windows-application-experience%4program-telemetry.evtx","System.UInt32[]","System.Diagnostics.Eventing.Reader.EventBookmark","Information","Info",,"System.Collections.ObjectModel.ReadOnlyCollection`1[System.String]","System.Collections.Generic.List`1[System.Diagnostics.Eventing.Reader.EventProperty]"
"The Application Impact Telemetry (AIT) Agent is not running because AIT is disabled.","701","0",,"4","0","0","1152921504606846976","264","Microsoft-Windows-Application-Experience","eef54e71-0661-422d-9a98-82fd4940b820","Microsoft-Windows-Application-Experience/Program-Telemetry","3296","3544","rjaf-PC4429","S-1-5-18","11/3/2014 12:16:41 AM",,,"c:\users\mac_1\desktop\winevt\logs\microsoft-windows-application-experience%4program-telemetry.evtx","System.UInt32[]","System.Diagnostics.Eventing.Reader.EventBookmark","Information","Info",,"System.Collections.ObjectModel.ReadOnlyCollection`1[System.String]","System.Collections.Generic.List`1[System.Diagnostics.Eventing.Reader.EventProperty]"
"The Application Impact Telemetry (AIT) Agent is not running because AIT is disabled.","701","0",,"4","0","0","1152921504606846976","263","Microsoft-Windows-Application-Experience","eef54e71-0661-422d-9a98-82fd4940b820","Microsoft-Windows-Application-Experience/Program-Telemetry","3880","3720","rjaf-PC4429","S-1-5-18","11/1/2014 10:37:33 PM",,,"c:\users\mac_1\desktop\winevt\logs\microsoft-windows-application-experience%4program-telemetry.evtx","System.UInt32[]","System.Diagnostics.Eventing.Reader.EventBookmark","Information","Info",,"System.Collections.ObjectModel.ReadOnlyCollection`1[System.String]","System.Collections.Generic.List`1[System.Diagnostics.Eventing.Reader.EventProperty]"
"The Application Impact Telemetry (AIT) Agent is not running because AIT is disabled.","701","0",,"4","0","0","1152921504606846976","262","Microsoft-Windows-Application-Experience","eef54e71-0661-422d-9a98-82fd4940b820","Microsoft-Windows-Application-Experience/Program-Telemetry","2200","3212","rjaf-PC4429","S-1-5-18","10/29/2014 11:37:56 PM",,,"c:\users\mac_1\desktop\winevt\logs\microsoft-windows-application-experience%4program-telemetry.evtx","System.UInt32[]","System.Diagnostics.Eventing.Reader.EventBookmark","Information","Info",,"System.Collections.ObjectModel.ReadOnlyCollection`1[System.String]","System.Collections.Generic.List`1[System.Diagnostics.Eventing.Reader.EventProperty]"
"The Application Impact Telemetry (AIT) Agent is not running because AIT is disabled.","701","0",,"4","0","0","1152921504606846976","261","Microsoft-Windows-Application-Experience","eef54e71-0661-422d-9a98-82fd4940b820","Microsoft-Windows-Application-Experience/Program-Telemetry","836","1060","rjaf-PC4429","S-1-5-18","10/29/2014 6:25:20 AM",,,"c:\users\mac_1\desktop\winevt\logs\microsoft-windows-application-experience%4program-telemetry.evtx","System.UInt32[]","System.Diagnostics.Eventing.Reader.EventBookmark","Information","Info",,"System.Collections.ObjectModel.ReadOnlyCollection`1[System.String]","System.Collections.Generic.List`1[System.Diagnostics.Eventing.Reader.EventProperty]"
"The Application Impact Telemetry (AIT) Agent is not running because AIT is disabled.","701","0",,"4","0","0","1152921504606846976","260","Microsoft-Windows-Application-Experience","eef54e71-0661-422d-9a98-82fd4940b820","Microsoft-Windows-Application-Experience/Program-Telemetry","6504","10040","rjaf-PC4429","S-1-5-18","10/28/2014 12:12:28 AM",,,"c:\users\mac_1\desktop\winevt\logs\microsoft-windows-application-experience%4program-telemetry.evtx","System.UInt32[]","System.Diagnostics.Eventing.Reader.EventBookmark","Information","Info",,"System.Collections.ObjectModel.ReadOnlyCollection`1[System.String]","System.Collections.Generic.List`1[System.Diagnostics.Eventing.Reader.EventProperty]"
"The Application Impact Telemetry (AIT) Agent is not running because AIT is disabled.","701","0",,"4","0","0","1152921504606846976","259","Microsoft-Windows-Application-Experience","eef54e71-0661-422d-9a98-82fd4940b820","Microsoft-Windows-Application-Experience/Program-Telemetry","3896","3888","rjaf-PC4429","S-1-5-18","10/27/2014 1:01:37 AM",,,"c:\users\mac_1\desktop\winevt\logs\microsoft-windows-application-experience%4program-telemetry.evtx","System.UInt32[]","System.Diagnostics.Eventing.Reader.EventBookmark","Information","Info",,"System.Collections.ObjectModel.ReadOnlyCollection`1[System.String]","System.Collections.Generic.List`1[System.Diagnostics.Eventing.Reader.EventProperty]"
"The Application Impact Telemetry (AIT) Agent is not running because AIT is disabled.","701","0",,"4","0","0","1152921504606846976","258","Microsoft-Windows-Application-Experience","eef54e71-0661-422d-9a98-82fd4940b820","Microsoft-Windows-Application-Experience/Program-Telemetry","400","2744","rjaf-PC4429","S-1-5-18","10/26/2014 1:04:36 AM",,,"c:\users\mac_1\desktop\winevt\logs\microsoft-windows-application-experience%4program-telemetry.evtx","System.UInt32[]","System.Diagnostics.Eventing.Reader.EventBookmark","Information","Info",,"System.Collections.ObjectModel.ReadOnlyCollection`1[System.String]","System.Collections.Generic.List`1[System.Diagnostics.Eventing.Reader.EventProperty]"
"The Application Impact Telemetry (AIT) Agent is not running because AIT is disabled.","701","0",,"4","0","0","1152921504606846976","257","Microsoft-Windows-Application-Experience","eef54e71-0661-422d-9a98-82fd4940b820","Microsoft-Windows-Application-Experience/Program-Telemetry","3604","2432","rjaf-PC4429","S-1-5-18","10/25/2014 8:28:10 AM",,,"c:\users\mac_1\desktop\winevt\logs\microsoft-windows-application-experience%4program-telemetry.evtx","System.UInt32[]","System.Diagnostics.Eventing.Reader.EventBookmark","Information","Info",,"System.Collections.ObjectModel.ReadOnlyCollection`1[System.String]","System.Collections.Generic.List`1[System.Diagnostics.Eventing.Reader.EventProperty]"
"The Application Impact Telemetry (AIT) Agent is not running because AIT is disabled.","701","0",,"4","0","0","1152921504606846976","256","Microsoft-Windows-Application-Experience","eef54e71-0661-422d-9a98-82fd4940b820","Microsoft-Windows-Application-Experience/Program-Telemetry","3132","2540","rjaf-PC4429","S-1-5-18","10/22/2014 11:54:02 PM",,,"c:\users\mac_1\desktop\winevt\logs\microsoft-windows-application-experience%4program-telemetry.evtx","System.UInt32[]","System.Diagnostics.Eventing.Reader.EventBookmark","Information","Info",,"System.Collections.ObjectModel.ReadOnlyCollection`1[System.String]","System.Collections.Generic.List`1[System.Diagnostics.Eventing.Reader.EventProperty]"
"The Application Impact Telemetry (AIT) Agent is not running because AIT is disabled.","701","0",,"4","0","0","1152921504606846976","255","Microsoft-Windows-Application-Experience","eef54e71-0661-422d-9a98-82fd4940b820","Microsoft-Windows-Application-Experience/Program-Telemetry","332","3052","rjaf-PC4429","S-1-5-18","10/22/2014 2:13:20 AM",,,"c:\users\mac_1\desktop\winevt\logs\microsoft-windows-application-experience%4program-telemetry.evtx","System.UInt32[]","System.Diagnostics.Eventing.Reader.EventBookmark","Information","Info",,"System.Collections.ObjectModel.ReadOnlyCollection`1[System.String]","System.Collections.Generic.List`1[System.Diagnostics.Eventing.Reader.EventProperty]"
"The Application Impact Telemetry (AIT) Agent is not running because AIT is disabled.","701","0",,"4","0","0","1152921504606846976","254","Microsoft-Windows-Application-Experience","eef54e71-0661-422d-9a98-82fd4940b820","Microsoft-Windows-Application-Experience/Program-Telemetry","1496","3584","rjaf-PC4429","S-1-5-18","10/21/2014 6:02:04 AM",,,"c:\users\mac_1\desktop\winevt\logs\microsoft-windows-application-experience%4program-telemetry.evtx","System.UInt32[]","System.Diagnostics.Eventing.Reader.EventBookmark","Information","Info",,"System.Collections.ObjectModel.ReadOnlyCollection`1[System.String]","System.Collections.Generic.List`1[System.Diagnostics.Eventing.Reader.EventProperty]"
"The Application Impact Telemetry (AIT) Agent is not running because AIT is disabled.","701","0",,"4","0","0","1152921504606846976","253","Microsoft-Windows-Application-Experience","eef54e71-0661-422d-9a98-82fd4940b820","Microsoft-Windows-Application-Experience/Program-Telemetry","444","3876","rjaf-PC4429","S-1-5-18","10/20/2014 1:05:52 AM",,,"c:\users\mac_1\desktop\winevt\logs\microsoft-windows-application-experience%4program-telemetry.evtx","System.UInt32[]","System.Diagnostics.Eventing.Reader.EventBookmark","Information","Info",,"System.Collections.ObjectModel.ReadOnlyCollection`1[System.String]","System.Collections.Generic.List`1[System.Diagnostics.Eventing.Reader.EventProperty]"
"The Application Impact Telemetry (AIT) Agent is not running because AIT is disabled.","701","0",,"4","0","0","1152921504606846976","252","Microsoft-Windows-Application-Experience","eef54e71-0661-422d-9a98-82fd4940b820","Microsoft-Windows-Application-Experience/Program-Telemetry","3860","3880","rjaf-PC4429","S-1-5-18","10/19/2014 5:40:43 AM",,,"c:\users\mac_1\desktop\winevt\logs\microsoft-windows-application-experience%4program-telemetry.evtx","System.UInt32[]","System.Diagnostics.Eventing.Reader.EventBookmark","Information","Info",,"System.Collections.ObjectModel.ReadOnlyCollection`1[System.String]","System.Collections.Generic.List`1[System.Diagnostics.Eventing.Reader.EventProperty]"
"The Application Impact Telemetry (AIT) Agent is not running because AIT is disabled.","701","0",,"4","0","0","1152921504606846976","251","Microsoft-Windows-Application-Experience","eef54e71-0661-422d-9a98-82fd4940b820","Microsoft-Windows-Application-Experience/Program-Telemetry","1508","3592","rjaf-PC4429","S-1-5-18","10/18/2014 12:50:36 PM",,,"c:\users\mac_1\desktop\winevt\logs\microsoft-windows-application-experience%4program-telemetry.evtx","System.UInt32[]","System.Diagnostics.Eventing.Reader.EventBookmark","Information","Info",,"System.Collections.ObjectModel.ReadOnlyCollection`1[System.String]","System.Collections.Generic.List`1[System.Diagnostics.Eventing.Reader.EventProperty]"
"The Application Impact Telemetry (AIT) Agent is not running because AIT is disabled.","701","0",,"4","0","0","1152921504606846976","250","Microsoft-Windows-Application-Experience","eef54e71-0661-422d-9a98-82fd4940b820","Microsoft-Windows-Application-Experience/Program-Telemetry","2324","2656","rjaf-PC4429","S-1-5-18","10/15/2014 1:56:27 AM",,,"c:\users\mac_1\desktop\winevt\logs\microsoft-windows-application-experience%4program-telemetry.evtx","System.UInt32[]","System.Diagnostics.Eventing.Reader.EventBookmark","Information","Info",,"System.Collections.ObjectModel.ReadOnlyCollection`1[System.String]","System.Collections.Generic.List`1[System.Diagnostics.Eventing.Reader.EventProperty]"
"The Application Impact Telemetry (AIT) Agent is not running because AIT is disabled.","701","0",,"4","0","0","1152921504606846976","249","Microsoft-Windows-Application-Experience","eef54e71-0661-422d-9a98-82fd4940b820","Microsoft-Windows-Application-Experience/Program-Telemetry","5120","4204","rjaf-PC4429","S-1-5-18","10/14/2014 1:46:18 AM",,,"c:\users\mac_1\desktop\winevt\logs\microsoft-windows-application-experience%4program-telemetry.evtx","System.UInt32[]","System.Diagnostics.Eventing.Reader.EventBookmark","Information","Info",,"System.Collections.ObjectModel.ReadOnlyCollection`1[System.String]","System.Collections.Generic.List`1[System.Diagnostics.Eventing.Reader.EventProperty]"
"The Application Impact Telemetry (AIT) Agent is not running because AIT is disabled.","701","0",,"4","0","0","1152921504606846976","248","Microsoft-Windows-Application-Experience","eef54e71-0661-422d-9a98-82fd4940b820","Microsoft-Windows-Application-Experience/Program-Telemetry","4136","4556","rjaf-PC4429","S-1-5-18","10/13/2014 1:08:17 AM",,,"c:\users\mac_1\desktop\winevt\logs\microsoft-windows-application-experience%4program-telemetry.evtx","System.UInt32[]","System.Diagnostics.Eventing.Reader.EventBookmark","Information","Info",,"System.Collections.ObjectModel.ReadOnlyCollection`1[System.String]","System.Collections.Generic.List`1[System.Diagnostics.Eventing.Reader.EventProperty]"
"The Application Impact Telemetry (AIT) Agent is not running because AIT is disabled.","701","0",,"4","0","0","1152921504606846976","247","Microsoft-Windows-Application-Experience","eef54e71-0661-422d-9a98-82fd4940b820","Microsoft-Windows-Application-Experience/Program-Telemetry","1848","1576","rjaf-PC4429","S-1-5-18","10/11/2014 11:52:58 PM",,,"c:\users\mac_1\desktop\winevt\logs\microsoft-windows-application-experience%4program-telemetry.evtx","System.UInt32[]","System.Diagnostics.Eventing.Reader.EventBookmark","Information","Info",,"System.Collections.ObjectModel.ReadOnlyCollection`1[System.String]","System.Collections.Generic.List`1[System.Diagnostics.Eventing.Reader.EventProperty]"
"Compatibility fix applied to C:\Program Files\Microsoft Office\Office12\MSTORE.EXE.
Fix information: Microsoft Office, {F38311E6-9546-4539-BB57-6C0F049132B2}, 0x10101.","500","0",,"4","0","0","1152921504606846976","246","Microsoft-Windows-Application-Experience","eef54e71-0661-422d-9a98-82fd4940b820","Microsoft-Windows-Application-Experience/Program-Telemetry","2092","2116","rjaf-PC4429","S-1-5-21-1634558665-2257203147-3060767804-1000","10/11/2014 11:39:30 AM",,,"c:\users\mac_1\desktop\winevt\logs\microsoft-windows-application-experience%4program-telemetry.evtx","System.UInt32[]","System.Diagnostics.Eventing.Reader.EventBookmark","Information","Info",,"System.Collections.ObjectModel.ReadOnlyCollection`1[System.String]","System.Collections.Generic.List`1[System.Diagnostics.Eventing.Reader.EventProperty]"
"The Application Impact Telemetry (AIT) Agent is not running because AIT is disabled.","701","0",,"4","0","0","1152921504606846976","245","Microsoft-Windows-Application-Experience","eef54e71-0661-422d-9a98-82fd4940b820","Microsoft-Windows-Application-Experience/Program-Telemetry","1048","3684","rjaf-PC4429","S-1-5-18","10/10/2014 5:57:45 AM",,,"c:\users\mac_1\desktop\winevt\logs\microsoft-windows-application-experience%4program-telemetry.evtx","System.UInt32[]","System.Diagnostics.Eventing.Reader.EventBookmark","Information","Info",,"System.Collections.ObjectModel.ReadOnlyCollection`1[System.String]","System.Collections.Generic.List`1[System.Diagnostics.Eventing.Reader.EventProperty]"
"The Application Impact Telemetry (AIT) Agent is not running because AIT is disabled.","701","0",,"4","0","0","1152921504606846976","244","Microsoft-Windows-Application-Experience","eef54e71-0661-422d-9a98-82fd4940b820","Microsoft-Windows-Application-Experience/Program-Telemetry","3680","2224","rjaf-PC4429","S-1-5-18","10/9/2014 3:06:05 AM",,,"c:\users\mac_1\desktop\winevt\logs\microsoft-windows-application-experience%4program-telemetry.evtx","System.UInt32[]","System.Diagnostics.Eventing.Reader.EventBookmark","Information","Info",,"System.Collections.ObjectModel.ReadOnlyCollection`1[System.String]","System.Collections.Generic.List`1[System.Diagnostics.Eventing.Reader.EventProperty]"
"The Application Impact Telemetry (AIT) Agent is not running because AIT is disabled.","701","0",,"4","0","0","1152921504606846976","243","Microsoft-Windows-Application-Experience","eef54e71-0661-422d-9a98-82fd4940b820","Microsoft-Windows-Application-Experience/Program-Telemetry","2176","2656","rjaf-PC4429","S-1-5-18","10/8/2014 3:06:35 AM",,,"c:\users\mac_1\desktop\winevt\logs\microsoft-windows-application-experience%4program-telemetry.evtx","System.UInt32[]","System.Diagnostics.Eventing.Reader.EventBookmark","Information","Info",,"System.Collections.ObjectModel.ReadOnlyCollection`1[System.String]","System.Collections.Generic.List`1[System.Diagnostics.Eventing.Reader.EventProperty]"
"The Application Impact Telemetry (AIT) Agent is not running because AIT is disabled.","701","0",,"4","0","0","1152921504606846976","242","Microsoft-Windows-Application-Experience","eef54e71-0661-422d-9a98-82fd4940b820","Microsoft-Windows-Application-Experience/Program-Telemetry","2648","548","rjaf-PC4429","S-1-5-18","10/7/2014 5:11:24 AM",,,"c:\users\mac_1\desktop\winevt\logs\microsoft-windows-application-experience%4program-telemetry.evtx","System.UInt32[]","System.Diagnostics.Eventing.Reader.EventBookmark","Information","Info",,"System.Collections.ObjectModel.ReadOnlyCollection`1[System.String]","System.Collections.Generic.List`1[System.Diagnostics.Eventing.Reader.EventProperty]"
"The Application Impact Telemetry (AIT) Agent is not running because AIT is disabled.","701","0",,"4","0","0","1152921504606846976","241","Microsoft-Windows-Application-Experience","eef54e71-0661-422d-9a98-82fd4940b820","Microsoft-Windows-Application-Experience/Program-Telemetry","3852","2960","rjaf-PC4429","S-1-5-18","10/5/2014 11:42:16 PM",,,"c:\users\mac_1\desktop\winevt\logs\microsoft-windows-application-experience%4program-telemetry.evtx","System.UInt32[]","System.Diagnostics.Eventing.Reader.EventBookmark","Information","Info",,"System.Collections.ObjectModel.ReadOnlyCollection`1[System.String]","System.Collections.Generic.List`1[System.Diagnostics.Eventing.Reader.EventProperty]"
"The Application Impact Telemetry (AIT) Agent is not running because AIT is disabled.","701","0",,"4","0","0","1152921504606846976","240","Microsoft-Windows-Application-Experience","eef54e71-0661-422d-9a98-82fd4940b820","Microsoft-Windows-Application-Experience/Program-Telemetry","7924","7824","rjaf-PC4429","S-1-5-18","10/5/2014 1:39:56 AM",,,"c:\users\mac_1\desktop\winevt\logs\microsoft-windows-application-experience%4program-telemetry.evtx","System.UInt32[]","System.Diagnostics.Eventing.Reader.EventBookmark","Information","Info",,"System.Collections.ObjectModel.ReadOnlyCollection`1[System.String]","System.Collections.Generic.List`1[System.Diagnostics.Eventing.Reader.EventProperty]"
"The Application Impact Telemetry (AIT) Agent is not running because AIT is disabled.","701","0",,"4","0","0","1152921504606846976","239","Microsoft-Windows-Application-Experience","eef54e71-0661-422d-9a98-82fd4940b820","Microsoft-Windows-Application-Experience/Program-Telemetry","2324","16368","rjaf-PC4429","S-1-5-18","10/4/2014 9:16:15 AM",,,"c:\users\mac_1\desktop\winevt\logs\microsoft-windows-application-experience%4program-telemetry.evtx","System.UInt32[]","System.Diagnostics.Eventing.Reader.EventBookmark","Information","Info",,"System.Collections.ObjectModel.ReadOnlyCollection`1[System.String]","System.Collections.Generic.List`1[System.Diagnostics.Eventing.Reader.EventProperty]"
"The Application Impact Telemetry (AIT) Agent is not running because AIT is disabled.","701","0",,"4","0","0","1152921504606846976","238","Microsoft-Windows-Application-Experience","eef54e71-0661-422d-9a98-82fd4940b820","Microsoft-Windows-Application-Experience/Program-Telemetry","8904","3064","rjaf-PC4429","S-1-5-18","10/3/2014 5:18:26 AM",,,"c:\users\mac_1\desktop\winevt\logs\microsoft-windows-application-experience%4program-telemetry.evtx","System.UInt32[]","System.Diagnostics.Eventing.Reader.EventBookmark","Information","Info",,"System.Collections.ObjectModel.ReadOnlyCollection`1[System.String]","System.Collections.Generic.List`1[System.Diagnostics.Eventing.Reader.EventProperty]"
"Compatibility fix applied to C:\PROGRA~1\COMMON~1\MICROS~1\DW\DW20.EXE.
Fix information: Legacy DW, {F93932F0-F7D4-4565-B2FE-917B08AEEE05}, 0x10101.","500","0",,"4","0","0","1152921504606846976","237","Microsoft-Windows-Application-Experience","eef54e71-0661-422d-9a98-82fd4940b820","Microsoft-Windows-Application-Experience/Program-Telemetry","4632","4868","rjaf-PC4429","S-1-5-21-1634558665-2257203147-3060767804-1000","10/2/2014 1:17:13 PM",,,"c:\users\mac_1\desktop\winevt\logs\microsoft-windows-application-experience%4program-telemetry.evtx","System.UInt32[]","System.Diagnostics.Eventing.Reader.EventBookmark","Information","Info",,"System.Collections.ObjectModel.ReadOnlyCollection`1[System.String]","System.Collections.Generic.List`1[System.Diagnostics.Eventing.Reader.EventProperty]"
"The Application Impact Telemetry (AIT) Agent is not running because AIT is disabled.","701","0",,"4","0","0","1152921504606846976","236","Microsoft-Windows-Application-Experience","eef54e71-0661-422d-9a98-82fd4940b820","Microsoft-Windows-Application-Experience/Program-Telemetry","2660","2604","rjaf-PC4429","S-1-5-18","10/1/2014 11:28:43 PM",,,"c:\users\mac_1\desktop\winevt\logs\microsoft-windows-application-experience%4program-telemetry.evtx","System.UInt32[]","System.Diagnostics.Eventing.Reader.EventBookmark","Information","Info",,"System.Collections.ObjectModel.ReadOnlyCollection`1[System.String]","System.Collections.Generic.List`1[System.Diagnostics.Eventing.Reader.EventProperty]"
"The Application Impact Telemetry (AIT) Agent is not running because AIT is disabled.","701","0",,"4","0","0","1152921504606846976","235","Microsoft-Windows-Application-Experience","eef54e71-0661-422d-9a98-82fd4940b820","Microsoft-Windows-Application-Experience/Program-Telemetry","2856","3508","rjaf-PC4429","S-1-5-18","10/1/2014 3:22:58 AM",,,"c:\users\mac_1\desktop\winevt\logs\microsoft-windows-application-experience%4program-telemetry.evtx","System.UInt32[]","System.Diagnostics.Eventing.Reader.EventBookmark","Information","Info",,"System.Collections.ObjectModel.ReadOnlyCollection`1[System.String]","System.Collections.Generic.List`1[System.Diagnostics.Eventing.Reader.EventProperty]"
"The Application Impact Telemetry (AIT) Agent is not running because AIT is disabled.","701","0",,"4","0","0","1152921504606846976","234","Microsoft-Windows-Application-Experience","eef54e71-0661-422d-9a98-82fd4940b820","Microsoft-Windows-Application-Experience/Program-Telemetry","3828","2408","rjaf-PC4429","S-1-5-18","9/30/2014 12:48:43 AM",,,"c:\users\mac_1\desktop\winevt\logs\microsoft-windows-application-experience%4program-telemetry.evtx","System.UInt32[]","System.Diagnostics.Eventing.Reader.EventBookmark","Information","Info",,"System.Collections.ObjectModel.ReadOnlyCollection`1[System.String]","System.Collections.Generic.List`1[System.Diagnostics.Eventing.Reader.EventProperty]"
"The Application Impact Telemetry (AIT) Agent is not running because AIT is disabled.","701","0",,"4","0","0","1152921504606846976","233","Microsoft-Windows-Application-Experience","eef54e71-0661-422d-9a98-82fd4940b820","Microsoft-Windows-Application-Experience/Program-Telemetry","2340","356","rjaf-PC4429","S-1-5-18","9/29/2014 3:26:37 AM",,,"c:\users\mac_1\desktop\winevt\logs\microsoft-windows-application-experience%4program-telemetry.evtx","System.UInt32[]","System.Diagnostics.Eventing.Reader.EventBookmark","Information","Info",,"System.Collections.ObjectModel.ReadOnlyCollection`1[System.String]","System.Collections.Generic.List`1[System.Diagnostics.Eventing.Reader.EventProperty]"
"The Application Impact Telemetry (AIT) Agent is not running because AIT is disabled.","701","0",,"4","0","0","1152921504606846976","232","Microsoft-Windows-Application-Experience","eef54e71-0661-422d-9a98-82fd4940b820","Microsoft-Windows-Application-Experience/Program-Telemetry","3196","2572","rjaf-PC4429","S-1-5-18","9/28/2014 1:12:02 AM",,,"c:\users\mac_1\desktop\winevt\logs\microsoft-windows-application-experience%4program-telemetry.evtx","System.UInt32[]","System.Diagnostics.Eventing.Reader.EventBookmark","Information","Info",,"System.Collections.ObjectModel.ReadOnlyCollection`1[System.String]","System.Collections.Generic.List`1[System.Diagnostics.Eventing.Reader.EventProperty]"
"The Application Impact Telemetry (AIT) Agent is not running because AIT is disabled.","701","0",,"4","0","0","1152921504606846976","231","Microsoft-Windows-Application-Experience","eef54e71-0661-422d-9a98-82fd4940b820","Microsoft-Windows-Application-Experience/Program-Telemetry","3100","2164","rjaf-PC4429","S-1-5-18","9/27/2014 12:48:14 AM",,,"c:\users\mac_1\desktop\winevt\logs\microsoft-windows-application-experience%4program-telemetry.evtx","System.UInt32[]","System.Diagnostics.Eventing.Reader.EventBookmark","Information","Info",,"System.Collections.ObjectModel.ReadOnlyCollection`1[System.String]","System.Collections.Generic.List`1[System.Diagnostics.Eventing.Reader.EventProperty]"
"The Application Impact Telemetry (AIT) Agent is not running because AIT is disabled.","701","0",,"4","0","0","1152921504606846976","230","Microsoft-Windows-Application-Experience","eef54e71-0661-422d-9a98-82fd4940b820","Microsoft-Windows-Application-Experience/Program-Telemetry","1708","652","rjaf-PC4429","S-1-5-18","9/25/2014 12:02:34 AM",,,"c:\users\mac_1\desktop\winevt\logs\microsoft-windows-application-experience%4program-telemetry.evtx","System.UInt32[]","System.Diagnostics.Eventing.Reader.EventBookmark","Information","Info",,"System.Collections.ObjectModel.ReadOnlyCollection`1[System.String]","System.Collections.Generic.List`1[System.Diagnostics.Eventing.Reader.EventProperty]"
"The Application Impact Telemetry (AIT) Agent is not running because AIT is disabled.","701","0",,"4","0","0","1152921504606846976","229","Microsoft-Windows-Application-Experience","eef54e71-0661-422d-9a98-82fd4940b820","Microsoft-Windows-Application-Experience/Program-Telemetry","1304","2208","rjaf-PC4429","S-1-5-18","9/22/2014 11:21:08 PM",,,"c:\users\mac_1\desktop\winevt\logs\microsoft-windows-application-experience%4program-telemetry.evtx","System.UInt32[]","System.Diagnostics.Eventing.Reader.EventBookmark","Information","Info",,"System.Collections.ObjectModel.ReadOnlyCollection`1[System.String]","System.Collections.Generic.List`1[System.Diagnostics.Eventing.Reader.EventProperty]"
"The Application Impact Telemetry (AIT) Agent is not running because AIT is disabled.","701","0",,"4","0","0","1152921504606846976","228","Microsoft-Windows-Application-Experience","eef54e71-0661-422d-9a98-82fd4940b820","Microsoft-Windows-Application-Experience/Program-Telemetry","3640","3104","rjaf-PC4429","S-1-5-18","9/20/2014 10:58:47 PM",,,"c:\users\mac_1\desktop\winevt\logs\microsoft-windows-application-experience%4program-telemetry.evtx","System.UInt32[]","System.Diagnostics.Eventing.Reader.EventBookmark","Information","Info",,"System.Collections.ObjectModel.ReadOnlyCollection`1[System.String]","System.Collections.Generic.List`1[System.Diagnostics.Eventing.Reader.EventProperty]"
"The Application Impact Telemetry (AIT) Agent is not running because AIT is disabled.","701","0",,"4","0","0","1152921504606846976","227","Microsoft-Windows-Application-Experience","eef54e71-0661-422d-9a98-82fd4940b820","Microsoft-Windows-Application-Experience/Program-Telemetry","3836","3268","rjaf-PC4429","S-1-5-18","9/19/2014 4:58:14 AM",,,"c:\users\mac_1\desktop\winevt\logs\microsoft-windows-application-experience%4program-telemetry.evtx","System.UInt32[]","System.Diagnostics.Eventing.Reader.EventBookmark","Information","Info",,"System.Collections.ObjectModel.ReadOnlyCollection`1[System.String]","System.Collections.Generic.List`1[System.Diagnostics.Eventing.Reader.EventProperty]"
"The Application Impact Telemetry (AIT) Agent is not running because AIT is disabled.","701","0",,"4","0","0","1152921504606846976","226","Microsoft-Windows-Application-Experience","eef54e71-0661-422d-9a98-82fd4940b820","Microsoft-Windows-Application-Experience/Program-Telemetry","1708","3440","rjaf-PC4429","S-1-5-18","9/18/2014 12:25:12 AM",,,"c:\users\mac_1\desktop\winevt\logs\microsoft-windows-application-experience%4program-telemetry.evtx","System.UInt32[]","System.Diagnostics.Eventing.Reader.EventBookmark","Information","Info",,"System.Collections.ObjectModel.ReadOnlyCollection`1[System.String]","System.Collections.Generic.List`1[System.Diagnostics.Eventing.Reader.EventProperty]"
"The Application Impact Telemetry (AIT) Agent is not running because AIT is disabled.","701","0",,"4","0","0","1152921504606846976","225","Microsoft-Windows-Application-Experience","eef54e71-0661-422d-9a98-82fd4940b820","Microsoft-Windows-Application-Experience/Program-Telemetry","2712","3600","rjaf-PC4429","S-1-5-18","9/17/2014 12:11:21 AM",,,"c:\users\mac_1\desktop\winevt\logs\microsoft-windows-application-experience%4program-telemetry.evtx","System.UInt32[]","System.Diagnostics.Eventing.Reader.EventBookmark","Information","Info",,"System.Collections.ObjectModel.ReadOnlyCollection`1[System.String]","System.Collections.Generic.List`1[System.Diagnostics.Eventing.Reader.EventProperty]"
"The Application Impact Telemetry (AIT) Agent is not running because AIT is disabled.","701","0",,"4","0","0","1152921504606846976","224","Microsoft-Windows-Application-Experience","eef54e71-0661-422d-9a98-82fd4940b820","Microsoft-Windows-Application-Experience/Program-Telemetry","1144","3412","rjaf-PC4429","S-1-5-18","9/16/2014 6:32:54 AM",,,"c:\users\mac_1\desktop\winevt\logs\microsoft-windows-application-experience%4program-telemetry.evtx","System.UInt32[]","System.Diagnostics.Eventing.Reader.EventBookmark","Information","Info",,"System.Collections.ObjectModel.ReadOnlyCollection`1[System.String]","System.Collections.Generic.List`1[System.Diagnostics.Eventing.Reader.EventProperty]"
"The Application Impact Telemetry (AIT) Agent is not running because AIT is disabled.","701","0",,"4","0","0","1152921504606846976","223","Microsoft-Windows-Application-Experience","eef54e71-0661-422d-9a98-82fd4940b820","Microsoft-Windows-Application-Experience/Program-Telemetry","3968","2580","rjaf-PC4429","S-1-5-18","9/15/2014 2:53:43 AM",,,"c:\users\mac_1\desktop\winevt\logs\microsoft-windows-application-experience%4program-telemetry.evtx","System.UInt32[]","System.Diagnostics.Eventing.Reader.EventBookmark","Information","Info",,"System.Collections.ObjectModel.ReadOnlyCollection`1[System.String]","System.Collections.Generic.List`1[System.Diagnostics.Eventing.Reader.EventProperty]"
"The Application Impact Telemetry (AIT) Agent is not running because AIT is disabled.","701","0",,"4","0","0","1152921504606846976","222","Microsoft-Windows-Application-Experience","eef54e71-0661-422d-9a98-82fd4940b820","Microsoft-Windows-Application-Experience/Program-Telemetry","1016","3856","rjaf-PC4429","S-1-5-18","9/14/2014 1:27:05 AM",,,"c:\users\mac_1\desktop\winevt\logs\microsoft-windows-application-experience%4program-telemetry.evtx","System.UInt32[]","System.Diagnostics.Eventing.Reader.EventBookmark","Information","Info",,"System.Collections.ObjectModel.ReadOnlyCollection`1[System.String]","System.Collections.Generic.List`1[System.Diagnostics.Eventing.Reader.EventProperty]"
"The Application Impact Telemetry (AIT) Agent is not running because AIT is disabled.","701","0",,"4","0","0","1152921504606846976","221","Microsoft-Windows-Application-Experience","eef54e71-0661-422d-9a98-82fd4940b820","Microsoft-Windows-Application-Experience/Program-Telemetry","3916","2380","rjaf-PC4429","S-1-5-18","9/11/2014 1:08:16 AM",,,"c:\users\mac_1\desktop\winevt\logs\microsoft-windows-application-experience%4program-telemetry.evtx","System.UInt32[]","System.Diagnostics.Eventing.Reader.EventBookmark","Information","Info",,"System.Collections.ObjectModel.ReadOnlyCollection`1[System.String]","System.Collections.Generic.List`1[System.Diagnostics.Eventing.Reader.EventProperty]"
"The Application Impact Telemetry (AIT) Agent is not running because AIT is disabled.","701","0",,"4","0","0","1152921504606846976","220","Microsoft-Windows-Application-Experience","eef54e71-0661-422d-9a98-82fd4940b820","Microsoft-Windows-Application-Experience/Program-Telemetry","2212","2320","rjaf-PC4429","S-1-5-18","9/8/2014 11:11:16 PM",,,"c:\users\mac_1\desktop\winevt\logs\microsoft-windows-application-experience%4program-telemetry.evtx","System.UInt32[]","System.Diagnostics.Eventing.Reader.EventBookmark","Information","Info",,"System.Collections.ObjectModel.ReadOnlyCollection`1[System.String]","System.Collections.Generic.List`1[System.Diagnostics.Eventing.Reader.EventProperty]"
"The Application Impact Telemetry (AIT) Agent is not running because AIT is disabled.","701","0",,"4","0","0","1152921504606846976","219","Microsoft-Windows-Application-Experience","eef54e71-0661-422d-9a98-82fd4940b820","Microsoft-Windows-Application-Experience/Program-Telemetry","3716","3580","rjaf-PC4429","S-1-5-18","9/8/2014 2:46:03 AM",,,"c:\users\mac_1\desktop\winevt\logs\microsoft-windows-application-experience%4program-telemetry.evtx","System.UInt32[]","System.Diagnostics.Eventing.Reader.EventBookmark","Information","Info",,"System.Collections.ObjectModel.ReadOnlyCollection`1[System.String]","System.Collections.Generic.List`1[System.Diagnostics.Eventing.Reader.EventProperty]"
"The Application Impact Telemetry (AIT) Agent is not running because AIT is disabled.","701","0",,"4","0","0","1152921504606846976","218","Microsoft-Windows-Application-Experience","eef54e71-0661-422d-9a98-82fd4940b820","Microsoft-Windows-Application-Experience/Program-Telemetry","320","372","rjaf-PC4429","S-1-5-18","9/7/2014 12:12:54 AM",,,"c:\users\mac_1\desktop\winevt\logs\microsoft-windows-application-experience%4program-telemetry.evtx","System.UInt32[]","System.Diagnostics.Eventing.Reader.EventBookmark","Information","Info",,"System.Collections.ObjectModel.ReadOnlyCollection`1[System.String]","System.Collections.Generic.List`1[System.Diagnostics.Eventing.Reader.EventProperty]"
"The Application Impact Telemetry (AIT) Agent is not running because AIT is disabled.","701","0",,"4","0","0","1152921504606846976","217","Microsoft-Windows-Application-Experience","eef54e71-0661-422d-9a98-82fd4940b820","Microsoft-Windows-Application-Experience/Program-Telemetry","2184","2816","rjaf-PC4429","S-1-5-18","9/3/2014 12:59:31 AM",,,"c:\users\mac_1\desktop\winevt\logs\microsoft-windows-application-experience%4program-telemetry.evtx","System.UInt32[]","System.Diagnostics.Eventing.Reader.EventBookmark","Information","Info",,"System.Collections.ObjectModel.ReadOnlyCollection`1[System.String]","System.Collections.Generic.List`1[System.Diagnostics.Eventing.Reader.EventProperty]"
"The Application Impact Telemetry (AIT) Agent is not running because AIT is disabled.","701","0",,"4","0","0","1152921504606846976","216","Microsoft-Windows-Application-Experience","eef54e71-0661-422d-9a98-82fd4940b820","Microsoft-Windows-Application-Experience/Program-Telemetry","3816","404","rjaf-PC4429","S-1-5-18","9/2/2014 3:33:07 AM",,,"c:\users\mac_1\desktop\winevt\logs\microsoft-windows-application-experience%4program-telemetry.evtx","System.UInt32[]","System.Diagnostics.Eventing.Reader.EventBookmark","Information","Info",,"System.Collections.ObjectModel.ReadOnlyCollection`1[System.String]","System.Collections.Generic.List`1[System.Diagnostics.Eventing.Reader.EventProperty]"
"The Application Impact Telemetry (AIT) Agent is not running because AIT is disabled.","701","0",,"4","0","0","1152921504606846976","215","Microsoft-Windows-Application-Experience","eef54e71-0661-422d-9a98-82fd4940b820","Microsoft-Windows-Application-Experience/Program-Telemetry","3768","3320","rjaf-PC4429","S-1-5-18","9/1/2014 6:46:09 AM",,,"c:\users\mac_1\desktop\winevt\logs\microsoft-windows-application-experience%4program-telemetry.evtx","System.UInt32[]","System.Diagnostics.Eventing.Reader.EventBookmark","Information","Info",,"System.Collections.ObjectModel.ReadOnlyCollection`1[System.String]","System.Collections.Generic.List`1[System.Diagnostics.Eventing.Reader.EventProperty]"
"The Application Impact Telemetry (AIT) Agent is not running because AIT is disabled.","701","0",,"4","0","0","1152921504606846976","214","Microsoft-Windows-Application-Experience","eef54e71-0661-422d-9a98-82fd4940b820","Microsoft-Windows-Application-Experience/Program-Telemetry","3316","3072","rjaf-PC4429","S-1-5-18","8/31/2014 12:25:34 AM",,,"c:\users\mac_1\desktop\winevt\logs\microsoft-windows-application-experience%4program-telemetry.evtx","System.UInt32[]","System.Diagnostics.Eventing.Reader.EventBookmark","Information","Info",,"System.Collections.ObjectModel.ReadOnlyCollection`1[System.String]","System.Collections.Generic.List`1[System.Diagnostics.Eventing.Reader.EventProperty]"
"The Application Impact Telemetry (AIT) Agent is not running because AIT is disabled.","701","0",,"4","0","0","1152921504606846976","213","Microsoft-Windows-Application-Experience","eef54e71-0661-422d-9a98-82fd4940b820","Microsoft-Windows-Application-Experience/Program-Telemetry","2112","3452","rjaf-PC4429","S-1-5-18","8/27/2014 1:01:38 PM",,,"c:\users\mac_1\desktop\winevt\logs\microsoft-windows-application-experience%4program-telemetry.evtx","System.UInt32[]","System.Diagnostics.Eventing.Reader.EventBookmark","Information","Info",,"System.Collections.ObjectModel.ReadOnlyCollection`1[System.String]","System.Collections.Generic.List`1[System.Diagnostics.Eventing.Reader.EventProperty]"
"The Application Impact Telemetry (AIT) Agent is not running because AIT is disabled.","701","0",,"4","0","0","1152921504606846976","212","Microsoft-Windows-Application-Experience","eef54e71-0661-422d-9a98-82fd4940b820","Microsoft-Windows-Application-Experience/Program-Telemetry","1960","3920","rjaf-PC4429","S-1-5-18","8/25/2014 12:52:22 AM",,,"c:\users\mac_1\desktop\winevt\logs\microsoft-windows-application-experience%4program-telemetry.evtx","System.UInt32[]","System.Diagnostics.Eventing.Reader.EventBookmark","Information","Info",,"System.Collections.ObjectModel.ReadOnlyCollection`1[System.String]","System.Collections.Generic.List`1[System.Diagnostics.Eventing.Reader.EventProperty]"
"The Application Impact Telemetry (AIT) Agent is not running because AIT is disabled.","701","0",,"4","0","0","1152921504606846976","211","Microsoft-Windows-Application-Experience","eef54e71-0661-422d-9a98-82fd4940b820","Microsoft-Windows-Application-Experience/Program-Telemetry","3736","2064","rjaf-PC4429","S-1-5-18","8/23/2014 11:38:22 PM",,,"c:\users\mac_1\desktop\winevt\logs\microsoft-windows-application-experience%4program-telemetry.evtx","System.UInt32[]","System.Diagnostics.Eventing.Reader.EventBookmark","Information","Info",,"System.Collections.ObjectModel.ReadOnlyCollection`1[System.String]","System.Collections.Generic.List`1[System.Diagnostics.Eventing.Reader.EventProperty]"
"The Application Impact Telemetry (AIT) Agent is not running because AIT is disabled.","701","0",,"4","0","0","1152921504606846976","210","Microsoft-Windows-Application-Experience","eef54e71-0661-422d-9a98-82fd4940b820","Microsoft-Windows-Application-Experience/Program-Telemetry","1228","1768","rjaf-PC4429","S-1-5-18","8/19/2014 11:37:13 PM",,,"c:\users\mac_1\desktop\winevt\logs\microsoft-windows-application-experience%4program-telemetry.evtx","System.UInt32[]","System.Diagnostics.Eventing.Reader.EventBookmark","Information","Info",,"System.Collections.ObjectModel.ReadOnlyCollection`1[System.String]","System.Collections.Generic.List`1[System.Diagnostics.Eventing.Reader.EventProperty]"
"The Application Impact Telemetry (AIT) Agent is not running because AIT is disabled.","701","0",,"4","0","0","1152921504606846976","209","Microsoft-Windows-Application-Experience","eef54e71-0661-422d-9a98-82fd4940b820","Microsoft-Windows-Application-Experience/Program-Telemetry","2044","344","rjaf-PC4429","S-1-5-18","8/19/2014 12:53:49 PM",,,"c:\users\mac_1\desktop\winevt\logs\microsoft-windows-application-experience%4program-telemetry.evtx","System.UInt32[]","System.Diagnostics.Eventing.Reader.EventBookmark","Information","Info",,"System.Collections.ObjectModel.ReadOnlyCollection`1[System.String]","System.Collections.Generic.List`1[System.Diagnostics.Eventing.Reader.EventProperty]"
"The Application Impact Telemetry (AIT) Agent is not running because AIT is disabled.","701","0",,"4","0","0","1152921504606846976","208","Microsoft-Windows-Application-Experience","eef54e71-0661-422d-9a98-82fd4940b820","Microsoft-Windows-Application-Experience/Program-Telemetry","1336","2428","rjaf-PC4429","S-1-5-18","8/18/2014 2:54:32 AM",,,"c:\users\mac_1\desktop\winevt\logs\microsoft-windows-application-experience%4program-telemetry.evtx","System.UInt32[]","System.Diagnostics.Eventing.Reader.EventBookmark","Information","Info",,"System.Collections.ObjectModel.ReadOnlyCollection`1[System.String]","System.Collections.Generic.List`1[System.Diagnostics.Eventing.Reader.EventProperty]"
"The Application Impact Telemetry (AIT) Agent is not running because AIT is disabled.","701","0",,"4","0","0","1152921504606846976","207","Microsoft-Windows-Application-Experience","eef54e71-0661-422d-9a98-82fd4940b820","Microsoft-Windows-Application-Experience/Program-Telemetry","3136","2844","rjaf-PC4429","S-1-5-18","8/17/2014 2:43:07 AM",,,"c:\users\mac_1\desktop\winevt\logs\microsoft-windows-application-experience%4program-telemetry.evtx","System.UInt32[]","System.Diagnostics.Eventing.Reader.EventBookmark","Information","Info",,"System.Collections.ObjectModel.ReadOnlyCollection`1[System.String]","System.Collections.Generic.List`1[System.Diagnostics.Eventing.Reader.EventProperty]"
"The Application Impact Telemetry (AIT) Agent is not running because AIT is disabled.","701","0",,"4","0","0","1152921504606846976","206","Microsoft-Windows-Application-Experience","eef54e71-0661-422d-9a98-82fd4940b820","Microsoft-Windows-Application-Experience/Program-Telemetry","1868","3100","rjaf-PC4429","S-1-5-18","8/15/2014 4:30:00 PM",,,"c:\users\mac_1\desktop\winevt\logs\microsoft-windows-application-experience%4program-telemetry.evtx","System.UInt32[]","System.Diagnostics.Eventing.Reader.EventBookmark","Information","Info",,"System.Collections.ObjectModel.ReadOnlyCollection`1[System.String]","System.Collections.Generic.List`1[System.Diagnostics.Eventing.Reader.EventProperty]"
"The Application Impact Telemetry (AIT) Agent is not running because AIT is disabled.","701","0",,"4","0","0","1152921504606846976","205","Microsoft-Windows-Application-Experience","eef54e71-0661-422d-9a98-82fd4940b820","Microsoft-Windows-Application-Experience/Program-Telemetry","3188","3612","rjaf-PC4429","S-1-5-18","8/15/2014 12:57:31 AM",,,"c:\users\mac_1\desktop\winevt\logs\microsoft-windows-application-experience%4program-telemetry.evtx","System.UInt32[]","System.Diagnostics.Eventing.Reader.EventBookmark","Information","Info",,"System.Collections.ObjectModel.ReadOnlyCollection`1[System.String]","System.Collections.Generic.List`1[System.Diagnostics.Eventing.Reader.EventProperty]"
"The Application Impact Telemetry (AIT) Agent is not running because AIT is disabled.","701","0",,"4","0","0","1152921504606846976","204","Microsoft-Windows-Application-Experience","eef54e71-0661-422d-9a98-82fd4940b820","Microsoft-Windows-Application-Experience/Program-Telemetry","1264","2984","rjaf-PC4429","S-1-5-18","8/13/2014 4:30:00 PM",,,"c:\users\mac_1\desktop\winevt\logs\microsoft-windows-application-experience%4program-telemetry.evtx","System.UInt32[]","System.Diagnostics.Eventing.Reader.EventBookmark","Information","Info",,"System.Collections.ObjectModel.ReadOnlyCollection`1[System.String]","System.Collections.Generic.List`1[System.Diagnostics.Eventing.Reader.EventProperty]"
"The Application Impact Telemetry (AIT) Agent is not running because AIT is disabled.","701","0",,"4","0","0","1152921504606846976","203","Microsoft-Windows-Application-Experience","eef54e71-0661-422d-9a98-82fd4940b820","Microsoft-Windows-Application-Experience/Program-Telemetry","3868","1740","rjaf-PC4429","S-1-5-18","8/12/2014 11:45:18 PM",,,"c:\users\mac_1\desktop\winevt\logs\microsoft-windows-application-experience%4program-telemetry.evtx","System.UInt32[]","System.Diagnostics.Eventing.Reader.EventBookmark","Information","Info",,"System.Collections.ObjectModel.ReadOnlyCollection`1[System.String]","System.Collections.Generic.List`1[System.Diagnostics.Eventing.Reader.EventProperty]"
"The Application Impact Telemetry (AIT) Agent is not running because AIT is disabled.","701","0",,"4","0","0","1152921504606846976","202","Microsoft-Windows-Application-Experience","eef54e71-0661-422d-9a98-82fd4940b820","Microsoft-Windows-Application-Experience/Program-Telemetry","3048","2916","rjaf-PC4429","S-1-5-18","8/11/2014 4:30:00 PM",,,"c:\users\mac_1\desktop\winevt\logs\microsoft-windows-application-experience%4program-telemetry.evtx","System.UInt32[]","System.Diagnostics.Eventing.Reader.EventBookmark","Information","Info",,"System.Collections.ObjectModel.ReadOnlyCollection`1[System.String]","System.Collections.Generic.List`1[System.Diagnostics.Eventing.Reader.EventProperty]"
