"Possible heap corruption detected (exception code 3221225477). Initiating further diagnostics.","2","0",,"4","0","0","-9222246136947933184","288","Microsoft-Windows-WER-Diag","ad8aa069-a01b-40a0-ba40-948d1d8dedc5","Microsoft-Windows-WER-Diag/Operational","4800","3404","rjaf-PC4429","S-1-5-21-1634558665-2257203147-3060767804-1000","6/5/2015 1:35:32 AM",,,"c:\users\mac_1\desktop\winevt\logs\microsoft-windows-wer-diag%4operational.evtx","System.UInt32[]","System.Diagnostics.Eventing.Reader.EventBookmark","Information","Info",,"System.Collections.ObjectModel.ReadOnlyCollection`1[System.String]","System.Collections.Generic.List`1[System.Diagnostics.Eventing.Reader.EventProperty]"
"Possible heap corruption detected (exception code 3221225477). Initiating further diagnostics.","2","0",,"4","0","0","-9222246136947933184","287","Microsoft-Windows-WER-Diag","ad8aa069-a01b-40a0-ba40-948d1d8dedc5","Microsoft-Windows-WER-Diag/Operational","5832","5736","rjaf-PC4429","S-1-5-21-1634558665-2257203147-3060767804-1000","6/5/2015 1:35:22 AM",,,"c:\users\mac_1\desktop\winevt\logs\microsoft-windows-wer-diag%4operational.evtx","System.UInt32[]","System.Diagnostics.Eventing.Reader.EventBookmark","Information","Info",,"System.Collections.ObjectModel.ReadOnlyCollection`1[System.String]","System.Collections.Generic.List`1[System.Diagnostics.Eventing.Reader.EventProperty]"
"Possible heap corruption detected (exception code 3221225477). Initiating further diagnostics.","2","0",,"4","0","0","-9222246136947933184","286","Microsoft-Windows-WER-Diag","ad8aa069-a01b-40a0-ba40-948d1d8dedc5","Microsoft-Windows-WER-Diag/Operational","3840","5260","rjaf-PC4429","S-1-5-21-1634558665-2257203147-3060767804-1000","6/5/2015 1:35:12 AM",,,"c:\users\mac_1\desktop\winevt\logs\microsoft-windows-wer-diag%4operational.evtx","System.UInt32[]","System.Diagnostics.Eventing.Reader.EventBookmark","Information","Info",,"System.Collections.ObjectModel.ReadOnlyCollection`1[System.String]","System.Collections.Generic.List`1[System.Diagnostics.Eventing.Reader.EventProperty]"
"Possible heap corruption detected (exception code 3221225477). Initiating further diagnostics.","2","0",,"4","0","0","-9222246136947933184","285","Microsoft-Windows-WER-Diag","ad8aa069-a01b-40a0-ba40-948d1d8dedc5","Microsoft-Windows-WER-Diag/Operational","5496","2364","rjaf-PC4429","S-1-5-21-1634558665-2257203147-3060767804-1000","6/5/2015 1:05:08 AM",,,"c:\users\mac_1\desktop\winevt\logs\microsoft-windows-wer-diag%4operational.evtx","System.UInt32[]","System.Diagnostics.Eventing.Reader.EventBookmark","Information","Info",,"System.Collections.ObjectModel.ReadOnlyCollection`1[System.String]","System.Collections.Generic.List`1[System.Diagnostics.Eventing.Reader.EventProperty]"
"Possible heap corruption detected (exception code 3221225477). Initiating further diagnostics.","2","0",,"4","0","0","-9222246136947933184","284","Microsoft-Windows-WER-Diag","ad8aa069-a01b-40a0-ba40-948d1d8dedc5","Microsoft-Windows-WER-Diag/Operational","5932","4232","rjaf-PC4429","S-1-5-21-1634558665-2257203147-3060767804-1000","6/4/2015 11:19:38 PM",,,"c:\users\mac_1\desktop\winevt\logs\microsoft-windows-wer-diag%4operational.evtx","System.UInt32[]","System.Diagnostics.Eventing.Reader.EventBookmark","Information","Info",,"System.Collections.ObjectModel.ReadOnlyCollection`1[System.String]","System.Collections.Generic.List`1[System.Diagnostics.Eventing.Reader.EventProperty]"
"Possible heap corruption detected (exception code 3221225477). Initiating further diagnostics.","2","0",,"4","0","0","-9222246136947933184","283","Microsoft-Windows-WER-Diag","ad8aa069-a01b-40a0-ba40-948d1d8dedc5","Microsoft-Windows-WER-Diag/Operational","2388","5148","rjaf-PC4429","S-1-5-21-1634558665-2257203147-3060767804-1000","6/4/2015 11:19:33 PM",,,"c:\users\mac_1\desktop\winevt\logs\microsoft-windows-wer-diag%4operational.evtx","System.UInt32[]","System.Diagnostics.Eventing.Reader.EventBookmark","Information","Info",,"System.Collections.ObjectModel.ReadOnlyCollection`1[System.String]","System.Collections.Generic.List`1[System.Diagnostics.Eventing.Reader.EventProperty]"
"Possible heap corruption detected (exception code 3221225477). Initiating further diagnostics.","2","0",,"4","0","0","-9222246136947933184","282","Microsoft-Windows-WER-Diag","ad8aa069-a01b-40a0-ba40-948d1d8dedc5","Microsoft-Windows-WER-Diag/Operational","5488","4224","rjaf-PC4429","S-1-5-21-1634558665-2257203147-3060767804-1000","6/4/2015 11:19:24 PM",,,"c:\users\mac_1\desktop\winevt\logs\microsoft-windows-wer-diag%4operational.evtx","System.UInt32[]","System.Diagnostics.Eventing.Reader.EventBookmark","Information","Info",,"System.Collections.ObjectModel.ReadOnlyCollection`1[System.String]","System.Collections.Generic.List`1[System.Diagnostics.Eventing.Reader.EventProperty]"
"Possible heap corruption detected (exception code 3221225477). Initiating further diagnostics.","2","0",,"4","0","0","-9222246136947933184","281","Microsoft-Windows-WER-Diag","ad8aa069-a01b-40a0-ba40-948d1d8dedc5","Microsoft-Windows-WER-Diag/Operational","3392","3388","rjaf-PC4429","S-1-5-21-1634558665-2257203147-3060767804-1000","6/4/2015 11:19:14 PM",,,"c:\users\mac_1\desktop\winevt\logs\microsoft-windows-wer-diag%4operational.evtx","System.UInt32[]","System.Diagnostics.Eventing.Reader.EventBookmark","Information","Info",,"System.Collections.ObjectModel.ReadOnlyCollection`1[System.String]","System.Collections.Generic.List`1[System.Diagnostics.Eventing.Reader.EventProperty]"
"Possible heap corruption detected (exception code 3221225477). Initiating further diagnostics.","2","0",,"4","0","0","-9222246136947933184","280","Microsoft-Windows-WER-Diag","ad8aa069-a01b-40a0-ba40-948d1d8dedc5","Microsoft-Windows-WER-Diag/Operational","3088","3264","rjaf-PC4429","S-1-5-21-1634558665-2257203147-3060767804-1000","6/4/2015 11:02:48 PM",,,"c:\users\mac_1\desktop\winevt\logs\microsoft-windows-wer-diag%4operational.evtx","System.UInt32[]","System.Diagnostics.Eventing.Reader.EventBookmark","Information","Info",,"System.Collections.ObjectModel.ReadOnlyCollection`1[System.String]","System.Collections.Generic.List`1[System.Diagnostics.Eventing.Reader.EventProperty]"
"Possible heap corruption detected (exception code 3221225477). Initiating further diagnostics.","2","0",,"4","0","0","-9222246136947933184","279","Microsoft-Windows-WER-Diag","ad8aa069-a01b-40a0-ba40-948d1d8dedc5","Microsoft-Windows-WER-Diag/Operational","4588","928","rjaf-PC4429","S-1-5-21-1634558665-2257203147-3060767804-1000","6/4/2015 10:49:02 PM",,,"c:\users\mac_1\desktop\winevt\logs\microsoft-windows-wer-diag%4operational.evtx","System.UInt32[]","System.Diagnostics.Eventing.Reader.EventBookmark","Information","Info",,"System.Collections.ObjectModel.ReadOnlyCollection`1[System.String]","System.Collections.Generic.List`1[System.Diagnostics.Eventing.Reader.EventProperty]"
"Possible heap corruption detected (exception code 3221225477). Initiating further diagnostics.","2","0",,"4","0","0","-9222246136947933184","278","Microsoft-Windows-WER-Diag","ad8aa069-a01b-40a0-ba40-948d1d8dedc5","Microsoft-Windows-WER-Diag/Operational","5028","4448","rjaf-PC4429","S-1-5-21-1634558665-2257203147-3060767804-1000","6/4/2015 10:48:52 PM",,,"c:\users\mac_1\desktop\winevt\logs\microsoft-windows-wer-diag%4operational.evtx","System.UInt32[]","System.Diagnostics.Eventing.Reader.EventBookmark","Information","Info",,"System.Collections.ObjectModel.ReadOnlyCollection`1[System.String]","System.Collections.Generic.List`1[System.Diagnostics.Eventing.Reader.EventProperty]"
"Possible heap corruption detected (exception code 3221225477). Initiating further diagnostics.","2","0",,"4","0","0","-9222246136947933184","277","Microsoft-Windows-WER-Diag","ad8aa069-a01b-40a0-ba40-948d1d8dedc5","Microsoft-Windows-WER-Diag/Operational","4676","4000","rjaf-PC4429","S-1-5-21-1634558665-2257203147-3060767804-1000","6/4/2015 10:31:20 PM",,,"c:\users\mac_1\desktop\winevt\logs\microsoft-windows-wer-diag%4operational.evtx","System.UInt32[]","System.Diagnostics.Eventing.Reader.EventBookmark","Information","Info",,"System.Collections.ObjectModel.ReadOnlyCollection`1[System.String]","System.Collections.Generic.List`1[System.Diagnostics.Eventing.Reader.EventProperty]"
"Possible heap corruption detected (exception code 3221225477). Initiating further diagnostics.","2","0",,"4","0","0","-9222246136947933184","276","Microsoft-Windows-WER-Diag","ad8aa069-a01b-40a0-ba40-948d1d8dedc5","Microsoft-Windows-WER-Diag/Operational","3428","2300","rjaf-PC4429","S-1-5-21-1634558665-2257203147-3060767804-1000","6/4/2015 10:18:43 PM",,,"c:\users\mac_1\desktop\winevt\logs\microsoft-windows-wer-diag%4operational.evtx","System.UInt32[]","System.Diagnostics.Eventing.Reader.EventBookmark","Information","Info",,"System.Collections.ObjectModel.ReadOnlyCollection`1[System.String]","System.Collections.Generic.List`1[System.Diagnostics.Eventing.Reader.EventProperty]"
"Possible heap corruption detected (exception code 3221225477). Initiating further diagnostics.","2","0",,"4","0","0","-9222246136947933184","275","Microsoft-Windows-WER-Diag","ad8aa069-a01b-40a0-ba40-948d1d8dedc5","Microsoft-Windows-WER-Diag/Operational","1176","1184","rjaf-PC4429","S-1-5-21-1634558665-2257203147-3060767804-1000","6/4/2015 10:18:36 PM",,,"c:\users\mac_1\desktop\winevt\logs\microsoft-windows-wer-diag%4operational.evtx","System.UInt32[]","System.Diagnostics.Eventing.Reader.EventBookmark","Information","Info",,"System.Collections.ObjectModel.ReadOnlyCollection`1[System.String]","System.Collections.Generic.List`1[System.Diagnostics.Eventing.Reader.EventProperty]"
"Possible heap corruption detected (exception code 3221225477). Initiating further diagnostics.","2","0",,"4","0","0","-9222246136947933184","274","Microsoft-Windows-WER-Diag","ad8aa069-a01b-40a0-ba40-948d1d8dedc5","Microsoft-Windows-WER-Diag/Operational","2412","2372","rjaf-PC4429","S-1-5-21-1634558665-2257203147-3060767804-1000","6/4/2015 10:18:28 PM",,,"c:\users\mac_1\desktop\winevt\logs\microsoft-windows-wer-diag%4operational.evtx","System.UInt32[]","System.Diagnostics.Eventing.Reader.EventBookmark","Information","Info",,"System.Collections.ObjectModel.ReadOnlyCollection`1[System.String]","System.Collections.Generic.List`1[System.Diagnostics.Eventing.Reader.EventProperty]"
"Possible heap corruption detected (exception code 3221225477). Initiating further diagnostics.","2","0",,"4","0","0","-9222246136947933184","273","Microsoft-Windows-WER-Diag","ad8aa069-a01b-40a0-ba40-948d1d8dedc5","Microsoft-Windows-WER-Diag/Operational","6080","1636","rjaf-PC4429","S-1-5-21-1634558665-2257203147-3060767804-1000","6/4/2015 8:50:19 AM",,,"c:\users\mac_1\desktop\winevt\logs\microsoft-windows-wer-diag%4operational.evtx","System.UInt32[]","System.Diagnostics.Eventing.Reader.EventBookmark","Information","Info",,"System.Collections.ObjectModel.ReadOnlyCollection`1[System.String]","System.Collections.Generic.List`1[System.Diagnostics.Eventing.Reader.EventProperty]"
"Possible heap corruption detected (exception code 3221225477). Initiating further diagnostics.","2","0",,"4","0","0","-9222246136947933184","272","Microsoft-Windows-WER-Diag","ad8aa069-a01b-40a0-ba40-948d1d8dedc5","Microsoft-Windows-WER-Diag/Operational","5336","6076","rjaf-PC4429","S-1-5-21-1634558665-2257203147-3060767804-1000","6/4/2015 7:30:35 AM",,,"c:\users\mac_1\desktop\winevt\logs\microsoft-windows-wer-diag%4operational.evtx","System.UInt32[]","System.Diagnostics.Eventing.Reader.EventBookmark","Information","Info",,"System.Collections.ObjectModel.ReadOnlyCollection`1[System.String]","System.Collections.Generic.List`1[System.Diagnostics.Eventing.Reader.EventProperty]"
"Possible heap corruption detected (exception code 3221225477). Initiating further diagnostics.","2","0",,"4","0","0","-9222246136947933184","271","Microsoft-Windows-WER-Diag","ad8aa069-a01b-40a0-ba40-948d1d8dedc5","Microsoft-Windows-WER-Diag/Operational","5308","4884","rjaf-PC4429","S-1-5-21-1634558665-2257203147-3060767804-1000","6/4/2015 7:16:37 AM",,,"c:\users\mac_1\desktop\winevt\logs\microsoft-windows-wer-diag%4operational.evtx","System.UInt32[]","System.Diagnostics.Eventing.Reader.EventBookmark","Information","Info",,"System.Collections.ObjectModel.ReadOnlyCollection`1[System.String]","System.Collections.Generic.List`1[System.Diagnostics.Eventing.Reader.EventProperty]"
"Possible heap corruption detected (exception code 3221225477). Initiating further diagnostics.","2","0",,"4","0","0","-9222246136947933184","270","Microsoft-Windows-WER-Diag","ad8aa069-a01b-40a0-ba40-948d1d8dedc5","Microsoft-Windows-WER-Diag/Operational","3708","5004","rjaf-PC4429","S-1-5-21-1634558665-2257203147-3060767804-1000","6/4/2015 1:52:15 AM",,,"c:\users\mac_1\desktop\winevt\logs\microsoft-windows-wer-diag%4operational.evtx","System.UInt32[]","System.Diagnostics.Eventing.Reader.EventBookmark","Information","Info",,"System.Collections.ObjectModel.ReadOnlyCollection`1[System.String]","System.Collections.Generic.List`1[System.Diagnostics.Eventing.Reader.EventProperty]"
"Possible heap corruption detected (exception code 3221225477). Initiating further diagnostics.","2","0",,"4","0","0","-9222246136947933184","269","Microsoft-Windows-WER-Diag","ad8aa069-a01b-40a0-ba40-948d1d8dedc5","Microsoft-Windows-WER-Diag/Operational","3832","3092","rjaf-PC4429","S-1-5-21-1634558665-2257203147-3060767804-1000","6/3/2015 11:51:51 PM",,,"c:\users\mac_1\desktop\winevt\logs\microsoft-windows-wer-diag%4operational.evtx","System.UInt32[]","System.Diagnostics.Eventing.Reader.EventBookmark","Information","Info",,"System.Collections.ObjectModel.ReadOnlyCollection`1[System.String]","System.Collections.Generic.List`1[System.Diagnostics.Eventing.Reader.EventProperty]"
"Possible heap corruption detected (exception code 3221225477). Initiating further diagnostics.","2","0",,"4","0","0","-9222246136947933184","268","Microsoft-Windows-WER-Diag","ad8aa069-a01b-40a0-ba40-948d1d8dedc5","Microsoft-Windows-WER-Diag/Operational","2756","3944","rjaf-PC4429","S-1-5-21-1634558665-2257203147-3060767804-1000","6/3/2015 11:21:29 PM",,,"c:\users\mac_1\desktop\winevt\logs\microsoft-windows-wer-diag%4operational.evtx","System.UInt32[]","System.Diagnostics.Eventing.Reader.EventBookmark","Information","Info",,"System.Collections.ObjectModel.ReadOnlyCollection`1[System.String]","System.Collections.Generic.List`1[System.Diagnostics.Eventing.Reader.EventProperty]"
"Possible heap corruption detected (exception code 3221225477). Initiating further diagnostics.","2","0",,"4","0","0","-9222246136947933184","267","Microsoft-Windows-WER-Diag","ad8aa069-a01b-40a0-ba40-948d1d8dedc5","Microsoft-Windows-WER-Diag/Operational","4256","5944","rjaf-PC4429","S-1-5-21-1634558665-2257203147-3060767804-1000","6/3/2015 10:51:13 PM",,,"c:\users\mac_1\desktop\winevt\logs\microsoft-windows-wer-diag%4operational.evtx","System.UInt32[]","System.Diagnostics.Eventing.Reader.EventBookmark","Information","Info",,"System.Collections.ObjectModel.ReadOnlyCollection`1[System.String]","System.Collections.Generic.List`1[System.Diagnostics.Eventing.Reader.EventProperty]"
"Possible heap corruption detected (exception code 3221225477). Initiating further diagnostics.","2","0",,"4","0","0","-9222246136947933184","266","Microsoft-Windows-WER-Diag","ad8aa069-a01b-40a0-ba40-948d1d8dedc5","Microsoft-Windows-WER-Diag/Operational","1436","5656","rjaf-PC4429","S-1-5-21-1634558665-2257203147-3060767804-1000","6/3/2015 10:21:06 PM",,,"c:\users\mac_1\desktop\winevt\logs\microsoft-windows-wer-diag%4operational.evtx","System.UInt32[]","System.Diagnostics.Eventing.Reader.EventBookmark","Information","Info",,"System.Collections.ObjectModel.ReadOnlyCollection`1[System.String]","System.Collections.Generic.List`1[System.Diagnostics.Eventing.Reader.EventProperty]"
"Possible heap corruption detected (exception code 3221225477). Initiating further diagnostics.","2","0",,"4","0","0","-9222246136947933184","265","Microsoft-Windows-WER-Diag","ad8aa069-a01b-40a0-ba40-948d1d8dedc5","Microsoft-Windows-WER-Diag/Operational","2896","5124","rjaf-PC4429","S-1-5-21-1634558665-2257203147-3060767804-1000","6/3/2015 10:21:00 PM",,,"c:\users\mac_1\desktop\winevt\logs\microsoft-windows-wer-diag%4operational.evtx","System.UInt32[]","System.Diagnostics.Eventing.Reader.EventBookmark","Information","Info",,"System.Collections.ObjectModel.ReadOnlyCollection`1[System.String]","System.Collections.Generic.List`1[System.Diagnostics.Eventing.Reader.EventProperty]"
"Possible heap corruption detected (exception code 3221225477). Initiating further diagnostics.","2","0",,"4","0","0","-9222246136947933184","264","Microsoft-Windows-WER-Diag","ad8aa069-a01b-40a0-ba40-948d1d8dedc5","Microsoft-Windows-WER-Diag/Operational","2200","4864","rjaf-PC4429","S-1-5-21-1634558665-2257203147-3060767804-1000","6/3/2015 10:20:54 PM",,,"c:\users\mac_1\desktop\winevt\logs\microsoft-windows-wer-diag%4operational.evtx","System.UInt32[]","System.Diagnostics.Eventing.Reader.EventBookmark","Information","Info",,"System.Collections.ObjectModel.ReadOnlyCollection`1[System.String]","System.Collections.Generic.List`1[System.Diagnostics.Eventing.Reader.EventProperty]"
"Possible heap corruption detected (exception code 3221225477). Initiating further diagnostics.","2","0",,"4","0","0","-9222246136947933184","263","Microsoft-Windows-WER-Diag","ad8aa069-a01b-40a0-ba40-948d1d8dedc5","Microsoft-Windows-WER-Diag/Operational","6072","2332","rjaf-PC4429","S-1-5-21-1634558665-2257203147-3060767804-1000","6/3/2015 9:42:21 AM",,,"c:\users\mac_1\desktop\winevt\logs\microsoft-windows-wer-diag%4operational.evtx","System.UInt32[]","System.Diagnostics.Eventing.Reader.EventBookmark","Information","Info",,"System.Collections.ObjectModel.ReadOnlyCollection`1[System.String]","System.Collections.Generic.List`1[System.Diagnostics.Eventing.Reader.EventProperty]"
"Possible heap corruption detected (exception code 3221225477). Initiating further diagnostics.","2","0",,"4","0","0","-9222246136947933184","262","Microsoft-Windows-WER-Diag","ad8aa069-a01b-40a0-ba40-948d1d8dedc5","Microsoft-Windows-WER-Diag/Operational","5976","4108","rjaf-PC4429","S-1-5-21-1634558665-2257203147-3060767804-1000","6/3/2015 5:05:57 AM",,,"c:\users\mac_1\desktop\winevt\logs\microsoft-windows-wer-diag%4operational.evtx","System.UInt32[]","System.Diagnostics.Eventing.Reader.EventBookmark","Information","Info",,"System.Collections.ObjectModel.ReadOnlyCollection`1[System.String]","System.Collections.Generic.List`1[System.Diagnostics.Eventing.Reader.EventProperty]"
"Possible heap corruption detected (exception code 3221225477). Initiating further diagnostics.","2","0",,"4","0","0","-9222246136947933184","261","Microsoft-Windows-WER-Diag","ad8aa069-a01b-40a0-ba40-948d1d8dedc5","Microsoft-Windows-WER-Diag/Operational","3368","5040","rjaf-PC4429","S-1-5-21-1634558665-2257203147-3060767804-1000","6/3/2015 4:35:41 AM",,,"c:\users\mac_1\desktop\winevt\logs\microsoft-windows-wer-diag%4operational.evtx","System.UInt32[]","System.Diagnostics.Eventing.Reader.EventBookmark","Information","Info",,"System.Collections.ObjectModel.ReadOnlyCollection`1[System.String]","System.Collections.Generic.List`1[System.Diagnostics.Eventing.Reader.EventProperty]"
"Possible heap corruption detected (exception code 3221225477). Initiating further diagnostics.","2","0",,"4","0","0","-9222246136947933184","260","Microsoft-Windows-WER-Diag","ad8aa069-a01b-40a0-ba40-948d1d8dedc5","Microsoft-Windows-WER-Diag/Operational","1940","3340","rjaf-PC4429","S-1-5-21-1634558665-2257203147-3060767804-1000","6/2/2015 5:51:35 AM",,,"c:\users\mac_1\desktop\winevt\logs\microsoft-windows-wer-diag%4operational.evtx","System.UInt32[]","System.Diagnostics.Eventing.Reader.EventBookmark","Information","Info",,"System.Collections.ObjectModel.ReadOnlyCollection`1[System.String]","System.Collections.Generic.List`1[System.Diagnostics.Eventing.Reader.EventProperty]"
"Possible heap corruption detected (exception code 3221225477). Initiating further diagnostics.","2","0",,"4","0","0","-9222246136947933184","259","Microsoft-Windows-WER-Diag","ad8aa069-a01b-40a0-ba40-948d1d8dedc5","Microsoft-Windows-WER-Diag/Operational","5304","4600","rjaf-PC4429","S-1-5-21-1634558665-2257203147-3060767804-1000","6/2/2015 5:51:24 AM",,,"c:\users\mac_1\desktop\winevt\logs\microsoft-windows-wer-diag%4operational.evtx","System.UInt32[]","System.Diagnostics.Eventing.Reader.EventBookmark","Information","Info",,"System.Collections.ObjectModel.ReadOnlyCollection`1[System.String]","System.Collections.Generic.List`1[System.Diagnostics.Eventing.Reader.EventProperty]"
"Possible heap corruption detected (exception code 3221225477). Initiating further diagnostics.","2","0",,"4","0","0","-9222246136947933184","258","Microsoft-Windows-WER-Diag","ad8aa069-a01b-40a0-ba40-948d1d8dedc5","Microsoft-Windows-WER-Diag/Operational","1632","5084","rjaf-PC4429","S-1-5-21-1634558665-2257203147-3060767804-1000","6/2/2015 12:50:54 AM",,,"c:\users\mac_1\desktop\winevt\logs\microsoft-windows-wer-diag%4operational.evtx","System.UInt32[]","System.Diagnostics.Eventing.Reader.EventBookmark","Information","Info",,"System.Collections.ObjectModel.ReadOnlyCollection`1[System.String]","System.Collections.Generic.List`1[System.Diagnostics.Eventing.Reader.EventProperty]"
"Possible heap corruption detected (exception code 3221225477). Initiating further diagnostics.","2","0",,"4","0","0","-9222246136947933184","257","Microsoft-Windows-WER-Diag","ad8aa069-a01b-40a0-ba40-948d1d8dedc5","Microsoft-Windows-WER-Diag/Operational","3372","3376","rjaf-PC4429","S-1-5-21-1634558665-2257203147-3060767804-1000","6/1/2015 10:28:15 PM",,,"c:\users\mac_1\desktop\winevt\logs\microsoft-windows-wer-diag%4operational.evtx","System.UInt32[]","System.Diagnostics.Eventing.Reader.EventBookmark","Information","Info",,"System.Collections.ObjectModel.ReadOnlyCollection`1[System.String]","System.Collections.Generic.List`1[System.Diagnostics.Eventing.Reader.EventProperty]"
"Possible heap corruption detected (exception code 3221225477). Initiating further diagnostics.","2","0",,"4","0","0","-9222246136947933184","256","Microsoft-Windows-WER-Diag","ad8aa069-a01b-40a0-ba40-948d1d8dedc5","Microsoft-Windows-WER-Diag/Operational","2148","1548","rjaf-PC4429","S-1-5-21-1634558665-2257203147-3060767804-1000","6/1/2015 5:47:32 AM",,,"c:\users\mac_1\desktop\winevt\logs\microsoft-windows-wer-diag%4operational.evtx","System.UInt32[]","System.Diagnostics.Eventing.Reader.EventBookmark","Information","Info",,"System.Collections.ObjectModel.ReadOnlyCollection`1[System.String]","System.Collections.Generic.List`1[System.Diagnostics.Eventing.Reader.EventProperty]"
"Possible heap corruption detected (exception code 3221225477). Initiating further diagnostics.","2","0",,"4","0","0","-9222246136947933184","255","Microsoft-Windows-WER-Diag","ad8aa069-a01b-40a0-ba40-948d1d8dedc5","Microsoft-Windows-WER-Diag/Operational","6116","5432","rjaf-PC4429","S-1-5-21-1634558665-2257203147-3060767804-1000","6/1/2015 4:47:18 AM",,,"c:\users\mac_1\desktop\winevt\logs\microsoft-windows-wer-diag%4operational.evtx","System.UInt32[]","System.Diagnostics.Eventing.Reader.EventBookmark","Information","Info",,"System.Collections.ObjectModel.ReadOnlyCollection`1[System.String]","System.Collections.Generic.List`1[System.Diagnostics.Eventing.Reader.EventProperty]"
"Possible heap corruption detected (exception code 3221225477). Initiating further diagnostics.","2","0",,"4","0","0","-9222246136947933184","254","Microsoft-Windows-WER-Diag","ad8aa069-a01b-40a0-ba40-948d1d8dedc5","Microsoft-Windows-WER-Diag/Operational","2376","4836","rjaf-PC4429","S-1-5-21-1634558665-2257203147-3060767804-1000","6/1/2015 3:16:58 AM",,,"c:\users\mac_1\desktop\winevt\logs\microsoft-windows-wer-diag%4operational.evtx","System.UInt32[]","System.Diagnostics.Eventing.Reader.EventBookmark","Information","Info",,"System.Collections.ObjectModel.ReadOnlyCollection`1[System.String]","System.Collections.Generic.List`1[System.Diagnostics.Eventing.Reader.EventProperty]"
"Possible heap corruption detected (exception code 3221225477). Initiating further diagnostics.","2","0",,"4","0","0","-9222246136947933184","253","Microsoft-Windows-WER-Diag","ad8aa069-a01b-40a0-ba40-948d1d8dedc5","Microsoft-Windows-WER-Diag/Operational","5928","3060","rjaf-PC4429","S-1-5-21-1634558665-2257203147-3060767804-1000","6/1/2015 3:16:49 AM",,,"c:\users\mac_1\desktop\winevt\logs\microsoft-windows-wer-diag%4operational.evtx","System.UInt32[]","System.Diagnostics.Eventing.Reader.EventBookmark","Information","Info",,"System.Collections.ObjectModel.ReadOnlyCollection`1[System.String]","System.Collections.Generic.List`1[System.Diagnostics.Eventing.Reader.EventProperty]"
"Possible heap corruption detected (exception code 3221225477). Initiating further diagnostics.","2","0",,"4","0","0","-9222246136947933184","252","Microsoft-Windows-WER-Diag","ad8aa069-a01b-40a0-ba40-948d1d8dedc5","Microsoft-Windows-WER-Diag/Operational","5100","4384","rjaf-PC4429","S-1-5-21-1634558665-2257203147-3060767804-1000","6/1/2015 3:16:38 AM",,,"c:\users\mac_1\desktop\winevt\logs\microsoft-windows-wer-diag%4operational.evtx","System.UInt32[]","System.Diagnostics.Eventing.Reader.EventBookmark","Information","Info",,"System.Collections.ObjectModel.ReadOnlyCollection`1[System.String]","System.Collections.Generic.List`1[System.Diagnostics.Eventing.Reader.EventProperty]"
"Possible heap corruption detected (exception code 3221225477). Initiating further diagnostics.","2","0",,"4","0","0","-9222246136947933184","251","Microsoft-Windows-WER-Diag","ad8aa069-a01b-40a0-ba40-948d1d8dedc5","Microsoft-Windows-WER-Diag/Operational","5120","5716","rjaf-PC4429","S-1-5-21-1634558665-2257203147-3060767804-1000","6/1/2015 2:46:29 AM",,,"c:\users\mac_1\desktop\winevt\logs\microsoft-windows-wer-diag%4operational.evtx","System.UInt32[]","System.Diagnostics.Eventing.Reader.EventBookmark","Information","Info",,"System.Collections.ObjectModel.ReadOnlyCollection`1[System.String]","System.Collections.Generic.List`1[System.Diagnostics.Eventing.Reader.EventProperty]"
"Possible heap corruption detected (exception code 3221225477). Initiating further diagnostics.","2","0",,"4","0","0","-9222246136947933184","250","Microsoft-Windows-WER-Diag","ad8aa069-a01b-40a0-ba40-948d1d8dedc5","Microsoft-Windows-WER-Diag/Operational","5420","6036","rjaf-PC4429","S-1-5-21-1634558665-2257203147-3060767804-1000","6/1/2015 2:46:20 AM",,,"c:\users\mac_1\desktop\winevt\logs\microsoft-windows-wer-diag%4operational.evtx","System.UInt32[]","System.Diagnostics.Eventing.Reader.EventBookmark","Information","Info",,"System.Collections.ObjectModel.ReadOnlyCollection`1[System.String]","System.Collections.Generic.List`1[System.Diagnostics.Eventing.Reader.EventProperty]"
"Possible heap corruption detected (exception code 3221225477). Initiating further diagnostics.","2","0",,"4","0","0","-9222246136947933184","249","Microsoft-Windows-WER-Diag","ad8aa069-a01b-40a0-ba40-948d1d8dedc5","Microsoft-Windows-WER-Diag/Operational","4816","1676","rjaf-PC4429","S-1-5-21-1634558665-2257203147-3060767804-1000","6/1/2015 2:46:14 AM",,,"c:\users\mac_1\desktop\winevt\logs\microsoft-windows-wer-diag%4operational.evtx","System.UInt32[]","System.Diagnostics.Eventing.Reader.EventBookmark","Information","Info",,"System.Collections.ObjectModel.ReadOnlyCollection`1[System.String]","System.Collections.Generic.List`1[System.Diagnostics.Eventing.Reader.EventProperty]"
"Possible heap corruption detected (exception code 3221225477). Initiating further diagnostics.","2","0",,"4","0","0","-9222246136947933184","248","Microsoft-Windows-WER-Diag","ad8aa069-a01b-40a0-ba40-948d1d8dedc5","Microsoft-Windows-WER-Diag/Operational","212","5796","rjaf-PC4429","S-1-5-21-1634558665-2257203147-3060767804-1000","6/1/2015 2:46:04 AM",,,"c:\users\mac_1\desktop\winevt\logs\microsoft-windows-wer-diag%4operational.evtx","System.UInt32[]","System.Diagnostics.Eventing.Reader.EventBookmark","Information","Info",,"System.Collections.ObjectModel.ReadOnlyCollection`1[System.String]","System.Collections.Generic.List`1[System.Diagnostics.Eventing.Reader.EventProperty]"
"Possible heap corruption detected (exception code 3221226356). Initiating further diagnostics.","2","0",,"4","0","0","-9222246136947933184","247","Microsoft-Windows-WER-Diag","ad8aa069-a01b-40a0-ba40-948d1d8dedc5","Microsoft-Windows-WER-Diag/Operational","2728","5476","rjaf-PC4429","S-1-5-21-1634558665-2257203147-3060767804-1000","6/1/2015 2:37:36 AM",,,"c:\users\mac_1\desktop\winevt\logs\microsoft-windows-wer-diag%4operational.evtx","System.UInt32[]","System.Diagnostics.Eventing.Reader.EventBookmark","Information","Info",,"System.Collections.ObjectModel.ReadOnlyCollection`1[System.String]","System.Collections.Generic.List`1[System.Diagnostics.Eventing.Reader.EventProperty]"
"Possible heap corruption detected (exception code 3221226356). Initiating further diagnostics.","2","0",,"4","0","0","-9222246136947933184","246","Microsoft-Windows-WER-Diag","ad8aa069-a01b-40a0-ba40-948d1d8dedc5","Microsoft-Windows-WER-Diag/Operational","5048","216","rjaf-PC4429","S-1-5-21-1634558665-2257203147-3060767804-1000","6/1/2015 2:37:34 AM",,,"c:\users\mac_1\desktop\winevt\logs\microsoft-windows-wer-diag%4operational.evtx","System.UInt32[]","System.Diagnostics.Eventing.Reader.EventBookmark","Information","Info",,"System.Collections.ObjectModel.ReadOnlyCollection`1[System.String]","System.Collections.Generic.List`1[System.Diagnostics.Eventing.Reader.EventProperty]"
"Possible heap corruption detected (exception code 3221225477). Initiating further diagnostics.","2","0",,"4","0","0","-9222246136947933184","245","Microsoft-Windows-WER-Diag","ad8aa069-a01b-40a0-ba40-948d1d8dedc5","Microsoft-Windows-WER-Diag/Operational","4056","4012","rjaf-PC4429","S-1-5-21-1634558665-2257203147-3060767804-1000","5/31/2015 11:15:27 PM",,,"c:\users\mac_1\desktop\winevt\logs\microsoft-windows-wer-diag%4operational.evtx","System.UInt32[]","System.Diagnostics.Eventing.Reader.EventBookmark","Information","Info",,"System.Collections.ObjectModel.ReadOnlyCollection`1[System.String]","System.Collections.Generic.List`1[System.Diagnostics.Eventing.Reader.EventProperty]"
"Possible heap corruption detected (exception code 3221225477). Initiating further diagnostics.","2","0",,"4","0","0","-9222246136947933184","244","Microsoft-Windows-WER-Diag","ad8aa069-a01b-40a0-ba40-948d1d8dedc5","Microsoft-Windows-WER-Diag/Operational","1160","2572","rjaf-PC4429","S-1-5-21-1634558665-2257203147-3060767804-1000","5/27/2015 5:53:10 AM",,,"c:\users\mac_1\desktop\winevt\logs\microsoft-windows-wer-diag%4operational.evtx","System.UInt32[]","System.Diagnostics.Eventing.Reader.EventBookmark","Information","Info",,"System.Collections.ObjectModel.ReadOnlyCollection`1[System.String]","System.Collections.Generic.List`1[System.Diagnostics.Eventing.Reader.EventProperty]"
"Possible heap corruption detected (exception code 3221225477). Initiating further diagnostics.","2","0",,"4","0","0","-9222246136947933184","243","Microsoft-Windows-WER-Diag","ad8aa069-a01b-40a0-ba40-948d1d8dedc5","Microsoft-Windows-WER-Diag/Operational","3620","5360","rjaf-PC4429","S-1-5-21-1634558665-2257203147-3060767804-1000","5/27/2015 2:29:27 AM",,,"c:\users\mac_1\desktop\winevt\logs\microsoft-windows-wer-diag%4operational.evtx","System.UInt32[]","System.Diagnostics.Eventing.Reader.EventBookmark","Information","Info",,"System.Collections.ObjectModel.ReadOnlyCollection`1[System.String]","System.Collections.Generic.List`1[System.Diagnostics.Eventing.Reader.EventProperty]"
"Possible heap corruption detected (exception code 3221225477). Initiating further diagnostics.","2","0",,"4","0","0","-9222246136947933184","242","Microsoft-Windows-WER-Diag","ad8aa069-a01b-40a0-ba40-948d1d8dedc5","Microsoft-Windows-WER-Diag/Operational","5268","2836","rjaf-PC4429","S-1-5-21-1634558665-2257203147-3060767804-1000","5/26/2015 7:31:59 AM",,,"c:\users\mac_1\desktop\winevt\logs\microsoft-windows-wer-diag%4operational.evtx","System.UInt32[]","System.Diagnostics.Eventing.Reader.EventBookmark","Information","Info",,"System.Collections.ObjectModel.ReadOnlyCollection`1[System.String]","System.Collections.Generic.List`1[System.Diagnostics.Eventing.Reader.EventProperty]"
"Possible heap corruption detected (exception code 3221225477). Initiating further diagnostics.","2","0",,"4","0","0","-9222246136947933184","241","Microsoft-Windows-WER-Diag","ad8aa069-a01b-40a0-ba40-948d1d8dedc5","Microsoft-Windows-WER-Diag/Operational","5292","1540","rjaf-PC4429","S-1-5-21-1634558665-2257203147-3060767804-1000","5/26/2015 5:42:07 AM",,,"c:\users\mac_1\desktop\winevt\logs\microsoft-windows-wer-diag%4operational.evtx","System.UInt32[]","System.Diagnostics.Eventing.Reader.EventBookmark","Information","Info",,"System.Collections.ObjectModel.ReadOnlyCollection`1[System.String]","System.Collections.Generic.List`1[System.Diagnostics.Eventing.Reader.EventProperty]"
"Possible heap corruption detected (exception code 3221225477). Initiating further diagnostics.","2","0",,"4","0","0","-9222246136947933184","240","Microsoft-Windows-WER-Diag","ad8aa069-a01b-40a0-ba40-948d1d8dedc5","Microsoft-Windows-WER-Diag/Operational","4912","3540","rjaf-PC4429","S-1-5-21-1634558665-2257203147-3060767804-1000","5/25/2015 6:39:42 AM",,,"c:\users\mac_1\desktop\winevt\logs\microsoft-windows-wer-diag%4operational.evtx","System.UInt32[]","System.Diagnostics.Eventing.Reader.EventBookmark","Information","Info",,"System.Collections.ObjectModel.ReadOnlyCollection`1[System.String]","System.Collections.Generic.List`1[System.Diagnostics.Eventing.Reader.EventProperty]"
"Possible heap corruption detected (exception code 3221225477). Initiating further diagnostics.","2","0",,"4","0","0","-9222246136947933184","239","Microsoft-Windows-WER-Diag","ad8aa069-a01b-40a0-ba40-948d1d8dedc5","Microsoft-Windows-WER-Diag/Operational","5264","4184","rjaf-PC4429","S-1-5-21-1634558665-2257203147-3060767804-1000","5/25/2015 6:09:26 AM",,,"c:\users\mac_1\desktop\winevt\logs\microsoft-windows-wer-diag%4operational.evtx","System.UInt32[]","System.Diagnostics.Eventing.Reader.EventBookmark","Information","Info",,"System.Collections.ObjectModel.ReadOnlyCollection`1[System.String]","System.Collections.Generic.List`1[System.Diagnostics.Eventing.Reader.EventProperty]"
"Possible heap corruption detected (exception code 3221225477). Initiating further diagnostics.","2","0",,"4","0","0","-9222246136947933184","238","Microsoft-Windows-WER-Diag","ad8aa069-a01b-40a0-ba40-948d1d8dedc5","Microsoft-Windows-WER-Diag/Operational","4728","5084","rjaf-PC4429","S-1-5-21-1634558665-2257203147-3060767804-1000","5/25/2015 6:09:23 AM",,,"c:\users\mac_1\desktop\winevt\logs\microsoft-windows-wer-diag%4operational.evtx","System.UInt32[]","System.Diagnostics.Eventing.Reader.EventBookmark","Information","Info",,"System.Collections.ObjectModel.ReadOnlyCollection`1[System.String]","System.Collections.Generic.List`1[System.Diagnostics.Eventing.Reader.EventProperty]"
"Possible heap corruption detected (exception code 3221225477). Initiating further diagnostics.","2","0",,"4","0","0","-9222246136947933184","237","Microsoft-Windows-WER-Diag","ad8aa069-a01b-40a0-ba40-948d1d8dedc5","Microsoft-Windows-WER-Diag/Operational","4212","2296","rjaf-PC4429","S-1-5-21-1634558665-2257203147-3060767804-1000","5/25/2015 6:09:12 AM",,,"c:\users\mac_1\desktop\winevt\logs\microsoft-windows-wer-diag%4operational.evtx","System.UInt32[]","System.Diagnostics.Eventing.Reader.EventBookmark","Information","Info",,"System.Collections.ObjectModel.ReadOnlyCollection`1[System.String]","System.Collections.Generic.List`1[System.Diagnostics.Eventing.Reader.EventProperty]"
"Possible heap corruption detected (exception code 3221225477). Initiating further diagnostics.","2","0",,"4","0","0","-9222246136947933184","236","Microsoft-Windows-WER-Diag","ad8aa069-a01b-40a0-ba40-948d1d8dedc5","Microsoft-Windows-WER-Diag/Operational","4904","1124","rjaf-PC4429","S-1-5-21-1634558665-2257203147-3060767804-1000","5/25/2015 5:09:01 AM",,,"c:\users\mac_1\desktop\winevt\logs\microsoft-windows-wer-diag%4operational.evtx","System.UInt32[]","System.Diagnostics.Eventing.Reader.EventBookmark","Information","Info",,"System.Collections.ObjectModel.ReadOnlyCollection`1[System.String]","System.Collections.Generic.List`1[System.Diagnostics.Eventing.Reader.EventProperty]"
"Possible heap corruption detected (exception code 3221225477). Initiating further diagnostics.","2","0",,"4","0","0","-9222246136947933184","235","Microsoft-Windows-WER-Diag","ad8aa069-a01b-40a0-ba40-948d1d8dedc5","Microsoft-Windows-WER-Diag/Operational","3652","5988","rjaf-PC4429","S-1-5-21-1634558665-2257203147-3060767804-1000","5/25/2015 5:08:49 AM",,,"c:\users\mac_1\desktop\winevt\logs\microsoft-windows-wer-diag%4operational.evtx","System.UInt32[]","System.Diagnostics.Eventing.Reader.EventBookmark","Information","Info",,"System.Collections.ObjectModel.ReadOnlyCollection`1[System.String]","System.Collections.Generic.List`1[System.Diagnostics.Eventing.Reader.EventProperty]"
"Possible heap corruption detected (exception code 3221225477). Initiating further diagnostics.","2","0",,"4","0","0","-9222246136947933184","234","Microsoft-Windows-WER-Diag","ad8aa069-a01b-40a0-ba40-948d1d8dedc5","Microsoft-Windows-WER-Diag/Operational","4156","5660","rjaf-PC4429","S-1-5-21-1634558665-2257203147-3060767804-1000","5/25/2015 5:08:35 AM",,,"c:\users\mac_1\desktop\winevt\logs\microsoft-windows-wer-diag%4operational.evtx","System.UInt32[]","System.Diagnostics.Eventing.Reader.EventBookmark","Information","Info",,"System.Collections.ObjectModel.ReadOnlyCollection`1[System.String]","System.Collections.Generic.List`1[System.Diagnostics.Eventing.Reader.EventProperty]"
"Possible heap corruption detected (exception code 3221225477). Initiating further diagnostics.","2","0",,"4","0","0","-9222246136947933184","233","Microsoft-Windows-WER-Diag","ad8aa069-a01b-40a0-ba40-948d1d8dedc5","Microsoft-Windows-WER-Diag/Operational","5824","3448","rjaf-PC4429","S-1-5-21-1634558665-2257203147-3060767804-1000","5/25/2015 5:08:22 AM",,,"c:\users\mac_1\desktop\winevt\logs\microsoft-windows-wer-diag%4operational.evtx","System.UInt32[]","System.Diagnostics.Eventing.Reader.EventBookmark","Information","Info",,"System.Collections.ObjectModel.ReadOnlyCollection`1[System.String]","System.Collections.Generic.List`1[System.Diagnostics.Eventing.Reader.EventProperty]"
"Possible heap corruption detected (exception code 3221225477). Initiating further diagnostics.","2","0",,"4","0","0","-9222246136947933184","232","Microsoft-Windows-WER-Diag","ad8aa069-a01b-40a0-ba40-948d1d8dedc5","Microsoft-Windows-WER-Diag/Operational","1704","2232","rjaf-PC4429","S-1-5-21-1634558665-2257203147-3060767804-1000","5/25/2015 5:08:09 AM",,,"c:\users\mac_1\desktop\winevt\logs\microsoft-windows-wer-diag%4operational.evtx","System.UInt32[]","System.Diagnostics.Eventing.Reader.EventBookmark","Information","Info",,"System.Collections.ObjectModel.ReadOnlyCollection`1[System.String]","System.Collections.Generic.List`1[System.Diagnostics.Eventing.Reader.EventProperty]"
"Possible heap corruption detected (exception code 3221225477). Initiating further diagnostics.","2","0",,"4","0","0","-9222246136947933184","231","Microsoft-Windows-WER-Diag","ad8aa069-a01b-40a0-ba40-948d1d8dedc5","Microsoft-Windows-WER-Diag/Operational","6128","1408","rjaf-PC4429","S-1-5-21-1634558665-2257203147-3060767804-1000","5/25/2015 5:07:56 AM",,,"c:\users\mac_1\desktop\winevt\logs\microsoft-windows-wer-diag%4operational.evtx","System.UInt32[]","System.Diagnostics.Eventing.Reader.EventBookmark","Information","Info",,"System.Collections.ObjectModel.ReadOnlyCollection`1[System.String]","System.Collections.Generic.List`1[System.Diagnostics.Eventing.Reader.EventProperty]"
"Possible heap corruption detected (exception code 3221225477). Initiating further diagnostics.","2","0",,"4","0","0","-9222246136947933184","230","Microsoft-Windows-WER-Diag","ad8aa069-a01b-40a0-ba40-948d1d8dedc5","Microsoft-Windows-WER-Diag/Operational","2872","5804","rjaf-PC4429","S-1-5-21-1634558665-2257203147-3060767804-1000","5/25/2015 5:07:42 AM",,,"c:\users\mac_1\desktop\winevt\logs\microsoft-windows-wer-diag%4operational.evtx","System.UInt32[]","System.Diagnostics.Eventing.Reader.EventBookmark","Information","Info",,"System.Collections.ObjectModel.ReadOnlyCollection`1[System.String]","System.Collections.Generic.List`1[System.Diagnostics.Eventing.Reader.EventProperty]"
"Possible heap corruption detected (exception code 3221225477). Initiating further diagnostics.","2","0",,"4","0","0","-9222246136947933184","229","Microsoft-Windows-WER-Diag","ad8aa069-a01b-40a0-ba40-948d1d8dedc5","Microsoft-Windows-WER-Diag/Operational","4512","1564","rjaf-PC4429","S-1-5-21-1634558665-2257203147-3060767804-1000","5/24/2015 12:36:57 PM",,,"c:\users\mac_1\desktop\winevt\logs\microsoft-windows-wer-diag%4operational.evtx","System.UInt32[]","System.Diagnostics.Eventing.Reader.EventBookmark","Information","Info",,"System.Collections.ObjectModel.ReadOnlyCollection`1[System.String]","System.Collections.Generic.List`1[System.Diagnostics.Eventing.Reader.EventProperty]"
"Possible heap corruption detected (exception code 3221225477). Initiating further diagnostics.","2","0",,"4","0","0","-9222246136947933184","228","Microsoft-Windows-WER-Diag","ad8aa069-a01b-40a0-ba40-948d1d8dedc5","Microsoft-Windows-WER-Diag/Operational","5104","5096","rjaf-PC4429","S-1-5-21-1634558665-2257203147-3060767804-1000","5/24/2015 11:06:37 AM",,,"c:\users\mac_1\desktop\winevt\logs\microsoft-windows-wer-diag%4operational.evtx","System.UInt32[]","System.Diagnostics.Eventing.Reader.EventBookmark","Information","Info",,"System.Collections.ObjectModel.ReadOnlyCollection`1[System.String]","System.Collections.Generic.List`1[System.Diagnostics.Eventing.Reader.EventProperty]"
"Possible heap corruption detected (exception code 3221225477). Initiating further diagnostics.","2","0",,"4","0","0","-9222246136947933184","227","Microsoft-Windows-WER-Diag","ad8aa069-a01b-40a0-ba40-948d1d8dedc5","Microsoft-Windows-WER-Diag/Operational","4796","4472","rjaf-PC4429","S-1-5-21-1634558665-2257203147-3060767804-1000","5/24/2015 10:36:20 AM",,,"c:\users\mac_1\desktop\winevt\logs\microsoft-windows-wer-diag%4operational.evtx","System.UInt32[]","System.Diagnostics.Eventing.Reader.EventBookmark","Information","Info",,"System.Collections.ObjectModel.ReadOnlyCollection`1[System.String]","System.Collections.Generic.List`1[System.Diagnostics.Eventing.Reader.EventProperty]"
"Possible heap corruption detected (exception code 3221225477). Initiating further diagnostics.","2","0",,"4","0","0","-9222246136947933184","226","Microsoft-Windows-WER-Diag","ad8aa069-a01b-40a0-ba40-948d1d8dedc5","Microsoft-Windows-WER-Diag/Operational","5704","5648","rjaf-PC4429","S-1-5-21-1634558665-2257203147-3060767804-1000","5/24/2015 10:36:06 AM",,,"c:\users\mac_1\desktop\winevt\logs\microsoft-windows-wer-diag%4operational.evtx","System.UInt32[]","System.Diagnostics.Eventing.Reader.EventBookmark","Information","Info",,"System.Collections.ObjectModel.ReadOnlyCollection`1[System.String]","System.Collections.Generic.List`1[System.Diagnostics.Eventing.Reader.EventProperty]"
"Possible heap corruption detected (exception code 3221225477). Initiating further diagnostics.","2","0",,"4","0","0","-9222246136947933184","225","Microsoft-Windows-WER-Diag","ad8aa069-a01b-40a0-ba40-948d1d8dedc5","Microsoft-Windows-WER-Diag/Operational","5544","3544","rjaf-PC4429","S-1-5-21-1634558665-2257203147-3060767804-1000","5/24/2015 8:46:48 AM",,,"c:\users\mac_1\desktop\winevt\logs\microsoft-windows-wer-diag%4operational.evtx","System.UInt32[]","System.Diagnostics.Eventing.Reader.EventBookmark","Information","Info",,"System.Collections.ObjectModel.ReadOnlyCollection`1[System.String]","System.Collections.Generic.List`1[System.Diagnostics.Eventing.Reader.EventProperty]"
"Possible heap corruption detected (exception code 3221225477). Initiating further diagnostics.","2","0",,"4","0","0","-9222246136947933184","224","Microsoft-Windows-WER-Diag","ad8aa069-a01b-40a0-ba40-948d1d8dedc5","Microsoft-Windows-WER-Diag/Operational","5996","344","rjaf-PC4429","S-1-5-21-1634558665-2257203147-3060767804-1000","5/24/2015 8:46:33 AM",,,"c:\users\mac_1\desktop\winevt\logs\microsoft-windows-wer-diag%4operational.evtx","System.UInt32[]","System.Diagnostics.Eventing.Reader.EventBookmark","Information","Info",,"System.Collections.ObjectModel.ReadOnlyCollection`1[System.String]","System.Collections.Generic.List`1[System.Diagnostics.Eventing.Reader.EventProperty]"
"Possible heap corruption detected (exception code 3221225477). Initiating further diagnostics.","2","0",,"4","0","0","-9222246136947933184","223","Microsoft-Windows-WER-Diag","ad8aa069-a01b-40a0-ba40-948d1d8dedc5","Microsoft-Windows-WER-Diag/Operational","2652","4976","rjaf-PC4429","S-1-5-21-1634558665-2257203147-3060767804-1000","5/24/2015 8:16:17 AM",,,"c:\users\mac_1\desktop\winevt\logs\microsoft-windows-wer-diag%4operational.evtx","System.UInt32[]","System.Diagnostics.Eventing.Reader.EventBookmark","Information","Info",,"System.Collections.ObjectModel.ReadOnlyCollection`1[System.String]","System.Collections.Generic.List`1[System.Diagnostics.Eventing.Reader.EventProperty]"
"Possible heap corruption detected (exception code 3221225477). Initiating further diagnostics.","2","0",,"4","0","0","-9222246136947933184","222","Microsoft-Windows-WER-Diag","ad8aa069-a01b-40a0-ba40-948d1d8dedc5","Microsoft-Windows-WER-Diag/Operational","1396","6108","rjaf-PC4429","S-1-5-21-1634558665-2257203147-3060767804-1000","5/24/2015 8:16:03 AM",,,"c:\users\mac_1\desktop\winevt\logs\microsoft-windows-wer-diag%4operational.evtx","System.UInt32[]","System.Diagnostics.Eventing.Reader.EventBookmark","Information","Info",,"System.Collections.ObjectModel.ReadOnlyCollection`1[System.String]","System.Collections.Generic.List`1[System.Diagnostics.Eventing.Reader.EventProperty]"
"Possible heap corruption detected (exception code 3221225477). Initiating further diagnostics.","2","0",,"4","0","0","-9222246136947933184","221","Microsoft-Windows-WER-Diag","ad8aa069-a01b-40a0-ba40-948d1d8dedc5","Microsoft-Windows-WER-Diag/Operational","4032","5560","rjaf-PC4429","S-1-5-21-1634558665-2257203147-3060767804-1000","5/24/2015 5:45:38 AM",,,"c:\users\mac_1\desktop\winevt\logs\microsoft-windows-wer-diag%4operational.evtx","System.UInt32[]","System.Diagnostics.Eventing.Reader.EventBookmark","Information","Info",,"System.Collections.ObjectModel.ReadOnlyCollection`1[System.String]","System.Collections.Generic.List`1[System.Diagnostics.Eventing.Reader.EventProperty]"
"Possible heap corruption detected (exception code 3221225477). Initiating further diagnostics.","2","0",,"4","0","0","-9222246136947933184","220","Microsoft-Windows-WER-Diag","ad8aa069-a01b-40a0-ba40-948d1d8dedc5","Microsoft-Windows-WER-Diag/Operational","4488","116","rjaf-PC4429","S-1-5-21-1634558665-2257203147-3060767804-1000","5/24/2015 5:45:36 AM",,,"c:\users\mac_1\desktop\winevt\logs\microsoft-windows-wer-diag%4operational.evtx","System.UInt32[]","System.Diagnostics.Eventing.Reader.EventBookmark","Information","Info",,"System.Collections.ObjectModel.ReadOnlyCollection`1[System.String]","System.Collections.Generic.List`1[System.Diagnostics.Eventing.Reader.EventProperty]"
"Possible heap corruption detected (exception code 3221225477). Initiating further diagnostics.","2","0",,"4","0","0","-9222246136947933184","219","Microsoft-Windows-WER-Diag","ad8aa069-a01b-40a0-ba40-948d1d8dedc5","Microsoft-Windows-WER-Diag/Operational","2452","4632","rjaf-PC4429","S-1-5-21-1634558665-2257203147-3060767804-1000","5/24/2015 5:45:25 AM",,,"c:\users\mac_1\desktop\winevt\logs\microsoft-windows-wer-diag%4operational.evtx","System.UInt32[]","System.Diagnostics.Eventing.Reader.EventBookmark","Information","Info",,"System.Collections.ObjectModel.ReadOnlyCollection`1[System.String]","System.Collections.Generic.List`1[System.Diagnostics.Eventing.Reader.EventProperty]"
"Possible heap corruption detected (exception code 3221225477). Initiating further diagnostics.","2","0",,"4","0","0","-9222246136947933184","218","Microsoft-Windows-WER-Diag","ad8aa069-a01b-40a0-ba40-948d1d8dedc5","Microsoft-Windows-WER-Diag/Operational","5220","4616","rjaf-PC4429","S-1-5-21-1634558665-2257203147-3060767804-1000","5/24/2015 2:14:57 AM",,,"c:\users\mac_1\desktop\winevt\logs\microsoft-windows-wer-diag%4operational.evtx","System.UInt32[]","System.Diagnostics.Eventing.Reader.EventBookmark","Information","Info",,"System.Collections.ObjectModel.ReadOnlyCollection`1[System.String]","System.Collections.Generic.List`1[System.Diagnostics.Eventing.Reader.EventProperty]"
"Possible heap corruption detected (exception code 3221225477). Initiating further diagnostics.","2","0",,"4","0","0","-9222246136947933184","217","Microsoft-Windows-WER-Diag","ad8aa069-a01b-40a0-ba40-948d1d8dedc5","Microsoft-Windows-WER-Diag/Operational","4964","2840","rjaf-PC4429","S-1-5-21-1634558665-2257203147-3060767804-1000","5/24/2015 12:44:37 AM",,,"c:\users\mac_1\desktop\winevt\logs\microsoft-windows-wer-diag%4operational.evtx","System.UInt32[]","System.Diagnostics.Eventing.Reader.EventBookmark","Information","Info",,"System.Collections.ObjectModel.ReadOnlyCollection`1[System.String]","System.Collections.Generic.List`1[System.Diagnostics.Eventing.Reader.EventProperty]"
