"An instance of Program Data Updater (PDU) ran with the following information: StartTime: ?2014?-?09?-?17T06:39:39.692317700Z, StopTime: ?2014?-?09?-?17T06:39:40.051118300Z, ExitCode: 529, Number of new programs: 0, Number of removed programs: 0, Number of updated programs: 0, Number of installed programs: 0, Number of new orphan files: 0, Number of new add-ons: 0, Number of removed add-ons: 0, Number of updated add-ons: 0, Number of installed add-ons: 0, Number of new installations: 0","800","0",,"4","0","0","576460752303423488","428","Microsoft-Windows-Application-Experience","eef54e71-0661-422d-9a98-82fd4940b820","Microsoft-Windows-Application-Experience/Program-Inventory","272","368","rjaf-PC4429","S-1-5-18","9/16/2014 11:39:40 PM",,,"c:\users\mac_1\desktop\winevt\logs\microsoft-windows-application-experience%4program-inventory.evtx","System.UInt32[]","System.Diagnostics.Eventing.Reader.EventBookmark","Information","Info",,"System.Collections.ObjectModel.ReadOnlyCollection`1[System.String]","System.Collections.Generic.List`1[System.Diagnostics.Eventing.Reader.EventProperty]"
"An instance of Program Data Updater (PDU) ran with the following information: StartTime: ?2014?-?09?-?16T13:32:57.416331900Z, StopTime: ?2014?-?09?-?16T13:32:57.915532700Z, ExitCode: 529, Number of new programs: 0, Number of removed programs: 0, Number of updated programs: 0, Number of installed programs: 0, Number of new orphan files: 0, Number of new add-ons: 0, Number of removed add-ons: 0, Number of updated add-ons: 0, Number of installed add-ons: 0, Number of new installations: 0","800","0",,"4","0","0","576460752303423488","427","Microsoft-Windows-Application-Experience","eef54e71-0661-422d-9a98-82fd4940b820","Microsoft-Windows-Application-Experience/Program-Inventory","372","3772","rjaf-PC4429","S-1-5-18","9/16/2014 6:32:57 AM",,,"c:\users\mac_1\desktop\winevt\logs\microsoft-windows-application-experience%4program-inventory.evtx","System.UInt32[]","System.Diagnostics.Eventing.Reader.EventBookmark","Information","Info",,"System.Collections.ObjectModel.ReadOnlyCollection`1[System.String]","System.Collections.Generic.List`1[System.Diagnostics.Eventing.Reader.EventProperty]"
"An instance of Program Data Updater (PDU) ran with the following information: StartTime: ?2014?-?09?-?16T13:32:56.683130600Z, StopTime: ?2014?-?09?-?16T13:32:56.683130600Z, ExitCode: 529, Number of new programs: 0, Number of removed programs: 0, Number of updated programs: 0, Number of installed programs: 0, Number of new orphan files: 0, Number of new add-ons: 0, Number of removed add-ons: 0, Number of updated add-ons: 0, Number of installed add-ons: 0, Number of new installations: 0","800","0",,"4","0","0","576460752303423488","426","Microsoft-Windows-Application-Experience","eef54e71-0661-422d-9a98-82fd4940b820","Microsoft-Windows-Application-Experience/Program-Inventory","828","3232","rjaf-PC4429","S-1-5-18","9/16/2014 6:32:56 AM",,,"c:\users\mac_1\desktop\winevt\logs\microsoft-windows-application-experience%4program-inventory.evtx","System.UInt32[]","System.Diagnostics.Eventing.Reader.EventBookmark","Information","Info",,"System.Collections.ObjectModel.ReadOnlyCollection`1[System.String]","System.Collections.Generic.List`1[System.Diagnostics.Eventing.Reader.EventProperty]"
"An instance of Program Data Updater (PDU) ran with the following information: StartTime: ?2014?-?09?-?15T09:53:44.723070000Z, StopTime: ?2014?-?09?-?15T09:53:44.738670000Z, ExitCode: 529, Number of new programs: 0, Number of removed programs: 0, Number of updated programs: 0, Number of installed programs: 0, Number of new orphan files: 0, Number of new add-ons: 0, Number of removed add-ons: 0, Number of updated add-ons: 0, Number of installed add-ons: 0, Number of new installations: 0","800","0",,"4","0","0","576460752303423488","425","Microsoft-Windows-Application-Experience","eef54e71-0661-422d-9a98-82fd4940b820","Microsoft-Windows-Application-Experience/Program-Inventory","3356","1640","rjaf-PC4429","S-1-5-18","9/15/2014 2:53:44 AM",,,"c:\users\mac_1\desktop\winevt\logs\microsoft-windows-application-experience%4program-inventory.evtx","System.UInt32[]","System.Diagnostics.Eventing.Reader.EventBookmark","Information","Info",,"System.Collections.ObjectModel.ReadOnlyCollection`1[System.String]","System.Collections.Generic.List`1[System.Diagnostics.Eventing.Reader.EventProperty]"
"An instance of Program Data Updater (PDU) ran with the following information: StartTime: ?2014?-?09?-?15T09:23:21.618302200Z, StopTime: ?2014?-?09?-?15T09:23:21.726308400Z, ExitCode: 529, Number of new programs: 0, Number of removed programs: 0, Number of updated programs: 0, Number of installed programs: 0, Number of new orphan files: 0, Number of new add-ons: 0, Number of removed add-ons: 0, Number of updated add-ons: 0, Number of installed add-ons: 0, Number of new installations: 0","800","0",,"4","0","0","576460752303423488","424","Microsoft-Windows-Application-Experience","eef54e71-0661-422d-9a98-82fd4940b820","Microsoft-Windows-Application-Experience/Program-Inventory","3704","2424","rjaf-PC4429","S-1-5-18","9/15/2014 2:23:21 AM",,,"c:\users\mac_1\desktop\winevt\logs\microsoft-windows-application-experience%4program-inventory.evtx","System.UInt32[]","System.Diagnostics.Eventing.Reader.EventBookmark","Information","Info",,"System.Collections.ObjectModel.ReadOnlyCollection`1[System.String]","System.Collections.Generic.List`1[System.Diagnostics.Eventing.Reader.EventProperty]"
"An instance of Program Data Updater (PDU) ran with the following information: StartTime: ?2014?-?09?-?14T08:27:05.481361400Z, StopTime: ?2014?-?09?-?14T08:28:19.605601000Z, ExitCode: 529, Number of new programs: 1, Number of removed programs: 1, Number of updated programs: 0, Number of installed programs: 37, Number of new orphan files: 3, Number of new add-ons: 0, Number of removed add-ons: 0, Number of updated add-ons: 0, Number of installed add-ons: 75, Number of new installations: 0","800","0",,"4","0","0","576460752303423488","423","Microsoft-Windows-Application-Experience","eef54e71-0661-422d-9a98-82fd4940b820","Microsoft-Windows-Application-Experience/Program-Inventory","4028","3960","rjaf-PC4429","S-1-5-18","9/14/2014 1:28:19 AM",,,"c:\users\mac_1\desktop\winevt\logs\microsoft-windows-application-experience%4program-inventory.evtx","System.UInt32[]","System.Diagnostics.Eventing.Reader.EventBookmark","Information","Info",,"System.Collections.ObjectModel.ReadOnlyCollection`1[System.String]","System.Collections.Generic.List`1[System.Diagnostics.Eventing.Reader.EventProperty]"
,"907","0",,"4","0","0","576460752303423488","422","Microsoft-Windows-Application-Experience","eef54e71-0661-422d-9a98-82fd4940b820","Microsoft-Windows-Application-Experience/Program-Inventory","4028","3960","rjaf-PC4429","S-1-5-18","9/14/2014 1:28:18 AM",,,"c:\users\mac_1\desktop\winevt\logs\microsoft-windows-application-experience%4program-inventory.evtx","System.UInt32[]","System.Diagnostics.Eventing.Reader.EventBookmark","Information","Info",,"System.Collections.ObjectModel.ReadOnlyCollection`1[System.String]","System.Collections.Generic.List`1[System.Diagnostics.Eventing.Reader.EventProperty]"
,"903","0",,"4","0","0","576460752303423488","421","Microsoft-Windows-Application-Experience","eef54e71-0661-422d-9a98-82fd4940b820","Microsoft-Windows-Application-Experience/Program-Inventory","4028","3960","rjaf-PC4429","S-1-5-18","9/14/2014 1:28:18 AM",,,"c:\users\mac_1\desktop\winevt\logs\microsoft-windows-application-experience%4program-inventory.evtx","System.UInt32[]","System.Diagnostics.Eventing.Reader.EventBookmark","Information","Info",,"System.Collections.ObjectModel.ReadOnlyCollection`1[System.String]","System.Collections.Generic.List`1[System.Diagnostics.Eventing.Reader.EventProperty]"
"An instance of Program Data Updater (PDU) ran with the following information: StartTime: ?2014?-?09?-?14T07:48:02.037324000Z, StopTime: ?2014?-?09?-?14T07:52:12.950675500Z, ExitCode: 520, Number of new programs: 0, Number of removed programs: 0, Number of updated programs: 0, Number of installed programs: 0, Number of new orphan files: 0, Number of new add-ons: 0, Number of removed add-ons: 0, Number of updated add-ons: 0, Number of installed add-ons: 0, Number of new installations: 0","800","0",,"4","0","0","576460752303423488","420","Microsoft-Windows-Application-Experience","eef54e71-0661-422d-9a98-82fd4940b820","Microsoft-Windows-Application-Experience/Program-Inventory","3804","4044","rjaf-PC4429","S-1-5-18","9/14/2014 12:52:12 AM",,,"c:\users\mac_1\desktop\winevt\logs\microsoft-windows-application-experience%4program-inventory.evtx","System.UInt32[]","System.Diagnostics.Eventing.Reader.EventBookmark","Information","Info",,"System.Collections.ObjectModel.ReadOnlyCollection`1[System.String]","System.Collections.Generic.List`1[System.Diagnostics.Eventing.Reader.EventProperty]"
"An instance of Program Data Updater (PDU) ran with the following information: StartTime: ?2014?-?09?-?11T08:08:16.098024100Z, StopTime: ?2014?-?09?-?11T08:09:04.816909700Z, ExitCode: 529, Number of new programs: 1, Number of removed programs: 1, Number of updated programs: 0, Number of installed programs: 37, Number of new orphan files: 0, Number of new add-ons: 0, Number of removed add-ons: 0, Number of updated add-ons: 1, Number of installed add-ons: 75, Number of new installations: 0","800","0",,"4","0","0","576460752303423488","419","Microsoft-Windows-Application-Experience","eef54e71-0661-422d-9a98-82fd4940b820","Microsoft-Windows-Application-Experience/Program-Inventory","2544","1844","rjaf-PC4429","S-1-5-18","9/11/2014 1:09:04 AM",,,"c:\users\mac_1\desktop\winevt\logs\microsoft-windows-application-experience%4program-inventory.evtx","System.UInt32[]","System.Diagnostics.Eventing.Reader.EventBookmark","Information","Info",,"System.Collections.ObjectModel.ReadOnlyCollection`1[System.String]","System.Collections.Generic.List`1[System.Diagnostics.Eventing.Reader.EventProperty]"
,"907","0",,"4","0","0","576460752303423488","418","Microsoft-Windows-Application-Experience","eef54e71-0661-422d-9a98-82fd4940b820","Microsoft-Windows-Application-Experience/Program-Inventory","2544","1844","rjaf-PC4429","S-1-5-18","9/11/2014 1:09:04 AM",,,"c:\users\mac_1\desktop\winevt\logs\microsoft-windows-application-experience%4program-inventory.evtx","System.UInt32[]","System.Diagnostics.Eventing.Reader.EventBookmark","Information","Info",,"System.Collections.ObjectModel.ReadOnlyCollection`1[System.String]","System.Collections.Generic.List`1[System.Diagnostics.Eventing.Reader.EventProperty]"
,"903","0",,"4","0","0","576460752303423488","417","Microsoft-Windows-Application-Experience","eef54e71-0661-422d-9a98-82fd4940b820","Microsoft-Windows-Application-Experience/Program-Inventory","2544","1844","rjaf-PC4429","S-1-5-18","9/11/2014 1:09:04 AM",,,"c:\users\mac_1\desktop\winevt\logs\microsoft-windows-application-experience%4program-inventory.evtx","System.UInt32[]","System.Diagnostics.Eventing.Reader.EventBookmark","Information","Info",,"System.Collections.ObjectModel.ReadOnlyCollection`1[System.String]","System.Collections.Generic.List`1[System.Diagnostics.Eventing.Reader.EventProperty]"
,"901","0",,"4","0","0","576460752303423488","416","Microsoft-Windows-Application-Experience","eef54e71-0661-422d-9a98-82fd4940b820","Microsoft-Windows-Application-Experience/Program-Inventory","2544","1844","rjaf-PC4429","S-1-5-18","9/11/2014 1:09:04 AM",,,"c:\users\mac_1\desktop\winevt\logs\microsoft-windows-application-experience%4program-inventory.evtx","System.UInt32[]","System.Diagnostics.Eventing.Reader.EventBookmark","Information","Info",,"System.Collections.ObjectModel.ReadOnlyCollection`1[System.String]","System.Collections.Generic.List`1[System.Diagnostics.Eventing.Reader.EventProperty]"
"An instance of Program Data Updater (PDU) ran with the following information: StartTime: ?2014?-?09?-?11T06:19:53.654569500Z, StopTime: ?2014?-?09?-?11T06:20:18.874012000Z, ExitCode: 529, Number of new programs: 0, Number of removed programs: 0, Number of updated programs: 0, Number of installed programs: 0, Number of new orphan files: 0, Number of new add-ons: 0, Number of removed add-ons: 0, Number of updated add-ons: 0, Number of installed add-ons: 0, Number of new installations: 0","800","0",,"4","0","0","576460752303423488","415","Microsoft-Windows-Application-Experience","eef54e71-0661-422d-9a98-82fd4940b820","Microsoft-Windows-Application-Experience/Program-Inventory","3104","2808","rjaf-PC4429","S-1-5-18","9/10/2014 11:20:18 PM",,,"c:\users\mac_1\desktop\winevt\logs\microsoft-windows-application-experience%4program-inventory.evtx","System.UInt32[]","System.Diagnostics.Eventing.Reader.EventBookmark","Information","Info",,"System.Collections.ObjectModel.ReadOnlyCollection`1[System.String]","System.Collections.Generic.List`1[System.Diagnostics.Eventing.Reader.EventProperty]"
"An instance of Program Data Updater (PDU) ran with the following information: StartTime: ?2014?-?09?-?10T06:00:00.694945000Z, StopTime: ?2014?-?09?-?10T06:00:00.695945100Z, ExitCode: 529, Number of new programs: 0, Number of removed programs: 0, Number of updated programs: 0, Number of installed programs: 0, Number of new orphan files: 0, Number of new add-ons: 0, Number of removed add-ons: 0, Number of updated add-ons: 0, Number of installed add-ons: 0, Number of new installations: 0","800","0",,"4","0","0","576460752303423488","414","Microsoft-Windows-Application-Experience","eef54e71-0661-422d-9a98-82fd4940b820","Microsoft-Windows-Application-Experience/Program-Inventory","1680","2532","rjaf-PC4429","S-1-5-18","9/9/2014 11:00:00 PM",,,"c:\users\mac_1\desktop\winevt\logs\microsoft-windows-application-experience%4program-inventory.evtx","System.UInt32[]","System.Diagnostics.Eventing.Reader.EventBookmark","Information","Info",,"System.Collections.ObjectModel.ReadOnlyCollection`1[System.String]","System.Collections.Generic.List`1[System.Diagnostics.Eventing.Reader.EventProperty]"
"An instance of Program Data Updater (PDU) ran with the following information: StartTime: ?2014?-?09?-?09T06:11:16.644453200Z, StopTime: ?2014?-?09?-?09T06:12:45.695546600Z, ExitCode: 529, Number of new programs: 0, Number of removed programs: 0, Number of updated programs: 0, Number of installed programs: 37, Number of new orphan files: 1, Number of new add-ons: 0, Number of removed add-ons: 0, Number of updated add-ons: 0, Number of installed add-ons: 75, Number of new installations: 0","800","0",,"4","0","0","576460752303423488","413","Microsoft-Windows-Application-Experience","eef54e71-0661-422d-9a98-82fd4940b820","Microsoft-Windows-Application-Experience/Program-Inventory","4080","1488","rjaf-PC4429","S-1-5-18","9/8/2014 11:12:45 PM",,,"c:\users\mac_1\desktop\winevt\logs\microsoft-windows-application-experience%4program-inventory.evtx","System.UInt32[]","System.Diagnostics.Eventing.Reader.EventBookmark","Information","Info",,"System.Collections.ObjectModel.ReadOnlyCollection`1[System.String]","System.Collections.Generic.List`1[System.Diagnostics.Eventing.Reader.EventProperty]"
"An instance of Program Data Updater (PDU) ran with the following information: StartTime: ?2014?-?09?-?09T05:50:18.633499100Z, StopTime: ?2014?-?09?-?09T05:50:18.993519700Z, ExitCode: 529, Number of new programs: 0, Number of removed programs: 0, Number of updated programs: 0, Number of installed programs: 0, Number of new orphan files: 0, Number of new add-ons: 0, Number of removed add-ons: 0, Number of updated add-ons: 0, Number of installed add-ons: 0, Number of new installations: 0","800","0",,"4","0","0","576460752303423488","412","Microsoft-Windows-Application-Experience","eef54e71-0661-422d-9a98-82fd4940b820","Microsoft-Windows-Application-Experience/Program-Inventory","2744","1248","rjaf-PC4429","S-1-5-18","9/8/2014 10:50:18 PM",,,"c:\users\mac_1\desktop\winevt\logs\microsoft-windows-application-experience%4program-inventory.evtx","System.UInt32[]","System.Diagnostics.Eventing.Reader.EventBookmark","Information","Info",,"System.Collections.ObjectModel.ReadOnlyCollection`1[System.String]","System.Collections.Generic.List`1[System.Diagnostics.Eventing.Reader.EventProperty]"
"An instance of Program Data Updater (PDU) ran with the following information: StartTime: ?2014?-?09?-?08T09:46:04.935996900Z, StopTime: ?2014?-?09?-?08T09:46:04.935996900Z, ExitCode: 529, Number of new programs: 0, Number of removed programs: 0, Number of updated programs: 0, Number of installed programs: 0, Number of new orphan files: 0, Number of new add-ons: 0, Number of removed add-ons: 0, Number of updated add-ons: 0, Number of installed add-ons: 0, Number of new installations: 0","800","0",,"4","0","0","576460752303423488","411","Microsoft-Windows-Application-Experience","eef54e71-0661-422d-9a98-82fd4940b820","Microsoft-Windows-Application-Experience/Program-Inventory","1560","556","rjaf-PC4429","S-1-5-18","9/8/2014 2:46:04 AM",,,"c:\users\mac_1\desktop\winevt\logs\microsoft-windows-application-experience%4program-inventory.evtx","System.UInt32[]","System.Diagnostics.Eventing.Reader.EventBookmark","Information","Info",,"System.Collections.ObjectModel.ReadOnlyCollection`1[System.String]","System.Collections.Generic.List`1[System.Diagnostics.Eventing.Reader.EventProperty]"
"An instance of Program Data Updater (PDU) ran with the following information: StartTime: ?2014?-?09?-?08T07:47:59.732744600Z, StopTime: ?2014?-?09?-?08T07:47:59.904344900Z, ExitCode: 529, Number of new programs: 0, Number of removed programs: 0, Number of updated programs: 0, Number of installed programs: 0, Number of new orphan files: 0, Number of new add-ons: 0, Number of removed add-ons: 0, Number of updated add-ons: 0, Number of installed add-ons: 0, Number of new installations: 0","800","0",,"4","0","0","576460752303423488","410","Microsoft-Windows-Application-Experience","eef54e71-0661-422d-9a98-82fd4940b820","Microsoft-Windows-Application-Experience/Program-Inventory","2832","2828","rjaf-PC4429","S-1-5-18","9/8/2014 12:47:59 AM",,,"c:\users\mac_1\desktop\winevt\logs\microsoft-windows-application-experience%4program-inventory.evtx","System.UInt32[]","System.Diagnostics.Eventing.Reader.EventBookmark","Information","Info",,"System.Collections.ObjectModel.ReadOnlyCollection`1[System.String]","System.Collections.Generic.List`1[System.Diagnostics.Eventing.Reader.EventProperty]"
"An instance of Program Data Updater (PDU) ran with the following information: StartTime: ?2014?-?09?-?07T07:12:54.561138800Z, StopTime: ?2014?-?09?-?07T07:14:21.390891300Z, ExitCode: 529, Number of new programs: 1, Number of removed programs: 1, Number of updated programs: 0, Number of installed programs: 37, Number of new orphan files: 0, Number of new add-ons: 0, Number of removed add-ons: 0, Number of updated add-ons: 0, Number of installed add-ons: 75, Number of new installations: 0","800","0",,"4","0","0","576460752303423488","409","Microsoft-Windows-Application-Experience","eef54e71-0661-422d-9a98-82fd4940b820","Microsoft-Windows-Application-Experience/Program-Inventory","608","116","rjaf-PC4429","S-1-5-18","9/7/2014 12:14:21 AM",,,"c:\users\mac_1\desktop\winevt\logs\microsoft-windows-application-experience%4program-inventory.evtx","System.UInt32[]","System.Diagnostics.Eventing.Reader.EventBookmark","Information","Info",,"System.Collections.ObjectModel.ReadOnlyCollection`1[System.String]","System.Collections.Generic.List`1[System.Diagnostics.Eventing.Reader.EventProperty]"
,"907","0",,"4","0","0","576460752303423488","408","Microsoft-Windows-Application-Experience","eef54e71-0661-422d-9a98-82fd4940b820","Microsoft-Windows-Application-Experience/Program-Inventory","608","116","rjaf-PC4429","S-1-5-18","9/7/2014 12:14:20 AM",,,"c:\users\mac_1\desktop\winevt\logs\microsoft-windows-application-experience%4program-inventory.evtx","System.UInt32[]","System.Diagnostics.Eventing.Reader.EventBookmark","Information","Info",,"System.Collections.ObjectModel.ReadOnlyCollection`1[System.String]","System.Collections.Generic.List`1[System.Diagnostics.Eventing.Reader.EventProperty]"
,"903","0",,"4","0","0","576460752303423488","407","Microsoft-Windows-Application-Experience","eef54e71-0661-422d-9a98-82fd4940b820","Microsoft-Windows-Application-Experience/Program-Inventory","608","116","rjaf-PC4429","S-1-5-18","9/7/2014 12:14:20 AM",,,"c:\users\mac_1\desktop\winevt\logs\microsoft-windows-application-experience%4program-inventory.evtx","System.UInt32[]","System.Diagnostics.Eventing.Reader.EventBookmark","Information","Info",,"System.Collections.ObjectModel.ReadOnlyCollection`1[System.String]","System.Collections.Generic.List`1[System.Diagnostics.Eventing.Reader.EventProperty]"
"An instance of Program Data Updater (PDU) ran with the following information: StartTime: ?2014?-?09?-?07T06:07:02.064311600Z, StopTime: ?2014?-?09?-?07T06:07:02.129315300Z, ExitCode: 529, Number of new programs: 0, Number of removed programs: 0, Number of updated programs: 0, Number of installed programs: 0, Number of new orphan files: 0, Number of new add-ons: 0, Number of removed add-ons: 0, Number of updated add-ons: 0, Number of installed add-ons: 0, Number of new installations: 0","800","0",,"4","0","0","576460752303423488","406","Microsoft-Windows-Application-Experience","eef54e71-0661-422d-9a98-82fd4940b820","Microsoft-Windows-Application-Experience/Program-Inventory","2808","3964","rjaf-PC4429","S-1-5-18","9/6/2014 11:07:02 PM",,,"c:\users\mac_1\desktop\winevt\logs\microsoft-windows-application-experience%4program-inventory.evtx","System.UInt32[]","System.Diagnostics.Eventing.Reader.EventBookmark","Information","Info",,"System.Collections.ObjectModel.ReadOnlyCollection`1[System.String]","System.Collections.Generic.List`1[System.Diagnostics.Eventing.Reader.EventProperty]"
"An instance of Program Data Updater (PDU) ran with the following information: StartTime: ?2014?-?09?-?05T14:54:46.267940300Z, StopTime: ?2014?-?09?-?05T14:54:57.531160100Z, ExitCode: 529, Number of new programs: 0, Number of removed programs: 0, Number of updated programs: 0, Number of installed programs: 0, Number of new orphan files: 0, Number of new add-ons: 0, Number of removed add-ons: 0, Number of updated add-ons: 0, Number of installed add-ons: 0, Number of new installations: 0","800","0",,"4","0","0","576460752303423488","405","Microsoft-Windows-Application-Experience","eef54e71-0661-422d-9a98-82fd4940b820","Microsoft-Windows-Application-Experience/Program-Inventory","2116","2120","rjaf-PC4429","S-1-5-18","9/5/2014 7:54:57 AM",,,"c:\users\mac_1\desktop\winevt\logs\microsoft-windows-application-experience%4program-inventory.evtx","System.UInt32[]","System.Diagnostics.Eventing.Reader.EventBookmark","Information","Info",,"System.Collections.ObjectModel.ReadOnlyCollection`1[System.String]","System.Collections.Generic.List`1[System.Diagnostics.Eventing.Reader.EventProperty]"
"An instance of Program Data Updater (PDU) ran with the following information: StartTime: ?2014?-?09?-?03T07:59:31.519285800Z, StopTime: ?2014?-?09?-?03T07:59:31.527286300Z, ExitCode: 529, Number of new programs: 0, Number of removed programs: 0, Number of updated programs: 0, Number of installed programs: 0, Number of new orphan files: 0, Number of new add-ons: 0, Number of removed add-ons: 0, Number of updated add-ons: 0, Number of installed add-ons: 0, Number of new installations: 0","800","0",,"4","0","0","576460752303423488","404","Microsoft-Windows-Application-Experience","eef54e71-0661-422d-9a98-82fd4940b820","Microsoft-Windows-Application-Experience/Program-Inventory","2824","3440","rjaf-PC4429","S-1-5-18","9/3/2014 12:59:31 AM",,,"c:\users\mac_1\desktop\winevt\logs\microsoft-windows-application-experience%4program-inventory.evtx","System.UInt32[]","System.Diagnostics.Eventing.Reader.EventBookmark","Information","Info",,"System.Collections.ObjectModel.ReadOnlyCollection`1[System.String]","System.Collections.Generic.List`1[System.Diagnostics.Eventing.Reader.EventProperty]"
"An instance of Program Data Updater (PDU) ran with the following information: StartTime: ?2014?-?09?-?03T07:08:27.633516400Z, StopTime: ?2014?-?09?-?03T07:08:27.789516700Z, ExitCode: 529, Number of new programs: 0, Number of removed programs: 0, Number of updated programs: 0, Number of installed programs: 0, Number of new orphan files: 0, Number of new add-ons: 0, Number of removed add-ons: 0, Number of updated add-ons: 0, Number of installed add-ons: 0, Number of new installations: 0","800","0",,"4","0","0","576460752303423488","403","Microsoft-Windows-Application-Experience","eef54e71-0661-422d-9a98-82fd4940b820","Microsoft-Windows-Application-Experience/Program-Inventory","2764","2732","rjaf-PC4429","S-1-5-18","9/3/2014 12:08:27 AM",,,"c:\users\mac_1\desktop\winevt\logs\microsoft-windows-application-experience%4program-inventory.evtx","System.UInt32[]","System.Diagnostics.Eventing.Reader.EventBookmark","Information","Info",,"System.Collections.ObjectModel.ReadOnlyCollection`1[System.String]","System.Collections.Generic.List`1[System.Diagnostics.Eventing.Reader.EventProperty]"
"An instance of Program Data Updater (PDU) ran with the following information: StartTime: ?2014?-?09?-?02T10:33:07.948376700Z, StopTime: ?2014?-?09?-?02T10:34:20.925304900Z, ExitCode: 529, Number of new programs: 0, Number of removed programs: 0, Number of updated programs: 0, Number of installed programs: 37, Number of new orphan files: 0, Number of new add-ons: 0, Number of removed add-ons: 0, Number of updated add-ons: 0, Number of installed add-ons: 75, Number of new installations: 0","800","0",,"4","0","0","576460752303423488","402","Microsoft-Windows-Application-Experience","eef54e71-0661-422d-9a98-82fd4940b820","Microsoft-Windows-Application-Experience/Program-Inventory","3804","2420","rjaf-PC4429","S-1-5-18","9/2/2014 3:34:20 AM",,,"c:\users\mac_1\desktop\winevt\logs\microsoft-windows-application-experience%4program-inventory.evtx","System.UInt32[]","System.Diagnostics.Eventing.Reader.EventBookmark","Information","Info",,"System.Collections.ObjectModel.ReadOnlyCollection`1[System.String]","System.Collections.Generic.List`1[System.Diagnostics.Eventing.Reader.EventProperty]"
"An instance of Program Data Updater (PDU) ran with the following information: StartTime: ?2014?-?09?-?02T09:27:45.038968700Z, StopTime: ?2014?-?09?-?02T09:27:45.444569400Z, ExitCode: 529, Number of new programs: 0, Number of removed programs: 0, Number of updated programs: 0, Number of installed programs: 0, Number of new orphan files: 0, Number of new add-ons: 0, Number of removed add-ons: 0, Number of updated add-ons: 0, Number of installed add-ons: 0, Number of new installations: 0","800","0",,"4","0","0","576460752303423488","401","Microsoft-Windows-Application-Experience","eef54e71-0661-422d-9a98-82fd4940b820","Microsoft-Windows-Application-Experience/Program-Inventory","880","4040","rjaf-PC4429","S-1-5-18","9/2/2014 2:27:45 AM",,,"c:\users\mac_1\desktop\winevt\logs\microsoft-windows-application-experience%4program-inventory.evtx","System.UInt32[]","System.Diagnostics.Eventing.Reader.EventBookmark","Information","Info",,"System.Collections.ObjectModel.ReadOnlyCollection`1[System.String]","System.Collections.Generic.List`1[System.Diagnostics.Eventing.Reader.EventProperty]"
"An instance of Program Data Updater (PDU) ran with the following information: StartTime: ?2014?-?09?-?01T13:46:09.995333400Z, StopTime: ?2014?-?09?-?01T13:47:10.601799900Z, ExitCode: 529, Number of new programs: 0, Number of removed programs: 0, Number of updated programs: 0, Number of installed programs: 37, Number of new orphan files: 0, Number of new add-ons: 0, Number of removed add-ons: 0, Number of updated add-ons: 0, Number of installed add-ons: 75, Number of new installations: 0","800","0",,"4","0","0","576460752303423488","400","Microsoft-Windows-Application-Experience","eef54e71-0661-422d-9a98-82fd4940b820","Microsoft-Windows-Application-Experience/Program-Inventory","3616","3844","rjaf-PC4429","S-1-5-18","9/1/2014 6:47:10 AM",,,"c:\users\mac_1\desktop\winevt\logs\microsoft-windows-application-experience%4program-inventory.evtx","System.UInt32[]","System.Diagnostics.Eventing.Reader.EventBookmark","Information","Info",,"System.Collections.ObjectModel.ReadOnlyCollection`1[System.String]","System.Collections.Generic.List`1[System.Diagnostics.Eventing.Reader.EventProperty]"
"An instance of Program Data Updater (PDU) ran with the following information: StartTime: ?2014?-?09?-?01T12:29:40.068903300Z, StopTime: ?2014?-?09?-?01T12:29:40.583704200Z, ExitCode: 529, Number of new programs: 0, Number of removed programs: 0, Number of updated programs: 0, Number of installed programs: 0, Number of new orphan files: 0, Number of new add-ons: 0, Number of removed add-ons: 0, Number of updated add-ons: 0, Number of installed add-ons: 0, Number of new installations: 0","800","0",,"4","0","0","576460752303423488","399","Microsoft-Windows-Application-Experience","eef54e71-0661-422d-9a98-82fd4940b820","Microsoft-Windows-Application-Experience/Program-Inventory","3172","3664","rjaf-PC4429","S-1-5-18","9/1/2014 5:29:40 AM",,,"c:\users\mac_1\desktop\winevt\logs\microsoft-windows-application-experience%4program-inventory.evtx","System.UInt32[]","System.Diagnostics.Eventing.Reader.EventBookmark","Information","Info",,"System.Collections.ObjectModel.ReadOnlyCollection`1[System.String]","System.Collections.Generic.List`1[System.Diagnostics.Eventing.Reader.EventProperty]"
"An instance of Program Data Updater (PDU) ran with the following information: StartTime: ?2014?-?08?-?31T07:25:34.260308900Z, StopTime: ?2014?-?08?-?31T07:26:48.899578000Z, ExitCode: 529, Number of new programs: 0, Number of removed programs: 0, Number of updated programs: 0, Number of installed programs: 37, Number of new orphan files: 0, Number of new add-ons: 0, Number of removed add-ons: 0, Number of updated add-ons: 0, Number of installed add-ons: 75, Number of new installations: 0","800","0",,"4","0","0","576460752303423488","398","Microsoft-Windows-Application-Experience","eef54e71-0661-422d-9a98-82fd4940b820","Microsoft-Windows-Application-Experience/Program-Inventory","1056","2480","rjaf-PC4429","S-1-5-18","8/31/2014 12:26:48 AM",,,"c:\users\mac_1\desktop\winevt\logs\microsoft-windows-application-experience%4program-inventory.evtx","System.UInt32[]","System.Diagnostics.Eventing.Reader.EventBookmark","Information","Info",,"System.Collections.ObjectModel.ReadOnlyCollection`1[System.String]","System.Collections.Generic.List`1[System.Diagnostics.Eventing.Reader.EventProperty]"
"An instance of Program Data Updater (PDU) ran with the following information: StartTime: ?2014?-?08?-?31T06:46:50.135238800Z, StopTime: ?2014?-?08?-?31T06:46:50.990287700Z, ExitCode: 529, Number of new programs: 0, Number of removed programs: 0, Number of updated programs: 0, Number of installed programs: 0, Number of new orphan files: 0, Number of new add-ons: 0, Number of removed add-ons: 0, Number of updated add-ons: 0, Number of installed add-ons: 0, Number of new installations: 0","800","0",,"4","0","0","576460752303423488","397","Microsoft-Windows-Application-Experience","eef54e71-0661-422d-9a98-82fd4940b820","Microsoft-Windows-Application-Experience/Program-Inventory","1052","1056","rjaf-PC4429","S-1-5-18","8/30/2014 11:46:50 PM",,,"c:\users\mac_1\desktop\winevt\logs\microsoft-windows-application-experience%4program-inventory.evtx","System.UInt32[]","System.Diagnostics.Eventing.Reader.EventBookmark","Information","Info",,"System.Collections.ObjectModel.ReadOnlyCollection`1[System.String]","System.Collections.Generic.List`1[System.Diagnostics.Eventing.Reader.EventProperty]"
"An instance of Program Data Updater (PDU) ran with the following information: StartTime: ?2014?-?08?-?30T11:32:46.047430700Z, StopTime: ?2014?-?08?-?30T11:32:57.295050500Z, ExitCode: 529, Number of new programs: 0, Number of removed programs: 0, Number of updated programs: 0, Number of installed programs: 0, Number of new orphan files: 0, Number of new add-ons: 0, Number of removed add-ons: 0, Number of updated add-ons: 0, Number of installed add-ons: 0, Number of new installations: 0","800","0",,"4","0","0","576460752303423488","396","Microsoft-Windows-Application-Experience","eef54e71-0661-422d-9a98-82fd4940b820","Microsoft-Windows-Application-Experience/Program-Inventory","3240","3824","rjaf-PC4429","S-1-5-18","8/30/2014 4:32:57 AM",,,"c:\users\mac_1\desktop\winevt\logs\microsoft-windows-application-experience%4program-inventory.evtx","System.UInt32[]","System.Diagnostics.Eventing.Reader.EventBookmark","Information","Info",,"System.Collections.ObjectModel.ReadOnlyCollection`1[System.String]","System.Collections.Generic.List`1[System.Diagnostics.Eventing.Reader.EventProperty]"
"An instance of Program Data Updater (PDU) ran with the following information: StartTime: ?2014?-?08?-?29T15:21:50.014855700Z, StopTime: ?2014?-?08?-?29T15:21:50.077255800Z, ExitCode: 529, Number of new programs: 0, Number of removed programs: 0, Number of updated programs: 0, Number of installed programs: 0, Number of new orphan files: 0, Number of new add-ons: 0, Number of removed add-ons: 0, Number of updated add-ons: 0, Number of installed add-ons: 0, Number of new installations: 0","800","0",,"4","0","0","576460752303423488","395","Microsoft-Windows-Application-Experience","eef54e71-0661-422d-9a98-82fd4940b820","Microsoft-Windows-Application-Experience/Program-Inventory","2664","2668","rjaf-PC4429","S-1-5-18","8/29/2014 8:21:50 AM",,,"c:\users\mac_1\desktop\winevt\logs\microsoft-windows-application-experience%4program-inventory.evtx","System.UInt32[]","System.Diagnostics.Eventing.Reader.EventBookmark","Information","Info",,"System.Collections.ObjectModel.ReadOnlyCollection`1[System.String]","System.Collections.Generic.List`1[System.Diagnostics.Eventing.Reader.EventProperty]"
"An instance of Program Data Updater (PDU) ran with the following information: StartTime: ?2014?-?08?-?28T04:50:41.687794600Z, StopTime: ?2014?-?08?-?28T04:50:41.688794600Z, ExitCode: 529, Number of new programs: 0, Number of removed programs: 0, Number of updated programs: 0, Number of installed programs: 0, Number of new orphan files: 0, Number of new add-ons: 0, Number of removed add-ons: 0, Number of updated add-ons: 0, Number of installed add-ons: 0, Number of new installations: 0","800","0",,"4","0","0","576460752303423488","394","Microsoft-Windows-Application-Experience","eef54e71-0661-422d-9a98-82fd4940b820","Microsoft-Windows-Application-Experience/Program-Inventory","3764","2528","rjaf-PC4429","S-1-5-18","8/27/2014 9:50:41 PM",,,"c:\users\mac_1\desktop\winevt\logs\microsoft-windows-application-experience%4program-inventory.evtx","System.UInt32[]","System.Diagnostics.Eventing.Reader.EventBookmark","Information","Info",,"System.Collections.ObjectModel.ReadOnlyCollection`1[System.String]","System.Collections.Generic.List`1[System.Diagnostics.Eventing.Reader.EventProperty]"
"An instance of Program Data Updater (PDU) ran with the following information: StartTime: ?2014?-?08?-?27T20:01:38.983691200Z, StopTime: ?2014?-?08?-?27T20:03:02.553038000Z, ExitCode: 529, Number of new programs: 0, Number of removed programs: 0, Number of updated programs: 0, Number of installed programs: 37, Number of new orphan files: 2, Number of new add-ons: 0, Number of removed add-ons: 0, Number of updated add-ons: 0, Number of installed add-ons: 75, Number of new installations: 0","800","0",,"4","0","0","576460752303423488","393","Microsoft-Windows-Application-Experience","eef54e71-0661-422d-9a98-82fd4940b820","Microsoft-Windows-Application-Experience/Program-Inventory","3624","2668","rjaf-PC4429","S-1-5-18","8/27/2014 1:03:02 PM",,,"c:\users\mac_1\desktop\winevt\logs\microsoft-windows-application-experience%4program-inventory.evtx","System.UInt32[]","System.Diagnostics.Eventing.Reader.EventBookmark","Information","Info",,"System.Collections.ObjectModel.ReadOnlyCollection`1[System.String]","System.Collections.Generic.List`1[System.Diagnostics.Eventing.Reader.EventProperty]"
"An instance of Program Data Updater (PDU) ran with the following information: StartTime: ?2014?-?08?-?27T17:25:34.220715000Z, StopTime: ?2014?-?08?-?27T17:25:34.221715100Z, ExitCode: 529, Number of new programs: 0, Number of removed programs: 0, Number of updated programs: 0, Number of installed programs: 0, Number of new orphan files: 0, Number of new add-ons: 0, Number of removed add-ons: 0, Number of updated add-ons: 0, Number of installed add-ons: 0, Number of new installations: 0","800","0",,"4","0","0","576460752303423488","392","Microsoft-Windows-Application-Experience","eef54e71-0661-422d-9a98-82fd4940b820","Microsoft-Windows-Application-Experience/Program-Inventory","3256","3300","rjaf-PC4429","S-1-5-18","8/27/2014 10:25:34 AM",,,"c:\users\mac_1\desktop\winevt\logs\microsoft-windows-application-experience%4program-inventory.evtx","System.UInt32[]","System.Diagnostics.Eventing.Reader.EventBookmark","Information","Info",,"System.Collections.ObjectModel.ReadOnlyCollection`1[System.String]","System.Collections.Generic.List`1[System.Diagnostics.Eventing.Reader.EventProperty]"
"An instance of Program Data Updater (PDU) ran with the following information: StartTime: ?2014?-?08?-?26T05:37:03.757934100Z, StopTime: ?2014?-?08?-?26T05:37:03.882734300Z, ExitCode: 529, Number of new programs: 0, Number of removed programs: 0, Number of updated programs: 0, Number of installed programs: 0, Number of new orphan files: 0, Number of new add-ons: 0, Number of removed add-ons: 0, Number of updated add-ons: 0, Number of installed add-ons: 0, Number of new installations: 0","800","0",,"4","0","0","576460752303423488","391","Microsoft-Windows-Application-Experience","eef54e71-0661-422d-9a98-82fd4940b820","Microsoft-Windows-Application-Experience/Program-Inventory","3956","3380","rjaf-PC4429","S-1-5-18","8/25/2014 10:37:03 PM",,,"c:\users\mac_1\desktop\winevt\logs\microsoft-windows-application-experience%4program-inventory.evtx","System.UInt32[]","System.Diagnostics.Eventing.Reader.EventBookmark","Information","Info",,"System.Collections.ObjectModel.ReadOnlyCollection`1[System.String]","System.Collections.Generic.List`1[System.Diagnostics.Eventing.Reader.EventProperty]"
"An instance of Program Data Updater (PDU) ran with the following information: StartTime: ?2014?-?08?-?25T07:52:20.379860500Z, StopTime: ?2014?-?08?-?25T07:52:28.658334000Z, ExitCode: 529, Number of new programs: 0, Number of removed programs: 0, Number of updated programs: 0, Number of installed programs: 0, Number of new orphan files: 0, Number of new add-ons: 0, Number of removed add-ons: 0, Number of updated add-ons: 0, Number of installed add-ons: 0, Number of new installations: 0","800","0",,"4","0","0","576460752303423488","390","Microsoft-Windows-Application-Experience","eef54e71-0661-422d-9a98-82fd4940b820","Microsoft-Windows-Application-Experience/Program-Inventory","2056","3552","rjaf-PC4429","S-1-5-18","8/25/2014 12:52:28 AM",,,"c:\users\mac_1\desktop\winevt\logs\microsoft-windows-application-experience%4program-inventory.evtx","System.UInt32[]","System.Diagnostics.Eventing.Reader.EventBookmark","Information","Info",,"System.Collections.ObjectModel.ReadOnlyCollection`1[System.String]","System.Collections.Generic.List`1[System.Diagnostics.Eventing.Reader.EventProperty]"
"An instance of Program Data Updater (PDU) ran with the following information: StartTime: ?2014?-?08?-?24T06:38:22.777342200Z, StopTime: ?2014?-?08?-?24T06:39:38.905475900Z, ExitCode: 529, Number of new programs: 0, Number of removed programs: 0, Number of updated programs: 0, Number of installed programs: 37, Number of new orphan files: 0, Number of new add-ons: 0, Number of removed add-ons: 0, Number of updated add-ons: 0, Number of installed add-ons: 75, Number of new installations: 0","800","0",,"4","0","0","576460752303423488","389","Microsoft-Windows-Application-Experience","eef54e71-0661-422d-9a98-82fd4940b820","Microsoft-Windows-Application-Experience/Program-Inventory","1288","3104","rjaf-PC4429","S-1-5-18","8/23/2014 11:39:38 PM",,,"c:\users\mac_1\desktop\winevt\logs\microsoft-windows-application-experience%4program-inventory.evtx","System.UInt32[]","System.Diagnostics.Eventing.Reader.EventBookmark","Information","Info",,"System.Collections.ObjectModel.ReadOnlyCollection`1[System.String]","System.Collections.Generic.List`1[System.Diagnostics.Eventing.Reader.EventProperty]"
"An instance of Program Data Updater (PDU) ran with the following information: StartTime: ?2014?-?08?-?24T06:15:46.500271100Z, StopTime: ?2014?-?08?-?24T06:15:46.762286100Z, ExitCode: 529, Number of new programs: 0, Number of removed programs: 0, Number of updated programs: 0, Number of installed programs: 0, Number of new orphan files: 0, Number of new add-ons: 0, Number of removed add-ons: 0, Number of updated add-ons: 0, Number of installed add-ons: 0, Number of new installations: 0","800","0",,"4","0","0","576460752303423488","388","Microsoft-Windows-Application-Experience","eef54e71-0661-422d-9a98-82fd4940b820","Microsoft-Windows-Application-Experience/Program-Inventory","2816","400","rjaf-PC4429","S-1-5-18","8/23/2014 11:15:46 PM",,,"c:\users\mac_1\desktop\winevt\logs\microsoft-windows-application-experience%4program-inventory.evtx","System.UInt32[]","System.Diagnostics.Eventing.Reader.EventBookmark","Information","Info",,"System.Collections.ObjectModel.ReadOnlyCollection`1[System.String]","System.Collections.Generic.List`1[System.Diagnostics.Eventing.Reader.EventProperty]"
"An instance of Program Data Updater (PDU) ran with the following information: StartTime: ?2014?-?08?-?23T09:06:27.390732500Z, StopTime: ?2014?-?08?-?23T09:06:27.421932600Z, ExitCode: 529, Number of new programs: 0, Number of removed programs: 0, Number of updated programs: 0, Number of installed programs: 0, Number of new orphan files: 0, Number of new add-ons: 0, Number of removed add-ons: 0, Number of updated add-ons: 0, Number of installed add-ons: 0, Number of new installations: 0","800","0",,"4","0","0","576460752303423488","387","Microsoft-Windows-Application-Experience","eef54e71-0661-422d-9a98-82fd4940b820","Microsoft-Windows-Application-Experience/Program-Inventory","3576","1164","rjaf-PC4429","S-1-5-18","8/23/2014 2:06:27 AM",,,"c:\users\mac_1\desktop\winevt\logs\microsoft-windows-application-experience%4program-inventory.evtx","System.UInt32[]","System.Diagnostics.Eventing.Reader.EventBookmark","Information","Info",,"System.Collections.ObjectModel.ReadOnlyCollection`1[System.String]","System.Collections.Generic.List`1[System.Diagnostics.Eventing.Reader.EventProperty]"
"An instance of Program Data Updater (PDU) ran with the following information: StartTime: ?2014?-?08?-?22T12:04:06.664620900Z, StopTime: ?2014?-?08?-?22T12:04:06.664620900Z, ExitCode: 529, Number of new programs: 0, Number of removed programs: 0, Number of updated programs: 0, Number of installed programs: 0, Number of new orphan files: 0, Number of new add-ons: 0, Number of removed add-ons: 0, Number of updated add-ons: 0, Number of installed add-ons: 0, Number of new installations: 0","800","0",,"4","0","0","576460752303423488","386","Microsoft-Windows-Application-Experience","eef54e71-0661-422d-9a98-82fd4940b820","Microsoft-Windows-Application-Experience/Program-Inventory","704","3316","rjaf-PC4429","S-1-5-18","8/22/2014 5:04:06 AM",,,"c:\users\mac_1\desktop\winevt\logs\microsoft-windows-application-experience%4program-inventory.evtx","System.UInt32[]","System.Diagnostics.Eventing.Reader.EventBookmark","Information","Info",,"System.Collections.ObjectModel.ReadOnlyCollection`1[System.String]","System.Collections.Generic.List`1[System.Diagnostics.Eventing.Reader.EventProperty]"
"An instance of Program Data Updater (PDU) ran with the following information: StartTime: ?2014?-?08?-?20T21:42:37.685238200Z, StopTime: ?2014?-?08?-?20T21:42:37.685238200Z, ExitCode: 529, Number of new programs: 0, Number of removed programs: 0, Number of updated programs: 0, Number of installed programs: 0, Number of new orphan files: 0, Number of new add-ons: 0, Number of removed add-ons: 0, Number of updated add-ons: 0, Number of installed add-ons: 0, Number of new installations: 0","800","0",,"4","0","0","576460752303423488","385","Microsoft-Windows-Application-Experience","eef54e71-0661-422d-9a98-82fd4940b820","Microsoft-Windows-Application-Experience/Program-Inventory","2284","2272","rjaf-PC4429","S-1-5-18","8/20/2014 2:42:37 PM",,,"c:\users\mac_1\desktop\winevt\logs\microsoft-windows-application-experience%4program-inventory.evtx","System.UInt32[]","System.Diagnostics.Eventing.Reader.EventBookmark","Information","Info",,"System.Collections.ObjectModel.ReadOnlyCollection`1[System.String]","System.Collections.Generic.List`1[System.Diagnostics.Eventing.Reader.EventProperty]"
"An instance of Program Data Updater (PDU) ran with the following information: StartTime: ?2014?-?08?-?20T05:54:26.652834500Z, StopTime: ?2014?-?08?-?20T05:54:26.653834600Z, ExitCode: 529, Number of new programs: 0, Number of removed programs: 0, Number of updated programs: 0, Number of installed programs: 0, Number of new orphan files: 0, Number of new add-ons: 0, Number of removed add-ons: 0, Number of updated add-ons: 0, Number of installed add-ons: 0, Number of new installations: 0","800","0",,"4","0","0","576460752303423488","384","Microsoft-Windows-Application-Experience","eef54e71-0661-422d-9a98-82fd4940b820","Microsoft-Windows-Application-Experience/Program-Inventory","3136","1976","rjaf-PC4429","S-1-5-18","8/19/2014 10:54:26 PM",,,"c:\users\mac_1\desktop\winevt\logs\microsoft-windows-application-experience%4program-inventory.evtx","System.UInt32[]","System.Diagnostics.Eventing.Reader.EventBookmark","Information","Info",,"System.Collections.ObjectModel.ReadOnlyCollection`1[System.String]","System.Collections.Generic.List`1[System.Diagnostics.Eventing.Reader.EventProperty]"
"An instance of Program Data Updater (PDU) ran with the following information: StartTime: ?2014?-?08?-?19T22:00:23.664775000Z, StopTime: ?2014?-?08?-?19T22:00:23.664775000Z, ExitCode: 529, Number of new programs: 0, Number of removed programs: 0, Number of updated programs: 0, Number of installed programs: 0, Number of new orphan files: 0, Number of new add-ons: 0, Number of removed add-ons: 0, Number of updated add-ons: 0, Number of installed add-ons: 0, Number of new installations: 0","800","0",,"4","0","0","576460752303423488","383","Microsoft-Windows-Application-Experience","eef54e71-0661-422d-9a98-82fd4940b820","Microsoft-Windows-Application-Experience/Program-Inventory","3032","824","rjaf-PC4429","S-1-5-18","8/19/2014 3:00:23 PM",,,"c:\users\mac_1\desktop\winevt\logs\microsoft-windows-application-experience%4program-inventory.evtx","System.UInt32[]","System.Diagnostics.Eventing.Reader.EventBookmark","Information","Info",,"System.Collections.ObjectModel.ReadOnlyCollection`1[System.String]","System.Collections.Generic.List`1[System.Diagnostics.Eventing.Reader.EventProperty]"
"An instance of Program Data Updater (PDU) ran with the following information: StartTime: ?2014?-?08?-?19T19:53:49.640352500Z, StopTime: ?2014?-?08?-?19T19:55:01.696879000Z, ExitCode: 529, Number of new programs: 0, Number of removed programs: 0, Number of updated programs: 0, Number of installed programs: 37, Number of new orphan files: 1, Number of new add-ons: 0, Number of removed add-ons: 0, Number of updated add-ons: 0, Number of installed add-ons: 75, Number of new installations: 0","800","0",,"4","0","0","576460752303423488","382","Microsoft-Windows-Application-Experience","eef54e71-0661-422d-9a98-82fd4940b820","Microsoft-Windows-Application-Experience/Program-Inventory","4088","428","rjaf-PC4429","S-1-5-18","8/19/2014 12:55:01 PM",,,"c:\users\mac_1\desktop\winevt\logs\microsoft-windows-application-experience%4program-inventory.evtx","System.UInt32[]","System.Diagnostics.Eventing.Reader.EventBookmark","Information","Info",,"System.Collections.ObjectModel.ReadOnlyCollection`1[System.String]","System.Collections.Generic.List`1[System.Diagnostics.Eventing.Reader.EventProperty]"
"An instance of Program Data Updater (PDU) ran with the following information: StartTime: ?2014?-?08?-?19T19:03:49.002357400Z, StopTime: ?2014?-?08?-?19T19:03:59.891176500Z, ExitCode: 529, Number of new programs: 0, Number of removed programs: 0, Number of updated programs: 0, Number of installed programs: 0, Number of new orphan files: 0, Number of new add-ons: 0, Number of removed add-ons: 0, Number of updated add-ons: 0, Number of installed add-ons: 0, Number of new installations: 0","800","0",,"4","0","0","576460752303423488","381","Microsoft-Windows-Application-Experience","eef54e71-0661-422d-9a98-82fd4940b820","Microsoft-Windows-Application-Experience/Program-Inventory","1960","1988","rjaf-PC4429","S-1-5-18","8/19/2014 12:03:59 PM",,,"c:\users\mac_1\desktop\winevt\logs\microsoft-windows-application-experience%4program-inventory.evtx","System.UInt32[]","System.Diagnostics.Eventing.Reader.EventBookmark","Information","Info",,"System.Collections.ObjectModel.ReadOnlyCollection`1[System.String]","System.Collections.Generic.List`1[System.Diagnostics.Eventing.Reader.EventProperty]"
