Fix information: 000 Legacy Registry Entries (User Compat Flags), {3BE690E1-0665-430A-8F6D-89DDD4857989}, 0x10101.","500","0",,"4","0","0","1152921504606846976","479","Microsoft-Windows-Application-Experience","eef54e71-0661-422d-9a98-82fd4940b820","Microsoft-Windows-Application-Experience/Program-Telemetry","1344","3540","rjaf-PC4429","S-1-5-21-1634558665-2257203147-3060767804-1000","5/17/2015 11:07:10 AM",,,"c:\users\mac_1\desktop\winevt\logs\microsoft-windows-application-experience%4program-telemetry.evtx","System.UInt32[]","System.Diagnostics.Eventing.Reader.EventBookmark","Information","Info",,"System.Collections.ObjectModel.ReadOnlyCollection`1[System.String]","System.Collections.Generic.List`1[System.Diagnostics.Eventing.Reader.EventProperty]"
"Compatibility fix applied to C:\Program Files\Microsoft Office\Office12\EXCEL.EXE.
Fix information: Excel 2007, {778758CD-1833-4633-940B-83EC39D5A309}, 0x10101.","500","0",,"4","0","0","1152921504606846976","478","Microsoft-Windows-Application-Experience","eef54e71-0661-422d-9a98-82fd4940b820","Microsoft-Windows-Application-Experience/Program-Telemetry","1344","3540","rjaf-PC4429","S-1-5-21-1634558665-2257203147-3060767804-1000","5/17/2015 11:07:10 AM",,,"c:\users\mac_1\desktop\winevt\logs\microsoft-windows-application-experience%4program-telemetry.evtx","System.UInt32[]","System.Diagnostics.Eventing.Reader.EventBookmark","Information","Info",,"System.Collections.ObjectModel.ReadOnlyCollection`1[System.String]","System.Collections.Generic.List`1[System.Diagnostics.Eventing.Reader.EventProperty]"
"Compatibility fix applied to C:\Program Files\Microsoft Office\Office12\EXCEL.EXE.
Fix information: Microsoft Office, {8869EFC2-423B-4B6F-864E-87F205CFCCA0}, 0x10101.","500","0",,"4","0","0","1152921504606846976","477","Microsoft-Windows-Application-Experience","eef54e71-0661-422d-9a98-82fd4940b820","Microsoft-Windows-Application-Experience/Program-Telemetry","1344","3540","rjaf-PC4429","S-1-5-21-1634558665-2257203147-3060767804-1000","5/17/2015 11:07:10 AM",,,"c:\users\mac_1\desktop\winevt\logs\microsoft-windows-application-experience%4program-telemetry.evtx","System.UInt32[]","System.Diagnostics.Eventing.Reader.EventBookmark","Information","Info",,"System.Collections.ObjectModel.ReadOnlyCollection`1[System.String]","System.Collections.Generic.List`1[System.Diagnostics.Eventing.Reader.EventProperty]"
"The Application Impact Telemetry (AIT) Agent is not running because AIT is disabled.","701","0",,"4","0","0","1152921504606846976","476","Microsoft-Windows-Application-Experience","eef54e71-0661-422d-9a98-82fd4940b820","Microsoft-Windows-Application-Experience/Program-Telemetry","3444","3656","rjaf-PC4429","S-1-5-18","5/17/2015 8:54:44 AM",,,"c:\users\mac_1\desktop\winevt\logs\microsoft-windows-application-experience%4program-telemetry.evtx","System.UInt32[]","System.Diagnostics.Eventing.Reader.EventBookmark","Information","Info",,"System.Collections.ObjectModel.ReadOnlyCollection`1[System.String]","System.Collections.Generic.List`1[System.Diagnostics.Eventing.Reader.EventProperty]"
"Compatibility fix applied to C:\Windows\system32\eudcedit.exe.
Fix information: RedirectEXE, {CC47E060-A618-4D4F-9BBC-57C155C71125}, 0x10205.","500","0",,"4","0","0","1152921504606846976","475","Microsoft-Windows-Application-Experience","eef54e71-0661-422d-9a98-82fd4940b820","Microsoft-Windows-Application-Experience/Program-Telemetry","3660","2812","rjaf-PC4429","S-1-5-21-1634558665-2257203147-3060767804-1000","5/17/2015 7:41:46 AM",,,"c:\users\mac_1\desktop\winevt\logs\microsoft-windows-application-experience%4program-telemetry.evtx","System.UInt32[]","System.Diagnostics.Eventing.Reader.EventBookmark","Information","Info",,"System.Collections.ObjectModel.ReadOnlyCollection`1[System.String]","System.Collections.Generic.List`1[System.Diagnostics.Eventing.Reader.EventProperty]"
"The Application Impact Telemetry (AIT) Agent is not running because AIT is disabled.","701","0",,"4","0","0","1152921504606846976","474","Microsoft-Windows-Application-Experience","eef54e71-0661-422d-9a98-82fd4940b820","Microsoft-Windows-Application-Experience/Program-Telemetry","3632","1616","rjaf-PC4429","S-1-5-18","5/13/2015 4:30:00 PM",,,"c:\users\mac_1\desktop\winevt\logs\microsoft-windows-application-experience%4program-telemetry.evtx","System.UInt32[]","System.Diagnostics.Eventing.Reader.EventBookmark","Information","Info",,"System.Collections.ObjectModel.ReadOnlyCollection`1[System.String]","System.Collections.Generic.List`1[System.Diagnostics.Eventing.Reader.EventProperty]"
"The Application Impact Telemetry (AIT) Agent is not running because AIT is disabled.","701","0",,"4","0","0","1152921504606846976","473","Microsoft-Windows-Application-Experience","eef54e71-0661-422d-9a98-82fd4940b820","Microsoft-Windows-Application-Experience/Program-Telemetry","3448","1252","rjaf-PC4429","S-1-5-18","5/12/2015 4:30:00 PM",,,"c:\users\mac_1\desktop\winevt\logs\microsoft-windows-application-experience%4program-telemetry.evtx","System.UInt32[]","System.Diagnostics.Eventing.Reader.EventBookmark","Information","Info",,"System.Collections.ObjectModel.ReadOnlyCollection`1[System.String]","System.Collections.Generic.List`1[System.Diagnostics.Eventing.Reader.EventProperty]"
"The Application Impact Telemetry (AIT) Agent is not running because AIT is disabled.","701","0",,"4","0","0","1152921504606846976","472","Microsoft-Windows-Application-Experience","eef54e71-0661-422d-9a98-82fd4940b820","Microsoft-Windows-Application-Experience/Program-Telemetry","4088","3280","rjaf-PC4429","S-1-5-18","5/12/2015 1:15:25 AM",,,"c:\users\mac_1\desktop\winevt\logs\microsoft-windows-application-experience%4program-telemetry.evtx","System.UInt32[]","System.Diagnostics.Eventing.Reader.EventBookmark","Information","Info",,"System.Collections.ObjectModel.ReadOnlyCollection`1[System.String]","System.Collections.Generic.List`1[System.Diagnostics.Eventing.Reader.EventProperty]"
"The Application Impact Telemetry (AIT) Agent is not running because AIT is disabled.","701","0",,"4","0","0","1152921504606846976","471","Microsoft-Windows-Application-Experience","eef54e71-0661-422d-9a98-82fd4940b820","Microsoft-Windows-Application-Experience/Program-Telemetry","3268","3400","rjaf-PC4429","S-1-5-18","5/11/2015 1:24:45 AM",,,"c:\users\mac_1\desktop\winevt\logs\microsoft-windows-application-experience%4program-telemetry.evtx","System.UInt32[]","System.Diagnostics.Eventing.Reader.EventBookmark","Information","Info",,"System.Collections.ObjectModel.ReadOnlyCollection`1[System.String]","System.Collections.Generic.List`1[System.Diagnostics.Eventing.Reader.EventProperty]"
"The Application Impact Telemetry (AIT) Agent is not running because AIT is disabled.","701","0",,"4","0","0","1152921504606846976","470","Microsoft-Windows-Application-Experience","eef54e71-0661-422d-9a98-82fd4940b820","Microsoft-Windows-Application-Experience/Program-Telemetry","1024","1144","rjaf-PC4429","S-1-5-18","5/10/2015 2:07:00 AM",,,"c:\users\mac_1\desktop\winevt\logs\microsoft-windows-application-experience%4program-telemetry.evtx","System.UInt32[]","System.Diagnostics.Eventing.Reader.EventBookmark","Information","Info",,"System.Collections.ObjectModel.ReadOnlyCollection`1[System.String]","System.Collections.Generic.List`1[System.Diagnostics.Eventing.Reader.EventProperty]"
"The Application Impact Telemetry (AIT) Agent is not running because AIT is disabled.","701","0",,"4","0","0","1152921504606846976","469","Microsoft-Windows-Application-Experience","eef54e71-0661-422d-9a98-82fd4940b820","Microsoft-Windows-Application-Experience/Program-Telemetry","2560","3628","rjaf-PC4429","S-1-5-18","5/7/2015 12:13:30 AM",,,"c:\users\mac_1\desktop\winevt\logs\microsoft-windows-application-experience%4program-telemetry.evtx","System.UInt32[]","System.Diagnostics.Eventing.Reader.EventBookmark","Information","Info",,"System.Collections.ObjectModel.ReadOnlyCollection`1[System.String]","System.Collections.Generic.List`1[System.Diagnostics.Eventing.Reader.EventProperty]"
"Compatibility fix applied to C:\Program Files\Microsoft Office\Office12\WINWORD.EXE.
Fix information: Microsoft Office, {6BB5749F-A9E2-4020-B370-6EC0EFBD64E4}, 0x10101.","500","0",,"4","0","0","1152921504606846976","468","Microsoft-Windows-Application-Experience","eef54e71-0661-422d-9a98-82fd4940b820","Microsoft-Windows-Application-Experience/Program-Telemetry","2868","2416","rjaf-PC4429","S-1-5-21-1634558665-2257203147-3060767804-1000","5/6/2015 4:42:05 AM",,,"c:\users\mac_1\desktop\winevt\logs\microsoft-windows-application-experience%4program-telemetry.evtx","System.UInt32[]","System.Diagnostics.Eventing.Reader.EventBookmark","Information","Info",,"System.Collections.ObjectModel.ReadOnlyCollection`1[System.String]","System.Collections.Generic.List`1[System.Diagnostics.Eventing.Reader.EventProperty]"
"Compatibility fix applied to C:\Program Files\Microsoft Office\Office12\EXCEL.EXE.
Fix information: 000 Legacy Registry Entries (User Compat Flags), {3BE690E1-0665-430A-8F6D-89DDD4857989}, 0x10101.","500","0",,"4","0","0","1152921504606846976","467","Microsoft-Windows-Application-Experience","eef54e71-0661-422d-9a98-82fd4940b820","Microsoft-Windows-Application-Experience/Program-Telemetry","3800","3808","rjaf-PC4429","S-1-5-21-1634558665-2257203147-3060767804-1000","5/6/2015 2:10:12 AM",,,"c:\users\mac_1\desktop\winevt\logs\microsoft-windows-application-experience%4program-telemetry.evtx","System.UInt32[]","System.Diagnostics.Eventing.Reader.EventBookmark","Information","Info",,"System.Collections.ObjectModel.ReadOnlyCollection`1[System.String]","System.Collections.Generic.List`1[System.Diagnostics.Eventing.Reader.EventProperty]"
"Compatibility fix applied to C:\Program Files\Microsoft Office\Office12\EXCEL.EXE.
Fix information: Excel 2007, {778758CD-1833-4633-940B-83EC39D5A309}, 0x10101.","500","0",,"4","0","0","1152921504606846976","466","Microsoft-Windows-Application-Experience","eef54e71-0661-422d-9a98-82fd4940b820","Microsoft-Windows-Application-Experience/Program-Telemetry","3800","3808","rjaf-PC4429","S-1-5-21-1634558665-2257203147-3060767804-1000","5/6/2015 2:10:12 AM",,,"c:\users\mac_1\desktop\winevt\logs\microsoft-windows-application-experience%4program-telemetry.evtx","System.UInt32[]","System.Diagnostics.Eventing.Reader.EventBookmark","Information","Info",,"System.Collections.ObjectModel.ReadOnlyCollection`1[System.String]","System.Collections.Generic.List`1[System.Diagnostics.Eventing.Reader.EventProperty]"
"Compatibility fix applied to C:\Program Files\Microsoft Office\Office12\EXCEL.EXE.
Fix information: Microsoft Office, {8869EFC2-423B-4B6F-864E-87F205CFCCA0}, 0x10101.","500","0",,"4","0","0","1152921504606846976","465","Microsoft-Windows-Application-Experience","eef54e71-0661-422d-9a98-82fd4940b820","Microsoft-Windows-Application-Experience/Program-Telemetry","3800","3808","rjaf-PC4429","S-1-5-21-1634558665-2257203147-3060767804-1000","5/6/2015 2:10:12 AM",,,"c:\users\mac_1\desktop\winevt\logs\microsoft-windows-application-experience%4program-telemetry.evtx","System.UInt32[]","System.Diagnostics.Eventing.Reader.EventBookmark","Information","Info",,"System.Collections.ObjectModel.ReadOnlyCollection`1[System.String]","System.Collections.Generic.List`1[System.Diagnostics.Eventing.Reader.EventProperty]"
"The Application Impact Telemetry (AIT) Agent is not running because AIT is disabled.","701","0",,"4","0","0","1152921504606846976","464","Microsoft-Windows-Application-Experience","eef54e71-0661-422d-9a98-82fd4940b820","Microsoft-Windows-Application-Experience/Program-Telemetry","5648","4496","rjaf-PC4429","S-1-5-18","5/5/2015 4:30:00 PM",,,"c:\users\mac_1\desktop\winevt\logs\microsoft-windows-application-experience%4program-telemetry.evtx","System.UInt32[]","System.Diagnostics.Eventing.Reader.EventBookmark","Information","Info",,"System.Collections.ObjectModel.ReadOnlyCollection`1[System.String]","System.Collections.Generic.List`1[System.Diagnostics.Eventing.Reader.EventProperty]"
"Compatibility fix applied to C:\Program Files\Microsoft Office\Office12\WINWORD.EXE.
Fix information: Microsoft Office, {6BB5749F-A9E2-4020-B370-6EC0EFBD64E4}, 0x10101.","500","0",,"4","0","0","1152921504606846976","463","Microsoft-Windows-Application-Experience","eef54e71-0661-422d-9a98-82fd4940b820","Microsoft-Windows-Application-Experience/Program-Telemetry","5116","4828","rjaf-PC4429","S-1-5-21-1634558665-2257203147-3060767804-1000","5/5/2015 10:18:08 AM",,,"c:\users\mac_1\desktop\winevt\logs\microsoft-windows-application-experience%4program-telemetry.evtx","System.UInt32[]","System.Diagnostics.Eventing.Reader.EventBookmark","Information","Info",,"System.Collections.ObjectModel.ReadOnlyCollection`1[System.String]","System.Collections.Generic.List`1[System.Diagnostics.Eventing.Reader.EventProperty]"
"Compatibility fix applied to C:\Program Files\Microsoft Office\Office12\EXCEL.EXE.
Fix information: 000 Legacy Registry Entries (User Compat Flags), {3BE690E1-0665-430A-8F6D-89DDD4857989}, 0x10101.","500","0",,"4","0","0","1152921504606846976","462","Microsoft-Windows-Application-Experience","eef54e71-0661-422d-9a98-82fd4940b820","Microsoft-Windows-Application-Experience/Program-Telemetry","1764","5308","rjaf-PC4429","S-1-5-21-1634558665-2257203147-3060767804-1000","5/5/2015 8:24:09 AM",,,"c:\users\mac_1\desktop\winevt\logs\microsoft-windows-application-experience%4program-telemetry.evtx","System.UInt32[]","System.Diagnostics.Eventing.Reader.EventBookmark","Information","Info",,"System.Collections.ObjectModel.ReadOnlyCollection`1[System.String]","System.Collections.Generic.List`1[System.Diagnostics.Eventing.Reader.EventProperty]"
"Compatibility fix applied to C:\Program Files\Microsoft Office\Office12\EXCEL.EXE.
Fix information: Excel 2007, {778758CD-1833-4633-940B-83EC39D5A309}, 0x10101.","500","0",,"4","0","0","1152921504606846976","461","Microsoft-Windows-Application-Experience","eef54e71-0661-422d-9a98-82fd4940b820","Microsoft-Windows-Application-Experience/Program-Telemetry","1764","5308","rjaf-PC4429","S-1-5-21-1634558665-2257203147-3060767804-1000","5/5/2015 8:24:09 AM",,,"c:\users\mac_1\desktop\winevt\logs\microsoft-windows-application-experience%4program-telemetry.evtx","System.UInt32[]","System.Diagnostics.Eventing.Reader.EventBookmark","Information","Info",,"System.Collections.ObjectModel.ReadOnlyCollection`1[System.String]","System.Collections.Generic.List`1[System.Diagnostics.Eventing.Reader.EventProperty]"
"Compatibility fix applied to C:\Program Files\Microsoft Office\Office12\EXCEL.EXE.
Fix information: Microsoft Office, {8869EFC2-423B-4B6F-864E-87F205CFCCA0}, 0x10101.","500","0",,"4","0","0","1152921504606846976","460","Microsoft-Windows-Application-Experience","eef54e71-0661-422d-9a98-82fd4940b820","Microsoft-Windows-Application-Experience/Program-Telemetry","1764","5308","rjaf-PC4429","S-1-5-21-1634558665-2257203147-3060767804-1000","5/5/2015 8:24:09 AM",,,"c:\users\mac_1\desktop\winevt\logs\microsoft-windows-application-experience%4program-telemetry.evtx","System.UInt32[]","System.Diagnostics.Eventing.Reader.EventBookmark","Information","Info",,"System.Collections.ObjectModel.ReadOnlyCollection`1[System.String]","System.Collections.Generic.List`1[System.Diagnostics.Eventing.Reader.EventProperty]"
"Compatibility fix applied to C:\Windows\System32\shrpubw.exe.
Fix information: RedirectEXE, {CC47E060-A618-4D4F-9BBC-57C155C71125}, 0x10205.","500","0",,"4","0","0","1152921504606846976","459","Microsoft-Windows-Application-Experience","eef54e71-0661-422d-9a98-82fd4940b820","Microsoft-Windows-Application-Experience/Program-Telemetry","5060","1064","rjaf-PC4429","S-1-5-21-1634558665-2257203147-3060767804-1000","5/5/2015 4:00:09 AM",,,"c:\users\mac_1\desktop\winevt\logs\microsoft-windows-application-experience%4program-telemetry.evtx","System.UInt32[]","System.Diagnostics.Eventing.Reader.EventBookmark","Information","Info",,"System.Collections.ObjectModel.ReadOnlyCollection`1[System.String]","System.Collections.Generic.List`1[System.Diagnostics.Eventing.Reader.EventProperty]"
"Compatibility fix applied to C:\Windows\System32\dcomcnfg.exe.
Fix information: RedirectEXE, {CC47E060-A618-4D4F-9BBC-57C155C71125}, 0x10205.","500","0",,"4","0","0","1152921504606846976","458","Microsoft-Windows-Application-Experience","eef54e71-0661-422d-9a98-82fd4940b820","Microsoft-Windows-Application-Experience/Program-Telemetry","604","2976","rjaf-PC4429","S-1-5-21-1634558665-2257203147-3060767804-1000","5/5/2015 3:57:57 AM",,,"c:\users\mac_1\desktop\winevt\logs\microsoft-windows-application-experience%4program-telemetry.evtx","System.UInt32[]","System.Diagnostics.Eventing.Reader.EventBookmark","Information","Info",,"System.Collections.ObjectModel.ReadOnlyCollection`1[System.String]","System.Collections.Generic.List`1[System.Diagnostics.Eventing.Reader.EventProperty]"
"Compatibility fix applied to C:\Windows\System32\tcmsetup.exe.
Fix information: RedirectEXE, {CC47E060-A618-4D4F-9BBC-57C155C71125}, 0x10205.","500","0",,"4","0","0","1152921504606846976","457","Microsoft-Windows-Application-Experience","eef54e71-0661-422d-9a98-82fd4940b820","Microsoft-Windows-Application-Experience/Program-Telemetry","3296","5328","rjaf-PC4429","S-1-5-21-1634558665-2257203147-3060767804-1000","5/5/2015 3:56:22 AM",,,"c:\users\mac_1\desktop\winevt\logs\microsoft-windows-application-experience%4program-telemetry.evtx","System.UInt32[]","System.Diagnostics.Eventing.Reader.EventBookmark","Information","Info",,"System.Collections.ObjectModel.ReadOnlyCollection`1[System.String]","System.Collections.Generic.List`1[System.Diagnostics.Eventing.Reader.EventProperty]"
"Compatibility fix applied to C:\Windows\System32\cliconfg.exe.
Fix information: RedirectEXE, {CC47E060-A618-4D4F-9BBC-57C155C71125}, 0x10205.","500","0",,"4","0","0","1152921504606846976","456","Microsoft-Windows-Application-Experience","eef54e71-0661-422d-9a98-82fd4940b820","Microsoft-Windows-Application-Experience/Program-Telemetry","6032","2828","rjaf-PC4429","S-1-5-21-1634558665-2257203147-3060767804-1000","5/5/2015 3:55:51 AM",,,"c:\users\mac_1\desktop\winevt\logs\microsoft-windows-application-experience%4program-telemetry.evtx","System.UInt32[]","System.Diagnostics.Eventing.Reader.EventBookmark","Information","Info",,"System.Collections.ObjectModel.ReadOnlyCollection`1[System.String]","System.Collections.Generic.List`1[System.Diagnostics.Eventing.Reader.EventProperty]"
"Compatibility fix applied to C:\Windows\System32\tcmsetup.exe.
Fix information: RedirectEXE, {CC47E060-A618-4D4F-9BBC-57C155C71125}, 0x10205.","500","0",,"4","0","0","1152921504606846976","455","Microsoft-Windows-Application-Experience","eef54e71-0661-422d-9a98-82fd4940b820","Microsoft-Windows-Application-Experience/Program-Telemetry","2796","3156","rjaf-PC4429","S-1-5-21-1634558665-2257203147-3060767804-1000","5/5/2015 3:55:11 AM",,,"c:\users\mac_1\desktop\winevt\logs\microsoft-windows-application-experience%4program-telemetry.evtx","System.UInt32[]","System.Diagnostics.Eventing.Reader.EventBookmark","Information","Info",,"System.Collections.ObjectModel.ReadOnlyCollection`1[System.String]","System.Collections.Generic.List`1[System.Diagnostics.Eventing.Reader.EventProperty]"
"The Application Impact Telemetry (AIT) Agent is not running because AIT is disabled.","701","0",,"4","0","0","1152921504606846976","454","Microsoft-Windows-Application-Experience","eef54e71-0661-422d-9a98-82fd4940b820","Microsoft-Windows-Application-Experience/Program-Telemetry","1404","2832","rjaf-PC4429","S-1-5-18","5/4/2015 4:30:00 PM",,,"c:\users\mac_1\desktop\winevt\logs\microsoft-windows-application-experience%4program-telemetry.evtx","System.UInt32[]","System.Diagnostics.Eventing.Reader.EventBookmark","Information","Info",,"System.Collections.ObjectModel.ReadOnlyCollection`1[System.String]","System.Collections.Generic.List`1[System.Diagnostics.Eventing.Reader.EventProperty]"
"The Application Impact Telemetry (AIT) Agent is not running because AIT is disabled.","701","0",,"4","0","0","1152921504606846976","453","Microsoft-Windows-Application-Experience","eef54e71-0661-422d-9a98-82fd4940b820","Microsoft-Windows-Application-Experience/Program-Telemetry","2356","2256","rjaf-PC4429","S-1-5-18","5/3/2015 12:59:19 AM",,,"c:\users\mac_1\desktop\winevt\logs\microsoft-windows-application-experience%4program-telemetry.evtx","System.UInt32[]","System.Diagnostics.Eventing.Reader.EventBookmark","Information","Info",,"System.Collections.ObjectModel.ReadOnlyCollection`1[System.String]","System.Collections.Generic.List`1[System.Diagnostics.Eventing.Reader.EventProperty]"
"The Application Impact Telemetry (AIT) Agent is not running because AIT is disabled.","701","0",,"4","0","0","1152921504606846976","452","Microsoft-Windows-Application-Experience","eef54e71-0661-422d-9a98-82fd4940b820","Microsoft-Windows-Application-Experience/Program-Telemetry","3512","2260","rjaf-PC4429","S-1-5-18","5/2/2015 1:10:54 AM",,,"c:\users\mac_1\desktop\winevt\logs\microsoft-windows-application-experience%4program-telemetry.evtx","System.UInt32[]","System.Diagnostics.Eventing.Reader.EventBookmark","Information","Info",,"System.Collections.ObjectModel.ReadOnlyCollection`1[System.String]","System.Collections.Generic.List`1[System.Diagnostics.Eventing.Reader.EventProperty]"
"The Application Impact Telemetry (AIT) Agent is not running because AIT is disabled.","701","0",,"4","0","0","1152921504606846976","451","Microsoft-Windows-Application-Experience","eef54e71-0661-422d-9a98-82fd4940b820","Microsoft-Windows-Application-Experience/Program-Telemetry","4052","5148","rjaf-PC4429","S-1-5-18","5/1/2015 1:35:49 AM",,,"c:\users\mac_1\desktop\winevt\logs\microsoft-windows-application-experience%4program-telemetry.evtx","System.UInt32[]","System.Diagnostics.Eventing.Reader.EventBookmark","Information","Info",,"System.Collections.ObjectModel.ReadOnlyCollection`1[System.String]","System.Collections.Generic.List`1[System.Diagnostics.Eventing.Reader.EventProperty]"
"The Application Impact Telemetry (AIT) Agent is not running because AIT is disabled.","701","0",,"4","0","0","1152921504606846976","450","Microsoft-Windows-Application-Experience","eef54e71-0661-422d-9a98-82fd4940b820","Microsoft-Windows-Application-Experience/Program-Telemetry","7168","2868","rjaf-PC4429","S-1-5-18","4/30/2015 12:33:35 AM",,,"c:\users\mac_1\desktop\winevt\logs\microsoft-windows-application-experience%4program-telemetry.evtx","System.UInt32[]","System.Diagnostics.Eventing.Reader.EventBookmark","Information","Info",,"System.Collections.ObjectModel.ReadOnlyCollection`1[System.String]","System.Collections.Generic.List`1[System.Diagnostics.Eventing.Reader.EventProperty]"
"Compatibility fix applied to C:\Program Files\Microsoft Office\Office12\OUTLOOK.EXE.
Fix information: 000 Legacy Registry Entries (User Compat Flags), {1BC7045F-B581-40BA-ACE7-A4B32C926447}, 0x10101.","500","0",,"4","0","0","1152921504606846976","449","Microsoft-Windows-Application-Experience","eef54e71-0661-422d-9a98-82fd4940b820","Microsoft-Windows-Application-Experience/Program-Telemetry","3432","3228","rjaf-PC4429","S-1-5-21-1634558665-2257203147-3060767804-1000","4/29/2015 4:40:18 AM",,,"c:\users\mac_1\desktop\winevt\logs\microsoft-windows-application-experience%4program-telemetry.evtx","System.UInt32[]","System.Diagnostics.Eventing.Reader.EventBookmark","Information","Info",,"System.Collections.ObjectModel.ReadOnlyCollection`1[System.String]","System.Collections.Generic.List`1[System.Diagnostics.Eventing.Reader.EventProperty]"
"Compatibility fix applied to C:\Program Files\Microsoft Office\Office12\OUTLOOK.EXE.
Fix information: Outlook 2007, {914719FF-8D59-4B62-9E08-0BC42C875612}, 0x10101.","500","0",,"4","0","0","1152921504606846976","448","Microsoft-Windows-Application-Experience","eef54e71-0661-422d-9a98-82fd4940b820","Microsoft-Windows-Application-Experience/Program-Telemetry","3432","3228","rjaf-PC4429","S-1-5-21-1634558665-2257203147-3060767804-1000","4/29/2015 4:40:18 AM",,,"c:\users\mac_1\desktop\winevt\logs\microsoft-windows-application-experience%4program-telemetry.evtx","System.UInt32[]","System.Diagnostics.Eventing.Reader.EventBookmark","Information","Info",,"System.Collections.ObjectModel.ReadOnlyCollection`1[System.String]","System.Collections.Generic.List`1[System.Diagnostics.Eventing.Reader.EventProperty]"
"Compatibility fix applied to C:\Program Files\Microsoft Office\Office12\OUTLOOK.EXE.
Fix information: Microsoft Office, {2BBD6416-7F3B-4440-9AC6-C0C8DE43C9D6}, 0x10101.","500","0",,"4","0","0","1152921504606846976","447","Microsoft-Windows-Application-Experience","eef54e71-0661-422d-9a98-82fd4940b820","Microsoft-Windows-Application-Experience/Program-Telemetry","3432","3228","rjaf-PC4429","S-1-5-21-1634558665-2257203147-3060767804-1000","4/29/2015 4:40:18 AM",,,"c:\users\mac_1\desktop\winevt\logs\microsoft-windows-application-experience%4program-telemetry.evtx","System.UInt32[]","System.Diagnostics.Eventing.Reader.EventBookmark","Information","Info",,"System.Collections.ObjectModel.ReadOnlyCollection`1[System.String]","System.Collections.Generic.List`1[System.Diagnostics.Eventing.Reader.EventProperty]"
"The Application Impact Telemetry (AIT) Agent is not running because AIT is disabled.","701","0",,"4","0","0","1152921504606846976","446","Microsoft-Windows-Application-Experience","eef54e71-0661-422d-9a98-82fd4940b820","Microsoft-Windows-Application-Experience/Program-Telemetry","2692","852","rjaf-PC4429","S-1-5-18","4/28/2015 4:30:00 PM",,,"c:\users\mac_1\desktop\winevt\logs\microsoft-windows-application-experience%4program-telemetry.evtx","System.UInt32[]","System.Diagnostics.Eventing.Reader.EventBookmark","Information","Info",,"System.Collections.ObjectModel.ReadOnlyCollection`1[System.String]","System.Collections.Generic.List`1[System.Diagnostics.Eventing.Reader.EventProperty]"
"The Application Impact Telemetry (AIT) Agent is not running because AIT is disabled.","701","0",,"4","0","0","1152921504606846976","445","Microsoft-Windows-Application-Experience","eef54e71-0661-422d-9a98-82fd4940b820","Microsoft-Windows-Application-Experience/Program-Telemetry","3276","1152","rjaf-PC4429","S-1-5-18","4/27/2015 12:36:19 AM",,,"c:\users\mac_1\desktop\winevt\logs\microsoft-windows-application-experience%4program-telemetry.evtx","System.UInt32[]","System.Diagnostics.Eventing.Reader.EventBookmark","Information","Info",,"System.Collections.ObjectModel.ReadOnlyCollection`1[System.String]","System.Collections.Generic.List`1[System.Diagnostics.Eventing.Reader.EventProperty]"
"The Application Impact Telemetry (AIT) Agent is not running because AIT is disabled.","701","0",,"4","0","0","1152921504606846976","444","Microsoft-Windows-Application-Experience","eef54e71-0661-422d-9a98-82fd4940b820","Microsoft-Windows-Application-Experience/Program-Telemetry","644","2036","rjaf-PC4429","S-1-5-18","4/25/2015 11:48:58 PM",,,"c:\users\mac_1\desktop\winevt\logs\microsoft-windows-application-experience%4program-telemetry.evtx","System.UInt32[]","System.Diagnostics.Eventing.Reader.EventBookmark","Information","Info",,"System.Collections.ObjectModel.ReadOnlyCollection`1[System.String]","System.Collections.Generic.List`1[System.Diagnostics.Eventing.Reader.EventProperty]"
"The Application Impact Telemetry (AIT) Agent is not running because AIT is disabled.","701","0",,"4","0","0","1152921504606846976","443","Microsoft-Windows-Application-Experience","eef54e71-0661-422d-9a98-82fd4940b820","Microsoft-Windows-Application-Experience/Program-Telemetry","3004","2988","rjaf-PC4429","S-1-5-18","4/23/2015 12:34:15 AM",,,"c:\users\mac_1\desktop\winevt\logs\microsoft-windows-application-experience%4program-telemetry.evtx","System.UInt32[]","System.Diagnostics.Eventing.Reader.EventBookmark","Information","Info",,"System.Collections.ObjectModel.ReadOnlyCollection`1[System.String]","System.Collections.Generic.List`1[System.Diagnostics.Eventing.Reader.EventProperty]"
"The Application Impact Telemetry (AIT) Agent is not running because AIT is disabled.","701","0",,"4","0","0","1152921504606846976","442","Microsoft-Windows-Application-Experience","eef54e71-0661-422d-9a98-82fd4940b820","Microsoft-Windows-Application-Experience/Program-Telemetry","2312","3008","rjaf-PC4429","S-1-5-18","4/21/2015 4:30:00 PM",,,"c:\users\mac_1\desktop\winevt\logs\microsoft-windows-application-experience%4program-telemetry.evtx","System.UInt32[]","System.Diagnostics.Eventing.Reader.EventBookmark","Information","Info",,"System.Collections.ObjectModel.ReadOnlyCollection`1[System.String]","System.Collections.Generic.List`1[System.Diagnostics.Eventing.Reader.EventProperty]"
"The Application Impact Telemetry (AIT) Agent is not running because AIT is disabled.","701","0",,"4","0","0","1152921504606846976","441","Microsoft-Windows-Application-Experience","eef54e71-0661-422d-9a98-82fd4940b820","Microsoft-Windows-Application-Experience/Program-Telemetry","3364","1180","rjaf-PC4429","S-1-5-18","4/20/2015 1:25:32 AM",,,"c:\users\mac_1\desktop\winevt\logs\microsoft-windows-application-experience%4program-telemetry.evtx","System.UInt32[]","System.Diagnostics.Eventing.Reader.EventBookmark","Information","Info",,"System.Collections.ObjectModel.ReadOnlyCollection`1[System.String]","System.Collections.Generic.List`1[System.Diagnostics.Eventing.Reader.EventProperty]"
"The Application Impact Telemetry (AIT) Agent is not running because AIT is disabled.","701","0",,"4","0","0","1152921504606846976","440","Microsoft-Windows-Application-Experience","eef54e71-0661-422d-9a98-82fd4940b820","Microsoft-Windows-Application-Experience/Program-Telemetry","1856","2376","rjaf-PC4429","S-1-5-18","4/19/2015 3:29:22 AM",,,"c:\users\mac_1\desktop\winevt\logs\microsoft-windows-application-experience%4program-telemetry.evtx","System.UInt32[]","System.Diagnostics.Eventing.Reader.EventBookmark","Information","Info",,"System.Collections.ObjectModel.ReadOnlyCollection`1[System.String]","System.Collections.Generic.List`1[System.Diagnostics.Eventing.Reader.EventProperty]"
"The Application Impact Telemetry (AIT) Agent is not running because AIT is disabled.","701","0",,"4","0","0","1152921504606846976","439","Microsoft-Windows-Application-Experience","eef54e71-0661-422d-9a98-82fd4940b820","Microsoft-Windows-Application-Experience/Program-Telemetry","2952","2956","rjaf-PC4429","S-1-5-18","4/16/2015 1:04:47 PM",,,"c:\users\mac_1\desktop\winevt\logs\microsoft-windows-application-experience%4program-telemetry.evtx","System.UInt32[]","System.Diagnostics.Eventing.Reader.EventBookmark","Information","Info",,"System.Collections.ObjectModel.ReadOnlyCollection`1[System.String]","System.Collections.Generic.List`1[System.Diagnostics.Eventing.Reader.EventProperty]"
"The Application Impact Telemetry (AIT) Agent is not running because AIT is disabled.","701","0",,"4","0","0","1152921504606846976","438","Microsoft-Windows-Application-Experience","eef54e71-0661-422d-9a98-82fd4940b820","Microsoft-Windows-Application-Experience/Program-Telemetry","3688","328","rjaf-PC4429","S-1-5-18","4/15/2015 2:24:11 AM",,,"c:\users\mac_1\desktop\winevt\logs\microsoft-windows-application-experience%4program-telemetry.evtx","System.UInt32[]","System.Diagnostics.Eventing.Reader.EventBookmark","Information","Info",,"System.Collections.ObjectModel.ReadOnlyCollection`1[System.String]","System.Collections.Generic.List`1[System.Diagnostics.Eventing.Reader.EventProperty]"
"The Application Impact Telemetry (AIT) Agent is not running because AIT is disabled.","701","0",,"4","0","0","1152921504606846976","437","Microsoft-Windows-Application-Experience","eef54e71-0661-422d-9a98-82fd4940b820","Microsoft-Windows-Application-Experience/Program-Telemetry","2228","396","rjaf-PC4429","S-1-5-18","4/14/2015 2:37:40 AM",,,"c:\users\mac_1\desktop\winevt\logs\microsoft-windows-application-experience%4program-telemetry.evtx","System.UInt32[]","System.Diagnostics.Eventing.Reader.EventBookmark","Information","Info",,"System.Collections.ObjectModel.ReadOnlyCollection`1[System.String]","System.Collections.Generic.List`1[System.Diagnostics.Eventing.Reader.EventProperty]"
"The Application Impact Telemetry (AIT) Agent is not running because AIT is disabled.","701","0",,"4","0","0","1152921504606846976","436","Microsoft-Windows-Application-Experience","eef54e71-0661-422d-9a98-82fd4940b820","Microsoft-Windows-Application-Experience/Program-Telemetry","2500","992","rjaf-PC4429","S-1-5-18","4/12/2015 11:24:50 PM",,,"c:\users\mac_1\desktop\winevt\logs\microsoft-windows-application-experience%4program-telemetry.evtx","System.UInt32[]","System.Diagnostics.Eventing.Reader.EventBookmark","Information","Info",,"System.Collections.ObjectModel.ReadOnlyCollection`1[System.String]","System.Collections.Generic.List`1[System.Diagnostics.Eventing.Reader.EventProperty]"
"The Application Impact Telemetry (AIT) Agent is not running because AIT is disabled.","701","0",,"4","0","0","1152921504606846976","435","Microsoft-Windows-Application-Experience","eef54e71-0661-422d-9a98-82fd4940b820","Microsoft-Windows-Application-Experience/Program-Telemetry","3160","2276","rjaf-PC4429","S-1-5-18","4/11/2015 11:33:56 PM",,,"c:\users\mac_1\desktop\winevt\logs\microsoft-windows-application-experience%4program-telemetry.evtx","System.UInt32[]","System.Diagnostics.Eventing.Reader.EventBookmark","Information","Info",,"System.Collections.ObjectModel.ReadOnlyCollection`1[System.String]","System.Collections.Generic.List`1[System.Diagnostics.Eventing.Reader.EventProperty]"
"The Application Impact Telemetry (AIT) Agent is not running because AIT is disabled.","701","0",,"4","0","0","1152921504606846976","434","Microsoft-Windows-Application-Experience","eef54e71-0661-422d-9a98-82fd4940b820","Microsoft-Windows-Application-Experience/Program-Telemetry","2916","3812","rjaf-PC4429","S-1-5-18","4/10/2015 8:47:19 AM",,,"c:\users\mac_1\desktop\winevt\logs\microsoft-windows-application-experience%4program-telemetry.evtx","System.UInt32[]","System.Diagnostics.Eventing.Reader.EventBookmark","Information","Info",,"System.Collections.ObjectModel.ReadOnlyCollection`1[System.String]","System.Collections.Generic.List`1[System.Diagnostics.Eventing.Reader.EventProperty]"
"The Application Impact Telemetry (AIT) Agent is not running because AIT is disabled.","701","0",,"4","0","0","1152921504606846976","433","Microsoft-Windows-Application-Experience","eef54e71-0661-422d-9a98-82fd4940b820","Microsoft-Windows-Application-Experience/Program-Telemetry","876","1768","rjaf-PC4429","S-1-5-18","4/9/2015 12:12:13 AM",,,"c:\users\mac_1\desktop\winevt\logs\microsoft-windows-application-experience%4program-telemetry.evtx","System.UInt32[]","System.Diagnostics.Eventing.Reader.EventBookmark","Information","Info",,"System.Collections.ObjectModel.ReadOnlyCollection`1[System.String]","System.Collections.Generic.List`1[System.Diagnostics.Eventing.Reader.EventProperty]"
"The Application Impact Telemetry (AIT) Agent is not running because AIT is disabled.","701","0",,"4","0","0","1152921504606846976","432","Microsoft-Windows-Application-Experience","eef54e71-0661-422d-9a98-82fd4940b820","Microsoft-Windows-Application-Experience/Program-Telemetry","2488","2772","rjaf-PC4429","S-1-5-18","4/7/2015 11:49:49 PM",,,"c:\users\mac_1\desktop\winevt\logs\microsoft-windows-application-experience%4program-telemetry.evtx","System.UInt32[]","System.Diagnostics.Eventing.Reader.EventBookmark","Information","Info",,"System.Collections.ObjectModel.ReadOnlyCollection`1[System.String]","System.Collections.Generic.List`1[System.Diagnostics.Eventing.Reader.EventProperty]"
"The Application Impact Telemetry (AIT) Agent is not running because AIT is disabled.","701","0",,"4","0","0","1152921504606846976","431","Microsoft-Windows-Application-Experience","eef54e71-0661-422d-9a98-82fd4940b820","Microsoft-Windows-Application-Experience/Program-Telemetry","3236","2956","rjaf-PC4429","S-1-5-18","4/7/2015 5:05:47 AM",,,"c:\users\mac_1\desktop\winevt\logs\microsoft-windows-application-experience%4program-telemetry.evtx","System.UInt32[]","System.Diagnostics.Eventing.Reader.EventBookmark","Information","Info",,"System.Collections.ObjectModel.ReadOnlyCollection`1[System.String]","System.Collections.Generic.List`1[System.Diagnostics.Eventing.Reader.EventProperty]"
"The Application Impact Telemetry (AIT) Agent is not running because AIT is disabled.","701","0",,"4","0","0","1152921504606846976","430","Microsoft-Windows-Application-Experience","eef54e71-0661-422d-9a98-82fd4940b820","Microsoft-Windows-Application-Experience/Program-Telemetry","2884","3708","rjaf-PC4429","S-1-5-18","4/6/2015 12:57:06 AM",,,"c:\users\mac_1\desktop\winevt\logs\microsoft-windows-application-experience%4program-telemetry.evtx","System.UInt32[]","System.Diagnostics.Eventing.Reader.EventBookmark","Information","Info",,"System.Collections.ObjectModel.ReadOnlyCollection`1[System.String]","System.Collections.Generic.List`1[System.Diagnostics.Eventing.Reader.EventProperty]"
"The Application Impact Telemetry (AIT) Agent is not running because AIT is disabled.","701","0",,"4","0","0","1152921504606846976","429","Microsoft-Windows-Application-Experience","eef54e71-0661-422d-9a98-82fd4940b820","Microsoft-Windows-Application-Experience/Program-Telemetry","2912","2748","rjaf-PC4429","S-1-5-18","4/5/2015 12:49:48 AM",,,"c:\users\mac_1\desktop\winevt\logs\microsoft-windows-application-experience%4program-telemetry.evtx","System.UInt32[]","System.Diagnostics.Eventing.Reader.EventBookmark","Information","Info",,"System.Collections.ObjectModel.ReadOnlyCollection`1[System.String]","System.Collections.Generic.List`1[System.Diagnostics.Eventing.Reader.EventProperty]"
"The Application Impact Telemetry (AIT) Agent is not running because AIT is disabled.","701","0",,"4","0","0","1152921504606846976","428","Microsoft-Windows-Application-Experience","eef54e71-0661-422d-9a98-82fd4940b820","Microsoft-Windows-Application-Experience/Program-Telemetry","3456","1636","rjaf-PC4429","S-1-5-18","4/4/2015 1:36:34 AM",,,"c:\users\mac_1\desktop\winevt\logs\microsoft-windows-application-experience%4program-telemetry.evtx","System.UInt32[]","System.Diagnostics.Eventing.Reader.EventBookmark","Information","Info",,"System.Collections.ObjectModel.ReadOnlyCollection`1[System.String]","System.Collections.Generic.List`1[System.Diagnostics.Eventing.Reader.EventProperty]"
"The Application Impact Telemetry (AIT) Agent is not running because AIT is disabled.","701","0",,"4","0","0","1152921504606846976","427","Microsoft-Windows-Application-Experience","eef54e71-0661-422d-9a98-82fd4940b820","Microsoft-Windows-Application-Experience/Program-Telemetry","4456","5376","rjaf-PC4429","S-1-5-18","4/2/2015 11:58:22 PM",,,"c:\users\mac_1\desktop\winevt\logs\microsoft-windows-application-experience%4program-telemetry.evtx","System.UInt32[]","System.Diagnostics.Eventing.Reader.EventBookmark","Information","Info",,"System.Collections.ObjectModel.ReadOnlyCollection`1[System.String]","System.Collections.Generic.List`1[System.Diagnostics.Eventing.Reader.EventProperty]"
"The Application Impact Telemetry (AIT) Agent is not running because AIT is disabled.","701","0",,"4","0","0","1152921504606846976","426","Microsoft-Windows-Application-Experience","eef54e71-0661-422d-9a98-82fd4940b820","Microsoft-Windows-Application-Experience/Program-Telemetry","3288","3788","rjaf-PC4429","S-1-5-18","4/2/2015 12:55:46 AM",,,"c:\users\mac_1\desktop\winevt\logs\microsoft-windows-application-experience%4program-telemetry.evtx","System.UInt32[]","System.Diagnostics.Eventing.Reader.EventBookmark","Information","Info",,"System.Collections.ObjectModel.ReadOnlyCollection`1[System.String]","System.Collections.Generic.List`1[System.Diagnostics.Eventing.Reader.EventProperty]"
"The Application Impact Telemetry (AIT) Agent is not running because AIT is disabled.","701","0",,"4","0","0","1152921504606846976","425","Microsoft-Windows-Application-Experience","eef54e71-0661-422d-9a98-82fd4940b820","Microsoft-Windows-Application-Experience/Program-Telemetry","2756","2660","rjaf-PC4429","S-1-5-18","3/31/2015 12:01:15 AM",,,"c:\users\mac_1\desktop\winevt\logs\microsoft-windows-application-experience%4program-telemetry.evtx","System.UInt32[]","System.Diagnostics.Eventing.Reader.EventBookmark","Information","Info",,"System.Collections.ObjectModel.ReadOnlyCollection`1[System.String]","System.Collections.Generic.List`1[System.Diagnostics.Eventing.Reader.EventProperty]"
"The Application Impact Telemetry (AIT) Agent is not running because AIT is disabled.","701","0",,"4","0","0","1152921504606846976","424","Microsoft-Windows-Application-Experience","eef54e71-0661-422d-9a98-82fd4940b820","Microsoft-Windows-Application-Experience/Program-Telemetry","3836","2612","rjaf-PC4429","S-1-5-18","3/29/2015 10:46:11 PM",,,"c:\users\mac_1\desktop\winevt\logs\microsoft-windows-application-experience%4program-telemetry.evtx","System.UInt32[]","System.Diagnostics.Eventing.Reader.EventBookmark","Information","Info",,"System.Collections.ObjectModel.ReadOnlyCollection`1[System.String]","System.Collections.Generic.List`1[System.Diagnostics.Eventing.Reader.EventProperty]"
"The Application Impact Telemetry (AIT) Agent is not running because AIT is disabled.","701","0",,"4","0","0","1152921504606846976","423","Microsoft-Windows-Application-Experience","eef54e71-0661-422d-9a98-82fd4940b820","Microsoft-Windows-Application-Experience/Program-Telemetry","3424","2268","rjaf-PC4429","S-1-5-18","3/29/2015 6:48:14 AM",,,"c:\users\mac_1\desktop\winevt\logs\microsoft-windows-application-experience%4program-telemetry.evtx","System.UInt32[]","System.Diagnostics.Eventing.Reader.EventBookmark","Information","Info",,"System.Collections.ObjectModel.ReadOnlyCollection`1[System.String]","System.Collections.Generic.List`1[System.Diagnostics.Eventing.Reader.EventProperty]"
"The Application Impact Telemetry (AIT) Agent is not running because AIT is disabled.","701","0",,"4","0","0","1152921504606846976","422","Microsoft-Windows-Application-Experience","eef54e71-0661-422d-9a98-82fd4940b820","Microsoft-Windows-Application-Experience/Program-Telemetry","392","3376","rjaf-PC4429","S-1-5-18","3/27/2015 5:00:22 PM",,,"c:\users\mac_1\desktop\winevt\logs\microsoft-windows-application-experience%4program-telemetry.evtx","System.UInt32[]","System.Diagnostics.Eventing.Reader.EventBookmark","Information","Info",,"System.Collections.ObjectModel.ReadOnlyCollection`1[System.String]","System.Collections.Generic.List`1[System.Diagnostics.Eventing.Reader.EventProperty]"
"The Application Impact Telemetry (AIT) Agent is not running because AIT is disabled.","701","0",,"4","0","0","1152921504606846976","421","Microsoft-Windows-Application-Experience","eef54e71-0661-422d-9a98-82fd4940b820","Microsoft-Windows-Application-Experience/Program-Telemetry","1416","3812","rjaf-PC4429","S-1-5-18","3/25/2015 11:41:20 PM",,,"c:\users\mac_1\desktop\winevt\logs\microsoft-windows-application-experience%4program-telemetry.evtx","System.UInt32[]","System.Diagnostics.Eventing.Reader.EventBookmark","Information","Info",,"System.Collections.ObjectModel.ReadOnlyCollection`1[System.String]","System.Collections.Generic.List`1[System.Diagnostics.Eventing.Reader.EventProperty]"
"The Application Impact Telemetry (AIT) Agent is not running because AIT is disabled.","701","0",,"4","0","0","1152921504606846976","420","Microsoft-Windows-Application-Experience","eef54e71-0661-422d-9a98-82fd4940b820","Microsoft-Windows-Application-Experience/Program-Telemetry","3464","3536","rjaf-PC4429","S-1-5-18","3/25/2015 1:09:42 AM",,,"c:\users\mac_1\desktop\winevt\logs\microsoft-windows-application-experience%4program-telemetry.evtx","System.UInt32[]","System.Diagnostics.Eventing.Reader.EventBookmark","Information","Info",,"System.Collections.ObjectModel.ReadOnlyCollection`1[System.String]","System.Collections.Generic.List`1[System.Diagnostics.Eventing.Reader.EventProperty]"
"The Application Impact Telemetry (AIT) Agent is not running because AIT is disabled.","701","0",,"4","0","0","1152921504606846976","419","Microsoft-Windows-Application-Experience","eef54e71-0661-422d-9a98-82fd4940b820","Microsoft-Windows-Application-Experience/Program-Telemetry","320","984","rjaf-PC4429","S-1-5-18","3/24/2015 12:52:13 AM",,,"c:\users\mac_1\desktop\winevt\logs\microsoft-windows-application-experience%4program-telemetry.evtx","System.UInt32[]","System.Diagnostics.Eventing.Reader.EventBookmark","Information","Info",,"System.Collections.ObjectModel.ReadOnlyCollection`1[System.String]","System.Collections.Generic.List`1[System.Diagnostics.Eventing.Reader.EventProperty]"
"The Application Impact Telemetry (AIT) Agent is not running because AIT is disabled.","701","0",,"4","0","0","1152921504606846976","418","Microsoft-Windows-Application-Experience","eef54e71-0661-422d-9a98-82fd4940b820","Microsoft-Windows-Application-Experience/Program-Telemetry","3676","3924","rjaf-PC4429","S-1-5-18","3/23/2015 1:42:21 AM",,,"c:\users\mac_1\desktop\winevt\logs\microsoft-windows-application-experience%4program-telemetry.evtx","System.UInt32[]","System.Diagnostics.Eventing.Reader.EventBookmark","Information","Info",,"System.Collections.ObjectModel.ReadOnlyCollection`1[System.String]","System.Collections.Generic.List`1[System.Diagnostics.Eventing.Reader.EventProperty]"
"The Application Impact Telemetry (AIT) Agent is not running because AIT is disabled.","701","0",,"4","0","0","1152921504606846976","417","Microsoft-Windows-Application-Experience","eef54e71-0661-422d-9a98-82fd4940b820","Microsoft-Windows-Application-Experience/Program-Telemetry","2276","2248","rjaf-PC4429","S-1-5-18","3/22/2015 4:19:12 AM",,,"c:\users\mac_1\desktop\winevt\logs\microsoft-windows-application-experience%4program-telemetry.evtx","System.UInt32[]","System.Diagnostics.Eventing.Reader.EventBookmark","Information","Info",,"System.Collections.ObjectModel.ReadOnlyCollection`1[System.String]","System.Collections.Generic.List`1[System.Diagnostics.Eventing.Reader.EventProperty]"
"The Application Impact Telemetry (AIT) Agent is not running because AIT is disabled.","701","0",,"4","0","0","1152921504606846976","416","Microsoft-Windows-Application-Experience","eef54e71-0661-422d-9a98-82fd4940b820","Microsoft-Windows-Application-Experience/Program-Telemetry","3052","5488","rjaf-PC4429","S-1-5-18","3/20/2015 6:27:24 AM",,,"c:\users\mac_1\desktop\winevt\logs\microsoft-windows-application-experience%4program-telemetry.evtx","System.UInt32[]","System.Diagnostics.Eventing.Reader.EventBookmark","Information","Info",,"System.Collections.ObjectModel.ReadOnlyCollection`1[System.String]","System.Collections.Generic.List`1[System.Diagnostics.Eventing.Reader.EventProperty]"
"The Application Impact Telemetry (AIT) Agent is not running because AIT is disabled.","701","0",,"4","0","0","1152921504606846976","415","Microsoft-Windows-Application-Experience","eef54e71-0661-422d-9a98-82fd4940b820","Microsoft-Windows-Application-Experience/Program-Telemetry","4612","1740","rjaf-PC4429","S-1-5-18","3/19/2015 1:39:07 AM",,,"c:\users\mac_1\desktop\winevt\logs\microsoft-windows-application-experience%4program-telemetry.evtx","System.UInt32[]","System.Diagnostics.Eventing.Reader.EventBookmark","Information","Info",,"System.Collections.ObjectModel.ReadOnlyCollection`1[System.String]","System.Collections.Generic.List`1[System.Diagnostics.Eventing.Reader.EventProperty]"
"The Application Impact Telemetry (AIT) Agent is not running because AIT is disabled.","701","0",,"4","0","0","1152921504606846976","414","Microsoft-Windows-Application-Experience","eef54e71-0661-422d-9a98-82fd4940b820","Microsoft-Windows-Application-Experience/Program-Telemetry","1124","4660","rjaf-PC4429","S-1-5-18","3/18/2015 2:30:02 AM",,,"c:\users\mac_1\desktop\winevt\logs\microsoft-windows-application-experience%4program-telemetry.evtx","System.UInt32[]","System.Diagnostics.Eventing.Reader.EventBookmark","Information","Info",,"System.Collections.ObjectModel.ReadOnlyCollection`1[System.String]","System.Collections.Generic.List`1[System.Diagnostics.Eventing.Reader.EventProperty]"
"The Application Impact Telemetry (AIT) Agent is not running because AIT is disabled.","701","0",,"4","0","0","1152921504606846976","413","Microsoft-Windows-Application-Experience","eef54e71-0661-422d-9a98-82fd4940b820","Microsoft-Windows-Application-Experience/Program-Telemetry","2788","2272","rjaf-PC4429","S-1-5-18","3/17/2015 2:38:41 AM",,,"c:\users\mac_1\desktop\winevt\logs\microsoft-windows-application-experience%4program-telemetry.evtx","System.UInt32[]","System.Diagnostics.Eventing.Reader.EventBookmark","Information","Info",,"System.Collections.ObjectModel.ReadOnlyCollection`1[System.String]","System.Collections.Generic.List`1[System.Diagnostics.Eventing.Reader.EventProperty]"
"The Application Impact Telemetry (AIT) Agent is not running because AIT is disabled.","701","0",,"4","0","0","1152921504606846976","412","Microsoft-Windows-Application-Experience","eef54e71-0661-422d-9a98-82fd4940b820","Microsoft-Windows-Application-Experience/Program-Telemetry","828","1316","rjaf-PC4429","S-1-5-18","3/16/2015 12:53:25 AM",,,"c:\users\mac_1\desktop\winevt\logs\microsoft-windows-application-experience%4program-telemetry.evtx","System.UInt32[]","System.Diagnostics.Eventing.Reader.EventBookmark","Information","Info",,"System.Collections.ObjectModel.ReadOnlyCollection`1[System.String]","System.Collections.Generic.List`1[System.Diagnostics.Eventing.Reader.EventProperty]"
