"Possible heap corruption detected (exception code 3221225477). Initiating further diagnostics.","2","0",,"4","0","0","-9222246136947933184","72","Microsoft-Windows-WER-Diag","ad8aa069-a01b-40a0-ba40-948d1d8dedc5","Microsoft-Windows-WER-Diag/Operational","4012","4016","rjaf-PC4429","S-1-5-21-1634558665-2257203147-3060767804-1000","5/8/2015 11:21:53 AM",,,"c:\users\mac_1\desktop\winevt\logs\microsoft-windows-wer-diag%4operational.evtx","System.UInt32[]","System.Diagnostics.Eventing.Reader.EventBookmark","Information","Info",,"System.Collections.ObjectModel.ReadOnlyCollection`1[System.String]","System.Collections.Generic.List`1[System.Diagnostics.Eventing.Reader.EventProperty]"
"Possible heap corruption detected (exception code 3221225477). Initiating further diagnostics.","2","0",,"4","0","0","-9222246136947933184","71","Microsoft-Windows-WER-Diag","ad8aa069-a01b-40a0-ba40-948d1d8dedc5","Microsoft-Windows-WER-Diag/Operational","3748","3752","rjaf-PC4429","S-1-5-21-1634558665-2257203147-3060767804-1000","5/8/2015 11:21:37 AM",,,"c:\users\mac_1\desktop\winevt\logs\microsoft-windows-wer-diag%4operational.evtx","System.UInt32[]","System.Diagnostics.Eventing.Reader.EventBookmark","Information","Info",,"System.Collections.ObjectModel.ReadOnlyCollection`1[System.String]","System.Collections.Generic.List`1[System.Diagnostics.Eventing.Reader.EventProperty]"
"Possible heap corruption detected (exception code 3221225477). Initiating further diagnostics.","2","0",,"4","0","0","-9222246136947933184","70","Microsoft-Windows-WER-Diag","ad8aa069-a01b-40a0-ba40-948d1d8dedc5","Microsoft-Windows-WER-Diag/Operational","3124","3128","rjaf-PC4429","S-1-5-21-1634558665-2257203147-3060767804-1000","5/8/2015 11:21:11 AM",,,"c:\users\mac_1\desktop\winevt\logs\microsoft-windows-wer-diag%4operational.evtx","System.UInt32[]","System.Diagnostics.Eventing.Reader.EventBookmark","Information","Info",,"System.Collections.ObjectModel.ReadOnlyCollection`1[System.String]","System.Collections.Generic.List`1[System.Diagnostics.Eventing.Reader.EventProperty]"
"Possible heap corruption detected (exception code 3221225477). Initiating further diagnostics.","2","0",,"4","0","0","-9222246136947933184","69","Microsoft-Windows-WER-Diag","ad8aa069-a01b-40a0-ba40-948d1d8dedc5","Microsoft-Windows-WER-Diag/Operational","4040","3472","rjaf-PC4429","S-1-5-21-1634558665-2257203147-3060767804-1000","5/8/2015 11:19:33 AM",,,"c:\users\mac_1\desktop\winevt\logs\microsoft-windows-wer-diag%4operational.evtx","System.UInt32[]","System.Diagnostics.Eventing.Reader.EventBookmark","Information","Info",,"System.Collections.ObjectModel.ReadOnlyCollection`1[System.String]","System.Collections.Generic.List`1[System.Diagnostics.Eventing.Reader.EventProperty]"
"Possible heap corruption detected (exception code 3221225477). Initiating further diagnostics.","2","0",,"4","0","0","-9222246136947933184","68","Microsoft-Windows-WER-Diag","ad8aa069-a01b-40a0-ba40-948d1d8dedc5","Microsoft-Windows-WER-Diag/Operational","3980","3976","rjaf-PC4429","S-1-5-21-1634558665-2257203147-3060767804-1000","5/8/2015 11:19:25 AM",,,"c:\users\mac_1\desktop\winevt\logs\microsoft-windows-wer-diag%4operational.evtx","System.UInt32[]","System.Diagnostics.Eventing.Reader.EventBookmark","Information","Info",,"System.Collections.ObjectModel.ReadOnlyCollection`1[System.String]","System.Collections.Generic.List`1[System.Diagnostics.Eventing.Reader.EventProperty]"
"Possible heap corruption detected (exception code 3221225477). Initiating further diagnostics.","2","0",,"4","0","0","-9222246136947933184","67","Microsoft-Windows-WER-Diag","ad8aa069-a01b-40a0-ba40-948d1d8dedc5","Microsoft-Windows-WER-Diag/Operational","1236","3620","rjaf-PC4429","S-1-5-21-1634558665-2257203147-3060767804-1000","5/8/2015 11:19:19 AM",,,"c:\users\mac_1\desktop\winevt\logs\microsoft-windows-wer-diag%4operational.evtx","System.UInt32[]","System.Diagnostics.Eventing.Reader.EventBookmark","Information","Info",,"System.Collections.ObjectModel.ReadOnlyCollection`1[System.String]","System.Collections.Generic.List`1[System.Diagnostics.Eventing.Reader.EventProperty]"
"Possible heap corruption detected (exception code 3221225477). Initiating further diagnostics.","2","0",,"4","0","0","-9222246136947933184","66","Microsoft-Windows-WER-Diag","ad8aa069-a01b-40a0-ba40-948d1d8dedc5","Microsoft-Windows-WER-Diag/Operational","1944","2852","rjaf-PC4429","S-1-5-21-1634558665-2257203147-3060767804-1000","5/8/2015 11:19:12 AM",,,"c:\users\mac_1\desktop\winevt\logs\microsoft-windows-wer-diag%4operational.evtx","System.UInt32[]","System.Diagnostics.Eventing.Reader.EventBookmark","Information","Info",,"System.Collections.ObjectModel.ReadOnlyCollection`1[System.String]","System.Collections.Generic.List`1[System.Diagnostics.Eventing.Reader.EventProperty]"
"Possible heap corruption detected (exception code 3221225477). Initiating further diagnostics.","2","0",,"4","0","0","-9222246136947933184","65","Microsoft-Windows-WER-Diag","ad8aa069-a01b-40a0-ba40-948d1d8dedc5","Microsoft-Windows-WER-Diag/Operational","3952","3760","rjaf-PC4429","S-1-5-21-1634558665-2257203147-3060767804-1000","5/8/2015 11:19:05 AM",,,"c:\users\mac_1\desktop\winevt\logs\microsoft-windows-wer-diag%4operational.evtx","System.UInt32[]","System.Diagnostics.Eventing.Reader.EventBookmark","Information","Info",,"System.Collections.ObjectModel.ReadOnlyCollection`1[System.String]","System.Collections.Generic.List`1[System.Diagnostics.Eventing.Reader.EventProperty]"
"Possible heap corruption detected (exception code 3221225477). Initiating further diagnostics.","2","0",,"4","0","0","-9222246136947933184","64","Microsoft-Windows-WER-Diag","ad8aa069-a01b-40a0-ba40-948d1d8dedc5","Microsoft-Windows-WER-Diag/Operational","4024","4036","rjaf-PC4429","S-1-5-21-1634558665-2257203147-3060767804-1000","5/8/2015 11:18:56 AM",,,"c:\users\mac_1\desktop\winevt\logs\microsoft-windows-wer-diag%4operational.evtx","System.UInt32[]","System.Diagnostics.Eventing.Reader.EventBookmark","Information","Info",,"System.Collections.ObjectModel.ReadOnlyCollection`1[System.String]","System.Collections.Generic.List`1[System.Diagnostics.Eventing.Reader.EventProperty]"
"Possible heap corruption detected (exception code 3221225477). Initiating further diagnostics.","2","0",,"4","0","0","-9222246136947933184","63","Microsoft-Windows-WER-Diag","ad8aa069-a01b-40a0-ba40-948d1d8dedc5","Microsoft-Windows-WER-Diag/Operational","3960","1264","rjaf-PC4429","S-1-5-21-1634558665-2257203147-3060767804-1000","5/8/2015 11:18:47 AM",,,"c:\users\mac_1\desktop\winevt\logs\microsoft-windows-wer-diag%4operational.evtx","System.UInt32[]","System.Diagnostics.Eventing.Reader.EventBookmark","Information","Info",,"System.Collections.ObjectModel.ReadOnlyCollection`1[System.String]","System.Collections.Generic.List`1[System.Diagnostics.Eventing.Reader.EventProperty]"
"Possible heap corruption detected (exception code 3221225477). Initiating further diagnostics.","2","0",,"4","0","0","-9222246136947933184","62","Microsoft-Windows-WER-Diag","ad8aa069-a01b-40a0-ba40-948d1d8dedc5","Microsoft-Windows-WER-Diag/Operational","3316","1148","rjaf-PC4429","S-1-5-21-1634558665-2257203147-3060767804-1000","5/8/2015 11:18:38 AM",,,"c:\users\mac_1\desktop\winevt\logs\microsoft-windows-wer-diag%4operational.evtx","System.UInt32[]","System.Diagnostics.Eventing.Reader.EventBookmark","Information","Info",,"System.Collections.ObjectModel.ReadOnlyCollection`1[System.String]","System.Collections.Generic.List`1[System.Diagnostics.Eventing.Reader.EventProperty]"
"Possible heap corruption detected (exception code 3221225477). Initiating further diagnostics.","2","0",,"4","0","0","-9222246136947933184","61","Microsoft-Windows-WER-Diag","ad8aa069-a01b-40a0-ba40-948d1d8dedc5","Microsoft-Windows-WER-Diag/Operational","1516","1428","rjaf-PC4429","S-1-5-21-1634558665-2257203147-3060767804-1000","5/8/2015 11:18:30 AM",,,"c:\users\mac_1\desktop\winevt\logs\microsoft-windows-wer-diag%4operational.evtx","System.UInt32[]","System.Diagnostics.Eventing.Reader.EventBookmark","Information","Info",,"System.Collections.ObjectModel.ReadOnlyCollection`1[System.String]","System.Collections.Generic.List`1[System.Diagnostics.Eventing.Reader.EventProperty]"
"Possible heap corruption detected (exception code 3221225477). Initiating further diagnostics.","2","0",,"4","0","0","-9222246136947933184","60","Microsoft-Windows-WER-Diag","ad8aa069-a01b-40a0-ba40-948d1d8dedc5","Microsoft-Windows-WER-Diag/Operational","2968","2204","rjaf-PC4429","S-1-5-21-1634558665-2257203147-3060767804-1000","5/8/2015 11:18:21 AM",,,"c:\users\mac_1\desktop\winevt\logs\microsoft-windows-wer-diag%4operational.evtx","System.UInt32[]","System.Diagnostics.Eventing.Reader.EventBookmark","Information","Info",,"System.Collections.ObjectModel.ReadOnlyCollection`1[System.String]","System.Collections.Generic.List`1[System.Diagnostics.Eventing.Reader.EventProperty]"
"Possible heap corruption detected (exception code 3221225477). Initiating further diagnostics.","2","0",,"4","0","0","-9222246136947933184","59","Microsoft-Windows-WER-Diag","ad8aa069-a01b-40a0-ba40-948d1d8dedc5","Microsoft-Windows-WER-Diag/Operational","2820","2332","rjaf-PC4429","S-1-5-21-1634558665-2257203147-3060767804-1000","5/8/2015 11:18:10 AM",,,"c:\users\mac_1\desktop\winevt\logs\microsoft-windows-wer-diag%4operational.evtx","System.UInt32[]","System.Diagnostics.Eventing.Reader.EventBookmark","Information","Info",,"System.Collections.ObjectModel.ReadOnlyCollection`1[System.String]","System.Collections.Generic.List`1[System.Diagnostics.Eventing.Reader.EventProperty]"
"Possible heap corruption detected (exception code 3221225477). Initiating further diagnostics.","2","0",,"4","0","0","-9222246136947933184","58","Microsoft-Windows-WER-Diag","ad8aa069-a01b-40a0-ba40-948d1d8dedc5","Microsoft-Windows-WER-Diag/Operational","3720","3688","rjaf-PC4429","S-1-5-21-1634558665-2257203147-3060767804-1000","5/8/2015 11:18:01 AM",,,"c:\users\mac_1\desktop\winevt\logs\microsoft-windows-wer-diag%4operational.evtx","System.UInt32[]","System.Diagnostics.Eventing.Reader.EventBookmark","Information","Info",,"System.Collections.ObjectModel.ReadOnlyCollection`1[System.String]","System.Collections.Generic.List`1[System.Diagnostics.Eventing.Reader.EventProperty]"
"Possible heap corruption detected (exception code 3221225477). Initiating further diagnostics.","2","0",,"4","0","0","-9222246136947933184","57","Microsoft-Windows-WER-Diag","ad8aa069-a01b-40a0-ba40-948d1d8dedc5","Microsoft-Windows-WER-Diag/Operational","3376","3372","rjaf-PC4429","S-1-5-21-1634558665-2257203147-3060767804-1000","5/8/2015 11:17:52 AM",,,"c:\users\mac_1\desktop\winevt\logs\microsoft-windows-wer-diag%4operational.evtx","System.UInt32[]","System.Diagnostics.Eventing.Reader.EventBookmark","Information","Info",,"System.Collections.ObjectModel.ReadOnlyCollection`1[System.String]","System.Collections.Generic.List`1[System.Diagnostics.Eventing.Reader.EventProperty]"
"Possible heap corruption detected (exception code 3221225477). Initiating further diagnostics.","2","0",,"4","0","0","-9222246136947933184","56","Microsoft-Windows-WER-Diag","ad8aa069-a01b-40a0-ba40-948d1d8dedc5","Microsoft-Windows-WER-Diag/Operational","3072","3076","rjaf-PC4429","S-1-5-21-1634558665-2257203147-3060767804-1000","5/8/2015 11:17:44 AM",,,"c:\users\mac_1\desktop\winevt\logs\microsoft-windows-wer-diag%4operational.evtx","System.UInt32[]","System.Diagnostics.Eventing.Reader.EventBookmark","Information","Info",,"System.Collections.ObjectModel.ReadOnlyCollection`1[System.String]","System.Collections.Generic.List`1[System.Diagnostics.Eventing.Reader.EventProperty]"
"Possible heap corruption detected (exception code 3221225477). Initiating further diagnostics.","2","0",,"4","0","0","-9222246136947933184","55","Microsoft-Windows-WER-Diag","ad8aa069-a01b-40a0-ba40-948d1d8dedc5","Microsoft-Windows-WER-Diag/Operational","2400","2380","rjaf-PC4429","S-1-5-21-1634558665-2257203147-3060767804-1000","5/8/2015 11:17:35 AM",,,"c:\users\mac_1\desktop\winevt\logs\microsoft-windows-wer-diag%4operational.evtx","System.UInt32[]","System.Diagnostics.Eventing.Reader.EventBookmark","Information","Info",,"System.Collections.ObjectModel.ReadOnlyCollection`1[System.String]","System.Collections.Generic.List`1[System.Diagnostics.Eventing.Reader.EventProperty]"
"Possible heap corruption detected (exception code 3221225477). Initiating further diagnostics.","2","0",,"4","0","0","-9222246136947933184","54","Microsoft-Windows-WER-Diag","ad8aa069-a01b-40a0-ba40-948d1d8dedc5","Microsoft-Windows-WER-Diag/Operational","3960","3964","rjaf-PC4429","S-1-5-21-1634558665-2257203147-3060767804-1000","5/8/2015 11:17:26 AM",,,"c:\users\mac_1\desktop\winevt\logs\microsoft-windows-wer-diag%4operational.evtx","System.UInt32[]","System.Diagnostics.Eventing.Reader.EventBookmark","Information","Info",,"System.Collections.ObjectModel.ReadOnlyCollection`1[System.String]","System.Collections.Generic.List`1[System.Diagnostics.Eventing.Reader.EventProperty]"
"Possible heap corruption detected (exception code 3221225477). Initiating further diagnostics.","2","0",,"4","0","0","-9222246136947933184","53","Microsoft-Windows-WER-Diag","ad8aa069-a01b-40a0-ba40-948d1d8dedc5","Microsoft-Windows-WER-Diag/Operational","3372","3376","rjaf-PC4429","S-1-5-21-1634558665-2257203147-3060767804-1000","5/8/2015 11:16:57 AM",,,"c:\users\mac_1\desktop\winevt\logs\microsoft-windows-wer-diag%4operational.evtx","System.UInt32[]","System.Diagnostics.Eventing.Reader.EventBookmark","Information","Info",,"System.Collections.ObjectModel.ReadOnlyCollection`1[System.String]","System.Collections.Generic.List`1[System.Diagnostics.Eventing.Reader.EventProperty]"
"Possible heap corruption detected (exception code 3221225477). Initiating further diagnostics.","2","0",,"4","0","0","-9222246136947933184","52","Microsoft-Windows-WER-Diag","ad8aa069-a01b-40a0-ba40-948d1d8dedc5","Microsoft-Windows-WER-Diag/Operational","3004","3008","rjaf-PC4429","S-1-5-21-1634558665-2257203147-3060767804-1000","5/8/2015 11:16:49 AM",,,"c:\users\mac_1\desktop\winevt\logs\microsoft-windows-wer-diag%4operational.evtx","System.UInt32[]","System.Diagnostics.Eventing.Reader.EventBookmark","Information","Info",,"System.Collections.ObjectModel.ReadOnlyCollection`1[System.String]","System.Collections.Generic.List`1[System.Diagnostics.Eventing.Reader.EventProperty]"
"Possible heap corruption detected (exception code 3221225477). Initiating further diagnostics.","2","0",,"4","0","0","-9222246136947933184","51","Microsoft-Windows-WER-Diag","ad8aa069-a01b-40a0-ba40-948d1d8dedc5","Microsoft-Windows-WER-Diag/Operational","1932","3340","rjaf-PC4429","S-1-5-21-1634558665-2257203147-3060767804-1000","5/8/2015 7:27:09 AM",,,"c:\users\mac_1\desktop\winevt\logs\microsoft-windows-wer-diag%4operational.evtx","System.UInt32[]","System.Diagnostics.Eventing.Reader.EventBookmark","Information","Info",,"System.Collections.ObjectModel.ReadOnlyCollection`1[System.String]","System.Collections.Generic.List`1[System.Diagnostics.Eventing.Reader.EventProperty]"
"Possible heap corruption detected (exception code 3221225477). Initiating further diagnostics.","2","0",,"4","0","0","-9222246136947933184","50","Microsoft-Windows-WER-Diag","ad8aa069-a01b-40a0-ba40-948d1d8dedc5","Microsoft-Windows-WER-Diag/Operational","2524","3212","rjaf-PC4429","S-1-5-21-1634558665-2257203147-3060767804-1000","5/8/2015 7:25:46 AM",,,"c:\users\mac_1\desktop\winevt\logs\microsoft-windows-wer-diag%4operational.evtx","System.UInt32[]","System.Diagnostics.Eventing.Reader.EventBookmark","Information","Info",,"System.Collections.ObjectModel.ReadOnlyCollection`1[System.String]","System.Collections.Generic.List`1[System.Diagnostics.Eventing.Reader.EventProperty]"
"Possible heap corruption detected (exception code 3221225477). Initiating further diagnostics.","2","0",,"4","0","0","-9222246136947933184","49","Microsoft-Windows-WER-Diag","ad8aa069-a01b-40a0-ba40-948d1d8dedc5","Microsoft-Windows-WER-Diag/Operational","844","2544","rjaf-PC4429","S-1-5-21-1634558665-2257203147-3060767804-1000","5/8/2015 7:24:36 AM",,,"c:\users\mac_1\desktop\winevt\logs\microsoft-windows-wer-diag%4operational.evtx","System.UInt32[]","System.Diagnostics.Eventing.Reader.EventBookmark","Information","Info",,"System.Collections.ObjectModel.ReadOnlyCollection`1[System.String]","System.Collections.Generic.List`1[System.Diagnostics.Eventing.Reader.EventProperty]"
"Possible heap corruption detected (exception code 3221225477). Initiating further diagnostics.","2","0",,"4","0","0","-9222246136947933184","48","Microsoft-Windows-WER-Diag","ad8aa069-a01b-40a0-ba40-948d1d8dedc5","Microsoft-Windows-WER-Diag/Operational","3616","2264","rjaf-PC4429","S-1-5-21-1634558665-2257203147-3060767804-1000","5/8/2015 4:38:10 AM",,,"c:\users\mac_1\desktop\winevt\logs\microsoft-windows-wer-diag%4operational.evtx","System.UInt32[]","System.Diagnostics.Eventing.Reader.EventBookmark","Information","Info",,"System.Collections.ObjectModel.ReadOnlyCollection`1[System.String]","System.Collections.Generic.List`1[System.Diagnostics.Eventing.Reader.EventProperty]"
"Possible heap corruption detected (exception code 3221225477). Initiating further diagnostics.","2","0",,"4","0","0","-9222246136947933184","47","Microsoft-Windows-WER-Diag","ad8aa069-a01b-40a0-ba40-948d1d8dedc5","Microsoft-Windows-WER-Diag/Operational","3560","2888","rjaf-PC4429","S-1-5-21-1634558665-2257203147-3060767804-1000","5/8/2015 4:37:53 AM",,,"c:\users\mac_1\desktop\winevt\logs\microsoft-windows-wer-diag%4operational.evtx","System.UInt32[]","System.Diagnostics.Eventing.Reader.EventBookmark","Information","Info",,"System.Collections.ObjectModel.ReadOnlyCollection`1[System.String]","System.Collections.Generic.List`1[System.Diagnostics.Eventing.Reader.EventProperty]"
"Possible heap corruption detected (exception code 3221225477). Initiating further diagnostics.","2","0",,"4","0","0","-9222246136947933184","46","Microsoft-Windows-WER-Diag","ad8aa069-a01b-40a0-ba40-948d1d8dedc5","Microsoft-Windows-WER-Diag/Operational","752","2440","rjaf-PC4429","S-1-5-21-1634558665-2257203147-3060767804-1000","5/8/2015 4:30:59 AM",,,"c:\users\mac_1\desktop\winevt\logs\microsoft-windows-wer-diag%4operational.evtx","System.UInt32[]","System.Diagnostics.Eventing.Reader.EventBookmark","Information","Info",,"System.Collections.ObjectModel.ReadOnlyCollection`1[System.String]","System.Collections.Generic.List`1[System.Diagnostics.Eventing.Reader.EventProperty]"
"Possible heap corruption detected (exception code 3221225477). Initiating further diagnostics.","2","0",,"4","0","0","-9222246136947933184","45","Microsoft-Windows-WER-Diag","ad8aa069-a01b-40a0-ba40-948d1d8dedc5","Microsoft-Windows-WER-Diag/Operational","4056","4060","rjaf-PC4429","S-1-5-21-1634558665-2257203147-3060767804-1000","5/8/2015 4:30:43 AM",,,"c:\users\mac_1\desktop\winevt\logs\microsoft-windows-wer-diag%4operational.evtx","System.UInt32[]","System.Diagnostics.Eventing.Reader.EventBookmark","Information","Info",,"System.Collections.ObjectModel.ReadOnlyCollection`1[System.String]","System.Collections.Generic.List`1[System.Diagnostics.Eventing.Reader.EventProperty]"
"Possible heap corruption detected (exception code 3221225477). Initiating further diagnostics.","2","0",,"4","0","0","-9222246136947933184","44","Microsoft-Windows-WER-Diag","ad8aa069-a01b-40a0-ba40-948d1d8dedc5","Microsoft-Windows-WER-Diag/Operational","3068","3072","rjaf-PC4429","S-1-5-21-1634558665-2257203147-3060767804-1000","5/8/2015 4:28:39 AM",,,"c:\users\mac_1\desktop\winevt\logs\microsoft-windows-wer-diag%4operational.evtx","System.UInt32[]","System.Diagnostics.Eventing.Reader.EventBookmark","Information","Info",,"System.Collections.ObjectModel.ReadOnlyCollection`1[System.String]","System.Collections.Generic.List`1[System.Diagnostics.Eventing.Reader.EventProperty]"
"Possible heap corruption detected (exception code 3221225477). Initiating further diagnostics.","2","0",,"4","0","0","-9222246136947933184","43","Microsoft-Windows-WER-Diag","ad8aa069-a01b-40a0-ba40-948d1d8dedc5","Microsoft-Windows-WER-Diag/Operational","3032","3036","rjaf-PC4429","S-1-5-21-1634558665-2257203147-3060767804-1000","5/8/2015 4:26:49 AM",,,"c:\users\mac_1\desktop\winevt\logs\microsoft-windows-wer-diag%4operational.evtx","System.UInt32[]","System.Diagnostics.Eventing.Reader.EventBookmark","Information","Info",,"System.Collections.ObjectModel.ReadOnlyCollection`1[System.String]","System.Collections.Generic.List`1[System.Diagnostics.Eventing.Reader.EventProperty]"
"Possible heap corruption detected (exception code 3221225477). Initiating further diagnostics.","2","0",,"4","0","0","-9222246136947933184","42","Microsoft-Windows-WER-Diag","ad8aa069-a01b-40a0-ba40-948d1d8dedc5","Microsoft-Windows-WER-Diag/Operational","3896","480","rjaf-PC4429","S-1-5-21-1634558665-2257203147-3060767804-1000","5/8/2015 4:15:17 AM",,,"c:\users\mac_1\desktop\winevt\logs\microsoft-windows-wer-diag%4operational.evtx","System.UInt32[]","System.Diagnostics.Eventing.Reader.EventBookmark","Information","Info",,"System.Collections.ObjectModel.ReadOnlyCollection`1[System.String]","System.Collections.Generic.List`1[System.Diagnostics.Eventing.Reader.EventProperty]"
"Possible heap corruption detected (exception code 3221225477). Initiating further diagnostics.","2","0",,"4","0","0","-9222246136947933184","41","Microsoft-Windows-WER-Diag","ad8aa069-a01b-40a0-ba40-948d1d8dedc5","Microsoft-Windows-WER-Diag/Operational","2880","1880","rjaf-PC4429","S-1-5-21-1634558665-2257203147-3060767804-1000","5/8/2015 4:15:10 AM",,,"c:\users\mac_1\desktop\winevt\logs\microsoft-windows-wer-diag%4operational.evtx","System.UInt32[]","System.Diagnostics.Eventing.Reader.EventBookmark","Information","Info",,"System.Collections.ObjectModel.ReadOnlyCollection`1[System.String]","System.Collections.Generic.List`1[System.Diagnostics.Eventing.Reader.EventProperty]"
"Possible heap corruption detected (exception code 3221225477). Initiating further diagnostics.","2","0",,"4","0","0","-9222246136947933184","40","Microsoft-Windows-WER-Diag","ad8aa069-a01b-40a0-ba40-948d1d8dedc5","Microsoft-Windows-WER-Diag/Operational","2356","908","rjaf-PC4429","S-1-5-21-1634558665-2257203147-3060767804-1000","5/8/2015 4:15:01 AM",,,"c:\users\mac_1\desktop\winevt\logs\microsoft-windows-wer-diag%4operational.evtx","System.UInt32[]","System.Diagnostics.Eventing.Reader.EventBookmark","Information","Info",,"System.Collections.ObjectModel.ReadOnlyCollection`1[System.String]","System.Collections.Generic.List`1[System.Diagnostics.Eventing.Reader.EventProperty]"
"Possible heap corruption detected (exception code 3221225477). Initiating further diagnostics.","2","0",,"4","0","0","-9222246136947933184","39","Microsoft-Windows-WER-Diag","ad8aa069-a01b-40a0-ba40-948d1d8dedc5","Microsoft-Windows-WER-Diag/Operational","2616","3936","rjaf-PC4429","S-1-5-21-1634558665-2257203147-3060767804-1000","5/8/2015 4:14:49 AM",,,"c:\users\mac_1\desktop\winevt\logs\microsoft-windows-wer-diag%4operational.evtx","System.UInt32[]","System.Diagnostics.Eventing.Reader.EventBookmark","Information","Info",,"System.Collections.ObjectModel.ReadOnlyCollection`1[System.String]","System.Collections.Generic.List`1[System.Diagnostics.Eventing.Reader.EventProperty]"
"Possible heap corruption detected (exception code 3221225477). Initiating further diagnostics.","2","0",,"4","0","0","-9222246136947933184","38","Microsoft-Windows-WER-Diag","ad8aa069-a01b-40a0-ba40-948d1d8dedc5","Microsoft-Windows-WER-Diag/Operational","3316","3312","rjaf-PC4429","S-1-5-21-1634558665-2257203147-3060767804-1000","5/8/2015 4:14:43 AM",,,"c:\users\mac_1\desktop\winevt\logs\microsoft-windows-wer-diag%4operational.evtx","System.UInt32[]","System.Diagnostics.Eventing.Reader.EventBookmark","Information","Info",,"System.Collections.ObjectModel.ReadOnlyCollection`1[System.String]","System.Collections.Generic.List`1[System.Diagnostics.Eventing.Reader.EventProperty]"
"Possible heap corruption detected (exception code 3221225477). Initiating further diagnostics.","2","0",,"4","0","0","-9222246136947933184","37","Microsoft-Windows-WER-Diag","ad8aa069-a01b-40a0-ba40-948d1d8dedc5","Microsoft-Windows-WER-Diag/Operational","692","4056","rjaf-PC4429","S-1-5-21-1634558665-2257203147-3060767804-1000","5/8/2015 4:14:38 AM",,,"c:\users\mac_1\desktop\winevt\logs\microsoft-windows-wer-diag%4operational.evtx","System.UInt32[]","System.Diagnostics.Eventing.Reader.EventBookmark","Information","Info",,"System.Collections.ObjectModel.ReadOnlyCollection`1[System.String]","System.Collections.Generic.List`1[System.Diagnostics.Eventing.Reader.EventProperty]"
"Possible heap corruption detected (exception code 3221225477). Initiating further diagnostics.","2","0",,"4","0","0","-9222246136947933184","36","Microsoft-Windows-WER-Diag","ad8aa069-a01b-40a0-ba40-948d1d8dedc5","Microsoft-Windows-WER-Diag/Operational","4076","2176","rjaf-PC4429","S-1-5-21-1634558665-2257203147-3060767804-1000","5/8/2015 4:14:33 AM",,,"c:\users\mac_1\desktop\winevt\logs\microsoft-windows-wer-diag%4operational.evtx","System.UInt32[]","System.Diagnostics.Eventing.Reader.EventBookmark","Information","Info",,"System.Collections.ObjectModel.ReadOnlyCollection`1[System.String]","System.Collections.Generic.List`1[System.Diagnostics.Eventing.Reader.EventProperty]"
"Possible heap corruption detected (exception code 3221225477). Initiating further diagnostics.","2","0",,"4","0","0","-9222246136947933184","35","Microsoft-Windows-WER-Diag","ad8aa069-a01b-40a0-ba40-948d1d8dedc5","Microsoft-Windows-WER-Diag/Operational","2200","2228","rjaf-PC4429","S-1-5-21-1634558665-2257203147-3060767804-1000","5/8/2015 4:14:22 AM",,,"c:\users\mac_1\desktop\winevt\logs\microsoft-windows-wer-diag%4operational.evtx","System.UInt32[]","System.Diagnostics.Eventing.Reader.EventBookmark","Information","Info",,"System.Collections.ObjectModel.ReadOnlyCollection`1[System.String]","System.Collections.Generic.List`1[System.Diagnostics.Eventing.Reader.EventProperty]"
"Possible heap corruption detected (exception code 3221225477). Initiating further diagnostics.","2","0",,"4","0","0","-9222246136947933184","34","Microsoft-Windows-WER-Diag","ad8aa069-a01b-40a0-ba40-948d1d8dedc5","Microsoft-Windows-WER-Diag/Operational","3084","3068","rjaf-PC4429","S-1-5-21-1634558665-2257203147-3060767804-1000","5/8/2015 4:14:15 AM",,,"c:\users\mac_1\desktop\winevt\logs\microsoft-windows-wer-diag%4operational.evtx","System.UInt32[]","System.Diagnostics.Eventing.Reader.EventBookmark","Information","Info",,"System.Collections.ObjectModel.ReadOnlyCollection`1[System.String]","System.Collections.Generic.List`1[System.Diagnostics.Eventing.Reader.EventProperty]"
"Possible heap corruption detected (exception code 3221225477). Initiating further diagnostics.","2","0",,"4","0","0","-9222246136947933184","33","Microsoft-Windows-WER-Diag","ad8aa069-a01b-40a0-ba40-948d1d8dedc5","Microsoft-Windows-WER-Diag/Operational","3876","3880","rjaf-PC4429","S-1-5-21-1634558665-2257203147-3060767804-1000","5/8/2015 4:13:56 AM",,,"c:\users\mac_1\desktop\winevt\logs\microsoft-windows-wer-diag%4operational.evtx","System.UInt32[]","System.Diagnostics.Eventing.Reader.EventBookmark","Information","Info",,"System.Collections.ObjectModel.ReadOnlyCollection`1[System.String]","System.Collections.Generic.List`1[System.Diagnostics.Eventing.Reader.EventProperty]"
"Possible heap corruption detected (exception code 3221225477). Initiating further diagnostics.","2","0",,"4","0","0","-9222246136947933184","32","Microsoft-Windows-WER-Diag","ad8aa069-a01b-40a0-ba40-948d1d8dedc5","Microsoft-Windows-WER-Diag/Operational","3160","3164","rjaf-PC4429","S-1-5-21-1634558665-2257203147-3060767804-1000","5/8/2015 4:13:40 AM",,,"c:\users\mac_1\desktop\winevt\logs\microsoft-windows-wer-diag%4operational.evtx","System.UInt32[]","System.Diagnostics.Eventing.Reader.EventBookmark","Information","Info",,"System.Collections.ObjectModel.ReadOnlyCollection`1[System.String]","System.Collections.Generic.List`1[System.Diagnostics.Eventing.Reader.EventProperty]"
"Possible heap corruption detected (exception code 3221225477). Initiating further diagnostics.","2","0",,"4","0","0","-9222246136947933184","31","Microsoft-Windows-WER-Diag","ad8aa069-a01b-40a0-ba40-948d1d8dedc5","Microsoft-Windows-WER-Diag/Operational","2196","2300","rjaf-PC4429","S-1-5-21-1634558665-2257203147-3060767804-1000","12/2/2014 10:30:42 AM",,,"c:\users\mac_1\desktop\winevt\logs\microsoft-windows-wer-diag%4operational.evtx","System.UInt32[]","System.Diagnostics.Eventing.Reader.EventBookmark","Information","Info",,"System.Collections.ObjectModel.ReadOnlyCollection`1[System.String]","System.Collections.Generic.List`1[System.Diagnostics.Eventing.Reader.EventProperty]"
"Possible heap corruption detected (exception code 3221225477). Initiating further diagnostics.","2","0",,"4","0","0","-9222246136947933184","30","Microsoft-Windows-WER-Diag","ad8aa069-a01b-40a0-ba40-948d1d8dedc5","Microsoft-Windows-WER-Diag/Operational","2152","1816","rjaf-PC4429","S-1-5-21-1634558665-2257203147-3060767804-1000","11/24/2014 11:49:37 AM",,,"c:\users\mac_1\desktop\winevt\logs\microsoft-windows-wer-diag%4operational.evtx","System.UInt32[]","System.Diagnostics.Eventing.Reader.EventBookmark","Information","Info",,"System.Collections.ObjectModel.ReadOnlyCollection`1[System.String]","System.Collections.Generic.List`1[System.Diagnostics.Eventing.Reader.EventProperty]"
"Possible heap corruption detected (exception code 3221225477). Initiating further diagnostics.","2","0",,"4","0","0","-9222246136947933184","29","Microsoft-Windows-WER-Diag","ad8aa069-a01b-40a0-ba40-948d1d8dedc5","Microsoft-Windows-WER-Diag/Operational","4000","1268","rjaf-PC4429","S-1-5-21-1634558665-2257203147-3060767804-1000","11/24/2014 11:49:32 AM",,,"c:\users\mac_1\desktop\winevt\logs\microsoft-windows-wer-diag%4operational.evtx","System.UInt32[]","System.Diagnostics.Eventing.Reader.EventBookmark","Information","Info",,"System.Collections.ObjectModel.ReadOnlyCollection`1[System.String]","System.Collections.Generic.List`1[System.Diagnostics.Eventing.Reader.EventProperty]"
"Possible heap corruption detected (exception code 3221225477). Initiating further diagnostics.","2","0",,"4","0","0","-9222246136947933184","28","Microsoft-Windows-WER-Diag","ad8aa069-a01b-40a0-ba40-948d1d8dedc5","Microsoft-Windows-WER-Diag/Operational","3780","2804","rjaf-PC4429","S-1-5-18","10/16/2014 2:21:28 AM",,,"c:\users\mac_1\desktop\winevt\logs\microsoft-windows-wer-diag%4operational.evtx","System.UInt32[]","System.Diagnostics.Eventing.Reader.EventBookmark","Information","Info",,"System.Collections.ObjectModel.ReadOnlyCollection`1[System.String]","System.Collections.Generic.List`1[System.Diagnostics.Eventing.Reader.EventProperty]"
"Possible heap corruption detected (exception code 3221225477). Initiating further diagnostics.","2","0",,"4","0","0","-9222246136947933184","27","Microsoft-Windows-WER-Diag","ad8aa069-a01b-40a0-ba40-948d1d8dedc5","Microsoft-Windows-WER-Diag/Operational","2692","3700","rjaf-PC4429","S-1-5-21-1634558665-2257203147-3060767804-1000","10/2/2014 1:17:14 PM",,,"c:\users\mac_1\desktop\winevt\logs\microsoft-windows-wer-diag%4operational.evtx","System.UInt32[]","System.Diagnostics.Eventing.Reader.EventBookmark","Information","Info",,"System.Collections.ObjectModel.ReadOnlyCollection`1[System.String]","System.Collections.Generic.List`1[System.Diagnostics.Eventing.Reader.EventProperty]"
"Possible heap corruption detected (exception code 3221225477). Initiating further diagnostics.","2","0",,"4","0","0","-9222246136947933184","26","Microsoft-Windows-WER-Diag","ad8aa069-a01b-40a0-ba40-948d1d8dedc5","Microsoft-Windows-WER-Diag/Operational","2416","1936","rjaf-PC4429","S-1-5-18","9/20/2014 1:13:43 AM",,,"c:\users\mac_1\desktop\winevt\logs\microsoft-windows-wer-diag%4operational.evtx","System.UInt32[]","System.Diagnostics.Eventing.Reader.EventBookmark","Information","Info",,"System.Collections.ObjectModel.ReadOnlyCollection`1[System.String]","System.Collections.Generic.List`1[System.Diagnostics.Eventing.Reader.EventProperty]"
"Possible heap corruption detected (exception code 3221225477). Initiating further diagnostics.","2","0",,"4","0","0","-9222246136947933184","25","Microsoft-Windows-WER-Diag","ad8aa069-a01b-40a0-ba40-948d1d8dedc5","Microsoft-Windows-WER-Diag/Operational","672","3392","rjaf-PC4429","S-1-5-18","9/19/2014 4:50:09 AM",,,"c:\users\mac_1\desktop\winevt\logs\microsoft-windows-wer-diag%4operational.evtx","System.UInt32[]","System.Diagnostics.Eventing.Reader.EventBookmark","Information","Info",,"System.Collections.ObjectModel.ReadOnlyCollection`1[System.String]","System.Collections.Generic.List`1[System.Diagnostics.Eventing.Reader.EventProperty]"
"Possible heap corruption detected (exception code 3221225477). Initiating further diagnostics.","2","0",,"4","0","0","-9222246136947933184","24","Microsoft-Windows-WER-Diag","ad8aa069-a01b-40a0-ba40-948d1d8dedc5","Microsoft-Windows-WER-Diag/Operational","1976","1848","rjaf-PC4429","S-1-5-18","7/19/2014 12:22:27 AM",,,"c:\users\mac_1\desktop\winevt\logs\microsoft-windows-wer-diag%4operational.evtx","System.UInt32[]","System.Diagnostics.Eventing.Reader.EventBookmark","Information","Info",,"System.Collections.ObjectModel.ReadOnlyCollection`1[System.String]","System.Collections.Generic.List`1[System.Diagnostics.Eventing.Reader.EventProperty]"
"Possible heap corruption detected (exception code 3221225477). Initiating further diagnostics.","2","0",,"4","0","0","-9222246136947933184","23","Microsoft-Windows-WER-Diag","ad8aa069-a01b-40a0-ba40-948d1d8dedc5","Microsoft-Windows-WER-Diag/Operational","3884","1416","rjaf-PC4429","S-1-5-18","6/22/2014 1:37:08 AM",,,"c:\users\mac_1\desktop\winevt\logs\microsoft-windows-wer-diag%4operational.evtx","System.UInt32[]","System.Diagnostics.Eventing.Reader.EventBookmark","Information","Info",,"System.Collections.ObjectModel.ReadOnlyCollection`1[System.String]","System.Collections.Generic.List`1[System.Diagnostics.Eventing.Reader.EventProperty]"
"Possible heap corruption detected (exception code 3221225477). Initiating further diagnostics.","2","0",,"4","0","0","-9222246136947933184","22","Microsoft-Windows-WER-Diag","ad8aa069-a01b-40a0-ba40-948d1d8dedc5","Microsoft-Windows-WER-Diag/Operational","2284","3036","rjaf-PC4429","S-1-5-21-1634558665-2257203147-3060767804-1000","5/5/2014 9:52:08 AM",,,"c:\users\mac_1\desktop\winevt\logs\microsoft-windows-wer-diag%4operational.evtx","System.UInt32[]","System.Diagnostics.Eventing.Reader.EventBookmark","Information","Info",,"System.Collections.ObjectModel.ReadOnlyCollection`1[System.String]","System.Collections.Generic.List`1[System.Diagnostics.Eventing.Reader.EventProperty]"
"Possible heap corruption detected (exception code 3221225477). Initiating further diagnostics.","2","0",,"4","0","0","-9222246136947933184","21","Microsoft-Windows-WER-Diag","ad8aa069-a01b-40a0-ba40-948d1d8dedc5","Microsoft-Windows-WER-Diag/Operational","3548","4060","rjaf-PC4429","S-1-5-21-1634558665-2257203147-3060767804-1000","1/8/2014 2:32:03 PM",,,"c:\users\mac_1\desktop\winevt\logs\microsoft-windows-wer-diag%4operational.evtx","System.UInt32[]","System.Diagnostics.Eventing.Reader.EventBookmark","Information","Info",,"System.Collections.ObjectModel.ReadOnlyCollection`1[System.String]","System.Collections.Generic.List`1[System.Diagnostics.Eventing.Reader.EventProperty]"
"Possible heap corruption detected (exception code 3221225477). Initiating further diagnostics.","2","0",,"4","0","0","-9222246136947933184","20","Microsoft-Windows-WER-Diag","ad8aa069-a01b-40a0-ba40-948d1d8dedc5","Microsoft-Windows-WER-Diag/Operational","2448","2576","rjaf-PC4429","S-1-5-21-1634558665-2257203147-3060767804-1000","1/8/2014 10:04:45 AM",,,"c:\users\mac_1\desktop\winevt\logs\microsoft-windows-wer-diag%4operational.evtx","System.UInt32[]","System.Diagnostics.Eventing.Reader.EventBookmark","Information","Info",,"System.Collections.ObjectModel.ReadOnlyCollection`1[System.String]","System.Collections.Generic.List`1[System.Diagnostics.Eventing.Reader.EventProperty]"
"Possible heap corruption detected (exception code 3221225477). Initiating further diagnostics.","2","0",,"4","0","0","-9222246136947933184","19","Microsoft-Windows-WER-Diag","ad8aa069-a01b-40a0-ba40-948d1d8dedc5","Microsoft-Windows-WER-Diag/Operational","3924","2160","rjaf-PC4429","S-1-5-21-1634558665-2257203147-3060767804-1000","1/5/2014 10:34:16 PM",,,"c:\users\mac_1\desktop\winevt\logs\microsoft-windows-wer-diag%4operational.evtx","System.UInt32[]","System.Diagnostics.Eventing.Reader.EventBookmark","Information","Info",,"System.Collections.ObjectModel.ReadOnlyCollection`1[System.String]","System.Collections.Generic.List`1[System.Diagnostics.Eventing.Reader.EventProperty]"
"Possible heap corruption detected (exception code 3221225477). Initiating further diagnostics.","2","0",,"4","0","0","-9222246136947933184","18","Microsoft-Windows-WER-Diag","ad8aa069-a01b-40a0-ba40-948d1d8dedc5","Microsoft-Windows-WER-Diag/Operational","3956","2868","rjaf-PC4429","S-1-5-21-1634558665-2257203147-3060767804-1000","1/5/2014 8:45:13 AM",,,"c:\users\mac_1\desktop\winevt\logs\microsoft-windows-wer-diag%4operational.evtx","System.UInt32[]","System.Diagnostics.Eventing.Reader.EventBookmark","Information","Info",,"System.Collections.ObjectModel.ReadOnlyCollection`1[System.String]","System.Collections.Generic.List`1[System.Diagnostics.Eventing.Reader.EventProperty]"
"Possible heap corruption detected (exception code 3221225477). Initiating further diagnostics.","2","0",,"4","0","0","-9222246136947933184","17","Microsoft-Windows-WER-Diag","ad8aa069-a01b-40a0-ba40-948d1d8dedc5","Microsoft-Windows-WER-Diag/Operational","1512","2936","rjaf-PC4429","S-1-5-21-1634558665-2257203147-3060767804-1000","1/1/2014 1:28:56 PM",,,"c:\users\mac_1\desktop\winevt\logs\microsoft-windows-wer-diag%4operational.evtx","System.UInt32[]","System.Diagnostics.Eventing.Reader.EventBookmark","Information","Info",,"System.Collections.ObjectModel.ReadOnlyCollection`1[System.String]","System.Collections.Generic.List`1[System.Diagnostics.Eventing.Reader.EventProperty]"
"Possible heap corruption detected (exception code 3221225477). Initiating further diagnostics.","2","0",,"4","0","0","-9222246136947933184","16","Microsoft-Windows-WER-Diag","ad8aa069-a01b-40a0-ba40-948d1d8dedc5","Microsoft-Windows-WER-Diag/Operational","3416","1928","rjaf-PC4429","S-1-5-21-1634558665-2257203147-3060767804-1000","1/1/2014 9:01:14 AM",,,"c:\users\mac_1\desktop\winevt\logs\microsoft-windows-wer-diag%4operational.evtx","System.UInt32[]","System.Diagnostics.Eventing.Reader.EventBookmark","Information","Info",,"System.Collections.ObjectModel.ReadOnlyCollection`1[System.String]","System.Collections.Generic.List`1[System.Diagnostics.Eventing.Reader.EventProperty]"
"Possible heap corruption detected (exception code 3221225477). Initiating further diagnostics.","2","0",,"4","0","0","-9222246136947933184","15","Microsoft-Windows-WER-Diag","ad8aa069-a01b-40a0-ba40-948d1d8dedc5","Microsoft-Windows-WER-Diag/Operational","2200","4020","rjaf-PC4429","S-1-5-21-1634558665-2257203147-3060767804-1000","1/1/2014 1:51:05 AM",,,"c:\users\mac_1\desktop\winevt\logs\microsoft-windows-wer-diag%4operational.evtx","System.UInt32[]","System.Diagnostics.Eventing.Reader.EventBookmark","Information","Info",,"System.Collections.ObjectModel.ReadOnlyCollection`1[System.String]","System.Collections.Generic.List`1[System.Diagnostics.Eventing.Reader.EventProperty]"
"Possible heap corruption detected (exception code 3221225477). Initiating further diagnostics.","2","0",,"4","0","0","-9222246136947933184","14","Microsoft-Windows-WER-Diag","ad8aa069-a01b-40a0-ba40-948d1d8dedc5","Microsoft-Windows-WER-Diag/Operational","3328","808","rjaf-PC4429","S-1-5-21-1634558665-2257203147-3060767804-1000","1/1/2014 1:48:03 AM",,,"c:\users\mac_1\desktop\winevt\logs\microsoft-windows-wer-diag%4operational.evtx","System.UInt32[]","System.Diagnostics.Eventing.Reader.EventBookmark","Information","Info",,"System.Collections.ObjectModel.ReadOnlyCollection`1[System.String]","System.Collections.Generic.List`1[System.Diagnostics.Eventing.Reader.EventProperty]"
"Possible heap corruption detected (exception code 3221225477). Initiating further diagnostics.","2","0",,"4","0","0","-9222246136947933184","13","Microsoft-Windows-WER-Diag","ad8aa069-a01b-40a0-ba40-948d1d8dedc5","Microsoft-Windows-WER-Diag/Operational","2696","3188","rjaf-PC4429","S-1-5-21-1634558665-2257203147-3060767804-1000","12/30/2013 1:13:50 PM",,,"c:\users\mac_1\desktop\winevt\logs\microsoft-windows-wer-diag%4operational.evtx","System.UInt32[]","System.Diagnostics.Eventing.Reader.EventBookmark","Information","Info",,"System.Collections.ObjectModel.ReadOnlyCollection`1[System.String]","System.Collections.Generic.List`1[System.Diagnostics.Eventing.Reader.EventProperty]"
"Possible heap corruption detected (exception code 3221225477). Initiating further diagnostics.","2","0",,"4","0","0","-9222246136947933184","12","Microsoft-Windows-WER-Diag","ad8aa069-a01b-40a0-ba40-948d1d8dedc5","Microsoft-Windows-WER-Diag/Operational","3940","2868","rjaf-PC4429","S-1-5-21-1634558665-2257203147-3060767804-1000","12/30/2013 1:13:37 PM",,,"c:\users\mac_1\desktop\winevt\logs\microsoft-windows-wer-diag%4operational.evtx","System.UInt32[]","System.Diagnostics.Eventing.Reader.EventBookmark","Information","Info",,"System.Collections.ObjectModel.ReadOnlyCollection`1[System.String]","System.Collections.Generic.List`1[System.Diagnostics.Eventing.Reader.EventProperty]"
"Possible heap corruption detected (exception code 3221225477). Initiating further diagnostics.","2","0",,"4","0","0","-9222246136947933184","11","Microsoft-Windows-WER-Diag","ad8aa069-a01b-40a0-ba40-948d1d8dedc5","Microsoft-Windows-WER-Diag/Operational","2476","2320","rjaf-PC4429","S-1-5-21-1634558665-2257203147-3060767804-1000","12/30/2013 1:09:21 PM",,,"c:\users\mac_1\desktop\winevt\logs\microsoft-windows-wer-diag%4operational.evtx","System.UInt32[]","System.Diagnostics.Eventing.Reader.EventBookmark","Information","Info",,"System.Collections.ObjectModel.ReadOnlyCollection`1[System.String]","System.Collections.Generic.List`1[System.Diagnostics.Eventing.Reader.EventProperty]"
"Possible heap corruption detected (exception code 3221225477). Initiating further diagnostics.","2","0",,"4","0","0","-9222246136947933184","10","Microsoft-Windows-WER-Diag","ad8aa069-a01b-40a0-ba40-948d1d8dedc5","Microsoft-Windows-WER-Diag/Operational","804","3984","rjaf-PC4429","S-1-5-21-1634558665-2257203147-3060767804-1000","12/30/2013 1:05:13 PM",,,"c:\users\mac_1\desktop\winevt\logs\microsoft-windows-wer-diag%4operational.evtx","System.UInt32[]","System.Diagnostics.Eventing.Reader.EventBookmark","Information","Info",,"System.Collections.ObjectModel.ReadOnlyCollection`1[System.String]","System.Collections.Generic.List`1[System.Diagnostics.Eventing.Reader.EventProperty]"
"Possible heap corruption detected (exception code 3221225477). Initiating further diagnostics.","2","0",,"4","0","0","-9222246136947933184","9","Microsoft-Windows-WER-Diag","ad8aa069-a01b-40a0-ba40-948d1d8dedc5","Microsoft-Windows-WER-Diag/Operational","3948","3992","rjaf-PC4429","S-1-5-21-1634558665-2257203147-3060767804-1000","12/30/2013 1:05:09 PM",,,"c:\users\mac_1\desktop\winevt\logs\microsoft-windows-wer-diag%4operational.evtx","System.UInt32[]","System.Diagnostics.Eventing.Reader.EventBookmark","Information","Info",,"System.Collections.ObjectModel.ReadOnlyCollection`1[System.String]","System.Collections.Generic.List`1[System.Diagnostics.Eventing.Reader.EventProperty]"
"Possible heap corruption detected (exception code 3221225477). Initiating further diagnostics.","2","0",,"4","0","0","-9222246136947933184","8","Microsoft-Windows-WER-Diag","ad8aa069-a01b-40a0-ba40-948d1d8dedc5","Microsoft-Windows-WER-Diag/Operational","2732","3768","rjaf-PC4429","S-1-5-21-1634558665-2257203147-3060767804-1000","12/17/2013 7:26:53 PM",,,"c:\users\mac_1\desktop\winevt\logs\microsoft-windows-wer-diag%4operational.evtx","System.UInt32[]","System.Diagnostics.Eventing.Reader.EventBookmark","Information","Info",,"System.Collections.ObjectModel.ReadOnlyCollection`1[System.String]","System.Collections.Generic.List`1[System.Diagnostics.Eventing.Reader.EventProperty]"
"Possible heap corruption detected (exception code 3221225477). Initiating further diagnostics.","2","0",,"4","0","0","-9222246136947933184","7","Microsoft-Windows-WER-Diag","ad8aa069-a01b-40a0-ba40-948d1d8dedc5","Microsoft-Windows-WER-Diag/Operational","3460","3252","rjaf-PC4429","S-1-5-21-1634558665-2257203147-3060767804-1000","12/15/2013 4:53:18 AM",,,"c:\users\mac_1\desktop\winevt\logs\microsoft-windows-wer-diag%4operational.evtx","System.UInt32[]","System.Diagnostics.Eventing.Reader.EventBookmark","Information","Info",,"System.Collections.ObjectModel.ReadOnlyCollection`1[System.String]","System.Collections.Generic.List`1[System.Diagnostics.Eventing.Reader.EventProperty]"
"Possible heap corruption detected (exception code 3221225477). Initiating further diagnostics.","2","0",,"4","0","0","-9222246136947933184","6","Microsoft-Windows-WER-Diag","ad8aa069-a01b-40a0-ba40-948d1d8dedc5","Microsoft-Windows-WER-Diag/Operational","3456","2032","rjaf-PC4429","S-1-5-21-1634558665-2257203147-3060767804-1000","12/15/2013 12:39:21 AM",,,"c:\users\mac_1\desktop\winevt\logs\microsoft-windows-wer-diag%4operational.evtx","System.UInt32[]","System.Diagnostics.Eventing.Reader.EventBookmark","Information","Info",,"System.Collections.ObjectModel.ReadOnlyCollection`1[System.String]","System.Collections.Generic.List`1[System.Diagnostics.Eventing.Reader.EventProperty]"
"Possible heap corruption detected (exception code 3221225477). Initiating further diagnostics.","2","0",,"4","0","0","-9222246136947933184","5","Microsoft-Windows-WER-Diag","ad8aa069-a01b-40a0-ba40-948d1d8dedc5","Microsoft-Windows-WER-Diag/Operational","3664","1200","rjaf-PC4429","S-1-5-21-1634558665-2257203147-3060767804-1000","12/13/2013 9:39:17 AM",,,"c:\users\mac_1\desktop\winevt\logs\microsoft-windows-wer-diag%4operational.evtx","System.UInt32[]","System.Diagnostics.Eventing.Reader.EventBookmark","Information","Info",,"System.Collections.ObjectModel.ReadOnlyCollection`1[System.String]","System.Collections.Generic.List`1[System.Diagnostics.Eventing.Reader.EventProperty]"
"Possible heap corruption detected (exception code 3221225477). Initiating further diagnostics.","2","0",,"4","0","0","-9222246136947933184","4","Microsoft-Windows-WER-Diag","ad8aa069-a01b-40a0-ba40-948d1d8dedc5","Microsoft-Windows-WER-Diag/Operational","2644","208","rjaf-PC4429","S-1-5-21-1634558665-2257203147-3060767804-1000","12/12/2013 10:57:55 AM",,,"c:\users\mac_1\desktop\winevt\logs\microsoft-windows-wer-diag%4operational.evtx","System.UInt32[]","System.Diagnostics.Eventing.Reader.EventBookmark","Information","Info",,"System.Collections.ObjectModel.ReadOnlyCollection`1[System.String]","System.Collections.Generic.List`1[System.Diagnostics.Eventing.Reader.EventProperty]"
"Possible heap corruption detected (exception code 3221225477). Initiating further diagnostics.","2","0",,"4","0","0","-9222246136947933184","3","Microsoft-Windows-WER-Diag","ad8aa069-a01b-40a0-ba40-948d1d8dedc5","Microsoft-Windows-WER-Diag/Operational","2492","3500","rjaf-PC4429","S-1-5-21-1634558665-2257203147-3060767804-1000","12/11/2013 10:41:34 AM",,,"c:\users\mac_1\desktop\winevt\logs\microsoft-windows-wer-diag%4operational.evtx","System.UInt32[]","System.Diagnostics.Eventing.Reader.EventBookmark","Information","Info",,"System.Collections.ObjectModel.ReadOnlyCollection`1[System.String]","System.Collections.Generic.List`1[System.Diagnostics.Eventing.Reader.EventProperty]"
"Possible heap corruption detected (exception code 3221225477). Initiating further diagnostics.","2","0",,"4","0","0","-9222246136947933184","2","Microsoft-Windows-WER-Diag","ad8aa069-a01b-40a0-ba40-948d1d8dedc5","Microsoft-Windows-WER-Diag/Operational","2112","2672","rjaf-PC4429","S-1-5-21-1634558665-2257203147-3060767804-1000","12/11/2013 4:06:49 AM",,,"c:\users\mac_1\desktop\winevt\logs\microsoft-windows-wer-diag%4operational.evtx","System.UInt32[]","System.Diagnostics.Eventing.Reader.EventBookmark","Information","Info",,"System.Collections.ObjectModel.ReadOnlyCollection`1[System.String]","System.Collections.Generic.List`1[System.Diagnostics.Eventing.Reader.EventProperty]"
"Possible heap corruption detected (exception code 3221225477). Initiating further diagnostics.","2","0",,"4","0","0","-9222246136947933184","1","Microsoft-Windows-WER-Diag","ad8aa069-a01b-40a0-ba40-948d1d8dedc5","Microsoft-Windows-WER-Diag/Operational","2160","1188","rjaf-PC4429","S-1-5-21-1634558665-2257203147-3060767804-1000","12/11/2013 4:05:54 AM",,,"c:\users\mac_1\desktop\winevt\logs\microsoft-windows-wer-diag%4operational.evtx","System.UInt32[]","System.Diagnostics.Eventing.Reader.EventBookmark","Information","Info",,"System.Collections.ObjectModel.ReadOnlyCollection`1[System.String]","System.Collections.Generic.List`1[System.Diagnostics.Eventing.Reader.EventProperty]"
