"1007","10","0",,"4","1","0","-9223372036854775808","94","Microsoft-Windows-WindowsSystemAssessmentTool","11a75546-3234-465e-bec8-2d301cb501ac","Microsoft-Windows-WindowsSystemAssessmentTool/Operational","2876","2872","rjaf-PC4429","S-1-5-21-1634558665-2257203147-3060767804-1000","12/10/2013 6:10:54 AM",,,"c:\users\mac_1\desktop\winevt\logs\microsoft-windows-windowssystemassessmenttool%4operational.evtx","System.UInt32[]","System.Diagnostics.Eventing.Reader.EventBookmark","Information","Info",,"System.Collections.ObjectModel.ReadOnlyCollection`1[System.String]","System.Collections.Generic.List`1[System.Diagnostics.Eventing.Reader.EventProperty]"
"1007:Run Assessment, media, -input C:\Windows\Performance\WinSAT\winsatencode.wmv -encode C:\Windows\Performance\WinSAT\winsat.prx","9","0",,"4","1","0","-9223372036854775808","93","Microsoft-Windows-WindowsSystemAssessmentTool","11a75546-3234-465e-bec8-2d301cb501ac","Microsoft-Windows-WindowsSystemAssessmentTool/Operational","2876","2872","rjaf-PC4429","S-1-5-21-1634558665-2257203147-3060767804-1000","12/10/2013 6:10:51 AM",,,"c:\users\mac_1\desktop\winevt\logs\microsoft-windows-windowssystemassessmenttool%4operational.evtx","System.UInt32[]","System.Diagnostics.Eventing.Reader.EventBookmark","Information","Info",,"System.Collections.ObjectModel.ReadOnlyCollection`1[System.String]","System.Collections.Generic.List`1[System.Diagnostics.Eventing.Reader.EventProperty]"
"1009","10","0",,"4","1","0","-9223372036854775808","92","Microsoft-Windows-WindowsSystemAssessmentTool","11a75546-3234-465e-bec8-2d301cb501ac","Microsoft-Windows-WindowsSystemAssessmentTool/Operational","2876","2872","rjaf-PC4429","S-1-5-21-1634558665-2257203147-3060767804-1000","12/10/2013 6:10:51 AM",,,"c:\users\mac_1\desktop\winevt\logs\microsoft-windows-windowssystemassessmenttool%4operational.evtx","System.UInt32[]","System.Diagnostics.Eventing.Reader.EventBookmark","Information","Info",,"System.Collections.ObjectModel.ReadOnlyCollection`1[System.String]","System.Collections.Generic.List`1[System.Diagnostics.Eventing.Reader.EventProperty]"
"1009:Run Assessment, mediaex, -input C:\Windows\Performance\WinSAT\Clip_480_5sec_6mbps_h264.mp4 -video offscreen -audio mute -width 100%m -height 100%m -constrain -savereg -autoprofname -expfrmmin 270 -expfrmmax 300 -overrideframetype int2fps","9","0",,"4","1","0","-9223372036854775808","91","Microsoft-Windows-WindowsSystemAssessmentTool","11a75546-3234-465e-bec8-2d301cb501ac","Microsoft-Windows-WindowsSystemAssessmentTool/Operational","2876","2872","rjaf-PC4429","S-1-5-21-1634558665-2257203147-3060767804-1000","12/10/2013 6:10:51 AM",,,"c:\users\mac_1\desktop\winevt\logs\microsoft-windows-windowssystemassessmenttool%4operational.evtx","System.UInt32[]","System.Diagnostics.Eventing.Reader.EventBookmark","Information","Info",,"System.Collections.ObjectModel.ReadOnlyCollection`1[System.String]","System.Collections.Generic.List`1[System.Diagnostics.Eventing.Reader.EventProperty]"
"1009","10","0",,"4","1","0","-9223372036854775808","90","Microsoft-Windows-WindowsSystemAssessmentTool","11a75546-3234-465e-bec8-2d301cb501ac","Microsoft-Windows-WindowsSystemAssessmentTool/Operational","2876","2872","rjaf-PC4429","S-1-5-21-1634558665-2257203147-3060767804-1000","12/10/2013 6:10:51 AM",,,"c:\users\mac_1\desktop\winevt\logs\microsoft-windows-windowssystemassessmenttool%4operational.evtx","System.UInt32[]","System.Diagnostics.Eventing.Reader.EventBookmark","Information","Info",,"System.Collections.ObjectModel.ReadOnlyCollection`1[System.String]","System.Collections.Generic.List`1[System.Diagnostics.Eventing.Reader.EventProperty]"
"1009:Run Assessment, mediaex, -input C:\Windows\Performance\WinSAT\Clip_1080_5sec_10mbps_h264.mp4 -video offscreen -audio mute -width 100%m -height 100%m -constrain -savereg -autoprofname -expfrmmin 135 -expfrmmax 150 -overrideframetype prog","9","0",,"4","1","0","-9223372036854775808","89","Microsoft-Windows-WindowsSystemAssessmentTool","11a75546-3234-465e-bec8-2d301cb501ac","Microsoft-Windows-WindowsSystemAssessmentTool/Operational","2876","2872","rjaf-PC4429","S-1-5-21-1634558665-2257203147-3060767804-1000","12/10/2013 6:10:51 AM",,,"c:\users\mac_1\desktop\winevt\logs\microsoft-windows-windowssystemassessmenttool%4operational.evtx","System.UInt32[]","System.Diagnostics.Eventing.Reader.EventBookmark","Information","Info",,"System.Collections.ObjectModel.ReadOnlyCollection`1[System.String]","System.Collections.Generic.List`1[System.Diagnostics.Eventing.Reader.EventProperty]"
"1009","10","0",,"4","1","0","-9223372036854775808","88","Microsoft-Windows-WindowsSystemAssessmentTool","11a75546-3234-465e-bec8-2d301cb501ac","Microsoft-Windows-WindowsSystemAssessmentTool/Operational","2876","2872","rjaf-PC4429","S-1-5-21-1634558665-2257203147-3060767804-1000","12/10/2013 6:10:51 AM",,,"c:\users\mac_1\desktop\winevt\logs\microsoft-windows-windowssystemassessmenttool%4operational.evtx","System.UInt32[]","System.Diagnostics.Eventing.Reader.EventBookmark","Information","Info",,"System.Collections.ObjectModel.ReadOnlyCollection`1[System.String]","System.Collections.Generic.List`1[System.Diagnostics.Eventing.Reader.EventProperty]"
"1009:Run Assessment, mediaex, -input C:\Windows\Performance\WinSAT\Clip_480p_5sec_6mbps_new.mpg -dshow -video offscreen -audio mute -width 100%m -height 100%m -constrain -savereg -autoprofname -expfrmmin 135 -expfrmmax 150 -overrideframetype prog","9","0",,"4","1","0","-9223372036854775808","87","Microsoft-Windows-WindowsSystemAssessmentTool","11a75546-3234-465e-bec8-2d301cb501ac","Microsoft-Windows-WindowsSystemAssessmentTool/Operational","2876","2872","rjaf-PC4429","S-1-5-21-1634558665-2257203147-3060767804-1000","12/10/2013 6:10:51 AM",,,"c:\users\mac_1\desktop\winevt\logs\microsoft-windows-windowssystemassessmenttool%4operational.evtx","System.UInt32[]","System.Diagnostics.Eventing.Reader.EventBookmark","Information","Info",,"System.Collections.ObjectModel.ReadOnlyCollection`1[System.String]","System.Collections.Generic.List`1[System.Diagnostics.Eventing.Reader.EventProperty]"
"1009","10","0",,"4","1","0","-9223372036854775808","86","Microsoft-Windows-WindowsSystemAssessmentTool","11a75546-3234-465e-bec8-2d301cb501ac","Microsoft-Windows-WindowsSystemAssessmentTool/Operational","2876","2872","rjaf-PC4429","S-1-5-21-1634558665-2257203147-3060767804-1000","12/10/2013 6:10:51 AM",,,"c:\users\mac_1\desktop\winevt\logs\microsoft-windows-windowssystemassessmenttool%4operational.evtx","System.UInt32[]","System.Diagnostics.Eventing.Reader.EventBookmark","Information","Info",,"System.Collections.ObjectModel.ReadOnlyCollection`1[System.String]","System.Collections.Generic.List`1[System.Diagnostics.Eventing.Reader.EventProperty]"
"1009:Run Assessment, mediaex, -input C:\Windows\Performance\WinSAT\Clip_480i_5sec_6mbps_new.mpg -dshow -video offscreen -audio mute -width 100%m -height 100%m -constrain -savereg -autoprofname -expfrmmin 270 -expfrmmax 300 -overrideframetype int2fps","9","0",,"4","1","0","-9223372036854775808","85","Microsoft-Windows-WindowsSystemAssessmentTool","11a75546-3234-465e-bec8-2d301cb501ac","Microsoft-Windows-WindowsSystemAssessmentTool/Operational","2876","2872","rjaf-PC4429","S-1-5-21-1634558665-2257203147-3060767804-1000","12/10/2013 6:10:51 AM",,,"c:\users\mac_1\desktop\winevt\logs\microsoft-windows-windowssystemassessmenttool%4operational.evtx","System.UInt32[]","System.Diagnostics.Eventing.Reader.EventBookmark","Information","Info",,"System.Collections.ObjectModel.ReadOnlyCollection`1[System.String]","System.Collections.Generic.List`1[System.Diagnostics.Eventing.Reader.EventProperty]"
"1009","10","0",,"4","1","0","-9223372036854775808","84","Microsoft-Windows-WindowsSystemAssessmentTool","11a75546-3234-465e-bec8-2d301cb501ac","Microsoft-Windows-WindowsSystemAssessmentTool/Operational","2876","2872","rjaf-PC4429","S-1-5-21-1634558665-2257203147-3060767804-1000","12/10/2013 6:10:51 AM",,,"c:\users\mac_1\desktop\winevt\logs\microsoft-windows-windowssystemassessmenttool%4operational.evtx","System.UInt32[]","System.Diagnostics.Eventing.Reader.EventBookmark","Information","Info",,"System.Collections.ObjectModel.ReadOnlyCollection`1[System.String]","System.Collections.Generic.List`1[System.Diagnostics.Eventing.Reader.EventProperty]"
"1009:Run Assessment, mediaex, -input C:\Windows\Performance\WinSAT\Clip_1080_5sec_VC1_15mbps.wmv -video offscreen -audio mute -width 100%m -height 100%m -constrain -savereg -autoprofname -expfrmmin 135 -expfrmmax 150 -overrideframetype prog","9","0",,"4","1","0","-9223372036854775808","83","Microsoft-Windows-WindowsSystemAssessmentTool","11a75546-3234-465e-bec8-2d301cb501ac","Microsoft-Windows-WindowsSystemAssessmentTool/Operational","2876","2872","rjaf-PC4429","S-1-5-21-1634558665-2257203147-3060767804-1000","12/10/2013 6:10:51 AM",,,"c:\users\mac_1\desktop\winevt\logs\microsoft-windows-windowssystemassessmenttool%4operational.evtx","System.UInt32[]","System.Diagnostics.Eventing.Reader.EventBookmark","Information","Info",,"System.Collections.ObjectModel.ReadOnlyCollection`1[System.String]","System.Collections.Generic.List`1[System.Diagnostics.Eventing.Reader.EventProperty]"
"1009","10","0",,"4","1","0","-9223372036854775808","82","Microsoft-Windows-WindowsSystemAssessmentTool","11a75546-3234-465e-bec8-2d301cb501ac","Microsoft-Windows-WindowsSystemAssessmentTool/Operational","2876","2872","rjaf-PC4429","S-1-5-21-1634558665-2257203147-3060767804-1000","12/10/2013 6:10:51 AM",,,"c:\users\mac_1\desktop\winevt\logs\microsoft-windows-windowssystemassessmenttool%4operational.evtx","System.UInt32[]","System.Diagnostics.Eventing.Reader.EventBookmark","Information","Info",,"System.Collections.ObjectModel.ReadOnlyCollection`1[System.String]","System.Collections.Generic.List`1[System.Diagnostics.Eventing.Reader.EventProperty]"
"1009:Run Assessment, mediaex, -input C:\Windows\Performance\WinSAT\Clip_1080_5sec_MPEG2_HD_15mbps.mpg -dshow -video offscreen -audio mute -width 100%m -height 100%m -constrain -savereg -autoprofname -expfrmmin 270 -expfrmmax 300 -overrideframetype int2fps","9","0",,"4","1","0","-9223372036854775808","81","Microsoft-Windows-WindowsSystemAssessmentTool","11a75546-3234-465e-bec8-2d301cb501ac","Microsoft-Windows-WindowsSystemAssessmentTool/Operational","2876","2872","rjaf-PC4429","S-1-5-21-1634558665-2257203147-3060767804-1000","12/10/2013 6:10:51 AM",,,"c:\users\mac_1\desktop\winevt\logs\microsoft-windows-windowssystemassessmenttool%4operational.evtx","System.UInt32[]","System.Diagnostics.Eventing.Reader.EventBookmark","Information","Info",,"System.Collections.ObjectModel.ReadOnlyCollection`1[System.String]","System.Collections.Generic.List`1[System.Diagnostics.Eventing.Reader.EventProperty]"
"1008","10","0",,"4","1","0","-9223372036854775808","80","Microsoft-Windows-WindowsSystemAssessmentTool","11a75546-3234-465e-bec8-2d301cb501ac","Microsoft-Windows-WindowsSystemAssessmentTool/Operational","2876","2872","rjaf-PC4429","S-1-5-21-1634558665-2257203147-3060767804-1000","12/10/2013 6:10:51 AM",,,"c:\users\mac_1\desktop\winevt\logs\microsoft-windows-windowssystemassessmenttool%4operational.evtx","System.UInt32[]","System.Diagnostics.Eventing.Reader.EventBookmark","Information","Info",,"System.Collections.ObjectModel.ReadOnlyCollection`1[System.String]","System.Collections.Generic.List`1[System.Diagnostics.Eventing.Reader.EventProperty]"
"1008:Run Assessment, mfmedia, -input C:\Windows\Performance\WinSAT\winsat.wmv -nopmp","9","0",,"4","1","0","-9223372036854775808","79","Microsoft-Windows-WindowsSystemAssessmentTool","11a75546-3234-465e-bec8-2d301cb501ac","Microsoft-Windows-WindowsSystemAssessmentTool/Operational","2876","2872","rjaf-PC4429","S-1-5-21-1634558665-2257203147-3060767804-1000","12/10/2013 6:10:47 AM",,,"c:\users\mac_1\desktop\winevt\logs\microsoft-windows-windowssystemassessmenttool%4operational.evtx","System.UInt32[]","System.Diagnostics.Eventing.Reader.EventBookmark","Information","Info",,"System.Collections.ObjectModel.ReadOnlyCollection`1[System.String]","System.Collections.Generic.List`1[System.Diagnostics.Eventing.Reader.EventProperty]"
"1006","10","0",,"4","1","0","-9223372036854775808","78","Microsoft-Windows-WindowsSystemAssessmentTool","11a75546-3234-465e-bec8-2d301cb501ac","Microsoft-Windows-WindowsSystemAssessmentTool/Operational","2876","2872","rjaf-PC4429","S-1-5-21-1634558665-2257203147-3060767804-1000","12/10/2013 6:10:47 AM",,,"c:\users\mac_1\desktop\winevt\logs\microsoft-windows-windowssystemassessmenttool%4operational.evtx","System.UInt32[]","System.Diagnostics.Eventing.Reader.EventBookmark","Information","Info",,"System.Collections.ObjectModel.ReadOnlyCollection`1[System.String]","System.Collections.Generic.List`1[System.Diagnostics.Eventing.Reader.EventProperty]"
"1006:Run Assessment, d3d, -dx10  -aname CBuffer -time 5 -fbc 10 -disp off -animate 10 -width 1280 -height 1024 -totalobj 75 -batchcnt C(25) -objs C(8) -rendertotex 6 -rtdelta 3 -texpobj C(1) -cbuffershader -cbufa 2 -cbuff 5 -cbufp 6","9","0",,"4","1","0","-9223372036854775808","77","Microsoft-Windows-WindowsSystemAssessmentTool","11a75546-3234-465e-bec8-2d301cb501ac","Microsoft-Windows-WindowsSystemAssessmentTool/Operational","2876","2872","rjaf-PC4429","S-1-5-21-1634558665-2257203147-3060767804-1000","12/10/2013 6:10:47 AM",,,"c:\users\mac_1\desktop\winevt\logs\microsoft-windows-windowssystemassessmenttool%4operational.evtx","System.UInt32[]","System.Diagnostics.Eventing.Reader.EventBookmark","Information","Info",,"System.Collections.ObjectModel.ReadOnlyCollection`1[System.String]","System.Collections.Generic.List`1[System.Diagnostics.Eventing.Reader.EventProperty]"
"1006","10","0",,"4","1","0","-9223372036854775808","76","Microsoft-Windows-WindowsSystemAssessmentTool","11a75546-3234-465e-bec8-2d301cb501ac","Microsoft-Windows-WindowsSystemAssessmentTool/Operational","2876","2872","rjaf-PC4429","S-1-5-21-1634558665-2257203147-3060767804-1000","12/10/2013 6:10:47 AM",,,"c:\users\mac_1\desktop\winevt\logs\microsoft-windows-windowssystemassessmenttool%4operational.evtx","System.UInt32[]","System.Diagnostics.Eventing.Reader.EventBookmark","Information","Info",,"System.Collections.ObjectModel.ReadOnlyCollection`1[System.String]","System.Collections.Generic.List`1[System.Diagnostics.Eventing.Reader.EventProperty]"
"1006:Run Assessment, d3d, -dx10  -aname GeomV8 -time 7 -fbc 10 -disp off -animate 10 -width 1280 -height 1024 -totalobj 75;100;120 -batchcnt C(25);C(100);C(150) -objs C(8);C(17);C(29) -noalpha -geomv8shader -texpobj C(0) -rendertotex 6 -rtdelta 3 -tierframes 60 -tiertime 1","9","0",,"4","1","0","-9223372036854775808","75","Microsoft-Windows-WindowsSystemAssessmentTool","11a75546-3234-465e-bec8-2d301cb501ac","Microsoft-Windows-WindowsSystemAssessmentTool/Operational","2876","2872","rjaf-PC4429","S-1-5-21-1634558665-2257203147-3060767804-1000","12/10/2013 6:10:47 AM",,,"c:\users\mac_1\desktop\winevt\logs\microsoft-windows-windowssystemassessmenttool%4operational.evtx","System.UInt32[]","System.Diagnostics.Eventing.Reader.EventBookmark","Information","Info",,"System.Collections.ObjectModel.ReadOnlyCollection`1[System.String]","System.Collections.Generic.List`1[System.Diagnostics.Eventing.Reader.EventProperty]"
"1006","10","0",,"4","1","0","-9223372036854775808","74","Microsoft-Windows-WindowsSystemAssessmentTool","11a75546-3234-465e-bec8-2d301cb501ac","Microsoft-Windows-WindowsSystemAssessmentTool/Operational","2876","2872","rjaf-PC4429","S-1-5-21-1634558665-2257203147-3060767804-1000","12/10/2013 6:10:47 AM",,,"c:\users\mac_1\desktop\winevt\logs\microsoft-windows-windowssystemassessmenttool%4operational.evtx","System.UInt32[]","System.Diagnostics.Eventing.Reader.EventBookmark","Information","Info",,"System.Collections.ObjectModel.ReadOnlyCollection`1[System.String]","System.Collections.Generic.List`1[System.Diagnostics.Eventing.Reader.EventProperty]"
"1006:Run Assessment, d3d, -dx10  -aname GeomF4 -time 7 -fbc 10 -disp off -animate 10 -width 1280 -height 1024 -totalobj 150;200;241 -batchcnt C(50);C(200);C(300) -objs C(12);C(26);C(45) -noalpha -geomf4shader -texpobj C(0) -rendertotex 6 -rtdelta 3 -tierframes 60 -tiertime 1","9","0",,"4","1","0","-9223372036854775808","73","Microsoft-Windows-WindowsSystemAssessmentTool","11a75546-3234-465e-bec8-2d301cb501ac","Microsoft-Windows-WindowsSystemAssessmentTool/Operational","2876","2872","rjaf-PC4429","S-1-5-21-1634558665-2257203147-3060767804-1000","12/10/2013 6:10:47 AM",,,"c:\users\mac_1\desktop\winevt\logs\microsoft-windows-windowssystemassessmenttool%4operational.evtx","System.UInt32[]","System.Diagnostics.Eventing.Reader.EventBookmark","Information","Info",,"System.Collections.ObjectModel.ReadOnlyCollection`1[System.String]","System.Collections.Generic.List`1[System.Diagnostics.Eventing.Reader.EventProperty]"
"1006","10","0",,"4","1","0","-9223372036854775808","72","Microsoft-Windows-WindowsSystemAssessmentTool","11a75546-3234-465e-bec8-2d301cb501ac","Microsoft-Windows-WindowsSystemAssessmentTool/Operational","2876","2872","rjaf-PC4429","S-1-5-21-1634558665-2257203147-3060767804-1000","12/10/2013 6:10:47 AM",,,"c:\users\mac_1\desktop\winevt\logs\microsoft-windows-windowssystemassessmenttool%4operational.evtx","System.UInt32[]","System.Diagnostics.Eventing.Reader.EventBookmark","Information","Info",,"System.Collections.ObjectModel.ReadOnlyCollection`1[System.String]","System.Collections.Generic.List`1[System.Diagnostics.Eventing.Reader.EventProperty]"
"1006:Run Assessment, d3d, -dx10  -aname ALU -time 5 -fbc 10 -disp off -animate 10 -width 1280 -height 1024 -totalobj 500 -batchcnt C(125) -objs C(20) -noalpha -alushader -totaltex 10 -texpobj C(1) -rendertotex 6 -rtdelta 3","9","0",,"4","1","0","-9223372036854775808","71","Microsoft-Windows-WindowsSystemAssessmentTool","11a75546-3234-465e-bec8-2d301cb501ac","Microsoft-Windows-WindowsSystemAssessmentTool/Operational","2876","2872","rjaf-PC4429","S-1-5-21-1634558665-2257203147-3060767804-1000","12/10/2013 6:10:47 AM",,,"c:\users\mac_1\desktop\winevt\logs\microsoft-windows-windowssystemassessmenttool%4operational.evtx","System.UInt32[]","System.Diagnostics.Eventing.Reader.EventBookmark","Information","Info",,"System.Collections.ObjectModel.ReadOnlyCollection`1[System.String]","System.Collections.Generic.List`1[System.Diagnostics.Eventing.Reader.EventProperty]"
"1006","10","0",,"4","1","0","-9223372036854775808","70","Microsoft-Windows-WindowsSystemAssessmentTool","11a75546-3234-465e-bec8-2d301cb501ac","Microsoft-Windows-WindowsSystemAssessmentTool/Operational","2876","2872","rjaf-PC4429","S-1-5-21-1634558665-2257203147-3060767804-1000","12/10/2013 6:10:47 AM",,,"c:\users\mac_1\desktop\winevt\logs\microsoft-windows-windowssystemassessmenttool%4operational.evtx","System.UInt32[]","System.Diagnostics.Eventing.Reader.EventBookmark","Information","Info",,"System.Collections.ObjectModel.ReadOnlyCollection`1[System.String]","System.Collections.Generic.List`1[System.Diagnostics.Eventing.Reader.EventProperty]"
"1006:Run Assessment, d3d, -dx10  -aname Tex -time 5 -fbc 10 -disp off -animate 10 -width 1280 -height 1024 -totalobj 500 -batchcnt C(125) -objs C(20) -noalpha -texshader -totaltex 10 -texpobj C(4) -rendertotex 6 -rtdelta 3","9","0",,"4","1","0","-9223372036854775808","69","Microsoft-Windows-WindowsSystemAssessmentTool","11a75546-3234-465e-bec8-2d301cb501ac","Microsoft-Windows-WindowsSystemAssessmentTool/Operational","2876","2872","rjaf-PC4429","S-1-5-21-1634558665-2257203147-3060767804-1000","12/10/2013 6:10:47 AM",,,"c:\users\mac_1\desktop\winevt\logs\microsoft-windows-windowssystemassessmenttool%4operational.evtx","System.UInt32[]","System.Diagnostics.Eventing.Reader.EventBookmark","Information","Info",,"System.Collections.ObjectModel.ReadOnlyCollection`1[System.String]","System.Collections.Generic.List`1[System.Diagnostics.Eventing.Reader.EventProperty]"
"1006","10","0",,"4","1","0","-9223372036854775808","68","Microsoft-Windows-WindowsSystemAssessmentTool","11a75546-3234-465e-bec8-2d301cb501ac","Microsoft-Windows-WindowsSystemAssessmentTool/Operational","2876","2872","rjaf-PC4429","S-1-5-21-1634558665-2257203147-3060767804-1000","12/10/2013 6:10:47 AM",,,"c:\users\mac_1\desktop\winevt\logs\microsoft-windows-windowssystemassessmenttool%4operational.evtx","System.UInt32[]","System.Diagnostics.Eventing.Reader.EventBookmark","Information","Info",,"System.Collections.ObjectModel.ReadOnlyCollection`1[System.String]","System.Collections.Generic.List`1[System.Diagnostics.Eventing.Reader.EventProperty]"
"1006:Run Assessment, d3d, -dx10  -aname Alpha -time 5 -fbc 10 -disp off -animate 10 -width 1280 -height 1024 -totalobj 300 -batchcnt C(75) -objs C(26) -rendertotex 6 -rtdelta 3 -texpobj C(1)","9","0",,"4","1","0","-9223372036854775808","67","Microsoft-Windows-WindowsSystemAssessmentTool","11a75546-3234-465e-bec8-2d301cb501ac","Microsoft-Windows-WindowsSystemAssessmentTool/Operational","2876","2872","rjaf-PC4429","S-1-5-21-1634558665-2257203147-3060767804-1000","12/10/2013 6:10:47 AM",,,"c:\users\mac_1\desktop\winevt\logs\microsoft-windows-windowssystemassessmenttool%4operational.evtx","System.UInt32[]","System.Diagnostics.Eventing.Reader.EventBookmark","Information","Info",,"System.Collections.ObjectModel.ReadOnlyCollection`1[System.String]","System.Collections.Generic.List`1[System.Diagnostics.Eventing.Reader.EventProperty]"
"1006","10","0",,"4","1","0","-9223372036854775808","66","Microsoft-Windows-WindowsSystemAssessmentTool","11a75546-3234-465e-bec8-2d301cb501ac","Microsoft-Windows-WindowsSystemAssessmentTool/Operational","2876","2872","rjaf-PC4429","S-1-5-21-1634558665-2257203147-3060767804-1000","12/10/2013 6:10:47 AM",,,"c:\users\mac_1\desktop\winevt\logs\microsoft-windows-windowssystemassessmenttool%4operational.evtx","System.UInt32[]","System.Diagnostics.Eventing.Reader.EventBookmark","Information","Info",,"System.Collections.ObjectModel.ReadOnlyCollection`1[System.String]","System.Collections.Generic.List`1[System.Diagnostics.Eventing.Reader.EventProperty]"
"1006:Run Assessment, d3d, -dx10  -aname Batch -time 5 -fbc 10 -disp off -animate 10 -width 1280 -height 1024 -totalobj 300 -batchcnt C(10) -objs C(26) -rendertotex 6 -rtdelta 3 -texpobj C(1)","9","0",,"4","1","0","-9223372036854775808","65","Microsoft-Windows-WindowsSystemAssessmentTool","11a75546-3234-465e-bec8-2d301cb501ac","Microsoft-Windows-WindowsSystemAssessmentTool/Operational","2876","2872","rjaf-PC4429","S-1-5-21-1634558665-2257203147-3060767804-1000","12/10/2013 6:10:47 AM",,,"c:\users\mac_1\desktop\winevt\logs\microsoft-windows-windowssystemassessmenttool%4operational.evtx","System.UInt32[]","System.Diagnostics.Eventing.Reader.EventBookmark","Information","Info",,"System.Collections.ObjectModel.ReadOnlyCollection`1[System.String]","System.Collections.Generic.List`1[System.Diagnostics.Eventing.Reader.EventProperty]"
"1006","10","0",,"4","1","0","-9223372036854775808","64","Microsoft-Windows-WindowsSystemAssessmentTool","11a75546-3234-465e-bec8-2d301cb501ac","Microsoft-Windows-WindowsSystemAssessmentTool/Operational","2876","2872","rjaf-PC4429","S-1-5-21-1634558665-2257203147-3060767804-1000","12/10/2013 6:10:47 AM",,,"c:\users\mac_1\desktop\winevt\logs\microsoft-windows-windowssystemassessmenttool%4operational.evtx","System.UInt32[]","System.Diagnostics.Eventing.Reader.EventBookmark","Information","Info",,"System.Collections.ObjectModel.ReadOnlyCollection`1[System.String]","System.Collections.Generic.List`1[System.Diagnostics.Eventing.Reader.EventProperty]"
"1006:Run Assessment, d3d, -aname ALU -time 5 -fbc 10 -disp off -animate 10 -width 1280 -height 1024 -totalobj 500 -batchcnt C(125) -objs C(20) -noalpha -alushader -totaltex 10 -texpobj C(1) -rendertotex 6 -rtdelta 3","9","0",,"4","1","0","-9223372036854775808","63","Microsoft-Windows-WindowsSystemAssessmentTool","11a75546-3234-465e-bec8-2d301cb501ac","Microsoft-Windows-WindowsSystemAssessmentTool/Operational","2876","2872","rjaf-PC4429","S-1-5-21-1634558665-2257203147-3060767804-1000","12/10/2013 6:10:47 AM",,,"c:\users\mac_1\desktop\winevt\logs\microsoft-windows-windowssystemassessmenttool%4operational.evtx","System.UInt32[]","System.Diagnostics.Eventing.Reader.EventBookmark","Information","Info",,"System.Collections.ObjectModel.ReadOnlyCollection`1[System.String]","System.Collections.Generic.List`1[System.Diagnostics.Eventing.Reader.EventProperty]"
"1006","10","0",,"4","1","0","-9223372036854775808","62","Microsoft-Windows-WindowsSystemAssessmentTool","11a75546-3234-465e-bec8-2d301cb501ac","Microsoft-Windows-WindowsSystemAssessmentTool/Operational","2876","2872","rjaf-PC4429","S-1-5-21-1634558665-2257203147-3060767804-1000","12/10/2013 6:10:47 AM",,,"c:\users\mac_1\desktop\winevt\logs\microsoft-windows-windowssystemassessmenttool%4operational.evtx","System.UInt32[]","System.Diagnostics.Eventing.Reader.EventBookmark","Information","Info",,"System.Collections.ObjectModel.ReadOnlyCollection`1[System.String]","System.Collections.Generic.List`1[System.Diagnostics.Eventing.Reader.EventProperty]"
"1006:Run Assessment, d3d, -aname Tex -time 5 -fbc 10 -disp off -animate 10 -width 1280 -height 1024 -totalobj 500 -batchcnt C(125) -objs C(20) -noalpha -texshader -totaltex 10 -texpobj C(4) -rendertotex 6 -rtdelta 3","9","0",,"4","1","0","-9223372036854775808","61","Microsoft-Windows-WindowsSystemAssessmentTool","11a75546-3234-465e-bec8-2d301cb501ac","Microsoft-Windows-WindowsSystemAssessmentTool/Operational","2876","2872","rjaf-PC4429","S-1-5-21-1634558665-2257203147-3060767804-1000","12/10/2013 6:10:47 AM",,,"c:\users\mac_1\desktop\winevt\logs\microsoft-windows-windowssystemassessmenttool%4operational.evtx","System.UInt32[]","System.Diagnostics.Eventing.Reader.EventBookmark","Information","Info",,"System.Collections.ObjectModel.ReadOnlyCollection`1[System.String]","System.Collections.Generic.List`1[System.Diagnostics.Eventing.Reader.EventProperty]"
"1006","10","0",,"4","1","0","-9223372036854775808","60","Microsoft-Windows-WindowsSystemAssessmentTool","11a75546-3234-465e-bec8-2d301cb501ac","Microsoft-Windows-WindowsSystemAssessmentTool/Operational","2876","2872","rjaf-PC4429","S-1-5-21-1634558665-2257203147-3060767804-1000","12/10/2013 6:10:47 AM",,,"c:\users\mac_1\desktop\winevt\logs\microsoft-windows-windowssystemassessmenttool%4operational.evtx","System.UInt32[]","System.Diagnostics.Eventing.Reader.EventBookmark","Information","Info",,"System.Collections.ObjectModel.ReadOnlyCollection`1[System.String]","System.Collections.Generic.List`1[System.Diagnostics.Eventing.Reader.EventProperty]"
"1006:Run Assessment, d3d, -aname Alpha -time 5 -fbc 10 -disp off -animate 10 -width 1280 -height 1024 -totalobj 300 -batchcnt C(75) -objs C(26) -rendertotex 6 -rtdelta 3 -texpobj C(1)","9","0",,"4","1","0","-9223372036854775808","59","Microsoft-Windows-WindowsSystemAssessmentTool","11a75546-3234-465e-bec8-2d301cb501ac","Microsoft-Windows-WindowsSystemAssessmentTool/Operational","2876","2872","rjaf-PC4429","S-1-5-21-1634558665-2257203147-3060767804-1000","12/10/2013 6:10:46 AM",,,"c:\users\mac_1\desktop\winevt\logs\microsoft-windows-windowssystemassessmenttool%4operational.evtx","System.UInt32[]","System.Diagnostics.Eventing.Reader.EventBookmark","Information","Info",,"System.Collections.ObjectModel.ReadOnlyCollection`1[System.String]","System.Collections.Generic.List`1[System.Diagnostics.Eventing.Reader.EventProperty]"
"1006","10","0",,"4","1","0","-9223372036854775808","58","Microsoft-Windows-WindowsSystemAssessmentTool","11a75546-3234-465e-bec8-2d301cb501ac","Microsoft-Windows-WindowsSystemAssessmentTool/Operational","2876","2872","rjaf-PC4429","S-1-5-21-1634558665-2257203147-3060767804-1000","12/10/2013 6:10:46 AM",,,"c:\users\mac_1\desktop\winevt\logs\microsoft-windows-windowssystemassessmenttool%4operational.evtx","System.UInt32[]","System.Diagnostics.Eventing.Reader.EventBookmark","Information","Info",,"System.Collections.ObjectModel.ReadOnlyCollection`1[System.String]","System.Collections.Generic.List`1[System.Diagnostics.Eventing.Reader.EventProperty]"
"1006:Run Assessment, d3d, -aname Batch -time 5 -fbc 10 -disp off -animate 10 -width 1280 -height 1024 -totalobj 300 -batchcnt C(10) -objs C(26) -rendertotex 6 -rtdelta 3 -texpobj C(1)","9","0",,"4","1","0","-9223372036854775808","57","Microsoft-Windows-WindowsSystemAssessmentTool","11a75546-3234-465e-bec8-2d301cb501ac","Microsoft-Windows-WindowsSystemAssessmentTool/Operational","2876","2872","rjaf-PC4429","S-1-5-21-1634558665-2257203147-3060767804-1000","12/10/2013 6:10:45 AM",,,"c:\users\mac_1\desktop\winevt\logs\microsoft-windows-windowssystemassessmenttool%4operational.evtx","System.UInt32[]","System.Diagnostics.Eventing.Reader.EventBookmark","Information","Info",,"System.Collections.ObjectModel.ReadOnlyCollection`1[System.String]","System.Collections.Generic.List`1[System.Diagnostics.Eventing.Reader.EventProperty]"
"1001","10","0",,"4","1","0","-9223372036854775808","56","Microsoft-Windows-WindowsSystemAssessmentTool","11a75546-3234-465e-bec8-2d301cb501ac","Microsoft-Windows-WindowsSystemAssessmentTool/Operational","2876","2872","rjaf-PC4429","S-1-5-21-1634558665-2257203147-3060767804-1000","12/10/2013 6:10:45 AM",,,"c:\users\mac_1\desktop\winevt\logs\microsoft-windows-windowssystemassessmenttool%4operational.evtx","System.UInt32[]","System.Diagnostics.Eventing.Reader.EventBookmark","Information","Info",,"System.Collections.ObjectModel.ReadOnlyCollection`1[System.String]","System.Collections.Generic.List`1[System.Diagnostics.Eventing.Reader.EventProperty]"
"120","10","0",,"4","1","0","-9223372036854775808","55","Microsoft-Windows-WindowsSystemAssessmentTool","11a75546-3234-465e-bec8-2d301cb501ac","Microsoft-Windows-WindowsSystemAssessmentTool/Operational","2876","2872","rjaf-PC4429","S-1-5-21-1634558665-2257203147-3060767804-1000","12/10/2013 6:10:45 AM",,,"c:\users\mac_1\desktop\winevt\logs\microsoft-windows-windowssystemassessmenttool%4operational.evtx","System.UInt32[]","System.Diagnostics.Eventing.Reader.EventBookmark","Information","Info",,"System.Collections.ObjectModel.ReadOnlyCollection`1[System.String]","System.Collections.Generic.List`1[System.Diagnostics.Eventing.Reader.EventProperty]"
"120:Get graphics adapter information","9","0",,"4","1","0","-9223372036854775808","54","Microsoft-Windows-WindowsSystemAssessmentTool","11a75546-3234-465e-bec8-2d301cb501ac","Microsoft-Windows-WindowsSystemAssessmentTool/Operational","2876","2872","rjaf-PC4429","S-1-5-21-1634558665-2257203147-3060767804-1000","12/10/2013 6:10:45 AM",,,"c:\users\mac_1\desktop\winevt\logs\microsoft-windows-windowssystemassessmenttool%4operational.evtx","System.UInt32[]","System.Diagnostics.Eventing.Reader.EventBookmark","Information","Info",,"System.Collections.ObjectModel.ReadOnlyCollection`1[System.String]","System.Collections.Generic.List`1[System.Diagnostics.Eventing.Reader.EventProperty]"
"1001:Run Assessment, features, ","9","0",,"4","1","0","-9223372036854775808","53","Microsoft-Windows-WindowsSystemAssessmentTool","11a75546-3234-465e-bec8-2d301cb501ac","Microsoft-Windows-WindowsSystemAssessmentTool/Operational","2876","2872","rjaf-PC4429","S-1-5-21-1634558665-2257203147-3060767804-1000","12/10/2013 6:10:45 AM",,,"c:\users\mac_1\desktop\winevt\logs\microsoft-windows-windowssystemassessmenttool%4operational.evtx","System.UInt32[]","System.Diagnostics.Eventing.Reader.EventBookmark","Information","Info",,"System.Collections.ObjectModel.ReadOnlyCollection`1[System.String]","System.Collections.Generic.List`1[System.Diagnostics.Eventing.Reader.EventProperty]"
"10","10","0",,"4","1","0","-9223372036854775808","52","Microsoft-Windows-WindowsSystemAssessmentTool","11a75546-3234-465e-bec8-2d301cb501ac","Microsoft-Windows-WindowsSystemAssessmentTool/Operational","2876","2872","rjaf-PC4429","S-1-5-21-1634558665-2257203147-3060767804-1000","12/10/2013 6:10:45 AM",,,"c:\users\mac_1\desktop\winevt\logs\microsoft-windows-windowssystemassessmenttool%4operational.evtx","System.UInt32[]","System.Diagnostics.Eventing.Reader.EventBookmark","Information","Info",,"System.Collections.ObjectModel.ReadOnlyCollection`1[System.String]","System.Collections.Generic.List`1[System.Diagnostics.Eventing.Reader.EventProperty]"
"30","10","0",,"4","1","0","-9223372036854775808","51","Microsoft-Windows-WindowsSystemAssessmentTool","11a75546-3234-465e-bec8-2d301cb501ac","Microsoft-Windows-WindowsSystemAssessmentTool/Operational","2876","2872","rjaf-PC4429","S-1-5-21-1634558665-2257203147-3060767804-1000","12/10/2013 6:10:45 AM",,,"c:\users\mac_1\desktop\winevt\logs\microsoft-windows-windowssystemassessmenttool%4operational.evtx","System.UInt32[]","System.Diagnostics.Eventing.Reader.EventBookmark","Information","Info",,"System.Collections.ObjectModel.ReadOnlyCollection`1[System.String]","System.Collections.Generic.List`1[System.Diagnostics.Eventing.Reader.EventProperty]"
"50","10","0",,"4","1","0","-9223372036854775808","50","Microsoft-Windows-WindowsSystemAssessmentTool","11a75546-3234-465e-bec8-2d301cb501ac","Microsoft-Windows-WindowsSystemAssessmentTool/Operational","2876","2872","rjaf-PC4429","S-1-5-21-1634558665-2257203147-3060767804-1000","12/10/2013 6:10:45 AM",,,"c:\users\mac_1\desktop\winevt\logs\microsoft-windows-windowssystemassessmenttool%4operational.evtx","System.UInt32[]","System.Diagnostics.Eventing.Reader.EventBookmark","Information","Info",,"System.Collections.ObjectModel.ReadOnlyCollection`1[System.String]","System.Collections.Generic.List`1[System.Diagnostics.Eventing.Reader.EventProperty]"
"90","10","0",,"4","1","0","-9223372036854775808","49","Microsoft-Windows-WindowsSystemAssessmentTool","11a75546-3234-465e-bec8-2d301cb501ac","Microsoft-Windows-WindowsSystemAssessmentTool/Operational","2876","2872","rjaf-PC4429","S-1-5-21-1634558665-2257203147-3060767804-1000","12/10/2013 6:10:45 AM",,,"c:\users\mac_1\desktop\winevt\logs\microsoft-windows-windowssystemassessmenttool%4operational.evtx","System.UInt32[]","System.Diagnostics.Eventing.Reader.EventBookmark","Information","Info",,"System.Collections.ObjectModel.ReadOnlyCollection`1[System.String]","System.Collections.Generic.List`1[System.Diagnostics.Eventing.Reader.EventProperty]"
"90:Get Adapter Description","9","0",,"4","1","0","-9223372036854775808","48","Microsoft-Windows-WindowsSystemAssessmentTool","11a75546-3234-465e-bec8-2d301cb501ac","Microsoft-Windows-WindowsSystemAssessmentTool/Operational","2876","2872","rjaf-PC4429","S-1-5-21-1634558665-2257203147-3060767804-1000","12/10/2013 6:10:45 AM",,,"c:\users\mac_1\desktop\winevt\logs\microsoft-windows-windowssystemassessmenttool%4operational.evtx","System.UInt32[]","System.Diagnostics.Eventing.Reader.EventBookmark","Information","Info",,"System.Collections.ObjectModel.ReadOnlyCollection`1[System.String]","System.Collections.Generic.List`1[System.Diagnostics.Eventing.Reader.EventProperty]"
"80","10","0",,"4","1","0","-9223372036854775808","47","Microsoft-Windows-WindowsSystemAssessmentTool","11a75546-3234-465e-bec8-2d301cb501ac","Microsoft-Windows-WindowsSystemAssessmentTool/Operational","2876","2872","rjaf-PC4429","S-1-5-21-1634558665-2257203147-3060767804-1000","12/10/2013 6:10:45 AM",,,"c:\users\mac_1\desktop\winevt\logs\microsoft-windows-windowssystemassessmenttool%4operational.evtx","System.UInt32[]","System.Diagnostics.Eventing.Reader.EventBookmark","Information","Info",,"System.Collections.ObjectModel.ReadOnlyCollection`1[System.String]","System.Collections.Generic.List`1[System.Diagnostics.Eventing.Reader.EventProperty]"
"80:Get DX9 Device capabilities","9","0",,"4","1","0","-9223372036854775808","46","Microsoft-Windows-WindowsSystemAssessmentTool","11a75546-3234-465e-bec8-2d301cb501ac","Microsoft-Windows-WindowsSystemAssessmentTool/Operational","2876","2872","rjaf-PC4429","S-1-5-21-1634558665-2257203147-3060767804-1000","12/10/2013 6:10:45 AM",,,"c:\users\mac_1\desktop\winevt\logs\microsoft-windows-windowssystemassessmenttool%4operational.evtx","System.UInt32[]","System.Diagnostics.Eventing.Reader.EventBookmark","Information","Info",,"System.Collections.ObjectModel.ReadOnlyCollection`1[System.String]","System.Collections.Generic.List`1[System.Diagnostics.Eventing.Reader.EventProperty]"
"70","10","0",,"4","1","0","-9223372036854775808","45","Microsoft-Windows-WindowsSystemAssessmentTool","11a75546-3234-465e-bec8-2d301cb501ac","Microsoft-Windows-WindowsSystemAssessmentTool/Operational","2876","2872","rjaf-PC4429","S-1-5-21-1634558665-2257203147-3060767804-1000","12/10/2013 6:10:45 AM",,,"c:\users\mac_1\desktop\winevt\logs\microsoft-windows-windowssystemassessmenttool%4operational.evtx","System.UInt32[]","System.Diagnostics.Eventing.Reader.EventBookmark","Information","Info",,"System.Collections.ObjectModel.ReadOnlyCollection`1[System.String]","System.Collections.Generic.List`1[System.Diagnostics.Eventing.Reader.EventProperty]"
"70:Initializing DX9","9","0",,"4","1","0","-9223372036854775808","44","Microsoft-Windows-WindowsSystemAssessmentTool","11a75546-3234-465e-bec8-2d301cb501ac","Microsoft-Windows-WindowsSystemAssessmentTool/Operational","2876","2872","rjaf-PC4429","S-1-5-21-1634558665-2257203147-3060767804-1000","12/10/2013 6:10:45 AM",,,"c:\users\mac_1\desktop\winevt\logs\microsoft-windows-windowssystemassessmenttool%4operational.evtx","System.UInt32[]","System.Diagnostics.Eventing.Reader.EventBookmark","Information","Info",,"System.Collections.ObjectModel.ReadOnlyCollection`1[System.String]","System.Collections.Generic.List`1[System.Diagnostics.Eventing.Reader.EventProperty]"
"60","10","0",,"4","1","0","-9223372036854775808","43","Microsoft-Windows-WindowsSystemAssessmentTool","11a75546-3234-465e-bec8-2d301cb501ac","Microsoft-Windows-WindowsSystemAssessmentTool/Operational","2876","2872","rjaf-PC4429","S-1-5-21-1634558665-2257203147-3060767804-1000","12/10/2013 6:10:45 AM",,,"c:\users\mac_1\desktop\winevt\logs\microsoft-windows-windowssystemassessmenttool%4operational.evtx","System.UInt32[]","System.Diagnostics.Eventing.Reader.EventBookmark","Information","Info",,"System.Collections.ObjectModel.ReadOnlyCollection`1[System.String]","System.Collections.Generic.List`1[System.Diagnostics.Eventing.Reader.EventProperty]"
"60:Gather Monitor information","9","0",,"4","1","0","-9223372036854775808","42","Microsoft-Windows-WindowsSystemAssessmentTool","11a75546-3234-465e-bec8-2d301cb501ac","Microsoft-Windows-WindowsSystemAssessmentTool/Operational","2876","2872","rjaf-PC4429","S-1-5-21-1634558665-2257203147-3060767804-1000","12/10/2013 6:10:45 AM",,,"c:\users\mac_1\desktop\winevt\logs\microsoft-windows-windowssystemassessmenttool%4operational.evtx","System.UInt32[]","System.Diagnostics.Eventing.Reader.EventBookmark","Information","Info",,"System.Collections.ObjectModel.ReadOnlyCollection`1[System.String]","System.Collections.Generic.List`1[System.Diagnostics.Eventing.Reader.EventProperty]"
"50:Gather Graphics information","9","0",,"4","1","0","-9223372036854775808","41","Microsoft-Windows-WindowsSystemAssessmentTool","11a75546-3234-465e-bec8-2d301cb501ac","Microsoft-Windows-WindowsSystemAssessmentTool/Operational","2876","2872","rjaf-PC4429","S-1-5-21-1634558665-2257203147-3060767804-1000","12/10/2013 6:10:45 AM",,,"c:\users\mac_1\desktop\winevt\logs\microsoft-windows-windowssystemassessmenttool%4operational.evtx","System.UInt32[]","System.Diagnostics.Eventing.Reader.EventBookmark","Information","Info",,"System.Collections.ObjectModel.ReadOnlyCollection`1[System.String]","System.Collections.Generic.List`1[System.Diagnostics.Eventing.Reader.EventProperty]"
"40","10","0",,"4","1","0","-9223372036854775808","40","Microsoft-Windows-WindowsSystemAssessmentTool","11a75546-3234-465e-bec8-2d301cb501ac","Microsoft-Windows-WindowsSystemAssessmentTool/Operational","2876","2872","rjaf-PC4429","S-1-5-21-1634558665-2257203147-3060767804-1000","12/10/2013 6:10:45 AM",,,"c:\users\mac_1\desktop\winevt\logs\microsoft-windows-windowssystemassessmenttool%4operational.evtx","System.UInt32[]","System.Diagnostics.Eventing.Reader.EventBookmark","Information","Info",,"System.Collections.ObjectModel.ReadOnlyCollection`1[System.String]","System.Collections.Generic.List`1[System.Diagnostics.Eventing.Reader.EventProperty]"
"40:Gather CPU information","9","0",,"4","1","0","-9223372036854775808","39","Microsoft-Windows-WindowsSystemAssessmentTool","11a75546-3234-465e-bec8-2d301cb501ac","Microsoft-Windows-WindowsSystemAssessmentTool/Operational","2876","2872","rjaf-PC4429","S-1-5-21-1634558665-2257203147-3060767804-1000","12/10/2013 6:10:44 AM",,,"c:\users\mac_1\desktop\winevt\logs\microsoft-windows-windowssystemassessmenttool%4operational.evtx","System.UInt32[]","System.Diagnostics.Eventing.Reader.EventBookmark","Information","Info",,"System.Collections.ObjectModel.ReadOnlyCollection`1[System.String]","System.Collections.Generic.List`1[System.Diagnostics.Eventing.Reader.EventProperty]"
"30:Gathering Key Info","9","0",,"4","1","0","-9223372036854775808","38","Microsoft-Windows-WindowsSystemAssessmentTool","11a75546-3234-465e-bec8-2d301cb501ac","Microsoft-Windows-WindowsSystemAssessmentTool/Operational","2876","2872","rjaf-PC4429","S-1-5-21-1634558665-2257203147-3060767804-1000","12/10/2013 6:10:44 AM",,,"c:\users\mac_1\desktop\winevt\logs\microsoft-windows-windowssystemassessmenttool%4operational.evtx","System.UInt32[]","System.Diagnostics.Eventing.Reader.EventBookmark","Information","Info",,"System.Collections.ObjectModel.ReadOnlyCollection`1[System.String]","System.Collections.Generic.List`1[System.Diagnostics.Eventing.Reader.EventProperty]"
"20","10","0",,"4","1","0","-9223372036854775808","37","Microsoft-Windows-WindowsSystemAssessmentTool","11a75546-3234-465e-bec8-2d301cb501ac","Microsoft-Windows-WindowsSystemAssessmentTool/Operational","2876","2872","rjaf-PC4429","S-1-5-21-1634558665-2257203147-3060767804-1000","12/10/2013 6:10:44 AM",,,"c:\users\mac_1\desktop\winevt\logs\microsoft-windows-windowssystemassessmenttool%4operational.evtx","System.UInt32[]","System.Diagnostics.Eventing.Reader.EventBookmark","Information","Info",,"System.Collections.ObjectModel.ReadOnlyCollection`1[System.String]","System.Collections.Generic.List`1[System.Diagnostics.Eventing.Reader.EventProperty]"
"20:Modify system policies","9","0",,"4","1","0","-9223372036854775808","36","Microsoft-Windows-WindowsSystemAssessmentTool","11a75546-3234-465e-bec8-2d301cb501ac","Microsoft-Windows-WindowsSystemAssessmentTool/Operational","2876","2872","rjaf-PC4429","S-1-5-21-1634558665-2257203147-3060767804-1000","12/10/2013 6:10:44 AM",,,"c:\users\mac_1\desktop\winevt\logs\microsoft-windows-windowssystemassessmenttool%4operational.evtx","System.UInt32[]","System.Diagnostics.Eventing.Reader.EventBookmark","Information","Info",,"System.Collections.ObjectModel.ReadOnlyCollection`1[System.String]","System.Collections.Generic.List`1[System.Diagnostics.Eventing.Reader.EventProperty]"
"WinSAT Application Command Line ""C:\Windows\system32\winsat.exe"" formal -cancelevent 3c14dea9-f3bb-4228-8190-3657e2c3105f","2","0",,"0","1","0","-9223372036854775808","35","Microsoft-Windows-WindowsSystemAssessmentTool","11a75546-3234-465e-bec8-2d301cb501ac","Microsoft-Windows-WindowsSystemAssessmentTool/Operational","2876","2872","rjaf-PC4429","S-1-5-21-1634558665-2257203147-3060767804-1000","12/10/2013 6:10:43 AM",,,"c:\users\mac_1\desktop\winevt\logs\microsoft-windows-windowssystemassessmenttool%4operational.evtx","System.UInt32[]","System.Diagnostics.Eventing.Reader.EventBookmark","Information","Info",,"System.Collections.ObjectModel.ReadOnlyCollection`1[System.String]","System.Collections.Generic.List`1[System.Diagnostics.Eventing.Reader.EventProperty]"
"10:Application Intializaton","9","0",,"4","1","0","-9223372036854775808","34","Microsoft-Windows-WindowsSystemAssessmentTool","11a75546-3234-465e-bec8-2d301cb501ac","Microsoft-Windows-WindowsSystemAssessmentTool/Operational","2876","2872","rjaf-PC4429","S-1-5-21-1634558665-2257203147-3060767804-1000","12/10/2013 6:10:43 AM",,,"c:\users\mac_1\desktop\winevt\logs\microsoft-windows-windowssystemassessmenttool%4operational.evtx","System.UInt32[]","System.Diagnostics.Eventing.Reader.EventBookmark","Information","Info",,"System.Collections.ObjectModel.ReadOnlyCollection`1[System.String]","System.Collections.Generic.List`1[System.Diagnostics.Eventing.Reader.EventProperty]"
"WinSAT Application Start: ?2013?-?12?-?10T14:10:43.379218200Z","1","0",,"0","1","1","-9223372036854775808","33","Microsoft-Windows-WindowsSystemAssessmentTool","11a75546-3234-465e-bec8-2d301cb501ac","Microsoft-Windows-WindowsSystemAssessmentTool/Operational","2876","2872","rjaf-PC4429","S-1-5-21-1634558665-2257203147-3060767804-1000","12/10/2013 6:10:43 AM",,,"c:\users\mac_1\desktop\winevt\logs\microsoft-windows-windowssystemassessmenttool%4operational.evtx","System.UInt32[]","System.Diagnostics.Eventing.Reader.EventBookmark","Information","Start",,"System.Collections.ObjectModel.ReadOnlyCollection`1[System.String]","System.Collections.Generic.List`1[System.Diagnostics.Eventing.Reader.EventProperty]"
"WinSAT Application Stop: 0","3","0",,"0","1","2","-9223372036854775808","32","Microsoft-Windows-WindowsSystemAssessmentTool","11a75546-3234-465e-bec8-2d301cb501ac","Microsoft-Windows-WindowsSystemAssessmentTool/Operational","788","792","rjaf-PC","S-1-5-18","12/2/2013 9:46:56 PM",,,"c:\users\mac_1\desktop\winevt\logs\microsoft-windows-windowssystemassessmenttool%4operational.evtx","System.UInt32[]","System.Diagnostics.Eventing.Reader.EventBookmark","Information","Stop",,"System.Collections.ObjectModel.ReadOnlyCollection`1[System.String]","System.Collections.Generic.List`1[System.Diagnostics.Eventing.Reader.EventProperty]"
"140","10","0",,"4","1","0","-9223372036854775808","31","Microsoft-Windows-WindowsSystemAssessmentTool","11a75546-3234-465e-bec8-2d301cb501ac","Microsoft-Windows-WindowsSystemAssessmentTool/Operational","788","792","rjaf-PC","S-1-5-18","12/2/2013 9:46:56 PM",,,"c:\users\mac_1\desktop\winevt\logs\microsoft-windows-windowssystemassessmenttool%4operational.evtx","System.UInt32[]","System.Diagnostics.Eventing.Reader.EventBookmark","Information","Info",,"System.Collections.ObjectModel.ReadOnlyCollection`1[System.String]","System.Collections.Generic.List`1[System.Diagnostics.Eventing.Reader.EventProperty]"
"140:Restore system policies","9","0",,"4","1","0","-9223372036854775808","30","Microsoft-Windows-WindowsSystemAssessmentTool","11a75546-3234-465e-bec8-2d301cb501ac","Microsoft-Windows-WindowsSystemAssessmentTool/Operational","788","792","rjaf-PC","S-1-5-18","12/2/2013 9:46:56 PM",,,"c:\users\mac_1\desktop\winevt\logs\microsoft-windows-windowssystemassessmenttool%4operational.evtx","System.UInt32[]","System.Diagnostics.Eventing.Reader.EventBookmark","Information","Info",,"System.Collections.ObjectModel.ReadOnlyCollection`1[System.String]","System.Collections.Generic.List`1[System.Diagnostics.Eventing.Reader.EventProperty]"
"150:Cleanup and exit","9","0",,"4","1","0","-9223372036854775808","29","Microsoft-Windows-WindowsSystemAssessmentTool","11a75546-3234-465e-bec8-2d301cb501ac","Microsoft-Windows-WindowsSystemAssessmentTool/Operational","788","792","rjaf-PC","S-1-5-18","12/2/2013 9:46:56 PM",,,"c:\users\mac_1\desktop\winevt\logs\microsoft-windows-windowssystemassessmenttool%4operational.evtx","System.UInt32[]","System.Diagnostics.Eventing.Reader.EventBookmark","Information","Info",,"System.Collections.ObjectModel.ReadOnlyCollection`1[System.String]","System.Collections.Generic.List`1[System.Diagnostics.Eventing.Reader.EventProperty]"
"130","10","0",,"4","1","0","-9223372036854775808","28","Microsoft-Windows-WindowsSystemAssessmentTool","11a75546-3234-465e-bec8-2d301cb501ac","Microsoft-Windows-WindowsSystemAssessmentTool/Operational","788","792","rjaf-PC","S-1-5-18","12/2/2013 9:46:56 PM",,,"c:\users\mac_1\desktop\winevt\logs\microsoft-windows-windowssystemassessmenttool%4operational.evtx","System.UInt32[]","System.Diagnostics.Eventing.Reader.EventBookmark","Information","Info",,"System.Collections.ObjectModel.ReadOnlyCollection`1[System.String]","System.Collections.Generic.List`1[System.Diagnostics.Eventing.Reader.EventProperty]"
"130:Process Results","9","0",,"4","1","0","-9223372036854775808","27","Microsoft-Windows-WindowsSystemAssessmentTool","11a75546-3234-465e-bec8-2d301cb501ac","Microsoft-Windows-WindowsSystemAssessmentTool/Operational","788","792","rjaf-PC","S-1-5-18","12/2/2013 9:46:56 PM",,,"c:\users\mac_1\desktop\winevt\logs\microsoft-windows-windowssystemassessmenttool%4operational.evtx","System.UInt32[]","System.Diagnostics.Eventing.Reader.EventBookmark","Information","Info",,"System.Collections.ObjectModel.ReadOnlyCollection`1[System.String]","System.Collections.Generic.List`1[System.Diagnostics.Eventing.Reader.EventProperty]"
"1005","10","0",,"4","1","0","-9223372036854775808","26","Microsoft-Windows-WindowsSystemAssessmentTool","11a75546-3234-465e-bec8-2d301cb501ac","Microsoft-Windows-WindowsSystemAssessmentTool/Operational","788","792","rjaf-PC","S-1-5-18","12/2/2013 9:46:56 PM",,,"c:\users\mac_1\desktop\winevt\logs\microsoft-windows-windowssystemassessmenttool%4operational.evtx","System.UInt32[]","System.Diagnostics.Eventing.Reader.EventBookmark","Information","Info",,"System.Collections.ObjectModel.ReadOnlyCollection`1[System.String]","System.Collections.Generic.List`1[System.Diagnostics.Eventing.Reader.EventProperty]"
