"Remote Desktop Services: Session logon succeeded:

User: RJAF-PC4429\rjaf
Session ID: 1
Source Network Address: LOCAL","21","0",,"4","0","0","1152921504606846976","369","Microsoft-Windows-TerminalServices-LocalSessionManager","5d896912-022d-40aa-a3a8-4fa5515c76d7","Microsoft-Windows-TerminalServices-LocalSessionManager/Operational","560","524","rjaf-PC4429","S-1-5-18","4/22/2014 1:33:01 PM",,,"c:\users\mac_1\desktop\winevt\logs\microsoft-windows-terminalservices-localsessionmanager%4operational.evtx","System.UInt32[]","System.Diagnostics.Eventing.Reader.EventBookmark","Information","Info",,"System.Collections.ObjectModel.ReadOnlyCollection`1[System.String]","System.Collections.Generic.List`1[System.Diagnostics.Eventing.Reader.EventProperty]"
"Remote Desktop Services: Session has been disconnected:

User: RJAF-PC4429\rjaf
Session ID: 2
Source Network Address: LOCAL","24","0",,"4","0","0","1152921504606846976","368","Microsoft-Windows-TerminalServices-LocalSessionManager","5d896912-022d-40aa-a3a8-4fa5515c76d7","Microsoft-Windows-TerminalServices-LocalSessionManager/Operational","560","524","rjaf-PC4429","S-1-5-18","4/22/2014 1:32:50 PM",,,"c:\users\mac_1\desktop\winevt\logs\microsoft-windows-terminalservices-localsessionmanager%4operational.evtx","System.UInt32[]","System.Diagnostics.Eventing.Reader.EventBookmark","Information","Info",,"System.Collections.ObjectModel.ReadOnlyCollection`1[System.String]","System.Collections.Generic.List`1[System.Diagnostics.Eventing.Reader.EventProperty]"
"Remote Desktop Services: Session logoff succeeded:

User: RJAF-PC4429\rjaf
Session ID: 2","23","0",,"4","0","0","1152921504606846976","367","Microsoft-Windows-TerminalServices-LocalSessionManager","5d896912-022d-40aa-a3a8-4fa5515c76d7","Microsoft-Windows-TerminalServices-LocalSessionManager/Operational","560","4664","rjaf-PC4429","S-1-5-18","4/22/2014 1:32:49 PM",,,"c:\users\mac_1\desktop\winevt\logs\microsoft-windows-terminalservices-localsessionmanager%4operational.evtx","System.UInt32[]","System.Diagnostics.Eventing.Reader.EventBookmark","Information","Info",,"System.Collections.ObjectModel.ReadOnlyCollection`1[System.String]","System.Collections.Generic.List`1[System.Diagnostics.Eventing.Reader.EventProperty]"
"Remote Desktop Services: Shell start notification received:

User: RJAF-PC4429\rjaf
Session ID: 2
Source Network Address: LOCAL","22","0",,"4","0","0","1152921504606846976","366","Microsoft-Windows-TerminalServices-LocalSessionManager","5d896912-022d-40aa-a3a8-4fa5515c76d7","Microsoft-Windows-TerminalServices-LocalSessionManager/Operational","560","4020","rjaf-PC4429","S-1-5-18","4/21/2014 4:10:27 AM",,,"c:\users\mac_1\desktop\winevt\logs\microsoft-windows-terminalservices-localsessionmanager%4operational.evtx","System.UInt32[]","System.Diagnostics.Eventing.Reader.EventBookmark","Information","Info",,"System.Collections.ObjectModel.ReadOnlyCollection`1[System.String]","System.Collections.Generic.List`1[System.Diagnostics.Eventing.Reader.EventProperty]"
"Remote Desktop Services: Session logon succeeded:

User: RJAF-PC4429\rjaf
Session ID: 2
Source Network Address: LOCAL","21","0",,"4","0","0","1152921504606846976","365","Microsoft-Windows-TerminalServices-LocalSessionManager","5d896912-022d-40aa-a3a8-4fa5515c76d7","Microsoft-Windows-TerminalServices-LocalSessionManager/Operational","560","2772","rjaf-PC4429","S-1-5-18","4/21/2014 4:10:27 AM",,,"c:\users\mac_1\desktop\winevt\logs\microsoft-windows-terminalservices-localsessionmanager%4operational.evtx","System.UInt32[]","System.Diagnostics.Eventing.Reader.EventBookmark","Information","Info",,"System.Collections.ObjectModel.ReadOnlyCollection`1[System.String]","System.Collections.Generic.List`1[System.Diagnostics.Eventing.Reader.EventProperty]"
"Remote Desktop Services: Session has been disconnected:

User: RJAF-PC4429\rjaf
Session ID: 1
Source Network Address: LOCAL","24","0",,"4","0","0","1152921504606846976","364","Microsoft-Windows-TerminalServices-LocalSessionManager","5d896912-022d-40aa-a3a8-4fa5515c76d7","Microsoft-Windows-TerminalServices-LocalSessionManager/Operational","560","3648","rjaf-PC4429","S-1-5-18","4/21/2014 12:17:05 AM",,,"c:\users\mac_1\desktop\winevt\logs\microsoft-windows-terminalservices-localsessionmanager%4operational.evtx","System.UInt32[]","System.Diagnostics.Eventing.Reader.EventBookmark","Information","Info",,"System.Collections.ObjectModel.ReadOnlyCollection`1[System.String]","System.Collections.Generic.List`1[System.Diagnostics.Eventing.Reader.EventProperty]"
"Remote Desktop Services: Session logoff succeeded:

User: RJAF-PC4429\rjaf
Session ID: 1","23","0",,"4","0","0","1152921504606846976","363","Microsoft-Windows-TerminalServices-LocalSessionManager","5d896912-022d-40aa-a3a8-4fa5515c76d7","Microsoft-Windows-TerminalServices-LocalSessionManager/Operational","560","3724","rjaf-PC4429","S-1-5-18","4/21/2014 12:17:03 AM",,,"c:\users\mac_1\desktop\winevt\logs\microsoft-windows-terminalservices-localsessionmanager%4operational.evtx","System.UInt32[]","System.Diagnostics.Eventing.Reader.EventBookmark","Information","Info",,"System.Collections.ObjectModel.ReadOnlyCollection`1[System.String]","System.Collections.Generic.List`1[System.Diagnostics.Eventing.Reader.EventProperty]"
"Remote Desktop Services: Shell start notification received:

User: RJAF-PC4429\rjaf
Session ID: 1
Source Network Address: LOCAL","22","0",,"4","0","0","1152921504606846976","362","Microsoft-Windows-TerminalServices-LocalSessionManager","5d896912-022d-40aa-a3a8-4fa5515c76d7","Microsoft-Windows-TerminalServices-LocalSessionManager/Operational","560","852","rjaf-PC4429","S-1-5-18","4/19/2014 10:49:27 PM",,,"c:\users\mac_1\desktop\winevt\logs\microsoft-windows-terminalservices-localsessionmanager%4operational.evtx","System.UInt32[]","System.Diagnostics.Eventing.Reader.EventBookmark","Information","Info",,"System.Collections.ObjectModel.ReadOnlyCollection`1[System.String]","System.Collections.Generic.List`1[System.Diagnostics.Eventing.Reader.EventProperty]"
"Remote Desktop Services: Session logon succeeded:

User: RJAF-PC4429\rjaf
Session ID: 1
Source Network Address: LOCAL","21","0",,"4","0","0","1152921504606846976","361","Microsoft-Windows-TerminalServices-LocalSessionManager","5d896912-022d-40aa-a3a8-4fa5515c76d7","Microsoft-Windows-TerminalServices-LocalSessionManager/Operational","560","856","rjaf-PC4429","S-1-5-18","4/19/2014 10:49:27 PM",,,"c:\users\mac_1\desktop\winevt\logs\microsoft-windows-terminalservices-localsessionmanager%4operational.evtx","System.UInt32[]","System.Diagnostics.Eventing.Reader.EventBookmark","Information","Info",,"System.Collections.ObjectModel.ReadOnlyCollection`1[System.String]","System.Collections.Generic.List`1[System.Diagnostics.Eventing.Reader.EventProperty]"
"Remote Desktop Services: Session logoff succeeded:

User: RJAF-PC4429\rjaf
Session ID: 1","23","0",,"4","0","0","1152921504606846976","360","Microsoft-Windows-TerminalServices-LocalSessionManager","5d896912-022d-40aa-a3a8-4fa5515c76d7","Microsoft-Windows-TerminalServices-LocalSessionManager/Operational","568","2928","rjaf-PC4429","S-1-5-18","4/19/2014 11:49:00 AM",,,"c:\users\mac_1\desktop\winevt\logs\microsoft-windows-terminalservices-localsessionmanager%4operational.evtx","System.UInt32[]","System.Diagnostics.Eventing.Reader.EventBookmark","Information","Info",,"System.Collections.ObjectModel.ReadOnlyCollection`1[System.String]","System.Collections.Generic.List`1[System.Diagnostics.Eventing.Reader.EventProperty]"
"Remote Desktop Services: Shell start notification received:

User: RJAF-PC4429\rjaf
Session ID: 1
Source Network Address: LOCAL","22","0",,"4","0","0","1152921504606846976","359","Microsoft-Windows-TerminalServices-LocalSessionManager","5d896912-022d-40aa-a3a8-4fa5515c76d7","Microsoft-Windows-TerminalServices-LocalSessionManager/Operational","568","3964","rjaf-PC4429","S-1-5-18","4/19/2014 11:40:52 AM",,,"c:\users\mac_1\desktop\winevt\logs\microsoft-windows-terminalservices-localsessionmanager%4operational.evtx","System.UInt32[]","System.Diagnostics.Eventing.Reader.EventBookmark","Information","Info",,"System.Collections.ObjectModel.ReadOnlyCollection`1[System.String]","System.Collections.Generic.List`1[System.Diagnostics.Eventing.Reader.EventProperty]"
"Remote Desktop Services: Session logon succeeded:

User: RJAF-PC4429\rjaf
Session ID: 1
Source Network Address: LOCAL","21","0",,"4","0","0","1152921504606846976","358","Microsoft-Windows-TerminalServices-LocalSessionManager","5d896912-022d-40aa-a3a8-4fa5515c76d7","Microsoft-Windows-TerminalServices-LocalSessionManager/Operational","568","536","rjaf-PC4429","S-1-5-18","4/19/2014 11:40:52 AM",,,"c:\users\mac_1\desktop\winevt\logs\microsoft-windows-terminalservices-localsessionmanager%4operational.evtx","System.UInt32[]","System.Diagnostics.Eventing.Reader.EventBookmark","Information","Info",,"System.Collections.ObjectModel.ReadOnlyCollection`1[System.String]","System.Collections.Generic.List`1[System.Diagnostics.Eventing.Reader.EventProperty]"
"Remote Desktop Services: Session logoff succeeded:

User: RJAF-PC4429\rjaf
Session ID: 1","23","0",,"4","0","0","1152921504606846976","357","Microsoft-Windows-TerminalServices-LocalSessionManager","5d896912-022d-40aa-a3a8-4fa5515c76d7","Microsoft-Windows-TerminalServices-LocalSessionManager/Operational","568","656","rjaf-PC4429","S-1-5-18","4/19/2014 5:10:26 AM",,,"c:\users\mac_1\desktop\winevt\logs\microsoft-windows-terminalservices-localsessionmanager%4operational.evtx","System.UInt32[]","System.Diagnostics.Eventing.Reader.EventBookmark","Information","Info",,"System.Collections.ObjectModel.ReadOnlyCollection`1[System.String]","System.Collections.Generic.List`1[System.Diagnostics.Eventing.Reader.EventProperty]"
"Remote Desktop Services: Shell start notification received:

User: RJAF-PC4429\rjaf
Session ID: 1
Source Network Address: LOCAL","22","0",,"4","0","0","1152921504606846976","356","Microsoft-Windows-TerminalServices-LocalSessionManager","5d896912-022d-40aa-a3a8-4fa5515c76d7","Microsoft-Windows-TerminalServices-LocalSessionManager/Operational","568","860","rjaf-PC4429","S-1-5-18","4/19/2014 4:07:55 AM",,,"c:\users\mac_1\desktop\winevt\logs\microsoft-windows-terminalservices-localsessionmanager%4operational.evtx","System.UInt32[]","System.Diagnostics.Eventing.Reader.EventBookmark","Information","Info",,"System.Collections.ObjectModel.ReadOnlyCollection`1[System.String]","System.Collections.Generic.List`1[System.Diagnostics.Eventing.Reader.EventProperty]"
"Remote Desktop Services: Session logon succeeded:

User: RJAF-PC4429\rjaf
Session ID: 1
Source Network Address: LOCAL","21","0",,"4","0","0","1152921504606846976","355","Microsoft-Windows-TerminalServices-LocalSessionManager","5d896912-022d-40aa-a3a8-4fa5515c76d7","Microsoft-Windows-TerminalServices-LocalSessionManager/Operational","568","1184","rjaf-PC4429","S-1-5-18","4/19/2014 4:07:55 AM",,,"c:\users\mac_1\desktop\winevt\logs\microsoft-windows-terminalservices-localsessionmanager%4operational.evtx","System.UInt32[]","System.Diagnostics.Eventing.Reader.EventBookmark","Information","Info",,"System.Collections.ObjectModel.ReadOnlyCollection`1[System.String]","System.Collections.Generic.List`1[System.Diagnostics.Eventing.Reader.EventProperty]"
"Remote Desktop Services: Session logoff succeeded:

User: RJAF-PC4429\rjaf
Session ID: 1","23","0",,"4","0","0","1152921504606846976","354","Microsoft-Windows-TerminalServices-LocalSessionManager","5d896912-022d-40aa-a3a8-4fa5515c76d7","Microsoft-Windows-TerminalServices-LocalSessionManager/Operational","560","3168","rjaf-PC4429","S-1-5-18","4/19/2014 1:07:16 AM",,,"c:\users\mac_1\desktop\winevt\logs\microsoft-windows-terminalservices-localsessionmanager%4operational.evtx","System.UInt32[]","System.Diagnostics.Eventing.Reader.EventBookmark","Information","Info",,"System.Collections.ObjectModel.ReadOnlyCollection`1[System.String]","System.Collections.Generic.List`1[System.Diagnostics.Eventing.Reader.EventProperty]"
"Remote Desktop Services: Shell start notification received:

User: RJAF-PC4429\rjaf
Session ID: 1
Source Network Address: LOCAL","22","0",,"4","0","0","1152921504606846976","353","Microsoft-Windows-TerminalServices-LocalSessionManager","5d896912-022d-40aa-a3a8-4fa5515c76d7","Microsoft-Windows-TerminalServices-LocalSessionManager/Operational","560","888","rjaf-PC4429","S-1-5-18","4/19/2014 1:03:56 AM",,,"c:\users\mac_1\desktop\winevt\logs\microsoft-windows-terminalservices-localsessionmanager%4operational.evtx","System.UInt32[]","System.Diagnostics.Eventing.Reader.EventBookmark","Information","Info",,"System.Collections.ObjectModel.ReadOnlyCollection`1[System.String]","System.Collections.Generic.List`1[System.Diagnostics.Eventing.Reader.EventProperty]"
"Remote Desktop Services: Session logon succeeded:

User: RJAF-PC4429\rjaf
Session ID: 1
Source Network Address: LOCAL","21","0",,"4","0","0","1152921504606846976","352","Microsoft-Windows-TerminalServices-LocalSessionManager","5d896912-022d-40aa-a3a8-4fa5515c76d7","Microsoft-Windows-TerminalServices-LocalSessionManager/Operational","560","888","rjaf-PC4429","S-1-5-18","4/19/2014 1:03:56 AM",,,"c:\users\mac_1\desktop\winevt\logs\microsoft-windows-terminalservices-localsessionmanager%4operational.evtx","System.UInt32[]","System.Diagnostics.Eventing.Reader.EventBookmark","Information","Info",,"System.Collections.ObjectModel.ReadOnlyCollection`1[System.String]","System.Collections.Generic.List`1[System.Diagnostics.Eventing.Reader.EventProperty]"
"Remote Desktop Services: Session logoff succeeded:

User: RJAF-PC4429\rjaf
Session ID: 1","23","0",,"4","0","0","1152921504606846976","351","Microsoft-Windows-TerminalServices-LocalSessionManager","5d896912-022d-40aa-a3a8-4fa5515c76d7","Microsoft-Windows-TerminalServices-LocalSessionManager/Operational","564","3896","rjaf-PC4429","S-1-5-18","4/19/2014 12:55:52 AM",,,"c:\users\mac_1\desktop\winevt\logs\microsoft-windows-terminalservices-localsessionmanager%4operational.evtx","System.UInt32[]","System.Diagnostics.Eventing.Reader.EventBookmark","Information","Info",,"System.Collections.ObjectModel.ReadOnlyCollection`1[System.String]","System.Collections.Generic.List`1[System.Diagnostics.Eventing.Reader.EventProperty]"
"Remote Desktop Services: Shell start notification received:

User: RJAF-PC4429\rjaf
Session ID: 1
Source Network Address: LOCAL","22","0",,"4","0","0","1152921504606846976","350","Microsoft-Windows-TerminalServices-LocalSessionManager","5d896912-022d-40aa-a3a8-4fa5515c76d7","Microsoft-Windows-TerminalServices-LocalSessionManager/Operational","564","1952","rjaf-PC4429","S-1-5-18","4/19/2014 12:39:34 AM",,,"c:\users\mac_1\desktop\winevt\logs\microsoft-windows-terminalservices-localsessionmanager%4operational.evtx","System.UInt32[]","System.Diagnostics.Eventing.Reader.EventBookmark","Information","Info",,"System.Collections.ObjectModel.ReadOnlyCollection`1[System.String]","System.Collections.Generic.List`1[System.Diagnostics.Eventing.Reader.EventProperty]"
"Remote Desktop Services: Session logon succeeded:

User: RJAF-PC4429\rjaf
Session ID: 1
Source Network Address: LOCAL","21","0",,"4","0","0","1152921504606846976","349","Microsoft-Windows-TerminalServices-LocalSessionManager","5d896912-022d-40aa-a3a8-4fa5515c76d7","Microsoft-Windows-TerminalServices-LocalSessionManager/Operational","564","1220","rjaf-PC4429","S-1-5-18","4/19/2014 12:39:34 AM",,,"c:\users\mac_1\desktop\winevt\logs\microsoft-windows-terminalservices-localsessionmanager%4operational.evtx","System.UInt32[]","System.Diagnostics.Eventing.Reader.EventBookmark","Information","Info",,"System.Collections.ObjectModel.ReadOnlyCollection`1[System.String]","System.Collections.Generic.List`1[System.Diagnostics.Eventing.Reader.EventProperty]"
"Remote Desktop Services: Session logoff succeeded:

User: RJAF-PC4429\rjaf
Session ID: 1","23","0",,"4","0","0","1152921504606846976","348","Microsoft-Windows-TerminalServices-LocalSessionManager","5d896912-022d-40aa-a3a8-4fa5515c76d7","Microsoft-Windows-TerminalServices-LocalSessionManager/Operational","564","3532","rjaf-PC4429","S-1-5-18","4/18/2014 1:04:00 PM",,,"c:\users\mac_1\desktop\winevt\logs\microsoft-windows-terminalservices-localsessionmanager%4operational.evtx","System.UInt32[]","System.Diagnostics.Eventing.Reader.EventBookmark","Information","Info",,"System.Collections.ObjectModel.ReadOnlyCollection`1[System.String]","System.Collections.Generic.List`1[System.Diagnostics.Eventing.Reader.EventProperty]"
"Remote Desktop Services: Shell start notification received:

User: RJAF-PC4429\rjaf
Session ID: 1
Source Network Address: LOCAL","22","0",,"4","0","0","1152921504606846976","347","Microsoft-Windows-TerminalServices-LocalSessionManager","5d896912-022d-40aa-a3a8-4fa5515c76d7","Microsoft-Windows-TerminalServices-LocalSessionManager/Operational","564","3236","rjaf-PC4429","S-1-5-18","4/18/2014 1:01:31 PM",,,"c:\users\mac_1\desktop\winevt\logs\microsoft-windows-terminalservices-localsessionmanager%4operational.evtx","System.UInt32[]","System.Diagnostics.Eventing.Reader.EventBookmark","Information","Info",,"System.Collections.ObjectModel.ReadOnlyCollection`1[System.String]","System.Collections.Generic.List`1[System.Diagnostics.Eventing.Reader.EventProperty]"
"Remote Desktop Services: Session logon succeeded:

User: RJAF-PC4429\rjaf
Session ID: 1
Source Network Address: LOCAL","21","0",,"4","0","0","1152921504606846976","346","Microsoft-Windows-TerminalServices-LocalSessionManager","5d896912-022d-40aa-a3a8-4fa5515c76d7","Microsoft-Windows-TerminalServices-LocalSessionManager/Operational","564","3236","rjaf-PC4429","S-1-5-18","4/18/2014 1:01:31 PM",,,"c:\users\mac_1\desktop\winevt\logs\microsoft-windows-terminalservices-localsessionmanager%4operational.evtx","System.UInt32[]","System.Diagnostics.Eventing.Reader.EventBookmark","Information","Info",,"System.Collections.ObjectModel.ReadOnlyCollection`1[System.String]","System.Collections.Generic.List`1[System.Diagnostics.Eventing.Reader.EventProperty]"
"Remote Desktop Services: Session logoff succeeded:

User: RJAF-PC4429\rjaf
Session ID: 1","23","0",,"4","0","0","1152921504606846976","345","Microsoft-Windows-TerminalServices-LocalSessionManager","5d896912-022d-40aa-a3a8-4fa5515c76d7","Microsoft-Windows-TerminalServices-LocalSessionManager/Operational","568","3484","rjaf-PC4429","S-1-5-18","4/17/2014 5:03:26 AM",,,"c:\users\mac_1\desktop\winevt\logs\microsoft-windows-terminalservices-localsessionmanager%4operational.evtx","System.UInt32[]","System.Diagnostics.Eventing.Reader.EventBookmark","Information","Info",,"System.Collections.ObjectModel.ReadOnlyCollection`1[System.String]","System.Collections.Generic.List`1[System.Diagnostics.Eventing.Reader.EventProperty]"
"Remote Desktop Services: Shell start notification received:

User: RJAF-PC4429\rjaf
Session ID: 1
Source Network Address: LOCAL","22","0",,"4","0","0","1152921504606846976","344","Microsoft-Windows-TerminalServices-LocalSessionManager","5d896912-022d-40aa-a3a8-4fa5515c76d7","Microsoft-Windows-TerminalServices-LocalSessionManager/Operational","568","828","rjaf-PC4429","S-1-5-18","4/17/2014 4:57:22 AM",,,"c:\users\mac_1\desktop\winevt\logs\microsoft-windows-terminalservices-localsessionmanager%4operational.evtx","System.UInt32[]","System.Diagnostics.Eventing.Reader.EventBookmark","Information","Info",,"System.Collections.ObjectModel.ReadOnlyCollection`1[System.String]","System.Collections.Generic.List`1[System.Diagnostics.Eventing.Reader.EventProperty]"
"Remote Desktop Services: Session logon succeeded:

User: RJAF-PC4429\rjaf
Session ID: 1
Source Network Address: LOCAL","21","0",,"4","0","0","1152921504606846976","343","Microsoft-Windows-TerminalServices-LocalSessionManager","5d896912-022d-40aa-a3a8-4fa5515c76d7","Microsoft-Windows-TerminalServices-LocalSessionManager/Operational","568","828","rjaf-PC4429","S-1-5-18","4/17/2014 4:57:22 AM",,,"c:\users\mac_1\desktop\winevt\logs\microsoft-windows-terminalservices-localsessionmanager%4operational.evtx","System.UInt32[]","System.Diagnostics.Eventing.Reader.EventBookmark","Information","Info",,"System.Collections.ObjectModel.ReadOnlyCollection`1[System.String]","System.Collections.Generic.List`1[System.Diagnostics.Eventing.Reader.EventProperty]"
"Remote Desktop Services: Session logoff succeeded:

User: RJAF-PC4429\rjaf
Session ID: 1","23","0",,"4","0","0","1152921504606846976","342","Microsoft-Windows-TerminalServices-LocalSessionManager","5d896912-022d-40aa-a3a8-4fa5515c76d7","Microsoft-Windows-TerminalServices-LocalSessionManager/Operational","564","3712","rjaf-PC4429","S-1-5-18","4/17/2014 2:00:29 AM",,,"c:\users\mac_1\desktop\winevt\logs\microsoft-windows-terminalservices-localsessionmanager%4operational.evtx","System.UInt32[]","System.Diagnostics.Eventing.Reader.EventBookmark","Information","Info",,"System.Collections.ObjectModel.ReadOnlyCollection`1[System.String]","System.Collections.Generic.List`1[System.Diagnostics.Eventing.Reader.EventProperty]"
"Remote Desktop Services: Shell start notification received:

User: RJAF-PC4429\rjaf
Session ID: 1
Source Network Address: LOCAL","22","0",,"4","0","0","1152921504606846976","341","Microsoft-Windows-TerminalServices-LocalSessionManager","5d896912-022d-40aa-a3a8-4fa5515c76d7","Microsoft-Windows-TerminalServices-LocalSessionManager/Operational","564","3244","rjaf-PC4429","S-1-5-18","4/17/2014 1:56:07 AM",,,"c:\users\mac_1\desktop\winevt\logs\microsoft-windows-terminalservices-localsessionmanager%4operational.evtx","System.UInt32[]","System.Diagnostics.Eventing.Reader.EventBookmark","Information","Info",,"System.Collections.ObjectModel.ReadOnlyCollection`1[System.String]","System.Collections.Generic.List`1[System.Diagnostics.Eventing.Reader.EventProperty]"
"Remote Desktop Services: Session logon succeeded:

User: RJAF-PC4429\rjaf
Session ID: 1
Source Network Address: LOCAL","21","0",,"4","0","0","1152921504606846976","340","Microsoft-Windows-TerminalServices-LocalSessionManager","5d896912-022d-40aa-a3a8-4fa5515c76d7","Microsoft-Windows-TerminalServices-LocalSessionManager/Operational","564","3244","rjaf-PC4429","S-1-5-18","4/17/2014 1:56:07 AM",,,"c:\users\mac_1\desktop\winevt\logs\microsoft-windows-terminalservices-localsessionmanager%4operational.evtx","System.UInt32[]","System.Diagnostics.Eventing.Reader.EventBookmark","Information","Info",,"System.Collections.ObjectModel.ReadOnlyCollection`1[System.String]","System.Collections.Generic.List`1[System.Diagnostics.Eventing.Reader.EventProperty]"
"Remote Desktop Services: Session logoff succeeded:

User: RJAF-PC4429\rjaf
Session ID: 1","23","0",,"4","0","0","1152921504606846976","339","Microsoft-Windows-TerminalServices-LocalSessionManager","5d896912-022d-40aa-a3a8-4fa5515c76d7","Microsoft-Windows-TerminalServices-LocalSessionManager/Operational","560","2644","rjaf-PC4429","S-1-5-18","4/16/2014 5:55:49 AM",,,"c:\users\mac_1\desktop\winevt\logs\microsoft-windows-terminalservices-localsessionmanager%4operational.evtx","System.UInt32[]","System.Diagnostics.Eventing.Reader.EventBookmark","Information","Info",,"System.Collections.ObjectModel.ReadOnlyCollection`1[System.String]","System.Collections.Generic.List`1[System.Diagnostics.Eventing.Reader.EventProperty]"
"Remote Desktop Services: Shell start notification received:

User: RJAF-PC4429\rjaf
Session ID: 1
Source Network Address: LOCAL","22","0",,"4","0","0","1152921504606846976","338","Microsoft-Windows-TerminalServices-LocalSessionManager","5d896912-022d-40aa-a3a8-4fa5515c76d7","Microsoft-Windows-TerminalServices-LocalSessionManager/Operational","560","3292","rjaf-PC4429","S-1-5-18","4/16/2014 12:26:05 AM",,,"c:\users\mac_1\desktop\winevt\logs\microsoft-windows-terminalservices-localsessionmanager%4operational.evtx","System.UInt32[]","System.Diagnostics.Eventing.Reader.EventBookmark","Information","Info",,"System.Collections.ObjectModel.ReadOnlyCollection`1[System.String]","System.Collections.Generic.List`1[System.Diagnostics.Eventing.Reader.EventProperty]"
"Remote Desktop Services: Session logon succeeded:

User: RJAF-PC4429\rjaf
Session ID: 1
Source Network Address: LOCAL","21","0",,"4","0","0","1152921504606846976","337","Microsoft-Windows-TerminalServices-LocalSessionManager","5d896912-022d-40aa-a3a8-4fa5515c76d7","Microsoft-Windows-TerminalServices-LocalSessionManager/Operational","560","4036","rjaf-PC4429","S-1-5-18","4/16/2014 12:26:05 AM",,,"c:\users\mac_1\desktop\winevt\logs\microsoft-windows-terminalservices-localsessionmanager%4operational.evtx","System.UInt32[]","System.Diagnostics.Eventing.Reader.EventBookmark","Information","Info",,"System.Collections.ObjectModel.ReadOnlyCollection`1[System.String]","System.Collections.Generic.List`1[System.Diagnostics.Eventing.Reader.EventProperty]"
"Remote Desktop Services: Session has been disconnected:

User: RJAF-PC4429\rjaf
Session ID: 1
Source Network Address: LOCAL","24","0",,"4","0","0","1152921504606846976","336","Microsoft-Windows-TerminalServices-LocalSessionManager","5d896912-022d-40aa-a3a8-4fa5515c76d7","Microsoft-Windows-TerminalServices-LocalSessionManager/Operational","560","2056","rjaf-PC4429","S-1-5-18","4/15/2014 3:01:03 PM",,,"c:\users\mac_1\desktop\winevt\logs\microsoft-windows-terminalservices-localsessionmanager%4operational.evtx","System.UInt32[]","System.Diagnostics.Eventing.Reader.EventBookmark","Information","Info",,"System.Collections.ObjectModel.ReadOnlyCollection`1[System.String]","System.Collections.Generic.List`1[System.Diagnostics.Eventing.Reader.EventProperty]"
"Remote Desktop Services: Session logoff succeeded:

User: RJAF-PC4429\rjaf
Session ID: 1","23","0",,"4","0","0","1152921504606846976","335","Microsoft-Windows-TerminalServices-LocalSessionManager","5d896912-022d-40aa-a3a8-4fa5515c76d7","Microsoft-Windows-TerminalServices-LocalSessionManager/Operational","560","1960","rjaf-PC4429","S-1-5-18","4/15/2014 3:01:01 PM",,,"c:\users\mac_1\desktop\winevt\logs\microsoft-windows-terminalservices-localsessionmanager%4operational.evtx","System.UInt32[]","System.Diagnostics.Eventing.Reader.EventBookmark","Information","Info",,"System.Collections.ObjectModel.ReadOnlyCollection`1[System.String]","System.Collections.Generic.List`1[System.Diagnostics.Eventing.Reader.EventProperty]"
"Remote Desktop Services: Shell start notification received:

User: RJAF-PC4429\rjaf
Session ID: 1
Source Network Address: LOCAL","22","0",,"4","0","0","1152921504606846976","334","Microsoft-Windows-TerminalServices-LocalSessionManager","5d896912-022d-40aa-a3a8-4fa5515c76d7","Microsoft-Windows-TerminalServices-LocalSessionManager/Operational","560","3480","rjaf-PC4429","S-1-5-18","4/15/2014 11:46:50 AM",,,"c:\users\mac_1\desktop\winevt\logs\microsoft-windows-terminalservices-localsessionmanager%4operational.evtx","System.UInt32[]","System.Diagnostics.Eventing.Reader.EventBookmark","Information","Info",,"System.Collections.ObjectModel.ReadOnlyCollection`1[System.String]","System.Collections.Generic.List`1[System.Diagnostics.Eventing.Reader.EventProperty]"
"Remote Desktop Services: Session logon succeeded:

User: RJAF-PC4429\rjaf
Session ID: 1
Source Network Address: LOCAL","21","0",,"4","0","0","1152921504606846976","333","Microsoft-Windows-TerminalServices-LocalSessionManager","5d896912-022d-40aa-a3a8-4fa5515c76d7","Microsoft-Windows-TerminalServices-LocalSessionManager/Operational","560","3480","rjaf-PC4429","S-1-5-18","4/15/2014 11:46:50 AM",,,"c:\users\mac_1\desktop\winevt\logs\microsoft-windows-terminalservices-localsessionmanager%4operational.evtx","System.UInt32[]","System.Diagnostics.Eventing.Reader.EventBookmark","Information","Info",,"System.Collections.ObjectModel.ReadOnlyCollection`1[System.String]","System.Collections.Generic.List`1[System.Diagnostics.Eventing.Reader.EventProperty]"
"Remote Desktop Services: Shell start notification received:

User: RJAF-PC4429\rjaf
Session ID: 2
Source Network Address: LOCAL","22","0",,"4","0","0","1152921504606846976","332","Microsoft-Windows-TerminalServices-LocalSessionManager","5d896912-022d-40aa-a3a8-4fa5515c76d7","Microsoft-Windows-TerminalServices-LocalSessionManager/Operational","564","2376","rjaf-PC4429","S-1-5-18","4/14/2014 11:20:37 PM",,,"c:\users\mac_1\desktop\winevt\logs\microsoft-windows-terminalservices-localsessionmanager%4operational.evtx","System.UInt32[]","System.Diagnostics.Eventing.Reader.EventBookmark","Information","Info",,"System.Collections.ObjectModel.ReadOnlyCollection`1[System.String]","System.Collections.Generic.List`1[System.Diagnostics.Eventing.Reader.EventProperty]"
"Remote Desktop Services: Session logon succeeded:

User: RJAF-PC4429\rjaf
Session ID: 2
Source Network Address: LOCAL","21","0",,"4","0","0","1152921504606846976","331","Microsoft-Windows-TerminalServices-LocalSessionManager","5d896912-022d-40aa-a3a8-4fa5515c76d7","Microsoft-Windows-TerminalServices-LocalSessionManager/Operational","564","3688","rjaf-PC4429","S-1-5-18","4/14/2014 11:20:33 PM",,,"c:\users\mac_1\desktop\winevt\logs\microsoft-windows-terminalservices-localsessionmanager%4operational.evtx","System.UInt32[]","System.Diagnostics.Eventing.Reader.EventBookmark","Information","Info",,"System.Collections.ObjectModel.ReadOnlyCollection`1[System.String]","System.Collections.Generic.List`1[System.Diagnostics.Eventing.Reader.EventProperty]"
"Remote Desktop Services: Session has been disconnected:

User: RJAF-PC4429\rjaf
Session ID: 1
Source Network Address: LOCAL","24","0",,"4","0","0","1152921504606846976","330","Microsoft-Windows-TerminalServices-LocalSessionManager","5d896912-022d-40aa-a3a8-4fa5515c76d7","Microsoft-Windows-TerminalServices-LocalSessionManager/Operational","564","2476","rjaf-PC4429","S-1-5-18","4/14/2014 2:11:16 PM",,,"c:\users\mac_1\desktop\winevt\logs\microsoft-windows-terminalservices-localsessionmanager%4operational.evtx","System.UInt32[]","System.Diagnostics.Eventing.Reader.EventBookmark","Information","Info",,"System.Collections.ObjectModel.ReadOnlyCollection`1[System.String]","System.Collections.Generic.List`1[System.Diagnostics.Eventing.Reader.EventProperty]"
"Remote Desktop Services: Session logoff succeeded:

User: RJAF-PC4429\rjaf
Session ID: 1","23","0",,"4","0","0","1152921504606846976","329","Microsoft-Windows-TerminalServices-LocalSessionManager","5d896912-022d-40aa-a3a8-4fa5515c76d7","Microsoft-Windows-TerminalServices-LocalSessionManager/Operational","564","2428","rjaf-PC4429","S-1-5-18","4/14/2014 2:11:14 PM",,,"c:\users\mac_1\desktop\winevt\logs\microsoft-windows-terminalservices-localsessionmanager%4operational.evtx","System.UInt32[]","System.Diagnostics.Eventing.Reader.EventBookmark","Information","Info",,"System.Collections.ObjectModel.ReadOnlyCollection`1[System.String]","System.Collections.Generic.List`1[System.Diagnostics.Eventing.Reader.EventProperty]"
"Remote Desktop Services: Shell start notification received:

User: RJAF-PC4429\rjaf
Session ID: 1
Source Network Address: LOCAL","22","0",,"4","0","0","1152921504606846976","328","Microsoft-Windows-TerminalServices-LocalSessionManager","5d896912-022d-40aa-a3a8-4fa5515c76d7","Microsoft-Windows-TerminalServices-LocalSessionManager/Operational","564","1752","rjaf-PC4429","S-1-5-18","4/12/2014 4:09:30 AM",,,"c:\users\mac_1\desktop\winevt\logs\microsoft-windows-terminalservices-localsessionmanager%4operational.evtx","System.UInt32[]","System.Diagnostics.Eventing.Reader.EventBookmark","Information","Info",,"System.Collections.ObjectModel.ReadOnlyCollection`1[System.String]","System.Collections.Generic.List`1[System.Diagnostics.Eventing.Reader.EventProperty]"
"Remote Desktop Services: Session logon succeeded:

User: RJAF-PC4429\rjaf
Session ID: 1
Source Network Address: LOCAL","21","0",,"4","0","0","1152921504606846976","327","Microsoft-Windows-TerminalServices-LocalSessionManager","5d896912-022d-40aa-a3a8-4fa5515c76d7","Microsoft-Windows-TerminalServices-LocalSessionManager/Operational","564","3592","rjaf-PC4429","S-1-5-18","4/12/2014 4:09:30 AM",,,"c:\users\mac_1\desktop\winevt\logs\microsoft-windows-terminalservices-localsessionmanager%4operational.evtx","System.UInt32[]","System.Diagnostics.Eventing.Reader.EventBookmark","Information","Info",,"System.Collections.ObjectModel.ReadOnlyCollection`1[System.String]","System.Collections.Generic.List`1[System.Diagnostics.Eventing.Reader.EventProperty]"
"Remote Desktop Services: Session has been disconnected:

User: RJAF-PC4429\rjaf
Session ID: 1
Source Network Address: LOCAL","24","0",,"4","0","0","1152921504606846976","326","Microsoft-Windows-TerminalServices-LocalSessionManager","5d896912-022d-40aa-a3a8-4fa5515c76d7","Microsoft-Windows-TerminalServices-LocalSessionManager/Operational","564","3680","rjaf-PC4429","S-1-5-18","4/11/2014 1:15:43 AM",,,"c:\users\mac_1\desktop\winevt\logs\microsoft-windows-terminalservices-localsessionmanager%4operational.evtx","System.UInt32[]","System.Diagnostics.Eventing.Reader.EventBookmark","Information","Info",,"System.Collections.ObjectModel.ReadOnlyCollection`1[System.String]","System.Collections.Generic.List`1[System.Diagnostics.Eventing.Reader.EventProperty]"
"Remote Desktop Services: Session logoff succeeded:

User: RJAF-PC4429\rjaf
Session ID: 1","23","0",,"4","0","0","1152921504606846976","325","Microsoft-Windows-TerminalServices-LocalSessionManager","5d896912-022d-40aa-a3a8-4fa5515c76d7","Microsoft-Windows-TerminalServices-LocalSessionManager/Operational","564","2964","rjaf-PC4429","S-1-5-18","4/11/2014 1:15:42 AM",,,"c:\users\mac_1\desktop\winevt\logs\microsoft-windows-terminalservices-localsessionmanager%4operational.evtx","System.UInt32[]","System.Diagnostics.Eventing.Reader.EventBookmark","Information","Info",,"System.Collections.ObjectModel.ReadOnlyCollection`1[System.String]","System.Collections.Generic.List`1[System.Diagnostics.Eventing.Reader.EventProperty]"
"Remote Desktop Services: Shell start notification received:

User: RJAF-PC4429\rjaf
Session ID: 1
Source Network Address: LOCAL","22","0",,"4","0","0","1152921504606846976","324","Microsoft-Windows-TerminalServices-LocalSessionManager","5d896912-022d-40aa-a3a8-4fa5515c76d7","Microsoft-Windows-TerminalServices-LocalSessionManager/Operational","564","2476","rjaf-PC4429","S-1-5-18","4/10/2014 5:42:33 AM",,,"c:\users\mac_1\desktop\winevt\logs\microsoft-windows-terminalservices-localsessionmanager%4operational.evtx","System.UInt32[]","System.Diagnostics.Eventing.Reader.EventBookmark","Information","Info",,"System.Collections.ObjectModel.ReadOnlyCollection`1[System.String]","System.Collections.Generic.List`1[System.Diagnostics.Eventing.Reader.EventProperty]"
"Remote Desktop Services: Session logon succeeded:

User: RJAF-PC4429\rjaf
Session ID: 1
Source Network Address: LOCAL","21","0",,"4","0","0","1152921504606846976","323","Microsoft-Windows-TerminalServices-LocalSessionManager","5d896912-022d-40aa-a3a8-4fa5515c76d7","Microsoft-Windows-TerminalServices-LocalSessionManager/Operational","564","2476","rjaf-PC4429","S-1-5-18","4/10/2014 5:42:33 AM",,,"c:\users\mac_1\desktop\winevt\logs\microsoft-windows-terminalservices-localsessionmanager%4operational.evtx","System.UInt32[]","System.Diagnostics.Eventing.Reader.EventBookmark","Information","Info",,"System.Collections.ObjectModel.ReadOnlyCollection`1[System.String]","System.Collections.Generic.List`1[System.Diagnostics.Eventing.Reader.EventProperty]"
"Remote Desktop Services: Session has been disconnected:

User: RJAF-PC4429\rjaf
Session ID: 1
Source Network Address: LOCAL","24","0",,"4","0","0","1152921504606846976","322","Microsoft-Windows-TerminalServices-LocalSessionManager","5d896912-022d-40aa-a3a8-4fa5515c76d7","Microsoft-Windows-TerminalServices-LocalSessionManager/Operational","564","2304","rjaf-PC4429","S-1-5-18","4/9/2014 2:15:53 PM",,,"c:\users\mac_1\desktop\winevt\logs\microsoft-windows-terminalservices-localsessionmanager%4operational.evtx","System.UInt32[]","System.Diagnostics.Eventing.Reader.EventBookmark","Information","Info",,"System.Collections.ObjectModel.ReadOnlyCollection`1[System.String]","System.Collections.Generic.List`1[System.Diagnostics.Eventing.Reader.EventProperty]"
"Remote Desktop Services: Session logoff succeeded:

User: RJAF-PC4429\rjaf
Session ID: 1","23","0",,"4","0","0","1152921504606846976","321","Microsoft-Windows-TerminalServices-LocalSessionManager","5d896912-022d-40aa-a3a8-4fa5515c76d7","Microsoft-Windows-TerminalServices-LocalSessionManager/Operational","564","2304","rjaf-PC4429","S-1-5-18","4/9/2014 2:15:52 PM",,,"c:\users\mac_1\desktop\winevt\logs\microsoft-windows-terminalservices-localsessionmanager%4operational.evtx","System.UInt32[]","System.Diagnostics.Eventing.Reader.EventBookmark","Information","Info",,"System.Collections.ObjectModel.ReadOnlyCollection`1[System.String]","System.Collections.Generic.List`1[System.Diagnostics.Eventing.Reader.EventProperty]"
"Remote Desktop Services: Shell start notification received:

User: RJAF-PC4429\rjaf
Session ID: 1
Source Network Address: LOCAL","22","0",,"4","0","0","1152921504606846976","320","Microsoft-Windows-TerminalServices-LocalSessionManager","5d896912-022d-40aa-a3a8-4fa5515c76d7","Microsoft-Windows-TerminalServices-LocalSessionManager/Operational","564","876","rjaf-PC4429","S-1-5-18","4/9/2014 12:40:37 PM",,,"c:\users\mac_1\desktop\winevt\logs\microsoft-windows-terminalservices-localsessionmanager%4operational.evtx","System.UInt32[]","System.Diagnostics.Eventing.Reader.EventBookmark","Information","Info",,"System.Collections.ObjectModel.ReadOnlyCollection`1[System.String]","System.Collections.Generic.List`1[System.Diagnostics.Eventing.Reader.EventProperty]"
"Remote Desktop Services: Session logon succeeded:

User: RJAF-PC4429\rjaf
Session ID: 1
Source Network Address: LOCAL","21","0",,"4","0","0","1152921504606846976","319","Microsoft-Windows-TerminalServices-LocalSessionManager","5d896912-022d-40aa-a3a8-4fa5515c76d7","Microsoft-Windows-TerminalServices-LocalSessionManager/Operational","564","876","rjaf-PC4429","S-1-5-18","4/9/2014 12:40:37 PM",,,"c:\users\mac_1\desktop\winevt\logs\microsoft-windows-terminalservices-localsessionmanager%4operational.evtx","System.UInt32[]","System.Diagnostics.Eventing.Reader.EventBookmark","Information","Info",,"System.Collections.ObjectModel.ReadOnlyCollection`1[System.String]","System.Collections.Generic.List`1[System.Diagnostics.Eventing.Reader.EventProperty]"
"Remote Desktop Services: Session logoff succeeded:

User: RJAF-PC4429\rjaf
Session ID: 1","23","0",,"4","0","0","1152921504606846976","318","Microsoft-Windows-TerminalServices-LocalSessionManager","5d896912-022d-40aa-a3a8-4fa5515c76d7","Microsoft-Windows-TerminalServices-LocalSessionManager/Operational","560","6012","rjaf-PC4429","S-1-5-18","4/9/2014 12:35:05 PM",,,"c:\users\mac_1\desktop\winevt\logs\microsoft-windows-terminalservices-localsessionmanager%4operational.evtx","System.UInt32[]","System.Diagnostics.Eventing.Reader.EventBookmark","Information","Info",,"System.Collections.ObjectModel.ReadOnlyCollection`1[System.String]","System.Collections.Generic.List`1[System.Diagnostics.Eventing.Reader.EventProperty]"
"Remote Desktop Services: Shell start notification received:

User: RJAF-PC4429\rjaf
Session ID: 1
Source Network Address: LOCAL","22","0",,"4","0","0","1152921504606846976","317","Microsoft-Windows-TerminalServices-LocalSessionManager","5d896912-022d-40aa-a3a8-4fa5515c76d7","Microsoft-Windows-TerminalServices-LocalSessionManager/Operational","560","5836","rjaf-PC4429","S-1-5-18","4/8/2014 5:59:49 AM",,,"c:\users\mac_1\desktop\winevt\logs\microsoft-windows-terminalservices-localsessionmanager%4operational.evtx","System.UInt32[]","System.Diagnostics.Eventing.Reader.EventBookmark","Information","Info",,"System.Collections.ObjectModel.ReadOnlyCollection`1[System.String]","System.Collections.Generic.List`1[System.Diagnostics.Eventing.Reader.EventProperty]"
"Remote Desktop Services: Session logon succeeded:

User: RJAF-PC4429\rjaf
Session ID: 1
Source Network Address: LOCAL","21","0",,"4","0","0","1152921504606846976","316","Microsoft-Windows-TerminalServices-LocalSessionManager","5d896912-022d-40aa-a3a8-4fa5515c76d7","Microsoft-Windows-TerminalServices-LocalSessionManager/Operational","560","2768","rjaf-PC4429","S-1-5-18","4/8/2014 5:59:49 AM",,,"c:\users\mac_1\desktop\winevt\logs\microsoft-windows-terminalservices-localsessionmanager%4operational.evtx","System.UInt32[]","System.Diagnostics.Eventing.Reader.EventBookmark","Information","Info",,"System.Collections.ObjectModel.ReadOnlyCollection`1[System.String]","System.Collections.Generic.List`1[System.Diagnostics.Eventing.Reader.EventProperty]"
"Remote Desktop Services: Session has been disconnected:

User: RJAF-PC4429\rjaf
Session ID: 2
Source Network Address: LOCAL","24","0",,"4","0","0","1152921504606846976","315","Microsoft-Windows-TerminalServices-LocalSessionManager","5d896912-022d-40aa-a3a8-4fa5515c76d7","Microsoft-Windows-TerminalServices-LocalSessionManager/Operational","560","5648","rjaf-PC4429","S-1-5-18","4/8/2014 4:58:26 AM",,,"c:\users\mac_1\desktop\winevt\logs\microsoft-windows-terminalservices-localsessionmanager%4operational.evtx","System.UInt32[]","System.Diagnostics.Eventing.Reader.EventBookmark","Information","Info",,"System.Collections.ObjectModel.ReadOnlyCollection`1[System.String]","System.Collections.Generic.List`1[System.Diagnostics.Eventing.Reader.EventProperty]"
"Remote Desktop Services: Session logoff succeeded:

User: RJAF-PC4429\rjaf
Session ID: 2","23","0",,"4","0","0","1152921504606846976","314","Microsoft-Windows-TerminalServices-LocalSessionManager","5d896912-022d-40aa-a3a8-4fa5515c76d7","Microsoft-Windows-TerminalServices-LocalSessionManager/Operational","560","5648","rjaf-PC4429","S-1-5-18","4/8/2014 4:58:23 AM",,,"c:\users\mac_1\desktop\winevt\logs\microsoft-windows-terminalservices-localsessionmanager%4operational.evtx","System.UInt32[]","System.Diagnostics.Eventing.Reader.EventBookmark","Information","Info",,"System.Collections.ObjectModel.ReadOnlyCollection`1[System.String]","System.Collections.Generic.List`1[System.Diagnostics.Eventing.Reader.EventProperty]"
"Remote Desktop Services: Shell start notification received:

User: RJAF-PC4429\rjaf
Session ID: 2
Source Network Address: LOCAL","22","0",,"4","0","0","1152921504606846976","313","Microsoft-Windows-TerminalServices-LocalSessionManager","5d896912-022d-40aa-a3a8-4fa5515c76d7","Microsoft-Windows-TerminalServices-LocalSessionManager/Operational","560","976","rjaf-PC4429","S-1-5-18","4/8/2014 4:58:06 AM",,,"c:\users\mac_1\desktop\winevt\logs\microsoft-windows-terminalservices-localsessionmanager%4operational.evtx","System.UInt32[]","System.Diagnostics.Eventing.Reader.EventBookmark","Information","Info",,"System.Collections.ObjectModel.ReadOnlyCollection`1[System.String]","System.Collections.Generic.List`1[System.Diagnostics.Eventing.Reader.EventProperty]"
"Remote Desktop Services: Session logon succeeded:

User: RJAF-PC4429\rjaf
Session ID: 2
Source Network Address: LOCAL","21","0",,"4","0","0","1152921504606846976","312","Microsoft-Windows-TerminalServices-LocalSessionManager","5d896912-022d-40aa-a3a8-4fa5515c76d7","Microsoft-Windows-TerminalServices-LocalSessionManager/Operational","560","856","rjaf-PC4429","S-1-5-18","4/8/2014 4:58:06 AM",,,"c:\users\mac_1\desktop\winevt\logs\microsoft-windows-terminalservices-localsessionmanager%4operational.evtx","System.UInt32[]","System.Diagnostics.Eventing.Reader.EventBookmark","Information","Info",,"System.Collections.ObjectModel.ReadOnlyCollection`1[System.String]","System.Collections.Generic.List`1[System.Diagnostics.Eventing.Reader.EventProperty]"
"Remote Desktop Services: Session has been disconnected:

User: RJAF-PC4429\rjaf
Session ID: 1
Source Network Address: LOCAL","24","0",,"4","0","0","1152921504606846976","311","Microsoft-Windows-TerminalServices-LocalSessionManager","5d896912-022d-40aa-a3a8-4fa5515c76d7","Microsoft-Windows-TerminalServices-LocalSessionManager/Operational","560","5648","rjaf-PC4429","S-1-5-18","4/8/2014 4:58:00 AM",,,"c:\users\mac_1\desktop\winevt\logs\microsoft-windows-terminalservices-localsessionmanager%4operational.evtx","System.UInt32[]","System.Diagnostics.Eventing.Reader.EventBookmark","Information","Info",,"System.Collections.ObjectModel.ReadOnlyCollection`1[System.String]","System.Collections.Generic.List`1[System.Diagnostics.Eventing.Reader.EventProperty]"
"Remote Desktop Services: Session logoff succeeded:

User: RJAF-PC4429\rjaf
Session ID: 1","23","0",,"4","0","0","1152921504606846976","310","Microsoft-Windows-TerminalServices-LocalSessionManager","5d896912-022d-40aa-a3a8-4fa5515c76d7","Microsoft-Windows-TerminalServices-LocalSessionManager/Operational","560","5648","rjaf-PC4429","S-1-5-18","4/8/2014 4:57:58 AM",,,"c:\users\mac_1\desktop\winevt\logs\microsoft-windows-terminalservices-localsessionmanager%4operational.evtx","System.UInt32[]","System.Diagnostics.Eventing.Reader.EventBookmark","Information","Info",,"System.Collections.ObjectModel.ReadOnlyCollection`1[System.String]","System.Collections.Generic.List`1[System.Diagnostics.Eventing.Reader.EventProperty]"
"Remote Desktop Services: Shell start notification received:

User: RJAF-PC4429\rjaf
Session ID: 1
Source Network Address: LOCAL","22","0",,"4","0","0","1152921504606846976","309","Microsoft-Windows-TerminalServices-LocalSessionManager","5d896912-022d-40aa-a3a8-4fa5515c76d7","Microsoft-Windows-TerminalServices-LocalSessionManager/Operational","560","360","rjaf-PC4429","S-1-5-18","4/6/2014 10:12:19 PM",,,"c:\users\mac_1\desktop\winevt\logs\microsoft-windows-terminalservices-localsessionmanager%4operational.evtx","System.UInt32[]","System.Diagnostics.Eventing.Reader.EventBookmark","Information","Info",,"System.Collections.ObjectModel.ReadOnlyCollection`1[System.String]","System.Collections.Generic.List`1[System.Diagnostics.Eventing.Reader.EventProperty]"
"Remote Desktop Services: Session logon succeeded:

User: RJAF-PC4429\rjaf
Session ID: 1
Source Network Address: LOCAL","21","0",,"4","0","0","1152921504606846976","308","Microsoft-Windows-TerminalServices-LocalSessionManager","5d896912-022d-40aa-a3a8-4fa5515c76d7","Microsoft-Windows-TerminalServices-LocalSessionManager/Operational","560","360","rjaf-PC4429","S-1-5-18","4/6/2014 10:12:19 PM",,,"c:\users\mac_1\desktop\winevt\logs\microsoft-windows-terminalservices-localsessionmanager%4operational.evtx","System.UInt32[]","System.Diagnostics.Eventing.Reader.EventBookmark","Information","Info",,"System.Collections.ObjectModel.ReadOnlyCollection`1[System.String]","System.Collections.Generic.List`1[System.Diagnostics.Eventing.Reader.EventProperty]"
"Remote Desktop Services: Session reconnection succeeded:

User: RJAF-PC4429\rjaf
Session ID: 1
Source Network Address: LOCAL","25","0",,"4","0","0","1152921504606846976","307","Microsoft-Windows-TerminalServices-LocalSessionManager","5d896912-022d-40aa-a3a8-4fa5515c76d7","Microsoft-Windows-TerminalServices-LocalSessionManager/Operational","560","7632","rjaf-PC4429","S-1-5-18","4/6/2014 6:38:14 AM",,,"c:\users\mac_1\desktop\winevt\logs\microsoft-windows-terminalservices-localsessionmanager%4operational.evtx","System.UInt32[]","System.Diagnostics.Eventing.Reader.EventBookmark","Information","Info",,"System.Collections.ObjectModel.ReadOnlyCollection`1[System.String]","System.Collections.Generic.List`1[System.Diagnostics.Eventing.Reader.EventProperty]"
"Remote Desktop Services: Session has been disconnected:

User: RJAF-PC4429\rjaf
Session ID: 1
Source Network Address: LOCAL","24","0",,"4","0","0","1152921504606846976","306","Microsoft-Windows-TerminalServices-LocalSessionManager","5d896912-022d-40aa-a3a8-4fa5515c76d7","Microsoft-Windows-TerminalServices-LocalSessionManager/Operational","560","256","rjaf-PC4429","S-1-5-18","4/6/2014 6:20:24 AM",,,"c:\users\mac_1\desktop\winevt\logs\microsoft-windows-terminalservices-localsessionmanager%4operational.evtx","System.UInt32[]","System.Diagnostics.Eventing.Reader.EventBookmark","Information","Info",,"System.Collections.ObjectModel.ReadOnlyCollection`1[System.String]","System.Collections.Generic.List`1[System.Diagnostics.Eventing.Reader.EventProperty]"
"Remote Desktop Services: Shell start notification received:

User: RJAF-PC4429\rjaf
Session ID: 1
Source Network Address: LOCAL","22","0",,"4","0","0","1152921504606846976","305","Microsoft-Windows-TerminalServices-LocalSessionManager","5d896912-022d-40aa-a3a8-4fa5515c76d7","Microsoft-Windows-TerminalServices-LocalSessionManager/Operational","560","1324","rjaf-PC4429","S-1-5-18","4/6/2014 1:49:24 AM",,,"c:\users\mac_1\desktop\winevt\logs\microsoft-windows-terminalservices-localsessionmanager%4operational.evtx","System.UInt32[]","System.Diagnostics.Eventing.Reader.EventBookmark","Information","Info",,"System.Collections.ObjectModel.ReadOnlyCollection`1[System.String]","System.Collections.Generic.List`1[System.Diagnostics.Eventing.Reader.EventProperty]"
"Remote Desktop Services: Session logon succeeded:

User: RJAF-PC4429\rjaf
Session ID: 1
Source Network Address: LOCAL","21","0",,"4","0","0","1152921504606846976","304","Microsoft-Windows-TerminalServices-LocalSessionManager","5d896912-022d-40aa-a3a8-4fa5515c76d7","Microsoft-Windows-TerminalServices-LocalSessionManager/Operational","560","840","rjaf-PC4429","S-1-5-18","4/6/2014 1:49:24 AM",,,"c:\users\mac_1\desktop\winevt\logs\microsoft-windows-terminalservices-localsessionmanager%4operational.evtx","System.UInt32[]","System.Diagnostics.Eventing.Reader.EventBookmark","Information","Info",,"System.Collections.ObjectModel.ReadOnlyCollection`1[System.String]","System.Collections.Generic.List`1[System.Diagnostics.Eventing.Reader.EventProperty]"
