"Diagnostic module {A59F0643-A6CA-48E0-A7C4-4CDD258439E2} (%SystemRoot%\system32\diagperf.dll) finished troubleshooting scenario {FFC42108-4920-4ACF-A4FC-8ABDCC68ADA4}, instance {1A5396A0-4B2D-4BD7-9B8F-B67C4776796B}, original activity ID {85F03364-389B-0002-A53F-1316176DD001}.  No resolution was set by the diagnostic module.","110","0",,"4","1","14","4611686052787126272","4738","Microsoft-Windows-Diagnosis-DPS","6bba3851-2c7e-4dea-8f54-31e5afd029e3","Microsoft-Windows-Diagnosis-DPS/Operational","1332","4692","rjaf-PC4429","S-1-5-19","4/3/2015 1:16:27 AM","1a5396a0-4b2d-4bd7-9b8f-b67c4776796b",,"c:\users\mac_1\desktop\winevt\logs\microsoft-windows-diagnosis-dps%4operational.evtx","System.UInt32[]","System.Diagnostics.Eventing.Reader.EventBookmark","Information","A diagnostic module completed troubleshooting without setting a resolution","Scenario Lifecycle","System.Collections.ObjectModel.ReadOnlyCollection`1[System.String]","System.Collections.Generic.List`1[System.Diagnostics.Eventing.Reader.EventProperty]"
"Diagnostic module {A59F0643-A6CA-48E0-A7C4-4CDD258439E2} (%SystemRoot%\system32\diagperf.dll) started troubleshooting scenario {FFC42108-4920-4ACF-A4FC-8ABDCC68ADA4}, instance {1A5396A0-4B2D-4BD7-9B8F-B67C4776796B}, original activity ID {85F03364-389B-0002-A53F-1316176DD001}.","105","0",,"4","1","13","4611686052787126272","4737","Microsoft-Windows-Diagnosis-DPS","6bba3851-2c7e-4dea-8f54-31e5afd029e3","Microsoft-Windows-Diagnosis-DPS/Operational","1332","4692","rjaf-PC4429","S-1-5-19","4/3/2015 1:16:27 AM","1a5396a0-4b2d-4bd7-9b8f-b67c4776796b",,"c:\users\mac_1\desktop\winevt\logs\microsoft-windows-diagnosis-dps%4operational.evtx","System.UInt32[]","System.Diagnostics.Eventing.Reader.EventBookmark","Information","A scenario instance was dispatched for troubleshooting","Scenario Lifecycle","System.Collections.ObjectModel.ReadOnlyCollection`1[System.String]","System.Collections.Generic.List`1[System.Diagnostics.Eventing.Reader.EventProperty]"
"Diagnostic module {A59F0643-A6CA-48E0-A7C4-4CDD258439E2} (%SystemRoot%\system32\diagperf.dll) detected a problem for scenario {FFC42108-4920-4ACF-A4FC-8ABDCC68ADA4}, instance {1A5396A0-4B2D-4BD7-9B8F-B67C4776796B}, original activity ID {85F03364-389B-0002-A53F-1316176DD001}.","100","0",,"4","1","12","4611686052787126272","4736","Microsoft-Windows-Diagnosis-DPS","6bba3851-2c7e-4dea-8f54-31e5afd029e3","Microsoft-Windows-Diagnosis-DPS/Operational","1332","4692","rjaf-PC4429","S-1-5-19","4/3/2015 1:16:27 AM","1a5396a0-4b2d-4bd7-9b8f-b67c4776796b",,"c:\users\mac_1\desktop\winevt\logs\microsoft-windows-diagnosis-dps%4operational.evtx","System.UInt32[]","System.Diagnostics.Eventing.Reader.EventBookmark","Information","A diagnostic module detected a problem","Scenario Lifecycle","System.Collections.ObjectModel.ReadOnlyCollection`1[System.String]","System.Collections.Generic.List`1[System.Diagnostics.Eventing.Reader.EventProperty]"
"Diagnostic module {282396B2-6C46-4D66-B413-70B0445DF33C} (%SystemRoot%\system32\diagperf.dll) finished troubleshooting scenario {186F47EF-626C-4670-800A-4A30756BABAD}, instance {73920A40-0F66-4D2E-B2C0-2B2D211BDBE7}, original activity ID {00000000-0000-0000-0000-000000000000}.  No resolution was set by the diagnostic module.","110","0",,"4","1","14","4611686052787126272","4735","Microsoft-Windows-Diagnosis-DPS","6bba3851-2c7e-4dea-8f54-31e5afd029e3","Microsoft-Windows-Diagnosis-DPS/Operational","1332","3188","rjaf-PC4429","S-1-5-19","4/2/2015 11:06:24 PM","73920a40-0f66-4d2e-b2c0-2b2d211bdbe7",,"c:\users\mac_1\desktop\winevt\logs\microsoft-windows-diagnosis-dps%4operational.evtx","System.UInt32[]","System.Diagnostics.Eventing.Reader.EventBookmark","Information","A diagnostic module completed troubleshooting without setting a resolution","Scenario Lifecycle","System.Collections.ObjectModel.ReadOnlyCollection`1[System.String]","System.Collections.Generic.List`1[System.Diagnostics.Eventing.Reader.EventProperty]"
"Diagnostic module {282396B2-6C46-4D66-B413-70B0445DF33C} (%SystemRoot%\system32\diagperf.dll) started troubleshooting scenario {186F47EF-626C-4670-800A-4A30756BABAD}, instance {73920A40-0F66-4D2E-B2C0-2B2D211BDBE7}, original activity ID {00000000-0000-0000-0000-000000000000}.","105","0",,"4","1","13","4611686052787126272","4734","Microsoft-Windows-Diagnosis-DPS","6bba3851-2c7e-4dea-8f54-31e5afd029e3","Microsoft-Windows-Diagnosis-DPS/Operational","1332","3188","rjaf-PC4429","S-1-5-19","4/2/2015 11:06:24 PM","73920a40-0f66-4d2e-b2c0-2b2d211bdbe7",,"c:\users\mac_1\desktop\winevt\logs\microsoft-windows-diagnosis-dps%4operational.evtx","System.UInt32[]","System.Diagnostics.Eventing.Reader.EventBookmark","Information","A scenario instance was dispatched for troubleshooting","Scenario Lifecycle","System.Collections.ObjectModel.ReadOnlyCollection`1[System.String]","System.Collections.Generic.List`1[System.Diagnostics.Eventing.Reader.EventProperty]"
"Diagnostic module {282396B2-6C46-4D66-B413-70B0445DF33C} (%SystemRoot%\system32\diagperf.dll) detected a problem for scenario {186F47EF-626C-4670-800A-4A30756BABAD}, instance {73920A40-0F66-4D2E-B2C0-2B2D211BDBE7}, original activity ID {00000000-0000-0000-0000-000000000000}.","100","0",,"4","1","12","4611686052787126272","4733","Microsoft-Windows-Diagnosis-DPS","6bba3851-2c7e-4dea-8f54-31e5afd029e3","Microsoft-Windows-Diagnosis-DPS/Operational","1332","3188","rjaf-PC4429","S-1-5-19","4/2/2015 11:06:24 PM","73920a40-0f66-4d2e-b2c0-2b2d211bdbe7",,"c:\users\mac_1\desktop\winevt\logs\microsoft-windows-diagnosis-dps%4operational.evtx","System.UInt32[]","System.Diagnostics.Eventing.Reader.EventBookmark","Information","A diagnostic module detected a problem","Scenario Lifecycle","System.Collections.ObjectModel.ReadOnlyCollection`1[System.String]","System.Collections.Generic.List`1[System.Diagnostics.Eventing.Reader.EventProperty]"
"Diagnostic module {A59F0643-A6CA-48E0-A7C4-4CDD258439E2} (%SystemRoot%\system32\diagperf.dll) finished troubleshooting scenario {FFC42108-4920-4ACF-A4FC-8ABDCC68ADA4}, instance {5C409CF4-65AD-4BC4-8C36-0949A4EF3609}, original activity ID {85F03364-389B-0002-A53F-1316176DD001}.  No resolution was set by the diagnostic module.","110","0",,"4","1","14","4611686052787126272","4732","Microsoft-Windows-Diagnosis-DPS","6bba3851-2c7e-4dea-8f54-31e5afd029e3","Microsoft-Windows-Diagnosis-DPS/Operational","1332","3188","rjaf-PC4429","S-1-5-19","4/2/2015 11:06:23 PM","5c409cf4-65ad-4bc4-8c36-0949a4ef3609",,"c:\users\mac_1\desktop\winevt\logs\microsoft-windows-diagnosis-dps%4operational.evtx","System.UInt32[]","System.Diagnostics.Eventing.Reader.EventBookmark","Information","A diagnostic module completed troubleshooting without setting a resolution","Scenario Lifecycle","System.Collections.ObjectModel.ReadOnlyCollection`1[System.String]","System.Collections.Generic.List`1[System.Diagnostics.Eventing.Reader.EventProperty]"
"Diagnostic module {A59F0643-A6CA-48E0-A7C4-4CDD258439E2} (%SystemRoot%\system32\diagperf.dll) started troubleshooting scenario {FFC42108-4920-4ACF-A4FC-8ABDCC68ADA4}, instance {5C409CF4-65AD-4BC4-8C36-0949A4EF3609}, original activity ID {85F03364-389B-0002-A53F-1316176DD001}.","105","0",,"4","1","13","4611686052787126272","4731","Microsoft-Windows-Diagnosis-DPS","6bba3851-2c7e-4dea-8f54-31e5afd029e3","Microsoft-Windows-Diagnosis-DPS/Operational","1332","3188","rjaf-PC4429","S-1-5-19","4/2/2015 11:06:23 PM","5c409cf4-65ad-4bc4-8c36-0949a4ef3609",,"c:\users\mac_1\desktop\winevt\logs\microsoft-windows-diagnosis-dps%4operational.evtx","System.UInt32[]","System.Diagnostics.Eventing.Reader.EventBookmark","Information","A scenario instance was dispatched for troubleshooting","Scenario Lifecycle","System.Collections.ObjectModel.ReadOnlyCollection`1[System.String]","System.Collections.Generic.List`1[System.Diagnostics.Eventing.Reader.EventProperty]"
"Diagnostic module {A59F0643-A6CA-48E0-A7C4-4CDD258439E2} (%SystemRoot%\system32\diagperf.dll) detected a problem for scenario {FFC42108-4920-4ACF-A4FC-8ABDCC68ADA4}, instance {5C409CF4-65AD-4BC4-8C36-0949A4EF3609}, original activity ID {85F03364-389B-0002-A53F-1316176DD001}.","100","0",,"4","1","12","4611686052787126272","4730","Microsoft-Windows-Diagnosis-DPS","6bba3851-2c7e-4dea-8f54-31e5afd029e3","Microsoft-Windows-Diagnosis-DPS/Operational","1332","3188","rjaf-PC4429","S-1-5-19","4/2/2015 11:06:23 PM","5c409cf4-65ad-4bc4-8c36-0949a4ef3609",,"c:\users\mac_1\desktop\winevt\logs\microsoft-windows-diagnosis-dps%4operational.evtx","System.UInt32[]","System.Diagnostics.Eventing.Reader.EventBookmark","Information","A diagnostic module detected a problem","Scenario Lifecycle","System.Collections.ObjectModel.ReadOnlyCollection`1[System.String]","System.Collections.Generic.List`1[System.Diagnostics.Eventing.Reader.EventProperty]"
"Diagnostic module {A59F0643-A6CA-48E0-A7C4-4CDD258439E2} (%SystemRoot%\system32\diagperf.dll) finished troubleshooting scenario {FFC42108-4920-4ACF-A4FC-8ABDCC68ADA4}, instance {8346E3E8-9119-4896-871C-E53C335FBE39}, original activity ID {85F03364-389B-0002-A53F-1316176DD001}.  No resolution was set by the diagnostic module.","110","0",,"4","1","14","4611686052787126272","4729","Microsoft-Windows-Diagnosis-DPS","6bba3851-2c7e-4dea-8f54-31e5afd029e3","Microsoft-Windows-Diagnosis-DPS/Operational","1332","2840","rjaf-PC4429","S-1-5-19","4/2/2015 11:38:18 AM","8346e3e8-9119-4896-871c-e53c335fbe39",,"c:\users\mac_1\desktop\winevt\logs\microsoft-windows-diagnosis-dps%4operational.evtx","System.UInt32[]","System.Diagnostics.Eventing.Reader.EventBookmark","Information","A diagnostic module completed troubleshooting without setting a resolution","Scenario Lifecycle","System.Collections.ObjectModel.ReadOnlyCollection`1[System.String]","System.Collections.Generic.List`1[System.Diagnostics.Eventing.Reader.EventProperty]"
"Diagnostic module {A59F0643-A6CA-48E0-A7C4-4CDD258439E2} (%SystemRoot%\system32\diagperf.dll) started troubleshooting scenario {FFC42108-4920-4ACF-A4FC-8ABDCC68ADA4}, instance {8346E3E8-9119-4896-871C-E53C335FBE39}, original activity ID {85F03364-389B-0002-A53F-1316176DD001}.","105","0",,"4","1","13","4611686052787126272","4728","Microsoft-Windows-Diagnosis-DPS","6bba3851-2c7e-4dea-8f54-31e5afd029e3","Microsoft-Windows-Diagnosis-DPS/Operational","1332","2840","rjaf-PC4429","S-1-5-19","4/2/2015 11:38:18 AM","8346e3e8-9119-4896-871c-e53c335fbe39",,"c:\users\mac_1\desktop\winevt\logs\microsoft-windows-diagnosis-dps%4operational.evtx","System.UInt32[]","System.Diagnostics.Eventing.Reader.EventBookmark","Information","A scenario instance was dispatched for troubleshooting","Scenario Lifecycle","System.Collections.ObjectModel.ReadOnlyCollection`1[System.String]","System.Collections.Generic.List`1[System.Diagnostics.Eventing.Reader.EventProperty]"
"Diagnostic module {A59F0643-A6CA-48E0-A7C4-4CDD258439E2} (%SystemRoot%\system32\diagperf.dll) detected a problem for scenario {FFC42108-4920-4ACF-A4FC-8ABDCC68ADA4}, instance {8346E3E8-9119-4896-871C-E53C335FBE39}, original activity ID {85F03364-389B-0002-A53F-1316176DD001}.","100","0",,"4","1","12","4611686052787126272","4727","Microsoft-Windows-Diagnosis-DPS","6bba3851-2c7e-4dea-8f54-31e5afd029e3","Microsoft-Windows-Diagnosis-DPS/Operational","1332","2840","rjaf-PC4429","S-1-5-19","4/2/2015 11:38:18 AM","8346e3e8-9119-4896-871c-e53c335fbe39",,"c:\users\mac_1\desktop\winevt\logs\microsoft-windows-diagnosis-dps%4operational.evtx","System.UInt32[]","System.Diagnostics.Eventing.Reader.EventBookmark","Information","A diagnostic module detected a problem","Scenario Lifecycle","System.Collections.ObjectModel.ReadOnlyCollection`1[System.String]","System.Collections.Generic.List`1[System.Diagnostics.Eventing.Reader.EventProperty]"
"Diagnostic module {E4CD2E3E-3852-4952-B76B-23BB8E35D344} (%windir%\system32\radardt.dll) started troubleshooting scenario {3AF8B24A-C441-4FA4-8C5C-BED591BFA867}, instance {DA0FBB10-1EA6-44A8-A7FD-179F86D3708C}, original activity ID {00000000-0000-0000-0000-000000000000}.","105","0",,"4","1","13","4611686052787126272","4726","Microsoft-Windows-Diagnosis-DPS","6bba3851-2c7e-4dea-8f54-31e5afd029e3","Microsoft-Windows-Diagnosis-DPS/Operational","1332","8144","rjaf-PC4429","S-1-5-19","4/2/2015 6:25:35 AM","da0fbb10-1ea6-44a8-a7fd-179f86d3708c",,"c:\users\mac_1\desktop\winevt\logs\microsoft-windows-diagnosis-dps%4operational.evtx","System.UInt32[]","System.Diagnostics.Eventing.Reader.EventBookmark","Information","A scenario instance was dispatched for troubleshooting","Scenario Lifecycle","System.Collections.ObjectModel.ReadOnlyCollection`1[System.String]","System.Collections.Generic.List`1[System.Diagnostics.Eventing.Reader.EventProperty]"
"Diagnostic module {E4CD2E3E-3852-4952-B76B-23BB8E35D344} (%windir%\system32\radardt.dll) detected a problem for scenario {3AF8B24A-C441-4FA4-8C5C-BED591BFA867}, instance {DA0FBB10-1EA6-44A8-A7FD-179F86D3708C}, original activity ID {00000000-0000-0000-0000-000000000000}.","100","0",,"4","1","12","4611686052787126272","4725","Microsoft-Windows-Diagnosis-DPS","6bba3851-2c7e-4dea-8f54-31e5afd029e3","Microsoft-Windows-Diagnosis-DPS/Operational","1332","8144","rjaf-PC4429","S-1-5-19","4/2/2015 6:25:35 AM","da0fbb10-1ea6-44a8-a7fd-179f86d3708c",,"c:\users\mac_1\desktop\winevt\logs\microsoft-windows-diagnosis-dps%4operational.evtx","System.UInt32[]","System.Diagnostics.Eventing.Reader.EventBookmark","Information","A diagnostic module detected a problem","Scenario Lifecycle","System.Collections.ObjectModel.ReadOnlyCollection`1[System.String]","System.Collections.Generic.List`1[System.Diagnostics.Eventing.Reader.EventProperty]"
"Diagnostic module {A59F0643-A6CA-48E0-A7C4-4CDD258439E2} (%SystemRoot%\system32\diagperf.dll) finished troubleshooting scenario {FFC42108-4920-4ACF-A4FC-8ABDCC68ADA4}, instance {2EE28D47-6455-442E-998F-BE30E67C5BA8}, original activity ID {85F03364-389B-0002-A53F-1316176DD001}.  No resolution was set by the diagnostic module.","110","0",,"4","1","14","4611686052787126272","4724","Microsoft-Windows-Diagnosis-DPS","6bba3851-2c7e-4dea-8f54-31e5afd029e3","Microsoft-Windows-Diagnosis-DPS/Operational","1332","452","rjaf-PC4429","S-1-5-19","4/2/2015 2:51:27 AM","2ee28d47-6455-442e-998f-be30e67c5ba8",,"c:\users\mac_1\desktop\winevt\logs\microsoft-windows-diagnosis-dps%4operational.evtx","System.UInt32[]","System.Diagnostics.Eventing.Reader.EventBookmark","Information","A diagnostic module completed troubleshooting without setting a resolution","Scenario Lifecycle","System.Collections.ObjectModel.ReadOnlyCollection`1[System.String]","System.Collections.Generic.List`1[System.Diagnostics.Eventing.Reader.EventProperty]"
"Diagnostic module {A59F0643-A6CA-48E0-A7C4-4CDD258439E2} (%SystemRoot%\system32\diagperf.dll) started troubleshooting scenario {FFC42108-4920-4ACF-A4FC-8ABDCC68ADA4}, instance {2EE28D47-6455-442E-998F-BE30E67C5BA8}, original activity ID {85F03364-389B-0002-A53F-1316176DD001}.","105","0",,"4","1","13","4611686052787126272","4723","Microsoft-Windows-Diagnosis-DPS","6bba3851-2c7e-4dea-8f54-31e5afd029e3","Microsoft-Windows-Diagnosis-DPS/Operational","1332","452","rjaf-PC4429","S-1-5-19","4/2/2015 2:51:27 AM","2ee28d47-6455-442e-998f-be30e67c5ba8",,"c:\users\mac_1\desktop\winevt\logs\microsoft-windows-diagnosis-dps%4operational.evtx","System.UInt32[]","System.Diagnostics.Eventing.Reader.EventBookmark","Information","A scenario instance was dispatched for troubleshooting","Scenario Lifecycle","System.Collections.ObjectModel.ReadOnlyCollection`1[System.String]","System.Collections.Generic.List`1[System.Diagnostics.Eventing.Reader.EventProperty]"
"Diagnostic module {A59F0643-A6CA-48E0-A7C4-4CDD258439E2} (%SystemRoot%\system32\diagperf.dll) detected a problem for scenario {FFC42108-4920-4ACF-A4FC-8ABDCC68ADA4}, instance {2EE28D47-6455-442E-998F-BE30E67C5BA8}, original activity ID {85F03364-389B-0002-A53F-1316176DD001}.","100","0",,"4","1","12","4611686052787126272","4722","Microsoft-Windows-Diagnosis-DPS","6bba3851-2c7e-4dea-8f54-31e5afd029e3","Microsoft-Windows-Diagnosis-DPS/Operational","1332","452","rjaf-PC4429","S-1-5-19","4/2/2015 2:51:27 AM","2ee28d47-6455-442e-998f-be30e67c5ba8",,"c:\users\mac_1\desktop\winevt\logs\microsoft-windows-diagnosis-dps%4operational.evtx","System.UInt32[]","System.Diagnostics.Eventing.Reader.EventBookmark","Information","A diagnostic module detected a problem","Scenario Lifecycle","System.Collections.ObjectModel.ReadOnlyCollection`1[System.String]","System.Collections.Generic.List`1[System.Diagnostics.Eventing.Reader.EventProperty]"
"Diagnostic module {282396B2-6C46-4D66-B413-70B0445DF33C} (%SystemRoot%\system32\diagperf.dll) finished troubleshooting scenario {186F47EF-626C-4670-800A-4A30756BABAD}, instance {5980CA4F-3A16-4737-B7EA-2D6FAE86C593}, original activity ID {00000000-0000-0000-0000-000000000000}.  No resolution was set by the diagnostic module.","110","0",,"4","1","14","4611686052787126272","4721","Microsoft-Windows-Diagnosis-DPS","6bba3851-2c7e-4dea-8f54-31e5afd029e3","Microsoft-Windows-Diagnosis-DPS/Operational","1332","2260","rjaf-PC4429","S-1-5-19","4/2/2015 2:10:18 AM","5980ca4f-3a16-4737-b7ea-2d6fae86c593",,"c:\users\mac_1\desktop\winevt\logs\microsoft-windows-diagnosis-dps%4operational.evtx","System.UInt32[]","System.Diagnostics.Eventing.Reader.EventBookmark","Information","A diagnostic module completed troubleshooting without setting a resolution","Scenario Lifecycle","System.Collections.ObjectModel.ReadOnlyCollection`1[System.String]","System.Collections.Generic.List`1[System.Diagnostics.Eventing.Reader.EventProperty]"
"Diagnostic module {282396B2-6C46-4D66-B413-70B0445DF33C} (%SystemRoot%\system32\diagperf.dll) started troubleshooting scenario {186F47EF-626C-4670-800A-4A30756BABAD}, instance {5980CA4F-3A16-4737-B7EA-2D6FAE86C593}, original activity ID {00000000-0000-0000-0000-000000000000}.","105","0",,"4","1","13","4611686052787126272","4720","Microsoft-Windows-Diagnosis-DPS","6bba3851-2c7e-4dea-8f54-31e5afd029e3","Microsoft-Windows-Diagnosis-DPS/Operational","1332","2260","rjaf-PC4429","S-1-5-19","4/2/2015 2:10:18 AM","5980ca4f-3a16-4737-b7ea-2d6fae86c593",,"c:\users\mac_1\desktop\winevt\logs\microsoft-windows-diagnosis-dps%4operational.evtx","System.UInt32[]","System.Diagnostics.Eventing.Reader.EventBookmark","Information","A scenario instance was dispatched for troubleshooting","Scenario Lifecycle","System.Collections.ObjectModel.ReadOnlyCollection`1[System.String]","System.Collections.Generic.List`1[System.Diagnostics.Eventing.Reader.EventProperty]"
"Diagnostic module {282396B2-6C46-4D66-B413-70B0445DF33C} (%SystemRoot%\system32\diagperf.dll) detected a problem for scenario {186F47EF-626C-4670-800A-4A30756BABAD}, instance {5980CA4F-3A16-4737-B7EA-2D6FAE86C593}, original activity ID {00000000-0000-0000-0000-000000000000}.","100","0",,"4","1","12","4611686052787126272","4719","Microsoft-Windows-Diagnosis-DPS","6bba3851-2c7e-4dea-8f54-31e5afd029e3","Microsoft-Windows-Diagnosis-DPS/Operational","1332","2260","rjaf-PC4429","S-1-5-19","4/2/2015 2:10:18 AM","5980ca4f-3a16-4737-b7ea-2d6fae86c593",,"c:\users\mac_1\desktop\winevt\logs\microsoft-windows-diagnosis-dps%4operational.evtx","System.UInt32[]","System.Diagnostics.Eventing.Reader.EventBookmark","Information","A diagnostic module detected a problem","Scenario Lifecycle","System.Collections.ObjectModel.ReadOnlyCollection`1[System.String]","System.Collections.Generic.List`1[System.Diagnostics.Eventing.Reader.EventProperty]"
"Diagnostic module {C8544339-5BE9-4F25-862E-485F1B1A6935} (%SystemRoot%\system32\diagperf.dll) finished troubleshooting scenario {86432A0B-3C7D-4DDF-A89C-172FAA90485D}, instance {C34638C7-C216-40E7-BE5A-14EF139CC44A}, original activity ID {86432A0B-3C7D-4DDF-A89C-172FAA90485D}.  No resolution was set by the diagnostic module.","110","0",,"4","1","14","4611686052787126272","4718","Microsoft-Windows-Diagnosis-DPS","6bba3851-2c7e-4dea-8f54-31e5afd029e3","Microsoft-Windows-Diagnosis-DPS/Operational","1332","4004","rjaf-PC4429","S-1-5-19","4/2/2015 12:34:17 AM","c34638c7-c216-40e7-be5a-14ef139cc44a",,"c:\users\mac_1\desktop\winevt\logs\microsoft-windows-diagnosis-dps%4operational.evtx","System.UInt32[]","System.Diagnostics.Eventing.Reader.EventBookmark","Information","A diagnostic module completed troubleshooting without setting a resolution","Scenario Lifecycle","System.Collections.ObjectModel.ReadOnlyCollection`1[System.String]","System.Collections.Generic.List`1[System.Diagnostics.Eventing.Reader.EventProperty]"
"Diagnostic module {C8544339-5BE9-4F25-862E-485F1B1A6935} (%SystemRoot%\system32\diagperf.dll) started troubleshooting scenario {86432A0B-3C7D-4DDF-A89C-172FAA90485D}, instance {C34638C7-C216-40E7-BE5A-14EF139CC44A}, original activity ID {86432A0B-3C7D-4DDF-A89C-172FAA90485D}.","105","0",,"4","1","13","4611686052787126272","4717","Microsoft-Windows-Diagnosis-DPS","6bba3851-2c7e-4dea-8f54-31e5afd029e3","Microsoft-Windows-Diagnosis-DPS/Operational","1332","4004","rjaf-PC4429","S-1-5-19","4/2/2015 12:34:16 AM","c34638c7-c216-40e7-be5a-14ef139cc44a",,"c:\users\mac_1\desktop\winevt\logs\microsoft-windows-diagnosis-dps%4operational.evtx","System.UInt32[]","System.Diagnostics.Eventing.Reader.EventBookmark","Information","A scenario instance was dispatched for troubleshooting","Scenario Lifecycle","System.Collections.ObjectModel.ReadOnlyCollection`1[System.String]","System.Collections.Generic.List`1[System.Diagnostics.Eventing.Reader.EventProperty]"
"Diagnostic module {C8544339-5BE9-4F25-862E-485F1B1A6935} (%SystemRoot%\system32\diagperf.dll) detected a problem for scenario {86432A0B-3C7D-4DDF-A89C-172FAA90485D}, instance {C34638C7-C216-40E7-BE5A-14EF139CC44A}, original activity ID {86432A0B-3C7D-4DDF-A89C-172FAA90485D}.","100","0",,"4","1","12","4611686052787126272","4716","Microsoft-Windows-Diagnosis-DPS","6bba3851-2c7e-4dea-8f54-31e5afd029e3","Microsoft-Windows-Diagnosis-DPS/Operational","1332","4004","rjaf-PC4429","S-1-5-19","4/2/2015 12:34:16 AM","c34638c7-c216-40e7-be5a-14ef139cc44a",,"c:\users\mac_1\desktop\winevt\logs\microsoft-windows-diagnosis-dps%4operational.evtx","System.UInt32[]","System.Diagnostics.Eventing.Reader.EventBookmark","Information","A diagnostic module detected a problem","Scenario Lifecycle","System.Collections.ObjectModel.ReadOnlyCollection`1[System.String]","System.Collections.Generic.List`1[System.Diagnostics.Eventing.Reader.EventProperty]"
"Diagnostic module {15FBA3B8-A37A-4F91-BDBA-FBB98FE804BF} (%SystemRoot%\system32\diagperf.dll) started troubleshooting scenario {2698178D-FDAD-40AE-9D3C-1371703ADC5B}, instance {F644B3C9-CA0D-415D-BDA6-A3D20FD0430A}, original activity ID {2698178D-FDAD-40AE-9D3C-1371703ADC5B}.","105","0",,"4","1","13","4611686052787126272","4715","Microsoft-Windows-Diagnosis-DPS","6bba3851-2c7e-4dea-8f54-31e5afd029e3","Microsoft-Windows-Diagnosis-DPS/Operational","1332","1344","rjaf-PC4429","S-1-5-19","4/2/2015 12:32:07 AM","f644b3c9-ca0d-415d-bda6-a3d20fd0430a",,"c:\users\mac_1\desktop\winevt\logs\microsoft-windows-diagnosis-dps%4operational.evtx","System.UInt32[]","System.Diagnostics.Eventing.Reader.EventBookmark","Information","A scenario instance was dispatched for troubleshooting","Scenario Lifecycle","System.Collections.ObjectModel.ReadOnlyCollection`1[System.String]","System.Collections.Generic.List`1[System.Diagnostics.Eventing.Reader.EventProperty]"
"Diagnostic module {15FBA3B8-A37A-4F91-BDBA-FBB98FE804BF} (%SystemRoot%\system32\diagperf.dll) detected a problem for scenario {2698178D-FDAD-40AE-9D3C-1371703ADC5B}, instance {F644B3C9-CA0D-415D-BDA6-A3D20FD0430A}, original activity ID {2698178D-FDAD-40AE-9D3C-1371703ADC5B}.","100","0",,"4","1","12","4611686052787126272","4714","Microsoft-Windows-Diagnosis-DPS","6bba3851-2c7e-4dea-8f54-31e5afd029e3","Microsoft-Windows-Diagnosis-DPS/Operational","1332","1344","rjaf-PC4429","S-1-5-19","4/2/2015 12:32:07 AM","f644b3c9-ca0d-415d-bda6-a3d20fd0430a",,"c:\users\mac_1\desktop\winevt\logs\microsoft-windows-diagnosis-dps%4operational.evtx","System.UInt32[]","System.Diagnostics.Eventing.Reader.EventBookmark","Information","A diagnostic module detected a problem","Scenario Lifecycle","System.Collections.ObjectModel.ReadOnlyCollection`1[System.String]","System.Collections.Generic.List`1[System.Diagnostics.Eventing.Reader.EventProperty]"
"Diagnostic module {A59F0643-A6CA-48E0-A7C4-4CDD258439E2} (%SystemRoot%\system32\diagperf.dll) finished troubleshooting scenario {FFC42108-4920-4ACF-A4FC-8ABDCC68ADA4}, instance {F3340B33-8E3F-426F-9FD8-AAF8A2704C24}, original activity ID {85F1F364-F89B-0002-A81C-5C782C6BD001}.  No resolution was set by the diagnostic module.","110","0",,"4","1","14","4611686052787126272","4713","Microsoft-Windows-Diagnosis-DPS","6bba3851-2c7e-4dea-8f54-31e5afd029e3","Microsoft-Windows-Diagnosis-DPS/Operational","1312","5520","rjaf-PC4429","S-1-5-19","4/1/2015 11:53:51 AM","f3340b33-8e3f-426f-9fd8-aaf8a2704c24",,"c:\users\mac_1\desktop\winevt\logs\microsoft-windows-diagnosis-dps%4operational.evtx","System.UInt32[]","System.Diagnostics.Eventing.Reader.EventBookmark","Information","A diagnostic module completed troubleshooting without setting a resolution","Scenario Lifecycle","System.Collections.ObjectModel.ReadOnlyCollection`1[System.String]","System.Collections.Generic.List`1[System.Diagnostics.Eventing.Reader.EventProperty]"
"Diagnostic module {A59F0643-A6CA-48E0-A7C4-4CDD258439E2} (%SystemRoot%\system32\diagperf.dll) started troubleshooting scenario {FFC42108-4920-4ACF-A4FC-8ABDCC68ADA4}, instance {F3340B33-8E3F-426F-9FD8-AAF8A2704C24}, original activity ID {85F1F364-F89B-0002-A81C-5C782C6BD001}.","105","0",,"4","1","13","4611686052787126272","4712","Microsoft-Windows-Diagnosis-DPS","6bba3851-2c7e-4dea-8f54-31e5afd029e3","Microsoft-Windows-Diagnosis-DPS/Operational","1312","5520","rjaf-PC4429","S-1-5-19","4/1/2015 11:53:51 AM","f3340b33-8e3f-426f-9fd8-aaf8a2704c24",,"c:\users\mac_1\desktop\winevt\logs\microsoft-windows-diagnosis-dps%4operational.evtx","System.UInt32[]","System.Diagnostics.Eventing.Reader.EventBookmark","Information","A scenario instance was dispatched for troubleshooting","Scenario Lifecycle","System.Collections.ObjectModel.ReadOnlyCollection`1[System.String]","System.Collections.Generic.List`1[System.Diagnostics.Eventing.Reader.EventProperty]"
"Diagnostic module {A59F0643-A6CA-48E0-A7C4-4CDD258439E2} (%SystemRoot%\system32\diagperf.dll) detected a problem for scenario {FFC42108-4920-4ACF-A4FC-8ABDCC68ADA4}, instance {F3340B33-8E3F-426F-9FD8-AAF8A2704C24}, original activity ID {85F1F364-F89B-0002-A81C-5C782C6BD001}.","100","0",,"4","1","12","4611686052787126272","4711","Microsoft-Windows-Diagnosis-DPS","6bba3851-2c7e-4dea-8f54-31e5afd029e3","Microsoft-Windows-Diagnosis-DPS/Operational","1312","5520","rjaf-PC4429","S-1-5-19","4/1/2015 11:53:51 AM","f3340b33-8e3f-426f-9fd8-aaf8a2704c24",,"c:\users\mac_1\desktop\winevt\logs\microsoft-windows-diagnosis-dps%4operational.evtx","System.UInt32[]","System.Diagnostics.Eventing.Reader.EventBookmark","Information","A diagnostic module detected a problem","Scenario Lifecycle","System.Collections.ObjectModel.ReadOnlyCollection`1[System.String]","System.Collections.Generic.List`1[System.Diagnostics.Eventing.Reader.EventProperty]"
"Diagnostic module {5EE64AFB-398D-4EDB-AF71-3B830219ABF7} (%windir%\system32\radarrs.dll) finished resolving scenario {180B3A99-8C39-4F12-B631-2031998EFE45}, instance {79B3DB28-8263-46A6-A30C-37507C8B3FEC}, original activity ID {00000000-0000-0000-0000-000000000000}.","130","0",,"4","1","19","4611686052787126272","4710","Microsoft-Windows-Diagnosis-DPS","6bba3851-2c7e-4dea-8f54-31e5afd029e3","Microsoft-Windows-Diagnosis-DPS/Operational","1312","5500","rjaf-PC4429","S-1-5-19","4/1/2015 10:49:11 AM","79b3db28-8263-46a6-a30c-37507c8b3fec",,"c:\users\mac_1\desktop\winevt\logs\microsoft-windows-diagnosis-dps%4operational.evtx","System.UInt32[]","System.Diagnostics.Eventing.Reader.EventBookmark","Information","A diagnostic module completed resolution","Scenario Lifecycle","System.Collections.ObjectModel.ReadOnlyCollection`1[System.String]","System.Collections.Generic.List`1[System.Diagnostics.Eventing.Reader.EventProperty]"
"Diagnostic module {5EE64AFB-398D-4EDB-AF71-3B830219ABF7} (%windir%\system32\radarrs.dll) started resolving scenario {180B3A99-8C39-4F12-B631-2031998EFE45}, instance {79B3DB28-8263-46A6-A30C-37507C8B3FEC}, original activity ID {00000000-0000-0000-0000-000000000000}.","125","0",,"4","1","17","4611686052787126272","4709","Microsoft-Windows-Diagnosis-DPS","6bba3851-2c7e-4dea-8f54-31e5afd029e3","Microsoft-Windows-Diagnosis-DPS/Operational","1312","5500","rjaf-PC4429","S-1-5-19","4/1/2015 10:48:47 AM","79b3db28-8263-46a6-a30c-37507c8b3fec",,"c:\users\mac_1\desktop\winevt\logs\microsoft-windows-diagnosis-dps%4operational.evtx","System.UInt32[]","System.Diagnostics.Eventing.Reader.EventBookmark","Information","A scenario instance was dispatched for resolution","Scenario Lifecycle","System.Collections.ObjectModel.ReadOnlyCollection`1[System.String]","System.Collections.Generic.List`1[System.Diagnostics.Eventing.Reader.EventProperty]"
"Diagnostic module {45DE1EA9-10BC-4F96-9B21-4B6B83DBF476} (%windir%\system32\radardt.dll) finished troubleshooting scenario {180B3A99-8C39-4F12-B631-2031998EFE45}, instance {79B3DB28-8263-46A6-A30C-37507C8B3FEC}, original activity ID {00000000-0000-0000-0000-000000000000}.  It set resolution {5EE64AFB-398D-4EDB-AF71-3B830219ABF7} for user S-1-5-21-1634558665-2257203147-3060767804-1000 in session 1 with expiration date ?1601?-?01?-?01T00:00:00.000000000Z.  The resolution will be started immediately.","115","0",,"4","1","15","4611686052787126272","4708","Microsoft-Windows-Diagnosis-DPS","6bba3851-2c7e-4dea-8f54-31e5afd029e3","Microsoft-Windows-Diagnosis-DPS/Operational","1312","8292","rjaf-PC4429","S-1-5-19","4/1/2015 10:48:47 AM","79b3db28-8263-46a6-a30c-37507c8b3fec",,"c:\users\mac_1\desktop\winevt\logs\microsoft-windows-diagnosis-dps%4operational.evtx","System.UInt32[]","System.Diagnostics.Eventing.Reader.EventBookmark","Information","A diagnostic module completed troubleshooting and set an immediate resolution","Scenario Lifecycle","System.Collections.ObjectModel.ReadOnlyCollection`1[System.String]","System.Collections.Generic.List`1[System.Diagnostics.Eventing.Reader.EventProperty]"
"Diagnostic module {45DE1EA9-10BC-4F96-9B21-4B6B83DBF476} (%windir%\system32\radardt.dll) started troubleshooting scenario {180B3A99-8C39-4F12-B631-2031998EFE45}, instance {79B3DB28-8263-46A6-A30C-37507C8B3FEC}, original activity ID {00000000-0000-0000-0000-000000000000}.","105","0",,"4","1","13","4611686052787126272","4707","Microsoft-Windows-Diagnosis-DPS","6bba3851-2c7e-4dea-8f54-31e5afd029e3","Microsoft-Windows-Diagnosis-DPS/Operational","1312","8292","rjaf-PC4429","S-1-5-19","4/1/2015 10:48:47 AM","79b3db28-8263-46a6-a30c-37507c8b3fec",,"c:\users\mac_1\desktop\winevt\logs\microsoft-windows-diagnosis-dps%4operational.evtx","System.UInt32[]","System.Diagnostics.Eventing.Reader.EventBookmark","Information","A scenario instance was dispatched for troubleshooting","Scenario Lifecycle","System.Collections.ObjectModel.ReadOnlyCollection`1[System.String]","System.Collections.Generic.List`1[System.Diagnostics.Eventing.Reader.EventProperty]"
"Diagnostic module {45DE1EA9-10BC-4F96-9B21-4B6B83DBF476} (%windir%\system32\radardt.dll) detected a problem for scenario {180B3A99-8C39-4F12-B631-2031998EFE45}, instance {79B3DB28-8263-46A6-A30C-37507C8B3FEC}, original activity ID {00000000-0000-0000-0000-000000000000}.","100","0",,"4","1","12","4611686052787126272","4706","Microsoft-Windows-Diagnosis-DPS","6bba3851-2c7e-4dea-8f54-31e5afd029e3","Microsoft-Windows-Diagnosis-DPS/Operational","1312","8292","rjaf-PC4429","S-1-5-19","4/1/2015 10:48:47 AM","79b3db28-8263-46a6-a30c-37507c8b3fec",,"c:\users\mac_1\desktop\winevt\logs\microsoft-windows-diagnosis-dps%4operational.evtx","System.UInt32[]","System.Diagnostics.Eventing.Reader.EventBookmark","Information","A diagnostic module detected a problem","Scenario Lifecycle","System.Collections.ObjectModel.ReadOnlyCollection`1[System.String]","System.Collections.Generic.List`1[System.Diagnostics.Eventing.Reader.EventProperty]"
"Diagnostic module {A59F0643-A6CA-48E0-A7C4-4CDD258439E2} (%SystemRoot%\system32\diagperf.dll) finished troubleshooting scenario {FFC42108-4920-4ACF-A4FC-8ABDCC68ADA4}, instance {E916514D-AFA0-4DDC-8F8B-67ABB3D431D7}, original activity ID {85F1F364-F89B-0002-A81C-5C782C6BD001}.  No resolution was set by the diagnostic module.","110","0",,"4","1","14","4611686052787126272","4705","Microsoft-Windows-Diagnosis-DPS","6bba3851-2c7e-4dea-8f54-31e5afd029e3","Microsoft-Windows-Diagnosis-DPS/Operational","1312","10196","rjaf-PC4429","S-1-5-19","4/1/2015 9:38:47 AM","e916514d-afa0-4ddc-8f8b-67abb3d431d7",,"c:\users\mac_1\desktop\winevt\logs\microsoft-windows-diagnosis-dps%4operational.evtx","System.UInt32[]","System.Diagnostics.Eventing.Reader.EventBookmark","Information","A diagnostic module completed troubleshooting without setting a resolution","Scenario Lifecycle","System.Collections.ObjectModel.ReadOnlyCollection`1[System.String]","System.Collections.Generic.List`1[System.Diagnostics.Eventing.Reader.EventProperty]"
"Diagnostic module {A59F0643-A6CA-48E0-A7C4-4CDD258439E2} (%SystemRoot%\system32\diagperf.dll) started troubleshooting scenario {FFC42108-4920-4ACF-A4FC-8ABDCC68ADA4}, instance {E916514D-AFA0-4DDC-8F8B-67ABB3D431D7}, original activity ID {85F1F364-F89B-0002-A81C-5C782C6BD001}.","105","0",,"4","1","13","4611686052787126272","4704","Microsoft-Windows-Diagnosis-DPS","6bba3851-2c7e-4dea-8f54-31e5afd029e3","Microsoft-Windows-Diagnosis-DPS/Operational","1312","10196","rjaf-PC4429","S-1-5-19","4/1/2015 9:38:47 AM","e916514d-afa0-4ddc-8f8b-67abb3d431d7",,"c:\users\mac_1\desktop\winevt\logs\microsoft-windows-diagnosis-dps%4operational.evtx","System.UInt32[]","System.Diagnostics.Eventing.Reader.EventBookmark","Information","A scenario instance was dispatched for troubleshooting","Scenario Lifecycle","System.Collections.ObjectModel.ReadOnlyCollection`1[System.String]","System.Collections.Generic.List`1[System.Diagnostics.Eventing.Reader.EventProperty]"
"Diagnostic module {A59F0643-A6CA-48E0-A7C4-4CDD258439E2} (%SystemRoot%\system32\diagperf.dll) detected a problem for scenario {FFC42108-4920-4ACF-A4FC-8ABDCC68ADA4}, instance {E916514D-AFA0-4DDC-8F8B-67ABB3D431D7}, original activity ID {85F1F364-F89B-0002-A81C-5C782C6BD001}.","100","0",,"4","1","12","4611686052787126272","4703","Microsoft-Windows-Diagnosis-DPS","6bba3851-2c7e-4dea-8f54-31e5afd029e3","Microsoft-Windows-Diagnosis-DPS/Operational","1312","10196","rjaf-PC4429","S-1-5-19","4/1/2015 9:38:47 AM","e916514d-afa0-4ddc-8f8b-67abb3d431d7",,"c:\users\mac_1\desktop\winevt\logs\microsoft-windows-diagnosis-dps%4operational.evtx","System.UInt32[]","System.Diagnostics.Eventing.Reader.EventBookmark","Information","A diagnostic module detected a problem","Scenario Lifecycle","System.Collections.ObjectModel.ReadOnlyCollection`1[System.String]","System.Collections.Generic.List`1[System.Diagnostics.Eventing.Reader.EventProperty]"
"Diagnostic module {A59F0643-A6CA-48E0-A7C4-4CDD258439E2} (%SystemRoot%\system32\diagperf.dll) finished troubleshooting scenario {FFC42108-4920-4ACF-A4FC-8ABDCC68ADA4}, instance {B4D8C944-B878-42B3-A4AD-CFE7EE36A4E6}, original activity ID {85F1F364-F89B-0002-A81C-5C782C6BD001}.  No resolution was set by the diagnostic module.","110","0",,"4","1","14","4611686052787126272","4702","Microsoft-Windows-Diagnosis-DPS","6bba3851-2c7e-4dea-8f54-31e5afd029e3","Microsoft-Windows-Diagnosis-DPS/Operational","1312","9004","rjaf-PC4429","S-1-5-19","4/1/2015 5:28:06 AM","b4d8c944-b878-42b3-a4ad-cfe7ee36a4e6",,"c:\users\mac_1\desktop\winevt\logs\microsoft-windows-diagnosis-dps%4operational.evtx","System.UInt32[]","System.Diagnostics.Eventing.Reader.EventBookmark","Information","A diagnostic module completed troubleshooting without setting a resolution","Scenario Lifecycle","System.Collections.ObjectModel.ReadOnlyCollection`1[System.String]","System.Collections.Generic.List`1[System.Diagnostics.Eventing.Reader.EventProperty]"
"Diagnostic module {A59F0643-A6CA-48E0-A7C4-4CDD258439E2} (%SystemRoot%\system32\diagperf.dll) started troubleshooting scenario {FFC42108-4920-4ACF-A4FC-8ABDCC68ADA4}, instance {B4D8C944-B878-42B3-A4AD-CFE7EE36A4E6}, original activity ID {85F1F364-F89B-0002-A81C-5C782C6BD001}.","105","0",,"4","1","13","4611686052787126272","4701","Microsoft-Windows-Diagnosis-DPS","6bba3851-2c7e-4dea-8f54-31e5afd029e3","Microsoft-Windows-Diagnosis-DPS/Operational","1312","9004","rjaf-PC4429","S-1-5-19","4/1/2015 5:28:06 AM","b4d8c944-b878-42b3-a4ad-cfe7ee36a4e6",,"c:\users\mac_1\desktop\winevt\logs\microsoft-windows-diagnosis-dps%4operational.evtx","System.UInt32[]","System.Diagnostics.Eventing.Reader.EventBookmark","Information","A scenario instance was dispatched for troubleshooting","Scenario Lifecycle","System.Collections.ObjectModel.ReadOnlyCollection`1[System.String]","System.Collections.Generic.List`1[System.Diagnostics.Eventing.Reader.EventProperty]"
"Diagnostic module {A59F0643-A6CA-48E0-A7C4-4CDD258439E2} (%SystemRoot%\system32\diagperf.dll) detected a problem for scenario {FFC42108-4920-4ACF-A4FC-8ABDCC68ADA4}, instance {B4D8C944-B878-42B3-A4AD-CFE7EE36A4E6}, original activity ID {85F1F364-F89B-0002-A81C-5C782C6BD001}.","100","0",,"4","1","12","4611686052787126272","4700","Microsoft-Windows-Diagnosis-DPS","6bba3851-2c7e-4dea-8f54-31e5afd029e3","Microsoft-Windows-Diagnosis-DPS/Operational","1312","9004","rjaf-PC4429","S-1-5-19","4/1/2015 5:28:06 AM","b4d8c944-b878-42b3-a4ad-cfe7ee36a4e6",,"c:\users\mac_1\desktop\winevt\logs\microsoft-windows-diagnosis-dps%4operational.evtx","System.UInt32[]","System.Diagnostics.Eventing.Reader.EventBookmark","Information","A diagnostic module detected a problem","Scenario Lifecycle","System.Collections.ObjectModel.ReadOnlyCollection`1[System.String]","System.Collections.Generic.List`1[System.Diagnostics.Eventing.Reader.EventProperty]"
"Diagnostic module {BF2DE437-B736-48FB-84A0-5F0C389A068E} (%windir%\system32\netdiagfx.dll) finished resolving scenario {C99981EE-27C3-4B63-9FCA-C34F5CCE580C}, instance {83DF1ABB-9BA5-48B5-8B43-D09FFE1E77E4}, original activity ID {00000000-0000-0000-0000-000000000000}.","130","0",,"4","1","19","4611686052787126272","4699","Microsoft-Windows-Diagnosis-DPS","6bba3851-2c7e-4dea-8f54-31e5afd029e3","Microsoft-Windows-Diagnosis-DPS/Operational","1312","3696","rjaf-PC4429","S-1-5-19","4/1/2015 2:50:41 AM","83df1abb-9ba5-48b5-8b43-d09ffe1e77e4",,"c:\users\mac_1\desktop\winevt\logs\microsoft-windows-diagnosis-dps%4operational.evtx","System.UInt32[]","System.Diagnostics.Eventing.Reader.EventBookmark","Information","A diagnostic module completed resolution","Scenario Lifecycle","System.Collections.ObjectModel.ReadOnlyCollection`1[System.String]","System.Collections.Generic.List`1[System.Diagnostics.Eventing.Reader.EventProperty]"
"Diagnostic module {BF2DE437-B736-48FB-84A0-5F0C389A068E} (%windir%\system32\netdiagfx.dll) started resolving scenario {C99981EE-27C3-4B63-9FCA-C34F5CCE580C}, instance {83DF1ABB-9BA5-48B5-8B43-D09FFE1E77E4}, original activity ID {00000000-0000-0000-0000-000000000000}.","125","0",,"4","1","17","4611686052787126272","4698","Microsoft-Windows-Diagnosis-DPS","6bba3851-2c7e-4dea-8f54-31e5afd029e3","Microsoft-Windows-Diagnosis-DPS/Operational","1312","3696","rjaf-PC4429","S-1-5-19","4/1/2015 2:50:41 AM","83df1abb-9ba5-48b5-8b43-d09ffe1e77e4",,"c:\users\mac_1\desktop\winevt\logs\microsoft-windows-diagnosis-dps%4operational.evtx","System.UInt32[]","System.Diagnostics.Eventing.Reader.EventBookmark","Information","A scenario instance was dispatched for resolution","Scenario Lifecycle","System.Collections.ObjectModel.ReadOnlyCollection`1[System.String]","System.Collections.Generic.List`1[System.Diagnostics.Eventing.Reader.EventProperty]"
"Diagnostic module {BF2DE437-B736-48FB-84A0-5F0C389A068E} (%windir%\system32\netdiagfx.dll) finished resolving scenario {C99981EE-27C3-4B63-9FCA-C34F5CCE580C}, instance {83DF1ABB-9BA5-48B5-8B43-D09FFE1E77E4}, original activity ID {00000000-0000-0000-0000-000000000000}.","130","0",,"4","1","19","4611686052787126272","4697","Microsoft-Windows-Diagnosis-DPS","6bba3851-2c7e-4dea-8f54-31e5afd029e3","Microsoft-Windows-Diagnosis-DPS/Operational","1312","3696","rjaf-PC4429","S-1-5-19","4/1/2015 2:50:41 AM","83df1abb-9ba5-48b5-8b43-d09ffe1e77e4",,"c:\users\mac_1\desktop\winevt\logs\microsoft-windows-diagnosis-dps%4operational.evtx","System.UInt32[]","System.Diagnostics.Eventing.Reader.EventBookmark","Information","A diagnostic module completed resolution","Scenario Lifecycle","System.Collections.ObjectModel.ReadOnlyCollection`1[System.String]","System.Collections.Generic.List`1[System.Diagnostics.Eventing.Reader.EventProperty]"
"Diagnostic module {BF2DE437-B736-48FB-84A0-5F0C389A068E} (%windir%\system32\netdiagfx.dll) started resolving scenario {C99981EE-27C3-4B63-9FCA-C34F5CCE580C}, instance {83DF1ABB-9BA5-48B5-8B43-D09FFE1E77E4}, original activity ID {00000000-0000-0000-0000-000000000000}.","125","0",,"4","1","17","4611686052787126272","4696","Microsoft-Windows-Diagnosis-DPS","6bba3851-2c7e-4dea-8f54-31e5afd029e3","Microsoft-Windows-Diagnosis-DPS/Operational","1312","3696","rjaf-PC4429","S-1-5-19","4/1/2015 2:50:41 AM","83df1abb-9ba5-48b5-8b43-d09ffe1e77e4",,"c:\users\mac_1\desktop\winevt\logs\microsoft-windows-diagnosis-dps%4operational.evtx","System.UInt32[]","System.Diagnostics.Eventing.Reader.EventBookmark","Information","A scenario instance was dispatched for resolution","Scenario Lifecycle","System.Collections.ObjectModel.ReadOnlyCollection`1[System.String]","System.Collections.Generic.List`1[System.Diagnostics.Eventing.Reader.EventProperty]"
"Diagnostic module {BF2DE437-B736-48FB-84A0-5F0C389A068E} (%windir%\system32\netdiagfx.dll) finished troubleshooting scenario {C99981EE-27C3-4B63-9FCA-C34F5CCE580C}, instance {83DF1ABB-9BA5-48B5-8B43-D09FFE1E77E4}, original activity ID {00000000-0000-0000-0000-000000000000}.  It set resolution {BF2DE437-B736-48FB-84A0-5F0C389A068E} for user S-1-0-0 in session 1 with expiration date ?1601?-?01?-?01T00:00:00.000000000Z.  The resolution will be started immediately.","115","0",,"4","1","15","4611686052787126272","4695","Microsoft-Windows-Diagnosis-DPS","6bba3851-2c7e-4dea-8f54-31e5afd029e3","Microsoft-Windows-Diagnosis-DPS/Operational","1312","3696","rjaf-PC4429","S-1-5-19","4/1/2015 2:50:41 AM","83df1abb-9ba5-48b5-8b43-d09ffe1e77e4",,"c:\users\mac_1\desktop\winevt\logs\microsoft-windows-diagnosis-dps%4operational.evtx","System.UInt32[]","System.Diagnostics.Eventing.Reader.EventBookmark","Information","A diagnostic module completed troubleshooting and set an immediate resolution","Scenario Lifecycle","System.Collections.ObjectModel.ReadOnlyCollection`1[System.String]","System.Collections.Generic.List`1[System.Diagnostics.Eventing.Reader.EventProperty]"
"Diagnostic module {BF2DE437-B736-48FB-84A0-5F0C389A068E} (%windir%\system32\netdiagfx.dll) started troubleshooting scenario {C99981EE-27C3-4B63-9FCA-C34F5CCE580C}, instance {83DF1ABB-9BA5-48B5-8B43-D09FFE1E77E4}, original activity ID {00000000-0000-0000-0000-000000000000}.","105","0",,"4","1","13","4611686052787126272","4694","Microsoft-Windows-Diagnosis-DPS","6bba3851-2c7e-4dea-8f54-31e5afd029e3","Microsoft-Windows-Diagnosis-DPS/Operational","1312","3696","rjaf-PC4429","S-1-5-19","4/1/2015 2:50:38 AM","83df1abb-9ba5-48b5-8b43-d09ffe1e77e4",,"c:\users\mac_1\desktop\winevt\logs\microsoft-windows-diagnosis-dps%4operational.evtx","System.UInt32[]","System.Diagnostics.Eventing.Reader.EventBookmark","Information","A scenario instance was dispatched for troubleshooting","Scenario Lifecycle","System.Collections.ObjectModel.ReadOnlyCollection`1[System.String]","System.Collections.Generic.List`1[System.Diagnostics.Eventing.Reader.EventProperty]"
"Diagnostic module {BF2DE437-B736-48FB-84A0-5F0C389A068E} (%windir%\system32\netdiagfx.dll) finished resolving scenario {C99981EE-27C3-4B63-9FCA-C34F5CCE580C}, instance {A35088AA-4AF2-47C7-A94E-F455B0C4BEF4}, original activity ID {00000000-0000-0000-0000-000000000000}.","130","0",,"4","1","19","4611686052787126272","4693","Microsoft-Windows-Diagnosis-DPS","6bba3851-2c7e-4dea-8f54-31e5afd029e3","Microsoft-Windows-Diagnosis-DPS/Operational","1312","7280","rjaf-PC4429","S-1-5-19","4/1/2015 1:52:25 AM","a35088aa-4af2-47c7-a94e-f455b0c4bef4",,"c:\users\mac_1\desktop\winevt\logs\microsoft-windows-diagnosis-dps%4operational.evtx","System.UInt32[]","System.Diagnostics.Eventing.Reader.EventBookmark","Information","A diagnostic module completed resolution","Scenario Lifecycle","System.Collections.ObjectModel.ReadOnlyCollection`1[System.String]","System.Collections.Generic.List`1[System.Diagnostics.Eventing.Reader.EventProperty]"
"Diagnostic module {BF2DE437-B736-48FB-84A0-5F0C389A068E} (%windir%\system32\netdiagfx.dll) started resolving scenario {C99981EE-27C3-4B63-9FCA-C34F5CCE580C}, instance {A35088AA-4AF2-47C7-A94E-F455B0C4BEF4}, original activity ID {00000000-0000-0000-0000-000000000000}.","125","0",,"4","1","17","4611686052787126272","4692","Microsoft-Windows-Diagnosis-DPS","6bba3851-2c7e-4dea-8f54-31e5afd029e3","Microsoft-Windows-Diagnosis-DPS/Operational","1312","7280","rjaf-PC4429","S-1-5-19","4/1/2015 1:52:25 AM","a35088aa-4af2-47c7-a94e-f455b0c4bef4",,"c:\users\mac_1\desktop\winevt\logs\microsoft-windows-diagnosis-dps%4operational.evtx","System.UInt32[]","System.Diagnostics.Eventing.Reader.EventBookmark","Information","A scenario instance was dispatched for resolution","Scenario Lifecycle","System.Collections.ObjectModel.ReadOnlyCollection`1[System.String]","System.Collections.Generic.List`1[System.Diagnostics.Eventing.Reader.EventProperty]"
"Diagnostic module {BF2DE437-B736-48FB-84A0-5F0C389A068E} (%windir%\system32\netdiagfx.dll) finished resolving scenario {C99981EE-27C3-4B63-9FCA-C34F5CCE580C}, instance {A35088AA-4AF2-47C7-A94E-F455B0C4BEF4}, original activity ID {00000000-0000-0000-0000-000000000000}.","130","0",,"4","1","19","4611686052787126272","4691","Microsoft-Windows-Diagnosis-DPS","6bba3851-2c7e-4dea-8f54-31e5afd029e3","Microsoft-Windows-Diagnosis-DPS/Operational","1312","7280","rjaf-PC4429","S-1-5-19","4/1/2015 1:52:24 AM","a35088aa-4af2-47c7-a94e-f455b0c4bef4",,"c:\users\mac_1\desktop\winevt\logs\microsoft-windows-diagnosis-dps%4operational.evtx","System.UInt32[]","System.Diagnostics.Eventing.Reader.EventBookmark","Information","A diagnostic module completed resolution","Scenario Lifecycle","System.Collections.ObjectModel.ReadOnlyCollection`1[System.String]","System.Collections.Generic.List`1[System.Diagnostics.Eventing.Reader.EventProperty]"
"Diagnostic module {BF2DE437-B736-48FB-84A0-5F0C389A068E} (%windir%\system32\netdiagfx.dll) started resolving scenario {C99981EE-27C3-4B63-9FCA-C34F5CCE580C}, instance {A35088AA-4AF2-47C7-A94E-F455B0C4BEF4}, original activity ID {00000000-0000-0000-0000-000000000000}.","125","0",,"4","1","17","4611686052787126272","4690","Microsoft-Windows-Diagnosis-DPS","6bba3851-2c7e-4dea-8f54-31e5afd029e3","Microsoft-Windows-Diagnosis-DPS/Operational","1312","7280","rjaf-PC4429","S-1-5-19","4/1/2015 1:52:24 AM","a35088aa-4af2-47c7-a94e-f455b0c4bef4",,"c:\users\mac_1\desktop\winevt\logs\microsoft-windows-diagnosis-dps%4operational.evtx","System.UInt32[]","System.Diagnostics.Eventing.Reader.EventBookmark","Information","A scenario instance was dispatched for resolution","Scenario Lifecycle","System.Collections.ObjectModel.ReadOnlyCollection`1[System.String]","System.Collections.Generic.List`1[System.Diagnostics.Eventing.Reader.EventProperty]"
"Diagnostic module {BF2DE437-B736-48FB-84A0-5F0C389A068E} (%windir%\system32\netdiagfx.dll) finished troubleshooting scenario {C99981EE-27C3-4B63-9FCA-C34F5CCE580C}, instance {A35088AA-4AF2-47C7-A94E-F455B0C4BEF4}, original activity ID {00000000-0000-0000-0000-000000000000}.  It set resolution {BF2DE437-B736-48FB-84A0-5F0C389A068E} for user S-1-0-0 in session 1 with expiration date ?1601?-?01?-?01T00:00:00.000000000Z.  The resolution will be started immediately.","115","0",,"4","1","15","4611686052787126272","4689","Microsoft-Windows-Diagnosis-DPS","6bba3851-2c7e-4dea-8f54-31e5afd029e3","Microsoft-Windows-Diagnosis-DPS/Operational","1312","7280","rjaf-PC4429","S-1-5-19","4/1/2015 1:52:24 AM","a35088aa-4af2-47c7-a94e-f455b0c4bef4",,"c:\users\mac_1\desktop\winevt\logs\microsoft-windows-diagnosis-dps%4operational.evtx","System.UInt32[]","System.Diagnostics.Eventing.Reader.EventBookmark","Information","A diagnostic module completed troubleshooting and set an immediate resolution","Scenario Lifecycle","System.Collections.ObjectModel.ReadOnlyCollection`1[System.String]","System.Collections.Generic.List`1[System.Diagnostics.Eventing.Reader.EventProperty]"
"Diagnostic module {BF2DE437-B736-48FB-84A0-5F0C389A068E} (%windir%\system32\netdiagfx.dll) started troubleshooting scenario {C99981EE-27C3-4B63-9FCA-C34F5CCE580C}, instance {A35088AA-4AF2-47C7-A94E-F455B0C4BEF4}, original activity ID {00000000-0000-0000-0000-000000000000}.","105","0",,"4","1","13","4611686052787126272","4688","Microsoft-Windows-Diagnosis-DPS","6bba3851-2c7e-4dea-8f54-31e5afd029e3","Microsoft-Windows-Diagnosis-DPS/Operational","1312","7280","rjaf-PC4429","S-1-5-19","4/1/2015 1:52:23 AM","a35088aa-4af2-47c7-a94e-f455b0c4bef4",,"c:\users\mac_1\desktop\winevt\logs\microsoft-windows-diagnosis-dps%4operational.evtx","System.UInt32[]","System.Diagnostics.Eventing.Reader.EventBookmark","Information","A scenario instance was dispatched for troubleshooting","Scenario Lifecycle","System.Collections.ObjectModel.ReadOnlyCollection`1[System.String]","System.Collections.Generic.List`1[System.Diagnostics.Eventing.Reader.EventProperty]"
