"User logon detected
Account: RJAF-PC4429\rjaf
Session: 1","7","0",,"4","0","0","4611686018427387912","410","Microsoft-Windows-OfflineFiles","95353826-4fbe-41d4-9c42-f521c6e86360","Microsoft-Windows-OfflineFiles/Operational","936","1124","rjaf-PC4429","S-1-5-18","6/24/2014 3:09:53 AM",,,"c:\users\mac_1\desktop\winevt\logs\microsoft-windows-offlinefiles%4operational.evtx","System.UInt32[]","System.Diagnostics.Eventing.Reader.EventBookmark","Information","Info",,"System.Collections.ObjectModel.ReadOnlyCollection`1[System.String]","System.Collections.Generic.List`1[System.Diagnostics.Eventing.Reader.EventProperty]"
"The Offline Files service started successfully.","1","0",,"4","0","0","4611686018427387920","409","Microsoft-Windows-OfflineFiles","95353826-4fbe-41d4-9c42-f521c6e86360","Microsoft-Windows-OfflineFiles/Operational","936","1060","rjaf-PC4429","S-1-5-18","6/24/2014 3:09:47 AM",,,"c:\users\mac_1\desktop\winevt\logs\microsoft-windows-offlinefiles%4operational.evtx","System.UInt32[]","System.Diagnostics.Eventing.Reader.EventBookmark","Information","Info",,"System.Collections.ObjectModel.ReadOnlyCollection`1[System.String]","System.Collections.Generic.List`1[System.Diagnostics.Eventing.Reader.EventProperty]"
"User logoff detected
Account: RJAF-PC4429\rjaf
Session: 1","8","0",,"4","0","0","4611686018427387912","408","Microsoft-Windows-OfflineFiles","95353826-4fbe-41d4-9c42-f521c6e86360","Microsoft-Windows-OfflineFiles/Operational","944","7904","rjaf-PC4429","S-1-5-18","6/23/2014 2:06:17 PM",,,"c:\users\mac_1\desktop\winevt\logs\microsoft-windows-offlinefiles%4operational.evtx","System.UInt32[]","System.Diagnostics.Eventing.Reader.EventBookmark","Information","Info",,"System.Collections.ObjectModel.ReadOnlyCollection`1[System.String]","System.Collections.Generic.List`1[System.Diagnostics.Eventing.Reader.EventProperty]"
"User logon detected
Account: RJAF-PC4429\rjaf
Session: 1","7","0",,"4","0","0","4611686018427387912","407","Microsoft-Windows-OfflineFiles","95353826-4fbe-41d4-9c42-f521c6e86360","Microsoft-Windows-OfflineFiles/Operational","944","1112","rjaf-PC4429","S-1-5-18","6/23/2014 6:01:10 AM",,,"c:\users\mac_1\desktop\winevt\logs\microsoft-windows-offlinefiles%4operational.evtx","System.UInt32[]","System.Diagnostics.Eventing.Reader.EventBookmark","Information","Info",,"System.Collections.ObjectModel.ReadOnlyCollection`1[System.String]","System.Collections.Generic.List`1[System.Diagnostics.Eventing.Reader.EventProperty]"
"The Offline Files service started successfully.","1","0",,"4","0","0","4611686018427387920","406","Microsoft-Windows-OfflineFiles","95353826-4fbe-41d4-9c42-f521c6e86360","Microsoft-Windows-OfflineFiles/Operational","944","1076","rjaf-PC4429","S-1-5-18","6/23/2014 6:01:00 AM",,,"c:\users\mac_1\desktop\winevt\logs\microsoft-windows-offlinefiles%4operational.evtx","System.UInt32[]","System.Diagnostics.Eventing.Reader.EventBookmark","Information","Info",,"System.Collections.ObjectModel.ReadOnlyCollection`1[System.String]","System.Collections.Generic.List`1[System.Diagnostics.Eventing.Reader.EventProperty]"
"User logoff detected
Account: RJAF-PC4429\rjaf
Session: 1","8","0",,"4","0","0","4611686018427387912","405","Microsoft-Windows-OfflineFiles","95353826-4fbe-41d4-9c42-f521c6e86360","Microsoft-Windows-OfflineFiles/Operational","948","4276","rjaf-PC4429","S-1-5-18","6/23/2014 3:03:47 AM",,,"c:\users\mac_1\desktop\winevt\logs\microsoft-windows-offlinefiles%4operational.evtx","System.UInt32[]","System.Diagnostics.Eventing.Reader.EventBookmark","Information","Info",,"System.Collections.ObjectModel.ReadOnlyCollection`1[System.String]","System.Collections.Generic.List`1[System.Diagnostics.Eventing.Reader.EventProperty]"
"User logon detected
Account: RJAF-PC4429\rjaf
Session: 1","7","0",,"4","0","0","4611686018427387912","404","Microsoft-Windows-OfflineFiles","95353826-4fbe-41d4-9c42-f521c6e86360","Microsoft-Windows-OfflineFiles/Operational","948","980","rjaf-PC4429","S-1-5-18","6/18/2014 12:59:58 AM",,,"c:\users\mac_1\desktop\winevt\logs\microsoft-windows-offlinefiles%4operational.evtx","System.UInt32[]","System.Diagnostics.Eventing.Reader.EventBookmark","Information","Info",,"System.Collections.ObjectModel.ReadOnlyCollection`1[System.String]","System.Collections.Generic.List`1[System.Diagnostics.Eventing.Reader.EventProperty]"
"The Offline Files service started successfully.","1","0",,"4","0","0","4611686018427387920","403","Microsoft-Windows-OfflineFiles","95353826-4fbe-41d4-9c42-f521c6e86360","Microsoft-Windows-OfflineFiles/Operational","948","1076","rjaf-PC4429","S-1-5-18","6/18/2014 12:59:53 AM",,,"c:\users\mac_1\desktop\winevt\logs\microsoft-windows-offlinefiles%4operational.evtx","System.UInt32[]","System.Diagnostics.Eventing.Reader.EventBookmark","Information","Info",,"System.Collections.ObjectModel.ReadOnlyCollection`1[System.String]","System.Collections.Generic.List`1[System.Diagnostics.Eventing.Reader.EventProperty]"
"User logoff detected
Account: RJAF-PC4429\rjaf
Session: 1","8","0",,"4","0","0","4611686018427387912","402","Microsoft-Windows-OfflineFiles","95353826-4fbe-41d4-9c42-f521c6e86360","Microsoft-Windows-OfflineFiles/Operational","936","15408","rjaf-PC4429","S-1-5-18","6/18/2014 12:59:09 AM",,,"c:\users\mac_1\desktop\winevt\logs\microsoft-windows-offlinefiles%4operational.evtx","System.UInt32[]","System.Diagnostics.Eventing.Reader.EventBookmark","Information","Info",,"System.Collections.ObjectModel.ReadOnlyCollection`1[System.String]","System.Collections.Generic.List`1[System.Diagnostics.Eventing.Reader.EventProperty]"
"User logon detected
Account: RJAF-PC4429\rjaf
Session: 1","7","0",,"4","0","0","4611686018427387912","401","Microsoft-Windows-OfflineFiles","95353826-4fbe-41d4-9c42-f521c6e86360","Microsoft-Windows-OfflineFiles/Operational","936","952","rjaf-PC4429","S-1-5-18","6/16/2014 7:14:45 AM",,,"c:\users\mac_1\desktop\winevt\logs\microsoft-windows-offlinefiles%4operational.evtx","System.UInt32[]","System.Diagnostics.Eventing.Reader.EventBookmark","Information","Info",,"System.Collections.ObjectModel.ReadOnlyCollection`1[System.String]","System.Collections.Generic.List`1[System.Diagnostics.Eventing.Reader.EventProperty]"
"The Offline Files service started successfully.","1","0",,"4","0","0","4611686018427387920","400","Microsoft-Windows-OfflineFiles","95353826-4fbe-41d4-9c42-f521c6e86360","Microsoft-Windows-OfflineFiles/Operational","936","1048","rjaf-PC4429","S-1-5-18","6/16/2014 7:14:37 AM",,,"c:\users\mac_1\desktop\winevt\logs\microsoft-windows-offlinefiles%4operational.evtx","System.UInt32[]","System.Diagnostics.Eventing.Reader.EventBookmark","Information","Info",,"System.Collections.ObjectModel.ReadOnlyCollection`1[System.String]","System.Collections.Generic.List`1[System.Diagnostics.Eventing.Reader.EventProperty]"
"User logon detected
Account: RJAF-PC4429\rjaf
Session: 1","7","0",,"4","0","0","4611686018427387912","399","Microsoft-Windows-OfflineFiles","95353826-4fbe-41d4-9c42-f521c6e86360","Microsoft-Windows-OfflineFiles/Operational","924","1088","rjaf-PC4429","S-1-5-18","6/15/2014 12:56:49 AM",,,"c:\users\mac_1\desktop\winevt\logs\microsoft-windows-offlinefiles%4operational.evtx","System.UInt32[]","System.Diagnostics.Eventing.Reader.EventBookmark","Information","Info",,"System.Collections.ObjectModel.ReadOnlyCollection`1[System.String]","System.Collections.Generic.List`1[System.Diagnostics.Eventing.Reader.EventProperty]"
"The Offline Files service started successfully.","1","0",,"4","0","0","4611686018427387920","398","Microsoft-Windows-OfflineFiles","95353826-4fbe-41d4-9c42-f521c6e86360","Microsoft-Windows-OfflineFiles/Operational","924","1048","rjaf-PC4429","S-1-5-18","6/15/2014 12:56:42 AM",,,"c:\users\mac_1\desktop\winevt\logs\microsoft-windows-offlinefiles%4operational.evtx","System.UInt32[]","System.Diagnostics.Eventing.Reader.EventBookmark","Information","Info",,"System.Collections.ObjectModel.ReadOnlyCollection`1[System.String]","System.Collections.Generic.List`1[System.Diagnostics.Eventing.Reader.EventProperty]"
"User logoff detected
Account: RJAF-PC4429\rjaf
Session: 1","8","0",,"4","0","0","4611686018427387912","397","Microsoft-Windows-OfflineFiles","95353826-4fbe-41d4-9c42-f521c6e86360","Microsoft-Windows-OfflineFiles/Operational","948","4660","rjaf-PC4429","S-1-5-18","6/14/2014 12:20:41 PM",,,"c:\users\mac_1\desktop\winevt\logs\microsoft-windows-offlinefiles%4operational.evtx","System.UInt32[]","System.Diagnostics.Eventing.Reader.EventBookmark","Information","Info",,"System.Collections.ObjectModel.ReadOnlyCollection`1[System.String]","System.Collections.Generic.List`1[System.Diagnostics.Eventing.Reader.EventProperty]"
"User logon detected
Account: RJAF-PC4429\rjaf
Session: 1","7","0",,"4","0","0","4611686018427387912","396","Microsoft-Windows-OfflineFiles","95353826-4fbe-41d4-9c42-f521c6e86360","Microsoft-Windows-OfflineFiles/Operational","948","972","rjaf-PC4429","S-1-5-18","6/14/2014 6:02:57 AM",,,"c:\users\mac_1\desktop\winevt\logs\microsoft-windows-offlinefiles%4operational.evtx","System.UInt32[]","System.Diagnostics.Eventing.Reader.EventBookmark","Information","Info",,"System.Collections.ObjectModel.ReadOnlyCollection`1[System.String]","System.Collections.Generic.List`1[System.Diagnostics.Eventing.Reader.EventProperty]"
"The Offline Files service started successfully.","1","0",,"4","0","0","4611686018427387920","395","Microsoft-Windows-OfflineFiles","95353826-4fbe-41d4-9c42-f521c6e86360","Microsoft-Windows-OfflineFiles/Operational","948","1100","rjaf-PC4429","S-1-5-18","6/14/2014 6:02:52 AM",,,"c:\users\mac_1\desktop\winevt\logs\microsoft-windows-offlinefiles%4operational.evtx","System.UInt32[]","System.Diagnostics.Eventing.Reader.EventBookmark","Information","Info",,"System.Collections.ObjectModel.ReadOnlyCollection`1[System.String]","System.Collections.Generic.List`1[System.Diagnostics.Eventing.Reader.EventProperty]"
"User logoff detected
Account: RJAF-PC4429\rjaf
Session: 1","8","0",,"4","0","0","4611686018427387912","394","Microsoft-Windows-OfflineFiles","95353826-4fbe-41d4-9c42-f521c6e86360","Microsoft-Windows-OfflineFiles/Operational","948","9324","rjaf-PC4429","S-1-5-18","6/14/2014 1:25:53 AM",,,"c:\users\mac_1\desktop\winevt\logs\microsoft-windows-offlinefiles%4operational.evtx","System.UInt32[]","System.Diagnostics.Eventing.Reader.EventBookmark","Information","Info",,"System.Collections.ObjectModel.ReadOnlyCollection`1[System.String]","System.Collections.Generic.List`1[System.Diagnostics.Eventing.Reader.EventProperty]"
"User logon detected
Account: RJAF-PC4429\rjaf
Session: 1","7","0",,"4","0","0","4611686018427387912","393","Microsoft-Windows-OfflineFiles","95353826-4fbe-41d4-9c42-f521c6e86360","Microsoft-Windows-OfflineFiles/Operational","948","968","rjaf-PC4429","S-1-5-18","6/9/2014 2:10:13 AM",,,"c:\users\mac_1\desktop\winevt\logs\microsoft-windows-offlinefiles%4operational.evtx","System.UInt32[]","System.Diagnostics.Eventing.Reader.EventBookmark","Information","Info",,"System.Collections.ObjectModel.ReadOnlyCollection`1[System.String]","System.Collections.Generic.List`1[System.Diagnostics.Eventing.Reader.EventProperty]"
"The Offline Files service started successfully.","1","0",,"4","0","0","4611686018427387920","392","Microsoft-Windows-OfflineFiles","95353826-4fbe-41d4-9c42-f521c6e86360","Microsoft-Windows-OfflineFiles/Operational","948","1068","rjaf-PC4429","S-1-5-18","6/9/2014 2:10:06 AM",,,"c:\users\mac_1\desktop\winevt\logs\microsoft-windows-offlinefiles%4operational.evtx","System.UInt32[]","System.Diagnostics.Eventing.Reader.EventBookmark","Information","Info",,"System.Collections.ObjectModel.ReadOnlyCollection`1[System.String]","System.Collections.Generic.List`1[System.Diagnostics.Eventing.Reader.EventProperty]"
"User logoff detected
Account: RJAF-PC4429\rjaf
Session: 1","8","0",,"4","0","0","4611686018427387912","391","Microsoft-Windows-OfflineFiles","95353826-4fbe-41d4-9c42-f521c6e86360","Microsoft-Windows-OfflineFiles/Operational","940","3844","rjaf-PC4429","S-1-5-18","6/8/2014 5:53:19 AM",,,"c:\users\mac_1\desktop\winevt\logs\microsoft-windows-offlinefiles%4operational.evtx","System.UInt32[]","System.Diagnostics.Eventing.Reader.EventBookmark","Information","Info",,"System.Collections.ObjectModel.ReadOnlyCollection`1[System.String]","System.Collections.Generic.List`1[System.Diagnostics.Eventing.Reader.EventProperty]"
"User logon detected
Account: RJAF-PC4429\rjaf
Session: 1","7","0",,"4","0","0","4611686018427387912","390","Microsoft-Windows-OfflineFiles","95353826-4fbe-41d4-9c42-f521c6e86360","Microsoft-Windows-OfflineFiles/Operational","940","968","rjaf-PC4429","S-1-5-18","6/8/2014 5:41:15 AM",,,"c:\users\mac_1\desktop\winevt\logs\microsoft-windows-offlinefiles%4operational.evtx","System.UInt32[]","System.Diagnostics.Eventing.Reader.EventBookmark","Information","Info",,"System.Collections.ObjectModel.ReadOnlyCollection`1[System.String]","System.Collections.Generic.List`1[System.Diagnostics.Eventing.Reader.EventProperty]"
"The Offline Files service started successfully.","1","0",,"4","0","0","4611686018427387920","389","Microsoft-Windows-OfflineFiles","95353826-4fbe-41d4-9c42-f521c6e86360","Microsoft-Windows-OfflineFiles/Operational","940","1060","rjaf-PC4429","S-1-5-18","6/8/2014 5:41:08 AM",,,"c:\users\mac_1\desktop\winevt\logs\microsoft-windows-offlinefiles%4operational.evtx","System.UInt32[]","System.Diagnostics.Eventing.Reader.EventBookmark","Information","Info",,"System.Collections.ObjectModel.ReadOnlyCollection`1[System.String]","System.Collections.Generic.List`1[System.Diagnostics.Eventing.Reader.EventProperty]"
"User logoff detected
Account: RJAF-PC4429\rjaf
Session: 1","8","0",,"4","0","0","4611686018427387912","388","Microsoft-Windows-OfflineFiles","95353826-4fbe-41d4-9c42-f521c6e86360","Microsoft-Windows-OfflineFiles/Operational","944","5504","rjaf-PC4429","S-1-5-18","6/5/2014 2:26:36 AM",,,"c:\users\mac_1\desktop\winevt\logs\microsoft-windows-offlinefiles%4operational.evtx","System.UInt32[]","System.Diagnostics.Eventing.Reader.EventBookmark","Information","Info",,"System.Collections.ObjectModel.ReadOnlyCollection`1[System.String]","System.Collections.Generic.List`1[System.Diagnostics.Eventing.Reader.EventProperty]"
"User logon detected
Account: RJAF-PC4429\rjaf
Session: 1","7","0",,"4","0","0","4611686018427387912","387","Microsoft-Windows-OfflineFiles","95353826-4fbe-41d4-9c42-f521c6e86360","Microsoft-Windows-OfflineFiles/Operational","944","988","rjaf-PC4429","S-1-5-18","5/31/2014 11:13:18 PM",,,"c:\users\mac_1\desktop\winevt\logs\microsoft-windows-offlinefiles%4operational.evtx","System.UInt32[]","System.Diagnostics.Eventing.Reader.EventBookmark","Information","Info",,"System.Collections.ObjectModel.ReadOnlyCollection`1[System.String]","System.Collections.Generic.List`1[System.Diagnostics.Eventing.Reader.EventProperty]"
"The Offline Files service started successfully.","1","0",,"4","0","0","4611686018427387920","386","Microsoft-Windows-OfflineFiles","95353826-4fbe-41d4-9c42-f521c6e86360","Microsoft-Windows-OfflineFiles/Operational","944","1100","rjaf-PC4429","S-1-5-18","5/31/2014 11:13:10 PM",,,"c:\users\mac_1\desktop\winevt\logs\microsoft-windows-offlinefiles%4operational.evtx","System.UInt32[]","System.Diagnostics.Eventing.Reader.EventBookmark","Information","Info",,"System.Collections.ObjectModel.ReadOnlyCollection`1[System.String]","System.Collections.Generic.List`1[System.Diagnostics.Eventing.Reader.EventProperty]"
"User logoff detected
Account: RJAF-PC4429\rjaf
Session: 1","8","0",,"4","0","0","4611686018427387912","385","Microsoft-Windows-OfflineFiles","95353826-4fbe-41d4-9c42-f521c6e86360","Microsoft-Windows-OfflineFiles/Operational","956","4900","rjaf-PC4429","S-1-5-18","5/29/2014 2:44:07 AM",,,"c:\users\mac_1\desktop\winevt\logs\microsoft-windows-offlinefiles%4operational.evtx","System.UInt32[]","System.Diagnostics.Eventing.Reader.EventBookmark","Information","Info",,"System.Collections.ObjectModel.ReadOnlyCollection`1[System.String]","System.Collections.Generic.List`1[System.Diagnostics.Eventing.Reader.EventProperty]"
"User logon detected
Account: RJAF-PC4429\rjaf
Session: 1","7","0",,"4","0","0","4611686018427387912","384","Microsoft-Windows-OfflineFiles","95353826-4fbe-41d4-9c42-f521c6e86360","Microsoft-Windows-OfflineFiles/Operational","956","988","rjaf-PC4429","S-1-5-18","5/24/2014 5:01:48 AM",,,"c:\users\mac_1\desktop\winevt\logs\microsoft-windows-offlinefiles%4operational.evtx","System.UInt32[]","System.Diagnostics.Eventing.Reader.EventBookmark","Information","Info",,"System.Collections.ObjectModel.ReadOnlyCollection`1[System.String]","System.Collections.Generic.List`1[System.Diagnostics.Eventing.Reader.EventProperty]"
"The Offline Files service started successfully.","1","0",,"4","0","0","4611686018427387920","383","Microsoft-Windows-OfflineFiles","95353826-4fbe-41d4-9c42-f521c6e86360","Microsoft-Windows-OfflineFiles/Operational","956","1096","rjaf-PC4429","S-1-5-18","5/24/2014 5:01:43 AM",,,"c:\users\mac_1\desktop\winevt\logs\microsoft-windows-offlinefiles%4operational.evtx","System.UInt32[]","System.Diagnostics.Eventing.Reader.EventBookmark","Information","Info",,"System.Collections.ObjectModel.ReadOnlyCollection`1[System.String]","System.Collections.Generic.List`1[System.Diagnostics.Eventing.Reader.EventProperty]"
"User logoff detected
Account: RJAF-PC4429\rjaf
Session: 1","8","0",,"4","0","0","4611686018427387912","382","Microsoft-Windows-OfflineFiles","95353826-4fbe-41d4-9c42-f521c6e86360","Microsoft-Windows-OfflineFiles/Operational","944","2640","rjaf-PC4429","S-1-5-18","5/24/2014 1:41:40 AM",,,"c:\users\mac_1\desktop\winevt\logs\microsoft-windows-offlinefiles%4operational.evtx","System.UInt32[]","System.Diagnostics.Eventing.Reader.EventBookmark","Information","Info",,"System.Collections.ObjectModel.ReadOnlyCollection`1[System.String]","System.Collections.Generic.List`1[System.Diagnostics.Eventing.Reader.EventProperty]"
"User logon detected
Account: RJAF-PC4429\rjaf
Session: 1","7","0",,"4","0","0","4611686018427387912","381","Microsoft-Windows-OfflineFiles","95353826-4fbe-41d4-9c42-f521c6e86360","Microsoft-Windows-OfflineFiles/Operational","944","2244","rjaf-PC4429","S-1-5-18","5/23/2014 11:03:14 PM",,,"c:\users\mac_1\desktop\winevt\logs\microsoft-windows-offlinefiles%4operational.evtx","System.UInt32[]","System.Diagnostics.Eventing.Reader.EventBookmark","Information","Info",,"System.Collections.ObjectModel.ReadOnlyCollection`1[System.String]","System.Collections.Generic.List`1[System.Diagnostics.Eventing.Reader.EventProperty]"
"The Offline Files service started successfully.","1","0",,"4","0","0","4611686018427387920","380","Microsoft-Windows-OfflineFiles","95353826-4fbe-41d4-9c42-f521c6e86360","Microsoft-Windows-OfflineFiles/Operational","944","1072","rjaf-PC4429","S-1-5-18","5/23/2014 4:12:00 AM",,,"c:\users\mac_1\desktop\winevt\logs\microsoft-windows-offlinefiles%4operational.evtx","System.UInt32[]","System.Diagnostics.Eventing.Reader.EventBookmark","Information","Info",,"System.Collections.ObjectModel.ReadOnlyCollection`1[System.String]","System.Collections.Generic.List`1[System.Diagnostics.Eventing.Reader.EventProperty]"
"The Offline Files service started successfully.","1","0",,"4","0","0","4611686018427387920","379","Microsoft-Windows-OfflineFiles","95353826-4fbe-41d4-9c42-f521c6e86360","Microsoft-Windows-OfflineFiles/Operational","972","1104","rjaf-PC4429","S-1-5-18","5/21/2014 9:36:38 AM",,,"c:\users\mac_1\desktop\winevt\logs\microsoft-windows-offlinefiles%4operational.evtx","System.UInt32[]","System.Diagnostics.Eventing.Reader.EventBookmark","Information","Info",,"System.Collections.ObjectModel.ReadOnlyCollection`1[System.String]","System.Collections.Generic.List`1[System.Diagnostics.Eventing.Reader.EventProperty]"
"User logoff detected
Account: RJAF-PC4429\rjaf
Session: 1","8","0",,"4","0","0","4611686018427387912","378","Microsoft-Windows-OfflineFiles","95353826-4fbe-41d4-9c42-f521c6e86360","Microsoft-Windows-OfflineFiles/Operational","924","2372","rjaf-PC4429","S-1-5-18","5/21/2014 7:29:52 AM",,,"c:\users\mac_1\desktop\winevt\logs\microsoft-windows-offlinefiles%4operational.evtx","System.UInt32[]","System.Diagnostics.Eventing.Reader.EventBookmark","Information","Info",,"System.Collections.ObjectModel.ReadOnlyCollection`1[System.String]","System.Collections.Generic.List`1[System.Diagnostics.Eventing.Reader.EventProperty]"
"User logon detected
Account: RJAF-PC4429\rjaf
Session: 1","7","0",,"4","0","0","4611686018427387912","377","Microsoft-Windows-OfflineFiles","95353826-4fbe-41d4-9c42-f521c6e86360","Microsoft-Windows-OfflineFiles/Operational","924","1216","rjaf-PC4429","S-1-5-18","5/21/2014 3:04:30 AM",,,"c:\users\mac_1\desktop\winevt\logs\microsoft-windows-offlinefiles%4operational.evtx","System.UInt32[]","System.Diagnostics.Eventing.Reader.EventBookmark","Information","Info",,"System.Collections.ObjectModel.ReadOnlyCollection`1[System.String]","System.Collections.Generic.List`1[System.Diagnostics.Eventing.Reader.EventProperty]"
"The Offline Files service started successfully.","1","0",,"4","0","0","4611686018427387920","376","Microsoft-Windows-OfflineFiles","95353826-4fbe-41d4-9c42-f521c6e86360","Microsoft-Windows-OfflineFiles/Operational","924","1080","rjaf-PC4429","S-1-5-18","5/21/2014 3:04:24 AM",,,"c:\users\mac_1\desktop\winevt\logs\microsoft-windows-offlinefiles%4operational.evtx","System.UInt32[]","System.Diagnostics.Eventing.Reader.EventBookmark","Information","Info",,"System.Collections.ObjectModel.ReadOnlyCollection`1[System.String]","System.Collections.Generic.List`1[System.Diagnostics.Eventing.Reader.EventProperty]"
"User logoff detected
Account: RJAF-PC4429\rjaf
Session: 1","8","0",,"4","0","0","4611686018427387912","375","Microsoft-Windows-OfflineFiles","95353826-4fbe-41d4-9c42-f521c6e86360","Microsoft-Windows-OfflineFiles/Operational","940","3608","rjaf-PC4429","S-1-5-18","5/21/2014 3:03:48 AM",,,"c:\users\mac_1\desktop\winevt\logs\microsoft-windows-offlinefiles%4operational.evtx","System.UInt32[]","System.Diagnostics.Eventing.Reader.EventBookmark","Information","Info",,"System.Collections.ObjectModel.ReadOnlyCollection`1[System.String]","System.Collections.Generic.List`1[System.Diagnostics.Eventing.Reader.EventProperty]"
"User logon detected
Account: RJAF-PC4429\rjaf
Session: 1","7","0",,"4","0","0","4611686018427387912","374","Microsoft-Windows-OfflineFiles","95353826-4fbe-41d4-9c42-f521c6e86360","Microsoft-Windows-OfflineFiles/Operational","940","1176","rjaf-PC4429","S-1-5-18","5/21/2014 2:36:55 AM",,,"c:\users\mac_1\desktop\winevt\logs\microsoft-windows-offlinefiles%4operational.evtx","System.UInt32[]","System.Diagnostics.Eventing.Reader.EventBookmark","Information","Info",,"System.Collections.ObjectModel.ReadOnlyCollection`1[System.String]","System.Collections.Generic.List`1[System.Diagnostics.Eventing.Reader.EventProperty]"
"The Offline Files service started successfully.","1","0",,"4","0","0","4611686018427387920","373","Microsoft-Windows-OfflineFiles","95353826-4fbe-41d4-9c42-f521c6e86360","Microsoft-Windows-OfflineFiles/Operational","940","1068","rjaf-PC4429","S-1-5-18","5/21/2014 2:36:49 AM",,,"c:\users\mac_1\desktop\winevt\logs\microsoft-windows-offlinefiles%4operational.evtx","System.UInt32[]","System.Diagnostics.Eventing.Reader.EventBookmark","Information","Info",,"System.Collections.ObjectModel.ReadOnlyCollection`1[System.String]","System.Collections.Generic.List`1[System.Diagnostics.Eventing.Reader.EventProperty]"
"User logon detected
Account: RJAF-PC4429\rjaf
Session: 1","7","0",,"4","0","0","4611686018427387912","372","Microsoft-Windows-OfflineFiles","95353826-4fbe-41d4-9c42-f521c6e86360","Microsoft-Windows-OfflineFiles/Operational","948","1204","rjaf-PC4429","S-1-5-18","5/19/2014 1:50:21 PM",,,"c:\users\mac_1\desktop\winevt\logs\microsoft-windows-offlinefiles%4operational.evtx","System.UInt32[]","System.Diagnostics.Eventing.Reader.EventBookmark","Information","Info",,"System.Collections.ObjectModel.ReadOnlyCollection`1[System.String]","System.Collections.Generic.List`1[System.Diagnostics.Eventing.Reader.EventProperty]"
"The Offline Files service started successfully.","1","0",,"4","0","0","4611686018427387920","371","Microsoft-Windows-OfflineFiles","95353826-4fbe-41d4-9c42-f521c6e86360","Microsoft-Windows-OfflineFiles/Operational","948","1080","rjaf-PC4429","S-1-5-18","5/19/2014 1:50:06 PM",,,"c:\users\mac_1\desktop\winevt\logs\microsoft-windows-offlinefiles%4operational.evtx","System.UInt32[]","System.Diagnostics.Eventing.Reader.EventBookmark","Information","Info",,"System.Collections.ObjectModel.ReadOnlyCollection`1[System.String]","System.Collections.Generic.List`1[System.Diagnostics.Eventing.Reader.EventProperty]"
"User logoff detected
Account: RJAF-PC4429\rjaf
Session: 1","8","0",,"4","0","0","4611686018427387912","370","Microsoft-Windows-OfflineFiles","95353826-4fbe-41d4-9c42-f521c6e86360","Microsoft-Windows-OfflineFiles/Operational","952","2616","rjaf-PC4429","S-1-5-18","5/19/2014 8:08:38 AM",,,"c:\users\mac_1\desktop\winevt\logs\microsoft-windows-offlinefiles%4operational.evtx","System.UInt32[]","System.Diagnostics.Eventing.Reader.EventBookmark","Information","Info",,"System.Collections.ObjectModel.ReadOnlyCollection`1[System.String]","System.Collections.Generic.List`1[System.Diagnostics.Eventing.Reader.EventProperty]"
"User logon detected
Account: RJAF-PC4429\rjaf
Session: 1","7","0",,"4","0","0","4611686018427387912","369","Microsoft-Windows-OfflineFiles","95353826-4fbe-41d4-9c42-f521c6e86360","Microsoft-Windows-OfflineFiles/Operational","952","1000","rjaf-PC4429","S-1-5-18","5/18/2014 2:16:31 AM",,,"c:\users\mac_1\desktop\winevt\logs\microsoft-windows-offlinefiles%4operational.evtx","System.UInt32[]","System.Diagnostics.Eventing.Reader.EventBookmark","Information","Info",,"System.Collections.ObjectModel.ReadOnlyCollection`1[System.String]","System.Collections.Generic.List`1[System.Diagnostics.Eventing.Reader.EventProperty]"
"The Offline Files service started successfully.","1","0",,"4","0","0","4611686018427387920","368","Microsoft-Windows-OfflineFiles","95353826-4fbe-41d4-9c42-f521c6e86360","Microsoft-Windows-OfflineFiles/Operational","952","1088","rjaf-PC4429","S-1-5-18","5/18/2014 2:16:14 AM",,,"c:\users\mac_1\desktop\winevt\logs\microsoft-windows-offlinefiles%4operational.evtx","System.UInt32[]","System.Diagnostics.Eventing.Reader.EventBookmark","Information","Info",,"System.Collections.ObjectModel.ReadOnlyCollection`1[System.String]","System.Collections.Generic.List`1[System.Diagnostics.Eventing.Reader.EventProperty]"
"User logoff detected
Account: RJAF-PC4429\rjaf
Session: 1","8","0",,"4","0","0","4611686018427387912","367","Microsoft-Windows-OfflineFiles","95353826-4fbe-41d4-9c42-f521c6e86360","Microsoft-Windows-OfflineFiles/Operational","948","964","rjaf-PC4429","S-1-5-18","5/16/2014 11:58:34 AM",,,"c:\users\mac_1\desktop\winevt\logs\microsoft-windows-offlinefiles%4operational.evtx","System.UInt32[]","System.Diagnostics.Eventing.Reader.EventBookmark","Information","Info",,"System.Collections.ObjectModel.ReadOnlyCollection`1[System.String]","System.Collections.Generic.List`1[System.Diagnostics.Eventing.Reader.EventProperty]"
"User logon detected
Account: RJAF-PC4429\rjaf
Session: 1","7","0",,"4","0","0","4611686018427387912","366","Microsoft-Windows-OfflineFiles","95353826-4fbe-41d4-9c42-f521c6e86360","Microsoft-Windows-OfflineFiles/Operational","948","1188","rjaf-PC4429","S-1-5-18","5/16/2014 10:47:06 AM",,,"c:\users\mac_1\desktop\winevt\logs\microsoft-windows-offlinefiles%4operational.evtx","System.UInt32[]","System.Diagnostics.Eventing.Reader.EventBookmark","Information","Info",,"System.Collections.ObjectModel.ReadOnlyCollection`1[System.String]","System.Collections.Generic.List`1[System.Diagnostics.Eventing.Reader.EventProperty]"
"The Offline Files service started successfully.","1","0",,"4","0","0","4611686018427387920","365","Microsoft-Windows-OfflineFiles","95353826-4fbe-41d4-9c42-f521c6e86360","Microsoft-Windows-OfflineFiles/Operational","948","1084","rjaf-PC4429","S-1-5-18","5/16/2014 10:46:40 AM",,,"c:\users\mac_1\desktop\winevt\logs\microsoft-windows-offlinefiles%4operational.evtx","System.UInt32[]","System.Diagnostics.Eventing.Reader.EventBookmark","Information","Info",,"System.Collections.ObjectModel.ReadOnlyCollection`1[System.String]","System.Collections.Generic.List`1[System.Diagnostics.Eventing.Reader.EventProperty]"
"User logoff detected
Account: RJAF-PC4429\rjaf
Session: 1","8","0",,"4","0","0","4611686018427387912","364","Microsoft-Windows-OfflineFiles","95353826-4fbe-41d4-9c42-f521c6e86360","Microsoft-Windows-OfflineFiles/Operational","956","3032","rjaf-PC4429","S-1-5-18","5/16/2014 7:33:44 AM",,,"c:\users\mac_1\desktop\winevt\logs\microsoft-windows-offlinefiles%4operational.evtx","System.UInt32[]","System.Diagnostics.Eventing.Reader.EventBookmark","Information","Info",,"System.Collections.ObjectModel.ReadOnlyCollection`1[System.String]","System.Collections.Generic.List`1[System.Diagnostics.Eventing.Reader.EventProperty]"
"User logon detected
Account: RJAF-PC4429\rjaf
Session: 1","7","0",,"4","0","0","4611686018427387912","363","Microsoft-Windows-OfflineFiles","95353826-4fbe-41d4-9c42-f521c6e86360","Microsoft-Windows-OfflineFiles/Operational","956","1800","rjaf-PC4429","S-1-5-18","5/16/2014 1:11:20 AM",,,"c:\users\mac_1\desktop\winevt\logs\microsoft-windows-offlinefiles%4operational.evtx","System.UInt32[]","System.Diagnostics.Eventing.Reader.EventBookmark","Information","Info",,"System.Collections.ObjectModel.ReadOnlyCollection`1[System.String]","System.Collections.Generic.List`1[System.Diagnostics.Eventing.Reader.EventProperty]"
"The Offline Files service started successfully.","1","0",,"4","0","0","4611686018427387920","362","Microsoft-Windows-OfflineFiles","95353826-4fbe-41d4-9c42-f521c6e86360","Microsoft-Windows-OfflineFiles/Operational","956","1104","rjaf-PC4429","S-1-5-18","5/16/2014 1:11:06 AM",,,"c:\users\mac_1\desktop\winevt\logs\microsoft-windows-offlinefiles%4operational.evtx","System.UInt32[]","System.Diagnostics.Eventing.Reader.EventBookmark","Information","Info",,"System.Collections.ObjectModel.ReadOnlyCollection`1[System.String]","System.Collections.Generic.List`1[System.Diagnostics.Eventing.Reader.EventProperty]"
"User logoff detected
Account: RJAF-PC4429\rjaf
Session: 1","8","0",,"4","0","0","4611686018427387912","361","Microsoft-Windows-OfflineFiles","95353826-4fbe-41d4-9c42-f521c6e86360","Microsoft-Windows-OfflineFiles/Operational","936","3972","rjaf-PC4429","S-1-5-18","5/15/2014 1:33:11 PM",,,"c:\users\mac_1\desktop\winevt\logs\microsoft-windows-offlinefiles%4operational.evtx","System.UInt32[]","System.Diagnostics.Eventing.Reader.EventBookmark","Information","Info",,"System.Collections.ObjectModel.ReadOnlyCollection`1[System.String]","System.Collections.Generic.List`1[System.Diagnostics.Eventing.Reader.EventProperty]"
"User logon detected
Account: RJAF-PC4429\rjaf
Session: 1","7","0",,"4","0","0","4611686018427387912","360","Microsoft-Windows-OfflineFiles","95353826-4fbe-41d4-9c42-f521c6e86360","Microsoft-Windows-OfflineFiles/Operational","936","1100","rjaf-PC4429","S-1-5-18","5/14/2014 10:52:01 AM",,,"c:\users\mac_1\desktop\winevt\logs\microsoft-windows-offlinefiles%4operational.evtx","System.UInt32[]","System.Diagnostics.Eventing.Reader.EventBookmark","Information","Info",,"System.Collections.ObjectModel.ReadOnlyCollection`1[System.String]","System.Collections.Generic.List`1[System.Diagnostics.Eventing.Reader.EventProperty]"
"The Offline Files service started successfully.","1","0",,"4","0","0","4611686018427387920","359","Microsoft-Windows-OfflineFiles","95353826-4fbe-41d4-9c42-f521c6e86360","Microsoft-Windows-OfflineFiles/Operational","936","1080","rjaf-PC4429","S-1-5-18","5/14/2014 10:51:56 AM",,,"c:\users\mac_1\desktop\winevt\logs\microsoft-windows-offlinefiles%4operational.evtx","System.UInt32[]","System.Diagnostics.Eventing.Reader.EventBookmark","Information","Info",,"System.Collections.ObjectModel.ReadOnlyCollection`1[System.String]","System.Collections.Generic.List`1[System.Diagnostics.Eventing.Reader.EventProperty]"
"User logoff detected
Account: RJAF-PC4429\rjaf
Session: 1","8","0",,"4","0","0","4611686018427387912","358","Microsoft-Windows-OfflineFiles","95353826-4fbe-41d4-9c42-f521c6e86360","Microsoft-Windows-OfflineFiles/Operational","964","2536","rjaf-PC4429","S-1-5-18","5/13/2014 3:26:44 PM",,,"c:\users\mac_1\desktop\winevt\logs\microsoft-windows-offlinefiles%4operational.evtx","System.UInt32[]","System.Diagnostics.Eventing.Reader.EventBookmark","Information","Info",,"System.Collections.ObjectModel.ReadOnlyCollection`1[System.String]","System.Collections.Generic.List`1[System.Diagnostics.Eventing.Reader.EventProperty]"
"User logon detected
Account: RJAF-PC4429\rjaf
Session: 1","7","0",,"4","0","0","4611686018427387912","357","Microsoft-Windows-OfflineFiles","95353826-4fbe-41d4-9c42-f521c6e86360","Microsoft-Windows-OfflineFiles/Operational","964","996","rjaf-PC4429","S-1-5-18","5/11/2014 11:35:22 PM",,,"c:\users\mac_1\desktop\winevt\logs\microsoft-windows-offlinefiles%4operational.evtx","System.UInt32[]","System.Diagnostics.Eventing.Reader.EventBookmark","Information","Info",,"System.Collections.ObjectModel.ReadOnlyCollection`1[System.String]","System.Collections.Generic.List`1[System.Diagnostics.Eventing.Reader.EventProperty]"
"The Offline Files service started successfully.","1","0",,"4","0","0","4611686018427387920","356","Microsoft-Windows-OfflineFiles","95353826-4fbe-41d4-9c42-f521c6e86360","Microsoft-Windows-OfflineFiles/Operational","964","1100","rjaf-PC4429","S-1-5-18","5/11/2014 11:35:16 PM",,,"c:\users\mac_1\desktop\winevt\logs\microsoft-windows-offlinefiles%4operational.evtx","System.UInt32[]","System.Diagnostics.Eventing.Reader.EventBookmark","Information","Info",,"System.Collections.ObjectModel.ReadOnlyCollection`1[System.String]","System.Collections.Generic.List`1[System.Diagnostics.Eventing.Reader.EventProperty]"
"User logoff detected
Account: RJAF-PC4429\rjaf
Session: 1","8","0",,"4","0","0","4611686018427387912","355","Microsoft-Windows-OfflineFiles","95353826-4fbe-41d4-9c42-f521c6e86360","Microsoft-Windows-OfflineFiles/Operational","968","3948","rjaf-PC4429","S-1-5-18","5/11/2014 2:58:29 PM",,,"c:\users\mac_1\desktop\winevt\logs\microsoft-windows-offlinefiles%4operational.evtx","System.UInt32[]","System.Diagnostics.Eventing.Reader.EventBookmark","Information","Info",,"System.Collections.ObjectModel.ReadOnlyCollection`1[System.String]","System.Collections.Generic.List`1[System.Diagnostics.Eventing.Reader.EventProperty]"
"User logon detected
Account: RJAF-PC4429\rjaf
Session: 1","7","0",,"4","0","0","4611686018427387912","354","Microsoft-Windows-OfflineFiles","95353826-4fbe-41d4-9c42-f521c6e86360","Microsoft-Windows-OfflineFiles/Operational","968","988","rjaf-PC4429","S-1-5-18","5/11/2014 4:35:23 AM",,,"c:\users\mac_1\desktop\winevt\logs\microsoft-windows-offlinefiles%4operational.evtx","System.UInt32[]","System.Diagnostics.Eventing.Reader.EventBookmark","Information","Info",,"System.Collections.ObjectModel.ReadOnlyCollection`1[System.String]","System.Collections.Generic.List`1[System.Diagnostics.Eventing.Reader.EventProperty]"
"The Offline Files service started successfully.","1","0",,"4","0","0","4611686018427387920","353","Microsoft-Windows-OfflineFiles","95353826-4fbe-41d4-9c42-f521c6e86360","Microsoft-Windows-OfflineFiles/Operational","968","1096","rjaf-PC4429","S-1-5-18","5/11/2014 4:35:19 AM",,,"c:\users\mac_1\desktop\winevt\logs\microsoft-windows-offlinefiles%4operational.evtx","System.UInt32[]","System.Diagnostics.Eventing.Reader.EventBookmark","Information","Info",,"System.Collections.ObjectModel.ReadOnlyCollection`1[System.String]","System.Collections.Generic.List`1[System.Diagnostics.Eventing.Reader.EventProperty]"
"User logoff detected
Account: RJAF-PC4429\rjaf
Session: 1","8","0",,"4","0","0","4611686018427387912","352","Microsoft-Windows-OfflineFiles","95353826-4fbe-41d4-9c42-f521c6e86360","Microsoft-Windows-OfflineFiles/Operational","956","744","rjaf-PC4429","S-1-5-18","5/10/2014 2:39:19 PM",,,"c:\users\mac_1\desktop\winevt\logs\microsoft-windows-offlinefiles%4operational.evtx","System.UInt32[]","System.Diagnostics.Eventing.Reader.EventBookmark","Information","Info",,"System.Collections.ObjectModel.ReadOnlyCollection`1[System.String]","System.Collections.Generic.List`1[System.Diagnostics.Eventing.Reader.EventProperty]"
"User logon detected
Account: RJAF-PC4429\rjaf
Session: 1","7","0",,"4","0","0","4611686018427387912","351","Microsoft-Windows-OfflineFiles","95353826-4fbe-41d4-9c42-f521c6e86360","Microsoft-Windows-OfflineFiles/Operational","956","972","rjaf-PC4429","S-1-5-18","5/9/2014 11:40:00 PM",,,"c:\users\mac_1\desktop\winevt\logs\microsoft-windows-offlinefiles%4operational.evtx","System.UInt32[]","System.Diagnostics.Eventing.Reader.EventBookmark","Information","Info",,"System.Collections.ObjectModel.ReadOnlyCollection`1[System.String]","System.Collections.Generic.List`1[System.Diagnostics.Eventing.Reader.EventProperty]"
"The Offline Files service started successfully.","1","0",,"4","0","0","4611686018427387920","350","Microsoft-Windows-OfflineFiles","95353826-4fbe-41d4-9c42-f521c6e86360","Microsoft-Windows-OfflineFiles/Operational","956","1064","rjaf-PC4429","S-1-5-18","5/9/2014 11:39:47 PM",,,"c:\users\mac_1\desktop\winevt\logs\microsoft-windows-offlinefiles%4operational.evtx","System.UInt32[]","System.Diagnostics.Eventing.Reader.EventBookmark","Information","Info",,"System.Collections.ObjectModel.ReadOnlyCollection`1[System.String]","System.Collections.Generic.List`1[System.Diagnostics.Eventing.Reader.EventProperty]"
"User logoff detected
Account: RJAF-PC4429\rjaf
Session: 1","8","0",,"4","0","0","4611686018427387912","349","Microsoft-Windows-OfflineFiles","95353826-4fbe-41d4-9c42-f521c6e86360","Microsoft-Windows-OfflineFiles/Operational","980","1012","rjaf-PC4429","S-1-5-18","5/9/2014 11:18:48 AM",,,"c:\users\mac_1\desktop\winevt\logs\microsoft-windows-offlinefiles%4operational.evtx","System.UInt32[]","System.Diagnostics.Eventing.Reader.EventBookmark","Information","Info",,"System.Collections.ObjectModel.ReadOnlyCollection`1[System.String]","System.Collections.Generic.List`1[System.Diagnostics.Eventing.Reader.EventProperty]"
"User logon detected
Account: RJAF-PC4429\rjaf
Session: 1","7","0",,"4","0","0","4611686018427387912","348","Microsoft-Windows-OfflineFiles","95353826-4fbe-41d4-9c42-f521c6e86360","Microsoft-Windows-OfflineFiles/Operational","980","1192","rjaf-PC4429","S-1-5-18","5/7/2014 12:48:21 PM",,,"c:\users\mac_1\desktop\winevt\logs\microsoft-windows-offlinefiles%4operational.evtx","System.UInt32[]","System.Diagnostics.Eventing.Reader.EventBookmark","Information","Info",,"System.Collections.ObjectModel.ReadOnlyCollection`1[System.String]","System.Collections.Generic.List`1[System.Diagnostics.Eventing.Reader.EventProperty]"
"The Offline Files service started successfully.","1","0",,"4","0","0","4611686018427387920","347","Microsoft-Windows-OfflineFiles","95353826-4fbe-41d4-9c42-f521c6e86360","Microsoft-Windows-OfflineFiles/Operational","980","1108","rjaf-PC4429","S-1-5-18","5/7/2014 12:48:15 PM",,,"c:\users\mac_1\desktop\winevt\logs\microsoft-windows-offlinefiles%4operational.evtx","System.UInt32[]","System.Diagnostics.Eventing.Reader.EventBookmark","Information","Info",,"System.Collections.ObjectModel.ReadOnlyCollection`1[System.String]","System.Collections.Generic.List`1[System.Diagnostics.Eventing.Reader.EventProperty]"
"User logoff detected
Account: RJAF-PC4429\rjaf
Session: 2","8","0",,"4","0","0","4611686018427387912","346","Microsoft-Windows-OfflineFiles","95353826-4fbe-41d4-9c42-f521c6e86360","Microsoft-Windows-OfflineFiles/Operational","964","3976","rjaf-PC4429","S-1-5-18","5/7/2014 12:41:04 PM",,,"c:\users\mac_1\desktop\winevt\logs\microsoft-windows-offlinefiles%4operational.evtx","System.UInt32[]","System.Diagnostics.Eventing.Reader.EventBookmark","Information","Info",,"System.Collections.ObjectModel.ReadOnlyCollection`1[System.String]","System.Collections.Generic.List`1[System.Diagnostics.Eventing.Reader.EventProperty]"
"User logon detected
Account: RJAF-PC4429\rjaf
Session: 2","7","0",,"4","0","0","4611686018427387912","345","Microsoft-Windows-OfflineFiles","95353826-4fbe-41d4-9c42-f521c6e86360","Microsoft-Windows-OfflineFiles/Operational","964","3620","rjaf-PC4429","S-1-5-18","5/6/2014 11:24:51 AM",,,"c:\users\mac_1\desktop\winevt\logs\microsoft-windows-offlinefiles%4operational.evtx","System.UInt32[]","System.Diagnostics.Eventing.Reader.EventBookmark","Information","Info",,"System.Collections.ObjectModel.ReadOnlyCollection`1[System.String]","System.Collections.Generic.List`1[System.Diagnostics.Eventing.Reader.EventProperty]"
"User logoff detected
Account: RJAF-PC4429\rjaf
Session: 1","8","0",,"4","0","0","4611686018427387912","344","Microsoft-Windows-OfflineFiles","95353826-4fbe-41d4-9c42-f521c6e86360","Microsoft-Windows-OfflineFiles/Operational","964","2456","rjaf-PC4429","S-1-5-18","5/6/2014 6:48:37 AM",,,"c:\users\mac_1\desktop\winevt\logs\microsoft-windows-offlinefiles%4operational.evtx","System.UInt32[]","System.Diagnostics.Eventing.Reader.EventBookmark","Information","Info",,"System.Collections.ObjectModel.ReadOnlyCollection`1[System.String]","System.Collections.Generic.List`1[System.Diagnostics.Eventing.Reader.EventProperty]"
"User logon detected
Account: RJAF-PC4429\rjaf
Session: 1","7","0",,"4","0","0","4611686018427387912","343","Microsoft-Windows-OfflineFiles","95353826-4fbe-41d4-9c42-f521c6e86360","Microsoft-Windows-OfflineFiles/Operational","964","1684","rjaf-PC4429","S-1-5-18","4/28/2014 5:13:20 AM",,,"c:\users\mac_1\desktop\winevt\logs\microsoft-windows-offlinefiles%4operational.evtx","System.UInt32[]","System.Diagnostics.Eventing.Reader.EventBookmark","Information","Info",,"System.Collections.ObjectModel.ReadOnlyCollection`1[System.String]","System.Collections.Generic.List`1[System.Diagnostics.Eventing.Reader.EventProperty]"
"The Offline Files service started successfully.","1","0",,"4","0","0","4611686018427387920","342","Microsoft-Windows-OfflineFiles","95353826-4fbe-41d4-9c42-f521c6e86360","Microsoft-Windows-OfflineFiles/Operational","964","1068","rjaf-PC4429","S-1-5-18","4/28/2014 5:13:12 AM",,,"c:\users\mac_1\desktop\winevt\logs\microsoft-windows-offlinefiles%4operational.evtx","System.UInt32[]","System.Diagnostics.Eventing.Reader.EventBookmark","Information","Info",,"System.Collections.ObjectModel.ReadOnlyCollection`1[System.String]","System.Collections.Generic.List`1[System.Diagnostics.Eventing.Reader.EventProperty]"
"User logon detected
Account: RJAF-PC4429\rjaf
Session: 1","7","0",,"4","0","0","4611686018427387912","341","Microsoft-Windows-OfflineFiles","95353826-4fbe-41d4-9c42-f521c6e86360","Microsoft-Windows-OfflineFiles/Operational","968","4960","rjaf-PC4429","S-1-5-18","4/28/2014 4:14:59 AM",,,"c:\users\mac_1\desktop\winevt\logs\microsoft-windows-offlinefiles%4operational.evtx","System.UInt32[]","System.Diagnostics.Eventing.Reader.EventBookmark","Information","Info",,"System.Collections.ObjectModel.ReadOnlyCollection`1[System.String]","System.Collections.Generic.List`1[System.Diagnostics.Eventing.Reader.EventProperty]"
"User logoff detected
Account: RJAF-PC4429\rjaf
Session: 1","8","0",,"4","0","0","4611686018427387912","340","Microsoft-Windows-OfflineFiles","95353826-4fbe-41d4-9c42-f521c6e86360","Microsoft-Windows-OfflineFiles/Operational","968","4652","rjaf-PC4429","S-1-5-18","4/27/2014 12:58:57 PM",,,"c:\users\mac_1\desktop\winevt\logs\microsoft-windows-offlinefiles%4operational.evtx","System.UInt32[]","System.Diagnostics.Eventing.Reader.EventBookmark","Information","Info",,"System.Collections.ObjectModel.ReadOnlyCollection`1[System.String]","System.Collections.Generic.List`1[System.Diagnostics.Eventing.Reader.EventProperty]"
"User logon detected
Account: RJAF-PC4429\rjaf
Session: 1","7","0",,"4","0","0","4611686018427387912","339","Microsoft-Windows-OfflineFiles","95353826-4fbe-41d4-9c42-f521c6e86360","Microsoft-Windows-OfflineFiles/Operational","968","1004","rjaf-PC4429","S-1-5-18","4/23/2014 5:36:47 AM",,,"c:\users\mac_1\desktop\winevt\logs\microsoft-windows-offlinefiles%4operational.evtx","System.UInt32[]","System.Diagnostics.Eventing.Reader.EventBookmark","Information","Info",,"System.Collections.ObjectModel.ReadOnlyCollection`1[System.String]","System.Collections.Generic.List`1[System.Diagnostics.Eventing.Reader.EventProperty]"
"The Offline Files service started successfully.","1","0",,"4","0","0","4611686018427387920","338","Microsoft-Windows-OfflineFiles","95353826-4fbe-41d4-9c42-f521c6e86360","Microsoft-Windows-OfflineFiles/Operational","968","1092","rjaf-PC4429","S-1-5-18","4/23/2014 5:36:43 AM",,,"c:\users\mac_1\desktop\winevt\logs\microsoft-windows-offlinefiles%4operational.evtx","System.UInt32[]","System.Diagnostics.Eventing.Reader.EventBookmark","Information","Info",,"System.Collections.ObjectModel.ReadOnlyCollection`1[System.String]","System.Collections.Generic.List`1[System.Diagnostics.Eventing.Reader.EventProperty]"
"User logoff detected
Account: RJAF-PC4429\rjaf
Session: 1","8","0",,"4","0","0","4611686018427387912","337","Microsoft-Windows-OfflineFiles","95353826-4fbe-41d4-9c42-f521c6e86360","Microsoft-Windows-OfflineFiles/Operational","952","964","rjaf-PC4429","S-1-5-18","4/22/2014 1:58:44 PM",,,"c:\users\mac_1\desktop\winevt\logs\microsoft-windows-offlinefiles%4operational.evtx","System.UInt32[]","System.Diagnostics.Eventing.Reader.EventBookmark","Information","Info",,"System.Collections.ObjectModel.ReadOnlyCollection`1[System.String]","System.Collections.Generic.List`1[System.Diagnostics.Eventing.Reader.EventProperty]"
"User logon detected
Account: RJAF-PC4429\rjaf
Session: 1","7","0",,"4","0","0","4611686018427387912","336","Microsoft-Windows-OfflineFiles","95353826-4fbe-41d4-9c42-f521c6e86360","Microsoft-Windows-OfflineFiles/Operational","952","4136","rjaf-PC4429","S-1-5-18","4/22/2014 1:33:01 PM",,,"c:\users\mac_1\desktop\winevt\logs\microsoft-windows-offlinefiles%4operational.evtx","System.UInt32[]","System.Diagnostics.Eventing.Reader.EventBookmark","Information","Info",,"System.Collections.ObjectModel.ReadOnlyCollection`1[System.String]","System.Collections.Generic.List`1[System.Diagnostics.Eventing.Reader.EventProperty]"
"User logoff detected
Account: RJAF-PC4429\rjaf
Session: 2","8","0",,"4","0","0","4611686018427387912","335","Microsoft-Windows-OfflineFiles","95353826-4fbe-41d4-9c42-f521c6e86360","Microsoft-Windows-OfflineFiles/Operational","952","964","rjaf-PC4429","S-1-5-18","4/22/2014 1:32:49 PM",,,"c:\users\mac_1\desktop\winevt\logs\microsoft-windows-offlinefiles%4operational.evtx","System.UInt32[]","System.Diagnostics.Eventing.Reader.EventBookmark","Information","Info",,"System.Collections.ObjectModel.ReadOnlyCollection`1[System.String]","System.Collections.Generic.List`1[System.Diagnostics.Eventing.Reader.EventProperty]"
"User logon detected
Account: RJAF-PC4429\rjaf
Session: 2","7","0",,"4","0","0","4611686018427387912","334","Microsoft-Windows-OfflineFiles","95353826-4fbe-41d4-9c42-f521c6e86360","Microsoft-Windows-OfflineFiles/Operational","952","1920","rjaf-PC4429","S-1-5-18","4/21/2014 4:10:27 AM",,,"c:\users\mac_1\desktop\winevt\logs\microsoft-windows-offlinefiles%4operational.evtx","System.UInt32[]","System.Diagnostics.Eventing.Reader.EventBookmark","Information","Info",,"System.Collections.ObjectModel.ReadOnlyCollection`1[System.String]","System.Collections.Generic.List`1[System.Diagnostics.Eventing.Reader.EventProperty]"
"User logoff detected
Account: RJAF-PC4429\rjaf
Session: 1","8","0",,"4","0","0","4611686018427387912","333","Microsoft-Windows-OfflineFiles","95353826-4fbe-41d4-9c42-f521c6e86360","Microsoft-Windows-OfflineFiles/Operational","952","2292","rjaf-PC4429","S-1-5-18","4/21/2014 12:17:03 AM",,,"c:\users\mac_1\desktop\winevt\logs\microsoft-windows-offlinefiles%4operational.evtx","System.UInt32[]","System.Diagnostics.Eventing.Reader.EventBookmark","Information","Info",,"System.Collections.ObjectModel.ReadOnlyCollection`1[System.String]","System.Collections.Generic.List`1[System.Diagnostics.Eventing.Reader.EventProperty]"
"User logon detected
Account: RJAF-PC4429\rjaf
Session: 1","7","0",,"4","0","0","4611686018427387912","332","Microsoft-Windows-OfflineFiles","95353826-4fbe-41d4-9c42-f521c6e86360","Microsoft-Windows-OfflineFiles/Operational","952","964","rjaf-PC4429","S-1-5-18","4/19/2014 10:49:27 PM",,,"c:\users\mac_1\desktop\winevt\logs\microsoft-windows-offlinefiles%4operational.evtx","System.UInt32[]","System.Diagnostics.Eventing.Reader.EventBookmark","Information","Info",,"System.Collections.ObjectModel.ReadOnlyCollection`1[System.String]","System.Collections.Generic.List`1[System.Diagnostics.Eventing.Reader.EventProperty]"
"The Offline Files service started successfully.","1","0",,"4","0","0","4611686018427387920","331","Microsoft-Windows-OfflineFiles","95353826-4fbe-41d4-9c42-f521c6e86360","Microsoft-Windows-OfflineFiles/Operational","952","1072","rjaf-PC4429","S-1-5-18","4/19/2014 10:49:20 PM",,,"c:\users\mac_1\desktop\winevt\logs\microsoft-windows-offlinefiles%4operational.evtx","System.UInt32[]","System.Diagnostics.Eventing.Reader.EventBookmark","Information","Info",,"System.Collections.ObjectModel.ReadOnlyCollection`1[System.String]","System.Collections.Generic.List`1[System.Diagnostics.Eventing.Reader.EventProperty]"
