#TYPE System.Diagnostics.Eventing.Reader.EventLogRecord
"Message","Id","Version","Qualifiers","Level","Task","Opcode","Keywords","RecordId","ProviderName","ProviderId","LogName","ProcessId","ThreadId","MachineName","UserId","TimeCreated","ActivityId","RelatedActivityId","ContainerLog","MatchedQueryIds","Bookmark","LevelDisplayName","OpcodeDisplayName","TaskDisplayName","KeywordsDisplayNames","Properties"
"WinSAT Application Stop: 0","3","0",,"0","1","2","-9223372036854775808","306","Microsoft-Windows-WindowsSystemAssessmentTool","11a75546-3234-465e-bec8-2d301cb501ac","Microsoft-Windows-WindowsSystemAssessmentTool/Operational","3800","2632","rjaf-PC4429","S-1-5-21-1634558665-2257203147-3060767804-1000","3/1/2014 3:02:32 PM",,,"c:\users\mac_1\desktop\winevt\logs\microsoft-windows-windowssystemassessmenttool%4operational.evtx","System.UInt32[]","System.Diagnostics.Eventing.Reader.EventBookmark","Information","Stop",,"System.Collections.ObjectModel.ReadOnlyCollection`1[System.String]","System.Collections.Generic.List`1[System.Diagnostics.Eventing.Reader.EventProperty]"
"140","10","0",,"4","1","0","-9223372036854775808","305","Microsoft-Windows-WindowsSystemAssessmentTool","11a75546-3234-465e-bec8-2d301cb501ac","Microsoft-Windows-WindowsSystemAssessmentTool/Operational","3800","2632","rjaf-PC4429","S-1-5-21-1634558665-2257203147-3060767804-1000","3/1/2014 3:02:32 PM",,,"c:\users\mac_1\desktop\winevt\logs\microsoft-windows-windowssystemassessmenttool%4operational.evtx","System.UInt32[]","System.Diagnostics.Eventing.Reader.EventBookmark","Information","Info",,"System.Collections.ObjectModel.ReadOnlyCollection`1[System.String]","System.Collections.Generic.List`1[System.Diagnostics.Eventing.Reader.EventProperty]"
"140:Restore system policies","9","0",,"4","1","0","-9223372036854775808","304","Microsoft-Windows-WindowsSystemAssessmentTool","11a75546-3234-465e-bec8-2d301cb501ac","Microsoft-Windows-WindowsSystemAssessmentTool/Operational","3800","2632","rjaf-PC4429","S-1-5-21-1634558665-2257203147-3060767804-1000","3/1/2014 3:02:31 PM",,,"c:\users\mac_1\desktop\winevt\logs\microsoft-windows-windowssystemassessmenttool%4operational.evtx","System.UInt32[]","System.Diagnostics.Eventing.Reader.EventBookmark","Information","Info",,"System.Collections.ObjectModel.ReadOnlyCollection`1[System.String]","System.Collections.Generic.List`1[System.Diagnostics.Eventing.Reader.EventProperty]"
"150:Cleanup and exit","9","0",,"4","1","0","-9223372036854775808","303","Microsoft-Windows-WindowsSystemAssessmentTool","11a75546-3234-465e-bec8-2d301cb501ac","Microsoft-Windows-WindowsSystemAssessmentTool/Operational","3800","2632","rjaf-PC4429","S-1-5-21-1634558665-2257203147-3060767804-1000","3/1/2014 3:02:31 PM",,,"c:\users\mac_1\desktop\winevt\logs\microsoft-windows-windowssystemassessmenttool%4operational.evtx","System.UInt32[]","System.Diagnostics.Eventing.Reader.EventBookmark","Information","Info",,"System.Collections.ObjectModel.ReadOnlyCollection`1[System.String]","System.Collections.Generic.List`1[System.Diagnostics.Eventing.Reader.EventProperty]"
"130","10","0",,"4","1","0","-9223372036854775808","302","Microsoft-Windows-WindowsSystemAssessmentTool","11a75546-3234-465e-bec8-2d301cb501ac","Microsoft-Windows-WindowsSystemAssessmentTool/Operational","3800","2632","rjaf-PC4429","S-1-5-21-1634558665-2257203147-3060767804-1000","3/1/2014 3:02:31 PM",,,"c:\users\mac_1\desktop\winevt\logs\microsoft-windows-windowssystemassessmenttool%4operational.evtx","System.UInt32[]","System.Diagnostics.Eventing.Reader.EventBookmark","Information","Info",,"System.Collections.ObjectModel.ReadOnlyCollection`1[System.String]","System.Collections.Generic.List`1[System.Diagnostics.Eventing.Reader.EventProperty]"
"130:Process Results","9","0",,"4","1","0","-9223372036854775808","301","Microsoft-Windows-WindowsSystemAssessmentTool","11a75546-3234-465e-bec8-2d301cb501ac","Microsoft-Windows-WindowsSystemAssessmentTool/Operational","3800","2632","rjaf-PC4429","S-1-5-21-1634558665-2257203147-3060767804-1000","3/1/2014 3:02:31 PM",,,"c:\users\mac_1\desktop\winevt\logs\microsoft-windows-windowssystemassessmenttool%4operational.evtx","System.UInt32[]","System.Diagnostics.Eventing.Reader.EventBookmark","Information","Info",,"System.Collections.ObjectModel.ReadOnlyCollection`1[System.String]","System.Collections.Generic.List`1[System.Diagnostics.Eventing.Reader.EventProperty]"
"1009","10","0",,"4","1","0","-9223372036854775808","300","Microsoft-Windows-WindowsSystemAssessmentTool","11a75546-3234-465e-bec8-2d301cb501ac","Microsoft-Windows-WindowsSystemAssessmentTool/Operational","3800","2632","rjaf-PC4429","S-1-5-21-1634558665-2257203147-3060767804-1000","3/1/2014 3:02:31 PM",,,"c:\users\mac_1\desktop\winevt\logs\microsoft-windows-windowssystemassessmenttool%4operational.evtx","System.UInt32[]","System.Diagnostics.Eventing.Reader.EventBookmark","Information","Info",,"System.Collections.ObjectModel.ReadOnlyCollection`1[System.String]","System.Collections.Generic.List`1[System.Diagnostics.Eventing.Reader.EventProperty]"
"1009:Run Assessment, mediaex, -input C:\Windows\Performance\WinSAT\Clip_480_5sec_6mbps_h264.mp4 -video offscreen -audio mute -width 100%m -height 100%m -constrain -savereg -autoprofname -expfrmmin 270 -expfrmmax 300 -overrideframetype int2fps","9","0",,"4","1","0","-9223372036854775808","299","Microsoft-Windows-WindowsSystemAssessmentTool","11a75546-3234-465e-bec8-2d301cb501ac","Microsoft-Windows-WindowsSystemAssessmentTool/Operational","3800","2632","rjaf-PC4429","S-1-5-21-1634558665-2257203147-3060767804-1000","3/1/2014 3:02:25 PM",,,"c:\users\mac_1\desktop\winevt\logs\microsoft-windows-windowssystemassessmenttool%4operational.evtx","System.UInt32[]","System.Diagnostics.Eventing.Reader.EventBookmark","Information","Info",,"System.Collections.ObjectModel.ReadOnlyCollection`1[System.String]","System.Collections.Generic.List`1[System.Diagnostics.Eventing.Reader.EventProperty]"
"1009","10","0",,"4","1","0","-9223372036854775808","298","Microsoft-Windows-WindowsSystemAssessmentTool","11a75546-3234-465e-bec8-2d301cb501ac","Microsoft-Windows-WindowsSystemAssessmentTool/Operational","3800","2632","rjaf-PC4429","S-1-5-21-1634558665-2257203147-3060767804-1000","3/1/2014 3:02:25 PM",,,"c:\users\mac_1\desktop\winevt\logs\microsoft-windows-windowssystemassessmenttool%4operational.evtx","System.UInt32[]","System.Diagnostics.Eventing.Reader.EventBookmark","Information","Info",,"System.Collections.ObjectModel.ReadOnlyCollection`1[System.String]","System.Collections.Generic.List`1[System.Diagnostics.Eventing.Reader.EventProperty]"
"1009:Run Assessment, mediaex, -input C:\Windows\Performance\WinSAT\Clip_1080_5sec_10mbps_h264.mp4 -video offscreen -audio mute -width 100%m -height 100%m -constrain -savereg -autoprofname -expfrmmin 135 -expfrmmax 150 -overrideframetype prog","9","0",,"4","1","0","-9223372036854775808","297","Microsoft-Windows-WindowsSystemAssessmentTool","11a75546-3234-465e-bec8-2d301cb501ac","Microsoft-Windows-WindowsSystemAssessmentTool/Operational","3800","2632","rjaf-PC4429","S-1-5-21-1634558665-2257203147-3060767804-1000","3/1/2014 3:02:18 PM",,,"c:\users\mac_1\desktop\winevt\logs\microsoft-windows-windowssystemassessmenttool%4operational.evtx","System.UInt32[]","System.Diagnostics.Eventing.Reader.EventBookmark","Information","Info",,"System.Collections.ObjectModel.ReadOnlyCollection`1[System.String]","System.Collections.Generic.List`1[System.Diagnostics.Eventing.Reader.EventProperty]"
"1009","10","0",,"4","1","0","-9223372036854775808","296","Microsoft-Windows-WindowsSystemAssessmentTool","11a75546-3234-465e-bec8-2d301cb501ac","Microsoft-Windows-WindowsSystemAssessmentTool/Operational","3800","2632","rjaf-PC4429","S-1-5-21-1634558665-2257203147-3060767804-1000","3/1/2014 3:02:18 PM",,,"c:\users\mac_1\desktop\winevt\logs\microsoft-windows-windowssystemassessmenttool%4operational.evtx","System.UInt32[]","System.Diagnostics.Eventing.Reader.EventBookmark","Information","Info",,"System.Collections.ObjectModel.ReadOnlyCollection`1[System.String]","System.Collections.Generic.List`1[System.Diagnostics.Eventing.Reader.EventProperty]"
"1009:Run Assessment, mediaex, -input C:\Windows\Performance\WinSAT\Clip_480p_5sec_6mbps_new.mpg -dshow -video offscreen -audio mute -width 100%m -height 100%m -constrain -savereg -autoprofname -expfrmmin 135 -expfrmmax 150 -overrideframetype prog","9","0",,"4","1","0","-9223372036854775808","295","Microsoft-Windows-WindowsSystemAssessmentTool","11a75546-3234-465e-bec8-2d301cb501ac","Microsoft-Windows-WindowsSystemAssessmentTool/Operational","3800","2632","rjaf-PC4429","S-1-5-21-1634558665-2257203147-3060767804-1000","3/1/2014 3:02:12 PM",,,"c:\users\mac_1\desktop\winevt\logs\microsoft-windows-windowssystemassessmenttool%4operational.evtx","System.UInt32[]","System.Diagnostics.Eventing.Reader.EventBookmark","Information","Info",,"System.Collections.ObjectModel.ReadOnlyCollection`1[System.String]","System.Collections.Generic.List`1[System.Diagnostics.Eventing.Reader.EventProperty]"
"1009","10","0",,"4","1","0","-9223372036854775808","294","Microsoft-Windows-WindowsSystemAssessmentTool","11a75546-3234-465e-bec8-2d301cb501ac","Microsoft-Windows-WindowsSystemAssessmentTool/Operational","3800","2632","rjaf-PC4429","S-1-5-21-1634558665-2257203147-3060767804-1000","3/1/2014 3:02:12 PM",,,"c:\users\mac_1\desktop\winevt\logs\microsoft-windows-windowssystemassessmenttool%4operational.evtx","System.UInt32[]","System.Diagnostics.Eventing.Reader.EventBookmark","Information","Info",,"System.Collections.ObjectModel.ReadOnlyCollection`1[System.String]","System.Collections.Generic.List`1[System.Diagnostics.Eventing.Reader.EventProperty]"
"1009:Run Assessment, mediaex, -input C:\Windows\Performance\WinSAT\Clip_480i_5sec_6mbps_new.mpg -dshow -video offscreen -audio mute -width 100%m -height 100%m -constrain -savereg -autoprofname -expfrmmin 270 -expfrmmax 300 -overrideframetype int2fps","9","0",,"4","1","0","-9223372036854775808","293","Microsoft-Windows-WindowsSystemAssessmentTool","11a75546-3234-465e-bec8-2d301cb501ac","Microsoft-Windows-WindowsSystemAssessmentTool/Operational","3800","2632","rjaf-PC4429","S-1-5-21-1634558665-2257203147-3060767804-1000","3/1/2014 3:02:06 PM",,,"c:\users\mac_1\desktop\winevt\logs\microsoft-windows-windowssystemassessmenttool%4operational.evtx","System.UInt32[]","System.Diagnostics.Eventing.Reader.EventBookmark","Information","Info",,"System.Collections.ObjectModel.ReadOnlyCollection`1[System.String]","System.Collections.Generic.List`1[System.Diagnostics.Eventing.Reader.EventProperty]"
"1009","10","0",,"4","1","0","-9223372036854775808","292","Microsoft-Windows-WindowsSystemAssessmentTool","11a75546-3234-465e-bec8-2d301cb501ac","Microsoft-Windows-WindowsSystemAssessmentTool/Operational","3800","2632","rjaf-PC4429","S-1-5-21-1634558665-2257203147-3060767804-1000","3/1/2014 3:02:06 PM",,,"c:\users\mac_1\desktop\winevt\logs\microsoft-windows-windowssystemassessmenttool%4operational.evtx","System.UInt32[]","System.Diagnostics.Eventing.Reader.EventBookmark","Information","Info",,"System.Collections.ObjectModel.ReadOnlyCollection`1[System.String]","System.Collections.Generic.List`1[System.Diagnostics.Eventing.Reader.EventProperty]"
"1009:Run Assessment, mediaex, -input C:\Windows\Performance\WinSAT\Clip_1080_5sec_VC1_15mbps.wmv -video offscreen -audio mute -width 100%m -height 100%m -constrain -savereg -autoprofname -expfrmmin 135 -expfrmmax 150 -overrideframetype prog","9","0",,"4","1","0","-9223372036854775808","291","Microsoft-Windows-WindowsSystemAssessmentTool","11a75546-3234-465e-bec8-2d301cb501ac","Microsoft-Windows-WindowsSystemAssessmentTool/Operational","3800","2632","rjaf-PC4429","S-1-5-21-1634558665-2257203147-3060767804-1000","3/1/2014 3:02:00 PM",,,"c:\users\mac_1\desktop\winevt\logs\microsoft-windows-windowssystemassessmenttool%4operational.evtx","System.UInt32[]","System.Diagnostics.Eventing.Reader.EventBookmark","Information","Info",,"System.Collections.ObjectModel.ReadOnlyCollection`1[System.String]","System.Collections.Generic.List`1[System.Diagnostics.Eventing.Reader.EventProperty]"
"1009","10","0",,"4","1","0","-9223372036854775808","290","Microsoft-Windows-WindowsSystemAssessmentTool","11a75546-3234-465e-bec8-2d301cb501ac","Microsoft-Windows-WindowsSystemAssessmentTool/Operational","3800","2632","rjaf-PC4429","S-1-5-21-1634558665-2257203147-3060767804-1000","3/1/2014 3:02:00 PM",,,"c:\users\mac_1\desktop\winevt\logs\microsoft-windows-windowssystemassessmenttool%4operational.evtx","System.UInt32[]","System.Diagnostics.Eventing.Reader.EventBookmark","Information","Info",,"System.Collections.ObjectModel.ReadOnlyCollection`1[System.String]","System.Collections.Generic.List`1[System.Diagnostics.Eventing.Reader.EventProperty]"
"1009:Run Assessment, mediaex, -input C:\Windows\Performance\WinSAT\Clip_1080_5sec_MPEG2_HD_15mbps.mpg -dshow -video offscreen -audio mute -width 100%m -height 100%m -constrain -savereg -autoprofname -expfrmmin 270 -expfrmmax 300 -overrideframetype int2fps","9","0",,"4","1","0","-9223372036854775808","289","Microsoft-Windows-WindowsSystemAssessmentTool","11a75546-3234-465e-bec8-2d301cb501ac","Microsoft-Windows-WindowsSystemAssessmentTool/Operational","3800","2632","rjaf-PC4429","S-1-5-21-1634558665-2257203147-3060767804-1000","3/1/2014 3:01:53 PM",,,"c:\users\mac_1\desktop\winevt\logs\microsoft-windows-windowssystemassessmenttool%4operational.evtx","System.UInt32[]","System.Diagnostics.Eventing.Reader.EventBookmark","Information","Info",,"System.Collections.ObjectModel.ReadOnlyCollection`1[System.String]","System.Collections.Generic.List`1[System.Diagnostics.Eventing.Reader.EventProperty]"
"1008","10","0",,"4","1","0","-9223372036854775808","288","Microsoft-Windows-WindowsSystemAssessmentTool","11a75546-3234-465e-bec8-2d301cb501ac","Microsoft-Windows-WindowsSystemAssessmentTool/Operational","3800","2632","rjaf-PC4429","S-1-5-21-1634558665-2257203147-3060767804-1000","3/1/2014 3:01:53 PM",,,"c:\users\mac_1\desktop\winevt\logs\microsoft-windows-windowssystemassessmenttool%4operational.evtx","System.UInt32[]","System.Diagnostics.Eventing.Reader.EventBookmark","Information","Info",,"System.Collections.ObjectModel.ReadOnlyCollection`1[System.String]","System.Collections.Generic.List`1[System.Diagnostics.Eventing.Reader.EventProperty]"
"1008:Run Assessment, mfmedia, -input C:\Windows\Performance\WinSAT\winsat.wmv -nopmp","9","0",,"4","1","0","-9223372036854775808","287","Microsoft-Windows-WindowsSystemAssessmentTool","11a75546-3234-465e-bec8-2d301cb501ac","Microsoft-Windows-WindowsSystemAssessmentTool/Operational","3800","2632","rjaf-PC4429","S-1-5-21-1634558665-2257203147-3060767804-1000","3/1/2014 3:01:51 PM",,,"c:\users\mac_1\desktop\winevt\logs\microsoft-windows-windowssystemassessmenttool%4operational.evtx","System.UInt32[]","System.Diagnostics.Eventing.Reader.EventBookmark","Information","Info",,"System.Collections.ObjectModel.ReadOnlyCollection`1[System.String]","System.Collections.Generic.List`1[System.Diagnostics.Eventing.Reader.EventProperty]"
"1006","10","0",,"4","1","0","-9223372036854775808","286","Microsoft-Windows-WindowsSystemAssessmentTool","11a75546-3234-465e-bec8-2d301cb501ac","Microsoft-Windows-WindowsSystemAssessmentTool/Operational","3800","2632","rjaf-PC4429","S-1-5-21-1634558665-2257203147-3060767804-1000","3/1/2014 3:01:51 PM",,,"c:\users\mac_1\desktop\winevt\logs\microsoft-windows-windowssystemassessmenttool%4operational.evtx","System.UInt32[]","System.Diagnostics.Eventing.Reader.EventBookmark","Information","Info",,"System.Collections.ObjectModel.ReadOnlyCollection`1[System.String]","System.Collections.Generic.List`1[System.Diagnostics.Eventing.Reader.EventProperty]"
"1006:Run Assessment, d3d, -dx10  -aname CBuffer -time 5 -fbc 10 -disp off -animate 10 -width 1280 -height 1024 -totalobj 75 -batchcnt C(25) -objs C(8) -rendertotex 6 -rtdelta 3 -texpobj C(1) -cbuffershader -cbufa 2 -cbuff 5 -cbufp 6","9","0",,"4","1","0","-9223372036854775808","285","Microsoft-Windows-WindowsSystemAssessmentTool","11a75546-3234-465e-bec8-2d301cb501ac","Microsoft-Windows-WindowsSystemAssessmentTool/Operational","3800","2632","rjaf-PC4429","S-1-5-21-1634558665-2257203147-3060767804-1000","3/1/2014 3:01:45 PM",,,"c:\users\mac_1\desktop\winevt\logs\microsoft-windows-windowssystemassessmenttool%4operational.evtx","System.UInt32[]","System.Diagnostics.Eventing.Reader.EventBookmark","Information","Info",,"System.Collections.ObjectModel.ReadOnlyCollection`1[System.String]","System.Collections.Generic.List`1[System.Diagnostics.Eventing.Reader.EventProperty]"
"1006","10","0",,"4","1","0","-9223372036854775808","284","Microsoft-Windows-WindowsSystemAssessmentTool","11a75546-3234-465e-bec8-2d301cb501ac","Microsoft-Windows-WindowsSystemAssessmentTool/Operational","3800","2632","rjaf-PC4429","S-1-5-21-1634558665-2257203147-3060767804-1000","3/1/2014 3:01:45 PM",,,"c:\users\mac_1\desktop\winevt\logs\microsoft-windows-windowssystemassessmenttool%4operational.evtx","System.UInt32[]","System.Diagnostics.Eventing.Reader.EventBookmark","Information","Info",,"System.Collections.ObjectModel.ReadOnlyCollection`1[System.String]","System.Collections.Generic.List`1[System.Diagnostics.Eventing.Reader.EventProperty]"
"1006:Run Assessment, d3d, -dx10  -aname GeomV8 -time 7 -fbc 10 -disp off -animate 10 -width 1280 -height 1024 -totalobj 75;100;120 -batchcnt C(25);C(100);C(150) -objs C(8);C(17);C(29) -noalpha -geomv8shader -texpobj C(0) -rendertotex 6 -rtdelta 3 -tierframes 60 -tiertime 1","9","0",,"4","1","0","-9223372036854775808","283","Microsoft-Windows-WindowsSystemAssessmentTool","11a75546-3234-465e-bec8-2d301cb501ac","Microsoft-Windows-WindowsSystemAssessmentTool/Operational","3800","2632","rjaf-PC4429","S-1-5-21-1634558665-2257203147-3060767804-1000","3/1/2014 3:01:37 PM",,,"c:\users\mac_1\desktop\winevt\logs\microsoft-windows-windowssystemassessmenttool%4operational.evtx","System.UInt32[]","System.Diagnostics.Eventing.Reader.EventBookmark","Information","Info",,"System.Collections.ObjectModel.ReadOnlyCollection`1[System.String]","System.Collections.Generic.List`1[System.Diagnostics.Eventing.Reader.EventProperty]"
"1006","10","0",,"4","1","0","-9223372036854775808","282","Microsoft-Windows-WindowsSystemAssessmentTool","11a75546-3234-465e-bec8-2d301cb501ac","Microsoft-Windows-WindowsSystemAssessmentTool/Operational","3800","2632","rjaf-PC4429","S-1-5-21-1634558665-2257203147-3060767804-1000","3/1/2014 3:01:37 PM",,,"c:\users\mac_1\desktop\winevt\logs\microsoft-windows-windowssystemassessmenttool%4operational.evtx","System.UInt32[]","System.Diagnostics.Eventing.Reader.EventBookmark","Information","Info",,"System.Collections.ObjectModel.ReadOnlyCollection`1[System.String]","System.Collections.Generic.List`1[System.Diagnostics.Eventing.Reader.EventProperty]"
"1006:Run Assessment, d3d, -dx10  -aname GeomF4 -time 7 -fbc 10 -disp off -animate 10 -width 1280 -height 1024 -totalobj 150;200;241 -batchcnt C(50);C(200);C(300) -objs C(12);C(26);C(45) -noalpha -geomf4shader -texpobj C(0) -rendertotex 6 -rtdelta 3 -tierframes 60 -tiertime 1","9","0",,"4","1","0","-9223372036854775808","281","Microsoft-Windows-WindowsSystemAssessmentTool","11a75546-3234-465e-bec8-2d301cb501ac","Microsoft-Windows-WindowsSystemAssessmentTool/Operational","3800","2632","rjaf-PC4429","S-1-5-21-1634558665-2257203147-3060767804-1000","3/1/2014 3:01:29 PM",,,"c:\users\mac_1\desktop\winevt\logs\microsoft-windows-windowssystemassessmenttool%4operational.evtx","System.UInt32[]","System.Diagnostics.Eventing.Reader.EventBookmark","Information","Info",,"System.Collections.ObjectModel.ReadOnlyCollection`1[System.String]","System.Collections.Generic.List`1[System.Diagnostics.Eventing.Reader.EventProperty]"
"1006","10","0",,"4","1","0","-9223372036854775808","280","Microsoft-Windows-WindowsSystemAssessmentTool","11a75546-3234-465e-bec8-2d301cb501ac","Microsoft-Windows-WindowsSystemAssessmentTool/Operational","3800","2632","rjaf-PC4429","S-1-5-21-1634558665-2257203147-3060767804-1000","3/1/2014 3:01:29 PM",,,"c:\users\mac_1\desktop\winevt\logs\microsoft-windows-windowssystemassessmenttool%4operational.evtx","System.UInt32[]","System.Diagnostics.Eventing.Reader.EventBookmark","Information","Info",,"System.Collections.ObjectModel.ReadOnlyCollection`1[System.String]","System.Collections.Generic.List`1[System.Diagnostics.Eventing.Reader.EventProperty]"
"1006:Run Assessment, d3d, -dx10  -aname ALU -time 5 -fbc 10 -disp off -animate 10 -width 1280 -height 1024 -totalobj 500 -batchcnt C(125) -objs C(20) -noalpha -alushader -totaltex 10 -texpobj C(1) -rendertotex 6 -rtdelta 3","9","0",,"4","1","0","-9223372036854775808","279","Microsoft-Windows-WindowsSystemAssessmentTool","11a75546-3234-465e-bec8-2d301cb501ac","Microsoft-Windows-WindowsSystemAssessmentTool/Operational","3800","2632","rjaf-PC4429","S-1-5-21-1634558665-2257203147-3060767804-1000","3/1/2014 3:01:10 PM",,,"c:\users\mac_1\desktop\winevt\logs\microsoft-windows-windowssystemassessmenttool%4operational.evtx","System.UInt32[]","System.Diagnostics.Eventing.Reader.EventBookmark","Information","Info",,"System.Collections.ObjectModel.ReadOnlyCollection`1[System.String]","System.Collections.Generic.List`1[System.Diagnostics.Eventing.Reader.EventProperty]"
"1006","10","0",,"4","1","0","-9223372036854775808","278","Microsoft-Windows-WindowsSystemAssessmentTool","11a75546-3234-465e-bec8-2d301cb501ac","Microsoft-Windows-WindowsSystemAssessmentTool/Operational","3800","2632","rjaf-PC4429","S-1-5-21-1634558665-2257203147-3060767804-1000","3/1/2014 3:01:10 PM",,,"c:\users\mac_1\desktop\winevt\logs\microsoft-windows-windowssystemassessmenttool%4operational.evtx","System.UInt32[]","System.Diagnostics.Eventing.Reader.EventBookmark","Information","Info",,"System.Collections.ObjectModel.ReadOnlyCollection`1[System.String]","System.Collections.Generic.List`1[System.Diagnostics.Eventing.Reader.EventProperty]"
"1006:Run Assessment, d3d, -dx10  -aname Tex -time 5 -fbc 10 -disp off -animate 10 -width 1280 -height 1024 -totalobj 500 -batchcnt C(125) -objs C(20) -noalpha -texshader -totaltex 10 -texpobj C(4) -rendertotex 6 -rtdelta 3","9","0",,"4","1","0","-9223372036854775808","277","Microsoft-Windows-WindowsSystemAssessmentTool","11a75546-3234-465e-bec8-2d301cb501ac","Microsoft-Windows-WindowsSystemAssessmentTool/Operational","3800","2632","rjaf-PC4429","S-1-5-21-1634558665-2257203147-3060767804-1000","3/1/2014 3:00:57 PM",,,"c:\users\mac_1\desktop\winevt\logs\microsoft-windows-windowssystemassessmenttool%4operational.evtx","System.UInt32[]","System.Diagnostics.Eventing.Reader.EventBookmark","Information","Info",,"System.Collections.ObjectModel.ReadOnlyCollection`1[System.String]","System.Collections.Generic.List`1[System.Diagnostics.Eventing.Reader.EventProperty]"
"1006","10","0",,"4","1","0","-9223372036854775808","276","Microsoft-Windows-WindowsSystemAssessmentTool","11a75546-3234-465e-bec8-2d301cb501ac","Microsoft-Windows-WindowsSystemAssessmentTool/Operational","3800","2632","rjaf-PC4429","S-1-5-21-1634558665-2257203147-3060767804-1000","3/1/2014 3:00:57 PM",,,"c:\users\mac_1\desktop\winevt\logs\microsoft-windows-windowssystemassessmenttool%4operational.evtx","System.UInt32[]","System.Diagnostics.Eventing.Reader.EventBookmark","Information","Info",,"System.Collections.ObjectModel.ReadOnlyCollection`1[System.String]","System.Collections.Generic.List`1[System.Diagnostics.Eventing.Reader.EventProperty]"
"1006:Run Assessment, d3d, -dx10  -aname Alpha -time 5 -fbc 10 -disp off -animate 10 -width 1280 -height 1024 -totalobj 300 -batchcnt C(75) -objs C(26) -rendertotex 6 -rtdelta 3 -texpobj C(1)","9","0",,"4","1","0","-9223372036854775808","275","Microsoft-Windows-WindowsSystemAssessmentTool","11a75546-3234-465e-bec8-2d301cb501ac","Microsoft-Windows-WindowsSystemAssessmentTool/Operational","3800","2632","rjaf-PC4429","S-1-5-21-1634558665-2257203147-3060767804-1000","3/1/2014 3:00:51 PM",,,"c:\users\mac_1\desktop\winevt\logs\microsoft-windows-windowssystemassessmenttool%4operational.evtx","System.UInt32[]","System.Diagnostics.Eventing.Reader.EventBookmark","Information","Info",,"System.Collections.ObjectModel.ReadOnlyCollection`1[System.String]","System.Collections.Generic.List`1[System.Diagnostics.Eventing.Reader.EventProperty]"
"1006","10","0",,"4","1","0","-9223372036854775808","274","Microsoft-Windows-WindowsSystemAssessmentTool","11a75546-3234-465e-bec8-2d301cb501ac","Microsoft-Windows-WindowsSystemAssessmentTool/Operational","3800","2632","rjaf-PC4429","S-1-5-21-1634558665-2257203147-3060767804-1000","3/1/2014 3:00:51 PM",,,"c:\users\mac_1\desktop\winevt\logs\microsoft-windows-windowssystemassessmenttool%4operational.evtx","System.UInt32[]","System.Diagnostics.Eventing.Reader.EventBookmark","Information","Info",,"System.Collections.ObjectModel.ReadOnlyCollection`1[System.String]","System.Collections.Generic.List`1[System.Diagnostics.Eventing.Reader.EventProperty]"
"1006:Run Assessment, d3d, -dx10  -aname Batch -time 5 -fbc 10 -disp off -animate 10 -width 1280 -height 1024 -totalobj 300 -batchcnt C(10) -objs C(26) -rendertotex 6 -rtdelta 3 -texpobj C(1)","9","0",,"4","1","0","-9223372036854775808","273","Microsoft-Windows-WindowsSystemAssessmentTool","11a75546-3234-465e-bec8-2d301cb501ac","Microsoft-Windows-WindowsSystemAssessmentTool/Operational","3800","2632","rjaf-PC4429","S-1-5-21-1634558665-2257203147-3060767804-1000","3/1/2014 3:00:45 PM",,,"c:\users\mac_1\desktop\winevt\logs\microsoft-windows-windowssystemassessmenttool%4operational.evtx","System.UInt32[]","System.Diagnostics.Eventing.Reader.EventBookmark","Information","Info",,"System.Collections.ObjectModel.ReadOnlyCollection`1[System.String]","System.Collections.Generic.List`1[System.Diagnostics.Eventing.Reader.EventProperty]"
"1006","10","0",,"4","1","0","-9223372036854775808","272","Microsoft-Windows-WindowsSystemAssessmentTool","11a75546-3234-465e-bec8-2d301cb501ac","Microsoft-Windows-WindowsSystemAssessmentTool/Operational","3800","2632","rjaf-PC4429","S-1-5-21-1634558665-2257203147-3060767804-1000","3/1/2014 3:00:45 PM",,,"c:\users\mac_1\desktop\winevt\logs\microsoft-windows-windowssystemassessmenttool%4operational.evtx","System.UInt32[]","System.Diagnostics.Eventing.Reader.EventBookmark","Information","Info",,"System.Collections.ObjectModel.ReadOnlyCollection`1[System.String]","System.Collections.Generic.List`1[System.Diagnostics.Eventing.Reader.EventProperty]"
"1006:Run Assessment, d3d, -aname ALU -time 5 -fbc 10 -disp off -animate 10 -width 1280 -height 1024 -totalobj 500 -batchcnt C(125) -objs C(20) -noalpha -alushader -totaltex 10 -texpobj C(1) -rendertotex 6 -rtdelta 3","9","0",,"4","1","0","-9223372036854775808","271","Microsoft-Windows-WindowsSystemAssessmentTool","11a75546-3234-465e-bec8-2d301cb501ac","Microsoft-Windows-WindowsSystemAssessmentTool/Operational","3800","2632","rjaf-PC4429","S-1-5-21-1634558665-2257203147-3060767804-1000","3/1/2014 3:00:36 PM",,,"c:\users\mac_1\desktop\winevt\logs\microsoft-windows-windowssystemassessmenttool%4operational.evtx","System.UInt32[]","System.Diagnostics.Eventing.Reader.EventBookmark","Information","Info",,"System.Collections.ObjectModel.ReadOnlyCollection`1[System.String]","System.Collections.Generic.List`1[System.Diagnostics.Eventing.Reader.EventProperty]"
"1006","10","0",,"4","1","0","-9223372036854775808","270","Microsoft-Windows-WindowsSystemAssessmentTool","11a75546-3234-465e-bec8-2d301cb501ac","Microsoft-Windows-WindowsSystemAssessmentTool/Operational","3800","2632","rjaf-PC4429","S-1-5-21-1634558665-2257203147-3060767804-1000","3/1/2014 3:00:36 PM",,,"c:\users\mac_1\desktop\winevt\logs\microsoft-windows-windowssystemassessmenttool%4operational.evtx","System.UInt32[]","System.Diagnostics.Eventing.Reader.EventBookmark","Information","Info",,"System.Collections.ObjectModel.ReadOnlyCollection`1[System.String]","System.Collections.Generic.List`1[System.Diagnostics.Eventing.Reader.EventProperty]"
"1006:Run Assessment, d3d, -aname Tex -time 5 -fbc 10 -disp off -animate 10 -width 1280 -height 1024 -totalobj 500 -batchcnt C(125) -objs C(20) -noalpha -texshader -totaltex 10 -texpobj C(4) -rendertotex 6 -rtdelta 3","9","0",,"4","1","0","-9223372036854775808","269","Microsoft-Windows-WindowsSystemAssessmentTool","11a75546-3234-465e-bec8-2d301cb501ac","Microsoft-Windows-WindowsSystemAssessmentTool/Operational","3800","2632","rjaf-PC4429","S-1-5-21-1634558665-2257203147-3060767804-1000","3/1/2014 3:00:27 PM",,,"c:\users\mac_1\desktop\winevt\logs\microsoft-windows-windowssystemassessmenttool%4operational.evtx","System.UInt32[]","System.Diagnostics.Eventing.Reader.EventBookmark","Information","Info",,"System.Collections.ObjectModel.ReadOnlyCollection`1[System.String]","System.Collections.Generic.List`1[System.Diagnostics.Eventing.Reader.EventProperty]"
"1006","10","0",,"4","1","0","-9223372036854775808","268","Microsoft-Windows-WindowsSystemAssessmentTool","11a75546-3234-465e-bec8-2d301cb501ac","Microsoft-Windows-WindowsSystemAssessmentTool/Operational","3800","2632","rjaf-PC4429","S-1-5-21-1634558665-2257203147-3060767804-1000","3/1/2014 3:00:27 PM",,,"c:\users\mac_1\desktop\winevt\logs\microsoft-windows-windowssystemassessmenttool%4operational.evtx","System.UInt32[]","System.Diagnostics.Eventing.Reader.EventBookmark","Information","Info",,"System.Collections.ObjectModel.ReadOnlyCollection`1[System.String]","System.Collections.Generic.List`1[System.Diagnostics.Eventing.Reader.EventProperty]"
"1006:Run Assessment, d3d, -aname Alpha -time 5 -fbc 10 -disp off -animate 10 -width 1280 -height 1024 -totalobj 300 -batchcnt C(75) -objs C(26) -rendertotex 6 -rtdelta 3 -texpobj C(1)","9","0",,"4","1","0","-9223372036854775808","267","Microsoft-Windows-WindowsSystemAssessmentTool","11a75546-3234-465e-bec8-2d301cb501ac","Microsoft-Windows-WindowsSystemAssessmentTool/Operational","3800","2632","rjaf-PC4429","S-1-5-21-1634558665-2257203147-3060767804-1000","3/1/2014 3:00:21 PM",,,"c:\users\mac_1\desktop\winevt\logs\microsoft-windows-windowssystemassessmenttool%4operational.evtx","System.UInt32[]","System.Diagnostics.Eventing.Reader.EventBookmark","Information","Info",,"System.Collections.ObjectModel.ReadOnlyCollection`1[System.String]","System.Collections.Generic.List`1[System.Diagnostics.Eventing.Reader.EventProperty]"
"1006","10","0",,"4","1","0","-9223372036854775808","266","Microsoft-Windows-WindowsSystemAssessmentTool","11a75546-3234-465e-bec8-2d301cb501ac","Microsoft-Windows-WindowsSystemAssessmentTool/Operational","3800","2632","rjaf-PC4429","S-1-5-21-1634558665-2257203147-3060767804-1000","3/1/2014 3:00:21 PM",,,"c:\users\mac_1\desktop\winevt\logs\microsoft-windows-windowssystemassessmenttool%4operational.evtx","System.UInt32[]","System.Diagnostics.Eventing.Reader.EventBookmark","Information","Info",,"System.Collections.ObjectModel.ReadOnlyCollection`1[System.String]","System.Collections.Generic.List`1[System.Diagnostics.Eventing.Reader.EventProperty]"
"1006:Run Assessment, d3d, -aname Batch -time 5 -fbc 10 -disp off -animate 10 -width 1280 -height 1024 -totalobj 300 -batchcnt C(10) -objs C(26) -rendertotex 6 -rtdelta 3 -texpobj C(1)","9","0",,"4","1","0","-9223372036854775808","265","Microsoft-Windows-WindowsSystemAssessmentTool","11a75546-3234-465e-bec8-2d301cb501ac","Microsoft-Windows-WindowsSystemAssessmentTool/Operational","3800","2632","rjaf-PC4429","S-1-5-21-1634558665-2257203147-3060767804-1000","3/1/2014 3:00:15 PM",,,"c:\users\mac_1\desktop\winevt\logs\microsoft-windows-windowssystemassessmenttool%4operational.evtx","System.UInt32[]","System.Diagnostics.Eventing.Reader.EventBookmark","Information","Info",,"System.Collections.ObjectModel.ReadOnlyCollection`1[System.String]","System.Collections.Generic.List`1[System.Diagnostics.Eventing.Reader.EventProperty]"
"1005","10","0",,"4","1","0","-9223372036854775808","264","Microsoft-Windows-WindowsSystemAssessmentTool","11a75546-3234-465e-bec8-2d301cb501ac","Microsoft-Windows-WindowsSystemAssessmentTool/Operational","3800","2632","rjaf-PC4429","S-1-5-21-1634558665-2257203147-3060767804-1000","3/1/2014 3:00:15 PM",,,"c:\users\mac_1\desktop\winevt\logs\microsoft-windows-windowssystemassessmenttool%4operational.evtx","System.UInt32[]","System.Diagnostics.Eventing.Reader.EventBookmark","Information","Info",,"System.Collections.ObjectModel.ReadOnlyCollection`1[System.String]","System.Collections.Generic.List`1[System.Diagnostics.Eventing.Reader.EventProperty]"
"1005:Run Assessment, dwm, -aname DWM -time 10 -fbc 10 -disp off -normalw 12 -width 1280 -height 1024 -winwidth C(1144) -winheight C(915) -rendertotex 6 -rtdelta 3 -nolock","9","0",,"4","1","0","-9223372036854775808","263","Microsoft-Windows-WindowsSystemAssessmentTool","11a75546-3234-465e-bec8-2d301cb501ac","Microsoft-Windows-WindowsSystemAssessmentTool/Operational","3800","2632","rjaf-PC4429","S-1-5-21-1634558665-2257203147-3060767804-1000","3/1/2014 3:00:03 PM",,,"c:\users\mac_1\desktop\winevt\logs\microsoft-windows-windowssystemassessmenttool%4operational.evtx","System.UInt32[]","System.Diagnostics.Eventing.Reader.EventBookmark","Information","Info",,"System.Collections.ObjectModel.ReadOnlyCollection`1[System.String]","System.Collections.Generic.List`1[System.Diagnostics.Eventing.Reader.EventProperty]"
"1001","10","0",,"4","1","0","-9223372036854775808","262","Microsoft-Windows-WindowsSystemAssessmentTool","11a75546-3234-465e-bec8-2d301cb501ac","Microsoft-Windows-WindowsSystemAssessmentTool/Operational","3800","2632","rjaf-PC4429","S-1-5-21-1634558665-2257203147-3060767804-1000","3/1/2014 3:00:03 PM",,,"c:\users\mac_1\desktop\winevt\logs\microsoft-windows-windowssystemassessmenttool%4operational.evtx","System.UInt32[]","System.Diagnostics.Eventing.Reader.EventBookmark","Information","Info",,"System.Collections.ObjectModel.ReadOnlyCollection`1[System.String]","System.Collections.Generic.List`1[System.Diagnostics.Eventing.Reader.EventProperty]"
"120","10","0",,"4","1","0","-9223372036854775808","261","Microsoft-Windows-WindowsSystemAssessmentTool","11a75546-3234-465e-bec8-2d301cb501ac","Microsoft-Windows-WindowsSystemAssessmentTool/Operational","3800","2632","rjaf-PC4429","S-1-5-21-1634558665-2257203147-3060767804-1000","3/1/2014 3:00:03 PM",,,"c:\users\mac_1\desktop\winevt\logs\microsoft-windows-windowssystemassessmenttool%4operational.evtx","System.UInt32[]","System.Diagnostics.Eventing.Reader.EventBookmark","Information","Info",,"System.Collections.ObjectModel.ReadOnlyCollection`1[System.String]","System.Collections.Generic.List`1[System.Diagnostics.Eventing.Reader.EventProperty]"
"120:Get graphics adapter information","9","0",,"4","1","0","-9223372036854775808","260","Microsoft-Windows-WindowsSystemAssessmentTool","11a75546-3234-465e-bec8-2d301cb501ac","Microsoft-Windows-WindowsSystemAssessmentTool/Operational","3800","2632","rjaf-PC4429","S-1-5-21-1634558665-2257203147-3060767804-1000","3/1/2014 3:00:03 PM",,,"c:\users\mac_1\desktop\winevt\logs\microsoft-windows-windowssystemassessmenttool%4operational.evtx","System.UInt32[]","System.Diagnostics.Eventing.Reader.EventBookmark","Information","Info",,"System.Collections.ObjectModel.ReadOnlyCollection`1[System.String]","System.Collections.Generic.List`1[System.Diagnostics.Eventing.Reader.EventProperty]"
"1001:Run Assessment, features, ","9","0",,"4","1","0","-9223372036854775808","259","Microsoft-Windows-WindowsSystemAssessmentTool","11a75546-3234-465e-bec8-2d301cb501ac","Microsoft-Windows-WindowsSystemAssessmentTool/Operational","3800","2632","rjaf-PC4429","S-1-5-21-1634558665-2257203147-3060767804-1000","3/1/2014 3:00:03 PM",,,"c:\users\mac_1\desktop\winevt\logs\microsoft-windows-windowssystemassessmenttool%4operational.evtx","System.UInt32[]","System.Diagnostics.Eventing.Reader.EventBookmark","Information","Info",,"System.Collections.ObjectModel.ReadOnlyCollection`1[System.String]","System.Collections.Generic.List`1[System.Diagnostics.Eventing.Reader.EventProperty]"
"10","10","0",,"4","1","0","-9223372036854775808","258","Microsoft-Windows-WindowsSystemAssessmentTool","11a75546-3234-465e-bec8-2d301cb501ac","Microsoft-Windows-WindowsSystemAssessmentTool/Operational","3800","2632","rjaf-PC4429","S-1-5-21-1634558665-2257203147-3060767804-1000","3/1/2014 3:00:03 PM",,,"c:\users\mac_1\desktop\winevt\logs\microsoft-windows-windowssystemassessmenttool%4operational.evtx","System.UInt32[]","System.Diagnostics.Eventing.Reader.EventBookmark","Information","Info",,"System.Collections.ObjectModel.ReadOnlyCollection`1[System.String]","System.Collections.Generic.List`1[System.Diagnostics.Eventing.Reader.EventProperty]"
"30","10","0",,"4","1","0","-9223372036854775808","257","Microsoft-Windows-WindowsSystemAssessmentTool","11a75546-3234-465e-bec8-2d301cb501ac","Microsoft-Windows-WindowsSystemAssessmentTool/Operational","3800","2632","rjaf-PC4429","S-1-5-21-1634558665-2257203147-3060767804-1000","3/1/2014 3:00:03 PM",,,"c:\users\mac_1\desktop\winevt\logs\microsoft-windows-windowssystemassessmenttool%4operational.evtx","System.UInt32[]","System.Diagnostics.Eventing.Reader.EventBookmark","Information","Info",,"System.Collections.ObjectModel.ReadOnlyCollection`1[System.String]","System.Collections.Generic.List`1[System.Diagnostics.Eventing.Reader.EventProperty]"
"50","10","0",,"4","1","0","-9223372036854775808","256","Microsoft-Windows-WindowsSystemAssessmentTool","11a75546-3234-465e-bec8-2d301cb501ac","Microsoft-Windows-WindowsSystemAssessmentTool/Operational","3800","2632","rjaf-PC4429","S-1-5-21-1634558665-2257203147-3060767804-1000","3/1/2014 3:00:03 PM",,,"c:\users\mac_1\desktop\winevt\logs\microsoft-windows-windowssystemassessmenttool%4operational.evtx","System.UInt32[]","System.Diagnostics.Eventing.Reader.EventBookmark","Information","Info",,"System.Collections.ObjectModel.ReadOnlyCollection`1[System.String]","System.Collections.Generic.List`1[System.Diagnostics.Eventing.Reader.EventProperty]"
"110","10","0",,"4","1","0","-9223372036854775808","255","Microsoft-Windows-WindowsSystemAssessmentTool","11a75546-3234-465e-bec8-2d301cb501ac","Microsoft-Windows-WindowsSystemAssessmentTool/Operational","3800","2632","rjaf-PC4429","S-1-5-21-1634558665-2257203147-3060767804-1000","3/1/2014 3:00:03 PM",,,"c:\users\mac_1\desktop\winevt\logs\microsoft-windows-windowssystemassessmenttool%4operational.evtx","System.UInt32[]","System.Diagnostics.Eventing.Reader.EventBookmark","Information","Info",,"System.Collections.ObjectModel.ReadOnlyCollection`1[System.String]","System.Collections.Generic.List`1[System.Diagnostics.Eventing.Reader.EventProperty]"
"110:Get WDDM support","9","0",,"4","1","0","-9223372036854775808","254","Microsoft-Windows-WindowsSystemAssessmentTool","11a75546-3234-465e-bec8-2d301cb501ac","Microsoft-Windows-WindowsSystemAssessmentTool/Operational","3800","2632","rjaf-PC4429","S-1-5-21-1634558665-2257203147-3060767804-1000","3/1/2014 3:00:03 PM",,,"c:\users\mac_1\desktop\winevt\logs\microsoft-windows-windowssystemassessmenttool%4operational.evtx","System.UInt32[]","System.Diagnostics.Eventing.Reader.EventBookmark","Information","Info",,"System.Collections.ObjectModel.ReadOnlyCollection`1[System.String]","System.Collections.Generic.List`1[System.Diagnostics.Eventing.Reader.EventProperty]"
"100","10","0",,"4","1","0","-9223372036854775808","253","Microsoft-Windows-WindowsSystemAssessmentTool","11a75546-3234-465e-bec8-2d301cb501ac","Microsoft-Windows-WindowsSystemAssessmentTool/Operational","3800","2632","rjaf-PC4429","S-1-5-21-1634558665-2257203147-3060767804-1000","3/1/2014 3:00:03 PM",,,"c:\users\mac_1\desktop\winevt\logs\microsoft-windows-windowssystemassessmenttool%4operational.evtx","System.UInt32[]","System.Diagnostics.Eventing.Reader.EventBookmark","Information","Info",,"System.Collections.ObjectModel.ReadOnlyCollection`1[System.String]","System.Collections.Generic.List`1[System.Diagnostics.Eventing.Reader.EventProperty]"
"100:Get shader support","9","0",,"4","1","0","-9223372036854775808","252","Microsoft-Windows-WindowsSystemAssessmentTool","11a75546-3234-465e-bec8-2d301cb501ac","Microsoft-Windows-WindowsSystemAssessmentTool/Operational","3800","2632","rjaf-PC4429","S-1-5-21-1634558665-2257203147-3060767804-1000","3/1/2014 3:00:03 PM",,,"c:\users\mac_1\desktop\winevt\logs\microsoft-windows-windowssystemassessmenttool%4operational.evtx","System.UInt32[]","System.Diagnostics.Eventing.Reader.EventBookmark","Information","Info",,"System.Collections.ObjectModel.ReadOnlyCollection`1[System.String]","System.Collections.Generic.List`1[System.Diagnostics.Eventing.Reader.EventProperty]"
"90","10","0",,"4","1","0","-9223372036854775808","251","Microsoft-Windows-WindowsSystemAssessmentTool","11a75546-3234-465e-bec8-2d301cb501ac","Microsoft-Windows-WindowsSystemAssessmentTool/Operational","3800","2632","rjaf-PC4429","S-1-5-21-1634558665-2257203147-3060767804-1000","3/1/2014 3:00:03 PM",,,"c:\users\mac_1\desktop\winevt\logs\microsoft-windows-windowssystemassessmenttool%4operational.evtx","System.UInt32[]","System.Diagnostics.Eventing.Reader.EventBookmark","Information","Info",,"System.Collections.ObjectModel.ReadOnlyCollection`1[System.String]","System.Collections.Generic.List`1[System.Diagnostics.Eventing.Reader.EventProperty]"
"90:Get Adapter Description","9","0",,"4","1","0","-9223372036854775808","250","Microsoft-Windows-WindowsSystemAssessmentTool","11a75546-3234-465e-bec8-2d301cb501ac","Microsoft-Windows-WindowsSystemAssessmentTool/Operational","3800","2632","rjaf-PC4429","S-1-5-21-1634558665-2257203147-3060767804-1000","3/1/2014 3:00:03 PM",,,"c:\users\mac_1\desktop\winevt\logs\microsoft-windows-windowssystemassessmenttool%4operational.evtx","System.UInt32[]","System.Diagnostics.Eventing.Reader.EventBookmark","Information","Info",,"System.Collections.ObjectModel.ReadOnlyCollection`1[System.String]","System.Collections.Generic.List`1[System.Diagnostics.Eventing.Reader.EventProperty]"
"80","10","0",,"4","1","0","-9223372036854775808","249","Microsoft-Windows-WindowsSystemAssessmentTool","11a75546-3234-465e-bec8-2d301cb501ac","Microsoft-Windows-WindowsSystemAssessmentTool/Operational","3800","2632","rjaf-PC4429","S-1-5-21-1634558665-2257203147-3060767804-1000","3/1/2014 3:00:03 PM",,,"c:\users\mac_1\desktop\winevt\logs\microsoft-windows-windowssystemassessmenttool%4operational.evtx","System.UInt32[]","System.Diagnostics.Eventing.Reader.EventBookmark","Information","Info",,"System.Collections.ObjectModel.ReadOnlyCollection`1[System.String]","System.Collections.Generic.List`1[System.Diagnostics.Eventing.Reader.EventProperty]"
"80:Get DX9 Device capabilities","9","0",,"4","1","0","-9223372036854775808","248","Microsoft-Windows-WindowsSystemAssessmentTool","11a75546-3234-465e-bec8-2d301cb501ac","Microsoft-Windows-WindowsSystemAssessmentTool/Operational","3800","2632","rjaf-PC4429","S-1-5-21-1634558665-2257203147-3060767804-1000","3/1/2014 3:00:03 PM",,,"c:\users\mac_1\desktop\winevt\logs\microsoft-windows-windowssystemassessmenttool%4operational.evtx","System.UInt32[]","System.Diagnostics.Eventing.Reader.EventBookmark","Information","Info",,"System.Collections.ObjectModel.ReadOnlyCollection`1[System.String]","System.Collections.Generic.List`1[System.Diagnostics.Eventing.Reader.EventProperty]"
"70","10","0",,"4","1","0","-9223372036854775808","247","Microsoft-Windows-WindowsSystemAssessmentTool","11a75546-3234-465e-bec8-2d301cb501ac","Microsoft-Windows-WindowsSystemAssessmentTool/Operational","3800","2632","rjaf-PC4429","S-1-5-21-1634558665-2257203147-3060767804-1000","3/1/2014 3:00:03 PM",,,"c:\users\mac_1\desktop\winevt\logs\microsoft-windows-windowssystemassessmenttool%4operational.evtx","System.UInt32[]","System.Diagnostics.Eventing.Reader.EventBookmark","Information","Info",,"System.Collections.ObjectModel.ReadOnlyCollection`1[System.String]","System.Collections.Generic.List`1[System.Diagnostics.Eventing.Reader.EventProperty]"
"70:Initializing DX9","9","0",,"4","1","0","-9223372036854775808","246","Microsoft-Windows-WindowsSystemAssessmentTool","11a75546-3234-465e-bec8-2d301cb501ac","Microsoft-Windows-WindowsSystemAssessmentTool/Operational","3800","2632","rjaf-PC4429","S-1-5-21-1634558665-2257203147-3060767804-1000","3/1/2014 3:00:03 PM",,,"c:\users\mac_1\desktop\winevt\logs\microsoft-windows-windowssystemassessmenttool%4operational.evtx","System.UInt32[]","System.Diagnostics.Eventing.Reader.EventBookmark","Information","Info",,"System.Collections.ObjectModel.ReadOnlyCollection`1[System.String]","System.Collections.Generic.List`1[System.Diagnostics.Eventing.Reader.EventProperty]"
"60","10","0",,"4","1","0","-9223372036854775808","245","Microsoft-Windows-WindowsSystemAssessmentTool","11a75546-3234-465e-bec8-2d301cb501ac","Microsoft-Windows-WindowsSystemAssessmentTool/Operational","3800","2632","rjaf-PC4429","S-1-5-21-1634558665-2257203147-3060767804-1000","3/1/2014 3:00:03 PM",,,"c:\users\mac_1\desktop\winevt\logs\microsoft-windows-windowssystemassessmenttool%4operational.evtx","System.UInt32[]","System.Diagnostics.Eventing.Reader.EventBookmark","Information","Info",,"System.Collections.ObjectModel.ReadOnlyCollection`1[System.String]","System.Collections.Generic.List`1[System.Diagnostics.Eventing.Reader.EventProperty]"
"60:Gather Monitor information","9","0",,"4","1","0","-9223372036854775808","244","Microsoft-Windows-WindowsSystemAssessmentTool","11a75546-3234-465e-bec8-2d301cb501ac","Microsoft-Windows-WindowsSystemAssessmentTool/Operational","3800","2632","rjaf-PC4429","S-1-5-21-1634558665-2257203147-3060767804-1000","3/1/2014 3:00:03 PM",,,"c:\users\mac_1\desktop\winevt\logs\microsoft-windows-windowssystemassessmenttool%4operational.evtx","System.UInt32[]","System.Diagnostics.Eventing.Reader.EventBookmark","Information","Info",,"System.Collections.ObjectModel.ReadOnlyCollection`1[System.String]","System.Collections.Generic.List`1[System.Diagnostics.Eventing.Reader.EventProperty]"
"50:Gather Graphics information","9","0",,"4","1","0","-9223372036854775808","243","Microsoft-Windows-WindowsSystemAssessmentTool","11a75546-3234-465e-bec8-2d301cb501ac","Microsoft-Windows-WindowsSystemAssessmentTool/Operational","3800","2632","rjaf-PC4429","S-1-5-21-1634558665-2257203147-3060767804-1000","3/1/2014 3:00:03 PM",,,"c:\users\mac_1\desktop\winevt\logs\microsoft-windows-windowssystemassessmenttool%4operational.evtx","System.UInt32[]","System.Diagnostics.Eventing.Reader.EventBookmark","Information","Info",,"System.Collections.ObjectModel.ReadOnlyCollection`1[System.String]","System.Collections.Generic.List`1[System.Diagnostics.Eventing.Reader.EventProperty]"
"40","10","0",,"4","1","0","-9223372036854775808","242","Microsoft-Windows-WindowsSystemAssessmentTool","11a75546-3234-465e-bec8-2d301cb501ac","Microsoft-Windows-WindowsSystemAssessmentTool/Operational","3800","2632","rjaf-PC4429","S-1-5-21-1634558665-2257203147-3060767804-1000","3/1/2014 3:00:03 PM",,,"c:\users\mac_1\desktop\winevt\logs\microsoft-windows-windowssystemassessmenttool%4operational.evtx","System.UInt32[]","System.Diagnostics.Eventing.Reader.EventBookmark","Information","Info",,"System.Collections.ObjectModel.ReadOnlyCollection`1[System.String]","System.Collections.Generic.List`1[System.Diagnostics.Eventing.Reader.EventProperty]"
"40:Gather CPU information","9","0",,"4","1","0","-9223372036854775808","241","Microsoft-Windows-WindowsSystemAssessmentTool","11a75546-3234-465e-bec8-2d301cb501ac","Microsoft-Windows-WindowsSystemAssessmentTool/Operational","3800","2632","rjaf-PC4429","S-1-5-21-1634558665-2257203147-3060767804-1000","3/1/2014 3:00:03 PM",,,"c:\users\mac_1\desktop\winevt\logs\microsoft-windows-windowssystemassessmenttool%4operational.evtx","System.UInt32[]","System.Diagnostics.Eventing.Reader.EventBookmark","Information","Info",,"System.Collections.ObjectModel.ReadOnlyCollection`1[System.String]","System.Collections.Generic.List`1[System.Diagnostics.Eventing.Reader.EventProperty]"
"30:Gathering Key Info","9","0",,"4","1","0","-9223372036854775808","240","Microsoft-Windows-WindowsSystemAssessmentTool","11a75546-3234-465e-bec8-2d301cb501ac","Microsoft-Windows-WindowsSystemAssessmentTool/Operational","3800","2632","rjaf-PC4429","S-1-5-21-1634558665-2257203147-3060767804-1000","3/1/2014 3:00:03 PM",,,"c:\users\mac_1\desktop\winevt\logs\microsoft-windows-windowssystemassessmenttool%4operational.evtx","System.UInt32[]","System.Diagnostics.Eventing.Reader.EventBookmark","Information","Info",,"System.Collections.ObjectModel.ReadOnlyCollection`1[System.String]","System.Collections.Generic.List`1[System.Diagnostics.Eventing.Reader.EventProperty]"
"20","10","0",,"4","1","0","-9223372036854775808","239","Microsoft-Windows-WindowsSystemAssessmentTool","11a75546-3234-465e-bec8-2d301cb501ac","Microsoft-Windows-WindowsSystemAssessmentTool/Operational","3800","2632","rjaf-PC4429","S-1-5-21-1634558665-2257203147-3060767804-1000","3/1/2014 3:00:03 PM",,,"c:\users\mac_1\desktop\winevt\logs\microsoft-windows-windowssystemassessmenttool%4operational.evtx","System.UInt32[]","System.Diagnostics.Eventing.Reader.EventBookmark","Information","Info",,"System.Collections.ObjectModel.ReadOnlyCollection`1[System.String]","System.Collections.Generic.List`1[System.Diagnostics.Eventing.Reader.EventProperty]"
"20:Modify system policies","9","0",,"4","1","0","-9223372036854775808","238","Microsoft-Windows-WindowsSystemAssessmentTool","11a75546-3234-465e-bec8-2d301cb501ac","Microsoft-Windows-WindowsSystemAssessmentTool/Operational","3800","2632","rjaf-PC4429","S-1-5-21-1634558665-2257203147-3060767804-1000","3/1/2014 3:00:02 PM",,,"c:\users\mac_1\desktop\winevt\logs\microsoft-windows-windowssystemassessmenttool%4operational.evtx","System.UInt32[]","System.Diagnostics.Eventing.Reader.EventBookmark","Information","Info",,"System.Collections.ObjectModel.ReadOnlyCollection`1[System.String]","System.Collections.Generic.List`1[System.Diagnostics.Eventing.Reader.EventProperty]"
