     Device Degradation Time	:	0ms","302","1",,"3","4003","35","-9223372036854710272","2462","Microsoft-Windows-Diagnostics-Performance","cfc18ec0-96b1-4eba-961b-622caee05b0a","Microsoft-Windows-Diagnostics-Performance/Operational","1308","2504","rjaf-PC4429","S-1-5-19","4/14/2015 7:15:56 AM","85f03364-b89b-0002-e44c-cb8faf75d001",,"c:\users\mac_1\desktop\winevt\logs\microsoft-windows-diagnostics-performance%4operational.evtx","System.UInt32[]","System.Diagnostics.Eventing.Reader.EventBookmark","Warning","Standby Degradation","Standby Performance Monitoring","System.Collections.ObjectModel.ReadOnlyCollection`1[System.String]","System.Collections.Generic.List`1[System.Diagnostics.Eventing.Reader.EventProperty]"
"Windows has resumed from standby: 
     Standby Duration		:	8075ms
     Standby Incident Time (UTC)	:	?2015?-?04?-?14T13:38:23.832288700Z
     Resume  Duration		:	1210ms
     Resume  Incident Time (UTC)	:	?2015?-?04?-?14T14:15:40.038559000Z
     IsDegradation			:	false","300","1",,"3","4003","36","-9223372036854710272","2461","Microsoft-Windows-Diagnostics-Performance","cfc18ec0-96b1-4eba-961b-622caee05b0a","Microsoft-Windows-Diagnostics-Performance/Operational","1308","2504","rjaf-PC4429","S-1-5-19","4/14/2015 7:15:56 AM","85f03364-b89b-0002-e44c-cb8faf75d001",,"c:\users\mac_1\desktop\winevt\logs\microsoft-windows-diagnostics-performance%4operational.evtx","System.UInt32[]","System.Diagnostics.Eventing.Reader.EventBookmark","Warning","Standby Information","Standby Performance Monitoring","System.Collections.ObjectModel.ReadOnlyCollection`1[System.String]","System.Collections.Generic.List`1[System.Diagnostics.Eventing.Reader.EventProperty]"
"Windows has resumed from standby: 
     Standby Duration		:	7495ms
     Standby Incident Time (UTC)	:	?2015?-?04?-?14T12:13:24.014637500Z
     Resume  Duration		:	1192ms
     Resume  Incident Time (UTC)	:	?2015?-?04?-?14T12:21:54.387160200Z
     IsDegradation			:	false","300","1",,"3","4003","36","-9223372036854710272","2460","Microsoft-Windows-Diagnostics-Performance","cfc18ec0-96b1-4eba-961b-622caee05b0a","Microsoft-Windows-Diagnostics-Performance/Operational","1308","4044","rjaf-PC4429","S-1-5-19","4/14/2015 5:22:10 AM","85f03364-b89b-0002-c04c-cb8faf75d001",,"c:\users\mac_1\desktop\winevt\logs\microsoft-windows-diagnostics-performance%4operational.evtx","System.UInt32[]","System.Diagnostics.Eventing.Reader.EventBookmark","Warning","Standby Information","Standby Performance Monitoring","System.Collections.ObjectModel.ReadOnlyCollection`1[System.String]","System.Collections.Generic.List`1[System.Diagnostics.Eventing.Reader.EventProperty]"
"Windows has resumed from standby: 
     Standby Duration		:	10049ms
     Standby Incident Time (UTC)	:	?2015?-?04?-?14T09:50:09.638265800Z
     Resume  Duration		:	1203ms
     Resume  Incident Time (UTC)	:	?2015?-?04?-?14T11:20:49.529325100Z
     IsDegradation			:	false","300","1",,"3","4003","36","-9223372036854710272","2459","Microsoft-Windows-Diagnostics-Performance","cfc18ec0-96b1-4eba-961b-622caee05b0a","Microsoft-Windows-Diagnostics-Performance/Operational","1308","1172","rjaf-PC4429","S-1-5-19","4/14/2015 4:21:06 AM","85f02a9c-b89b-0001-c24c-cb8faf75d001",,"c:\users\mac_1\desktop\winevt\logs\microsoft-windows-diagnostics-performance%4operational.evtx","System.UInt32[]","System.Diagnostics.Eventing.Reader.EventBookmark","Warning","Standby Information","Standby Performance Monitoring","System.Collections.ObjectModel.ReadOnlyCollection`1[System.String]","System.Collections.Generic.List`1[System.Diagnostics.Eventing.Reader.EventProperty]"
"The Desktop Window Manager is experiencing heavy resource contention.
     Reason	:	CPU resources are over-utilized.
     Diagnosis	:	A sharp degradation in Desktop Window Manager responsiveness was observed.","501","1",,"3","4006","42","-9223372036854710272","2458","Microsoft-Windows-Diagnostics-Performance","cfc18ec0-96b1-4eba-961b-622caee05b0a","Microsoft-Windows-Diagnostics-Performance/Operational","1308","3600","rjaf-PC4429","S-1-5-19","4/14/2015 2:12:53 AM","85f03c9c-b89b-0003-bf4b-cb8faf75d001",,"c:\users\mac_1\desktop\winevt\logs\microsoft-windows-diagnostics-performance%4operational.evtx","System.UInt32[]","System.Diagnostics.Eventing.Reader.EventBookmark","Warning","Video Memory Responsiveness","Desktop Window Manager Monitoring","System.Collections.ObjectModel.ReadOnlyCollection`1[System.String]","System.Collections.Generic.List`1[System.Diagnostics.Eventing.Reader.EventProperty]"
"The Desktop Window Manager is experiencing heavy resource contention. 
     Scenario	:	The Desktop Window Manager responsiveness has degraded.","500","1",,"3","4006","39","-9223372036854710272","2457","Microsoft-Windows-Diagnostics-Performance","cfc18ec0-96b1-4eba-961b-622caee05b0a","Microsoft-Windows-Diagnostics-Performance/Operational","1308","3600","rjaf-PC4429","S-1-5-19","4/14/2015 2:12:53 AM","85f03c9c-b89b-0003-bf4b-cb8faf75d001",,"c:\users\mac_1\desktop\winevt\logs\microsoft-windows-diagnostics-performance%4operational.evtx","System.UInt32[]","System.Diagnostics.Eventing.Reader.EventBookmark","Warning","Video Memory Degradation","Desktop Window Manager Monitoring","System.Collections.ObjectModel.ReadOnlyCollection`1[System.String]","System.Collections.Generic.List`1[System.Diagnostics.Eventing.Reader.EventProperty]"
"This application caused a delay during standby: 
     File Name		:	rundll32.exe
     Friendly Name		:	Windows host process (Rundll32)
     Version		:	6.1.7600.16385 (win7_rtm.090713-1255)
     Total Time		:	1998ms
     Degradation Time	:	998ms
     Incident Time (UTC)	:	?2015?-?04?-?13T21:08:43.922617800Z","301","1",,"2","4003","35","-9223372036854710272","2456","Microsoft-Windows-Diagnostics-Performance","cfc18ec0-96b1-4eba-961b-622caee05b0a","Microsoft-Windows-Diagnostics-Performance/Operational","1308","4088","rjaf-PC4429","S-1-5-19","4/14/2015 2:12:43 AM","85f02a9c-b89b-0001-ad4c-cb8faf75d001",,"c:\users\mac_1\desktop\winevt\logs\microsoft-windows-diagnostics-performance%4operational.evtx","System.UInt32[]","System.Diagnostics.Eventing.Reader.EventBookmark","Error","Standby Degradation","Standby Performance Monitoring","System.Collections.ObjectModel.ReadOnlyCollection`1[System.String]","System.Collections.Generic.List`1[System.Diagnostics.Eventing.Reader.EventProperty]"
"Windows has resumed from standby: 
     Standby Duration		:	8760ms
     Standby Incident Time (UTC)	:	?2015?-?04?-?13T21:08:43.922617800Z
     Resume  Duration		:	9268ms
     Resume  Incident Time (UTC)	:	?2015?-?04?-?14T09:11:53.603043300Z
     IsDegradation			:	false","300","1",,"3","4003","36","-9223372036854710272","2455","Microsoft-Windows-Diagnostics-Performance","cfc18ec0-96b1-4eba-961b-622caee05b0a","Microsoft-Windows-Diagnostics-Performance/Operational","1308","4088","rjaf-PC4429","S-1-5-19","4/14/2015 2:12:43 AM","85f02a9c-b89b-0001-ad4c-cb8faf75d001",,"c:\users\mac_1\desktop\winevt\logs\microsoft-windows-diagnostics-performance%4operational.evtx","System.UInt32[]","System.Diagnostics.Eventing.Reader.EventBookmark","Warning","Standby Information","Standby Performance Monitoring","System.Collections.ObjectModel.ReadOnlyCollection`1[System.String]","System.Collections.Generic.List`1[System.Diagnostics.Eventing.Reader.EventProperty]"
"Windows has resumed from standby: 
     Standby Duration		:	6666ms
     Standby Incident Time (UTC)	:	?2015?-?04?-?13T20:16:14.081303300Z
     Resume  Duration		:	1180ms
     Resume  Incident Time (UTC)	:	?2015?-?04?-?13T20:34:31.392400900Z
     IsDegradation			:	false","300","1",,"3","4003","36","-9223372036854710272","2454","Microsoft-Windows-Diagnostics-Performance","cfc18ec0-96b1-4eba-961b-622caee05b0a","Microsoft-Windows-Diagnostics-Performance/Operational","1308","2836","rjaf-PC4429","S-1-5-19","4/13/2015 1:34:42 PM","00000000-3b28-0000-a74b-cb8faf75d001",,"c:\users\mac_1\desktop\winevt\logs\microsoft-windows-diagnostics-performance%4operational.evtx","System.UInt32[]","System.Diagnostics.Eventing.Reader.EventBookmark","Warning","Standby Information","Standby Performance Monitoring","System.Collections.ObjectModel.ReadOnlyCollection`1[System.String]","System.Collections.Generic.List`1[System.Diagnostics.Eventing.Reader.EventProperty]"
"Windows has resumed from standby: 
     Standby Duration		:	7310ms
     Standby Incident Time (UTC)	:	?2015?-?04?-?13T19:12:44.331023300Z
     Resume  Duration		:	1176ms
     Resume  Incident Time (UTC)	:	?2015?-?04?-?13T19:38:06.580923500Z
     IsDegradation			:	false","300","1",,"3","4003","36","-9223372036854710272","2453","Microsoft-Windows-Diagnostics-Performance","cfc18ec0-96b1-4eba-961b-622caee05b0a","Microsoft-Windows-Diagnostics-Performance/Operational","1308","1988","rjaf-PC4429","S-1-5-19","4/13/2015 12:38:17 PM","00000000-3b28-0000-a64b-cb8faf75d001",,"c:\users\mac_1\desktop\winevt\logs\microsoft-windows-diagnostics-performance%4operational.evtx","System.UInt32[]","System.Diagnostics.Eventing.Reader.EventBookmark","Warning","Standby Information","Standby Performance Monitoring","System.Collections.ObjectModel.ReadOnlyCollection`1[System.String]","System.Collections.Generic.List`1[System.Diagnostics.Eventing.Reader.EventProperty]"
"Windows has resumed from standby: 
     Standby Duration		:	8392ms
     Standby Incident Time (UTC)	:	?2015?-?04?-?13T16:53:44.837480400Z
     Resume  Duration		:	1241ms
     Resume  Incident Time (UTC)	:	?2015?-?04?-?13T17:54:42.883808000Z
     IsDegradation			:	false","300","1",,"3","4003","36","-9223372036854710272","2452","Microsoft-Windows-Diagnostics-Performance","cfc18ec0-96b1-4eba-961b-622caee05b0a","Microsoft-Windows-Diagnostics-Performance/Operational","1308","3252","rjaf-PC4429","S-1-5-19","4/13/2015 10:54:53 AM","85f02a9c-b89b-0001-634c-cb8faf75d001",,"c:\users\mac_1\desktop\winevt\logs\microsoft-windows-diagnostics-performance%4operational.evtx","System.UInt32[]","System.Diagnostics.Eventing.Reader.EventBookmark","Warning","Standby Information","Standby Performance Monitoring","System.Collections.ObjectModel.ReadOnlyCollection`1[System.String]","System.Collections.Generic.List`1[System.Diagnostics.Eventing.Reader.EventProperty]"
"Windows has resumed from standby: 
     Standby Duration		:	6746ms
     Standby Incident Time (UTC)	:	?2015?-?04?-?13T13:31:30.434285100Z
     Resume  Duration		:	1314ms
     Resume  Incident Time (UTC)	:	?2015?-?04?-?13T14:30:22.497645800Z
     IsDegradation			:	false","300","1",,"3","4003","36","-9223372036854710272","2451","Microsoft-Windows-Diagnostics-Performance","cfc18ec0-96b1-4eba-961b-622caee05b0a","Microsoft-Windows-Diagnostics-Performance/Operational","1308","1132","rjaf-PC4429","S-1-5-19","4/13/2015 7:30:32 AM","85f03c9c-b89b-0003-a84b-cb8faf75d001",,"c:\users\mac_1\desktop\winevt\logs\microsoft-windows-diagnostics-performance%4operational.evtx","System.UInt32[]","System.Diagnostics.Eventing.Reader.EventBookmark","Warning","Standby Information","Standby Performance Monitoring","System.Collections.ObjectModel.ReadOnlyCollection`1[System.String]","System.Collections.Generic.List`1[System.Diagnostics.Eventing.Reader.EventProperty]"
"This driver caused a delay during standby while servicing a device:
     Driver File Name		:	\Driver\HidUsb
     Driver Friendly Name		:	USB Miniport Driver for Input Devices
     Driver Version			:	6.1.7600.16385 (win7_rtm.090713-1255)
     Driver Total Time		:	29ms
     Driver Degradation Time	:	13ms
     Incident Time (UTC)		:	?2015?-?04?-?13T12:50:00.516222800Z
     Device Name			:	USB\VID_04F3&PID_0103&MI_01\7&130c8316&0&0001
     Device Friendly Name		:	USB Input Device
     Device Total Time		:	29ms
     Device Degradation Time	:	0ms","302","1",,"3","4003","35","-9223372036854710272","2450","Microsoft-Windows-Diagnostics-Performance","cfc18ec0-96b1-4eba-961b-622caee05b0a","Microsoft-Windows-Diagnostics-Performance/Operational","1308","1792","rjaf-PC4429","S-1-5-19","4/13/2015 5:51:28 AM","85f02a9c-b89b-0001-fb4b-cb8faf75d001",,"c:\users\mac_1\desktop\winevt\logs\microsoft-windows-diagnostics-performance%4operational.evtx","System.UInt32[]","System.Diagnostics.Eventing.Reader.EventBookmark","Warning","Standby Degradation","Standby Performance Monitoring","System.Collections.ObjectModel.ReadOnlyCollection`1[System.String]","System.Collections.Generic.List`1[System.Diagnostics.Eventing.Reader.EventProperty]"
"Windows has resumed from standby: 
     Standby Duration		:	11285ms
     Standby Incident Time (UTC)	:	?2015?-?04?-?13T12:50:00.516222800Z
     Resume  Duration		:	1228ms
     Resume  Incident Time (UTC)	:	?2015?-?04?-?13T12:51:19.926069500Z
     IsDegradation			:	true","300","1",,"3","4003","36","-9223372036854710272","2449","Microsoft-Windows-Diagnostics-Performance","cfc18ec0-96b1-4eba-961b-622caee05b0a","Microsoft-Windows-Diagnostics-Performance/Operational","1308","1792","rjaf-PC4429","S-1-5-19","4/13/2015 5:51:28 AM","85f02a9c-b89b-0001-fb4b-cb8faf75d001",,"c:\users\mac_1\desktop\winevt\logs\microsoft-windows-diagnostics-performance%4operational.evtx","System.UInt32[]","System.Diagnostics.Eventing.Reader.EventBookmark","Warning","Standby Information","Standby Performance Monitoring","System.Collections.ObjectModel.ReadOnlyCollection`1[System.String]","System.Collections.Generic.List`1[System.Diagnostics.Eventing.Reader.EventProperty]"
"Windows has resumed from standby: 
     Standby Duration		:	6822ms
     Standby Incident Time (UTC)	:	?2015?-?04?-?13T10:48:31.056432400Z
     Resume  Duration		:	1224ms
     Resume  Incident Time (UTC)	:	?2015?-?04?-?13T12:05:47.024857700Z
     IsDegradation			:	false","300","1",,"3","4003","36","-9223372036854710272","2448","Microsoft-Windows-Diagnostics-Performance","cfc18ec0-96b1-4eba-961b-622caee05b0a","Microsoft-Windows-Diagnostics-Performance/Operational","1308","2588","rjaf-PC4429","S-1-5-19","4/13/2015 5:05:55 AM","85f03c9c-b89b-0003-9f4b-cb8faf75d001",,"c:\users\mac_1\desktop\winevt\logs\microsoft-windows-diagnostics-performance%4operational.evtx","System.UInt32[]","System.Diagnostics.Eventing.Reader.EventBookmark","Warning","Standby Information","Standby Performance Monitoring","System.Collections.ObjectModel.ReadOnlyCollection`1[System.String]","System.Collections.Generic.List`1[System.Diagnostics.Eventing.Reader.EventProperty]"
"This driver caused a delay during standby while servicing a device:
     Driver File Name		:	\Driver\Disk
     Driver Friendly Name		:	PnP Disk Driver
     Driver Version			:	6.1.7600.16385 (win7_rtm.090713-1255)
     Driver Total Time		:	9ms
     Driver Degradation Time	:	14ms
     Incident Time (UTC)		:	?2015?-?04?-?13T09:26:46.367054200Z
     Device Name			:	SCSI\Disk&Ven_WDC&Prod_WD5000AAKX-22ERM\4&68979c&0&000000
     Device Friendly Name		:	Disk drive
     Device Total Time		:	9ms
     Device Degradation Time	:	0ms","302","1",,"3","4003","35","-9223372036854710272","2447","Microsoft-Windows-Diagnostics-Performance","cfc18ec0-96b1-4eba-961b-622caee05b0a","Microsoft-Windows-Diagnostics-Performance/Operational","1308","2684","rjaf-PC4429","S-1-5-19","4/13/2015 3:10:09 AM","85f02a9c-b89b-0001-d34b-cb8faf75d001",,"c:\users\mac_1\desktop\winevt\logs\microsoft-windows-diagnostics-performance%4operational.evtx","System.UInt32[]","System.Diagnostics.Eventing.Reader.EventBookmark","Warning","Standby Degradation","Standby Performance Monitoring","System.Collections.ObjectModel.ReadOnlyCollection`1[System.String]","System.Collections.Generic.List`1[System.Diagnostics.Eventing.Reader.EventProperty]"
"Windows has resumed from standby: 
     Standby Duration		:	15024ms
     Standby Incident Time (UTC)	:	?2015?-?04?-?13T09:26:46.367054200Z
     Resume  Duration		:	1226ms
     Resume  Incident Time (UTC)	:	?2015?-?04?-?13T10:10:00.545821200Z
     IsDegradation			:	false","300","1",,"3","4003","36","-9223372036854710272","2446","Microsoft-Windows-Diagnostics-Performance","cfc18ec0-96b1-4eba-961b-622caee05b0a","Microsoft-Windows-Diagnostics-Performance/Operational","1308","2684","rjaf-PC4429","S-1-5-19","4/13/2015 3:10:09 AM","85f02a9c-b89b-0001-d34b-cb8faf75d001",,"c:\users\mac_1\desktop\winevt\logs\microsoft-windows-diagnostics-performance%4operational.evtx","System.UInt32[]","System.Diagnostics.Eventing.Reader.EventBookmark","Warning","Standby Information","Standby Performance Monitoring","System.Collections.ObjectModel.ReadOnlyCollection`1[System.String]","System.Collections.Generic.List`1[System.Diagnostics.Eventing.Reader.EventProperty]"
"This driver caused a delay during standby while servicing a device:
     Driver File Name		:	\Driver\Disk
     Driver Friendly Name		:	PnP Disk Driver
     Driver Version			:	6.1.7600.16385 (win7_rtm.090713-1255)
     Driver Total Time		:	35ms
     Driver Degradation Time	:	17ms
     Incident Time (UTC)		:	?2015?-?04?-?13T07:31:46.955174300Z
     Device Name			:	SCSI\Disk&Ven_WDC&Prod_WD5000AAKX-22ERM\4&68979c&0&000000
     Device Friendly Name		:	Disk drive
     Device Total Time		:	35ms
     Device Degradation Time	:	0ms","302","1",,"3","4003","35","-9223372036854710272","2445","Microsoft-Windows-Diagnostics-Performance","cfc18ec0-96b1-4eba-961b-622caee05b0a","Microsoft-Windows-Diagnostics-Performance/Operational","1308","2716","rjaf-PC4429","S-1-5-19","4/13/2015 1:56:00 AM","85f03c9c-b89b-0003-9c4b-cb8faf75d001",,"c:\users\mac_1\desktop\winevt\logs\microsoft-windows-diagnostics-performance%4operational.evtx","System.UInt32[]","System.Diagnostics.Eventing.Reader.EventBookmark","Warning","Standby Degradation","Standby Performance Monitoring","System.Collections.ObjectModel.ReadOnlyCollection`1[System.String]","System.Collections.Generic.List`1[System.Diagnostics.Eventing.Reader.EventProperty]"
"Windows has resumed from standby: 
     Standby Duration		:	11227ms
     Standby Incident Time (UTC)	:	?2015?-?04?-?13T07:31:46.955174300Z
     Resume  Duration		:	1243ms
     Resume  Incident Time (UTC)	:	?2015?-?04?-?13T08:55:51.856203100Z
     IsDegradation			:	false","300","1",,"3","4003","36","-9223372036854710272","2444","Microsoft-Windows-Diagnostics-Performance","cfc18ec0-96b1-4eba-961b-622caee05b0a","Microsoft-Windows-Diagnostics-Performance/Operational","1308","2716","rjaf-PC4429","S-1-5-19","4/13/2015 1:56:00 AM","85f03c9c-b89b-0003-9c4b-cb8faf75d001",,"c:\users\mac_1\desktop\winevt\logs\microsoft-windows-diagnostics-performance%4operational.evtx","System.UInt32[]","System.Diagnostics.Eventing.Reader.EventBookmark","Warning","Standby Information","Standby Performance Monitoring","System.Collections.ObjectModel.ReadOnlyCollection`1[System.String]","System.Collections.Generic.List`1[System.Diagnostics.Eventing.Reader.EventProperty]"
"Windows has started up: 
     Boot Duration		:	31967ms
     IsDegradation		:	false
     Incident Time (UTC)	:	?2015?-?04?-?13T06:03:28.593600100Z","100","2",,"3","4002","34","-9223372036854710272","2443","Microsoft-Windows-Diagnostics-Performance","cfc18ec0-96b1-4eba-961b-622caee05b0a","Microsoft-Windows-Diagnostics-Performance/Operational","1308","2096","rjaf-PC4429","S-1-5-19","4/12/2015 11:05:17 PM","85f03364-b89b-0002-874b-cb8faf75d001",,"c:\users\mac_1\desktop\winevt\logs\microsoft-windows-diagnostics-performance%4operational.evtx","System.UInt32[]","System.Diagnostics.Eventing.Reader.EventBookmark","Warning","Boot Information","Boot Performance Monitoring","System.Collections.ObjectModel.ReadOnlyCollection`1[System.String]","System.Collections.Generic.List`1[System.Diagnostics.Eventing.Reader.EventProperty]"
"This driver caused a delay during standby while servicing a device:
     Driver File Name		:	\Driver\HdAudAddService
     Driver Friendly Name		:	High Definition Audio Function Driver
     Driver Version			:	6.1.7600.16385 (win7_rtm.090713-1255)
     Driver Total Time		:	26ms
     Driver Degradation Time	:	8ms
     Incident Time (UTC)		:	?2015?-?04?-?12T18:55:12.481038000Z
     Device Name			:	HDAUDIO\FUNC_01&VEN_10EC&DEV_0662&SUBSYS_8086204E&REV_1001\4&21abbdd3&0&0001
     Device Friendly Name		:	High Definition Audio Device
     Device Total Time		:	27ms
     Device Degradation Time	:	0ms","302","1",,"3","4003","35","-9223372036854710272","2442","Microsoft-Windows-Diagnostics-Performance","cfc18ec0-96b1-4eba-961b-622caee05b0a","Microsoft-Windows-Diagnostics-Performance/Operational","1316","688","rjaf-PC4429","S-1-5-19","4/12/2015 2:02:26 PM","85f03c9c-b89b-0003-ea78-a387e374d001",,"c:\users\mac_1\desktop\winevt\logs\microsoft-windows-diagnostics-performance%4operational.evtx","System.UInt32[]","System.Diagnostics.Eventing.Reader.EventBookmark","Warning","Standby Degradation","Standby Performance Monitoring","System.Collections.ObjectModel.ReadOnlyCollection`1[System.String]","System.Collections.Generic.List`1[System.Diagnostics.Eventing.Reader.EventProperty]"
"Windows has resumed from standby: 
     Standby Duration		:	7557ms
     Standby Incident Time (UTC)	:	?2015?-?04?-?12T18:55:12.481038000Z
     Resume  Duration		:	1271ms
     Resume  Incident Time (UTC)	:	?2015?-?04?-?12T21:02:14.272915100Z
     IsDegradation			:	false","300","1",,"3","4003","36","-9223372036854710272","2441","Microsoft-Windows-Diagnostics-Performance","cfc18ec0-96b1-4eba-961b-622caee05b0a","Microsoft-Windows-Diagnostics-Performance/Operational","1316","688","rjaf-PC4429","S-1-5-19","4/12/2015 2:02:26 PM","85f03c9c-b89b-0003-ea78-a387e374d001",,"c:\users\mac_1\desktop\winevt\logs\microsoft-windows-diagnostics-performance%4operational.evtx","System.UInt32[]","System.Diagnostics.Eventing.Reader.EventBookmark","Warning","Standby Information","Standby Performance Monitoring","System.Collections.ObjectModel.ReadOnlyCollection`1[System.String]","System.Collections.Generic.List`1[System.Diagnostics.Eventing.Reader.EventProperty]"
"Windows has resumed from standby: 
     Standby Duration		:	7112ms
     Standby Incident Time (UTC)	:	?2015?-?04?-?12T14:11:29.009399000Z
     Resume  Duration		:	1228ms
     Resume  Incident Time (UTC)	:	?2015?-?04?-?12T18:21:58.072591700Z
     IsDegradation			:	false","300","1",,"3","4003","36","-9223372036854710272","2440","Microsoft-Windows-Diagnostics-Performance","cfc18ec0-96b1-4eba-961b-622caee05b0a","Microsoft-Windows-Diagnostics-Performance/Operational","1316","3244","rjaf-PC4429","S-1-5-19","4/12/2015 11:22:08 AM","85f02a9c-b89b-0001-c478-a387e374d001",,"c:\users\mac_1\desktop\winevt\logs\microsoft-windows-diagnostics-performance%4operational.evtx","System.UInt32[]","System.Diagnostics.Eventing.Reader.EventBookmark","Warning","Standby Information","Standby Performance Monitoring","System.Collections.ObjectModel.ReadOnlyCollection`1[System.String]","System.Collections.Generic.List`1[System.Diagnostics.Eventing.Reader.EventProperty]"
"Windows has resumed from standby: 
     Standby Duration		:	7153ms
     Standby Incident Time (UTC)	:	?2015?-?04?-?12T10:43:14.872627000Z
     Resume  Duration		:	1240ms
     Resume  Incident Time (UTC)	:	?2015?-?04?-?12T12:45:54.693527100Z
     IsDegradation			:	false","300","1",,"3","4003","36","-9223372036854710272","2439","Microsoft-Windows-Diagnostics-Performance","cfc18ec0-96b1-4eba-961b-622caee05b0a","Microsoft-Windows-Diagnostics-Performance/Operational","1316","2216","rjaf-PC4429","S-1-5-19","4/12/2015 5:46:03 AM","85f03364-b89b-0002-0379-a387e374d001",,"c:\users\mac_1\desktop\winevt\logs\microsoft-windows-diagnostics-performance%4operational.evtx","System.UInt32[]","System.Diagnostics.Eventing.Reader.EventBookmark","Warning","Standby Information","Standby Performance Monitoring","System.Collections.ObjectModel.ReadOnlyCollection`1[System.String]","System.Collections.Generic.List`1[System.Diagnostics.Eventing.Reader.EventProperty]"
"Windows has resumed from standby: 
     Standby Duration		:	6241ms
     Standby Incident Time (UTC)	:	?2015?-?04?-?12T08:26:15.381847200Z
     Resume  Duration		:	1210ms
     Resume  Incident Time (UTC)	:	?2015?-?04?-?12T09:29:27.550924900Z
     IsDegradation			:	false","300","1",,"3","4003","36","-9223372036854710272","2438","Microsoft-Windows-Diagnostics-Performance","cfc18ec0-96b1-4eba-961b-622caee05b0a","Microsoft-Windows-Diagnostics-Performance/Operational","1316","864","rjaf-PC4429","S-1-5-19","4/12/2015 2:29:36 AM","85f03364-b89b-0002-d978-a387e374d001",,"c:\users\mac_1\desktop\winevt\logs\microsoft-windows-diagnostics-performance%4operational.evtx","System.UInt32[]","System.Diagnostics.Eventing.Reader.EventBookmark","Warning","Standby Information","Standby Performance Monitoring","System.Collections.ObjectModel.ReadOnlyCollection`1[System.String]","System.Collections.Generic.List`1[System.Diagnostics.Eventing.Reader.EventProperty]"
"Windows has resumed from standby: 
     Standby Duration		:	10403ms
     Standby Incident Time (UTC)	:	?2015?-?04?-?12T06:46:30.846089400Z
     Resume  Duration		:	1241ms
     Resume  Incident Time (UTC)	:	?2015?-?04?-?12T07:52:56.984447400Z
     IsDegradation			:	false","300","1",,"3","4003","36","-9223372036854710272","2437","Microsoft-Windows-Diagnostics-Performance","cfc18ec0-96b1-4eba-961b-622caee05b0a","Microsoft-Windows-Diagnostics-Performance/Operational","1316","120","rjaf-PC4429","S-1-5-19","4/12/2015 12:53:05 AM","85f03364-b89b-0002-c378-a387e374d001",,"c:\users\mac_1\desktop\winevt\logs\microsoft-windows-diagnostics-performance%4operational.evtx","System.UInt32[]","System.Diagnostics.Eventing.Reader.EventBookmark","Warning","Standby Information","Standby Performance Monitoring","System.Collections.ObjectModel.ReadOnlyCollection`1[System.String]","System.Collections.Generic.List`1[System.Diagnostics.Eventing.Reader.EventProperty]"
"Windows has started up: 
     Boot Duration		:	25821ms
     IsDegradation		:	false
     Incident Time (UTC)	:	?2015?-?04?-?12T05:42:57.578000100Z","100","2",,"3","4002","34","-9223372036854710272","2436","Microsoft-Windows-Diagnostics-Performance","cfc18ec0-96b1-4eba-961b-622caee05b0a","Microsoft-Windows-Diagnostics-Performance/Operational","1316","304","rjaf-PC4429","S-1-5-19","4/11/2015 10:44:58 PM","85f03364-b89b-0002-a678-a387e374d001",,"c:\users\mac_1\desktop\winevt\logs\microsoft-windows-diagnostics-performance%4operational.evtx","System.UInt32[]","System.Diagnostics.Eventing.Reader.EventBookmark","Warning","Boot Information","Boot Performance Monitoring","System.Collections.ObjectModel.ReadOnlyCollection`1[System.String]","System.Collections.Generic.List`1[System.Diagnostics.Eventing.Reader.EventProperty]"
"Windows has resumed from standby: 
     Standby Duration		:	8051ms
     Standby Incident Time (UTC)	:	?2015?-?04?-?10T15:59:50.697585400Z
     Resume  Duration		:	1239ms
     Resume  Incident Time (UTC)	:	?2015?-?04?-?11T03:22:37.196709100Z
     IsDegradation			:	false","300","1",,"3","4003","36","-9223372036854710272","2435","Microsoft-Windows-Diagnostics-Performance","cfc18ec0-96b1-4eba-961b-622caee05b0a","Microsoft-Windows-Diagnostics-Performance/Operational","1352","3472","rjaf-PC4429","S-1-5-19","4/10/2015 8:22:58 PM","85f03364-f89b-0002-d56b-94699072d001",,"c:\users\mac_1\desktop\winevt\logs\microsoft-windows-diagnostics-performance%4operational.evtx","System.UInt32[]","System.Diagnostics.Eventing.Reader.EventBookmark","Warning","Standby Information","Standby Performance Monitoring","System.Collections.ObjectModel.ReadOnlyCollection`1[System.String]","System.Collections.Generic.List`1[System.Diagnostics.Eventing.Reader.EventProperty]"
"Windows has resumed from standby: 
     Standby Duration		:	7792ms
     Standby Incident Time (UTC)	:	?2015?-?04?-?09T08:56:15.257786200Z
     Resume  Duration		:	1207ms
     Resume  Incident Time (UTC)	:	?2015?-?04?-?10T15:28:16.782518600Z
     IsDegradation			:	false","300","1",,"3","4003","36","-9223372036854710272","2434","Microsoft-Windows-Diagnostics-Performance","cfc18ec0-96b1-4eba-961b-622caee05b0a","Microsoft-Windows-Diagnostics-Performance/Operational","1352","884","rjaf-PC4429","S-1-5-19","4/10/2015 8:28:34 AM","85f03364-f89b-0002-d46b-94699072d001",,"c:\users\mac_1\desktop\winevt\logs\microsoft-windows-diagnostics-performance%4operational.evtx","System.UInt32[]","System.Diagnostics.Eventing.Reader.EventBookmark","Warning","Standby Information","Standby Performance Monitoring","System.Collections.ObjectModel.ReadOnlyCollection`1[System.String]","System.Collections.Generic.List`1[System.Diagnostics.Eventing.Reader.EventProperty]"
"Windows has resumed from standby: 
     Standby Duration		:	8185ms
     Standby Incident Time (UTC)	:	?2015?-?04?-?09T08:07:30.341467500Z
     Resume  Duration		:	1176ms
     Resume  Incident Time (UTC)	:	?2015?-?04?-?09T08:12:50.363283000Z
     IsDegradation			:	false","300","1",,"3","4003","36","-9223372036854710272","2433","Microsoft-Windows-Diagnostics-Performance","cfc18ec0-96b1-4eba-961b-622caee05b0a","Microsoft-Windows-Diagnostics-Performance/Operational","1352","2360","rjaf-PC4429","S-1-5-19","4/9/2015 1:12:58 AM","00000000-7b28-0000-866b-94699072d001",,"c:\users\mac_1\desktop\winevt\logs\microsoft-windows-diagnostics-performance%4operational.evtx","System.UInt32[]","System.Diagnostics.Eventing.Reader.EventBookmark","Warning","Standby Information","Standby Performance Monitoring","System.Collections.ObjectModel.ReadOnlyCollection`1[System.String]","System.Collections.Generic.List`1[System.Diagnostics.Eventing.Reader.EventProperty]"
"This driver caused a delay during standby while servicing a device:
     Driver File Name		:	\Driver\usbehci
     Driver Friendly Name		:	EHCI eUSB Miniport Driver
     Driver Version			:	6.1.7600.16788 (win7_gdr.110324-1506)
     Driver Total Time		:	91ms
     Driver Degradation Time	:	32ms
     Incident Time (UTC)		:	?2015?-?04?-?09T07:24:45.403071100Z
     Device Name			:	USB\ROOT_HUB20\4&f96d45&0
     Device Friendly Name		:	USB Root Hub
     Device Total Time		:	92ms
     Device Degradation Time	:	32ms","302","1",,"3","4003","35","-9223372036854710272","2432","Microsoft-Windows-Diagnostics-Performance","cfc18ec0-96b1-4eba-961b-622caee05b0a","Microsoft-Windows-Diagnostics-Performance/Operational","1352","2836","rjaf-PC4429","S-1-5-19","4/9/2015 12:25:39 AM","00000000-7b28-0000-856b-94699072d001",,"c:\users\mac_1\desktop\winevt\logs\microsoft-windows-diagnostics-performance%4operational.evtx","System.UInt32[]","System.Diagnostics.Eventing.Reader.EventBookmark","Warning","Standby Degradation","Standby Performance Monitoring","System.Collections.ObjectModel.ReadOnlyCollection`1[System.String]","System.Collections.Generic.List`1[System.Diagnostics.Eventing.Reader.EventProperty]"
"Windows has resumed from standby: 
     Standby Duration		:	11472ms
     Standby Incident Time (UTC)	:	?2015?-?04?-?09T07:24:45.403071100Z
     Resume  Duration		:	1230ms
     Resume  Incident Time (UTC)	:	?2015?-?04?-?09T07:25:32.445037400Z
     IsDegradation			:	false","300","1",,"3","4003","36","-9223372036854710272","2431","Microsoft-Windows-Diagnostics-Performance","cfc18ec0-96b1-4eba-961b-622caee05b0a","Microsoft-Windows-Diagnostics-Performance/Operational","1352","2836","rjaf-PC4429","S-1-5-19","4/9/2015 12:25:39 AM","00000000-7b28-0000-856b-94699072d001",,"c:\users\mac_1\desktop\winevt\logs\microsoft-windows-diagnostics-performance%4operational.evtx","System.UInt32[]","System.Diagnostics.Eventing.Reader.EventBookmark","Warning","Standby Information","Standby Performance Monitoring","System.Collections.ObjectModel.ReadOnlyCollection`1[System.String]","System.Collections.Generic.List`1[System.Diagnostics.Eventing.Reader.EventProperty]"
"This application took longer than usual to start up, resulting in a performance degradation in the system startup process: 
     File Name		:	MsMpEng.exe
     Friendly Name		:	Service Executable
     Version		:	1.5.1937.0
     Total Time		:	489ms
     Degradation Time	:	478ms
     Incident Time (UTC)	:	?2015?-?04?-?09T06:42:56.593600100Z","101","1",,"3","4002","33","-9223372036854710272","2430","Microsoft-Windows-Diagnostics-Performance","cfc18ec0-96b1-4eba-961b-622caee05b0a","Microsoft-Windows-Diagnostics-Performance/Operational","1352","2004","rjaf-PC4429","S-1-5-19","4/8/2015 11:45:54 PM","85f03364-f89b-0002-886b-94699072d001",,"c:\users\mac_1\desktop\winevt\logs\microsoft-windows-diagnostics-performance%4operational.evtx","System.UInt32[]","System.Diagnostics.Eventing.Reader.EventBookmark","Warning","Boot Degradation","Boot Performance Monitoring","System.Collections.ObjectModel.ReadOnlyCollection`1[System.String]","System.Collections.Generic.List`1[System.Diagnostics.Eventing.Reader.EventProperty]"
"Windows has started up: 
     Boot Duration		:	56522ms
     IsDegradation		:	false
     Incident Time (UTC)	:	?2015?-?04?-?09T06:42:56.593600100Z","100","2",,"2","4002","34","-9223372036854710272","2429","Microsoft-Windows-Diagnostics-Performance","cfc18ec0-96b1-4eba-961b-622caee05b0a","Microsoft-Windows-Diagnostics-Performance/Operational","1352","2004","rjaf-PC4429","S-1-5-19","4/8/2015 11:45:54 PM","85f03364-f89b-0002-886b-94699072d001",,"c:\users\mac_1\desktop\winevt\logs\microsoft-windows-diagnostics-performance%4operational.evtx","System.UInt32[]","System.Diagnostics.Eventing.Reader.EventBookmark","Error","Boot Information","Boot Performance Monitoring","System.Collections.ObjectModel.ReadOnlyCollection`1[System.String]","System.Collections.Generic.List`1[System.Diagnostics.Eventing.Reader.EventProperty]"
"This driver caused a delay during standby while servicing a device:
     Driver File Name		:	\Driver\usbhub
     Driver Friendly Name		:	Default Hub Driver for USB
     Driver Version			:	6.1.7600.16385 (win7_rtm.090713-1255)
     Driver Total Time		:	129ms
     Driver Degradation Time	:	42ms
     Incident Time (UTC)		:	?2015?-?04?-?08T20:39:02.456017700Z
     Device Name			:	USB\VID_8087&PID_0024\5&63440b9&0&1
     Device Friendly Name		:	Generic USB Hub
     Device Total Time		:	129ms
     Device Degradation Time	:	42ms","302","1",,"3","4003","35","-9223372036854710272","2428","Microsoft-Windows-Diagnostics-Performance","cfc18ec0-96b1-4eba-961b-622caee05b0a","Microsoft-Windows-Diagnostics-Performance/Operational","1360","8152","rjaf-PC4429","S-1-5-19","4/8/2015 2:18:36 PM","85f03c9c-889b-0003-0819-48b2ef71d001",,"c:\users\mac_1\desktop\winevt\logs\microsoft-windows-diagnostics-performance%4operational.evtx","System.UInt32[]","System.Diagnostics.Eventing.Reader.EventBookmark","Warning","Standby Degradation","Standby Performance Monitoring","System.Collections.ObjectModel.ReadOnlyCollection`1[System.String]","System.Collections.Generic.List`1[System.Diagnostics.Eventing.Reader.EventProperty]"
"Windows has resumed from standby: 
     Standby Duration		:	8743ms
     Standby Incident Time (UTC)	:	?2015?-?04?-?08T20:39:02.456017700Z
     Resume  Duration		:	1228ms
     Resume  Incident Time (UTC)	:	?2015?-?04?-?08T21:18:27.528765400Z
     IsDegradation			:	false","300","1",,"3","4003","36","-9223372036854710272","2427","Microsoft-Windows-Diagnostics-Performance","cfc18ec0-96b1-4eba-961b-622caee05b0a","Microsoft-Windows-Diagnostics-Performance/Operational","1360","8152","rjaf-PC4429","S-1-5-19","4/8/2015 2:18:36 PM","85f03c9c-889b-0003-0819-48b2ef71d001",,"c:\users\mac_1\desktop\winevt\logs\microsoft-windows-diagnostics-performance%4operational.evtx","System.UInt32[]","System.Diagnostics.Eventing.Reader.EventBookmark","Warning","Standby Information","Standby Performance Monitoring","System.Collections.ObjectModel.ReadOnlyCollection`1[System.String]","System.Collections.Generic.List`1[System.Diagnostics.Eventing.Reader.EventProperty]"
"Windows has resumed from standby: 
     Standby Duration		:	6829ms
     Standby Incident Time (UTC)	:	?2015?-?04?-?08T17:58:47.710604900Z
     Resume  Duration		:	1209ms
     Resume  Incident Time (UTC)	:	?2015?-?04?-?08T18:32:48.819111100Z
     IsDegradation			:	false","300","1",,"3","4003","36","-9223372036854710272","2426","Microsoft-Windows-Diagnostics-Performance","cfc18ec0-96b1-4eba-961b-622caee05b0a","Microsoft-Windows-Diagnostics-Performance/Operational","1360","8080","rjaf-PC4429","S-1-5-19","4/8/2015 11:32:57 AM","85f02a9c-889b-0001-4118-48b2ef71d001",,"c:\users\mac_1\desktop\winevt\logs\microsoft-windows-diagnostics-performance%4operational.evtx","System.UInt32[]","System.Diagnostics.Eventing.Reader.EventBookmark","Warning","Standby Information","Standby Performance Monitoring","System.Collections.ObjectModel.ReadOnlyCollection`1[System.String]","System.Collections.Generic.List`1[System.Diagnostics.Eventing.Reader.EventProperty]"
"Preparing Winlogon for sleep was slower than expected: 
     Name		:	SuspendWinlogon
     Total Time		:	268ms
     Degradation Time	:	313ms
     Incident Time (UTC)	:	?2015?-?04?-?08T16:40:02.950635200Z","307","1",,"3","4003","35","-9223372036854710272","2425","Microsoft-Windows-Diagnostics-Performance","cfc18ec0-96b1-4eba-961b-622caee05b0a","Microsoft-Windows-Diagnostics-Performance/Operational","1360","2724","rjaf-PC4429","S-1-5-19","4/8/2015 10:26:18 AM","85f03364-889b-0002-ac18-48b2ef71d001",,"c:\users\mac_1\desktop\winevt\logs\microsoft-windows-diagnostics-performance%4operational.evtx","System.UInt32[]","System.Diagnostics.Eventing.Reader.EventBookmark","Warning","Standby Degradation","Standby Performance Monitoring","System.Collections.ObjectModel.ReadOnlyCollection`1[System.String]","System.Collections.Generic.List`1[System.Diagnostics.Eventing.Reader.EventProperty]"
"Windows has resumed from standby: 
     Standby Duration		:	6702ms
     Standby Incident Time (UTC)	:	?2015?-?04?-?08T16:40:02.950635200Z
     Resume  Duration		:	1239ms
     Resume  Incident Time (UTC)	:	?2015?-?04?-?08T17:26:11.013779700Z
     IsDegradation			:	false","300","1",,"3","4003","36","-9223372036854710272","2424","Microsoft-Windows-Diagnostics-Performance","cfc18ec0-96b1-4eba-961b-622caee05b0a","Microsoft-Windows-Diagnostics-Performance/Operational","1360","2724","rjaf-PC4429","S-1-5-19","4/8/2015 10:26:18 AM","85f03364-889b-0002-ac18-48b2ef71d001",,"c:\users\mac_1\desktop\winevt\logs\microsoft-windows-diagnostics-performance%4operational.evtx","System.UInt32[]","System.Diagnostics.Eventing.Reader.EventBookmark","Warning","Standby Information","Standby Performance Monitoring","System.Collections.ObjectModel.ReadOnlyCollection`1[System.String]","System.Collections.Generic.List`1[System.Diagnostics.Eventing.Reader.EventProperty]"
"Windows has resumed from standby: 
     Standby Duration		:	10347ms
     Standby Incident Time (UTC)	:	?2015?-?04?-?08T15:53:48.039098600Z
     Resume  Duration		:	1215ms
     Resume  Incident Time (UTC)	:	?2015?-?04?-?08T15:56:32.280423000Z
     IsDegradation			:	true","300","1",,"3","4003","36","-9223372036854710272","2423","Microsoft-Windows-Diagnostics-Performance","cfc18ec0-96b1-4eba-961b-622caee05b0a","Microsoft-Windows-Diagnostics-Performance/Operational","1360","10044","rjaf-PC4429","S-1-5-19","4/8/2015 8:56:39 AM","85f02a9c-889b-0001-2f18-48b2ef71d001",,"c:\users\mac_1\desktop\winevt\logs\microsoft-windows-diagnostics-performance%4operational.evtx","System.UInt32[]","System.Diagnostics.Eventing.Reader.EventBookmark","Warning","Standby Information","Standby Performance Monitoring","System.Collections.ObjectModel.ReadOnlyCollection`1[System.String]","System.Collections.Generic.List`1[System.Diagnostics.Eventing.Reader.EventProperty]"
"This application took longer than usual to start up, resulting in a performance degradation in the system startup process: 
     File Name		:	svchost.exe
     Friendly Name		:	Host Process for Windows Services
     Version		:	6.1.7600.16385 (win7_rtm.090713-1255)
     Total Time		:	604ms
     Degradation Time	:	194ms
     Incident Time (UTC)	:	?2015?-?04?-?08T11:32:29.593600100Z","101","1",,"3","4002","33","-9223372036854710272","2422","Microsoft-Windows-Diagnostics-Performance","cfc18ec0-96b1-4eba-961b-622caee05b0a","Microsoft-Windows-Diagnostics-Performance/Operational","1360","1572","rjaf-PC4429","S-1-5-19","4/8/2015 4:34:21 AM","85f03364-889b-0002-0918-48b2ef71d001",,"c:\users\mac_1\desktop\winevt\logs\microsoft-windows-diagnostics-performance%4operational.evtx","System.UInt32[]","System.Diagnostics.Eventing.Reader.EventBookmark","Warning","Boot Degradation","Boot Performance Monitoring","System.Collections.ObjectModel.ReadOnlyCollection`1[System.String]","System.Collections.Generic.List`1[System.Diagnostics.Eventing.Reader.EventProperty]"
"Windows has started up: 
     Boot Duration		:	30730ms
     IsDegradation		:	false
     Incident Time (UTC)	:	?2015?-?04?-?08T11:32:29.593600100Z","100","2",,"3","4002","34","-9223372036854710272","2421","Microsoft-Windows-Diagnostics-Performance","cfc18ec0-96b1-4eba-961b-622caee05b0a","Microsoft-Windows-Diagnostics-Performance/Operational","1360","1572","rjaf-PC4429","S-1-5-19","4/8/2015 4:34:21 AM","85f03364-889b-0002-0918-48b2ef71d001",,"c:\users\mac_1\desktop\winevt\logs\microsoft-windows-diagnostics-performance%4operational.evtx","System.UInt32[]","System.Diagnostics.Eventing.Reader.EventBookmark","Warning","Boot Information","Boot Performance Monitoring","System.Collections.ObjectModel.ReadOnlyCollection`1[System.String]","System.Collections.Generic.List`1[System.Diagnostics.Eventing.Reader.EventProperty]"
"Windows has resumed from standby: 
     Standby Duration		:	10288ms
     Standby Incident Time (UTC)	:	?2015?-?04?-?08T08:59:13.747772400Z
     Resume  Duration		:	1213ms
     Resume  Incident Time (UTC)	:	?2015?-?04?-?08T09:27:50.114216700Z
     IsDegradation			:	false","300","1",,"3","4003","36","-9223372036854710272","2420","Microsoft-Windows-Diagnostics-Performance","cfc18ec0-96b1-4eba-961b-622caee05b0a","Microsoft-Windows-Diagnostics-Performance/Operational","1364","1136","rjaf-PC4429","S-1-5-19","4/8/2015 2:28:02 AM","85f02a9c-789b-0001-95f0-da112871d001",,"c:\users\mac_1\desktop\winevt\logs\microsoft-windows-diagnostics-performance%4operational.evtx","System.UInt32[]","System.Diagnostics.Eventing.Reader.EventBookmark","Warning","Standby Information","Standby Performance Monitoring","System.Collections.ObjectModel.ReadOnlyCollection`1[System.String]","System.Collections.Generic.List`1[System.Diagnostics.Eventing.Reader.EventProperty]"
"This driver caused a delay during standby while servicing a device:
     Driver File Name		:	\Driver\Disk
     Driver Friendly Name		:	PnP Disk Driver
     Driver Version			:	6.1.7600.16385 (win7_rtm.090713-1255)
     Driver Total Time		:	72ms
     Driver Degradation Time	:	13ms
     Incident Time (UTC)		:	?2015?-?04?-?08T07:02:14.053508000Z
     Device Name			:	SCSI\Disk&Ven_WDC&Prod_WD5000AAKX-22ERM\4&68979c&0&000000
     Device Friendly Name		:	Disk drive
     Device Total Time		:	72ms
     Device Degradation Time	:	0ms","302","1",,"3","4003","35","-9223372036854710272","2419","Microsoft-Windows-Diagnostics-Performance","cfc18ec0-96b1-4eba-961b-622caee05b0a","Microsoft-Windows-Diagnostics-Performance/Operational","1364","1252","rjaf-PC4429","S-1-5-19","4/8/2015 12:55:12 AM","85f02a9c-789b-0001-90f0-da112871d001",,"c:\users\mac_1\desktop\winevt\logs\microsoft-windows-diagnostics-performance%4operational.evtx","System.UInt32[]","System.Diagnostics.Eventing.Reader.EventBookmark","Warning","Standby Degradation","Standby Performance Monitoring","System.Collections.ObjectModel.ReadOnlyCollection`1[System.String]","System.Collections.Generic.List`1[System.Diagnostics.Eventing.Reader.EventProperty]"
"Windows has resumed from standby: 
     Standby Duration		:	11348ms
     Standby Incident Time (UTC)	:	?2015?-?04?-?08T07:02:14.053508000Z
     Resume  Duration		:	1224ms
     Resume  Incident Time (UTC)	:	?2015?-?04?-?08T07:54:59.297837800Z
     IsDegradation			:	false","300","1",,"3","4003","36","-9223372036854710272","2418","Microsoft-Windows-Diagnostics-Performance","cfc18ec0-96b1-4eba-961b-622caee05b0a","Microsoft-Windows-Diagnostics-Performance/Operational","1364","1252","rjaf-PC4429","S-1-5-19","4/8/2015 12:55:12 AM","85f02a9c-789b-0001-90f0-da112871d001",,"c:\users\mac_1\desktop\winevt\logs\microsoft-windows-diagnostics-performance%4operational.evtx","System.UInt32[]","System.Diagnostics.Eventing.Reader.EventBookmark","Warning","Standby Information","Standby Performance Monitoring","System.Collections.ObjectModel.ReadOnlyCollection`1[System.String]","System.Collections.Generic.List`1[System.Diagnostics.Eventing.Reader.EventProperty]"
"Windows has resumed from standby: 
     Standby Duration		:	5571ms
     Standby Incident Time (UTC)	:	?2015?-?04?-?07T17:30:17.764921400Z
     Resume  Duration		:	1224ms
     Resume  Incident Time (UTC)	:	?2015?-?04?-?08T06:11:46.595352600Z
     IsDegradation			:	false","300","1",,"3","4003","36","-9223372036854710272","2417","Microsoft-Windows-Diagnostics-Performance","cfc18ec0-96b1-4eba-961b-622caee05b0a","Microsoft-Windows-Diagnostics-Performance/Operational","1364","3576","rjaf-PC4429","S-1-5-19","4/7/2015 11:11:58 PM","00000000-fb28-0000-9ef0-da112871d001",,"c:\users\mac_1\desktop\winevt\logs\microsoft-windows-diagnostics-performance%4operational.evtx","System.UInt32[]","System.Diagnostics.Eventing.Reader.EventBookmark","Warning","Standby Information","Standby Performance Monitoring","System.Collections.ObjectModel.ReadOnlyCollection`1[System.String]","System.Collections.Generic.List`1[System.Diagnostics.Eventing.Reader.EventProperty]"
"Windows has resumed from standby: 
     Standby Duration		:	9431ms
     Standby Incident Time (UTC)	:	?2015?-?04?-?07T12:47:48.963848900Z
     Resume  Duration		:	1221ms
     Resume  Incident Time (UTC)	:	?2015?-?04?-?07T16:53:45.280135200Z
     IsDegradation			:	false","300","1",,"3","4003","36","-9223372036854710272","2416","Microsoft-Windows-Diagnostics-Performance","cfc18ec0-96b1-4eba-961b-622caee05b0a","Microsoft-Windows-Diagnostics-Performance/Operational","1364","3288","rjaf-PC4429","S-1-5-19","4/7/2015 9:53:54 AM","85f03364-789b-0002-8bf0-da112871d001",,"c:\users\mac_1\desktop\winevt\logs\microsoft-windows-diagnostics-performance%4operational.evtx","System.UInt32[]","System.Diagnostics.Eventing.Reader.EventBookmark","Warning","Standby Information","Standby Performance Monitoring","System.Collections.ObjectModel.ReadOnlyCollection`1[System.String]","System.Collections.Generic.List`1[System.Diagnostics.Eventing.Reader.EventProperty]"
"Windows has started up: 
     Boot Duration		:	31479ms
     IsDegradation		:	false
     Incident Time (UTC)	:	?2015?-?04?-?07T11:43:30.593600100Z","100","2",,"3","4002","34","-9223372036854710272","2415","Microsoft-Windows-Diagnostics-Performance","cfc18ec0-96b1-4eba-961b-622caee05b0a","Microsoft-Windows-Diagnostics-Performance/Operational","1364","1516","rjaf-PC4429","S-1-5-19","4/7/2015 4:45:18 AM","85f02a9c-789b-0001-85f0-da112871d001",,"c:\users\mac_1\desktop\winevt\logs\microsoft-windows-diagnostics-performance%4operational.evtx","System.UInt32[]","System.Diagnostics.Eventing.Reader.EventBookmark","Warning","Boot Information","Boot Performance Monitoring","System.Collections.ObjectModel.ReadOnlyCollection`1[System.String]","System.Collections.Generic.List`1[System.Diagnostics.Eventing.Reader.EventProperty]"
"Windows has shutdown: 
     Shutdown Duration	:	8052ms
     IsDegradation		:	false
     Incident Time (UTC)	:	?2015?-?04?-?04T19:38:12.852380500Z","200","1",,"3","4007","40","-9223372036854710272","2414","Microsoft-Windows-Diagnostics-Performance","cfc18ec0-96b1-4eba-961b-622caee05b0a","Microsoft-Windows-Diagnostics-Performance/Operational","1364","936","rjaf-PC4429","S-1-5-19","4/7/2015 4:45:18 AM","85f03c9c-789b-0003-83f0-da112871d001",,"c:\users\mac_1\desktop\winevt\logs\microsoft-windows-diagnostics-performance%4operational.evtx","System.UInt32[]","System.Diagnostics.Eventing.Reader.EventBookmark","Warning","Shutdown Information","Shutdown Performance Monitoring","System.Collections.ObjectModel.ReadOnlyCollection`1[System.String]","System.Collections.Generic.List`1[System.Diagnostics.Eventing.Reader.EventProperty]"
"Windows has resumed from standby: 
     Standby Duration		:	5449ms
     Standby Incident Time (UTC)	:	?2015?-?04?-?07T08:46:24.719061200Z
     Resume  Duration		:	1208ms
     Resume  Incident Time (UTC)	:	?2015?-?04?-?07T11:39:17.520581500Z
     IsDegradation			:	false","300","1",,"3","4003","36","-9223372036854710272","2413","Microsoft-Windows-Diagnostics-Performance","cfc18ec0-96b1-4eba-961b-622caee05b0a","Microsoft-Windows-Diagnostics-Performance/Operational","1408","300","rjaf-PC4429","S-1-5-19","4/7/2015 4:39:38 AM","00000000-3b28-0000-3a5d-041c716fd001",,"c:\users\mac_1\desktop\winevt\logs\microsoft-windows-diagnostics-performance%4operational.evtx","System.UInt32[]","System.Diagnostics.Eventing.Reader.EventBookmark","Warning","Standby Information","Standby Performance Monitoring","System.Collections.ObjectModel.ReadOnlyCollection`1[System.String]","System.Collections.Generic.List`1[System.Diagnostics.Eventing.Reader.EventProperty]"
"Windows has resumed from standby: 
     Standby Duration		:	6356ms
     Standby Incident Time (UTC)	:	?2015?-?04?-?07T07:19:39.946335000Z
     Resume  Duration		:	1236ms
     Resume  Incident Time (UTC)	:	?2015?-?04?-?07T07:54:23.440781100Z
     IsDegradation			:	false","300","1",,"3","4003","36","-9223372036854710272","2412","Microsoft-Windows-Diagnostics-Performance","cfc18ec0-96b1-4eba-961b-622caee05b0a","Microsoft-Windows-Diagnostics-Performance/Operational","1408","3612","rjaf-PC4429","S-1-5-19","4/7/2015 12:54:42 AM","00000000-3b28-0000-395d-041c716fd001",,"c:\users\mac_1\desktop\winevt\logs\microsoft-windows-diagnostics-performance%4operational.evtx","System.UInt32[]","System.Diagnostics.Eventing.Reader.EventBookmark","Warning","Standby Information","Standby Performance Monitoring","System.Collections.ObjectModel.ReadOnlyCollection`1[System.String]","System.Collections.Generic.List`1[System.Diagnostics.Eventing.Reader.EventProperty]"
