"Windows has resumed from standby: 
     Standby Duration		:	7288ms
     Standby Incident Time (UTC)	:	?2015?-?04?-?01T18:38:30.313146600Z
     Resume  Duration		:	1223ms
     Resume  Incident Time (UTC)	:	?2015?-?04?-?01T18:53:32.108790900Z
     IsDegradation			:	false","300","1",,"3","4003","36","-9223372036854710272","2363","Microsoft-Windows-Diagnostics-Performance","cfc18ec0-96b1-4eba-961b-622caee05b0a","Microsoft-Windows-Diagnostics-Performance/Operational","1312","9800","rjaf-PC4429","S-1-5-19","4/1/2015 11:53:51 AM","85f1f364-f89b-0002-c11c-5c782c6bd001",,"c:\users\mac_1\desktop\winevt\logs\microsoft-windows-diagnostics-performance%4operational.evtx","System.UInt32[]","System.Diagnostics.Eventing.Reader.EventBookmark","Warning","Standby Information","Standby Performance Monitoring","System.Collections.ObjectModel.ReadOnlyCollection`1[System.String]","System.Collections.Generic.List`1[System.Diagnostics.Eventing.Reader.EventProperty]"
"This driver caused a delay during standby while servicing a device:
     Driver File Name		:	\Driver\usbhub
     Driver Friendly Name		:	Default Hub Driver for USB
     Driver Version			:	6.1.7600.16385 (win7_rtm.090713-1255)
     Driver Total Time		:	127ms
     Driver Degradation Time	:	32ms
     Incident Time (UTC)		:	?2015?-?04?-?01T14:17:31.379158700Z
     Device Name			:	USB\VID_8087&PID_0024\5&63440b9&0&1
     Device Friendly Name		:	Generic USB Hub
     Device Total Time		:	127ms
     Device Degradation Time	:	32ms","302","1",,"3","4003","35","-9223372036854710272","2362","Microsoft-Windows-Diagnostics-Performance","cfc18ec0-96b1-4eba-961b-622caee05b0a","Microsoft-Windows-Diagnostics-Performance/Operational","1312","5792","rjaf-PC4429","S-1-5-19","4/1/2015 9:38:47 AM","85f1ea9c-f89b-0001-ba1c-5c782c6bd001",,"c:\users\mac_1\desktop\winevt\logs\microsoft-windows-diagnostics-performance%4operational.evtx","System.UInt32[]","System.Diagnostics.Eventing.Reader.EventBookmark","Warning","Standby Degradation","Standby Performance Monitoring","System.Collections.ObjectModel.ReadOnlyCollection`1[System.String]","System.Collections.Generic.List`1[System.Diagnostics.Eventing.Reader.EventProperty]"
"Windows has resumed from standby: 
     Standby Duration		:	6254ms
     Standby Incident Time (UTC)	:	?2015?-?04?-?01T14:17:31.379158700Z
     Resume  Duration		:	1223ms
     Resume  Incident Time (UTC)	:	?2015?-?04?-?01T16:38:28.419220800Z
     IsDegradation			:	false","300","1",,"3","4003","36","-9223372036854710272","2361","Microsoft-Windows-Diagnostics-Performance","cfc18ec0-96b1-4eba-961b-622caee05b0a","Microsoft-Windows-Diagnostics-Performance/Operational","1312","5792","rjaf-PC4429","S-1-5-19","4/1/2015 9:38:47 AM","85f1ea9c-f89b-0001-ba1c-5c782c6bd001",,"c:\users\mac_1\desktop\winevt\logs\microsoft-windows-diagnostics-performance%4operational.evtx","System.UInt32[]","System.Diagnostics.Eventing.Reader.EventBookmark","Warning","Standby Information","Standby Performance Monitoring","System.Collections.ObjectModel.ReadOnlyCollection`1[System.String]","System.Collections.Generic.List`1[System.Diagnostics.Eventing.Reader.EventProperty]"
"Windows has resumed from standby: 
     Standby Duration		:	5879ms
     Standby Incident Time (UTC)	:	?2015?-?04?-?01T12:26:16.572208300Z
     Resume  Duration		:	1208ms
     Resume  Incident Time (UTC)	:	?2015?-?04?-?01T12:27:48.446090200Z
     IsDegradation			:	false","300","1",,"3","4003","36","-9223372036854710272","2360","Microsoft-Windows-Diagnostics-Performance","cfc18ec0-96b1-4eba-961b-622caee05b0a","Microsoft-Windows-Diagnostics-Performance/Operational","1312","4076","rjaf-PC4429","S-1-5-19","4/1/2015 5:28:06 AM","85f1fc9c-f89b-0003-c91c-5c782c6bd001",,"c:\users\mac_1\desktop\winevt\logs\microsoft-windows-diagnostics-performance%4operational.evtx","System.UInt32[]","System.Diagnostics.Eventing.Reader.EventBookmark","Warning","Standby Information","Standby Performance Monitoring","System.Collections.ObjectModel.ReadOnlyCollection`1[System.String]","System.Collections.Generic.List`1[System.Diagnostics.Eventing.Reader.EventProperty]"
"Windows has resumed from standby: 
     Standby Duration		:	6364ms
     Standby Incident Time (UTC)	:	?2015?-?04?-?01T10:36:17.056910700Z
     Resume  Duration		:	1234ms
     Resume  Incident Time (UTC)	:	?2015?-?04?-?01T11:48:53.532437300Z
     IsDegradation			:	false","300","1",,"3","4003","36","-9223372036854710272","2359","Microsoft-Windows-Diagnostics-Performance","cfc18ec0-96b1-4eba-961b-622caee05b0a","Microsoft-Windows-Diagnostics-Performance/Operational","1312","7508","rjaf-PC4429","S-1-5-19","4/1/2015 4:49:11 AM","85f1f364-f89b-0002-be1c-5c782c6bd001",,"c:\users\mac_1\desktop\winevt\logs\microsoft-windows-diagnostics-performance%4operational.evtx","System.UInt32[]","System.Diagnostics.Eventing.Reader.EventBookmark","Warning","Standby Information","Standby Performance Monitoring","System.Collections.ObjectModel.ReadOnlyCollection`1[System.String]","System.Collections.Generic.List`1[System.Diagnostics.Eventing.Reader.EventProperty]"
"This driver responded slower than expected to the resume request while servicing this device: 
     Driver File Name		:	\Driver\pci
     Driver Friendly Name		:	NT Plug and Play PCI Enumerator
     Driver Version			:	6.1.7600.16385 (win7_rtm.090713-1255)
     Driver Total Time		:	50ms
     Driver Degradation Time	:	23ms
     Incident Time (UTC)		:	?2015?-?04?-?01T08:50:43.151497100Z
     Device Name			:	PCI\VEN_8086&DEV_1C3A&SUBSYS_204E8086&REV_04\3&11583659&0&B0
     Device Friendly Name		:	Intel(R) Management Engine Interface 
     Device Total Time		:	50ms
     Device Degradation Time	:	23ms","351","1",,"3","4003","35","-9223372036854710272","2358","Microsoft-Windows-Diagnostics-Performance","cfc18ec0-96b1-4eba-961b-622caee05b0a","Microsoft-Windows-Diagnostics-Performance/Operational","1312","6268","rjaf-PC4429","S-1-5-19","4/1/2015 1:51:01 AM","00000000-7b28-0000-ab1c-5c782c6bd001",,"c:\users\mac_1\desktop\winevt\logs\microsoft-windows-diagnostics-performance%4operational.evtx","System.UInt32[]","System.Diagnostics.Eventing.Reader.EventBookmark","Warning","Standby Degradation","Standby Performance Monitoring","System.Collections.ObjectModel.ReadOnlyCollection`1[System.String]","System.Collections.Generic.List`1[System.Diagnostics.Eventing.Reader.EventProperty]"
"Windows has resumed from standby: 
     Standby Duration		:	7634ms
     Standby Incident Time (UTC)	:	?2015?-?04?-?01T08:46:17.275702200Z
     Resume  Duration		:	1225ms
     Resume  Incident Time (UTC)	:	?2015?-?04?-?01T08:50:43.151497100Z
     IsDegradation			:	false","300","1",,"3","4003","36","-9223372036854710272","2357","Microsoft-Windows-Diagnostics-Performance","cfc18ec0-96b1-4eba-961b-622caee05b0a","Microsoft-Windows-Diagnostics-Performance/Operational","1312","6268","rjaf-PC4429","S-1-5-19","4/1/2015 1:51:01 AM","00000000-7b28-0000-ab1c-5c782c6bd001",,"c:\users\mac_1\desktop\winevt\logs\microsoft-windows-diagnostics-performance%4operational.evtx","System.UInt32[]","System.Diagnostics.Eventing.Reader.EventBookmark","Warning","Standby Information","Standby Performance Monitoring","System.Collections.ObjectModel.ReadOnlyCollection`1[System.String]","System.Collections.Generic.List`1[System.Diagnostics.Eventing.Reader.EventProperty]"
"The Desktop Window Manager is experiencing heavy resource contention.
     Reason	:	CPU resources are over-utilized.
     Diagnosis	:	A sharp degradation in Desktop Window Manager responsiveness was observed.","501","1",,"3","4006","42","-9223372036854710272","2356","Microsoft-Windows-Diagnostics-Performance","cfc18ec0-96b1-4eba-961b-622caee05b0a","Microsoft-Windows-Diagnostics-Performance/Operational","1312","7200","rjaf-PC4429","S-1-5-19","4/1/2015 1:16:35 AM","00000000-7b28-0000-aa1c-5c782c6bd001",,"c:\users\mac_1\desktop\winevt\logs\microsoft-windows-diagnostics-performance%4operational.evtx","System.UInt32[]","System.Diagnostics.Eventing.Reader.EventBookmark","Warning","Video Memory Responsiveness","Desktop Window Manager Monitoring","System.Collections.ObjectModel.ReadOnlyCollection`1[System.String]","System.Collections.Generic.List`1[System.Diagnostics.Eventing.Reader.EventProperty]"
"The Desktop Window Manager is experiencing heavy resource contention. 
     Scenario	:	The Desktop Window Manager responsiveness has degraded.","500","1",,"3","4006","39","-9223372036854710272","2355","Microsoft-Windows-Diagnostics-Performance","cfc18ec0-96b1-4eba-961b-622caee05b0a","Microsoft-Windows-Diagnostics-Performance/Operational","1312","7200","rjaf-PC4429","S-1-5-19","4/1/2015 1:16:35 AM","00000000-7b28-0000-aa1c-5c782c6bd001",,"c:\users\mac_1\desktop\winevt\logs\microsoft-windows-diagnostics-performance%4operational.evtx","System.UInt32[]","System.Diagnostics.Eventing.Reader.EventBookmark","Warning","Video Memory Degradation","Desktop Window Manager Monitoring","System.Collections.ObjectModel.ReadOnlyCollection`1[System.String]","System.Collections.Generic.List`1[System.Diagnostics.Eventing.Reader.EventProperty]"
"This driver responded slower than expected to the resume request while servicing this device: 
     Driver File Name		:	\Driver\igfx
     Driver Friendly Name		:	Intel Graphics Kernel Mode Driver
     Driver Version			:	9.17.10.2932
     Driver Total Time		:	3705ms
     Driver Degradation Time	:	1024ms
     Incident Time (UTC)		:	?2015?-?04?-?01T08:14:53.098452800Z
     Device Name			:	PCI\VEN_8086&DEV_0152&SUBSYS_204E8086&REV_09\3&11583659&0&10
     Device Friendly Name		:	Intel(R) HD Graphics
     Device Total Time		:	3715ms
     Device Degradation Time	:	1024ms","351","1",,"2","4003","35","-9223372036854710272","2354","Microsoft-Windows-Diagnostics-Performance","cfc18ec0-96b1-4eba-961b-622caee05b0a","Microsoft-Windows-Diagnostics-Performance/Operational","1312","7200","rjaf-PC4429","S-1-5-19","4/1/2015 1:16:21 AM","00000000-7b28-0000-a91c-5c782c6bd001",,"c:\users\mac_1\desktop\winevt\logs\microsoft-windows-diagnostics-performance%4operational.evtx","System.UInt32[]","System.Diagnostics.Eventing.Reader.EventBookmark","Error","Standby Degradation","Standby Performance Monitoring","System.Collections.ObjectModel.ReadOnlyCollection`1[System.String]","System.Collections.Generic.List`1[System.Diagnostics.Eventing.Reader.EventProperty]"
"Windows has resumed from standby: 
     Standby Duration		:	8094ms
     Standby Incident Time (UTC)	:	?2015?-?04?-?01T06:53:47.837548500Z
     Resume  Duration		:	9292ms
     Resume  Incident Time (UTC)	:	?2015?-?04?-?01T08:14:53.098452800Z
     IsDegradation			:	false","300","1",,"3","4003","36","-9223372036854710272","2353","Microsoft-Windows-Diagnostics-Performance","cfc18ec0-96b1-4eba-961b-622caee05b0a","Microsoft-Windows-Diagnostics-Performance/Operational","1312","7200","rjaf-PC4429","S-1-5-19","4/1/2015 1:16:21 AM","00000000-7b28-0000-a91c-5c782c6bd001",,"c:\users\mac_1\desktop\winevt\logs\microsoft-windows-diagnostics-performance%4operational.evtx","System.UInt32[]","System.Diagnostics.Eventing.Reader.EventBookmark","Warning","Standby Information","Standby Performance Monitoring","System.Collections.ObjectModel.ReadOnlyCollection`1[System.String]","System.Collections.Generic.List`1[System.Diagnostics.Eventing.Reader.EventProperty]"
"Windows has resumed from standby: 
     Standby Duration		:	8454ms
     Standby Incident Time (UTC)	:	?2015?-?04?-?01T00:02:49.945011600Z
     Resume  Duration		:	1199ms
     Resume  Incident Time (UTC)	:	?2015?-?04?-?01T05:45:49.840997800Z
     IsDegradation			:	false","300","1",,"3","4003","36","-9223372036854710272","2352","Microsoft-Windows-Diagnostics-Performance","cfc18ec0-96b1-4eba-961b-622caee05b0a","Microsoft-Windows-Diagnostics-Performance/Operational","1312","1208","rjaf-PC4429","S-1-5-19","3/31/2015 10:46:06 PM","85f1fc9c-f89b-0003-c21c-5c782c6bd001",,"c:\users\mac_1\desktop\winevt\logs\microsoft-windows-diagnostics-performance%4operational.evtx","System.UInt32[]","System.Diagnostics.Eventing.Reader.EventBookmark","Warning","Standby Information","Standby Performance Monitoring","System.Collections.ObjectModel.ReadOnlyCollection`1[System.String]","System.Collections.Generic.List`1[System.Diagnostics.Eventing.Reader.EventProperty]"
"Windows has resumed from standby: 
     Standby Duration		:	10976ms
     Standby Incident Time (UTC)	:	?2015?-?03?-?31T22:51:35.374893000Z
     Resume  Duration		:	1209ms
     Resume  Incident Time (UTC)	:	?2015?-?04?-?01T00:00:04.851687700Z
     IsDegradation			:	false","300","1",,"3","4003","36","-9223372036854710272","2351","Microsoft-Windows-Diagnostics-Performance","cfc18ec0-96b1-4eba-961b-622caee05b0a","Microsoft-Windows-Diagnostics-Performance/Operational","1312","1208","rjaf-PC4429","S-1-5-19","3/31/2015 5:00:20 PM","85f1fc9c-f89b-0003-c11c-5c782c6bd001",,"c:\users\mac_1\desktop\winevt\logs\microsoft-windows-diagnostics-performance%4operational.evtx","System.UInt32[]","System.Diagnostics.Eventing.Reader.EventBookmark","Warning","Standby Information","Standby Performance Monitoring","System.Collections.ObjectModel.ReadOnlyCollection`1[System.String]","System.Collections.Generic.List`1[System.Diagnostics.Eventing.Reader.EventProperty]"
"Windows has resumed from standby: 
     Standby Duration		:	6278ms
     Standby Incident Time (UTC)	:	?2015?-?03?-?31T20:31:50.744685900Z
     Resume  Duration		:	1205ms
     Resume  Incident Time (UTC)	:	?2015?-?03?-?31T20:58:11.469326300Z
     IsDegradation			:	false","300","1",,"3","4003","36","-9223372036854710272","2350","Microsoft-Windows-Diagnostics-Performance","cfc18ec0-96b1-4eba-961b-622caee05b0a","Microsoft-Windows-Diagnostics-Performance/Operational","1312","4180","rjaf-PC4429","S-1-5-19","3/31/2015 1:58:25 PM","85f1ea9c-f89b-0001-a91c-5c782c6bd001",,"c:\users\mac_1\desktop\winevt\logs\microsoft-windows-diagnostics-performance%4operational.evtx","System.UInt32[]","System.Diagnostics.Eventing.Reader.EventBookmark","Warning","Standby Information","Standby Performance Monitoring","System.Collections.ObjectModel.ReadOnlyCollection`1[System.String]","System.Collections.Generic.List`1[System.Diagnostics.Eventing.Reader.EventProperty]"
"Windows has resumed from standby: 
     Standby Duration		:	6981ms
     Standby Incident Time (UTC)	:	?2015?-?03?-?31T19:04:50.947800800Z
     Resume  Duration		:	1204ms
     Resume  Incident Time (UTC)	:	?2015?-?03?-?31T19:17:53.769591700Z
     IsDegradation			:	false","300","1",,"3","4003","36","-9223372036854710272","2349","Microsoft-Windows-Diagnostics-Performance","cfc18ec0-96b1-4eba-961b-622caee05b0a","Microsoft-Windows-Diagnostics-Performance/Operational","1312","6120","rjaf-PC4429","S-1-5-19","3/31/2015 12:18:07 PM","85f1f364-f89b-0002-b51c-5c782c6bd001",,"c:\users\mac_1\desktop\winevt\logs\microsoft-windows-diagnostics-performance%4operational.evtx","System.UInt32[]","System.Diagnostics.Eventing.Reader.EventBookmark","Warning","Standby Information","Standby Performance Monitoring","System.Collections.ObjectModel.ReadOnlyCollection`1[System.String]","System.Collections.Generic.List`1[System.Diagnostics.Eventing.Reader.EventProperty]"
"Windows has resumed from standby: 
     Standby Duration		:	6959ms
     Standby Incident Time (UTC)	:	?2015?-?03?-?31T16:40:51.659150600Z
     Resume  Duration		:	1237ms
     Resume  Incident Time (UTC)	:	?2015?-?03?-?31T18:25:25.930250300Z
     IsDegradation			:	false","300","1",,"3","4003","36","-9223372036854710272","2348","Microsoft-Windows-Diagnostics-Performance","cfc18ec0-96b1-4eba-961b-622caee05b0a","Microsoft-Windows-Diagnostics-Performance/Operational","1312","984","rjaf-PC4429","S-1-5-19","3/31/2015 11:25:40 AM","00000000-7b28-0000-a41c-5c782c6bd001",,"c:\users\mac_1\desktop\winevt\logs\microsoft-windows-diagnostics-performance%4operational.evtx","System.UInt32[]","System.Diagnostics.Eventing.Reader.EventBookmark","Warning","Standby Information","Standby Performance Monitoring","System.Collections.ObjectModel.ReadOnlyCollection`1[System.String]","System.Collections.Generic.List`1[System.Diagnostics.Eventing.Reader.EventProperty]"
"Windows has resumed from standby: 
     Standby Duration		:	9471ms
     Standby Incident Time (UTC)	:	?2015?-?03?-?31T10:20:38.693185300Z
     Resume  Duration		:	1215ms
     Resume  Incident Time (UTC)	:	?2015?-?03?-?31T15:57:30.625092600Z
     IsDegradation			:	false","300","1",,"3","4003","36","-9223372036854710272","2347","Microsoft-Windows-Diagnostics-Performance","cfc18ec0-96b1-4eba-961b-622caee05b0a","Microsoft-Windows-Diagnostics-Performance/Operational","1312","6440","rjaf-PC4429","S-1-5-19","3/31/2015 8:57:43 AM","00000000-7b28-0000-a31c-5c782c6bd001",,"c:\users\mac_1\desktop\winevt\logs\microsoft-windows-diagnostics-performance%4operational.evtx","System.UInt32[]","System.Diagnostics.Eventing.Reader.EventBookmark","Warning","Standby Information","Standby Performance Monitoring","System.Collections.ObjectModel.ReadOnlyCollection`1[System.String]","System.Collections.Generic.List`1[System.Diagnostics.Eventing.Reader.EventProperty]"
"Windows has resumed from standby: 
     Standby Duration		:	7915ms
     Standby Incident Time (UTC)	:	?2015?-?03?-?31T08:50:09.070833400Z
     Resume  Duration		:	1209ms
     Resume  Incident Time (UTC)	:	?2015?-?03?-?31T09:34:16.675680100Z
     IsDegradation			:	false","300","1",,"3","4003","36","-9223372036854710272","2346","Microsoft-Windows-Diagnostics-Performance","cfc18ec0-96b1-4eba-961b-622caee05b0a","Microsoft-Windows-Diagnostics-Performance/Operational","1312","2996","rjaf-PC4429","S-1-5-19","3/31/2015 2:34:28 AM","00000000-7b28-0000-a21c-5c782c6bd001",,"c:\users\mac_1\desktop\winevt\logs\microsoft-windows-diagnostics-performance%4operational.evtx","System.UInt32[]","System.Diagnostics.Eventing.Reader.EventBookmark","Warning","Standby Information","Standby Performance Monitoring","System.Collections.ObjectModel.ReadOnlyCollection`1[System.String]","System.Collections.Generic.List`1[System.Diagnostics.Eventing.Reader.EventProperty]"
"Windows has resumed from standby: 
     Standby Duration		:	7423ms
     Standby Incident Time (UTC)	:	?2015?-?03?-?31T07:05:39.376889900Z
     Resume  Duration		:	1201ms
     Resume  Incident Time (UTC)	:	?2015?-?03?-?31T07:45:16.059140500Z
     IsDegradation			:	false","300","1",,"3","4003","36","-9223372036854710272","2345","Microsoft-Windows-Diagnostics-Performance","cfc18ec0-96b1-4eba-961b-622caee05b0a","Microsoft-Windows-Diagnostics-Performance/Operational","1312","3608","rjaf-PC4429","S-1-5-19","3/31/2015 12:45:26 AM","85f1f364-f89b-0002-aa1c-5c782c6bd001",,"c:\users\mac_1\desktop\winevt\logs\microsoft-windows-diagnostics-performance%4operational.evtx","System.UInt32[]","System.Diagnostics.Eventing.Reader.EventBookmark","Warning","Standby Information","Standby Performance Monitoring","System.Collections.ObjectModel.ReadOnlyCollection`1[System.String]","System.Collections.Generic.List`1[System.Diagnostics.Eventing.Reader.EventProperty]"
"This driver caused a delay during standby while servicing a device:
     Driver File Name		:	\Driver\pci
     Driver Friendly Name		:	NT Plug and Play PCI Enumerator
     Driver Version			:	6.1.7600.16385 (win7_rtm.090713-1255)
     Driver Total Time		:	20ms
     Driver Degradation Time	:	6ms
     Incident Time (UTC)		:	?2015?-?03?-?31T00:02:56.703542700Z
     Device Name			:	PCI\VEN_8086&DEV_1C10&SUBSYS_204E8086&REV_B5\3&11583659&0&E0
     Device Friendly Name		:	Intel(R) 6 Series/C200 Series Chipset Family PCI Express Root Port 1 - 1C10
     Device Total Time		:	20ms
     Device Degradation Time	:	0ms","302","1",,"3","4003","35","-9223372036854710272","2344","Microsoft-Windows-Diagnostics-Performance","cfc18ec0-96b1-4eba-961b-622caee05b0a","Microsoft-Windows-Diagnostics-Performance/Operational","1312","1820","rjaf-PC4429","S-1-5-19","3/30/2015 11:29:53 PM","85f1ea9c-f89b-0001-a61c-5c782c6bd001",,"c:\users\mac_1\desktop\winevt\logs\microsoft-windows-diagnostics-performance%4operational.evtx","System.UInt32[]","System.Diagnostics.Eventing.Reader.EventBookmark","Warning","Standby Degradation","Standby Performance Monitoring","System.Collections.ObjectModel.ReadOnlyCollection`1[System.String]","System.Collections.Generic.List`1[System.Diagnostics.Eventing.Reader.EventProperty]"
"This driver caused a delay during standby while servicing a device:
     Driver File Name		:	\Driver\pci
     Driver Friendly Name		:	NT Plug and Play PCI Enumerator
     Driver Version			:	6.1.7600.16385 (win7_rtm.090713-1255)
     Driver Total Time		:	20ms
     Driver Degradation Time	:	6ms
     Incident Time (UTC)		:	?2015?-?03?-?31T00:02:56.703542700Z
     Device Name			:	PCI\VEN_8086&DEV_1C3A&SUBSYS_204E8086&REV_04\3&11583659&0&B0
     Device Friendly Name		:	Intel(R) Management Engine Interface 
     Device Total Time		:	20ms
     Device Degradation Time	:	0ms","302","1",,"3","4003","35","-9223372036854710272","2343","Microsoft-Windows-Diagnostics-Performance","cfc18ec0-96b1-4eba-961b-622caee05b0a","Microsoft-Windows-Diagnostics-Performance/Operational","1312","1820","rjaf-PC4429","S-1-5-19","3/30/2015 11:29:53 PM","85f1ea9c-f89b-0001-a61c-5c782c6bd001",,"c:\users\mac_1\desktop\winevt\logs\microsoft-windows-diagnostics-performance%4operational.evtx","System.UInt32[]","System.Diagnostics.Eventing.Reader.EventBookmark","Warning","Standby Degradation","Standby Performance Monitoring","System.Collections.ObjectModel.ReadOnlyCollection`1[System.String]","System.Collections.Generic.List`1[System.Diagnostics.Eventing.Reader.EventProperty]"
"This driver caused a delay during standby while servicing a device:
     Driver File Name		:	\Driver\pci
     Driver Friendly Name		:	NT Plug and Play PCI Enumerator
     Driver Version			:	6.1.7600.16385 (win7_rtm.090713-1255)
     Driver Total Time		:	20ms
     Driver Degradation Time	:	6ms
     Incident Time (UTC)		:	?2015?-?03?-?31T00:02:56.703542700Z
     Device Name			:	PCI\VEN_8086&DEV_1C2D&SUBSYS_204E8086&REV_05\3&11583659&0&D0
     Device Friendly Name		:	Intel(R) 6 Series/C200 Series Chipset Family USB Enhanced Host Controller - 1C2D
     Device Total Time		:	20ms
     Device Degradation Time	:	0ms","302","1",,"3","4003","35","-9223372036854710272","2342","Microsoft-Windows-Diagnostics-Performance","cfc18ec0-96b1-4eba-961b-622caee05b0a","Microsoft-Windows-Diagnostics-Performance/Operational","1312","1820","rjaf-PC4429","S-1-5-19","3/30/2015 11:29:53 PM","85f1ea9c-f89b-0001-a61c-5c782c6bd001",,"c:\users\mac_1\desktop\winevt\logs\microsoft-windows-diagnostics-performance%4operational.evtx","System.UInt32[]","System.Diagnostics.Eventing.Reader.EventBookmark","Warning","Standby Degradation","Standby Performance Monitoring","System.Collections.ObjectModel.ReadOnlyCollection`1[System.String]","System.Collections.Generic.List`1[System.Diagnostics.Eventing.Reader.EventProperty]"
"This driver caused a delay during standby while servicing a device:
     Driver File Name		:	\Driver\pci
     Driver Friendly Name		:	NT Plug and Play PCI Enumerator
     Driver Version			:	6.1.7600.16385 (win7_rtm.090713-1255)
     Driver Total Time		:	20ms
     Driver Degradation Time	:	6ms
     Incident Time (UTC)		:	?2015?-?03?-?31T00:02:56.703542700Z
     Device Name			:	PCI\VEN_8086&DEV_1C26&SUBSYS_204E8086&REV_05\3&11583659&0&E8
     Device Friendly Name		:	Intel(R) 6 Series/C200 Series Chipset Family USB Enhanced Host Controller - 1C26
     Device Total Time		:	20ms
     Device Degradation Time	:	0ms","302","1",,"3","4003","35","-9223372036854710272","2341","Microsoft-Windows-Diagnostics-Performance","cfc18ec0-96b1-4eba-961b-622caee05b0a","Microsoft-Windows-Diagnostics-Performance/Operational","1312","1820","rjaf-PC4429","S-1-5-19","3/30/2015 11:29:53 PM","85f1ea9c-f89b-0001-a61c-5c782c6bd001",,"c:\users\mac_1\desktop\winevt\logs\microsoft-windows-diagnostics-performance%4operational.evtx","System.UInt32[]","System.Diagnostics.Eventing.Reader.EventBookmark","Warning","Standby Degradation","Standby Performance Monitoring","System.Collections.ObjectModel.ReadOnlyCollection`1[System.String]","System.Collections.Generic.List`1[System.Diagnostics.Eventing.Reader.EventProperty]"
"This driver caused a delay during standby while servicing a device:
     Driver File Name		:	\Driver\pci
     Driver Friendly Name		:	NT Plug and Play PCI Enumerator
     Driver Version			:	6.1.7600.16385 (win7_rtm.090713-1255)
     Driver Total Time		:	20ms
     Driver Degradation Time	:	6ms
     Incident Time (UTC)		:	?2015?-?03?-?31T00:02:56.703542700Z
     Device Name			:	PCI\VEN_8086&DEV_1C14&SUBSYS_204E8086&REV_B5\3&11583659&0&E2
     Device Friendly Name		:	Intel(R) 6 Series/C200 Series Chipset Family PCI Express Root Port 3 - 1C14
     Device Total Time		:	20ms
     Device Degradation Time	:	0ms","302","1",,"3","4003","35","-9223372036854710272","2340","Microsoft-Windows-Diagnostics-Performance","cfc18ec0-96b1-4eba-961b-622caee05b0a","Microsoft-Windows-Diagnostics-Performance/Operational","1312","1820","rjaf-PC4429","S-1-5-19","3/30/2015 11:29:53 PM","85f1ea9c-f89b-0001-a61c-5c782c6bd001",,"c:\users\mac_1\desktop\winevt\logs\microsoft-windows-diagnostics-performance%4operational.evtx","System.UInt32[]","System.Diagnostics.Eventing.Reader.EventBookmark","Warning","Standby Degradation","Standby Performance Monitoring","System.Collections.ObjectModel.ReadOnlyCollection`1[System.String]","System.Collections.Generic.List`1[System.Diagnostics.Eventing.Reader.EventProperty]"
"Windows has resumed from standby: 
     Standby Duration		:	6523ms
     Standby Incident Time (UTC)	:	?2015?-?03?-?31T00:02:56.703542700Z
     Resume  Duration		:	9329ms
     Resume  Incident Time (UTC)	:	?2015?-?03?-?31T06:29:00.364244000Z
     IsDegradation			:	false","300","1",,"3","4003","36","-9223372036854710272","2339","Microsoft-Windows-Diagnostics-Performance","cfc18ec0-96b1-4eba-961b-622caee05b0a","Microsoft-Windows-Diagnostics-Performance/Operational","1312","1820","rjaf-PC4429","S-1-5-19","3/30/2015 11:29:53 PM","85f1ea9c-f89b-0001-a61c-5c782c6bd001",,"c:\users\mac_1\desktop\winevt\logs\microsoft-windows-diagnostics-performance%4operational.evtx","System.UInt32[]","System.Diagnostics.Eventing.Reader.EventBookmark","Warning","Standby Information","Standby Performance Monitoring","System.Collections.ObjectModel.ReadOnlyCollection`1[System.String]","System.Collections.Generic.List`1[System.Diagnostics.Eventing.Reader.EventProperty]"
"This driver caused a delay during standby while servicing a device:
     Driver File Name		:	\Driver\HdAudAddService
     Driver Friendly Name		:	High Definition Audio Function Driver
     Driver Version			:	6.1.7600.16385 (win7_rtm.090713-1255)
     Driver Total Time		:	17ms
     Driver Degradation Time	:	7ms
     Incident Time (UTC)		:	?2015?-?03?-?30T21:39:27.555747600Z
     Device Name			:	HDAUDIO\FUNC_01&VEN_10EC&DEV_0662&SUBSYS_8086204E&REV_1001\4&21abbdd3&0&0001
     Device Friendly Name		:	High Definition Audio Device
     Device Total Time		:	17ms
     Device Degradation Time	:	0ms","302","1",,"3","4003","35","-9223372036854710272","2338","Microsoft-Windows-Diagnostics-Performance","cfc18ec0-96b1-4eba-961b-622caee05b0a","Microsoft-Windows-Diagnostics-Performance/Operational","1312","4048","rjaf-PC4429","S-1-5-19","3/30/2015 5:00:20 PM","85f1ea9c-f89b-0001-a51c-5c782c6bd001",,"c:\users\mac_1\desktop\winevt\logs\microsoft-windows-diagnostics-performance%4operational.evtx","System.UInt32[]","System.Diagnostics.Eventing.Reader.EventBookmark","Warning","Standby Degradation","Standby Performance Monitoring","System.Collections.ObjectModel.ReadOnlyCollection`1[System.String]","System.Collections.Generic.List`1[System.Diagnostics.Eventing.Reader.EventProperty]"
"Windows has resumed from standby: 
     Standby Duration		:	10125ms
     Standby Incident Time (UTC)	:	?2015?-?03?-?30T21:39:27.555747600Z
     Resume  Duration		:	1226ms
     Resume  Incident Time (UTC)	:	?2015?-?03?-?31T00:00:11.604275300Z
     IsDegradation			:	false","300","1",,"3","4003","36","-9223372036854710272","2337","Microsoft-Windows-Diagnostics-Performance","cfc18ec0-96b1-4eba-961b-622caee05b0a","Microsoft-Windows-Diagnostics-Performance/Operational","1312","4048","rjaf-PC4429","S-1-5-19","3/30/2015 5:00:20 PM","85f1ea9c-f89b-0001-a51c-5c782c6bd001",,"c:\users\mac_1\desktop\winevt\logs\microsoft-windows-diagnostics-performance%4operational.evtx","System.UInt32[]","System.Diagnostics.Eventing.Reader.EventBookmark","Warning","Standby Information","Standby Performance Monitoring","System.Collections.ObjectModel.ReadOnlyCollection`1[System.String]","System.Collections.Generic.List`1[System.Diagnostics.Eventing.Reader.EventProperty]"
"This startup service took longer than expected to startup, resulting in a performance degradation in the system start up process: 
     File Name		:	profsvc
     Friendly Name		:	ProfSvc
     Version		:	6.1.7600.16385 (win7_rtm.090713-1255)
     Total Time		:	575ms
     Degradation Time	:	423ms
     Incident Time (UTC)	:	?2015?-?03?-?30T20:59:53.578000100Z","103","1",,"3","4002","33","-9223372036854710272","2336","Microsoft-Windows-Diagnostics-Performance","cfc18ec0-96b1-4eba-961b-622caee05b0a","Microsoft-Windows-Diagnostics-Performance/Operational","1312","1324","rjaf-PC4429","S-1-5-19","3/30/2015 2:01:48 PM","85f1f364-f89b-0002-a61c-5c782c6bd001",,"c:\users\mac_1\desktop\winevt\logs\microsoft-windows-diagnostics-performance%4operational.evtx","System.UInt32[]","System.Diagnostics.Eventing.Reader.EventBookmark","Warning","Boot Degradation","Boot Performance Monitoring","System.Collections.ObjectModel.ReadOnlyCollection`1[System.String]","System.Collections.Generic.List`1[System.Diagnostics.Eventing.Reader.EventProperty]"
"This startup service took longer than expected to startup, resulting in a performance degradation in the system start up process: 
     File Name		:	gpsvc
     Friendly Name		:	Group Policy Client
     Version		:	6.1.7600.16385 (win7_rtm.090713-1255)
     Total Time		:	573ms
     Degradation Time	:	426ms
     Incident Time (UTC)	:	?2015?-?03?-?30T20:59:53.578000100Z","103","1",,"3","4002","33","-9223372036854710272","2335","Microsoft-Windows-Diagnostics-Performance","cfc18ec0-96b1-4eba-961b-622caee05b0a","Microsoft-Windows-Diagnostics-Performance/Operational","1312","1324","rjaf-PC4429","S-1-5-19","3/30/2015 2:01:48 PM","85f1f364-f89b-0002-a61c-5c782c6bd001",,"c:\users\mac_1\desktop\winevt\logs\microsoft-windows-diagnostics-performance%4operational.evtx","System.UInt32[]","System.Diagnostics.Eventing.Reader.EventBookmark","Warning","Boot Degradation","Boot Performance Monitoring","System.Collections.ObjectModel.ReadOnlyCollection`1[System.String]","System.Collections.Generic.List`1[System.Diagnostics.Eventing.Reader.EventProperty]"
"This startup service took longer than expected to startup, resulting in a performance degradation in the system start up process: 
     File Name		:	themes
     Friendly Name		:	Windows Shell Theme Service Dll
     Version		:	6.1.7600.16385 (win7_rtm.090713-1255)
     Total Time		:	530ms
     Degradation Time	:	471ms
     Incident Time (UTC)	:	?2015?-?03?-?30T20:59:53.578000100Z","103","1",,"3","4002","33","-9223372036854710272","2334","Microsoft-Windows-Diagnostics-Performance","cfc18ec0-96b1-4eba-961b-622caee05b0a","Microsoft-Windows-Diagnostics-Performance/Operational","1312","1324","rjaf-PC4429","S-1-5-19","3/30/2015 2:01:48 PM","85f1f364-f89b-0002-a61c-5c782c6bd001",,"c:\users\mac_1\desktop\winevt\logs\microsoft-windows-diagnostics-performance%4operational.evtx","System.UInt32[]","System.Diagnostics.Eventing.Reader.EventBookmark","Warning","Boot Degradation","Boot Performance Monitoring","System.Collections.ObjectModel.ReadOnlyCollection`1[System.String]","System.Collections.Generic.List`1[System.Diagnostics.Eventing.Reader.EventProperty]"
"This startup service took longer than expected to startup, resulting in a performance degradation in the system start up process: 
     File Name		:	cscservice
     Friendly Name		:	CSC Service DLL
     Version		:	6.1.7600.16385 (win7_rtm.090713-1255)
     Total Time		:	797ms
     Degradation Time	:	674ms
     Incident Time (UTC)	:	?2015?-?03?-?30T20:59:53.578000100Z","103","1",,"3","4002","33","-9223372036854710272","2333","Microsoft-Windows-Diagnostics-Performance","cfc18ec0-96b1-4eba-961b-622caee05b0a","Microsoft-Windows-Diagnostics-Performance/Operational","1312","1324","rjaf-PC4429","S-1-5-19","3/30/2015 2:01:48 PM","85f1f364-f89b-0002-a61c-5c782c6bd001",,"c:\users\mac_1\desktop\winevt\logs\microsoft-windows-diagnostics-performance%4operational.evtx","System.UInt32[]","System.Diagnostics.Eventing.Reader.EventBookmark","Warning","Boot Degradation","Boot Performance Monitoring","System.Collections.ObjectModel.ReadOnlyCollection`1[System.String]","System.Collections.Generic.List`1[System.Diagnostics.Eventing.Reader.EventProperty]"
"This driver took longer to initialize, resulting in a performance degradation in the system start up process: 
     File Name		:	VgaSave
     Friendly Name		:	VGA/Super VGA Video Driver
     Version		:	6.1.7600.16385 (win7_rtm.090713-1255)
     Total Time		:	506ms
     Degradation Time	:	467ms
     Incident Time (UTC)	:	?2015?-?03?-?30T20:59:53.578000100Z","102","1",,"3","4002","33","-9223372036854710272","2332","Microsoft-Windows-Diagnostics-Performance","cfc18ec0-96b1-4eba-961b-622caee05b0a","Microsoft-Windows-Diagnostics-Performance/Operational","1312","1324","rjaf-PC4429","S-1-5-19","3/30/2015 2:01:48 PM","85f1f364-f89b-0002-a61c-5c782c6bd001",,"c:\users\mac_1\desktop\winevt\logs\microsoft-windows-diagnostics-performance%4operational.evtx","System.UInt32[]","System.Diagnostics.Eventing.Reader.EventBookmark","Warning","Boot Degradation","Boot Performance Monitoring","System.Collections.ObjectModel.ReadOnlyCollection`1[System.String]","System.Collections.Generic.List`1[System.Diagnostics.Eventing.Reader.EventProperty]"
"Windows has started up: 
     Boot Duration		:	35228ms
     IsDegradation		:	false
     Incident Time (UTC)	:	?2015?-?03?-?30T20:59:53.578000100Z","100","2",,"3","4002","34","-9223372036854710272","2331","Microsoft-Windows-Diagnostics-Performance","cfc18ec0-96b1-4eba-961b-622caee05b0a","Microsoft-Windows-Diagnostics-Performance/Operational","1312","1324","rjaf-PC4429","S-1-5-19","3/30/2015 2:01:48 PM","85f1f364-f89b-0002-a61c-5c782c6bd001",,"c:\users\mac_1\desktop\winevt\logs\microsoft-windows-diagnostics-performance%4operational.evtx","System.UInt32[]","System.Diagnostics.Eventing.Reader.EventBookmark","Warning","Boot Information","Boot Performance Monitoring","System.Collections.ObjectModel.ReadOnlyCollection`1[System.String]","System.Collections.Generic.List`1[System.Diagnostics.Eventing.Reader.EventProperty]"
"This driver caused a delay during standby while servicing a device:
     Driver File Name		:	\Driver\Disk
     Driver Friendly Name		:	PnP Disk Driver
     Driver Version			:	6.1.7600.16385 (win7_rtm.090713-1255)
     Driver Total Time		:	30ms
     Driver Degradation Time	:	26ms
     Incident Time (UTC)		:	?2015?-?03?-?30T18:39:09.517710900Z
     Device Name			:	SCSI\Disk&Ven_WDC&Prod_WD5000AAKX-22ERM\4&68979c&0&000000
     Device Friendly Name		:	Disk drive
     Device Total Time		:	30ms
     Device Degradation Time	:	0ms","302","1",,"3","4003","35","-9223372036854710272","2330","Microsoft-Windows-Diagnostics-Performance","cfc18ec0-96b1-4eba-961b-622caee05b0a","Microsoft-Windows-Diagnostics-Performance/Operational","1344","3996","rjaf-PC4429","S-1-5-19","3/30/2015 11:54:40 AM","85f03c9c-e89b-0003-0ce9-201ba86ad001",,"c:\users\mac_1\desktop\winevt\logs\microsoft-windows-diagnostics-performance%4operational.evtx","System.UInt32[]","System.Diagnostics.Eventing.Reader.EventBookmark","Warning","Standby Degradation","Standby Performance Monitoring","System.Collections.ObjectModel.ReadOnlyCollection`1[System.String]","System.Collections.Generic.List`1[System.Diagnostics.Eventing.Reader.EventProperty]"
"This driver caused a delay during standby while servicing a device:
     Driver File Name		:	\Driver\usbehci
     Driver Friendly Name		:	EHCI eUSB Miniport Driver
     Driver Version			:	6.1.7600.16788 (win7_gdr.110324-1506)
     Driver Total Time		:	92ms
     Driver Degradation Time	:	31ms
     Incident Time (UTC)		:	?2015?-?03?-?30T18:39:09.517710900Z
     Device Name			:	USB\ROOT_HUB20\4&f96d45&0
     Device Friendly Name		:	USB Root Hub
     Device Total Time		:	92ms
     Device Degradation Time	:	31ms","302","1",,"3","4003","35","-9223372036854710272","2329","Microsoft-Windows-Diagnostics-Performance","cfc18ec0-96b1-4eba-961b-622caee05b0a","Microsoft-Windows-Diagnostics-Performance/Operational","1344","3996","rjaf-PC4429","S-1-5-19","3/30/2015 11:54:40 AM","85f03c9c-e89b-0003-0ce9-201ba86ad001",,"c:\users\mac_1\desktop\winevt\logs\microsoft-windows-diagnostics-performance%4operational.evtx","System.UInt32[]","System.Diagnostics.Eventing.Reader.EventBookmark","Warning","Standby Degradation","Standby Performance Monitoring","System.Collections.ObjectModel.ReadOnlyCollection`1[System.String]","System.Collections.Generic.List`1[System.Diagnostics.Eventing.Reader.EventProperty]"
"Windows has resumed from standby: 
     Standby Duration		:	9324ms
     Standby Incident Time (UTC)	:	?2015?-?03?-?30T18:39:09.517710900Z
     Resume  Duration		:	1203ms
     Resume  Incident Time (UTC)	:	?2015?-?03?-?30T18:54:30.388343200Z
     IsDegradation			:	false","300","1",,"3","4003","36","-9223372036854710272","2328","Microsoft-Windows-Diagnostics-Performance","cfc18ec0-96b1-4eba-961b-622caee05b0a","Microsoft-Windows-Diagnostics-Performance/Operational","1344","3996","rjaf-PC4429","S-1-5-19","3/30/2015 11:54:40 AM","85f03c9c-e89b-0003-0ce9-201ba86ad001",,"c:\users\mac_1\desktop\winevt\logs\microsoft-windows-diagnostics-performance%4operational.evtx","System.UInt32[]","System.Diagnostics.Eventing.Reader.EventBookmark","Warning","Standby Information","Standby Performance Monitoring","System.Collections.ObjectModel.ReadOnlyCollection`1[System.String]","System.Collections.Generic.List`1[System.Diagnostics.Eventing.Reader.EventProperty]"
"Windows has resumed from standby: 
     Standby Duration		:	7187ms
     Standby Incident Time (UTC)	:	?2015?-?03?-?30T12:06:41.345050700Z
     Resume  Duration		:	1284ms
     Resume  Incident Time (UTC)	:	?2015?-?03?-?30T18:01:45.514662000Z
     IsDegradation			:	false","300","1",,"3","4003","36","-9223372036854710272","2327","Microsoft-Windows-Diagnostics-Performance","cfc18ec0-96b1-4eba-961b-622caee05b0a","Microsoft-Windows-Diagnostics-Performance/Operational","1344","164","rjaf-PC4429","S-1-5-19","3/30/2015 11:01:55 AM","85f03364-e89b-0002-15e9-201ba86ad001",,"c:\users\mac_1\desktop\winevt\logs\microsoft-windows-diagnostics-performance%4operational.evtx","System.UInt32[]","System.Diagnostics.Eventing.Reader.EventBookmark","Warning","Standby Information","Standby Performance Monitoring","System.Collections.ObjectModel.ReadOnlyCollection`1[System.String]","System.Collections.Generic.List`1[System.Diagnostics.Eventing.Reader.EventProperty]"
"Windows has resumed from standby: 
     Standby Duration		:	6835ms
     Standby Incident Time (UTC)	:	?2015?-?03?-?30T09:53:11.896351700Z
     Resume  Duration		:	1219ms
     Resume  Incident Time (UTC)	:	?2015?-?03?-?30T11:34:04.339315700Z
     IsDegradation			:	false","300","1",,"3","4003","36","-9223372036854710272","2326","Microsoft-Windows-Diagnostics-Performance","cfc18ec0-96b1-4eba-961b-622caee05b0a","Microsoft-Windows-Diagnostics-Performance/Operational","1344","4028","rjaf-PC4429","S-1-5-19","3/30/2015 4:34:12 AM","85f03c9c-e89b-0003-07e9-201ba86ad001",,"c:\users\mac_1\desktop\winevt\logs\microsoft-windows-diagnostics-performance%4operational.evtx","System.UInt32[]","System.Diagnostics.Eventing.Reader.EventBookmark","Warning","Standby Information","Standby Performance Monitoring","System.Collections.ObjectModel.ReadOnlyCollection`1[System.String]","System.Collections.Generic.List`1[System.Diagnostics.Eventing.Reader.EventProperty]"
"Windows has resumed from standby: 
     Standby Duration		:	10506ms
     Standby Incident Time (UTC)	:	?2015?-?03?-?30T05:58:42.501931400Z
     Resume  Duration		:	1201ms
     Resume  Incident Time (UTC)	:	?2015?-?03?-?30T07:31:18.987355200Z
     IsDegradation			:	false","300","1",,"3","4003","36","-9223372036854710272","2325","Microsoft-Windows-Diagnostics-Performance","cfc18ec0-96b1-4eba-961b-622caee05b0a","Microsoft-Windows-Diagnostics-Performance/Operational","1344","4044","rjaf-PC4429","S-1-5-19","3/30/2015 12:31:27 AM","85f03364-e89b-0002-09e9-201ba86ad001",,"c:\users\mac_1\desktop\winevt\logs\microsoft-windows-diagnostics-performance%4operational.evtx","System.UInt32[]","System.Diagnostics.Eventing.Reader.EventBookmark","Warning","Standby Information","Standby Performance Monitoring","System.Collections.ObjectModel.ReadOnlyCollection`1[System.String]","System.Collections.Generic.List`1[System.Diagnostics.Eventing.Reader.EventProperty]"
"Windows has started up: 
     Boot Duration		:	30173ms
     IsDegradation		:	false
     Incident Time (UTC)	:	?2015?-?03?-?30T05:12:23.578000100Z","100","2",,"3","4002","34","-9223372036854710272","2324","Microsoft-Windows-Diagnostics-Performance","cfc18ec0-96b1-4eba-961b-622caee05b0a","Microsoft-Windows-Diagnostics-Performance/Operational","1344","116","rjaf-PC4429","S-1-5-19","3/29/2015 10:14:16 PM","85f03364-e89b-0002-05e9-201ba86ad001",,"c:\users\mac_1\desktop\winevt\logs\microsoft-windows-diagnostics-performance%4operational.evtx","System.UInt32[]","System.Diagnostics.Eventing.Reader.EventBookmark","Warning","Boot Information","Boot Performance Monitoring","System.Collections.ObjectModel.ReadOnlyCollection`1[System.String]","System.Collections.Generic.List`1[System.Diagnostics.Eventing.Reader.EventProperty]"
"Windows has resumed from standby: 
     Standby Duration		:	16219ms
     Standby Incident Time (UTC)	:	?2015?-?03?-?29T13:49:56.780271000Z
     Resume  Duration		:	1186ms
     Resume  Incident Time (UTC)	:	?2015?-?03?-?29T18:17:11.025617200Z
     IsDegradation			:	false","300","1",,"3","4003","36","-9223372036854710272","2323","Microsoft-Windows-Diagnostics-Performance","cfc18ec0-96b1-4eba-961b-622caee05b0a","Microsoft-Windows-Diagnostics-Performance/Operational","1316","3604","rjaf-PC4429","S-1-5-19","3/29/2015 11:17:24 AM","85f03c9c-289b-0003-2712-bd86206ad001",,"c:\users\mac_1\desktop\winevt\logs\microsoft-windows-diagnostics-performance%4operational.evtx","System.UInt32[]","System.Diagnostics.Eventing.Reader.EventBookmark","Warning","Standby Information","Standby Performance Monitoring","System.Collections.ObjectModel.ReadOnlyCollection`1[System.String]","System.Collections.Generic.List`1[System.Diagnostics.Eventing.Reader.EventProperty]"
"Windows has started up: 
     Boot Duration		:	34611ms
     IsDegradation		:	false
     Incident Time (UTC)	:	?2015?-?03?-?29T13:01:52.578000100Z","100","2",,"3","4002","34","-9223372036854710272","2322","Microsoft-Windows-Diagnostics-Performance","cfc18ec0-96b1-4eba-961b-622caee05b0a","Microsoft-Windows-Diagnostics-Performance/Operational","1316","2064","rjaf-PC4429","S-1-5-19","3/29/2015 6:03:47 AM","85f03c9c-289b-0003-2512-bd86206ad001",,"c:\users\mac_1\desktop\winevt\logs\microsoft-windows-diagnostics-performance%4operational.evtx","System.UInt32[]","System.Diagnostics.Eventing.Reader.EventBookmark","Warning","Boot Information","Boot Performance Monitoring","System.Collections.ObjectModel.ReadOnlyCollection`1[System.String]","System.Collections.Generic.List`1[System.Diagnostics.Eventing.Reader.EventProperty]"
"This driver caused a delay during standby while servicing a device:
     Driver File Name		:	\Driver\HidUsb
     Driver Friendly Name		:	USB Miniport Driver for Input Devices
     Driver Version			:	6.1.7600.16385 (win7_rtm.090713-1255)
     Driver Total Time		:	27ms
     Driver Degradation Time	:	10ms
     Incident Time (UTC)		:	?2015?-?03?-?28T00:04:15.580621900Z
     Device Name			:	USB\VID_15D9&PID_0A4F\6&2bf858fa&0&1
     Device Friendly Name		:	USB Input Device
     Device Total Time		:	27ms
     Device Degradation Time	:	0ms","302","1",,"3","4003","35","-9223372036854710272","2321","Microsoft-Windows-Diagnostics-Performance","cfc18ec0-96b1-4eba-961b-622caee05b0a","Microsoft-Windows-Diagnostics-Performance/Operational","1320","3384","rjaf-PC4429","S-1-5-19","3/28/2015 8:21:50 AM","85f03c9c-089b-0003-b157-c5dc8b67d001",,"c:\users\mac_1\desktop\winevt\logs\microsoft-windows-diagnostics-performance%4operational.evtx","System.UInt32[]","System.Diagnostics.Eventing.Reader.EventBookmark","Warning","Standby Degradation","Standby Performance Monitoring","System.Collections.ObjectModel.ReadOnlyCollection`1[System.String]","System.Collections.Generic.List`1[System.Diagnostics.Eventing.Reader.EventProperty]"
"This driver caused a delay during standby while servicing a device:
     Driver File Name		:	\Driver\HidUsb
     Driver Friendly Name		:	USB Miniport Driver for Input Devices
     Driver Version			:	6.1.7600.16385 (win7_rtm.090713-1255)
     Driver Total Time		:	27ms
     Driver Degradation Time	:	10ms
     Incident Time (UTC)		:	?2015?-?03?-?28T00:04:15.580621900Z
     Device Name			:	USB\VID_04F3&PID_0103&MI_00\7&f9ecafe&0&0000
     Device Friendly Name		:	USB Input Device
     Device Total Time		:	27ms
     Device Degradation Time	:	0ms","302","1",,"3","4003","35","-9223372036854710272","2320","Microsoft-Windows-Diagnostics-Performance","cfc18ec0-96b1-4eba-961b-622caee05b0a","Microsoft-Windows-Diagnostics-Performance/Operational","1320","3384","rjaf-PC4429","S-1-5-19","3/28/2015 8:21:50 AM","85f03c9c-089b-0003-b157-c5dc8b67d001",,"c:\users\mac_1\desktop\winevt\logs\microsoft-windows-diagnostics-performance%4operational.evtx","System.UInt32[]","System.Diagnostics.Eventing.Reader.EventBookmark","Warning","Standby Degradation","Standby Performance Monitoring","System.Collections.ObjectModel.ReadOnlyCollection`1[System.String]","System.Collections.Generic.List`1[System.Diagnostics.Eventing.Reader.EventProperty]"
"Windows has resumed from standby: 
     Standby Duration		:	9268ms
     Standby Incident Time (UTC)	:	?2015?-?03?-?28T00:04:15.580621900Z
     Resume  Duration		:	1341ms
     Resume  Incident Time (UTC)	:	?2015?-?03?-?28T15:21:22.964505700Z
     IsDegradation			:	false","300","1",,"3","4003","36","-9223372036854710272","2319","Microsoft-Windows-Diagnostics-Performance","cfc18ec0-96b1-4eba-961b-622caee05b0a","Microsoft-Windows-Diagnostics-Performance/Operational","1320","3384","rjaf-PC4429","S-1-5-19","3/28/2015 8:21:50 AM","85f03c9c-089b-0003-b157-c5dc8b67d001",,"c:\users\mac_1\desktop\winevt\logs\microsoft-windows-diagnostics-performance%4operational.evtx","System.UInt32[]","System.Diagnostics.Eventing.Reader.EventBookmark","Warning","Standby Information","Standby Performance Monitoring","System.Collections.ObjectModel.ReadOnlyCollection`1[System.String]","System.Collections.Generic.List`1[System.Diagnostics.Eventing.Reader.EventProperty]"
"Windows has resumed from standby: 
     Standby Duration		:	6542ms
     Standby Incident Time (UTC)	:	?2015?-?03?-?27T01:02:53.581757300Z
     Resume  Duration		:	1205ms
     Resume  Incident Time (UTC)	:	?2015?-?03?-?27T23:59:59.304859200Z
     IsDegradation			:	false","300","1",,"3","4003","36","-9223372036854710272","2318","Microsoft-Windows-Diagnostics-Performance","cfc18ec0-96b1-4eba-961b-622caee05b0a","Microsoft-Windows-Diagnostics-Performance/Operational","1320","4036","rjaf-PC4429","S-1-5-19","3/27/2015 5:00:20 PM","00000000-8b28-0000-a757-c5dc8b67d001",,"c:\users\mac_1\desktop\winevt\logs\microsoft-windows-diagnostics-performance%4operational.evtx","System.UInt32[]","System.Diagnostics.Eventing.Reader.EventBookmark","Warning","Standby Information","Standby Performance Monitoring","System.Collections.ObjectModel.ReadOnlyCollection`1[System.String]","System.Collections.Generic.List`1[System.Diagnostics.Eventing.Reader.EventProperty]"
"Windows has resumed from standby: 
     Standby Duration		:	5756ms
     Standby Incident Time (UTC)	:	?2015?-?03?-?26T13:39:12.534870700Z
     Resume  Duration		:	1232ms
     Resume  Incident Time (UTC)	:	?2015?-?03?-?27T01:00:07.298172300Z
     IsDegradation			:	false","300","1",,"3","4003","36","-9223372036854710272","2317","Microsoft-Windows-Diagnostics-Performance","cfc18ec0-96b1-4eba-961b-622caee05b0a","Microsoft-Windows-Diagnostics-Performance/Operational","1320","316","rjaf-PC4429","S-1-5-19","3/26/2015 6:00:19 PM","85f03c9c-089b-0003-a857-c5dc8b67d001",,"c:\users\mac_1\desktop\winevt\logs\microsoft-windows-diagnostics-performance%4operational.evtx","System.UInt32[]","System.Diagnostics.Eventing.Reader.EventBookmark","Warning","Standby Information","Standby Performance Monitoring","System.Collections.ObjectModel.ReadOnlyCollection`1[System.String]","System.Collections.Generic.List`1[System.Diagnostics.Eventing.Reader.EventProperty]"
