"User logoff detected
Account: RJAF-PC4429\rjaf
Session: 2","8","0",,"4","0","0","4611686018427387912","1127","Microsoft-Windows-OfflineFiles","95353826-4fbe-41d4-9c42-f521c6e86360","Microsoft-Windows-OfflineFiles/Operational","1256","4872","rjaf-PC4429","S-1-5-18","6/5/2015 1:55:44 PM",,,"c:\users\mac_1\desktop\winevt\logs\microsoft-windows-offlinefiles%4operational.evtx","System.UInt32[]","System.Diagnostics.Eventing.Reader.EventBookmark","Information","Info",,"System.Collections.ObjectModel.ReadOnlyCollection`1[System.String]","System.Collections.Generic.List`1[System.Diagnostics.Eventing.Reader.EventProperty]"
"User logon detected
Account: RJAF-PC4429\rjaf
Session: 2","7","0",,"4","0","0","4611686018427387912","1126","Microsoft-Windows-OfflineFiles","95353826-4fbe-41d4-9c42-f521c6e86360","Microsoft-Windows-OfflineFiles/Operational","1256","1280","rjaf-PC4429","S-1-5-18","6/5/2015 12:49:22 PM",,,"c:\users\mac_1\desktop\winevt\logs\microsoft-windows-offlinefiles%4operational.evtx","System.UInt32[]","System.Diagnostics.Eventing.Reader.EventBookmark","Information","Info",,"System.Collections.ObjectModel.ReadOnlyCollection`1[System.String]","System.Collections.Generic.List`1[System.Diagnostics.Eventing.Reader.EventProperty]"
"User logoff detected
Account: RJAF-PC4429\rjaf
Session: 1","8","0",,"4","0","0","4611686018427387912","1125","Microsoft-Windows-OfflineFiles","95353826-4fbe-41d4-9c42-f521c6e86360","Microsoft-Windows-OfflineFiles/Operational","1256","3576","rjaf-PC4429","S-1-5-18","6/5/2015 10:19:50 AM",,,"c:\users\mac_1\desktop\winevt\logs\microsoft-windows-offlinefiles%4operational.evtx","System.UInt32[]","System.Diagnostics.Eventing.Reader.EventBookmark","Information","Info",,"System.Collections.ObjectModel.ReadOnlyCollection`1[System.String]","System.Collections.Generic.List`1[System.Diagnostics.Eventing.Reader.EventProperty]"
"User logon detected
Account: RJAF-PC4429\rjaf
Session: 1","7","0",,"4","0","0","4611686018427387912","1124","Microsoft-Windows-OfflineFiles","95353826-4fbe-41d4-9c42-f521c6e86360","Microsoft-Windows-OfflineFiles/Operational","1256","1536","rjaf-PC4429","S-1-5-18","6/5/2015 9:54:30 AM",,,"c:\users\mac_1\desktop\winevt\logs\microsoft-windows-offlinefiles%4operational.evtx","System.UInt32[]","System.Diagnostics.Eventing.Reader.EventBookmark","Information","Info",,"System.Collections.ObjectModel.ReadOnlyCollection`1[System.String]","System.Collections.Generic.List`1[System.Diagnostics.Eventing.Reader.EventProperty]"
"The Offline Files service started successfully.","1","0",,"4","0","0","4611686018427387920","1123","Microsoft-Windows-OfflineFiles","95353826-4fbe-41d4-9c42-f521c6e86360","Microsoft-Windows-OfflineFiles/Operational","1256","1368","rjaf-PC4429","S-1-5-18","6/5/2015 9:53:18 AM",,,"c:\users\mac_1\desktop\winevt\logs\microsoft-windows-offlinefiles%4operational.evtx","System.UInt32[]","System.Diagnostics.Eventing.Reader.EventBookmark","Information","Info",,"System.Collections.ObjectModel.ReadOnlyCollection`1[System.String]","System.Collections.Generic.List`1[System.Diagnostics.Eventing.Reader.EventProperty]"
"User logoff detected
Account: RJAF-PC4429\rjaf
Session: 3","8","0",,"4","0","0","4611686018427387912","1122","Microsoft-Windows-OfflineFiles","95353826-4fbe-41d4-9c42-f521c6e86360","Microsoft-Windows-OfflineFiles/Operational","1220","348","rjaf-PC4429","S-1-5-18","6/5/2015 6:54:37 AM",,,"c:\users\mac_1\desktop\winevt\logs\microsoft-windows-offlinefiles%4operational.evtx","System.UInt32[]","System.Diagnostics.Eventing.Reader.EventBookmark","Information","Info",,"System.Collections.ObjectModel.ReadOnlyCollection`1[System.String]","System.Collections.Generic.List`1[System.Diagnostics.Eventing.Reader.EventProperty]"
"User logon detected
Account: RJAF-PC4429\rjaf
Session: 3","7","0",,"4","0","0","4611686018427387912","1121","Microsoft-Windows-OfflineFiles","95353826-4fbe-41d4-9c42-f521c6e86360","Microsoft-Windows-OfflineFiles/Operational","1220","5632","rjaf-PC4429","S-1-5-18","6/5/2015 6:51:10 AM",,,"c:\users\mac_1\desktop\winevt\logs\microsoft-windows-offlinefiles%4operational.evtx","System.UInt32[]","System.Diagnostics.Eventing.Reader.EventBookmark","Information","Info",,"System.Collections.ObjectModel.ReadOnlyCollection`1[System.String]","System.Collections.Generic.List`1[System.Diagnostics.Eventing.Reader.EventProperty]"
"User logoff detected
Account: RJAF-PC4429\rjaf
Session: 2","8","0",,"4","0","0","4611686018427387912","1120","Microsoft-Windows-OfflineFiles","95353826-4fbe-41d4-9c42-f521c6e86360","Microsoft-Windows-OfflineFiles/Operational","1220","1572","rjaf-PC4429","S-1-5-18","6/5/2015 1:48:34 AM",,,"c:\users\mac_1\desktop\winevt\logs\microsoft-windows-offlinefiles%4operational.evtx","System.UInt32[]","System.Diagnostics.Eventing.Reader.EventBookmark","Information","Info",,"System.Collections.ObjectModel.ReadOnlyCollection`1[System.String]","System.Collections.Generic.List`1[System.Diagnostics.Eventing.Reader.EventProperty]"
"User logon detected
Account: RJAF-PC4429\rjaf
Session: 2","7","0",,"4","0","0","4611686018427387912","1119","Microsoft-Windows-OfflineFiles","95353826-4fbe-41d4-9c42-f521c6e86360","Microsoft-Windows-OfflineFiles/Operational","1220","4068","rjaf-PC4429","S-1-5-18","6/5/2015 1:05:06 AM",,,"c:\users\mac_1\desktop\winevt\logs\microsoft-windows-offlinefiles%4operational.evtx","System.UInt32[]","System.Diagnostics.Eventing.Reader.EventBookmark","Information","Info",,"System.Collections.ObjectModel.ReadOnlyCollection`1[System.String]","System.Collections.Generic.List`1[System.Diagnostics.Eventing.Reader.EventProperty]"
"User logoff detected
Account: RJAF-PC4429\rjaf
Session: 1","8","0",,"4","0","0","4611686018427387912","1118","Microsoft-Windows-OfflineFiles","95353826-4fbe-41d4-9c42-f521c6e86360","Microsoft-Windows-OfflineFiles/Operational","1220","4640","rjaf-PC4429","S-1-5-18","6/5/2015 12:28:53 AM",,,"c:\users\mac_1\desktop\winevt\logs\microsoft-windows-offlinefiles%4operational.evtx","System.UInt32[]","System.Diagnostics.Eventing.Reader.EventBookmark","Information","Info",,"System.Collections.ObjectModel.ReadOnlyCollection`1[System.String]","System.Collections.Generic.List`1[System.Diagnostics.Eventing.Reader.EventProperty]"
"User logon detected
Account: RJAF-PC4429\rjaf
Session: 1","7","0",,"4","0","0","4611686018427387912","1117","Microsoft-Windows-OfflineFiles","95353826-4fbe-41d4-9c42-f521c6e86360","Microsoft-Windows-OfflineFiles/Operational","1220","1572","rjaf-PC4429","S-1-5-18","6/4/2015 10:18:18 PM",,,"c:\users\mac_1\desktop\winevt\logs\microsoft-windows-offlinefiles%4operational.evtx","System.UInt32[]","System.Diagnostics.Eventing.Reader.EventBookmark","Information","Info",,"System.Collections.ObjectModel.ReadOnlyCollection`1[System.String]","System.Collections.Generic.List`1[System.Diagnostics.Eventing.Reader.EventProperty]"
"The Offline Files service started successfully.","1","0",,"4","0","0","4611686018427387920","1116","Microsoft-Windows-OfflineFiles","95353826-4fbe-41d4-9c42-f521c6e86360","Microsoft-Windows-OfflineFiles/Operational","1220","1520","rjaf-PC4429","S-1-5-18","6/4/2015 10:17:41 PM",,,"c:\users\mac_1\desktop\winevt\logs\microsoft-windows-offlinefiles%4operational.evtx","System.UInt32[]","System.Diagnostics.Eventing.Reader.EventBookmark","Information","Info",,"System.Collections.ObjectModel.ReadOnlyCollection`1[System.String]","System.Collections.Generic.List`1[System.Diagnostics.Eventing.Reader.EventProperty]"
"User logoff detected
Account: RJAF-PC4429\rjaf
Session: 3","8","0",,"4","0","0","4611686018427387912","1115","Microsoft-Windows-OfflineFiles","95353826-4fbe-41d4-9c42-f521c6e86360","Microsoft-Windows-OfflineFiles/Operational","1232","5900","rjaf-PC4429","S-1-5-18","6/4/2015 11:51:23 AM",,,"c:\users\mac_1\desktop\winevt\logs\microsoft-windows-offlinefiles%4operational.evtx","System.UInt32[]","System.Diagnostics.Eventing.Reader.EventBookmark","Information","Info",,"System.Collections.ObjectModel.ReadOnlyCollection`1[System.String]","System.Collections.Generic.List`1[System.Diagnostics.Eventing.Reader.EventProperty]"
"User logon detected
Account: RJAF-PC4429\rjaf
Session: 3","7","0",,"4","0","0","4611686018427387912","1114","Microsoft-Windows-OfflineFiles","95353826-4fbe-41d4-9c42-f521c6e86360","Microsoft-Windows-OfflineFiles/Operational","1232","2408","rjaf-PC4429","S-1-5-18","6/3/2015 10:20:48 PM",,,"c:\users\mac_1\desktop\winevt\logs\microsoft-windows-offlinefiles%4operational.evtx","System.UInt32[]","System.Diagnostics.Eventing.Reader.EventBookmark","Information","Info",,"System.Collections.ObjectModel.ReadOnlyCollection`1[System.String]","System.Collections.Generic.List`1[System.Diagnostics.Eventing.Reader.EventProperty]"
"User logoff detected
Account: RJAF-PC4429\rjaf
Session: 2","8","0",,"4","0","0","4611686018427387912","1113","Microsoft-Windows-OfflineFiles","95353826-4fbe-41d4-9c42-f521c6e86360","Microsoft-Windows-OfflineFiles/Operational","1232","2212","rjaf-PC4429","S-1-5-18","6/3/2015 1:10:46 PM",,,"c:\users\mac_1\desktop\winevt\logs\microsoft-windows-offlinefiles%4operational.evtx","System.UInt32[]","System.Diagnostics.Eventing.Reader.EventBookmark","Information","Info",,"System.Collections.ObjectModel.ReadOnlyCollection`1[System.String]","System.Collections.Generic.List`1[System.Diagnostics.Eventing.Reader.EventProperty]"
"User logon detected
Account: RJAF-PC4429\rjaf
Session: 2","7","0",,"4","0","0","4611686018427387912","1112","Microsoft-Windows-OfflineFiles","95353826-4fbe-41d4-9c42-f521c6e86360","Microsoft-Windows-OfflineFiles/Operational","1232","1252","rjaf-PC4429","S-1-5-18","6/3/2015 4:35:37 AM",,,"c:\users\mac_1\desktop\winevt\logs\microsoft-windows-offlinefiles%4operational.evtx","System.UInt32[]","System.Diagnostics.Eventing.Reader.EventBookmark","Information","Info",,"System.Collections.ObjectModel.ReadOnlyCollection`1[System.String]","System.Collections.Generic.List`1[System.Diagnostics.Eventing.Reader.EventProperty]"
"User logoff detected
Account: RJAF-PC4429\rjaf
Session: 1","8","0",,"4","0","0","4611686018427387912","1111","Microsoft-Windows-OfflineFiles","95353826-4fbe-41d4-9c42-f521c6e86360","Microsoft-Windows-OfflineFiles/Operational","1232","3524","rjaf-PC4429","S-1-5-18","6/3/2015 4:27:11 AM",,,"c:\users\mac_1\desktop\winevt\logs\microsoft-windows-offlinefiles%4operational.evtx","System.UInt32[]","System.Diagnostics.Eventing.Reader.EventBookmark","Information","Info",,"System.Collections.ObjectModel.ReadOnlyCollection`1[System.String]","System.Collections.Generic.List`1[System.Diagnostics.Eventing.Reader.EventProperty]"
"User logon detected
Account: RJAF-PC4429\rjaf
Session: 1","7","0",,"4","0","0","4611686018427387912","1110","Microsoft-Windows-OfflineFiles","95353826-4fbe-41d4-9c42-f521c6e86360","Microsoft-Windows-OfflineFiles/Operational","1232","1256","rjaf-PC4429","S-1-5-18","6/3/2015 4:15:02 AM",,,"c:\users\mac_1\desktop\winevt\logs\microsoft-windows-offlinefiles%4operational.evtx","System.UInt32[]","System.Diagnostics.Eventing.Reader.EventBookmark","Information","Info",,"System.Collections.ObjectModel.ReadOnlyCollection`1[System.String]","System.Collections.Generic.List`1[System.Diagnostics.Eventing.Reader.EventProperty]"
"The Offline Files service started successfully.","1","0",,"4","0","0","4611686018427387920","1109","Microsoft-Windows-OfflineFiles","95353826-4fbe-41d4-9c42-f521c6e86360","Microsoft-Windows-OfflineFiles/Operational","1232","1440","rjaf-PC4429","S-1-5-18","6/3/2015 4:14:57 AM",,,"c:\users\mac_1\desktop\winevt\logs\microsoft-windows-offlinefiles%4operational.evtx","System.UInt32[]","System.Diagnostics.Eventing.Reader.EventBookmark","Information","Info",,"System.Collections.ObjectModel.ReadOnlyCollection`1[System.String]","System.Collections.Generic.List`1[System.Diagnostics.Eventing.Reader.EventProperty]"
"User logon detected
Account: RJAF-PC4429\rjaf
Session: 2","7","0",,"4","0","0","4611686018427387912","1108","Microsoft-Windows-OfflineFiles","95353826-4fbe-41d4-9c42-f521c6e86360","Microsoft-Windows-OfflineFiles/Operational","1324","1368","rjaf-PC4429","S-1-5-18","6/2/2015 12:50:50 AM",,,"c:\users\mac_1\desktop\winevt\logs\microsoft-windows-offlinefiles%4operational.evtx","System.UInt32[]","System.Diagnostics.Eventing.Reader.EventBookmark","Information","Info",,"System.Collections.ObjectModel.ReadOnlyCollection`1[System.String]","System.Collections.Generic.List`1[System.Diagnostics.Eventing.Reader.EventProperty]"
"User logoff detected
Account: RJAF-PC4429\rjaf
Session: 1","8","0",,"4","0","0","4611686018427387912","1107","Microsoft-Windows-OfflineFiles","95353826-4fbe-41d4-9c42-f521c6e86360","Microsoft-Windows-OfflineFiles/Operational","1324","1368","rjaf-PC4429","S-1-5-18","6/1/2015 10:46:59 PM",,,"c:\users\mac_1\desktop\winevt\logs\microsoft-windows-offlinefiles%4operational.evtx","System.UInt32[]","System.Diagnostics.Eventing.Reader.EventBookmark","Information","Info",,"System.Collections.ObjectModel.ReadOnlyCollection`1[System.String]","System.Collections.Generic.List`1[System.Diagnostics.Eventing.Reader.EventProperty]"
"User logon detected
Account: RJAF-PC4429\rjaf
Session: 1","7","0",,"4","0","0","4611686018427387912","1106","Microsoft-Windows-OfflineFiles","95353826-4fbe-41d4-9c42-f521c6e86360","Microsoft-Windows-OfflineFiles/Operational","1324","1352","rjaf-PC4429","S-1-5-18","6/1/2015 10:28:07 PM",,,"c:\users\mac_1\desktop\winevt\logs\microsoft-windows-offlinefiles%4operational.evtx","System.UInt32[]","System.Diagnostics.Eventing.Reader.EventBookmark","Information","Info",,"System.Collections.ObjectModel.ReadOnlyCollection`1[System.String]","System.Collections.Generic.List`1[System.Diagnostics.Eventing.Reader.EventProperty]"
"The Offline Files service started successfully.","1","0",,"4","0","0","4611686018427387920","1105","Microsoft-Windows-OfflineFiles","95353826-4fbe-41d4-9c42-f521c6e86360","Microsoft-Windows-OfflineFiles/Operational","1324","1444","rjaf-PC4429","S-1-5-18","6/1/2015 10:28:02 PM",,,"c:\users\mac_1\desktop\winevt\logs\microsoft-windows-offlinefiles%4operational.evtx","System.UInt32[]","System.Diagnostics.Eventing.Reader.EventBookmark","Information","Info",,"System.Collections.ObjectModel.ReadOnlyCollection`1[System.String]","System.Collections.Generic.List`1[System.Diagnostics.Eventing.Reader.EventProperty]"
"User logon detected
Account: RJAF-PC4429\rjaf
Session: 1","7","0",,"4","0","0","4611686018427387912","1104","Microsoft-Windows-OfflineFiles","95353826-4fbe-41d4-9c42-f521c6e86360","Microsoft-Windows-OfflineFiles/Operational","1336","1536","rjaf-PC4429","S-1-5-18","5/31/2015 10:01:40 PM",,,"c:\users\mac_1\desktop\winevt\logs\microsoft-windows-offlinefiles%4operational.evtx","System.UInt32[]","System.Diagnostics.Eventing.Reader.EventBookmark","Information","Info",,"System.Collections.ObjectModel.ReadOnlyCollection`1[System.String]","System.Collections.Generic.List`1[System.Diagnostics.Eventing.Reader.EventProperty]"
"The Offline Files service started successfully.","1","0",,"4","0","0","4611686018427387920","1103","Microsoft-Windows-OfflineFiles","95353826-4fbe-41d4-9c42-f521c6e86360","Microsoft-Windows-OfflineFiles/Operational","1336","1440","rjaf-PC4429","S-1-5-18","5/31/2015 10:01:21 PM",,,"c:\users\mac_1\desktop\winevt\logs\microsoft-windows-offlinefiles%4operational.evtx","System.UInt32[]","System.Diagnostics.Eventing.Reader.EventBookmark","Information","Info",,"System.Collections.ObjectModel.ReadOnlyCollection`1[System.String]","System.Collections.Generic.List`1[System.Diagnostics.Eventing.Reader.EventProperty]"
"User logoff detected
Account: RJAF-PC4429\rjaf
Session: 1","8","0",,"4","0","0","4611686018427387912","1102","Microsoft-Windows-OfflineFiles","95353826-4fbe-41d4-9c42-f521c6e86360","Microsoft-Windows-OfflineFiles/Operational","1332","5340","rjaf-PC4429","S-1-5-18","5/31/2015 3:13:19 PM",,,"c:\users\mac_1\desktop\winevt\logs\microsoft-windows-offlinefiles%4operational.evtx","System.UInt32[]","System.Diagnostics.Eventing.Reader.EventBookmark","Information","Info",,"System.Collections.ObjectModel.ReadOnlyCollection`1[System.String]","System.Collections.Generic.List`1[System.Diagnostics.Eventing.Reader.EventProperty]"
"User logon detected
Account: RJAF-PC4429\rjaf
Session: 1","7","0",,"4","0","0","4611686018427387912","1101","Microsoft-Windows-OfflineFiles","95353826-4fbe-41d4-9c42-f521c6e86360","Microsoft-Windows-OfflineFiles/Operational","1332","1576","rjaf-PC4429","S-1-5-18","5/26/2015 2:07:40 PM",,,"c:\users\mac_1\desktop\winevt\logs\microsoft-windows-offlinefiles%4operational.evtx","System.UInt32[]","System.Diagnostics.Eventing.Reader.EventBookmark","Information","Info",,"System.Collections.ObjectModel.ReadOnlyCollection`1[System.String]","System.Collections.Generic.List`1[System.Diagnostics.Eventing.Reader.EventProperty]"
"The Offline Files service started successfully.","1","0",,"4","0","0","4611686018427387920","1100","Microsoft-Windows-OfflineFiles","95353826-4fbe-41d4-9c42-f521c6e86360","Microsoft-Windows-OfflineFiles/Operational","1332","1468","rjaf-PC4429","S-1-5-18","5/26/2015 2:07:30 PM",,,"c:\users\mac_1\desktop\winevt\logs\microsoft-windows-offlinefiles%4operational.evtx","System.UInt32[]","System.Diagnostics.Eventing.Reader.EventBookmark","Information","Info",,"System.Collections.ObjectModel.ReadOnlyCollection`1[System.String]","System.Collections.Generic.List`1[System.Diagnostics.Eventing.Reader.EventProperty]"
"User logoff detected
Account: RJAF-PC4429\rjaf
Session: 1","8","0",,"4","0","0","4611686018427387912","1099","Microsoft-Windows-OfflineFiles","95353826-4fbe-41d4-9c42-f521c6e86360","Microsoft-Windows-OfflineFiles/Operational","1336","1364","rjaf-PC4429","S-1-5-18","5/26/2015 2:06:50 PM",,,"c:\users\mac_1\desktop\winevt\logs\microsoft-windows-offlinefiles%4operational.evtx","System.UInt32[]","System.Diagnostics.Eventing.Reader.EventBookmark","Information","Info",,"System.Collections.ObjectModel.ReadOnlyCollection`1[System.String]","System.Collections.Generic.List`1[System.Diagnostics.Eventing.Reader.EventProperty]"
"User logon detected
Account: RJAF-PC4429\rjaf
Session: 1","7","0",,"4","0","0","4611686018427387912","1098","Microsoft-Windows-OfflineFiles","95353826-4fbe-41d4-9c42-f521c6e86360","Microsoft-Windows-OfflineFiles/Operational","1336","1364","rjaf-PC4429","S-1-5-18","5/26/2015 12:43:52 AM",,,"c:\users\mac_1\desktop\winevt\logs\microsoft-windows-offlinefiles%4operational.evtx","System.UInt32[]","System.Diagnostics.Eventing.Reader.EventBookmark","Information","Info",,"System.Collections.ObjectModel.ReadOnlyCollection`1[System.String]","System.Collections.Generic.List`1[System.Diagnostics.Eventing.Reader.EventProperty]"
"The Offline Files service started successfully.","1","0",,"4","0","0","4611686018427387920","1097","Microsoft-Windows-OfflineFiles","95353826-4fbe-41d4-9c42-f521c6e86360","Microsoft-Windows-OfflineFiles/Operational","1336","1484","rjaf-PC4429","S-1-5-18","5/26/2015 12:43:49 AM",,,"c:\users\mac_1\desktop\winevt\logs\microsoft-windows-offlinefiles%4operational.evtx","System.UInt32[]","System.Diagnostics.Eventing.Reader.EventBookmark","Information","Info",,"System.Collections.ObjectModel.ReadOnlyCollection`1[System.String]","System.Collections.Generic.List`1[System.Diagnostics.Eventing.Reader.EventProperty]"
"User logoff detected
Account: RJAF-PC4429\rjaf
Session: 1","8","0",,"4","0","0","4611686018427387912","1096","Microsoft-Windows-OfflineFiles","95353826-4fbe-41d4-9c42-f521c6e86360","Microsoft-Windows-OfflineFiles/Operational","1236","6036","rjaf-PC4429","S-1-5-18","5/25/2015 3:09:13 PM",,,"c:\users\mac_1\desktop\winevt\logs\microsoft-windows-offlinefiles%4operational.evtx","System.UInt32[]","System.Diagnostics.Eventing.Reader.EventBookmark","Information","Info",,"System.Collections.ObjectModel.ReadOnlyCollection`1[System.String]","System.Collections.Generic.List`1[System.Diagnostics.Eventing.Reader.EventProperty]"
"User logon detected
Account: RJAF-PC4429\rjaf
Session: 1","7","0",,"4","0","0","4611686018427387912","1095","Microsoft-Windows-OfflineFiles","95353826-4fbe-41d4-9c42-f521c6e86360","Microsoft-Windows-OfflineFiles/Operational","1236","1260","rjaf-PC4429","S-1-5-18","5/24/2015 11:42:14 PM",,,"c:\users\mac_1\desktop\winevt\logs\microsoft-windows-offlinefiles%4operational.evtx","System.UInt32[]","System.Diagnostics.Eventing.Reader.EventBookmark","Information","Info",,"System.Collections.ObjectModel.ReadOnlyCollection`1[System.String]","System.Collections.Generic.List`1[System.Diagnostics.Eventing.Reader.EventProperty]"
"The Offline Files service started successfully.","1","0",,"4","0","0","4611686018427387920","1094","Microsoft-Windows-OfflineFiles","95353826-4fbe-41d4-9c42-f521c6e86360","Microsoft-Windows-OfflineFiles/Operational","1236","1352","rjaf-PC4429","S-1-5-18","5/24/2015 11:42:06 PM",,,"c:\users\mac_1\desktop\winevt\logs\microsoft-windows-offlinefiles%4operational.evtx","System.UInt32[]","System.Diagnostics.Eventing.Reader.EventBookmark","Information","Info",,"System.Collections.ObjectModel.ReadOnlyCollection`1[System.String]","System.Collections.Generic.List`1[System.Diagnostics.Eventing.Reader.EventProperty]"
"User logoff detected
Account: RJAF-PC4429\rjaf
Session: 1","8","0",,"4","0","0","4611686018427387912","1093","Microsoft-Windows-OfflineFiles","95353826-4fbe-41d4-9c42-f521c6e86360","Microsoft-Windows-OfflineFiles/Operational","1320","4204","rjaf-PC4429","S-1-5-18","5/24/2015 2:03:17 PM",,,"c:\users\mac_1\desktop\winevt\logs\microsoft-windows-offlinefiles%4operational.evtx","System.UInt32[]","System.Diagnostics.Eventing.Reader.EventBookmark","Information","Info",,"System.Collections.ObjectModel.ReadOnlyCollection`1[System.String]","System.Collections.Generic.List`1[System.Diagnostics.Eventing.Reader.EventProperty]"
"User logon detected
Account: RJAF-PC4429\rjaf
Session: 1","7","0",,"4","0","0","4611686018427387912","1092","Microsoft-Windows-OfflineFiles","95353826-4fbe-41d4-9c42-f521c6e86360","Microsoft-Windows-OfflineFiles/Operational","1320","1348","rjaf-PC4429","S-1-5-18","5/23/2015 11:44:21 PM",,,"c:\users\mac_1\desktop\winevt\logs\microsoft-windows-offlinefiles%4operational.evtx","System.UInt32[]","System.Diagnostics.Eventing.Reader.EventBookmark","Information","Info",,"System.Collections.ObjectModel.ReadOnlyCollection`1[System.String]","System.Collections.Generic.List`1[System.Diagnostics.Eventing.Reader.EventProperty]"
"The Offline Files service started successfully.","1","0",,"4","0","0","4611686018427387920","1091","Microsoft-Windows-OfflineFiles","95353826-4fbe-41d4-9c42-f521c6e86360","Microsoft-Windows-OfflineFiles/Operational","1320","1428","rjaf-PC4429","S-1-5-18","5/23/2015 11:44:00 PM",,,"c:\users\mac_1\desktop\winevt\logs\microsoft-windows-offlinefiles%4operational.evtx","System.UInt32[]","System.Diagnostics.Eventing.Reader.EventBookmark","Information","Info",,"System.Collections.ObjectModel.ReadOnlyCollection`1[System.String]","System.Collections.Generic.List`1[System.Diagnostics.Eventing.Reader.EventProperty]"
"User logoff detected
Account: RJAF-PC4429\rjaf
Session: 1","8","0",,"4","0","0","4611686018427387912","1090","Microsoft-Windows-OfflineFiles","95353826-4fbe-41d4-9c42-f521c6e86360","Microsoft-Windows-OfflineFiles/Operational","1324","1340","rjaf-PC4429","S-1-5-18","5/23/2015 5:07:41 AM",,,"c:\users\mac_1\desktop\winevt\logs\microsoft-windows-offlinefiles%4operational.evtx","System.UInt32[]","System.Diagnostics.Eventing.Reader.EventBookmark","Information","Info",,"System.Collections.ObjectModel.ReadOnlyCollection`1[System.String]","System.Collections.Generic.List`1[System.Diagnostics.Eventing.Reader.EventProperty]"
"User logon detected
Account: RJAF-PC4429\rjaf
Session: 1","7","0",,"4","0","0","4611686018427387912","1089","Microsoft-Windows-OfflineFiles","95353826-4fbe-41d4-9c42-f521c6e86360","Microsoft-Windows-OfflineFiles/Operational","1324","1580","rjaf-PC4429","S-1-5-18","5/23/2015 4:49:37 AM",,,"c:\users\mac_1\desktop\winevt\logs\microsoft-windows-offlinefiles%4operational.evtx","System.UInt32[]","System.Diagnostics.Eventing.Reader.EventBookmark","Information","Info",,"System.Collections.ObjectModel.ReadOnlyCollection`1[System.String]","System.Collections.Generic.List`1[System.Diagnostics.Eventing.Reader.EventProperty]"
"The Offline Files service started successfully.","1","0",,"4","0","0","4611686018427387920","1088","Microsoft-Windows-OfflineFiles","95353826-4fbe-41d4-9c42-f521c6e86360","Microsoft-Windows-OfflineFiles/Operational","1324","1540","rjaf-PC4429","S-1-5-18","5/23/2015 4:49:32 AM",,,"c:\users\mac_1\desktop\winevt\logs\microsoft-windows-offlinefiles%4operational.evtx","System.UInt32[]","System.Diagnostics.Eventing.Reader.EventBookmark","Information","Info",,"System.Collections.ObjectModel.ReadOnlyCollection`1[System.String]","System.Collections.Generic.List`1[System.Diagnostics.Eventing.Reader.EventProperty]"
"User logoff detected
Account: RJAF-PC4429\rjaf
Session: 1","8","0",,"4","0","0","4611686018427387912","1087","Microsoft-Windows-OfflineFiles","95353826-4fbe-41d4-9c42-f521c6e86360","Microsoft-Windows-OfflineFiles/Operational","1340","5320","rjaf-PC4429","S-1-5-18","5/23/2015 3:11:28 AM",,,"c:\users\mac_1\desktop\winevt\logs\microsoft-windows-offlinefiles%4operational.evtx","System.UInt32[]","System.Diagnostics.Eventing.Reader.EventBookmark","Information","Info",,"System.Collections.ObjectModel.ReadOnlyCollection`1[System.String]","System.Collections.Generic.List`1[System.Diagnostics.Eventing.Reader.EventProperty]"
"User logon detected
Account: RJAF-PC4429\rjaf
Session: 1","7","0",,"4","0","0","4611686018427387912","1086","Microsoft-Windows-OfflineFiles","95353826-4fbe-41d4-9c42-f521c6e86360","Microsoft-Windows-OfflineFiles/Operational","1340","1372","rjaf-PC4429","S-1-5-18","5/23/2015 2:21:18 AM",,,"c:\users\mac_1\desktop\winevt\logs\microsoft-windows-offlinefiles%4operational.evtx","System.UInt32[]","System.Diagnostics.Eventing.Reader.EventBookmark","Information","Info",,"System.Collections.ObjectModel.ReadOnlyCollection`1[System.String]","System.Collections.Generic.List`1[System.Diagnostics.Eventing.Reader.EventProperty]"
"The Offline Files service started successfully.","1","0",,"4","0","0","4611686018427387920","1085","Microsoft-Windows-OfflineFiles","95353826-4fbe-41d4-9c42-f521c6e86360","Microsoft-Windows-OfflineFiles/Operational","1340","1484","rjaf-PC4429","S-1-5-18","5/23/2015 2:19:48 AM",,,"c:\users\mac_1\desktop\winevt\logs\microsoft-windows-offlinefiles%4operational.evtx","System.UInt32[]","System.Diagnostics.Eventing.Reader.EventBookmark","Information","Info",,"System.Collections.ObjectModel.ReadOnlyCollection`1[System.String]","System.Collections.Generic.List`1[System.Diagnostics.Eventing.Reader.EventProperty]"
"User logoff detected
Account: RJAF-PC4429\rjaf
Session: 1","8","0",,"4","0","0","4611686018427387912","1084","Microsoft-Windows-OfflineFiles","95353826-4fbe-41d4-9c42-f521c6e86360","Microsoft-Windows-OfflineFiles/Operational","1404","1668","rjaf-PC4429","S-1-5-18","5/22/2015 7:00:26 AM",,,"c:\users\mac_1\desktop\winevt\logs\microsoft-windows-offlinefiles%4operational.evtx","System.UInt32[]","System.Diagnostics.Eventing.Reader.EventBookmark","Information","Info",,"System.Collections.ObjectModel.ReadOnlyCollection`1[System.String]","System.Collections.Generic.List`1[System.Diagnostics.Eventing.Reader.EventProperty]"
"User logon detected
Account: RJAF-PC4429\rjaf
Session: 1","7","0",,"4","0","0","4611686018427387912","1083","Microsoft-Windows-OfflineFiles","95353826-4fbe-41d4-9c42-f521c6e86360","Microsoft-Windows-OfflineFiles/Operational","1404","1424","rjaf-PC4429","S-1-5-18","5/22/2015 6:37:00 AM",,,"c:\users\mac_1\desktop\winevt\logs\microsoft-windows-offlinefiles%4operational.evtx","System.UInt32[]","System.Diagnostics.Eventing.Reader.EventBookmark","Information","Info",,"System.Collections.ObjectModel.ReadOnlyCollection`1[System.String]","System.Collections.Generic.List`1[System.Diagnostics.Eventing.Reader.EventProperty]"
"The Offline Files service started successfully.","1","0",,"4","0","0","4611686018427387920","1082","Microsoft-Windows-OfflineFiles","95353826-4fbe-41d4-9c42-f521c6e86360","Microsoft-Windows-OfflineFiles/Operational","1404","1544","rjaf-PC4429","S-1-5-18","5/22/2015 6:36:51 AM",,,"c:\users\mac_1\desktop\winevt\logs\microsoft-windows-offlinefiles%4operational.evtx","System.UInt32[]","System.Diagnostics.Eventing.Reader.EventBookmark","Information","Info",,"System.Collections.ObjectModel.ReadOnlyCollection`1[System.String]","System.Collections.Generic.List`1[System.Diagnostics.Eventing.Reader.EventProperty]"
"User logoff detected
Account: RJAF-PC4429\rjaf
Session: 1","8","0",,"4","0","0","4611686018427387912","1081","Microsoft-Windows-OfflineFiles","95353826-4fbe-41d4-9c42-f521c6e86360","Microsoft-Windows-OfflineFiles/Operational","1384","1400","rjaf-PC4429","S-1-5-18","5/22/2015 3:48:25 AM",,,"c:\users\mac_1\desktop\winevt\logs\microsoft-windows-offlinefiles%4operational.evtx","System.UInt32[]","System.Diagnostics.Eventing.Reader.EventBookmark","Information","Info",,"System.Collections.ObjectModel.ReadOnlyCollection`1[System.String]","System.Collections.Generic.List`1[System.Diagnostics.Eventing.Reader.EventProperty]"
"User logon detected
Account: RJAF-PC4429\rjaf
Session: 1","7","0",,"4","0","0","4611686018427387912","1080","Microsoft-Windows-OfflineFiles","95353826-4fbe-41d4-9c42-f521c6e86360","Microsoft-Windows-OfflineFiles/Operational","1384","1576","rjaf-PC4429","S-1-5-18","5/22/2015 3:46:19 AM",,,"c:\users\mac_1\desktop\winevt\logs\microsoft-windows-offlinefiles%4operational.evtx","System.UInt32[]","System.Diagnostics.Eventing.Reader.EventBookmark","Information","Info",,"System.Collections.ObjectModel.ReadOnlyCollection`1[System.String]","System.Collections.Generic.List`1[System.Diagnostics.Eventing.Reader.EventProperty]"
"The Offline Files service started successfully.","1","0",,"4","0","0","4611686018427387920","1079","Microsoft-Windows-OfflineFiles","95353826-4fbe-41d4-9c42-f521c6e86360","Microsoft-Windows-OfflineFiles/Operational","1384","1492","rjaf-PC4429","S-1-5-18","5/22/2015 3:46:15 AM",,,"c:\users\mac_1\desktop\winevt\logs\microsoft-windows-offlinefiles%4operational.evtx","System.UInt32[]","System.Diagnostics.Eventing.Reader.EventBookmark","Information","Info",,"System.Collections.ObjectModel.ReadOnlyCollection`1[System.String]","System.Collections.Generic.List`1[System.Diagnostics.Eventing.Reader.EventProperty]"
"User logoff detected
Account: RJAF-PC4429\rjaf
Session: 1","8","0",,"4","0","0","4611686018427387912","1078","Microsoft-Windows-OfflineFiles","95353826-4fbe-41d4-9c42-f521c6e86360","Microsoft-Windows-OfflineFiles/Operational","1460","4124","rjaf-PC4429","S-1-5-18","5/22/2015 3:45:21 AM",,,"c:\users\mac_1\desktop\winevt\logs\microsoft-windows-offlinefiles%4operational.evtx","System.UInt32[]","System.Diagnostics.Eventing.Reader.EventBookmark","Information","Info",,"System.Collections.ObjectModel.ReadOnlyCollection`1[System.String]","System.Collections.Generic.List`1[System.Diagnostics.Eventing.Reader.EventProperty]"
"User logon detected
Account: RJAF-PC4429\rjaf
Session: 1","7","0",,"4","0","0","4611686018427387912","1077","Microsoft-Windows-OfflineFiles","95353826-4fbe-41d4-9c42-f521c6e86360","Microsoft-Windows-OfflineFiles/Operational","1460","3380","rjaf-PC4429","S-1-5-18","5/20/2015 10:22:44 PM",,,"c:\users\mac_1\desktop\winevt\logs\microsoft-windows-offlinefiles%4operational.evtx","System.UInt32[]","System.Diagnostics.Eventing.Reader.EventBookmark","Information","Info",,"System.Collections.ObjectModel.ReadOnlyCollection`1[System.String]","System.Collections.Generic.List`1[System.Diagnostics.Eventing.Reader.EventProperty]"
"User logoff detected
Account: RJAF-PC4429\rjaf
Session: 2","8","0",,"4","0","0","4611686018427387912","1076","Microsoft-Windows-OfflineFiles","95353826-4fbe-41d4-9c42-f521c6e86360","Microsoft-Windows-OfflineFiles/Operational","1460","3080","rjaf-PC4429","S-1-5-18","5/20/2015 10:15:48 PM",,,"c:\users\mac_1\desktop\winevt\logs\microsoft-windows-offlinefiles%4operational.evtx","System.UInt32[]","System.Diagnostics.Eventing.Reader.EventBookmark","Information","Info",,"System.Collections.ObjectModel.ReadOnlyCollection`1[System.String]","System.Collections.Generic.List`1[System.Diagnostics.Eventing.Reader.EventProperty]"
"User logon detected
Account: RJAF-PC4429\rjaf
Session: 2","7","0",,"4","0","0","4611686018427387912","1075","Microsoft-Windows-OfflineFiles","95353826-4fbe-41d4-9c42-f521c6e86360","Microsoft-Windows-OfflineFiles/Operational","1460","5352","rjaf-PC4429","S-1-5-18","5/20/2015 2:52:03 AM",,,"c:\users\mac_1\desktop\winevt\logs\microsoft-windows-offlinefiles%4operational.evtx","System.UInt32[]","System.Diagnostics.Eventing.Reader.EventBookmark","Information","Info",,"System.Collections.ObjectModel.ReadOnlyCollection`1[System.String]","System.Collections.Generic.List`1[System.Diagnostics.Eventing.Reader.EventProperty]"
"User logoff detected
Account: RJAF-PC4429\rjaf
Session: 1","8","0",,"4","0","0","4611686018427387912","1074","Microsoft-Windows-OfflineFiles","95353826-4fbe-41d4-9c42-f521c6e86360","Microsoft-Windows-OfflineFiles/Operational","1460","5440","rjaf-PC4429","S-1-5-18","5/19/2015 12:18:27 PM",,,"c:\users\mac_1\desktop\winevt\logs\microsoft-windows-offlinefiles%4operational.evtx","System.UInt32[]","System.Diagnostics.Eventing.Reader.EventBookmark","Information","Info",,"System.Collections.ObjectModel.ReadOnlyCollection`1[System.String]","System.Collections.Generic.List`1[System.Diagnostics.Eventing.Reader.EventProperty]"
"User logon detected
Account: RJAF-PC4429\rjaf
Session: 1","7","0",,"4","0","0","4611686018427387912","1073","Microsoft-Windows-OfflineFiles","95353826-4fbe-41d4-9c42-f521c6e86360","Microsoft-Windows-OfflineFiles/Operational","1460","1488","rjaf-PC4429","S-1-5-18","5/18/2015 10:03:44 AM",,,"c:\users\mac_1\desktop\winevt\logs\microsoft-windows-offlinefiles%4operational.evtx","System.UInt32[]","System.Diagnostics.Eventing.Reader.EventBookmark","Information","Info",,"System.Collections.ObjectModel.ReadOnlyCollection`1[System.String]","System.Collections.Generic.List`1[System.Diagnostics.Eventing.Reader.EventProperty]"
"The Offline Files service started successfully.","1","0",,"4","0","0","4611686018427387920","1072","Microsoft-Windows-OfflineFiles","95353826-4fbe-41d4-9c42-f521c6e86360","Microsoft-Windows-OfflineFiles/Operational","1460","1568","rjaf-PC4429","S-1-5-18","5/18/2015 10:03:37 AM",,,"c:\users\mac_1\desktop\winevt\logs\microsoft-windows-offlinefiles%4operational.evtx","System.UInt32[]","System.Diagnostics.Eventing.Reader.EventBookmark","Information","Info",,"System.Collections.ObjectModel.ReadOnlyCollection`1[System.String]","System.Collections.Generic.List`1[System.Diagnostics.Eventing.Reader.EventProperty]"
"User logoff detected
Account: RJAF-PC4429\rjaf
Session: 1","8","0",,"4","0","0","4611686018427387912","1071","Microsoft-Windows-OfflineFiles","95353826-4fbe-41d4-9c42-f521c6e86360","Microsoft-Windows-OfflineFiles/Operational","948","4884","rjaf-PC4429","S-1-5-18","5/18/2015 5:37:19 AM",,,"c:\users\mac_1\desktop\winevt\logs\microsoft-windows-offlinefiles%4operational.evtx","System.UInt32[]","System.Diagnostics.Eventing.Reader.EventBookmark","Information","Info",,"System.Collections.ObjectModel.ReadOnlyCollection`1[System.String]","System.Collections.Generic.List`1[System.Diagnostics.Eventing.Reader.EventProperty]"
"User logon detected
Account: RJAF-PC4429\rjaf
Session: 1","7","0",,"4","0","0","4611686018427387912","1070","Microsoft-Windows-OfflineFiles","95353826-4fbe-41d4-9c42-f521c6e86360","Microsoft-Windows-OfflineFiles/Operational","948","1144","rjaf-PC4429","S-1-5-18","5/17/2015 7:30:42 AM",,,"c:\users\mac_1\desktop\winevt\logs\microsoft-windows-offlinefiles%4operational.evtx","System.UInt32[]","System.Diagnostics.Eventing.Reader.EventBookmark","Information","Info",,"System.Collections.ObjectModel.ReadOnlyCollection`1[System.String]","System.Collections.Generic.List`1[System.Diagnostics.Eventing.Reader.EventProperty]"
"The Offline Files service started successfully.","1","0",,"4","0","0","4611686018427387920","1069","Microsoft-Windows-OfflineFiles","95353826-4fbe-41d4-9c42-f521c6e86360","Microsoft-Windows-OfflineFiles/Operational","948","1060","rjaf-PC4429","S-1-5-18","5/17/2015 7:30:36 AM",,,"c:\users\mac_1\desktop\winevt\logs\microsoft-windows-offlinefiles%4operational.evtx","System.UInt32[]","System.Diagnostics.Eventing.Reader.EventBookmark","Information","Info",,"System.Collections.ObjectModel.ReadOnlyCollection`1[System.String]","System.Collections.Generic.List`1[System.Diagnostics.Eventing.Reader.EventProperty]"
"The Offline Files service started successfully.","1","0",,"4","0","0","4611686018427387920","1068","Microsoft-Windows-OfflineFiles","95353826-4fbe-41d4-9c42-f521c6e86360","Microsoft-Windows-OfflineFiles/Operational","1088","1516","rjaf-PC4429","S-1-5-18","5/14/2015 3:12:00 PM",,,"c:\users\mac_1\desktop\winevt\logs\microsoft-windows-offlinefiles%4operational.evtx","System.UInt32[]","System.Diagnostics.Eventing.Reader.EventBookmark","Information","Info",,"System.Collections.ObjectModel.ReadOnlyCollection`1[System.String]","System.Collections.Generic.List`1[System.Diagnostics.Eventing.Reader.EventProperty]"
"User logon detected
Account: RJAF-PC4429\rjaf
Session: 1","7","0",,"4","0","0","4611686018427387912","1067","Microsoft-Windows-OfflineFiles","95353826-4fbe-41d4-9c42-f521c6e86360","Microsoft-Windows-OfflineFiles/Operational","956","976","rjaf-PC4429","S-1-5-18","5/14/2015 1:09:16 AM",,,"c:\users\mac_1\desktop\winevt\logs\microsoft-windows-offlinefiles%4operational.evtx","System.UInt32[]","System.Diagnostics.Eventing.Reader.EventBookmark","Information","Info",,"System.Collections.ObjectModel.ReadOnlyCollection`1[System.String]","System.Collections.Generic.List`1[System.Diagnostics.Eventing.Reader.EventProperty]"
"The Offline Files service started successfully.","1","0",,"4","0","0","4611686018427387920","1066","Microsoft-Windows-OfflineFiles","95353826-4fbe-41d4-9c42-f521c6e86360","Microsoft-Windows-OfflineFiles/Operational","956","1540","rjaf-PC4429","S-1-5-18","5/14/2015 1:09:06 AM",,,"c:\users\mac_1\desktop\winevt\logs\microsoft-windows-offlinefiles%4operational.evtx","System.UInt32[]","System.Diagnostics.Eventing.Reader.EventBookmark","Information","Info",,"System.Collections.ObjectModel.ReadOnlyCollection`1[System.String]","System.Collections.Generic.List`1[System.Diagnostics.Eventing.Reader.EventProperty]"
"User logoff detected
Account: RJAF-PC4429\rjaf
Session: 1","8","0",,"4","0","0","4611686018427387912","1065","Microsoft-Windows-OfflineFiles","95353826-4fbe-41d4-9c42-f521c6e86360","Microsoft-Windows-OfflineFiles/Operational","1444","6012","rjaf-PC4429","S-1-5-18","5/14/2015 1:08:22 AM",,,"c:\users\mac_1\desktop\winevt\logs\microsoft-windows-offlinefiles%4operational.evtx","System.UInt32[]","System.Diagnostics.Eventing.Reader.EventBookmark","Information","Info",,"System.Collections.ObjectModel.ReadOnlyCollection`1[System.String]","System.Collections.Generic.List`1[System.Diagnostics.Eventing.Reader.EventProperty]"
"User logon detected
Account: RJAF-PC4429\rjaf
Session: 1","7","0",,"4","0","0","4611686018427387912","1064","Microsoft-Windows-OfflineFiles","95353826-4fbe-41d4-9c42-f521c6e86360","Microsoft-Windows-OfflineFiles/Operational","1444","1472","rjaf-PC4429","S-1-5-18","5/14/2015 12:32:58 AM",,,"c:\users\mac_1\desktop\winevt\logs\microsoft-windows-offlinefiles%4operational.evtx","System.UInt32[]","System.Diagnostics.Eventing.Reader.EventBookmark","Information","Info",,"System.Collections.ObjectModel.ReadOnlyCollection`1[System.String]","System.Collections.Generic.List`1[System.Diagnostics.Eventing.Reader.EventProperty]"
"The Offline Files service started successfully.","1","0",,"4","0","0","4611686018427387920","1063","Microsoft-Windows-OfflineFiles","95353826-4fbe-41d4-9c42-f521c6e86360","Microsoft-Windows-OfflineFiles/Operational","1444","1556","rjaf-PC4429","S-1-5-18","5/14/2015 12:29:15 AM",,,"c:\users\mac_1\desktop\winevt\logs\microsoft-windows-offlinefiles%4operational.evtx","System.UInt32[]","System.Diagnostics.Eventing.Reader.EventBookmark","Information","Info",,"System.Collections.ObjectModel.ReadOnlyCollection`1[System.String]","System.Collections.Generic.List`1[System.Diagnostics.Eventing.Reader.EventProperty]"
"User logoff detected
Account: RJAF-PC4429\rjaf
Session: 1","8","0",,"4","0","0","4611686018427387912","1062","Microsoft-Windows-OfflineFiles","95353826-4fbe-41d4-9c42-f521c6e86360","Microsoft-Windows-OfflineFiles/Operational","924","2640","rjaf-PC4429","S-1-5-18","5/14/2015 12:28:31 AM",,,"c:\users\mac_1\desktop\winevt\logs\microsoft-windows-offlinefiles%4operational.evtx","System.UInt32[]","System.Diagnostics.Eventing.Reader.EventBookmark","Information","Info",,"System.Collections.ObjectModel.ReadOnlyCollection`1[System.String]","System.Collections.Generic.List`1[System.Diagnostics.Eventing.Reader.EventProperty]"
"User logon detected
Account: RJAF-PC4429\rjaf
Session: 1","7","0",,"4","0","0","4611686018427387912","1061","Microsoft-Windows-OfflineFiles","95353826-4fbe-41d4-9c42-f521c6e86360","Microsoft-Windows-OfflineFiles/Operational","924","1096","rjaf-PC4429","S-1-5-18","5/13/2015 1:29:22 PM",,,"c:\users\mac_1\desktop\winevt\logs\microsoft-windows-offlinefiles%4operational.evtx","System.UInt32[]","System.Diagnostics.Eventing.Reader.EventBookmark","Information","Info",,"System.Collections.ObjectModel.ReadOnlyCollection`1[System.String]","System.Collections.Generic.List`1[System.Diagnostics.Eventing.Reader.EventProperty]"
"The Offline Files service started successfully.","1","0",,"4","0","0","4611686018427387920","1060","Microsoft-Windows-OfflineFiles","95353826-4fbe-41d4-9c42-f521c6e86360","Microsoft-Windows-OfflineFiles/Operational","924","1036","rjaf-PC4429","S-1-5-18","5/13/2015 1:29:13 PM",,,"c:\users\mac_1\desktop\winevt\logs\microsoft-windows-offlinefiles%4operational.evtx","System.UInt32[]","System.Diagnostics.Eventing.Reader.EventBookmark","Information","Info",,"System.Collections.ObjectModel.ReadOnlyCollection`1[System.String]","System.Collections.Generic.List`1[System.Diagnostics.Eventing.Reader.EventProperty]"
"User logon detected
Account: RJAF-PC4429\rjaf
Session: 1","7","0",,"4","0","0","4611686018427387912","1059","Microsoft-Windows-OfflineFiles","95353826-4fbe-41d4-9c42-f521c6e86360","Microsoft-Windows-OfflineFiles/Operational","920","1092","rjaf-PC4429","S-1-5-18","5/13/2015 11:15:34 AM",,,"c:\users\mac_1\desktop\winevt\logs\microsoft-windows-offlinefiles%4operational.evtx","System.UInt32[]","System.Diagnostics.Eventing.Reader.EventBookmark","Information","Info",,"System.Collections.ObjectModel.ReadOnlyCollection`1[System.String]","System.Collections.Generic.List`1[System.Diagnostics.Eventing.Reader.EventProperty]"
"The Offline Files service started successfully.","1","0",,"4","0","0","4611686018427387920","1058","Microsoft-Windows-OfflineFiles","95353826-4fbe-41d4-9c42-f521c6e86360","Microsoft-Windows-OfflineFiles/Operational","920","1040","rjaf-PC4429","S-1-5-18","5/13/2015 11:15:11 AM",,,"c:\users\mac_1\desktop\winevt\logs\microsoft-windows-offlinefiles%4operational.evtx","System.UInt32[]","System.Diagnostics.Eventing.Reader.EventBookmark","Information","Info",,"System.Collections.ObjectModel.ReadOnlyCollection`1[System.String]","System.Collections.Generic.List`1[System.Diagnostics.Eventing.Reader.EventProperty]"
"User logoff detected
Account: RJAF-PC4429\rjaf
Session: 1","8","0",,"4","0","0","4611686018427387912","1057","Microsoft-Windows-OfflineFiles","95353826-4fbe-41d4-9c42-f521c6e86360","Microsoft-Windows-OfflineFiles/Operational","900","3640","rjaf-PC4429","S-1-5-18","5/13/2015 7:47:50 AM",,,"c:\users\mac_1\desktop\winevt\logs\microsoft-windows-offlinefiles%4operational.evtx","System.UInt32[]","System.Diagnostics.Eventing.Reader.EventBookmark","Information","Info",,"System.Collections.ObjectModel.ReadOnlyCollection`1[System.String]","System.Collections.Generic.List`1[System.Diagnostics.Eventing.Reader.EventProperty]"
"User logon detected
Account: RJAF-PC4429\rjaf
Session: 1","7","0",,"4","0","0","4611686018427387912","1056","Microsoft-Windows-OfflineFiles","95353826-4fbe-41d4-9c42-f521c6e86360","Microsoft-Windows-OfflineFiles/Operational","900","1112","rjaf-PC4429","S-1-5-18","5/12/2015 2:30:26 AM",,,"c:\users\mac_1\desktop\winevt\logs\microsoft-windows-offlinefiles%4operational.evtx","System.UInt32[]","System.Diagnostics.Eventing.Reader.EventBookmark","Information","Info",,"System.Collections.ObjectModel.ReadOnlyCollection`1[System.String]","System.Collections.Generic.List`1[System.Diagnostics.Eventing.Reader.EventProperty]"
"The Offline Files service started successfully.","1","0",,"4","0","0","4611686018427387920","1055","Microsoft-Windows-OfflineFiles","95353826-4fbe-41d4-9c42-f521c6e86360","Microsoft-Windows-OfflineFiles/Operational","900","1052","rjaf-PC4429","S-1-5-18","5/12/2015 2:30:18 AM",,,"c:\users\mac_1\desktop\winevt\logs\microsoft-windows-offlinefiles%4operational.evtx","System.UInt32[]","System.Diagnostics.Eventing.Reader.EventBookmark","Information","Info",,"System.Collections.ObjectModel.ReadOnlyCollection`1[System.String]","System.Collections.Generic.List`1[System.Diagnostics.Eventing.Reader.EventProperty]"
"User logon detected
Account: RJAF-PC4429\rjaf
Session: 1","7","0",,"4","0","0","4611686018427387912","1054","Microsoft-Windows-OfflineFiles","95353826-4fbe-41d4-9c42-f521c6e86360","Microsoft-Windows-OfflineFiles/Operational","932","1116","rjaf-PC4429","S-1-5-18","5/12/2015 2:20:40 AM",,,"c:\users\mac_1\desktop\winevt\logs\microsoft-windows-offlinefiles%4operational.evtx","System.UInt32[]","System.Diagnostics.Eventing.Reader.EventBookmark","Information","Info",,"System.Collections.ObjectModel.ReadOnlyCollection`1[System.String]","System.Collections.Generic.List`1[System.Diagnostics.Eventing.Reader.EventProperty]"
"The Offline Files service started successfully.","1","0",,"4","0","0","4611686018427387920","1053","Microsoft-Windows-OfflineFiles","95353826-4fbe-41d4-9c42-f521c6e86360","Microsoft-Windows-OfflineFiles/Operational","932","1056","rjaf-PC4429","S-1-5-18","5/12/2015 2:20:33 AM",,,"c:\users\mac_1\desktop\winevt\logs\microsoft-windows-offlinefiles%4operational.evtx","System.UInt32[]","System.Diagnostics.Eventing.Reader.EventBookmark","Information","Info",,"System.Collections.ObjectModel.ReadOnlyCollection`1[System.String]","System.Collections.Generic.List`1[System.Diagnostics.Eventing.Reader.EventProperty]"
"User logon detected
Account: RJAF-PC4429\rjaf
Session: 1","7","0",,"4","0","0","4611686018427387912","1052","Microsoft-Windows-OfflineFiles","95353826-4fbe-41d4-9c42-f521c6e86360","Microsoft-Windows-OfflineFiles/Operational","888","1072","rjaf-PC4429","S-1-5-18","5/12/2015 12:11:57 AM",,,"c:\users\mac_1\desktop\winevt\logs\microsoft-windows-offlinefiles%4operational.evtx","System.UInt32[]","System.Diagnostics.Eventing.Reader.EventBookmark","Information","Info",,"System.Collections.ObjectModel.ReadOnlyCollection`1[System.String]","System.Collections.Generic.List`1[System.Diagnostics.Eventing.Reader.EventProperty]"
"The Offline Files service started successfully.","1","0",,"4","0","0","4611686018427387920","1051","Microsoft-Windows-OfflineFiles","95353826-4fbe-41d4-9c42-f521c6e86360","Microsoft-Windows-OfflineFiles/Operational","888","1048","rjaf-PC4429","S-1-5-18","5/12/2015 12:11:52 AM",,,"c:\users\mac_1\desktop\winevt\logs\microsoft-windows-offlinefiles%4operational.evtx","System.UInt32[]","System.Diagnostics.Eventing.Reader.EventBookmark","Information","Info",,"System.Collections.ObjectModel.ReadOnlyCollection`1[System.String]","System.Collections.Generic.List`1[System.Diagnostics.Eventing.Reader.EventProperty]"
"User logoff detected
Account: RJAF-PC4429\rjaf
Session: 2","8","0",,"4","0","0","4611686018427387912","1050","Microsoft-Windows-OfflineFiles","95353826-4fbe-41d4-9c42-f521c6e86360","Microsoft-Windows-OfflineFiles/Operational","920","2860","rjaf-PC4429","S-1-5-18","5/11/2015 2:25:34 PM",,,"c:\users\mac_1\desktop\winevt\logs\microsoft-windows-offlinefiles%4operational.evtx","System.UInt32[]","System.Diagnostics.Eventing.Reader.EventBookmark","Information","Info",,"System.Collections.ObjectModel.ReadOnlyCollection`1[System.String]","System.Collections.Generic.List`1[System.Diagnostics.Eventing.Reader.EventProperty]"
"User logon detected
Account: RJAF-PC4429\rjaf
Session: 2","7","0",,"4","0","0","4611686018427387912","1049","Microsoft-Windows-OfflineFiles","95353826-4fbe-41d4-9c42-f521c6e86360","Microsoft-Windows-OfflineFiles/Operational","920","2836","rjaf-PC4429","S-1-5-18","5/11/2015 11:23:08 AM",,,"c:\users\mac_1\desktop\winevt\logs\microsoft-windows-offlinefiles%4operational.evtx","System.UInt32[]","System.Diagnostics.Eventing.Reader.EventBookmark","Information","Info",,"System.Collections.ObjectModel.ReadOnlyCollection`1[System.String]","System.Collections.Generic.List`1[System.Diagnostics.Eventing.Reader.EventProperty]"
"User logoff detected
Account: RJAF-PC4429\rjaf
Session: 1","8","0",,"4","0","0","4611686018427387912","1048","Microsoft-Windows-OfflineFiles","95353826-4fbe-41d4-9c42-f521c6e86360","Microsoft-Windows-OfflineFiles/Operational","920","2796","rjaf-PC4429","S-1-5-18","5/11/2015 10:31:10 AM",,,"c:\users\mac_1\desktop\winevt\logs\microsoft-windows-offlinefiles%4operational.evtx","System.UInt32[]","System.Diagnostics.Eventing.Reader.EventBookmark","Information","Info",,"System.Collections.ObjectModel.ReadOnlyCollection`1[System.String]","System.Collections.Generic.List`1[System.Diagnostics.Eventing.Reader.EventProperty]"
