"Reliability Analysis calculated system stability of 9.392 for the one-day period starting at ?2014?-?07?-?08T00:00:00.000000000Z.","2005","0",,"4","0","0","-9223372036854771712","218","Microsoft-Windows-Reliability-Analysis-Engine","4ba32972-6fc5-488a-8368-5da620d05127","Microsoft-Windows-ReliabilityAnalysisComponent/Operational","2908","3428","rjaf-PC4429","S-1-5-19","7/8/2014 12:24:20 AM",,,"c:\users\mac_1\desktop\winevt\logs\microsoft-windows-reliabilityanalysiscomponent%4operational.evtx","System.UInt32[]","System.Diagnostics.Eventing.Reader.EventBookmark","Information","Info",,"System.Collections.ObjectModel.ReadOnlyCollection`1[System.String]","System.Collections.Generic.List`1[System.Diagnostics.Eventing.Reader.EventProperty]"
"Reliability Analysis calculated system stability of 9.197 for the one-day period starting at ?2014?-?07?-?07T00:00:00.000000000Z.","2005","0",,"4","0","0","-9223372036854771712","217","Microsoft-Windows-Reliability-Analysis-Engine","4ba32972-6fc5-488a-8368-5da620d05127","Microsoft-Windows-ReliabilityAnalysisComponent/Operational","10704","4908","rjaf-PC4429","S-1-5-19","7/7/2014 3:19:21 AM",,,"c:\users\mac_1\desktop\winevt\logs\microsoft-windows-reliabilityanalysiscomponent%4operational.evtx","System.UInt32[]","System.Diagnostics.Eventing.Reader.EventBookmark","Information","Info",,"System.Collections.ObjectModel.ReadOnlyCollection`1[System.String]","System.Collections.Generic.List`1[System.Diagnostics.Eventing.Reader.EventProperty]"
"Reliability Analysis calculated system stability of 8.981 for the one-day period starting at ?2014?-?07?-?06T00:00:00.000000000Z.","2005","0",,"4","0","0","-9223372036854771712","216","Microsoft-Windows-Reliability-Analysis-Engine","4ba32972-6fc5-488a-8368-5da620d05127","Microsoft-Windows-ReliabilityAnalysisComponent/Operational","10380","7564","rjaf-PC4429","S-1-5-19","7/6/2014 12:52:16 AM",,,"c:\users\mac_1\desktop\winevt\logs\microsoft-windows-reliabilityanalysiscomponent%4operational.evtx","System.UInt32[]","System.Diagnostics.Eventing.Reader.EventBookmark","Information","Info",,"System.Collections.ObjectModel.ReadOnlyCollection`1[System.String]","System.Collections.Generic.List`1[System.Diagnostics.Eventing.Reader.EventProperty]"
"Reliability Analysis calculated system stability of 8.971 for the one-day period starting at ?2014?-?07?-?05T00:00:00.000000000Z.","2005","0",,"4","0","0","-9223372036854771712","215","Microsoft-Windows-Reliability-Analysis-Engine","4ba32972-6fc5-488a-8368-5da620d05127","Microsoft-Windows-ReliabilityAnalysisComponent/Operational","10380","7564","rjaf-PC4429","S-1-5-19","7/6/2014 12:52:15 AM",,,"c:\users\mac_1\desktop\winevt\logs\microsoft-windows-reliabilityanalysiscomponent%4operational.evtx","System.UInt32[]","System.Diagnostics.Eventing.Reader.EventBookmark","Information","Info",,"System.Collections.ObjectModel.ReadOnlyCollection`1[System.String]","System.Collections.Generic.List`1[System.Diagnostics.Eventing.Reader.EventProperty]"
"Reliability Analysis calculated system stability of 8.971 for the one-day period starting at ?2014?-?07?-?04T00:00:00.000000000Z.","2005","0",,"4","0","0","-9223372036854771712","214","Microsoft-Windows-Reliability-Analysis-Engine","4ba32972-6fc5-488a-8368-5da620d05127","Microsoft-Windows-ReliabilityAnalysisComponent/Operational","10380","7564","rjaf-PC4429","S-1-5-19","7/6/2014 12:52:15 AM",,,"c:\users\mac_1\desktop\winevt\logs\microsoft-windows-reliabilityanalysiscomponent%4operational.evtx","System.UInt32[]","System.Diagnostics.Eventing.Reader.EventBookmark","Information","Info",,"System.Collections.ObjectModel.ReadOnlyCollection`1[System.String]","System.Collections.Generic.List`1[System.Diagnostics.Eventing.Reader.EventProperty]"
"Reliability Analysis calculated system stability of 8.74 for the one-day period starting at ?2014?-?07?-?03T00:00:00.000000000Z.","2005","0",,"4","0","0","-9223372036854771712","213","Microsoft-Windows-Reliability-Analysis-Engine","4ba32972-6fc5-488a-8368-5da620d05127","Microsoft-Windows-ReliabilityAnalysisComponent/Operational","3360","1752","rjaf-PC4429","S-1-5-19","7/2/2014 11:29:44 PM",,,"c:\users\mac_1\desktop\winevt\logs\microsoft-windows-reliabilityanalysiscomponent%4operational.evtx","System.UInt32[]","System.Diagnostics.Eventing.Reader.EventBookmark","Information","Info",,"System.Collections.ObjectModel.ReadOnlyCollection`1[System.String]","System.Collections.Generic.List`1[System.Diagnostics.Eventing.Reader.EventProperty]"
"Reliability Analysis calculated system stability of 8.472 for the one-day period starting at ?2014?-?07?-?02T00:00:00.000000000Z.","2005","0",,"4","0","0","-9223372036854771712","212","Microsoft-Windows-Reliability-Analysis-Engine","4ba32972-6fc5-488a-8368-5da620d05127","Microsoft-Windows-ReliabilityAnalysisComponent/Operational","3612","2012","rjaf-PC4429","S-1-5-19","7/2/2014 1:10:13 AM",,,"c:\users\mac_1\desktop\winevt\logs\microsoft-windows-reliabilityanalysiscomponent%4operational.evtx","System.UInt32[]","System.Diagnostics.Eventing.Reader.EventBookmark","Information","Info",,"System.Collections.ObjectModel.ReadOnlyCollection`1[System.String]","System.Collections.Generic.List`1[System.Diagnostics.Eventing.Reader.EventProperty]"
"Reliability Analysis calculated system stability of 8.174 for the one-day period starting at ?2014?-?07?-?01T00:00:00.000000000Z.","2005","0",,"4","0","0","-9223372036854771712","211","Microsoft-Windows-Reliability-Analysis-Engine","4ba32972-6fc5-488a-8368-5da620d05127","Microsoft-Windows-ReliabilityAnalysisComponent/Operational","3504","556","rjaf-PC4429","S-1-5-19","7/1/2014 12:12:21 AM",,,"c:\users\mac_1\desktop\winevt\logs\microsoft-windows-reliabilityanalysiscomponent%4operational.evtx","System.UInt32[]","System.Diagnostics.Eventing.Reader.EventBookmark","Information","Info",,"System.Collections.ObjectModel.ReadOnlyCollection`1[System.String]","System.Collections.Generic.List`1[System.Diagnostics.Eventing.Reader.EventProperty]"
"Reliability Analysis calculated system stability of 9.514 for the one-day period starting at ?2014?-?06?-?30T00:00:00.000000000Z.","2005","0",,"4","0","0","-9223372036854771712","210","Microsoft-Windows-Reliability-Analysis-Engine","4ba32972-6fc5-488a-8368-5da620d05127","Microsoft-Windows-ReliabilityAnalysisComponent/Operational","3440","2908","rjaf-PC4429","S-1-5-19","6/30/2014 12:07:31 AM",,,"c:\users\mac_1\desktop\winevt\logs\microsoft-windows-reliabilityanalysiscomponent%4operational.evtx","System.UInt32[]","System.Diagnostics.Eventing.Reader.EventBookmark","Information","Info",,"System.Collections.ObjectModel.ReadOnlyCollection`1[System.String]","System.Collections.Generic.List`1[System.Diagnostics.Eventing.Reader.EventProperty]"
"Reliability Analysis calculated system stability of 9.333 for the one-day period starting at ?2014?-?06?-?29T00:00:00.000000000Z.","2005","0",,"4","0","0","-9223372036854771712","209","Microsoft-Windows-Reliability-Analysis-Engine","4ba32972-6fc5-488a-8368-5da620d05127","Microsoft-Windows-ReliabilityAnalysisComponent/Operational","116","4248","rjaf-PC4429","S-1-5-19","6/28/2014 11:23:12 PM",,,"c:\users\mac_1\desktop\winevt\logs\microsoft-windows-reliabilityanalysiscomponent%4operational.evtx","System.UInt32[]","System.Diagnostics.Eventing.Reader.EventBookmark","Information","Info",,"System.Collections.ObjectModel.ReadOnlyCollection`1[System.String]","System.Collections.Generic.List`1[System.Diagnostics.Eventing.Reader.EventProperty]"
"Reliability Analysis calculated system stability of 9.132 for the one-day period starting at ?2014?-?06?-?28T00:00:00.000000000Z.","2005","0",,"4","0","0","-9223372036854771712","208","Microsoft-Windows-Reliability-Analysis-Engine","4ba32972-6fc5-488a-8368-5da620d05127","Microsoft-Windows-ReliabilityAnalysisComponent/Operational","2676","3320","rjaf-PC4429","S-1-5-19","6/28/2014 3:52:27 AM",,,"c:\users\mac_1\desktop\winevt\logs\microsoft-windows-reliabilityanalysiscomponent%4operational.evtx","System.UInt32[]","System.Diagnostics.Eventing.Reader.EventBookmark","Information","Info",,"System.Collections.ObjectModel.ReadOnlyCollection`1[System.String]","System.Collections.Generic.List`1[System.Diagnostics.Eventing.Reader.EventProperty]"
"Reliability Analysis calculated system stability of 9.123 for the one-day period starting at ?2014?-?06?-?27T00:00:00.000000000Z.","2005","0",,"4","0","0","-9223372036854771712","207","Microsoft-Windows-Reliability-Analysis-Engine","4ba32972-6fc5-488a-8368-5da620d05127","Microsoft-Windows-ReliabilityAnalysisComponent/Operational","2676","3320","rjaf-PC4429","S-1-5-19","6/28/2014 3:52:26 AM",,,"c:\users\mac_1\desktop\winevt\logs\microsoft-windows-reliabilityanalysiscomponent%4operational.evtx","System.UInt32[]","System.Diagnostics.Eventing.Reader.EventBookmark","Information","Info",,"System.Collections.ObjectModel.ReadOnlyCollection`1[System.String]","System.Collections.Generic.List`1[System.Diagnostics.Eventing.Reader.EventProperty]"
"Reliability Analysis calculated system stability of 8.909 for the one-day period starting at ?2014?-?06?-?26T00:00:00.000000000Z.","2005","0",,"4","0","0","-9223372036854771712","206","Microsoft-Windows-Reliability-Analysis-Engine","4ba32972-6fc5-488a-8368-5da620d05127","Microsoft-Windows-ReliabilityAnalysisComponent/Operational","1844","844","rjaf-PC4429","S-1-5-19","6/25/2014 10:34:55 PM",,,"c:\users\mac_1\desktop\winevt\logs\microsoft-windows-reliabilityanalysiscomponent%4operational.evtx","System.UInt32[]","System.Diagnostics.Eventing.Reader.EventBookmark","Information","Info",,"System.Collections.ObjectModel.ReadOnlyCollection`1[System.String]","System.Collections.Generic.List`1[System.Diagnostics.Eventing.Reader.EventProperty]"
"Reliability Analysis calculated system stability of 8.66 for the one-day period starting at ?2014?-?06?-?25T00:00:00.000000000Z.","2005","0",,"4","0","0","-9223372036854771712","205","Microsoft-Windows-Reliability-Analysis-Engine","4ba32972-6fc5-488a-8368-5da620d05127","Microsoft-Windows-ReliabilityAnalysisComponent/Operational","3812","844","rjaf-PC4429","S-1-5-19","6/25/2014 2:51:17 AM",,,"c:\users\mac_1\desktop\winevt\logs\microsoft-windows-reliabilityanalysiscomponent%4operational.evtx","System.UInt32[]","System.Diagnostics.Eventing.Reader.EventBookmark","Information","Info",,"System.Collections.ObjectModel.ReadOnlyCollection`1[System.String]","System.Collections.Generic.List`1[System.Diagnostics.Eventing.Reader.EventProperty]"
"Reliability Analysis calculated system stability of 8.383 for the one-day period starting at ?2014?-?06?-?24T00:00:00.000000000Z.","2005","0",,"4","0","0","-9223372036854771712","204","Microsoft-Windows-Reliability-Analysis-Engine","4ba32972-6fc5-488a-8368-5da620d05127","Microsoft-Windows-ReliabilityAnalysisComponent/Operational","3516","3028","rjaf-PC4429","S-1-5-19","6/24/2014 3:14:53 AM",,,"c:\users\mac_1\desktop\winevt\logs\microsoft-windows-reliabilityanalysiscomponent%4operational.evtx","System.UInt32[]","System.Diagnostics.Eventing.Reader.EventBookmark","Information","Info",,"System.Collections.ObjectModel.ReadOnlyCollection`1[System.String]","System.Collections.Generic.List`1[System.Diagnostics.Eventing.Reader.EventProperty]"
"Reliability Analysis calculated system stability of 8.074 for the one-day period starting at ?2014?-?06?-?23T00:00:00.000000000Z.","2005","0",,"4","0","0","-9223372036854771712","203","Microsoft-Windows-Reliability-Analysis-Engine","4ba32972-6fc5-488a-8368-5da620d05127","Microsoft-Windows-ReliabilityAnalysisComponent/Operational","4928","5044","rjaf-PC4429","S-1-5-19","6/23/2014 2:35:40 AM",,,"c:\users\mac_1\desktop\winevt\logs\microsoft-windows-reliabilityanalysiscomponent%4operational.evtx","System.UInt32[]","System.Diagnostics.Eventing.Reader.EventBookmark","Information","Info",,"System.Collections.ObjectModel.ReadOnlyCollection`1[System.String]","System.Collections.Generic.List`1[System.Diagnostics.Eventing.Reader.EventProperty]"
"Reliability Analysis calculated system stability of 9.257 for the one-day period starting at ?2014?-?06?-?22T00:00:00.000000000Z.","2005","0",,"4","0","0","-9223372036854771712","202","Microsoft-Windows-Reliability-Analysis-Engine","4ba32972-6fc5-488a-8368-5da620d05127","Microsoft-Windows-ReliabilityAnalysisComponent/Operational","3116","4020","rjaf-PC4429","S-1-5-19","6/22/2014 1:29:34 AM",,,"c:\users\mac_1\desktop\winevt\logs\microsoft-windows-reliabilityanalysiscomponent%4operational.evtx","System.UInt32[]","System.Diagnostics.Eventing.Reader.EventBookmark","Information","Info",,"System.Collections.ObjectModel.ReadOnlyCollection`1[System.String]","System.Collections.Generic.List`1[System.Diagnostics.Eventing.Reader.EventProperty]"
"Reliability Analysis calculated system stability of 9.249 for the one-day period starting at ?2014?-?06?-?21T00:00:00.000000000Z.","2005","0",,"4","0","0","-9223372036854771712","201","Microsoft-Windows-Reliability-Analysis-Engine","4ba32972-6fc5-488a-8368-5da620d05127","Microsoft-Windows-ReliabilityAnalysisComponent/Operational","3116","4020","rjaf-PC4429","S-1-5-19","6/22/2014 1:29:33 AM",,,"c:\users\mac_1\desktop\winevt\logs\microsoft-windows-reliabilityanalysiscomponent%4operational.evtx","System.UInt32[]","System.Diagnostics.Eventing.Reader.EventBookmark","Information","Info",,"System.Collections.ObjectModel.ReadOnlyCollection`1[System.String]","System.Collections.Generic.List`1[System.Diagnostics.Eventing.Reader.EventProperty]"
"Reliability Analysis calculated system stability of 9.249 for the one-day period starting at ?2014?-?06?-?20T00:00:00.000000000Z.","2005","0",,"4","0","0","-9223372036854771712","200","Microsoft-Windows-Reliability-Analysis-Engine","4ba32972-6fc5-488a-8368-5da620d05127","Microsoft-Windows-ReliabilityAnalysisComponent/Operational","3116","4020","rjaf-PC4429","S-1-5-19","6/22/2014 1:29:32 AM",,,"c:\users\mac_1\desktop\winevt\logs\microsoft-windows-reliabilityanalysiscomponent%4operational.evtx","System.UInt32[]","System.Diagnostics.Eventing.Reader.EventBookmark","Information","Info",,"System.Collections.ObjectModel.ReadOnlyCollection`1[System.String]","System.Collections.Generic.List`1[System.Diagnostics.Eventing.Reader.EventProperty]"
"Reliability Analysis calculated system stability of 9.048 for the one-day period starting at ?2014?-?06?-?19T00:00:00.000000000Z.","2005","0",,"4","0","0","-9223372036854771712","199","Microsoft-Windows-Reliability-Analysis-Engine","4ba32972-6fc5-488a-8368-5da620d05127","Microsoft-Windows-ReliabilityAnalysisComponent/Operational","3256","3864","rjaf-PC4429","S-1-5-19","6/18/2014 10:47:15 PM",,,"c:\users\mac_1\desktop\winevt\logs\microsoft-windows-reliabilityanalysiscomponent%4operational.evtx","System.UInt32[]","System.Diagnostics.Eventing.Reader.EventBookmark","Information","Info",,"System.Collections.ObjectModel.ReadOnlyCollection`1[System.String]","System.Collections.Generic.List`1[System.Diagnostics.Eventing.Reader.EventProperty]"
"Reliability Analysis calculated system stability of 8.814 for the one-day period starting at ?2014?-?06?-?18T00:00:00.000000000Z.","2005","0",,"4","0","0","-9223372036854771712","198","Microsoft-Windows-Reliability-Analysis-Engine","4ba32972-6fc5-488a-8368-5da620d05127","Microsoft-Windows-ReliabilityAnalysisComponent/Operational","14176","2152","rjaf-PC4429","S-1-5-19","6/18/2014 12:58:25 AM",,,"c:\users\mac_1\desktop\winevt\logs\microsoft-windows-reliabilityanalysiscomponent%4operational.evtx","System.UInt32[]","System.Diagnostics.Eventing.Reader.EventBookmark","Information","Info",,"System.Collections.ObjectModel.ReadOnlyCollection`1[System.String]","System.Collections.Generic.List`1[System.Diagnostics.Eventing.Reader.EventProperty]"
"Reliability Analysis calculated system stability of 8.555 for the one-day period starting at ?2014?-?06?-?17T00:00:00.000000000Z.","2005","0",,"4","0","0","-9223372036854771712","197","Microsoft-Windows-Reliability-Analysis-Engine","4ba32972-6fc5-488a-8368-5da620d05127","Microsoft-Windows-ReliabilityAnalysisComponent/Operational","7488","7592","rjaf-PC4429","S-1-5-19","6/17/2014 12:24:34 AM",,,"c:\users\mac_1\desktop\winevt\logs\microsoft-windows-reliabilityanalysiscomponent%4operational.evtx","System.UInt32[]","System.Diagnostics.Eventing.Reader.EventBookmark","Information","Info",,"System.Collections.ObjectModel.ReadOnlyCollection`1[System.String]","System.Collections.Generic.List`1[System.Diagnostics.Eventing.Reader.EventProperty]"
"Reliability Analysis calculated system stability of 10 for the one-day period starting at ?2014?-?06?-?16T00:00:00.000000000Z.","2005","0",,"4","0","0","-9223372036854771712","196","Microsoft-Windows-Reliability-Analysis-Engine","4ba32972-6fc5-488a-8368-5da620d05127","Microsoft-Windows-ReliabilityAnalysisComponent/Operational","124","728","rjaf-PC4429","S-1-5-19","6/15/2014 11:20:59 PM",,,"c:\users\mac_1\desktop\winevt\logs\microsoft-windows-reliabilityanalysiscomponent%4operational.evtx","System.UInt32[]","System.Diagnostics.Eventing.Reader.EventBookmark","Information","Info",,"System.Collections.ObjectModel.ReadOnlyCollection`1[System.String]","System.Collections.Generic.List`1[System.Diagnostics.Eventing.Reader.EventProperty]"
"Reliability Analysis calculated system stability of 10 for the one-day period starting at ?2014?-?06?-?15T00:00:00.000000000Z.","2005","0",,"4","0","0","-9223372036854771712","195","Microsoft-Windows-Reliability-Analysis-Engine","4ba32972-6fc5-488a-8368-5da620d05127","Microsoft-Windows-ReliabilityAnalysisComponent/Operational","3244","2300","rjaf-PC4429","S-1-5-19","6/15/2014 1:01:48 AM",,,"c:\users\mac_1\desktop\winevt\logs\microsoft-windows-reliabilityanalysiscomponent%4operational.evtx","System.UInt32[]","System.Diagnostics.Eventing.Reader.EventBookmark","Information","Info",,"System.Collections.ObjectModel.ReadOnlyCollection`1[System.String]","System.Collections.Generic.List`1[System.Diagnostics.Eventing.Reader.EventProperty]"
"Reliability Analysis calculated system stability of 10 for the one-day period starting at ?2014?-?06?-?14T00:00:00.000000000Z.","2005","0",,"4","0","0","-9223372036854771712","194","Microsoft-Windows-Reliability-Analysis-Engine","4ba32972-6fc5-488a-8368-5da620d05127","Microsoft-Windows-ReliabilityAnalysisComponent/Operational","9176","1264","rjaf-PC4429","S-1-5-19","6/13/2014 11:12:28 PM",,,"c:\users\mac_1\desktop\winevt\logs\microsoft-windows-reliabilityanalysiscomponent%4operational.evtx","System.UInt32[]","System.Diagnostics.Eventing.Reader.EventBookmark","Information","Info",,"System.Collections.ObjectModel.ReadOnlyCollection`1[System.String]","System.Collections.Generic.List`1[System.Diagnostics.Eventing.Reader.EventProperty]"
"Reliability Analysis calculated system stability of 10 for the one-day period starting at ?2014?-?06?-?13T00:00:00.000000000Z.","2005","0",,"4","0","0","-9223372036854771712","193","Microsoft-Windows-Reliability-Analysis-Engine","4ba32972-6fc5-488a-8368-5da620d05127","Microsoft-Windows-ReliabilityAnalysisComponent/Operational","5028","3088","rjaf-PC4429","S-1-5-19","6/12/2014 10:37:09 PM",,,"c:\users\mac_1\desktop\winevt\logs\microsoft-windows-reliabilityanalysiscomponent%4operational.evtx","System.UInt32[]","System.Diagnostics.Eventing.Reader.EventBookmark","Information","Info",,"System.Collections.ObjectModel.ReadOnlyCollection`1[System.String]","System.Collections.Generic.List`1[System.Diagnostics.Eventing.Reader.EventProperty]"
"Reliability Analysis calculated system stability of 10 for the one-day period starting at ?2014?-?06?-?12T00:00:00.000000000Z.","2005","0",,"4","0","0","-9223372036854771712","192","Microsoft-Windows-Reliability-Analysis-Engine","4ba32972-6fc5-488a-8368-5da620d05127","Microsoft-Windows-ReliabilityAnalysisComponent/Operational","5028","3088","rjaf-PC4429","S-1-5-19","6/12/2014 10:37:08 PM",,,"c:\users\mac_1\desktop\winevt\logs\microsoft-windows-reliabilityanalysiscomponent%4operational.evtx","System.UInt32[]","System.Diagnostics.Eventing.Reader.EventBookmark","Information","Info",,"System.Collections.ObjectModel.ReadOnlyCollection`1[System.String]","System.Collections.Generic.List`1[System.Diagnostics.Eventing.Reader.EventProperty]"
"Reliability Analysis calculated system stability of 10 for the one-day period starting at ?2014?-?06?-?11T00:00:00.000000000Z.","2005","0",,"4","0","0","-9223372036854771712","191","Microsoft-Windows-Reliability-Analysis-Engine","4ba32972-6fc5-488a-8368-5da620d05127","Microsoft-Windows-ReliabilityAnalysisComponent/Operational","4716","4548","rjaf-PC4429","S-1-5-19","6/10/2014 11:09:32 PM",,,"c:\users\mac_1\desktop\winevt\logs\microsoft-windows-reliabilityanalysiscomponent%4operational.evtx","System.UInt32[]","System.Diagnostics.Eventing.Reader.EventBookmark","Information","Info",,"System.Collections.ObjectModel.ReadOnlyCollection`1[System.String]","System.Collections.Generic.List`1[System.Diagnostics.Eventing.Reader.EventProperty]"
"Reliability Analysis calculated system stability of 10 for the one-day period starting at ?2014?-?06?-?10T00:00:00.000000000Z.","2005","0",,"4","0","0","-9223372036854771712","190","Microsoft-Windows-Reliability-Analysis-Engine","4ba32972-6fc5-488a-8368-5da620d05127","Microsoft-Windows-ReliabilityAnalysisComponent/Operational","3552","3588","rjaf-PC4429","S-1-5-19","6/9/2014 10:59:48 PM",,,"c:\users\mac_1\desktop\winevt\logs\microsoft-windows-reliabilityanalysiscomponent%4operational.evtx","System.UInt32[]","System.Diagnostics.Eventing.Reader.EventBookmark","Information","Info",,"System.Collections.ObjectModel.ReadOnlyCollection`1[System.String]","System.Collections.Generic.List`1[System.Diagnostics.Eventing.Reader.EventProperty]"
"Reliability Analysis calculated system stability of 10 for the one-day period starting at ?2014?-?06?-?09T00:00:00.000000000Z.","2005","0",,"4","0","0","-9223372036854771712","189","Microsoft-Windows-Reliability-Analysis-Engine","4ba32972-6fc5-488a-8368-5da620d05127","Microsoft-Windows-ReliabilityAnalysisComponent/Operational","3756","2372","rjaf-PC4429","S-1-5-19","6/9/2014 2:18:11 AM",,,"c:\users\mac_1\desktop\winevt\logs\microsoft-windows-reliabilityanalysiscomponent%4operational.evtx","System.UInt32[]","System.Diagnostics.Eventing.Reader.EventBookmark","Information","Info",,"System.Collections.ObjectModel.ReadOnlyCollection`1[System.String]","System.Collections.Generic.List`1[System.Diagnostics.Eventing.Reader.EventProperty]"
"Reliability Analysis calculated system stability of 10 for the one-day period starting at ?2014?-?06?-?08T00:00:00.000000000Z.","2005","0",,"4","0","0","-9223372036854771712","188","Microsoft-Windows-Reliability-Analysis-Engine","4ba32972-6fc5-488a-8368-5da620d05127","Microsoft-Windows-ReliabilityAnalysisComponent/Operational","3756","4020","rjaf-PC4429","S-1-5-19","6/8/2014 5:46:16 AM",,,"c:\users\mac_1\desktop\winevt\logs\microsoft-windows-reliabilityanalysiscomponent%4operational.evtx","System.UInt32[]","System.Diagnostics.Eventing.Reader.EventBookmark","Information","Info",,"System.Collections.ObjectModel.ReadOnlyCollection`1[System.String]","System.Collections.Generic.List`1[System.Diagnostics.Eventing.Reader.EventProperty]"
"Reliability Analysis calculated system stability of 10 for the one-day period starting at ?2014?-?06?-?07T00:00:00.000000000Z.","2005","0",,"4","0","0","-9223372036854771712","187","Microsoft-Windows-Reliability-Analysis-Engine","4ba32972-6fc5-488a-8368-5da620d05127","Microsoft-Windows-ReliabilityAnalysisComponent/Operational","3756","4020","rjaf-PC4429","S-1-5-19","6/8/2014 5:46:15 AM",,,"c:\users\mac_1\desktop\winevt\logs\microsoft-windows-reliabilityanalysiscomponent%4operational.evtx","System.UInt32[]","System.Diagnostics.Eventing.Reader.EventBookmark","Information","Info",,"System.Collections.ObjectModel.ReadOnlyCollection`1[System.String]","System.Collections.Generic.List`1[System.Diagnostics.Eventing.Reader.EventProperty]"
"Reliability Analysis calculated system stability of 10 for the one-day period starting at ?2014?-?06?-?06T00:00:00.000000000Z.","2005","0",,"4","0","0","-9223372036854771712","186","Microsoft-Windows-Reliability-Analysis-Engine","4ba32972-6fc5-488a-8368-5da620d05127","Microsoft-Windows-ReliabilityAnalysisComponent/Operational","3756","4020","rjaf-PC4429","S-1-5-19","6/8/2014 5:46:14 AM",,,"c:\users\mac_1\desktop\winevt\logs\microsoft-windows-reliabilityanalysiscomponent%4operational.evtx","System.UInt32[]","System.Diagnostics.Eventing.Reader.EventBookmark","Information","Info",,"System.Collections.ObjectModel.ReadOnlyCollection`1[System.String]","System.Collections.Generic.List`1[System.Diagnostics.Eventing.Reader.EventProperty]"
"Reliability Analysis calculated system stability of 9.953 for the one-day period starting at ?2014?-?06?-?05T00:00:00.000000000Z.","2005","0",,"4","0","0","-9223372036854771712","185","Microsoft-Windows-Reliability-Analysis-Engine","4ba32972-6fc5-488a-8368-5da620d05127","Microsoft-Windows-ReliabilityAnalysisComponent/Operational","5300","4904","rjaf-PC4429","S-1-5-19","6/4/2014 11:00:11 PM",,,"c:\users\mac_1\desktop\winevt\logs\microsoft-windows-reliabilityanalysiscomponent%4operational.evtx","System.UInt32[]","System.Diagnostics.Eventing.Reader.EventBookmark","Information","Info",,"System.Collections.ObjectModel.ReadOnlyCollection`1[System.String]","System.Collections.Generic.List`1[System.Diagnostics.Eventing.Reader.EventProperty]"
"Reliability Analysis calculated system stability of 9.822 for the one-day period starting at ?2014?-?06?-?04T00:00:00.000000000Z.","2005","0",,"4","0","0","-9223372036854771712","184","Microsoft-Windows-Reliability-Analysis-Engine","4ba32972-6fc5-488a-8368-5da620d05127","Microsoft-Windows-ReliabilityAnalysisComponent/Operational","4988","3396","rjaf-PC4429","S-1-5-19","6/3/2014 10:36:03 PM",,,"c:\users\mac_1\desktop\winevt\logs\microsoft-windows-reliabilityanalysiscomponent%4operational.evtx","System.UInt32[]","System.Diagnostics.Eventing.Reader.EventBookmark","Information","Info",,"System.Collections.ObjectModel.ReadOnlyCollection`1[System.String]","System.Collections.Generic.List`1[System.Diagnostics.Eventing.Reader.EventProperty]"
"Reliability Analysis calculated system stability of 9.677 for the one-day period starting at ?2014?-?06?-?03T00:00:00.000000000Z.","2005","0",,"4","0","0","-9223372036854771712","183","Microsoft-Windows-Reliability-Analysis-Engine","4ba32972-6fc5-488a-8368-5da620d05127","Microsoft-Windows-ReliabilityAnalysisComponent/Operational","5232","4904","rjaf-PC4429","S-1-5-19","6/2/2014 11:21:32 PM",,,"c:\users\mac_1\desktop\winevt\logs\microsoft-windows-reliabilityanalysiscomponent%4operational.evtx","System.UInt32[]","System.Diagnostics.Eventing.Reader.EventBookmark","Information","Info",,"System.Collections.ObjectModel.ReadOnlyCollection`1[System.String]","System.Collections.Generic.List`1[System.Diagnostics.Eventing.Reader.EventProperty]"
"Reliability Analysis calculated system stability of 9.515 for the one-day period starting at ?2014?-?06?-?02T00:00:00.000000000Z.","2005","0",,"4","0","0","-9223372036854771712","182","Microsoft-Windows-Reliability-Analysis-Engine","4ba32972-6fc5-488a-8368-5da620d05127","Microsoft-Windows-ReliabilityAnalysisComponent/Operational","2400","2880","rjaf-PC4429","S-1-5-19","6/2/2014 12:05:15 AM",,,"c:\users\mac_1\desktop\winevt\logs\microsoft-windows-reliabilityanalysiscomponent%4operational.evtx","System.UInt32[]","System.Diagnostics.Eventing.Reader.EventBookmark","Information","Info",,"System.Collections.ObjectModel.ReadOnlyCollection`1[System.String]","System.Collections.Generic.List`1[System.Diagnostics.Eventing.Reader.EventProperty]"
"Reliability Analysis calculated system stability of 9.334 for the one-day period starting at ?2014?-?06?-?01T00:00:00.000000000Z.","2005","0",,"4","0","0","-9223372036854771712","181","Microsoft-Windows-Reliability-Analysis-Engine","4ba32972-6fc5-488a-8368-5da620d05127","Microsoft-Windows-ReliabilityAnalysisComponent/Operational","3244","3152","rjaf-PC4429","S-1-5-19","5/31/2014 11:24:21 PM",,,"c:\users\mac_1\desktop\winevt\logs\microsoft-windows-reliabilityanalysiscomponent%4operational.evtx","System.UInt32[]","System.Diagnostics.Eventing.Reader.EventBookmark","Information","Info",,"System.Collections.ObjectModel.ReadOnlyCollection`1[System.String]","System.Collections.Generic.List`1[System.Diagnostics.Eventing.Reader.EventProperty]"
"Reliability Analysis calculated system stability of 9.326 for the one-day period starting at ?2014?-?05?-?31T00:00:00.000000000Z.","2005","0",,"4","0","0","-9223372036854771712","180","Microsoft-Windows-Reliability-Analysis-Engine","4ba32972-6fc5-488a-8368-5da620d05127","Microsoft-Windows-ReliabilityAnalysisComponent/Operational","3244","3152","rjaf-PC4429","S-1-5-19","5/31/2014 11:24:20 PM",,,"c:\users\mac_1\desktop\winevt\logs\microsoft-windows-reliabilityanalysiscomponent%4operational.evtx","System.UInt32[]","System.Diagnostics.Eventing.Reader.EventBookmark","Information","Info",,"System.Collections.ObjectModel.ReadOnlyCollection`1[System.String]","System.Collections.Generic.List`1[System.Diagnostics.Eventing.Reader.EventProperty]"
"Reliability Analysis calculated system stability of 9.326 for the one-day period starting at ?2014?-?05?-?30T00:00:00.000000000Z.","2005","0",,"4","0","0","-9223372036854771712","179","Microsoft-Windows-Reliability-Analysis-Engine","4ba32972-6fc5-488a-8368-5da620d05127","Microsoft-Windows-ReliabilityAnalysisComponent/Operational","3244","3152","rjaf-PC4429","S-1-5-19","5/31/2014 11:24:19 PM",,,"c:\users\mac_1\desktop\winevt\logs\microsoft-windows-reliabilityanalysiscomponent%4operational.evtx","System.UInt32[]","System.Diagnostics.Eventing.Reader.EventBookmark","Information","Info",,"System.Collections.ObjectModel.ReadOnlyCollection`1[System.String]","System.Collections.Generic.List`1[System.Diagnostics.Eventing.Reader.EventProperty]"
"Reliability Analysis calculated system stability of 9.133 for the one-day period starting at ?2014?-?05?-?29T00:00:00.000000000Z.","2005","0",,"4","0","0","-9223372036854771712","178","Microsoft-Windows-Reliability-Analysis-Engine","4ba32972-6fc5-488a-8368-5da620d05127","Microsoft-Windows-ReliabilityAnalysisComponent/Operational","4168","6100","rjaf-PC4429","S-1-5-19","5/29/2014 12:40:19 AM",,,"c:\users\mac_1\desktop\winevt\logs\microsoft-windows-reliabilityanalysiscomponent%4operational.evtx","System.UInt32[]","System.Diagnostics.Eventing.Reader.EventBookmark","Information","Info",,"System.Collections.ObjectModel.ReadOnlyCollection`1[System.String]","System.Collections.Generic.List`1[System.Diagnostics.Eventing.Reader.EventProperty]"
"Reliability Analysis calculated system stability of 8.909 for the one-day period starting at ?2014?-?05?-?28T00:00:00.000000000Z.","2005","0",,"4","0","0","-9223372036854771712","177","Microsoft-Windows-Reliability-Analysis-Engine","4ba32972-6fc5-488a-8368-5da620d05127","Microsoft-Windows-ReliabilityAnalysisComponent/Operational","1456","332","rjaf-PC4429","S-1-5-19","5/28/2014 12:59:28 AM",,,"c:\users\mac_1\desktop\winevt\logs\microsoft-windows-reliabilityanalysiscomponent%4operational.evtx","System.UInt32[]","System.Diagnostics.Eventing.Reader.EventBookmark","Information","Info",,"System.Collections.ObjectModel.ReadOnlyCollection`1[System.String]","System.Collections.Generic.List`1[System.Diagnostics.Eventing.Reader.EventProperty]"
"Reliability Analysis calculated system stability of 8.661 for the one-day period starting at ?2014?-?05?-?27T00:00:00.000000000Z.","2005","0",,"4","0","0","-9223372036854771712","176","Microsoft-Windows-Reliability-Analysis-Engine","4ba32972-6fc5-488a-8368-5da620d05127","Microsoft-Windows-ReliabilityAnalysisComponent/Operational","4784","4624","rjaf-PC4429","S-1-5-19","5/27/2014 12:39:31 AM",,,"c:\users\mac_1\desktop\winevt\logs\microsoft-windows-reliabilityanalysiscomponent%4operational.evtx","System.UInt32[]","System.Diagnostics.Eventing.Reader.EventBookmark","Information","Info",,"System.Collections.ObjectModel.ReadOnlyCollection`1[System.String]","System.Collections.Generic.List`1[System.Diagnostics.Eventing.Reader.EventProperty]"
"Reliability Analysis calculated system stability of 8.384 for the one-day period starting at ?2014?-?05?-?26T00:00:00.000000000Z.","2005","0",,"4","0","0","-9223372036854771712","175","Microsoft-Windows-Reliability-Analysis-Engine","4ba32972-6fc5-488a-8368-5da620d05127","Microsoft-Windows-ReliabilityAnalysisComponent/Operational","1684","3992","rjaf-PC4429","S-1-5-19","5/25/2014 10:50:50 PM",,,"c:\users\mac_1\desktop\winevt\logs\microsoft-windows-reliabilityanalysiscomponent%4operational.evtx","System.UInt32[]","System.Diagnostics.Eventing.Reader.EventBookmark","Information","Info",,"System.Collections.ObjectModel.ReadOnlyCollection`1[System.String]","System.Collections.Generic.List`1[System.Diagnostics.Eventing.Reader.EventProperty]"
"Reliability Analysis calculated system stability of 8.075 for the one-day period starting at ?2014?-?05?-?25T00:00:00.000000000Z.","2005","0",,"4","0","0","-9223372036854771712","174","Microsoft-Windows-Reliability-Analysis-Engine","4ba32972-6fc5-488a-8368-5da620d05127","Microsoft-Windows-ReliabilityAnalysisComponent/Operational","1520","3068","rjaf-PC4429","S-1-5-19","5/24/2014 11:50:21 PM",,,"c:\users\mac_1\desktop\winevt\logs\microsoft-windows-reliabilityanalysiscomponent%4operational.evtx","System.UInt32[]","System.Diagnostics.Eventing.Reader.EventBookmark","Information","Info",,"System.Collections.ObjectModel.ReadOnlyCollection`1[System.String]","System.Collections.Generic.List`1[System.Diagnostics.Eventing.Reader.EventProperty]"
"Reliability Analysis calculated system stability of 7.732 for the one-day period starting at ?2014?-?05?-?24T00:00:00.000000000Z.","2005","0",,"4","0","0","-9223372036854771712","173","Microsoft-Windows-Reliability-Analysis-Engine","4ba32972-6fc5-488a-8368-5da620d05127","Microsoft-Windows-ReliabilityAnalysisComponent/Operational","3272","2188","rjaf-PC4429","S-1-5-19","5/23/2014 11:07:59 PM",,,"c:\users\mac_1\desktop\winevt\logs\microsoft-windows-reliabilityanalysiscomponent%4operational.evtx","System.UInt32[]","System.Diagnostics.Eventing.Reader.EventBookmark","Information","Info",,"System.Collections.ObjectModel.ReadOnlyCollection`1[System.String]","System.Collections.Generic.List`1[System.Diagnostics.Eventing.Reader.EventProperty]"
"Reliability Analysis calculated system stability of 7.35 for the one-day period starting at ?2014?-?05?-?23T00:00:00.000000000Z.","2005","0",,"4","0","0","-9223372036854771712","172","Microsoft-Windows-Reliability-Analysis-Engine","4ba32972-6fc5-488a-8368-5da620d05127","Microsoft-Windows-ReliabilityAnalysisComponent/Operational","2632","2712","rjaf-PC4429","S-1-5-19","5/23/2014 4:21:06 AM",,,"c:\users\mac_1\desktop\winevt\logs\microsoft-windows-reliabilityanalysiscomponent%4operational.evtx","System.UInt32[]","System.Diagnostics.Eventing.Reader.EventBookmark","Information","Info",,"System.Collections.ObjectModel.ReadOnlyCollection`1[System.String]","System.Collections.Generic.List`1[System.Diagnostics.Eventing.Reader.EventProperty]"
"Reliability Analysis calculated system stability of 7.333 for the one-day period starting at ?2014?-?05?-?22T00:00:00.000000000Z.","2005","0",,"4","0","0","-9223372036854771712","171","Microsoft-Windows-Reliability-Analysis-Engine","4ba32972-6fc5-488a-8368-5da620d05127","Microsoft-Windows-ReliabilityAnalysisComponent/Operational","2632","2712","rjaf-PC4429","S-1-5-19","5/23/2014 4:21:06 AM",,,"c:\users\mac_1\desktop\winevt\logs\microsoft-windows-reliabilityanalysiscomponent%4operational.evtx","System.UInt32[]","System.Diagnostics.Eventing.Reader.EventBookmark","Information","Info",,"System.Collections.ObjectModel.ReadOnlyCollection`1[System.String]","System.Collections.Generic.List`1[System.Diagnostics.Eventing.Reader.EventProperty]"
"Reliability Analysis calculated system stability of 10 for the one-day period starting at ?2014?-?05?-?21T00:00:00.000000000Z.","2005","0",,"4","0","0","-9223372036854771712","170","Microsoft-Windows-Reliability-Analysis-Engine","4ba32972-6fc5-488a-8368-5da620d05127","Microsoft-Windows-ReliabilityAnalysisComponent/Operational","4980","5672","rjaf-PC4429","S-1-5-19","5/21/2014 12:20:51 AM",,,"c:\users\mac_1\desktop\winevt\logs\microsoft-windows-reliabilityanalysiscomponent%4operational.evtx","System.UInt32[]","System.Diagnostics.Eventing.Reader.EventBookmark","Information","Info",,"System.Collections.ObjectModel.ReadOnlyCollection`1[System.String]","System.Collections.Generic.List`1[System.Diagnostics.Eventing.Reader.EventProperty]"
"Reliability Analysis calculated system stability of 10 for the one-day period starting at ?2014?-?05?-?20T00:00:00.000000000Z.","2005","0",,"4","0","0","-9223372036854771712","169","Microsoft-Windows-Reliability-Analysis-Engine","4ba32972-6fc5-488a-8368-5da620d05127","Microsoft-Windows-ReliabilityAnalysisComponent/Operational","4140","3728","rjaf-PC4429","S-1-5-19","5/19/2014 10:53:59 PM",,,"c:\users\mac_1\desktop\winevt\logs\microsoft-windows-reliabilityanalysiscomponent%4operational.evtx","System.UInt32[]","System.Diagnostics.Eventing.Reader.EventBookmark","Information","Info",,"System.Collections.ObjectModel.ReadOnlyCollection`1[System.String]","System.Collections.Generic.List`1[System.Diagnostics.Eventing.Reader.EventProperty]"
"Reliability Analysis calculated system stability of 10 for the one-day period starting at ?2014?-?05?-?19T00:00:00.000000000Z.","2005","0",,"4","0","0","-9223372036854771712","168","Microsoft-Windows-Reliability-Analysis-Engine","4ba32972-6fc5-488a-8368-5da620d05127","Microsoft-Windows-ReliabilityAnalysisComponent/Operational","592","3780","rjaf-PC4429","S-1-5-19","5/18/2014 11:13:36 PM",,,"c:\users\mac_1\desktop\winevt\logs\microsoft-windows-reliabilityanalysiscomponent%4operational.evtx","System.UInt32[]","System.Diagnostics.Eventing.Reader.EventBookmark","Information","Info",,"System.Collections.ObjectModel.ReadOnlyCollection`1[System.String]","System.Collections.Generic.List`1[System.Diagnostics.Eventing.Reader.EventProperty]"
"Reliability Analysis calculated system stability of 10 for the one-day period starting at ?2014?-?05?-?18T00:00:00.000000000Z.","2005","0",,"4","0","0","-9223372036854771712","167","Microsoft-Windows-Reliability-Analysis-Engine","4ba32972-6fc5-488a-8368-5da620d05127","Microsoft-Windows-ReliabilityAnalysisComponent/Operational","2608","3964","rjaf-PC4429","S-1-5-19","5/18/2014 2:21:25 AM",,,"c:\users\mac_1\desktop\winevt\logs\microsoft-windows-reliabilityanalysiscomponent%4operational.evtx","System.UInt32[]","System.Diagnostics.Eventing.Reader.EventBookmark","Information","Info",,"System.Collections.ObjectModel.ReadOnlyCollection`1[System.String]","System.Collections.Generic.List`1[System.Diagnostics.Eventing.Reader.EventProperty]"
"Reliability Analysis calculated system stability of 10 for the one-day period starting at ?2014?-?05?-?17T00:00:00.000000000Z.","2005","0",,"4","0","0","-9223372036854771712","166","Microsoft-Windows-Reliability-Analysis-Engine","4ba32972-6fc5-488a-8368-5da620d05127","Microsoft-Windows-ReliabilityAnalysisComponent/Operational","2608","3964","rjaf-PC4429","S-1-5-19","5/18/2014 2:21:24 AM",,,"c:\users\mac_1\desktop\winevt\logs\microsoft-windows-reliabilityanalysiscomponent%4operational.evtx","System.UInt32[]","System.Diagnostics.Eventing.Reader.EventBookmark","Information","Info",,"System.Collections.ObjectModel.ReadOnlyCollection`1[System.String]","System.Collections.Generic.List`1[System.Diagnostics.Eventing.Reader.EventProperty]"
"Reliability Analysis calculated system stability of 10 for the one-day period starting at ?2014?-?05?-?16T00:00:00.000000000Z.","2005","0",,"4","0","0","-9223372036854771712","165","Microsoft-Windows-Reliability-Analysis-Engine","4ba32972-6fc5-488a-8368-5da620d05127","Microsoft-Windows-ReliabilityAnalysisComponent/Operational","1172","1876","rjaf-PC4429","S-1-5-19","5/16/2014 1:16:11 AM",,,"c:\users\mac_1\desktop\winevt\logs\microsoft-windows-reliabilityanalysiscomponent%4operational.evtx","System.UInt32[]","System.Diagnostics.Eventing.Reader.EventBookmark","Information","Info",,"System.Collections.ObjectModel.ReadOnlyCollection`1[System.String]","System.Collections.Generic.List`1[System.Diagnostics.Eventing.Reader.EventProperty]"
"Reliability Analysis calculated system stability of 9.983 for the one-day period starting at ?2014?-?05?-?15T00:00:00.000000000Z.","2005","0",,"4","0","0","-9223372036854771712","164","Microsoft-Windows-Reliability-Analysis-Engine","4ba32972-6fc5-488a-8368-5da620d05127","Microsoft-Windows-ReliabilityAnalysisComponent/Operational","892","4004","rjaf-PC4429","S-1-5-19","5/14/2014 11:53:34 PM",,,"c:\users\mac_1\desktop\winevt\logs\microsoft-windows-reliabilityanalysiscomponent%4operational.evtx","System.UInt32[]","System.Diagnostics.Eventing.Reader.EventBookmark","Information","Info",,"System.Collections.ObjectModel.ReadOnlyCollection`1[System.String]","System.Collections.Generic.List`1[System.Diagnostics.Eventing.Reader.EventProperty]"
"Reliability Analysis calculated system stability of 9.856 for the one-day period starting at ?2014?-?05?-?14T00:00:00.000000000Z.","2005","0",,"4","0","0","-9223372036854771712","163","Microsoft-Windows-Reliability-Analysis-Engine","4ba32972-6fc5-488a-8368-5da620d05127","Microsoft-Windows-ReliabilityAnalysisComponent/Operational","3576","2552","rjaf-PC4429","S-1-5-19","5/14/2014 10:56:59 AM",,,"c:\users\mac_1\desktop\winevt\logs\microsoft-windows-reliabilityanalysiscomponent%4operational.evtx","System.UInt32[]","System.Diagnostics.Eventing.Reader.EventBookmark","Information","Info",,"System.Collections.ObjectModel.ReadOnlyCollection`1[System.String]","System.Collections.Generic.List`1[System.Diagnostics.Eventing.Reader.EventProperty]"
"Reliability Analysis calculated system stability of 9.714 for the one-day period starting at ?2014?-?05?-?13T00:00:00.000000000Z.","2005","0",,"4","0","0","-9223372036854771712","162","Microsoft-Windows-Reliability-Analysis-Engine","4ba32972-6fc5-488a-8368-5da620d05127","Microsoft-Windows-ReliabilityAnalysisComponent/Operational","2792","2468","rjaf-PC4429","S-1-5-19","5/12/2014 11:31:08 PM",,,"c:\users\mac_1\desktop\winevt\logs\microsoft-windows-reliabilityanalysiscomponent%4operational.evtx","System.UInt32[]","System.Diagnostics.Eventing.Reader.EventBookmark","Information","Info",,"System.Collections.ObjectModel.ReadOnlyCollection`1[System.String]","System.Collections.Generic.List`1[System.Diagnostics.Eventing.Reader.EventProperty]"
"Reliability Analysis calculated system stability of 9.556 for the one-day period starting at ?2014?-?05?-?12T00:00:00.000000000Z.","2005","0",,"4","0","0","-9223372036854771712","161","Microsoft-Windows-Reliability-Analysis-Engine","4ba32972-6fc5-488a-8368-5da620d05127","Microsoft-Windows-ReliabilityAnalysisComponent/Operational","2952","376","rjaf-PC4429","S-1-5-19","5/11/2014 11:40:21 PM",,,"c:\users\mac_1\desktop\winevt\logs\microsoft-windows-reliabilityanalysiscomponent%4operational.evtx","System.UInt32[]","System.Diagnostics.Eventing.Reader.EventBookmark","Information","Info",,"System.Collections.ObjectModel.ReadOnlyCollection`1[System.String]","System.Collections.Generic.List`1[System.Diagnostics.Eventing.Reader.EventProperty]"
"Reliability Analysis calculated system stability of 9.38 for the one-day period starting at ?2014?-?05?-?11T00:00:00.000000000Z.","2005","0",,"4","0","0","-9223372036854771712","160","Microsoft-Windows-Reliability-Analysis-Engine","4ba32972-6fc5-488a-8368-5da620d05127","Microsoft-Windows-ReliabilityAnalysisComponent/Operational","3844","3600","rjaf-PC4429","S-1-5-19","5/11/2014 4:40:26 AM",,,"c:\users\mac_1\desktop\winevt\logs\microsoft-windows-reliabilityanalysiscomponent%4operational.evtx","System.UInt32[]","System.Diagnostics.Eventing.Reader.EventBookmark","Information","Info",,"System.Collections.ObjectModel.ReadOnlyCollection`1[System.String]","System.Collections.Generic.List`1[System.Diagnostics.Eventing.Reader.EventProperty]"
"Reliability Analysis calculated system stability of 9.184 for the one-day period starting at ?2014?-?05?-?10T00:00:00.000000000Z.","2005","0",,"4","0","0","-9223372036854771712","159","Microsoft-Windows-Reliability-Analysis-Engine","4ba32972-6fc5-488a-8368-5da620d05127","Microsoft-Windows-ReliabilityAnalysisComponent/Operational","2188","1552","rjaf-PC4429","S-1-5-19","5/9/2014 11:48:49 PM",,,"c:\users\mac_1\desktop\winevt\logs\microsoft-windows-reliabilityanalysiscomponent%4operational.evtx","System.UInt32[]","System.Diagnostics.Eventing.Reader.EventBookmark","Information","Info",,"System.Collections.ObjectModel.ReadOnlyCollection`1[System.String]","System.Collections.Generic.List`1[System.Diagnostics.Eventing.Reader.EventProperty]"
"Reliability Analysis calculated system stability of 8.966 for the one-day period starting at ?2014?-?05?-?09T00:00:00.000000000Z.","2005","0",,"4","0","0","-9223372036854771712","158","Microsoft-Windows-Reliability-Analysis-Engine","4ba32972-6fc5-488a-8368-5da620d05127","Microsoft-Windows-ReliabilityAnalysisComponent/Operational","2904","3556","rjaf-PC4429","S-1-5-19","5/9/2014 10:49:19 AM",,,"c:\users\mac_1\desktop\winevt\logs\microsoft-windows-reliabilityanalysiscomponent%4operational.evtx","System.UInt32[]","System.Diagnostics.Eventing.Reader.EventBookmark","Information","Info",,"System.Collections.ObjectModel.ReadOnlyCollection`1[System.String]","System.Collections.Generic.List`1[System.Diagnostics.Eventing.Reader.EventProperty]"
"Reliability Analysis calculated system stability of 8.724 for the one-day period starting at ?2014?-?05?-?08T00:00:00.000000000Z.","2005","0",,"4","0","0","-9223372036854771712","157","Microsoft-Windows-Reliability-Analysis-Engine","4ba32972-6fc5-488a-8368-5da620d05127","Microsoft-Windows-ReliabilityAnalysisComponent/Operational","3484","3128","rjaf-PC4429","S-1-5-19","5/7/2014 9:52:35 PM",,,"c:\users\mac_1\desktop\winevt\logs\microsoft-windows-reliabilityanalysiscomponent%4operational.evtx","System.UInt32[]","System.Diagnostics.Eventing.Reader.EventBookmark","Information","Info",,"System.Collections.ObjectModel.ReadOnlyCollection`1[System.String]","System.Collections.Generic.List`1[System.Diagnostics.Eventing.Reader.EventProperty]"
"Reliability Analysis calculated system stability of 8.454 for the one-day period starting at ?2014?-?05?-?07T00:00:00.000000000Z.","2005","0",,"4","0","0","-9223372036854771712","156","Microsoft-Windows-Reliability-Analysis-Engine","4ba32972-6fc5-488a-8368-5da620d05127","Microsoft-Windows-ReliabilityAnalysisComponent/Operational","2200","3488","rjaf-PC4429","S-1-5-19","5/7/2014 2:24:46 AM",,,"c:\users\mac_1\desktop\winevt\logs\microsoft-windows-reliabilityanalysiscomponent%4operational.evtx","System.UInt32[]","System.Diagnostics.Eventing.Reader.EventBookmark","Information","Info",,"System.Collections.ObjectModel.ReadOnlyCollection`1[System.String]","System.Collections.Generic.List`1[System.Diagnostics.Eventing.Reader.EventProperty]"
"Reliability Analysis calculated system stability of 8.154 for the one-day period starting at ?2014?-?05?-?06T00:00:00.000000000Z.","2005","0",,"4","0","0","-9223372036854771712","155","Microsoft-Windows-Reliability-Analysis-Engine","4ba32972-6fc5-488a-8368-5da620d05127","Microsoft-Windows-ReliabilityAnalysisComponent/Operational","2904","1088","rjaf-PC4429","S-1-5-19","5/6/2014 12:41:03 AM",,,"c:\users\mac_1\desktop\winevt\logs\microsoft-windows-reliabilityanalysiscomponent%4operational.evtx","System.UInt32[]","System.Diagnostics.Eventing.Reader.EventBookmark","Information","Info",,"System.Collections.ObjectModel.ReadOnlyCollection`1[System.String]","System.Collections.Generic.List`1[System.Diagnostics.Eventing.Reader.EventProperty]"
"Reliability Analysis calculated system stability of 9.446 for the one-day period starting at ?2014?-?05?-?05T00:00:00.000000000Z.","2005","0",,"4","0","0","-9223372036854771712","154","Microsoft-Windows-Reliability-Analysis-Engine","4ba32972-6fc5-488a-8368-5da620d05127","Microsoft-Windows-ReliabilityAnalysisComponent/Operational","2980","3944","rjaf-PC4429","S-1-5-19","5/4/2014 11:52:05 PM",,,"c:\users\mac_1\desktop\winevt\logs\microsoft-windows-reliabilityanalysiscomponent%4operational.evtx","System.UInt32[]","System.Diagnostics.Eventing.Reader.EventBookmark","Information","Info",,"System.Collections.ObjectModel.ReadOnlyCollection`1[System.String]","System.Collections.Generic.List`1[System.Diagnostics.Eventing.Reader.EventProperty]"
"Reliability Analysis calculated system stability of 9.257 for the one-day period starting at ?2014?-?05?-?04T00:00:00.000000000Z.","2005","0",,"4","0","0","-9223372036854771712","153","Microsoft-Windows-Reliability-Analysis-Engine","4ba32972-6fc5-488a-8368-5da620d05127","Microsoft-Windows-ReliabilityAnalysisComponent/Operational","1756","2400","rjaf-PC4429","S-1-5-19","5/4/2014 12:23:23 AM",,,"c:\users\mac_1\desktop\winevt\logs\microsoft-windows-reliabilityanalysiscomponent%4operational.evtx","System.UInt32[]","System.Diagnostics.Eventing.Reader.EventBookmark","Information","Info",,"System.Collections.ObjectModel.ReadOnlyCollection`1[System.String]","System.Collections.Generic.List`1[System.Diagnostics.Eventing.Reader.EventProperty]"
"Reliability Analysis calculated system stability of 9.249 for the one-day period starting at ?2014?-?05?-?03T00:00:00.000000000Z.","2005","0",,"4","0","0","-9223372036854771712","152","Microsoft-Windows-Reliability-Analysis-Engine","4ba32972-6fc5-488a-8368-5da620d05127","Microsoft-Windows-ReliabilityAnalysisComponent/Operational","1756","2400","rjaf-PC4429","S-1-5-19","5/4/2014 12:23:22 AM",,,"c:\users\mac_1\desktop\winevt\logs\microsoft-windows-reliabilityanalysiscomponent%4operational.evtx","System.UInt32[]","System.Diagnostics.Eventing.Reader.EventBookmark","Information","Info",,"System.Collections.ObjectModel.ReadOnlyCollection`1[System.String]","System.Collections.Generic.List`1[System.Diagnostics.Eventing.Reader.EventProperty]"
