"Device is resuming operation from idle state (Idle state: 4; Return code: 0x0).","1003","0",,"4","32","0","-9223372036854775808","29","Microsoft-Windows-WPD-MTPClassDriver","21b7c16e-c5af-4a69-a74a-7245481c1b97","Microsoft-Windows-WPD-MTPClassDriver/Operational","3500","748","rjaf-PC4429","S-1-5-19","1/6/2014 9:46:30 PM",,,"c:\users\mac_1\desktop\winevt\logs\microsoft-windows-wpd-mtpclassdriver%4operational.evtx","System.UInt32[]","System.Diagnostics.Eventing.Reader.EventBookmark","Information","Info","Driver Operation","System.Collections.ObjectModel.ReadOnlyCollection`1[System.String]","System.Collections.Generic.List`1[System.Diagnostics.Eventing.Reader.EventProperty]"
"MTP Driver started successfully.","1000","0",,"4","16","0","-9223372036854775808","28","Microsoft-Windows-WPD-MTPClassDriver","21b7c16e-c5af-4a69-a74a-7245481c1b97","Microsoft-Windows-WPD-MTPClassDriver/Operational","3500","748","rjaf-PC4429","S-1-5-19","1/6/2014 9:46:30 PM",,,"c:\users\mac_1\desktop\winevt\logs\microsoft-windows-wpd-mtpclassdriver%4operational.evtx","System.UInt32[]","System.Diagnostics.Eventing.Reader.EventBookmark","Information","Info","Driver Initialization","System.Collections.ObjectModel.ReadOnlyCollection`1[System.String]","System.Collections.Generic.List`1[System.Diagnostics.Eventing.Reader.EventProperty]"
"Device will enter the suspend state if idle for 30 seconds.","1001","0",,"4","16","0","-9223372036854775808","27","Microsoft-Windows-WPD-MTPClassDriver","21b7c16e-c5af-4a69-a74a-7245481c1b97","Microsoft-Windows-WPD-MTPClassDriver/Operational","3500","748","rjaf-PC4429","S-1-5-19","1/6/2014 9:46:30 PM",,,"c:\users\mac_1\desktop\winevt\logs\microsoft-windows-wpd-mtpclassdriver%4operational.evtx","System.UInt32[]","System.Diagnostics.Eventing.Reader.EventBookmark","Information","Info","Driver Initialization","System.Collections.ObjectModel.ReadOnlyCollection`1[System.String]","System.Collections.Generic.List`1[System.Diagnostics.Eventing.Reader.EventProperty]"
"Device is entering the idle state (Idle state: 4; Return code: 0x0).","1002","0",,"4","32","0","-9223372036854775808","26","Microsoft-Windows-WPD-MTPClassDriver","21b7c16e-c5af-4a69-a74a-7245481c1b97","Microsoft-Windows-WPD-MTPClassDriver/Operational","2740","292","rjaf-PC4429","S-1-5-19","1/6/2014 9:46:24 PM",,,"c:\users\mac_1\desktop\winevt\logs\microsoft-windows-wpd-mtpclassdriver%4operational.evtx","System.UInt32[]","System.Diagnostics.Eventing.Reader.EventBookmark","Information","Info","Driver Operation","System.Collections.ObjectModel.ReadOnlyCollection`1[System.String]","System.Collections.Generic.List`1[System.Diagnostics.Eventing.Reader.EventProperty]"
"Device is resuming operation from idle state (Idle state: 4; Return code: 0x0).","1003","0",,"4","32","0","-9223372036854775808","25","Microsoft-Windows-WPD-MTPClassDriver","21b7c16e-c5af-4a69-a74a-7245481c1b97","Microsoft-Windows-WPD-MTPClassDriver/Operational","2740","292","rjaf-PC4429","S-1-5-19","1/6/2014 9:46:08 PM",,,"c:\users\mac_1\desktop\winevt\logs\microsoft-windows-wpd-mtpclassdriver%4operational.evtx","System.UInt32[]","System.Diagnostics.Eventing.Reader.EventBookmark","Information","Info","Driver Operation","System.Collections.ObjectModel.ReadOnlyCollection`1[System.String]","System.Collections.Generic.List`1[System.Diagnostics.Eventing.Reader.EventProperty]"
"MTP Driver started successfully.","1000","0",,"4","16","0","-9223372036854775808","24","Microsoft-Windows-WPD-MTPClassDriver","21b7c16e-c5af-4a69-a74a-7245481c1b97","Microsoft-Windows-WPD-MTPClassDriver/Operational","2740","292","rjaf-PC4429","S-1-5-19","1/6/2014 9:46:08 PM",,,"c:\users\mac_1\desktop\winevt\logs\microsoft-windows-wpd-mtpclassdriver%4operational.evtx","System.UInt32[]","System.Diagnostics.Eventing.Reader.EventBookmark","Information","Info","Driver Initialization","System.Collections.ObjectModel.ReadOnlyCollection`1[System.String]","System.Collections.Generic.List`1[System.Diagnostics.Eventing.Reader.EventProperty]"
"Device will enter the suspend state if idle for 30 seconds.","1001","0",,"4","16","0","-9223372036854775808","23","Microsoft-Windows-WPD-MTPClassDriver","21b7c16e-c5af-4a69-a74a-7245481c1b97","Microsoft-Windows-WPD-MTPClassDriver/Operational","2740","292","rjaf-PC4429","S-1-5-19","1/6/2014 9:46:08 PM",,,"c:\users\mac_1\desktop\winevt\logs\microsoft-windows-wpd-mtpclassdriver%4operational.evtx","System.UInt32[]","System.Diagnostics.Eventing.Reader.EventBookmark","Information","Info","Driver Initialization","System.Collections.ObjectModel.ReadOnlyCollection`1[System.String]","System.Collections.Generic.List`1[System.Diagnostics.Eventing.Reader.EventProperty]"
"Device is entering the idle state (Idle state: 4; Return code: 0x0).","1002","0",,"4","32","0","-9223372036854775808","22","Microsoft-Windows-WPD-MTPClassDriver","21b7c16e-c5af-4a69-a74a-7245481c1b97","Microsoft-Windows-WPD-MTPClassDriver/Operational","3496","3556","rjaf-PC4429","S-1-5-19","1/6/2014 9:46:03 PM",,,"c:\users\mac_1\desktop\winevt\logs\microsoft-windows-wpd-mtpclassdriver%4operational.evtx","System.UInt32[]","System.Diagnostics.Eventing.Reader.EventBookmark","Information","Info","Driver Operation","System.Collections.ObjectModel.ReadOnlyCollection`1[System.String]","System.Collections.Generic.List`1[System.Diagnostics.Eventing.Reader.EventProperty]"
"Device is resuming operation from idle state (Idle state: 4; Return code: 0x0).","1003","0",,"4","32","0","-9223372036854775808","21","Microsoft-Windows-WPD-MTPClassDriver","21b7c16e-c5af-4a69-a74a-7245481c1b97","Microsoft-Windows-WPD-MTPClassDriver/Operational","3496","3556","rjaf-PC4429","S-1-5-19","1/6/2014 9:45:59 PM",,,"c:\users\mac_1\desktop\winevt\logs\microsoft-windows-wpd-mtpclassdriver%4operational.evtx","System.UInt32[]","System.Diagnostics.Eventing.Reader.EventBookmark","Information","Info","Driver Operation","System.Collections.ObjectModel.ReadOnlyCollection`1[System.String]","System.Collections.Generic.List`1[System.Diagnostics.Eventing.Reader.EventProperty]"
"MTP Driver started successfully.","1000","0",,"4","16","0","-9223372036854775808","20","Microsoft-Windows-WPD-MTPClassDriver","21b7c16e-c5af-4a69-a74a-7245481c1b97","Microsoft-Windows-WPD-MTPClassDriver/Operational","3496","3556","rjaf-PC4429","S-1-5-19","1/6/2014 9:45:59 PM",,,"c:\users\mac_1\desktop\winevt\logs\microsoft-windows-wpd-mtpclassdriver%4operational.evtx","System.UInt32[]","System.Diagnostics.Eventing.Reader.EventBookmark","Information","Info","Driver Initialization","System.Collections.ObjectModel.ReadOnlyCollection`1[System.String]","System.Collections.Generic.List`1[System.Diagnostics.Eventing.Reader.EventProperty]"
"Device will enter the suspend state if idle for 30 seconds.","1001","0",,"4","16","0","-9223372036854775808","19","Microsoft-Windows-WPD-MTPClassDriver","21b7c16e-c5af-4a69-a74a-7245481c1b97","Microsoft-Windows-WPD-MTPClassDriver/Operational","3496","3556","rjaf-PC4429","S-1-5-19","1/6/2014 9:45:58 PM",,,"c:\users\mac_1\desktop\winevt\logs\microsoft-windows-wpd-mtpclassdriver%4operational.evtx","System.UInt32[]","System.Diagnostics.Eventing.Reader.EventBookmark","Information","Info","Driver Initialization","System.Collections.ObjectModel.ReadOnlyCollection`1[System.String]","System.Collections.Generic.List`1[System.Diagnostics.Eventing.Reader.EventProperty]"
"Device is entering the idle state (Idle state: 4; Return code: 0x0).","1002","0",,"4","32","0","-9223372036854775808","18","Microsoft-Windows-WPD-MTPClassDriver","21b7c16e-c5af-4a69-a74a-7245481c1b97","Microsoft-Windows-WPD-MTPClassDriver/Operational","3184","2884","rjaf-PC4429","S-1-5-19","1/6/2014 12:05:21 PM",,,"c:\users\mac_1\desktop\winevt\logs\microsoft-windows-wpd-mtpclassdriver%4operational.evtx","System.UInt32[]","System.Diagnostics.Eventing.Reader.EventBookmark","Information","Info","Driver Operation","System.Collections.ObjectModel.ReadOnlyCollection`1[System.String]","System.Collections.Generic.List`1[System.Diagnostics.Eventing.Reader.EventProperty]"
"Device is resuming operation from idle state (Idle state: 4; Return code: 0x0).","1003","0",,"4","32","0","-9223372036854775808","17","Microsoft-Windows-WPD-MTPClassDriver","21b7c16e-c5af-4a69-a74a-7245481c1b97","Microsoft-Windows-WPD-MTPClassDriver/Operational","3184","2884","rjaf-PC4429","S-1-5-19","1/6/2014 12:04:08 PM",,,"c:\users\mac_1\desktop\winevt\logs\microsoft-windows-wpd-mtpclassdriver%4operational.evtx","System.UInt32[]","System.Diagnostics.Eventing.Reader.EventBookmark","Information","Info","Driver Operation","System.Collections.ObjectModel.ReadOnlyCollection`1[System.String]","System.Collections.Generic.List`1[System.Diagnostics.Eventing.Reader.EventProperty]"
"MTP Driver started successfully.","1000","0",,"4","16","0","-9223372036854775808","16","Microsoft-Windows-WPD-MTPClassDriver","21b7c16e-c5af-4a69-a74a-7245481c1b97","Microsoft-Windows-WPD-MTPClassDriver/Operational","3184","2884","rjaf-PC4429","S-1-5-19","1/6/2014 12:04:08 PM",,,"c:\users\mac_1\desktop\winevt\logs\microsoft-windows-wpd-mtpclassdriver%4operational.evtx","System.UInt32[]","System.Diagnostics.Eventing.Reader.EventBookmark","Information","Info","Driver Initialization","System.Collections.ObjectModel.ReadOnlyCollection`1[System.String]","System.Collections.Generic.List`1[System.Diagnostics.Eventing.Reader.EventProperty]"
"Device will enter the suspend state if idle for 30 seconds.","1001","0",,"4","16","0","-9223372036854775808","15","Microsoft-Windows-WPD-MTPClassDriver","21b7c16e-c5af-4a69-a74a-7245481c1b97","Microsoft-Windows-WPD-MTPClassDriver/Operational","3184","2884","rjaf-PC4429","S-1-5-19","1/6/2014 12:04:06 PM",,,"c:\users\mac_1\desktop\winevt\logs\microsoft-windows-wpd-mtpclassdriver%4operational.evtx","System.UInt32[]","System.Diagnostics.Eventing.Reader.EventBookmark","Information","Info","Driver Initialization","System.Collections.ObjectModel.ReadOnlyCollection`1[System.String]","System.Collections.Generic.List`1[System.Diagnostics.Eventing.Reader.EventProperty]"
"Device is entering the idle state (Idle state: 4; Return code: 0x0).","1002","0",,"4","32","0","-9223372036854775808","14","Microsoft-Windows-WPD-MTPClassDriver","21b7c16e-c5af-4a69-a74a-7245481c1b97","Microsoft-Windows-WPD-MTPClassDriver/Operational","1048","2100","rjaf-PC4429","S-1-5-19","1/6/2014 11:43:23 AM",,,"c:\users\mac_1\desktop\winevt\logs\microsoft-windows-wpd-mtpclassdriver%4operational.evtx","System.UInt32[]","System.Diagnostics.Eventing.Reader.EventBookmark","Information","Info","Driver Operation","System.Collections.ObjectModel.ReadOnlyCollection`1[System.String]","System.Collections.Generic.List`1[System.Diagnostics.Eventing.Reader.EventProperty]"
"Device is resuming operation from idle state (Idle state: 4; Return code: 0x0).","1003","0",,"4","32","0","-9223372036854775808","13","Microsoft-Windows-WPD-MTPClassDriver","21b7c16e-c5af-4a69-a74a-7245481c1b97","Microsoft-Windows-WPD-MTPClassDriver/Operational","1048","2100","rjaf-PC4429","S-1-5-19","1/6/2014 11:41:59 AM",,,"c:\users\mac_1\desktop\winevt\logs\microsoft-windows-wpd-mtpclassdriver%4operational.evtx","System.UInt32[]","System.Diagnostics.Eventing.Reader.EventBookmark","Information","Info","Driver Operation","System.Collections.ObjectModel.ReadOnlyCollection`1[System.String]","System.Collections.Generic.List`1[System.Diagnostics.Eventing.Reader.EventProperty]"
"MTP Driver started successfully.","1000","0",,"4","16","0","-9223372036854775808","12","Microsoft-Windows-WPD-MTPClassDriver","21b7c16e-c5af-4a69-a74a-7245481c1b97","Microsoft-Windows-WPD-MTPClassDriver/Operational","1048","2100","rjaf-PC4429","S-1-5-19","1/6/2014 11:41:59 AM",,,"c:\users\mac_1\desktop\winevt\logs\microsoft-windows-wpd-mtpclassdriver%4operational.evtx","System.UInt32[]","System.Diagnostics.Eventing.Reader.EventBookmark","Information","Info","Driver Initialization","System.Collections.ObjectModel.ReadOnlyCollection`1[System.String]","System.Collections.Generic.List`1[System.Diagnostics.Eventing.Reader.EventProperty]"
"Device will enter the suspend state if idle for 30 seconds.","1001","0",,"4","16","0","-9223372036854775808","11","Microsoft-Windows-WPD-MTPClassDriver","21b7c16e-c5af-4a69-a74a-7245481c1b97","Microsoft-Windows-WPD-MTPClassDriver/Operational","1048","2100","rjaf-PC4429","S-1-5-19","1/6/2014 11:41:59 AM",,,"c:\users\mac_1\desktop\winevt\logs\microsoft-windows-wpd-mtpclassdriver%4operational.evtx","System.UInt32[]","System.Diagnostics.Eventing.Reader.EventBookmark","Information","Info","Driver Initialization","System.Collections.ObjectModel.ReadOnlyCollection`1[System.String]","System.Collections.Generic.List`1[System.Diagnostics.Eventing.Reader.EventProperty]"
"Device is entering the idle state (Idle state: 4; Return code: 0x0).","1002","0",,"4","32","0","-9223372036854775808","10","Microsoft-Windows-WPD-MTPClassDriver","21b7c16e-c5af-4a69-a74a-7245481c1b97","Microsoft-Windows-WPD-MTPClassDriver/Operational","3572","3596","rjaf-PC4429","S-1-5-19","12/18/2013 3:22:16 PM",,,"c:\users\mac_1\desktop\winevt\logs\microsoft-windows-wpd-mtpclassdriver%4operational.evtx","System.UInt32[]","System.Diagnostics.Eventing.Reader.EventBookmark","Information","Info","Driver Operation","System.Collections.ObjectModel.ReadOnlyCollection`1[System.String]","System.Collections.Generic.List`1[System.Diagnostics.Eventing.Reader.EventProperty]"
"Device is resuming operation from idle state (Idle state: 4; Return code: 0x0).","1003","0",,"4","32","0","-9223372036854775808","9","Microsoft-Windows-WPD-MTPClassDriver","21b7c16e-c5af-4a69-a74a-7245481c1b97","Microsoft-Windows-WPD-MTPClassDriver/Operational","3572","3596","rjaf-PC4429","S-1-5-19","12/18/2013 3:18:15 PM",,,"c:\users\mac_1\desktop\winevt\logs\microsoft-windows-wpd-mtpclassdriver%4operational.evtx","System.UInt32[]","System.Diagnostics.Eventing.Reader.EventBookmark","Information","Info","Driver Operation","System.Collections.ObjectModel.ReadOnlyCollection`1[System.String]","System.Collections.Generic.List`1[System.Diagnostics.Eventing.Reader.EventProperty]"
"MTP Driver started successfully.","1000","0",,"4","16","0","-9223372036854775808","8","Microsoft-Windows-WPD-MTPClassDriver","21b7c16e-c5af-4a69-a74a-7245481c1b97","Microsoft-Windows-WPD-MTPClassDriver/Operational","3572","3596","rjaf-PC4429","S-1-5-19","12/18/2013 3:18:15 PM",,,"c:\users\mac_1\desktop\winevt\logs\microsoft-windows-wpd-mtpclassdriver%4operational.evtx","System.UInt32[]","System.Diagnostics.Eventing.Reader.EventBookmark","Information","Info","Driver Initialization","System.Collections.ObjectModel.ReadOnlyCollection`1[System.String]","System.Collections.Generic.List`1[System.Diagnostics.Eventing.Reader.EventProperty]"
"Device will enter the suspend state if idle for 30 seconds.","1001","0",,"4","16","0","-9223372036854775808","7","Microsoft-Windows-WPD-MTPClassDriver","21b7c16e-c5af-4a69-a74a-7245481c1b97","Microsoft-Windows-WPD-MTPClassDriver/Operational","3572","3596","rjaf-PC4429","S-1-5-19","12/18/2013 3:18:10 PM",,,"c:\users\mac_1\desktop\winevt\logs\microsoft-windows-wpd-mtpclassdriver%4operational.evtx","System.UInt32[]","System.Diagnostics.Eventing.Reader.EventBookmark","Information","Info","Driver Initialization","System.Collections.ObjectModel.ReadOnlyCollection`1[System.String]","System.Collections.Generic.List`1[System.Diagnostics.Eventing.Reader.EventProperty]"
"Device is entering the idle state (Idle state: 4; Return code: 0x0).","1002","0",,"4","32","0","-9223372036854775808","6","Microsoft-Windows-WPD-MTPClassDriver","21b7c16e-c5af-4a69-a74a-7245481c1b97","Microsoft-Windows-WPD-MTPClassDriver/Operational","1868","1044","rjaf-PC4429","S-1-5-19","12/18/2013 3:18:08 PM",,,"c:\users\mac_1\desktop\winevt\logs\microsoft-windows-wpd-mtpclassdriver%4operational.evtx","System.UInt32[]","System.Diagnostics.Eventing.Reader.EventBookmark","Information","Info","Driver Operation","System.Collections.ObjectModel.ReadOnlyCollection`1[System.String]","System.Collections.Generic.List`1[System.Diagnostics.Eventing.Reader.EventProperty]"
"Device is resuming operation from idle state (Idle state: 4; Return code: 0x0).","1003","0",,"4","32","0","-9223372036854775808","5","Microsoft-Windows-WPD-MTPClassDriver","21b7c16e-c5af-4a69-a74a-7245481c1b97","Microsoft-Windows-WPD-MTPClassDriver/Operational","1868","1044","rjaf-PC4429","S-1-5-19","12/18/2013 3:06:21 PM",,,"c:\users\mac_1\desktop\winevt\logs\microsoft-windows-wpd-mtpclassdriver%4operational.evtx","System.UInt32[]","System.Diagnostics.Eventing.Reader.EventBookmark","Information","Info","Driver Operation","System.Collections.ObjectModel.ReadOnlyCollection`1[System.String]","System.Collections.Generic.List`1[System.Diagnostics.Eventing.Reader.EventProperty]"
"MTP Driver started successfully.","1000","0",,"4","16","0","-9223372036854775808","4","Microsoft-Windows-WPD-MTPClassDriver","21b7c16e-c5af-4a69-a74a-7245481c1b97","Microsoft-Windows-WPD-MTPClassDriver/Operational","1868","1044","rjaf-PC4429","S-1-5-19","12/18/2013 3:06:21 PM",,,"c:\users\mac_1\desktop\winevt\logs\microsoft-windows-wpd-mtpclassdriver%4operational.evtx","System.UInt32[]","System.Diagnostics.Eventing.Reader.EventBookmark","Information","Info","Driver Initialization","System.Collections.ObjectModel.ReadOnlyCollection`1[System.String]","System.Collections.Generic.List`1[System.Diagnostics.Eventing.Reader.EventProperty]"
"Device will enter the suspend state if idle for 30 seconds.","1001","0",,"4","16","0","-9223372036854775808","3","Microsoft-Windows-WPD-MTPClassDriver","21b7c16e-c5af-4a69-a74a-7245481c1b97","Microsoft-Windows-WPD-MTPClassDriver/Operational","1868","1044","rjaf-PC4429","S-1-5-19","12/18/2013 3:06:18 PM",,,"c:\users\mac_1\desktop\winevt\logs\microsoft-windows-wpd-mtpclassdriver%4operational.evtx","System.UInt32[]","System.Diagnostics.Eventing.Reader.EventBookmark","Information","Info","Driver Initialization","System.Collections.ObjectModel.ReadOnlyCollection`1[System.String]","System.Collections.Generic.List`1[System.Diagnostics.Eventing.Reader.EventProperty]"
"Driver has failed to start, HRESULT 0x8007001F.","1006","0",,"1","16","0","-9223372036854775808","2","Microsoft-Windows-WPD-MTPClassDriver","21b7c16e-c5af-4a69-a74a-7245481c1b97","Microsoft-Windows-WPD-MTPClassDriver/Operational","1068","1248","rjaf-PC4429","S-1-5-19","12/18/2013 3:06:16 PM",,,"c:\users\mac_1\desktop\winevt\logs\microsoft-windows-wpd-mtpclassdriver%4operational.evtx","System.UInt32[]","System.Diagnostics.Eventing.Reader.EventBookmark","Critical","Info","Driver Initialization","System.Collections.ObjectModel.ReadOnlyCollection`1[System.String]","System.Collections.Generic.List`1[System.Diagnostics.Eventing.Reader.EventProperty]"
"Device will enter the suspend state if idle for 30 seconds.","1001","0",,"4","16","0","-9223372036854775808","1","Microsoft-Windows-WPD-MTPClassDriver","21b7c16e-c5af-4a69-a74a-7245481c1b97","Microsoft-Windows-WPD-MTPClassDriver/Operational","1068","1248","rjaf-PC4429","S-1-5-19","12/18/2013 3:06:14 PM",,,"c:\users\mac_1\desktop\winevt\logs\microsoft-windows-wpd-mtpclassdriver%4operational.evtx","System.UInt32[]","System.Diagnostics.Eventing.Reader.EventBookmark","Information","Info","Driver Initialization","System.Collections.ObjectModel.ReadOnlyCollection`1[System.String]","System.Collections.Generic.List`1[System.Diagnostics.Eventing.Reader.EventProperty]"
