"Windows has resumed from standby: 
     Standby Duration		:	12578ms
     Standby Incident Time (UTC)	:	?2015?-?03?-?10T15:29:08.475169300Z
     Resume  Duration		:	1204ms
     Resume  Incident Time (UTC)	:	?2015?-?03?-?10T20:43:24.119848600Z
     IsDegradation			:	false","300","1",,"3","4003","36","-9223372036854710272","2214","Microsoft-Windows-Diagnostics-Performance","cfc18ec0-96b1-4eba-961b-622caee05b0a","Microsoft-Windows-Diagnostics-Performance/Operational","1348","13100","rjaf-PC4429","S-1-5-19","3/10/2015 1:43:33 PM","85f03c9c-989b-0003-ab7f-4271275bd001",,"c:\users\mac_1\desktop\winevt\logs\microsoft-windows-diagnostics-performance%4operational.evtx","System.UInt32[]","System.Diagnostics.Eventing.Reader.EventBookmark","Warning","Standby Information","Standby Performance Monitoring","System.Collections.ObjectModel.ReadOnlyCollection`1[System.String]","System.Collections.Generic.List`1[System.Diagnostics.Eventing.Reader.EventProperty]"
"This driver caused a delay during standby while servicing a device:
     Driver File Name		:	\Driver\Disk
     Driver Friendly Name		:	PnP Disk Driver
     Driver Version			:	6.1.7600.16385 (win7_rtm.090713-1255)
     Driver Total Time		:	44ms
     Driver Degradation Time	:	17ms
     Incident Time (UTC)		:	?2015?-?03?-?10T14:27:53.666391500Z
     Device Name			:	SCSI\Disk&Ven_WDC&Prod_WD5000AAKX-22ERM\4&68979c&0&000000
     Device Friendly Name		:	Disk drive
     Device Total Time		:	44ms
     Device Degradation Time	:	0ms","302","1",,"3","4003","35","-9223372036854710272","2213","Microsoft-Windows-Diagnostics-Performance","cfc18ec0-96b1-4eba-961b-622caee05b0a","Microsoft-Windows-Diagnostics-Performance/Operational","1348","6456","rjaf-PC4429","S-1-5-19","3/10/2015 7:48:09 AM","85f03364-989b-0002-aa7f-4271275bd001",,"c:\users\mac_1\desktop\winevt\logs\microsoft-windows-diagnostics-performance%4operational.evtx","System.UInt32[]","System.Diagnostics.Eventing.Reader.EventBookmark","Warning","Standby Degradation","Standby Performance Monitoring","System.Collections.ObjectModel.ReadOnlyCollection`1[System.String]","System.Collections.Generic.List`1[System.Diagnostics.Eventing.Reader.EventProperty]"
"Windows has resumed from standby: 
     Standby Duration		:	6865ms
     Standby Incident Time (UTC)	:	?2015?-?03?-?10T14:27:53.666391500Z
     Resume  Duration		:	1205ms
     Resume  Incident Time (UTC)	:	?2015?-?03?-?10T14:48:02.020921200Z
     IsDegradation			:	false","300","1",,"3","4003","36","-9223372036854710272","2212","Microsoft-Windows-Diagnostics-Performance","cfc18ec0-96b1-4eba-961b-622caee05b0a","Microsoft-Windows-Diagnostics-Performance/Operational","1348","6456","rjaf-PC4429","S-1-5-19","3/10/2015 7:48:09 AM","85f03364-989b-0002-aa7f-4271275bd001",,"c:\users\mac_1\desktop\winevt\logs\microsoft-windows-diagnostics-performance%4operational.evtx","System.UInt32[]","System.Diagnostics.Eventing.Reader.EventBookmark","Warning","Standby Information","Standby Performance Monitoring","System.Collections.ObjectModel.ReadOnlyCollection`1[System.String]","System.Collections.Generic.List`1[System.Diagnostics.Eventing.Reader.EventProperty]"
"This driver caused a delay during standby while servicing a device:
     Driver File Name		:	\Driver\usbhub
     Driver Friendly Name		:	Default Hub Driver for USB
     Driver Version			:	6.1.7600.16385 (win7_rtm.090713-1255)
     Driver Total Time		:	140ms
     Driver Degradation Time	:	38ms
     Incident Time (UTC)		:	?2015?-?03?-?10T12:32:08.969339600Z
     Device Name			:	USB\VID_8087&PID_0024\5&63440b9&0&1
     Device Friendly Name		:	Generic USB Hub
     Device Total Time		:	140ms
     Device Degradation Time	:	38ms","302","1",,"3","4003","35","-9223372036854710272","2211","Microsoft-Windows-Diagnostics-Performance","cfc18ec0-96b1-4eba-961b-622caee05b0a","Microsoft-Windows-Diagnostics-Performance/Operational","1348","4712","rjaf-PC4429","S-1-5-19","3/10/2015 5:42:21 AM","00000000-1b28-0000-a57f-4271275bd001",,"c:\users\mac_1\desktop\winevt\logs\microsoft-windows-diagnostics-performance%4operational.evtx","System.UInt32[]","System.Diagnostics.Eventing.Reader.EventBookmark","Warning","Standby Degradation","Standby Performance Monitoring","System.Collections.ObjectModel.ReadOnlyCollection`1[System.String]","System.Collections.Generic.List`1[System.Diagnostics.Eventing.Reader.EventProperty]"
"Windows has resumed from standby: 
     Standby Duration		:	10254ms
     Standby Incident Time (UTC)	:	?2015?-?03?-?10T12:32:08.969339600Z
     Resume  Duration		:	1175ms
     Resume  Incident Time (UTC)	:	?2015?-?03?-?10T12:42:13.338424200Z
     IsDegradation			:	false","300","1",,"3","4003","36","-9223372036854710272","2210","Microsoft-Windows-Diagnostics-Performance","cfc18ec0-96b1-4eba-961b-622caee05b0a","Microsoft-Windows-Diagnostics-Performance/Operational","1348","4712","rjaf-PC4429","S-1-5-19","3/10/2015 5:42:21 AM","00000000-1b28-0000-a57f-4271275bd001",,"c:\users\mac_1\desktop\winevt\logs\microsoft-windows-diagnostics-performance%4operational.evtx","System.UInt32[]","System.Diagnostics.Eventing.Reader.EventBookmark","Warning","Standby Information","Standby Performance Monitoring","System.Collections.ObjectModel.ReadOnlyCollection`1[System.String]","System.Collections.Generic.List`1[System.Diagnostics.Eventing.Reader.EventProperty]"
"Windows has started up: 
     Boot Duration		:	35994ms
     IsDegradation		:	false
     Incident Time (UTC)	:	?2015?-?03?-?10T11:43:35.578000100Z","100","2",,"3","4002","34","-9223372036854710272","2209","Microsoft-Windows-Diagnostics-Performance","cfc18ec0-96b1-4eba-961b-622caee05b0a","Microsoft-Windows-Diagnostics-Performance/Operational","1348","1612","rjaf-PC4429","S-1-5-19","3/10/2015 4:45:29 AM","85f03364-989b-0002-a47f-4271275bd001",,"c:\users\mac_1\desktop\winevt\logs\microsoft-windows-diagnostics-performance%4operational.evtx","System.UInt32[]","System.Diagnostics.Eventing.Reader.EventBookmark","Warning","Boot Information","Boot Performance Monitoring","System.Collections.ObjectModel.ReadOnlyCollection`1[System.String]","System.Collections.Generic.List`1[System.Diagnostics.Eventing.Reader.EventProperty]"
"This driver caused a delay during standby while servicing a device:
     Driver File Name		:	\Driver\HidUsb
     Driver Friendly Name		:	USB Miniport Driver for Input Devices
     Driver Version			:	6.1.7600.16385 (win7_rtm.090713-1255)
     Driver Total Time		:	30ms
     Driver Degradation Time	:	11ms
     Incident Time (UTC)		:	?2015?-?03?-?10T01:02:49.366563200Z
     Device Name			:	USB\VID_04F3&PID_0103&MI_01\7&f9ecafe&0&0001
     Device Friendly Name		:	USB Input Device
     Device Total Time		:	30ms
     Device Degradation Time	:	0ms","302","1",,"3","4003","35","-9223372036854710272","2208","Microsoft-Windows-Diagnostics-Performance","cfc18ec0-96b1-4eba-961b-622caee05b0a","Microsoft-Windows-Diagnostics-Performance/Operational","1364","4688","rjaf-PC4429","S-1-5-19","3/9/2015 11:51:28 PM","85f03c9c-a89b-0003-a676-5cf3495ad001",,"c:\users\mac_1\desktop\winevt\logs\microsoft-windows-diagnostics-performance%4operational.evtx","System.UInt32[]","System.Diagnostics.Eventing.Reader.EventBookmark","Warning","Standby Degradation","Standby Performance Monitoring","System.Collections.ObjectModel.ReadOnlyCollection`1[System.String]","System.Collections.Generic.List`1[System.Diagnostics.Eventing.Reader.EventProperty]"
"This driver caused a delay during standby while servicing a device:
     Driver File Name		:	\Driver\HdAudAddService
     Driver Friendly Name		:	High Definition Audio Function Driver
     Driver Version			:	6.1.7600.16385 (win7_rtm.090713-1255)
     Driver Total Time		:	31ms
     Driver Degradation Time	:	8ms
     Incident Time (UTC)		:	?2015?-?03?-?10T01:02:49.366563200Z
     Device Name			:	HDAUDIO\FUNC_01&VEN_10EC&DEV_0662&SUBSYS_8086204E&REV_1001\4&21abbdd3&0&0001
     Device Friendly Name		:	High Definition Audio Device
     Device Total Time		:	31ms
     Device Degradation Time	:	0ms","302","1",,"3","4003","35","-9223372036854710272","2207","Microsoft-Windows-Diagnostics-Performance","cfc18ec0-96b1-4eba-961b-622caee05b0a","Microsoft-Windows-Diagnostics-Performance/Operational","1364","4688","rjaf-PC4429","S-1-5-19","3/9/2015 11:51:28 PM","85f03c9c-a89b-0003-a676-5cf3495ad001",,"c:\users\mac_1\desktop\winevt\logs\microsoft-windows-diagnostics-performance%4operational.evtx","System.UInt32[]","System.Diagnostics.Eventing.Reader.EventBookmark","Warning","Standby Degradation","Standby Performance Monitoring","System.Collections.ObjectModel.ReadOnlyCollection`1[System.String]","System.Collections.Generic.List`1[System.Diagnostics.Eventing.Reader.EventProperty]"
"Windows has resumed from standby: 
     Standby Duration		:	7042ms
     Standby Incident Time (UTC)	:	?2015?-?03?-?10T01:02:49.366563200Z
     Resume  Duration		:	1219ms
     Resume  Incident Time (UTC)	:	?2015?-?03?-?10T06:51:15.243846400Z
     IsDegradation			:	false","300","1",,"3","4003","36","-9223372036854710272","2206","Microsoft-Windows-Diagnostics-Performance","cfc18ec0-96b1-4eba-961b-622caee05b0a","Microsoft-Windows-Diagnostics-Performance/Operational","1364","4688","rjaf-PC4429","S-1-5-19","3/9/2015 11:51:28 PM","85f03c9c-a89b-0003-a676-5cf3495ad001",,"c:\users\mac_1\desktop\winevt\logs\microsoft-windows-diagnostics-performance%4operational.evtx","System.UInt32[]","System.Diagnostics.Eventing.Reader.EventBookmark","Warning","Standby Information","Standby Performance Monitoring","System.Collections.ObjectModel.ReadOnlyCollection`1[System.String]","System.Collections.Generic.List`1[System.Diagnostics.Eventing.Reader.EventProperty]"
"Windows has resumed from standby: 
     Standby Duration		:	5896ms
     Standby Incident Time (UTC)	:	?2015?-?03?-?09T20:34:35.752482700Z
     Resume  Duration		:	1275ms
     Resume  Incident Time (UTC)	:	?2015?-?03?-?10T01:00:08.068563000Z
     IsDegradation			:	false","300","1",,"3","4003","36","-9223372036854710272","2205","Microsoft-Windows-Diagnostics-Performance","cfc18ec0-96b1-4eba-961b-622caee05b0a","Microsoft-Windows-Diagnostics-Performance/Operational","1364","4924","rjaf-PC4429","S-1-5-19","3/9/2015 6:00:19 PM","85f03c9c-a89b-0003-a576-5cf3495ad001",,"c:\users\mac_1\desktop\winevt\logs\microsoft-windows-diagnostics-performance%4operational.evtx","System.UInt32[]","System.Diagnostics.Eventing.Reader.EventBookmark","Warning","Standby Information","Standby Performance Monitoring","System.Collections.ObjectModel.ReadOnlyCollection`1[System.String]","System.Collections.Generic.List`1[System.Diagnostics.Eventing.Reader.EventProperty]"
"This driver caused a delay during standby while servicing a device:
     Driver File Name		:	\Driver\HidUsb
     Driver Friendly Name		:	USB Miniport Driver for Input Devices
     Driver Version			:	6.1.7600.16385 (win7_rtm.090713-1255)
     Driver Total Time		:	29ms
     Driver Degradation Time	:	10ms
     Incident Time (UTC)		:	?2015?-?03?-?09T18:54:51.165513000Z
     Device Name			:	USB\VID_15D9&PID_0A4F\6&2bf858fa&0&1
     Device Friendly Name		:	USB Input Device
     Device Total Time		:	30ms
     Device Degradation Time	:	0ms","302","1",,"3","4003","35","-9223372036854710272","2204","Microsoft-Windows-Diagnostics-Performance","cfc18ec0-96b1-4eba-961b-622caee05b0a","Microsoft-Windows-Diagnostics-Performance/Operational","1364","2208","rjaf-PC4429","S-1-5-19","3/9/2015 1:04:34 PM","85f03364-a89b-0002-a676-5cf3495ad001",,"c:\users\mac_1\desktop\winevt\logs\microsoft-windows-diagnostics-performance%4operational.evtx","System.UInt32[]","System.Diagnostics.Eventing.Reader.EventBookmark","Warning","Standby Degradation","Standby Performance Monitoring","System.Collections.ObjectModel.ReadOnlyCollection`1[System.String]","System.Collections.Generic.List`1[System.Diagnostics.Eventing.Reader.EventProperty]"
"This driver caused a delay during standby while servicing a device:
     Driver File Name		:	\Driver\HidUsb
     Driver Friendly Name		:	USB Miniport Driver for Input Devices
     Driver Version			:	6.1.7600.16385 (win7_rtm.090713-1255)
     Driver Total Time		:	28ms
     Driver Degradation Time	:	10ms
     Incident Time (UTC)		:	?2015?-?03?-?09T18:54:51.165513000Z
     Device Name			:	USB\VID_04F3&PID_0103&MI_00\7&f9ecafe&0&0000
     Device Friendly Name		:	USB Input Device
     Device Total Time		:	28ms
     Device Degradation Time	:	0ms","302","1",,"3","4003","35","-9223372036854710272","2203","Microsoft-Windows-Diagnostics-Performance","cfc18ec0-96b1-4eba-961b-622caee05b0a","Microsoft-Windows-Diagnostics-Performance/Operational","1364","2208","rjaf-PC4429","S-1-5-19","3/9/2015 1:04:34 PM","85f03364-a89b-0002-a676-5cf3495ad001",,"c:\users\mac_1\desktop\winevt\logs\microsoft-windows-diagnostics-performance%4operational.evtx","System.UInt32[]","System.Diagnostics.Eventing.Reader.EventBookmark","Warning","Standby Degradation","Standby Performance Monitoring","System.Collections.ObjectModel.ReadOnlyCollection`1[System.String]","System.Collections.Generic.List`1[System.Diagnostics.Eventing.Reader.EventProperty]"
"Windows has resumed from standby: 
     Standby Duration		:	6471ms
     Standby Incident Time (UTC)	:	?2015?-?03?-?09T18:54:51.165513000Z
     Resume  Duration		:	1220ms
     Resume  Incident Time (UTC)	:	?2015?-?03?-?09T20:04:24.492792700Z
     IsDegradation			:	false","300","1",,"3","4003","36","-9223372036854710272","2202","Microsoft-Windows-Diagnostics-Performance","cfc18ec0-96b1-4eba-961b-622caee05b0a","Microsoft-Windows-Diagnostics-Performance/Operational","1364","2208","rjaf-PC4429","S-1-5-19","3/9/2015 1:04:34 PM","85f03364-a89b-0002-a676-5cf3495ad001",,"c:\users\mac_1\desktop\winevt\logs\microsoft-windows-diagnostics-performance%4operational.evtx","System.UInt32[]","System.Diagnostics.Eventing.Reader.EventBookmark","Warning","Standby Information","Standby Performance Monitoring","System.Collections.ObjectModel.ReadOnlyCollection`1[System.String]","System.Collections.Generic.List`1[System.Diagnostics.Eventing.Reader.EventProperty]"
"Windows has resumed from standby: 
     Standby Duration		:	7377ms
     Standby Incident Time (UTC)	:	?2015?-?03?-?09T16:55:46.828938700Z
     Resume  Duration		:	1192ms
     Resume  Incident Time (UTC)	:	?2015?-?03?-?09T18:20:12.908914900Z
     IsDegradation			:	false","300","1",,"3","4003","36","-9223372036854710272","2201","Microsoft-Windows-Diagnostics-Performance","cfc18ec0-96b1-4eba-961b-622caee05b0a","Microsoft-Windows-Diagnostics-Performance/Operational","1364","324","rjaf-PC4429","S-1-5-19","3/9/2015 11:20:23 AM","85f03c9c-a89b-0003-a476-5cf3495ad001",,"c:\users\mac_1\desktop\winevt\logs\microsoft-windows-diagnostics-performance%4operational.evtx","System.UInt32[]","System.Diagnostics.Eventing.Reader.EventBookmark","Warning","Standby Information","Standby Performance Monitoring","System.Collections.ObjectModel.ReadOnlyCollection`1[System.String]","System.Collections.Generic.List`1[System.Diagnostics.Eventing.Reader.EventProperty]"
"Windows has resumed from standby: 
     Standby Duration		:	8424ms
     Standby Incident Time (UTC)	:	?2015?-?03?-?09T09:52:53.758128400Z
     Resume  Duration		:	1208ms
     Resume  Incident Time (UTC)	:	?2015?-?03?-?09T16:26:58.393109300Z
     IsDegradation			:	false","300","1",,"3","4003","36","-9223372036854710272","2200","Microsoft-Windows-Diagnostics-Performance","cfc18ec0-96b1-4eba-961b-622caee05b0a","Microsoft-Windows-Diagnostics-Performance/Operational","1364","464","rjaf-PC4429","S-1-5-19","3/9/2015 9:27:07 AM","85f02a9c-a89b-0001-a276-5cf3495ad001",,"c:\users\mac_1\desktop\winevt\logs\microsoft-windows-diagnostics-performance%4operational.evtx","System.UInt32[]","System.Diagnostics.Eventing.Reader.EventBookmark","Warning","Standby Information","Standby Performance Monitoring","System.Collections.ObjectModel.ReadOnlyCollection`1[System.String]","System.Collections.Generic.List`1[System.Diagnostics.Eventing.Reader.EventProperty]"
"Windows has resumed from standby: 
     Standby Duration		:	7277ms
     Standby Incident Time (UTC)	:	?2015?-?03?-?08T18:58:18.079223200Z
     Resume  Duration		:	8497ms
     Resume  Incident Time (UTC)	:	?2015?-?03?-?08T21:02:43.954583800Z
     IsDegradation			:	false","300","1",,"3","4003","36","-9223372036854710272","2199","Microsoft-Windows-Diagnostics-Performance","cfc18ec0-96b1-4eba-961b-622caee05b0a","Microsoft-Windows-Diagnostics-Performance/Operational","1348","1232","rjaf-PC4429","S-1-5-19","3/8/2015 2:03:54 PM","85f03364-b89b-0002-2ef9-ecd97b59d001",,"c:\users\mac_1\desktop\winevt\logs\microsoft-windows-diagnostics-performance%4operational.evtx","System.UInt32[]","System.Diagnostics.Eventing.Reader.EventBookmark","Warning","Standby Information","Standby Performance Monitoring","System.Collections.ObjectModel.ReadOnlyCollection`1[System.String]","System.Collections.Generic.List`1[System.Diagnostics.Eventing.Reader.EventProperty]"
"Windows has resumed from standby: 
     Standby Duration		:	7179ms
     Standby Incident Time (UTC)	:	?2015?-?03?-?08T13:35:04.476954100Z
     Resume  Duration		:	1166ms
     Resume  Incident Time (UTC)	:	?2015?-?03?-?08T18:22:25.783826400Z
     IsDegradation			:	false","300","1",,"3","4003","36","-9223372036854710272","2198","Microsoft-Windows-Diagnostics-Performance","cfc18ec0-96b1-4eba-961b-622caee05b0a","Microsoft-Windows-Diagnostics-Performance/Operational","1348","3904","rjaf-PC4429","S-1-5-19","3/8/2015 11:22:40 AM","85f02a9c-b89b-0001-26f9-ecd97b59d001",,"c:\users\mac_1\desktop\winevt\logs\microsoft-windows-diagnostics-performance%4operational.evtx","System.UInt32[]","System.Diagnostics.Eventing.Reader.EventBookmark","Warning","Standby Information","Standby Performance Monitoring","System.Collections.ObjectModel.ReadOnlyCollection`1[System.String]","System.Collections.Generic.List`1[System.Diagnostics.Eventing.Reader.EventProperty]"
"This driver responded slower than expected to the resume request while servicing this device: 
     Driver File Name		:	\Driver\pci
     Driver Friendly Name		:	NT Plug and Play PCI Enumerator
     Driver Version			:	6.1.7600.16385 (win7_rtm.090713-1255)
     Driver Total Time		:	50ms
     Driver Degradation Time	:	28ms
     Incident Time (UTC)		:	?2015?-?03?-?08T13:04:46.182861000Z
     Device Name			:	PCI\VEN_8086&DEV_1C3A&SUBSYS_204E8086&REV_04\3&11583659&0&B0
     Device Friendly Name		:	Intel(R) Management Engine Interface 
     Device Total Time		:	50ms
     Device Degradation Time	:	28ms","351","1",,"3","4003","35","-9223372036854710272","2197","Microsoft-Windows-Diagnostics-Performance","cfc18ec0-96b1-4eba-961b-622caee05b0a","Microsoft-Windows-Diagnostics-Performance/Operational","1348","452","rjaf-PC4429","S-1-5-19","3/8/2015 6:04:59 AM","00000000-3b28-0000-27f9-ecd97b59d001",,"c:\users\mac_1\desktop\winevt\logs\microsoft-windows-diagnostics-performance%4operational.evtx","System.UInt32[]","System.Diagnostics.Eventing.Reader.EventBookmark","Warning","Standby Degradation","Standby Performance Monitoring","System.Collections.ObjectModel.ReadOnlyCollection`1[System.String]","System.Collections.Generic.List`1[System.Diagnostics.Eventing.Reader.EventProperty]"
"Windows has resumed from standby: 
     Standby Duration		:	8280ms
     Standby Incident Time (UTC)	:	?2015?-?03?-?08T12:44:49.616638700Z
     Resume  Duration		:	1183ms
     Resume  Incident Time (UTC)	:	?2015?-?03?-?08T13:04:46.182861000Z
     IsDegradation			:	false","300","1",,"3","4003","36","-9223372036854710272","2196","Microsoft-Windows-Diagnostics-Performance","cfc18ec0-96b1-4eba-961b-622caee05b0a","Microsoft-Windows-Diagnostics-Performance/Operational","1348","452","rjaf-PC4429","S-1-5-19","3/8/2015 6:04:59 AM","00000000-3b28-0000-27f9-ecd97b59d001",,"c:\users\mac_1\desktop\winevt\logs\microsoft-windows-diagnostics-performance%4operational.evtx","System.UInt32[]","System.Diagnostics.Eventing.Reader.EventBookmark","Warning","Standby Information","Standby Performance Monitoring","System.Collections.ObjectModel.ReadOnlyCollection`1[System.String]","System.Collections.Generic.List`1[System.Diagnostics.Eventing.Reader.EventProperty]"
"Windows has resumed from standby: 
     Standby Duration		:	6101ms
     Standby Incident Time (UTC)	:	?2015?-?03?-?08T11:07:04.965720900Z
     Resume  Duration		:	1209ms
     Resume  Incident Time (UTC)	:	?2015?-?03?-?08T12:12:51.308187500Z
     IsDegradation			:	false","300","1",,"3","4003","36","-9223372036854710272","2195","Microsoft-Windows-Diagnostics-Performance","cfc18ec0-96b1-4eba-961b-622caee05b0a","Microsoft-Windows-Diagnostics-Performance/Operational","1348","1704","rjaf-PC4429","S-1-5-19","3/8/2015 5:13:04 AM","85f03364-b89b-0002-2cf9-ecd97b59d001",,"c:\users\mac_1\desktop\winevt\logs\microsoft-windows-diagnostics-performance%4operational.evtx","System.UInt32[]","System.Diagnostics.Eventing.Reader.EventBookmark","Warning","Standby Information","Standby Performance Monitoring","System.Collections.ObjectModel.ReadOnlyCollection`1[System.String]","System.Collections.Generic.List`1[System.Diagnostics.Eventing.Reader.EventProperty]"
"This driver caused a delay during standby while servicing a device:
     Driver File Name		:	\Driver\usbhub
     Driver Friendly Name		:	Default Hub Driver for USB
     Driver Version			:	6.1.7600.16385 (win7_rtm.090713-1255)
     Driver Total Time		:	31ms
     Driver Degradation Time	:	13ms
     Incident Time (UTC)		:	?2015?-?03?-?08T10:03:35.182932900Z
     Device Name			:	USB\VID_8087&PID_0024\5&31a83182&0&1
     Device Friendly Name		:	Generic USB Hub
     Device Total Time		:	31ms
     Device Degradation Time	:	0ms","302","1",,"3","4003","35","-9223372036854710272","2194","Microsoft-Windows-Diagnostics-Performance","cfc18ec0-96b1-4eba-961b-622caee05b0a","Microsoft-Windows-Diagnostics-Performance/Operational","1348","2716","rjaf-PC4429","S-1-5-19","3/8/2015 3:37:10 AM","85f03364-b89b-0002-2bf9-ecd97b59d001",,"c:\users\mac_1\desktop\winevt\logs\microsoft-windows-diagnostics-performance%4operational.evtx","System.UInt32[]","System.Diagnostics.Eventing.Reader.EventBookmark","Warning","Standby Degradation","Standby Performance Monitoring","System.Collections.ObjectModel.ReadOnlyCollection`1[System.String]","System.Collections.Generic.List`1[System.Diagnostics.Eventing.Reader.EventProperty]"
"Windows has resumed from standby: 
     Standby Duration		:	8932ms
     Standby Incident Time (UTC)	:	?2015?-?03?-?08T10:03:35.182932900Z
     Resume  Duration		:	1223ms
     Resume  Incident Time (UTC)	:	?2015?-?03?-?08T10:36:57.663445400Z
     IsDegradation			:	false","300","1",,"3","4003","36","-9223372036854710272","2193","Microsoft-Windows-Diagnostics-Performance","cfc18ec0-96b1-4eba-961b-622caee05b0a","Microsoft-Windows-Diagnostics-Performance/Operational","1348","2716","rjaf-PC4429","S-1-5-19","3/8/2015 3:37:10 AM","85f03364-b89b-0002-2bf9-ecd97b59d001",,"c:\users\mac_1\desktop\winevt\logs\microsoft-windows-diagnostics-performance%4operational.evtx","System.UInt32[]","System.Diagnostics.Eventing.Reader.EventBookmark","Warning","Standby Information","Standby Performance Monitoring","System.Collections.ObjectModel.ReadOnlyCollection`1[System.String]","System.Collections.Generic.List`1[System.Diagnostics.Eventing.Reader.EventProperty]"
"Windows has started up: 
     Boot Duration		:	29373ms
     IsDegradation		:	false
     Incident Time (UTC)	:	?2015?-?03?-?08T08:42:46.578000100Z","100","2",,"3","4002","34","-9223372036854710272","2192","Microsoft-Windows-Diagnostics-Performance","cfc18ec0-96b1-4eba-961b-622caee05b0a","Microsoft-Windows-Diagnostics-Performance/Operational","1348","2000","rjaf-PC4429","S-1-5-19","3/8/2015 12:44:52 AM","85f03364-b89b-0002-26f9-ecd97b59d001",,"c:\users\mac_1\desktop\winevt\logs\microsoft-windows-diagnostics-performance%4operational.evtx","System.UInt32[]","System.Diagnostics.Eventing.Reader.EventBookmark","Warning","Boot Information","Boot Performance Monitoring","System.Collections.ObjectModel.ReadOnlyCollection`1[System.String]","System.Collections.Generic.List`1[System.Diagnostics.Eventing.Reader.EventProperty]"
"Windows has resumed from standby: 
     Standby Duration		:	12518ms
     Standby Incident Time (UTC)	:	?2015?-?03?-?07T19:33:30.629783200Z
     Resume  Duration		:	1162ms
     Resume  Incident Time (UTC)	:	?2015?-?03?-?07T20:21:00.142753100Z
     IsDegradation			:	false","300","1",,"3","4003","36","-9223372036854710272","2191","Microsoft-Windows-Diagnostics-Performance","cfc18ec0-96b1-4eba-961b-622caee05b0a","Microsoft-Windows-Diagnostics-Performance/Operational","1384","4832","rjaf-PC4429","S-1-5-19","3/7/2015 12:22:01 PM","85f03364-b89b-0002-de71-b0160b54d001",,"c:\users\mac_1\desktop\winevt\logs\microsoft-windows-diagnostics-performance%4operational.evtx","System.UInt32[]","System.Diagnostics.Eventing.Reader.EventBookmark","Warning","Standby Information","Standby Performance Monitoring","System.Collections.ObjectModel.ReadOnlyCollection`1[System.String]","System.Collections.Generic.List`1[System.Diagnostics.Eventing.Reader.EventProperty]"
"Windows has resumed from standby: 
     Standby Duration		:	7747ms
     Standby Incident Time (UTC)	:	?2015?-?03?-?07T11:22:18.344377500Z
     Resume  Duration		:	1209ms
     Resume  Incident Time (UTC)	:	?2015?-?03?-?07T18:51:30.496737200Z
     IsDegradation			:	false","300","1",,"3","4003","36","-9223372036854710272","2190","Microsoft-Windows-Diagnostics-Performance","cfc18ec0-96b1-4eba-961b-622caee05b0a","Microsoft-Windows-Diagnostics-Performance/Operational","1384","6364","rjaf-PC4429","S-1-5-19","3/7/2015 10:52:30 AM","85f03364-b89b-0002-dc71-b0160b54d001",,"c:\users\mac_1\desktop\winevt\logs\microsoft-windows-diagnostics-performance%4operational.evtx","System.UInt32[]","System.Diagnostics.Eventing.Reader.EventBookmark","Warning","Standby Information","Standby Performance Monitoring","System.Collections.ObjectModel.ReadOnlyCollection`1[System.String]","System.Collections.Generic.List`1[System.Diagnostics.Eventing.Reader.EventProperty]"
"Windows has resumed from standby: 
     Standby Duration		:	7834ms
     Standby Incident Time (UTC)	:	?2015?-?03?-?07T01:02:06.808946000Z
     Resume  Duration		:	7540ms
     Resume  Incident Time (UTC)	:	?2015?-?03?-?07T10:46:30.169244200Z
     IsDegradation			:	false","300","1",,"2","4003","36","-9223372036854710272","2189","Microsoft-Windows-Diagnostics-Performance","cfc18ec0-96b1-4eba-961b-622caee05b0a","Microsoft-Windows-Diagnostics-Performance/Operational","1384","5028","rjaf-PC4429","S-1-5-19","3/7/2015 2:47:28 AM","85f03364-b89b-0002-da71-b0160b54d001",,"c:\users\mac_1\desktop\winevt\logs\microsoft-windows-diagnostics-performance%4operational.evtx","System.UInt32[]","System.Diagnostics.Eventing.Reader.EventBookmark","Error","Standby Information","Standby Performance Monitoring","System.Collections.ObjectModel.ReadOnlyCollection`1[System.String]","System.Collections.Generic.List`1[System.Diagnostics.Eventing.Reader.EventProperty]"
"Windows has resumed from standby: 
     Standby Duration		:	7741ms
     Standby Incident Time (UTC)	:	?2015?-?03?-?06T20:37:23.328366600Z
     Resume  Duration		:	1191ms
     Resume  Incident Time (UTC)	:	?2015?-?03?-?07T00:59:25.577945600Z
     IsDegradation			:	false","300","1",,"3","4003","36","-9223372036854710272","2188","Microsoft-Windows-Diagnostics-Performance","cfc18ec0-96b1-4eba-961b-622caee05b0a","Microsoft-Windows-Diagnostics-Performance/Operational","1384","9760","rjaf-PC4429","S-1-5-19","3/6/2015 5:00:19 PM","85f03c9c-b89b-0003-ce71-b0160b54d001",,"c:\users\mac_1\desktop\winevt\logs\microsoft-windows-diagnostics-performance%4operational.evtx","System.UInt32[]","System.Diagnostics.Eventing.Reader.EventBookmark","Warning","Standby Information","Standby Performance Monitoring","System.Collections.ObjectModel.ReadOnlyCollection`1[System.String]","System.Collections.Generic.List`1[System.Diagnostics.Eventing.Reader.EventProperty]"
"Windows has resumed from standby: 
     Standby Duration		:	8805ms
     Standby Incident Time (UTC)	:	?2015?-?03?-?06T14:27:40.258797800Z
     Resume  Duration		:	1223ms
     Resume  Incident Time (UTC)	:	?2015?-?03?-?06T19:37:30.209540300Z
     IsDegradation			:	false","300","1",,"3","4003","36","-9223372036854710272","2187","Microsoft-Windows-Diagnostics-Performance","cfc18ec0-96b1-4eba-961b-622caee05b0a","Microsoft-Windows-Diagnostics-Performance/Operational","1384","9640","rjaf-PC4429","S-1-5-19","3/6/2015 11:38:23 AM","85f03c9c-b89b-0003-cc71-b0160b54d001",,"c:\users\mac_1\desktop\winevt\logs\microsoft-windows-diagnostics-performance%4operational.evtx","System.UInt32[]","System.Diagnostics.Eventing.Reader.EventBookmark","Warning","Standby Information","Standby Performance Monitoring","System.Collections.ObjectModel.ReadOnlyCollection`1[System.String]","System.Collections.Generic.List`1[System.Diagnostics.Eventing.Reader.EventProperty]"
"Windows has resumed from standby: 
     Standby Duration		:	7645ms
     Standby Incident Time (UTC)	:	?2015?-?03?-?06T01:02:14.613015200Z
     Resume  Duration		:	1189ms
     Resume  Incident Time (UTC)	:	?2015?-?03?-?06T13:13:03.145478300Z
     IsDegradation			:	false","300","1",,"3","4003","36","-9223372036854710272","2186","Microsoft-Windows-Diagnostics-Performance","cfc18ec0-96b1-4eba-961b-622caee05b0a","Microsoft-Windows-Diagnostics-Performance/Operational","1384","10380","rjaf-PC4429","S-1-5-19","3/6/2015 5:13:54 AM","85f02a9c-b89b-0001-d971-b0160b54d001",,"c:\users\mac_1\desktop\winevt\logs\microsoft-windows-diagnostics-performance%4operational.evtx","System.UInt32[]","System.Diagnostics.Eventing.Reader.EventBookmark","Warning","Standby Information","Standby Performance Monitoring","System.Collections.ObjectModel.ReadOnlyCollection`1[System.String]","System.Collections.Generic.List`1[System.Diagnostics.Eventing.Reader.EventProperty]"
"Windows has resumed from standby: 
     Standby Duration		:	8793ms
     Standby Incident Time (UTC)	:	?2015?-?03?-?05T09:40:49.939843900Z
     Resume  Duration		:	1161ms
     Resume  Incident Time (UTC)	:	?2015?-?03?-?06T00:59:33.384785800Z
     IsDegradation			:	false","300","1",,"3","4003","36","-9223372036854710272","2185","Microsoft-Windows-Diagnostics-Performance","cfc18ec0-96b1-4eba-961b-622caee05b0a","Microsoft-Windows-Diagnostics-Performance/Operational","1384","10944","rjaf-PC4429","S-1-5-19","3/5/2015 5:00:21 PM","85f02a9c-b89b-0001-d871-b0160b54d001",,"c:\users\mac_1\desktop\winevt\logs\microsoft-windows-diagnostics-performance%4operational.evtx","System.UInt32[]","System.Diagnostics.Eventing.Reader.EventBookmark","Warning","Standby Information","Standby Performance Monitoring","System.Collections.ObjectModel.ReadOnlyCollection`1[System.String]","System.Collections.Generic.List`1[System.Diagnostics.Eventing.Reader.EventProperty]"
"Windows has resumed from standby: 
     Standby Duration		:	7100ms
     Standby Incident Time (UTC)	:	?2015?-?03?-?05T08:29:35.196337800Z
     Resume  Duration		:	1199ms
     Resume  Incident Time (UTC)	:	?2015?-?03?-?05T08:54:50.800976800Z
     IsDegradation			:	false","300","1",,"3","4003","36","-9223372036854710272","2184","Microsoft-Windows-Diagnostics-Performance","cfc18ec0-96b1-4eba-961b-622caee05b0a","Microsoft-Windows-Diagnostics-Performance/Operational","1384","6988","rjaf-PC4429","S-1-5-19","3/5/2015 12:55:32 AM","85f03c9c-b89b-0003-c671-b0160b54d001",,"c:\users\mac_1\desktop\winevt\logs\microsoft-windows-diagnostics-performance%4operational.evtx","System.UInt32[]","System.Diagnostics.Eventing.Reader.EventBookmark","Warning","Standby Information","Standby Performance Monitoring","System.Collections.ObjectModel.ReadOnlyCollection`1[System.String]","System.Collections.Generic.List`1[System.Diagnostics.Eventing.Reader.EventProperty]"
"Windows has resumed from standby: 
     Standby Duration		:	6673ms
     Standby Incident Time (UTC)	:	?2015?-?03?-?05T01:02:22.497884000Z
     Resume  Duration		:	1203ms
     Resume  Incident Time (UTC)	:	?2015?-?03?-?05T07:14:15.087278100Z
     IsDegradation			:	false","300","1",,"3","4003","36","-9223372036854710272","2183","Microsoft-Windows-Diagnostics-Performance","cfc18ec0-96b1-4eba-961b-622caee05b0a","Microsoft-Windows-Diagnostics-Performance/Operational","1384","5996","rjaf-PC4429","S-1-5-19","3/4/2015 11:14:56 PM","85f03364-b89b-0002-d271-b0160b54d001",,"c:\users\mac_1\desktop\winevt\logs\microsoft-windows-diagnostics-performance%4operational.evtx","System.UInt32[]","System.Diagnostics.Eventing.Reader.EventBookmark","Warning","Standby Information","Standby Performance Monitoring","System.Collections.ObjectModel.ReadOnlyCollection`1[System.String]","System.Collections.Generic.List`1[System.Diagnostics.Eventing.Reader.EventProperty]"
"This driver caused a delay during standby while servicing a device:
     Driver File Name		:	\Driver\usbehci
     Driver Friendly Name		:	EHCI eUSB Miniport Driver
     Driver Version			:	6.1.7600.16788 (win7_gdr.110324-1506)
     Driver Total Time		:	91ms
     Driver Degradation Time	:	37ms
     Incident Time (UTC)		:	?2015?-?03?-?04T22:10:53.486162300Z
     Device Name			:	USB\ROOT_HUB20\4&f96d45&0
     Device Friendly Name		:	USB Root Hub
     Device Total Time		:	92ms
     Device Degradation Time	:	37ms","302","1",,"3","4003","35","-9223372036854710272","2182","Microsoft-Windows-Diagnostics-Performance","cfc18ec0-96b1-4eba-961b-622caee05b0a","Microsoft-Windows-Diagnostics-Performance/Operational","1384","7636","rjaf-PC4429","S-1-5-19","3/4/2015 5:00:19 PM","85f02a9c-b89b-0001-d471-b0160b54d001",,"c:\users\mac_1\desktop\winevt\logs\microsoft-windows-diagnostics-performance%4operational.evtx","System.UInt32[]","System.Diagnostics.Eventing.Reader.EventBookmark","Warning","Standby Degradation","Standby Performance Monitoring","System.Collections.ObjectModel.ReadOnlyCollection`1[System.String]","System.Collections.Generic.List`1[System.Diagnostics.Eventing.Reader.EventProperty]"
"Windows has resumed from standby: 
     Standby Duration		:	8024ms
     Standby Incident Time (UTC)	:	?2015?-?03?-?04T22:10:53.486162300Z
     Resume  Duration		:	1238ms
     Resume  Incident Time (UTC)	:	?2015?-?03?-?05T00:59:41.252330700Z
     IsDegradation			:	false","300","1",,"3","4003","36","-9223372036854710272","2181","Microsoft-Windows-Diagnostics-Performance","cfc18ec0-96b1-4eba-961b-622caee05b0a","Microsoft-Windows-Diagnostics-Performance/Operational","1384","7636","rjaf-PC4429","S-1-5-19","3/4/2015 5:00:19 PM","85f02a9c-b89b-0001-d471-b0160b54d001",,"c:\users\mac_1\desktop\winevt\logs\microsoft-windows-diagnostics-performance%4operational.evtx","System.UInt32[]","System.Diagnostics.Eventing.Reader.EventBookmark","Warning","Standby Information","Standby Performance Monitoring","System.Collections.ObjectModel.ReadOnlyCollection`1[System.String]","System.Collections.Generic.List`1[System.Diagnostics.Eventing.Reader.EventProperty]"
"Windows has resumed from standby: 
     Standby Duration		:	8724ms
     Standby Incident Time (UTC)	:	?2015?-?03?-?04T19:45:08.925672100Z
     Resume  Duration		:	1170ms
     Resume  Incident Time (UTC)	:	?2015?-?03?-?04T20:38:02.394697100Z
     IsDegradation			:	false","300","1",,"3","4003","36","-9223372036854710272","2180","Microsoft-Windows-Diagnostics-Performance","cfc18ec0-96b1-4eba-961b-622caee05b0a","Microsoft-Windows-Diagnostics-Performance/Operational","1384","7464","rjaf-PC4429","S-1-5-19","3/4/2015 12:38:40 PM","85f02a9c-b89b-0001-d071-b0160b54d001",,"c:\users\mac_1\desktop\winevt\logs\microsoft-windows-diagnostics-performance%4operational.evtx","System.UInt32[]","System.Diagnostics.Eventing.Reader.EventBookmark","Warning","Standby Information","Standby Performance Monitoring","System.Collections.ObjectModel.ReadOnlyCollection`1[System.String]","System.Collections.Generic.List`1[System.Diagnostics.Eventing.Reader.EventProperty]"
"Windows has resumed from standby: 
     Standby Duration		:	7290ms
     Standby Incident Time (UTC)	:	?2015?-?03?-?04T17:56:24.369403000Z
     Resume  Duration		:	1235ms
     Resume  Incident Time (UTC)	:	?2015?-?03?-?04T18:49:15.807040400Z
     IsDegradation			:	false","300","1",,"3","4003","36","-9223372036854710272","2179","Microsoft-Windows-Diagnostics-Performance","cfc18ec0-96b1-4eba-961b-622caee05b0a","Microsoft-Windows-Diagnostics-Performance/Operational","1384","6168","rjaf-PC4429","S-1-5-19","3/4/2015 10:49:52 AM","85f03c9c-b89b-0003-c171-b0160b54d001",,"c:\users\mac_1\desktop\winevt\logs\microsoft-windows-diagnostics-performance%4operational.evtx","System.UInt32[]","System.Diagnostics.Eventing.Reader.EventBookmark","Warning","Standby Information","Standby Performance Monitoring","System.Collections.ObjectModel.ReadOnlyCollection`1[System.String]","System.Collections.Generic.List`1[System.Diagnostics.Eventing.Reader.EventProperty]"
"Windows has resumed from standby: 
     Standby Duration		:	6865ms
     Standby Incident Time (UTC)	:	?2015?-?03?-?04T13:45:55.415432400Z
     Resume  Duration		:	1224ms
     Resume  Incident Time (UTC)	:	?2015?-?03?-?04T16:12:04.306777400Z
     IsDegradation			:	false","300","1",,"3","4003","36","-9223372036854710272","2178","Microsoft-Windows-Diagnostics-Performance","cfc18ec0-96b1-4eba-961b-622caee05b0a","Microsoft-Windows-Diagnostics-Performance/Operational","1384","1396","rjaf-PC4429","S-1-5-19","3/4/2015 8:12:40 AM","85f02a9c-b89b-0001-c871-b0160b54d001",,"c:\users\mac_1\desktop\winevt\logs\microsoft-windows-diagnostics-performance%4operational.evtx","System.UInt32[]","System.Diagnostics.Eventing.Reader.EventBookmark","Warning","Standby Information","Standby Performance Monitoring","System.Collections.ObjectModel.ReadOnlyCollection`1[System.String]","System.Collections.Generic.List`1[System.Diagnostics.Eventing.Reader.EventProperty]"
"This driver caused a delay during standby while servicing a device:
     Driver File Name		:	\Driver\usbhub
     Driver Friendly Name		:	Default Hub Driver for USB
     Driver Version			:	6.1.7600.16385 (win7_rtm.090713-1255)
     Driver Total Time		:	141ms
     Driver Degradation Time	:	43ms
     Incident Time (UTC)		:	?2015?-?03?-?04T12:39:10.553340600Z
     Device Name			:	USB\VID_8087&PID_0024\5&63440b9&0&1
     Device Friendly Name		:	Generic USB Hub
     Device Total Time		:	141ms
     Device Degradation Time	:	43ms","302","1",,"3","4003","35","-9223372036854710272","2177","Microsoft-Windows-Diagnostics-Performance","cfc18ec0-96b1-4eba-961b-622caee05b0a","Microsoft-Windows-Diagnostics-Performance/Operational","1384","2240","rjaf-PC4429","S-1-5-19","3/4/2015 4:51:29 AM","85f03c9c-b89b-0003-be71-b0160b54d001",,"c:\users\mac_1\desktop\winevt\logs\microsoft-windows-diagnostics-performance%4operational.evtx","System.UInt32[]","System.Diagnostics.Eventing.Reader.EventBookmark","Warning","Standby Degradation","Standby Performance Monitoring","System.Collections.ObjectModel.ReadOnlyCollection`1[System.String]","System.Collections.Generic.List`1[System.Diagnostics.Eventing.Reader.EventProperty]"
"Windows has resumed from standby: 
     Standby Duration		:	6913ms
     Standby Incident Time (UTC)	:	?2015?-?03?-?04T12:39:10.553340600Z
     Resume  Duration		:	1193ms
     Resume  Incident Time (UTC)	:	?2015?-?03?-?04T12:50:54.265734500Z
     IsDegradation			:	false","300","1",,"3","4003","36","-9223372036854710272","2176","Microsoft-Windows-Diagnostics-Performance","cfc18ec0-96b1-4eba-961b-622caee05b0a","Microsoft-Windows-Diagnostics-Performance/Operational","1384","2240","rjaf-PC4429","S-1-5-19","3/4/2015 4:51:29 AM","85f03c9c-b89b-0003-be71-b0160b54d001",,"c:\users\mac_1\desktop\winevt\logs\microsoft-windows-diagnostics-performance%4operational.evtx","System.UInt32[]","System.Diagnostics.Eventing.Reader.EventBookmark","Warning","Standby Information","Standby Performance Monitoring","System.Collections.ObjectModel.ReadOnlyCollection`1[System.String]","System.Collections.Generic.List`1[System.Diagnostics.Eventing.Reader.EventProperty]"
"Windows has resumed from standby: 
     Standby Duration		:	10146ms
     Standby Incident Time (UTC)	:	?2015?-?03?-?04T11:02:10.872511400Z
     Resume  Duration		:	1171ms
     Resume  Incident Time (UTC)	:	?2015?-?03?-?04T11:34:56.444949400Z
     IsDegradation			:	false","300","1",,"3","4003","36","-9223372036854710272","2175","Microsoft-Windows-Diagnostics-Performance","cfc18ec0-96b1-4eba-961b-622caee05b0a","Microsoft-Windows-Diagnostics-Performance/Operational","1384","6256","rjaf-PC4429","S-1-5-19","3/4/2015 3:35:33 AM","85f03364-b89b-0002-c571-b0160b54d001",,"c:\users\mac_1\desktop\winevt\logs\microsoft-windows-diagnostics-performance%4operational.evtx","System.UInt32[]","System.Diagnostics.Eventing.Reader.EventBookmark","Warning","Standby Information","Standby Performance Monitoring","System.Collections.ObjectModel.ReadOnlyCollection`1[System.String]","System.Collections.Generic.List`1[System.Diagnostics.Eventing.Reader.EventProperty]"
"Windows has resumed from standby: 
     Standby Duration		:	7764ms
     Standby Incident Time (UTC)	:	?2015?-?03?-?04T01:02:14.174477700Z
     Resume  Duration		:	1241ms
     Resume  Incident Time (UTC)	:	?2015?-?03?-?04T10:12:49.726906000Z
     IsDegradation			:	false","300","1",,"3","4003","36","-9223372036854710272","2174","Microsoft-Windows-Diagnostics-Performance","cfc18ec0-96b1-4eba-961b-622caee05b0a","Microsoft-Windows-Diagnostics-Performance/Operational","1384","3456","rjaf-PC4429","S-1-5-19","3/4/2015 2:13:25 AM","85f03c9c-b89b-0003-bb71-b0160b54d001",,"c:\users\mac_1\desktop\winevt\logs\microsoft-windows-diagnostics-performance%4operational.evtx","System.UInt32[]","System.Diagnostics.Eventing.Reader.EventBookmark","Warning","Standby Information","Standby Performance Monitoring","System.Collections.ObjectModel.ReadOnlyCollection`1[System.String]","System.Collections.Generic.List`1[System.Diagnostics.Eventing.Reader.EventProperty]"
"Preparing Winlogon for sleep was slower than expected: 
     Name		:	SuspendWinlogon
     Total Time		:	384ms
     Degradation Time	:	293ms
     Incident Time (UTC)	:	?2015?-?03?-?03T23:05:44.843213700Z","307","1",,"3","4003","35","-9223372036854710272","2173","Microsoft-Windows-Diagnostics-Performance","cfc18ec0-96b1-4eba-961b-622caee05b0a","Microsoft-Windows-Diagnostics-Performance/Operational","1384","3668","rjaf-PC4429","S-1-5-19","3/3/2015 5:00:19 PM","85f03364-b89b-0002-c471-b0160b54d001",,"c:\users\mac_1\desktop\winevt\logs\microsoft-windows-diagnostics-performance%4operational.evtx","System.UInt32[]","System.Diagnostics.Eventing.Reader.EventBookmark","Warning","Standby Degradation","Standby Performance Monitoring","System.Collections.ObjectModel.ReadOnlyCollection`1[System.String]","System.Collections.Generic.List`1[System.Diagnostics.Eventing.Reader.EventProperty]"
"This driver caused a delay during standby while servicing a device:
     Driver File Name		:	\Driver\usbhub
     Driver Friendly Name		:	Default Hub Driver for USB
     Driver Version			:	6.1.7600.16385 (win7_rtm.090713-1255)
     Driver Total Time		:	30ms
     Driver Degradation Time	:	13ms
     Incident Time (UTC)		:	?2015?-?03?-?03T23:05:44.843213700Z
     Device Name			:	USB\VID_8087&PID_0024\5&31a83182&0&1
     Device Friendly Name		:	Generic USB Hub
     Device Total Time		:	30ms
     Device Degradation Time	:	0ms","302","1",,"3","4003","35","-9223372036854710272","2172","Microsoft-Windows-Diagnostics-Performance","cfc18ec0-96b1-4eba-961b-622caee05b0a","Microsoft-Windows-Diagnostics-Performance/Operational","1384","3668","rjaf-PC4429","S-1-5-19","3/3/2015 5:00:19 PM","85f03364-b89b-0002-c471-b0160b54d001",,"c:\users\mac_1\desktop\winevt\logs\microsoft-windows-diagnostics-performance%4operational.evtx","System.UInt32[]","System.Diagnostics.Eventing.Reader.EventBookmark","Warning","Standby Degradation","Standby Performance Monitoring","System.Collections.ObjectModel.ReadOnlyCollection`1[System.String]","System.Collections.Generic.List`1[System.Diagnostics.Eventing.Reader.EventProperty]"
"This driver caused a delay during standby while servicing a device:
     Driver File Name		:	\Driver\usbehci
     Driver Friendly Name		:	EHCI eUSB Miniport Driver
     Driver Version			:	6.1.7600.16788 (win7_gdr.110324-1506)
     Driver Total Time		:	311ms
     Driver Degradation Time	:	146ms
     Incident Time (UTC)		:	?2015?-?03?-?03T23:05:44.843213700Z
     Device Name			:	USB\ROOT_HUB20\4&605ea8b&0
     Device Friendly Name		:	USB Root Hub
     Device Total Time		:	311ms
     Device Degradation Time	:	146ms","302","1",,"3","4003","35","-9223372036854710272","2171","Microsoft-Windows-Diagnostics-Performance","cfc18ec0-96b1-4eba-961b-622caee05b0a","Microsoft-Windows-Diagnostics-Performance/Operational","1384","3668","rjaf-PC4429","S-1-5-19","3/3/2015 5:00:19 PM","85f03364-b89b-0002-c471-b0160b54d001",,"c:\users\mac_1\desktop\winevt\logs\microsoft-windows-diagnostics-performance%4operational.evtx","System.UInt32[]","System.Diagnostics.Eventing.Reader.EventBookmark","Warning","Standby Degradation","Standby Performance Monitoring","System.Collections.ObjectModel.ReadOnlyCollection`1[System.String]","System.Collections.Generic.List`1[System.Diagnostics.Eventing.Reader.EventProperty]"
"Windows has resumed from standby: 
     Standby Duration		:	7785ms
     Standby Incident Time (UTC)	:	?2015?-?03?-?03T23:05:44.843213700Z
     Resume  Duration		:	1208ms
     Resume  Incident Time (UTC)	:	?2015?-?03?-?04T00:59:47.937878100Z
     IsDegradation			:	false","300","1",,"3","4003","36","-9223372036854710272","2170","Microsoft-Windows-Diagnostics-Performance","cfc18ec0-96b1-4eba-961b-622caee05b0a","Microsoft-Windows-Diagnostics-Performance/Operational","1384","3668","rjaf-PC4429","S-1-5-19","3/3/2015 5:00:19 PM","85f03364-b89b-0002-c471-b0160b54d001",,"c:\users\mac_1\desktop\winevt\logs\microsoft-windows-diagnostics-performance%4operational.evtx","System.UInt32[]","System.Diagnostics.Eventing.Reader.EventBookmark","Warning","Standby Information","Standby Performance Monitoring","System.Collections.ObjectModel.ReadOnlyCollection`1[System.String]","System.Collections.Generic.List`1[System.Diagnostics.Eventing.Reader.EventProperty]"
"Windows has resumed from standby: 
     Standby Duration		:	7338ms
     Standby Incident Time (UTC)	:	?2015?-?03?-?03T20:27:45.657030000Z
     Resume  Duration		:	1206ms
     Resume  Incident Time (UTC)	:	?2015?-?03?-?03T22:31:00.662508000Z
     IsDegradation			:	false","300","1",,"3","4003","36","-9223372036854710272","2169","Microsoft-Windows-Diagnostics-Performance","cfc18ec0-96b1-4eba-961b-622caee05b0a","Microsoft-Windows-Diagnostics-Performance/Operational","1384","11988","rjaf-PC4429","S-1-5-19","3/3/2015 2:31:31 PM","85f03c9c-b89b-0003-ba71-b0160b54d001",,"c:\users\mac_1\desktop\winevt\logs\microsoft-windows-diagnostics-performance%4operational.evtx","System.UInt32[]","System.Diagnostics.Eventing.Reader.EventBookmark","Warning","Standby Information","Standby Performance Monitoring","System.Collections.ObjectModel.ReadOnlyCollection`1[System.String]","System.Collections.Generic.List`1[System.Diagnostics.Eventing.Reader.EventProperty]"
"Windows has resumed from standby: 
     Standby Duration		:	8065ms
     Standby Incident Time (UTC)	:	?2015?-?03?-?03T18:40:45.943084900Z
     Resume  Duration		:	1178ms
     Resume  Incident Time (UTC)	:	?2015?-?03?-?03T19:22:47.491553000Z
     IsDegradation			:	false","300","1",,"3","4003","36","-9223372036854710272","2168","Microsoft-Windows-Diagnostics-Performance","cfc18ec0-96b1-4eba-961b-622caee05b0a","Microsoft-Windows-Diagnostics-Performance/Operational","1384","6468","rjaf-PC4429","S-1-5-19","3/3/2015 11:23:18 AM","85f03364-b89b-0002-c171-b0160b54d001",,"c:\users\mac_1\desktop\winevt\logs\microsoft-windows-diagnostics-performance%4operational.evtx","System.UInt32[]","System.Diagnostics.Eventing.Reader.EventBookmark","Warning","Standby Information","Standby Performance Monitoring","System.Collections.ObjectModel.ReadOnlyCollection`1[System.String]","System.Collections.Generic.List`1[System.Diagnostics.Eventing.Reader.EventProperty]"
"Windows has resumed from standby: 
     Standby Duration		:	6117ms
     Standby Incident Time (UTC)	:	?2015?-?03?-?03T15:02:47.126933100Z
     Resume  Duration		:	1205ms
     Resume  Incident Time (UTC)	:	?2015?-?03?-?03T18:09:02.796574900Z
     IsDegradation			:	false","300","1",,"3","4003","36","-9223372036854710272","2167","Microsoft-Windows-Diagnostics-Performance","cfc18ec0-96b1-4eba-961b-622caee05b0a","Microsoft-Windows-Diagnostics-Performance/Operational","1384","9872","rjaf-PC4429","S-1-5-19","3/3/2015 10:09:33 AM","85f03364-b89b-0002-c071-b0160b54d001",,"c:\users\mac_1\desktop\winevt\logs\microsoft-windows-diagnostics-performance%4operational.evtx","System.UInt32[]","System.Diagnostics.Eventing.Reader.EventBookmark","Warning","Standby Information","Standby Performance Monitoring","System.Collections.ObjectModel.ReadOnlyCollection`1[System.String]","System.Collections.Generic.List`1[System.Diagnostics.Eventing.Reader.EventProperty]"
