#TYPE System.Diagnostics.Eventing.Reader.EventLogRecord
"Message","Id","Version","Qualifiers","Level","Task","Opcode","Keywords","RecordId","ProviderName","ProviderId","LogName","ProcessId","ThreadId","MachineName","UserId","TimeCreated","ActivityId","RelatedActivityId","ContainerLog","MatchedQueryIds","Bookmark","LevelDisplayName","OpcodeDisplayName","TaskDisplayName","KeywordsDisplayNames","Properties"
"LPRemove terminating.","4001","0",,"4","35","2","4611686018427387904","542","Microsoft-Windows-LanguagePackSetup","7237fff9-a08a-4804-9c79-4a8704b70b87","Microsoft-Windows-LanguagePackSetup/Operational","3840","3968","rjaf-PC4429","S-1-5-18","9/10/2015 6:26:49 AM",,,"c:\users\mac_1\desktop\winevt\logs\microsoft-windows-languagepacksetup%4operational.evtx","System.UInt32[]","System.Diagnostics.Eventing.Reader.EventBookmark","Information","Stop","Language Pack cleanup functionality","System.Collections.ObjectModel.ReadOnlyCollection`1[System.String]","System.Collections.Generic.List`1[System.Diagnostics.Eventing.Reader.EventProperty]"
"LPRemove launched.","4000","0",,"4","35","1","4611686018427387904","541","Microsoft-Windows-LanguagePackSetup","7237fff9-a08a-4804-9c79-4a8704b70b87","Microsoft-Windows-LanguagePackSetup/Operational","3840","3968","rjaf-PC4429","S-1-5-18","9/10/2015 6:26:49 AM",,,"c:\users\mac_1\desktop\winevt\logs\microsoft-windows-languagepacksetup%4operational.evtx","System.UInt32[]","System.Diagnostics.Eventing.Reader.EventBookmark","Information","Start","Language Pack cleanup functionality","System.Collections.ObjectModel.ReadOnlyCollection`1[System.String]","System.Collections.Generic.List`1[System.Diagnostics.Eventing.Reader.EventProperty]"
"LPRemove terminating.","4001","0",,"4","35","2","4611686018427387904","540","Microsoft-Windows-LanguagePackSetup","7237fff9-a08a-4804-9c79-4a8704b70b87","Microsoft-Windows-LanguagePackSetup/Operational","4640","1940","rjaf-PC4429","S-1-5-18","9/3/2015 5:03:58 AM",,,"c:\users\mac_1\desktop\winevt\logs\microsoft-windows-languagepacksetup%4operational.evtx","System.UInt32[]","System.Diagnostics.Eventing.Reader.EventBookmark","Information","Stop","Language Pack cleanup functionality","System.Collections.ObjectModel.ReadOnlyCollection`1[System.String]","System.Collections.Generic.List`1[System.Diagnostics.Eventing.Reader.EventProperty]"
"LPRemove launched.","4000","0",,"4","35","1","4611686018427387904","539","Microsoft-Windows-LanguagePackSetup","7237fff9-a08a-4804-9c79-4a8704b70b87","Microsoft-Windows-LanguagePackSetup/Operational","4640","1940","rjaf-PC4429","S-1-5-18","9/3/2015 5:03:58 AM",,,"c:\users\mac_1\desktop\winevt\logs\microsoft-windows-languagepacksetup%4operational.evtx","System.UInt32[]","System.Diagnostics.Eventing.Reader.EventBookmark","Information","Start","Language Pack cleanup functionality","System.Collections.ObjectModel.ReadOnlyCollection`1[System.String]","System.Collections.Generic.List`1[System.Diagnostics.Eventing.Reader.EventProperty]"
"LPRemove terminating.","4001","0",,"4","35","2","4611686018427387904","538","Microsoft-Windows-LanguagePackSetup","7237fff9-a08a-4804-9c79-4a8704b70b87","Microsoft-Windows-LanguagePackSetup/Operational","4256","1088","rjaf-PC4429","S-1-5-18","8/24/2015 5:46:32 AM",,,"c:\users\mac_1\desktop\winevt\logs\microsoft-windows-languagepacksetup%4operational.evtx","System.UInt32[]","System.Diagnostics.Eventing.Reader.EventBookmark","Information","Stop","Language Pack cleanup functionality","System.Collections.ObjectModel.ReadOnlyCollection`1[System.String]","System.Collections.Generic.List`1[System.Diagnostics.Eventing.Reader.EventProperty]"
"LPRemove launched.","4000","0",,"4","35","1","4611686018427387904","537","Microsoft-Windows-LanguagePackSetup","7237fff9-a08a-4804-9c79-4a8704b70b87","Microsoft-Windows-LanguagePackSetup/Operational","4256","1088","rjaf-PC4429","S-1-5-18","8/24/2015 5:46:32 AM",,,"c:\users\mac_1\desktop\winevt\logs\microsoft-windows-languagepacksetup%4operational.evtx","System.UInt32[]","System.Diagnostics.Eventing.Reader.EventBookmark","Information","Start","Language Pack cleanup functionality","System.Collections.ObjectModel.ReadOnlyCollection`1[System.String]","System.Collections.Generic.List`1[System.Diagnostics.Eventing.Reader.EventProperty]"
"LPRemove terminating.","4001","0",,"4","35","2","4611686018427387904","536","Microsoft-Windows-LanguagePackSetup","7237fff9-a08a-4804-9c79-4a8704b70b87","Microsoft-Windows-LanguagePackSetup/Operational","2964","3864","rjaf-PC4429","S-1-5-18","8/16/2015 5:34:17 AM",,,"c:\users\mac_1\desktop\winevt\logs\microsoft-windows-languagepacksetup%4operational.evtx","System.UInt32[]","System.Diagnostics.Eventing.Reader.EventBookmark","Information","Stop","Language Pack cleanup functionality","System.Collections.ObjectModel.ReadOnlyCollection`1[System.String]","System.Collections.Generic.List`1[System.Diagnostics.Eventing.Reader.EventProperty]"
"LPRemove launched.","4000","0",,"4","35","1","4611686018427387904","535","Microsoft-Windows-LanguagePackSetup","7237fff9-a08a-4804-9c79-4a8704b70b87","Microsoft-Windows-LanguagePackSetup/Operational","2964","3864","rjaf-PC4429","S-1-5-18","8/16/2015 5:34:17 AM",,,"c:\users\mac_1\desktop\winevt\logs\microsoft-windows-languagepacksetup%4operational.evtx","System.UInt32[]","System.Diagnostics.Eventing.Reader.EventBookmark","Information","Start","Language Pack cleanup functionality","System.Collections.ObjectModel.ReadOnlyCollection`1[System.String]","System.Collections.Generic.List`1[System.Diagnostics.Eventing.Reader.EventProperty]"
"LPRemove terminating.","4001","0",,"4","35","2","4611686018427387904","534","Microsoft-Windows-LanguagePackSetup","7237fff9-a08a-4804-9c79-4a8704b70b87","Microsoft-Windows-LanguagePackSetup/Operational","3984","1356","rjaf-PC4429","S-1-5-18","8/16/2015 12:41:52 AM",,,"c:\users\mac_1\desktop\winevt\logs\microsoft-windows-languagepacksetup%4operational.evtx","System.UInt32[]","System.Diagnostics.Eventing.Reader.EventBookmark","Information","Stop","Language Pack cleanup functionality","System.Collections.ObjectModel.ReadOnlyCollection`1[System.String]","System.Collections.Generic.List`1[System.Diagnostics.Eventing.Reader.EventProperty]"
"LPRemove launched.","4000","0",,"4","35","1","4611686018427387904","533","Microsoft-Windows-LanguagePackSetup","7237fff9-a08a-4804-9c79-4a8704b70b87","Microsoft-Windows-LanguagePackSetup/Operational","3984","1356","rjaf-PC4429","S-1-5-18","8/16/2015 12:41:52 AM",,,"c:\users\mac_1\desktop\winevt\logs\microsoft-windows-languagepacksetup%4operational.evtx","System.UInt32[]","System.Diagnostics.Eventing.Reader.EventBookmark","Information","Start","Language Pack cleanup functionality","System.Collections.ObjectModel.ReadOnlyCollection`1[System.String]","System.Collections.Generic.List`1[System.Diagnostics.Eventing.Reader.EventProperty]"
"LPRemove terminating.","4001","0",,"4","35","2","4611686018427387904","532","Microsoft-Windows-LanguagePackSetup","7237fff9-a08a-4804-9c79-4a8704b70b87","Microsoft-Windows-LanguagePackSetup/Operational","4376","3732","rjaf-PC4429","S-1-5-18","8/13/2015 12:08:10 AM",,,"c:\users\mac_1\desktop\winevt\logs\microsoft-windows-languagepacksetup%4operational.evtx","System.UInt32[]","System.Diagnostics.Eventing.Reader.EventBookmark","Information","Stop","Language Pack cleanup functionality","System.Collections.ObjectModel.ReadOnlyCollection`1[System.String]","System.Collections.Generic.List`1[System.Diagnostics.Eventing.Reader.EventProperty]"
"LPRemove launched.","4000","0",,"4","35","1","4611686018427387904","531","Microsoft-Windows-LanguagePackSetup","7237fff9-a08a-4804-9c79-4a8704b70b87","Microsoft-Windows-LanguagePackSetup/Operational","4376","3732","rjaf-PC4429","S-1-5-18","8/13/2015 12:08:10 AM",,,"c:\users\mac_1\desktop\winevt\logs\microsoft-windows-languagepacksetup%4operational.evtx","System.UInt32[]","System.Diagnostics.Eventing.Reader.EventBookmark","Information","Start","Language Pack cleanup functionality","System.Collections.ObjectModel.ReadOnlyCollection`1[System.String]","System.Collections.Generic.List`1[System.Diagnostics.Eventing.Reader.EventProperty]"
"LPRemove terminating.","4001","0",,"4","35","2","4611686018427387904","530","Microsoft-Windows-LanguagePackSetup","7237fff9-a08a-4804-9c79-4a8704b70b87","Microsoft-Windows-LanguagePackSetup/Operational","1596","1344","rjaf-PC4429","S-1-5-18","7/27/2015 12:52:17 AM",,,"c:\users\mac_1\desktop\winevt\logs\microsoft-windows-languagepacksetup%4operational.evtx","System.UInt32[]","System.Diagnostics.Eventing.Reader.EventBookmark","Information","Stop","Language Pack cleanup functionality","System.Collections.ObjectModel.ReadOnlyCollection`1[System.String]","System.Collections.Generic.List`1[System.Diagnostics.Eventing.Reader.EventProperty]"
"LPRemove launched.","4000","0",,"4","35","1","4611686018427387904","529","Microsoft-Windows-LanguagePackSetup","7237fff9-a08a-4804-9c79-4a8704b70b87","Microsoft-Windows-LanguagePackSetup/Operational","1596","1344","rjaf-PC4429","S-1-5-18","7/27/2015 12:52:17 AM",,,"c:\users\mac_1\desktop\winevt\logs\microsoft-windows-languagepacksetup%4operational.evtx","System.UInt32[]","System.Diagnostics.Eventing.Reader.EventBookmark","Information","Start","Language Pack cleanup functionality","System.Collections.ObjectModel.ReadOnlyCollection`1[System.String]","System.Collections.Generic.List`1[System.Diagnostics.Eventing.Reader.EventProperty]"
"LPRemove terminating.","4001","0",,"4","35","2","4611686018427387904","528","Microsoft-Windows-LanguagePackSetup","7237fff9-a08a-4804-9c79-4a8704b70b87","Microsoft-Windows-LanguagePackSetup/Operational","4680","5708","rjaf-PC4429","S-1-5-18","7/23/2015 5:20:21 AM",,,"c:\users\mac_1\desktop\winevt\logs\microsoft-windows-languagepacksetup%4operational.evtx","System.UInt32[]","System.Diagnostics.Eventing.Reader.EventBookmark","Information","Stop","Language Pack cleanup functionality","System.Collections.ObjectModel.ReadOnlyCollection`1[System.String]","System.Collections.Generic.List`1[System.Diagnostics.Eventing.Reader.EventProperty]"
"LPRemove launched.","4000","0",,"4","35","1","4611686018427387904","527","Microsoft-Windows-LanguagePackSetup","7237fff9-a08a-4804-9c79-4a8704b70b87","Microsoft-Windows-LanguagePackSetup/Operational","4680","5708","rjaf-PC4429","S-1-5-18","7/23/2015 5:20:21 AM",,,"c:\users\mac_1\desktop\winevt\logs\microsoft-windows-languagepacksetup%4operational.evtx","System.UInt32[]","System.Diagnostics.Eventing.Reader.EventBookmark","Information","Start","Language Pack cleanup functionality","System.Collections.ObjectModel.ReadOnlyCollection`1[System.String]","System.Collections.Generic.List`1[System.Diagnostics.Eventing.Reader.EventProperty]"
"LPRemove terminating.","4001","0",,"4","35","2","4611686018427387904","526","Microsoft-Windows-LanguagePackSetup","7237fff9-a08a-4804-9c79-4a8704b70b87","Microsoft-Windows-LanguagePackSetup/Operational","1944","2816","rjaf-PC4429","S-1-5-18","6/28/2015 2:27:07 PM",,,"c:\users\mac_1\desktop\winevt\logs\microsoft-windows-languagepacksetup%4operational.evtx","System.UInt32[]","System.Diagnostics.Eventing.Reader.EventBookmark","Information","Stop","Language Pack cleanup functionality","System.Collections.ObjectModel.ReadOnlyCollection`1[System.String]","System.Collections.Generic.List`1[System.Diagnostics.Eventing.Reader.EventProperty]"
"LPRemove launched.","4000","0",,"4","35","1","4611686018427387904","525","Microsoft-Windows-LanguagePackSetup","7237fff9-a08a-4804-9c79-4a8704b70b87","Microsoft-Windows-LanguagePackSetup/Operational","1944","2816","rjaf-PC4429","S-1-5-18","6/28/2015 2:27:07 PM",,,"c:\users\mac_1\desktop\winevt\logs\microsoft-windows-languagepacksetup%4operational.evtx","System.UInt32[]","System.Diagnostics.Eventing.Reader.EventBookmark","Information","Start","Language Pack cleanup functionality","System.Collections.ObjectModel.ReadOnlyCollection`1[System.String]","System.Collections.Generic.List`1[System.Diagnostics.Eventing.Reader.EventProperty]"
"LPRemove terminating.","4001","0",,"4","35","2","4611686018427387904","524","Microsoft-Windows-LanguagePackSetup","7237fff9-a08a-4804-9c79-4a8704b70b87","Microsoft-Windows-LanguagePackSetup/Operational","208","5420","rjaf-PC4429","S-1-5-18","6/28/2015 3:50:35 AM",,,"c:\users\mac_1\desktop\winevt\logs\microsoft-windows-languagepacksetup%4operational.evtx","System.UInt32[]","System.Diagnostics.Eventing.Reader.EventBookmark","Information","Stop","Language Pack cleanup functionality","System.Collections.ObjectModel.ReadOnlyCollection`1[System.String]","System.Collections.Generic.List`1[System.Diagnostics.Eventing.Reader.EventProperty]"
"LPRemove launched.","4000","0",,"4","35","1","4611686018427387904","523","Microsoft-Windows-LanguagePackSetup","7237fff9-a08a-4804-9c79-4a8704b70b87","Microsoft-Windows-LanguagePackSetup/Operational","208","5420","rjaf-PC4429","S-1-5-18","6/28/2015 3:50:35 AM",,,"c:\users\mac_1\desktop\winevt\logs\microsoft-windows-languagepacksetup%4operational.evtx","System.UInt32[]","System.Diagnostics.Eventing.Reader.EventBookmark","Information","Start","Language Pack cleanup functionality","System.Collections.ObjectModel.ReadOnlyCollection`1[System.String]","System.Collections.Generic.List`1[System.Diagnostics.Eventing.Reader.EventProperty]"
"LPRemove terminating.","4001","0",,"4","35","2","4611686018427387904","522","Microsoft-Windows-LanguagePackSetup","7237fff9-a08a-4804-9c79-4a8704b70b87","Microsoft-Windows-LanguagePackSetup/Operational","6060","6056","rjaf-PC4429","S-1-5-18","6/25/2015 12:18:36 PM",,,"c:\users\mac_1\desktop\winevt\logs\microsoft-windows-languagepacksetup%4operational.evtx","System.UInt32[]","System.Diagnostics.Eventing.Reader.EventBookmark","Information","Stop","Language Pack cleanup functionality","System.Collections.ObjectModel.ReadOnlyCollection`1[System.String]","System.Collections.Generic.List`1[System.Diagnostics.Eventing.Reader.EventProperty]"
"LPRemove launched.","4000","0",,"4","35","1","4611686018427387904","521","Microsoft-Windows-LanguagePackSetup","7237fff9-a08a-4804-9c79-4a8704b70b87","Microsoft-Windows-LanguagePackSetup/Operational","6060","6056","rjaf-PC4429","S-1-5-18","6/25/2015 12:18:36 PM",,,"c:\users\mac_1\desktop\winevt\logs\microsoft-windows-languagepacksetup%4operational.evtx","System.UInt32[]","System.Diagnostics.Eventing.Reader.EventBookmark","Information","Start","Language Pack cleanup functionality","System.Collections.ObjectModel.ReadOnlyCollection`1[System.String]","System.Collections.Generic.List`1[System.Diagnostics.Eventing.Reader.EventProperty]"
"LPRemove terminating.","4001","0",,"4","35","2","4611686018427387904","520","Microsoft-Windows-LanguagePackSetup","7237fff9-a08a-4804-9c79-4a8704b70b87","Microsoft-Windows-LanguagePackSetup/Operational","1388","3356","rjaf-PC4429","S-1-5-18","6/24/2015 3:33:18 PM",,,"c:\users\mac_1\desktop\winevt\logs\microsoft-windows-languagepacksetup%4operational.evtx","System.UInt32[]","System.Diagnostics.Eventing.Reader.EventBookmark","Information","Stop","Language Pack cleanup functionality","System.Collections.ObjectModel.ReadOnlyCollection`1[System.String]","System.Collections.Generic.List`1[System.Diagnostics.Eventing.Reader.EventProperty]"
"LPRemove launched.","4000","0",,"4","35","1","4611686018427387904","519","Microsoft-Windows-LanguagePackSetup","7237fff9-a08a-4804-9c79-4a8704b70b87","Microsoft-Windows-LanguagePackSetup/Operational","1388","3356","rjaf-PC4429","S-1-5-18","6/24/2015 3:33:18 PM",,,"c:\users\mac_1\desktop\winevt\logs\microsoft-windows-languagepacksetup%4operational.evtx","System.UInt32[]","System.Diagnostics.Eventing.Reader.EventBookmark","Information","Start","Language Pack cleanup functionality","System.Collections.ObjectModel.ReadOnlyCollection`1[System.String]","System.Collections.Generic.List`1[System.Diagnostics.Eventing.Reader.EventProperty]"
"LPRemove terminating.","4001","0",,"4","35","2","4611686018427387904","518","Microsoft-Windows-LanguagePackSetup","7237fff9-a08a-4804-9c79-4a8704b70b87","Microsoft-Windows-LanguagePackSetup/Operational","2664","5188","rjaf-PC4429","S-1-5-18","6/21/2015 3:08:14 AM",,,"c:\users\mac_1\desktop\winevt\logs\microsoft-windows-languagepacksetup%4operational.evtx","System.UInt32[]","System.Diagnostics.Eventing.Reader.EventBookmark","Information","Stop","Language Pack cleanup functionality","System.Collections.ObjectModel.ReadOnlyCollection`1[System.String]","System.Collections.Generic.List`1[System.Diagnostics.Eventing.Reader.EventProperty]"
"LPRemove launched.","4000","0",,"4","35","1","4611686018427387904","517","Microsoft-Windows-LanguagePackSetup","7237fff9-a08a-4804-9c79-4a8704b70b87","Microsoft-Windows-LanguagePackSetup/Operational","2664","5188","rjaf-PC4429","S-1-5-18","6/21/2015 3:08:14 AM",,,"c:\users\mac_1\desktop\winevt\logs\microsoft-windows-languagepacksetup%4operational.evtx","System.UInt32[]","System.Diagnostics.Eventing.Reader.EventBookmark","Information","Start","Language Pack cleanup functionality","System.Collections.ObjectModel.ReadOnlyCollection`1[System.String]","System.Collections.Generic.List`1[System.Diagnostics.Eventing.Reader.EventProperty]"
"LPRemove terminating.","4001","0",,"4","35","2","4611686018427387904","516","Microsoft-Windows-LanguagePackSetup","7237fff9-a08a-4804-9c79-4a8704b70b87","Microsoft-Windows-LanguagePackSetup/Operational","2292","4636","rjaf-PC4429","S-1-5-18","6/15/2015 2:25:38 AM",,,"c:\users\mac_1\desktop\winevt\logs\microsoft-windows-languagepacksetup%4operational.evtx","System.UInt32[]","System.Diagnostics.Eventing.Reader.EventBookmark","Information","Stop","Language Pack cleanup functionality","System.Collections.ObjectModel.ReadOnlyCollection`1[System.String]","System.Collections.Generic.List`1[System.Diagnostics.Eventing.Reader.EventProperty]"
"LPRemove launched.","4000","0",,"4","35","1","4611686018427387904","515","Microsoft-Windows-LanguagePackSetup","7237fff9-a08a-4804-9c79-4a8704b70b87","Microsoft-Windows-LanguagePackSetup/Operational","2292","4636","rjaf-PC4429","S-1-5-18","6/15/2015 2:25:38 AM",,,"c:\users\mac_1\desktop\winevt\logs\microsoft-windows-languagepacksetup%4operational.evtx","System.UInt32[]","System.Diagnostics.Eventing.Reader.EventBookmark","Information","Start","Language Pack cleanup functionality","System.Collections.ObjectModel.ReadOnlyCollection`1[System.String]","System.Collections.Generic.List`1[System.Diagnostics.Eventing.Reader.EventProperty]"
"LPRemove terminating.","4001","0",,"4","35","2","4611686018427387904","514","Microsoft-Windows-LanguagePackSetup","7237fff9-a08a-4804-9c79-4a8704b70b87","Microsoft-Windows-LanguagePackSetup/Operational","2540","2780","rjaf-PC4429","S-1-5-18","6/9/2015 5:19:16 AM",,,"c:\users\mac_1\desktop\winevt\logs\microsoft-windows-languagepacksetup%4operational.evtx","System.UInt32[]","System.Diagnostics.Eventing.Reader.EventBookmark","Information","Stop","Language Pack cleanup functionality","System.Collections.ObjectModel.ReadOnlyCollection`1[System.String]","System.Collections.Generic.List`1[System.Diagnostics.Eventing.Reader.EventProperty]"
"LPRemove launched.","4000","0",,"4","35","1","4611686018427387904","513","Microsoft-Windows-LanguagePackSetup","7237fff9-a08a-4804-9c79-4a8704b70b87","Microsoft-Windows-LanguagePackSetup/Operational","2540","2780","rjaf-PC4429","S-1-5-18","6/9/2015 5:19:16 AM",,,"c:\users\mac_1\desktop\winevt\logs\microsoft-windows-languagepacksetup%4operational.evtx","System.UInt32[]","System.Diagnostics.Eventing.Reader.EventBookmark","Information","Start","Language Pack cleanup functionality","System.Collections.ObjectModel.ReadOnlyCollection`1[System.String]","System.Collections.Generic.List`1[System.Diagnostics.Eventing.Reader.EventProperty]"
"LPRemove terminating.","4001","0",,"4","35","2","4611686018427387904","512","Microsoft-Windows-LanguagePackSetup","7237fff9-a08a-4804-9c79-4a8704b70b87","Microsoft-Windows-LanguagePackSetup/Operational","5608","400","rjaf-PC4429","S-1-5-18","6/6/2015 9:33:03 AM",,,"c:\users\mac_1\desktop\winevt\logs\microsoft-windows-languagepacksetup%4operational.evtx","System.UInt32[]","System.Diagnostics.Eventing.Reader.EventBookmark","Information","Stop","Language Pack cleanup functionality","System.Collections.ObjectModel.ReadOnlyCollection`1[System.String]","System.Collections.Generic.List`1[System.Diagnostics.Eventing.Reader.EventProperty]"
"LPRemove launched.","4000","0",,"4","35","1","4611686018427387904","511","Microsoft-Windows-LanguagePackSetup","7237fff9-a08a-4804-9c79-4a8704b70b87","Microsoft-Windows-LanguagePackSetup/Operational","5608","400","rjaf-PC4429","S-1-5-18","6/6/2015 9:33:03 AM",,,"c:\users\mac_1\desktop\winevt\logs\microsoft-windows-languagepacksetup%4operational.evtx","System.UInt32[]","System.Diagnostics.Eventing.Reader.EventBookmark","Information","Start","Language Pack cleanup functionality","System.Collections.ObjectModel.ReadOnlyCollection`1[System.String]","System.Collections.Generic.List`1[System.Diagnostics.Eventing.Reader.EventProperty]"
"LPRemove terminating.","4001","0",,"4","35","2","4611686018427387904","510","Microsoft-Windows-LanguagePackSetup","7237fff9-a08a-4804-9c79-4a8704b70b87","Microsoft-Windows-LanguagePackSetup/Operational","3052","3908","rjaf-PC4429","S-1-5-18","6/5/2015 11:06:56 AM",,,"c:\users\mac_1\desktop\winevt\logs\microsoft-windows-languagepacksetup%4operational.evtx","System.UInt32[]","System.Diagnostics.Eventing.Reader.EventBookmark","Information","Stop","Language Pack cleanup functionality","System.Collections.ObjectModel.ReadOnlyCollection`1[System.String]","System.Collections.Generic.List`1[System.Diagnostics.Eventing.Reader.EventProperty]"
"LPRemove launched.","4000","0",,"4","35","1","4611686018427387904","509","Microsoft-Windows-LanguagePackSetup","7237fff9-a08a-4804-9c79-4a8704b70b87","Microsoft-Windows-LanguagePackSetup/Operational","3052","3908","rjaf-PC4429","S-1-5-18","6/5/2015 11:06:56 AM",,,"c:\users\mac_1\desktop\winevt\logs\microsoft-windows-languagepacksetup%4operational.evtx","System.UInt32[]","System.Diagnostics.Eventing.Reader.EventBookmark","Information","Start","Language Pack cleanup functionality","System.Collections.ObjectModel.ReadOnlyCollection`1[System.String]","System.Collections.Generic.List`1[System.Diagnostics.Eventing.Reader.EventProperty]"
"LPRemove terminating.","4001","0",,"4","35","2","4611686018427387904","508","Microsoft-Windows-LanguagePackSetup","7237fff9-a08a-4804-9c79-4a8704b70b87","Microsoft-Windows-LanguagePackSetup/Operational","5212","4824","rjaf-PC4429","S-1-5-18","6/5/2015 12:53:25 AM",,,"c:\users\mac_1\desktop\winevt\logs\microsoft-windows-languagepacksetup%4operational.evtx","System.UInt32[]","System.Diagnostics.Eventing.Reader.EventBookmark","Information","Stop","Language Pack cleanup functionality","System.Collections.ObjectModel.ReadOnlyCollection`1[System.String]","System.Collections.Generic.List`1[System.Diagnostics.Eventing.Reader.EventProperty]"
"LPRemove launched.","4000","0",,"4","35","1","4611686018427387904","507","Microsoft-Windows-LanguagePackSetup","7237fff9-a08a-4804-9c79-4a8704b70b87","Microsoft-Windows-LanguagePackSetup/Operational","5212","4824","rjaf-PC4429","S-1-5-18","6/5/2015 12:53:25 AM",,,"c:\users\mac_1\desktop\winevt\logs\microsoft-windows-languagepacksetup%4operational.evtx","System.UInt32[]","System.Diagnostics.Eventing.Reader.EventBookmark","Information","Start","Language Pack cleanup functionality","System.Collections.ObjectModel.ReadOnlyCollection`1[System.String]","System.Collections.Generic.List`1[System.Diagnostics.Eventing.Reader.EventProperty]"
"LPRemove terminating.","4001","0",,"4","35","2","4611686018427387904","506","Microsoft-Windows-LanguagePackSetup","7237fff9-a08a-4804-9c79-4a8704b70b87","Microsoft-Windows-LanguagePackSetup/Operational","1624","5924","rjaf-PC4429","S-1-5-18","6/3/2015 5:52:37 AM",,,"c:\users\mac_1\desktop\winevt\logs\microsoft-windows-languagepacksetup%4operational.evtx","System.UInt32[]","System.Diagnostics.Eventing.Reader.EventBookmark","Information","Stop","Language Pack cleanup functionality","System.Collections.ObjectModel.ReadOnlyCollection`1[System.String]","System.Collections.Generic.List`1[System.Diagnostics.Eventing.Reader.EventProperty]"
"LPRemove launched.","4000","0",,"4","35","1","4611686018427387904","505","Microsoft-Windows-LanguagePackSetup","7237fff9-a08a-4804-9c79-4a8704b70b87","Microsoft-Windows-LanguagePackSetup/Operational","1624","5924","rjaf-PC4429","S-1-5-18","6/3/2015 5:52:37 AM",,,"c:\users\mac_1\desktop\winevt\logs\microsoft-windows-languagepacksetup%4operational.evtx","System.UInt32[]","System.Diagnostics.Eventing.Reader.EventBookmark","Information","Start","Language Pack cleanup functionality","System.Collections.ObjectModel.ReadOnlyCollection`1[System.String]","System.Collections.Generic.List`1[System.Diagnostics.Eventing.Reader.EventProperty]"
"LPRemove terminating.","4001","0",,"4","35","2","4611686018427387904","504","Microsoft-Windows-LanguagePackSetup","7237fff9-a08a-4804-9c79-4a8704b70b87","Microsoft-Windows-LanguagePackSetup/Operational","4276","4416","rjaf-PC4429","S-1-5-18","6/1/2015 11:35:31 PM",,,"c:\users\mac_1\desktop\winevt\logs\microsoft-windows-languagepacksetup%4operational.evtx","System.UInt32[]","System.Diagnostics.Eventing.Reader.EventBookmark","Information","Stop","Language Pack cleanup functionality","System.Collections.ObjectModel.ReadOnlyCollection`1[System.String]","System.Collections.Generic.List`1[System.Diagnostics.Eventing.Reader.EventProperty]"
"LPRemove launched.","4000","0",,"4","35","1","4611686018427387904","503","Microsoft-Windows-LanguagePackSetup","7237fff9-a08a-4804-9c79-4a8704b70b87","Microsoft-Windows-LanguagePackSetup/Operational","4276","4416","rjaf-PC4429","S-1-5-18","6/1/2015 11:35:31 PM",,,"c:\users\mac_1\desktop\winevt\logs\microsoft-windows-languagepacksetup%4operational.evtx","System.UInt32[]","System.Diagnostics.Eventing.Reader.EventBookmark","Information","Start","Language Pack cleanup functionality","System.Collections.ObjectModel.ReadOnlyCollection`1[System.String]","System.Collections.Generic.List`1[System.Diagnostics.Eventing.Reader.EventProperty]"
"LPRemove terminating.","4001","0",,"4","35","2","4611686018427387904","502","Microsoft-Windows-LanguagePackSetup","7237fff9-a08a-4804-9c79-4a8704b70b87","Microsoft-Windows-LanguagePackSetup/Operational","5840","5796","rjaf-PC4429","S-1-5-18","6/1/2015 12:54:33 AM",,,"c:\users\mac_1\desktop\winevt\logs\microsoft-windows-languagepacksetup%4operational.evtx","System.UInt32[]","System.Diagnostics.Eventing.Reader.EventBookmark","Information","Stop","Language Pack cleanup functionality","System.Collections.ObjectModel.ReadOnlyCollection`1[System.String]","System.Collections.Generic.List`1[System.Diagnostics.Eventing.Reader.EventProperty]"
"LPRemove launched.","4000","0",,"4","35","1","4611686018427387904","501","Microsoft-Windows-LanguagePackSetup","7237fff9-a08a-4804-9c79-4a8704b70b87","Microsoft-Windows-LanguagePackSetup/Operational","5840","5796","rjaf-PC4429","S-1-5-18","6/1/2015 12:54:33 AM",,,"c:\users\mac_1\desktop\winevt\logs\microsoft-windows-languagepacksetup%4operational.evtx","System.UInt32[]","System.Diagnostics.Eventing.Reader.EventBookmark","Information","Start","Language Pack cleanup functionality","System.Collections.ObjectModel.ReadOnlyCollection`1[System.String]","System.Collections.Generic.List`1[System.Diagnostics.Eventing.Reader.EventProperty]"
"LPRemove terminating.","4001","0",,"4","35","2","4611686018427387904","500","Microsoft-Windows-LanguagePackSetup","7237fff9-a08a-4804-9c79-4a8704b70b87","Microsoft-Windows-LanguagePackSetup/Operational","4964","6120","rjaf-PC4429","S-1-5-18","5/26/2015 3:24:28 PM",,,"c:\users\mac_1\desktop\winevt\logs\microsoft-windows-languagepacksetup%4operational.evtx","System.UInt32[]","System.Diagnostics.Eventing.Reader.EventBookmark","Information","Stop","Language Pack cleanup functionality","System.Collections.ObjectModel.ReadOnlyCollection`1[System.String]","System.Collections.Generic.List`1[System.Diagnostics.Eventing.Reader.EventProperty]"
"LPRemove launched.","4000","0",,"4","35","1","4611686018427387904","499","Microsoft-Windows-LanguagePackSetup","7237fff9-a08a-4804-9c79-4a8704b70b87","Microsoft-Windows-LanguagePackSetup/Operational","4964","6120","rjaf-PC4429","S-1-5-18","5/26/2015 3:24:28 PM",,,"c:\users\mac_1\desktop\winevt\logs\microsoft-windows-languagepacksetup%4operational.evtx","System.UInt32[]","System.Diagnostics.Eventing.Reader.EventBookmark","Information","Start","Language Pack cleanup functionality","System.Collections.ObjectModel.ReadOnlyCollection`1[System.String]","System.Collections.Generic.List`1[System.Diagnostics.Eventing.Reader.EventProperty]"
"LPRemove terminating.","4001","0",,"4","35","2","4611686018427387904","498","Microsoft-Windows-LanguagePackSetup","7237fff9-a08a-4804-9c79-4a8704b70b87","Microsoft-Windows-LanguagePackSetup/Operational","4792","1344","rjaf-PC4429","S-1-5-18","5/26/2015 3:11:54 AM",,,"c:\users\mac_1\desktop\winevt\logs\microsoft-windows-languagepacksetup%4operational.evtx","System.UInt32[]","System.Diagnostics.Eventing.Reader.EventBookmark","Information","Stop","Language Pack cleanup functionality","System.Collections.ObjectModel.ReadOnlyCollection`1[System.String]","System.Collections.Generic.List`1[System.Diagnostics.Eventing.Reader.EventProperty]"
"LPRemove launched.","4000","0",,"4","35","1","4611686018427387904","497","Microsoft-Windows-LanguagePackSetup","7237fff9-a08a-4804-9c79-4a8704b70b87","Microsoft-Windows-LanguagePackSetup/Operational","4792","1344","rjaf-PC4429","S-1-5-18","5/26/2015 3:11:54 AM",,,"c:\users\mac_1\desktop\winevt\logs\microsoft-windows-languagepacksetup%4operational.evtx","System.UInt32[]","System.Diagnostics.Eventing.Reader.EventBookmark","Information","Start","Language Pack cleanup functionality","System.Collections.ObjectModel.ReadOnlyCollection`1[System.String]","System.Collections.Generic.List`1[System.Diagnostics.Eventing.Reader.EventProperty]"
"LPRemove terminating.","4001","0",,"4","35","2","4611686018427387904","496","Microsoft-Windows-LanguagePackSetup","7237fff9-a08a-4804-9c79-4a8704b70b87","Microsoft-Windows-LanguagePackSetup/Operational","5404","4340","rjaf-PC4429","S-1-5-18","5/25/2015 1:15:05 AM",,,"c:\users\mac_1\desktop\winevt\logs\microsoft-windows-languagepacksetup%4operational.evtx","System.UInt32[]","System.Diagnostics.Eventing.Reader.EventBookmark","Information","Stop","Language Pack cleanup functionality","System.Collections.ObjectModel.ReadOnlyCollection`1[System.String]","System.Collections.Generic.List`1[System.Diagnostics.Eventing.Reader.EventProperty]"
"LPRemove launched.","4000","0",,"4","35","1","4611686018427387904","495","Microsoft-Windows-LanguagePackSetup","7237fff9-a08a-4804-9c79-4a8704b70b87","Microsoft-Windows-LanguagePackSetup/Operational","5404","4340","rjaf-PC4429","S-1-5-18","5/25/2015 1:15:05 AM",,,"c:\users\mac_1\desktop\winevt\logs\microsoft-windows-languagepacksetup%4operational.evtx","System.UInt32[]","System.Diagnostics.Eventing.Reader.EventBookmark","Information","Start","Language Pack cleanup functionality","System.Collections.ObjectModel.ReadOnlyCollection`1[System.String]","System.Collections.Generic.List`1[System.Diagnostics.Eventing.Reader.EventProperty]"
"LPRemove terminating.","4001","0",,"4","35","2","4611686018427387904","494","Microsoft-Windows-LanguagePackSetup","7237fff9-a08a-4804-9c79-4a8704b70b87","Microsoft-Windows-LanguagePackSetup/Operational","5116","3848","rjaf-PC4429","S-1-5-18","5/24/2015 1:01:13 AM",,,"c:\users\mac_1\desktop\winevt\logs\microsoft-windows-languagepacksetup%4operational.evtx","System.UInt32[]","System.Diagnostics.Eventing.Reader.EventBookmark","Information","Stop","Language Pack cleanup functionality","System.Collections.ObjectModel.ReadOnlyCollection`1[System.String]","System.Collections.Generic.List`1[System.Diagnostics.Eventing.Reader.EventProperty]"
"LPRemove launched.","4000","0",,"4","35","1","4611686018427387904","493","Microsoft-Windows-LanguagePackSetup","7237fff9-a08a-4804-9c79-4a8704b70b87","Microsoft-Windows-LanguagePackSetup/Operational","5116","3848","rjaf-PC4429","S-1-5-18","5/24/2015 1:01:13 AM",,,"c:\users\mac_1\desktop\winevt\logs\microsoft-windows-languagepacksetup%4operational.evtx","System.UInt32[]","System.Diagnostics.Eventing.Reader.EventBookmark","Information","Start","Language Pack cleanup functionality","System.Collections.ObjectModel.ReadOnlyCollection`1[System.String]","System.Collections.Generic.List`1[System.Diagnostics.Eventing.Reader.EventProperty]"
"LPRemove terminating.","4001","0",,"4","35","2","4611686018427387904","492","Microsoft-Windows-LanguagePackSetup","7237fff9-a08a-4804-9c79-4a8704b70b87","Microsoft-Windows-LanguagePackSetup/Operational","5396","5352","rjaf-PC4429","S-1-5-18","5/18/2015 11:24:59 AM",,,"c:\users\mac_1\desktop\winevt\logs\microsoft-windows-languagepacksetup%4operational.evtx","System.UInt32[]","System.Diagnostics.Eventing.Reader.EventBookmark","Information","Stop","Language Pack cleanup functionality","System.Collections.ObjectModel.ReadOnlyCollection`1[System.String]","System.Collections.Generic.List`1[System.Diagnostics.Eventing.Reader.EventProperty]"
"LPRemove launched.","4000","0",,"4","35","1","4611686018427387904","491","Microsoft-Windows-LanguagePackSetup","7237fff9-a08a-4804-9c79-4a8704b70b87","Microsoft-Windows-LanguagePackSetup/Operational","5396","5352","rjaf-PC4429","S-1-5-18","5/18/2015 11:24:59 AM",,,"c:\users\mac_1\desktop\winevt\logs\microsoft-windows-languagepacksetup%4operational.evtx","System.UInt32[]","System.Diagnostics.Eventing.Reader.EventBookmark","Information","Start","Language Pack cleanup functionality","System.Collections.ObjectModel.ReadOnlyCollection`1[System.String]","System.Collections.Generic.List`1[System.Diagnostics.Eventing.Reader.EventProperty]"
"LPRemove terminating.","4001","0",,"4","35","2","4611686018427387904","490","Microsoft-Windows-LanguagePackSetup","7237fff9-a08a-4804-9c79-4a8704b70b87","Microsoft-Windows-LanguagePackSetup/Operational","312","2384","rjaf-PC4429","S-1-5-18","5/17/2015 9:01:45 AM",,,"c:\users\mac_1\desktop\winevt\logs\microsoft-windows-languagepacksetup%4operational.evtx","System.UInt32[]","System.Diagnostics.Eventing.Reader.EventBookmark","Information","Stop","Language Pack cleanup functionality","System.Collections.ObjectModel.ReadOnlyCollection`1[System.String]","System.Collections.Generic.List`1[System.Diagnostics.Eventing.Reader.EventProperty]"
"LPRemove launched.","4000","0",,"4","35","1","4611686018427387904","489","Microsoft-Windows-LanguagePackSetup","7237fff9-a08a-4804-9c79-4a8704b70b87","Microsoft-Windows-LanguagePackSetup/Operational","312","2384","rjaf-PC4429","S-1-5-18","5/17/2015 9:01:45 AM",,,"c:\users\mac_1\desktop\winevt\logs\microsoft-windows-languagepacksetup%4operational.evtx","System.UInt32[]","System.Diagnostics.Eventing.Reader.EventBookmark","Information","Start","Language Pack cleanup functionality","System.Collections.ObjectModel.ReadOnlyCollection`1[System.String]","System.Collections.Generic.List`1[System.Diagnostics.Eventing.Reader.EventProperty]"
"LPRemove terminating.","4001","0",,"4","35","2","4611686018427387904","488","Microsoft-Windows-LanguagePackSetup","7237fff9-a08a-4804-9c79-4a8704b70b87","Microsoft-Windows-LanguagePackSetup/Operational","5396","5852","rjaf-PC4429","S-1-5-18","5/14/2015 2:44:04 AM",,,"c:\users\mac_1\desktop\winevt\logs\microsoft-windows-languagepacksetup%4operational.evtx","System.UInt32[]","System.Diagnostics.Eventing.Reader.EventBookmark","Information","Stop","Language Pack cleanup functionality","System.Collections.ObjectModel.ReadOnlyCollection`1[System.String]","System.Collections.Generic.List`1[System.Diagnostics.Eventing.Reader.EventProperty]"
"LPRemove launched.","4000","0",,"4","35","1","4611686018427387904","487","Microsoft-Windows-LanguagePackSetup","7237fff9-a08a-4804-9c79-4a8704b70b87","Microsoft-Windows-LanguagePackSetup/Operational","5396","5852","rjaf-PC4429","S-1-5-18","5/14/2015 2:44:04 AM",,,"c:\users\mac_1\desktop\winevt\logs\microsoft-windows-languagepacksetup%4operational.evtx","System.UInt32[]","System.Diagnostics.Eventing.Reader.EventBookmark","Information","Start","Language Pack cleanup functionality","System.Collections.ObjectModel.ReadOnlyCollection`1[System.String]","System.Collections.Generic.List`1[System.Diagnostics.Eventing.Reader.EventProperty]"
"LPRemove terminating.","4001","0",,"4","35","2","4611686018427387904","486","Microsoft-Windows-LanguagePackSetup","7237fff9-a08a-4804-9c79-4a8704b70b87","Microsoft-Windows-LanguagePackSetup/Operational","4044","2144","rjaf-PC4429","S-1-5-18","5/13/2015 3:42:06 PM",,,"c:\users\mac_1\desktop\winevt\logs\microsoft-windows-languagepacksetup%4operational.evtx","System.UInt32[]","System.Diagnostics.Eventing.Reader.EventBookmark","Information","Stop","Language Pack cleanup functionality","System.Collections.ObjectModel.ReadOnlyCollection`1[System.String]","System.Collections.Generic.List`1[System.Diagnostics.Eventing.Reader.EventProperty]"
"LPRemove launched.","4000","0",,"4","35","1","4611686018427387904","485","Microsoft-Windows-LanguagePackSetup","7237fff9-a08a-4804-9c79-4a8704b70b87","Microsoft-Windows-LanguagePackSetup/Operational","4044","2144","rjaf-PC4429","S-1-5-18","5/13/2015 3:42:06 PM",,,"c:\users\mac_1\desktop\winevt\logs\microsoft-windows-languagepacksetup%4operational.evtx","System.UInt32[]","System.Diagnostics.Eventing.Reader.EventBookmark","Information","Start","Language Pack cleanup functionality","System.Collections.ObjectModel.ReadOnlyCollection`1[System.String]","System.Collections.Generic.List`1[System.Diagnostics.Eventing.Reader.EventProperty]"
"LPRemove terminating.","4001","0",,"4","35","2","4611686018427387904","484","Microsoft-Windows-LanguagePackSetup","7237fff9-a08a-4804-9c79-4a8704b70b87","Microsoft-Windows-LanguagePackSetup/Operational","2272","212","rjaf-PC4429","S-1-5-18","5/13/2015 12:59:15 PM",,,"c:\users\mac_1\desktop\winevt\logs\microsoft-windows-languagepacksetup%4operational.evtx","System.UInt32[]","System.Diagnostics.Eventing.Reader.EventBookmark","Information","Stop","Language Pack cleanup functionality","System.Collections.ObjectModel.ReadOnlyCollection`1[System.String]","System.Collections.Generic.List`1[System.Diagnostics.Eventing.Reader.EventProperty]"
"LPRemove launched.","4000","0",,"4","35","1","4611686018427387904","483","Microsoft-Windows-LanguagePackSetup","7237fff9-a08a-4804-9c79-4a8704b70b87","Microsoft-Windows-LanguagePackSetup/Operational","2272","212","rjaf-PC4429","S-1-5-18","5/13/2015 12:59:15 PM",,,"c:\users\mac_1\desktop\winevt\logs\microsoft-windows-languagepacksetup%4operational.evtx","System.UInt32[]","System.Diagnostics.Eventing.Reader.EventBookmark","Information","Start","Language Pack cleanup functionality","System.Collections.ObjectModel.ReadOnlyCollection`1[System.String]","System.Collections.Generic.List`1[System.Diagnostics.Eventing.Reader.EventProperty]"
"LPRemove terminating.","4001","0",,"4","35","2","4611686018427387904","482","Microsoft-Windows-LanguagePackSetup","7237fff9-a08a-4804-9c79-4a8704b70b87","Microsoft-Windows-LanguagePackSetup/Operational","1056","2420","rjaf-PC4429","S-1-5-18","5/12/2015 3:42:58 AM",,,"c:\users\mac_1\desktop\winevt\logs\microsoft-windows-languagepacksetup%4operational.evtx","System.UInt32[]","System.Diagnostics.Eventing.Reader.EventBookmark","Information","Stop","Language Pack cleanup functionality","System.Collections.ObjectModel.ReadOnlyCollection`1[System.String]","System.Collections.Generic.List`1[System.Diagnostics.Eventing.Reader.EventProperty]"
"LPRemove launched.","4000","0",,"4","35","1","4611686018427387904","481","Microsoft-Windows-LanguagePackSetup","7237fff9-a08a-4804-9c79-4a8704b70b87","Microsoft-Windows-LanguagePackSetup/Operational","1056","2420","rjaf-PC4429","S-1-5-18","5/12/2015 3:42:58 AM",,,"c:\users\mac_1\desktop\winevt\logs\microsoft-windows-languagepacksetup%4operational.evtx","System.UInt32[]","System.Diagnostics.Eventing.Reader.EventBookmark","Information","Start","Language Pack cleanup functionality","System.Collections.ObjectModel.ReadOnlyCollection`1[System.String]","System.Collections.Generic.List`1[System.Diagnostics.Eventing.Reader.EventProperty]"
"LPRemove terminating.","4001","0",,"4","35","2","4611686018427387904","480","Microsoft-Windows-LanguagePackSetup","7237fff9-a08a-4804-9c79-4a8704b70b87","Microsoft-Windows-LanguagePackSetup/Operational","2864","2940","rjaf-PC4429","S-1-5-18","5/11/2015 1:31:44 AM",,,"c:\users\mac_1\desktop\winevt\logs\microsoft-windows-languagepacksetup%4operational.evtx","System.UInt32[]","System.Diagnostics.Eventing.Reader.EventBookmark","Information","Stop","Language Pack cleanup functionality","System.Collections.ObjectModel.ReadOnlyCollection`1[System.String]","System.Collections.Generic.List`1[System.Diagnostics.Eventing.Reader.EventProperty]"
"LPRemove launched.","4000","0",,"4","35","1","4611686018427387904","479","Microsoft-Windows-LanguagePackSetup","7237fff9-a08a-4804-9c79-4a8704b70b87","Microsoft-Windows-LanguagePackSetup/Operational","2864","2940","rjaf-PC4429","S-1-5-18","5/11/2015 1:31:44 AM",,,"c:\users\mac_1\desktop\winevt\logs\microsoft-windows-languagepacksetup%4operational.evtx","System.UInt32[]","System.Diagnostics.Eventing.Reader.EventBookmark","Information","Start","Language Pack cleanup functionality","System.Collections.ObjectModel.ReadOnlyCollection`1[System.String]","System.Collections.Generic.List`1[System.Diagnostics.Eventing.Reader.EventProperty]"
"LPRemove terminating.","4001","0",,"4","35","2","4611686018427387904","478","Microsoft-Windows-LanguagePackSetup","7237fff9-a08a-4804-9c79-4a8704b70b87","Microsoft-Windows-LanguagePackSetup/Operational","1740","3824","rjaf-PC4429","S-1-5-18","5/10/2015 2:14:00 AM",,,"c:\users\mac_1\desktop\winevt\logs\microsoft-windows-languagepacksetup%4operational.evtx","System.UInt32[]","System.Diagnostics.Eventing.Reader.EventBookmark","Information","Stop","Language Pack cleanup functionality","System.Collections.ObjectModel.ReadOnlyCollection`1[System.String]","System.Collections.Generic.List`1[System.Diagnostics.Eventing.Reader.EventProperty]"
"LPRemove launched.","4000","0",,"4","35","1","4611686018427387904","477","Microsoft-Windows-LanguagePackSetup","7237fff9-a08a-4804-9c79-4a8704b70b87","Microsoft-Windows-LanguagePackSetup/Operational","1740","3824","rjaf-PC4429","S-1-5-18","5/10/2015 2:14:00 AM",,,"c:\users\mac_1\desktop\winevt\logs\microsoft-windows-languagepacksetup%4operational.evtx","System.UInt32[]","System.Diagnostics.Eventing.Reader.EventBookmark","Information","Start","Language Pack cleanup functionality","System.Collections.ObjectModel.ReadOnlyCollection`1[System.String]","System.Collections.Generic.List`1[System.Diagnostics.Eventing.Reader.EventProperty]"
"LPRemove terminating.","4001","0",,"4","35","2","4611686018427387904","476","Microsoft-Windows-LanguagePackSetup","7237fff9-a08a-4804-9c79-4a8704b70b87","Microsoft-Windows-LanguagePackSetup/Operational","3188","3688","rjaf-PC4429","S-1-5-18","5/6/2015 12:19:40 PM",,,"c:\users\mac_1\desktop\winevt\logs\microsoft-windows-languagepacksetup%4operational.evtx","System.UInt32[]","System.Diagnostics.Eventing.Reader.EventBookmark","Information","Stop","Language Pack cleanup functionality","System.Collections.ObjectModel.ReadOnlyCollection`1[System.String]","System.Collections.Generic.List`1[System.Diagnostics.Eventing.Reader.EventProperty]"
"LPRemove launched.","4000","0",,"4","35","1","4611686018427387904","475","Microsoft-Windows-LanguagePackSetup","7237fff9-a08a-4804-9c79-4a8704b70b87","Microsoft-Windows-LanguagePackSetup/Operational","3188","3688","rjaf-PC4429","S-1-5-18","5/6/2015 12:19:40 PM",,,"c:\users\mac_1\desktop\winevt\logs\microsoft-windows-languagepacksetup%4operational.evtx","System.UInt32[]","System.Diagnostics.Eventing.Reader.EventBookmark","Information","Start","Language Pack cleanup functionality","System.Collections.ObjectModel.ReadOnlyCollection`1[System.String]","System.Collections.Generic.List`1[System.Diagnostics.Eventing.Reader.EventProperty]"
"LPRemove terminating.","4001","0",,"4","35","2","4611686018427387904","474","Microsoft-Windows-LanguagePackSetup","7237fff9-a08a-4804-9c79-4a8704b70b87","Microsoft-Windows-LanguagePackSetup/Operational","2504","2080","rjaf-PC4429","S-1-5-18","5/6/2015 3:09:30 AM",,,"c:\users\mac_1\desktop\winevt\logs\microsoft-windows-languagepacksetup%4operational.evtx","System.UInt32[]","System.Diagnostics.Eventing.Reader.EventBookmark","Information","Stop","Language Pack cleanup functionality","System.Collections.ObjectModel.ReadOnlyCollection`1[System.String]","System.Collections.Generic.List`1[System.Diagnostics.Eventing.Reader.EventProperty]"
"LPRemove launched.","4000","0",,"4","35","1","4611686018427387904","473","Microsoft-Windows-LanguagePackSetup","7237fff9-a08a-4804-9c79-4a8704b70b87","Microsoft-Windows-LanguagePackSetup/Operational","2504","2080","rjaf-PC4429","S-1-5-18","5/6/2015 3:09:30 AM",,,"c:\users\mac_1\desktop\winevt\logs\microsoft-windows-languagepacksetup%4operational.evtx","System.UInt32[]","System.Diagnostics.Eventing.Reader.EventBookmark","Information","Start","Language Pack cleanup functionality","System.Collections.ObjectModel.ReadOnlyCollection`1[System.String]","System.Collections.Generic.List`1[System.Diagnostics.Eventing.Reader.EventProperty]"
"LPRemove terminating.","4001","0",,"4","35","2","4611686018427387904","472","Microsoft-Windows-LanguagePackSetup","7237fff9-a08a-4804-9c79-4a8704b70b87","Microsoft-Windows-LanguagePackSetup/Operational","2484","3548","rjaf-PC4429","S-1-5-18","5/2/2015 1:17:54 AM",,,"c:\users\mac_1\desktop\winevt\logs\microsoft-windows-languagepacksetup%4operational.evtx","System.UInt32[]","System.Diagnostics.Eventing.Reader.EventBookmark","Information","Stop","Language Pack cleanup functionality","System.Collections.ObjectModel.ReadOnlyCollection`1[System.String]","System.Collections.Generic.List`1[System.Diagnostics.Eventing.Reader.EventProperty]"
"LPRemove launched.","4000","0",,"4","35","1","4611686018427387904","471","Microsoft-Windows-LanguagePackSetup","7237fff9-a08a-4804-9c79-4a8704b70b87","Microsoft-Windows-LanguagePackSetup/Operational","2484","3548","rjaf-PC4429","S-1-5-18","5/2/2015 1:17:54 AM",,,"c:\users\mac_1\desktop\winevt\logs\microsoft-windows-languagepacksetup%4operational.evtx","System.UInt32[]","System.Diagnostics.Eventing.Reader.EventBookmark","Information","Start","Language Pack cleanup functionality","System.Collections.ObjectModel.ReadOnlyCollection`1[System.String]","System.Collections.Generic.List`1[System.Diagnostics.Eventing.Reader.EventProperty]"
"LPRemove terminating.","4001","0",,"4","35","2","4611686018427387904","470","Microsoft-Windows-LanguagePackSetup","7237fff9-a08a-4804-9c79-4a8704b70b87","Microsoft-Windows-LanguagePackSetup/Operational","3096","3324","rjaf-PC4429","S-1-5-18","5/1/2015 9:36:26 AM",,,"c:\users\mac_1\desktop\winevt\logs\microsoft-windows-languagepacksetup%4operational.evtx","System.UInt32[]","System.Diagnostics.Eventing.Reader.EventBookmark","Information","Stop","Language Pack cleanup functionality","System.Collections.ObjectModel.ReadOnlyCollection`1[System.String]","System.Collections.Generic.List`1[System.Diagnostics.Eventing.Reader.EventProperty]"
"LPRemove launched.","4000","0",,"4","35","1","4611686018427387904","469","Microsoft-Windows-LanguagePackSetup","7237fff9-a08a-4804-9c79-4a8704b70b87","Microsoft-Windows-LanguagePackSetup/Operational","3096","3324","rjaf-PC4429","S-1-5-18","5/1/2015 9:36:26 AM",,,"c:\users\mac_1\desktop\winevt\logs\microsoft-windows-languagepacksetup%4operational.evtx","System.UInt32[]","System.Diagnostics.Eventing.Reader.EventBookmark","Information","Start","Language Pack cleanup functionality","System.Collections.ObjectModel.ReadOnlyCollection`1[System.String]","System.Collections.Generic.List`1[System.Diagnostics.Eventing.Reader.EventProperty]"
"LPRemove terminating.","4001","0",,"4","35","2","4611686018427387904","468","Microsoft-Windows-LanguagePackSetup","7237fff9-a08a-4804-9c79-4a8704b70b87","Microsoft-Windows-LanguagePackSetup/Operational","1912","1736","rjaf-PC4429","S-1-5-18","5/1/2015 2:33:15 AM",,,"c:\users\mac_1\desktop\winevt\logs\microsoft-windows-languagepacksetup%4operational.evtx","System.UInt32[]","System.Diagnostics.Eventing.Reader.EventBookmark","Information","Stop","Language Pack cleanup functionality","System.Collections.ObjectModel.ReadOnlyCollection`1[System.String]","System.Collections.Generic.List`1[System.Diagnostics.Eventing.Reader.EventProperty]"
"LPRemove launched.","4000","0",,"4","35","1","4611686018427387904","467","Microsoft-Windows-LanguagePackSetup","7237fff9-a08a-4804-9c79-4a8704b70b87","Microsoft-Windows-LanguagePackSetup/Operational","1912","1736","rjaf-PC4429","S-1-5-18","5/1/2015 2:33:15 AM",,,"c:\users\mac_1\desktop\winevt\logs\microsoft-windows-languagepacksetup%4operational.evtx","System.UInt32[]","System.Diagnostics.Eventing.Reader.EventBookmark","Information","Start","Language Pack cleanup functionality","System.Collections.ObjectModel.ReadOnlyCollection`1[System.String]","System.Collections.Generic.List`1[System.Diagnostics.Eventing.Reader.EventProperty]"
"LPRemove terminating.","4001","0",,"4","35","2","4611686018427387904","466","Microsoft-Windows-LanguagePackSetup","7237fff9-a08a-4804-9c79-4a8704b70b87","Microsoft-Windows-LanguagePackSetup/Operational","8060","7984","rjaf-PC4429","S-1-5-18","4/30/2015 12:40:35 AM",,,"c:\users\mac_1\desktop\winevt\logs\microsoft-windows-languagepacksetup%4operational.evtx","System.UInt32[]","System.Diagnostics.Eventing.Reader.EventBookmark","Information","Stop","Language Pack cleanup functionality","System.Collections.ObjectModel.ReadOnlyCollection`1[System.String]","System.Collections.Generic.List`1[System.Diagnostics.Eventing.Reader.EventProperty]"
