"The BITS service created a new job: C:\Users\rjaf\AppData\Local\{16E8815F-2526-4D21-A751-6BD964AAFE17}, with owner NT AUTHORITY\SYSTEM","3","0",,"4","0","0","4611686018427387904","9531","Microsoft-Windows-Bits-Client","ef1cc15b-46c1-414e-bb95-e76b077bd51e","Microsoft-Windows-Bits-Client/Operational","964","8012","rjaf-PC4429","S-1-5-18","4/2/2015 12:26:43 AM","85f1ea9c-f89b-0001-a21c-5c782c6bd001",,"c:\users\mac_1\desktop\winevt\logs\microsoft-windows-bits-client%4operational.evtx","System.UInt32[]","System.Diagnostics.Eventing.Reader.EventBookmark","Information","Info",,"System.Collections.ObjectModel.ReadOnlyCollection`1[System.String]","System.Collections.Generic.List`1[System.Diagnostics.Eventing.Reader.EventProperty]"
"Job cancelled. User: NT AUTHORITY\SYSTEM, job: WU Client Download, jobID: {51573F97-6B85-47E9-8A42-5D1A4C87E222}, owner: NT AUTHORITY\SYSTEM, filecount: 0","5","0",,"4","0","0","4611686018427387904","9530","Microsoft-Windows-Bits-Client","ef1cc15b-46c1-414e-bb95-e76b077bd51e","Microsoft-Windows-Bits-Client/Operational","964","7784","rjaf-PC4429","S-1-5-18","3/31/2015 5:01:17 PM",,,"c:\users\mac_1\desktop\winevt\logs\microsoft-windows-bits-client%4operational.evtx","System.UInt32[]","System.Diagnostics.Eventing.Reader.EventBookmark","Information","Info",,"System.Collections.ObjectModel.ReadOnlyCollection`1[System.String]","System.Collections.Generic.List`1[System.Diagnostics.Eventing.Reader.EventProperty]"
"The BITS service created a new job: WU Client Download, with owner NT AUTHORITY\SYSTEM","3","0",,"4","0","0","4611686018427387904","9529","Microsoft-Windows-Bits-Client","ef1cc15b-46c1-414e-bb95-e76b077bd51e","Microsoft-Windows-Bits-Client/Operational","964","7784","rjaf-PC4429","S-1-5-18","3/31/2015 5:01:17 PM",,,"c:\users\mac_1\desktop\winevt\logs\microsoft-windows-bits-client%4operational.evtx","System.UInt32[]","System.Diagnostics.Eventing.Reader.EventBookmark","Information","Info",,"System.Collections.ObjectModel.ReadOnlyCollection`1[System.String]","System.Collections.Generic.List`1[System.Diagnostics.Eventing.Reader.EventProperty]"
"The transfer job is complete.
User: NT AUTHORITY\SYSTEM
Transfer job: WU Client Download
Job ID: {76A8C2F2-055A-4199-A39F-5C1468F19CE7}
Owner: NT AUTHORITY\SYSTEM
File count: 1","4","1",,"4","0","0","4611686018427387904","9528","Microsoft-Windows-Bits-Client","ef1cc15b-46c1-414e-bb95-e76b077bd51e","Microsoft-Windows-Bits-Client/Operational","964","3604","rjaf-PC4429","S-1-5-18","3/31/2015 12:51:05 AM",,,"c:\users\mac_1\desktop\winevt\logs\microsoft-windows-bits-client%4operational.evtx","System.UInt32[]","System.Diagnostics.Eventing.Reader.EventBookmark","Information","Info",,"System.Collections.ObjectModel.ReadOnlyCollection`1[System.String]","System.Collections.Generic.List`1[System.Diagnostics.Eventing.Reader.EventProperty]"
"BITS stopped transferring the WU Client Download transfer job that is associated with the http://au.download.windowsupdate.com/c/msdownload/update/software/defu/2015/03/mpas-d_bd_1.195.475.0_614cbd305c8f42cdebd2209d4a2b18f07d0b2849.exe URL. The status code is 0x0.","60","1",,"4","0","2","4611686018427387904","9527","Microsoft-Windows-Bits-Client","ef1cc15b-46c1-414e-bb95-e76b077bd51e","Microsoft-Windows-Bits-Client/Operational","964","1712","rjaf-PC4429","S-1-5-18","3/31/2015 12:51:05 AM","290381f1-b6ea-4fb6-bb6c-a74d0a2373ad",,"c:\users\mac_1\desktop\winevt\logs\microsoft-windows-bits-client%4operational.evtx","System.UInt32[]","System.Diagnostics.Eventing.Reader.EventBookmark","Information","Stop",,"System.Collections.ObjectModel.ReadOnlyCollection`1[System.String]","System.Collections.Generic.List`1[System.Diagnostics.Eventing.Reader.EventProperty]"
"BITS started the WU Client Download transfer job that is associated with the http://au.download.windowsupdate.com/c/msdownload/update/software/defu/2015/03/mpas-d_bd_1.195.475.0_614cbd305c8f42cdebd2209d4a2b18f07d0b2849.exe URL.","59","1",,"4","0","1","4611686018427387904","9526","Microsoft-Windows-Bits-Client","ef1cc15b-46c1-414e-bb95-e76b077bd51e","Microsoft-Windows-Bits-Client/Operational","964","3604","rjaf-PC4429","S-1-5-18","3/31/2015 12:50:31 AM","290381f1-b6ea-4fb6-bb6c-a74d0a2373ad",,"c:\users\mac_1\desktop\winevt\logs\microsoft-windows-bits-client%4operational.evtx","System.UInt32[]","System.Diagnostics.Eventing.Reader.EventBookmark","Information","Start",,"System.Collections.ObjectModel.ReadOnlyCollection`1[System.String]","System.Collections.Generic.List`1[System.Diagnostics.Eventing.Reader.EventProperty]"
"The BITS service created a new job: WU Client Download, with owner NT AUTHORITY\SYSTEM","3","0",,"4","0","0","4611686018427387904","9525","Microsoft-Windows-Bits-Client","ef1cc15b-46c1-414e-bb95-e76b077bd51e","Microsoft-Windows-Bits-Client/Operational","964","3464","rjaf-PC4429","S-1-5-18","3/31/2015 12:50:30 AM",,,"c:\users\mac_1\desktop\winevt\logs\microsoft-windows-bits-client%4operational.evtx","System.UInt32[]","System.Diagnostics.Eventing.Reader.EventBookmark","Information","Info",,"System.Collections.ObjectModel.ReadOnlyCollection`1[System.String]","System.Collections.Generic.List`1[System.Diagnostics.Eventing.Reader.EventProperty]"
"Job cancelled. User: NT AUTHORITY\SYSTEM, job: WU Client Download, jobID: {C1140195-FB19-4397-BCF7-230C6080D5B6}, owner: NT AUTHORITY\SYSTEM, filecount: 0","5","0",,"4","0","0","4611686018427387904","9524","Microsoft-Windows-Bits-Client","ef1cc15b-46c1-414e-bb95-e76b077bd51e","Microsoft-Windows-Bits-Client/Operational","964","2756","rjaf-PC4429","S-1-5-18","3/30/2015 5:01:11 PM",,,"c:\users\mac_1\desktop\winevt\logs\microsoft-windows-bits-client%4operational.evtx","System.UInt32[]","System.Diagnostics.Eventing.Reader.EventBookmark","Information","Info",,"System.Collections.ObjectModel.ReadOnlyCollection`1[System.String]","System.Collections.Generic.List`1[System.Diagnostics.Eventing.Reader.EventProperty]"
"The BITS service created a new job: WU Client Download, with owner NT AUTHORITY\SYSTEM","3","0",,"4","0","0","4611686018427387904","9523","Microsoft-Windows-Bits-Client","ef1cc15b-46c1-414e-bb95-e76b077bd51e","Microsoft-Windows-Bits-Client/Operational","964","2756","rjaf-PC4429","S-1-5-18","3/30/2015 5:01:11 PM",,,"c:\users\mac_1\desktop\winevt\logs\microsoft-windows-bits-client%4operational.evtx","System.UInt32[]","System.Diagnostics.Eventing.Reader.EventBookmark","Information","Info",,"System.Collections.ObjectModel.ReadOnlyCollection`1[System.String]","System.Collections.Generic.List`1[System.Diagnostics.Eventing.Reader.EventProperty]"
"The transfer job is complete.
User: RJAF-PC4429\rjaf
Transfer job: {AC76BA86-7AD7-1033-7B44-A95000000001}
Job ID: {906C8DD3-2931-412B-B75E-B72DE6064C1E}
Owner: RJAF-PC4429\rjaf
File count: 1","4","1",,"4","0","0","4611686018427387904","9522","Microsoft-Windows-Bits-Client","ef1cc15b-46c1-414e-bb95-e76b077bd51e","Microsoft-Windows-Bits-Client/Operational","964","1764","rjaf-PC4429","S-1-5-18","3/30/2015 2:00:34 PM","85f1ea9c-f89b-0001-a21c-5c782c6bd001",,"c:\users\mac_1\desktop\winevt\logs\microsoft-windows-bits-client%4operational.evtx","System.UInt32[]","System.Diagnostics.Eventing.Reader.EventBookmark","Information","Info",,"System.Collections.ObjectModel.ReadOnlyCollection`1[System.String]","System.Collections.Generic.List`1[System.Diagnostics.Eventing.Reader.EventProperty]"
"BITS stopped transferring the {AC76BA86-7AD7-1033-7B44-A95000000001} transfer job that is associated with the https://armmf.adobe.com/arm-manifests/win/Upgrade/1033/LatestReaderManifest.msi URL. The status code is 0x0.","60","1",,"4","0","2","4611686018427387904","9521","Microsoft-Windows-Bits-Client","ef1cc15b-46c1-414e-bb95-e76b077bd51e","Microsoft-Windows-Bits-Client/Operational","964","1764","rjaf-PC4429","S-1-5-18","3/30/2015 2:00:34 PM","f156edf7-f4ae-4461-b525-58ca90a3d4ce",,"c:\users\mac_1\desktop\winevt\logs\microsoft-windows-bits-client%4operational.evtx","System.UInt32[]","System.Diagnostics.Eventing.Reader.EventBookmark","Information","Stop",,"System.Collections.ObjectModel.ReadOnlyCollection`1[System.String]","System.Collections.Generic.List`1[System.Diagnostics.Eventing.Reader.EventProperty]"
"BITS started the {AC76BA86-7AD7-1033-7B44-A95000000001} transfer job that is associated with the https://armmf.adobe.com/arm-manifests/win/Upgrade/1033/LatestReaderManifest.msi URL.","59","1",,"4","0","1","4611686018427387904","9520","Microsoft-Windows-Bits-Client","ef1cc15b-46c1-414e-bb95-e76b077bd51e","Microsoft-Windows-Bits-Client/Operational","964","2792","rjaf-PC4429","S-1-5-18","3/30/2015 2:00:32 PM","f156edf7-f4ae-4461-b525-58ca90a3d4ce",,"c:\users\mac_1\desktop\winevt\logs\microsoft-windows-bits-client%4operational.evtx","System.UInt32[]","System.Diagnostics.Eventing.Reader.EventBookmark","Information","Start",,"System.Collections.ObjectModel.ReadOnlyCollection`1[System.String]","System.Collections.Generic.List`1[System.Diagnostics.Eventing.Reader.EventProperty]"
"The BITS service created a new job: {AC76BA86-7AD7-1033-7B44-A95000000001}, with owner RJAF-PC4429\rjaf","3","0",,"4","0","0","4611686018427387904","9519","Microsoft-Windows-Bits-Client","ef1cc15b-46c1-414e-bb95-e76b077bd51e","Microsoft-Windows-Bits-Client/Operational","964","1132","rjaf-PC4429","S-1-5-18","3/30/2015 2:00:32 PM","85f1ea9c-f89b-0001-a21c-5c782c6bd001",,"c:\users\mac_1\desktop\winevt\logs\microsoft-windows-bits-client%4operational.evtx","System.UInt32[]","System.Diagnostics.Eventing.Reader.EventBookmark","Information","Info",,"System.Collections.ObjectModel.ReadOnlyCollection`1[System.String]","System.Collections.Generic.List`1[System.Diagnostics.Eventing.Reader.EventProperty]"
"The transfer job is complete.
User: RJAF-PC4429\rjaf
Transfer job: {AC76BA86-7AD7-1033-7B44-A95000000001}
Job ID: {0612AE79-A859-420C-A342-C010CAB7A239}
Owner: RJAF-PC4429\rjaf
File count: 1","4","1",,"4","0","0","4611686018427387904","9518","Microsoft-Windows-Bits-Client","ef1cc15b-46c1-414e-bb95-e76b077bd51e","Microsoft-Windows-Bits-Client/Operational","964","1132","rjaf-PC4429","S-1-5-18","3/30/2015 2:00:32 PM","85f1ea9c-f89b-0001-a21c-5c782c6bd001",,"c:\users\mac_1\desktop\winevt\logs\microsoft-windows-bits-client%4operational.evtx","System.UInt32[]","System.Diagnostics.Eventing.Reader.EventBookmark","Information","Info",,"System.Collections.ObjectModel.ReadOnlyCollection`1[System.String]","System.Collections.Generic.List`1[System.Diagnostics.Eventing.Reader.EventProperty]"
"BITS stopped transferring the {AC76BA86-7AD7-1033-7B44-A95000000001} transfer job that is associated with the https://armmf.adobe.com/arm-manifests/win/Reader9Manifest.msi URL. The status code is 0x0.","60","1",,"4","0","2","4611686018427387904","9517","Microsoft-Windows-Bits-Client","ef1cc15b-46c1-414e-bb95-e76b077bd51e","Microsoft-Windows-Bits-Client/Operational","964","1868","rjaf-PC4429","S-1-5-18","3/30/2015 2:00:31 PM","b99c31e7-853e-4dfb-9458-1d8397abd051",,"c:\users\mac_1\desktop\winevt\logs\microsoft-windows-bits-client%4operational.evtx","System.UInt32[]","System.Diagnostics.Eventing.Reader.EventBookmark","Information","Stop",,"System.Collections.ObjectModel.ReadOnlyCollection`1[System.String]","System.Collections.Generic.List`1[System.Diagnostics.Eventing.Reader.EventProperty]"
"BITS started the {AC76BA86-7AD7-1033-7B44-A95000000001} transfer job that is associated with the https://armmf.adobe.com/arm-manifests/win/Reader9Manifest.msi URL.","59","1",,"4","0","1","4611686018427387904","9516","Microsoft-Windows-Bits-Client","ef1cc15b-46c1-414e-bb95-e76b077bd51e","Microsoft-Windows-Bits-Client/Operational","964","2792","rjaf-PC4429","S-1-5-18","3/30/2015 2:00:18 PM","b99c31e7-853e-4dfb-9458-1d8397abd051",,"c:\users\mac_1\desktop\winevt\logs\microsoft-windows-bits-client%4operational.evtx","System.UInt32[]","System.Diagnostics.Eventing.Reader.EventBookmark","Information","Start",,"System.Collections.ObjectModel.ReadOnlyCollection`1[System.String]","System.Collections.Generic.List`1[System.Diagnostics.Eventing.Reader.EventProperty]"
"The BITS service created a new job: {AC76BA86-7AD7-1033-7B44-A95000000001}, with owner RJAF-PC4429\rjaf","3","0",,"4","0","0","4611686018427387904","9515","Microsoft-Windows-Bits-Client","ef1cc15b-46c1-414e-bb95-e76b077bd51e","Microsoft-Windows-Bits-Client/Operational","964","2044","rjaf-PC4429","S-1-5-18","3/30/2015 2:00:17 PM","85f1ea9c-f89b-0001-a21c-5c782c6bd001",,"c:\users\mac_1\desktop\winevt\logs\microsoft-windows-bits-client%4operational.evtx","System.UInt32[]","System.Diagnostics.Eventing.Reader.EventBookmark","Information","Info",,"System.Collections.ObjectModel.ReadOnlyCollection`1[System.String]","System.Collections.Generic.List`1[System.Diagnostics.Eventing.Reader.EventProperty]"
"The BITS service loaded the job list from disk.","306","0",,"5","0","0","4611686018427387904","9514","Microsoft-Windows-Bits-Client","ef1cc15b-46c1-414e-bb95-e76b077bd51e","Microsoft-Windows-Bits-Client/Operational","964","2152","rjaf-PC4429","S-1-5-18","3/30/2015 2:00:16 PM",,,"c:\users\mac_1\desktop\winevt\logs\microsoft-windows-bits-client%4operational.evtx","System.UInt32[]","System.Diagnostics.Eventing.Reader.EventBookmark","Verbose","Info",,"System.Collections.ObjectModel.ReadOnlyCollection`1[System.String]","System.Collections.Generic.List`1[System.Diagnostics.Eventing.Reader.EventProperty]"
"Job cancelled. User: NT AUTHORITY\SYSTEM, job: WU Client Download, jobID: {09B85092-1DF3-4F94-97E8-0E0446041918}, owner: NT AUTHORITY\SYSTEM, filecount: 0","5","0",,"4","0","0","4611686018427387904","9513","Microsoft-Windows-Bits-Client","ef1cc15b-46c1-414e-bb95-e76b077bd51e","Microsoft-Windows-Bits-Client/Operational","964","3920","rjaf-PC4429","S-1-5-18","3/29/2015 10:17:18 PM",,,"c:\users\mac_1\desktop\winevt\logs\microsoft-windows-bits-client%4operational.evtx","System.UInt32[]","System.Diagnostics.Eventing.Reader.EventBookmark","Information","Info",,"System.Collections.ObjectModel.ReadOnlyCollection`1[System.String]","System.Collections.Generic.List`1[System.Diagnostics.Eventing.Reader.EventProperty]"
"The BITS service created a new job: WU Client Download, with owner NT AUTHORITY\SYSTEM","3","0",,"4","0","0","4611686018427387904","9512","Microsoft-Windows-Bits-Client","ef1cc15b-46c1-414e-bb95-e76b077bd51e","Microsoft-Windows-Bits-Client/Operational","964","3920","rjaf-PC4429","S-1-5-18","3/29/2015 10:17:18 PM",,,"c:\users\mac_1\desktop\winevt\logs\microsoft-windows-bits-client%4operational.evtx","System.UInt32[]","System.Diagnostics.Eventing.Reader.EventBookmark","Information","Info",,"System.Collections.ObjectModel.ReadOnlyCollection`1[System.String]","System.Collections.Generic.List`1[System.Diagnostics.Eventing.Reader.EventProperty]"
"Job cancelled. User: NT AUTHORITY\SYSTEM, job: WU Client Download, jobID: {300DFB5A-6C76-4AE1-A8B8-9559E5FD3D08}, owner: NT AUTHORITY\SYSTEM, filecount: 0","5","0",,"4","0","0","4611686018427387904","9511","Microsoft-Windows-Bits-Client","ef1cc15b-46c1-414e-bb95-e76b077bd51e","Microsoft-Windows-Bits-Client/Operational","964","3920","rjaf-PC4429","S-1-5-18","3/29/2015 10:15:46 PM",,,"c:\users\mac_1\desktop\winevt\logs\microsoft-windows-bits-client%4operational.evtx","System.UInt32[]","System.Diagnostics.Eventing.Reader.EventBookmark","Information","Info",,"System.Collections.ObjectModel.ReadOnlyCollection`1[System.String]","System.Collections.Generic.List`1[System.Diagnostics.Eventing.Reader.EventProperty]"
"The BITS service created a new job: WU Client Download, with owner NT AUTHORITY\SYSTEM","3","0",,"4","0","0","4611686018427387904","9510","Microsoft-Windows-Bits-Client","ef1cc15b-46c1-414e-bb95-e76b077bd51e","Microsoft-Windows-Bits-Client/Operational","964","3920","rjaf-PC4429","S-1-5-18","3/29/2015 10:15:46 PM",,,"c:\users\mac_1\desktop\winevt\logs\microsoft-windows-bits-client%4operational.evtx","System.UInt32[]","System.Diagnostics.Eventing.Reader.EventBookmark","Information","Info",,"System.Collections.ObjectModel.ReadOnlyCollection`1[System.String]","System.Collections.Generic.List`1[System.Diagnostics.Eventing.Reader.EventProperty]"
"The transfer job is complete.
User: RJAF-PC4429\rjaf
Transfer job: {AC76BA86-7AD7-1033-7B44-A95000000001}
Job ID: {40C03CB4-3E65-4148-A06B-F0B64ED0CDE0}
Owner: RJAF-PC4429\rjaf
File count: 1","4","1",,"4","0","0","4611686018427387904","9509","Microsoft-Windows-Bits-Client","ef1cc15b-46c1-414e-bb95-e76b077bd51e","Microsoft-Windows-Bits-Client/Operational","964","320","rjaf-PC4429","S-1-5-18","3/29/2015 10:13:04 PM","85f02a9c-e89b-0001-02e9-201ba86ad001",,"c:\users\mac_1\desktop\winevt\logs\microsoft-windows-bits-client%4operational.evtx","System.UInt32[]","System.Diagnostics.Eventing.Reader.EventBookmark","Information","Info",,"System.Collections.ObjectModel.ReadOnlyCollection`1[System.String]","System.Collections.Generic.List`1[System.Diagnostics.Eventing.Reader.EventProperty]"
"BITS stopped transferring the {AC76BA86-7AD7-1033-7B44-A95000000001} transfer job that is associated with the https://armmf.adobe.com/arm-manifests/win/Upgrade/1033/LatestReaderManifest.msi URL. The status code is 0x0.","60","1",,"4","0","2","4611686018427387904","9508","Microsoft-Windows-Bits-Client","ef1cc15b-46c1-414e-bb95-e76b077bd51e","Microsoft-Windows-Bits-Client/Operational","964","984","rjaf-PC4429","S-1-5-18","3/29/2015 10:13:04 PM","cf079f4f-d592-446f-9f94-1ca30fe69b91",,"c:\users\mac_1\desktop\winevt\logs\microsoft-windows-bits-client%4operational.evtx","System.UInt32[]","System.Diagnostics.Eventing.Reader.EventBookmark","Information","Stop",,"System.Collections.ObjectModel.ReadOnlyCollection`1[System.String]","System.Collections.Generic.List`1[System.Diagnostics.Eventing.Reader.EventProperty]"
"BITS started the {AC76BA86-7AD7-1033-7B44-A95000000001} transfer job that is associated with the https://armmf.adobe.com/arm-manifests/win/Upgrade/1033/LatestReaderManifest.msi URL.","59","1",,"4","0","1","4611686018427387904","9507","Microsoft-Windows-Bits-Client","ef1cc15b-46c1-414e-bb95-e76b077bd51e","Microsoft-Windows-Bits-Client/Operational","964","2716","rjaf-PC4429","S-1-5-18","3/29/2015 10:13:02 PM","cf079f4f-d592-446f-9f94-1ca30fe69b91",,"c:\users\mac_1\desktop\winevt\logs\microsoft-windows-bits-client%4operational.evtx","System.UInt32[]","System.Diagnostics.Eventing.Reader.EventBookmark","Information","Start",,"System.Collections.ObjectModel.ReadOnlyCollection`1[System.String]","System.Collections.Generic.List`1[System.Diagnostics.Eventing.Reader.EventProperty]"
"The BITS service created a new job: {AC76BA86-7AD7-1033-7B44-A95000000001}, with owner RJAF-PC4429\rjaf","3","0",,"4","0","0","4611686018427387904","9506","Microsoft-Windows-Bits-Client","ef1cc15b-46c1-414e-bb95-e76b077bd51e","Microsoft-Windows-Bits-Client/Operational","964","296","rjaf-PC4429","S-1-5-18","3/29/2015 10:13:02 PM","85f02a9c-e89b-0001-02e9-201ba86ad001",,"c:\users\mac_1\desktop\winevt\logs\microsoft-windows-bits-client%4operational.evtx","System.UInt32[]","System.Diagnostics.Eventing.Reader.EventBookmark","Information","Info",,"System.Collections.ObjectModel.ReadOnlyCollection`1[System.String]","System.Collections.Generic.List`1[System.Diagnostics.Eventing.Reader.EventProperty]"
"The transfer job is complete.
User: RJAF-PC4429\rjaf
Transfer job: {AC76BA86-7AD7-1033-7B44-A95000000001}
Job ID: {C1933DA0-6837-4B83-AB95-16796E704A27}
Owner: RJAF-PC4429\rjaf
File count: 1","4","1",,"4","0","0","4611686018427387904","9505","Microsoft-Windows-Bits-Client","ef1cc15b-46c1-414e-bb95-e76b077bd51e","Microsoft-Windows-Bits-Client/Operational","964","316","rjaf-PC4429","S-1-5-18","3/29/2015 10:13:02 PM","85f02a9c-e89b-0001-02e9-201ba86ad001",,"c:\users\mac_1\desktop\winevt\logs\microsoft-windows-bits-client%4operational.evtx","System.UInt32[]","System.Diagnostics.Eventing.Reader.EventBookmark","Information","Info",,"System.Collections.ObjectModel.ReadOnlyCollection`1[System.String]","System.Collections.Generic.List`1[System.Diagnostics.Eventing.Reader.EventProperty]"
"BITS stopped transferring the {AC76BA86-7AD7-1033-7B44-A95000000001} transfer job that is associated with the https://armmf.adobe.com/arm-manifests/win/Reader9Manifest.msi URL. The status code is 0x0.","60","1",,"4","0","2","4611686018427387904","9504","Microsoft-Windows-Bits-Client","ef1cc15b-46c1-414e-bb95-e76b077bd51e","Microsoft-Windows-Bits-Client/Operational","964","296","rjaf-PC4429","S-1-5-18","3/29/2015 10:13:02 PM","5bc75600-ee9e-4b57-9060-8580486ee437",,"c:\users\mac_1\desktop\winevt\logs\microsoft-windows-bits-client%4operational.evtx","System.UInt32[]","System.Diagnostics.Eventing.Reader.EventBookmark","Information","Stop",,"System.Collections.ObjectModel.ReadOnlyCollection`1[System.String]","System.Collections.Generic.List`1[System.Diagnostics.Eventing.Reader.EventProperty]"
"BITS started the {AC76BA86-7AD7-1033-7B44-A95000000001} transfer job that is associated with the https://armmf.adobe.com/arm-manifests/win/Reader9Manifest.msi URL.","59","1",,"4","0","1","4611686018427387904","9503","Microsoft-Windows-Bits-Client","ef1cc15b-46c1-414e-bb95-e76b077bd51e","Microsoft-Windows-Bits-Client/Operational","964","2716","rjaf-PC4429","S-1-5-18","3/29/2015 10:12:47 PM","5bc75600-ee9e-4b57-9060-8580486ee437",,"c:\users\mac_1\desktop\winevt\logs\microsoft-windows-bits-client%4operational.evtx","System.UInt32[]","System.Diagnostics.Eventing.Reader.EventBookmark","Information","Start",,"System.Collections.ObjectModel.ReadOnlyCollection`1[System.String]","System.Collections.Generic.List`1[System.Diagnostics.Eventing.Reader.EventProperty]"
"The BITS service created a new job: {AC76BA86-7AD7-1033-7B44-A95000000001}, with owner RJAF-PC4429\rjaf","3","0",,"4","0","0","4611686018427387904","9502","Microsoft-Windows-Bits-Client","ef1cc15b-46c1-414e-bb95-e76b077bd51e","Microsoft-Windows-Bits-Client/Operational","964","320","rjaf-PC4429","S-1-5-18","3/29/2015 10:12:46 PM","85f02a9c-e89b-0001-02e9-201ba86ad001",,"c:\users\mac_1\desktop\winevt\logs\microsoft-windows-bits-client%4operational.evtx","System.UInt32[]","System.Diagnostics.Eventing.Reader.EventBookmark","Information","Info",,"System.Collections.ObjectModel.ReadOnlyCollection`1[System.String]","System.Collections.Generic.List`1[System.Diagnostics.Eventing.Reader.EventProperty]"
"The BITS service loaded the job list from disk.","306","0",,"5","0","0","4611686018427387904","9501","Microsoft-Windows-Bits-Client","ef1cc15b-46c1-414e-bb95-e76b077bd51e","Microsoft-Windows-Bits-Client/Operational","964","2640","rjaf-PC4429","S-1-5-18","3/29/2015 10:12:46 PM",,,"c:\users\mac_1\desktop\winevt\logs\microsoft-windows-bits-client%4operational.evtx","System.UInt32[]","System.Diagnostics.Eventing.Reader.EventBookmark","Verbose","Info",,"System.Collections.ObjectModel.ReadOnlyCollection`1[System.String]","System.Collections.Generic.List`1[System.Diagnostics.Eventing.Reader.EventProperty]"
"Job cancelled. User: NT AUTHORITY\SYSTEM, job: WU Client Download, jobID: {E7F070CC-EDF9-4CF0-A0A3-3487B6CFDF36}, owner: NT AUTHORITY\SYSTEM, filecount: 0","5","0",,"4","0","0","4611686018427387904","9500","Microsoft-Windows-Bits-Client","ef1cc15b-46c1-414e-bb95-e76b077bd51e","Microsoft-Windows-Bits-Client/Operational","984","2676","rjaf-PC4429","S-1-5-18","3/29/2015 6:05:32 AM",,,"c:\users\mac_1\desktop\winevt\logs\microsoft-windows-bits-client%4operational.evtx","System.UInt32[]","System.Diagnostics.Eventing.Reader.EventBookmark","Information","Info",,"System.Collections.ObjectModel.ReadOnlyCollection`1[System.String]","System.Collections.Generic.List`1[System.Diagnostics.Eventing.Reader.EventProperty]"
"The BITS service created a new job: WU Client Download, with owner NT AUTHORITY\SYSTEM","3","0",,"4","0","0","4611686018427387904","9499","Microsoft-Windows-Bits-Client","ef1cc15b-46c1-414e-bb95-e76b077bd51e","Microsoft-Windows-Bits-Client/Operational","984","2676","rjaf-PC4429","S-1-5-18","3/29/2015 6:05:32 AM",,,"c:\users\mac_1\desktop\winevt\logs\microsoft-windows-bits-client%4operational.evtx","System.UInt32[]","System.Diagnostics.Eventing.Reader.EventBookmark","Information","Info",,"System.Collections.ObjectModel.ReadOnlyCollection`1[System.String]","System.Collections.Generic.List`1[System.Diagnostics.Eventing.Reader.EventProperty]"
"The transfer job is complete.
User: RJAF-PC4429\rjaf
Transfer job: {AC76BA86-7AD7-1033-7B44-A95000000001}
Job ID: {71CD0B91-0562-4A04-80E1-8622CB563FEA}
Owner: RJAF-PC4429\rjaf
File count: 1","4","1",,"4","0","0","4611686018427387904","9498","Microsoft-Windows-Bits-Client","ef1cc15b-46c1-414e-bb95-e76b077bd51e","Microsoft-Windows-Bits-Client/Operational","984","1144","rjaf-PC4429","S-1-5-18","3/29/2015 6:03:24 AM","85f03364-289b-0002-2312-bd86206ad001",,"c:\users\mac_1\desktop\winevt\logs\microsoft-windows-bits-client%4operational.evtx","System.UInt32[]","System.Diagnostics.Eventing.Reader.EventBookmark","Information","Info",,"System.Collections.ObjectModel.ReadOnlyCollection`1[System.String]","System.Collections.Generic.List`1[System.Diagnostics.Eventing.Reader.EventProperty]"
"BITS stopped transferring the {AC76BA86-7AD7-1033-7B44-A95000000001} transfer job that is associated with the https://armmf.adobe.com/arm-manifests/win/Upgrade/1033/LatestReaderManifest.msi URL. The status code is 0x0.","60","1",,"4","0","2","4611686018427387904","9497","Microsoft-Windows-Bits-Client","ef1cc15b-46c1-414e-bb95-e76b077bd51e","Microsoft-Windows-Bits-Client/Operational","984","116","rjaf-PC4429","S-1-5-18","3/29/2015 6:03:24 AM","761add7d-daac-41f3-900e-d1d431ae8dc4",,"c:\users\mac_1\desktop\winevt\logs\microsoft-windows-bits-client%4operational.evtx","System.UInt32[]","System.Diagnostics.Eventing.Reader.EventBookmark","Information","Stop",,"System.Collections.ObjectModel.ReadOnlyCollection`1[System.String]","System.Collections.Generic.List`1[System.Diagnostics.Eventing.Reader.EventProperty]"
"BITS started the {AC76BA86-7AD7-1033-7B44-A95000000001} transfer job that is associated with the https://armmf.adobe.com/arm-manifests/win/Upgrade/1033/LatestReaderManifest.msi URL.","59","1",,"4","0","1","4611686018427387904","9496","Microsoft-Windows-Bits-Client","ef1cc15b-46c1-414e-bb95-e76b077bd51e","Microsoft-Windows-Bits-Client/Operational","984","2748","rjaf-PC4429","S-1-5-18","3/29/2015 6:03:07 AM","761add7d-daac-41f3-900e-d1d431ae8dc4",,"c:\users\mac_1\desktop\winevt\logs\microsoft-windows-bits-client%4operational.evtx","System.UInt32[]","System.Diagnostics.Eventing.Reader.EventBookmark","Information","Start",,"System.Collections.ObjectModel.ReadOnlyCollection`1[System.String]","System.Collections.Generic.List`1[System.Diagnostics.Eventing.Reader.EventProperty]"
"The BITS service created a new job: {AC76BA86-7AD7-1033-7B44-A95000000001}, with owner RJAF-PC4429\rjaf","3","0",,"4","0","0","4611686018427387904","9495","Microsoft-Windows-Bits-Client","ef1cc15b-46c1-414e-bb95-e76b077bd51e","Microsoft-Windows-Bits-Client/Operational","984","1144","rjaf-PC4429","S-1-5-18","3/29/2015 6:03:05 AM","85f03364-289b-0002-2312-bd86206ad001",,"c:\users\mac_1\desktop\winevt\logs\microsoft-windows-bits-client%4operational.evtx","System.UInt32[]","System.Diagnostics.Eventing.Reader.EventBookmark","Information","Info",,"System.Collections.ObjectModel.ReadOnlyCollection`1[System.String]","System.Collections.Generic.List`1[System.Diagnostics.Eventing.Reader.EventProperty]"
"The transfer job is complete.
User: RJAF-PC4429\rjaf
Transfer job: {AC76BA86-7AD7-1033-7B44-A95000000001}
Job ID: {A19EEDAE-0658-473D-8ACA-6DD6EF3579C3}
Owner: RJAF-PC4429\rjaf
File count: 1","4","1",,"4","0","0","4611686018427387904","9494","Microsoft-Windows-Bits-Client","ef1cc15b-46c1-414e-bb95-e76b077bd51e","Microsoft-Windows-Bits-Client/Operational","984","272","rjaf-PC4429","S-1-5-18","3/29/2015 6:02:48 AM",,,"c:\users\mac_1\desktop\winevt\logs\microsoft-windows-bits-client%4operational.evtx","System.UInt32[]","System.Diagnostics.Eventing.Reader.EventBookmark","Information","Info",,"System.Collections.ObjectModel.ReadOnlyCollection`1[System.String]","System.Collections.Generic.List`1[System.Diagnostics.Eventing.Reader.EventProperty]"
"BITS stopped transferring the {AC76BA86-7AD7-1033-7B44-A95000000001} transfer job that is associated with the https://armmf.adobe.com/arm-manifests/win/Reader9Manifest.msi URL. The status code is 0x0.","60","1",,"4","0","2","4611686018427387904","9493","Microsoft-Windows-Bits-Client","ef1cc15b-46c1-414e-bb95-e76b077bd51e","Microsoft-Windows-Bits-Client/Operational","984","272","rjaf-PC4429","S-1-5-18","3/29/2015 6:02:48 AM","eb8edfb5-90b9-46c5-8d7b-ee7f6b05799b",,"c:\users\mac_1\desktop\winevt\logs\microsoft-windows-bits-client%4operational.evtx","System.UInt32[]","System.Diagnostics.Eventing.Reader.EventBookmark","Information","Stop",,"System.Collections.ObjectModel.ReadOnlyCollection`1[System.String]","System.Collections.Generic.List`1[System.Diagnostics.Eventing.Reader.EventProperty]"
"BITS started the {AC76BA86-7AD7-1033-7B44-A95000000001} transfer job that is associated with the https://armmf.adobe.com/arm-manifests/win/Reader9Manifest.msi URL.","59","1",,"4","0","1","4611686018427387904","9492","Microsoft-Windows-Bits-Client","ef1cc15b-46c1-414e-bb95-e76b077bd51e","Microsoft-Windows-Bits-Client/Operational","984","2748","rjaf-PC4429","S-1-5-18","3/29/2015 6:02:28 AM","eb8edfb5-90b9-46c5-8d7b-ee7f6b05799b",,"c:\users\mac_1\desktop\winevt\logs\microsoft-windows-bits-client%4operational.evtx","System.UInt32[]","System.Diagnostics.Eventing.Reader.EventBookmark","Information","Start",,"System.Collections.ObjectModel.ReadOnlyCollection`1[System.String]","System.Collections.Generic.List`1[System.Diagnostics.Eventing.Reader.EventProperty]"
"The BITS service created a new job: {AC76BA86-7AD7-1033-7B44-A95000000001}, with owner RJAF-PC4429\rjaf","3","0",,"4","0","0","4611686018427387904","9491","Microsoft-Windows-Bits-Client","ef1cc15b-46c1-414e-bb95-e76b077bd51e","Microsoft-Windows-Bits-Client/Operational","984","388","rjaf-PC4429","S-1-5-18","3/29/2015 6:02:16 AM","85f03364-289b-0002-2312-bd86206ad001",,"c:\users\mac_1\desktop\winevt\logs\microsoft-windows-bits-client%4operational.evtx","System.UInt32[]","System.Diagnostics.Eventing.Reader.EventBookmark","Information","Info",,"System.Collections.ObjectModel.ReadOnlyCollection`1[System.String]","System.Collections.Generic.List`1[System.Diagnostics.Eventing.Reader.EventProperty]"
"The BITS service loaded the job list from disk.","306","0",,"5","0","0","4611686018427387904","9490","Microsoft-Windows-Bits-Client","ef1cc15b-46c1-414e-bb95-e76b077bd51e","Microsoft-Windows-Bits-Client/Operational","984","2340","rjaf-PC4429","S-1-5-18","3/29/2015 6:02:15 AM",,,"c:\users\mac_1\desktop\winevt\logs\microsoft-windows-bits-client%4operational.evtx","System.UInt32[]","System.Diagnostics.Eventing.Reader.EventBookmark","Verbose","Info",,"System.Collections.ObjectModel.ReadOnlyCollection`1[System.String]","System.Collections.Generic.List`1[System.Diagnostics.Eventing.Reader.EventProperty]"
"The transfer job is complete.
User: NT AUTHORITY\SYSTEM
Transfer job: WU Client Download
Job ID: {A1E8DE70-128A-4EB3-A837-73EDFE2A1651}
Owner: NT AUTHORITY\SYSTEM
File count: 1","4","1",,"4","0","0","4611686018427387904","9489","Microsoft-Windows-Bits-Client","ef1cc15b-46c1-414e-bb95-e76b077bd51e","Microsoft-Windows-Bits-Client/Operational","960","1740","rjaf-PC4429","S-1-5-18","3/27/2015 5:02:28 PM",,,"c:\users\mac_1\desktop\winevt\logs\microsoft-windows-bits-client%4operational.evtx","System.UInt32[]","System.Diagnostics.Eventing.Reader.EventBookmark","Information","Info",,"System.Collections.ObjectModel.ReadOnlyCollection`1[System.String]","System.Collections.Generic.List`1[System.Diagnostics.Eventing.Reader.EventProperty]"
"BITS stopped transferring the WU Client Download transfer job that is associated with the http://au.download.windowsupdate.com/c/msdownload/update/software/defu/2015/03/mpas-d_bd_1.195.84.0_f0d4882352c45cf70f865dd4dcf034a8973c6c83.exe URL. The status code is 0x0.","60","1",,"4","0","2","4611686018427387904","9488","Microsoft-Windows-Bits-Client","ef1cc15b-46c1-414e-bb95-e76b077bd51e","Microsoft-Windows-Bits-Client/Operational","960","3496","rjaf-PC4429","S-1-5-18","3/27/2015 5:02:28 PM","2dc2f162-abe6-4baa-9358-e7ce4de894ff",,"c:\users\mac_1\desktop\winevt\logs\microsoft-windows-bits-client%4operational.evtx","System.UInt32[]","System.Diagnostics.Eventing.Reader.EventBookmark","Information","Stop",,"System.Collections.ObjectModel.ReadOnlyCollection`1[System.String]","System.Collections.Generic.List`1[System.Diagnostics.Eventing.Reader.EventProperty]"
"BITS started the WU Client Download transfer job that is associated with the http://au.download.windowsupdate.com/c/msdownload/update/software/defu/2015/03/mpas-d_bd_1.195.84.0_f0d4882352c45cf70f865dd4dcf034a8973c6c83.exe URL.","59","1",,"4","0","1","4611686018427387904","9487","Microsoft-Windows-Bits-Client","ef1cc15b-46c1-414e-bb95-e76b077bd51e","Microsoft-Windows-Bits-Client/Operational","960","1672","rjaf-PC4429","S-1-5-18","3/27/2015 5:01:18 PM","2dc2f162-abe6-4baa-9358-e7ce4de894ff",,"c:\users\mac_1\desktop\winevt\logs\microsoft-windows-bits-client%4operational.evtx","System.UInt32[]","System.Diagnostics.Eventing.Reader.EventBookmark","Information","Start",,"System.Collections.ObjectModel.ReadOnlyCollection`1[System.String]","System.Collections.Generic.List`1[System.Diagnostics.Eventing.Reader.EventProperty]"
"Job cancelled. User: NT AUTHORITY\SYSTEM, job: WU Client Download, jobID: {3AA00178-28C7-4836-9709-44B77B7DED2B}, owner: NT AUTHORITY\SYSTEM, filecount: 0","5","0",,"4","0","0","4611686018427387904","9486","Microsoft-Windows-Bits-Client","ef1cc15b-46c1-414e-bb95-e76b077bd51e","Microsoft-Windows-Bits-Client/Operational","960","188","rjaf-PC4429","S-1-5-18","3/27/2015 5:01:17 PM",,,"c:\users\mac_1\desktop\winevt\logs\microsoft-windows-bits-client%4operational.evtx","System.UInt32[]","System.Diagnostics.Eventing.Reader.EventBookmark","Information","Info",,"System.Collections.ObjectModel.ReadOnlyCollection`1[System.String]","System.Collections.Generic.List`1[System.Diagnostics.Eventing.Reader.EventProperty]"
"The BITS service created a new job: WU Client Download, with owner NT AUTHORITY\SYSTEM","3","0",,"4","0","0","4611686018427387904","9485","Microsoft-Windows-Bits-Client","ef1cc15b-46c1-414e-bb95-e76b077bd51e","Microsoft-Windows-Bits-Client/Operational","960","188","rjaf-PC4429","S-1-5-18","3/27/2015 5:01:17 PM",,,"c:\users\mac_1\desktop\winevt\logs\microsoft-windows-bits-client%4operational.evtx","System.UInt32[]","System.Diagnostics.Eventing.Reader.EventBookmark","Information","Info",,"System.Collections.ObjectModel.ReadOnlyCollection`1[System.String]","System.Collections.Generic.List`1[System.Diagnostics.Eventing.Reader.EventProperty]"
"The BITS service created a new job: WU Client Download, with owner NT AUTHORITY\SYSTEM","3","0",,"4","0","0","4611686018427387904","9484","Microsoft-Windows-Bits-Client","ef1cc15b-46c1-414e-bb95-e76b077bd51e","Microsoft-Windows-Bits-Client/Operational","960","188","rjaf-PC4429","S-1-5-18","3/27/2015 5:01:16 PM",,,"c:\users\mac_1\desktop\winevt\logs\microsoft-windows-bits-client%4operational.evtx","System.UInt32[]","System.Diagnostics.Eventing.Reader.EventBookmark","Information","Info",,"System.Collections.ObjectModel.ReadOnlyCollection`1[System.String]","System.Collections.Generic.List`1[System.Diagnostics.Eventing.Reader.EventProperty]"
"Job cancelled. User: NT AUTHORITY\SYSTEM, job: WU Client Download, jobID: {6A0F833D-A6BF-4496-9AF8-3944A68FA9BB}, owner: NT AUTHORITY\SYSTEM, filecount: 0","5","0",,"4","0","0","4611686018427387904","9483","Microsoft-Windows-Bits-Client","ef1cc15b-46c1-414e-bb95-e76b077bd51e","Microsoft-Windows-Bits-Client/Operational","960","1708","rjaf-PC4429","S-1-5-18","3/26/2015 6:01:06 PM",,,"c:\users\mac_1\desktop\winevt\logs\microsoft-windows-bits-client%4operational.evtx","System.UInt32[]","System.Diagnostics.Eventing.Reader.EventBookmark","Information","Info",,"System.Collections.ObjectModel.ReadOnlyCollection`1[System.String]","System.Collections.Generic.List`1[System.Diagnostics.Eventing.Reader.EventProperty]"
"The BITS service created a new job: WU Client Download, with owner NT AUTHORITY\SYSTEM","3","0",,"4","0","0","4611686018427387904","9482","Microsoft-Windows-Bits-Client","ef1cc15b-46c1-414e-bb95-e76b077bd51e","Microsoft-Windows-Bits-Client/Operational","960","1708","rjaf-PC4429","S-1-5-18","3/26/2015 6:01:06 PM",,,"c:\users\mac_1\desktop\winevt\logs\microsoft-windows-bits-client%4operational.evtx","System.UInt32[]","System.Diagnostics.Eventing.Reader.EventBookmark","Information","Info",,"System.Collections.ObjectModel.ReadOnlyCollection`1[System.String]","System.Collections.Generic.List`1[System.Diagnostics.Eventing.Reader.EventProperty]"
"Job cancelled. User: NT AUTHORITY\SYSTEM, job: WU Client Download, jobID: {E5844D77-6950-4F21-B842-F7E6AE8C33F4}, owner: NT AUTHORITY\SYSTEM, filecount: 0","5","0",,"4","0","0","4611686018427387904","9481","Microsoft-Windows-Bits-Client","ef1cc15b-46c1-414e-bb95-e76b077bd51e","Microsoft-Windows-Bits-Client/Operational","960","3220","rjaf-PC4429","S-1-5-18","3/25/2015 11:16:19 PM",,,"c:\users\mac_1\desktop\winevt\logs\microsoft-windows-bits-client%4operational.evtx","System.UInt32[]","System.Diagnostics.Eventing.Reader.EventBookmark","Information","Info",,"System.Collections.ObjectModel.ReadOnlyCollection`1[System.String]","System.Collections.Generic.List`1[System.Diagnostics.Eventing.Reader.EventProperty]"
"The BITS service created a new job: WU Client Download, with owner NT AUTHORITY\SYSTEM","3","0",,"4","0","0","4611686018427387904","9480","Microsoft-Windows-Bits-Client","ef1cc15b-46c1-414e-bb95-e76b077bd51e","Microsoft-Windows-Bits-Client/Operational","960","3220","rjaf-PC4429","S-1-5-18","3/25/2015 11:16:19 PM",,,"c:\users\mac_1\desktop\winevt\logs\microsoft-windows-bits-client%4operational.evtx","System.UInt32[]","System.Diagnostics.Eventing.Reader.EventBookmark","Information","Info",,"System.Collections.ObjectModel.ReadOnlyCollection`1[System.String]","System.Collections.Generic.List`1[System.Diagnostics.Eventing.Reader.EventProperty]"
"The transfer job is complete.
User: RJAF-PC4429\rjaf
Transfer job: {AC76BA86-7AD7-1033-7B44-A95000000001}
Job ID: {B97F09AA-01AC-4881-BEA9-71995C1E5AE1}
Owner: RJAF-PC4429\rjaf
File count: 1","4","1",,"4","0","0","4611686018427387904","9479","Microsoft-Windows-Bits-Client","ef1cc15b-46c1-414e-bb95-e76b077bd51e","Microsoft-Windows-Bits-Client/Operational","960","264","rjaf-PC4429","S-1-5-18","3/25/2015 11:13:23 PM",,,"c:\users\mac_1\desktop\winevt\logs\microsoft-windows-bits-client%4operational.evtx","System.UInt32[]","System.Diagnostics.Eventing.Reader.EventBookmark","Information","Info",,"System.Collections.ObjectModel.ReadOnlyCollection`1[System.String]","System.Collections.Generic.List`1[System.Diagnostics.Eventing.Reader.EventProperty]"
"BITS stopped transferring the {AC76BA86-7AD7-1033-7B44-A95000000001} transfer job that is associated with the https://armmf.adobe.com/arm-manifests/win/Upgrade/1033/LatestReaderManifest.msi URL. The status code is 0x0.","60","1",,"4","0","2","4611686018427387904","9478","Microsoft-Windows-Bits-Client","ef1cc15b-46c1-414e-bb95-e76b077bd51e","Microsoft-Windows-Bits-Client/Operational","960","320","rjaf-PC4429","S-1-5-18","3/25/2015 11:13:23 PM","57b7a5b1-4675-4f6c-a602-68bd5a21f7a1",,"c:\users\mac_1\desktop\winevt\logs\microsoft-windows-bits-client%4operational.evtx","System.UInt32[]","System.Diagnostics.Eventing.Reader.EventBookmark","Information","Stop",,"System.Collections.ObjectModel.ReadOnlyCollection`1[System.String]","System.Collections.Generic.List`1[System.Diagnostics.Eventing.Reader.EventProperty]"
"BITS started the {AC76BA86-7AD7-1033-7B44-A95000000001} transfer job that is associated with the https://armmf.adobe.com/arm-manifests/win/Upgrade/1033/LatestReaderManifest.msi URL.","59","1",,"4","0","1","4611686018427387904","9477","Microsoft-Windows-Bits-Client","ef1cc15b-46c1-414e-bb95-e76b077bd51e","Microsoft-Windows-Bits-Client/Operational","960","2744","rjaf-PC4429","S-1-5-18","3/25/2015 11:13:21 PM","57b7a5b1-4675-4f6c-a602-68bd5a21f7a1",,"c:\users\mac_1\desktop\winevt\logs\microsoft-windows-bits-client%4operational.evtx","System.UInt32[]","System.Diagnostics.Eventing.Reader.EventBookmark","Information","Start",,"System.Collections.ObjectModel.ReadOnlyCollection`1[System.String]","System.Collections.Generic.List`1[System.Diagnostics.Eventing.Reader.EventProperty]"
"The BITS service created a new job: {AC76BA86-7AD7-1033-7B44-A95000000001}, with owner RJAF-PC4429\rjaf","3","0",,"4","0","0","4611686018427387904","9476","Microsoft-Windows-Bits-Client","ef1cc15b-46c1-414e-bb95-e76b077bd51e","Microsoft-Windows-Bits-Client/Operational","960","264","rjaf-PC4429","S-1-5-18","3/25/2015 11:13:20 PM",,,"c:\users\mac_1\desktop\winevt\logs\microsoft-windows-bits-client%4operational.evtx","System.UInt32[]","System.Diagnostics.Eventing.Reader.EventBookmark","Information","Info",,"System.Collections.ObjectModel.ReadOnlyCollection`1[System.String]","System.Collections.Generic.List`1[System.Diagnostics.Eventing.Reader.EventProperty]"
"The transfer job is complete.
User: RJAF-PC4429\rjaf
Transfer job: {AC76BA86-7AD7-1033-7B44-A95000000001}
Job ID: {76673632-7E17-4965-A0B7-276B11D2D46B}
Owner: RJAF-PC4429\rjaf
File count: 1","4","1",,"4","0","0","4611686018427387904","9475","Microsoft-Windows-Bits-Client","ef1cc15b-46c1-414e-bb95-e76b077bd51e","Microsoft-Windows-Bits-Client/Operational","960","320","rjaf-PC4429","S-1-5-18","3/25/2015 11:13:20 PM",,,"c:\users\mac_1\desktop\winevt\logs\microsoft-windows-bits-client%4operational.evtx","System.UInt32[]","System.Diagnostics.Eventing.Reader.EventBookmark","Information","Info",,"System.Collections.ObjectModel.ReadOnlyCollection`1[System.String]","System.Collections.Generic.List`1[System.Diagnostics.Eventing.Reader.EventProperty]"
"BITS stopped transferring the {AC76BA86-7AD7-1033-7B44-A95000000001} transfer job that is associated with the https://armmf.adobe.com/arm-manifests/win/Reader9Manifest.msi URL. The status code is 0x0.","60","1",,"4","0","2","4611686018427387904","9474","Microsoft-Windows-Bits-Client","ef1cc15b-46c1-414e-bb95-e76b077bd51e","Microsoft-Windows-Bits-Client/Operational","960","320","rjaf-PC4429","S-1-5-18","3/25/2015 11:13:20 PM","61e373d4-3021-44cb-be16-f0b0bb86bd60",,"c:\users\mac_1\desktop\winevt\logs\microsoft-windows-bits-client%4operational.evtx","System.UInt32[]","System.Diagnostics.Eventing.Reader.EventBookmark","Information","Stop",,"System.Collections.ObjectModel.ReadOnlyCollection`1[System.String]","System.Collections.Generic.List`1[System.Diagnostics.Eventing.Reader.EventProperty]"
"BITS started the {AC76BA86-7AD7-1033-7B44-A95000000001} transfer job that is associated with the https://armmf.adobe.com/arm-manifests/win/Reader9Manifest.msi URL.","59","1",,"4","0","1","4611686018427387904","9473","Microsoft-Windows-Bits-Client","ef1cc15b-46c1-414e-bb95-e76b077bd51e","Microsoft-Windows-Bits-Client/Operational","960","2744","rjaf-PC4429","S-1-5-18","3/25/2015 11:13:11 PM","61e373d4-3021-44cb-be16-f0b0bb86bd60",,"c:\users\mac_1\desktop\winevt\logs\microsoft-windows-bits-client%4operational.evtx","System.UInt32[]","System.Diagnostics.Eventing.Reader.EventBookmark","Information","Start",,"System.Collections.ObjectModel.ReadOnlyCollection`1[System.String]","System.Collections.Generic.List`1[System.Diagnostics.Eventing.Reader.EventProperty]"
"The BITS service created a new job: {AC76BA86-7AD7-1033-7B44-A95000000001}, with owner RJAF-PC4429\rjaf","3","0",,"4","0","0","4611686018427387904","9472","Microsoft-Windows-Bits-Client","ef1cc15b-46c1-414e-bb95-e76b077bd51e","Microsoft-Windows-Bits-Client/Operational","960","256","rjaf-PC4429","S-1-5-18","3/25/2015 11:13:01 PM","85f02a9c-089b-0001-a257-c5dc8b67d001",,"c:\users\mac_1\desktop\winevt\logs\microsoft-windows-bits-client%4operational.evtx","System.UInt32[]","System.Diagnostics.Eventing.Reader.EventBookmark","Information","Info",,"System.Collections.ObjectModel.ReadOnlyCollection`1[System.String]","System.Collections.Generic.List`1[System.Diagnostics.Eventing.Reader.EventProperty]"
"The BITS service loaded the job list from disk.","306","0",,"5","0","0","4611686018427387904","9471","Microsoft-Windows-Bits-Client","ef1cc15b-46c1-414e-bb95-e76b077bd51e","Microsoft-Windows-Bits-Client/Operational","960","2640","rjaf-PC4429","S-1-5-18","3/25/2015 11:13:01 PM",,,"c:\users\mac_1\desktop\winevt\logs\microsoft-windows-bits-client%4operational.evtx","System.UInt32[]","System.Diagnostics.Eventing.Reader.EventBookmark","Verbose","Info",,"System.Collections.ObjectModel.ReadOnlyCollection`1[System.String]","System.Collections.Generic.List`1[System.Diagnostics.Eventing.Reader.EventProperty]"
"Job cancelled. User: NT AUTHORITY\SYSTEM, job: WU Client Download, jobID: {11D649BE-00F7-4EBD-9E27-566E6477B62B}, owner: NT AUTHORITY\SYSTEM, filecount: 0","5","0",,"4","0","0","4611686018427387904","9470","Microsoft-Windows-Bits-Client","ef1cc15b-46c1-414e-bb95-e76b077bd51e","Microsoft-Windows-Bits-Client/Operational","956","2644","rjaf-PC4429","S-1-5-18","3/25/2015 12:44:02 AM",,,"c:\users\mac_1\desktop\winevt\logs\microsoft-windows-bits-client%4operational.evtx","System.UInt32[]","System.Diagnostics.Eventing.Reader.EventBookmark","Information","Info",,"System.Collections.ObjectModel.ReadOnlyCollection`1[System.String]","System.Collections.Generic.List`1[System.Diagnostics.Eventing.Reader.EventProperty]"
"The BITS service created a new job: WU Client Download, with owner NT AUTHORITY\SYSTEM","3","0",,"4","0","0","4611686018427387904","9469","Microsoft-Windows-Bits-Client","ef1cc15b-46c1-414e-bb95-e76b077bd51e","Microsoft-Windows-Bits-Client/Operational","956","2644","rjaf-PC4429","S-1-5-18","3/25/2015 12:44:02 AM",,,"c:\users\mac_1\desktop\winevt\logs\microsoft-windows-bits-client%4operational.evtx","System.UInt32[]","System.Diagnostics.Eventing.Reader.EventBookmark","Information","Info",,"System.Collections.ObjectModel.ReadOnlyCollection`1[System.String]","System.Collections.Generic.List`1[System.Diagnostics.Eventing.Reader.EventProperty]"
"The transfer job is complete.
User: NT AUTHORITY\SYSTEM
Transfer job: WU Client Download
Job ID: {13931F65-3AE9-4F55-8E5F-BBAEA1EA2D4E}
Owner: NT AUTHORITY\SYSTEM
File count: 1","4","1",,"4","0","0","4611686018427387904","9468","Microsoft-Windows-Bits-Client","ef1cc15b-46c1-414e-bb95-e76b077bd51e","Microsoft-Windows-Bits-Client/Operational","956","2644","rjaf-PC4429","S-1-5-18","3/25/2015 12:44:02 AM",,,"c:\users\mac_1\desktop\winevt\logs\microsoft-windows-bits-client%4operational.evtx","System.UInt32[]","System.Diagnostics.Eventing.Reader.EventBookmark","Information","Info",,"System.Collections.ObjectModel.ReadOnlyCollection`1[System.String]","System.Collections.Generic.List`1[System.Diagnostics.Eventing.Reader.EventProperty]"
