"The Windows Resource Exhaustion Detector stopped.","1002","0",,"4","1","12","4611686018695823360","58","Microsoft-Windows-Resource-Exhaustion-Detector","9988748e-c2e8-4054-85f6-0c3e1cad2470","Microsoft-Windows-Resource-Exhaustion-Detector/Operational","1412","3856","rjaf-PC4429","S-1-5-19","12/22/2013 6:40:26 AM",,,"c:\users\mac_1\desktop\winevt\logs\microsoft-windows-resource-exhaustion-detector%4operational.evtx","System.UInt32[]","System.Diagnostics.Eventing.Reader.EventBookmark","Information","Events logged when the resource exhaustion detector is stopped.","Lifecycle Events","System.Collections.ObjectModel.ReadOnlyCollection`1[System.String]","System.Collections.Generic.List`1[System.Diagnostics.Eventing.Reader.EventProperty]"
"The Windows Resource Exhaustion Detector started.","1001","0",,"4","1","11","4611686018695823360","57","Microsoft-Windows-Resource-Exhaustion-Detector","9988748e-c2e8-4054-85f6-0c3e1cad2470","Microsoft-Windows-Resource-Exhaustion-Detector/Operational","1412","2024","rjaf-PC4429","S-1-5-19","12/21/2013 11:27:58 AM",,,"c:\users\mac_1\desktop\winevt\logs\microsoft-windows-resource-exhaustion-detector%4operational.evtx","System.UInt32[]","System.Diagnostics.Eventing.Reader.EventBookmark","Information","Events logged when the resource exhaustion detector is started.","Lifecycle Events","System.Collections.ObjectModel.ReadOnlyCollection`1[System.String]","System.Collections.Generic.List`1[System.Diagnostics.Eventing.Reader.EventProperty]"
"The Windows Resource Exhaustion Detector stopped.","1002","0",,"4","1","12","4611686018695823360","56","Microsoft-Windows-Resource-Exhaustion-Detector","9988748e-c2e8-4054-85f6-0c3e1cad2470","Microsoft-Windows-Resource-Exhaustion-Detector/Operational","1464","3480","rjaf-PC4429","S-1-5-19","12/19/2013 11:08:50 PM",,,"c:\users\mac_1\desktop\winevt\logs\microsoft-windows-resource-exhaustion-detector%4operational.evtx","System.UInt32[]","System.Diagnostics.Eventing.Reader.EventBookmark","Information","Events logged when the resource exhaustion detector is stopped.","Lifecycle Events","System.Collections.ObjectModel.ReadOnlyCollection`1[System.String]","System.Collections.Generic.List`1[System.Diagnostics.Eventing.Reader.EventProperty]"
"The Windows Resource Exhaustion Detector started.","1001","0",,"4","1","11","4611686018695823360","55","Microsoft-Windows-Resource-Exhaustion-Detector","9988748e-c2e8-4054-85f6-0c3e1cad2470","Microsoft-Windows-Resource-Exhaustion-Detector/Operational","1464","1568","rjaf-PC4429","S-1-5-19","12/19/2013 8:28:07 AM",,,"c:\users\mac_1\desktop\winevt\logs\microsoft-windows-resource-exhaustion-detector%4operational.evtx","System.UInt32[]","System.Diagnostics.Eventing.Reader.EventBookmark","Information","Events logged when the resource exhaustion detector is started.","Lifecycle Events","System.Collections.ObjectModel.ReadOnlyCollection`1[System.String]","System.Collections.Generic.List`1[System.Diagnostics.Eventing.Reader.EventProperty]"
"The Windows Resource Exhaustion Detector stopped.","1002","0",,"4","1","12","4611686018695823360","54","Microsoft-Windows-Resource-Exhaustion-Detector","9988748e-c2e8-4054-85f6-0c3e1cad2470","Microsoft-Windows-Resource-Exhaustion-Detector/Operational","1392","3776","rjaf-PC4429","S-1-5-19","12/18/2013 11:27:29 PM",,,"c:\users\mac_1\desktop\winevt\logs\microsoft-windows-resource-exhaustion-detector%4operational.evtx","System.UInt32[]","System.Diagnostics.Eventing.Reader.EventBookmark","Information","Events logged when the resource exhaustion detector is stopped.","Lifecycle Events","System.Collections.ObjectModel.ReadOnlyCollection`1[System.String]","System.Collections.Generic.List`1[System.Diagnostics.Eventing.Reader.EventProperty]"
"The Windows Resource Exhaustion Detector started.","1001","0",,"4","1","11","4611686018695823360","53","Microsoft-Windows-Resource-Exhaustion-Detector","9988748e-c2e8-4054-85f6-0c3e1cad2470","Microsoft-Windows-Resource-Exhaustion-Detector/Operational","1392","3380","rjaf-PC4429","S-1-5-19","12/18/2013 3:15:55 PM",,,"c:\users\mac_1\desktop\winevt\logs\microsoft-windows-resource-exhaustion-detector%4operational.evtx","System.UInt32[]","System.Diagnostics.Eventing.Reader.EventBookmark","Information","Events logged when the resource exhaustion detector is started.","Lifecycle Events","System.Collections.ObjectModel.ReadOnlyCollection`1[System.String]","System.Collections.Generic.List`1[System.Diagnostics.Eventing.Reader.EventProperty]"
"The Windows Resource Exhaustion Detector stopped.","1002","0",,"4","1","12","4611686018695823360","52","Microsoft-Windows-Resource-Exhaustion-Detector","9988748e-c2e8-4054-85f6-0c3e1cad2470","Microsoft-Windows-Resource-Exhaustion-Detector/Operational","1476","4072","rjaf-PC4429","S-1-5-19","12/18/2013 12:25:33 PM",,,"c:\users\mac_1\desktop\winevt\logs\microsoft-windows-resource-exhaustion-detector%4operational.evtx","System.UInt32[]","System.Diagnostics.Eventing.Reader.EventBookmark","Information","Events logged when the resource exhaustion detector is stopped.","Lifecycle Events","System.Collections.ObjectModel.ReadOnlyCollection`1[System.String]","System.Collections.Generic.List`1[System.Diagnostics.Eventing.Reader.EventProperty]"
"The Windows Resource Exhaustion Detector started.","1001","0",,"4","1","11","4611686018695823360","51","Microsoft-Windows-Resource-Exhaustion-Detector","9988748e-c2e8-4054-85f6-0c3e1cad2470","Microsoft-Windows-Resource-Exhaustion-Detector/Operational","1476","2016","rjaf-PC4429","S-1-5-19","12/18/2013 8:28:57 AM",,,"c:\users\mac_1\desktop\winevt\logs\microsoft-windows-resource-exhaustion-detector%4operational.evtx","System.UInt32[]","System.Diagnostics.Eventing.Reader.EventBookmark","Information","Events logged when the resource exhaustion detector is started.","Lifecycle Events","System.Collections.ObjectModel.ReadOnlyCollection`1[System.String]","System.Collections.Generic.List`1[System.Diagnostics.Eventing.Reader.EventProperty]"
"The Windows Resource Exhaustion Detector stopped.","1002","0",,"4","1","12","4611686018695823360","50","Microsoft-Windows-Resource-Exhaustion-Detector","9988748e-c2e8-4054-85f6-0c3e1cad2470","Microsoft-Windows-Resource-Exhaustion-Detector/Operational","1432","3608","rjaf-PC4429","S-1-5-19","12/17/2013 11:56:24 PM",,,"c:\users\mac_1\desktop\winevt\logs\microsoft-windows-resource-exhaustion-detector%4operational.evtx","System.UInt32[]","System.Diagnostics.Eventing.Reader.EventBookmark","Information","Events logged when the resource exhaustion detector is stopped.","Lifecycle Events","System.Collections.ObjectModel.ReadOnlyCollection`1[System.String]","System.Collections.Generic.List`1[System.Diagnostics.Eventing.Reader.EventProperty]"
"The Windows Resource Exhaustion Detector stopped.","1002","0",,"4","1","12","4611686018695823360","49","Microsoft-Windows-Resource-Exhaustion-Detector","9988748e-c2e8-4054-85f6-0c3e1cad2470","Microsoft-Windows-Resource-Exhaustion-Detector/Operational","948","4092","rjaf-PC4429","S-1-5-18","12/17/2013 5:55:59 PM",,,"c:\users\mac_1\desktop\winevt\logs\microsoft-windows-resource-exhaustion-detector%4operational.evtx","System.UInt32[]","System.Diagnostics.Eventing.Reader.EventBookmark","Information","Events logged when the resource exhaustion detector is stopped.","Lifecycle Events","System.Collections.ObjectModel.ReadOnlyCollection`1[System.String]","System.Collections.Generic.List`1[System.Diagnostics.Eventing.Reader.EventProperty]"
"The Windows Resource Exhaustion Detector started.","1001","0",,"4","1","11","4611686018695823360","48","Microsoft-Windows-Resource-Exhaustion-Detector","9988748e-c2e8-4054-85f6-0c3e1cad2470","Microsoft-Windows-Resource-Exhaustion-Detector/Operational","948","4028","rjaf-PC4429","S-1-5-18","12/17/2013 5:31:01 PM",,,"c:\users\mac_1\desktop\winevt\logs\microsoft-windows-resource-exhaustion-detector%4operational.evtx","System.UInt32[]","System.Diagnostics.Eventing.Reader.EventBookmark","Information","Events logged when the resource exhaustion detector is started.","Lifecycle Events","System.Collections.ObjectModel.ReadOnlyCollection`1[System.String]","System.Collections.Generic.List`1[System.Diagnostics.Eventing.Reader.EventProperty]"
"The Windows Resource Exhaustion Detector started.","1001","0",,"4","1","11","4611686018695823360","47","Microsoft-Windows-Resource-Exhaustion-Detector","9988748e-c2e8-4054-85f6-0c3e1cad2470","Microsoft-Windows-Resource-Exhaustion-Detector/Operational","1432","1952","rjaf-PC4429","S-1-5-19","12/17/2013 11:58:07 AM",,,"c:\users\mac_1\desktop\winevt\logs\microsoft-windows-resource-exhaustion-detector%4operational.evtx","System.UInt32[]","System.Diagnostics.Eventing.Reader.EventBookmark","Information","Events logged when the resource exhaustion detector is started.","Lifecycle Events","System.Collections.ObjectModel.ReadOnlyCollection`1[System.String]","System.Collections.Generic.List`1[System.Diagnostics.Eventing.Reader.EventProperty]"
"The Windows Resource Exhaustion Detector stopped.","1002","0",,"4","1","12","4611686018695823360","46","Microsoft-Windows-Resource-Exhaustion-Detector","9988748e-c2e8-4054-85f6-0c3e1cad2470","Microsoft-Windows-Resource-Exhaustion-Detector/Operational","1412","2104","rjaf-PC4429","S-1-5-19","12/17/2013 11:50:16 AM","86432a0b-3c7d-4ddf-a89c-172faa90485d",,"c:\users\mac_1\desktop\winevt\logs\microsoft-windows-resource-exhaustion-detector%4operational.evtx","System.UInt32[]","System.Diagnostics.Eventing.Reader.EventBookmark","Information","Events logged when the resource exhaustion detector is stopped.","Lifecycle Events","System.Collections.ObjectModel.ReadOnlyCollection`1[System.String]","System.Collections.Generic.List`1[System.Diagnostics.Eventing.Reader.EventProperty]"
"The Windows Resource Exhaustion Detector started.","1001","0",,"4","1","11","4611686018695823360","45","Microsoft-Windows-Resource-Exhaustion-Detector","9988748e-c2e8-4054-85f6-0c3e1cad2470","Microsoft-Windows-Resource-Exhaustion-Detector/Operational","1412","1948","rjaf-PC4429","S-1-5-19","12/17/2013 11:47:53 AM",,,"c:\users\mac_1\desktop\winevt\logs\microsoft-windows-resource-exhaustion-detector%4operational.evtx","System.UInt32[]","System.Diagnostics.Eventing.Reader.EventBookmark","Information","Events logged when the resource exhaustion detector is started.","Lifecycle Events","System.Collections.ObjectModel.ReadOnlyCollection`1[System.String]","System.Collections.Generic.List`1[System.Diagnostics.Eventing.Reader.EventProperty]"
"The Windows Resource Exhaustion Detector stopped.","1002","0",,"4","1","12","4611686018695823360","44","Microsoft-Windows-Resource-Exhaustion-Detector","9988748e-c2e8-4054-85f6-0c3e1cad2470","Microsoft-Windows-Resource-Exhaustion-Detector/Operational","1420","2284","rjaf-PC4429","S-1-5-19","12/17/2013 8:32:04 AM",,,"c:\users\mac_1\desktop\winevt\logs\microsoft-windows-resource-exhaustion-detector%4operational.evtx","System.UInt32[]","System.Diagnostics.Eventing.Reader.EventBookmark","Information","Events logged when the resource exhaustion detector is stopped.","Lifecycle Events","System.Collections.ObjectModel.ReadOnlyCollection`1[System.String]","System.Collections.Generic.List`1[System.Diagnostics.Eventing.Reader.EventProperty]"
"The Windows Resource Exhaustion Detector started.","1001","0",,"4","1","11","4611686018695823360","43","Microsoft-Windows-Resource-Exhaustion-Detector","9988748e-c2e8-4054-85f6-0c3e1cad2470","Microsoft-Windows-Resource-Exhaustion-Detector/Operational","1420","1436","rjaf-PC4429","S-1-5-19","12/17/2013 8:29:18 AM",,,"c:\users\mac_1\desktop\winevt\logs\microsoft-windows-resource-exhaustion-detector%4operational.evtx","System.UInt32[]","System.Diagnostics.Eventing.Reader.EventBookmark","Information","Events logged when the resource exhaustion detector is started.","Lifecycle Events","System.Collections.ObjectModel.ReadOnlyCollection`1[System.String]","System.Collections.Generic.List`1[System.Diagnostics.Eventing.Reader.EventProperty]"
"The Windows Resource Exhaustion Detector stopped.","1002","0",,"4","1","12","4611686018695823360","42","Microsoft-Windows-Resource-Exhaustion-Detector","9988748e-c2e8-4054-85f6-0c3e1cad2470","Microsoft-Windows-Resource-Exhaustion-Detector/Operational","1408","2204","rjaf-PC4429","S-1-5-19","12/17/2013 8:08:30 AM",,,"c:\users\mac_1\desktop\winevt\logs\microsoft-windows-resource-exhaustion-detector%4operational.evtx","System.UInt32[]","System.Diagnostics.Eventing.Reader.EventBookmark","Information","Events logged when the resource exhaustion detector is stopped.","Lifecycle Events","System.Collections.ObjectModel.ReadOnlyCollection`1[System.String]","System.Collections.Generic.List`1[System.Diagnostics.Eventing.Reader.EventProperty]"
"The Windows Resource Exhaustion Detector started.","1001","0",,"4","1","11","4611686018695823360","41","Microsoft-Windows-Resource-Exhaustion-Detector","9988748e-c2e8-4054-85f6-0c3e1cad2470","Microsoft-Windows-Resource-Exhaustion-Detector/Operational","1408","1952","rjaf-PC4429","S-1-5-19","12/17/2013 8:02:56 AM",,,"c:\users\mac_1\desktop\winevt\logs\microsoft-windows-resource-exhaustion-detector%4operational.evtx","System.UInt32[]","System.Diagnostics.Eventing.Reader.EventBookmark","Information","Events logged when the resource exhaustion detector is started.","Lifecycle Events","System.Collections.ObjectModel.ReadOnlyCollection`1[System.String]","System.Collections.Generic.List`1[System.Diagnostics.Eventing.Reader.EventProperty]"
"The Windows Resource Exhaustion Detector stopped.","1002","0",,"4","1","12","4611686018695823360","40","Microsoft-Windows-Resource-Exhaustion-Detector","9988748e-c2e8-4054-85f6-0c3e1cad2470","Microsoft-Windows-Resource-Exhaustion-Detector/Operational","1388","2412","rjaf-PC4429","S-1-5-19","12/16/2013 11:33:40 PM",,,"c:\users\mac_1\desktop\winevt\logs\microsoft-windows-resource-exhaustion-detector%4operational.evtx","System.UInt32[]","System.Diagnostics.Eventing.Reader.EventBookmark","Information","Events logged when the resource exhaustion detector is stopped.","Lifecycle Events","System.Collections.ObjectModel.ReadOnlyCollection`1[System.String]","System.Collections.Generic.List`1[System.Diagnostics.Eventing.Reader.EventProperty]"
"The Windows Resource Exhaustion Detector started.","1001","0",,"4","1","11","4611686018695823360","39","Microsoft-Windows-Resource-Exhaustion-Detector","9988748e-c2e8-4054-85f6-0c3e1cad2470","Microsoft-Windows-Resource-Exhaustion-Detector/Operational","1388","1560","rjaf-PC4429","S-1-5-19","12/16/2013 9:56:29 AM",,,"c:\users\mac_1\desktop\winevt\logs\microsoft-windows-resource-exhaustion-detector%4operational.evtx","System.UInt32[]","System.Diagnostics.Eventing.Reader.EventBookmark","Information","Events logged when the resource exhaustion detector is started.","Lifecycle Events","System.Collections.ObjectModel.ReadOnlyCollection`1[System.String]","System.Collections.Generic.List`1[System.Diagnostics.Eventing.Reader.EventProperty]"
"The Windows Resource Exhaustion Detector stopped.","1002","0",,"4","1","12","4611686018695823360","38","Microsoft-Windows-Resource-Exhaustion-Detector","9988748e-c2e8-4054-85f6-0c3e1cad2470","Microsoft-Windows-Resource-Exhaustion-Detector/Operational","1400","3492","rjaf-PC4429","S-1-5-19","12/16/2013 4:41:39 AM",,,"c:\users\mac_1\desktop\winevt\logs\microsoft-windows-resource-exhaustion-detector%4operational.evtx","System.UInt32[]","System.Diagnostics.Eventing.Reader.EventBookmark","Information","Events logged when the resource exhaustion detector is stopped.","Lifecycle Events","System.Collections.ObjectModel.ReadOnlyCollection`1[System.String]","System.Collections.Generic.List`1[System.Diagnostics.Eventing.Reader.EventProperty]"
"The Windows Resource Exhaustion Detector started.","1001","0",,"4","1","11","4611686018695823360","37","Microsoft-Windows-Resource-Exhaustion-Detector","9988748e-c2e8-4054-85f6-0c3e1cad2470","Microsoft-Windows-Resource-Exhaustion-Detector/Operational","1400","1412","rjaf-PC4429","S-1-5-19","12/16/2013 12:26:32 AM",,,"c:\users\mac_1\desktop\winevt\logs\microsoft-windows-resource-exhaustion-detector%4operational.evtx","System.UInt32[]","System.Diagnostics.Eventing.Reader.EventBookmark","Information","Events logged when the resource exhaustion detector is started.","Lifecycle Events","System.Collections.ObjectModel.ReadOnlyCollection`1[System.String]","System.Collections.Generic.List`1[System.Diagnostics.Eventing.Reader.EventProperty]"
"The Windows Resource Exhaustion Detector stopped.","1002","0",,"4","1","12","4611686018695823360","36","Microsoft-Windows-Resource-Exhaustion-Detector","9988748e-c2e8-4054-85f6-0c3e1cad2470","Microsoft-Windows-Resource-Exhaustion-Detector/Operational","1456","2956","rjaf-PC4429","S-1-5-19","12/16/2013 12:23:45 AM",,,"c:\users\mac_1\desktop\winevt\logs\microsoft-windows-resource-exhaustion-detector%4operational.evtx","System.UInt32[]","System.Diagnostics.Eventing.Reader.EventBookmark","Information","Events logged when the resource exhaustion detector is stopped.","Lifecycle Events","System.Collections.ObjectModel.ReadOnlyCollection`1[System.String]","System.Collections.Generic.List`1[System.Diagnostics.Eventing.Reader.EventProperty]"
"The Windows Resource Exhaustion Detector started.","1001","0",,"4","1","11","4611686018695823360","35","Microsoft-Windows-Resource-Exhaustion-Detector","9988748e-c2e8-4054-85f6-0c3e1cad2470","Microsoft-Windows-Resource-Exhaustion-Detector/Operational","1456","1968","rjaf-PC4429","S-1-5-19","12/15/2013 11:11:23 PM",,,"c:\users\mac_1\desktop\winevt\logs\microsoft-windows-resource-exhaustion-detector%4operational.evtx","System.UInt32[]","System.Diagnostics.Eventing.Reader.EventBookmark","Information","Events logged when the resource exhaustion detector is started.","Lifecycle Events","System.Collections.ObjectModel.ReadOnlyCollection`1[System.String]","System.Collections.Generic.List`1[System.Diagnostics.Eventing.Reader.EventProperty]"
"The Windows Resource Exhaustion Detector stopped.","1002","0",,"4","1","12","4611686018695823360","34","Microsoft-Windows-Resource-Exhaustion-Detector","9988748e-c2e8-4054-85f6-0c3e1cad2470","Microsoft-Windows-Resource-Exhaustion-Detector/Operational","1436","1856","rjaf-PC4429","S-1-5-19","12/15/2013 11:10:27 PM",,,"c:\users\mac_1\desktop\winevt\logs\microsoft-windows-resource-exhaustion-detector%4operational.evtx","System.UInt32[]","System.Diagnostics.Eventing.Reader.EventBookmark","Information","Events logged when the resource exhaustion detector is stopped.","Lifecycle Events","System.Collections.ObjectModel.ReadOnlyCollection`1[System.String]","System.Collections.Generic.List`1[System.Diagnostics.Eventing.Reader.EventProperty]"
"The Windows Resource Exhaustion Detector started.","1001","0",,"4","1","11","4611686018695823360","33","Microsoft-Windows-Resource-Exhaustion-Detector","9988748e-c2e8-4054-85f6-0c3e1cad2470","Microsoft-Windows-Resource-Exhaustion-Detector/Operational","1436","1876","rjaf-PC4429","S-1-5-19","12/15/2013 10:30:58 PM",,,"c:\users\mac_1\desktop\winevt\logs\microsoft-windows-resource-exhaustion-detector%4operational.evtx","System.UInt32[]","System.Diagnostics.Eventing.Reader.EventBookmark","Information","Events logged when the resource exhaustion detector is started.","Lifecycle Events","System.Collections.ObjectModel.ReadOnlyCollection`1[System.String]","System.Collections.Generic.List`1[System.Diagnostics.Eventing.Reader.EventProperty]"
"The Windows Resource Exhaustion Detector stopped.","1002","0",,"4","1","12","4611686018695823360","32","Microsoft-Windows-Resource-Exhaustion-Detector","9988748e-c2e8-4054-85f6-0c3e1cad2470","Microsoft-Windows-Resource-Exhaustion-Detector/Operational","1412","1356","rjaf-PC4429","S-1-5-19","12/15/2013 11:56:53 AM",,,"c:\users\mac_1\desktop\winevt\logs\microsoft-windows-resource-exhaustion-detector%4operational.evtx","System.UInt32[]","System.Diagnostics.Eventing.Reader.EventBookmark","Information","Events logged when the resource exhaustion detector is stopped.","Lifecycle Events","System.Collections.ObjectModel.ReadOnlyCollection`1[System.String]","System.Collections.Generic.List`1[System.Diagnostics.Eventing.Reader.EventProperty]"
"The Windows Resource Exhaustion Detector started.","1001","0",,"4","1","11","4611686018695823360","31","Microsoft-Windows-Resource-Exhaustion-Detector","9988748e-c2e8-4054-85f6-0c3e1cad2470","Microsoft-Windows-Resource-Exhaustion-Detector/Operational","1412","1944","rjaf-PC4429","S-1-5-19","12/14/2013 2:25:57 AM",,,"c:\users\mac_1\desktop\winevt\logs\microsoft-windows-resource-exhaustion-detector%4operational.evtx","System.UInt32[]","System.Diagnostics.Eventing.Reader.EventBookmark","Information","Events logged when the resource exhaustion detector is started.","Lifecycle Events","System.Collections.ObjectModel.ReadOnlyCollection`1[System.String]","System.Collections.Generic.List`1[System.Diagnostics.Eventing.Reader.EventProperty]"
"The Windows Resource Exhaustion Detector stopped.","1002","0",,"4","1","12","4611686018695823360","30","Microsoft-Windows-Resource-Exhaustion-Detector","9988748e-c2e8-4054-85f6-0c3e1cad2470","Microsoft-Windows-Resource-Exhaustion-Detector/Operational","1432","3728","rjaf-PC4429","S-1-5-19","12/13/2013 9:39:21 AM",,,"c:\users\mac_1\desktop\winevt\logs\microsoft-windows-resource-exhaustion-detector%4operational.evtx","System.UInt32[]","System.Diagnostics.Eventing.Reader.EventBookmark","Information","Events logged when the resource exhaustion detector is stopped.","Lifecycle Events","System.Collections.ObjectModel.ReadOnlyCollection`1[System.String]","System.Collections.Generic.List`1[System.Diagnostics.Eventing.Reader.EventProperty]"
"The Windows Resource Exhaustion Detector started.","1001","0",,"4","1","11","4611686018695823360","29","Microsoft-Windows-Resource-Exhaustion-Detector","9988748e-c2e8-4054-85f6-0c3e1cad2470","Microsoft-Windows-Resource-Exhaustion-Detector/Operational","1432","1676","rjaf-PC4429","S-1-5-19","12/13/2013 2:19:25 AM",,,"c:\users\mac_1\desktop\winevt\logs\microsoft-windows-resource-exhaustion-detector%4operational.evtx","System.UInt32[]","System.Diagnostics.Eventing.Reader.EventBookmark","Information","Events logged when the resource exhaustion detector is started.","Lifecycle Events","System.Collections.ObjectModel.ReadOnlyCollection`1[System.String]","System.Collections.Generic.List`1[System.Diagnostics.Eventing.Reader.EventProperty]"
"The Windows Resource Exhaustion Detector stopped.","1002","0",,"4","1","12","4611686018695823360","28","Microsoft-Windows-Resource-Exhaustion-Detector","9988748e-c2e8-4054-85f6-0c3e1cad2470","Microsoft-Windows-Resource-Exhaustion-Detector/Operational","1384","2636","rjaf-PC4429","S-1-5-19","12/12/2013 10:58:19 AM",,,"c:\users\mac_1\desktop\winevt\logs\microsoft-windows-resource-exhaustion-detector%4operational.evtx","System.UInt32[]","System.Diagnostics.Eventing.Reader.EventBookmark","Information","Events logged when the resource exhaustion detector is stopped.","Lifecycle Events","System.Collections.ObjectModel.ReadOnlyCollection`1[System.String]","System.Collections.Generic.List`1[System.Diagnostics.Eventing.Reader.EventProperty]"
"The Windows Resource Exhaustion Detector started.","1001","0",,"4","1","11","4611686018695823360","27","Microsoft-Windows-Resource-Exhaustion-Detector","9988748e-c2e8-4054-85f6-0c3e1cad2470","Microsoft-Windows-Resource-Exhaustion-Detector/Operational","1384","1924","rjaf-PC4429","S-1-5-19","12/12/2013 4:18:51 AM",,,"c:\users\mac_1\desktop\winevt\logs\microsoft-windows-resource-exhaustion-detector%4operational.evtx","System.UInt32[]","System.Diagnostics.Eventing.Reader.EventBookmark","Information","Events logged when the resource exhaustion detector is started.","Lifecycle Events","System.Collections.ObjectModel.ReadOnlyCollection`1[System.String]","System.Collections.Generic.List`1[System.Diagnostics.Eventing.Reader.EventProperty]"
"The Windows Resource Exhaustion Detector stopped.","1002","0",,"4","1","12","4611686018695823360","26","Microsoft-Windows-Resource-Exhaustion-Detector","9988748e-c2e8-4054-85f6-0c3e1cad2470","Microsoft-Windows-Resource-Exhaustion-Detector/Operational","1408","2040","rjaf-PC4429","S-1-5-19","12/11/2013 10:41:37 AM",,,"c:\users\mac_1\desktop\winevt\logs\microsoft-windows-resource-exhaustion-detector%4operational.evtx","System.UInt32[]","System.Diagnostics.Eventing.Reader.EventBookmark","Information","Events logged when the resource exhaustion detector is stopped.","Lifecycle Events","System.Collections.ObjectModel.ReadOnlyCollection`1[System.String]","System.Collections.Generic.List`1[System.Diagnostics.Eventing.Reader.EventProperty]"
"The Windows Resource Exhaustion Detector stopped.","1002","0",,"4","1","12","4611686018695823360","25","Microsoft-Windows-Resource-Exhaustion-Detector","9988748e-c2e8-4054-85f6-0c3e1cad2470","Microsoft-Windows-Resource-Exhaustion-Detector/Operational","932","960","rjaf-PC4429","S-1-5-18","12/11/2013 9:48:09 AM",,,"c:\users\mac_1\desktop\winevt\logs\microsoft-windows-resource-exhaustion-detector%4operational.evtx","System.UInt32[]","System.Diagnostics.Eventing.Reader.EventBookmark","Information","Events logged when the resource exhaustion detector is stopped.","Lifecycle Events","System.Collections.ObjectModel.ReadOnlyCollection`1[System.String]","System.Collections.Generic.List`1[System.Diagnostics.Eventing.Reader.EventProperty]"
"The Windows Resource Exhaustion Detector started.","1001","0",,"4","1","11","4611686018695823360","24","Microsoft-Windows-Resource-Exhaustion-Detector","9988748e-c2e8-4054-85f6-0c3e1cad2470","Microsoft-Windows-Resource-Exhaustion-Detector/Operational","932","960","rjaf-PC4429","S-1-5-18","12/11/2013 9:28:12 AM",,,"c:\users\mac_1\desktop\winevt\logs\microsoft-windows-resource-exhaustion-detector%4operational.evtx","System.UInt32[]","System.Diagnostics.Eventing.Reader.EventBookmark","Information","Events logged when the resource exhaustion detector is started.","Lifecycle Events","System.Collections.ObjectModel.ReadOnlyCollection`1[System.String]","System.Collections.Generic.List`1[System.Diagnostics.Eventing.Reader.EventProperty]"
"The Windows Resource Exhaustion Detector started.","1001","0",,"4","1","11","4611686018695823360","23","Microsoft-Windows-Resource-Exhaustion-Detector","9988748e-c2e8-4054-85f6-0c3e1cad2470","Microsoft-Windows-Resource-Exhaustion-Detector/Operational","1408","1952","rjaf-PC4429","S-1-5-19","12/11/2013 9:08:26 AM",,,"c:\users\mac_1\desktop\winevt\logs\microsoft-windows-resource-exhaustion-detector%4operational.evtx","System.UInt32[]","System.Diagnostics.Eventing.Reader.EventBookmark","Information","Events logged when the resource exhaustion detector is started.","Lifecycle Events","System.Collections.ObjectModel.ReadOnlyCollection`1[System.String]","System.Collections.Generic.List`1[System.Diagnostics.Eventing.Reader.EventProperty]"
"The Windows Resource Exhaustion Detector stopped.","1002","0",,"4","1","12","4611686018695823360","22","Microsoft-Windows-Resource-Exhaustion-Detector","9988748e-c2e8-4054-85f6-0c3e1cad2470","Microsoft-Windows-Resource-Exhaustion-Detector/Operational","1380","3488","rjaf-PC4429","S-1-5-19","12/11/2013 9:07:30 AM",,,"c:\users\mac_1\desktop\winevt\logs\microsoft-windows-resource-exhaustion-detector%4operational.evtx","System.UInt32[]","System.Diagnostics.Eventing.Reader.EventBookmark","Information","Events logged when the resource exhaustion detector is stopped.","Lifecycle Events","System.Collections.ObjectModel.ReadOnlyCollection`1[System.String]","System.Collections.Generic.List`1[System.Diagnostics.Eventing.Reader.EventProperty]"
"The Windows Resource Exhaustion Detector started.","1001","0",,"4","1","11","4611686018695823360","21","Microsoft-Windows-Resource-Exhaustion-Detector","9988748e-c2e8-4054-85f6-0c3e1cad2470","Microsoft-Windows-Resource-Exhaustion-Detector/Operational","1380","1392","rjaf-PC4429","S-1-5-19","12/11/2013 8:33:36 AM",,,"c:\users\mac_1\desktop\winevt\logs\microsoft-windows-resource-exhaustion-detector%4operational.evtx","System.UInt32[]","System.Diagnostics.Eventing.Reader.EventBookmark","Information","Events logged when the resource exhaustion detector is started.","Lifecycle Events","System.Collections.ObjectModel.ReadOnlyCollection`1[System.String]","System.Collections.Generic.List`1[System.Diagnostics.Eventing.Reader.EventProperty]"
"The Windows Resource Exhaustion Detector stopped.","1002","0",,"4","1","12","4611686018695823360","20","Microsoft-Windows-Resource-Exhaustion-Detector","9988748e-c2e8-4054-85f6-0c3e1cad2470","Microsoft-Windows-Resource-Exhaustion-Detector/Operational","1360","3752","rjaf-PC4429","S-1-5-19","12/11/2013 5:26:10 AM",,,"c:\users\mac_1\desktop\winevt\logs\microsoft-windows-resource-exhaustion-detector%4operational.evtx","System.UInt32[]","System.Diagnostics.Eventing.Reader.EventBookmark","Information","Events logged when the resource exhaustion detector is stopped.","Lifecycle Events","System.Collections.ObjectModel.ReadOnlyCollection`1[System.String]","System.Collections.Generic.List`1[System.Diagnostics.Eventing.Reader.EventProperty]"
"The Windows Resource Exhaustion Detector started.","1001","0",,"4","1","11","4611686018695823360","19","Microsoft-Windows-Resource-Exhaustion-Detector","9988748e-c2e8-4054-85f6-0c3e1cad2470","Microsoft-Windows-Resource-Exhaustion-Detector/Operational","1360","1372","rjaf-PC4429","S-1-5-19","12/11/2013 4:22:08 AM",,,"c:\users\mac_1\desktop\winevt\logs\microsoft-windows-resource-exhaustion-detector%4operational.evtx","System.UInt32[]","System.Diagnostics.Eventing.Reader.EventBookmark","Information","Events logged when the resource exhaustion detector is started.","Lifecycle Events","System.Collections.ObjectModel.ReadOnlyCollection`1[System.String]","System.Collections.Generic.List`1[System.Diagnostics.Eventing.Reader.EventProperty]"
"The Windows Resource Exhaustion Detector stopped.","1002","0",,"4","1","12","4611686018695823360","18","Microsoft-Windows-Resource-Exhaustion-Detector","9988748e-c2e8-4054-85f6-0c3e1cad2470","Microsoft-Windows-Resource-Exhaustion-Detector/Operational","1400","2888","rjaf-PC4429","S-1-5-19","12/11/2013 4:21:25 AM",,,"c:\users\mac_1\desktop\winevt\logs\microsoft-windows-resource-exhaustion-detector%4operational.evtx","System.UInt32[]","System.Diagnostics.Eventing.Reader.EventBookmark","Information","Events logged when the resource exhaustion detector is stopped.","Lifecycle Events","System.Collections.ObjectModel.ReadOnlyCollection`1[System.String]","System.Collections.Generic.List`1[System.Diagnostics.Eventing.Reader.EventProperty]"
"The Windows Resource Exhaustion Detector started.","1001","0",,"4","1","11","4611686018695823360","17","Microsoft-Windows-Resource-Exhaustion-Detector","9988748e-c2e8-4054-85f6-0c3e1cad2470","Microsoft-Windows-Resource-Exhaustion-Detector/Operational","1400","1832","rjaf-PC4429","S-1-5-19","12/11/2013 3:37:52 AM",,,"c:\users\mac_1\desktop\winevt\logs\microsoft-windows-resource-exhaustion-detector%4operational.evtx","System.UInt32[]","System.Diagnostics.Eventing.Reader.EventBookmark","Information","Events logged when the resource exhaustion detector is started.","Lifecycle Events","System.Collections.ObjectModel.ReadOnlyCollection`1[System.String]","System.Collections.Generic.List`1[System.Diagnostics.Eventing.Reader.EventProperty]"
"The Windows Resource Exhaustion Detector stopped.","1002","0",,"4","1","12","4611686018695823360","16","Microsoft-Windows-Resource-Exhaustion-Detector","9988748e-c2e8-4054-85f6-0c3e1cad2470","Microsoft-Windows-Resource-Exhaustion-Detector/Operational","1344","2500","rjaf-PC4429","S-1-5-19","12/11/2013 1:40:46 AM",,,"c:\users\mac_1\desktop\winevt\logs\microsoft-windows-resource-exhaustion-detector%4operational.evtx","System.UInt32[]","System.Diagnostics.Eventing.Reader.EventBookmark","Information","Events logged when the resource exhaustion detector is stopped.","Lifecycle Events","System.Collections.ObjectModel.ReadOnlyCollection`1[System.String]","System.Collections.Generic.List`1[System.Diagnostics.Eventing.Reader.EventProperty]"
"The Windows Resource Exhaustion Detector stopped.","1002","0",,"4","1","12","4611686018695823360","15","Microsoft-Windows-Resource-Exhaustion-Detector","9988748e-c2e8-4054-85f6-0c3e1cad2470","Microsoft-Windows-Resource-Exhaustion-Detector/Operational","892","3968","rjaf-PC4429","S-1-5-18","12/10/2013 8:23:29 PM",,,"c:\users\mac_1\desktop\winevt\logs\microsoft-windows-resource-exhaustion-detector%4operational.evtx","System.UInt32[]","System.Diagnostics.Eventing.Reader.EventBookmark","Information","Events logged when the resource exhaustion detector is stopped.","Lifecycle Events","System.Collections.ObjectModel.ReadOnlyCollection`1[System.String]","System.Collections.Generic.List`1[System.Diagnostics.Eventing.Reader.EventProperty]"
"The Windows Resource Exhaustion Detector started.","1001","0",,"4","1","11","4611686018695823360","14","Microsoft-Windows-Resource-Exhaustion-Detector","9988748e-c2e8-4054-85f6-0c3e1cad2470","Microsoft-Windows-Resource-Exhaustion-Detector/Operational","892","916","rjaf-PC4429","S-1-5-18","12/10/2013 7:58:32 PM",,,"c:\users\mac_1\desktop\winevt\logs\microsoft-windows-resource-exhaustion-detector%4operational.evtx","System.UInt32[]","System.Diagnostics.Eventing.Reader.EventBookmark","Information","Events logged when the resource exhaustion detector is started.","Lifecycle Events","System.Collections.ObjectModel.ReadOnlyCollection`1[System.String]","System.Collections.Generic.List`1[System.Diagnostics.Eventing.Reader.EventProperty]"
"The Windows Resource Exhaustion Detector started.","1001","0",,"4","1","11","4611686018695823360","13","Microsoft-Windows-Resource-Exhaustion-Detector","9988748e-c2e8-4054-85f6-0c3e1cad2470","Microsoft-Windows-Resource-Exhaustion-Detector/Operational","1344","1764","rjaf-PC4429","S-1-5-19","12/10/2013 7:45:02 PM",,,"c:\users\mac_1\desktop\winevt\logs\microsoft-windows-resource-exhaustion-detector%4operational.evtx","System.UInt32[]","System.Diagnostics.Eventing.Reader.EventBookmark","Information","Events logged when the resource exhaustion detector is started.","Lifecycle Events","System.Collections.ObjectModel.ReadOnlyCollection`1[System.String]","System.Collections.Generic.List`1[System.Diagnostics.Eventing.Reader.EventProperty]"
"The Windows Resource Exhaustion Detector stopped.","1002","0",,"4","1","12","4611686018695823360","12","Microsoft-Windows-Resource-Exhaustion-Detector","9988748e-c2e8-4054-85f6-0c3e1cad2470","Microsoft-Windows-Resource-Exhaustion-Detector/Operational","1360","1660","rjaf-PC4429","S-1-5-19","12/10/2013 11:48:31 AM",,,"c:\users\mac_1\desktop\winevt\logs\microsoft-windows-resource-exhaustion-detector%4operational.evtx","System.UInt32[]","System.Diagnostics.Eventing.Reader.EventBookmark","Information","Events logged when the resource exhaustion detector is stopped.","Lifecycle Events","System.Collections.ObjectModel.ReadOnlyCollection`1[System.String]","System.Collections.Generic.List`1[System.Diagnostics.Eventing.Reader.EventProperty]"
"The Windows Resource Exhaustion Detector started.","1001","0",,"4","1","11","4611686018695823360","11","Microsoft-Windows-Resource-Exhaustion-Detector","9988748e-c2e8-4054-85f6-0c3e1cad2470","Microsoft-Windows-Resource-Exhaustion-Detector/Operational","1360","1376","rjaf-PC4429","S-1-5-19","12/10/2013 7:49:21 AM",,,"c:\users\mac_1\desktop\winevt\logs\microsoft-windows-resource-exhaustion-detector%4operational.evtx","System.UInt32[]","System.Diagnostics.Eventing.Reader.EventBookmark","Information","Events logged when the resource exhaustion detector is started.","Lifecycle Events","System.Collections.ObjectModel.ReadOnlyCollection`1[System.String]","System.Collections.Generic.List`1[System.Diagnostics.Eventing.Reader.EventProperty]"
"The Windows Resource Exhaustion Detector stopped.","1002","0",,"4","1","12","4611686018695823360","10","Microsoft-Windows-Resource-Exhaustion-Detector","9988748e-c2e8-4054-85f6-0c3e1cad2470","Microsoft-Windows-Resource-Exhaustion-Detector/Operational","1336","520","rjaf-PC4429","S-1-5-19","12/10/2013 7:46:06 AM",,,"c:\users\mac_1\desktop\winevt\logs\microsoft-windows-resource-exhaustion-detector%4operational.evtx","System.UInt32[]","System.Diagnostics.Eventing.Reader.EventBookmark","Information","Events logged when the resource exhaustion detector is stopped.","Lifecycle Events","System.Collections.ObjectModel.ReadOnlyCollection`1[System.String]","System.Collections.Generic.List`1[System.Diagnostics.Eventing.Reader.EventProperty]"
"The Windows Resource Exhaustion Detector started.","1001","0",,"4","1","11","4611686018695823360","9","Microsoft-Windows-Resource-Exhaustion-Detector","9988748e-c2e8-4054-85f6-0c3e1cad2470","Microsoft-Windows-Resource-Exhaustion-Detector/Operational","1336","1820","rjaf-PC4429","S-1-5-19","12/10/2013 6:03:26 AM",,,"c:\users\mac_1\desktop\winevt\logs\microsoft-windows-resource-exhaustion-detector%4operational.evtx","System.UInt32[]","System.Diagnostics.Eventing.Reader.EventBookmark","Information","Events logged when the resource exhaustion detector is started.","Lifecycle Events","System.Collections.ObjectModel.ReadOnlyCollection`1[System.String]","System.Collections.Generic.List`1[System.Diagnostics.Eventing.Reader.EventProperty]"
"The Windows Resource Exhaustion Detector stopped.","1002","0",,"4","1","12","4611686018695823360","8","Microsoft-Windows-Resource-Exhaustion-Detector","9988748e-c2e8-4054-85f6-0c3e1cad2470","Microsoft-Windows-Resource-Exhaustion-Detector/Operational","1360","1968","rjaf-PC","S-1-5-19","12/3/2013 12:46:33 AM",,,"c:\users\mac_1\desktop\winevt\logs\microsoft-windows-resource-exhaustion-detector%4operational.evtx","System.UInt32[]","System.Diagnostics.Eventing.Reader.EventBookmark","Information","Events logged when the resource exhaustion detector is stopped.","Lifecycle Events","System.Collections.ObjectModel.ReadOnlyCollection`1[System.String]","System.Collections.Generic.List`1[System.Diagnostics.Eventing.Reader.EventProperty]"
"The Windows Resource Exhaustion Detector started.","1001","0",,"4","1","11","4611686018695823360","7","Microsoft-Windows-Resource-Exhaustion-Detector","9988748e-c2e8-4054-85f6-0c3e1cad2470","Microsoft-Windows-Resource-Exhaustion-Detector/Operational","1360","1956","rjaf-PC","S-1-5-19","12/3/2013 12:44:15 AM",,,"c:\users\mac_1\desktop\winevt\logs\microsoft-windows-resource-exhaustion-detector%4operational.evtx","System.UInt32[]","System.Diagnostics.Eventing.Reader.EventBookmark","Information","Events logged when the resource exhaustion detector is started.","Lifecycle Events","System.Collections.ObjectModel.ReadOnlyCollection`1[System.String]","System.Collections.Generic.List`1[System.Diagnostics.Eventing.Reader.EventProperty]"
"The Windows Resource Exhaustion Detector started.","1001","0",,"4","1","11","4611686018695823360","6","Microsoft-Windows-Resource-Exhaustion-Detector","9988748e-c2e8-4054-85f6-0c3e1cad2470","Microsoft-Windows-Resource-Exhaustion-Detector/Operational","1336","1428","rjaf-PC","S-1-5-19","12/3/2013 9:20:51 PM",,,"c:\users\mac_1\desktop\winevt\logs\microsoft-windows-resource-exhaustion-detector%4operational.evtx","System.UInt32[]","System.Diagnostics.Eventing.Reader.EventBookmark","Information","Events logged when the resource exhaustion detector is started.","Lifecycle Events","System.Collections.ObjectModel.ReadOnlyCollection`1[System.String]","System.Collections.Generic.List`1[System.Diagnostics.Eventing.Reader.EventProperty]"
"The Windows Resource Exhaustion Detector stopped.","1002","0",,"4","1","12","4611686018695823360","5","Microsoft-Windows-Resource-Exhaustion-Detector","9988748e-c2e8-4054-85f6-0c3e1cad2470","Microsoft-Windows-Resource-Exhaustion-Detector/Operational","1212","2812","rjaf-PC","S-1-5-19","12/3/2013 9:19:51 PM",,,"c:\users\mac_1\desktop\winevt\logs\microsoft-windows-resource-exhaustion-detector%4operational.evtx","System.UInt32[]","System.Diagnostics.Eventing.Reader.EventBookmark","Information","Events logged when the resource exhaustion detector is stopped.","Lifecycle Events","System.Collections.ObjectModel.ReadOnlyCollection`1[System.String]","System.Collections.Generic.List`1[System.Diagnostics.Eventing.Reader.EventProperty]"
"The Windows Resource Exhaustion Detector started.","1001","0",,"4","1","11","4611686018695823360","4","Microsoft-Windows-Resource-Exhaustion-Detector","9988748e-c2e8-4054-85f6-0c3e1cad2470","Microsoft-Windows-Resource-Exhaustion-Detector/Operational","1212","1608","rjaf-PC","S-1-5-19","12/3/2013 8:54:14 PM",,,"c:\users\mac_1\desktop\winevt\logs\microsoft-windows-resource-exhaustion-detector%4operational.evtx","System.UInt32[]","System.Diagnostics.Eventing.Reader.EventBookmark","Information","Events logged when the resource exhaustion detector is started.","Lifecycle Events","System.Collections.ObjectModel.ReadOnlyCollection`1[System.String]","System.Collections.Generic.List`1[System.Diagnostics.Eventing.Reader.EventProperty]"
"The Windows Resource Exhaustion Detector stopped.","1002","0",,"4","1","12","4611686018695823360","3","Microsoft-Windows-Resource-Exhaustion-Detector","9988748e-c2e8-4054-85f6-0c3e1cad2470","Microsoft-Windows-Resource-Exhaustion-Detector/Operational","1496","4020","rjaf-PC","S-1-5-19","12/3/2013 8:53:45 PM",,,"c:\users\mac_1\desktop\winevt\logs\microsoft-windows-resource-exhaustion-detector%4operational.evtx","System.UInt32[]","System.Diagnostics.Eventing.Reader.EventBookmark","Information","Events logged when the resource exhaustion detector is stopped.","Lifecycle Events","System.Collections.ObjectModel.ReadOnlyCollection`1[System.String]","System.Collections.Generic.List`1[System.Diagnostics.Eventing.Reader.EventProperty]"
"The Windows Resource Exhaustion Detector started.","1001","0",,"4","1","11","4611686018695823360","2","Microsoft-Windows-Resource-Exhaustion-Detector","9988748e-c2e8-4054-85f6-0c3e1cad2470","Microsoft-Windows-Resource-Exhaustion-Detector/Operational","1496","1812","rjaf-PC","S-1-5-19","12/2/2013 8:48:38 PM",,,"c:\users\mac_1\desktop\winevt\logs\microsoft-windows-resource-exhaustion-detector%4operational.evtx","System.UInt32[]","System.Diagnostics.Eventing.Reader.EventBookmark","Information","Events logged when the resource exhaustion detector is started.","Lifecycle Events","System.Collections.ObjectModel.ReadOnlyCollection`1[System.String]","System.Collections.Generic.List`1[System.Diagnostics.Eventing.Reader.EventProperty]"
"The Windows Resource Exhaustion Detector stopped.","1002","0",,"4","1","12","4611686018695823360","1","Microsoft-Windows-Resource-Exhaustion-Detector","9988748e-c2e8-4054-85f6-0c3e1cad2470","Microsoft-Windows-Resource-Exhaustion-Detector/Operational","1472","3140","37L4247D28-05","S-1-5-19","7/13/2009 9:56:45 PM",,,"c:\users\mac_1\desktop\winevt\logs\microsoft-windows-resource-exhaustion-detector%4operational.evtx","System.UInt32[]","System.Diagnostics.Eventing.Reader.EventBookmark","Information","Events logged when the resource exhaustion detector is stopped.","Lifecycle Events","System.Collections.ObjectModel.ReadOnlyCollection`1[System.String]","System.Collections.Generic.List`1[System.Diagnostics.Eventing.Reader.EventProperty]"
