"Job cancelled. User: RJAF-PC4429\rjaf, job: {AC76BA86-7AD7-1033-7B44-A95000000001}, jobID: {3808A11B-2073-4544-B003-C1D386A64C9A}, owner: RJAF-PC4429\rjaf, filecount: 1","5","0",,"4","0","0","4611686018427387904","10028","Microsoft-Windows-Bits-Client","ef1cc15b-46c1-414e-bb95-e76b077bd51e","Microsoft-Windows-Bits-Client/Operational","972","996","rjaf-PC4429","S-1-5-21-1634558665-2257203147-3060767804-1000","5/9/2015 7:13:04 AM",,,"c:\users\mac_1\desktop\winevt\logs\microsoft-windows-bits-client%4operational.evtx","System.UInt32[]","System.Diagnostics.Eventing.Reader.EventBookmark","Information","Info",,"System.Collections.ObjectModel.ReadOnlyCollection`1[System.String]","System.Collections.Generic.List`1[System.Diagnostics.Eventing.Reader.EventProperty]"
"The BITS service provided job credentials in response to the UNIDENTIFIED authentication challenge from the 10.10.1.1:8080 server for the {AC76BA86-7AD7-1033-7B44-A95000000001} transfer job that is associated with the following URL: /arm-manifests/win/Reader9Manifest.msi.
 The credentials for the S-1-5-21-1634558665-2257203147-3060767804-1000 user were rejected.","204","1",,"2","0","0","4611686018427387904","10027","Microsoft-Windows-Bits-Client","ef1cc15b-46c1-414e-bb95-e76b077bd51e","Microsoft-Windows-Bits-Client/Operational","972","1048","rjaf-PC4429","S-1-5-21-1634558665-2257203147-3060767804-1000","5/9/2015 7:13:04 AM",,,"c:\users\mac_1\desktop\winevt\logs\microsoft-windows-bits-client%4operational.evtx","System.UInt32[]","System.Diagnostics.Eventing.Reader.EventBookmark","Error","Info",,"System.Collections.ObjectModel.ReadOnlyCollection`1[System.String]","System.Collections.Generic.List`1[System.Diagnostics.Eventing.Reader.EventProperty]"
"The BITS service created a new job: {AC76BA86-7AD7-1033-7B44-A95000000001}, with owner RJAF-PC4429\rjaf","3","0",,"4","0","0","4611686018427387904","10026","Microsoft-Windows-Bits-Client","ef1cc15b-46c1-414e-bb95-e76b077bd51e","Microsoft-Windows-Bits-Client/Operational","972","996","rjaf-PC4429","S-1-5-18","5/9/2015 7:12:53 AM",,,"c:\users\mac_1\desktop\winevt\logs\microsoft-windows-bits-client%4operational.evtx","System.UInt32[]","System.Diagnostics.Eventing.Reader.EventBookmark","Information","Info",,"System.Collections.ObjectModel.ReadOnlyCollection`1[System.String]","System.Collections.Generic.List`1[System.Diagnostics.Eventing.Reader.EventProperty]"
"The BITS service loaded the job list from disk.","306","0",,"5","0","0","4611686018427387904","10025","Microsoft-Windows-Bits-Client","ef1cc15b-46c1-414e-bb95-e76b077bd51e","Microsoft-Windows-Bits-Client/Operational","972","2624","rjaf-PC4429","S-1-5-18","5/9/2015 7:12:53 AM",,,"c:\users\mac_1\desktop\winevt\logs\microsoft-windows-bits-client%4operational.evtx","System.UInt32[]","System.Diagnostics.Eventing.Reader.EventBookmark","Verbose","Info",,"System.Collections.ObjectModel.ReadOnlyCollection`1[System.String]","System.Collections.Generic.List`1[System.Diagnostics.Eventing.Reader.EventProperty]"
"Job cancelled. User: RJAF-PC4429\rjaf, job: {AC76BA86-7AD7-1033-7B44-A95000000001}, jobID: {F2B05A83-7A95-4E30-BB4C-A47CFC426509}, owner: RJAF-PC4429\rjaf, filecount: 1","5","0",,"4","0","0","4611686018427387904","10024","Microsoft-Windows-Bits-Client","ef1cc15b-46c1-414e-bb95-e76b077bd51e","Microsoft-Windows-Bits-Client/Operational","984","680","rjaf-PC4429","S-1-5-21-1634558665-2257203147-3060767804-1000","5/9/2015 4:45:56 AM","85f02364-989b-0001-8209-a5814d8ad001",,"c:\users\mac_1\desktop\winevt\logs\microsoft-windows-bits-client%4operational.evtx","System.UInt32[]","System.Diagnostics.Eventing.Reader.EventBookmark","Information","Info",,"System.Collections.ObjectModel.ReadOnlyCollection`1[System.String]","System.Collections.Generic.List`1[System.Diagnostics.Eventing.Reader.EventProperty]"
"The BITS service provided job credentials in response to the UNIDENTIFIED authentication challenge from the 10.10.1.1:8080 server for the {AC76BA86-7AD7-1033-7B44-A95000000001} transfer job that is associated with the following URL: /arm-manifests/win/Upgrade/1033/LatestReaderManifest.msi.
 The credentials for the S-1-5-21-1634558665-2257203147-3060767804-1000 user were rejected.","204","1",,"2","0","0","4611686018427387904","10023","Microsoft-Windows-Bits-Client","ef1cc15b-46c1-414e-bb95-e76b077bd51e","Microsoft-Windows-Bits-Client/Operational","984","608","rjaf-PC4429","S-1-5-21-1634558665-2257203147-3060767804-1000","5/9/2015 4:45:56 AM",,,"c:\users\mac_1\desktop\winevt\logs\microsoft-windows-bits-client%4operational.evtx","System.UInt32[]","System.Diagnostics.Eventing.Reader.EventBookmark","Error","Info",,"System.Collections.ObjectModel.ReadOnlyCollection`1[System.String]","System.Collections.Generic.List`1[System.Diagnostics.Eventing.Reader.EventProperty]"
"The BITS service created a new job: {AC76BA86-7AD7-1033-7B44-A95000000001}, with owner RJAF-PC4429\rjaf","3","0",,"4","0","0","4611686018427387904","10022","Microsoft-Windows-Bits-Client","ef1cc15b-46c1-414e-bb95-e76b077bd51e","Microsoft-Windows-Bits-Client/Operational","984","1164","rjaf-PC4429","S-1-5-18","5/9/2015 4:45:51 AM","85f02364-989b-0001-8209-a5814d8ad001",,"c:\users\mac_1\desktop\winevt\logs\microsoft-windows-bits-client%4operational.evtx","System.UInt32[]","System.Diagnostics.Eventing.Reader.EventBookmark","Information","Info",,"System.Collections.ObjectModel.ReadOnlyCollection`1[System.String]","System.Collections.Generic.List`1[System.Diagnostics.Eventing.Reader.EventProperty]"
"Job cancelled. User: RJAF-PC4429\rjaf, job: {AC76BA86-7AD7-1033-7B44-A95000000001}, jobID: {97C01DE4-9EC1-48D7-BF8C-FF46B5762F82}, owner: RJAF-PC4429\rjaf, filecount: 1","5","0",,"4","0","0","4611686018427387904","10021","Microsoft-Windows-Bits-Client","ef1cc15b-46c1-414e-bb95-e76b077bd51e","Microsoft-Windows-Bits-Client/Operational","984","608","rjaf-PC4429","S-1-5-21-1634558665-2257203147-3060767804-1000","5/9/2015 4:45:40 AM",,,"c:\users\mac_1\desktop\winevt\logs\microsoft-windows-bits-client%4operational.evtx","System.UInt32[]","System.Diagnostics.Eventing.Reader.EventBookmark","Information","Info",,"System.Collections.ObjectModel.ReadOnlyCollection`1[System.String]","System.Collections.Generic.List`1[System.Diagnostics.Eventing.Reader.EventProperty]"
"The BITS service provided job credentials in response to the UNIDENTIFIED authentication challenge from the 10.10.1.1:8080 server for the {AC76BA86-7AD7-1033-7B44-A95000000001} transfer job that is associated with the following URL: /arm-manifests/win/Reader9Manifest.msi.
 The credentials for the S-1-5-21-1634558665-2257203147-3060767804-1000 user were rejected.","204","1",,"2","0","0","4611686018427387904","10020","Microsoft-Windows-Bits-Client","ef1cc15b-46c1-414e-bb95-e76b077bd51e","Microsoft-Windows-Bits-Client/Operational","984","608","rjaf-PC4429","S-1-5-21-1634558665-2257203147-3060767804-1000","5/9/2015 4:45:40 AM",,,"c:\users\mac_1\desktop\winevt\logs\microsoft-windows-bits-client%4operational.evtx","System.UInt32[]","System.Diagnostics.Eventing.Reader.EventBookmark","Error","Info",,"System.Collections.ObjectModel.ReadOnlyCollection`1[System.String]","System.Collections.Generic.List`1[System.Diagnostics.Eventing.Reader.EventProperty]"
"The BITS service created a new job: {AC76BA86-7AD7-1033-7B44-A95000000001}, with owner RJAF-PC4429\rjaf","3","0",,"4","0","0","4611686018427387904","10019","Microsoft-Windows-Bits-Client","ef1cc15b-46c1-414e-bb95-e76b077bd51e","Microsoft-Windows-Bits-Client/Operational","984","680","rjaf-PC4429","S-1-5-18","5/9/2015 4:45:29 AM","85f02364-989b-0001-8209-a5814d8ad001",,"c:\users\mac_1\desktop\winevt\logs\microsoft-windows-bits-client%4operational.evtx","System.UInt32[]","System.Diagnostics.Eventing.Reader.EventBookmark","Information","Info",,"System.Collections.ObjectModel.ReadOnlyCollection`1[System.String]","System.Collections.Generic.List`1[System.Diagnostics.Eventing.Reader.EventProperty]"
"The BITS service loaded the job list from disk.","306","0",,"5","0","0","4611686018427387904","10018","Microsoft-Windows-Bits-Client","ef1cc15b-46c1-414e-bb95-e76b077bd51e","Microsoft-Windows-Bits-Client/Operational","984","2696","rjaf-PC4429","S-1-5-18","5/9/2015 4:45:29 AM",,,"c:\users\mac_1\desktop\winevt\logs\microsoft-windows-bits-client%4operational.evtx","System.UInt32[]","System.Diagnostics.Eventing.Reader.EventBookmark","Verbose","Info",,"System.Collections.ObjectModel.ReadOnlyCollection`1[System.String]","System.Collections.Generic.List`1[System.Diagnostics.Eventing.Reader.EventProperty]"
"Job cancelled. User: RJAF-PC4429\rjaf, job: {AC76BA86-7AD7-1033-7B44-A95000000001}, jobID: {6F01917C-EF1C-4016-BC92-9298E8E30992}, owner: RJAF-PC4429\rjaf, filecount: 1","5","0",,"4","0","0","4611686018427387904","10017","Microsoft-Windows-Bits-Client","ef1cc15b-46c1-414e-bb95-e76b077bd51e","Microsoft-Windows-Bits-Client/Operational","984","1172","rjaf-PC4429","S-1-5-21-1634558665-2257203147-3060767804-1000","5/9/2015 4:34:03 AM",,,"c:\users\mac_1\desktop\winevt\logs\microsoft-windows-bits-client%4operational.evtx","System.UInt32[]","System.Diagnostics.Eventing.Reader.EventBookmark","Information","Info",,"System.Collections.ObjectModel.ReadOnlyCollection`1[System.String]","System.Collections.Generic.List`1[System.Diagnostics.Eventing.Reader.EventProperty]"
"The BITS service provided job credentials in response to the UNIDENTIFIED authentication challenge from the 10.10.1.1:8080 server for the {AC76BA86-7AD7-1033-7B44-A95000000001} transfer job that is associated with the following URL: /arm-manifests/win/Upgrade/1033/LatestReaderManifest.msi.
 The credentials for the S-1-5-21-1634558665-2257203147-3060767804-1000 user were rejected.","204","1",,"2","0","0","4611686018427387904","10016","Microsoft-Windows-Bits-Client","ef1cc15b-46c1-414e-bb95-e76b077bd51e","Microsoft-Windows-Bits-Client/Operational","984","1172","rjaf-PC4429","S-1-5-21-1634558665-2257203147-3060767804-1000","5/9/2015 4:34:03 AM",,,"c:\users\mac_1\desktop\winevt\logs\microsoft-windows-bits-client%4operational.evtx","System.UInt32[]","System.Diagnostics.Eventing.Reader.EventBookmark","Error","Info",,"System.Collections.ObjectModel.ReadOnlyCollection`1[System.String]","System.Collections.Generic.List`1[System.Diagnostics.Eventing.Reader.EventProperty]"
"The BITS service created a new job: {AC76BA86-7AD7-1033-7B44-A95000000001}, with owner RJAF-PC4429\rjaf","3","0",,"4","0","0","4611686018427387904","10015","Microsoft-Windows-Bits-Client","ef1cc15b-46c1-414e-bb95-e76b077bd51e","Microsoft-Windows-Bits-Client/Operational","984","1172","rjaf-PC4429","S-1-5-18","5/9/2015 4:34:01 AM",,,"c:\users\mac_1\desktop\winevt\logs\microsoft-windows-bits-client%4operational.evtx","System.UInt32[]","System.Diagnostics.Eventing.Reader.EventBookmark","Information","Info",,"System.Collections.ObjectModel.ReadOnlyCollection`1[System.String]","System.Collections.Generic.List`1[System.Diagnostics.Eventing.Reader.EventProperty]"
"Job cancelled. User: RJAF-PC4429\rjaf, job: {AC76BA86-7AD7-1033-7B44-A95000000001}, jobID: {FAD12C5D-04DD-4979-8F82-0AFC937196D7}, owner: RJAF-PC4429\rjaf, filecount: 1","5","0",,"4","0","0","4611686018427387904","10014","Microsoft-Windows-Bits-Client","ef1cc15b-46c1-414e-bb95-e76b077bd51e","Microsoft-Windows-Bits-Client/Operational","984","1004","rjaf-PC4429","S-1-5-21-1634558665-2257203147-3060767804-1000","5/9/2015 4:33:54 AM","00000000-1b28-0000-02fb-f7e64b8ad001",,"c:\users\mac_1\desktop\winevt\logs\microsoft-windows-bits-client%4operational.evtx","System.UInt32[]","System.Diagnostics.Eventing.Reader.EventBookmark","Information","Info",,"System.Collections.ObjectModel.ReadOnlyCollection`1[System.String]","System.Collections.Generic.List`1[System.Diagnostics.Eventing.Reader.EventProperty]"
"The BITS service provided job credentials in response to the UNIDENTIFIED authentication challenge from the 10.10.1.1:8080 server for the {AC76BA86-7AD7-1033-7B44-A95000000001} transfer job that is associated with the following URL: /arm-manifests/win/Reader9Manifest.msi.
 The credentials for the S-1-5-21-1634558665-2257203147-3060767804-1000 user were rejected.","204","1",,"2","0","0","4611686018427387904","10013","Microsoft-Windows-Bits-Client","ef1cc15b-46c1-414e-bb95-e76b077bd51e","Microsoft-Windows-Bits-Client/Operational","984","1172","rjaf-PC4429","S-1-5-21-1634558665-2257203147-3060767804-1000","5/9/2015 4:33:54 AM",,,"c:\users\mac_1\desktop\winevt\logs\microsoft-windows-bits-client%4operational.evtx","System.UInt32[]","System.Diagnostics.Eventing.Reader.EventBookmark","Error","Info",,"System.Collections.ObjectModel.ReadOnlyCollection`1[System.String]","System.Collections.Generic.List`1[System.Diagnostics.Eventing.Reader.EventProperty]"
"The BITS service created a new job: {AC76BA86-7AD7-1033-7B44-A95000000001}, with owner RJAF-PC4429\rjaf","3","0",,"4","0","0","4611686018427387904","10012","Microsoft-Windows-Bits-Client","ef1cc15b-46c1-414e-bb95-e76b077bd51e","Microsoft-Windows-Bits-Client/Operational","984","1748","rjaf-PC4429","S-1-5-18","5/9/2015 4:33:44 AM","00000000-1b28-0000-02fb-f7e64b8ad001",,"c:\users\mac_1\desktop\winevt\logs\microsoft-windows-bits-client%4operational.evtx","System.UInt32[]","System.Diagnostics.Eventing.Reader.EventBookmark","Information","Info",,"System.Collections.ObjectModel.ReadOnlyCollection`1[System.String]","System.Collections.Generic.List`1[System.Diagnostics.Eventing.Reader.EventProperty]"
"The BITS service loaded the job list from disk.","306","0",,"5","0","0","4611686018427387904","10011","Microsoft-Windows-Bits-Client","ef1cc15b-46c1-414e-bb95-e76b077bd51e","Microsoft-Windows-Bits-Client/Operational","984","2412","rjaf-PC4429","S-1-5-18","5/9/2015 4:33:43 AM",,,"c:\users\mac_1\desktop\winevt\logs\microsoft-windows-bits-client%4operational.evtx","System.UInt32[]","System.Diagnostics.Eventing.Reader.EventBookmark","Verbose","Info",,"System.Collections.ObjectModel.ReadOnlyCollection`1[System.String]","System.Collections.Generic.List`1[System.Diagnostics.Eventing.Reader.EventProperty]"
"Job cancelled. User: RJAF-PC4429\rjaf, job: {AC76BA86-7AD7-1033-7B44-A95000000001}, jobID: {67439279-3023-4925-A36E-05B2A8E30833}, owner: RJAF-PC4429\rjaf, filecount: 1","5","0",,"4","0","0","4611686018427387904","10010","Microsoft-Windows-Bits-Client","ef1cc15b-46c1-414e-bb95-e76b077bd51e","Microsoft-Windows-Bits-Client/Operational","956","1124","rjaf-PC4429","S-1-5-21-1634558665-2257203147-3060767804-1000","5/8/2015 7:45:20 PM",,,"c:\users\mac_1\desktop\winevt\logs\microsoft-windows-bits-client%4operational.evtx","System.UInt32[]","System.Diagnostics.Eventing.Reader.EventBookmark","Information","Info",,"System.Collections.ObjectModel.ReadOnlyCollection`1[System.String]","System.Collections.Generic.List`1[System.Diagnostics.Eventing.Reader.EventProperty]"
"The BITS service provided job credentials in response to the UNIDENTIFIED authentication challenge from the 10.10.1.1:8080 server for the {AC76BA86-7AD7-1033-7B44-A95000000001} transfer job that is associated with the following URL: /arm-manifests/win/Upgrade/1033/LatestReaderManifest.msi.
 The credentials for the S-1-5-21-1634558665-2257203147-3060767804-1000 user were rejected.","204","1",,"2","0","0","4611686018427387904","10009","Microsoft-Windows-Bits-Client","ef1cc15b-46c1-414e-bb95-e76b077bd51e","Microsoft-Windows-Bits-Client/Operational","956","2020","rjaf-PC4429","S-1-5-21-1634558665-2257203147-3060767804-1000","5/8/2015 7:45:20 PM",,,"c:\users\mac_1\desktop\winevt\logs\microsoft-windows-bits-client%4operational.evtx","System.UInt32[]","System.Diagnostics.Eventing.Reader.EventBookmark","Error","Info",,"System.Collections.ObjectModel.ReadOnlyCollection`1[System.String]","System.Collections.Generic.List`1[System.Diagnostics.Eventing.Reader.EventProperty]"
"The BITS service created a new job: {AC76BA86-7AD7-1033-7B44-A95000000001}, with owner RJAF-PC4429\rjaf","3","0",,"4","0","0","4611686018427387904","10008","Microsoft-Windows-Bits-Client","ef1cc15b-46c1-414e-bb95-e76b077bd51e","Microsoft-Windows-Bits-Client/Operational","956","1124","rjaf-PC4429","S-1-5-18","5/8/2015 7:45:15 PM",,,"c:\users\mac_1\desktop\winevt\logs\microsoft-windows-bits-client%4operational.evtx","System.UInt32[]","System.Diagnostics.Eventing.Reader.EventBookmark","Information","Info",,"System.Collections.ObjectModel.ReadOnlyCollection`1[System.String]","System.Collections.Generic.List`1[System.Diagnostics.Eventing.Reader.EventProperty]"
"Job cancelled. User: RJAF-PC4429\rjaf, job: {AC76BA86-7AD7-1033-7B44-A95000000001}, jobID: {5CC6E7BE-9571-4AD1-88A9-FD183C13EFFF}, owner: RJAF-PC4429\rjaf, filecount: 1","5","0",,"4","0","0","4611686018427387904","10007","Microsoft-Windows-Bits-Client","ef1cc15b-46c1-414e-bb95-e76b077bd51e","Microsoft-Windows-Bits-Client/Operational","956","2020","rjaf-PC4429","S-1-5-21-1634558665-2257203147-3060767804-1000","5/8/2015 7:45:06 PM",,,"c:\users\mac_1\desktop\winevt\logs\microsoft-windows-bits-client%4operational.evtx","System.UInt32[]","System.Diagnostics.Eventing.Reader.EventBookmark","Information","Info",,"System.Collections.ObjectModel.ReadOnlyCollection`1[System.String]","System.Collections.Generic.List`1[System.Diagnostics.Eventing.Reader.EventProperty]"
"The BITS service provided job credentials in response to the UNIDENTIFIED authentication challenge from the 10.10.1.1:8080 server for the {AC76BA86-7AD7-1033-7B44-A95000000001} transfer job that is associated with the following URL: /arm-manifests/win/Reader9Manifest.msi.
 The credentials for the S-1-5-21-1634558665-2257203147-3060767804-1000 user were rejected.","204","1",,"2","0","0","4611686018427387904","10006","Microsoft-Windows-Bits-Client","ef1cc15b-46c1-414e-bb95-e76b077bd51e","Microsoft-Windows-Bits-Client/Operational","956","2020","rjaf-PC4429","S-1-5-21-1634558665-2257203147-3060767804-1000","5/8/2015 7:45:06 PM",,,"c:\users\mac_1\desktop\winevt\logs\microsoft-windows-bits-client%4operational.evtx","System.UInt32[]","System.Diagnostics.Eventing.Reader.EventBookmark","Error","Info",,"System.Collections.ObjectModel.ReadOnlyCollection`1[System.String]","System.Collections.Generic.List`1[System.Diagnostics.Eventing.Reader.EventProperty]"
"The BITS service created a new job: {AC76BA86-7AD7-1033-7B44-A95000000001}, with owner RJAF-PC4429\rjaf","3","0",,"4","0","0","4611686018427387904","10005","Microsoft-Windows-Bits-Client","ef1cc15b-46c1-414e-bb95-e76b077bd51e","Microsoft-Windows-Bits-Client/Operational","956","1156","rjaf-PC4429","S-1-5-18","5/8/2015 7:44:55 PM","85f02c9c-d89b-0002-84bb-1f14028ad001",,"c:\users\mac_1\desktop\winevt\logs\microsoft-windows-bits-client%4operational.evtx","System.UInt32[]","System.Diagnostics.Eventing.Reader.EventBookmark","Information","Info",,"System.Collections.ObjectModel.ReadOnlyCollection`1[System.String]","System.Collections.Generic.List`1[System.Diagnostics.Eventing.Reader.EventProperty]"
"The BITS service loaded the job list from disk.","306","0",,"5","0","0","4611686018427387904","10004","Microsoft-Windows-Bits-Client","ef1cc15b-46c1-414e-bb95-e76b077bd51e","Microsoft-Windows-Bits-Client/Operational","956","2704","rjaf-PC4429","S-1-5-18","5/8/2015 7:44:55 PM",,,"c:\users\mac_1\desktop\winevt\logs\microsoft-windows-bits-client%4operational.evtx","System.UInt32[]","System.Diagnostics.Eventing.Reader.EventBookmark","Verbose","Info",,"System.Collections.ObjectModel.ReadOnlyCollection`1[System.String]","System.Collections.Generic.List`1[System.Diagnostics.Eventing.Reader.EventProperty]"
"Job cancelled. User: RJAF-PC4429\rjaf, job: {AC76BA86-7AD7-1033-7B44-A95000000001}, jobID: {95599952-B6B4-4D18-BBB8-328E1A7109EA}, owner: RJAF-PC4429\rjaf, filecount: 1","5","0",,"4","0","0","4611686018427387904","10003","Microsoft-Windows-Bits-Client","ef1cc15b-46c1-414e-bb95-e76b077bd51e","Microsoft-Windows-Bits-Client/Operational","956","976","rjaf-PC4429","S-1-5-21-1634558665-2257203147-3060767804-1000","5/8/2015 11:21:42 AM",,,"c:\users\mac_1\desktop\winevt\logs\microsoft-windows-bits-client%4operational.evtx","System.UInt32[]","System.Diagnostics.Eventing.Reader.EventBookmark","Information","Info",,"System.Collections.ObjectModel.ReadOnlyCollection`1[System.String]","System.Collections.Generic.List`1[System.Diagnostics.Eventing.Reader.EventProperty]"
"The BITS service provided job credentials in response to the UNIDENTIFIED authentication challenge from the 10.10.1.1:8080 server for the {AC76BA86-7AD7-1033-7B44-A95000000001} transfer job that is associated with the following URL: /arm-manifests/win/Upgrade/1033/LatestReaderManifest.msi.
 The credentials for the S-1-5-21-1634558665-2257203147-3060767804-1000 user were rejected.","204","1",,"2","0","0","4611686018427387904","10002","Microsoft-Windows-Bits-Client","ef1cc15b-46c1-414e-bb95-e76b077bd51e","Microsoft-Windows-Bits-Client/Operational","956","976","rjaf-PC4429","S-1-5-21-1634558665-2257203147-3060767804-1000","5/8/2015 11:21:42 AM",,,"c:\users\mac_1\desktop\winevt\logs\microsoft-windows-bits-client%4operational.evtx","System.UInt32[]","System.Diagnostics.Eventing.Reader.EventBookmark","Error","Info",,"System.Collections.ObjectModel.ReadOnlyCollection`1[System.String]","System.Collections.Generic.List`1[System.Diagnostics.Eventing.Reader.EventProperty]"
"The BITS service created a new job: {AC76BA86-7AD7-1033-7B44-A95000000001}, with owner RJAF-PC4429\rjaf","3","0",,"4","0","0","4611686018427387904","10001","Microsoft-Windows-Bits-Client","ef1cc15b-46c1-414e-bb95-e76b077bd51e","Microsoft-Windows-Bits-Client/Operational","956","976","rjaf-PC4429","S-1-5-18","5/8/2015 11:21:39 AM",,,"c:\users\mac_1\desktop\winevt\logs\microsoft-windows-bits-client%4operational.evtx","System.UInt32[]","System.Diagnostics.Eventing.Reader.EventBookmark","Information","Info",,"System.Collections.ObjectModel.ReadOnlyCollection`1[System.String]","System.Collections.Generic.List`1[System.Diagnostics.Eventing.Reader.EventProperty]"
"Job cancelled. User: RJAF-PC4429\rjaf, job: {AC76BA86-7AD7-1033-7B44-A95000000001}, jobID: {F894B169-9D7F-41F2-84B4-BCF68794C1F1}, owner: RJAF-PC4429\rjaf, filecount: 1","5","0",,"4","0","0","4611686018427387904","10000","Microsoft-Windows-Bits-Client","ef1cc15b-46c1-414e-bb95-e76b077bd51e","Microsoft-Windows-Bits-Client/Operational","956","428","rjaf-PC4429","S-1-5-21-1634558665-2257203147-3060767804-1000","5/8/2015 11:21:22 AM","85f1d364-089b-0001-8418-dfacbb89d001",,"c:\users\mac_1\desktop\winevt\logs\microsoft-windows-bits-client%4operational.evtx","System.UInt32[]","System.Diagnostics.Eventing.Reader.EventBookmark","Information","Info",,"System.Collections.ObjectModel.ReadOnlyCollection`1[System.String]","System.Collections.Generic.List`1[System.Diagnostics.Eventing.Reader.EventProperty]"
"The BITS service provided job credentials in response to the UNIDENTIFIED authentication challenge from the 10.10.1.1:8080 server for the {AC76BA86-7AD7-1033-7B44-A95000000001} transfer job that is associated with the following URL: /arm-manifests/win/Reader9Manifest.msi.
 The credentials for the S-1-5-21-1634558665-2257203147-3060767804-1000 user were rejected.","204","1",,"2","0","0","4611686018427387904","9999","Microsoft-Windows-Bits-Client","ef1cc15b-46c1-414e-bb95-e76b077bd51e","Microsoft-Windows-Bits-Client/Operational","956","976","rjaf-PC4429","S-1-5-21-1634558665-2257203147-3060767804-1000","5/8/2015 11:21:22 AM",,,"c:\users\mac_1\desktop\winevt\logs\microsoft-windows-bits-client%4operational.evtx","System.UInt32[]","System.Diagnostics.Eventing.Reader.EventBookmark","Error","Info",,"System.Collections.ObjectModel.ReadOnlyCollection`1[System.String]","System.Collections.Generic.List`1[System.Diagnostics.Eventing.Reader.EventProperty]"
"The BITS service created a new job: {AC76BA86-7AD7-1033-7B44-A95000000001}, with owner RJAF-PC4429\rjaf","3","0",,"4","0","0","4611686018427387904","9998","Microsoft-Windows-Bits-Client","ef1cc15b-46c1-414e-bb95-e76b077bd51e","Microsoft-Windows-Bits-Client/Operational","956","1896","rjaf-PC4429","S-1-5-18","5/8/2015 11:21:10 AM",,,"c:\users\mac_1\desktop\winevt\logs\microsoft-windows-bits-client%4operational.evtx","System.UInt32[]","System.Diagnostics.Eventing.Reader.EventBookmark","Information","Info",,"System.Collections.ObjectModel.ReadOnlyCollection`1[System.String]","System.Collections.Generic.List`1[System.Diagnostics.Eventing.Reader.EventProperty]"
"The BITS service loaded the job list from disk.","306","0",,"5","0","0","4611686018427387904","9997","Microsoft-Windows-Bits-Client","ef1cc15b-46c1-414e-bb95-e76b077bd51e","Microsoft-Windows-Bits-Client/Operational","956","2780","rjaf-PC4429","S-1-5-18","5/8/2015 11:21:09 AM",,,"c:\users\mac_1\desktop\winevt\logs\microsoft-windows-bits-client%4operational.evtx","System.UInt32[]","System.Diagnostics.Eventing.Reader.EventBookmark","Verbose","Info",,"System.Collections.ObjectModel.ReadOnlyCollection`1[System.String]","System.Collections.Generic.List`1[System.Diagnostics.Eventing.Reader.EventProperty]"
"Job cancelled. User: RJAF-PC4429\rjaf, job: {AC76BA86-7AD7-1033-7B44-A95000000001}, jobID: {475487A8-29B1-46AA-8DAA-5D52A40B3E03}, owner: RJAF-PC4429\rjaf, filecount: 1","5","0",,"4","0","0","4611686018427387904","9996","Microsoft-Windows-Bits-Client","ef1cc15b-46c1-414e-bb95-e76b077bd51e","Microsoft-Windows-Bits-Client/Operational","960","1132","rjaf-PC4429","S-1-5-21-1634558665-2257203147-3060767804-1000","5/8/2015 11:17:21 AM",,,"c:\users\mac_1\desktop\winevt\logs\microsoft-windows-bits-client%4operational.evtx","System.UInt32[]","System.Diagnostics.Eventing.Reader.EventBookmark","Information","Info",,"System.Collections.ObjectModel.ReadOnlyCollection`1[System.String]","System.Collections.Generic.List`1[System.Diagnostics.Eventing.Reader.EventProperty]"
"The BITS service provided job credentials in response to the UNIDENTIFIED authentication challenge from the 10.10.1.1:8080 server for the {AC76BA86-7AD7-1033-7B44-A95000000001} transfer job that is associated with the following URL: /arm-manifests/win/Upgrade/1033/LatestReaderManifest.msi.
 The credentials for the S-1-5-21-1634558665-2257203147-3060767804-1000 user were rejected.","204","1",,"2","0","0","4611686018427387904","9995","Microsoft-Windows-Bits-Client","ef1cc15b-46c1-414e-bb95-e76b077bd51e","Microsoft-Windows-Bits-Client/Operational","960","1132","rjaf-PC4429","S-1-5-21-1634558665-2257203147-3060767804-1000","5/8/2015 11:17:21 AM",,,"c:\users\mac_1\desktop\winevt\logs\microsoft-windows-bits-client%4operational.evtx","System.UInt32[]","System.Diagnostics.Eventing.Reader.EventBookmark","Error","Info",,"System.Collections.ObjectModel.ReadOnlyCollection`1[System.String]","System.Collections.Generic.List`1[System.Diagnostics.Eventing.Reader.EventProperty]"
"The BITS service created a new job: {AC76BA86-7AD7-1033-7B44-A95000000001}, with owner RJAF-PC4429\rjaf","3","0",,"4","0","0","4611686018427387904","9994","Microsoft-Windows-Bits-Client","ef1cc15b-46c1-414e-bb95-e76b077bd51e","Microsoft-Windows-Bits-Client/Operational","960","1136","rjaf-PC4429","S-1-5-18","5/8/2015 11:17:16 AM","00000000-3b28-0000-02b6-7418bb89d001",,"c:\users\mac_1\desktop\winevt\logs\microsoft-windows-bits-client%4operational.evtx","System.UInt32[]","System.Diagnostics.Eventing.Reader.EventBookmark","Information","Info",,"System.Collections.ObjectModel.ReadOnlyCollection`1[System.String]","System.Collections.Generic.List`1[System.Diagnostics.Eventing.Reader.EventProperty]"
"Job cancelled. User: RJAF-PC4429\rjaf, job: {AC76BA86-7AD7-1033-7B44-A95000000001}, jobID: {B99F9B1D-520D-43BA-8D59-7B713B8D0137}, owner: RJAF-PC4429\rjaf, filecount: 1","5","0",,"4","0","0","4611686018427387904","9993","Microsoft-Windows-Bits-Client","ef1cc15b-46c1-414e-bb95-e76b077bd51e","Microsoft-Windows-Bits-Client/Operational","960","1840","rjaf-PC4429","S-1-5-21-1634558665-2257203147-3060767804-1000","5/8/2015 11:16:59 AM",,,"c:\users\mac_1\desktop\winevt\logs\microsoft-windows-bits-client%4operational.evtx","System.UInt32[]","System.Diagnostics.Eventing.Reader.EventBookmark","Information","Info",,"System.Collections.ObjectModel.ReadOnlyCollection`1[System.String]","System.Collections.Generic.List`1[System.Diagnostics.Eventing.Reader.EventProperty]"
"The BITS service provided job credentials in response to the UNIDENTIFIED authentication challenge from the 10.10.1.1:8080 server for the {AC76BA86-7AD7-1033-7B44-A95000000001} transfer job that is associated with the following URL: /arm-manifests/win/Reader9Manifest.msi.
 The credentials for the S-1-5-21-1634558665-2257203147-3060767804-1000 user were rejected.","204","1",,"2","0","0","4611686018427387904","9992","Microsoft-Windows-Bits-Client","ef1cc15b-46c1-414e-bb95-e76b077bd51e","Microsoft-Windows-Bits-Client/Operational","960","1840","rjaf-PC4429","S-1-5-21-1634558665-2257203147-3060767804-1000","5/8/2015 11:16:59 AM",,,"c:\users\mac_1\desktop\winevt\logs\microsoft-windows-bits-client%4operational.evtx","System.UInt32[]","System.Diagnostics.Eventing.Reader.EventBookmark","Error","Info",,"System.Collections.ObjectModel.ReadOnlyCollection`1[System.String]","System.Collections.Generic.List`1[System.Diagnostics.Eventing.Reader.EventProperty]"
"The BITS service created a new job: {AC76BA86-7AD7-1033-7B44-A95000000001}, with owner RJAF-PC4429\rjaf","3","0",,"4","0","0","4611686018427387904","9991","Microsoft-Windows-Bits-Client","ef1cc15b-46c1-414e-bb95-e76b077bd51e","Microsoft-Windows-Bits-Client/Operational","960","300","rjaf-PC4429","S-1-5-18","5/8/2015 11:16:48 AM","00000000-3b28-0000-02b6-7418bb89d001",,"c:\users\mac_1\desktop\winevt\logs\microsoft-windows-bits-client%4operational.evtx","System.UInt32[]","System.Diagnostics.Eventing.Reader.EventBookmark","Information","Info",,"System.Collections.ObjectModel.ReadOnlyCollection`1[System.String]","System.Collections.Generic.List`1[System.Diagnostics.Eventing.Reader.EventProperty]"
"The BITS service loaded the job list from disk.","306","0",,"5","0","0","4611686018427387904","9990","Microsoft-Windows-Bits-Client","ef1cc15b-46c1-414e-bb95-e76b077bd51e","Microsoft-Windows-Bits-Client/Operational","960","2764","rjaf-PC4429","S-1-5-18","5/8/2015 11:16:48 AM",,,"c:\users\mac_1\desktop\winevt\logs\microsoft-windows-bits-client%4operational.evtx","System.UInt32[]","System.Diagnostics.Eventing.Reader.EventBookmark","Verbose","Info",,"System.Collections.ObjectModel.ReadOnlyCollection`1[System.String]","System.Collections.Generic.List`1[System.Diagnostics.Eventing.Reader.EventProperty]"
"Job cancelled. User: RJAF-PC4429\rjaf, job: {AC76BA86-7AD7-1033-7B44-A95000000001}, jobID: {04283956-D4A9-445F-8F1C-68C1A9734F60}, owner: RJAF-PC4429\rjaf, filecount: 1","5","0",,"4","0","0","4611686018427387904","9989","Microsoft-Windows-Bits-Client","ef1cc15b-46c1-414e-bb95-e76b077bd51e","Microsoft-Windows-Bits-Client/Operational","964","1172","rjaf-PC4429","S-1-5-21-1634558665-2257203147-3060767804-1000","5/8/2015 7:07:30 AM",,,"c:\users\mac_1\desktop\winevt\logs\microsoft-windows-bits-client%4operational.evtx","System.UInt32[]","System.Diagnostics.Eventing.Reader.EventBookmark","Information","Info",,"System.Collections.ObjectModel.ReadOnlyCollection`1[System.String]","System.Collections.Generic.List`1[System.Diagnostics.Eventing.Reader.EventProperty]"
"The BITS service provided job credentials in response to the UNIDENTIFIED authentication challenge from the 10.10.1.1:8080 server for the {AC76BA86-7AD7-1033-7B44-A95000000001} transfer job that is associated with the following URL: /arm-manifests/win/Upgrade/1033/LatestReaderManifest.msi.
 The credentials for the S-1-5-21-1634558665-2257203147-3060767804-1000 user were rejected.","204","1",,"2","0","0","4611686018427387904","9988","Microsoft-Windows-Bits-Client","ef1cc15b-46c1-414e-bb95-e76b077bd51e","Microsoft-Windows-Bits-Client/Operational","964","1136","rjaf-PC4429","S-1-5-21-1634558665-2257203147-3060767804-1000","5/8/2015 7:07:30 AM",,,"c:\users\mac_1\desktop\winevt\logs\microsoft-windows-bits-client%4operational.evtx","System.UInt32[]","System.Diagnostics.Eventing.Reader.EventBookmark","Error","Info",,"System.Collections.ObjectModel.ReadOnlyCollection`1[System.String]","System.Collections.Generic.List`1[System.Diagnostics.Eventing.Reader.EventProperty]"
"The BITS service created a new job: {AC76BA86-7AD7-1033-7B44-A95000000001}, with owner RJAF-PC4429\rjaf","3","0",,"4","0","0","4611686018427387904","9987","Microsoft-Windows-Bits-Client","ef1cc15b-46c1-414e-bb95-e76b077bd51e","Microsoft-Windows-Bits-Client/Operational","964","1136","rjaf-PC4429","S-1-5-18","5/8/2015 7:07:28 AM",,,"c:\users\mac_1\desktop\winevt\logs\microsoft-windows-bits-client%4operational.evtx","System.UInt32[]","System.Diagnostics.Eventing.Reader.EventBookmark","Information","Info",,"System.Collections.ObjectModel.ReadOnlyCollection`1[System.String]","System.Collections.Generic.List`1[System.Diagnostics.Eventing.Reader.EventProperty]"
"Job cancelled. User: RJAF-PC4429\rjaf, job: {AC76BA86-7AD7-1033-7B44-A95000000001}, jobID: {9A7DB1A8-09E9-458D-9276-C45F4C6B7E39}, owner: RJAF-PC4429\rjaf, filecount: 1","5","0",,"4","0","0","4611686018427387904","9986","Microsoft-Windows-Bits-Client","ef1cc15b-46c1-414e-bb95-e76b077bd51e","Microsoft-Windows-Bits-Client/Operational","964","1172","rjaf-PC4429","S-1-5-21-1634558665-2257203147-3060767804-1000","5/8/2015 7:07:17 AM",,,"c:\users\mac_1\desktop\winevt\logs\microsoft-windows-bits-client%4operational.evtx","System.UInt32[]","System.Diagnostics.Eventing.Reader.EventBookmark","Information","Info",,"System.Collections.ObjectModel.ReadOnlyCollection`1[System.String]","System.Collections.Generic.List`1[System.Diagnostics.Eventing.Reader.EventProperty]"
"The BITS service provided job credentials in response to the UNIDENTIFIED authentication challenge from the 10.10.1.1:8080 server for the {AC76BA86-7AD7-1033-7B44-A95000000001} transfer job that is associated with the following URL: /arm-manifests/win/Reader9Manifest.msi.
 The credentials for the S-1-5-21-1634558665-2257203147-3060767804-1000 user were rejected.","204","1",,"2","0","0","4611686018427387904","9985","Microsoft-Windows-Bits-Client","ef1cc15b-46c1-414e-bb95-e76b077bd51e","Microsoft-Windows-Bits-Client/Operational","964","1172","rjaf-PC4429","S-1-5-21-1634558665-2257203147-3060767804-1000","5/8/2015 7:07:17 AM",,,"c:\users\mac_1\desktop\winevt\logs\microsoft-windows-bits-client%4operational.evtx","System.UInt32[]","System.Diagnostics.Eventing.Reader.EventBookmark","Error","Info",,"System.Collections.ObjectModel.ReadOnlyCollection`1[System.String]","System.Collections.Generic.List`1[System.Diagnostics.Eventing.Reader.EventProperty]"
"The BITS service created a new job: {AC76BA86-7AD7-1033-7B44-A95000000001}, with owner RJAF-PC4429\rjaf","3","0",,"4","0","0","4611686018427387904","9984","Microsoft-Windows-Bits-Client","ef1cc15b-46c1-414e-bb95-e76b077bd51e","Microsoft-Windows-Bits-Client/Operational","964","728","rjaf-PC4429","S-1-5-18","5/8/2015 7:07:05 AM",,,"c:\users\mac_1\desktop\winevt\logs\microsoft-windows-bits-client%4operational.evtx","System.UInt32[]","System.Diagnostics.Eventing.Reader.EventBookmark","Information","Info",,"System.Collections.ObjectModel.ReadOnlyCollection`1[System.String]","System.Collections.Generic.List`1[System.Diagnostics.Eventing.Reader.EventProperty]"
"The BITS service loaded the job list from disk.","306","0",,"5","0","0","4611686018427387904","9983","Microsoft-Windows-Bits-Client","ef1cc15b-46c1-414e-bb95-e76b077bd51e","Microsoft-Windows-Bits-Client/Operational","964","2784","rjaf-PC4429","S-1-5-18","5/8/2015 7:07:05 AM",,,"c:\users\mac_1\desktop\winevt\logs\microsoft-windows-bits-client%4operational.evtx","System.UInt32[]","System.Diagnostics.Eventing.Reader.EventBookmark","Verbose","Info",,"System.Collections.ObjectModel.ReadOnlyCollection`1[System.String]","System.Collections.Generic.List`1[System.Diagnostics.Eventing.Reader.EventProperty]"
"Job cancelled. User: RJAF-PC4429\rjaf, job: {AC76BA86-7AD7-1033-7B44-A95000000001}, jobID: {940423E0-A11E-42EC-8C63-50D713828E48}, owner: RJAF-PC4429\rjaf, filecount: 1","5","0",,"4","0","0","4611686018427387904","9982","Microsoft-Windows-Bits-Client","ef1cc15b-46c1-414e-bb95-e76b077bd51e","Microsoft-Windows-Bits-Client/Operational","976","1012","rjaf-PC4429","S-1-5-21-1634558665-2257203147-3060767804-1000","5/8/2015 4:29:02 AM",,,"c:\users\mac_1\desktop\winevt\logs\microsoft-windows-bits-client%4operational.evtx","System.UInt32[]","System.Diagnostics.Eventing.Reader.EventBookmark","Information","Info",,"System.Collections.ObjectModel.ReadOnlyCollection`1[System.String]","System.Collections.Generic.List`1[System.Diagnostics.Eventing.Reader.EventProperty]"
"The BITS service provided job credentials in response to the UNIDENTIFIED authentication challenge from the 10.10.1.1:8080 server for the {AC76BA86-7AD7-1033-7B44-A95000000001} transfer job that is associated with the following URL: /arm-manifests/win/Upgrade/1033/LatestReaderManifest.msi.
 The credentials for the S-1-5-21-1634558665-2257203147-3060767804-1000 user were rejected.","204","1",,"2","0","0","4611686018427387904","9981","Microsoft-Windows-Bits-Client","ef1cc15b-46c1-414e-bb95-e76b077bd51e","Microsoft-Windows-Bits-Client/Operational","976","1012","rjaf-PC4429","S-1-5-21-1634558665-2257203147-3060767804-1000","5/8/2015 4:29:02 AM",,,"c:\users\mac_1\desktop\winevt\logs\microsoft-windows-bits-client%4operational.evtx","System.UInt32[]","System.Diagnostics.Eventing.Reader.EventBookmark","Error","Info",,"System.Collections.ObjectModel.ReadOnlyCollection`1[System.String]","System.Collections.Generic.List`1[System.Diagnostics.Eventing.Reader.EventProperty]"
"The BITS service created a new job: {AC76BA86-7AD7-1033-7B44-A95000000001}, with owner RJAF-PC4429\rjaf","3","0",,"4","0","0","4611686018427387904","9980","Microsoft-Windows-Bits-Client","ef1cc15b-46c1-414e-bb95-e76b077bd51e","Microsoft-Windows-Bits-Client/Operational","976","1012","rjaf-PC4429","S-1-5-18","5/8/2015 4:28:58 AM",,,"c:\users\mac_1\desktop\winevt\logs\microsoft-windows-bits-client%4operational.evtx","System.UInt32[]","System.Diagnostics.Eventing.Reader.EventBookmark","Information","Info",,"System.Collections.ObjectModel.ReadOnlyCollection`1[System.String]","System.Collections.Generic.List`1[System.Diagnostics.Eventing.Reader.EventProperty]"
"Job cancelled. User: RJAF-PC4429\rjaf, job: {AC76BA86-7AD7-1033-7B44-A95000000001}, jobID: {2A754118-2EDB-49A5-9D96-77D2D97018F0}, owner: RJAF-PC4429\rjaf, filecount: 1","5","0",,"4","0","0","4611686018427387904","9979","Microsoft-Windows-Bits-Client","ef1cc15b-46c1-414e-bb95-e76b077bd51e","Microsoft-Windows-Bits-Client/Operational","976","1012","rjaf-PC4429","S-1-5-21-1634558665-2257203147-3060767804-1000","5/8/2015 4:28:46 AM",,,"c:\users\mac_1\desktop\winevt\logs\microsoft-windows-bits-client%4operational.evtx","System.UInt32[]","System.Diagnostics.Eventing.Reader.EventBookmark","Information","Info",,"System.Collections.ObjectModel.ReadOnlyCollection`1[System.String]","System.Collections.Generic.List`1[System.Diagnostics.Eventing.Reader.EventProperty]"
"The BITS service provided job credentials in response to the UNIDENTIFIED authentication challenge from the 10.10.1.1:8080 server for the {AC76BA86-7AD7-1033-7B44-A95000000001} transfer job that is associated with the following URL: /arm-manifests/win/Reader9Manifest.msi.
 The credentials for the S-1-5-21-1634558665-2257203147-3060767804-1000 user were rejected.","204","1",,"2","0","0","4611686018427387904","9978","Microsoft-Windows-Bits-Client","ef1cc15b-46c1-414e-bb95-e76b077bd51e","Microsoft-Windows-Bits-Client/Operational","976","1012","rjaf-PC4429","S-1-5-21-1634558665-2257203147-3060767804-1000","5/8/2015 4:28:46 AM",,,"c:\users\mac_1\desktop\winevt\logs\microsoft-windows-bits-client%4operational.evtx","System.UInt32[]","System.Diagnostics.Eventing.Reader.EventBookmark","Error","Info",,"System.Collections.ObjectModel.ReadOnlyCollection`1[System.String]","System.Collections.Generic.List`1[System.Diagnostics.Eventing.Reader.EventProperty]"
"The BITS service created a new job: {AC76BA86-7AD7-1033-7B44-A95000000001}, with owner RJAF-PC4429\rjaf","3","0",,"4","0","0","4611686018427387904","9977","Microsoft-Windows-Bits-Client","ef1cc15b-46c1-414e-bb95-e76b077bd51e","Microsoft-Windows-Bits-Client/Operational","976","1012","rjaf-PC4429","S-1-5-18","5/8/2015 4:28:36 AM",,,"c:\users\mac_1\desktop\winevt\logs\microsoft-windows-bits-client%4operational.evtx","System.UInt32[]","System.Diagnostics.Eventing.Reader.EventBookmark","Information","Info",,"System.Collections.ObjectModel.ReadOnlyCollection`1[System.String]","System.Collections.Generic.List`1[System.Diagnostics.Eventing.Reader.EventProperty]"
"The BITS service loaded the job list from disk.","306","0",,"5","0","0","4611686018427387904","9976","Microsoft-Windows-Bits-Client","ef1cc15b-46c1-414e-bb95-e76b077bd51e","Microsoft-Windows-Bits-Client/Operational","976","2664","rjaf-PC4429","S-1-5-18","5/8/2015 4:28:35 AM",,,"c:\users\mac_1\desktop\winevt\logs\microsoft-windows-bits-client%4operational.evtx","System.UInt32[]","System.Diagnostics.Eventing.Reader.EventBookmark","Verbose","Info",,"System.Collections.ObjectModel.ReadOnlyCollection`1[System.String]","System.Collections.Generic.List`1[System.Diagnostics.Eventing.Reader.EventProperty]"
"Job cancelled. User: RJAF-PC4429\rjaf, job: {AC76BA86-7AD7-1033-7B44-A95000000001}, jobID: {F46E901A-8A25-4F46-A41E-A4CCA3CE0692}, owner: RJAF-PC4429\rjaf, filecount: 1","5","0",,"4","0","0","4611686018427387904","9975","Microsoft-Windows-Bits-Client","ef1cc15b-46c1-414e-bb95-e76b077bd51e","Microsoft-Windows-Bits-Client/Operational","980","680","rjaf-PC4429","S-1-5-21-1634558665-2257203147-3060767804-1000","5/8/2015 4:27:14 AM","85f02364-f89b-0001-029a-b6d18189d001",,"c:\users\mac_1\desktop\winevt\logs\microsoft-windows-bits-client%4operational.evtx","System.UInt32[]","System.Diagnostics.Eventing.Reader.EventBookmark","Information","Info",,"System.Collections.ObjectModel.ReadOnlyCollection`1[System.String]","System.Collections.Generic.List`1[System.Diagnostics.Eventing.Reader.EventProperty]"
"The BITS service provided job credentials in response to the UNIDENTIFIED authentication challenge from the 10.10.1.1:8080 server for the {AC76BA86-7AD7-1033-7B44-A95000000001} transfer job that is associated with the following URL: /arm-manifests/win/Upgrade/1033/LatestReaderManifest.msi.
 The credentials for the S-1-5-21-1634558665-2257203147-3060767804-1000 user were rejected.","204","1",,"2","0","0","4611686018427387904","9974","Microsoft-Windows-Bits-Client","ef1cc15b-46c1-414e-bb95-e76b077bd51e","Microsoft-Windows-Bits-Client/Operational","980","312","rjaf-PC4429","S-1-5-21-1634558665-2257203147-3060767804-1000","5/8/2015 4:27:14 AM",,,"c:\users\mac_1\desktop\winevt\logs\microsoft-windows-bits-client%4operational.evtx","System.UInt32[]","System.Diagnostics.Eventing.Reader.EventBookmark","Error","Info",,"System.Collections.ObjectModel.ReadOnlyCollection`1[System.String]","System.Collections.Generic.List`1[System.Diagnostics.Eventing.Reader.EventProperty]"
"The BITS service created a new job: {AC76BA86-7AD7-1033-7B44-A95000000001}, with owner RJAF-PC4429\rjaf","3","0",,"4","0","0","4611686018427387904","9973","Microsoft-Windows-Bits-Client","ef1cc15b-46c1-414e-bb95-e76b077bd51e","Microsoft-Windows-Bits-Client/Operational","980","312","rjaf-PC4429","S-1-5-18","5/8/2015 4:27:12 AM","85f02364-f89b-0001-029a-b6d18189d001",,"c:\users\mac_1\desktop\winevt\logs\microsoft-windows-bits-client%4operational.evtx","System.UInt32[]","System.Diagnostics.Eventing.Reader.EventBookmark","Information","Info",,"System.Collections.ObjectModel.ReadOnlyCollection`1[System.String]","System.Collections.Generic.List`1[System.Diagnostics.Eventing.Reader.EventProperty]"
"Job cancelled. User: RJAF-PC4429\rjaf, job: {AC76BA86-7AD7-1033-7B44-A95000000001}, jobID: {3DDF9C3B-D4ED-4B16-AB75-2950D264A506}, owner: RJAF-PC4429\rjaf, filecount: 1","5","0",,"4","0","0","4611686018427387904","9972","Microsoft-Windows-Bits-Client","ef1cc15b-46c1-414e-bb95-e76b077bd51e","Microsoft-Windows-Bits-Client/Operational","980","1752","rjaf-PC4429","S-1-5-21-1634558665-2257203147-3060767804-1000","5/8/2015 4:27:01 AM","85f02364-f89b-0001-029a-b6d18189d001",,"c:\users\mac_1\desktop\winevt\logs\microsoft-windows-bits-client%4operational.evtx","System.UInt32[]","System.Diagnostics.Eventing.Reader.EventBookmark","Information","Info",,"System.Collections.ObjectModel.ReadOnlyCollection`1[System.String]","System.Collections.Generic.List`1[System.Diagnostics.Eventing.Reader.EventProperty]"
"The BITS service provided job credentials in response to the UNIDENTIFIED authentication challenge from the 10.10.1.1:8080 server for the {AC76BA86-7AD7-1033-7B44-A95000000001} transfer job that is associated with the following URL: /arm-manifests/win/Reader9Manifest.msi.
 The credentials for the S-1-5-21-1634558665-2257203147-3060767804-1000 user were rejected.","204","1",,"2","0","0","4611686018427387904","9971","Microsoft-Windows-Bits-Client","ef1cc15b-46c1-414e-bb95-e76b077bd51e","Microsoft-Windows-Bits-Client/Operational","980","1752","rjaf-PC4429","S-1-5-21-1634558665-2257203147-3060767804-1000","5/8/2015 4:27:01 AM",,,"c:\users\mac_1\desktop\winevt\logs\microsoft-windows-bits-client%4operational.evtx","System.UInt32[]","System.Diagnostics.Eventing.Reader.EventBookmark","Error","Info",,"System.Collections.ObjectModel.ReadOnlyCollection`1[System.String]","System.Collections.Generic.List`1[System.Diagnostics.Eventing.Reader.EventProperty]"
"The BITS service created a new job: {AC76BA86-7AD7-1033-7B44-A95000000001}, with owner RJAF-PC4429\rjaf","3","0",,"4","0","0","4611686018427387904","9970","Microsoft-Windows-Bits-Client","ef1cc15b-46c1-414e-bb95-e76b077bd51e","Microsoft-Windows-Bits-Client/Operational","980","1212","rjaf-PC4429","S-1-5-18","5/8/2015 4:26:48 AM","85f02364-f89b-0001-029a-b6d18189d001",,"c:\users\mac_1\desktop\winevt\logs\microsoft-windows-bits-client%4operational.evtx","System.UInt32[]","System.Diagnostics.Eventing.Reader.EventBookmark","Information","Info",,"System.Collections.ObjectModel.ReadOnlyCollection`1[System.String]","System.Collections.Generic.List`1[System.Diagnostics.Eventing.Reader.EventProperty]"
"The BITS service loaded the job list from disk.","306","0",,"5","0","0","4611686018427387904","9969","Microsoft-Windows-Bits-Client","ef1cc15b-46c1-414e-bb95-e76b077bd51e","Microsoft-Windows-Bits-Client/Operational","980","2748","rjaf-PC4429","S-1-5-18","5/8/2015 4:26:48 AM",,,"c:\users\mac_1\desktop\winevt\logs\microsoft-windows-bits-client%4operational.evtx","System.UInt32[]","System.Diagnostics.Eventing.Reader.EventBookmark","Verbose","Info",,"System.Collections.ObjectModel.ReadOnlyCollection`1[System.String]","System.Collections.Generic.List`1[System.Diagnostics.Eventing.Reader.EventProperty]"
"Job cancelled. User: RJAF-PC4429\rjaf, job: {AC76BA86-7AD7-1033-7B44-A95000000001}, jobID: {789B83DE-8A15-4F28-B871-864E0D9C71AB}, owner: RJAF-PC4429\rjaf, filecount: 1","5","0",,"4","0","0","4611686018427387904","9968","Microsoft-Windows-Bits-Client","ef1cc15b-46c1-414e-bb95-e76b077bd51e","Microsoft-Windows-Bits-Client/Operational","984","1000","rjaf-PC4429","S-1-5-21-1634558665-2257203147-3060767804-1000","5/8/2015 4:14:10 AM","00000000-fb28-0000-8394-3dfa7f89d001",,"c:\users\mac_1\desktop\winevt\logs\microsoft-windows-bits-client%4operational.evtx","System.UInt32[]","System.Diagnostics.Eventing.Reader.EventBookmark","Information","Info",,"System.Collections.ObjectModel.ReadOnlyCollection`1[System.String]","System.Collections.Generic.List`1[System.Diagnostics.Eventing.Reader.EventProperty]"
"The BITS service provided job credentials in response to the UNIDENTIFIED authentication challenge from the 10.10.1.1:8080 server for the {AC76BA86-7AD7-1033-7B44-A95000000001} transfer job that is associated with the following URL: /arm-manifests/win/Upgrade/1033/LatestReaderManifest.msi.
 The credentials for the S-1-5-21-1634558665-2257203147-3060767804-1000 user were rejected.","204","1",,"2","0","0","4611686018427387904","9967","Microsoft-Windows-Bits-Client","ef1cc15b-46c1-414e-bb95-e76b077bd51e","Microsoft-Windows-Bits-Client/Operational","984","1080","rjaf-PC4429","S-1-5-21-1634558665-2257203147-3060767804-1000","5/8/2015 4:14:10 AM",,,"c:\users\mac_1\desktop\winevt\logs\microsoft-windows-bits-client%4operational.evtx","System.UInt32[]","System.Diagnostics.Eventing.Reader.EventBookmark","Error","Info",,"System.Collections.ObjectModel.ReadOnlyCollection`1[System.String]","System.Collections.Generic.List`1[System.Diagnostics.Eventing.Reader.EventProperty]"
"The BITS service created a new job: {AC76BA86-7AD7-1033-7B44-A95000000001}, with owner RJAF-PC4429\rjaf","3","0",,"4","0","0","4611686018427387904","9966","Microsoft-Windows-Bits-Client","ef1cc15b-46c1-414e-bb95-e76b077bd51e","Microsoft-Windows-Bits-Client/Operational","984","1456","rjaf-PC4429","S-1-5-18","5/8/2015 4:14:05 AM",,,"c:\users\mac_1\desktop\winevt\logs\microsoft-windows-bits-client%4operational.evtx","System.UInt32[]","System.Diagnostics.Eventing.Reader.EventBookmark","Information","Info",,"System.Collections.ObjectModel.ReadOnlyCollection`1[System.String]","System.Collections.Generic.List`1[System.Diagnostics.Eventing.Reader.EventProperty]"
