"Windows has resumed from standby: 
     Standby Duration		:	14544ms
     Standby Incident Time (UTC)	:	?2015?-?06?-?17T16:12:42.502470900Z
     Resume  Duration		:	1229ms
     Resume  Incident Time (UTC)	:	?2015?-?06?-?17T18:48:26.693684700Z
     IsDegradation			:	false","300","1",,"3","4003","36","-9223372036854710272","2717","Microsoft-Windows-Diagnostics-Performance","cfc18ec0-96b1-4eba-961b-622caee05b0a","Microsoft-Windows-Diagnostics-Performance/Operational","1768","5524","rjaf-PC4429","S-1-5-19","6/17/2015 11:48:52 AM","85f03c9c-3e4f-0003-68c5-d3a840a7d001",,"c:\users\mac_1\desktop\winevt\logs\microsoft-windows-diagnostics-performance%4operational.evtx","System.UInt32[]","System.Diagnostics.Eventing.Reader.EventBookmark","Warning","Standby Information","Standby Performance Monitoring","System.Collections.ObjectModel.ReadOnlyCollection`1[System.String]","System.Collections.Generic.List`1[System.Diagnostics.Eventing.Reader.EventProperty]"
"This driver caused a delay during standby while servicing a device:
     Driver File Name		:	\Driver\usbhub
     Driver Friendly Name		:	Default Hub Driver for USB
     Driver Version			:	6.1.7600.16385 (win7_rtm.090713-1255)
     Driver Total Time		:	110ms
     Driver Degradation Time	:	79ms
     Incident Time (UTC)		:	?2015?-?06?-?17T10:03:28.463807800Z
     Device Name			:	USB\VID_8087&PID_0024\5&63440b9&0&1
     Device Friendly Name		:	Generic USB Hub
     Device Total Time		:	110ms
     Device Degradation Time	:	79ms","302","1",,"3","4003","35","-9223372036854710272","2716","Microsoft-Windows-Diagnostics-Performance","cfc18ec0-96b1-4eba-961b-622caee05b0a","Microsoft-Windows-Diagnostics-Performance/Operational","1768","4768","rjaf-PC4429","S-1-5-19","6/17/2015 4:37:28 AM","00000000-bb28-0000-edb3-d3a840a7d001",,"c:\users\mac_1\desktop\winevt\logs\microsoft-windows-diagnostics-performance%4operational.evtx","System.UInt32[]","System.Diagnostics.Eventing.Reader.EventBookmark","Warning","Standby Degradation","Standby Performance Monitoring","System.Collections.ObjectModel.ReadOnlyCollection`1[System.String]","System.Collections.Generic.List`1[System.Diagnostics.Eventing.Reader.EventProperty]"
"Windows has resumed from standby: 
     Standby Duration		:	13786ms
     Standby Incident Time (UTC)	:	?2015?-?06?-?17T10:03:28.463807800Z
     Resume  Duration		:	1212ms
     Resume  Incident Time (UTC)	:	?2015?-?06?-?17T11:37:04.008212100Z
     IsDegradation			:	false","300","1",,"3","4003","36","-9223372036854710272","2715","Microsoft-Windows-Diagnostics-Performance","cfc18ec0-96b1-4eba-961b-622caee05b0a","Microsoft-Windows-Diagnostics-Performance/Operational","1768","4768","rjaf-PC4429","S-1-5-19","6/17/2015 4:37:28 AM","00000000-bb28-0000-edb3-d3a840a7d001",,"c:\users\mac_1\desktop\winevt\logs\microsoft-windows-diagnostics-performance%4operational.evtx","System.UInt32[]","System.Diagnostics.Eventing.Reader.EventBookmark","Warning","Standby Information","Standby Performance Monitoring","System.Collections.ObjectModel.ReadOnlyCollection`1[System.String]","System.Collections.Generic.List`1[System.Diagnostics.Eventing.Reader.EventProperty]"
"This driver caused a delay during standby while servicing a device:
     Driver File Name		:	\Driver\usbhub
     Driver Friendly Name		:	Default Hub Driver for USB
     Driver Version			:	6.1.7600.16385 (win7_rtm.090713-1255)
     Driver Total Time		:	103ms
     Driver Degradation Time	:	80ms
     Incident Time (UTC)		:	?2015?-?06?-?16T22:40:31.518603600Z
     Device Name			:	USB\VID_8087&PID_0024\5&63440b9&0&1
     Device Friendly Name		:	Generic USB Hub
     Device Total Time		:	103ms
     Device Degradation Time	:	80ms","302","1",,"3","4003","35","-9223372036854710272","2714","Microsoft-Windows-Diagnostics-Performance","cfc18ec0-96b1-4eba-961b-622caee05b0a","Microsoft-Windows-Diagnostics-Performance/Operational","1768","4464","rjaf-PC4429","S-1-5-19","6/16/2015 11:50:00 PM","00000000-bb28-0000-e3b3-d3a840a7d001",,"c:\users\mac_1\desktop\winevt\logs\microsoft-windows-diagnostics-performance%4operational.evtx","System.UInt32[]","System.Diagnostics.Eventing.Reader.EventBookmark","Warning","Standby Degradation","Standby Performance Monitoring","System.Collections.ObjectModel.ReadOnlyCollection`1[System.String]","System.Collections.Generic.List`1[System.Diagnostics.Eventing.Reader.EventProperty]"
"Windows has resumed from standby: 
     Standby Duration		:	10721ms
     Standby Incident Time (UTC)	:	?2015?-?06?-?16T22:40:31.518603600Z
     Resume  Duration		:	1235ms
     Resume  Incident Time (UTC)	:	?2015?-?06?-?17T06:49:39.835424400Z
     IsDegradation			:	false","300","1",,"3","4003","36","-9223372036854710272","2713","Microsoft-Windows-Diagnostics-Performance","cfc18ec0-96b1-4eba-961b-622caee05b0a","Microsoft-Windows-Diagnostics-Performance/Operational","1768","4464","rjaf-PC4429","S-1-5-19","6/16/2015 11:50:00 PM","00000000-bb28-0000-e3b3-d3a840a7d001",,"c:\users\mac_1\desktop\winevt\logs\microsoft-windows-diagnostics-performance%4operational.evtx","System.UInt32[]","System.Diagnostics.Eventing.Reader.EventBookmark","Warning","Standby Information","Standby Performance Monitoring","System.Collections.ObjectModel.ReadOnlyCollection`1[System.String]","System.Collections.Generic.List`1[System.Diagnostics.Eventing.Reader.EventProperty]"
"Windows has resumed from standby: 
     Standby Duration		:	9155ms
     Standby Incident Time (UTC)	:	?2015?-?06?-?16T13:51:18.740804200Z
     Resume  Duration		:	1289ms
     Resume  Incident Time (UTC)	:	?2015?-?06?-?16T19:27:47.893141800Z
     IsDegradation			:	false","300","1",,"3","4003","36","-9223372036854710272","2712","Microsoft-Windows-Diagnostics-Performance","cfc18ec0-96b1-4eba-961b-622caee05b0a","Microsoft-Windows-Diagnostics-Performance/Operational","1768","5388","rjaf-PC4429","S-1-5-19","6/16/2015 12:28:05 PM","85f02724-3e4f-0001-42b4-d3a840a7d001",,"c:\users\mac_1\desktop\winevt\logs\microsoft-windows-diagnostics-performance%4operational.evtx","System.UInt32[]","System.Diagnostics.Eventing.Reader.EventBookmark","Warning","Standby Information","Standby Performance Monitoring","System.Collections.ObjectModel.ReadOnlyCollection`1[System.String]","System.Collections.Generic.List`1[System.Diagnostics.Eventing.Reader.EventProperty]"
"Windows has resumed from standby: 
     Standby Duration		:	8735ms
     Standby Incident Time (UTC)	:	?2015?-?06?-?15T19:29:39.435494900Z
     Resume  Duration		:	1268ms
     Resume  Incident Time (UTC)	:	?2015?-?06?-?16T11:50:52.989431100Z
     IsDegradation			:	false","300","1",,"3","4003","36","-9223372036854710272","2711","Microsoft-Windows-Diagnostics-Performance","cfc18ec0-96b1-4eba-961b-622caee05b0a","Microsoft-Windows-Diagnostics-Performance/Operational","1768","4648","rjaf-PC4429","S-1-5-19","6/16/2015 4:51:08 AM","85f03364-3e4f-0002-03b4-d3a840a7d001",,"c:\users\mac_1\desktop\winevt\logs\microsoft-windows-diagnostics-performance%4operational.evtx","System.UInt32[]","System.Diagnostics.Eventing.Reader.EventBookmark","Warning","Standby Information","Standby Performance Monitoring","System.Collections.ObjectModel.ReadOnlyCollection`1[System.String]","System.Collections.Generic.List`1[System.Diagnostics.Eventing.Reader.EventProperty]"
"This driver caused a delay during standby while servicing a device:
     Driver File Name		:	\Driver\Disk
     Driver Friendly Name		:	PnP Disk Driver
     Driver Version			:	6.1.7600.16385 (win7_rtm.090713-1255)
     Driver Total Time		:	42ms
     Driver Degradation Time	:	28ms
     Incident Time (UTC)		:	?2015?-?06?-?15T13:36:25.907900700Z
     Device Name			:	SCSI\Disk&Ven_WDC&Prod_WD5000AAKX-22ERM\4&68979c&0&000000
     Device Friendly Name		:	Disk drive
     Device Total Time		:	42ms
     Device Degradation Time	:	0ms","302","1",,"3","4003","35","-9223372036854710272","2710","Microsoft-Windows-Diagnostics-Performance","cfc18ec0-96b1-4eba-961b-622caee05b0a","Microsoft-Windows-Diagnostics-Performance/Operational","1768","408","rjaf-PC4429","S-1-5-19","6/15/2015 10:15:04 AM","85f03c9c-3e4f-0003-19b4-d3a840a7d001",,"c:\users\mac_1\desktop\winevt\logs\microsoft-windows-diagnostics-performance%4operational.evtx","System.UInt32[]","System.Diagnostics.Eventing.Reader.EventBookmark","Warning","Standby Degradation","Standby Performance Monitoring","System.Collections.ObjectModel.ReadOnlyCollection`1[System.String]","System.Collections.Generic.List`1[System.Diagnostics.Eventing.Reader.EventProperty]"
"Windows has resumed from standby: 
     Standby Duration		:	12720ms
     Standby Incident Time (UTC)	:	?2015?-?06?-?15T13:36:25.907900700Z
     Resume  Duration		:	1268ms
     Resume  Incident Time (UTC)	:	?2015?-?06?-?15T17:14:54.719728100Z
     IsDegradation			:	true","300","1",,"3","4003","36","-9223372036854710272","2709","Microsoft-Windows-Diagnostics-Performance","cfc18ec0-96b1-4eba-961b-622caee05b0a","Microsoft-Windows-Diagnostics-Performance/Operational","1768","408","rjaf-PC4429","S-1-5-19","6/15/2015 10:15:04 AM","85f03c9c-3e4f-0003-19b4-d3a840a7d001",,"c:\users\mac_1\desktop\winevt\logs\microsoft-windows-diagnostics-performance%4operational.evtx","System.UInt32[]","System.Diagnostics.Eventing.Reader.EventBookmark","Warning","Standby Information","Standby Performance Monitoring","System.Collections.ObjectModel.ReadOnlyCollection`1[System.String]","System.Collections.Generic.List`1[System.Diagnostics.Eventing.Reader.EventProperty]"
"Windows has started up: 
     Boot Duration		:	44257ms
     IsDegradation		:	false
     Incident Time (UTC)	:	?2015?-?06?-?15T07:55:34.593600100Z","100","2",,"3","4002","34","-9223372036854710272","2708","Microsoft-Windows-Diagnostics-Performance","cfc18ec0-96b1-4eba-961b-622caee05b0a","Microsoft-Windows-Diagnostics-Performance/Operational","1768","1780","rjaf-PC4429","S-1-5-19","6/15/2015 12:57:43 AM","85f03364-3e4f-0002-8bb2-d3a840a7d001",,"c:\users\mac_1\desktop\winevt\logs\microsoft-windows-diagnostics-performance%4operational.evtx","System.UInt32[]","System.Diagnostics.Eventing.Reader.EventBookmark","Warning","Boot Information","Boot Performance Monitoring","System.Collections.ObjectModel.ReadOnlyCollection`1[System.String]","System.Collections.Generic.List`1[System.Diagnostics.Eventing.Reader.EventProperty]"
"Windows has resumed from standby: 
     Standby Duration		:	12385ms
     Standby Incident Time (UTC)	:	?2015?-?06?-?14T15:48:00.330841200Z
     Resume  Duration		:	1300ms
     Resume  Incident Time (UTC)	:	?2015?-?06?-?14T18:11:57.040010400Z
     IsDegradation			:	false","300","1",,"3","4003","36","-9223372036854710272","2707","Microsoft-Windows-Diagnostics-Performance","cfc18ec0-96b1-4eba-961b-622caee05b0a","Microsoft-Windows-Diagnostics-Performance/Operational","1732","4504","rjaf-PC4429","S-1-5-19","6/14/2015 11:12:43 AM","85f02724-de4f-0001-1f61-d52a9da2d001",,"c:\users\mac_1\desktop\winevt\logs\microsoft-windows-diagnostics-performance%4operational.evtx","System.UInt32[]","System.Diagnostics.Eventing.Reader.EventBookmark","Warning","Standby Information","Standby Performance Monitoring","System.Collections.ObjectModel.ReadOnlyCollection`1[System.String]","System.Collections.Generic.List`1[System.Diagnostics.Eventing.Reader.EventProperty]"
"This driver caused a delay during standby while servicing a device:
     Driver File Name		:	\Driver\usbehci
     Driver Friendly Name		:	EHCI eUSB Miniport Driver
     Driver Version			:	6.1.7600.16788 (win7_gdr.110324-1506)
     Driver Total Time		:	170ms
     Driver Degradation Time	:	109ms
     Incident Time (UTC)		:	?2015?-?06?-?13T11:57:52.598702200Z
     Device Name			:	USB\ROOT_HUB20\4&f96d45&0
     Device Friendly Name		:	USB Root Hub
     Device Total Time		:	170ms
     Device Degradation Time	:	109ms","302","1",,"3","4003","35","-9223372036854710272","2706","Microsoft-Windows-Diagnostics-Performance","cfc18ec0-96b1-4eba-961b-622caee05b0a","Microsoft-Windows-Diagnostics-Performance/Operational","1732","388","rjaf-PC4429","S-1-5-19","6/14/2015 4:05:05 AM","85f03364-de4f-0002-645f-d52a9da2d001",,"c:\users\mac_1\desktop\winevt\logs\microsoft-windows-diagnostics-performance%4operational.evtx","System.UInt32[]","System.Diagnostics.Eventing.Reader.EventBookmark","Warning","Standby Degradation","Standby Performance Monitoring","System.Collections.ObjectModel.ReadOnlyCollection`1[System.String]","System.Collections.Generic.List`1[System.Diagnostics.Eventing.Reader.EventProperty]"
"Windows has resumed from standby: 
     Standby Duration		:	10743ms
     Standby Incident Time (UTC)	:	?2015?-?06?-?13T11:57:52.598702200Z
     Resume  Duration		:	1282ms
     Resume  Incident Time (UTC)	:	?2015?-?06?-?14T11:04:17.043628800Z
     IsDegradation			:	false","300","1",,"3","4003","36","-9223372036854710272","2705","Microsoft-Windows-Diagnostics-Performance","cfc18ec0-96b1-4eba-961b-622caee05b0a","Microsoft-Windows-Diagnostics-Performance/Operational","1732","388","rjaf-PC4429","S-1-5-19","6/14/2015 4:05:05 AM","85f03364-de4f-0002-645f-d52a9da2d001",,"c:\users\mac_1\desktop\winevt\logs\microsoft-windows-diagnostics-performance%4operational.evtx","System.UInt32[]","System.Diagnostics.Eventing.Reader.EventBookmark","Warning","Standby Information","Standby Performance Monitoring","System.Collections.ObjectModel.ReadOnlyCollection`1[System.String]","System.Collections.Generic.List`1[System.Diagnostics.Eventing.Reader.EventProperty]"
"Windows has resumed from standby: 
     Standby Duration		:	14220ms
     Standby Incident Time (UTC)	:	?2015?-?06?-?10T14:35:27.791321600Z
     Resume  Duration		:	1263ms
     Resume  Incident Time (UTC)	:	?2015?-?06?-?13T09:42:19.107197400Z
     IsDegradation			:	false","300","1",,"3","4003","36","-9223372036854710272","2704","Microsoft-Windows-Diagnostics-Performance","cfc18ec0-96b1-4eba-961b-622caee05b0a","Microsoft-Windows-Diagnostics-Performance/Operational","1732","3604","rjaf-PC4429","S-1-5-19","6/13/2015 2:42:55 AM","85f02724-de4f-0001-9b5f-d52a9da2d001",,"c:\users\mac_1\desktop\winevt\logs\microsoft-windows-diagnostics-performance%4operational.evtx","System.UInt32[]","System.Diagnostics.Eventing.Reader.EventBookmark","Warning","Standby Information","Standby Performance Monitoring","System.Collections.ObjectModel.ReadOnlyCollection`1[System.String]","System.Collections.Generic.List`1[System.Diagnostics.Eventing.Reader.EventProperty]"
"Windows has resumed from standby: 
     Standby Duration		:	9960ms
     Standby Incident Time (UTC)	:	?2015?-?06?-?09T23:50:00.826502500Z
     Resume  Duration		:	1284ms
     Resume  Incident Time (UTC)	:	?2015?-?06?-?10T08:45:58.581157400Z
     IsDegradation			:	false","300","1",,"3","4003","36","-9223372036854710272","2703","Microsoft-Windows-Diagnostics-Performance","cfc18ec0-96b1-4eba-961b-622caee05b0a","Microsoft-Windows-Diagnostics-Performance/Operational","1732","4264","rjaf-PC4429","S-1-5-19","6/10/2015 1:46:11 AM","85f03c9c-de4f-0003-7960-d52a9da2d001",,"c:\users\mac_1\desktop\winevt\logs\microsoft-windows-diagnostics-performance%4operational.evtx","System.UInt32[]","System.Diagnostics.Eventing.Reader.EventBookmark","Warning","Standby Information","Standby Performance Monitoring","System.Collections.ObjectModel.ReadOnlyCollection`1[System.String]","System.Collections.Generic.List`1[System.Diagnostics.Eventing.Reader.EventProperty]"
"Preparing Winlogon for sleep was slower than expected: 
     Name		:	SuspendWinlogon
     Total Time		:	260ms
     Degradation Time	:	260ms
     Incident Time (UTC)	:	?2015?-?06?-?09T15:30:32.752811100Z","307","1",,"3","4003","35","-9223372036854710272","2702","Microsoft-Windows-Diagnostics-Performance","cfc18ec0-96b1-4eba-961b-622caee05b0a","Microsoft-Windows-Diagnostics-Performance/Operational","1732","5404","rjaf-PC4429","S-1-5-19","6/9/2015 2:28:27 PM","85f02724-de4f-0001-475f-d52a9da2d001",,"c:\users\mac_1\desktop\winevt\logs\microsoft-windows-diagnostics-performance%4operational.evtx","System.UInt32[]","System.Diagnostics.Eventing.Reader.EventBookmark","Warning","Standby Degradation","Standby Performance Monitoring","System.Collections.ObjectModel.ReadOnlyCollection`1[System.String]","System.Collections.Generic.List`1[System.Diagnostics.Eventing.Reader.EventProperty]"
"Windows has resumed from standby: 
     Standby Duration		:	15172ms
     Standby Incident Time (UTC)	:	?2015?-?06?-?09T15:30:32.752811100Z
     Resume  Duration		:	1271ms
     Resume  Incident Time (UTC)	:	?2015?-?06?-?09T21:28:16.401716100Z
     IsDegradation			:	false","300","1",,"3","4003","36","-9223372036854710272","2701","Microsoft-Windows-Diagnostics-Performance","cfc18ec0-96b1-4eba-961b-622caee05b0a","Microsoft-Windows-Diagnostics-Performance/Operational","1732","5404","rjaf-PC4429","S-1-5-19","6/9/2015 2:28:27 PM","85f02724-de4f-0001-475f-d52a9da2d001",,"c:\users\mac_1\desktop\winevt\logs\microsoft-windows-diagnostics-performance%4operational.evtx","System.UInt32[]","System.Diagnostics.Eventing.Reader.EventBookmark","Warning","Standby Information","Standby Performance Monitoring","System.Collections.ObjectModel.ReadOnlyCollection`1[System.String]","System.Collections.Generic.List`1[System.Diagnostics.Eventing.Reader.EventProperty]"
"Windows has shutdown: 
     Shutdown Duration	:	17270ms
     IsDegradation		:	true
     Incident Time (UTC)	:	?2015?-?06?-?06T12:58:40.455654500Z","200","1",,"3","4007","40","-9223372036854710272","2700","Microsoft-Windows-Diagnostics-Performance","cfc18ec0-96b1-4eba-961b-622caee05b0a","Microsoft-Windows-Diagnostics-Performance/Operational","1732","1988","rjaf-PC4429","S-1-5-19","6/9/2015 3:17:11 AM","85f03364-de4f-0002-895e-d52a9da2d001",,"c:\users\mac_1\desktop\winevt\logs\microsoft-windows-diagnostics-performance%4operational.evtx","System.UInt32[]","System.Diagnostics.Eventing.Reader.EventBookmark","Warning","Shutdown Information","Shutdown Performance Monitoring","System.Collections.ObjectModel.ReadOnlyCollection`1[System.String]","System.Collections.Generic.List`1[System.Diagnostics.Eventing.Reader.EventProperty]"
"This startup service took longer than expected to startup, resulting in a performance degradation in the system start up process: 
     File Name		:	cscservice
     Friendly Name		:	CSC Service DLL
     Version		:	6.1.7600.16385 (win7_rtm.090713-1255)
     Total Time		:	1084ms
     Degradation Time	:	747ms
     Incident Time (UTC)	:	?2015?-?06?-?09T10:15:10.593600100Z","103","1",,"3","4002","33","-9223372036854710272","2699","Microsoft-Windows-Diagnostics-Performance","cfc18ec0-96b1-4eba-961b-622caee05b0a","Microsoft-Windows-Diagnostics-Performance/Operational","1732","3788","rjaf-PC4429","S-1-5-19","6/9/2015 3:17:10 AM","85f03364-de4f-0002-885e-d52a9da2d001",,"c:\users\mac_1\desktop\winevt\logs\microsoft-windows-diagnostics-performance%4operational.evtx","System.UInt32[]","System.Diagnostics.Eventing.Reader.EventBookmark","Warning","Boot Degradation","Boot Performance Monitoring","System.Collections.ObjectModel.ReadOnlyCollection`1[System.String]","System.Collections.Generic.List`1[System.Diagnostics.Eventing.Reader.EventProperty]"
"This startup service took longer than expected to startup, resulting in a performance degradation in the system start up process: 
     File Name		:	gpsvc
     Friendly Name		:	Group Policy Client
     Version		:	6.1.7600.16385 (win7_rtm.090713-1255)
     Total Time		:	1897ms
     Degradation Time	:	1132ms
     Incident Time (UTC)	:	?2015?-?06?-?09T10:15:10.593600100Z","103","1",,"3","4002","33","-9223372036854710272","2698","Microsoft-Windows-Diagnostics-Performance","cfc18ec0-96b1-4eba-961b-622caee05b0a","Microsoft-Windows-Diagnostics-Performance/Operational","1732","3788","rjaf-PC4429","S-1-5-19","6/9/2015 3:17:10 AM","85f03364-de4f-0002-885e-d52a9da2d001",,"c:\users\mac_1\desktop\winevt\logs\microsoft-windows-diagnostics-performance%4operational.evtx","System.UInt32[]","System.Diagnostics.Eventing.Reader.EventBookmark","Warning","Boot Degradation","Boot Performance Monitoring","System.Collections.ObjectModel.ReadOnlyCollection`1[System.String]","System.Collections.Generic.List`1[System.Diagnostics.Eventing.Reader.EventProperty]"
"This startup service took longer than expected to startup, resulting in a performance degradation in the system start up process: 
     File Name		:	profsvc
     Friendly Name		:	ProfSvc
     Version		:	6.1.7600.16385 (win7_rtm.090713-1255)
     Total Time		:	1083ms
     Degradation Time	:	1322ms
     Incident Time (UTC)	:	?2015?-?06?-?09T10:15:10.593600100Z","103","1",,"3","4002","33","-9223372036854710272","2697","Microsoft-Windows-Diagnostics-Performance","cfc18ec0-96b1-4eba-961b-622caee05b0a","Microsoft-Windows-Diagnostics-Performance/Operational","1732","3788","rjaf-PC4429","S-1-5-19","6/9/2015 3:17:10 AM","85f03364-de4f-0002-885e-d52a9da2d001",,"c:\users\mac_1\desktop\winevt\logs\microsoft-windows-diagnostics-performance%4operational.evtx","System.UInt32[]","System.Diagnostics.Eventing.Reader.EventBookmark","Warning","Boot Degradation","Boot Performance Monitoring","System.Collections.ObjectModel.ReadOnlyCollection`1[System.String]","System.Collections.Generic.List`1[System.Diagnostics.Eventing.Reader.EventProperty]"
"This application took longer than usual to start up, resulting in a performance degradation in the system startup process: 
     File Name		:	MsMpEng.exe
     Friendly Name		:	Service Executable
     Version		:	1.5.1937.0
     Total Time		:	7089ms
     Degradation Time	:	4286ms
     Incident Time (UTC)	:	?2015?-?06?-?09T10:15:10.593600100Z","101","1",,"3","4002","33","-9223372036854710272","2696","Microsoft-Windows-Diagnostics-Performance","cfc18ec0-96b1-4eba-961b-622caee05b0a","Microsoft-Windows-Diagnostics-Performance/Operational","1732","3788","rjaf-PC4429","S-1-5-19","6/9/2015 3:17:10 AM","85f03364-de4f-0002-885e-d52a9da2d001",,"c:\users\mac_1\desktop\winevt\logs\microsoft-windows-diagnostics-performance%4operational.evtx","System.UInt32[]","System.Diagnostics.Eventing.Reader.EventBookmark","Warning","Boot Degradation","Boot Performance Monitoring","System.Collections.ObjectModel.ReadOnlyCollection`1[System.String]","System.Collections.Generic.List`1[System.Diagnostics.Eventing.Reader.EventProperty]"
"Windows has started up: 
     Boot Duration		:	43725ms
     IsDegradation		:	false
     Incident Time (UTC)	:	?2015?-?06?-?09T10:15:10.593600100Z","100","2",,"3","4002","34","-9223372036854710272","2695","Microsoft-Windows-Diagnostics-Performance","cfc18ec0-96b1-4eba-961b-622caee05b0a","Microsoft-Windows-Diagnostics-Performance/Operational","1732","3788","rjaf-PC4429","S-1-5-19","6/9/2015 3:17:10 AM","85f03364-de4f-0002-885e-d52a9da2d001",,"c:\users\mac_1\desktop\winevt\logs\microsoft-windows-diagnostics-performance%4operational.evtx","System.UInt32[]","System.Diagnostics.Eventing.Reader.EventBookmark","Warning","Boot Information","Boot Performance Monitoring","System.Collections.ObjectModel.ReadOnlyCollection`1[System.String]","System.Collections.Generic.List`1[System.Diagnostics.Eventing.Reader.EventProperty]"
"Windows has resumed from standby: 
     Standby Duration		:	8817ms
     Standby Incident Time (UTC)	:	?2015?-?06?-?08T17:05:06.323407500Z
     Resume  Duration		:	1268ms
     Resume  Incident Time (UTC)	:	?2015?-?06?-?08T19:15:32.769140000Z
     IsDegradation			:	false","300","1",,"3","4003","36","-9223372036854710272","2694","Microsoft-Windows-Diagnostics-Performance","cfc18ec0-96b1-4eba-961b-622caee05b0a","Microsoft-Windows-Diagnostics-Performance/Operational","1724","4508","rjaf-PC4429","S-1-5-19","6/8/2015 12:15:56 PM","85f03364-6e4f-0002-03dd-4b7c6ea0d001",,"c:\users\mac_1\desktop\winevt\logs\microsoft-windows-diagnostics-performance%4operational.evtx","System.UInt32[]","System.Diagnostics.Eventing.Reader.EventBookmark","Warning","Standby Information","Standby Performance Monitoring","System.Collections.ObjectModel.ReadOnlyCollection`1[System.String]","System.Collections.Generic.List`1[System.Diagnostics.Eventing.Reader.EventProperty]"
"Windows has resumed from standby: 
     Standby Duration		:	8215ms
     Standby Incident Time (UTC)	:	?2015?-?06?-?07T18:54:28.003057200Z
     Resume  Duration		:	1262ms
     Resume  Incident Time (UTC)	:	?2015?-?06?-?08T12:43:40.001719200Z
     IsDegradation			:	false","300","1",,"3","4003","36","-9223372036854710272","2693","Microsoft-Windows-Diagnostics-Performance","cfc18ec0-96b1-4eba-961b-622caee05b0a","Microsoft-Windows-Diagnostics-Performance/Operational","1724","2736","rjaf-PC4429","S-1-5-19","6/8/2015 5:44:00 AM","85f03364-6e4f-0002-bfd8-4b7c6ea0d001",,"c:\users\mac_1\desktop\winevt\logs\microsoft-windows-diagnostics-performance%4operational.evtx","System.UInt32[]","System.Diagnostics.Eventing.Reader.EventBookmark","Warning","Standby Information","Standby Performance Monitoring","System.Collections.ObjectModel.ReadOnlyCollection`1[System.String]","System.Collections.Generic.List`1[System.Diagnostics.Eventing.Reader.EventProperty]"
"Windows has resumed from standby: 
     Standby Duration		:	8604ms
     Standby Incident Time (UTC)	:	?2015?-?06?-?07T13:31:14.324167000Z
     Resume  Duration		:	1279ms
     Resume  Incident Time (UTC)	:	?2015?-?06?-?07T16:30:52.462036100Z
     IsDegradation			:	false","300","1",,"3","4003","36","-9223372036854710272","2692","Microsoft-Windows-Diagnostics-Performance","cfc18ec0-96b1-4eba-961b-622caee05b0a","Microsoft-Windows-Diagnostics-Performance/Operational","1724","4248","rjaf-PC4429","S-1-5-19","6/7/2015 9:31:07 AM","00000000-eb28-0000-a4d6-4b7c6ea0d001",,"c:\users\mac_1\desktop\winevt\logs\microsoft-windows-diagnostics-performance%4operational.evtx","System.UInt32[]","System.Diagnostics.Eventing.Reader.EventBookmark","Warning","Standby Information","Standby Performance Monitoring","System.Collections.ObjectModel.ReadOnlyCollection`1[System.String]","System.Collections.Generic.List`1[System.Diagnostics.Eventing.Reader.EventProperty]"
"Windows has resumed from standby: 
     Standby Duration		:	9352ms
     Standby Incident Time (UTC)	:	?2015?-?06?-?06T17:44:35.061739700Z
     Resume  Duration		:	1246ms
     Resume  Incident Time (UTC)	:	?2015?-?06?-?07T08:48:08.024662700Z
     IsDegradation			:	false","300","1",,"3","4003","36","-9223372036854710272","2691","Microsoft-Windows-Diagnostics-Performance","cfc18ec0-96b1-4eba-961b-622caee05b0a","Microsoft-Windows-Diagnostics-Performance/Operational","1724","3156","rjaf-PC4429","S-1-5-19","6/7/2015 1:48:20 AM","85f03c9c-6e4f-0003-8bd6-4b7c6ea0d001",,"c:\users\mac_1\desktop\winevt\logs\microsoft-windows-diagnostics-performance%4operational.evtx","System.UInt32[]","System.Diagnostics.Eventing.Reader.EventBookmark","Warning","Standby Information","Standby Performance Monitoring","System.Collections.ObjectModel.ReadOnlyCollection`1[System.String]","System.Collections.Generic.List`1[System.Diagnostics.Eventing.Reader.EventProperty]"
"This startup service took longer than expected to startup, resulting in a performance degradation in the system start up process: 
     File Name		:	themes
     Friendly Name		:	Windows Shell Theme Service Dll
     Version		:	6.1.7600.16385 (win7_rtm.090713-1255)
     Total Time		:	1402ms
     Degradation Time	:	1206ms
     Incident Time (UTC)	:	?2015?-?06?-?06T15:35:58.593600100Z","103","1",,"3","4002","33","-9223372036854710272","2690","Microsoft-Windows-Diagnostics-Performance","cfc18ec0-96b1-4eba-961b-622caee05b0a","Microsoft-Windows-Diagnostics-Performance/Operational","1724","1972","rjaf-PC4429","S-1-5-19","6/6/2015 8:37:55 AM","85f03364-6e4f-0002-88d6-4b7c6ea0d001",,"c:\users\mac_1\desktop\winevt\logs\microsoft-windows-diagnostics-performance%4operational.evtx","System.UInt32[]","System.Diagnostics.Eventing.Reader.EventBookmark","Warning","Boot Degradation","Boot Performance Monitoring","System.Collections.ObjectModel.ReadOnlyCollection`1[System.String]","System.Collections.Generic.List`1[System.Diagnostics.Eventing.Reader.EventProperty]"
"Windows has started up: 
     Boot Duration		:	40632ms
     IsDegradation		:	false
     Incident Time (UTC)	:	?2015?-?06?-?06T15:35:58.593600100Z","100","2",,"3","4002","34","-9223372036854710272","2689","Microsoft-Windows-Diagnostics-Performance","cfc18ec0-96b1-4eba-961b-622caee05b0a","Microsoft-Windows-Diagnostics-Performance/Operational","1724","1972","rjaf-PC4429","S-1-5-19","6/6/2015 8:37:55 AM","85f03364-6e4f-0002-88d6-4b7c6ea0d001",,"c:\users\mac_1\desktop\winevt\logs\microsoft-windows-diagnostics-performance%4operational.evtx","System.UInt32[]","System.Diagnostics.Eventing.Reader.EventBookmark","Warning","Boot Information","Boot Performance Monitoring","System.Collections.ObjectModel.ReadOnlyCollection`1[System.String]","System.Collections.Generic.List`1[System.Diagnostics.Eventing.Reader.EventProperty]"
"This service caused a delay in the system shutdown process: 
     File Name		:	FontCache
     Friendly Name		:	Windows Font Cache Service
     Version		:	6.1.7600.16385 (win7_rtm.090713-1255)
     Total Time		:	252ms
     Degradation Time	:	1001ms
     Incident Time (UTC)	:	?2015?-?06?-?06T12:58:40.455654500Z","203","1",,"3","4007","41","-9223372036854710272","2688","Microsoft-Windows-Diagnostics-Performance","cfc18ec0-96b1-4eba-961b-622caee05b0a","Microsoft-Windows-Diagnostics-Performance/Operational","1724","1736","rjaf-PC4429","S-1-5-19","6/6/2015 8:37:55 AM","00000000-eb28-0000-86d6-4b7c6ea0d001",,"c:\users\mac_1\desktop\winevt\logs\microsoft-windows-diagnostics-performance%4operational.evtx","System.UInt32[]","System.Diagnostics.Eventing.Reader.EventBookmark","Warning","Shutdown Degradation","Shutdown Performance Monitoring","System.Collections.ObjectModel.ReadOnlyCollection`1[System.String]","System.Collections.Generic.List`1[System.Diagnostics.Eventing.Reader.EventProperty]"
"Windows has shutdown: 
     Shutdown Duration	:	17270ms
     IsDegradation		:	false
     Incident Time (UTC)	:	?2015?-?06?-?06T12:58:40.455654500Z","200","1",,"3","4007","40","-9223372036854710272","2687","Microsoft-Windows-Diagnostics-Performance","cfc18ec0-96b1-4eba-961b-622caee05b0a","Microsoft-Windows-Diagnostics-Performance/Operational","1724","1736","rjaf-PC4429","S-1-5-19","6/6/2015 8:37:55 AM","00000000-eb28-0000-86d6-4b7c6ea0d001",,"c:\users\mac_1\desktop\winevt\logs\microsoft-windows-diagnostics-performance%4operational.evtx","System.UInt32[]","System.Diagnostics.Eventing.Reader.EventBookmark","Warning","Shutdown Information","Shutdown Performance Monitoring","System.Collections.ObjectModel.ReadOnlyCollection`1[System.String]","System.Collections.Generic.List`1[System.Diagnostics.Eventing.Reader.EventProperty]"
"Windows has started up: 
     Boot Duration		:	48300ms
     IsDegradation		:	false
     Incident Time (UTC)	:	?2015?-?06?-?06T12:52:27.593600100Z","100","2",,"2","4002","34","-9223372036854710272","2686","Microsoft-Windows-Diagnostics-Performance","cfc18ec0-96b1-4eba-961b-622caee05b0a","Microsoft-Windows-Diagnostics-Performance/Operational","1712","3700","rjaf-PC4429","S-1-5-19","6/6/2015 5:54:22 AM","85f03364-4e4f-0002-090b-7ca457a0d001",,"c:\users\mac_1\desktop\winevt\logs\microsoft-windows-diagnostics-performance%4operational.evtx","System.UInt32[]","System.Diagnostics.Eventing.Reader.EventBookmark","Error","Boot Information","Boot Performance Monitoring","System.Collections.ObjectModel.ReadOnlyCollection`1[System.String]","System.Collections.Generic.List`1[System.Diagnostics.Eventing.Reader.EventProperty]"
"Windows has shutdown: 
     Shutdown Duration	:	18326ms
     IsDegradation		:	false
     Incident Time (UTC)	:	?2015?-?06?-?06T12:33:47.952368400Z","200","1",,"3","4007","40","-9223372036854710272","2685","Microsoft-Windows-Diagnostics-Performance","cfc18ec0-96b1-4eba-961b-622caee05b0a","Microsoft-Windows-Diagnostics-Performance/Operational","1712","1724","rjaf-PC4429","S-1-5-19","6/6/2015 5:54:22 AM","00000000-cb28-0000-040b-7ca457a0d001",,"c:\users\mac_1\desktop\winevt\logs\microsoft-windows-diagnostics-performance%4operational.evtx","System.UInt32[]","System.Diagnostics.Eventing.Reader.EventBookmark","Warning","Shutdown Information","Shutdown Performance Monitoring","System.Collections.ObjectModel.ReadOnlyCollection`1[System.String]","System.Collections.Generic.List`1[System.Diagnostics.Eventing.Reader.EventProperty]"
"This application took longer than usual to start up, resulting in a performance degradation in the system startup process: 
     File Name		:	chrome.exe
     Friendly Name		:	Google Chrome
     Version		:	43.0.2357.81
     Total Time		:	7375ms
     Degradation Time	:	2307ms
     Incident Time (UTC)	:	?2015?-?06?-?06T12:10:38.593600100Z","101","1",,"3","4002","33","-9223372036854710272","2684","Microsoft-Windows-Diagnostics-Performance","cfc18ec0-96b1-4eba-961b-622caee05b0a","Microsoft-Windows-Diagnostics-Performance/Operational","1828","1948","rjaf-PC4429","S-1-5-19","6/6/2015 5:12:36 AM","00000000-db28-0000-8406-01cd51a0d001",,"c:\users\mac_1\desktop\winevt\logs\microsoft-windows-diagnostics-performance%4operational.evtx","System.UInt32[]","System.Diagnostics.Eventing.Reader.EventBookmark","Warning","Boot Degradation","Boot Performance Monitoring","System.Collections.ObjectModel.ReadOnlyCollection`1[System.String]","System.Collections.Generic.List`1[System.Diagnostics.Eventing.Reader.EventProperty]"
"Windows has started up: 
     Boot Duration		:	62296ms
     IsDegradation		:	false
     Incident Time (UTC)	:	?2015?-?06?-?06T12:10:38.593600100Z","100","2",,"2","4002","34","-9223372036854710272","2683","Microsoft-Windows-Diagnostics-Performance","cfc18ec0-96b1-4eba-961b-622caee05b0a","Microsoft-Windows-Diagnostics-Performance/Operational","1828","1948","rjaf-PC4429","S-1-5-19","6/6/2015 5:12:36 AM","00000000-db28-0000-8406-01cd51a0d001",,"c:\users\mac_1\desktop\winevt\logs\microsoft-windows-diagnostics-performance%4operational.evtx","System.UInt32[]","System.Diagnostics.Eventing.Reader.EventBookmark","Error","Boot Information","Boot Performance Monitoring","System.Collections.ObjectModel.ReadOnlyCollection`1[System.String]","System.Collections.Generic.List`1[System.Diagnostics.Eventing.Reader.EventProperty]"
"This service caused a delay in the system shutdown process: 
     File Name		:	FCSAM
     Friendly Name		:	
     Version		:	
     Total Time		:	2334ms
     Degradation Time	:	2205ms
     Incident Time (UTC)	:	?2015?-?06?-?06T11:42:22.473230400Z","203","1",,"3","4007","41","-9223372036854710272","2682","Microsoft-Windows-Diagnostics-Performance","cfc18ec0-96b1-4eba-961b-622caee05b0a","Microsoft-Windows-Diagnostics-Performance/Operational","1828","3460","rjaf-PC4429","S-1-5-19","6/6/2015 5:12:36 AM","00000000-db28-0000-8306-01cd51a0d001",,"c:\users\mac_1\desktop\winevt\logs\microsoft-windows-diagnostics-performance%4operational.evtx","System.UInt32[]","System.Diagnostics.Eventing.Reader.EventBookmark","Warning","Shutdown Degradation","Shutdown Performance Monitoring","System.Collections.ObjectModel.ReadOnlyCollection`1[System.String]","System.Collections.Generic.List`1[System.Diagnostics.Eventing.Reader.EventProperty]"
"Windows has shutdown: 
     Shutdown Duration	:	14243ms
     IsDegradation		:	false
     Incident Time (UTC)	:	?2015?-?06?-?06T11:42:22.473230400Z","200","1",,"3","4007","40","-9223372036854710272","2681","Microsoft-Windows-Diagnostics-Performance","cfc18ec0-96b1-4eba-961b-622caee05b0a","Microsoft-Windows-Diagnostics-Performance/Operational","1828","3460","rjaf-PC4429","S-1-5-19","6/6/2015 5:12:36 AM","00000000-db28-0000-8306-01cd51a0d001",,"c:\users\mac_1\desktop\winevt\logs\microsoft-windows-diagnostics-performance%4operational.evtx","System.UInt32[]","System.Diagnostics.Eventing.Reader.EventBookmark","Warning","Shutdown Information","Shutdown Performance Monitoring","System.Collections.ObjectModel.ReadOnlyCollection`1[System.String]","System.Collections.Generic.List`1[System.Diagnostics.Eventing.Reader.EventProperty]"
"Windows has started up: 
     Boot Duration		:	40306ms
     IsDegradation		:	false
     Incident Time (UTC)	:	?2015?-?06?-?06T10:58:44.593600100Z","100","2",,"3","4002","34","-9223372036854710272","2680","Microsoft-Windows-Diagnostics-Performance","cfc18ec0-96b1-4eba-961b-622caee05b0a","Microsoft-Windows-Diagnostics-Performance/Operational","1748","1980","rjaf-PC4429","S-1-5-19","6/6/2015 4:00:43 AM","85f03364-be4f-0002-8add-a8c147a0d001",,"c:\users\mac_1\desktop\winevt\logs\microsoft-windows-diagnostics-performance%4operational.evtx","System.UInt32[]","System.Diagnostics.Eventing.Reader.EventBookmark","Warning","Boot Information","Boot Performance Monitoring","System.Collections.ObjectModel.ReadOnlyCollection`1[System.String]","System.Collections.Generic.List`1[System.Diagnostics.Eventing.Reader.EventProperty]"
"Windows has resumed from standby: 
     Standby Duration		:	9451ms
     Standby Incident Time (UTC)	:	?2015?-?06?-?05T19:42:27.600063400Z
     Resume  Duration		:	1250ms
     Resume  Incident Time (UTC)	:	?2015?-?06?-?05T19:49:01.257341500Z
     IsDegradation			:	false","300","1",,"3","4003","36","-9223372036854710272","2679","Microsoft-Windows-Diagnostics-Performance","cfc18ec0-96b1-4eba-961b-622caee05b0a","Microsoft-Windows-Diagnostics-Performance/Operational","1632","3544","rjaf-PC4429","S-1-5-19","6/5/2015 12:49:09 PM","00000000-3b28-0000-1442-ca17b09fd001",,"c:\users\mac_1\desktop\winevt\logs\microsoft-windows-diagnostics-performance%4operational.evtx","System.UInt32[]","System.Diagnostics.Eventing.Reader.EventBookmark","Warning","Standby Information","Standby Performance Monitoring","System.Collections.ObjectModel.ReadOnlyCollection`1[System.String]","System.Collections.Generic.List`1[System.Diagnostics.Eventing.Reader.EventProperty]"
"Windows has started up: 
     Boot Duration		:	31797ms
     IsDegradation		:	false
     Incident Time (UTC)	:	?2015?-?06?-?05T16:53:05.593600100Z","100","2",,"3","4002","34","-9223372036854710272","2678","Microsoft-Windows-Diagnostics-Performance","cfc18ec0-96b1-4eba-961b-622caee05b0a","Microsoft-Windows-Diagnostics-Performance/Operational","1632","3420","rjaf-PC4429","S-1-5-19","6/5/2015 9:56:03 AM","85f02724-be4f-0001-1642-ca17b09fd001",,"c:\users\mac_1\desktop\winevt\logs\microsoft-windows-diagnostics-performance%4operational.evtx","System.UInt32[]","System.Diagnostics.Eventing.Reader.EventBookmark","Warning","Boot Information","Boot Performance Monitoring","System.Collections.ObjectModel.ReadOnlyCollection`1[System.String]","System.Collections.Generic.List`1[System.Diagnostics.Eventing.Reader.EventProperty]"
"Windows has resumed from standby: 
     Standby Duration		:	9226ms
     Standby Incident Time (UTC)	:	?2015?-?06?-?05T10:48:47.947291800Z
     Resume  Duration		:	1263ms
     Resume  Incident Time (UTC)	:	?2015?-?06?-?05T13:50:58.367408500Z
     IsDegradation			:	false","300","1",,"3","4003","36","-9223372036854710272","2677","Microsoft-Windows-Diagnostics-Performance","cfc18ec0-96b1-4eba-961b-622caee05b0a","Microsoft-Windows-Diagnostics-Performance/Operational","1828","3612","rjaf-PC4429","S-1-5-19","6/5/2015 6:51:07 AM","00000000-0b28-0000-3cb4-cfe84e9fd001",,"c:\users\mac_1\desktop\winevt\logs\microsoft-windows-diagnostics-performance%4operational.evtx","System.UInt32[]","System.Diagnostics.Eventing.Reader.EventBookmark","Warning","Standby Information","Standby Performance Monitoring","System.Collections.ObjectModel.ReadOnlyCollection`1[System.String]","System.Collections.Generic.List`1[System.Diagnostics.Eventing.Reader.EventProperty]"
"This startup service took longer than expected to startup, resulting in a performance degradation in the system start up process: 
     File Name		:	audioendpointbuilder
     Friendly Name		:	Windows Audio Service
     Version		:	6.1.7600.16385 (win7_rtm.090713-1255)
     Total Time		:	3832ms
     Degradation Time	:	1179ms
     Incident Time (UTC)	:	?2015?-?06?-?05T05:17:25.593600100Z","103","1",,"3","4002","33","-9223372036854710272","2676","Microsoft-Windows-Diagnostics-Performance","cfc18ec0-96b1-4eba-961b-622caee05b0a","Microsoft-Windows-Diagnostics-Performance/Operational","1828","2364","rjaf-PC4429","S-1-5-19","6/4/2015 10:19:52 PM","85f03c9c-8e4f-0003-0db4-cfe84e9fd001",,"c:\users\mac_1\desktop\winevt\logs\microsoft-windows-diagnostics-performance%4operational.evtx","System.UInt32[]","System.Diagnostics.Eventing.Reader.EventBookmark","Warning","Boot Degradation","Boot Performance Monitoring","System.Collections.ObjectModel.ReadOnlyCollection`1[System.String]","System.Collections.Generic.List`1[System.Diagnostics.Eventing.Reader.EventProperty]"
"This startup service took longer than expected to startup, resulting in a performance degradation in the system start up process: 
     File Name		:	mmcss
     Friendly Name		:	Multimedia Class Scheduler Service
     Version		:	6.1.7600.16385 (win7_rtm.090713-1255)
     Total Time		:	3002ms
     Degradation Time	:	1367ms
     Incident Time (UTC)	:	?2015?-?06?-?05T05:17:25.593600100Z","103","1",,"3","4002","33","-9223372036854710272","2675","Microsoft-Windows-Diagnostics-Performance","cfc18ec0-96b1-4eba-961b-622caee05b0a","Microsoft-Windows-Diagnostics-Performance/Operational","1828","2364","rjaf-PC4429","S-1-5-19","6/4/2015 10:19:52 PM","85f03c9c-8e4f-0003-0db4-cfe84e9fd001",,"c:\users\mac_1\desktop\winevt\logs\microsoft-windows-diagnostics-performance%4operational.evtx","System.UInt32[]","System.Diagnostics.Eventing.Reader.EventBookmark","Warning","Boot Degradation","Boot Performance Monitoring","System.Collections.ObjectModel.ReadOnlyCollection`1[System.String]","System.Collections.Generic.List`1[System.Diagnostics.Eventing.Reader.EventProperty]"
"Windows has started up: 
     Boot Duration		:	36583ms
     IsDegradation		:	false
     Incident Time (UTC)	:	?2015?-?06?-?05T05:17:25.593600100Z","100","2",,"3","4002","34","-9223372036854710272","2674","Microsoft-Windows-Diagnostics-Performance","cfc18ec0-96b1-4eba-961b-622caee05b0a","Microsoft-Windows-Diagnostics-Performance/Operational","1828","2364","rjaf-PC4429","S-1-5-19","6/4/2015 10:19:52 PM","85f03c9c-8e4f-0003-0db4-cfe84e9fd001",,"c:\users\mac_1\desktop\winevt\logs\microsoft-windows-diagnostics-performance%4operational.evtx","System.UInt32[]","System.Diagnostics.Eventing.Reader.EventBookmark","Warning","Boot Information","Boot Performance Monitoring","System.Collections.ObjectModel.ReadOnlyCollection`1[System.String]","System.Collections.Generic.List`1[System.Diagnostics.Eventing.Reader.EventProperty]"
"Windows has resumed from standby: 
     Standby Duration		:	15508ms
     Standby Incident Time (UTC)	:	?2015?-?06?-?04T16:34:29.330505400Z
     Resume  Duration		:	1245ms
     Resume  Incident Time (UTC)	:	?2015?-?06?-?04T17:17:04.497139600Z
     IsDegradation			:	false","300","1",,"3","4003","36","-9223372036854710272","2673","Microsoft-Windows-Diagnostics-Performance","cfc18ec0-96b1-4eba-961b-622caee05b0a","Microsoft-Windows-Diagnostics-Performance/Operational","1760","4340","rjaf-PC4429","S-1-5-19","6/4/2015 10:17:19 AM","85f1cc9c-3e4f-0003-983a-d67cee9dd001",,"c:\users\mac_1\desktop\winevt\logs\microsoft-windows-diagnostics-performance%4operational.evtx","System.UInt32[]","System.Diagnostics.Eventing.Reader.EventBookmark","Warning","Standby Information","Standby Performance Monitoring","System.Collections.ObjectModel.ReadOnlyCollection`1[System.String]","System.Collections.Generic.List`1[System.Diagnostics.Eventing.Reader.EventProperty]"
"Windows has resumed from standby: 
     Standby Duration		:	7487ms
     Standby Incident Time (UTC)	:	?2015?-?06?-?04T10:12:30.611712400Z
     Resume  Duration		:	1288ms
     Resume  Incident Time (UTC)	:	?2015?-?06?-?04T14:09:20.816885700Z
     IsDegradation			:	false","300","1",,"3","4003","36","-9223372036854710272","2672","Microsoft-Windows-Diagnostics-Performance","cfc18ec0-96b1-4eba-961b-622caee05b0a","Microsoft-Windows-Diagnostics-Performance/Operational","1760","3944","rjaf-PC4429","S-1-5-19","6/4/2015 7:09:32 AM","85f1cc9c-3e4f-0003-753a-d67cee9dd001",,"c:\users\mac_1\desktop\winevt\logs\microsoft-windows-diagnostics-performance%4operational.evtx","System.UInt32[]","System.Diagnostics.Eventing.Reader.EventBookmark","Warning","Standby Information","Standby Performance Monitoring","System.Collections.ObjectModel.ReadOnlyCollection`1[System.String]","System.Collections.Generic.List`1[System.Diagnostics.Eventing.Reader.EventProperty]"
"This driver caused a delay during standby while servicing a device:
     Driver File Name		:	\Driver\usbehci
     Driver Friendly Name		:	EHCI eUSB Miniport Driver
     Driver Version			:	6.1.7600.16788 (win7_gdr.110324-1506)
     Driver Total Time		:	342ms
     Driver Degradation Time	:	145ms
     Incident Time (UTC)		:	?2015?-?06?-?04T07:54:15.787143900Z
     Device Name			:	USB\ROOT_HUB20\4&605ea8b&0
     Device Friendly Name		:	USB Root Hub
     Device Total Time		:	342ms
     Device Degradation Time	:	146ms","302","1",,"3","4003","35","-9223372036854710272","2671","Microsoft-Windows-Diagnostics-Performance","cfc18ec0-96b1-4eba-961b-622caee05b0a","Microsoft-Windows-Diagnostics-Performance/Operational","1760","3408","rjaf-PC4429","S-1-5-19","6/4/2015 1:11:30 AM","85f1b724-3e4f-0001-ba3a-d67cee9dd001",,"c:\users\mac_1\desktop\winevt\logs\microsoft-windows-diagnostics-performance%4operational.evtx","System.UInt32[]","System.Diagnostics.Eventing.Reader.EventBookmark","Warning","Standby Degradation","Standby Performance Monitoring","System.Collections.ObjectModel.ReadOnlyCollection`1[System.String]","System.Collections.Generic.List`1[System.Diagnostics.Eventing.Reader.EventProperty]"
"Windows has resumed from standby: 
     Standby Duration		:	9009ms
     Standby Incident Time (UTC)	:	?2015?-?06?-?04T07:54:15.787143900Z
     Resume  Duration		:	1242ms
     Resume  Incident Time (UTC)	:	?2015?-?06?-?04T08:11:20.055289300Z
     IsDegradation			:	false","300","1",,"3","4003","36","-9223372036854710272","2670","Microsoft-Windows-Diagnostics-Performance","cfc18ec0-96b1-4eba-961b-622caee05b0a","Microsoft-Windows-Diagnostics-Performance/Operational","1760","3408","rjaf-PC4429","S-1-5-19","6/4/2015 1:11:30 AM","85f1b724-3e4f-0001-ba3a-d67cee9dd001",,"c:\users\mac_1\desktop\winevt\logs\microsoft-windows-diagnostics-performance%4operational.evtx","System.UInt32[]","System.Diagnostics.Eventing.Reader.EventBookmark","Warning","Standby Information","Standby Performance Monitoring","System.Collections.ObjectModel.ReadOnlyCollection`1[System.String]","System.Collections.Generic.List`1[System.Diagnostics.Eventing.Reader.EventProperty]"
"Windows has resumed from standby: 
     Standby Duration		:	7254ms
     Standby Incident Time (UTC)	:	?2015?-?06?-?03T22:10:47.983549000Z
     Resume  Duration		:	1295ms
     Resume  Incident Time (UTC)	:	?2015?-?06?-?04T05:20:30.270189300Z
     IsDegradation			:	false","300","1",,"3","4003","36","-9223372036854710272","2669","Microsoft-Windows-Diagnostics-Performance","cfc18ec0-96b1-4eba-961b-622caee05b0a","Microsoft-Windows-Diagnostics-Performance/Operational","1760","5584","rjaf-PC4429","S-1-5-19","6/3/2015 10:20:41 PM","85f1c364-3e4f-0002-c43a-d67cee9dd001",,"c:\users\mac_1\desktop\winevt\logs\microsoft-windows-diagnostics-performance%4operational.evtx","System.UInt32[]","System.Diagnostics.Eventing.Reader.EventBookmark","Warning","Standby Information","Standby Performance Monitoring","System.Collections.ObjectModel.ReadOnlyCollection`1[System.String]","System.Collections.Generic.List`1[System.Diagnostics.Eventing.Reader.EventProperty]"
"Windows has resumed from standby: 
     Standby Duration		:	17412ms
     Standby Incident Time (UTC)	:	?2015?-?06?-?03T16:42:18.873392800Z
     Resume  Duration		:	1232ms
     Resume  Incident Time (UTC)	:	?2015?-?06?-?03T19:26:14.461027400Z
     IsDegradation			:	false","300","1",,"3","4003","36","-9223372036854710272","2668","Microsoft-Windows-Diagnostics-Performance","cfc18ec0-96b1-4eba-961b-622caee05b0a","Microsoft-Windows-Diagnostics-Performance/Operational","1760","1668","rjaf-PC4429","S-1-5-19","6/3/2015 12:26:24 PM","85f1cc9c-3e4f-0003-353a-d67cee9dd001",,"c:\users\mac_1\desktop\winevt\logs\microsoft-windows-diagnostics-performance%4operational.evtx","System.UInt32[]","System.Diagnostics.Eventing.Reader.EventBookmark","Warning","Standby Information","Standby Performance Monitoring","System.Collections.ObjectModel.ReadOnlyCollection`1[System.String]","System.Collections.Generic.List`1[System.Diagnostics.Eventing.Reader.EventProperty]"
"Windows has started up: 
     Boot Duration		:	57975ms
     IsDegradation		:	false
     Incident Time (UTC)	:	?2015?-?06?-?03T11:14:41.593600100Z","100","2",,"3","4002","34","-9223372036854710272","2667","Microsoft-Windows-Diagnostics-Performance","cfc18ec0-96b1-4eba-961b-622caee05b0a","Microsoft-Windows-Diagnostics-Performance/Operational","1760","3660","rjaf-PC4429","S-1-5-19","6/3/2015 4:16:47 AM","85f1c364-3e4f-0002-063a-d67cee9dd001",,"c:\users\mac_1\desktop\winevt\logs\microsoft-windows-diagnostics-performance%4operational.evtx","System.UInt32[]","System.Diagnostics.Eventing.Reader.EventBookmark","Warning","Boot Information","Boot Performance Monitoring","System.Collections.ObjectModel.ReadOnlyCollection`1[System.String]","System.Collections.Generic.List`1[System.Diagnostics.Eventing.Reader.EventProperty]"
