"The Application Impact Telemetry (AIT) Agent is not running because AIT is disabled.","701","0",,"4","0","0","1152921504606846976","62","Microsoft-Windows-Application-Experience","eef54e71-0661-422d-9a98-82fd4940b820","Microsoft-Windows-Application-Experience/Program-Telemetry","1336","1176","rjaf-PC4429","S-1-5-18","1/27/2014 11:21:16 PM",,,"c:\users\mac_1\desktop\winevt\logs\microsoft-windows-application-experience%4program-telemetry.evtx","System.UInt32[]","System.Diagnostics.Eventing.Reader.EventBookmark","Information","Info",,"System.Collections.ObjectModel.ReadOnlyCollection`1[System.String]","System.Collections.Generic.List`1[System.Diagnostics.Eventing.Reader.EventProperty]"
"Compatibility fix applied to C:\Program Files\Microsoft Office\Office12\OUTLOOK.EXE.
Fix information: 000 Legacy Registry Entries (User Compat Flags), {1BC7045F-B581-40BA-ACE7-A4B32C926447}, 0x10101.","500","0",,"4","0","0","1152921504606846976","61","Microsoft-Windows-Application-Experience","eef54e71-0661-422d-9a98-82fd4940b820","Microsoft-Windows-Application-Experience/Program-Telemetry","3268","2136","rjaf-PC4429","S-1-5-21-1634558665-2257203147-3060767804-1000","1/27/2014 12:27:06 AM",,,"c:\users\mac_1\desktop\winevt\logs\microsoft-windows-application-experience%4program-telemetry.evtx","System.UInt32[]","System.Diagnostics.Eventing.Reader.EventBookmark","Information","Info",,"System.Collections.ObjectModel.ReadOnlyCollection`1[System.String]","System.Collections.Generic.List`1[System.Diagnostics.Eventing.Reader.EventProperty]"
"Compatibility fix applied to C:\Program Files\Microsoft Office\Office12\OUTLOOK.EXE.
Fix information: Outlook 2007, {914719FF-8D59-4B62-9E08-0BC42C875612}, 0x10101.","500","0",,"4","0","0","1152921504606846976","60","Microsoft-Windows-Application-Experience","eef54e71-0661-422d-9a98-82fd4940b820","Microsoft-Windows-Application-Experience/Program-Telemetry","3268","2136","rjaf-PC4429","S-1-5-21-1634558665-2257203147-3060767804-1000","1/27/2014 12:27:06 AM",,,"c:\users\mac_1\desktop\winevt\logs\microsoft-windows-application-experience%4program-telemetry.evtx","System.UInt32[]","System.Diagnostics.Eventing.Reader.EventBookmark","Information","Info",,"System.Collections.ObjectModel.ReadOnlyCollection`1[System.String]","System.Collections.Generic.List`1[System.Diagnostics.Eventing.Reader.EventProperty]"
"Compatibility fix applied to C:\Program Files\Microsoft Office\Office12\OUTLOOK.EXE.
Fix information: Microsoft Office, {2BBD6416-7F3B-4440-9AC6-C0C8DE43C9D6}, 0x10101.","500","0",,"4","0","0","1152921504606846976","59","Microsoft-Windows-Application-Experience","eef54e71-0661-422d-9a98-82fd4940b820","Microsoft-Windows-Application-Experience/Program-Telemetry","3268","2136","rjaf-PC4429","S-1-5-21-1634558665-2257203147-3060767804-1000","1/27/2014 12:27:06 AM",,,"c:\users\mac_1\desktop\winevt\logs\microsoft-windows-application-experience%4program-telemetry.evtx","System.UInt32[]","System.Diagnostics.Eventing.Reader.EventBookmark","Information","Info",,"System.Collections.ObjectModel.ReadOnlyCollection`1[System.String]","System.Collections.Generic.List`1[System.Diagnostics.Eventing.Reader.EventProperty]"
"The Application Impact Telemetry (AIT) Agent is not running because AIT is disabled.","701","0",,"4","0","0","1152921504606846976","58","Microsoft-Windows-Application-Experience","eef54e71-0661-422d-9a98-82fd4940b820","Microsoft-Windows-Application-Experience/Program-Telemetry","3056","3376","rjaf-PC4429","S-1-5-18","1/27/2014 12:05:35 AM",,,"c:\users\mac_1\desktop\winevt\logs\microsoft-windows-application-experience%4program-telemetry.evtx","System.UInt32[]","System.Diagnostics.Eventing.Reader.EventBookmark","Information","Info",,"System.Collections.ObjectModel.ReadOnlyCollection`1[System.String]","System.Collections.Generic.List`1[System.Diagnostics.Eventing.Reader.EventProperty]"
"The Application Impact Telemetry (AIT) Agent is not running because AIT is disabled.","701","0",,"4","0","0","1152921504606846976","57","Microsoft-Windows-Application-Experience","eef54e71-0661-422d-9a98-82fd4940b820","Microsoft-Windows-Application-Experience/Program-Telemetry","2564","3876","rjaf-PC4429","S-1-5-18","1/26/2014 12:47:59 AM",,,"c:\users\mac_1\desktop\winevt\logs\microsoft-windows-application-experience%4program-telemetry.evtx","System.UInt32[]","System.Diagnostics.Eventing.Reader.EventBookmark","Information","Info",,"System.Collections.ObjectModel.ReadOnlyCollection`1[System.String]","System.Collections.Generic.List`1[System.Diagnostics.Eventing.Reader.EventProperty]"
"The Application Impact Telemetry (AIT) Agent is not running because AIT is disabled.","701","0",,"4","0","0","1152921504606846976","56","Microsoft-Windows-Application-Experience","eef54e71-0661-422d-9a98-82fd4940b820","Microsoft-Windows-Application-Experience/Program-Telemetry","880","2320","rjaf-PC4429","S-1-5-18","1/24/2014 4:01:22 AM",,,"c:\users\mac_1\desktop\winevt\logs\microsoft-windows-application-experience%4program-telemetry.evtx","System.UInt32[]","System.Diagnostics.Eventing.Reader.EventBookmark","Information","Info",,"System.Collections.ObjectModel.ReadOnlyCollection`1[System.String]","System.Collections.Generic.List`1[System.Diagnostics.Eventing.Reader.EventProperty]"
"The Application Impact Telemetry (AIT) Agent is not running because AIT is disabled.","701","0",,"4","0","0","1152921504606846976","55","Microsoft-Windows-Application-Experience","eef54e71-0661-422d-9a98-82fd4940b820","Microsoft-Windows-Application-Experience/Program-Telemetry","4020","3732","rjaf-PC4429","S-1-5-18","1/23/2014 1:08:37 AM",,,"c:\users\mac_1\desktop\winevt\logs\microsoft-windows-application-experience%4program-telemetry.evtx","System.UInt32[]","System.Diagnostics.Eventing.Reader.EventBookmark","Information","Info",,"System.Collections.ObjectModel.ReadOnlyCollection`1[System.String]","System.Collections.Generic.List`1[System.Diagnostics.Eventing.Reader.EventProperty]"
"The Application Impact Telemetry (AIT) Agent is not running because AIT is disabled.","701","0",,"4","0","0","1152921504606846976","54","Microsoft-Windows-Application-Experience","eef54e71-0661-422d-9a98-82fd4940b820","Microsoft-Windows-Application-Experience/Program-Telemetry","2472","3460","rjaf-PC4429","S-1-5-18","1/21/2014 11:33:57 PM",,,"c:\users\mac_1\desktop\winevt\logs\microsoft-windows-application-experience%4program-telemetry.evtx","System.UInt32[]","System.Diagnostics.Eventing.Reader.EventBookmark","Information","Info",,"System.Collections.ObjectModel.ReadOnlyCollection`1[System.String]","System.Collections.Generic.List`1[System.Diagnostics.Eventing.Reader.EventProperty]"
"The Application Impact Telemetry (AIT) Agent is not running because AIT is disabled.","701","0",,"4","0","0","1152921504606846976","53","Microsoft-Windows-Application-Experience","eef54e71-0661-422d-9a98-82fd4940b820","Microsoft-Windows-Application-Experience/Program-Telemetry","1172","3548","rjaf-PC4429","S-1-5-18","1/21/2014 1:10:18 AM",,,"c:\users\mac_1\desktop\winevt\logs\microsoft-windows-application-experience%4program-telemetry.evtx","System.UInt32[]","System.Diagnostics.Eventing.Reader.EventBookmark","Information","Info",,"System.Collections.ObjectModel.ReadOnlyCollection`1[System.String]","System.Collections.Generic.List`1[System.Diagnostics.Eventing.Reader.EventProperty]"
"The Application Impact Telemetry (AIT) Agent is not running because AIT is disabled.","701","0",,"4","0","0","1152921504606846976","52","Microsoft-Windows-Application-Experience","eef54e71-0661-422d-9a98-82fd4940b820","Microsoft-Windows-Application-Experience/Program-Telemetry","4084","2824","rjaf-PC4429","S-1-5-18","1/20/2014 1:35:35 AM",,,"c:\users\mac_1\desktop\winevt\logs\microsoft-windows-application-experience%4program-telemetry.evtx","System.UInt32[]","System.Diagnostics.Eventing.Reader.EventBookmark","Information","Info",,"System.Collections.ObjectModel.ReadOnlyCollection`1[System.String]","System.Collections.Generic.List`1[System.Diagnostics.Eventing.Reader.EventProperty]"
"The Application Impact Telemetry (AIT) Agent is not running because AIT is disabled.","701","0",,"4","0","0","1152921504606846976","51","Microsoft-Windows-Application-Experience","eef54e71-0661-422d-9a98-82fd4940b820","Microsoft-Windows-Application-Experience/Program-Telemetry","3512","2308","rjaf-PC4429","S-1-5-18","1/18/2014 11:29:41 PM",,,"c:\users\mac_1\desktop\winevt\logs\microsoft-windows-application-experience%4program-telemetry.evtx","System.UInt32[]","System.Diagnostics.Eventing.Reader.EventBookmark","Information","Info",,"System.Collections.ObjectModel.ReadOnlyCollection`1[System.String]","System.Collections.Generic.List`1[System.Diagnostics.Eventing.Reader.EventProperty]"
"The Application Impact Telemetry (AIT) Agent is not running because AIT is disabled.","701","0",,"4","0","0","1152921504606846976","50","Microsoft-Windows-Application-Experience","eef54e71-0661-422d-9a98-82fd4940b820","Microsoft-Windows-Application-Experience/Program-Telemetry","256","3416","rjaf-PC4429","S-1-5-18","1/18/2014 1:37:22 AM",,,"c:\users\mac_1\desktop\winevt\logs\microsoft-windows-application-experience%4program-telemetry.evtx","System.UInt32[]","System.Diagnostics.Eventing.Reader.EventBookmark","Information","Info",,"System.Collections.ObjectModel.ReadOnlyCollection`1[System.String]","System.Collections.Generic.List`1[System.Diagnostics.Eventing.Reader.EventProperty]"
"The Application Impact Telemetry (AIT) Agent is not running because AIT is disabled.","701","0",,"4","0","0","1152921504606846976","49","Microsoft-Windows-Application-Experience","eef54e71-0661-422d-9a98-82fd4940b820","Microsoft-Windows-Application-Experience/Program-Telemetry","3588","2576","rjaf-PC4429","S-1-5-18","1/17/2014 9:35:56 AM",,,"c:\users\mac_1\desktop\winevt\logs\microsoft-windows-application-experience%4program-telemetry.evtx","System.UInt32[]","System.Diagnostics.Eventing.Reader.EventBookmark","Information","Info",,"System.Collections.ObjectModel.ReadOnlyCollection`1[System.String]","System.Collections.Generic.List`1[System.Diagnostics.Eventing.Reader.EventProperty]"
"The Application Impact Telemetry (AIT) Agent is not running because AIT is disabled.","701","0",,"4","0","0","1152921504606846976","48","Microsoft-Windows-Application-Experience","eef54e71-0661-422d-9a98-82fd4940b820","Microsoft-Windows-Application-Experience/Program-Telemetry","1760","2024","rjaf-PC4429","S-1-5-18","1/15/2014 11:27:57 PM",,,"c:\users\mac_1\desktop\winevt\logs\microsoft-windows-application-experience%4program-telemetry.evtx","System.UInt32[]","System.Diagnostics.Eventing.Reader.EventBookmark","Information","Info",,"System.Collections.ObjectModel.ReadOnlyCollection`1[System.String]","System.Collections.Generic.List`1[System.Diagnostics.Eventing.Reader.EventProperty]"
"The Application Impact Telemetry (AIT) Agent is not running because AIT is disabled.","701","0",,"4","0","0","1152921504606846976","47","Microsoft-Windows-Application-Experience","eef54e71-0661-422d-9a98-82fd4940b820","Microsoft-Windows-Application-Experience/Program-Telemetry","316","3956","rjaf-PC4429","S-1-5-18","1/15/2014 2:13:48 AM",,,"c:\users\mac_1\desktop\winevt\logs\microsoft-windows-application-experience%4program-telemetry.evtx","System.UInt32[]","System.Diagnostics.Eventing.Reader.EventBookmark","Information","Info",,"System.Collections.ObjectModel.ReadOnlyCollection`1[System.String]","System.Collections.Generic.List`1[System.Diagnostics.Eventing.Reader.EventProperty]"
"The Application Impact Telemetry (AIT) Agent is not running because AIT is disabled.","701","0",,"4","0","0","1152921504606846976","46","Microsoft-Windows-Application-Experience","eef54e71-0661-422d-9a98-82fd4940b820","Microsoft-Windows-Application-Experience/Program-Telemetry","3592","2904","rjaf-PC4429","S-1-5-18","1/14/2014 1:22:32 AM",,,"c:\users\mac_1\desktop\winevt\logs\microsoft-windows-application-experience%4program-telemetry.evtx","System.UInt32[]","System.Diagnostics.Eventing.Reader.EventBookmark","Information","Info",,"System.Collections.ObjectModel.ReadOnlyCollection`1[System.String]","System.Collections.Generic.List`1[System.Diagnostics.Eventing.Reader.EventProperty]"
"The Application Impact Telemetry (AIT) Agent is not running because AIT is disabled.","701","0",,"4","0","0","1152921504606846976","45","Microsoft-Windows-Application-Experience","eef54e71-0661-422d-9a98-82fd4940b820","Microsoft-Windows-Application-Experience/Program-Telemetry","164","2156","rjaf-PC4429","S-1-5-18","1/13/2014 12:53:11 AM",,,"c:\users\mac_1\desktop\winevt\logs\microsoft-windows-application-experience%4program-telemetry.evtx","System.UInt32[]","System.Diagnostics.Eventing.Reader.EventBookmark","Information","Info",,"System.Collections.ObjectModel.ReadOnlyCollection`1[System.String]","System.Collections.Generic.List`1[System.Diagnostics.Eventing.Reader.EventProperty]"
"The Application Impact Telemetry (AIT) Agent is not running because AIT is disabled.","701","0",,"4","0","0","1152921504606846976","44","Microsoft-Windows-Application-Experience","eef54e71-0661-422d-9a98-82fd4940b820","Microsoft-Windows-Application-Experience/Program-Telemetry","2564","4000","rjaf-PC4429","S-1-5-18","1/11/2014 11:54:40 PM",,,"c:\users\mac_1\desktop\winevt\logs\microsoft-windows-application-experience%4program-telemetry.evtx","System.UInt32[]","System.Diagnostics.Eventing.Reader.EventBookmark","Information","Info",,"System.Collections.ObjectModel.ReadOnlyCollection`1[System.String]","System.Collections.Generic.List`1[System.Diagnostics.Eventing.Reader.EventProperty]"
"The Application Impact Telemetry (AIT) Agent is not running because AIT is disabled.","701","0",,"4","0","0","1152921504606846976","43","Microsoft-Windows-Application-Experience","eef54e71-0661-422d-9a98-82fd4940b820","Microsoft-Windows-Application-Experience/Program-Telemetry","2036","1804","rjaf-PC4429","S-1-5-18","1/11/2014 12:43:19 AM",,,"c:\users\mac_1\desktop\winevt\logs\microsoft-windows-application-experience%4program-telemetry.evtx","System.UInt32[]","System.Diagnostics.Eventing.Reader.EventBookmark","Information","Info",,"System.Collections.ObjectModel.ReadOnlyCollection`1[System.String]","System.Collections.Generic.List`1[System.Diagnostics.Eventing.Reader.EventProperty]"
"The Application Impact Telemetry (AIT) Agent is not running because AIT is disabled.","701","0",,"4","0","0","1152921504606846976","42","Microsoft-Windows-Application-Experience","eef54e71-0661-422d-9a98-82fd4940b820","Microsoft-Windows-Application-Experience/Program-Telemetry","3520","860","rjaf-PC4429","S-1-5-18","1/10/2014 1:08:58 AM",,,"c:\users\mac_1\desktop\winevt\logs\microsoft-windows-application-experience%4program-telemetry.evtx","System.UInt32[]","System.Diagnostics.Eventing.Reader.EventBookmark","Information","Info",,"System.Collections.ObjectModel.ReadOnlyCollection`1[System.String]","System.Collections.Generic.List`1[System.Diagnostics.Eventing.Reader.EventProperty]"
"The Application Impact Telemetry (AIT) Agent is not running because AIT is disabled.","701","0",,"4","0","0","1152921504606846976","41","Microsoft-Windows-Application-Experience","eef54e71-0661-422d-9a98-82fd4940b820","Microsoft-Windows-Application-Experience/Program-Telemetry","3220","1124","rjaf-PC4429","S-1-5-18","1/9/2014 1:51:10 AM",,,"c:\users\mac_1\desktop\winevt\logs\microsoft-windows-application-experience%4program-telemetry.evtx","System.UInt32[]","System.Diagnostics.Eventing.Reader.EventBookmark","Information","Info",,"System.Collections.ObjectModel.ReadOnlyCollection`1[System.String]","System.Collections.Generic.List`1[System.Diagnostics.Eventing.Reader.EventProperty]"
"The Application Impact Telemetry (AIT) Agent is not running because AIT is disabled.","701","0",,"4","0","0","1152921504606846976","40","Microsoft-Windows-Application-Experience","eef54e71-0661-422d-9a98-82fd4940b820","Microsoft-Windows-Application-Experience/Program-Telemetry","4048","3756","rjaf-PC4429","S-1-5-18","1/8/2014 12:06:24 AM",,,"c:\users\mac_1\desktop\winevt\logs\microsoft-windows-application-experience%4program-telemetry.evtx","System.UInt32[]","System.Diagnostics.Eventing.Reader.EventBookmark","Information","Info",,"System.Collections.ObjectModel.ReadOnlyCollection`1[System.String]","System.Collections.Generic.List`1[System.Diagnostics.Eventing.Reader.EventProperty]"
"The Application Impact Telemetry (AIT) Agent is not running because AIT is disabled.","701","0",,"4","0","0","1152921504606846976","39","Microsoft-Windows-Application-Experience","eef54e71-0661-422d-9a98-82fd4940b820","Microsoft-Windows-Application-Experience/Program-Telemetry","2020","2932","rjaf-PC4429","S-1-5-18","1/6/2014 10:25:49 PM",,,"c:\users\mac_1\desktop\winevt\logs\microsoft-windows-application-experience%4program-telemetry.evtx","System.UInt32[]","System.Diagnostics.Eventing.Reader.EventBookmark","Information","Info",,"System.Collections.ObjectModel.ReadOnlyCollection`1[System.String]","System.Collections.Generic.List`1[System.Diagnostics.Eventing.Reader.EventProperty]"
"Compatibility fix applied to C:\Program Files\Sony\Sony PC Companion\Drivers\DPInst.exe.
Fix information: Driver Install Frameworks (DIFx), {F662E2F8-1D5A-11DD-8D8C-0010180BF8D5}, 0x10101.","500","0",,"4","0","0","1152921504606846976","38","Microsoft-Windows-Application-Experience","eef54e71-0661-422d-9a98-82fd4940b820","Microsoft-Windows-Application-Experience/Program-Telemetry","1224","2236","rjaf-PC4429","S-1-5-18","1/6/2014 9:57:49 PM",,,"c:\users\mac_1\desktop\winevt\logs\microsoft-windows-application-experience%4program-telemetry.evtx","System.UInt32[]","System.Diagnostics.Eventing.Reader.EventBookmark","Information","Info",,"System.Collections.ObjectModel.ReadOnlyCollection`1[System.String]","System.Collections.Generic.List`1[System.Diagnostics.Eventing.Reader.EventProperty]"
"The Application Impact Telemetry (AIT) Agent is not running because AIT is disabled.","701","0",,"4","0","0","1152921504606846976","37","Microsoft-Windows-Application-Experience","eef54e71-0661-422d-9a98-82fd4940b820","Microsoft-Windows-Application-Experience/Program-Telemetry","3160","2408","rjaf-PC4429","S-1-5-18","1/5/2014 11:30:36 PM",,,"c:\users\mac_1\desktop\winevt\logs\microsoft-windows-application-experience%4program-telemetry.evtx","System.UInt32[]","System.Diagnostics.Eventing.Reader.EventBookmark","Information","Info",,"System.Collections.ObjectModel.ReadOnlyCollection`1[System.String]","System.Collections.Generic.List`1[System.Diagnostics.Eventing.Reader.EventProperty]"
"The Application Impact Telemetry (AIT) Agent is not running because AIT is disabled.","701","0",,"4","0","0","1152921504606846976","36","Microsoft-Windows-Application-Experience","eef54e71-0661-422d-9a98-82fd4940b820","Microsoft-Windows-Application-Experience/Program-Telemetry","3404","3160","rjaf-PC4429","S-1-5-18","1/5/2014 3:18:22 AM",,,"c:\users\mac_1\desktop\winevt\logs\microsoft-windows-application-experience%4program-telemetry.evtx","System.UInt32[]","System.Diagnostics.Eventing.Reader.EventBookmark","Information","Info",,"System.Collections.ObjectModel.ReadOnlyCollection`1[System.String]","System.Collections.Generic.List`1[System.Diagnostics.Eventing.Reader.EventProperty]"
"The Application Impact Telemetry (AIT) Agent is not running because AIT is disabled.","701","0",,"4","0","0","1152921504606846976","35","Microsoft-Windows-Application-Experience","eef54e71-0661-422d-9a98-82fd4940b820","Microsoft-Windows-Application-Experience/Program-Telemetry","4072","872","rjaf-PC4429","S-1-5-18","1/1/2014 10:31:53 PM",,,"c:\users\mac_1\desktop\winevt\logs\microsoft-windows-application-experience%4program-telemetry.evtx","System.UInt32[]","System.Diagnostics.Eventing.Reader.EventBookmark","Information","Info",,"System.Collections.ObjectModel.ReadOnlyCollection`1[System.String]","System.Collections.Generic.List`1[System.Diagnostics.Eventing.Reader.EventProperty]"
"The Application Impact Telemetry (AIT) Agent is not running because AIT is disabled.","701","0",,"4","0","0","1152921504606846976","34","Microsoft-Windows-Application-Experience","eef54e71-0661-422d-9a98-82fd4940b820","Microsoft-Windows-Application-Experience/Program-Telemetry","2656","2568","rjaf-PC4429","S-1-5-18","1/1/2014 1:37:13 AM",,,"c:\users\mac_1\desktop\winevt\logs\microsoft-windows-application-experience%4program-telemetry.evtx","System.UInt32[]","System.Diagnostics.Eventing.Reader.EventBookmark","Information","Info",,"System.Collections.ObjectModel.ReadOnlyCollection`1[System.String]","System.Collections.Generic.List`1[System.Diagnostics.Eventing.Reader.EventProperty]"
"The Application Impact Telemetry (AIT) Agent is not running because AIT is disabled.","701","0",,"4","0","0","1152921504606846976","33","Microsoft-Windows-Application-Experience","eef54e71-0661-422d-9a98-82fd4940b820","Microsoft-Windows-Application-Experience/Program-Telemetry","432","3268","rjaf-PC4429","S-1-5-18","12/31/2013 2:23:27 AM",,,"c:\users\mac_1\desktop\winevt\logs\microsoft-windows-application-experience%4program-telemetry.evtx","System.UInt32[]","System.Diagnostics.Eventing.Reader.EventBookmark","Information","Info",,"System.Collections.ObjectModel.ReadOnlyCollection`1[System.String]","System.Collections.Generic.List`1[System.Diagnostics.Eventing.Reader.EventProperty]"
"Compatibility fix applied to C:\Program Files\DriverToolkit\DPInst32.exe.
Fix information: Driver Install Frameworks (DIFx), {F662E2F9-1D5A-11DD-8D8C-0010180BF8D5}, 0x10101.","500","0",,"4","0","0","1152921504606846976","32","Microsoft-Windows-Application-Experience","eef54e71-0661-422d-9a98-82fd4940b820","Microsoft-Windows-Application-Experience/Program-Telemetry","3940","3680","rjaf-PC4429","S-1-5-21-1634558665-2257203147-3060767804-1000","12/30/2013 12:39:55 PM",,,"c:\users\mac_1\desktop\winevt\logs\microsoft-windows-application-experience%4program-telemetry.evtx","System.UInt32[]","System.Diagnostics.Eventing.Reader.EventBookmark","Information","Info",,"System.Collections.ObjectModel.ReadOnlyCollection`1[System.String]","System.Collections.Generic.List`1[System.Diagnostics.Eventing.Reader.EventProperty]"
"The Application Impact Telemetry (AIT) Agent is not running because AIT is disabled.","701","0",,"4","0","0","1152921504606846976","31","Microsoft-Windows-Application-Experience","eef54e71-0661-422d-9a98-82fd4940b820","Microsoft-Windows-Application-Experience/Program-Telemetry","2584","3284","rjaf-PC4429","S-1-5-18","12/30/2013 12:33:17 AM",,,"c:\users\mac_1\desktop\winevt\logs\microsoft-windows-application-experience%4program-telemetry.evtx","System.UInt32[]","System.Diagnostics.Eventing.Reader.EventBookmark","Information","Info",,"System.Collections.ObjectModel.ReadOnlyCollection`1[System.String]","System.Collections.Generic.List`1[System.Diagnostics.Eventing.Reader.EventProperty]"
"The Application Impact Telemetry (AIT) Agent is not running because AIT is disabled.","701","0",,"4","0","0","1152921504606846976","30","Microsoft-Windows-Application-Experience","eef54e71-0661-422d-9a98-82fd4940b820","Microsoft-Windows-Application-Experience/Program-Telemetry","1720","2180","rjaf-PC4429","S-1-5-18","12/29/2013 1:55:48 AM",,,"c:\users\mac_1\desktop\winevt\logs\microsoft-windows-application-experience%4program-telemetry.evtx","System.UInt32[]","System.Diagnostics.Eventing.Reader.EventBookmark","Information","Info",,"System.Collections.ObjectModel.ReadOnlyCollection`1[System.String]","System.Collections.Generic.List`1[System.Diagnostics.Eventing.Reader.EventProperty]"
"The Application Impact Telemetry (AIT) Agent is not running because AIT is disabled.","701","0",,"4","0","0","1152921504606846976","29","Microsoft-Windows-Application-Experience","eef54e71-0661-422d-9a98-82fd4940b820","Microsoft-Windows-Application-Experience/Program-Telemetry","3216","2756","rjaf-PC4429","S-1-5-18","12/24/2013 11:10:36 PM",,,"c:\users\mac_1\desktop\winevt\logs\microsoft-windows-application-experience%4program-telemetry.evtx","System.UInt32[]","System.Diagnostics.Eventing.Reader.EventBookmark","Information","Info",,"System.Collections.ObjectModel.ReadOnlyCollection`1[System.String]","System.Collections.Generic.List`1[System.Diagnostics.Eventing.Reader.EventProperty]"
"The Application Impact Telemetry (AIT) Agent is not running because AIT is disabled.","701","0",,"4","0","0","1152921504606846976","28","Microsoft-Windows-Application-Experience","eef54e71-0661-422d-9a98-82fd4940b820","Microsoft-Windows-Application-Experience/Program-Telemetry","4072","2816","rjaf-PC4429","S-1-5-18","12/24/2013 3:38:57 AM",,,"c:\users\mac_1\desktop\winevt\logs\microsoft-windows-application-experience%4program-telemetry.evtx","System.UInt32[]","System.Diagnostics.Eventing.Reader.EventBookmark","Information","Info",,"System.Collections.ObjectModel.ReadOnlyCollection`1[System.String]","System.Collections.Generic.List`1[System.Diagnostics.Eventing.Reader.EventProperty]"
"The Application Impact Telemetry (AIT) Agent is not running because AIT is disabled.","701","0",,"4","0","0","1152921504606846976","27","Microsoft-Windows-Application-Experience","eef54e71-0661-422d-9a98-82fd4940b820","Microsoft-Windows-Application-Experience/Program-Telemetry","116","3716","rjaf-PC4429","S-1-5-18","12/23/2013 3:19:26 AM",,,"c:\users\mac_1\desktop\winevt\logs\microsoft-windows-application-experience%4program-telemetry.evtx","System.UInt32[]","System.Diagnostics.Eventing.Reader.EventBookmark","Information","Info",,"System.Collections.ObjectModel.ReadOnlyCollection`1[System.String]","System.Collections.Generic.List`1[System.Diagnostics.Eventing.Reader.EventProperty]"
"The Application Impact Telemetry (AIT) Agent is not running because AIT is disabled.","701","0",,"4","0","0","1152921504606846976","26","Microsoft-Windows-Application-Experience","eef54e71-0661-422d-9a98-82fd4940b820","Microsoft-Windows-Application-Experience/Program-Telemetry","1092","3844","rjaf-PC4429","S-1-5-18","12/22/2013 8:07:19 AM",,,"c:\users\mac_1\desktop\winevt\logs\microsoft-windows-application-experience%4program-telemetry.evtx","System.UInt32[]","System.Diagnostics.Eventing.Reader.EventBookmark","Information","Info",,"System.Collections.ObjectModel.ReadOnlyCollection`1[System.String]","System.Collections.Generic.List`1[System.Diagnostics.Eventing.Reader.EventProperty]"
"The Application Impact Telemetry (AIT) Agent is not running because AIT is disabled.","701","0",,"4","0","0","1152921504606846976","25","Microsoft-Windows-Application-Experience","eef54e71-0661-422d-9a98-82fd4940b820","Microsoft-Windows-Application-Experience/Program-Telemetry","3756","3388","rjaf-PC4429","S-1-5-18","12/21/2013 2:00:07 PM",,,"c:\users\mac_1\desktop\winevt\logs\microsoft-windows-application-experience%4program-telemetry.evtx","System.UInt32[]","System.Diagnostics.Eventing.Reader.EventBookmark","Information","Info",,"System.Collections.ObjectModel.ReadOnlyCollection`1[System.String]","System.Collections.Generic.List`1[System.Diagnostics.Eventing.Reader.EventProperty]"
"Compatibility fix applied to C:\Program Files\Microsoft Office\Office12\POWERPNT.EXE.
Fix information: 000 Legacy Registry Entries (User Compat Flags), {C6E9C714-8E1E-482D-8012-973FDDDA8030}, 0x10101.","500","0",,"4","0","0","1152921504606846976","24","Microsoft-Windows-Application-Experience","eef54e71-0661-422d-9a98-82fd4940b820","Microsoft-Windows-Application-Experience/Program-Telemetry","4028","2868","rjaf-PC4429","S-1-5-21-1634558665-2257203147-3060767804-1000","12/21/2013 12:56:48 PM",,,"c:\users\mac_1\desktop\winevt\logs\microsoft-windows-application-experience%4program-telemetry.evtx","System.UInt32[]","System.Diagnostics.Eventing.Reader.EventBookmark","Information","Info",,"System.Collections.ObjectModel.ReadOnlyCollection`1[System.String]","System.Collections.Generic.List`1[System.Diagnostics.Eventing.Reader.EventProperty]"
"Compatibility fix applied to C:\Program Files\Microsoft Office\Office12\POWERPNT.EXE.
Fix information: Microsoft Office, {A771E438-63F0-414A-8E73-FDF1A3D53335}, 0x10101.","500","0",,"4","0","0","1152921504606846976","23","Microsoft-Windows-Application-Experience","eef54e71-0661-422d-9a98-82fd4940b820","Microsoft-Windows-Application-Experience/Program-Telemetry","4028","2868","rjaf-PC4429","S-1-5-21-1634558665-2257203147-3060767804-1000","12/21/2013 12:56:48 PM",,,"c:\users\mac_1\desktop\winevt\logs\microsoft-windows-application-experience%4program-telemetry.evtx","System.UInt32[]","System.Diagnostics.Eventing.Reader.EventBookmark","Information","Info",,"System.Collections.ObjectModel.ReadOnlyCollection`1[System.String]","System.Collections.Generic.List`1[System.Diagnostics.Eventing.Reader.EventProperty]"
"Compatibility fix applied to C:\Program Files\Microsoft Office\Office12\POWERPNT.EXE.
Fix information: Camtasia Studio, {B585CC02-B318-424C-B80A-3450EFE48B9F}, 0x10101.","500","0",,"4","0","0","1152921504606846976","22","Microsoft-Windows-Application-Experience","eef54e71-0661-422d-9a98-82fd4940b820","Microsoft-Windows-Application-Experience/Program-Telemetry","4028","2868","rjaf-PC4429","S-1-5-21-1634558665-2257203147-3060767804-1000","12/21/2013 12:56:48 PM",,,"c:\users\mac_1\desktop\winevt\logs\microsoft-windows-application-experience%4program-telemetry.evtx","System.UInt32[]","System.Diagnostics.Eventing.Reader.EventBookmark","Information","Info",,"System.Collections.ObjectModel.ReadOnlyCollection`1[System.String]","System.Collections.Generic.List`1[System.Diagnostics.Eventing.Reader.EventProperty]"
"The Application Impact Telemetry (AIT) Agent is not running because AIT is disabled.","701","0",,"4","0","0","1152921504606846976","21","Microsoft-Windows-Application-Experience","eef54e71-0661-422d-9a98-82fd4940b820","Microsoft-Windows-Application-Experience/Program-Telemetry","3948","456","rjaf-PC4429","S-1-5-18","12/19/2013 9:31:49 AM",,,"c:\users\mac_1\desktop\winevt\logs\microsoft-windows-application-experience%4program-telemetry.evtx","System.UInt32[]","System.Diagnostics.Eventing.Reader.EventBookmark","Information","Info",,"System.Collections.ObjectModel.ReadOnlyCollection`1[System.String]","System.Collections.Generic.List`1[System.Diagnostics.Eventing.Reader.EventProperty]"
"The Application Impact Telemetry (AIT) Agent is not running because AIT is disabled.","701","0",,"4","0","0","1152921504606846976","20","Microsoft-Windows-Application-Experience","eef54e71-0661-422d-9a98-82fd4940b820","Microsoft-Windows-Application-Experience/Program-Telemetry","2448","3900","rjaf-PC4429","S-1-5-18","12/18/2013 8:55:45 AM",,,"c:\users\mac_1\desktop\winevt\logs\microsoft-windows-application-experience%4program-telemetry.evtx","System.UInt32[]","System.Diagnostics.Eventing.Reader.EventBookmark","Information","Info",,"System.Collections.ObjectModel.ReadOnlyCollection`1[System.String]","System.Collections.Generic.List`1[System.Diagnostics.Eventing.Reader.EventProperty]"
"The Application Impact Telemetry (AIT) Agent is not running because AIT is disabled.","701","0",,"4","0","0","1152921504606846976","19","Microsoft-Windows-Application-Experience","eef54e71-0661-422d-9a98-82fd4940b820","Microsoft-Windows-Application-Experience/Program-Telemetry","3340","2064","rjaf-PC4429","S-1-5-18","12/17/2013 12:56:34 PM",,,"c:\users\mac_1\desktop\winevt\logs\microsoft-windows-application-experience%4program-telemetry.evtx","System.UInt32[]","System.Diagnostics.Eventing.Reader.EventBookmark","Information","Info",,"System.Collections.ObjectModel.ReadOnlyCollection`1[System.String]","System.Collections.Generic.List`1[System.Diagnostics.Eventing.Reader.EventProperty]"
"The Application Impact Telemetry (AIT) Agent is not running because AIT is disabled.","701","0",,"4","0","0","1152921504606846976","18","Microsoft-Windows-Application-Experience","eef54e71-0661-422d-9a98-82fd4940b820","Microsoft-Windows-Application-Experience/Program-Telemetry","3660","3276","rjaf-PC4429","S-1-5-18","12/16/2013 2:30:00 AM",,,"c:\users\mac_1\desktop\winevt\logs\microsoft-windows-application-experience%4program-telemetry.evtx","System.UInt32[]","System.Diagnostics.Eventing.Reader.EventBookmark","Information","Info",,"System.Collections.ObjectModel.ReadOnlyCollection`1[System.String]","System.Collections.Generic.List`1[System.Diagnostics.Eventing.Reader.EventProperty]"
"Compatibility fix applied to C:\Program Files\Microsoft Office\Office12\EXCEL.EXE.
Fix information: 000 Legacy Registry Entries (User Compat Flags), {3BE690E1-0665-430A-8F6D-89DDD4857989}, 0x10101.","500","0",,"4","0","0","1152921504606846976","17","Microsoft-Windows-Application-Experience","eef54e71-0661-422d-9a98-82fd4940b820","Microsoft-Windows-Application-Experience/Program-Telemetry","3884","656","rjaf-PC4429","S-1-5-21-1634558665-2257203147-3060767804-1000","12/16/2013 12:52:07 AM",,,"c:\users\mac_1\desktop\winevt\logs\microsoft-windows-application-experience%4program-telemetry.evtx","System.UInt32[]","System.Diagnostics.Eventing.Reader.EventBookmark","Information","Info",,"System.Collections.ObjectModel.ReadOnlyCollection`1[System.String]","System.Collections.Generic.List`1[System.Diagnostics.Eventing.Reader.EventProperty]"
"Compatibility fix applied to C:\Program Files\Microsoft Office\Office12\EXCEL.EXE.
Fix information: Excel 2007, {778758CD-1833-4633-940B-83EC39D5A309}, 0x10101.","500","0",,"4","0","0","1152921504606846976","16","Microsoft-Windows-Application-Experience","eef54e71-0661-422d-9a98-82fd4940b820","Microsoft-Windows-Application-Experience/Program-Telemetry","3884","656","rjaf-PC4429","S-1-5-21-1634558665-2257203147-3060767804-1000","12/16/2013 12:52:07 AM",,,"c:\users\mac_1\desktop\winevt\logs\microsoft-windows-application-experience%4program-telemetry.evtx","System.UInt32[]","System.Diagnostics.Eventing.Reader.EventBookmark","Information","Info",,"System.Collections.ObjectModel.ReadOnlyCollection`1[System.String]","System.Collections.Generic.List`1[System.Diagnostics.Eventing.Reader.EventProperty]"
"Compatibility fix applied to C:\Program Files\Microsoft Office\Office12\EXCEL.EXE.
Fix information: Microsoft Office, {8869EFC2-423B-4B6F-864E-87F205CFCCA0}, 0x10101.","500","0",,"4","0","0","1152921504606846976","15","Microsoft-Windows-Application-Experience","eef54e71-0661-422d-9a98-82fd4940b820","Microsoft-Windows-Application-Experience/Program-Telemetry","3884","656","rjaf-PC4429","S-1-5-21-1634558665-2257203147-3060767804-1000","12/16/2013 12:52:07 AM",,,"c:\users\mac_1\desktop\winevt\logs\microsoft-windows-application-experience%4program-telemetry.evtx","System.UInt32[]","System.Diagnostics.Eventing.Reader.EventBookmark","Information","Info",,"System.Collections.ObjectModel.ReadOnlyCollection`1[System.String]","System.Collections.Generic.List`1[System.Diagnostics.Eventing.Reader.EventProperty]"
"Compatibility fix applied to C:\Program Files\Realtek\Audio\InstallShield\RtlUpd.exe.
Fix information: WinXPSp2, {2B701A77-E38E-43BC-BE91-C14F1B610B3C}, 0x40102.","500","0",,"4","0","0","1152921504606846976","14","Microsoft-Windows-Application-Experience","eef54e71-0661-422d-9a98-82fd4940b820","Microsoft-Windows-Application-Experience/Program-Telemetry","424","3440","rjaf-PC4429","S-1-5-21-1634558665-2257203147-3060767804-1000","12/16/2013 12:14:54 AM",,,"c:\users\mac_1\desktop\winevt\logs\microsoft-windows-application-experience%4program-telemetry.evtx","System.UInt32[]","System.Diagnostics.Eventing.Reader.EventBookmark","Information","Info",,"System.Collections.ObjectModel.ReadOnlyCollection`1[System.String]","System.Collections.Generic.List`1[System.Diagnostics.Eventing.Reader.EventProperty]"
"Compatibility fix applied to C:\Program Files\Realtek\Audio\InstallShield\RtlUpd.exe.
Fix information: WinXPSp2, {2B701A77-E38E-43BC-BE91-C14F1B610B3C}, 0x40102.","500","0",,"4","0","0","1152921504606846976","13","Microsoft-Windows-Application-Experience","eef54e71-0661-422d-9a98-82fd4940b820","Microsoft-Windows-Application-Experience/Program-Telemetry","3636","2760","rjaf-PC4429","S-1-5-21-1634558665-2257203147-3060767804-1000","12/16/2013 12:14:53 AM",,,"c:\users\mac_1\desktop\winevt\logs\microsoft-windows-application-experience%4program-telemetry.evtx","System.UInt32[]","System.Diagnostics.Eventing.Reader.EventBookmark","Information","Info",,"System.Collections.ObjectModel.ReadOnlyCollection`1[System.String]","System.Collections.Generic.List`1[System.Diagnostics.Eventing.Reader.EventProperty]"
"Compatibility fix applied to C:\Windows\system32\DllHost.exe.
Fix information: WinXPSp2, {2B701A77-E38E-43BC-BE91-C14F1B610B3C}, 0x40102.","500","0",,"4","0","0","1152921504606846976","12","Microsoft-Windows-Application-Experience","eef54e71-0661-422d-9a98-82fd4940b820","Microsoft-Windows-Application-Experience/Program-Telemetry","3360","3348","rjaf-PC4429","S-1-5-21-1634558665-2257203147-3060767804-1000","12/16/2013 12:14:38 AM",,,"c:\users\mac_1\desktop\winevt\logs\microsoft-windows-application-experience%4program-telemetry.evtx","System.UInt32[]","System.Diagnostics.Eventing.Reader.EventBookmark","Information","Info",,"System.Collections.ObjectModel.ReadOnlyCollection`1[System.String]","System.Collections.Generic.List`1[System.Diagnostics.Eventing.Reader.EventProperty]"
"Compatibility fix applied to C:\Users\rjaf\Desktop\WDM_R191\WDM_R191\SetCDfmt.exe.
Fix information: WinXPSp2, {2B701A77-E38E-43BC-BE91-C14F1B610B3C}, 0x40102.","500","0",,"4","0","0","1152921504606846976","11","Microsoft-Windows-Application-Experience","eef54e71-0661-422d-9a98-82fd4940b820","Microsoft-Windows-Application-Experience/Program-Telemetry","2740","3820","rjaf-PC4429","S-1-5-21-1634558665-2257203147-3060767804-1000","12/16/2013 12:14:38 AM",,,"c:\users\mac_1\desktop\winevt\logs\microsoft-windows-application-experience%4program-telemetry.evtx","System.UInt32[]","System.Diagnostics.Eventing.Reader.EventBookmark","Information","Info",,"System.Collections.ObjectModel.ReadOnlyCollection`1[System.String]","System.Collections.Generic.List`1[System.Diagnostics.Eventing.Reader.EventProperty]"
"Compatibility fix applied to C:\Users\rjaf\Desktop\WDM_R191\WDM_R191\Setup.exe.
Fix information: WinXPSp2, {2B701A77-E38E-43BC-BE91-C14F1B610B3C}, 0x20102.","500","0",,"4","0","0","1152921504606846976","10","Microsoft-Windows-Application-Experience","eef54e71-0661-422d-9a98-82fd4940b820","Microsoft-Windows-Application-Experience/Program-Telemetry","3160","3320","rjaf-PC4429","S-1-5-21-1634558665-2257203147-3060767804-1000","12/16/2013 12:14:34 AM",,,"c:\users\mac_1\desktop\winevt\logs\microsoft-windows-application-experience%4program-telemetry.evtx","System.UInt32[]","System.Diagnostics.Eventing.Reader.EventBookmark","Information","Info",,"System.Collections.ObjectModel.ReadOnlyCollection`1[System.String]","System.Collections.Generic.List`1[System.Diagnostics.Eventing.Reader.EventProperty]"
"Compatibility fix applied to C:\Users\rjaf\Desktop\WDM_R191\WDM_R191\Setup.exe.
Fix information: WinXPSp2, {2B701A77-E38E-43BC-BE91-C14F1B610B3C}, 0x20102.","500","0",,"4","0","0","1152921504606846976","9","Microsoft-Windows-Application-Experience","eef54e71-0661-422d-9a98-82fd4940b820","Microsoft-Windows-Application-Experience/Program-Telemetry","3192","4056","rjaf-PC4429","S-1-5-21-1634558665-2257203147-3060767804-1000","12/16/2013 12:14:33 AM",,,"c:\users\mac_1\desktop\winevt\logs\microsoft-windows-application-experience%4program-telemetry.evtx","System.UInt32[]","System.Diagnostics.Eventing.Reader.EventBookmark","Information","Info",,"System.Collections.ObjectModel.ReadOnlyCollection`1[System.String]","System.Collections.Generic.List`1[System.Diagnostics.Eventing.Reader.EventProperty]"
"Compatibility fix applied to C:\Program Files\Microsoft Office\Office12\WINWORD.EXE.
Fix information: Microsoft Office, {6BB5749F-A9E2-4020-B370-6EC0EFBD64E4}, 0x10101.","500","0",,"4","0","0","1152921504606846976","8","Microsoft-Windows-Application-Experience","eef54e71-0661-422d-9a98-82fd4940b820","Microsoft-Windows-Application-Experience/Program-Telemetry","928","1452","rjaf-PC4429","S-1-5-21-1634558665-2257203147-3060767804-1000","12/15/2013 11:07:42 PM",,,"c:\users\mac_1\desktop\winevt\logs\microsoft-windows-application-experience%4program-telemetry.evtx","System.UInt32[]","System.Diagnostics.Eventing.Reader.EventBookmark","Information","Info",,"System.Collections.ObjectModel.ReadOnlyCollection`1[System.String]","System.Collections.Generic.List`1[System.Diagnostics.Eventing.Reader.EventProperty]"
"The Application Impact Telemetry (AIT) Agent is not running because AIT is disabled.","701","0",,"4","0","0","1152921504606846976","7","Microsoft-Windows-Application-Experience","eef54e71-0661-422d-9a98-82fd4940b820","Microsoft-Windows-Application-Experience/Program-Telemetry","2448","3384","rjaf-PC4429","S-1-5-18","12/15/2013 2:30:00 AM",,,"c:\users\mac_1\desktop\winevt\logs\microsoft-windows-application-experience%4program-telemetry.evtx","System.UInt32[]","System.Diagnostics.Eventing.Reader.EventBookmark","Information","Info",,"System.Collections.ObjectModel.ReadOnlyCollection`1[System.String]","System.Collections.Generic.List`1[System.Diagnostics.Eventing.Reader.EventProperty]"
"The Application Impact Telemetry (AIT) Agent is not running because AIT is disabled.","701","0",,"4","0","0","1152921504606846976","6","Microsoft-Windows-Application-Experience","eef54e71-0661-422d-9a98-82fd4940b820","Microsoft-Windows-Application-Experience/Program-Telemetry","3236","2564","rjaf-PC4429","S-1-5-18","12/14/2013 4:53:26 AM",,,"c:\users\mac_1\desktop\winevt\logs\microsoft-windows-application-experience%4program-telemetry.evtx","System.UInt32[]","System.Diagnostics.Eventing.Reader.EventBookmark","Information","Info",,"System.Collections.ObjectModel.ReadOnlyCollection`1[System.String]","System.Collections.Generic.List`1[System.Diagnostics.Eventing.Reader.EventProperty]"
"The Application Impact Telemetry (AIT) Agent is not running because AIT is disabled.","701","0",,"4","0","0","1152921504606846976","5","Microsoft-Windows-Application-Experience","eef54e71-0661-422d-9a98-82fd4940b820","Microsoft-Windows-Application-Experience/Program-Telemetry","2860","668","rjaf-PC4429","S-1-5-18","12/13/2013 7:49:53 AM",,,"c:\users\mac_1\desktop\winevt\logs\microsoft-windows-application-experience%4program-telemetry.evtx","System.UInt32[]","System.Diagnostics.Eventing.Reader.EventBookmark","Information","Info",,"System.Collections.ObjectModel.ReadOnlyCollection`1[System.String]","System.Collections.Generic.List`1[System.Diagnostics.Eventing.Reader.EventProperty]"
"The Application Impact Telemetry (AIT) Agent is not running because AIT is disabled.","701","0",,"4","0","0","1152921504606846976","4","Microsoft-Windows-Application-Experience","eef54e71-0661-422d-9a98-82fd4940b820","Microsoft-Windows-Application-Experience/Program-Telemetry","3740","3420","rjaf-PC4429","S-1-5-18","12/12/2013 7:44:58 AM",,,"c:\users\mac_1\desktop\winevt\logs\microsoft-windows-application-experience%4program-telemetry.evtx","System.UInt32[]","System.Diagnostics.Eventing.Reader.EventBookmark","Information","Info",,"System.Collections.ObjectModel.ReadOnlyCollection`1[System.String]","System.Collections.Generic.List`1[System.Diagnostics.Eventing.Reader.EventProperty]"
"Compatibility fix applied to C:\Program Files\Adobe\Acrobat 5.0\Reader\AcroRd32.exe.
Fix information: Adobe Acrobat 5, {2FADD937-8962-4118-9F0A-AF12B10F0714}, 0x10101.","500","0",,"4","0","0","1152921504606846976","3","Microsoft-Windows-Application-Experience","eef54e71-0661-422d-9a98-82fd4940b820","Microsoft-Windows-Application-Experience/Program-Telemetry","580","1800","rjaf-PC4429","S-1-5-21-1634558665-2257203147-3060767804-1000","12/10/2013 8:47:07 PM",,,"c:\users\mac_1\desktop\winevt\logs\microsoft-windows-application-experience%4program-telemetry.evtx","System.UInt32[]","System.Diagnostics.Eventing.Reader.EventBookmark","Information","Info",,"System.Collections.ObjectModel.ReadOnlyCollection`1[System.String]","System.Collections.Generic.List`1[System.Diagnostics.Eventing.Reader.EventProperty]"
"The Application Impact Telemetry (AIT) Agent is not running because AIT is disabled.","701","0",,"4","0","0","1152921504606846976","2","Microsoft-Windows-Application-Experience","eef54e71-0661-422d-9a98-82fd4940b820","Microsoft-Windows-Application-Experience/Program-Telemetry","1980","2304","rjaf-PC4429","S-1-5-18","12/10/2013 7:35:36 AM",,,"c:\users\mac_1\desktop\winevt\logs\microsoft-windows-application-experience%4program-telemetry.evtx","System.UInt32[]","System.Diagnostics.Eventing.Reader.EventBookmark","Information","Info",,"System.Collections.ObjectModel.ReadOnlyCollection`1[System.String]","System.Collections.Generic.List`1[System.Diagnostics.Eventing.Reader.EventProperty]"
"Compatibility fix applied to C:\Program Files\Microsoft Office\Office12\WINWORD.EXE.
Fix information: Microsoft Office, {6BB5749F-A9E2-4020-B370-6EC0EFBD64E4}, 0x10101.","500","0",,"4","0","0","1152921504606846976","1","Microsoft-Windows-Application-Experience","eef54e71-0661-422d-9a98-82fd4940b820","Microsoft-Windows-Application-Experience/Program-Telemetry","2856","3868","rjaf-PC","S-1-5-21-1634558665-2257203147-3060767804-1000","12/3/2013 9:19:09 PM",,,"c:\users\mac_1\desktop\winevt\logs\microsoft-windows-application-experience%4program-telemetry.evtx","System.UInt32[]","System.Diagnostics.Eventing.Reader.EventBookmark","Information","Info",,"System.Collections.ObjectModel.ReadOnlyCollection`1[System.String]","System.Collections.Generic.List`1[System.Diagnostics.Eventing.Reader.EventProperty]"
