"The diagnostic package index information was successfully loaded from C:\Windows\Diagnostics\Index\AudioPlaybackDiagnostic.xml.","2000","0",,"4","0","0","-9223372036854775808","220","Microsoft-Windows-Diagnosis-ScriptedDiagnosticsProvider","9363ccd9-d429-4452-9adb-2501e704b810","Microsoft-Windows-Diagnosis-ScriptedDiagnosticsProvider/Operational","2000","1604","rjaf-PC4429","S-1-5-21-1634558665-2257203147-3060767804-1000","4/25/2014 12:48:01 PM","4fd138ce-332f-4016-8524-f013760c1811",,"c:\users\mac_1\desktop\winevt\logs\microsoft-windows-diagnosis-scripteddiagnosticsprovider%4operational.evtx","System.UInt32[]","System.Diagnostics.Eventing.Reader.EventBookmark","Information","Info",,"System.Collections.ObjectModel.ReadOnlyCollection`1[System.String]","System.Collections.Generic.List`1[System.Diagnostics.Eventing.Reader.EventProperty]"
"Sending request to the remote server wer.microsoft.com at the URL path Responses/v1.0/8789/1033.1033/6.1.7600.1.0.0.0/4/Unknown.  Contents of the request are: Partner=ScriptedDiagnostics&OS=6.1&SP=0.0&Build=7600&SKU=4&Arch=0&Type=1&MobilePc=0&Internal=0&GeoId=244&BIOSMajorRelease=4&BIOSMinorRelease=6&Locale=en-US&LocaleFallback=en-US&OEM=Unknown&Model=Unknown&Family=To+be+filled+by+O.E.M&OEMSKU=To+be+filled+by+O.E.M.&BaseBoardOEM=Intel+Corporation&BaseBoardModel=DH61BF&BaseBoardVersion=AAG81311-101&BIOSVendor=Intel+Corp&BIOSVersion=BFH6110H.86A.0007.2012.1128.1459&BIOSReleaseDate=11Responses/v1.0/8789/1033.1033/6.1.7600.1.0.0.0/4/UnknownF28Responses/v1.0/8789/1033.1033/6.1.7600.1.0.0.0/4/UnknownF2012&id=AudioPlaybackDiagnostic.","3000","0",,"4","0","0","-9223372036854775808","219","Microsoft-Windows-Diagnosis-ScriptedDiagnosticsProvider","9363ccd9-d429-4452-9adb-2501e704b810","Microsoft-Windows-Diagnosis-ScriptedDiagnosticsProvider/Operational","2000","2172","rjaf-PC4429","S-1-5-21-1634558665-2257203147-3060767804-1000","4/25/2014 12:48:01 PM","4fd138ce-332f-4016-8524-f013760c1811",,"c:\users\mac_1\desktop\winevt\logs\microsoft-windows-diagnosis-scripteddiagnosticsprovider%4operational.evtx","System.UInt32[]","System.Diagnostics.Eventing.Reader.EventBookmark","Information","Info",,"System.Collections.ObjectModel.ReadOnlyCollection`1[System.String]","System.Collections.Generic.List`1[System.Diagnostics.Eventing.Reader.EventProperty]"
"The diagnostic package index information was successfully loaded from C:\Windows\Diagnostics\Index\AeroDiagnostic.xml.","2000","0",,"4","0","0","-9223372036854775808","218","Microsoft-Windows-Diagnosis-ScriptedDiagnosticsProvider","9363ccd9-d429-4452-9adb-2501e704b810","Microsoft-Windows-Diagnosis-ScriptedDiagnosticsProvider/Operational","2000","1604","rjaf-PC4429","S-1-5-21-1634558665-2257203147-3060767804-1000","4/25/2014 12:48:01 PM","4fd138ce-332f-4016-8524-f013760c1811",,"c:\users\mac_1\desktop\winevt\logs\microsoft-windows-diagnosis-scripteddiagnosticsprovider%4operational.evtx","System.UInt32[]","System.Diagnostics.Eventing.Reader.EventBookmark","Information","Info",,"System.Collections.ObjectModel.ReadOnlyCollection`1[System.String]","System.Collections.Generic.List`1[System.Diagnostics.Eventing.Reader.EventProperty]"
"The following system configuration will be used when querying content providers: OS Major Version (6); OS Minor Version (1); Service Pack Major (0); Service Pack Minor (0); Build Number (7600); Product Type (4); Processor Architecture (0); Culture (en-US); System Type (1); OEM (Unknown); Model (Unknown); IsMobilePc (false); IsInternal (false); GeoId (244); Family (To be filled by O.E.M); OEM SKU (To be filled by O.E.M.); Version (NULL); Base Board OEM (Intel Corporation); Base Board Model (DH61BF); Base Board Version (AAG81311-101); BIOS Vendor (Intel Corp); BIOS Version (BFH6110H.86A.0007.2012.1128.1459); BIOS Release Date (11/28/2012); BIOS Major Release (4); BIOS Minor Release (6); Embedded Controller Firmware Major Release (255); Embedded Controller Firmware Minor Release (255).","3014","0",,"4","0","0","-9223372036854775808","217","Microsoft-Windows-Diagnosis-ScriptedDiagnosticsProvider","9363ccd9-d429-4452-9adb-2501e704b810","Microsoft-Windows-Diagnosis-ScriptedDiagnosticsProvider/Operational","2000","2172","rjaf-PC4429","S-1-5-21-1634558665-2257203147-3060767804-1000","4/25/2014 12:48:01 PM","4fd138ce-332f-4016-8524-f013760c1811",,"c:\users\mac_1\desktop\winevt\logs\microsoft-windows-diagnosis-scripteddiagnosticsprovider%4operational.evtx","System.UInt32[]","System.Diagnostics.Eventing.Reader.EventBookmark","Information","Info",,"System.Collections.ObjectModel.ReadOnlyCollection`1[System.String]","System.Collections.Generic.List`1[System.Diagnostics.Eventing.Reader.EventProperty]"
"The Windows Scripted Diagnostic Provider API IDiagnosticProvider FindDiagnosticsBySearchMetadata method succeeded.  The input Culture/Locale was en-US.  The size of the result set was 1.","1000","0",,"4","0","0","-9223372036854775808","216","Microsoft-Windows-Diagnosis-ScriptedDiagnosticsProvider","9363ccd9-d429-4452-9adb-2501e704b810","Microsoft-Windows-Diagnosis-ScriptedDiagnosticsProvider/Operational","4928","3320","rjaf-PC4429","S-1-5-21-1634558665-2257203147-3060767804-1000","3/15/2014 4:52:56 AM","26405718-3383-4bf8-babc-049bad3afe23",,"c:\users\mac_1\desktop\winevt\logs\microsoft-windows-diagnosis-scripteddiagnosticsprovider%4operational.evtx","System.UInt32[]","System.Diagnostics.Eventing.Reader.EventBookmark","Information","Info",,"System.Collections.ObjectModel.ReadOnlyCollection`1[System.String]","System.Collections.Generic.List`1[System.Diagnostics.Eventing.Reader.EventProperty]"
"Parsed valid response from the remote server wer.microsoft.com at the URL path Responses/v1.0/8789/1033.1033/6.1.7600.1.0.0.0/4/Unknown.","3007","0",,"4","0","0","-9223372036854775808","215","Microsoft-Windows-Diagnosis-ScriptedDiagnosticsProvider","9363ccd9-d429-4452-9adb-2501e704b810","Microsoft-Windows-Diagnosis-ScriptedDiagnosticsProvider/Operational","4928","2332","rjaf-PC4429","S-1-5-21-1634558665-2257203147-3060767804-1000","3/15/2014 4:52:56 AM","26405718-3383-4bf8-babc-049bad3afe23",,"c:\users\mac_1\desktop\winevt\logs\microsoft-windows-diagnosis-scripteddiagnosticsprovider%4operational.evtx","System.UInt32[]","System.Diagnostics.Eventing.Reader.EventBookmark","Information","Info",,"System.Collections.ObjectModel.ReadOnlyCollection`1[System.String]","System.Collections.Generic.List`1[System.Diagnostics.Eventing.Reader.EventProperty]"
"Received response from the remote server wer.microsoft.com at the URL path Responses/v1.0/8789/1033.1033/6.1.7600.1.0.0.0/4/Unknown.","3006","0",,"4","0","0","-9223372036854775808","214","Microsoft-Windows-Diagnosis-ScriptedDiagnosticsProvider","9363ccd9-d429-4452-9adb-2501e704b810","Microsoft-Windows-Diagnosis-ScriptedDiagnosticsProvider/Operational","4928","2332","rjaf-PC4429","S-1-5-21-1634558665-2257203147-3060767804-1000","3/15/2014 4:52:56 AM","26405718-3383-4bf8-babc-049bad3afe23",,"c:\users\mac_1\desktop\winevt\logs\microsoft-windows-diagnosis-scripteddiagnosticsprovider%4operational.evtx","System.UInt32[]","System.Diagnostics.Eventing.Reader.EventBookmark","Information","Info",,"System.Collections.ObjectModel.ReadOnlyCollection`1[System.String]","System.Collections.Generic.List`1[System.Diagnostics.Eventing.Reader.EventProperty]"
"The Windows Scripted Diagnostic Provider API IDiagnosticProvider FindDiagnosticsBySearchMetadata method succeeded.  The input Culture/Locale was en-US.  The size of the result set was 1.","1000","0",,"4","0","0","-9223372036854775808","213","Microsoft-Windows-Diagnosis-ScriptedDiagnosticsProvider","9363ccd9-d429-4452-9adb-2501e704b810","Microsoft-Windows-Diagnosis-ScriptedDiagnosticsProvider/Operational","2272","864","rjaf-PC4429","S-1-5-21-1634558665-2257203147-3060767804-1000","3/15/2014 4:52:53 AM","62943a88-2e5d-408f-9a62-f914d6ef3a8a",,"c:\users\mac_1\desktop\winevt\logs\microsoft-windows-diagnosis-scripteddiagnosticsprovider%4operational.evtx","System.UInt32[]","System.Diagnostics.Eventing.Reader.EventBookmark","Information","Info",,"System.Collections.ObjectModel.ReadOnlyCollection`1[System.String]","System.Collections.Generic.List`1[System.Diagnostics.Eventing.Reader.EventProperty]"
"Parsed valid response from the remote server wer.microsoft.com at the URL path Responses/v1.0/8789/1033.1033/6.1.7600.1.0.0.0/4/Unknown.","3007","0",,"4","0","0","-9223372036854775808","212","Microsoft-Windows-Diagnosis-ScriptedDiagnosticsProvider","9363ccd9-d429-4452-9adb-2501e704b810","Microsoft-Windows-Diagnosis-ScriptedDiagnosticsProvider/Operational","2272","4168","rjaf-PC4429","S-1-5-21-1634558665-2257203147-3060767804-1000","3/15/2014 4:52:53 AM","62943a88-2e5d-408f-9a62-f914d6ef3a8a",,"c:\users\mac_1\desktop\winevt\logs\microsoft-windows-diagnosis-scripteddiagnosticsprovider%4operational.evtx","System.UInt32[]","System.Diagnostics.Eventing.Reader.EventBookmark","Information","Info",,"System.Collections.ObjectModel.ReadOnlyCollection`1[System.String]","System.Collections.Generic.List`1[System.Diagnostics.Eventing.Reader.EventProperty]"
"Received response from the remote server wer.microsoft.com at the URL path Responses/v1.0/8789/1033.1033/6.1.7600.1.0.0.0/4/Unknown.","3006","0",,"4","0","0","-9223372036854775808","211","Microsoft-Windows-Diagnosis-ScriptedDiagnosticsProvider","9363ccd9-d429-4452-9adb-2501e704b810","Microsoft-Windows-Diagnosis-ScriptedDiagnosticsProvider/Operational","2272","4168","rjaf-PC4429","S-1-5-21-1634558665-2257203147-3060767804-1000","3/15/2014 4:52:53 AM","62943a88-2e5d-408f-9a62-f914d6ef3a8a",,"c:\users\mac_1\desktop\winevt\logs\microsoft-windows-diagnosis-scripteddiagnosticsprovider%4operational.evtx","System.UInt32[]","System.Diagnostics.Eventing.Reader.EventBookmark","Information","Info",,"System.Collections.ObjectModel.ReadOnlyCollection`1[System.String]","System.Collections.Generic.List`1[System.Diagnostics.Eventing.Reader.EventProperty]"
"Sending request to the remote server wer.microsoft.com at the URL path Responses/v1.0/8789/1033.1033/6.1.7600.1.0.0.0/4/Unknown.  Contents of the request are: Partner=ScriptedDiagnostics&OS=6.1&SP=0.0&Build=7600&SKU=4&Arch=0&Type=1&MobilePc=0&Internal=0&GeoId=244&BIOSMajorRelease=4&BIOSMinorRelease=6&Locale=en-US&LocaleFallback=en-US&OEM=Unknown&Model=Unknown&Family=To+be+filled+by+O.E.M&OEMSKU=To+be+filled+by+O.E.M.&BaseBoardOEM=Intel+Corporation&BaseBoardModel=DH61BF&BaseBoardVersion=AAG81311-101&BIOSVendor=Intel+Corp&BIOSVersion=BFH6110H.86A.0007.2012.1128.1459&BIOSReleaseDate=11Responses/v1.0/8789/1033.1033/6.1.7600.1.0.0.0/4/UnknownF28Responses/v1.0/8789/1033.1033/6.1.7600.1.0.0.0/4/UnknownF2012&id=AudioPlaybackDiagnostic.","3000","0",,"4","0","0","-9223372036854775808","210","Microsoft-Windows-Diagnosis-ScriptedDiagnosticsProvider","9363ccd9-d429-4452-9adb-2501e704b810","Microsoft-Windows-Diagnosis-ScriptedDiagnosticsProvider/Operational","4928","2332","rjaf-PC4429","S-1-5-21-1634558665-2257203147-3060767804-1000","3/15/2014 4:52:50 AM","26405718-3383-4bf8-babc-049bad3afe23",,"c:\users\mac_1\desktop\winevt\logs\microsoft-windows-diagnosis-scripteddiagnosticsprovider%4operational.evtx","System.UInt32[]","System.Diagnostics.Eventing.Reader.EventBookmark","Information","Info",,"System.Collections.ObjectModel.ReadOnlyCollection`1[System.String]","System.Collections.Generic.List`1[System.Diagnostics.Eventing.Reader.EventProperty]"
"The diagnostic package index information was successfully loaded from C:\Windows\Diagnostics\Index\AudioPlaybackDiagnostic.xml.","2000","0",,"4","0","0","-9223372036854775808","209","Microsoft-Windows-Diagnosis-ScriptedDiagnosticsProvider","9363ccd9-d429-4452-9adb-2501e704b810","Microsoft-Windows-Diagnosis-ScriptedDiagnosticsProvider/Operational","4928","3548","rjaf-PC4429","S-1-5-21-1634558665-2257203147-3060767804-1000","3/15/2014 4:52:50 AM","26405718-3383-4bf8-babc-049bad3afe23",,"c:\users\mac_1\desktop\winevt\logs\microsoft-windows-diagnosis-scripteddiagnosticsprovider%4operational.evtx","System.UInt32[]","System.Diagnostics.Eventing.Reader.EventBookmark","Information","Info",,"System.Collections.ObjectModel.ReadOnlyCollection`1[System.String]","System.Collections.Generic.List`1[System.Diagnostics.Eventing.Reader.EventProperty]"
"The following system configuration will be used when querying content providers: OS Major Version (6); OS Minor Version (1); Service Pack Major (0); Service Pack Minor (0); Build Number (7600); Product Type (4); Processor Architecture (0); Culture (en-US); System Type (1); OEM (Unknown); Model (Unknown); IsMobilePc (false); IsInternal (false); GeoId (244); Family (To be filled by O.E.M); OEM SKU (To be filled by O.E.M.); Version (NULL); Base Board OEM (Intel Corporation); Base Board Model (DH61BF); Base Board Version (AAG81311-101); BIOS Vendor (Intel Corp); BIOS Version (BFH6110H.86A.0007.2012.1128.1459); BIOS Release Date (11/28/2012); BIOS Major Release (4); BIOS Minor Release (6); Embedded Controller Firmware Major Release (255); Embedded Controller Firmware Minor Release (255).","3014","0",,"4","0","0","-9223372036854775808","208","Microsoft-Windows-Diagnosis-ScriptedDiagnosticsProvider","9363ccd9-d429-4452-9adb-2501e704b810","Microsoft-Windows-Diagnosis-ScriptedDiagnosticsProvider/Operational","4928","2332","rjaf-PC4429","S-1-5-21-1634558665-2257203147-3060767804-1000","3/15/2014 4:52:50 AM","26405718-3383-4bf8-babc-049bad3afe23",,"c:\users\mac_1\desktop\winevt\logs\microsoft-windows-diagnosis-scripteddiagnosticsprovider%4operational.evtx","System.UInt32[]","System.Diagnostics.Eventing.Reader.EventBookmark","Information","Info",,"System.Collections.ObjectModel.ReadOnlyCollection`1[System.String]","System.Collections.Generic.List`1[System.Diagnostics.Eventing.Reader.EventProperty]"
"The diagnostic package index information was successfully loaded from C:\Windows\Diagnostics\Index\AeroDiagnostic.xml.","2000","0",,"4","0","0","-9223372036854775808","207","Microsoft-Windows-Diagnosis-ScriptedDiagnosticsProvider","9363ccd9-d429-4452-9adb-2501e704b810","Microsoft-Windows-Diagnosis-ScriptedDiagnosticsProvider/Operational","4928","3548","rjaf-PC4429","S-1-5-21-1634558665-2257203147-3060767804-1000","3/15/2014 4:52:50 AM","26405718-3383-4bf8-babc-049bad3afe23",,"c:\users\mac_1\desktop\winevt\logs\microsoft-windows-diagnosis-scripteddiagnosticsprovider%4operational.evtx","System.UInt32[]","System.Diagnostics.Eventing.Reader.EventBookmark","Information","Info",,"System.Collections.ObjectModel.ReadOnlyCollection`1[System.String]","System.Collections.Generic.List`1[System.Diagnostics.Eventing.Reader.EventProperty]"
"Sending request to the remote server wer.microsoft.com at the URL path Responses/v1.0/8789/1033.1033/6.1.7600.1.0.0.0/4/Unknown.  Contents of the request are: Partner=ScriptedDiagnostics&OS=6.1&SP=0.0&Build=7600&SKU=4&Arch=0&Type=1&MobilePc=0&Internal=0&GeoId=244&BIOSMajorRelease=4&BIOSMinorRelease=6&Locale=en-US&LocaleFallback=en-US&OEM=Unknown&Model=Unknown&Family=To+be+filled+by+O.E.M&OEMSKU=To+be+filled+by+O.E.M.&BaseBoardOEM=Intel+Corporation&BaseBoardModel=DH61BF&BaseBoardVersion=AAG81311-101&BIOSVendor=Intel+Corp&BIOSVersion=BFH6110H.86A.0007.2012.1128.1459&BIOSReleaseDate=11Responses/v1.0/8789/1033.1033/6.1.7600.1.0.0.0/4/UnknownF28Responses/v1.0/8789/1033.1033/6.1.7600.1.0.0.0/4/UnknownF2012&id=AudioPlaybackDiagnostic.","3000","0",,"4","0","0","-9223372036854775808","206","Microsoft-Windows-Diagnosis-ScriptedDiagnosticsProvider","9363ccd9-d429-4452-9adb-2501e704b810","Microsoft-Windows-Diagnosis-ScriptedDiagnosticsProvider/Operational","2272","4168","rjaf-PC4429","S-1-5-21-1634558665-2257203147-3060767804-1000","3/15/2014 4:52:50 AM","62943a88-2e5d-408f-9a62-f914d6ef3a8a",,"c:\users\mac_1\desktop\winevt\logs\microsoft-windows-diagnosis-scripteddiagnosticsprovider%4operational.evtx","System.UInt32[]","System.Diagnostics.Eventing.Reader.EventBookmark","Information","Info",,"System.Collections.ObjectModel.ReadOnlyCollection`1[System.String]","System.Collections.Generic.List`1[System.Diagnostics.Eventing.Reader.EventProperty]"
"The Windows Scripted Diagnostic Provider API IDiagnosticProvider FindDiagnosticsBySearchMetadata method succeeded.  The input Culture/Locale was en-US.  The size of the result set was 1.","1000","0",,"4","0","0","-9223372036854775808","205","Microsoft-Windows-Diagnosis-ScriptedDiagnosticsProvider","9363ccd9-d429-4452-9adb-2501e704b810","Microsoft-Windows-Diagnosis-ScriptedDiagnosticsProvider/Operational","3052","4768","rjaf-PC4429","S-1-5-21-1634558665-2257203147-3060767804-1000","3/15/2014 4:52:50 AM","1ab0fa74-5e97-4141-b7d8-35c522c6067b",,"c:\users\mac_1\desktop\winevt\logs\microsoft-windows-diagnosis-scripteddiagnosticsprovider%4operational.evtx","System.UInt32[]","System.Diagnostics.Eventing.Reader.EventBookmark","Information","Info",,"System.Collections.ObjectModel.ReadOnlyCollection`1[System.String]","System.Collections.Generic.List`1[System.Diagnostics.Eventing.Reader.EventProperty]"
"Parsed valid response from the remote server wer.microsoft.com at the URL path Responses/v1.0/8789/1033.1033/6.1.7600.1.0.0.0/4/Unknown.","3007","0",,"4","0","0","-9223372036854775808","204","Microsoft-Windows-Diagnosis-ScriptedDiagnosticsProvider","9363ccd9-d429-4452-9adb-2501e704b810","Microsoft-Windows-Diagnosis-ScriptedDiagnosticsProvider/Operational","3052","4040","rjaf-PC4429","S-1-5-21-1634558665-2257203147-3060767804-1000","3/15/2014 4:52:50 AM","1ab0fa74-5e97-4141-b7d8-35c522c6067b",,"c:\users\mac_1\desktop\winevt\logs\microsoft-windows-diagnosis-scripteddiagnosticsprovider%4operational.evtx","System.UInt32[]","System.Diagnostics.Eventing.Reader.EventBookmark","Information","Info",,"System.Collections.ObjectModel.ReadOnlyCollection`1[System.String]","System.Collections.Generic.List`1[System.Diagnostics.Eventing.Reader.EventProperty]"
"Received response from the remote server wer.microsoft.com at the URL path Responses/v1.0/8789/1033.1033/6.1.7600.1.0.0.0/4/Unknown.","3006","0",,"4","0","0","-9223372036854775808","203","Microsoft-Windows-Diagnosis-ScriptedDiagnosticsProvider","9363ccd9-d429-4452-9adb-2501e704b810","Microsoft-Windows-Diagnosis-ScriptedDiagnosticsProvider/Operational","3052","4040","rjaf-PC4429","S-1-5-21-1634558665-2257203147-3060767804-1000","3/15/2014 4:52:50 AM","1ab0fa74-5e97-4141-b7d8-35c522c6067b",,"c:\users\mac_1\desktop\winevt\logs\microsoft-windows-diagnosis-scripteddiagnosticsprovider%4operational.evtx","System.UInt32[]","System.Diagnostics.Eventing.Reader.EventBookmark","Information","Info",,"System.Collections.ObjectModel.ReadOnlyCollection`1[System.String]","System.Collections.Generic.List`1[System.Diagnostics.Eventing.Reader.EventProperty]"
"The diagnostic package index information was successfully loaded from C:\Windows\Diagnostics\Index\AudioPlaybackDiagnostic.xml.","2000","0",,"4","0","0","-9223372036854775808","202","Microsoft-Windows-Diagnosis-ScriptedDiagnosticsProvider","9363ccd9-d429-4452-9adb-2501e704b810","Microsoft-Windows-Diagnosis-ScriptedDiagnosticsProvider/Operational","2272","4536","rjaf-PC4429","S-1-5-21-1634558665-2257203147-3060767804-1000","3/15/2014 4:52:50 AM","62943a88-2e5d-408f-9a62-f914d6ef3a8a",,"c:\users\mac_1\desktop\winevt\logs\microsoft-windows-diagnosis-scripteddiagnosticsprovider%4operational.evtx","System.UInt32[]","System.Diagnostics.Eventing.Reader.EventBookmark","Information","Info",,"System.Collections.ObjectModel.ReadOnlyCollection`1[System.String]","System.Collections.Generic.List`1[System.Diagnostics.Eventing.Reader.EventProperty]"
"The following system configuration will be used when querying content providers: OS Major Version (6); OS Minor Version (1); Service Pack Major (0); Service Pack Minor (0); Build Number (7600); Product Type (4); Processor Architecture (0); Culture (en-US); System Type (1); OEM (Unknown); Model (Unknown); IsMobilePc (false); IsInternal (false); GeoId (244); Family (To be filled by O.E.M); OEM SKU (To be filled by O.E.M.); Version (NULL); Base Board OEM (Intel Corporation); Base Board Model (DH61BF); Base Board Version (AAG81311-101); BIOS Vendor (Intel Corp); BIOS Version (BFH6110H.86A.0007.2012.1128.1459); BIOS Release Date (11/28/2012); BIOS Major Release (4); BIOS Minor Release (6); Embedded Controller Firmware Major Release (255); Embedded Controller Firmware Minor Release (255).","3014","0",,"4","0","0","-9223372036854775808","201","Microsoft-Windows-Diagnosis-ScriptedDiagnosticsProvider","9363ccd9-d429-4452-9adb-2501e704b810","Microsoft-Windows-Diagnosis-ScriptedDiagnosticsProvider/Operational","2272","4168","rjaf-PC4429","S-1-5-21-1634558665-2257203147-3060767804-1000","3/15/2014 4:52:50 AM","62943a88-2e5d-408f-9a62-f914d6ef3a8a",,"c:\users\mac_1\desktop\winevt\logs\microsoft-windows-diagnosis-scripteddiagnosticsprovider%4operational.evtx","System.UInt32[]","System.Diagnostics.Eventing.Reader.EventBookmark","Information","Info",,"System.Collections.ObjectModel.ReadOnlyCollection`1[System.String]","System.Collections.Generic.List`1[System.Diagnostics.Eventing.Reader.EventProperty]"
"The diagnostic package index information was successfully loaded from C:\Windows\Diagnostics\Index\AeroDiagnostic.xml.","2000","0",,"4","0","0","-9223372036854775808","200","Microsoft-Windows-Diagnosis-ScriptedDiagnosticsProvider","9363ccd9-d429-4452-9adb-2501e704b810","Microsoft-Windows-Diagnosis-ScriptedDiagnosticsProvider/Operational","2272","4536","rjaf-PC4429","S-1-5-21-1634558665-2257203147-3060767804-1000","3/15/2014 4:52:50 AM","62943a88-2e5d-408f-9a62-f914d6ef3a8a",,"c:\users\mac_1\desktop\winevt\logs\microsoft-windows-diagnosis-scripteddiagnosticsprovider%4operational.evtx","System.UInt32[]","System.Diagnostics.Eventing.Reader.EventBookmark","Information","Info",,"System.Collections.ObjectModel.ReadOnlyCollection`1[System.String]","System.Collections.Generic.List`1[System.Diagnostics.Eventing.Reader.EventProperty]"
"Sending request to the remote server wer.microsoft.com at the URL path Responses/v1.0/8789/1033.1033/6.1.7600.1.0.0.0/4/Unknown.  Contents of the request are: Partner=ScriptedDiagnostics&OS=6.1&SP=0.0&Build=7600&SKU=4&Arch=0&Type=1&MobilePc=0&Internal=0&GeoId=244&BIOSMajorRelease=4&BIOSMinorRelease=6&Locale=en-US&LocaleFallback=en-US&OEM=Unknown&Model=Unknown&Family=To+be+filled+by+O.E.M&OEMSKU=To+be+filled+by+O.E.M.&BaseBoardOEM=Intel+Corporation&BaseBoardModel=DH61BF&BaseBoardVersion=AAG81311-101&BIOSVendor=Intel+Corp&BIOSVersion=BFH6110H.86A.0007.2012.1128.1459&BIOSReleaseDate=11Responses/v1.0/8789/1033.1033/6.1.7600.1.0.0.0/4/UnknownF28Responses/v1.0/8789/1033.1033/6.1.7600.1.0.0.0/4/UnknownF2012&id=AudioPlaybackDiagnostic.","3000","0",,"4","0","0","-9223372036854775808","199","Microsoft-Windows-Diagnosis-ScriptedDiagnosticsProvider","9363ccd9-d429-4452-9adb-2501e704b810","Microsoft-Windows-Diagnosis-ScriptedDiagnosticsProvider/Operational","3052","4040","rjaf-PC4429","S-1-5-21-1634558665-2257203147-3060767804-1000","3/15/2014 4:52:46 AM","1ab0fa74-5e97-4141-b7d8-35c522c6067b",,"c:\users\mac_1\desktop\winevt\logs\microsoft-windows-diagnosis-scripteddiagnosticsprovider%4operational.evtx","System.UInt32[]","System.Diagnostics.Eventing.Reader.EventBookmark","Information","Info",,"System.Collections.ObjectModel.ReadOnlyCollection`1[System.String]","System.Collections.Generic.List`1[System.Diagnostics.Eventing.Reader.EventProperty]"
"The diagnostic package index information was successfully loaded from C:\Windows\Diagnostics\Index\AudioPlaybackDiagnostic.xml.","2000","0",,"4","0","0","-9223372036854775808","198","Microsoft-Windows-Diagnosis-ScriptedDiagnosticsProvider","9363ccd9-d429-4452-9adb-2501e704b810","Microsoft-Windows-Diagnosis-ScriptedDiagnosticsProvider/Operational","3052","5324","rjaf-PC4429","S-1-5-21-1634558665-2257203147-3060767804-1000","3/15/2014 4:52:46 AM","1ab0fa74-5e97-4141-b7d8-35c522c6067b",,"c:\users\mac_1\desktop\winevt\logs\microsoft-windows-diagnosis-scripteddiagnosticsprovider%4operational.evtx","System.UInt32[]","System.Diagnostics.Eventing.Reader.EventBookmark","Information","Info",,"System.Collections.ObjectModel.ReadOnlyCollection`1[System.String]","System.Collections.Generic.List`1[System.Diagnostics.Eventing.Reader.EventProperty]"
"The following system configuration will be used when querying content providers: OS Major Version (6); OS Minor Version (1); Service Pack Major (0); Service Pack Minor (0); Build Number (7600); Product Type (4); Processor Architecture (0); Culture (en-US); System Type (1); OEM (Unknown); Model (Unknown); IsMobilePc (false); IsInternal (false); GeoId (244); Family (To be filled by O.E.M); OEM SKU (To be filled by O.E.M.); Version (NULL); Base Board OEM (Intel Corporation); Base Board Model (DH61BF); Base Board Version (AAG81311-101); BIOS Vendor (Intel Corp); BIOS Version (BFH6110H.86A.0007.2012.1128.1459); BIOS Release Date (11/28/2012); BIOS Major Release (4); BIOS Minor Release (6); Embedded Controller Firmware Major Release (255); Embedded Controller Firmware Minor Release (255).","3014","0",,"4","0","0","-9223372036854775808","197","Microsoft-Windows-Diagnosis-ScriptedDiagnosticsProvider","9363ccd9-d429-4452-9adb-2501e704b810","Microsoft-Windows-Diagnosis-ScriptedDiagnosticsProvider/Operational","3052","4040","rjaf-PC4429","S-1-5-21-1634558665-2257203147-3060767804-1000","3/15/2014 4:52:46 AM","1ab0fa74-5e97-4141-b7d8-35c522c6067b",,"c:\users\mac_1\desktop\winevt\logs\microsoft-windows-diagnosis-scripteddiagnosticsprovider%4operational.evtx","System.UInt32[]","System.Diagnostics.Eventing.Reader.EventBookmark","Information","Info",,"System.Collections.ObjectModel.ReadOnlyCollection`1[System.String]","System.Collections.Generic.List`1[System.Diagnostics.Eventing.Reader.EventProperty]"
"The diagnostic package index information was successfully loaded from C:\Windows\Diagnostics\Index\AeroDiagnostic.xml.","2000","0",,"4","0","0","-9223372036854775808","196","Microsoft-Windows-Diagnosis-ScriptedDiagnosticsProvider","9363ccd9-d429-4452-9adb-2501e704b810","Microsoft-Windows-Diagnosis-ScriptedDiagnosticsProvider/Operational","3052","5324","rjaf-PC4429","S-1-5-21-1634558665-2257203147-3060767804-1000","3/15/2014 4:52:46 AM","1ab0fa74-5e97-4141-b7d8-35c522c6067b",,"c:\users\mac_1\desktop\winevt\logs\microsoft-windows-diagnosis-scripteddiagnosticsprovider%4operational.evtx","System.UInt32[]","System.Diagnostics.Eventing.Reader.EventBookmark","Information","Info",,"System.Collections.ObjectModel.ReadOnlyCollection`1[System.String]","System.Collections.Generic.List`1[System.Diagnostics.Eventing.Reader.EventProperty]"
"The Windows Scripted Diagnostic Provider API IDiagnosticProvider FindDiagnosticsBySearchMetadata method succeeded.  The input Culture/Locale was en-US.  The size of the result set was 1.","1000","0",,"4","0","0","-9223372036854775808","195","Microsoft-Windows-Diagnosis-ScriptedDiagnosticsProvider","9363ccd9-d429-4452-9adb-2501e704b810","Microsoft-Windows-Diagnosis-ScriptedDiagnosticsProvider/Operational","4596","3992","rjaf-PC4429","S-1-5-21-1634558665-2257203147-3060767804-1000","3/15/2014 4:52:38 AM","82fcf7af-07de-4ab4-aa3d-e8cea9a66776",,"c:\users\mac_1\desktop\winevt\logs\microsoft-windows-diagnosis-scripteddiagnosticsprovider%4operational.evtx","System.UInt32[]","System.Diagnostics.Eventing.Reader.EventBookmark","Information","Info",,"System.Collections.ObjectModel.ReadOnlyCollection`1[System.String]","System.Collections.Generic.List`1[System.Diagnostics.Eventing.Reader.EventProperty]"
"Parsed valid response from the remote server wer.microsoft.com at the URL path Responses/v1.0/8789/1033.1033/6.1.7600.1.0.0.0/4/Unknown.","3007","0",,"4","0","0","-9223372036854775808","194","Microsoft-Windows-Diagnosis-ScriptedDiagnosticsProvider","9363ccd9-d429-4452-9adb-2501e704b810","Microsoft-Windows-Diagnosis-ScriptedDiagnosticsProvider/Operational","4596","5736","rjaf-PC4429","S-1-5-21-1634558665-2257203147-3060767804-1000","3/15/2014 4:52:38 AM","82fcf7af-07de-4ab4-aa3d-e8cea9a66776",,"c:\users\mac_1\desktop\winevt\logs\microsoft-windows-diagnosis-scripteddiagnosticsprovider%4operational.evtx","System.UInt32[]","System.Diagnostics.Eventing.Reader.EventBookmark","Information","Info",,"System.Collections.ObjectModel.ReadOnlyCollection`1[System.String]","System.Collections.Generic.List`1[System.Diagnostics.Eventing.Reader.EventProperty]"
"Received response from the remote server wer.microsoft.com at the URL path Responses/v1.0/8789/1033.1033/6.1.7600.1.0.0.0/4/Unknown.","3006","0",,"4","0","0","-9223372036854775808","193","Microsoft-Windows-Diagnosis-ScriptedDiagnosticsProvider","9363ccd9-d429-4452-9adb-2501e704b810","Microsoft-Windows-Diagnosis-ScriptedDiagnosticsProvider/Operational","4596","5736","rjaf-PC4429","S-1-5-21-1634558665-2257203147-3060767804-1000","3/15/2014 4:52:38 AM","82fcf7af-07de-4ab4-aa3d-e8cea9a66776",,"c:\users\mac_1\desktop\winevt\logs\microsoft-windows-diagnosis-scripteddiagnosticsprovider%4operational.evtx","System.UInt32[]","System.Diagnostics.Eventing.Reader.EventBookmark","Information","Info",,"System.Collections.ObjectModel.ReadOnlyCollection`1[System.String]","System.Collections.Generic.List`1[System.Diagnostics.Eventing.Reader.EventProperty]"
"The diagnostic package index information was successfully loaded from C:\Windows\Diagnostics\Index\AudioPlaybackDiagnostic.xml.","2000","0",,"4","0","0","-9223372036854775808","192","Microsoft-Windows-Diagnosis-ScriptedDiagnosticsProvider","9363ccd9-d429-4452-9adb-2501e704b810","Microsoft-Windows-Diagnosis-ScriptedDiagnosticsProvider/Operational","4596","5216","rjaf-PC4429","S-1-5-21-1634558665-2257203147-3060767804-1000","3/15/2014 4:52:35 AM","82fcf7af-07de-4ab4-aa3d-e8cea9a66776",,"c:\users\mac_1\desktop\winevt\logs\microsoft-windows-diagnosis-scripteddiagnosticsprovider%4operational.evtx","System.UInt32[]","System.Diagnostics.Eventing.Reader.EventBookmark","Information","Info",,"System.Collections.ObjectModel.ReadOnlyCollection`1[System.String]","System.Collections.Generic.List`1[System.Diagnostics.Eventing.Reader.EventProperty]"
"Sending request to the remote server wer.microsoft.com at the URL path Responses/v1.0/8789/1033.1033/6.1.7600.1.0.0.0/4/Unknown.  Contents of the request are: Partner=ScriptedDiagnostics&OS=6.1&SP=0.0&Build=7600&SKU=4&Arch=0&Type=1&MobilePc=0&Internal=0&GeoId=244&BIOSMajorRelease=4&BIOSMinorRelease=6&Locale=en-US&LocaleFallback=en-US&OEM=Unknown&Model=Unknown&Family=To+be+filled+by+O.E.M&OEMSKU=To+be+filled+by+O.E.M.&BaseBoardOEM=Intel+Corporation&BaseBoardModel=DH61BF&BaseBoardVersion=AAG81311-101&BIOSVendor=Intel+Corp&BIOSVersion=BFH6110H.86A.0007.2012.1128.1459&BIOSReleaseDate=11Responses/v1.0/8789/1033.1033/6.1.7600.1.0.0.0/4/UnknownF28Responses/v1.0/8789/1033.1033/6.1.7600.1.0.0.0/4/UnknownF2012&id=AudioPlaybackDiagnostic.","3000","0",,"4","0","0","-9223372036854775808","191","Microsoft-Windows-Diagnosis-ScriptedDiagnosticsProvider","9363ccd9-d429-4452-9adb-2501e704b810","Microsoft-Windows-Diagnosis-ScriptedDiagnosticsProvider/Operational","4596","5736","rjaf-PC4429","S-1-5-21-1634558665-2257203147-3060767804-1000","3/15/2014 4:52:35 AM","82fcf7af-07de-4ab4-aa3d-e8cea9a66776",,"c:\users\mac_1\desktop\winevt\logs\microsoft-windows-diagnosis-scripteddiagnosticsprovider%4operational.evtx","System.UInt32[]","System.Diagnostics.Eventing.Reader.EventBookmark","Information","Info",,"System.Collections.ObjectModel.ReadOnlyCollection`1[System.String]","System.Collections.Generic.List`1[System.Diagnostics.Eventing.Reader.EventProperty]"
"The diagnostic package index information was successfully loaded from C:\Windows\Diagnostics\Index\AeroDiagnostic.xml.","2000","0",,"4","0","0","-9223372036854775808","190","Microsoft-Windows-Diagnosis-ScriptedDiagnosticsProvider","9363ccd9-d429-4452-9adb-2501e704b810","Microsoft-Windows-Diagnosis-ScriptedDiagnosticsProvider/Operational","4596","5216","rjaf-PC4429","S-1-5-21-1634558665-2257203147-3060767804-1000","3/15/2014 4:52:35 AM","82fcf7af-07de-4ab4-aa3d-e8cea9a66776",,"c:\users\mac_1\desktop\winevt\logs\microsoft-windows-diagnosis-scripteddiagnosticsprovider%4operational.evtx","System.UInt32[]","System.Diagnostics.Eventing.Reader.EventBookmark","Information","Info",,"System.Collections.ObjectModel.ReadOnlyCollection`1[System.String]","System.Collections.Generic.List`1[System.Diagnostics.Eventing.Reader.EventProperty]"
"The following system configuration will be used when querying content providers: OS Major Version (6); OS Minor Version (1); Service Pack Major (0); Service Pack Minor (0); Build Number (7600); Product Type (4); Processor Architecture (0); Culture (en-US); System Type (1); OEM (Unknown); Model (Unknown); IsMobilePc (false); IsInternal (false); GeoId (244); Family (To be filled by O.E.M); OEM SKU (To be filled by O.E.M.); Version (NULL); Base Board OEM (Intel Corporation); Base Board Model (DH61BF); Base Board Version (AAG81311-101); BIOS Vendor (Intel Corp); BIOS Version (BFH6110H.86A.0007.2012.1128.1459); BIOS Release Date (11/28/2012); BIOS Major Release (4); BIOS Minor Release (6); Embedded Controller Firmware Major Release (255); Embedded Controller Firmware Minor Release (255).","3014","0",,"4","0","0","-9223372036854775808","189","Microsoft-Windows-Diagnosis-ScriptedDiagnosticsProvider","9363ccd9-d429-4452-9adb-2501e704b810","Microsoft-Windows-Diagnosis-ScriptedDiagnosticsProvider/Operational","4596","5736","rjaf-PC4429","S-1-5-21-1634558665-2257203147-3060767804-1000","3/15/2014 4:52:35 AM","82fcf7af-07de-4ab4-aa3d-e8cea9a66776",,"c:\users\mac_1\desktop\winevt\logs\microsoft-windows-diagnosis-scripteddiagnosticsprovider%4operational.evtx","System.UInt32[]","System.Diagnostics.Eventing.Reader.EventBookmark","Information","Info",,"System.Collections.ObjectModel.ReadOnlyCollection`1[System.String]","System.Collections.Generic.List`1[System.Diagnostics.Eventing.Reader.EventProperty]"
"The Windows Scripted Diagnostic Provider API IDiagnosticProvider FindDiagnosticsBySearchMetadata method succeeded.  The input Culture/Locale was en-US.  The size of the result set was 1.","1000","0",,"4","0","0","-9223372036854775808","188","Microsoft-Windows-Diagnosis-ScriptedDiagnosticsProvider","9363ccd9-d429-4452-9adb-2501e704b810","Microsoft-Windows-Diagnosis-ScriptedDiagnosticsProvider/Operational","1252","6004","rjaf-PC4429","S-1-5-21-1634558665-2257203147-3060767804-1000","3/15/2014 12:38:18 AM","dcf9c643-8696-44aa-acbf-97438603e7e0",,"c:\users\mac_1\desktop\winevt\logs\microsoft-windows-diagnosis-scripteddiagnosticsprovider%4operational.evtx","System.UInt32[]","System.Diagnostics.Eventing.Reader.EventBookmark","Information","Info",,"System.Collections.ObjectModel.ReadOnlyCollection`1[System.String]","System.Collections.Generic.List`1[System.Diagnostics.Eventing.Reader.EventProperty]"
"Parsed valid response from the remote server wer.microsoft.com at the URL path Responses/v1.0/8789/1033.1033/6.1.7600.1.0.0.0/4/Unknown.","3007","0",,"4","0","0","-9223372036854775808","187","Microsoft-Windows-Diagnosis-ScriptedDiagnosticsProvider","9363ccd9-d429-4452-9adb-2501e704b810","Microsoft-Windows-Diagnosis-ScriptedDiagnosticsProvider/Operational","1252","4612","rjaf-PC4429","S-1-5-21-1634558665-2257203147-3060767804-1000","3/15/2014 12:38:18 AM","dcf9c643-8696-44aa-acbf-97438603e7e0",,"c:\users\mac_1\desktop\winevt\logs\microsoft-windows-diagnosis-scripteddiagnosticsprovider%4operational.evtx","System.UInt32[]","System.Diagnostics.Eventing.Reader.EventBookmark","Information","Info",,"System.Collections.ObjectModel.ReadOnlyCollection`1[System.String]","System.Collections.Generic.List`1[System.Diagnostics.Eventing.Reader.EventProperty]"
"Received response from the remote server wer.microsoft.com at the URL path Responses/v1.0/8789/1033.1033/6.1.7600.1.0.0.0/4/Unknown.","3006","0",,"4","0","0","-9223372036854775808","186","Microsoft-Windows-Diagnosis-ScriptedDiagnosticsProvider","9363ccd9-d429-4452-9adb-2501e704b810","Microsoft-Windows-Diagnosis-ScriptedDiagnosticsProvider/Operational","1252","4612","rjaf-PC4429","S-1-5-21-1634558665-2257203147-3060767804-1000","3/15/2014 12:38:18 AM","dcf9c643-8696-44aa-acbf-97438603e7e0",,"c:\users\mac_1\desktop\winevt\logs\microsoft-windows-diagnosis-scripteddiagnosticsprovider%4operational.evtx","System.UInt32[]","System.Diagnostics.Eventing.Reader.EventBookmark","Information","Info",,"System.Collections.ObjectModel.ReadOnlyCollection`1[System.String]","System.Collections.Generic.List`1[System.Diagnostics.Eventing.Reader.EventProperty]"
"The diagnostic package index information was successfully loaded from C:\Windows\Diagnostics\Index\AudioPlaybackDiagnostic.xml.","2000","0",,"4","0","0","-9223372036854775808","185","Microsoft-Windows-Diagnosis-ScriptedDiagnosticsProvider","9363ccd9-d429-4452-9adb-2501e704b810","Microsoft-Windows-Diagnosis-ScriptedDiagnosticsProvider/Operational","1252","1260","rjaf-PC4429","S-1-5-21-1634558665-2257203147-3060767804-1000","3/15/2014 12:38:14 AM","dcf9c643-8696-44aa-acbf-97438603e7e0",,"c:\users\mac_1\desktop\winevt\logs\microsoft-windows-diagnosis-scripteddiagnosticsprovider%4operational.evtx","System.UInt32[]","System.Diagnostics.Eventing.Reader.EventBookmark","Information","Info",,"System.Collections.ObjectModel.ReadOnlyCollection`1[System.String]","System.Collections.Generic.List`1[System.Diagnostics.Eventing.Reader.EventProperty]"
"Sending request to the remote server wer.microsoft.com at the URL path Responses/v1.0/8789/1033.1033/6.1.7600.1.0.0.0/4/Unknown.  Contents of the request are: Partner=ScriptedDiagnostics&OS=6.1&SP=0.0&Build=7600&SKU=4&Arch=0&Type=1&MobilePc=0&Internal=0&GeoId=244&BIOSMajorRelease=4&BIOSMinorRelease=6&Locale=en-US&LocaleFallback=en-US&OEM=Unknown&Model=Unknown&Family=To+be+filled+by+O.E.M&OEMSKU=To+be+filled+by+O.E.M.&BaseBoardOEM=Intel+Corporation&BaseBoardModel=DH61BF&BaseBoardVersion=AAG81311-101&BIOSVendor=Intel+Corp&BIOSVersion=BFH6110H.86A.0007.2012.1128.1459&BIOSReleaseDate=11Responses/v1.0/8789/1033.1033/6.1.7600.1.0.0.0/4/UnknownF28Responses/v1.0/8789/1033.1033/6.1.7600.1.0.0.0/4/UnknownF2012&id=AudioPlaybackDiagnostic.","3000","0",,"4","0","0","-9223372036854775808","184","Microsoft-Windows-Diagnosis-ScriptedDiagnosticsProvider","9363ccd9-d429-4452-9adb-2501e704b810","Microsoft-Windows-Diagnosis-ScriptedDiagnosticsProvider/Operational","1252","4612","rjaf-PC4429","S-1-5-21-1634558665-2257203147-3060767804-1000","3/15/2014 12:38:14 AM","dcf9c643-8696-44aa-acbf-97438603e7e0",,"c:\users\mac_1\desktop\winevt\logs\microsoft-windows-diagnosis-scripteddiagnosticsprovider%4operational.evtx","System.UInt32[]","System.Diagnostics.Eventing.Reader.EventBookmark","Information","Info",,"System.Collections.ObjectModel.ReadOnlyCollection`1[System.String]","System.Collections.Generic.List`1[System.Diagnostics.Eventing.Reader.EventProperty]"
"The diagnostic package index information was successfully loaded from C:\Windows\Diagnostics\Index\AeroDiagnostic.xml.","2000","0",,"4","0","0","-9223372036854775808","183","Microsoft-Windows-Diagnosis-ScriptedDiagnosticsProvider","9363ccd9-d429-4452-9adb-2501e704b810","Microsoft-Windows-Diagnosis-ScriptedDiagnosticsProvider/Operational","1252","1260","rjaf-PC4429","S-1-5-21-1634558665-2257203147-3060767804-1000","3/15/2014 12:38:14 AM","dcf9c643-8696-44aa-acbf-97438603e7e0",,"c:\users\mac_1\desktop\winevt\logs\microsoft-windows-diagnosis-scripteddiagnosticsprovider%4operational.evtx","System.UInt32[]","System.Diagnostics.Eventing.Reader.EventBookmark","Information","Info",,"System.Collections.ObjectModel.ReadOnlyCollection`1[System.String]","System.Collections.Generic.List`1[System.Diagnostics.Eventing.Reader.EventProperty]"
"The following system configuration will be used when querying content providers: OS Major Version (6); OS Minor Version (1); Service Pack Major (0); Service Pack Minor (0); Build Number (7600); Product Type (4); Processor Architecture (0); Culture (en-US); System Type (1); OEM (Unknown); Model (Unknown); IsMobilePc (false); IsInternal (false); GeoId (244); Family (To be filled by O.E.M); OEM SKU (To be filled by O.E.M.); Version (NULL); Base Board OEM (Intel Corporation); Base Board Model (DH61BF); Base Board Version (AAG81311-101); BIOS Vendor (Intel Corp); BIOS Version (BFH6110H.86A.0007.2012.1128.1459); BIOS Release Date (11/28/2012); BIOS Major Release (4); BIOS Minor Release (6); Embedded Controller Firmware Major Release (255); Embedded Controller Firmware Minor Release (255).","3014","0",,"4","0","0","-9223372036854775808","182","Microsoft-Windows-Diagnosis-ScriptedDiagnosticsProvider","9363ccd9-d429-4452-9adb-2501e704b810","Microsoft-Windows-Diagnosis-ScriptedDiagnosticsProvider/Operational","1252","4612","rjaf-PC4429","S-1-5-21-1634558665-2257203147-3060767804-1000","3/15/2014 12:38:14 AM","dcf9c643-8696-44aa-acbf-97438603e7e0",,"c:\users\mac_1\desktop\winevt\logs\microsoft-windows-diagnosis-scripteddiagnosticsprovider%4operational.evtx","System.UInt32[]","System.Diagnostics.Eventing.Reader.EventBookmark","Information","Info",,"System.Collections.ObjectModel.ReadOnlyCollection`1[System.String]","System.Collections.Generic.List`1[System.Diagnostics.Eventing.Reader.EventProperty]"
"The Windows Scripted Diagnostic Provider API IDiagnosticProvider FindDiagnosticsBySearchMetadata method succeeded.  The input Culture/Locale was en-US.  The size of the result set was 1.","1000","0",,"4","0","0","-9223372036854775808","181","Microsoft-Windows-Diagnosis-ScriptedDiagnosticsProvider","9363ccd9-d429-4452-9adb-2501e704b810","Microsoft-Windows-Diagnosis-ScriptedDiagnosticsProvider/Operational","1812","3776","rjaf-PC4429","S-1-5-21-1634558665-2257203147-3060767804-1000","2/13/2014 4:47:32 AM","f57ec1c5-46a6-4533-a740-0763bc60fa9f",,"c:\users\mac_1\desktop\winevt\logs\microsoft-windows-diagnosis-scripteddiagnosticsprovider%4operational.evtx","System.UInt32[]","System.Diagnostics.Eventing.Reader.EventBookmark","Information","Info",,"System.Collections.ObjectModel.ReadOnlyCollection`1[System.String]","System.Collections.Generic.List`1[System.Diagnostics.Eventing.Reader.EventProperty]"
"Parsed valid response from the remote server wer.microsoft.com at the URL path Responses/v1.0/8789/1033.1033/6.1.7600.1.0.0.0/4/Unknown.","3007","0",,"4","0","0","-9223372036854775808","180","Microsoft-Windows-Diagnosis-ScriptedDiagnosticsProvider","9363ccd9-d429-4452-9adb-2501e704b810","Microsoft-Windows-Diagnosis-ScriptedDiagnosticsProvider/Operational","1812","700","rjaf-PC4429","S-1-5-21-1634558665-2257203147-3060767804-1000","2/13/2014 4:47:32 AM","f57ec1c5-46a6-4533-a740-0763bc60fa9f",,"c:\users\mac_1\desktop\winevt\logs\microsoft-windows-diagnosis-scripteddiagnosticsprovider%4operational.evtx","System.UInt32[]","System.Diagnostics.Eventing.Reader.EventBookmark","Information","Info",,"System.Collections.ObjectModel.ReadOnlyCollection`1[System.String]","System.Collections.Generic.List`1[System.Diagnostics.Eventing.Reader.EventProperty]"
"Received response from the remote server wer.microsoft.com at the URL path Responses/v1.0/8789/1033.1033/6.1.7600.1.0.0.0/4/Unknown.","3006","0",,"4","0","0","-9223372036854775808","179","Microsoft-Windows-Diagnosis-ScriptedDiagnosticsProvider","9363ccd9-d429-4452-9adb-2501e704b810","Microsoft-Windows-Diagnosis-ScriptedDiagnosticsProvider/Operational","1812","700","rjaf-PC4429","S-1-5-21-1634558665-2257203147-3060767804-1000","2/13/2014 4:47:32 AM","f57ec1c5-46a6-4533-a740-0763bc60fa9f",,"c:\users\mac_1\desktop\winevt\logs\microsoft-windows-diagnosis-scripteddiagnosticsprovider%4operational.evtx","System.UInt32[]","System.Diagnostics.Eventing.Reader.EventBookmark","Information","Info",,"System.Collections.ObjectModel.ReadOnlyCollection`1[System.String]","System.Collections.Generic.List`1[System.Diagnostics.Eventing.Reader.EventProperty]"
"Sending request to the remote server wer.microsoft.com at the URL path Responses/v1.0/8789/1033.1033/6.1.7600.1.0.0.0/4/Unknown.  Contents of the request are: Partner=ScriptedDiagnostics&OS=6.1&SP=0.0&Build=7600&SKU=4&Arch=0&Type=1&MobilePc=0&Internal=0&GeoId=244&BIOSMajorRelease=4&BIOSMinorRelease=6&Locale=en-US&LocaleFallback=en-US&OEM=Unknown&Model=Unknown&Family=To+be+filled+by+O.E.M&OEMSKU=To+be+filled+by+O.E.M.&BaseBoardOEM=Intel+Corporation&BaseBoardModel=DH61BF&BaseBoardVersion=AAG81311-101&BIOSVendor=Intel+Corp&BIOSVersion=BFH6110H.86A.0007.2012.1128.1459&BIOSReleaseDate=11Responses/v1.0/8789/1033.1033/6.1.7600.1.0.0.0/4/UnknownF28Responses/v1.0/8789/1033.1033/6.1.7600.1.0.0.0/4/UnknownF2012&id=AudioPlaybackDiagnostic.","3000","0",,"4","0","0","-9223372036854775808","178","Microsoft-Windows-Diagnosis-ScriptedDiagnosticsProvider","9363ccd9-d429-4452-9adb-2501e704b810","Microsoft-Windows-Diagnosis-ScriptedDiagnosticsProvider/Operational","1812","700","rjaf-PC4429","S-1-5-21-1634558665-2257203147-3060767804-1000","2/13/2014 4:47:29 AM","f57ec1c5-46a6-4533-a740-0763bc60fa9f",,"c:\users\mac_1\desktop\winevt\logs\microsoft-windows-diagnosis-scripteddiagnosticsprovider%4operational.evtx","System.UInt32[]","System.Diagnostics.Eventing.Reader.EventBookmark","Information","Info",,"System.Collections.ObjectModel.ReadOnlyCollection`1[System.String]","System.Collections.Generic.List`1[System.Diagnostics.Eventing.Reader.EventProperty]"
"The diagnostic package index information was successfully loaded from C:\Windows\Diagnostics\Index\AudioPlaybackDiagnostic.xml.","2000","0",,"4","0","0","-9223372036854775808","177","Microsoft-Windows-Diagnosis-ScriptedDiagnosticsProvider","9363ccd9-d429-4452-9adb-2501e704b810","Microsoft-Windows-Diagnosis-ScriptedDiagnosticsProvider/Operational","1812","3652","rjaf-PC4429","S-1-5-21-1634558665-2257203147-3060767804-1000","2/13/2014 4:47:29 AM","f57ec1c5-46a6-4533-a740-0763bc60fa9f",,"c:\users\mac_1\desktop\winevt\logs\microsoft-windows-diagnosis-scripteddiagnosticsprovider%4operational.evtx","System.UInt32[]","System.Diagnostics.Eventing.Reader.EventBookmark","Information","Info",,"System.Collections.ObjectModel.ReadOnlyCollection`1[System.String]","System.Collections.Generic.List`1[System.Diagnostics.Eventing.Reader.EventProperty]"
"The following system configuration will be used when querying content providers: OS Major Version (6); OS Minor Version (1); Service Pack Major (0); Service Pack Minor (0); Build Number (7600); Product Type (4); Processor Architecture (0); Culture (en-US); System Type (1); OEM (Unknown); Model (Unknown); IsMobilePc (false); IsInternal (false); GeoId (244); Family (To be filled by O.E.M); OEM SKU (To be filled by O.E.M.); Version (NULL); Base Board OEM (Intel Corporation); Base Board Model (DH61BF); Base Board Version (AAG81311-101); BIOS Vendor (Intel Corp); BIOS Version (BFH6110H.86A.0007.2012.1128.1459); BIOS Release Date (11/28/2012); BIOS Major Release (4); BIOS Minor Release (6); Embedded Controller Firmware Major Release (255); Embedded Controller Firmware Minor Release (255).","3014","0",,"4","0","0","-9223372036854775808","176","Microsoft-Windows-Diagnosis-ScriptedDiagnosticsProvider","9363ccd9-d429-4452-9adb-2501e704b810","Microsoft-Windows-Diagnosis-ScriptedDiagnosticsProvider/Operational","1812","700","rjaf-PC4429","S-1-5-21-1634558665-2257203147-3060767804-1000","2/13/2014 4:47:29 AM","f57ec1c5-46a6-4533-a740-0763bc60fa9f",,"c:\users\mac_1\desktop\winevt\logs\microsoft-windows-diagnosis-scripteddiagnosticsprovider%4operational.evtx","System.UInt32[]","System.Diagnostics.Eventing.Reader.EventBookmark","Information","Info",,"System.Collections.ObjectModel.ReadOnlyCollection`1[System.String]","System.Collections.Generic.List`1[System.Diagnostics.Eventing.Reader.EventProperty]"
"The diagnostic package index information was successfully loaded from C:\Windows\Diagnostics\Index\AeroDiagnostic.xml.","2000","0",,"4","0","0","-9223372036854775808","175","Microsoft-Windows-Diagnosis-ScriptedDiagnosticsProvider","9363ccd9-d429-4452-9adb-2501e704b810","Microsoft-Windows-Diagnosis-ScriptedDiagnosticsProvider/Operational","1812","3652","rjaf-PC4429","S-1-5-21-1634558665-2257203147-3060767804-1000","2/13/2014 4:47:29 AM","f57ec1c5-46a6-4533-a740-0763bc60fa9f",,"c:\users\mac_1\desktop\winevt\logs\microsoft-windows-diagnosis-scripteddiagnosticsprovider%4operational.evtx","System.UInt32[]","System.Diagnostics.Eventing.Reader.EventBookmark","Information","Info",,"System.Collections.ObjectModel.ReadOnlyCollection`1[System.String]","System.Collections.Generic.List`1[System.Diagnostics.Eventing.Reader.EventProperty]"
"The Windows Scripted Diagnostic Provider API IDiagnosticProvider FindDiagnosticsBySearchMetadata method succeeded.  The input Culture/Locale was en-US.  The size of the result set was 1.","1000","0",,"4","0","0","-9223372036854775808","174","Microsoft-Windows-Diagnosis-ScriptedDiagnosticsProvider","9363ccd9-d429-4452-9adb-2501e704b810","Microsoft-Windows-Diagnosis-ScriptedDiagnosticsProvider/Operational","528","3956","rjaf-PC4429","S-1-5-21-1634558665-2257203147-3060767804-1000","2/13/2014 4:37:45 AM","0a56e3fe-daf0-4b0a-a1ac-bbd5fe5897c9",,"c:\users\mac_1\desktop\winevt\logs\microsoft-windows-diagnosis-scripteddiagnosticsprovider%4operational.evtx","System.UInt32[]","System.Diagnostics.Eventing.Reader.EventBookmark","Information","Info",,"System.Collections.ObjectModel.ReadOnlyCollection`1[System.String]","System.Collections.Generic.List`1[System.Diagnostics.Eventing.Reader.EventProperty]"
