"ACPI thermal zone ACPI\ThermalZone\TZ00 has engaged active cooling.             
EventTime = ?2014?-?10?-?12T08:23:19.226808300Z             
_AC0 = 358K             
_AC1 = 328K             
_AC2 = 273K             
_AC3 = 273K             
_AC4 = 273K             
_AC5 = 0K             
_AC6 = 0K             
_AC7 = 0K             
_AC8 = 0K             
_AC9 = 0K             
_TMP = 301K","84","0",,"4","81","0","1152921504606847008","201","Microsoft-Windows-Kernel-Power","331c3b3a-2005-44c2-ac5e-77220c37d6b4","Microsoft-Windows-Kernel-Power/Thermal-Operational","4","48","rjaf-PC4429","S-1-5-18","10/11/2014 11:23:19 PM",,,"c:\users\mac_1\desktop\winevt\logs\microsoft-windows-kernel-power%4thermal-operational.evtx","System.UInt32[]","System.Diagnostics.Eventing.Reader.EventBookmark","Information","Info",,"System.Collections.ObjectModel.ReadOnlyCollection`1[System.String]","System.Collections.Generic.List`1[System.Diagnostics.Eventing.Reader.EventProperty]"
"ACPI thermal zone ACPI\ThermalZone\TZ00 has engaged active cooling.             
EventTime = ?2014?-?10?-?08T11:15:36.507608800Z             
_AC0 = 358K             
_AC1 = 328K             
_AC2 = 273K             
_AC3 = 273K             
_AC4 = 273K             
_AC5 = 0K             
_AC6 = 0K             
_AC7 = 0K             
_AC8 = 0K             
_AC9 = 0K             
_TMP = 301K","84","0",,"4","81","0","1152921504606847008","200","Microsoft-Windows-Kernel-Power","331c3b3a-2005-44c2-ac5e-77220c37d6b4","Microsoft-Windows-Kernel-Power/Thermal-Operational","4","60","rjaf-PC4429","S-1-5-18","10/8/2014 2:15:36 AM",,,"c:\users\mac_1\desktop\winevt\logs\microsoft-windows-kernel-power%4thermal-operational.evtx","System.UInt32[]","System.Diagnostics.Eventing.Reader.EventBookmark","Information","Info",,"System.Collections.ObjectModel.ReadOnlyCollection`1[System.String]","System.Collections.Generic.List`1[System.Diagnostics.Eventing.Reader.EventProperty]"
"ACPI thermal zone ACPI\ThermalZone\TZ00 has engaged active cooling.             
EventTime = ?2014?-?10?-?07T13:35:20.053609700Z             
_AC0 = 358K             
_AC1 = 328K             
_AC2 = 273K             
_AC3 = 273K             
_AC4 = 273K             
_AC5 = 0K             
_AC6 = 0K             
_AC7 = 0K             
_AC8 = 0K             
_AC9 = 0K             
_TMP = 301K","84","0",,"4","81","0","1152921504606847008","199","Microsoft-Windows-Kernel-Power","331c3b3a-2005-44c2-ac5e-77220c37d6b4","Microsoft-Windows-Kernel-Power/Thermal-Operational","4","64","rjaf-PC4429","S-1-5-18","10/7/2014 4:35:20 AM",,,"c:\users\mac_1\desktop\winevt\logs\microsoft-windows-kernel-power%4thermal-operational.evtx","System.UInt32[]","System.Diagnostics.Eventing.Reader.EventBookmark","Information","Info",,"System.Collections.ObjectModel.ReadOnlyCollection`1[System.String]","System.Collections.Generic.List`1[System.Diagnostics.Eventing.Reader.EventProperty]"
"ACPI thermal zone ACPI\ThermalZone\TZ00 has engaged active cooling.             
EventTime = ?2014?-?10?-?06T08:19:44.882009400Z             
_AC0 = 358K             
_AC1 = 328K             
_AC2 = 273K             
_AC3 = 273K             
_AC4 = 273K             
_AC5 = 0K             
_AC6 = 0K             
_AC7 = 0K             
_AC8 = 0K             
_AC9 = 0K             
_TMP = 301K","84","0",,"4","81","0","1152921504606847008","198","Microsoft-Windows-Kernel-Power","331c3b3a-2005-44c2-ac5e-77220c37d6b4","Microsoft-Windows-Kernel-Power/Thermal-Operational","4","56","rjaf-PC4429","S-1-5-18","10/5/2014 11:19:44 PM",,,"c:\users\mac_1\desktop\winevt\logs\microsoft-windows-kernel-power%4thermal-operational.evtx","System.UInt32[]","System.Diagnostics.Eventing.Reader.EventBookmark","Information","Info",,"System.Collections.ObjectModel.ReadOnlyCollection`1[System.String]","System.Collections.Generic.List`1[System.Diagnostics.Eventing.Reader.EventProperty]"
"ACPI thermal zone ACPI\ThermalZone\TZ00 has engaged active cooling.             
EventTime = ?2014?-?10?-?05T20:25:02.069209700Z             
_AC0 = 358K             
_AC1 = 328K             
_AC2 = 273K             
_AC3 = 273K             
_AC4 = 273K             
_AC5 = 0K             
_AC6 = 0K             
_AC7 = 0K             
_AC8 = 0K             
_AC9 = 0K             
_TMP = 301K","84","0",,"4","81","0","1152921504606847008","197","Microsoft-Windows-Kernel-Power","331c3b3a-2005-44c2-ac5e-77220c37d6b4","Microsoft-Windows-Kernel-Power/Thermal-Operational","4","60","rjaf-PC4429","S-1-5-18","10/5/2014 11:25:02 AM",,,"c:\users\mac_1\desktop\winevt\logs\microsoft-windows-kernel-power%4thermal-operational.evtx","System.UInt32[]","System.Diagnostics.Eventing.Reader.EventBookmark","Information","Info",,"System.Collections.ObjectModel.ReadOnlyCollection`1[System.String]","System.Collections.Generic.List`1[System.Diagnostics.Eventing.Reader.EventProperty]"
"ACPI thermal zone ACPI\ThermalZone\TZ00 has engaged active cooling.             
EventTime = ?2014?-?10?-?05T16:46:26.022409700Z             
_AC0 = 358K             
_AC1 = 328K             
_AC2 = 273K             
_AC3 = 273K             
_AC4 = 273K             
_AC5 = 0K             
_AC6 = 0K             
_AC7 = 0K             
_AC8 = 0K             
_AC9 = 0K             
_TMP = 301K","84","0",,"4","81","0","1152921504606847008","196","Microsoft-Windows-Kernel-Power","331c3b3a-2005-44c2-ac5e-77220c37d6b4","Microsoft-Windows-Kernel-Power/Thermal-Operational","4","52","rjaf-PC4429","S-1-5-18","10/5/2014 7:46:26 AM",,,"c:\users\mac_1\desktop\winevt\logs\microsoft-windows-kernel-power%4thermal-operational.evtx","System.UInt32[]","System.Diagnostics.Eventing.Reader.EventBookmark","Information","Info",,"System.Collections.ObjectModel.ReadOnlyCollection`1[System.String]","System.Collections.Generic.List`1[System.Diagnostics.Eventing.Reader.EventProperty]"
"ACPI thermal zone ACPI\ThermalZone\TZ00 has engaged active cooling.             
EventTime = ?2014?-?10?-?03T09:35:53.975609600Z             
_AC0 = 358K             
_AC1 = 328K             
_AC2 = 273K             
_AC3 = 273K             
_AC4 = 273K             
_AC5 = 0K             
_AC6 = 0K             
_AC7 = 0K             
_AC8 = 0K             
_AC9 = 0K             
_TMP = 301K","84","0",,"4","81","0","1152921504606847008","195","Microsoft-Windows-Kernel-Power","331c3b3a-2005-44c2-ac5e-77220c37d6b4","Microsoft-Windows-Kernel-Power/Thermal-Operational","4","48","rjaf-PC4429","S-1-5-18","10/3/2014 12:35:53 AM",,,"c:\users\mac_1\desktop\winevt\logs\microsoft-windows-kernel-power%4thermal-operational.evtx","System.UInt32[]","System.Diagnostics.Eventing.Reader.EventBookmark","Information","Info",,"System.Collections.ObjectModel.ReadOnlyCollection`1[System.String]","System.Collections.Generic.List`1[System.Diagnostics.Eventing.Reader.EventProperty]"
"ACPI thermal zone ACPI\ThermalZone\TZ00 has engaged active cooling.             
EventTime = ?2014?-?09?-?30T08:46:23.154436200Z             
_AC0 = 358K             
_AC1 = 328K             
_AC2 = 273K             
_AC3 = 273K             
_AC4 = 273K             
_AC5 = 0K             
_AC6 = 0K             
_AC7 = 0K             
_AC8 = 0K             
_AC9 = 0K             
_TMP = 301K","84","0",,"4","81","0","1152921504606847008","194","Microsoft-Windows-Kernel-Power","331c3b3a-2005-44c2-ac5e-77220c37d6b4","Microsoft-Windows-Kernel-Power/Thermal-Operational","4","60","rjaf-PC4429","S-1-5-18","9/29/2014 11:46:23 PM",,,"c:\users\mac_1\desktop\winevt\logs\microsoft-windows-kernel-power%4thermal-operational.evtx","System.UInt32[]","System.Diagnostics.Eventing.Reader.EventBookmark","Information","Info",,"System.Collections.ObjectModel.ReadOnlyCollection`1[System.String]","System.Collections.Generic.List`1[System.Diagnostics.Eventing.Reader.EventProperty]"
"ACPI thermal zone ACPI\ThermalZone\TZ00 has engaged active cooling.             
EventTime = ?2014?-?09?-?18T09:41:04.095615100Z             
_AC0 = 358K             
_AC1 = 328K             
_AC2 = 273K             
_AC3 = 273K             
_AC4 = 273K             
_AC5 = 0K             
_AC6 = 0K             
_AC7 = 0K             
_AC8 = 0K             
_AC9 = 0K             
_TMP = 301K","84","0",,"4","81","0","1152921504606847008","193","Microsoft-Windows-Kernel-Power","331c3b3a-2005-44c2-ac5e-77220c37d6b4","Microsoft-Windows-Kernel-Power/Thermal-Operational","4","64","rjaf-PC4429","S-1-5-18","9/17/2014 11:41:04 PM",,,"c:\users\mac_1\desktop\winevt\logs\microsoft-windows-kernel-power%4thermal-operational.evtx","System.UInt32[]","System.Diagnostics.Eventing.Reader.EventBookmark","Information","Info",,"System.Collections.ObjectModel.ReadOnlyCollection`1[System.String]","System.Collections.Generic.List`1[System.Diagnostics.Eventing.Reader.EventProperty]"
"ACPI thermal zone ACPI\ThermalZone\TZ00 has engaged active cooling.             
EventTime = ?2014?-?09?-?16T22:12:39.632409000Z             
_AC0 = 358K             
_AC1 = 328K             
_AC2 = 273K             
_AC3 = 273K             
_AC4 = 273K             
_AC5 = 0K             
_AC6 = 0K             
_AC7 = 0K             
_AC8 = 0K             
_AC9 = 0K             
_TMP = 301K","84","0",,"4","81","0","1152921504606847008","192","Microsoft-Windows-Kernel-Power","331c3b3a-2005-44c2-ac5e-77220c37d6b4","Microsoft-Windows-Kernel-Power/Thermal-Operational","4","52","rjaf-PC4429","S-1-5-18","9/16/2014 12:12:39 PM",,,"c:\users\mac_1\desktop\winevt\logs\microsoft-windows-kernel-power%4thermal-operational.evtx","System.UInt32[]","System.Diagnostics.Eventing.Reader.EventBookmark","Information","Info",,"System.Collections.ObjectModel.ReadOnlyCollection`1[System.String]","System.Collections.Generic.List`1[System.Diagnostics.Eventing.Reader.EventProperty]"
"ACPI thermal zone ACPI\ThermalZone\TZ00 has engaged active cooling.             
EventTime = ?2014?-?09?-?15T21:27:33.618407200Z             
_AC0 = 358K             
_AC1 = 328K             
_AC2 = 273K             
_AC3 = 273K             
_AC4 = 273K             
_AC5 = 0K             
_AC6 = 0K             
_AC7 = 0K             
_AC8 = 0K             
_AC9 = 0K             
_TMP = 301K","84","0",,"4","81","0","1152921504606847008","191","Microsoft-Windows-Kernel-Power","331c3b3a-2005-44c2-ac5e-77220c37d6b4","Microsoft-Windows-Kernel-Power/Thermal-Operational","4","64","rjaf-PC4429","S-1-5-18","9/15/2014 11:27:33 AM",,,"c:\users\mac_1\desktop\winevt\logs\microsoft-windows-kernel-power%4thermal-operational.evtx","System.UInt32[]","System.Diagnostics.Eventing.Reader.EventBookmark","Information","Info",,"System.Collections.ObjectModel.ReadOnlyCollection`1[System.String]","System.Collections.Generic.List`1[System.Diagnostics.Eventing.Reader.EventProperty]"
"ACPI thermal zone ACPI\ThermalZone\TZ00 has engaged active cooling.             
EventTime = ?2014?-?09?-?14T10:44:50.320408400Z             
_AC0 = 358K             
_AC1 = 328K             
_AC2 = 273K             
_AC3 = 273K             
_AC4 = 273K             
_AC5 = 0K             
_AC6 = 0K             
_AC7 = 0K             
_AC8 = 0K             
_AC9 = 0K             
_TMP = 301K","84","0",,"4","81","0","1152921504606847008","190","Microsoft-Windows-Kernel-Power","331c3b3a-2005-44c2-ac5e-77220c37d6b4","Microsoft-Windows-Kernel-Power/Thermal-Operational","4","48","rjaf-PC4429","S-1-5-18","9/14/2014 12:44:50 AM",,,"c:\users\mac_1\desktop\winevt\logs\microsoft-windows-kernel-power%4thermal-operational.evtx","System.UInt32[]","System.Diagnostics.Eventing.Reader.EventBookmark","Information","Info",,"System.Collections.ObjectModel.ReadOnlyCollection`1[System.String]","System.Collections.Generic.List`1[System.Diagnostics.Eventing.Reader.EventProperty]"
"ACPI thermal zone ACPI\ThermalZone\TZ00 has engaged active cooling.             
EventTime = ?2014?-?09?-?08T10:44:50.613612500Z             
_AC0 = 358K             
_AC1 = 328K             
_AC2 = 273K             
_AC3 = 273K             
_AC4 = 273K             
_AC5 = 0K             
_AC6 = 0K             
_AC7 = 0K             
_AC8 = 0K             
_AC9 = 0K             
_TMP = 301K","84","0",,"4","81","0","1152921504606847008","189","Microsoft-Windows-Kernel-Power","331c3b3a-2005-44c2-ac5e-77220c37d6b4","Microsoft-Windows-Kernel-Power/Thermal-Operational","4","68","rjaf-PC4429","S-1-5-18","9/8/2014 12:44:50 AM",,,"c:\users\mac_1\desktop\winevt\logs\microsoft-windows-kernel-power%4thermal-operational.evtx","System.UInt32[]","System.Diagnostics.Eventing.Reader.EventBookmark","Information","Info",,"System.Collections.ObjectModel.ReadOnlyCollection`1[System.String]","System.Collections.Generic.List`1[System.Diagnostics.Eventing.Reader.EventProperty]"
"ACPI thermal zone ACPI\ThermalZone\TZ00 has engaged active cooling.             
EventTime = ?2014?-?09?-?07T09:43:12.086408000Z             
_AC0 = 358K             
_AC1 = 328K             
_AC2 = 273K             
_AC3 = 273K             
_AC4 = 273K             
_AC5 = 0K             
_AC6 = 0K             
_AC7 = 0K             
_AC8 = 0K             
_AC9 = 0K             
_TMP = 301K","84","0",,"4","81","0","1152921504606847008","188","Microsoft-Windows-Kernel-Power","331c3b3a-2005-44c2-ac5e-77220c37d6b4","Microsoft-Windows-Kernel-Power/Thermal-Operational","4","52","rjaf-PC4429","S-1-5-18","9/6/2014 11:43:12 PM",,,"c:\users\mac_1\desktop\winevt\logs\microsoft-windows-kernel-power%4thermal-operational.evtx","System.UInt32[]","System.Diagnostics.Eventing.Reader.EventBookmark","Information","Info",,"System.Collections.ObjectModel.ReadOnlyCollection`1[System.String]","System.Collections.Generic.List`1[System.Diagnostics.Eventing.Reader.EventProperty]"
"ACPI thermal zone ACPI\ThermalZone\TZ00 has engaged active cooling.             
EventTime = ?2014?-?09?-?07T09:03:53.133208100Z             
_AC0 = 358K             
_AC1 = 328K             
_AC2 = 273K             
_AC3 = 273K             
_AC4 = 273K             
_AC5 = 0K             
_AC6 = 0K             
_AC7 = 0K             
_AC8 = 0K             
_AC9 = 0K             
_TMP = 301K","84","0",,"4","81","0","1152921504606847008","187","Microsoft-Windows-Kernel-Power","331c3b3a-2005-44c2-ac5e-77220c37d6b4","Microsoft-Windows-Kernel-Power/Thermal-Operational","4","52","rjaf-PC4429","S-1-5-18","9/6/2014 11:03:53 PM",,,"c:\users\mac_1\desktop\winevt\logs\microsoft-windows-kernel-power%4thermal-operational.evtx","System.UInt32[]","System.Diagnostics.Eventing.Reader.EventBookmark","Information","Info",,"System.Collections.ObjectModel.ReadOnlyCollection`1[System.String]","System.Collections.Generic.List`1[System.Diagnostics.Eventing.Reader.EventProperty]"
"ACPI thermal zone ACPI\ThermalZone\TZ00 has engaged active cooling.             
EventTime = ?2014?-?09?-?06T16:36:20.258008300Z             
_AC0 = 358K             
_AC1 = 328K             
_AC2 = 273K             
_AC3 = 273K             
_AC4 = 273K             
_AC5 = 0K             
_AC6 = 0K             
_AC7 = 0K             
_AC8 = 0K             
_AC9 = 0K             
_TMP = 301K","84","0",,"4","81","0","1152921504606847008","186","Microsoft-Windows-Kernel-Power","331c3b3a-2005-44c2-ac5e-77220c37d6b4","Microsoft-Windows-Kernel-Power/Thermal-Operational","4","48","rjaf-PC4429","S-1-5-18","9/6/2014 6:36:20 AM",,,"c:\users\mac_1\desktop\winevt\logs\microsoft-windows-kernel-power%4thermal-operational.evtx","System.UInt32[]","System.Diagnostics.Eventing.Reader.EventBookmark","Information","Info",,"System.Collections.ObjectModel.ReadOnlyCollection`1[System.String]","System.Collections.Generic.List`1[System.Diagnostics.Eventing.Reader.EventProperty]"
"ACPI thermal zone ACPI\ThermalZone\TZ00 has engaged active cooling.             
EventTime = ?2014?-?09?-?05T17:51:37.055208000Z             
_AC0 = 358K             
_AC1 = 328K             
_AC2 = 273K             
_AC3 = 273K             
_AC4 = 273K             
_AC5 = 0K             
_AC6 = 0K             
_AC7 = 0K             
_AC8 = 0K             
_AC9 = 0K             
_TMP = 301K","84","0",,"4","81","0","1152921504606847008","185","Microsoft-Windows-Kernel-Power","331c3b3a-2005-44c2-ac5e-77220c37d6b4","Microsoft-Windows-Kernel-Power/Thermal-Operational","4","64","rjaf-PC4429","S-1-5-18","9/5/2014 7:51:37 AM",,,"c:\users\mac_1\desktop\winevt\logs\microsoft-windows-kernel-power%4thermal-operational.evtx","System.UInt32[]","System.Diagnostics.Eventing.Reader.EventBookmark","Information","Info",,"System.Collections.ObjectModel.ReadOnlyCollection`1[System.String]","System.Collections.Generic.List`1[System.Diagnostics.Eventing.Reader.EventProperty]"
"ACPI thermal zone ACPI\ThermalZone\TZ00 has engaged active cooling.             
EventTime = ?2014?-?09?-?02T22:35:22.712007400Z             
_AC0 = 358K             
_AC1 = 328K             
_AC2 = 273K             
_AC3 = 273K             
_AC4 = 273K             
_AC5 = 0K             
_AC6 = 0K             
_AC7 = 0K             
_AC8 = 0K             
_AC9 = 0K             
_TMP = 301K","84","0",,"4","81","0","1152921504606847008","184","Microsoft-Windows-Kernel-Power","331c3b3a-2005-44c2-ac5e-77220c37d6b4","Microsoft-Windows-Kernel-Power/Thermal-Operational","4","44","rjaf-PC4429","S-1-5-18","9/2/2014 12:35:22 PM",,,"c:\users\mac_1\desktop\winevt\logs\microsoft-windows-kernel-power%4thermal-operational.evtx","System.UInt32[]","System.Diagnostics.Eventing.Reader.EventBookmark","Information","Info",,"System.Collections.ObjectModel.ReadOnlyCollection`1[System.String]","System.Collections.Generic.List`1[System.Diagnostics.Eventing.Reader.EventProperty]"
"ACPI thermal zone ACPI\ThermalZone\TZ00 has engaged active cooling.             
EventTime = ?2014?-?09?-?02T13:14:27.304808400Z             
_AC0 = 358K             
_AC1 = 328K             
_AC2 = 273K             
_AC3 = 273K             
_AC4 = 273K             
_AC5 = 0K             
_AC6 = 0K             
_AC7 = 0K             
_AC8 = 0K             
_AC9 = 0K             
_TMP = 301K","84","0",,"4","81","0","1152921504606847008","183","Microsoft-Windows-Kernel-Power","331c3b3a-2005-44c2-ac5e-77220c37d6b4","Microsoft-Windows-Kernel-Power/Thermal-Operational","4","56","rjaf-PC4429","S-1-5-18","9/2/2014 3:14:27 AM",,,"c:\users\mac_1\desktop\winevt\logs\microsoft-windows-kernel-power%4thermal-operational.evtx","System.UInt32[]","System.Diagnostics.Eventing.Reader.EventBookmark","Information","Info",,"System.Collections.ObjectModel.ReadOnlyCollection`1[System.String]","System.Collections.Generic.List`1[System.Diagnostics.Eventing.Reader.EventProperty]"
"ACPI thermal zone ACPI\ThermalZone\TZ00 has engaged active cooling.             
EventTime = ?2014?-?09?-?02T12:18:38.382808500Z             
_AC0 = 358K             
_AC1 = 328K             
_AC2 = 273K             
_AC3 = 273K             
_AC4 = 273K             
_AC5 = 0K             
_AC6 = 0K             
_AC7 = 0K             
_AC8 = 0K             
_AC9 = 0K             
_TMP = 301K","84","0",,"4","81","0","1152921504606847008","182","Microsoft-Windows-Kernel-Power","331c3b3a-2005-44c2-ac5e-77220c37d6b4","Microsoft-Windows-Kernel-Power/Thermal-Operational","4","60","rjaf-PC4429","S-1-5-18","9/2/2014 2:18:38 AM",,,"c:\users\mac_1\desktop\winevt\logs\microsoft-windows-kernel-power%4thermal-operational.evtx","System.UInt32[]","System.Diagnostics.Eventing.Reader.EventBookmark","Information","Info",,"System.Collections.ObjectModel.ReadOnlyCollection`1[System.String]","System.Collections.Generic.List`1[System.Diagnostics.Eventing.Reader.EventProperty]"
"ACPI thermal zone ACPI\ThermalZone\TZ00 has engaged active cooling.             
EventTime = ?2014?-?08?-?31T17:35:53.265617100Z             
_AC0 = 358K             
_AC1 = 328K             
_AC2 = 273K             
_AC3 = 273K             
_AC4 = 273K             
_AC5 = 0K             
_AC6 = 0K             
_AC7 = 0K             
_AC8 = 0K             
_AC9 = 0K             
_TMP = 301K","84","0",,"4","81","0","1152921504606847008","181","Microsoft-Windows-Kernel-Power","331c3b3a-2005-44c2-ac5e-77220c37d6b4","Microsoft-Windows-Kernel-Power/Thermal-Operational","4","68","rjaf-PC4429","S-1-5-18","8/31/2014 7:35:53 AM",,,"c:\users\mac_1\desktop\winevt\logs\microsoft-windows-kernel-power%4thermal-operational.evtx","System.UInt32[]","System.Diagnostics.Eventing.Reader.EventBookmark","Information","Info",,"System.Collections.ObjectModel.ReadOnlyCollection`1[System.String]","System.Collections.Generic.List`1[System.Diagnostics.Eventing.Reader.EventProperty]"
"ACPI thermal zone ACPI\ThermalZone\TZ00 has engaged active cooling.             
EventTime = ?2014?-?08?-?31T09:42:40.570008900Z             
_AC0 = 358K             
_AC1 = 328K             
_AC2 = 273K             
_AC3 = 273K             
_AC4 = 273K             
_AC5 = 0K             
_AC6 = 0K             
_AC7 = 0K             
_AC8 = 0K             
_AC9 = 0K             
_TMP = 301K","84","0",,"4","81","0","1152921504606847008","180","Microsoft-Windows-Kernel-Power","331c3b3a-2005-44c2-ac5e-77220c37d6b4","Microsoft-Windows-Kernel-Power/Thermal-Operational","4","56","rjaf-PC4429","S-1-5-18","8/30/2014 11:42:40 PM",,,"c:\users\mac_1\desktop\winevt\logs\microsoft-windows-kernel-power%4thermal-operational.evtx","System.UInt32[]","System.Diagnostics.Eventing.Reader.EventBookmark","Information","Info",,"System.Collections.ObjectModel.ReadOnlyCollection`1[System.String]","System.Collections.Generic.List`1[System.Diagnostics.Eventing.Reader.EventProperty]"
"ACPI thermal zone ACPI\ThermalZone\TZ00 has engaged active cooling.             
EventTime = ?2014?-?08?-?30T14:28:37.289208400Z             
_AC0 = 358K             
_AC1 = 328K             
_AC2 = 273K             
_AC3 = 273K             
_AC4 = 273K             
_AC5 = 0K             
_AC6 = 0K             
_AC7 = 0K             
_AC8 = 0K             
_AC9 = 0K             
_TMP = 301K","84","0",,"4","81","0","1152921504606847008","179","Microsoft-Windows-Kernel-Power","331c3b3a-2005-44c2-ac5e-77220c37d6b4","Microsoft-Windows-Kernel-Power/Thermal-Operational","4","56","rjaf-PC4429","S-1-5-18","8/30/2014 4:28:37 AM",,,"c:\users\mac_1\desktop\winevt\logs\microsoft-windows-kernel-power%4thermal-operational.evtx","System.UInt32[]","System.Diagnostics.Eventing.Reader.EventBookmark","Information","Info",,"System.Collections.ObjectModel.ReadOnlyCollection`1[System.String]","System.Collections.Generic.List`1[System.Diagnostics.Eventing.Reader.EventProperty]"
"ACPI thermal zone ACPI\ThermalZone\TZ00 has engaged active cooling.             
EventTime = ?2014?-?08?-?29T18:35:40.148808100Z             
_AC0 = 358K             
_AC1 = 328K             
_AC2 = 273K             
_AC3 = 273K             
_AC4 = 273K             
_AC5 = 0K             
_AC6 = 0K             
_AC7 = 0K             
_AC8 = 0K             
_AC9 = 0K             
_TMP = 301K","84","0",,"4","81","0","1152921504606847008","178","Microsoft-Windows-Kernel-Power","331c3b3a-2005-44c2-ac5e-77220c37d6b4","Microsoft-Windows-Kernel-Power/Thermal-Operational","4","64","rjaf-PC4429","S-1-5-18","8/29/2014 8:35:40 AM",,,"c:\users\mac_1\desktop\winevt\logs\microsoft-windows-kernel-power%4thermal-operational.evtx","System.UInt32[]","System.Diagnostics.Eventing.Reader.EventBookmark","Information","Info",,"System.Collections.ObjectModel.ReadOnlyCollection`1[System.String]","System.Collections.Generic.List`1[System.Diagnostics.Eventing.Reader.EventProperty]"
"ACPI thermal zone ACPI\ThermalZone\TZ00 has engaged active cooling.             
EventTime = ?2014?-?08?-?29T18:17:40.772809200Z             
_AC0 = 358K             
_AC1 = 328K             
_AC2 = 273K             
_AC3 = 273K             
_AC4 = 273K             
_AC5 = 0K             
_AC6 = 0K             
_AC7 = 0K             
_AC8 = 0K             
_AC9 = 0K             
_TMP = 301K","84","0",,"4","81","0","1152921504606847008","177","Microsoft-Windows-Kernel-Power","331c3b3a-2005-44c2-ac5e-77220c37d6b4","Microsoft-Windows-Kernel-Power/Thermal-Operational","4","44","rjaf-PC4429","S-1-5-18","8/29/2014 8:17:40 AM",,,"c:\users\mac_1\desktop\winevt\logs\microsoft-windows-kernel-power%4thermal-operational.evtx","System.UInt32[]","System.Diagnostics.Eventing.Reader.EventBookmark","Information","Info",,"System.Collections.ObjectModel.ReadOnlyCollection`1[System.String]","System.Collections.Generic.List`1[System.Diagnostics.Eventing.Reader.EventProperty]"
"ACPI thermal zone ACPI\ThermalZone\TZ00 has engaged active cooling.             
EventTime = ?2014?-?08?-?24T09:08:39.585608900Z             
_AC0 = 358K             
_AC1 = 328K             
_AC2 = 273K             
_AC3 = 273K             
_AC4 = 273K             
_AC5 = 0K             
_AC6 = 0K             
_AC7 = 0K             
_AC8 = 0K             
_AC9 = 0K             
_TMP = 301K","84","0",,"4","81","0","1152921504606847008","176","Microsoft-Windows-Kernel-Power","331c3b3a-2005-44c2-ac5e-77220c37d6b4","Microsoft-Windows-Kernel-Power/Thermal-Operational","4","48","rjaf-PC4429","S-1-5-18","8/23/2014 11:08:39 PM",,,"c:\users\mac_1\desktop\winevt\logs\microsoft-windows-kernel-power%4thermal-operational.evtx","System.UInt32[]","System.Diagnostics.Eventing.Reader.EventBookmark","Information","Info",,"System.Collections.ObjectModel.ReadOnlyCollection`1[System.String]","System.Collections.Generic.List`1[System.Diagnostics.Eventing.Reader.EventProperty]"
"ACPI thermal zone ACPI\ThermalZone\TZ00 has engaged active cooling.             
EventTime = ?2014?-?08?-?23T13:47:01.289208400Z             
_AC0 = 358K             
_AC1 = 328K             
_AC2 = 273K             
_AC3 = 273K             
_AC4 = 273K             
_AC5 = 0K             
_AC6 = 0K             
_AC7 = 0K             
_AC8 = 0K             
_AC9 = 0K             
_TMP = 301K","84","0",,"4","81","0","1152921504606847008","175","Microsoft-Windows-Kernel-Power","331c3b3a-2005-44c2-ac5e-77220c37d6b4","Microsoft-Windows-Kernel-Power/Thermal-Operational","4","60","rjaf-PC4429","S-1-5-18","8/23/2014 3:47:01 AM",,,"c:\users\mac_1\desktop\winevt\logs\microsoft-windows-kernel-power%4thermal-operational.evtx","System.UInt32[]","System.Diagnostics.Eventing.Reader.EventBookmark","Information","Info",,"System.Collections.ObjectModel.ReadOnlyCollection`1[System.String]","System.Collections.Generic.List`1[System.Diagnostics.Eventing.Reader.EventProperty]"
"ACPI thermal zone ACPI\ThermalZone\TZ00 has engaged active cooling.             
EventTime = ?2014?-?08?-?23T13:10:11.648009000Z             
_AC0 = 358K             
_AC1 = 328K             
_AC2 = 273K             
_AC3 = 273K             
_AC4 = 273K             
_AC5 = 0K             
_AC6 = 0K             
_AC7 = 0K             
_AC8 = 0K             
_AC9 = 0K             
_TMP = 301K","84","0",,"4","81","0","1152921504606847008","174","Microsoft-Windows-Kernel-Power","331c3b3a-2005-44c2-ac5e-77220c37d6b4","Microsoft-Windows-Kernel-Power/Thermal-Operational","4","52","rjaf-PC4429","S-1-5-18","8/23/2014 3:10:11 AM",,,"c:\users\mac_1\desktop\winevt\logs\microsoft-windows-kernel-power%4thermal-operational.evtx","System.UInt32[]","System.Diagnostics.Eventing.Reader.EventBookmark","Information","Info",,"System.Collections.ObjectModel.ReadOnlyCollection`1[System.String]","System.Collections.Generic.List`1[System.Diagnostics.Eventing.Reader.EventProperty]"
"ACPI thermal zone ACPI\ThermalZone\TZ00 has engaged active cooling.             
EventTime = ?2014?-?08?-?23T11:58:20.913209500Z             
_AC0 = 358K             
_AC1 = 328K             
_AC2 = 273K             
_AC3 = 273K             
_AC4 = 273K             
_AC5 = 0K             
_AC6 = 0K             
_AC7 = 0K             
_AC8 = 0K             
_AC9 = 0K             
_TMP = 301K","84","0",,"4","81","0","1152921504606847008","173","Microsoft-Windows-Kernel-Power","331c3b3a-2005-44c2-ac5e-77220c37d6b4","Microsoft-Windows-Kernel-Power/Thermal-Operational","4","44","rjaf-PC4429","S-1-5-18","8/23/2014 1:58:20 AM",,,"c:\users\mac_1\desktop\winevt\logs\microsoft-windows-kernel-power%4thermal-operational.evtx","System.UInt32[]","System.Diagnostics.Eventing.Reader.EventBookmark","Information","Info",,"System.Collections.ObjectModel.ReadOnlyCollection`1[System.String]","System.Collections.Generic.List`1[System.Diagnostics.Eventing.Reader.EventProperty]"
"ACPI thermal zone ACPI\ThermalZone\TZ00 has engaged active cooling.             
EventTime = ?2014?-?08?-?22T17:47:15.726009100Z             
_AC0 = 358K             
_AC1 = 328K             
_AC2 = 273K             
_AC3 = 273K             
_AC4 = 273K             
_AC5 = 0K             
_AC6 = 0K             
_AC7 = 0K             
_AC8 = 0K             
_AC9 = 0K             
_TMP = 301K","84","0",,"4","81","0","1152921504606847008","172","Microsoft-Windows-Kernel-Power","331c3b3a-2005-44c2-ac5e-77220c37d6b4","Microsoft-Windows-Kernel-Power/Thermal-Operational","4","56","rjaf-PC4429","S-1-5-18","8/22/2014 7:47:15 AM",,,"c:\users\mac_1\desktop\winevt\logs\microsoft-windows-kernel-power%4thermal-operational.evtx","System.UInt32[]","System.Diagnostics.Eventing.Reader.EventBookmark","Information","Info",,"System.Collections.ObjectModel.ReadOnlyCollection`1[System.String]","System.Collections.Generic.List`1[System.Diagnostics.Eventing.Reader.EventProperty]"
"ACPI thermal zone ACPI\ThermalZone\TZ00 has engaged active cooling.             
EventTime = ?2014?-?08?-?19T22:00:32.598012400Z             
_AC0 = 358K             
_AC1 = 328K             
_AC2 = 273K             
_AC3 = 273K             
_AC4 = 273K             
_AC5 = 0K             
_AC6 = 0K             
_AC7 = 0K             
_AC8 = 0K             
_AC9 = 0K             
_TMP = 301K","84","0",,"4","81","0","1152921504606847008","171","Microsoft-Windows-Kernel-Power","331c3b3a-2005-44c2-ac5e-77220c37d6b4","Microsoft-Windows-Kernel-Power/Thermal-Operational","4","60","rjaf-PC4429","S-1-5-18","8/19/2014 12:00:32 PM",,,"c:\users\mac_1\desktop\winevt\logs\microsoft-windows-kernel-power%4thermal-operational.evtx","System.UInt32[]","System.Diagnostics.Eventing.Reader.EventBookmark","Information","Info",,"System.Collections.ObjectModel.ReadOnlyCollection`1[System.String]","System.Collections.Generic.List`1[System.Diagnostics.Eventing.Reader.EventProperty]"
"ACPI thermal zone ACPI\ThermalZone\TZ00 has engaged active cooling.             
EventTime = ?2014?-?08?-?17T20:34:57.242408300Z             
_AC0 = 358K             
_AC1 = 328K             
_AC2 = 273K             
_AC3 = 273K             
_AC4 = 273K             
_AC5 = 0K             
_AC6 = 0K             
_AC7 = 0K             
_AC8 = 0K             
_AC9 = 0K             
_TMP = 301K","84","0",,"4","81","0","1152921504606847008","170","Microsoft-Windows-Kernel-Power","331c3b3a-2005-44c2-ac5e-77220c37d6b4","Microsoft-Windows-Kernel-Power/Thermal-Operational","4","64","rjaf-PC4429","S-1-5-18","8/17/2014 10:34:57 AM",,,"c:\users\mac_1\desktop\winevt\logs\microsoft-windows-kernel-power%4thermal-operational.evtx","System.UInt32[]","System.Diagnostics.Eventing.Reader.EventBookmark","Information","Info",,"System.Collections.ObjectModel.ReadOnlyCollection`1[System.String]","System.Collections.Generic.List`1[System.Diagnostics.Eventing.Reader.EventProperty]"
"ACPI thermal zone ACPI\ThermalZone\TZ00 has engaged active cooling.             
EventTime = ?2014?-?08?-?17T12:16:13.351608500Z             
_AC0 = 358K             
_AC1 = 328K             
_AC2 = 273K             
_AC3 = 273K             
_AC4 = 273K             
_AC5 = 0K             
_AC6 = 0K             
_AC7 = 0K             
_AC8 = 0K             
_AC9 = 0K             
_TMP = 301K","84","0",,"4","81","0","1152921504606847008","169","Microsoft-Windows-Kernel-Power","331c3b3a-2005-44c2-ac5e-77220c37d6b4","Microsoft-Windows-Kernel-Power/Thermal-Operational","4","48","rjaf-PC4429","S-1-5-18","8/17/2014 2:16:13 AM",,,"c:\users\mac_1\desktop\winevt\logs\microsoft-windows-kernel-power%4thermal-operational.evtx","System.UInt32[]","System.Diagnostics.Eventing.Reader.EventBookmark","Information","Info",,"System.Collections.ObjectModel.ReadOnlyCollection`1[System.String]","System.Collections.Generic.List`1[System.Diagnostics.Eventing.Reader.EventProperty]"
"ACPI thermal zone ACPI\ThermalZone\TZ00 has engaged active cooling.             
EventTime = ?2014?-?08?-?16T21:23:11.585608900Z             
_AC0 = 358K             
_AC1 = 328K             
_AC2 = 273K             
_AC3 = 273K             
_AC4 = 273K             
_AC5 = 0K             
_AC6 = 0K             
_AC7 = 0K             
_AC8 = 0K             
_AC9 = 0K             
_TMP = 301K","84","0",,"4","81","0","1152921504606847008","168","Microsoft-Windows-Kernel-Power","331c3b3a-2005-44c2-ac5e-77220c37d6b4","Microsoft-Windows-Kernel-Power/Thermal-Operational","4","48","rjaf-PC4429","S-1-5-18","8/16/2014 11:23:11 AM",,,"c:\users\mac_1\desktop\winevt\logs\microsoft-windows-kernel-power%4thermal-operational.evtx","System.UInt32[]","System.Diagnostics.Eventing.Reader.EventBookmark","Information","Info",,"System.Collections.ObjectModel.ReadOnlyCollection`1[System.String]","System.Collections.Generic.List`1[System.Diagnostics.Eventing.Reader.EventProperty]"
"ACPI thermal zone ACPI\ThermalZone\TZ00 has engaged active cooling.             
EventTime = ?2014?-?08?-?16T21:19:05.272010100Z             
_AC0 = 358K             
_AC1 = 328K             
_AC2 = 273K             
_AC3 = 273K             
_AC4 = 273K             
_AC5 = 0K             
_AC6 = 0K             
_AC7 = 0K             
_AC8 = 0K             
_AC9 = 0K             
_TMP = 301K","84","0",,"4","81","0","1152921504606847008","167","Microsoft-Windows-Kernel-Power","331c3b3a-2005-44c2-ac5e-77220c37d6b4","Microsoft-Windows-Kernel-Power/Thermal-Operational","4","64","rjaf-PC4429","S-1-5-18","8/16/2014 11:19:05 AM",,,"c:\users\mac_1\desktop\winevt\logs\microsoft-windows-kernel-power%4thermal-operational.evtx","System.UInt32[]","System.Diagnostics.Eventing.Reader.EventBookmark","Information","Info",,"System.Collections.ObjectModel.ReadOnlyCollection`1[System.String]","System.Collections.Generic.List`1[System.Diagnostics.Eventing.Reader.EventProperty]"
"ACPI thermal zone ACPI\ThermalZone\TZ00 has engaged active cooling.             
EventTime = ?2014?-?08?-?16T16:08:11.663609000Z             
_AC0 = 358K             
_AC1 = 328K             
_AC2 = 273K             
_AC3 = 273K             
_AC4 = 273K             
_AC5 = 0K             
_AC6 = 0K             
_AC7 = 0K             
_AC8 = 0K             
_AC9 = 0K             
_TMP = 301K","84","0",,"4","81","0","1152921504606847008","166","Microsoft-Windows-Kernel-Power","331c3b3a-2005-44c2-ac5e-77220c37d6b4","Microsoft-Windows-Kernel-Power/Thermal-Operational","4","48","rjaf-PC4429","S-1-5-18","8/16/2014 6:08:11 AM",,,"c:\users\mac_1\desktop\winevt\logs\microsoft-windows-kernel-power%4thermal-operational.evtx","System.UInt32[]","System.Diagnostics.Eventing.Reader.EventBookmark","Information","Info",,"System.Collections.ObjectModel.ReadOnlyCollection`1[System.String]","System.Collections.Generic.List`1[System.Diagnostics.Eventing.Reader.EventProperty]"
"ACPI thermal zone ACPI\ThermalZone\TZ00 has engaged active cooling.             
EventTime = ?2014?-?08?-?16T15:57:25.240810000Z             
_AC0 = 358K             
_AC1 = 328K             
_AC2 = 273K             
_AC3 = 273K             
_AC4 = 273K             
_AC5 = 0K             
_AC6 = 0K             
_AC7 = 0K             
_AC8 = 0K             
_AC9 = 0K             
_TMP = 301K","84","0",,"4","81","0","1152921504606847008","165","Microsoft-Windows-Kernel-Power","331c3b3a-2005-44c2-ac5e-77220c37d6b4","Microsoft-Windows-Kernel-Power/Thermal-Operational","4","44","rjaf-PC4429","S-1-5-18","8/16/2014 5:57:25 AM",,,"c:\users\mac_1\desktop\winevt\logs\microsoft-windows-kernel-power%4thermal-operational.evtx","System.UInt32[]","System.Diagnostics.Eventing.Reader.EventBookmark","Information","Info",,"System.Collections.ObjectModel.ReadOnlyCollection`1[System.String]","System.Collections.Generic.List`1[System.Diagnostics.Eventing.Reader.EventProperty]"
"ACPI thermal zone ACPI\ThermalZone\TZ00 has engaged active cooling.             
EventTime = ?2014?-?08?-?15T10:10:33.741609200Z             
_AC0 = 358K             
_AC1 = 328K             
_AC2 = 273K             
_AC3 = 273K             
_AC4 = 273K             
_AC5 = 0K             
_AC6 = 0K             
_AC7 = 0K             
_AC8 = 0K             
_AC9 = 0K             
_TMP = 301K","84","0",,"4","81","0","1152921504606847008","164","Microsoft-Windows-Kernel-Power","331c3b3a-2005-44c2-ac5e-77220c37d6b4","Microsoft-Windows-Kernel-Power/Thermal-Operational","4","56","rjaf-PC4429","S-1-5-18","8/15/2014 12:10:33 AM",,,"c:\users\mac_1\desktop\winevt\logs\microsoft-windows-kernel-power%4thermal-operational.evtx","System.UInt32[]","System.Diagnostics.Eventing.Reader.EventBookmark","Information","Info",,"System.Collections.ObjectModel.ReadOnlyCollection`1[System.String]","System.Collections.Generic.List`1[System.Diagnostics.Eventing.Reader.EventProperty]"
"ACPI thermal zone ACPI\ThermalZone\TZ00 has engaged active cooling.             
EventTime = ?2014?-?08?-?13T09:23:56.303210100Z             
_AC0 = 358K             
_AC1 = 328K             
_AC2 = 273K             
_AC3 = 273K             
_AC4 = 273K             
_AC5 = 0K             
_AC6 = 0K             
_AC7 = 0K             
_AC8 = 0K             
_AC9 = 0K             
_TMP = 301K","84","0",,"4","81","0","1152921504606847008","163","Microsoft-Windows-Kernel-Power","331c3b3a-2005-44c2-ac5e-77220c37d6b4","Microsoft-Windows-Kernel-Power/Thermal-Operational","4","44","rjaf-PC4429","S-1-5-18","8/12/2014 11:23:56 PM",,,"c:\users\mac_1\desktop\winevt\logs\microsoft-windows-kernel-power%4thermal-operational.evtx","System.UInt32[]","System.Diagnostics.Eventing.Reader.EventBookmark","Information","Info",,"System.Collections.ObjectModel.ReadOnlyCollection`1[System.String]","System.Collections.Generic.List`1[System.Diagnostics.Eventing.Reader.EventProperty]"
"ACPI thermal zone ACPI\ThermalZone\TZ00 has engaged active cooling.             
EventTime = ?2014?-?08?-?11T23:03:36.476408700Z             
_AC0 = 358K             
_AC1 = 328K             
_AC2 = 273K             
_AC3 = 273K             
_AC4 = 273K             
_AC5 = 0K             
_AC6 = 0K             
_AC7 = 0K             
_AC8 = 0K             
_AC9 = 0K             
_TMP = 301K","84","0",,"4","81","0","1152921504606847008","162","Microsoft-Windows-Kernel-Power","331c3b3a-2005-44c2-ac5e-77220c37d6b4","Microsoft-Windows-Kernel-Power/Thermal-Operational","4","48","rjaf-PC4429","S-1-5-18","8/11/2014 1:03:36 PM",,,"c:\users\mac_1\desktop\winevt\logs\microsoft-windows-kernel-power%4thermal-operational.evtx","System.UInt32[]","System.Diagnostics.Eventing.Reader.EventBookmark","Information","Info",,"System.Collections.ObjectModel.ReadOnlyCollection`1[System.String]","System.Collections.Generic.List`1[System.Diagnostics.Eventing.Reader.EventProperty]"
"ACPI thermal zone ACPI\ThermalZone\TZ00 has engaged active cooling.             
EventTime = ?2014?-?08?-?11T10:29:43.814814600Z             
_AC0 = 358K             
_AC1 = 328K             
_AC2 = 273K             
_AC3 = 273K             
_AC4 = 273K             
_AC5 = 0K             
_AC6 = 0K             
_AC7 = 0K             
_AC8 = 0K             
_AC9 = 0K             
_TMP = 301K","84","0",,"4","81","0","1152921504606847008","161","Microsoft-Windows-Kernel-Power","331c3b3a-2005-44c2-ac5e-77220c37d6b4","Microsoft-Windows-Kernel-Power/Thermal-Operational","4","68","rjaf-PC4429","S-1-5-18","8/11/2014 12:29:43 AM",,,"c:\users\mac_1\desktop\winevt\logs\microsoft-windows-kernel-power%4thermal-operational.evtx","System.UInt32[]","System.Diagnostics.Eventing.Reader.EventBookmark","Information","Info",,"System.Collections.ObjectModel.ReadOnlyCollection`1[System.String]","System.Collections.Generic.List`1[System.Diagnostics.Eventing.Reader.EventProperty]"
"ACPI thermal zone ACPI\ThermalZone\TZ00 has engaged active cooling.             
EventTime = ?2014?-?08?-?09T21:40:08.913209500Z             
_AC0 = 358K             
_AC1 = 328K             
_AC2 = 273K             
_AC3 = 273K             
_AC4 = 273K             
_AC5 = 0K             
_AC6 = 0K             
_AC7 = 0K             
_AC8 = 0K             
_AC9 = 0K             
_TMP = 301K","84","0",,"4","81","0","1152921504606847008","160","Microsoft-Windows-Kernel-Power","331c3b3a-2005-44c2-ac5e-77220c37d6b4","Microsoft-Windows-Kernel-Power/Thermal-Operational","4","56","rjaf-PC4429","S-1-5-18","8/9/2014 11:40:08 AM",,,"c:\users\mac_1\desktop\winevt\logs\microsoft-windows-kernel-power%4thermal-operational.evtx","System.UInt32[]","System.Diagnostics.Eventing.Reader.EventBookmark","Information","Info",,"System.Collections.ObjectModel.ReadOnlyCollection`1[System.String]","System.Collections.Generic.List`1[System.Diagnostics.Eventing.Reader.EventProperty]"
"ACPI thermal zone ACPI\ThermalZone\TZ00 has engaged active cooling.             
EventTime = ?2014?-?08?-?09T14:38:27.710409100Z             
_AC0 = 358K             
_AC1 = 328K             
_AC2 = 273K             
_AC3 = 273K             
_AC4 = 273K             
_AC5 = 0K             
_AC6 = 0K             
_AC7 = 0K             
_AC8 = 0K             
_AC9 = 0K             
_TMP = 301K","84","0",,"4","81","0","1152921504606847008","159","Microsoft-Windows-Kernel-Power","331c3b3a-2005-44c2-ac5e-77220c37d6b4","Microsoft-Windows-Kernel-Power/Thermal-Operational","4","44","rjaf-PC4429","S-1-5-18","8/9/2014 4:38:27 AM",,,"c:\users\mac_1\desktop\winevt\logs\microsoft-windows-kernel-power%4thermal-operational.evtx","System.UInt32[]","System.Diagnostics.Eventing.Reader.EventBookmark","Information","Info",,"System.Collections.ObjectModel.ReadOnlyCollection`1[System.String]","System.Collections.Generic.List`1[System.Diagnostics.Eventing.Reader.EventProperty]"
"ACPI thermal zone ACPI\ThermalZone\TZ00 has engaged active cooling.             
EventTime = ?2014?-?08?-?06T14:39:44.392015600Z             
_AC0 = 358K             
_AC1 = 328K             
_AC2 = 273K             
_AC3 = 273K             
_AC4 = 273K             
_AC5 = 0K             
_AC6 = 0K             
_AC7 = 0K             
_AC8 = 0K             
_AC9 = 0K             
_TMP = 301K","84","0",,"4","81","0","1152921504606847008","158","Microsoft-Windows-Kernel-Power","331c3b3a-2005-44c2-ac5e-77220c37d6b4","Microsoft-Windows-Kernel-Power/Thermal-Operational","4","68","rjaf-PC4429","S-1-5-18","8/6/2014 4:39:44 AM",,,"c:\users\mac_1\desktop\winevt\logs\microsoft-windows-kernel-power%4thermal-operational.evtx","System.UInt32[]","System.Diagnostics.Eventing.Reader.EventBookmark","Information","Info",,"System.Collections.ObjectModel.ReadOnlyCollection`1[System.String]","System.Collections.Generic.List`1[System.Diagnostics.Eventing.Reader.EventProperty]"
"ACPI thermal zone ACPI\ThermalZone\TZ00 has engaged active cooling.             
EventTime = ?2014?-?08?-?04T09:59:48.476408700Z             
_AC0 = 358K             
_AC1 = 328K             
_AC2 = 273K             
_AC3 = 273K             
_AC4 = 273K             
_AC5 = 0K             
_AC6 = 0K             
_AC7 = 0K             
_AC8 = 0K             
_AC9 = 0K             
_TMP = 301K","84","0",,"4","81","0","1152921504606847008","157","Microsoft-Windows-Kernel-Power","331c3b3a-2005-44c2-ac5e-77220c37d6b4","Microsoft-Windows-Kernel-Power/Thermal-Operational","4","56","rjaf-PC4429","S-1-5-18","8/3/2014 11:59:48 PM",,,"c:\users\mac_1\desktop\winevt\logs\microsoft-windows-kernel-power%4thermal-operational.evtx","System.UInt32[]","System.Diagnostics.Eventing.Reader.EventBookmark","Information","Info",,"System.Collections.ObjectModel.ReadOnlyCollection`1[System.String]","System.Collections.Generic.List`1[System.Diagnostics.Eventing.Reader.EventProperty]"
"ACPI thermal zone ACPI\ThermalZone\TZ00 has engaged active cooling.             
EventTime = ?2014?-?08?-?03T11:32:40.273608300Z             
_AC0 = 358K             
_AC1 = 328K             
_AC2 = 273K             
_AC3 = 273K             
_AC4 = 273K             
_AC5 = 0K             
_AC6 = 0K             
_AC7 = 0K             
_AC8 = 0K             
_AC9 = 0K             
_TMP = 301K","84","0",,"4","81","0","1152921504606847008","156","Microsoft-Windows-Kernel-Power","331c3b3a-2005-44c2-ac5e-77220c37d6b4","Microsoft-Windows-Kernel-Power/Thermal-Operational","4","44","rjaf-PC4429","S-1-5-18","8/3/2014 1:32:40 AM",,,"c:\users\mac_1\desktop\winevt\logs\microsoft-windows-kernel-power%4thermal-operational.evtx","System.UInt32[]","System.Diagnostics.Eventing.Reader.EventBookmark","Information","Info",,"System.Collections.ObjectModel.ReadOnlyCollection`1[System.String]","System.Collections.Generic.List`1[System.Diagnostics.Eventing.Reader.EventProperty]"
"ACPI thermal zone ACPI\ThermalZone\TZ00 has engaged active cooling.             
EventTime = ?2014?-?07?-?31T22:39:07.961607800Z             
_AC0 = 358K             
_AC1 = 328K             
_AC2 = 273K             
_AC3 = 273K             
_AC4 = 273K             
_AC5 = 0K             
_AC6 = 0K             
_AC7 = 0K             
_AC8 = 0K             
_AC9 = 0K             
_TMP = 301K","84","0",,"4","81","0","1152921504606847008","155","Microsoft-Windows-Kernel-Power","331c3b3a-2005-44c2-ac5e-77220c37d6b4","Microsoft-Windows-Kernel-Power/Thermal-Operational","4","64","rjaf-PC4429","S-1-5-18","7/31/2014 12:39:07 PM",,,"c:\users\mac_1\desktop\winevt\logs\microsoft-windows-kernel-power%4thermal-operational.evtx","System.UInt32[]","System.Diagnostics.Eventing.Reader.EventBookmark","Information","Info",,"System.Collections.ObjectModel.ReadOnlyCollection`1[System.String]","System.Collections.Generic.List`1[System.Diagnostics.Eventing.Reader.EventProperty]"
"ACPI thermal zone ACPI\ThermalZone\TZ00 has engaged active cooling.             
EventTime = ?2014?-?07?-?31T12:09:07.289208400Z             
_AC0 = 358K             
_AC1 = 328K             
_AC2 = 273K             
_AC3 = 273K             
_AC4 = 273K             
_AC5 = 0K             
_AC6 = 0K             
_AC7 = 0K             
_AC8 = 0K             
_AC9 = 0K             
_TMP = 301K","84","0",,"4","81","0","1152921504606847008","154","Microsoft-Windows-Kernel-Power","331c3b3a-2005-44c2-ac5e-77220c37d6b4","Microsoft-Windows-Kernel-Power/Thermal-Operational","4","64","rjaf-PC4429","S-1-5-18","7/31/2014 2:09:07 AM",,,"c:\users\mac_1\desktop\winevt\logs\microsoft-windows-kernel-power%4thermal-operational.evtx","System.UInt32[]","System.Diagnostics.Eventing.Reader.EventBookmark","Information","Info",,"System.Collections.ObjectModel.ReadOnlyCollection`1[System.String]","System.Collections.Generic.List`1[System.Diagnostics.Eventing.Reader.EventProperty]"
"ACPI thermal zone ACPI\ThermalZone\TZ00 has engaged active cooling.             
EventTime = ?2014?-?07?-?16T10:40:58.180008200Z             
_AC0 = 358K             
_AC1 = 328K             
_AC2 = 273K             
_AC3 = 273K             
_AC4 = 273K             
_AC5 = 0K             
_AC6 = 0K             
_AC7 = 0K             
_AC8 = 0K             
_AC9 = 0K             
_TMP = 301K","84","0",,"4","81","0","1152921504606847008","153","Microsoft-Windows-Kernel-Power","331c3b3a-2005-44c2-ac5e-77220c37d6b4","Microsoft-Windows-Kernel-Power/Thermal-Operational","4","48","rjaf-PC4429","S-1-5-18","7/16/2014 12:40:58 AM",,,"c:\users\mac_1\desktop\winevt\logs\microsoft-windows-kernel-power%4thermal-operational.evtx","System.UInt32[]","System.Diagnostics.Eventing.Reader.EventBookmark","Information","Info",,"System.Collections.ObjectModel.ReadOnlyCollection`1[System.String]","System.Collections.Generic.List`1[System.Diagnostics.Eventing.Reader.EventProperty]"
"ACPI thermal zone ACPI\ThermalZone\TZ00 has engaged active cooling.             
EventTime = ?2014?-?07?-?15T10:47:11.883607700Z             
_AC0 = 358K             
_AC1 = 328K             
_AC2 = 273K             
_AC3 = 273K             
_AC4 = 273K             
_AC5 = 0K             
_AC6 = 0K             
_AC7 = 0K             
_AC8 = 0K             
_AC9 = 0K             
_TMP = 301K","84","0",,"4","81","0","1152921504606847008","152","Microsoft-Windows-Kernel-Power","331c3b3a-2005-44c2-ac5e-77220c37d6b4","Microsoft-Windows-Kernel-Power/Thermal-Operational","4","52","rjaf-PC4429","S-1-5-18","7/15/2014 12:47:11 AM",,,"c:\users\mac_1\desktop\winevt\logs\microsoft-windows-kernel-power%4thermal-operational.evtx","System.UInt32[]","System.Diagnostics.Eventing.Reader.EventBookmark","Information","Info",,"System.Collections.ObjectModel.ReadOnlyCollection`1[System.String]","System.Collections.Generic.List`1[System.Diagnostics.Eventing.Reader.EventProperty]"
