"Possible heap corruption detected (exception code 3221225477). Initiating further diagnostics.","2","0",,"4","0","0","-9222246136947933184","144","Microsoft-Windows-WER-Diag","ad8aa069-a01b-40a0-ba40-948d1d8dedc5","Microsoft-Windows-WER-Diag/Operational","3552","1764","rjaf-PC4429","S-1-5-21-1634558665-2257203147-3060767804-1000","5/13/2015 5:30:31 PM",,,"c:\users\mac_1\desktop\winevt\logs\microsoft-windows-wer-diag%4operational.evtx","System.UInt32[]","System.Diagnostics.Eventing.Reader.EventBookmark","Information","Info",,"System.Collections.ObjectModel.ReadOnlyCollection`1[System.String]","System.Collections.Generic.List`1[System.Diagnostics.Eventing.Reader.EventProperty]"
"Possible heap corruption detected (exception code 3221225477). Initiating further diagnostics.","2","0",,"4","0","0","-9222246136947933184","143","Microsoft-Windows-WER-Diag","ad8aa069-a01b-40a0-ba40-948d1d8dedc5","Microsoft-Windows-WER-Diag/Operational","356","3176","rjaf-PC4429","S-1-5-21-1634558665-2257203147-3060767804-1000","5/13/2015 5:30:22 PM",,,"c:\users\mac_1\desktop\winevt\logs\microsoft-windows-wer-diag%4operational.evtx","System.UInt32[]","System.Diagnostics.Eventing.Reader.EventBookmark","Information","Info",,"System.Collections.ObjectModel.ReadOnlyCollection`1[System.String]","System.Collections.Generic.List`1[System.Diagnostics.Eventing.Reader.EventProperty]"
"Possible heap corruption detected (exception code 3221225477). Initiating further diagnostics.","2","0",,"4","0","0","-9222246136947933184","142","Microsoft-Windows-WER-Diag","ad8aa069-a01b-40a0-ba40-948d1d8dedc5","Microsoft-Windows-WER-Diag/Operational","1312","3852","rjaf-PC4429","S-1-5-21-1634558665-2257203147-3060767804-1000","5/13/2015 5:30:13 PM",,,"c:\users\mac_1\desktop\winevt\logs\microsoft-windows-wer-diag%4operational.evtx","System.UInt32[]","System.Diagnostics.Eventing.Reader.EventBookmark","Information","Info",,"System.Collections.ObjectModel.ReadOnlyCollection`1[System.String]","System.Collections.Generic.List`1[System.Diagnostics.Eventing.Reader.EventProperty]"
"Possible heap corruption detected (exception code 3221225477). Initiating further diagnostics.","2","0",,"4","0","0","-9222246136947933184","141","Microsoft-Windows-WER-Diag","ad8aa069-a01b-40a0-ba40-948d1d8dedc5","Microsoft-Windows-WER-Diag/Operational","1460","2872","rjaf-PC4429","S-1-5-21-1634558665-2257203147-3060767804-1000","5/13/2015 5:30:04 PM",,,"c:\users\mac_1\desktop\winevt\logs\microsoft-windows-wer-diag%4operational.evtx","System.UInt32[]","System.Diagnostics.Eventing.Reader.EventBookmark","Information","Info",,"System.Collections.ObjectModel.ReadOnlyCollection`1[System.String]","System.Collections.Generic.List`1[System.Diagnostics.Eventing.Reader.EventProperty]"
"Possible heap corruption detected (exception code 3221225477). Initiating further diagnostics.","2","0",,"4","0","0","-9222246136947933184","140","Microsoft-Windows-WER-Diag","ad8aa069-a01b-40a0-ba40-948d1d8dedc5","Microsoft-Windows-WER-Diag/Operational","2604","1824","rjaf-PC4429","S-1-5-21-1634558665-2257203147-3060767804-1000","5/13/2015 5:29:55 PM",,,"c:\users\mac_1\desktop\winevt\logs\microsoft-windows-wer-diag%4operational.evtx","System.UInt32[]","System.Diagnostics.Eventing.Reader.EventBookmark","Information","Info",,"System.Collections.ObjectModel.ReadOnlyCollection`1[System.String]","System.Collections.Generic.List`1[System.Diagnostics.Eventing.Reader.EventProperty]"
"Possible heap corruption detected (exception code 3221225477). Initiating further diagnostics.","2","0",,"4","0","0","-9222246136947933184","139","Microsoft-Windows-WER-Diag","ad8aa069-a01b-40a0-ba40-948d1d8dedc5","Microsoft-Windows-WER-Diag/Operational","2464","2072","rjaf-PC4429","S-1-5-21-1634558665-2257203147-3060767804-1000","5/13/2015 3:29:37 PM",,,"c:\users\mac_1\desktop\winevt\logs\microsoft-windows-wer-diag%4operational.evtx","System.UInt32[]","System.Diagnostics.Eventing.Reader.EventBookmark","Information","Info",,"System.Collections.ObjectModel.ReadOnlyCollection`1[System.String]","System.Collections.Generic.List`1[System.Diagnostics.Eventing.Reader.EventProperty]"
"Possible heap corruption detected (exception code 3221225477). Initiating further diagnostics.","2","0",,"4","0","0","-9222246136947933184","138","Microsoft-Windows-WER-Diag","ad8aa069-a01b-40a0-ba40-948d1d8dedc5","Microsoft-Windows-WER-Diag/Operational","3304","3312","rjaf-PC4429","S-1-5-21-1634558665-2257203147-3060767804-1000","5/13/2015 11:45:45 AM",,,"c:\users\mac_1\desktop\winevt\logs\microsoft-windows-wer-diag%4operational.evtx","System.UInt32[]","System.Diagnostics.Eventing.Reader.EventBookmark","Information","Info",,"System.Collections.ObjectModel.ReadOnlyCollection`1[System.String]","System.Collections.Generic.List`1[System.Diagnostics.Eventing.Reader.EventProperty]"
"Possible heap corruption detected (exception code 3221225477). Initiating further diagnostics.","2","0",,"4","0","0","-9222246136947933184","137","Microsoft-Windows-WER-Diag","ad8aa069-a01b-40a0-ba40-948d1d8dedc5","Microsoft-Windows-WER-Diag/Operational","3024","4012","rjaf-PC4429","S-1-5-21-1634558665-2257203147-3060767804-1000","5/12/2015 5:31:40 AM",,,"c:\users\mac_1\desktop\winevt\logs\microsoft-windows-wer-diag%4operational.evtx","System.UInt32[]","System.Diagnostics.Eventing.Reader.EventBookmark","Information","Info",,"System.Collections.ObjectModel.ReadOnlyCollection`1[System.String]","System.Collections.Generic.List`1[System.Diagnostics.Eventing.Reader.EventProperty]"
"Possible heap corruption detected (exception code 3221225477). Initiating further diagnostics.","2","0",,"4","0","0","-9222246136947933184","136","Microsoft-Windows-WER-Diag","ad8aa069-a01b-40a0-ba40-948d1d8dedc5","Microsoft-Windows-WER-Diag/Operational","3016","2904","rjaf-PC4429","S-1-5-21-1634558665-2257203147-3060767804-1000","5/12/2015 2:31:20 AM",,,"c:\users\mac_1\desktop\winevt\logs\microsoft-windows-wer-diag%4operational.evtx","System.UInt32[]","System.Diagnostics.Eventing.Reader.EventBookmark","Information","Info",,"System.Collections.ObjectModel.ReadOnlyCollection`1[System.String]","System.Collections.Generic.List`1[System.Diagnostics.Eventing.Reader.EventProperty]"
"Possible heap corruption detected (exception code 3221225477). Initiating further diagnostics.","2","0",,"4","0","0","-9222246136947933184","135","Microsoft-Windows-WER-Diag","ad8aa069-a01b-40a0-ba40-948d1d8dedc5","Microsoft-Windows-WER-Diag/Operational","4056","4060","rjaf-PC4429","S-1-5-21-1634558665-2257203147-3060767804-1000","5/12/2015 2:31:11 AM",,,"c:\users\mac_1\desktop\winevt\logs\microsoft-windows-wer-diag%4operational.evtx","System.UInt32[]","System.Diagnostics.Eventing.Reader.EventBookmark","Information","Info",,"System.Collections.ObjectModel.ReadOnlyCollection`1[System.String]","System.Collections.Generic.List`1[System.Diagnostics.Eventing.Reader.EventProperty]"
"Possible heap corruption detected (exception code 3221225477). Initiating further diagnostics.","2","0",,"4","0","0","-9222246136947933184","134","Microsoft-Windows-WER-Diag","ad8aa069-a01b-40a0-ba40-948d1d8dedc5","Microsoft-Windows-WER-Diag/Operational","3472","3476","rjaf-PC4429","S-1-5-21-1634558665-2257203147-3060767804-1000","5/12/2015 2:30:40 AM",,,"c:\users\mac_1\desktop\winevt\logs\microsoft-windows-wer-diag%4operational.evtx","System.UInt32[]","System.Diagnostics.Eventing.Reader.EventBookmark","Information","Info",,"System.Collections.ObjectModel.ReadOnlyCollection`1[System.String]","System.Collections.Generic.List`1[System.Diagnostics.Eventing.Reader.EventProperty]"
"Possible heap corruption detected (exception code 3221225477). Initiating further diagnostics.","2","0",,"4","0","0","-9222246136947933184","133","Microsoft-Windows-WER-Diag","ad8aa069-a01b-40a0-ba40-948d1d8dedc5","Microsoft-Windows-WER-Diag/Operational","332","992","rjaf-PC4429","S-1-5-21-1634558665-2257203147-3060767804-1000","5/12/2015 2:12:53 AM",,,"c:\users\mac_1\desktop\winevt\logs\microsoft-windows-wer-diag%4operational.evtx","System.UInt32[]","System.Diagnostics.Eventing.Reader.EventBookmark","Information","Info",,"System.Collections.ObjectModel.ReadOnlyCollection`1[System.String]","System.Collections.Generic.List`1[System.Diagnostics.Eventing.Reader.EventProperty]"
"Possible heap corruption detected (exception code 3221225477). Initiating further diagnostics.","2","0",,"4","0","0","-9222246136947933184","132","Microsoft-Windows-WER-Diag","ad8aa069-a01b-40a0-ba40-948d1d8dedc5","Microsoft-Windows-WER-Diag/Operational","3336","2556","rjaf-PC4429","S-1-5-21-1634558665-2257203147-3060767804-1000","5/12/2015 2:12:49 AM",,,"c:\users\mac_1\desktop\winevt\logs\microsoft-windows-wer-diag%4operational.evtx","System.UInt32[]","System.Diagnostics.Eventing.Reader.EventBookmark","Information","Info",,"System.Collections.ObjectModel.ReadOnlyCollection`1[System.String]","System.Collections.Generic.List`1[System.Diagnostics.Eventing.Reader.EventProperty]"
"Possible heap corruption detected (exception code 3221225477). Initiating further diagnostics.","2","0",,"4","0","0","-9222246136947933184","131","Microsoft-Windows-WER-Diag","ad8aa069-a01b-40a0-ba40-948d1d8dedc5","Microsoft-Windows-WER-Diag/Operational","3780","3732","rjaf-PC4429","S-1-5-21-1634558665-2257203147-3060767804-1000","5/12/2015 2:12:40 AM",,,"c:\users\mac_1\desktop\winevt\logs\microsoft-windows-wer-diag%4operational.evtx","System.UInt32[]","System.Diagnostics.Eventing.Reader.EventBookmark","Information","Info",,"System.Collections.ObjectModel.ReadOnlyCollection`1[System.String]","System.Collections.Generic.List`1[System.Diagnostics.Eventing.Reader.EventProperty]"
"Possible heap corruption detected (exception code 3221225477). Initiating further diagnostics.","2","0",,"4","0","0","-9222246136947933184","130","Microsoft-Windows-WER-Diag","ad8aa069-a01b-40a0-ba40-948d1d8dedc5","Microsoft-Windows-WER-Diag/Operational","1952","3268","rjaf-PC4429","S-1-5-21-1634558665-2257203147-3060767804-1000","5/12/2015 2:12:31 AM",,,"c:\users\mac_1\desktop\winevt\logs\microsoft-windows-wer-diag%4operational.evtx","System.UInt32[]","System.Diagnostics.Eventing.Reader.EventBookmark","Information","Info",,"System.Collections.ObjectModel.ReadOnlyCollection`1[System.String]","System.Collections.Generic.List`1[System.Diagnostics.Eventing.Reader.EventProperty]"
"Possible heap corruption detected (exception code 3221225477). Initiating further diagnostics.","2","0",,"4","0","0","-9222246136947933184","129","Microsoft-Windows-WER-Diag","ad8aa069-a01b-40a0-ba40-948d1d8dedc5","Microsoft-Windows-WER-Diag/Operational","2344","1884","rjaf-PC4429","S-1-5-21-1634558665-2257203147-3060767804-1000","5/12/2015 12:21:49 AM",,,"c:\users\mac_1\desktop\winevt\logs\microsoft-windows-wer-diag%4operational.evtx","System.UInt32[]","System.Diagnostics.Eventing.Reader.EventBookmark","Information","Info",,"System.Collections.ObjectModel.ReadOnlyCollection`1[System.String]","System.Collections.Generic.List`1[System.Diagnostics.Eventing.Reader.EventProperty]"
"Possible heap corruption detected (exception code 3221225477). Initiating further diagnostics.","2","0",,"4","0","0","-9222246136947933184","128","Microsoft-Windows-WER-Diag","ad8aa069-a01b-40a0-ba40-948d1d8dedc5","Microsoft-Windows-WER-Diag/Operational","1660","1884","rjaf-PC4429","S-1-5-21-1634558665-2257203147-3060767804-1000","5/12/2015 12:21:37 AM",,,"c:\users\mac_1\desktop\winevt\logs\microsoft-windows-wer-diag%4operational.evtx","System.UInt32[]","System.Diagnostics.Eventing.Reader.EventBookmark","Information","Info",,"System.Collections.ObjectModel.ReadOnlyCollection`1[System.String]","System.Collections.Generic.List`1[System.Diagnostics.Eventing.Reader.EventProperty]"
"Possible heap corruption detected (exception code 3221225477). Initiating further diagnostics.","2","0",,"4","0","0","-9222246136947933184","127","Microsoft-Windows-WER-Diag","ad8aa069-a01b-40a0-ba40-948d1d8dedc5","Microsoft-Windows-WER-Diag/Operational","3656","368","rjaf-PC4429","S-1-5-21-1634558665-2257203147-3060767804-1000","5/12/2015 12:21:27 AM",,,"c:\users\mac_1\desktop\winevt\logs\microsoft-windows-wer-diag%4operational.evtx","System.UInt32[]","System.Diagnostics.Eventing.Reader.EventBookmark","Information","Info",,"System.Collections.ObjectModel.ReadOnlyCollection`1[System.String]","System.Collections.Generic.List`1[System.Diagnostics.Eventing.Reader.EventProperty]"
"Possible heap corruption detected (exception code 3221225477). Initiating further diagnostics.","2","0",,"4","0","0","-9222246136947933184","126","Microsoft-Windows-WER-Diag","ad8aa069-a01b-40a0-ba40-948d1d8dedc5","Microsoft-Windows-WER-Diag/Operational","332","3072","rjaf-PC4429","S-1-5-21-1634558665-2257203147-3060767804-1000","5/12/2015 12:18:36 AM",,,"c:\users\mac_1\desktop\winevt\logs\microsoft-windows-wer-diag%4operational.evtx","System.UInt32[]","System.Diagnostics.Eventing.Reader.EventBookmark","Information","Info",,"System.Collections.ObjectModel.ReadOnlyCollection`1[System.String]","System.Collections.Generic.List`1[System.Diagnostics.Eventing.Reader.EventProperty]"
"Possible heap corruption detected (exception code 3221225477). Initiating further diagnostics.","2","0",,"4","0","0","-9222246136947933184","125","Microsoft-Windows-WER-Diag","ad8aa069-a01b-40a0-ba40-948d1d8dedc5","Microsoft-Windows-WER-Diag/Operational","1476","1804","rjaf-PC4429","S-1-5-21-1634558665-2257203147-3060767804-1000","5/12/2015 12:18:15 AM",,,"c:\users\mac_1\desktop\winevt\logs\microsoft-windows-wer-diag%4operational.evtx","System.UInt32[]","System.Diagnostics.Eventing.Reader.EventBookmark","Information","Info",,"System.Collections.ObjectModel.ReadOnlyCollection`1[System.String]","System.Collections.Generic.List`1[System.Diagnostics.Eventing.Reader.EventProperty]"
"Possible heap corruption detected (exception code 3221225477). Initiating further diagnostics.","2","0",,"4","0","0","-9222246136947933184","124","Microsoft-Windows-WER-Diag","ad8aa069-a01b-40a0-ba40-948d1d8dedc5","Microsoft-Windows-WER-Diag/Operational","2396","1836","rjaf-PC4429","S-1-5-21-1634558665-2257203147-3060767804-1000","5/11/2015 1:53:24 PM",,,"c:\users\mac_1\desktop\winevt\logs\microsoft-windows-wer-diag%4operational.evtx","System.UInt32[]","System.Diagnostics.Eventing.Reader.EventBookmark","Information","Info",,"System.Collections.ObjectModel.ReadOnlyCollection`1[System.String]","System.Collections.Generic.List`1[System.Diagnostics.Eventing.Reader.EventProperty]"
"Possible heap corruption detected (exception code 3221225477). Initiating further diagnostics.","2","0",,"4","0","0","-9222246136947933184","123","Microsoft-Windows-WER-Diag","ad8aa069-a01b-40a0-ba40-948d1d8dedc5","Microsoft-Windows-WER-Diag/Operational","2488","2344","rjaf-PC4429","S-1-5-21-1634558665-2257203147-3060767804-1000","5/11/2015 11:26:44 AM",,,"c:\users\mac_1\desktop\winevt\logs\microsoft-windows-wer-diag%4operational.evtx","System.UInt32[]","System.Diagnostics.Eventing.Reader.EventBookmark","Information","Info",,"System.Collections.ObjectModel.ReadOnlyCollection`1[System.String]","System.Collections.Generic.List`1[System.Diagnostics.Eventing.Reader.EventProperty]"
"Possible heap corruption detected (exception code 3221225477). Initiating further diagnostics.","2","0",,"4","0","0","-9222246136947933184","122","Microsoft-Windows-WER-Diag","ad8aa069-a01b-40a0-ba40-948d1d8dedc5","Microsoft-Windows-WER-Diag/Operational","1712","3912","rjaf-PC4429","S-1-5-21-1634558665-2257203147-3060767804-1000","5/11/2015 11:24:16 AM",,,"c:\users\mac_1\desktop\winevt\logs\microsoft-windows-wer-diag%4operational.evtx","System.UInt32[]","System.Diagnostics.Eventing.Reader.EventBookmark","Information","Info",,"System.Collections.ObjectModel.ReadOnlyCollection`1[System.String]","System.Collections.Generic.List`1[System.Diagnostics.Eventing.Reader.EventProperty]"
"Possible heap corruption detected (exception code 3221225477). Initiating further diagnostics.","2","0",,"4","0","0","-9222246136947933184","121","Microsoft-Windows-WER-Diag","ad8aa069-a01b-40a0-ba40-948d1d8dedc5","Microsoft-Windows-WER-Diag/Operational","3792","812","rjaf-PC4429","S-1-5-21-1634558665-2257203147-3060767804-1000","5/11/2015 11:24:00 AM",,,"c:\users\mac_1\desktop\winevt\logs\microsoft-windows-wer-diag%4operational.evtx","System.UInt32[]","System.Diagnostics.Eventing.Reader.EventBookmark","Information","Info",,"System.Collections.ObjectModel.ReadOnlyCollection`1[System.String]","System.Collections.Generic.List`1[System.Diagnostics.Eventing.Reader.EventProperty]"
"Possible heap corruption detected (exception code 3221225477). Initiating further diagnostics.","2","0",,"4","0","0","-9222246136947933184","120","Microsoft-Windows-WER-Diag","ad8aa069-a01b-40a0-ba40-948d1d8dedc5","Microsoft-Windows-WER-Diag/Operational","3620","1792","rjaf-PC4429","S-1-5-21-1634558665-2257203147-3060767804-1000","5/11/2015 10:27:10 AM",,,"c:\users\mac_1\desktop\winevt\logs\microsoft-windows-wer-diag%4operational.evtx","System.UInt32[]","System.Diagnostics.Eventing.Reader.EventBookmark","Information","Info",,"System.Collections.ObjectModel.ReadOnlyCollection`1[System.String]","System.Collections.Generic.List`1[System.Diagnostics.Eventing.Reader.EventProperty]"
"Possible heap corruption detected (exception code 3221225477). Initiating further diagnostics.","2","0",,"4","0","0","-9222246136947933184","119","Microsoft-Windows-WER-Diag","ad8aa069-a01b-40a0-ba40-948d1d8dedc5","Microsoft-Windows-WER-Diag/Operational","2280","380","rjaf-PC4429","S-1-5-21-1634558665-2257203147-3060767804-1000","5/11/2015 10:26:52 AM",,,"c:\users\mac_1\desktop\winevt\logs\microsoft-windows-wer-diag%4operational.evtx","System.UInt32[]","System.Diagnostics.Eventing.Reader.EventBookmark","Information","Info",,"System.Collections.ObjectModel.ReadOnlyCollection`1[System.String]","System.Collections.Generic.List`1[System.Diagnostics.Eventing.Reader.EventProperty]"
"Possible heap corruption detected (exception code 3221225477). Initiating further diagnostics.","2","0",,"4","0","0","-9222246136947933184","118","Microsoft-Windows-WER-Diag","ad8aa069-a01b-40a0-ba40-948d1d8dedc5","Microsoft-Windows-WER-Diag/Operational","2504","2248","rjaf-PC4429","S-1-5-21-1634558665-2257203147-3060767804-1000","5/11/2015 10:26:20 AM",,,"c:\users\mac_1\desktop\winevt\logs\microsoft-windows-wer-diag%4operational.evtx","System.UInt32[]","System.Diagnostics.Eventing.Reader.EventBookmark","Information","Info",,"System.Collections.ObjectModel.ReadOnlyCollection`1[System.String]","System.Collections.Generic.List`1[System.Diagnostics.Eventing.Reader.EventProperty]"
"Possible heap corruption detected (exception code 3221225477). Initiating further diagnostics.","2","0",,"4","0","0","-9222246136947933184","117","Microsoft-Windows-WER-Diag","ad8aa069-a01b-40a0-ba40-948d1d8dedc5","Microsoft-Windows-WER-Diag/Operational","4080","2884","rjaf-PC4429","S-1-5-21-1634558665-2257203147-3060767804-1000","5/11/2015 10:26:10 AM",,,"c:\users\mac_1\desktop\winevt\logs\microsoft-windows-wer-diag%4operational.evtx","System.UInt32[]","System.Diagnostics.Eventing.Reader.EventBookmark","Information","Info",,"System.Collections.ObjectModel.ReadOnlyCollection`1[System.String]","System.Collections.Generic.List`1[System.Diagnostics.Eventing.Reader.EventProperty]"
"Possible heap corruption detected (exception code 3221225477). Initiating further diagnostics.","2","0",,"4","0","0","-9222246136947933184","116","Microsoft-Windows-WER-Diag","ad8aa069-a01b-40a0-ba40-948d1d8dedc5","Microsoft-Windows-WER-Diag/Operational","1896","3452","rjaf-PC4429","S-1-5-21-1634558665-2257203147-3060767804-1000","5/11/2015 10:24:54 AM",,,"c:\users\mac_1\desktop\winevt\logs\microsoft-windows-wer-diag%4operational.evtx","System.UInt32[]","System.Diagnostics.Eventing.Reader.EventBookmark","Information","Info",,"System.Collections.ObjectModel.ReadOnlyCollection`1[System.String]","System.Collections.Generic.List`1[System.Diagnostics.Eventing.Reader.EventProperty]"
"Possible heap corruption detected (exception code 3221225477). Initiating further diagnostics.","2","0",,"4","0","0","-9222246136947933184","115","Microsoft-Windows-WER-Diag","ad8aa069-a01b-40a0-ba40-948d1d8dedc5","Microsoft-Windows-WER-Diag/Operational","1588","820","rjaf-PC4429","S-1-5-21-1634558665-2257203147-3060767804-1000","5/11/2015 1:00:58 AM",,,"c:\users\mac_1\desktop\winevt\logs\microsoft-windows-wer-diag%4operational.evtx","System.UInt32[]","System.Diagnostics.Eventing.Reader.EventBookmark","Information","Info",,"System.Collections.ObjectModel.ReadOnlyCollection`1[System.String]","System.Collections.Generic.List`1[System.Diagnostics.Eventing.Reader.EventProperty]"
"Possible heap corruption detected (exception code 3221225477). Initiating further diagnostics.","2","0",,"4","0","0","-9222246136947933184","114","Microsoft-Windows-WER-Diag","ad8aa069-a01b-40a0-ba40-948d1d8dedc5","Microsoft-Windows-WER-Diag/Operational","2176","1816","rjaf-PC4429","S-1-5-21-1634558665-2257203147-3060767804-1000","5/11/2015 12:30:48 AM",,,"c:\users\mac_1\desktop\winevt\logs\microsoft-windows-wer-diag%4operational.evtx","System.UInt32[]","System.Diagnostics.Eventing.Reader.EventBookmark","Information","Info",,"System.Collections.ObjectModel.ReadOnlyCollection`1[System.String]","System.Collections.Generic.List`1[System.Diagnostics.Eventing.Reader.EventProperty]"
"Possible heap corruption detected (exception code 3221225477). Initiating further diagnostics.","2","0",,"4","0","0","-9222246136947933184","113","Microsoft-Windows-WER-Diag","ad8aa069-a01b-40a0-ba40-948d1d8dedc5","Microsoft-Windows-WER-Diag/Operational","3932","3936","rjaf-PC4429","S-1-5-21-1634558665-2257203147-3060767804-1000","5/11/2015 12:30:39 AM",,,"c:\users\mac_1\desktop\winevt\logs\microsoft-windows-wer-diag%4operational.evtx","System.UInt32[]","System.Diagnostics.Eventing.Reader.EventBookmark","Information","Info",,"System.Collections.ObjectModel.ReadOnlyCollection`1[System.String]","System.Collections.Generic.List`1[System.Diagnostics.Eventing.Reader.EventProperty]"
"Possible heap corruption detected (exception code 3221225477). Initiating further diagnostics.","2","0",,"4","0","0","-9222246136947933184","112","Microsoft-Windows-WER-Diag","ad8aa069-a01b-40a0-ba40-948d1d8dedc5","Microsoft-Windows-WER-Diag/Operational","3128","3132","rjaf-PC4429","S-1-5-21-1634558665-2257203147-3060767804-1000","5/11/2015 12:30:04 AM",,,"c:\users\mac_1\desktop\winevt\logs\microsoft-windows-wer-diag%4operational.evtx","System.UInt32[]","System.Diagnostics.Eventing.Reader.EventBookmark","Information","Info",,"System.Collections.ObjectModel.ReadOnlyCollection`1[System.String]","System.Collections.Generic.List`1[System.Diagnostics.Eventing.Reader.EventProperty]"
"Possible heap corruption detected (exception code 3221225477). Initiating further diagnostics.","2","0",,"4","0","0","-9222246136947933184","111","Microsoft-Windows-WER-Diag","ad8aa069-a01b-40a0-ba40-948d1d8dedc5","Microsoft-Windows-WER-Diag/Operational","1804","540","rjaf-PC4429","S-1-5-21-1634558665-2257203147-3060767804-1000","5/10/2015 4:58:38 AM",,,"c:\users\mac_1\desktop\winevt\logs\microsoft-windows-wer-diag%4operational.evtx","System.UInt32[]","System.Diagnostics.Eventing.Reader.EventBookmark","Information","Info",,"System.Collections.ObjectModel.ReadOnlyCollection`1[System.String]","System.Collections.Generic.List`1[System.Diagnostics.Eventing.Reader.EventProperty]"
"Possible heap corruption detected (exception code 3221225477). Initiating further diagnostics.","2","0",,"4","0","0","-9222246136947933184","110","Microsoft-Windows-WER-Diag","ad8aa069-a01b-40a0-ba40-948d1d8dedc5","Microsoft-Windows-WER-Diag/Operational","3112","3668","rjaf-PC4429","S-1-5-21-1634558665-2257203147-3060767804-1000","5/10/2015 2:28:20 AM",,,"c:\users\mac_1\desktop\winevt\logs\microsoft-windows-wer-diag%4operational.evtx","System.UInt32[]","System.Diagnostics.Eventing.Reader.EventBookmark","Information","Info",,"System.Collections.ObjectModel.ReadOnlyCollection`1[System.String]","System.Collections.Generic.List`1[System.Diagnostics.Eventing.Reader.EventProperty]"
"Possible heap corruption detected (exception code 3221225477). Initiating further diagnostics.","2","0",,"4","0","0","-9222246136947933184","109","Microsoft-Windows-WER-Diag","ad8aa069-a01b-40a0-ba40-948d1d8dedc5","Microsoft-Windows-WER-Diag/Operational","3696","596","rjaf-PC4429","S-1-5-21-1634558665-2257203147-3060767804-1000","5/10/2015 2:28:04 AM",,,"c:\users\mac_1\desktop\winevt\logs\microsoft-windows-wer-diag%4operational.evtx","System.UInt32[]","System.Diagnostics.Eventing.Reader.EventBookmark","Information","Info",,"System.Collections.ObjectModel.ReadOnlyCollection`1[System.String]","System.Collections.Generic.List`1[System.Diagnostics.Eventing.Reader.EventProperty]"
"Possible heap corruption detected (exception code 3221225477). Initiating further diagnostics.","2","0",,"4","0","0","-9222246136947933184","108","Microsoft-Windows-WER-Diag","ad8aa069-a01b-40a0-ba40-948d1d8dedc5","Microsoft-Windows-WER-Diag/Operational","3160","688","rjaf-PC4429","S-1-5-21-1634558665-2257203147-3060767804-1000","5/9/2015 7:13:59 AM",,,"c:\users\mac_1\desktop\winevt\logs\microsoft-windows-wer-diag%4operational.evtx","System.UInt32[]","System.Diagnostics.Eventing.Reader.EventBookmark","Information","Info",,"System.Collections.ObjectModel.ReadOnlyCollection`1[System.String]","System.Collections.Generic.List`1[System.Diagnostics.Eventing.Reader.EventProperty]"
"Possible heap corruption detected (exception code 3221225477). Initiating further diagnostics.","2","0",,"4","0","0","-9222246136947933184","107","Microsoft-Windows-WER-Diag","ad8aa069-a01b-40a0-ba40-948d1d8dedc5","Microsoft-Windows-WER-Diag/Operational","2144","2168","rjaf-PC4429","S-1-5-21-1634558665-2257203147-3060767804-1000","5/9/2015 7:13:54 AM",,,"c:\users\mac_1\desktop\winevt\logs\microsoft-windows-wer-diag%4operational.evtx","System.UInt32[]","System.Diagnostics.Eventing.Reader.EventBookmark","Information","Info",,"System.Collections.ObjectModel.ReadOnlyCollection`1[System.String]","System.Collections.Generic.List`1[System.Diagnostics.Eventing.Reader.EventProperty]"
"Possible heap corruption detected (exception code 3221225477). Initiating further diagnostics.","2","0",,"4","0","0","-9222246136947933184","106","Microsoft-Windows-WER-Diag","ad8aa069-a01b-40a0-ba40-948d1d8dedc5","Microsoft-Windows-WER-Diag/Operational","3944","3948","rjaf-PC4429","S-1-5-21-1634558665-2257203147-3060767804-1000","5/9/2015 7:13:49 AM",,,"c:\users\mac_1\desktop\winevt\logs\microsoft-windows-wer-diag%4operational.evtx","System.UInt32[]","System.Diagnostics.Eventing.Reader.EventBookmark","Information","Info",,"System.Collections.ObjectModel.ReadOnlyCollection`1[System.String]","System.Collections.Generic.List`1[System.Diagnostics.Eventing.Reader.EventProperty]"
"Possible heap corruption detected (exception code 3221225477). Initiating further diagnostics.","2","0",,"4","0","0","-9222246136947933184","105","Microsoft-Windows-WER-Diag","ad8aa069-a01b-40a0-ba40-948d1d8dedc5","Microsoft-Windows-WER-Diag/Operational","2952","3484","rjaf-PC4429","S-1-5-21-1634558665-2257203147-3060767804-1000","5/9/2015 7:13:44 AM",,,"c:\users\mac_1\desktop\winevt\logs\microsoft-windows-wer-diag%4operational.evtx","System.UInt32[]","System.Diagnostics.Eventing.Reader.EventBookmark","Information","Info",,"System.Collections.ObjectModel.ReadOnlyCollection`1[System.String]","System.Collections.Generic.List`1[System.Diagnostics.Eventing.Reader.EventProperty]"
"Possible heap corruption detected (exception code 3221225477). Initiating further diagnostics.","2","0",,"4","0","0","-9222246136947933184","104","Microsoft-Windows-WER-Diag","ad8aa069-a01b-40a0-ba40-948d1d8dedc5","Microsoft-Windows-WER-Diag/Operational","2552","2728","rjaf-PC4429","S-1-5-21-1634558665-2257203147-3060767804-1000","5/9/2015 7:13:38 AM",,,"c:\users\mac_1\desktop\winevt\logs\microsoft-windows-wer-diag%4operational.evtx","System.UInt32[]","System.Diagnostics.Eventing.Reader.EventBookmark","Information","Info",,"System.Collections.ObjectModel.ReadOnlyCollection`1[System.String]","System.Collections.Generic.List`1[System.Diagnostics.Eventing.Reader.EventProperty]"
"Possible heap corruption detected (exception code 3221225477). Initiating further diagnostics.","2","0",,"4","0","0","-9222246136947933184","103","Microsoft-Windows-WER-Diag","ad8aa069-a01b-40a0-ba40-948d1d8dedc5","Microsoft-Windows-WER-Diag/Operational","2320","2324","rjaf-PC4429","S-1-5-21-1634558665-2257203147-3060767804-1000","5/9/2015 7:13:33 AM",,,"c:\users\mac_1\desktop\winevt\logs\microsoft-windows-wer-diag%4operational.evtx","System.UInt32[]","System.Diagnostics.Eventing.Reader.EventBookmark","Information","Info",,"System.Collections.ObjectModel.ReadOnlyCollection`1[System.String]","System.Collections.Generic.List`1[System.Diagnostics.Eventing.Reader.EventProperty]"
"Possible heap corruption detected (exception code 3221225477). Initiating further diagnostics.","2","0",,"4","0","0","-9222246136947933184","102","Microsoft-Windows-WER-Diag","ad8aa069-a01b-40a0-ba40-948d1d8dedc5","Microsoft-Windows-WER-Diag/Operational","3984","3988","rjaf-PC4429","S-1-5-21-1634558665-2257203147-3060767804-1000","5/9/2015 7:13:22 AM",,,"c:\users\mac_1\desktop\winevt\logs\microsoft-windows-wer-diag%4operational.evtx","System.UInt32[]","System.Diagnostics.Eventing.Reader.EventBookmark","Information","Info",,"System.Collections.ObjectModel.ReadOnlyCollection`1[System.String]","System.Collections.Generic.List`1[System.Diagnostics.Eventing.Reader.EventProperty]"
"Possible heap corruption detected (exception code 3221225477). Initiating further diagnostics.","2","0",,"4","0","0","-9222246136947933184","101","Microsoft-Windows-WER-Diag","ad8aa069-a01b-40a0-ba40-948d1d8dedc5","Microsoft-Windows-WER-Diag/Operational","3052","3056","rjaf-PC4429","S-1-5-21-1634558665-2257203147-3060767804-1000","5/9/2015 7:12:56 AM",,,"c:\users\mac_1\desktop\winevt\logs\microsoft-windows-wer-diag%4operational.evtx","System.UInt32[]","System.Diagnostics.Eventing.Reader.EventBookmark","Information","Info",,"System.Collections.ObjectModel.ReadOnlyCollection`1[System.String]","System.Collections.Generic.List`1[System.Diagnostics.Eventing.Reader.EventProperty]"
"Possible heap corruption detected (exception code 3221225477). Initiating further diagnostics.","2","0",,"4","0","0","-9222246136947933184","100","Microsoft-Windows-WER-Diag","ad8aa069-a01b-40a0-ba40-948d1d8dedc5","Microsoft-Windows-WER-Diag/Operational","3120","2768","rjaf-PC4429","S-1-5-21-1634558665-2257203147-3060767804-1000","5/9/2015 4:46:06 AM",,,"c:\users\mac_1\desktop\winevt\logs\microsoft-windows-wer-diag%4operational.evtx","System.UInt32[]","System.Diagnostics.Eventing.Reader.EventBookmark","Information","Info",,"System.Collections.ObjectModel.ReadOnlyCollection`1[System.String]","System.Collections.Generic.List`1[System.Diagnostics.Eventing.Reader.EventProperty]"
"Possible heap corruption detected (exception code 3221225477). Initiating further diagnostics.","2","0",,"4","0","0","-9222246136947933184","99","Microsoft-Windows-WER-Diag","ad8aa069-a01b-40a0-ba40-948d1d8dedc5","Microsoft-Windows-WER-Diag/Operational","3412","3416","rjaf-PC4429","S-1-5-21-1634558665-2257203147-3060767804-1000","5/9/2015 4:45:41 AM",,,"c:\users\mac_1\desktop\winevt\logs\microsoft-windows-wer-diag%4operational.evtx","System.UInt32[]","System.Diagnostics.Eventing.Reader.EventBookmark","Information","Info",,"System.Collections.ObjectModel.ReadOnlyCollection`1[System.String]","System.Collections.Generic.List`1[System.Diagnostics.Eventing.Reader.EventProperty]"
"Possible heap corruption detected (exception code 3221225477). Initiating further diagnostics.","2","0",,"4","0","0","-9222246136947933184","98","Microsoft-Windows-WER-Diag","ad8aa069-a01b-40a0-ba40-948d1d8dedc5","Microsoft-Windows-WER-Diag/Operational","3028","3032","rjaf-PC4429","S-1-5-21-1634558665-2257203147-3060767804-1000","5/9/2015 4:45:30 AM",,,"c:\users\mac_1\desktop\winevt\logs\microsoft-windows-wer-diag%4operational.evtx","System.UInt32[]","System.Diagnostics.Eventing.Reader.EventBookmark","Information","Info",,"System.Collections.ObjectModel.ReadOnlyCollection`1[System.String]","System.Collections.Generic.List`1[System.Diagnostics.Eventing.Reader.EventProperty]"
"Possible heap corruption detected (exception code 3221225477). Initiating further diagnostics.","2","0",,"4","0","0","-9222246136947933184","97","Microsoft-Windows-WER-Diag","ad8aa069-a01b-40a0-ba40-948d1d8dedc5","Microsoft-Windows-WER-Diag/Operational","3080","1172","rjaf-PC4429","S-1-5-21-1634558665-2257203147-3060767804-1000","5/8/2015 7:46:45 PM",,,"c:\users\mac_1\desktop\winevt\logs\microsoft-windows-wer-diag%4operational.evtx","System.UInt32[]","System.Diagnostics.Eventing.Reader.EventBookmark","Information","Info",,"System.Collections.ObjectModel.ReadOnlyCollection`1[System.String]","System.Collections.Generic.List`1[System.Diagnostics.Eventing.Reader.EventProperty]"
"Possible heap corruption detected (exception code 3221225477). Initiating further diagnostics.","2","0",,"4","0","0","-9222246136947933184","96","Microsoft-Windows-WER-Diag","ad8aa069-a01b-40a0-ba40-948d1d8dedc5","Microsoft-Windows-WER-Diag/Operational","3948","3508","rjaf-PC4429","S-1-5-21-1634558665-2257203147-3060767804-1000","5/8/2015 7:46:38 PM",,,"c:\users\mac_1\desktop\winevt\logs\microsoft-windows-wer-diag%4operational.evtx","System.UInt32[]","System.Diagnostics.Eventing.Reader.EventBookmark","Information","Info",,"System.Collections.ObjectModel.ReadOnlyCollection`1[System.String]","System.Collections.Generic.List`1[System.Diagnostics.Eventing.Reader.EventProperty]"
"Possible heap corruption detected (exception code 3221225477). Initiating further diagnostics.","2","0",,"4","0","0","-9222246136947933184","95","Microsoft-Windows-WER-Diag","ad8aa069-a01b-40a0-ba40-948d1d8dedc5","Microsoft-Windows-WER-Diag/Operational","3024","2140","rjaf-PC4429","S-1-5-21-1634558665-2257203147-3060767804-1000","5/8/2015 7:46:30 PM",,,"c:\users\mac_1\desktop\winevt\logs\microsoft-windows-wer-diag%4operational.evtx","System.UInt32[]","System.Diagnostics.Eventing.Reader.EventBookmark","Information","Info",,"System.Collections.ObjectModel.ReadOnlyCollection`1[System.String]","System.Collections.Generic.List`1[System.Diagnostics.Eventing.Reader.EventProperty]"
"Possible heap corruption detected (exception code 3221225477). Initiating further diagnostics.","2","0",,"4","0","0","-9222246136947933184","94","Microsoft-Windows-WER-Diag","ad8aa069-a01b-40a0-ba40-948d1d8dedc5","Microsoft-Windows-WER-Diag/Operational","1116","3368","rjaf-PC4429","S-1-5-21-1634558665-2257203147-3060767804-1000","5/8/2015 7:46:21 PM",,,"c:\users\mac_1\desktop\winevt\logs\microsoft-windows-wer-diag%4operational.evtx","System.UInt32[]","System.Diagnostics.Eventing.Reader.EventBookmark","Information","Info",,"System.Collections.ObjectModel.ReadOnlyCollection`1[System.String]","System.Collections.Generic.List`1[System.Diagnostics.Eventing.Reader.EventProperty]"
"Possible heap corruption detected (exception code 3221225477). Initiating further diagnostics.","2","0",,"4","0","0","-9222246136947933184","93","Microsoft-Windows-WER-Diag","ad8aa069-a01b-40a0-ba40-948d1d8dedc5","Microsoft-Windows-WER-Diag/Operational","3204","3208","rjaf-PC4429","S-1-5-21-1634558665-2257203147-3060767804-1000","5/8/2015 7:46:08 PM",,,"c:\users\mac_1\desktop\winevt\logs\microsoft-windows-wer-diag%4operational.evtx","System.UInt32[]","System.Diagnostics.Eventing.Reader.EventBookmark","Information","Info",,"System.Collections.ObjectModel.ReadOnlyCollection`1[System.String]","System.Collections.Generic.List`1[System.Diagnostics.Eventing.Reader.EventProperty]"
"Possible heap corruption detected (exception code 3221225477). Initiating further diagnostics.","2","0",,"4","0","0","-9222246136947933184","92","Microsoft-Windows-WER-Diag","ad8aa069-a01b-40a0-ba40-948d1d8dedc5","Microsoft-Windows-WER-Diag/Operational","3704","3724","rjaf-PC4429","S-1-5-21-1634558665-2257203147-3060767804-1000","5/8/2015 7:45:59 PM",,,"c:\users\mac_1\desktop\winevt\logs\microsoft-windows-wer-diag%4operational.evtx","System.UInt32[]","System.Diagnostics.Eventing.Reader.EventBookmark","Information","Info",,"System.Collections.ObjectModel.ReadOnlyCollection`1[System.String]","System.Collections.Generic.List`1[System.Diagnostics.Eventing.Reader.EventProperty]"
"Possible heap corruption detected (exception code 3221225477). Initiating further diagnostics.","2","0",,"4","0","0","-9222246136947933184","91","Microsoft-Windows-WER-Diag","ad8aa069-a01b-40a0-ba40-948d1d8dedc5","Microsoft-Windows-WER-Diag/Operational","3536","3544","rjaf-PC4429","S-1-5-21-1634558665-2257203147-3060767804-1000","5/8/2015 7:45:50 PM",,,"c:\users\mac_1\desktop\winevt\logs\microsoft-windows-wer-diag%4operational.evtx","System.UInt32[]","System.Diagnostics.Eventing.Reader.EventBookmark","Information","Info",,"System.Collections.ObjectModel.ReadOnlyCollection`1[System.String]","System.Collections.Generic.List`1[System.Diagnostics.Eventing.Reader.EventProperty]"
"Possible heap corruption detected (exception code 3221225477). Initiating further diagnostics.","2","0",,"4","0","0","-9222246136947933184","90","Microsoft-Windows-WER-Diag","ad8aa069-a01b-40a0-ba40-948d1d8dedc5","Microsoft-Windows-WER-Diag/Operational","2508","216","rjaf-PC4429","S-1-5-21-1634558665-2257203147-3060767804-1000","5/8/2015 7:45:41 PM",,,"c:\users\mac_1\desktop\winevt\logs\microsoft-windows-wer-diag%4operational.evtx","System.UInt32[]","System.Diagnostics.Eventing.Reader.EventBookmark","Information","Info",,"System.Collections.ObjectModel.ReadOnlyCollection`1[System.String]","System.Collections.Generic.List`1[System.Diagnostics.Eventing.Reader.EventProperty]"
"Possible heap corruption detected (exception code 3221225477). Initiating further diagnostics.","2","0",,"4","0","0","-9222246136947933184","89","Microsoft-Windows-WER-Diag","ad8aa069-a01b-40a0-ba40-948d1d8dedc5","Microsoft-Windows-WER-Diag/Operational","1768","2176","rjaf-PC4429","S-1-5-21-1634558665-2257203147-3060767804-1000","5/8/2015 7:45:32 PM",,,"c:\users\mac_1\desktop\winevt\logs\microsoft-windows-wer-diag%4operational.evtx","System.UInt32[]","System.Diagnostics.Eventing.Reader.EventBookmark","Information","Info",,"System.Collections.ObjectModel.ReadOnlyCollection`1[System.String]","System.Collections.Generic.List`1[System.Diagnostics.Eventing.Reader.EventProperty]"
"Possible heap corruption detected (exception code 3221225477). Initiating further diagnostics.","2","0",,"4","0","0","-9222246136947933184","88","Microsoft-Windows-WER-Diag","ad8aa069-a01b-40a0-ba40-948d1d8dedc5","Microsoft-Windows-WER-Diag/Operational","3344","3348","rjaf-PC4429","S-1-5-21-1634558665-2257203147-3060767804-1000","5/8/2015 7:45:05 PM",,,"c:\users\mac_1\desktop\winevt\logs\microsoft-windows-wer-diag%4operational.evtx","System.UInt32[]","System.Diagnostics.Eventing.Reader.EventBookmark","Information","Info",,"System.Collections.ObjectModel.ReadOnlyCollection`1[System.String]","System.Collections.Generic.List`1[System.Diagnostics.Eventing.Reader.EventProperty]"
"Possible heap corruption detected (exception code 3221225477). Initiating further diagnostics.","2","0",,"4","0","0","-9222246136947933184","87","Microsoft-Windows-WER-Diag","ad8aa069-a01b-40a0-ba40-948d1d8dedc5","Microsoft-Windows-WER-Diag/Operational","2888","2892","rjaf-PC4429","S-1-5-21-1634558665-2257203147-3060767804-1000","5/8/2015 7:44:55 PM",,,"c:\users\mac_1\desktop\winevt\logs\microsoft-windows-wer-diag%4operational.evtx","System.UInt32[]","System.Diagnostics.Eventing.Reader.EventBookmark","Information","Info",,"System.Collections.ObjectModel.ReadOnlyCollection`1[System.String]","System.Collections.Generic.List`1[System.Diagnostics.Eventing.Reader.EventProperty]"
"Possible heap corruption detected (exception code 3221225477). Initiating further diagnostics.","2","0",,"4","0","0","-9222246136947933184","86","Microsoft-Windows-WER-Diag","ad8aa069-a01b-40a0-ba40-948d1d8dedc5","Microsoft-Windows-WER-Diag/Operational","2172","1096","rjaf-PC4429","S-1-5-21-1634558665-2257203147-3060767804-1000","5/8/2015 11:53:53 AM",,,"c:\users\mac_1\desktop\winevt\logs\microsoft-windows-wer-diag%4operational.evtx","System.UInt32[]","System.Diagnostics.Eventing.Reader.EventBookmark","Information","Info",,"System.Collections.ObjectModel.ReadOnlyCollection`1[System.String]","System.Collections.Generic.List`1[System.Diagnostics.Eventing.Reader.EventProperty]"
"Possible heap corruption detected (exception code 3221225477). Initiating further diagnostics.","2","0",,"4","0","0","-9222246136947933184","85","Microsoft-Windows-WER-Diag","ad8aa069-a01b-40a0-ba40-948d1d8dedc5","Microsoft-Windows-WER-Diag/Operational","3336","1768","rjaf-PC4429","S-1-5-21-1634558665-2257203147-3060767804-1000","5/8/2015 11:23:46 AM",,,"c:\users\mac_1\desktop\winevt\logs\microsoft-windows-wer-diag%4operational.evtx","System.UInt32[]","System.Diagnostics.Eventing.Reader.EventBookmark","Information","Info",,"System.Collections.ObjectModel.ReadOnlyCollection`1[System.String]","System.Collections.Generic.List`1[System.Diagnostics.Eventing.Reader.EventProperty]"
"Possible heap corruption detected (exception code 3221225477). Initiating further diagnostics.","2","0",,"4","0","0","-9222246136947933184","84","Microsoft-Windows-WER-Diag","ad8aa069-a01b-40a0-ba40-948d1d8dedc5","Microsoft-Windows-WER-Diag/Operational","3660","3588","rjaf-PC4429","S-1-5-21-1634558665-2257203147-3060767804-1000","5/8/2015 11:23:41 AM",,,"c:\users\mac_1\desktop\winevt\logs\microsoft-windows-wer-diag%4operational.evtx","System.UInt32[]","System.Diagnostics.Eventing.Reader.EventBookmark","Information","Info",,"System.Collections.ObjectModel.ReadOnlyCollection`1[System.String]","System.Collections.Generic.List`1[System.Diagnostics.Eventing.Reader.EventProperty]"
"Possible heap corruption detected (exception code 3221225477). Initiating further diagnostics.","2","0",,"4","0","0","-9222246136947933184","83","Microsoft-Windows-WER-Diag","ad8aa069-a01b-40a0-ba40-948d1d8dedc5","Microsoft-Windows-WER-Diag/Operational","3324","1124","rjaf-PC4429","S-1-5-21-1634558665-2257203147-3060767804-1000","5/8/2015 11:23:33 AM",,,"c:\users\mac_1\desktop\winevt\logs\microsoft-windows-wer-diag%4operational.evtx","System.UInt32[]","System.Diagnostics.Eventing.Reader.EventBookmark","Information","Info",,"System.Collections.ObjectModel.ReadOnlyCollection`1[System.String]","System.Collections.Generic.List`1[System.Diagnostics.Eventing.Reader.EventProperty]"
"Possible heap corruption detected (exception code 3221225477). Initiating further diagnostics.","2","0",,"4","0","0","-9222246136947933184","82","Microsoft-Windows-WER-Diag","ad8aa069-a01b-40a0-ba40-948d1d8dedc5","Microsoft-Windows-WER-Diag/Operational","2408","2364","rjaf-PC4429","S-1-5-21-1634558665-2257203147-3060767804-1000","5/8/2015 11:23:24 AM",,,"c:\users\mac_1\desktop\winevt\logs\microsoft-windows-wer-diag%4operational.evtx","System.UInt32[]","System.Diagnostics.Eventing.Reader.EventBookmark","Information","Info",,"System.Collections.ObjectModel.ReadOnlyCollection`1[System.String]","System.Collections.Generic.List`1[System.Diagnostics.Eventing.Reader.EventProperty]"
"Possible heap corruption detected (exception code 3221225477). Initiating further diagnostics.","2","0",,"4","0","0","-9222246136947933184","81","Microsoft-Windows-WER-Diag","ad8aa069-a01b-40a0-ba40-948d1d8dedc5","Microsoft-Windows-WER-Diag/Operational","4048","4016","rjaf-PC4429","S-1-5-21-1634558665-2257203147-3060767804-1000","5/8/2015 11:23:12 AM",,,"c:\users\mac_1\desktop\winevt\logs\microsoft-windows-wer-diag%4operational.evtx","System.UInt32[]","System.Diagnostics.Eventing.Reader.EventBookmark","Information","Info",,"System.Collections.ObjectModel.ReadOnlyCollection`1[System.String]","System.Collections.Generic.List`1[System.Diagnostics.Eventing.Reader.EventProperty]"
"Possible heap corruption detected (exception code 3221225477). Initiating further diagnostics.","2","0",,"4","0","0","-9222246136947933184","80","Microsoft-Windows-WER-Diag","ad8aa069-a01b-40a0-ba40-948d1d8dedc5","Microsoft-Windows-WER-Diag/Operational","3828","1168","rjaf-PC4429","S-1-5-21-1634558665-2257203147-3060767804-1000","5/8/2015 11:23:03 AM",,,"c:\users\mac_1\desktop\winevt\logs\microsoft-windows-wer-diag%4operational.evtx","System.UInt32[]","System.Diagnostics.Eventing.Reader.EventBookmark","Information","Info",,"System.Collections.ObjectModel.ReadOnlyCollection`1[System.String]","System.Collections.Generic.List`1[System.Diagnostics.Eventing.Reader.EventProperty]"
"Possible heap corruption detected (exception code 3221225477). Initiating further diagnostics.","2","0",,"4","0","0","-9222246136947933184","79","Microsoft-Windows-WER-Diag","ad8aa069-a01b-40a0-ba40-948d1d8dedc5","Microsoft-Windows-WER-Diag/Operational","3816","3260","rjaf-PC4429","S-1-5-21-1634558665-2257203147-3060767804-1000","5/8/2015 11:22:54 AM",,,"c:\users\mac_1\desktop\winevt\logs\microsoft-windows-wer-diag%4operational.evtx","System.UInt32[]","System.Diagnostics.Eventing.Reader.EventBookmark","Information","Info",,"System.Collections.ObjectModel.ReadOnlyCollection`1[System.String]","System.Collections.Generic.List`1[System.Diagnostics.Eventing.Reader.EventProperty]"
"Possible heap corruption detected (exception code 3221225477). Initiating further diagnostics.","2","0",,"4","0","0","-9222246136947933184","78","Microsoft-Windows-WER-Diag","ad8aa069-a01b-40a0-ba40-948d1d8dedc5","Microsoft-Windows-WER-Diag/Operational","796","1416","rjaf-PC4429","S-1-5-21-1634558665-2257203147-3060767804-1000","5/8/2015 11:22:46 AM",,,"c:\users\mac_1\desktop\winevt\logs\microsoft-windows-wer-diag%4operational.evtx","System.UInt32[]","System.Diagnostics.Eventing.Reader.EventBookmark","Information","Info",,"System.Collections.ObjectModel.ReadOnlyCollection`1[System.String]","System.Collections.Generic.List`1[System.Diagnostics.Eventing.Reader.EventProperty]"
"Possible heap corruption detected (exception code 3221225477). Initiating further diagnostics.","2","0",,"4","0","0","-9222246136947933184","77","Microsoft-Windows-WER-Diag","ad8aa069-a01b-40a0-ba40-948d1d8dedc5","Microsoft-Windows-WER-Diag/Operational","2328","2396","rjaf-PC4429","S-1-5-21-1634558665-2257203147-3060767804-1000","5/8/2015 11:22:37 AM",,,"c:\users\mac_1\desktop\winevt\logs\microsoft-windows-wer-diag%4operational.evtx","System.UInt32[]","System.Diagnostics.Eventing.Reader.EventBookmark","Information","Info",,"System.Collections.ObjectModel.ReadOnlyCollection`1[System.String]","System.Collections.Generic.List`1[System.Diagnostics.Eventing.Reader.EventProperty]"
"Possible heap corruption detected (exception code 3221225477). Initiating further diagnostics.","2","0",,"4","0","0","-9222246136947933184","76","Microsoft-Windows-WER-Diag","ad8aa069-a01b-40a0-ba40-948d1d8dedc5","Microsoft-Windows-WER-Diag/Operational","680","1568","rjaf-PC4429","S-1-5-21-1634558665-2257203147-3060767804-1000","5/8/2015 11:22:28 AM",,,"c:\users\mac_1\desktop\winevt\logs\microsoft-windows-wer-diag%4operational.evtx","System.UInt32[]","System.Diagnostics.Eventing.Reader.EventBookmark","Information","Info",,"System.Collections.ObjectModel.ReadOnlyCollection`1[System.String]","System.Collections.Generic.List`1[System.Diagnostics.Eventing.Reader.EventProperty]"
"Possible heap corruption detected (exception code 3221225477). Initiating further diagnostics.","2","0",,"4","0","0","-9222246136947933184","75","Microsoft-Windows-WER-Diag","ad8aa069-a01b-40a0-ba40-948d1d8dedc5","Microsoft-Windows-WER-Diag/Operational","3448","3456","rjaf-PC4429","S-1-5-21-1634558665-2257203147-3060767804-1000","5/8/2015 11:22:19 AM",,,"c:\users\mac_1\desktop\winevt\logs\microsoft-windows-wer-diag%4operational.evtx","System.UInt32[]","System.Diagnostics.Eventing.Reader.EventBookmark","Information","Info",,"System.Collections.ObjectModel.ReadOnlyCollection`1[System.String]","System.Collections.Generic.List`1[System.Diagnostics.Eventing.Reader.EventProperty]"
"Possible heap corruption detected (exception code 3221225477). Initiating further diagnostics.","2","0",,"4","0","0","-9222246136947933184","74","Microsoft-Windows-WER-Diag","ad8aa069-a01b-40a0-ba40-948d1d8dedc5","Microsoft-Windows-WER-Diag/Operational","3304","3300","rjaf-PC4429","S-1-5-21-1634558665-2257203147-3060767804-1000","5/8/2015 11:22:11 AM",,,"c:\users\mac_1\desktop\winevt\logs\microsoft-windows-wer-diag%4operational.evtx","System.UInt32[]","System.Diagnostics.Eventing.Reader.EventBookmark","Information","Info",,"System.Collections.ObjectModel.ReadOnlyCollection`1[System.String]","System.Collections.Generic.List`1[System.Diagnostics.Eventing.Reader.EventProperty]"
"Possible heap corruption detected (exception code 3221225477). Initiating further diagnostics.","2","0",,"4","0","0","-9222246136947933184","73","Microsoft-Windows-WER-Diag","ad8aa069-a01b-40a0-ba40-948d1d8dedc5","Microsoft-Windows-WER-Diag/Operational","2572","2408","rjaf-PC4429","S-1-5-21-1634558665-2257203147-3060767804-1000","5/8/2015 11:22:02 AM",,,"c:\users\mac_1\desktop\winevt\logs\microsoft-windows-wer-diag%4operational.evtx","System.UInt32[]","System.Diagnostics.Eventing.Reader.EventBookmark","Information","Info",,"System.Collections.ObjectModel.ReadOnlyCollection`1[System.String]","System.Collections.Generic.List`1[System.Diagnostics.Eventing.Reader.EventProperty]"
