"HomeGroup status changed for HomeGroup 132. OldStatus: 4, NewStatus: %3","5013","0",,"4","0","0","-9223372036854775808","989","Microsoft-Windows-HomeGroup-ProviderService","c9bdb4eb-9287-4c8e-8378-6896f0d1c5ef","Microsoft-Windows-HomeGroup Provider Service/Operational","908","3448","rjaf-PC4429","S-1-5-19","3/3/2015 11:23:15 AM",,,"c:\users\mac_1\desktop\winevt\logs\microsoft-windows-homegroup provider service%4operational.evtx","System.UInt32[]","System.Diagnostics.Eventing.Reader.EventBookmark","Information","Info",,"System.Collections.ObjectModel.ReadOnlyCollection`1[System.String]","System.Collections.Generic.List`1[System.Diagnostics.Eventing.Reader.EventProperty]"
"HomeGroup status changed for HomeGroup 4. OldStatus: 132, NewStatus: %3","5013","0",,"4","0","0","-9223372036854775808","988","Microsoft-Windows-HomeGroup-ProviderService","c9bdb4eb-9287-4c8e-8378-6896f0d1c5ef","Microsoft-Windows-HomeGroup Provider Service/Operational","908","4488","rjaf-PC4429","S-1-5-19","3/3/2015 10:36:06 AM",,,"c:\users\mac_1\desktop\winevt\logs\microsoft-windows-homegroup provider service%4operational.evtx","System.UInt32[]","System.Diagnostics.Eventing.Reader.EventBookmark","Information","Info",,"System.Collections.ObjectModel.ReadOnlyCollection`1[System.String]","System.Collections.Generic.List`1[System.Diagnostics.Eventing.Reader.EventProperty]"
"HomeGroup status changed for HomeGroup 132. OldStatus: 4, NewStatus: %3","5013","0",,"4","0","0","-9223372036854775808","987","Microsoft-Windows-HomeGroup-ProviderService","c9bdb4eb-9287-4c8e-8378-6896f0d1c5ef","Microsoft-Windows-HomeGroup Provider Service/Operational","908","4728","rjaf-PC4429","S-1-5-19","3/3/2015 10:34:58 AM",,,"c:\users\mac_1\desktop\winevt\logs\microsoft-windows-homegroup provider service%4operational.evtx","System.UInt32[]","System.Diagnostics.Eventing.Reader.EventBookmark","Information","Info",,"System.Collections.ObjectModel.ReadOnlyCollection`1[System.String]","System.Collections.Generic.List`1[System.Diagnostics.Eventing.Reader.EventProperty]"
"HomeGroup status changed for HomeGroup 4. OldStatus: 132, NewStatus: %3","5013","0",,"4","0","0","-9223372036854775808","986","Microsoft-Windows-HomeGroup-ProviderService","c9bdb4eb-9287-4c8e-8378-6896f0d1c5ef","Microsoft-Windows-HomeGroup Provider Service/Operational","908","5328","rjaf-PC4429","S-1-5-19","3/3/2015 10:34:11 AM",,,"c:\users\mac_1\desktop\winevt\logs\microsoft-windows-homegroup provider service%4operational.evtx","System.UInt32[]","System.Diagnostics.Eventing.Reader.EventBookmark","Information","Info",,"System.Collections.ObjectModel.ReadOnlyCollection`1[System.String]","System.Collections.Generic.List`1[System.Diagnostics.Eventing.Reader.EventProperty]"
"HomeGroup status changed for HomeGroup 132. OldStatus: 4, NewStatus: %3","5013","0",,"4","0","0","-9223372036854775808","985","Microsoft-Windows-HomeGroup-ProviderService","c9bdb4eb-9287-4c8e-8378-6896f0d1c5ef","Microsoft-Windows-HomeGroup Provider Service/Operational","908","8432","rjaf-PC4429","S-1-5-19","3/3/2015 6:50:05 AM",,,"c:\users\mac_1\desktop\winevt\logs\microsoft-windows-homegroup provider service%4operational.evtx","System.UInt32[]","System.Diagnostics.Eventing.Reader.EventBookmark","Information","Info",,"System.Collections.ObjectModel.ReadOnlyCollection`1[System.String]","System.Collections.Generic.List`1[System.Diagnostics.Eventing.Reader.EventProperty]"
"HomeGroup status changed for HomeGroup 4. OldStatus: 132, NewStatus: %3","5013","0",,"4","0","0","-9223372036854775808","984","Microsoft-Windows-HomeGroup-ProviderService","c9bdb4eb-9287-4c8e-8378-6896f0d1c5ef","Microsoft-Windows-HomeGroup Provider Service/Operational","908","6992","rjaf-PC4429","S-1-5-19","3/3/2015 6:33:10 AM",,,"c:\users\mac_1\desktop\winevt\logs\microsoft-windows-homegroup provider service%4operational.evtx","System.UInt32[]","System.Diagnostics.Eventing.Reader.EventBookmark","Information","Info",,"System.Collections.ObjectModel.ReadOnlyCollection`1[System.String]","System.Collections.Generic.List`1[System.Diagnostics.Eventing.Reader.EventProperty]"
"HomeGroup status changed for HomeGroup 132. OldStatus: 4, NewStatus: %3","5013","0",,"4","0","0","-9223372036854775808","983","Microsoft-Windows-HomeGroup-ProviderService","c9bdb4eb-9287-4c8e-8378-6896f0d1c5ef","Microsoft-Windows-HomeGroup Provider Service/Operational","908","10536","rjaf-PC4429","S-1-5-19","3/3/2015 6:33:08 AM",,,"c:\users\mac_1\desktop\winevt\logs\microsoft-windows-homegroup provider service%4operational.evtx","System.UInt32[]","System.Diagnostics.Eventing.Reader.EventBookmark","Information","Info",,"System.Collections.ObjectModel.ReadOnlyCollection`1[System.String]","System.Collections.Generic.List`1[System.Diagnostics.Eventing.Reader.EventProperty]"
"HomeGroup status changed for HomeGroup 4. OldStatus: 132, NewStatus: %3","5013","0",,"4","0","0","-9223372036854775808","982","Microsoft-Windows-HomeGroup-ProviderService","c9bdb4eb-9287-4c8e-8378-6896f0d1c5ef","Microsoft-Windows-HomeGroup Provider Service/Operational","908","3112","rjaf-PC4429","S-1-5-19","3/3/2015 4:47:30 AM",,,"c:\users\mac_1\desktop\winevt\logs\microsoft-windows-homegroup provider service%4operational.evtx","System.UInt32[]","System.Diagnostics.Eventing.Reader.EventBookmark","Information","Info",,"System.Collections.ObjectModel.ReadOnlyCollection`1[System.String]","System.Collections.Generic.List`1[System.Diagnostics.Eventing.Reader.EventProperty]"
"HomeGroup status changed for HomeGroup 132. OldStatus: 4, NewStatus: %3","5013","0",,"4","0","0","-9223372036854775808","981","Microsoft-Windows-HomeGroup-ProviderService","c9bdb4eb-9287-4c8e-8378-6896f0d1c5ef","Microsoft-Windows-HomeGroup Provider Service/Operational","908","3112","rjaf-PC4429","S-1-5-19","3/3/2015 4:47:25 AM",,,"c:\users\mac_1\desktop\winevt\logs\microsoft-windows-homegroup provider service%4operational.evtx","System.UInt32[]","System.Diagnostics.Eventing.Reader.EventBookmark","Information","Info",,"System.Collections.ObjectModel.ReadOnlyCollection`1[System.String]","System.Collections.Generic.List`1[System.Diagnostics.Eventing.Reader.EventProperty]"
"HomeGroup status changed for HomeGroup 4. OldStatus: 132, NewStatus: %3","5013","0",,"4","0","0","-9223372036854775808","980","Microsoft-Windows-HomeGroup-ProviderService","c9bdb4eb-9287-4c8e-8378-6896f0d1c5ef","Microsoft-Windows-HomeGroup Provider Service/Operational","908","4344","rjaf-PC4429","S-1-5-19","3/3/2015 2:38:08 AM",,,"c:\users\mac_1\desktop\winevt\logs\microsoft-windows-homegroup provider service%4operational.evtx","System.UInt32[]","System.Diagnostics.Eventing.Reader.EventBookmark","Information","Info",,"System.Collections.ObjectModel.ReadOnlyCollection`1[System.String]","System.Collections.Generic.List`1[System.Diagnostics.Eventing.Reader.EventProperty]"
"HomeGroup status changed for HomeGroup 132. OldStatus: 4, NewStatus: %3","5013","0",,"4","0","0","-9223372036854775808","979","Microsoft-Windows-HomeGroup-ProviderService","c9bdb4eb-9287-4c8e-8378-6896f0d1c5ef","Microsoft-Windows-HomeGroup Provider Service/Operational","908","5488","rjaf-PC4429","S-1-5-19","3/3/2015 2:37:54 AM",,,"c:\users\mac_1\desktop\winevt\logs\microsoft-windows-homegroup provider service%4operational.evtx","System.UInt32[]","System.Diagnostics.Eventing.Reader.EventBookmark","Information","Info",,"System.Collections.ObjectModel.ReadOnlyCollection`1[System.String]","System.Collections.Generic.List`1[System.Diagnostics.Eventing.Reader.EventProperty]"
"HomeGroup status changed for HomeGroup 4. OldStatus: 132, NewStatus: %3","5013","0",,"4","0","0","-9223372036854775808","978","Microsoft-Windows-HomeGroup-ProviderService","c9bdb4eb-9287-4c8e-8378-6896f0d1c5ef","Microsoft-Windows-HomeGroup Provider Service/Operational","908","3628","rjaf-PC4429","S-1-5-19","3/3/2015 2:21:13 AM",,,"c:\users\mac_1\desktop\winevt\logs\microsoft-windows-homegroup provider service%4operational.evtx","System.UInt32[]","System.Diagnostics.Eventing.Reader.EventBookmark","Information","Info",,"System.Collections.ObjectModel.ReadOnlyCollection`1[System.String]","System.Collections.Generic.List`1[System.Diagnostics.Eventing.Reader.EventProperty]"
"HomeGroup status changed for HomeGroup 132. OldStatus: 4, NewStatus: %3","5013","0",,"4","0","0","-9223372036854775808","977","Microsoft-Windows-HomeGroup-ProviderService","c9bdb4eb-9287-4c8e-8378-6896f0d1c5ef","Microsoft-Windows-HomeGroup Provider Service/Operational","908","2236","rjaf-PC4429","S-1-5-19","3/3/2015 2:20:56 AM",,,"c:\users\mac_1\desktop\winevt\logs\microsoft-windows-homegroup provider service%4operational.evtx","System.UInt32[]","System.Diagnostics.Eventing.Reader.EventBookmark","Information","Info",,"System.Collections.ObjectModel.ReadOnlyCollection`1[System.String]","System.Collections.Generic.List`1[System.Diagnostics.Eventing.Reader.EventProperty]"
"HomeGroup status changed for HomeGroup 4. OldStatus: 132, NewStatus: %3","5013","0",,"4","0","0","-9223372036854775808","976","Microsoft-Windows-HomeGroup-ProviderService","c9bdb4eb-9287-4c8e-8378-6896f0d1c5ef","Microsoft-Windows-HomeGroup Provider Service/Operational","908","4556","rjaf-PC4429","S-1-5-19","3/3/2015 2:20:41 AM",,,"c:\users\mac_1\desktop\winevt\logs\microsoft-windows-homegroup provider service%4operational.evtx","System.UInt32[]","System.Diagnostics.Eventing.Reader.EventBookmark","Information","Info",,"System.Collections.ObjectModel.ReadOnlyCollection`1[System.String]","System.Collections.Generic.List`1[System.Diagnostics.Eventing.Reader.EventProperty]"
"HomeGroup status changed for HomeGroup 132. OldStatus: 4, NewStatus: %3","5013","0",,"4","0","0","-9223372036854775808","975","Microsoft-Windows-HomeGroup-ProviderService","c9bdb4eb-9287-4c8e-8378-6896f0d1c5ef","Microsoft-Windows-HomeGroup Provider Service/Operational","908","2400","rjaf-PC4429","S-1-5-19","3/3/2015 2:20:29 AM",,,"c:\users\mac_1\desktop\winevt\logs\microsoft-windows-homegroup provider service%4operational.evtx","System.UInt32[]","System.Diagnostics.Eventing.Reader.EventBookmark","Information","Info",,"System.Collections.ObjectModel.ReadOnlyCollection`1[System.String]","System.Collections.Generic.List`1[System.Diagnostics.Eventing.Reader.EventProperty]"
"HomeGroup status changed for HomeGroup 4. OldStatus: 132, NewStatus: %3","5013","0",,"4","0","0","-9223372036854775808","974","Microsoft-Windows-HomeGroup-ProviderService","c9bdb4eb-9287-4c8e-8378-6896f0d1c5ef","Microsoft-Windows-HomeGroup Provider Service/Operational","908","2428","rjaf-PC4429","S-1-5-19","3/3/2015 2:13:05 AM",,,"c:\users\mac_1\desktop\winevt\logs\microsoft-windows-homegroup provider service%4operational.evtx","System.UInt32[]","System.Diagnostics.Eventing.Reader.EventBookmark","Information","Info",,"System.Collections.ObjectModel.ReadOnlyCollection`1[System.String]","System.Collections.Generic.List`1[System.Diagnostics.Eventing.Reader.EventProperty]"
"HomeGroup status changed for HomeGroup 132. OldStatus: 4, NewStatus: %3","5013","0",,"4","0","0","-9223372036854775808","973","Microsoft-Windows-HomeGroup-ProviderService","c9bdb4eb-9287-4c8e-8378-6896f0d1c5ef","Microsoft-Windows-HomeGroup Provider Service/Operational","908","5716","rjaf-PC4429","S-1-5-19","3/3/2015 2:12:57 AM",,,"c:\users\mac_1\desktop\winevt\logs\microsoft-windows-homegroup provider service%4operational.evtx","System.UInt32[]","System.Diagnostics.Eventing.Reader.EventBookmark","Information","Info",,"System.Collections.ObjectModel.ReadOnlyCollection`1[System.String]","System.Collections.Generic.List`1[System.Diagnostics.Eventing.Reader.EventProperty]"
"HomeGroup status changed for HomeGroup 4. OldStatus: 132, NewStatus: %3","5013","0",,"4","0","0","-9223372036854775808","972","Microsoft-Windows-HomeGroup-ProviderService","c9bdb4eb-9287-4c8e-8378-6896f0d1c5ef","Microsoft-Windows-HomeGroup Provider Service/Operational","908","956","rjaf-PC4429","S-1-5-19","3/2/2015 10:52:36 PM",,,"c:\users\mac_1\desktop\winevt\logs\microsoft-windows-homegroup provider service%4operational.evtx","System.UInt32[]","System.Diagnostics.Eventing.Reader.EventBookmark","Information","Info",,"System.Collections.ObjectModel.ReadOnlyCollection`1[System.String]","System.Collections.Generic.List`1[System.Diagnostics.Eventing.Reader.EventProperty]"
"HomeGroup status changed for HomeGroup 132. OldStatus: 4, NewStatus: %3","5013","0",,"4","0","0","-9223372036854775808","971","Microsoft-Windows-HomeGroup-ProviderService","c9bdb4eb-9287-4c8e-8378-6896f0d1c5ef","Microsoft-Windows-HomeGroup Provider Service/Operational","908","2964","rjaf-PC4429","S-1-5-19","3/2/2015 5:00:17 PM",,,"c:\users\mac_1\desktop\winevt\logs\microsoft-windows-homegroup provider service%4operational.evtx","System.UInt32[]","System.Diagnostics.Eventing.Reader.EventBookmark","Information","Info",,"System.Collections.ObjectModel.ReadOnlyCollection`1[System.String]","System.Collections.Generic.List`1[System.Diagnostics.Eventing.Reader.EventProperty]"
"HomeGroup status changed for HomeGroup 4. OldStatus: 132, NewStatus: %3","5013","0",,"4","0","0","-9223372036854775808","970","Microsoft-Windows-HomeGroup-ProviderService","c9bdb4eb-9287-4c8e-8378-6896f0d1c5ef","Microsoft-Windows-HomeGroup Provider Service/Operational","908","3352","rjaf-PC4429","S-1-5-19","3/2/2015 1:42:26 PM",,,"c:\users\mac_1\desktop\winevt\logs\microsoft-windows-homegroup provider service%4operational.evtx","System.UInt32[]","System.Diagnostics.Eventing.Reader.EventBookmark","Information","Info",,"System.Collections.ObjectModel.ReadOnlyCollection`1[System.String]","System.Collections.Generic.List`1[System.Diagnostics.Eventing.Reader.EventProperty]"
"HomeGroup status changed for HomeGroup 132. OldStatus: 4, NewStatus: %3","5013","0",,"4","0","0","-9223372036854775808","969","Microsoft-Windows-HomeGroup-ProviderService","c9bdb4eb-9287-4c8e-8378-6896f0d1c5ef","Microsoft-Windows-HomeGroup Provider Service/Operational","908","3280","rjaf-PC4429","S-1-5-19","3/2/2015 1:12:04 PM",,,"c:\users\mac_1\desktop\winevt\logs\microsoft-windows-homegroup provider service%4operational.evtx","System.UInt32[]","System.Diagnostics.Eventing.Reader.EventBookmark","Information","Info",,"System.Collections.ObjectModel.ReadOnlyCollection`1[System.String]","System.Collections.Generic.List`1[System.Diagnostics.Eventing.Reader.EventProperty]"
"HomeGroup status changed for HomeGroup 4. OldStatus: 132, NewStatus: %3","5013","0",,"4","0","0","-9223372036854775808","968","Microsoft-Windows-HomeGroup-ProviderService","c9bdb4eb-9287-4c8e-8378-6896f0d1c5ef","Microsoft-Windows-HomeGroup Provider Service/Operational","908","3840","rjaf-PC4429","S-1-5-19","3/2/2015 10:39:12 AM",,,"c:\users\mac_1\desktop\winevt\logs\microsoft-windows-homegroup provider service%4operational.evtx","System.UInt32[]","System.Diagnostics.Eventing.Reader.EventBookmark","Information","Info",,"System.Collections.ObjectModel.ReadOnlyCollection`1[System.String]","System.Collections.Generic.List`1[System.Diagnostics.Eventing.Reader.EventProperty]"
"HomeGroup status changed for HomeGroup 132. OldStatus: 4, NewStatus: %3","5013","0",,"4","0","0","-9223372036854775808","967","Microsoft-Windows-HomeGroup-ProviderService","c9bdb4eb-9287-4c8e-8378-6896f0d1c5ef","Microsoft-Windows-HomeGroup Provider Service/Operational","908","3572","rjaf-PC4429","S-1-5-19","3/2/2015 10:33:13 AM",,,"c:\users\mac_1\desktop\winevt\logs\microsoft-windows-homegroup provider service%4operational.evtx","System.UInt32[]","System.Diagnostics.Eventing.Reader.EventBookmark","Information","Info",,"System.Collections.ObjectModel.ReadOnlyCollection`1[System.String]","System.Collections.Generic.List`1[System.Diagnostics.Eventing.Reader.EventProperty]"
"HomeGroup status changed for HomeGroup 4. OldStatus: 132, NewStatus: %3","5013","0",,"4","0","0","-9223372036854775808","966","Microsoft-Windows-HomeGroup-ProviderService","c9bdb4eb-9287-4c8e-8378-6896f0d1c5ef","Microsoft-Windows-HomeGroup Provider Service/Operational","908","3524","rjaf-PC4429","S-1-5-19","3/2/2015 1:45:47 AM",,,"c:\users\mac_1\desktop\winevt\logs\microsoft-windows-homegroup provider service%4operational.evtx","System.UInt32[]","System.Diagnostics.Eventing.Reader.EventBookmark","Information","Info",,"System.Collections.ObjectModel.ReadOnlyCollection`1[System.String]","System.Collections.Generic.List`1[System.Diagnostics.Eventing.Reader.EventProperty]"
"HomeGroup status changed for HomeGroup 132. OldStatus: 4, NewStatus: %3","5013","0",,"4","0","0","-9223372036854775808","965","Microsoft-Windows-HomeGroup-ProviderService","c9bdb4eb-9287-4c8e-8378-6896f0d1c5ef","Microsoft-Windows-HomeGroup Provider Service/Operational","908","5984","rjaf-PC4429","S-1-5-19","3/2/2015 1:45:37 AM",,,"c:\users\mac_1\desktop\winevt\logs\microsoft-windows-homegroup provider service%4operational.evtx","System.UInt32[]","System.Diagnostics.Eventing.Reader.EventBookmark","Information","Info",,"System.Collections.ObjectModel.ReadOnlyCollection`1[System.String]","System.Collections.Generic.List`1[System.Diagnostics.Eventing.Reader.EventProperty]"
"HomeGroup status changed for HomeGroup 4. OldStatus: 132, NewStatus: %3","5013","0",,"4","0","0","-9223372036854775808","964","Microsoft-Windows-HomeGroup-ProviderService","c9bdb4eb-9287-4c8e-8378-6896f0d1c5ef","Microsoft-Windows-HomeGroup Provider Service/Operational","908","3716","rjaf-PC4429","S-1-5-19","3/2/2015 12:54:12 AM",,,"c:\users\mac_1\desktop\winevt\logs\microsoft-windows-homegroup provider service%4operational.evtx","System.UInt32[]","System.Diagnostics.Eventing.Reader.EventBookmark","Information","Info",,"System.Collections.ObjectModel.ReadOnlyCollection`1[System.String]","System.Collections.Generic.List`1[System.Diagnostics.Eventing.Reader.EventProperty]"
"HomeGroup status changed for HomeGroup 132. OldStatus: 4, NewStatus: %3","5013","0",,"4","0","0","-9223372036854775808","963","Microsoft-Windows-HomeGroup-ProviderService","c9bdb4eb-9287-4c8e-8378-6896f0d1c5ef","Microsoft-Windows-HomeGroup Provider Service/Operational","908","3008","rjaf-PC4429","S-1-5-19","3/2/2015 12:54:02 AM",,,"c:\users\mac_1\desktop\winevt\logs\microsoft-windows-homegroup provider service%4operational.evtx","System.UInt32[]","System.Diagnostics.Eventing.Reader.EventBookmark","Information","Info",,"System.Collections.ObjectModel.ReadOnlyCollection`1[System.String]","System.Collections.Generic.List`1[System.Diagnostics.Eventing.Reader.EventProperty]"
"HomeGroup status changed for HomeGroup 4. OldStatus: 132, NewStatus: %3","5013","0",,"4","0","0","-9223372036854775808","962","Microsoft-Windows-HomeGroup-ProviderService","c9bdb4eb-9287-4c8e-8378-6896f0d1c5ef","Microsoft-Windows-HomeGroup Provider Service/Operational","908","5304","rjaf-PC4429","S-1-5-19","3/1/2015 11:08:00 PM",,,"c:\users\mac_1\desktop\winevt\logs\microsoft-windows-homegroup provider service%4operational.evtx","System.UInt32[]","System.Diagnostics.Eventing.Reader.EventBookmark","Information","Info",,"System.Collections.ObjectModel.ReadOnlyCollection`1[System.String]","System.Collections.Generic.List`1[System.Diagnostics.Eventing.Reader.EventProperty]"
"HomeGroup status changed for HomeGroup 132. OldStatus: 4, NewStatus: %3","5013","0",,"4","0","0","-9223372036854775808","961","Microsoft-Windows-HomeGroup-ProviderService","c9bdb4eb-9287-4c8e-8378-6896f0d1c5ef","Microsoft-Windows-HomeGroup Provider Service/Operational","908","4524","rjaf-PC4429","S-1-5-19","3/1/2015 5:00:17 PM",,,"c:\users\mac_1\desktop\winevt\logs\microsoft-windows-homegroup provider service%4operational.evtx","System.UInt32[]","System.Diagnostics.Eventing.Reader.EventBookmark","Information","Info",,"System.Collections.ObjectModel.ReadOnlyCollection`1[System.String]","System.Collections.Generic.List`1[System.Diagnostics.Eventing.Reader.EventProperty]"
"HomeGroup status changed for HomeGroup 4. OldStatus: 132, NewStatus: %3","5013","0",,"4","0","0","-9223372036854775808","960","Microsoft-Windows-HomeGroup-ProviderService","c9bdb4eb-9287-4c8e-8378-6896f0d1c5ef","Microsoft-Windows-HomeGroup Provider Service/Operational","908","2596","rjaf-PC4429","S-1-5-19","3/1/2015 11:22:46 AM",,,"c:\users\mac_1\desktop\winevt\logs\microsoft-windows-homegroup provider service%4operational.evtx","System.UInt32[]","System.Diagnostics.Eventing.Reader.EventBookmark","Information","Info",,"System.Collections.ObjectModel.ReadOnlyCollection`1[System.String]","System.Collections.Generic.List`1[System.Diagnostics.Eventing.Reader.EventProperty]"
"HomeGroup status changed for HomeGroup 132. OldStatus: 4, NewStatus: %3","5013","0",,"4","0","0","-9223372036854775808","959","Microsoft-Windows-HomeGroup-ProviderService","c9bdb4eb-9287-4c8e-8378-6896f0d1c5ef","Microsoft-Windows-HomeGroup Provider Service/Operational","908","2512","rjaf-PC4429","S-1-5-19","3/1/2015 7:02:31 AM",,,"c:\users\mac_1\desktop\winevt\logs\microsoft-windows-homegroup provider service%4operational.evtx","System.UInt32[]","System.Diagnostics.Eventing.Reader.EventBookmark","Information","Info",,"System.Collections.ObjectModel.ReadOnlyCollection`1[System.String]","System.Collections.Generic.List`1[System.Diagnostics.Eventing.Reader.EventProperty]"
"HomeGroup status changed for HomeGroup 4. OldStatus: 132, NewStatus: %3","5013","0",,"4","0","0","-9223372036854775808","958","Microsoft-Windows-HomeGroup-ProviderService","c9bdb4eb-9287-4c8e-8378-6896f0d1c5ef","Microsoft-Windows-HomeGroup Provider Service/Operational","908","3716","rjaf-PC4429","S-1-5-19","3/1/2015 6:36:50 AM",,,"c:\users\mac_1\desktop\winevt\logs\microsoft-windows-homegroup provider service%4operational.evtx","System.UInt32[]","System.Diagnostics.Eventing.Reader.EventBookmark","Information","Info",,"System.Collections.ObjectModel.ReadOnlyCollection`1[System.String]","System.Collections.Generic.List`1[System.Diagnostics.Eventing.Reader.EventProperty]"
"HomeGroup status changed for HomeGroup 132. OldStatus: 4, NewStatus: %3","5013","0",,"4","0","0","-9223372036854775808","957","Microsoft-Windows-HomeGroup-ProviderService","c9bdb4eb-9287-4c8e-8378-6896f0d1c5ef","Microsoft-Windows-HomeGroup Provider Service/Operational","908","3716","rjaf-PC4429","S-1-5-19","3/1/2015 6:36:44 AM",,,"c:\users\mac_1\desktop\winevt\logs\microsoft-windows-homegroup provider service%4operational.evtx","System.UInt32[]","System.Diagnostics.Eventing.Reader.EventBookmark","Information","Info",,"System.Collections.ObjectModel.ReadOnlyCollection`1[System.String]","System.Collections.Generic.List`1[System.Diagnostics.Eventing.Reader.EventProperty]"
"HomeGroup status changed for HomeGroup 4. OldStatus: 132, NewStatus: %3","5013","0",,"4","0","0","-9223372036854775808","956","Microsoft-Windows-HomeGroup-ProviderService","c9bdb4eb-9287-4c8e-8378-6896f0d1c5ef","Microsoft-Windows-HomeGroup Provider Service/Operational","908","2208","rjaf-PC4429","S-1-5-19","3/1/2015 4:26:22 AM",,,"c:\users\mac_1\desktop\winevt\logs\microsoft-windows-homegroup provider service%4operational.evtx","System.UInt32[]","System.Diagnostics.Eventing.Reader.EventBookmark","Information","Info",,"System.Collections.ObjectModel.ReadOnlyCollection`1[System.String]","System.Collections.Generic.List`1[System.Diagnostics.Eventing.Reader.EventProperty]"
"HomeGroup status changed for HomeGroup 132. OldStatus: 4, NewStatus: %3","5013","0",,"4","0","0","-9223372036854775808","955","Microsoft-Windows-HomeGroup-ProviderService","c9bdb4eb-9287-4c8e-8378-6896f0d1c5ef","Microsoft-Windows-HomeGroup Provider Service/Operational","908","2472","rjaf-PC4429","S-1-5-19","3/1/2015 4:26:11 AM",,,"c:\users\mac_1\desktop\winevt\logs\microsoft-windows-homegroup provider service%4operational.evtx","System.UInt32[]","System.Diagnostics.Eventing.Reader.EventBookmark","Information","Info",,"System.Collections.ObjectModel.ReadOnlyCollection`1[System.String]","System.Collections.Generic.List`1[System.Diagnostics.Eventing.Reader.EventProperty]"
"HomeGroup status changed for HomeGroup 4. OldStatus: 132, NewStatus: %3","5013","0",,"4","0","0","-9223372036854775808","954","Microsoft-Windows-HomeGroup-ProviderService","c9bdb4eb-9287-4c8e-8378-6896f0d1c5ef","Microsoft-Windows-HomeGroup Provider Service/Operational","908","920","rjaf-PC4429","S-1-5-19","3/1/2015 2:34:06 AM",,,"c:\users\mac_1\desktop\winevt\logs\microsoft-windows-homegroup provider service%4operational.evtx","System.UInt32[]","System.Diagnostics.Eventing.Reader.EventBookmark","Information","Info",,"System.Collections.ObjectModel.ReadOnlyCollection`1[System.String]","System.Collections.Generic.List`1[System.Diagnostics.Eventing.Reader.EventProperty]"
"HomeGroup status changed for HomeGroup 2. OldStatus: 4, NewStatus: %3","5013","0",,"4","0","0","-9223372036854775808","953","Microsoft-Windows-HomeGroup-ProviderService","c9bdb4eb-9287-4c8e-8378-6896f0d1c5ef","Microsoft-Windows-HomeGroup Provider Service/Operational","908","920","rjaf-PC4429","S-1-5-19","3/1/2015 2:33:28 AM",,,"c:\users\mac_1\desktop\winevt\logs\microsoft-windows-homegroup provider service%4operational.evtx","System.UInt32[]","System.Diagnostics.Eventing.Reader.EventBookmark","Information","Info",,"System.Collections.ObjectModel.ReadOnlyCollection`1[System.String]","System.Collections.Generic.List`1[System.Diagnostics.Eventing.Reader.EventProperty]"
"HomeGroup status changed for HomeGroup 0. OldStatus: 2, NewStatus: %3","5013","0",,"4","0","0","-9223372036854775808","952","Microsoft-Windows-HomeGroup-ProviderService","c9bdb4eb-9287-4c8e-8378-6896f0d1c5ef","Microsoft-Windows-HomeGroup Provider Service/Operational","908","920","rjaf-PC4429","S-1-5-19","3/1/2015 2:33:28 AM",,,"c:\users\mac_1\desktop\winevt\logs\microsoft-windows-homegroup provider service%4operational.evtx","System.UInt32[]","System.Diagnostics.Eventing.Reader.EventBookmark","Information","Info",,"System.Collections.ObjectModel.ReadOnlyCollection`1[System.String]","System.Collections.Generic.List`1[System.Diagnostics.Eventing.Reader.EventProperty]"
"HomeGroup status changed for HomeGroup 132. OldStatus: 4, NewStatus: %3","5013","0",,"4","0","0","-9223372036854775808","951","Microsoft-Windows-HomeGroup-ProviderService","c9bdb4eb-9287-4c8e-8378-6896f0d1c5ef","Microsoft-Windows-HomeGroup Provider Service/Operational","884","3540","rjaf-PC4429","S-1-5-19","2/26/2015 1:31:01 AM",,,"c:\users\mac_1\desktop\winevt\logs\microsoft-windows-homegroup provider service%4operational.evtx","System.UInt32[]","System.Diagnostics.Eventing.Reader.EventBookmark","Information","Info",,"System.Collections.ObjectModel.ReadOnlyCollection`1[System.String]","System.Collections.Generic.List`1[System.Diagnostics.Eventing.Reader.EventProperty]"
"HomeGroup status changed for HomeGroup 4. OldStatus: 132, NewStatus: %3","5013","0",,"4","0","0","-9223372036854775808","950","Microsoft-Windows-HomeGroup-ProviderService","c9bdb4eb-9287-4c8e-8378-6896f0d1c5ef","Microsoft-Windows-HomeGroup Provider Service/Operational","884","388","rjaf-PC4429","S-1-5-19","2/26/2015 1:21:40 AM",,,"c:\users\mac_1\desktop\winevt\logs\microsoft-windows-homegroup provider service%4operational.evtx","System.UInt32[]","System.Diagnostics.Eventing.Reader.EventBookmark","Information","Info",,"System.Collections.ObjectModel.ReadOnlyCollection`1[System.String]","System.Collections.Generic.List`1[System.Diagnostics.Eventing.Reader.EventProperty]"
"HomeGroup status changed for HomeGroup 132. OldStatus: 4, NewStatus: %3","5013","0",,"4","0","0","-9223372036854775808","949","Microsoft-Windows-HomeGroup-ProviderService","c9bdb4eb-9287-4c8e-8378-6896f0d1c5ef","Microsoft-Windows-HomeGroup Provider Service/Operational","884","3616","rjaf-PC4429","S-1-5-19","2/26/2015 1:21:39 AM",,,"c:\users\mac_1\desktop\winevt\logs\microsoft-windows-homegroup provider service%4operational.evtx","System.UInt32[]","System.Diagnostics.Eventing.Reader.EventBookmark","Information","Info",,"System.Collections.ObjectModel.ReadOnlyCollection`1[System.String]","System.Collections.Generic.List`1[System.Diagnostics.Eventing.Reader.EventProperty]"
"HomeGroup status changed for HomeGroup 4. OldStatus: 132, NewStatus: %3","5013","0",,"4","0","0","-9223372036854775808","948","Microsoft-Windows-HomeGroup-ProviderService","c9bdb4eb-9287-4c8e-8378-6896f0d1c5ef","Microsoft-Windows-HomeGroup Provider Service/Operational","884","4520","rjaf-PC4429","S-1-5-19","2/26/2015 12:11:35 AM",,,"c:\users\mac_1\desktop\winevt\logs\microsoft-windows-homegroup provider service%4operational.evtx","System.UInt32[]","System.Diagnostics.Eventing.Reader.EventBookmark","Information","Info",,"System.Collections.ObjectModel.ReadOnlyCollection`1[System.String]","System.Collections.Generic.List`1[System.Diagnostics.Eventing.Reader.EventProperty]"
"HomeGroup status changed for HomeGroup 132. OldStatus: 4, NewStatus: %3","5013","0",,"4","0","0","-9223372036854775808","947","Microsoft-Windows-HomeGroup-ProviderService","c9bdb4eb-9287-4c8e-8378-6896f0d1c5ef","Microsoft-Windows-HomeGroup Provider Service/Operational","884","5092","rjaf-PC4429","S-1-5-19","2/25/2015 5:00:12 PM",,,"c:\users\mac_1\desktop\winevt\logs\microsoft-windows-homegroup provider service%4operational.evtx","System.UInt32[]","System.Diagnostics.Eventing.Reader.EventBookmark","Information","Info",,"System.Collections.ObjectModel.ReadOnlyCollection`1[System.String]","System.Collections.Generic.List`1[System.Diagnostics.Eventing.Reader.EventProperty]"
"HomeGroup status changed for HomeGroup 4. OldStatus: 132, NewStatus: %3","5013","0",,"4","0","0","-9223372036854775808","946","Microsoft-Windows-HomeGroup-ProviderService","c9bdb4eb-9287-4c8e-8378-6896f0d1c5ef","Microsoft-Windows-HomeGroup Provider Service/Operational","884","616","rjaf-PC4429","S-1-5-19","2/25/2015 10:17:12 AM",,,"c:\users\mac_1\desktop\winevt\logs\microsoft-windows-homegroup provider service%4operational.evtx","System.UInt32[]","System.Diagnostics.Eventing.Reader.EventBookmark","Information","Info",,"System.Collections.ObjectModel.ReadOnlyCollection`1[System.String]","System.Collections.Generic.List`1[System.Diagnostics.Eventing.Reader.EventProperty]"
"HomeGroup status changed for HomeGroup 132. OldStatus: 4, NewStatus: %3","5013","0",,"4","0","0","-9223372036854775808","945","Microsoft-Windows-HomeGroup-ProviderService","c9bdb4eb-9287-4c8e-8378-6896f0d1c5ef","Microsoft-Windows-HomeGroup Provider Service/Operational","884","4356","rjaf-PC4429","S-1-5-19","2/25/2015 8:13:56 AM",,,"c:\users\mac_1\desktop\winevt\logs\microsoft-windows-homegroup provider service%4operational.evtx","System.UInt32[]","System.Diagnostics.Eventing.Reader.EventBookmark","Information","Info",,"System.Collections.ObjectModel.ReadOnlyCollection`1[System.String]","System.Collections.Generic.List`1[System.Diagnostics.Eventing.Reader.EventProperty]"
"HomeGroup status changed for HomeGroup 4. OldStatus: 132, NewStatus: %3","5013","0",,"4","0","0","-9223372036854775808","944","Microsoft-Windows-HomeGroup-ProviderService","c9bdb4eb-9287-4c8e-8378-6896f0d1c5ef","Microsoft-Windows-HomeGroup Provider Service/Operational","884","4356","rjaf-PC4429","S-1-5-19","2/25/2015 3:10:28 AM",,,"c:\users\mac_1\desktop\winevt\logs\microsoft-windows-homegroup provider service%4operational.evtx","System.UInt32[]","System.Diagnostics.Eventing.Reader.EventBookmark","Information","Info",,"System.Collections.ObjectModel.ReadOnlyCollection`1[System.String]","System.Collections.Generic.List`1[System.Diagnostics.Eventing.Reader.EventProperty]"
"HomeGroup status changed for HomeGroup 132. OldStatus: 4, NewStatus: %3","5013","0",,"4","0","0","-9223372036854775808","943","Microsoft-Windows-HomeGroup-ProviderService","c9bdb4eb-9287-4c8e-8378-6896f0d1c5ef","Microsoft-Windows-HomeGroup Provider Service/Operational","884","2276","rjaf-PC4429","S-1-5-19","2/25/2015 2:25:14 AM",,,"c:\users\mac_1\desktop\winevt\logs\microsoft-windows-homegroup provider service%4operational.evtx","System.UInt32[]","System.Diagnostics.Eventing.Reader.EventBookmark","Information","Info",,"System.Collections.ObjectModel.ReadOnlyCollection`1[System.String]","System.Collections.Generic.List`1[System.Diagnostics.Eventing.Reader.EventProperty]"
"HomeGroup status changed for HomeGroup 4. OldStatus: 132, NewStatus: %3","5013","0",,"4","0","0","-9223372036854775808","942","Microsoft-Windows-HomeGroup-ProviderService","c9bdb4eb-9287-4c8e-8378-6896f0d1c5ef","Microsoft-Windows-HomeGroup Provider Service/Operational","884","1936","rjaf-PC4429","S-1-5-19","2/24/2015 11:41:27 PM",,,"c:\users\mac_1\desktop\winevt\logs\microsoft-windows-homegroup provider service%4operational.evtx","System.UInt32[]","System.Diagnostics.Eventing.Reader.EventBookmark","Information","Info",,"System.Collections.ObjectModel.ReadOnlyCollection`1[System.String]","System.Collections.Generic.List`1[System.Diagnostics.Eventing.Reader.EventProperty]"
"HomeGroup status changed for HomeGroup 132. OldStatus: 4, NewStatus: %3","5013","0",,"4","0","0","-9223372036854775808","941","Microsoft-Windows-HomeGroup-ProviderService","c9bdb4eb-9287-4c8e-8378-6896f0d1c5ef","Microsoft-Windows-HomeGroup Provider Service/Operational","884","3752","rjaf-PC4429","S-1-5-19","2/24/2015 11:36:18 PM",,,"c:\users\mac_1\desktop\winevt\logs\microsoft-windows-homegroup provider service%4operational.evtx","System.UInt32[]","System.Diagnostics.Eventing.Reader.EventBookmark","Information","Info",,"System.Collections.ObjectModel.ReadOnlyCollection`1[System.String]","System.Collections.Generic.List`1[System.Diagnostics.Eventing.Reader.EventProperty]"
"HomeGroup status changed for HomeGroup 4. OldStatus: 132, NewStatus: %3","5013","0",,"4","0","0","-9223372036854775808","940","Microsoft-Windows-HomeGroup-ProviderService","c9bdb4eb-9287-4c8e-8378-6896f0d1c5ef","Microsoft-Windows-HomeGroup Provider Service/Operational","884","2752","rjaf-PC4429","S-1-5-19","2/24/2015 11:30:48 PM",,,"c:\users\mac_1\desktop\winevt\logs\microsoft-windows-homegroup provider service%4operational.evtx","System.UInt32[]","System.Diagnostics.Eventing.Reader.EventBookmark","Information","Info",,"System.Collections.ObjectModel.ReadOnlyCollection`1[System.String]","System.Collections.Generic.List`1[System.Diagnostics.Eventing.Reader.EventProperty]"
"HomeGroup status changed for HomeGroup 132. OldStatus: 4, NewStatus: %3","5013","0",,"4","0","0","-9223372036854775808","939","Microsoft-Windows-HomeGroup-ProviderService","c9bdb4eb-9287-4c8e-8378-6896f0d1c5ef","Microsoft-Windows-HomeGroup Provider Service/Operational","884","2168","rjaf-PC4429","S-1-5-19","2/24/2015 11:30:31 PM",,,"c:\users\mac_1\desktop\winevt\logs\microsoft-windows-homegroup provider service%4operational.evtx","System.UInt32[]","System.Diagnostics.Eventing.Reader.EventBookmark","Information","Info",,"System.Collections.ObjectModel.ReadOnlyCollection`1[System.String]","System.Collections.Generic.List`1[System.Diagnostics.Eventing.Reader.EventProperty]"
"HomeGroup status changed for HomeGroup 4. OldStatus: 132, NewStatus: %3","5013","0",,"4","0","0","-9223372036854775808","938","Microsoft-Windows-HomeGroup-ProviderService","c9bdb4eb-9287-4c8e-8378-6896f0d1c5ef","Microsoft-Windows-HomeGroup Provider Service/Operational","884","124","rjaf-PC4429","S-1-5-19","2/24/2015 10:42:17 PM",,,"c:\users\mac_1\desktop\winevt\logs\microsoft-windows-homegroup provider service%4operational.evtx","System.UInt32[]","System.Diagnostics.Eventing.Reader.EventBookmark","Information","Info",,"System.Collections.ObjectModel.ReadOnlyCollection`1[System.String]","System.Collections.Generic.List`1[System.Diagnostics.Eventing.Reader.EventProperty]"
"HomeGroup status changed for HomeGroup 132. OldStatus: 4, NewStatus: %3","5013","0",,"4","0","0","-9223372036854775808","937","Microsoft-Windows-HomeGroup-ProviderService","c9bdb4eb-9287-4c8e-8378-6896f0d1c5ef","Microsoft-Windows-HomeGroup Provider Service/Operational","884","832","rjaf-PC4429","S-1-5-19","2/24/2015 5:00:17 PM",,,"c:\users\mac_1\desktop\winevt\logs\microsoft-windows-homegroup provider service%4operational.evtx","System.UInt32[]","System.Diagnostics.Eventing.Reader.EventBookmark","Information","Info",,"System.Collections.ObjectModel.ReadOnlyCollection`1[System.String]","System.Collections.Generic.List`1[System.Diagnostics.Eventing.Reader.EventProperty]"
"HomeGroup status changed for HomeGroup 4. OldStatus: 132, NewStatus: %3","5013","0",,"4","0","0","-9223372036854775808","936","Microsoft-Windows-HomeGroup-ProviderService","c9bdb4eb-9287-4c8e-8378-6896f0d1c5ef","Microsoft-Windows-HomeGroup Provider Service/Operational","884","2800","rjaf-PC4429","S-1-5-19","2/24/2015 10:08:22 AM",,,"c:\users\mac_1\desktop\winevt\logs\microsoft-windows-homegroup provider service%4operational.evtx","System.UInt32[]","System.Diagnostics.Eventing.Reader.EventBookmark","Information","Info",,"System.Collections.ObjectModel.ReadOnlyCollection`1[System.String]","System.Collections.Generic.List`1[System.Diagnostics.Eventing.Reader.EventProperty]"
"HomeGroup status changed for HomeGroup 132. OldStatus: 4, NewStatus: %3","5013","0",,"4","0","0","-9223372036854775808","935","Microsoft-Windows-HomeGroup-ProviderService","c9bdb4eb-9287-4c8e-8378-6896f0d1c5ef","Microsoft-Windows-HomeGroup Provider Service/Operational","884","1400","rjaf-PC4429","S-1-5-19","2/24/2015 9:33:47 AM",,,"c:\users\mac_1\desktop\winevt\logs\microsoft-windows-homegroup provider service%4operational.evtx","System.UInt32[]","System.Diagnostics.Eventing.Reader.EventBookmark","Information","Info",,"System.Collections.ObjectModel.ReadOnlyCollection`1[System.String]","System.Collections.Generic.List`1[System.Diagnostics.Eventing.Reader.EventProperty]"
"HomeGroup status changed for HomeGroup 4. OldStatus: 132, NewStatus: %3","5013","0",,"4","0","0","-9223372036854775808","934","Microsoft-Windows-HomeGroup-ProviderService","c9bdb4eb-9287-4c8e-8378-6896f0d1c5ef","Microsoft-Windows-HomeGroup Provider Service/Operational","884","3160","rjaf-PC4429","S-1-5-19","2/24/2015 9:07:59 AM",,,"c:\users\mac_1\desktop\winevt\logs\microsoft-windows-homegroup provider service%4operational.evtx","System.UInt32[]","System.Diagnostics.Eventing.Reader.EventBookmark","Information","Info",,"System.Collections.ObjectModel.ReadOnlyCollection`1[System.String]","System.Collections.Generic.List`1[System.Diagnostics.Eventing.Reader.EventProperty]"
"HomeGroup status changed for HomeGroup 132. OldStatus: 4, NewStatus: %3","5013","0",,"4","0","0","-9223372036854775808","933","Microsoft-Windows-HomeGroup-ProviderService","c9bdb4eb-9287-4c8e-8378-6896f0d1c5ef","Microsoft-Windows-HomeGroup Provider Service/Operational","884","3160","rjaf-PC4429","S-1-5-19","2/24/2015 9:07:44 AM",,,"c:\users\mac_1\desktop\winevt\logs\microsoft-windows-homegroup provider service%4operational.evtx","System.UInt32[]","System.Diagnostics.Eventing.Reader.EventBookmark","Information","Info",,"System.Collections.ObjectModel.ReadOnlyCollection`1[System.String]","System.Collections.Generic.List`1[System.Diagnostics.Eventing.Reader.EventProperty]"
"HomeGroup status changed for HomeGroup 4. OldStatus: 132, NewStatus: %3","5013","0",,"4","0","0","-9223372036854775808","932","Microsoft-Windows-HomeGroup-ProviderService","c9bdb4eb-9287-4c8e-8378-6896f0d1c5ef","Microsoft-Windows-HomeGroup Provider Service/Operational","884","256","rjaf-PC4429","S-1-5-19","2/24/2015 8:23:17 AM",,,"c:\users\mac_1\desktop\winevt\logs\microsoft-windows-homegroup provider service%4operational.evtx","System.UInt32[]","System.Diagnostics.Eventing.Reader.EventBookmark","Information","Info",,"System.Collections.ObjectModel.ReadOnlyCollection`1[System.String]","System.Collections.Generic.List`1[System.Diagnostics.Eventing.Reader.EventProperty]"
"HomeGroup status changed for HomeGroup 132. OldStatus: 4, NewStatus: %3","5013","0",,"4","0","0","-9223372036854775808","931","Microsoft-Windows-HomeGroup-ProviderService","c9bdb4eb-9287-4c8e-8378-6896f0d1c5ef","Microsoft-Windows-HomeGroup Provider Service/Operational","884","1112","rjaf-PC4429","S-1-5-19","2/24/2015 8:21:47 AM",,,"c:\users\mac_1\desktop\winevt\logs\microsoft-windows-homegroup provider service%4operational.evtx","System.UInt32[]","System.Diagnostics.Eventing.Reader.EventBookmark","Information","Info",,"System.Collections.ObjectModel.ReadOnlyCollection`1[System.String]","System.Collections.Generic.List`1[System.Diagnostics.Eventing.Reader.EventProperty]"
"HomeGroup status changed for HomeGroup 4. OldStatus: 132, NewStatus: %3","5013","0",,"4","0","0","-9223372036854775808","930","Microsoft-Windows-HomeGroup-ProviderService","c9bdb4eb-9287-4c8e-8378-6896f0d1c5ef","Microsoft-Windows-HomeGroup Provider Service/Operational","884","2360","rjaf-PC4429","S-1-5-19","2/24/2015 8:19:53 AM",,,"c:\users\mac_1\desktop\winevt\logs\microsoft-windows-homegroup provider service%4operational.evtx","System.UInt32[]","System.Diagnostics.Eventing.Reader.EventBookmark","Information","Info",,"System.Collections.ObjectModel.ReadOnlyCollection`1[System.String]","System.Collections.Generic.List`1[System.Diagnostics.Eventing.Reader.EventProperty]"
"HomeGroup status changed for HomeGroup 132. OldStatus: 4, NewStatus: %3","5013","0",,"4","0","0","-9223372036854775808","929","Microsoft-Windows-HomeGroup-ProviderService","c9bdb4eb-9287-4c8e-8378-6896f0d1c5ef","Microsoft-Windows-HomeGroup Provider Service/Operational","884","1852","rjaf-PC4429","S-1-5-19","2/23/2015 5:00:17 PM",,,"c:\users\mac_1\desktop\winevt\logs\microsoft-windows-homegroup provider service%4operational.evtx","System.UInt32[]","System.Diagnostics.Eventing.Reader.EventBookmark","Information","Info",,"System.Collections.ObjectModel.ReadOnlyCollection`1[System.String]","System.Collections.Generic.List`1[System.Diagnostics.Eventing.Reader.EventProperty]"
"HomeGroup status changed for HomeGroup 4. OldStatus: 132, NewStatus: %3","5013","0",,"4","0","0","-9223372036854775808","928","Microsoft-Windows-HomeGroup-ProviderService","c9bdb4eb-9287-4c8e-8378-6896f0d1c5ef","Microsoft-Windows-HomeGroup Provider Service/Operational","884","2464","rjaf-PC4429","S-1-5-19","2/23/2015 10:34:53 AM",,,"c:\users\mac_1\desktop\winevt\logs\microsoft-windows-homegroup provider service%4operational.evtx","System.UInt32[]","System.Diagnostics.Eventing.Reader.EventBookmark","Information","Info",,"System.Collections.ObjectModel.ReadOnlyCollection`1[System.String]","System.Collections.Generic.List`1[System.Diagnostics.Eventing.Reader.EventProperty]"
"HomeGroup status changed for HomeGroup 2. OldStatus: 4, NewStatus: %3","5013","0",,"4","0","0","-9223372036854775808","927","Microsoft-Windows-HomeGroup-ProviderService","c9bdb4eb-9287-4c8e-8378-6896f0d1c5ef","Microsoft-Windows-HomeGroup Provider Service/Operational","884","900","rjaf-PC4429","S-1-5-19","2/22/2015 12:10:42 PM",,,"c:\users\mac_1\desktop\winevt\logs\microsoft-windows-homegroup provider service%4operational.evtx","System.UInt32[]","System.Diagnostics.Eventing.Reader.EventBookmark","Information","Info",,"System.Collections.ObjectModel.ReadOnlyCollection`1[System.String]","System.Collections.Generic.List`1[System.Diagnostics.Eventing.Reader.EventProperty]"
"HomeGroup status changed for HomeGroup 0. OldStatus: 2, NewStatus: %3","5013","0",,"4","0","0","-9223372036854775808","926","Microsoft-Windows-HomeGroup-ProviderService","c9bdb4eb-9287-4c8e-8378-6896f0d1c5ef","Microsoft-Windows-HomeGroup Provider Service/Operational","884","900","rjaf-PC4429","S-1-5-19","2/22/2015 12:10:42 PM",,,"c:\users\mac_1\desktop\winevt\logs\microsoft-windows-homegroup provider service%4operational.evtx","System.UInt32[]","System.Diagnostics.Eventing.Reader.EventBookmark","Information","Info",,"System.Collections.ObjectModel.ReadOnlyCollection`1[System.String]","System.Collections.Generic.List`1[System.Diagnostics.Eventing.Reader.EventProperty]"
"HomeGroup status changed for HomeGroup 132. OldStatus: 4, NewStatus: %3","5013","0",,"4","0","0","-9223372036854775808","925","Microsoft-Windows-HomeGroup-ProviderService","c9bdb4eb-9287-4c8e-8378-6896f0d1c5ef","Microsoft-Windows-HomeGroup Provider Service/Operational","920","604","rjaf-PC4429","S-1-5-19","2/21/2015 11:06:19 AM",,,"c:\users\mac_1\desktop\winevt\logs\microsoft-windows-homegroup provider service%4operational.evtx","System.UInt32[]","System.Diagnostics.Eventing.Reader.EventBookmark","Information","Info",,"System.Collections.ObjectModel.ReadOnlyCollection`1[System.String]","System.Collections.Generic.List`1[System.Diagnostics.Eventing.Reader.EventProperty]"
"HomeGroup status changed for HomeGroup 4. OldStatus: 132, NewStatus: %3","5013","0",,"4","0","0","-9223372036854775808","924","Microsoft-Windows-HomeGroup-ProviderService","c9bdb4eb-9287-4c8e-8378-6896f0d1c5ef","Microsoft-Windows-HomeGroup Provider Service/Operational","920","3056","rjaf-PC4429","S-1-5-19","2/21/2015 11:01:47 AM",,,"c:\users\mac_1\desktop\winevt\logs\microsoft-windows-homegroup provider service%4operational.evtx","System.UInt32[]","System.Diagnostics.Eventing.Reader.EventBookmark","Information","Info",,"System.Collections.ObjectModel.ReadOnlyCollection`1[System.String]","System.Collections.Generic.List`1[System.Diagnostics.Eventing.Reader.EventProperty]"
"HomeGroup status changed for HomeGroup 132. OldStatus: 4, NewStatus: %3","5013","0",,"4","0","0","-9223372036854775808","923","Microsoft-Windows-HomeGroup-ProviderService","c9bdb4eb-9287-4c8e-8378-6896f0d1c5ef","Microsoft-Windows-HomeGroup Provider Service/Operational","920","2172","rjaf-PC4429","S-1-5-19","2/21/2015 6:26:12 AM",,,"c:\users\mac_1\desktop\winevt\logs\microsoft-windows-homegroup provider service%4operational.evtx","System.UInt32[]","System.Diagnostics.Eventing.Reader.EventBookmark","Information","Info",,"System.Collections.ObjectModel.ReadOnlyCollection`1[System.String]","System.Collections.Generic.List`1[System.Diagnostics.Eventing.Reader.EventProperty]"
"HomeGroup status changed for HomeGroup 4. OldStatus: 132, NewStatus: %3","5013","0",,"4","0","0","-9223372036854775808","922","Microsoft-Windows-HomeGroup-ProviderService","c9bdb4eb-9287-4c8e-8378-6896f0d1c5ef","Microsoft-Windows-HomeGroup Provider Service/Operational","920","3404","rjaf-PC4429","S-1-5-19","2/21/2015 6:24:36 AM",,,"c:\users\mac_1\desktop\winevt\logs\microsoft-windows-homegroup provider service%4operational.evtx","System.UInt32[]","System.Diagnostics.Eventing.Reader.EventBookmark","Information","Info",,"System.Collections.ObjectModel.ReadOnlyCollection`1[System.String]","System.Collections.Generic.List`1[System.Diagnostics.Eventing.Reader.EventProperty]"
"HomeGroup status changed for HomeGroup 2. OldStatus: 4, NewStatus: %3","5013","0",,"4","0","0","-9223372036854775808","921","Microsoft-Windows-HomeGroup-ProviderService","c9bdb4eb-9287-4c8e-8378-6896f0d1c5ef","Microsoft-Windows-HomeGroup Provider Service/Operational","920","936","rjaf-PC4429","S-1-5-19","2/21/2015 6:11:34 AM",,,"c:\users\mac_1\desktop\winevt\logs\microsoft-windows-homegroup provider service%4operational.evtx","System.UInt32[]","System.Diagnostics.Eventing.Reader.EventBookmark","Information","Info",,"System.Collections.ObjectModel.ReadOnlyCollection`1[System.String]","System.Collections.Generic.List`1[System.Diagnostics.Eventing.Reader.EventProperty]"
"HomeGroup status changed for HomeGroup 0. OldStatus: 2, NewStatus: %3","5013","0",,"4","0","0","-9223372036854775808","920","Microsoft-Windows-HomeGroup-ProviderService","c9bdb4eb-9287-4c8e-8378-6896f0d1c5ef","Microsoft-Windows-HomeGroup Provider Service/Operational","920","936","rjaf-PC4429","S-1-5-19","2/21/2015 6:11:34 AM",,,"c:\users\mac_1\desktop\winevt\logs\microsoft-windows-homegroup provider service%4operational.evtx","System.UInt32[]","System.Diagnostics.Eventing.Reader.EventBookmark","Information","Info",,"System.Collections.ObjectModel.ReadOnlyCollection`1[System.String]","System.Collections.Generic.List`1[System.Diagnostics.Eventing.Reader.EventProperty]"
"HomeGroup status changed for HomeGroup 132. OldStatus: 4, NewStatus: %3","5013","0",,"4","0","0","-9223372036854775808","919","Microsoft-Windows-HomeGroup-ProviderService","c9bdb4eb-9287-4c8e-8378-6896f0d1c5ef","Microsoft-Windows-HomeGroup Provider Service/Operational","900","3352","rjaf-PC4429","S-1-5-19","2/19/2015 5:00:12 PM",,,"c:\users\mac_1\desktop\winevt\logs\microsoft-windows-homegroup provider service%4operational.evtx","System.UInt32[]","System.Diagnostics.Eventing.Reader.EventBookmark","Information","Info",,"System.Collections.ObjectModel.ReadOnlyCollection`1[System.String]","System.Collections.Generic.List`1[System.Diagnostics.Eventing.Reader.EventProperty]"
"HomeGroup status changed for HomeGroup 4. OldStatus: 132, NewStatus: %3","5013","0",,"4","0","0","-9223372036854775808","918","Microsoft-Windows-HomeGroup-ProviderService","c9bdb4eb-9287-4c8e-8378-6896f0d1c5ef","Microsoft-Windows-HomeGroup Provider Service/Operational","900","3588","rjaf-PC4429","S-1-5-19","2/19/2015 1:45:12 AM",,,"c:\users\mac_1\desktop\winevt\logs\microsoft-windows-homegroup provider service%4operational.evtx","System.UInt32[]","System.Diagnostics.Eventing.Reader.EventBookmark","Information","Info",,"System.Collections.ObjectModel.ReadOnlyCollection`1[System.String]","System.Collections.Generic.List`1[System.Diagnostics.Eventing.Reader.EventProperty]"
"HomeGroup status changed for HomeGroup 132. OldStatus: 4, NewStatus: %3","5013","0",,"4","0","0","-9223372036854775808","917","Microsoft-Windows-HomeGroup-ProviderService","c9bdb4eb-9287-4c8e-8378-6896f0d1c5ef","Microsoft-Windows-HomeGroup Provider Service/Operational","900","1492","rjaf-PC4429","S-1-5-19","2/19/2015 1:45:01 AM",,,"c:\users\mac_1\desktop\winevt\logs\microsoft-windows-homegroup provider service%4operational.evtx","System.UInt32[]","System.Diagnostics.Eventing.Reader.EventBookmark","Information","Info",,"System.Collections.ObjectModel.ReadOnlyCollection`1[System.String]","System.Collections.Generic.List`1[System.Diagnostics.Eventing.Reader.EventProperty]"
