#TYPE System.Diagnostics.Eventing.Reader.EventLogRecord
"Message","Id","Version","Qualifiers","Level","Task","Opcode","Keywords","RecordId","ProviderName","ProviderId","LogName","ProcessId","ThreadId","MachineName","UserId","TimeCreated","ActivityId","RelatedActivityId","ContainerLog","MatchedQueryIds","Bookmark","LevelDisplayName","OpcodeDisplayName","TaskDisplayName","KeywordsDisplayNames","Properties"
"ACPI thermal zone ACPI\ThermalZone\TZ00 has engaged active cooling.             
EventTime = ?2015?-?09?-?10T13:21:14.424813900Z             
_AC0 = 358K             
_AC1 = 328K             
_AC2 = 273K             
_AC3 = 273K             
_AC4 = 273K             
_AC5 = 0K             
_AC6 = 0K             
_AC7 = 0K             
_AC8 = 0K             
_AC9 = 0K             
_TMP = 301K","84","0",,"4","81","0","1152921504606847008","401","Microsoft-Windows-Kernel-Power","331c3b3a-2005-44c2-ac5e-77220c37d6b4","Microsoft-Windows-Kernel-Power/Thermal-Operational","4","48","rjaf-PC4429","S-1-5-18","9/10/2015 3:21:14 AM",,,"c:\users\mac_1\desktop\winevt\logs\microsoft-windows-kernel-power%4thermal-operational.evtx","System.UInt32[]","System.Diagnostics.Eventing.Reader.EventBookmark","Information","Info",,"System.Collections.ObjectModel.ReadOnlyCollection`1[System.String]","System.Collections.Generic.List`1[System.Diagnostics.Eventing.Reader.EventProperty]"
"ACPI thermal zone ACPI\ThermalZone\TZ00 has engaged active cooling.             
EventTime = ?2015?-?09?-?03T12:19:55.532415800Z             
_AC0 = 358K             
_AC1 = 328K             
_AC2 = 273K             
_AC3 = 273K             
_AC4 = 273K             
_AC5 = 0K             
_AC6 = 0K             
_AC7 = 0K             
_AC8 = 0K             
_AC9 = 0K             
_TMP = 301K","84","0",,"4","81","0","1152921504606847008","400","Microsoft-Windows-Kernel-Power","331c3b3a-2005-44c2-ac5e-77220c37d6b4","Microsoft-Windows-Kernel-Power/Thermal-Operational","4","44","rjaf-PC4429","S-1-5-18","9/3/2015 2:19:55 AM",,,"c:\users\mac_1\desktop\winevt\logs\microsoft-windows-kernel-power%4thermal-operational.evtx","System.UInt32[]","System.Diagnostics.Eventing.Reader.EventBookmark","Information","Info",,"System.Collections.ObjectModel.ReadOnlyCollection`1[System.String]","System.Collections.Generic.List`1[System.Diagnostics.Eventing.Reader.EventProperty]"
"ACPI thermal zone ACPI\ThermalZone\TZ00 has engaged active cooling.             
EventTime = ?2015?-?08?-?24T14:35:38.034813200Z             
_AC0 = 358K             
_AC1 = 328K             
_AC2 = 273K             
_AC3 = 273K             
_AC4 = 273K             
_AC5 = 0K             
_AC6 = 0K             
_AC7 = 0K             
_AC8 = 0K             
_AC9 = 0K             
_TMP = 301K","84","0",,"4","81","0","1152921504606847008","399","Microsoft-Windows-Kernel-Power","331c3b3a-2005-44c2-ac5e-77220c37d6b4","Microsoft-Windows-Kernel-Power/Thermal-Operational","4","44","rjaf-PC4429","S-1-5-18","8/24/2015 4:35:38 AM",,,"c:\users\mac_1\desktop\winevt\logs\microsoft-windows-kernel-power%4thermal-operational.evtx","System.UInt32[]","System.Diagnostics.Eventing.Reader.EventBookmark","Information","Info",,"System.Collections.ObjectModel.ReadOnlyCollection`1[System.String]","System.Collections.Generic.List`1[System.Diagnostics.Eventing.Reader.EventProperty]"
"ACPI thermal zone ACPI\ThermalZone\TZ00 has engaged active cooling.             
EventTime = ?2015?-?08?-?16T13:56:00.393613800Z             
_AC0 = 358K             
_AC1 = 328K             
_AC2 = 273K             
_AC3 = 273K             
_AC4 = 273K             
_AC5 = 0K             
_AC6 = 0K             
_AC7 = 0K             
_AC8 = 0K             
_AC9 = 0K             
_TMP = 301K","84","0",,"4","81","0","1152921504606847008","398","Microsoft-Windows-Kernel-Power","331c3b3a-2005-44c2-ac5e-77220c37d6b4","Microsoft-Windows-Kernel-Power/Thermal-Operational","4","44","rjaf-PC4429","S-1-5-18","8/16/2015 3:56:00 AM",,,"c:\users\mac_1\desktop\winevt\logs\microsoft-windows-kernel-power%4thermal-operational.evtx","System.UInt32[]","System.Diagnostics.Eventing.Reader.EventBookmark","Information","Info",,"System.Collections.ObjectModel.ReadOnlyCollection`1[System.String]","System.Collections.Generic.List`1[System.Diagnostics.Eventing.Reader.EventProperty]"
"ACPI thermal zone ACPI\ThermalZone\TZ00 has engaged active cooling.             
EventTime = ?2015?-?08?-?16T08:58:25.315613700Z             
_AC0 = 358K             
_AC1 = 328K             
_AC2 = 273K             
_AC3 = 273K             
_AC4 = 273K             
_AC5 = 0K             
_AC6 = 0K             
_AC7 = 0K             
_AC8 = 0K             
_AC9 = 0K             
_TMP = 301K","84","0",,"4","81","0","1152921504606847008","397","Microsoft-Windows-Kernel-Power","331c3b3a-2005-44c2-ac5e-77220c37d6b4","Microsoft-Windows-Kernel-Power/Thermal-Operational","4","52","rjaf-PC4429","S-1-5-18","8/15/2015 10:58:25 PM",,,"c:\users\mac_1\desktop\winevt\logs\microsoft-windows-kernel-power%4thermal-operational.evtx","System.UInt32[]","System.Diagnostics.Eventing.Reader.EventBookmark","Information","Info",,"System.Collections.ObjectModel.ReadOnlyCollection`1[System.String]","System.Collections.Generic.List`1[System.Diagnostics.Eventing.Reader.EventProperty]"
"ACPI thermal zone ACPI\ThermalZone\TZ00 has engaged active cooling.             
EventTime = ?2015?-?08?-?13T09:00:59.658814300Z             
_AC0 = 358K             
_AC1 = 328K             
_AC2 = 273K             
_AC3 = 273K             
_AC4 = 273K             
_AC5 = 0K             
_AC6 = 0K             
_AC7 = 0K             
_AC8 = 0K             
_AC9 = 0K             
_TMP = 301K","84","0",,"4","81","0","1152921504606847008","396","Microsoft-Windows-Kernel-Power","331c3b3a-2005-44c2-ac5e-77220c37d6b4","Microsoft-Windows-Kernel-Power/Thermal-Operational","4","56","rjaf-PC4429","S-1-5-18","8/12/2015 11:00:59 PM",,,"c:\users\mac_1\desktop\winevt\logs\microsoft-windows-kernel-power%4thermal-operational.evtx","System.UInt32[]","System.Diagnostics.Eventing.Reader.EventBookmark","Information","Info",,"System.Collections.ObjectModel.ReadOnlyCollection`1[System.String]","System.Collections.Generic.List`1[System.Diagnostics.Eventing.Reader.EventProperty]"
"ACPI thermal zone ACPI\ThermalZone\TZ00 has engaged active cooling.             
EventTime = ?2015?-?07?-?27T08:42:18.003613100Z             
_AC0 = 358K             
_AC1 = 328K             
_AC2 = 273K             
_AC3 = 273K             
_AC4 = 273K             
_AC5 = 0K             
_AC6 = 0K             
_AC7 = 0K             
_AC8 = 0K             
_AC9 = 0K             
_TMP = 301K","84","0",,"4","81","0","1152921504606847008","395","Microsoft-Windows-Kernel-Power","331c3b3a-2005-44c2-ac5e-77220c37d6b4","Microsoft-Windows-Kernel-Power/Thermal-Operational","4","64","rjaf-PC4429","S-1-5-18","7/26/2015 10:42:18 PM",,,"c:\users\mac_1\desktop\winevt\logs\microsoft-windows-kernel-power%4thermal-operational.evtx","System.UInt32[]","System.Diagnostics.Eventing.Reader.EventBookmark","Information","Info",,"System.Collections.ObjectModel.ReadOnlyCollection`1[System.String]","System.Collections.Generic.List`1[System.Diagnostics.Eventing.Reader.EventProperty]"
"ACPI thermal zone ACPI\ThermalZone\TZ00 has engaged active cooling.             
EventTime = ?2015?-?07?-?23T13:23:15.988013100Z             
_AC0 = 358K             
_AC1 = 328K             
_AC2 = 273K             
_AC3 = 273K             
_AC4 = 273K             
_AC5 = 0K             
_AC6 = 0K             
_AC7 = 0K             
_AC8 = 0K             
_AC9 = 0K             
_TMP = 301K","84","0",,"4","81","0","1152921504606847008","394","Microsoft-Windows-Kernel-Power","331c3b3a-2005-44c2-ac5e-77220c37d6b4","Microsoft-Windows-Kernel-Power/Thermal-Operational","4","48","rjaf-PC4429","S-1-5-18","7/23/2015 3:23:15 AM",,,"c:\users\mac_1\desktop\winevt\logs\microsoft-windows-kernel-power%4thermal-operational.evtx","System.UInt32[]","System.Diagnostics.Eventing.Reader.EventBookmark","Information","Info",,"System.Collections.ObjectModel.ReadOnlyCollection`1[System.String]","System.Collections.Generic.List`1[System.Diagnostics.Eventing.Reader.EventProperty]"
"ACPI thermal zone ACPI\ThermalZone\TZ00 has engaged active cooling.             
EventTime = ?2015?-?07?-?09T12:17:17.112813300Z             
_AC0 = 358K             
_AC1 = 328K             
_AC2 = 273K             
_AC3 = 273K             
_AC4 = 273K             
_AC5 = 0K             
_AC6 = 0K             
_AC7 = 0K             
_AC8 = 0K             
_AC9 = 0K             
_TMP = 301K","84","0",,"4","81","0","1152921504606847008","393","Microsoft-Windows-Kernel-Power","331c3b3a-2005-44c2-ac5e-77220c37d6b4","Microsoft-Windows-Kernel-Power/Thermal-Operational","4","64","rjaf-PC4429","S-1-5-18","7/9/2015 2:17:17 AM",,,"c:\users\mac_1\desktop\winevt\logs\microsoft-windows-kernel-power%4thermal-operational.evtx","System.UInt32[]","System.Diagnostics.Eventing.Reader.EventBookmark","Information","Info",,"System.Collections.ObjectModel.ReadOnlyCollection`1[System.String]","System.Collections.Generic.List`1[System.Diagnostics.Eventing.Reader.EventProperty]"
"ACPI thermal zone ACPI\ThermalZone\TZ00 has engaged active cooling.             
EventTime = ?2015?-?07?-?09T12:12:38.535612300Z             
_AC0 = 358K             
_AC1 = 328K             
_AC2 = 273K             
_AC3 = 273K             
_AC4 = 273K             
_AC5 = 0K             
_AC6 = 0K             
_AC7 = 0K             
_AC8 = 0K             
_AC9 = 0K             
_TMP = 301K","84","0",,"4","81","0","1152921504606847008","392","Microsoft-Windows-Kernel-Power","331c3b3a-2005-44c2-ac5e-77220c37d6b4","Microsoft-Windows-Kernel-Power/Thermal-Operational","4","68","rjaf-PC4429","S-1-5-18","7/9/2015 2:12:38 AM",,,"c:\users\mac_1\desktop\winevt\logs\microsoft-windows-kernel-power%4thermal-operational.evtx","System.UInt32[]","System.Diagnostics.Eventing.Reader.EventBookmark","Information","Info",,"System.Collections.ObjectModel.ReadOnlyCollection`1[System.String]","System.Collections.Generic.List`1[System.Diagnostics.Eventing.Reader.EventProperty]"
"ACPI thermal zone ACPI\ThermalZone\TZ00 has engaged active cooling.             
EventTime = ?2015?-?07?-?09T12:09:56.175213400Z             
_AC0 = 358K             
_AC1 = 328K             
_AC2 = 273K             
_AC3 = 273K             
_AC4 = 273K             
_AC5 = 0K             
_AC6 = 0K             
_AC7 = 0K             
_AC8 = 0K             
_AC9 = 0K             
_TMP = 301K","84","0",,"4","81","0","1152921504606847008","391","Microsoft-Windows-Kernel-Power","331c3b3a-2005-44c2-ac5e-77220c37d6b4","Microsoft-Windows-Kernel-Power/Thermal-Operational","4","64","rjaf-PC4429","S-1-5-18","7/9/2015 2:09:56 AM",,,"c:\users\mac_1\desktop\winevt\logs\microsoft-windows-kernel-power%4thermal-operational.evtx","System.UInt32[]","System.Diagnostics.Eventing.Reader.EventBookmark","Information","Info",,"System.Collections.ObjectModel.ReadOnlyCollection`1[System.String]","System.Collections.Generic.List`1[System.Diagnostics.Eventing.Reader.EventProperty]"
"ACPI thermal zone ACPI\ThermalZone\TZ00 has engaged active cooling.             
EventTime = ?2015?-?07?-?07T10:23:11.488812200Z             
_AC0 = 358K             
_AC1 = 328K             
_AC2 = 273K             
_AC3 = 273K             
_AC4 = 273K             
_AC5 = 0K             
_AC6 = 0K             
_AC7 = 0K             
_AC8 = 0K             
_AC9 = 0K             
_TMP = 301K","84","0",,"4","81","0","1152921504606847008","390","Microsoft-Windows-Kernel-Power","331c3b3a-2005-44c2-ac5e-77220c37d6b4","Microsoft-Windows-Kernel-Power/Thermal-Operational","4","68","rjaf-PC4429","S-1-5-18","7/7/2015 12:23:11 AM",,,"c:\users\mac_1\desktop\winevt\logs\microsoft-windows-kernel-power%4thermal-operational.evtx","System.UInt32[]","System.Diagnostics.Eventing.Reader.EventBookmark","Information","Info",,"System.Collections.ObjectModel.ReadOnlyCollection`1[System.String]","System.Collections.Generic.List`1[System.Diagnostics.Eventing.Reader.EventProperty]"
"ACPI thermal zone ACPI\ThermalZone\TZ00 has engaged active cooling.             
EventTime = ?2015?-?07?-?07T10:21:16.144013400Z             
_AC0 = 358K             
_AC1 = 328K             
_AC2 = 273K             
_AC3 = 273K             
_AC4 = 273K             
_AC5 = 0K             
_AC6 = 0K             
_AC7 = 0K             
_AC8 = 0K             
_AC9 = 0K             
_TMP = 301K","84","0",,"4","81","0","1152921504606847008","389","Microsoft-Windows-Kernel-Power","331c3b3a-2005-44c2-ac5e-77220c37d6b4","Microsoft-Windows-Kernel-Power/Thermal-Operational","4","52","rjaf-PC4429","S-1-5-18","7/7/2015 12:21:16 AM",,,"c:\users\mac_1\desktop\winevt\logs\microsoft-windows-kernel-power%4thermal-operational.evtx","System.UInt32[]","System.Diagnostics.Eventing.Reader.EventBookmark","Information","Info",,"System.Collections.ObjectModel.ReadOnlyCollection`1[System.String]","System.Collections.Generic.List`1[System.Diagnostics.Eventing.Reader.EventProperty]"
"ACPI thermal zone ACPI\ThermalZone\TZ00 has engaged active cooling.             
EventTime = ?2015?-?07?-?07T10:18:39.190813500Z             
_AC0 = 358K             
_AC1 = 328K             
_AC2 = 273K             
_AC3 = 273K             
_AC4 = 273K             
_AC5 = 0K             
_AC6 = 0K             
_AC7 = 0K             
_AC8 = 0K             
_AC9 = 0K             
_TMP = 301K","84","0",,"4","81","0","1152921504606847008","388","Microsoft-Windows-Kernel-Power","331c3b3a-2005-44c2-ac5e-77220c37d6b4","Microsoft-Windows-Kernel-Power/Thermal-Operational","4","64","rjaf-PC4429","S-1-5-18","7/7/2015 12:18:39 AM",,,"c:\users\mac_1\desktop\winevt\logs\microsoft-windows-kernel-power%4thermal-operational.evtx","System.UInt32[]","System.Diagnostics.Eventing.Reader.EventBookmark","Information","Info",,"System.Collections.ObjectModel.ReadOnlyCollection`1[System.String]","System.Collections.Generic.List`1[System.Diagnostics.Eventing.Reader.EventProperty]"
"ACPI thermal zone ACPI\ThermalZone\TZ00 has engaged active cooling.             
EventTime = ?2015?-?07?-?02T11:55:51.379612000Z             
_AC0 = 358K             
_AC1 = 328K             
_AC2 = 273K             
_AC3 = 273K             
_AC4 = 273K             
_AC5 = 0K             
_AC6 = 0K             
_AC7 = 0K             
_AC8 = 0K             
_AC9 = 0K             
_TMP = 301K","84","0",,"4","81","0","1152921504606847008","387","Microsoft-Windows-Kernel-Power","331c3b3a-2005-44c2-ac5e-77220c37d6b4","Microsoft-Windows-Kernel-Power/Thermal-Operational","4","48","rjaf-PC4429","S-1-5-18","7/2/2015 1:55:51 AM",,,"c:\users\mac_1\desktop\winevt\logs\microsoft-windows-kernel-power%4thermal-operational.evtx","System.UInt32[]","System.Diagnostics.Eventing.Reader.EventBookmark","Information","Info",,"System.Collections.ObjectModel.ReadOnlyCollection`1[System.String]","System.Collections.Generic.List`1[System.Diagnostics.Eventing.Reader.EventProperty]"
"ACPI thermal zone ACPI\ThermalZone\TZ00 has engaged active cooling.             
EventTime = ?2015?-?07?-?02T11:41:16.629212500Z             
_AC0 = 358K             
_AC1 = 328K             
_AC2 = 273K             
_AC3 = 273K             
_AC4 = 273K             
_AC5 = 0K             
_AC6 = 0K             
_AC7 = 0K             
_AC8 = 0K             
_AC9 = 0K             
_TMP = 301K","84","0",,"4","81","0","1152921504606847008","386","Microsoft-Windows-Kernel-Power","331c3b3a-2005-44c2-ac5e-77220c37d6b4","Microsoft-Windows-Kernel-Power/Thermal-Operational","4","44","rjaf-PC4429","S-1-5-18","7/2/2015 1:41:16 AM",,,"c:\users\mac_1\desktop\winevt\logs\microsoft-windows-kernel-power%4thermal-operational.evtx","System.UInt32[]","System.Diagnostics.Eventing.Reader.EventBookmark","Information","Info",,"System.Collections.ObjectModel.ReadOnlyCollection`1[System.String]","System.Collections.Generic.List`1[System.Diagnostics.Eventing.Reader.EventProperty]"
"ACPI thermal zone ACPI\ThermalZone\TZ00 has engaged active cooling.             
EventTime = ?2015?-?06?-?30T13:58:01.034813200Z             
_AC0 = 358K             
_AC1 = 328K             
_AC2 = 273K             
_AC3 = 273K             
_AC4 = 273K             
_AC5 = 0K             
_AC6 = 0K             
_AC7 = 0K             
_AC8 = 0K             
_AC9 = 0K             
_TMP = 301K","84","0",,"4","81","0","1152921504606847008","385","Microsoft-Windows-Kernel-Power","331c3b3a-2005-44c2-ac5e-77220c37d6b4","Microsoft-Windows-Kernel-Power/Thermal-Operational","4","68","rjaf-PC4429","S-1-5-18","6/30/2015 3:58:01 AM",,,"c:\users\mac_1\desktop\winevt\logs\microsoft-windows-kernel-power%4thermal-operational.evtx","System.UInt32[]","System.Diagnostics.Eventing.Reader.EventBookmark","Information","Info",,"System.Collections.ObjectModel.ReadOnlyCollection`1[System.String]","System.Collections.Generic.List`1[System.Diagnostics.Eventing.Reader.EventProperty]"
"ACPI thermal zone ACPI\ThermalZone\TZ00 has engaged active cooling.             
EventTime = ?2015?-?06?-?28T23:29:24.284413600Z             
_AC0 = 358K             
_AC1 = 328K             
_AC2 = 273K             
_AC3 = 273K             
_AC4 = 273K             
_AC5 = 0K             
_AC6 = 0K             
_AC7 = 0K             
_AC8 = 0K             
_AC9 = 0K             
_TMP = 301K","84","0",,"4","81","0","1152921504606847008","384","Microsoft-Windows-Kernel-Power","331c3b3a-2005-44c2-ac5e-77220c37d6b4","Microsoft-Windows-Kernel-Power/Thermal-Operational","4","64","rjaf-PC4429","S-1-5-18","6/28/2015 1:29:24 PM",,,"c:\users\mac_1\desktop\winevt\logs\microsoft-windows-kernel-power%4thermal-operational.evtx","System.UInt32[]","System.Diagnostics.Eventing.Reader.EventBookmark","Information","Info",,"System.Collections.ObjectModel.ReadOnlyCollection`1[System.String]","System.Collections.Generic.List`1[System.Diagnostics.Eventing.Reader.EventProperty]"
"ACPI thermal zone ACPI\ThermalZone\TZ00 has engaged active cooling.             
EventTime = ?2015?-?06?-?28T12:29:25.861614600Z             
_AC0 = 358K             
_AC1 = 328K             
_AC2 = 273K             
_AC3 = 273K             
_AC4 = 273K             
_AC5 = 0K             
_AC6 = 0K             
_AC7 = 0K             
_AC8 = 0K             
_AC9 = 0K             
_TMP = 301K","84","0",,"4","81","0","1152921504606847008","383","Microsoft-Windows-Kernel-Power","331c3b3a-2005-44c2-ac5e-77220c37d6b4","Microsoft-Windows-Kernel-Power/Thermal-Operational","4","44","rjaf-PC4429","S-1-5-18","6/28/2015 2:29:25 AM",,,"c:\users\mac_1\desktop\winevt\logs\microsoft-windows-kernel-power%4thermal-operational.evtx","System.UInt32[]","System.Diagnostics.Eventing.Reader.EventBookmark","Information","Info",,"System.Collections.ObjectModel.ReadOnlyCollection`1[System.String]","System.Collections.Generic.List`1[System.Diagnostics.Eventing.Reader.EventProperty]"
"ACPI thermal zone ACPI\ThermalZone\TZ00 has engaged active cooling.             
EventTime = ?2015?-?06?-?25T21:12:38.721214400Z             
_AC0 = 358K             
_AC1 = 328K             
_AC2 = 273K             
_AC3 = 273K             
_AC4 = 273K             
_AC5 = 0K             
_AC6 = 0K             
_AC7 = 0K             
_AC8 = 0K             
_AC9 = 0K             
_TMP = 301K","84","0",,"4","81","0","1152921504606847008","382","Microsoft-Windows-Kernel-Power","331c3b3a-2005-44c2-ac5e-77220c37d6b4","Microsoft-Windows-Kernel-Power/Thermal-Operational","4","64","rjaf-PC4429","S-1-5-18","6/25/2015 11:12:38 AM",,,"c:\users\mac_1\desktop\winevt\logs\microsoft-windows-kernel-power%4thermal-operational.evtx","System.UInt32[]","System.Diagnostics.Eventing.Reader.EventBookmark","Information","Info",,"System.Collections.ObjectModel.ReadOnlyCollection`1[System.String]","System.Collections.Generic.List`1[System.Diagnostics.Eventing.Reader.EventProperty]"
"ACPI thermal zone ACPI\ThermalZone\TZ00 has engaged active cooling.             
EventTime = ?2015?-?06?-?24T21:54:05.095615100Z             
_AC0 = 358K             
_AC1 = 328K             
_AC2 = 273K             
_AC3 = 273K             
_AC4 = 273K             
_AC5 = 0K             
_AC6 = 0K             
_AC7 = 0K             
_AC8 = 0K             
_AC9 = 0K             
_TMP = 301K","84","0",,"4","81","0","1152921504606847008","381","Microsoft-Windows-Kernel-Power","331c3b3a-2005-44c2-ac5e-77220c37d6b4","Microsoft-Windows-Kernel-Power/Thermal-Operational","4","68","rjaf-PC4429","S-1-5-18","6/24/2015 11:54:05 AM",,,"c:\users\mac_1\desktop\winevt\logs\microsoft-windows-kernel-power%4thermal-operational.evtx","System.UInt32[]","System.Diagnostics.Eventing.Reader.EventBookmark","Information","Info",,"System.Collections.ObjectModel.ReadOnlyCollection`1[System.String]","System.Collections.Generic.List`1[System.Diagnostics.Eventing.Reader.EventProperty]"
"ACPI thermal zone ACPI\ThermalZone\TZ00 has engaged active cooling.             
EventTime = ?2015?-?06?-?21T12:06:48.487214000Z             
_AC0 = 358K             
_AC1 = 328K             
_AC2 = 273K             
_AC3 = 273K             
_AC4 = 273K             
_AC5 = 0K             
_AC6 = 0K             
_AC7 = 0K             
_AC8 = 0K             
_AC9 = 0K             
_TMP = 301K","84","0",,"4","81","0","1152921504606847008","380","Microsoft-Windows-Kernel-Power","331c3b3a-2005-44c2-ac5e-77220c37d6b4","Microsoft-Windows-Kernel-Power/Thermal-Operational","4","60","rjaf-PC4429","S-1-5-18","6/21/2015 2:06:48 AM",,,"c:\users\mac_1\desktop\winevt\logs\microsoft-windows-kernel-power%4thermal-operational.evtx","System.UInt32[]","System.Diagnostics.Eventing.Reader.EventBookmark","Information","Info",,"System.Collections.ObjectModel.ReadOnlyCollection`1[System.String]","System.Collections.Generic.List`1[System.Diagnostics.Eventing.Reader.EventProperty]"
"ACPI thermal zone ACPI\ThermalZone\TZ00 has engaged active cooling.             
EventTime = ?2015?-?06?-?18T03:04:36.700819600Z             
_AC0 = 358K             
_AC1 = 328K             
_AC2 = 273K             
_AC3 = 273K             
_AC4 = 273K             
_AC5 = 0K             
_AC6 = 0K             
_AC7 = 0K             
_AC8 = 0K             
_AC9 = 0K             
_TMP = 301K","84","0",,"4","81","0","1152921504606847008","379","Microsoft-Windows-Kernel-Power","331c3b3a-2005-44c2-ac5e-77220c37d6b4","Microsoft-Windows-Kernel-Power/Thermal-Operational","4","52","rjaf-PC4429","S-1-5-18","6/17/2015 5:04:36 PM",,,"c:\users\mac_1\desktop\winevt\logs\microsoft-windows-kernel-power%4thermal-operational.evtx","System.UInt32[]","System.Diagnostics.Eventing.Reader.EventBookmark","Information","Info",,"System.Collections.ObjectModel.ReadOnlyCollection`1[System.String]","System.Collections.Generic.List`1[System.Diagnostics.Eventing.Reader.EventProperty]"
"ACPI thermal zone ACPI\ThermalZone\TZ00 has engaged active cooling.             
EventTime = ?2015?-?06?-?15T10:55:42.175213400Z             
_AC0 = 358K             
_AC1 = 328K             
_AC2 = 273K             
_AC3 = 273K             
_AC4 = 273K             
_AC5 = 0K             
_AC6 = 0K             
_AC7 = 0K             
_AC8 = 0K             
_AC9 = 0K             
_TMP = 301K","84","0",,"4","81","0","1152921504606847008","378","Microsoft-Windows-Kernel-Power","331c3b3a-2005-44c2-ac5e-77220c37d6b4","Microsoft-Windows-Kernel-Power/Thermal-Operational","4","64","rjaf-PC4429","S-1-5-18","6/15/2015 12:55:42 AM",,,"c:\users\mac_1\desktop\winevt\logs\microsoft-windows-kernel-power%4thermal-operational.evtx","System.UInt32[]","System.Diagnostics.Eventing.Reader.EventBookmark","Information","Info",,"System.Collections.ObjectModel.ReadOnlyCollection`1[System.String]","System.Collections.Generic.List`1[System.Diagnostics.Eventing.Reader.EventProperty]"
"ACPI thermal zone ACPI\ThermalZone\TZ00 has engaged active cooling.             
EventTime = ?2015?-?06?-?09T13:15:18.892814700Z             
_AC0 = 358K             
_AC1 = 328K             
_AC2 = 273K             
_AC3 = 273K             
_AC4 = 273K             
_AC5 = 0K             
_AC6 = 0K             
_AC7 = 0K             
_AC8 = 0K             
_AC9 = 0K             
_TMP = 301K","84","0",,"4","81","0","1152921504606847008","377","Microsoft-Windows-Kernel-Power","331c3b3a-2005-44c2-ac5e-77220c37d6b4","Microsoft-Windows-Kernel-Power/Thermal-Operational","4","60","rjaf-PC4429","S-1-5-18","6/9/2015 3:15:18 AM",,,"c:\users\mac_1\desktop\winevt\logs\microsoft-windows-kernel-power%4thermal-operational.evtx","System.UInt32[]","System.Diagnostics.Eventing.Reader.EventBookmark","Information","Info",,"System.Collections.ObjectModel.ReadOnlyCollection`1[System.String]","System.Collections.Generic.List`1[System.Diagnostics.Eventing.Reader.EventProperty]"
"ACPI thermal zone ACPI\ThermalZone\TZ00 has engaged active cooling.             
EventTime = ?2015?-?06?-?06T18:36:06.050413200Z             
_AC0 = 358K             
_AC1 = 328K             
_AC2 = 273K             
_AC3 = 273K             
_AC4 = 273K             
_AC5 = 0K             
_AC6 = 0K             
_AC7 = 0K             
_AC8 = 0K             
_AC9 = 0K             
_TMP = 301K","84","0",,"4","81","0","1152921504606847008","376","Microsoft-Windows-Kernel-Power","331c3b3a-2005-44c2-ac5e-77220c37d6b4","Microsoft-Windows-Kernel-Power/Thermal-Operational","4","48","rjaf-PC4429","S-1-5-18","6/6/2015 8:36:06 AM",,,"c:\users\mac_1\desktop\winevt\logs\microsoft-windows-kernel-power%4thermal-operational.evtx","System.UInt32[]","System.Diagnostics.Eventing.Reader.EventBookmark","Information","Info",,"System.Collections.ObjectModel.ReadOnlyCollection`1[System.String]","System.Collections.Generic.List`1[System.Diagnostics.Eventing.Reader.EventProperty]"
"ACPI thermal zone ACPI\ThermalZone\TZ00 has engaged active cooling.             
EventTime = ?2015?-?06?-?06T15:52:35.112813300Z             
_AC0 = 358K             
_AC1 = 328K             
_AC2 = 273K             
_AC3 = 273K             
_AC4 = 273K             
_AC5 = 0K             
_AC6 = 0K             
_AC7 = 0K             
_AC8 = 0K             
_AC9 = 0K             
_TMP = 301K","84","0",,"4","81","0","1152921504606847008","375","Microsoft-Windows-Kernel-Power","331c3b3a-2005-44c2-ac5e-77220c37d6b4","Microsoft-Windows-Kernel-Power/Thermal-Operational","4","60","rjaf-PC4429","S-1-5-18","6/6/2015 5:52:35 AM",,,"c:\users\mac_1\desktop\winevt\logs\microsoft-windows-kernel-power%4thermal-operational.evtx","System.UInt32[]","System.Diagnostics.Eventing.Reader.EventBookmark","Information","Info",,"System.Collections.ObjectModel.ReadOnlyCollection`1[System.String]","System.Collections.Generic.List`1[System.Diagnostics.Eventing.Reader.EventProperty]"
"ACPI thermal zone ACPI\ThermalZone\TZ00 has engaged active cooling.             
EventTime = ?2015?-?06?-?06T15:10:46.799214500Z             
_AC0 = 358K             
_AC1 = 328K             
_AC2 = 273K             
_AC3 = 273K             
_AC4 = 273K             
_AC5 = 0K             
_AC6 = 0K             
_AC7 = 0K             
_AC8 = 0K             
_AC9 = 0K             
_TMP = 301K","84","0",,"4","81","0","1152921504606847008","374","Microsoft-Windows-Kernel-Power","331c3b3a-2005-44c2-ac5e-77220c37d6b4","Microsoft-Windows-Kernel-Power/Thermal-Operational","4","52","rjaf-PC4429","S-1-5-18","6/6/2015 5:10:46 AM",,,"c:\users\mac_1\desktop\winevt\logs\microsoft-windows-kernel-power%4thermal-operational.evtx","System.UInt32[]","System.Diagnostics.Eventing.Reader.EventBookmark","Information","Info",,"System.Collections.ObjectModel.ReadOnlyCollection`1[System.String]","System.Collections.Generic.List`1[System.Diagnostics.Eventing.Reader.EventProperty]"
"ACPI thermal zone ACPI\ThermalZone\TZ00 has engaged active cooling.             
EventTime = ?2015?-?06?-?06T13:58:52.892814700Z             
_AC0 = 358K             
_AC1 = 328K             
_AC2 = 273K             
_AC3 = 273K             
_AC4 = 273K             
_AC5 = 0K             
_AC6 = 0K             
_AC7 = 0K             
_AC8 = 0K             
_AC9 = 0K             
_TMP = 301K","84","0",,"4","81","0","1152921504606847008","373","Microsoft-Windows-Kernel-Power","331c3b3a-2005-44c2-ac5e-77220c37d6b4","Microsoft-Windows-Kernel-Power/Thermal-Operational","4","68","rjaf-PC4429","S-1-5-18","6/6/2015 3:58:52 AM",,,"c:\users\mac_1\desktop\winevt\logs\microsoft-windows-kernel-power%4thermal-operational.evtx","System.UInt32[]","System.Diagnostics.Eventing.Reader.EventBookmark","Information","Info",,"System.Collections.ObjectModel.ReadOnlyCollection`1[System.String]","System.Collections.Generic.List`1[System.Diagnostics.Eventing.Reader.EventProperty]"
"ACPI thermal zone ACPI\ThermalZone\TZ00 has engaged active cooling.             
EventTime = ?2015?-?06?-?05T19:53:13.627614200Z             
_AC0 = 358K             
_AC1 = 328K             
_AC2 = 273K             
_AC3 = 273K             
_AC4 = 273K             
_AC5 = 0K             
_AC6 = 0K             
_AC7 = 0K             
_AC8 = 0K             
_AC9 = 0K             
_TMP = 301K","84","0",,"4","81","0","1152921504606847008","372","Microsoft-Windows-Kernel-Power","331c3b3a-2005-44c2-ac5e-77220c37d6b4","Microsoft-Windows-Kernel-Power/Thermal-Operational","4","64","rjaf-PC4429","S-1-5-18","6/5/2015 9:53:13 AM",,,"c:\users\mac_1\desktop\winevt\logs\microsoft-windows-kernel-power%4thermal-operational.evtx","System.UInt32[]","System.Diagnostics.Eventing.Reader.EventBookmark","Information","Info",,"System.Collections.ObjectModel.ReadOnlyCollection`1[System.String]","System.Collections.Generic.List`1[System.Diagnostics.Eventing.Reader.EventProperty]"
"ACPI thermal zone ACPI\ThermalZone\TZ00 has engaged active cooling.             
EventTime = ?2015?-?06?-?05T08:17:34.002014900Z             
_AC0 = 358K             
_AC1 = 328K             
_AC2 = 273K             
_AC3 = 273K             
_AC4 = 273K             
_AC5 = 0K             
_AC6 = 0K             
_AC7 = 0K             
_AC8 = 0K             
_AC9 = 0K             
_TMP = 301K","84","0",,"4","81","0","1152921504606847008","371","Microsoft-Windows-Kernel-Power","331c3b3a-2005-44c2-ac5e-77220c37d6b4","Microsoft-Windows-Kernel-Power/Thermal-Operational","4","64","rjaf-PC4429","S-1-5-18","6/4/2015 10:17:34 PM",,,"c:\users\mac_1\desktop\winevt\logs\microsoft-windows-kernel-power%4thermal-operational.evtx","System.UInt32[]","System.Diagnostics.Eventing.Reader.EventBookmark","Information","Info",,"System.Collections.ObjectModel.ReadOnlyCollection`1[System.String]","System.Collections.Generic.List`1[System.Diagnostics.Eventing.Reader.EventProperty]"
"ACPI thermal zone ACPI\ThermalZone\TZ00 has engaged active cooling.             
EventTime = ?2015?-?06?-?03T14:14:50.392015600Z             
_AC0 = 358K             
_AC1 = 328K             
_AC2 = 273K             
_AC3 = 273K             
_AC4 = 273K             
_AC5 = 0K             
_AC6 = 0K             
_AC7 = 0K             
_AC8 = 0K             
_AC9 = 0K             
_TMP = 301K","84","0",,"4","81","0","1152921504606847008","370","Microsoft-Windows-Kernel-Power","331c3b3a-2005-44c2-ac5e-77220c37d6b4","Microsoft-Windows-Kernel-Power/Thermal-Operational","4","44","rjaf-PC4429","S-1-5-18","6/3/2015 4:14:50 AM",,,"c:\users\mac_1\desktop\winevt\logs\microsoft-windows-kernel-power%4thermal-operational.evtx","System.UInt32[]","System.Diagnostics.Eventing.Reader.EventBookmark","Information","Info",,"System.Collections.ObjectModel.ReadOnlyCollection`1[System.String]","System.Collections.Generic.List`1[System.Diagnostics.Eventing.Reader.EventProperty]"
"ACPI thermal zone ACPI\ThermalZone\TZ00 has engaged active cooling.             
EventTime = ?2015?-?06?-?02T08:27:55.376415500Z             
_AC0 = 358K             
_AC1 = 328K             
_AC2 = 273K             
_AC3 = 273K             
_AC4 = 273K             
_AC5 = 0K             
_AC6 = 0K             
_AC7 = 0K             
_AC8 = 0K             
_AC9 = 0K             
_TMP = 301K","84","0",,"4","81","0","1152921504606847008","369","Microsoft-Windows-Kernel-Power","331c3b3a-2005-44c2-ac5e-77220c37d6b4","Microsoft-Windows-Kernel-Power/Thermal-Operational","4","52","rjaf-PC4429","S-1-5-18","6/1/2015 10:27:55 PM",,,"c:\users\mac_1\desktop\winevt\logs\microsoft-windows-kernel-power%4thermal-operational.evtx","System.UInt32[]","System.Diagnostics.Eventing.Reader.EventBookmark","Information","Info",,"System.Collections.ObjectModel.ReadOnlyCollection`1[System.String]","System.Collections.Generic.List`1[System.Diagnostics.Eventing.Reader.EventProperty]"
"ACPI thermal zone ACPI\ThermalZone\TZ00 has engaged active cooling.             
EventTime = ?2015?-?06?-?01T08:01:13.315613700Z             
_AC0 = 358K             
_AC1 = 328K             
_AC2 = 273K             
_AC3 = 273K             
_AC4 = 273K             
_AC5 = 0K             
_AC6 = 0K             
_AC7 = 0K             
_AC8 = 0K             
_AC9 = 0K             
_TMP = 301K","84","0",,"4","81","0","1152921504606847008","368","Microsoft-Windows-Kernel-Power","331c3b3a-2005-44c2-ac5e-77220c37d6b4","Microsoft-Windows-Kernel-Power/Thermal-Operational","4","60","rjaf-PC4429","S-1-5-18","5/31/2015 10:01:13 PM",,,"c:\users\mac_1\desktop\winevt\logs\microsoft-windows-kernel-power%4thermal-operational.evtx","System.UInt32[]","System.Diagnostics.Eventing.Reader.EventBookmark","Information","Info",,"System.Collections.ObjectModel.ReadOnlyCollection`1[System.String]","System.Collections.Generic.List`1[System.Diagnostics.Eventing.Reader.EventProperty]"
"ACPI thermal zone ACPI\ThermalZone\TZ00 has engaged active cooling.             
EventTime = ?2015?-?05?-?27T00:07:25.861614600Z             
_AC0 = 358K             
_AC1 = 328K             
_AC2 = 273K             
_AC3 = 273K             
_AC4 = 273K             
_AC5 = 0K             
_AC6 = 0K             
_AC7 = 0K             
_AC8 = 0K             
_AC9 = 0K             
_TMP = 301K","84","0",,"4","81","0","1152921504606847008","367","Microsoft-Windows-Kernel-Power","331c3b3a-2005-44c2-ac5e-77220c37d6b4","Microsoft-Windows-Kernel-Power/Thermal-Operational","4","44","rjaf-PC4429","S-1-5-18","5/26/2015 2:07:25 PM",,,"c:\users\mac_1\desktop\winevt\logs\microsoft-windows-kernel-power%4thermal-operational.evtx","System.UInt32[]","System.Diagnostics.Eventing.Reader.EventBookmark","Information","Info",,"System.Collections.ObjectModel.ReadOnlyCollection`1[System.String]","System.Collections.Generic.List`1[System.Diagnostics.Eventing.Reader.EventProperty]"
"ACPI thermal zone ACPI\ThermalZone\TZ00 has engaged active cooling.             
EventTime = ?2015?-?05?-?26T10:43:41.081613300Z             
_AC0 = 358K             
_AC1 = 328K             
_AC2 = 273K             
_AC3 = 273K             
_AC4 = 273K             
_AC5 = 0K             
_AC6 = 0K             
_AC7 = 0K             
_AC8 = 0K             
_AC9 = 0K             
_TMP = 301K","84","0",,"4","81","0","1152921504606847008","366","Microsoft-Windows-Kernel-Power","331c3b3a-2005-44c2-ac5e-77220c37d6b4","Microsoft-Windows-Kernel-Power/Thermal-Operational","4","56","rjaf-PC4429","S-1-5-18","5/26/2015 12:43:41 AM",,,"c:\users\mac_1\desktop\winevt\logs\microsoft-windows-kernel-power%4thermal-operational.evtx","System.UInt32[]","System.Diagnostics.Eventing.Reader.EventBookmark","Information","Info",,"System.Collections.ObjectModel.ReadOnlyCollection`1[System.String]","System.Collections.Generic.List`1[System.Diagnostics.Eventing.Reader.EventProperty]"
"ACPI thermal zone ACPI\ThermalZone\TZ00 has engaged active cooling.             
EventTime = ?2015?-?05?-?25T09:42:01.003613100Z             
_AC0 = 358K             
_AC1 = 328K             
_AC2 = 273K             
_AC3 = 273K             
_AC4 = 273K             
_AC5 = 0K             
_AC6 = 0K             
_AC7 = 0K             
_AC8 = 0K             
_AC9 = 0K             
_TMP = 301K","84","0",,"4","81","0","1152921504606847008","365","Microsoft-Windows-Kernel-Power","331c3b3a-2005-44c2-ac5e-77220c37d6b4","Microsoft-Windows-Kernel-Power/Thermal-Operational","4","64","rjaf-PC4429","S-1-5-18","5/24/2015 11:42:01 PM",,,"c:\users\mac_1\desktop\winevt\logs\microsoft-windows-kernel-power%4thermal-operational.evtx","System.UInt32[]","System.Diagnostics.Eventing.Reader.EventBookmark","Information","Info",,"System.Collections.ObjectModel.ReadOnlyCollection`1[System.String]","System.Collections.Generic.List`1[System.Diagnostics.Eventing.Reader.EventProperty]"
"ACPI thermal zone ACPI\ThermalZone\TZ00 has engaged active cooling.             
EventTime = ?2015?-?05?-?24T09:43:56.097213300Z             
_AC0 = 358K             
_AC1 = 328K             
_AC2 = 273K             
_AC3 = 273K             
_AC4 = 273K             
_AC5 = 0K             
_AC6 = 0K             
_AC7 = 0K             
_AC8 = 0K             
_AC9 = 0K             
_TMP = 301K","84","0",,"4","81","0","1152921504606847008","364","Microsoft-Windows-Kernel-Power","331c3b3a-2005-44c2-ac5e-77220c37d6b4","Microsoft-Windows-Kernel-Power/Thermal-Operational","4","52","rjaf-PC4429","S-1-5-18","5/23/2015 11:43:56 PM",,,"c:\users\mac_1\desktop\winevt\logs\microsoft-windows-kernel-power%4thermal-operational.evtx","System.UInt32[]","System.Diagnostics.Eventing.Reader.EventBookmark","Information","Info",,"System.Collections.ObjectModel.ReadOnlyCollection`1[System.String]","System.Collections.Generic.List`1[System.Diagnostics.Eventing.Reader.EventProperty]"
"ACPI thermal zone ACPI\ThermalZone\TZ00 has engaged active cooling.             
EventTime = ?2015?-?05?-?23T14:49:24.534014100Z             
_AC0 = 358K             
_AC1 = 328K             
_AC2 = 273K             
_AC3 = 273K             
_AC4 = 273K             
_AC5 = 0K             
_AC6 = 0K             
_AC7 = 0K             
_AC8 = 0K             
_AC9 = 0K             
_TMP = 301K","84","0",,"4","81","0","1152921504606847008","363","Microsoft-Windows-Kernel-Power","331c3b3a-2005-44c2-ac5e-77220c37d6b4","Microsoft-Windows-Kernel-Power/Thermal-Operational","4","60","rjaf-PC4429","S-1-5-18","5/23/2015 4:49:24 AM",,,"c:\users\mac_1\desktop\winevt\logs\microsoft-windows-kernel-power%4thermal-operational.evtx","System.UInt32[]","System.Diagnostics.Eventing.Reader.EventBookmark","Information","Info",,"System.Collections.ObjectModel.ReadOnlyCollection`1[System.String]","System.Collections.Generic.List`1[System.Diagnostics.Eventing.Reader.EventProperty]"
"ACPI thermal zone ACPI\ThermalZone\TZ00 has engaged active cooling.             
EventTime = ?2015?-?05?-?23T12:19:39.175213400Z             
_AC0 = 358K             
_AC1 = 328K             
_AC2 = 273K             
_AC3 = 273K             
_AC4 = 273K             
_AC5 = 0K             
_AC6 = 0K             
_AC7 = 0K             
_AC8 = 0K             
_AC9 = 0K             
_TMP = 301K","84","0",,"4","81","0","1152921504606847008","362","Microsoft-Windows-Kernel-Power","331c3b3a-2005-44c2-ac5e-77220c37d6b4","Microsoft-Windows-Kernel-Power/Thermal-Operational","4","48","rjaf-PC4429","S-1-5-18","5/23/2015 2:19:39 AM",,,"c:\users\mac_1\desktop\winevt\logs\microsoft-windows-kernel-power%4thermal-operational.evtx","System.UInt32[]","System.Diagnostics.Eventing.Reader.EventBookmark","Information","Info",,"System.Collections.ObjectModel.ReadOnlyCollection`1[System.String]","System.Collections.Generic.List`1[System.Diagnostics.Eventing.Reader.EventProperty]"
"ACPI thermal zone ACPI\ThermalZone\TZ00 has engaged active cooling.             
EventTime = ?2015?-?05?-?22T16:36:43.112813300Z             
_AC0 = 358K             
_AC1 = 328K             
_AC2 = 273K             
_AC3 = 273K             
_AC4 = 273K             
_AC5 = 0K             
_AC6 = 0K             
_AC7 = 0K             
_AC8 = 0K             
_AC9 = 0K             
_TMP = 301K","84","0",,"4","81","0","1152921504606847008","361","Microsoft-Windows-Kernel-Power","331c3b3a-2005-44c2-ac5e-77220c37d6b4","Microsoft-Windows-Kernel-Power/Thermal-Operational","4","68","rjaf-PC4429","S-1-5-18","5/22/2015 6:36:43 AM",,,"c:\users\mac_1\desktop\winevt\logs\microsoft-windows-kernel-power%4thermal-operational.evtx","System.UInt32[]","System.Diagnostics.Eventing.Reader.EventBookmark","Information","Info",,"System.Collections.ObjectModel.ReadOnlyCollection`1[System.String]","System.Collections.Generic.List`1[System.Diagnostics.Eventing.Reader.EventProperty]"
"ACPI thermal zone ACPI\ThermalZone\TZ00 has engaged active cooling.             
EventTime = ?2015?-?05?-?22T13:46:05.972413100Z             
_AC0 = 358K             
_AC1 = 328K             
_AC2 = 273K             
_AC3 = 273K             
_AC4 = 273K             
_AC5 = 0K             
_AC6 = 0K             
_AC7 = 0K             
_AC8 = 0K             
_AC9 = 0K             
_TMP = 301K","84","0",,"4","81","0","1152921504606847008","360","Microsoft-Windows-Kernel-Power","331c3b3a-2005-44c2-ac5e-77220c37d6b4","Microsoft-Windows-Kernel-Power/Thermal-Operational","4","52","rjaf-PC4429","S-1-5-18","5/22/2015 3:46:05 AM",,,"c:\users\mac_1\desktop\winevt\logs\microsoft-windows-kernel-power%4thermal-operational.evtx","System.UInt32[]","System.Diagnostics.Eventing.Reader.EventBookmark","Information","Info",,"System.Collections.ObjectModel.ReadOnlyCollection`1[System.String]","System.Collections.Generic.List`1[System.Diagnostics.Eventing.Reader.EventProperty]"
"ACPI thermal zone ACPI\ThermalZone\TZ00 has engaged active cooling.             
EventTime = ?2015?-?05?-?18T20:03:25.284413600Z             
_AC0 = 358K             
_AC1 = 328K             
_AC2 = 273K             
_AC3 = 273K             
_AC4 = 273K             
_AC5 = 0K             
_AC6 = 0K             
_AC7 = 0K             
_AC8 = 0K             
_AC9 = 0K             
_TMP = 301K","84","0",,"4","81","0","1152921504606847008","359","Microsoft-Windows-Kernel-Power","331c3b3a-2005-44c2-ac5e-77220c37d6b4","Microsoft-Windows-Kernel-Power/Thermal-Operational","4","52","rjaf-PC4429","S-1-5-18","5/18/2015 10:03:25 AM",,,"c:\users\mac_1\desktop\winevt\logs\microsoft-windows-kernel-power%4thermal-operational.evtx","System.UInt32[]","System.Diagnostics.Eventing.Reader.EventBookmark","Information","Info",,"System.Collections.ObjectModel.ReadOnlyCollection`1[System.String]","System.Collections.Generic.List`1[System.Diagnostics.Eventing.Reader.EventProperty]"
"ACPI thermal zone ACPI\ThermalZone\TZ00 has engaged active cooling.             
EventTime = ?2015?-?05?-?17T17:30:30.470015700Z             
_AC0 = 358K             
_AC1 = 328K             
_AC2 = 273K             
_AC3 = 273K             
_AC4 = 273K             
_AC5 = 0K             
_AC6 = 0K             
_AC7 = 0K             
_AC8 = 0K             
_AC9 = 0K             
_TMP = 301K","84","0",,"4","81","0","1152921504606847008","358","Microsoft-Windows-Kernel-Power","331c3b3a-2005-44c2-ac5e-77220c37d6b4","Microsoft-Windows-Kernel-Power/Thermal-Operational","4","68","rjaf-PC4429","S-1-5-18","5/17/2015 7:30:30 AM",,,"c:\users\mac_1\desktop\winevt\logs\microsoft-windows-kernel-power%4thermal-operational.evtx","System.UInt32[]","System.Diagnostics.Eventing.Reader.EventBookmark","Information","Info",,"System.Collections.ObjectModel.ReadOnlyCollection`1[System.String]","System.Collections.Generic.List`1[System.Diagnostics.Eventing.Reader.EventProperty]"
"ACPI thermal zone ACPI\ThermalZone\TZ00 has engaged active cooling.             
EventTime = ?2015?-?05?-?15T01:11:50.003613100Z             
_AC0 = 358K             
_AC1 = 328K             
_AC2 = 273K             
_AC3 = 273K             
_AC4 = 273K             
_AC5 = 0K             
_AC6 = 0K             
_AC7 = 0K             
_AC8 = 0K             
_AC9 = 0K             
_TMP = 301K","84","0",,"4","81","0","1152921504606847008","357","Microsoft-Windows-Kernel-Power","331c3b3a-2005-44c2-ac5e-77220c37d6b4","Microsoft-Windows-Kernel-Power/Thermal-Operational","4","64","rjaf-PC4429","S-1-5-18","5/14/2015 3:11:50 PM",,,"c:\users\mac_1\desktop\winevt\logs\microsoft-windows-kernel-power%4thermal-operational.evtx","System.UInt32[]","System.Diagnostics.Eventing.Reader.EventBookmark","Information","Info",,"System.Collections.ObjectModel.ReadOnlyCollection`1[System.String]","System.Collections.Generic.List`1[System.Diagnostics.Eventing.Reader.EventProperty]"
"ACPI thermal zone ACPI\ThermalZone\TZ00 has engaged active cooling.             
EventTime = ?2015?-?05?-?15T01:11:18.421617400Z             
_AC0 = 358K             
_AC1 = 328K             
_AC2 = 273K             
_AC3 = 273K             
_AC4 = 273K             
_AC5 = 0K             
_AC6 = 0K             
_AC7 = 0K             
_AC8 = 0K             
_AC9 = 0K             
_TMP = 301K","84","0",,"4","81","0","1152921504606847008","356","Microsoft-Windows-Kernel-Power","331c3b3a-2005-44c2-ac5e-77220c37d6b4","Microsoft-Windows-Kernel-Power/Thermal-Operational","4","52","rjaf-PC4429","S-1-5-18","5/14/2015 3:11:18 PM",,,"c:\users\mac_1\desktop\winevt\logs\microsoft-windows-kernel-power%4thermal-operational.evtx","System.UInt32[]","System.Diagnostics.Eventing.Reader.EventBookmark","Information","Info",,"System.Collections.ObjectModel.ReadOnlyCollection`1[System.String]","System.Collections.Generic.List`1[System.Diagnostics.Eventing.Reader.EventProperty]"
"ACPI thermal zone ACPI\ThermalZone\TZ00 has engaged active cooling.             
EventTime = ?2015?-?05?-?14T11:08:54.690014300Z             
_AC0 = 358K             
_AC1 = 328K             
_AC2 = 273K             
_AC3 = 273K             
_AC4 = 273K             
_AC5 = 0K             
_AC6 = 0K             
_AC7 = 0K             
_AC8 = 0K             
_AC9 = 0K             
_TMP = 301K","84","0",,"4","81","0","1152921504606847008","355","Microsoft-Windows-Kernel-Power","331c3b3a-2005-44c2-ac5e-77220c37d6b4","Microsoft-Windows-Kernel-Power/Thermal-Operational","4","64","rjaf-PC4429","S-1-5-18","5/14/2015 1:08:54 AM",,,"c:\users\mac_1\desktop\winevt\logs\microsoft-windows-kernel-power%4thermal-operational.evtx","System.UInt32[]","System.Diagnostics.Eventing.Reader.EventBookmark","Information","Info",,"System.Collections.ObjectModel.ReadOnlyCollection`1[System.String]","System.Collections.Generic.List`1[System.Diagnostics.Eventing.Reader.EventProperty]"
"ACPI thermal zone ACPI\ThermalZone\TZ00 has engaged active cooling.             
EventTime = ?2015?-?05?-?14T10:29:03.580814200Z             
_AC0 = 358K             
_AC1 = 328K             
_AC2 = 273K             
_AC3 = 273K             
_AC4 = 273K             
_AC5 = 0K             
_AC6 = 0K             
_AC7 = 0K             
_AC8 = 0K             
_AC9 = 0K             
_TMP = 301K","84","0",,"4","81","0","1152921504606847008","354","Microsoft-Windows-Kernel-Power","331c3b3a-2005-44c2-ac5e-77220c37d6b4","Microsoft-Windows-Kernel-Power/Thermal-Operational","4","68","rjaf-PC4429","S-1-5-18","5/14/2015 12:29:03 AM",,,"c:\users\mac_1\desktop\winevt\logs\microsoft-windows-kernel-power%4thermal-operational.evtx","System.UInt32[]","System.Diagnostics.Eventing.Reader.EventBookmark","Information","Info",,"System.Collections.ObjectModel.ReadOnlyCollection`1[System.String]","System.Collections.Generic.List`1[System.Diagnostics.Eventing.Reader.EventProperty]"
"ACPI thermal zone ACPI\ThermalZone\TZ00 has engaged active cooling.             
EventTime = ?2015?-?05?-?13T23:29:07.896011200Z             
_AC0 = 358K             
_AC1 = 328K             
_AC2 = 273K             
_AC3 = 273K             
_AC4 = 273K             
_AC5 = 0K             
_AC6 = 0K             
_AC7 = 0K             
_AC8 = 0K             
_AC9 = 0K             
_TMP = 301K","84","0",,"4","81","0","1152921504606847008","353","Microsoft-Windows-Kernel-Power","331c3b3a-2005-44c2-ac5e-77220c37d6b4","Microsoft-Windows-Kernel-Power/Thermal-Operational","4","48","rjaf-PC4429","S-1-5-18","5/13/2015 1:29:07 PM",,,"c:\users\mac_1\desktop\winevt\logs\microsoft-windows-kernel-power%4thermal-operational.evtx","System.UInt32[]","System.Diagnostics.Eventing.Reader.EventBookmark","Information","Info",,"System.Collections.ObjectModel.ReadOnlyCollection`1[System.String]","System.Collections.Generic.List`1[System.Diagnostics.Eventing.Reader.EventProperty]"
"ACPI thermal zone ACPI\ThermalZone\TZ00 has engaged active cooling.             
EventTime = ?2015?-?05?-?13T21:15:06.211208200Z             
_AC0 = 358K             
_AC1 = 328K             
_AC2 = 273K             
_AC3 = 273K             
_AC4 = 273K             
_AC5 = 0K             
_AC6 = 0K             
_AC7 = 0K             
_AC8 = 0K             
_AC9 = 0K             
_TMP = 301K","84","0",,"4","81","0","1152921504606847008","352","Microsoft-Windows-Kernel-Power","331c3b3a-2005-44c2-ac5e-77220c37d6b4","Microsoft-Windows-Kernel-Power/Thermal-Operational","4","52","rjaf-PC4429","S-1-5-18","5/13/2015 11:15:06 AM",,,"c:\users\mac_1\desktop\winevt\logs\microsoft-windows-kernel-power%4thermal-operational.evtx","System.UInt32[]","System.Diagnostics.Eventing.Reader.EventBookmark","Information","Info",,"System.Collections.ObjectModel.ReadOnlyCollection`1[System.String]","System.Collections.Generic.List`1[System.Diagnostics.Eventing.Reader.EventProperty]"
