#TYPE System.Diagnostics.Eventing.Reader.EventLogRecord
"Message","Id","Version","Qualifiers","Level","Task","Opcode","Keywords","RecordId","ProviderName","ProviderId","LogName","ProcessId","ThreadId","MachineName","UserId","TimeCreated","ActivityId","RelatedActivityId","ContainerLog","MatchedQueryIds","Bookmark","LevelDisplayName","OpcodeDisplayName","TaskDisplayName","KeywordsDisplayNames","Properties"
"Windows update  could not be installed because of error 2359302 """" (Command line: ""wusa.exe ""D:\5feb38ef081b881bb73f41ce6a2ff053\Windows6.1-KB958488-v6001-x86.msu"" /quiet /norestart"")","3","0",,"2","0","0","-9223372036854775808","505","Microsoft-Windows-WUSA","09608c12-c1da-4104-a6fe-b959cf57560a","Setup","340","3016","rjaf-PC4429","S-1-5-21-1634558665-2257203147-3060767804-1000","9/10/2015 3:55:05 AM",,,"c:\users\mac_1\desktop\winevt\logs\setup.evtx","System.UInt32[]","System.Diagnostics.Eventing.Reader.EventBookmark","Error","Info",,"System.Collections.ObjectModel.ReadOnlyCollection`1[System.String]","System.Collections.Generic.List`1[System.Diagnostics.Eventing.Reader.EventProperty]"
"Package KB2977759 was successfully changed to the Installed state.","2","0",,"0","0","0","-9223372036854775808","504","Microsoft-Windows-Servicing","bd12f3b8-fc40-4a61-a307-b7a013a069c1","Setup","1532","1744","rjaf-PC4429","S-1-5-18","8/24/2015 4:36:08 AM",,,"c:\users\mac_1\desktop\winevt\logs\setup.evtx","System.UInt32[]","System.Diagnostics.Eventing.Reader.EventBookmark","Information","Info",,"System.Collections.ObjectModel.ReadOnlyCollection`1[System.String]","System.Collections.Generic.List`1[System.Diagnostics.Eventing.Reader.EventProperty]"
"A reboot is necessary before package KB2977759 can be changed to the Installed state.","4","0",,"0","0","0","-9223372036854775808","503","Microsoft-Windows-Servicing","bd12f3b8-fc40-4a61-a307-b7a013a069c1","Setup","2476","2912","rjaf-PC4429","S-1-5-18","8/16/2015 5:01:37 PM",,,"c:\users\mac_1\desktop\winevt\logs\setup.evtx","System.UInt32[]","System.Diagnostics.Eventing.Reader.EventBookmark","Information","Info",,"System.Collections.ObjectModel.ReadOnlyCollection`1[System.String]","System.Collections.Generic.List`1[System.Diagnostics.Eventing.Reader.EventProperty]"
"Initiating changes for package KB2977759. Current state is Resolved. Target state is Installed. Client id: WindowsUpdateAgent.","1","0",,"0","0","0","-9223372036854775808","502","Microsoft-Windows-Servicing","bd12f3b8-fc40-4a61-a307-b7a013a069c1","Setup","2476","2912","rjaf-PC4429","S-1-5-18","8/16/2015 5:01:27 PM",,,"c:\users\mac_1\desktop\winevt\logs\setup.evtx","System.UInt32[]","System.Diagnostics.Eventing.Reader.EventBookmark","Information","Info",,"System.Collections.ObjectModel.ReadOnlyCollection`1[System.String]","System.Collections.Generic.List`1[System.Diagnostics.Eventing.Reader.EventProperty]"
"Package KB2977759 failed to be changed to the Staged state. Status: 0x800f0816.","3","0",,"0","0","0","-9223372036854775808","501","Microsoft-Windows-Servicing","bd12f3b8-fc40-4a61-a307-b7a013a069c1","Setup","4480","4236","rjaf-PC4429","S-1-5-18","8/16/2015 9:05:12 AM",,,"c:\users\mac_1\desktop\winevt\logs\setup.evtx","System.UInt32[]","System.Diagnostics.Eventing.Reader.EventBookmark","Information","Info",,"System.Collections.ObjectModel.ReadOnlyCollection`1[System.String]","System.Collections.Generic.List`1[System.Diagnostics.Eventing.Reader.EventProperty]"
"Initiating changes for package KB2977759. Current state is Absent. Target state is Staged. Client id: WindowsUpdateAgent.","1","0",,"0","0","0","-9223372036854775808","500","Microsoft-Windows-Servicing","bd12f3b8-fc40-4a61-a307-b7a013a069c1","Setup","4480","4236","rjaf-PC4429","S-1-5-18","8/16/2015 9:05:08 AM",,,"c:\users\mac_1\desktop\winevt\logs\setup.evtx","System.UInt32[]","System.Diagnostics.Eventing.Reader.EventBookmark","Information","Info",,"System.Collections.ObjectModel.ReadOnlyCollection`1[System.String]","System.Collections.Generic.List`1[System.Diagnostics.Eventing.Reader.EventProperty]"
"Package KB2977759 was successfully changed to the Installed state.","2","0",,"0","0","0","-9223372036854775808","499","Microsoft-Windows-Servicing","bd12f3b8-fc40-4a61-a307-b7a013a069c1","Setup","1532","1788","rjaf-PC4429","S-1-5-18","5/14/2015 3:12:18 PM",,,"c:\users\mac_1\desktop\winevt\logs\setup.evtx","System.UInt32[]","System.Diagnostics.Eventing.Reader.EventBookmark","Information","Info",,"System.Collections.ObjectModel.ReadOnlyCollection`1[System.String]","System.Collections.Generic.List`1[System.Diagnostics.Eventing.Reader.EventProperty]"
"Package KB3046480 was successfully changed to the Installed state.","2","0",,"0","0","0","-9223372036854775808","498","Microsoft-Windows-Servicing","bd12f3b8-fc40-4a61-a307-b7a013a069c1","Setup","1532","1788","rjaf-PC4429","S-1-5-18","5/14/2015 3:12:17 PM",,,"c:\users\mac_1\desktop\winevt\logs\setup.evtx","System.UInt32[]","System.Diagnostics.Eventing.Reader.EventBookmark","Information","Info",,"System.Collections.ObjectModel.ReadOnlyCollection`1[System.String]","System.Collections.Generic.List`1[System.Diagnostics.Eventing.Reader.EventProperty]"
"A reboot is necessary before package KB2977759 can be changed to the Installed state.","4","0",,"0","0","0","-9223372036854775808","497","Microsoft-Windows-Servicing","bd12f3b8-fc40-4a61-a307-b7a013a069c1","Setup","5056","5832","rjaf-PC4429","S-1-5-18","5/14/2015 1:30:33 AM",,,"c:\users\mac_1\desktop\winevt\logs\setup.evtx","System.UInt32[]","System.Diagnostics.Eventing.Reader.EventBookmark","Information","Info",,"System.Collections.ObjectModel.ReadOnlyCollection`1[System.String]","System.Collections.Generic.List`1[System.Diagnostics.Eventing.Reader.EventProperty]"
"Initiating changes for package KB2977759. Current state is Resolved. Target state is Installed. Client id: WindowsUpdateAgent.","1","0",,"0","0","0","-9223372036854775808","496","Microsoft-Windows-Servicing","bd12f3b8-fc40-4a61-a307-b7a013a069c1","Setup","5056","5832","rjaf-PC4429","S-1-5-18","5/14/2015 1:30:30 AM",,,"c:\users\mac_1\desktop\winevt\logs\setup.evtx","System.UInt32[]","System.Diagnostics.Eventing.Reader.EventBookmark","Information","Info",,"System.Collections.ObjectModel.ReadOnlyCollection`1[System.String]","System.Collections.Generic.List`1[System.Diagnostics.Eventing.Reader.EventProperty]"
"A reboot is necessary before package KB3046480 can be changed to the Installed state.","4","0",,"0","0","0","-9223372036854775808","495","Microsoft-Windows-Servicing","bd12f3b8-fc40-4a61-a307-b7a013a069c1","Setup","5056","5832","rjaf-PC4429","S-1-5-18","5/14/2015 1:30:28 AM",,,"c:\users\mac_1\desktop\winevt\logs\setup.evtx","System.UInt32[]","System.Diagnostics.Eventing.Reader.EventBookmark","Information","Info",,"System.Collections.ObjectModel.ReadOnlyCollection`1[System.String]","System.Collections.Generic.List`1[System.Diagnostics.Eventing.Reader.EventProperty]"
"Initiating changes for package KB3046480. Current state is Resolved. Target state is Installed. Client id: WindowsUpdateAgent.","1","0",,"0","0","0","-9223372036854775808","494","Microsoft-Windows-Servicing","bd12f3b8-fc40-4a61-a307-b7a013a069c1","Setup","5056","5832","rjaf-PC4429","S-1-5-18","5/14/2015 1:30:22 AM",,,"c:\users\mac_1\desktop\winevt\logs\setup.evtx","System.UInt32[]","System.Diagnostics.Eventing.Reader.EventBookmark","Information","Info",,"System.Collections.ObjectModel.ReadOnlyCollection`1[System.String]","System.Collections.Generic.List`1[System.Diagnostics.Eventing.Reader.EventProperty]"
"Package KB2977759 failed to be changed to the Staged state. Status: 0x800f0816.","3","0",,"0","0","0","-9223372036854775808","493","Microsoft-Windows-Servicing","bd12f3b8-fc40-4a61-a307-b7a013a069c1","Setup","5056","5832","rjaf-PC4429","S-1-5-18","5/14/2015 1:22:25 AM",,,"c:\users\mac_1\desktop\winevt\logs\setup.evtx","System.UInt32[]","System.Diagnostics.Eventing.Reader.EventBookmark","Information","Info",,"System.Collections.ObjectModel.ReadOnlyCollection`1[System.String]","System.Collections.Generic.List`1[System.Diagnostics.Eventing.Reader.EventProperty]"
"Initiating changes for package KB2977759. Current state is Absent. Target state is Staged. Client id: WindowsUpdateAgent.","1","0",,"0","0","0","-9223372036854775808","492","Microsoft-Windows-Servicing","bd12f3b8-fc40-4a61-a307-b7a013a069c1","Setup","5056","5832","rjaf-PC4429","S-1-5-18","5/14/2015 1:22:21 AM",,,"c:\users\mac_1\desktop\winevt\logs\setup.evtx","System.UInt32[]","System.Diagnostics.Eventing.Reader.EventBookmark","Information","Info",,"System.Collections.ObjectModel.ReadOnlyCollection`1[System.String]","System.Collections.Generic.List`1[System.Diagnostics.Eventing.Reader.EventProperty]"
"Package KB3046480 failed to be changed to the Staged state. Status: 0x800f0816.","3","0",,"0","0","0","-9223372036854775808","491","Microsoft-Windows-Servicing","bd12f3b8-fc40-4a61-a307-b7a013a069c1","Setup","5056","5832","rjaf-PC4429","S-1-5-18","5/14/2015 1:22:05 AM",,,"c:\users\mac_1\desktop\winevt\logs\setup.evtx","System.UInt32[]","System.Diagnostics.Eventing.Reader.EventBookmark","Information","Info",,"System.Collections.ObjectModel.ReadOnlyCollection`1[System.String]","System.Collections.Generic.List`1[System.Diagnostics.Eventing.Reader.EventProperty]"
"Initiating changes for package KB3046480. Current state is Absent. Target state is Staged. Client id: WindowsUpdateAgent.","1","0",,"0","0","0","-9223372036854775808","490","Microsoft-Windows-Servicing","bd12f3b8-fc40-4a61-a307-b7a013a069c1","Setup","5056","5832","rjaf-PC4429","S-1-5-18","5/14/2015 1:21:56 AM",,,"c:\users\mac_1\desktop\winevt\logs\setup.evtx","System.UInt32[]","System.Diagnostics.Eventing.Reader.EventBookmark","Information","Info",,"System.Collections.ObjectModel.ReadOnlyCollection`1[System.String]","System.Collections.Generic.List`1[System.Diagnostics.Eventing.Reader.EventProperty]"
"Package KB2977759 was successfully changed to the Installed state.","2","0",,"0","0","0","-9223372036854775808","489","Microsoft-Windows-Servicing","bd12f3b8-fc40-4a61-a307-b7a013a069c1","Setup","2376","3664","rjaf-PC4429","S-1-5-18","3/25/2015 3:34:42 PM",,,"c:\users\mac_1\desktop\winevt\logs\setup.evtx","System.UInt32[]","System.Diagnostics.Eventing.Reader.EventBookmark","Information","Info",,"System.Collections.ObjectModel.ReadOnlyCollection`1[System.String]","System.Collections.Generic.List`1[System.Diagnostics.Eventing.Reader.EventProperty]"
"Initiating changes for package KB2977759. Current state is Resolved. Target state is Installed. Client id: WindowsUpdateAgent.","1","0",,"0","0","0","-9223372036854775808","488","Microsoft-Windows-Servicing","bd12f3b8-fc40-4a61-a307-b7a013a069c1","Setup","2376","3664","rjaf-PC4429","S-1-5-18","3/25/2015 3:34:29 PM",,,"c:\users\mac_1\desktop\winevt\logs\setup.evtx","System.UInt32[]","System.Diagnostics.Eventing.Reader.EventBookmark","Information","Info",,"System.Collections.ObjectModel.ReadOnlyCollection`1[System.String]","System.Collections.Generic.List`1[System.Diagnostics.Eventing.Reader.EventProperty]"
"Package KB2977759 was successfully changed to the Installed state.","2","0",,"0","0","0","-9223372036854775808","487","Microsoft-Windows-Servicing","bd12f3b8-fc40-4a61-a307-b7a013a069c1","Setup","1724","1968","rjaf-PC4429","S-1-5-18","2/11/2015 5:00:52 PM",,,"c:\users\mac_1\desktop\winevt\logs\setup.evtx","System.UInt32[]","System.Diagnostics.Eventing.Reader.EventBookmark","Information","Info",,"System.Collections.ObjectModel.ReadOnlyCollection`1[System.String]","System.Collections.Generic.List`1[System.Diagnostics.Eventing.Reader.EventProperty]"
"Initiating changes for package KB2977759. Current state is Resolved. Target state is Installed. Client id: WindowsUpdateAgent.","1","0",,"0","0","0","-9223372036854775808","486","Microsoft-Windows-Servicing","bd12f3b8-fc40-4a61-a307-b7a013a069c1","Setup","1724","1968","rjaf-PC4429","S-1-5-18","2/11/2015 5:00:33 PM",,,"c:\users\mac_1\desktop\winevt\logs\setup.evtx","System.UInt32[]","System.Diagnostics.Eventing.Reader.EventBookmark","Information","Info",,"System.Collections.ObjectModel.ReadOnlyCollection`1[System.String]","System.Collections.Generic.List`1[System.Diagnostics.Eventing.Reader.EventProperty]"
"Package KB2977759 failed to be changed to the Staged state. Status: 0x800f0816.","3","0",,"0","0","0","-9223372036854775808","485","Microsoft-Windows-Servicing","bd12f3b8-fc40-4a61-a307-b7a013a069c1","Setup","4088","3748","rjaf-PC4429","S-1-5-18","2/11/2015 12:28:30 AM",,,"c:\users\mac_1\desktop\winevt\logs\setup.evtx","System.UInt32[]","System.Diagnostics.Eventing.Reader.EventBookmark","Information","Info",,"System.Collections.ObjectModel.ReadOnlyCollection`1[System.String]","System.Collections.Generic.List`1[System.Diagnostics.Eventing.Reader.EventProperty]"
"Initiating changes for package KB2977759. Current state is Absent. Target state is Staged. Client id: WindowsUpdateAgent.","1","0",,"0","0","0","-9223372036854775808","484","Microsoft-Windows-Servicing","bd12f3b8-fc40-4a61-a307-b7a013a069c1","Setup","4088","3748","rjaf-PC4429","S-1-5-18","2/11/2015 12:28:12 AM",,,"c:\users\mac_1\desktop\winevt\logs\setup.evtx","System.UInt32[]","System.Diagnostics.Eventing.Reader.EventBookmark","Information","Info",,"System.Collections.ObjectModel.ReadOnlyCollection`1[System.String]","System.Collections.Generic.List`1[System.Diagnostics.Eventing.Reader.EventProperty]"
"Package KB2977759 was successfully changed to the Installed state.","2","0",,"0","0","0","-9223372036854775808","483","Microsoft-Windows-Servicing","bd12f3b8-fc40-4a61-a307-b7a013a069c1","Setup","1152","1320","rjaf-PC4429","S-1-5-18","12/11/2014 5:19:52 PM",,,"c:\users\mac_1\desktop\winevt\logs\setup.evtx","System.UInt32[]","System.Diagnostics.Eventing.Reader.EventBookmark","Information","Info",,"System.Collections.ObjectModel.ReadOnlyCollection`1[System.String]","System.Collections.Generic.List`1[System.Diagnostics.Eventing.Reader.EventProperty]"
"A reboot is necessary before package KB2977759 can be changed to the Installed state.","4","0",,"0","0","0","-9223372036854775808","482","Microsoft-Windows-Servicing","bd12f3b8-fc40-4a61-a307-b7a013a069c1","Setup","3288","3036","rjaf-PC4429","S-1-5-18","12/11/2014 5:04:05 PM",,,"c:\users\mac_1\desktop\winevt\logs\setup.evtx","System.UInt32[]","System.Diagnostics.Eventing.Reader.EventBookmark","Information","Info",,"System.Collections.ObjectModel.ReadOnlyCollection`1[System.String]","System.Collections.Generic.List`1[System.Diagnostics.Eventing.Reader.EventProperty]"
"Initiating changes for package KB2977759. Current state is Absent. Target state is Installed. Client id: WindowsUpdateAgent.","1","0",,"0","0","0","-9223372036854775808","481","Microsoft-Windows-Servicing","bd12f3b8-fc40-4a61-a307-b7a013a069c1","Setup","3288","3036","rjaf-PC4429","S-1-5-18","12/11/2014 5:03:57 PM",,,"c:\users\mac_1\desktop\winevt\logs\setup.evtx","System.UInt32[]","System.Diagnostics.Eventing.Reader.EventBookmark","Information","Info",,"System.Collections.ObjectModel.ReadOnlyCollection`1[System.String]","System.Collections.Generic.List`1[System.Diagnostics.Eventing.Reader.EventProperty]"
"Package KB3015428 was successfully changed to the Installed state.","2","0",,"0","0","0","-9223372036854775808","480","Microsoft-Windows-Servicing","bd12f3b8-fc40-4a61-a307-b7a013a069c1","Setup","3288","3036","rjaf-PC4429","S-1-5-18","12/11/2014 5:00:50 PM",,,"c:\users\mac_1\desktop\winevt\logs\setup.evtx","System.UInt32[]","System.Diagnostics.Eventing.Reader.EventBookmark","Information","Info",,"System.Collections.ObjectModel.ReadOnlyCollection`1[System.String]","System.Collections.Generic.List`1[System.Diagnostics.Eventing.Reader.EventProperty]"
"Initiating changes for package KB3015428. Current state is Absent. Target state is Installed. Client id: WindowsUpdateAgent.","1","0",,"0","0","0","-9223372036854775808","479","Microsoft-Windows-Servicing","bd12f3b8-fc40-4a61-a307-b7a013a069c1","Setup","3288","3036","rjaf-PC4429","S-1-5-18","12/11/2014 5:00:32 PM",,,"c:\users\mac_1\desktop\winevt\logs\setup.evtx","System.UInt32[]","System.Diagnostics.Eventing.Reader.EventBookmark","Information","Info",,"System.Collections.ObjectModel.ReadOnlyCollection`1[System.String]","System.Collections.Generic.List`1[System.Diagnostics.Eventing.Reader.EventProperty]"
"Package KB3004469 was successfully changed to the Installed state.","2","0",,"0","0","0","-9223372036854775808","478","Microsoft-Windows-Servicing","bd12f3b8-fc40-4a61-a307-b7a013a069c1","Setup","2372","3296","rjaf-PC4429","S-1-5-18","11/26/2014 11:33:49 AM",,,"c:\users\mac_1\desktop\winevt\logs\setup.evtx","System.UInt32[]","System.Diagnostics.Eventing.Reader.EventBookmark","Information","Info",,"System.Collections.ObjectModel.ReadOnlyCollection`1[System.String]","System.Collections.Generic.List`1[System.Diagnostics.Eventing.Reader.EventProperty]"
"Initiating changes for package KB3004469. Current state is Absent. Target state is Installed. Client id: WindowsUpdateAgent.","1","0",,"0","0","0","-9223372036854775808","477","Microsoft-Windows-Servicing","bd12f3b8-fc40-4a61-a307-b7a013a069c1","Setup","2372","3296","rjaf-PC4429","S-1-5-18","11/26/2014 11:33:46 AM",,,"c:\users\mac_1\desktop\winevt\logs\setup.evtx","System.UInt32[]","System.Diagnostics.Eventing.Reader.EventBookmark","Information","Info",,"System.Collections.ObjectModel.ReadOnlyCollection`1[System.String]","System.Collections.Generic.List`1[System.Diagnostics.Eventing.Reader.EventProperty]"
"Package KB2534366 was successfully changed to the Installed state.","2","0",,"0","0","0","-9223372036854775808","476","Microsoft-Windows-Servicing","bd12f3b8-fc40-4a61-a307-b7a013a069c1","Setup","2540","4860","rjaf-PC4429","S-1-5-18","11/15/2014 5:00:47 PM",,,"c:\users\mac_1\desktop\winevt\logs\setup.evtx","System.UInt32[]","System.Diagnostics.Eventing.Reader.EventBookmark","Information","Info",,"System.Collections.ObjectModel.ReadOnlyCollection`1[System.String]","System.Collections.Generic.List`1[System.Diagnostics.Eventing.Reader.EventProperty]"
"Initiating changes for package KB2534366. Current state is Resolved. Target state is Installed. Client id: WindowsUpdateAgent.","1","0",,"0","0","0","-9223372036854775808","475","Microsoft-Windows-Servicing","bd12f3b8-fc40-4a61-a307-b7a013a069c1","Setup","2540","4860","rjaf-PC4429","S-1-5-18","11/15/2014 5:00:32 PM",,,"c:\users\mac_1\desktop\winevt\logs\setup.evtx","System.UInt32[]","System.Diagnostics.Eventing.Reader.EventBookmark","Information","Info",,"System.Collections.ObjectModel.ReadOnlyCollection`1[System.String]","System.Collections.Generic.List`1[System.Diagnostics.Eventing.Reader.EventProperty]"
"Package KB2534366 failed to be changed to the Staged state. Status: 0x800f0816.","3","0",,"0","0","0","-9223372036854775808","474","Microsoft-Windows-Servicing","bd12f3b8-fc40-4a61-a307-b7a013a069c1","Setup","2540","1408","rjaf-PC4429","S-1-5-18","11/15/2014 2:59:08 AM",,,"c:\users\mac_1\desktop\winevt\logs\setup.evtx","System.UInt32[]","System.Diagnostics.Eventing.Reader.EventBookmark","Information","Info",,"System.Collections.ObjectModel.ReadOnlyCollection`1[System.String]","System.Collections.Generic.List`1[System.Diagnostics.Eventing.Reader.EventProperty]"
"Initiating changes for package KB2534366. Current state is Absent. Target state is Staged. Client id: WindowsUpdateAgent.","1","0",,"0","0","0","-9223372036854775808","473","Microsoft-Windows-Servicing","bd12f3b8-fc40-4a61-a307-b7a013a069c1","Setup","2540","1408","rjaf-PC4429","S-1-5-18","11/15/2014 2:59:06 AM",,,"c:\users\mac_1\desktop\winevt\logs\setup.evtx","System.UInt32[]","System.Diagnostics.Eventing.Reader.EventBookmark","Information","Info",,"System.Collections.ObjectModel.ReadOnlyCollection`1[System.String]","System.Collections.Generic.List`1[System.Diagnostics.Eventing.Reader.EventProperty]"
"Package KB2977759 was successfully changed to the Installed state.","2","0",,"0","0","0","-9223372036854775808","472","Microsoft-Windows-Servicing","bd12f3b8-fc40-4a61-a307-b7a013a069c1","Setup","3436","3388","rjaf-PC4429","S-1-5-18","11/12/2014 1:27:33 PM",,,"c:\users\mac_1\desktop\winevt\logs\setup.evtx","System.UInt32[]","System.Diagnostics.Eventing.Reader.EventBookmark","Information","Info",,"System.Collections.ObjectModel.ReadOnlyCollection`1[System.String]","System.Collections.Generic.List`1[System.Diagnostics.Eventing.Reader.EventProperty]"
"Initiating changes for package KB2977759. Current state is Resolved. Target state is Installed. Client id: WindowsUpdateAgent.","1","0",,"0","0","0","-9223372036854775808","471","Microsoft-Windows-Servicing","bd12f3b8-fc40-4a61-a307-b7a013a069c1","Setup","3436","3388","rjaf-PC4429","S-1-5-18","11/12/2014 1:27:30 PM",,,"c:\users\mac_1\desktop\winevt\logs\setup.evtx","System.UInt32[]","System.Diagnostics.Eventing.Reader.EventBookmark","Information","Info",,"System.Collections.ObjectModel.ReadOnlyCollection`1[System.String]","System.Collections.Generic.List`1[System.Diagnostics.Eventing.Reader.EventProperty]"
"Package KB2977759 failed to be changed to the Staged state. Status: 0x800f0816.","3","0",,"0","0","0","-9223372036854775808","470","Microsoft-Windows-Servicing","bd12f3b8-fc40-4a61-a307-b7a013a069c1","Setup","3136","2212","rjaf-PC4429","S-1-5-18","11/11/2014 11:11:23 PM",,,"c:\users\mac_1\desktop\winevt\logs\setup.evtx","System.UInt32[]","System.Diagnostics.Eventing.Reader.EventBookmark","Information","Info",,"System.Collections.ObjectModel.ReadOnlyCollection`1[System.String]","System.Collections.Generic.List`1[System.Diagnostics.Eventing.Reader.EventProperty]"
"Initiating changes for package KB2977759. Current state is Absent. Target state is Staged. Client id: WindowsUpdateAgent.","1","0",,"0","0","0","-9223372036854775808","469","Microsoft-Windows-Servicing","bd12f3b8-fc40-4a61-a307-b7a013a069c1","Setup","3136","2212","rjaf-PC4429","S-1-5-18","11/11/2014 11:11:20 PM",,,"c:\users\mac_1\desktop\winevt\logs\setup.evtx","System.UInt32[]","System.Diagnostics.Eventing.Reader.EventBookmark","Information","Info",,"System.Collections.ObjectModel.ReadOnlyCollection`1[System.String]","System.Collections.Generic.List`1[System.Diagnostics.Eventing.Reader.EventProperty]"
"Package KB2977759 was successfully changed to the Installed state.","2","0",,"0","0","0","-9223372036854775808","468","Microsoft-Windows-Servicing","bd12f3b8-fc40-4a61-a307-b7a013a069c1","Setup","1140","1436","rjaf-PC4429","S-1-5-18","10/17/2014 10:51:13 AM",,,"c:\users\mac_1\desktop\winevt\logs\setup.evtx","System.UInt32[]","System.Diagnostics.Eventing.Reader.EventBookmark","Information","Info",,"System.Collections.ObjectModel.ReadOnlyCollection`1[System.String]","System.Collections.Generic.List`1[System.Diagnostics.Eventing.Reader.EventProperty]"
"Package KB2998812 was successfully changed to the Installed state.","2","0",,"0","0","0","-9223372036854775808","467","Microsoft-Windows-Servicing","bd12f3b8-fc40-4a61-a307-b7a013a069c1","Setup","1140","1436","rjaf-PC4429","S-1-5-18","10/17/2014 10:51:13 AM",,,"c:\users\mac_1\desktop\winevt\logs\setup.evtx","System.UInt32[]","System.Diagnostics.Eventing.Reader.EventBookmark","Information","Info",,"System.Collections.ObjectModel.ReadOnlyCollection`1[System.String]","System.Collections.Generic.List`1[System.Diagnostics.Eventing.Reader.EventProperty]"
"A reboot is necessary before package KB2977759 can be changed to the Installed state.","4","0",,"0","0","0","-9223372036854775808","466","Microsoft-Windows-Servicing","bd12f3b8-fc40-4a61-a307-b7a013a069c1","Setup","3468","388","rjaf-PC4429","S-1-5-18","10/16/2014 2:26:08 AM",,,"c:\users\mac_1\desktop\winevt\logs\setup.evtx","System.UInt32[]","System.Diagnostics.Eventing.Reader.EventBookmark","Information","Info",,"System.Collections.ObjectModel.ReadOnlyCollection`1[System.String]","System.Collections.Generic.List`1[System.Diagnostics.Eventing.Reader.EventProperty]"
"Initiating changes for package KB2977759. Current state is Absent. Target state is Installed. Client id: WindowsUpdateAgent.","1","0",,"0","0","0","-9223372036854775808","465","Microsoft-Windows-Servicing","bd12f3b8-fc40-4a61-a307-b7a013a069c1","Setup","3468","388","rjaf-PC4429","S-1-5-18","10/16/2014 2:26:04 AM",,,"c:\users\mac_1\desktop\winevt\logs\setup.evtx","System.UInt32[]","System.Diagnostics.Eventing.Reader.EventBookmark","Information","Info",,"System.Collections.ObjectModel.ReadOnlyCollection`1[System.String]","System.Collections.Generic.List`1[System.Diagnostics.Eventing.Reader.EventProperty]"
"A reboot is necessary before package KB2998812 can be changed to the Installed state.","4","0",,"0","0","0","-9223372036854775808","464","Microsoft-Windows-Servicing","bd12f3b8-fc40-4a61-a307-b7a013a069c1","Setup","3468","388","rjaf-PC4429","S-1-5-18","10/16/2014 2:26:04 AM",,,"c:\users\mac_1\desktop\winevt\logs\setup.evtx","System.UInt32[]","System.Diagnostics.Eventing.Reader.EventBookmark","Information","Info",,"System.Collections.ObjectModel.ReadOnlyCollection`1[System.String]","System.Collections.Generic.List`1[System.Diagnostics.Eventing.Reader.EventProperty]"
"Initiating changes for package KB2998812. Current state is Absent. Target state is Installed. Client id: WindowsUpdateAgent.","1","0",,"0","0","0","-9223372036854775808","463","Microsoft-Windows-Servicing","bd12f3b8-fc40-4a61-a307-b7a013a069c1","Setup","3468","388","rjaf-PC4429","S-1-5-18","10/16/2014 2:25:59 AM",,,"c:\users\mac_1\desktop\winevt\logs\setup.evtx","System.UInt32[]","System.Diagnostics.Eventing.Reader.EventBookmark","Information","Info",,"System.Collections.ObjectModel.ReadOnlyCollection`1[System.String]","System.Collections.Generic.List`1[System.Diagnostics.Eventing.Reader.EventProperty]"
"Package KB2977759 was successfully changed to the Installed state.","2","0",,"0","0","0","-9223372036854775808","462","Microsoft-Windows-Servicing","bd12f3b8-fc40-4a61-a307-b7a013a069c1","Setup","3152","432","rjaf-PC4429","S-1-5-18","9/11/2014 5:02:16 PM",,,"c:\users\mac_1\desktop\winevt\logs\setup.evtx","System.UInt32[]","System.Diagnostics.Eventing.Reader.EventBookmark","Information","Info",,"System.Collections.ObjectModel.ReadOnlyCollection`1[System.String]","System.Collections.Generic.List`1[System.Diagnostics.Eventing.Reader.EventProperty]"
"Initiating changes for package KB2977759. Current state is Absent. Target state is Installed. Client id: WindowsUpdateAgent.","1","0",,"0","0","0","-9223372036854775808","461","Microsoft-Windows-Servicing","bd12f3b8-fc40-4a61-a307-b7a013a069c1","Setup","3152","432","rjaf-PC4429","S-1-5-18","9/11/2014 5:02:10 PM",,,"c:\users\mac_1\desktop\winevt\logs\setup.evtx","System.UInt32[]","System.Diagnostics.Eventing.Reader.EventBookmark","Information","Info",,"System.Collections.ObjectModel.ReadOnlyCollection`1[System.String]","System.Collections.Generic.List`1[System.Diagnostics.Eventing.Reader.EventProperty]"
"Package KB2977759 was successfully changed to the Installed state.","2","0",,"0","0","0","-9223372036854775808","460","Microsoft-Windows-Servicing","bd12f3b8-fc40-4a61-a307-b7a013a069c1","Setup","2104","1072","rjaf-PC4429","S-1-5-18","8/13/2014 5:00:26 PM",,,"c:\users\mac_1\desktop\winevt\logs\setup.evtx","System.UInt32[]","System.Diagnostics.Eventing.Reader.EventBookmark","Information","Info",,"System.Collections.ObjectModel.ReadOnlyCollection`1[System.String]","System.Collections.Generic.List`1[System.Diagnostics.Eventing.Reader.EventProperty]"
"Initiating changes for package KB2977759. Current state is Resolved. Target state is Installed. Client id: WindowsUpdateAgent.","1","0",,"0","0","0","-9223372036854775808","459","Microsoft-Windows-Servicing","bd12f3b8-fc40-4a61-a307-b7a013a069c1","Setup","2104","1072","rjaf-PC4429","S-1-5-18","8/13/2014 5:00:17 PM",,,"c:\users\mac_1\desktop\winevt\logs\setup.evtx","System.UInt32[]","System.Diagnostics.Eventing.Reader.EventBookmark","Information","Info",,"System.Collections.ObjectModel.ReadOnlyCollection`1[System.String]","System.Collections.Generic.List`1[System.Diagnostics.Eventing.Reader.EventProperty]"
"Package KB2977759 failed to be changed to the Staged state. Status: 0x800f0816.","3","0",,"0","0","0","-9223372036854775808","458","Microsoft-Windows-Servicing","bd12f3b8-fc40-4a61-a307-b7a013a069c1","Setup","3072","1380","rjaf-PC4429","S-1-5-18","8/13/2014 7:11:43 AM",,,"c:\users\mac_1\desktop\winevt\logs\setup.evtx","System.UInt32[]","System.Diagnostics.Eventing.Reader.EventBookmark","Information","Info",,"System.Collections.ObjectModel.ReadOnlyCollection`1[System.String]","System.Collections.Generic.List`1[System.Diagnostics.Eventing.Reader.EventProperty]"
"Initiating changes for package KB2977759. Current state is Absent. Target state is Staged. Client id: WindowsUpdateAgent.","1","0",,"0","0","0","-9223372036854775808","457","Microsoft-Windows-Servicing","bd12f3b8-fc40-4a61-a307-b7a013a069c1","Setup","3072","1380","rjaf-PC4429","S-1-5-18","8/13/2014 7:11:40 AM",,,"c:\users\mac_1\desktop\winevt\logs\setup.evtx","System.UInt32[]","System.Diagnostics.Eventing.Reader.EventBookmark","Information","Info",,"System.Collections.ObjectModel.ReadOnlyCollection`1[System.String]","System.Collections.Generic.List`1[System.Diagnostics.Eventing.Reader.EventProperty]"
"Package KB2977759 was successfully changed to the Installed state.","2","0",,"0","0","0","-9223372036854775808","456","Microsoft-Windows-Servicing","bd12f3b8-fc40-4a61-a307-b7a013a069c1","Setup","2616","3292","rjaf-PC4429","S-1-5-18","7/16/2014 12:46:05 AM",,,"c:\users\mac_1\desktop\winevt\logs\setup.evtx","System.UInt32[]","System.Diagnostics.Eventing.Reader.EventBookmark","Information","Info",,"System.Collections.ObjectModel.ReadOnlyCollection`1[System.String]","System.Collections.Generic.List`1[System.Diagnostics.Eventing.Reader.EventProperty]"
"Initiating changes for package KB2977759. Current state is Absent. Target state is Installed. Client id: WindowsUpdateAgent.","1","0",,"0","0","0","-9223372036854775808","455","Microsoft-Windows-Servicing","bd12f3b8-fc40-4a61-a307-b7a013a069c1","Setup","2616","3292","rjaf-PC4429","S-1-5-18","7/16/2014 12:45:56 AM",,,"c:\users\mac_1\desktop\winevt\logs\setup.evtx","System.UInt32[]","System.Diagnostics.Eventing.Reader.EventBookmark","Information","Info",,"System.Collections.ObjectModel.ReadOnlyCollection`1[System.String]","System.Collections.Generic.List`1[System.Diagnostics.Eventing.Reader.EventProperty]"
"Package KB976422 was successfully changed to the Installed state.","2","0",,"0","0","0","-9223372036854775808","454","Microsoft-Windows-Servicing","bd12f3b8-fc40-4a61-a307-b7a013a069c1","Setup","1072","1752","rjaf-PC4429","S-1-5-18","12/15/2013 11:11:17 PM",,,"c:\users\mac_1\desktop\winevt\logs\setup.evtx","System.UInt32[]","System.Diagnostics.Eventing.Reader.EventBookmark","Information","Info",,"System.Collections.ObjectModel.ReadOnlyCollection`1[System.String]","System.Collections.Generic.List`1[System.Diagnostics.Eventing.Reader.EventProperty]"
"A reboot is necessary before package KB976422 can be changed to the Installed state.","4","0",,"0","0","0","-9223372036854775808","453","Microsoft-Windows-Servicing","bd12f3b8-fc40-4a61-a307-b7a013a069c1","Setup","312","3800","rjaf-PC4429","S-1-5-18","12/15/2013 11:07:43 PM",,,"c:\users\mac_1\desktop\winevt\logs\setup.evtx","System.UInt32[]","System.Diagnostics.Eventing.Reader.EventBookmark","Information","Info",,"System.Collections.ObjectModel.ReadOnlyCollection`1[System.String]","System.Collections.Generic.List`1[System.Diagnostics.Eventing.Reader.EventProperty]"
"Initiating changes for package KB976422. Current state is Absent. Target state is Installed. Client id: WindowsUpdateAgent.","1","0",,"0","0","0","-9223372036854775808","452","Microsoft-Windows-Servicing","bd12f3b8-fc40-4a61-a307-b7a013a069c1","Setup","312","3800","rjaf-PC4429","S-1-5-18","12/15/2013 11:07:31 PM",,,"c:\users\mac_1\desktop\winevt\logs\setup.evtx","System.UInt32[]","System.Diagnostics.Eventing.Reader.EventBookmark","Information","Info",,"System.Collections.ObjectModel.ReadOnlyCollection`1[System.String]","System.Collections.Generic.List`1[System.Diagnostics.Eventing.Reader.EventProperty]"
"Package KB2529073 was successfully changed to the Installed state.","2","0",,"0","0","0","-9223372036854775808","451","Microsoft-Windows-Servicing","bd12f3b8-fc40-4a61-a307-b7a013a069c1","Setup","1068","1344","rjaf-PC4429","S-1-5-18","12/13/2013 2:17:48 AM",,,"c:\users\mac_1\desktop\winevt\logs\setup.evtx","System.UInt32[]","System.Diagnostics.Eventing.Reader.EventBookmark","Information","Info",,"System.Collections.ObjectModel.ReadOnlyCollection`1[System.String]","System.Collections.Generic.List`1[System.Diagnostics.Eventing.Reader.EventProperty]"
"Package KB982018 was successfully changed to the Installed state.","2","0",,"0","0","0","-9223372036854775808","450","Microsoft-Windows-Servicing","bd12f3b8-fc40-4a61-a307-b7a013a069c1","Setup","1068","1344","rjaf-PC4429","S-1-5-18","12/13/2013 2:17:48 AM",,,"c:\users\mac_1\desktop\winevt\logs\setup.evtx","System.UInt32[]","System.Diagnostics.Eventing.Reader.EventBookmark","Information","Info",,"System.Collections.ObjectModel.ReadOnlyCollection`1[System.String]","System.Collections.Generic.List`1[System.Diagnostics.Eventing.Reader.EventProperty]"
"Package KB2532531 was successfully changed to the Installed state.","2","0",,"0","0","0","-9223372036854775808","449","Microsoft-Windows-Servicing","bd12f3b8-fc40-4a61-a307-b7a013a069c1","Setup","1068","1344","rjaf-PC4429","S-1-5-18","12/13/2013 2:17:48 AM",,,"c:\users\mac_1\desktop\winevt\logs\setup.evtx","System.UInt32[]","System.Diagnostics.Eventing.Reader.EventBookmark","Information","Info",,"System.Collections.ObjectModel.ReadOnlyCollection`1[System.String]","System.Collections.Generic.List`1[System.Diagnostics.Eventing.Reader.EventProperty]"
"Package KB2732487 was successfully changed to the Installed state.","2","0",,"0","0","0","-9223372036854775808","448","Microsoft-Windows-Servicing","bd12f3b8-fc40-4a61-a307-b7a013a069c1","Setup","1068","1344","rjaf-PC4429","S-1-5-18","12/13/2013 2:17:48 AM",,,"c:\users\mac_1\desktop\winevt\logs\setup.evtx","System.UInt32[]","System.Diagnostics.Eventing.Reader.EventBookmark","Information","Info",,"System.Collections.ObjectModel.ReadOnlyCollection`1[System.String]","System.Collections.Generic.List`1[System.Diagnostics.Eventing.Reader.EventProperty]"
"A reboot is necessary before package KB2529073 can be changed to the Installed state.","4","0",,"0","0","0","-9223372036854775808","447","Microsoft-Windows-Servicing","bd12f3b8-fc40-4a61-a307-b7a013a069c1","Setup","1204","308","rjaf-PC4429","S-1-5-18","12/12/2013 10:58:18 AM",,,"c:\users\mac_1\desktop\winevt\logs\setup.evtx","System.UInt32[]","System.Diagnostics.Eventing.Reader.EventBookmark","Information","Info",,"System.Collections.ObjectModel.ReadOnlyCollection`1[System.String]","System.Collections.Generic.List`1[System.Diagnostics.Eventing.Reader.EventProperty]"
"Initiating changes for package KB2529073. Current state is Resolved. Target state is Installed. Client id: WindowsUpdateAgent.","1","0",,"0","0","0","-9223372036854775808","446","Microsoft-Windows-Servicing","bd12f3b8-fc40-4a61-a307-b7a013a069c1","Setup","1204","308","rjaf-PC4429","S-1-5-18","12/12/2013 10:58:17 AM",,,"c:\users\mac_1\desktop\winevt\logs\setup.evtx","System.UInt32[]","System.Diagnostics.Eventing.Reader.EventBookmark","Information","Info",,"System.Collections.ObjectModel.ReadOnlyCollection`1[System.String]","System.Collections.Generic.List`1[System.Diagnostics.Eventing.Reader.EventProperty]"
"A reboot is necessary before package KB982018 can be changed to the Installed state.","4","0",,"0","0","0","-9223372036854775808","445","Microsoft-Windows-Servicing","bd12f3b8-fc40-4a61-a307-b7a013a069c1","Setup","1204","308","rjaf-PC4429","S-1-5-18","12/12/2013 10:58:16 AM",,,"c:\users\mac_1\desktop\winevt\logs\setup.evtx","System.UInt32[]","System.Diagnostics.Eventing.Reader.EventBookmark","Information","Info",,"System.Collections.ObjectModel.ReadOnlyCollection`1[System.String]","System.Collections.Generic.List`1[System.Diagnostics.Eventing.Reader.EventProperty]"
"Initiating changes for package KB982018. Current state is Resolved. Target state is Installed. Client id: WindowsUpdateAgent.","1","0",,"0","0","0","-9223372036854775808","444","Microsoft-Windows-Servicing","bd12f3b8-fc40-4a61-a307-b7a013a069c1","Setup","1204","308","rjaf-PC4429","S-1-5-18","12/12/2013 10:58:12 AM",,,"c:\users\mac_1\desktop\winevt\logs\setup.evtx","System.UInt32[]","System.Diagnostics.Eventing.Reader.EventBookmark","Information","Info",,"System.Collections.ObjectModel.ReadOnlyCollection`1[System.String]","System.Collections.Generic.List`1[System.Diagnostics.Eventing.Reader.EventProperty]"
"A reboot is necessary before package KB2532531 can be changed to the Installed state.","4","0",,"0","0","0","-9223372036854775808","443","Microsoft-Windows-Servicing","bd12f3b8-fc40-4a61-a307-b7a013a069c1","Setup","1204","308","rjaf-PC4429","S-1-5-18","12/12/2013 10:58:11 AM",,,"c:\users\mac_1\desktop\winevt\logs\setup.evtx","System.UInt32[]","System.Diagnostics.Eventing.Reader.EventBookmark","Information","Info",,"System.Collections.ObjectModel.ReadOnlyCollection`1[System.String]","System.Collections.Generic.List`1[System.Diagnostics.Eventing.Reader.EventProperty]"
"Initiating changes for package KB2532531. Current state is Resolved. Target state is Installed. Client id: WindowsUpdateAgent.","1","0",,"0","0","0","-9223372036854775808","442","Microsoft-Windows-Servicing","bd12f3b8-fc40-4a61-a307-b7a013a069c1","Setup","1204","308","rjaf-PC4429","S-1-5-18","12/12/2013 10:58:10 AM",,,"c:\users\mac_1\desktop\winevt\logs\setup.evtx","System.UInt32[]","System.Diagnostics.Eventing.Reader.EventBookmark","Information","Info",,"System.Collections.ObjectModel.ReadOnlyCollection`1[System.String]","System.Collections.Generic.List`1[System.Diagnostics.Eventing.Reader.EventProperty]"
"A reboot is necessary before package KB2732487 can be changed to the Installed state.","4","0",,"0","0","0","-9223372036854775808","441","Microsoft-Windows-Servicing","bd12f3b8-fc40-4a61-a307-b7a013a069c1","Setup","1204","308","rjaf-PC4429","S-1-5-18","12/12/2013 10:58:09 AM",,,"c:\users\mac_1\desktop\winevt\logs\setup.evtx","System.UInt32[]","System.Diagnostics.Eventing.Reader.EventBookmark","Information","Info",,"System.Collections.ObjectModel.ReadOnlyCollection`1[System.String]","System.Collections.Generic.List`1[System.Diagnostics.Eventing.Reader.EventProperty]"
"Initiating changes for package KB2732487. Current state is Resolved. Target state is Installed. Client id: WindowsUpdateAgent.","1","0",,"0","0","0","-9223372036854775808","440","Microsoft-Windows-Servicing","bd12f3b8-fc40-4a61-a307-b7a013a069c1","Setup","1204","308","rjaf-PC4429","S-1-5-18","12/12/2013 10:58:06 AM",,,"c:\users\mac_1\desktop\winevt\logs\setup.evtx","System.UInt32[]","System.Diagnostics.Eventing.Reader.EventBookmark","Information","Info",,"System.Collections.ObjectModel.ReadOnlyCollection`1[System.String]","System.Collections.Generic.List`1[System.Diagnostics.Eventing.Reader.EventProperty]"
"Package KB2529073 failed to be changed to the Staged state. Status: 0x800f0816.","3","0",,"0","0","0","-9223372036854775808","439","Microsoft-Windows-Servicing","bd12f3b8-fc40-4a61-a307-b7a013a069c1","Setup","3532","3344","rjaf-PC4429","S-1-5-18","12/12/2013 9:41:07 AM",,,"c:\users\mac_1\desktop\winevt\logs\setup.evtx","System.UInt32[]","System.Diagnostics.Eventing.Reader.EventBookmark","Information","Info",,"System.Collections.ObjectModel.ReadOnlyCollection`1[System.String]","System.Collections.Generic.List`1[System.Diagnostics.Eventing.Reader.EventProperty]"
"Initiating changes for package KB2529073. Current state is Absent. Target state is Staged. Client id: WindowsUpdateAgent.","1","0",,"0","0","0","-9223372036854775808","438","Microsoft-Windows-Servicing","bd12f3b8-fc40-4a61-a307-b7a013a069c1","Setup","3532","3344","rjaf-PC4429","S-1-5-18","12/12/2013 9:41:06 AM",,,"c:\users\mac_1\desktop\winevt\logs\setup.evtx","System.UInt32[]","System.Diagnostics.Eventing.Reader.EventBookmark","Information","Info",,"System.Collections.ObjectModel.ReadOnlyCollection`1[System.String]","System.Collections.Generic.List`1[System.Diagnostics.Eventing.Reader.EventProperty]"
"Package KB982018 failed to be changed to the Staged state. Status: 0x800f0816.","3","0",,"0","0","0","-9223372036854775808","437","Microsoft-Windows-Servicing","bd12f3b8-fc40-4a61-a307-b7a013a069c1","Setup","3532","3344","rjaf-PC4429","S-1-5-18","12/12/2013 9:41:03 AM",,,"c:\users\mac_1\desktop\winevt\logs\setup.evtx","System.UInt32[]","System.Diagnostics.Eventing.Reader.EventBookmark","Information","Info",,"System.Collections.ObjectModel.ReadOnlyCollection`1[System.String]","System.Collections.Generic.List`1[System.Diagnostics.Eventing.Reader.EventProperty]"
"Initiating changes for package KB982018. Current state is Absent. Target state is Staged. Client id: WindowsUpdateAgent.","1","0",,"0","0","0","-9223372036854775808","436","Microsoft-Windows-Servicing","bd12f3b8-fc40-4a61-a307-b7a013a069c1","Setup","3532","3344","rjaf-PC4429","S-1-5-18","12/12/2013 9:40:56 AM",,,"c:\users\mac_1\desktop\winevt\logs\setup.evtx","System.UInt32[]","System.Diagnostics.Eventing.Reader.EventBookmark","Information","Info",,"System.Collections.ObjectModel.ReadOnlyCollection`1[System.String]","System.Collections.Generic.List`1[System.Diagnostics.Eventing.Reader.EventProperty]"
"Package KB2532531 failed to be changed to the Staged state. Status: 0x800f0816.","3","0",,"0","0","0","-9223372036854775808","435","Microsoft-Windows-Servicing","bd12f3b8-fc40-4a61-a307-b7a013a069c1","Setup","3532","3344","rjaf-PC4429","S-1-5-18","12/12/2013 9:40:20 AM",,,"c:\users\mac_1\desktop\winevt\logs\setup.evtx","System.UInt32[]","System.Diagnostics.Eventing.Reader.EventBookmark","Information","Info",,"System.Collections.ObjectModel.ReadOnlyCollection`1[System.String]","System.Collections.Generic.List`1[System.Diagnostics.Eventing.Reader.EventProperty]"
"Initiating changes for package KB2532531. Current state is Absent. Target state is Staged. Client id: WindowsUpdateAgent.","1","0",,"0","0","0","-9223372036854775808","434","Microsoft-Windows-Servicing","bd12f3b8-fc40-4a61-a307-b7a013a069c1","Setup","3532","3344","rjaf-PC4429","S-1-5-18","12/12/2013 9:40:18 AM",,,"c:\users\mac_1\desktop\winevt\logs\setup.evtx","System.UInt32[]","System.Diagnostics.Eventing.Reader.EventBookmark","Information","Info",,"System.Collections.ObjectModel.ReadOnlyCollection`1[System.String]","System.Collections.Generic.List`1[System.Diagnostics.Eventing.Reader.EventProperty]"
"Package KB2732487 failed to be changed to the Staged state. Status: 0x800f0816.","3","0",,"0","0","0","-9223372036854775808","433","Microsoft-Windows-Servicing","bd12f3b8-fc40-4a61-a307-b7a013a069c1","Setup","3532","3344","rjaf-PC4429","S-1-5-18","12/12/2013 9:40:11 AM",,,"c:\users\mac_1\desktop\winevt\logs\setup.evtx","System.UInt32[]","System.Diagnostics.Eventing.Reader.EventBookmark","Information","Info",,"System.Collections.ObjectModel.ReadOnlyCollection`1[System.String]","System.Collections.Generic.List`1[System.Diagnostics.Eventing.Reader.EventProperty]"
"Initiating changes for package KB2732487. Current state is Absent. Target state is Staged. Client id: WindowsUpdateAgent.","1","0",,"0","0","0","-9223372036854775808","432","Microsoft-Windows-Servicing","bd12f3b8-fc40-4a61-a307-b7a013a069c1","Setup","3532","3344","rjaf-PC4429","S-1-5-18","12/12/2013 9:40:09 AM",,,"c:\users\mac_1\desktop\winevt\logs\setup.evtx","System.UInt32[]","System.Diagnostics.Eventing.Reader.EventBookmark","Information","Info",,"System.Collections.ObjectModel.ReadOnlyCollection`1[System.String]","System.Collections.Generic.List`1[System.Diagnostics.Eventing.Reader.EventProperty]"
"Package KB979687 was successfully changed to the Installed state.","2","0",,"0","0","0","-9223372036854775808","431","Microsoft-Windows-Servicing","bd12f3b8-fc40-4a61-a307-b7a013a069c1","Setup","992","1248","rjaf-PC4429","S-1-5-18","12/11/2013 3:36:49 AM",,,"c:\users\mac_1\desktop\winevt\logs\setup.evtx","System.UInt32[]","System.Diagnostics.Eventing.Reader.EventBookmark","Information","Info",,"System.Collections.ObjectModel.ReadOnlyCollection`1[System.String]","System.Collections.Generic.List`1[System.Diagnostics.Eventing.Reader.EventProperty]"
"Package KB2753842 was successfully changed to the Installed state.","2","0",,"0","0","0","-9223372036854775808","430","Microsoft-Windows-Servicing","bd12f3b8-fc40-4a61-a307-b7a013a069c1","Setup","992","1248","rjaf-PC4429","S-1-5-18","12/11/2013 3:36:49 AM",,,"c:\users\mac_1\desktop\winevt\logs\setup.evtx","System.UInt32[]","System.Diagnostics.Eventing.Reader.EventBookmark","Information","Info",,"System.Collections.ObjectModel.ReadOnlyCollection`1[System.String]","System.Collections.Generic.List`1[System.Diagnostics.Eventing.Reader.EventProperty]"
"Package KB2840149 was successfully changed to the Installed state.","2","0",,"0","0","0","-9223372036854775808","429","Microsoft-Windows-Servicing","bd12f3b8-fc40-4a61-a307-b7a013a069c1","Setup","992","1248","rjaf-PC4429","S-1-5-18","12/11/2013 3:36:49 AM",,,"c:\users\mac_1\desktop\winevt\logs\setup.evtx","System.UInt32[]","System.Diagnostics.Eventing.Reader.EventBookmark","Information","Info",,"System.Collections.ObjectModel.ReadOnlyCollection`1[System.String]","System.Collections.Generic.List`1[System.Diagnostics.Eventing.Reader.EventProperty]"
"Package KB2786400 was successfully changed to the Installed state.","2","0",,"0","0","0","-9223372036854775808","428","Microsoft-Windows-Servicing","bd12f3b8-fc40-4a61-a307-b7a013a069c1","Setup","992","1248","rjaf-PC4429","S-1-5-18","12/11/2013 3:36:49 AM",,,"c:\users\mac_1\desktop\winevt\logs\setup.evtx","System.UInt32[]","System.Diagnostics.Eventing.Reader.EventBookmark","Information","Info",,"System.Collections.ObjectModel.ReadOnlyCollection`1[System.String]","System.Collections.Generic.List`1[System.Diagnostics.Eventing.Reader.EventProperty]"
"Package KB2536275 was successfully changed to the Installed state.","2","0",,"0","0","0","-9223372036854775808","427","Microsoft-Windows-Servicing","bd12f3b8-fc40-4a61-a307-b7a013a069c1","Setup","992","1248","rjaf-PC4429","S-1-5-18","12/11/2013 3:36:49 AM",,,"c:\users\mac_1\desktop\winevt\logs\setup.evtx","System.UInt32[]","System.Diagnostics.Eventing.Reader.EventBookmark","Information","Info",,"System.Collections.ObjectModel.ReadOnlyCollection`1[System.String]","System.Collections.Generic.List`1[System.Diagnostics.Eventing.Reader.EventProperty]"
"Package KB2503665 was successfully changed to the Installed state.","2","0",,"0","0","0","-9223372036854775808","426","Microsoft-Windows-Servicing","bd12f3b8-fc40-4a61-a307-b7a013a069c1","Setup","992","1248","rjaf-PC4429","S-1-5-18","12/11/2013 3:36:49 AM",,,"c:\users\mac_1\desktop\winevt\logs\setup.evtx","System.UInt32[]","System.Diagnostics.Eventing.Reader.EventBookmark","Information","Info",,"System.Collections.ObjectModel.ReadOnlyCollection`1[System.String]","System.Collections.Generic.List`1[System.Diagnostics.Eventing.Reader.EventProperty]"
"Package KB975467 was successfully changed to the Installed state.","2","0",,"0","0","0","-9223372036854775808","425","Microsoft-Windows-Servicing","bd12f3b8-fc40-4a61-a307-b7a013a069c1","Setup","992","1248","rjaf-PC4429","S-1-5-18","12/11/2013 3:36:49 AM",,,"c:\users\mac_1\desktop\winevt\logs\setup.evtx","System.UInt32[]","System.Diagnostics.Eventing.Reader.EventBookmark","Information","Info",,"System.Collections.ObjectModel.ReadOnlyCollection`1[System.String]","System.Collections.Generic.List`1[System.Diagnostics.Eventing.Reader.EventProperty]"
"Package KB2807986 was successfully changed to the Installed state.","2","0",,"0","0","0","-9223372036854775808","424","Microsoft-Windows-Servicing","bd12f3b8-fc40-4a61-a307-b7a013a069c1","Setup","992","1248","rjaf-PC4429","S-1-5-18","12/11/2013 3:36:49 AM",,,"c:\users\mac_1\desktop\winevt\logs\setup.evtx","System.UInt32[]","System.Diagnostics.Eventing.Reader.EventBookmark","Information","Info",,"System.Collections.ObjectModel.ReadOnlyCollection`1[System.String]","System.Collections.Generic.List`1[System.Diagnostics.Eventing.Reader.EventProperty]"
"Package KB2347290 was successfully changed to the Installed state.","2","0",,"0","0","0","-9223372036854775808","423","Microsoft-Windows-Servicing","bd12f3b8-fc40-4a61-a307-b7a013a069c1","Setup","992","1248","rjaf-PC4429","S-1-5-18","12/11/2013 3:36:49 AM",,,"c:\users\mac_1\desktop\winevt\logs\setup.evtx","System.UInt32[]","System.Diagnostics.Eventing.Reader.EventBookmark","Information","Info",,"System.Collections.ObjectModel.ReadOnlyCollection`1[System.String]","System.Collections.Generic.List`1[System.Diagnostics.Eventing.Reader.EventProperty]"
"Package KB2644615 was successfully changed to the Installed state.","2","0",,"0","0","0","-9223372036854775808","422","Microsoft-Windows-Servicing","bd12f3b8-fc40-4a61-a307-b7a013a069c1","Setup","992","1248","rjaf-PC4429","S-1-5-18","12/11/2013 3:36:49 AM",,,"c:\users\mac_1\desktop\winevt\logs\setup.evtx","System.UInt32[]","System.Diagnostics.Eventing.Reader.EventBookmark","Information","Info",,"System.Collections.ObjectModel.ReadOnlyCollection`1[System.String]","System.Collections.Generic.List`1[System.Diagnostics.Eventing.Reader.EventProperty]"
"Package KB2808735 was successfully changed to the Installed state.","2","0",,"0","0","0","-9223372036854775808","421","Microsoft-Windows-Servicing","bd12f3b8-fc40-4a61-a307-b7a013a069c1","Setup","992","1248","rjaf-PC4429","S-1-5-18","12/11/2013 3:36:49 AM",,,"c:\users\mac_1\desktop\winevt\logs\setup.evtx","System.UInt32[]","System.Diagnostics.Eventing.Reader.EventBookmark","Information","Info",,"System.Collections.ObjectModel.ReadOnlyCollection`1[System.String]","System.Collections.Generic.List`1[System.Diagnostics.Eventing.Reader.EventProperty]"
