"A reboot is necessary before package KB2727528 can be changed to the Installed state.","4","0",,"0","0","0","-9223372036854775808","76","Microsoft-Windows-Servicing","bd12f3b8-fc40-4a61-a307-b7a013a069c1","Setup","3500","2388","rjaf-PC4429","S-1-5-18","12/11/2013 12:55:50 AM",,,"c:\users\mac_1\desktop\winevt\logs\setup.evtx","System.UInt32[]","System.Diagnostics.Eventing.Reader.EventBookmark","Information","Info",,"System.Collections.ObjectModel.ReadOnlyCollection`1[System.String]","System.Collections.Generic.List`1[System.Diagnostics.Eventing.Reader.EventProperty]"
"Initiating changes for package KB2727528. Current state is Absent. Target state is Installed. Client id: WindowsUpdateAgent.","1","0",,"0","0","0","-9223372036854775808","75","Microsoft-Windows-Servicing","bd12f3b8-fc40-4a61-a307-b7a013a069c1","Setup","3500","2388","rjaf-PC4429","S-1-5-18","12/11/2013 12:55:40 AM",,,"c:\users\mac_1\desktop\winevt\logs\setup.evtx","System.UInt32[]","System.Diagnostics.Eventing.Reader.EventBookmark","Information","Info",,"System.Collections.ObjectModel.ReadOnlyCollection`1[System.String]","System.Collections.Generic.List`1[System.Diagnostics.Eventing.Reader.EventProperty]"
"A reboot is necessary before package KB2345886 can be changed to the Installed state.","4","0",,"0","0","0","-9223372036854775808","74","Microsoft-Windows-Servicing","bd12f3b8-fc40-4a61-a307-b7a013a069c1","Setup","3500","2388","rjaf-PC4429","S-1-5-18","12/11/2013 12:55:39 AM",,,"c:\users\mac_1\desktop\winevt\logs\setup.evtx","System.UInt32[]","System.Diagnostics.Eventing.Reader.EventBookmark","Information","Info",,"System.Collections.ObjectModel.ReadOnlyCollection`1[System.String]","System.Collections.Generic.List`1[System.Diagnostics.Eventing.Reader.EventProperty]"
"Initiating changes for package KB2345886. Current state is Absent. Target state is Installed. Client id: WindowsUpdateAgent.","1","0",,"0","0","0","-9223372036854775808","73","Microsoft-Windows-Servicing","bd12f3b8-fc40-4a61-a307-b7a013a069c1","Setup","3500","2388","rjaf-PC4429","S-1-5-18","12/11/2013 12:55:29 AM",,,"c:\users\mac_1\desktop\winevt\logs\setup.evtx","System.UInt32[]","System.Diagnostics.Eventing.Reader.EventBookmark","Information","Info",,"System.Collections.ObjectModel.ReadOnlyCollection`1[System.String]","System.Collections.Generic.List`1[System.Diagnostics.Eventing.Reader.EventProperty]"
"A reboot is necessary before package KB2393802 can be changed to the Installed state.","4","0",,"0","0","0","-9223372036854775808","72","Microsoft-Windows-Servicing","bd12f3b8-fc40-4a61-a307-b7a013a069c1","Setup","3500","2388","rjaf-PC4429","S-1-5-18","12/11/2013 12:55:28 AM",,,"c:\users\mac_1\desktop\winevt\logs\setup.evtx","System.UInt32[]","System.Diagnostics.Eventing.Reader.EventBookmark","Information","Info",,"System.Collections.ObjectModel.ReadOnlyCollection`1[System.String]","System.Collections.Generic.List`1[System.Diagnostics.Eventing.Reader.EventProperty]"
"Initiating changes for package KB2393802. Current state is Absent. Target state is Installed. Client id: WindowsUpdateAgent.","1","0",,"0","0","0","-9223372036854775808","71","Microsoft-Windows-Servicing","bd12f3b8-fc40-4a61-a307-b7a013a069c1","Setup","3500","2388","rjaf-PC4429","S-1-5-18","12/11/2013 12:55:16 AM",,,"c:\users\mac_1\desktop\winevt\logs\setup.evtx","System.UInt32[]","System.Diagnostics.Eventing.Reader.EventBookmark","Information","Info",,"System.Collections.ObjectModel.ReadOnlyCollection`1[System.String]","System.Collections.Generic.List`1[System.Diagnostics.Eventing.Reader.EventProperty]"
"A reboot is necessary before package KB2454826 can be changed to the Installed state.","4","0",,"0","0","0","-9223372036854775808","70","Microsoft-Windows-Servicing","bd12f3b8-fc40-4a61-a307-b7a013a069c1","Setup","3500","2388","rjaf-PC4429","S-1-5-18","12/11/2013 12:55:15 AM",,,"c:\users\mac_1\desktop\winevt\logs\setup.evtx","System.UInt32[]","System.Diagnostics.Eventing.Reader.EventBookmark","Information","Info",,"System.Collections.ObjectModel.ReadOnlyCollection`1[System.String]","System.Collections.Generic.List`1[System.Diagnostics.Eventing.Reader.EventProperty]"
"Initiating changes for package KB2454826. Current state is Absent. Target state is Installed. Client id: WindowsUpdateAgent.","1","0",,"0","0","0","-9223372036854775808","69","Microsoft-Windows-Servicing","bd12f3b8-fc40-4a61-a307-b7a013a069c1","Setup","3500","2388","rjaf-PC4429","S-1-5-18","12/11/2013 12:55:00 AM",,,"c:\users\mac_1\desktop\winevt\logs\setup.evtx","System.UInt32[]","System.Diagnostics.Eventing.Reader.EventBookmark","Information","Info",,"System.Collections.ObjectModel.ReadOnlyCollection`1[System.String]","System.Collections.Generic.List`1[System.Diagnostics.Eventing.Reader.EventProperty]"
"A reboot is necessary before package KB2467023 can be changed to the Installed state.","4","0",,"0","0","0","-9223372036854775808","68","Microsoft-Windows-Servicing","bd12f3b8-fc40-4a61-a307-b7a013a069c1","Setup","3500","2388","rjaf-PC4429","S-1-5-18","12/11/2013 12:54:59 AM",,,"c:\users\mac_1\desktop\winevt\logs\setup.evtx","System.UInt32[]","System.Diagnostics.Eventing.Reader.EventBookmark","Information","Info",,"System.Collections.ObjectModel.ReadOnlyCollection`1[System.String]","System.Collections.Generic.List`1[System.Diagnostics.Eventing.Reader.EventProperty]"
"Initiating changes for package KB2467023. Current state is Absent. Target state is Installed. Client id: WindowsUpdateAgent.","1","0",,"0","0","0","-9223372036854775808","67","Microsoft-Windows-Servicing","bd12f3b8-fc40-4a61-a307-b7a013a069c1","Setup","3500","2388","rjaf-PC4429","S-1-5-18","12/11/2013 12:54:44 AM",,,"c:\users\mac_1\desktop\winevt\logs\setup.evtx","System.UInt32[]","System.Diagnostics.Eventing.Reader.EventBookmark","Information","Info",,"System.Collections.ObjectModel.ReadOnlyCollection`1[System.String]","System.Collections.Generic.List`1[System.Diagnostics.Eventing.Reader.EventProperty]"
"A reboot is necessary before package KB2712808 can be changed to the Installed state.","4","0",,"0","0","0","-9223372036854775808","66","Microsoft-Windows-Servicing","bd12f3b8-fc40-4a61-a307-b7a013a069c1","Setup","3500","2388","rjaf-PC4429","S-1-5-18","12/11/2013 12:54:43 AM",,,"c:\users\mac_1\desktop\winevt\logs\setup.evtx","System.UInt32[]","System.Diagnostics.Eventing.Reader.EventBookmark","Information","Info",,"System.Collections.ObjectModel.ReadOnlyCollection`1[System.String]","System.Collections.Generic.List`1[System.Diagnostics.Eventing.Reader.EventProperty]"
"Initiating changes for package KB2712808. Current state is Absent. Target state is Installed. Client id: WindowsUpdateAgent.","1","0",,"0","0","0","-9223372036854775808","65","Microsoft-Windows-Servicing","bd12f3b8-fc40-4a61-a307-b7a013a069c1","Setup","3500","2388","rjaf-PC4429","S-1-5-18","12/11/2013 12:54:36 AM",,,"c:\users\mac_1\desktop\winevt\logs\setup.evtx","System.UInt32[]","System.Diagnostics.Eventing.Reader.EventBookmark","Information","Info",,"System.Collections.ObjectModel.ReadOnlyCollection`1[System.String]","System.Collections.Generic.List`1[System.Diagnostics.Eventing.Reader.EventProperty]"
"A reboot is necessary before package KB2281679 can be changed to the Installed state.","4","0",,"0","0","0","-9223372036854775808","64","Microsoft-Windows-Servicing","bd12f3b8-fc40-4a61-a307-b7a013a069c1","Setup","3500","2388","rjaf-PC4429","S-1-5-18","12/11/2013 12:54:35 AM",,,"c:\users\mac_1\desktop\winevt\logs\setup.evtx","System.UInt32[]","System.Diagnostics.Eventing.Reader.EventBookmark","Information","Info",,"System.Collections.ObjectModel.ReadOnlyCollection`1[System.String]","System.Collections.Generic.List`1[System.Diagnostics.Eventing.Reader.EventProperty]"
"Initiating changes for package KB2281679. Current state is Absent. Target state is Installed. Client id: WindowsUpdateAgent.","1","0",,"0","0","0","-9223372036854775808","63","Microsoft-Windows-Servicing","bd12f3b8-fc40-4a61-a307-b7a013a069c1","Setup","3500","2388","rjaf-PC4429","S-1-5-18","12/11/2013 12:54:29 AM",,,"c:\users\mac_1\desktop\winevt\logs\setup.evtx","System.UInt32[]","System.Diagnostics.Eventing.Reader.EventBookmark","Information","Info",,"System.Collections.ObjectModel.ReadOnlyCollection`1[System.String]","System.Collections.Generic.List`1[System.Diagnostics.Eventing.Reader.EventProperty]"
"A reboot is necessary before package KB2442962 can be changed to the Installed state.","4","0",,"0","0","0","-9223372036854775808","62","Microsoft-Windows-Servicing","bd12f3b8-fc40-4a61-a307-b7a013a069c1","Setup","3500","2388","rjaf-PC4429","S-1-5-18","12/11/2013 12:54:29 AM",,,"c:\users\mac_1\desktop\winevt\logs\setup.evtx","System.UInt32[]","System.Diagnostics.Eventing.Reader.EventBookmark","Information","Info",,"System.Collections.ObjectModel.ReadOnlyCollection`1[System.String]","System.Collections.Generic.List`1[System.Diagnostics.Eventing.Reader.EventProperty]"
"Initiating changes for package KB2442962. Current state is Absent. Target state is Installed. Client id: WindowsUpdateAgent.","1","0",,"0","0","0","-9223372036854775808","61","Microsoft-Windows-Servicing","bd12f3b8-fc40-4a61-a307-b7a013a069c1","Setup","3500","2388","rjaf-PC4429","S-1-5-18","12/11/2013 12:54:22 AM",,,"c:\users\mac_1\desktop\winevt\logs\setup.evtx","System.UInt32[]","System.Diagnostics.Eventing.Reader.EventBookmark","Information","Info",,"System.Collections.ObjectModel.ReadOnlyCollection`1[System.String]","System.Collections.Generic.List`1[System.Diagnostics.Eventing.Reader.EventProperty]"
"A reboot is necessary before package KB2640148 can be changed to the Installed state.","4","0",,"0","0","0","-9223372036854775808","60","Microsoft-Windows-Servicing","bd12f3b8-fc40-4a61-a307-b7a013a069c1","Setup","3500","2388","rjaf-PC4429","S-1-5-18","12/11/2013 12:54:21 AM",,,"c:\users\mac_1\desktop\winevt\logs\setup.evtx","System.UInt32[]","System.Diagnostics.Eventing.Reader.EventBookmark","Information","Info",,"System.Collections.ObjectModel.ReadOnlyCollection`1[System.String]","System.Collections.Generic.List`1[System.Diagnostics.Eventing.Reader.EventProperty]"
"Initiating changes for package KB2640148. Current state is Absent. Target state is Installed. Client id: WindowsUpdateAgent.","1","0",,"0","0","0","-9223372036854775808","59","Microsoft-Windows-Servicing","bd12f3b8-fc40-4a61-a307-b7a013a069c1","Setup","3500","2388","rjaf-PC4429","S-1-5-18","12/11/2013 12:54:11 AM",,,"c:\users\mac_1\desktop\winevt\logs\setup.evtx","System.UInt32[]","System.Diagnostics.Eventing.Reader.EventBookmark","Information","Info",,"System.Collections.ObjectModel.ReadOnlyCollection`1[System.String]","System.Collections.Generic.List`1[System.Diagnostics.Eventing.Reader.EventProperty]"
"A reboot is necessary before package KB979099 can be changed to the Installed state.","4","0",,"0","0","0","-9223372036854775808","58","Microsoft-Windows-Servicing","bd12f3b8-fc40-4a61-a307-b7a013a069c1","Setup","3500","2388","rjaf-PC4429","S-1-5-18","12/11/2013 12:54:11 AM",,,"c:\users\mac_1\desktop\winevt\logs\setup.evtx","System.UInt32[]","System.Diagnostics.Eventing.Reader.EventBookmark","Information","Info",,"System.Collections.ObjectModel.ReadOnlyCollection`1[System.String]","System.Collections.Generic.List`1[System.Diagnostics.Eventing.Reader.EventProperty]"
"Initiating changes for package KB979099. Current state is Absent. Target state is Installed. Client id: WindowsUpdateAgent.","1","0",,"0","0","0","-9223372036854775808","57","Microsoft-Windows-Servicing","bd12f3b8-fc40-4a61-a307-b7a013a069c1","Setup","3500","2388","rjaf-PC4429","S-1-5-18","12/11/2013 12:54:03 AM",,,"c:\users\mac_1\desktop\winevt\logs\setup.evtx","System.UInt32[]","System.Diagnostics.Eventing.Reader.EventBookmark","Information","Info",,"System.Collections.ObjectModel.ReadOnlyCollection`1[System.String]","System.Collections.Generic.List`1[System.Diagnostics.Eventing.Reader.EventProperty]"
"A reboot is necessary before package KB2658846 can be changed to the Installed state.","4","0",,"0","0","0","-9223372036854775808","56","Microsoft-Windows-Servicing","bd12f3b8-fc40-4a61-a307-b7a013a069c1","Setup","3500","2388","rjaf-PC4429","S-1-5-18","12/11/2013 12:54:03 AM",,,"c:\users\mac_1\desktop\winevt\logs\setup.evtx","System.UInt32[]","System.Diagnostics.Eventing.Reader.EventBookmark","Information","Info",,"System.Collections.ObjectModel.ReadOnlyCollection`1[System.String]","System.Collections.Generic.List`1[System.Diagnostics.Eventing.Reader.EventProperty]"
"Initiating changes for package KB2658846. Current state is Absent. Target state is Installed. Client id: WindowsUpdateAgent.","1","0",,"0","0","0","-9223372036854775808","55","Microsoft-Windows-Servicing","bd12f3b8-fc40-4a61-a307-b7a013a069c1","Setup","3500","2388","rjaf-PC4429","S-1-5-18","12/11/2013 12:53:55 AM",,,"c:\users\mac_1\desktop\winevt\logs\setup.evtx","System.UInt32[]","System.Diagnostics.Eventing.Reader.EventBookmark","Information","Info",,"System.Collections.ObjectModel.ReadOnlyCollection`1[System.String]","System.Collections.Generic.List`1[System.Diagnostics.Eventing.Reader.EventProperty]"
"A reboot is necessary before package KB2748349 can be changed to the Installed state.","4","0",,"0","0","0","-9223372036854775808","54","Microsoft-Windows-Servicing","bd12f3b8-fc40-4a61-a307-b7a013a069c1","Setup","3500","2388","rjaf-PC4429","S-1-5-18","12/11/2013 12:53:54 AM",,,"c:\users\mac_1\desktop\winevt\logs\setup.evtx","System.UInt32[]","System.Diagnostics.Eventing.Reader.EventBookmark","Information","Info",,"System.Collections.ObjectModel.ReadOnlyCollection`1[System.String]","System.Collections.Generic.List`1[System.Diagnostics.Eventing.Reader.EventProperty]"
"Initiating changes for package KB2748349. Current state is Absent. Target state is Installed. Client id: WindowsUpdateAgent.","1","0",,"0","0","0","-9223372036854775808","53","Microsoft-Windows-Servicing","bd12f3b8-fc40-4a61-a307-b7a013a069c1","Setup","3500","2388","rjaf-PC4429","S-1-5-18","12/11/2013 12:53:48 AM",,,"c:\users\mac_1\desktop\winevt\logs\setup.evtx","System.UInt32[]","System.Diagnostics.Eventing.Reader.EventBookmark","Information","Info",,"System.Collections.ObjectModel.ReadOnlyCollection`1[System.String]","System.Collections.Generic.List`1[System.Diagnostics.Eventing.Reader.EventProperty]"
"A reboot is necessary before package KB2506212 can be changed to the Installed state.","4","0",,"0","0","0","-9223372036854775808","52","Microsoft-Windows-Servicing","bd12f3b8-fc40-4a61-a307-b7a013a069c1","Setup","3500","2388","rjaf-PC4429","S-1-5-18","12/11/2013 12:53:47 AM",,,"c:\users\mac_1\desktop\winevt\logs\setup.evtx","System.UInt32[]","System.Diagnostics.Eventing.Reader.EventBookmark","Information","Info",,"System.Collections.ObjectModel.ReadOnlyCollection`1[System.String]","System.Collections.Generic.List`1[System.Diagnostics.Eventing.Reader.EventProperty]"
"Initiating changes for package KB2506212. Current state is Absent. Target state is Installed. Client id: WindowsUpdateAgent.","1","0",,"0","0","0","-9223372036854775808","51","Microsoft-Windows-Servicing","bd12f3b8-fc40-4a61-a307-b7a013a069c1","Setup","3500","2388","rjaf-PC4429","S-1-5-18","12/11/2013 12:53:40 AM",,,"c:\users\mac_1\desktop\winevt\logs\setup.evtx","System.UInt32[]","System.Diagnostics.Eventing.Reader.EventBookmark","Information","Info",,"System.Collections.ObjectModel.ReadOnlyCollection`1[System.String]","System.Collections.Generic.List`1[System.Diagnostics.Eventing.Reader.EventProperty]"
"A reboot is necessary before package KB2511455 can be changed to the Installed state.","4","0",,"0","0","0","-9223372036854775808","50","Microsoft-Windows-Servicing","bd12f3b8-fc40-4a61-a307-b7a013a069c1","Setup","3500","2388","rjaf-PC4429","S-1-5-18","12/11/2013 12:53:40 AM",,,"c:\users\mac_1\desktop\winevt\logs\setup.evtx","System.UInt32[]","System.Diagnostics.Eventing.Reader.EventBookmark","Information","Info",,"System.Collections.ObjectModel.ReadOnlyCollection`1[System.String]","System.Collections.Generic.List`1[System.Diagnostics.Eventing.Reader.EventProperty]"
"Initiating changes for package KB2511455. Current state is Absent. Target state is Installed. Client id: WindowsUpdateAgent.","1","0",,"0","0","0","-9223372036854775808","49","Microsoft-Windows-Servicing","bd12f3b8-fc40-4a61-a307-b7a013a069c1","Setup","3500","2388","rjaf-PC4429","S-1-5-18","12/11/2013 12:53:31 AM",,,"c:\users\mac_1\desktop\winevt\logs\setup.evtx","System.UInt32[]","System.Diagnostics.Eventing.Reader.EventBookmark","Information","Info",,"System.Collections.ObjectModel.ReadOnlyCollection`1[System.String]","System.Collections.Generic.List`1[System.Diagnostics.Eventing.Reader.EventProperty]"
"A reboot is necessary before package KB979538 can be changed to the Installed state.","4","0",,"0","0","0","-9223372036854775808","48","Microsoft-Windows-Servicing","bd12f3b8-fc40-4a61-a307-b7a013a069c1","Setup","3500","2388","rjaf-PC4429","S-1-5-18","12/11/2013 12:53:30 AM",,,"c:\users\mac_1\desktop\winevt\logs\setup.evtx","System.UInt32[]","System.Diagnostics.Eventing.Reader.EventBookmark","Information","Info",,"System.Collections.ObjectModel.ReadOnlyCollection`1[System.String]","System.Collections.Generic.List`1[System.Diagnostics.Eventing.Reader.EventProperty]"
"Initiating changes for package KB979538. Current state is Absent. Target state is Installed. Client id: WindowsUpdateAgent.","1","0",,"0","0","0","-9223372036854775808","47","Microsoft-Windows-Servicing","bd12f3b8-fc40-4a61-a307-b7a013a069c1","Setup","3500","2388","rjaf-PC4429","S-1-5-18","12/11/2013 12:53:25 AM",,,"c:\users\mac_1\desktop\winevt\logs\setup.evtx","System.UInt32[]","System.Diagnostics.Eventing.Reader.EventBookmark","Information","Info",,"System.Collections.ObjectModel.ReadOnlyCollection`1[System.String]","System.Collections.Generic.List`1[System.Diagnostics.Eventing.Reader.EventProperty]"
"A reboot is necessary before package KB979688 can be changed to the Installed state.","4","0",,"0","0","0","-9223372036854775808","46","Microsoft-Windows-Servicing","bd12f3b8-fc40-4a61-a307-b7a013a069c1","Setup","3500","2388","rjaf-PC4429","S-1-5-18","12/11/2013 12:53:24 AM",,,"c:\users\mac_1\desktop\winevt\logs\setup.evtx","System.UInt32[]","System.Diagnostics.Eventing.Reader.EventBookmark","Information","Info",,"System.Collections.ObjectModel.ReadOnlyCollection`1[System.String]","System.Collections.Generic.List`1[System.Diagnostics.Eventing.Reader.EventProperty]"
"Initiating changes for package KB979688. Current state is Absent. Target state is Installed. Client id: WindowsUpdateAgent.","1","0",,"0","0","0","-9223372036854775808","45","Microsoft-Windows-Servicing","bd12f3b8-fc40-4a61-a307-b7a013a069c1","Setup","3500","2388","rjaf-PC4429","S-1-5-18","12/11/2013 12:53:18 AM",,,"c:\users\mac_1\desktop\winevt\logs\setup.evtx","System.UInt32[]","System.Diagnostics.Eventing.Reader.EventBookmark","Information","Info",,"System.Collections.ObjectModel.ReadOnlyCollection`1[System.String]","System.Collections.Generic.List`1[System.Diagnostics.Eventing.Reader.EventProperty]"
"A reboot is necessary before package KB971033 can be changed to the Installed state.","4","0",,"0","0","0","-9223372036854775808","44","Microsoft-Windows-Servicing","bd12f3b8-fc40-4a61-a307-b7a013a069c1","Setup","3500","2388","rjaf-PC4429","S-1-5-18","12/11/2013 12:53:17 AM",,,"c:\users\mac_1\desktop\winevt\logs\setup.evtx","System.UInt32[]","System.Diagnostics.Eventing.Reader.EventBookmark","Information","Info",,"System.Collections.ObjectModel.ReadOnlyCollection`1[System.String]","System.Collections.Generic.List`1[System.Diagnostics.Eventing.Reader.EventProperty]"
"Initiating changes for package KB971033. Current state is Absent. Target state is Installed. Client id: WindowsUpdateAgent.","1","0",,"0","0","0","-9223372036854775808","43","Microsoft-Windows-Servicing","bd12f3b8-fc40-4a61-a307-b7a013a069c1","Setup","3500","2388","rjaf-PC4429","S-1-5-18","12/11/2013 12:53:09 AM",,,"c:\users\mac_1\desktop\winevt\logs\setup.evtx","System.UInt32[]","System.Diagnostics.Eventing.Reader.EventBookmark","Information","Info",,"System.Collections.ObjectModel.ReadOnlyCollection`1[System.String]","System.Collections.Generic.List`1[System.Diagnostics.Eventing.Reader.EventProperty]"
"A reboot is necessary before package KB2691442 can be changed to the Installed state.","4","0",,"0","0","0","-9223372036854775808","42","Microsoft-Windows-Servicing","bd12f3b8-fc40-4a61-a307-b7a013a069c1","Setup","3500","2388","rjaf-PC4429","S-1-5-18","12/11/2013 12:53:08 AM",,,"c:\users\mac_1\desktop\winevt\logs\setup.evtx","System.UInt32[]","System.Diagnostics.Eventing.Reader.EventBookmark","Information","Info",,"System.Collections.ObjectModel.ReadOnlyCollection`1[System.String]","System.Collections.Generic.List`1[System.Diagnostics.Eventing.Reader.EventProperty]"
"Initiating changes for package KB2691442. Current state is Absent. Target state is Installed. Client id: WindowsUpdateAgent.","1","0",,"0","0","0","-9223372036854775808","41","Microsoft-Windows-Servicing","bd12f3b8-fc40-4a61-a307-b7a013a069c1","Setup","3500","2388","rjaf-PC4429","S-1-5-18","12/11/2013 12:52:53 AM",,,"c:\users\mac_1\desktop\winevt\logs\setup.evtx","System.UInt32[]","System.Diagnostics.Eventing.Reader.EventBookmark","Information","Info",,"System.Collections.ObjectModel.ReadOnlyCollection`1[System.String]","System.Collections.Generic.List`1[System.Diagnostics.Eventing.Reader.EventProperty]"
"A reboot is necessary before package KB2533552 can be changed to the Installed state.","4","0",,"0","0","0","-9223372036854775808","40","Microsoft-Windows-Servicing","bd12f3b8-fc40-4a61-a307-b7a013a069c1","Setup","3500","2388","rjaf-PC4429","S-1-5-18","12/11/2013 12:52:52 AM",,,"c:\users\mac_1\desktop\winevt\logs\setup.evtx","System.UInt32[]","System.Diagnostics.Eventing.Reader.EventBookmark","Information","Info",,"System.Collections.ObjectModel.ReadOnlyCollection`1[System.String]","System.Collections.Generic.List`1[System.Diagnostics.Eventing.Reader.EventProperty]"
"Initiating changes for package KB2533552. Current state is Absent. Target state is Installed. Client id: WindowsUpdateAgent.","1","0",,"0","0","0","-9223372036854775808","39","Microsoft-Windows-Servicing","bd12f3b8-fc40-4a61-a307-b7a013a069c1","Setup","3500","2388","rjaf-PC4429","S-1-5-18","12/11/2013 12:52:48 AM",,,"c:\users\mac_1\desktop\winevt\logs\setup.evtx","System.UInt32[]","System.Diagnostics.Eventing.Reader.EventBookmark","Information","Info",,"System.Collections.ObjectModel.ReadOnlyCollection`1[System.String]","System.Collections.Generic.List`1[System.Diagnostics.Eventing.Reader.EventProperty]"
"A reboot is necessary before package KB2541014 can be changed to the Installed state.","4","0",,"0","0","0","-9223372036854775808","38","Microsoft-Windows-Servicing","bd12f3b8-fc40-4a61-a307-b7a013a069c1","Setup","3500","2388","rjaf-PC4429","S-1-5-18","12/11/2013 12:52:47 AM",,,"c:\users\mac_1\desktop\winevt\logs\setup.evtx","System.UInt32[]","System.Diagnostics.Eventing.Reader.EventBookmark","Information","Info",,"System.Collections.ObjectModel.ReadOnlyCollection`1[System.String]","System.Collections.Generic.List`1[System.Diagnostics.Eventing.Reader.EventProperty]"
"Initiating changes for package KB2541014. Current state is Absent. Target state is Installed. Client id: WindowsUpdateAgent.","1","0",,"0","0","0","-9223372036854775808","37","Microsoft-Windows-Servicing","bd12f3b8-fc40-4a61-a307-b7a013a069c1","Setup","3500","2388","rjaf-PC4429","S-1-5-18","12/11/2013 12:52:43 AM",,,"c:\users\mac_1\desktop\winevt\logs\setup.evtx","System.UInt32[]","System.Diagnostics.Eventing.Reader.EventBookmark","Information","Info",,"System.Collections.ObjectModel.ReadOnlyCollection`1[System.String]","System.Collections.Generic.List`1[System.Diagnostics.Eventing.Reader.EventProperty]"
"A reboot is necessary before package KB2756920 can be changed to the Installed state.","4","0",,"0","0","0","-9223372036854775808","36","Microsoft-Windows-Servicing","bd12f3b8-fc40-4a61-a307-b7a013a069c1","Setup","3500","2388","rjaf-PC4429","S-1-5-18","12/11/2013 12:52:42 AM",,,"c:\users\mac_1\desktop\winevt\logs\setup.evtx","System.UInt32[]","System.Diagnostics.Eventing.Reader.EventBookmark","Information","Info",,"System.Collections.ObjectModel.ReadOnlyCollection`1[System.String]","System.Collections.Generic.List`1[System.Diagnostics.Eventing.Reader.EventProperty]"
"Initiating changes for package KB2756920. Current state is Absent. Target state is Installed. Client id: WindowsUpdateAgent.","1","0",,"0","0","0","-9223372036854775808","35","Microsoft-Windows-Servicing","bd12f3b8-fc40-4a61-a307-b7a013a069c1","Setup","3500","2388","rjaf-PC4429","S-1-5-18","12/11/2013 12:52:28 AM",,,"c:\users\mac_1\desktop\winevt\logs\setup.evtx","System.UInt32[]","System.Diagnostics.Eventing.Reader.EventBookmark","Information","Info",,"System.Collections.ObjectModel.ReadOnlyCollection`1[System.String]","System.Collections.Generic.List`1[System.Diagnostics.Eventing.Reader.EventProperty]"
"A reboot is necessary before package KB2387530 can be changed to the Installed state.","4","0",,"0","0","0","-9223372036854775808","34","Microsoft-Windows-Servicing","bd12f3b8-fc40-4a61-a307-b7a013a069c1","Setup","3500","2388","rjaf-PC4429","S-1-5-18","12/11/2013 12:52:27 AM",,,"c:\users\mac_1\desktop\winevt\logs\setup.evtx","System.UInt32[]","System.Diagnostics.Eventing.Reader.EventBookmark","Information","Info",,"System.Collections.ObjectModel.ReadOnlyCollection`1[System.String]","System.Collections.Generic.List`1[System.Diagnostics.Eventing.Reader.EventProperty]"
"Initiating changes for package KB2387530. Current state is Absent. Target state is Installed. Client id: WindowsUpdateAgent.","1","0",,"0","0","0","-9223372036854775808","33","Microsoft-Windows-Servicing","bd12f3b8-fc40-4a61-a307-b7a013a069c1","Setup","3500","2388","rjaf-PC4429","S-1-5-18","12/11/2013 12:52:23 AM",,,"c:\users\mac_1\desktop\winevt\logs\setup.evtx","System.UInt32[]","System.Diagnostics.Eventing.Reader.EventBookmark","Information","Info",,"System.Collections.ObjectModel.ReadOnlyCollection`1[System.String]","System.Collections.Generic.List`1[System.Diagnostics.Eventing.Reader.EventProperty]"
"A reboot is necessary before package KB2779562 can be changed to the Installed state.","4","0",,"0","0","0","-9223372036854775808","32","Microsoft-Windows-Servicing","bd12f3b8-fc40-4a61-a307-b7a013a069c1","Setup","3500","2388","rjaf-PC4429","S-1-5-18","12/11/2013 12:52:22 AM",,,"c:\users\mac_1\desktop\winevt\logs\setup.evtx","System.UInt32[]","System.Diagnostics.Eventing.Reader.EventBookmark","Information","Info",,"System.Collections.ObjectModel.ReadOnlyCollection`1[System.String]","System.Collections.Generic.List`1[System.Diagnostics.Eventing.Reader.EventProperty]"
"Initiating changes for package KB2779562. Current state is Absent. Target state is Installed. Client id: WindowsUpdateAgent.","1","0",,"0","0","0","-9223372036854775808","31","Microsoft-Windows-Servicing","bd12f3b8-fc40-4a61-a307-b7a013a069c1","Setup","3500","2388","rjaf-PC4429","S-1-5-18","12/11/2013 12:52:11 AM",,,"c:\users\mac_1\desktop\winevt\logs\setup.evtx","System.UInt32[]","System.Diagnostics.Eventing.Reader.EventBookmark","Information","Info",,"System.Collections.ObjectModel.ReadOnlyCollection`1[System.String]","System.Collections.Generic.List`1[System.Diagnostics.Eventing.Reader.EventProperty]"
"A reboot is necessary before package KB2604114 can be changed to the Installed state.","4","0",,"0","0","0","-9223372036854775808","30","Microsoft-Windows-Servicing","bd12f3b8-fc40-4a61-a307-b7a013a069c1","Setup","3500","2388","rjaf-PC4429","S-1-5-18","12/11/2013 12:52:10 AM",,,"c:\users\mac_1\desktop\winevt\logs\setup.evtx","System.UInt32[]","System.Diagnostics.Eventing.Reader.EventBookmark","Information","Info",,"System.Collections.ObjectModel.ReadOnlyCollection`1[System.String]","System.Collections.Generic.List`1[System.Diagnostics.Eventing.Reader.EventProperty]"
"Initiating changes for package KB2604114. Current state is Absent. Target state is Installed. Client id: WindowsUpdateAgent.","1","0",,"0","0","0","-9223372036854775808","29","Microsoft-Windows-Servicing","bd12f3b8-fc40-4a61-a307-b7a013a069c1","Setup","3500","2388","rjaf-PC4429","S-1-5-18","12/11/2013 12:51:51 AM",,,"c:\users\mac_1\desktop\winevt\logs\setup.evtx","System.UInt32[]","System.Diagnostics.Eventing.Reader.EventBookmark","Information","Info",,"System.Collections.ObjectModel.ReadOnlyCollection`1[System.String]","System.Collections.Generic.List`1[System.Diagnostics.Eventing.Reader.EventProperty]"
"A reboot is necessary before package KB2790113 can be changed to the Installed state.","4","0",,"0","0","0","-9223372036854775808","28","Microsoft-Windows-Servicing","bd12f3b8-fc40-4a61-a307-b7a013a069c1","Setup","3500","2388","rjaf-PC4429","S-1-5-18","12/11/2013 12:51:49 AM",,,"c:\users\mac_1\desktop\winevt\logs\setup.evtx","System.UInt32[]","System.Diagnostics.Eventing.Reader.EventBookmark","Information","Info",,"System.Collections.ObjectModel.ReadOnlyCollection`1[System.String]","System.Collections.Generic.List`1[System.Diagnostics.Eventing.Reader.EventProperty]"
"Initiating changes for package KB2790113. Current state is Absent. Target state is Installed. Client id: WindowsUpdateAgent.","1","0",,"0","0","0","-9223372036854775808","27","Microsoft-Windows-Servicing","bd12f3b8-fc40-4a61-a307-b7a013a069c1","Setup","3500","2388","rjaf-PC4429","S-1-5-18","12/11/2013 12:51:39 AM",,,"c:\users\mac_1\desktop\winevt\logs\setup.evtx","System.UInt32[]","System.Diagnostics.Eventing.Reader.EventBookmark","Information","Info",,"System.Collections.ObjectModel.ReadOnlyCollection`1[System.String]","System.Collections.Generic.List`1[System.Diagnostics.Eventing.Reader.EventProperty]"
"A reboot is necessary before package KB2502285 can be changed to the Installed state.","4","0",,"0","0","0","-9223372036854775808","26","Microsoft-Windows-Servicing","bd12f3b8-fc40-4a61-a307-b7a013a069c1","Setup","3500","2388","rjaf-PC4429","S-1-5-18","12/11/2013 12:51:38 AM",,,"c:\users\mac_1\desktop\winevt\logs\setup.evtx","System.UInt32[]","System.Diagnostics.Eventing.Reader.EventBookmark","Information","Info",,"System.Collections.ObjectModel.ReadOnlyCollection`1[System.String]","System.Collections.Generic.List`1[System.Diagnostics.Eventing.Reader.EventProperty]"
"Initiating changes for package KB2502285. Current state is Absent. Target state is Installed. Client id: WindowsUpdateAgent.","1","0",,"0","0","0","-9223372036854775808","25","Microsoft-Windows-Servicing","bd12f3b8-fc40-4a61-a307-b7a013a069c1","Setup","3500","2388","rjaf-PC4429","S-1-5-18","12/11/2013 12:51:29 AM",,,"c:\users\mac_1\desktop\winevt\logs\setup.evtx","System.UInt32[]","System.Diagnostics.Eventing.Reader.EventBookmark","Information","Info",,"System.Collections.ObjectModel.ReadOnlyCollection`1[System.String]","System.Collections.Generic.List`1[System.Diagnostics.Eventing.Reader.EventProperty]"
"Package KBWUClient-SelfUpdate-Aux was successfully changed to the Installed state.","2","0",,"0","0","0","-9223372036854775808","24","Microsoft-Windows-Servicing","bd12f3b8-fc40-4a61-a307-b7a013a069c1","Setup","1028","1168","rjaf-PC4429","S-1-5-18","12/10/2013 7:43:33 PM",,,"c:\users\mac_1\desktop\winevt\logs\setup.evtx","System.UInt32[]","System.Diagnostics.Eventing.Reader.EventBookmark","Information","Info",,"System.Collections.ObjectModel.ReadOnlyCollection`1[System.String]","System.Collections.Generic.List`1[System.Diagnostics.Eventing.Reader.EventProperty]"
"Package KB2621440 was successfully changed to the Installed state.","2","0",,"0","0","0","-9223372036854775808","23","Microsoft-Windows-Servicing","bd12f3b8-fc40-4a61-a307-b7a013a069c1","Setup","1028","1168","rjaf-PC4429","S-1-5-18","12/10/2013 7:43:33 PM",,,"c:\users\mac_1\desktop\winevt\logs\setup.evtx","System.UInt32[]","System.Diagnostics.Eventing.Reader.EventBookmark","Information","Info",,"System.Collections.ObjectModel.ReadOnlyCollection`1[System.String]","System.Collections.Generic.List`1[System.Diagnostics.Eventing.Reader.EventProperty]"
"A reboot is necessary before package KBWUClient-SelfUpdate-Aux can be changed to the Installed state.","4","0",,"0","0","0","-9223372036854775808","22","Microsoft-Windows-Servicing","bd12f3b8-fc40-4a61-a307-b7a013a069c1","Setup","3792","1088","rjaf-PC4429","S-1-5-18","12/10/2013 11:48:30 AM",,,"c:\users\mac_1\desktop\winevt\logs\setup.evtx","System.UInt32[]","System.Diagnostics.Eventing.Reader.EventBookmark","Information","Info",,"System.Collections.ObjectModel.ReadOnlyCollection`1[System.String]","System.Collections.Generic.List`1[System.Diagnostics.Eventing.Reader.EventProperty]"
"Initiating changes for package KBWUClient-SelfUpdate-Aux. Current state is Staged. Target state is Installed. Client id: WindowsUpdateAgent.","1","0",,"0","0","0","-9223372036854775808","21","Microsoft-Windows-Servicing","bd12f3b8-fc40-4a61-a307-b7a013a069c1","Setup","3792","1088","rjaf-PC4429","S-1-5-18","12/10/2013 11:48:28 AM",,,"c:\users\mac_1\desktop\winevt\logs\setup.evtx","System.UInt32[]","System.Diagnostics.Eventing.Reader.EventBookmark","Information","Info",,"System.Collections.ObjectModel.ReadOnlyCollection`1[System.String]","System.Collections.Generic.List`1[System.Diagnostics.Eventing.Reader.EventProperty]"
"A reboot is necessary before package KB2621440 can be changed to the Installed state.","4","0",,"0","0","0","-9223372036854775808","20","Microsoft-Windows-Servicing","bd12f3b8-fc40-4a61-a307-b7a013a069c1","Setup","3792","1088","rjaf-PC4429","S-1-5-18","12/10/2013 11:48:28 AM",,,"c:\users\mac_1\desktop\winevt\logs\setup.evtx","System.UInt32[]","System.Diagnostics.Eventing.Reader.EventBookmark","Information","Info",,"System.Collections.ObjectModel.ReadOnlyCollection`1[System.String]","System.Collections.Generic.List`1[System.Diagnostics.Eventing.Reader.EventProperty]"
"Initiating changes for package KB2621440. Current state is Resolved. Target state is Installed. Client id: WindowsUpdateAgent.","1","0",,"0","0","0","-9223372036854775808","19","Microsoft-Windows-Servicing","bd12f3b8-fc40-4a61-a307-b7a013a069c1","Setup","3792","1088","rjaf-PC4429","S-1-5-18","12/10/2013 11:48:25 AM",,,"c:\users\mac_1\desktop\winevt\logs\setup.evtx","System.UInt32[]","System.Diagnostics.Eventing.Reader.EventBookmark","Information","Info",,"System.Collections.ObjectModel.ReadOnlyCollection`1[System.String]","System.Collections.Generic.List`1[System.Diagnostics.Eventing.Reader.EventProperty]"
"Package KB979309 was successfully changed to the Installed state.","2","0",,"0","0","0","-9223372036854775808","18","Microsoft-Windows-Servicing","bd12f3b8-fc40-4a61-a307-b7a013a069c1","Setup","3792","1088","rjaf-PC4429","S-1-5-18","12/10/2013 11:48:24 AM",,,"c:\users\mac_1\desktop\winevt\logs\setup.evtx","System.UInt32[]","System.Diagnostics.Eventing.Reader.EventBookmark","Information","Info",,"System.Collections.ObjectModel.ReadOnlyCollection`1[System.String]","System.Collections.Generic.List`1[System.Diagnostics.Eventing.Reader.EventProperty]"
"Initiating changes for package KB979309. Current state is Resolved. Target state is Installed. Client id: WindowsUpdateAgent.","1","0",,"0","0","0","-9223372036854775808","17","Microsoft-Windows-Servicing","bd12f3b8-fc40-4a61-a307-b7a013a069c1","Setup","3792","1088","rjaf-PC4429","S-1-5-18","12/10/2013 11:48:18 AM",,,"c:\users\mac_1\desktop\winevt\logs\setup.evtx","System.UInt32[]","System.Diagnostics.Eventing.Reader.EventBookmark","Information","Info",,"System.Collections.ObjectModel.ReadOnlyCollection`1[System.String]","System.Collections.Generic.List`1[System.Diagnostics.Eventing.Reader.EventProperty]"
"Package KB2621440 failed to be changed to the Staged state. Status: 0x800f0816.","3","0",,"0","0","0","-9223372036854775808","16","Microsoft-Windows-Servicing","bd12f3b8-fc40-4a61-a307-b7a013a069c1","Setup","1484","3512","rjaf-PC4429","S-1-5-18","12/10/2013 11:17:02 AM",,,"c:\users\mac_1\desktop\winevt\logs\setup.evtx","System.UInt32[]","System.Diagnostics.Eventing.Reader.EventBookmark","Information","Info",,"System.Collections.ObjectModel.ReadOnlyCollection`1[System.String]","System.Collections.Generic.List`1[System.Diagnostics.Eventing.Reader.EventProperty]"
"Initiating changes for package KB2621440. Current state is Absent. Target state is Staged. Client id: WindowsUpdateAgent.","1","0",,"0","0","0","-9223372036854775808","15","Microsoft-Windows-Servicing","bd12f3b8-fc40-4a61-a307-b7a013a069c1","Setup","1484","3512","rjaf-PC4429","S-1-5-18","12/10/2013 11:16:58 AM",,,"c:\users\mac_1\desktop\winevt\logs\setup.evtx","System.UInt32[]","System.Diagnostics.Eventing.Reader.EventBookmark","Information","Info",,"System.Collections.ObjectModel.ReadOnlyCollection`1[System.String]","System.Collections.Generic.List`1[System.Diagnostics.Eventing.Reader.EventProperty]"
"Package KB979309 failed to be changed to the Staged state. Status: 0x800f0816.","3","0",,"0","0","0","-9223372036854775808","14","Microsoft-Windows-Servicing","bd12f3b8-fc40-4a61-a307-b7a013a069c1","Setup","1484","3512","rjaf-PC4429","S-1-5-18","12/10/2013 11:16:37 AM",,,"c:\users\mac_1\desktop\winevt\logs\setup.evtx","System.UInt32[]","System.Diagnostics.Eventing.Reader.EventBookmark","Information","Info",,"System.Collections.ObjectModel.ReadOnlyCollection`1[System.String]","System.Collections.Generic.List`1[System.Diagnostics.Eventing.Reader.EventProperty]"
"Initiating changes for package KB979309. Current state is Absent. Target state is Staged. Client id: WindowsUpdateAgent.","1","0",,"0","0","0","-9223372036854775808","13","Microsoft-Windows-Servicing","bd12f3b8-fc40-4a61-a307-b7a013a069c1","Setup","1484","3512","rjaf-PC4429","S-1-5-18","12/10/2013 11:16:34 AM",,,"c:\users\mac_1\desktop\winevt\logs\setup.evtx","System.UInt32[]","System.Diagnostics.Eventing.Reader.EventBookmark","Information","Info",,"System.Collections.ObjectModel.ReadOnlyCollection`1[System.String]","System.Collections.Generic.List`1[System.Diagnostics.Eventing.Reader.EventProperty]"
"Package KBWUClient-SelfUpdate-Aux failed to be changed to the Installed state. Status: 0x800f0806.","3","0",,"0","0","0","-9223372036854775808","12","Microsoft-Windows-Servicing","bd12f3b8-fc40-4a61-a307-b7a013a069c1","Setup","1484","3512","rjaf-PC4429","S-1-5-18","12/10/2013 11:14:00 AM",,,"c:\users\mac_1\desktop\winevt\logs\setup.evtx","System.UInt32[]","System.Diagnostics.Eventing.Reader.EventBookmark","Information","Info",,"System.Collections.ObjectModel.ReadOnlyCollection`1[System.String]","System.Collections.Generic.List`1[System.Diagnostics.Eventing.Reader.EventProperty]"
"Initiating changes for package KBWUClient-SelfUpdate-Aux. Current state is Staged. Target state is Installed. Client id: WindowsUpdateAgent.","1","0",,"0","0","0","-9223372036854775808","11","Microsoft-Windows-Servicing","bd12f3b8-fc40-4a61-a307-b7a013a069c1","Setup","1484","3512","rjaf-PC4429","S-1-5-18","12/10/2013 11:13:58 AM",,,"c:\users\mac_1\desktop\winevt\logs\setup.evtx","System.UInt32[]","System.Diagnostics.Eventing.Reader.EventBookmark","Information","Info",,"System.Collections.ObjectModel.ReadOnlyCollection`1[System.String]","System.Collections.Generic.List`1[System.Diagnostics.Eventing.Reader.EventProperty]"
"Package WindowsUpdateClient-SelfUpdate-ActiveX-Package was successfully changed to the Installed state.","2","0",,"0","0","0","-9223372036854775808","10","Microsoft-Windows-Servicing","bd12f3b8-fc40-4a61-a307-b7a013a069c1","Setup","1484","3512","rjaf-PC4429","S-1-5-18","12/10/2013 11:13:58 AM",,,"c:\users\mac_1\desktop\winevt\logs\setup.evtx","System.UInt32[]","System.Diagnostics.Eventing.Reader.EventBookmark","Information","Info",,"System.Collections.ObjectModel.ReadOnlyCollection`1[System.String]","System.Collections.Generic.List`1[System.Diagnostics.Eventing.Reader.EventProperty]"
"Initiating changes for package WindowsUpdateClient-SelfUpdate-ActiveX-Package. Current state is Staged. Target state is Installed. Client id: WindowsUpdateAgent.","1","0",,"0","0","0","-9223372036854775808","9","Microsoft-Windows-Servicing","bd12f3b8-fc40-4a61-a307-b7a013a069c1","Setup","1484","3512","rjaf-PC4429","S-1-5-18","12/10/2013 11:13:56 AM",,,"c:\users\mac_1\desktop\winevt\logs\setup.evtx","System.UInt32[]","System.Diagnostics.Eventing.Reader.EventBookmark","Information","Info",,"System.Collections.ObjectModel.ReadOnlyCollection`1[System.String]","System.Collections.Generic.List`1[System.Diagnostics.Eventing.Reader.EventProperty]"
"Package KBWUClient-SelfUpdate-Core was successfully changed to the Installed state.","2","0",,"0","0","0","-9223372036854775808","8","Microsoft-Windows-Servicing","bd12f3b8-fc40-4a61-a307-b7a013a069c1","Setup","1484","3512","rjaf-PC4429","S-1-5-18","12/10/2013 11:13:56 AM",,,"c:\users\mac_1\desktop\winevt\logs\setup.evtx","System.UInt32[]","System.Diagnostics.Eventing.Reader.EventBookmark","Information","Info",,"System.Collections.ObjectModel.ReadOnlyCollection`1[System.String]","System.Collections.Generic.List`1[System.Diagnostics.Eventing.Reader.EventProperty]"
"Initiating changes for package KBWUClient-SelfUpdate-Core. Current state is Staged. Target state is Installed. Client id: WindowsUpdateAgent.","1","0",,"0","0","0","-9223372036854775808","7","Microsoft-Windows-Servicing","bd12f3b8-fc40-4a61-a307-b7a013a069c1","Setup","1484","3512","rjaf-PC4429","S-1-5-18","12/10/2013 11:13:51 AM",,,"c:\users\mac_1\desktop\winevt\logs\setup.evtx","System.UInt32[]","System.Diagnostics.Eventing.Reader.EventBookmark","Information","Info",,"System.Collections.ObjectModel.ReadOnlyCollection`1[System.String]","System.Collections.Generic.List`1[System.Diagnostics.Eventing.Reader.EventProperty]"
"Package KBWUClient-SelfUpdate-Core was successfully changed to the Staged state.","2","0",,"0","0","0","-9223372036854775808","6","Microsoft-Windows-Servicing","bd12f3b8-fc40-4a61-a307-b7a013a069c1","Setup","1484","3512","rjaf-PC4429","S-1-5-18","12/10/2013 11:13:43 AM",,,"c:\users\mac_1\desktop\winevt\logs\setup.evtx","System.UInt32[]","System.Diagnostics.Eventing.Reader.EventBookmark","Information","Info",,"System.Collections.ObjectModel.ReadOnlyCollection`1[System.String]","System.Collections.Generic.List`1[System.Diagnostics.Eventing.Reader.EventProperty]"
"Initiating changes for package KBWUClient-SelfUpdate-Core. Current state is Absent. Target state is Staged. Client id: WindowsUpdateAgent.","1","0",,"0","0","0","-9223372036854775808","5","Microsoft-Windows-Servicing","bd12f3b8-fc40-4a61-a307-b7a013a069c1","Setup","1484","3512","rjaf-PC4429","S-1-5-18","12/10/2013 11:13:36 AM",,,"c:\users\mac_1\desktop\winevt\logs\setup.evtx","System.UInt32[]","System.Diagnostics.Eventing.Reader.EventBookmark","Information","Info",,"System.Collections.ObjectModel.ReadOnlyCollection`1[System.String]","System.Collections.Generic.List`1[System.Diagnostics.Eventing.Reader.EventProperty]"
"Package KBWUClient-SelfUpdate-Aux was successfully changed to the Staged state.","2","0",,"0","0","0","-9223372036854775808","4","Microsoft-Windows-Servicing","bd12f3b8-fc40-4a61-a307-b7a013a069c1","Setup","1484","3512","rjaf-PC4429","S-1-5-18","12/10/2013 11:13:35 AM",,,"c:\users\mac_1\desktop\winevt\logs\setup.evtx","System.UInt32[]","System.Diagnostics.Eventing.Reader.EventBookmark","Information","Info",,"System.Collections.ObjectModel.ReadOnlyCollection`1[System.String]","System.Collections.Generic.List`1[System.Diagnostics.Eventing.Reader.EventProperty]"
"Initiating changes for package KBWUClient-SelfUpdate-Aux. Current state is Absent. Target state is Staged. Client id: WindowsUpdateAgent.","1","0",,"0","0","0","-9223372036854775808","3","Microsoft-Windows-Servicing","bd12f3b8-fc40-4a61-a307-b7a013a069c1","Setup","1484","3512","rjaf-PC4429","S-1-5-18","12/10/2013 11:13:30 AM",,,"c:\users\mac_1\desktop\winevt\logs\setup.evtx","System.UInt32[]","System.Diagnostics.Eventing.Reader.EventBookmark","Information","Info",,"System.Collections.ObjectModel.ReadOnlyCollection`1[System.String]","System.Collections.Generic.List`1[System.Diagnostics.Eventing.Reader.EventProperty]"
"Package WindowsUpdateClient-SelfUpdate-ActiveX-Package was successfully changed to the Staged state.","2","0",,"0","0","0","-9223372036854775808","2","Microsoft-Windows-Servicing","bd12f3b8-fc40-4a61-a307-b7a013a069c1","Setup","1484","3512","rjaf-PC4429","S-1-5-18","12/10/2013 11:13:30 AM",,,"c:\users\mac_1\desktop\winevt\logs\setup.evtx","System.UInt32[]","System.Diagnostics.Eventing.Reader.EventBookmark","Information","Info",,"System.Collections.ObjectModel.ReadOnlyCollection`1[System.String]","System.Collections.Generic.List`1[System.Diagnostics.Eventing.Reader.EventProperty]"
"Initiating changes for package WindowsUpdateClient-SelfUpdate-ActiveX-Package. Current state is Absent. Target state is Staged. Client id: WindowsUpdateAgent.","1","0",,"0","0","0","-9223372036854775808","1","Microsoft-Windows-Servicing","bd12f3b8-fc40-4a61-a307-b7a013a069c1","Setup","1484","3512","rjaf-PC4429","S-1-5-18","12/10/2013 11:13:24 AM",,,"c:\users\mac_1\desktop\winevt\logs\setup.evtx","System.UInt32[]","System.Diagnostics.Eventing.Reader.EventBookmark","Information","Info",,"System.Collections.ObjectModel.ReadOnlyCollection`1[System.String]","System.Collections.Generic.List`1[System.Diagnostics.Eventing.Reader.EventProperty]"
